<?xml version="1.0" encoding="UTF-8"?>
<testsuites name="Run_All_Test_Cases" time="4996.646" tests="50" failures="0" errors="0">
   <testsuite name="Run_All_Test_Cases" tests="50" failures="0" errors="0" time="4996.646" skipped="0" timestamp="2022-02-13 18:35:28" hostname="Asus - 192.168.1.2" id="Test Suites/Run_All_Test_Cases">
      <properties>
         <property name="deviceName" value=""/>
         <property name="devicePlatform" value=""/>
         <property name="logFolder" value="F:\\xampp\\htdocs\\moodle\\Test Automation - SE Bonus\\Reports\\20220213_183525\\Run_All_Test_Cases\\20220213_183525"/>
         <property name="logFiles" value="F:\\xampp\\htdocs\\moodle\\Test Automation - SE Bonus\\Reports\\20220213_183525\\Run_All_Test_Cases\\20220213_183525\\execution0.log"/>
         <property name="attachments" value="F:\\xampp\\htdocs\\moodle\\Test Automation - SE Bonus\\Reports\\20220213_183525\\Run_All_Test_Cases\\20220213_183525\\1644757007316.png, F:\\xampp\\htdocs\\moodle\\Test Automation - SE Bonus\\Reports\\20220213_183525\\Run_All_Test_Cases\\20220213_183525\\1644757040668.png"/>
         <property name="hostName" value="Asus - 192.168.1.2"/>
         <property name="os" value="Windows 10 64bit"/>
         <property name="katalonVersion" value="8.2.0.208"/>
         <property name="browser" value="Edge Chromium 98"/>
         <property name="hostAddress" value="192.168.1.2"/>
         <property name="sessionId" value="ad89b62cfe367bcdf391ec7898393799"/>
         <property name="seleniumVersion" value="3.141.59"/>
         <property name="proxyInformation" value="ProxyInformation { proxyOption=NO_PROXY, proxyServerType=HTTP, username=, password=********, proxyServerAddress=, proxyServerPort=0, executionList=&quot;&quot;, isApplyToDesiredCapabilities=true }"/>
         <property name="platform" value="Windows 10"/>
      </properties>
      <testcase name="Test Cases/Students answering question being overdue or on time/Answer choice question on time" time="207.588" classname="Test Cases/Students answering question being overdue or on time/Answer choice question on time" status="PASSED">
         <system-out><![CDATA[2022-02-13 18:35:28 - [TEST_CASE][PASSED] - Test Cases/Students answering question being overdue or on time/Answer choice question on time: Test Cases/Students answering question being overdue or on time/Answer choice question on time

2022-02-13 18:35:29 - [TEST_STEP][PASSED] - openBrowser(""): Browser is opened with url: ''

2022-02-13 18:35:29 - [MESSAGE][INFO] - Starting 'Edge Chromium' driver

2022-02-13 18:35:32 - [MESSAGE][INFO] - Action delay is set to 0 milliseconds

2022-02-13 18:35:33 - [MESSAGE][PASSED] - Browser is opened with url: ''

2022-02-13 18:35:33 - [TEST_STEP][PASSED] - navigateToUrl("http://localhost/"): Navigate to 'http://localhost/' successfully

2022-02-13 18:35:34 - [MESSAGE][PASSED] - Navigate to 'http://localhost/' successfully

2022-02-13 18:35:34 - [TEST_STEP][PASSED] - callTestCase(findTestCase("Utils/Create course CNPM"), [:], STOP_ON_FAILURE): Call Test Case 'Test Cases/Utils/Create course CNPM' successfully

2022-02-13 18:35:34 - [TEST_CASE][PASSED] - Test Cases/Utils/Create course CNPM: Test Cases/Utils/Create course CNPM

2022-02-13 18:35:35 - [TEST_STEP][PASSED] - callTestCase(findTestCase("Utils/Login as admin"), [:], STOP_ON_FAILURE): Call Test Case 'Test Cases/Utils/Login as admin' successfully

2022-02-13 18:35:35 - [TEST_CASE][PASSED] - Test Cases/Utils/Login as admin: Test Cases/Utils/Login as admin

2022-02-13 18:35:35 - [TEST_STEP][PASSED] - click(findTestObject("View course grade/Page_Local Moodle/a_Log in")): Object: 'Object Repository/View course grade/Page_Local Moodle/a_Log in' is clicked on

2022-02-13 18:35:36 - [MESSAGE][PASSED] - Object: 'Object Repository/View course grade/Page_Local Moodle/a_Log in' is clicked on

2022-02-13 18:35:36 - [TEST_STEP][PASSED] - setText(findTestObject("View course grade/Page_Local Moodle Log in to the site/input_Username_username"), "admin"): Text 'admin' is set on object 'Object Repository/View course grade/Page_Local Moodle Log in to the site/input_Username_username'

2022-02-13 18:35:37 - [MESSAGE][PASSED] - Text 'admin' is set on object 'Object Repository/View course grade/Page_Local Moodle Log in to the site/input_Username_username'

2022-02-13 18:35:37 - [TEST_STEP][PASSED] - setEncryptedText(findTestObject("View course grade/Page_Local Moodle Log in to the site/input_Password_password"), "bfAykA/oWJ09FXmiKh6lyuuLu8QhG1K5"): Text ****** has been set on object 'Object Repository/View course grade/Page_Local Moodle Log in to the site/input_Password_password'

2022-02-13 18:35:38 - [MESSAGE][PASSED] - Text ****** has been set on object 'Object Repository/View course grade/Page_Local Moodle Log in to the site/input_Password_password'

2022-02-13 18:35:38 - [TEST_STEP][PASSED] - click(findTestObject("View course grade/Page_Local Moodle Log in to the site/button_Log in")): Object: 'Object Repository/View course grade/Page_Local Moodle Log in to the site/button_Log in' is clicked on

2022-02-13 18:35:41 - [MESSAGE][PASSED] - Object: 'Object Repository/View course grade/Page_Local Moodle Log in to the site/button_Log in' is clicked on

2022-02-13 18:35:41 - [MESSAGE][PASSED] - Call Test Case 'Test Cases/Utils/Login as admin' successfully

2022-02-13 18:35:41 - [TEST_STEP][PASSED] - click(findTestObject("Object Repository/Utils/Page_Nh ca ti/span_Qun tr khu vc")): Object: 'Object Repository/Utils/Page_Nh ca ti/span_Qun tr khu vc' is clicked on

2022-02-13 18:35:45 - [MESSAGE][PASSED] - Object: 'Object Repository/Utils/Page_Nh ca ti/span_Qun tr khu vc' is clicked on

2022-02-13 18:35:45 - [TEST_STEP][PASSED] - click(findTestObject("Object Repository/Utils/Page_Moodle Khu vc qun tr Tm kim/a_Kho hc")): Object: 'Object Repository/Utils/Page_Moodle Khu vc qun tr Tm kim/a_Kho hc' is clicked on

2022-02-13 18:35:45 - [MESSAGE][PASSED] - Object: 'Object Repository/Utils/Page_Moodle Khu vc qun tr Tm kim/a_Kho hc' is clicked on

2022-02-13 18:35:45 - [TEST_STEP][PASSED] - click(findTestObject("Object Repository/Utils/Page_Moodle Khu vc qun tr Tm kim/a_Thmsa cc kho hc")): Object: 'Object Repository/Utils/Page_Moodle Khu vc qun tr Tm kim/a_Thmsa cc kho hc' is clicked on

2022-02-13 18:35:47 - [MESSAGE][PASSED] - Object: 'Object Repository/Utils/Page_Moodle Khu vc qun tr Tm kim/a_Thmsa cc kho hc' is clicked on

2022-02-13 18:35:47 - [TEST_STEP][PASSED] - click(findTestObject("Object Repository/Utils/Page_Qun l kha hc v danh mc kha hc/a_To kha hc mi")): Object: 'Object Repository/Utils/Page_Qun l kha hc v danh mc kha hc/a_To kha hc mi' is clicked on

2022-02-13 18:35:53 - [MESSAGE][INFO] - Unable to find the element located by 'By.xpath: //div[@id='yui_3_17_2_1_1641906891631_57']/div/div/a'. Please recheck the objects properties to make sure the desired element is located. 

2022-02-13 18:35:53 - [MESSAGE][WARNING] - [SELF-HEALING] Failed to find element with id 'Object Repository/Utils/Page_Qun l kha hc v danh mc kha hc/a_To kha hc mi'. Try using Self-healing.

2022-02-13 18:35:54 - [MESSAGE][WARNING] - [SELF-HEALING] The current locator of test object 'Object Repository/Utils/Page_Qun l kha hc v danh mc kha hc/a_To kha hc mi' was broken. Propose an alternative one: '//a[contains(text(),'Tạo khóa học mới')]'.

2022-02-13 18:35:55 - [MESSAGE][PASSED] - Object: 'Object Repository/Utils/Page_Qun l kha hc v danh mc kha hc/a_To kha hc mi' is clicked on

2022-02-13 18:35:55 - [TEST_STEP][PASSED] - setText(findTestObject("Object Repository/Utils/Page_Moodle Thm kho hc mi/input_Tn y_fullname"), "Nhập môn Công nghệ phần mềm"): Text 'Nhập môn Công nghệ phần mềm' is set on object 'Object Repository/Utils/Page_Moodle Thm kho hc mi/input_Tn y_fullname'

2022-02-13 18:35:57 - [MESSAGE][PASSED] - Text 'Nhập môn Công nghệ phần mềm' is set on object 'Object Repository/Utils/Page_Moodle Thm kho hc mi/input_Tn y_fullname'

2022-02-13 18:35:57 - [TEST_STEP][PASSED] - setText(findTestObject("Object Repository/Utils/Page_Moodle Thm kho hc mi/input_Tn rt gn ca kho hc_shortname"), "CNPM"): Text 'CNPM' is set on object 'Object Repository/Utils/Page_Moodle Thm kho hc mi/input_Tn rt gn ca kho hc_shortname'

2022-02-13 18:35:58 - [MESSAGE][PASSED] - Text 'CNPM' is set on object 'Object Repository/Utils/Page_Moodle Thm kho hc mi/input_Tn rt gn ca kho hc_shortname'

2022-02-13 18:35:58 - [TEST_STEP][PASSED] - click(findTestObject("Object Repository/Utils/Page_Moodle Thm kho hc mi/input__saveanddisplay")): Object: 'Object Repository/Utils/Page_Moodle Thm kho hc mi/input__saveanddisplay' is clicked on

2022-02-13 18:36:00 - [MESSAGE][PASSED] - Object: 'Object Repository/Utils/Page_Moodle Thm kho hc mi/input__saveanddisplay' is clicked on

2022-02-13 18:36:00 - [TEST_STEP][PASSED] - click(findTestObject("Object Repository/Utils/Page_CNPM Danh sch thnh vin/input_Danh sch thnh vin_btn btn-secondary my-1")): Object: 'Object Repository/Utils/Page_CNPM Danh sch thnh vin/input_Danh sch thnh vin_btn btn-secondary my-1' is clicked on

2022-02-13 18:36:01 - [MESSAGE][PASSED] - Object: 'Object Repository/Utils/Page_CNPM Danh sch thnh vin/input_Danh sch thnh vin_btn btn-secondary my-1' is clicked on

2022-02-13 18:36:01 - [TEST_STEP][PASSED] - click(findTestObject("Object Repository/Utils/Page_CNPM Danh sch thnh vin/span_")): Object: 'Object Repository/Utils/Page_CNPM Danh sch thnh vin/span_' is clicked on

2022-02-13 18:36:07 - [MESSAGE][INFO] - Unable to find the element located by 'By.xpath: //span[@id='form_autocomplete_downarrow-1641965227117']'. Please recheck the objects properties to make sure the desired element is located. 

2022-02-13 18:36:07 - [MESSAGE][WARNING] - [SELF-HEALING] Failed to find element with id 'Object Repository/Utils/Page_CNPM Danh sch thnh vin/span_'. Try using Self-healing.

2022-02-13 18:36:07 - [MESSAGE][WARNING] - [SELF-HEALING] The current locator of test object 'Object Repository/Utils/Page_CNPM Danh sch thnh vin/span_' was broken. Propose an alternative one: '//div[@id='fitem_id_userlist']/div[2]/div[3]/span'.

2022-02-13 18:36:07 - [MESSAGE][PASSED] - Object: 'Object Repository/Utils/Page_CNPM Danh sch thnh vin/span_' is clicked on

2022-02-13 18:36:07 - [TEST_STEP][PASSED] - click(findTestObject("Object Repository/Utils/Page_CNPM Danh sch thnh vin/span_Student Nguyen")): Object: 'Object Repository/Utils/Page_CNPM Danh sch thnh vin/span_Student Nguyen' is clicked on

2022-02-13 18:36:14 - [MESSAGE][INFO] - Unable to find the element located by 'By.xpath: //li[@id='form_autocomplete_suggestions-1641965227117-0']/span/span'. Please recheck the objects properties to make sure the desired element is located. 

2022-02-13 18:36:14 - [MESSAGE][WARNING] - [SELF-HEALING] Failed to find element with id 'Object Repository/Utils/Page_CNPM Danh sch thnh vin/span_Student Nguyen'. Try using Self-healing.

2022-02-13 18:36:15 - [MESSAGE][INFO] - Unable to find the element located by 'By.xpath: (.//*[normalize-space(text()) and normalize-space(.)='student1@gmail.com'])[2]/following::span[2]'. Please recheck the objects properties to make sure the desired element is located. 

2022-02-13 18:36:15 - [MESSAGE][WARNING] - [SELF-HEALING] The current locator of test object 'Object Repository/Utils/Page_CNPM Danh sch thnh vin/span_Student Nguyen' was broken. Propose an alternative one: '(.//*[normalize-space(text()) and normalize-space(.)='student@gmail.com'])[2]/preceding::span[1]'.

2022-02-13 18:36:15 - [MESSAGE][PASSED] - Object: 'Object Repository/Utils/Page_CNPM Danh sch thnh vin/span_Student Nguyen' is clicked on

2022-02-13 18:36:15 - [TEST_STEP][PASSED] - click(findTestObject("Object Repository/Utils/Page_CNPM Danh sch thnh vin/button_Ghi danh ngi dng")): Object: 'Object Repository/Utils/Page_CNPM Danh sch thnh vin/button_Ghi danh ngi dng' is clicked on

2022-02-13 18:36:22 - [MESSAGE][INFO] - Unable to find the element located by 'By.xpath: //button[@id='yui_3_17_2_1_1641965226678_264']'. Please recheck the objects properties to make sure the desired element is located. 

2022-02-13 18:36:22 - [MESSAGE][WARNING] - [SELF-HEALING] Failed to find element with id 'Object Repository/Utils/Page_CNPM Danh sch thnh vin/button_Ghi danh ngi dng'. Try using Self-healing.

2022-02-13 18:36:22 - [MESSAGE][WARNING] - [SELF-HEALING] The current locator of test object 'Object Repository/Utils/Page_CNPM Danh sch thnh vin/button_Ghi danh ngi dng' was broken. Propose an alternative one: '(.//*[normalize-space(text()) and normalize-space(.)='Phút'])[1]/following::button[1]'.

2022-02-13 18:36:22 - [MESSAGE][PASSED] - Object: 'Object Repository/Utils/Page_CNPM Danh sch thnh vin/button_Ghi danh ngi dng' is clicked on

2022-02-13 18:36:22 - [TEST_STEP][PASSED] - click(findTestObject("Object Repository/Utils/Page_CNPM Danh sch thnh vin/input_Danh sch thnh vin_btn btn-secondary my-1")): Object: 'Object Repository/Utils/Page_CNPM Danh sch thnh vin/input_Danh sch thnh vin_btn btn-secondary my-1' is clicked on

2022-02-13 18:36:23 - [MESSAGE][PASSED] - Object: 'Object Repository/Utils/Page_CNPM Danh sch thnh vin/input_Danh sch thnh vin_btn btn-secondary my-1' is clicked on

2022-02-13 18:36:23 - [TEST_STEP][PASSED] - selectOptionByValue(findTestObject("Object Repository/Create course/Page_CNPM Danh sch thnh vin/select_Ngi qun l            Gio vin        _4311d9"), "3", true): All options with value '3' are selected in object 'Object Repository/Create course/Page_CNPM Danh sch thnh vin/select_Ngi qun l            Gio vin        _4311d9'  using regular expression

2022-02-13 18:36:26 - [MESSAGE][PASSED] - All options with value '3' are selected in object 'Object Repository/Create course/Page_CNPM Danh sch thnh vin/select_Ngi qun l            Gio vin        _4311d9'  using regular expression

2022-02-13 18:36:26 - [TEST_STEP][PASSED] - click(findTestObject("Object Repository/Utils/Page_CNPM Danh sch thnh vin/span_")): Object: 'Object Repository/Utils/Page_CNPM Danh sch thnh vin/span_' is clicked on

2022-02-13 18:36:32 - [MESSAGE][INFO] - Unable to find the element located by 'By.xpath: //span[@id='form_autocomplete_downarrow-1641965227117']'. Please recheck the objects properties to make sure the desired element is located. 

2022-02-13 18:36:32 - [MESSAGE][WARNING] - [SELF-HEALING] Failed to find element with id 'Object Repository/Utils/Page_CNPM Danh sch thnh vin/span_'. Try using Self-healing.

2022-02-13 18:36:32 - [MESSAGE][WARNING] - [SELF-HEALING] The current locator of test object 'Object Repository/Utils/Page_CNPM Danh sch thnh vin/span_' was broken. Propose an alternative one: '//div[@id='fitem_id_userlist']/div[2]/div[3]/span'.

2022-02-13 18:36:32 - [MESSAGE][PASSED] - Object: 'Object Repository/Utils/Page_CNPM Danh sch thnh vin/span_' is clicked on

2022-02-13 18:36:32 - [TEST_STEP][PASSED] - click(findTestObject("Object Repository/Create course/Page_CNPM Danh sch thnh vin/span_Nguyen Van A")): Object: 'Object Repository/Create course/Page_CNPM Danh sch thnh vin/span_Nguyen Van A' is clicked on

2022-02-13 18:36:39 - [MESSAGE][INFO] - Unable to find the element located by 'By.xpath: //li[@id='form_autocomplete_suggestions-1642350427588-0']/span/span'. Please recheck the objects properties to make sure the desired element is located. 

2022-02-13 18:36:39 - [MESSAGE][WARNING] - [SELF-HEALING] Failed to find element with id 'Object Repository/Create course/Page_CNPM Danh sch thnh vin/span_Nguyen Van A'. Try using Self-healing.

2022-02-13 18:36:39 - [MESSAGE][WARNING] - [SELF-HEALING] The current locator of test object 'Object Repository/Create course/Page_CNPM Danh sch thnh vin/span_Nguyen Van A' was broken. Propose an alternative one: '(.//*[normalize-space(text()) and normalize-space(.)='▼'])[1]/following::span[2]'.

2022-02-13 18:36:39 - [MESSAGE][PASSED] - Object: 'Object Repository/Create course/Page_CNPM Danh sch thnh vin/span_Nguyen Van A' is clicked on

2022-02-13 18:36:39 - [TEST_STEP][PASSED] - click(findTestObject("Object Repository/Create course/Page_CNPM Danh sch thnh vin/button_Ghi danh ngi dng_1")): Object: 'Object Repository/Create course/Page_CNPM Danh sch thnh vin/button_Ghi danh ngi dng_1' is clicked on

2022-02-13 18:36:45 - [MESSAGE][INFO] - Unable to find the element located by 'By.xpath: //button[@id='yui_3_17_2_1_1642348738650_377']'. Please recheck the objects properties to make sure the desired element is located. 

2022-02-13 18:36:45 - [MESSAGE][WARNING] - [SELF-HEALING] Failed to find element with id 'Object Repository/Create course/Page_CNPM Danh sch thnh vin/button_Ghi danh ngi dng_1'. Try using Self-healing.

2022-02-13 18:36:46 - [MESSAGE][WARNING] - [SELF-HEALING] The current locator of test object 'Object Repository/Create course/Page_CNPM Danh sch thnh vin/button_Ghi danh ngi dng_1' was broken. Propose an alternative one: '(.//*[normalize-space(text()) and normalize-space(.)='Phút'])[1]/following::button[1]'.

2022-02-13 18:36:46 - [MESSAGE][PASSED] - Object: 'Object Repository/Create course/Page_CNPM Danh sch thnh vin/button_Ghi danh ngi dng_1' is clicked on

2022-02-13 18:36:46 - [TEST_STEP][PASSED] - click(findTestObject("Object Repository/Utils/Page_CNPM Danh sch thnh vin/span_CNPM")): Object: 'Object Repository/Utils/Page_CNPM Danh sch thnh vin/span_CNPM' is clicked on

2022-02-13 18:36:48 - [MESSAGE][PASSED] - Object: 'Object Repository/Utils/Page_CNPM Danh sch thnh vin/span_CNPM' is clicked on

2022-02-13 18:36:48 - [TEST_STEP][PASSED] - click(findTestObject("Create folder and quiz/Page_CNPM Danh sch thnh vin/a_Qun tr Thnh vin")): Object: 'Object Repository/Create folder and quiz/Page_CNPM Danh sch thnh vin/a_Qun tr Thnh vin' is clicked on

2022-02-13 18:36:48 - [MESSAGE][PASSED] - Object: 'Object Repository/Create folder and quiz/Page_CNPM Danh sch thnh vin/a_Qun tr Thnh vin' is clicked on

2022-02-13 18:36:48 - [TEST_STEP][PASSED] - click(findTestObject("Create folder and quiz/Page_CNPM Danh sch thnh vin/span_Thot")): Object: 'Object Repository/Create folder and quiz/Page_CNPM Danh sch thnh vin/span_Thot' is clicked on

2022-02-13 18:36:49 - [MESSAGE][PASSED] - Object: 'Object Repository/Create folder and quiz/Page_CNPM Danh sch thnh vin/span_Thot' is clicked on

2022-02-13 18:36:49 - [MESSAGE][INFO] - 

2022-02-13 18:36:49 - [MESSAGE][INFO] - ===================== Self-healing Report ====================

2022-02-13 18:36:49 - [MESSAGE][INFO] - One of the failed test object locators has been recovered by Self-healing. Please refer to the Self-healing Insights tab for more details.

2022-02-13 18:36:49 - [MESSAGE][INFO] - To learn more about Self-healing, please read https://docs.katalon.com/katalon-studio/docs/self-healing.html

2022-02-13 18:36:49 - [MESSAGE][INFO] - ==============================================================

2022-02-13 18:36:49 - [MESSAGE][PASSED] - Call Test Case 'Test Cases/Utils/Create course CNPM' successfully

2022-02-13 18:36:49 - [TEST_STEP][PASSED] - callTestCase(findTestCase("Utils/Login as teacher"), [:], STOP_ON_FAILURE): Call Test Case 'Test Cases/Utils/Login as teacher' successfully

2022-02-13 18:36:49 - [TEST_CASE][PASSED] - Test Cases/Utils/Login as teacher: Test Cases/Utils/Login as teacher

2022-02-13 18:36:50 - [TEST_STEP][PASSED] - click(findTestObject("Create folder and quiz/Page_Local Moodle/a_Log in")): Object: 'Object Repository/Create folder and quiz/Page_Local Moodle/a_Log in' is clicked on

2022-02-13 18:36:51 - [MESSAGE][PASSED] - Object: 'Object Repository/Create folder and quiz/Page_Local Moodle/a_Log in' is clicked on

2022-02-13 18:36:51 - [TEST_STEP][PASSED] - setText(findTestObject("Object Repository/Create course/Page_New Moodle Site Log in to the site/input_Username_username"), "hs01"): Text 'hs01' is set on object 'Object Repository/Create course/Page_New Moodle Site Log in to the site/input_Username_username'

2022-02-13 18:36:52 - [MESSAGE][PASSED] - Text 'hs01' is set on object 'Object Repository/Create course/Page_New Moodle Site Log in to the site/input_Username_username'

2022-02-13 18:36:52 - [TEST_STEP][PASSED] - setEncryptedText(findTestObject("Object Repository/Create course/Page_New Moodle Site Log in to the site/input_Password_password"), "o5TCnEIIWq2SeGQhIMNXLQ=="): Text ****** has been set on object 'Object Repository/Create course/Page_New Moodle Site Log in to the site/input_Password_password'

2022-02-13 18:36:52 - [MESSAGE][PASSED] - Text ****** has been set on object 'Object Repository/Create course/Page_New Moodle Site Log in to the site/input_Password_password'

2022-02-13 18:36:52 - [TEST_STEP][PASSED] - click(findTestObject("Create folder and quiz/Page_Local Moodle Log in to the site/button_Log in")): Object: 'Object Repository/Create folder and quiz/Page_Local Moodle Log in to the site/button_Log in' is clicked on

2022-02-13 18:36:55 - [MESSAGE][PASSED] - Object: 'Object Repository/Create folder and quiz/Page_Local Moodle Log in to the site/button_Log in' is clicked on

2022-02-13 18:36:55 - [MESSAGE][INFO] - 

2022-02-13 18:36:55 - [MESSAGE][INFO] - ===================== Self-healing Report ====================

2022-02-13 18:36:55 - [MESSAGE][INFO] - One of the failed test object locators has been recovered by Self-healing. Please refer to the Self-healing Insights tab for more details.

2022-02-13 18:36:55 - [MESSAGE][INFO] - To learn more about Self-healing, please read https://docs.katalon.com/katalon-studio/docs/self-healing.html

2022-02-13 18:36:55 - [MESSAGE][INFO] - ==============================================================

2022-02-13 18:36:55 - [MESSAGE][PASSED] - Call Test Case 'Test Cases/Utils/Login as teacher' successfully

2022-02-13 18:36:55 - [TEST_STEP][PASSED] - click(findTestObject("Object Repository/Create folder and quiz/Page_Nh ca ti/span_Trang ch h thng")): Object: 'Object Repository/Create folder and quiz/Page_Nh ca ti/span_Trang ch h thng' is clicked on

2022-02-13 18:36:58 - [MESSAGE][PASSED] - Object: 'Object Repository/Create folder and quiz/Page_Nh ca ti/span_Trang ch h thng' is clicked on

2022-02-13 18:36:58 - [TEST_STEP][PASSED] - click(findTestObject("Object Repository/Create folder and quiz/Page_New Moodle Site/a_Nhp mn Cng ngh phn mm")): Object: 'Object Repository/Create folder and quiz/Page_New Moodle Site/a_Nhp mn Cng ngh phn mm' is clicked on

2022-02-13 18:36:59 - [MESSAGE][PASSED] - Object: 'Object Repository/Create folder and quiz/Page_New Moodle Site/a_Nhp mn Cng ngh phn mm' is clicked on

2022-02-13 18:36:59 - [TEST_STEP][PASSED] - click(findTestObject("Object Repository/Create folder and quiz/Page_Kha Nhp mn Cng ngh phn mm/button_Bt ch  chnh sa")): Object: 'Object Repository/Create folder and quiz/Page_Kha Nhp mn Cng ngh phn mm/button_Bt ch  chnh sa' is clicked on

2022-02-13 18:37:05 - [MESSAGE][INFO] - Unable to find the element located by 'By.xpath: //button[@id='single_button61e44f855865c1']'. Please recheck the objects properties to make sure the desired element is located. 

2022-02-13 18:37:05 - [MESSAGE][WARNING] - [SELF-HEALING] Failed to find element with id 'Object Repository/Create folder and quiz/Page_Kha Nhp mn Cng ngh phn mm/button_Bt ch  chnh sa'. Try using Self-healing.

2022-02-13 18:37:06 - [MESSAGE][WARNING] - [SELF-HEALING] The current locator of test object 'Object Repository/Create folder and quiz/Page_Kha Nhp mn Cng ngh phn mm/button_Bt ch  chnh sa' was broken. Propose an alternative one: '(.//*[normalize-space(text()) and normalize-space(.)='Các khoá học của tôi'])[2]/following::button[1]'.

2022-02-13 18:37:07 - [MESSAGE][PASSED] - Object: 'Object Repository/Create folder and quiz/Page_Kha Nhp mn Cng ngh phn mm/button_Bt ch  chnh sa' is clicked on

2022-02-13 18:37:07 - [TEST_STEP][PASSED] - click(findTestObject("Object Repository/Create folder and quiz/Page_Kha Nhp mn Cng ngh phn mm/span_Thm hot ng hoc ti nguyn")): Object: 'Object Repository/Create folder and quiz/Page_Kha Nhp mn Cng ngh phn mm/span_Thm hot ng hoc ti nguyn' is clicked on

2022-02-13 18:37:13 - [MESSAGE][INFO] - Unable to find the element located by 'By.xpath: //*[@id = 'yui_3_17_2_1_1642352521094_616' and (text() = 'Thêm hoạt động hoặc tài nguyên' or . = 'Thêm hoạt động hoặc tài nguyên')]'. Please recheck the objects properties to make sure the desired element is located. 

2022-02-13 18:37:13 - [MESSAGE][WARNING] - [SELF-HEALING] Failed to find element with id 'Object Repository/Create folder and quiz/Page_Kha Nhp mn Cng ngh phn mm/span_Thm hot ng hoc ti nguyn'. Try using Self-healing.

2022-02-13 18:37:13 - [MESSAGE][WARNING] - [SELF-HEALING] The current locator of test object 'Object Repository/Create folder and quiz/Page_Kha Nhp mn Cng ngh phn mm/span_Thm hot ng hoc ti nguyn' was broken. Propose an alternative one: '(.//*[normalize-space(text()) and normalize-space(.)='Chủ đề 1'])[2]/following::span[3]'.

2022-02-13 18:37:13 - [MESSAGE][PASSED] - Object: 'Object Repository/Create folder and quiz/Page_Kha Nhp mn Cng ngh phn mm/span_Thm hot ng hoc ti nguyn' is clicked on

2022-02-13 18:37:13 - [TEST_STEP][PASSED] - click(findTestObject("Object Repository/Student answering question being overdue or on time/Page_Kha Nhp mn cng ngh phn mm/div_Cu hi thm d")): Object: 'Object Repository/Student answering question being overdue or on time/Page_Kha Nhp mn cng ngh phn mm/div_Cu hi thm d' is clicked on

2022-02-13 18:37:20 - [MESSAGE][INFO] - Unable to find the element located by 'By.xpath: //div[@id='all-5']/div/div[6]/div/a/div[2]'. Please recheck the objects properties to make sure the desired element is located. 

2022-02-13 18:37:20 - [MESSAGE][WARNING] - [SELF-HEALING] Failed to find element with id 'Object Repository/Student answering question being overdue or on time/Page_Kha Nhp mn cng ngh phn mm/div_Cu hi thm d'. Try using Self-healing.

2022-02-13 18:37:20 - [MESSAGE][WARNING] - [SELF-HEALING] The current locator of test object 'Object Repository/Student answering question being overdue or on time/Page_Kha Nhp mn cng ngh phn mm/div_Cu hi thm d' was broken. Propose an alternative one: '(.//*[normalize-space(text()) and normalize-space(.)='Cuộc khảo sát'])[1]/following::div[5]'.

2022-02-13 18:37:22 - [MESSAGE][PASSED] - Object: 'Object Repository/Student answering question being overdue or on time/Page_Kha Nhp mn cng ngh phn mm/div_Cu hi thm d' is clicked on

2022-02-13 18:37:22 - [TEST_STEP][PASSED] - setText(findTestObject("Object Repository/Student answering question being overdue or on time/Page_Bin son Cu hi thm d/input_Tn cu hi_name"), "Câu hỏi trắc nghiệm"): Text 'Câu hỏi trắc nghiệm' is set on object 'Object Repository/Student answering question being overdue or on time/Page_Bin son Cu hi thm d/input_Tn cu hi_name'

2022-02-13 18:37:24 - [MESSAGE][PASSED] - Text 'Câu hỏi trắc nghiệm' is set on object 'Object Repository/Student answering question being overdue or on time/Page_Bin son Cu hi thm d/input_Tn cu hi_name'

2022-02-13 18:37:24 - [TEST_STEP][PASSED] - setText(findTestObject("Object Repository/Student answering question being overdue or on time/Page_Bin son Cu hi thm d/input_Phng n khng_option0"), "a"): Text 'a' is set on object 'Object Repository/Student answering question being overdue or on time/Page_Bin son Cu hi thm d/input_Phng n khng_option0'

2022-02-13 18:37:25 - [MESSAGE][PASSED] - Text 'a' is set on object 'Object Repository/Student answering question being overdue or on time/Page_Bin son Cu hi thm d/input_Phng n khng_option0'

2022-02-13 18:37:25 - [TEST_STEP][PASSED] - setText(findTestObject("Object Repository/Student answering question being overdue or on time/Page_Bin son Cu hi thm d/input_Phng n khng_option1"), "b"): Text 'b' is set on object 'Object Repository/Student answering question being overdue or on time/Page_Bin son Cu hi thm d/input_Phng n khng_option1'

2022-02-13 18:37:26 - [MESSAGE][PASSED] - Text 'b' is set on object 'Object Repository/Student answering question being overdue or on time/Page_Bin son Cu hi thm d/input_Phng n khng_option1'

2022-02-13 18:37:26 - [TEST_STEP][PASSED] - setText(findTestObject("Object Repository/Student answering question being overdue or on time/Page_Bin son Cu hi thm d/input_Phng n khng_option2"), "c"): Text 'c' is set on object 'Object Repository/Student answering question being overdue or on time/Page_Bin son Cu hi thm d/input_Phng n khng_option2'

2022-02-13 18:37:27 - [MESSAGE][PASSED] - Text 'c' is set on object 'Object Repository/Student answering question being overdue or on time/Page_Bin son Cu hi thm d/input_Phng n khng_option2'

2022-02-13 18:37:27 - [TEST_STEP][PASSED] - setText(findTestObject("Object Repository/Student answering question being overdue or on time/Page_Bin son Cu hi thm d/input_Phng n khng_option3"), "d"): Text 'd' is set on object 'Object Repository/Student answering question being overdue or on time/Page_Bin son Cu hi thm d/input_Phng n khng_option3'

2022-02-13 18:37:28 - [MESSAGE][PASSED] - Text 'd' is set on object 'Object Repository/Student answering question being overdue or on time/Page_Bin son Cu hi thm d/input_Phng n khng_option3'

2022-02-13 18:37:28 - [TEST_STEP][PASSED] - verifyElementClickable(findTestObject("Object Repository/Student answering question being overdue or on time/Page_Bin son Cu hi thm d/input_Gii hn khng_option_add_fields")): Object 'Object Repository/Student answering question being overdue or on time/Page_Bin son Cu hi thm d/input_Gii hn khng_option_add_fields' is clickable

2022-02-13 18:37:28 - [MESSAGE][PASSED] - Object 'Object Repository/Student answering question being overdue or on time/Page_Bin son Cu hi thm d/input_Gii hn khng_option_add_fields' is clickable

2022-02-13 18:37:28 - [TEST_STEP][PASSED] - click(findTestObject("Object Repository/Student answering question being overdue or on time/Page_Bin son Cu hi thm d/input_Gii hn khng_option_add_fields")): Object: 'Object Repository/Student answering question being overdue or on time/Page_Bin son Cu hi thm d/input_Gii hn khng_option_add_fields' is clicked on

2022-02-13 18:37:31 - [MESSAGE][PASSED] - Object: 'Object Repository/Student answering question being overdue or on time/Page_Bin son Cu hi thm d/input_Gii hn khng_option_add_fields' is clicked on

2022-02-13 18:37:31 - [TEST_STEP][PASSED] - click(findTestObject("Object Repository/Student answering question being overdue or on time/Page_Bin son Cu hi thm d/input_Upon activity completion_submitbutton2")): Object: 'Object Repository/Student answering question being overdue or on time/Page_Bin son Cu hi thm d/input_Upon activity completion_submitbutton2' is clicked on

2022-02-13 18:37:33 - [MESSAGE][PASSED] - Object: 'Object Repository/Student answering question being overdue or on time/Page_Bin son Cu hi thm d/input_Upon activity completion_submitbutton2' is clicked on

2022-02-13 18:37:33 - [TEST_STEP][PASSED] - verifyElementClickable(findTestObject("Object Repository/Student answering question being overdue or on time/Page_Kha Nhp mn cng ngh phn mm/span_Cu hi trc nghim Cu hi thm d")): Object 'Object Repository/Student answering question being overdue or on time/Page_Kha Nhp mn cng ngh phn mm/span_Cu hi trc nghim Cu hi thm d' is clickable

2022-02-13 18:37:39 - [MESSAGE][INFO] - Unable to find the element located by 'By.xpath: //li[@id='module-136']/div/div/div[2]/div/a/span'. Please recheck the objects properties to make sure the desired element is located. 

2022-02-13 18:37:39 - [MESSAGE][WARNING] - [SELF-HEALING] Failed to find element with id 'Object Repository/Student answering question being overdue or on time/Page_Kha Nhp mn cng ngh phn mm/span_Cu hi trc nghim Cu hi thm d'. Try using Self-healing.

2022-02-13 18:37:39 - [MESSAGE][WARNING] - [SELF-HEALING] The current locator of test object 'Object Repository/Student answering question being overdue or on time/Page_Kha Nhp mn cng ngh phn mm/span_Cu hi trc nghim Cu hi thm d' was broken. Propose an alternative one: '(.//*[normalize-space(text()) and normalize-space(.)='Chủ đề 1'])[2]/following::span[1]'.

2022-02-13 18:37:39 - [MESSAGE][PASSED] - Object 'Object Repository/Student answering question being overdue or on time/Page_Kha Nhp mn cng ngh phn mm/span_Cu hi trc nghim Cu hi thm d' is clickable

2022-02-13 18:37:39 - [TEST_STEP][PASSED] - click(findTestObject("Object Repository/Create course/Page_Nh ca ti/a_Nguyen Van A")): Object: 'Object Repository/Create course/Page_Nh ca ti/a_Nguyen Van A' is clicked on

2022-02-13 18:37:40 - [MESSAGE][PASSED] - Object: 'Object Repository/Create course/Page_Nh ca ti/a_Nguyen Van A' is clicked on

2022-02-13 18:37:40 - [TEST_STEP][PASSED] - click(findTestObject("Object Repository/Create course/Page_Nh ca ti/span_Thot")): Object: 'Object Repository/Create course/Page_Nh ca ti/span_Thot' is clicked on

2022-02-13 18:37:41 - [MESSAGE][PASSED] - Object: 'Object Repository/Create course/Page_Nh ca ti/span_Thot' is clicked on

2022-02-13 18:37:41 - [TEST_STEP][PASSED] - callTestCase(findTestCase("Utils/Login as student"), [:], STOP_ON_FAILURE): Call Test Case 'Test Cases/Utils/Login as student' successfully

2022-02-13 18:37:41 - [TEST_CASE][PASSED] - Test Cases/Utils/Login as student: Test Cases/Utils/Login as student

2022-02-13 18:37:41 - [TEST_STEP][PASSED] - click(findTestObject("Create folder and quiz/Page_Local Moodle/a_Log in")): Object: 'Object Repository/Create folder and quiz/Page_Local Moodle/a_Log in' is clicked on

2022-02-13 18:37:42 - [MESSAGE][PASSED] - Object: 'Object Repository/Create folder and quiz/Page_Local Moodle/a_Log in' is clicked on

2022-02-13 18:37:42 - [TEST_STEP][PASSED] - setText(findTestObject("Create folder and quiz/Page_Local Moodle Log in to the site/input_Username_username"), "student"): Text 'student' is set on object 'Object Repository/Create folder and quiz/Page_Local Moodle Log in to the site/input_Username_username'

2022-02-13 18:37:43 - [MESSAGE][PASSED] - Text 'student' is set on object 'Object Repository/Create folder and quiz/Page_Local Moodle Log in to the site/input_Username_username'

2022-02-13 18:37:43 - [TEST_STEP][PASSED] - setEncryptedText(findTestObject("Create folder and quiz/Page_Local Moodle Log in to the site/input_Password_password"), "ie7bep3f1gXYsgY0lkRhPw=="): Text ****** has been set on object 'Object Repository/Create folder and quiz/Page_Local Moodle Log in to the site/input_Password_password'

2022-02-13 18:37:44 - [MESSAGE][PASSED] - Text ****** has been set on object 'Object Repository/Create folder and quiz/Page_Local Moodle Log in to the site/input_Password_password'

2022-02-13 18:37:44 - [TEST_STEP][PASSED] - click(findTestObject("Create folder and quiz/Page_Local Moodle Log in to the site/button_Log in")): Object: 'Object Repository/Create folder and quiz/Page_Local Moodle Log in to the site/button_Log in' is clicked on

2022-02-13 18:37:46 - [MESSAGE][PASSED] - Object: 'Object Repository/Create folder and quiz/Page_Local Moodle Log in to the site/button_Log in' is clicked on

2022-02-13 18:37:46 - [MESSAGE][INFO] - 

2022-02-13 18:37:46 - [MESSAGE][INFO] - ===================== Self-healing Report ====================

2022-02-13 18:37:46 - [MESSAGE][INFO] - One of the failed test object locators has been recovered by Self-healing. Please refer to the Self-healing Insights tab for more details.

2022-02-13 18:37:46 - [MESSAGE][INFO] - To learn more about Self-healing, please read https://docs.katalon.com/katalon-studio/docs/self-healing.html

2022-02-13 18:37:46 - [MESSAGE][INFO] - ==============================================================

2022-02-13 18:37:46 - [MESSAGE][PASSED] - Call Test Case 'Test Cases/Utils/Login as student' successfully

2022-02-13 18:37:46 - [TEST_STEP][PASSED] - click(findTestObject("Object Repository/Student answering question being overdue or on time/Page_Nh ca ti/span_Trang ch h thng")): Object: 'Object Repository/Student answering question being overdue or on time/Page_Nh ca ti/span_Trang ch h thng' is clicked on

2022-02-13 18:37:49 - [MESSAGE][PASSED] - Object: 'Object Repository/Student answering question being overdue or on time/Page_Nh ca ti/span_Trang ch h thng' is clicked on

2022-02-13 18:37:49 - [TEST_STEP][PASSED] - click(findTestObject("Object Repository/Student answering question being overdue or on time/Page_New Moodle Site/a_Nhp mn Cng ngh phn mm")): Object: 'Object Repository/Student answering question being overdue or on time/Page_New Moodle Site/a_Nhp mn Cng ngh phn mm' is clicked on

2022-02-13 18:37:50 - [MESSAGE][PASSED] - Object: 'Object Repository/Student answering question being overdue or on time/Page_New Moodle Site/a_Nhp mn Cng ngh phn mm' is clicked on

2022-02-13 18:37:50 - [TEST_STEP][PASSED] - click(findTestObject("Object Repository/Student answering question being overdue or on time/Page_Kha Nhp mn Cng ngh phn mm/span_Cu hi trc nghim Cu hi thm d")): Object: 'Object Repository/Student answering question being overdue or on time/Page_Kha Nhp mn Cng ngh phn mm/span_Cu hi trc nghim Cu hi thm d' is clicked on

2022-02-13 18:37:56 - [MESSAGE][INFO] - Unable to find the element located by 'By.xpath: //li[@id='module-136']/div/div/div[2]/div/a/span'. Please recheck the objects properties to make sure the desired element is located. 

2022-02-13 18:37:56 - [MESSAGE][WARNING] - [SELF-HEALING] Failed to find element with id 'Object Repository/Student answering question being overdue or on time/Page_Kha Nhp mn Cng ngh phn mm/span_Cu hi trc nghim Cu hi thm d'. Try using Self-healing.

2022-02-13 18:37:56 - [MESSAGE][WARNING] - [SELF-HEALING] The current locator of test object 'Object Repository/Student answering question being overdue or on time/Page_Kha Nhp mn Cng ngh phn mm/span_Cu hi trc nghim Cu hi thm d' was broken. Propose an alternative one: '(.//*[normalize-space(text()) and normalize-space(.)='Chủ đề 1'])[2]/following::span[1]'.

2022-02-13 18:37:57 - [MESSAGE][PASSED] - Object: 'Object Repository/Student answering question being overdue or on time/Page_Kha Nhp mn Cng ngh phn mm/span_Cu hi trc nghim Cu hi thm d' is clicked on

2022-02-13 18:37:57 - [TEST_STEP][PASSED] - click(findTestObject("Object Repository/Student answering question being overdue or on time/Page_Cu hi trc nghim/input__answer")): Object: 'Object Repository/Student answering question being overdue or on time/Page_Cu hi trc nghim/input__answer' is clicked on

2022-02-13 18:37:58 - [MESSAGE][PASSED] - Object: 'Object Repository/Student answering question being overdue or on time/Page_Cu hi trc nghim/input__answer' is clicked on

2022-02-13 18:37:58 - [TEST_STEP][PASSED] - click(findTestObject("Object Repository/Student answering question being overdue or on time/Page_Cu hi trc nghim/input_d_btn btn-primary")): Object: 'Object Repository/Student answering question being overdue or on time/Page_Cu hi trc nghim/input_d_btn btn-primary' is clicked on

2022-02-13 18:37:59 - [MESSAGE][PASSED] - Object: 'Object Repository/Student answering question being overdue or on time/Page_Cu hi trc nghim/input_d_btn btn-primary' is clicked on

2022-02-13 18:37:59 - [TEST_STEP][PASSED] - verifyElementText(findTestObject("Object Repository/Student answering question being overdue or on time/Page_Cu hi trc nghim/div_La chn ca bn a"), "Lựa chọn của bạn: a"): Actual text and expected text of test object 'Object Repository/Student answering question being overdue or on time/Page_Cu hi trc nghim/div_La chn ca bn a' are matched.

2022-02-13 18:38:00 - [MESSAGE][PASSED] - Actual text and expected text of test object 'Object Repository/Student answering question being overdue or on time/Page_Cu hi trc nghim/div_La chn ca bn a' are matched.

2022-02-13 18:38:00 - [TEST_STEP][PASSED] - click(findTestObject("Create folder and quiz/Page_quiz1 Xem li ln lm th/a_Student Nguyen")): Object: 'Object Repository/Create folder and quiz/Page_quiz1 Xem li ln lm th/a_Student Nguyen' is clicked on

2022-02-13 18:38:01 - [MESSAGE][PASSED] - Object: 'Object Repository/Create folder and quiz/Page_quiz1 Xem li ln lm th/a_Student Nguyen' is clicked on

2022-02-13 18:38:01 - [TEST_STEP][PASSED] - click(findTestObject("Create folder and quiz/Page_quiz1 Xem li ln lm th/span_Thot")): Object: 'Object Repository/Create folder and quiz/Page_quiz1 Xem li ln lm th/span_Thot' is clicked on

2022-02-13 18:38:02 - [MESSAGE][PASSED] - Object: 'Object Repository/Create folder and quiz/Page_quiz1 Xem li ln lm th/span_Thot' is clicked on

2022-02-13 18:38:02 - [TEST_STEP][PASSED] - callTestCase(findTestCase("Utils/Delete course CNPM"), [:], STOP_ON_FAILURE): Call Test Case 'Test Cases/Utils/Delete course CNPM' successfully

2022-02-13 18:38:02 - [TEST_CASE][PASSED] - Test Cases/Utils/Delete course CNPM: Test Cases/Utils/Delete course CNPM

2022-02-13 18:38:02 - [TEST_STEP][PASSED] - callTestCase(findTestCase("Utils/Login as admin"), [:], STOP_ON_FAILURE): Call Test Case 'Test Cases/Utils/Login as admin' successfully

2022-02-13 18:38:02 - [TEST_CASE][PASSED] - Test Cases/Utils/Login as admin: Test Cases/Utils/Login as admin

2022-02-13 18:38:02 - [TEST_STEP][PASSED] - click(findTestObject("View course grade/Page_Local Moodle/a_Log in")): Object: 'Object Repository/View course grade/Page_Local Moodle/a_Log in' is clicked on

2022-02-13 18:38:03 - [MESSAGE][PASSED] - Object: 'Object Repository/View course grade/Page_Local Moodle/a_Log in' is clicked on

2022-02-13 18:38:03 - [TEST_STEP][PASSED] - setText(findTestObject("View course grade/Page_Local Moodle Log in to the site/input_Username_username"), "admin"): Text 'admin' is set on object 'Object Repository/View course grade/Page_Local Moodle Log in to the site/input_Username_username'

2022-02-13 18:38:04 - [MESSAGE][PASSED] - Text 'admin' is set on object 'Object Repository/View course grade/Page_Local Moodle Log in to the site/input_Username_username'

2022-02-13 18:38:04 - [TEST_STEP][PASSED] - setEncryptedText(findTestObject("View course grade/Page_Local Moodle Log in to the site/input_Password_password"), "bfAykA/oWJ09FXmiKh6lyuuLu8QhG1K5"): Text ****** has been set on object 'Object Repository/View course grade/Page_Local Moodle Log in to the site/input_Password_password'

2022-02-13 18:38:05 - [MESSAGE][PASSED] - Text ****** has been set on object 'Object Repository/View course grade/Page_Local Moodle Log in to the site/input_Password_password'

2022-02-13 18:38:05 - [TEST_STEP][PASSED] - click(findTestObject("View course grade/Page_Local Moodle Log in to the site/button_Log in")): Object: 'Object Repository/View course grade/Page_Local Moodle Log in to the site/button_Log in' is clicked on

2022-02-13 18:38:07 - [MESSAGE][PASSED] - Object: 'Object Repository/View course grade/Page_Local Moodle Log in to the site/button_Log in' is clicked on

2022-02-13 18:38:07 - [MESSAGE][INFO] - 

2022-02-13 18:38:07 - [MESSAGE][INFO] - ===================== Self-healing Report ====================

2022-02-13 18:38:07 - [MESSAGE][INFO] - One of the failed test object locators has been recovered by Self-healing. Please refer to the Self-healing Insights tab for more details.

2022-02-13 18:38:07 - [MESSAGE][INFO] - To learn more about Self-healing, please read https://docs.katalon.com/katalon-studio/docs/self-healing.html

2022-02-13 18:38:07 - [MESSAGE][INFO] - ==============================================================

2022-02-13 18:38:07 - [MESSAGE][PASSED] - Call Test Case 'Test Cases/Utils/Login as admin' successfully

2022-02-13 18:38:07 - [TEST_STEP][PASSED] - click(findTestObject("Object Repository/Create course/Page_Nh ca ti/span_Qun tr khu vc")): Object: 'Object Repository/Create course/Page_Nh ca ti/span_Qun tr khu vc' is clicked on

2022-02-13 18:38:11 - [MESSAGE][PASSED] - Object: 'Object Repository/Create course/Page_Nh ca ti/span_Qun tr khu vc' is clicked on

2022-02-13 18:38:11 - [TEST_STEP][PASSED] - click(findTestObject("Object Repository/Create course/Page_Moodle Khu vc qun tr Tm kim/a_Kho hc")): Object: 'Object Repository/Create course/Page_Moodle Khu vc qun tr Tm kim/a_Kho hc' is clicked on

2022-02-13 18:38:11 - [MESSAGE][PASSED] - Object: 'Object Repository/Create course/Page_Moodle Khu vc qun tr Tm kim/a_Kho hc' is clicked on

2022-02-13 18:38:11 - [TEST_STEP][PASSED] - click(findTestObject("Object Repository/Create course/Page_Moodle Khu vc qun tr Tm kim/a_Thmsa cc kho hc")): Object: 'Object Repository/Create course/Page_Moodle Khu vc qun tr Tm kim/a_Thmsa cc kho hc' is clicked on

2022-02-13 18:38:13 - [MESSAGE][PASSED] - Object: 'Object Repository/Create course/Page_Moodle Khu vc qun tr Tm kim/a_Thmsa cc kho hc' is clicked on

2022-02-13 18:38:13 - [TEST_STEP][PASSED] - click(findTestObject("Object Repository/Create course/Page_Qun l kha hc v danh mc kha hc/div_La chn hnh ng hng lot Nhp mn Cng ngh ph_52747d")): Object: 'Object Repository/Create course/Page_Qun l kha hc v danh mc kha hc/div_La chn hnh ng hng lot Nhp mn Cng ngh ph_52747d' is clicked on

2022-02-13 18:38:20 - [MESSAGE][INFO] - Unable to find the element located by 'By.xpath: //div[@id='yui_3_17_2_1_1641378024996_198']'. Please recheck the objects properties to make sure the desired element is located. 

2022-02-13 18:38:20 - [MESSAGE][WARNING] - [SELF-HEALING] Failed to find element with id 'Object Repository/Create course/Page_Qun l kha hc v danh mc kha hc/div_La chn hnh ng hng lot Nhp mn Cng ngh ph_52747d'. Try using Self-healing.

2022-02-13 18:38:20 - [MESSAGE][WARNING] - [SELF-HEALING] The current locator of test object 'Object Repository/Create course/Page_Qun l kha hc v danh mc kha hc/div_La chn hnh ng hng lot Nhp mn Cng ngh ph_52747d' was broken. Propose an alternative one: '(.//*[normalize-space(text()) and normalize-space(.)='Tất cả'])[1]/following::div[1]'.

2022-02-13 18:38:21 - [MESSAGE][PASSED] - Object: 'Object Repository/Create course/Page_Qun l kha hc v danh mc kha hc/div_La chn hnh ng hng lot Nhp mn Cng ngh ph_52747d' is clicked on

2022-02-13 18:38:21 - [TEST_STEP][PASSED] - click(findTestObject("Object Repository/Create course/Page_Qun l kha hc v danh mc kha hc/a_Nhp mn Cng ngh phn mm")): Object: 'Object Repository/Create course/Page_Qun l kha hc v danh mc kha hc/a_Nhp mn Cng ngh phn mm' is clicked on

2022-02-13 18:38:28 - [MESSAGE][INFO] - Unable to find the element located by 'By.xpath: //a[@id='yui_3_17_2_1_1641378024996_202']'. Please recheck the objects properties to make sure the desired element is located. 

2022-02-13 18:38:28 - [MESSAGE][WARNING] - [SELF-HEALING] Failed to find element with id 'Object Repository/Create course/Page_Qun l kha hc v danh mc kha hc/a_Nhp mn Cng ngh phn mm'. Try using Self-healing.

2022-02-13 18:38:28 - [MESSAGE][WARNING] - [SELF-HEALING] The current locator of test object 'Object Repository/Create course/Page_Qun l kha hc v danh mc kha hc/a_Nhp mn Cng ngh phn mm' was broken. Propose an alternative one: '//a[contains(text(),'Nhập môn Công nghệ phần mềm')]'.

2022-02-13 18:38:30 - [MESSAGE][PASSED] - Object: 'Object Repository/Create course/Page_Qun l kha hc v danh mc kha hc/a_Nhp mn Cng ngh phn mm' is clicked on

2022-02-13 18:38:30 - [TEST_STEP][PASSED] - click(findTestObject("Object Repository/Create course/Page_Qun l kha hc v danh mc kha hc/a_Xo")): Object: 'Object Repository/Create course/Page_Qun l kha hc v danh mc kha hc/a_Xo' is clicked on

2022-02-13 18:38:36 - [MESSAGE][INFO] - Unable to find the element located by 'By.xpath: //a[@id='action_link61d570ff7b02a61']'. Please recheck the objects properties to make sure the desired element is located. 

2022-02-13 18:38:36 - [MESSAGE][WARNING] - [SELF-HEALING] Failed to find element with id 'Object Repository/Create course/Page_Qun l kha hc v danh mc kha hc/a_Xo'. Try using Self-healing.

2022-02-13 18:38:36 - [MESSAGE][WARNING] - [SELF-HEALING] The current locator of test object 'Object Repository/Create course/Page_Qun l kha hc v danh mc kha hc/a_Xo' was broken. Propose an alternative one: '//div[@id='course-detail']/div/div[2]/div/a[4]'.

2022-02-13 18:38:37 - [MESSAGE][PASSED] - Object: 'Object Repository/Create course/Page_Qun l kha hc v danh mc kha hc/a_Xo' is clicked on

2022-02-13 18:38:37 - [TEST_STEP][PASSED] - click(findTestObject("Object Repository/Create course/Page_Moodle Xo CNPM/button_Xo")): Object: 'Object Repository/Create course/Page_Moodle Xo CNPM/button_Xo' is clicked on

2022-02-13 18:38:43 - [MESSAGE][INFO] - Unable to find the element located by 'By.xpath: //button[@id='single_button61dfb22f3a4de19']'. Please recheck the objects properties to make sure the desired element is located. 

2022-02-13 18:38:43 - [MESSAGE][WARNING] - [SELF-HEALING] Failed to find element with id 'Object Repository/Create course/Page_Moodle Xo CNPM/button_Xo'. Try using Self-healing.

2022-02-13 18:38:44 - [MESSAGE][WARNING] - [SELF-HEALING] The current locator of test object 'Object Repository/Create course/Page_Moodle Xo CNPM/button_Xo' was broken. Propose an alternative one: '//div[@id='modal-footer']/div/div/form/button'.

2022-02-13 18:38:46 - [MESSAGE][PASSED] - Object: 'Object Repository/Create course/Page_Moodle Xo CNPM/button_Xo' is clicked on

2022-02-13 18:38:46 - [TEST_STEP][PASSED] - click(findTestObject("Object Repository/Create course/Page_Moodle Xo CNPM/button_Tip tc")): Object: 'Object Repository/Create course/Page_Moodle Xo CNPM/button_Tip tc' is clicked on

2022-02-13 18:38:52 - [MESSAGE][INFO] - Unable to find the element located by 'By.xpath: //button[@id='single_button61d571098d12119']'. Please recheck the objects properties to make sure the desired element is located. 

2022-02-13 18:38:52 - [MESSAGE][WARNING] - [SELF-HEALING] Failed to find element with id 'Object Repository/Create course/Page_Moodle Xo CNPM/button_Tip tc'. Try using Self-healing.

2022-02-13 18:38:53 - [MESSAGE][WARNING] - [SELF-HEALING] The current locator of test object 'Object Repository/Create course/Page_Moodle Xo CNPM/button_Tip tc' was broken. Propose an alternative one: '(.//*[normalize-space(text()) and normalize-space(.)='CNPM đã được xoá hoàn toàn'])[1]/following::button[1]'.

2022-02-13 18:38:55 - [MESSAGE][PASSED] - Object: 'Object Repository/Create course/Page_Moodle Xo CNPM/button_Tip tc' is clicked on

2022-02-13 18:38:55 - [MESSAGE][INFO] - 

2022-02-13 18:38:55 - [MESSAGE][INFO] - ===================== Self-healing Report ====================

2022-02-13 18:38:55 - [MESSAGE][INFO] - One of the failed test object locators has been recovered by Self-healing. Please refer to the Self-healing Insights tab for more details.

2022-02-13 18:38:55 - [MESSAGE][INFO] - To learn more about Self-healing, please read https://docs.katalon.com/katalon-studio/docs/self-healing.html

2022-02-13 18:38:55 - [MESSAGE][INFO] - ==============================================================

2022-02-13 18:38:55 - [MESSAGE][PASSED] - Call Test Case 'Test Cases/Utils/Delete course CNPM' successfully

2022-02-13 18:38:55 - [TEST_STEP][PASSED] - closeBrowser(): Browser is closed

2022-02-13 18:38:56 - [MESSAGE][PASSED] - Browser is closed]]></system-out>
         <system-err><![CDATA[]]></system-err>
      </testcase>
      <testcase name="Test Cases/Students answering question being overdue or on time/Answer choice question overdue" time="21.206" classname="Test Cases/Students answering question being overdue or on time/Answer choice question overdue" status="PASSED">
         <system-out><![CDATA[2022-02-13 18:38:56 - [TEST_CASE][PASSED] - Test Cases/Students answering question being overdue or on time/Answer choice question overdue: Test Cases/Students answering question being overdue or on time/Answer choice question overdue

2022-02-13 18:38:56 - [TEST_STEP][PASSED] - openBrowser(""): Browser is opened with url: ''

2022-02-13 18:38:56 - [MESSAGE][INFO] - Starting 'Edge Chromium' driver

2022-02-13 18:38:59 - [MESSAGE][INFO] - Action delay is set to 0 milliseconds

2022-02-13 18:39:00 - [MESSAGE][PASSED] - Browser is opened with url: ''

2022-02-13 18:39:00 - [TEST_STEP][PASSED] - navigateToUrl("http://localhost/"): Navigate to 'http://localhost/' successfully

2022-02-13 18:39:01 - [MESSAGE][PASSED] - Navigate to 'http://localhost/' successfully

2022-02-13 18:39:01 - [TEST_STEP][PASSED] - click(findTestObject("Object Repository/Student answering question being overdue or on time/Page_Local Moodle/a_Log in")): Object: 'Object Repository/Student answering question being overdue or on time/Page_Local Moodle/a_Log in' is clicked on

2022-02-13 18:39:02 - [MESSAGE][PASSED] - Object: 'Object Repository/Student answering question being overdue or on time/Page_Local Moodle/a_Log in' is clicked on

2022-02-13 18:39:02 - [TEST_STEP][PASSED] - setText(findTestObject("Object Repository/Student answering question being overdue or on time/Page_Local Moodle Log in to the site/input_Username_username"), "hs02"): Text 'hs02' is set on object 'Object Repository/Student answering question being overdue or on time/Page_Local Moodle Log in to the site/input_Username_username'

2022-02-13 18:39:03 - [MESSAGE][PASSED] - Text 'hs02' is set on object 'Object Repository/Student answering question being overdue or on time/Page_Local Moodle Log in to the site/input_Username_username'

2022-02-13 18:39:03 - [TEST_STEP][PASSED] - setEncryptedText(findTestObject("Object Repository/Student answering question being overdue or on time/Page_Local Moodle Log in to the site/input_Password_password"), "RigbBhfdqOBGP4y92+oMSw=="): Text ****** has been set on object 'Object Repository/Student answering question being overdue or on time/Page_Local Moodle Log in to the site/input_Password_password'

2022-02-13 18:39:04 - [MESSAGE][PASSED] - Text ****** has been set on object 'Object Repository/Student answering question being overdue or on time/Page_Local Moodle Log in to the site/input_Password_password'

2022-02-13 18:39:04 - [TEST_STEP][PASSED] - click(findTestObject("Object Repository/Student answering question being overdue or on time/Page_Local Moodle Log in to the site/button_Log in")): Object: 'Object Repository/Student answering question being overdue or on time/Page_Local Moodle Log in to the site/button_Log in' is clicked on

2022-02-13 18:39:06 - [MESSAGE][PASSED] - Object: 'Object Repository/Student answering question being overdue or on time/Page_Local Moodle Log in to the site/button_Log in' is clicked on

2022-02-13 18:39:06 - [TEST_STEP][PASSED] - click(findTestObject("Object Repository/Student answering question being overdue or on time/Page_Nh ca ti/span_Trang ch h thng")): Object: 'Object Repository/Student answering question being overdue or on time/Page_Nh ca ti/span_Trang ch h thng' is clicked on

2022-02-13 18:39:08 - [MESSAGE][PASSED] - Object: 'Object Repository/Student answering question being overdue or on time/Page_Nh ca ti/span_Trang ch h thng' is clicked on

2022-02-13 18:39:08 - [TEST_STEP][PASSED] - click(findTestObject("Object Repository/Student answering question being overdue or on time/Page_Local Moodle/a_Nhp mn cng ngh phn mm")): Object: 'Object Repository/Student answering question being overdue or on time/Page_Local Moodle/a_Nhp mn cng ngh phn mm' is clicked on

2022-02-13 18:39:09 - [MESSAGE][PASSED] - Object: 'Object Repository/Student answering question being overdue or on time/Page_Local Moodle/a_Nhp mn cng ngh phn mm' is clicked on

2022-02-13 18:39:09 - [TEST_STEP][PASSED] - click(findTestObject("Object Repository/Student answering question being overdue or on time/Page_Kha Nhp mn cng ngh phn mm/span_Cu hi trc nghim Cu hi thm d")): Object: 'Object Repository/Student answering question being overdue or on time/Page_Kha Nhp mn cng ngh phn mm/span_Cu hi trc nghim Cu hi thm d' is clicked on

2022-02-13 18:39:15 - [MESSAGE][INFO] - Unable to find the element located by 'By.xpath: //li[@id='module-136']/div/div/div[2]/div/a/span'. Please recheck the objects properties to make sure the desired element is located. 

2022-02-13 18:39:15 - [MESSAGE][WARNING] - [SELF-HEALING] Failed to find element with id 'Object Repository/Student answering question being overdue or on time/Page_Kha Nhp mn cng ngh phn mm/span_Cu hi trc nghim Cu hi thm d'. Try using Self-healing.

2022-02-13 18:39:15 - [MESSAGE][WARNING] - [SELF-HEALING] The current locator of test object 'Object Repository/Student answering question being overdue or on time/Page_Kha Nhp mn cng ngh phn mm/span_Cu hi trc nghim Cu hi thm d' was broken. Propose an alternative one: '(.//*[normalize-space(text()) and normalize-space(.)='Chủ đề 1'])[2]/following::span[1]'.

2022-02-13 18:39:16 - [MESSAGE][PASSED] - Object: 'Object Repository/Student answering question being overdue or on time/Page_Kha Nhp mn cng ngh phn mm/span_Cu hi trc nghim Cu hi thm d' is clicked on

2022-02-13 18:39:16 - [TEST_STEP][PASSED] - verifyElementText(findTestObject("Object Repository/Student answering question being overdue or on time/Page_Cu hi trc nghim/div_Hin khng th xem c kt qu"), "Hiện không thể xem được kết quả."): Actual text and expected text of test object 'Object Repository/Student answering question being overdue or on time/Page_Cu hi trc nghim/div_Hin khng th xem c kt qu' are matched.

2022-02-13 18:39:17 - [MESSAGE][PASSED] - Actual text and expected text of test object 'Object Repository/Student answering question being overdue or on time/Page_Cu hi trc nghim/div_Hin khng th xem c kt qu' are matched.

2022-02-13 18:39:17 - [TEST_STEP][PASSED] - closeBrowser(): Browser is closed

2022-02-13 18:39:17 - [MESSAGE][PASSED] - Browser is closed]]></system-out>
         <system-err><![CDATA[]]></system-err>
      </testcase>
      <testcase name="Test Cases/Students answering question being overdue or on time/Answer text question on time" time="202.047" classname="Test Cases/Students answering question being overdue or on time/Answer text question on time" status="PASSED">
         <system-out><![CDATA[2022-02-13 18:39:17 - [TEST_CASE][PASSED] - Test Cases/Students answering question being overdue or on time/Answer text question on time: Test Cases/Students answering question being overdue or on time/Answer text question on time

2022-02-13 18:39:18 - [TEST_STEP][PASSED] - openBrowser(""): Browser is opened with url: ''

2022-02-13 18:39:18 - [MESSAGE][INFO] - Starting 'Edge Chromium' driver

2022-02-13 18:39:20 - [MESSAGE][INFO] - Action delay is set to 0 milliseconds

2022-02-13 18:39:21 - [MESSAGE][PASSED] - Browser is opened with url: ''

2022-02-13 18:39:21 - [TEST_STEP][PASSED] - navigateToUrl("http://localhost/"): Navigate to 'http://localhost/' successfully

2022-02-13 18:39:22 - [MESSAGE][PASSED] - Navigate to 'http://localhost/' successfully

2022-02-13 18:39:22 - [TEST_STEP][PASSED] - callTestCase(findTestCase("Utils/Create course CNPM"), [:], STOP_ON_FAILURE): Call Test Case 'Test Cases/Utils/Create course CNPM' successfully

2022-02-13 18:39:22 - [TEST_CASE][PASSED] - Test Cases/Utils/Create course CNPM: Test Cases/Utils/Create course CNPM

2022-02-13 18:39:22 - [TEST_STEP][PASSED] - callTestCase(findTestCase("Utils/Login as admin"), [:], STOP_ON_FAILURE): Call Test Case 'Test Cases/Utils/Login as admin' successfully

2022-02-13 18:39:22 - [TEST_CASE][PASSED] - Test Cases/Utils/Login as admin: Test Cases/Utils/Login as admin

2022-02-13 18:39:22 - [TEST_STEP][PASSED] - click(findTestObject("View course grade/Page_Local Moodle/a_Log in")): Object: 'Object Repository/View course grade/Page_Local Moodle/a_Log in' is clicked on

2022-02-13 18:39:23 - [MESSAGE][PASSED] - Object: 'Object Repository/View course grade/Page_Local Moodle/a_Log in' is clicked on

2022-02-13 18:39:23 - [TEST_STEP][PASSED] - setText(findTestObject("View course grade/Page_Local Moodle Log in to the site/input_Username_username"), "admin"): Text 'admin' is set on object 'Object Repository/View course grade/Page_Local Moodle Log in to the site/input_Username_username'

2022-02-13 18:39:24 - [MESSAGE][PASSED] - Text 'admin' is set on object 'Object Repository/View course grade/Page_Local Moodle Log in to the site/input_Username_username'

2022-02-13 18:39:24 - [TEST_STEP][PASSED] - setEncryptedText(findTestObject("View course grade/Page_Local Moodle Log in to the site/input_Password_password"), "bfAykA/oWJ09FXmiKh6lyuuLu8QhG1K5"): Text ****** has been set on object 'Object Repository/View course grade/Page_Local Moodle Log in to the site/input_Password_password'

2022-02-13 18:39:25 - [MESSAGE][PASSED] - Text ****** has been set on object 'Object Repository/View course grade/Page_Local Moodle Log in to the site/input_Password_password'

2022-02-13 18:39:25 - [TEST_STEP][PASSED] - click(findTestObject("View course grade/Page_Local Moodle Log in to the site/button_Log in")): Object: 'Object Repository/View course grade/Page_Local Moodle Log in to the site/button_Log in' is clicked on

2022-02-13 18:39:27 - [MESSAGE][PASSED] - Object: 'Object Repository/View course grade/Page_Local Moodle Log in to the site/button_Log in' is clicked on

2022-02-13 18:39:27 - [MESSAGE][PASSED] - Call Test Case 'Test Cases/Utils/Login as admin' successfully

2022-02-13 18:39:27 - [TEST_STEP][PASSED] - click(findTestObject("Object Repository/Utils/Page_Nh ca ti/span_Qun tr khu vc")): Object: 'Object Repository/Utils/Page_Nh ca ti/span_Qun tr khu vc' is clicked on

2022-02-13 18:39:31 - [MESSAGE][PASSED] - Object: 'Object Repository/Utils/Page_Nh ca ti/span_Qun tr khu vc' is clicked on

2022-02-13 18:39:31 - [TEST_STEP][PASSED] - click(findTestObject("Object Repository/Utils/Page_Moodle Khu vc qun tr Tm kim/a_Kho hc")): Object: 'Object Repository/Utils/Page_Moodle Khu vc qun tr Tm kim/a_Kho hc' is clicked on

2022-02-13 18:39:31 - [MESSAGE][PASSED] - Object: 'Object Repository/Utils/Page_Moodle Khu vc qun tr Tm kim/a_Kho hc' is clicked on

2022-02-13 18:39:31 - [TEST_STEP][PASSED] - click(findTestObject("Object Repository/Utils/Page_Moodle Khu vc qun tr Tm kim/a_Thmsa cc kho hc")): Object: 'Object Repository/Utils/Page_Moodle Khu vc qun tr Tm kim/a_Thmsa cc kho hc' is clicked on

2022-02-13 18:39:32 - [MESSAGE][PASSED] - Object: 'Object Repository/Utils/Page_Moodle Khu vc qun tr Tm kim/a_Thmsa cc kho hc' is clicked on

2022-02-13 18:39:32 - [TEST_STEP][PASSED] - click(findTestObject("Object Repository/Utils/Page_Qun l kha hc v danh mc kha hc/a_To kha hc mi")): Object: 'Object Repository/Utils/Page_Qun l kha hc v danh mc kha hc/a_To kha hc mi' is clicked on

2022-02-13 18:39:39 - [MESSAGE][INFO] - Unable to find the element located by 'By.xpath: //div[@id='yui_3_17_2_1_1641906891631_57']/div/div/a'. Please recheck the objects properties to make sure the desired element is located. 

2022-02-13 18:39:39 - [MESSAGE][WARNING] - [SELF-HEALING] Failed to find element with id 'Object Repository/Utils/Page_Qun l kha hc v danh mc kha hc/a_To kha hc mi'. Try using Self-healing.

2022-02-13 18:39:39 - [MESSAGE][WARNING] - [SELF-HEALING] The current locator of test object 'Object Repository/Utils/Page_Qun l kha hc v danh mc kha hc/a_To kha hc mi' was broken. Propose an alternative one: '//a[contains(text(),'Tạo khóa học mới')]'.

2022-02-13 18:39:41 - [MESSAGE][PASSED] - Object: 'Object Repository/Utils/Page_Qun l kha hc v danh mc kha hc/a_To kha hc mi' is clicked on

2022-02-13 18:39:41 - [TEST_STEP][PASSED] - setText(findTestObject("Object Repository/Utils/Page_Moodle Thm kho hc mi/input_Tn y_fullname"), "Nhập môn Công nghệ phần mềm"): Text 'Nhập môn Công nghệ phần mềm' is set on object 'Object Repository/Utils/Page_Moodle Thm kho hc mi/input_Tn y_fullname'

2022-02-13 18:39:43 - [MESSAGE][PASSED] - Text 'Nhập môn Công nghệ phần mềm' is set on object 'Object Repository/Utils/Page_Moodle Thm kho hc mi/input_Tn y_fullname'

2022-02-13 18:39:43 - [TEST_STEP][PASSED] - setText(findTestObject("Object Repository/Utils/Page_Moodle Thm kho hc mi/input_Tn rt gn ca kho hc_shortname"), "CNPM"): Text 'CNPM' is set on object 'Object Repository/Utils/Page_Moodle Thm kho hc mi/input_Tn rt gn ca kho hc_shortname'

2022-02-13 18:39:44 - [MESSAGE][PASSED] - Text 'CNPM' is set on object 'Object Repository/Utils/Page_Moodle Thm kho hc mi/input_Tn rt gn ca kho hc_shortname'

2022-02-13 18:39:44 - [TEST_STEP][PASSED] - click(findTestObject("Object Repository/Utils/Page_Moodle Thm kho hc mi/input__saveanddisplay")): Object: 'Object Repository/Utils/Page_Moodle Thm kho hc mi/input__saveanddisplay' is clicked on

2022-02-13 18:39:47 - [MESSAGE][PASSED] - Object: 'Object Repository/Utils/Page_Moodle Thm kho hc mi/input__saveanddisplay' is clicked on

2022-02-13 18:39:47 - [TEST_STEP][PASSED] - click(findTestObject("Object Repository/Utils/Page_CNPM Danh sch thnh vin/input_Danh sch thnh vin_btn btn-secondary my-1")): Object: 'Object Repository/Utils/Page_CNPM Danh sch thnh vin/input_Danh sch thnh vin_btn btn-secondary my-1' is clicked on

2022-02-13 18:39:47 - [MESSAGE][PASSED] - Object: 'Object Repository/Utils/Page_CNPM Danh sch thnh vin/input_Danh sch thnh vin_btn btn-secondary my-1' is clicked on

2022-02-13 18:39:47 - [TEST_STEP][PASSED] - click(findTestObject("Object Repository/Utils/Page_CNPM Danh sch thnh vin/span_")): Object: 'Object Repository/Utils/Page_CNPM Danh sch thnh vin/span_' is clicked on

2022-02-13 18:39:54 - [MESSAGE][INFO] - Unable to find the element located by 'By.xpath: //span[@id='form_autocomplete_downarrow-1641965227117']'. Please recheck the objects properties to make sure the desired element is located. 

2022-02-13 18:39:54 - [MESSAGE][WARNING] - [SELF-HEALING] Failed to find element with id 'Object Repository/Utils/Page_CNPM Danh sch thnh vin/span_'. Try using Self-healing.

2022-02-13 18:39:54 - [MESSAGE][WARNING] - [SELF-HEALING] The current locator of test object 'Object Repository/Utils/Page_CNPM Danh sch thnh vin/span_' was broken. Propose an alternative one: '//div[@id='fitem_id_userlist']/div[2]/div[3]/span'.

2022-02-13 18:39:54 - [MESSAGE][PASSED] - Object: 'Object Repository/Utils/Page_CNPM Danh sch thnh vin/span_' is clicked on

2022-02-13 18:39:54 - [TEST_STEP][PASSED] - click(findTestObject("Object Repository/Utils/Page_CNPM Danh sch thnh vin/span_Student Nguyen")): Object: 'Object Repository/Utils/Page_CNPM Danh sch thnh vin/span_Student Nguyen' is clicked on

2022-02-13 18:40:00 - [MESSAGE][INFO] - Unable to find the element located by 'By.xpath: //li[@id='form_autocomplete_suggestions-1641965227117-0']/span/span'. Please recheck the objects properties to make sure the desired element is located. 

2022-02-13 18:40:00 - [MESSAGE][WARNING] - [SELF-HEALING] Failed to find element with id 'Object Repository/Utils/Page_CNPM Danh sch thnh vin/span_Student Nguyen'. Try using Self-healing.

2022-02-13 18:40:01 - [MESSAGE][INFO] - Unable to find the element located by 'By.xpath: (.//*[normalize-space(text()) and normalize-space(.)='student1@gmail.com'])[2]/following::span[2]'. Please recheck the objects properties to make sure the desired element is located. 

2022-02-13 18:40:02 - [MESSAGE][WARNING] - [SELF-HEALING] The current locator of test object 'Object Repository/Utils/Page_CNPM Danh sch thnh vin/span_Student Nguyen' was broken. Propose an alternative one: '(.//*[normalize-space(text()) and normalize-space(.)='student@gmail.com'])[2]/preceding::span[1]'.

2022-02-13 18:40:02 - [MESSAGE][PASSED] - Object: 'Object Repository/Utils/Page_CNPM Danh sch thnh vin/span_Student Nguyen' is clicked on

2022-02-13 18:40:02 - [TEST_STEP][PASSED] - click(findTestObject("Object Repository/Utils/Page_CNPM Danh sch thnh vin/button_Ghi danh ngi dng")): Object: 'Object Repository/Utils/Page_CNPM Danh sch thnh vin/button_Ghi danh ngi dng' is clicked on

2022-02-13 18:40:08 - [MESSAGE][INFO] - Unable to find the element located by 'By.xpath: //button[@id='yui_3_17_2_1_1641965226678_264']'. Please recheck the objects properties to make sure the desired element is located. 

2022-02-13 18:40:08 - [MESSAGE][WARNING] - [SELF-HEALING] Failed to find element with id 'Object Repository/Utils/Page_CNPM Danh sch thnh vin/button_Ghi danh ngi dng'. Try using Self-healing.

2022-02-13 18:40:08 - [MESSAGE][WARNING] - [SELF-HEALING] The current locator of test object 'Object Repository/Utils/Page_CNPM Danh sch thnh vin/button_Ghi danh ngi dng' was broken. Propose an alternative one: '(.//*[normalize-space(text()) and normalize-space(.)='Phút'])[1]/following::button[1]'.

2022-02-13 18:40:08 - [MESSAGE][PASSED] - Object: 'Object Repository/Utils/Page_CNPM Danh sch thnh vin/button_Ghi danh ngi dng' is clicked on

2022-02-13 18:40:08 - [TEST_STEP][PASSED] - click(findTestObject("Object Repository/Utils/Page_CNPM Danh sch thnh vin/input_Danh sch thnh vin_btn btn-secondary my-1")): Object: 'Object Repository/Utils/Page_CNPM Danh sch thnh vin/input_Danh sch thnh vin_btn btn-secondary my-1' is clicked on

2022-02-13 18:40:09 - [MESSAGE][PASSED] - Object: 'Object Repository/Utils/Page_CNPM Danh sch thnh vin/input_Danh sch thnh vin_btn btn-secondary my-1' is clicked on

2022-02-13 18:40:09 - [TEST_STEP][PASSED] - selectOptionByValue(findTestObject("Object Repository/Create course/Page_CNPM Danh sch thnh vin/select_Ngi qun l            Gio vin        _4311d9"), "3", true): All options with value '3' are selected in object 'Object Repository/Create course/Page_CNPM Danh sch thnh vin/select_Ngi qun l            Gio vin        _4311d9'  using regular expression

2022-02-13 18:40:11 - [MESSAGE][PASSED] - All options with value '3' are selected in object 'Object Repository/Create course/Page_CNPM Danh sch thnh vin/select_Ngi qun l            Gio vin        _4311d9'  using regular expression

2022-02-13 18:40:11 - [TEST_STEP][PASSED] - click(findTestObject("Object Repository/Utils/Page_CNPM Danh sch thnh vin/span_")): Object: 'Object Repository/Utils/Page_CNPM Danh sch thnh vin/span_' is clicked on

2022-02-13 18:40:18 - [MESSAGE][INFO] - Unable to find the element located by 'By.xpath: //span[@id='form_autocomplete_downarrow-1641965227117']'. Please recheck the objects properties to make sure the desired element is located. 

2022-02-13 18:40:18 - [MESSAGE][WARNING] - [SELF-HEALING] Failed to find element with id 'Object Repository/Utils/Page_CNPM Danh sch thnh vin/span_'. Try using Self-healing.

2022-02-13 18:40:18 - [MESSAGE][WARNING] - [SELF-HEALING] The current locator of test object 'Object Repository/Utils/Page_CNPM Danh sch thnh vin/span_' was broken. Propose an alternative one: '//div[@id='fitem_id_userlist']/div[2]/div[3]/span'.

2022-02-13 18:40:18 - [MESSAGE][PASSED] - Object: 'Object Repository/Utils/Page_CNPM Danh sch thnh vin/span_' is clicked on

2022-02-13 18:40:18 - [TEST_STEP][PASSED] - click(findTestObject("Object Repository/Create course/Page_CNPM Danh sch thnh vin/span_Nguyen Van A")): Object: 'Object Repository/Create course/Page_CNPM Danh sch thnh vin/span_Nguyen Van A' is clicked on

2022-02-13 18:40:24 - [MESSAGE][INFO] - Unable to find the element located by 'By.xpath: //li[@id='form_autocomplete_suggestions-1642350427588-0']/span/span'. Please recheck the objects properties to make sure the desired element is located. 

2022-02-13 18:40:24 - [MESSAGE][WARNING] - [SELF-HEALING] Failed to find element with id 'Object Repository/Create course/Page_CNPM Danh sch thnh vin/span_Nguyen Van A'. Try using Self-healing.

2022-02-13 18:40:25 - [MESSAGE][WARNING] - [SELF-HEALING] The current locator of test object 'Object Repository/Create course/Page_CNPM Danh sch thnh vin/span_Nguyen Van A' was broken. Propose an alternative one: '(.//*[normalize-space(text()) and normalize-space(.)='▼'])[1]/following::span[2]'.

2022-02-13 18:40:25 - [MESSAGE][PASSED] - Object: 'Object Repository/Create course/Page_CNPM Danh sch thnh vin/span_Nguyen Van A' is clicked on

2022-02-13 18:40:25 - [TEST_STEP][PASSED] - click(findTestObject("Object Repository/Create course/Page_CNPM Danh sch thnh vin/button_Ghi danh ngi dng_1")): Object: 'Object Repository/Create course/Page_CNPM Danh sch thnh vin/button_Ghi danh ngi dng_1' is clicked on

2022-02-13 18:40:31 - [MESSAGE][INFO] - Unable to find the element located by 'By.xpath: //button[@id='yui_3_17_2_1_1642348738650_377']'. Please recheck the objects properties to make sure the desired element is located. 

2022-02-13 18:40:31 - [MESSAGE][WARNING] - [SELF-HEALING] Failed to find element with id 'Object Repository/Create course/Page_CNPM Danh sch thnh vin/button_Ghi danh ngi dng_1'. Try using Self-healing.

2022-02-13 18:40:32 - [MESSAGE][WARNING] - [SELF-HEALING] The current locator of test object 'Object Repository/Create course/Page_CNPM Danh sch thnh vin/button_Ghi danh ngi dng_1' was broken. Propose an alternative one: '(.//*[normalize-space(text()) and normalize-space(.)='Phút'])[1]/following::button[1]'.

2022-02-13 18:40:32 - [MESSAGE][PASSED] - Object: 'Object Repository/Create course/Page_CNPM Danh sch thnh vin/button_Ghi danh ngi dng_1' is clicked on

2022-02-13 18:40:32 - [TEST_STEP][PASSED] - click(findTestObject("Object Repository/Utils/Page_CNPM Danh sch thnh vin/span_CNPM")): Object: 'Object Repository/Utils/Page_CNPM Danh sch thnh vin/span_CNPM' is clicked on

2022-02-13 18:40:34 - [MESSAGE][PASSED] - Object: 'Object Repository/Utils/Page_CNPM Danh sch thnh vin/span_CNPM' is clicked on

2022-02-13 18:40:34 - [TEST_STEP][PASSED] - click(findTestObject("Create folder and quiz/Page_CNPM Danh sch thnh vin/a_Qun tr Thnh vin")): Object: 'Object Repository/Create folder and quiz/Page_CNPM Danh sch thnh vin/a_Qun tr Thnh vin' is clicked on

2022-02-13 18:40:34 - [MESSAGE][PASSED] - Object: 'Object Repository/Create folder and quiz/Page_CNPM Danh sch thnh vin/a_Qun tr Thnh vin' is clicked on

2022-02-13 18:40:34 - [TEST_STEP][PASSED] - click(findTestObject("Create folder and quiz/Page_CNPM Danh sch thnh vin/span_Thot")): Object: 'Object Repository/Create folder and quiz/Page_CNPM Danh sch thnh vin/span_Thot' is clicked on

2022-02-13 18:40:35 - [MESSAGE][PASSED] - Object: 'Object Repository/Create folder and quiz/Page_CNPM Danh sch thnh vin/span_Thot' is clicked on

2022-02-13 18:40:35 - [MESSAGE][INFO] - 

2022-02-13 18:40:35 - [MESSAGE][INFO] - ===================== Self-healing Report ====================

2022-02-13 18:40:35 - [MESSAGE][INFO] - One of the failed test object locators has been recovered by Self-healing. Please refer to the Self-healing Insights tab for more details.

2022-02-13 18:40:35 - [MESSAGE][INFO] - To learn more about Self-healing, please read https://docs.katalon.com/katalon-studio/docs/self-healing.html

2022-02-13 18:40:35 - [MESSAGE][INFO] - ==============================================================

2022-02-13 18:40:35 - [MESSAGE][PASSED] - Call Test Case 'Test Cases/Utils/Create course CNPM' successfully

2022-02-13 18:40:35 - [TEST_STEP][PASSED] - callTestCase(findTestCase("Utils/Login as teacher"), [:], STOP_ON_FAILURE): Call Test Case 'Test Cases/Utils/Login as teacher' successfully

2022-02-13 18:40:36 - [TEST_CASE][PASSED] - Test Cases/Utils/Login as teacher: Test Cases/Utils/Login as teacher

2022-02-13 18:40:36 - [TEST_STEP][PASSED] - click(findTestObject("Create folder and quiz/Page_Local Moodle/a_Log in")): Object: 'Object Repository/Create folder and quiz/Page_Local Moodle/a_Log in' is clicked on

2022-02-13 18:40:37 - [MESSAGE][PASSED] - Object: 'Object Repository/Create folder and quiz/Page_Local Moodle/a_Log in' is clicked on

2022-02-13 18:40:37 - [TEST_STEP][PASSED] - setText(findTestObject("Object Repository/Create course/Page_New Moodle Site Log in to the site/input_Username_username"), "hs01"): Text 'hs01' is set on object 'Object Repository/Create course/Page_New Moodle Site Log in to the site/input_Username_username'

2022-02-13 18:40:38 - [MESSAGE][PASSED] - Text 'hs01' is set on object 'Object Repository/Create course/Page_New Moodle Site Log in to the site/input_Username_username'

2022-02-13 18:40:38 - [TEST_STEP][PASSED] - setEncryptedText(findTestObject("Object Repository/Create course/Page_New Moodle Site Log in to the site/input_Password_password"), "o5TCnEIIWq2SeGQhIMNXLQ=="): Text ****** has been set on object 'Object Repository/Create course/Page_New Moodle Site Log in to the site/input_Password_password'

2022-02-13 18:40:38 - [MESSAGE][PASSED] - Text ****** has been set on object 'Object Repository/Create course/Page_New Moodle Site Log in to the site/input_Password_password'

2022-02-13 18:40:38 - [TEST_STEP][PASSED] - click(findTestObject("Create folder and quiz/Page_Local Moodle Log in to the site/button_Log in")): Object: 'Object Repository/Create folder and quiz/Page_Local Moodle Log in to the site/button_Log in' is clicked on

2022-02-13 18:40:41 - [MESSAGE][PASSED] - Object: 'Object Repository/Create folder and quiz/Page_Local Moodle Log in to the site/button_Log in' is clicked on

2022-02-13 18:40:41 - [MESSAGE][INFO] - 

2022-02-13 18:40:41 - [MESSAGE][INFO] - ===================== Self-healing Report ====================

2022-02-13 18:40:41 - [MESSAGE][INFO] - One of the failed test object locators has been recovered by Self-healing. Please refer to the Self-healing Insights tab for more details.

2022-02-13 18:40:41 - [MESSAGE][INFO] - To learn more about Self-healing, please read https://docs.katalon.com/katalon-studio/docs/self-healing.html

2022-02-13 18:40:41 - [MESSAGE][INFO] - ==============================================================

2022-02-13 18:40:41 - [MESSAGE][PASSED] - Call Test Case 'Test Cases/Utils/Login as teacher' successfully

2022-02-13 18:40:41 - [TEST_STEP][PASSED] - click(findTestObject("Object Repository/Create folder and quiz/Page_Nh ca ti/span_Trang ch h thng")): Object: 'Object Repository/Create folder and quiz/Page_Nh ca ti/span_Trang ch h thng' is clicked on

2022-02-13 18:40:43 - [MESSAGE][PASSED] - Object: 'Object Repository/Create folder and quiz/Page_Nh ca ti/span_Trang ch h thng' is clicked on

2022-02-13 18:40:43 - [TEST_STEP][PASSED] - click(findTestObject("Object Repository/Create folder and quiz/Page_New Moodle Site/a_Nhp mn Cng ngh phn mm")): Object: 'Object Repository/Create folder and quiz/Page_New Moodle Site/a_Nhp mn Cng ngh phn mm' is clicked on

2022-02-13 18:40:45 - [MESSAGE][PASSED] - Object: 'Object Repository/Create folder and quiz/Page_New Moodle Site/a_Nhp mn Cng ngh phn mm' is clicked on

2022-02-13 18:40:45 - [TEST_STEP][PASSED] - click(findTestObject("Object Repository/Create folder and quiz/Page_Kha Nhp mn Cng ngh phn mm/button_Bt ch  chnh sa")): Object: 'Object Repository/Create folder and quiz/Page_Kha Nhp mn Cng ngh phn mm/button_Bt ch  chnh sa' is clicked on

2022-02-13 18:40:51 - [MESSAGE][INFO] - Unable to find the element located by 'By.xpath: //button[@id='single_button61e44f855865c1']'. Please recheck the objects properties to make sure the desired element is located. 

2022-02-13 18:40:51 - [MESSAGE][WARNING] - [SELF-HEALING] Failed to find element with id 'Object Repository/Create folder and quiz/Page_Kha Nhp mn Cng ngh phn mm/button_Bt ch  chnh sa'. Try using Self-healing.

2022-02-13 18:40:51 - [MESSAGE][WARNING] - [SELF-HEALING] The current locator of test object 'Object Repository/Create folder and quiz/Page_Kha Nhp mn Cng ngh phn mm/button_Bt ch  chnh sa' was broken. Propose an alternative one: '(.//*[normalize-space(text()) and normalize-space(.)='Các khoá học của tôi'])[2]/following::button[1]'.

2022-02-13 18:40:52 - [MESSAGE][PASSED] - Object: 'Object Repository/Create folder and quiz/Page_Kha Nhp mn Cng ngh phn mm/button_Bt ch  chnh sa' is clicked on

2022-02-13 18:40:52 - [TEST_STEP][PASSED] - click(findTestObject("Object Repository/Create folder and quiz/Page_Kha Nhp mn Cng ngh phn mm/span_Thm hot ng hoc ti nguyn")): Object: 'Object Repository/Create folder and quiz/Page_Kha Nhp mn Cng ngh phn mm/span_Thm hot ng hoc ti nguyn' is clicked on

2022-02-13 18:40:59 - [MESSAGE][INFO] - Unable to find the element located by 'By.xpath: //*[@id = 'yui_3_17_2_1_1642352521094_616' and (text() = 'Thêm hoạt động hoặc tài nguyên' or . = 'Thêm hoạt động hoặc tài nguyên')]'. Please recheck the objects properties to make sure the desired element is located. 

2022-02-13 18:40:59 - [MESSAGE][WARNING] - [SELF-HEALING] Failed to find element with id 'Object Repository/Create folder and quiz/Page_Kha Nhp mn Cng ngh phn mm/span_Thm hot ng hoc ti nguyn'. Try using Self-healing.

2022-02-13 18:40:59 - [MESSAGE][WARNING] - [SELF-HEALING] The current locator of test object 'Object Repository/Create folder and quiz/Page_Kha Nhp mn Cng ngh phn mm/span_Thm hot ng hoc ti nguyn' was broken. Propose an alternative one: '(.//*[normalize-space(text()) and normalize-space(.)='Chủ đề 1'])[2]/following::span[3]'.

2022-02-13 18:40:59 - [MESSAGE][PASSED] - Object: 'Object Repository/Create folder and quiz/Page_Kha Nhp mn Cng ngh phn mm/span_Thm hot ng hoc ti nguyn' is clicked on

2022-02-13 18:40:59 - [TEST_STEP][PASSED] - click(findTestObject("Object Repository/Student answering question being overdue or on time/Page_Kha Nhp mn cng ngh phn mm/div_Bi tp")): Object: 'Object Repository/Student answering question being overdue or on time/Page_Kha Nhp mn cng ngh phn mm/div_Bi tp' is clicked on

2022-02-13 18:41:03 - [MESSAGE][PASSED] - Object: 'Object Repository/Student answering question being overdue or on time/Page_Kha Nhp mn cng ngh phn mm/div_Bi tp' is clicked on

2022-02-13 18:41:03 - [TEST_STEP][PASSED] - setText(findTestObject("Object Repository/Student answering question being overdue or on time/Page_Bin son Bi tp/input_Tn bi tp_name"), "Trả lời câu hỏi trực tiếp"): Text 'Trả lời câu hỏi trực tiếp' is set on object 'Object Repository/Student answering question being overdue or on time/Page_Bin son Bi tp/input_Tn bi tp_name'

2022-02-13 18:41:05 - [MESSAGE][PASSED] - Text 'Trả lời câu hỏi trực tiếp' is set on object 'Object Repository/Student answering question being overdue or on time/Page_Bin son Bi tp/input_Tn bi tp_name'

2022-02-13 18:41:05 - [TEST_STEP][PASSED] - setText(findTestObject("Object Repository/Student answering question being overdue or on time/Page_Bin son Bi tp/div_Tr li cu hi sau"), "<p dir="ltr" style="text-align: left;">Trả lời câu hỏi sau</p>"): Text '<p dir="ltr" style="text-align: left;">Trả lời câu hỏi sau</p>' is set on object 'Object Repository/Student answering question being overdue or on time/Page_Bin son Bi tp/div_Tr li cu hi sau'

2022-02-13 18:41:06 - [MESSAGE][PASSED] - Text '<p dir="ltr" style="text-align: left;">Trả lời câu hỏi sau</p>' is set on object 'Object Repository/Student answering question being overdue or on time/Page_Bin son Bi tp/div_Tr li cu hi sau'

2022-02-13 18:41:06 - [TEST_STEP][PASSED] - click(findTestObject("Object Repository/Student answering question being overdue or on time/Page_Bin son Bi tp/input_Vn bn trc tuyn_assignsubmission_onlin_3ee3b4")): Object: 'Object Repository/Student answering question being overdue or on time/Page_Bin son Bi tp/input_Vn bn trc tuyn_assignsubmission_onlin_3ee3b4' is clicked on

2022-02-13 18:41:07 - [MESSAGE][PASSED] - Object: 'Object Repository/Student answering question being overdue or on time/Page_Bin son Bi tp/input_Vn bn trc tuyn_assignsubmission_onlin_3ee3b4' is clicked on

2022-02-13 18:41:07 - [TEST_STEP][PASSED] - click(findTestObject("Object Repository/Student answering question being overdue or on time/Page_Bin son Bi tp/input_Upon activity completion_submitbutton")): Object: 'Object Repository/Student answering question being overdue or on time/Page_Bin son Bi tp/input_Upon activity completion_submitbutton' is clicked on

2022-02-13 18:41:10 - [MESSAGE][PASSED] - Object: 'Object Repository/Student answering question being overdue or on time/Page_Bin son Bi tp/input_Upon activity completion_submitbutton' is clicked on

2022-02-13 18:41:10 - [TEST_STEP][PASSED] - click(findTestObject("Object Repository/Student answering question being overdue or on time/Page_NM CNPM Tr li cu hi trc tip/a_Van A Nguyen")): Object: 'Object Repository/Student answering question being overdue or on time/Page_NM CNPM Tr li cu hi trc tip/a_Van A Nguyen' is clicked on

2022-02-13 18:41:11 - [MESSAGE][PASSED] - Object: 'Object Repository/Student answering question being overdue or on time/Page_NM CNPM Tr li cu hi trc tip/a_Van A Nguyen' is clicked on

2022-02-13 18:41:11 - [TEST_STEP][PASSED] - click(findTestObject("Object Repository/Student answering question being overdue or on time/Page_NM CNPM Tr li cu hi trc tip/a_Thot")): Object: 'Object Repository/Student answering question being overdue or on time/Page_NM CNPM Tr li cu hi trc tip/a_Thot' is clicked on

2022-02-13 18:41:12 - [MESSAGE][PASSED] - Object: 'Object Repository/Student answering question being overdue or on time/Page_NM CNPM Tr li cu hi trc tip/a_Thot' is clicked on

2022-02-13 18:41:12 - [TEST_STEP][PASSED] - callTestCase(findTestCase("Utils/Login as student"), [:], STOP_ON_FAILURE): Call Test Case 'Test Cases/Utils/Login as student' successfully

2022-02-13 18:41:12 - [TEST_CASE][PASSED] - Test Cases/Utils/Login as student: Test Cases/Utils/Login as student

2022-02-13 18:41:12 - [TEST_STEP][PASSED] - click(findTestObject("Create folder and quiz/Page_Local Moodle/a_Log in")): Object: 'Object Repository/Create folder and quiz/Page_Local Moodle/a_Log in' is clicked on

2022-02-13 18:41:13 - [MESSAGE][PASSED] - Object: 'Object Repository/Create folder and quiz/Page_Local Moodle/a_Log in' is clicked on

2022-02-13 18:41:13 - [TEST_STEP][PASSED] - setText(findTestObject("Create folder and quiz/Page_Local Moodle Log in to the site/input_Username_username"), "student"): Text 'student' is set on object 'Object Repository/Create folder and quiz/Page_Local Moodle Log in to the site/input_Username_username'

2022-02-13 18:41:14 - [MESSAGE][PASSED] - Text 'student' is set on object 'Object Repository/Create folder and quiz/Page_Local Moodle Log in to the site/input_Username_username'

2022-02-13 18:41:14 - [TEST_STEP][PASSED] - setEncryptedText(findTestObject("Create folder and quiz/Page_Local Moodle Log in to the site/input_Password_password"), "ie7bep3f1gXYsgY0lkRhPw=="): Text ****** has been set on object 'Object Repository/Create folder and quiz/Page_Local Moodle Log in to the site/input_Password_password'

2022-02-13 18:41:15 - [MESSAGE][PASSED] - Text ****** has been set on object 'Object Repository/Create folder and quiz/Page_Local Moodle Log in to the site/input_Password_password'

2022-02-13 18:41:15 - [TEST_STEP][PASSED] - click(findTestObject("Create folder and quiz/Page_Local Moodle Log in to the site/button_Log in")): Object: 'Object Repository/Create folder and quiz/Page_Local Moodle Log in to the site/button_Log in' is clicked on

2022-02-13 18:41:17 - [MESSAGE][PASSED] - Object: 'Object Repository/Create folder and quiz/Page_Local Moodle Log in to the site/button_Log in' is clicked on

2022-02-13 18:41:17 - [MESSAGE][INFO] - 

2022-02-13 18:41:17 - [MESSAGE][INFO] - ===================== Self-healing Report ====================

2022-02-13 18:41:17 - [MESSAGE][INFO] - One of the failed test object locators has been recovered by Self-healing. Please refer to the Self-healing Insights tab for more details.

2022-02-13 18:41:17 - [MESSAGE][INFO] - To learn more about Self-healing, please read https://docs.katalon.com/katalon-studio/docs/self-healing.html

2022-02-13 18:41:17 - [MESSAGE][INFO] - ==============================================================

2022-02-13 18:41:17 - [MESSAGE][PASSED] - Call Test Case 'Test Cases/Utils/Login as student' successfully

2022-02-13 18:41:17 - [TEST_STEP][PASSED] - click(findTestObject("Object Repository/Student answering question being overdue or on time/Page_Nh ca ti/span_Trang ch h thng")): Object: 'Object Repository/Student answering question being overdue or on time/Page_Nh ca ti/span_Trang ch h thng' is clicked on

2022-02-13 18:41:20 - [MESSAGE][PASSED] - Object: 'Object Repository/Student answering question being overdue or on time/Page_Nh ca ti/span_Trang ch h thng' is clicked on

2022-02-13 18:41:20 - [TEST_STEP][PASSED] - click(findTestObject("Object Repository/Student answering question being overdue or on time/Page_New Moodle Site/a_Nhp mn Cng ngh phn mm")): Object: 'Object Repository/Student answering question being overdue or on time/Page_New Moodle Site/a_Nhp mn Cng ngh phn mm' is clicked on

2022-02-13 18:41:21 - [MESSAGE][PASSED] - Object: 'Object Repository/Student answering question being overdue or on time/Page_New Moodle Site/a_Nhp mn Cng ngh phn mm' is clicked on

2022-02-13 18:41:21 - [TEST_STEP][PASSED] - click(findTestObject("Object Repository/Student answering question being overdue or on time/Page_Kha Nhp mn Cng ngh phn mm/span_Tr li cu hi trc tip Bi tp")): Object: 'Object Repository/Student answering question being overdue or on time/Page_Kha Nhp mn Cng ngh phn mm/span_Tr li cu hi trc tip Bi tp' is clicked on

2022-02-13 18:41:27 - [MESSAGE][INFO] - Unable to find the element located by 'By.xpath: //li[@id='module-142']/div/div/div[2]/div/a/span'. Please recheck the objects properties to make sure the desired element is located. 

2022-02-13 18:41:27 - [MESSAGE][WARNING] - [SELF-HEALING] Failed to find element with id 'Object Repository/Student answering question being overdue or on time/Page_Kha Nhp mn Cng ngh phn mm/span_Tr li cu hi trc tip Bi tp'. Try using Self-healing.

2022-02-13 18:41:27 - [MESSAGE][WARNING] - [SELF-HEALING] The current locator of test object 'Object Repository/Student answering question being overdue or on time/Page_Kha Nhp mn Cng ngh phn mm/span_Tr li cu hi trc tip Bi tp' was broken. Propose an alternative one: '(.//*[normalize-space(text()) and normalize-space(.)='Chủ đề 1'])[2]/following::span[1]'.

2022-02-13 18:41:29 - [MESSAGE][PASSED] - Object: 'Object Repository/Student answering question being overdue or on time/Page_Kha Nhp mn Cng ngh phn mm/span_Tr li cu hi trc tip Bi tp' is clicked on

2022-02-13 18:41:29 - [TEST_STEP][PASSED] - click(findTestObject("Object Repository/Student answering question being overdue or on time/Page_CNPM Tr li cu hi trc tip/button_Thm bi np")): Object: 'Object Repository/Student answering question being overdue or on time/Page_CNPM Tr li cu hi trc tip/button_Thm bi np' is clicked on

2022-02-13 18:41:35 - [MESSAGE][INFO] - Unable to find the element located by 'By.xpath: //button[@id='single_button61e573f52d87020']'. Please recheck the objects properties to make sure the desired element is located. 

2022-02-13 18:41:35 - [MESSAGE][WARNING] - [SELF-HEALING] Failed to find element with id 'Object Repository/Student answering question being overdue or on time/Page_CNPM Tr li cu hi trc tip/button_Thm bi np'. Try using Self-healing.

2022-02-13 18:41:35 - [MESSAGE][WARNING] - [SELF-HEALING] The current locator of test object 'Object Repository/Student answering question being overdue or on time/Page_CNPM Tr li cu hi trc tip/button_Thm bi np' was broken. Propose an alternative one: '//section[@id='region-main']/div/div[3]/div[2]/div/form/button'.

2022-02-13 18:41:37 - [MESSAGE][PASSED] - Object: 'Object Repository/Student answering question being overdue or on time/Page_CNPM Tr li cu hi trc tip/button_Thm bi np' is clicked on

2022-02-13 18:41:37 - [TEST_STEP][PASSED] - setText(findTestObject("Object Repository/Student answering question being overdue or on time/Page_CNPM Tr li cu hi trc tip - Sa bi lm/div_hello"), "hello"): Text 'hello' is set on object 'Object Repository/Student answering question being overdue or on time/Page_CNPM Tr li cu hi trc tip - Sa bi lm/div_hello'

2022-02-13 18:41:39 - [MESSAGE][PASSED] - Text 'hello' is set on object 'Object Repository/Student answering question being overdue or on time/Page_CNPM Tr li cu hi trc tip - Sa bi lm/div_hello'

2022-02-13 18:41:39 - [TEST_STEP][PASSED] - click(findTestObject("Object Repository/Student answering question being overdue or on time/Page_CNPM Tr li cu hi trc tip - Sa bi lm/input_ang ti_submitbutton")): Object: 'Object Repository/Student answering question being overdue or on time/Page_CNPM Tr li cu hi trc tip - Sa bi lm/input_ang ti_submitbutton' is clicked on

2022-02-13 18:41:43 - [MESSAGE][PASSED] - Object: 'Object Repository/Student answering question being overdue or on time/Page_CNPM Tr li cu hi trc tip - Sa bi lm/input_ang ti_submitbutton' is clicked on

2022-02-13 18:41:43 - [TEST_STEP][PASSED] - verifyElementText(findTestObject("Object Repository/Student answering question being overdue or on time/Page_NM CNPM Tr li cu hi trc tip/td_np  chm im"), "Đã nộp để chấm điểm"): Actual text and expected text of test object 'Object Repository/Student answering question being overdue or on time/Page_NM CNPM Tr li cu hi trc tip/td_np  chm im' are matched.

2022-02-13 18:41:44 - [MESSAGE][PASSED] - Actual text and expected text of test object 'Object Repository/Student answering question being overdue or on time/Page_NM CNPM Tr li cu hi trc tip/td_np  chm im' are matched.

2022-02-13 18:41:44 - [TEST_STEP][PASSED] - verifyElementText(findTestObject("Object Repository/Student answering question being overdue or on time/Page_NM CNPM Tr li cu hi trc tip/td_Cha chm im"), "Chưa chấm điểm"): Actual text and expected text of test object 'Object Repository/Student answering question being overdue or on time/Page_NM CNPM Tr li cu hi trc tip/td_Cha chm im' are matched.

2022-02-13 18:41:44 - [MESSAGE][PASSED] - Actual text and expected text of test object 'Object Repository/Student answering question being overdue or on time/Page_NM CNPM Tr li cu hi trc tip/td_Cha chm im' are matched.

2022-02-13 18:41:44 - [TEST_STEP][PASSED] - click(findTestObject("Create folder and quiz/Page_quiz1 Xem li ln lm th/a_Student Nguyen")): Object: 'Object Repository/Create folder and quiz/Page_quiz1 Xem li ln lm th/a_Student Nguyen' is clicked on

2022-02-13 18:41:45 - [MESSAGE][PASSED] - Object: 'Object Repository/Create folder and quiz/Page_quiz1 Xem li ln lm th/a_Student Nguyen' is clicked on

2022-02-13 18:41:45 - [TEST_STEP][PASSED] - click(findTestObject("Create folder and quiz/Page_quiz1 Xem li ln lm th/span_Thot")): Object: 'Object Repository/Create folder and quiz/Page_quiz1 Xem li ln lm th/span_Thot' is clicked on

2022-02-13 18:41:46 - [MESSAGE][PASSED] - Object: 'Object Repository/Create folder and quiz/Page_quiz1 Xem li ln lm th/span_Thot' is clicked on

2022-02-13 18:41:46 - [TEST_STEP][PASSED] - callTestCase(findTestCase("Utils/Delete course CNPM"), [:], STOP_ON_FAILURE): Call Test Case 'Test Cases/Utils/Delete course CNPM' successfully

2022-02-13 18:41:46 - [TEST_CASE][PASSED] - Test Cases/Utils/Delete course CNPM: Test Cases/Utils/Delete course CNPM

2022-02-13 18:41:46 - [TEST_STEP][PASSED] - callTestCase(findTestCase("Utils/Login as admin"), [:], STOP_ON_FAILURE): Call Test Case 'Test Cases/Utils/Login as admin' successfully

2022-02-13 18:41:46 - [TEST_CASE][PASSED] - Test Cases/Utils/Login as admin: Test Cases/Utils/Login as admin

2022-02-13 18:41:46 - [TEST_STEP][PASSED] - click(findTestObject("View course grade/Page_Local Moodle/a_Log in")): Object: 'Object Repository/View course grade/Page_Local Moodle/a_Log in' is clicked on

2022-02-13 18:41:47 - [MESSAGE][PASSED] - Object: 'Object Repository/View course grade/Page_Local Moodle/a_Log in' is clicked on

2022-02-13 18:41:47 - [TEST_STEP][PASSED] - setText(findTestObject("View course grade/Page_Local Moodle Log in to the site/input_Username_username"), "admin"): Text 'admin' is set on object 'Object Repository/View course grade/Page_Local Moodle Log in to the site/input_Username_username'

2022-02-13 18:41:48 - [MESSAGE][PASSED] - Text 'admin' is set on object 'Object Repository/View course grade/Page_Local Moodle Log in to the site/input_Username_username'

2022-02-13 18:41:48 - [TEST_STEP][PASSED] - setEncryptedText(findTestObject("View course grade/Page_Local Moodle Log in to the site/input_Password_password"), "bfAykA/oWJ09FXmiKh6lyuuLu8QhG1K5"): Text ****** has been set on object 'Object Repository/View course grade/Page_Local Moodle Log in to the site/input_Password_password'

2022-02-13 18:41:48 - [MESSAGE][PASSED] - Text ****** has been set on object 'Object Repository/View course grade/Page_Local Moodle Log in to the site/input_Password_password'

2022-02-13 18:41:48 - [TEST_STEP][PASSED] - click(findTestObject("View course grade/Page_Local Moodle Log in to the site/button_Log in")): Object: 'Object Repository/View course grade/Page_Local Moodle Log in to the site/button_Log in' is clicked on

2022-02-13 18:41:51 - [MESSAGE][PASSED] - Object: 'Object Repository/View course grade/Page_Local Moodle Log in to the site/button_Log in' is clicked on

2022-02-13 18:41:51 - [MESSAGE][INFO] - 

2022-02-13 18:41:51 - [MESSAGE][INFO] - ===================== Self-healing Report ====================

2022-02-13 18:41:51 - [MESSAGE][INFO] - One of the failed test object locators has been recovered by Self-healing. Please refer to the Self-healing Insights tab for more details.

2022-02-13 18:41:51 - [MESSAGE][INFO] - To learn more about Self-healing, please read https://docs.katalon.com/katalon-studio/docs/self-healing.html

2022-02-13 18:41:51 - [MESSAGE][INFO] - ==============================================================

2022-02-13 18:41:51 - [MESSAGE][PASSED] - Call Test Case 'Test Cases/Utils/Login as admin' successfully

2022-02-13 18:41:51 - [TEST_STEP][PASSED] - click(findTestObject("Object Repository/Create course/Page_Nh ca ti/span_Qun tr khu vc")): Object: 'Object Repository/Create course/Page_Nh ca ti/span_Qun tr khu vc' is clicked on

2022-02-13 18:41:54 - [MESSAGE][PASSED] - Object: 'Object Repository/Create course/Page_Nh ca ti/span_Qun tr khu vc' is clicked on

2022-02-13 18:41:54 - [TEST_STEP][PASSED] - click(findTestObject("Object Repository/Create course/Page_Moodle Khu vc qun tr Tm kim/a_Kho hc")): Object: 'Object Repository/Create course/Page_Moodle Khu vc qun tr Tm kim/a_Kho hc' is clicked on

2022-02-13 18:41:55 - [MESSAGE][PASSED] - Object: 'Object Repository/Create course/Page_Moodle Khu vc qun tr Tm kim/a_Kho hc' is clicked on

2022-02-13 18:41:55 - [TEST_STEP][PASSED] - click(findTestObject("Object Repository/Create course/Page_Moodle Khu vc qun tr Tm kim/a_Thmsa cc kho hc")): Object: 'Object Repository/Create course/Page_Moodle Khu vc qun tr Tm kim/a_Thmsa cc kho hc' is clicked on

2022-02-13 18:41:57 - [MESSAGE][PASSED] - Object: 'Object Repository/Create course/Page_Moodle Khu vc qun tr Tm kim/a_Thmsa cc kho hc' is clicked on

2022-02-13 18:41:57 - [TEST_STEP][PASSED] - click(findTestObject("Object Repository/Create course/Page_Qun l kha hc v danh mc kha hc/div_La chn hnh ng hng lot Nhp mn Cng ngh ph_52747d")): Object: 'Object Repository/Create course/Page_Qun l kha hc v danh mc kha hc/div_La chn hnh ng hng lot Nhp mn Cng ngh ph_52747d' is clicked on

2022-02-13 18:42:03 - [MESSAGE][INFO] - Unable to find the element located by 'By.xpath: //div[@id='yui_3_17_2_1_1641378024996_198']'. Please recheck the objects properties to make sure the desired element is located. 

2022-02-13 18:42:03 - [MESSAGE][WARNING] - [SELF-HEALING] Failed to find element with id 'Object Repository/Create course/Page_Qun l kha hc v danh mc kha hc/div_La chn hnh ng hng lot Nhp mn Cng ngh ph_52747d'. Try using Self-healing.

2022-02-13 18:42:03 - [MESSAGE][WARNING] - [SELF-HEALING] The current locator of test object 'Object Repository/Create course/Page_Qun l kha hc v danh mc kha hc/div_La chn hnh ng hng lot Nhp mn Cng ngh ph_52747d' was broken. Propose an alternative one: '(.//*[normalize-space(text()) and normalize-space(.)='Tất cả'])[1]/following::div[1]'.

2022-02-13 18:42:05 - [MESSAGE][PASSED] - Object: 'Object Repository/Create course/Page_Qun l kha hc v danh mc kha hc/div_La chn hnh ng hng lot Nhp mn Cng ngh ph_52747d' is clicked on

2022-02-13 18:42:05 - [TEST_STEP][PASSED] - click(findTestObject("Object Repository/Create course/Page_Qun l kha hc v danh mc kha hc/a_Nhp mn Cng ngh phn mm")): Object: 'Object Repository/Create course/Page_Qun l kha hc v danh mc kha hc/a_Nhp mn Cng ngh phn mm' is clicked on

2022-02-13 18:42:11 - [MESSAGE][INFO] - Unable to find the element located by 'By.xpath: //a[@id='yui_3_17_2_1_1641378024996_202']'. Please recheck the objects properties to make sure the desired element is located. 

2022-02-13 18:42:11 - [MESSAGE][WARNING] - [SELF-HEALING] Failed to find element with id 'Object Repository/Create course/Page_Qun l kha hc v danh mc kha hc/a_Nhp mn Cng ngh phn mm'. Try using Self-healing.

2022-02-13 18:42:12 - [MESSAGE][WARNING] - [SELF-HEALING] The current locator of test object 'Object Repository/Create course/Page_Qun l kha hc v danh mc kha hc/a_Nhp mn Cng ngh phn mm' was broken. Propose an alternative one: '//a[contains(text(),'Nhập môn Công nghệ phần mềm')]'.

2022-02-13 18:42:13 - [MESSAGE][PASSED] - Object: 'Object Repository/Create course/Page_Qun l kha hc v danh mc kha hc/a_Nhp mn Cng ngh phn mm' is clicked on

2022-02-13 18:42:13 - [TEST_STEP][PASSED] - click(findTestObject("Object Repository/Create course/Page_Qun l kha hc v danh mc kha hc/a_Xo")): Object: 'Object Repository/Create course/Page_Qun l kha hc v danh mc kha hc/a_Xo' is clicked on

2022-02-13 18:42:19 - [MESSAGE][INFO] - Unable to find the element located by 'By.xpath: //a[@id='action_link61d570ff7b02a61']'. Please recheck the objects properties to make sure the desired element is located. 

2022-02-13 18:42:19 - [MESSAGE][WARNING] - [SELF-HEALING] Failed to find element with id 'Object Repository/Create course/Page_Qun l kha hc v danh mc kha hc/a_Xo'. Try using Self-healing.

2022-02-13 18:42:20 - [MESSAGE][WARNING] - [SELF-HEALING] The current locator of test object 'Object Repository/Create course/Page_Qun l kha hc v danh mc kha hc/a_Xo' was broken. Propose an alternative one: '//div[@id='course-detail']/div/div[2]/div/a[4]'.

2022-02-13 18:42:21 - [MESSAGE][PASSED] - Object: 'Object Repository/Create course/Page_Qun l kha hc v danh mc kha hc/a_Xo' is clicked on

2022-02-13 18:42:21 - [TEST_STEP][PASSED] - click(findTestObject("Object Repository/Create course/Page_Moodle Xo CNPM/button_Xo")): Object: 'Object Repository/Create course/Page_Moodle Xo CNPM/button_Xo' is clicked on

2022-02-13 18:42:27 - [MESSAGE][INFO] - Unable to find the element located by 'By.xpath: //button[@id='single_button61dfb22f3a4de19']'. Please recheck the objects properties to make sure the desired element is located. 

2022-02-13 18:42:27 - [MESSAGE][WARNING] - [SELF-HEALING] Failed to find element with id 'Object Repository/Create course/Page_Moodle Xo CNPM/button_Xo'. Try using Self-healing.

2022-02-13 18:42:27 - [MESSAGE][WARNING] - [SELF-HEALING] The current locator of test object 'Object Repository/Create course/Page_Moodle Xo CNPM/button_Xo' was broken. Propose an alternative one: '//div[@id='modal-footer']/div/div/form/button'.

2022-02-13 18:42:30 - [MESSAGE][PASSED] - Object: 'Object Repository/Create course/Page_Moodle Xo CNPM/button_Xo' is clicked on

2022-02-13 18:42:30 - [TEST_STEP][PASSED] - click(findTestObject("Object Repository/Create course/Page_Moodle Xo CNPM/button_Tip tc")): Object: 'Object Repository/Create course/Page_Moodle Xo CNPM/button_Tip tc' is clicked on

2022-02-13 18:42:36 - [MESSAGE][INFO] - Unable to find the element located by 'By.xpath: //button[@id='single_button61d571098d12119']'. Please recheck the objects properties to make sure the desired element is located. 

2022-02-13 18:42:36 - [MESSAGE][WARNING] - [SELF-HEALING] Failed to find element with id 'Object Repository/Create course/Page_Moodle Xo CNPM/button_Tip tc'. Try using Self-healing.

2022-02-13 18:42:36 - [MESSAGE][WARNING] - [SELF-HEALING] The current locator of test object 'Object Repository/Create course/Page_Moodle Xo CNPM/button_Tip tc' was broken. Propose an alternative one: '(.//*[normalize-space(text()) and normalize-space(.)='CNPM đã được xoá hoàn toàn'])[1]/following::button[1]'.

2022-02-13 18:42:38 - [MESSAGE][PASSED] - Object: 'Object Repository/Create course/Page_Moodle Xo CNPM/button_Tip tc' is clicked on

2022-02-13 18:42:38 - [MESSAGE][INFO] - 

2022-02-13 18:42:38 - [MESSAGE][INFO] - ===================== Self-healing Report ====================

2022-02-13 18:42:38 - [MESSAGE][INFO] - One of the failed test object locators has been recovered by Self-healing. Please refer to the Self-healing Insights tab for more details.

2022-02-13 18:42:38 - [MESSAGE][INFO] - To learn more about Self-healing, please read https://docs.katalon.com/katalon-studio/docs/self-healing.html

2022-02-13 18:42:38 - [MESSAGE][INFO] - ==============================================================

2022-02-13 18:42:38 - [MESSAGE][PASSED] - Call Test Case 'Test Cases/Utils/Delete course CNPM' successfully

2022-02-13 18:42:38 - [TEST_STEP][PASSED] - closeBrowser(): Browser is closed

2022-02-13 18:42:39 - [MESSAGE][PASSED] - Browser is closed]]></system-out>
         <system-err><![CDATA[]]></system-err>
      </testcase>
      <testcase name="Test Cases/Students answering question being overdue or on time/Answer text question overdue" time="200.349" classname="Test Cases/Students answering question being overdue or on time/Answer text question overdue" status="PASSED">
         <system-out><![CDATA[2022-02-13 18:42:39 - [TEST_CASE][PASSED] - Test Cases/Students answering question being overdue or on time/Answer text question overdue: Test Cases/Students answering question being overdue or on time/Answer text question overdue

2022-02-13 18:42:40 - [TEST_STEP][PASSED] - openBrowser(""): Browser is opened with url: ''

2022-02-13 18:42:40 - [MESSAGE][INFO] - Starting 'Edge Chromium' driver

2022-02-13 18:42:42 - [MESSAGE][INFO] - Action delay is set to 0 milliseconds

2022-02-13 18:42:43 - [MESSAGE][PASSED] - Browser is opened with url: ''

2022-02-13 18:42:43 - [TEST_STEP][PASSED] - navigateToUrl("http://localhost/"): Navigate to 'http://localhost/' successfully

2022-02-13 18:42:44 - [MESSAGE][PASSED] - Navigate to 'http://localhost/' successfully

2022-02-13 18:42:44 - [TEST_STEP][PASSED] - verifyElementText(findTestObject("Object Repository/Page_Qun l kha hc v danh mc kha hc/h1_New Moodle Site"), "New Moodle Site"): Actual text and expected text of test object 'Object Repository/Page_Qun l kha hc v danh mc kha hc/h1_New Moodle Site' are matched.

2022-02-13 18:42:45 - [MESSAGE][PASSED] - Actual text and expected text of test object 'Object Repository/Page_Qun l kha hc v danh mc kha hc/h1_New Moodle Site' are matched.

2022-02-13 18:42:45 - [TEST_STEP][PASSED] - verifyElementPresent(findTestObject("Object Repository/Page_Qun l kha hc v danh mc kha hc/h1_New Moodle Site"), 0): Object 'Object Repository/Page_Qun l kha hc v danh mc kha hc/h1_New Moodle Site' is present

2022-02-13 18:42:45 - [MESSAGE][WARNING] - Timeout '0' is invalid. Using default page load timeout: '5'

2022-02-13 18:42:45 - [MESSAGE][PASSED] - Object 'Object Repository/Page_Qun l kha hc v danh mc kha hc/h1_New Moodle Site' is present

2022-02-13 18:42:45 - [TEST_STEP][PASSED] - verifyElementPresent(findTestObject("Object Repository/Page_Qun l kha hc v danh mc kha hc/h2_Qun l kha hc v danh mc kha hc"), 0): Object 'Object Repository/Page_Qun l kha hc v danh mc kha hc/h2_Qun l kha hc v danh mc kha hc' is present

2022-02-13 18:42:46 - [MESSAGE][WARNING] - Timeout '0' is invalid. Using default page load timeout: '5'

2022-02-13 18:42:46 - [MESSAGE][PASSED] - Object 'Object Repository/Page_Qun l kha hc v danh mc kha hc/h2_Qun l kha hc v danh mc kha hc' is present

2022-02-13 18:42:46 - [TEST_STEP][PASSED] - callTestCase(findTestCase("Utils/Create course CNPM"), [:], STOP_ON_FAILURE): Call Test Case 'Test Cases/Utils/Create course CNPM' successfully

2022-02-13 18:42:46 - [TEST_CASE][PASSED] - Test Cases/Utils/Create course CNPM: Test Cases/Utils/Create course CNPM

2022-02-13 18:42:46 - [TEST_STEP][PASSED] - callTestCase(findTestCase("Utils/Login as admin"), [:], STOP_ON_FAILURE): Call Test Case 'Test Cases/Utils/Login as admin' successfully

2022-02-13 18:42:46 - [TEST_CASE][PASSED] - Test Cases/Utils/Login as admin: Test Cases/Utils/Login as admin

2022-02-13 18:42:46 - [TEST_STEP][PASSED] - click(findTestObject("View course grade/Page_Local Moodle/a_Log in")): Object: 'Object Repository/View course grade/Page_Local Moodle/a_Log in' is clicked on

2022-02-13 18:42:47 - [MESSAGE][PASSED] - Object: 'Object Repository/View course grade/Page_Local Moodle/a_Log in' is clicked on

2022-02-13 18:42:47 - [TEST_STEP][PASSED] - setText(findTestObject("View course grade/Page_Local Moodle Log in to the site/input_Username_username"), "admin"): Text 'admin' is set on object 'Object Repository/View course grade/Page_Local Moodle Log in to the site/input_Username_username'

2022-02-13 18:42:48 - [MESSAGE][PASSED] - Text 'admin' is set on object 'Object Repository/View course grade/Page_Local Moodle Log in to the site/input_Username_username'

2022-02-13 18:42:48 - [TEST_STEP][PASSED] - setEncryptedText(findTestObject("View course grade/Page_Local Moodle Log in to the site/input_Password_password"), "bfAykA/oWJ09FXmiKh6lyuuLu8QhG1K5"): Text ****** has been set on object 'Object Repository/View course grade/Page_Local Moodle Log in to the site/input_Password_password'

2022-02-13 18:42:49 - [MESSAGE][PASSED] - Text ****** has been set on object 'Object Repository/View course grade/Page_Local Moodle Log in to the site/input_Password_password'

2022-02-13 18:42:49 - [TEST_STEP][PASSED] - click(findTestObject("View course grade/Page_Local Moodle Log in to the site/button_Log in")): Object: 'Object Repository/View course grade/Page_Local Moodle Log in to the site/button_Log in' is clicked on

2022-02-13 18:42:52 - [MESSAGE][PASSED] - Object: 'Object Repository/View course grade/Page_Local Moodle Log in to the site/button_Log in' is clicked on

2022-02-13 18:42:52 - [MESSAGE][PASSED] - Call Test Case 'Test Cases/Utils/Login as admin' successfully

2022-02-13 18:42:52 - [TEST_STEP][PASSED] - click(findTestObject("Object Repository/Utils/Page_Nh ca ti/span_Qun tr khu vc")): Object: 'Object Repository/Utils/Page_Nh ca ti/span_Qun tr khu vc' is clicked on

2022-02-13 18:42:55 - [MESSAGE][PASSED] - Object: 'Object Repository/Utils/Page_Nh ca ti/span_Qun tr khu vc' is clicked on

2022-02-13 18:42:55 - [TEST_STEP][PASSED] - click(findTestObject("Object Repository/Utils/Page_Moodle Khu vc qun tr Tm kim/a_Kho hc")): Object: 'Object Repository/Utils/Page_Moodle Khu vc qun tr Tm kim/a_Kho hc' is clicked on

2022-02-13 18:42:56 - [MESSAGE][PASSED] - Object: 'Object Repository/Utils/Page_Moodle Khu vc qun tr Tm kim/a_Kho hc' is clicked on

2022-02-13 18:42:56 - [TEST_STEP][PASSED] - click(findTestObject("Object Repository/Utils/Page_Moodle Khu vc qun tr Tm kim/a_Thmsa cc kho hc")): Object: 'Object Repository/Utils/Page_Moodle Khu vc qun tr Tm kim/a_Thmsa cc kho hc' is clicked on

2022-02-13 18:42:58 - [MESSAGE][PASSED] - Object: 'Object Repository/Utils/Page_Moodle Khu vc qun tr Tm kim/a_Thmsa cc kho hc' is clicked on

2022-02-13 18:42:58 - [TEST_STEP][PASSED] - click(findTestObject("Object Repository/Utils/Page_Qun l kha hc v danh mc kha hc/a_To kha hc mi")): Object: 'Object Repository/Utils/Page_Qun l kha hc v danh mc kha hc/a_To kha hc mi' is clicked on

2022-02-13 18:43:04 - [MESSAGE][INFO] - Unable to find the element located by 'By.xpath: //div[@id='yui_3_17_2_1_1641906891631_57']/div/div/a'. Please recheck the objects properties to make sure the desired element is located. 

2022-02-13 18:43:04 - [MESSAGE][WARNING] - [SELF-HEALING] Failed to find element with id 'Object Repository/Utils/Page_Qun l kha hc v danh mc kha hc/a_To kha hc mi'. Try using Self-healing.

2022-02-13 18:43:05 - [MESSAGE][WARNING] - [SELF-HEALING] The current locator of test object 'Object Repository/Utils/Page_Qun l kha hc v danh mc kha hc/a_To kha hc mi' was broken. Propose an alternative one: '//a[contains(text(),'Tạo khóa học mới')]'.

2022-02-13 18:43:06 - [MESSAGE][PASSED] - Object: 'Object Repository/Utils/Page_Qun l kha hc v danh mc kha hc/a_To kha hc mi' is clicked on

2022-02-13 18:43:06 - [TEST_STEP][PASSED] - setText(findTestObject("Object Repository/Utils/Page_Moodle Thm kho hc mi/input_Tn y_fullname"), "Nhập môn Công nghệ phần mềm"): Text 'Nhập môn Công nghệ phần mềm' is set on object 'Object Repository/Utils/Page_Moodle Thm kho hc mi/input_Tn y_fullname'

2022-02-13 18:43:08 - [MESSAGE][PASSED] - Text 'Nhập môn Công nghệ phần mềm' is set on object 'Object Repository/Utils/Page_Moodle Thm kho hc mi/input_Tn y_fullname'

2022-02-13 18:43:08 - [TEST_STEP][PASSED] - setText(findTestObject("Object Repository/Utils/Page_Moodle Thm kho hc mi/input_Tn rt gn ca kho hc_shortname"), "CNPM"): Text 'CNPM' is set on object 'Object Repository/Utils/Page_Moodle Thm kho hc mi/input_Tn rt gn ca kho hc_shortname'

2022-02-13 18:43:09 - [MESSAGE][PASSED] - Text 'CNPM' is set on object 'Object Repository/Utils/Page_Moodle Thm kho hc mi/input_Tn rt gn ca kho hc_shortname'

2022-02-13 18:43:09 - [TEST_STEP][PASSED] - click(findTestObject("Object Repository/Utils/Page_Moodle Thm kho hc mi/input__saveanddisplay")): Object: 'Object Repository/Utils/Page_Moodle Thm kho hc mi/input__saveanddisplay' is clicked on

2022-02-13 18:43:11 - [MESSAGE][PASSED] - Object: 'Object Repository/Utils/Page_Moodle Thm kho hc mi/input__saveanddisplay' is clicked on

2022-02-13 18:43:11 - [TEST_STEP][PASSED] - click(findTestObject("Object Repository/Utils/Page_CNPM Danh sch thnh vin/input_Danh sch thnh vin_btn btn-secondary my-1")): Object: 'Object Repository/Utils/Page_CNPM Danh sch thnh vin/input_Danh sch thnh vin_btn btn-secondary my-1' is clicked on

2022-02-13 18:43:11 - [MESSAGE][PASSED] - Object: 'Object Repository/Utils/Page_CNPM Danh sch thnh vin/input_Danh sch thnh vin_btn btn-secondary my-1' is clicked on

2022-02-13 18:43:11 - [TEST_STEP][PASSED] - click(findTestObject("Object Repository/Utils/Page_CNPM Danh sch thnh vin/span_")): Object: 'Object Repository/Utils/Page_CNPM Danh sch thnh vin/span_' is clicked on

2022-02-13 18:43:18 - [MESSAGE][INFO] - Unable to find the element located by 'By.xpath: //span[@id='form_autocomplete_downarrow-1641965227117']'. Please recheck the objects properties to make sure the desired element is located. 

2022-02-13 18:43:18 - [MESSAGE][WARNING] - [SELF-HEALING] Failed to find element with id 'Object Repository/Utils/Page_CNPM Danh sch thnh vin/span_'. Try using Self-healing.

2022-02-13 18:43:18 - [MESSAGE][WARNING] - [SELF-HEALING] The current locator of test object 'Object Repository/Utils/Page_CNPM Danh sch thnh vin/span_' was broken. Propose an alternative one: '//div[@id='fitem_id_userlist']/div[2]/div[3]/span'.

2022-02-13 18:43:18 - [MESSAGE][PASSED] - Object: 'Object Repository/Utils/Page_CNPM Danh sch thnh vin/span_' is clicked on

2022-02-13 18:43:18 - [TEST_STEP][PASSED] - click(findTestObject("Object Repository/Utils/Page_CNPM Danh sch thnh vin/span_Student Nguyen")): Object: 'Object Repository/Utils/Page_CNPM Danh sch thnh vin/span_Student Nguyen' is clicked on

2022-02-13 18:43:24 - [MESSAGE][INFO] - Unable to find the element located by 'By.xpath: //li[@id='form_autocomplete_suggestions-1641965227117-0']/span/span'. Please recheck the objects properties to make sure the desired element is located. 

2022-02-13 18:43:24 - [MESSAGE][WARNING] - [SELF-HEALING] Failed to find element with id 'Object Repository/Utils/Page_CNPM Danh sch thnh vin/span_Student Nguyen'. Try using Self-healing.

2022-02-13 18:43:25 - [MESSAGE][INFO] - Unable to find the element located by 'By.xpath: (.//*[normalize-space(text()) and normalize-space(.)='student1@gmail.com'])[2]/following::span[2]'. Please recheck the objects properties to make sure the desired element is located. 

2022-02-13 18:43:26 - [MESSAGE][WARNING] - [SELF-HEALING] The current locator of test object 'Object Repository/Utils/Page_CNPM Danh sch thnh vin/span_Student Nguyen' was broken. Propose an alternative one: '(.//*[normalize-space(text()) and normalize-space(.)='student@gmail.com'])[2]/preceding::span[1]'.

2022-02-13 18:43:26 - [MESSAGE][PASSED] - Object: 'Object Repository/Utils/Page_CNPM Danh sch thnh vin/span_Student Nguyen' is clicked on

2022-02-13 18:43:26 - [TEST_STEP][PASSED] - click(findTestObject("Object Repository/Utils/Page_CNPM Danh sch thnh vin/button_Ghi danh ngi dng")): Object: 'Object Repository/Utils/Page_CNPM Danh sch thnh vin/button_Ghi danh ngi dng' is clicked on

2022-02-13 18:43:32 - [MESSAGE][INFO] - Unable to find the element located by 'By.xpath: //button[@id='yui_3_17_2_1_1641965226678_264']'. Please recheck the objects properties to make sure the desired element is located. 

2022-02-13 18:43:32 - [MESSAGE][WARNING] - [SELF-HEALING] Failed to find element with id 'Object Repository/Utils/Page_CNPM Danh sch thnh vin/button_Ghi danh ngi dng'. Try using Self-healing.

2022-02-13 18:43:33 - [MESSAGE][WARNING] - [SELF-HEALING] The current locator of test object 'Object Repository/Utils/Page_CNPM Danh sch thnh vin/button_Ghi danh ngi dng' was broken. Propose an alternative one: '(.//*[normalize-space(text()) and normalize-space(.)='Phút'])[1]/following::button[1]'.

2022-02-13 18:43:33 - [MESSAGE][PASSED] - Object: 'Object Repository/Utils/Page_CNPM Danh sch thnh vin/button_Ghi danh ngi dng' is clicked on

2022-02-13 18:43:33 - [TEST_STEP][PASSED] - click(findTestObject("Object Repository/Utils/Page_CNPM Danh sch thnh vin/input_Danh sch thnh vin_btn btn-secondary my-1")): Object: 'Object Repository/Utils/Page_CNPM Danh sch thnh vin/input_Danh sch thnh vin_btn btn-secondary my-1' is clicked on

2022-02-13 18:43:34 - [MESSAGE][PASSED] - Object: 'Object Repository/Utils/Page_CNPM Danh sch thnh vin/input_Danh sch thnh vin_btn btn-secondary my-1' is clicked on

2022-02-13 18:43:34 - [TEST_STEP][PASSED] - selectOptionByValue(findTestObject("Object Repository/Create course/Page_CNPM Danh sch thnh vin/select_Ngi qun l            Gio vin        _4311d9"), "3", true): All options with value '3' are selected in object 'Object Repository/Create course/Page_CNPM Danh sch thnh vin/select_Ngi qun l            Gio vin        _4311d9'  using regular expression

2022-02-13 18:43:36 - [MESSAGE][PASSED] - All options with value '3' are selected in object 'Object Repository/Create course/Page_CNPM Danh sch thnh vin/select_Ngi qun l            Gio vin        _4311d9'  using regular expression

2022-02-13 18:43:36 - [TEST_STEP][PASSED] - click(findTestObject("Object Repository/Utils/Page_CNPM Danh sch thnh vin/span_")): Object: 'Object Repository/Utils/Page_CNPM Danh sch thnh vin/span_' is clicked on

2022-02-13 18:43:42 - [MESSAGE][INFO] - Unable to find the element located by 'By.xpath: //span[@id='form_autocomplete_downarrow-1641965227117']'. Please recheck the objects properties to make sure the desired element is located. 

2022-02-13 18:43:42 - [MESSAGE][WARNING] - [SELF-HEALING] Failed to find element with id 'Object Repository/Utils/Page_CNPM Danh sch thnh vin/span_'. Try using Self-healing.

2022-02-13 18:43:43 - [MESSAGE][WARNING] - [SELF-HEALING] The current locator of test object 'Object Repository/Utils/Page_CNPM Danh sch thnh vin/span_' was broken. Propose an alternative one: '//div[@id='fitem_id_userlist']/div[2]/div[3]/span'.

2022-02-13 18:43:43 - [MESSAGE][PASSED] - Object: 'Object Repository/Utils/Page_CNPM Danh sch thnh vin/span_' is clicked on

2022-02-13 18:43:43 - [TEST_STEP][PASSED] - click(findTestObject("Object Repository/Create course/Page_CNPM Danh sch thnh vin/span_Nguyen Van A")): Object: 'Object Repository/Create course/Page_CNPM Danh sch thnh vin/span_Nguyen Van A' is clicked on

2022-02-13 18:43:49 - [MESSAGE][INFO] - Unable to find the element located by 'By.xpath: //li[@id='form_autocomplete_suggestions-1642350427588-0']/span/span'. Please recheck the objects properties to make sure the desired element is located. 

2022-02-13 18:43:49 - [MESSAGE][WARNING] - [SELF-HEALING] Failed to find element with id 'Object Repository/Create course/Page_CNPM Danh sch thnh vin/span_Nguyen Van A'. Try using Self-healing.

2022-02-13 18:43:50 - [MESSAGE][WARNING] - [SELF-HEALING] The current locator of test object 'Object Repository/Create course/Page_CNPM Danh sch thnh vin/span_Nguyen Van A' was broken. Propose an alternative one: '(.//*[normalize-space(text()) and normalize-space(.)='▼'])[1]/following::span[2]'.

2022-02-13 18:43:50 - [MESSAGE][PASSED] - Object: 'Object Repository/Create course/Page_CNPM Danh sch thnh vin/span_Nguyen Van A' is clicked on

2022-02-13 18:43:50 - [TEST_STEP][PASSED] - click(findTestObject("Object Repository/Create course/Page_CNPM Danh sch thnh vin/button_Ghi danh ngi dng_1")): Object: 'Object Repository/Create course/Page_CNPM Danh sch thnh vin/button_Ghi danh ngi dng_1' is clicked on

2022-02-13 18:43:56 - [MESSAGE][INFO] - Unable to find the element located by 'By.xpath: //button[@id='yui_3_17_2_1_1642348738650_377']'. Please recheck the objects properties to make sure the desired element is located. 

2022-02-13 18:43:56 - [MESSAGE][WARNING] - [SELF-HEALING] Failed to find element with id 'Object Repository/Create course/Page_CNPM Danh sch thnh vin/button_Ghi danh ngi dng_1'. Try using Self-healing.

2022-02-13 18:43:56 - [MESSAGE][WARNING] - [SELF-HEALING] The current locator of test object 'Object Repository/Create course/Page_CNPM Danh sch thnh vin/button_Ghi danh ngi dng_1' was broken. Propose an alternative one: '(.//*[normalize-space(text()) and normalize-space(.)='Phút'])[1]/following::button[1]'.

2022-02-13 18:43:57 - [MESSAGE][PASSED] - Object: 'Object Repository/Create course/Page_CNPM Danh sch thnh vin/button_Ghi danh ngi dng_1' is clicked on

2022-02-13 18:43:57 - [TEST_STEP][PASSED] - click(findTestObject("Object Repository/Utils/Page_CNPM Danh sch thnh vin/span_CNPM")): Object: 'Object Repository/Utils/Page_CNPM Danh sch thnh vin/span_CNPM' is clicked on

2022-02-13 18:43:58 - [MESSAGE][PASSED] - Object: 'Object Repository/Utils/Page_CNPM Danh sch thnh vin/span_CNPM' is clicked on

2022-02-13 18:43:58 - [TEST_STEP][PASSED] - click(findTestObject("Create folder and quiz/Page_CNPM Danh sch thnh vin/a_Qun tr Thnh vin")): Object: 'Object Repository/Create folder and quiz/Page_CNPM Danh sch thnh vin/a_Qun tr Thnh vin' is clicked on

2022-02-13 18:43:59 - [MESSAGE][PASSED] - Object: 'Object Repository/Create folder and quiz/Page_CNPM Danh sch thnh vin/a_Qun tr Thnh vin' is clicked on

2022-02-13 18:43:59 - [TEST_STEP][PASSED] - click(findTestObject("Create folder and quiz/Page_CNPM Danh sch thnh vin/span_Thot")): Object: 'Object Repository/Create folder and quiz/Page_CNPM Danh sch thnh vin/span_Thot' is clicked on

2022-02-13 18:44:00 - [MESSAGE][PASSED] - Object: 'Object Repository/Create folder and quiz/Page_CNPM Danh sch thnh vin/span_Thot' is clicked on

2022-02-13 18:44:00 - [MESSAGE][INFO] - 

2022-02-13 18:44:00 - [MESSAGE][INFO] - ===================== Self-healing Report ====================

2022-02-13 18:44:00 - [MESSAGE][INFO] - One of the failed test object locators has been recovered by Self-healing. Please refer to the Self-healing Insights tab for more details.

2022-02-13 18:44:00 - [MESSAGE][INFO] - To learn more about Self-healing, please read https://docs.katalon.com/katalon-studio/docs/self-healing.html

2022-02-13 18:44:00 - [MESSAGE][INFO] - ==============================================================

2022-02-13 18:44:00 - [MESSAGE][PASSED] - Call Test Case 'Test Cases/Utils/Create course CNPM' successfully

2022-02-13 18:44:00 - [TEST_STEP][PASSED] - callTestCase(findTestCase("Utils/Login as teacher"), [:], STOP_ON_FAILURE): Call Test Case 'Test Cases/Utils/Login as teacher' successfully

2022-02-13 18:44:00 - [TEST_CASE][PASSED] - Test Cases/Utils/Login as teacher: Test Cases/Utils/Login as teacher

2022-02-13 18:44:00 - [TEST_STEP][PASSED] - click(findTestObject("Create folder and quiz/Page_Local Moodle/a_Log in")): Object: 'Object Repository/Create folder and quiz/Page_Local Moodle/a_Log in' is clicked on

2022-02-13 18:44:01 - [MESSAGE][PASSED] - Object: 'Object Repository/Create folder and quiz/Page_Local Moodle/a_Log in' is clicked on

2022-02-13 18:44:01 - [TEST_STEP][PASSED] - setText(findTestObject("Object Repository/Create course/Page_New Moodle Site Log in to the site/input_Username_username"), "hs01"): Text 'hs01' is set on object 'Object Repository/Create course/Page_New Moodle Site Log in to the site/input_Username_username'

2022-02-13 18:44:02 - [MESSAGE][PASSED] - Text 'hs01' is set on object 'Object Repository/Create course/Page_New Moodle Site Log in to the site/input_Username_username'

2022-02-13 18:44:02 - [TEST_STEP][PASSED] - setEncryptedText(findTestObject("Object Repository/Create course/Page_New Moodle Site Log in to the site/input_Password_password"), "o5TCnEIIWq2SeGQhIMNXLQ=="): Text ****** has been set on object 'Object Repository/Create course/Page_New Moodle Site Log in to the site/input_Password_password'

2022-02-13 18:44:03 - [MESSAGE][PASSED] - Text ****** has been set on object 'Object Repository/Create course/Page_New Moodle Site Log in to the site/input_Password_password'

2022-02-13 18:44:03 - [TEST_STEP][PASSED] - click(findTestObject("Create folder and quiz/Page_Local Moodle Log in to the site/button_Log in")): Object: 'Object Repository/Create folder and quiz/Page_Local Moodle Log in to the site/button_Log in' is clicked on

2022-02-13 18:44:05 - [MESSAGE][PASSED] - Object: 'Object Repository/Create folder and quiz/Page_Local Moodle Log in to the site/button_Log in' is clicked on

2022-02-13 18:44:05 - [MESSAGE][INFO] - 

2022-02-13 18:44:05 - [MESSAGE][INFO] - ===================== Self-healing Report ====================

2022-02-13 18:44:05 - [MESSAGE][INFO] - One of the failed test object locators has been recovered by Self-healing. Please refer to the Self-healing Insights tab for more details.

2022-02-13 18:44:05 - [MESSAGE][INFO] - To learn more about Self-healing, please read https://docs.katalon.com/katalon-studio/docs/self-healing.html

2022-02-13 18:44:05 - [MESSAGE][INFO] - ==============================================================

2022-02-13 18:44:05 - [MESSAGE][PASSED] - Call Test Case 'Test Cases/Utils/Login as teacher' successfully

2022-02-13 18:44:05 - [TEST_STEP][PASSED] - click(findTestObject("Object Repository/Create folder and quiz/Page_Nh ca ti/span_Trang ch h thng")): Object: 'Object Repository/Create folder and quiz/Page_Nh ca ti/span_Trang ch h thng' is clicked on

2022-02-13 18:44:07 - [MESSAGE][PASSED] - Object: 'Object Repository/Create folder and quiz/Page_Nh ca ti/span_Trang ch h thng' is clicked on

2022-02-13 18:44:07 - [TEST_STEP][PASSED] - click(findTestObject("Object Repository/Create folder and quiz/Page_New Moodle Site/a_Nhp mn Cng ngh phn mm")): Object: 'Object Repository/Create folder and quiz/Page_New Moodle Site/a_Nhp mn Cng ngh phn mm' is clicked on

2022-02-13 18:44:09 - [MESSAGE][PASSED] - Object: 'Object Repository/Create folder and quiz/Page_New Moodle Site/a_Nhp mn Cng ngh phn mm' is clicked on

2022-02-13 18:44:09 - [TEST_STEP][PASSED] - click(findTestObject("Object Repository/Create folder and quiz/Page_Kha Nhp mn Cng ngh phn mm/button_Bt ch  chnh sa")): Object: 'Object Repository/Create folder and quiz/Page_Kha Nhp mn Cng ngh phn mm/button_Bt ch  chnh sa' is clicked on

2022-02-13 18:44:15 - [MESSAGE][INFO] - Unable to find the element located by 'By.xpath: //button[@id='single_button61e44f855865c1']'. Please recheck the objects properties to make sure the desired element is located. 

2022-02-13 18:44:15 - [MESSAGE][WARNING] - [SELF-HEALING] Failed to find element with id 'Object Repository/Create folder and quiz/Page_Kha Nhp mn Cng ngh phn mm/button_Bt ch  chnh sa'. Try using Self-healing.

2022-02-13 18:44:15 - [MESSAGE][WARNING] - [SELF-HEALING] The current locator of test object 'Object Repository/Create folder and quiz/Page_Kha Nhp mn Cng ngh phn mm/button_Bt ch  chnh sa' was broken. Propose an alternative one: '(.//*[normalize-space(text()) and normalize-space(.)='Các khoá học của tôi'])[2]/following::button[1]'.

2022-02-13 18:44:16 - [MESSAGE][PASSED] - Object: 'Object Repository/Create folder and quiz/Page_Kha Nhp mn Cng ngh phn mm/button_Bt ch  chnh sa' is clicked on

2022-02-13 18:44:16 - [TEST_STEP][PASSED] - click(findTestObject("Object Repository/Create folder and quiz/Page_Kha Nhp mn Cng ngh phn mm/span_Thm hot ng hoc ti nguyn")): Object: 'Object Repository/Create folder and quiz/Page_Kha Nhp mn Cng ngh phn mm/span_Thm hot ng hoc ti nguyn' is clicked on

2022-02-13 18:44:22 - [MESSAGE][INFO] - Unable to find the element located by 'By.xpath: //*[@id = 'yui_3_17_2_1_1642352521094_616' and (text() = 'Thêm hoạt động hoặc tài nguyên' or . = 'Thêm hoạt động hoặc tài nguyên')]'. Please recheck the objects properties to make sure the desired element is located. 

2022-02-13 18:44:22 - [MESSAGE][WARNING] - [SELF-HEALING] Failed to find element with id 'Object Repository/Create folder and quiz/Page_Kha Nhp mn Cng ngh phn mm/span_Thm hot ng hoc ti nguyn'. Try using Self-healing.

2022-02-13 18:44:22 - [MESSAGE][WARNING] - [SELF-HEALING] The current locator of test object 'Object Repository/Create folder and quiz/Page_Kha Nhp mn Cng ngh phn mm/span_Thm hot ng hoc ti nguyn' was broken. Propose an alternative one: '(.//*[normalize-space(text()) and normalize-space(.)='Chủ đề 1'])[2]/following::span[3]'.

2022-02-13 18:44:23 - [MESSAGE][PASSED] - Object: 'Object Repository/Create folder and quiz/Page_Kha Nhp mn Cng ngh phn mm/span_Thm hot ng hoc ti nguyn' is clicked on

2022-02-13 18:44:23 - [TEST_STEP][PASSED] - click(findTestObject("Object Repository/Student answering question being overdue or on time/Page_Kha Nhp mn Cng ngh phn mm/div_Thng tin v  Bi hc hot ng_optionicon mt-_6d37dc")): Object: 'Object Repository/Student answering question being overdue or on time/Page_Kha Nhp mn Cng ngh phn mm/div_Thng tin v  Bi hc hot ng_optionicon mt-_6d37dc' is clicked on

2022-02-13 18:44:26 - [MESSAGE][PASSED] - Object: 'Object Repository/Student answering question being overdue or on time/Page_Kha Nhp mn Cng ngh phn mm/div_Thng tin v  Bi hc hot ng_optionicon mt-_6d37dc' is clicked on

2022-02-13 18:44:26 - [TEST_STEP][PASSED] - setText(findTestObject("Object Repository/Page_Bin son Bi tp/input_Tn bi tp_name (13) (1)"), "PA1"): Text 'PA1' is set on object 'Object Repository/Page_Bin son Bi tp/input_Tn bi tp_name (13) (1)'

2022-02-13 18:44:27 - [MESSAGE][PASSED] - Text 'PA1' is set on object 'Object Repository/Page_Bin son Bi tp/input_Tn bi tp_name (13) (1)'

2022-02-13 18:44:27 - [TEST_STEP][PASSED] - selectOptionByValue(findTestObject("Object Repository/Page_Bin son Bi tp/select_1        2        3        4        _45ea30 (2) (1)"), "10", true): All options with value '10' are selected in object 'Object Repository/Page_Bin son Bi tp/select_1        2        3        4        _45ea30 (2) (1)'  using regular expression

2022-02-13 18:44:30 - [MESSAGE][PASSED] - All options with value '10' are selected in object 'Object Repository/Page_Bin son Bi tp/select_1        2        3        4        _45ea30 (2) (1)'  using regular expression

2022-02-13 18:44:30 - [TEST_STEP][PASSED] - selectOptionByValue(findTestObject("Object Repository/Page_Bin son Bi tp/select_1        2        3        4        _45ea30_1 (2) (1)"), "12", true): All options with value '12' are selected in object 'Object Repository/Page_Bin son Bi tp/select_1        2        3        4        _45ea30_1 (2) (1)'  using regular expression

2022-02-13 18:44:32 - [MESSAGE][PASSED] - All options with value '12' are selected in object 'Object Repository/Page_Bin son Bi tp/select_1        2        3        4        _45ea30_1 (2) (1)'  using regular expression

2022-02-13 18:44:32 - [TEST_STEP][PASSED] - click(findTestObject("Object Repository/Page_Bin son Bi tp/input_M_cutoffdateenabled (1)")): Object: 'Object Repository/Page_Bin son Bi tp/input_M_cutoffdateenabled (1)' is clicked on

2022-02-13 18:44:33 - [MESSAGE][PASSED] - Object: 'Object Repository/Page_Bin son Bi tp/input_M_cutoffdateenabled (1)' is clicked on

2022-02-13 18:44:33 - [TEST_STEP][PASSED] - selectOptionByValue(findTestObject("Object Repository/Page_Bin son Bi tp/select_1        2        3        4        _45ea30_1_2 (2) (1)"), "12", true): All options with value '12' are selected in object 'Object Repository/Page_Bin son Bi tp/select_1        2        3        4        _45ea30_1_2 (2) (1)'  using regular expression

2022-02-13 18:44:36 - [MESSAGE][PASSED] - All options with value '12' are selected in object 'Object Repository/Page_Bin son Bi tp/select_1        2        3        4        _45ea30_1_2 (2) (1)'  using regular expression

2022-02-13 18:44:36 - [TEST_STEP][PASSED] - selectOptionByValue(findTestObject("Object Repository/Page_Bin son Bi tp/select_00        01        02        03    _f6e37b (1)"), "0", true): All options with value '0' are selected in object 'Object Repository/Page_Bin son Bi tp/select_00        01        02        03    _f6e37b (1)'  using regular expression

2022-02-13 18:44:38 - [MESSAGE][PASSED] - All options with value '0' are selected in object 'Object Repository/Page_Bin son Bi tp/select_00        01        02        03    _f6e37b (1)'  using regular expression

2022-02-13 18:44:38 - [TEST_STEP][PASSED] - selectOptionByValue(findTestObject("Object Repository/Page_Bin son Bi tp/select_00        01        02        03    _f6e37b_1 (1)"), "0", true): All options with value '0' are selected in object 'Object Repository/Page_Bin son Bi tp/select_00        01        02        03    _f6e37b_1 (1)'  using regular expression

2022-02-13 18:44:41 - [MESSAGE][PASSED] - All options with value '0' are selected in object 'Object Repository/Page_Bin son Bi tp/select_00        01        02        03    _f6e37b_1 (1)'  using regular expression

2022-02-13 18:44:41 - [TEST_STEP][PASSED] - click(findTestObject("Object Repository/Page_Bin son Bi tp/input_Vn bn trc tuyn_assignsubmission_onlin_3ee3b4 (2) (1)")): Object: 'Object Repository/Page_Bin son Bi tp/input_Vn bn trc tuyn_assignsubmission_onlin_3ee3b4 (2) (1)' is clicked on

2022-02-13 18:44:41 - [MESSAGE][PASSED] - Object: 'Object Repository/Page_Bin son Bi tp/input_Vn bn trc tuyn_assignsubmission_onlin_3ee3b4 (2) (1)' is clicked on

2022-02-13 18:44:41 - [TEST_STEP][PASSED] - click(findTestObject("Object Repository/Page_Bin son Bi tp/input_Np tp tin_assignsubmission_file_enabled (2) (1)")): Object: 'Object Repository/Page_Bin son Bi tp/input_Np tp tin_assignsubmission_file_enabled (2) (1)' is clicked on

2022-02-13 18:44:42 - [MESSAGE][PASSED] - Object: 'Object Repository/Page_Bin son Bi tp/input_Np tp tin_assignsubmission_file_enabled (2) (1)' is clicked on

2022-02-13 18:44:42 - [TEST_STEP][PASSED] - click(findTestObject("Object Repository/Page_Bin son Bi tp/input_M_assignsubmission_onlinetext_wordlim_e70110 (2) (1)")): Object: 'Object Repository/Page_Bin son Bi tp/input_M_assignsubmission_onlinetext_wordlim_e70110 (2) (1)' is clicked on

2022-02-13 18:44:43 - [MESSAGE][PASSED] - Object: 'Object Repository/Page_Bin son Bi tp/input_M_assignsubmission_onlinetext_wordlim_e70110 (2) (1)' is clicked on

2022-02-13 18:44:43 - [TEST_STEP][PASSED] - setText(findTestObject("Object Repository/Page_Bin son Bi tp/input_Gii hn t_assignsubmission_onlinetext__581726 (2) (1)"), "300"): Text '300' is set on object 'Object Repository/Page_Bin son Bi tp/input_Gii hn t_assignsubmission_onlinetext__581726 (2) (1)'

2022-02-13 18:44:44 - [MESSAGE][PASSED] - Text '300' is set on object 'Object Repository/Page_Bin son Bi tp/input_Gii hn t_assignsubmission_onlinetext__581726 (2) (1)'

2022-02-13 18:44:44 - [TEST_STEP][PASSED] - click(findTestObject("Object Repository/Page_Bin son Bi tp/input_Upon activity completion_submitbutton2 (13) (1)")): Object: 'Object Repository/Page_Bin son Bi tp/input_Upon activity completion_submitbutton2 (13) (1)' is clicked on

2022-02-13 18:44:46 - [MESSAGE][PASSED] - Object: 'Object Repository/Page_Bin son Bi tp/input_Upon activity completion_submitbutton2 (13) (1)' is clicked on

2022-02-13 18:44:46 - [TEST_STEP][PASSED] - click(findTestObject("Object Repository/Create course/Page_Nh ca ti/a_Nguyen Van A")): Object: 'Object Repository/Create course/Page_Nh ca ti/a_Nguyen Van A' is clicked on

2022-02-13 18:44:47 - [MESSAGE][PASSED] - Object: 'Object Repository/Create course/Page_Nh ca ti/a_Nguyen Van A' is clicked on

2022-02-13 18:44:47 - [TEST_STEP][PASSED] - click(findTestObject("Object Repository/Create course/Page_Nh ca ti/span_Thot")): Object: 'Object Repository/Create course/Page_Nh ca ti/span_Thot' is clicked on

2022-02-13 18:44:48 - [MESSAGE][PASSED] - Object: 'Object Repository/Create course/Page_Nh ca ti/span_Thot' is clicked on

2022-02-13 18:44:48 - [TEST_STEP][PASSED] - callTestCase(findTestCase("Utils/Login as student"), [:], STOP_ON_FAILURE): Call Test Case 'Test Cases/Utils/Login as student' successfully

2022-02-13 18:44:48 - [TEST_CASE][PASSED] - Test Cases/Utils/Login as student: Test Cases/Utils/Login as student

2022-02-13 18:44:48 - [TEST_STEP][PASSED] - click(findTestObject("Create folder and quiz/Page_Local Moodle/a_Log in")): Object: 'Object Repository/Create folder and quiz/Page_Local Moodle/a_Log in' is clicked on

2022-02-13 18:44:50 - [MESSAGE][PASSED] - Object: 'Object Repository/Create folder and quiz/Page_Local Moodle/a_Log in' is clicked on

2022-02-13 18:44:50 - [TEST_STEP][PASSED] - setText(findTestObject("Create folder and quiz/Page_Local Moodle Log in to the site/input_Username_username"), "student"): Text 'student' is set on object 'Object Repository/Create folder and quiz/Page_Local Moodle Log in to the site/input_Username_username'

2022-02-13 18:44:51 - [MESSAGE][PASSED] - Text 'student' is set on object 'Object Repository/Create folder and quiz/Page_Local Moodle Log in to the site/input_Username_username'

2022-02-13 18:44:51 - [TEST_STEP][PASSED] - setEncryptedText(findTestObject("Create folder and quiz/Page_Local Moodle Log in to the site/input_Password_password"), "ie7bep3f1gXYsgY0lkRhPw=="): Text ****** has been set on object 'Object Repository/Create folder and quiz/Page_Local Moodle Log in to the site/input_Password_password'

2022-02-13 18:44:51 - [MESSAGE][PASSED] - Text ****** has been set on object 'Object Repository/Create folder and quiz/Page_Local Moodle Log in to the site/input_Password_password'

2022-02-13 18:44:51 - [TEST_STEP][PASSED] - click(findTestObject("Create folder and quiz/Page_Local Moodle Log in to the site/button_Log in")): Object: 'Object Repository/Create folder and quiz/Page_Local Moodle Log in to the site/button_Log in' is clicked on

2022-02-13 18:44:53 - [MESSAGE][PASSED] - Object: 'Object Repository/Create folder and quiz/Page_Local Moodle Log in to the site/button_Log in' is clicked on

2022-02-13 18:44:53 - [MESSAGE][INFO] - 

2022-02-13 18:44:53 - [MESSAGE][INFO] - ===================== Self-healing Report ====================

2022-02-13 18:44:53 - [MESSAGE][INFO] - One of the failed test object locators has been recovered by Self-healing. Please refer to the Self-healing Insights tab for more details.

2022-02-13 18:44:53 - [MESSAGE][INFO] - To learn more about Self-healing, please read https://docs.katalon.com/katalon-studio/docs/self-healing.html

2022-02-13 18:44:53 - [MESSAGE][INFO] - ==============================================================

2022-02-13 18:44:53 - [MESSAGE][PASSED] - Call Test Case 'Test Cases/Utils/Login as student' successfully

2022-02-13 18:44:53 - [TEST_STEP][PASSED] - click(findTestObject("Object Repository/Student answering question being overdue or on time/Page_Nh ca ti/span_Trang ch h thng")): Object: 'Object Repository/Student answering question being overdue or on time/Page_Nh ca ti/span_Trang ch h thng' is clicked on

2022-02-13 18:44:55 - [MESSAGE][PASSED] - Object: 'Object Repository/Student answering question being overdue or on time/Page_Nh ca ti/span_Trang ch h thng' is clicked on

2022-02-13 18:44:55 - [TEST_STEP][PASSED] - click(findTestObject("Object Repository/Student answering question being overdue or on time/Page_New Moodle Site/a_Nhp mn Cng ngh phn mm")): Object: 'Object Repository/Student answering question being overdue or on time/Page_New Moodle Site/a_Nhp mn Cng ngh phn mm' is clicked on

2022-02-13 18:44:56 - [MESSAGE][PASSED] - Object: 'Object Repository/Student answering question being overdue or on time/Page_New Moodle Site/a_Nhp mn Cng ngh phn mm' is clicked on

2022-02-13 18:44:56 - [TEST_STEP][PASSED] - click(findTestObject("Object Repository/Page_Kha Software Engineering/span_PA1 Bi tp (1)")): Object: 'Object Repository/Page_Kha Software Engineering/span_PA1 Bi tp (1)' is clicked on

2022-02-13 18:45:02 - [MESSAGE][INFO] - Unable to find the element located by 'By.xpath: //li[@id='module-4']/div/div/div[2]/div/a/span'. Please recheck the objects properties to make sure the desired element is located. 

2022-02-13 18:45:02 - [MESSAGE][WARNING] - [SELF-HEALING] Failed to find element with id 'Object Repository/Page_Kha Software Engineering/span_PA1 Bi tp (1)'. Try using Self-healing.

2022-02-13 18:45:03 - [MESSAGE][WARNING] - [SELF-HEALING] The current locator of test object 'Object Repository/Page_Kha Software Engineering/span_PA1 Bi tp (1)' was broken. Propose an alternative one: '(.//*[normalize-space(text()) and normalize-space(.)='Chủ đề 1'])[2]/following::span[1]'.

2022-02-13 18:45:04 - [MESSAGE][PASSED] - Object: 'Object Repository/Page_Kha Software Engineering/span_PA1 Bi tp (1)' is clicked on

2022-02-13 18:45:04 - [TEST_STEP][PASSED] - click(findTestObject("Object Repository/Create folder and quiz/Page_quiz1 Xem li ln lm th/a_Student Nguyen")): Object: 'Object Repository/Create folder and quiz/Page_quiz1 Xem li ln lm th/a_Student Nguyen' is clicked on

2022-02-13 18:45:05 - [MESSAGE][PASSED] - Object: 'Object Repository/Create folder and quiz/Page_quiz1 Xem li ln lm th/a_Student Nguyen' is clicked on

2022-02-13 18:45:05 - [TEST_STEP][PASSED] - click(findTestObject("Object Repository/Create folder and quiz/Page_quiz1 Xem li ln lm th/span_Thot")): Object: 'Object Repository/Create folder and quiz/Page_quiz1 Xem li ln lm th/span_Thot' is clicked on

2022-02-13 18:45:06 - [MESSAGE][PASSED] - Object: 'Object Repository/Create folder and quiz/Page_quiz1 Xem li ln lm th/span_Thot' is clicked on

2022-02-13 18:45:06 - [TEST_STEP][PASSED] - callTestCase(findTestCase("Utils/Delete course CNPM"), [:], STOP_ON_FAILURE): Call Test Case 'Test Cases/Utils/Delete course CNPM' successfully

2022-02-13 18:45:06 - [TEST_CASE][PASSED] - Test Cases/Utils/Delete course CNPM: Test Cases/Utils/Delete course CNPM

2022-02-13 18:45:06 - [TEST_STEP][PASSED] - callTestCase(findTestCase("Utils/Login as admin"), [:], STOP_ON_FAILURE): Call Test Case 'Test Cases/Utils/Login as admin' successfully

2022-02-13 18:45:06 - [TEST_CASE][PASSED] - Test Cases/Utils/Login as admin: Test Cases/Utils/Login as admin

2022-02-13 18:45:06 - [TEST_STEP][PASSED] - click(findTestObject("View course grade/Page_Local Moodle/a_Log in")): Object: 'Object Repository/View course grade/Page_Local Moodle/a_Log in' is clicked on

2022-02-13 18:45:07 - [MESSAGE][PASSED] - Object: 'Object Repository/View course grade/Page_Local Moodle/a_Log in' is clicked on

2022-02-13 18:45:07 - [TEST_STEP][PASSED] - setText(findTestObject("View course grade/Page_Local Moodle Log in to the site/input_Username_username"), "admin"): Text 'admin' is set on object 'Object Repository/View course grade/Page_Local Moodle Log in to the site/input_Username_username'

2022-02-13 18:45:08 - [MESSAGE][PASSED] - Text 'admin' is set on object 'Object Repository/View course grade/Page_Local Moodle Log in to the site/input_Username_username'

2022-02-13 18:45:08 - [TEST_STEP][PASSED] - setEncryptedText(findTestObject("View course grade/Page_Local Moodle Log in to the site/input_Password_password"), "bfAykA/oWJ09FXmiKh6lyuuLu8QhG1K5"): Text ****** has been set on object 'Object Repository/View course grade/Page_Local Moodle Log in to the site/input_Password_password'

2022-02-13 18:45:09 - [MESSAGE][PASSED] - Text ****** has been set on object 'Object Repository/View course grade/Page_Local Moodle Log in to the site/input_Password_password'

2022-02-13 18:45:09 - [TEST_STEP][PASSED] - click(findTestObject("View course grade/Page_Local Moodle Log in to the site/button_Log in")): Object: 'Object Repository/View course grade/Page_Local Moodle Log in to the site/button_Log in' is clicked on

2022-02-13 18:45:11 - [MESSAGE][PASSED] - Object: 'Object Repository/View course grade/Page_Local Moodle Log in to the site/button_Log in' is clicked on

2022-02-13 18:45:11 - [MESSAGE][INFO] - 

2022-02-13 18:45:11 - [MESSAGE][INFO] - ===================== Self-healing Report ====================

2022-02-13 18:45:11 - [MESSAGE][INFO] - One of the failed test object locators has been recovered by Self-healing. Please refer to the Self-healing Insights tab for more details.

2022-02-13 18:45:11 - [MESSAGE][INFO] - To learn more about Self-healing, please read https://docs.katalon.com/katalon-studio/docs/self-healing.html

2022-02-13 18:45:11 - [MESSAGE][INFO] - ==============================================================

2022-02-13 18:45:11 - [MESSAGE][PASSED] - Call Test Case 'Test Cases/Utils/Login as admin' successfully

2022-02-13 18:45:11 - [TEST_STEP][PASSED] - click(findTestObject("Object Repository/Create course/Page_Nh ca ti/span_Qun tr khu vc")): Object: 'Object Repository/Create course/Page_Nh ca ti/span_Qun tr khu vc' is clicked on

2022-02-13 18:45:15 - [MESSAGE][PASSED] - Object: 'Object Repository/Create course/Page_Nh ca ti/span_Qun tr khu vc' is clicked on

2022-02-13 18:45:15 - [TEST_STEP][PASSED] - click(findTestObject("Object Repository/Create course/Page_Moodle Khu vc qun tr Tm kim/a_Kho hc")): Object: 'Object Repository/Create course/Page_Moodle Khu vc qun tr Tm kim/a_Kho hc' is clicked on

2022-02-13 18:45:16 - [MESSAGE][PASSED] - Object: 'Object Repository/Create course/Page_Moodle Khu vc qun tr Tm kim/a_Kho hc' is clicked on

2022-02-13 18:45:16 - [TEST_STEP][PASSED] - click(findTestObject("Object Repository/Create course/Page_Moodle Khu vc qun tr Tm kim/a_Thmsa cc kho hc")): Object: 'Object Repository/Create course/Page_Moodle Khu vc qun tr Tm kim/a_Thmsa cc kho hc' is clicked on

2022-02-13 18:45:17 - [MESSAGE][PASSED] - Object: 'Object Repository/Create course/Page_Moodle Khu vc qun tr Tm kim/a_Thmsa cc kho hc' is clicked on

2022-02-13 18:45:17 - [TEST_STEP][PASSED] - click(findTestObject("Object Repository/Create course/Page_Qun l kha hc v danh mc kha hc/div_La chn hnh ng hng lot Nhp mn Cng ngh ph_52747d")): Object: 'Object Repository/Create course/Page_Qun l kha hc v danh mc kha hc/div_La chn hnh ng hng lot Nhp mn Cng ngh ph_52747d' is clicked on

2022-02-13 18:45:24 - [MESSAGE][INFO] - Unable to find the element located by 'By.xpath: //div[@id='yui_3_17_2_1_1641378024996_198']'. Please recheck the objects properties to make sure the desired element is located. 

2022-02-13 18:45:24 - [MESSAGE][WARNING] - [SELF-HEALING] Failed to find element with id 'Object Repository/Create course/Page_Qun l kha hc v danh mc kha hc/div_La chn hnh ng hng lot Nhp mn Cng ngh ph_52747d'. Try using Self-healing.

2022-02-13 18:45:24 - [MESSAGE][WARNING] - [SELF-HEALING] The current locator of test object 'Object Repository/Create course/Page_Qun l kha hc v danh mc kha hc/div_La chn hnh ng hng lot Nhp mn Cng ngh ph_52747d' was broken. Propose an alternative one: '(.//*[normalize-space(text()) and normalize-space(.)='Tất cả'])[1]/following::div[1]'.

2022-02-13 18:45:25 - [MESSAGE][PASSED] - Object: 'Object Repository/Create course/Page_Qun l kha hc v danh mc kha hc/div_La chn hnh ng hng lot Nhp mn Cng ngh ph_52747d' is clicked on

2022-02-13 18:45:25 - [TEST_STEP][PASSED] - click(findTestObject("Object Repository/Create course/Page_Qun l kha hc v danh mc kha hc/a_Nhp mn Cng ngh phn mm")): Object: 'Object Repository/Create course/Page_Qun l kha hc v danh mc kha hc/a_Nhp mn Cng ngh phn mm' is clicked on

2022-02-13 18:45:32 - [MESSAGE][INFO] - Unable to find the element located by 'By.xpath: //a[@id='yui_3_17_2_1_1641378024996_202']'. Please recheck the objects properties to make sure the desired element is located. 

2022-02-13 18:45:32 - [MESSAGE][WARNING] - [SELF-HEALING] Failed to find element with id 'Object Repository/Create course/Page_Qun l kha hc v danh mc kha hc/a_Nhp mn Cng ngh phn mm'. Try using Self-healing.

2022-02-13 18:45:32 - [MESSAGE][WARNING] - [SELF-HEALING] The current locator of test object 'Object Repository/Create course/Page_Qun l kha hc v danh mc kha hc/a_Nhp mn Cng ngh phn mm' was broken. Propose an alternative one: '//a[contains(text(),'Nhập môn Công nghệ phần mềm')]'.

2022-02-13 18:45:34 - [MESSAGE][PASSED] - Object: 'Object Repository/Create course/Page_Qun l kha hc v danh mc kha hc/a_Nhp mn Cng ngh phn mm' is clicked on

2022-02-13 18:45:34 - [TEST_STEP][PASSED] - click(findTestObject("Object Repository/Create course/Page_Qun l kha hc v danh mc kha hc/a_Xo")): Object: 'Object Repository/Create course/Page_Qun l kha hc v danh mc kha hc/a_Xo' is clicked on

2022-02-13 18:45:40 - [MESSAGE][INFO] - Unable to find the element located by 'By.xpath: //a[@id='action_link61d570ff7b02a61']'. Please recheck the objects properties to make sure the desired element is located. 

2022-02-13 18:45:40 - [MESSAGE][WARNING] - [SELF-HEALING] Failed to find element with id 'Object Repository/Create course/Page_Qun l kha hc v danh mc kha hc/a_Xo'. Try using Self-healing.

2022-02-13 18:45:40 - [MESSAGE][WARNING] - [SELF-HEALING] The current locator of test object 'Object Repository/Create course/Page_Qun l kha hc v danh mc kha hc/a_Xo' was broken. Propose an alternative one: '//div[@id='course-detail']/div/div[2]/div/a[4]'.

2022-02-13 18:45:41 - [MESSAGE][PASSED] - Object: 'Object Repository/Create course/Page_Qun l kha hc v danh mc kha hc/a_Xo' is clicked on

2022-02-13 18:45:41 - [TEST_STEP][PASSED] - click(findTestObject("Object Repository/Create course/Page_Moodle Xo CNPM/button_Xo")): Object: 'Object Repository/Create course/Page_Moodle Xo CNPM/button_Xo' is clicked on

2022-02-13 18:45:48 - [MESSAGE][INFO] - Unable to find the element located by 'By.xpath: //button[@id='single_button61dfb22f3a4de19']'. Please recheck the objects properties to make sure the desired element is located. 

2022-02-13 18:45:48 - [MESSAGE][WARNING] - [SELF-HEALING] Failed to find element with id 'Object Repository/Create course/Page_Moodle Xo CNPM/button_Xo'. Try using Self-healing.

2022-02-13 18:45:48 - [MESSAGE][WARNING] - [SELF-HEALING] The current locator of test object 'Object Repository/Create course/Page_Moodle Xo CNPM/button_Xo' was broken. Propose an alternative one: '//div[@id='modal-footer']/div/div/form/button'.

2022-02-13 18:45:50 - [MESSAGE][PASSED] - Object: 'Object Repository/Create course/Page_Moodle Xo CNPM/button_Xo' is clicked on

2022-02-13 18:45:50 - [TEST_STEP][PASSED] - click(findTestObject("Object Repository/Create course/Page_Moodle Xo CNPM/button_Tip tc")): Object: 'Object Repository/Create course/Page_Moodle Xo CNPM/button_Tip tc' is clicked on

2022-02-13 18:45:57 - [MESSAGE][INFO] - Unable to find the element located by 'By.xpath: //button[@id='single_button61d571098d12119']'. Please recheck the objects properties to make sure the desired element is located. 

2022-02-13 18:45:57 - [MESSAGE][WARNING] - [SELF-HEALING] Failed to find element with id 'Object Repository/Create course/Page_Moodle Xo CNPM/button_Tip tc'. Try using Self-healing.

2022-02-13 18:45:57 - [MESSAGE][WARNING] - [SELF-HEALING] The current locator of test object 'Object Repository/Create course/Page_Moodle Xo CNPM/button_Tip tc' was broken. Propose an alternative one: '(.//*[normalize-space(text()) and normalize-space(.)='CNPM đã được xoá hoàn toàn'])[1]/following::button[1]'.

2022-02-13 18:45:59 - [MESSAGE][PASSED] - Object: 'Object Repository/Create course/Page_Moodle Xo CNPM/button_Tip tc' is clicked on

2022-02-13 18:45:59 - [MESSAGE][INFO] - 

2022-02-13 18:45:59 - [MESSAGE][INFO] - ===================== Self-healing Report ====================

2022-02-13 18:45:59 - [MESSAGE][INFO] - One of the failed test object locators has been recovered by Self-healing. Please refer to the Self-healing Insights tab for more details.

2022-02-13 18:45:59 - [MESSAGE][INFO] - To learn more about Self-healing, please read https://docs.katalon.com/katalon-studio/docs/self-healing.html

2022-02-13 18:45:59 - [MESSAGE][INFO] - ==============================================================

2022-02-13 18:45:59 - [MESSAGE][PASSED] - Call Test Case 'Test Cases/Utils/Delete course CNPM' successfully

2022-02-13 18:45:59 - [TEST_STEP][PASSED] - closeBrowser(): Browser is closed

2022-02-13 18:46:00 - [MESSAGE][PASSED] - Browser is closed]]></system-out>
         <system-err><![CDATA[]]></system-err>
      </testcase>
      <testcase name="Test Cases/Create course/Create course successfully" time="209.802" classname="Test Cases/Create course/Create course successfully" status="PASSED">
         <system-out><![CDATA[2022-02-13 18:46:00 - [TEST_CASE][PASSED] - Test Cases/Create course/Create course successfully: Test Cases/Create course/Create course successfully

2022-02-13 18:46:00 - [TEST_STEP][PASSED] - openBrowser(""): Browser is opened with url: ''

2022-02-13 18:46:00 - [MESSAGE][INFO] - Starting 'Edge Chromium' driver

2022-02-13 18:46:02 - [MESSAGE][INFO] - Action delay is set to 0 milliseconds

2022-02-13 18:46:03 - [MESSAGE][PASSED] - Browser is opened with url: ''

2022-02-13 18:46:03 - [TEST_STEP][PASSED] - navigateToUrl("http://localhost/"): Navigate to 'http://localhost/' successfully

2022-02-13 18:46:05 - [MESSAGE][PASSED] - Navigate to 'http://localhost/' successfully

2022-02-13 18:46:05 - [TEST_STEP][PASSED] - callTestCase(findTestCase("Utils/Login as admin"), [:], STOP_ON_FAILURE): Call Test Case 'Test Cases/Utils/Login as admin' successfully

2022-02-13 18:46:05 - [TEST_CASE][PASSED] - Test Cases/Utils/Login as admin: Test Cases/Utils/Login as admin

2022-02-13 18:46:05 - [TEST_STEP][PASSED] - click(findTestObject("View course grade/Page_Local Moodle/a_Log in")): Object: 'Object Repository/View course grade/Page_Local Moodle/a_Log in' is clicked on

2022-02-13 18:46:06 - [MESSAGE][PASSED] - Object: 'Object Repository/View course grade/Page_Local Moodle/a_Log in' is clicked on

2022-02-13 18:46:06 - [TEST_STEP][PASSED] - setText(findTestObject("View course grade/Page_Local Moodle Log in to the site/input_Username_username"), "admin"): Text 'admin' is set on object 'Object Repository/View course grade/Page_Local Moodle Log in to the site/input_Username_username'

2022-02-13 18:46:07 - [MESSAGE][PASSED] - Text 'admin' is set on object 'Object Repository/View course grade/Page_Local Moodle Log in to the site/input_Username_username'

2022-02-13 18:46:07 - [TEST_STEP][PASSED] - setEncryptedText(findTestObject("View course grade/Page_Local Moodle Log in to the site/input_Password_password"), "bfAykA/oWJ09FXmiKh6lyuuLu8QhG1K5"): Text ****** has been set on object 'Object Repository/View course grade/Page_Local Moodle Log in to the site/input_Password_password'

2022-02-13 18:46:08 - [MESSAGE][PASSED] - Text ****** has been set on object 'Object Repository/View course grade/Page_Local Moodle Log in to the site/input_Password_password'

2022-02-13 18:46:08 - [TEST_STEP][PASSED] - click(findTestObject("View course grade/Page_Local Moodle Log in to the site/button_Log in")): Object: 'Object Repository/View course grade/Page_Local Moodle Log in to the site/button_Log in' is clicked on

2022-02-13 18:46:10 - [MESSAGE][PASSED] - Object: 'Object Repository/View course grade/Page_Local Moodle Log in to the site/button_Log in' is clicked on

2022-02-13 18:46:10 - [MESSAGE][PASSED] - Call Test Case 'Test Cases/Utils/Login as admin' successfully

2022-02-13 18:46:10 - [TEST_STEP][PASSED] - click(findTestObject("Utils/Page_Nh ca ti (1)/span_Qun tr khu vc")): Object: 'Object Repository/Utils/Page_Nh ca ti (1)/span_Qun tr khu vc' is clicked on

2022-02-13 18:46:13 - [MESSAGE][PASSED] - Object: 'Object Repository/Utils/Page_Nh ca ti (1)/span_Qun tr khu vc' is clicked on

2022-02-13 18:46:13 - [TEST_STEP][PASSED] - click(findTestObject("Create course/Page_Moodle Khu vc qun tr Tm kim/a_Kho hc")): Object: 'Object Repository/Create course/Page_Moodle Khu vc qun tr Tm kim/a_Kho hc' is clicked on

2022-02-13 18:46:14 - [MESSAGE][PASSED] - Object: 'Object Repository/Create course/Page_Moodle Khu vc qun tr Tm kim/a_Kho hc' is clicked on

2022-02-13 18:46:14 - [TEST_STEP][PASSED] - click(findTestObject("Create course/Page_Moodle Khu vc qun tr Tm kim/a_Thmsa cc kho hc")): Object: 'Object Repository/Create course/Page_Moodle Khu vc qun tr Tm kim/a_Thmsa cc kho hc' is clicked on

2022-02-13 18:46:15 - [MESSAGE][PASSED] - Object: 'Object Repository/Create course/Page_Moodle Khu vc qun tr Tm kim/a_Thmsa cc kho hc' is clicked on

2022-02-13 18:46:15 - [TEST_STEP][PASSED] - click(findTestObject("Create course/Page_Qun l kha hc v danh mc kha hc/a_TaoKhoaHocMoi")): Object: 'Object Repository/Create course/Page_Qun l kha hc v danh mc kha hc/a_TaoKhoaHocMoi' is clicked on

2022-02-13 18:46:21 - [MESSAGE][INFO] - Unable to find the element located by 'By.xpath: //div[@id='yui_3_17_2_1_1641271251047_65']/div/div/a'. Please recheck the objects properties to make sure the desired element is located. 

2022-02-13 18:46:21 - [MESSAGE][WARNING] - [SELF-HEALING] Failed to find element with id 'Object Repository/Create course/Page_Qun l kha hc v danh mc kha hc/a_TaoKhoaHocMoi'. Try using Self-healing.

2022-02-13 18:46:21 - [MESSAGE][WARNING] - [SELF-HEALING] The current locator of test object 'Object Repository/Create course/Page_Qun l kha hc v danh mc kha hc/a_TaoKhoaHocMoi' was broken. Propose an alternative one: '//a[contains(text(),'Tạo khóa học mới')]'.

2022-02-13 18:46:23 - [MESSAGE][PASSED] - Object: 'Object Repository/Create course/Page_Qun l kha hc v danh mc kha hc/a_TaoKhoaHocMoi' is clicked on

2022-02-13 18:46:23 - [TEST_STEP][PASSED] - setText(findTestObject("Create course/Page_Moodle Thm kho hc mi/input_Tn y_fullname"), "Nhập môn Công nghệ phần mềm"): Text 'Nhập môn Công nghệ phần mềm' is set on object 'Object Repository/Create course/Page_Moodle Thm kho hc mi/input_Tn y_fullname'

2022-02-13 18:46:24 - [MESSAGE][PASSED] - Text 'Nhập môn Công nghệ phần mềm' is set on object 'Object Repository/Create course/Page_Moodle Thm kho hc mi/input_Tn y_fullname'

2022-02-13 18:46:24 - [TEST_STEP][PASSED] - setText(findTestObject("Create course/Page_Moodle Thm kho hc mi/input_Tn rt gn ca kho hc_shortname"), "CNPM"): Text 'CNPM' is set on object 'Object Repository/Create course/Page_Moodle Thm kho hc mi/input_Tn rt gn ca kho hc_shortname'

2022-02-13 18:46:25 - [MESSAGE][PASSED] - Text 'CNPM' is set on object 'Object Repository/Create course/Page_Moodle Thm kho hc mi/input_Tn rt gn ca kho hc_shortname'

2022-02-13 18:46:25 - [TEST_STEP][PASSED] - selectOptionByValue(findTestObject("Create course/Page_Moodle Thm kho hc mi/select_1        2        3        4        _45ea30"), "10", true): All options with value '10' are selected in object 'Object Repository/Create course/Page_Moodle Thm kho hc mi/select_1        2        3        4        _45ea30'  using regular expression

2022-02-13 18:46:28 - [MESSAGE][PASSED] - All options with value '10' are selected in object 'Object Repository/Create course/Page_Moodle Thm kho hc mi/select_1        2        3        4        _45ea30'  using regular expression

2022-02-13 18:46:28 - [TEST_STEP][PASSED] - selectOptionByValue(findTestObject("Create course/Page_Moodle Thm kho hc mi/select_Thng Ging        Thng Hai        Thn_b248db"), "9", true): All options with value '9' are selected in object 'Object Repository/Create course/Page_Moodle Thm kho hc mi/select_Thng Ging        Thng Hai        Thn_b248db'  using regular expression

2022-02-13 18:46:30 - [MESSAGE][PASSED] - All options with value '9' are selected in object 'Object Repository/Create course/Page_Moodle Thm kho hc mi/select_Thng Ging        Thng Hai        Thn_b248db'  using regular expression

2022-02-13 18:46:30 - [TEST_STEP][PASSED] - selectOptionByValue(findTestObject("Create course/Page_Moodle Thm kho hc mi/select_1900        1901        1902        _6405c9"), "2021", true): All options with value '2021' are selected in object 'Object Repository/Create course/Page_Moodle Thm kho hc mi/select_1900        1901        1902        _6405c9'  using regular expression

2022-02-13 18:46:39 - [MESSAGE][PASSED] - All options with value '2021' are selected in object 'Object Repository/Create course/Page_Moodle Thm kho hc mi/select_1900        1901        1902        _6405c9'  using regular expression

2022-02-13 18:46:39 - [TEST_STEP][PASSED] - selectOptionByValue(findTestObject("Create course/Page_Moodle Thm kho hc mi/select_00        01        02        03    _f6e37b"), "7", true): All options with value '7' are selected in object 'Object Repository/Create course/Page_Moodle Thm kho hc mi/select_00        01        02        03    _f6e37b'  using regular expression

2022-02-13 18:46:41 - [MESSAGE][PASSED] - All options with value '7' are selected in object 'Object Repository/Create course/Page_Moodle Thm kho hc mi/select_00        01        02        03    _f6e37b'  using regular expression

2022-02-13 18:46:41 - [TEST_STEP][PASSED] - selectOptionByValue(findTestObject("Create course/Page_Moodle Thm kho hc mi/select_00        01        02        03    _f6e37b_1"), "15", true): All options with value '15' are selected in object 'Object Repository/Create course/Page_Moodle Thm kho hc mi/select_00        01        02        03    _f6e37b_1'  using regular expression

2022-02-13 18:46:45 - [MESSAGE][PASSED] - All options with value '15' are selected in object 'Object Repository/Create course/Page_Moodle Thm kho hc mi/select_00        01        02        03    _f6e37b_1'  using regular expression

2022-02-13 18:46:45 - [TEST_STEP][PASSED] - selectOptionByValue(findTestObject("Create course/Page_Moodle Thm kho hc mi/select_1        2        3        4        _45ea30_1"), "15", true): All options with value '15' are selected in object 'Object Repository/Create course/Page_Moodle Thm kho hc mi/select_1        2        3        4        _45ea30_1'  using regular expression

2022-02-13 18:46:47 - [MESSAGE][PASSED] - All options with value '15' are selected in object 'Object Repository/Create course/Page_Moodle Thm kho hc mi/select_1        2        3        4        _45ea30_1'  using regular expression

2022-02-13 18:46:47 - [TEST_STEP][PASSED] - selectOptionByValue(findTestObject("Create course/Page_Moodle Thm kho hc mi/select_1900        1901        1902        _6405c9_1"), "2022", true): All options with value '2022' are selected in object 'Object Repository/Create course/Page_Moodle Thm kho hc mi/select_1900        1901        1902        _6405c9_1'  using regular expression

2022-02-13 18:46:57 - [MESSAGE][PASSED] - All options with value '2022' are selected in object 'Object Repository/Create course/Page_Moodle Thm kho hc mi/select_1900        1901        1902        _6405c9_1'  using regular expression

2022-02-13 18:46:57 - [TEST_STEP][PASSED] - selectOptionByValue(findTestObject("Create course/Page_Moodle Thm kho hc mi/select_00        01        02        03    _f6e37b_1_2"), "10", true): All options with value '10' are selected in object 'Object Repository/Create course/Page_Moodle Thm kho hc mi/select_00        01        02        03    _f6e37b_1_2'  using regular expression

2022-02-13 18:46:59 - [MESSAGE][PASSED] - All options with value '10' are selected in object 'Object Repository/Create course/Page_Moodle Thm kho hc mi/select_00        01        02        03    _f6e37b_1_2'  using regular expression

2022-02-13 18:46:59 - [TEST_STEP][PASSED] - setText(findTestObject("Create course/Page_Moodle Thm kho hc mi/input_M s ID kho hc_idnumber"), "1234"): Text '1234' is set on object 'Object Repository/Create course/Page_Moodle Thm kho hc mi/input_M s ID kho hc_idnumber'

2022-02-13 18:47:00 - [MESSAGE][PASSED] - Text '1234' is set on object 'Object Repository/Create course/Page_Moodle Thm kho hc mi/input_M s ID kho hc_idnumber'

2022-02-13 18:47:00 - [TEST_STEP][PASSED] - click(findTestObject("Object Repository/Utils/Page_Moodle Thm kho hc mi/input__saveanddisplay")): Object: 'Object Repository/Utils/Page_Moodle Thm kho hc mi/input__saveanddisplay' is clicked on

2022-02-13 18:47:02 - [MESSAGE][PASSED] - Object: 'Object Repository/Utils/Page_Moodle Thm kho hc mi/input__saveanddisplay' is clicked on

2022-02-13 18:47:02 - [TEST_STEP][PASSED] - click(findTestObject("Object Repository/Utils/Page_CNPM Danh sch thnh vin/input_Danh sch thnh vin_btn btn-secondary my-1")): Object: 'Object Repository/Utils/Page_CNPM Danh sch thnh vin/input_Danh sch thnh vin_btn btn-secondary my-1' is clicked on

2022-02-13 18:47:03 - [MESSAGE][PASSED] - Object: 'Object Repository/Utils/Page_CNPM Danh sch thnh vin/input_Danh sch thnh vin_btn btn-secondary my-1' is clicked on

2022-02-13 18:47:03 - [TEST_STEP][PASSED] - click(findTestObject("Object Repository/Utils/Page_CNPM Danh sch thnh vin/span_")): Object: 'Object Repository/Utils/Page_CNPM Danh sch thnh vin/span_' is clicked on

2022-02-13 18:47:10 - [MESSAGE][INFO] - Unable to find the element located by 'By.xpath: //span[@id='form_autocomplete_downarrow-1641965227117']'. Please recheck the objects properties to make sure the desired element is located. 

2022-02-13 18:47:10 - [MESSAGE][WARNING] - [SELF-HEALING] Failed to find element with id 'Object Repository/Utils/Page_CNPM Danh sch thnh vin/span_'. Try using Self-healing.

2022-02-13 18:47:10 - [MESSAGE][WARNING] - [SELF-HEALING] The current locator of test object 'Object Repository/Utils/Page_CNPM Danh sch thnh vin/span_' was broken. Propose an alternative one: '//div[@id='fitem_id_userlist']/div[2]/div[3]/span'.

2022-02-13 18:47:10 - [MESSAGE][PASSED] - Object: 'Object Repository/Utils/Page_CNPM Danh sch thnh vin/span_' is clicked on

2022-02-13 18:47:10 - [TEST_STEP][PASSED] - click(findTestObject("Object Repository/Utils/Page_CNPM Danh sch thnh vin/span_Student Nguyen")): Object: 'Object Repository/Utils/Page_CNPM Danh sch thnh vin/span_Student Nguyen' is clicked on

2022-02-13 18:47:16 - [MESSAGE][INFO] - Unable to find the element located by 'By.xpath: //li[@id='form_autocomplete_suggestions-1641965227117-0']/span/span'. Please recheck the objects properties to make sure the desired element is located. 

2022-02-13 18:47:16 - [MESSAGE][WARNING] - [SELF-HEALING] Failed to find element with id 'Object Repository/Utils/Page_CNPM Danh sch thnh vin/span_Student Nguyen'. Try using Self-healing.

2022-02-13 18:47:18 - [MESSAGE][INFO] - Unable to find the element located by 'By.xpath: (.//*[normalize-space(text()) and normalize-space(.)='student1@gmail.com'])[2]/following::span[2]'. Please recheck the objects properties to make sure the desired element is located. 

2022-02-13 18:47:18 - [MESSAGE][WARNING] - [SELF-HEALING] The current locator of test object 'Object Repository/Utils/Page_CNPM Danh sch thnh vin/span_Student Nguyen' was broken. Propose an alternative one: '(.//*[normalize-space(text()) and normalize-space(.)='student@gmail.com'])[2]/preceding::span[1]'.

2022-02-13 18:47:18 - [MESSAGE][PASSED] - Object: 'Object Repository/Utils/Page_CNPM Danh sch thnh vin/span_Student Nguyen' is clicked on

2022-02-13 18:47:18 - [TEST_STEP][PASSED] - click(findTestObject("Object Repository/Utils/Page_CNPM Danh sch thnh vin/button_Ghi danh ngi dng")): Object: 'Object Repository/Utils/Page_CNPM Danh sch thnh vin/button_Ghi danh ngi dng' is clicked on

2022-02-13 18:47:24 - [MESSAGE][INFO] - Unable to find the element located by 'By.xpath: //button[@id='yui_3_17_2_1_1641965226678_264']'. Please recheck the objects properties to make sure the desired element is located. 

2022-02-13 18:47:24 - [MESSAGE][WARNING] - [SELF-HEALING] Failed to find element with id 'Object Repository/Utils/Page_CNPM Danh sch thnh vin/button_Ghi danh ngi dng'. Try using Self-healing.

2022-02-13 18:47:25 - [MESSAGE][WARNING] - [SELF-HEALING] The current locator of test object 'Object Repository/Utils/Page_CNPM Danh sch thnh vin/button_Ghi danh ngi dng' was broken. Propose an alternative one: '(.//*[normalize-space(text()) and normalize-space(.)='Phút'])[1]/following::button[1]'.

2022-02-13 18:47:25 - [MESSAGE][PASSED] - Object: 'Object Repository/Utils/Page_CNPM Danh sch thnh vin/button_Ghi danh ngi dng' is clicked on

2022-02-13 18:47:25 - [TEST_STEP][PASSED] - click(findTestObject("Object Repository/Utils/Page_CNPM Danh sch thnh vin/input_Danh sch thnh vin_btn btn-secondary my-1")): Object: 'Object Repository/Utils/Page_CNPM Danh sch thnh vin/input_Danh sch thnh vin_btn btn-secondary my-1' is clicked on

2022-02-13 18:47:26 - [MESSAGE][PASSED] - Object: 'Object Repository/Utils/Page_CNPM Danh sch thnh vin/input_Danh sch thnh vin_btn btn-secondary my-1' is clicked on

2022-02-13 18:47:26 - [TEST_STEP][PASSED] - selectOptionByValue(findTestObject("Object Repository/Create course/Page_CNPM Danh sch thnh vin/select_Ngi qun l            Gio vin        _4311d9"), "3", true): All options with value '3' are selected in object 'Object Repository/Create course/Page_CNPM Danh sch thnh vin/select_Ngi qun l            Gio vin        _4311d9'  using regular expression

2022-02-13 18:47:28 - [MESSAGE][PASSED] - All options with value '3' are selected in object 'Object Repository/Create course/Page_CNPM Danh sch thnh vin/select_Ngi qun l            Gio vin        _4311d9'  using regular expression

2022-02-13 18:47:28 - [TEST_STEP][PASSED] - click(findTestObject("Object Repository/Utils/Page_CNPM Danh sch thnh vin/span_")): Object: 'Object Repository/Utils/Page_CNPM Danh sch thnh vin/span_' is clicked on

2022-02-13 18:47:35 - [MESSAGE][INFO] - Unable to find the element located by 'By.xpath: //span[@id='form_autocomplete_downarrow-1641965227117']'. Please recheck the objects properties to make sure the desired element is located. 

2022-02-13 18:47:35 - [MESSAGE][WARNING] - [SELF-HEALING] Failed to find element with id 'Object Repository/Utils/Page_CNPM Danh sch thnh vin/span_'. Try using Self-healing.

2022-02-13 18:47:35 - [MESSAGE][WARNING] - [SELF-HEALING] The current locator of test object 'Object Repository/Utils/Page_CNPM Danh sch thnh vin/span_' was broken. Propose an alternative one: '//div[@id='fitem_id_userlist']/div[2]/div[3]/span'.

2022-02-13 18:47:35 - [MESSAGE][PASSED] - Object: 'Object Repository/Utils/Page_CNPM Danh sch thnh vin/span_' is clicked on

2022-02-13 18:47:35 - [TEST_STEP][PASSED] - click(findTestObject("Object Repository/Create course/Page_CNPM Danh sch thnh vin/span_Nguyen Van A")): Object: 'Object Repository/Create course/Page_CNPM Danh sch thnh vin/span_Nguyen Van A' is clicked on

2022-02-13 18:47:42 - [MESSAGE][INFO] - Unable to find the element located by 'By.xpath: //li[@id='form_autocomplete_suggestions-1642350427588-0']/span/span'. Please recheck the objects properties to make sure the desired element is located. 

2022-02-13 18:47:42 - [MESSAGE][WARNING] - [SELF-HEALING] Failed to find element with id 'Object Repository/Create course/Page_CNPM Danh sch thnh vin/span_Nguyen Van A'. Try using Self-healing.

2022-02-13 18:47:42 - [MESSAGE][WARNING] - [SELF-HEALING] The current locator of test object 'Object Repository/Create course/Page_CNPM Danh sch thnh vin/span_Nguyen Van A' was broken. Propose an alternative one: '(.//*[normalize-space(text()) and normalize-space(.)='▼'])[1]/following::span[2]'.

2022-02-13 18:47:42 - [MESSAGE][PASSED] - Object: 'Object Repository/Create course/Page_CNPM Danh sch thnh vin/span_Nguyen Van A' is clicked on

2022-02-13 18:47:42 - [TEST_STEP][PASSED] - click(findTestObject("Object Repository/Create course/Page_CNPM Danh sch thnh vin/button_Ghi danh ngi dng_1")): Object: 'Object Repository/Create course/Page_CNPM Danh sch thnh vin/button_Ghi danh ngi dng_1' is clicked on

2022-02-13 18:47:49 - [MESSAGE][INFO] - Unable to find the element located by 'By.xpath: //button[@id='yui_3_17_2_1_1642348738650_377']'. Please recheck the objects properties to make sure the desired element is located. 

2022-02-13 18:47:49 - [MESSAGE][WARNING] - [SELF-HEALING] Failed to find element with id 'Object Repository/Create course/Page_CNPM Danh sch thnh vin/button_Ghi danh ngi dng_1'. Try using Self-healing.

2022-02-13 18:47:49 - [MESSAGE][WARNING] - [SELF-HEALING] The current locator of test object 'Object Repository/Create course/Page_CNPM Danh sch thnh vin/button_Ghi danh ngi dng_1' was broken. Propose an alternative one: '(.//*[normalize-space(text()) and normalize-space(.)='Phút'])[1]/following::button[1]'.

2022-02-13 18:47:49 - [MESSAGE][PASSED] - Object: 'Object Repository/Create course/Page_CNPM Danh sch thnh vin/button_Ghi danh ngi dng_1' is clicked on

2022-02-13 18:47:49 - [TEST_STEP][PASSED] - click(findTestObject("Create course/Page_CNPM Danh sch thnh vin/a_Qun tr Thnh vin")): Object: 'Object Repository/Create course/Page_CNPM Danh sch thnh vin/a_Qun tr Thnh vin' is clicked on

2022-02-13 18:47:50 - [MESSAGE][PASSED] - Object: 'Object Repository/Create course/Page_CNPM Danh sch thnh vin/a_Qun tr Thnh vin' is clicked on

2022-02-13 18:47:50 - [TEST_STEP][PASSED] - click(findTestObject("Create course/Page_CNPM Danh sch thnh vin/span_Thot")): Object: 'Object Repository/Create course/Page_CNPM Danh sch thnh vin/span_Thot' is clicked on

2022-02-13 18:47:51 - [MESSAGE][PASSED] - Object: 'Object Repository/Create course/Page_CNPM Danh sch thnh vin/span_Thot' is clicked on

2022-02-13 18:47:51 - [TEST_STEP][PASSED] - click(findTestObject("Object Repository/Create course/Page_New Moodle Site/a_Log in")): Object: 'Object Repository/Create course/Page_New Moodle Site/a_Log in' is clicked on

2022-02-13 18:47:52 - [MESSAGE][PASSED] - Object: 'Object Repository/Create course/Page_New Moodle Site/a_Log in' is clicked on

2022-02-13 18:47:52 - [TEST_STEP][PASSED] - setText(findTestObject("Object Repository/Create course/Page_New Moodle Site Log in to the site/input_Username_username"), "hs01"): Text 'hs01' is set on object 'Object Repository/Create course/Page_New Moodle Site Log in to the site/input_Username_username'

2022-02-13 18:47:53 - [MESSAGE][PASSED] - Text 'hs01' is set on object 'Object Repository/Create course/Page_New Moodle Site Log in to the site/input_Username_username'

2022-02-13 18:47:53 - [TEST_STEP][PASSED] - setEncryptedText(findTestObject("Object Repository/Create course/Page_New Moodle Site Log in to the site/input_Password_password"), "o5TCnEIIWq2SeGQhIMNXLQ=="): Text ****** has been set on object 'Object Repository/Create course/Page_New Moodle Site Log in to the site/input_Password_password'

2022-02-13 18:47:54 - [MESSAGE][PASSED] - Text ****** has been set on object 'Object Repository/Create course/Page_New Moodle Site Log in to the site/input_Password_password'

2022-02-13 18:47:54 - [TEST_STEP][PASSED] - click(findTestObject("Object Repository/Create course/Page_New Moodle Site Log in to the site/button_Log in")): Object: 'Object Repository/Create course/Page_New Moodle Site Log in to the site/button_Log in' is clicked on

2022-02-13 18:47:57 - [MESSAGE][PASSED] - Object: 'Object Repository/Create course/Page_New Moodle Site Log in to the site/button_Log in' is clicked on

2022-02-13 18:47:57 - [TEST_STEP][PASSED] - click(findTestObject("Create course/Page_Nh ca ti/span_Trang ch h thng")): Object: 'Object Repository/Create course/Page_Nh ca ti/span_Trang ch h thng' is clicked on

2022-02-13 18:48:00 - [MESSAGE][PASSED] - Object: 'Object Repository/Create course/Page_Nh ca ti/span_Trang ch h thng' is clicked on

2022-02-13 18:48:00 - [TEST_STEP][PASSED] - verifyElementClickable(findTestObject("Create course/Page_New Moodle Site/a_Nhp mn Cng ngh phn mm")): Object 'Object Repository/Create course/Page_New Moodle Site/a_Nhp mn Cng ngh phn mm' is clickable

2022-02-13 18:48:00 - [MESSAGE][PASSED] - Object 'Object Repository/Create course/Page_New Moodle Site/a_Nhp mn Cng ngh phn mm' is clickable

2022-02-13 18:48:00 - [TEST_STEP][PASSED] - click(findTestObject("Create course/Page_New Moodle Site/a_Nhp mn Cng ngh phn mm")): Object: 'Object Repository/Create course/Page_New Moodle Site/a_Nhp mn Cng ngh phn mm' is clicked on

2022-02-13 18:48:01 - [MESSAGE][PASSED] - Object: 'Object Repository/Create course/Page_New Moodle Site/a_Nhp mn Cng ngh phn mm' is clicked on

2022-02-13 18:48:01 - [TEST_STEP][PASSED] - click(findTestObject("Create course/Page_Kha Nhp mn Cng ngh phn mm/button_Bt ch  chnh sa")): Object: 'Object Repository/Create course/Page_Kha Nhp mn Cng ngh phn mm/button_Bt ch  chnh sa' is clicked on

2022-02-13 18:48:08 - [MESSAGE][INFO] - Unable to find the element located by 'By.xpath: //button[@id='single_button61e44925546ec1']'. Please recheck the objects properties to make sure the desired element is located. 

2022-02-13 18:48:08 - [MESSAGE][WARNING] - [SELF-HEALING] Failed to find element with id 'Object Repository/Create course/Page_Kha Nhp mn Cng ngh phn mm/button_Bt ch  chnh sa'. Try using Self-healing.

2022-02-13 18:48:08 - [MESSAGE][WARNING] - [SELF-HEALING] The current locator of test object 'Object Repository/Create course/Page_Kha Nhp mn Cng ngh phn mm/button_Bt ch  chnh sa' was broken. Propose an alternative one: '//header[@id='page-header']/div/div/div/div[2]/div[2]/div/form/button'.

2022-02-13 18:48:09 - [MESSAGE][PASSED] - Object: 'Object Repository/Create course/Page_Kha Nhp mn Cng ngh phn mm/button_Bt ch  chnh sa' is clicked on

2022-02-13 18:48:09 - [TEST_STEP][PASSED] - click(findTestObject("Create course/Page_Kha Nhp mn Cng ngh phn mm/button_Tt ch  chnh sa")): Object: 'Object Repository/Create course/Page_Kha Nhp mn Cng ngh phn mm/button_Tt ch  chnh sa' is clicked on

2022-02-13 18:48:15 - [MESSAGE][INFO] - Unable to find the element located by 'By.xpath: //button[@id='single_button61e4492aa5e911']'. Please recheck the objects properties to make sure the desired element is located. 

2022-02-13 18:48:15 - [MESSAGE][WARNING] - [SELF-HEALING] Failed to find element with id 'Object Repository/Create course/Page_Kha Nhp mn Cng ngh phn mm/button_Tt ch  chnh sa'. Try using Self-healing.

2022-02-13 18:48:15 - [MESSAGE][WARNING] - [SELF-HEALING] The current locator of test object 'Object Repository/Create course/Page_Kha Nhp mn Cng ngh phn mm/button_Tt ch  chnh sa' was broken. Propose an alternative one: '//header[@id='page-header']/div/div/div/div[2]/div[2]/div/form/button'.

2022-02-13 18:48:16 - [MESSAGE][PASSED] - Object: 'Object Repository/Create course/Page_Kha Nhp mn Cng ngh phn mm/button_Tt ch  chnh sa' is clicked on

2022-02-13 18:48:16 - [TEST_STEP][PASSED] - click(findTestObject("Object Repository/Create course/Page_Nh ca ti/a_Nguyen Van A")): Object: 'Object Repository/Create course/Page_Nh ca ti/a_Nguyen Van A' is clicked on

2022-02-13 18:48:17 - [MESSAGE][PASSED] - Object: 'Object Repository/Create course/Page_Nh ca ti/a_Nguyen Van A' is clicked on

2022-02-13 18:48:17 - [TEST_STEP][PASSED] - click(findTestObject("Object Repository/Create course/Page_Nh ca ti/span_Thot")): Object: 'Object Repository/Create course/Page_Nh ca ti/span_Thot' is clicked on

2022-02-13 18:48:18 - [MESSAGE][PASSED] - Object: 'Object Repository/Create course/Page_Nh ca ti/span_Thot' is clicked on

2022-02-13 18:48:18 - [TEST_STEP][PASSED] - callTestCase(findTestCase("Utils/Login as student"), [:], STOP_ON_FAILURE): Call Test Case 'Test Cases/Utils/Login as student' successfully

2022-02-13 18:48:18 - [TEST_CASE][PASSED] - Test Cases/Utils/Login as student: Test Cases/Utils/Login as student

2022-02-13 18:48:18 - [TEST_STEP][PASSED] - click(findTestObject("Create folder and quiz/Page_Local Moodle/a_Log in")): Object: 'Object Repository/Create folder and quiz/Page_Local Moodle/a_Log in' is clicked on

2022-02-13 18:48:19 - [MESSAGE][PASSED] - Object: 'Object Repository/Create folder and quiz/Page_Local Moodle/a_Log in' is clicked on

2022-02-13 18:48:19 - [TEST_STEP][PASSED] - setText(findTestObject("Create folder and quiz/Page_Local Moodle Log in to the site/input_Username_username"), "student"): Text 'student' is set on object 'Object Repository/Create folder and quiz/Page_Local Moodle Log in to the site/input_Username_username'

2022-02-13 18:48:20 - [MESSAGE][PASSED] - Text 'student' is set on object 'Object Repository/Create folder and quiz/Page_Local Moodle Log in to the site/input_Username_username'

2022-02-13 18:48:20 - [TEST_STEP][PASSED] - setEncryptedText(findTestObject("Create folder and quiz/Page_Local Moodle Log in to the site/input_Password_password"), "ie7bep3f1gXYsgY0lkRhPw=="): Text ****** has been set on object 'Object Repository/Create folder and quiz/Page_Local Moodle Log in to the site/input_Password_password'

2022-02-13 18:48:21 - [MESSAGE][PASSED] - Text ****** has been set on object 'Object Repository/Create folder and quiz/Page_Local Moodle Log in to the site/input_Password_password'

2022-02-13 18:48:21 - [TEST_STEP][PASSED] - click(findTestObject("Create folder and quiz/Page_Local Moodle Log in to the site/button_Log in")): Object: 'Object Repository/Create folder and quiz/Page_Local Moodle Log in to the site/button_Log in' is clicked on

2022-02-13 18:48:23 - [MESSAGE][PASSED] - Object: 'Object Repository/Create folder and quiz/Page_Local Moodle Log in to the site/button_Log in' is clicked on

2022-02-13 18:48:23 - [MESSAGE][INFO] - 

2022-02-13 18:48:23 - [MESSAGE][INFO] - ===================== Self-healing Report ====================

2022-02-13 18:48:23 - [MESSAGE][INFO] - One of the failed test object locators has been recovered by Self-healing. Please refer to the Self-healing Insights tab for more details.

2022-02-13 18:48:23 - [MESSAGE][INFO] - To learn more about Self-healing, please read https://docs.katalon.com/katalon-studio/docs/self-healing.html

2022-02-13 18:48:23 - [MESSAGE][INFO] - ==============================================================

2022-02-13 18:48:23 - [MESSAGE][PASSED] - Call Test Case 'Test Cases/Utils/Login as student' successfully

2022-02-13 18:48:23 - [TEST_STEP][PASSED] - click(findTestObject("Utils/Page_Nh ca ti (1)/span_Nhp mn Cng ngh phn mm")): Object: 'Object Repository/Utils/Page_Nh ca ti (1)/span_Nhp mn Cng ngh phn mm' is clicked on

2022-02-13 18:48:30 - [MESSAGE][INFO] - Unable to find the element located by 'By.xpath: //div[@id='course-info-container-7-7']/div/div/a/span[3]'. Please recheck the objects properties to make sure the desired element is located. 

2022-02-13 18:48:30 - [MESSAGE][WARNING] - [SELF-HEALING] Failed to find element with id 'Object Repository/Utils/Page_Nh ca ti (1)/span_Nhp mn Cng ngh phn mm'. Try using Self-healing.

2022-02-13 18:48:30 - [MESSAGE][WARNING] - [SELF-HEALING] The current locator of test object 'Object Repository/Utils/Page_Nh ca ti (1)/span_Nhp mn Cng ngh phn mm' was broken. Propose an alternative one: '(.//*[normalize-space(text()) and normalize-space(.)='Tên khóa học'])[1]/following::span[1]'.

2022-02-13 18:48:31 - [MESSAGE][PASSED] - Object: 'Object Repository/Utils/Page_Nh ca ti (1)/span_Nhp mn Cng ngh phn mm' is clicked on

2022-02-13 18:48:31 - [TEST_STEP][PASSED] - click(findTestObject("Create course/Page_Nh ca ti/a_Student Nguyen")): Object: 'Object Repository/Create course/Page_Nh ca ti/a_Student Nguyen' is clicked on

2022-02-13 18:48:31 - [MESSAGE][PASSED] - Object: 'Object Repository/Create course/Page_Nh ca ti/a_Student Nguyen' is clicked on

2022-02-13 18:48:31 - [TEST_STEP][PASSED] - click(findTestObject("Create course/Page_CNPM Danh sch thnh vin/span_Thot")): Object: 'Object Repository/Create course/Page_CNPM Danh sch thnh vin/span_Thot' is clicked on

2022-02-13 18:48:32 - [MESSAGE][PASSED] - Object: 'Object Repository/Create course/Page_CNPM Danh sch thnh vin/span_Thot' is clicked on

2022-02-13 18:48:32 - [TEST_STEP][PASSED] - callTestCase(findTestCase("Utils/Delete course CNPM"), [:], STOP_ON_FAILURE): Call Test Case 'Test Cases/Utils/Delete course CNPM' successfully

2022-02-13 18:48:33 - [TEST_CASE][PASSED] - Test Cases/Utils/Delete course CNPM: Test Cases/Utils/Delete course CNPM

2022-02-13 18:48:33 - [TEST_STEP][PASSED] - callTestCase(findTestCase("Utils/Login as admin"), [:], STOP_ON_FAILURE): Call Test Case 'Test Cases/Utils/Login as admin' successfully

2022-02-13 18:48:33 - [TEST_CASE][PASSED] - Test Cases/Utils/Login as admin: Test Cases/Utils/Login as admin

2022-02-13 18:48:33 - [TEST_STEP][PASSED] - click(findTestObject("View course grade/Page_Local Moodle/a_Log in")): Object: 'Object Repository/View course grade/Page_Local Moodle/a_Log in' is clicked on

2022-02-13 18:48:34 - [MESSAGE][PASSED] - Object: 'Object Repository/View course grade/Page_Local Moodle/a_Log in' is clicked on

2022-02-13 18:48:34 - [TEST_STEP][PASSED] - setText(findTestObject("View course grade/Page_Local Moodle Log in to the site/input_Username_username"), "admin"): Text 'admin' is set on object 'Object Repository/View course grade/Page_Local Moodle Log in to the site/input_Username_username'

2022-02-13 18:48:35 - [MESSAGE][PASSED] - Text 'admin' is set on object 'Object Repository/View course grade/Page_Local Moodle Log in to the site/input_Username_username'

2022-02-13 18:48:35 - [TEST_STEP][PASSED] - setEncryptedText(findTestObject("View course grade/Page_Local Moodle Log in to the site/input_Password_password"), "bfAykA/oWJ09FXmiKh6lyuuLu8QhG1K5"): Text ****** has been set on object 'Object Repository/View course grade/Page_Local Moodle Log in to the site/input_Password_password'

2022-02-13 18:48:35 - [MESSAGE][PASSED] - Text ****** has been set on object 'Object Repository/View course grade/Page_Local Moodle Log in to the site/input_Password_password'

2022-02-13 18:48:35 - [TEST_STEP][PASSED] - click(findTestObject("View course grade/Page_Local Moodle Log in to the site/button_Log in")): Object: 'Object Repository/View course grade/Page_Local Moodle Log in to the site/button_Log in' is clicked on

2022-02-13 18:48:39 - [MESSAGE][PASSED] - Object: 'Object Repository/View course grade/Page_Local Moodle Log in to the site/button_Log in' is clicked on

2022-02-13 18:48:39 - [MESSAGE][INFO] - 

2022-02-13 18:48:39 - [MESSAGE][INFO] - ===================== Self-healing Report ====================

2022-02-13 18:48:39 - [MESSAGE][INFO] - One of the failed test object locators has been recovered by Self-healing. Please refer to the Self-healing Insights tab for more details.

2022-02-13 18:48:39 - [MESSAGE][INFO] - To learn more about Self-healing, please read https://docs.katalon.com/katalon-studio/docs/self-healing.html

2022-02-13 18:48:39 - [MESSAGE][INFO] - ==============================================================

2022-02-13 18:48:39 - [MESSAGE][PASSED] - Call Test Case 'Test Cases/Utils/Login as admin' successfully

2022-02-13 18:48:39 - [TEST_STEP][PASSED] - click(findTestObject("Object Repository/Create course/Page_Nh ca ti/span_Qun tr khu vc")): Object: 'Object Repository/Create course/Page_Nh ca ti/span_Qun tr khu vc' is clicked on

2022-02-13 18:48:44 - [MESSAGE][PASSED] - Object: 'Object Repository/Create course/Page_Nh ca ti/span_Qun tr khu vc' is clicked on

2022-02-13 18:48:44 - [TEST_STEP][PASSED] - click(findTestObject("Object Repository/Create course/Page_Moodle Khu vc qun tr Tm kim/a_Kho hc")): Object: 'Object Repository/Create course/Page_Moodle Khu vc qun tr Tm kim/a_Kho hc' is clicked on

2022-02-13 18:48:44 - [MESSAGE][PASSED] - Object: 'Object Repository/Create course/Page_Moodle Khu vc qun tr Tm kim/a_Kho hc' is clicked on

2022-02-13 18:48:44 - [TEST_STEP][PASSED] - click(findTestObject("Object Repository/Create course/Page_Moodle Khu vc qun tr Tm kim/a_Thmsa cc kho hc")): Object: 'Object Repository/Create course/Page_Moodle Khu vc qun tr Tm kim/a_Thmsa cc kho hc' is clicked on

2022-02-13 18:48:46 - [MESSAGE][PASSED] - Object: 'Object Repository/Create course/Page_Moodle Khu vc qun tr Tm kim/a_Thmsa cc kho hc' is clicked on

2022-02-13 18:48:46 - [TEST_STEP][PASSED] - click(findTestObject("Object Repository/Create course/Page_Qun l kha hc v danh mc kha hc/div_La chn hnh ng hng lot Nhp mn Cng ngh ph_52747d")): Object: 'Object Repository/Create course/Page_Qun l kha hc v danh mc kha hc/div_La chn hnh ng hng lot Nhp mn Cng ngh ph_52747d' is clicked on

2022-02-13 18:48:53 - [MESSAGE][INFO] - Unable to find the element located by 'By.xpath: //div[@id='yui_3_17_2_1_1641378024996_198']'. Please recheck the objects properties to make sure the desired element is located. 

2022-02-13 18:48:53 - [MESSAGE][WARNING] - [SELF-HEALING] Failed to find element with id 'Object Repository/Create course/Page_Qun l kha hc v danh mc kha hc/div_La chn hnh ng hng lot Nhp mn Cng ngh ph_52747d'. Try using Self-healing.

2022-02-13 18:48:53 - [MESSAGE][WARNING] - [SELF-HEALING] The current locator of test object 'Object Repository/Create course/Page_Qun l kha hc v danh mc kha hc/div_La chn hnh ng hng lot Nhp mn Cng ngh ph_52747d' was broken. Propose an alternative one: '(.//*[normalize-space(text()) and normalize-space(.)='Tất cả'])[1]/following::div[1]'.

2022-02-13 18:48:54 - [MESSAGE][PASSED] - Object: 'Object Repository/Create course/Page_Qun l kha hc v danh mc kha hc/div_La chn hnh ng hng lot Nhp mn Cng ngh ph_52747d' is clicked on

2022-02-13 18:48:54 - [TEST_STEP][PASSED] - click(findTestObject("Object Repository/Create course/Page_Qun l kha hc v danh mc kha hc/a_Nhp mn Cng ngh phn mm")): Object: 'Object Repository/Create course/Page_Qun l kha hc v danh mc kha hc/a_Nhp mn Cng ngh phn mm' is clicked on

2022-02-13 18:49:01 - [MESSAGE][INFO] - Unable to find the element located by 'By.xpath: //a[@id='yui_3_17_2_1_1641378024996_202']'. Please recheck the objects properties to make sure the desired element is located. 

2022-02-13 18:49:01 - [MESSAGE][WARNING] - [SELF-HEALING] Failed to find element with id 'Object Repository/Create course/Page_Qun l kha hc v danh mc kha hc/a_Nhp mn Cng ngh phn mm'. Try using Self-healing.

2022-02-13 18:49:01 - [MESSAGE][WARNING] - [SELF-HEALING] The current locator of test object 'Object Repository/Create course/Page_Qun l kha hc v danh mc kha hc/a_Nhp mn Cng ngh phn mm' was broken. Propose an alternative one: '//a[contains(text(),'Nhập môn Công nghệ phần mềm')]'.

2022-02-13 18:49:03 - [MESSAGE][PASSED] - Object: 'Object Repository/Create course/Page_Qun l kha hc v danh mc kha hc/a_Nhp mn Cng ngh phn mm' is clicked on

2022-02-13 18:49:03 - [TEST_STEP][PASSED] - click(findTestObject("Object Repository/Create course/Page_Qun l kha hc v danh mc kha hc/a_Xo")): Object: 'Object Repository/Create course/Page_Qun l kha hc v danh mc kha hc/a_Xo' is clicked on

2022-02-13 18:49:09 - [MESSAGE][INFO] - Unable to find the element located by 'By.xpath: //a[@id='action_link61d570ff7b02a61']'. Please recheck the objects properties to make sure the desired element is located. 

2022-02-13 18:49:09 - [MESSAGE][WARNING] - [SELF-HEALING] Failed to find element with id 'Object Repository/Create course/Page_Qun l kha hc v danh mc kha hc/a_Xo'. Try using Self-healing.

2022-02-13 18:49:09 - [MESSAGE][WARNING] - [SELF-HEALING] The current locator of test object 'Object Repository/Create course/Page_Qun l kha hc v danh mc kha hc/a_Xo' was broken. Propose an alternative one: '//div[@id='course-detail']/div/div[2]/div/a[4]'.

2022-02-13 18:49:10 - [MESSAGE][PASSED] - Object: 'Object Repository/Create course/Page_Qun l kha hc v danh mc kha hc/a_Xo' is clicked on

2022-02-13 18:49:10 - [TEST_STEP][PASSED] - click(findTestObject("Object Repository/Create course/Page_Moodle Xo CNPM/button_Xo")): Object: 'Object Repository/Create course/Page_Moodle Xo CNPM/button_Xo' is clicked on

2022-02-13 18:49:17 - [MESSAGE][INFO] - Unable to find the element located by 'By.xpath: //button[@id='single_button61dfb22f3a4de19']'. Please recheck the objects properties to make sure the desired element is located. 

2022-02-13 18:49:17 - [MESSAGE][WARNING] - [SELF-HEALING] Failed to find element with id 'Object Repository/Create course/Page_Moodle Xo CNPM/button_Xo'. Try using Self-healing.

2022-02-13 18:49:17 - [MESSAGE][WARNING] - [SELF-HEALING] The current locator of test object 'Object Repository/Create course/Page_Moodle Xo CNPM/button_Xo' was broken. Propose an alternative one: '//div[@id='modal-footer']/div/div/form/button'.

2022-02-13 18:49:19 - [MESSAGE][PASSED] - Object: 'Object Repository/Create course/Page_Moodle Xo CNPM/button_Xo' is clicked on

2022-02-13 18:49:19 - [TEST_STEP][PASSED] - click(findTestObject("Object Repository/Create course/Page_Moodle Xo CNPM/button_Tip tc")): Object: 'Object Repository/Create course/Page_Moodle Xo CNPM/button_Tip tc' is clicked on

2022-02-13 18:49:25 - [MESSAGE][INFO] - Unable to find the element located by 'By.xpath: //button[@id='single_button61d571098d12119']'. Please recheck the objects properties to make sure the desired element is located. 

2022-02-13 18:49:25 - [MESSAGE][WARNING] - [SELF-HEALING] Failed to find element with id 'Object Repository/Create course/Page_Moodle Xo CNPM/button_Tip tc'. Try using Self-healing.

2022-02-13 18:49:26 - [MESSAGE][WARNING] - [SELF-HEALING] The current locator of test object 'Object Repository/Create course/Page_Moodle Xo CNPM/button_Tip tc' was broken. Propose an alternative one: '(.//*[normalize-space(text()) and normalize-space(.)='CNPM đã được xoá hoàn toàn'])[1]/following::button[1]'.

2022-02-13 18:49:28 - [MESSAGE][PASSED] - Object: 'Object Repository/Create course/Page_Moodle Xo CNPM/button_Tip tc' is clicked on

2022-02-13 18:49:28 - [MESSAGE][INFO] - 

2022-02-13 18:49:28 - [MESSAGE][INFO] - ===================== Self-healing Report ====================

2022-02-13 18:49:28 - [MESSAGE][INFO] - One of the failed test object locators has been recovered by Self-healing. Please refer to the Self-healing Insights tab for more details.

2022-02-13 18:49:28 - [MESSAGE][INFO] - To learn more about Self-healing, please read https://docs.katalon.com/katalon-studio/docs/self-healing.html

2022-02-13 18:49:28 - [MESSAGE][INFO] - ==============================================================

2022-02-13 18:49:28 - [MESSAGE][PASSED] - Call Test Case 'Test Cases/Utils/Delete course CNPM' successfully

2022-02-13 18:49:28 - [TEST_STEP][PASSED] - closeBrowser(): Browser is closed

2022-02-13 18:49:30 - [MESSAGE][PASSED] - Browser is closed]]></system-out>
         <system-err><![CDATA[]]></system-err>
      </testcase>
      <testcase name="Test Cases/Create course/Create course with existed shortname" time="70.383" classname="Test Cases/Create course/Create course with existed shortname" status="PASSED">
         <system-out><![CDATA[2022-02-13 18:49:30 - [TEST_CASE][PASSED] - Test Cases/Create course/Create course with existed shortname: Test Cases/Create course/Create course with existed shortname

2022-02-13 18:49:30 - [TEST_STEP][PASSED] - openBrowser(""): Browser is opened with url: ''

2022-02-13 18:49:30 - [MESSAGE][INFO] - Starting 'Edge Chromium' driver

2022-02-13 18:49:32 - [MESSAGE][INFO] - Action delay is set to 0 milliseconds

2022-02-13 18:49:33 - [MESSAGE][PASSED] - Browser is opened with url: ''

2022-02-13 18:49:33 - [TEST_STEP][PASSED] - navigateToUrl("http://localhost/"): Navigate to 'http://localhost/' successfully

2022-02-13 18:49:35 - [MESSAGE][PASSED] - Navigate to 'http://localhost/' successfully

2022-02-13 18:49:35 - [TEST_STEP][PASSED] - callTestCase(findTestCase("Utils/Login as admin"), [:], STOP_ON_FAILURE): Call Test Case 'Test Cases/Utils/Login as admin' successfully

2022-02-13 18:49:35 - [TEST_CASE][PASSED] - Test Cases/Utils/Login as admin: Test Cases/Utils/Login as admin

2022-02-13 18:49:35 - [TEST_STEP][PASSED] - click(findTestObject("View course grade/Page_Local Moodle/a_Log in")): Object: 'Object Repository/View course grade/Page_Local Moodle/a_Log in' is clicked on

2022-02-13 18:49:36 - [MESSAGE][PASSED] - Object: 'Object Repository/View course grade/Page_Local Moodle/a_Log in' is clicked on

2022-02-13 18:49:36 - [TEST_STEP][PASSED] - setText(findTestObject("View course grade/Page_Local Moodle Log in to the site/input_Username_username"), "admin"): Text 'admin' is set on object 'Object Repository/View course grade/Page_Local Moodle Log in to the site/input_Username_username'

2022-02-13 18:49:37 - [MESSAGE][PASSED] - Text 'admin' is set on object 'Object Repository/View course grade/Page_Local Moodle Log in to the site/input_Username_username'

2022-02-13 18:49:37 - [TEST_STEP][PASSED] - setEncryptedText(findTestObject("View course grade/Page_Local Moodle Log in to the site/input_Password_password"), "bfAykA/oWJ09FXmiKh6lyuuLu8QhG1K5"): Text ****** has been set on object 'Object Repository/View course grade/Page_Local Moodle Log in to the site/input_Password_password'

2022-02-13 18:49:38 - [MESSAGE][PASSED] - Text ****** has been set on object 'Object Repository/View course grade/Page_Local Moodle Log in to the site/input_Password_password'

2022-02-13 18:49:38 - [TEST_STEP][PASSED] - click(findTestObject("View course grade/Page_Local Moodle Log in to the site/button_Log in")): Object: 'Object Repository/View course grade/Page_Local Moodle Log in to the site/button_Log in' is clicked on

2022-02-13 18:49:41 - [MESSAGE][PASSED] - Object: 'Object Repository/View course grade/Page_Local Moodle Log in to the site/button_Log in' is clicked on

2022-02-13 18:49:41 - [MESSAGE][PASSED] - Call Test Case 'Test Cases/Utils/Login as admin' successfully

2022-02-13 18:49:41 - [TEST_STEP][PASSED] - click(findTestObject("Object Repository/Create course/Page_Nh ca ti/span_Qun tr khu vc")): Object: 'Object Repository/Create course/Page_Nh ca ti/span_Qun tr khu vc' is clicked on

2022-02-13 18:49:45 - [MESSAGE][PASSED] - Object: 'Object Repository/Create course/Page_Nh ca ti/span_Qun tr khu vc' is clicked on

2022-02-13 18:49:45 - [TEST_STEP][PASSED] - click(findTestObject("Object Repository/Create course/Page_Moodle Khu vc qun tr Tm kim/a_Kho hc")): Object: 'Object Repository/Create course/Page_Moodle Khu vc qun tr Tm kim/a_Kho hc' is clicked on

2022-02-13 18:49:45 - [MESSAGE][PASSED] - Object: 'Object Repository/Create course/Page_Moodle Khu vc qun tr Tm kim/a_Kho hc' is clicked on

2022-02-13 18:49:45 - [TEST_STEP][PASSED] - click(findTestObject("Object Repository/Create course/Page_Moodle Khu vc qun tr Tm kim/a_Thmsa cc kho hc")): Object: 'Object Repository/Create course/Page_Moodle Khu vc qun tr Tm kim/a_Thmsa cc kho hc' is clicked on

2022-02-13 18:49:47 - [MESSAGE][PASSED] - Object: 'Object Repository/Create course/Page_Moodle Khu vc qun tr Tm kim/a_Thmsa cc kho hc' is clicked on

2022-02-13 18:49:47 - [TEST_STEP][PASSED] - click(findTestObject("Create course/Page_Qun l kha hc v danh mc kha hc/a_TaoKhoaHocMoi")): Object: 'Object Repository/Create course/Page_Qun l kha hc v danh mc kha hc/a_TaoKhoaHocMoi' is clicked on

2022-02-13 18:49:53 - [MESSAGE][INFO] - Unable to find the element located by 'By.xpath: //div[@id='yui_3_17_2_1_1641271251047_65']/div/div/a'. Please recheck the objects properties to make sure the desired element is located. 

2022-02-13 18:49:53 - [MESSAGE][WARNING] - [SELF-HEALING] Failed to find element with id 'Object Repository/Create course/Page_Qun l kha hc v danh mc kha hc/a_TaoKhoaHocMoi'. Try using Self-healing.

2022-02-13 18:49:54 - [MESSAGE][WARNING] - [SELF-HEALING] The current locator of test object 'Object Repository/Create course/Page_Qun l kha hc v danh mc kha hc/a_TaoKhoaHocMoi' was broken. Propose an alternative one: '//a[contains(text(),'Tạo khóa học mới')]'.

2022-02-13 18:49:55 - [MESSAGE][PASSED] - Object: 'Object Repository/Create course/Page_Qun l kha hc v danh mc kha hc/a_TaoKhoaHocMoi' is clicked on

2022-02-13 18:49:55 - [TEST_STEP][PASSED] - setText(findTestObject("Object Repository/Create course/Page_Moodle Thm kho hc mi/input_Tn y_fullname"), "Nhập môn lập trình"): Text 'Nhập môn lập trình' is set on object 'Object Repository/Create course/Page_Moodle Thm kho hc mi/input_Tn y_fullname'

2022-02-13 18:49:57 - [MESSAGE][PASSED] - Text 'Nhập môn lập trình' is set on object 'Object Repository/Create course/Page_Moodle Thm kho hc mi/input_Tn y_fullname'

2022-02-13 18:49:57 - [TEST_STEP][PASSED] - setText(findTestObject("Object Repository/Create course/Page_Moodle Thm kho hc mi/input_Tn rt gn ca kho hc_shortname"), "NMLT"): Text 'NMLT' is set on object 'Object Repository/Create course/Page_Moodle Thm kho hc mi/input_Tn rt gn ca kho hc_shortname'

2022-02-13 18:49:58 - [MESSAGE][PASSED] - Text 'NMLT' is set on object 'Object Repository/Create course/Page_Moodle Thm kho hc mi/input_Tn rt gn ca kho hc_shortname'

2022-02-13 18:49:58 - [TEST_STEP][PASSED] - click(findTestObject("Object Repository/Create course/Page_Moodle Thm kho hc mi/input__saveandreturn")): Object: 'Object Repository/Create course/Page_Moodle Thm kho hc mi/input__saveandreturn' is clicked on

2022-02-13 18:50:00 - [MESSAGE][PASSED] - Object: 'Object Repository/Create course/Page_Moodle Thm kho hc mi/input__saveandreturn' is clicked on

2022-02-13 18:50:00 - [TEST_STEP][PASSED] - click(findTestObject("Create course/Page_Qun l kha hc v danh mc kha hc/a_TaoKhoaHocMoi")): Object: 'Object Repository/Create course/Page_Qun l kha hc v danh mc kha hc/a_TaoKhoaHocMoi' is clicked on

2022-02-13 18:50:07 - [MESSAGE][INFO] - Unable to find the element located by 'By.xpath: //div[@id='yui_3_17_2_1_1641271251047_65']/div/div/a'. Please recheck the objects properties to make sure the desired element is located. 

2022-02-13 18:50:07 - [MESSAGE][WARNING] - [SELF-HEALING] Failed to find element with id 'Object Repository/Create course/Page_Qun l kha hc v danh mc kha hc/a_TaoKhoaHocMoi'. Try using Self-healing.

2022-02-13 18:50:07 - [MESSAGE][WARNING] - [SELF-HEALING] The current locator of test object 'Object Repository/Create course/Page_Qun l kha hc v danh mc kha hc/a_TaoKhoaHocMoi' was broken. Propose an alternative one: '//a[contains(text(),'Tạo khóa học mới')]'.

2022-02-13 18:50:09 - [MESSAGE][PASSED] - Object: 'Object Repository/Create course/Page_Qun l kha hc v danh mc kha hc/a_TaoKhoaHocMoi' is clicked on

2022-02-13 18:50:09 - [TEST_STEP][PASSED] - setText(findTestObject("Object Repository/Create course/Page_Moodle Thm kho hc mi/input_Tn y_fullname"), "Nhập môn lập trình"): Text 'Nhập môn lập trình' is set on object 'Object Repository/Create course/Page_Moodle Thm kho hc mi/input_Tn y_fullname'

2022-02-13 18:50:11 - [MESSAGE][PASSED] - Text 'Nhập môn lập trình' is set on object 'Object Repository/Create course/Page_Moodle Thm kho hc mi/input_Tn y_fullname'

2022-02-13 18:50:11 - [TEST_STEP][PASSED] - setText(findTestObject("Object Repository/Create course/Page_Moodle Thm kho hc mi/input_Tn rt gn ca kho hc_shortname"), "NMLT"): Text 'NMLT' is set on object 'Object Repository/Create course/Page_Moodle Thm kho hc mi/input_Tn rt gn ca kho hc_shortname'

2022-02-13 18:50:12 - [MESSAGE][PASSED] - Text 'NMLT' is set on object 'Object Repository/Create course/Page_Moodle Thm kho hc mi/input_Tn rt gn ca kho hc_shortname'

2022-02-13 18:50:12 - [TEST_STEP][PASSED] - click(findTestObject("Object Repository/Create course/Page_Moodle Thm kho hc mi/input__saveanddisplay")): Object: 'Object Repository/Create course/Page_Moodle Thm kho hc mi/input__saveanddisplay' is clicked on

2022-02-13 18:50:15 - [MESSAGE][PASSED] - Object: 'Object Repository/Create course/Page_Moodle Thm kho hc mi/input__saveanddisplay' is clicked on

2022-02-13 18:50:15 - [TEST_STEP][PASSED] - verifyElementText(findTestObject("Object Repository/Create course/Page_Moodle Thm kho hc mi/div_Tn tt ny  c dng trong mt kho hc khc (Nh_d016a9"), "Tên tắt này đã được dùng trong một khoá học khác (Nhập môn lập trình)"): Actual text and expected text of test object 'Object Repository/Create course/Page_Moodle Thm kho hc mi/div_Tn tt ny  c dng trong mt kho hc khc (Nh_d016a9' are matched.

2022-02-13 18:50:16 - [MESSAGE][PASSED] - Actual text and expected text of test object 'Object Repository/Create course/Page_Moodle Thm kho hc mi/div_Tn tt ny  c dng trong mt kho hc khc (Nh_d016a9' are matched.

2022-02-13 18:50:16 - [TEST_STEP][PASSED] - navigateToUrl("http://localhost/course/delete.php?id=16"): Navigate to 'http://localhost/course/delete.php?id=16' successfully

2022-02-13 18:50:16 - [MESSAGE][PASSED] - Navigate to 'http://localhost/course/delete.php?id=16' successfully

2022-02-13 18:50:16 - [TEST_STEP][PASSED] - click(findTestObject("Object Repository/Create course/Page_Qun l kha hc v danh mc kha hc/span_Qun tr khu vc")): Object: 'Object Repository/Create course/Page_Qun l kha hc v danh mc kha hc/span_Qun tr khu vc' is clicked on

2022-02-13 18:50:19 - [MESSAGE][PASSED] - Object: 'Object Repository/Create course/Page_Qun l kha hc v danh mc kha hc/span_Qun tr khu vc' is clicked on

2022-02-13 18:50:19 - [TEST_STEP][PASSED] - navigateToUrl("http://localhost/admin/search.php"): Navigate to 'http://localhost/admin/search.php' successfully

2022-02-13 18:50:20 - [MESSAGE][PASSED] - Navigate to 'http://localhost/admin/search.php' successfully

2022-02-13 18:50:20 - [TEST_STEP][PASSED] - click(findTestObject("Object Repository/Create course/Page_Moodle Khu vc qun tr Tm kim/a_Kho hc")): Object: 'Object Repository/Create course/Page_Moodle Khu vc qun tr Tm kim/a_Kho hc' is clicked on

2022-02-13 18:50:21 - [MESSAGE][PASSED] - Object: 'Object Repository/Create course/Page_Moodle Khu vc qun tr Tm kim/a_Kho hc' is clicked on

2022-02-13 18:50:21 - [TEST_STEP][PASSED] - click(findTestObject("Object Repository/Create course/Page_Moodle Khu vc qun tr Tm kim/a_Thmsa cc kho hc")): Object: 'Object Repository/Create course/Page_Moodle Khu vc qun tr Tm kim/a_Thmsa cc kho hc' is clicked on

2022-02-13 18:50:22 - [MESSAGE][PASSED] - Object: 'Object Repository/Create course/Page_Moodle Khu vc qun tr Tm kim/a_Thmsa cc kho hc' is clicked on

2022-02-13 18:50:22 - [TEST_STEP][PASSED] - click(findTestObject("Object Repository/Create course/Page_Qun l kha hc v danh mc kha hc/i_Nhp mn lp trnh_yui_3_17_2_1_1642050622599_445")): Object: 'Object Repository/Create course/Page_Qun l kha hc v danh mc kha hc/i_Nhp mn lp trnh_yui_3_17_2_1_1642050622599_445' is clicked on

2022-02-13 18:50:28 - [MESSAGE][INFO] - Unable to find the element located by 'By.xpath: //i[@id='yui_3_17_2_1_1642050622599_445']'. Please recheck the objects properties to make sure the desired element is located. 

2022-02-13 18:50:28 - [MESSAGE][WARNING] - [SELF-HEALING] Failed to find element with id 'Object Repository/Create course/Page_Qun l kha hc v danh mc kha hc/i_Nhp mn lp trnh_yui_3_17_2_1_1642050622599_445'. Try using Self-healing.

2022-02-13 18:50:29 - [MESSAGE][WARNING] - [SELF-HEALING] The current locator of test object 'Object Repository/Create course/Page_Qun l kha hc v danh mc kha hc/i_Nhp mn lp trnh_yui_3_17_2_1_1642050622599_445' was broken. Propose an alternative one: '//span/a[3]/i'.

2022-02-13 18:50:29 - [MESSAGE][PASSED] - Object: 'Object Repository/Create course/Page_Qun l kha hc v danh mc kha hc/i_Nhp mn lp trnh_yui_3_17_2_1_1642050622599_445' is clicked on

2022-02-13 18:50:29 - [TEST_STEP][PASSED] - click(findTestObject("Object Repository/Create course/Page_Moodle Xo NMLT/button_Xo")): Object: 'Object Repository/Create course/Page_Moodle Xo NMLT/button_Xo' is clicked on

2022-02-13 18:50:36 - [MESSAGE][INFO] - Unable to find the element located by 'By.xpath: //button[@id='single_button61dfb441c4d6519']'. Please recheck the objects properties to make sure the desired element is located. 

2022-02-13 18:50:36 - [MESSAGE][WARNING] - [SELF-HEALING] Failed to find element with id 'Object Repository/Create course/Page_Moodle Xo NMLT/button_Xo'. Try using Self-healing.

2022-02-13 18:50:36 - [MESSAGE][WARNING] - [SELF-HEALING] The current locator of test object 'Object Repository/Create course/Page_Moodle Xo NMLT/button_Xo' was broken. Propose an alternative one: '//div[@id='modal-footer']/div/div/form/button'.

2022-02-13 18:50:39 - [MESSAGE][PASSED] - Object: 'Object Repository/Create course/Page_Moodle Xo NMLT/button_Xo' is clicked on

2022-02-13 18:50:39 - [TEST_STEP][PASSED] - closeBrowser(): Browser is closed

2022-02-13 18:50:40 - [MESSAGE][PASSED] - Browser is closed]]></system-out>
         <system-err><![CDATA[]]></system-err>
      </testcase>
      <testcase name="Test Cases/Create course/Create course without fullname" time="27.575" classname="Test Cases/Create course/Create course without fullname" status="PASSED">
         <system-out><![CDATA[2022-02-13 18:50:40 - [TEST_CASE][PASSED] - Test Cases/Create course/Create course without fullname: Test Cases/Create course/Create course without fullname

2022-02-13 18:50:41 - [TEST_STEP][PASSED] - openBrowser(""): Browser is opened with url: ''

2022-02-13 18:50:41 - [MESSAGE][INFO] - Starting 'Edge Chromium' driver

2022-02-13 18:50:43 - [MESSAGE][INFO] - Action delay is set to 0 milliseconds

2022-02-13 18:50:44 - [MESSAGE][PASSED] - Browser is opened with url: ''

2022-02-13 18:50:44 - [TEST_STEP][PASSED] - navigateToUrl("http://localhost/"): Navigate to 'http://localhost/' successfully

2022-02-13 18:50:45 - [MESSAGE][PASSED] - Navigate to 'http://localhost/' successfully

2022-02-13 18:50:45 - [TEST_STEP][PASSED] - callTestCase(findTestCase("Utils/Login as admin"), [:], STOP_ON_FAILURE): Call Test Case 'Test Cases/Utils/Login as admin' successfully

2022-02-13 18:50:45 - [TEST_CASE][PASSED] - Test Cases/Utils/Login as admin: Test Cases/Utils/Login as admin

2022-02-13 18:50:45 - [TEST_STEP][PASSED] - click(findTestObject("View course grade/Page_Local Moodle/a_Log in")): Object: 'Object Repository/View course grade/Page_Local Moodle/a_Log in' is clicked on

2022-02-13 18:50:46 - [MESSAGE][PASSED] - Object: 'Object Repository/View course grade/Page_Local Moodle/a_Log in' is clicked on

2022-02-13 18:50:46 - [TEST_STEP][PASSED] - setText(findTestObject("View course grade/Page_Local Moodle Log in to the site/input_Username_username"), "admin"): Text 'admin' is set on object 'Object Repository/View course grade/Page_Local Moodle Log in to the site/input_Username_username'

2022-02-13 18:50:47 - [MESSAGE][PASSED] - Text 'admin' is set on object 'Object Repository/View course grade/Page_Local Moodle Log in to the site/input_Username_username'

2022-02-13 18:50:47 - [TEST_STEP][PASSED] - setEncryptedText(findTestObject("View course grade/Page_Local Moodle Log in to the site/input_Password_password"), "bfAykA/oWJ09FXmiKh6lyuuLu8QhG1K5"): Text ****** has been set on object 'Object Repository/View course grade/Page_Local Moodle Log in to the site/input_Password_password'

2022-02-13 18:50:48 - [MESSAGE][PASSED] - Text ****** has been set on object 'Object Repository/View course grade/Page_Local Moodle Log in to the site/input_Password_password'

2022-02-13 18:50:48 - [TEST_STEP][PASSED] - click(findTestObject("View course grade/Page_Local Moodle Log in to the site/button_Log in")): Object: 'Object Repository/View course grade/Page_Local Moodle Log in to the site/button_Log in' is clicked on

2022-02-13 18:50:50 - [MESSAGE][PASSED] - Object: 'Object Repository/View course grade/Page_Local Moodle Log in to the site/button_Log in' is clicked on

2022-02-13 18:50:50 - [MESSAGE][PASSED] - Call Test Case 'Test Cases/Utils/Login as admin' successfully

2022-02-13 18:50:50 - [TEST_STEP][PASSED] - click(findTestObject("Utils/Page_Nh ca ti (1)/a_QuanTriKhuVuc")): Object: 'Object Repository/Utils/Page_Nh ca ti (1)/a_QuanTriKhuVuc' is clicked on

2022-02-13 18:50:54 - [MESSAGE][PASSED] - Object: 'Object Repository/Utils/Page_Nh ca ti (1)/a_QuanTriKhuVuc' is clicked on

2022-02-13 18:50:54 - [TEST_STEP][PASSED] - click(findTestObject("Create course/Page_Moodle Khu vc qun tr Tm kim/a_KhoaHoc")): Object: 'Object Repository/Create course/Page_Moodle Khu vc qun tr Tm kim/a_KhoaHoc' is clicked on

2022-02-13 18:50:54 - [MESSAGE][PASSED] - Object: 'Object Repository/Create course/Page_Moodle Khu vc qun tr Tm kim/a_KhoaHoc' is clicked on

2022-02-13 18:50:54 - [TEST_STEP][PASSED] - click(findTestObject("Create course/Page_Moodle Khu vc qun tr Tm kim/a_ThemSuaKhoaHoc")): Object: 'Object Repository/Create course/Page_Moodle Khu vc qun tr Tm kim/a_ThemSuaKhoaHoc' is clicked on

2022-02-13 18:50:55 - [MESSAGE][PASSED] - Object: 'Object Repository/Create course/Page_Moodle Khu vc qun tr Tm kim/a_ThemSuaKhoaHoc' is clicked on

2022-02-13 18:50:55 - [TEST_STEP][PASSED] - click(findTestObject("Create course/Page_Qun l kha hc v danh mc kha hc/a_TaoKhoaHocMoi")): Object: 'Object Repository/Create course/Page_Qun l kha hc v danh mc kha hc/a_TaoKhoaHocMoi' is clicked on

2022-02-13 18:51:02 - [MESSAGE][INFO] - Unable to find the element located by 'By.xpath: //div[@id='yui_3_17_2_1_1641271251047_65']/div/div/a'. Please recheck the objects properties to make sure the desired element is located. 

2022-02-13 18:51:02 - [MESSAGE][WARNING] - [SELF-HEALING] Failed to find element with id 'Object Repository/Create course/Page_Qun l kha hc v danh mc kha hc/a_TaoKhoaHocMoi'. Try using Self-healing.

2022-02-13 18:51:02 - [MESSAGE][WARNING] - [SELF-HEALING] The current locator of test object 'Object Repository/Create course/Page_Qun l kha hc v danh mc kha hc/a_TaoKhoaHocMoi' was broken. Propose an alternative one: '//a[contains(text(),'Tạo khóa học mới')]'.

2022-02-13 18:51:04 - [MESSAGE][PASSED] - Object: 'Object Repository/Create course/Page_Qun l kha hc v danh mc kha hc/a_TaoKhoaHocMoi' is clicked on

2022-02-13 18:51:04 - [TEST_STEP][PASSED] - setText(findTestObject("Create course/Page_Moodle Thm kho hc mi/input_TenRutGon"), "NMLT"): Text 'NMLT' is set on object 'Object Repository/Create course/Page_Moodle Thm kho hc mi/input_TenRutGon'

2022-02-13 18:51:05 - [MESSAGE][PASSED] - Text 'NMLT' is set on object 'Object Repository/Create course/Page_Moodle Thm kho hc mi/input_TenRutGon'

2022-02-13 18:51:05 - [TEST_STEP][PASSED] - click(findTestObject("Create course/Page_Moodle Thm kho hc mi/input__LuuVaQuayLai")): Object: 'Object Repository/Create course/Page_Moodle Thm kho hc mi/input__LuuVaQuayLai' is clicked on

2022-02-13 18:51:06 - [MESSAGE][PASSED] - Object: 'Object Repository/Create course/Page_Moodle Thm kho hc mi/input__LuuVaQuayLai' is clicked on

2022-02-13 18:51:06 - [TEST_STEP][PASSED] - verifyElementText(findTestObject("Create course/Page_Moodle Thm kho hc mi/div_- ConThieuHoTenDayDu"), "- Còn thiếu họ tên đầy đủ"): Actual text and expected text of test object 'Object Repository/Create course/Page_Moodle Thm kho hc mi/div_- ConThieuHoTenDayDu' are matched.

2022-02-13 18:51:07 - [MESSAGE][PASSED] - Actual text and expected text of test object 'Object Repository/Create course/Page_Moodle Thm kho hc mi/div_- ConThieuHoTenDayDu' are matched.

2022-02-13 18:51:07 - [TEST_STEP][PASSED] - closeBrowser(): Browser is closed

2022-02-13 18:51:08 - [MESSAGE][PASSED] - Browser is closed]]></system-out>
         <system-err><![CDATA[]]></system-err>
      </testcase>
      <testcase name="Test Cases/Create course/Create course without shortname" time="28.503" classname="Test Cases/Create course/Create course without shortname" status="PASSED">
         <system-out><![CDATA[2022-02-13 18:51:08 - [TEST_CASE][PASSED] - Test Cases/Create course/Create course without shortname: Test Cases/Create course/Create course without shortname

2022-02-13 18:51:08 - [TEST_STEP][PASSED] - openBrowser(""): Browser is opened with url: ''

2022-02-13 18:51:08 - [MESSAGE][INFO] - Starting 'Edge Chromium' driver

2022-02-13 18:51:11 - [MESSAGE][INFO] - Action delay is set to 0 milliseconds

2022-02-13 18:51:12 - [MESSAGE][PASSED] - Browser is opened with url: ''

2022-02-13 18:51:12 - [TEST_STEP][PASSED] - navigateToUrl("http://localhost/"): Navigate to 'http://localhost/' successfully

2022-02-13 18:51:13 - [MESSAGE][PASSED] - Navigate to 'http://localhost/' successfully

2022-02-13 18:51:13 - [TEST_STEP][PASSED] - callTestCase(findTestCase("Utils/Login as admin"), [:], STOP_ON_FAILURE): Call Test Case 'Test Cases/Utils/Login as admin' successfully

2022-02-13 18:51:13 - [TEST_CASE][PASSED] - Test Cases/Utils/Login as admin: Test Cases/Utils/Login as admin

2022-02-13 18:51:13 - [TEST_STEP][PASSED] - click(findTestObject("View course grade/Page_Local Moodle/a_Log in")): Object: 'Object Repository/View course grade/Page_Local Moodle/a_Log in' is clicked on

2022-02-13 18:51:14 - [MESSAGE][PASSED] - Object: 'Object Repository/View course grade/Page_Local Moodle/a_Log in' is clicked on

2022-02-13 18:51:14 - [TEST_STEP][PASSED] - setText(findTestObject("View course grade/Page_Local Moodle Log in to the site/input_Username_username"), "admin"): Text 'admin' is set on object 'Object Repository/View course grade/Page_Local Moodle Log in to the site/input_Username_username'

2022-02-13 18:51:15 - [MESSAGE][PASSED] - Text 'admin' is set on object 'Object Repository/View course grade/Page_Local Moodle Log in to the site/input_Username_username'

2022-02-13 18:51:15 - [TEST_STEP][PASSED] - setEncryptedText(findTestObject("View course grade/Page_Local Moodle Log in to the site/input_Password_password"), "bfAykA/oWJ09FXmiKh6lyuuLu8QhG1K5"): Text ****** has been set on object 'Object Repository/View course grade/Page_Local Moodle Log in to the site/input_Password_password'

2022-02-13 18:51:16 - [MESSAGE][PASSED] - Text ****** has been set on object 'Object Repository/View course grade/Page_Local Moodle Log in to the site/input_Password_password'

2022-02-13 18:51:16 - [TEST_STEP][PASSED] - click(findTestObject("View course grade/Page_Local Moodle Log in to the site/button_Log in")): Object: 'Object Repository/View course grade/Page_Local Moodle Log in to the site/button_Log in' is clicked on

2022-02-13 18:51:18 - [MESSAGE][PASSED] - Object: 'Object Repository/View course grade/Page_Local Moodle Log in to the site/button_Log in' is clicked on

2022-02-13 18:51:18 - [MESSAGE][PASSED] - Call Test Case 'Test Cases/Utils/Login as admin' successfully

2022-02-13 18:51:18 - [TEST_STEP][PASSED] - click(findTestObject("Utils/Page_Nh ca ti (1)/a_QuanTriKhuVuc")): Object: 'Object Repository/Utils/Page_Nh ca ti (1)/a_QuanTriKhuVuc' is clicked on

2022-02-13 18:51:22 - [MESSAGE][PASSED] - Object: 'Object Repository/Utils/Page_Nh ca ti (1)/a_QuanTriKhuVuc' is clicked on

2022-02-13 18:51:22 - [TEST_STEP][PASSED] - click(findTestObject("Create course/Page_Moodle Khu vc qun tr Tm kim/a_KhoaHoc")): Object: 'Object Repository/Create course/Page_Moodle Khu vc qun tr Tm kim/a_KhoaHoc' is clicked on

2022-02-13 18:51:22 - [MESSAGE][PASSED] - Object: 'Object Repository/Create course/Page_Moodle Khu vc qun tr Tm kim/a_KhoaHoc' is clicked on

2022-02-13 18:51:22 - [TEST_STEP][PASSED] - click(findTestObject("Create course/Page_Moodle Khu vc qun tr Tm kim/a_ThemSuaKhoaHoc")): Object: 'Object Repository/Create course/Page_Moodle Khu vc qun tr Tm kim/a_ThemSuaKhoaHoc' is clicked on

2022-02-13 18:51:24 - [MESSAGE][PASSED] - Object: 'Object Repository/Create course/Page_Moodle Khu vc qun tr Tm kim/a_ThemSuaKhoaHoc' is clicked on

2022-02-13 18:51:24 - [TEST_STEP][PASSED] - click(findTestObject("Create course/Page_Qun l kha hc v danh mc kha hc/a_TaoKhoaHocMoi")): Object: 'Object Repository/Create course/Page_Qun l kha hc v danh mc kha hc/a_TaoKhoaHocMoi' is clicked on

2022-02-13 18:51:31 - [MESSAGE][INFO] - Unable to find the element located by 'By.xpath: //div[@id='yui_3_17_2_1_1641271251047_65']/div/div/a'. Please recheck the objects properties to make sure the desired element is located. 

2022-02-13 18:51:31 - [MESSAGE][WARNING] - [SELF-HEALING] Failed to find element with id 'Object Repository/Create course/Page_Qun l kha hc v danh mc kha hc/a_TaoKhoaHocMoi'. Try using Self-healing.

2022-02-13 18:51:31 - [MESSAGE][WARNING] - [SELF-HEALING] The current locator of test object 'Object Repository/Create course/Page_Qun l kha hc v danh mc kha hc/a_TaoKhoaHocMoi' was broken. Propose an alternative one: '//a[contains(text(),'Tạo khóa học mới')]'.

2022-02-13 18:51:33 - [MESSAGE][PASSED] - Object: 'Object Repository/Create course/Page_Qun l kha hc v danh mc kha hc/a_TaoKhoaHocMoi' is clicked on

2022-02-13 18:51:33 - [TEST_STEP][PASSED] - setText(findTestObject("Create course/Page_Moodle Thm kho hc mi/input_TenDayDu"), "Nhập môn Lập trình"): Text 'Nhập môn Lập trình' is set on object 'Object Repository/Create course/Page_Moodle Thm kho hc mi/input_TenDayDu'

2022-02-13 18:51:34 - [MESSAGE][PASSED] - Text 'Nhập môn Lập trình' is set on object 'Object Repository/Create course/Page_Moodle Thm kho hc mi/input_TenDayDu'

2022-02-13 18:51:34 - [TEST_STEP][PASSED] - click(findTestObject("Create course/Page_Moodle Thm kho hc mi/input__LuuVaQuayLai")): Object: 'Object Repository/Create course/Page_Moodle Thm kho hc mi/input__LuuVaQuayLai' is clicked on

2022-02-13 18:51:35 - [MESSAGE][PASSED] - Object: 'Object Repository/Create course/Page_Moodle Thm kho hc mi/input__LuuVaQuayLai' is clicked on

2022-02-13 18:51:35 - [TEST_STEP][PASSED] - verifyElementText(findTestObject("Create course/Page_Moodle Thm kho hc mi/div_- ThieuTenTat"), "- Thiếu tên tắt"): Actual text and expected text of test object 'Object Repository/Create course/Page_Moodle Thm kho hc mi/div_- ThieuTenTat' are matched.

2022-02-13 18:51:35 - [MESSAGE][PASSED] - Actual text and expected text of test object 'Object Repository/Create course/Page_Moodle Thm kho hc mi/div_- ThieuTenTat' are matched.

2022-02-13 18:51:35 - [TEST_STEP][PASSED] - closeBrowser(): Browser is closed

2022-02-13 18:51:36 - [MESSAGE][PASSED] - Browser is closed]]></system-out>
         <system-err><![CDATA[]]></system-err>
      </testcase>
      <testcase name="Test Cases/Create course/Create course without type" time="35.554" classname="Test Cases/Create course/Create course without type" status="PASSED">
         <system-out><![CDATA[2022-02-13 18:51:36 - [TEST_CASE][PASSED] - Test Cases/Create course/Create course without type: Test Cases/Create course/Create course without type

2022-02-13 18:51:37 - [TEST_STEP][PASSED] - openBrowser(""): Browser is opened with url: ''

2022-02-13 18:51:37 - [MESSAGE][INFO] - Starting 'Edge Chromium' driver

2022-02-13 18:51:39 - [MESSAGE][INFO] - Action delay is set to 0 milliseconds

2022-02-13 18:51:40 - [MESSAGE][PASSED] - Browser is opened with url: ''

2022-02-13 18:51:40 - [TEST_STEP][PASSED] - navigateToUrl("http://localhost/"): Navigate to 'http://localhost/' successfully

2022-02-13 18:51:41 - [MESSAGE][PASSED] - Navigate to 'http://localhost/' successfully

2022-02-13 18:51:41 - [TEST_STEP][PASSED] - callTestCase(findTestCase("Utils/Login as admin"), [:], STOP_ON_FAILURE): Call Test Case 'Test Cases/Utils/Login as admin' successfully

2022-02-13 18:51:41 - [TEST_CASE][PASSED] - Test Cases/Utils/Login as admin: Test Cases/Utils/Login as admin

2022-02-13 18:51:41 - [TEST_STEP][PASSED] - click(findTestObject("View course grade/Page_Local Moodle/a_Log in")): Object: 'Object Repository/View course grade/Page_Local Moodle/a_Log in' is clicked on

2022-02-13 18:51:43 - [MESSAGE][PASSED] - Object: 'Object Repository/View course grade/Page_Local Moodle/a_Log in' is clicked on

2022-02-13 18:51:43 - [TEST_STEP][PASSED] - setText(findTestObject("View course grade/Page_Local Moodle Log in to the site/input_Username_username"), "admin"): Text 'admin' is set on object 'Object Repository/View course grade/Page_Local Moodle Log in to the site/input_Username_username'

2022-02-13 18:51:44 - [MESSAGE][PASSED] - Text 'admin' is set on object 'Object Repository/View course grade/Page_Local Moodle Log in to the site/input_Username_username'

2022-02-13 18:51:44 - [TEST_STEP][PASSED] - setEncryptedText(findTestObject("View course grade/Page_Local Moodle Log in to the site/input_Password_password"), "bfAykA/oWJ09FXmiKh6lyuuLu8QhG1K5"): Text ****** has been set on object 'Object Repository/View course grade/Page_Local Moodle Log in to the site/input_Password_password'

2022-02-13 18:51:44 - [MESSAGE][PASSED] - Text ****** has been set on object 'Object Repository/View course grade/Page_Local Moodle Log in to the site/input_Password_password'

2022-02-13 18:51:44 - [TEST_STEP][PASSED] - click(findTestObject("View course grade/Page_Local Moodle Log in to the site/button_Log in")): Object: 'Object Repository/View course grade/Page_Local Moodle Log in to the site/button_Log in' is clicked on

2022-02-13 18:51:46 - [MESSAGE][PASSED] - Object: 'Object Repository/View course grade/Page_Local Moodle Log in to the site/button_Log in' is clicked on

2022-02-13 18:51:46 - [MESSAGE][PASSED] - Call Test Case 'Test Cases/Utils/Login as admin' successfully

2022-02-13 18:51:46 - [TEST_STEP][PASSED] - click(findTestObject("Utils/Page_Nh ca ti (1)/a_QuanTriKhuVuc")): Object: 'Object Repository/Utils/Page_Nh ca ti (1)/a_QuanTriKhuVuc' is clicked on

2022-02-13 18:51:49 - [MESSAGE][PASSED] - Object: 'Object Repository/Utils/Page_Nh ca ti (1)/a_QuanTriKhuVuc' is clicked on

2022-02-13 18:51:49 - [TEST_STEP][PASSED] - click(findTestObject("Create course/Page_Moodle Khu vc qun tr Tm kim/a_KhoaHoc")): Object: 'Object Repository/Create course/Page_Moodle Khu vc qun tr Tm kim/a_KhoaHoc' is clicked on

2022-02-13 18:51:50 - [MESSAGE][PASSED] - Object: 'Object Repository/Create course/Page_Moodle Khu vc qun tr Tm kim/a_KhoaHoc' is clicked on

2022-02-13 18:51:50 - [TEST_STEP][PASSED] - click(findTestObject("Create course/Page_Moodle Khu vc qun tr Tm kim/a_ThemSuaKhoaHoc")): Object: 'Object Repository/Create course/Page_Moodle Khu vc qun tr Tm kim/a_ThemSuaKhoaHoc' is clicked on

2022-02-13 18:51:51 - [MESSAGE][PASSED] - Object: 'Object Repository/Create course/Page_Moodle Khu vc qun tr Tm kim/a_ThemSuaKhoaHoc' is clicked on

2022-02-13 18:51:51 - [TEST_STEP][PASSED] - click(findTestObject("Create course/Page_Qun l kha hc v danh mc kha hc/a_TaoKhoaHocMoi")): Object: 'Object Repository/Create course/Page_Qun l kha hc v danh mc kha hc/a_TaoKhoaHocMoi' is clicked on

2022-02-13 18:51:58 - [MESSAGE][INFO] - Unable to find the element located by 'By.xpath: //div[@id='yui_3_17_2_1_1641271251047_65']/div/div/a'. Please recheck the objects properties to make sure the desired element is located. 

2022-02-13 18:51:58 - [MESSAGE][WARNING] - [SELF-HEALING] Failed to find element with id 'Object Repository/Create course/Page_Qun l kha hc v danh mc kha hc/a_TaoKhoaHocMoi'. Try using Self-healing.

2022-02-13 18:51:58 - [MESSAGE][WARNING] - [SELF-HEALING] The current locator of test object 'Object Repository/Create course/Page_Qun l kha hc v danh mc kha hc/a_TaoKhoaHocMoi' was broken. Propose an alternative one: '//a[contains(text(),'Tạo khóa học mới')]'.

2022-02-13 18:52:00 - [MESSAGE][PASSED] - Object: 'Object Repository/Create course/Page_Qun l kha hc v danh mc kha hc/a_TaoKhoaHocMoi' is clicked on

2022-02-13 18:52:00 - [TEST_STEP][PASSED] - setText(findTestObject("Create course/Page_Moodle Thm kho hc mi/input_TenDayDu"), "Nhập môn lập trình"): Text 'Nhập môn lập trình' is set on object 'Object Repository/Create course/Page_Moodle Thm kho hc mi/input_TenDayDu'

2022-02-13 18:52:01 - [MESSAGE][PASSED] - Text 'Nhập môn lập trình' is set on object 'Object Repository/Create course/Page_Moodle Thm kho hc mi/input_TenDayDu'

2022-02-13 18:52:01 - [TEST_STEP][PASSED] - setText(findTestObject("Create course/Page_Moodle Thm kho hc mi/input_TenRutGon"), "NMLT"): Text 'NMLT' is set on object 'Object Repository/Create course/Page_Moodle Thm kho hc mi/input_TenRutGon'

2022-02-13 18:52:02 - [MESSAGE][PASSED] - Text 'NMLT' is set on object 'Object Repository/Create course/Page_Moodle Thm kho hc mi/input_TenRutGon'

2022-02-13 18:52:02 - [TEST_STEP][PASSED] - click(findTestObject("Create course/Page_Moodle Thm kho hc mi/span_X")): Object: 'Object Repository/Create course/Page_Moodle Thm kho hc mi/span_X' is clicked on

2022-02-13 18:52:09 - [MESSAGE][INFO] - Unable to find the element located by 'By.xpath: //span[@id='form_autocomplete_selection-1641276567420-0']/span'. Please recheck the objects properties to make sure the desired element is located. 

2022-02-13 18:52:09 - [MESSAGE][WARNING] - [SELF-HEALING] Failed to find element with id 'Object Repository/Create course/Page_Moodle Thm kho hc mi/span_X'. Try using Self-healing.

2022-02-13 18:52:09 - [MESSAGE][WARNING] - [SELF-HEALING] The current locator of test object 'Object Repository/Create course/Page_Moodle Thm kho hc mi/span_X' was broken. Propose an alternative one: '(.//*[normalize-space(text()) and normalize-space(.)='Selected items:'])[1]/following::span[2]'.

2022-02-13 18:52:09 - [MESSAGE][PASSED] - Object: 'Object Repository/Create course/Page_Moodle Thm kho hc mi/span_X' is clicked on

2022-02-13 18:52:09 - [TEST_STEP][PASSED] - click(findTestObject("Create course/Page_Moodle Thm kho hc mi/input__LuuVaQuayLai")): Object: 'Object Repository/Create course/Page_Moodle Thm kho hc mi/input__LuuVaQuayLai' is clicked on

2022-02-13 18:52:10 - [MESSAGE][PASSED] - Object: 'Object Repository/Create course/Page_Moodle Thm kho hc mi/input__LuuVaQuayLai' is clicked on

2022-02-13 18:52:10 - [TEST_STEP][PASSED] - verifyElementText(findTestObject("Create course/Page_Moodle Thm kho hc mi/div_- PhaiChonLoaiKhoaHoc"), "- You must supply a value here."): Actual text and expected text of test object 'Object Repository/Create course/Page_Moodle Thm kho hc mi/div_- PhaiChonLoaiKhoaHoc' are matched.

2022-02-13 18:52:11 - [MESSAGE][PASSED] - Actual text and expected text of test object 'Object Repository/Create course/Page_Moodle Thm kho hc mi/div_- PhaiChonLoaiKhoaHoc' are matched.

2022-02-13 18:52:11 - [TEST_STEP][PASSED] - closeBrowser(): Browser is closed

2022-02-13 18:52:12 - [MESSAGE][PASSED] - Browser is closed]]></system-out>
         <system-err><![CDATA[]]></system-err>
      </testcase>
      <testcase name="Test Cases/Create folder and quiz/Create folder without title" time="168.035" classname="Test Cases/Create folder and quiz/Create folder without title" status="PASSED">
         <system-out><![CDATA[2022-02-13 18:52:12 - [TEST_CASE][PASSED] - Test Cases/Create folder and quiz/Create folder without title: Test Cases/Create folder and quiz/Create folder without title

2022-02-13 18:52:12 - [TEST_STEP][PASSED] - openBrowser(""): Browser is opened with url: ''

2022-02-13 18:52:12 - [MESSAGE][INFO] - Starting 'Edge Chromium' driver

2022-02-13 18:52:15 - [MESSAGE][INFO] - Action delay is set to 0 milliseconds

2022-02-13 18:52:15 - [MESSAGE][PASSED] - Browser is opened with url: ''

2022-02-13 18:52:15 - [TEST_STEP][PASSED] - navigateToUrl("http://localhost/"): Navigate to 'http://localhost/' successfully

2022-02-13 18:52:17 - [MESSAGE][PASSED] - Navigate to 'http://localhost/' successfully

2022-02-13 18:52:17 - [TEST_STEP][PASSED] - callTestCase(findTestCase("Utils/Create course CNPM"), [:], STOP_ON_FAILURE): Call Test Case 'Test Cases/Utils/Create course CNPM' successfully

2022-02-13 18:52:17 - [TEST_CASE][PASSED] - Test Cases/Utils/Create course CNPM: Test Cases/Utils/Create course CNPM

2022-02-13 18:52:17 - [TEST_STEP][PASSED] - callTestCase(findTestCase("Utils/Login as admin"), [:], STOP_ON_FAILURE): Call Test Case 'Test Cases/Utils/Login as admin' successfully

2022-02-13 18:52:17 - [TEST_CASE][PASSED] - Test Cases/Utils/Login as admin: Test Cases/Utils/Login as admin

2022-02-13 18:52:17 - [TEST_STEP][PASSED] - click(findTestObject("View course grade/Page_Local Moodle/a_Log in")): Object: 'Object Repository/View course grade/Page_Local Moodle/a_Log in' is clicked on

2022-02-13 18:52:18 - [MESSAGE][PASSED] - Object: 'Object Repository/View course grade/Page_Local Moodle/a_Log in' is clicked on

2022-02-13 18:52:18 - [TEST_STEP][PASSED] - setText(findTestObject("View course grade/Page_Local Moodle Log in to the site/input_Username_username"), "admin"): Text 'admin' is set on object 'Object Repository/View course grade/Page_Local Moodle Log in to the site/input_Username_username'

2022-02-13 18:52:19 - [MESSAGE][PASSED] - Text 'admin' is set on object 'Object Repository/View course grade/Page_Local Moodle Log in to the site/input_Username_username'

2022-02-13 18:52:19 - [TEST_STEP][PASSED] - setEncryptedText(findTestObject("View course grade/Page_Local Moodle Log in to the site/input_Password_password"), "bfAykA/oWJ09FXmiKh6lyuuLu8QhG1K5"): Text ****** has been set on object 'Object Repository/View course grade/Page_Local Moodle Log in to the site/input_Password_password'

2022-02-13 18:52:20 - [MESSAGE][PASSED] - Text ****** has been set on object 'Object Repository/View course grade/Page_Local Moodle Log in to the site/input_Password_password'

2022-02-13 18:52:20 - [TEST_STEP][PASSED] - click(findTestObject("View course grade/Page_Local Moodle Log in to the site/button_Log in")): Object: 'Object Repository/View course grade/Page_Local Moodle Log in to the site/button_Log in' is clicked on

2022-02-13 18:52:22 - [MESSAGE][PASSED] - Object: 'Object Repository/View course grade/Page_Local Moodle Log in to the site/button_Log in' is clicked on

2022-02-13 18:52:22 - [MESSAGE][PASSED] - Call Test Case 'Test Cases/Utils/Login as admin' successfully

2022-02-13 18:52:22 - [TEST_STEP][PASSED] - click(findTestObject("Object Repository/Utils/Page_Nh ca ti/span_Qun tr khu vc")): Object: 'Object Repository/Utils/Page_Nh ca ti/span_Qun tr khu vc' is clicked on

2022-02-13 18:52:27 - [MESSAGE][PASSED] - Object: 'Object Repository/Utils/Page_Nh ca ti/span_Qun tr khu vc' is clicked on

2022-02-13 18:52:27 - [TEST_STEP][PASSED] - click(findTestObject("Object Repository/Utils/Page_Moodle Khu vc qun tr Tm kim/a_Kho hc")): Object: 'Object Repository/Utils/Page_Moodle Khu vc qun tr Tm kim/a_Kho hc' is clicked on

2022-02-13 18:52:27 - [MESSAGE][PASSED] - Object: 'Object Repository/Utils/Page_Moodle Khu vc qun tr Tm kim/a_Kho hc' is clicked on

2022-02-13 18:52:27 - [TEST_STEP][PASSED] - click(findTestObject("Object Repository/Utils/Page_Moodle Khu vc qun tr Tm kim/a_Thmsa cc kho hc")): Object: 'Object Repository/Utils/Page_Moodle Khu vc qun tr Tm kim/a_Thmsa cc kho hc' is clicked on

2022-02-13 18:52:29 - [MESSAGE][PASSED] - Object: 'Object Repository/Utils/Page_Moodle Khu vc qun tr Tm kim/a_Thmsa cc kho hc' is clicked on

2022-02-13 18:52:29 - [TEST_STEP][PASSED] - click(findTestObject("Object Repository/Utils/Page_Qun l kha hc v danh mc kha hc/a_To kha hc mi")): Object: 'Object Repository/Utils/Page_Qun l kha hc v danh mc kha hc/a_To kha hc mi' is clicked on

2022-02-13 18:52:35 - [MESSAGE][INFO] - Unable to find the element located by 'By.xpath: //div[@id='yui_3_17_2_1_1641906891631_57']/div/div/a'. Please recheck the objects properties to make sure the desired element is located. 

2022-02-13 18:52:35 - [MESSAGE][WARNING] - [SELF-HEALING] Failed to find element with id 'Object Repository/Utils/Page_Qun l kha hc v danh mc kha hc/a_To kha hc mi'. Try using Self-healing.

2022-02-13 18:52:36 - [MESSAGE][WARNING] - [SELF-HEALING] The current locator of test object 'Object Repository/Utils/Page_Qun l kha hc v danh mc kha hc/a_To kha hc mi' was broken. Propose an alternative one: '//a[contains(text(),'Tạo khóa học mới')]'.

2022-02-13 18:52:37 - [MESSAGE][PASSED] - Object: 'Object Repository/Utils/Page_Qun l kha hc v danh mc kha hc/a_To kha hc mi' is clicked on

2022-02-13 18:52:37 - [TEST_STEP][PASSED] - setText(findTestObject("Object Repository/Utils/Page_Moodle Thm kho hc mi/input_Tn y_fullname"), "Nhập môn Công nghệ phần mềm"): Text 'Nhập môn Công nghệ phần mềm' is set on object 'Object Repository/Utils/Page_Moodle Thm kho hc mi/input_Tn y_fullname'

2022-02-13 18:52:39 - [MESSAGE][PASSED] - Text 'Nhập môn Công nghệ phần mềm' is set on object 'Object Repository/Utils/Page_Moodle Thm kho hc mi/input_Tn y_fullname'

2022-02-13 18:52:39 - [TEST_STEP][PASSED] - setText(findTestObject("Object Repository/Utils/Page_Moodle Thm kho hc mi/input_Tn rt gn ca kho hc_shortname"), "CNPM"): Text 'CNPM' is set on object 'Object Repository/Utils/Page_Moodle Thm kho hc mi/input_Tn rt gn ca kho hc_shortname'

2022-02-13 18:52:40 - [MESSAGE][PASSED] - Text 'CNPM' is set on object 'Object Repository/Utils/Page_Moodle Thm kho hc mi/input_Tn rt gn ca kho hc_shortname'

2022-02-13 18:52:40 - [TEST_STEP][PASSED] - click(findTestObject("Object Repository/Utils/Page_Moodle Thm kho hc mi/input__saveanddisplay")): Object: 'Object Repository/Utils/Page_Moodle Thm kho hc mi/input__saveanddisplay' is clicked on

2022-02-13 18:52:42 - [MESSAGE][PASSED] - Object: 'Object Repository/Utils/Page_Moodle Thm kho hc mi/input__saveanddisplay' is clicked on

2022-02-13 18:52:42 - [TEST_STEP][PASSED] - click(findTestObject("Object Repository/Utils/Page_CNPM Danh sch thnh vin/input_Danh sch thnh vin_btn btn-secondary my-1")): Object: 'Object Repository/Utils/Page_CNPM Danh sch thnh vin/input_Danh sch thnh vin_btn btn-secondary my-1' is clicked on

2022-02-13 18:52:43 - [MESSAGE][PASSED] - Object: 'Object Repository/Utils/Page_CNPM Danh sch thnh vin/input_Danh sch thnh vin_btn btn-secondary my-1' is clicked on

2022-02-13 18:52:43 - [TEST_STEP][PASSED] - click(findTestObject("Object Repository/Utils/Page_CNPM Danh sch thnh vin/span_")): Object: 'Object Repository/Utils/Page_CNPM Danh sch thnh vin/span_' is clicked on

2022-02-13 18:52:49 - [MESSAGE][INFO] - Unable to find the element located by 'By.xpath: //span[@id='form_autocomplete_downarrow-1641965227117']'. Please recheck the objects properties to make sure the desired element is located. 

2022-02-13 18:52:49 - [MESSAGE][WARNING] - [SELF-HEALING] Failed to find element with id 'Object Repository/Utils/Page_CNPM Danh sch thnh vin/span_'. Try using Self-healing.

2022-02-13 18:52:49 - [MESSAGE][WARNING] - [SELF-HEALING] The current locator of test object 'Object Repository/Utils/Page_CNPM Danh sch thnh vin/span_' was broken. Propose an alternative one: '//div[@id='fitem_id_userlist']/div[2]/div[3]/span'.

2022-02-13 18:52:49 - [MESSAGE][PASSED] - Object: 'Object Repository/Utils/Page_CNPM Danh sch thnh vin/span_' is clicked on

2022-02-13 18:52:49 - [TEST_STEP][PASSED] - click(findTestObject("Object Repository/Utils/Page_CNPM Danh sch thnh vin/span_Student Nguyen")): Object: 'Object Repository/Utils/Page_CNPM Danh sch thnh vin/span_Student Nguyen' is clicked on

2022-02-13 18:52:55 - [MESSAGE][INFO] - Unable to find the element located by 'By.xpath: //li[@id='form_autocomplete_suggestions-1641965227117-0']/span/span'. Please recheck the objects properties to make sure the desired element is located. 

2022-02-13 18:52:55 - [MESSAGE][WARNING] - [SELF-HEALING] Failed to find element with id 'Object Repository/Utils/Page_CNPM Danh sch thnh vin/span_Student Nguyen'. Try using Self-healing.

2022-02-13 18:52:57 - [MESSAGE][INFO] - Unable to find the element located by 'By.xpath: (.//*[normalize-space(text()) and normalize-space(.)='student1@gmail.com'])[2]/following::span[2]'. Please recheck the objects properties to make sure the desired element is located. 

2022-02-13 18:52:57 - [MESSAGE][WARNING] - [SELF-HEALING] The current locator of test object 'Object Repository/Utils/Page_CNPM Danh sch thnh vin/span_Student Nguyen' was broken. Propose an alternative one: '(.//*[normalize-space(text()) and normalize-space(.)='student@gmail.com'])[2]/preceding::span[1]'.

2022-02-13 18:52:57 - [MESSAGE][PASSED] - Object: 'Object Repository/Utils/Page_CNPM Danh sch thnh vin/span_Student Nguyen' is clicked on

2022-02-13 18:52:57 - [TEST_STEP][PASSED] - click(findTestObject("Object Repository/Utils/Page_CNPM Danh sch thnh vin/button_Ghi danh ngi dng")): Object: 'Object Repository/Utils/Page_CNPM Danh sch thnh vin/button_Ghi danh ngi dng' is clicked on

2022-02-13 18:53:04 - [MESSAGE][INFO] - Unable to find the element located by 'By.xpath: //button[@id='yui_3_17_2_1_1641965226678_264']'. Please recheck the objects properties to make sure the desired element is located. 

2022-02-13 18:53:04 - [MESSAGE][WARNING] - [SELF-HEALING] Failed to find element with id 'Object Repository/Utils/Page_CNPM Danh sch thnh vin/button_Ghi danh ngi dng'. Try using Self-healing.

2022-02-13 18:53:04 - [MESSAGE][WARNING] - [SELF-HEALING] The current locator of test object 'Object Repository/Utils/Page_CNPM Danh sch thnh vin/button_Ghi danh ngi dng' was broken. Propose an alternative one: '(.//*[normalize-space(text()) and normalize-space(.)='Phút'])[1]/following::button[1]'.

2022-02-13 18:53:04 - [MESSAGE][PASSED] - Object: 'Object Repository/Utils/Page_CNPM Danh sch thnh vin/button_Ghi danh ngi dng' is clicked on

2022-02-13 18:53:04 - [TEST_STEP][PASSED] - click(findTestObject("Object Repository/Utils/Page_CNPM Danh sch thnh vin/input_Danh sch thnh vin_btn btn-secondary my-1")): Object: 'Object Repository/Utils/Page_CNPM Danh sch thnh vin/input_Danh sch thnh vin_btn btn-secondary my-1' is clicked on

2022-02-13 18:53:05 - [MESSAGE][PASSED] - Object: 'Object Repository/Utils/Page_CNPM Danh sch thnh vin/input_Danh sch thnh vin_btn btn-secondary my-1' is clicked on

2022-02-13 18:53:05 - [TEST_STEP][PASSED] - selectOptionByValue(findTestObject("Object Repository/Create course/Page_CNPM Danh sch thnh vin/select_Ngi qun l            Gio vin        _4311d9"), "3", true): All options with value '3' are selected in object 'Object Repository/Create course/Page_CNPM Danh sch thnh vin/select_Ngi qun l            Gio vin        _4311d9'  using regular expression

2022-02-13 18:53:08 - [MESSAGE][PASSED] - All options with value '3' are selected in object 'Object Repository/Create course/Page_CNPM Danh sch thnh vin/select_Ngi qun l            Gio vin        _4311d9'  using regular expression

2022-02-13 18:53:08 - [TEST_STEP][PASSED] - click(findTestObject("Object Repository/Utils/Page_CNPM Danh sch thnh vin/span_")): Object: 'Object Repository/Utils/Page_CNPM Danh sch thnh vin/span_' is clicked on

2022-02-13 18:53:14 - [MESSAGE][INFO] - Unable to find the element located by 'By.xpath: //span[@id='form_autocomplete_downarrow-1641965227117']'. Please recheck the objects properties to make sure the desired element is located. 

2022-02-13 18:53:14 - [MESSAGE][WARNING] - [SELF-HEALING] Failed to find element with id 'Object Repository/Utils/Page_CNPM Danh sch thnh vin/span_'. Try using Self-healing.

2022-02-13 18:53:14 - [MESSAGE][WARNING] - [SELF-HEALING] The current locator of test object 'Object Repository/Utils/Page_CNPM Danh sch thnh vin/span_' was broken. Propose an alternative one: '//div[@id='fitem_id_userlist']/div[2]/div[3]/span'.

2022-02-13 18:53:15 - [MESSAGE][PASSED] - Object: 'Object Repository/Utils/Page_CNPM Danh sch thnh vin/span_' is clicked on

2022-02-13 18:53:15 - [TEST_STEP][PASSED] - click(findTestObject("Object Repository/Create course/Page_CNPM Danh sch thnh vin/span_Nguyen Van A")): Object: 'Object Repository/Create course/Page_CNPM Danh sch thnh vin/span_Nguyen Van A' is clicked on

2022-02-13 18:53:21 - [MESSAGE][INFO] - Unable to find the element located by 'By.xpath: //li[@id='form_autocomplete_suggestions-1642350427588-0']/span/span'. Please recheck the objects properties to make sure the desired element is located. 

2022-02-13 18:53:21 - [MESSAGE][WARNING] - [SELF-HEALING] Failed to find element with id 'Object Repository/Create course/Page_CNPM Danh sch thnh vin/span_Nguyen Van A'. Try using Self-healing.

2022-02-13 18:53:21 - [MESSAGE][WARNING] - [SELF-HEALING] The current locator of test object 'Object Repository/Create course/Page_CNPM Danh sch thnh vin/span_Nguyen Van A' was broken. Propose an alternative one: '(.//*[normalize-space(text()) and normalize-space(.)='▼'])[1]/following::span[2]'.

2022-02-13 18:53:21 - [MESSAGE][PASSED] - Object: 'Object Repository/Create course/Page_CNPM Danh sch thnh vin/span_Nguyen Van A' is clicked on

2022-02-13 18:53:21 - [TEST_STEP][PASSED] - click(findTestObject("Object Repository/Create course/Page_CNPM Danh sch thnh vin/button_Ghi danh ngi dng_1")): Object: 'Object Repository/Create course/Page_CNPM Danh sch thnh vin/button_Ghi danh ngi dng_1' is clicked on

2022-02-13 18:53:28 - [MESSAGE][INFO] - Unable to find the element located by 'By.xpath: //button[@id='yui_3_17_2_1_1642348738650_377']'. Please recheck the objects properties to make sure the desired element is located. 

2022-02-13 18:53:28 - [MESSAGE][WARNING] - [SELF-HEALING] Failed to find element with id 'Object Repository/Create course/Page_CNPM Danh sch thnh vin/button_Ghi danh ngi dng_1'. Try using Self-healing.

2022-02-13 18:53:28 - [MESSAGE][WARNING] - [SELF-HEALING] The current locator of test object 'Object Repository/Create course/Page_CNPM Danh sch thnh vin/button_Ghi danh ngi dng_1' was broken. Propose an alternative one: '(.//*[normalize-space(text()) and normalize-space(.)='Phút'])[1]/following::button[1]'.

2022-02-13 18:53:28 - [MESSAGE][PASSED] - Object: 'Object Repository/Create course/Page_CNPM Danh sch thnh vin/button_Ghi danh ngi dng_1' is clicked on

2022-02-13 18:53:28 - [TEST_STEP][PASSED] - click(findTestObject("Object Repository/Utils/Page_CNPM Danh sch thnh vin/span_CNPM")): Object: 'Object Repository/Utils/Page_CNPM Danh sch thnh vin/span_CNPM' is clicked on

2022-02-13 18:53:30 - [MESSAGE][PASSED] - Object: 'Object Repository/Utils/Page_CNPM Danh sch thnh vin/span_CNPM' is clicked on

2022-02-13 18:53:30 - [TEST_STEP][PASSED] - click(findTestObject("Create folder and quiz/Page_CNPM Danh sch thnh vin/a_Qun tr Thnh vin")): Object: 'Object Repository/Create folder and quiz/Page_CNPM Danh sch thnh vin/a_Qun tr Thnh vin' is clicked on

2022-02-13 18:53:31 - [MESSAGE][PASSED] - Object: 'Object Repository/Create folder and quiz/Page_CNPM Danh sch thnh vin/a_Qun tr Thnh vin' is clicked on

2022-02-13 18:53:31 - [TEST_STEP][PASSED] - click(findTestObject("Create folder and quiz/Page_CNPM Danh sch thnh vin/span_Thot")): Object: 'Object Repository/Create folder and quiz/Page_CNPM Danh sch thnh vin/span_Thot' is clicked on

2022-02-13 18:53:32 - [MESSAGE][PASSED] - Object: 'Object Repository/Create folder and quiz/Page_CNPM Danh sch thnh vin/span_Thot' is clicked on

2022-02-13 18:53:32 - [MESSAGE][INFO] - 

2022-02-13 18:53:32 - [MESSAGE][INFO] - ===================== Self-healing Report ====================

2022-02-13 18:53:32 - [MESSAGE][INFO] - One of the failed test object locators has been recovered by Self-healing. Please refer to the Self-healing Insights tab for more details.

2022-02-13 18:53:32 - [MESSAGE][INFO] - To learn more about Self-healing, please read https://docs.katalon.com/katalon-studio/docs/self-healing.html

2022-02-13 18:53:32 - [MESSAGE][INFO] - ==============================================================

2022-02-13 18:53:32 - [MESSAGE][PASSED] - Call Test Case 'Test Cases/Utils/Create course CNPM' successfully

2022-02-13 18:53:32 - [TEST_STEP][PASSED] - callTestCase(findTestCase("Utils/Login as teacher"), [:], STOP_ON_FAILURE): Call Test Case 'Test Cases/Utils/Login as teacher' successfully

2022-02-13 18:53:32 - [TEST_CASE][PASSED] - Test Cases/Utils/Login as teacher: Test Cases/Utils/Login as teacher

2022-02-13 18:53:32 - [TEST_STEP][PASSED] - click(findTestObject("Create folder and quiz/Page_Local Moodle/a_Log in")): Object: 'Object Repository/Create folder and quiz/Page_Local Moodle/a_Log in' is clicked on

2022-02-13 18:53:34 - [MESSAGE][PASSED] - Object: 'Object Repository/Create folder and quiz/Page_Local Moodle/a_Log in' is clicked on

2022-02-13 18:53:34 - [TEST_STEP][PASSED] - setText(findTestObject("Object Repository/Create course/Page_New Moodle Site Log in to the site/input_Username_username"), "hs01"): Text 'hs01' is set on object 'Object Repository/Create course/Page_New Moodle Site Log in to the site/input_Username_username'

2022-02-13 18:53:35 - [MESSAGE][PASSED] - Text 'hs01' is set on object 'Object Repository/Create course/Page_New Moodle Site Log in to the site/input_Username_username'

2022-02-13 18:53:35 - [TEST_STEP][PASSED] - setEncryptedText(findTestObject("Object Repository/Create course/Page_New Moodle Site Log in to the site/input_Password_password"), "o5TCnEIIWq2SeGQhIMNXLQ=="): Text ****** has been set on object 'Object Repository/Create course/Page_New Moodle Site Log in to the site/input_Password_password'

2022-02-13 18:53:35 - [MESSAGE][PASSED] - Text ****** has been set on object 'Object Repository/Create course/Page_New Moodle Site Log in to the site/input_Password_password'

2022-02-13 18:53:36 - [TEST_STEP][PASSED] - click(findTestObject("Create folder and quiz/Page_Local Moodle Log in to the site/button_Log in")): Object: 'Object Repository/Create folder and quiz/Page_Local Moodle Log in to the site/button_Log in' is clicked on

2022-02-13 18:53:38 - [MESSAGE][PASSED] - Object: 'Object Repository/Create folder and quiz/Page_Local Moodle Log in to the site/button_Log in' is clicked on

2022-02-13 18:53:38 - [MESSAGE][INFO] - 

2022-02-13 18:53:38 - [MESSAGE][INFO] - ===================== Self-healing Report ====================

2022-02-13 18:53:38 - [MESSAGE][INFO] - One of the failed test object locators has been recovered by Self-healing. Please refer to the Self-healing Insights tab for more details.

2022-02-13 18:53:38 - [MESSAGE][INFO] - To learn more about Self-healing, please read https://docs.katalon.com/katalon-studio/docs/self-healing.html

2022-02-13 18:53:38 - [MESSAGE][INFO] - ==============================================================

2022-02-13 18:53:38 - [MESSAGE][PASSED] - Call Test Case 'Test Cases/Utils/Login as teacher' successfully

2022-02-13 18:53:38 - [TEST_STEP][PASSED] - click(findTestObject("Object Repository/Create folder and quiz/Page_Nh ca ti/span_Trang ch h thng")): Object: 'Object Repository/Create folder and quiz/Page_Nh ca ti/span_Trang ch h thng' is clicked on

2022-02-13 18:53:40 - [MESSAGE][PASSED] - Object: 'Object Repository/Create folder and quiz/Page_Nh ca ti/span_Trang ch h thng' is clicked on

2022-02-13 18:53:40 - [TEST_STEP][PASSED] - click(findTestObject("Object Repository/Create folder and quiz/Page_New Moodle Site/a_Nhp mn Cng ngh phn mm")): Object: 'Object Repository/Create folder and quiz/Page_New Moodle Site/a_Nhp mn Cng ngh phn mm' is clicked on

2022-02-13 18:53:41 - [MESSAGE][PASSED] - Object: 'Object Repository/Create folder and quiz/Page_New Moodle Site/a_Nhp mn Cng ngh phn mm' is clicked on

2022-02-13 18:53:41 - [TEST_STEP][PASSED] - click(findTestObject("Object Repository/Create folder and quiz/Page_Kha Nhp mn Cng ngh phn mm/button_Bt ch  chnh sa")): Object: 'Object Repository/Create folder and quiz/Page_Kha Nhp mn Cng ngh phn mm/button_Bt ch  chnh sa' is clicked on

2022-02-13 18:53:48 - [MESSAGE][INFO] - Unable to find the element located by 'By.xpath: //button[@id='single_button61e44f855865c1']'. Please recheck the objects properties to make sure the desired element is located. 

2022-02-13 18:53:48 - [MESSAGE][WARNING] - [SELF-HEALING] Failed to find element with id 'Object Repository/Create folder and quiz/Page_Kha Nhp mn Cng ngh phn mm/button_Bt ch  chnh sa'. Try using Self-healing.

2022-02-13 18:53:48 - [MESSAGE][WARNING] - [SELF-HEALING] The current locator of test object 'Object Repository/Create folder and quiz/Page_Kha Nhp mn Cng ngh phn mm/button_Bt ch  chnh sa' was broken. Propose an alternative one: '(.//*[normalize-space(text()) and normalize-space(.)='Các khoá học của tôi'])[2]/following::button[1]'.

2022-02-13 18:53:49 - [MESSAGE][PASSED] - Object: 'Object Repository/Create folder and quiz/Page_Kha Nhp mn Cng ngh phn mm/button_Bt ch  chnh sa' is clicked on

2022-02-13 18:53:49 - [TEST_STEP][PASSED] - click(findTestObject("Object Repository/Create folder and quiz/Page_Kha Nhp mn Cng ngh phn mm/span_Thm hot ng hoc ti nguyn")): Object: 'Object Repository/Create folder and quiz/Page_Kha Nhp mn Cng ngh phn mm/span_Thm hot ng hoc ti nguyn' is clicked on

2022-02-13 18:53:55 - [MESSAGE][INFO] - Unable to find the element located by 'By.xpath: //*[@id = 'yui_3_17_2_1_1642352521094_616' and (text() = 'Thêm hoạt động hoặc tài nguyên' or . = 'Thêm hoạt động hoặc tài nguyên')]'. Please recheck the objects properties to make sure the desired element is located. 

2022-02-13 18:53:55 - [MESSAGE][WARNING] - [SELF-HEALING] Failed to find element with id 'Object Repository/Create folder and quiz/Page_Kha Nhp mn Cng ngh phn mm/span_Thm hot ng hoc ti nguyn'. Try using Self-healing.

2022-02-13 18:53:55 - [MESSAGE][WARNING] - [SELF-HEALING] The current locator of test object 'Object Repository/Create folder and quiz/Page_Kha Nhp mn Cng ngh phn mm/span_Thm hot ng hoc ti nguyn' was broken. Propose an alternative one: '(.//*[normalize-space(text()) and normalize-space(.)='Chủ đề 1'])[2]/following::span[3]'.

2022-02-13 18:53:56 - [MESSAGE][PASSED] - Object: 'Object Repository/Create folder and quiz/Page_Kha Nhp mn Cng ngh phn mm/span_Thm hot ng hoc ti nguyn' is clicked on

2022-02-13 18:53:56 - [TEST_STEP][PASSED] - click(findTestObject("Create folder and quiz/Page_Kha Nhp mn Cng ngh phn mm/div_Thng tin v  Phng chat hot ng_optionicon_c1613a")): Object: 'Object Repository/Create folder and quiz/Page_Kha Nhp mn Cng ngh phn mm/div_Thng tin v  Phng chat hot ng_optionicon_c1613a' is clicked on

2022-02-13 18:54:02 - [MESSAGE][INFO] - Unable to find the element located by 'By.xpath: //div[@id='all-5']/div/div[17]/div/a/div'. Please recheck the objects properties to make sure the desired element is located. 

2022-02-13 18:54:02 - [MESSAGE][WARNING] - [SELF-HEALING] Failed to find element with id 'Object Repository/Create folder and quiz/Page_Kha Nhp mn Cng ngh phn mm/div_Thng tin v  Phng chat hot ng_optionicon_c1613a'. Try using Self-healing.

2022-02-13 18:54:02 - [MESSAGE][WARNING] - [SELF-HEALING] The current locator of test object 'Object Repository/Create folder and quiz/Page_Kha Nhp mn Cng ngh phn mm/div_Thng tin v  Phng chat hot ng_optionicon_c1613a' was broken. Propose an alternative one: '(.//*[normalize-space(text()) and normalize-space(.)='Phòng chat'])[1]/following::div[4]'.

2022-02-13 18:54:04 - [MESSAGE][PASSED] - Object: 'Object Repository/Create folder and quiz/Page_Kha Nhp mn Cng ngh phn mm/div_Thng tin v  Phng chat hot ng_optionicon_c1613a' is clicked on

2022-02-13 18:54:04 - [TEST_STEP][PASSED] - click(findTestObject("Create folder and quiz/Page_Bin son Th mc/input_Upon activity completion_submitbutton")): Object: 'Object Repository/Create folder and quiz/Page_Bin son Th mc/input_Upon activity completion_submitbutton' is clicked on

2022-02-13 18:54:05 - [MESSAGE][PASSED] - Object: 'Object Repository/Create folder and quiz/Page_Bin son Th mc/input_Upon activity completion_submitbutton' is clicked on

2022-02-13 18:54:05 - [TEST_STEP][PASSED] - verifyElementText(findTestObject("Create folder and quiz/Page_Bin son Th mc/div_- You must supply a value here"), "- You must supply a value here."): Actual text and expected text of test object 'Object Repository/Create folder and quiz/Page_Bin son Th mc/div_- You must supply a value here' are matched.

2022-02-13 18:54:06 - [MESSAGE][PASSED] - Actual text and expected text of test object 'Object Repository/Create folder and quiz/Page_Bin son Th mc/div_- You must supply a value here' are matched.

2022-02-13 18:54:06 - [TEST_STEP][PASSED] - click(findTestObject("Object Repository/Create course/Page_Nh ca ti/a_Nguyen Van A")): Object: 'Object Repository/Create course/Page_Nh ca ti/a_Nguyen Van A' is clicked on

2022-02-13 18:54:06 - [MESSAGE][PASSED] - Object: 'Object Repository/Create course/Page_Nh ca ti/a_Nguyen Van A' is clicked on

2022-02-13 18:54:06 - [TEST_STEP][PASSED] - click(findTestObject("Object Repository/Create course/Page_Nh ca ti/span_Thot")): Object: 'Object Repository/Create course/Page_Nh ca ti/span_Thot' is clicked on

2022-02-13 18:54:07 - [MESSAGE][PASSED] - Object: 'Object Repository/Create course/Page_Nh ca ti/span_Thot' is clicked on

2022-02-13 18:54:07 - [TEST_STEP][PASSED] - callTestCase(findTestCase("Utils/Delete course CNPM"), [:], STOP_ON_FAILURE): Call Test Case 'Test Cases/Utils/Delete course CNPM' successfully

2022-02-13 18:54:07 - [TEST_CASE][PASSED] - Test Cases/Utils/Delete course CNPM: Test Cases/Utils/Delete course CNPM

2022-02-13 18:54:07 - [TEST_STEP][PASSED] - callTestCase(findTestCase("Utils/Login as admin"), [:], STOP_ON_FAILURE): Call Test Case 'Test Cases/Utils/Login as admin' successfully

2022-02-13 18:54:07 - [TEST_CASE][PASSED] - Test Cases/Utils/Login as admin: Test Cases/Utils/Login as admin

2022-02-13 18:54:07 - [TEST_STEP][PASSED] - click(findTestObject("View course grade/Page_Local Moodle/a_Log in")): Object: 'Object Repository/View course grade/Page_Local Moodle/a_Log in' is clicked on

2022-02-13 18:54:08 - [MESSAGE][PASSED] - Object: 'Object Repository/View course grade/Page_Local Moodle/a_Log in' is clicked on

2022-02-13 18:54:08 - [TEST_STEP][PASSED] - setText(findTestObject("View course grade/Page_Local Moodle Log in to the site/input_Username_username"), "admin"): Text 'admin' is set on object 'Object Repository/View course grade/Page_Local Moodle Log in to the site/input_Username_username'

2022-02-13 18:54:09 - [MESSAGE][PASSED] - Text 'admin' is set on object 'Object Repository/View course grade/Page_Local Moodle Log in to the site/input_Username_username'

2022-02-13 18:54:09 - [TEST_STEP][PASSED] - setEncryptedText(findTestObject("View course grade/Page_Local Moodle Log in to the site/input_Password_password"), "bfAykA/oWJ09FXmiKh6lyuuLu8QhG1K5"): Text ****** has been set on object 'Object Repository/View course grade/Page_Local Moodle Log in to the site/input_Password_password'

2022-02-13 18:54:10 - [MESSAGE][PASSED] - Text ****** has been set on object 'Object Repository/View course grade/Page_Local Moodle Log in to the site/input_Password_password'

2022-02-13 18:54:10 - [TEST_STEP][PASSED] - click(findTestObject("View course grade/Page_Local Moodle Log in to the site/button_Log in")): Object: 'Object Repository/View course grade/Page_Local Moodle Log in to the site/button_Log in' is clicked on

2022-02-13 18:54:12 - [MESSAGE][PASSED] - Object: 'Object Repository/View course grade/Page_Local Moodle Log in to the site/button_Log in' is clicked on

2022-02-13 18:54:12 - [MESSAGE][INFO] - 

2022-02-13 18:54:12 - [MESSAGE][INFO] - ===================== Self-healing Report ====================

2022-02-13 18:54:12 - [MESSAGE][INFO] - One of the failed test object locators has been recovered by Self-healing. Please refer to the Self-healing Insights tab for more details.

2022-02-13 18:54:12 - [MESSAGE][INFO] - To learn more about Self-healing, please read https://docs.katalon.com/katalon-studio/docs/self-healing.html

2022-02-13 18:54:12 - [MESSAGE][INFO] - ==============================================================

2022-02-13 18:54:12 - [MESSAGE][PASSED] - Call Test Case 'Test Cases/Utils/Login as admin' successfully

2022-02-13 18:54:12 - [TEST_STEP][PASSED] - click(findTestObject("Object Repository/Create course/Page_Nh ca ti/span_Qun tr khu vc")): Object: 'Object Repository/Create course/Page_Nh ca ti/span_Qun tr khu vc' is clicked on

2022-02-13 18:54:16 - [MESSAGE][PASSED] - Object: 'Object Repository/Create course/Page_Nh ca ti/span_Qun tr khu vc' is clicked on

2022-02-13 18:54:16 - [TEST_STEP][PASSED] - click(findTestObject("Object Repository/Create course/Page_Moodle Khu vc qun tr Tm kim/a_Kho hc")): Object: 'Object Repository/Create course/Page_Moodle Khu vc qun tr Tm kim/a_Kho hc' is clicked on

2022-02-13 18:54:16 - [MESSAGE][PASSED] - Object: 'Object Repository/Create course/Page_Moodle Khu vc qun tr Tm kim/a_Kho hc' is clicked on

2022-02-13 18:54:16 - [TEST_STEP][PASSED] - click(findTestObject("Object Repository/Create course/Page_Moodle Khu vc qun tr Tm kim/a_Thmsa cc kho hc")): Object: 'Object Repository/Create course/Page_Moodle Khu vc qun tr Tm kim/a_Thmsa cc kho hc' is clicked on

2022-02-13 18:54:18 - [MESSAGE][PASSED] - Object: 'Object Repository/Create course/Page_Moodle Khu vc qun tr Tm kim/a_Thmsa cc kho hc' is clicked on

2022-02-13 18:54:18 - [TEST_STEP][PASSED] - click(findTestObject("Object Repository/Create course/Page_Qun l kha hc v danh mc kha hc/div_La chn hnh ng hng lot Nhp mn Cng ngh ph_52747d")): Object: 'Object Repository/Create course/Page_Qun l kha hc v danh mc kha hc/div_La chn hnh ng hng lot Nhp mn Cng ngh ph_52747d' is clicked on

2022-02-13 18:54:24 - [MESSAGE][INFO] - Unable to find the element located by 'By.xpath: //div[@id='yui_3_17_2_1_1641378024996_198']'. Please recheck the objects properties to make sure the desired element is located. 

2022-02-13 18:54:24 - [MESSAGE][WARNING] - [SELF-HEALING] Failed to find element with id 'Object Repository/Create course/Page_Qun l kha hc v danh mc kha hc/div_La chn hnh ng hng lot Nhp mn Cng ngh ph_52747d'. Try using Self-healing.

2022-02-13 18:54:25 - [MESSAGE][WARNING] - [SELF-HEALING] The current locator of test object 'Object Repository/Create course/Page_Qun l kha hc v danh mc kha hc/div_La chn hnh ng hng lot Nhp mn Cng ngh ph_52747d' was broken. Propose an alternative one: '(.//*[normalize-space(text()) and normalize-space(.)='Tất cả'])[1]/following::div[1]'.

2022-02-13 18:54:26 - [MESSAGE][PASSED] - Object: 'Object Repository/Create course/Page_Qun l kha hc v danh mc kha hc/div_La chn hnh ng hng lot Nhp mn Cng ngh ph_52747d' is clicked on

2022-02-13 18:54:26 - [TEST_STEP][PASSED] - click(findTestObject("Object Repository/Create course/Page_Qun l kha hc v danh mc kha hc/a_Nhp mn Cng ngh phn mm")): Object: 'Object Repository/Create course/Page_Qun l kha hc v danh mc kha hc/a_Nhp mn Cng ngh phn mm' is clicked on

2022-02-13 18:54:32 - [MESSAGE][INFO] - Unable to find the element located by 'By.xpath: //a[@id='yui_3_17_2_1_1641378024996_202']'. Please recheck the objects properties to make sure the desired element is located. 

2022-02-13 18:54:32 - [MESSAGE][WARNING] - [SELF-HEALING] Failed to find element with id 'Object Repository/Create course/Page_Qun l kha hc v danh mc kha hc/a_Nhp mn Cng ngh phn mm'. Try using Self-healing.

2022-02-13 18:54:32 - [MESSAGE][WARNING] - [SELF-HEALING] The current locator of test object 'Object Repository/Create course/Page_Qun l kha hc v danh mc kha hc/a_Nhp mn Cng ngh phn mm' was broken. Propose an alternative one: '//a[contains(text(),'Nhập môn Công nghệ phần mềm')]'.

2022-02-13 18:54:34 - [MESSAGE][PASSED] - Object: 'Object Repository/Create course/Page_Qun l kha hc v danh mc kha hc/a_Nhp mn Cng ngh phn mm' is clicked on

2022-02-13 18:54:34 - [TEST_STEP][PASSED] - click(findTestObject("Object Repository/Create course/Page_Qun l kha hc v danh mc kha hc/a_Xo")): Object: 'Object Repository/Create course/Page_Qun l kha hc v danh mc kha hc/a_Xo' is clicked on

2022-02-13 18:54:40 - [MESSAGE][INFO] - Unable to find the element located by 'By.xpath: //a[@id='action_link61d570ff7b02a61']'. Please recheck the objects properties to make sure the desired element is located. 

2022-02-13 18:54:40 - [MESSAGE][WARNING] - [SELF-HEALING] Failed to find element with id 'Object Repository/Create course/Page_Qun l kha hc v danh mc kha hc/a_Xo'. Try using Self-healing.

2022-02-13 18:54:40 - [MESSAGE][WARNING] - [SELF-HEALING] The current locator of test object 'Object Repository/Create course/Page_Qun l kha hc v danh mc kha hc/a_Xo' was broken. Propose an alternative one: '//div[@id='course-detail']/div/div[2]/div/a[4]'.

2022-02-13 18:54:41 - [MESSAGE][PASSED] - Object: 'Object Repository/Create course/Page_Qun l kha hc v danh mc kha hc/a_Xo' is clicked on

2022-02-13 18:54:41 - [TEST_STEP][PASSED] - click(findTestObject("Object Repository/Create course/Page_Moodle Xo CNPM/button_Xo")): Object: 'Object Repository/Create course/Page_Moodle Xo CNPM/button_Xo' is clicked on

2022-02-13 18:54:48 - [MESSAGE][INFO] - Unable to find the element located by 'By.xpath: //button[@id='single_button61dfb22f3a4de19']'. Please recheck the objects properties to make sure the desired element is located. 

2022-02-13 18:54:48 - [MESSAGE][WARNING] - [SELF-HEALING] Failed to find element with id 'Object Repository/Create course/Page_Moodle Xo CNPM/button_Xo'. Try using Self-healing.

2022-02-13 18:54:48 - [MESSAGE][WARNING] - [SELF-HEALING] The current locator of test object 'Object Repository/Create course/Page_Moodle Xo CNPM/button_Xo' was broken. Propose an alternative one: '//div[@id='modal-footer']/div/div/form/button'.

2022-02-13 18:54:50 - [MESSAGE][PASSED] - Object: 'Object Repository/Create course/Page_Moodle Xo CNPM/button_Xo' is clicked on

2022-02-13 18:54:50 - [TEST_STEP][PASSED] - click(findTestObject("Object Repository/Create course/Page_Moodle Xo CNPM/button_Tip tc")): Object: 'Object Repository/Create course/Page_Moodle Xo CNPM/button_Tip tc' is clicked on

2022-02-13 18:54:56 - [MESSAGE][INFO] - Unable to find the element located by 'By.xpath: //button[@id='single_button61d571098d12119']'. Please recheck the objects properties to make sure the desired element is located. 

2022-02-13 18:54:56 - [MESSAGE][WARNING] - [SELF-HEALING] Failed to find element with id 'Object Repository/Create course/Page_Moodle Xo CNPM/button_Tip tc'. Try using Self-healing.

2022-02-13 18:54:57 - [MESSAGE][WARNING] - [SELF-HEALING] The current locator of test object 'Object Repository/Create course/Page_Moodle Xo CNPM/button_Tip tc' was broken. Propose an alternative one: '(.//*[normalize-space(text()) and normalize-space(.)='CNPM đã được xoá hoàn toàn'])[1]/following::button[1]'.

2022-02-13 18:54:58 - [MESSAGE][PASSED] - Object: 'Object Repository/Create course/Page_Moodle Xo CNPM/button_Tip tc' is clicked on

2022-02-13 18:54:58 - [MESSAGE][INFO] - 

2022-02-13 18:54:58 - [MESSAGE][INFO] - ===================== Self-healing Report ====================

2022-02-13 18:54:58 - [MESSAGE][INFO] - One of the failed test object locators has been recovered by Self-healing. Please refer to the Self-healing Insights tab for more details.

2022-02-13 18:54:58 - [MESSAGE][INFO] - To learn more about Self-healing, please read https://docs.katalon.com/katalon-studio/docs/self-healing.html

2022-02-13 18:54:58 - [MESSAGE][INFO] - ==============================================================

2022-02-13 18:54:59 - [MESSAGE][PASSED] - Call Test Case 'Test Cases/Utils/Delete course CNPM' successfully

2022-02-13 18:54:59 - [TEST_STEP][PASSED] - closeBrowser(): Browser is closed

2022-02-13 18:55:00 - [MESSAGE][PASSED] - Browser is closed]]></system-out>
         <system-err><![CDATA[]]></system-err>
      </testcase>
      <testcase name="Test Cases/Create folder and quiz/Create folder" time="201.553" classname="Test Cases/Create folder and quiz/Create folder" status="PASSED">
         <system-out><![CDATA[2022-02-13 18:55:00 - [TEST_CASE][PASSED] - Test Cases/Create folder and quiz/Create folder: Test Cases/Create folder and quiz/Create folder

2022-02-13 18:55:00 - [TEST_STEP][PASSED] - openBrowser(""): Browser is opened with url: ''

2022-02-13 18:55:00 - [MESSAGE][INFO] - Starting 'Edge Chromium' driver

2022-02-13 18:55:03 - [MESSAGE][INFO] - Action delay is set to 0 milliseconds

2022-02-13 18:55:04 - [MESSAGE][PASSED] - Browser is opened with url: ''

2022-02-13 18:55:04 - [TEST_STEP][PASSED] - navigateToUrl("http://localhost/"): Navigate to 'http://localhost/' successfully

2022-02-13 18:55:05 - [MESSAGE][PASSED] - Navigate to 'http://localhost/' successfully

2022-02-13 18:55:05 - [TEST_STEP][PASSED] - callTestCase(findTestCase("Utils/Create course CNPM"), [:], STOP_ON_FAILURE): Call Test Case 'Test Cases/Utils/Create course CNPM' successfully

2022-02-13 18:55:05 - [TEST_CASE][PASSED] - Test Cases/Utils/Create course CNPM: Test Cases/Utils/Create course CNPM

2022-02-13 18:55:05 - [TEST_STEP][PASSED] - callTestCase(findTestCase("Utils/Login as admin"), [:], STOP_ON_FAILURE): Call Test Case 'Test Cases/Utils/Login as admin' successfully

2022-02-13 18:55:05 - [TEST_CASE][PASSED] - Test Cases/Utils/Login as admin: Test Cases/Utils/Login as admin

2022-02-13 18:55:05 - [TEST_STEP][PASSED] - click(findTestObject("View course grade/Page_Local Moodle/a_Log in")): Object: 'Object Repository/View course grade/Page_Local Moodle/a_Log in' is clicked on

2022-02-13 18:55:06 - [MESSAGE][PASSED] - Object: 'Object Repository/View course grade/Page_Local Moodle/a_Log in' is clicked on

2022-02-13 18:55:06 - [TEST_STEP][PASSED] - setText(findTestObject("View course grade/Page_Local Moodle Log in to the site/input_Username_username"), "admin"): Text 'admin' is set on object 'Object Repository/View course grade/Page_Local Moodle Log in to the site/input_Username_username'

2022-02-13 18:55:07 - [MESSAGE][PASSED] - Text 'admin' is set on object 'Object Repository/View course grade/Page_Local Moodle Log in to the site/input_Username_username'

2022-02-13 18:55:07 - [TEST_STEP][PASSED] - setEncryptedText(findTestObject("View course grade/Page_Local Moodle Log in to the site/input_Password_password"), "bfAykA/oWJ09FXmiKh6lyuuLu8QhG1K5"): Text ****** has been set on object 'Object Repository/View course grade/Page_Local Moodle Log in to the site/input_Password_password'

2022-02-13 18:55:08 - [MESSAGE][PASSED] - Text ****** has been set on object 'Object Repository/View course grade/Page_Local Moodle Log in to the site/input_Password_password'

2022-02-13 18:55:08 - [TEST_STEP][PASSED] - click(findTestObject("View course grade/Page_Local Moodle Log in to the site/button_Log in")): Object: 'Object Repository/View course grade/Page_Local Moodle Log in to the site/button_Log in' is clicked on

2022-02-13 18:55:11 - [MESSAGE][PASSED] - Object: 'Object Repository/View course grade/Page_Local Moodle Log in to the site/button_Log in' is clicked on

2022-02-13 18:55:11 - [MESSAGE][PASSED] - Call Test Case 'Test Cases/Utils/Login as admin' successfully

2022-02-13 18:55:11 - [TEST_STEP][PASSED] - click(findTestObject("Object Repository/Utils/Page_Nh ca ti/span_Qun tr khu vc")): Object: 'Object Repository/Utils/Page_Nh ca ti/span_Qun tr khu vc' is clicked on

2022-02-13 18:55:16 - [MESSAGE][PASSED] - Object: 'Object Repository/Utils/Page_Nh ca ti/span_Qun tr khu vc' is clicked on

2022-02-13 18:55:16 - [TEST_STEP][PASSED] - click(findTestObject("Object Repository/Utils/Page_Moodle Khu vc qun tr Tm kim/a_Kho hc")): Object: 'Object Repository/Utils/Page_Moodle Khu vc qun tr Tm kim/a_Kho hc' is clicked on

2022-02-13 18:55:16 - [MESSAGE][PASSED] - Object: 'Object Repository/Utils/Page_Moodle Khu vc qun tr Tm kim/a_Kho hc' is clicked on

2022-02-13 18:55:16 - [TEST_STEP][PASSED] - click(findTestObject("Object Repository/Utils/Page_Moodle Khu vc qun tr Tm kim/a_Thmsa cc kho hc")): Object: 'Object Repository/Utils/Page_Moodle Khu vc qun tr Tm kim/a_Thmsa cc kho hc' is clicked on

2022-02-13 18:55:18 - [MESSAGE][PASSED] - Object: 'Object Repository/Utils/Page_Moodle Khu vc qun tr Tm kim/a_Thmsa cc kho hc' is clicked on

2022-02-13 18:55:18 - [TEST_STEP][PASSED] - click(findTestObject("Object Repository/Utils/Page_Qun l kha hc v danh mc kha hc/a_To kha hc mi")): Object: 'Object Repository/Utils/Page_Qun l kha hc v danh mc kha hc/a_To kha hc mi' is clicked on

2022-02-13 18:55:24 - [MESSAGE][INFO] - Unable to find the element located by 'By.xpath: //div[@id='yui_3_17_2_1_1641906891631_57']/div/div/a'. Please recheck the objects properties to make sure the desired element is located. 

2022-02-13 18:55:24 - [MESSAGE][WARNING] - [SELF-HEALING] Failed to find element with id 'Object Repository/Utils/Page_Qun l kha hc v danh mc kha hc/a_To kha hc mi'. Try using Self-healing.

2022-02-13 18:55:25 - [MESSAGE][WARNING] - [SELF-HEALING] The current locator of test object 'Object Repository/Utils/Page_Qun l kha hc v danh mc kha hc/a_To kha hc mi' was broken. Propose an alternative one: '//a[contains(text(),'Tạo khóa học mới')]'.

2022-02-13 18:55:26 - [MESSAGE][PASSED] - Object: 'Object Repository/Utils/Page_Qun l kha hc v danh mc kha hc/a_To kha hc mi' is clicked on

2022-02-13 18:55:26 - [TEST_STEP][PASSED] - setText(findTestObject("Object Repository/Utils/Page_Moodle Thm kho hc mi/input_Tn y_fullname"), "Nhập môn Công nghệ phần mềm"): Text 'Nhập môn Công nghệ phần mềm' is set on object 'Object Repository/Utils/Page_Moodle Thm kho hc mi/input_Tn y_fullname'

2022-02-13 18:55:28 - [MESSAGE][PASSED] - Text 'Nhập môn Công nghệ phần mềm' is set on object 'Object Repository/Utils/Page_Moodle Thm kho hc mi/input_Tn y_fullname'

2022-02-13 18:55:28 - [TEST_STEP][PASSED] - setText(findTestObject("Object Repository/Utils/Page_Moodle Thm kho hc mi/input_Tn rt gn ca kho hc_shortname"), "CNPM"): Text 'CNPM' is set on object 'Object Repository/Utils/Page_Moodle Thm kho hc mi/input_Tn rt gn ca kho hc_shortname'

2022-02-13 18:55:29 - [MESSAGE][PASSED] - Text 'CNPM' is set on object 'Object Repository/Utils/Page_Moodle Thm kho hc mi/input_Tn rt gn ca kho hc_shortname'

2022-02-13 18:55:29 - [TEST_STEP][PASSED] - click(findTestObject("Object Repository/Utils/Page_Moodle Thm kho hc mi/input__saveanddisplay")): Object: 'Object Repository/Utils/Page_Moodle Thm kho hc mi/input__saveanddisplay' is clicked on

2022-02-13 18:55:30 - [MESSAGE][PASSED] - Object: 'Object Repository/Utils/Page_Moodle Thm kho hc mi/input__saveanddisplay' is clicked on

2022-02-13 18:55:30 - [TEST_STEP][PASSED] - click(findTestObject("Object Repository/Utils/Page_CNPM Danh sch thnh vin/input_Danh sch thnh vin_btn btn-secondary my-1")): Object: 'Object Repository/Utils/Page_CNPM Danh sch thnh vin/input_Danh sch thnh vin_btn btn-secondary my-1' is clicked on

2022-02-13 18:55:31 - [MESSAGE][PASSED] - Object: 'Object Repository/Utils/Page_CNPM Danh sch thnh vin/input_Danh sch thnh vin_btn btn-secondary my-1' is clicked on

2022-02-13 18:55:31 - [TEST_STEP][PASSED] - click(findTestObject("Object Repository/Utils/Page_CNPM Danh sch thnh vin/span_")): Object: 'Object Repository/Utils/Page_CNPM Danh sch thnh vin/span_' is clicked on

2022-02-13 18:55:37 - [MESSAGE][INFO] - Unable to find the element located by 'By.xpath: //span[@id='form_autocomplete_downarrow-1641965227117']'. Please recheck the objects properties to make sure the desired element is located. 

2022-02-13 18:55:37 - [MESSAGE][WARNING] - [SELF-HEALING] Failed to find element with id 'Object Repository/Utils/Page_CNPM Danh sch thnh vin/span_'. Try using Self-healing.

2022-02-13 18:55:38 - [MESSAGE][WARNING] - [SELF-HEALING] The current locator of test object 'Object Repository/Utils/Page_CNPM Danh sch thnh vin/span_' was broken. Propose an alternative one: '//div[@id='fitem_id_userlist']/div[2]/div[3]/span'.

2022-02-13 18:55:38 - [MESSAGE][PASSED] - Object: 'Object Repository/Utils/Page_CNPM Danh sch thnh vin/span_' is clicked on

2022-02-13 18:55:38 - [TEST_STEP][PASSED] - click(findTestObject("Object Repository/Utils/Page_CNPM Danh sch thnh vin/span_Student Nguyen")): Object: 'Object Repository/Utils/Page_CNPM Danh sch thnh vin/span_Student Nguyen' is clicked on

2022-02-13 18:55:44 - [MESSAGE][INFO] - Unable to find the element located by 'By.xpath: //li[@id='form_autocomplete_suggestions-1641965227117-0']/span/span'. Please recheck the objects properties to make sure the desired element is located. 

2022-02-13 18:55:44 - [MESSAGE][WARNING] - [SELF-HEALING] Failed to find element with id 'Object Repository/Utils/Page_CNPM Danh sch thnh vin/span_Student Nguyen'. Try using Self-healing.

2022-02-13 18:55:45 - [MESSAGE][INFO] - Unable to find the element located by 'By.xpath: (.//*[normalize-space(text()) and normalize-space(.)='student1@gmail.com'])[2]/following::span[2]'. Please recheck the objects properties to make sure the desired element is located. 

2022-02-13 18:55:46 - [MESSAGE][WARNING] - [SELF-HEALING] The current locator of test object 'Object Repository/Utils/Page_CNPM Danh sch thnh vin/span_Student Nguyen' was broken. Propose an alternative one: '(.//*[normalize-space(text()) and normalize-space(.)='student@gmail.com'])[2]/preceding::span[1]'.

2022-02-13 18:55:46 - [MESSAGE][PASSED] - Object: 'Object Repository/Utils/Page_CNPM Danh sch thnh vin/span_Student Nguyen' is clicked on

2022-02-13 18:55:46 - [TEST_STEP][PASSED] - click(findTestObject("Object Repository/Utils/Page_CNPM Danh sch thnh vin/button_Ghi danh ngi dng")): Object: 'Object Repository/Utils/Page_CNPM Danh sch thnh vin/button_Ghi danh ngi dng' is clicked on

2022-02-13 18:55:52 - [MESSAGE][INFO] - Unable to find the element located by 'By.xpath: //button[@id='yui_3_17_2_1_1641965226678_264']'. Please recheck the objects properties to make sure the desired element is located. 

2022-02-13 18:55:52 - [MESSAGE][WARNING] - [SELF-HEALING] Failed to find element with id 'Object Repository/Utils/Page_CNPM Danh sch thnh vin/button_Ghi danh ngi dng'. Try using Self-healing.

2022-02-13 18:55:53 - [MESSAGE][WARNING] - [SELF-HEALING] The current locator of test object 'Object Repository/Utils/Page_CNPM Danh sch thnh vin/button_Ghi danh ngi dng' was broken. Propose an alternative one: '(.//*[normalize-space(text()) and normalize-space(.)='Phút'])[1]/following::button[1]'.

2022-02-13 18:55:53 - [MESSAGE][PASSED] - Object: 'Object Repository/Utils/Page_CNPM Danh sch thnh vin/button_Ghi danh ngi dng' is clicked on

2022-02-13 18:55:53 - [TEST_STEP][PASSED] - click(findTestObject("Object Repository/Utils/Page_CNPM Danh sch thnh vin/input_Danh sch thnh vin_btn btn-secondary my-1")): Object: 'Object Repository/Utils/Page_CNPM Danh sch thnh vin/input_Danh sch thnh vin_btn btn-secondary my-1' is clicked on

2022-02-13 18:55:54 - [MESSAGE][PASSED] - Object: 'Object Repository/Utils/Page_CNPM Danh sch thnh vin/input_Danh sch thnh vin_btn btn-secondary my-1' is clicked on

2022-02-13 18:55:54 - [TEST_STEP][PASSED] - selectOptionByValue(findTestObject("Object Repository/Create course/Page_CNPM Danh sch thnh vin/select_Ngi qun l            Gio vin        _4311d9"), "3", true): All options with value '3' are selected in object 'Object Repository/Create course/Page_CNPM Danh sch thnh vin/select_Ngi qun l            Gio vin        _4311d9'  using regular expression

2022-02-13 18:55:56 - [MESSAGE][PASSED] - All options with value '3' are selected in object 'Object Repository/Create course/Page_CNPM Danh sch thnh vin/select_Ngi qun l            Gio vin        _4311d9'  using regular expression

2022-02-13 18:55:56 - [TEST_STEP][PASSED] - click(findTestObject("Object Repository/Utils/Page_CNPM Danh sch thnh vin/span_")): Object: 'Object Repository/Utils/Page_CNPM Danh sch thnh vin/span_' is clicked on

2022-02-13 18:56:02 - [MESSAGE][INFO] - Unable to find the element located by 'By.xpath: //span[@id='form_autocomplete_downarrow-1641965227117']'. Please recheck the objects properties to make sure the desired element is located. 

2022-02-13 18:56:02 - [MESSAGE][WARNING] - [SELF-HEALING] Failed to find element with id 'Object Repository/Utils/Page_CNPM Danh sch thnh vin/span_'. Try using Self-healing.

2022-02-13 18:56:03 - [MESSAGE][WARNING] - [SELF-HEALING] The current locator of test object 'Object Repository/Utils/Page_CNPM Danh sch thnh vin/span_' was broken. Propose an alternative one: '//div[@id='fitem_id_userlist']/div[2]/div[3]/span'.

2022-02-13 18:56:03 - [MESSAGE][PASSED] - Object: 'Object Repository/Utils/Page_CNPM Danh sch thnh vin/span_' is clicked on

2022-02-13 18:56:03 - [TEST_STEP][PASSED] - click(findTestObject("Object Repository/Create course/Page_CNPM Danh sch thnh vin/span_Nguyen Van A")): Object: 'Object Repository/Create course/Page_CNPM Danh sch thnh vin/span_Nguyen Van A' is clicked on

2022-02-13 18:56:09 - [MESSAGE][INFO] - Unable to find the element located by 'By.xpath: //li[@id='form_autocomplete_suggestions-1642350427588-0']/span/span'. Please recheck the objects properties to make sure the desired element is located. 

2022-02-13 18:56:09 - [MESSAGE][WARNING] - [SELF-HEALING] Failed to find element with id 'Object Repository/Create course/Page_CNPM Danh sch thnh vin/span_Nguyen Van A'. Try using Self-healing.

2022-02-13 18:56:10 - [MESSAGE][WARNING] - [SELF-HEALING] The current locator of test object 'Object Repository/Create course/Page_CNPM Danh sch thnh vin/span_Nguyen Van A' was broken. Propose an alternative one: '(.//*[normalize-space(text()) and normalize-space(.)='▼'])[1]/following::span[2]'.

2022-02-13 18:56:10 - [MESSAGE][PASSED] - Object: 'Object Repository/Create course/Page_CNPM Danh sch thnh vin/span_Nguyen Van A' is clicked on

2022-02-13 18:56:10 - [TEST_STEP][PASSED] - click(findTestObject("Object Repository/Create course/Page_CNPM Danh sch thnh vin/button_Ghi danh ngi dng_1")): Object: 'Object Repository/Create course/Page_CNPM Danh sch thnh vin/button_Ghi danh ngi dng_1' is clicked on

2022-02-13 18:56:16 - [MESSAGE][INFO] - Unable to find the element located by 'By.xpath: //button[@id='yui_3_17_2_1_1642348738650_377']'. Please recheck the objects properties to make sure the desired element is located. 

2022-02-13 18:56:16 - [MESSAGE][WARNING] - [SELF-HEALING] Failed to find element with id 'Object Repository/Create course/Page_CNPM Danh sch thnh vin/button_Ghi danh ngi dng_1'. Try using Self-healing.

2022-02-13 18:56:16 - [MESSAGE][WARNING] - [SELF-HEALING] The current locator of test object 'Object Repository/Create course/Page_CNPM Danh sch thnh vin/button_Ghi danh ngi dng_1' was broken. Propose an alternative one: '(.//*[normalize-space(text()) and normalize-space(.)='Phút'])[1]/following::button[1]'.

2022-02-13 18:56:17 - [MESSAGE][PASSED] - Object: 'Object Repository/Create course/Page_CNPM Danh sch thnh vin/button_Ghi danh ngi dng_1' is clicked on

2022-02-13 18:56:17 - [TEST_STEP][PASSED] - click(findTestObject("Object Repository/Utils/Page_CNPM Danh sch thnh vin/span_CNPM")): Object: 'Object Repository/Utils/Page_CNPM Danh sch thnh vin/span_CNPM' is clicked on

2022-02-13 18:56:19 - [MESSAGE][PASSED] - Object: 'Object Repository/Utils/Page_CNPM Danh sch thnh vin/span_CNPM' is clicked on

2022-02-13 18:56:19 - [TEST_STEP][PASSED] - click(findTestObject("Create folder and quiz/Page_CNPM Danh sch thnh vin/a_Qun tr Thnh vin")): Object: 'Object Repository/Create folder and quiz/Page_CNPM Danh sch thnh vin/a_Qun tr Thnh vin' is clicked on

2022-02-13 18:56:19 - [MESSAGE][PASSED] - Object: 'Object Repository/Create folder and quiz/Page_CNPM Danh sch thnh vin/a_Qun tr Thnh vin' is clicked on

2022-02-13 18:56:19 - [TEST_STEP][PASSED] - click(findTestObject("Create folder and quiz/Page_CNPM Danh sch thnh vin/span_Thot")): Object: 'Object Repository/Create folder and quiz/Page_CNPM Danh sch thnh vin/span_Thot' is clicked on

2022-02-13 18:56:20 - [MESSAGE][PASSED] - Object: 'Object Repository/Create folder and quiz/Page_CNPM Danh sch thnh vin/span_Thot' is clicked on

2022-02-13 18:56:20 - [MESSAGE][INFO] - 

2022-02-13 18:56:20 - [MESSAGE][INFO] - ===================== Self-healing Report ====================

2022-02-13 18:56:20 - [MESSAGE][INFO] - One of the failed test object locators has been recovered by Self-healing. Please refer to the Self-healing Insights tab for more details.

2022-02-13 18:56:20 - [MESSAGE][INFO] - To learn more about Self-healing, please read https://docs.katalon.com/katalon-studio/docs/self-healing.html

2022-02-13 18:56:20 - [MESSAGE][INFO] - ==============================================================

2022-02-13 18:56:20 - [MESSAGE][PASSED] - Call Test Case 'Test Cases/Utils/Create course CNPM' successfully

2022-02-13 18:56:20 - [TEST_STEP][PASSED] - callTestCase(findTestCase("Utils/Login as teacher"), [:], STOP_ON_FAILURE): Call Test Case 'Test Cases/Utils/Login as teacher' successfully

2022-02-13 18:56:20 - [TEST_CASE][PASSED] - Test Cases/Utils/Login as teacher: Test Cases/Utils/Login as teacher

2022-02-13 18:56:20 - [TEST_STEP][PASSED] - click(findTestObject("Create folder and quiz/Page_Local Moodle/a_Log in")): Object: 'Object Repository/Create folder and quiz/Page_Local Moodle/a_Log in' is clicked on

2022-02-13 18:56:21 - [MESSAGE][PASSED] - Object: 'Object Repository/Create folder and quiz/Page_Local Moodle/a_Log in' is clicked on

2022-02-13 18:56:21 - [TEST_STEP][PASSED] - setText(findTestObject("Object Repository/Create course/Page_New Moodle Site Log in to the site/input_Username_username"), "hs01"): Text 'hs01' is set on object 'Object Repository/Create course/Page_New Moodle Site Log in to the site/input_Username_username'

2022-02-13 18:56:22 - [MESSAGE][PASSED] - Text 'hs01' is set on object 'Object Repository/Create course/Page_New Moodle Site Log in to the site/input_Username_username'

2022-02-13 18:56:22 - [TEST_STEP][PASSED] - setEncryptedText(findTestObject("Object Repository/Create course/Page_New Moodle Site Log in to the site/input_Password_password"), "o5TCnEIIWq2SeGQhIMNXLQ=="): Text ****** has been set on object 'Object Repository/Create course/Page_New Moodle Site Log in to the site/input_Password_password'

2022-02-13 18:56:23 - [MESSAGE][PASSED] - Text ****** has been set on object 'Object Repository/Create course/Page_New Moodle Site Log in to the site/input_Password_password'

2022-02-13 18:56:23 - [TEST_STEP][PASSED] - click(findTestObject("Create folder and quiz/Page_Local Moodle Log in to the site/button_Log in")): Object: 'Object Repository/Create folder and quiz/Page_Local Moodle Log in to the site/button_Log in' is clicked on

2022-02-13 18:56:26 - [MESSAGE][PASSED] - Object: 'Object Repository/Create folder and quiz/Page_Local Moodle Log in to the site/button_Log in' is clicked on

2022-02-13 18:56:26 - [MESSAGE][INFO] - 

2022-02-13 18:56:26 - [MESSAGE][INFO] - ===================== Self-healing Report ====================

2022-02-13 18:56:26 - [MESSAGE][INFO] - One of the failed test object locators has been recovered by Self-healing. Please refer to the Self-healing Insights tab for more details.

2022-02-13 18:56:26 - [MESSAGE][INFO] - To learn more about Self-healing, please read https://docs.katalon.com/katalon-studio/docs/self-healing.html

2022-02-13 18:56:26 - [MESSAGE][INFO] - ==============================================================

2022-02-13 18:56:26 - [MESSAGE][PASSED] - Call Test Case 'Test Cases/Utils/Login as teacher' successfully

2022-02-13 18:56:26 - [TEST_STEP][PASSED] - click(findTestObject("Object Repository/Create folder and quiz/Page_Nh ca ti/span_Trang ch h thng")): Object: 'Object Repository/Create folder and quiz/Page_Nh ca ti/span_Trang ch h thng' is clicked on

2022-02-13 18:56:28 - [MESSAGE][PASSED] - Object: 'Object Repository/Create folder and quiz/Page_Nh ca ti/span_Trang ch h thng' is clicked on

2022-02-13 18:56:28 - [TEST_STEP][PASSED] - click(findTestObject("Object Repository/Create folder and quiz/Page_New Moodle Site/a_Nhp mn Cng ngh phn mm")): Object: 'Object Repository/Create folder and quiz/Page_New Moodle Site/a_Nhp mn Cng ngh phn mm' is clicked on

2022-02-13 18:56:30 - [MESSAGE][PASSED] - Object: 'Object Repository/Create folder and quiz/Page_New Moodle Site/a_Nhp mn Cng ngh phn mm' is clicked on

2022-02-13 18:56:30 - [TEST_STEP][PASSED] - click(findTestObject("Create folder and quiz/Page_Kha Nhp mn Cng ngh phn mm/button_Bt ch  chnh sa")): Object: 'Object Repository/Create folder and quiz/Page_Kha Nhp mn Cng ngh phn mm/button_Bt ch  chnh sa' is clicked on

2022-02-13 18:56:36 - [MESSAGE][INFO] - Unable to find the element located by 'By.xpath: //button[@id='single_button61e44f855865c1']'. Please recheck the objects properties to make sure the desired element is located. 

2022-02-13 18:56:36 - [MESSAGE][WARNING] - [SELF-HEALING] Failed to find element with id 'Object Repository/Create folder and quiz/Page_Kha Nhp mn Cng ngh phn mm/button_Bt ch  chnh sa'. Try using Self-healing.

2022-02-13 18:56:36 - [MESSAGE][WARNING] - [SELF-HEALING] The current locator of test object 'Object Repository/Create folder and quiz/Page_Kha Nhp mn Cng ngh phn mm/button_Bt ch  chnh sa' was broken. Propose an alternative one: '(.//*[normalize-space(text()) and normalize-space(.)='Các khoá học của tôi'])[2]/following::button[1]'.

2022-02-13 18:56:37 - [MESSAGE][PASSED] - Object: 'Object Repository/Create folder and quiz/Page_Kha Nhp mn Cng ngh phn mm/button_Bt ch  chnh sa' is clicked on

2022-02-13 18:56:37 - [TEST_STEP][PASSED] - click(findTestObject("Create folder and quiz/Page_Kha Nhp mn Cng ngh phn mm/span_Thm hot ng hoc ti nguyn")): Object: 'Object Repository/Create folder and quiz/Page_Kha Nhp mn Cng ngh phn mm/span_Thm hot ng hoc ti nguyn' is clicked on

2022-02-13 18:56:43 - [MESSAGE][INFO] - Unable to find the element located by 'By.xpath: //*[@id = 'yui_3_17_2_1_1642352521094_616' and (text() = 'Thêm hoạt động hoặc tài nguyên' or . = 'Thêm hoạt động hoặc tài nguyên')]'. Please recheck the objects properties to make sure the desired element is located. 

2022-02-13 18:56:43 - [MESSAGE][WARNING] - [SELF-HEALING] Failed to find element with id 'Object Repository/Create folder and quiz/Page_Kha Nhp mn Cng ngh phn mm/span_Thm hot ng hoc ti nguyn'. Try using Self-healing.

2022-02-13 18:56:44 - [MESSAGE][WARNING] - [SELF-HEALING] The current locator of test object 'Object Repository/Create folder and quiz/Page_Kha Nhp mn Cng ngh phn mm/span_Thm hot ng hoc ti nguyn' was broken. Propose an alternative one: '(.//*[normalize-space(text()) and normalize-space(.)='Chủ đề 1'])[2]/following::span[3]'.

2022-02-13 18:56:44 - [MESSAGE][PASSED] - Object: 'Object Repository/Create folder and quiz/Page_Kha Nhp mn Cng ngh phn mm/span_Thm hot ng hoc ti nguyn' is clicked on

2022-02-13 18:56:44 - [TEST_STEP][PASSED] - click(findTestObject("Create folder and quiz/Page_Kha Nhp mn Cng ngh phn mm/div_Thng tin v  Phng chat hot ng_optionicon_c1613a")): Object: 'Object Repository/Create folder and quiz/Page_Kha Nhp mn Cng ngh phn mm/div_Thng tin v  Phng chat hot ng_optionicon_c1613a' is clicked on

2022-02-13 18:56:50 - [MESSAGE][INFO] - Unable to find the element located by 'By.xpath: //div[@id='all-5']/div/div[17]/div/a/div'. Please recheck the objects properties to make sure the desired element is located. 

2022-02-13 18:56:50 - [MESSAGE][WARNING] - [SELF-HEALING] Failed to find element with id 'Object Repository/Create folder and quiz/Page_Kha Nhp mn Cng ngh phn mm/div_Thng tin v  Phng chat hot ng_optionicon_c1613a'. Try using Self-healing.

2022-02-13 18:56:51 - [MESSAGE][WARNING] - [SELF-HEALING] The current locator of test object 'Object Repository/Create folder and quiz/Page_Kha Nhp mn Cng ngh phn mm/div_Thng tin v  Phng chat hot ng_optionicon_c1613a' was broken. Propose an alternative one: '(.//*[normalize-space(text()) and normalize-space(.)='Phòng chat'])[1]/following::div[4]'.

2022-02-13 18:56:52 - [MESSAGE][PASSED] - Object: 'Object Repository/Create folder and quiz/Page_Kha Nhp mn Cng ngh phn mm/div_Thng tin v  Phng chat hot ng_optionicon_c1613a' is clicked on

2022-02-13 18:56:52 - [TEST_STEP][PASSED] - setText(findTestObject("Create folder and quiz/Page_Bin son Th mc/input_Tn_name"), "Doc"): Text 'Doc' is set on object 'Object Repository/Create folder and quiz/Page_Bin son Th mc/input_Tn_name'

2022-02-13 18:56:54 - [MESSAGE][PASSED] - Text 'Doc' is set on object 'Object Repository/Create folder and quiz/Page_Bin son Th mc/input_Tn_name'

2022-02-13 18:56:54 - [TEST_STEP][PASSED] - click(findTestObject("Create folder and quiz/Page_Bin son Th mc/input_Upon activity completion_submitbutton2")): Object: 'Object Repository/Create folder and quiz/Page_Bin son Th mc/input_Upon activity completion_submitbutton2' is clicked on

2022-02-13 18:56:56 - [MESSAGE][PASSED] - Object: 'Object Repository/Create folder and quiz/Page_Bin son Th mc/input_Upon activity completion_submitbutton2' is clicked on

2022-02-13 18:56:56 - [TEST_STEP][PASSED] - click(findTestObject("Object Repository/Create course/Page_Nh ca ti/a_Nguyen Van A")): Object: 'Object Repository/Create course/Page_Nh ca ti/a_Nguyen Van A' is clicked on

2022-02-13 18:56:57 - [MESSAGE][PASSED] - Object: 'Object Repository/Create course/Page_Nh ca ti/a_Nguyen Van A' is clicked on

2022-02-13 18:56:57 - [TEST_STEP][PASSED] - click(findTestObject("Object Repository/Create course/Page_Nh ca ti/span_Thot")): Object: 'Object Repository/Create course/Page_Nh ca ti/span_Thot' is clicked on

2022-02-13 18:56:58 - [MESSAGE][PASSED] - Object: 'Object Repository/Create course/Page_Nh ca ti/span_Thot' is clicked on

2022-02-13 18:56:58 - [TEST_STEP][PASSED] - callTestCase(findTestCase("Utils/Login as student"), [:], STOP_ON_FAILURE): Call Test Case 'Test Cases/Utils/Login as student' successfully

2022-02-13 18:56:58 - [TEST_CASE][PASSED] - Test Cases/Utils/Login as student: Test Cases/Utils/Login as student

2022-02-13 18:56:58 - [TEST_STEP][PASSED] - click(findTestObject("Create folder and quiz/Page_Local Moodle/a_Log in")): Object: 'Object Repository/Create folder and quiz/Page_Local Moodle/a_Log in' is clicked on

2022-02-13 18:56:59 - [MESSAGE][PASSED] - Object: 'Object Repository/Create folder and quiz/Page_Local Moodle/a_Log in' is clicked on

2022-02-13 18:56:59 - [TEST_STEP][PASSED] - setText(findTestObject("Create folder and quiz/Page_Local Moodle Log in to the site/input_Username_username"), "student"): Text 'student' is set on object 'Object Repository/Create folder and quiz/Page_Local Moodle Log in to the site/input_Username_username'

2022-02-13 18:57:00 - [MESSAGE][PASSED] - Text 'student' is set on object 'Object Repository/Create folder and quiz/Page_Local Moodle Log in to the site/input_Username_username'

2022-02-13 18:57:00 - [TEST_STEP][PASSED] - setEncryptedText(findTestObject("Create folder and quiz/Page_Local Moodle Log in to the site/input_Password_password"), "ie7bep3f1gXYsgY0lkRhPw=="): Text ****** has been set on object 'Object Repository/Create folder and quiz/Page_Local Moodle Log in to the site/input_Password_password'

2022-02-13 18:57:01 - [MESSAGE][PASSED] - Text ****** has been set on object 'Object Repository/Create folder and quiz/Page_Local Moodle Log in to the site/input_Password_password'

2022-02-13 18:57:01 - [TEST_STEP][PASSED] - click(findTestObject("Create folder and quiz/Page_Local Moodle Log in to the site/button_Log in")): Object: 'Object Repository/Create folder and quiz/Page_Local Moodle Log in to the site/button_Log in' is clicked on

2022-02-13 18:57:03 - [MESSAGE][PASSED] - Object: 'Object Repository/Create folder and quiz/Page_Local Moodle Log in to the site/button_Log in' is clicked on

2022-02-13 18:57:03 - [MESSAGE][INFO] - 

2022-02-13 18:57:03 - [MESSAGE][INFO] - ===================== Self-healing Report ====================

2022-02-13 18:57:03 - [MESSAGE][INFO] - One of the failed test object locators has been recovered by Self-healing. Please refer to the Self-healing Insights tab for more details.

2022-02-13 18:57:03 - [MESSAGE][INFO] - To learn more about Self-healing, please read https://docs.katalon.com/katalon-studio/docs/self-healing.html

2022-02-13 18:57:03 - [MESSAGE][INFO] - ==============================================================

2022-02-13 18:57:03 - [MESSAGE][PASSED] - Call Test Case 'Test Cases/Utils/Login as student' successfully

2022-02-13 18:57:03 - [TEST_STEP][PASSED] - click(findTestObject("Create folder and quiz/Page_Nh ca ti/span_Nhp mn Cng ngh phn mm")): Object: 'Object Repository/Create folder and quiz/Page_Nh ca ti/span_Nhp mn Cng ngh phn mm' is clicked on

2022-02-13 18:57:09 - [MESSAGE][INFO] - Unable to find the element located by 'By.xpath: //div[@id='course-info-container-24-8']/div/div/a/span[3]'. Please recheck the objects properties to make sure the desired element is located. 

2022-02-13 18:57:09 - [MESSAGE][WARNING] - [SELF-HEALING] Failed to find element with id 'Object Repository/Create folder and quiz/Page_Nh ca ti/span_Nhp mn Cng ngh phn mm'. Try using Self-healing.

2022-02-13 18:57:10 - [MESSAGE][INFO] - Unable to find the element located by 'By.xpath: (.//*[normalize-space(text()) and normalize-space(.)='Tên khóa học'])[2]/following::span[1]'. Please recheck the objects properties to make sure the desired element is located. 

2022-02-13 18:57:11 - [MESSAGE][WARNING] - [SELF-HEALING] The current locator of test object 'Object Repository/Create folder and quiz/Page_Nh ca ti/span_Nhp mn Cng ngh phn mm' was broken. Propose an alternative one: '(.//*[normalize-space(text()) and normalize-space(.)='Actions for current course Nhập môn Công nghệ phần mềm'])[1]/preceding::span[1]'.

2022-02-13 18:57:12 - [MESSAGE][PASSED] - Object: 'Object Repository/Create folder and quiz/Page_Nh ca ti/span_Nhp mn Cng ngh phn mm' is clicked on

2022-02-13 18:57:12 - [TEST_STEP][PASSED] - verifyElementVisible(findTestObject("Create folder and quiz/Page_Kha Nhp mn Cng ngh phn mm/div_Doc Th mc 0")): Object 'Object Repository/Create folder and quiz/Page_Kha Nhp mn Cng ngh phn mm/div_Doc Th mc 0' is visible

2022-02-13 18:57:18 - [MESSAGE][INFO] - Unable to find the element located by 'By.xpath: //div[@id='yui_3_17_2_1_1641398068785_61']'. Please recheck the objects properties to make sure the desired element is located. 

2022-02-13 18:57:18 - [MESSAGE][WARNING] - [SELF-HEALING] Failed to find element with id 'Object Repository/Create folder and quiz/Page_Kha Nhp mn Cng ngh phn mm/div_Doc Th mc 0'. Try using Self-healing.

2022-02-13 18:57:18 - [MESSAGE][WARNING] - [SELF-HEALING] The current locator of test object 'Object Repository/Create folder and quiz/Page_Kha Nhp mn Cng ngh phn mm/div_Doc Th mc 0' was broken. Propose an alternative one: '(.//*[normalize-space(text()) and normalize-space(.)='Chủ đề 1'])[2]/following::div[6]'.

2022-02-13 18:57:19 - [MESSAGE][PASSED] - Object 'Object Repository/Create folder and quiz/Page_Kha Nhp mn Cng ngh phn mm/div_Doc Th mc 0' is visible

2022-02-13 18:57:19 - [TEST_STEP][PASSED] - click(findTestObject("Create folder and quiz/Page_Kha Nhp mn Cng ngh phn mm/button_Mark as done 0")): Object: 'Object Repository/Create folder and quiz/Page_Kha Nhp mn Cng ngh phn mm/button_Mark as done 0' is clicked on

2022-02-13 18:57:25 - [MESSAGE][INFO] - Unable to find the element located by 'By.xpath: //button[@id='yui_3_17_2_1_1641398068785_75']'. Please recheck the objects properties to make sure the desired element is located. 

2022-02-13 18:57:25 - [MESSAGE][WARNING] - [SELF-HEALING] Failed to find element with id 'Object Repository/Create folder and quiz/Page_Kha Nhp mn Cng ngh phn mm/button_Mark as done 0'. Try using Self-healing.

2022-02-13 18:57:25 - [MESSAGE][WARNING] - [SELF-HEALING] The current locator of test object 'Object Repository/Create folder and quiz/Page_Kha Nhp mn Cng ngh phn mm/button_Mark as done 0' was broken. Propose an alternative one: '(.//*[normalize-space(text()) and normalize-space(.)='Thư mục'])[1]/following::button[1]'.

2022-02-13 18:57:25 - [MESSAGE][PASSED] - Object: 'Object Repository/Create folder and quiz/Page_Kha Nhp mn Cng ngh phn mm/button_Mark as done 0' is clicked on

2022-02-13 18:57:25 - [TEST_STEP][PASSED] - click(findTestObject("Create folder and quiz/Page_Nh ca ti/a_Student Nguyen")): Object: 'Object Repository/Create folder and quiz/Page_Nh ca ti/a_Student Nguyen' is clicked on

2022-02-13 18:57:26 - [MESSAGE][PASSED] - Object: 'Object Repository/Create folder and quiz/Page_Nh ca ti/a_Student Nguyen' is clicked on

2022-02-13 18:57:26 - [TEST_STEP][PASSED] - click(findTestObject("Create folder and quiz/Page_Nh ca ti/span_Thot")): Object: 'Object Repository/Create folder and quiz/Page_Nh ca ti/span_Thot' is clicked on

2022-02-13 18:57:28 - [MESSAGE][PASSED] - Object: 'Object Repository/Create folder and quiz/Page_Nh ca ti/span_Thot' is clicked on

2022-02-13 18:57:28 - [TEST_STEP][PASSED] - callTestCase(findTestCase("Utils/Delete course CNPM"), [:], STOP_ON_FAILURE): Call Test Case 'Test Cases/Utils/Delete course CNPM' successfully

2022-02-13 18:57:28 - [TEST_CASE][PASSED] - Test Cases/Utils/Delete course CNPM: Test Cases/Utils/Delete course CNPM

2022-02-13 18:57:28 - [TEST_STEP][PASSED] - callTestCase(findTestCase("Utils/Login as admin"), [:], STOP_ON_FAILURE): Call Test Case 'Test Cases/Utils/Login as admin' successfully

2022-02-13 18:57:28 - [TEST_CASE][PASSED] - Test Cases/Utils/Login as admin: Test Cases/Utils/Login as admin

2022-02-13 18:57:28 - [TEST_STEP][PASSED] - click(findTestObject("View course grade/Page_Local Moodle/a_Log in")): Object: 'Object Repository/View course grade/Page_Local Moodle/a_Log in' is clicked on

2022-02-13 18:57:29 - [MESSAGE][PASSED] - Object: 'Object Repository/View course grade/Page_Local Moodle/a_Log in' is clicked on

2022-02-13 18:57:29 - [TEST_STEP][PASSED] - setText(findTestObject("View course grade/Page_Local Moodle Log in to the site/input_Username_username"), "admin"): Text 'admin' is set on object 'Object Repository/View course grade/Page_Local Moodle Log in to the site/input_Username_username'

2022-02-13 18:57:30 - [MESSAGE][PASSED] - Text 'admin' is set on object 'Object Repository/View course grade/Page_Local Moodle Log in to the site/input_Username_username'

2022-02-13 18:57:30 - [TEST_STEP][PASSED] - setEncryptedText(findTestObject("View course grade/Page_Local Moodle Log in to the site/input_Password_password"), "bfAykA/oWJ09FXmiKh6lyuuLu8QhG1K5"): Text ****** has been set on object 'Object Repository/View course grade/Page_Local Moodle Log in to the site/input_Password_password'

2022-02-13 18:57:31 - [MESSAGE][PASSED] - Text ****** has been set on object 'Object Repository/View course grade/Page_Local Moodle Log in to the site/input_Password_password'

2022-02-13 18:57:31 - [TEST_STEP][PASSED] - click(findTestObject("View course grade/Page_Local Moodle Log in to the site/button_Log in")): Object: 'Object Repository/View course grade/Page_Local Moodle Log in to the site/button_Log in' is clicked on

2022-02-13 18:57:33 - [MESSAGE][PASSED] - Object: 'Object Repository/View course grade/Page_Local Moodle Log in to the site/button_Log in' is clicked on

2022-02-13 18:57:33 - [MESSAGE][INFO] - 

2022-02-13 18:57:33 - [MESSAGE][INFO] - ===================== Self-healing Report ====================

2022-02-13 18:57:33 - [MESSAGE][INFO] - One of the failed test object locators has been recovered by Self-healing. Please refer to the Self-healing Insights tab for more details.

2022-02-13 18:57:33 - [MESSAGE][INFO] - To learn more about Self-healing, please read https://docs.katalon.com/katalon-studio/docs/self-healing.html

2022-02-13 18:57:33 - [MESSAGE][INFO] - ==============================================================

2022-02-13 18:57:33 - [MESSAGE][PASSED] - Call Test Case 'Test Cases/Utils/Login as admin' successfully

2022-02-13 18:57:33 - [TEST_STEP][PASSED] - click(findTestObject("Object Repository/Create course/Page_Nh ca ti/span_Qun tr khu vc")): Object: 'Object Repository/Create course/Page_Nh ca ti/span_Qun tr khu vc' is clicked on

2022-02-13 18:57:37 - [MESSAGE][PASSED] - Object: 'Object Repository/Create course/Page_Nh ca ti/span_Qun tr khu vc' is clicked on

2022-02-13 18:57:37 - [TEST_STEP][PASSED] - click(findTestObject("Object Repository/Create course/Page_Moodle Khu vc qun tr Tm kim/a_Kho hc")): Object: 'Object Repository/Create course/Page_Moodle Khu vc qun tr Tm kim/a_Kho hc' is clicked on

2022-02-13 18:57:38 - [MESSAGE][PASSED] - Object: 'Object Repository/Create course/Page_Moodle Khu vc qun tr Tm kim/a_Kho hc' is clicked on

2022-02-13 18:57:38 - [TEST_STEP][PASSED] - click(findTestObject("Object Repository/Create course/Page_Moodle Khu vc qun tr Tm kim/a_Thmsa cc kho hc")): Object: 'Object Repository/Create course/Page_Moodle Khu vc qun tr Tm kim/a_Thmsa cc kho hc' is clicked on

2022-02-13 18:57:39 - [MESSAGE][PASSED] - Object: 'Object Repository/Create course/Page_Moodle Khu vc qun tr Tm kim/a_Thmsa cc kho hc' is clicked on

2022-02-13 18:57:39 - [TEST_STEP][PASSED] - click(findTestObject("Object Repository/Create course/Page_Qun l kha hc v danh mc kha hc/div_La chn hnh ng hng lot Nhp mn Cng ngh ph_52747d")): Object: 'Object Repository/Create course/Page_Qun l kha hc v danh mc kha hc/div_La chn hnh ng hng lot Nhp mn Cng ngh ph_52747d' is clicked on

2022-02-13 18:57:46 - [MESSAGE][INFO] - Unable to find the element located by 'By.xpath: //div[@id='yui_3_17_2_1_1641378024996_198']'. Please recheck the objects properties to make sure the desired element is located. 

2022-02-13 18:57:46 - [MESSAGE][WARNING] - [SELF-HEALING] Failed to find element with id 'Object Repository/Create course/Page_Qun l kha hc v danh mc kha hc/div_La chn hnh ng hng lot Nhp mn Cng ngh ph_52747d'. Try using Self-healing.

2022-02-13 18:57:46 - [MESSAGE][WARNING] - [SELF-HEALING] The current locator of test object 'Object Repository/Create course/Page_Qun l kha hc v danh mc kha hc/div_La chn hnh ng hng lot Nhp mn Cng ngh ph_52747d' was broken. Propose an alternative one: '(.//*[normalize-space(text()) and normalize-space(.)='Tất cả'])[1]/following::div[1]'.

2022-02-13 18:57:47 - [MESSAGE][PASSED] - Object: 'Object Repository/Create course/Page_Qun l kha hc v danh mc kha hc/div_La chn hnh ng hng lot Nhp mn Cng ngh ph_52747d' is clicked on

2022-02-13 18:57:47 - [TEST_STEP][PASSED] - click(findTestObject("Object Repository/Create course/Page_Qun l kha hc v danh mc kha hc/a_Nhp mn Cng ngh phn mm")): Object: 'Object Repository/Create course/Page_Qun l kha hc v danh mc kha hc/a_Nhp mn Cng ngh phn mm' is clicked on

2022-02-13 18:57:54 - [MESSAGE][INFO] - Unable to find the element located by 'By.xpath: //a[@id='yui_3_17_2_1_1641378024996_202']'. Please recheck the objects properties to make sure the desired element is located. 

2022-02-13 18:57:54 - [MESSAGE][WARNING] - [SELF-HEALING] Failed to find element with id 'Object Repository/Create course/Page_Qun l kha hc v danh mc kha hc/a_Nhp mn Cng ngh phn mm'. Try using Self-healing.

2022-02-13 18:57:54 - [MESSAGE][WARNING] - [SELF-HEALING] The current locator of test object 'Object Repository/Create course/Page_Qun l kha hc v danh mc kha hc/a_Nhp mn Cng ngh phn mm' was broken. Propose an alternative one: '//a[contains(text(),'Nhập môn Công nghệ phần mềm')]'.

2022-02-13 18:57:55 - [MESSAGE][PASSED] - Object: 'Object Repository/Create course/Page_Qun l kha hc v danh mc kha hc/a_Nhp mn Cng ngh phn mm' is clicked on

2022-02-13 18:57:55 - [TEST_STEP][PASSED] - click(findTestObject("Object Repository/Create course/Page_Qun l kha hc v danh mc kha hc/a_Xo")): Object: 'Object Repository/Create course/Page_Qun l kha hc v danh mc kha hc/a_Xo' is clicked on

2022-02-13 18:58:02 - [MESSAGE][INFO] - Unable to find the element located by 'By.xpath: //a[@id='action_link61d570ff7b02a61']'. Please recheck the objects properties to make sure the desired element is located. 

2022-02-13 18:58:02 - [MESSAGE][WARNING] - [SELF-HEALING] Failed to find element with id 'Object Repository/Create course/Page_Qun l kha hc v danh mc kha hc/a_Xo'. Try using Self-healing.

2022-02-13 18:58:02 - [MESSAGE][WARNING] - [SELF-HEALING] The current locator of test object 'Object Repository/Create course/Page_Qun l kha hc v danh mc kha hc/a_Xo' was broken. Propose an alternative one: '//div[@id='course-detail']/div/div[2]/div/a[4]'.

2022-02-13 18:58:03 - [MESSAGE][PASSED] - Object: 'Object Repository/Create course/Page_Qun l kha hc v danh mc kha hc/a_Xo' is clicked on

2022-02-13 18:58:03 - [TEST_STEP][PASSED] - click(findTestObject("Object Repository/Create course/Page_Moodle Xo CNPM/button_Xo")): Object: 'Object Repository/Create course/Page_Moodle Xo CNPM/button_Xo' is clicked on

2022-02-13 18:58:09 - [MESSAGE][INFO] - Unable to find the element located by 'By.xpath: //button[@id='single_button61dfb22f3a4de19']'. Please recheck the objects properties to make sure the desired element is located. 

2022-02-13 18:58:09 - [MESSAGE][WARNING] - [SELF-HEALING] Failed to find element with id 'Object Repository/Create course/Page_Moodle Xo CNPM/button_Xo'. Try using Self-healing.

2022-02-13 18:58:09 - [MESSAGE][WARNING] - [SELF-HEALING] The current locator of test object 'Object Repository/Create course/Page_Moodle Xo CNPM/button_Xo' was broken. Propose an alternative one: '//div[@id='modal-footer']/div/div/form/button'.

2022-02-13 18:58:12 - [MESSAGE][PASSED] - Object: 'Object Repository/Create course/Page_Moodle Xo CNPM/button_Xo' is clicked on

2022-02-13 18:58:12 - [TEST_STEP][PASSED] - click(findTestObject("Object Repository/Create course/Page_Moodle Xo CNPM/button_Tip tc")): Object: 'Object Repository/Create course/Page_Moodle Xo CNPM/button_Tip tc' is clicked on

2022-02-13 18:58:18 - [MESSAGE][INFO] - Unable to find the element located by 'By.xpath: //button[@id='single_button61d571098d12119']'. Please recheck the objects properties to make sure the desired element is located. 

2022-02-13 18:58:18 - [MESSAGE][WARNING] - [SELF-HEALING] Failed to find element with id 'Object Repository/Create course/Page_Moodle Xo CNPM/button_Tip tc'. Try using Self-healing.

2022-02-13 18:58:18 - [MESSAGE][WARNING] - [SELF-HEALING] The current locator of test object 'Object Repository/Create course/Page_Moodle Xo CNPM/button_Tip tc' was broken. Propose an alternative one: '(.//*[normalize-space(text()) and normalize-space(.)='CNPM đã được xoá hoàn toàn'])[1]/following::button[1]'.

2022-02-13 18:58:20 - [MESSAGE][PASSED] - Object: 'Object Repository/Create course/Page_Moodle Xo CNPM/button_Tip tc' is clicked on

2022-02-13 18:58:20 - [MESSAGE][INFO] - 

2022-02-13 18:58:20 - [MESSAGE][INFO] - ===================== Self-healing Report ====================

2022-02-13 18:58:20 - [MESSAGE][INFO] - One of the failed test object locators has been recovered by Self-healing. Please refer to the Self-healing Insights tab for more details.

2022-02-13 18:58:20 - [MESSAGE][INFO] - To learn more about Self-healing, please read https://docs.katalon.com/katalon-studio/docs/self-healing.html

2022-02-13 18:58:20 - [MESSAGE][INFO] - ==============================================================

2022-02-13 18:58:20 - [MESSAGE][PASSED] - Call Test Case 'Test Cases/Utils/Delete course CNPM' successfully

2022-02-13 18:58:20 - [TEST_STEP][PASSED] - closeBrowser(): Browser is closed

2022-02-13 18:58:21 - [MESSAGE][PASSED] - Browser is closed]]></system-out>
         <system-err><![CDATA[]]></system-err>
      </testcase>
      <testcase name="Test Cases/Create folder and quiz/Create quiz without title" time="163.249" classname="Test Cases/Create folder and quiz/Create quiz without title" status="PASSED">
         <system-out><![CDATA[2022-02-13 18:58:21 - [TEST_CASE][PASSED] - Test Cases/Create folder and quiz/Create quiz without title: Test Cases/Create folder and quiz/Create quiz without title

2022-02-13 18:58:22 - [TEST_STEP][PASSED] - openBrowser(""): Browser is opened with url: ''

2022-02-13 18:58:22 - [MESSAGE][INFO] - Starting 'Edge Chromium' driver

2022-02-13 18:58:24 - [MESSAGE][INFO] - Action delay is set to 0 milliseconds

2022-02-13 18:58:25 - [MESSAGE][PASSED] - Browser is opened with url: ''

2022-02-13 18:58:25 - [TEST_STEP][PASSED] - navigateToUrl("http://localhost/"): Navigate to 'http://localhost/' successfully

2022-02-13 18:58:26 - [MESSAGE][PASSED] - Navigate to 'http://localhost/' successfully

2022-02-13 18:58:26 - [TEST_STEP][PASSED] - callTestCase(findTestCase("Utils/Create course CNPM"), [:], STOP_ON_FAILURE): Call Test Case 'Test Cases/Utils/Create course CNPM' successfully

2022-02-13 18:58:26 - [TEST_CASE][PASSED] - Test Cases/Utils/Create course CNPM: Test Cases/Utils/Create course CNPM

2022-02-13 18:58:26 - [TEST_STEP][PASSED] - callTestCase(findTestCase("Utils/Login as admin"), [:], STOP_ON_FAILURE): Call Test Case 'Test Cases/Utils/Login as admin' successfully

2022-02-13 18:58:27 - [TEST_CASE][PASSED] - Test Cases/Utils/Login as admin: Test Cases/Utils/Login as admin

2022-02-13 18:58:27 - [TEST_STEP][PASSED] - click(findTestObject("View course grade/Page_Local Moodle/a_Log in")): Object: 'Object Repository/View course grade/Page_Local Moodle/a_Log in' is clicked on

2022-02-13 18:58:27 - [MESSAGE][PASSED] - Object: 'Object Repository/View course grade/Page_Local Moodle/a_Log in' is clicked on

2022-02-13 18:58:27 - [TEST_STEP][PASSED] - setText(findTestObject("View course grade/Page_Local Moodle Log in to the site/input_Username_username"), "admin"): Text 'admin' is set on object 'Object Repository/View course grade/Page_Local Moodle Log in to the site/input_Username_username'

2022-02-13 18:58:29 - [MESSAGE][PASSED] - Text 'admin' is set on object 'Object Repository/View course grade/Page_Local Moodle Log in to the site/input_Username_username'

2022-02-13 18:58:29 - [TEST_STEP][PASSED] - setEncryptedText(findTestObject("View course grade/Page_Local Moodle Log in to the site/input_Password_password"), "bfAykA/oWJ09FXmiKh6lyuuLu8QhG1K5"): Text ****** has been set on object 'Object Repository/View course grade/Page_Local Moodle Log in to the site/input_Password_password'

2022-02-13 18:58:29 - [MESSAGE][PASSED] - Text ****** has been set on object 'Object Repository/View course grade/Page_Local Moodle Log in to the site/input_Password_password'

2022-02-13 18:58:29 - [TEST_STEP][PASSED] - click(findTestObject("View course grade/Page_Local Moodle Log in to the site/button_Log in")): Object: 'Object Repository/View course grade/Page_Local Moodle Log in to the site/button_Log in' is clicked on

2022-02-13 18:58:32 - [MESSAGE][PASSED] - Object: 'Object Repository/View course grade/Page_Local Moodle Log in to the site/button_Log in' is clicked on

2022-02-13 18:58:32 - [MESSAGE][PASSED] - Call Test Case 'Test Cases/Utils/Login as admin' successfully

2022-02-13 18:58:32 - [TEST_STEP][PASSED] - click(findTestObject("Object Repository/Utils/Page_Nh ca ti/span_Qun tr khu vc")): Object: 'Object Repository/Utils/Page_Nh ca ti/span_Qun tr khu vc' is clicked on

2022-02-13 18:58:36 - [MESSAGE][PASSED] - Object: 'Object Repository/Utils/Page_Nh ca ti/span_Qun tr khu vc' is clicked on

2022-02-13 18:58:36 - [TEST_STEP][PASSED] - click(findTestObject("Object Repository/Utils/Page_Moodle Khu vc qun tr Tm kim/a_Kho hc")): Object: 'Object Repository/Utils/Page_Moodle Khu vc qun tr Tm kim/a_Kho hc' is clicked on

2022-02-13 18:58:37 - [MESSAGE][PASSED] - Object: 'Object Repository/Utils/Page_Moodle Khu vc qun tr Tm kim/a_Kho hc' is clicked on

2022-02-13 18:58:37 - [TEST_STEP][PASSED] - click(findTestObject("Object Repository/Utils/Page_Moodle Khu vc qun tr Tm kim/a_Thmsa cc kho hc")): Object: 'Object Repository/Utils/Page_Moodle Khu vc qun tr Tm kim/a_Thmsa cc kho hc' is clicked on

2022-02-13 18:58:38 - [MESSAGE][PASSED] - Object: 'Object Repository/Utils/Page_Moodle Khu vc qun tr Tm kim/a_Thmsa cc kho hc' is clicked on

2022-02-13 18:58:38 - [TEST_STEP][PASSED] - click(findTestObject("Object Repository/Utils/Page_Qun l kha hc v danh mc kha hc/a_To kha hc mi")): Object: 'Object Repository/Utils/Page_Qun l kha hc v danh mc kha hc/a_To kha hc mi' is clicked on

2022-02-13 18:58:44 - [MESSAGE][INFO] - Unable to find the element located by 'By.xpath: //div[@id='yui_3_17_2_1_1641906891631_57']/div/div/a'. Please recheck the objects properties to make sure the desired element is located. 

2022-02-13 18:58:44 - [MESSAGE][WARNING] - [SELF-HEALING] Failed to find element with id 'Object Repository/Utils/Page_Qun l kha hc v danh mc kha hc/a_To kha hc mi'. Try using Self-healing.

2022-02-13 18:58:45 - [MESSAGE][WARNING] - [SELF-HEALING] The current locator of test object 'Object Repository/Utils/Page_Qun l kha hc v danh mc kha hc/a_To kha hc mi' was broken. Propose an alternative one: '//a[contains(text(),'Tạo khóa học mới')]'.

2022-02-13 18:58:46 - [MESSAGE][PASSED] - Object: 'Object Repository/Utils/Page_Qun l kha hc v danh mc kha hc/a_To kha hc mi' is clicked on

2022-02-13 18:58:46 - [TEST_STEP][PASSED] - setText(findTestObject("Object Repository/Utils/Page_Moodle Thm kho hc mi/input_Tn y_fullname"), "Nhập môn Công nghệ phần mềm"): Text 'Nhập môn Công nghệ phần mềm' is set on object 'Object Repository/Utils/Page_Moodle Thm kho hc mi/input_Tn y_fullname'

2022-02-13 18:58:48 - [MESSAGE][PASSED] - Text 'Nhập môn Công nghệ phần mềm' is set on object 'Object Repository/Utils/Page_Moodle Thm kho hc mi/input_Tn y_fullname'

2022-02-13 18:58:48 - [TEST_STEP][PASSED] - setText(findTestObject("Object Repository/Utils/Page_Moodle Thm kho hc mi/input_Tn rt gn ca kho hc_shortname"), "CNPM"): Text 'CNPM' is set on object 'Object Repository/Utils/Page_Moodle Thm kho hc mi/input_Tn rt gn ca kho hc_shortname'

2022-02-13 18:58:49 - [MESSAGE][PASSED] - Text 'CNPM' is set on object 'Object Repository/Utils/Page_Moodle Thm kho hc mi/input_Tn rt gn ca kho hc_shortname'

2022-02-13 18:58:49 - [TEST_STEP][PASSED] - click(findTestObject("Object Repository/Utils/Page_Moodle Thm kho hc mi/input__saveanddisplay")): Object: 'Object Repository/Utils/Page_Moodle Thm kho hc mi/input__saveanddisplay' is clicked on

2022-02-13 18:58:51 - [MESSAGE][PASSED] - Object: 'Object Repository/Utils/Page_Moodle Thm kho hc mi/input__saveanddisplay' is clicked on

2022-02-13 18:58:51 - [TEST_STEP][PASSED] - click(findTestObject("Object Repository/Utils/Page_CNPM Danh sch thnh vin/input_Danh sch thnh vin_btn btn-secondary my-1")): Object: 'Object Repository/Utils/Page_CNPM Danh sch thnh vin/input_Danh sch thnh vin_btn btn-secondary my-1' is clicked on

2022-02-13 18:58:52 - [MESSAGE][PASSED] - Object: 'Object Repository/Utils/Page_CNPM Danh sch thnh vin/input_Danh sch thnh vin_btn btn-secondary my-1' is clicked on

2022-02-13 18:58:52 - [TEST_STEP][PASSED] - click(findTestObject("Object Repository/Utils/Page_CNPM Danh sch thnh vin/span_")): Object: 'Object Repository/Utils/Page_CNPM Danh sch thnh vin/span_' is clicked on

2022-02-13 18:58:58 - [MESSAGE][INFO] - Unable to find the element located by 'By.xpath: //span[@id='form_autocomplete_downarrow-1641965227117']'. Please recheck the objects properties to make sure the desired element is located. 

2022-02-13 18:58:58 - [MESSAGE][WARNING] - [SELF-HEALING] Failed to find element with id 'Object Repository/Utils/Page_CNPM Danh sch thnh vin/span_'. Try using Self-healing.

2022-02-13 18:58:58 - [MESSAGE][WARNING] - [SELF-HEALING] The current locator of test object 'Object Repository/Utils/Page_CNPM Danh sch thnh vin/span_' was broken. Propose an alternative one: '//div[@id='fitem_id_userlist']/div[2]/div[3]/span'.

2022-02-13 18:58:58 - [MESSAGE][PASSED] - Object: 'Object Repository/Utils/Page_CNPM Danh sch thnh vin/span_' is clicked on

2022-02-13 18:58:58 - [TEST_STEP][PASSED] - click(findTestObject("Object Repository/Utils/Page_CNPM Danh sch thnh vin/span_Student Nguyen")): Object: 'Object Repository/Utils/Page_CNPM Danh sch thnh vin/span_Student Nguyen' is clicked on

2022-02-13 18:59:05 - [MESSAGE][INFO] - Unable to find the element located by 'By.xpath: //li[@id='form_autocomplete_suggestions-1641965227117-0']/span/span'. Please recheck the objects properties to make sure the desired element is located. 

2022-02-13 18:59:05 - [MESSAGE][WARNING] - [SELF-HEALING] Failed to find element with id 'Object Repository/Utils/Page_CNPM Danh sch thnh vin/span_Student Nguyen'. Try using Self-healing.

2022-02-13 18:59:06 - [MESSAGE][INFO] - Unable to find the element located by 'By.xpath: (.//*[normalize-space(text()) and normalize-space(.)='student1@gmail.com'])[2]/following::span[2]'. Please recheck the objects properties to make sure the desired element is located. 

2022-02-13 18:59:06 - [MESSAGE][WARNING] - [SELF-HEALING] The current locator of test object 'Object Repository/Utils/Page_CNPM Danh sch thnh vin/span_Student Nguyen' was broken. Propose an alternative one: '(.//*[normalize-space(text()) and normalize-space(.)='student@gmail.com'])[2]/preceding::span[1]'.

2022-02-13 18:59:06 - [MESSAGE][PASSED] - Object: 'Object Repository/Utils/Page_CNPM Danh sch thnh vin/span_Student Nguyen' is clicked on

2022-02-13 18:59:06 - [TEST_STEP][PASSED] - click(findTestObject("Object Repository/Utils/Page_CNPM Danh sch thnh vin/button_Ghi danh ngi dng")): Object: 'Object Repository/Utils/Page_CNPM Danh sch thnh vin/button_Ghi danh ngi dng' is clicked on

2022-02-13 18:59:13 - [MESSAGE][INFO] - Unable to find the element located by 'By.xpath: //button[@id='yui_3_17_2_1_1641965226678_264']'. Please recheck the objects properties to make sure the desired element is located. 

2022-02-13 18:59:13 - [MESSAGE][WARNING] - [SELF-HEALING] Failed to find element with id 'Object Repository/Utils/Page_CNPM Danh sch thnh vin/button_Ghi danh ngi dng'. Try using Self-healing.

2022-02-13 18:59:13 - [MESSAGE][WARNING] - [SELF-HEALING] The current locator of test object 'Object Repository/Utils/Page_CNPM Danh sch thnh vin/button_Ghi danh ngi dng' was broken. Propose an alternative one: '(.//*[normalize-space(text()) and normalize-space(.)='Phút'])[1]/following::button[1]'.

2022-02-13 18:59:13 - [MESSAGE][PASSED] - Object: 'Object Repository/Utils/Page_CNPM Danh sch thnh vin/button_Ghi danh ngi dng' is clicked on

2022-02-13 18:59:13 - [TEST_STEP][PASSED] - click(findTestObject("Object Repository/Utils/Page_CNPM Danh sch thnh vin/input_Danh sch thnh vin_btn btn-secondary my-1")): Object: 'Object Repository/Utils/Page_CNPM Danh sch thnh vin/input_Danh sch thnh vin_btn btn-secondary my-1' is clicked on

2022-02-13 18:59:14 - [MESSAGE][PASSED] - Object: 'Object Repository/Utils/Page_CNPM Danh sch thnh vin/input_Danh sch thnh vin_btn btn-secondary my-1' is clicked on

2022-02-13 18:59:14 - [TEST_STEP][PASSED] - selectOptionByValue(findTestObject("Object Repository/Create course/Page_CNPM Danh sch thnh vin/select_Ngi qun l            Gio vin        _4311d9"), "3", true): All options with value '3' are selected in object 'Object Repository/Create course/Page_CNPM Danh sch thnh vin/select_Ngi qun l            Gio vin        _4311d9'  using regular expression

2022-02-13 18:59:17 - [MESSAGE][PASSED] - All options with value '3' are selected in object 'Object Repository/Create course/Page_CNPM Danh sch thnh vin/select_Ngi qun l            Gio vin        _4311d9'  using regular expression

2022-02-13 18:59:17 - [TEST_STEP][PASSED] - click(findTestObject("Object Repository/Utils/Page_CNPM Danh sch thnh vin/span_")): Object: 'Object Repository/Utils/Page_CNPM Danh sch thnh vin/span_' is clicked on

2022-02-13 18:59:23 - [MESSAGE][INFO] - Unable to find the element located by 'By.xpath: //span[@id='form_autocomplete_downarrow-1641965227117']'. Please recheck the objects properties to make sure the desired element is located. 

2022-02-13 18:59:23 - [MESSAGE][WARNING] - [SELF-HEALING] Failed to find element with id 'Object Repository/Utils/Page_CNPM Danh sch thnh vin/span_'. Try using Self-healing.

2022-02-13 18:59:23 - [MESSAGE][WARNING] - [SELF-HEALING] The current locator of test object 'Object Repository/Utils/Page_CNPM Danh sch thnh vin/span_' was broken. Propose an alternative one: '//div[@id='fitem_id_userlist']/div[2]/div[3]/span'.

2022-02-13 18:59:23 - [MESSAGE][PASSED] - Object: 'Object Repository/Utils/Page_CNPM Danh sch thnh vin/span_' is clicked on

2022-02-13 18:59:23 - [TEST_STEP][PASSED] - click(findTestObject("Object Repository/Create course/Page_CNPM Danh sch thnh vin/span_Nguyen Van A")): Object: 'Object Repository/Create course/Page_CNPM Danh sch thnh vin/span_Nguyen Van A' is clicked on

2022-02-13 18:59:30 - [MESSAGE][INFO] - Unable to find the element located by 'By.xpath: //li[@id='form_autocomplete_suggestions-1642350427588-0']/span/span'. Please recheck the objects properties to make sure the desired element is located. 

2022-02-13 18:59:30 - [MESSAGE][WARNING] - [SELF-HEALING] Failed to find element with id 'Object Repository/Create course/Page_CNPM Danh sch thnh vin/span_Nguyen Van A'. Try using Self-healing.

2022-02-13 18:59:30 - [MESSAGE][WARNING] - [SELF-HEALING] The current locator of test object 'Object Repository/Create course/Page_CNPM Danh sch thnh vin/span_Nguyen Van A' was broken. Propose an alternative one: '(.//*[normalize-space(text()) and normalize-space(.)='▼'])[1]/following::span[2]'.

2022-02-13 18:59:30 - [MESSAGE][PASSED] - Object: 'Object Repository/Create course/Page_CNPM Danh sch thnh vin/span_Nguyen Van A' is clicked on

2022-02-13 18:59:30 - [TEST_STEP][PASSED] - click(findTestObject("Object Repository/Create course/Page_CNPM Danh sch thnh vin/button_Ghi danh ngi dng_1")): Object: 'Object Repository/Create course/Page_CNPM Danh sch thnh vin/button_Ghi danh ngi dng_1' is clicked on

2022-02-13 18:59:37 - [MESSAGE][INFO] - Unable to find the element located by 'By.xpath: //button[@id='yui_3_17_2_1_1642348738650_377']'. Please recheck the objects properties to make sure the desired element is located. 

2022-02-13 18:59:37 - [MESSAGE][WARNING] - [SELF-HEALING] Failed to find element with id 'Object Repository/Create course/Page_CNPM Danh sch thnh vin/button_Ghi danh ngi dng_1'. Try using Self-healing.

2022-02-13 18:59:37 - [MESSAGE][WARNING] - [SELF-HEALING] The current locator of test object 'Object Repository/Create course/Page_CNPM Danh sch thnh vin/button_Ghi danh ngi dng_1' was broken. Propose an alternative one: '(.//*[normalize-space(text()) and normalize-space(.)='Phút'])[1]/following::button[1]'.

2022-02-13 18:59:37 - [MESSAGE][PASSED] - Object: 'Object Repository/Create course/Page_CNPM Danh sch thnh vin/button_Ghi danh ngi dng_1' is clicked on

2022-02-13 18:59:37 - [TEST_STEP][PASSED] - click(findTestObject("Object Repository/Utils/Page_CNPM Danh sch thnh vin/span_CNPM")): Object: 'Object Repository/Utils/Page_CNPM Danh sch thnh vin/span_CNPM' is clicked on

2022-02-13 18:59:39 - [MESSAGE][PASSED] - Object: 'Object Repository/Utils/Page_CNPM Danh sch thnh vin/span_CNPM' is clicked on

2022-02-13 18:59:39 - [TEST_STEP][PASSED] - click(findTestObject("Create folder and quiz/Page_CNPM Danh sch thnh vin/a_Qun tr Thnh vin")): Object: 'Object Repository/Create folder and quiz/Page_CNPM Danh sch thnh vin/a_Qun tr Thnh vin' is clicked on

2022-02-13 18:59:39 - [MESSAGE][PASSED] - Object: 'Object Repository/Create folder and quiz/Page_CNPM Danh sch thnh vin/a_Qun tr Thnh vin' is clicked on

2022-02-13 18:59:39 - [TEST_STEP][PASSED] - click(findTestObject("Create folder and quiz/Page_CNPM Danh sch thnh vin/span_Thot")): Object: 'Object Repository/Create folder and quiz/Page_CNPM Danh sch thnh vin/span_Thot' is clicked on

2022-02-13 18:59:41 - [MESSAGE][PASSED] - Object: 'Object Repository/Create folder and quiz/Page_CNPM Danh sch thnh vin/span_Thot' is clicked on

2022-02-13 18:59:41 - [MESSAGE][INFO] - 

2022-02-13 18:59:41 - [MESSAGE][INFO] - ===================== Self-healing Report ====================

2022-02-13 18:59:41 - [MESSAGE][INFO] - One of the failed test object locators has been recovered by Self-healing. Please refer to the Self-healing Insights tab for more details.

2022-02-13 18:59:41 - [MESSAGE][INFO] - To learn more about Self-healing, please read https://docs.katalon.com/katalon-studio/docs/self-healing.html

2022-02-13 18:59:41 - [MESSAGE][INFO] - ==============================================================

2022-02-13 18:59:41 - [MESSAGE][PASSED] - Call Test Case 'Test Cases/Utils/Create course CNPM' successfully

2022-02-13 18:59:41 - [TEST_STEP][PASSED] - callTestCase(findTestCase("Utils/Login as teacher"), [:], STOP_ON_FAILURE): Call Test Case 'Test Cases/Utils/Login as teacher' successfully

2022-02-13 18:59:41 - [TEST_CASE][PASSED] - Test Cases/Utils/Login as teacher: Test Cases/Utils/Login as teacher

2022-02-13 18:59:41 - [TEST_STEP][PASSED] - click(findTestObject("Create folder and quiz/Page_Local Moodle/a_Log in")): Object: 'Object Repository/Create folder and quiz/Page_Local Moodle/a_Log in' is clicked on

2022-02-13 18:59:42 - [MESSAGE][PASSED] - Object: 'Object Repository/Create folder and quiz/Page_Local Moodle/a_Log in' is clicked on

2022-02-13 18:59:42 - [TEST_STEP][PASSED] - setText(findTestObject("Object Repository/Create course/Page_New Moodle Site Log in to the site/input_Username_username"), "hs01"): Text 'hs01' is set on object 'Object Repository/Create course/Page_New Moodle Site Log in to the site/input_Username_username'

2022-02-13 18:59:43 - [MESSAGE][PASSED] - Text 'hs01' is set on object 'Object Repository/Create course/Page_New Moodle Site Log in to the site/input_Username_username'

2022-02-13 18:59:43 - [TEST_STEP][PASSED] - setEncryptedText(findTestObject("Object Repository/Create course/Page_New Moodle Site Log in to the site/input_Password_password"), "o5TCnEIIWq2SeGQhIMNXLQ=="): Text ****** has been set on object 'Object Repository/Create course/Page_New Moodle Site Log in to the site/input_Password_password'

2022-02-13 18:59:44 - [MESSAGE][PASSED] - Text ****** has been set on object 'Object Repository/Create course/Page_New Moodle Site Log in to the site/input_Password_password'

2022-02-13 18:59:44 - [TEST_STEP][PASSED] - click(findTestObject("Create folder and quiz/Page_Local Moodle Log in to the site/button_Log in")): Object: 'Object Repository/Create folder and quiz/Page_Local Moodle Log in to the site/button_Log in' is clicked on

2022-02-13 18:59:47 - [MESSAGE][PASSED] - Object: 'Object Repository/Create folder and quiz/Page_Local Moodle Log in to the site/button_Log in' is clicked on

2022-02-13 18:59:47 - [MESSAGE][INFO] - 

2022-02-13 18:59:47 - [MESSAGE][INFO] - ===================== Self-healing Report ====================

2022-02-13 18:59:47 - [MESSAGE][INFO] - One of the failed test object locators has been recovered by Self-healing. Please refer to the Self-healing Insights tab for more details.

2022-02-13 18:59:47 - [MESSAGE][INFO] - To learn more about Self-healing, please read https://docs.katalon.com/katalon-studio/docs/self-healing.html

2022-02-13 18:59:47 - [MESSAGE][INFO] - ==============================================================

2022-02-13 18:59:47 - [MESSAGE][PASSED] - Call Test Case 'Test Cases/Utils/Login as teacher' successfully

2022-02-13 18:59:47 - [TEST_STEP][PASSED] - click(findTestObject("Object Repository/Create folder and quiz/Page_Nh ca ti/span_Trang ch h thng")): Object: 'Object Repository/Create folder and quiz/Page_Nh ca ti/span_Trang ch h thng' is clicked on

2022-02-13 18:59:49 - [MESSAGE][PASSED] - Object: 'Object Repository/Create folder and quiz/Page_Nh ca ti/span_Trang ch h thng' is clicked on

2022-02-13 18:59:49 - [TEST_STEP][PASSED] - click(findTestObject("Object Repository/Create folder and quiz/Page_New Moodle Site/a_Nhp mn Cng ngh phn mm")): Object: 'Object Repository/Create folder and quiz/Page_New Moodle Site/a_Nhp mn Cng ngh phn mm' is clicked on

2022-02-13 18:59:50 - [MESSAGE][PASSED] - Object: 'Object Repository/Create folder and quiz/Page_New Moodle Site/a_Nhp mn Cng ngh phn mm' is clicked on

2022-02-13 18:59:50 - [TEST_STEP][PASSED] - click(findTestObject("Object Repository/Create folder and quiz/Page_Kha Nhp mn Cng ngh phn mm/button_Bt ch  chnh sa")): Object: 'Object Repository/Create folder and quiz/Page_Kha Nhp mn Cng ngh phn mm/button_Bt ch  chnh sa' is clicked on

2022-02-13 18:59:56 - [MESSAGE][INFO] - Unable to find the element located by 'By.xpath: //button[@id='single_button61e44f855865c1']'. Please recheck the objects properties to make sure the desired element is located. 

2022-02-13 18:59:56 - [MESSAGE][WARNING] - [SELF-HEALING] Failed to find element with id 'Object Repository/Create folder and quiz/Page_Kha Nhp mn Cng ngh phn mm/button_Bt ch  chnh sa'. Try using Self-healing.

2022-02-13 18:59:57 - [MESSAGE][WARNING] - [SELF-HEALING] The current locator of test object 'Object Repository/Create folder and quiz/Page_Kha Nhp mn Cng ngh phn mm/button_Bt ch  chnh sa' was broken. Propose an alternative one: '(.//*[normalize-space(text()) and normalize-space(.)='Các khoá học của tôi'])[2]/following::button[1]'.

2022-02-13 18:59:57 - [MESSAGE][PASSED] - Object: 'Object Repository/Create folder and quiz/Page_Kha Nhp mn Cng ngh phn mm/button_Bt ch  chnh sa' is clicked on

2022-02-13 18:59:57 - [TEST_STEP][PASSED] - click(findTestObject("Object Repository/Create folder and quiz/Page_Kha Nhp mn Cng ngh phn mm/span_Thm hot ng hoc ti nguyn")): Object: 'Object Repository/Create folder and quiz/Page_Kha Nhp mn Cng ngh phn mm/span_Thm hot ng hoc ti nguyn' is clicked on

2022-02-13 19:00:04 - [MESSAGE][INFO] - Unable to find the element located by 'By.xpath: //*[@id = 'yui_3_17_2_1_1642352521094_616' and (text() = 'Thêm hoạt động hoặc tài nguyên' or . = 'Thêm hoạt động hoặc tài nguyên')]'. Please recheck the objects properties to make sure the desired element is located. 

2022-02-13 19:00:04 - [MESSAGE][WARNING] - [SELF-HEALING] Failed to find element with id 'Object Repository/Create folder and quiz/Page_Kha Nhp mn Cng ngh phn mm/span_Thm hot ng hoc ti nguyn'. Try using Self-healing.

2022-02-13 19:00:04 - [MESSAGE][WARNING] - [SELF-HEALING] The current locator of test object 'Object Repository/Create folder and quiz/Page_Kha Nhp mn Cng ngh phn mm/span_Thm hot ng hoc ti nguyn' was broken. Propose an alternative one: '(.//*[normalize-space(text()) and normalize-space(.)='Chủ đề 1'])[2]/following::span[3]'.

2022-02-13 19:00:04 - [MESSAGE][PASSED] - Object: 'Object Repository/Create folder and quiz/Page_Kha Nhp mn Cng ngh phn mm/span_Thm hot ng hoc ti nguyn' is clicked on

2022-02-13 19:00:04 - [TEST_STEP][PASSED] - click(findTestObject("Create folder and quiz/Page_Kha Nhp mn Cng ngh phn mm/div_Thng tin v  Trang hot ng_optionicon mt-_99da1e")): Object: 'Object Repository/Create folder and quiz/Page_Kha Nhp mn Cng ngh phn mm/div_Thng tin v  Trang hot ng_optionicon mt-_99da1e' is clicked on

2022-02-13 19:00:08 - [MESSAGE][PASSED] - Object: 'Object Repository/Create folder and quiz/Page_Kha Nhp mn Cng ngh phn mm/div_Thng tin v  Trang hot ng_optionicon mt-_99da1e' is clicked on

2022-02-13 19:00:08 - [TEST_STEP][PASSED] - click(findTestObject("Create folder and quiz/Page_Bin son Trc nghim/input_Upon activity completion_submitbutton")): Object: 'Object Repository/Create folder and quiz/Page_Bin son Trc nghim/input_Upon activity completion_submitbutton' is clicked on

2022-02-13 19:00:09 - [MESSAGE][PASSED] - Object: 'Object Repository/Create folder and quiz/Page_Bin son Trc nghim/input_Upon activity completion_submitbutton' is clicked on

2022-02-13 19:00:09 - [TEST_STEP][PASSED] - verifyElementText(findTestObject("Create folder and quiz/Page_Bin son Trc nghim/div_- You must supply a value here"), "- You must supply a value here."): Actual text and expected text of test object 'Object Repository/Create folder and quiz/Page_Bin son Trc nghim/div_- You must supply a value here' are matched.

2022-02-13 19:00:09 - [MESSAGE][PASSED] - Actual text and expected text of test object 'Object Repository/Create folder and quiz/Page_Bin son Trc nghim/div_- You must supply a value here' are matched.

2022-02-13 19:00:09 - [TEST_STEP][PASSED] - click(findTestObject("Object Repository/Create course/Page_Nh ca ti/a_Nguyen Van A")): Object: 'Object Repository/Create course/Page_Nh ca ti/a_Nguyen Van A' is clicked on

2022-02-13 19:00:10 - [MESSAGE][PASSED] - Object: 'Object Repository/Create course/Page_Nh ca ti/a_Nguyen Van A' is clicked on

2022-02-13 19:00:10 - [TEST_STEP][PASSED] - click(findTestObject("Object Repository/Create course/Page_Nh ca ti/span_Thot")): Object: 'Object Repository/Create course/Page_Nh ca ti/span_Thot' is clicked on

2022-02-13 19:00:11 - [MESSAGE][PASSED] - Object: 'Object Repository/Create course/Page_Nh ca ti/span_Thot' is clicked on

2022-02-13 19:00:11 - [TEST_STEP][PASSED] - callTestCase(findTestCase("Utils/Delete course CNPM"), [:], STOP_ON_FAILURE): Call Test Case 'Test Cases/Utils/Delete course CNPM' successfully

2022-02-13 19:00:11 - [TEST_CASE][PASSED] - Test Cases/Utils/Delete course CNPM: Test Cases/Utils/Delete course CNPM

2022-02-13 19:00:11 - [TEST_STEP][PASSED] - callTestCase(findTestCase("Utils/Login as admin"), [:], STOP_ON_FAILURE): Call Test Case 'Test Cases/Utils/Login as admin' successfully

2022-02-13 19:00:11 - [TEST_CASE][PASSED] - Test Cases/Utils/Login as admin: Test Cases/Utils/Login as admin

2022-02-13 19:00:11 - [TEST_STEP][PASSED] - click(findTestObject("View course grade/Page_Local Moodle/a_Log in")): Object: 'Object Repository/View course grade/Page_Local Moodle/a_Log in' is clicked on

2022-02-13 19:00:12 - [MESSAGE][PASSED] - Object: 'Object Repository/View course grade/Page_Local Moodle/a_Log in' is clicked on

2022-02-13 19:00:12 - [TEST_STEP][PASSED] - setText(findTestObject("View course grade/Page_Local Moodle Log in to the site/input_Username_username"), "admin"): Text 'admin' is set on object 'Object Repository/View course grade/Page_Local Moodle Log in to the site/input_Username_username'

2022-02-13 19:00:13 - [MESSAGE][PASSED] - Text 'admin' is set on object 'Object Repository/View course grade/Page_Local Moodle Log in to the site/input_Username_username'

2022-02-13 19:00:13 - [TEST_STEP][PASSED] - setEncryptedText(findTestObject("View course grade/Page_Local Moodle Log in to the site/input_Password_password"), "bfAykA/oWJ09FXmiKh6lyuuLu8QhG1K5"): Text ****** has been set on object 'Object Repository/View course grade/Page_Local Moodle Log in to the site/input_Password_password'

2022-02-13 19:00:14 - [MESSAGE][PASSED] - Text ****** has been set on object 'Object Repository/View course grade/Page_Local Moodle Log in to the site/input_Password_password'

2022-02-13 19:00:14 - [TEST_STEP][PASSED] - click(findTestObject("View course grade/Page_Local Moodle Log in to the site/button_Log in")): Object: 'Object Repository/View course grade/Page_Local Moodle Log in to the site/button_Log in' is clicked on

2022-02-13 19:00:17 - [MESSAGE][PASSED] - Object: 'Object Repository/View course grade/Page_Local Moodle Log in to the site/button_Log in' is clicked on

2022-02-13 19:00:17 - [MESSAGE][INFO] - 

2022-02-13 19:00:17 - [MESSAGE][INFO] - ===================== Self-healing Report ====================

2022-02-13 19:00:17 - [MESSAGE][INFO] - One of the failed test object locators has been recovered by Self-healing. Please refer to the Self-healing Insights tab for more details.

2022-02-13 19:00:17 - [MESSAGE][INFO] - To learn more about Self-healing, please read https://docs.katalon.com/katalon-studio/docs/self-healing.html

2022-02-13 19:00:17 - [MESSAGE][INFO] - ==============================================================

2022-02-13 19:00:17 - [MESSAGE][PASSED] - Call Test Case 'Test Cases/Utils/Login as admin' successfully

2022-02-13 19:00:17 - [TEST_STEP][PASSED] - click(findTestObject("Object Repository/Create course/Page_Nh ca ti/span_Qun tr khu vc")): Object: 'Object Repository/Create course/Page_Nh ca ti/span_Qun tr khu vc' is clicked on

2022-02-13 19:00:21 - [MESSAGE][PASSED] - Object: 'Object Repository/Create course/Page_Nh ca ti/span_Qun tr khu vc' is clicked on

2022-02-13 19:00:21 - [TEST_STEP][PASSED] - click(findTestObject("Object Repository/Create course/Page_Moodle Khu vc qun tr Tm kim/a_Kho hc")): Object: 'Object Repository/Create course/Page_Moodle Khu vc qun tr Tm kim/a_Kho hc' is clicked on

2022-02-13 19:00:21 - [MESSAGE][PASSED] - Object: 'Object Repository/Create course/Page_Moodle Khu vc qun tr Tm kim/a_Kho hc' is clicked on

2022-02-13 19:00:21 - [TEST_STEP][PASSED] - click(findTestObject("Object Repository/Create course/Page_Moodle Khu vc qun tr Tm kim/a_Thmsa cc kho hc")): Object: 'Object Repository/Create course/Page_Moodle Khu vc qun tr Tm kim/a_Thmsa cc kho hc' is clicked on

2022-02-13 19:00:23 - [MESSAGE][PASSED] - Object: 'Object Repository/Create course/Page_Moodle Khu vc qun tr Tm kim/a_Thmsa cc kho hc' is clicked on

2022-02-13 19:00:23 - [TEST_STEP][PASSED] - click(findTestObject("Object Repository/Create course/Page_Qun l kha hc v danh mc kha hc/div_La chn hnh ng hng lot Nhp mn Cng ngh ph_52747d")): Object: 'Object Repository/Create course/Page_Qun l kha hc v danh mc kha hc/div_La chn hnh ng hng lot Nhp mn Cng ngh ph_52747d' is clicked on

2022-02-13 19:00:29 - [MESSAGE][INFO] - Unable to find the element located by 'By.xpath: //div[@id='yui_3_17_2_1_1641378024996_198']'. Please recheck the objects properties to make sure the desired element is located. 

2022-02-13 19:00:29 - [MESSAGE][WARNING] - [SELF-HEALING] Failed to find element with id 'Object Repository/Create course/Page_Qun l kha hc v danh mc kha hc/div_La chn hnh ng hng lot Nhp mn Cng ngh ph_52747d'. Try using Self-healing.

2022-02-13 19:00:30 - [MESSAGE][WARNING] - [SELF-HEALING] The current locator of test object 'Object Repository/Create course/Page_Qun l kha hc v danh mc kha hc/div_La chn hnh ng hng lot Nhp mn Cng ngh ph_52747d' was broken. Propose an alternative one: '(.//*[normalize-space(text()) and normalize-space(.)='Tất cả'])[1]/following::div[1]'.

2022-02-13 19:00:31 - [MESSAGE][PASSED] - Object: 'Object Repository/Create course/Page_Qun l kha hc v danh mc kha hc/div_La chn hnh ng hng lot Nhp mn Cng ngh ph_52747d' is clicked on

2022-02-13 19:00:31 - [TEST_STEP][PASSED] - click(findTestObject("Object Repository/Create course/Page_Qun l kha hc v danh mc kha hc/a_Nhp mn Cng ngh phn mm")): Object: 'Object Repository/Create course/Page_Qun l kha hc v danh mc kha hc/a_Nhp mn Cng ngh phn mm' is clicked on

2022-02-13 19:00:37 - [MESSAGE][INFO] - Unable to find the element located by 'By.xpath: //a[@id='yui_3_17_2_1_1641378024996_202']'. Please recheck the objects properties to make sure the desired element is located. 

2022-02-13 19:00:37 - [MESSAGE][WARNING] - [SELF-HEALING] Failed to find element with id 'Object Repository/Create course/Page_Qun l kha hc v danh mc kha hc/a_Nhp mn Cng ngh phn mm'. Try using Self-healing.

2022-02-13 19:00:38 - [MESSAGE][WARNING] - [SELF-HEALING] The current locator of test object 'Object Repository/Create course/Page_Qun l kha hc v danh mc kha hc/a_Nhp mn Cng ngh phn mm' was broken. Propose an alternative one: '//a[contains(text(),'Nhập môn Công nghệ phần mềm')]'.

2022-02-13 19:00:39 - [MESSAGE][PASSED] - Object: 'Object Repository/Create course/Page_Qun l kha hc v danh mc kha hc/a_Nhp mn Cng ngh phn mm' is clicked on

2022-02-13 19:00:39 - [TEST_STEP][PASSED] - click(findTestObject("Object Repository/Create course/Page_Qun l kha hc v danh mc kha hc/a_Xo")): Object: 'Object Repository/Create course/Page_Qun l kha hc v danh mc kha hc/a_Xo' is clicked on

2022-02-13 19:00:45 - [MESSAGE][INFO] - Unable to find the element located by 'By.xpath: //a[@id='action_link61d570ff7b02a61']'. Please recheck the objects properties to make sure the desired element is located. 

2022-02-13 19:00:45 - [MESSAGE][WARNING] - [SELF-HEALING] Failed to find element with id 'Object Repository/Create course/Page_Qun l kha hc v danh mc kha hc/a_Xo'. Try using Self-healing.

2022-02-13 19:00:45 - [MESSAGE][WARNING] - [SELF-HEALING] The current locator of test object 'Object Repository/Create course/Page_Qun l kha hc v danh mc kha hc/a_Xo' was broken. Propose an alternative one: '//div[@id='course-detail']/div/div[2]/div/a[4]'.

2022-02-13 19:00:46 - [MESSAGE][PASSED] - Object: 'Object Repository/Create course/Page_Qun l kha hc v danh mc kha hc/a_Xo' is clicked on

2022-02-13 19:00:46 - [TEST_STEP][PASSED] - click(findTestObject("Object Repository/Create course/Page_Moodle Xo CNPM/button_Xo")): Object: 'Object Repository/Create course/Page_Moodle Xo CNPM/button_Xo' is clicked on

2022-02-13 19:00:53 - [MESSAGE][INFO] - Unable to find the element located by 'By.xpath: //button[@id='single_button61dfb22f3a4de19']'. Please recheck the objects properties to make sure the desired element is located. 

2022-02-13 19:00:53 - [MESSAGE][WARNING] - [SELF-HEALING] Failed to find element with id 'Object Repository/Create course/Page_Moodle Xo CNPM/button_Xo'. Try using Self-healing.

2022-02-13 19:00:53 - [MESSAGE][WARNING] - [SELF-HEALING] The current locator of test object 'Object Repository/Create course/Page_Moodle Xo CNPM/button_Xo' was broken. Propose an alternative one: '//div[@id='modal-footer']/div/div/form/button'.

2022-02-13 19:00:55 - [MESSAGE][PASSED] - Object: 'Object Repository/Create course/Page_Moodle Xo CNPM/button_Xo' is clicked on

2022-02-13 19:00:55 - [TEST_STEP][PASSED] - click(findTestObject("Object Repository/Create course/Page_Moodle Xo CNPM/button_Tip tc")): Object: 'Object Repository/Create course/Page_Moodle Xo CNPM/button_Tip tc' is clicked on

2022-02-13 19:01:02 - [MESSAGE][INFO] - Unable to find the element located by 'By.xpath: //button[@id='single_button61d571098d12119']'. Please recheck the objects properties to make sure the desired element is located. 

2022-02-13 19:01:02 - [MESSAGE][WARNING] - [SELF-HEALING] Failed to find element with id 'Object Repository/Create course/Page_Moodle Xo CNPM/button_Tip tc'. Try using Self-healing.

2022-02-13 19:01:02 - [MESSAGE][WARNING] - [SELF-HEALING] The current locator of test object 'Object Repository/Create course/Page_Moodle Xo CNPM/button_Tip tc' was broken. Propose an alternative one: '(.//*[normalize-space(text()) and normalize-space(.)='CNPM đã được xoá hoàn toàn'])[1]/following::button[1]'.

2022-02-13 19:01:03 - [MESSAGE][PASSED] - Object: 'Object Repository/Create course/Page_Moodle Xo CNPM/button_Tip tc' is clicked on

2022-02-13 19:01:03 - [MESSAGE][INFO] - 

2022-02-13 19:01:03 - [MESSAGE][INFO] - ===================== Self-healing Report ====================

2022-02-13 19:01:03 - [MESSAGE][INFO] - One of the failed test object locators has been recovered by Self-healing. Please refer to the Self-healing Insights tab for more details.

2022-02-13 19:01:03 - [MESSAGE][INFO] - To learn more about Self-healing, please read https://docs.katalon.com/katalon-studio/docs/self-healing.html

2022-02-13 19:01:03 - [MESSAGE][INFO] - ==============================================================

2022-02-13 19:01:03 - [MESSAGE][PASSED] - Call Test Case 'Test Cases/Utils/Delete course CNPM' successfully

2022-02-13 19:01:03 - [TEST_STEP][PASSED] - closeBrowser(): Browser is closed

2022-02-13 19:01:04 - [MESSAGE][PASSED] - Browser is closed]]></system-out>
         <system-err><![CDATA[]]></system-err>
      </testcase>
      <testcase name="Test Cases/Create folder and quiz/Create quiz" time="313.049" classname="Test Cases/Create folder and quiz/Create quiz" status="PASSED">
         <system-out><![CDATA[2022-02-13 19:01:04 - [TEST_CASE][PASSED] - Test Cases/Create folder and quiz/Create quiz: Test Cases/Create folder and quiz/Create quiz

2022-02-13 19:01:05 - [TEST_STEP][PASSED] - openBrowser(""): Browser is opened with url: ''

2022-02-13 19:01:05 - [MESSAGE][INFO] - Starting 'Edge Chromium' driver

2022-02-13 19:01:07 - [MESSAGE][INFO] - Action delay is set to 0 milliseconds

2022-02-13 19:01:08 - [MESSAGE][PASSED] - Browser is opened with url: ''

2022-02-13 19:01:08 - [TEST_STEP][PASSED] - navigateToUrl("http://localhost/"): Navigate to 'http://localhost/' successfully

2022-02-13 19:01:09 - [MESSAGE][PASSED] - Navigate to 'http://localhost/' successfully

2022-02-13 19:01:09 - [TEST_STEP][PASSED] - callTestCase(findTestCase("Utils/Create course CNPM"), [:], STOP_ON_FAILURE): Call Test Case 'Test Cases/Utils/Create course CNPM' successfully

2022-02-13 19:01:09 - [TEST_CASE][PASSED] - Test Cases/Utils/Create course CNPM: Test Cases/Utils/Create course CNPM

2022-02-13 19:01:09 - [TEST_STEP][PASSED] - callTestCase(findTestCase("Utils/Login as admin"), [:], STOP_ON_FAILURE): Call Test Case 'Test Cases/Utils/Login as admin' successfully

2022-02-13 19:01:09 - [TEST_CASE][PASSED] - Test Cases/Utils/Login as admin: Test Cases/Utils/Login as admin

2022-02-13 19:01:09 - [TEST_STEP][PASSED] - click(findTestObject("View course grade/Page_Local Moodle/a_Log in")): Object: 'Object Repository/View course grade/Page_Local Moodle/a_Log in' is clicked on

2022-02-13 19:01:10 - [MESSAGE][PASSED] - Object: 'Object Repository/View course grade/Page_Local Moodle/a_Log in' is clicked on

2022-02-13 19:01:10 - [TEST_STEP][PASSED] - setText(findTestObject("View course grade/Page_Local Moodle Log in to the site/input_Username_username"), "admin"): Text 'admin' is set on object 'Object Repository/View course grade/Page_Local Moodle Log in to the site/input_Username_username'

2022-02-13 19:01:11 - [MESSAGE][PASSED] - Text 'admin' is set on object 'Object Repository/View course grade/Page_Local Moodle Log in to the site/input_Username_username'

2022-02-13 19:01:11 - [TEST_STEP][PASSED] - setEncryptedText(findTestObject("View course grade/Page_Local Moodle Log in to the site/input_Password_password"), "bfAykA/oWJ09FXmiKh6lyuuLu8QhG1K5"): Text ****** has been set on object 'Object Repository/View course grade/Page_Local Moodle Log in to the site/input_Password_password'

2022-02-13 19:01:12 - [MESSAGE][PASSED] - Text ****** has been set on object 'Object Repository/View course grade/Page_Local Moodle Log in to the site/input_Password_password'

2022-02-13 19:01:12 - [TEST_STEP][PASSED] - click(findTestObject("View course grade/Page_Local Moodle Log in to the site/button_Log in")): Object: 'Object Repository/View course grade/Page_Local Moodle Log in to the site/button_Log in' is clicked on

2022-02-13 19:01:16 - [MESSAGE][PASSED] - Object: 'Object Repository/View course grade/Page_Local Moodle Log in to the site/button_Log in' is clicked on

2022-02-13 19:01:16 - [MESSAGE][PASSED] - Call Test Case 'Test Cases/Utils/Login as admin' successfully

2022-02-13 19:01:16 - [TEST_STEP][PASSED] - click(findTestObject("Object Repository/Utils/Page_Nh ca ti/span_Qun tr khu vc")): Object: 'Object Repository/Utils/Page_Nh ca ti/span_Qun tr khu vc' is clicked on

2022-02-13 19:01:20 - [MESSAGE][PASSED] - Object: 'Object Repository/Utils/Page_Nh ca ti/span_Qun tr khu vc' is clicked on

2022-02-13 19:01:20 - [TEST_STEP][PASSED] - click(findTestObject("Object Repository/Utils/Page_Moodle Khu vc qun tr Tm kim/a_Kho hc")): Object: 'Object Repository/Utils/Page_Moodle Khu vc qun tr Tm kim/a_Kho hc' is clicked on

2022-02-13 19:01:20 - [MESSAGE][PASSED] - Object: 'Object Repository/Utils/Page_Moodle Khu vc qun tr Tm kim/a_Kho hc' is clicked on

2022-02-13 19:01:20 - [TEST_STEP][PASSED] - click(findTestObject("Object Repository/Utils/Page_Moodle Khu vc qun tr Tm kim/a_Thmsa cc kho hc")): Object: 'Object Repository/Utils/Page_Moodle Khu vc qun tr Tm kim/a_Thmsa cc kho hc' is clicked on

2022-02-13 19:01:22 - [MESSAGE][PASSED] - Object: 'Object Repository/Utils/Page_Moodle Khu vc qun tr Tm kim/a_Thmsa cc kho hc' is clicked on

2022-02-13 19:01:22 - [TEST_STEP][PASSED] - click(findTestObject("Object Repository/Utils/Page_Qun l kha hc v danh mc kha hc/a_To kha hc mi")): Object: 'Object Repository/Utils/Page_Qun l kha hc v danh mc kha hc/a_To kha hc mi' is clicked on

2022-02-13 19:01:29 - [MESSAGE][INFO] - Unable to find the element located by 'By.xpath: //div[@id='yui_3_17_2_1_1641906891631_57']/div/div/a'. Please recheck the objects properties to make sure the desired element is located. 

2022-02-13 19:01:29 - [MESSAGE][WARNING] - [SELF-HEALING] Failed to find element with id 'Object Repository/Utils/Page_Qun l kha hc v danh mc kha hc/a_To kha hc mi'. Try using Self-healing.

2022-02-13 19:01:29 - [MESSAGE][WARNING] - [SELF-HEALING] The current locator of test object 'Object Repository/Utils/Page_Qun l kha hc v danh mc kha hc/a_To kha hc mi' was broken. Propose an alternative one: '//a[contains(text(),'Tạo khóa học mới')]'.

2022-02-13 19:01:30 - [MESSAGE][PASSED] - Object: 'Object Repository/Utils/Page_Qun l kha hc v danh mc kha hc/a_To kha hc mi' is clicked on

2022-02-13 19:01:30 - [TEST_STEP][PASSED] - setText(findTestObject("Object Repository/Utils/Page_Moodle Thm kho hc mi/input_Tn y_fullname"), "Nhập môn Công nghệ phần mềm"): Text 'Nhập môn Công nghệ phần mềm' is set on object 'Object Repository/Utils/Page_Moodle Thm kho hc mi/input_Tn y_fullname'

2022-02-13 19:01:32 - [MESSAGE][PASSED] - Text 'Nhập môn Công nghệ phần mềm' is set on object 'Object Repository/Utils/Page_Moodle Thm kho hc mi/input_Tn y_fullname'

2022-02-13 19:01:32 - [TEST_STEP][PASSED] - setText(findTestObject("Object Repository/Utils/Page_Moodle Thm kho hc mi/input_Tn rt gn ca kho hc_shortname"), "CNPM"): Text 'CNPM' is set on object 'Object Repository/Utils/Page_Moodle Thm kho hc mi/input_Tn rt gn ca kho hc_shortname'

2022-02-13 19:01:33 - [MESSAGE][PASSED] - Text 'CNPM' is set on object 'Object Repository/Utils/Page_Moodle Thm kho hc mi/input_Tn rt gn ca kho hc_shortname'

2022-02-13 19:01:33 - [TEST_STEP][PASSED] - click(findTestObject("Object Repository/Utils/Page_Moodle Thm kho hc mi/input__saveanddisplay")): Object: 'Object Repository/Utils/Page_Moodle Thm kho hc mi/input__saveanddisplay' is clicked on

2022-02-13 19:01:35 - [MESSAGE][PASSED] - Object: 'Object Repository/Utils/Page_Moodle Thm kho hc mi/input__saveanddisplay' is clicked on

2022-02-13 19:01:35 - [TEST_STEP][PASSED] - click(findTestObject("Object Repository/Utils/Page_CNPM Danh sch thnh vin/input_Danh sch thnh vin_btn btn-secondary my-1")): Object: 'Object Repository/Utils/Page_CNPM Danh sch thnh vin/input_Danh sch thnh vin_btn btn-secondary my-1' is clicked on

2022-02-13 19:01:35 - [MESSAGE][PASSED] - Object: 'Object Repository/Utils/Page_CNPM Danh sch thnh vin/input_Danh sch thnh vin_btn btn-secondary my-1' is clicked on

2022-02-13 19:01:35 - [TEST_STEP][PASSED] - click(findTestObject("Object Repository/Utils/Page_CNPM Danh sch thnh vin/span_")): Object: 'Object Repository/Utils/Page_CNPM Danh sch thnh vin/span_' is clicked on

2022-02-13 19:01:42 - [MESSAGE][INFO] - Unable to find the element located by 'By.xpath: //span[@id='form_autocomplete_downarrow-1641965227117']'. Please recheck the objects properties to make sure the desired element is located. 

2022-02-13 19:01:42 - [MESSAGE][WARNING] - [SELF-HEALING] Failed to find element with id 'Object Repository/Utils/Page_CNPM Danh sch thnh vin/span_'. Try using Self-healing.

2022-02-13 19:01:42 - [MESSAGE][WARNING] - [SELF-HEALING] The current locator of test object 'Object Repository/Utils/Page_CNPM Danh sch thnh vin/span_' was broken. Propose an alternative one: '//div[@id='fitem_id_userlist']/div[2]/div[3]/span'.

2022-02-13 19:01:42 - [MESSAGE][PASSED] - Object: 'Object Repository/Utils/Page_CNPM Danh sch thnh vin/span_' is clicked on

2022-02-13 19:01:42 - [TEST_STEP][PASSED] - click(findTestObject("Object Repository/Utils/Page_CNPM Danh sch thnh vin/span_Student Nguyen")): Object: 'Object Repository/Utils/Page_CNPM Danh sch thnh vin/span_Student Nguyen' is clicked on

2022-02-13 19:01:48 - [MESSAGE][INFO] - Unable to find the element located by 'By.xpath: //li[@id='form_autocomplete_suggestions-1641965227117-0']/span/span'. Please recheck the objects properties to make sure the desired element is located. 

2022-02-13 19:01:48 - [MESSAGE][WARNING] - [SELF-HEALING] Failed to find element with id 'Object Repository/Utils/Page_CNPM Danh sch thnh vin/span_Student Nguyen'. Try using Self-healing.

2022-02-13 19:01:50 - [MESSAGE][INFO] - Unable to find the element located by 'By.xpath: (.//*[normalize-space(text()) and normalize-space(.)='student1@gmail.com'])[2]/following::span[2]'. Please recheck the objects properties to make sure the desired element is located. 

2022-02-13 19:01:50 - [MESSAGE][WARNING] - [SELF-HEALING] The current locator of test object 'Object Repository/Utils/Page_CNPM Danh sch thnh vin/span_Student Nguyen' was broken. Propose an alternative one: '(.//*[normalize-space(text()) and normalize-space(.)='student@gmail.com'])[2]/preceding::span[1]'.

2022-02-13 19:01:50 - [MESSAGE][PASSED] - Object: 'Object Repository/Utils/Page_CNPM Danh sch thnh vin/span_Student Nguyen' is clicked on

2022-02-13 19:01:50 - [TEST_STEP][PASSED] - click(findTestObject("Object Repository/Utils/Page_CNPM Danh sch thnh vin/button_Ghi danh ngi dng")): Object: 'Object Repository/Utils/Page_CNPM Danh sch thnh vin/button_Ghi danh ngi dng' is clicked on

2022-02-13 19:01:57 - [MESSAGE][INFO] - Unable to find the element located by 'By.xpath: //button[@id='yui_3_17_2_1_1641965226678_264']'. Please recheck the objects properties to make sure the desired element is located. 

2022-02-13 19:01:57 - [MESSAGE][WARNING] - [SELF-HEALING] Failed to find element with id 'Object Repository/Utils/Page_CNPM Danh sch thnh vin/button_Ghi danh ngi dng'. Try using Self-healing.

2022-02-13 19:01:57 - [MESSAGE][WARNING] - [SELF-HEALING] The current locator of test object 'Object Repository/Utils/Page_CNPM Danh sch thnh vin/button_Ghi danh ngi dng' was broken. Propose an alternative one: '(.//*[normalize-space(text()) and normalize-space(.)='Phút'])[1]/following::button[1]'.

2022-02-13 19:01:57 - [MESSAGE][PASSED] - Object: 'Object Repository/Utils/Page_CNPM Danh sch thnh vin/button_Ghi danh ngi dng' is clicked on

2022-02-13 19:01:57 - [TEST_STEP][PASSED] - click(findTestObject("Object Repository/Utils/Page_CNPM Danh sch thnh vin/input_Danh sch thnh vin_btn btn-secondary my-1")): Object: 'Object Repository/Utils/Page_CNPM Danh sch thnh vin/input_Danh sch thnh vin_btn btn-secondary my-1' is clicked on

2022-02-13 19:01:58 - [MESSAGE][PASSED] - Object: 'Object Repository/Utils/Page_CNPM Danh sch thnh vin/input_Danh sch thnh vin_btn btn-secondary my-1' is clicked on

2022-02-13 19:01:58 - [TEST_STEP][PASSED] - selectOptionByValue(findTestObject("Object Repository/Create course/Page_CNPM Danh sch thnh vin/select_Ngi qun l            Gio vin        _4311d9"), "3", true): All options with value '3' are selected in object 'Object Repository/Create course/Page_CNPM Danh sch thnh vin/select_Ngi qun l            Gio vin        _4311d9'  using regular expression

2022-02-13 19:02:01 - [MESSAGE][PASSED] - All options with value '3' are selected in object 'Object Repository/Create course/Page_CNPM Danh sch thnh vin/select_Ngi qun l            Gio vin        _4311d9'  using regular expression

2022-02-13 19:02:01 - [TEST_STEP][PASSED] - click(findTestObject("Object Repository/Utils/Page_CNPM Danh sch thnh vin/span_")): Object: 'Object Repository/Utils/Page_CNPM Danh sch thnh vin/span_' is clicked on

2022-02-13 19:02:07 - [MESSAGE][INFO] - Unable to find the element located by 'By.xpath: //span[@id='form_autocomplete_downarrow-1641965227117']'. Please recheck the objects properties to make sure the desired element is located. 

2022-02-13 19:02:07 - [MESSAGE][WARNING] - [SELF-HEALING] Failed to find element with id 'Object Repository/Utils/Page_CNPM Danh sch thnh vin/span_'. Try using Self-healing.

2022-02-13 19:02:07 - [MESSAGE][WARNING] - [SELF-HEALING] The current locator of test object 'Object Repository/Utils/Page_CNPM Danh sch thnh vin/span_' was broken. Propose an alternative one: '//div[@id='fitem_id_userlist']/div[2]/div[3]/span'.

2022-02-13 19:02:07 - [MESSAGE][PASSED] - Object: 'Object Repository/Utils/Page_CNPM Danh sch thnh vin/span_' is clicked on

2022-02-13 19:02:07 - [TEST_STEP][PASSED] - click(findTestObject("Object Repository/Create course/Page_CNPM Danh sch thnh vin/span_Nguyen Van A")): Object: 'Object Repository/Create course/Page_CNPM Danh sch thnh vin/span_Nguyen Van A' is clicked on

2022-02-13 19:02:13 - [MESSAGE][INFO] - Unable to find the element located by 'By.xpath: //li[@id='form_autocomplete_suggestions-1642350427588-0']/span/span'. Please recheck the objects properties to make sure the desired element is located. 

2022-02-13 19:02:13 - [MESSAGE][WARNING] - [SELF-HEALING] Failed to find element with id 'Object Repository/Create course/Page_CNPM Danh sch thnh vin/span_Nguyen Van A'. Try using Self-healing.

2022-02-13 19:02:14 - [MESSAGE][WARNING] - [SELF-HEALING] The current locator of test object 'Object Repository/Create course/Page_CNPM Danh sch thnh vin/span_Nguyen Van A' was broken. Propose an alternative one: '(.//*[normalize-space(text()) and normalize-space(.)='▼'])[1]/following::span[2]'.

2022-02-13 19:02:14 - [MESSAGE][PASSED] - Object: 'Object Repository/Create course/Page_CNPM Danh sch thnh vin/span_Nguyen Van A' is clicked on

2022-02-13 19:02:14 - [TEST_STEP][PASSED] - click(findTestObject("Object Repository/Create course/Page_CNPM Danh sch thnh vin/button_Ghi danh ngi dng_1")): Object: 'Object Repository/Create course/Page_CNPM Danh sch thnh vin/button_Ghi danh ngi dng_1' is clicked on

2022-02-13 19:02:20 - [MESSAGE][INFO] - Unable to find the element located by 'By.xpath: //button[@id='yui_3_17_2_1_1642348738650_377']'. Please recheck the objects properties to make sure the desired element is located. 

2022-02-13 19:02:20 - [MESSAGE][WARNING] - [SELF-HEALING] Failed to find element with id 'Object Repository/Create course/Page_CNPM Danh sch thnh vin/button_Ghi danh ngi dng_1'. Try using Self-healing.

2022-02-13 19:02:21 - [MESSAGE][WARNING] - [SELF-HEALING] The current locator of test object 'Object Repository/Create course/Page_CNPM Danh sch thnh vin/button_Ghi danh ngi dng_1' was broken. Propose an alternative one: '(.//*[normalize-space(text()) and normalize-space(.)='Phút'])[1]/following::button[1]'.

2022-02-13 19:02:21 - [MESSAGE][PASSED] - Object: 'Object Repository/Create course/Page_CNPM Danh sch thnh vin/button_Ghi danh ngi dng_1' is clicked on

2022-02-13 19:02:21 - [TEST_STEP][PASSED] - click(findTestObject("Object Repository/Utils/Page_CNPM Danh sch thnh vin/span_CNPM")): Object: 'Object Repository/Utils/Page_CNPM Danh sch thnh vin/span_CNPM' is clicked on

2022-02-13 19:02:23 - [MESSAGE][PASSED] - Object: 'Object Repository/Utils/Page_CNPM Danh sch thnh vin/span_CNPM' is clicked on

2022-02-13 19:02:23 - [TEST_STEP][PASSED] - click(findTestObject("Create folder and quiz/Page_CNPM Danh sch thnh vin/a_Qun tr Thnh vin")): Object: 'Object Repository/Create folder and quiz/Page_CNPM Danh sch thnh vin/a_Qun tr Thnh vin' is clicked on

2022-02-13 19:02:23 - [MESSAGE][PASSED] - Object: 'Object Repository/Create folder and quiz/Page_CNPM Danh sch thnh vin/a_Qun tr Thnh vin' is clicked on

2022-02-13 19:02:23 - [TEST_STEP][PASSED] - click(findTestObject("Create folder and quiz/Page_CNPM Danh sch thnh vin/span_Thot")): Object: 'Object Repository/Create folder and quiz/Page_CNPM Danh sch thnh vin/span_Thot' is clicked on

2022-02-13 19:02:24 - [MESSAGE][PASSED] - Object: 'Object Repository/Create folder and quiz/Page_CNPM Danh sch thnh vin/span_Thot' is clicked on

2022-02-13 19:02:24 - [MESSAGE][INFO] - 

2022-02-13 19:02:24 - [MESSAGE][INFO] - ===================== Self-healing Report ====================

2022-02-13 19:02:24 - [MESSAGE][INFO] - One of the failed test object locators has been recovered by Self-healing. Please refer to the Self-healing Insights tab for more details.

2022-02-13 19:02:24 - [MESSAGE][INFO] - To learn more about Self-healing, please read https://docs.katalon.com/katalon-studio/docs/self-healing.html

2022-02-13 19:02:24 - [MESSAGE][INFO] - ==============================================================

2022-02-13 19:02:24 - [MESSAGE][PASSED] - Call Test Case 'Test Cases/Utils/Create course CNPM' successfully

2022-02-13 19:02:24 - [TEST_STEP][PASSED] - callTestCase(findTestCase("Utils/Login as teacher"), [:], STOP_ON_FAILURE): Call Test Case 'Test Cases/Utils/Login as teacher' successfully

2022-02-13 19:02:24 - [TEST_CASE][PASSED] - Test Cases/Utils/Login as teacher: Test Cases/Utils/Login as teacher

2022-02-13 19:02:24 - [TEST_STEP][PASSED] - click(findTestObject("Create folder and quiz/Page_Local Moodle/a_Log in")): Object: 'Object Repository/Create folder and quiz/Page_Local Moodle/a_Log in' is clicked on

2022-02-13 19:02:25 - [MESSAGE][PASSED] - Object: 'Object Repository/Create folder and quiz/Page_Local Moodle/a_Log in' is clicked on

2022-02-13 19:02:25 - [TEST_STEP][PASSED] - setText(findTestObject("Object Repository/Create course/Page_New Moodle Site Log in to the site/input_Username_username"), "hs01"): Text 'hs01' is set on object 'Object Repository/Create course/Page_New Moodle Site Log in to the site/input_Username_username'

2022-02-13 19:02:26 - [MESSAGE][PASSED] - Text 'hs01' is set on object 'Object Repository/Create course/Page_New Moodle Site Log in to the site/input_Username_username'

2022-02-13 19:02:26 - [TEST_STEP][PASSED] - setEncryptedText(findTestObject("Object Repository/Create course/Page_New Moodle Site Log in to the site/input_Password_password"), "o5TCnEIIWq2SeGQhIMNXLQ=="): Text ****** has been set on object 'Object Repository/Create course/Page_New Moodle Site Log in to the site/input_Password_password'

2022-02-13 19:02:27 - [MESSAGE][PASSED] - Text ****** has been set on object 'Object Repository/Create course/Page_New Moodle Site Log in to the site/input_Password_password'

2022-02-13 19:02:27 - [TEST_STEP][PASSED] - click(findTestObject("Create folder and quiz/Page_Local Moodle Log in to the site/button_Log in")): Object: 'Object Repository/Create folder and quiz/Page_Local Moodle Log in to the site/button_Log in' is clicked on

2022-02-13 19:02:29 - [MESSAGE][PASSED] - Object: 'Object Repository/Create folder and quiz/Page_Local Moodle Log in to the site/button_Log in' is clicked on

2022-02-13 19:02:29 - [MESSAGE][INFO] - 

2022-02-13 19:02:29 - [MESSAGE][INFO] - ===================== Self-healing Report ====================

2022-02-13 19:02:29 - [MESSAGE][INFO] - One of the failed test object locators has been recovered by Self-healing. Please refer to the Self-healing Insights tab for more details.

2022-02-13 19:02:29 - [MESSAGE][INFO] - To learn more about Self-healing, please read https://docs.katalon.com/katalon-studio/docs/self-healing.html

2022-02-13 19:02:29 - [MESSAGE][INFO] - ==============================================================

2022-02-13 19:02:29 - [MESSAGE][PASSED] - Call Test Case 'Test Cases/Utils/Login as teacher' successfully

2022-02-13 19:02:29 - [TEST_STEP][PASSED] - click(findTestObject("Object Repository/Create folder and quiz/Page_Nh ca ti/span_Trang ch h thng")): Object: 'Object Repository/Create folder and quiz/Page_Nh ca ti/span_Trang ch h thng' is clicked on

2022-02-13 19:02:32 - [MESSAGE][PASSED] - Object: 'Object Repository/Create folder and quiz/Page_Nh ca ti/span_Trang ch h thng' is clicked on

2022-02-13 19:02:32 - [TEST_STEP][PASSED] - click(findTestObject("Object Repository/Create folder and quiz/Page_New Moodle Site/a_Nhp mn Cng ngh phn mm")): Object: 'Object Repository/Create folder and quiz/Page_New Moodle Site/a_Nhp mn Cng ngh phn mm' is clicked on

2022-02-13 19:02:33 - [MESSAGE][PASSED] - Object: 'Object Repository/Create folder and quiz/Page_New Moodle Site/a_Nhp mn Cng ngh phn mm' is clicked on

2022-02-13 19:02:33 - [TEST_STEP][PASSED] - click(findTestObject("Object Repository/Create folder and quiz/Page_Kha Nhp mn Cng ngh phn mm/button_Bt ch  chnh sa")): Object: 'Object Repository/Create folder and quiz/Page_Kha Nhp mn Cng ngh phn mm/button_Bt ch  chnh sa' is clicked on

2022-02-13 19:02:39 - [MESSAGE][INFO] - Unable to find the element located by 'By.xpath: //button[@id='single_button61e44f855865c1']'. Please recheck the objects properties to make sure the desired element is located. 

2022-02-13 19:02:39 - [MESSAGE][WARNING] - [SELF-HEALING] Failed to find element with id 'Object Repository/Create folder and quiz/Page_Kha Nhp mn Cng ngh phn mm/button_Bt ch  chnh sa'. Try using Self-healing.

2022-02-13 19:02:39 - [MESSAGE][WARNING] - [SELF-HEALING] The current locator of test object 'Object Repository/Create folder and quiz/Page_Kha Nhp mn Cng ngh phn mm/button_Bt ch  chnh sa' was broken. Propose an alternative one: '(.//*[normalize-space(text()) and normalize-space(.)='Các khoá học của tôi'])[2]/following::button[1]'.

2022-02-13 19:02:40 - [MESSAGE][PASSED] - Object: 'Object Repository/Create folder and quiz/Page_Kha Nhp mn Cng ngh phn mm/button_Bt ch  chnh sa' is clicked on

2022-02-13 19:02:40 - [TEST_STEP][PASSED] - click(findTestObject("Object Repository/Create folder and quiz/Page_Kha Nhp mn Cng ngh phn mm/span_Thm hot ng hoc ti nguyn")): Object: 'Object Repository/Create folder and quiz/Page_Kha Nhp mn Cng ngh phn mm/span_Thm hot ng hoc ti nguyn' is clicked on

2022-02-13 19:02:46 - [MESSAGE][INFO] - Unable to find the element located by 'By.xpath: //*[@id = 'yui_3_17_2_1_1642352521094_616' and (text() = 'Thêm hoạt động hoặc tài nguyên' or . = 'Thêm hoạt động hoặc tài nguyên')]'. Please recheck the objects properties to make sure the desired element is located. 

2022-02-13 19:02:46 - [MESSAGE][WARNING] - [SELF-HEALING] Failed to find element with id 'Object Repository/Create folder and quiz/Page_Kha Nhp mn Cng ngh phn mm/span_Thm hot ng hoc ti nguyn'. Try using Self-healing.

2022-02-13 19:02:47 - [MESSAGE][WARNING] - [SELF-HEALING] The current locator of test object 'Object Repository/Create folder and quiz/Page_Kha Nhp mn Cng ngh phn mm/span_Thm hot ng hoc ti nguyn' was broken. Propose an alternative one: '(.//*[normalize-space(text()) and normalize-space(.)='Chủ đề 1'])[2]/following::span[3]'.

2022-02-13 19:02:47 - [MESSAGE][PASSED] - Object: 'Object Repository/Create folder and quiz/Page_Kha Nhp mn Cng ngh phn mm/span_Thm hot ng hoc ti nguyn' is clicked on

2022-02-13 19:02:47 - [TEST_STEP][PASSED] - click(findTestObject("Create folder and quiz/Page_Kha Nhp mn Cng ngh phn mm/div_Thng tin v  Trang hot ng_optionicon mt-_99da1e")): Object: 'Object Repository/Create folder and quiz/Page_Kha Nhp mn Cng ngh phn mm/div_Thng tin v  Trang hot ng_optionicon mt-_99da1e' is clicked on

2022-02-13 19:02:50 - [MESSAGE][PASSED] - Object: 'Object Repository/Create folder and quiz/Page_Kha Nhp mn Cng ngh phn mm/div_Thng tin v  Trang hot ng_optionicon mt-_99da1e' is clicked on

2022-02-13 19:02:50 - [TEST_STEP][PASSED] - setText(findTestObject("Create folder and quiz/Page_Bin son Trc nghim/input_Tn_name"), "quiz1"): Text 'quiz1' is set on object 'Object Repository/Create folder and quiz/Page_Bin son Trc nghim/input_Tn_name'

2022-02-13 19:02:51 - [MESSAGE][PASSED] - Text 'quiz1' is set on object 'Object Repository/Create folder and quiz/Page_Bin son Trc nghim/input_Tn_name'

2022-02-13 19:02:51 - [TEST_STEP][PASSED] - click(findTestObject("Create folder and quiz/Page_Bin son Trc nghim/a_ang tnh gi")): Object: 'Object Repository/Create folder and quiz/Page_Bin son Trc nghim/a_ang tnh gi' is clicked on

2022-02-13 19:02:58 - [MESSAGE][INFO] - Unable to find the element located by 'By.xpath: //a[@id='yui_3_17_2_1_1641911940431_67']'. Please recheck the objects properties to make sure the desired element is located. 

2022-02-13 19:02:58 - [MESSAGE][WARNING] - [SELF-HEALING] Failed to find element with id 'Object Repository/Create folder and quiz/Page_Bin son Trc nghim/a_ang tnh gi'. Try using Self-healing.

2022-02-13 19:02:58 - [MESSAGE][WARNING] - [SELF-HEALING] The current locator of test object 'Object Repository/Create folder and quiz/Page_Bin son Trc nghim/a_ang tnh gi' was broken. Propose an alternative one: '//a[contains(text(),'Đang tính giờ')]'.

2022-02-13 19:02:58 - [MESSAGE][PASSED] - Object: 'Object Repository/Create folder and quiz/Page_Bin son Trc nghim/a_ang tnh gi' is clicked on

2022-02-13 19:02:58 - [TEST_STEP][PASSED] - click(findTestObject("Create folder and quiz/Page_Bin son Trc nghim/input_M_timeopenenabled")): Object: 'Object Repository/Create folder and quiz/Page_Bin son Trc nghim/input_M_timeopenenabled' is clicked on

2022-02-13 19:02:59 - [MESSAGE][PASSED] - Object: 'Object Repository/Create folder and quiz/Page_Bin son Trc nghim/input_M_timeopenenabled' is clicked on

2022-02-13 19:02:59 - [TEST_STEP][PASSED] - click(findTestObject("Create folder and quiz/Page_Bin son Trc nghim/a_Gii hn v bi lm c b sung")): Object: 'Object Repository/Create folder and quiz/Page_Bin son Trc nghim/a_Gii hn v bi lm c b sung' is clicked on

2022-02-13 19:03:06 - [MESSAGE][INFO] - Unable to find the element located by 'By.xpath: //a[@id='yui_3_17_2_1_1641911940431_95']'. Please recheck the objects properties to make sure the desired element is located. 

2022-02-13 19:03:06 - [MESSAGE][WARNING] - [SELF-HEALING] Failed to find element with id 'Object Repository/Create folder and quiz/Page_Bin son Trc nghim/a_Gii hn v bi lm c b sung'. Try using Self-healing.

2022-02-13 19:03:06 - [MESSAGE][WARNING] - [SELF-HEALING] The current locator of test object 'Object Repository/Create folder and quiz/Page_Bin son Trc nghim/a_Gii hn v bi lm c b sung' was broken. Propose an alternative one: '//a[contains(text(),'Giới hạn về bài làm được bổ sung')]'.

2022-02-13 19:03:06 - [MESSAGE][PASSED] - Object: 'Object Repository/Create folder and quiz/Page_Bin son Trc nghim/a_Gii hn v bi lm c b sung' is clicked on

2022-02-13 19:03:06 - [TEST_STEP][PASSED] - click(findTestObject("Create folder and quiz/Page_Bin son Trc nghim/em_Click to enter text")): Object: 'Object Repository/Create folder and quiz/Page_Bin son Trc nghim/em_Click to enter text' is clicked on

2022-02-13 19:03:13 - [MESSAGE][INFO] - Unable to find the element located by 'By.xpath: //a[@id='yui_3_17_2_1_1641911940431_2499']/span/span/em'. Please recheck the objects properties to make sure the desired element is located. 

2022-02-13 19:03:13 - [MESSAGE][WARNING] - [SELF-HEALING] Failed to find element with id 'Object Repository/Create folder and quiz/Page_Bin son Trc nghim/em_Click to enter text'. Try using Self-healing.

2022-02-13 19:03:13 - [MESSAGE][WARNING] - [SELF-HEALING] The current locator of test object 'Object Repository/Create folder and quiz/Page_Bin son Trc nghim/em_Click to enter text' was broken. Propose an alternative one: '(.//*[normalize-space(text()) and normalize-space(.)='Yêu cầu mật khẩu'])[1]/following::em[1]'.

2022-02-13 19:03:13 - [MESSAGE][PASSED] - Object: 'Object Repository/Create folder and quiz/Page_Bin son Trc nghim/em_Click to enter text' is clicked on

2022-02-13 19:03:13 - [TEST_STEP][PASSED] - setEncryptedText(findTestObject("Create folder and quiz/Page_Bin son Trc nghim/input_Yu cu mt khu_quizpassword"), "4nvbrPglk7k="): Text ****** has been set on object 'Object Repository/Create folder and quiz/Page_Bin son Trc nghim/input_Yu cu mt khu_quizpassword'

2022-02-13 19:03:14 - [MESSAGE][PASSED] - Text ****** has been set on object 'Object Repository/Create folder and quiz/Page_Bin son Trc nghim/input_Yu cu mt khu_quizpassword'

2022-02-13 19:03:14 - [TEST_STEP][PASSED] - click(findTestObject("Create folder and quiz/Page_Bin son Trc nghim/input_Upon activity completion_submitbutton")): Object: 'Object Repository/Create folder and quiz/Page_Bin son Trc nghim/input_Upon activity completion_submitbutton' is clicked on

2022-02-13 19:03:17 - [MESSAGE][PASSED] - Object: 'Object Repository/Create folder and quiz/Page_Bin son Trc nghim/input_Upon activity completion_submitbutton' is clicked on

2022-02-13 19:03:17 - [TEST_STEP][PASSED] - click(findTestObject("Create folder and quiz/Page_CNPM quiz1/button_Chnh sa bi trc nghim")): Object: 'Object Repository/Create folder and quiz/Page_CNPM quiz1/button_Chnh sa bi trc nghim' is clicked on

2022-02-13 19:03:23 - [MESSAGE][INFO] - Unable to find the element located by 'By.xpath: //button[@id='single_button61dd9a2c7505a66']'. Please recheck the objects properties to make sure the desired element is located. 

2022-02-13 19:03:23 - [MESSAGE][WARNING] - [SELF-HEALING] Failed to find element with id 'Object Repository/Create folder and quiz/Page_CNPM quiz1/button_Chnh sa bi trc nghim'. Try using Self-healing.

2022-02-13 19:03:23 - [MESSAGE][WARNING] - [SELF-HEALING] The current locator of test object 'Object Repository/Create folder and quiz/Page_CNPM quiz1/button_Chnh sa bi trc nghim' was broken. Propose an alternative one: '//section[@id='region-main']/div[2]/div[3]/div/div/div[2]/form/button'.

2022-02-13 19:03:25 - [MESSAGE][PASSED] - Object: 'Object Repository/Create folder and quiz/Page_CNPM quiz1/button_Chnh sa bi trc nghim' is clicked on

2022-02-13 19:03:25 - [TEST_STEP][PASSED] - click(findTestObject("Create folder and quiz/Page_ang sa bi trc nghim quiz1/a_Thm")): Object: 'Object Repository/Create folder and quiz/Page_ang sa bi trc nghim quiz1/a_Thm' is clicked on

2022-02-13 19:03:26 - [MESSAGE][PASSED] - Object: 'Object Repository/Create folder and quiz/Page_ang sa bi trc nghim quiz1/a_Thm' is clicked on

2022-02-13 19:03:26 - [TEST_STEP][PASSED] - click(findTestObject("Create folder and quiz/Page_ang sa bi trc nghim quiz1/span_cu hi mi")): Object: 'Object Repository/Create folder and quiz/Page_ang sa bi trc nghim quiz1/span_cu hi mi' is clicked on

2022-02-13 19:03:27 - [MESSAGE][PASSED] - Object: 'Object Repository/Create folder and quiz/Page_ang sa bi trc nghim quiz1/span_cu hi mi' is clicked on

2022-02-13 19:03:27 - [TEST_STEP][PASSED] - click(findTestObject("Create folder and quiz/Page_ang sa bi trc nghim quiz1/input_Multiple choice_qtype")): Object: 'Object Repository/Create folder and quiz/Page_ang sa bi trc nghim quiz1/input_Multiple choice_qtype' is clicked on

2022-02-13 19:03:27 - [MESSAGE][PASSED] - Object: 'Object Repository/Create folder and quiz/Page_ang sa bi trc nghim quiz1/input_Multiple choice_qtype' is clicked on

2022-02-13 19:03:27 - [TEST_STEP][PASSED] - click(findTestObject("Create folder and quiz/Page_ang sa bi trc nghim quiz1/input_Description_submitbutton")): Object: 'Object Repository/Create folder and quiz/Page_ang sa bi trc nghim quiz1/input_Description_submitbutton' is clicked on

2022-02-13 19:03:36 - [MESSAGE][INFO] - Unable to find the element located by 'By.xpath: //input[@id='yui_3_17_2_1_1641912881697_590']'. Please recheck the objects properties to make sure the desired element is located. 

2022-02-13 19:03:36 - [MESSAGE][WARNING] - [SELF-HEALING] Failed to find element with id 'Object Repository/Create folder and quiz/Page_ang sa bi trc nghim quiz1/input_Description_submitbutton'. Try using Self-healing.

2022-02-13 19:03:38 - [MESSAGE][WARNING] - [SELF-HEALING] The current locator of test object 'Object Repository/Create folder and quiz/Page_ang sa bi trc nghim quiz1/input_Description_submitbutton' was broken. Propose an alternative one: '//div[3]/input'.

2022-02-13 19:03:38 - [MESSAGE][PASSED] - Object: 'Object Repository/Create folder and quiz/Page_ang sa bi trc nghim quiz1/input_Description_submitbutton' is clicked on

2022-02-13 19:03:38 - [TEST_STEP][PASSED] - setText(findTestObject("Create folder and quiz/Page_Sa cu hi ngsai/input_Tn cu hi_name"), "AUT"): Text 'AUT' is set on object 'Object Repository/Create folder and quiz/Page_Sa cu hi ngsai/input_Tn cu hi_name'

2022-02-13 19:03:43 - [MESSAGE][PASSED] - Text 'AUT' is set on object 'Object Repository/Create folder and quiz/Page_Sa cu hi ngsai/input_Tn cu hi_name'

2022-02-13 19:03:43 - [TEST_STEP][PASSED] - setText(findTestObject("Create folder and quiz/Page_Sa cu hi ngsai/div_Katalon is an automation test tool"), "Katalon is an automation test tool"): Text 'Katalon is an automation test tool' is set on object 'Object Repository/Create folder and quiz/Page_Sa cu hi ngsai/div_Katalon is an automation test tool'

2022-02-13 19:03:47 - [MESSAGE][PASSED] - Text 'Katalon is an automation test tool' is set on object 'Object Repository/Create folder and quiz/Page_Sa cu hi ngsai/div_Katalon is an automation test tool'

2022-02-13 19:03:47 - [TEST_STEP][PASSED] - selectOptionByValue(findTestObject("Create folder and quiz/Page_Sa cu hi ngsai/select_Sai            ng"), "1", true): All options with value '1' are selected in object 'Object Repository/Create folder and quiz/Page_Sa cu hi ngsai/select_Sai            ng'  using regular expression

2022-02-13 19:03:53 - [MESSAGE][PASSED] - All options with value '1' are selected in object 'Object Repository/Create folder and quiz/Page_Sa cu hi ngsai/select_Sai            ng'  using regular expression

2022-02-13 19:03:53 - [TEST_STEP][PASSED] - click(findTestObject("Create folder and quiz/Page_Sa cu hi ngsai/input__submitbutton")): Object: 'Object Repository/Create folder and quiz/Page_Sa cu hi ngsai/input__submitbutton' is clicked on

2022-02-13 19:03:55 - [MESSAGE][PASSED] - Object: 'Object Repository/Create folder and quiz/Page_Sa cu hi ngsai/input__submitbutton' is clicked on

2022-02-13 19:03:55 - [TEST_STEP][PASSED] - click(findTestObject("Object Repository/Create course/Page_Nh ca ti/a_Nguyen Van A")): Object: 'Object Repository/Create course/Page_Nh ca ti/a_Nguyen Van A' is clicked on

2022-02-13 19:03:58 - [MESSAGE][PASSED] - Object: 'Object Repository/Create course/Page_Nh ca ti/a_Nguyen Van A' is clicked on

2022-02-13 19:03:58 - [TEST_STEP][PASSED] - click(findTestObject("Object Repository/Create course/Page_Nh ca ti/span_Thot")): Object: 'Object Repository/Create course/Page_Nh ca ti/span_Thot' is clicked on

2022-02-13 19:04:00 - [MESSAGE][PASSED] - Object: 'Object Repository/Create course/Page_Nh ca ti/span_Thot' is clicked on

2022-02-13 19:04:00 - [TEST_STEP][PASSED] - callTestCase(findTestCase("Utils/Login as student"), [:], STOP_ON_FAILURE): Call Test Case 'Test Cases/Utils/Login as student' successfully

2022-02-13 19:04:00 - [TEST_CASE][PASSED] - Test Cases/Utils/Login as student: Test Cases/Utils/Login as student

2022-02-13 19:04:00 - [TEST_STEP][PASSED] - click(findTestObject("Create folder and quiz/Page_Local Moodle/a_Log in")): Object: 'Object Repository/Create folder and quiz/Page_Local Moodle/a_Log in' is clicked on

2022-02-13 19:04:03 - [MESSAGE][PASSED] - Object: 'Object Repository/Create folder and quiz/Page_Local Moodle/a_Log in' is clicked on

2022-02-13 19:04:03 - [TEST_STEP][PASSED] - setText(findTestObject("Create folder and quiz/Page_Local Moodle Log in to the site/input_Username_username"), "student"): Text 'student' is set on object 'Object Repository/Create folder and quiz/Page_Local Moodle Log in to the site/input_Username_username'

2022-02-13 19:04:08 - [MESSAGE][PASSED] - Text 'student' is set on object 'Object Repository/Create folder and quiz/Page_Local Moodle Log in to the site/input_Username_username'

2022-02-13 19:04:08 - [TEST_STEP][PASSED] - setEncryptedText(findTestObject("Create folder and quiz/Page_Local Moodle Log in to the site/input_Password_password"), "ie7bep3f1gXYsgY0lkRhPw=="): Text ****** has been set on object 'Object Repository/Create folder and quiz/Page_Local Moodle Log in to the site/input_Password_password'

2022-02-13 19:04:10 - [MESSAGE][PASSED] - Text ****** has been set on object 'Object Repository/Create folder and quiz/Page_Local Moodle Log in to the site/input_Password_password'

2022-02-13 19:04:10 - [TEST_STEP][PASSED] - click(findTestObject("Create folder and quiz/Page_Local Moodle Log in to the site/button_Log in")): Object: 'Object Repository/Create folder and quiz/Page_Local Moodle Log in to the site/button_Log in' is clicked on

2022-02-13 19:04:12 - [MESSAGE][PASSED] - Object: 'Object Repository/Create folder and quiz/Page_Local Moodle Log in to the site/button_Log in' is clicked on

2022-02-13 19:04:12 - [MESSAGE][INFO] - 

2022-02-13 19:04:12 - [MESSAGE][INFO] - ===================== Self-healing Report ====================

2022-02-13 19:04:12 - [MESSAGE][INFO] - One of the failed test object locators has been recovered by Self-healing. Please refer to the Self-healing Insights tab for more details.

2022-02-13 19:04:12 - [MESSAGE][INFO] - To learn more about Self-healing, please read https://docs.katalon.com/katalon-studio/docs/self-healing.html

2022-02-13 19:04:12 - [MESSAGE][INFO] - ==============================================================

2022-02-13 19:04:12 - [MESSAGE][PASSED] - Call Test Case 'Test Cases/Utils/Login as student' successfully

2022-02-13 19:04:12 - [TEST_STEP][PASSED] - click(findTestObject("Create folder and quiz/Page_Nh ca ti/span_Nhp mn Cng ngh phn mm")): Object: 'Object Repository/Create folder and quiz/Page_Nh ca ti/span_Nhp mn Cng ngh phn mm' is clicked on

2022-02-13 19:04:20 - [MESSAGE][INFO] - Unable to find the element located by 'By.xpath: //div[@id='course-info-container-24-8']/div/div/a/span[3]'. Please recheck the objects properties to make sure the desired element is located. 

2022-02-13 19:04:20 - [MESSAGE][WARNING] - [SELF-HEALING] Failed to find element with id 'Object Repository/Create folder and quiz/Page_Nh ca ti/span_Nhp mn Cng ngh phn mm'. Try using Self-healing.

2022-02-13 19:04:22 - [MESSAGE][INFO] - Unable to find the element located by 'By.xpath: (.//*[normalize-space(text()) and normalize-space(.)='Tên khóa học'])[2]/following::span[1]'. Please recheck the objects properties to make sure the desired element is located. 

2022-02-13 19:04:24 - [MESSAGE][INFO] - Unable to find the element located by 'By.xpath: (.//*[normalize-space(text()) and normalize-space(.)='Actions for current course Nhập môn Công nghệ phần mềm'])[1]/preceding::span[1]'. Please recheck the objects properties to make sure the desired element is located. 

2022-02-13 19:04:26 - [MESSAGE][INFO] - [SELF-HEALING] Failed Locator: '//div[@id='course-info-container-24-8']/div/div/a/span[3]'.

2022-02-13 19:04:28 - [MESSAGE][INFO] - [SELF-HEALING] Failed Locator: '(.//*[normalize-space(text()) and normalize-space(.)='Tên khóa học'])[2]/following::span[1]'.

2022-02-13 19:04:30 - [MESSAGE][INFO] - [SELF-HEALING] Failed Locator: '(.//*[normalize-space(text()) and normalize-space(.)='Khóa học được đánh dấu sao'])[2]/following::span[2]'.

2022-02-13 19:04:32 - [MESSAGE][INFO] - [SELF-HEALING] Failed Locator: '(.//*[normalize-space(text()) and normalize-space(.)='Actions for current course Nhập môn Công nghệ phần mềm'])[1]/preceding::span[1]'.

2022-02-13 19:04:35 - [MESSAGE][INFO] - [SELF-HEALING] Failed Locator: '(.//*[normalize-space(text()) and normalize-space(.)='Star for Nhập môn Công nghệ phần mềm'])[1]/preceding::span[2]'.

2022-02-13 19:04:42 - [MESSAGE][INFO] - [SELF-HEALING] Failed Locator: '//div[2]/div/div/div/div/div/div/div/div/div/a/span[3]'.

2022-02-13 19:04:44 - [MESSAGE][INFO] - [SELF-HEALING] Failed Locator: '//div[@id='course-info-container-18-8']/div/div/a/span[3]'.

2022-02-13 19:04:46 - [MESSAGE][INFO] - [SELF-HEALING] Failed Locator: '//div[@id='course-info-container-16-7']/div/div/a/span[3]'.

2022-02-13 19:04:48 - [MESSAGE][INFO] - [SELF-HEALING] Failed Locator: '(.//*[normalize-space(text()) and normalize-space(.)='Tên khóa học'])[1]/following::span[1]'.

2022-02-13 19:04:50 - [MESSAGE][INFO] - [SELF-HEALING] Failed Locator: '(.//*[normalize-space(text()) and normalize-space(.)='Khóa học được đánh dấu sao'])[1]/following::span[2]'.

2022-02-13 19:04:52 - [MESSAGE][INFO] - [SELF-HEALING] Failed Locator: '//*/text()[normalize-space(.)='Nhập môn Công nghệ phần mềm']/parent::*'.

2022-02-13 19:04:54 - [MESSAGE][INFO] - [SELF-HEALING] Working Locator: '//span[3]'.

2022-02-13 19:04:54 - [MESSAGE][ERROR] - [SELF-HEALING] Cannot save screenshot to: F:\xampp\htdocs\moodle\Test Automation - SE Bonus\Reports\Self-healing, reason: unknown error: unhandled inspector error: {"code":-32000,"message":"Cannot take screenshot with 0 width."}
  (Session info: MicrosoftEdge=98.0.1108.50)
Build info: version: '3.141.59', revision: 'e82be7d358', time: '2018-11-14T08:25:53'
System info: host: 'DESKTOP-G96O2VS', ip: '192.168.1.2', os.name: 'Windows 10', os.arch: 'amd64', os.version: '10.0', java.version: '1.8.0_282'
Driver info: com.kms.katalon.selenium.driver.CEdgeDriver
Capabilities {acceptInsecureCerts: false, browserName: msedge, browserVersion: 98.0.1108.50, javascriptEnabled: true, ms:edgeOptions: {debuggerAddress: localhost:49771}, msedge: {msedgedriverVersion: 97.0.1072.55 (ce3bf33648805..., userDataDir: C:\Users\Asus\AppData\Local...}, networkConnectionEnabled: false, pageLoadStrategy: normal, platform: WINDOWS, platformName: WINDOWS, proxy: Proxy(), setWindowRect: true, strictFileInteractability: false, timeouts: {implicit: 0, pageLoad: 300000, script: 30000}, unhandledPromptBehavior: dismiss and notify, webauthn:extension:credBlob: true, webauthn:extension:largeBlob: true, webauthn:virtualAuthenticators: true}
Session ID: fb910283a00595825daa8cc88432d5e7.

2022-02-13 19:04:54 - [MESSAGE][ERROR] - [SELF-HEALING] Cannot save screenshot to: F:\xampp\htdocs\moodle\Test Automation - SE Bonus\Reports\Self-healing, reason: unknown error: unhandled inspector error: {"code":-32000,"message":"Cannot take screenshot with 0 width."}
  (Session info: MicrosoftEdge=98.0.1108.50)
Build info: version: '3.141.59', revision: 'e82be7d358', time: '2018-11-14T08:25:53'
System info: host: 'DESKTOP-G96O2VS', ip: '192.168.1.2', os.name: 'Windows 10', os.arch: 'amd64', os.version: '10.0', java.version: '1.8.0_282'
Driver info: com.kms.katalon.selenium.driver.CEdgeDriver
Capabilities {acceptInsecureCerts: false, browserName: msedge, browserVersion: 98.0.1108.50, javascriptEnabled: true, ms:edgeOptions: {debuggerAddress: localhost:49771}, msedge: {msedgedriverVersion: 97.0.1072.55 (ce3bf33648805..., userDataDir: C:\Users\Asus\AppData\Local...}, networkConnectionEnabled: false, pageLoadStrategy: normal, platform: WINDOWS, platformName: WINDOWS, proxy: Proxy(), setWindowRect: true, strictFileInteractability: false, timeouts: {implicit: 0, pageLoad: 300000, script: 30000}, unhandledPromptBehavior: dismiss and notify, webauthn:extension:credBlob: true, webauthn:extension:largeBlob: true, webauthn:virtualAuthenticators: true}
Session ID: fb910283a00595825daa8cc88432d5e7.

2022-02-13 19:04:54 - [MESSAGE][WARNING] - [SELF-HEALING] 'other' is different type of Path

2022-02-13 19:04:55 - [MESSAGE][INFO] - [SELF-HEALING] Screenshot: F:/xampp/htdocs/moodle/Test Automation - SE Bonus/Reports/Self-healing/Object Repository/Create folder and quiz/Page_Nh ca ti/span_Nhp mn Cng ngh phn mm_BASIC.png

2022-02-13 19:04:55 - [MESSAGE][WARNING] - [SELF-HEALING] The current locator of test object 'Object Repository/Create folder and quiz/Page_Nh ca ti/span_Nhp mn Cng ngh phn mm' was broken. Propose an alternative one: '//*[(text() = '
            Nhập môn Công nghệ phần mềm
        ' or . = '
            Nhập môn Công nghệ phần mềm
        ')]'.

2022-02-13 19:04:55 - [MESSAGE][PASSED] - Object: 'Object Repository/Create folder and quiz/Page_Nh ca ti/span_Nhp mn Cng ngh phn mm' is clicked on

2022-02-13 19:04:55 - [TEST_STEP][PASSED] - click(findTestObject("Create folder and quiz/Page_Kha Nhp mn Cng ngh phn mm/span_quiz1 Trc nghim")): Object: 'Object Repository/Create folder and quiz/Page_Kha Nhp mn Cng ngh phn mm/span_quiz1 Trc nghim' is clicked on

2022-02-13 19:05:01 - [MESSAGE][INFO] - Unable to find the element located by 'By.xpath: //li[@id='module-60']/div/div/div[2]/div/a/span'. Please recheck the objects properties to make sure the desired element is located. 

2022-02-13 19:05:01 - [MESSAGE][WARNING] - [SELF-HEALING] Failed to find element with id 'Object Repository/Create folder and quiz/Page_Kha Nhp mn Cng ngh phn mm/span_quiz1 Trc nghim'. Try using Self-healing.

2022-02-13 19:05:02 - [MESSAGE][WARNING] - [SELF-HEALING] The current locator of test object 'Object Repository/Create folder and quiz/Page_Kha Nhp mn Cng ngh phn mm/span_quiz1 Trc nghim' was broken. Propose an alternative one: '(.//*[normalize-space(text()) and normalize-space(.)='Chủ đề 1'])[2]/following::span[1]'.

2022-02-13 19:05:02 - [MESSAGE][PASSED] - Object: 'Object Repository/Create folder and quiz/Page_Kha Nhp mn Cng ngh phn mm/span_quiz1 Trc nghim' is clicked on

2022-02-13 19:05:02 - [TEST_STEP][PASSED] - click(findTestObject("Create folder and quiz/Page_CNPM quiz1/button_Bt u kim tra")): Object: 'Object Repository/Create folder and quiz/Page_CNPM quiz1/button_Bt u kim tra' is clicked on

2022-02-13 19:05:08 - [MESSAGE][INFO] - Unable to find the element located by 'By.xpath: //button[@id='single_button61dd974ebb6e219']'. Please recheck the objects properties to make sure the desired element is located. 

2022-02-13 19:05:08 - [MESSAGE][WARNING] - [SELF-HEALING] Failed to find element with id 'Object Repository/Create folder and quiz/Page_CNPM quiz1/button_Bt u kim tra'. Try using Self-healing.

2022-02-13 19:05:08 - [MESSAGE][WARNING] - [SELF-HEALING] The current locator of test object 'Object Repository/Create folder and quiz/Page_CNPM quiz1/button_Bt u kim tra' was broken. Propose an alternative one: '(.//*[normalize-space(text()) and normalize-space(.)='Mark as done'])[1]/following::button[1]'.

2022-02-13 19:05:09 - [MESSAGE][PASSED] - Object: 'Object Repository/Create folder and quiz/Page_CNPM quiz1/button_Bt u kim tra' is clicked on

2022-02-13 19:05:09 - [TEST_STEP][PASSED] - setEncryptedText(findTestObject("Create folder and quiz/Page_CNPM quiz1/input_Quiz password_quizpassword"), "4nvbrPglk7k="): Text ****** has been set on object 'Object Repository/Create folder and quiz/Page_CNPM quiz1/input_Quiz password_quizpassword'

2022-02-13 19:05:09 - [MESSAGE][PASSED] - Text ****** has been set on object 'Object Repository/Create folder and quiz/Page_CNPM quiz1/input_Quiz password_quizpassword'

2022-02-13 19:05:09 - [TEST_STEP][PASSED] - click(findTestObject("Create folder and quiz/Page_CNPM quiz1/input_Quiz password_submitbutton")): Object: 'Object Repository/Create folder and quiz/Page_CNPM quiz1/input_Quiz password_submitbutton' is clicked on

2022-02-13 19:05:10 - [MESSAGE][PASSED] - Object: 'Object Repository/Create folder and quiz/Page_CNPM quiz1/input_Quiz password_submitbutton' is clicked on

2022-02-13 19:05:10 - [TEST_STEP][PASSED] - click(findTestObject("Create folder and quiz/Page_quiz1/input_Hy chn mt_q21_answer")): Object: 'Object Repository/Create folder and quiz/Page_quiz1/input_Hy chn mt_q21_answer' is clicked on

2022-02-13 19:05:16 - [MESSAGE][INFO] - Unable to find the element located by 'By.xpath: //input[@id='q2:1_answertrue']'. Please recheck the objects properties to make sure the desired element is located. 

2022-02-13 19:05:16 - [MESSAGE][WARNING] - [SELF-HEALING] Failed to find element with id 'Object Repository/Create folder and quiz/Page_quiz1/input_Hy chn mt_q21_answer'. Try using Self-healing.

2022-02-13 19:05:17 - [MESSAGE][WARNING] - [SELF-HEALING] The current locator of test object 'Object Repository/Create folder and quiz/Page_quiz1/input_Hy chn mt_q21_answer' was broken. Propose an alternative one: '//div[2]/div[2]/div/input'.

2022-02-13 19:05:17 - [MESSAGE][PASSED] - Object: 'Object Repository/Create folder and quiz/Page_quiz1/input_Hy chn mt_q21_answer' is clicked on

2022-02-13 19:05:17 - [TEST_STEP][PASSED] - click(findTestObject("Create folder and quiz/Page_quiz1/input_Sai_next")): Object: 'Object Repository/Create folder and quiz/Page_quiz1/input_Sai_next' is clicked on

2022-02-13 19:05:18 - [MESSAGE][PASSED] - Object: 'Object Repository/Create folder and quiz/Page_quiz1/input_Sai_next' is clicked on

2022-02-13 19:05:18 - [TEST_STEP][PASSED] - click(findTestObject("Create folder and quiz/Page_quiz1 Tng quan bi lm th/button_Np bi v kt thc")): Object: 'Object Repository/Create folder and quiz/Page_quiz1 Tng quan bi lm th/button_Np bi v kt thc' is clicked on

2022-02-13 19:05:24 - [MESSAGE][INFO] - Unable to find the element located by 'By.xpath: //button[@id='single_button61dd975f98aea21']'. Please recheck the objects properties to make sure the desired element is located. 

2022-02-13 19:05:24 - [MESSAGE][WARNING] - [SELF-HEALING] Failed to find element with id 'Object Repository/Create folder and quiz/Page_quiz1 Tng quan bi lm th/button_Np bi v kt thc'. Try using Self-healing.

2022-02-13 19:05:24 - [MESSAGE][WARNING] - [SELF-HEALING] The current locator of test object 'Object Repository/Create folder and quiz/Page_quiz1 Tng quan bi lm th/button_Np bi v kt thc' was broken. Propose an alternative one: '//section[@id='region-main']/div/div[3]/div/div/form/button'.

2022-02-13 19:05:25 - [MESSAGE][PASSED] - Object: 'Object Repository/Create folder and quiz/Page_quiz1 Tng quan bi lm th/button_Np bi v kt thc' is clicked on

2022-02-13 19:05:25 - [TEST_STEP][PASSED] - click(findTestObject("Create folder and quiz/Page_quiz1 Tng quan bi lm th/input_Mt khi np bi, bn s khng th thay i p n_23c1d4")): Object: 'Object Repository/Create folder and quiz/Page_quiz1 Tng quan bi lm th/input_Mt khi np bi, bn s khng th thay i p n_23c1d4' is clicked on

2022-02-13 19:05:31 - [MESSAGE][INFO] - Unable to find the element located by 'By.xpath: //input[@id='id_yuiconfirmyes-yui_3_17_2_2_1641912160060_8']'. Please recheck the objects properties to make sure the desired element is located. 

2022-02-13 19:05:31 - [MESSAGE][WARNING] - [SELF-HEALING] Failed to find element with id 'Object Repository/Create folder and quiz/Page_quiz1 Tng quan bi lm th/input_Mt khi np bi, bn s khng th thay i p n_23c1d4'. Try using Self-healing.

2022-02-13 19:05:31 - [MESSAGE][WARNING] - [SELF-HEALING] The current locator of test object 'Object Repository/Create folder and quiz/Page_quiz1 Tng quan bi lm th/input_Mt khi np bi, bn s khng th thay i p n_23c1d4' was broken. Propose an alternative one: '//div/div[2]/input'.

2022-02-13 19:05:32 - [MESSAGE][PASSED] - Object: 'Object Repository/Create folder and quiz/Page_quiz1 Tng quan bi lm th/input_Mt khi np bi, bn s khng th thay i p n_23c1d4' is clicked on

2022-02-13 19:05:32 - [TEST_STEP][PASSED] - verifyElementText(findTestObject("Create folder and quiz/Page_quiz1 Xem li ln lm th/td_10,00 trn 10,00 (100)"), "10,00 trên 10,00 (100%)"): Actual text and expected text of test object 'Object Repository/Create folder and quiz/Page_quiz1 Xem li ln lm th/td_10,00 trn 10,00 (100)' are matched.

2022-02-13 19:05:32 - [MESSAGE][PASSED] - Actual text and expected text of test object 'Object Repository/Create folder and quiz/Page_quiz1 Xem li ln lm th/td_10,00 trn 10,00 (100)' are matched.

2022-02-13 19:05:32 - [TEST_STEP][PASSED] - click(findTestObject("Create folder and quiz/Page_quiz1 Xem li ln lm th/a_Student Nguyen")): Object: 'Object Repository/Create folder and quiz/Page_quiz1 Xem li ln lm th/a_Student Nguyen' is clicked on

2022-02-13 19:05:33 - [MESSAGE][PASSED] - Object: 'Object Repository/Create folder and quiz/Page_quiz1 Xem li ln lm th/a_Student Nguyen' is clicked on

2022-02-13 19:05:33 - [TEST_STEP][PASSED] - click(findTestObject("Create folder and quiz/Page_quiz1 Xem li ln lm th/span_Thot")): Object: 'Object Repository/Create folder and quiz/Page_quiz1 Xem li ln lm th/span_Thot' is clicked on

2022-02-13 19:05:33 - [MESSAGE][PASSED] - Object: 'Object Repository/Create folder and quiz/Page_quiz1 Xem li ln lm th/span_Thot' is clicked on

2022-02-13 19:05:34 - [TEST_STEP][PASSED] - callTestCase(findTestCase("Utils/Delete course CNPM"), [:], STOP_ON_FAILURE): Call Test Case 'Test Cases/Utils/Delete course CNPM' successfully

2022-02-13 19:05:34 - [TEST_CASE][PASSED] - Test Cases/Utils/Delete course CNPM: Test Cases/Utils/Delete course CNPM

2022-02-13 19:05:34 - [TEST_STEP][PASSED] - callTestCase(findTestCase("Utils/Login as admin"), [:], STOP_ON_FAILURE): Call Test Case 'Test Cases/Utils/Login as admin' successfully

2022-02-13 19:05:34 - [TEST_CASE][PASSED] - Test Cases/Utils/Login as admin: Test Cases/Utils/Login as admin

2022-02-13 19:05:34 - [TEST_STEP][PASSED] - click(findTestObject("View course grade/Page_Local Moodle/a_Log in")): Object: 'Object Repository/View course grade/Page_Local Moodle/a_Log in' is clicked on

2022-02-13 19:05:34 - [MESSAGE][PASSED] - Object: 'Object Repository/View course grade/Page_Local Moodle/a_Log in' is clicked on

2022-02-13 19:05:34 - [TEST_STEP][PASSED] - setText(findTestObject("View course grade/Page_Local Moodle Log in to the site/input_Username_username"), "admin"): Text 'admin' is set on object 'Object Repository/View course grade/Page_Local Moodle Log in to the site/input_Username_username'

2022-02-13 19:05:35 - [MESSAGE][PASSED] - Text 'admin' is set on object 'Object Repository/View course grade/Page_Local Moodle Log in to the site/input_Username_username'

2022-02-13 19:05:35 - [TEST_STEP][PASSED] - setEncryptedText(findTestObject("View course grade/Page_Local Moodle Log in to the site/input_Password_password"), "bfAykA/oWJ09FXmiKh6lyuuLu8QhG1K5"): Text ****** has been set on object 'Object Repository/View course grade/Page_Local Moodle Log in to the site/input_Password_password'

2022-02-13 19:05:36 - [MESSAGE][PASSED] - Text ****** has been set on object 'Object Repository/View course grade/Page_Local Moodle Log in to the site/input_Password_password'

2022-02-13 19:05:36 - [TEST_STEP][PASSED] - click(findTestObject("View course grade/Page_Local Moodle Log in to the site/button_Log in")): Object: 'Object Repository/View course grade/Page_Local Moodle Log in to the site/button_Log in' is clicked on

2022-02-13 19:05:37 - [MESSAGE][PASSED] - Object: 'Object Repository/View course grade/Page_Local Moodle Log in to the site/button_Log in' is clicked on

2022-02-13 19:05:37 - [MESSAGE][INFO] - 

2022-02-13 19:05:37 - [MESSAGE][INFO] - ===================== Self-healing Report ====================

2022-02-13 19:05:37 - [MESSAGE][INFO] - One of the failed test object locators has been recovered by Self-healing. Please refer to the Self-healing Insights tab for more details.

2022-02-13 19:05:37 - [MESSAGE][INFO] - To learn more about Self-healing, please read https://docs.katalon.com/katalon-studio/docs/self-healing.html

2022-02-13 19:05:37 - [MESSAGE][INFO] - ==============================================================

2022-02-13 19:05:37 - [MESSAGE][PASSED] - Call Test Case 'Test Cases/Utils/Login as admin' successfully

2022-02-13 19:05:37 - [TEST_STEP][PASSED] - click(findTestObject("Object Repository/Create course/Page_Nh ca ti/span_Qun tr khu vc")): Object: 'Object Repository/Create course/Page_Nh ca ti/span_Qun tr khu vc' is clicked on

2022-02-13 19:05:39 - [MESSAGE][PASSED] - Object: 'Object Repository/Create course/Page_Nh ca ti/span_Qun tr khu vc' is clicked on

2022-02-13 19:05:39 - [TEST_STEP][PASSED] - click(findTestObject("Object Repository/Create course/Page_Moodle Khu vc qun tr Tm kim/a_Kho hc")): Object: 'Object Repository/Create course/Page_Moodle Khu vc qun tr Tm kim/a_Kho hc' is clicked on

2022-02-13 19:05:40 - [MESSAGE][PASSED] - Object: 'Object Repository/Create course/Page_Moodle Khu vc qun tr Tm kim/a_Kho hc' is clicked on

2022-02-13 19:05:40 - [TEST_STEP][PASSED] - click(findTestObject("Object Repository/Create course/Page_Moodle Khu vc qun tr Tm kim/a_Thmsa cc kho hc")): Object: 'Object Repository/Create course/Page_Moodle Khu vc qun tr Tm kim/a_Thmsa cc kho hc' is clicked on

2022-02-13 19:05:41 - [MESSAGE][PASSED] - Object: 'Object Repository/Create course/Page_Moodle Khu vc qun tr Tm kim/a_Thmsa cc kho hc' is clicked on

2022-02-13 19:05:41 - [TEST_STEP][PASSED] - click(findTestObject("Object Repository/Create course/Page_Qun l kha hc v danh mc kha hc/div_La chn hnh ng hng lot Nhp mn Cng ngh ph_52747d")): Object: 'Object Repository/Create course/Page_Qun l kha hc v danh mc kha hc/div_La chn hnh ng hng lot Nhp mn Cng ngh ph_52747d' is clicked on

2022-02-13 19:05:47 - [MESSAGE][INFO] - Unable to find the element located by 'By.xpath: //div[@id='yui_3_17_2_1_1641378024996_198']'. Please recheck the objects properties to make sure the desired element is located. 

2022-02-13 19:05:47 - [MESSAGE][WARNING] - [SELF-HEALING] Failed to find element with id 'Object Repository/Create course/Page_Qun l kha hc v danh mc kha hc/div_La chn hnh ng hng lot Nhp mn Cng ngh ph_52747d'. Try using Self-healing.

2022-02-13 19:05:47 - [MESSAGE][WARNING] - [SELF-HEALING] The current locator of test object 'Object Repository/Create course/Page_Qun l kha hc v danh mc kha hc/div_La chn hnh ng hng lot Nhp mn Cng ngh ph_52747d' was broken. Propose an alternative one: '(.//*[normalize-space(text()) and normalize-space(.)='Tất cả'])[1]/following::div[1]'.

2022-02-13 19:05:48 - [MESSAGE][PASSED] - Object: 'Object Repository/Create course/Page_Qun l kha hc v danh mc kha hc/div_La chn hnh ng hng lot Nhp mn Cng ngh ph_52747d' is clicked on

2022-02-13 19:05:48 - [TEST_STEP][PASSED] - click(findTestObject("Object Repository/Create course/Page_Qun l kha hc v danh mc kha hc/a_Nhp mn Cng ngh phn mm")): Object: 'Object Repository/Create course/Page_Qun l kha hc v danh mc kha hc/a_Nhp mn Cng ngh phn mm' is clicked on

2022-02-13 19:05:54 - [MESSAGE][INFO] - Unable to find the element located by 'By.xpath: //a[@id='yui_3_17_2_1_1641378024996_202']'. Please recheck the objects properties to make sure the desired element is located. 

2022-02-13 19:05:54 - [MESSAGE][WARNING] - [SELF-HEALING] Failed to find element with id 'Object Repository/Create course/Page_Qun l kha hc v danh mc kha hc/a_Nhp mn Cng ngh phn mm'. Try using Self-healing.

2022-02-13 19:05:54 - [MESSAGE][WARNING] - [SELF-HEALING] The current locator of test object 'Object Repository/Create course/Page_Qun l kha hc v danh mc kha hc/a_Nhp mn Cng ngh phn mm' was broken. Propose an alternative one: '//a[contains(text(),'Nhập môn Công nghệ phần mềm')]'.

2022-02-13 19:05:55 - [MESSAGE][PASSED] - Object: 'Object Repository/Create course/Page_Qun l kha hc v danh mc kha hc/a_Nhp mn Cng ngh phn mm' is clicked on

2022-02-13 19:05:55 - [TEST_STEP][PASSED] - click(findTestObject("Object Repository/Create course/Page_Qun l kha hc v danh mc kha hc/a_Xo")): Object: 'Object Repository/Create course/Page_Qun l kha hc v danh mc kha hc/a_Xo' is clicked on

2022-02-13 19:06:01 - [MESSAGE][INFO] - Unable to find the element located by 'By.xpath: //a[@id='action_link61d570ff7b02a61']'. Please recheck the objects properties to make sure the desired element is located. 

2022-02-13 19:06:01 - [MESSAGE][WARNING] - [SELF-HEALING] Failed to find element with id 'Object Repository/Create course/Page_Qun l kha hc v danh mc kha hc/a_Xo'. Try using Self-healing.

2022-02-13 19:06:01 - [MESSAGE][WARNING] - [SELF-HEALING] The current locator of test object 'Object Repository/Create course/Page_Qun l kha hc v danh mc kha hc/a_Xo' was broken. Propose an alternative one: '//div[@id='course-detail']/div/div[2]/div/a[4]'.

2022-02-13 19:06:02 - [MESSAGE][PASSED] - Object: 'Object Repository/Create course/Page_Qun l kha hc v danh mc kha hc/a_Xo' is clicked on

2022-02-13 19:06:02 - [TEST_STEP][PASSED] - click(findTestObject("Object Repository/Create course/Page_Moodle Xo CNPM/button_Xo")): Object: 'Object Repository/Create course/Page_Moodle Xo CNPM/button_Xo' is clicked on

2022-02-13 19:06:08 - [MESSAGE][INFO] - Unable to find the element located by 'By.xpath: //button[@id='single_button61dfb22f3a4de19']'. Please recheck the objects properties to make sure the desired element is located. 

2022-02-13 19:06:08 - [MESSAGE][WARNING] - [SELF-HEALING] Failed to find element with id 'Object Repository/Create course/Page_Moodle Xo CNPM/button_Xo'. Try using Self-healing.

2022-02-13 19:06:08 - [MESSAGE][WARNING] - [SELF-HEALING] The current locator of test object 'Object Repository/Create course/Page_Moodle Xo CNPM/button_Xo' was broken. Propose an alternative one: '//div[@id='modal-footer']/div/div/form/button'.

2022-02-13 19:06:09 - [MESSAGE][PASSED] - Object: 'Object Repository/Create course/Page_Moodle Xo CNPM/button_Xo' is clicked on

2022-02-13 19:06:09 - [TEST_STEP][PASSED] - click(findTestObject("Object Repository/Create course/Page_Moodle Xo CNPM/button_Tip tc")): Object: 'Object Repository/Create course/Page_Moodle Xo CNPM/button_Tip tc' is clicked on

2022-02-13 19:06:16 - [MESSAGE][INFO] - Unable to find the element located by 'By.xpath: //button[@id='single_button61d571098d12119']'. Please recheck the objects properties to make sure the desired element is located. 

2022-02-13 19:06:16 - [MESSAGE][WARNING] - [SELF-HEALING] Failed to find element with id 'Object Repository/Create course/Page_Moodle Xo CNPM/button_Tip tc'. Try using Self-healing.

2022-02-13 19:06:16 - [MESSAGE][WARNING] - [SELF-HEALING] The current locator of test object 'Object Repository/Create course/Page_Moodle Xo CNPM/button_Tip tc' was broken. Propose an alternative one: '(.//*[normalize-space(text()) and normalize-space(.)='CNPM đã được xoá hoàn toàn'])[1]/following::button[1]'.

2022-02-13 19:06:16 - [MESSAGE][PASSED] - Object: 'Object Repository/Create course/Page_Moodle Xo CNPM/button_Tip tc' is clicked on

2022-02-13 19:06:16 - [MESSAGE][INFO] - 

2022-02-13 19:06:16 - [MESSAGE][INFO] - ===================== Self-healing Report ====================

2022-02-13 19:06:16 - [MESSAGE][INFO] - One of the failed test object locators has been recovered by Self-healing. Please refer to the Self-healing Insights tab for more details.

2022-02-13 19:06:16 - [MESSAGE][INFO] - To learn more about Self-healing, please read https://docs.katalon.com/katalon-studio/docs/self-healing.html

2022-02-13 19:06:16 - [MESSAGE][INFO] - ==============================================================

2022-02-13 19:06:16 - [MESSAGE][PASSED] - Call Test Case 'Test Cases/Utils/Delete course CNPM' successfully

2022-02-13 19:06:16 - [TEST_STEP][PASSED] - closeBrowser(): Browser is closed

2022-02-13 19:06:18 - [MESSAGE][PASSED] - Browser is closed]]></system-out>
         <system-err><![CDATA[]]></system-err>
      </testcase>
      <testcase name="Test Cases/View course grade/Update grade with assignment" time="173.175" classname="Test Cases/View course grade/Update grade with assignment" status="PASSED">
         <system-out><![CDATA[2022-02-13 19:06:18 - [TEST_CASE][PASSED] - Test Cases/View course grade/Update grade with assignment: Test Cases/View course grade/Update grade with assignment

2022-02-13 19:06:18 - [TEST_STEP][PASSED] - openBrowser(""): Browser is opened with url: ''

2022-02-13 19:06:18 - [MESSAGE][INFO] - Starting 'Edge Chromium' driver

2022-02-13 19:06:20 - [MESSAGE][INFO] - Action delay is set to 0 milliseconds

2022-02-13 19:06:21 - [MESSAGE][PASSED] - Browser is opened with url: ''

2022-02-13 19:06:21 - [TEST_STEP][PASSED] - navigateToUrl("http://localhost/"): Navigate to 'http://localhost/' successfully

2022-02-13 19:06:22 - [MESSAGE][PASSED] - Navigate to 'http://localhost/' successfully

2022-02-13 19:06:22 - [TEST_STEP][PASSED] - callTestCase(findTestCase("Utils/Create course CNPM"), [:], STOP_ON_FAILURE): Call Test Case 'Test Cases/Utils/Create course CNPM' successfully

2022-02-13 19:06:22 - [TEST_CASE][PASSED] - Test Cases/Utils/Create course CNPM: Test Cases/Utils/Create course CNPM

2022-02-13 19:06:22 - [TEST_STEP][PASSED] - callTestCase(findTestCase("Utils/Login as admin"), [:], STOP_ON_FAILURE): Call Test Case 'Test Cases/Utils/Login as admin' successfully

2022-02-13 19:06:22 - [TEST_CASE][PASSED] - Test Cases/Utils/Login as admin: Test Cases/Utils/Login as admin

2022-02-13 19:06:22 - [TEST_STEP][PASSED] - click(findTestObject("View course grade/Page_Local Moodle/a_Log in")): Object: 'Object Repository/View course grade/Page_Local Moodle/a_Log in' is clicked on

2022-02-13 19:06:23 - [MESSAGE][PASSED] - Object: 'Object Repository/View course grade/Page_Local Moodle/a_Log in' is clicked on

2022-02-13 19:06:23 - [TEST_STEP][PASSED] - setText(findTestObject("View course grade/Page_Local Moodle Log in to the site/input_Username_username"), "admin"): Text 'admin' is set on object 'Object Repository/View course grade/Page_Local Moodle Log in to the site/input_Username_username'

2022-02-13 19:06:23 - [MESSAGE][PASSED] - Text 'admin' is set on object 'Object Repository/View course grade/Page_Local Moodle Log in to the site/input_Username_username'

2022-02-13 19:06:23 - [TEST_STEP][PASSED] - setEncryptedText(findTestObject("View course grade/Page_Local Moodle Log in to the site/input_Password_password"), "bfAykA/oWJ09FXmiKh6lyuuLu8QhG1K5"): Text ****** has been set on object 'Object Repository/View course grade/Page_Local Moodle Log in to the site/input_Password_password'

2022-02-13 19:06:24 - [MESSAGE][PASSED] - Text ****** has been set on object 'Object Repository/View course grade/Page_Local Moodle Log in to the site/input_Password_password'

2022-02-13 19:06:24 - [TEST_STEP][PASSED] - click(findTestObject("View course grade/Page_Local Moodle Log in to the site/button_Log in")): Object: 'Object Repository/View course grade/Page_Local Moodle Log in to the site/button_Log in' is clicked on

2022-02-13 19:06:25 - [MESSAGE][PASSED] - Object: 'Object Repository/View course grade/Page_Local Moodle Log in to the site/button_Log in' is clicked on

2022-02-13 19:06:25 - [MESSAGE][PASSED] - Call Test Case 'Test Cases/Utils/Login as admin' successfully

2022-02-13 19:06:25 - [TEST_STEP][PASSED] - click(findTestObject("Object Repository/Utils/Page_Nh ca ti/span_Qun tr khu vc")): Object: 'Object Repository/Utils/Page_Nh ca ti/span_Qun tr khu vc' is clicked on

2022-02-13 19:06:27 - [MESSAGE][PASSED] - Object: 'Object Repository/Utils/Page_Nh ca ti/span_Qun tr khu vc' is clicked on

2022-02-13 19:06:27 - [TEST_STEP][PASSED] - click(findTestObject("Object Repository/Utils/Page_Moodle Khu vc qun tr Tm kim/a_Kho hc")): Object: 'Object Repository/Utils/Page_Moodle Khu vc qun tr Tm kim/a_Kho hc' is clicked on

2022-02-13 19:06:28 - [MESSAGE][PASSED] - Object: 'Object Repository/Utils/Page_Moodle Khu vc qun tr Tm kim/a_Kho hc' is clicked on

2022-02-13 19:06:28 - [TEST_STEP][PASSED] - click(findTestObject("Object Repository/Utils/Page_Moodle Khu vc qun tr Tm kim/a_Thmsa cc kho hc")): Object: 'Object Repository/Utils/Page_Moodle Khu vc qun tr Tm kim/a_Thmsa cc kho hc' is clicked on

2022-02-13 19:06:29 - [MESSAGE][PASSED] - Object: 'Object Repository/Utils/Page_Moodle Khu vc qun tr Tm kim/a_Thmsa cc kho hc' is clicked on

2022-02-13 19:06:29 - [TEST_STEP][PASSED] - click(findTestObject("Object Repository/Utils/Page_Qun l kha hc v danh mc kha hc/a_To kha hc mi")): Object: 'Object Repository/Utils/Page_Qun l kha hc v danh mc kha hc/a_To kha hc mi' is clicked on

2022-02-13 19:06:35 - [MESSAGE][INFO] - Unable to find the element located by 'By.xpath: //div[@id='yui_3_17_2_1_1641906891631_57']/div/div/a'. Please recheck the objects properties to make sure the desired element is located. 

2022-02-13 19:06:35 - [MESSAGE][WARNING] - [SELF-HEALING] Failed to find element with id 'Object Repository/Utils/Page_Qun l kha hc v danh mc kha hc/a_To kha hc mi'. Try using Self-healing.

2022-02-13 19:06:35 - [MESSAGE][WARNING] - [SELF-HEALING] The current locator of test object 'Object Repository/Utils/Page_Qun l kha hc v danh mc kha hc/a_To kha hc mi' was broken. Propose an alternative one: '//a[contains(text(),'Tạo khóa học mới')]'.

2022-02-13 19:06:36 - [MESSAGE][PASSED] - Object: 'Object Repository/Utils/Page_Qun l kha hc v danh mc kha hc/a_To kha hc mi' is clicked on

2022-02-13 19:06:36 - [TEST_STEP][PASSED] - setText(findTestObject("Object Repository/Utils/Page_Moodle Thm kho hc mi/input_Tn y_fullname"), "Nhập môn Công nghệ phần mềm"): Text 'Nhập môn Công nghệ phần mềm' is set on object 'Object Repository/Utils/Page_Moodle Thm kho hc mi/input_Tn y_fullname'

2022-02-13 19:06:38 - [MESSAGE][PASSED] - Text 'Nhập môn Công nghệ phần mềm' is set on object 'Object Repository/Utils/Page_Moodle Thm kho hc mi/input_Tn y_fullname'

2022-02-13 19:06:38 - [TEST_STEP][PASSED] - setText(findTestObject("Object Repository/Utils/Page_Moodle Thm kho hc mi/input_Tn rt gn ca kho hc_shortname"), "CNPM"): Text 'CNPM' is set on object 'Object Repository/Utils/Page_Moodle Thm kho hc mi/input_Tn rt gn ca kho hc_shortname'

2022-02-13 19:06:39 - [MESSAGE][PASSED] - Text 'CNPM' is set on object 'Object Repository/Utils/Page_Moodle Thm kho hc mi/input_Tn rt gn ca kho hc_shortname'

2022-02-13 19:06:39 - [TEST_STEP][PASSED] - click(findTestObject("Object Repository/Utils/Page_Moodle Thm kho hc mi/input__saveanddisplay")): Object: 'Object Repository/Utils/Page_Moodle Thm kho hc mi/input__saveanddisplay' is clicked on

2022-02-13 19:06:40 - [MESSAGE][PASSED] - Object: 'Object Repository/Utils/Page_Moodle Thm kho hc mi/input__saveanddisplay' is clicked on

2022-02-13 19:06:40 - [TEST_STEP][PASSED] - click(findTestObject("Object Repository/Utils/Page_CNPM Danh sch thnh vin/input_Danh sch thnh vin_btn btn-secondary my-1")): Object: 'Object Repository/Utils/Page_CNPM Danh sch thnh vin/input_Danh sch thnh vin_btn btn-secondary my-1' is clicked on

2022-02-13 19:06:40 - [MESSAGE][PASSED] - Object: 'Object Repository/Utils/Page_CNPM Danh sch thnh vin/input_Danh sch thnh vin_btn btn-secondary my-1' is clicked on

2022-02-13 19:06:40 - [TEST_STEP][PASSED] - click(findTestObject("Object Repository/Utils/Page_CNPM Danh sch thnh vin/span_")): Object: 'Object Repository/Utils/Page_CNPM Danh sch thnh vin/span_' is clicked on

2022-02-13 19:06:46 - [MESSAGE][INFO] - Unable to find the element located by 'By.xpath: //span[@id='form_autocomplete_downarrow-1641965227117']'. Please recheck the objects properties to make sure the desired element is located. 

2022-02-13 19:06:47 - [MESSAGE][WARNING] - [SELF-HEALING] Failed to find element with id 'Object Repository/Utils/Page_CNPM Danh sch thnh vin/span_'. Try using Self-healing.

2022-02-13 19:06:47 - [MESSAGE][WARNING] - [SELF-HEALING] The current locator of test object 'Object Repository/Utils/Page_CNPM Danh sch thnh vin/span_' was broken. Propose an alternative one: '//div[@id='fitem_id_userlist']/div[2]/div[3]/span'.

2022-02-13 19:06:47 - [MESSAGE][PASSED] - Object: 'Object Repository/Utils/Page_CNPM Danh sch thnh vin/span_' is clicked on

2022-02-13 19:06:47 - [TEST_STEP][PASSED] - click(findTestObject("Object Repository/Utils/Page_CNPM Danh sch thnh vin/span_Student Nguyen")): Object: 'Object Repository/Utils/Page_CNPM Danh sch thnh vin/span_Student Nguyen' is clicked on

2022-02-13 19:06:53 - [MESSAGE][INFO] - Unable to find the element located by 'By.xpath: //li[@id='form_autocomplete_suggestions-1641965227117-0']/span/span'. Please recheck the objects properties to make sure the desired element is located. 

2022-02-13 19:06:53 - [MESSAGE][WARNING] - [SELF-HEALING] Failed to find element with id 'Object Repository/Utils/Page_CNPM Danh sch thnh vin/span_Student Nguyen'. Try using Self-healing.

2022-02-13 19:06:54 - [MESSAGE][INFO] - Unable to find the element located by 'By.xpath: (.//*[normalize-space(text()) and normalize-space(.)='student1@gmail.com'])[2]/following::span[2]'. Please recheck the objects properties to make sure the desired element is located. 

2022-02-13 19:06:55 - [MESSAGE][WARNING] - [SELF-HEALING] The current locator of test object 'Object Repository/Utils/Page_CNPM Danh sch thnh vin/span_Student Nguyen' was broken. Propose an alternative one: '(.//*[normalize-space(text()) and normalize-space(.)='student@gmail.com'])[2]/preceding::span[1]'.

2022-02-13 19:06:55 - [MESSAGE][PASSED] - Object: 'Object Repository/Utils/Page_CNPM Danh sch thnh vin/span_Student Nguyen' is clicked on

2022-02-13 19:06:55 - [TEST_STEP][PASSED] - click(findTestObject("Object Repository/Utils/Page_CNPM Danh sch thnh vin/button_Ghi danh ngi dng")): Object: 'Object Repository/Utils/Page_CNPM Danh sch thnh vin/button_Ghi danh ngi dng' is clicked on

2022-02-13 19:07:01 - [MESSAGE][INFO] - Unable to find the element located by 'By.xpath: //button[@id='yui_3_17_2_1_1641965226678_264']'. Please recheck the objects properties to make sure the desired element is located. 

2022-02-13 19:07:01 - [MESSAGE][WARNING] - [SELF-HEALING] Failed to find element with id 'Object Repository/Utils/Page_CNPM Danh sch thnh vin/button_Ghi danh ngi dng'. Try using Self-healing.

2022-02-13 19:07:01 - [MESSAGE][WARNING] - [SELF-HEALING] The current locator of test object 'Object Repository/Utils/Page_CNPM Danh sch thnh vin/button_Ghi danh ngi dng' was broken. Propose an alternative one: '(.//*[normalize-space(text()) and normalize-space(.)='Phút'])[1]/following::button[1]'.

2022-02-13 19:07:01 - [MESSAGE][PASSED] - Object: 'Object Repository/Utils/Page_CNPM Danh sch thnh vin/button_Ghi danh ngi dng' is clicked on

2022-02-13 19:07:01 - [TEST_STEP][PASSED] - click(findTestObject("Object Repository/Utils/Page_CNPM Danh sch thnh vin/input_Danh sch thnh vin_btn btn-secondary my-1")): Object: 'Object Repository/Utils/Page_CNPM Danh sch thnh vin/input_Danh sch thnh vin_btn btn-secondary my-1' is clicked on

2022-02-13 19:07:02 - [MESSAGE][PASSED] - Object: 'Object Repository/Utils/Page_CNPM Danh sch thnh vin/input_Danh sch thnh vin_btn btn-secondary my-1' is clicked on

2022-02-13 19:07:02 - [TEST_STEP][PASSED] - selectOptionByValue(findTestObject("Object Repository/Create course/Page_CNPM Danh sch thnh vin/select_Ngi qun l            Gio vin        _4311d9"), "3", true): All options with value '3' are selected in object 'Object Repository/Create course/Page_CNPM Danh sch thnh vin/select_Ngi qun l            Gio vin        _4311d9'  using regular expression

2022-02-13 19:07:04 - [MESSAGE][PASSED] - All options with value '3' are selected in object 'Object Repository/Create course/Page_CNPM Danh sch thnh vin/select_Ngi qun l            Gio vin        _4311d9'  using regular expression

2022-02-13 19:07:04 - [TEST_STEP][PASSED] - click(findTestObject("Object Repository/Utils/Page_CNPM Danh sch thnh vin/span_")): Object: 'Object Repository/Utils/Page_CNPM Danh sch thnh vin/span_' is clicked on

2022-02-13 19:07:11 - [MESSAGE][INFO] - Unable to find the element located by 'By.xpath: //span[@id='form_autocomplete_downarrow-1641965227117']'. Please recheck the objects properties to make sure the desired element is located. 

2022-02-13 19:07:11 - [MESSAGE][WARNING] - [SELF-HEALING] Failed to find element with id 'Object Repository/Utils/Page_CNPM Danh sch thnh vin/span_'. Try using Self-healing.

2022-02-13 19:07:11 - [MESSAGE][WARNING] - [SELF-HEALING] The current locator of test object 'Object Repository/Utils/Page_CNPM Danh sch thnh vin/span_' was broken. Propose an alternative one: '//div[@id='fitem_id_userlist']/div[2]/div[3]/span'.

2022-02-13 19:07:11 - [MESSAGE][PASSED] - Object: 'Object Repository/Utils/Page_CNPM Danh sch thnh vin/span_' is clicked on

2022-02-13 19:07:11 - [TEST_STEP][PASSED] - click(findTestObject("Object Repository/Create course/Page_CNPM Danh sch thnh vin/span_Nguyen Van A")): Object: 'Object Repository/Create course/Page_CNPM Danh sch thnh vin/span_Nguyen Van A' is clicked on

2022-02-13 19:07:17 - [MESSAGE][INFO] - Unable to find the element located by 'By.xpath: //li[@id='form_autocomplete_suggestions-1642350427588-0']/span/span'. Please recheck the objects properties to make sure the desired element is located. 

2022-02-13 19:07:17 - [MESSAGE][WARNING] - [SELF-HEALING] Failed to find element with id 'Object Repository/Create course/Page_CNPM Danh sch thnh vin/span_Nguyen Van A'. Try using Self-healing.

2022-02-13 19:07:17 - [MESSAGE][WARNING] - [SELF-HEALING] The current locator of test object 'Object Repository/Create course/Page_CNPM Danh sch thnh vin/span_Nguyen Van A' was broken. Propose an alternative one: '(.//*[normalize-space(text()) and normalize-space(.)='▼'])[1]/following::span[2]'.

2022-02-13 19:07:17 - [MESSAGE][PASSED] - Object: 'Object Repository/Create course/Page_CNPM Danh sch thnh vin/span_Nguyen Van A' is clicked on

2022-02-13 19:07:17 - [TEST_STEP][PASSED] - click(findTestObject("Object Repository/Create course/Page_CNPM Danh sch thnh vin/button_Ghi danh ngi dng_1")): Object: 'Object Repository/Create course/Page_CNPM Danh sch thnh vin/button_Ghi danh ngi dng_1' is clicked on

2022-02-13 19:07:24 - [MESSAGE][INFO] - Unable to find the element located by 'By.xpath: //button[@id='yui_3_17_2_1_1642348738650_377']'. Please recheck the objects properties to make sure the desired element is located. 

2022-02-13 19:07:24 - [MESSAGE][WARNING] - [SELF-HEALING] Failed to find element with id 'Object Repository/Create course/Page_CNPM Danh sch thnh vin/button_Ghi danh ngi dng_1'. Try using Self-healing.

2022-02-13 19:07:24 - [MESSAGE][WARNING] - [SELF-HEALING] The current locator of test object 'Object Repository/Create course/Page_CNPM Danh sch thnh vin/button_Ghi danh ngi dng_1' was broken. Propose an alternative one: '(.//*[normalize-space(text()) and normalize-space(.)='Phút'])[1]/following::button[1]'.

2022-02-13 19:07:24 - [MESSAGE][PASSED] - Object: 'Object Repository/Create course/Page_CNPM Danh sch thnh vin/button_Ghi danh ngi dng_1' is clicked on

2022-02-13 19:07:24 - [TEST_STEP][PASSED] - click(findTestObject("Object Repository/Utils/Page_CNPM Danh sch thnh vin/span_CNPM")): Object: 'Object Repository/Utils/Page_CNPM Danh sch thnh vin/span_CNPM' is clicked on

2022-02-13 19:07:25 - [MESSAGE][PASSED] - Object: 'Object Repository/Utils/Page_CNPM Danh sch thnh vin/span_CNPM' is clicked on

2022-02-13 19:07:25 - [TEST_STEP][PASSED] - click(findTestObject("Create folder and quiz/Page_CNPM Danh sch thnh vin/a_Qun tr Thnh vin")): Object: 'Object Repository/Create folder and quiz/Page_CNPM Danh sch thnh vin/a_Qun tr Thnh vin' is clicked on

2022-02-13 19:07:26 - [MESSAGE][PASSED] - Object: 'Object Repository/Create folder and quiz/Page_CNPM Danh sch thnh vin/a_Qun tr Thnh vin' is clicked on

2022-02-13 19:07:26 - [TEST_STEP][PASSED] - click(findTestObject("Create folder and quiz/Page_CNPM Danh sch thnh vin/span_Thot")): Object: 'Object Repository/Create folder and quiz/Page_CNPM Danh sch thnh vin/span_Thot' is clicked on

2022-02-13 19:07:27 - [MESSAGE][PASSED] - Object: 'Object Repository/Create folder and quiz/Page_CNPM Danh sch thnh vin/span_Thot' is clicked on

2022-02-13 19:07:27 - [MESSAGE][INFO] - 

2022-02-13 19:07:27 - [MESSAGE][INFO] - ===================== Self-healing Report ====================

2022-02-13 19:07:27 - [MESSAGE][INFO] - One of the failed test object locators has been recovered by Self-healing. Please refer to the Self-healing Insights tab for more details.

2022-02-13 19:07:27 - [MESSAGE][INFO] - To learn more about Self-healing, please read https://docs.katalon.com/katalon-studio/docs/self-healing.html

2022-02-13 19:07:27 - [MESSAGE][INFO] - ==============================================================

2022-02-13 19:07:27 - [MESSAGE][PASSED] - Call Test Case 'Test Cases/Utils/Create course CNPM' successfully

2022-02-13 19:07:27 - [TEST_STEP][PASSED] - callTestCase(findTestCase("Utils/Login as admin"), [:], STOP_ON_FAILURE): Call Test Case 'Test Cases/Utils/Login as admin' successfully

2022-02-13 19:07:27 - [TEST_CASE][PASSED] - Test Cases/Utils/Login as admin: Test Cases/Utils/Login as admin

2022-02-13 19:07:27 - [TEST_STEP][PASSED] - click(findTestObject("View course grade/Page_Local Moodle/a_Log in")): Object: 'Object Repository/View course grade/Page_Local Moodle/a_Log in' is clicked on

2022-02-13 19:07:27 - [MESSAGE][PASSED] - Object: 'Object Repository/View course grade/Page_Local Moodle/a_Log in' is clicked on

2022-02-13 19:07:27 - [TEST_STEP][PASSED] - setText(findTestObject("View course grade/Page_Local Moodle Log in to the site/input_Username_username"), "admin"): Text 'admin' is set on object 'Object Repository/View course grade/Page_Local Moodle Log in to the site/input_Username_username'

2022-02-13 19:07:28 - [MESSAGE][PASSED] - Text 'admin' is set on object 'Object Repository/View course grade/Page_Local Moodle Log in to the site/input_Username_username'

2022-02-13 19:07:28 - [TEST_STEP][PASSED] - setEncryptedText(findTestObject("View course grade/Page_Local Moodle Log in to the site/input_Password_password"), "bfAykA/oWJ09FXmiKh6lyuuLu8QhG1K5"): Text ****** has been set on object 'Object Repository/View course grade/Page_Local Moodle Log in to the site/input_Password_password'

2022-02-13 19:07:29 - [MESSAGE][PASSED] - Text ****** has been set on object 'Object Repository/View course grade/Page_Local Moodle Log in to the site/input_Password_password'

2022-02-13 19:07:29 - [TEST_STEP][PASSED] - click(findTestObject("View course grade/Page_Local Moodle Log in to the site/button_Log in")): Object: 'Object Repository/View course grade/Page_Local Moodle Log in to the site/button_Log in' is clicked on

2022-02-13 19:07:30 - [MESSAGE][PASSED] - Object: 'Object Repository/View course grade/Page_Local Moodle Log in to the site/button_Log in' is clicked on

2022-02-13 19:07:30 - [MESSAGE][INFO] - 

2022-02-13 19:07:30 - [MESSAGE][INFO] - ===================== Self-healing Report ====================

2022-02-13 19:07:30 - [MESSAGE][INFO] - One of the failed test object locators has been recovered by Self-healing. Please refer to the Self-healing Insights tab for more details.

2022-02-13 19:07:30 - [MESSAGE][INFO] - To learn more about Self-healing, please read https://docs.katalon.com/katalon-studio/docs/self-healing.html

2022-02-13 19:07:30 - [MESSAGE][INFO] - ==============================================================

2022-02-13 19:07:30 - [MESSAGE][PASSED] - Call Test Case 'Test Cases/Utils/Login as admin' successfully

2022-02-13 19:07:30 - [TEST_STEP][PASSED] - click(findTestObject("View course grade/Page_Nh ca ti/span_Trang ch h thng")): Object: 'Object Repository/View course grade/Page_Nh ca ti/span_Trang ch h thng' is clicked on

2022-02-13 19:07:31 - [MESSAGE][PASSED] - Object: 'Object Repository/View course grade/Page_Nh ca ti/span_Trang ch h thng' is clicked on

2022-02-13 19:07:31 - [TEST_STEP][PASSED] - click(findTestObject("View course grade/Page_Local Moodle/a_Nhp mn Cng ngh phn mm")): Object: 'Object Repository/View course grade/Page_Local Moodle/a_Nhp mn Cng ngh phn mm' is clicked on

2022-02-13 19:07:32 - [MESSAGE][PASSED] - Object: 'Object Repository/View course grade/Page_Local Moodle/a_Nhp mn Cng ngh phn mm' is clicked on

2022-02-13 19:07:32 - [TEST_STEP][PASSED] - click(findTestObject("View course grade/Page_Kha Nhp mn Cng ngh phn mm/button_Bt ch  chnh sa")): Object: 'Object Repository/View course grade/Page_Kha Nhp mn Cng ngh phn mm/button_Bt ch  chnh sa' is clicked on

2022-02-13 19:07:38 - [MESSAGE][INFO] - Unable to find the element located by 'By.xpath: //button[@id='single_button61dd59a36edf61']'. Please recheck the objects properties to make sure the desired element is located. 

2022-02-13 19:07:38 - [MESSAGE][WARNING] - [SELF-HEALING] Failed to find element with id 'Object Repository/View course grade/Page_Kha Nhp mn Cng ngh phn mm/button_Bt ch  chnh sa'. Try using Self-healing.

2022-02-13 19:07:39 - [MESSAGE][WARNING] - [SELF-HEALING] The current locator of test object 'Object Repository/View course grade/Page_Kha Nhp mn Cng ngh phn mm/button_Bt ch  chnh sa' was broken. Propose an alternative one: '//header[@id='page-header']/div/div/div/div[2]/div[2]/div/form/button'.

2022-02-13 19:07:39 - [MESSAGE][PASSED] - Object: 'Object Repository/View course grade/Page_Kha Nhp mn Cng ngh phn mm/button_Bt ch  chnh sa' is clicked on

2022-02-13 19:07:39 - [TEST_STEP][PASSED] - click(findTestObject("View course grade/Page_Kha Nhp mn Cng ngh phn mm/span_Thm hot ng hoc ti nguyn")): Object: 'Object Repository/View course grade/Page_Kha Nhp mn Cng ngh phn mm/span_Thm hot ng hoc ti nguyn' is clicked on

2022-02-13 19:07:46 - [MESSAGE][INFO] - Unable to find the element located by 'By.xpath: //span[@id='yui_3_17_2_1_1641896358961_612']'. Please recheck the objects properties to make sure the desired element is located. 

2022-02-13 19:07:46 - [MESSAGE][WARNING] - [SELF-HEALING] Failed to find element with id 'Object Repository/View course grade/Page_Kha Nhp mn Cng ngh phn mm/span_Thm hot ng hoc ti nguyn'. Try using Self-healing.

2022-02-13 19:07:46 - [MESSAGE][WARNING] - [SELF-HEALING] The current locator of test object 'Object Repository/View course grade/Page_Kha Nhp mn Cng ngh phn mm/span_Thm hot ng hoc ti nguyn' was broken. Propose an alternative one: '(.//*[normalize-space(text()) and normalize-space(.)='Thêm tập tin ở đây'])[2]/following::span[1]'.

2022-02-13 19:07:46 - [MESSAGE][PASSED] - Object: 'Object Repository/View course grade/Page_Kha Nhp mn Cng ngh phn mm/span_Thm hot ng hoc ti nguyn' is clicked on

2022-02-13 19:07:46 - [TEST_STEP][PASSED] - click(findTestObject("View course grade/Page_Kha Nhp mn Cng ngh phn mm/div_Thng tin v  Bi hc hot ng_optionicon mt-_6d37dc")): Object: 'Object Repository/View course grade/Page_Kha Nhp mn Cng ngh phn mm/div_Thng tin v  Bi hc hot ng_optionicon mt-_6d37dc' is clicked on

2022-02-13 19:07:48 - [MESSAGE][PASSED] - Object: 'Object Repository/View course grade/Page_Kha Nhp mn Cng ngh phn mm/div_Thng tin v  Bi hc hot ng_optionicon mt-_6d37dc' is clicked on

2022-02-13 19:07:48 - [TEST_STEP][PASSED] - setText(findTestObject("View course grade/Page_Bin son Bi tp/input_Tn bi tp_name"), "BT1"): Text 'BT1' is set on object 'Object Repository/View course grade/Page_Bin son Bi tp/input_Tn bi tp_name'

2022-02-13 19:07:50 - [MESSAGE][PASSED] - Text 'BT1' is set on object 'Object Repository/View course grade/Page_Bin son Bi tp/input_Tn bi tp_name'

2022-02-13 19:07:50 - [TEST_STEP][PASSED] - click(findTestObject("View course grade/Page_Bin son Bi tp/input_Upon activity completion_submitbutton")): Object: 'Object Repository/View course grade/Page_Bin son Bi tp/input_Upon activity completion_submitbutton' is clicked on

2022-02-13 19:07:51 - [MESSAGE][PASSED] - Object: 'Object Repository/View course grade/Page_Bin son Bi tp/input_Upon activity completion_submitbutton' is clicked on

2022-02-13 19:07:51 - [TEST_STEP][PASSED] - click(findTestObject("View course grade/Page_CNPM BT1/span_im s")): Object: 'Object Repository/View course grade/Page_CNPM BT1/span_im s' is clicked on

2022-02-13 19:07:53 - [MESSAGE][PASSED] - Object: 'Object Repository/View course grade/Page_CNPM BT1/span_im s' is clicked on

2022-02-13 19:07:53 - [TEST_STEP][PASSED] - click(findTestObject("View course grade/Page_im s Xem/button_Bt ch  chnh sa")): Object: 'Object Repository/View course grade/Page_im s Xem/button_Bt ch  chnh sa' is clicked on

2022-02-13 19:07:59 - [MESSAGE][INFO] - Unable to find the element located by 'By.xpath: //button[@id='single_button61dd59ce1c3a21']'. Please recheck the objects properties to make sure the desired element is located. 

2022-02-13 19:07:59 - [MESSAGE][WARNING] - [SELF-HEALING] Failed to find element with id 'Object Repository/View course grade/Page_im s Xem/button_Bt ch  chnh sa'. Try using Self-healing.

2022-02-13 19:07:59 - [MESSAGE][WARNING] - [SELF-HEALING] The current locator of test object 'Object Repository/View course grade/Page_im s Xem/button_Bt ch  chnh sa' was broken. Propose an alternative one: '//header[@id='page-header']/div/div/div/div[2]/div[2]/div/form/button'.

2022-02-13 19:07:59 - [MESSAGE][PASSED] - Object: 'Object Repository/View course grade/Page_im s Xem/button_Bt ch  chnh sa' is clicked on

2022-02-13 19:07:59 - [TEST_STEP][PASSED] - setText(findTestObject("View course grade/Page_im s Xem/input_Student Nguyen Tng kha hc grade_grade626"), "9,00"): Text '9,00' is set on object 'Object Repository/View course grade/Page_im s Xem/input_Student Nguyen Tng kha hc grade_grade626'

2022-02-13 19:08:06 - [MESSAGE][INFO] - Unable to find the element located by 'By.xpath: //input[@id='grade_6_26']'. Please recheck the objects properties to make sure the desired element is located. 

2022-02-13 19:08:06 - [MESSAGE][WARNING] - [SELF-HEALING] Failed to find element with id 'Object Repository/View course grade/Page_im s Xem/input_Student Nguyen Tng kha hc grade_grade626'. Try using Self-healing.

2022-02-13 19:08:06 - [MESSAGE][WARNING] - [SELF-HEALING] The current locator of test object 'Object Repository/View course grade/Page_im s Xem/input_Student Nguyen Tng kha hc grade_grade626' was broken. Propose an alternative one: '//td[3]/input'.

2022-02-13 19:08:12 - [MESSAGE][INFO] - Unable to find the element located by 'By.xpath: //input[@id='grade_6_26']'. Please recheck the objects properties to make sure the desired element is located. 

2022-02-13 19:08:12 - [MESSAGE][WARNING] - [SELF-HEALING] Failed to find element with id 'Object Repository/View course grade/Page_im s Xem/input_Student Nguyen Tng kha hc grade_grade626'. Try using Self-healing.

2022-02-13 19:08:13 - [MESSAGE][WARNING] - [SELF-HEALING] The current locator of test object 'Object Repository/View course grade/Page_im s Xem/input_Student Nguyen Tng kha hc grade_grade626' was broken. Propose an alternative one: '//td[3]/input'.

2022-02-13 19:08:13 - [MESSAGE][PASSED] - Text '9,00' is set on object 'Object Repository/View course grade/Page_im s Xem/input_Student Nguyen Tng kha hc grade_grade626'

2022-02-13 19:08:13 - [TEST_STEP][PASSED] - click(findTestObject("View course grade/Page_im s Xem/input_Trung bnh tng_gradersubmit")): Object: 'Object Repository/View course grade/Page_im s Xem/input_Trung bnh tng_gradersubmit' is clicked on

2022-02-13 19:08:14 - [MESSAGE][PASSED] - Object: 'Object Repository/View course grade/Page_im s Xem/input_Trung bnh tng_gradersubmit' is clicked on

2022-02-13 19:08:14 - [TEST_STEP][PASSED] - click(findTestObject("View course grade/Page_im s Xem/button_Tt ch  chnh sa")): Object: 'Object Repository/View course grade/Page_im s Xem/button_Tt ch  chnh sa' is clicked on

2022-02-13 19:08:20 - [MESSAGE][INFO] - Unable to find the element located by 'By.xpath: //button[@id='single_button61dd59eba1b931']'. Please recheck the objects properties to make sure the desired element is located. 

2022-02-13 19:08:20 - [MESSAGE][WARNING] - [SELF-HEALING] Failed to find element with id 'Object Repository/View course grade/Page_im s Xem/button_Tt ch  chnh sa'. Try using Self-healing.

2022-02-13 19:08:20 - [MESSAGE][WARNING] - [SELF-HEALING] The current locator of test object 'Object Repository/View course grade/Page_im s Xem/button_Tt ch  chnh sa' was broken. Propose an alternative one: '//header[@id='page-header']/div/div/div/div[2]/div[2]/div/form/button'.

2022-02-13 19:08:21 - [MESSAGE][PASSED] - Object: 'Object Repository/View course grade/Page_im s Xem/button_Tt ch  chnh sa' is clicked on

2022-02-13 19:08:21 - [TEST_STEP][PASSED] - verifyElementText(findTestObject("View course grade/Page_im s Xem/span_9,00"), "9,00"): Actual text and expected text of test object 'Object Repository/View course grade/Page_im s Xem/span_9,00' are matched.

2022-02-13 19:08:27 - [MESSAGE][INFO] - Unable to find the element located by 'By.xpath: //td[@id='u6i26']/span'. Please recheck the objects properties to make sure the desired element is located. 

2022-02-13 19:08:27 - [MESSAGE][WARNING] - [SELF-HEALING] Failed to find element with id 'Object Repository/View course grade/Page_im s Xem/span_9,00'. Try using Self-healing.

2022-02-13 19:08:27 - [MESSAGE][WARNING] - [SELF-HEALING] The current locator of test object 'Object Repository/View course grade/Page_im s Xem/span_9,00' was broken. Propose an alternative one: '(.//*[normalize-space(text()) and normalize-space(.)='Trung bình tổng'])[1]/preceding::span[1]'.

2022-02-13 19:08:27 - [MESSAGE][PASSED] - Actual text and expected text of test object 'Object Repository/View course grade/Page_im s Xem/span_9,00' are matched.

2022-02-13 19:08:27 - [TEST_STEP][PASSED] - click(findTestObject("Create course/Page_CNPM Danh sch thnh vin/a_Qun tr Thnh vin")): Object: 'Object Repository/Create course/Page_CNPM Danh sch thnh vin/a_Qun tr Thnh vin' is clicked on

2022-02-13 19:08:27 - [MESSAGE][PASSED] - Object: 'Object Repository/Create course/Page_CNPM Danh sch thnh vin/a_Qun tr Thnh vin' is clicked on

2022-02-13 19:08:27 - [TEST_STEP][PASSED] - click(findTestObject("Create course/Page_CNPM Danh sch thnh vin/span_Thot")): Object: 'Object Repository/Create course/Page_CNPM Danh sch thnh vin/span_Thot' is clicked on

2022-02-13 19:08:28 - [MESSAGE][PASSED] - Object: 'Object Repository/Create course/Page_CNPM Danh sch thnh vin/span_Thot' is clicked on

2022-02-13 19:08:28 - [TEST_STEP][PASSED] - callTestCase(findTestCase("Utils/Delete course CNPM"), [:], STOP_ON_FAILURE): Call Test Case 'Test Cases/Utils/Delete course CNPM' successfully

2022-02-13 19:08:28 - [TEST_CASE][PASSED] - Test Cases/Utils/Delete course CNPM: Test Cases/Utils/Delete course CNPM

2022-02-13 19:08:28 - [TEST_STEP][PASSED] - callTestCase(findTestCase("Utils/Login as admin"), [:], STOP_ON_FAILURE): Call Test Case 'Test Cases/Utils/Login as admin' successfully

2022-02-13 19:08:28 - [TEST_CASE][PASSED] - Test Cases/Utils/Login as admin: Test Cases/Utils/Login as admin

2022-02-13 19:08:28 - [TEST_STEP][PASSED] - click(findTestObject("View course grade/Page_Local Moodle/a_Log in")): Object: 'Object Repository/View course grade/Page_Local Moodle/a_Log in' is clicked on

2022-02-13 19:08:29 - [MESSAGE][PASSED] - Object: 'Object Repository/View course grade/Page_Local Moodle/a_Log in' is clicked on

2022-02-13 19:08:29 - [TEST_STEP][PASSED] - setText(findTestObject("View course grade/Page_Local Moodle Log in to the site/input_Username_username"), "admin"): Text 'admin' is set on object 'Object Repository/View course grade/Page_Local Moodle Log in to the site/input_Username_username'

2022-02-13 19:08:30 - [MESSAGE][PASSED] - Text 'admin' is set on object 'Object Repository/View course grade/Page_Local Moodle Log in to the site/input_Username_username'

2022-02-13 19:08:30 - [TEST_STEP][PASSED] - setEncryptedText(findTestObject("View course grade/Page_Local Moodle Log in to the site/input_Password_password"), "bfAykA/oWJ09FXmiKh6lyuuLu8QhG1K5"): Text ****** has been set on object 'Object Repository/View course grade/Page_Local Moodle Log in to the site/input_Password_password'

2022-02-13 19:08:30 - [MESSAGE][PASSED] - Text ****** has been set on object 'Object Repository/View course grade/Page_Local Moodle Log in to the site/input_Password_password'

2022-02-13 19:08:30 - [TEST_STEP][PASSED] - click(findTestObject("View course grade/Page_Local Moodle Log in to the site/button_Log in")): Object: 'Object Repository/View course grade/Page_Local Moodle Log in to the site/button_Log in' is clicked on

2022-02-13 19:08:31 - [MESSAGE][PASSED] - Object: 'Object Repository/View course grade/Page_Local Moodle Log in to the site/button_Log in' is clicked on

2022-02-13 19:08:31 - [MESSAGE][INFO] - 

2022-02-13 19:08:31 - [MESSAGE][INFO] - ===================== Self-healing Report ====================

2022-02-13 19:08:31 - [MESSAGE][INFO] - One of the failed test object locators has been recovered by Self-healing. Please refer to the Self-healing Insights tab for more details.

2022-02-13 19:08:31 - [MESSAGE][INFO] - To learn more about Self-healing, please read https://docs.katalon.com/katalon-studio/docs/self-healing.html

2022-02-13 19:08:31 - [MESSAGE][INFO] - ==============================================================

2022-02-13 19:08:31 - [MESSAGE][PASSED] - Call Test Case 'Test Cases/Utils/Login as admin' successfully

2022-02-13 19:08:31 - [TEST_STEP][PASSED] - click(findTestObject("Object Repository/Create course/Page_Nh ca ti/span_Qun tr khu vc")): Object: 'Object Repository/Create course/Page_Nh ca ti/span_Qun tr khu vc' is clicked on

2022-02-13 19:08:33 - [MESSAGE][PASSED] - Object: 'Object Repository/Create course/Page_Nh ca ti/span_Qun tr khu vc' is clicked on

2022-02-13 19:08:33 - [TEST_STEP][PASSED] - click(findTestObject("Object Repository/Create course/Page_Moodle Khu vc qun tr Tm kim/a_Kho hc")): Object: 'Object Repository/Create course/Page_Moodle Khu vc qun tr Tm kim/a_Kho hc' is clicked on

2022-02-13 19:08:34 - [MESSAGE][PASSED] - Object: 'Object Repository/Create course/Page_Moodle Khu vc qun tr Tm kim/a_Kho hc' is clicked on

2022-02-13 19:08:34 - [TEST_STEP][PASSED] - click(findTestObject("Object Repository/Create course/Page_Moodle Khu vc qun tr Tm kim/a_Thmsa cc kho hc")): Object: 'Object Repository/Create course/Page_Moodle Khu vc qun tr Tm kim/a_Thmsa cc kho hc' is clicked on

2022-02-13 19:08:35 - [MESSAGE][PASSED] - Object: 'Object Repository/Create course/Page_Moodle Khu vc qun tr Tm kim/a_Thmsa cc kho hc' is clicked on

2022-02-13 19:08:35 - [TEST_STEP][PASSED] - click(findTestObject("Object Repository/Create course/Page_Qun l kha hc v danh mc kha hc/div_La chn hnh ng hng lot Nhp mn Cng ngh ph_52747d")): Object: 'Object Repository/Create course/Page_Qun l kha hc v danh mc kha hc/div_La chn hnh ng hng lot Nhp mn Cng ngh ph_52747d' is clicked on

2022-02-13 19:08:41 - [MESSAGE][INFO] - Unable to find the element located by 'By.xpath: //div[@id='yui_3_17_2_1_1641378024996_198']'. Please recheck the objects properties to make sure the desired element is located. 

2022-02-13 19:08:41 - [MESSAGE][WARNING] - [SELF-HEALING] Failed to find element with id 'Object Repository/Create course/Page_Qun l kha hc v danh mc kha hc/div_La chn hnh ng hng lot Nhp mn Cng ngh ph_52747d'. Try using Self-healing.

2022-02-13 19:08:41 - [MESSAGE][WARNING] - [SELF-HEALING] The current locator of test object 'Object Repository/Create course/Page_Qun l kha hc v danh mc kha hc/div_La chn hnh ng hng lot Nhp mn Cng ngh ph_52747d' was broken. Propose an alternative one: '(.//*[normalize-space(text()) and normalize-space(.)='Tất cả'])[1]/following::div[1]'.

2022-02-13 19:08:42 - [MESSAGE][PASSED] - Object: 'Object Repository/Create course/Page_Qun l kha hc v danh mc kha hc/div_La chn hnh ng hng lot Nhp mn Cng ngh ph_52747d' is clicked on

2022-02-13 19:08:42 - [TEST_STEP][PASSED] - click(findTestObject("Object Repository/Create course/Page_Qun l kha hc v danh mc kha hc/a_Nhp mn Cng ngh phn mm")): Object: 'Object Repository/Create course/Page_Qun l kha hc v danh mc kha hc/a_Nhp mn Cng ngh phn mm' is clicked on

2022-02-13 19:08:48 - [MESSAGE][INFO] - Unable to find the element located by 'By.xpath: //a[@id='yui_3_17_2_1_1641378024996_202']'. Please recheck the objects properties to make sure the desired element is located. 

2022-02-13 19:08:48 - [MESSAGE][WARNING] - [SELF-HEALING] Failed to find element with id 'Object Repository/Create course/Page_Qun l kha hc v danh mc kha hc/a_Nhp mn Cng ngh phn mm'. Try using Self-healing.

2022-02-13 19:08:48 - [MESSAGE][WARNING] - [SELF-HEALING] The current locator of test object 'Object Repository/Create course/Page_Qun l kha hc v danh mc kha hc/a_Nhp mn Cng ngh phn mm' was broken. Propose an alternative one: '//a[contains(text(),'Nhập môn Công nghệ phần mềm')]'.

2022-02-13 19:08:48 - [MESSAGE][PASSED] - Object: 'Object Repository/Create course/Page_Qun l kha hc v danh mc kha hc/a_Nhp mn Cng ngh phn mm' is clicked on

2022-02-13 19:08:48 - [TEST_STEP][PASSED] - click(findTestObject("Object Repository/Create course/Page_Qun l kha hc v danh mc kha hc/a_Xo")): Object: 'Object Repository/Create course/Page_Qun l kha hc v danh mc kha hc/a_Xo' is clicked on

2022-02-13 19:08:54 - [MESSAGE][INFO] - Unable to find the element located by 'By.xpath: //a[@id='action_link61d570ff7b02a61']'. Please recheck the objects properties to make sure the desired element is located. 

2022-02-13 19:08:54 - [MESSAGE][WARNING] - [SELF-HEALING] Failed to find element with id 'Object Repository/Create course/Page_Qun l kha hc v danh mc kha hc/a_Xo'. Try using Self-healing.

2022-02-13 19:08:55 - [MESSAGE][WARNING] - [SELF-HEALING] The current locator of test object 'Object Repository/Create course/Page_Qun l kha hc v danh mc kha hc/a_Xo' was broken. Propose an alternative one: '//div[@id='course-detail']/div/div[2]/div/a[4]'.

2022-02-13 19:08:55 - [MESSAGE][PASSED] - Object: 'Object Repository/Create course/Page_Qun l kha hc v danh mc kha hc/a_Xo' is clicked on

2022-02-13 19:08:55 - [TEST_STEP][PASSED] - click(findTestObject("Object Repository/Create course/Page_Moodle Xo CNPM/button_Xo")): Object: 'Object Repository/Create course/Page_Moodle Xo CNPM/button_Xo' is clicked on

2022-02-13 19:09:02 - [MESSAGE][INFO] - Unable to find the element located by 'By.xpath: //button[@id='single_button61dfb22f3a4de19']'. Please recheck the objects properties to make sure the desired element is located. 

2022-02-13 19:09:02 - [MESSAGE][WARNING] - [SELF-HEALING] Failed to find element with id 'Object Repository/Create course/Page_Moodle Xo CNPM/button_Xo'. Try using Self-healing.

2022-02-13 19:09:02 - [MESSAGE][WARNING] - [SELF-HEALING] The current locator of test object 'Object Repository/Create course/Page_Moodle Xo CNPM/button_Xo' was broken. Propose an alternative one: '//div[@id='modal-footer']/div/div/form/button'.

2022-02-13 19:09:03 - [MESSAGE][PASSED] - Object: 'Object Repository/Create course/Page_Moodle Xo CNPM/button_Xo' is clicked on

2022-02-13 19:09:03 - [TEST_STEP][PASSED] - click(findTestObject("Object Repository/Create course/Page_Moodle Xo CNPM/button_Tip tc")): Object: 'Object Repository/Create course/Page_Moodle Xo CNPM/button_Tip tc' is clicked on

2022-02-13 19:09:09 - [MESSAGE][INFO] - Unable to find the element located by 'By.xpath: //button[@id='single_button61d571098d12119']'. Please recheck the objects properties to make sure the desired element is located. 

2022-02-13 19:09:09 - [MESSAGE][WARNING] - [SELF-HEALING] Failed to find element with id 'Object Repository/Create course/Page_Moodle Xo CNPM/button_Tip tc'. Try using Self-healing.

2022-02-13 19:09:09 - [MESSAGE][WARNING] - [SELF-HEALING] The current locator of test object 'Object Repository/Create course/Page_Moodle Xo CNPM/button_Tip tc' was broken. Propose an alternative one: '(.//*[normalize-space(text()) and normalize-space(.)='CNPM đã được xoá hoàn toàn'])[1]/following::button[1]'.

2022-02-13 19:09:10 - [MESSAGE][PASSED] - Object: 'Object Repository/Create course/Page_Moodle Xo CNPM/button_Tip tc' is clicked on

2022-02-13 19:09:10 - [MESSAGE][INFO] - 

2022-02-13 19:09:10 - [MESSAGE][INFO] - ===================== Self-healing Report ====================

2022-02-13 19:09:10 - [MESSAGE][INFO] - One of the failed test object locators has been recovered by Self-healing. Please refer to the Self-healing Insights tab for more details.

2022-02-13 19:09:10 - [MESSAGE][INFO] - To learn more about Self-healing, please read https://docs.katalon.com/katalon-studio/docs/self-healing.html

2022-02-13 19:09:10 - [MESSAGE][INFO] - ==============================================================

2022-02-13 19:09:10 - [MESSAGE][PASSED] - Call Test Case 'Test Cases/Utils/Delete course CNPM' successfully

2022-02-13 19:09:10 - [TEST_STEP][PASSED] - closeBrowser(): Browser is closed

2022-02-13 19:09:11 - [MESSAGE][PASSED] - Browser is closed]]></system-out>
         <system-err><![CDATA[]]></system-err>
      </testcase>
      <testcase name="Test Cases/View course grade/Update grade without assignment" time="148.116" classname="Test Cases/View course grade/Update grade without assignment" status="PASSED">
         <system-out><![CDATA[2022-02-13 19:09:11 - [TEST_CASE][PASSED] - Test Cases/View course grade/Update grade without assignment: Test Cases/View course grade/Update grade without assignment

2022-02-13 19:09:11 - [TEST_STEP][PASSED] - openBrowser(""): Browser is opened with url: ''

2022-02-13 19:09:11 - [MESSAGE][INFO] - Starting 'Edge Chromium' driver

2022-02-13 19:09:13 - [MESSAGE][INFO] - Action delay is set to 0 milliseconds

2022-02-13 19:09:13 - [MESSAGE][PASSED] - Browser is opened with url: ''

2022-02-13 19:09:13 - [TEST_STEP][PASSED] - navigateToUrl("http://localhost/"): Navigate to 'http://localhost/' successfully

2022-02-13 19:09:14 - [MESSAGE][PASSED] - Navigate to 'http://localhost/' successfully

2022-02-13 19:09:14 - [TEST_STEP][PASSED] - callTestCase(findTestCase("Utils/Create course CNPM"), [:], STOP_ON_FAILURE): Call Test Case 'Test Cases/Utils/Create course CNPM' successfully

2022-02-13 19:09:14 - [TEST_CASE][PASSED] - Test Cases/Utils/Create course CNPM: Test Cases/Utils/Create course CNPM

2022-02-13 19:09:14 - [TEST_STEP][PASSED] - callTestCase(findTestCase("Utils/Login as admin"), [:], STOP_ON_FAILURE): Call Test Case 'Test Cases/Utils/Login as admin' successfully

2022-02-13 19:09:14 - [TEST_CASE][PASSED] - Test Cases/Utils/Login as admin: Test Cases/Utils/Login as admin

2022-02-13 19:09:14 - [TEST_STEP][PASSED] - click(findTestObject("View course grade/Page_Local Moodle/a_Log in")): Object: 'Object Repository/View course grade/Page_Local Moodle/a_Log in' is clicked on

2022-02-13 19:09:15 - [MESSAGE][PASSED] - Object: 'Object Repository/View course grade/Page_Local Moodle/a_Log in' is clicked on

2022-02-13 19:09:15 - [TEST_STEP][PASSED] - setText(findTestObject("View course grade/Page_Local Moodle Log in to the site/input_Username_username"), "admin"): Text 'admin' is set on object 'Object Repository/View course grade/Page_Local Moodle Log in to the site/input_Username_username'

2022-02-13 19:09:16 - [MESSAGE][PASSED] - Text 'admin' is set on object 'Object Repository/View course grade/Page_Local Moodle Log in to the site/input_Username_username'

2022-02-13 19:09:16 - [TEST_STEP][PASSED] - setEncryptedText(findTestObject("View course grade/Page_Local Moodle Log in to the site/input_Password_password"), "bfAykA/oWJ09FXmiKh6lyuuLu8QhG1K5"): Text ****** has been set on object 'Object Repository/View course grade/Page_Local Moodle Log in to the site/input_Password_password'

2022-02-13 19:09:16 - [MESSAGE][PASSED] - Text ****** has been set on object 'Object Repository/View course grade/Page_Local Moodle Log in to the site/input_Password_password'

2022-02-13 19:09:16 - [TEST_STEP][PASSED] - click(findTestObject("View course grade/Page_Local Moodle Log in to the site/button_Log in")): Object: 'Object Repository/View course grade/Page_Local Moodle Log in to the site/button_Log in' is clicked on

2022-02-13 19:09:17 - [MESSAGE][PASSED] - Object: 'Object Repository/View course grade/Page_Local Moodle Log in to the site/button_Log in' is clicked on

2022-02-13 19:09:17 - [MESSAGE][PASSED] - Call Test Case 'Test Cases/Utils/Login as admin' successfully

2022-02-13 19:09:17 - [TEST_STEP][PASSED] - click(findTestObject("Object Repository/Utils/Page_Nh ca ti/span_Qun tr khu vc")): Object: 'Object Repository/Utils/Page_Nh ca ti/span_Qun tr khu vc' is clicked on

2022-02-13 19:09:19 - [MESSAGE][PASSED] - Object: 'Object Repository/Utils/Page_Nh ca ti/span_Qun tr khu vc' is clicked on

2022-02-13 19:09:19 - [TEST_STEP][PASSED] - click(findTestObject("Object Repository/Utils/Page_Moodle Khu vc qun tr Tm kim/a_Kho hc")): Object: 'Object Repository/Utils/Page_Moodle Khu vc qun tr Tm kim/a_Kho hc' is clicked on

2022-02-13 19:09:20 - [MESSAGE][PASSED] - Object: 'Object Repository/Utils/Page_Moodle Khu vc qun tr Tm kim/a_Kho hc' is clicked on

2022-02-13 19:09:20 - [TEST_STEP][PASSED] - click(findTestObject("Object Repository/Utils/Page_Moodle Khu vc qun tr Tm kim/a_Thmsa cc kho hc")): Object: 'Object Repository/Utils/Page_Moodle Khu vc qun tr Tm kim/a_Thmsa cc kho hc' is clicked on

2022-02-13 19:09:21 - [MESSAGE][PASSED] - Object: 'Object Repository/Utils/Page_Moodle Khu vc qun tr Tm kim/a_Thmsa cc kho hc' is clicked on

2022-02-13 19:09:21 - [TEST_STEP][PASSED] - click(findTestObject("Object Repository/Utils/Page_Qun l kha hc v danh mc kha hc/a_To kha hc mi")): Object: 'Object Repository/Utils/Page_Qun l kha hc v danh mc kha hc/a_To kha hc mi' is clicked on

2022-02-13 19:09:27 - [MESSAGE][INFO] - Unable to find the element located by 'By.xpath: //div[@id='yui_3_17_2_1_1641906891631_57']/div/div/a'. Please recheck the objects properties to make sure the desired element is located. 

2022-02-13 19:09:27 - [MESSAGE][WARNING] - [SELF-HEALING] Failed to find element with id 'Object Repository/Utils/Page_Qun l kha hc v danh mc kha hc/a_To kha hc mi'. Try using Self-healing.

2022-02-13 19:09:27 - [MESSAGE][WARNING] - [SELF-HEALING] The current locator of test object 'Object Repository/Utils/Page_Qun l kha hc v danh mc kha hc/a_To kha hc mi' was broken. Propose an alternative one: '//a[contains(text(),'Tạo khóa học mới')]'.

2022-02-13 19:09:28 - [MESSAGE][PASSED] - Object: 'Object Repository/Utils/Page_Qun l kha hc v danh mc kha hc/a_To kha hc mi' is clicked on

2022-02-13 19:09:28 - [TEST_STEP][PASSED] - setText(findTestObject("Object Repository/Utils/Page_Moodle Thm kho hc mi/input_Tn y_fullname"), "Nhập môn Công nghệ phần mềm"): Text 'Nhập môn Công nghệ phần mềm' is set on object 'Object Repository/Utils/Page_Moodle Thm kho hc mi/input_Tn y_fullname'

2022-02-13 19:09:29 - [MESSAGE][PASSED] - Text 'Nhập môn Công nghệ phần mềm' is set on object 'Object Repository/Utils/Page_Moodle Thm kho hc mi/input_Tn y_fullname'

2022-02-13 19:09:29 - [TEST_STEP][PASSED] - setText(findTestObject("Object Repository/Utils/Page_Moodle Thm kho hc mi/input_Tn rt gn ca kho hc_shortname"), "CNPM"): Text 'CNPM' is set on object 'Object Repository/Utils/Page_Moodle Thm kho hc mi/input_Tn rt gn ca kho hc_shortname'

2022-02-13 19:09:30 - [MESSAGE][PASSED] - Text 'CNPM' is set on object 'Object Repository/Utils/Page_Moodle Thm kho hc mi/input_Tn rt gn ca kho hc_shortname'

2022-02-13 19:09:30 - [TEST_STEP][PASSED] - click(findTestObject("Object Repository/Utils/Page_Moodle Thm kho hc mi/input__saveanddisplay")): Object: 'Object Repository/Utils/Page_Moodle Thm kho hc mi/input__saveanddisplay' is clicked on

2022-02-13 19:09:31 - [MESSAGE][PASSED] - Object: 'Object Repository/Utils/Page_Moodle Thm kho hc mi/input__saveanddisplay' is clicked on

2022-02-13 19:09:31 - [TEST_STEP][PASSED] - click(findTestObject("Object Repository/Utils/Page_CNPM Danh sch thnh vin/input_Danh sch thnh vin_btn btn-secondary my-1")): Object: 'Object Repository/Utils/Page_CNPM Danh sch thnh vin/input_Danh sch thnh vin_btn btn-secondary my-1' is clicked on

2022-02-13 19:09:32 - [MESSAGE][PASSED] - Object: 'Object Repository/Utils/Page_CNPM Danh sch thnh vin/input_Danh sch thnh vin_btn btn-secondary my-1' is clicked on

2022-02-13 19:09:32 - [TEST_STEP][PASSED] - click(findTestObject("Object Repository/Utils/Page_CNPM Danh sch thnh vin/span_")): Object: 'Object Repository/Utils/Page_CNPM Danh sch thnh vin/span_' is clicked on

2022-02-13 19:09:38 - [MESSAGE][INFO] - Unable to find the element located by 'By.xpath: //span[@id='form_autocomplete_downarrow-1641965227117']'. Please recheck the objects properties to make sure the desired element is located. 

2022-02-13 19:09:38 - [MESSAGE][WARNING] - [SELF-HEALING] Failed to find element with id 'Object Repository/Utils/Page_CNPM Danh sch thnh vin/span_'. Try using Self-healing.

2022-02-13 19:09:38 - [MESSAGE][WARNING] - [SELF-HEALING] The current locator of test object 'Object Repository/Utils/Page_CNPM Danh sch thnh vin/span_' was broken. Propose an alternative one: '//div[@id='fitem_id_userlist']/div[2]/div[3]/span'.

2022-02-13 19:09:38 - [MESSAGE][PASSED] - Object: 'Object Repository/Utils/Page_CNPM Danh sch thnh vin/span_' is clicked on

2022-02-13 19:09:38 - [TEST_STEP][PASSED] - click(findTestObject("Object Repository/Utils/Page_CNPM Danh sch thnh vin/span_Student Nguyen")): Object: 'Object Repository/Utils/Page_CNPM Danh sch thnh vin/span_Student Nguyen' is clicked on

2022-02-13 19:09:45 - [MESSAGE][INFO] - Unable to find the element located by 'By.xpath: //li[@id='form_autocomplete_suggestions-1641965227117-0']/span/span'. Please recheck the objects properties to make sure the desired element is located. 

2022-02-13 19:09:45 - [MESSAGE][WARNING] - [SELF-HEALING] Failed to find element with id 'Object Repository/Utils/Page_CNPM Danh sch thnh vin/span_Student Nguyen'. Try using Self-healing.

2022-02-13 19:09:46 - [MESSAGE][INFO] - Unable to find the element located by 'By.xpath: (.//*[normalize-space(text()) and normalize-space(.)='student1@gmail.com'])[2]/following::span[2]'. Please recheck the objects properties to make sure the desired element is located. 

2022-02-13 19:09:46 - [MESSAGE][WARNING] - [SELF-HEALING] The current locator of test object 'Object Repository/Utils/Page_CNPM Danh sch thnh vin/span_Student Nguyen' was broken. Propose an alternative one: '(.//*[normalize-space(text()) and normalize-space(.)='student@gmail.com'])[2]/preceding::span[1]'.

2022-02-13 19:09:46 - [MESSAGE][PASSED] - Object: 'Object Repository/Utils/Page_CNPM Danh sch thnh vin/span_Student Nguyen' is clicked on

2022-02-13 19:09:46 - [TEST_STEP][PASSED] - click(findTestObject("Object Repository/Utils/Page_CNPM Danh sch thnh vin/button_Ghi danh ngi dng")): Object: 'Object Repository/Utils/Page_CNPM Danh sch thnh vin/button_Ghi danh ngi dng' is clicked on

2022-02-13 19:09:52 - [MESSAGE][INFO] - Unable to find the element located by 'By.xpath: //button[@id='yui_3_17_2_1_1641965226678_264']'. Please recheck the objects properties to make sure the desired element is located. 

2022-02-13 19:09:52 - [MESSAGE][WARNING] - [SELF-HEALING] Failed to find element with id 'Object Repository/Utils/Page_CNPM Danh sch thnh vin/button_Ghi danh ngi dng'. Try using Self-healing.

2022-02-13 19:09:53 - [MESSAGE][WARNING] - [SELF-HEALING] The current locator of test object 'Object Repository/Utils/Page_CNPM Danh sch thnh vin/button_Ghi danh ngi dng' was broken. Propose an alternative one: '(.//*[normalize-space(text()) and normalize-space(.)='Phút'])[1]/following::button[1]'.

2022-02-13 19:09:53 - [MESSAGE][PASSED] - Object: 'Object Repository/Utils/Page_CNPM Danh sch thnh vin/button_Ghi danh ngi dng' is clicked on

2022-02-13 19:09:53 - [TEST_STEP][PASSED] - click(findTestObject("Object Repository/Utils/Page_CNPM Danh sch thnh vin/input_Danh sch thnh vin_btn btn-secondary my-1")): Object: 'Object Repository/Utils/Page_CNPM Danh sch thnh vin/input_Danh sch thnh vin_btn btn-secondary my-1' is clicked on

2022-02-13 19:09:54 - [MESSAGE][PASSED] - Object: 'Object Repository/Utils/Page_CNPM Danh sch thnh vin/input_Danh sch thnh vin_btn btn-secondary my-1' is clicked on

2022-02-13 19:09:54 - [TEST_STEP][PASSED] - selectOptionByValue(findTestObject("Object Repository/Create course/Page_CNPM Danh sch thnh vin/select_Ngi qun l            Gio vin        _4311d9"), "3", true): All options with value '3' are selected in object 'Object Repository/Create course/Page_CNPM Danh sch thnh vin/select_Ngi qun l            Gio vin        _4311d9'  using regular expression

2022-02-13 19:09:56 - [MESSAGE][PASSED] - All options with value '3' are selected in object 'Object Repository/Create course/Page_CNPM Danh sch thnh vin/select_Ngi qun l            Gio vin        _4311d9'  using regular expression

2022-02-13 19:09:56 - [TEST_STEP][PASSED] - click(findTestObject("Object Repository/Utils/Page_CNPM Danh sch thnh vin/span_")): Object: 'Object Repository/Utils/Page_CNPM Danh sch thnh vin/span_' is clicked on

2022-02-13 19:10:02 - [MESSAGE][INFO] - Unable to find the element located by 'By.xpath: //span[@id='form_autocomplete_downarrow-1641965227117']'. Please recheck the objects properties to make sure the desired element is located. 

2022-02-13 19:10:02 - [MESSAGE][WARNING] - [SELF-HEALING] Failed to find element with id 'Object Repository/Utils/Page_CNPM Danh sch thnh vin/span_'. Try using Self-healing.

2022-02-13 19:10:02 - [MESSAGE][WARNING] - [SELF-HEALING] The current locator of test object 'Object Repository/Utils/Page_CNPM Danh sch thnh vin/span_' was broken. Propose an alternative one: '//div[@id='fitem_id_userlist']/div[2]/div[3]/span'.

2022-02-13 19:10:02 - [MESSAGE][PASSED] - Object: 'Object Repository/Utils/Page_CNPM Danh sch thnh vin/span_' is clicked on

2022-02-13 19:10:02 - [TEST_STEP][PASSED] - click(findTestObject("Object Repository/Create course/Page_CNPM Danh sch thnh vin/span_Nguyen Van A")): Object: 'Object Repository/Create course/Page_CNPM Danh sch thnh vin/span_Nguyen Van A' is clicked on

2022-02-13 19:10:08 - [MESSAGE][INFO] - Unable to find the element located by 'By.xpath: //li[@id='form_autocomplete_suggestions-1642350427588-0']/span/span'. Please recheck the objects properties to make sure the desired element is located. 

2022-02-13 19:10:08 - [MESSAGE][WARNING] - [SELF-HEALING] Failed to find element with id 'Object Repository/Create course/Page_CNPM Danh sch thnh vin/span_Nguyen Van A'. Try using Self-healing.

2022-02-13 19:10:09 - [MESSAGE][WARNING] - [SELF-HEALING] The current locator of test object 'Object Repository/Create course/Page_CNPM Danh sch thnh vin/span_Nguyen Van A' was broken. Propose an alternative one: '(.//*[normalize-space(text()) and normalize-space(.)='▼'])[1]/following::span[2]'.

2022-02-13 19:10:09 - [MESSAGE][PASSED] - Object: 'Object Repository/Create course/Page_CNPM Danh sch thnh vin/span_Nguyen Van A' is clicked on

2022-02-13 19:10:09 - [TEST_STEP][PASSED] - click(findTestObject("Object Repository/Create course/Page_CNPM Danh sch thnh vin/button_Ghi danh ngi dng_1")): Object: 'Object Repository/Create course/Page_CNPM Danh sch thnh vin/button_Ghi danh ngi dng_1' is clicked on

2022-02-13 19:10:15 - [MESSAGE][INFO] - Unable to find the element located by 'By.xpath: //button[@id='yui_3_17_2_1_1642348738650_377']'. Please recheck the objects properties to make sure the desired element is located. 

2022-02-13 19:10:15 - [MESSAGE][WARNING] - [SELF-HEALING] Failed to find element with id 'Object Repository/Create course/Page_CNPM Danh sch thnh vin/button_Ghi danh ngi dng_1'. Try using Self-healing.

2022-02-13 19:10:15 - [MESSAGE][WARNING] - [SELF-HEALING] The current locator of test object 'Object Repository/Create course/Page_CNPM Danh sch thnh vin/button_Ghi danh ngi dng_1' was broken. Propose an alternative one: '(.//*[normalize-space(text()) and normalize-space(.)='Phút'])[1]/following::button[1]'.

2022-02-13 19:10:15 - [MESSAGE][PASSED] - Object: 'Object Repository/Create course/Page_CNPM Danh sch thnh vin/button_Ghi danh ngi dng_1' is clicked on

2022-02-13 19:10:15 - [TEST_STEP][PASSED] - click(findTestObject("Object Repository/Utils/Page_CNPM Danh sch thnh vin/span_CNPM")): Object: 'Object Repository/Utils/Page_CNPM Danh sch thnh vin/span_CNPM' is clicked on

2022-02-13 19:10:16 - [MESSAGE][PASSED] - Object: 'Object Repository/Utils/Page_CNPM Danh sch thnh vin/span_CNPM' is clicked on

2022-02-13 19:10:16 - [TEST_STEP][PASSED] - click(findTestObject("Create folder and quiz/Page_CNPM Danh sch thnh vin/a_Qun tr Thnh vin")): Object: 'Object Repository/Create folder and quiz/Page_CNPM Danh sch thnh vin/a_Qun tr Thnh vin' is clicked on

2022-02-13 19:10:17 - [MESSAGE][PASSED] - Object: 'Object Repository/Create folder and quiz/Page_CNPM Danh sch thnh vin/a_Qun tr Thnh vin' is clicked on

2022-02-13 19:10:17 - [TEST_STEP][PASSED] - click(findTestObject("Create folder and quiz/Page_CNPM Danh sch thnh vin/span_Thot")): Object: 'Object Repository/Create folder and quiz/Page_CNPM Danh sch thnh vin/span_Thot' is clicked on

2022-02-13 19:10:18 - [MESSAGE][PASSED] - Object: 'Object Repository/Create folder and quiz/Page_CNPM Danh sch thnh vin/span_Thot' is clicked on

2022-02-13 19:10:18 - [MESSAGE][INFO] - 

2022-02-13 19:10:18 - [MESSAGE][INFO] - ===================== Self-healing Report ====================

2022-02-13 19:10:18 - [MESSAGE][INFO] - One of the failed test object locators has been recovered by Self-healing. Please refer to the Self-healing Insights tab for more details.

2022-02-13 19:10:18 - [MESSAGE][INFO] - To learn more about Self-healing, please read https://docs.katalon.com/katalon-studio/docs/self-healing.html

2022-02-13 19:10:18 - [MESSAGE][INFO] - ==============================================================

2022-02-13 19:10:18 - [MESSAGE][PASSED] - Call Test Case 'Test Cases/Utils/Create course CNPM' successfully

2022-02-13 19:10:18 - [TEST_STEP][PASSED] - callTestCase(findTestCase("Utils/Login as admin"), [:], STOP_ON_FAILURE): Call Test Case 'Test Cases/Utils/Login as admin' successfully

2022-02-13 19:10:18 - [TEST_CASE][PASSED] - Test Cases/Utils/Login as admin: Test Cases/Utils/Login as admin

2022-02-13 19:10:18 - [TEST_STEP][PASSED] - click(findTestObject("View course grade/Page_Local Moodle/a_Log in")): Object: 'Object Repository/View course grade/Page_Local Moodle/a_Log in' is clicked on

2022-02-13 19:10:19 - [MESSAGE][PASSED] - Object: 'Object Repository/View course grade/Page_Local Moodle/a_Log in' is clicked on

2022-02-13 19:10:19 - [TEST_STEP][PASSED] - setText(findTestObject("View course grade/Page_Local Moodle Log in to the site/input_Username_username"), "admin"): Text 'admin' is set on object 'Object Repository/View course grade/Page_Local Moodle Log in to the site/input_Username_username'

2022-02-13 19:10:20 - [MESSAGE][PASSED] - Text 'admin' is set on object 'Object Repository/View course grade/Page_Local Moodle Log in to the site/input_Username_username'

2022-02-13 19:10:20 - [TEST_STEP][PASSED] - setEncryptedText(findTestObject("View course grade/Page_Local Moodle Log in to the site/input_Password_password"), "bfAykA/oWJ09FXmiKh6lyuuLu8QhG1K5"): Text ****** has been set on object 'Object Repository/View course grade/Page_Local Moodle Log in to the site/input_Password_password'

2022-02-13 19:10:20 - [MESSAGE][PASSED] - Text ****** has been set on object 'Object Repository/View course grade/Page_Local Moodle Log in to the site/input_Password_password'

2022-02-13 19:10:20 - [TEST_STEP][PASSED] - click(findTestObject("View course grade/Page_Local Moodle Log in to the site/button_Log in")): Object: 'Object Repository/View course grade/Page_Local Moodle Log in to the site/button_Log in' is clicked on

2022-02-13 19:10:21 - [MESSAGE][PASSED] - Object: 'Object Repository/View course grade/Page_Local Moodle Log in to the site/button_Log in' is clicked on

2022-02-13 19:10:21 - [MESSAGE][INFO] - 

2022-02-13 19:10:21 - [MESSAGE][INFO] - ===================== Self-healing Report ====================

2022-02-13 19:10:21 - [MESSAGE][INFO] - One of the failed test object locators has been recovered by Self-healing. Please refer to the Self-healing Insights tab for more details.

2022-02-13 19:10:21 - [MESSAGE][INFO] - To learn more about Self-healing, please read https://docs.katalon.com/katalon-studio/docs/self-healing.html

2022-02-13 19:10:21 - [MESSAGE][INFO] - ==============================================================

2022-02-13 19:10:21 - [MESSAGE][PASSED] - Call Test Case 'Test Cases/Utils/Login as admin' successfully

2022-02-13 19:10:21 - [TEST_STEP][PASSED] - click(findTestObject("View course grade/Page_Nh ca ti/span_Trang ch h thng")): Object: 'Object Repository/View course grade/Page_Nh ca ti/span_Trang ch h thng' is clicked on

2022-02-13 19:10:23 - [MESSAGE][PASSED] - Object: 'Object Repository/View course grade/Page_Nh ca ti/span_Trang ch h thng' is clicked on

2022-02-13 19:10:23 - [TEST_STEP][PASSED] - click(findTestObject("View course grade/Page_Local Moodle/a_Nhp mn Cng ngh phn mm")): Object: 'Object Repository/View course grade/Page_Local Moodle/a_Nhp mn Cng ngh phn mm' is clicked on

2022-02-13 19:10:24 - [MESSAGE][PASSED] - Object: 'Object Repository/View course grade/Page_Local Moodle/a_Nhp mn Cng ngh phn mm' is clicked on

2022-02-13 19:10:24 - [TEST_STEP][PASSED] - click(findTestObject("View course grade/Page_Kha Nhp mn Cng ngh phn mm/span_im s")): Object: 'Object Repository/View course grade/Page_Kha Nhp mn Cng ngh phn mm/span_im s' is clicked on

2022-02-13 19:10:25 - [MESSAGE][PASSED] - Object: 'Object Repository/View course grade/Page_Kha Nhp mn Cng ngh phn mm/span_im s' is clicked on

2022-02-13 19:10:25 - [TEST_STEP][PASSED] - click(findTestObject("View course grade/Page_im s Xem/button_Bt ch  chnh sa")): Object: 'Object Repository/View course grade/Page_im s Xem/button_Bt ch  chnh sa' is clicked on

2022-02-13 19:10:31 - [MESSAGE][INFO] - Unable to find the element located by 'By.xpath: //button[@id='single_button61dd59ce1c3a21']'. Please recheck the objects properties to make sure the desired element is located. 

2022-02-13 19:10:31 - [MESSAGE][WARNING] - [SELF-HEALING] Failed to find element with id 'Object Repository/View course grade/Page_im s Xem/button_Bt ch  chnh sa'. Try using Self-healing.

2022-02-13 19:10:31 - [MESSAGE][WARNING] - [SELF-HEALING] The current locator of test object 'Object Repository/View course grade/Page_im s Xem/button_Bt ch  chnh sa' was broken. Propose an alternative one: '//header[@id='page-header']/div/div/div/div[2]/div[2]/div/form/button'.

2022-02-13 19:10:32 - [MESSAGE][PASSED] - Object: 'Object Repository/View course grade/Page_im s Xem/button_Bt ch  chnh sa' is clicked on

2022-02-13 19:10:32 - [TEST_STEP][PASSED] - click(findTestObject("View course grade/Page_im s Xem/input_Student Nguyen Tng kha hc grade_grade626")): Object: 'Object Repository/View course grade/Page_im s Xem/input_Student Nguyen Tng kha hc grade_grade626' is clicked on

2022-02-13 19:10:38 - [MESSAGE][INFO] - Unable to find the element located by 'By.xpath: //input[@id='grade_6_26']'. Please recheck the objects properties to make sure the desired element is located. 

2022-02-13 19:10:38 - [MESSAGE][WARNING] - [SELF-HEALING] Failed to find element with id 'Object Repository/View course grade/Page_im s Xem/input_Student Nguyen Tng kha hc grade_grade626'. Try using Self-healing.

2022-02-13 19:10:38 - [MESSAGE][WARNING] - [SELF-HEALING] The current locator of test object 'Object Repository/View course grade/Page_im s Xem/input_Student Nguyen Tng kha hc grade_grade626' was broken. Propose an alternative one: '//td[3]/input'.

2022-02-13 19:10:40 - [MESSAGE][PASSED] - Object: 'Object Repository/View course grade/Page_im s Xem/input_Student Nguyen Tng kha hc grade_grade626' is clicked on

2022-02-13 19:10:40 - [TEST_STEP][PASSED] - setText(findTestObject("View course grade/Page_im s Xem/input_Student Nguyen Tng kha hc grade_grade626"), "9,00"): Text '9,00' is set on object 'Object Repository/View course grade/Page_im s Xem/input_Student Nguyen Tng kha hc grade_grade626'

2022-02-13 19:10:47 - [MESSAGE][INFO] - Unable to find the element located by 'By.xpath: //input[@id='grade_6_26']'. Please recheck the objects properties to make sure the desired element is located. 

2022-02-13 19:10:47 - [MESSAGE][WARNING] - [SELF-HEALING] Failed to find element with id 'Object Repository/View course grade/Page_im s Xem/input_Student Nguyen Tng kha hc grade_grade626'. Try using Self-healing.

2022-02-13 19:10:47 - [MESSAGE][WARNING] - [SELF-HEALING] The current locator of test object 'Object Repository/View course grade/Page_im s Xem/input_Student Nguyen Tng kha hc grade_grade626' was broken. Propose an alternative one: '//td[3]/input'.

2022-02-13 19:10:53 - [MESSAGE][INFO] - Unable to find the element located by 'By.xpath: //input[@id='grade_6_26']'. Please recheck the objects properties to make sure the desired element is located. 

2022-02-13 19:10:53 - [MESSAGE][WARNING] - [SELF-HEALING] Failed to find element with id 'Object Repository/View course grade/Page_im s Xem/input_Student Nguyen Tng kha hc grade_grade626'. Try using Self-healing.

2022-02-13 19:10:54 - [MESSAGE][WARNING] - [SELF-HEALING] The current locator of test object 'Object Repository/View course grade/Page_im s Xem/input_Student Nguyen Tng kha hc grade_grade626' was broken. Propose an alternative one: '//td[3]/input'.

2022-02-13 19:10:54 - [MESSAGE][PASSED] - Text '9,00' is set on object 'Object Repository/View course grade/Page_im s Xem/input_Student Nguyen Tng kha hc grade_grade626'

2022-02-13 19:10:54 - [TEST_STEP][PASSED] - click(findTestObject("View course grade/Page_im s Xem/input_Trung bnh tng_gradersubmit")): Object: 'Object Repository/View course grade/Page_im s Xem/input_Trung bnh tng_gradersubmit' is clicked on

2022-02-13 19:10:54 - [MESSAGE][PASSED] - Object: 'Object Repository/View course grade/Page_im s Xem/input_Trung bnh tng_gradersubmit' is clicked on

2022-02-13 19:10:54 - [TEST_STEP][PASSED] - verifyTextPresent("Điểm được nhập đối với Tổng khóa học cho Student Nguyen nhiều hơn mức tối đa cho phép", false): Text 'Điểm được nhập đối với Tổng khóa học cho Student Nguyen nhiều hơn mức tối đa cho phép' is present on page 

2022-02-13 19:10:55 - [MESSAGE][PASSED] - Text 'Điểm được nhập đối với Tổng khóa học cho Student Nguyen nhiều hơn mức tối đa cho phép' is present on page 

2022-02-13 19:10:55 - [TEST_STEP][PASSED] - click(findTestObject("Create course/Page_CNPM Danh sch thnh vin/a_Qun tr Thnh vin")): Object: 'Object Repository/Create course/Page_CNPM Danh sch thnh vin/a_Qun tr Thnh vin' is clicked on

2022-02-13 19:10:56 - [MESSAGE][PASSED] - Object: 'Object Repository/Create course/Page_CNPM Danh sch thnh vin/a_Qun tr Thnh vin' is clicked on

2022-02-13 19:10:56 - [TEST_STEP][PASSED] - click(findTestObject("Create course/Page_CNPM Danh sch thnh vin/span_Thot")): Object: 'Object Repository/Create course/Page_CNPM Danh sch thnh vin/span_Thot' is clicked on

2022-02-13 19:10:56 - [MESSAGE][PASSED] - Object: 'Object Repository/Create course/Page_CNPM Danh sch thnh vin/span_Thot' is clicked on

2022-02-13 19:10:56 - [TEST_STEP][PASSED] - callTestCase(findTestCase("Utils/Delete course CNPM"), [:], STOP_ON_FAILURE): Call Test Case 'Test Cases/Utils/Delete course CNPM' successfully

2022-02-13 19:10:56 - [TEST_CASE][PASSED] - Test Cases/Utils/Delete course CNPM: Test Cases/Utils/Delete course CNPM

2022-02-13 19:10:56 - [TEST_STEP][PASSED] - callTestCase(findTestCase("Utils/Login as admin"), [:], STOP_ON_FAILURE): Call Test Case 'Test Cases/Utils/Login as admin' successfully

2022-02-13 19:10:57 - [TEST_CASE][PASSED] - Test Cases/Utils/Login as admin: Test Cases/Utils/Login as admin

2022-02-13 19:10:57 - [TEST_STEP][PASSED] - click(findTestObject("View course grade/Page_Local Moodle/a_Log in")): Object: 'Object Repository/View course grade/Page_Local Moodle/a_Log in' is clicked on

2022-02-13 19:10:57 - [MESSAGE][PASSED] - Object: 'Object Repository/View course grade/Page_Local Moodle/a_Log in' is clicked on

2022-02-13 19:10:57 - [TEST_STEP][PASSED] - setText(findTestObject("View course grade/Page_Local Moodle Log in to the site/input_Username_username"), "admin"): Text 'admin' is set on object 'Object Repository/View course grade/Page_Local Moodle Log in to the site/input_Username_username'

2022-02-13 19:10:58 - [MESSAGE][PASSED] - Text 'admin' is set on object 'Object Repository/View course grade/Page_Local Moodle Log in to the site/input_Username_username'

2022-02-13 19:10:58 - [TEST_STEP][PASSED] - setEncryptedText(findTestObject("View course grade/Page_Local Moodle Log in to the site/input_Password_password"), "bfAykA/oWJ09FXmiKh6lyuuLu8QhG1K5"): Text ****** has been set on object 'Object Repository/View course grade/Page_Local Moodle Log in to the site/input_Password_password'

2022-02-13 19:10:59 - [MESSAGE][PASSED] - Text ****** has been set on object 'Object Repository/View course grade/Page_Local Moodle Log in to the site/input_Password_password'

2022-02-13 19:10:59 - [TEST_STEP][PASSED] - click(findTestObject("View course grade/Page_Local Moodle Log in to the site/button_Log in")): Object: 'Object Repository/View course grade/Page_Local Moodle Log in to the site/button_Log in' is clicked on

2022-02-13 19:11:00 - [MESSAGE][PASSED] - Object: 'Object Repository/View course grade/Page_Local Moodle Log in to the site/button_Log in' is clicked on

2022-02-13 19:11:00 - [MESSAGE][INFO] - 

2022-02-13 19:11:00 - [MESSAGE][INFO] - ===================== Self-healing Report ====================

2022-02-13 19:11:00 - [MESSAGE][INFO] - One of the failed test object locators has been recovered by Self-healing. Please refer to the Self-healing Insights tab for more details.

2022-02-13 19:11:00 - [MESSAGE][INFO] - To learn more about Self-healing, please read https://docs.katalon.com/katalon-studio/docs/self-healing.html

2022-02-13 19:11:00 - [MESSAGE][INFO] - ==============================================================

2022-02-13 19:11:00 - [MESSAGE][PASSED] - Call Test Case 'Test Cases/Utils/Login as admin' successfully

2022-02-13 19:11:00 - [TEST_STEP][PASSED] - click(findTestObject("Object Repository/Create course/Page_Nh ca ti/span_Qun tr khu vc")): Object: 'Object Repository/Create course/Page_Nh ca ti/span_Qun tr khu vc' is clicked on

2022-02-13 19:11:01 - [MESSAGE][PASSED] - Object: 'Object Repository/Create course/Page_Nh ca ti/span_Qun tr khu vc' is clicked on

2022-02-13 19:11:01 - [TEST_STEP][PASSED] - click(findTestObject("Object Repository/Create course/Page_Moodle Khu vc qun tr Tm kim/a_Kho hc")): Object: 'Object Repository/Create course/Page_Moodle Khu vc qun tr Tm kim/a_Kho hc' is clicked on

2022-02-13 19:11:02 - [MESSAGE][PASSED] - Object: 'Object Repository/Create course/Page_Moodle Khu vc qun tr Tm kim/a_Kho hc' is clicked on

2022-02-13 19:11:02 - [TEST_STEP][PASSED] - click(findTestObject("Object Repository/Create course/Page_Moodle Khu vc qun tr Tm kim/a_Thmsa cc kho hc")): Object: 'Object Repository/Create course/Page_Moodle Khu vc qun tr Tm kim/a_Thmsa cc kho hc' is clicked on

2022-02-13 19:11:03 - [MESSAGE][PASSED] - Object: 'Object Repository/Create course/Page_Moodle Khu vc qun tr Tm kim/a_Thmsa cc kho hc' is clicked on

2022-02-13 19:11:03 - [TEST_STEP][PASSED] - click(findTestObject("Object Repository/Create course/Page_Qun l kha hc v danh mc kha hc/div_La chn hnh ng hng lot Nhp mn Cng ngh ph_52747d")): Object: 'Object Repository/Create course/Page_Qun l kha hc v danh mc kha hc/div_La chn hnh ng hng lot Nhp mn Cng ngh ph_52747d' is clicked on

2022-02-13 19:11:09 - [MESSAGE][INFO] - Unable to find the element located by 'By.xpath: //div[@id='yui_3_17_2_1_1641378024996_198']'. Please recheck the objects properties to make sure the desired element is located. 

2022-02-13 19:11:09 - [MESSAGE][WARNING] - [SELF-HEALING] Failed to find element with id 'Object Repository/Create course/Page_Qun l kha hc v danh mc kha hc/div_La chn hnh ng hng lot Nhp mn Cng ngh ph_52747d'. Try using Self-healing.

2022-02-13 19:11:09 - [MESSAGE][WARNING] - [SELF-HEALING] The current locator of test object 'Object Repository/Create course/Page_Qun l kha hc v danh mc kha hc/div_La chn hnh ng hng lot Nhp mn Cng ngh ph_52747d' was broken. Propose an alternative one: '(.//*[normalize-space(text()) and normalize-space(.)='Tất cả'])[1]/following::div[1]'.

2022-02-13 19:11:10 - [MESSAGE][PASSED] - Object: 'Object Repository/Create course/Page_Qun l kha hc v danh mc kha hc/div_La chn hnh ng hng lot Nhp mn Cng ngh ph_52747d' is clicked on

2022-02-13 19:11:10 - [TEST_STEP][PASSED] - click(findTestObject("Object Repository/Create course/Page_Qun l kha hc v danh mc kha hc/a_Nhp mn Cng ngh phn mm")): Object: 'Object Repository/Create course/Page_Qun l kha hc v danh mc kha hc/a_Nhp mn Cng ngh phn mm' is clicked on

2022-02-13 19:11:16 - [MESSAGE][INFO] - Unable to find the element located by 'By.xpath: //a[@id='yui_3_17_2_1_1641378024996_202']'. Please recheck the objects properties to make sure the desired element is located. 

2022-02-13 19:11:16 - [MESSAGE][WARNING] - [SELF-HEALING] Failed to find element with id 'Object Repository/Create course/Page_Qun l kha hc v danh mc kha hc/a_Nhp mn Cng ngh phn mm'. Try using Self-healing.

2022-02-13 19:11:16 - [MESSAGE][WARNING] - [SELF-HEALING] The current locator of test object 'Object Repository/Create course/Page_Qun l kha hc v danh mc kha hc/a_Nhp mn Cng ngh phn mm' was broken. Propose an alternative one: '//a[contains(text(),'Nhập môn Công nghệ phần mềm')]'.

2022-02-13 19:11:17 - [MESSAGE][PASSED] - Object: 'Object Repository/Create course/Page_Qun l kha hc v danh mc kha hc/a_Nhp mn Cng ngh phn mm' is clicked on

2022-02-13 19:11:17 - [TEST_STEP][PASSED] - click(findTestObject("Object Repository/Create course/Page_Qun l kha hc v danh mc kha hc/a_Xo")): Object: 'Object Repository/Create course/Page_Qun l kha hc v danh mc kha hc/a_Xo' is clicked on

2022-02-13 19:11:23 - [MESSAGE][INFO] - Unable to find the element located by 'By.xpath: //a[@id='action_link61d570ff7b02a61']'. Please recheck the objects properties to make sure the desired element is located. 

2022-02-13 19:11:23 - [MESSAGE][WARNING] - [SELF-HEALING] Failed to find element with id 'Object Repository/Create course/Page_Qun l kha hc v danh mc kha hc/a_Xo'. Try using Self-healing.

2022-02-13 19:11:23 - [MESSAGE][WARNING] - [SELF-HEALING] The current locator of test object 'Object Repository/Create course/Page_Qun l kha hc v danh mc kha hc/a_Xo' was broken. Propose an alternative one: '//div[@id='course-detail']/div/div[2]/div/a[4]'.

2022-02-13 19:11:24 - [MESSAGE][PASSED] - Object: 'Object Repository/Create course/Page_Qun l kha hc v danh mc kha hc/a_Xo' is clicked on

2022-02-13 19:11:24 - [TEST_STEP][PASSED] - click(findTestObject("Object Repository/Create course/Page_Moodle Xo CNPM/button_Xo")): Object: 'Object Repository/Create course/Page_Moodle Xo CNPM/button_Xo' is clicked on

2022-02-13 19:11:30 - [MESSAGE][INFO] - Unable to find the element located by 'By.xpath: //button[@id='single_button61dfb22f3a4de19']'. Please recheck the objects properties to make sure the desired element is located. 

2022-02-13 19:11:30 - [MESSAGE][WARNING] - [SELF-HEALING] Failed to find element with id 'Object Repository/Create course/Page_Moodle Xo CNPM/button_Xo'. Try using Self-healing.

2022-02-13 19:11:30 - [MESSAGE][WARNING] - [SELF-HEALING] The current locator of test object 'Object Repository/Create course/Page_Moodle Xo CNPM/button_Xo' was broken. Propose an alternative one: '//div[@id='modal-footer']/div/div/form/button'.

2022-02-13 19:11:31 - [MESSAGE][PASSED] - Object: 'Object Repository/Create course/Page_Moodle Xo CNPM/button_Xo' is clicked on

2022-02-13 19:11:31 - [TEST_STEP][PASSED] - click(findTestObject("Object Repository/Create course/Page_Moodle Xo CNPM/button_Tip tc")): Object: 'Object Repository/Create course/Page_Moodle Xo CNPM/button_Tip tc' is clicked on

2022-02-13 19:11:37 - [MESSAGE][INFO] - Unable to find the element located by 'By.xpath: //button[@id='single_button61d571098d12119']'. Please recheck the objects properties to make sure the desired element is located. 

2022-02-13 19:11:37 - [MESSAGE][WARNING] - [SELF-HEALING] Failed to find element with id 'Object Repository/Create course/Page_Moodle Xo CNPM/button_Tip tc'. Try using Self-healing.

2022-02-13 19:11:37 - [MESSAGE][WARNING] - [SELF-HEALING] The current locator of test object 'Object Repository/Create course/Page_Moodle Xo CNPM/button_Tip tc' was broken. Propose an alternative one: '(.//*[normalize-space(text()) and normalize-space(.)='CNPM đã được xoá hoàn toàn'])[1]/following::button[1]'.

2022-02-13 19:11:38 - [MESSAGE][PASSED] - Object: 'Object Repository/Create course/Page_Moodle Xo CNPM/button_Tip tc' is clicked on

2022-02-13 19:11:38 - [MESSAGE][INFO] - 

2022-02-13 19:11:38 - [MESSAGE][INFO] - ===================== Self-healing Report ====================

2022-02-13 19:11:38 - [MESSAGE][INFO] - One of the failed test object locators has been recovered by Self-healing. Please refer to the Self-healing Insights tab for more details.

2022-02-13 19:11:38 - [MESSAGE][INFO] - To learn more about Self-healing, please read https://docs.katalon.com/katalon-studio/docs/self-healing.html

2022-02-13 19:11:38 - [MESSAGE][INFO] - ==============================================================

2022-02-13 19:11:38 - [MESSAGE][PASSED] - Call Test Case 'Test Cases/Utils/Delete course CNPM' successfully

2022-02-13 19:11:38 - [TEST_STEP][PASSED] - closeBrowser(): Browser is closed

2022-02-13 19:11:39 - [MESSAGE][PASSED] - Browser is closed]]></system-out>
         <system-err><![CDATA[]]></system-err>
      </testcase>
      <testcase name="Test Cases/View course grade/View grader report site" time="127.39" classname="Test Cases/View course grade/View grader report site" status="PASSED">
         <system-out><![CDATA[2022-02-13 19:11:39 - [TEST_CASE][PASSED] - Test Cases/View course grade/View grader report site: Test Cases/View course grade/View grader report site

2022-02-13 19:11:39 - [TEST_STEP][PASSED] - openBrowser(""): Browser is opened with url: ''

2022-02-13 19:11:39 - [MESSAGE][INFO] - Starting 'Edge Chromium' driver

2022-02-13 19:11:41 - [MESSAGE][INFO] - Action delay is set to 0 milliseconds

2022-02-13 19:11:42 - [MESSAGE][PASSED] - Browser is opened with url: ''

2022-02-13 19:11:42 - [TEST_STEP][PASSED] - navigateToUrl("http://localhost/"): Navigate to 'http://localhost/' successfully

2022-02-13 19:11:43 - [MESSAGE][PASSED] - Navigate to 'http://localhost/' successfully

2022-02-13 19:11:43 - [TEST_STEP][PASSED] - callTestCase(findTestCase("Utils/Create course CNPM"), [:], STOP_ON_FAILURE): Call Test Case 'Test Cases/Utils/Create course CNPM' successfully

2022-02-13 19:11:43 - [TEST_CASE][PASSED] - Test Cases/Utils/Create course CNPM: Test Cases/Utils/Create course CNPM

2022-02-13 19:11:43 - [TEST_STEP][PASSED] - callTestCase(findTestCase("Utils/Login as admin"), [:], STOP_ON_FAILURE): Call Test Case 'Test Cases/Utils/Login as admin' successfully

2022-02-13 19:11:43 - [TEST_CASE][PASSED] - Test Cases/Utils/Login as admin: Test Cases/Utils/Login as admin

2022-02-13 19:11:43 - [TEST_STEP][PASSED] - click(findTestObject("View course grade/Page_Local Moodle/a_Log in")): Object: 'Object Repository/View course grade/Page_Local Moodle/a_Log in' is clicked on

2022-02-13 19:11:44 - [MESSAGE][PASSED] - Object: 'Object Repository/View course grade/Page_Local Moodle/a_Log in' is clicked on

2022-02-13 19:11:44 - [TEST_STEP][PASSED] - setText(findTestObject("View course grade/Page_Local Moodle Log in to the site/input_Username_username"), "admin"): Text 'admin' is set on object 'Object Repository/View course grade/Page_Local Moodle Log in to the site/input_Username_username'

2022-02-13 19:11:45 - [MESSAGE][PASSED] - Text 'admin' is set on object 'Object Repository/View course grade/Page_Local Moodle Log in to the site/input_Username_username'

2022-02-13 19:11:45 - [TEST_STEP][PASSED] - setEncryptedText(findTestObject("View course grade/Page_Local Moodle Log in to the site/input_Password_password"), "bfAykA/oWJ09FXmiKh6lyuuLu8QhG1K5"): Text ****** has been set on object 'Object Repository/View course grade/Page_Local Moodle Log in to the site/input_Password_password'

2022-02-13 19:11:45 - [MESSAGE][PASSED] - Text ****** has been set on object 'Object Repository/View course grade/Page_Local Moodle Log in to the site/input_Password_password'

2022-02-13 19:11:45 - [TEST_STEP][PASSED] - click(findTestObject("View course grade/Page_Local Moodle Log in to the site/button_Log in")): Object: 'Object Repository/View course grade/Page_Local Moodle Log in to the site/button_Log in' is clicked on

2022-02-13 19:11:46 - [MESSAGE][PASSED] - Object: 'Object Repository/View course grade/Page_Local Moodle Log in to the site/button_Log in' is clicked on

2022-02-13 19:11:46 - [MESSAGE][PASSED] - Call Test Case 'Test Cases/Utils/Login as admin' successfully

2022-02-13 19:11:46 - [TEST_STEP][PASSED] - click(findTestObject("Object Repository/Utils/Page_Nh ca ti/span_Qun tr khu vc")): Object: 'Object Repository/Utils/Page_Nh ca ti/span_Qun tr khu vc' is clicked on

2022-02-13 19:11:48 - [MESSAGE][PASSED] - Object: 'Object Repository/Utils/Page_Nh ca ti/span_Qun tr khu vc' is clicked on

2022-02-13 19:11:48 - [TEST_STEP][PASSED] - click(findTestObject("Object Repository/Utils/Page_Moodle Khu vc qun tr Tm kim/a_Kho hc")): Object: 'Object Repository/Utils/Page_Moodle Khu vc qun tr Tm kim/a_Kho hc' is clicked on

2022-02-13 19:11:49 - [MESSAGE][PASSED] - Object: 'Object Repository/Utils/Page_Moodle Khu vc qun tr Tm kim/a_Kho hc' is clicked on

2022-02-13 19:11:49 - [TEST_STEP][PASSED] - click(findTestObject("Object Repository/Utils/Page_Moodle Khu vc qun tr Tm kim/a_Thmsa cc kho hc")): Object: 'Object Repository/Utils/Page_Moodle Khu vc qun tr Tm kim/a_Thmsa cc kho hc' is clicked on

2022-02-13 19:11:50 - [MESSAGE][PASSED] - Object: 'Object Repository/Utils/Page_Moodle Khu vc qun tr Tm kim/a_Thmsa cc kho hc' is clicked on

2022-02-13 19:11:50 - [TEST_STEP][PASSED] - click(findTestObject("Object Repository/Utils/Page_Qun l kha hc v danh mc kha hc/a_To kha hc mi")): Object: 'Object Repository/Utils/Page_Qun l kha hc v danh mc kha hc/a_To kha hc mi' is clicked on

2022-02-13 19:11:56 - [MESSAGE][INFO] - Unable to find the element located by 'By.xpath: //div[@id='yui_3_17_2_1_1641906891631_57']/div/div/a'. Please recheck the objects properties to make sure the desired element is located. 

2022-02-13 19:11:56 - [MESSAGE][WARNING] - [SELF-HEALING] Failed to find element with id 'Object Repository/Utils/Page_Qun l kha hc v danh mc kha hc/a_To kha hc mi'. Try using Self-healing.

2022-02-13 19:11:56 - [MESSAGE][WARNING] - [SELF-HEALING] The current locator of test object 'Object Repository/Utils/Page_Qun l kha hc v danh mc kha hc/a_To kha hc mi' was broken. Propose an alternative one: '//a[contains(text(),'Tạo khóa học mới')]'.

2022-02-13 19:11:57 - [MESSAGE][PASSED] - Object: 'Object Repository/Utils/Page_Qun l kha hc v danh mc kha hc/a_To kha hc mi' is clicked on

2022-02-13 19:11:57 - [TEST_STEP][PASSED] - setText(findTestObject("Object Repository/Utils/Page_Moodle Thm kho hc mi/input_Tn y_fullname"), "Nhập môn Công nghệ phần mềm"): Text 'Nhập môn Công nghệ phần mềm' is set on object 'Object Repository/Utils/Page_Moodle Thm kho hc mi/input_Tn y_fullname'

2022-02-13 19:11:59 - [MESSAGE][PASSED] - Text 'Nhập môn Công nghệ phần mềm' is set on object 'Object Repository/Utils/Page_Moodle Thm kho hc mi/input_Tn y_fullname'

2022-02-13 19:11:59 - [TEST_STEP][PASSED] - setText(findTestObject("Object Repository/Utils/Page_Moodle Thm kho hc mi/input_Tn rt gn ca kho hc_shortname"), "CNPM"): Text 'CNPM' is set on object 'Object Repository/Utils/Page_Moodle Thm kho hc mi/input_Tn rt gn ca kho hc_shortname'

2022-02-13 19:11:59 - [MESSAGE][PASSED] - Text 'CNPM' is set on object 'Object Repository/Utils/Page_Moodle Thm kho hc mi/input_Tn rt gn ca kho hc_shortname'

2022-02-13 19:11:59 - [TEST_STEP][PASSED] - click(findTestObject("Object Repository/Utils/Page_Moodle Thm kho hc mi/input__saveanddisplay")): Object: 'Object Repository/Utils/Page_Moodle Thm kho hc mi/input__saveanddisplay' is clicked on

2022-02-13 19:12:01 - [MESSAGE][PASSED] - Object: 'Object Repository/Utils/Page_Moodle Thm kho hc mi/input__saveanddisplay' is clicked on

2022-02-13 19:12:01 - [TEST_STEP][PASSED] - click(findTestObject("Object Repository/Utils/Page_CNPM Danh sch thnh vin/input_Danh sch thnh vin_btn btn-secondary my-1")): Object: 'Object Repository/Utils/Page_CNPM Danh sch thnh vin/input_Danh sch thnh vin_btn btn-secondary my-1' is clicked on

2022-02-13 19:12:01 - [MESSAGE][PASSED] - Object: 'Object Repository/Utils/Page_CNPM Danh sch thnh vin/input_Danh sch thnh vin_btn btn-secondary my-1' is clicked on

2022-02-13 19:12:01 - [TEST_STEP][PASSED] - click(findTestObject("Object Repository/Utils/Page_CNPM Danh sch thnh vin/span_")): Object: 'Object Repository/Utils/Page_CNPM Danh sch thnh vin/span_' is clicked on

2022-02-13 19:12:07 - [MESSAGE][INFO] - Unable to find the element located by 'By.xpath: //span[@id='form_autocomplete_downarrow-1641965227117']'. Please recheck the objects properties to make sure the desired element is located. 

2022-02-13 19:12:07 - [MESSAGE][WARNING] - [SELF-HEALING] Failed to find element with id 'Object Repository/Utils/Page_CNPM Danh sch thnh vin/span_'. Try using Self-healing.

2022-02-13 19:12:08 - [MESSAGE][WARNING] - [SELF-HEALING] The current locator of test object 'Object Repository/Utils/Page_CNPM Danh sch thnh vin/span_' was broken. Propose an alternative one: '//div[@id='fitem_id_userlist']/div[2]/div[3]/span'.

2022-02-13 19:12:08 - [MESSAGE][PASSED] - Object: 'Object Repository/Utils/Page_CNPM Danh sch thnh vin/span_' is clicked on

2022-02-13 19:12:08 - [TEST_STEP][PASSED] - click(findTestObject("Object Repository/Utils/Page_CNPM Danh sch thnh vin/span_Student Nguyen")): Object: 'Object Repository/Utils/Page_CNPM Danh sch thnh vin/span_Student Nguyen' is clicked on

2022-02-13 19:12:14 - [MESSAGE][INFO] - Unable to find the element located by 'By.xpath: //li[@id='form_autocomplete_suggestions-1641965227117-0']/span/span'. Please recheck the objects properties to make sure the desired element is located. 

2022-02-13 19:12:14 - [MESSAGE][WARNING] - [SELF-HEALING] Failed to find element with id 'Object Repository/Utils/Page_CNPM Danh sch thnh vin/span_Student Nguyen'. Try using Self-healing.

2022-02-13 19:12:15 - [MESSAGE][INFO] - Unable to find the element located by 'By.xpath: (.//*[normalize-space(text()) and normalize-space(.)='student1@gmail.com'])[2]/following::span[2]'. Please recheck the objects properties to make sure the desired element is located. 

2022-02-13 19:12:15 - [MESSAGE][WARNING] - [SELF-HEALING] The current locator of test object 'Object Repository/Utils/Page_CNPM Danh sch thnh vin/span_Student Nguyen' was broken. Propose an alternative one: '(.//*[normalize-space(text()) and normalize-space(.)='student@gmail.com'])[2]/preceding::span[1]'.

2022-02-13 19:12:15 - [MESSAGE][PASSED] - Object: 'Object Repository/Utils/Page_CNPM Danh sch thnh vin/span_Student Nguyen' is clicked on

2022-02-13 19:12:15 - [TEST_STEP][PASSED] - click(findTestObject("Object Repository/Utils/Page_CNPM Danh sch thnh vin/button_Ghi danh ngi dng")): Object: 'Object Repository/Utils/Page_CNPM Danh sch thnh vin/button_Ghi danh ngi dng' is clicked on

2022-02-13 19:12:22 - [MESSAGE][INFO] - Unable to find the element located by 'By.xpath: //button[@id='yui_3_17_2_1_1641965226678_264']'. Please recheck the objects properties to make sure the desired element is located. 

2022-02-13 19:12:22 - [MESSAGE][WARNING] - [SELF-HEALING] Failed to find element with id 'Object Repository/Utils/Page_CNPM Danh sch thnh vin/button_Ghi danh ngi dng'. Try using Self-healing.

2022-02-13 19:12:22 - [MESSAGE][WARNING] - [SELF-HEALING] The current locator of test object 'Object Repository/Utils/Page_CNPM Danh sch thnh vin/button_Ghi danh ngi dng' was broken. Propose an alternative one: '(.//*[normalize-space(text()) and normalize-space(.)='Phút'])[1]/following::button[1]'.

2022-02-13 19:12:22 - [MESSAGE][PASSED] - Object: 'Object Repository/Utils/Page_CNPM Danh sch thnh vin/button_Ghi danh ngi dng' is clicked on

2022-02-13 19:12:22 - [TEST_STEP][PASSED] - click(findTestObject("Object Repository/Utils/Page_CNPM Danh sch thnh vin/input_Danh sch thnh vin_btn btn-secondary my-1")): Object: 'Object Repository/Utils/Page_CNPM Danh sch thnh vin/input_Danh sch thnh vin_btn btn-secondary my-1' is clicked on

2022-02-13 19:12:23 - [MESSAGE][PASSED] - Object: 'Object Repository/Utils/Page_CNPM Danh sch thnh vin/input_Danh sch thnh vin_btn btn-secondary my-1' is clicked on

2022-02-13 19:12:23 - [TEST_STEP][PASSED] - selectOptionByValue(findTestObject("Object Repository/Create course/Page_CNPM Danh sch thnh vin/select_Ngi qun l            Gio vin        _4311d9"), "3", true): All options with value '3' are selected in object 'Object Repository/Create course/Page_CNPM Danh sch thnh vin/select_Ngi qun l            Gio vin        _4311d9'  using regular expression

2022-02-13 19:12:25 - [MESSAGE][PASSED] - All options with value '3' are selected in object 'Object Repository/Create course/Page_CNPM Danh sch thnh vin/select_Ngi qun l            Gio vin        _4311d9'  using regular expression

2022-02-13 19:12:25 - [TEST_STEP][PASSED] - click(findTestObject("Object Repository/Utils/Page_CNPM Danh sch thnh vin/span_")): Object: 'Object Repository/Utils/Page_CNPM Danh sch thnh vin/span_' is clicked on

2022-02-13 19:12:31 - [MESSAGE][INFO] - Unable to find the element located by 'By.xpath: //span[@id='form_autocomplete_downarrow-1641965227117']'. Please recheck the objects properties to make sure the desired element is located. 

2022-02-13 19:12:31 - [MESSAGE][WARNING] - [SELF-HEALING] Failed to find element with id 'Object Repository/Utils/Page_CNPM Danh sch thnh vin/span_'. Try using Self-healing.

2022-02-13 19:12:32 - [MESSAGE][WARNING] - [SELF-HEALING] The current locator of test object 'Object Repository/Utils/Page_CNPM Danh sch thnh vin/span_' was broken. Propose an alternative one: '//div[@id='fitem_id_userlist']/div[2]/div[3]/span'.

2022-02-13 19:12:32 - [MESSAGE][PASSED] - Object: 'Object Repository/Utils/Page_CNPM Danh sch thnh vin/span_' is clicked on

2022-02-13 19:12:32 - [TEST_STEP][PASSED] - click(findTestObject("Object Repository/Create course/Page_CNPM Danh sch thnh vin/span_Nguyen Van A")): Object: 'Object Repository/Create course/Page_CNPM Danh sch thnh vin/span_Nguyen Van A' is clicked on

2022-02-13 19:12:38 - [MESSAGE][INFO] - Unable to find the element located by 'By.xpath: //li[@id='form_autocomplete_suggestions-1642350427588-0']/span/span'. Please recheck the objects properties to make sure the desired element is located. 

2022-02-13 19:12:38 - [MESSAGE][WARNING] - [SELF-HEALING] Failed to find element with id 'Object Repository/Create course/Page_CNPM Danh sch thnh vin/span_Nguyen Van A'. Try using Self-healing.

2022-02-13 19:12:38 - [MESSAGE][WARNING] - [SELF-HEALING] The current locator of test object 'Object Repository/Create course/Page_CNPM Danh sch thnh vin/span_Nguyen Van A' was broken. Propose an alternative one: '(.//*[normalize-space(text()) and normalize-space(.)='▼'])[1]/following::span[2]'.

2022-02-13 19:12:38 - [MESSAGE][PASSED] - Object: 'Object Repository/Create course/Page_CNPM Danh sch thnh vin/span_Nguyen Van A' is clicked on

2022-02-13 19:12:38 - [TEST_STEP][PASSED] - click(findTestObject("Object Repository/Create course/Page_CNPM Danh sch thnh vin/button_Ghi danh ngi dng_1")): Object: 'Object Repository/Create course/Page_CNPM Danh sch thnh vin/button_Ghi danh ngi dng_1' is clicked on

2022-02-13 19:12:45 - [MESSAGE][INFO] - Unable to find the element located by 'By.xpath: //button[@id='yui_3_17_2_1_1642348738650_377']'. Please recheck the objects properties to make sure the desired element is located. 

2022-02-13 19:12:45 - [MESSAGE][WARNING] - [SELF-HEALING] Failed to find element with id 'Object Repository/Create course/Page_CNPM Danh sch thnh vin/button_Ghi danh ngi dng_1'. Try using Self-healing.

2022-02-13 19:12:45 - [MESSAGE][WARNING] - [SELF-HEALING] The current locator of test object 'Object Repository/Create course/Page_CNPM Danh sch thnh vin/button_Ghi danh ngi dng_1' was broken. Propose an alternative one: '(.//*[normalize-space(text()) and normalize-space(.)='Phút'])[1]/following::button[1]'.

2022-02-13 19:12:45 - [MESSAGE][PASSED] - Object: 'Object Repository/Create course/Page_CNPM Danh sch thnh vin/button_Ghi danh ngi dng_1' is clicked on

2022-02-13 19:12:45 - [TEST_STEP][PASSED] - click(findTestObject("Object Repository/Utils/Page_CNPM Danh sch thnh vin/span_CNPM")): Object: 'Object Repository/Utils/Page_CNPM Danh sch thnh vin/span_CNPM' is clicked on

2022-02-13 19:12:46 - [MESSAGE][PASSED] - Object: 'Object Repository/Utils/Page_CNPM Danh sch thnh vin/span_CNPM' is clicked on

2022-02-13 19:12:46 - [TEST_STEP][PASSED] - click(findTestObject("Create folder and quiz/Page_CNPM Danh sch thnh vin/a_Qun tr Thnh vin")): Object: 'Object Repository/Create folder and quiz/Page_CNPM Danh sch thnh vin/a_Qun tr Thnh vin' is clicked on

2022-02-13 19:12:47 - [MESSAGE][PASSED] - Object: 'Object Repository/Create folder and quiz/Page_CNPM Danh sch thnh vin/a_Qun tr Thnh vin' is clicked on

2022-02-13 19:12:47 - [TEST_STEP][PASSED] - click(findTestObject("Create folder and quiz/Page_CNPM Danh sch thnh vin/span_Thot")): Object: 'Object Repository/Create folder and quiz/Page_CNPM Danh sch thnh vin/span_Thot' is clicked on

2022-02-13 19:12:47 - [MESSAGE][PASSED] - Object: 'Object Repository/Create folder and quiz/Page_CNPM Danh sch thnh vin/span_Thot' is clicked on

2022-02-13 19:12:47 - [MESSAGE][INFO] - 

2022-02-13 19:12:47 - [MESSAGE][INFO] - ===================== Self-healing Report ====================

2022-02-13 19:12:47 - [MESSAGE][INFO] - One of the failed test object locators has been recovered by Self-healing. Please refer to the Self-healing Insights tab for more details.

2022-02-13 19:12:47 - [MESSAGE][INFO] - To learn more about Self-healing, please read https://docs.katalon.com/katalon-studio/docs/self-healing.html

2022-02-13 19:12:47 - [MESSAGE][INFO] - ==============================================================

2022-02-13 19:12:47 - [MESSAGE][PASSED] - Call Test Case 'Test Cases/Utils/Create course CNPM' successfully

2022-02-13 19:12:47 - [TEST_STEP][PASSED] - callTestCase(findTestCase("Utils/Login as admin"), [:], STOP_ON_FAILURE): Call Test Case 'Test Cases/Utils/Login as admin' successfully

2022-02-13 19:12:47 - [TEST_CASE][PASSED] - Test Cases/Utils/Login as admin: Test Cases/Utils/Login as admin

2022-02-13 19:12:47 - [TEST_STEP][PASSED] - click(findTestObject("View course grade/Page_Local Moodle/a_Log in")): Object: 'Object Repository/View course grade/Page_Local Moodle/a_Log in' is clicked on

2022-02-13 19:12:48 - [MESSAGE][PASSED] - Object: 'Object Repository/View course grade/Page_Local Moodle/a_Log in' is clicked on

2022-02-13 19:12:48 - [TEST_STEP][PASSED] - setText(findTestObject("View course grade/Page_Local Moodle Log in to the site/input_Username_username"), "admin"): Text 'admin' is set on object 'Object Repository/View course grade/Page_Local Moodle Log in to the site/input_Username_username'

2022-02-13 19:12:49 - [MESSAGE][PASSED] - Text 'admin' is set on object 'Object Repository/View course grade/Page_Local Moodle Log in to the site/input_Username_username'

2022-02-13 19:12:49 - [TEST_STEP][PASSED] - setEncryptedText(findTestObject("View course grade/Page_Local Moodle Log in to the site/input_Password_password"), "bfAykA/oWJ09FXmiKh6lyuuLu8QhG1K5"): Text ****** has been set on object 'Object Repository/View course grade/Page_Local Moodle Log in to the site/input_Password_password'

2022-02-13 19:12:49 - [MESSAGE][PASSED] - Text ****** has been set on object 'Object Repository/View course grade/Page_Local Moodle Log in to the site/input_Password_password'

2022-02-13 19:12:49 - [TEST_STEP][PASSED] - click(findTestObject("View course grade/Page_Local Moodle Log in to the site/button_Log in")): Object: 'Object Repository/View course grade/Page_Local Moodle Log in to the site/button_Log in' is clicked on

2022-02-13 19:12:50 - [MESSAGE][PASSED] - Object: 'Object Repository/View course grade/Page_Local Moodle Log in to the site/button_Log in' is clicked on

2022-02-13 19:12:50 - [MESSAGE][INFO] - 

2022-02-13 19:12:50 - [MESSAGE][INFO] - ===================== Self-healing Report ====================

2022-02-13 19:12:50 - [MESSAGE][INFO] - One of the failed test object locators has been recovered by Self-healing. Please refer to the Self-healing Insights tab for more details.

2022-02-13 19:12:50 - [MESSAGE][INFO] - To learn more about Self-healing, please read https://docs.katalon.com/katalon-studio/docs/self-healing.html

2022-02-13 19:12:50 - [MESSAGE][INFO] - ==============================================================

2022-02-13 19:12:50 - [MESSAGE][PASSED] - Call Test Case 'Test Cases/Utils/Login as admin' successfully

2022-02-13 19:12:50 - [TEST_STEP][PASSED] - click(findTestObject("View course grade/Page_Nh ca ti/span_Trang ch h thng")): Object: 'Object Repository/View course grade/Page_Nh ca ti/span_Trang ch h thng' is clicked on

2022-02-13 19:12:52 - [MESSAGE][PASSED] - Object: 'Object Repository/View course grade/Page_Nh ca ti/span_Trang ch h thng' is clicked on

2022-02-13 19:12:52 - [TEST_STEP][PASSED] - click(findTestObject("View course grade/Page_Local Moodle/a_Nhp mn Cng ngh phn mm")): Object: 'Object Repository/View course grade/Page_Local Moodle/a_Nhp mn Cng ngh phn mm' is clicked on

2022-02-13 19:12:53 - [MESSAGE][PASSED] - Object: 'Object Repository/View course grade/Page_Local Moodle/a_Nhp mn Cng ngh phn mm' is clicked on

2022-02-13 19:12:53 - [TEST_STEP][PASSED] - click(findTestObject("View course grade/Page_Kha Nhp mn Cng ngh phn mm/span_im s")): Object: 'Object Repository/View course grade/Page_Kha Nhp mn Cng ngh phn mm/span_im s' is clicked on

2022-02-13 19:12:54 - [MESSAGE][PASSED] - Object: 'Object Repository/View course grade/Page_Kha Nhp mn Cng ngh phn mm/span_im s' is clicked on

2022-02-13 19:12:54 - [TEST_STEP][PASSED] - verifyElementText(findTestObject("View course grade/Page_im s Xem/h2_Grader report"), "Grader report"): Actual text and expected text of test object 'Object Repository/View course grade/Page_im s Xem/h2_Grader report' are matched.

2022-02-13 19:12:55 - [MESSAGE][PASSED] - Actual text and expected text of test object 'Object Repository/View course grade/Page_im s Xem/h2_Grader report' are matched.

2022-02-13 19:12:55 - [TEST_STEP][PASSED] - tatCaThanhVien = getText(findTestObject("View course grade/Page_im s Xem/h3_Tt c thnh vin00")): Text of object 'Object Repository/View course grade/Page_im s Xem/h3_Tt c thnh vin00' is: 'Tất cả thành viên:1/1'

2022-02-13 19:12:55 - [MESSAGE][PASSED] - Text of object 'Object Repository/View course grade/Page_im s Xem/h3_Tt c thnh vin00' is: 'Tất cả thành viên:1/1'

2022-02-13 19:12:55 - [TEST_STEP][PASSED] - if (tatCaThanhVien != "Tất cả thành viên:0/0"): Object 'Object Repository/View course grade/Page_im s Xem/th_Trung bnh tng' is visible

2022-02-13 19:12:55 - [TEST_STEP][PASSED] - verifyElementVisible(findTestObject("View course grade/Page_im s Xem/th_Trung bnh tng"), STOP_ON_FAILURE): Object 'Object Repository/View course grade/Page_im s Xem/th_Trung bnh tng' is visible

2022-02-13 19:13:01 - [MESSAGE][INFO] - Unable to find the element located by 'By.xpath: //tr[@id='yui_3_17_2_1_1641829679588_59']/th'. Please recheck the objects properties to make sure the desired element is located. 

2022-02-13 19:13:01 - [MESSAGE][WARNING] - [SELF-HEALING] Failed to find element with id 'Object Repository/View course grade/Page_im s Xem/th_Trung bnh tng'. Try using Self-healing.

2022-02-13 19:13:02 - [MESSAGE][WARNING] - [SELF-HEALING] The current locator of test object 'Object Repository/View course grade/Page_im s Xem/th_Trung bnh tng' was broken. Propose an alternative one: '(.//*[normalize-space(text()) and normalize-space(.)='-'])[1]/following::th[1]'.

2022-02-13 19:13:02 - [MESSAGE][PASSED] - Object 'Object Repository/View course grade/Page_im s Xem/th_Trung bnh tng' is visible

2022-02-13 19:13:02 - [TEST_STEP][PASSED] - click(findTestObject("Create course/Page_CNPM Danh sch thnh vin/a_Qun tr Thnh vin")): Object: 'Object Repository/Create course/Page_CNPM Danh sch thnh vin/a_Qun tr Thnh vin' is clicked on

2022-02-13 19:13:02 - [MESSAGE][PASSED] - Object: 'Object Repository/Create course/Page_CNPM Danh sch thnh vin/a_Qun tr Thnh vin' is clicked on

2022-02-13 19:13:02 - [TEST_STEP][PASSED] - click(findTestObject("Create course/Page_CNPM Danh sch thnh vin/span_Thot")): Object: 'Object Repository/Create course/Page_CNPM Danh sch thnh vin/span_Thot' is clicked on

2022-02-13 19:13:03 - [MESSAGE][PASSED] - Object: 'Object Repository/Create course/Page_CNPM Danh sch thnh vin/span_Thot' is clicked on

2022-02-13 19:13:03 - [TEST_STEP][PASSED] - callTestCase(findTestCase("Utils/Delete course CNPM"), [:], STOP_ON_FAILURE): Call Test Case 'Test Cases/Utils/Delete course CNPM' successfully

2022-02-13 19:13:03 - [TEST_CASE][PASSED] - Test Cases/Utils/Delete course CNPM: Test Cases/Utils/Delete course CNPM

2022-02-13 19:13:03 - [TEST_STEP][PASSED] - callTestCase(findTestCase("Utils/Login as admin"), [:], STOP_ON_FAILURE): Call Test Case 'Test Cases/Utils/Login as admin' successfully

2022-02-13 19:13:03 - [TEST_CASE][PASSED] - Test Cases/Utils/Login as admin: Test Cases/Utils/Login as admin

2022-02-13 19:13:03 - [TEST_STEP][PASSED] - click(findTestObject("View course grade/Page_Local Moodle/a_Log in")): Object: 'Object Repository/View course grade/Page_Local Moodle/a_Log in' is clicked on

2022-02-13 19:13:04 - [MESSAGE][PASSED] - Object: 'Object Repository/View course grade/Page_Local Moodle/a_Log in' is clicked on

2022-02-13 19:13:04 - [TEST_STEP][PASSED] - setText(findTestObject("View course grade/Page_Local Moodle Log in to the site/input_Username_username"), "admin"): Text 'admin' is set on object 'Object Repository/View course grade/Page_Local Moodle Log in to the site/input_Username_username'

2022-02-13 19:13:05 - [MESSAGE][PASSED] - Text 'admin' is set on object 'Object Repository/View course grade/Page_Local Moodle Log in to the site/input_Username_username'

2022-02-13 19:13:05 - [TEST_STEP][PASSED] - setEncryptedText(findTestObject("View course grade/Page_Local Moodle Log in to the site/input_Password_password"), "bfAykA/oWJ09FXmiKh6lyuuLu8QhG1K5"): Text ****** has been set on object 'Object Repository/View course grade/Page_Local Moodle Log in to the site/input_Password_password'

2022-02-13 19:13:05 - [MESSAGE][PASSED] - Text ****** has been set on object 'Object Repository/View course grade/Page_Local Moodle Log in to the site/input_Password_password'

2022-02-13 19:13:05 - [TEST_STEP][PASSED] - click(findTestObject("View course grade/Page_Local Moodle Log in to the site/button_Log in")): Object: 'Object Repository/View course grade/Page_Local Moodle Log in to the site/button_Log in' is clicked on

2022-02-13 19:13:06 - [MESSAGE][PASSED] - Object: 'Object Repository/View course grade/Page_Local Moodle Log in to the site/button_Log in' is clicked on

2022-02-13 19:13:06 - [MESSAGE][INFO] - 

2022-02-13 19:13:06 - [MESSAGE][INFO] - ===================== Self-healing Report ====================

2022-02-13 19:13:06 - [MESSAGE][INFO] - One of the failed test object locators has been recovered by Self-healing. Please refer to the Self-healing Insights tab for more details.

2022-02-13 19:13:06 - [MESSAGE][INFO] - To learn more about Self-healing, please read https://docs.katalon.com/katalon-studio/docs/self-healing.html

2022-02-13 19:13:06 - [MESSAGE][INFO] - ==============================================================

2022-02-13 19:13:06 - [MESSAGE][PASSED] - Call Test Case 'Test Cases/Utils/Login as admin' successfully

2022-02-13 19:13:06 - [TEST_STEP][PASSED] - click(findTestObject("Object Repository/Create course/Page_Nh ca ti/span_Qun tr khu vc")): Object: 'Object Repository/Create course/Page_Nh ca ti/span_Qun tr khu vc' is clicked on

2022-02-13 19:13:08 - [MESSAGE][PASSED] - Object: 'Object Repository/Create course/Page_Nh ca ti/span_Qun tr khu vc' is clicked on

2022-02-13 19:13:08 - [TEST_STEP][PASSED] - click(findTestObject("Object Repository/Create course/Page_Moodle Khu vc qun tr Tm kim/a_Kho hc")): Object: 'Object Repository/Create course/Page_Moodle Khu vc qun tr Tm kim/a_Kho hc' is clicked on

2022-02-13 19:13:09 - [MESSAGE][PASSED] - Object: 'Object Repository/Create course/Page_Moodle Khu vc qun tr Tm kim/a_Kho hc' is clicked on

2022-02-13 19:13:09 - [TEST_STEP][PASSED] - click(findTestObject("Object Repository/Create course/Page_Moodle Khu vc qun tr Tm kim/a_Thmsa cc kho hc")): Object: 'Object Repository/Create course/Page_Moodle Khu vc qun tr Tm kim/a_Thmsa cc kho hc' is clicked on

2022-02-13 19:13:10 - [MESSAGE][PASSED] - Object: 'Object Repository/Create course/Page_Moodle Khu vc qun tr Tm kim/a_Thmsa cc kho hc' is clicked on

2022-02-13 19:13:10 - [TEST_STEP][PASSED] - click(findTestObject("Object Repository/Create course/Page_Qun l kha hc v danh mc kha hc/div_La chn hnh ng hng lot Nhp mn Cng ngh ph_52747d")): Object: 'Object Repository/Create course/Page_Qun l kha hc v danh mc kha hc/div_La chn hnh ng hng lot Nhp mn Cng ngh ph_52747d' is clicked on

2022-02-13 19:13:16 - [MESSAGE][INFO] - Unable to find the element located by 'By.xpath: //div[@id='yui_3_17_2_1_1641378024996_198']'. Please recheck the objects properties to make sure the desired element is located. 

2022-02-13 19:13:16 - [MESSAGE][WARNING] - [SELF-HEALING] Failed to find element with id 'Object Repository/Create course/Page_Qun l kha hc v danh mc kha hc/div_La chn hnh ng hng lot Nhp mn Cng ngh ph_52747d'. Try using Self-healing.

2022-02-13 19:13:16 - [MESSAGE][WARNING] - [SELF-HEALING] The current locator of test object 'Object Repository/Create course/Page_Qun l kha hc v danh mc kha hc/div_La chn hnh ng hng lot Nhp mn Cng ngh ph_52747d' was broken. Propose an alternative one: '(.//*[normalize-space(text()) and normalize-space(.)='Tất cả'])[1]/following::div[1]'.

2022-02-13 19:13:17 - [MESSAGE][PASSED] - Object: 'Object Repository/Create course/Page_Qun l kha hc v danh mc kha hc/div_La chn hnh ng hng lot Nhp mn Cng ngh ph_52747d' is clicked on

2022-02-13 19:13:17 - [TEST_STEP][PASSED] - click(findTestObject("Object Repository/Create course/Page_Qun l kha hc v danh mc kha hc/a_Nhp mn Cng ngh phn mm")): Object: 'Object Repository/Create course/Page_Qun l kha hc v danh mc kha hc/a_Nhp mn Cng ngh phn mm' is clicked on

2022-02-13 19:13:23 - [MESSAGE][INFO] - Unable to find the element located by 'By.xpath: //a[@id='yui_3_17_2_1_1641378024996_202']'. Please recheck the objects properties to make sure the desired element is located. 

2022-02-13 19:13:23 - [MESSAGE][WARNING] - [SELF-HEALING] Failed to find element with id 'Object Repository/Create course/Page_Qun l kha hc v danh mc kha hc/a_Nhp mn Cng ngh phn mm'. Try using Self-healing.

2022-02-13 19:13:23 - [MESSAGE][WARNING] - [SELF-HEALING] The current locator of test object 'Object Repository/Create course/Page_Qun l kha hc v danh mc kha hc/a_Nhp mn Cng ngh phn mm' was broken. Propose an alternative one: '//a[contains(text(),'Nhập môn Công nghệ phần mềm')]'.

2022-02-13 19:13:24 - [MESSAGE][PASSED] - Object: 'Object Repository/Create course/Page_Qun l kha hc v danh mc kha hc/a_Nhp mn Cng ngh phn mm' is clicked on

2022-02-13 19:13:24 - [TEST_STEP][PASSED] - click(findTestObject("Object Repository/Create course/Page_Qun l kha hc v danh mc kha hc/a_Xo")): Object: 'Object Repository/Create course/Page_Qun l kha hc v danh mc kha hc/a_Xo' is clicked on

2022-02-13 19:13:30 - [MESSAGE][INFO] - Unable to find the element located by 'By.xpath: //a[@id='action_link61d570ff7b02a61']'. Please recheck the objects properties to make sure the desired element is located. 

2022-02-13 19:13:30 - [MESSAGE][WARNING] - [SELF-HEALING] Failed to find element with id 'Object Repository/Create course/Page_Qun l kha hc v danh mc kha hc/a_Xo'. Try using Self-healing.

2022-02-13 19:13:30 - [MESSAGE][WARNING] - [SELF-HEALING] The current locator of test object 'Object Repository/Create course/Page_Qun l kha hc v danh mc kha hc/a_Xo' was broken. Propose an alternative one: '//div[@id='course-detail']/div/div[2]/div/a[4]'.

2022-02-13 19:13:30 - [MESSAGE][PASSED] - Object: 'Object Repository/Create course/Page_Qun l kha hc v danh mc kha hc/a_Xo' is clicked on

2022-02-13 19:13:30 - [TEST_STEP][PASSED] - click(findTestObject("Object Repository/Create course/Page_Moodle Xo CNPM/button_Xo")): Object: 'Object Repository/Create course/Page_Moodle Xo CNPM/button_Xo' is clicked on

2022-02-13 19:13:36 - [MESSAGE][INFO] - Unable to find the element located by 'By.xpath: //button[@id='single_button61dfb22f3a4de19']'. Please recheck the objects properties to make sure the desired element is located. 

2022-02-13 19:13:36 - [MESSAGE][WARNING] - [SELF-HEALING] Failed to find element with id 'Object Repository/Create course/Page_Moodle Xo CNPM/button_Xo'. Try using Self-healing.

2022-02-13 19:13:37 - [MESSAGE][WARNING] - [SELF-HEALING] The current locator of test object 'Object Repository/Create course/Page_Moodle Xo CNPM/button_Xo' was broken. Propose an alternative one: '//div[@id='modal-footer']/div/div/form/button'.

2022-02-13 19:13:38 - [MESSAGE][PASSED] - Object: 'Object Repository/Create course/Page_Moodle Xo CNPM/button_Xo' is clicked on

2022-02-13 19:13:38 - [TEST_STEP][PASSED] - click(findTestObject("Object Repository/Create course/Page_Moodle Xo CNPM/button_Tip tc")): Object: 'Object Repository/Create course/Page_Moodle Xo CNPM/button_Tip tc' is clicked on

2022-02-13 19:13:44 - [MESSAGE][INFO] - Unable to find the element located by 'By.xpath: //button[@id='single_button61d571098d12119']'. Please recheck the objects properties to make sure the desired element is located. 

2022-02-13 19:13:44 - [MESSAGE][WARNING] - [SELF-HEALING] Failed to find element with id 'Object Repository/Create course/Page_Moodle Xo CNPM/button_Tip tc'. Try using Self-healing.

2022-02-13 19:13:44 - [MESSAGE][WARNING] - [SELF-HEALING] The current locator of test object 'Object Repository/Create course/Page_Moodle Xo CNPM/button_Tip tc' was broken. Propose an alternative one: '(.//*[normalize-space(text()) and normalize-space(.)='CNPM đã được xoá hoàn toàn'])[1]/following::button[1]'.

2022-02-13 19:13:45 - [MESSAGE][PASSED] - Object: 'Object Repository/Create course/Page_Moodle Xo CNPM/button_Tip tc' is clicked on

2022-02-13 19:13:45 - [MESSAGE][INFO] - 

2022-02-13 19:13:45 - [MESSAGE][INFO] - ===================== Self-healing Report ====================

2022-02-13 19:13:45 - [MESSAGE][INFO] - One of the failed test object locators has been recovered by Self-healing. Please refer to the Self-healing Insights tab for more details.

2022-02-13 19:13:45 - [MESSAGE][INFO] - To learn more about Self-healing, please read https://docs.katalon.com/katalon-studio/docs/self-healing.html

2022-02-13 19:13:45 - [MESSAGE][INFO] - ==============================================================

2022-02-13 19:13:45 - [MESSAGE][PASSED] - Call Test Case 'Test Cases/Utils/Delete course CNPM' successfully

2022-02-13 19:13:45 - [TEST_STEP][PASSED] - closeBrowser(): Browser is closed

2022-02-13 19:13:46 - [MESSAGE][PASSED] - Browser is closed]]></system-out>
         <system-err><![CDATA[]]></system-err>
      </testcase>
      <testcase name="Test Cases/Create assignment/Create Assignment Set Availability" time="42.879" classname="Test Cases/Create assignment/Create Assignment Set Availability" status="PASSED">
         <system-out><![CDATA[2022-02-13 19:13:46 - [TEST_CASE][PASSED] - Test Cases/Create assignment/Create Assignment Set Availability: Test Cases/Create assignment/Create Assignment Set Availability

2022-02-13 19:13:46 - [TEST_STEP][PASSED] - openBrowser(""): Browser is opened with url: ''

2022-02-13 19:13:46 - [MESSAGE][INFO] - Starting 'Edge Chromium' driver

2022-02-13 19:13:49 - [MESSAGE][INFO] - Action delay is set to 0 milliseconds

2022-02-13 19:13:49 - [MESSAGE][PASSED] - Browser is opened with url: ''

2022-02-13 19:13:49 - [TEST_STEP][PASSED] - navigateToUrl("http://localhost/"): Navigate to 'http://localhost/' successfully

2022-02-13 19:13:51 - [MESSAGE][PASSED] - Navigate to 'http://localhost/' successfully

2022-02-13 19:13:51 - [TEST_STEP][PASSED] - click(findTestObject("Object Repository/Page_Local Moodle/a_Log in (8)")): Object: 'Object Repository/Page_Local Moodle/a_Log in (8)' is clicked on

2022-02-13 19:13:51 - [MESSAGE][PASSED] - Object: 'Object Repository/Page_Local Moodle/a_Log in (8)' is clicked on

2022-02-13 19:13:51 - [TEST_STEP][PASSED] - setText(findTestObject("Object Repository/Page_Local Moodle Log in to the site/input_Username_username (8)"), "robertle"): Text 'robertle' is set on object 'Object Repository/Page_Local Moodle Log in to the site/input_Username_username (8)'

2022-02-13 19:13:52 - [MESSAGE][PASSED] - Text 'robertle' is set on object 'Object Repository/Page_Local Moodle Log in to the site/input_Username_username (8)'

2022-02-13 19:13:52 - [TEST_STEP][PASSED] - setEncryptedText(findTestObject("Object Repository/Page_Local Moodle Log in to the site/input_Password_password (8)"), "e0iuw4o+VG38P/PfCbIZUw=="): Text ****** has been set on object 'Object Repository/Page_Local Moodle Log in to the site/input_Password_password (8)'

2022-02-13 19:13:53 - [MESSAGE][PASSED] - Text ****** has been set on object 'Object Repository/Page_Local Moodle Log in to the site/input_Password_password (8)'

2022-02-13 19:13:53 - [TEST_STEP][PASSED] - click(findTestObject("Object Repository/Page_Local Moodle Log in to the site/button_Log in (8)")): Object: 'Object Repository/Page_Local Moodle Log in to the site/button_Log in (8)' is clicked on

2022-02-13 19:13:54 - [MESSAGE][PASSED] - Object: 'Object Repository/Page_Local Moodle Log in to the site/button_Log in (8)' is clicked on

2022-02-13 19:13:54 - [TEST_STEP][PASSED] - click(findTestObject("Object Repository/Page_Nh ca ti/span_Software Engineering")): Object: 'Object Repository/Page_Nh ca ti/span_Software Engineering' is clicked on

2022-02-13 19:13:56 - [MESSAGE][PASSED] - Object: 'Object Repository/Page_Nh ca ti/span_Software Engineering' is clicked on

2022-02-13 19:13:56 - [TEST_STEP][PASSED] - verifyElementText(findTestObject("Object Repository/Page_Kha Software Engineering/h1_Software Engineering"), "Software Engineering"): Actual text and expected text of test object 'Object Repository/Page_Kha Software Engineering/h1_Software Engineering' are matched.

2022-02-13 19:13:57 - [MESSAGE][PASSED] - Actual text and expected text of test object 'Object Repository/Page_Kha Software Engineering/h1_Software Engineering' are matched.

2022-02-13 19:13:57 - [TEST_STEP][PASSED] - verifyElementPresent(findTestObject("Object Repository/Page_Kha Software Engineering/h1_Software Engineering"), 0): Object 'Object Repository/Page_Kha Software Engineering/h1_Software Engineering' is present

2022-02-13 19:13:57 - [MESSAGE][WARNING] - Timeout '0' is invalid. Using default page load timeout: '5'

2022-02-13 19:13:57 - [MESSAGE][PASSED] - Object 'Object Repository/Page_Kha Software Engineering/h1_Software Engineering' is present

2022-02-13 19:13:57 - [TEST_STEP][PASSED] - verifyElementClickable(findTestObject("Object Repository/Page_Kha Software Engineering/h1_Software Engineering")): Object 'Object Repository/Page_Kha Software Engineering/h1_Software Engineering' is clickable

2022-02-13 19:13:57 - [MESSAGE][PASSED] - Object 'Object Repository/Page_Kha Software Engineering/h1_Software Engineering' is clickable

2022-02-13 19:13:57 - [TEST_STEP][PASSED] - click(findTestObject("Object Repository/Page_Kha Software Engineering/button_Bt ch  chnh sa (7)")): Object: 'Object Repository/Page_Kha Software Engineering/button_Bt ch  chnh sa (7)' is clicked on

2022-02-13 19:14:03 - [MESSAGE][INFO] - Unable to find the element located by 'By.xpath: //button[@id='single_button61dd945f772791']'. Please recheck the objects properties to make sure the desired element is located. 

2022-02-13 19:14:03 - [MESSAGE][WARNING] - [SELF-HEALING] Failed to find element with id 'Object Repository/Page_Kha Software Engineering/button_Bt ch  chnh sa (7)'. Try using Self-healing.

2022-02-13 19:14:04 - [MESSAGE][WARNING] - [SELF-HEALING] The current locator of test object 'Object Repository/Page_Kha Software Engineering/button_Bt ch  chnh sa (7)' was broken. Propose an alternative one: '//form/button'.

2022-02-13 19:14:04 - [MESSAGE][PASSED] - Object: 'Object Repository/Page_Kha Software Engineering/button_Bt ch  chnh sa (7)' is clicked on

2022-02-13 19:14:04 - [TEST_STEP][PASSED] - click(findTestObject("Object Repository/Page_Kha Software Engineering/span_Thm hot ng hoc ti nguyn (4)")): Object: 'Object Repository/Page_Kha Software Engineering/span_Thm hot ng hoc ti nguyn (4)' is clicked on

2022-02-13 19:14:11 - [MESSAGE][INFO] - Unable to find the element located by 'By.xpath: //span[@id='yui_3_17_2_1_1641911395881_621']'. Please recheck the objects properties to make sure the desired element is located. 

2022-02-13 19:14:11 - [MESSAGE][WARNING] - [SELF-HEALING] Failed to find element with id 'Object Repository/Page_Kha Software Engineering/span_Thm hot ng hoc ti nguyn (4)'. Try using Self-healing.

2022-02-13 19:14:11 - [MESSAGE][WARNING] - [SELF-HEALING] The current locator of test object 'Object Repository/Page_Kha Software Engineering/span_Thm hot ng hoc ti nguyn (4)' was broken. Propose an alternative one: '(.//*[normalize-space(text()) and normalize-space(.)='Thêm tập tin ở đây'])[3]/following::span[1]'.

2022-02-13 19:14:11 - [MESSAGE][PASSED] - Object: 'Object Repository/Page_Kha Software Engineering/span_Thm hot ng hoc ti nguyn (4)' is clicked on

2022-02-13 19:14:11 - [TEST_STEP][PASSED] - click(findTestObject("Object Repository/Page_Kha Software Engineering/a_Bi tp (5)")): Object: 'Object Repository/Page_Kha Software Engineering/a_Bi tp (5)' is clicked on

2022-02-13 19:14:13 - [MESSAGE][PASSED] - Object: 'Object Repository/Page_Kha Software Engineering/a_Bi tp (5)' is clicked on

2022-02-13 19:14:13 - [TEST_STEP][PASSED] - setText(findTestObject("Object Repository/Page_Bin son Bi tp/input_Tn bi tp_name (7)"), "Availability"): Text 'Availability' is set on object 'Object Repository/Page_Bin son Bi tp/input_Tn bi tp_name (7)'

2022-02-13 19:14:15 - [MESSAGE][PASSED] - Text 'Availability' is set on object 'Object Repository/Page_Bin son Bi tp/input_Tn bi tp_name (7)'

2022-02-13 19:14:15 - [TEST_STEP][PASSED] - selectOptionByValue(findTestObject("Object Repository/Page_Bin son Bi tp/select_1        2        3        4        _45ea30"), "12", true): All options with value '12' are selected in object 'Object Repository/Page_Bin son Bi tp/select_1        2        3        4        _45ea30'  using regular expression

2022-02-13 19:14:17 - [MESSAGE][PASSED] - All options with value '12' are selected in object 'Object Repository/Page_Bin son Bi tp/select_1        2        3        4        _45ea30'  using regular expression

2022-02-13 19:14:17 - [TEST_STEP][PASSED] - selectOptionByValue(findTestObject("Object Repository/Page_Bin son Bi tp/select_1        2        3        4        _45ea30_1"), "19", true): All options with value '19' are selected in object 'Object Repository/Page_Bin son Bi tp/select_1        2        3        4        _45ea30_1'  using regular expression

2022-02-13 19:14:19 - [MESSAGE][PASSED] - All options with value '19' are selected in object 'Object Repository/Page_Bin son Bi tp/select_1        2        3        4        _45ea30_1'  using regular expression

2022-02-13 19:14:19 - [TEST_STEP][PASSED] - selectOptionByValue(findTestObject("Object Repository/Page_Bin son Bi tp/select_1        2        3        4        _45ea30_1_2"), "20", true): All options with value '20' are selected in object 'Object Repository/Page_Bin son Bi tp/select_1        2        3        4        _45ea30_1_2'  using regular expression

2022-02-13 19:14:21 - [MESSAGE][PASSED] - All options with value '20' are selected in object 'Object Repository/Page_Bin son Bi tp/select_1        2        3        4        _45ea30_1_2'  using regular expression

2022-02-13 19:14:21 - [TEST_STEP][PASSED] - click(findTestObject("Object Repository/Page_Bin son Bi tp/input_Upon activity completion_submitbutton2 (7)")): Object: 'Object Repository/Page_Bin son Bi tp/input_Upon activity completion_submitbutton2 (7)' is clicked on

2022-02-13 19:14:22 - [MESSAGE][PASSED] - Object: 'Object Repository/Page_Bin son Bi tp/input_Upon activity completion_submitbutton2 (7)' is clicked on

2022-02-13 19:14:22 - [TEST_STEP][PASSED] - click(findTestObject("Object Repository/Page_Kha Software Engineering/a_Robert Le (7)")): Object: 'Object Repository/Page_Kha Software Engineering/a_Robert Le (7)' is clicked on

2022-02-13 19:14:23 - [MESSAGE][PASSED] - Object: 'Object Repository/Page_Kha Software Engineering/a_Robert Le (7)' is clicked on

2022-02-13 19:14:23 - [TEST_STEP][PASSED] - click(findTestObject("Object Repository/Page_Kha Software Engineering/a_Thot (6)")): Object: 'Object Repository/Page_Kha Software Engineering/a_Thot (6)' is clicked on

2022-02-13 19:14:23 - [MESSAGE][PASSED] - Object: 'Object Repository/Page_Kha Software Engineering/a_Thot (6)' is clicked on

2022-02-13 19:14:23 - [TEST_STEP][PASSED] - click(findTestObject("Object Repository/Page_Local Moodle/a_Log in (8)")): Object: 'Object Repository/Page_Local Moodle/a_Log in (8)' is clicked on

2022-02-13 19:14:24 - [MESSAGE][PASSED] - Object: 'Object Repository/Page_Local Moodle/a_Log in (8)' is clicked on

2022-02-13 19:14:24 - [TEST_STEP][PASSED] - setText(findTestObject("Object Repository/Page_Local Moodle Log in to the site/input_Username_username (8)"), "hocvien"): Text 'hocvien' is set on object 'Object Repository/Page_Local Moodle Log in to the site/input_Username_username (8)'

2022-02-13 19:14:25 - [MESSAGE][PASSED] - Text 'hocvien' is set on object 'Object Repository/Page_Local Moodle Log in to the site/input_Username_username (8)'

2022-02-13 19:14:25 - [TEST_STEP][PASSED] - setEncryptedText(findTestObject("Object Repository/Page_Local Moodle Log in to the site/input_Password_password (8)"), "e0iuw4o+VG38P/PfCbIZUw=="): Text ****** has been set on object 'Object Repository/Page_Local Moodle Log in to the site/input_Password_password (8)'

2022-02-13 19:14:25 - [MESSAGE][PASSED] - Text ****** has been set on object 'Object Repository/Page_Local Moodle Log in to the site/input_Password_password (8)'

2022-02-13 19:14:25 - [TEST_STEP][PASSED] - click(findTestObject("Object Repository/Page_Local Moodle Log in to the site/button_Log in (8)")): Object: 'Object Repository/Page_Local Moodle Log in to the site/button_Log in (8)' is clicked on

2022-02-13 19:14:26 - [MESSAGE][PASSED] - Object: 'Object Repository/Page_Local Moodle Log in to the site/button_Log in (8)' is clicked on

2022-02-13 19:14:26 - [TEST_STEP][PASSED] - click(findTestObject("Object Repository/Page_Nh ca ti/span_Software Engineering")): Object: 'Object Repository/Page_Nh ca ti/span_Software Engineering' is clicked on

2022-02-13 19:14:28 - [MESSAGE][PASSED] - Object: 'Object Repository/Page_Nh ca ti/span_Software Engineering' is clicked on

2022-02-13 19:14:28 - [TEST_STEP][PASSED] - closeBrowser(): Browser is closed

2022-02-13 19:14:29 - [MESSAGE][PASSED] - Browser is closed]]></system-out>
         <system-err><![CDATA[]]></system-err>
      </testcase>
      <testcase name="Test Cases/Create assignment/Create Assignment Set Full" time="78.542" classname="Test Cases/Create assignment/Create Assignment Set Full" status="PASSED">
         <system-out><![CDATA[2022-02-13 19:14:29 - [TEST_CASE][PASSED] - Test Cases/Create assignment/Create Assignment Set Full: Test Cases/Create assignment/Create Assignment Set Full

2022-02-13 19:14:29 - [TEST_STEP][PASSED] - openBrowser(""): Browser is opened with url: ''

2022-02-13 19:14:29 - [MESSAGE][INFO] - Starting 'Edge Chromium' driver

2022-02-13 19:14:31 - [MESSAGE][INFO] - Action delay is set to 0 milliseconds

2022-02-13 19:14:32 - [MESSAGE][PASSED] - Browser is opened with url: ''

2022-02-13 19:14:32 - [TEST_STEP][PASSED] - navigateToUrl("http://localhost/"): Navigate to 'http://localhost/' successfully

2022-02-13 19:14:33 - [MESSAGE][PASSED] - Navigate to 'http://localhost/' successfully

2022-02-13 19:14:33 - [TEST_STEP][PASSED] - click(findTestObject("Object Repository/Page_Local Moodle/a_Log in (13)")): Object: 'Object Repository/Page_Local Moodle/a_Log in (13)' is clicked on

2022-02-13 19:14:33 - [MESSAGE][PASSED] - Object: 'Object Repository/Page_Local Moodle/a_Log in (13)' is clicked on

2022-02-13 19:14:33 - [TEST_STEP][PASSED] - setText(findTestObject("Object Repository/Page_Local Moodle Log in to the site/input_Username_username (13)"), "robertle"): Text 'robertle' is set on object 'Object Repository/Page_Local Moodle Log in to the site/input_Username_username (13)'

2022-02-13 19:14:34 - [MESSAGE][PASSED] - Text 'robertle' is set on object 'Object Repository/Page_Local Moodle Log in to the site/input_Username_username (13)'

2022-02-13 19:14:34 - [TEST_STEP][PASSED] - setEncryptedText(findTestObject("Object Repository/Page_Local Moodle Log in to the site/input_Password_password (13)"), "e0iuw4o+VG38P/PfCbIZUw=="): Text ****** has been set on object 'Object Repository/Page_Local Moodle Log in to the site/input_Password_password (13)'

2022-02-13 19:14:35 - [MESSAGE][PASSED] - Text ****** has been set on object 'Object Repository/Page_Local Moodle Log in to the site/input_Password_password (13)'

2022-02-13 19:14:35 - [TEST_STEP][PASSED] - click(findTestObject("Object Repository/Page_Local Moodle Log in to the site/button_Log in (13)")): Object: 'Object Repository/Page_Local Moodle Log in to the site/button_Log in (13)' is clicked on

2022-02-13 19:14:36 - [MESSAGE][PASSED] - Object: 'Object Repository/Page_Local Moodle Log in to the site/button_Log in (13)' is clicked on

2022-02-13 19:14:36 - [TEST_STEP][PASSED] - click(findTestObject("Object Repository/Page_Nh ca ti/span_Software Engineering")): Object: 'Object Repository/Page_Nh ca ti/span_Software Engineering' is clicked on

2022-02-13 19:14:38 - [MESSAGE][PASSED] - Object: 'Object Repository/Page_Nh ca ti/span_Software Engineering' is clicked on

2022-02-13 19:14:38 - [TEST_STEP][PASSED] - verifyElementText(findTestObject("Object Repository/Page_Kha Software Engineering/h1_Software Engineering"), "Software Engineering"): Actual text and expected text of test object 'Object Repository/Page_Kha Software Engineering/h1_Software Engineering' are matched.

2022-02-13 19:14:38 - [MESSAGE][PASSED] - Actual text and expected text of test object 'Object Repository/Page_Kha Software Engineering/h1_Software Engineering' are matched.

2022-02-13 19:14:38 - [TEST_STEP][PASSED] - verifyElementPresent(findTestObject("Object Repository/Page_Kha Software Engineering/h1_Software Engineering"), 0): Object 'Object Repository/Page_Kha Software Engineering/h1_Software Engineering' is present

2022-02-13 19:14:38 - [MESSAGE][WARNING] - Timeout '0' is invalid. Using default page load timeout: '5'

2022-02-13 19:14:38 - [MESSAGE][PASSED] - Object 'Object Repository/Page_Kha Software Engineering/h1_Software Engineering' is present

2022-02-13 19:14:38 - [TEST_STEP][PASSED] - click(findTestObject("Object Repository/Page_Kha Software Engineering/button_Bt ch  chnh sa (12)")): Object: 'Object Repository/Page_Kha Software Engineering/button_Bt ch  chnh sa (12)' is clicked on

2022-02-13 19:14:45 - [MESSAGE][INFO] - Unable to find the element located by 'By.xpath: //button[@id='single_button61dda179335d11']'. Please recheck the objects properties to make sure the desired element is located. 

2022-02-13 19:14:45 - [MESSAGE][WARNING] - [SELF-HEALING] Failed to find element with id 'Object Repository/Page_Kha Software Engineering/button_Bt ch  chnh sa (12)'. Try using Self-healing.

2022-02-13 19:14:45 - [MESSAGE][WARNING] - [SELF-HEALING] The current locator of test object 'Object Repository/Page_Kha Software Engineering/button_Bt ch  chnh sa (12)' was broken. Propose an alternative one: '//header[@id='page-header']/div/div/div/div[2]/div[2]/div/form/button'.

2022-02-13 19:14:45 - [MESSAGE][PASSED] - Object: 'Object Repository/Page_Kha Software Engineering/button_Bt ch  chnh sa (12)' is clicked on

2022-02-13 19:14:45 - [TEST_STEP][PASSED] - click(findTestObject("Object Repository/Page_Kha Software Engineering/span_Thm hot ng hoc ti nguyn (6)")): Object: 'Object Repository/Page_Kha Software Engineering/span_Thm hot ng hoc ti nguyn (6)' is clicked on

2022-02-13 19:14:52 - [MESSAGE][INFO] - Unable to find the element located by 'By.xpath: //span[@id='yui_3_17_2_1_1641914748145_619']'. Please recheck the objects properties to make sure the desired element is located. 

2022-02-13 19:14:52 - [MESSAGE][WARNING] - [SELF-HEALING] Failed to find element with id 'Object Repository/Page_Kha Software Engineering/span_Thm hot ng hoc ti nguyn (6)'. Try using Self-healing.

2022-02-13 19:14:52 - [MESSAGE][WARNING] - [SELF-HEALING] The current locator of test object 'Object Repository/Page_Kha Software Engineering/span_Thm hot ng hoc ti nguyn (6)' was broken. Propose an alternative one: '(.//*[normalize-space(text()) and normalize-space(.)='Thêm tập tin ở đây'])[3]/following::span[1]'.

2022-02-13 19:14:52 - [MESSAGE][PASSED] - Object: 'Object Repository/Page_Kha Software Engineering/span_Thm hot ng hoc ti nguyn (6)' is clicked on

2022-02-13 19:14:52 - [TEST_STEP][PASSED] - click(findTestObject("Object Repository/Page_Kha Software Engineering/div_Thng tin v  Bi hc hot ng_optionicon mt-_6d37dc (3)")): Object: 'Object Repository/Page_Kha Software Engineering/div_Thng tin v  Bi hc hot ng_optionicon mt-_6d37dc (3)' is clicked on

2022-02-13 19:14:55 - [MESSAGE][PASSED] - Object: 'Object Repository/Page_Kha Software Engineering/div_Thng tin v  Bi hc hot ng_optionicon mt-_6d37dc (3)' is clicked on

2022-02-13 19:14:55 - [TEST_STEP][PASSED] - setText(findTestObject("Object Repository/Page_Bin son Bi tp/input_Tn bi tp_name (12)"), "Assignment Full"): Text 'Assignment Full' is set on object 'Object Repository/Page_Bin son Bi tp/input_Tn bi tp_name (12)'

2022-02-13 19:14:56 - [MESSAGE][PASSED] - Text 'Assignment Full' is set on object 'Object Repository/Page_Bin son Bi tp/input_Tn bi tp_name (12)'

2022-02-13 19:14:56 - [TEST_STEP][PASSED] - setText(findTestObject("Object Repository/Page_Bin son Bi tp/div_To assignment y"), "<p dir="ltr" style="text-align: left;">Tạo assignment đầy đủ.</p>"): Text '<p dir="ltr" style="text-align: left;">Tạo assignment đầy đủ.</p>' is set on object 'Object Repository/Page_Bin son Bi tp/div_To assignment y'

2022-02-13 19:14:57 - [MESSAGE][PASSED] - Text '<p dir="ltr" style="text-align: left;">Tạo assignment đầy đủ.</p>' is set on object 'Object Repository/Page_Bin son Bi tp/div_To assignment y'

2022-02-13 19:14:57 - [TEST_STEP][PASSED] - selectOptionByValue(findTestObject("Object Repository/Page_Bin son Bi tp/select_1        2        3        4        _45ea30 (1)"), "12", true): All options with value '12' are selected in object 'Object Repository/Page_Bin son Bi tp/select_1        2        3        4        _45ea30 (1)'  using regular expression

2022-02-13 19:14:59 - [MESSAGE][PASSED] - All options with value '12' are selected in object 'Object Repository/Page_Bin son Bi tp/select_1        2        3        4        _45ea30 (1)'  using regular expression

2022-02-13 19:14:59 - [TEST_STEP][PASSED] - selectOptionByValue(findTestObject("Object Repository/Page_Bin son Bi tp/select_1        2        3        4        _45ea30_1 (1)"), "20", true): All options with value '20' are selected in object 'Object Repository/Page_Bin son Bi tp/select_1        2        3        4        _45ea30_1 (1)'  using regular expression

2022-02-13 19:15:01 - [MESSAGE][PASSED] - All options with value '20' are selected in object 'Object Repository/Page_Bin son Bi tp/select_1        2        3        4        _45ea30_1 (1)'  using regular expression

2022-02-13 19:15:01 - [TEST_STEP][PASSED] - selectOptionByValue(findTestObject("Object Repository/Page_Bin son Bi tp/select_1        2        3        4        _45ea30_1_2 (1)"), "21", true): All options with value '21' are selected in object 'Object Repository/Page_Bin son Bi tp/select_1        2        3        4        _45ea30_1_2 (1)'  using regular expression

2022-02-13 19:15:03 - [MESSAGE][PASSED] - All options with value '21' are selected in object 'Object Repository/Page_Bin son Bi tp/select_1        2        3        4        _45ea30_1_2 (1)'  using regular expression

2022-02-13 19:15:03 - [TEST_STEP][PASSED] - selectOptionByValue(findTestObject("Object Repository/Page_Bin son Bi tp/select_1            2            3         _f84cd8 (1)"), "15", true): All options with value '15' are selected in object 'Object Repository/Page_Bin son Bi tp/select_1            2            3         _f84cd8 (1)'  using regular expression

2022-02-13 19:15:05 - [MESSAGE][PASSED] - All options with value '15' are selected in object 'Object Repository/Page_Bin son Bi tp/select_1            2            3         _f84cd8 (1)'  using regular expression

2022-02-13 19:15:05 - [TEST_STEP][PASSED] - click(findTestObject("Object Repository/Page_Bin son Bi tp/input_Cc loi tp tin c chp nhn_yui_3_17_2_1__c57195")): Object: 'Object Repository/Page_Bin son Bi tp/input_Cc loi tp tin c chp nhn_yui_3_17_2_1__c57195' is clicked on

2022-02-13 19:15:11 - [MESSAGE][INFO] - Unable to find the element located by 'By.xpath: //input[@id='yui_3_17_2_1_1641914753929_1712']'. Please recheck the objects properties to make sure the desired element is located. 

2022-02-13 19:15:11 - [MESSAGE][WARNING] - [SELF-HEALING] Failed to find element with id 'Object Repository/Page_Bin son Bi tp/input_Cc loi tp tin c chp nhn_yui_3_17_2_1__c57195'. Try using Self-healing.

2022-02-13 19:15:12 - [MESSAGE][WARNING] - [SELF-HEALING] The current locator of test object 'Object Repository/Page_Bin son Bi tp/input_Cc loi tp tin c chp nhn_yui_3_17_2_1__c57195' was broken. Propose an alternative one: '//fieldset/div/span/input'.

2022-02-13 19:15:12 - [MESSAGE][PASSED] - Object: 'Object Repository/Page_Bin son Bi tp/input_Cc loi tp tin c chp nhn_yui_3_17_2_1__c57195' is clicked on

2022-02-13 19:15:12 - [TEST_STEP][PASSED] - click(findTestObject("Object Repository/Page_Bin son Bi tp/input_All file types_yui_3_17_2_1_164191475_b6e702")): Object: 'Object Repository/Page_Bin son Bi tp/input_All file types_yui_3_17_2_1_164191475_b6e702' is clicked on

2022-02-13 19:15:18 - [MESSAGE][INFO] - Unable to find the element located by 'By.xpath: //input[@id='yui_3_17_2_1_1641914753929_1743']'. Please recheck the objects properties to make sure the desired element is located. 

2022-02-13 19:15:18 - [MESSAGE][WARNING] - [SELF-HEALING] Failed to find element with id 'Object Repository/Page_Bin son Bi tp/input_All file types_yui_3_17_2_1_164191475_b6e702'. Try using Self-healing.

2022-02-13 19:15:18 - [MESSAGE][WARNING] - [SELF-HEALING] The current locator of test object 'Object Repository/Page_Bin son Bi tp/input_All file types_yui_3_17_2_1_164191475_b6e702' was broken. Propose an alternative one: '//div[2]/label/input'.

2022-02-13 19:15:18 - [MESSAGE][PASSED] - Object: 'Object Repository/Page_Bin son Bi tp/input_All file types_yui_3_17_2_1_164191475_b6e702' is clicked on

2022-02-13 19:15:18 - [TEST_STEP][PASSED] - click(findTestObject("Object Repository/Page_Bin son Bi tp/input_tgz_yui_3_17_2_1_1641914753929_1776")): Object: 'Object Repository/Page_Bin son Bi tp/input_tgz_yui_3_17_2_1_1641914753929_1776' is clicked on

2022-02-13 19:15:24 - [MESSAGE][INFO] - Unable to find the element located by 'By.xpath: //input[@id='yui_3_17_2_1_1641914753929_1776']'. Please recheck the objects properties to make sure the desired element is located. 

2022-02-13 19:15:24 - [MESSAGE][WARNING] - [SELF-HEALING] Failed to find element with id 'Object Repository/Page_Bin son Bi tp/input_tgz_yui_3_17_2_1_1641914753929_1776'. Try using Self-healing.

2022-02-13 19:15:25 - [MESSAGE][WARNING] - [SELF-HEALING] The current locator of test object 'Object Repository/Page_Bin son Bi tp/input_tgz_yui_3_17_2_1_1641914753929_1776' was broken. Propose an alternative one: '//li[13]/label/input'.

2022-02-13 19:15:25 - [MESSAGE][PASSED] - Object: 'Object Repository/Page_Bin son Bi tp/input_tgz_yui_3_17_2_1_1641914753929_1776' is clicked on

2022-02-13 19:15:25 - [TEST_STEP][PASSED] - click(findTestObject("Object Repository/Page_Bin son Bi tp/button_Lu nhng thay i (3)")): Object: 'Object Repository/Page_Bin son Bi tp/button_Lu nhng thay i (3)' is clicked on

2022-02-13 19:15:31 - [MESSAGE][INFO] - Unable to find the element located by 'By.xpath: //button[@id='yui_3_17_2_1_1641914753929_1784']'. Please recheck the objects properties to make sure the desired element is located. 

2022-02-13 19:15:31 - [MESSAGE][WARNING] - [SELF-HEALING] Failed to find element with id 'Object Repository/Page_Bin son Bi tp/button_Lu nhng thay i (3)'. Try using Self-healing.

2022-02-13 19:15:32 - [MESSAGE][WARNING] - [SELF-HEALING] The current locator of test object 'Object Repository/Page_Bin son Bi tp/button_Lu nhng thay i (3)' was broken. Propose an alternative one: '(.//*[normalize-space(text()) and normalize-space(.)='.cpp'])[1]/following::button[1]'.

2022-02-13 19:15:32 - [MESSAGE][PASSED] - Object: 'Object Repository/Page_Bin son Bi tp/button_Lu nhng thay i (3)' is clicked on

2022-02-13 19:15:32 - [TEST_STEP][PASSED] - click(findTestObject("Object Repository/Page_Bin son Bi tp/input_Upon activity completion_submitbutton2 (12)")): Object: 'Object Repository/Page_Bin son Bi tp/input_Upon activity completion_submitbutton2 (12)' is clicked on

2022-02-13 19:15:33 - [MESSAGE][PASSED] - Object: 'Object Repository/Page_Bin son Bi tp/input_Upon activity completion_submitbutton2 (12)' is clicked on

2022-02-13 19:15:33 - [TEST_STEP][PASSED] - click(findTestObject("Object Repository/Page_Kha Software Engineering/a_Robert Le (12)")): Object: 'Object Repository/Page_Kha Software Engineering/a_Robert Le (12)' is clicked on

2022-02-13 19:15:34 - [MESSAGE][PASSED] - Object: 'Object Repository/Page_Kha Software Engineering/a_Robert Le (12)' is clicked on

2022-02-13 19:15:34 - [TEST_STEP][PASSED] - click(findTestObject("Object Repository/Page_Kha Software Engineering/a_Thot (11)")): Object: 'Object Repository/Page_Kha Software Engineering/a_Thot (11)' is clicked on

2022-02-13 19:15:35 - [MESSAGE][PASSED] - Object: 'Object Repository/Page_Kha Software Engineering/a_Thot (11)' is clicked on

2022-02-13 19:15:35 - [TEST_STEP][PASSED] - click(findTestObject("Object Repository/Page_Local Moodle/a_Log in (13)")): Object: 'Object Repository/Page_Local Moodle/a_Log in (13)' is clicked on

2022-02-13 19:15:36 - [MESSAGE][PASSED] - Object: 'Object Repository/Page_Local Moodle/a_Log in (13)' is clicked on

2022-02-13 19:15:36 - [TEST_STEP][PASSED] - setText(findTestObject("Object Repository/Page_Local Moodle Log in to the site/input_Username_username (13)"), "hocvien"): Text 'hocvien' is set on object 'Object Repository/Page_Local Moodle Log in to the site/input_Username_username (13)'

2022-02-13 19:15:37 - [MESSAGE][PASSED] - Text 'hocvien' is set on object 'Object Repository/Page_Local Moodle Log in to the site/input_Username_username (13)'

2022-02-13 19:15:37 - [TEST_STEP][PASSED] - setEncryptedText(findTestObject("Object Repository/Page_Local Moodle Log in to the site/input_Password_password (13)"), "e0iuw4o+VG38P/PfCbIZUw=="): Text ****** has been set on object 'Object Repository/Page_Local Moodle Log in to the site/input_Password_password (13)'

2022-02-13 19:15:37 - [MESSAGE][PASSED] - Text ****** has been set on object 'Object Repository/Page_Local Moodle Log in to the site/input_Password_password (13)'

2022-02-13 19:15:37 - [TEST_STEP][PASSED] - click(findTestObject("Object Repository/Page_Local Moodle Log in to the site/button_Log in (13)")): Object: 'Object Repository/Page_Local Moodle Log in to the site/button_Log in (13)' is clicked on

2022-02-13 19:15:38 - [MESSAGE][PASSED] - Object: 'Object Repository/Page_Local Moodle Log in to the site/button_Log in (13)' is clicked on

2022-02-13 19:15:38 - [TEST_STEP][PASSED] - click(findTestObject("Object Repository/Page_Nh ca ti/span_Software Engineering")): Object: 'Object Repository/Page_Nh ca ti/span_Software Engineering' is clicked on

2022-02-13 19:15:40 - [MESSAGE][PASSED] - Object: 'Object Repository/Page_Nh ca ti/span_Software Engineering' is clicked on

2022-02-13 19:15:40 - [TEST_STEP][PASSED] - click(findTestObject("Object Repository/Page_Kha Software Engineering/span_Assignment Full Bi tp")): Object: 'Object Repository/Page_Kha Software Engineering/span_Assignment Full Bi tp' is clicked on

2022-02-13 19:15:46 - [MESSAGE][INFO] - Unable to find the element located by 'By.xpath: //li[@id='module-26']/div/div/div[2]/div/a/span'. Please recheck the objects properties to make sure the desired element is located. 

2022-02-13 19:15:46 - [MESSAGE][WARNING] - [SELF-HEALING] Failed to find element with id 'Object Repository/Page_Kha Software Engineering/span_Assignment Full Bi tp'. Try using Self-healing.

2022-02-13 19:15:46 - [MESSAGE][WARNING] - [SELF-HEALING] The current locator of test object 'Object Repository/Page_Kha Software Engineering/span_Assignment Full Bi tp' was broken. Propose an alternative one: '//*/text()[normalize-space(.)='Assignment Full']/parent::*'.

2022-02-13 19:15:47 - [MESSAGE][PASSED] - Object: 'Object Repository/Page_Kha Software Engineering/span_Assignment Full Bi tp' is clicked on

2022-02-13 19:15:47 - [TEST_STEP][PASSED] - closeBrowser(): Browser is closed

2022-02-13 19:15:48 - [MESSAGE][PASSED] - Browser is closed]]></system-out>
         <system-err><![CDATA[]]></system-err>
      </testcase>
      <testcase name="Test Cases/Create assignment/Create Assignment Set Online Text" time="47.563" classname="Test Cases/Create assignment/Create Assignment Set Online Text" status="PASSED">
         <system-out><![CDATA[2022-02-13 19:15:48 - [TEST_CASE][PASSED] - Test Cases/Create assignment/Create Assignment Set Online Text: Test Cases/Create assignment/Create Assignment Set Online Text

2022-02-13 19:15:48 - [TEST_STEP][PASSED] - openBrowser(""): Browser is opened with url: ''

2022-02-13 19:15:48 - [MESSAGE][INFO] - Starting 'Edge Chromium' driver

2022-02-13 19:15:50 - [MESSAGE][INFO] - Action delay is set to 0 milliseconds

2022-02-13 19:15:51 - [MESSAGE][PASSED] - Browser is opened with url: ''

2022-02-13 19:15:51 - [TEST_STEP][PASSED] - navigateToUrl("http://localhost/"): Navigate to 'http://localhost/' successfully

2022-02-13 19:15:52 - [MESSAGE][PASSED] - Navigate to 'http://localhost/' successfully

2022-02-13 19:15:52 - [TEST_STEP][PASSED] - click(findTestObject("Object Repository/Page_Local Moodle/a_Log in (11)")): Object: 'Object Repository/Page_Local Moodle/a_Log in (11)' is clicked on

2022-02-13 19:15:53 - [MESSAGE][PASSED] - Object: 'Object Repository/Page_Local Moodle/a_Log in (11)' is clicked on

2022-02-13 19:15:53 - [TEST_STEP][PASSED] - setText(findTestObject("Object Repository/Page_Local Moodle Log in to the site/input_Username_username (11)"), "robertle"): Text 'robertle' is set on object 'Object Repository/Page_Local Moodle Log in to the site/input_Username_username (11)'

2022-02-13 19:15:54 - [MESSAGE][PASSED] - Text 'robertle' is set on object 'Object Repository/Page_Local Moodle Log in to the site/input_Username_username (11)'

2022-02-13 19:15:54 - [TEST_STEP][PASSED] - setEncryptedText(findTestObject("Object Repository/Page_Local Moodle Log in to the site/input_Password_password (11)"), "e0iuw4o+VG38P/PfCbIZUw=="): Text ****** has been set on object 'Object Repository/Page_Local Moodle Log in to the site/input_Password_password (11)'

2022-02-13 19:15:54 - [MESSAGE][PASSED] - Text ****** has been set on object 'Object Repository/Page_Local Moodle Log in to the site/input_Password_password (11)'

2022-02-13 19:15:54 - [TEST_STEP][PASSED] - click(findTestObject("Object Repository/Page_Local Moodle Log in to the site/button_Log in (11)")): Object: 'Object Repository/Page_Local Moodle Log in to the site/button_Log in (11)' is clicked on

2022-02-13 19:15:56 - [MESSAGE][PASSED] - Object: 'Object Repository/Page_Local Moodle Log in to the site/button_Log in (11)' is clicked on

2022-02-13 19:15:56 - [TEST_STEP][PASSED] - click(findTestObject("Object Repository/Page_Nh ca ti/span_Software Engineering")): Object: 'Object Repository/Page_Nh ca ti/span_Software Engineering' is clicked on

2022-02-13 19:15:57 - [MESSAGE][PASSED] - Object: 'Object Repository/Page_Nh ca ti/span_Software Engineering' is clicked on

2022-02-13 19:15:57 - [TEST_STEP][PASSED] - click(findTestObject("Object Repository/Page_Kha Software Engineering/button_Bt ch  chnh sa (10)")): Object: 'Object Repository/Page_Kha Software Engineering/button_Bt ch  chnh sa (10)' is clicked on

2022-02-13 19:16:04 - [MESSAGE][INFO] - Unable to find the element located by 'By.xpath: //button[@id='single_button61dd9879112831']'. Please recheck the objects properties to make sure the desired element is located. 

2022-02-13 19:16:04 - [MESSAGE][WARNING] - [SELF-HEALING] Failed to find element with id 'Object Repository/Page_Kha Software Engineering/button_Bt ch  chnh sa (10)'. Try using Self-healing.

2022-02-13 19:16:04 - [MESSAGE][WARNING] - [SELF-HEALING] The current locator of test object 'Object Repository/Page_Kha Software Engineering/button_Bt ch  chnh sa (10)' was broken. Propose an alternative one: '//header[@id='page-header']/div/div/div/div[2]/div[2]/div/form/button'.

2022-02-13 19:16:04 - [MESSAGE][PASSED] - Object: 'Object Repository/Page_Kha Software Engineering/button_Bt ch  chnh sa (10)' is clicked on

2022-02-13 19:16:04 - [TEST_STEP][PASSED] - click(findTestObject("Object Repository/Page_Kha Software Engineering/button_Thm hot ng hoc ti nguyn (4)")): Object: 'Object Repository/Page_Kha Software Engineering/button_Thm hot ng hoc ti nguyn (4)' is clicked on

2022-02-13 19:16:12 - [MESSAGE][INFO] - Unable to find the element located by 'By.xpath: //button[@id='yui_3_17_2_1_1641912444286_622']'. Please recheck the objects properties to make sure the desired element is located. 

2022-02-13 19:16:12 - [MESSAGE][WARNING] - [SELF-HEALING] Failed to find element with id 'Object Repository/Page_Kha Software Engineering/button_Thm hot ng hoc ti nguyn (4)'. Try using Self-healing.

2022-02-13 19:16:12 - [MESSAGE][WARNING] - [SELF-HEALING] The current locator of test object 'Object Repository/Page_Kha Software Engineering/button_Thm hot ng hoc ti nguyn (4)' was broken. Propose an alternative one: '(.//*[normalize-space(text()) and normalize-space(.)='Thêm tập tin ở đây'])[3]/following::button[1]'.

2022-02-13 19:16:12 - [MESSAGE][PASSED] - Object: 'Object Repository/Page_Kha Software Engineering/button_Thm hot ng hoc ti nguyn (4)' is clicked on

2022-02-13 19:16:12 - [TEST_STEP][PASSED] - click(findTestObject("Object Repository/Page_Kha Software Engineering/div_Thng tin v  Bi hc hot ng_optionicon mt-_6d37dc (1)")): Object: 'Object Repository/Page_Kha Software Engineering/div_Thng tin v  Bi hc hot ng_optionicon mt-_6d37dc (1)' is clicked on

2022-02-13 19:16:14 - [MESSAGE][PASSED] - Object: 'Object Repository/Page_Kha Software Engineering/div_Thng tin v  Bi hc hot ng_optionicon mt-_6d37dc (1)' is clicked on

2022-02-13 19:16:14 - [TEST_STEP][PASSED] - setText(findTestObject("Object Repository/Page_Bin son Bi tp/input_Tn bi tp_name (10)"), "Bài tập văn bản"): Text 'Bài tập văn bản' is set on object 'Object Repository/Page_Bin son Bi tp/input_Tn bi tp_name (10)'

2022-02-13 19:16:16 - [MESSAGE][PASSED] - Text 'Bài tập văn bản' is set on object 'Object Repository/Page_Bin son Bi tp/input_Tn bi tp_name (10)'

2022-02-13 19:16:16 - [TEST_STEP][PASSED] - click(findTestObject("Object Repository/Page_Bin son Bi tp/input_Vn bn trc tuyn_assignsubmission_onlin_3ee3b4 (1)")): Object: 'Object Repository/Page_Bin son Bi tp/input_Vn bn trc tuyn_assignsubmission_onlin_3ee3b4 (1)' is clicked on

2022-02-13 19:16:17 - [MESSAGE][PASSED] - Object: 'Object Repository/Page_Bin son Bi tp/input_Vn bn trc tuyn_assignsubmission_onlin_3ee3b4 (1)' is clicked on

2022-02-13 19:16:17 - [TEST_STEP][PASSED] - click(findTestObject("Object Repository/Page_Bin son Bi tp/input_Np tp tin_assignsubmission_file_enabled (1)")): Object: 'Object Repository/Page_Bin son Bi tp/input_Np tp tin_assignsubmission_file_enabled (1)' is clicked on

2022-02-13 19:16:17 - [MESSAGE][PASSED] - Object: 'Object Repository/Page_Bin son Bi tp/input_Np tp tin_assignsubmission_file_enabled (1)' is clicked on

2022-02-13 19:16:17 - [TEST_STEP][PASSED] - click(findTestObject("Object Repository/Page_Bin son Bi tp/input_M_assignsubmission_onlinetext_wordlim_e70110 (1)")): Object: 'Object Repository/Page_Bin son Bi tp/input_M_assignsubmission_onlinetext_wordlim_e70110 (1)' is clicked on

2022-02-13 19:16:18 - [MESSAGE][PASSED] - Object: 'Object Repository/Page_Bin son Bi tp/input_M_assignsubmission_onlinetext_wordlim_e70110 (1)' is clicked on

2022-02-13 19:16:18 - [TEST_STEP][PASSED] - setText(findTestObject("Object Repository/Page_Bin son Bi tp/input_Gii hn t_assignsubmission_onlinetext__581726 (1)"), "300"): Text '300' is set on object 'Object Repository/Page_Bin son Bi tp/input_Gii hn t_assignsubmission_onlinetext__581726 (1)'

2022-02-13 19:16:19 - [MESSAGE][PASSED] - Text '300' is set on object 'Object Repository/Page_Bin son Bi tp/input_Gii hn t_assignsubmission_onlinetext__581726 (1)'

2022-02-13 19:16:19 - [TEST_STEP][PASSED] - click(findTestObject("Object Repository/Page_Bin son Bi tp/input_Upon activity completion_submitbutton2 (10)")): Object: 'Object Repository/Page_Bin son Bi tp/input_Upon activity completion_submitbutton2 (10)' is clicked on

2022-02-13 19:16:20 - [MESSAGE][PASSED] - Object: 'Object Repository/Page_Bin son Bi tp/input_Upon activity completion_submitbutton2 (10)' is clicked on

2022-02-13 19:16:20 - [TEST_STEP][PASSED] - click(findTestObject("Object Repository/Page_Kha Software Engineering/a_Robert Le (10)")): Object: 'Object Repository/Page_Kha Software Engineering/a_Robert Le (10)' is clicked on

2022-02-13 19:16:21 - [MESSAGE][PASSED] - Object: 'Object Repository/Page_Kha Software Engineering/a_Robert Le (10)' is clicked on

2022-02-13 19:16:21 - [TEST_STEP][PASSED] - click(findTestObject("Object Repository/Page_Kha Software Engineering/a_Thot (9)")): Object: 'Object Repository/Page_Kha Software Engineering/a_Thot (9)' is clicked on

2022-02-13 19:16:21 - [MESSAGE][PASSED] - Object: 'Object Repository/Page_Kha Software Engineering/a_Thot (9)' is clicked on

2022-02-13 19:16:21 - [TEST_STEP][PASSED] - click(findTestObject("Object Repository/Page_Local Moodle/a_Log in (11)")): Object: 'Object Repository/Page_Local Moodle/a_Log in (11)' is clicked on

2022-02-13 19:16:22 - [MESSAGE][PASSED] - Object: 'Object Repository/Page_Local Moodle/a_Log in (11)' is clicked on

2022-02-13 19:16:22 - [TEST_STEP][PASSED] - setText(findTestObject("Object Repository/Page_Local Moodle Log in to the site/input_Username_username (11)"), "hocvien"): Text 'hocvien' is set on object 'Object Repository/Page_Local Moodle Log in to the site/input_Username_username (11)'

2022-02-13 19:16:23 - [MESSAGE][PASSED] - Text 'hocvien' is set on object 'Object Repository/Page_Local Moodle Log in to the site/input_Username_username (11)'

2022-02-13 19:16:23 - [TEST_STEP][PASSED] - setEncryptedText(findTestObject("Object Repository/Page_Local Moodle Log in to the site/input_Password_password (11)"), "e0iuw4o+VG38P/PfCbIZUw=="): Text ****** has been set on object 'Object Repository/Page_Local Moodle Log in to the site/input_Password_password (11)'

2022-02-13 19:16:23 - [MESSAGE][PASSED] - Text ****** has been set on object 'Object Repository/Page_Local Moodle Log in to the site/input_Password_password (11)'

2022-02-13 19:16:23 - [TEST_STEP][PASSED] - click(findTestObject("Object Repository/Page_Local Moodle Log in to the site/button_Log in (11)")): Object: 'Object Repository/Page_Local Moodle Log in to the site/button_Log in (11)' is clicked on

2022-02-13 19:16:25 - [MESSAGE][PASSED] - Object: 'Object Repository/Page_Local Moodle Log in to the site/button_Log in (11)' is clicked on

2022-02-13 19:16:25 - [TEST_STEP][PASSED] - click(findTestObject("Object Repository/Page_Nh ca ti/span_Software Engineering")): Object: 'Object Repository/Page_Nh ca ti/span_Software Engineering' is clicked on

2022-02-13 19:16:26 - [MESSAGE][PASSED] - Object: 'Object Repository/Page_Nh ca ti/span_Software Engineering' is clicked on

2022-02-13 19:16:26 - [TEST_STEP][PASSED] - click(findTestObject("Object Repository/Page_Kha Software Engineering/span_Bi tp vn bn")): Object: 'Object Repository/Page_Kha Software Engineering/span_Bi tp vn bn' is clicked on

2022-02-13 19:16:27 - [MESSAGE][PASSED] - Object: 'Object Repository/Page_Kha Software Engineering/span_Bi tp vn bn' is clicked on

2022-02-13 19:16:27 - [TEST_STEP][PASSED] - verifyElementText(findTestObject("Page_SE Bi tp vn bn/h2_Bi tp vn bn"), "Bài tập văn bản"): Actual text and expected text of test object 'Object Repository/Page_SE Bi tp vn bn/h2_Bi tp vn bn' are matched.

2022-02-13 19:16:28 - [MESSAGE][PASSED] - Actual text and expected text of test object 'Object Repository/Page_SE Bi tp vn bn/h2_Bi tp vn bn' are matched.

2022-02-13 19:16:28 - [TEST_STEP][PASSED] - verifyElementClickable(findTestObject("Object Repository/Page_SE Bi tp vn bn/button_Thm bi np_1")): Object 'Object Repository/Page_SE Bi tp vn bn/button_Thm bi np_1' is clickable

2022-02-13 19:16:34 - [MESSAGE][INFO] - Unable to find the element located by 'By.xpath: //button[@id='single_button6205d48dde74520']'. Please recheck the objects properties to make sure the desired element is located. 

2022-02-13 19:16:34 - [MESSAGE][WARNING] - [SELF-HEALING] Failed to find element with id 'Object Repository/Page_SE Bi tp vn bn/button_Thm bi np_1'. Try using Self-healing.

2022-02-13 19:16:34 - [MESSAGE][WARNING] - [SELF-HEALING] The current locator of test object 'Object Repository/Page_SE Bi tp vn bn/button_Thm bi np_1' was broken. Propose an alternative one: '//section[@id='region-main']/div/div[3]/div[2]/div/form/button'.

2022-02-13 19:16:34 - [MESSAGE][PASSED] - Object 'Object Repository/Page_SE Bi tp vn bn/button_Thm bi np_1' is clickable

2022-02-13 19:16:34 - [TEST_STEP][PASSED] - closeBrowser(): Browser is closed

2022-02-13 19:16:35 - [MESSAGE][PASSED] - Browser is closed]]></system-out>
         <system-err><![CDATA[]]></system-err>
      </testcase>
      <testcase name="Test Cases/Create assignment/Create Assignment Set Type File" time="83.206" classname="Test Cases/Create assignment/Create Assignment Set Type File" status="PASSED">
         <system-out><![CDATA[2022-02-13 19:16:35 - [TEST_CASE][PASSED] - Test Cases/Create assignment/Create Assignment Set Type File: Test Cases/Create assignment/Create Assignment Set Type File

2022-02-13 19:16:35 - [TEST_STEP][PASSED] - openBrowser(""): Browser is opened with url: ''

2022-02-13 19:16:35 - [MESSAGE][INFO] - Starting 'Edge Chromium' driver

2022-02-13 19:16:38 - [MESSAGE][INFO] - Action delay is set to 0 milliseconds

2022-02-13 19:16:38 - [MESSAGE][PASSED] - Browser is opened with url: ''

2022-02-13 19:16:38 - [TEST_STEP][PASSED] - navigateToUrl("http://localhost/"): Navigate to 'http://localhost/' successfully

2022-02-13 19:16:39 - [MESSAGE][PASSED] - Navigate to 'http://localhost/' successfully

2022-02-13 19:16:39 - [TEST_STEP][PASSED] - click(findTestObject("Object Repository/Page_Local Moodle/a_Log in (12)")): Object: 'Object Repository/Page_Local Moodle/a_Log in (12)' is clicked on

2022-02-13 19:16:40 - [MESSAGE][PASSED] - Object: 'Object Repository/Page_Local Moodle/a_Log in (12)' is clicked on

2022-02-13 19:16:40 - [TEST_STEP][PASSED] - setText(findTestObject("Object Repository/Page_Local Moodle Log in to the site/input_Username_username (12)"), "robertle"): Text 'robertle' is set on object 'Object Repository/Page_Local Moodle Log in to the site/input_Username_username (12)'

2022-02-13 19:16:41 - [MESSAGE][PASSED] - Text 'robertle' is set on object 'Object Repository/Page_Local Moodle Log in to the site/input_Username_username (12)'

2022-02-13 19:16:41 - [TEST_STEP][PASSED] - setEncryptedText(findTestObject("Object Repository/Page_Local Moodle Log in to the site/input_Password_password (12)"), "e0iuw4o+VG38P/PfCbIZUw=="): Text ****** has been set on object 'Object Repository/Page_Local Moodle Log in to the site/input_Password_password (12)'

2022-02-13 19:16:41 - [MESSAGE][PASSED] - Text ****** has been set on object 'Object Repository/Page_Local Moodle Log in to the site/input_Password_password (12)'

2022-02-13 19:16:41 - [TEST_STEP][PASSED] - click(findTestObject("Object Repository/Page_Local Moodle Log in to the site/button_Log in (12)")): Object: 'Object Repository/Page_Local Moodle Log in to the site/button_Log in (12)' is clicked on

2022-02-13 19:16:42 - [MESSAGE][PASSED] - Object: 'Object Repository/Page_Local Moodle Log in to the site/button_Log in (12)' is clicked on

2022-02-13 19:16:42 - [TEST_STEP][PASSED] - click(findTestObject("Object Repository/Page_Nh ca ti/span_Software Engineering")): Object: 'Object Repository/Page_Nh ca ti/span_Software Engineering' is clicked on

2022-02-13 19:16:44 - [MESSAGE][PASSED] - Object: 'Object Repository/Page_Nh ca ti/span_Software Engineering' is clicked on

2022-02-13 19:16:44 - [TEST_STEP][PASSED] - click(findTestObject("Object Repository/Page_Kha Software Engineering/button_Bt ch  chnh sa (11)")): Object: 'Object Repository/Page_Kha Software Engineering/button_Bt ch  chnh sa (11)' is clicked on

2022-02-13 19:16:50 - [MESSAGE][INFO] - Unable to find the element located by 'By.xpath: //button[@id='single_button61dd9a7e8fee61']'. Please recheck the objects properties to make sure the desired element is located. 

2022-02-13 19:16:50 - [MESSAGE][WARNING] - [SELF-HEALING] Failed to find element with id 'Object Repository/Page_Kha Software Engineering/button_Bt ch  chnh sa (11)'. Try using Self-healing.

2022-02-13 19:16:50 - [MESSAGE][WARNING] - [SELF-HEALING] The current locator of test object 'Object Repository/Page_Kha Software Engineering/button_Bt ch  chnh sa (11)' was broken. Propose an alternative one: '//header[@id='page-header']/div/div/div/div[2]/div[2]/div/form/button'.

2022-02-13 19:16:51 - [MESSAGE][PASSED] - Object: 'Object Repository/Page_Kha Software Engineering/button_Bt ch  chnh sa (11)' is clicked on

2022-02-13 19:16:51 - [TEST_STEP][PASSED] - click(findTestObject("Object Repository/Page_Kha Software Engineering/button_Thm hot ng hoc ti nguyn (5)")): Object: 'Object Repository/Page_Kha Software Engineering/button_Thm hot ng hoc ti nguyn (5)' is clicked on

2022-02-13 19:16:57 - [MESSAGE][INFO] - Unable to find the element located by 'By.xpath: //button[@id='yui_3_17_2_1_1641912961590_622']'. Please recheck the objects properties to make sure the desired element is located. 

2022-02-13 19:16:57 - [MESSAGE][WARNING] - [SELF-HEALING] Failed to find element with id 'Object Repository/Page_Kha Software Engineering/button_Thm hot ng hoc ti nguyn (5)'. Try using Self-healing.

2022-02-13 19:16:58 - [MESSAGE][WARNING] - [SELF-HEALING] The current locator of test object 'Object Repository/Page_Kha Software Engineering/button_Thm hot ng hoc ti nguyn (5)' was broken. Propose an alternative one: '(.//*[normalize-space(text()) and normalize-space(.)='Thêm tập tin ở đây'])[3]/following::button[1]'.

2022-02-13 19:16:58 - [MESSAGE][PASSED] - Object: 'Object Repository/Page_Kha Software Engineering/button_Thm hot ng hoc ti nguyn (5)' is clicked on

2022-02-13 19:16:58 - [TEST_STEP][PASSED] - click(findTestObject("Object Repository/Page_Kha Software Engineering/div_Thng tin v  Bi hc hot ng_optionicon mt-_6d37dc (2)")): Object: 'Object Repository/Page_Kha Software Engineering/div_Thng tin v  Bi hc hot ng_optionicon mt-_6d37dc (2)' is clicked on

2022-02-13 19:17:00 - [MESSAGE][PASSED] - Object: 'Object Repository/Page_Kha Software Engineering/div_Thng tin v  Bi hc hot ng_optionicon mt-_6d37dc (2)' is clicked on

2022-02-13 19:17:00 - [TEST_STEP][PASSED] - setText(findTestObject("Object Repository/Page_Bin son Bi tp/input_Tn bi tp_name (11)"), "Type File"): Text 'Type File' is set on object 'Object Repository/Page_Bin son Bi tp/input_Tn bi tp_name (11)'

2022-02-13 19:17:02 - [MESSAGE][PASSED] - Text 'Type File' is set on object 'Object Repository/Page_Bin son Bi tp/input_Tn bi tp_name (11)'

2022-02-13 19:17:02 - [TEST_STEP][PASSED] - click(findTestObject("Object Repository/Page_Bin son Bi tp/input_Cc loi tp tin c chp nhn_yui_3_17_2_1__69c1f3")): Object: 'Object Repository/Page_Bin son Bi tp/input_Cc loi tp tin c chp nhn_yui_3_17_2_1__69c1f3' is clicked on

2022-02-13 19:17:08 - [MESSAGE][INFO] - Unable to find the element located by 'By.xpath: //input[@id='yui_3_17_2_1_1641912968851_1479']'. Please recheck the objects properties to make sure the desired element is located. 

2022-02-13 19:17:08 - [MESSAGE][WARNING] - [SELF-HEALING] Failed to find element with id 'Object Repository/Page_Bin son Bi tp/input_Cc loi tp tin c chp nhn_yui_3_17_2_1__69c1f3'. Try using Self-healing.

2022-02-13 19:17:08 - [MESSAGE][WARNING] - [SELF-HEALING] The current locator of test object 'Object Repository/Page_Bin son Bi tp/input_Cc loi tp tin c chp nhn_yui_3_17_2_1__69c1f3' was broken. Propose an alternative one: '//fieldset/div/span/input'.

2022-02-13 19:17:09 - [MESSAGE][PASSED] - Object: 'Object Repository/Page_Bin son Bi tp/input_Cc loi tp tin c chp nhn_yui_3_17_2_1__69c1f3' is clicked on

2022-02-13 19:17:09 - [TEST_STEP][PASSED] - click(findTestObject("Object Repository/Page_Bin son Bi tp/input_Cc loi tp tin c chp nhn_yui_3_17_2_1__e7c937")): Object: 'Object Repository/Page_Bin son Bi tp/input_Cc loi tp tin c chp nhn_yui_3_17_2_1__e7c937' is clicked on

2022-02-13 19:17:15 - [MESSAGE][INFO] - Unable to find the element located by 'By.xpath: //input[@id='yui_3_17_2_1_1641912968851_1521']'. Please recheck the objects properties to make sure the desired element is located. 

2022-02-13 19:17:15 - [MESSAGE][WARNING] - [SELF-HEALING] Failed to find element with id 'Object Repository/Page_Bin son Bi tp/input_Cc loi tp tin c chp nhn_yui_3_17_2_1__e7c937'. Try using Self-healing.

2022-02-13 19:17:15 - [MESSAGE][WARNING] - [SELF-HEALING] The current locator of test object 'Object Repository/Page_Bin son Bi tp/input_Cc loi tp tin c chp nhn_yui_3_17_2_1__e7c937' was broken. Propose an alternative one: '//div/div/label/input'.

2022-02-13 19:17:15 - [MESSAGE][PASSED] - Object: 'Object Repository/Page_Bin son Bi tp/input_Cc loi tp tin c chp nhn_yui_3_17_2_1__e7c937' is clicked on

2022-02-13 19:17:15 - [TEST_STEP][PASSED] - click(findTestObject("Object Repository/Page_Bin son Bi tp/button_Lu nhng thay i (2)")): Object: 'Object Repository/Page_Bin son Bi tp/button_Lu nhng thay i (2)' is clicked on

2022-02-13 19:17:21 - [MESSAGE][INFO] - Unable to find the element located by 'By.xpath: //button[@id='yui_3_17_2_1_1641912968851_1533']'. Please recheck the objects properties to make sure the desired element is located. 

2022-02-13 19:17:21 - [MESSAGE][WARNING] - [SELF-HEALING] Failed to find element with id 'Object Repository/Page_Bin son Bi tp/button_Lu nhng thay i (2)'. Try using Self-healing.

2022-02-13 19:17:22 - [MESSAGE][WARNING] - [SELF-HEALING] The current locator of test object 'Object Repository/Page_Bin son Bi tp/button_Lu nhng thay i (2)' was broken. Propose an alternative one: '(.//*[normalize-space(text()) and normalize-space(.)='.cpp'])[1]/following::button[1]'.

2022-02-13 19:17:22 - [MESSAGE][PASSED] - Object: 'Object Repository/Page_Bin son Bi tp/button_Lu nhng thay i (2)' is clicked on

2022-02-13 19:17:22 - [TEST_STEP][PASSED] - click(findTestObject("Object Repository/Page_Bin son Bi tp/input_Upon activity completion_submitbutton2 (11)")): Object: 'Object Repository/Page_Bin son Bi tp/input_Upon activity completion_submitbutton2 (11)' is clicked on

2022-02-13 19:17:23 - [MESSAGE][PASSED] - Object: 'Object Repository/Page_Bin son Bi tp/input_Upon activity completion_submitbutton2 (11)' is clicked on

2022-02-13 19:17:23 - [TEST_STEP][PASSED] - click(findTestObject("Object Repository/Page_Kha Software Engineering/a_Robert Le (11)")): Object: 'Object Repository/Page_Kha Software Engineering/a_Robert Le (11)' is clicked on

2022-02-13 19:17:24 - [MESSAGE][PASSED] - Object: 'Object Repository/Page_Kha Software Engineering/a_Robert Le (11)' is clicked on

2022-02-13 19:17:24 - [TEST_STEP][PASSED] - click(findTestObject("Object Repository/Page_Kha Software Engineering/a_Thot (10)")): Object: 'Object Repository/Page_Kha Software Engineering/a_Thot (10)' is clicked on

2022-02-13 19:17:25 - [MESSAGE][PASSED] - Object: 'Object Repository/Page_Kha Software Engineering/a_Thot (10)' is clicked on

2022-02-13 19:17:25 - [TEST_STEP][PASSED] - click(findTestObject("Object Repository/Page_Local Moodle/a_Log in (12)")): Object: 'Object Repository/Page_Local Moodle/a_Log in (12)' is clicked on

2022-02-13 19:17:26 - [MESSAGE][PASSED] - Object: 'Object Repository/Page_Local Moodle/a_Log in (12)' is clicked on

2022-02-13 19:17:26 - [TEST_STEP][PASSED] - setText(findTestObject("Object Repository/Page_Local Moodle Log in to the site/input_Username_username (12)"), "hocvien"): Text 'hocvien' is set on object 'Object Repository/Page_Local Moodle Log in to the site/input_Username_username (12)'

2022-02-13 19:17:27 - [MESSAGE][PASSED] - Text 'hocvien' is set on object 'Object Repository/Page_Local Moodle Log in to the site/input_Username_username (12)'

2022-02-13 19:17:27 - [TEST_STEP][PASSED] - setEncryptedText(findTestObject("Object Repository/Page_Local Moodle Log in to the site/input_Password_password (12)"), "e0iuw4o+VG38P/PfCbIZUw=="): Text ****** has been set on object 'Object Repository/Page_Local Moodle Log in to the site/input_Password_password (12)'

2022-02-13 19:17:27 - [MESSAGE][PASSED] - Text ****** has been set on object 'Object Repository/Page_Local Moodle Log in to the site/input_Password_password (12)'

2022-02-13 19:17:27 - [TEST_STEP][PASSED] - click(findTestObject("Object Repository/Page_Local Moodle Log in to the site/button_Log in (12)")): Object: 'Object Repository/Page_Local Moodle Log in to the site/button_Log in (12)' is clicked on

2022-02-13 19:17:28 - [MESSAGE][PASSED] - Object: 'Object Repository/Page_Local Moodle Log in to the site/button_Log in (12)' is clicked on

2022-02-13 19:17:28 - [TEST_STEP][PASSED] - click(findTestObject("Object Repository/Page_Nh ca ti/span_Software Engineering")): Object: 'Object Repository/Page_Nh ca ti/span_Software Engineering' is clicked on

2022-02-13 19:17:30 - [MESSAGE][PASSED] - Object: 'Object Repository/Page_Nh ca ti/span_Software Engineering' is clicked on

2022-02-13 19:17:30 - [TEST_STEP][PASSED] - verifyElementClickable(findTestObject("Object Repository/Page_Kha Software Engineering/span_Type File Bi tp")): Object 'Object Repository/Page_Kha Software Engineering/span_Type File Bi tp' is clickable

2022-02-13 19:17:36 - [MESSAGE][INFO] - Unable to find the element located by 'By.xpath: //li[@id='module-23']/div/div/div[2]/div/a/span'. Please recheck the objects properties to make sure the desired element is located. 

2022-02-13 19:17:36 - [MESSAGE][WARNING] - [SELF-HEALING] Failed to find element with id 'Object Repository/Page_Kha Software Engineering/span_Type File Bi tp'. Try using Self-healing.

2022-02-13 19:17:36 - [MESSAGE][WARNING] - [SELF-HEALING] The current locator of test object 'Object Repository/Page_Kha Software Engineering/span_Type File Bi tp' was broken. Propose an alternative one: '//*/text()[normalize-space(.)='Type File']/parent::*'.

2022-02-13 19:17:36 - [MESSAGE][PASSED] - Object 'Object Repository/Page_Kha Software Engineering/span_Type File Bi tp' is clickable

2022-02-13 19:17:36 - [TEST_STEP][PASSED] - click(findTestObject("Object Repository/Page_Kha Software Engineering/span_Type File Bi tp")): Object: 'Object Repository/Page_Kha Software Engineering/span_Type File Bi tp' is clicked on

2022-02-13 19:17:43 - [MESSAGE][INFO] - Unable to find the element located by 'By.xpath: //li[@id='module-23']/div/div/div[2]/div/a/span'. Please recheck the objects properties to make sure the desired element is located. 

2022-02-13 19:17:43 - [MESSAGE][WARNING] - [SELF-HEALING] Failed to find element with id 'Object Repository/Page_Kha Software Engineering/span_Type File Bi tp'. Try using Self-healing.

2022-02-13 19:17:43 - [MESSAGE][WARNING] - [SELF-HEALING] The current locator of test object 'Object Repository/Page_Kha Software Engineering/span_Type File Bi tp' was broken. Propose an alternative one: '//*/text()[normalize-space(.)='Type File']/parent::*'.

2022-02-13 19:17:43 - [MESSAGE][PASSED] - Object: 'Object Repository/Page_Kha Software Engineering/span_Type File Bi tp' is clicked on

2022-02-13 19:17:43 - [TEST_STEP][PASSED] - verifyElementText(findTestObject("Object Repository/Page_SE Type File/h2_Type File"), "Type File"): Actual text and expected text of test object 'Object Repository/Page_SE Type File/h2_Type File' are matched.

2022-02-13 19:17:44 - [MESSAGE][PASSED] - Actual text and expected text of test object 'Object Repository/Page_SE Type File/h2_Type File' are matched.

2022-02-13 19:17:44 - [TEST_STEP][PASSED] - verifyElementClickable(findTestObject("Object Repository/Page_SE Type File/button_Thm bi np_1")): Object 'Object Repository/Page_SE Type File/button_Thm bi np_1' is clickable

2022-02-13 19:17:50 - [MESSAGE][INFO] - Unable to find the element located by 'By.xpath: //button[@id='single_button6205d6141730720']'. Please recheck the objects properties to make sure the desired element is located. 

2022-02-13 19:17:50 - [MESSAGE][WARNING] - [SELF-HEALING] Failed to find element with id 'Object Repository/Page_SE Type File/button_Thm bi np_1'. Try using Self-healing.

2022-02-13 19:17:50 - [MESSAGE][WARNING] - [SELF-HEALING] The current locator of test object 'Object Repository/Page_SE Type File/button_Thm bi np_1' was broken. Propose an alternative one: '//section[@id='region-main']/div/div[3]/div[2]/div/form/button'.

2022-02-13 19:17:50 - [MESSAGE][PASSED] - Object 'Object Repository/Page_SE Type File/button_Thm bi np_1' is clickable

2022-02-13 19:17:50 - [TEST_STEP][PASSED] - click(findTestObject("Object Repository/Page_SE Type File/button_Thm bi np")): Object: 'Object Repository/Page_SE Type File/button_Thm bi np' is clicked on

2022-02-13 19:17:57 - [MESSAGE][INFO] - Unable to find the element located by 'By.xpath: //button[@id='single_button61dd9aceb7f6120']'. Please recheck the objects properties to make sure the desired element is located. 

2022-02-13 19:17:57 - [MESSAGE][WARNING] - [SELF-HEALING] Failed to find element with id 'Object Repository/Page_SE Type File/button_Thm bi np'. Try using Self-healing.

2022-02-13 19:17:57 - [MESSAGE][WARNING] - [SELF-HEALING] The current locator of test object 'Object Repository/Page_SE Type File/button_Thm bi np' was broken. Propose an alternative one: '//section[@id='region-main']/div/div[3]/div[2]/div/form/button'.

2022-02-13 19:17:58 - [MESSAGE][PASSED] - Object: 'Object Repository/Page_SE Type File/button_Thm bi np' is clicked on

2022-02-13 19:17:58 - [TEST_STEP][PASSED] - closeBrowser(): Browser is closed

2022-02-13 19:17:58 - [MESSAGE][PASSED] - Browser is closed]]></system-out>
         <system-err><![CDATA[]]></system-err>
      </testcase>
      <testcase name="Test Cases/Create assignment/Create Simple Assignment" time="37.258" classname="Test Cases/Create assignment/Create Simple Assignment" status="PASSED">
         <system-out><![CDATA[2022-02-13 19:17:58 - [TEST_CASE][PASSED] - Test Cases/Create assignment/Create Simple Assignment: Test Cases/Create assignment/Create Simple Assignment

2022-02-13 19:17:59 - [TEST_STEP][PASSED] - openBrowser(""): Browser is opened with url: ''

2022-02-13 19:17:59 - [MESSAGE][INFO] - Starting 'Edge Chromium' driver

2022-02-13 19:18:01 - [MESSAGE][INFO] - Action delay is set to 0 milliseconds

2022-02-13 19:18:02 - [MESSAGE][PASSED] - Browser is opened with url: ''

2022-02-13 19:18:02 - [TEST_STEP][PASSED] - navigateToUrl("http://localhost/"): Navigate to 'http://localhost/' successfully

2022-02-13 19:18:03 - [MESSAGE][PASSED] - Navigate to 'http://localhost/' successfully

2022-02-13 19:18:03 - [TEST_STEP][PASSED] - click(findTestObject("Object Repository/Page_Local Moodle/a_Log in (7)")): Object: 'Object Repository/Page_Local Moodle/a_Log in (7)' is clicked on

2022-02-13 19:18:03 - [MESSAGE][PASSED] - Object: 'Object Repository/Page_Local Moodle/a_Log in (7)' is clicked on

2022-02-13 19:18:03 - [TEST_STEP][PASSED] - setText(findTestObject("Object Repository/Page_Local Moodle Log in to the site/input_Username_username (7)"), "robertle"): Text 'robertle' is set on object 'Object Repository/Page_Local Moodle Log in to the site/input_Username_username (7)'

2022-02-13 19:18:04 - [MESSAGE][PASSED] - Text 'robertle' is set on object 'Object Repository/Page_Local Moodle Log in to the site/input_Username_username (7)'

2022-02-13 19:18:04 - [TEST_STEP][PASSED] - setEncryptedText(findTestObject("Object Repository/Page_Local Moodle Log in to the site/input_Password_password (7)"), "e0iuw4o+VG38P/PfCbIZUw=="): Text ****** has been set on object 'Object Repository/Page_Local Moodle Log in to the site/input_Password_password (7)'

2022-02-13 19:18:05 - [MESSAGE][PASSED] - Text ****** has been set on object 'Object Repository/Page_Local Moodle Log in to the site/input_Password_password (7)'

2022-02-13 19:18:05 - [TEST_STEP][PASSED] - click(findTestObject("Object Repository/Page_Local Moodle Log in to the site/button_Log in (7)")): Object: 'Object Repository/Page_Local Moodle Log in to the site/button_Log in (7)' is clicked on

2022-02-13 19:18:06 - [MESSAGE][PASSED] - Object: 'Object Repository/Page_Local Moodle Log in to the site/button_Log in (7)' is clicked on

2022-02-13 19:18:06 - [TEST_STEP][PASSED] - click(findTestObject("Object Repository/Page_Nh ca ti/span_Software Engineering")): Object: 'Object Repository/Page_Nh ca ti/span_Software Engineering' is clicked on

2022-02-13 19:18:07 - [MESSAGE][PASSED] - Object: 'Object Repository/Page_Nh ca ti/span_Software Engineering' is clicked on

2022-02-13 19:18:07 - [TEST_STEP][PASSED] - click(findTestObject("Object Repository/Page_Kha Software Engineering/button_Bt ch  chnh sa (6)")): Object: 'Object Repository/Page_Kha Software Engineering/button_Bt ch  chnh sa (6)' is clicked on

2022-02-13 19:18:14 - [MESSAGE][INFO] - Unable to find the element located by 'By.xpath: //button[@id='single_button61dcf992917921']'. Please recheck the objects properties to make sure the desired element is located. 

2022-02-13 19:18:14 - [MESSAGE][WARNING] - [SELF-HEALING] Failed to find element with id 'Object Repository/Page_Kha Software Engineering/button_Bt ch  chnh sa (6)'. Try using Self-healing.

2022-02-13 19:18:14 - [MESSAGE][WARNING] - [SELF-HEALING] The current locator of test object 'Object Repository/Page_Kha Software Engineering/button_Bt ch  chnh sa (6)' was broken. Propose an alternative one: '//form/button'.

2022-02-13 19:18:14 - [MESSAGE][PASSED] - Object: 'Object Repository/Page_Kha Software Engineering/button_Bt ch  chnh sa (6)' is clicked on

2022-02-13 19:18:14 - [TEST_STEP][PASSED] - click(findTestObject("Object Repository/Page_Kha Software Engineering/button_Thm hot ng hoc ti nguyn (2)")): Object: 'Object Repository/Page_Kha Software Engineering/button_Thm hot ng hoc ti nguyn (2)' is clicked on

2022-02-13 19:18:21 - [MESSAGE][INFO] - Unable to find the element located by 'By.xpath: //button[@id='yui_3_17_2_1_1641871765372_625']'. Please recheck the objects properties to make sure the desired element is located. 

2022-02-13 19:18:21 - [MESSAGE][WARNING] - [SELF-HEALING] Failed to find element with id 'Object Repository/Page_Kha Software Engineering/button_Thm hot ng hoc ti nguyn (2)'. Try using Self-healing.

2022-02-13 19:18:21 - [MESSAGE][WARNING] - [SELF-HEALING] The current locator of test object 'Object Repository/Page_Kha Software Engineering/button_Thm hot ng hoc ti nguyn (2)' was broken. Propose an alternative one: '(.//*[normalize-space(text()) and normalize-space(.)='Thêm tập tin ở đây'])[3]/following::button[1]'.

2022-02-13 19:18:21 - [MESSAGE][PASSED] - Object: 'Object Repository/Page_Kha Software Engineering/button_Thm hot ng hoc ti nguyn (2)' is clicked on

2022-02-13 19:18:21 - [TEST_STEP][PASSED] - click(findTestObject("Object Repository/Page_Kha Software Engineering/a_Bi tp (4)")): Object: 'Object Repository/Page_Kha Software Engineering/a_Bi tp (4)' is clicked on

2022-02-13 19:18:24 - [MESSAGE][PASSED] - Object: 'Object Repository/Page_Kha Software Engineering/a_Bi tp (4)' is clicked on

2022-02-13 19:18:24 - [TEST_STEP][PASSED] - setText(findTestObject("Object Repository/Page_Bin son Bi tp/input_Tn bi tp_name (6)"), "Assignment 1"): Text 'Assignment 1' is set on object 'Object Repository/Page_Bin son Bi tp/input_Tn bi tp_name (6)'

2022-02-13 19:18:25 - [MESSAGE][PASSED] - Text 'Assignment 1' is set on object 'Object Repository/Page_Bin son Bi tp/input_Tn bi tp_name (6)'

2022-02-13 19:18:25 - [TEST_STEP][PASSED] - click(findTestObject("Object Repository/Page_Bin son Bi tp/input_Upon activity completion_submitbutton2 (6)")): Object: 'Object Repository/Page_Bin son Bi tp/input_Upon activity completion_submitbutton2 (6)' is clicked on

2022-02-13 19:18:27 - [MESSAGE][PASSED] - Object: 'Object Repository/Page_Bin son Bi tp/input_Upon activity completion_submitbutton2 (6)' is clicked on

2022-02-13 19:18:27 - [TEST_STEP][PASSED] - click(findTestObject("Object Repository/Page_Kha Software Engineering/a_Robert Le (6)")): Object: 'Object Repository/Page_Kha Software Engineering/a_Robert Le (6)' is clicked on

2022-02-13 19:18:27 - [MESSAGE][PASSED] - Object: 'Object Repository/Page_Kha Software Engineering/a_Robert Le (6)' is clicked on

2022-02-13 19:18:27 - [TEST_STEP][PASSED] - click(findTestObject("Object Repository/Page_Kha Software Engineering/a_Thot (5)")): Object: 'Object Repository/Page_Kha Software Engineering/a_Thot (5)' is clicked on

2022-02-13 19:18:28 - [MESSAGE][PASSED] - Object: 'Object Repository/Page_Kha Software Engineering/a_Thot (5)' is clicked on

2022-02-13 19:18:28 - [TEST_STEP][PASSED] - click(findTestObject("Object Repository/Page_Local Moodle/a_Log in (7)")): Object: 'Object Repository/Page_Local Moodle/a_Log in (7)' is clicked on

2022-02-13 19:18:29 - [MESSAGE][PASSED] - Object: 'Object Repository/Page_Local Moodle/a_Log in (7)' is clicked on

2022-02-13 19:18:29 - [TEST_STEP][PASSED] - setText(findTestObject("Object Repository/Page_Local Moodle Log in to the site/input_Username_username (7)"), "hocvien"): Text 'hocvien' is set on object 'Object Repository/Page_Local Moodle Log in to the site/input_Username_username (7)'

2022-02-13 19:18:30 - [MESSAGE][PASSED] - Text 'hocvien' is set on object 'Object Repository/Page_Local Moodle Log in to the site/input_Username_username (7)'

2022-02-13 19:18:30 - [TEST_STEP][PASSED] - setEncryptedText(findTestObject("Object Repository/Page_Local Moodle Log in to the site/input_Password_password (7)"), "e0iuw4o+VG38P/PfCbIZUw=="): Text ****** has been set on object 'Object Repository/Page_Local Moodle Log in to the site/input_Password_password (7)'

2022-02-13 19:18:30 - [MESSAGE][PASSED] - Text ****** has been set on object 'Object Repository/Page_Local Moodle Log in to the site/input_Password_password (7)'

2022-02-13 19:18:30 - [TEST_STEP][PASSED] - click(findTestObject("Object Repository/Page_Local Moodle Log in to the site/button_Log in (7)")): Object: 'Object Repository/Page_Local Moodle Log in to the site/button_Log in (7)' is clicked on

2022-02-13 19:18:31 - [MESSAGE][PASSED] - Object: 'Object Repository/Page_Local Moodle Log in to the site/button_Log in (7)' is clicked on

2022-02-13 19:18:31 - [TEST_STEP][PASSED] - click(findTestObject("Object Repository/Page_Nh ca ti/span_Software Engineering")): Object: 'Object Repository/Page_Nh ca ti/span_Software Engineering' is clicked on

2022-02-13 19:18:33 - [MESSAGE][PASSED] - Object: 'Object Repository/Page_Nh ca ti/span_Software Engineering' is clicked on

2022-02-13 19:18:33 - [TEST_STEP][PASSED] - verifyElementPresent(findTestObject("Object Repository/Page_Kha Software Engineering/span_Assignment 1 Bi tp"), 0): Object 'Object Repository/Page_Kha Software Engineering/span_Assignment 1 Bi tp' is present

2022-02-13 19:18:33 - [MESSAGE][WARNING] - Timeout '0' is invalid. Using default page load timeout: '5'

2022-02-13 19:18:34 - [MESSAGE][PASSED] - Object 'Object Repository/Page_Kha Software Engineering/span_Assignment 1 Bi tp' is present

2022-02-13 19:18:34 - [TEST_STEP][PASSED] - click(findTestObject("Object Repository/Page_Kha Software Engineering/span_Assignment 1 Bi tp")): Object: 'Object Repository/Page_Kha Software Engineering/span_Assignment 1 Bi tp' is clicked on

2022-02-13 19:18:34 - [MESSAGE][PASSED] - Object: 'Object Repository/Page_Kha Software Engineering/span_Assignment 1 Bi tp' is clicked on

2022-02-13 19:18:34 - [TEST_STEP][PASSED] - verifyElementText(findTestObject("Object Repository/Page_SE Assignment 1/h2_Assignment 1"), "Assignment 1"): Actual text and expected text of test object 'Object Repository/Page_SE Assignment 1/h2_Assignment 1' are matched.

2022-02-13 19:18:35 - [MESSAGE][PASSED] - Actual text and expected text of test object 'Object Repository/Page_SE Assignment 1/h2_Assignment 1' are matched.

2022-02-13 19:18:35 - [TEST_STEP][PASSED] - closeBrowser(): Browser is closed

2022-02-13 19:18:36 - [MESSAGE][PASSED] - Browser is closed]]></system-out>
         <system-err><![CDATA[]]></system-err>
      </testcase>
      <testcase name="Test Cases/Create event on calendar/Create Simple Event" time="45.025" classname="Test Cases/Create event on calendar/Create Simple Event" status="PASSED">
         <system-out><![CDATA[2022-02-13 19:18:36 - [TEST_CASE][PASSED] - Test Cases/Create event on calendar/Create Simple Event: Test Cases/Create event on calendar/Create Simple Event

2022-02-13 19:18:36 - [TEST_STEP][PASSED] - openBrowser(""): Browser is opened with url: ''

2022-02-13 19:18:36 - [MESSAGE][INFO] - Starting 'Edge Chromium' driver

2022-02-13 19:18:38 - [MESSAGE][INFO] - Action delay is set to 0 milliseconds

2022-02-13 19:18:39 - [MESSAGE][PASSED] - Browser is opened with url: ''

2022-02-13 19:18:39 - [TEST_STEP][PASSED] - navigateToUrl("http://localhost/"): Navigate to 'http://localhost/' successfully

2022-02-13 19:18:40 - [MESSAGE][PASSED] - Navigate to 'http://localhost/' successfully

2022-02-13 19:18:40 - [TEST_STEP][PASSED] - click(findTestObject("Object Repository/Page_Local Moodle/a_Log in (1)")): Object: 'Object Repository/Page_Local Moodle/a_Log in (1)' is clicked on

2022-02-13 19:18:41 - [MESSAGE][PASSED] - Object: 'Object Repository/Page_Local Moodle/a_Log in (1)' is clicked on

2022-02-13 19:18:41 - [TEST_STEP][PASSED] - setText(findTestObject("Object Repository/Page_Local Moodle Log in to the site/input_Username_username (1)"), "admin"): Text 'admin' is set on object 'Object Repository/Page_Local Moodle Log in to the site/input_Username_username (1)'

2022-02-13 19:18:42 - [MESSAGE][PASSED] - Text 'admin' is set on object 'Object Repository/Page_Local Moodle Log in to the site/input_Username_username (1)'

2022-02-13 19:18:42 - [TEST_STEP][PASSED] - setEncryptedText(findTestObject("Object Repository/Page_Local Moodle Log in to the site/input_Password_password (1)"), "bfAykA/oWJ09FXmiKh6lyuuLu8QhG1K5"): Text ****** has been set on object 'Object Repository/Page_Local Moodle Log in to the site/input_Password_password (1)'

2022-02-13 19:18:42 - [MESSAGE][PASSED] - Text ****** has been set on object 'Object Repository/Page_Local Moodle Log in to the site/input_Password_password (1)'

2022-02-13 19:18:42 - [TEST_STEP][PASSED] - click(findTestObject("Object Repository/Page_Local Moodle Log in to the site/button_Log in (1)")): Object: 'Object Repository/Page_Local Moodle Log in to the site/button_Log in (1)' is clicked on

2022-02-13 19:18:43 - [MESSAGE][PASSED] - Object: 'Object Repository/Page_Local Moodle Log in to the site/button_Log in (1)' is clicked on

2022-02-13 19:18:43 - [TEST_STEP][PASSED] - click(findTestObject("Object Repository/Page_Nh ca ti/a_Lch")): Object: 'Object Repository/Page_Nh ca ti/a_Lch' is clicked on

2022-02-13 19:18:46 - [MESSAGE][PASSED] - Object: 'Object Repository/Page_Nh ca ti/a_Lch' is clicked on

2022-02-13 19:18:46 - [TEST_STEP][PASSED] - verifyElementText(findTestObject("Object Repository/Page_Moodle Lch Xem chi tit thng Thng Hai 2022/h1_Lch"), "Lịch"): Actual text and expected text of test object 'Object Repository/Page_Moodle Lch Xem chi tit thng Thng Hai 2022/h1_Lch' are matched.

2022-02-13 19:18:47 - [MESSAGE][PASSED] - Actual text and expected text of test object 'Object Repository/Page_Moodle Lch Xem chi tit thng Thng Hai 2022/h1_Lch' are matched.

2022-02-13 19:18:47 - [TEST_STEP][PASSED] - verifyElementPresent(findTestObject("Object Repository/Page_Moodle Lch Xem chi tit thng Thng Hai 2022/h1_Lch"), 0): Object 'Object Repository/Page_Moodle Lch Xem chi tit thng Thng Hai 2022/h1_Lch' is present

2022-02-13 19:18:47 - [MESSAGE][WARNING] - Timeout '0' is invalid. Using default page load timeout: '5'

2022-02-13 19:18:48 - [MESSAGE][PASSED] - Object 'Object Repository/Page_Moodle Lch Xem chi tit thng Thng Hai 2022/h1_Lch' is present

2022-02-13 19:18:48 - [TEST_STEP][PASSED] - click(findTestObject("Object Repository/Page_Moodle Lch Xem chi tit thng Thng Ging 2022/button_S kin mi_1")): Object: 'Object Repository/Page_Moodle Lch Xem chi tit thng Thng Ging 2022/button_S kin mi_1' is clicked on

2022-02-13 19:18:54 - [MESSAGE][INFO] - Unable to find the element located by 'By.xpath: //button[@id='yui_3_17_2_1_1642045087639_436']'. Please recheck the objects properties to make sure the desired element is located. 

2022-02-13 19:18:54 - [MESSAGE][WARNING] - [SELF-HEALING] Failed to find element with id 'Object Repository/Page_Moodle Lch Xem chi tit thng Thng Ging 2022/button_S kin mi_1'. Try using Self-healing.

2022-02-13 19:18:54 - [MESSAGE][WARNING] - [SELF-HEALING] The current locator of test object 'Object Repository/Page_Moodle Lch Xem chi tit thng Thng Ging 2022/button_S kin mi_1' was broken. Propose an alternative one: '(.//*[normalize-space(text()) and normalize-space(.)='Danh sách khóa học'])[1]/following::button[1]'.

2022-02-13 19:18:54 - [MESSAGE][PASSED] - Object: 'Object Repository/Page_Moodle Lch Xem chi tit thng Thng Ging 2022/button_S kin mi_1' is clicked on

2022-02-13 19:18:54 - [TEST_STEP][PASSED] - setText(findTestObject("Object Repository/Page_Moodle Lch Xem chi tit thng Thng Ging 2022/input_Tiu  s kin_name"), "Seminar Project 1"): Text 'Seminar Project 1' is set on object 'Object Repository/Page_Moodle Lch Xem chi tit thng Thng Ging 2022/input_Tiu  s kin_name'

2022-02-13 19:18:56 - [MESSAGE][PASSED] - Text 'Seminar Project 1' is set on object 'Object Repository/Page_Moodle Lch Xem chi tit thng Thng Ging 2022/input_Tiu  s kin_name'

2022-02-13 19:18:56 - [TEST_STEP][PASSED] - selectOptionByValue(findTestObject("Object Repository/Page_Moodle Lch Xem chi tit thng Thng Ging 2022/select_Thng Ging        Thng Hai        Thn_b248db"), "2", true): All options with value '2' are selected in object 'Object Repository/Page_Moodle Lch Xem chi tit thng Thng Ging 2022/select_Thng Ging        Thng Hai        Thn_b248db'  using regular expression

2022-02-13 19:18:57 - [MESSAGE][PASSED] - All options with value '2' are selected in object 'Object Repository/Page_Moodle Lch Xem chi tit thng Thng Ging 2022/select_Thng Ging        Thng Hai        Thn_b248db'  using regular expression

2022-02-13 19:18:57 - [TEST_STEP][PASSED] - selectOptionByValue(findTestObject("Object Repository/Page_Moodle Lch Xem chi tit thng Thng Ging 2022/select_Thnh vin            Kho hc          _5efb09"), "course", true): All options with value 'course' are selected in object 'Object Repository/Page_Moodle Lch Xem chi tit thng Thng Ging 2022/select_Thnh vin            Kho hc          _5efb09'  using regular expression

2022-02-13 19:18:59 - [MESSAGE][PASSED] - All options with value 'course' are selected in object 'Object Repository/Page_Moodle Lch Xem chi tit thng Thng Ging 2022/select_Thnh vin            Kho hc          _5efb09'  using regular expression

2022-02-13 19:18:59 - [TEST_STEP][PASSED] - click(findTestObject("Object Repository/Page_Moodle Lch Xem chi tit thng Thng Ging 2022/span__1_2_3_4")): Object: 'Object Repository/Page_Moodle Lch Xem chi tit thng Thng Ging 2022/span__1_2_3_4' is clicked on

2022-02-13 19:19:05 - [MESSAGE][INFO] - Unable to find the element located by 'By.xpath: //span[@id='form_autocomplete_downarrow-1642045252858']'. Please recheck the objects properties to make sure the desired element is located. 

2022-02-13 19:19:05 - [MESSAGE][WARNING] - [SELF-HEALING] Failed to find element with id 'Object Repository/Page_Moodle Lch Xem chi tit thng Thng Ging 2022/span__1_2_3_4'. Try using Self-healing.

2022-02-13 19:19:05 - [MESSAGE][WARNING] - [SELF-HEALING] The current locator of test object 'Object Repository/Page_Moodle Lch Xem chi tit thng Thng Ging 2022/span__1_2_3_4' was broken. Propose an alternative one: '(.//*[normalize-space(text()) and normalize-space(.)='No selection'])[1]/following::span[1]'.

2022-02-13 19:19:05 - [MESSAGE][PASSED] - Object: 'Object Repository/Page_Moodle Lch Xem chi tit thng Thng Ging 2022/span__1_2_3_4' is clicked on

2022-02-13 19:19:05 - [TEST_STEP][PASSED] - click(findTestObject("Object Repository/Page_Moodle Lch Xem chi tit thng Thng Ging 2022/li_Software Engineering_1_2_3")): Object: 'Object Repository/Page_Moodle Lch Xem chi tit thng Thng Ging 2022/li_Software Engineering_1_2_3' is clicked on

2022-02-13 19:19:11 - [MESSAGE][INFO] - Unable to find the element located by 'By.xpath: //li[@id='form_autocomplete_suggestions-1642045252858-0']'. Please recheck the objects properties to make sure the desired element is located. 

2022-02-13 19:19:11 - [MESSAGE][WARNING] - [SELF-HEALING] Failed to find element with id 'Object Repository/Page_Moodle Lch Xem chi tit thng Thng Ging 2022/li_Software Engineering_1_2_3'. Try using Self-healing.

2022-02-13 19:19:12 - [MESSAGE][WARNING] - [SELF-HEALING] The current locator of test object 'Object Repository/Page_Moodle Lch Xem chi tit thng Thng Ging 2022/li_Software Engineering_1_2_3' was broken. Propose an alternative one: '(.//*[normalize-space(text()) and normalize-space(.)='▼'])[2]/following::li[1]'.

2022-02-13 19:19:12 - [MESSAGE][PASSED] - Object: 'Object Repository/Page_Moodle Lch Xem chi tit thng Thng Ging 2022/li_Software Engineering_1_2_3' is clicked on

2022-02-13 19:19:12 - [TEST_STEP][PASSED] - selectOptionByValue(findTestObject("Object Repository/Page_Moodle Lch Xem chi tit thng Thng Ging 2022/select_Software Engineering"), "3", true): All options with value '3' are selected in object 'Object Repository/Page_Moodle Lch Xem chi tit thng Thng Ging 2022/select_Software Engineering'  using regular expression

2022-02-13 19:19:13 - [MESSAGE][PASSED] - All options with value '3' are selected in object 'Object Repository/Page_Moodle Lch Xem chi tit thng Thng Ging 2022/select_Software Engineering'  using regular expression

2022-02-13 19:19:13 - [TEST_STEP][PASSED] - click(findTestObject("Object Repository/Page_Moodle Lch Xem chi tit thng Thng Ging 2022/button_Lu_1")): Object: 'Object Repository/Page_Moodle Lch Xem chi tit thng Thng Ging 2022/button_Lu_1' is clicked on

2022-02-13 19:19:20 - [MESSAGE][INFO] - Unable to find the element located by 'By.xpath: //button[@id='yui_3_17_2_1_1642045087639_606']'. Please recheck the objects properties to make sure the desired element is located. 

2022-02-13 19:19:20 - [MESSAGE][WARNING] - [SELF-HEALING] Failed to find element with id 'Object Repository/Page_Moodle Lch Xem chi tit thng Thng Ging 2022/button_Lu_1'. Try using Self-healing.

2022-02-13 19:19:20 - [MESSAGE][WARNING] - [SELF-HEALING] The current locator of test object 'Object Repository/Page_Moodle Lch Xem chi tit thng Thng Ging 2022/button_Lu_1' was broken. Propose an alternative one: '(.//*[normalize-space(text()) and normalize-space(.)='Lặp lại hàng tuần, tạo ra tất cả'])[1]/following::button[1]'.

2022-02-13 19:19:20 - [MESSAGE][PASSED] - Object: 'Object Repository/Page_Moodle Lch Xem chi tit thng Thng Ging 2022/button_Lu_1' is clicked on

2022-02-13 19:19:20 - [TEST_STEP][PASSED] - closeBrowser(): Browser is closed

2022-02-13 19:19:21 - [MESSAGE][PASSED] - Browser is closed]]></system-out>
         <system-err><![CDATA[]]></system-err>
      </testcase>
      <testcase name="Test Cases/Create event on calendar/Create Event Set Full" time="71.668" classname="Test Cases/Create event on calendar/Create Event Set Full" status="PASSED">
         <system-out><![CDATA[2022-02-13 19:19:21 - [TEST_CASE][PASSED] - Test Cases/Create event on calendar/Create Event Set Full: Test Cases/Create event on calendar/Create Event Set Full

2022-02-13 19:19:21 - [TEST_STEP][PASSED] - openBrowser(""): Browser is opened with url: ''

2022-02-13 19:19:21 - [MESSAGE][INFO] - Starting 'Edge Chromium' driver

2022-02-13 19:19:23 - [MESSAGE][INFO] - Action delay is set to 0 milliseconds

2022-02-13 19:19:24 - [MESSAGE][PASSED] - Browser is opened with url: ''

2022-02-13 19:19:24 - [TEST_STEP][PASSED] - navigateToUrl("http://localhost/"): Navigate to 'http://localhost/' successfully

2022-02-13 19:19:25 - [MESSAGE][PASSED] - Navigate to 'http://localhost/' successfully

2022-02-13 19:19:25 - [TEST_STEP][PASSED] - click(findTestObject("Object Repository/Page_Local Moodle/a_Log in (16)")): Object: 'Object Repository/Page_Local Moodle/a_Log in (16)' is clicked on

2022-02-13 19:19:26 - [MESSAGE][PASSED] - Object: 'Object Repository/Page_Local Moodle/a_Log in (16)' is clicked on

2022-02-13 19:19:26 - [TEST_STEP][PASSED] - setText(findTestObject("Object Repository/Page_Local Moodle Log in to the site/input_Username_username (16)"), "admin"): Text 'admin' is set on object 'Object Repository/Page_Local Moodle Log in to the site/input_Username_username (16)'

2022-02-13 19:19:27 - [MESSAGE][PASSED] - Text 'admin' is set on object 'Object Repository/Page_Local Moodle Log in to the site/input_Username_username (16)'

2022-02-13 19:19:27 - [TEST_STEP][PASSED] - setEncryptedText(findTestObject("Object Repository/Page_Local Moodle Log in to the site/input_Password_password (16)"), "bfAykA/oWJ09FXmiKh6lyuuLu8QhG1K5"): Text ****** has been set on object 'Object Repository/Page_Local Moodle Log in to the site/input_Password_password (16)'

2022-02-13 19:19:27 - [MESSAGE][PASSED] - Text ****** has been set on object 'Object Repository/Page_Local Moodle Log in to the site/input_Password_password (16)'

2022-02-13 19:19:27 - [TEST_STEP][PASSED] - click(findTestObject("Object Repository/Page_Local Moodle Log in to the site/button_Log in (16)")): Object: 'Object Repository/Page_Local Moodle Log in to the site/button_Log in (16)' is clicked on

2022-02-13 19:19:28 - [MESSAGE][PASSED] - Object: 'Object Repository/Page_Local Moodle Log in to the site/button_Log in (16)' is clicked on

2022-02-13 19:19:28 - [TEST_STEP][PASSED] - click(findTestObject("Object Repository/Page_Nh ca ti/a_Lch (3)")): Object: 'Object Repository/Page_Nh ca ti/a_Lch (3)' is clicked on

2022-02-13 19:19:31 - [MESSAGE][PASSED] - Object: 'Object Repository/Page_Nh ca ti/a_Lch (3)' is clicked on

2022-02-13 19:19:31 - [TEST_STEP][PASSED] - click(findTestObject("Object Repository/Page_Moodle Lch Xem chi tit thng Thng Ging 2022/button_S kin mi (3)")): Object: 'Object Repository/Page_Moodle Lch Xem chi tit thng Thng Ging 2022/button_S kin mi (3)' is clicked on

2022-02-13 19:19:37 - [MESSAGE][INFO] - Unable to find the element located by 'By.xpath: //div[@id='calendar-month-61ddab774c1a161ddab770fc1721']/div/button'. Please recheck the objects properties to make sure the desired element is located. 

2022-02-13 19:19:37 - [MESSAGE][WARNING] - [SELF-HEALING] Failed to find element with id 'Object Repository/Page_Moodle Lch Xem chi tit thng Thng Ging 2022/button_S kin mi (3)'. Try using Self-healing.

2022-02-13 19:19:38 - [MESSAGE][WARNING] - [SELF-HEALING] The current locator of test object 'Object Repository/Page_Moodle Lch Xem chi tit thng Thng Ging 2022/button_S kin mi (3)' was broken. Propose an alternative one: '(.//*[normalize-space(text()) and normalize-space(.)='Danh sách khóa học'])[1]/following::button[1]'.

2022-02-13 19:19:38 - [MESSAGE][PASSED] - Object: 'Object Repository/Page_Moodle Lch Xem chi tit thng Thng Ging 2022/button_S kin mi (3)' is clicked on

2022-02-13 19:19:38 - [TEST_STEP][PASSED] - setText(findTestObject("Object Repository/Page_Moodle Lch Xem chi tit thng Thng Ging 2022/input_Tiu  s kin_name (3)"), "Seminar"): Text 'Seminar' is set on object 'Object Repository/Page_Moodle Lch Xem chi tit thng Thng Ging 2022/input_Tiu  s kin_name (3)'

2022-02-13 19:19:40 - [MESSAGE][PASSED] - Text 'Seminar' is set on object 'Object Repository/Page_Moodle Lch Xem chi tit thng Thng Ging 2022/input_Tiu  s kin_name (3)'

2022-02-13 19:19:40 - [TEST_STEP][PASSED] - selectOptionByValue(findTestObject("Object Repository/Page_Moodle Lch Xem chi tit thng Thng Ging 2022/select_1        2        3        4        _45ea30 (3)"), "16", true): All options with value '16' are selected in object 'Object Repository/Page_Moodle Lch Xem chi tit thng Thng Ging 2022/select_1        2        3        4        _45ea30 (3)'  using regular expression

2022-02-13 19:19:43 - [MESSAGE][PASSED] - All options with value '16' are selected in object 'Object Repository/Page_Moodle Lch Xem chi tit thng Thng Ging 2022/select_1        2        3        4        _45ea30 (3)'  using regular expression

2022-02-13 19:19:43 - [TEST_STEP][PASSED] - selectOptionByValue(findTestObject("Object Repository/Page_Moodle Lch Xem chi tit thng Thng Ging 2022/select_00        01        02        03    _f6e37b (2)"), "8", true): All options with value '8' are selected in object 'Object Repository/Page_Moodle Lch Xem chi tit thng Thng Ging 2022/select_00        01        02        03    _f6e37b (2)'  using regular expression

2022-02-13 19:19:45 - [MESSAGE][PASSED] - All options with value '8' are selected in object 'Object Repository/Page_Moodle Lch Xem chi tit thng Thng Ging 2022/select_00        01        02        03    _f6e37b (2)'  using regular expression

2022-02-13 19:19:45 - [TEST_STEP][PASSED] - selectOptionByValue(findTestObject("Object Repository/Page_Moodle Lch Xem chi tit thng Thng Ging 2022/select_00        01        02        03    _f6e37b_1 (2)"), "15", true): All options with value '15' are selected in object 'Object Repository/Page_Moodle Lch Xem chi tit thng Thng Ging 2022/select_00        01        02        03    _f6e37b_1 (2)'  using regular expression

2022-02-13 19:19:47 - [MESSAGE][PASSED] - All options with value '15' are selected in object 'Object Repository/Page_Moodle Lch Xem chi tit thng Thng Ging 2022/select_00        01        02        03    _f6e37b_1 (2)'  using regular expression

2022-02-13 19:19:47 - [TEST_STEP][PASSED] - selectOptionByValue(findTestObject("Object Repository/Page_Moodle Lch Xem chi tit thng Thng Ging 2022/select_Thnh vin            Kho hc          _5efb09 (3)"), "course", true): All options with value 'course' are selected in object 'Object Repository/Page_Moodle Lch Xem chi tit thng Thng Ging 2022/select_Thnh vin            Kho hc          _5efb09 (3)'  using regular expression

2022-02-13 19:19:49 - [MESSAGE][PASSED] - All options with value 'course' are selected in object 'Object Repository/Page_Moodle Lch Xem chi tit thng Thng Ging 2022/select_Thnh vin            Kho hc          _5efb09 (3)'  using regular expression

2022-02-13 19:19:49 - [TEST_STEP][PASSED] - click(findTestObject("Object Repository/Page_Moodle Lch Xem chi tit thng Thng Ging 2022/span__1_2_3_4")): Object: 'Object Repository/Page_Moodle Lch Xem chi tit thng Thng Ging 2022/span__1_2_3_4' is clicked on

2022-02-13 19:19:55 - [MESSAGE][INFO] - Unable to find the element located by 'By.xpath: //span[@id='form_autocomplete_downarrow-1642045252858']'. Please recheck the objects properties to make sure the desired element is located. 

2022-02-13 19:19:55 - [MESSAGE][WARNING] - [SELF-HEALING] Failed to find element with id 'Object Repository/Page_Moodle Lch Xem chi tit thng Thng Ging 2022/span__1_2_3_4'. Try using Self-healing.

2022-02-13 19:19:55 - [MESSAGE][WARNING] - [SELF-HEALING] The current locator of test object 'Object Repository/Page_Moodle Lch Xem chi tit thng Thng Ging 2022/span__1_2_3_4' was broken. Propose an alternative one: '(.//*[normalize-space(text()) and normalize-space(.)='No selection'])[1]/following::span[1]'.

2022-02-13 19:19:55 - [MESSAGE][PASSED] - Object: 'Object Repository/Page_Moodle Lch Xem chi tit thng Thng Ging 2022/span__1_2_3_4' is clicked on

2022-02-13 19:19:55 - [TEST_STEP][PASSED] - click(findTestObject("Object Repository/Page_Moodle Lch Xem chi tit thng Thng Ging 2022/li_Software Engineering_1_2_3")): Object: 'Object Repository/Page_Moodle Lch Xem chi tit thng Thng Ging 2022/li_Software Engineering_1_2_3' is clicked on

2022-02-13 19:20:02 - [MESSAGE][INFO] - Unable to find the element located by 'By.xpath: //li[@id='form_autocomplete_suggestions-1642045252858-0']'. Please recheck the objects properties to make sure the desired element is located. 

2022-02-13 19:20:02 - [MESSAGE][WARNING] - [SELF-HEALING] Failed to find element with id 'Object Repository/Page_Moodle Lch Xem chi tit thng Thng Ging 2022/li_Software Engineering_1_2_3'. Try using Self-healing.

2022-02-13 19:20:02 - [MESSAGE][WARNING] - [SELF-HEALING] The current locator of test object 'Object Repository/Page_Moodle Lch Xem chi tit thng Thng Ging 2022/li_Software Engineering_1_2_3' was broken. Propose an alternative one: '(.//*[normalize-space(text()) and normalize-space(.)='▼'])[2]/following::li[1]'.

2022-02-13 19:20:02 - [MESSAGE][PASSED] - Object: 'Object Repository/Page_Moodle Lch Xem chi tit thng Thng Ging 2022/li_Software Engineering_1_2_3' is clicked on

2022-02-13 19:20:02 - [TEST_STEP][PASSED] - selectOptionByValue(findTestObject("Object Repository/Page_Moodle Lch Xem chi tit thng Thng Ging 2022/select_Software Engineering"), "3", true): All options with value '3' are selected in object 'Object Repository/Page_Moodle Lch Xem chi tit thng Thng Ging 2022/select_Software Engineering'  using regular expression

2022-02-13 19:20:03 - [MESSAGE][PASSED] - All options with value '3' are selected in object 'Object Repository/Page_Moodle Lch Xem chi tit thng Thng Ging 2022/select_Software Engineering'  using regular expression

2022-02-13 19:20:03 - [TEST_STEP][PASSED] - click(findTestObject("Object Repository/Page_Moodle Lch Xem chi tit thng Thng Ging 2022/a_Show more (2)")): Object: 'Object Repository/Page_Moodle Lch Xem chi tit thng Thng Ging 2022/a_Show more (2)' is clicked on

2022-02-13 19:20:10 - [MESSAGE][INFO] - Unable to find the element located by 'By.xpath: //a[@id='yui_3_17_2_1_1641917303276_609']'. Please recheck the objects properties to make sure the desired element is located. 

2022-02-13 19:20:10 - [MESSAGE][WARNING] - [SELF-HEALING] Failed to find element with id 'Object Repository/Page_Moodle Lch Xem chi tit thng Thng Ging 2022/a_Show more (2)'. Try using Self-healing.

2022-02-13 19:20:10 - [MESSAGE][WARNING] - [SELF-HEALING] The current locator of test object 'Object Repository/Page_Moodle Lch Xem chi tit thng Thng Ging 2022/a_Show more (2)' was broken. Propose an alternative one: '//a[contains(text(),'Show more...')]'.

2022-02-13 19:20:10 - [MESSAGE][PASSED] - Object: 'Object Repository/Page_Moodle Lch Xem chi tit thng Thng Ging 2022/a_Show more (2)' is clicked on

2022-02-13 19:20:10 - [TEST_STEP][PASSED] - click(findTestObject("Object Repository/Page_Moodle Lch Xem chi tit thng Thng Ging 2022/p")): Object: 'Object Repository/Page_Moodle Lch Xem chi tit thng Thng Ging 2022/p' is clicked on

2022-02-13 19:20:11 - [MESSAGE][PASSED] - Object: 'Object Repository/Page_Moodle Lch Xem chi tit thng Thng Ging 2022/p' is clicked on

2022-02-13 19:20:11 - [TEST_STEP][PASSED] - setText(findTestObject("Object Repository/Page_Moodle Lch Xem chi tit thng Thng Ging 2022/div_Gii p thc mc  n"), "Giải đáp thắc mắc đồ án"): Text 'Giải đáp thắc mắc đồ án' is set on object 'Object Repository/Page_Moodle Lch Xem chi tit thng Thng Ging 2022/div_Gii p thc mc  n'

2022-02-13 19:20:12 - [MESSAGE][PASSED] - Text 'Giải đáp thắc mắc đồ án' is set on object 'Object Repository/Page_Moodle Lch Xem chi tit thng Thng Ging 2022/div_Gii p thc mc  n'

2022-02-13 19:20:12 - [TEST_STEP][PASSED] - click(findTestObject("Object Repository/Page_Moodle Lch Xem chi tit thng Thng Ging 2022/input_Ti_duration (1)")): Object: 'Object Repository/Page_Moodle Lch Xem chi tit thng Thng Ging 2022/input_Ti_duration (1)' is clicked on

2022-02-13 19:20:12 - [MESSAGE][PASSED] - Object: 'Object Repository/Page_Moodle Lch Xem chi tit thng Thng Ging 2022/input_Ti_duration (1)' is clicked on

2022-02-13 19:20:12 - [TEST_STEP][PASSED] - selectOptionByValue(findTestObject("Object Repository/Page_Moodle Lch Xem chi tit thng Thng Ging 2022/select_1        2        3        4        _45ea30_1 (1)"), "16", true): All options with value '16' are selected in object 'Object Repository/Page_Moodle Lch Xem chi tit thng Thng Ging 2022/select_1        2        3        4        _45ea30_1 (1)'  using regular expression

2022-02-13 19:20:14 - [MESSAGE][PASSED] - All options with value '16' are selected in object 'Object Repository/Page_Moodle Lch Xem chi tit thng Thng Ging 2022/select_1        2        3        4        _45ea30_1 (1)'  using regular expression

2022-02-13 19:20:14 - [TEST_STEP][PASSED] - selectOptionByValue(findTestObject("Object Repository/Page_Moodle Lch Xem chi tit thng Thng Ging 2022/select_00        01        02        03    _f6e37b_1_2 (1)"), "11", true): All options with value '11' are selected in object 'Object Repository/Page_Moodle Lch Xem chi tit thng Thng Ging 2022/select_00        01        02        03    _f6e37b_1_2 (1)'  using regular expression

2022-02-13 19:20:16 - [MESSAGE][PASSED] - All options with value '11' are selected in object 'Object Repository/Page_Moodle Lch Xem chi tit thng Thng Ging 2022/select_00        01        02        03    _f6e37b_1_2 (1)'  using regular expression

2022-02-13 19:20:16 - [TEST_STEP][PASSED] - selectOptionByValue(findTestObject("Object Repository/Page_Moodle Lch Xem chi tit thng Thng Ging 2022/select_00        01        02        03    _f6e37b_1_2_3 (1)"), "0", true): All options with value '0' are selected in object 'Object Repository/Page_Moodle Lch Xem chi tit thng Thng Ging 2022/select_00        01        02        03    _f6e37b_1_2_3 (1)'  using regular expression

2022-02-13 19:20:18 - [MESSAGE][PASSED] - All options with value '0' are selected in object 'Object Repository/Page_Moodle Lch Xem chi tit thng Thng Ging 2022/select_00        01        02        03    _f6e37b_1_2_3 (1)'  using regular expression

2022-02-13 19:20:18 - [TEST_STEP][PASSED] - click(findTestObject("Object Repository/Page_Moodle Lch Xem chi tit thng Thng Ging 2022/button_Lu (3)")): Object: 'Object Repository/Page_Moodle Lch Xem chi tit thng Thng Ging 2022/button_Lu (3)' is clicked on

2022-02-13 19:20:25 - [MESSAGE][INFO] - Unable to find the element located by 'By.xpath: //button[@id='yui_3_17_2_1_1641917303276_1585']'. Please recheck the objects properties to make sure the desired element is located. 

2022-02-13 19:20:25 - [MESSAGE][WARNING] - [SELF-HEALING] Failed to find element with id 'Object Repository/Page_Moodle Lch Xem chi tit thng Thng Ging 2022/button_Lu (3)'. Try using Self-healing.

2022-02-13 19:20:25 - [MESSAGE][WARNING] - [SELF-HEALING] The current locator of test object 'Object Repository/Page_Moodle Lch Xem chi tit thng Thng Ging 2022/button_Lu (3)' was broken. Propose an alternative one: '(.//*[normalize-space(text()) and normalize-space(.)='Lặp lại hàng tuần, tạo ra tất cả'])[1]/following::button[1]'.

2022-02-13 19:20:25 - [MESSAGE][PASSED] - Object: 'Object Repository/Page_Moodle Lch Xem chi tit thng Thng Ging 2022/button_Lu (3)' is clicked on

2022-02-13 19:20:25 - [TEST_STEP][PASSED] - verifyElementClickable(findTestObject("Page_Moodle Lch Xem chi tit thng Thng Ging 2022/button_Lu (3)")): Object 'Object Repository/Page_Moodle Lch Xem chi tit thng Thng Ging 2022/button_Lu (3)' is clickable

2022-02-13 19:20:31 - [MESSAGE][INFO] - Unable to find the element located by 'By.xpath: //button[@id='yui_3_17_2_1_1641917303276_1585']'. Please recheck the objects properties to make sure the desired element is located. 

2022-02-13 19:20:31 - [MESSAGE][WARNING] - [SELF-HEALING] Failed to find element with id 'Object Repository/Page_Moodle Lch Xem chi tit thng Thng Ging 2022/button_Lu (3)'. Try using Self-healing.

2022-02-13 19:20:31 - [MESSAGE][WARNING] - [SELF-HEALING] The current locator of test object 'Object Repository/Page_Moodle Lch Xem chi tit thng Thng Ging 2022/button_Lu (3)' was broken. Propose an alternative one: '(.//*[normalize-space(text()) and normalize-space(.)='Lặp lại hàng tuần, tạo ra tất cả'])[1]/following::button[1]'.

2022-02-13 19:20:31 - [MESSAGE][PASSED] - Object 'Object Repository/Page_Moodle Lch Xem chi tit thng Thng Ging 2022/button_Lu (3)' is clickable

2022-02-13 19:20:31 - [TEST_STEP][PASSED] - closeBrowser(): Browser is closed

2022-02-13 19:20:32 - [MESSAGE][PASSED] - Browser is closed]]></system-out>
         <system-err><![CDATA[]]></system-err>
      </testcase>
      <testcase name="Test Cases/Create event on calendar/Create Event Set Description" time="63.25" classname="Test Cases/Create event on calendar/Create Event Set Description" status="PASSED">
         <system-out><![CDATA[2022-02-13 19:20:32 - [TEST_CASE][PASSED] - Test Cases/Create event on calendar/Create Event Set Description: Test Cases/Create event on calendar/Create Event Set Description

2022-02-13 19:20:33 - [TEST_STEP][PASSED] - openBrowser(""): Browser is opened with url: ''

2022-02-13 19:20:33 - [MESSAGE][INFO] - Starting 'Edge Chromium' driver

2022-02-13 19:20:35 - [MESSAGE][INFO] - Action delay is set to 0 milliseconds

2022-02-13 19:20:36 - [MESSAGE][PASSED] - Browser is opened with url: ''

2022-02-13 19:20:36 - [TEST_STEP][PASSED] - navigateToUrl("http://localhost/"): Navigate to 'http://localhost/' successfully

2022-02-13 19:20:37 - [MESSAGE][PASSED] - Navigate to 'http://localhost/' successfully

2022-02-13 19:20:37 - [TEST_STEP][PASSED] - click(findTestObject("Object Repository/Page_Local Moodle/a_Log in (14)")): Object: 'Object Repository/Page_Local Moodle/a_Log in (14)' is clicked on

2022-02-13 19:20:38 - [MESSAGE][PASSED] - Object: 'Object Repository/Page_Local Moodle/a_Log in (14)' is clicked on

2022-02-13 19:20:38 - [TEST_STEP][PASSED] - setText(findTestObject("Object Repository/Page_Local Moodle Log in to the site/input_Username_username (14)"), "admin"): Text 'admin' is set on object 'Object Repository/Page_Local Moodle Log in to the site/input_Username_username (14)'

2022-02-13 19:20:39 - [MESSAGE][PASSED] - Text 'admin' is set on object 'Object Repository/Page_Local Moodle Log in to the site/input_Username_username (14)'

2022-02-13 19:20:39 - [TEST_STEP][PASSED] - setEncryptedText(findTestObject("Object Repository/Page_Local Moodle Log in to the site/input_Password_password (14)"), "bfAykA/oWJ09FXmiKh6lyuuLu8QhG1K5"): Text ****** has been set on object 'Object Repository/Page_Local Moodle Log in to the site/input_Password_password (14)'

2022-02-13 19:20:40 - [MESSAGE][PASSED] - Text ****** has been set on object 'Object Repository/Page_Local Moodle Log in to the site/input_Password_password (14)'

2022-02-13 19:20:40 - [TEST_STEP][PASSED] - click(findTestObject("Object Repository/Page_Local Moodle Log in to the site/button_Log in (14)")): Object: 'Object Repository/Page_Local Moodle Log in to the site/button_Log in (14)' is clicked on

2022-02-13 19:20:41 - [MESSAGE][PASSED] - Object: 'Object Repository/Page_Local Moodle Log in to the site/button_Log in (14)' is clicked on

2022-02-13 19:20:41 - [TEST_STEP][PASSED] - click(findTestObject("Object Repository/Page_Nh ca ti/a_Lch (1)")): Object: 'Object Repository/Page_Nh ca ti/a_Lch (1)' is clicked on

2022-02-13 19:20:43 - [MESSAGE][PASSED] - Object: 'Object Repository/Page_Nh ca ti/a_Lch (1)' is clicked on

2022-02-13 19:20:43 - [TEST_STEP][PASSED] - click(findTestObject("Object Repository/Page_Moodle Lch Xem chi tit thng Thng Ging 2022/button_S kin mi (1)")): Object: 'Object Repository/Page_Moodle Lch Xem chi tit thng Thng Ging 2022/button_S kin mi (1)' is clicked on

2022-02-13 19:20:49 - [MESSAGE][INFO] - Unable to find the element located by 'By.xpath: //div[@id='calendar-month-61dda5ebf3a0b61dda5ebae16821']/div/button'. Please recheck the objects properties to make sure the desired element is located. 

2022-02-13 19:20:49 - [MESSAGE][WARNING] - [SELF-HEALING] Failed to find element with id 'Object Repository/Page_Moodle Lch Xem chi tit thng Thng Ging 2022/button_S kin mi (1)'. Try using Self-healing.

2022-02-13 19:20:50 - [MESSAGE][WARNING] - [SELF-HEALING] The current locator of test object 'Object Repository/Page_Moodle Lch Xem chi tit thng Thng Ging 2022/button_S kin mi (1)' was broken. Propose an alternative one: '(.//*[normalize-space(text()) and normalize-space(.)='Danh sách khóa học'])[1]/following::button[1]'.

2022-02-13 19:20:50 - [MESSAGE][PASSED] - Object: 'Object Repository/Page_Moodle Lch Xem chi tit thng Thng Ging 2022/button_S kin mi (1)' is clicked on

2022-02-13 19:20:50 - [TEST_STEP][PASSED] - setText(findTestObject("Object Repository/Page_Moodle Lch Xem chi tit thng Thng Ging 2022/input_Tiu  s kin_name (1)"), "Seminar Project"): Text 'Seminar Project' is set on object 'Object Repository/Page_Moodle Lch Xem chi tit thng Thng Ging 2022/input_Tiu  s kin_name (1)'

2022-02-13 19:20:52 - [MESSAGE][PASSED] - Text 'Seminar Project' is set on object 'Object Repository/Page_Moodle Lch Xem chi tit thng Thng Ging 2022/input_Tiu  s kin_name (1)'

2022-02-13 19:20:52 - [TEST_STEP][PASSED] - selectOptionByValue(findTestObject("Object Repository/Page_Moodle Lch Xem chi tit thng Thng Ging 2022/select_1        2        3        4        _45ea30 (1)"), "14", true): All options with value '14' are selected in object 'Object Repository/Page_Moodle Lch Xem chi tit thng Thng Ging 2022/select_1        2        3        4        _45ea30 (1)'  using regular expression

2022-02-13 19:20:54 - [MESSAGE][PASSED] - All options with value '14' are selected in object 'Object Repository/Page_Moodle Lch Xem chi tit thng Thng Ging 2022/select_1        2        3        4        _45ea30 (1)'  using regular expression

2022-02-13 19:20:54 - [TEST_STEP][PASSED] - selectOptionByValue(findTestObject("Object Repository/Page_Moodle Lch Xem chi tit thng Thng Ging 2022/select_00        01        02        03    _f6e37b"), "9", true): All options with value '9' are selected in object 'Object Repository/Page_Moodle Lch Xem chi tit thng Thng Ging 2022/select_00        01        02        03    _f6e37b'  using regular expression

2022-02-13 19:20:55 - [MESSAGE][PASSED] - All options with value '9' are selected in object 'Object Repository/Page_Moodle Lch Xem chi tit thng Thng Ging 2022/select_00        01        02        03    _f6e37b'  using regular expression

2022-02-13 19:20:55 - [TEST_STEP][PASSED] - selectOptionByValue(findTestObject("Object Repository/Page_Moodle Lch Xem chi tit thng Thng Ging 2022/select_00        01        02        03    _f6e37b_1"), "0", true): All options with value '0' are selected in object 'Object Repository/Page_Moodle Lch Xem chi tit thng Thng Ging 2022/select_00        01        02        03    _f6e37b_1'  using regular expression

2022-02-13 19:20:58 - [MESSAGE][PASSED] - All options with value '0' are selected in object 'Object Repository/Page_Moodle Lch Xem chi tit thng Thng Ging 2022/select_00        01        02        03    _f6e37b_1'  using regular expression

2022-02-13 19:20:58 - [TEST_STEP][PASSED] - selectOptionByValue(findTestObject("Object Repository/Page_Moodle Lch Xem chi tit thng Thng Ging 2022/select_Thnh vin            Kho hc          _5efb09 (1)"), "course", true): All options with value 'course' are selected in object 'Object Repository/Page_Moodle Lch Xem chi tit thng Thng Ging 2022/select_Thnh vin            Kho hc          _5efb09 (1)'  using regular expression

2022-02-13 19:20:59 - [MESSAGE][PASSED] - All options with value 'course' are selected in object 'Object Repository/Page_Moodle Lch Xem chi tit thng Thng Ging 2022/select_Thnh vin            Kho hc          _5efb09 (1)'  using regular expression

2022-02-13 19:20:59 - [TEST_STEP][PASSED] - click(findTestObject("Object Repository/Page_Moodle Lch Xem chi tit thng Thng Ging 2022/span__1_2_3_4")): Object: 'Object Repository/Page_Moodle Lch Xem chi tit thng Thng Ging 2022/span__1_2_3_4' is clicked on

2022-02-13 19:21:05 - [MESSAGE][INFO] - Unable to find the element located by 'By.xpath: //span[@id='form_autocomplete_downarrow-1642045252858']'. Please recheck the objects properties to make sure the desired element is located. 

2022-02-13 19:21:05 - [MESSAGE][WARNING] - [SELF-HEALING] Failed to find element with id 'Object Repository/Page_Moodle Lch Xem chi tit thng Thng Ging 2022/span__1_2_3_4'. Try using Self-healing.

2022-02-13 19:21:05 - [MESSAGE][WARNING] - [SELF-HEALING] The current locator of test object 'Object Repository/Page_Moodle Lch Xem chi tit thng Thng Ging 2022/span__1_2_3_4' was broken. Propose an alternative one: '(.//*[normalize-space(text()) and normalize-space(.)='No selection'])[1]/following::span[1]'.

2022-02-13 19:21:05 - [MESSAGE][PASSED] - Object: 'Object Repository/Page_Moodle Lch Xem chi tit thng Thng Ging 2022/span__1_2_3_4' is clicked on

2022-02-13 19:21:05 - [TEST_STEP][PASSED] - click(findTestObject("Object Repository/Page_Moodle Lch Xem chi tit thng Thng Ging 2022/li_Software Engineering_1_2_3")): Object: 'Object Repository/Page_Moodle Lch Xem chi tit thng Thng Ging 2022/li_Software Engineering_1_2_3' is clicked on

2022-02-13 19:21:12 - [MESSAGE][INFO] - Unable to find the element located by 'By.xpath: //li[@id='form_autocomplete_suggestions-1642045252858-0']'. Please recheck the objects properties to make sure the desired element is located. 

2022-02-13 19:21:12 - [MESSAGE][WARNING] - [SELF-HEALING] Failed to find element with id 'Object Repository/Page_Moodle Lch Xem chi tit thng Thng Ging 2022/li_Software Engineering_1_2_3'. Try using Self-healing.

2022-02-13 19:21:12 - [MESSAGE][WARNING] - [SELF-HEALING] The current locator of test object 'Object Repository/Page_Moodle Lch Xem chi tit thng Thng Ging 2022/li_Software Engineering_1_2_3' was broken. Propose an alternative one: '(.//*[normalize-space(text()) and normalize-space(.)='▼'])[2]/following::li[1]'.

2022-02-13 19:21:12 - [MESSAGE][PASSED] - Object: 'Object Repository/Page_Moodle Lch Xem chi tit thng Thng Ging 2022/li_Software Engineering_1_2_3' is clicked on

2022-02-13 19:21:12 - [TEST_STEP][PASSED] - selectOptionByValue(findTestObject("Object Repository/Page_Moodle Lch Xem chi tit thng Thng Ging 2022/select_Software Engineering"), "3", true): All options with value '3' are selected in object 'Object Repository/Page_Moodle Lch Xem chi tit thng Thng Ging 2022/select_Software Engineering'  using regular expression

2022-02-13 19:21:14 - [MESSAGE][PASSED] - All options with value '3' are selected in object 'Object Repository/Page_Moodle Lch Xem chi tit thng Thng Ging 2022/select_Software Engineering'  using regular expression

2022-02-13 19:21:14 - [TEST_STEP][PASSED] - click(findTestObject("Object Repository/Page_Moodle Lch Xem chi tit thng Thng Ging 2022/a_Show more")): Object: 'Object Repository/Page_Moodle Lch Xem chi tit thng Thng Ging 2022/a_Show more' is clicked on

2022-02-13 19:21:20 - [MESSAGE][INFO] - Unable to find the element located by 'By.xpath: //a[@id='yui_3_17_2_1_1641915883945_609']'. Please recheck the objects properties to make sure the desired element is located. 

2022-02-13 19:21:20 - [MESSAGE][WARNING] - [SELF-HEALING] Failed to find element with id 'Object Repository/Page_Moodle Lch Xem chi tit thng Thng Ging 2022/a_Show more'. Try using Self-healing.

2022-02-13 19:21:20 - [MESSAGE][WARNING] - [SELF-HEALING] The current locator of test object 'Object Repository/Page_Moodle Lch Xem chi tit thng Thng Ging 2022/a_Show more' was broken. Propose an alternative one: '//a[contains(text(),'Show more...')]'.

2022-02-13 19:21:20 - [MESSAGE][PASSED] - Object: 'Object Repository/Page_Moodle Lch Xem chi tit thng Thng Ging 2022/a_Show more' is clicked on

2022-02-13 19:21:20 - [TEST_STEP][PASSED] - setText(findTestObject("Object Repository/Page_Moodle Lch Xem chi tit thng Thng Ging 2022/div_Gii p thc mc v  n"), "Giải đáp thắc mắc về đồ án"): Text 'Giải đáp thắc mắc về đồ án' is set on object 'Object Repository/Page_Moodle Lch Xem chi tit thng Thng Ging 2022/div_Gii p thc mc v  n'

2022-02-13 19:21:22 - [MESSAGE][PASSED] - Text 'Giải đáp thắc mắc về đồ án' is set on object 'Object Repository/Page_Moodle Lch Xem chi tit thng Thng Ging 2022/div_Gii p thc mc v  n'

2022-02-13 19:21:22 - [TEST_STEP][PASSED] - click(findTestObject("Page_Moodle Lch Xem chi tit thng Thng Ging 2022/button_Lu (1)")): Object: 'Object Repository/Page_Moodle Lch Xem chi tit thng Thng Ging 2022/button_Lu (1)' is clicked on

2022-02-13 19:21:28 - [MESSAGE][INFO] - Unable to find the element located by 'By.xpath: //button[@id='yui_3_17_2_1_1641915883945_1459']'. Please recheck the objects properties to make sure the desired element is located. 

2022-02-13 19:21:28 - [MESSAGE][WARNING] - [SELF-HEALING] Failed to find element with id 'Object Repository/Page_Moodle Lch Xem chi tit thng Thng Ging 2022/button_Lu (1)'. Try using Self-healing.

2022-02-13 19:21:28 - [MESSAGE][WARNING] - [SELF-HEALING] The current locator of test object 'Object Repository/Page_Moodle Lch Xem chi tit thng Thng Ging 2022/button_Lu (1)' was broken. Propose an alternative one: '(.//*[normalize-space(text()) and normalize-space(.)='Lặp lại hàng tuần, tạo ra tất cả'])[1]/following::button[1]'.

2022-02-13 19:21:28 - [MESSAGE][PASSED] - Object: 'Object Repository/Page_Moodle Lch Xem chi tit thng Thng Ging 2022/button_Lu (1)' is clicked on

2022-02-13 19:21:28 - [TEST_STEP][PASSED] - verifyElementClickable(findTestObject("Page_Moodle Lch Xem chi tit thng Thng Ging 2022/button_Lu (1)")): Object 'Object Repository/Page_Moodle Lch Xem chi tit thng Thng Ging 2022/button_Lu (1)' is clickable

2022-02-13 19:21:35 - [MESSAGE][INFO] - Unable to find the element located by 'By.xpath: //button[@id='yui_3_17_2_1_1641915883945_1459']'. Please recheck the objects properties to make sure the desired element is located. 

2022-02-13 19:21:35 - [MESSAGE][WARNING] - [SELF-HEALING] Failed to find element with id 'Object Repository/Page_Moodle Lch Xem chi tit thng Thng Ging 2022/button_Lu (1)'. Try using Self-healing.

2022-02-13 19:21:35 - [MESSAGE][WARNING] - [SELF-HEALING] The current locator of test object 'Object Repository/Page_Moodle Lch Xem chi tit thng Thng Ging 2022/button_Lu (1)' was broken. Propose an alternative one: '(.//*[normalize-space(text()) and normalize-space(.)='Lặp lại hàng tuần, tạo ra tất cả'])[1]/following::button[1]'.

2022-02-13 19:21:35 - [MESSAGE][PASSED] - Object 'Object Repository/Page_Moodle Lch Xem chi tit thng Thng Ging 2022/button_Lu (1)' is clickable

2022-02-13 19:21:35 - [TEST_STEP][PASSED] - closeBrowser(): Browser is closed

2022-02-13 19:21:36 - [MESSAGE][PASSED] - Browser is closed]]></system-out>
         <system-err><![CDATA[]]></system-err>
      </testcase>
      <testcase name="Test Cases/Create event on calendar/Create Event Set Time" time="68.768" classname="Test Cases/Create event on calendar/Create Event Set Time" status="PASSED">
         <system-out><![CDATA[2022-02-13 19:21:36 - [TEST_CASE][PASSED] - Test Cases/Create event on calendar/Create Event Set Time: Test Cases/Create event on calendar/Create Event Set Time

2022-02-13 19:21:36 - [TEST_STEP][PASSED] - openBrowser(""): Browser is opened with url: ''

2022-02-13 19:21:36 - [MESSAGE][INFO] - Starting 'Edge Chromium' driver

2022-02-13 19:21:38 - [MESSAGE][INFO] - Action delay is set to 0 milliseconds

2022-02-13 19:21:39 - [MESSAGE][PASSED] - Browser is opened with url: ''

2022-02-13 19:21:39 - [TEST_STEP][PASSED] - navigateToUrl("http://localhost/"): Navigate to 'http://localhost/' successfully

2022-02-13 19:21:40 - [MESSAGE][PASSED] - Navigate to 'http://localhost/' successfully

2022-02-13 19:21:40 - [TEST_STEP][PASSED] - click(findTestObject("Object Repository/Page_Local Moodle/a_Log in (15)")): Object: 'Object Repository/Page_Local Moodle/a_Log in (15)' is clicked on

2022-02-13 19:21:41 - [MESSAGE][PASSED] - Object: 'Object Repository/Page_Local Moodle/a_Log in (15)' is clicked on

2022-02-13 19:21:41 - [TEST_STEP][PASSED] - setText(findTestObject("Object Repository/Page_Local Moodle Log in to the site/input_Username_username (15)"), "admin"): Text 'admin' is set on object 'Object Repository/Page_Local Moodle Log in to the site/input_Username_username (15)'

2022-02-13 19:21:42 - [MESSAGE][PASSED] - Text 'admin' is set on object 'Object Repository/Page_Local Moodle Log in to the site/input_Username_username (15)'

2022-02-13 19:21:42 - [TEST_STEP][PASSED] - setEncryptedText(findTestObject("Object Repository/Page_Local Moodle Log in to the site/input_Password_password (15)"), "bfAykA/oWJ09FXmiKh6lyuuLu8QhG1K5"): Text ****** has been set on object 'Object Repository/Page_Local Moodle Log in to the site/input_Password_password (15)'

2022-02-13 19:21:42 - [MESSAGE][PASSED] - Text ****** has been set on object 'Object Repository/Page_Local Moodle Log in to the site/input_Password_password (15)'

2022-02-13 19:21:42 - [TEST_STEP][PASSED] - click(findTestObject("Object Repository/Page_Local Moodle Log in to the site/button_Log in (15)")): Object: 'Object Repository/Page_Local Moodle Log in to the site/button_Log in (15)' is clicked on

2022-02-13 19:21:43 - [MESSAGE][PASSED] - Object: 'Object Repository/Page_Local Moodle Log in to the site/button_Log in (15)' is clicked on

2022-02-13 19:21:43 - [TEST_STEP][PASSED] - click(findTestObject("Object Repository/Page_Nh ca ti/a_Lch (2)")): Object: 'Object Repository/Page_Nh ca ti/a_Lch (2)' is clicked on

2022-02-13 19:21:45 - [MESSAGE][PASSED] - Object: 'Object Repository/Page_Nh ca ti/a_Lch (2)' is clicked on

2022-02-13 19:21:45 - [TEST_STEP][PASSED] - click(findTestObject("Object Repository/Page_Moodle Lch Xem chi tit thng Thng Ging 2022/button_S kin mi (2)")): Object: 'Object Repository/Page_Moodle Lch Xem chi tit thng Thng Ging 2022/button_S kin mi (2)' is clicked on

2022-02-13 19:21:52 - [MESSAGE][INFO] - Unable to find the element located by 'By.xpath: //div[@id='calendar-month-61dda95a6fccb61dda95a2d01921']/div/button'. Please recheck the objects properties to make sure the desired element is located. 

2022-02-13 19:21:52 - [MESSAGE][WARNING] - [SELF-HEALING] Failed to find element with id 'Object Repository/Page_Moodle Lch Xem chi tit thng Thng Ging 2022/button_S kin mi (2)'. Try using Self-healing.

2022-02-13 19:21:52 - [MESSAGE][WARNING] - [SELF-HEALING] The current locator of test object 'Object Repository/Page_Moodle Lch Xem chi tit thng Thng Ging 2022/button_S kin mi (2)' was broken. Propose an alternative one: '(.//*[normalize-space(text()) and normalize-space(.)='Danh sách khóa học'])[1]/following::button[1]'.

2022-02-13 19:21:52 - [MESSAGE][PASSED] - Object: 'Object Repository/Page_Moodle Lch Xem chi tit thng Thng Ging 2022/button_S kin mi (2)' is clicked on

2022-02-13 19:21:52 - [TEST_STEP][PASSED] - setText(findTestObject("Object Repository/Page_Moodle Lch Xem chi tit thng Thng Ging 2022/input_Tiu  s kin_name (2)"), "Seminar"): Text 'Seminar' is set on object 'Object Repository/Page_Moodle Lch Xem chi tit thng Thng Ging 2022/input_Tiu  s kin_name (2)'

2022-02-13 19:21:54 - [MESSAGE][PASSED] - Text 'Seminar' is set on object 'Object Repository/Page_Moodle Lch Xem chi tit thng Thng Ging 2022/input_Tiu  s kin_name (2)'

2022-02-13 19:21:54 - [TEST_STEP][PASSED] - selectOptionByValue(findTestObject("Object Repository/Page_Moodle Lch Xem chi tit thng Thng Ging 2022/select_1        2        3        4        _45ea30 (2)"), "15", true): All options with value '15' are selected in object 'Object Repository/Page_Moodle Lch Xem chi tit thng Thng Ging 2022/select_1        2        3        4        _45ea30 (2)'  using regular expression

2022-02-13 19:21:56 - [MESSAGE][PASSED] - All options with value '15' are selected in object 'Object Repository/Page_Moodle Lch Xem chi tit thng Thng Ging 2022/select_1        2        3        4        _45ea30 (2)'  using regular expression

2022-02-13 19:21:56 - [TEST_STEP][PASSED] - selectOptionByValue(findTestObject("Object Repository/Page_Moodle Lch Xem chi tit thng Thng Ging 2022/select_00        01        02        03    _f6e37b (1)"), "14", true): All options with value '14' are selected in object 'Object Repository/Page_Moodle Lch Xem chi tit thng Thng Ging 2022/select_00        01        02        03    _f6e37b (1)'  using regular expression

2022-02-13 19:21:58 - [MESSAGE][PASSED] - All options with value '14' are selected in object 'Object Repository/Page_Moodle Lch Xem chi tit thng Thng Ging 2022/select_00        01        02        03    _f6e37b (1)'  using regular expression

2022-02-13 19:21:58 - [TEST_STEP][PASSED] - selectOptionByValue(findTestObject("Object Repository/Page_Moodle Lch Xem chi tit thng Thng Ging 2022/select_00        01        02        03    _f6e37b_1 (1)"), "30", true): All options with value '30' are selected in object 'Object Repository/Page_Moodle Lch Xem chi tit thng Thng Ging 2022/select_00        01        02        03    _f6e37b_1 (1)'  using regular expression

2022-02-13 19:22:00 - [MESSAGE][PASSED] - All options with value '30' are selected in object 'Object Repository/Page_Moodle Lch Xem chi tit thng Thng Ging 2022/select_00        01        02        03    _f6e37b_1 (1)'  using regular expression

2022-02-13 19:22:00 - [TEST_STEP][PASSED] - selectOptionByValue(findTestObject("Object Repository/Page_Moodle Lch Xem chi tit thng Thng Ging 2022/select_Thnh vin            Kho hc          _5efb09 (2)"), "course", true): All options with value 'course' are selected in object 'Object Repository/Page_Moodle Lch Xem chi tit thng Thng Ging 2022/select_Thnh vin            Kho hc          _5efb09 (2)'  using regular expression

2022-02-13 19:22:02 - [MESSAGE][PASSED] - All options with value 'course' are selected in object 'Object Repository/Page_Moodle Lch Xem chi tit thng Thng Ging 2022/select_Thnh vin            Kho hc          _5efb09 (2)'  using regular expression

2022-02-13 19:22:02 - [TEST_STEP][PASSED] - click(findTestObject("Object Repository/Page_Moodle Lch Xem chi tit thng Thng Ging 2022/span__1_2_3_4")): Object: 'Object Repository/Page_Moodle Lch Xem chi tit thng Thng Ging 2022/span__1_2_3_4' is clicked on

2022-02-13 19:22:08 - [MESSAGE][INFO] - Unable to find the element located by 'By.xpath: //span[@id='form_autocomplete_downarrow-1642045252858']'. Please recheck the objects properties to make sure the desired element is located. 

2022-02-13 19:22:08 - [MESSAGE][WARNING] - [SELF-HEALING] Failed to find element with id 'Object Repository/Page_Moodle Lch Xem chi tit thng Thng Ging 2022/span__1_2_3_4'. Try using Self-healing.

2022-02-13 19:22:08 - [MESSAGE][WARNING] - [SELF-HEALING] The current locator of test object 'Object Repository/Page_Moodle Lch Xem chi tit thng Thng Ging 2022/span__1_2_3_4' was broken. Propose an alternative one: '(.//*[normalize-space(text()) and normalize-space(.)='No selection'])[1]/following::span[1]'.

2022-02-13 19:22:08 - [MESSAGE][PASSED] - Object: 'Object Repository/Page_Moodle Lch Xem chi tit thng Thng Ging 2022/span__1_2_3_4' is clicked on

2022-02-13 19:22:08 - [TEST_STEP][PASSED] - click(findTestObject("Object Repository/Page_Moodle Lch Xem chi tit thng Thng Ging 2022/li_Software Engineering_1_2_3")): Object: 'Object Repository/Page_Moodle Lch Xem chi tit thng Thng Ging 2022/li_Software Engineering_1_2_3' is clicked on

2022-02-13 19:22:14 - [MESSAGE][INFO] - Unable to find the element located by 'By.xpath: //li[@id='form_autocomplete_suggestions-1642045252858-0']'. Please recheck the objects properties to make sure the desired element is located. 

2022-02-13 19:22:14 - [MESSAGE][WARNING] - [SELF-HEALING] Failed to find element with id 'Object Repository/Page_Moodle Lch Xem chi tit thng Thng Ging 2022/li_Software Engineering_1_2_3'. Try using Self-healing.

2022-02-13 19:22:15 - [MESSAGE][WARNING] - [SELF-HEALING] The current locator of test object 'Object Repository/Page_Moodle Lch Xem chi tit thng Thng Ging 2022/li_Software Engineering_1_2_3' was broken. Propose an alternative one: '(.//*[normalize-space(text()) and normalize-space(.)='▼'])[2]/following::li[1]'.

2022-02-13 19:22:15 - [MESSAGE][PASSED] - Object: 'Object Repository/Page_Moodle Lch Xem chi tit thng Thng Ging 2022/li_Software Engineering_1_2_3' is clicked on

2022-02-13 19:22:15 - [TEST_STEP][PASSED] - selectOptionByValue(findTestObject("Object Repository/Page_Moodle Lch Xem chi tit thng Thng Ging 2022/select_Software Engineering"), "3", true): All options with value '3' are selected in object 'Object Repository/Page_Moodle Lch Xem chi tit thng Thng Ging 2022/select_Software Engineering'  using regular expression

2022-02-13 19:22:16 - [MESSAGE][PASSED] - All options with value '3' are selected in object 'Object Repository/Page_Moodle Lch Xem chi tit thng Thng Ging 2022/select_Software Engineering'  using regular expression

2022-02-13 19:22:16 - [TEST_STEP][PASSED] - click(findTestObject("Object Repository/Page_Moodle Lch Xem chi tit thng Thng Ging 2022/a_Show more (1)")): Object: 'Object Repository/Page_Moodle Lch Xem chi tit thng Thng Ging 2022/a_Show more (1)' is clicked on

2022-02-13 19:22:23 - [MESSAGE][INFO] - Unable to find the element located by 'By.xpath: //a[@id='yui_3_17_2_1_1641916762423_1318']'. Please recheck the objects properties to make sure the desired element is located. 

2022-02-13 19:22:23 - [MESSAGE][WARNING] - [SELF-HEALING] Failed to find element with id 'Object Repository/Page_Moodle Lch Xem chi tit thng Thng Ging 2022/a_Show more (1)'. Try using Self-healing.

2022-02-13 19:22:23 - [MESSAGE][WARNING] - [SELF-HEALING] The current locator of test object 'Object Repository/Page_Moodle Lch Xem chi tit thng Thng Ging 2022/a_Show more (1)' was broken. Propose an alternative one: '//a[contains(text(),'Show more...')]'.

2022-02-13 19:22:23 - [MESSAGE][PASSED] - Object: 'Object Repository/Page_Moodle Lch Xem chi tit thng Thng Ging 2022/a_Show more (1)' is clicked on

2022-02-13 19:22:23 - [TEST_STEP][PASSED] - click(findTestObject("Object Repository/Page_Moodle Lch Xem chi tit thng Thng Ging 2022/input_Ti_duration")): Object: 'Object Repository/Page_Moodle Lch Xem chi tit thng Thng Ging 2022/input_Ti_duration' is clicked on

2022-02-13 19:22:24 - [MESSAGE][PASSED] - Object: 'Object Repository/Page_Moodle Lch Xem chi tit thng Thng Ging 2022/input_Ti_duration' is clicked on

2022-02-13 19:22:24 - [TEST_STEP][PASSED] - selectOptionByValue(findTestObject("Object Repository/Page_Moodle Lch Xem chi tit thng Thng Ging 2022/select_1        2        3        4        _45ea30_1"), "15", true): All options with value '15' are selected in object 'Object Repository/Page_Moodle Lch Xem chi tit thng Thng Ging 2022/select_1        2        3        4        _45ea30_1'  using regular expression

2022-02-13 19:22:26 - [MESSAGE][PASSED] - All options with value '15' are selected in object 'Object Repository/Page_Moodle Lch Xem chi tit thng Thng Ging 2022/select_1        2        3        4        _45ea30_1'  using regular expression

2022-02-13 19:22:26 - [TEST_STEP][PASSED] - selectOptionByValue(findTestObject("Object Repository/Page_Moodle Lch Xem chi tit thng Thng Ging 2022/select_00        01        02        03    _f6e37b_1_2"), "16", true): All options with value '16' are selected in object 'Object Repository/Page_Moodle Lch Xem chi tit thng Thng Ging 2022/select_00        01        02        03    _f6e37b_1_2'  using regular expression

2022-02-13 19:22:28 - [MESSAGE][PASSED] - All options with value '16' are selected in object 'Object Repository/Page_Moodle Lch Xem chi tit thng Thng Ging 2022/select_00        01        02        03    _f6e37b_1_2'  using regular expression

2022-02-13 19:22:28 - [TEST_STEP][PASSED] - selectOptionByValue(findTestObject("Object Repository/Page_Moodle Lch Xem chi tit thng Thng Ging 2022/select_00        01        02        03    _f6e37b_1_2_3"), "30", true): All options with value '30' are selected in object 'Object Repository/Page_Moodle Lch Xem chi tit thng Thng Ging 2022/select_00        01        02        03    _f6e37b_1_2_3'  using regular expression

2022-02-13 19:22:30 - [MESSAGE][PASSED] - All options with value '30' are selected in object 'Object Repository/Page_Moodle Lch Xem chi tit thng Thng Ging 2022/select_00        01        02        03    _f6e37b_1_2_3'  using regular expression

2022-02-13 19:22:30 - [TEST_STEP][PASSED] - click(findTestObject("Object Repository/Page_Moodle Lch Xem chi tit thng Thng Ging 2022/button_Lu (2)")): Object: 'Object Repository/Page_Moodle Lch Xem chi tit thng Thng Ging 2022/button_Lu (2)' is clicked on

2022-02-13 19:22:37 - [MESSAGE][INFO] - Unable to find the element located by 'By.xpath: //button[@id='yui_3_17_2_1_1641916762423_604']'. Please recheck the objects properties to make sure the desired element is located. 

2022-02-13 19:22:37 - [MESSAGE][WARNING] - [SELF-HEALING] Failed to find element with id 'Object Repository/Page_Moodle Lch Xem chi tit thng Thng Ging 2022/button_Lu (2)'. Try using Self-healing.

2022-02-13 19:22:37 - [MESSAGE][WARNING] - [SELF-HEALING] The current locator of test object 'Object Repository/Page_Moodle Lch Xem chi tit thng Thng Ging 2022/button_Lu (2)' was broken. Propose an alternative one: '(.//*[normalize-space(text()) and normalize-space(.)='Lặp lại hàng tuần, tạo ra tất cả'])[1]/following::button[1]'.

2022-02-13 19:22:37 - [MESSAGE][PASSED] - Object: 'Object Repository/Page_Moodle Lch Xem chi tit thng Thng Ging 2022/button_Lu (2)' is clicked on

2022-02-13 19:22:37 - [TEST_STEP][PASSED] - verifyElementClickable(findTestObject("Page_Moodle Lch Xem chi tit thng Thng Ging 2022/button_Lu (2)")): Object 'Object Repository/Page_Moodle Lch Xem chi tit thng Thng Ging 2022/button_Lu (2)' is clickable

2022-02-13 19:22:43 - [MESSAGE][INFO] - Unable to find the element located by 'By.xpath: //button[@id='yui_3_17_2_1_1641916762423_604']'. Please recheck the objects properties to make sure the desired element is located. 

2022-02-13 19:22:43 - [MESSAGE][WARNING] - [SELF-HEALING] Failed to find element with id 'Object Repository/Page_Moodle Lch Xem chi tit thng Thng Ging 2022/button_Lu (2)'. Try using Self-healing.

2022-02-13 19:22:44 - [MESSAGE][WARNING] - [SELF-HEALING] The current locator of test object 'Object Repository/Page_Moodle Lch Xem chi tit thng Thng Ging 2022/button_Lu (2)' was broken. Propose an alternative one: '(.//*[normalize-space(text()) and normalize-space(.)='Lặp lại hàng tuần, tạo ra tất cả'])[1]/following::button[1]'.

2022-02-13 19:22:44 - [MESSAGE][PASSED] - Object 'Object Repository/Page_Moodle Lch Xem chi tit thng Thng Ging 2022/button_Lu (2)' is clickable

2022-02-13 19:22:44 - [TEST_STEP][PASSED] - closeBrowser(): Browser is closed

2022-02-13 19:22:44 - [MESSAGE][PASSED] - Browser is closed]]></system-out>
         <system-err><![CDATA[]]></system-err>
      </testcase>
      <testcase name="Test Cases/Create event on calendar/Create Event Set Time Minute And Repeat" time="65.183" classname="Test Cases/Create event on calendar/Create Event Set Time Minute And Repeat" status="PASSED">
         <system-out><![CDATA[2022-02-13 19:22:44 - [TEST_CASE][PASSED] - Test Cases/Create event on calendar/Create Event Set Time Minute And Repeat: Test Cases/Create event on calendar/Create Event Set Time Minute And Repeat

2022-02-13 19:22:45 - [TEST_STEP][PASSED] - openBrowser(""): Browser is opened with url: ''

2022-02-13 19:22:45 - [MESSAGE][INFO] - Starting 'Edge Chromium' driver

2022-02-13 19:22:47 - [MESSAGE][INFO] - Action delay is set to 0 milliseconds

2022-02-13 19:22:48 - [MESSAGE][PASSED] - Browser is opened with url: ''

2022-02-13 19:22:48 - [TEST_STEP][PASSED] - navigateToUrl("http://localhost/"): Navigate to 'http://localhost/' successfully

2022-02-13 19:22:49 - [MESSAGE][PASSED] - Navigate to 'http://localhost/' successfully

2022-02-13 19:22:49 - [TEST_STEP][PASSED] - click(findTestObject("Object Repository/Page_Local Moodle/a_Log in (17)")): Object: 'Object Repository/Page_Local Moodle/a_Log in (17)' is clicked on

2022-02-13 19:22:49 - [MESSAGE][PASSED] - Object: 'Object Repository/Page_Local Moodle/a_Log in (17)' is clicked on

2022-02-13 19:22:49 - [TEST_STEP][PASSED] - setText(findTestObject("Object Repository/Page_Local Moodle Log in to the site/input_Username_username (17)"), "admin"): Text 'admin' is set on object 'Object Repository/Page_Local Moodle Log in to the site/input_Username_username (17)'

2022-02-13 19:22:50 - [MESSAGE][PASSED] - Text 'admin' is set on object 'Object Repository/Page_Local Moodle Log in to the site/input_Username_username (17)'

2022-02-13 19:22:50 - [TEST_STEP][PASSED] - setEncryptedText(findTestObject("Object Repository/Page_Local Moodle Log in to the site/input_Password_password (17)"), "bfAykA/oWJ09FXmiKh6lyuuLu8QhG1K5"): Text ****** has been set on object 'Object Repository/Page_Local Moodle Log in to the site/input_Password_password (17)'

2022-02-13 19:22:51 - [MESSAGE][PASSED] - Text ****** has been set on object 'Object Repository/Page_Local Moodle Log in to the site/input_Password_password (17)'

2022-02-13 19:22:51 - [TEST_STEP][PASSED] - click(findTestObject("Object Repository/Page_Local Moodle Log in to the site/button_Log in (17)")): Object: 'Object Repository/Page_Local Moodle Log in to the site/button_Log in (17)' is clicked on

2022-02-13 19:22:52 - [MESSAGE][PASSED] - Object: 'Object Repository/Page_Local Moodle Log in to the site/button_Log in (17)' is clicked on

2022-02-13 19:22:52 - [TEST_STEP][PASSED] - click(findTestObject("Object Repository/Page_Nh ca ti/a_Lch (4)")): Object: 'Object Repository/Page_Nh ca ti/a_Lch (4)' is clicked on

2022-02-13 19:22:54 - [MESSAGE][PASSED] - Object: 'Object Repository/Page_Nh ca ti/a_Lch (4)' is clicked on

2022-02-13 19:22:54 - [TEST_STEP][PASSED] - click(findTestObject("Object Repository/Page_Moodle Lch Xem chi tit thng Thng Ging 2022/button_S kin mi (4)")): Object: 'Object Repository/Page_Moodle Lch Xem chi tit thng Thng Ging 2022/button_S kin mi (4)' is clicked on

2022-02-13 19:23:01 - [MESSAGE][INFO] - Unable to find the element located by 'By.xpath: id("calendar-month-61ddaeeb7273d61ddaeeb3132c21")/div[@class="header d-flex flex-wrap p-1"]/button[@class="btn btn-secondary float-sm-right float-right"][count(. | //button[@class = 'btn btn-secondary float-sm-right float-right' and @data-context-id = '2' and @data-action = 'new-event-button' and (text() = '
            Sự kiện mới
        ' or . = '
            Sự kiện mới
        ')]) = count(//button[@class = 'btn btn-secondary float-sm-right float-right' and @data-context-id = '2' and @data-action = 'new-event-button' and (text() = '
            Sự kiện mới
        ' or . = '
            Sự kiện mới
        ')])]'. Please recheck the objects properties to make sure the desired element is located. 

2022-02-13 19:23:01 - [MESSAGE][WARNING] - [SELF-HEALING] Failed to find element with id 'Object Repository/Page_Moodle Lch Xem chi tit thng Thng Ging 2022/button_S kin mi (4)'. Try using Self-healing.

2022-02-13 19:23:01 - [MESSAGE][WARNING] - [SELF-HEALING] The current locator of test object 'Object Repository/Page_Moodle Lch Xem chi tit thng Thng Ging 2022/button_S kin mi (4)' was broken. Propose an alternative one: '(.//*[normalize-space(text()) and normalize-space(.)='Danh sách khóa học'])[1]/following::button[1]'.

2022-02-13 19:23:01 - [MESSAGE][PASSED] - Object: 'Object Repository/Page_Moodle Lch Xem chi tit thng Thng Ging 2022/button_S kin mi (4)' is clicked on

2022-02-13 19:23:01 - [TEST_STEP][PASSED] - setText(findTestObject("Object Repository/Page_Moodle Lch Xem chi tit thng Thng Ging 2022/input_Tiu  s kin_name (4)"), "Seminar"): Text 'Seminar' is set on object 'Object Repository/Page_Moodle Lch Xem chi tit thng Thng Ging 2022/input_Tiu  s kin_name (4)'

2022-02-13 19:23:03 - [MESSAGE][PASSED] - Text 'Seminar' is set on object 'Object Repository/Page_Moodle Lch Xem chi tit thng Thng Ging 2022/input_Tiu  s kin_name (4)'

2022-02-13 19:23:03 - [TEST_STEP][PASSED] - selectOptionByValue(findTestObject("Object Repository/Page_Moodle Lch Xem chi tit thng Thng Ging 2022/select_1        2        3        4        _45ea30 (4)"), "14", true): All options with value '14' are selected in object 'Object Repository/Page_Moodle Lch Xem chi tit thng Thng Ging 2022/select_1        2        3        4        _45ea30 (4)'  using regular expression

2022-02-13 19:23:05 - [MESSAGE][PASSED] - All options with value '14' are selected in object 'Object Repository/Page_Moodle Lch Xem chi tit thng Thng Ging 2022/select_1        2        3        4        _45ea30 (4)'  using regular expression

2022-02-13 19:23:05 - [TEST_STEP][PASSED] - selectOptionByValue(findTestObject("Object Repository/Page_Moodle Lch Xem chi tit thng Thng Ging 2022/select_00        01        02        03    _f6e37b (3)"), "7", true): All options with value '7' are selected in object 'Object Repository/Page_Moodle Lch Xem chi tit thng Thng Ging 2022/select_00        01        02        03    _f6e37b (3)'  using regular expression

2022-02-13 19:23:07 - [MESSAGE][PASSED] - All options with value '7' are selected in object 'Object Repository/Page_Moodle Lch Xem chi tit thng Thng Ging 2022/select_00        01        02        03    _f6e37b (3)'  using regular expression

2022-02-13 19:23:07 - [TEST_STEP][PASSED] - selectOptionByValue(findTestObject("Object Repository/Page_Moodle Lch Xem chi tit thng Thng Ging 2022/select_00        01        02        03    _f6e37b_1 (3)"), "30", true): All options with value '30' are selected in object 'Object Repository/Page_Moodle Lch Xem chi tit thng Thng Ging 2022/select_00        01        02        03    _f6e37b_1 (3)'  using regular expression

2022-02-13 19:23:09 - [MESSAGE][PASSED] - All options with value '30' are selected in object 'Object Repository/Page_Moodle Lch Xem chi tit thng Thng Ging 2022/select_00        01        02        03    _f6e37b_1 (3)'  using regular expression

2022-02-13 19:23:09 - [TEST_STEP][PASSED] - selectOptionByValue(findTestObject("Object Repository/Page_Moodle Lch Xem chi tit thng Thng Ging 2022/select_Thnh vin            Kho hc          _5efb09 (4)"), "course", true): All options with value 'course' are selected in object 'Object Repository/Page_Moodle Lch Xem chi tit thng Thng Ging 2022/select_Thnh vin            Kho hc          _5efb09 (4)'  using regular expression

2022-02-13 19:23:11 - [MESSAGE][PASSED] - All options with value 'course' are selected in object 'Object Repository/Page_Moodle Lch Xem chi tit thng Thng Ging 2022/select_Thnh vin            Kho hc          _5efb09 (4)'  using regular expression

2022-02-13 19:23:11 - [TEST_STEP][PASSED] - click(findTestObject("Object Repository/Page_Moodle Lch Xem chi tit thng Thng Ging 2022/span__1_2_3_4")): Object: 'Object Repository/Page_Moodle Lch Xem chi tit thng Thng Ging 2022/span__1_2_3_4' is clicked on

2022-02-13 19:23:17 - [MESSAGE][INFO] - Unable to find the element located by 'By.xpath: //span[@id='form_autocomplete_downarrow-1642045252858']'. Please recheck the objects properties to make sure the desired element is located. 

2022-02-13 19:23:17 - [MESSAGE][WARNING] - [SELF-HEALING] Failed to find element with id 'Object Repository/Page_Moodle Lch Xem chi tit thng Thng Ging 2022/span__1_2_3_4'. Try using Self-healing.

2022-02-13 19:23:17 - [MESSAGE][WARNING] - [SELF-HEALING] The current locator of test object 'Object Repository/Page_Moodle Lch Xem chi tit thng Thng Ging 2022/span__1_2_3_4' was broken. Propose an alternative one: '(.//*[normalize-space(text()) and normalize-space(.)='No selection'])[1]/following::span[1]'.

2022-02-13 19:23:17 - [MESSAGE][PASSED] - Object: 'Object Repository/Page_Moodle Lch Xem chi tit thng Thng Ging 2022/span__1_2_3_4' is clicked on

2022-02-13 19:23:17 - [TEST_STEP][PASSED] - click(findTestObject("Object Repository/Page_Moodle Lch Xem chi tit thng Thng Ging 2022/li_Software Engineering_1_2_3")): Object: 'Object Repository/Page_Moodle Lch Xem chi tit thng Thng Ging 2022/li_Software Engineering_1_2_3' is clicked on

2022-02-13 19:23:23 - [MESSAGE][INFO] - Unable to find the element located by 'By.xpath: //li[@id='form_autocomplete_suggestions-1642045252858-0']'. Please recheck the objects properties to make sure the desired element is located. 

2022-02-13 19:23:23 - [MESSAGE][WARNING] - [SELF-HEALING] Failed to find element with id 'Object Repository/Page_Moodle Lch Xem chi tit thng Thng Ging 2022/li_Software Engineering_1_2_3'. Try using Self-healing.

2022-02-13 19:23:24 - [MESSAGE][WARNING] - [SELF-HEALING] The current locator of test object 'Object Repository/Page_Moodle Lch Xem chi tit thng Thng Ging 2022/li_Software Engineering_1_2_3' was broken. Propose an alternative one: '(.//*[normalize-space(text()) and normalize-space(.)='▼'])[2]/following::li[1]'.

2022-02-13 19:23:24 - [MESSAGE][PASSED] - Object: 'Object Repository/Page_Moodle Lch Xem chi tit thng Thng Ging 2022/li_Software Engineering_1_2_3' is clicked on

2022-02-13 19:23:24 - [TEST_STEP][PASSED] - selectOptionByValue(findTestObject("Object Repository/Page_Moodle Lch Xem chi tit thng Thng Ging 2022/select_Software Engineering"), "3", true): All options with value '3' are selected in object 'Object Repository/Page_Moodle Lch Xem chi tit thng Thng Ging 2022/select_Software Engineering'  using regular expression

2022-02-13 19:23:25 - [MESSAGE][PASSED] - All options with value '3' are selected in object 'Object Repository/Page_Moodle Lch Xem chi tit thng Thng Ging 2022/select_Software Engineering'  using regular expression

2022-02-13 19:23:25 - [TEST_STEP][PASSED] - click(findTestObject("Object Repository/Page_Moodle Lch Xem chi tit thng Thng Ging 2022/a_Show more (3)")): Object: 'Object Repository/Page_Moodle Lch Xem chi tit thng Thng Ging 2022/a_Show more (3)' is clicked on

2022-02-13 19:23:31 - [MESSAGE][INFO] - Unable to find the element located by 'By.xpath: id("yui_3_17_2_1_1641918187444_609")[count(. | //a[@href = '#' and @class = 'moreless-toggler' and @aria-expanded = 'false' and @role = 'button' and @aria-controls = 'form-advanced-div' and @id = 'yui_3_17_2_1_1641918187444_609' and (text() = 'Show more...' or . = 'Show more...')]) = count(//a[@href = '#' and @class = 'moreless-toggler' and @aria-expanded = 'false' and @role = 'button' and @aria-controls = 'form-advanced-div' and @id = 'yui_3_17_2_1_1641918187444_609' and (text() = 'Show more...' or . = 'Show more...')])]'. Please recheck the objects properties to make sure the desired element is located. 

2022-02-13 19:23:31 - [MESSAGE][WARNING] - [SELF-HEALING] Failed to find element with id 'Object Repository/Page_Moodle Lch Xem chi tit thng Thng Ging 2022/a_Show more (3)'. Try using Self-healing.

2022-02-13 19:23:32 - [MESSAGE][WARNING] - [SELF-HEALING] The current locator of test object 'Object Repository/Page_Moodle Lch Xem chi tit thng Thng Ging 2022/a_Show more (3)' was broken. Propose an alternative one: '//a[contains(text(),'Show more...')]'.

2022-02-13 19:23:32 - [MESSAGE][PASSED] - Object: 'Object Repository/Page_Moodle Lch Xem chi tit thng Thng Ging 2022/a_Show more (3)' is clicked on

2022-02-13 19:23:32 - [TEST_STEP][PASSED] - click(findTestObject("Object Repository/Page_Moodle Lch Xem chi tit thng Thng Ging 2022/input_Ti_duration (2)")): Object: 'Object Repository/Page_Moodle Lch Xem chi tit thng Thng Ging 2022/input_Ti_duration (2)' is clicked on

2022-02-13 19:23:33 - [MESSAGE][PASSED] - Object: 'Object Repository/Page_Moodle Lch Xem chi tit thng Thng Ging 2022/input_Ti_duration (2)' is clicked on

2022-02-13 19:23:33 - [TEST_STEP][PASSED] - click(findTestObject("Object Repository/Page_Moodle Lch Xem chi tit thng Thng Ging 2022/input_Thi lng tnh bng pht_duration (1)")): Object: 'Object Repository/Page_Moodle Lch Xem chi tit thng Thng Ging 2022/input_Thi lng tnh bng pht_duration (1)' is clicked on

2022-02-13 19:23:33 - [MESSAGE][PASSED] - Object: 'Object Repository/Page_Moodle Lch Xem chi tit thng Thng Ging 2022/input_Thi lng tnh bng pht_duration (1)' is clicked on

2022-02-13 19:23:33 - [TEST_STEP][PASSED] - setText(findTestObject("Object Repository/Page_Moodle Lch Xem chi tit thng Thng Ging 2022/input_Thi lng tnh bng pht_timedurationminutes"), "120"): Text '120' is set on object 'Object Repository/Page_Moodle Lch Xem chi tit thng Thng Ging 2022/input_Thi lng tnh bng pht_timedurationminutes'

2022-02-13 19:23:34 - [MESSAGE][PASSED] - Text '120' is set on object 'Object Repository/Page_Moodle Lch Xem chi tit thng Thng Ging 2022/input_Thi lng tnh bng pht_timedurationminutes'

2022-02-13 19:23:34 - [TEST_STEP][PASSED] - click(findTestObject("Object Repository/Page_Moodle Lch Xem chi tit thng Thng Ging 2022/input_Thi lng tnh bng pht_repeat")): Object: 'Object Repository/Page_Moodle Lch Xem chi tit thng Thng Ging 2022/input_Thi lng tnh bng pht_repeat' is clicked on

2022-02-13 19:23:35 - [MESSAGE][PASSED] - Object: 'Object Repository/Page_Moodle Lch Xem chi tit thng Thng Ging 2022/input_Thi lng tnh bng pht_repeat' is clicked on

2022-02-13 19:23:35 - [TEST_STEP][PASSED] - setText(findTestObject("Object Repository/Page_Moodle Lch Xem chi tit thng Thng Ging 2022/input_Lp li hng tun, to ra tt c_repeats"), "2"): Text '2' is set on object 'Object Repository/Page_Moodle Lch Xem chi tit thng Thng Ging 2022/input_Lp li hng tun, to ra tt c_repeats'

2022-02-13 19:23:35 - [MESSAGE][PASSED] - Text '2' is set on object 'Object Repository/Page_Moodle Lch Xem chi tit thng Thng Ging 2022/input_Lp li hng tun, to ra tt c_repeats'

2022-02-13 19:23:35 - [TEST_STEP][PASSED] - click(findTestObject("Object Repository/Page_Moodle Lch Xem chi tit thng Thng Ging 2022/button_Lu (4)")): Object: 'Object Repository/Page_Moodle Lch Xem chi tit thng Thng Ging 2022/button_Lu (4)' is clicked on

2022-02-13 19:23:42 - [MESSAGE][INFO] - Unable to find the element located by 'By.xpath: //button[@id='yui_3_17_2_1_1641918187444_1345']'. Please recheck the objects properties to make sure the desired element is located. 

2022-02-13 19:23:42 - [MESSAGE][WARNING] - [SELF-HEALING] Failed to find element with id 'Object Repository/Page_Moodle Lch Xem chi tit thng Thng Ging 2022/button_Lu (4)'. Try using Self-healing.

2022-02-13 19:23:42 - [MESSAGE][WARNING] - [SELF-HEALING] The current locator of test object 'Object Repository/Page_Moodle Lch Xem chi tit thng Thng Ging 2022/button_Lu (4)' was broken. Propose an alternative one: '(.//*[normalize-space(text()) and normalize-space(.)='Lặp lại hàng tuần, tạo ra tất cả'])[1]/following::button[1]'.

2022-02-13 19:23:42 - [MESSAGE][PASSED] - Object: 'Object Repository/Page_Moodle Lch Xem chi tit thng Thng Ging 2022/button_Lu (4)' is clicked on

2022-02-13 19:23:42 - [TEST_STEP][PASSED] - verifyElementClickable(findTestObject("Page_Moodle Lch Xem chi tit thng Thng Ging 2022/button_Lu (4)")): Object 'Object Repository/Page_Moodle Lch Xem chi tit thng Thng Ging 2022/button_Lu (4)' is clickable

2022-02-13 19:23:49 - [MESSAGE][INFO] - Unable to find the element located by 'By.xpath: //button[@id='yui_3_17_2_1_1641918187444_1345']'. Please recheck the objects properties to make sure the desired element is located. 

2022-02-13 19:23:49 - [MESSAGE][WARNING] - [SELF-HEALING] Failed to find element with id 'Object Repository/Page_Moodle Lch Xem chi tit thng Thng Ging 2022/button_Lu (4)'. Try using Self-healing.

2022-02-13 19:23:49 - [MESSAGE][WARNING] - [SELF-HEALING] The current locator of test object 'Object Repository/Page_Moodle Lch Xem chi tit thng Thng Ging 2022/button_Lu (4)' was broken. Propose an alternative one: '(.//*[normalize-space(text()) and normalize-space(.)='Lặp lại hàng tuần, tạo ra tất cả'])[1]/following::button[1]'.

2022-02-13 19:23:49 - [MESSAGE][PASSED] - Object 'Object Repository/Page_Moodle Lch Xem chi tit thng Thng Ging 2022/button_Lu (4)' is clickable

2022-02-13 19:23:49 - [TEST_STEP][PASSED] - closeBrowser(): Browser is closed

2022-02-13 19:23:50 - [MESSAGE][PASSED] - Browser is closed]]></system-out>
         <system-err><![CDATA[]]></system-err>
      </testcase>
      <testcase name="Test Cases/Teacher and Grade/Grade in grade report site" time="92.585" classname="Test Cases/Teacher and Grade/Grade in grade report site" status="PASSED">
         <system-out><![CDATA[2022-02-13 19:23:50 - [TEST_CASE][PASSED] - Test Cases/Teacher and Grade/Grade in grade report site: Test Cases/Teacher and Grade/Grade in grade report site

2022-02-13 19:23:50 - [TEST_STEP][PASSED] - openBrowser(""): Browser is opened with url: ''

2022-02-13 19:23:50 - [MESSAGE][INFO] - Starting 'Edge Chromium' driver

2022-02-13 19:23:52 - [MESSAGE][INFO] - Action delay is set to 0 milliseconds

2022-02-13 19:23:53 - [MESSAGE][PASSED] - Browser is opened with url: ''

2022-02-13 19:23:53 - [TEST_STEP][PASSED] - navigateToUrl("http://localhost/"): Navigate to 'http://localhost/' successfully

2022-02-13 19:23:54 - [MESSAGE][PASSED] - Navigate to 'http://localhost/' successfully

2022-02-13 19:23:54 - [TEST_STEP][PASSED] - click(findTestObject("Object Repository/Teacher and Grade/Page_Local Moodle/a_Log in")): Object: 'Object Repository/Teacher and Grade/Page_Local Moodle/a_Log in' is clicked on

2022-02-13 19:23:55 - [MESSAGE][PASSED] - Object: 'Object Repository/Teacher and Grade/Page_Local Moodle/a_Log in' is clicked on

2022-02-13 19:23:55 - [TEST_STEP][PASSED] - setText(findTestObject("Object Repository/Teacher and Grade/Page_Local Moodle Log in to the site/input_Username_username"), "lcbinh"): Text 'lcbinh' is set on object 'Object Repository/Teacher and Grade/Page_Local Moodle Log in to the site/input_Username_username'

2022-02-13 19:23:56 - [MESSAGE][PASSED] - Text 'lcbinh' is set on object 'Object Repository/Teacher and Grade/Page_Local Moodle Log in to the site/input_Username_username'

2022-02-13 19:23:56 - [TEST_STEP][PASSED] - setEncryptedText(findTestObject("Object Repository/Admin Site/Page_Local Moodle Log in to the site/input_Password_password"), "o5TCnEIIWq0Pz0TkrK1a2rpuWvRKVWz2"): Text ****** has been set on object 'Object Repository/Admin Site/Page_Local Moodle Log in to the site/input_Password_password'

2022-02-13 19:23:56 - [MESSAGE][PASSED] - Text ****** has been set on object 'Object Repository/Admin Site/Page_Local Moodle Log in to the site/input_Password_password'

2022-02-13 19:23:56 - [TEST_STEP][PASSED] - click(findTestObject("Object Repository/Teacher and Grade/Page_Local Moodle Log in to the site/button_Log in")): Object: 'Object Repository/Teacher and Grade/Page_Local Moodle Log in to the site/button_Log in' is clicked on

2022-02-13 19:23:57 - [MESSAGE][PASSED] - Object: 'Object Repository/Teacher and Grade/Page_Local Moodle Log in to the site/button_Log in' is clicked on

2022-02-13 19:23:57 - [TEST_STEP][PASSED] - click(findTestObject("Object Repository/Teacher and Grade/Page_Nh ca ti/span_View Grade")): Object: 'Object Repository/Teacher and Grade/Page_Nh ca ti/span_View Grade' is clicked on

2022-02-13 19:24:03 - [MESSAGE][INFO] - Unable to find the element located by 'By.xpath: '. Please recheck the objects properties to make sure the desired element is located. 

2022-02-13 19:24:03 - [MESSAGE][WARNING] - [SELF-HEALING] Failed to find element with id 'Object Repository/Teacher and Grade/Page_Nh ca ti/span_View Grade'. Try using Self-healing.

2022-02-13 19:24:04 - [MESSAGE][WARNING] - [SELF-HEALING] The current locator of test object 'Object Repository/Teacher and Grade/Page_Nh ca ti/span_View Grade' was broken. Propose an alternative one: '(.//*[normalize-space(text()) and normalize-space(.)='Các khoá học của tôi'])[1]/following::span[2]'.

2022-02-13 19:24:04 - [MESSAGE][PASSED] - Object: 'Object Repository/Teacher and Grade/Page_Nh ca ti/span_View Grade' is clicked on

2022-02-13 19:24:04 - [TEST_STEP][PASSED] - click(findTestObject("Object Repository/Teacher and Grade/Page_Kha Test View Grade/a_im s")): Object: 'Object Repository/Teacher and Grade/Page_Kha Test View Grade/a_im s' is clicked on

2022-02-13 19:24:05 - [MESSAGE][PASSED] - Object: 'Object Repository/Teacher and Grade/Page_Kha Test View Grade/a_im s' is clicked on

2022-02-13 19:24:05 - [TEST_STEP][PASSED] - click(findTestObject("Object Repository/Teacher and Grade/Page_im s Xem/i_Bi tp quiz_icon fa fa-pencil fa-fw")): Object: 'Object Repository/Teacher and Grade/Page_im s Xem/i_Bi tp quiz_icon fa fa-pencil fa-fw' is clicked on

2022-02-13 19:24:12 - [MESSAGE][INFO] - Unable to find the element located by 'By.xpath: //a[@id='action_link6208cc406186b37']/i'. Please recheck the objects properties to make sure the desired element is located. 

2022-02-13 19:24:12 - [MESSAGE][WARNING] - [SELF-HEALING] Failed to find element with id 'Object Repository/Teacher and Grade/Page_im s Xem/i_Bi tp quiz_icon fa fa-pencil fa-fw'. Try using Self-healing.

2022-02-13 19:24:12 - [MESSAGE][WARNING] - [SELF-HEALING] The current locator of test object 'Object Repository/Teacher and Grade/Page_im s Xem/i_Bi tp quiz_icon fa fa-pencil fa-fw' was broken. Propose an alternative one: '//th[13]/a[3]/i'.

2022-02-13 19:24:13 - [MESSAGE][PASSED] - Object: 'Object Repository/Teacher and Grade/Page_im s Xem/i_Bi tp quiz_icon fa fa-pencil fa-fw' is clicked on

2022-02-13 19:24:13 - [TEST_STEP][PASSED] - check(findTestObject("Object Repository/Teacher and Grade/Page_im s Xem/input_Override for Student Replace_override_3_28")): Object 'Object Repository/Teacher and Grade/Page_im s Xem/input_Override for Student Replace_override_3_28' is checked

2022-02-13 19:24:19 - [MESSAGE][INFO] - Unable to find the element located by 'By.xpath: //input[@id='override_3_28']'. Please recheck the objects properties to make sure the desired element is located. 

2022-02-13 19:24:19 - [MESSAGE][WARNING] - [SELF-HEALING] Failed to find element with id 'Object Repository/Teacher and Grade/Page_im s Xem/input_Override for Student Replace_override_3_28'. Try using Self-healing.

2022-02-13 19:24:19 - [MESSAGE][WARNING] - [SELF-HEALING] The current locator of test object 'Object Repository/Teacher and Grade/Page_im s Xem/input_Override for Student Replace_override_3_28' was broken. Propose an alternative one: '//section[@id='region-main']/div/div[4]/form/table/tbody/tr/td[5]/input'.

2022-02-13 19:24:19 - [MESSAGE][PASSED] - Object 'Object Repository/Teacher and Grade/Page_im s Xem/input_Override for Student Replace_override_3_28' is checked

2022-02-13 19:24:19 - [TEST_STEP][PASSED] - setText(findTestObject("Object Repository/Teacher and Grade/Page_im s Xem/input_Grade for Student Replace_finalgrade_3_28"), "100"): Text '100' is set on object 'Object Repository/Teacher and Grade/Page_im s Xem/input_Grade for Student Replace_finalgrade_3_28'

2022-02-13 19:24:25 - [MESSAGE][INFO] - Unable to find the element located by 'By.xpath: //input[@id='finalgrade_3_28']'. Please recheck the objects properties to make sure the desired element is located. 

2022-02-13 19:24:25 - [MESSAGE][WARNING] - [SELF-HEALING] Failed to find element with id 'Object Repository/Teacher and Grade/Page_im s Xem/input_Grade for Student Replace_finalgrade_3_28'. Try using Self-healing.

2022-02-13 19:24:26 - [MESSAGE][WARNING] - [SELF-HEALING] The current locator of test object 'Object Repository/Teacher and Grade/Page_im s Xem/input_Grade for Student Replace_finalgrade_3_28' was broken. Propose an alternative one: '//td[3]/input'.

2022-02-13 19:24:32 - [MESSAGE][INFO] - Unable to find the element located by 'By.xpath: //input[@id='finalgrade_3_28']'. Please recheck the objects properties to make sure the desired element is located. 

2022-02-13 19:24:32 - [MESSAGE][WARNING] - [SELF-HEALING] Failed to find element with id 'Object Repository/Teacher and Grade/Page_im s Xem/input_Grade for Student Replace_finalgrade_3_28'. Try using Self-healing.

2022-02-13 19:24:32 - [MESSAGE][WARNING] - [SELF-HEALING] The current locator of test object 'Object Repository/Teacher and Grade/Page_im s Xem/input_Grade for Student Replace_finalgrade_3_28' was broken. Propose an alternative one: '//td[3]/input'.

2022-02-13 19:24:32 - [MESSAGE][PASSED] - Text '100' is set on object 'Object Repository/Teacher and Grade/Page_im s Xem/input_Grade for Student Replace_finalgrade_3_28'

2022-02-13 19:24:32 - [TEST_STEP][PASSED] - check(findTestObject("Object Repository/Teacher and Grade/Page_im s Xem/input_Override for Student Three_override_3_30")): Object 'Object Repository/Teacher and Grade/Page_im s Xem/input_Override for Student Three_override_3_30' is checked

2022-02-13 19:24:39 - [MESSAGE][INFO] - Unable to find the element located by 'By.xpath: //input[@id='override_3_30']'. Please recheck the objects properties to make sure the desired element is located. 

2022-02-13 19:24:39 - [MESSAGE][WARNING] - [SELF-HEALING] Failed to find element with id 'Object Repository/Teacher and Grade/Page_im s Xem/input_Override for Student Three_override_3_30'. Try using Self-healing.

2022-02-13 19:24:39 - [MESSAGE][WARNING] - [SELF-HEALING] The current locator of test object 'Object Repository/Teacher and Grade/Page_im s Xem/input_Override for Student Three_override_3_30' was broken. Propose an alternative one: '//tr[2]/td[5]/input'.

2022-02-13 19:24:39 - [MESSAGE][PASSED] - Object 'Object Repository/Teacher and Grade/Page_im s Xem/input_Override for Student Three_override_3_30' is checked

2022-02-13 19:24:39 - [TEST_STEP][PASSED] - setText(findTestObject("Object Repository/Teacher and Grade/Page_im s Xem/input_Grade for Student Three_finalgrade_3_30"), "60"): Text '60' is set on object 'Object Repository/Teacher and Grade/Page_im s Xem/input_Grade for Student Three_finalgrade_3_30'

2022-02-13 19:24:45 - [MESSAGE][INFO] - Unable to find the element located by 'By.xpath: //input[@id='finalgrade_3_30']'. Please recheck the objects properties to make sure the desired element is located. 

2022-02-13 19:24:45 - [MESSAGE][WARNING] - [SELF-HEALING] Failed to find element with id 'Object Repository/Teacher and Grade/Page_im s Xem/input_Grade for Student Three_finalgrade_3_30'. Try using Self-healing.

2022-02-13 19:24:46 - [MESSAGE][WARNING] - [SELF-HEALING] The current locator of test object 'Object Repository/Teacher and Grade/Page_im s Xem/input_Grade for Student Three_finalgrade_3_30' was broken. Propose an alternative one: '//tr[2]/td[3]/input'.

2022-02-13 19:24:52 - [MESSAGE][INFO] - Unable to find the element located by 'By.xpath: //input[@id='finalgrade_3_30']'. Please recheck the objects properties to make sure the desired element is located. 

2022-02-13 19:24:52 - [MESSAGE][WARNING] - [SELF-HEALING] Failed to find element with id 'Object Repository/Teacher and Grade/Page_im s Xem/input_Grade for Student Three_finalgrade_3_30'. Try using Self-healing.

2022-02-13 19:24:52 - [MESSAGE][WARNING] - [SELF-HEALING] The current locator of test object 'Object Repository/Teacher and Grade/Page_im s Xem/input_Grade for Student Three_finalgrade_3_30' was broken. Propose an alternative one: '//tr[2]/td[3]/input'.

2022-02-13 19:24:52 - [MESSAGE][PASSED] - Text '60' is set on object 'Object Repository/Teacher and Grade/Page_im s Xem/input_Grade for Student Three_finalgrade_3_30'

2022-02-13 19:24:52 - [TEST_STEP][PASSED] - check(findTestObject("Object Repository/Teacher and Grade/Page_im s Xem/input_Override for Student Two_override_3_29")): Object 'Object Repository/Teacher and Grade/Page_im s Xem/input_Override for Student Two_override_3_29' is checked

2022-02-13 19:24:58 - [MESSAGE][INFO] - Unable to find the element located by 'By.xpath: //input[@id='override_3_29']'. Please recheck the objects properties to make sure the desired element is located. 

2022-02-13 19:24:58 - [MESSAGE][WARNING] - [SELF-HEALING] Failed to find element with id 'Object Repository/Teacher and Grade/Page_im s Xem/input_Override for Student Two_override_3_29'. Try using Self-healing.

2022-02-13 19:24:59 - [MESSAGE][WARNING] - [SELF-HEALING] The current locator of test object 'Object Repository/Teacher and Grade/Page_im s Xem/input_Override for Student Two_override_3_29' was broken. Propose an alternative one: '//tr[3]/td[5]/input'.

2022-02-13 19:24:59 - [MESSAGE][PASSED] - Object 'Object Repository/Teacher and Grade/Page_im s Xem/input_Override for Student Two_override_3_29' is checked

2022-02-13 19:24:59 - [TEST_STEP][PASSED] - setText(findTestObject("Object Repository/Teacher and Grade/Page_im s Xem/input_Grade for Student Two_finalgrade_3_29"), "25"): Text '25' is set on object 'Object Repository/Teacher and Grade/Page_im s Xem/input_Grade for Student Two_finalgrade_3_29'

2022-02-13 19:25:05 - [MESSAGE][INFO] - Unable to find the element located by 'By.xpath: //input[@id='finalgrade_3_29']'. Please recheck the objects properties to make sure the desired element is located. 

2022-02-13 19:25:05 - [MESSAGE][WARNING] - [SELF-HEALING] Failed to find element with id 'Object Repository/Teacher and Grade/Page_im s Xem/input_Grade for Student Two_finalgrade_3_29'. Try using Self-healing.

2022-02-13 19:25:05 - [MESSAGE][WARNING] - [SELF-HEALING] The current locator of test object 'Object Repository/Teacher and Grade/Page_im s Xem/input_Grade for Student Two_finalgrade_3_29' was broken. Propose an alternative one: '//tr[3]/td[3]/input'.

2022-02-13 19:25:11 - [MESSAGE][INFO] - Unable to find the element located by 'By.xpath: //input[@id='finalgrade_3_29']'. Please recheck the objects properties to make sure the desired element is located. 

2022-02-13 19:25:11 - [MESSAGE][WARNING] - [SELF-HEALING] Failed to find element with id 'Object Repository/Teacher and Grade/Page_im s Xem/input_Grade for Student Two_finalgrade_3_29'. Try using Self-healing.

2022-02-13 19:25:12 - [MESSAGE][WARNING] - [SELF-HEALING] The current locator of test object 'Object Repository/Teacher and Grade/Page_im s Xem/input_Grade for Student Two_finalgrade_3_29' was broken. Propose an alternative one: '//tr[3]/td[3]/input'.

2022-02-13 19:25:12 - [MESSAGE][PASSED] - Text '25' is set on object 'Object Repository/Teacher and Grade/Page_im s Xem/input_Grade for Student Two_finalgrade_3_29'

2022-02-13 19:25:12 - [TEST_STEP][PASSED] - click(findTestObject("Object Repository/Teacher and Grade/Page_im s Xem/input_Insert value_btn btn-secondary")): Object: 'Object Repository/Teacher and Grade/Page_im s Xem/input_Insert value_btn btn-secondary' is clicked on

2022-02-13 19:25:12 - [MESSAGE][PASSED] - Object: 'Object Repository/Teacher and Grade/Page_im s Xem/input_Insert value_btn btn-secondary' is clicked on

2022-02-13 19:25:12 - [TEST_STEP][PASSED] - click(findTestObject("Object Repository/Teacher and Grade/Page_Saving grades/button_Tip tc")): Object: 'Object Repository/Teacher and Grade/Page_Saving grades/button_Tip tc' is clicked on

2022-02-13 19:25:19 - [MESSAGE][INFO] - Unable to find the element located by 'By.xpath: //button[@id='single_button61dc5970393933']'. Please recheck the objects properties to make sure the desired element is located. 

2022-02-13 19:25:19 - [MESSAGE][WARNING] - [SELF-HEALING] Failed to find element with id 'Object Repository/Teacher and Grade/Page_Saving grades/button_Tip tc'. Try using Self-healing.

2022-02-13 19:25:19 - [MESSAGE][WARNING] - [SELF-HEALING] The current locator of test object 'Object Repository/Teacher and Grade/Page_Saving grades/button_Tip tc' was broken. Propose an alternative one: '//div[@id='page']/section/div/div[3]/form/button'.

2022-02-13 19:25:19 - [MESSAGE][PASSED] - Object: 'Object Repository/Teacher and Grade/Page_Saving grades/button_Tip tc' is clicked on

2022-02-13 19:25:19 - [TEST_STEP][PASSED] - click(findTestObject("Object Repository/Teacher and Grade/Page_im s Xem/a_Grader report")): Object: 'Object Repository/Teacher and Grade/Page_im s Xem/a_Grader report' is clicked on

2022-02-13 19:25:20 - [MESSAGE][PASSED] - Object: 'Object Repository/Teacher and Grade/Page_im s Xem/a_Grader report' is clicked on

2022-02-13 19:25:20 - [TEST_STEP][PASSED] - verifyElementText(findTestObject("Object Repository/Teacher and Grade/Page_im s Xem/span_100,00"), "100,00"): Actual text and expected text of test object 'Object Repository/Teacher and Grade/Page_im s Xem/span_100,00' are matched.

2022-02-13 19:25:21 - [MESSAGE][PASSED] - Actual text and expected text of test object 'Object Repository/Teacher and Grade/Page_im s Xem/span_100,00' are matched.

2022-02-13 19:25:21 - [TEST_STEP][PASSED] - verifyElementText(findTestObject("Object Repository/Teacher and Grade/Page_im s Xem/span_60,00"), "60,00"): Actual text and expected text of test object 'Object Repository/Teacher and Grade/Page_im s Xem/span_60,00' are matched.

2022-02-13 19:25:21 - [MESSAGE][PASSED] - Actual text and expected text of test object 'Object Repository/Teacher and Grade/Page_im s Xem/span_60,00' are matched.

2022-02-13 19:25:21 - [TEST_STEP][PASSED] - verifyElementText(findTestObject("Object Repository/Teacher and Grade/Page_im s Xem/span_25,00"), "25,00"): Actual text and expected text of test object 'Object Repository/Teacher and Grade/Page_im s Xem/span_25,00' are matched.

2022-02-13 19:25:21 - [MESSAGE][PASSED] - Actual text and expected text of test object 'Object Repository/Teacher and Grade/Page_im s Xem/span_25,00' are matched.

2022-02-13 19:25:21 - [TEST_STEP][PASSED] - closeBrowser(): Browser is closed

2022-02-13 19:25:22 - [MESSAGE][PASSED] - Browser is closed]]></system-out>
         <system-err><![CDATA[]]></system-err>
      </testcase>
      <testcase name="Test Cases/Student enroll course/Enroll Course With Password" time="41.791" classname="Test Cases/Student enroll course/Enroll Course With Password" status="PASSED">
         <system-out><![CDATA[2022-02-13 19:25:22 - [TEST_CASE][PASSED] - Test Cases/Student enroll course/Enroll Course With Password: Test Cases/Student enroll course/Enroll Course With Password

2022-02-13 19:25:22 - [TEST_STEP][PASSED] - openBrowser(""): Browser is opened with url: ''

2022-02-13 19:25:23 - [MESSAGE][INFO] - Starting 'Edge Chromium' driver

2022-02-13 19:25:25 - [MESSAGE][INFO] - Action delay is set to 0 milliseconds

2022-02-13 19:25:25 - [MESSAGE][PASSED] - Browser is opened with url: ''

2022-02-13 19:25:25 - [TEST_STEP][PASSED] - navigateToUrl("http://localhost/"): Navigate to 'http://localhost/' successfully

2022-02-13 19:25:26 - [MESSAGE][PASSED] - Navigate to 'http://localhost/' successfully

2022-02-13 19:25:26 - [TEST_STEP][PASSED] - click(findTestObject("Object Repository/Page_Local Moodle/a_Log in (22)")): Object: 'Object Repository/Page_Local Moodle/a_Log in (22)' is clicked on

2022-02-13 19:25:27 - [MESSAGE][PASSED] - Object: 'Object Repository/Page_Local Moodle/a_Log in (22)' is clicked on

2022-02-13 19:25:27 - [TEST_STEP][PASSED] - setText(findTestObject("Object Repository/Page_Local Moodle Log in to the site/input_Username_username (22)"), "hocvien"): Text 'hocvien' is set on object 'Object Repository/Page_Local Moodle Log in to the site/input_Username_username (22)'

2022-02-13 19:25:28 - [MESSAGE][PASSED] - Text 'hocvien' is set on object 'Object Repository/Page_Local Moodle Log in to the site/input_Username_username (22)'

2022-02-13 19:25:28 - [TEST_STEP][PASSED] - setEncryptedText(findTestObject("Object Repository/Page_Local Moodle Log in to the site/input_Password_password (22)"), "e0iuw4o+VG38P/PfCbIZUw=="): Text ****** has been set on object 'Object Repository/Page_Local Moodle Log in to the site/input_Password_password (22)'

2022-02-13 19:25:28 - [MESSAGE][PASSED] - Text ****** has been set on object 'Object Repository/Page_Local Moodle Log in to the site/input_Password_password (22)'

2022-02-13 19:25:28 - [TEST_STEP][PASSED] - click(findTestObject("Object Repository/Page_Local Moodle Log in to the site/button_Log in (22)")): Object: 'Object Repository/Page_Local Moodle Log in to the site/button_Log in (22)' is clicked on

2022-02-13 19:25:30 - [MESSAGE][PASSED] - Object: 'Object Repository/Page_Local Moodle Log in to the site/button_Log in (22)' is clicked on

2022-02-13 19:25:30 - [TEST_STEP][PASSED] - click(findTestObject("Object Repository/Page_Nh ca ti/span_Trang ch h thng (1)")): Object: 'Object Repository/Page_Nh ca ti/span_Trang ch h thng (1)' is clicked on

2022-02-13 19:25:31 - [MESSAGE][PASSED] - Object: 'Object Repository/Page_Nh ca ti/span_Trang ch h thng (1)' is clicked on

2022-02-13 19:25:31 - [TEST_STEP][PASSED] - click(findTestObject("Object Repository/Page_Local Moodle/a_Software Engineering 3")): Object: 'Object Repository/Page_Local Moodle/a_Software Engineering 3' is clicked on

2022-02-13 19:25:32 - [MESSAGE][PASSED] - Object: 'Object Repository/Page_Local Moodle/a_Software Engineering 3' is clicked on

2022-02-13 19:25:32 - [TEST_STEP][PASSED] - setEncryptedText(findTestObject("Object Repository/Page_SE3/input_Mt khu ng k_enrolpassword"), "tzH6RvlfSTg="): Text ****** has been set on object 'Object Repository/Page_SE3/input_Mt khu ng k_enrolpassword'

2022-02-13 19:25:38 - [MESSAGE][INFO] - Unable to find the element located by 'By.xpath: //input[@id='enrolpassword_10']'. Please recheck the objects properties to make sure the desired element is located. 

2022-02-13 19:25:38 - [MESSAGE][WARNING] - [SELF-HEALING] Failed to find element with id 'Object Repository/Page_SE3/input_Mt khu ng k_enrolpassword'. Try using Self-healing.

2022-02-13 19:25:39 - [MESSAGE][WARNING] - [SELF-HEALING] The current locator of test object 'Object Repository/Page_SE3/input_Mt khu ng k_enrolpassword' was broken. Propose an alternative one: '//div[2]/input'.

2022-02-13 19:25:39 - [MESSAGE][PASSED] - Text ****** has been set on object 'Object Repository/Page_SE3/input_Mt khu ng k_enrolpassword'

2022-02-13 19:25:39 - [TEST_STEP][PASSED] - verifyElementClickable(findTestObject("Object Repository/Page_SE3/input_Mt khu ng k_submitbutton")): Object 'Object Repository/Page_SE3/input_Mt khu ng k_submitbutton' is clickable

2022-02-13 19:25:39 - [MESSAGE][PASSED] - Object 'Object Repository/Page_SE3/input_Mt khu ng k_submitbutton' is clickable

2022-02-13 19:25:39 - [TEST_STEP][PASSED] - click(findTestObject("Object Repository/Page_SE3/input_Mt khu ng k_submitbutton")): Object: 'Object Repository/Page_SE3/input_Mt khu ng k_submitbutton' is clicked on

2022-02-13 19:25:42 - [MESSAGE][PASSED] - Object: 'Object Repository/Page_SE3/input_Mt khu ng k_submitbutton' is clicked on

2022-02-13 19:25:42 - [TEST_STEP][PASSED] - click(findTestObject("Object Repository/Page_Kha Software Engineering 3/a_Software Engineering 3_action-menu-toggle-2")): Object: 'Object Repository/Page_Kha Software Engineering 3/a_Software Engineering 3_action-menu-toggle-2' is clicked on

2022-02-13 19:25:43 - [MESSAGE][PASSED] - Object: 'Object Repository/Page_Kha Software Engineering 3/a_Software Engineering 3_action-menu-toggle-2' is clicked on

2022-02-13 19:25:43 - [TEST_STEP][PASSED] - verifyElementClickable(findTestObject("Object Repository/Page_Kha Software Engineering 3/a_Rt tn ti khi kho hc SE3")): Object 'Object Repository/Page_Kha Software Engineering 3/a_Rt tn ti khi kho hc SE3' is clickable

2022-02-13 19:25:49 - [MESSAGE][INFO] - Unable to find the element located by 'By.xpath: //a[@id='action_link61df954ab14a415']'. Please recheck the objects properties to make sure the desired element is located. 

2022-02-13 19:25:49 - [MESSAGE][WARNING] - [SELF-HEALING] Failed to find element with id 'Object Repository/Page_Kha Software Engineering 3/a_Rt tn ti khi kho hc SE3'. Try using Self-healing.

2022-02-13 19:25:49 - [MESSAGE][WARNING] - [SELF-HEALING] The current locator of test object 'Object Repository/Page_Kha Software Engineering 3/a_Rt tn ti khi kho hc SE3' was broken. Propose an alternative one: '//div[@id='action-menu-2-menu']/div/a'.

2022-02-13 19:25:49 - [MESSAGE][PASSED] - Object 'Object Repository/Page_Kha Software Engineering 3/a_Rt tn ti khi kho hc SE3' is clickable

2022-02-13 19:25:49 - [TEST_STEP][PASSED] - click(findTestObject("Object Repository/Page_Kha Software Engineering 3/a_Rt tn ti khi kho hc SE3")): Object: 'Object Repository/Page_Kha Software Engineering 3/a_Rt tn ti khi kho hc SE3' is clicked on

2022-02-13 19:25:55 - [MESSAGE][INFO] - Unable to find the element located by 'By.xpath: //a[@id='action_link61df954ab14a415']'. Please recheck the objects properties to make sure the desired element is located. 

2022-02-13 19:25:55 - [MESSAGE][WARNING] - [SELF-HEALING] Failed to find element with id 'Object Repository/Page_Kha Software Engineering 3/a_Rt tn ti khi kho hc SE3'. Try using Self-healing.

2022-02-13 19:25:56 - [MESSAGE][WARNING] - [SELF-HEALING] The current locator of test object 'Object Repository/Page_Kha Software Engineering 3/a_Rt tn ti khi kho hc SE3' was broken. Propose an alternative one: '//div[@id='action-menu-2-menu']/div/a'.

2022-02-13 19:25:56 - [MESSAGE][PASSED] - Object: 'Object Repository/Page_Kha Software Engineering 3/a_Rt tn ti khi kho hc SE3' is clicked on

2022-02-13 19:25:56 - [TEST_STEP][PASSED] - navigateToUrl("http://localhost/enrol/self/unenrolself.php?enrolid=12"): Navigate to 'http://localhost/enrol/self/unenrolself.php?enrolid=12' successfully

2022-02-13 19:25:56 - [MESSAGE][PASSED] - Navigate to 'http://localhost/enrol/self/unenrolself.php?enrolid=12' successfully

2022-02-13 19:25:56 - [TEST_STEP][PASSED] - click(findTestObject("Object Repository/Page_T ng k (Hc vin)/button_Tip tc")): Object: 'Object Repository/Page_T ng k (Hc vin)/button_Tip tc' is clicked on

2022-02-13 19:26:02 - [MESSAGE][INFO] - Unable to find the element located by 'By.xpath: //button[@id='single_button61df955b6a6e218']'. Please recheck the objects properties to make sure the desired element is located. 

2022-02-13 19:26:02 - [MESSAGE][WARNING] - [SELF-HEALING] Failed to find element with id 'Object Repository/Page_T ng k (Hc vin)/button_Tip tc'. Try using Self-healing.

2022-02-13 19:26:03 - [MESSAGE][WARNING] - [SELF-HEALING] The current locator of test object 'Object Repository/Page_T ng k (Hc vin)/button_Tip tc' was broken. Propose an alternative one: '//div[@id='modal-footer']/div/div/form/button'.

2022-02-13 19:26:03 - [MESSAGE][PASSED] - Object: 'Object Repository/Page_T ng k (Hc vin)/button_Tip tc' is clicked on

2022-02-13 19:26:03 - [TEST_STEP][PASSED] - closeBrowser(): Browser is closed

2022-02-13 19:26:04 - [MESSAGE][PASSED] - Browser is closed]]></system-out>
         <system-err><![CDATA[]]></system-err>
      </testcase>
      <testcase name="Test Cases/Students check events on calendar/Asignment event" time="110.648" classname="Test Cases/Students check events on calendar/Asignment event" status="PASSED">
         <system-out><![CDATA[2022-02-13 19:26:04 - [TEST_CASE][PASSED] - Test Cases/Students check events on calendar/Asignment event: Test Cases/Students check events on calendar/Asignment event

2022-02-13 19:26:04 - [TEST_STEP][PASSED] - openBrowser(""): Browser is opened with url: ''

2022-02-13 19:26:04 - [MESSAGE][INFO] - Starting 'Edge Chromium' driver

2022-02-13 19:26:07 - [MESSAGE][INFO] - Action delay is set to 0 milliseconds

2022-02-13 19:26:07 - [MESSAGE][PASSED] - Browser is opened with url: ''

2022-02-13 19:26:07 - [TEST_STEP][PASSED] - navigateToUrl("http://localhost/"): Navigate to 'http://localhost/' successfully

2022-02-13 19:26:08 - [MESSAGE][PASSED] - Navigate to 'http://localhost/' successfully

2022-02-13 19:26:08 - [TEST_STEP][PASSED] - click(findTestObject("Object Repository/Students check events on calendar/Page_Local Moodle/a_Log in")): Object: 'Object Repository/Students check events on calendar/Page_Local Moodle/a_Log in' is clicked on

2022-02-13 19:26:09 - [MESSAGE][PASSED] - Object: 'Object Repository/Students check events on calendar/Page_Local Moodle/a_Log in' is clicked on

2022-02-13 19:26:09 - [TEST_STEP][PASSED] - setText(findTestObject("Object Repository/Students check events on calendar/Page_Local Moodle Log in to the site/input_Username_username"), "gv01"): Text 'gv01' is set on object 'Object Repository/Students check events on calendar/Page_Local Moodle Log in to the site/input_Username_username'

2022-02-13 19:26:10 - [MESSAGE][PASSED] - Text 'gv01' is set on object 'Object Repository/Students check events on calendar/Page_Local Moodle Log in to the site/input_Username_username'

2022-02-13 19:26:10 - [TEST_STEP][PASSED] - setEncryptedText(findTestObject("Object Repository/Students check events on calendar/Page_Local Moodle Log in to the site/input_Password_password"), "RigbBhfdqOAWw2eOk0+aVg=="): Text ****** has been set on object 'Object Repository/Students check events on calendar/Page_Local Moodle Log in to the site/input_Password_password'

2022-02-13 19:26:10 - [MESSAGE][PASSED] - Text ****** has been set on object 'Object Repository/Students check events on calendar/Page_Local Moodle Log in to the site/input_Password_password'

2022-02-13 19:26:10 - [TEST_STEP][PASSED] - click(findTestObject("Object Repository/Students check events on calendar/Page_Local Moodle Log in to the site/button_Log in")): Object: 'Object Repository/Students check events on calendar/Page_Local Moodle Log in to the site/button_Log in' is clicked on

2022-02-13 19:26:12 - [MESSAGE][PASSED] - Object: 'Object Repository/Students check events on calendar/Page_Local Moodle Log in to the site/button_Log in' is clicked on

2022-02-13 19:26:12 - [TEST_STEP][PASSED] - verifyElementClickable(findTestObject("Object Repository/Students check events on calendar/Page_Nh ca ti/span_Nhp mn cng ngh phn mm")): Object 'Object Repository/Students check events on calendar/Page_Nh ca ti/span_Nhp mn cng ngh phn mm' is clickable

2022-02-13 19:26:18 - [MESSAGE][INFO] - Unable to find the element located by 'By.xpath: //div[@id='course-info-container-20-8']/div/div/a/span[3]'. Please recheck the objects properties to make sure the desired element is located. 

2022-02-13 19:26:18 - [MESSAGE][WARNING] - [SELF-HEALING] Failed to find element with id 'Object Repository/Students check events on calendar/Page_Nh ca ti/span_Nhp mn cng ngh phn mm'. Try using Self-healing.

2022-02-13 19:26:18 - [MESSAGE][WARNING] - [SELF-HEALING] The current locator of test object 'Object Repository/Students check events on calendar/Page_Nh ca ti/span_Nhp mn cng ngh phn mm' was broken. Propose an alternative one: '(.//*[normalize-space(text()) and normalize-space(.)='Tên khóa học'])[1]/following::span[1]'.

2022-02-13 19:26:18 - [MESSAGE][PASSED] - Object 'Object Repository/Students check events on calendar/Page_Nh ca ti/span_Nhp mn cng ngh phn mm' is clickable

2022-02-13 19:26:18 - [TEST_STEP][PASSED] - click(findTestObject("Object Repository/Students check events on calendar/Page_Nh ca ti/span_Nhp mn cng ngh phn mm")): Object: 'Object Repository/Students check events on calendar/Page_Nh ca ti/span_Nhp mn cng ngh phn mm' is clicked on

2022-02-13 19:26:24 - [MESSAGE][INFO] - Unable to find the element located by 'By.xpath: //div[@id='course-info-container-20-8']/div/div/a/span[3]'. Please recheck the objects properties to make sure the desired element is located. 

2022-02-13 19:26:24 - [MESSAGE][WARNING] - [SELF-HEALING] Failed to find element with id 'Object Repository/Students check events on calendar/Page_Nh ca ti/span_Nhp mn cng ngh phn mm'. Try using Self-healing.

2022-02-13 19:26:25 - [MESSAGE][WARNING] - [SELF-HEALING] The current locator of test object 'Object Repository/Students check events on calendar/Page_Nh ca ti/span_Nhp mn cng ngh phn mm' was broken. Propose an alternative one: '(.//*[normalize-space(text()) and normalize-space(.)='Tên khóa học'])[1]/following::span[1]'.

2022-02-13 19:26:25 - [MESSAGE][PASSED] - Object: 'Object Repository/Students check events on calendar/Page_Nh ca ti/span_Nhp mn cng ngh phn mm' is clicked on

2022-02-13 19:26:25 - [TEST_STEP][PASSED] - verifyElementClickable(findTestObject("Object Repository/Students check events on calendar/Page_Kha Nhp mn cng ngh phn mm/button_Bt ch  chnh sa")): Object 'Object Repository/Students check events on calendar/Page_Kha Nhp mn cng ngh phn mm/button_Bt ch  chnh sa' is clickable

2022-02-13 19:26:31 - [MESSAGE][INFO] - Unable to find the element located by 'By.xpath: //button[@id='single_button61e174d8acd921']'. Please recheck the objects properties to make sure the desired element is located. 

2022-02-13 19:26:31 - [MESSAGE][WARNING] - [SELF-HEALING] Failed to find element with id 'Object Repository/Students check events on calendar/Page_Kha Nhp mn cng ngh phn mm/button_Bt ch  chnh sa'. Try using Self-healing.

2022-02-13 19:26:32 - [MESSAGE][WARNING] - [SELF-HEALING] The current locator of test object 'Object Repository/Students check events on calendar/Page_Kha Nhp mn cng ngh phn mm/button_Bt ch  chnh sa' was broken. Propose an alternative one: '(.//*[normalize-space(text()) and normalize-space(.)='NMCNPM1'])[2]/following::button[1]'.

2022-02-13 19:26:32 - [MESSAGE][PASSED] - Object 'Object Repository/Students check events on calendar/Page_Kha Nhp mn cng ngh phn mm/button_Bt ch  chnh sa' is clickable

2022-02-13 19:26:32 - [TEST_STEP][PASSED] - verifyElementText(findTestObject("Object Repository/Students check events on calendar/Page_Kha Nhp mn cng ngh phn mm/button_Bt ch  chnh sa"), "Bật chế độ chỉnh sửa"): Actual text and expected text of test object 'Object Repository/Students check events on calendar/Page_Kha Nhp mn cng ngh phn mm/button_Bt ch  chnh sa' are matched.

2022-02-13 19:26:38 - [MESSAGE][INFO] - Unable to find the element located by 'By.xpath: //button[@id='single_button61e174d8acd921']'. Please recheck the objects properties to make sure the desired element is located. 

2022-02-13 19:26:38 - [MESSAGE][WARNING] - [SELF-HEALING] Failed to find element with id 'Object Repository/Students check events on calendar/Page_Kha Nhp mn cng ngh phn mm/button_Bt ch  chnh sa'. Try using Self-healing.

2022-02-13 19:26:38 - [MESSAGE][WARNING] - [SELF-HEALING] The current locator of test object 'Object Repository/Students check events on calendar/Page_Kha Nhp mn cng ngh phn mm/button_Bt ch  chnh sa' was broken. Propose an alternative one: '(.//*[normalize-space(text()) and normalize-space(.)='NMCNPM1'])[2]/following::button[1]'.

2022-02-13 19:26:38 - [MESSAGE][PASSED] - Actual text and expected text of test object 'Object Repository/Students check events on calendar/Page_Kha Nhp mn cng ngh phn mm/button_Bt ch  chnh sa' are matched.

2022-02-13 19:26:38 - [TEST_STEP][PASSED] - click(findTestObject("Object Repository/Students check events on calendar/Page_Kha Nhp mn cng ngh phn mm/button_Bt ch  chnh sa")): Object: 'Object Repository/Students check events on calendar/Page_Kha Nhp mn cng ngh phn mm/button_Bt ch  chnh sa' is clicked on

2022-02-13 19:26:44 - [MESSAGE][INFO] - Unable to find the element located by 'By.xpath: //button[@id='single_button61e174d8acd921']'. Please recheck the objects properties to make sure the desired element is located. 

2022-02-13 19:26:44 - [MESSAGE][WARNING] - [SELF-HEALING] Failed to find element with id 'Object Repository/Students check events on calendar/Page_Kha Nhp mn cng ngh phn mm/button_Bt ch  chnh sa'. Try using Self-healing.

2022-02-13 19:26:45 - [MESSAGE][WARNING] - [SELF-HEALING] The current locator of test object 'Object Repository/Students check events on calendar/Page_Kha Nhp mn cng ngh phn mm/button_Bt ch  chnh sa' was broken. Propose an alternative one: '(.//*[normalize-space(text()) and normalize-space(.)='NMCNPM1'])[2]/following::button[1]'.

2022-02-13 19:26:45 - [MESSAGE][PASSED] - Object: 'Object Repository/Students check events on calendar/Page_Kha Nhp mn cng ngh phn mm/button_Bt ch  chnh sa' is clicked on

2022-02-13 19:26:45 - [TEST_STEP][PASSED] - verifyElementText(findTestObject("Object Repository/Students check events on calendar/Page_Kha Nhp mn cng ngh phn mm/span_Thm hot ng hoc ti nguyn"), "Thêm hoạt động hoặc tài nguyên"): Actual text and expected text of test object 'Object Repository/Students check events on calendar/Page_Kha Nhp mn cng ngh phn mm/span_Thm hot ng hoc ti nguyn' are matched.

2022-02-13 19:26:51 - [MESSAGE][INFO] - Unable to find the element located by 'By.xpath: //span[@id='yui_3_17_2_1_1642165488702_701']'. Please recheck the objects properties to make sure the desired element is located. 

2022-02-13 19:26:51 - [MESSAGE][WARNING] - [SELF-HEALING] Failed to find element with id 'Object Repository/Students check events on calendar/Page_Kha Nhp mn cng ngh phn mm/span_Thm hot ng hoc ti nguyn'. Try using Self-healing.

2022-02-13 19:26:51 - [MESSAGE][WARNING] - [SELF-HEALING] The current locator of test object 'Object Repository/Students check events on calendar/Page_Kha Nhp mn cng ngh phn mm/span_Thm hot ng hoc ti nguyn' was broken. Propose an alternative one: '(.//*[normalize-space(text()) and normalize-space(.)='Thêm tập tin ở đây'])[1]/following::span[1]'.

2022-02-13 19:26:51 - [MESSAGE][PASSED] - Actual text and expected text of test object 'Object Repository/Students check events on calendar/Page_Kha Nhp mn cng ngh phn mm/span_Thm hot ng hoc ti nguyn' are matched.

2022-02-13 19:26:51 - [TEST_STEP][PASSED] - click(findTestObject("Object Repository/Students check events on calendar/Page_Kha Nhp mn cng ngh phn mm/span_Thm hot ng hoc ti nguyn")): Object: 'Object Repository/Students check events on calendar/Page_Kha Nhp mn cng ngh phn mm/span_Thm hot ng hoc ti nguyn' is clicked on

2022-02-13 19:26:58 - [MESSAGE][INFO] - Unable to find the element located by 'By.xpath: //span[@id='yui_3_17_2_1_1642165488702_701']'. Please recheck the objects properties to make sure the desired element is located. 

2022-02-13 19:26:58 - [MESSAGE][WARNING] - [SELF-HEALING] Failed to find element with id 'Object Repository/Students check events on calendar/Page_Kha Nhp mn cng ngh phn mm/span_Thm hot ng hoc ti nguyn'. Try using Self-healing.

2022-02-13 19:26:58 - [MESSAGE][WARNING] - [SELF-HEALING] The current locator of test object 'Object Repository/Students check events on calendar/Page_Kha Nhp mn cng ngh phn mm/span_Thm hot ng hoc ti nguyn' was broken. Propose an alternative one: '(.//*[normalize-space(text()) and normalize-space(.)='Thêm tập tin ở đây'])[1]/following::span[1]'.

2022-02-13 19:26:58 - [MESSAGE][PASSED] - Object: 'Object Repository/Students check events on calendar/Page_Kha Nhp mn cng ngh phn mm/span_Thm hot ng hoc ti nguyn' is clicked on

2022-02-13 19:26:58 - [TEST_STEP][PASSED] - verifyElementClickable(findTestObject("Object Repository/Students check events on calendar/Page_Kha Nhp mn cng ngh phn mm/div_Bi tp")): Object 'Object Repository/Students check events on calendar/Page_Kha Nhp mn cng ngh phn mm/div_Bi tp' is clickable

2022-02-13 19:26:59 - [MESSAGE][PASSED] - Object 'Object Repository/Students check events on calendar/Page_Kha Nhp mn cng ngh phn mm/div_Bi tp' is clickable

2022-02-13 19:26:59 - [TEST_STEP][PASSED] - verifyElementText(findTestObject("Object Repository/Students check events on calendar/Page_Kha Nhp mn cng ngh phn mm/div_Bi tp"), "Bài tập"): Actual text and expected text of test object 'Object Repository/Students check events on calendar/Page_Kha Nhp mn cng ngh phn mm/div_Bi tp' are matched.

2022-02-13 19:27:00 - [MESSAGE][PASSED] - Actual text and expected text of test object 'Object Repository/Students check events on calendar/Page_Kha Nhp mn cng ngh phn mm/div_Bi tp' are matched.

2022-02-13 19:27:00 - [TEST_STEP][PASSED] - click(findTestObject("Object Repository/Students check events on calendar/Page_Kha Nhp mn cng ngh phn mm/div_Bi tp")): Object: 'Object Repository/Students check events on calendar/Page_Kha Nhp mn cng ngh phn mm/div_Bi tp' is clicked on

2022-02-13 19:27:01 - [MESSAGE][PASSED] - Object: 'Object Repository/Students check events on calendar/Page_Kha Nhp mn cng ngh phn mm/div_Bi tp' is clicked on

2022-02-13 19:27:01 - [TEST_STEP][PASSED] - setText(findTestObject("Object Repository/Students check events on calendar/Page_Bin son Bi tp/input_Tn bi tp_name"), "Bài tập quiz"): Text 'Bài tập quiz' is set on object 'Object Repository/Students check events on calendar/Page_Bin son Bi tp/input_Tn bi tp_name'

2022-02-13 19:27:02 - [MESSAGE][PASSED] - Text 'Bài tập quiz' is set on object 'Object Repository/Students check events on calendar/Page_Bin son Bi tp/input_Tn bi tp_name'

2022-02-13 19:27:02 - [TEST_STEP][PASSED] - click(findTestObject("Object Repository/Students check events on calendar/Page_Bin son Bi tp/p_Kim tra tnh nng")): Object: 'Object Repository/Students check events on calendar/Page_Bin son Bi tp/p_Kim tra tnh nng' is clicked on

2022-02-13 19:27:03 - [MESSAGE][PASSED] - Object: 'Object Repository/Students check events on calendar/Page_Bin son Bi tp/p_Kim tra tnh nng' is clicked on

2022-02-13 19:27:03 - [TEST_STEP][PASSED] - setText(findTestObject("Object Repository/Students check events on calendar/Page_Bin son Bi tp/div_Kim tra tnh nng"), "Kiểm tra tính năng"): Text 'Kiểm tra tính năng' is set on object 'Object Repository/Students check events on calendar/Page_Bin son Bi tp/div_Kim tra tnh nng'

2022-02-13 19:27:04 - [MESSAGE][PASSED] - Text 'Kiểm tra tính năng' is set on object 'Object Repository/Students check events on calendar/Page_Bin son Bi tp/div_Kim tra tnh nng'

2022-02-13 19:27:04 - [TEST_STEP][PASSED] - selectOptionByValue(findTestObject("Object Repository/Students check events on calendar/Page_Bin son Bi tp/select_1        2        3        4        _45ea30"), "14", true): All options with value '14' are selected in object 'Object Repository/Students check events on calendar/Page_Bin son Bi tp/select_1        2        3        4        _45ea30'  using regular expression

2022-02-13 19:27:10 - [MESSAGE][INFO] - Unable to find the element located by 'By.xpath: '. Please recheck the objects properties to make sure the desired element is located. 

2022-02-13 19:27:10 - [MESSAGE][WARNING] - [SELF-HEALING] Failed to find element with id 'Object Repository/Students check events on calendar/Page_Bin son Bi tp/select_1        2        3        4        _45ea30'. Try using Self-healing.

2022-02-13 19:27:10 - [MESSAGE][WARNING] - [SELF-HEALING] The current locator of test object 'Object Repository/Students check events on calendar/Page_Bin son Bi tp/select_1        2        3        4        _45ea30' was broken. Propose an alternative one: '//select[@id='id_duedate_day']'.

2022-02-13 19:27:12 - [MESSAGE][PASSED] - All options with value '14' are selected in object 'Object Repository/Students check events on calendar/Page_Bin son Bi tp/select_1        2        3        4        _45ea30'  using regular expression

2022-02-13 19:27:12 - [TEST_STEP][PASSED] - verifyElementText(findTestObject("Object Repository/Students check events on calendar/Page_Bin son Bi tp/input_Upon activity completion_submitbutton"), ""): Actual text and expected text of test object 'Object Repository/Students check events on calendar/Page_Bin son Bi tp/input_Upon activity completion_submitbutton' are matched.

2022-02-13 19:27:12 - [MESSAGE][PASSED] - Actual text and expected text of test object 'Object Repository/Students check events on calendar/Page_Bin son Bi tp/input_Upon activity completion_submitbutton' are matched.

2022-02-13 19:27:12 - [TEST_STEP][PASSED] - verifyElementClickable(findTestObject("Object Repository/Students check events on calendar/Page_Bin son Bi tp/input_Upon activity completion_submitbutton")): Object 'Object Repository/Students check events on calendar/Page_Bin son Bi tp/input_Upon activity completion_submitbutton' is clickable

2022-02-13 19:27:13 - [MESSAGE][PASSED] - Object 'Object Repository/Students check events on calendar/Page_Bin son Bi tp/input_Upon activity completion_submitbutton' is clickable

2022-02-13 19:27:13 - [TEST_STEP][PASSED] - click(findTestObject("Object Repository/Students check events on calendar/Page_Bin son Bi tp/input_Upon activity completion_submitbutton")): Object: 'Object Repository/Students check events on calendar/Page_Bin son Bi tp/input_Upon activity completion_submitbutton' is clicked on

2022-02-13 19:27:14 - [MESSAGE][PASSED] - Object: 'Object Repository/Students check events on calendar/Page_Bin son Bi tp/input_Upon activity completion_submitbutton' is clicked on

2022-02-13 19:27:14 - [TEST_STEP][PASSED] - verifyElementText(findTestObject("Object Repository/Students check events on calendar/Page_NM CNPM Bi tp quiz/div_Kim tra tnh nng"), "Kiểm tra tính năng"): Actual text and expected text of test object 'Object Repository/Students check events on calendar/Page_NM CNPM Bi tp quiz/div_Kim tra tnh nng' are matched.

2022-02-13 19:27:14 - [MESSAGE][PASSED] - Actual text and expected text of test object 'Object Repository/Students check events on calendar/Page_NM CNPM Bi tp quiz/div_Kim tra tnh nng' are matched.

2022-02-13 19:27:14 - [TEST_STEP][PASSED] - click(findTestObject("Object Repository/Students check events on calendar/Page_NM CNPM Bi tp quiz/a_Van Luyen Le")): Object: 'Object Repository/Students check events on calendar/Page_NM CNPM Bi tp quiz/a_Van Luyen Le' is clicked on

2022-02-13 19:27:15 - [MESSAGE][PASSED] - Object: 'Object Repository/Students check events on calendar/Page_NM CNPM Bi tp quiz/a_Van Luyen Le' is clicked on

2022-02-13 19:27:15 - [TEST_STEP][PASSED] - click(findTestObject("Object Repository/Students check events on calendar/Page_NM CNPM Bi tp quiz/span_Thot")): Object: 'Object Repository/Students check events on calendar/Page_NM CNPM Bi tp quiz/span_Thot' is clicked on

2022-02-13 19:27:16 - [MESSAGE][PASSED] - Object: 'Object Repository/Students check events on calendar/Page_NM CNPM Bi tp quiz/span_Thot' is clicked on

2022-02-13 19:27:16 - [TEST_STEP][PASSED] - click(findTestObject("Object Repository/Students check events on calendar/Page_Local Moodle/a_Log in")): Object: 'Object Repository/Students check events on calendar/Page_Local Moodle/a_Log in' is clicked on

2022-02-13 19:27:16 - [MESSAGE][PASSED] - Object: 'Object Repository/Students check events on calendar/Page_Local Moodle/a_Log in' is clicked on

2022-02-13 19:27:16 - [TEST_STEP][PASSED] - setText(findTestObject("Object Repository/Students check events on calendar/Page_Local Moodle Log in to the site/input_Username_username"), "hs01"): Text 'hs01' is set on object 'Object Repository/Students check events on calendar/Page_Local Moodle Log in to the site/input_Username_username'

2022-02-13 19:27:17 - [MESSAGE][PASSED] - Text 'hs01' is set on object 'Object Repository/Students check events on calendar/Page_Local Moodle Log in to the site/input_Username_username'

2022-02-13 19:27:17 - [TEST_STEP][PASSED] - setEncryptedText(findTestObject("Object Repository/Students check events on calendar/Page_Local Moodle Log in to the site/input_Password_password"), "o5TCnEIIWq2SeGQhIMNXLQ=="): Text ****** has been set on object 'Object Repository/Students check events on calendar/Page_Local Moodle Log in to the site/input_Password_password'

2022-02-13 19:27:18 - [MESSAGE][PASSED] - Text ****** has been set on object 'Object Repository/Students check events on calendar/Page_Local Moodle Log in to the site/input_Password_password'

2022-02-13 19:27:18 - [TEST_STEP][PASSED] - click(findTestObject("Object Repository/Students check events on calendar/Page_Local Moodle Log in to the site/button_Log in")): Object: 'Object Repository/Students check events on calendar/Page_Local Moodle Log in to the site/button_Log in' is clicked on

2022-02-13 19:27:19 - [MESSAGE][PASSED] - Object: 'Object Repository/Students check events on calendar/Page_Local Moodle Log in to the site/button_Log in' is clicked on

2022-02-13 19:27:19 - [TEST_STEP][PASSED] - verifyElementClickable(findTestObject("Students check events on calendar/Page_Nh ca ti/a_14")): Object 'Object Repository/Students check events on calendar/Page_Nh ca ti/a_14' is clickable

2022-02-13 19:27:25 - [MESSAGE][INFO] - Unable to find the element located by 'By.xpath: //a[@id='calendar-day-popover-link-1-2022-13-4']'. Please recheck the objects properties to make sure the desired element is located. 

2022-02-13 19:27:25 - [MESSAGE][WARNING] - [SELF-HEALING] Failed to find element with id 'Object Repository/Students check events on calendar/Page_Nh ca ti/a_14'. Try using Self-healing.

2022-02-13 19:27:25 - [MESSAGE][WARNING] - [SELF-HEALING] The current locator of test object 'Object Repository/Students check events on calendar/Page_Nh ca ti/a_14' was broken. Propose an alternative one: '//a[contains(text(),'14')]'.

2022-02-13 19:27:25 - [MESSAGE][PASSED] - Object 'Object Repository/Students check events on calendar/Page_Nh ca ti/a_14' is clickable

2022-02-13 19:27:25 - [TEST_STEP][PASSED] - click(findTestObject("Students check events on calendar/Page_Nh ca ti/a_14")): Object: 'Object Repository/Students check events on calendar/Page_Nh ca ti/a_14' is clicked on

2022-02-13 19:27:32 - [MESSAGE][INFO] - Unable to find the element located by 'By.xpath: //a[@id='calendar-day-popover-link-1-2022-13-4']'. Please recheck the objects properties to make sure the desired element is located. 

2022-02-13 19:27:32 - [MESSAGE][WARNING] - [SELF-HEALING] Failed to find element with id 'Object Repository/Students check events on calendar/Page_Nh ca ti/a_14'. Try using Self-healing.

2022-02-13 19:27:32 - [MESSAGE][WARNING] - [SELF-HEALING] The current locator of test object 'Object Repository/Students check events on calendar/Page_Nh ca ti/a_14' was broken. Propose an alternative one: '//a[contains(text(),'14')]'.

2022-02-13 19:27:33 - [MESSAGE][PASSED] - Object: 'Object Repository/Students check events on calendar/Page_Nh ca ti/a_14' is clicked on

2022-02-13 19:27:33 - [TEST_STEP][PASSED] - verifyElementText(findTestObject("Object Repository/Students check events on calendar/Page_Moodle Lch Xem ngy Th Su, 14 Thng Ging 2022/a_Thm bi np"), "Thêm bài nộp"): Actual text and expected text of test object 'Object Repository/Students check events on calendar/Page_Moodle Lch Xem ngy Th Su, 14 Thng Ging 2022/a_Thm bi np' are matched.

2022-02-13 19:27:39 - [MESSAGE][INFO] - Unable to find the element located by 'By.xpath: //div[@id='calendar-day-61d730798b7de61d730796c43320']/div[2]/div[2]/div/div/div[3]/a'. Please recheck the objects properties to make sure the desired element is located. 

2022-02-13 19:27:39 - [MESSAGE][WARNING] - [SELF-HEALING] Failed to find element with id 'Object Repository/Students check events on calendar/Page_Moodle Lch Xem ngy Th Su, 14 Thng Ging 2022/a_Thm bi np'. Try using Self-healing.

2022-02-13 19:27:39 - [MESSAGE][WARNING] - [SELF-HEALING] The current locator of test object 'Object Repository/Students check events on calendar/Page_Moodle Lch Xem ngy Th Su, 14 Thng Ging 2022/a_Thm bi np' was broken. Propose an alternative one: '(.//*[normalize-space(text()) and normalize-space(.)='Xuất lịch biểu'])[1]/preceding::a[1]'.

2022-02-13 19:27:39 - [MESSAGE][PASSED] - Actual text and expected text of test object 'Object Repository/Students check events on calendar/Page_Moodle Lch Xem ngy Th Su, 14 Thng Ging 2022/a_Thm bi np' are matched.

2022-02-13 19:27:39 - [TEST_STEP][PASSED] - verifyElementClickable(findTestObject("Object Repository/Students check events on calendar/Page_Moodle Lch Xem ngy Th Su, 14 Thng Ging 2022/a_Thm bi np")): Object 'Object Repository/Students check events on calendar/Page_Moodle Lch Xem ngy Th Su, 14 Thng Ging 2022/a_Thm bi np' is clickable

2022-02-13 19:27:45 - [MESSAGE][INFO] - Unable to find the element located by 'By.xpath: //div[@id='calendar-day-61d730798b7de61d730796c43320']/div[2]/div[2]/div/div/div[3]/a'. Please recheck the objects properties to make sure the desired element is located. 

2022-02-13 19:27:45 - [MESSAGE][WARNING] - [SELF-HEALING] Failed to find element with id 'Object Repository/Students check events on calendar/Page_Moodle Lch Xem ngy Th Su, 14 Thng Ging 2022/a_Thm bi np'. Try using Self-healing.

2022-02-13 19:27:46 - [MESSAGE][WARNING] - [SELF-HEALING] The current locator of test object 'Object Repository/Students check events on calendar/Page_Moodle Lch Xem ngy Th Su, 14 Thng Ging 2022/a_Thm bi np' was broken. Propose an alternative one: '(.//*[normalize-space(text()) and normalize-space(.)='Xuất lịch biểu'])[1]/preceding::a[1]'.

2022-02-13 19:27:46 - [MESSAGE][PASSED] - Object 'Object Repository/Students check events on calendar/Page_Moodle Lch Xem ngy Th Su, 14 Thng Ging 2022/a_Thm bi np' is clickable

2022-02-13 19:27:46 - [TEST_STEP][PASSED] - click(findTestObject("Object Repository/Students check events on calendar/Page_Moodle Lch Xem ngy Th Su, 14 Thng Ging 2022/a_Thm bi np")): Object: 'Object Repository/Students check events on calendar/Page_Moodle Lch Xem ngy Th Su, 14 Thng Ging 2022/a_Thm bi np' is clicked on

2022-02-13 19:27:52 - [MESSAGE][INFO] - Unable to find the element located by 'By.xpath: //div[@id='calendar-day-61d730798b7de61d730796c43320']/div[2]/div[2]/div/div/div[3]/a'. Please recheck the objects properties to make sure the desired element is located. 

2022-02-13 19:27:52 - [MESSAGE][WARNING] - [SELF-HEALING] Failed to find element with id 'Object Repository/Students check events on calendar/Page_Moodle Lch Xem ngy Th Su, 14 Thng Ging 2022/a_Thm bi np'. Try using Self-healing.

2022-02-13 19:27:52 - [MESSAGE][WARNING] - [SELF-HEALING] The current locator of test object 'Object Repository/Students check events on calendar/Page_Moodle Lch Xem ngy Th Su, 14 Thng Ging 2022/a_Thm bi np' was broken. Propose an alternative one: '(.//*[normalize-space(text()) and normalize-space(.)='Xuất lịch biểu'])[1]/preceding::a[1]'.

2022-02-13 19:27:53 - [MESSAGE][PASSED] - Object: 'Object Repository/Students check events on calendar/Page_Moodle Lch Xem ngy Th Su, 14 Thng Ging 2022/a_Thm bi np' is clicked on

2022-02-13 19:27:53 - [TEST_STEP][PASSED] - verifyElementText(findTestObject("Object Repository/Students check events on calendar/Page_NM CNPM Bi tp quiz - Sa bi lm/h2_Bi tp quiz"), "Bài tập quiz"): Actual text and expected text of test object 'Object Repository/Students check events on calendar/Page_NM CNPM Bi tp quiz - Sa bi lm/h2_Bi tp quiz' are matched.

2022-02-13 19:27:53 - [MESSAGE][PASSED] - Actual text and expected text of test object 'Object Repository/Students check events on calendar/Page_NM CNPM Bi tp quiz - Sa bi lm/h2_Bi tp quiz' are matched.

2022-02-13 19:27:53 - [TEST_STEP][PASSED] - verifyElementText(findTestObject("Object Repository/Students check events on calendar/Page_NM CNPM Bi tp quiz - Sa bi lm/div_Kim tra tnh nng"), "Kiểm tra tính năng"): Actual text and expected text of test object 'Object Repository/Students check events on calendar/Page_NM CNPM Bi tp quiz - Sa bi lm/div_Kim tra tnh nng' are matched.

2022-02-13 19:27:54 - [MESSAGE][PASSED] - Actual text and expected text of test object 'Object Repository/Students check events on calendar/Page_NM CNPM Bi tp quiz - Sa bi lm/div_Kim tra tnh nng' are matched.

2022-02-13 19:27:54 - [TEST_STEP][PASSED] - closeBrowser(): Browser is closed

2022-02-13 19:27:55 - [MESSAGE][PASSED] - Browser is closed]]></system-out>
         <system-err><![CDATA[]]></system-err>
      </testcase>
      <testcase name="Test Cases/Students check events on calendar/Forum event" time="91.897" classname="Test Cases/Students check events on calendar/Forum event" status="PASSED">
         <system-out><![CDATA[2022-02-13 19:27:55 - [TEST_CASE][PASSED] - Test Cases/Students check events on calendar/Forum event: Test Cases/Students check events on calendar/Forum event

2022-02-13 19:27:55 - [TEST_STEP][PASSED] - openBrowser(""): Browser is opened with url: ''

2022-02-13 19:27:55 - [MESSAGE][INFO] - Starting 'Edge Chromium' driver

2022-02-13 19:27:57 - [MESSAGE][INFO] - Action delay is set to 0 milliseconds

2022-02-13 19:27:58 - [MESSAGE][PASSED] - Browser is opened with url: ''

2022-02-13 19:27:58 - [TEST_STEP][PASSED] - navigateToUrl("http://localhost/"): Navigate to 'http://localhost/' successfully

2022-02-13 19:27:59 - [MESSAGE][PASSED] - Navigate to 'http://localhost/' successfully

2022-02-13 19:27:59 - [TEST_STEP][PASSED] - click(findTestObject("Object Repository/Students check events on calendar/Page_Local Moodle/a_Log in")): Object: 'Object Repository/Students check events on calendar/Page_Local Moodle/a_Log in' is clicked on

2022-02-13 19:28:00 - [MESSAGE][PASSED] - Object: 'Object Repository/Students check events on calendar/Page_Local Moodle/a_Log in' is clicked on

2022-02-13 19:28:00 - [TEST_STEP][PASSED] - setText(findTestObject("Object Repository/Students check events on calendar/Page_Local Moodle Log in to the site/input_Username_username"), "gv01"): Text 'gv01' is set on object 'Object Repository/Students check events on calendar/Page_Local Moodle Log in to the site/input_Username_username'

2022-02-13 19:28:01 - [MESSAGE][PASSED] - Text 'gv01' is set on object 'Object Repository/Students check events on calendar/Page_Local Moodle Log in to the site/input_Username_username'

2022-02-13 19:28:01 - [TEST_STEP][PASSED] - setEncryptedText(findTestObject("Object Repository/Students check events on calendar/Page_Local Moodle Log in to the site/input_Password_password"), "RigbBhfdqOBGP4y92+oMSw=="): Text ****** has been set on object 'Object Repository/Students check events on calendar/Page_Local Moodle Log in to the site/input_Password_password'

2022-02-13 19:28:01 - [MESSAGE][PASSED] - Text ****** has been set on object 'Object Repository/Students check events on calendar/Page_Local Moodle Log in to the site/input_Password_password'

2022-02-13 19:28:01 - [TEST_STEP][PASSED] - click(findTestObject("Object Repository/Students check events on calendar/Page_Local Moodle Log in to the site/button_Log in")): Object: 'Object Repository/Students check events on calendar/Page_Local Moodle Log in to the site/button_Log in' is clicked on

2022-02-13 19:28:02 - [MESSAGE][PASSED] - Object: 'Object Repository/Students check events on calendar/Page_Local Moodle Log in to the site/button_Log in' is clicked on

2022-02-13 19:28:02 - [TEST_STEP][PASSED] - setText(findTestObject("Object Repository/Students check events on calendar/Page_Local Moodle Log in to the site/input_Username_username"), "gv01"): Text 'gv01' is set on object 'Object Repository/Students check events on calendar/Page_Local Moodle Log in to the site/input_Username_username'

2022-02-13 19:28:03 - [MESSAGE][PASSED] - Text 'gv01' is set on object 'Object Repository/Students check events on calendar/Page_Local Moodle Log in to the site/input_Username_username'

2022-02-13 19:28:03 - [TEST_STEP][PASSED] - setEncryptedText(findTestObject("Object Repository/Students check events on calendar/Page_Local Moodle Log in to the site/input_Password_password"), "RigbBhfdqOAWw2eOk0+aVg=="): Text ****** has been set on object 'Object Repository/Students check events on calendar/Page_Local Moodle Log in to the site/input_Password_password'

2022-02-13 19:28:03 - [MESSAGE][PASSED] - Text ****** has been set on object 'Object Repository/Students check events on calendar/Page_Local Moodle Log in to the site/input_Password_password'

2022-02-13 19:28:03 - [TEST_STEP][PASSED] - click(findTestObject("Object Repository/Students check events on calendar/Page_Local Moodle Log in to the site/button_Log in")): Object: 'Object Repository/Students check events on calendar/Page_Local Moodle Log in to the site/button_Log in' is clicked on

2022-02-13 19:28:04 - [MESSAGE][PASSED] - Object: 'Object Repository/Students check events on calendar/Page_Local Moodle Log in to the site/button_Log in' is clicked on

2022-02-13 19:28:04 - [TEST_STEP][PASSED] - click(findTestObject("Object Repository/Students check events on calendar/Page_Nh ca ti/span_Nhp mn cng ngh phn mm")): Object: 'Object Repository/Students check events on calendar/Page_Nh ca ti/span_Nhp mn cng ngh phn mm' is clicked on

2022-02-13 19:28:10 - [MESSAGE][INFO] - Unable to find the element located by 'By.xpath: //div[@id='course-info-container-20-8']/div/div/a/span[3]'. Please recheck the objects properties to make sure the desired element is located. 

2022-02-13 19:28:10 - [MESSAGE][WARNING] - [SELF-HEALING] Failed to find element with id 'Object Repository/Students check events on calendar/Page_Nh ca ti/span_Nhp mn cng ngh phn mm'. Try using Self-healing.

2022-02-13 19:28:11 - [MESSAGE][WARNING] - [SELF-HEALING] The current locator of test object 'Object Repository/Students check events on calendar/Page_Nh ca ti/span_Nhp mn cng ngh phn mm' was broken. Propose an alternative one: '(.//*[normalize-space(text()) and normalize-space(.)='Tên khóa học'])[1]/following::span[1]'.

2022-02-13 19:28:11 - [MESSAGE][PASSED] - Object: 'Object Repository/Students check events on calendar/Page_Nh ca ti/span_Nhp mn cng ngh phn mm' is clicked on

2022-02-13 19:28:11 - [TEST_STEP][PASSED] - verifyElementClickable(findTestObject("Object Repository/Students check events on calendar/Page_Kha Nhp mn cng ngh phn mm/button_Bt ch  chnh sa")): Object 'Object Repository/Students check events on calendar/Page_Kha Nhp mn cng ngh phn mm/button_Bt ch  chnh sa' is clickable

2022-02-13 19:28:18 - [MESSAGE][INFO] - Unable to find the element located by 'By.xpath: //button[@id='single_button61e174d8acd921']'. Please recheck the objects properties to make sure the desired element is located. 

2022-02-13 19:28:18 - [MESSAGE][WARNING] - [SELF-HEALING] Failed to find element with id 'Object Repository/Students check events on calendar/Page_Kha Nhp mn cng ngh phn mm/button_Bt ch  chnh sa'. Try using Self-healing.

2022-02-13 19:28:18 - [MESSAGE][WARNING] - [SELF-HEALING] The current locator of test object 'Object Repository/Students check events on calendar/Page_Kha Nhp mn cng ngh phn mm/button_Bt ch  chnh sa' was broken. Propose an alternative one: '(.//*[normalize-space(text()) and normalize-space(.)='NMCNPM1'])[2]/following::button[1]'.

2022-02-13 19:28:18 - [MESSAGE][PASSED] - Object 'Object Repository/Students check events on calendar/Page_Kha Nhp mn cng ngh phn mm/button_Bt ch  chnh sa' is clickable

2022-02-13 19:28:18 - [TEST_STEP][PASSED] - click(findTestObject("Object Repository/Students check events on calendar/Page_Kha Nhp mn cng ngh phn mm/button_Bt ch  chnh sa")): Object: 'Object Repository/Students check events on calendar/Page_Kha Nhp mn cng ngh phn mm/button_Bt ch  chnh sa' is clicked on

2022-02-13 19:28:24 - [MESSAGE][INFO] - Unable to find the element located by 'By.xpath: //button[@id='single_button61e174d8acd921']'. Please recheck the objects properties to make sure the desired element is located. 

2022-02-13 19:28:24 - [MESSAGE][WARNING] - [SELF-HEALING] Failed to find element with id 'Object Repository/Students check events on calendar/Page_Kha Nhp mn cng ngh phn mm/button_Bt ch  chnh sa'. Try using Self-healing.

2022-02-13 19:28:24 - [MESSAGE][WARNING] - [SELF-HEALING] The current locator of test object 'Object Repository/Students check events on calendar/Page_Kha Nhp mn cng ngh phn mm/button_Bt ch  chnh sa' was broken. Propose an alternative one: '(.//*[normalize-space(text()) and normalize-space(.)='NMCNPM1'])[2]/following::button[1]'.

2022-02-13 19:28:25 - [MESSAGE][PASSED] - Object: 'Object Repository/Students check events on calendar/Page_Kha Nhp mn cng ngh phn mm/button_Bt ch  chnh sa' is clicked on

2022-02-13 19:28:25 - [TEST_STEP][PASSED] - click(findTestObject("Object Repository/Students check events on calendar/Page_Kha Nhp mn cng ngh phn mm/span_Thm hot ng hoc ti nguyn")): Object: 'Object Repository/Students check events on calendar/Page_Kha Nhp mn cng ngh phn mm/span_Thm hot ng hoc ti nguyn' is clicked on

2022-02-13 19:28:31 - [MESSAGE][INFO] - Unable to find the element located by 'By.xpath: //span[@id='yui_3_17_2_1_1642165488702_701']'. Please recheck the objects properties to make sure the desired element is located. 

2022-02-13 19:28:31 - [MESSAGE][WARNING] - [SELF-HEALING] Failed to find element with id 'Object Repository/Students check events on calendar/Page_Kha Nhp mn cng ngh phn mm/span_Thm hot ng hoc ti nguyn'. Try using Self-healing.

2022-02-13 19:28:31 - [MESSAGE][WARNING] - [SELF-HEALING] The current locator of test object 'Object Repository/Students check events on calendar/Page_Kha Nhp mn cng ngh phn mm/span_Thm hot ng hoc ti nguyn' was broken. Propose an alternative one: '(.//*[normalize-space(text()) and normalize-space(.)='Thêm tập tin ở đây'])[1]/following::span[1]'.

2022-02-13 19:28:31 - [MESSAGE][PASSED] - Object: 'Object Repository/Students check events on calendar/Page_Kha Nhp mn cng ngh phn mm/span_Thm hot ng hoc ti nguyn' is clicked on

2022-02-13 19:28:31 - [TEST_STEP][PASSED] - verifyElementText(findTestObject("Object Repository/Students check events on calendar/Page_Kha Nhp mn cng ngh phn mm/div_Din n"), "Diễn đàn"): Actual text and expected text of test object 'Object Repository/Students check events on calendar/Page_Kha Nhp mn cng ngh phn mm/div_Din n' are matched.

2022-02-13 19:28:38 - [MESSAGE][INFO] - Unable to find the element located by 'By.xpath: //div[@id='all-5']/div/div[8]/div/a/div[2]'. Please recheck the objects properties to make sure the desired element is located. 

2022-02-13 19:28:38 - [MESSAGE][WARNING] - [SELF-HEALING] Failed to find element with id 'Object Repository/Students check events on calendar/Page_Kha Nhp mn cng ngh phn mm/div_Din n'. Try using Self-healing.

2022-02-13 19:28:38 - [MESSAGE][WARNING] - [SELF-HEALING] The current locator of test object 'Object Repository/Students check events on calendar/Page_Kha Nhp mn cng ngh phn mm/div_Din n' was broken. Propose an alternative one: '(.//*[normalize-space(text()) and normalize-space(.)='Cơ sở dữ liệu'])[1]/following::div[5]'.

2022-02-13 19:28:38 - [MESSAGE][PASSED] - Actual text and expected text of test object 'Object Repository/Students check events on calendar/Page_Kha Nhp mn cng ngh phn mm/div_Din n' are matched.

2022-02-13 19:28:38 - [TEST_STEP][PASSED] - click(findTestObject("Object Repository/Students check events on calendar/Page_Kha Nhp mn cng ngh phn mm/div_Din n")): Object: 'Object Repository/Students check events on calendar/Page_Kha Nhp mn cng ngh phn mm/div_Din n' is clicked on

2022-02-13 19:28:44 - [MESSAGE][INFO] - Unable to find the element located by 'By.xpath: //div[@id='all-5']/div/div[8]/div/a/div[2]'. Please recheck the objects properties to make sure the desired element is located. 

2022-02-13 19:28:44 - [MESSAGE][WARNING] - [SELF-HEALING] Failed to find element with id 'Object Repository/Students check events on calendar/Page_Kha Nhp mn cng ngh phn mm/div_Din n'. Try using Self-healing.

2022-02-13 19:28:44 - [MESSAGE][WARNING] - [SELF-HEALING] The current locator of test object 'Object Repository/Students check events on calendar/Page_Kha Nhp mn cng ngh phn mm/div_Din n' was broken. Propose an alternative one: '(.//*[normalize-space(text()) and normalize-space(.)='Cơ sở dữ liệu'])[1]/following::div[5]'.

2022-02-13 19:28:46 - [MESSAGE][PASSED] - Object: 'Object Repository/Students check events on calendar/Page_Kha Nhp mn cng ngh phn mm/div_Din n' is clicked on

2022-02-13 19:28:46 - [TEST_STEP][PASSED] - setText(findTestObject("Object Repository/Students check events on calendar/Page_Bin son Din n/input_Tn  din n_name"), "Bàn bạc chủ đề"): Text 'Bàn bạc chủ đề' is set on object 'Object Repository/Students check events on calendar/Page_Bin son Din n/input_Tn  din n_name'

2022-02-13 19:28:47 - [MESSAGE][PASSED] - Text 'Bàn bạc chủ đề' is set on object 'Object Repository/Students check events on calendar/Page_Bin son Din n/input_Tn  din n_name'

2022-02-13 19:28:47 - [TEST_STEP][PASSED] - setText(findTestObject("Object Repository/Students check events on calendar/Page_Bin son Din n/div_Bn bc ch"), "Bàn bạc chủ đề<br><br>"): Text 'Bàn bạc chủ đề<br><br>' is set on object 'Object Repository/Students check events on calendar/Page_Bin son Din n/div_Bn bc ch'

2022-02-13 19:28:48 - [MESSAGE][PASSED] - Text 'Bàn bạc chủ đề<br><br>' is set on object 'Object Repository/Students check events on calendar/Page_Bin son Din n/div_Bn bc ch'

2022-02-13 19:28:48 - [TEST_STEP][PASSED] - verifyElementClickable(findTestObject("Object Repository/Students check events on calendar/Page_Bin son Din n/input_Upon activity completion_submitbutton")): Object 'Object Repository/Students check events on calendar/Page_Bin son Din n/input_Upon activity completion_submitbutton' is clickable

2022-02-13 19:28:49 - [MESSAGE][PASSED] - Object 'Object Repository/Students check events on calendar/Page_Bin son Din n/input_Upon activity completion_submitbutton' is clickable

2022-02-13 19:28:49 - [TEST_STEP][PASSED] - click(findTestObject("Object Repository/Students check events on calendar/Page_Bin son Din n/input_Upon activity completion_submitbutton")): Object: 'Object Repository/Students check events on calendar/Page_Bin son Din n/input_Upon activity completion_submitbutton' is clicked on

2022-02-13 19:28:50 - [MESSAGE][PASSED] - Object: 'Object Repository/Students check events on calendar/Page_Bin son Din n/input_Upon activity completion_submitbutton' is clicked on

2022-02-13 19:28:50 - [TEST_STEP][PASSED] - click(findTestObject("Object Repository/Students check events on calendar/Page_Bn bc ch/a_Van Luyen Le")): Object: 'Object Repository/Students check events on calendar/Page_Bn bc ch/a_Van Luyen Le' is clicked on

2022-02-13 19:28:51 - [MESSAGE][PASSED] - Object: 'Object Repository/Students check events on calendar/Page_Bn bc ch/a_Van Luyen Le' is clicked on

2022-02-13 19:28:51 - [TEST_STEP][PASSED] - click(findTestObject("Object Repository/Students check events on calendar/Page_Bn bc ch/a_Thot")): Object: 'Object Repository/Students check events on calendar/Page_Bn bc ch/a_Thot' is clicked on

2022-02-13 19:28:57 - [MESSAGE][INFO] - Unable to find the element located by 'By.xpath: //a[@id='yui_3_17_2_1_1641494152938_655']'. Please recheck the objects properties to make sure the desired element is located. 

2022-02-13 19:28:57 - [MESSAGE][WARNING] - [SELF-HEALING] Failed to find element with id 'Object Repository/Students check events on calendar/Page_Bn bc ch/a_Thot'. Try using Self-healing.

2022-02-13 19:28:57 - [MESSAGE][WARNING] - [SELF-HEALING] The current locator of test object 'Object Repository/Students check events on calendar/Page_Bn bc ch/a_Thot' was broken. Propose an alternative one: '//div[@id='action-menu-1-menu']/a[6]'.

2022-02-13 19:28:57 - [MESSAGE][PASSED] - Object: 'Object Repository/Students check events on calendar/Page_Bn bc ch/a_Thot' is clicked on

2022-02-13 19:28:57 - [TEST_STEP][PASSED] - click(findTestObject("Object Repository/Students check events on calendar/Page_Local Moodle/a_Log in")): Object: 'Object Repository/Students check events on calendar/Page_Local Moodle/a_Log in' is clicked on

2022-02-13 19:28:58 - [MESSAGE][PASSED] - Object: 'Object Repository/Students check events on calendar/Page_Local Moodle/a_Log in' is clicked on

2022-02-13 19:28:58 - [TEST_STEP][PASSED] - setText(findTestObject("Object Repository/Students check events on calendar/Page_Local Moodle Log in to the site/input_Username_username"), "hs02"): Text 'hs02' is set on object 'Object Repository/Students check events on calendar/Page_Local Moodle Log in to the site/input_Username_username'

2022-02-13 19:28:59 - [MESSAGE][PASSED] - Text 'hs02' is set on object 'Object Repository/Students check events on calendar/Page_Local Moodle Log in to the site/input_Username_username'

2022-02-13 19:28:59 - [TEST_STEP][PASSED] - setEncryptedText(findTestObject("Object Repository/Students check events on calendar/Page_Local Moodle Log in to the site/input_Password_password"), "RigbBhfdqOBGP4y92+oMSw=="): Text ****** has been set on object 'Object Repository/Students check events on calendar/Page_Local Moodle Log in to the site/input_Password_password'

2022-02-13 19:28:59 - [MESSAGE][PASSED] - Text ****** has been set on object 'Object Repository/Students check events on calendar/Page_Local Moodle Log in to the site/input_Password_password'

2022-02-13 19:28:59 - [TEST_STEP][PASSED] - click(findTestObject("Object Repository/Students check events on calendar/Page_Local Moodle Log in to the site/button_Log in")): Object: 'Object Repository/Students check events on calendar/Page_Local Moodle Log in to the site/button_Log in' is clicked on

2022-02-13 19:29:00 - [MESSAGE][PASSED] - Object: 'Object Repository/Students check events on calendar/Page_Local Moodle Log in to the site/button_Log in' is clicked on

2022-02-13 19:29:00 - [TEST_STEP][PASSED] - click(findTestObject("Students check events on calendar/Page_Nh ca ti/span_Nhp mn cng ngh phn mm")): Object: 'Object Repository/Students check events on calendar/Page_Nh ca ti/span_Nhp mn cng ngh phn mm' is clicked on

2022-02-13 19:29:02 - [MESSAGE][PASSED] - Object: 'Object Repository/Students check events on calendar/Page_Nh ca ti/span_Nhp mn cng ngh phn mm' is clicked on

2022-02-13 19:29:02 - [TEST_STEP][PASSED] - click(findTestObject("Object Repository/Students check events on calendar/Page_Kha Nhp mn cng ngh phn mm/span_Bn bc ch  Din n")): Object: 'Object Repository/Students check events on calendar/Page_Kha Nhp mn cng ngh phn mm/span_Bn bc ch  Din n' is clicked on

2022-02-13 19:29:08 - [MESSAGE][INFO] - Unable to find the element located by 'By.xpath: //li[@id='module-6']/div/div/div[2]/div/a/span'. Please recheck the objects properties to make sure the desired element is located. 

2022-02-13 19:29:08 - [MESSAGE][WARNING] - [SELF-HEALING] Failed to find element with id 'Object Repository/Students check events on calendar/Page_Kha Nhp mn cng ngh phn mm/span_Bn bc ch  Din n'. Try using Self-healing.

2022-02-13 19:29:09 - [MESSAGE][WARNING] - [SELF-HEALING] The current locator of test object 'Object Repository/Students check events on calendar/Page_Kha Nhp mn cng ngh phn mm/span_Bn bc ch  Din n' was broken. Propose an alternative one: '(.//*[normalize-space(text()) and normalize-space(.)='Mark as done'])[2]/following::span[1]'.

2022-02-13 19:29:09 - [MESSAGE][PASSED] - Object: 'Object Repository/Students check events on calendar/Page_Kha Nhp mn cng ngh phn mm/span_Bn bc ch  Din n' is clicked on

2022-02-13 19:29:09 - [TEST_STEP][PASSED] - verifyElementClickable(findTestObject("Object Repository/Students check events on calendar/Page_Bn bc ch/a_Thm mt ch  tho lun mi")): Object 'Object Repository/Students check events on calendar/Page_Bn bc ch/a_Thm mt ch  tho lun mi' is clickable

2022-02-13 19:29:16 - [MESSAGE][INFO] - Unable to find the element located by 'By.xpath: //a[@id='yui_3_17_2_1_1641494373033_489']'. Please recheck the objects properties to make sure the desired element is located. 

2022-02-13 19:29:16 - [MESSAGE][WARNING] - [SELF-HEALING] Failed to find element with id 'Object Repository/Students check events on calendar/Page_Bn bc ch/a_Thm mt ch  tho lun mi'. Try using Self-healing.

2022-02-13 19:29:16 - [MESSAGE][WARNING] - [SELF-HEALING] The current locator of test object 'Object Repository/Students check events on calendar/Page_Bn bc ch/a_Thm mt ch  tho lun mi' was broken. Propose an alternative one: '//a[contains(text(),'Thêm một chủ đề thảo luận mới')]'.

2022-02-13 19:29:16 - [MESSAGE][PASSED] - Object 'Object Repository/Students check events on calendar/Page_Bn bc ch/a_Thm mt ch  tho lun mi' is clickable

2022-02-13 19:29:16 - [TEST_STEP][PASSED] - click(findTestObject("Object Repository/Students check events on calendar/Page_Bn bc ch/a_Thm mt ch  tho lun mi")): Object: 'Object Repository/Students check events on calendar/Page_Bn bc ch/a_Thm mt ch  tho lun mi' is clicked on

2022-02-13 19:29:22 - [MESSAGE][INFO] - Unable to find the element located by 'By.xpath: //a[@id='yui_3_17_2_1_1641494373033_489']'. Please recheck the objects properties to make sure the desired element is located. 

2022-02-13 19:29:22 - [MESSAGE][WARNING] - [SELF-HEALING] Failed to find element with id 'Object Repository/Students check events on calendar/Page_Bn bc ch/a_Thm mt ch  tho lun mi'. Try using Self-healing.

2022-02-13 19:29:22 - [MESSAGE][WARNING] - [SELF-HEALING] The current locator of test object 'Object Repository/Students check events on calendar/Page_Bn bc ch/a_Thm mt ch  tho lun mi' was broken. Propose an alternative one: '//a[contains(text(),'Thêm một chủ đề thảo luận mới')]'.

2022-02-13 19:29:22 - [MESSAGE][PASSED] - Object: 'Object Repository/Students check events on calendar/Page_Bn bc ch/a_Thm mt ch  tho lun mi' is clicked on

2022-02-13 19:29:22 - [TEST_STEP][PASSED] - setText(findTestObject("Object Repository/Students check events on calendar/Page_Bn bc ch/input_Tiu_subject"), "hello world"): Text 'hello world' is set on object 'Object Repository/Students check events on calendar/Page_Bn bc ch/input_Tiu_subject'

2022-02-13 19:29:23 - [MESSAGE][PASSED] - Text 'hello world' is set on object 'Object Repository/Students check events on calendar/Page_Bn bc ch/input_Tiu_subject'

2022-02-13 19:29:23 - [TEST_STEP][PASSED] - setText(findTestObject("Object Repository/Students check events on calendar/Page_Bn bc ch/div_Hello world"), "<p dir="ltr" style="text-align: left;">Hello world</p>"): Text '<p dir="ltr" style="text-align: left;">Hello world</p>' is set on object 'Object Repository/Students check events on calendar/Page_Bn bc ch/div_Hello world'

2022-02-13 19:29:25 - [MESSAGE][PASSED] - Text '<p dir="ltr" style="text-align: left;">Hello world</p>' is set on object 'Object Repository/Students check events on calendar/Page_Bn bc ch/div_Hello world'

2022-02-13 19:29:25 - [TEST_STEP][PASSED] - click(findTestObject("Object Repository/Students check events on calendar/Page_Bn bc ch/input_Ni dung_submitbutton")): Object: 'Object Repository/Students check events on calendar/Page_Bn bc ch/input_Ni dung_submitbutton' is clicked on

2022-02-13 19:29:26 - [MESSAGE][PASSED] - Object: 'Object Repository/Students check events on calendar/Page_Bn bc ch/input_Ni dung_submitbutton' is clicked on

2022-02-13 19:29:26 - [TEST_STEP][PASSED] - closeBrowser(): Browser is closed

2022-02-13 19:29:27 - [MESSAGE][PASSED] - Browser is closed]]></system-out>
         <system-err><![CDATA[]]></system-err>
      </testcase>
      <testcase name="Test Cases/Students check events on calendar/Quiz event" time="116.148" classname="Test Cases/Students check events on calendar/Quiz event" status="PASSED">
         <system-out><![CDATA[2022-02-13 19:29:27 - [TEST_CASE][PASSED] - Test Cases/Students check events on calendar/Quiz event: Test Cases/Students check events on calendar/Quiz event

2022-02-13 19:29:27 - [TEST_STEP][PASSED] - openBrowser(""): Browser is opened with url: ''

2022-02-13 19:29:27 - [MESSAGE][INFO] - Starting 'Edge Chromium' driver

2022-02-13 19:29:29 - [MESSAGE][INFO] - Action delay is set to 0 milliseconds

2022-02-13 19:29:30 - [MESSAGE][PASSED] - Browser is opened with url: ''

2022-02-13 19:29:30 - [TEST_STEP][PASSED] - navigateToUrl("http://localhost/"): Navigate to 'http://localhost/' successfully

2022-02-13 19:29:31 - [MESSAGE][PASSED] - Navigate to 'http://localhost/' successfully

2022-02-13 19:29:31 - [TEST_STEP][PASSED] - click(findTestObject("Object Repository/Students check events on calendar/Page_Local Moodle/a_Log in")): Object: 'Object Repository/Students check events on calendar/Page_Local Moodle/a_Log in' is clicked on

2022-02-13 19:29:32 - [MESSAGE][PASSED] - Object: 'Object Repository/Students check events on calendar/Page_Local Moodle/a_Log in' is clicked on

2022-02-13 19:29:32 - [TEST_STEP][PASSED] - setText(findTestObject("Object Repository/Students check events on calendar/Page_Local Moodle Log in to the site/input_Username_username"), "gv01"): Text 'gv01' is set on object 'Object Repository/Students check events on calendar/Page_Local Moodle Log in to the site/input_Username_username'

2022-02-13 19:29:33 - [MESSAGE][PASSED] - Text 'gv01' is set on object 'Object Repository/Students check events on calendar/Page_Local Moodle Log in to the site/input_Username_username'

2022-02-13 19:29:33 - [TEST_STEP][PASSED] - setEncryptedText(findTestObject("Object Repository/Students check events on calendar/Page_Local Moodle Log in to the site/input_Password_password"), "RigbBhfdqOAWw2eOk0+aVg=="): Text ****** has been set on object 'Object Repository/Students check events on calendar/Page_Local Moodle Log in to the site/input_Password_password'

2022-02-13 19:29:33 - [MESSAGE][PASSED] - Text ****** has been set on object 'Object Repository/Students check events on calendar/Page_Local Moodle Log in to the site/input_Password_password'

2022-02-13 19:29:33 - [TEST_STEP][PASSED] - click(findTestObject("Object Repository/Students check events on calendar/Page_Local Moodle Log in to the site/button_Log in")): Object: 'Object Repository/Students check events on calendar/Page_Local Moodle Log in to the site/button_Log in' is clicked on

2022-02-13 19:29:34 - [MESSAGE][PASSED] - Object: 'Object Repository/Students check events on calendar/Page_Local Moodle Log in to the site/button_Log in' is clicked on

2022-02-13 19:29:34 - [TEST_STEP][PASSED] - verifyElementClickable(findTestObject("Object Repository/Students check events on calendar/Page_Nh ca ti/span_Nhp mn cng ngh phn mm")): Object 'Object Repository/Students check events on calendar/Page_Nh ca ti/span_Nhp mn cng ngh phn mm' is clickable

2022-02-13 19:29:41 - [MESSAGE][INFO] - Unable to find the element located by 'By.xpath: //div[@id='course-info-container-20-8']/div/div/a/span[3]'. Please recheck the objects properties to make sure the desired element is located. 

2022-02-13 19:29:41 - [MESSAGE][WARNING] - [SELF-HEALING] Failed to find element with id 'Object Repository/Students check events on calendar/Page_Nh ca ti/span_Nhp mn cng ngh phn mm'. Try using Self-healing.

2022-02-13 19:29:41 - [MESSAGE][WARNING] - [SELF-HEALING] The current locator of test object 'Object Repository/Students check events on calendar/Page_Nh ca ti/span_Nhp mn cng ngh phn mm' was broken. Propose an alternative one: '(.//*[normalize-space(text()) and normalize-space(.)='Tên khóa học'])[1]/following::span[1]'.

2022-02-13 19:29:41 - [MESSAGE][PASSED] - Object 'Object Repository/Students check events on calendar/Page_Nh ca ti/span_Nhp mn cng ngh phn mm' is clickable

2022-02-13 19:29:41 - [TEST_STEP][PASSED] - click(findTestObject("Object Repository/Students check events on calendar/Page_Nh ca ti/span_Nhp mn cng ngh phn mm")): Object: 'Object Repository/Students check events on calendar/Page_Nh ca ti/span_Nhp mn cng ngh phn mm' is clicked on

2022-02-13 19:29:47 - [MESSAGE][INFO] - Unable to find the element located by 'By.xpath: //div[@id='course-info-container-20-8']/div/div/a/span[3]'. Please recheck the objects properties to make sure the desired element is located. 

2022-02-13 19:29:47 - [MESSAGE][WARNING] - [SELF-HEALING] Failed to find element with id 'Object Repository/Students check events on calendar/Page_Nh ca ti/span_Nhp mn cng ngh phn mm'. Try using Self-healing.

2022-02-13 19:29:47 - [MESSAGE][WARNING] - [SELF-HEALING] The current locator of test object 'Object Repository/Students check events on calendar/Page_Nh ca ti/span_Nhp mn cng ngh phn mm' was broken. Propose an alternative one: '(.//*[normalize-space(text()) and normalize-space(.)='Tên khóa học'])[1]/following::span[1]'.

2022-02-13 19:29:48 - [MESSAGE][PASSED] - Object: 'Object Repository/Students check events on calendar/Page_Nh ca ti/span_Nhp mn cng ngh phn mm' is clicked on

2022-02-13 19:29:48 - [TEST_STEP][PASSED] - click(findTestObject("Object Repository/Students check events on calendar/Page_Kha Nhp mn cng ngh phn mm/button_Bt ch  chnh sa")): Object: 'Object Repository/Students check events on calendar/Page_Kha Nhp mn cng ngh phn mm/button_Bt ch  chnh sa' is clicked on

2022-02-13 19:29:54 - [MESSAGE][INFO] - Unable to find the element located by 'By.xpath: //button[@id='single_button61e174d8acd921']'. Please recheck the objects properties to make sure the desired element is located. 

2022-02-13 19:29:54 - [MESSAGE][WARNING] - [SELF-HEALING] Failed to find element with id 'Object Repository/Students check events on calendar/Page_Kha Nhp mn cng ngh phn mm/button_Bt ch  chnh sa'. Try using Self-healing.

2022-02-13 19:29:54 - [MESSAGE][WARNING] - [SELF-HEALING] The current locator of test object 'Object Repository/Students check events on calendar/Page_Kha Nhp mn cng ngh phn mm/button_Bt ch  chnh sa' was broken. Propose an alternative one: '(.//*[normalize-space(text()) and normalize-space(.)='NMCNPM1'])[2]/following::button[1]'.

2022-02-13 19:29:54 - [MESSAGE][PASSED] - Object: 'Object Repository/Students check events on calendar/Page_Kha Nhp mn cng ngh phn mm/button_Bt ch  chnh sa' is clicked on

2022-02-13 19:29:54 - [TEST_STEP][PASSED] - click(findTestObject("Object Repository/Students check events on calendar/Page_Kha Nhp mn cng ngh phn mm/span_Thm hot ng hoc ti nguyn")): Object: 'Object Repository/Students check events on calendar/Page_Kha Nhp mn cng ngh phn mm/span_Thm hot ng hoc ti nguyn' is clicked on

2022-02-13 19:30:01 - [MESSAGE][INFO] - Unable to find the element located by 'By.xpath: //span[@id='yui_3_17_2_1_1642165488702_701']'. Please recheck the objects properties to make sure the desired element is located. 

2022-02-13 19:30:01 - [MESSAGE][WARNING] - [SELF-HEALING] Failed to find element with id 'Object Repository/Students check events on calendar/Page_Kha Nhp mn cng ngh phn mm/span_Thm hot ng hoc ti nguyn'. Try using Self-healing.

2022-02-13 19:30:01 - [MESSAGE][WARNING] - [SELF-HEALING] The current locator of test object 'Object Repository/Students check events on calendar/Page_Kha Nhp mn cng ngh phn mm/span_Thm hot ng hoc ti nguyn' was broken. Propose an alternative one: '(.//*[normalize-space(text()) and normalize-space(.)='Thêm tập tin ở đây'])[1]/following::span[1]'.

2022-02-13 19:30:01 - [MESSAGE][PASSED] - Object: 'Object Repository/Students check events on calendar/Page_Kha Nhp mn cng ngh phn mm/span_Thm hot ng hoc ti nguyn' is clicked on

2022-02-13 19:30:01 - [TEST_STEP][PASSED] - click(findTestObject("Object Repository/Students check events on calendar/Page_Kha Nhp mn cng ngh phn mm/a_Cc hot ng")): Object: 'Object Repository/Students check events on calendar/Page_Kha Nhp mn cng ngh phn mm/a_Cc hot ng' is clicked on

2022-02-13 19:30:07 - [MESSAGE][INFO] - Unable to find the element located by 'By.xpath: //a[@id='activity-tab-5']'. Please recheck the objects properties to make sure the desired element is located. 

2022-02-13 19:30:07 - [MESSAGE][WARNING] - [SELF-HEALING] Failed to find element with id 'Object Repository/Students check events on calendar/Page_Kha Nhp mn cng ngh phn mm/a_Cc hot ng'. Try using Self-healing.

2022-02-13 19:30:08 - [MESSAGE][WARNING] - [SELF-HEALING] The current locator of test object 'Object Repository/Students check events on calendar/Page_Kha Nhp mn cng ngh phn mm/a_Cc hot ng' was broken. Propose an alternative one: '//a[contains(text(),'Các hoạt động')]'.

2022-02-13 19:30:08 - [MESSAGE][PASSED] - Object: 'Object Repository/Students check events on calendar/Page_Kha Nhp mn cng ngh phn mm/a_Cc hot ng' is clicked on

2022-02-13 19:30:08 - [TEST_STEP][PASSED] - click(findTestObject("Object Repository/Students check events on calendar/Page_Kha Nhp mn cng ngh phn mm/a_Ti nguyn")): Object: 'Object Repository/Students check events on calendar/Page_Kha Nhp mn cng ngh phn mm/a_Ti nguyn' is clicked on

2022-02-13 19:30:14 - [MESSAGE][INFO] - Unable to find the element located by 'By.xpath: //a[@id='resources-tab-5']'. Please recheck the objects properties to make sure the desired element is located. 

2022-02-13 19:30:14 - [MESSAGE][WARNING] - [SELF-HEALING] Failed to find element with id 'Object Repository/Students check events on calendar/Page_Kha Nhp mn cng ngh phn mm/a_Ti nguyn'. Try using Self-healing.

2022-02-13 19:30:14 - [MESSAGE][WARNING] - [SELF-HEALING] The current locator of test object 'Object Repository/Students check events on calendar/Page_Kha Nhp mn cng ngh phn mm/a_Ti nguyn' was broken. Propose an alternative one: '//a[contains(text(),'Tài nguyên')]'.

2022-02-13 19:30:14 - [MESSAGE][PASSED] - Object: 'Object Repository/Students check events on calendar/Page_Kha Nhp mn cng ngh phn mm/a_Ti nguyn' is clicked on

2022-02-13 19:30:14 - [TEST_STEP][PASSED] - click(findTestObject("Object Repository/Students check events on calendar/Page_Kha Nhp mn cng ngh phn mm/a_Cc hot ng")): Object: 'Object Repository/Students check events on calendar/Page_Kha Nhp mn cng ngh phn mm/a_Cc hot ng' is clicked on

2022-02-13 19:30:20 - [MESSAGE][INFO] - Unable to find the element located by 'By.xpath: //a[@id='activity-tab-5']'. Please recheck the objects properties to make sure the desired element is located. 

2022-02-13 19:30:20 - [MESSAGE][WARNING] - [SELF-HEALING] Failed to find element with id 'Object Repository/Students check events on calendar/Page_Kha Nhp mn cng ngh phn mm/a_Cc hot ng'. Try using Self-healing.

2022-02-13 19:30:21 - [MESSAGE][WARNING] - [SELF-HEALING] The current locator of test object 'Object Repository/Students check events on calendar/Page_Kha Nhp mn cng ngh phn mm/a_Cc hot ng' was broken. Propose an alternative one: '//a[contains(text(),'Các hoạt động')]'.

2022-02-13 19:30:21 - [MESSAGE][PASSED] - Object: 'Object Repository/Students check events on calendar/Page_Kha Nhp mn cng ngh phn mm/a_Cc hot ng' is clicked on

2022-02-13 19:30:21 - [TEST_STEP][PASSED] - click(findTestObject("Object Repository/Students check events on calendar/Page_Kha Nhp mn cng ngh phn mm/div_Cu hi thm d")): Object: 'Object Repository/Students check events on calendar/Page_Kha Nhp mn cng ngh phn mm/div_Cu hi thm d' is clicked on

2022-02-13 19:30:27 - [MESSAGE][INFO] - Unable to find the element located by 'By.xpath: //div[@id='activity-5']/div/div[5]/div/a/div[2]'. Please recheck the objects properties to make sure the desired element is located. 

2022-02-13 19:30:27 - [MESSAGE][WARNING] - [SELF-HEALING] Failed to find element with id 'Object Repository/Students check events on calendar/Page_Kha Nhp mn cng ngh phn mm/div_Cu hi thm d'. Try using Self-healing.

2022-02-13 19:30:27 - [MESSAGE][WARNING] - [SELF-HEALING] The current locator of test object 'Object Repository/Students check events on calendar/Page_Kha Nhp mn cng ngh phn mm/div_Cu hi thm d' was broken. Propose an alternative one: '(.//*[normalize-space(text()) and normalize-space(.)='Cuộc khảo sát'])[2]/following::div[5]'.

2022-02-13 19:30:28 - [MESSAGE][PASSED] - Object: 'Object Repository/Students check events on calendar/Page_Kha Nhp mn cng ngh phn mm/div_Cu hi thm d' is clicked on

2022-02-13 19:30:28 - [TEST_STEP][PASSED] - setText(findTestObject("Object Repository/Students check events on calendar/Page_Bin son Cu hi thm d/input_Tn cu hi_name"), "Câu hỏi thăm dò"): Text 'Câu hỏi thăm dò' is set on object 'Object Repository/Students check events on calendar/Page_Bin son Cu hi thm d/input_Tn cu hi_name'

2022-02-13 19:30:30 - [MESSAGE][PASSED] - Text 'Câu hỏi thăm dò' is set on object 'Object Repository/Students check events on calendar/Page_Bin son Cu hi thm d/input_Tn cu hi_name'

2022-02-13 19:30:30 - [TEST_STEP][PASSED] - setText(findTestObject("Object Repository/Students check events on calendar/Page_Bin son Cu hi thm d/div_Ni dung cu hi"), "<p dir="ltr" style="text-align: left;">Nội dung câu hỏi</p>"): Text '<p dir="ltr" style="text-align: left;">Nội dung câu hỏi</p>' is set on object 'Object Repository/Students check events on calendar/Page_Bin son Cu hi thm d/div_Ni dung cu hi'

2022-02-13 19:30:31 - [MESSAGE][PASSED] - Text '<p dir="ltr" style="text-align: left;">Nội dung câu hỏi</p>' is set on object 'Object Repository/Students check events on calendar/Page_Bin son Cu hi thm d/div_Ni dung cu hi'

2022-02-13 19:30:31 - [TEST_STEP][PASSED] - setText(findTestObject("Object Repository/Students check events on calendar/Page_Bin son Cu hi thm d/input_Phng n khng_option0"), "1"): Text '1' is set on object 'Object Repository/Students check events on calendar/Page_Bin son Cu hi thm d/input_Phng n khng_option0'

2022-02-13 19:30:32 - [MESSAGE][PASSED] - Text '1' is set on object 'Object Repository/Students check events on calendar/Page_Bin son Cu hi thm d/input_Phng n khng_option0'

2022-02-13 19:30:32 - [TEST_STEP][PASSED] - setText(findTestObject("Object Repository/Students check events on calendar/Page_Bin son Cu hi thm d/input_Phng n khng_option1"), "2"): Text '2' is set on object 'Object Repository/Students check events on calendar/Page_Bin son Cu hi thm d/input_Phng n khng_option1'

2022-02-13 19:30:33 - [MESSAGE][PASSED] - Text '2' is set on object 'Object Repository/Students check events on calendar/Page_Bin son Cu hi thm d/input_Phng n khng_option1'

2022-02-13 19:30:33 - [TEST_STEP][PASSED] - setText(findTestObject("Object Repository/Students check events on calendar/Page_Bin son Cu hi thm d/input_Phng n khng_option2"), "3"): Text '3' is set on object 'Object Repository/Students check events on calendar/Page_Bin son Cu hi thm d/input_Phng n khng_option2'

2022-02-13 19:30:33 - [MESSAGE][PASSED] - Text '3' is set on object 'Object Repository/Students check events on calendar/Page_Bin son Cu hi thm d/input_Phng n khng_option2'

2022-02-13 19:30:33 - [TEST_STEP][PASSED] - setText(findTestObject("Object Repository/Students check events on calendar/Page_Bin son Cu hi thm d/input_Phng n khng_option3"), "4"): Text '4' is set on object 'Object Repository/Students check events on calendar/Page_Bin son Cu hi thm d/input_Phng n khng_option3'

2022-02-13 19:30:34 - [MESSAGE][PASSED] - Text '4' is set on object 'Object Repository/Students check events on calendar/Page_Bin son Cu hi thm d/input_Phng n khng_option3'

2022-02-13 19:30:34 - [TEST_STEP][PASSED] - setText(findTestObject("Object Repository/Students check events on calendar/Page_Bin son Cu hi thm d/input_Phng n khng_option4"), "5"): Text '5' is set on object 'Object Repository/Students check events on calendar/Page_Bin son Cu hi thm d/input_Phng n khng_option4'

2022-02-13 19:30:35 - [MESSAGE][PASSED] - Text '5' is set on object 'Object Repository/Students check events on calendar/Page_Bin son Cu hi thm d/input_Phng n khng_option4'

2022-02-13 19:30:35 - [TEST_STEP][PASSED] - selectOptionByValue(findTestObject("Object Repository/Students check events on calendar/Page_Bin son Cu hi thm d/select_Khng            C"), "1", true): All options with value '1' are selected in object 'Object Repository/Students check events on calendar/Page_Bin son Cu hi thm d/select_Khng            C'  using regular expression

2022-02-13 19:30:36 - [MESSAGE][PASSED] - All options with value '1' are selected in object 'Object Repository/Students check events on calendar/Page_Bin son Cu hi thm d/select_Khng            C'  using regular expression

2022-02-13 19:30:36 - [TEST_STEP][PASSED] - selectOptionByValue(findTestObject("Object Repository/Students check events on calendar/Page_Bin son Cu hi thm d/select_Khng            C"), "0", true): All options with value '0' are selected in object 'Object Repository/Students check events on calendar/Page_Bin son Cu hi thm d/select_Khng            C'  using regular expression

2022-02-13 19:30:37 - [MESSAGE][PASSED] - All options with value '0' are selected in object 'Object Repository/Students check events on calendar/Page_Bin son Cu hi thm d/select_Khng            C'  using regular expression

2022-02-13 19:30:37 - [TEST_STEP][PASSED] - click(findTestObject("Object Repository/Students check events on calendar/Page_Bin son Cu hi thm d/a_Hiu lc")): Object: 'Object Repository/Students check events on calendar/Page_Bin son Cu hi thm d/a_Hiu lc' is clicked on

2022-02-13 19:30:43 - [MESSAGE][INFO] - Unable to find the element located by 'By.xpath: //a[@id='yui_3_17_2_1_1641504907712_62']'. Please recheck the objects properties to make sure the desired element is located. 

2022-02-13 19:30:43 - [MESSAGE][WARNING] - [SELF-HEALING] Failed to find element with id 'Object Repository/Students check events on calendar/Page_Bin son Cu hi thm d/a_Hiu lc'. Try using Self-healing.

2022-02-13 19:30:44 - [MESSAGE][WARNING] - [SELF-HEALING] The current locator of test object 'Object Repository/Students check events on calendar/Page_Bin son Cu hi thm d/a_Hiu lc' was broken. Propose an alternative one: '//a[contains(text(),'Hiệu lực')]'.

2022-02-13 19:30:44 - [MESSAGE][PASSED] - Object: 'Object Repository/Students check events on calendar/Page_Bin son Cu hi thm d/a_Hiu lc' is clicked on

2022-02-13 19:30:44 - [TEST_STEP][PASSED] - click(findTestObject("Object Repository/Students check events on calendar/Page_Bin son Cu hi thm d/input_M_timecloseenabled")): Object: 'Object Repository/Students check events on calendar/Page_Bin son Cu hi thm d/input_M_timecloseenabled' is clicked on

2022-02-13 19:30:45 - [MESSAGE][PASSED] - Object: 'Object Repository/Students check events on calendar/Page_Bin son Cu hi thm d/input_M_timecloseenabled' is clicked on

2022-02-13 19:30:45 - [TEST_STEP][PASSED] - selectOptionByValue(findTestObject("Object Repository/Students check events on calendar/Page_Bin son Cu hi thm d/select_1        2        3        4        _45ea30"), "8", true): All options with value '8' are selected in object 'Object Repository/Students check events on calendar/Page_Bin son Cu hi thm d/select_1        2        3        4        _45ea30'  using regular expression

2022-02-13 19:30:46 - [MESSAGE][PASSED] - All options with value '8' are selected in object 'Object Repository/Students check events on calendar/Page_Bin son Cu hi thm d/select_1        2        3        4        _45ea30'  using regular expression

2022-02-13 19:30:46 - [TEST_STEP][PASSED] - click(findTestObject("Object Repository/Students check events on calendar/Page_Bin son Cu hi thm d/input_M_timeopenenabled")): Object: 'Object Repository/Students check events on calendar/Page_Bin son Cu hi thm d/input_M_timeopenenabled' is clicked on

2022-02-13 19:30:47 - [MESSAGE][PASSED] - Object: 'Object Repository/Students check events on calendar/Page_Bin son Cu hi thm d/input_M_timeopenenabled' is clicked on

2022-02-13 19:30:47 - [TEST_STEP][PASSED] - selectOptionByValue(findTestObject("Object Repository/Students check events on calendar/Page_Bin son Cu hi thm d/select_1        2        3        4        _45ea30_1"), "8", true): All options with value '8' are selected in object 'Object Repository/Students check events on calendar/Page_Bin son Cu hi thm d/select_1        2        3        4        _45ea30_1'  using regular expression

2022-02-13 19:30:49 - [MESSAGE][PASSED] - All options with value '8' are selected in object 'Object Repository/Students check events on calendar/Page_Bin son Cu hi thm d/select_1        2        3        4        _45ea30_1'  using regular expression

2022-02-13 19:30:49 - [TEST_STEP][PASSED] - click(findTestObject("Object Repository/Students check events on calendar/Page_Bin son Cu hi thm d/input_Upon activity completion_submitbutton")): Object: 'Object Repository/Students check events on calendar/Page_Bin son Cu hi thm d/input_Upon activity completion_submitbutton' is clicked on

2022-02-13 19:30:49 - [MESSAGE][PASSED] - Object: 'Object Repository/Students check events on calendar/Page_Bin son Cu hi thm d/input_Upon activity completion_submitbutton' is clicked on

2022-02-13 19:30:49 - [TEST_STEP][PASSED] - verifyElementText(findTestObject("Object Repository/Students check events on calendar/Page_Cu hi thm d/h2_Cu hi thm d"), "Câu hỏi thăm dò"): Actual text and expected text of test object 'Object Repository/Students check events on calendar/Page_Cu hi thm d/h2_Cu hi thm d' are matched.

2022-02-13 19:30:50 - [MESSAGE][PASSED] - Actual text and expected text of test object 'Object Repository/Students check events on calendar/Page_Cu hi thm d/h2_Cu hi thm d' are matched.

2022-02-13 19:30:50 - [TEST_STEP][PASSED] - click(findTestObject("Object Repository/Students check events on calendar/Page_Cu hi thm d/a_Van Luyen Le")): Object: 'Object Repository/Students check events on calendar/Page_Cu hi thm d/a_Van Luyen Le' is clicked on

2022-02-13 19:30:50 - [MESSAGE][PASSED] - Object: 'Object Repository/Students check events on calendar/Page_Cu hi thm d/a_Van Luyen Le' is clicked on

2022-02-13 19:30:50 - [TEST_STEP][PASSED] - click(findTestObject("Object Repository/Students check events on calendar/Page_Cu hi thm d/a_Thot")): Object: 'Object Repository/Students check events on calendar/Page_Cu hi thm d/a_Thot' is clicked on

2022-02-13 19:30:51 - [MESSAGE][PASSED] - Object: 'Object Repository/Students check events on calendar/Page_Cu hi thm d/a_Thot' is clicked on

2022-02-13 19:30:51 - [TEST_STEP][PASSED] - click(findTestObject("Object Repository/Students check events on calendar/Page_Local Moodle/a_Log in")): Object: 'Object Repository/Students check events on calendar/Page_Local Moodle/a_Log in' is clicked on

2022-02-13 19:30:52 - [MESSAGE][PASSED] - Object: 'Object Repository/Students check events on calendar/Page_Local Moodle/a_Log in' is clicked on

2022-02-13 19:30:52 - [TEST_STEP][PASSED] - setText(findTestObject("Object Repository/Students check events on calendar/Page_Local Moodle Log in to the site/input_Username_username"), "hs01"): Text 'hs01' is set on object 'Object Repository/Students check events on calendar/Page_Local Moodle Log in to the site/input_Username_username'

2022-02-13 19:30:53 - [MESSAGE][PASSED] - Text 'hs01' is set on object 'Object Repository/Students check events on calendar/Page_Local Moodle Log in to the site/input_Username_username'

2022-02-13 19:30:53 - [TEST_STEP][PASSED] - setEncryptedText(findTestObject("Object Repository/Students check events on calendar/Page_Local Moodle Log in to the site/input_Password_password"), "o5TCnEIIWq2SeGQhIMNXLQ=="): Text ****** has been set on object 'Object Repository/Students check events on calendar/Page_Local Moodle Log in to the site/input_Password_password'

2022-02-13 19:30:53 - [MESSAGE][PASSED] - Text ****** has been set on object 'Object Repository/Students check events on calendar/Page_Local Moodle Log in to the site/input_Password_password'

2022-02-13 19:30:53 - [TEST_STEP][PASSED] - click(findTestObject("Object Repository/Students check events on calendar/Page_Local Moodle Log in to the site/button_Log in")): Object: 'Object Repository/Students check events on calendar/Page_Local Moodle Log in to the site/button_Log in' is clicked on

2022-02-13 19:30:54 - [MESSAGE][PASSED] - Object: 'Object Repository/Students check events on calendar/Page_Local Moodle Log in to the site/button_Log in' is clicked on

2022-02-13 19:30:54 - [TEST_STEP][PASSED] - click(findTestObject("Object Repository/Students check events on calendar/Page_Nh ca ti/a_8")): Object: 'Object Repository/Students check events on calendar/Page_Nh ca ti/a_8' is clicked on

2022-02-13 19:31:00 - [MESSAGE][INFO] - Unable to find the element located by 'By.xpath: //a[@id='calendar-day-popover-link-1-2022-7-3']'. Please recheck the objects properties to make sure the desired element is located. 

2022-02-13 19:31:00 - [MESSAGE][WARNING] - [SELF-HEALING] Failed to find element with id 'Object Repository/Students check events on calendar/Page_Nh ca ti/a_8'. Try using Self-healing.

2022-02-13 19:31:01 - [MESSAGE][WARNING] - [SELF-HEALING] The current locator of test object 'Object Repository/Students check events on calendar/Page_Nh ca ti/a_8' was broken. Propose an alternative one: '//a[contains(text(),'8')]'.

2022-02-13 19:31:01 - [MESSAGE][PASSED] - Object: 'Object Repository/Students check events on calendar/Page_Nh ca ti/a_8' is clicked on

2022-02-13 19:31:01 - [TEST_STEP][PASSED] - verifyElementClickable(findTestObject("Object Repository/Students check events on calendar/Page_Moodle Lch Xem ngy Th By, 8 Thng Ging 2022/a_i ti hot ng")): Object 'Object Repository/Students check events on calendar/Page_Moodle Lch Xem ngy Th By, 8 Thng Ging 2022/a_i ti hot ng' is clickable

2022-02-13 19:31:07 - [MESSAGE][INFO] - Unable to find the element located by 'By.xpath: //div[@id='calendar-day-61e176fb1c54c61e176fa289e520']/div[2]/div[2]/div[3]/div/div[3]/a'. Please recheck the objects properties to make sure the desired element is located. 

2022-02-13 19:31:07 - [MESSAGE][WARNING] - [SELF-HEALING] Failed to find element with id 'Object Repository/Students check events on calendar/Page_Moodle Lch Xem ngy Th By, 8 Thng Ging 2022/a_i ti hot ng'. Try using Self-healing.

2022-02-13 19:31:08 - [MESSAGE][WARNING] - [SELF-HEALING] The current locator of test object 'Object Repository/Students check events on calendar/Page_Moodle Lch Xem ngy Th By, 8 Thng Ging 2022/a_i ti hot ng' was broken. Propose an alternative one: '(//a[contains(text(),'Đi tới hoạt động')])[3]'.

2022-02-13 19:31:08 - [MESSAGE][PASSED] - Object 'Object Repository/Students check events on calendar/Page_Moodle Lch Xem ngy Th By, 8 Thng Ging 2022/a_i ti hot ng' is clickable

2022-02-13 19:31:08 - [TEST_STEP][PASSED] - click(findTestObject("Object Repository/Students check events on calendar/Page_Moodle Lch Xem ngy Th By, 8 Thng Ging 2022/a_i ti hot ng")): Object: 'Object Repository/Students check events on calendar/Page_Moodle Lch Xem ngy Th By, 8 Thng Ging 2022/a_i ti hot ng' is clicked on

2022-02-13 19:31:14 - [MESSAGE][INFO] - Unable to find the element located by 'By.xpath: //div[@id='calendar-day-61e176fb1c54c61e176fa289e520']/div[2]/div[2]/div[3]/div/div[3]/a'. Please recheck the objects properties to make sure the desired element is located. 

2022-02-13 19:31:14 - [MESSAGE][WARNING] - [SELF-HEALING] Failed to find element with id 'Object Repository/Students check events on calendar/Page_Moodle Lch Xem ngy Th By, 8 Thng Ging 2022/a_i ti hot ng'. Try using Self-healing.

2022-02-13 19:31:14 - [MESSAGE][WARNING] - [SELF-HEALING] The current locator of test object 'Object Repository/Students check events on calendar/Page_Moodle Lch Xem ngy Th By, 8 Thng Ging 2022/a_i ti hot ng' was broken. Propose an alternative one: '(//a[contains(text(),'Đi tới hoạt động')])[3]'.

2022-02-13 19:31:15 - [MESSAGE][PASSED] - Object: 'Object Repository/Students check events on calendar/Page_Moodle Lch Xem ngy Th By, 8 Thng Ging 2022/a_i ti hot ng' is clicked on

2022-02-13 19:31:15 - [TEST_STEP][PASSED] - verifyElementText(findTestObject("Object Repository/Students check events on calendar/Page_Cu hi thm d/h2_Cu hi thm d"), "Câu hỏi thăm dò"): Actual text and expected text of test object 'Object Repository/Students check events on calendar/Page_Cu hi thm d/h2_Cu hi thm d' are matched.

2022-02-13 19:31:21 - [MESSAGE][INFO] - Unable to find the element located by 'By.xpath: //section[@id='region-main']/div[2]/h2'. Please recheck the objects properties to make sure the desired element is located. 

2022-02-13 19:31:21 - [MESSAGE][WARNING] - [SELF-HEALING] Failed to find element with id 'Object Repository/Students check events on calendar/Page_Cu hi thm d/h2_Cu hi thm d'. Try using Self-healing.

2022-02-13 19:31:22 - [MESSAGE][WARNING] - [SELF-HEALING] The current locator of test object 'Object Repository/Students check events on calendar/Page_Cu hi thm d/h2_Cu hi thm d' was broken. Propose an alternative one: '//h2'.

2022-02-13 19:31:22 - [MESSAGE][PASSED] - Actual text and expected text of test object 'Object Repository/Students check events on calendar/Page_Cu hi thm d/h2_Cu hi thm d' are matched.

2022-02-13 19:31:22 - [TEST_STEP][PASSED] - closeBrowser(): Browser is closed

2022-02-13 19:31:23 - [MESSAGE][PASSED] - Browser is closed]]></system-out>
         <system-err><![CDATA[]]></system-err>
      </testcase>
      <testcase name="Test Cases/Texting/Multiple messages" time="137.694" classname="Test Cases/Texting/Multiple messages" status="PASSED">
         <system-out><![CDATA[2022-02-13 19:31:23 - [TEST_CASE][PASSED] - Test Cases/Texting/Multiple messages: Test Cases/Texting/Multiple messages

2022-02-13 19:31:23 - [TEST_STEP][PASSED] - openBrowser(""): Browser is opened with url: ''

2022-02-13 19:31:23 - [MESSAGE][INFO] - Starting 'Edge Chromium' driver

2022-02-13 19:31:25 - [MESSAGE][INFO] - Action delay is set to 0 milliseconds

2022-02-13 19:31:26 - [MESSAGE][PASSED] - Browser is opened with url: ''

2022-02-13 19:31:26 - [TEST_STEP][PASSED] - navigateToUrl("http://localhost/"): Navigate to 'http://localhost/' successfully

2022-02-13 19:31:27 - [MESSAGE][PASSED] - Navigate to 'http://localhost/' successfully

2022-02-13 19:31:27 - [TEST_STEP][PASSED] - click(findTestObject("Object Repository/Texting/Page_Local Moodle/a_Log in")): Object: 'Object Repository/Texting/Page_Local Moodle/a_Log in' is clicked on

2022-02-13 19:31:27 - [MESSAGE][PASSED] - Object: 'Object Repository/Texting/Page_Local Moodle/a_Log in' is clicked on

2022-02-13 19:31:27 - [TEST_STEP][PASSED] - setText(findTestObject("Object Repository/Texting/Page_Local Moodle Log in to the site/input_Username_username"), "lcbinh"): Text 'lcbinh' is set on object 'Object Repository/Texting/Page_Local Moodle Log in to the site/input_Username_username'

2022-02-13 19:31:28 - [MESSAGE][PASSED] - Text 'lcbinh' is set on object 'Object Repository/Texting/Page_Local Moodle Log in to the site/input_Username_username'

2022-02-13 19:31:28 - [TEST_STEP][PASSED] - setEncryptedText(findTestObject("Object Repository/Texting/Page_Local Moodle Log in to the site/input_Password_password"), "o5TCnEIIWq0Pz0TkrK1a2rpuWvRKVWz2"): Text ****** has been set on object 'Object Repository/Texting/Page_Local Moodle Log in to the site/input_Password_password'

2022-02-13 19:31:29 - [MESSAGE][PASSED] - Text ****** has been set on object 'Object Repository/Texting/Page_Local Moodle Log in to the site/input_Password_password'

2022-02-13 19:31:29 - [TEST_STEP][PASSED] - click(findTestObject("Object Repository/Texting/Page_Local Moodle Log in to the site/button_Log in")): Object: 'Object Repository/Texting/Page_Local Moodle Log in to the site/button_Log in' is clicked on

2022-02-13 19:31:30 - [MESSAGE][PASSED] - Object: 'Object Repository/Texting/Page_Local Moodle Log in to the site/button_Log in' is clicked on

2022-02-13 19:31:30 - [TEST_STEP][PASSED] - click(findTestObject("Object Repository/Texting/Page_Nh ca ti/i_See all_icon fa fa-comment fa-fw")): Object: 'Object Repository/Texting/Page_Nh ca ti/i_See all_icon fa fa-comment fa-fw' is clicked on

2022-02-13 19:31:36 - [MESSAGE][INFO] - Unable to find the element located by 'By.xpath: //a[@id='message-drawer-toggle-61d5836ab0e7961d5836a98d4612']/i'. Please recheck the objects properties to make sure the desired element is located. 

2022-02-13 19:31:36 - [MESSAGE][WARNING] - [SELF-HEALING] Failed to find element with id 'Object Repository/Texting/Page_Nh ca ti/i_See all_icon fa fa-comment fa-fw'. Try using Self-healing.

2022-02-13 19:31:36 - [MESSAGE][WARNING] - [SELF-HEALING] The current locator of test object 'Object Repository/Texting/Page_Nh ca ti/i_See all_icon fa fa-comment fa-fw' was broken. Propose an alternative one: '//div[2]/a/i'.

2022-02-13 19:31:36 - [MESSAGE][PASSED] - Object: 'Object Repository/Texting/Page_Nh ca ti/i_See all_icon fa fa-comment fa-fw' is clicked on

2022-02-13 19:31:36 - [TEST_STEP][PASSED] - setText(findTestObject("Object Repository/Texting/Page_Nh ca ti/input_Messages selected_form-control"), "Thanh"): Text 'Thanh' is set on object 'Object Repository/Texting/Page_Nh ca ti/input_Messages selected_form-control'

2022-02-13 19:31:38 - [MESSAGE][PASSED] - Text 'Thanh' is set on object 'Object Repository/Texting/Page_Nh ca ti/input_Messages selected_form-control'

2022-02-13 19:31:38 - [TEST_STEP][PASSED] - verifyElementClickable(findTestObject("Object Repository/Texting/Page_Nh ca ti/i_Messages selected_icon fa fa-search fa-fw_1")): Object 'Object Repository/Texting/Page_Nh ca ti/i_Messages selected_icon fa fa-search fa-fw_1' is clickable

2022-02-13 19:31:44 - [MESSAGE][INFO] - Unable to find the element located by 'By.xpath: //div[@id='yui_3_17_2_1_1641380790278_202']/div[4]/div/div/div/button/span/i'. Please recheck the objects properties to make sure the desired element is located. 

2022-02-13 19:31:44 - [MESSAGE][WARNING] - [SELF-HEALING] Failed to find element with id 'Object Repository/Texting/Page_Nh ca ti/i_Messages selected_icon fa fa-search fa-fw_1'. Try using Self-healing.

2022-02-13 19:31:44 - [MESSAGE][WARNING] - [SELF-HEALING] The current locator of test object 'Object Repository/Texting/Page_Nh ca ti/i_Messages selected_icon fa fa-search fa-fw_1' was broken. Propose an alternative one: '//button/span/i'.

2022-02-13 19:31:44 - [MESSAGE][PASSED] - Object 'Object Repository/Texting/Page_Nh ca ti/i_Messages selected_icon fa fa-search fa-fw_1' is clickable

2022-02-13 19:31:44 - [TEST_STEP][PASSED] - click(findTestObject("Object Repository/Texting/Page_Nh ca ti/i_Messages selected_icon fa fa-search fa-fw_1")): Object: 'Object Repository/Texting/Page_Nh ca ti/i_Messages selected_icon fa fa-search fa-fw_1' is clicked on

2022-02-13 19:31:50 - [MESSAGE][INFO] - Unable to find the element located by 'By.xpath: //div[@id='yui_3_17_2_1_1641380790278_202']/div[4]/div/div/div/button/span/i'. Please recheck the objects properties to make sure the desired element is located. 

2022-02-13 19:31:50 - [MESSAGE][WARNING] - [SELF-HEALING] Failed to find element with id 'Object Repository/Texting/Page_Nh ca ti/i_Messages selected_icon fa fa-search fa-fw_1'. Try using Self-healing.

2022-02-13 19:31:51 - [MESSAGE][WARNING] - [SELF-HEALING] The current locator of test object 'Object Repository/Texting/Page_Nh ca ti/i_Messages selected_icon fa fa-search fa-fw_1' was broken. Propose an alternative one: '//button/span/i'.

2022-02-13 19:31:51 - [MESSAGE][PASSED] - Object: 'Object Repository/Texting/Page_Nh ca ti/i_Messages selected_icon fa fa-search fa-fw_1' is clicked on

2022-02-13 19:31:51 - [TEST_STEP][PASSED] - verifyElementClickable(findTestObject("Object Repository/Texting/Page_Nh ca ti/h6_Cng Bnh L")): Object 'Object Repository/Texting/Page_Nh ca ti/h6_Cng Bnh L' is clickable

2022-02-13 19:31:57 - [MESSAGE][INFO] - Unable to find the element located by 'By.xpath: //div[@id='yui_3_17_2_1_1641380790278_197']/div[6]/div/div/div/div[2]/div/a/h6'. Please recheck the objects properties to make sure the desired element is located. 

2022-02-13 19:31:57 - [MESSAGE][WARNING] - [SELF-HEALING] Failed to find element with id 'Object Repository/Texting/Page_Nh ca ti/h6_Cng Bnh L'. Try using Self-healing.

2022-02-13 19:31:57 - [MESSAGE][WARNING] - [SELF-HEALING] The current locator of test object 'Object Repository/Texting/Page_Nh ca ti/h6_Cng Bnh L' was broken. Propose an alternative one: '(.//*[normalize-space(text()) and normalize-space(.)='Non-contacts'])[1]/following::h6[1]'.

2022-02-13 19:31:57 - [MESSAGE][PASSED] - Object 'Object Repository/Texting/Page_Nh ca ti/h6_Cng Bnh L' is clickable

2022-02-13 19:31:57 - [TEST_STEP][PASSED] - click(findTestObject("Object Repository/Texting/Page_Nh ca ti/h6_Cng Bnh L")): Object: 'Object Repository/Texting/Page_Nh ca ti/h6_Cng Bnh L' is clicked on

2022-02-13 19:32:04 - [MESSAGE][INFO] - Unable to find the element located by 'By.xpath: //div[@id='yui_3_17_2_1_1641380790278_197']/div[6]/div/div/div/div[2]/div/a/h6'. Please recheck the objects properties to make sure the desired element is located. 

2022-02-13 19:32:04 - [MESSAGE][WARNING] - [SELF-HEALING] Failed to find element with id 'Object Repository/Texting/Page_Nh ca ti/h6_Cng Bnh L'. Try using Self-healing.

2022-02-13 19:32:04 - [MESSAGE][WARNING] - [SELF-HEALING] The current locator of test object 'Object Repository/Texting/Page_Nh ca ti/h6_Cng Bnh L' was broken. Propose an alternative one: '(.//*[normalize-space(text()) and normalize-space(.)='Non-contacts'])[1]/following::h6[1]'.

2022-02-13 19:32:04 - [MESSAGE][PASSED] - Object: 'Object Repository/Texting/Page_Nh ca ti/h6_Cng Bnh L' is clicked on

2022-02-13 19:32:04 - [TEST_STEP][PASSED] - setText(findTestObject("Object Repository/Texting/Page_Nh ca ti/textarea_Use enter to send_yui_3_17_2_1_164_3e2d02"), "Hi there"): Text 'Hi there' is set on object 'Object Repository/Texting/Page_Nh ca ti/textarea_Use enter to send_yui_3_17_2_1_164_3e2d02'

2022-02-13 19:32:10 - [MESSAGE][INFO] - Unable to find the element located by 'By.xpath: //textarea[@id='yui_3_17_2_1_1641382762786_207']'. Please recheck the objects properties to make sure the desired element is located. 

2022-02-13 19:32:10 - [MESSAGE][WARNING] - [SELF-HEALING] Failed to find element with id 'Object Repository/Texting/Page_Nh ca ti/textarea_Use enter to send_yui_3_17_2_1_164_3e2d02'. Try using Self-healing.

2022-02-13 19:32:11 - [MESSAGE][WARNING] - [SELF-HEALING] The current locator of test object 'Object Repository/Texting/Page_Nh ca ti/textarea_Use enter to send_yui_3_17_2_1_164_3e2d02' was broken. Propose an alternative one: '//textarea'.

2022-02-13 19:32:17 - [MESSAGE][INFO] - Unable to find the element located by 'By.xpath: //textarea[@id='yui_3_17_2_1_1641382762786_207']'. Please recheck the objects properties to make sure the desired element is located. 

2022-02-13 19:32:17 - [MESSAGE][WARNING] - [SELF-HEALING] Failed to find element with id 'Object Repository/Texting/Page_Nh ca ti/textarea_Use enter to send_yui_3_17_2_1_164_3e2d02'. Try using Self-healing.

2022-02-13 19:32:17 - [MESSAGE][WARNING] - [SELF-HEALING] The current locator of test object 'Object Repository/Texting/Page_Nh ca ti/textarea_Use enter to send_yui_3_17_2_1_164_3e2d02' was broken. Propose an alternative one: '//textarea'.

2022-02-13 19:32:17 - [MESSAGE][PASSED] - Text 'Hi there' is set on object 'Object Repository/Texting/Page_Nh ca ti/textarea_Use enter to send_yui_3_17_2_1_164_3e2d02'

2022-02-13 19:32:17 - [TEST_STEP][PASSED] - click(findTestObject("Object Repository/Texting/Page_Nh ca ti/i__icon fa fa-paper-plane fa-fw")): Object: 'Object Repository/Texting/Page_Nh ca ti/i__icon fa fa-paper-plane fa-fw' is clicked on

2022-02-13 19:32:24 - [MESSAGE][INFO] - Unable to find the element located by 'By.xpath: //div[@id='yui_3_17_2_1_1641382762786_208']/div/button[2]/span/i'. Please recheck the objects properties to make sure the desired element is located. 

2022-02-13 19:32:24 - [MESSAGE][WARNING] - [SELF-HEALING] Failed to find element with id 'Object Repository/Texting/Page_Nh ca ti/i__icon fa fa-paper-plane fa-fw'. Try using Self-healing.

2022-02-13 19:32:24 - [MESSAGE][WARNING] - [SELF-HEALING] The current locator of test object 'Object Repository/Texting/Page_Nh ca ti/i__icon fa fa-paper-plane fa-fw' was broken. Propose an alternative one: '//button[2]/span/i'.

2022-02-13 19:32:24 - [MESSAGE][PASSED] - Object: 'Object Repository/Texting/Page_Nh ca ti/i__icon fa fa-paper-plane fa-fw' is clicked on

2022-02-13 19:32:24 - [TEST_STEP][PASSED] - setText(findTestObject("Object Repository/Texting/Page_Nh ca ti/textarea_Use enter to send_yui_3_17_2_1_164_3e2d02"), "How can I help you"): Text 'How can I help you' is set on object 'Object Repository/Texting/Page_Nh ca ti/textarea_Use enter to send_yui_3_17_2_1_164_3e2d02'

2022-02-13 19:32:30 - [MESSAGE][INFO] - Unable to find the element located by 'By.xpath: //textarea[@id='yui_3_17_2_1_1641382762786_207']'. Please recheck the objects properties to make sure the desired element is located. 

2022-02-13 19:32:30 - [MESSAGE][WARNING] - [SELF-HEALING] Failed to find element with id 'Object Repository/Texting/Page_Nh ca ti/textarea_Use enter to send_yui_3_17_2_1_164_3e2d02'. Try using Self-healing.

2022-02-13 19:32:30 - [MESSAGE][WARNING] - [SELF-HEALING] The current locator of test object 'Object Repository/Texting/Page_Nh ca ti/textarea_Use enter to send_yui_3_17_2_1_164_3e2d02' was broken. Propose an alternative one: '//textarea'.

2022-02-13 19:32:37 - [MESSAGE][INFO] - Unable to find the element located by 'By.xpath: //textarea[@id='yui_3_17_2_1_1641382762786_207']'. Please recheck the objects properties to make sure the desired element is located. 

2022-02-13 19:32:37 - [MESSAGE][WARNING] - [SELF-HEALING] Failed to find element with id 'Object Repository/Texting/Page_Nh ca ti/textarea_Use enter to send_yui_3_17_2_1_164_3e2d02'. Try using Self-healing.

2022-02-13 19:32:37 - [MESSAGE][WARNING] - [SELF-HEALING] The current locator of test object 'Object Repository/Texting/Page_Nh ca ti/textarea_Use enter to send_yui_3_17_2_1_164_3e2d02' was broken. Propose an alternative one: '//textarea'.

2022-02-13 19:32:37 - [MESSAGE][PASSED] - Text 'How can I help you' is set on object 'Object Repository/Texting/Page_Nh ca ti/textarea_Use enter to send_yui_3_17_2_1_164_3e2d02'

2022-02-13 19:32:37 - [TEST_STEP][PASSED] - click(findTestObject("Object Repository/Texting/Page_Nh ca ti/i__yui_3_17_2_1_1641382762786_212")): Object: 'Object Repository/Texting/Page_Nh ca ti/i__yui_3_17_2_1_1641382762786_212' is clicked on

2022-02-13 19:32:43 - [MESSAGE][INFO] - Unable to find the element located by 'By.xpath: //i[@id='yui_3_17_2_1_1641382762786_212']'. Please recheck the objects properties to make sure the desired element is located. 

2022-02-13 19:32:43 - [MESSAGE][WARNING] - [SELF-HEALING] Failed to find element with id 'Object Repository/Texting/Page_Nh ca ti/i__yui_3_17_2_1_1641382762786_212'. Try using Self-healing.

2022-02-13 19:32:44 - [MESSAGE][WARNING] - [SELF-HEALING] The current locator of test object 'Object Repository/Texting/Page_Nh ca ti/i__yui_3_17_2_1_1641382762786_212' was broken. Propose an alternative one: '//button[2]/span/i'.

2022-02-13 19:32:44 - [MESSAGE][PASSED] - Object: 'Object Repository/Texting/Page_Nh ca ti/i__yui_3_17_2_1_1641382762786_212' is clicked on

2022-02-13 19:32:44 - [TEST_STEP][PASSED] - setText(findTestObject("Object Repository/Texting/Page_Nh ca ti/textarea_Use enter to send_yui_3_17_2_1_164_3e2d02"), "Are you ok?"): Text 'Are you ok?' is set on object 'Object Repository/Texting/Page_Nh ca ti/textarea_Use enter to send_yui_3_17_2_1_164_3e2d02'

2022-02-13 19:32:50 - [MESSAGE][INFO] - Unable to find the element located by 'By.xpath: //textarea[@id='yui_3_17_2_1_1641382762786_207']'. Please recheck the objects properties to make sure the desired element is located. 

2022-02-13 19:32:50 - [MESSAGE][WARNING] - [SELF-HEALING] Failed to find element with id 'Object Repository/Texting/Page_Nh ca ti/textarea_Use enter to send_yui_3_17_2_1_164_3e2d02'. Try using Self-healing.

2022-02-13 19:32:50 - [MESSAGE][WARNING] - [SELF-HEALING] The current locator of test object 'Object Repository/Texting/Page_Nh ca ti/textarea_Use enter to send_yui_3_17_2_1_164_3e2d02' was broken. Propose an alternative one: '//textarea'.

2022-02-13 19:32:57 - [MESSAGE][INFO] - Unable to find the element located by 'By.xpath: //textarea[@id='yui_3_17_2_1_1641382762786_207']'. Please recheck the objects properties to make sure the desired element is located. 

2022-02-13 19:32:57 - [MESSAGE][WARNING] - [SELF-HEALING] Failed to find element with id 'Object Repository/Texting/Page_Nh ca ti/textarea_Use enter to send_yui_3_17_2_1_164_3e2d02'. Try using Self-healing.

2022-02-13 19:32:57 - [MESSAGE][WARNING] - [SELF-HEALING] The current locator of test object 'Object Repository/Texting/Page_Nh ca ti/textarea_Use enter to send_yui_3_17_2_1_164_3e2d02' was broken. Propose an alternative one: '//textarea'.

2022-02-13 19:32:57 - [MESSAGE][PASSED] - Text 'Are you ok?' is set on object 'Object Repository/Texting/Page_Nh ca ti/textarea_Use enter to send_yui_3_17_2_1_164_3e2d02'

2022-02-13 19:32:57 - [TEST_STEP][PASSED] - click(findTestObject("Object Repository/Texting/Page_Nh ca ti/i__yui_3_17_2_1_1641382762786_212")): Object: 'Object Repository/Texting/Page_Nh ca ti/i__yui_3_17_2_1_1641382762786_212' is clicked on

2022-02-13 19:33:03 - [MESSAGE][INFO] - Unable to find the element located by 'By.xpath: //i[@id='yui_3_17_2_1_1641382762786_212']'. Please recheck the objects properties to make sure the desired element is located. 

2022-02-13 19:33:03 - [MESSAGE][WARNING] - [SELF-HEALING] Failed to find element with id 'Object Repository/Texting/Page_Nh ca ti/i__yui_3_17_2_1_1641382762786_212'. Try using Self-healing.

2022-02-13 19:33:04 - [MESSAGE][WARNING] - [SELF-HEALING] The current locator of test object 'Object Repository/Texting/Page_Nh ca ti/i__yui_3_17_2_1_1641382762786_212' was broken. Propose an alternative one: '//button[2]/span/i'.

2022-02-13 19:33:04 - [MESSAGE][PASSED] - Object: 'Object Repository/Texting/Page_Nh ca ti/i__yui_3_17_2_1_1641382762786_212' is clicked on

2022-02-13 19:33:04 - [TEST_STEP][PASSED] - click(findTestObject("Object Repository/Texting/Page_Nh ca ti/a_Cng Bnh L")): Object: 'Object Repository/Texting/Page_Nh ca ti/a_Cng Bnh L' is clicked on

2022-02-13 19:33:07 - [MESSAGE][PASSED] - Object: 'Object Repository/Texting/Page_Nh ca ti/a_Cng Bnh L' is clicked on

2022-02-13 19:33:07 - [TEST_STEP][PASSED] - click(findTestObject("Object Repository/Texting/Page_Nh ca ti/span_Thot")): Object: 'Object Repository/Texting/Page_Nh ca ti/span_Thot' is clicked on

2022-02-13 19:33:08 - [MESSAGE][PASSED] - Object: 'Object Repository/Texting/Page_Nh ca ti/span_Thot' is clicked on

2022-02-13 19:33:08 - [TEST_STEP][PASSED] - click(findTestObject("Object Repository/Texting/Page_Local Moodle/a_Log in")): Object: 'Object Repository/Texting/Page_Local Moodle/a_Log in' is clicked on

2022-02-13 19:33:08 - [MESSAGE][PASSED] - Object: 'Object Repository/Texting/Page_Local Moodle/a_Log in' is clicked on

2022-02-13 19:33:08 - [TEST_STEP][PASSED] - setText(findTestObject("Object Repository/Texting/Page_Local Moodle Log in to the site/input_Username_username"), "ndtthanh"): Text 'ndtthanh' is set on object 'Object Repository/Texting/Page_Local Moodle Log in to the site/input_Username_username'

2022-02-13 19:33:09 - [MESSAGE][PASSED] - Text 'ndtthanh' is set on object 'Object Repository/Texting/Page_Local Moodle Log in to the site/input_Username_username'

2022-02-13 19:33:09 - [TEST_STEP][PASSED] - setEncryptedText(findTestObject("Object Repository/Texting/Page_Local Moodle Log in to the site/input_Password_password"), "o5TCnEIIWq0Pz0TkrK1a2rpuWvRKVWz2"): Text ****** has been set on object 'Object Repository/Texting/Page_Local Moodle Log in to the site/input_Password_password'

2022-02-13 19:33:10 - [MESSAGE][PASSED] - Text ****** has been set on object 'Object Repository/Texting/Page_Local Moodle Log in to the site/input_Password_password'

2022-02-13 19:33:10 - [TEST_STEP][PASSED] - click(findTestObject("Object Repository/Texting/Page_Local Moodle Log in to the site/button_Log in")): Object: 'Object Repository/Texting/Page_Local Moodle Log in to the site/button_Log in' is clicked on

2022-02-13 19:33:11 - [MESSAGE][PASSED] - Object: 'Object Repository/Texting/Page_Local Moodle Log in to the site/button_Log in' is clicked on

2022-02-13 19:33:11 - [TEST_STEP][PASSED] - click(findTestObject("Object Repository/Texting/Page_Nh ca ti/i_See all_icon fa fa-comment fa-fw")): Object: 'Object Repository/Texting/Page_Nh ca ti/i_See all_icon fa fa-comment fa-fw' is clicked on

2022-02-13 19:33:17 - [MESSAGE][INFO] - Unable to find the element located by 'By.xpath: //a[@id='message-drawer-toggle-61d5836ab0e7961d5836a98d4612']/i'. Please recheck the objects properties to make sure the desired element is located. 

2022-02-13 19:33:17 - [MESSAGE][WARNING] - [SELF-HEALING] Failed to find element with id 'Object Repository/Texting/Page_Nh ca ti/i_See all_icon fa fa-comment fa-fw'. Try using Self-healing.

2022-02-13 19:33:18 - [MESSAGE][WARNING] - [SELF-HEALING] The current locator of test object 'Object Repository/Texting/Page_Nh ca ti/i_See all_icon fa fa-comment fa-fw' was broken. Propose an alternative one: '//div[2]/a/i'.

2022-02-13 19:33:18 - [MESSAGE][PASSED] - Object: 'Object Repository/Texting/Page_Nh ca ti/i_See all_icon fa fa-comment fa-fw' is clicked on

2022-02-13 19:33:18 - [TEST_STEP][PASSED] - verifyElementClickable(findTestObject("Object Repository/Texting/Page_Nh ca ti/i_See all_yui_3_17_2_1_1641382882296_189")): Object 'Object Repository/Texting/Page_Nh ca ti/i_See all_yui_3_17_2_1_1641382882296_189' is clickable

2022-02-13 19:33:24 - [MESSAGE][INFO] - Unable to find the element located by 'By.xpath: //i[@id='yui_3_17_2_1_1641382882296_189']'. Please recheck the objects properties to make sure the desired element is located. 

2022-02-13 19:33:24 - [MESSAGE][WARNING] - [SELF-HEALING] Failed to find element with id 'Object Repository/Texting/Page_Nh ca ti/i_See all_yui_3_17_2_1_1641382882296_189'. Try using Self-healing.

2022-02-13 19:33:24 - [MESSAGE][WARNING] - [SELF-HEALING] The current locator of test object 'Object Repository/Texting/Page_Nh ca ti/i_See all_yui_3_17_2_1_1641382882296_189' was broken. Propose an alternative one: '//div[2]/a/i'.

2022-02-13 19:33:24 - [MESSAGE][PASSED] - Object 'Object Repository/Texting/Page_Nh ca ti/i_See all_yui_3_17_2_1_1641382882296_189' is clickable

2022-02-13 19:33:24 - [TEST_STEP][PASSED] - verifyElementClickable(findTestObject("Object Repository/Texting/Page_Nh ca ti/strong_Cng Bnh L")): Object 'Object Repository/Texting/Page_Nh ca ti/strong_Cng Bnh L' is clickable

2022-02-13 19:33:30 - [MESSAGE][INFO] - Unable to find the element located by 'By.xpath: //div[@id='view-overview-messages-target-61d583e23d87f61d583e22613e21']/div[2]/a/div/div/strong'. Please recheck the objects properties to make sure the desired element is located. 

2022-02-13 19:33:30 - [MESSAGE][WARNING] - [SELF-HEALING] Failed to find element with id 'Object Repository/Texting/Page_Nh ca ti/strong_Cng Bnh L'. Try using Self-healing.

2022-02-13 19:33:31 - [MESSAGE][WARNING] - [SELF-HEALING] The current locator of test object 'Object Repository/Texting/Page_Nh ca ti/strong_Cng Bnh L' was broken. Propose an alternative one: '(.//*[normalize-space(text()) and normalize-space(.)='Private'])[1]/following::strong[1]'.

2022-02-13 19:33:31 - [MESSAGE][PASSED] - Object 'Object Repository/Texting/Page_Nh ca ti/strong_Cng Bnh L' is clickable

2022-02-13 19:33:31 - [TEST_STEP][PASSED] - click(findTestObject("Object Repository/Texting/Page_Nh ca ti/strong_Cng Bnh L")): Object: 'Object Repository/Texting/Page_Nh ca ti/strong_Cng Bnh L' is clicked on

2022-02-13 19:33:37 - [MESSAGE][INFO] - Unable to find the element located by 'By.xpath: //div[@id='view-overview-messages-target-61d583e23d87f61d583e22613e21']/div[2]/a/div/div/strong'. Please recheck the objects properties to make sure the desired element is located. 

2022-02-13 19:33:37 - [MESSAGE][WARNING] - [SELF-HEALING] Failed to find element with id 'Object Repository/Texting/Page_Nh ca ti/strong_Cng Bnh L'. Try using Self-healing.

2022-02-13 19:33:37 - [MESSAGE][WARNING] - [SELF-HEALING] The current locator of test object 'Object Repository/Texting/Page_Nh ca ti/strong_Cng Bnh L' was broken. Propose an alternative one: '(.//*[normalize-space(text()) and normalize-space(.)='Private'])[1]/following::strong[1]'.

2022-02-13 19:33:37 - [MESSAGE][PASSED] - Object: 'Object Repository/Texting/Page_Nh ca ti/strong_Cng Bnh L' is clicked on

2022-02-13 19:33:37 - [TEST_STEP][PASSED] - verifyElementText(findTestObject("Object Repository/Texting/Page_Nh ca ti/p_Hi there"), "Hi there"): Actual text and expected text of test object 'Object Repository/Texting/Page_Nh ca ti/p_Hi there' are matched.

2022-02-13 19:33:39 - [MESSAGE][PASSED] - Actual text and expected text of test object 'Object Repository/Texting/Page_Nh ca ti/p_Hi there' are matched.

2022-02-13 19:33:39 - [TEST_STEP][PASSED] - verifyElementText(findTestObject("Object Repository/Texting/Page_Nh ca ti/p_How can I help you"), "How can I help you"): Actual text and expected text of test object 'Object Repository/Texting/Page_Nh ca ti/p_How can I help you' are matched.

2022-02-13 19:33:39 - [MESSAGE][PASSED] - Actual text and expected text of test object 'Object Repository/Texting/Page_Nh ca ti/p_How can I help you' are matched.

2022-02-13 19:33:39 - [TEST_STEP][PASSED] - verifyElementText(findTestObject("Object Repository/Texting/Page_Nh ca ti/p_Are you ok"), "Are you ok?"): Actual text and expected text of test object 'Object Repository/Texting/Page_Nh ca ti/p_Are you ok' are matched.

2022-02-13 19:33:40 - [MESSAGE][PASSED] - Actual text and expected text of test object 'Object Repository/Texting/Page_Nh ca ti/p_Are you ok' are matched.

2022-02-13 19:33:40 - [TEST_STEP][PASSED] - closeBrowser(): Browser is closed

2022-02-13 19:33:40 - [MESSAGE][PASSED] - Browser is closed]]></system-out>
         <system-err><![CDATA[]]></system-err>
      </testcase>
      <testcase name="Test Cases/Texting/Receive text message from multiple users" time="177.753" classname="Test Cases/Texting/Receive text message from multiple users" status="PASSED">
         <system-out><![CDATA[2022-02-13 19:33:40 - [TEST_CASE][PASSED] - Test Cases/Texting/Receive text message from multiple users: Test Cases/Texting/Receive text message from multiple users

2022-02-13 19:33:41 - [TEST_STEP][PASSED] - openBrowser(""): Browser is opened with url: ''

2022-02-13 19:33:41 - [MESSAGE][INFO] - Starting 'Edge Chromium' driver

2022-02-13 19:33:43 - [MESSAGE][INFO] - Action delay is set to 0 milliseconds

2022-02-13 19:33:44 - [MESSAGE][PASSED] - Browser is opened with url: ''

2022-02-13 19:33:44 - [TEST_STEP][PASSED] - navigateToUrl("http://localhost/"): Navigate to 'http://localhost/' successfully

2022-02-13 19:33:45 - [MESSAGE][PASSED] - Navigate to 'http://localhost/' successfully

2022-02-13 19:33:45 - [TEST_STEP][PASSED] - click(findTestObject("Object Repository/Texting/Page_Local Moodle/a_Log in")): Object: 'Object Repository/Texting/Page_Local Moodle/a_Log in' is clicked on

2022-02-13 19:33:46 - [MESSAGE][PASSED] - Object: 'Object Repository/Texting/Page_Local Moodle/a_Log in' is clicked on

2022-02-13 19:33:46 - [TEST_STEP][PASSED] - setText(findTestObject("Object Repository/Texting/Page_Local Moodle Log in to the site/input_Username_username"), "ndtthanh"): Text 'ndtthanh' is set on object 'Object Repository/Texting/Page_Local Moodle Log in to the site/input_Username_username'

2022-02-13 19:33:46 - [MESSAGE][PASSED] - Text 'ndtthanh' is set on object 'Object Repository/Texting/Page_Local Moodle Log in to the site/input_Username_username'

2022-02-13 19:33:46 - [TEST_STEP][PASSED] - setEncryptedText(findTestObject("Object Repository/Texting/Page_Local Moodle Log in to the site/input_Password_password"), "o5TCnEIIWq0Pz0TkrK1a2rpuWvRKVWz2"): Text ****** has been set on object 'Object Repository/Texting/Page_Local Moodle Log in to the site/input_Password_password'

2022-02-13 19:33:47 - [MESSAGE][PASSED] - Text ****** has been set on object 'Object Repository/Texting/Page_Local Moodle Log in to the site/input_Password_password'

2022-02-13 19:33:47 - [TEST_STEP][PASSED] - click(findTestObject("Object Repository/Texting/Page_Local Moodle Log in to the site/button_Log in")): Object: 'Object Repository/Texting/Page_Local Moodle Log in to the site/button_Log in' is clicked on

2022-02-13 19:33:48 - [MESSAGE][PASSED] - Object: 'Object Repository/Texting/Page_Local Moodle Log in to the site/button_Log in' is clicked on

2022-02-13 19:33:48 - [TEST_STEP][PASSED] - click(findTestObject("Object Repository/Texting/Page_Nh ca ti/i_See all_icon fa fa-comment fa-fw")): Object: 'Object Repository/Texting/Page_Nh ca ti/i_See all_icon fa fa-comment fa-fw' is clicked on

2022-02-13 19:33:54 - [MESSAGE][INFO] - Unable to find the element located by 'By.xpath: //a[@id='message-drawer-toggle-61d5836ab0e7961d5836a98d4612']/i'. Please recheck the objects properties to make sure the desired element is located. 

2022-02-13 19:33:54 - [MESSAGE][WARNING] - [SELF-HEALING] Failed to find element with id 'Object Repository/Texting/Page_Nh ca ti/i_See all_icon fa fa-comment fa-fw'. Try using Self-healing.

2022-02-13 19:33:54 - [MESSAGE][WARNING] - [SELF-HEALING] The current locator of test object 'Object Repository/Texting/Page_Nh ca ti/i_See all_icon fa fa-comment fa-fw' was broken. Propose an alternative one: '//div[2]/a/i'.

2022-02-13 19:33:54 - [MESSAGE][PASSED] - Object: 'Object Repository/Texting/Page_Nh ca ti/i_See all_icon fa fa-comment fa-fw' is clicked on

2022-02-13 19:33:54 - [TEST_STEP][PASSED] - setText(findTestObject("Object Repository/Texting/Page_Nh ca ti/input_Messages selected_form-control"), "Lê"): Text 'Lê' is set on object 'Object Repository/Texting/Page_Nh ca ti/input_Messages selected_form-control'

2022-02-13 19:33:55 - [MESSAGE][PASSED] - Text 'Lê' is set on object 'Object Repository/Texting/Page_Nh ca ti/input_Messages selected_form-control'

2022-02-13 19:33:55 - [TEST_STEP][PASSED] - verifyElementClickable(findTestObject("Object Repository/Texting/Page_Nh ca ti/i_Messages selected_icon fa fa-search fa-fw_1")): Object 'Object Repository/Texting/Page_Nh ca ti/i_Messages selected_icon fa fa-search fa-fw_1' is clickable

2022-02-13 19:34:02 - [MESSAGE][INFO] - Unable to find the element located by 'By.xpath: //div[@id='yui_3_17_2_1_1641380790278_202']/div[4]/div/div/div/button/span/i'. Please recheck the objects properties to make sure the desired element is located. 

2022-02-13 19:34:02 - [MESSAGE][WARNING] - [SELF-HEALING] Failed to find element with id 'Object Repository/Texting/Page_Nh ca ti/i_Messages selected_icon fa fa-search fa-fw_1'. Try using Self-healing.

2022-02-13 19:34:02 - [MESSAGE][WARNING] - [SELF-HEALING] The current locator of test object 'Object Repository/Texting/Page_Nh ca ti/i_Messages selected_icon fa fa-search fa-fw_1' was broken. Propose an alternative one: '//button/span/i'.

2022-02-13 19:34:02 - [MESSAGE][PASSED] - Object 'Object Repository/Texting/Page_Nh ca ti/i_Messages selected_icon fa fa-search fa-fw_1' is clickable

2022-02-13 19:34:02 - [TEST_STEP][PASSED] - click(findTestObject("Object Repository/Texting/Page_Nh ca ti/i_Messages selected_icon fa fa-search fa-fw_1")): Object: 'Object Repository/Texting/Page_Nh ca ti/i_Messages selected_icon fa fa-search fa-fw_1' is clicked on

2022-02-13 19:34:08 - [MESSAGE][INFO] - Unable to find the element located by 'By.xpath: //div[@id='yui_3_17_2_1_1641380790278_202']/div[4]/div/div/div/button/span/i'. Please recheck the objects properties to make sure the desired element is located. 

2022-02-13 19:34:08 - [MESSAGE][WARNING] - [SELF-HEALING] Failed to find element with id 'Object Repository/Texting/Page_Nh ca ti/i_Messages selected_icon fa fa-search fa-fw_1'. Try using Self-healing.

2022-02-13 19:34:08 - [MESSAGE][WARNING] - [SELF-HEALING] The current locator of test object 'Object Repository/Texting/Page_Nh ca ti/i_Messages selected_icon fa fa-search fa-fw_1' was broken. Propose an alternative one: '//button/span/i'.

2022-02-13 19:34:08 - [MESSAGE][PASSED] - Object: 'Object Repository/Texting/Page_Nh ca ti/i_Messages selected_icon fa fa-search fa-fw_1' is clicked on

2022-02-13 19:34:08 - [TEST_STEP][PASSED] - verifyElementClickable(findTestObject("Object Repository/Texting/Page_Nh ca ti/h6_Cng Bnh L")): Object 'Object Repository/Texting/Page_Nh ca ti/h6_Cng Bnh L' is clickable

2022-02-13 19:34:15 - [MESSAGE][INFO] - Unable to find the element located by 'By.xpath: //div[@id='yui_3_17_2_1_1641380790278_197']/div[6]/div/div/div/div[2]/div/a/h6'. Please recheck the objects properties to make sure the desired element is located. 

2022-02-13 19:34:15 - [MESSAGE][WARNING] - [SELF-HEALING] Failed to find element with id 'Object Repository/Texting/Page_Nh ca ti/h6_Cng Bnh L'. Try using Self-healing.

2022-02-13 19:34:15 - [MESSAGE][WARNING] - [SELF-HEALING] The current locator of test object 'Object Repository/Texting/Page_Nh ca ti/h6_Cng Bnh L' was broken. Propose an alternative one: '(.//*[normalize-space(text()) and normalize-space(.)='Non-contacts'])[1]/following::h6[1]'.

2022-02-13 19:34:15 - [MESSAGE][PASSED] - Object 'Object Repository/Texting/Page_Nh ca ti/h6_Cng Bnh L' is clickable

2022-02-13 19:34:15 - [TEST_STEP][PASSED] - click(findTestObject("Object Repository/Texting/Page_Nh ca ti/h6_Cng Bnh L")): Object: 'Object Repository/Texting/Page_Nh ca ti/h6_Cng Bnh L' is clicked on

2022-02-13 19:34:21 - [MESSAGE][INFO] - Unable to find the element located by 'By.xpath: //div[@id='yui_3_17_2_1_1641380790278_197']/div[6]/div/div/div/div[2]/div/a/h6'. Please recheck the objects properties to make sure the desired element is located. 

2022-02-13 19:34:21 - [MESSAGE][WARNING] - [SELF-HEALING] Failed to find element with id 'Object Repository/Texting/Page_Nh ca ti/h6_Cng Bnh L'. Try using Self-healing.

2022-02-13 19:34:22 - [MESSAGE][WARNING] - [SELF-HEALING] The current locator of test object 'Object Repository/Texting/Page_Nh ca ti/h6_Cng Bnh L' was broken. Propose an alternative one: '(.//*[normalize-space(text()) and normalize-space(.)='Non-contacts'])[1]/following::h6[1]'.

2022-02-13 19:34:22 - [MESSAGE][PASSED] - Object: 'Object Repository/Texting/Page_Nh ca ti/h6_Cng Bnh L' is clicked on

2022-02-13 19:34:22 - [TEST_STEP][PASSED] - setText(findTestObject("Object Repository/Texting/Page_Nh ca ti/textarea_Use enter to send_yui_3_17_2_1_164_cec9a1"), "I 'm Thanh"): Text 'I 'm Thanh' is set on object 'Object Repository/Texting/Page_Nh ca ti/textarea_Use enter to send_yui_3_17_2_1_164_cec9a1'

2022-02-13 19:34:28 - [MESSAGE][INFO] - Unable to find the element located by 'By.xpath: //textarea[@id='yui_3_17_2_1_1641380790278_222']'. Please recheck the objects properties to make sure the desired element is located. 

2022-02-13 19:34:28 - [MESSAGE][WARNING] - [SELF-HEALING] Failed to find element with id 'Object Repository/Texting/Page_Nh ca ti/textarea_Use enter to send_yui_3_17_2_1_164_cec9a1'. Try using Self-healing.

2022-02-13 19:34:28 - [MESSAGE][WARNING] - [SELF-HEALING] The current locator of test object 'Object Repository/Texting/Page_Nh ca ti/textarea_Use enter to send_yui_3_17_2_1_164_cec9a1' was broken. Propose an alternative one: '//textarea'.

2022-02-13 19:34:35 - [MESSAGE][INFO] - Unable to find the element located by 'By.xpath: //textarea[@id='yui_3_17_2_1_1641380790278_222']'. Please recheck the objects properties to make sure the desired element is located. 

2022-02-13 19:34:35 - [MESSAGE][WARNING] - [SELF-HEALING] Failed to find element with id 'Object Repository/Texting/Page_Nh ca ti/textarea_Use enter to send_yui_3_17_2_1_164_cec9a1'. Try using Self-healing.

2022-02-13 19:34:35 - [MESSAGE][WARNING] - [SELF-HEALING] The current locator of test object 'Object Repository/Texting/Page_Nh ca ti/textarea_Use enter to send_yui_3_17_2_1_164_cec9a1' was broken. Propose an alternative one: '//textarea'.

2022-02-13 19:34:35 - [MESSAGE][PASSED] - Text 'I 'm Thanh' is set on object 'Object Repository/Texting/Page_Nh ca ti/textarea_Use enter to send_yui_3_17_2_1_164_cec9a1'

2022-02-13 19:34:35 - [TEST_STEP][PASSED] - click(findTestObject("Object Repository/Texting/Page_Nh ca ti/i__icon fa fa-paper-plane fa-fw")): Object: 'Object Repository/Texting/Page_Nh ca ti/i__icon fa fa-paper-plane fa-fw' is clicked on

2022-02-13 19:34:41 - [MESSAGE][INFO] - Unable to find the element located by 'By.xpath: //div[@id='yui_3_17_2_1_1641382762786_208']/div/button[2]/span/i'. Please recheck the objects properties to make sure the desired element is located. 

2022-02-13 19:34:41 - [MESSAGE][WARNING] - [SELF-HEALING] Failed to find element with id 'Object Repository/Texting/Page_Nh ca ti/i__icon fa fa-paper-plane fa-fw'. Try using Self-healing.

2022-02-13 19:34:41 - [MESSAGE][WARNING] - [SELF-HEALING] The current locator of test object 'Object Repository/Texting/Page_Nh ca ti/i__icon fa fa-paper-plane fa-fw' was broken. Propose an alternative one: '//button[2]/span/i'.

2022-02-13 19:34:42 - [MESSAGE][PASSED] - Object: 'Object Repository/Texting/Page_Nh ca ti/i__icon fa fa-paper-plane fa-fw' is clicked on

2022-02-13 19:34:42 - [TEST_STEP][PASSED] - click(findTestObject("Object Repository/Texting/Page_Nh ca ti/a_Tin Thnh Nguyn ng")): Object: 'Object Repository/Texting/Page_Nh ca ti/a_Tin Thnh Nguyn ng' is clicked on

2022-02-13 19:34:42 - [MESSAGE][PASSED] - Object: 'Object Repository/Texting/Page_Nh ca ti/a_Tin Thnh Nguyn ng' is clicked on

2022-02-13 19:34:42 - [TEST_STEP][PASSED] - click(findTestObject("Object Repository/Texting/Page_Nh ca ti/a_Thot")): Object: 'Object Repository/Texting/Page_Nh ca ti/a_Thot' is clicked on

2022-02-13 19:34:43 - [MESSAGE][PASSED] - Object: 'Object Repository/Texting/Page_Nh ca ti/a_Thot' is clicked on

2022-02-13 19:34:43 - [TEST_STEP][PASSED] - click(findTestObject("Object Repository/Texting/Page_Local Moodle/a_Log in")): Object: 'Object Repository/Texting/Page_Local Moodle/a_Log in' is clicked on

2022-02-13 19:34:44 - [MESSAGE][PASSED] - Object: 'Object Repository/Texting/Page_Local Moodle/a_Log in' is clicked on

2022-02-13 19:34:44 - [TEST_STEP][PASSED] - setText(findTestObject("Object Repository/Texting/Page_Local Moodle Log in to the site/input_Username_username"), "hs01"): Text 'hs01' is set on object 'Object Repository/Texting/Page_Local Moodle Log in to the site/input_Username_username'

2022-02-13 19:34:44 - [MESSAGE][PASSED] - Text 'hs01' is set on object 'Object Repository/Texting/Page_Local Moodle Log in to the site/input_Username_username'

2022-02-13 19:34:44 - [TEST_STEP][PASSED] - setEncryptedText(findTestObject("Object Repository/Texting/Page_Local Moodle Log in to the site/input_Password_password"), "o5TCnEIIWq2SeGQhIMNXLQ=="): Text ****** has been set on object 'Object Repository/Texting/Page_Local Moodle Log in to the site/input_Password_password'

2022-02-13 19:34:45 - [MESSAGE][PASSED] - Text ****** has been set on object 'Object Repository/Texting/Page_Local Moodle Log in to the site/input_Password_password'

2022-02-13 19:34:45 - [TEST_STEP][PASSED] - click(findTestObject("Object Repository/Texting/Page_Local Moodle Log in to the site/button_Log in")): Object: 'Object Repository/Texting/Page_Local Moodle Log in to the site/button_Log in' is clicked on

2022-02-13 19:34:46 - [MESSAGE][PASSED] - Object: 'Object Repository/Texting/Page_Local Moodle Log in to the site/button_Log in' is clicked on

2022-02-13 19:34:46 - [TEST_STEP][PASSED] - click(findTestObject("Object Repository/Texting/Page_Nh ca ti/i_See all_icon fa fa-comment fa-fw")): Object: 'Object Repository/Texting/Page_Nh ca ti/i_See all_icon fa fa-comment fa-fw' is clicked on

2022-02-13 19:34:52 - [MESSAGE][INFO] - Unable to find the element located by 'By.xpath: //a[@id='message-drawer-toggle-61d5836ab0e7961d5836a98d4612']/i'. Please recheck the objects properties to make sure the desired element is located. 

2022-02-13 19:34:52 - [MESSAGE][WARNING] - [SELF-HEALING] Failed to find element with id 'Object Repository/Texting/Page_Nh ca ti/i_See all_icon fa fa-comment fa-fw'. Try using Self-healing.

2022-02-13 19:34:53 - [MESSAGE][WARNING] - [SELF-HEALING] The current locator of test object 'Object Repository/Texting/Page_Nh ca ti/i_See all_icon fa fa-comment fa-fw' was broken. Propose an alternative one: '//div[2]/a/i'.

2022-02-13 19:34:53 - [MESSAGE][PASSED] - Object: 'Object Repository/Texting/Page_Nh ca ti/i_See all_icon fa fa-comment fa-fw' is clicked on

2022-02-13 19:34:53 - [TEST_STEP][PASSED] - setText(findTestObject("Object Repository/Texting/Page_Nh ca ti/input_Messages selected_form-control"), "Lê"): Text 'Lê' is set on object 'Object Repository/Texting/Page_Nh ca ti/input_Messages selected_form-control'

2022-02-13 19:34:54 - [MESSAGE][PASSED] - Text 'Lê' is set on object 'Object Repository/Texting/Page_Nh ca ti/input_Messages selected_form-control'

2022-02-13 19:34:54 - [TEST_STEP][PASSED] - click(findTestObject("Object Repository/Texting/Page_Nh ca ti/i_Messages selected_icon fa fa-search fa-fw_1_2")): Object: 'Object Repository/Texting/Page_Nh ca ti/i_Messages selected_icon fa fa-search fa-fw_1_2' is clicked on

2022-02-13 19:35:00 - [MESSAGE][INFO] - Unable to find the element located by 'By.xpath: //div[@id='yui_3_17_2_1_1641380882152_209']/div[4]/div/div/div/button/span/i'. Please recheck the objects properties to make sure the desired element is located. 

2022-02-13 19:35:00 - [MESSAGE][WARNING] - [SELF-HEALING] Failed to find element with id 'Object Repository/Texting/Page_Nh ca ti/i_Messages selected_icon fa fa-search fa-fw_1_2'. Try using Self-healing.

2022-02-13 19:35:00 - [MESSAGE][WARNING] - [SELF-HEALING] The current locator of test object 'Object Repository/Texting/Page_Nh ca ti/i_Messages selected_icon fa fa-search fa-fw_1_2' was broken. Propose an alternative one: '//button/span/i'.

2022-02-13 19:35:00 - [MESSAGE][PASSED] - Object: 'Object Repository/Texting/Page_Nh ca ti/i_Messages selected_icon fa fa-search fa-fw_1_2' is clicked on

2022-02-13 19:35:00 - [TEST_STEP][PASSED] - click(findTestObject("Object Repository/Texting/Page_Nh ca ti/h6_Cng Bnh L")): Object: 'Object Repository/Texting/Page_Nh ca ti/h6_Cng Bnh L' is clicked on

2022-02-13 19:35:07 - [MESSAGE][INFO] - Unable to find the element located by 'By.xpath: //div[@id='yui_3_17_2_1_1641380790278_197']/div[6]/div/div/div/div[2]/div/a/h6'. Please recheck the objects properties to make sure the desired element is located. 

2022-02-13 19:35:07 - [MESSAGE][WARNING] - [SELF-HEALING] Failed to find element with id 'Object Repository/Texting/Page_Nh ca ti/h6_Cng Bnh L'. Try using Self-healing.

2022-02-13 19:35:07 - [MESSAGE][WARNING] - [SELF-HEALING] The current locator of test object 'Object Repository/Texting/Page_Nh ca ti/h6_Cng Bnh L' was broken. Propose an alternative one: '(.//*[normalize-space(text()) and normalize-space(.)='Non-contacts'])[1]/following::h6[1]'.

2022-02-13 19:35:07 - [MESSAGE][PASSED] - Object: 'Object Repository/Texting/Page_Nh ca ti/h6_Cng Bnh L' is clicked on

2022-02-13 19:35:07 - [TEST_STEP][PASSED] - setText(findTestObject("Object Repository/Texting/Page_Nh ca ti/textarea_Use enter to send_yui_3_17_2_1_164_5e8ada"), "I 'm A"): Text 'I 'm A' is set on object 'Object Repository/Texting/Page_Nh ca ti/textarea_Use enter to send_yui_3_17_2_1_164_5e8ada'

2022-02-13 19:35:13 - [MESSAGE][INFO] - Unable to find the element located by 'By.xpath: //textarea[@id='yui_3_17_2_1_1641380882152_229']'. Please recheck the objects properties to make sure the desired element is located. 

2022-02-13 19:35:13 - [MESSAGE][WARNING] - [SELF-HEALING] Failed to find element with id 'Object Repository/Texting/Page_Nh ca ti/textarea_Use enter to send_yui_3_17_2_1_164_5e8ada'. Try using Self-healing.

2022-02-13 19:35:13 - [MESSAGE][WARNING] - [SELF-HEALING] The current locator of test object 'Object Repository/Texting/Page_Nh ca ti/textarea_Use enter to send_yui_3_17_2_1_164_5e8ada' was broken. Propose an alternative one: '//textarea'.

2022-02-13 19:35:20 - [MESSAGE][INFO] - Unable to find the element located by 'By.xpath: //textarea[@id='yui_3_17_2_1_1641380882152_229']'. Please recheck the objects properties to make sure the desired element is located. 

2022-02-13 19:35:20 - [MESSAGE][WARNING] - [SELF-HEALING] Failed to find element with id 'Object Repository/Texting/Page_Nh ca ti/textarea_Use enter to send_yui_3_17_2_1_164_5e8ada'. Try using Self-healing.

2022-02-13 19:35:20 - [MESSAGE][WARNING] - [SELF-HEALING] The current locator of test object 'Object Repository/Texting/Page_Nh ca ti/textarea_Use enter to send_yui_3_17_2_1_164_5e8ada' was broken. Propose an alternative one: '//textarea'.

2022-02-13 19:35:20 - [MESSAGE][PASSED] - Text 'I 'm A' is set on object 'Object Repository/Texting/Page_Nh ca ti/textarea_Use enter to send_yui_3_17_2_1_164_5e8ada'

2022-02-13 19:35:20 - [TEST_STEP][PASSED] - verifyElementClickable(findTestObject("Object Repository/Texting/Page_Nh ca ti/i__icon fa fa-paper-plane fa-fw_1")): Object 'Object Repository/Texting/Page_Nh ca ti/i__icon fa fa-paper-plane fa-fw_1' is clickable

2022-02-13 19:35:26 - [MESSAGE][INFO] - Unable to find the element located by 'By.xpath: //div[@id='yui_3_17_2_1_1641380882152_230']/div/button[2]/span/i'. Please recheck the objects properties to make sure the desired element is located. 

2022-02-13 19:35:26 - [MESSAGE][WARNING] - [SELF-HEALING] Failed to find element with id 'Object Repository/Texting/Page_Nh ca ti/i__icon fa fa-paper-plane fa-fw_1'. Try using Self-healing.

2022-02-13 19:35:27 - [MESSAGE][WARNING] - [SELF-HEALING] The current locator of test object 'Object Repository/Texting/Page_Nh ca ti/i__icon fa fa-paper-plane fa-fw_1' was broken. Propose an alternative one: '//button[2]/span/i'.

2022-02-13 19:35:27 - [MESSAGE][PASSED] - Object 'Object Repository/Texting/Page_Nh ca ti/i__icon fa fa-paper-plane fa-fw_1' is clickable

2022-02-13 19:35:27 - [TEST_STEP][PASSED] - click(findTestObject("Object Repository/Texting/Page_Nh ca ti/i__icon fa fa-paper-plane fa-fw_1")): Object: 'Object Repository/Texting/Page_Nh ca ti/i__icon fa fa-paper-plane fa-fw_1' is clicked on

2022-02-13 19:35:33 - [MESSAGE][INFO] - Unable to find the element located by 'By.xpath: //div[@id='yui_3_17_2_1_1641380882152_230']/div/button[2]/span/i'. Please recheck the objects properties to make sure the desired element is located. 

2022-02-13 19:35:33 - [MESSAGE][WARNING] - [SELF-HEALING] Failed to find element with id 'Object Repository/Texting/Page_Nh ca ti/i__icon fa fa-paper-plane fa-fw_1'. Try using Self-healing.

2022-02-13 19:35:33 - [MESSAGE][WARNING] - [SELF-HEALING] The current locator of test object 'Object Repository/Texting/Page_Nh ca ti/i__icon fa fa-paper-plane fa-fw_1' was broken. Propose an alternative one: '//button[2]/span/i'.

2022-02-13 19:35:33 - [MESSAGE][PASSED] - Object: 'Object Repository/Texting/Page_Nh ca ti/i__icon fa fa-paper-plane fa-fw_1' is clicked on

2022-02-13 19:35:33 - [TEST_STEP][PASSED] - verifyElementText(findTestObject("Object Repository/Texting/Page_Nh ca ti/p_I m A"), "I 'm A"): Actual text and expected text of test object 'Object Repository/Texting/Page_Nh ca ti/p_I m A' are matched.

2022-02-13 19:35:40 - [MESSAGE][INFO] - Unable to find the element located by 'By.xpath: //div[@id='yui_3_17_2_1_1641380882152_204']/div[3]/div/div/div[4]/div/div[5]/div[3]/p'. Please recheck the objects properties to make sure the desired element is located. 

2022-02-13 19:35:40 - [MESSAGE][WARNING] - [SELF-HEALING] Failed to find element with id 'Object Repository/Texting/Page_Nh ca ti/p_I m A'. Try using Self-healing.

2022-02-13 19:35:40 - [MESSAGE][WARNING] - [SELF-HEALING] The current locator of test object 'Object Repository/Texting/Page_Nh ca ti/p_I m A' was broken. Propose an alternative one: '(.//*[normalize-space(text()) and normalize-space(.)='Delete for me and for everyone else'])[1]/preceding::p[2]'.

2022-02-13 19:35:40 - [MESSAGE][PASSED] - Actual text and expected text of test object 'Object Repository/Texting/Page_Nh ca ti/p_I m A' are matched.

2022-02-13 19:35:40 - [TEST_STEP][PASSED] - click(findTestObject("Object Repository/Texting/Page_Nh ca ti/a_Vn A Nguyn")): Object: 'Object Repository/Texting/Page_Nh ca ti/a_Vn A Nguyn' is clicked on

2022-02-13 19:35:40 - [MESSAGE][PASSED] - Object: 'Object Repository/Texting/Page_Nh ca ti/a_Vn A Nguyn' is clicked on

2022-02-13 19:35:40 - [TEST_STEP][PASSED] - click(findTestObject("Object Repository/Texting/Page_Nh ca ti/a_Thot_1")): Object: 'Object Repository/Texting/Page_Nh ca ti/a_Thot_1' is clicked on

2022-02-13 19:35:41 - [MESSAGE][PASSED] - Object: 'Object Repository/Texting/Page_Nh ca ti/a_Thot_1' is clicked on

2022-02-13 19:35:41 - [TEST_STEP][PASSED] - click(findTestObject("Object Repository/Texting/Page_Local Moodle/a_Log in")): Object: 'Object Repository/Texting/Page_Local Moodle/a_Log in' is clicked on

2022-02-13 19:35:42 - [MESSAGE][PASSED] - Object: 'Object Repository/Texting/Page_Local Moodle/a_Log in' is clicked on

2022-02-13 19:35:42 - [TEST_STEP][PASSED] - setText(findTestObject("Object Repository/Texting/Page_Local Moodle Log in to the site/input_Username_username"), "lcbinh"): Text 'lcbinh' is set on object 'Object Repository/Texting/Page_Local Moodle Log in to the site/input_Username_username'

2022-02-13 19:35:43 - [MESSAGE][PASSED] - Text 'lcbinh' is set on object 'Object Repository/Texting/Page_Local Moodle Log in to the site/input_Username_username'

2022-02-13 19:35:43 - [TEST_STEP][PASSED] - setEncryptedText(findTestObject("Object Repository/Texting/Page_Local Moodle Log in to the site/input_Password_password"), "o5TCnEIIWq0Pz0TkrK1a2rpuWvRKVWz2"): Text ****** has been set on object 'Object Repository/Texting/Page_Local Moodle Log in to the site/input_Password_password'

2022-02-13 19:35:43 - [MESSAGE][PASSED] - Text ****** has been set on object 'Object Repository/Texting/Page_Local Moodle Log in to the site/input_Password_password'

2022-02-13 19:35:43 - [TEST_STEP][PASSED] - click(findTestObject("Object Repository/Texting/Page_Local Moodle Log in to the site/button_Log in")): Object: 'Object Repository/Texting/Page_Local Moodle Log in to the site/button_Log in' is clicked on

2022-02-13 19:35:44 - [MESSAGE][PASSED] - Object: 'Object Repository/Texting/Page_Local Moodle Log in to the site/button_Log in' is clicked on

2022-02-13 19:35:44 - [TEST_STEP][PASSED] - verifyElementClickable(findTestObject("Object Repository/Texting/Page_Nh ca ti/i_See all_icon fa fa-comment fa-fw")): Object 'Object Repository/Texting/Page_Nh ca ti/i_See all_icon fa fa-comment fa-fw' is clickable

2022-02-13 19:35:50 - [MESSAGE][INFO] - Unable to find the element located by 'By.xpath: //a[@id='message-drawer-toggle-61d5836ab0e7961d5836a98d4612']/i'. Please recheck the objects properties to make sure the desired element is located. 

2022-02-13 19:35:50 - [MESSAGE][WARNING] - [SELF-HEALING] Failed to find element with id 'Object Repository/Texting/Page_Nh ca ti/i_See all_icon fa fa-comment fa-fw'. Try using Self-healing.

2022-02-13 19:35:51 - [MESSAGE][WARNING] - [SELF-HEALING] The current locator of test object 'Object Repository/Texting/Page_Nh ca ti/i_See all_icon fa fa-comment fa-fw' was broken. Propose an alternative one: '//div[2]/a/i'.

2022-02-13 19:35:51 - [MESSAGE][PASSED] - Object 'Object Repository/Texting/Page_Nh ca ti/i_See all_icon fa fa-comment fa-fw' is clickable

2022-02-13 19:35:51 - [TEST_STEP][PASSED] - click(findTestObject("Object Repository/Texting/Page_Nh ca ti/i_See all_icon fa fa-comment fa-fw")): Object: 'Object Repository/Texting/Page_Nh ca ti/i_See all_icon fa fa-comment fa-fw' is clicked on

2022-02-13 19:35:57 - [MESSAGE][INFO] - Unable to find the element located by 'By.xpath: //a[@id='message-drawer-toggle-61d5836ab0e7961d5836a98d4612']/i'. Please recheck the objects properties to make sure the desired element is located. 

2022-02-13 19:35:57 - [MESSAGE][WARNING] - [SELF-HEALING] Failed to find element with id 'Object Repository/Texting/Page_Nh ca ti/i_See all_icon fa fa-comment fa-fw'. Try using Self-healing.

2022-02-13 19:35:57 - [MESSAGE][WARNING] - [SELF-HEALING] The current locator of test object 'Object Repository/Texting/Page_Nh ca ti/i_See all_icon fa fa-comment fa-fw' was broken. Propose an alternative one: '//div[2]/a/i'.

2022-02-13 19:35:57 - [MESSAGE][PASSED] - Object: 'Object Repository/Texting/Page_Nh ca ti/i_See all_icon fa fa-comment fa-fw' is clicked on

2022-02-13 19:35:57 - [TEST_STEP][PASSED] - verifyElementText(findTestObject("Object Repository/Texting/Page_Nh ca ti/span_I m A"), "I 'm A"): Actual text and expected text of test object 'Object Repository/Texting/Page_Nh ca ti/span_I m A' are matched.

2022-02-13 19:36:04 - [MESSAGE][INFO] - Unable to find the element located by 'By.xpath: //div[@id='view-overview-messages-target-61d57c5b0cd3961d57c5ae95c521']/div[2]/a/div/p/span'. Please recheck the objects properties to make sure the desired element is located. 

2022-02-13 19:36:04 - [MESSAGE][WARNING] - [SELF-HEALING] Failed to find element with id 'Object Repository/Texting/Page_Nh ca ti/span_I m A'. Try using Self-healing.

2022-02-13 19:36:04 - [MESSAGE][WARNING] - [SELF-HEALING] The current locator of test object 'Object Repository/Texting/Page_Nh ca ti/span_I m A' was broken. Propose an alternative one: '(.//*[normalize-space(text()) and normalize-space(.)=concat('I ', "'", 'm Thanh')])[1]/preceding::span[6]'.

2022-02-13 19:36:04 - [MESSAGE][PASSED] - Actual text and expected text of test object 'Object Repository/Texting/Page_Nh ca ti/span_I m A' are matched.

2022-02-13 19:36:04 - [TEST_STEP][PASSED] - verifyElementText(findTestObject("Object Repository/Texting/Page_Nh ca ti/span_I m Thanh"), "I 'm Thanh"): Actual text and expected text of test object 'Object Repository/Texting/Page_Nh ca ti/span_I m Thanh' are matched.

2022-02-13 19:36:10 - [MESSAGE][INFO] - Unable to find the element located by 'By.xpath: //div[@id='view-overview-messages-target-61d57c5b0cd3961d57c5ae95c521']/div[2]/a[2]/div/p/span'. Please recheck the objects properties to make sure the desired element is located. 

2022-02-13 19:36:10 - [MESSAGE][WARNING] - [SELF-HEALING] Failed to find element with id 'Object Repository/Texting/Page_Nh ca ti/span_I m Thanh'. Try using Self-healing.

2022-02-13 19:36:10 - [MESSAGE][WARNING] - [SELF-HEALING] The current locator of test object 'Object Repository/Texting/Page_Nh ca ti/span_I m Thanh' was broken. Propose an alternative one: '(.//*[normalize-space(text()) and normalize-space(.)=concat('I ', "'", 'm A')])[1]/following::span[6]'.

2022-02-13 19:36:10 - [MESSAGE][PASSED] - Actual text and expected text of test object 'Object Repository/Texting/Page_Nh ca ti/span_I m Thanh' are matched.

2022-02-13 19:36:10 - [TEST_STEP][PASSED] - click(findTestObject("Object Repository/Texting/Page_Nh ca ti/strong_Tin Thnh Nguyn ng")): Object: 'Object Repository/Texting/Page_Nh ca ti/strong_Tin Thnh Nguyn ng' is clicked on

2022-02-13 19:36:17 - [MESSAGE][INFO] - Unable to find the element located by 'By.xpath: //div[@id='view-overview-messages-target-61d5836ab33eb61d5836a98d4621']/div[2]/a[2]/div/div/strong'. Please recheck the objects properties to make sure the desired element is located. 

2022-02-13 19:36:17 - [MESSAGE][WARNING] - [SELF-HEALING] Failed to find element with id 'Object Repository/Texting/Page_Nh ca ti/strong_Tin Thnh Nguyn ng'. Try using Self-healing.

2022-02-13 19:36:17 - [MESSAGE][WARNING] - [SELF-HEALING] The current locator of test object 'Object Repository/Texting/Page_Nh ca ti/strong_Tin Thnh Nguyn ng' was broken. Propose an alternative one: '(.//*[normalize-space(text()) and normalize-space(.)=concat('I ', "'", 'm A')])[1]/following::strong[1]'.

2022-02-13 19:36:17 - [MESSAGE][PASSED] - Object: 'Object Repository/Texting/Page_Nh ca ti/strong_Tin Thnh Nguyn ng' is clicked on

2022-02-13 19:36:17 - [TEST_STEP][PASSED] - click(findTestObject("Object Repository/Texting/Page_Nh ca ti/i_Lin lc_icon fa fa-chevron-left fa-fw")): Object: 'Object Repository/Texting/Page_Nh ca ti/i_Lin lc_icon fa fa-chevron-left fa-fw' is clicked on

2022-02-13 19:36:23 - [MESSAGE][INFO] - Unable to find the element located by 'By.xpath: //div[@id='yui_3_17_2_1_1641380955105_206']/div/a/div/span/i'. Please recheck the objects properties to make sure the desired element is located. 

2022-02-13 19:36:23 - [MESSAGE][WARNING] - [SELF-HEALING] Failed to find element with id 'Object Repository/Texting/Page_Nh ca ti/i_Lin lc_icon fa fa-chevron-left fa-fw'. Try using Self-healing.

2022-02-13 19:36:24 - [MESSAGE][WARNING] - [SELF-HEALING] The current locator of test object 'Object Repository/Texting/Page_Nh ca ti/i_Lin lc_icon fa fa-chevron-left fa-fw' was broken. Propose an alternative one: '//div[2]/div[2]/div/div/div/a/div/span/i'.

2022-02-13 19:36:24 - [MESSAGE][PASSED] - Object: 'Object Repository/Texting/Page_Nh ca ti/i_Lin lc_icon fa fa-chevron-left fa-fw' is clicked on

2022-02-13 19:36:24 - [TEST_STEP][PASSED] - click(findTestObject("Object Repository/Texting/Page_Nh ca ti/strong_Vn A Nguyn")): Object: 'Object Repository/Texting/Page_Nh ca ti/strong_Vn A Nguyn' is clicked on

2022-02-13 19:36:30 - [MESSAGE][INFO] - Unable to find the element located by 'By.xpath: //div[@id='yui_3_17_2_1_1641380955105_202']/a/div/div/strong'. Please recheck the objects properties to make sure the desired element is located. 

2022-02-13 19:36:30 - [MESSAGE][WARNING] - [SELF-HEALING] Failed to find element with id 'Object Repository/Texting/Page_Nh ca ti/strong_Vn A Nguyn'. Try using Self-healing.

2022-02-13 19:36:30 - [MESSAGE][WARNING] - [SELF-HEALING] The current locator of test object 'Object Repository/Texting/Page_Nh ca ti/strong_Vn A Nguyn' was broken. Propose an alternative one: '(.//*[normalize-space(text()) and normalize-space(.)='Private'])[1]/following::strong[1]'.

2022-02-13 19:36:31 - [MESSAGE][PASSED] - Object: 'Object Repository/Texting/Page_Nh ca ti/strong_Vn A Nguyn' is clicked on

2022-02-13 19:36:31 - [TEST_STEP][PASSED] - click(findTestObject("Object Repository/Texting/Page_Nh ca ti/span_Lin lc_dir-rtl-hide")): Object: 'Object Repository/Texting/Page_Nh ca ti/span_Lin lc_dir-rtl-hide' is clicked on

2022-02-13 19:36:37 - [MESSAGE][INFO] - Unable to find the element located by 'By.xpath: //div[@id='yui_3_17_2_1_1641380955105_257']/div/a/div/span'. Please recheck the objects properties to make sure the desired element is located. 

2022-02-13 19:36:37 - [MESSAGE][WARNING] - [SELF-HEALING] Failed to find element with id 'Object Repository/Texting/Page_Nh ca ti/span_Lin lc_dir-rtl-hide'. Try using Self-healing.

2022-02-13 19:36:37 - [MESSAGE][WARNING] - [SELF-HEALING] The current locator of test object 'Object Repository/Texting/Page_Nh ca ti/span_Lin lc_dir-rtl-hide' was broken. Propose an alternative one: '(.//*[normalize-space(text()) and normalize-space(.)='Liên lạc'])[1]/following::span[1]'.

2022-02-13 19:36:37 - [MESSAGE][PASSED] - Object: 'Object Repository/Texting/Page_Nh ca ti/span_Lin lc_dir-rtl-hide' is clicked on

2022-02-13 19:36:37 - [TEST_STEP][PASSED] - closeBrowser(): Browser is closed

2022-02-13 19:36:38 - [MESSAGE][PASSED] - Browser is closed]]></system-out>
         <system-err><![CDATA[]]></system-err>
      </testcase>
      <testcase name="Test Cases/Texting/Student texts teacher" time="120.871" classname="Test Cases/Texting/Student texts teacher" status="PASSED">
         <system-out><![CDATA[2022-02-13 19:36:38 - [TEST_CASE][PASSED] - Test Cases/Texting/Student texts teacher: Test Cases/Texting/Student texts teacher

2022-02-13 19:36:38 - [TEST_STEP][PASSED] - openBrowser(""): Browser is opened with url: ''

2022-02-13 19:36:38 - [MESSAGE][INFO] - Starting 'Edge Chromium' driver

2022-02-13 19:36:41 - [MESSAGE][INFO] - Action delay is set to 0 milliseconds

2022-02-13 19:36:41 - [MESSAGE][PASSED] - Browser is opened with url: ''

2022-02-13 19:36:41 - [TEST_STEP][PASSED] - navigateToUrl("http://localhost/"): Navigate to 'http://localhost/' successfully

2022-02-13 19:36:42 - [MESSAGE][PASSED] - Navigate to 'http://localhost/' successfully

2022-02-13 19:36:42 - [TEST_STEP][PASSED] - click(findTestObject("Object Repository/Texting/Page_Local Moodle/a_Log in")): Object: 'Object Repository/Texting/Page_Local Moodle/a_Log in' is clicked on

2022-02-13 19:36:43 - [MESSAGE][PASSED] - Object: 'Object Repository/Texting/Page_Local Moodle/a_Log in' is clicked on

2022-02-13 19:36:43 - [TEST_STEP][PASSED] - setText(findTestObject("Object Repository/Texting/Page_Local Moodle Log in to the site/input_Username_username"), "hs01"): Text 'hs01' is set on object 'Object Repository/Texting/Page_Local Moodle Log in to the site/input_Username_username'

2022-02-13 19:36:44 - [MESSAGE][PASSED] - Text 'hs01' is set on object 'Object Repository/Texting/Page_Local Moodle Log in to the site/input_Username_username'

2022-02-13 19:36:44 - [TEST_STEP][PASSED] - setEncryptedText(findTestObject("Object Repository/Texting/Page_Local Moodle Log in to the site/input_Password_password"), "o5TCnEIIWq2SeGQhIMNXLQ=="): Text ****** has been set on object 'Object Repository/Texting/Page_Local Moodle Log in to the site/input_Password_password'

2022-02-13 19:36:44 - [MESSAGE][PASSED] - Text ****** has been set on object 'Object Repository/Texting/Page_Local Moodle Log in to the site/input_Password_password'

2022-02-13 19:36:44 - [TEST_STEP][PASSED] - click(findTestObject("Object Repository/Texting/Page_Local Moodle Log in to the site/button_Log in")): Object: 'Object Repository/Texting/Page_Local Moodle Log in to the site/button_Log in' is clicked on

2022-02-13 19:36:45 - [MESSAGE][PASSED] - Object: 'Object Repository/Texting/Page_Local Moodle Log in to the site/button_Log in' is clicked on

2022-02-13 19:36:45 - [TEST_STEP][PASSED] - verifyElementClickable(findTestObject("Object Repository/Texting/Page_Nh ca ti/i_See all_icon fa fa-comment fa-fw")): Object 'Object Repository/Texting/Page_Nh ca ti/i_See all_icon fa fa-comment fa-fw' is clickable

2022-02-13 19:36:52 - [MESSAGE][INFO] - Unable to find the element located by 'By.xpath: //a[@id='message-drawer-toggle-61d5836ab0e7961d5836a98d4612']/i'. Please recheck the objects properties to make sure the desired element is located. 

2022-02-13 19:36:52 - [MESSAGE][WARNING] - [SELF-HEALING] Failed to find element with id 'Object Repository/Texting/Page_Nh ca ti/i_See all_icon fa fa-comment fa-fw'. Try using Self-healing.

2022-02-13 19:36:52 - [MESSAGE][WARNING] - [SELF-HEALING] The current locator of test object 'Object Repository/Texting/Page_Nh ca ti/i_See all_icon fa fa-comment fa-fw' was broken. Propose an alternative one: '//div[2]/a/i'.

2022-02-13 19:36:52 - [MESSAGE][PASSED] - Object 'Object Repository/Texting/Page_Nh ca ti/i_See all_icon fa fa-comment fa-fw' is clickable

2022-02-13 19:36:52 - [TEST_STEP][PASSED] - click(findTestObject("Object Repository/Texting/Page_Nh ca ti/i_See all_icon fa fa-comment fa-fw")): Object: 'Object Repository/Texting/Page_Nh ca ti/i_See all_icon fa fa-comment fa-fw' is clicked on

2022-02-13 19:36:58 - [MESSAGE][INFO] - Unable to find the element located by 'By.xpath: //a[@id='message-drawer-toggle-61d5836ab0e7961d5836a98d4612']/i'. Please recheck the objects properties to make sure the desired element is located. 

2022-02-13 19:36:58 - [MESSAGE][WARNING] - [SELF-HEALING] Failed to find element with id 'Object Repository/Texting/Page_Nh ca ti/i_See all_icon fa fa-comment fa-fw'. Try using Self-healing.

2022-02-13 19:36:59 - [MESSAGE][WARNING] - [SELF-HEALING] The current locator of test object 'Object Repository/Texting/Page_Nh ca ti/i_See all_icon fa fa-comment fa-fw' was broken. Propose an alternative one: '//div[2]/a/i'.

2022-02-13 19:36:59 - [MESSAGE][PASSED] - Object: 'Object Repository/Texting/Page_Nh ca ti/i_See all_icon fa fa-comment fa-fw' is clicked on

2022-02-13 19:36:59 - [TEST_STEP][PASSED] - setText(findTestObject("Object Repository/Texting/Page_Nh ca ti/input_Messages selected_form-control"), "Lê"): Text 'Lê' is set on object 'Object Repository/Texting/Page_Nh ca ti/input_Messages selected_form-control'

2022-02-13 19:37:00 - [MESSAGE][PASSED] - Text 'Lê' is set on object 'Object Repository/Texting/Page_Nh ca ti/input_Messages selected_form-control'

2022-02-13 19:37:00 - [TEST_STEP][PASSED] - verifyElementClickable(findTestObject("Object Repository/Texting/Page_Nh ca ti/i_Messages selected_icon fa fa-search fa-fw")): Object 'Object Repository/Texting/Page_Nh ca ti/i_Messages selected_icon fa fa-search fa-fw' is clickable

2022-02-13 19:37:06 - [MESSAGE][INFO] - Unable to find the element located by 'By.xpath: //div[@id='yui_3_17_2_1_1641380622208_201']/div[4]/div/div/div/button/span/i'. Please recheck the objects properties to make sure the desired element is located. 

2022-02-13 19:37:06 - [MESSAGE][WARNING] - [SELF-HEALING] Failed to find element with id 'Object Repository/Texting/Page_Nh ca ti/i_Messages selected_icon fa fa-search fa-fw'. Try using Self-healing.

2022-02-13 19:37:07 - [MESSAGE][WARNING] - [SELF-HEALING] The current locator of test object 'Object Repository/Texting/Page_Nh ca ti/i_Messages selected_icon fa fa-search fa-fw' was broken. Propose an alternative one: '//button/span/i'.

2022-02-13 19:37:07 - [MESSAGE][PASSED] - Object 'Object Repository/Texting/Page_Nh ca ti/i_Messages selected_icon fa fa-search fa-fw' is clickable

2022-02-13 19:37:07 - [TEST_STEP][PASSED] - click(findTestObject("Object Repository/Texting/Page_Nh ca ti/i_Messages selected_icon fa fa-search fa-fw")): Object: 'Object Repository/Texting/Page_Nh ca ti/i_Messages selected_icon fa fa-search fa-fw' is clicked on

2022-02-13 19:37:13 - [MESSAGE][INFO] - Unable to find the element located by 'By.xpath: //div[@id='yui_3_17_2_1_1641380622208_201']/div[4]/div/div/div/button/span/i'. Please recheck the objects properties to make sure the desired element is located. 

2022-02-13 19:37:13 - [MESSAGE][WARNING] - [SELF-HEALING] Failed to find element with id 'Object Repository/Texting/Page_Nh ca ti/i_Messages selected_icon fa fa-search fa-fw'. Try using Self-healing.

2022-02-13 19:37:13 - [MESSAGE][WARNING] - [SELF-HEALING] The current locator of test object 'Object Repository/Texting/Page_Nh ca ti/i_Messages selected_icon fa fa-search fa-fw' was broken. Propose an alternative one: '//button/span/i'.

2022-02-13 19:37:13 - [MESSAGE][PASSED] - Object: 'Object Repository/Texting/Page_Nh ca ti/i_Messages selected_icon fa fa-search fa-fw' is clicked on

2022-02-13 19:37:13 - [TEST_STEP][PASSED] - click(findTestObject("Object Repository/Texting/Page_Nh ca ti/h6_Cng Bnh L")): Object: 'Object Repository/Texting/Page_Nh ca ti/h6_Cng Bnh L' is clicked on

2022-02-13 19:37:19 - [MESSAGE][INFO] - Unable to find the element located by 'By.xpath: //div[@id='yui_3_17_2_1_1641380790278_197']/div[6]/div/div/div/div[2]/div/a/h6'. Please recheck the objects properties to make sure the desired element is located. 

2022-02-13 19:37:19 - [MESSAGE][WARNING] - [SELF-HEALING] Failed to find element with id 'Object Repository/Texting/Page_Nh ca ti/h6_Cng Bnh L'. Try using Self-healing.

2022-02-13 19:37:20 - [MESSAGE][WARNING] - [SELF-HEALING] The current locator of test object 'Object Repository/Texting/Page_Nh ca ti/h6_Cng Bnh L' was broken. Propose an alternative one: '(.//*[normalize-space(text()) and normalize-space(.)='Non-contacts'])[1]/following::h6[1]'.

2022-02-13 19:37:20 - [MESSAGE][PASSED] - Object: 'Object Repository/Texting/Page_Nh ca ti/h6_Cng Bnh L' is clicked on

2022-02-13 19:37:20 - [TEST_STEP][PASSED] - setText(findTestObject("Object Repository/Texting/Page_Nh ca ti/textarea_Use enter to send_yui_3_17_2_1_164_d197e1"), "Hello world"): Text 'Hello world' is set on object 'Object Repository/Texting/Page_Nh ca ti/textarea_Use enter to send_yui_3_17_2_1_164_d197e1'

2022-02-13 19:37:26 - [MESSAGE][INFO] - Unable to find the element located by 'By.xpath: //textarea[@id='yui_3_17_2_1_1641378304713_228']'. Please recheck the objects properties to make sure the desired element is located. 

2022-02-13 19:37:26 - [MESSAGE][WARNING] - [SELF-HEALING] Failed to find element with id 'Object Repository/Texting/Page_Nh ca ti/textarea_Use enter to send_yui_3_17_2_1_164_d197e1'. Try using Self-healing.

2022-02-13 19:37:26 - [MESSAGE][WARNING] - [SELF-HEALING] The current locator of test object 'Object Repository/Texting/Page_Nh ca ti/textarea_Use enter to send_yui_3_17_2_1_164_d197e1' was broken. Propose an alternative one: '//textarea'.

2022-02-13 19:37:33 - [MESSAGE][INFO] - Unable to find the element located by 'By.xpath: //textarea[@id='yui_3_17_2_1_1641378304713_228']'. Please recheck the objects properties to make sure the desired element is located. 

2022-02-13 19:37:33 - [MESSAGE][WARNING] - [SELF-HEALING] Failed to find element with id 'Object Repository/Texting/Page_Nh ca ti/textarea_Use enter to send_yui_3_17_2_1_164_d197e1'. Try using Self-healing.

2022-02-13 19:37:33 - [MESSAGE][WARNING] - [SELF-HEALING] The current locator of test object 'Object Repository/Texting/Page_Nh ca ti/textarea_Use enter to send_yui_3_17_2_1_164_d197e1' was broken. Propose an alternative one: '//textarea'.

2022-02-13 19:37:33 - [MESSAGE][PASSED] - Text 'Hello world' is set on object 'Object Repository/Texting/Page_Nh ca ti/textarea_Use enter to send_yui_3_17_2_1_164_d197e1'

2022-02-13 19:37:33 - [TEST_STEP][PASSED] - verifyElementClickable(findTestObject("Object Repository/Texting/Page_Nh ca ti/i__icon fa fa-paper-plane fa-fw")): Object 'Object Repository/Texting/Page_Nh ca ti/i__icon fa fa-paper-plane fa-fw' is clickable

2022-02-13 19:37:39 - [MESSAGE][INFO] - Unable to find the element located by 'By.xpath: //div[@id='yui_3_17_2_1_1641382762786_208']/div/button[2]/span/i'. Please recheck the objects properties to make sure the desired element is located. 

2022-02-13 19:37:39 - [MESSAGE][WARNING] - [SELF-HEALING] Failed to find element with id 'Object Repository/Texting/Page_Nh ca ti/i__icon fa fa-paper-plane fa-fw'. Try using Self-healing.

2022-02-13 19:37:39 - [MESSAGE][WARNING] - [SELF-HEALING] The current locator of test object 'Object Repository/Texting/Page_Nh ca ti/i__icon fa fa-paper-plane fa-fw' was broken. Propose an alternative one: '//button[2]/span/i'.

2022-02-13 19:37:39 - [MESSAGE][PASSED] - Object 'Object Repository/Texting/Page_Nh ca ti/i__icon fa fa-paper-plane fa-fw' is clickable

2022-02-13 19:37:39 - [TEST_STEP][PASSED] - click(findTestObject("Object Repository/Texting/Page_Nh ca ti/i__icon fa fa-paper-plane fa-fw")): Object: 'Object Repository/Texting/Page_Nh ca ti/i__icon fa fa-paper-plane fa-fw' is clicked on

2022-02-13 19:37:46 - [MESSAGE][INFO] - Unable to find the element located by 'By.xpath: //div[@id='yui_3_17_2_1_1641382762786_208']/div/button[2]/span/i'. Please recheck the objects properties to make sure the desired element is located. 

2022-02-13 19:37:46 - [MESSAGE][WARNING] - [SELF-HEALING] Failed to find element with id 'Object Repository/Texting/Page_Nh ca ti/i__icon fa fa-paper-plane fa-fw'. Try using Self-healing.

2022-02-13 19:37:46 - [MESSAGE][WARNING] - [SELF-HEALING] The current locator of test object 'Object Repository/Texting/Page_Nh ca ti/i__icon fa fa-paper-plane fa-fw' was broken. Propose an alternative one: '//button[2]/span/i'.

2022-02-13 19:37:46 - [MESSAGE][PASSED] - Object: 'Object Repository/Texting/Page_Nh ca ti/i__icon fa fa-paper-plane fa-fw' is clicked on

2022-02-13 19:37:46 - [TEST_STEP][PASSED] - click(findTestObject("Object Repository/Texting/Page_Nh ca ti/a_Vn A Nguyn")): Object: 'Object Repository/Texting/Page_Nh ca ti/a_Vn A Nguyn' is clicked on

2022-02-13 19:37:47 - [MESSAGE][PASSED] - Object: 'Object Repository/Texting/Page_Nh ca ti/a_Vn A Nguyn' is clicked on

2022-02-13 19:37:47 - [TEST_STEP][PASSED] - click(findTestObject("Object Repository/Texting/Page_Nh ca ti/span_Thot")): Object: 'Object Repository/Texting/Page_Nh ca ti/span_Thot' is clicked on

2022-02-13 19:37:47 - [MESSAGE][PASSED] - Object: 'Object Repository/Texting/Page_Nh ca ti/span_Thot' is clicked on

2022-02-13 19:37:47 - [TEST_STEP][PASSED] - click(findTestObject("Object Repository/Texting/Page_Local Moodle/a_Log in")): Object: 'Object Repository/Texting/Page_Local Moodle/a_Log in' is clicked on

2022-02-13 19:37:48 - [MESSAGE][PASSED] - Object: 'Object Repository/Texting/Page_Local Moodle/a_Log in' is clicked on

2022-02-13 19:37:48 - [TEST_STEP][PASSED] - setText(findTestObject("Object Repository/Texting/Page_Local Moodle Log in to the site/input_Username_username"), "lcbinh"): Text 'lcbinh' is set on object 'Object Repository/Texting/Page_Local Moodle Log in to the site/input_Username_username'

2022-02-13 19:37:49 - [MESSAGE][PASSED] - Text 'lcbinh' is set on object 'Object Repository/Texting/Page_Local Moodle Log in to the site/input_Username_username'

2022-02-13 19:37:49 - [TEST_STEP][PASSED] - setEncryptedText(findTestObject("Object Repository/Texting/Page_Local Moodle Log in to the site/input_Password_password"), "o5TCnEIIWq0Pz0TkrK1a2rpuWvRKVWz2"): Text ****** has been set on object 'Object Repository/Texting/Page_Local Moodle Log in to the site/input_Password_password'

2022-02-13 19:37:49 - [MESSAGE][PASSED] - Text ****** has been set on object 'Object Repository/Texting/Page_Local Moodle Log in to the site/input_Password_password'

2022-02-13 19:37:49 - [TEST_STEP][PASSED] - click(findTestObject("Object Repository/Texting/Page_Local Moodle Log in to the site/button_Log in")): Object: 'Object Repository/Texting/Page_Local Moodle Log in to the site/button_Log in' is clicked on

2022-02-13 19:37:50 - [MESSAGE][PASSED] - Object: 'Object Repository/Texting/Page_Local Moodle Log in to the site/button_Log in' is clicked on

2022-02-13 19:37:50 - [TEST_STEP][PASSED] - verifyElementClickable(findTestObject("Object Repository/Texting/Page_Nh ca ti/i_See all_icon fa fa-comment fa-fw")): Object 'Object Repository/Texting/Page_Nh ca ti/i_See all_icon fa fa-comment fa-fw' is clickable

2022-02-13 19:37:56 - [MESSAGE][INFO] - Unable to find the element located by 'By.xpath: //a[@id='message-drawer-toggle-61d5836ab0e7961d5836a98d4612']/i'. Please recheck the objects properties to make sure the desired element is located. 

2022-02-13 19:37:56 - [MESSAGE][WARNING] - [SELF-HEALING] Failed to find element with id 'Object Repository/Texting/Page_Nh ca ti/i_See all_icon fa fa-comment fa-fw'. Try using Self-healing.

2022-02-13 19:37:57 - [MESSAGE][WARNING] - [SELF-HEALING] The current locator of test object 'Object Repository/Texting/Page_Nh ca ti/i_See all_icon fa fa-comment fa-fw' was broken. Propose an alternative one: '//div[2]/a/i'.

2022-02-13 19:37:57 - [MESSAGE][PASSED] - Object 'Object Repository/Texting/Page_Nh ca ti/i_See all_icon fa fa-comment fa-fw' is clickable

2022-02-13 19:37:57 - [TEST_STEP][PASSED] - click(findTestObject("Object Repository/Texting/Page_Nh ca ti/i_See all_icon fa fa-comment fa-fw")): Object: 'Object Repository/Texting/Page_Nh ca ti/i_See all_icon fa fa-comment fa-fw' is clicked on

2022-02-13 19:38:03 - [MESSAGE][INFO] - Unable to find the element located by 'By.xpath: //a[@id='message-drawer-toggle-61d5836ab0e7961d5836a98d4612']/i'. Please recheck the objects properties to make sure the desired element is located. 

2022-02-13 19:38:03 - [MESSAGE][WARNING] - [SELF-HEALING] Failed to find element with id 'Object Repository/Texting/Page_Nh ca ti/i_See all_icon fa fa-comment fa-fw'. Try using Self-healing.

2022-02-13 19:38:03 - [MESSAGE][WARNING] - [SELF-HEALING] The current locator of test object 'Object Repository/Texting/Page_Nh ca ti/i_See all_icon fa fa-comment fa-fw' was broken. Propose an alternative one: '//div[2]/a/i'.

2022-02-13 19:38:03 - [MESSAGE][PASSED] - Object: 'Object Repository/Texting/Page_Nh ca ti/i_See all_icon fa fa-comment fa-fw' is clicked on

2022-02-13 19:38:03 - [TEST_STEP][PASSED] - setText(findTestObject("Object Repository/Texting/Page_Nh ca ti/input_Messages selected_form-control"), "Nguyen Van A"): Text 'Nguyen Van A' is set on object 'Object Repository/Texting/Page_Nh ca ti/input_Messages selected_form-control'

2022-02-13 19:38:05 - [MESSAGE][PASSED] - Text 'Nguyen Van A' is set on object 'Object Repository/Texting/Page_Nh ca ti/input_Messages selected_form-control'

2022-02-13 19:38:05 - [TEST_STEP][PASSED] - verifyElementClickable(findTestObject("Object Repository/Texting/Page_Nh ca ti/i_Messages selected_icon fa fa-search fa-fw")): Object 'Object Repository/Texting/Page_Nh ca ti/i_Messages selected_icon fa fa-search fa-fw' is clickable

2022-02-13 19:38:11 - [MESSAGE][INFO] - Unable to find the element located by 'By.xpath: //div[@id='yui_3_17_2_1_1641380622208_201']/div[4]/div/div/div/button/span/i'. Please recheck the objects properties to make sure the desired element is located. 

2022-02-13 19:38:11 - [MESSAGE][WARNING] - [SELF-HEALING] Failed to find element with id 'Object Repository/Texting/Page_Nh ca ti/i_Messages selected_icon fa fa-search fa-fw'. Try using Self-healing.

2022-02-13 19:38:11 - [MESSAGE][WARNING] - [SELF-HEALING] The current locator of test object 'Object Repository/Texting/Page_Nh ca ti/i_Messages selected_icon fa fa-search fa-fw' was broken. Propose an alternative one: '//button/span/i'.

2022-02-13 19:38:11 - [MESSAGE][PASSED] - Object 'Object Repository/Texting/Page_Nh ca ti/i_Messages selected_icon fa fa-search fa-fw' is clickable

2022-02-13 19:38:11 - [TEST_STEP][PASSED] - click(findTestObject("Object Repository/Texting/Page_Nh ca ti/i_Messages selected_icon fa fa-search fa-fw")): Object: 'Object Repository/Texting/Page_Nh ca ti/i_Messages selected_icon fa fa-search fa-fw' is clicked on

2022-02-13 19:38:17 - [MESSAGE][INFO] - Unable to find the element located by 'By.xpath: //div[@id='yui_3_17_2_1_1641380622208_201']/div[4]/div/div/div/button/span/i'. Please recheck the objects properties to make sure the desired element is located. 

2022-02-13 19:38:17 - [MESSAGE][WARNING] - [SELF-HEALING] Failed to find element with id 'Object Repository/Texting/Page_Nh ca ti/i_Messages selected_icon fa fa-search fa-fw'. Try using Self-healing.

2022-02-13 19:38:18 - [MESSAGE][WARNING] - [SELF-HEALING] The current locator of test object 'Object Repository/Texting/Page_Nh ca ti/i_Messages selected_icon fa fa-search fa-fw' was broken. Propose an alternative one: '//button/span/i'.

2022-02-13 19:38:18 - [MESSAGE][PASSED] - Object: 'Object Repository/Texting/Page_Nh ca ti/i_Messages selected_icon fa fa-search fa-fw' is clicked on

2022-02-13 19:38:18 - [TEST_STEP][PASSED] - click(findTestObject("Object Repository/Texting/Page_Nh ca ti/a_Nguyen Van A_1")): Object: 'Object Repository/Texting/Page_Nh ca ti/a_Nguyen Van A_1' is clicked on

2022-02-13 19:38:24 - [MESSAGE][INFO] - Unable to find the element located by 'By.xpath: //div[@id='yui_3_17_2_1_1642430928292_197']/div[6]/div/div/div/div/div/a'. Please recheck the objects properties to make sure the desired element is located. 

2022-02-13 19:38:24 - [MESSAGE][WARNING] - [SELF-HEALING] Failed to find element with id 'Object Repository/Texting/Page_Nh ca ti/a_Nguyen Van A_1'. Try using Self-healing.

2022-02-13 19:38:24 - [MESSAGE][WARNING] - [SELF-HEALING] The current locator of test object 'Object Repository/Texting/Page_Nh ca ti/a_Nguyen Van A_1' was broken. Propose an alternative one: '(.//*[normalize-space(text()) and normalize-space(.)='Liên lạc'])[3]/following::a[1]'.

2022-02-13 19:38:25 - [MESSAGE][PASSED] - Object: 'Object Repository/Texting/Page_Nh ca ti/a_Nguyen Van A_1' is clicked on

2022-02-13 19:38:25 - [TEST_STEP][PASSED] - verifyElementText(findTestObject("Object Repository/Texting/Page_Nh ca ti/span_Hello world"), "Hello world"): Actual text and expected text of test object 'Object Repository/Texting/Page_Nh ca ti/span_Hello world' are matched.

2022-02-13 19:38:31 - [MESSAGE][INFO] - Unable to find the element located by 'By.xpath: //div[@id='view-overview-messages-target-61d5725ced80c61d5725cd201821']/div[2]/a/div/p/span'. Please recheck the objects properties to make sure the desired element is located. 

2022-02-13 19:38:31 - [MESSAGE][WARNING] - [SELF-HEALING] Failed to find element with id 'Object Repository/Texting/Page_Nh ca ti/span_Hello world'. Try using Self-healing.

2022-02-13 19:38:31 - [MESSAGE][WARNING] - [SELF-HEALING] The current locator of test object 'Object Repository/Texting/Page_Nh ca ti/span_Hello world' was broken. Propose an alternative one: '//*[(text() = 'Hello world' or . = 'Hello world')]'.

2022-02-13 19:38:31 - [MESSAGE][PASSED] - Actual text and expected text of test object 'Object Repository/Texting/Page_Nh ca ti/span_Hello world' are matched.

2022-02-13 19:38:31 - [TEST_STEP][PASSED] - click(findTestObject("Object Repository/Texting/Page_Nh ca ti/span_Hello world")): Object: 'Object Repository/Texting/Page_Nh ca ti/span_Hello world' is clicked on

2022-02-13 19:38:37 - [MESSAGE][INFO] - Unable to find the element located by 'By.xpath: //div[@id='view-overview-messages-target-61d5725ced80c61d5725cd201821']/div[2]/a/div/p/span'. Please recheck the objects properties to make sure the desired element is located. 

2022-02-13 19:38:37 - [MESSAGE][WARNING] - [SELF-HEALING] Failed to find element with id 'Object Repository/Texting/Page_Nh ca ti/span_Hello world'. Try using Self-healing.

2022-02-13 19:38:38 - [MESSAGE][WARNING] - [SELF-HEALING] The current locator of test object 'Object Repository/Texting/Page_Nh ca ti/span_Hello world' was broken. Propose an alternative one: '//*[(text() = 'Hello world' or . = 'Hello world')]'.

2022-02-13 19:38:38 - [MESSAGE][PASSED] - Object: 'Object Repository/Texting/Page_Nh ca ti/span_Hello world' is clicked on

2022-02-13 19:38:38 - [TEST_STEP][PASSED] - verifyElementText(findTestObject("Object Repository/Texting/Page_Nh ca ti/p_Hello world"), "Hello world"): Actual text and expected text of test object 'Object Repository/Texting/Page_Nh ca ti/p_Hello world' are matched.

2022-02-13 19:38:38 - [MESSAGE][PASSED] - Actual text and expected text of test object 'Object Repository/Texting/Page_Nh ca ti/p_Hello world' are matched.

2022-02-13 19:38:38 - [TEST_STEP][PASSED] - closeBrowser(): Browser is closed

2022-02-13 19:38:39 - [MESSAGE][PASSED] - Browser is closed]]></system-out>
         <system-err><![CDATA[]]></system-err>
      </testcase>
      <testcase name="Test Cases/Teacher creates announcements/Teacher create a list announcement" time="73.989" classname="Test Cases/Teacher creates announcements/Teacher create a list announcement" status="PASSED">
         <system-out><![CDATA[2022-02-13 19:38:39 - [TEST_CASE][PASSED] - Test Cases/Teacher creates announcements/Teacher create a list announcement: Test Cases/Teacher creates announcements/Teacher create a list announcement

2022-02-13 19:38:39 - [TEST_STEP][PASSED] - openBrowser(""): Browser is opened with url: ''

2022-02-13 19:38:39 - [MESSAGE][INFO] - Starting 'Edge Chromium' driver

2022-02-13 19:38:42 - [MESSAGE][INFO] - Action delay is set to 0 milliseconds

2022-02-13 19:38:42 - [MESSAGE][PASSED] - Browser is opened with url: ''

2022-02-13 19:38:42 - [TEST_STEP][PASSED] - navigateToUrl("http://localhost/"): Navigate to 'http://localhost/' successfully

2022-02-13 19:38:43 - [MESSAGE][PASSED] - Navigate to 'http://localhost/' successfully

2022-02-13 19:38:43 - [TEST_STEP][PASSED] - click(findTestObject("Object Repository/Teacher creates announcements/Page_Local Moodle/a_Log in")): Object: 'Object Repository/Teacher creates announcements/Page_Local Moodle/a_Log in' is clicked on

2022-02-13 19:38:44 - [MESSAGE][PASSED] - Object: 'Object Repository/Teacher creates announcements/Page_Local Moodle/a_Log in' is clicked on

2022-02-13 19:38:44 - [TEST_STEP][PASSED] - setText(findTestObject("Object Repository/Teacher creates announcements/Page_Local Moodle Log in to the site/input_Username_username"), "lcbinh"): Text 'lcbinh' is set on object 'Object Repository/Teacher creates announcements/Page_Local Moodle Log in to the site/input_Username_username'

2022-02-13 19:38:45 - [MESSAGE][PASSED] - Text 'lcbinh' is set on object 'Object Repository/Teacher creates announcements/Page_Local Moodle Log in to the site/input_Username_username'

2022-02-13 19:38:45 - [TEST_STEP][PASSED] - setEncryptedText(findTestObject("Object Repository/Teacher creates announcements/Page_Local Moodle Log in to the site/input_Password_password"), "o5TCnEIIWq0Pz0TkrK1a2rpuWvRKVWz2"): Text ****** has been set on object 'Object Repository/Teacher creates announcements/Page_Local Moodle Log in to the site/input_Password_password'

2022-02-13 19:38:45 - [MESSAGE][PASSED] - Text ****** has been set on object 'Object Repository/Teacher creates announcements/Page_Local Moodle Log in to the site/input_Password_password'

2022-02-13 19:38:45 - [TEST_STEP][PASSED] - click(findTestObject("Object Repository/Teacher creates announcements/Page_Local Moodle Log in to the site/button_Log in")): Object: 'Object Repository/Teacher creates announcements/Page_Local Moodle Log in to the site/button_Log in' is clicked on

2022-02-13 19:38:46 - [MESSAGE][PASSED] - Object: 'Object Repository/Teacher creates announcements/Page_Local Moodle Log in to the site/button_Log in' is clicked on

2022-02-13 19:38:46 - [TEST_STEP][PASSED] - click(findTestObject("Teacher creates announcements/Page_New Moodle Site/span_Trang ch h thng")): Object: 'Object Repository/Teacher creates announcements/Page_New Moodle Site/span_Trang ch h thng' is clicked on

2022-02-13 19:38:48 - [MESSAGE][PASSED] - Object: 'Object Repository/Teacher creates announcements/Page_New Moodle Site/span_Trang ch h thng' is clicked on

2022-02-13 19:38:48 - [TEST_STEP][PASSED] - click(findTestObject("Teacher creates announcements/Page_New Moodle Site/a_Test View Grade")): Object: 'Object Repository/Teacher creates announcements/Page_New Moodle Site/a_Test View Grade' is clicked on

2022-02-13 19:38:49 - [MESSAGE][PASSED] - Object: 'Object Repository/Teacher creates announcements/Page_New Moodle Site/a_Test View Grade' is clicked on

2022-02-13 19:38:49 - [TEST_STEP][PASSED] - click(findTestObject("Object Repository/Teacher creates announcements/Page_Kha Nhp mn Cng ngh phn mm/span_Cc thng bo Din n")): Object: 'Object Repository/Teacher creates announcements/Page_Kha Nhp mn Cng ngh phn mm/span_Cc thng bo Din n' is clicked on

2022-02-13 19:38:55 - [MESSAGE][INFO] - Unable to find the element located by 'By.xpath: //li[@id='module-1']/div/div/div[2]/div/a/span'. Please recheck the objects properties to make sure the desired element is located. 

2022-02-13 19:38:55 - [MESSAGE][WARNING] - [SELF-HEALING] Failed to find element with id 'Object Repository/Teacher creates announcements/Page_Kha Nhp mn Cng ngh phn mm/span_Cc thng bo Din n'. Try using Self-healing.

2022-02-13 19:38:55 - [MESSAGE][WARNING] - [SELF-HEALING] The current locator of test object 'Object Repository/Teacher creates announcements/Page_Kha Nhp mn Cng ngh phn mm/span_Cc thng bo Din n' was broken. Propose an alternative one: '(.//*[normalize-space(text()) and normalize-space(.)='Chung'])[2]/following::span[1]'.

2022-02-13 19:38:56 - [MESSAGE][PASSED] - Object: 'Object Repository/Teacher creates announcements/Page_Kha Nhp mn Cng ngh phn mm/span_Cc thng bo Din n' is clicked on

2022-02-13 19:38:56 - [TEST_STEP][PASSED] - click(findTestObject("Object Repository/Teacher creates announcements/Page_Cc thng bo/a_Thm mt ch  mi")): Object: 'Object Repository/Teacher creates announcements/Page_Cc thng bo/a_Thm mt ch  mi' is clicked on

2022-02-13 19:39:02 - [MESSAGE][INFO] - Unable to find the element located by 'By.xpath: //a[@id='yui_3_17_2_1_1641377104026_492']'. Please recheck the objects properties to make sure the desired element is located. 

2022-02-13 19:39:02 - [MESSAGE][WARNING] - [SELF-HEALING] Failed to find element with id 'Object Repository/Teacher creates announcements/Page_Cc thng bo/a_Thm mt ch  mi'. Try using Self-healing.

2022-02-13 19:39:03 - [MESSAGE][WARNING] - [SELF-HEALING] The current locator of test object 'Object Repository/Teacher creates announcements/Page_Cc thng bo/a_Thm mt ch  mi' was broken. Propose an alternative one: '//a[contains(text(),'Thêm một chủ đề mới')]'.

2022-02-13 19:39:03 - [MESSAGE][PASSED] - Object: 'Object Repository/Teacher creates announcements/Page_Cc thng bo/a_Thm mt ch  mi' is clicked on

2022-02-13 19:39:03 - [TEST_STEP][PASSED] - setText(findTestObject("Object Repository/Teacher creates announcements/Page_Cc thng bo/input_Tiu_subject"), "Thông báo "): Text 'Thông báo ' is set on object 'Object Repository/Teacher creates announcements/Page_Cc thng bo/input_Tiu_subject'

2022-02-13 19:39:04 - [MESSAGE][PASSED] - Text 'Thông báo ' is set on object 'Object Repository/Teacher creates announcements/Page_Cc thng bo/input_Tiu_subject'

2022-02-13 19:39:04 - [TEST_STEP][PASSED] - click(findTestObject("Object Repository/Teacher creates announcements/Page_Cc thng bo/input_Hu b_advancedadddiscussion")): Object: 'Object Repository/Teacher creates announcements/Page_Cc thng bo/input_Hu b_advancedadddiscussion' is clicked on

2022-02-13 19:39:05 - [MESSAGE][PASSED] - Object: 'Object Repository/Teacher creates announcements/Page_Cc thng bo/input_Hu b_advancedadddiscussion' is clicked on

2022-02-13 19:39:05 - [TEST_STEP][PASSED] - setText(findTestObject("Object Repository/Teacher creates announcements/Page_NM CNPM Thm mt ch  mi/input_Tiu_subject"), "Thông báo dạng bullet"): Text 'Thông báo dạng bullet' is set on object 'Object Repository/Teacher creates announcements/Page_NM CNPM Thm mt ch  mi/input_Tiu_subject'

2022-02-13 19:39:07 - [MESSAGE][PASSED] - Text 'Thông báo dạng bullet' is set on object 'Object Repository/Teacher creates announcements/Page_NM CNPM Thm mt ch  mi/input_Tiu_subject'

2022-02-13 19:39:07 - [TEST_STEP][PASSED] - click(findTestObject("Object Repository/Teacher creates announcements/Page_NM CNPM Thm mt ch  mi/button_Ni dung_yui_3_17_2_1_1641301275320_977")): Object: 'Object Repository/Teacher creates announcements/Page_NM CNPM Thm mt ch  mi/button_Ni dung_yui_3_17_2_1_1641301275320_977' is clicked on

2022-02-13 19:39:13 - [MESSAGE][INFO] - Unable to find the element located by 'By.xpath: //button[@id='yui_3_17_2_1_1641301275320_977']'. Please recheck the objects properties to make sure the desired element is located. 

2022-02-13 19:39:13 - [MESSAGE][WARNING] - [SELF-HEALING] Failed to find element with id 'Object Repository/Teacher creates announcements/Page_NM CNPM Thm mt ch  mi/button_Ni dung_yui_3_17_2_1_1641301275320_977'. Try using Self-healing.

2022-02-13 19:39:13 - [MESSAGE][WARNING] - [SELF-HEALING] The current locator of test object 'Object Repository/Teacher creates announcements/Page_NM CNPM Thm mt ch  mi/button_Ni dung_yui_3_17_2_1_1641301275320_977' was broken. Propose an alternative one: '(.//*[normalize-space(text()) and normalize-space(.)='Nội dung'])[1]/following::button[5]'.

2022-02-13 19:39:13 - [MESSAGE][PASSED] - Object: 'Object Repository/Teacher creates announcements/Page_NM CNPM Thm mt ch  mi/button_Ni dung_yui_3_17_2_1_1641301275320_977' is clicked on

2022-02-13 19:39:13 - [TEST_STEP][PASSED] - setText(findTestObject("Object Repository/Teacher creates announcements/Page_NM CNPM Thm mt ch  mi/div_Thng bo 1Thng bo 2Thng bo 3"), "<p dir="ltr" style="text-align: left;" id="yui_3_17_2_1_1641301275320_1445"><ul id="yui_3_17_2_1_1641301275320_988"><li id="yui_3_17_2_1_1641301275320_987" style="">Thông báo 1</li><li id="yui_3_17_2_1_1641301275320_987" style="">Thông báo 2</li><li id="yui_3_17_2_1_1641301275320_987" style="">Thông báo 3</li></ul></p>"): Text '<p dir="ltr" style="text-align: left;" id="yui_3_17_2_1_1641301275320_1445"><ul id="yui_3_17_2_1_1641301275320_988"><li id="yui_3_17_2_1_1641301275320_987" style="">Thông báo 1</li><li id="yui_3_17_2_1_1641301275320_987" style="">Thông báo 2</li><li id="yui_3_17_2_1_1641301275320_987" style="">Thông báo 3</li></ul></p>' is set on object 'Object Repository/Teacher creates announcements/Page_NM CNPM Thm mt ch  mi/div_Thng bo 1Thng bo 2Thng bo 3'

2022-02-13 19:39:15 - [MESSAGE][PASSED] - Text '<p dir="ltr" style="text-align: left;" id="yui_3_17_2_1_1641301275320_1445"><ul id="yui_3_17_2_1_1641301275320_988"><li id="yui_3_17_2_1_1641301275320_987" style="">Thông báo 1</li><li id="yui_3_17_2_1_1641301275320_987" style="">Thông báo 2</li><li id="yui_3_17_2_1_1641301275320_987" style="">Thông báo 3</li></ul></p>' is set on object 'Object Repository/Teacher creates announcements/Page_NM CNPM Thm mt ch  mi/div_Thng bo 1Thng bo 2Thng bo 3'

2022-02-13 19:39:15 - [TEST_STEP][PASSED] - setText(findTestObject("Object Repository/Teacher creates announcements/Page_NM CNPM Thm mt ch  mi/div_Thng bo 1Thng bo 2Thng bo 3"), "<p dir="ltr" style="text-align: left;" id="yui_3_17_2_1_1641301275320_1445"><ul id="yui_3_17_2_1_1641301275320_988"><li id="yui_3_17_2_1_1641301275320_987" style="">Thông báo 1</li><li id="yui_3_17_2_1_1641301275320_987" style="">Thông báo 2</li><li id="yui_3_17_2_1_1641301275320_987" style="">Thông báo 3</li></ul></p>"): Text '<p dir="ltr" style="text-align: left;" id="yui_3_17_2_1_1641301275320_1445"><ul id="yui_3_17_2_1_1641301275320_988"><li id="yui_3_17_2_1_1641301275320_987" style="">Thông báo 1</li><li id="yui_3_17_2_1_1641301275320_987" style="">Thông báo 2</li><li id="yui_3_17_2_1_1641301275320_987" style="">Thông báo 3</li></ul></p>' is set on object 'Object Repository/Teacher creates announcements/Page_NM CNPM Thm mt ch  mi/div_Thng bo 1Thng bo 2Thng bo 3'

2022-02-13 19:39:17 - [MESSAGE][PASSED] - Text '<p dir="ltr" style="text-align: left;" id="yui_3_17_2_1_1641301275320_1445"><ul id="yui_3_17_2_1_1641301275320_988"><li id="yui_3_17_2_1_1641301275320_987" style="">Thông báo 1</li><li id="yui_3_17_2_1_1641301275320_987" style="">Thông báo 2</li><li id="yui_3_17_2_1_1641301275320_987" style="">Thông báo 3</li></ul></p>' is set on object 'Object Repository/Teacher creates announcements/Page_NM CNPM Thm mt ch  mi/div_Thng bo 1Thng bo 2Thng bo 3'

2022-02-13 19:39:17 - [TEST_STEP][PASSED] - click(findTestObject("Object Repository/Teacher creates announcements/Page_NM CNPM Thm mt ch  mi/input__submitbutton")): Object: 'Object Repository/Teacher creates announcements/Page_NM CNPM Thm mt ch  mi/input__submitbutton' is clicked on

2022-02-13 19:39:18 - [MESSAGE][PASSED] - Object: 'Object Repository/Teacher creates announcements/Page_NM CNPM Thm mt ch  mi/input__submitbutton' is clicked on

2022-02-13 19:39:18 - [TEST_STEP][PASSED] - click(findTestObject("Object Repository/Teacher creates announcements/Page_Cc thng bo/a_Cng Bnh L")): Object: 'Object Repository/Teacher creates announcements/Page_Cc thng bo/a_Cng Bnh L' is clicked on

2022-02-13 19:39:19 - [MESSAGE][PASSED] - Object: 'Object Repository/Teacher creates announcements/Page_Cc thng bo/a_Cng Bnh L' is clicked on

2022-02-13 19:39:19 - [TEST_STEP][PASSED] - click(findTestObject("Object Repository/Teacher creates announcements/Page_Cc thng bo/a_Thot")): Object: 'Object Repository/Teacher creates announcements/Page_Cc thng bo/a_Thot' is clicked on

2022-02-13 19:39:25 - [MESSAGE][INFO] - Unable to find the element located by 'By.xpath: //a[@id='yui_3_17_2_1_1641301350257_507']'. Please recheck the objects properties to make sure the desired element is located. 

2022-02-13 19:39:25 - [MESSAGE][WARNING] - [SELF-HEALING] Failed to find element with id 'Object Repository/Teacher creates announcements/Page_Cc thng bo/a_Thot'. Try using Self-healing.

2022-02-13 19:39:25 - [MESSAGE][WARNING] - [SELF-HEALING] The current locator of test object 'Object Repository/Teacher creates announcements/Page_Cc thng bo/a_Thot' was broken. Propose an alternative one: '//div[@id='action-menu-1-menu']/a[6]'.

2022-02-13 19:39:26 - [MESSAGE][PASSED] - Object: 'Object Repository/Teacher creates announcements/Page_Cc thng bo/a_Thot' is clicked on

2022-02-13 19:39:26 - [TEST_STEP][PASSED] - click(findTestObject("Object Repository/Teacher creates announcements/Page_Local Moodle/a_Log in")): Object: 'Object Repository/Teacher creates announcements/Page_Local Moodle/a_Log in' is clicked on

2022-02-13 19:39:27 - [MESSAGE][PASSED] - Object: 'Object Repository/Teacher creates announcements/Page_Local Moodle/a_Log in' is clicked on

2022-02-13 19:39:27 - [TEST_STEP][PASSED] - setText(findTestObject("Object Repository/Teacher creates announcements/Page_New Moodle Site Log in to the site/input_Username_username"), "student3"): Text 'student3' is set on object 'Object Repository/Teacher creates announcements/Page_New Moodle Site Log in to the site/input_Username_username'

2022-02-13 19:39:27 - [MESSAGE][PASSED] - Text 'student3' is set on object 'Object Repository/Teacher creates announcements/Page_New Moodle Site Log in to the site/input_Username_username'

2022-02-13 19:39:27 - [TEST_STEP][PASSED] - setEncryptedText(findTestObject("Object Repository/Teacher creates announcements/Page_New Moodle Site Log in to the site/input_Password_password"), "cvW8qx4B2o1gIDzvWT+0mQ=="): Text ****** has been set on object 'Object Repository/Teacher creates announcements/Page_New Moodle Site Log in to the site/input_Password_password'

2022-02-13 19:39:28 - [MESSAGE][PASSED] - Text ****** has been set on object 'Object Repository/Teacher creates announcements/Page_New Moodle Site Log in to the site/input_Password_password'

2022-02-13 19:39:28 - [TEST_STEP][PASSED] - click(findTestObject("Object Repository/Teacher creates announcements/Page_Local Moodle Log in to the site/button_Log in")): Object: 'Object Repository/Teacher creates announcements/Page_Local Moodle Log in to the site/button_Log in' is clicked on

2022-02-13 19:39:29 - [MESSAGE][PASSED] - Object: 'Object Repository/Teacher creates announcements/Page_Local Moodle Log in to the site/button_Log in' is clicked on

2022-02-13 19:39:29 - [TEST_STEP][PASSED] - click(findTestObject("Teacher creates announcements/Page_New Moodle Site/span_Trang ch h thng")): Object: 'Object Repository/Teacher creates announcements/Page_New Moodle Site/span_Trang ch h thng' is clicked on

2022-02-13 19:39:31 - [MESSAGE][PASSED] - Object: 'Object Repository/Teacher creates announcements/Page_New Moodle Site/span_Trang ch h thng' is clicked on

2022-02-13 19:39:31 - [TEST_STEP][PASSED] - click(findTestObject("Teacher creates announcements/Page_New Moodle Site/a_Test View Grade")): Object: 'Object Repository/Teacher creates announcements/Page_New Moodle Site/a_Test View Grade' is clicked on

2022-02-13 19:39:31 - [MESSAGE][PASSED] - Object: 'Object Repository/Teacher creates announcements/Page_New Moodle Site/a_Test View Grade' is clicked on

2022-02-13 19:39:31 - [TEST_STEP][PASSED] - click(findTestObject("Object Repository/Teacher creates announcements/Page_Kha Nhp mn Cng ngh phn mm/span_Cc thng bo Din n")): Object: 'Object Repository/Teacher creates announcements/Page_Kha Nhp mn Cng ngh phn mm/span_Cc thng bo Din n' is clicked on

2022-02-13 19:39:38 - [MESSAGE][INFO] - Unable to find the element located by 'By.xpath: //li[@id='module-1']/div/div/div[2]/div/a/span'. Please recheck the objects properties to make sure the desired element is located. 

2022-02-13 19:39:38 - [MESSAGE][WARNING] - [SELF-HEALING] Failed to find element with id 'Object Repository/Teacher creates announcements/Page_Kha Nhp mn Cng ngh phn mm/span_Cc thng bo Din n'. Try using Self-healing.

2022-02-13 19:39:38 - [MESSAGE][WARNING] - [SELF-HEALING] The current locator of test object 'Object Repository/Teacher creates announcements/Page_Kha Nhp mn Cng ngh phn mm/span_Cc thng bo Din n' was broken. Propose an alternative one: '(.//*[normalize-space(text()) and normalize-space(.)='Chung'])[2]/following::span[1]'.

2022-02-13 19:39:38 - [MESSAGE][PASSED] - Object: 'Object Repository/Teacher creates announcements/Page_Kha Nhp mn Cng ngh phn mm/span_Cc thng bo Din n' is clicked on

2022-02-13 19:39:38 - [TEST_STEP][PASSED] - verifyElementClickable(findTestObject("Object Repository/Teacher creates announcements/Page_Cc thng bo/a_Thng bo dng bullet")): Object 'Object Repository/Teacher creates announcements/Page_Cc thng bo/a_Thng bo dng bullet' is clickable

2022-02-13 19:39:44 - [MESSAGE][INFO] - Unable to find the element located by 'By.xpath: //div[@id='discussion-list-61d445810a3f561d44580e891d21']/table/tbody/tr/th/div/a'. Please recheck the objects properties to make sure the desired element is located. 

2022-02-13 19:39:44 - [MESSAGE][WARNING] - [SELF-HEALING] Failed to find element with id 'Object Repository/Teacher creates announcements/Page_Cc thng bo/a_Thng bo dng bullet'. Try using Self-healing.

2022-02-13 19:39:45 - [MESSAGE][WARNING] - [SELF-HEALING] The current locator of test object 'Object Repository/Teacher creates announcements/Page_Cc thng bo/a_Thng bo dng bullet' was broken. Propose an alternative one: '//a[contains(text(),'Thông báo dạng bullet')]'.

2022-02-13 19:39:45 - [MESSAGE][PASSED] - Object 'Object Repository/Teacher creates announcements/Page_Cc thng bo/a_Thng bo dng bullet' is clickable

2022-02-13 19:39:45 - [TEST_STEP][PASSED] - click(findTestObject("Object Repository/Teacher creates announcements/Page_Cc thng bo/a_Thng bo dng bullet")): Object: 'Object Repository/Teacher creates announcements/Page_Cc thng bo/a_Thng bo dng bullet' is clicked on

2022-02-13 19:39:51 - [MESSAGE][INFO] - Unable to find the element located by 'By.xpath: //div[@id='discussion-list-61d445810a3f561d44580e891d21']/table/tbody/tr/th/div/a'. Please recheck the objects properties to make sure the desired element is located. 

2022-02-13 19:39:51 - [MESSAGE][WARNING] - [SELF-HEALING] Failed to find element with id 'Object Repository/Teacher creates announcements/Page_Cc thng bo/a_Thng bo dng bullet'. Try using Self-healing.

2022-02-13 19:39:51 - [MESSAGE][WARNING] - [SELF-HEALING] The current locator of test object 'Object Repository/Teacher creates announcements/Page_Cc thng bo/a_Thng bo dng bullet' was broken. Propose an alternative one: '//a[contains(text(),'Thông báo dạng bullet')]'.

2022-02-13 19:39:52 - [MESSAGE][PASSED] - Object: 'Object Repository/Teacher creates announcements/Page_Cc thng bo/a_Thng bo dng bullet' is clicked on

2022-02-13 19:39:52 - [TEST_STEP][PASSED] - verifyElementText(findTestObject("Object Repository/Teacher creates announcements/Page_NM CNPM Thng bo dng bullet/h3_Thng bo dng bullet"), "Thông báo dạng bullet"): Actual text and expected text of test object 'Object Repository/Teacher creates announcements/Page_NM CNPM Thng bo dng bullet/h3_Thng bo dng bullet' are matched.

2022-02-13 19:39:52 - [MESSAGE][PASSED] - Actual text and expected text of test object 'Object Repository/Teacher creates announcements/Page_NM CNPM Thng bo dng bullet/h3_Thng bo dng bullet' are matched.

2022-02-13 19:39:52 - [TEST_STEP][PASSED] - closeBrowser(): Browser is closed

2022-02-13 19:39:53 - [MESSAGE][PASSED] - Browser is closed]]></system-out>
         <system-err><![CDATA[]]></system-err>
      </testcase>
      <testcase name="Test Cases/Teacher creates announcements/Teacher create a new announcement" time="75.375" classname="Test Cases/Teacher creates announcements/Teacher create a new announcement" status="PASSED">
         <system-out><![CDATA[2022-02-13 19:39:53 - [TEST_CASE][PASSED] - Test Cases/Teacher creates announcements/Teacher create a new announcement: Test Cases/Teacher creates announcements/Teacher create a new announcement

2022-02-13 19:39:53 - [TEST_STEP][PASSED] - openBrowser(""): Browser is opened with url: ''

2022-02-13 19:39:53 - [MESSAGE][INFO] - Starting 'Edge Chromium' driver

2022-02-13 19:39:56 - [MESSAGE][INFO] - Action delay is set to 0 milliseconds

2022-02-13 19:39:56 - [MESSAGE][PASSED] - Browser is opened with url: ''

2022-02-13 19:39:56 - [TEST_STEP][PASSED] - navigateToUrl("http://localhost/"): Navigate to 'http://localhost/' successfully

2022-02-13 19:39:57 - [MESSAGE][PASSED] - Navigate to 'http://localhost/' successfully

2022-02-13 19:39:57 - [TEST_STEP][PASSED] - click(findTestObject("Object Repository/Teacher creates announcements/Page_Local Moodle/a_Log in")): Object: 'Object Repository/Teacher creates announcements/Page_Local Moodle/a_Log in' is clicked on

2022-02-13 19:39:58 - [MESSAGE][PASSED] - Object: 'Object Repository/Teacher creates announcements/Page_Local Moodle/a_Log in' is clicked on

2022-02-13 19:39:58 - [TEST_STEP][PASSED] - click(findTestObject("Object Repository/Teacher creates announcements/Page_Local Moodle Log in to the site/form_document.getElementById(anchor).value _70e5d4")): Object: 'Object Repository/Teacher creates announcements/Page_Local Moodle Log in to the site/form_document.getElementById(anchor).value _70e5d4' is clicked on

2022-02-13 19:39:59 - [MESSAGE][PASSED] - Object: 'Object Repository/Teacher creates announcements/Page_Local Moodle Log in to the site/form_document.getElementById(anchor).value _70e5d4' is clicked on

2022-02-13 19:39:59 - [TEST_STEP][PASSED] - setText(findTestObject("Object Repository/Teacher creates announcements/Page_Local Moodle Log in to the site/input_Username_username"), "lcbinh"): Text 'lcbinh' is set on object 'Object Repository/Teacher creates announcements/Page_Local Moodle Log in to the site/input_Username_username'

2022-02-13 19:40:00 - [MESSAGE][PASSED] - Text 'lcbinh' is set on object 'Object Repository/Teacher creates announcements/Page_Local Moodle Log in to the site/input_Username_username'

2022-02-13 19:40:00 - [TEST_STEP][PASSED] - setEncryptedText(findTestObject("Object Repository/Teacher creates announcements/Page_Local Moodle Log in to the site/input_Password_password"), "o5TCnEIIWq0Pz0TkrK1a2rpuWvRKVWz2"): Text ****** has been set on object 'Object Repository/Teacher creates announcements/Page_Local Moodle Log in to the site/input_Password_password'

2022-02-13 19:40:00 - [MESSAGE][PASSED] - Text ****** has been set on object 'Object Repository/Teacher creates announcements/Page_Local Moodle Log in to the site/input_Password_password'

2022-02-13 19:40:00 - [TEST_STEP][PASSED] - click(findTestObject("Object Repository/Teacher creates announcements/Page_Local Moodle Log in to the site/button_Log in")): Object: 'Object Repository/Teacher creates announcements/Page_Local Moodle Log in to the site/button_Log in' is clicked on

2022-02-13 19:40:01 - [MESSAGE][PASSED] - Object: 'Object Repository/Teacher creates announcements/Page_Local Moodle Log in to the site/button_Log in' is clicked on

2022-02-13 19:40:01 - [TEST_STEP][PASSED] - verifyElementClickable(findTestObject("Object Repository/Teacher creates announcements/Page_Nh ca ti/span_Nhp mn Cng ngh phn mm")): Object 'Object Repository/Teacher creates announcements/Page_Nh ca ti/span_Nhp mn Cng ngh phn mm' is clickable

2022-02-13 19:40:08 - [MESSAGE][INFO] - Unable to find the element located by 'By.xpath: //div[@id='course-info-container-2-4']/div/div/a/span[3]'. Please recheck the objects properties to make sure the desired element is located. 

2022-02-13 19:40:08 - [MESSAGE][WARNING] - [SELF-HEALING] Failed to find element with id 'Object Repository/Teacher creates announcements/Page_Nh ca ti/span_Nhp mn Cng ngh phn mm'. Try using Self-healing.

2022-02-13 19:40:08 - [MESSAGE][WARNING] - [SELF-HEALING] The current locator of test object 'Object Repository/Teacher creates announcements/Page_Nh ca ti/span_Nhp mn Cng ngh phn mm' was broken. Propose an alternative one: '(.//*[normalize-space(text()) and normalize-space(.)='Tên khóa học'])[1]/following::span[1]'.

2022-02-13 19:40:08 - [MESSAGE][PASSED] - Object 'Object Repository/Teacher creates announcements/Page_Nh ca ti/span_Nhp mn Cng ngh phn mm' is clickable

2022-02-13 19:40:08 - [TEST_STEP][PASSED] - click(findTestObject("Object Repository/Teacher creates announcements/Page_Nh ca ti/span_Nhp mn Cng ngh phn mm")): Object: 'Object Repository/Teacher creates announcements/Page_Nh ca ti/span_Nhp mn Cng ngh phn mm' is clicked on

2022-02-13 19:40:14 - [MESSAGE][INFO] - Unable to find the element located by 'By.xpath: //div[@id='course-info-container-2-4']/div/div/a/span[3]'. Please recheck the objects properties to make sure the desired element is located. 

2022-02-13 19:40:14 - [MESSAGE][WARNING] - [SELF-HEALING] Failed to find element with id 'Object Repository/Teacher creates announcements/Page_Nh ca ti/span_Nhp mn Cng ngh phn mm'. Try using Self-healing.

2022-02-13 19:40:14 - [MESSAGE][WARNING] - [SELF-HEALING] The current locator of test object 'Object Repository/Teacher creates announcements/Page_Nh ca ti/span_Nhp mn Cng ngh phn mm' was broken. Propose an alternative one: '(.//*[normalize-space(text()) and normalize-space(.)='Tên khóa học'])[1]/following::span[1]'.

2022-02-13 19:40:15 - [MESSAGE][PASSED] - Object: 'Object Repository/Teacher creates announcements/Page_Nh ca ti/span_Nhp mn Cng ngh phn mm' is clicked on

2022-02-13 19:40:15 - [TEST_STEP][PASSED] - verifyElementClickable(findTestObject("Object Repository/Teacher creates announcements/Page_Kha Nhp mn Cng ngh phn mm/span_Cc thng bo Din n")): Object 'Object Repository/Teacher creates announcements/Page_Kha Nhp mn Cng ngh phn mm/span_Cc thng bo Din n' is clickable

2022-02-13 19:40:21 - [MESSAGE][INFO] - Unable to find the element located by 'By.xpath: //li[@id='module-1']/div/div/div[2]/div/a/span'. Please recheck the objects properties to make sure the desired element is located. 

2022-02-13 19:40:21 - [MESSAGE][WARNING] - [SELF-HEALING] Failed to find element with id 'Object Repository/Teacher creates announcements/Page_Kha Nhp mn Cng ngh phn mm/span_Cc thng bo Din n'. Try using Self-healing.

2022-02-13 19:40:21 - [MESSAGE][WARNING] - [SELF-HEALING] The current locator of test object 'Object Repository/Teacher creates announcements/Page_Kha Nhp mn Cng ngh phn mm/span_Cc thng bo Din n' was broken. Propose an alternative one: '(.//*[normalize-space(text()) and normalize-space(.)='Chung'])[2]/following::span[1]'.

2022-02-13 19:40:21 - [MESSAGE][PASSED] - Object 'Object Repository/Teacher creates announcements/Page_Kha Nhp mn Cng ngh phn mm/span_Cc thng bo Din n' is clickable

2022-02-13 19:40:21 - [TEST_STEP][PASSED] - click(findTestObject("Object Repository/Teacher creates announcements/Page_Kha Nhp mn Cng ngh phn mm/span_Cc thng bo Din n")): Object: 'Object Repository/Teacher creates announcements/Page_Kha Nhp mn Cng ngh phn mm/span_Cc thng bo Din n' is clicked on

2022-02-13 19:40:28 - [MESSAGE][INFO] - Unable to find the element located by 'By.xpath: //li[@id='module-1']/div/div/div[2]/div/a/span'. Please recheck the objects properties to make sure the desired element is located. 

2022-02-13 19:40:28 - [MESSAGE][WARNING] - [SELF-HEALING] Failed to find element with id 'Object Repository/Teacher creates announcements/Page_Kha Nhp mn Cng ngh phn mm/span_Cc thng bo Din n'. Try using Self-healing.

2022-02-13 19:40:30 - [MESSAGE][WARNING] - [SELF-HEALING] The current locator of test object 'Object Repository/Teacher creates announcements/Page_Kha Nhp mn Cng ngh phn mm/span_Cc thng bo Din n' was broken. Propose an alternative one: '(.//*[normalize-space(text()) and normalize-space(.)='Chung'])[2]/following::span[1]'.

2022-02-13 19:40:30 - [MESSAGE][PASSED] - Object: 'Object Repository/Teacher creates announcements/Page_Kha Nhp mn Cng ngh phn mm/span_Cc thng bo Din n' is clicked on

2022-02-13 19:40:30 - [TEST_STEP][PASSED] - verifyElementClickable(findTestObject("Object Repository/Teacher creates announcements/Page_Cc thng bo/a_Thm mt ch  mi")): Object 'Object Repository/Teacher creates announcements/Page_Cc thng bo/a_Thm mt ch  mi' is clickable

2022-02-13 19:40:36 - [MESSAGE][INFO] - Unable to find the element located by 'By.xpath: //a[@id='yui_3_17_2_1_1641377104026_492']'. Please recheck the objects properties to make sure the desired element is located. 

2022-02-13 19:40:36 - [MESSAGE][WARNING] - [SELF-HEALING] Failed to find element with id 'Object Repository/Teacher creates announcements/Page_Cc thng bo/a_Thm mt ch  mi'. Try using Self-healing.

2022-02-13 19:40:37 - [MESSAGE][WARNING] - [SELF-HEALING] The current locator of test object 'Object Repository/Teacher creates announcements/Page_Cc thng bo/a_Thm mt ch  mi' was broken. Propose an alternative one: '//a[contains(text(),'Thêm một chủ đề mới')]'.

2022-02-13 19:40:37 - [MESSAGE][PASSED] - Object 'Object Repository/Teacher creates announcements/Page_Cc thng bo/a_Thm mt ch  mi' is clickable

2022-02-13 19:40:37 - [TEST_STEP][PASSED] - click(findTestObject("Object Repository/Teacher creates announcements/Page_Cc thng bo/a_Thm mt ch  mi")): Object: 'Object Repository/Teacher creates announcements/Page_Cc thng bo/a_Thm mt ch  mi' is clicked on

2022-02-13 19:40:43 - [MESSAGE][INFO] - Unable to find the element located by 'By.xpath: //a[@id='yui_3_17_2_1_1641377104026_492']'. Please recheck the objects properties to make sure the desired element is located. 

2022-02-13 19:40:43 - [MESSAGE][WARNING] - [SELF-HEALING] Failed to find element with id 'Object Repository/Teacher creates announcements/Page_Cc thng bo/a_Thm mt ch  mi'. Try using Self-healing.

2022-02-13 19:40:43 - [MESSAGE][WARNING] - [SELF-HEALING] The current locator of test object 'Object Repository/Teacher creates announcements/Page_Cc thng bo/a_Thm mt ch  mi' was broken. Propose an alternative one: '//a[contains(text(),'Thêm một chủ đề mới')]'.

2022-02-13 19:40:43 - [MESSAGE][PASSED] - Object: 'Object Repository/Teacher creates announcements/Page_Cc thng bo/a_Thm mt ch  mi' is clicked on

2022-02-13 19:40:43 - [TEST_STEP][PASSED] - setText(findTestObject("Object Repository/Teacher creates announcements/Page_Cc thng bo/input_Tiu_subject"), "Thông báo mới"): Text 'Thông báo mới' is set on object 'Object Repository/Teacher creates announcements/Page_Cc thng bo/input_Tiu_subject'

2022-02-13 19:40:44 - [MESSAGE][PASSED] - Text 'Thông báo mới' is set on object 'Object Repository/Teacher creates announcements/Page_Cc thng bo/input_Tiu_subject'

2022-02-13 19:40:44 - [TEST_STEP][PASSED] - setText(findTestObject("Object Repository/Teacher creates announcements/Page_Cc thng bo/div_Hello world"), "<p dir="ltr" style="text-align: left;">Hello world</p>"): Text '<p dir="ltr" style="text-align: left;">Hello world</p>' is set on object 'Object Repository/Teacher creates announcements/Page_Cc thng bo/div_Hello world'

2022-02-13 19:40:45 - [MESSAGE][PASSED] - Text '<p dir="ltr" style="text-align: left;">Hello world</p>' is set on object 'Object Repository/Teacher creates announcements/Page_Cc thng bo/div_Hello world'

2022-02-13 19:40:45 - [TEST_STEP][PASSED] - verifyElementClickable(findTestObject("Object Repository/Teacher creates announcements/Page_Cc thng bo/input_Ni dung_submitbutton")): Object 'Object Repository/Teacher creates announcements/Page_Cc thng bo/input_Ni dung_submitbutton' is clickable

2022-02-13 19:40:46 - [MESSAGE][PASSED] - Object 'Object Repository/Teacher creates announcements/Page_Cc thng bo/input_Ni dung_submitbutton' is clickable

2022-02-13 19:40:46 - [TEST_STEP][PASSED] - click(findTestObject("Object Repository/Teacher creates announcements/Page_Cc thng bo/input_Ni dung_submitbutton")): Object: 'Object Repository/Teacher creates announcements/Page_Cc thng bo/input_Ni dung_submitbutton' is clicked on

2022-02-13 19:40:47 - [MESSAGE][PASSED] - Object: 'Object Repository/Teacher creates announcements/Page_Cc thng bo/input_Ni dung_submitbutton' is clicked on

2022-02-13 19:40:47 - [TEST_STEP][PASSED] - verifyElementText(findTestObject("Object Repository/Teacher creates announcements/Page_Cc thng bo/a_Thng bo mi"), "Thông báo mới"): Actual text and expected text of test object 'Object Repository/Teacher creates announcements/Page_Cc thng bo/a_Thng bo mi' are matched.

2022-02-13 19:40:53 - [MESSAGE][INFO] - Unable to find the element located by 'By.xpath: //a[@id='yui_3_17_2_1_1641377142667_495']'. Please recheck the objects properties to make sure the desired element is located. 

2022-02-13 19:40:53 - [MESSAGE][WARNING] - [SELF-HEALING] Failed to find element with id 'Object Repository/Teacher creates announcements/Page_Cc thng bo/a_Thng bo mi'. Try using Self-healing.

2022-02-13 19:40:53 - [MESSAGE][WARNING] - [SELF-HEALING] The current locator of test object 'Object Repository/Teacher creates announcements/Page_Cc thng bo/a_Thng bo mi' was broken. Propose an alternative one: '//a[contains(text(),'Thông báo mới')]'.

2022-02-13 19:40:53 - [MESSAGE][PASSED] - Actual text and expected text of test object 'Object Repository/Teacher creates announcements/Page_Cc thng bo/a_Thng bo mi' are matched.

2022-02-13 19:40:53 - [TEST_STEP][PASSED] - verifyElementClickable(findTestObject("Object Repository/Teacher creates announcements/Page_Cc thng bo/a_Thng bo mi")): Object 'Object Repository/Teacher creates announcements/Page_Cc thng bo/a_Thng bo mi' is clickable

2022-02-13 19:41:00 - [MESSAGE][INFO] - Unable to find the element located by 'By.xpath: //a[@id='yui_3_17_2_1_1641377142667_495']'. Please recheck the objects properties to make sure the desired element is located. 

2022-02-13 19:41:00 - [MESSAGE][WARNING] - [SELF-HEALING] Failed to find element with id 'Object Repository/Teacher creates announcements/Page_Cc thng bo/a_Thng bo mi'. Try using Self-healing.

2022-02-13 19:41:00 - [MESSAGE][WARNING] - [SELF-HEALING] The current locator of test object 'Object Repository/Teacher creates announcements/Page_Cc thng bo/a_Thng bo mi' was broken. Propose an alternative one: '//a[contains(text(),'Thông báo mới')]'.

2022-02-13 19:41:00 - [MESSAGE][PASSED] - Object 'Object Repository/Teacher creates announcements/Page_Cc thng bo/a_Thng bo mi' is clickable

2022-02-13 19:41:00 - [TEST_STEP][PASSED] - click(findTestObject("Object Repository/Teacher creates announcements/Page_Cc thng bo/a_Thng bo mi")): Object: 'Object Repository/Teacher creates announcements/Page_Cc thng bo/a_Thng bo mi' is clicked on

2022-02-13 19:41:06 - [MESSAGE][INFO] - Unable to find the element located by 'By.xpath: //a[@id='yui_3_17_2_1_1641377142667_495']'. Please recheck the objects properties to make sure the desired element is located. 

2022-02-13 19:41:06 - [MESSAGE][WARNING] - [SELF-HEALING] Failed to find element with id 'Object Repository/Teacher creates announcements/Page_Cc thng bo/a_Thng bo mi'. Try using Self-healing.

2022-02-13 19:41:06 - [MESSAGE][WARNING] - [SELF-HEALING] The current locator of test object 'Object Repository/Teacher creates announcements/Page_Cc thng bo/a_Thng bo mi' was broken. Propose an alternative one: '//a[contains(text(),'Thông báo mới')]'.

2022-02-13 19:41:07 - [MESSAGE][PASSED] - Object: 'Object Repository/Teacher creates announcements/Page_Cc thng bo/a_Thng bo mi' is clicked on

2022-02-13 19:41:07 - [TEST_STEP][PASSED] - verifyElementText(findTestObject("Object Repository/Teacher creates announcements/Page_NM CNPM Thng bo mi/h3_Thng bo mi"), "Thông báo mới"): Actual text and expected text of test object 'Object Repository/Teacher creates announcements/Page_NM CNPM Thng bo mi/h3_Thng bo mi' are matched.

2022-02-13 19:41:07 - [MESSAGE][PASSED] - Actual text and expected text of test object 'Object Repository/Teacher creates announcements/Page_NM CNPM Thng bo mi/h3_Thng bo mi' are matched.

2022-02-13 19:41:07 - [TEST_STEP][PASSED] - closeBrowser(): Browser is closed

2022-02-13 19:41:08 - [MESSAGE][PASSED] - Browser is closed]]></system-out>
         <system-err><![CDATA[]]></system-err>
      </testcase>
      <testcase name="Test Cases/Teacher creates announcements/Teacher edit announcement" time="69.973" classname="Test Cases/Teacher creates announcements/Teacher edit announcement" status="PASSED">
         <system-out><![CDATA[2022-02-13 19:41:09 - [TEST_CASE][PASSED] - Test Cases/Teacher creates announcements/Teacher edit announcement: Test Cases/Teacher creates announcements/Teacher edit announcement

2022-02-13 19:41:09 - [TEST_STEP][PASSED] - openBrowser(""): Browser is opened with url: ''

2022-02-13 19:41:09 - [MESSAGE][INFO] - Starting 'Edge Chromium' driver

2022-02-13 19:41:11 - [MESSAGE][INFO] - Action delay is set to 0 milliseconds

2022-02-13 19:41:12 - [MESSAGE][PASSED] - Browser is opened with url: ''

2022-02-13 19:41:12 - [TEST_STEP][PASSED] - navigateToUrl("http://localhost/"): Navigate to 'http://localhost/' successfully

2022-02-13 19:41:13 - [MESSAGE][PASSED] - Navigate to 'http://localhost/' successfully

2022-02-13 19:41:13 - [TEST_STEP][PASSED] - click(findTestObject("Object Repository/Teacher creates announcements/Page_Local Moodle/a_Log in")): Object: 'Object Repository/Teacher creates announcements/Page_Local Moodle/a_Log in' is clicked on

2022-02-13 19:41:14 - [MESSAGE][PASSED] - Object: 'Object Repository/Teacher creates announcements/Page_Local Moodle/a_Log in' is clicked on

2022-02-13 19:41:14 - [TEST_STEP][PASSED] - setText(findTestObject("Object Repository/Teacher creates announcements/Page_Local Moodle Log in to the site/input_Username_username"), "lcbinh"): Text 'lcbinh' is set on object 'Object Repository/Teacher creates announcements/Page_Local Moodle Log in to the site/input_Username_username'

2022-02-13 19:41:15 - [MESSAGE][PASSED] - Text 'lcbinh' is set on object 'Object Repository/Teacher creates announcements/Page_Local Moodle Log in to the site/input_Username_username'

2022-02-13 19:41:15 - [TEST_STEP][PASSED] - setEncryptedText(findTestObject("Object Repository/Teacher creates announcements/Page_Local Moodle Log in to the site/input_Password_password"), "o5TCnEIIWq0Pz0TkrK1a2rpuWvRKVWz2"): Text ****** has been set on object 'Object Repository/Teacher creates announcements/Page_Local Moodle Log in to the site/input_Password_password'

2022-02-13 19:41:15 - [MESSAGE][PASSED] - Text ****** has been set on object 'Object Repository/Teacher creates announcements/Page_Local Moodle Log in to the site/input_Password_password'

2022-02-13 19:41:15 - [TEST_STEP][PASSED] - click(findTestObject("Object Repository/Teacher creates announcements/Page_Local Moodle Log in to the site/button_Log in")): Object: 'Object Repository/Teacher creates announcements/Page_Local Moodle Log in to the site/button_Log in' is clicked on

2022-02-13 19:41:16 - [MESSAGE][PASSED] - Object: 'Object Repository/Teacher creates announcements/Page_Local Moodle Log in to the site/button_Log in' is clicked on

2022-02-13 19:41:16 - [TEST_STEP][PASSED] - click(findTestObject("Teacher creates announcements/Page_New Moodle Site/span_Trang ch h thng")): Object: 'Object Repository/Teacher creates announcements/Page_New Moodle Site/span_Trang ch h thng' is clicked on

2022-02-13 19:41:18 - [MESSAGE][PASSED] - Object: 'Object Repository/Teacher creates announcements/Page_New Moodle Site/span_Trang ch h thng' is clicked on

2022-02-13 19:41:18 - [TEST_STEP][PASSED] - click(findTestObject("Teacher creates announcements/Page_New Moodle Site/a_Test View Grade")): Object: 'Object Repository/Teacher creates announcements/Page_New Moodle Site/a_Test View Grade' is clicked on

2022-02-13 19:41:19 - [MESSAGE][PASSED] - Object: 'Object Repository/Teacher creates announcements/Page_New Moodle Site/a_Test View Grade' is clicked on

2022-02-13 19:41:19 - [TEST_STEP][PASSED] - click(findTestObject("Object Repository/Teacher creates announcements/Page_Kha Nhp mn Cng ngh phn mm/span_Cc thng bo Din n")): Object: 'Object Repository/Teacher creates announcements/Page_Kha Nhp mn Cng ngh phn mm/span_Cc thng bo Din n' is clicked on

2022-02-13 19:41:25 - [MESSAGE][INFO] - Unable to find the element located by 'By.xpath: //li[@id='module-1']/div/div/div[2]/div/a/span'. Please recheck the objects properties to make sure the desired element is located. 

2022-02-13 19:41:25 - [MESSAGE][WARNING] - [SELF-HEALING] Failed to find element with id 'Object Repository/Teacher creates announcements/Page_Kha Nhp mn Cng ngh phn mm/span_Cc thng bo Din n'. Try using Self-healing.

2022-02-13 19:41:25 - [MESSAGE][WARNING] - [SELF-HEALING] The current locator of test object 'Object Repository/Teacher creates announcements/Page_Kha Nhp mn Cng ngh phn mm/span_Cc thng bo Din n' was broken. Propose an alternative one: '(.//*[normalize-space(text()) and normalize-space(.)='Chung'])[2]/following::span[1]'.

2022-02-13 19:41:26 - [MESSAGE][PASSED] - Object: 'Object Repository/Teacher creates announcements/Page_Kha Nhp mn Cng ngh phn mm/span_Cc thng bo Din n' is clicked on

2022-02-13 19:41:26 - [TEST_STEP][PASSED] - click(findTestObject("Object Repository/Teacher creates announcements/Page_Cc thng bo/a_Thng bo  c cp nht")): Object: 'Object Repository/Teacher creates announcements/Page_Cc thng bo/a_Thng bo  c cp nht' is clicked on

2022-02-13 19:41:33 - [MESSAGE][INFO] - Unable to find the element located by 'By.xpath: //a[@id='yui_3_17_2_1_1641300376051_496']'. Please recheck the objects properties to make sure the desired element is located. 

2022-02-13 19:41:33 - [MESSAGE][WARNING] - [SELF-HEALING] Failed to find element with id 'Object Repository/Teacher creates announcements/Page_Cc thng bo/a_Thng bo  c cp nht'. Try using Self-healing.

2022-02-13 19:41:33 - [MESSAGE][WARNING] - [SELF-HEALING] The current locator of test object 'Object Repository/Teacher creates announcements/Page_Cc thng bo/a_Thng bo  c cp nht' was broken. Propose an alternative one: '(.//*[normalize-space(text()) and normalize-space(.)='Các thao tác'])[1]/following::a[2]'.

2022-02-13 19:41:33 - [MESSAGE][PASSED] - Object: 'Object Repository/Teacher creates announcements/Page_Cc thng bo/a_Thng bo  c cp nht' is clicked on

2022-02-13 19:41:33 - [TEST_STEP][PASSED] - verifyElementClickable(findTestObject("Object Repository/Teacher creates announcements/Page_NM CNPM Thng bo  c cp nht/a_Chnh sa")): Object 'Object Repository/Teacher creates announcements/Page_NM CNPM Thng bo  c cp nht/a_Chnh sa' is clickable

2022-02-13 19:41:40 - [MESSAGE][INFO] - Unable to find the element located by 'By.xpath: //article[@id='p10']/div/div/div/div[2]/div[2]/div/a[2]'. Please recheck the objects properties to make sure the desired element is located. 

2022-02-13 19:41:40 - [MESSAGE][WARNING] - [SELF-HEALING] Failed to find element with id 'Object Repository/Teacher creates announcements/Page_NM CNPM Thng bo  c cp nht/a_Chnh sa'. Try using Self-healing.

2022-02-13 19:41:40 - [MESSAGE][WARNING] - [SELF-HEALING] The current locator of test object 'Object Repository/Teacher creates announcements/Page_NM CNPM Thng bo  c cp nht/a_Chnh sa' was broken. Propose an alternative one: '//div[2]/div/a[2]'.

2022-02-13 19:41:40 - [MESSAGE][PASSED] - Object 'Object Repository/Teacher creates announcements/Page_NM CNPM Thng bo  c cp nht/a_Chnh sa' is clickable

2022-02-13 19:41:40 - [TEST_STEP][PASSED] - click(findTestObject("Object Repository/Teacher creates announcements/Page_NM CNPM Thng bo  c cp nht/a_Chnh sa")): Object: 'Object Repository/Teacher creates announcements/Page_NM CNPM Thng bo  c cp nht/a_Chnh sa' is clicked on

2022-02-13 19:41:46 - [MESSAGE][INFO] - Unable to find the element located by 'By.xpath: //article[@id='p10']/div/div/div/div[2]/div[2]/div/a[2]'. Please recheck the objects properties to make sure the desired element is located. 

2022-02-13 19:41:46 - [MESSAGE][WARNING] - [SELF-HEALING] Failed to find element with id 'Object Repository/Teacher creates announcements/Page_NM CNPM Thng bo  c cp nht/a_Chnh sa'. Try using Self-healing.

2022-02-13 19:41:46 - [MESSAGE][WARNING] - [SELF-HEALING] The current locator of test object 'Object Repository/Teacher creates announcements/Page_NM CNPM Thng bo  c cp nht/a_Chnh sa' was broken. Propose an alternative one: '//div[2]/div/a[2]'.

2022-02-13 19:41:47 - [MESSAGE][PASSED] - Object: 'Object Repository/Teacher creates announcements/Page_NM CNPM Thng bo  c cp nht/a_Chnh sa' is clicked on

2022-02-13 19:41:47 - [TEST_STEP][PASSED] - setText(findTestObject("Object Repository/Teacher creates announcements/Page_NM CNPM Thng bo  c cp nht Thng bo  c cp nht/input_Tiu_subject"), "Thông báo đã được chỉnh sửa"): Text 'Thông báo đã được chỉnh sửa' is set on object 'Object Repository/Teacher creates announcements/Page_NM CNPM Thng bo  c cp nht Thng bo  c cp nht/input_Tiu_subject'

2022-02-13 19:41:49 - [MESSAGE][PASSED] - Text 'Thông báo đã được chỉnh sửa' is set on object 'Object Repository/Teacher creates announcements/Page_NM CNPM Thng bo  c cp nht Thng bo  c cp nht/input_Tiu_subject'

2022-02-13 19:41:49 - [TEST_STEP][PASSED] - verifyElementClickable(findTestObject("Object Repository/Teacher creates announcements/Page_NM CNPM Thng bo  c cp nht Thng bo  c cp nht/input__submitbutton")): Object 'Object Repository/Teacher creates announcements/Page_NM CNPM Thng bo  c cp nht Thng bo  c cp nht/input__submitbutton' is clickable

2022-02-13 19:41:50 - [MESSAGE][PASSED] - Object 'Object Repository/Teacher creates announcements/Page_NM CNPM Thng bo  c cp nht Thng bo  c cp nht/input__submitbutton' is clickable

2022-02-13 19:41:50 - [TEST_STEP][PASSED] - click(findTestObject("Object Repository/Teacher creates announcements/Page_NM CNPM Thng bo  c cp nht Thng bo  c cp nht/input__submitbutton")): Object: 'Object Repository/Teacher creates announcements/Page_NM CNPM Thng bo  c cp nht Thng bo  c cp nht/input__submitbutton' is clicked on

2022-02-13 19:41:50 - [MESSAGE][PASSED] - Object: 'Object Repository/Teacher creates announcements/Page_NM CNPM Thng bo  c cp nht Thng bo  c cp nht/input__submitbutton' is clicked on

2022-02-13 19:41:50 - [TEST_STEP][PASSED] - click(findTestObject("Object Repository/Teacher creates announcements/Page_NM CNPM Thng bo  c chnh sa/a_Cng Bnh L")): Object: 'Object Repository/Teacher creates announcements/Page_NM CNPM Thng bo  c chnh sa/a_Cng Bnh L' is clicked on

2022-02-13 19:41:51 - [MESSAGE][PASSED] - Object: 'Object Repository/Teacher creates announcements/Page_NM CNPM Thng bo  c chnh sa/a_Cng Bnh L' is clicked on

2022-02-13 19:41:51 - [TEST_STEP][PASSED] - click(findTestObject("Object Repository/Teacher creates announcements/Page_NM CNPM Thng bo  c chnh sa/a_Thot")): Object: 'Object Repository/Teacher creates announcements/Page_NM CNPM Thng bo  c chnh sa/a_Thot' is clicked on

2022-02-13 19:41:52 - [MESSAGE][PASSED] - Object: 'Object Repository/Teacher creates announcements/Page_NM CNPM Thng bo  c chnh sa/a_Thot' is clicked on

2022-02-13 19:41:52 - [TEST_STEP][PASSED] - click(findTestObject("Object Repository/Teacher creates announcements/Page_Local Moodle/a_Log in")): Object: 'Object Repository/Teacher creates announcements/Page_Local Moodle/a_Log in' is clicked on

2022-02-13 19:41:52 - [MESSAGE][PASSED] - Object: 'Object Repository/Teacher creates announcements/Page_Local Moodle/a_Log in' is clicked on

2022-02-13 19:41:52 - [TEST_STEP][PASSED] - setText(findTestObject("Object Repository/Teacher creates announcements/Page_New Moodle Site Log in to the site/input_Username_username"), "student3"): Text 'student3' is set on object 'Object Repository/Teacher creates announcements/Page_New Moodle Site Log in to the site/input_Username_username'

2022-02-13 19:41:53 - [MESSAGE][PASSED] - Text 'student3' is set on object 'Object Repository/Teacher creates announcements/Page_New Moodle Site Log in to the site/input_Username_username'

2022-02-13 19:41:53 - [TEST_STEP][PASSED] - setEncryptedText(findTestObject("Object Repository/Teacher creates announcements/Page_New Moodle Site Log in to the site/input_Password_password"), "cvW8qx4B2o1gIDzvWT+0mQ=="): Text ****** has been set on object 'Object Repository/Teacher creates announcements/Page_New Moodle Site Log in to the site/input_Password_password'

2022-02-13 19:41:54 - [MESSAGE][PASSED] - Text ****** has been set on object 'Object Repository/Teacher creates announcements/Page_New Moodle Site Log in to the site/input_Password_password'

2022-02-13 19:41:54 - [TEST_STEP][PASSED] - click(findTestObject("Object Repository/Teacher creates announcements/Page_Local Moodle Log in to the site/button_Log in")): Object: 'Object Repository/Teacher creates announcements/Page_Local Moodle Log in to the site/button_Log in' is clicked on

2022-02-13 19:41:55 - [MESSAGE][PASSED] - Object: 'Object Repository/Teacher creates announcements/Page_Local Moodle Log in to the site/button_Log in' is clicked on

2022-02-13 19:41:55 - [TEST_STEP][PASSED] - click(findTestObject("Teacher creates announcements/Page_New Moodle Site/span_Trang ch h thng")): Object: 'Object Repository/Teacher creates announcements/Page_New Moodle Site/span_Trang ch h thng' is clicked on

2022-02-13 19:41:56 - [MESSAGE][PASSED] - Object: 'Object Repository/Teacher creates announcements/Page_New Moodle Site/span_Trang ch h thng' is clicked on

2022-02-13 19:41:56 - [TEST_STEP][PASSED] - click(findTestObject("Teacher creates announcements/Page_New Moodle Site/a_Test View Grade")): Object: 'Object Repository/Teacher creates announcements/Page_New Moodle Site/a_Test View Grade' is clicked on

2022-02-13 19:41:57 - [MESSAGE][PASSED] - Object: 'Object Repository/Teacher creates announcements/Page_New Moodle Site/a_Test View Grade' is clicked on

2022-02-13 19:41:57 - [TEST_STEP][PASSED] - click(findTestObject("Object Repository/Teacher creates announcements/Page_Kha Nhp mn Cng ngh phn mm/span_Cc thng bo Din n")): Object: 'Object Repository/Teacher creates announcements/Page_Kha Nhp mn Cng ngh phn mm/span_Cc thng bo Din n' is clicked on

2022-02-13 19:42:03 - [MESSAGE][INFO] - Unable to find the element located by 'By.xpath: //li[@id='module-1']/div/div/div[2]/div/a/span'. Please recheck the objects properties to make sure the desired element is located. 

2022-02-13 19:42:03 - [MESSAGE][WARNING] - [SELF-HEALING] Failed to find element with id 'Object Repository/Teacher creates announcements/Page_Kha Nhp mn Cng ngh phn mm/span_Cc thng bo Din n'. Try using Self-healing.

2022-02-13 19:42:04 - [MESSAGE][WARNING] - [SELF-HEALING] The current locator of test object 'Object Repository/Teacher creates announcements/Page_Kha Nhp mn Cng ngh phn mm/span_Cc thng bo Din n' was broken. Propose an alternative one: '(.//*[normalize-space(text()) and normalize-space(.)='Chung'])[2]/following::span[1]'.

2022-02-13 19:42:04 - [MESSAGE][PASSED] - Object: 'Object Repository/Teacher creates announcements/Page_Kha Nhp mn Cng ngh phn mm/span_Cc thng bo Din n' is clicked on

2022-02-13 19:42:04 - [TEST_STEP][PASSED] - verifyElementText(findTestObject("Object Repository/Teacher creates announcements/Page_Cc thng bo/a_Thng bo  c chnh sa"), "Thông báo đã được chỉnh sửa"): Actual text and expected text of test object 'Object Repository/Teacher creates announcements/Page_Cc thng bo/a_Thng bo  c chnh sa' are matched.

2022-02-13 19:42:10 - [MESSAGE][INFO] - Unable to find the element located by 'By.xpath: //div[@id='discussion-list-61d441f130fca61d441f11bd8321']/table/tbody/tr/th/div/a'. Please recheck the objects properties to make sure the desired element is located. 

2022-02-13 19:42:10 - [MESSAGE][WARNING] - [SELF-HEALING] Failed to find element with id 'Object Repository/Teacher creates announcements/Page_Cc thng bo/a_Thng bo  c chnh sa'. Try using Self-healing.

2022-02-13 19:42:11 - [MESSAGE][WARNING] - [SELF-HEALING] The current locator of test object 'Object Repository/Teacher creates announcements/Page_Cc thng bo/a_Thng bo  c chnh sa' was broken. Propose an alternative one: '//a[contains(text(),'Thông báo đã được chỉnh sửa')]'.

2022-02-13 19:42:11 - [MESSAGE][PASSED] - Actual text and expected text of test object 'Object Repository/Teacher creates announcements/Page_Cc thng bo/a_Thng bo  c chnh sa' are matched.

2022-02-13 19:42:11 - [TEST_STEP][PASSED] - click(findTestObject("Object Repository/Teacher creates announcements/Page_Cc thng bo/a_Thng bo  c chnh sa")): Object: 'Object Repository/Teacher creates announcements/Page_Cc thng bo/a_Thng bo  c chnh sa' is clicked on

2022-02-13 19:42:17 - [MESSAGE][INFO] - Unable to find the element located by 'By.xpath: //div[@id='discussion-list-61d441f130fca61d441f11bd8321']/table/tbody/tr/th/div/a'. Please recheck the objects properties to make sure the desired element is located. 

2022-02-13 19:42:17 - [MESSAGE][WARNING] - [SELF-HEALING] Failed to find element with id 'Object Repository/Teacher creates announcements/Page_Cc thng bo/a_Thng bo  c chnh sa'. Try using Self-healing.

2022-02-13 19:42:17 - [MESSAGE][WARNING] - [SELF-HEALING] The current locator of test object 'Object Repository/Teacher creates announcements/Page_Cc thng bo/a_Thng bo  c chnh sa' was broken. Propose an alternative one: '//a[contains(text(),'Thông báo đã được chỉnh sửa')]'.

2022-02-13 19:42:18 - [MESSAGE][PASSED] - Object: 'Object Repository/Teacher creates announcements/Page_Cc thng bo/a_Thng bo  c chnh sa' is clicked on

2022-02-13 19:42:18 - [TEST_STEP][PASSED] - closeBrowser(): Browser is closed

2022-02-13 19:42:18 - [MESSAGE][PASSED] - Browser is closed]]></system-out>
         <system-err><![CDATA[]]></system-err>
      </testcase>
      <testcase name="Test Cases/Admin Site/Login with Admin" time="13.209" classname="Test Cases/Admin Site/Login with Admin" status="PASSED">
         <system-out><![CDATA[2022-02-13 19:42:19 - [TEST_CASE][PASSED] - Test Cases/Admin Site/Login with Admin: Test Cases/Admin Site/Login with Admin

2022-02-13 19:42:19 - [TEST_STEP][PASSED] - openBrowser(""): Browser is opened with url: ''

2022-02-13 19:42:19 - [MESSAGE][INFO] - Starting 'Edge Chromium' driver

2022-02-13 19:42:21 - [MESSAGE][INFO] - Action delay is set to 0 milliseconds

2022-02-13 19:42:22 - [MESSAGE][PASSED] - Browser is opened with url: ''

2022-02-13 19:42:22 - [TEST_STEP][PASSED] - navigateToUrl("http://localhost/"): Navigate to 'http://localhost/' successfully

2022-02-13 19:42:23 - [MESSAGE][PASSED] - Navigate to 'http://localhost/' successfully

2022-02-13 19:42:23 - [TEST_STEP][PASSED] - click(findTestObject("Object Repository/Admin Site/Page_Local Moodle/a_Log in")): Object: 'Object Repository/Admin Site/Page_Local Moodle/a_Log in' is clicked on

2022-02-13 19:42:23 - [MESSAGE][PASSED] - Object: 'Object Repository/Admin Site/Page_Local Moodle/a_Log in' is clicked on

2022-02-13 19:42:23 - [TEST_STEP][PASSED] - setText(findTestObject("Object Repository/Admin Site/Page_Local Moodle Log in to the site/input_Username_username"), "admin"): Text 'admin' is set on object 'Object Repository/Admin Site/Page_Local Moodle Log in to the site/input_Username_username'

2022-02-13 19:42:24 - [MESSAGE][PASSED] - Text 'admin' is set on object 'Object Repository/Admin Site/Page_Local Moodle Log in to the site/input_Username_username'

2022-02-13 19:42:24 - [TEST_STEP][PASSED] - setEncryptedText(findTestObject("Object Repository/Admin Site/Page_Local Moodle Log in to the site/input_Password_password"), "bfAykA/oWJ09FXmiKh6lyuuLu8QhG1K5"): Text ****** has been set on object 'Object Repository/Admin Site/Page_Local Moodle Log in to the site/input_Password_password'

2022-02-13 19:42:25 - [MESSAGE][PASSED] - Text ****** has been set on object 'Object Repository/Admin Site/Page_Local Moodle Log in to the site/input_Password_password'

2022-02-13 19:42:25 - [TEST_STEP][PASSED] - click(findTestObject("Object Repository/Admin Site/Page_Local Moodle Log in to the site/button_Log in")): Object: 'Object Repository/Admin Site/Page_Local Moodle Log in to the site/button_Log in' is clicked on

2022-02-13 19:42:26 - [MESSAGE][PASSED] - Object: 'Object Repository/Admin Site/Page_Local Moodle Log in to the site/button_Log in' is clicked on

2022-02-13 19:42:26 - [TEST_STEP][PASSED] - click(findTestObject("Object Repository/Admin Site/Page_Nh ca ti/span_Qun tr khu vc")): Object: 'Object Repository/Admin Site/Page_Nh ca ti/span_Qun tr khu vc' is clicked on

2022-02-13 19:42:31 - [MESSAGE][PASSED] - Object: 'Object Repository/Admin Site/Page_Nh ca ti/span_Qun tr khu vc' is clicked on

2022-02-13 19:42:31 - [TEST_STEP][PASSED] - verifyElementPresent(findTestObject("Object Repository/Admin Site/Page_Moodle Khu vc qun tr Tm kim/a_Qun tr khu vc"), 0): Object 'Object Repository/Admin Site/Page_Moodle Khu vc qun tr Tm kim/a_Qun tr khu vc' is present

2022-02-13 19:42:31 - [MESSAGE][WARNING] - Timeout '0' is invalid. Using default page load timeout: '5'

2022-02-13 19:42:32 - [MESSAGE][PASSED] - Object 'Object Repository/Admin Site/Page_Moodle Khu vc qun tr Tm kim/a_Qun tr khu vc' is present]]></system-out>
         <system-err><![CDATA[]]></system-err>
      </testcase>
      <testcase name="Test Cases/Admin Site/Change full site name" time="29.109" classname="Test Cases/Admin Site/Change full site name" status="PASSED">
         <system-out><![CDATA[2022-02-13 19:42:32 - [TEST_CASE][PASSED] - Test Cases/Admin Site/Change full site name: Test Cases/Admin Site/Change full site name

2022-02-13 19:42:32 - [TEST_STEP][PASSED] - callTestCase(findTestCase("Admin Site/Login with Admin"), [:], STOP_ON_FAILURE): Call Test Case 'Test Cases/Admin Site/Login with Admin' successfully

2022-02-13 19:42:32 - [TEST_CASE][PASSED] - Test Cases/Admin Site/Login with Admin: Test Cases/Admin Site/Login with Admin

2022-02-13 19:42:32 - [TEST_STEP][PASSED] - openBrowser(""): Browser is opened with url: ''

2022-02-13 19:42:32 - [MESSAGE][WARNING] - A browser is already opened. Closing browser and opening a new one

2022-02-13 19:42:33 - [MESSAGE][INFO] - Starting 'Edge Chromium' driver

2022-02-13 19:42:35 - [MESSAGE][INFO] - Action delay is set to 0 milliseconds

2022-02-13 19:42:36 - [MESSAGE][PASSED] - Browser is opened with url: ''

2022-02-13 19:42:36 - [TEST_STEP][PASSED] - navigateToUrl("http://localhost/"): Navigate to 'http://localhost/' successfully

2022-02-13 19:42:37 - [MESSAGE][PASSED] - Navigate to 'http://localhost/' successfully

2022-02-13 19:42:37 - [TEST_STEP][PASSED] - click(findTestObject("Object Repository/Admin Site/Page_Local Moodle/a_Log in")): Object: 'Object Repository/Admin Site/Page_Local Moodle/a_Log in' is clicked on

2022-02-13 19:42:37 - [MESSAGE][PASSED] - Object: 'Object Repository/Admin Site/Page_Local Moodle/a_Log in' is clicked on

2022-02-13 19:42:37 - [TEST_STEP][PASSED] - setText(findTestObject("Object Repository/Admin Site/Page_Local Moodle Log in to the site/input_Username_username"), "admin"): Text 'admin' is set on object 'Object Repository/Admin Site/Page_Local Moodle Log in to the site/input_Username_username'

2022-02-13 19:42:38 - [MESSAGE][PASSED] - Text 'admin' is set on object 'Object Repository/Admin Site/Page_Local Moodle Log in to the site/input_Username_username'

2022-02-13 19:42:38 - [TEST_STEP][PASSED] - setEncryptedText(findTestObject("Object Repository/Admin Site/Page_Local Moodle Log in to the site/input_Password_password"), "bfAykA/oWJ09FXmiKh6lyuuLu8QhG1K5"): Text ****** has been set on object 'Object Repository/Admin Site/Page_Local Moodle Log in to the site/input_Password_password'

2022-02-13 19:42:39 - [MESSAGE][PASSED] - Text ****** has been set on object 'Object Repository/Admin Site/Page_Local Moodle Log in to the site/input_Password_password'

2022-02-13 19:42:39 - [TEST_STEP][PASSED] - click(findTestObject("Object Repository/Admin Site/Page_Local Moodle Log in to the site/button_Log in")): Object: 'Object Repository/Admin Site/Page_Local Moodle Log in to the site/button_Log in' is clicked on

2022-02-13 19:42:40 - [MESSAGE][PASSED] - Object: 'Object Repository/Admin Site/Page_Local Moodle Log in to the site/button_Log in' is clicked on

2022-02-13 19:42:40 - [TEST_STEP][PASSED] - click(findTestObject("Object Repository/Admin Site/Page_Nh ca ti/span_Qun tr khu vc")): Object: 'Object Repository/Admin Site/Page_Nh ca ti/span_Qun tr khu vc' is clicked on

2022-02-13 19:42:42 - [MESSAGE][PASSED] - Object: 'Object Repository/Admin Site/Page_Nh ca ti/span_Qun tr khu vc' is clicked on

2022-02-13 19:42:42 - [TEST_STEP][PASSED] - verifyElementPresent(findTestObject("Object Repository/Admin Site/Page_Moodle Khu vc qun tr Tm kim/a_Qun tr khu vc"), 0): Object 'Object Repository/Admin Site/Page_Moodle Khu vc qun tr Tm kim/a_Qun tr khu vc' is present

2022-02-13 19:42:42 - [MESSAGE][WARNING] - Timeout '0' is invalid. Using default page load timeout: '5'

2022-02-13 19:42:42 - [MESSAGE][PASSED] - Object 'Object Repository/Admin Site/Page_Moodle Khu vc qun tr Tm kim/a_Qun tr khu vc' is present

2022-02-13 19:42:42 - [MESSAGE][PASSED] - Call Test Case 'Test Cases/Admin Site/Login with Admin' successfully

2022-02-13 19:42:42 - [TEST_STEP][PASSED] - click(findTestObject("Object Repository/Admin Site/Page_Moodle Khu vc qun tr Tm kim/a_Thit t trang ch")): Object: 'Object Repository/Admin Site/Page_Moodle Khu vc qun tr Tm kim/a_Thit t trang ch' is clicked on

2022-02-13 19:42:43 - [MESSAGE][PASSED] - Object: 'Object Repository/Admin Site/Page_Moodle Khu vc qun tr Tm kim/a_Thit t trang ch' is clicked on

2022-02-13 19:42:43 - [TEST_STEP][PASSED] - setText(findTestObject("Object Repository/Admin Site/Page_Moodle Khu vc qun tr Trang ch Thit t trang ch/input_fullname_s__fullname"), new_site_name): Text 'New Moodle Site' is set on object 'Object Repository/Admin Site/Page_Moodle Khu vc qun tr Trang ch Thit t trang ch/input_fullname_s__fullname'

2022-02-13 19:42:44 - [MESSAGE][PASSED] - Text 'New Moodle Site' is set on object 'Object Repository/Admin Site/Page_Moodle Khu vc qun tr Trang ch Thit t trang ch/input_fullname_s__fullname'

2022-02-13 19:42:44 - [TEST_STEP][PASSED] - click(findTestObject("Object Repository/Admin Site/Page_Moodle Khu vc qun tr Trang ch Thit t trang ch/button_Lu cc thay i")): Object: 'Object Repository/Admin Site/Page_Moodle Khu vc qun tr Trang ch Thit t trang ch/button_Lu cc thay i' is clicked on

2022-02-13 19:42:51 - [MESSAGE][INFO] - Unable to find the element located by 'By.xpath: //button[@id='yui_3_17_2_1_1641267626847_379']'. Please recheck the objects properties to make sure the desired element is located. 

2022-02-13 19:42:51 - [MESSAGE][WARNING] - [SELF-HEALING] Failed to find element with id 'Object Repository/Admin Site/Page_Moodle Khu vc qun tr Trang ch Thit t trang ch/button_Lu cc thay i'. Try using Self-healing.

2022-02-13 19:42:51 - [MESSAGE][WARNING] - [SELF-HEALING] The current locator of test object 'Object Repository/Admin Site/Page_Moodle Khu vc qun tr Trang ch Thit t trang ch/button_Lu cc thay i' was broken. Propose an alternative one: '(.//*[normalize-space(text()) and normalize-space(.)='Mặc định: Người dùng đã xác thực trên trang chủ (frontpage)'])[1]/following::button[1]'.

2022-02-13 19:42:52 - [MESSAGE][PASSED] - Object: 'Object Repository/Admin Site/Page_Moodle Khu vc qun tr Trang ch Thit t trang ch/button_Lu cc thay i' is clicked on

2022-02-13 19:42:52 - [TEST_STEP][PASSED] - click(findTestObject("Object Repository/Admin Site/Page_Moodle Khu vc qun tr Trang ch Thit t trang ch/a_Qun tr Thnh vin")): Object: 'Object Repository/Admin Site/Page_Moodle Khu vc qun tr Trang ch Thit t trang ch/a_Qun tr Thnh vin' is clicked on

2022-02-13 19:42:53 - [MESSAGE][PASSED] - Object: 'Object Repository/Admin Site/Page_Moodle Khu vc qun tr Trang ch Thit t trang ch/a_Qun tr Thnh vin' is clicked on

2022-02-13 19:42:53 - [TEST_STEP][PASSED] - click(findTestObject("Object Repository/Admin Site/Page_Moodle Khu vc qun tr Trang ch Thit t trang ch/span_Thot")): Object: 'Object Repository/Admin Site/Page_Moodle Khu vc qun tr Trang ch Thit t trang ch/span_Thot' is clicked on

2022-02-13 19:42:54 - [MESSAGE][PASSED] - Object: 'Object Repository/Admin Site/Page_Moodle Khu vc qun tr Trang ch Thit t trang ch/span_Thot' is clicked on

2022-02-13 19:42:54 - [TEST_STEP][PASSED] - verifyElementText(findTestObject("Object Repository/Admin Site/Page_New Moodle/h1_New Moodle_1"), new_site_name): Actual text and expected text of test object 'Object Repository/Admin Site/Page_New Moodle/h1_New Moodle_1' are matched.

2022-02-13 19:43:00 - [MESSAGE][INFO] - Unable to find the element located by 'By.xpath: //h1[@id='yui_3_17_2_1_1641267670435_20']'. Please recheck the objects properties to make sure the desired element is located. 

2022-02-13 19:43:00 - [MESSAGE][WARNING] - [SELF-HEALING] Failed to find element with id 'Object Repository/Admin Site/Page_New Moodle/h1_New Moodle_1'. Try using Self-healing.

2022-02-13 19:43:00 - [MESSAGE][WARNING] - [SELF-HEALING] The current locator of test object 'Object Repository/Admin Site/Page_New Moodle/h1_New Moodle_1' was broken. Propose an alternative one: '(.//*[normalize-space(text()) and normalize-space(.)='Home'])[1]/following::h1[1]'.

2022-02-13 19:43:00 - [MESSAGE][PASSED] - Actual text and expected text of test object 'Object Repository/Admin Site/Page_New Moodle/h1_New Moodle_1' are matched.

2022-02-13 19:43:00 - [TEST_STEP][PASSED] - closeBrowser(): Browser is closed

2022-02-13 19:43:01 - [MESSAGE][PASSED] - Browser is closed]]></system-out>
         <system-err><![CDATA[]]></system-err>
      </testcase>
      <testcase name="Test Cases/Admin Site/Turn on Maintaince mode" time="26.564" classname="Test Cases/Admin Site/Turn on Maintaince mode" status="PASSED">
         <system-out><![CDATA[2022-02-13 19:43:01 - [TEST_CASE][PASSED] - Test Cases/Admin Site/Turn on Maintaince mode: Test Cases/Admin Site/Turn on Maintaince mode

2022-02-13 19:43:01 - [TEST_STEP][PASSED] - callTestCase(findTestCase("Admin Site/Login with Admin"), [:], STOP_ON_FAILURE): Call Test Case 'Test Cases/Admin Site/Login with Admin' successfully

2022-02-13 19:43:01 - [TEST_CASE][PASSED] - Test Cases/Admin Site/Login with Admin: Test Cases/Admin Site/Login with Admin

2022-02-13 19:43:01 - [TEST_STEP][PASSED] - openBrowser(""): Browser is opened with url: ''

2022-02-13 19:43:01 - [MESSAGE][INFO] - Starting 'Edge Chromium' driver

2022-02-13 19:43:04 - [MESSAGE][INFO] - Action delay is set to 0 milliseconds

2022-02-13 19:43:04 - [MESSAGE][PASSED] - Browser is opened with url: ''

2022-02-13 19:43:04 - [TEST_STEP][PASSED] - navigateToUrl("http://localhost/"): Navigate to 'http://localhost/' successfully

2022-02-13 19:43:05 - [MESSAGE][PASSED] - Navigate to 'http://localhost/' successfully

2022-02-13 19:43:05 - [TEST_STEP][PASSED] - click(findTestObject("Object Repository/Admin Site/Page_Local Moodle/a_Log in")): Object: 'Object Repository/Admin Site/Page_Local Moodle/a_Log in' is clicked on

2022-02-13 19:43:06 - [MESSAGE][PASSED] - Object: 'Object Repository/Admin Site/Page_Local Moodle/a_Log in' is clicked on

2022-02-13 19:43:06 - [TEST_STEP][PASSED] - setText(findTestObject("Object Repository/Admin Site/Page_Local Moodle Log in to the site/input_Username_username"), "admin"): Text 'admin' is set on object 'Object Repository/Admin Site/Page_Local Moodle Log in to the site/input_Username_username'

2022-02-13 19:43:07 - [MESSAGE][PASSED] - Text 'admin' is set on object 'Object Repository/Admin Site/Page_Local Moodle Log in to the site/input_Username_username'

2022-02-13 19:43:07 - [TEST_STEP][PASSED] - setEncryptedText(findTestObject("Object Repository/Admin Site/Page_Local Moodle Log in to the site/input_Password_password"), "bfAykA/oWJ09FXmiKh6lyuuLu8QhG1K5"): Text ****** has been set on object 'Object Repository/Admin Site/Page_Local Moodle Log in to the site/input_Password_password'

2022-02-13 19:43:07 - [MESSAGE][PASSED] - Text ****** has been set on object 'Object Repository/Admin Site/Page_Local Moodle Log in to the site/input_Password_password'

2022-02-13 19:43:07 - [TEST_STEP][PASSED] - click(findTestObject("Object Repository/Admin Site/Page_Local Moodle Log in to the site/button_Log in")): Object: 'Object Repository/Admin Site/Page_Local Moodle Log in to the site/button_Log in' is clicked on

2022-02-13 19:43:08 - [MESSAGE][PASSED] - Object: 'Object Repository/Admin Site/Page_Local Moodle Log in to the site/button_Log in' is clicked on

2022-02-13 19:43:08 - [TEST_STEP][PASSED] - click(findTestObject("Object Repository/Admin Site/Page_Nh ca ti/span_Qun tr khu vc")): Object: 'Object Repository/Admin Site/Page_Nh ca ti/span_Qun tr khu vc' is clicked on

2022-02-13 19:43:10 - [MESSAGE][PASSED] - Object: 'Object Repository/Admin Site/Page_Nh ca ti/span_Qun tr khu vc' is clicked on

2022-02-13 19:43:10 - [TEST_STEP][PASSED] - verifyElementPresent(findTestObject("Object Repository/Admin Site/Page_Moodle Khu vc qun tr Tm kim/a_Qun tr khu vc"), 0): Object 'Object Repository/Admin Site/Page_Moodle Khu vc qun tr Tm kim/a_Qun tr khu vc' is present

2022-02-13 19:43:10 - [MESSAGE][WARNING] - Timeout '0' is invalid. Using default page load timeout: '5'

2022-02-13 19:43:11 - [MESSAGE][PASSED] - Object 'Object Repository/Admin Site/Page_Moodle Khu vc qun tr Tm kim/a_Qun tr khu vc' is present

2022-02-13 19:43:11 - [MESSAGE][PASSED] - Call Test Case 'Test Cases/Admin Site/Login with Admin' successfully

2022-02-13 19:43:11 - [TEST_STEP][PASSED] - click(findTestObject("Object Repository/Admin Site/Page_Moodle Khu vc qun tr Tm kim/a_My ch")): Object: 'Object Repository/Admin Site/Page_Moodle Khu vc qun tr Tm kim/a_My ch' is clicked on

2022-02-13 19:43:11 - [MESSAGE][PASSED] - Object: 'Object Repository/Admin Site/Page_Moodle Khu vc qun tr Tm kim/a_My ch' is clicked on

2022-02-13 19:43:11 - [TEST_STEP][PASSED] - click(findTestObject("Object Repository/Admin Site/Page_Moodle Khu vc qun tr Tm kim/a_Ch  bo tr")): Object: 'Object Repository/Admin Site/Page_Moodle Khu vc qun tr Tm kim/a_Ch  bo tr' is clicked on

2022-02-13 19:43:12 - [MESSAGE][PASSED] - Object: 'Object Repository/Admin Site/Page_Moodle Khu vc qun tr Tm kim/a_Ch  bo tr' is clicked on

2022-02-13 19:43:12 - [TEST_STEP][PASSED] - navigateToUrl("http://localhost/admin/settings.php?section=maintenancemode"): Navigate to 'http://localhost/admin/settings.php?section=maintenancemode' successfully

2022-02-13 19:43:13 - [MESSAGE][PASSED] - Navigate to 'http://localhost/admin/settings.php?section=maintenancemode' successfully

2022-02-13 19:43:13 - [TEST_STEP][PASSED] - selectOptionByValue(findTestObject("Object Repository/Admin Site/Page_Moodle Khu vc qun tr My ch Ch  bo tr/select_Tt            M"), "1", true): All options with value '1' are selected in object 'Object Repository/Admin Site/Page_Moodle Khu vc qun tr My ch Ch  bo tr/select_Tt            M'  using regular expression

2022-02-13 19:43:15 - [MESSAGE][PASSED] - All options with value '1' are selected in object 'Object Repository/Admin Site/Page_Moodle Khu vc qun tr My ch Ch  bo tr/select_Tt            M'  using regular expression

2022-02-13 19:43:15 - [TEST_STEP][PASSED] - click(findTestObject("Object Repository/Admin Site/Page_Moodle Khu vc qun tr My ch Ch  bo tr/button_Lu cc thay i")): Object: 'Object Repository/Admin Site/Page_Moodle Khu vc qun tr My ch Ch  bo tr/button_Lu cc thay i' is clicked on

2022-02-13 19:43:16 - [MESSAGE][PASSED] - Object: 'Object Repository/Admin Site/Page_Moodle Khu vc qun tr My ch Ch  bo tr/button_Lu cc thay i' is clicked on

2022-02-13 19:43:16 - [TEST_STEP][PASSED] - click(findTestObject("Object Repository/Admin Site/Page_Moodle Khu vc qun tr My ch Ch  bo tr -_346a94/a_Qun tr Thnh vin")): Object: 'Object Repository/Admin Site/Page_Moodle Khu vc qun tr My ch Ch  bo tr -_346a94/a_Qun tr Thnh vin' is clicked on

2022-02-13 19:43:17 - [MESSAGE][PASSED] - Object: 'Object Repository/Admin Site/Page_Moodle Khu vc qun tr My ch Ch  bo tr -_346a94/a_Qun tr Thnh vin' is clicked on

2022-02-13 19:43:17 - [TEST_STEP][PASSED] - click(findTestObject("Object Repository/Admin Site/Page_Moodle Khu vc qun tr My ch Ch  bo tr -_346a94/a_Thot")): Object: 'Object Repository/Admin Site/Page_Moodle Khu vc qun tr My ch Ch  bo tr -_346a94/a_Thot' is clicked on

2022-02-13 19:43:17 - [MESSAGE][PASSED] - Object: 'Object Repository/Admin Site/Page_Moodle Khu vc qun tr My ch Ch  bo tr -_346a94/a_Thot' is clicked on

2022-02-13 19:43:17 - [TEST_STEP][PASSED] - verifyElementText(findTestObject("Object Repository/Admin Site/Page_New Moodle Site - In maintenance mode/h2_The site is undergoing maintenance and i_04cd85"), "The site is undergoing maintenance and is currently not available"): Actual text and expected text of test object 'Object Repository/Admin Site/Page_New Moodle Site - In maintenance mode/h2_The site is undergoing maintenance and i_04cd85' are matched.

2022-02-13 19:43:18 - [MESSAGE][PASSED] - Actual text and expected text of test object 'Object Repository/Admin Site/Page_New Moodle Site - In maintenance mode/h2_The site is undergoing maintenance and i_04cd85' are matched.

2022-02-13 19:43:18 - [TEST_STEP][PASSED] - click(findTestObject("Object Repository/Admin Site/Page_New Moodle Site - In maintenance mode/a_Data retention summary")): Object: 'Object Repository/Admin Site/Page_New Moodle Site - In maintenance mode/a_Data retention summary' is clicked on

2022-02-13 19:43:19 - [MESSAGE][PASSED] - Object: 'Object Repository/Admin Site/Page_New Moodle Site - In maintenance mode/a_Data retention summary' is clicked on

2022-02-13 19:43:19 - [TEST_STEP][PASSED] - navigateToUrl("http://localhost/admin/tool/dataprivacy/summary.php"): Navigate to 'http://localhost/admin/tool/dataprivacy/summary.php' successfully

2022-02-13 19:43:19 - [MESSAGE][PASSED] - Navigate to 'http://localhost/admin/tool/dataprivacy/summary.php' successfully

2022-02-13 19:43:19 - [TEST_STEP][PASSED] - click(findTestObject("Object Repository/Admin Site/Page_Registry configuration summary - In ma_a4478e/a_Log in")): Object: 'Object Repository/Admin Site/Page_Registry configuration summary - In ma_a4478e/a_Log in' is clicked on

2022-02-13 19:43:20 - [MESSAGE][PASSED] - Object: 'Object Repository/Admin Site/Page_Registry configuration summary - In ma_a4478e/a_Log in' is clicked on

2022-02-13 19:43:20 - [TEST_STEP][PASSED] - setText(findTestObject("Object Repository/Admin Site/Page_New Moodle Site Log in to the site - I_a50ac0/input_Username_username"), "admin"): Text 'admin' is set on object 'Object Repository/Admin Site/Page_New Moodle Site Log in to the site - I_a50ac0/input_Username_username'

2022-02-13 19:43:20 - [MESSAGE][PASSED] - Text 'admin' is set on object 'Object Repository/Admin Site/Page_New Moodle Site Log in to the site - I_a50ac0/input_Username_username'

2022-02-13 19:43:20 - [TEST_STEP][PASSED] - setEncryptedText(findTestObject("Object Repository/Admin Site/Page_New Moodle Site Log in to the site - I_a50ac0/input_Password_password"), "bfAykA/oWJ09FXmiKh6lyuuLu8QhG1K5"): Text ****** has been set on object 'Object Repository/Admin Site/Page_New Moodle Site Log in to the site - I_a50ac0/input_Password_password'

2022-02-13 19:43:21 - [MESSAGE][PASSED] - Text ****** has been set on object 'Object Repository/Admin Site/Page_New Moodle Site Log in to the site - I_a50ac0/input_Password_password'

2022-02-13 19:43:21 - [TEST_STEP][PASSED] - click(findTestObject("Object Repository/Admin Site/Page_New Moodle Site Log in to the site - I_a50ac0/button_Log in")): Object: 'Object Repository/Admin Site/Page_New Moodle Site Log in to the site - I_a50ac0/button_Log in' is clicked on

2022-02-13 19:43:22 - [MESSAGE][PASSED] - Object: 'Object Repository/Admin Site/Page_New Moodle Site Log in to the site - I_a50ac0/button_Log in' is clicked on

2022-02-13 19:43:22 - [TEST_STEP][PASSED] - click(findTestObject("Object Repository/Admin Site/Page_Registry configuration summary - ang  _9bfae6/span_Qun tr khu vc")): Object: 'Object Repository/Admin Site/Page_Registry configuration summary - ang  _9bfae6/span_Qun tr khu vc' is clicked on

2022-02-13 19:43:22 - [MESSAGE][PASSED] - Object: 'Object Repository/Admin Site/Page_Registry configuration summary - ang  _9bfae6/span_Qun tr khu vc' is clicked on

2022-02-13 19:43:22 - [TEST_STEP][PASSED] - click(findTestObject("Object Repository/Admin Site/Page_Moodle Khu vc qun tr Tm kim - ang  ch  bo tr/a_My ch")): Object: 'Object Repository/Admin Site/Page_Moodle Khu vc qun tr Tm kim - ang  ch  bo tr/a_My ch' is clicked on

2022-02-13 19:43:23 - [MESSAGE][PASSED] - Object: 'Object Repository/Admin Site/Page_Moodle Khu vc qun tr Tm kim - ang  ch  bo tr/a_My ch' is clicked on

2022-02-13 19:43:23 - [TEST_STEP][PASSED] - click(findTestObject("Object Repository/Admin Site/Page_Moodle Khu vc qun tr Tm kim - ang  ch  bo tr/a_Ch  bo tr")): Object: 'Object Repository/Admin Site/Page_Moodle Khu vc qun tr Tm kim - ang  ch  bo tr/a_Ch  bo tr' is clicked on

2022-02-13 19:43:24 - [MESSAGE][PASSED] - Object: 'Object Repository/Admin Site/Page_Moodle Khu vc qun tr Tm kim - ang  ch  bo tr/a_Ch  bo tr' is clicked on

2022-02-13 19:43:24 - [TEST_STEP][PASSED] - selectOptionByValue(findTestObject("Object Repository/Admin Site/Page_Moodle Khu vc qun tr My ch Ch  bo tr -_346a94/select_Tt            M"), "0", true): All options with value '0' are selected in object 'Object Repository/Admin Site/Page_Moodle Khu vc qun tr My ch Ch  bo tr -_346a94/select_Tt            M'  using regular expression

2022-02-13 19:43:26 - [MESSAGE][PASSED] - All options with value '0' are selected in object 'Object Repository/Admin Site/Page_Moodle Khu vc qun tr My ch Ch  bo tr -_346a94/select_Tt            M'  using regular expression

2022-02-13 19:43:26 - [TEST_STEP][PASSED] - click(findTestObject("Object Repository/Admin Site/Page_Moodle Khu vc qun tr My ch Ch  bo tr/button_Lu cc thay i")): Object: 'Object Repository/Admin Site/Page_Moodle Khu vc qun tr My ch Ch  bo tr/button_Lu cc thay i' is clicked on

2022-02-13 19:43:27 - [MESSAGE][PASSED] - Object: 'Object Repository/Admin Site/Page_Moodle Khu vc qun tr My ch Ch  bo tr/button_Lu cc thay i' is clicked on

2022-02-13 19:43:27 - [TEST_STEP][PASSED] - closeBrowser(): Browser is closed

2022-02-13 19:43:28 - [MESSAGE][PASSED] - Browser is closed]]></system-out>
         <system-err><![CDATA[]]></system-err>
      </testcase>
      <testcase name="Test Cases/Create New User/Create Normal User" time="84.794" classname="Test Cases/Create New User/Create Normal User" status="PASSED">
         <system-out><![CDATA[2022-02-13 19:43:28 - [TEST_CASE][PASSED] - Test Cases/Create New User/Create Normal User: Test Cases/Create New User/Create Normal User

2022-02-13 19:43:28 - [TEST_STEP][PASSED] - callTestCase(findTestCase("Admin Site/Login with Admin"), [:], STOP_ON_FAILURE): Call Test Case 'Test Cases/Admin Site/Login with Admin' successfully

2022-02-13 19:43:28 - [TEST_CASE][PASSED] - Test Cases/Admin Site/Login with Admin: Test Cases/Admin Site/Login with Admin

2022-02-13 19:43:28 - [TEST_STEP][PASSED] - openBrowser(""): Browser is opened with url: ''

2022-02-13 19:43:28 - [MESSAGE][INFO] - Starting 'Edge Chromium' driver

2022-02-13 19:43:30 - [MESSAGE][INFO] - Action delay is set to 0 milliseconds

2022-02-13 19:43:31 - [MESSAGE][PASSED] - Browser is opened with url: ''

2022-02-13 19:43:31 - [TEST_STEP][PASSED] - navigateToUrl("http://localhost/"): Navigate to 'http://localhost/' successfully

2022-02-13 19:43:32 - [MESSAGE][PASSED] - Navigate to 'http://localhost/' successfully

2022-02-13 19:43:32 - [TEST_STEP][PASSED] - click(findTestObject("Object Repository/Admin Site/Page_Local Moodle/a_Log in")): Object: 'Object Repository/Admin Site/Page_Local Moodle/a_Log in' is clicked on

2022-02-13 19:43:33 - [MESSAGE][PASSED] - Object: 'Object Repository/Admin Site/Page_Local Moodle/a_Log in' is clicked on

2022-02-13 19:43:33 - [TEST_STEP][PASSED] - setText(findTestObject("Object Repository/Admin Site/Page_Local Moodle Log in to the site/input_Username_username"), "admin"): Text 'admin' is set on object 'Object Repository/Admin Site/Page_Local Moodle Log in to the site/input_Username_username'

2022-02-13 19:43:33 - [MESSAGE][PASSED] - Text 'admin' is set on object 'Object Repository/Admin Site/Page_Local Moodle Log in to the site/input_Username_username'

2022-02-13 19:43:33 - [TEST_STEP][PASSED] - setEncryptedText(findTestObject("Object Repository/Admin Site/Page_Local Moodle Log in to the site/input_Password_password"), "bfAykA/oWJ09FXmiKh6lyuuLu8QhG1K5"): Text ****** has been set on object 'Object Repository/Admin Site/Page_Local Moodle Log in to the site/input_Password_password'

2022-02-13 19:43:34 - [MESSAGE][PASSED] - Text ****** has been set on object 'Object Repository/Admin Site/Page_Local Moodle Log in to the site/input_Password_password'

2022-02-13 19:43:34 - [TEST_STEP][PASSED] - click(findTestObject("Object Repository/Admin Site/Page_Local Moodle Log in to the site/button_Log in")): Object: 'Object Repository/Admin Site/Page_Local Moodle Log in to the site/button_Log in' is clicked on

2022-02-13 19:43:35 - [MESSAGE][PASSED] - Object: 'Object Repository/Admin Site/Page_Local Moodle Log in to the site/button_Log in' is clicked on

2022-02-13 19:43:35 - [TEST_STEP][PASSED] - click(findTestObject("Object Repository/Admin Site/Page_Nh ca ti/span_Qun tr khu vc")): Object: 'Object Repository/Admin Site/Page_Nh ca ti/span_Qun tr khu vc' is clicked on

2022-02-13 19:43:37 - [MESSAGE][PASSED] - Object: 'Object Repository/Admin Site/Page_Nh ca ti/span_Qun tr khu vc' is clicked on

2022-02-13 19:43:37 - [TEST_STEP][PASSED] - verifyElementPresent(findTestObject("Object Repository/Admin Site/Page_Moodle Khu vc qun tr Tm kim/a_Qun tr khu vc"), 0): Object 'Object Repository/Admin Site/Page_Moodle Khu vc qun tr Tm kim/a_Qun tr khu vc' is present

2022-02-13 19:43:37 - [MESSAGE][WARNING] - Timeout '0' is invalid. Using default page load timeout: '5'

2022-02-13 19:43:38 - [MESSAGE][PASSED] - Object 'Object Repository/Admin Site/Page_Moodle Khu vc qun tr Tm kim/a_Qun tr khu vc' is present

2022-02-13 19:43:38 - [MESSAGE][PASSED] - Call Test Case 'Test Cases/Admin Site/Login with Admin' successfully

2022-02-13 19:43:38 - [TEST_STEP][PASSED] - click(findTestObject("Object Repository/Create New User/Page_Moodle Khu vc qun tr My ch Ch  bo tr/span_Qun tr khu vc")): Object: 'Object Repository/Create New User/Page_Moodle Khu vc qun tr My ch Ch  bo tr/span_Qun tr khu vc' is clicked on

2022-02-13 19:43:44 - [MESSAGE][INFO] - Unable to find the element located by 'By.xpath: '. Please recheck the objects properties to make sure the desired element is located. 

2022-02-13 19:43:44 - [MESSAGE][WARNING] - [SELF-HEALING] Failed to find element with id 'Object Repository/Create New User/Page_Moodle Khu vc qun tr My ch Ch  bo tr/span_Qun tr khu vc'. Try using Self-healing.

2022-02-13 19:43:44 - [MESSAGE][WARNING] - [SELF-HEALING] The current locator of test object 'Object Repository/Create New User/Page_Moodle Khu vc qun tr My ch Ch  bo tr/span_Qun tr khu vc' was broken. Propose an alternative one: '//div[@id='nav-drawer']/nav[2]/ul/li/a/div/div/span[2]'.

2022-02-13 19:43:45 - [MESSAGE][PASSED] - Object: 'Object Repository/Create New User/Page_Moodle Khu vc qun tr My ch Ch  bo tr/span_Qun tr khu vc' is clicked on

2022-02-13 19:43:45 - [TEST_STEP][PASSED] - click(findTestObject("Object Repository/Create New User/Page_Moodle Khu vc qun tr Tm kim/a_Thnh vin")): Object: 'Object Repository/Create New User/Page_Moodle Khu vc qun tr Tm kim/a_Thnh vin' is clicked on

2022-02-13 19:43:45 - [MESSAGE][PASSED] - Object: 'Object Repository/Create New User/Page_Moodle Khu vc qun tr Tm kim/a_Thnh vin' is clicked on

2022-02-13 19:43:45 - [TEST_STEP][PASSED] - click(findTestObject("Object Repository/Create New User/Page_Moodle Khu vc qun tr Tm kim/a_Thm thnh vin mi")): Object: 'Object Repository/Create New User/Page_Moodle Khu vc qun tr Tm kim/a_Thm thnh vin mi' is clicked on

2022-02-13 19:43:47 - [MESSAGE][PASSED] - Object: 'Object Repository/Create New User/Page_Moodle Khu vc qun tr Tm kim/a_Thm thnh vin mi' is clicked on

2022-02-13 19:43:47 - [TEST_STEP][PASSED] - setText(findTestObject("Object Repository/Create New User/Page_Moodle Khu vc qun tr Thnh vin Ti khon _57274d/input_Tn ti khon_username"), "test_1"): Text 'test_1' is set on object 'Object Repository/Create New User/Page_Moodle Khu vc qun tr Thnh vin Ti khon _57274d/input_Tn ti khon_username'

2022-02-13 19:43:48 - [MESSAGE][PASSED] - Text 'test_1' is set on object 'Object Repository/Create New User/Page_Moodle Khu vc qun tr Thnh vin Ti khon _57274d/input_Tn ti khon_username'

2022-02-13 19:43:48 - [TEST_STEP][PASSED] - click(findTestObject("Object Repository/Create New User/Page_Moodle Khu vc qun tr Thnh vin Ti khon _57274d/a_Click to enter text")): Object: 'Object Repository/Create New User/Page_Moodle Khu vc qun tr Thnh vin Ti khon _57274d/a_Click to enter text' is clicked on

2022-02-13 19:43:55 - [MESSAGE][INFO] - Unable to find the element located by 'By.xpath: //a[@id='yui_3_17_2_1_1641440991320_766']'. Please recheck the objects properties to make sure the desired element is located. 

2022-02-13 19:43:55 - [MESSAGE][WARNING] - [SELF-HEALING] Failed to find element with id 'Object Repository/Create New User/Page_Moodle Khu vc qun tr Thnh vin Ti khon _57274d/a_Click to enter text'. Try using Self-healing.

2022-02-13 19:43:55 - [MESSAGE][WARNING] - [SELF-HEALING] The current locator of test object 'Object Repository/Create New User/Page_Moodle Khu vc qun tr Thnh vin Ti khon _57274d/a_Click to enter text' was broken. Propose an alternative one: '(.//*[normalize-space(text()) and normalize-space(.)='Mật khẩu mới'])[1]/following::a[2]'.

2022-02-13 19:43:55 - [MESSAGE][PASSED] - Object: 'Object Repository/Create New User/Page_Moodle Khu vc qun tr Thnh vin Ti khon _57274d/a_Click to enter text' is clicked on

2022-02-13 19:43:55 - [TEST_STEP][PASSED] - setEncryptedText(findTestObject("Object Repository/Create New User/Page_Moodle Khu vc qun tr Thnh vin Ti khon _57274d/input_Mt khu mi_newpassword"), "cvW8qx4B2o1gIDzvWT+0mQ=="): Text ****** has been set on object 'Object Repository/Create New User/Page_Moodle Khu vc qun tr Thnh vin Ti khon _57274d/input_Mt khu mi_newpassword'

2022-02-13 19:43:56 - [MESSAGE][PASSED] - Text ****** has been set on object 'Object Repository/Create New User/Page_Moodle Khu vc qun tr Thnh vin Ti khon _57274d/input_Mt khu mi_newpassword'

2022-02-13 19:43:56 - [TEST_STEP][PASSED] - setText(findTestObject("Object Repository/Create New User/Page_Moodle Khu vc qun tr Thnh vin Ti khon _57274d/input_Tn m v tn_firstname"), "A"): Text 'A' is set on object 'Object Repository/Create New User/Page_Moodle Khu vc qun tr Thnh vin Ti khon _57274d/input_Tn m v tn_firstname'

2022-02-13 19:43:57 - [MESSAGE][PASSED] - Text 'A' is set on object 'Object Repository/Create New User/Page_Moodle Khu vc qun tr Thnh vin Ti khon _57274d/input_Tn m v tn_firstname'

2022-02-13 19:43:57 - [TEST_STEP][PASSED] - setText(findTestObject("Object Repository/Create New User/Page_Moodle Khu vc qun tr Thnh vin Ti khon _57274d/input_H_lastname"), "Nguyễn"): Text 'Nguyễn' is set on object 'Object Repository/Create New User/Page_Moodle Khu vc qun tr Thnh vin Ti khon _57274d/input_H_lastname'

2022-02-13 19:43:58 - [MESSAGE][PASSED] - Text 'Nguyễn' is set on object 'Object Repository/Create New User/Page_Moodle Khu vc qun tr Thnh vin Ti khon _57274d/input_H_lastname'

2022-02-13 19:43:58 - [TEST_STEP][PASSED] - setText(findTestObject("Object Repository/Create New User/Page_Moodle Khu vc qun tr Thnh vin Ti khon _57274d/input_a ch th in t_email"), "test_1@gmail.com"): Text 'test_1@gmail.com' is set on object 'Object Repository/Create New User/Page_Moodle Khu vc qun tr Thnh vin Ti khon _57274d/input_a ch th in t_email'

2022-02-13 19:43:59 - [MESSAGE][PASSED] - Text 'test_1@gmail.com' is set on object 'Object Repository/Create New User/Page_Moodle Khu vc qun tr Thnh vin Ti khon _57274d/input_a ch th in t_email'

2022-02-13 19:43:59 - [TEST_STEP][PASSED] - selectOptionByValue(findTestObject("Object Repository/Create New User/Page_Moodle Khu vc qun tr Thnh vin Ti khon _57274d/select_Du a ch th in t ca ti            Cho_daca4a"), "0", true): All options with value '0' are selected in object 'Object Repository/Create New User/Page_Moodle Khu vc qun tr Thnh vin Ti khon _57274d/select_Du a ch th in t ca ti            Cho_daca4a'  using regular expression

2022-02-13 19:44:00 - [MESSAGE][PASSED] - All options with value '0' are selected in object 'Object Repository/Create New User/Page_Moodle Khu vc qun tr Thnh vin Ti khon _57274d/select_Du a ch th in t ca ti            Cho_daca4a'  using regular expression

2022-02-13 19:44:00 - [TEST_STEP][PASSED] - setText(findTestObject("Object Repository/Create New User/Page_Moodle Khu vc qun tr Thnh vin Ti khon _57274d/input_TnhThnh ph_city"), "Hồ Chí Minh"): Text 'Hồ Chí Minh' is set on object 'Object Repository/Create New User/Page_Moodle Khu vc qun tr Thnh vin Ti khon _57274d/input_TnhThnh ph_city'

2022-02-13 19:44:01 - [MESSAGE][PASSED] - Text 'Hồ Chí Minh' is set on object 'Object Repository/Create New User/Page_Moodle Khu vc qun tr Thnh vin Ti khon _57274d/input_TnhThnh ph_city'

2022-02-13 19:44:01 - [TEST_STEP][PASSED] - selectOptionByValue(findTestObject("Object Repository/Create New User/Page_Moodle Khu vc qun tr Thnh vin Ti khon _57274d/select_Chn quc gia.            Afghanistan _0db63d"), "VN", true): All options with value 'VN' are selected in object 'Object Repository/Create New User/Page_Moodle Khu vc qun tr Thnh vin Ti khon _57274d/select_Chn quc gia.            Afghanistan _0db63d'  using regular expression

2022-02-13 19:44:09 - [MESSAGE][PASSED] - All options with value 'VN' are selected in object 'Object Repository/Create New User/Page_Moodle Khu vc qun tr Thnh vin Ti khon _57274d/select_Chn quc gia.            Afghanistan _0db63d'  using regular expression

2022-02-13 19:44:09 - [TEST_STEP][PASSED] - click(findTestObject("Object Repository/Create New User/Page_Moodle Khu vc qun tr Thnh vin Ti khon _57274d/a_Ty bin_1")): Object: 'Object Repository/Create New User/Page_Moodle Khu vc qun tr Thnh vin Ti khon _57274d/a_Ty bin_1' is clicked on

2022-02-13 19:44:16 - [MESSAGE][INFO] - Unable to find the element located by 'By.xpath: //a[@id='yui_3_17_2_1_1641374275535_70']'. Please recheck the objects properties to make sure the desired element is located. 

2022-02-13 19:44:16 - [MESSAGE][WARNING] - [SELF-HEALING] Failed to find element with id 'Object Repository/Create New User/Page_Moodle Khu vc qun tr Thnh vin Ti khon _57274d/a_Ty bin_1'. Try using Self-healing.

2022-02-13 19:44:16 - [MESSAGE][WARNING] - [SELF-HEALING] The current locator of test object 'Object Repository/Create New User/Page_Moodle Khu vc qun tr Thnh vin Ti khon _57274d/a_Ty bin_1' was broken. Propose an alternative one: '//a[contains(text(),'Tùy biến')]'.

2022-02-13 19:44:16 - [MESSAGE][PASSED] - Object: 'Object Repository/Create New User/Page_Moodle Khu vc qun tr Thnh vin Ti khon _57274d/a_Ty bin_1' is clicked on

2022-02-13 19:44:16 - [TEST_STEP][PASSED] - setText(findTestObject("Object Repository/Create New User/Page_Moodle Khu vc qun tr Thnh vin Ti khon _57274d/input_KhoaPhngBan_department"), "Công nghệ thông tin"): Text 'Công nghệ thông tin' is set on object 'Object Repository/Create New User/Page_Moodle Khu vc qun tr Thnh vin Ti khon _57274d/input_KhoaPhngBan_department'

2022-02-13 19:44:17 - [MESSAGE][PASSED] - Text 'Công nghệ thông tin' is set on object 'Object Repository/Create New User/Page_Moodle Khu vc qun tr Thnh vin Ti khon _57274d/input_KhoaPhngBan_department'

2022-02-13 19:44:17 - [TEST_STEP][PASSED] - click(findTestObject("Object Repository/Create New User/Page_Moodle Khu vc qun tr Thnh vin Ti khon _57274d/input_a ch_submitbutton")): Object: 'Object Repository/Create New User/Page_Moodle Khu vc qun tr Thnh vin Ti khon _57274d/input_a ch_submitbutton' is clicked on

2022-02-13 19:44:19 - [MESSAGE][PASSED] - Object: 'Object Repository/Create New User/Page_Moodle Khu vc qun tr Thnh vin Ti khon _57274d/input_a ch_submitbutton' is clicked on

2022-02-13 19:44:19 - [TEST_STEP][PASSED] - navigateToUrl("http://localhost/admin/user.php"): Navigate to 'http://localhost/admin/user.php' successfully

2022-02-13 19:44:19 - [MESSAGE][PASSED] - Navigate to 'http://localhost/admin/user.php' successfully

2022-02-13 19:44:19 - [TEST_STEP][PASSED] - click(findTestObject("Object Repository/Create New User/Page_Moodle Khu vc qun tr Thnh vin Ti khon _9bfdd2/a_Qun tr Thnh vin")): Object: 'Object Repository/Create New User/Page_Moodle Khu vc qun tr Thnh vin Ti khon _9bfdd2/a_Qun tr Thnh vin' is clicked on

2022-02-13 19:44:20 - [MESSAGE][PASSED] - Object: 'Object Repository/Create New User/Page_Moodle Khu vc qun tr Thnh vin Ti khon _9bfdd2/a_Qun tr Thnh vin' is clicked on

2022-02-13 19:44:20 - [TEST_STEP][PASSED] - click(findTestObject("Object Repository/Create New User/Page_Moodle Khu vc qun tr Thnh vin Ti khon _9bfdd2/span_Thot")): Object: 'Object Repository/Create New User/Page_Moodle Khu vc qun tr Thnh vin Ti khon _9bfdd2/span_Thot' is clicked on

2022-02-13 19:44:21 - [MESSAGE][PASSED] - Object: 'Object Repository/Create New User/Page_Moodle Khu vc qun tr Thnh vin Ti khon _9bfdd2/span_Thot' is clicked on

2022-02-13 19:44:21 - [TEST_STEP][PASSED] - click(findTestObject("Object Repository/Create New User/Page_Local Moodle/a_Log in")): Object: 'Object Repository/Create New User/Page_Local Moodle/a_Log in' is clicked on

2022-02-13 19:44:21 - [MESSAGE][PASSED] - Object: 'Object Repository/Create New User/Page_Local Moodle/a_Log in' is clicked on

2022-02-13 19:44:21 - [TEST_STEP][PASSED] - setText(findTestObject("Object Repository/Create New User/Page_Local Moodle Log in to the site/input_Username_username"), "test_1"): Text 'test_1' is set on object 'Object Repository/Create New User/Page_Local Moodle Log in to the site/input_Username_username'

2022-02-13 19:44:22 - [MESSAGE][PASSED] - Text 'test_1' is set on object 'Object Repository/Create New User/Page_Local Moodle Log in to the site/input_Username_username'

2022-02-13 19:44:22 - [TEST_STEP][PASSED] - setEncryptedText(findTestObject("Object Repository/Create New User/Page_Local Moodle Log in to the site/input_Password_password"), "cvW8qx4B2o1gIDzvWT+0mQ=="): Text ****** has been set on object 'Object Repository/Create New User/Page_Local Moodle Log in to the site/input_Password_password'

2022-02-13 19:44:23 - [MESSAGE][PASSED] - Text ****** has been set on object 'Object Repository/Create New User/Page_Local Moodle Log in to the site/input_Password_password'

2022-02-13 19:44:23 - [TEST_STEP][PASSED] - click(findTestObject("Object Repository/Create New User/Page_Local Moodle Log in to the site/button_Log in")): Object: 'Object Repository/Create New User/Page_Local Moodle Log in to the site/button_Log in' is clicked on

2022-02-13 19:44:24 - [MESSAGE][PASSED] - Object: 'Object Repository/Create New User/Page_Local Moodle Log in to the site/button_Log in' is clicked on

2022-02-13 19:44:24 - [TEST_STEP][PASSED] - click(findTestObject("Object Repository/Create New User/Page_Nh ca ti/a_A Nguyn")): Object: 'Object Repository/Create New User/Page_Nh ca ti/a_A Nguyn' is clicked on

2022-02-13 19:44:25 - [MESSAGE][PASSED] - Object: 'Object Repository/Create New User/Page_Nh ca ti/a_A Nguyn' is clicked on

2022-02-13 19:44:25 - [TEST_STEP][PASSED] - click(findTestObject("Object Repository/Create New User/Page_Nh ca ti/a_H s")): Object: 'Object Repository/Create New User/Page_Nh ca ti/a_H s' is clicked on

2022-02-13 19:44:26 - [MESSAGE][PASSED] - Object: 'Object Repository/Create New User/Page_Nh ca ti/a_H s' is clicked on

2022-02-13 19:44:26 - [TEST_STEP][PASSED] - verifyElementText(findTestObject("Object Repository/Create New User/Page_A Nguyn H s cng khai/h1_A Nguyn"), "A Nguyễn"): Actual text and expected text of test object 'Object Repository/Create New User/Page_A Nguyn H s cng khai/h1_A Nguyn' are matched.

2022-02-13 19:44:27 - [MESSAGE][PASSED] - Actual text and expected text of test object 'Object Repository/Create New User/Page_A Nguyn H s cng khai/h1_A Nguyn' are matched.

2022-02-13 19:44:27 - [TEST_STEP][PASSED] - verifyElementText(findTestObject("Object Repository/Create New User/Page_A Nguyn H s cng khai/a_test_1gmail.com_1"), "test_1@gmail.com"): Actual text and expected text of test object 'Object Repository/Create New User/Page_A Nguyn H s cng khai/a_test_1gmail.com_1' are matched.

2022-02-13 19:44:27 - [MESSAGE][PASSED] - Actual text and expected text of test object 'Object Repository/Create New User/Page_A Nguyn H s cng khai/a_test_1gmail.com_1' are matched.

2022-02-13 19:44:27 - [TEST_STEP][PASSED] - verifyElementText(findTestObject("Object Repository/Create New User/Page_A Nguyn H s cng khai/dd_Vit Nam"), "Việt Nam"): Actual text and expected text of test object 'Object Repository/Create New User/Page_A Nguyn H s cng khai/dd_Vit Nam' are matched.

2022-02-13 19:44:28 - [MESSAGE][PASSED] - Actual text and expected text of test object 'Object Repository/Create New User/Page_A Nguyn H s cng khai/dd_Vit Nam' are matched.

2022-02-13 19:44:28 - [TEST_STEP][PASSED] - verifyElementText(findTestObject("Object Repository/Create New User/Page_A Nguyn H s cng khai/dd_H Ch Minh"), "Hồ Chí Minh"): Actual text and expected text of test object 'Object Repository/Create New User/Page_A Nguyn H s cng khai/dd_H Ch Minh' are matched.

2022-02-13 19:44:28 - [MESSAGE][PASSED] - Actual text and expected text of test object 'Object Repository/Create New User/Page_A Nguyn H s cng khai/dd_H Ch Minh' are matched.

2022-02-13 19:44:28 - [TEST_STEP][PASSED] - click(findTestObject("Object Repository/Create New User/Page_A Nguyn H s cng khai/a_A Nguyn")): Object: 'Object Repository/Create New User/Page_A Nguyn H s cng khai/a_A Nguyn' is clicked on

2022-02-13 19:44:29 - [MESSAGE][PASSED] - Object: 'Object Repository/Create New User/Page_A Nguyn H s cng khai/a_A Nguyn' is clicked on

2022-02-13 19:44:29 - [TEST_STEP][PASSED] - click(findTestObject("Object Repository/Create New User/Page_A Nguyn H s cng khai/a_Thot")): Object: 'Object Repository/Create New User/Page_A Nguyn H s cng khai/a_Thot' is clicked on

2022-02-13 19:44:30 - [MESSAGE][PASSED] - Object: 'Object Repository/Create New User/Page_A Nguyn H s cng khai/a_Thot' is clicked on

2022-02-13 19:44:30 - [TEST_STEP][PASSED] - click(findTestObject("Object Repository/Create New User/Page_Local Moodle/a_Log in")): Object: 'Object Repository/Create New User/Page_Local Moodle/a_Log in' is clicked on

2022-02-13 19:44:30 - [MESSAGE][PASSED] - Object: 'Object Repository/Create New User/Page_Local Moodle/a_Log in' is clicked on

2022-02-13 19:44:30 - [TEST_STEP][PASSED] - setText(findTestObject("Object Repository/Create New User/Page_Local Moodle Log in to the site/input_Username_username"), "admin"): Text 'admin' is set on object 'Object Repository/Create New User/Page_Local Moodle Log in to the site/input_Username_username'

2022-02-13 19:44:31 - [MESSAGE][PASSED] - Text 'admin' is set on object 'Object Repository/Create New User/Page_Local Moodle Log in to the site/input_Username_username'

2022-02-13 19:44:31 - [TEST_STEP][PASSED] - setEncryptedText(findTestObject("Object Repository/Create New User/Page_Local Moodle Log in to the site/input_Password_password"), "bfAykA/oWJ09FXmiKh6lyuuLu8QhG1K5"): Text ****** has been set on object 'Object Repository/Create New User/Page_Local Moodle Log in to the site/input_Password_password'

2022-02-13 19:44:31 - [MESSAGE][PASSED] - Text ****** has been set on object 'Object Repository/Create New User/Page_Local Moodle Log in to the site/input_Password_password'

2022-02-13 19:44:31 - [TEST_STEP][PASSED] - click(findTestObject("Object Repository/Create New User/Page_Local Moodle Log in to the site/button_Log in")): Object: 'Object Repository/Create New User/Page_Local Moodle Log in to the site/button_Log in' is clicked on

2022-02-13 19:44:33 - [MESSAGE][PASSED] - Object: 'Object Repository/Create New User/Page_Local Moodle Log in to the site/button_Log in' is clicked on

2022-02-13 19:44:33 - [TEST_STEP][PASSED] - click(findTestObject("Object Repository/Create New User/Page_Nh ca ti/span_Qun tr khu vc")): Object: 'Object Repository/Create New User/Page_Nh ca ti/span_Qun tr khu vc' is clicked on

2022-02-13 19:44:35 - [MESSAGE][PASSED] - Object: 'Object Repository/Create New User/Page_Nh ca ti/span_Qun tr khu vc' is clicked on

2022-02-13 19:44:35 - [TEST_STEP][PASSED] - click(findTestObject("Object Repository/Create New User/Page_Moodle Khu vc qun tr Tm kim/a_Thnh vin")): Object: 'Object Repository/Create New User/Page_Moodle Khu vc qun tr Tm kim/a_Thnh vin' is clicked on

2022-02-13 19:44:36 - [MESSAGE][PASSED] - Object: 'Object Repository/Create New User/Page_Moodle Khu vc qun tr Tm kim/a_Thnh vin' is clicked on

2022-02-13 19:44:36 - [TEST_STEP][PASSED] - click(findTestObject("Object Repository/Create New User/Page_Moodle Khu vc qun tr Tm kim/a_Xem danh sch thnh vin")): Object: 'Object Repository/Create New User/Page_Moodle Khu vc qun tr Tm kim/a_Xem danh sch thnh vin' is clicked on

2022-02-13 19:44:37 - [MESSAGE][PASSED] - Object: 'Object Repository/Create New User/Page_Moodle Khu vc qun tr Tm kim/a_Xem danh sch thnh vin' is clicked on

2022-02-13 19:44:37 - [TEST_STEP][PASSED] - click(findTestObject("Object Repository/Create New User/Page_Moodle Khu vc qun tr Thnh vin Ti khon _9bfdd2/i_Vit Nam_yui_3_17_2_1_1642096245171_45")): Object: 'Object Repository/Create New User/Page_Moodle Khu vc qun tr Thnh vin Ti khon _9bfdd2/i_Vit Nam_yui_3_17_2_1_1642096245171_45' is clicked on

2022-02-13 19:44:43 - [MESSAGE][INFO] - Unable to find the element located by 'By.xpath: //i[@id='yui_3_17_2_1_1642096245171_45']'. Please recheck the objects properties to make sure the desired element is located. 

2022-02-13 19:44:43 - [MESSAGE][WARNING] - [SELF-HEALING] Failed to find element with id 'Object Repository/Create New User/Page_Moodle Khu vc qun tr Thnh vin Ti khon _9bfdd2/i_Vit Nam_yui_3_17_2_1_1642096245171_45'. Try using Self-healing.

2022-02-13 19:44:43 - [MESSAGE][WARNING] - [SELF-HEALING] The current locator of test object 'Object Repository/Create New User/Page_Moodle Khu vc qun tr Thnh vin Ti khon _9bfdd2/i_Vit Nam_yui_3_17_2_1_1642096245171_45' was broken. Propose an alternative one: '//td[6]/a/i'.

2022-02-13 19:44:44 - [MESSAGE][PASSED] - Object: 'Object Repository/Create New User/Page_Moodle Khu vc qun tr Thnh vin Ti khon _9bfdd2/i_Vit Nam_yui_3_17_2_1_1642096245171_45' is clicked on

2022-02-13 19:44:44 - [TEST_STEP][PASSED] - click(findTestObject("Object Repository/Create New User/Page_Moodle Khu vc qun tr Thnh vin Ti khon _9bfdd2/button_Xo")): Object: 'Object Repository/Create New User/Page_Moodle Khu vc qun tr Thnh vin Ti khon _9bfdd2/button_Xo' is clicked on

2022-02-13 19:44:50 - [MESSAGE][INFO] - Unable to find the element located by 'By.xpath: //button[@id='single_button61e066810a7c320']'. Please recheck the objects properties to make sure the desired element is located. 

2022-02-13 19:44:50 - [MESSAGE][WARNING] - [SELF-HEALING] Failed to find element with id 'Object Repository/Create New User/Page_Moodle Khu vc qun tr Thnh vin Ti khon _9bfdd2/button_Xo'. Try using Self-healing.

2022-02-13 19:44:50 - [MESSAGE][WARNING] - [SELF-HEALING] The current locator of test object 'Object Repository/Create New User/Page_Moodle Khu vc qun tr Thnh vin Ti khon _9bfdd2/button_Xo' was broken. Propose an alternative one: '//div[@id='modal-footer']/div/div/form/button'.

2022-02-13 19:44:51 - [MESSAGE][PASSED] - Object: 'Object Repository/Create New User/Page_Moodle Khu vc qun tr Thnh vin Ti khon _9bfdd2/button_Xo' is clicked on

2022-02-13 19:44:51 - [TEST_STEP][PASSED] - closeBrowser(): Browser is closed

2022-02-13 19:44:52 - [MESSAGE][PASSED] - Browser is closed]]></system-out>
         <system-err><![CDATA[]]></system-err>
      </testcase>
      <testcase name="Test Cases/Create New User/Create New User Password Fail" time="26.584" classname="Test Cases/Create New User/Create New User Password Fail" status="PASSED">
         <system-out><![CDATA[2022-02-13 19:44:52 - [TEST_CASE][PASSED] - Test Cases/Create New User/Create New User Password Fail: Test Cases/Create New User/Create New User Password Fail

2022-02-13 19:44:53 - [TEST_STEP][PASSED] - callTestCase(findTestCase("Admin Site/Login with Admin"), [:], STOP_ON_FAILURE): Call Test Case 'Test Cases/Admin Site/Login with Admin' successfully

2022-02-13 19:44:53 - [TEST_CASE][PASSED] - Test Cases/Admin Site/Login with Admin: Test Cases/Admin Site/Login with Admin

2022-02-13 19:44:53 - [TEST_STEP][PASSED] - openBrowser(""): Browser is opened with url: ''

2022-02-13 19:44:53 - [MESSAGE][INFO] - Starting 'Edge Chromium' driver

2022-02-13 19:44:55 - [MESSAGE][INFO] - Action delay is set to 0 milliseconds

2022-02-13 19:44:55 - [MESSAGE][PASSED] - Browser is opened with url: ''

2022-02-13 19:44:55 - [TEST_STEP][PASSED] - navigateToUrl("http://localhost/"): Navigate to 'http://localhost/' successfully

2022-02-13 19:44:57 - [MESSAGE][PASSED] - Navigate to 'http://localhost/' successfully

2022-02-13 19:44:57 - [TEST_STEP][PASSED] - click(findTestObject("Object Repository/Admin Site/Page_Local Moodle/a_Log in")): Object: 'Object Repository/Admin Site/Page_Local Moodle/a_Log in' is clicked on

2022-02-13 19:44:57 - [MESSAGE][PASSED] - Object: 'Object Repository/Admin Site/Page_Local Moodle/a_Log in' is clicked on

2022-02-13 19:44:57 - [TEST_STEP][PASSED] - setText(findTestObject("Object Repository/Admin Site/Page_Local Moodle Log in to the site/input_Username_username"), "admin"): Text 'admin' is set on object 'Object Repository/Admin Site/Page_Local Moodle Log in to the site/input_Username_username'

2022-02-13 19:44:58 - [MESSAGE][PASSED] - Text 'admin' is set on object 'Object Repository/Admin Site/Page_Local Moodle Log in to the site/input_Username_username'

2022-02-13 19:44:58 - [TEST_STEP][PASSED] - setEncryptedText(findTestObject("Object Repository/Admin Site/Page_Local Moodle Log in to the site/input_Password_password"), "bfAykA/oWJ09FXmiKh6lyuuLu8QhG1K5"): Text ****** has been set on object 'Object Repository/Admin Site/Page_Local Moodle Log in to the site/input_Password_password'

2022-02-13 19:44:59 - [MESSAGE][PASSED] - Text ****** has been set on object 'Object Repository/Admin Site/Page_Local Moodle Log in to the site/input_Password_password'

2022-02-13 19:44:59 - [TEST_STEP][PASSED] - click(findTestObject("Object Repository/Admin Site/Page_Local Moodle Log in to the site/button_Log in")): Object: 'Object Repository/Admin Site/Page_Local Moodle Log in to the site/button_Log in' is clicked on

2022-02-13 19:45:00 - [MESSAGE][PASSED] - Object: 'Object Repository/Admin Site/Page_Local Moodle Log in to the site/button_Log in' is clicked on

2022-02-13 19:45:00 - [TEST_STEP][PASSED] - click(findTestObject("Object Repository/Admin Site/Page_Nh ca ti/span_Qun tr khu vc")): Object: 'Object Repository/Admin Site/Page_Nh ca ti/span_Qun tr khu vc' is clicked on

2022-02-13 19:45:02 - [MESSAGE][PASSED] - Object: 'Object Repository/Admin Site/Page_Nh ca ti/span_Qun tr khu vc' is clicked on

2022-02-13 19:45:02 - [TEST_STEP][PASSED] - verifyElementPresent(findTestObject("Object Repository/Admin Site/Page_Moodle Khu vc qun tr Tm kim/a_Qun tr khu vc"), 0): Object 'Object Repository/Admin Site/Page_Moodle Khu vc qun tr Tm kim/a_Qun tr khu vc' is present

2022-02-13 19:45:02 - [MESSAGE][WARNING] - Timeout '0' is invalid. Using default page load timeout: '5'

2022-02-13 19:45:02 - [MESSAGE][PASSED] - Object 'Object Repository/Admin Site/Page_Moodle Khu vc qun tr Tm kim/a_Qun tr khu vc' is present

2022-02-13 19:45:02 - [MESSAGE][PASSED] - Call Test Case 'Test Cases/Admin Site/Login with Admin' successfully

2022-02-13 19:45:02 - [TEST_STEP][PASSED] - click(findTestObject("Object Repository/Create New User/Page_Moodle Khu vc qun tr Tm kim/a_Thnh vin")): Object: 'Object Repository/Create New User/Page_Moodle Khu vc qun tr Tm kim/a_Thnh vin' is clicked on

2022-02-13 19:45:02 - [MESSAGE][PASSED] - Object: 'Object Repository/Create New User/Page_Moodle Khu vc qun tr Tm kim/a_Thnh vin' is clicked on

2022-02-13 19:45:02 - [TEST_STEP][PASSED] - click(findTestObject("Object Repository/Create New User/Page_Moodle Khu vc qun tr Tm kim/a_Thm thnh vin mi")): Object: 'Object Repository/Create New User/Page_Moodle Khu vc qun tr Tm kim/a_Thm thnh vin mi' is clicked on

2022-02-13 19:45:03 - [MESSAGE][PASSED] - Object: 'Object Repository/Create New User/Page_Moodle Khu vc qun tr Tm kim/a_Thm thnh vin mi' is clicked on

2022-02-13 19:45:03 - [TEST_STEP][PASSED] - navigateToUrl("http://localhost/user/editadvanced.php?id=-1"): Navigate to 'http://localhost/user/editadvanced.php?id=-1' successfully

2022-02-13 19:45:04 - [MESSAGE][PASSED] - Navigate to 'http://localhost/user/editadvanced.php?id=-1' successfully

2022-02-13 19:45:04 - [TEST_STEP][PASSED] - click(findTestObject("Object Repository/Create New User/Page_Moodle Khu vc qun tr Thnh vin Ti khon _57274d/input_Tn ti khon_username")): Object: 'Object Repository/Create New User/Page_Moodle Khu vc qun tr Thnh vin Ti khon _57274d/input_Tn ti khon_username' is clicked on

2022-02-13 19:45:05 - [MESSAGE][PASSED] - Object: 'Object Repository/Create New User/Page_Moodle Khu vc qun tr Thnh vin Ti khon _57274d/input_Tn ti khon_username' is clicked on

2022-02-13 19:45:05 - [TEST_STEP][PASSED] - setText(findTestObject("Object Repository/Create New User/Page_Moodle Khu vc qun tr Thnh vin Ti khon _57274d/input_Tn ti khon_username"), "test_fail"): Text 'test_fail' is set on object 'Object Repository/Create New User/Page_Moodle Khu vc qun tr Thnh vin Ti khon _57274d/input_Tn ti khon_username'

2022-02-13 19:45:06 - [MESSAGE][PASSED] - Text 'test_fail' is set on object 'Object Repository/Create New User/Page_Moodle Khu vc qun tr Thnh vin Ti khon _57274d/input_Tn ti khon_username'

2022-02-13 19:45:06 - [TEST_STEP][PASSED] - setText(findTestObject("Object Repository/Create New User/Page_Moodle Khu vc qun tr Thnh vin Ti khon _57274d/input_Tn m v tn_firstname"), "1"): Text '1' is set on object 'Object Repository/Create New User/Page_Moodle Khu vc qun tr Thnh vin Ti khon _57274d/input_Tn m v tn_firstname'

2022-02-13 19:45:06 - [MESSAGE][PASSED] - Text '1' is set on object 'Object Repository/Create New User/Page_Moodle Khu vc qun tr Thnh vin Ti khon _57274d/input_Tn m v tn_firstname'

2022-02-13 19:45:06 - [TEST_STEP][PASSED] - setText(findTestObject("Object Repository/Create New User/Page_Moodle Khu vc qun tr Thnh vin Ti khon _57274d/input_H_lastname"), "2"): Text '2' is set on object 'Object Repository/Create New User/Page_Moodle Khu vc qun tr Thnh vin Ti khon _57274d/input_H_lastname'

2022-02-13 19:45:07 - [MESSAGE][PASSED] - Text '2' is set on object 'Object Repository/Create New User/Page_Moodle Khu vc qun tr Thnh vin Ti khon _57274d/input_H_lastname'

2022-02-13 19:45:07 - [TEST_STEP][PASSED] - setText(findTestObject("Object Repository/Create New User/Page_Moodle Khu vc qun tr Thnh vin Ti khon _57274d/input_a ch th in t_email"), "test_fail@gmail.com"): Text 'test_fail@gmail.com' is set on object 'Object Repository/Create New User/Page_Moodle Khu vc qun tr Thnh vin Ti khon _57274d/input_a ch th in t_email'

2022-02-13 19:45:08 - [MESSAGE][PASSED] - Text 'test_fail@gmail.com' is set on object 'Object Repository/Create New User/Page_Moodle Khu vc qun tr Thnh vin Ti khon _57274d/input_a ch th in t_email'

2022-02-13 19:45:08 - [TEST_STEP][PASSED] - click(findTestObject("Object Repository/Create New User/Page_Moodle Khu vc qun tr Thnh vin Ti khon _57274d/em_Click to enter text")): Object: 'Object Repository/Create New User/Page_Moodle Khu vc qun tr Thnh vin Ti khon _57274d/em_Click to enter text' is clicked on

2022-02-13 19:45:14 - [MESSAGE][INFO] - Unable to find the element located by 'By.xpath: //a[@id='yui_3_17_2_1_1642069056468_763']/span/span/em'. Please recheck the objects properties to make sure the desired element is located. 

2022-02-13 19:45:14 - [MESSAGE][WARNING] - [SELF-HEALING] Failed to find element with id 'Object Repository/Create New User/Page_Moodle Khu vc qun tr Thnh vin Ti khon _57274d/em_Click to enter text'. Try using Self-healing.

2022-02-13 19:45:15 - [MESSAGE][WARNING] - [SELF-HEALING] The current locator of test object 'Object Repository/Create New User/Page_Moodle Khu vc qun tr Thnh vin Ti khon _57274d/em_Click to enter text' was broken. Propose an alternative one: '(.//*[normalize-space(text()) and normalize-space(.)='Mật khẩu mới'])[1]/following::em[1]'.

2022-02-13 19:45:15 - [MESSAGE][PASSED] - Object: 'Object Repository/Create New User/Page_Moodle Khu vc qun tr Thnh vin Ti khon _57274d/em_Click to enter text' is clicked on

2022-02-13 19:45:15 - [TEST_STEP][PASSED] - setEncryptedText(findTestObject("Object Repository/Create New User/Page_Moodle Khu vc qun tr Thnh vin Ti khon _57274d/input_Mt khu mi_newpassword"), "RigbBhfdqOBGNlJIWM1ClA=="): Text ****** has been set on object 'Object Repository/Create New User/Page_Moodle Khu vc qun tr Thnh vin Ti khon _57274d/input_Mt khu mi_newpassword'

2022-02-13 19:45:15 - [MESSAGE][PASSED] - Text ****** has been set on object 'Object Repository/Create New User/Page_Moodle Khu vc qun tr Thnh vin Ti khon _57274d/input_Mt khu mi_newpassword'

2022-02-13 19:45:15 - [TEST_STEP][PASSED] - click(findTestObject("Object Repository/Create New User/Page_Moodle Khu vc qun tr Thnh vin Ti khon _57274d/input_a ch_submitbutton")): Object: 'Object Repository/Create New User/Page_Moodle Khu vc qun tr Thnh vin Ti khon _57274d/input_a ch_submitbutton' is clicked on

2022-02-13 19:45:17 - [MESSAGE][PASSED] - Object: 'Object Repository/Create New User/Page_Moodle Khu vc qun tr Thnh vin Ti khon _57274d/input_a ch_submitbutton' is clicked on

2022-02-13 19:45:17 - [TEST_STEP][PASSED] - verifyElementPresent(findTestObject("Object Repository/Create New User/Page_Moodle Khu vc qun tr Thnh vin Ti khon _57274d/div_Mt khu phi c t nht l 1 k t vit thng"), 0): Object 'Object Repository/Create New User/Page_Moodle Khu vc qun tr Thnh vin Ti khon _57274d/div_Mt khu phi c t nht l 1 k t vit thng' is present

2022-02-13 19:45:17 - [MESSAGE][WARNING] - Timeout '0' is invalid. Using default page load timeout: '5'

2022-02-13 19:45:17 - [MESSAGE][PASSED] - Object 'Object Repository/Create New User/Page_Moodle Khu vc qun tr Thnh vin Ti khon _57274d/div_Mt khu phi c t nht l 1 k t vit thng' is present

2022-02-13 19:45:17 - [TEST_STEP][PASSED] - verifyElementPresent(findTestObject("Object Repository/Create New User/Page_Moodle Khu vc qun tr Thnh vin Ti khon _57274d/div_Mt khu phi c t nht l 1 k t vit hoa"), 0): Object 'Object Repository/Create New User/Page_Moodle Khu vc qun tr Thnh vin Ti khon _57274d/div_Mt khu phi c t nht l 1 k t vit hoa' is present

2022-02-13 19:45:17 - [MESSAGE][WARNING] - Timeout '0' is invalid. Using default page load timeout: '5'

2022-02-13 19:45:18 - [MESSAGE][PASSED] - Object 'Object Repository/Create New User/Page_Moodle Khu vc qun tr Thnh vin Ti khon _57274d/div_Mt khu phi c t nht l 1 k t vit hoa' is present

2022-02-13 19:45:18 - [TEST_STEP][PASSED] - verifyElementPresent(findTestObject("Object Repository/Create New User/Page_Moodle Khu vc qun tr Thnh vin Ti khon _57274d/div_Mt khu phi c t nht l 1 k t dng ch"), 0): Object 'Object Repository/Create New User/Page_Moodle Khu vc qun tr Thnh vin Ti khon _57274d/div_Mt khu phi c t nht l 1 k t dng ch' is present

2022-02-13 19:45:18 - [MESSAGE][WARNING] - Timeout '0' is invalid. Using default page load timeout: '5'

2022-02-13 19:45:18 - [MESSAGE][PASSED] - Object 'Object Repository/Create New User/Page_Moodle Khu vc qun tr Thnh vin Ti khon _57274d/div_Mt khu phi c t nht l 1 k t dng ch' is present

2022-02-13 19:45:18 - [TEST_STEP][PASSED] - closeBrowser(): Browser is closed

2022-02-13 19:45:19 - [MESSAGE][PASSED] - Browser is closed]]></system-out>
         <system-err><![CDATA[]]></system-err>
      </testcase>
      <testcase name="Test Cases/Create New User/Create New User With Full Information" time="116.425" classname="Test Cases/Create New User/Create New User With Full Information" status="PASSED">
         <system-out><![CDATA[2022-02-13 19:45:19 - [TEST_CASE][PASSED] - Test Cases/Create New User/Create New User With Full Information: Test Cases/Create New User/Create New User With Full Information

2022-02-13 19:45:19 - [TEST_STEP][PASSED] - callTestCase(findTestCase("Admin Site/Login with Admin"), [:], STOP_ON_FAILURE): Call Test Case 'Test Cases/Admin Site/Login with Admin' successfully

2022-02-13 19:45:19 - [TEST_CASE][PASSED] - Test Cases/Admin Site/Login with Admin: Test Cases/Admin Site/Login with Admin

2022-02-13 19:45:19 - [TEST_STEP][PASSED] - openBrowser(""): Browser is opened with url: ''

2022-02-13 19:45:19 - [MESSAGE][INFO] - Starting 'Edge Chromium' driver

2022-02-13 19:45:22 - [MESSAGE][INFO] - Action delay is set to 0 milliseconds

2022-02-13 19:45:22 - [MESSAGE][PASSED] - Browser is opened with url: ''

2022-02-13 19:45:22 - [TEST_STEP][PASSED] - navigateToUrl("http://localhost/"): Navigate to 'http://localhost/' successfully

2022-02-13 19:45:23 - [MESSAGE][PASSED] - Navigate to 'http://localhost/' successfully

2022-02-13 19:45:23 - [TEST_STEP][PASSED] - click(findTestObject("Object Repository/Admin Site/Page_Local Moodle/a_Log in")): Object: 'Object Repository/Admin Site/Page_Local Moodle/a_Log in' is clicked on

2022-02-13 19:45:24 - [MESSAGE][PASSED] - Object: 'Object Repository/Admin Site/Page_Local Moodle/a_Log in' is clicked on

2022-02-13 19:45:24 - [TEST_STEP][PASSED] - setText(findTestObject("Object Repository/Admin Site/Page_Local Moodle Log in to the site/input_Username_username"), "admin"): Text 'admin' is set on object 'Object Repository/Admin Site/Page_Local Moodle Log in to the site/input_Username_username'

2022-02-13 19:45:25 - [MESSAGE][PASSED] - Text 'admin' is set on object 'Object Repository/Admin Site/Page_Local Moodle Log in to the site/input_Username_username'

2022-02-13 19:45:25 - [TEST_STEP][PASSED] - setEncryptedText(findTestObject("Object Repository/Admin Site/Page_Local Moodle Log in to the site/input_Password_password"), "bfAykA/oWJ09FXmiKh6lyuuLu8QhG1K5"): Text ****** has been set on object 'Object Repository/Admin Site/Page_Local Moodle Log in to the site/input_Password_password'

2022-02-13 19:45:25 - [MESSAGE][PASSED] - Text ****** has been set on object 'Object Repository/Admin Site/Page_Local Moodle Log in to the site/input_Password_password'

2022-02-13 19:45:25 - [TEST_STEP][PASSED] - click(findTestObject("Object Repository/Admin Site/Page_Local Moodle Log in to the site/button_Log in")): Object: 'Object Repository/Admin Site/Page_Local Moodle Log in to the site/button_Log in' is clicked on

2022-02-13 19:45:27 - [MESSAGE][PASSED] - Object: 'Object Repository/Admin Site/Page_Local Moodle Log in to the site/button_Log in' is clicked on

2022-02-13 19:45:27 - [TEST_STEP][PASSED] - click(findTestObject("Object Repository/Admin Site/Page_Nh ca ti/span_Qun tr khu vc")): Object: 'Object Repository/Admin Site/Page_Nh ca ti/span_Qun tr khu vc' is clicked on

2022-02-13 19:45:28 - [MESSAGE][PASSED] - Object: 'Object Repository/Admin Site/Page_Nh ca ti/span_Qun tr khu vc' is clicked on

2022-02-13 19:45:28 - [TEST_STEP][PASSED] - verifyElementPresent(findTestObject("Object Repository/Admin Site/Page_Moodle Khu vc qun tr Tm kim/a_Qun tr khu vc"), 0): Object 'Object Repository/Admin Site/Page_Moodle Khu vc qun tr Tm kim/a_Qun tr khu vc' is present

2022-02-13 19:45:28 - [MESSAGE][WARNING] - Timeout '0' is invalid. Using default page load timeout: '5'

2022-02-13 19:45:29 - [MESSAGE][PASSED] - Object 'Object Repository/Admin Site/Page_Moodle Khu vc qun tr Tm kim/a_Qun tr khu vc' is present

2022-02-13 19:45:29 - [MESSAGE][PASSED] - Call Test Case 'Test Cases/Admin Site/Login with Admin' successfully

2022-02-13 19:45:29 - [TEST_STEP][PASSED] - click(findTestObject("Object Repository/Create New User/Page_Moodle Khu vc qun tr Tm kim/a_Thnh vin")): Object: 'Object Repository/Create New User/Page_Moodle Khu vc qun tr Tm kim/a_Thnh vin' is clicked on

2022-02-13 19:45:29 - [MESSAGE][PASSED] - Object: 'Object Repository/Create New User/Page_Moodle Khu vc qun tr Tm kim/a_Thnh vin' is clicked on

2022-02-13 19:45:29 - [TEST_STEP][PASSED] - click(findTestObject("Object Repository/Create New User/Page_Moodle Khu vc qun tr Tm kim/a_Thm thnh vin mi")): Object: 'Object Repository/Create New User/Page_Moodle Khu vc qun tr Tm kim/a_Thm thnh vin mi' is clicked on

2022-02-13 19:45:30 - [MESSAGE][PASSED] - Object: 'Object Repository/Create New User/Page_Moodle Khu vc qun tr Tm kim/a_Thm thnh vin mi' is clicked on

2022-02-13 19:45:30 - [TEST_STEP][PASSED] - navigateToUrl("http://localhost/user/editadvanced.php?id=-1"): Navigate to 'http://localhost/user/editadvanced.php?id=-1' successfully

2022-02-13 19:45:31 - [MESSAGE][PASSED] - Navigate to 'http://localhost/user/editadvanced.php?id=-1' successfully

2022-02-13 19:45:31 - [TEST_STEP][PASSED] - click(findTestObject("Object Repository/Create New User/Page_Moodle Khu vc qun tr Thnh vin Ti khon _57274d/a_M rng tt c")): Object: 'Object Repository/Create New User/Page_Moodle Khu vc qun tr Thnh vin Ti khon _57274d/a_M rng tt c' is clicked on

2022-02-13 19:45:37 - [MESSAGE][INFO] - Unable to find the element located by 'By.xpath: //*[@href = '#' and @id = 'yui_3_17_2_1_1641375718034_760' and (text() = 'Mở rộng tất cả' or . = 'Mở rộng tất cả')]'. Please recheck the objects properties to make sure the desired element is located. 

2022-02-13 19:45:37 - [MESSAGE][WARNING] - [SELF-HEALING] Failed to find element with id 'Object Repository/Create New User/Page_Moodle Khu vc qun tr Thnh vin Ti khon _57274d/a_M rng tt c'. Try using Self-healing.

2022-02-13 19:45:37 - [MESSAGE][WARNING] - [SELF-HEALING] The current locator of test object 'Object Repository/Create New User/Page_Moodle Khu vc qun tr Thnh vin Ti khon _57274d/a_M rng tt c' was broken. Propose an alternative one: '//a[contains(text(),'Mở rộng tất cả')]'.

2022-02-13 19:45:38 - [MESSAGE][PASSED] - Object: 'Object Repository/Create New User/Page_Moodle Khu vc qun tr Thnh vin Ti khon _57274d/a_M rng tt c' is clicked on

2022-02-13 19:45:38 - [TEST_STEP][PASSED] - setText(findTestObject("Object Repository/Create New User/Page_Moodle Khu vc qun tr Thnh vin Ti khon _57274d/input_Tn ti khon_username"), "test_3"): Text 'test_3' is set on object 'Object Repository/Create New User/Page_Moodle Khu vc qun tr Thnh vin Ti khon _57274d/input_Tn ti khon_username'

2022-02-13 19:45:39 - [MESSAGE][PASSED] - Text 'test_3' is set on object 'Object Repository/Create New User/Page_Moodle Khu vc qun tr Thnh vin Ti khon _57274d/input_Tn ti khon_username'

2022-02-13 19:45:39 - [TEST_STEP][PASSED] - click(findTestObject("Object Repository/Create New User/Page_Moodle Khu vc qun tr Thnh vin Ti khon _57274d/em_Click to enter text")): Object: 'Object Repository/Create New User/Page_Moodle Khu vc qun tr Thnh vin Ti khon _57274d/em_Click to enter text' is clicked on

2022-02-13 19:45:45 - [MESSAGE][INFO] - Unable to find the element located by 'By.xpath: //a[@id='yui_3_17_2_1_1642069056468_763']/span/span/em'. Please recheck the objects properties to make sure the desired element is located. 

2022-02-13 19:45:45 - [MESSAGE][WARNING] - [SELF-HEALING] Failed to find element with id 'Object Repository/Create New User/Page_Moodle Khu vc qun tr Thnh vin Ti khon _57274d/em_Click to enter text'. Try using Self-healing.

2022-02-13 19:45:45 - [MESSAGE][WARNING] - [SELF-HEALING] The current locator of test object 'Object Repository/Create New User/Page_Moodle Khu vc qun tr Thnh vin Ti khon _57274d/em_Click to enter text' was broken. Propose an alternative one: '(.//*[normalize-space(text()) and normalize-space(.)='Mật khẩu mới'])[1]/following::em[1]'.

2022-02-13 19:45:45 - [MESSAGE][PASSED] - Object: 'Object Repository/Create New User/Page_Moodle Khu vc qun tr Thnh vin Ti khon _57274d/em_Click to enter text' is clicked on

2022-02-13 19:45:45 - [TEST_STEP][PASSED] - setEncryptedText(findTestObject("Object Repository/Create New User/Page_Moodle Khu vc qun tr Thnh vin Ti khon _57274d/input_Mt khu mi_newpassword"), "cvW8qx4B2o1gIDzvWT+0mQ=="): Text ****** has been set on object 'Object Repository/Create New User/Page_Moodle Khu vc qun tr Thnh vin Ti khon _57274d/input_Mt khu mi_newpassword'

2022-02-13 19:45:46 - [MESSAGE][PASSED] - Text ****** has been set on object 'Object Repository/Create New User/Page_Moodle Khu vc qun tr Thnh vin Ti khon _57274d/input_Mt khu mi_newpassword'

2022-02-13 19:45:46 - [TEST_STEP][PASSED] - setText(findTestObject("Object Repository/Create New User/Page_Moodle Khu vc qun tr Thnh vin Ti khon _57274d/input_Tn m v tn_firstname"), "C"): Text 'C' is set on object 'Object Repository/Create New User/Page_Moodle Khu vc qun tr Thnh vin Ti khon _57274d/input_Tn m v tn_firstname'

2022-02-13 19:45:47 - [MESSAGE][PASSED] - Text 'C' is set on object 'Object Repository/Create New User/Page_Moodle Khu vc qun tr Thnh vin Ti khon _57274d/input_Tn m v tn_firstname'

2022-02-13 19:45:47 - [TEST_STEP][PASSED] - setText(findTestObject("Object Repository/Create New User/Page_Moodle Khu vc qun tr Thnh vin Ti khon _57274d/input_H_lastname"), "Nguyễn"): Text 'Nguyễn' is set on object 'Object Repository/Create New User/Page_Moodle Khu vc qun tr Thnh vin Ti khon _57274d/input_H_lastname'

2022-02-13 19:45:48 - [MESSAGE][PASSED] - Text 'Nguyễn' is set on object 'Object Repository/Create New User/Page_Moodle Khu vc qun tr Thnh vin Ti khon _57274d/input_H_lastname'

2022-02-13 19:45:48 - [TEST_STEP][PASSED] - setText(findTestObject("Object Repository/Create New User/Page_Moodle Khu vc qun tr Thnh vin Ti khon _57274d/input_a ch th in t_email"), "test_3@gmail.com"): Text 'test_3@gmail.com' is set on object 'Object Repository/Create New User/Page_Moodle Khu vc qun tr Thnh vin Ti khon _57274d/input_a ch th in t_email'

2022-02-13 19:45:48 - [MESSAGE][PASSED] - Text 'test_3@gmail.com' is set on object 'Object Repository/Create New User/Page_Moodle Khu vc qun tr Thnh vin Ti khon _57274d/input_a ch th in t_email'

2022-02-13 19:45:48 - [TEST_STEP][PASSED] - selectOptionByValue(findTestObject("Object Repository/Create New User/Page_Moodle Khu vc qun tr Thnh vin Ti khon _57274d/select_Du a ch th in t ca ti            Cho_daca4a"), "1", true): All options with value '1' are selected in object 'Object Repository/Create New User/Page_Moodle Khu vc qun tr Thnh vin Ti khon _57274d/select_Du a ch th in t ca ti            Cho_daca4a'  using regular expression

2022-02-13 19:45:50 - [MESSAGE][PASSED] - All options with value '1' are selected in object 'Object Repository/Create New User/Page_Moodle Khu vc qun tr Thnh vin Ti khon _57274d/select_Du a ch th in t ca ti            Cho_daca4a'  using regular expression

2022-02-13 19:45:50 - [TEST_STEP][PASSED] - setText(findTestObject("Object Repository/Create New User/Page_Moodle Khu vc qun tr Thnh vin Ti khon _57274d/input_TnhThnh ph_city"), "Hà Nội"): Text 'Hà Nội' is set on object 'Object Repository/Create New User/Page_Moodle Khu vc qun tr Thnh vin Ti khon _57274d/input_TnhThnh ph_city'

2022-02-13 19:45:50 - [MESSAGE][PASSED] - Text 'Hà Nội' is set on object 'Object Repository/Create New User/Page_Moodle Khu vc qun tr Thnh vin Ti khon _57274d/input_TnhThnh ph_city'

2022-02-13 19:45:50 - [TEST_STEP][PASSED] - selectOptionByValue(findTestObject("Object Repository/Create New User/Page_Moodle Khu vc qun tr Thnh vin Ti khon _57274d/select_Chn quc gia.            Afghanistan _0db63d"), "VN", true): All options with value 'VN' are selected in object 'Object Repository/Create New User/Page_Moodle Khu vc qun tr Thnh vin Ti khon _57274d/select_Chn quc gia.            Afghanistan _0db63d'  using regular expression

2022-02-13 19:46:00 - [MESSAGE][PASSED] - All options with value 'VN' are selected in object 'Object Repository/Create New User/Page_Moodle Khu vc qun tr Thnh vin Ti khon _57274d/select_Chn quc gia.            Afghanistan _0db63d'  using regular expression

2022-02-13 19:46:00 - [TEST_STEP][PASSED] - setText(findTestObject("Object Repository/Create New User/Page_Moodle Khu vc qun tr Thnh vin Ti khon _57274d/div_Simple description"), "<p dir="ltr" style="text-align: left;">Simple description</p>"): Text '<p dir="ltr" style="text-align: left;">Simple description</p>' is set on object 'Object Repository/Create New User/Page_Moodle Khu vc qun tr Thnh vin Ti khon _57274d/div_Simple description'

2022-02-13 19:46:01 - [MESSAGE][PASSED] - Text '<p dir="ltr" style="text-align: left;">Simple description</p>' is set on object 'Object Repository/Create New User/Page_Moodle Khu vc qun tr Thnh vin Ti khon _57274d/div_Simple description'

2022-02-13 19:46:01 - [TEST_STEP][PASSED] - click(findTestObject("Object Repository/Create New User/Page_Moodle Khu vc qun tr Thnh vin Ti khon _57274d/a_- Ko th khng c h tr_yui_3_17_2_1_16414382_45899b")): Object: 'Object Repository/Create New User/Page_Moodle Khu vc qun tr Thnh vin Ti khon _57274d/a_- Ko th khng c h tr_yui_3_17_2_1_16414382_45899b' is clicked on

2022-02-13 19:46:08 - [MESSAGE][INFO] - Unable to find the element located by 'By.xpath: '. Please recheck the objects properties to make sure the desired element is located. 

2022-02-13 19:46:08 - [MESSAGE][WARNING] - [SELF-HEALING] Failed to find element with id 'Object Repository/Create New User/Page_Moodle Khu vc qun tr Thnh vin Ti khon _57274d/a_- Ko th khng c h tr_yui_3_17_2_1_16414382_45899b'. Try using Self-healing.

2022-02-13 19:46:08 - [MESSAGE][WARNING] - [SELF-HEALING] The current locator of test object 'Object Repository/Create New User/Page_Moodle Khu vc qun tr Thnh vin Ti khon _57274d/a_- Ko th khng c h tr_yui_3_17_2_1_16414382_45899b' was broken. Propose an alternative one: '(.//*[normalize-space(text()) and normalize-space(.)='- Kéo thả không được hỗ trợ'])[1]/following::a[1]'.

2022-02-13 19:46:08 - [MESSAGE][PASSED] - Object: 'Object Repository/Create New User/Page_Moodle Khu vc qun tr Thnh vin Ti khon _57274d/a_- Ko th khng c h tr_yui_3_17_2_1_16414382_45899b' is clicked on

2022-02-13 19:46:08 - [TEST_STEP][PASSED] - click(findTestObject("Object Repository/Create New User/Page_Moodle Khu vc qun tr Thnh vin Ti khon _57274d/span_Tp tin ring t")): Object: 'Object Repository/Create New User/Page_Moodle Khu vc qun tr Thnh vin Ti khon _57274d/span_Tp tin ring t' is clicked on

2022-02-13 19:46:14 - [MESSAGE][INFO] - Unable to find the element located by 'By.xpath: //span[@id='yui_3_17_2_1_1641438294284_1658']'. Please recheck the objects properties to make sure the desired element is located. 

2022-02-13 19:46:14 - [MESSAGE][WARNING] - [SELF-HEALING] Failed to find element with id 'Object Repository/Create New User/Page_Moodle Khu vc qun tr Thnh vin Ti khon _57274d/span_Tp tin ring t'. Try using Self-healing.

2022-02-13 19:46:15 - [MESSAGE][WARNING] - [SELF-HEALING] The current locator of test object 'Object Repository/Create New User/Page_Moodle Khu vc qun tr Thnh vin Ti khon _57274d/span_Tp tin ring t' was broken. Propose an alternative one: '(.//*[normalize-space(text()) and normalize-space(.)='URL downloader'])[1]/following::span[1]'.

2022-02-13 19:46:15 - [MESSAGE][PASSED] - Object: 'Object Repository/Create New User/Page_Moodle Khu vc qun tr Thnh vin Ti khon _57274d/span_Tp tin ring t' is clicked on

2022-02-13 19:46:15 - [TEST_STEP][PASSED] - click(findTestObject("Object Repository/Create New User/Page_Moodle Khu vc qun tr Thnh vin Ti khon _57274d/div_Wikimedia_yui_3_17_2_1_1641438294284_1691")): Object: 'Object Repository/Create New User/Page_Moodle Khu vc qun tr Thnh vin Ti khon _57274d/div_Wikimedia_yui_3_17_2_1_1641438294284_1691' is clicked on

2022-02-13 19:46:21 - [MESSAGE][INFO] - Unable to find the element located by 'By.xpath: //div[@id='yui_3_17_2_1_1641438294284_1691']'. Please recheck the objects properties to make sure the desired element is located. 

2022-02-13 19:46:21 - [MESSAGE][WARNING] - [SELF-HEALING] Failed to find element with id 'Object Repository/Create New User/Page_Moodle Khu vc qun tr Thnh vin Ti khon _57274d/div_Wikimedia_yui_3_17_2_1_1641438294284_1691'. Try using Self-healing.

2022-02-13 19:46:21 - [MESSAGE][WARNING] - [SELF-HEALING] The current locator of test object 'Object Repository/Create New User/Page_Moodle Khu vc qun tr Thnh vin Ti khon _57274d/div_Wikimedia_yui_3_17_2_1_1641438294284_1691' was broken. Propose an alternative one: '//div[2]/div/a/div/div[3]'.

2022-02-13 19:46:22 - [MESSAGE][PASSED] - Object: 'Object Repository/Create New User/Page_Moodle Khu vc qun tr Thnh vin Ti khon _57274d/div_Wikimedia_yui_3_17_2_1_1641438294284_1691' is clicked on

2022-02-13 19:46:22 - [TEST_STEP][PASSED] - click(findTestObject("Object Repository/Create New User/Page_Moodle Khu vc qun tr Thnh vin Ti khon _57274d/button_Chn tp ny")): Object: 'Object Repository/Create New User/Page_Moodle Khu vc qun tr Thnh vin Ti khon _57274d/button_Chn tp ny' is clicked on

2022-02-13 19:46:28 - [MESSAGE][INFO] - Unable to find the element located by 'By.xpath: //button[@id='yui_3_17_2_1_1641438294284_1779']'. Please recheck the objects properties to make sure the desired element is located. 

2022-02-13 19:46:28 - [MESSAGE][WARNING] - [SELF-HEALING] Failed to find element with id 'Object Repository/Create New User/Page_Moodle Khu vc qun tr Thnh vin Ti khon _57274d/button_Chn tp ny'. Try using Self-healing.

2022-02-13 19:46:28 - [MESSAGE][WARNING] - [SELF-HEALING] The current locator of test object 'Object Repository/Create New User/Page_Moodle Khu vc qun tr Thnh vin Ti khon _57274d/button_Chn tp ny' was broken. Propose an alternative one: '(.//*[normalize-space(text()) and normalize-space(.)='Chọn giấy phép'])[2]/following::button[1]'.

2022-02-13 19:46:28 - [MESSAGE][PASSED] - Object: 'Object Repository/Create New User/Page_Moodle Khu vc qun tr Thnh vin Ti khon _57274d/button_Chn tp ny' is clicked on

2022-02-13 19:46:28 - [TEST_STEP][PASSED] - setText(findTestObject("Object Repository/Create New User/Page_Moodle Khu vc qun tr Thnh vin Ti khon _57274d/input_M s ID_idnumber"), "19120036"): Text '19120036' is set on object 'Object Repository/Create New User/Page_Moodle Khu vc qun tr Thnh vin Ti khon _57274d/input_M s ID_idnumber'

2022-02-13 19:46:30 - [MESSAGE][PASSED] - Text '19120036' is set on object 'Object Repository/Create New User/Page_Moodle Khu vc qun tr Thnh vin Ti khon _57274d/input_M s ID_idnumber'

2022-02-13 19:46:30 - [TEST_STEP][PASSED] - click(findTestObject("Object Repository/Create New User/Page_Moodle Khu vc qun tr Thnh vin Ti khon _57274d/input_C quan_institution")): Object: 'Object Repository/Create New User/Page_Moodle Khu vc qun tr Thnh vin Ti khon _57274d/input_C quan_institution' is clicked on

2022-02-13 19:46:30 - [MESSAGE][PASSED] - Object: 'Object Repository/Create New User/Page_Moodle Khu vc qun tr Thnh vin Ti khon _57274d/input_C quan_institution' is clicked on

2022-02-13 19:46:30 - [TEST_STEP][PASSED] - setText(findTestObject("Object Repository/Create New User/Page_Moodle Khu vc qun tr Thnh vin Ti khon _57274d/input_KhoaPhngBan_department"), "Công nghệ thông tin"): Text 'Công nghệ thông tin' is set on object 'Object Repository/Create New User/Page_Moodle Khu vc qun tr Thnh vin Ti khon _57274d/input_KhoaPhngBan_department'

2022-02-13 19:46:32 - [MESSAGE][PASSED] - Text 'Công nghệ thông tin' is set on object 'Object Repository/Create New User/Page_Moodle Khu vc qun tr Thnh vin Ti khon _57274d/input_KhoaPhngBan_department'

2022-02-13 19:46:32 - [TEST_STEP][PASSED] - setText(findTestObject("Object Repository/Create New User/Page_Moodle Khu vc qun tr Thnh vin Ti khon _57274d/input_in thoi_phone1"), "0123456789"): Text '0123456789' is set on object 'Object Repository/Create New User/Page_Moodle Khu vc qun tr Thnh vin Ti khon _57274d/input_in thoi_phone1'

2022-02-13 19:46:33 - [MESSAGE][PASSED] - Text '0123456789' is set on object 'Object Repository/Create New User/Page_Moodle Khu vc qun tr Thnh vin Ti khon _57274d/input_in thoi_phone1'

2022-02-13 19:46:33 - [TEST_STEP][PASSED] - setText(findTestObject("Object Repository/Create New User/Page_Moodle Khu vc qun tr Thnh vin Ti khon _57274d/input_in thoi di ng_phone2"), "0989989998"): Text '0989989998' is set on object 'Object Repository/Create New User/Page_Moodle Khu vc qun tr Thnh vin Ti khon _57274d/input_in thoi di ng_phone2'

2022-02-13 19:46:33 - [MESSAGE][PASSED] - Text '0989989998' is set on object 'Object Repository/Create New User/Page_Moodle Khu vc qun tr Thnh vin Ti khon _57274d/input_in thoi di ng_phone2'

2022-02-13 19:46:33 - [TEST_STEP][PASSED] - setText(findTestObject("Object Repository/Create New User/Page_Moodle Khu vc qun tr Thnh vin Ti khon _57274d/input_a ch_address"), "Thủ Đức"): Text 'Thủ Đức' is set on object 'Object Repository/Create New User/Page_Moodle Khu vc qun tr Thnh vin Ti khon _57274d/input_a ch_address'

2022-02-13 19:46:34 - [MESSAGE][PASSED] - Text 'Thủ Đức' is set on object 'Object Repository/Create New User/Page_Moodle Khu vc qun tr Thnh vin Ti khon _57274d/input_a ch_address'

2022-02-13 19:46:34 - [TEST_STEP][PASSED] - click(findTestObject("Object Repository/Create New User/Page_Moodle Khu vc qun tr Thnh vin Ti khon _57274d/input_a ch_submitbutton")): Object: 'Object Repository/Create New User/Page_Moodle Khu vc qun tr Thnh vin Ti khon _57274d/input_a ch_submitbutton' is clicked on

2022-02-13 19:46:36 - [MESSAGE][PASSED] - Object: 'Object Repository/Create New User/Page_Moodle Khu vc qun tr Thnh vin Ti khon _57274d/input_a ch_submitbutton' is clicked on

2022-02-13 19:46:36 - [TEST_STEP][PASSED] - click(findTestObject("Object Repository/Create New User/Page_Moodle Khu vc qun tr Thnh vin Ti khon _9bfdd2/a_Qun tr Thnh vin")): Object: 'Object Repository/Create New User/Page_Moodle Khu vc qun tr Thnh vin Ti khon _9bfdd2/a_Qun tr Thnh vin' is clicked on

2022-02-13 19:46:37 - [MESSAGE][PASSED] - Object: 'Object Repository/Create New User/Page_Moodle Khu vc qun tr Thnh vin Ti khon _9bfdd2/a_Qun tr Thnh vin' is clicked on

2022-02-13 19:46:37 - [TEST_STEP][PASSED] - click(findTestObject("Object Repository/Create New User/Page_Moodle Khu vc qun tr Thnh vin Ti khon _9bfdd2/a_Thot")): Object: 'Object Repository/Create New User/Page_Moodle Khu vc qun tr Thnh vin Ti khon _9bfdd2/a_Thot' is clicked on

2022-02-13 19:46:43 - [MESSAGE][INFO] - Unable to find the element located by 'By.xpath: //a[@id='yui_3_17_2_1_1641376127163_564']'. Please recheck the objects properties to make sure the desired element is located. 

2022-02-13 19:46:43 - [MESSAGE][WARNING] - [SELF-HEALING] Failed to find element with id 'Object Repository/Create New User/Page_Moodle Khu vc qun tr Thnh vin Ti khon _9bfdd2/a_Thot'. Try using Self-healing.

2022-02-13 19:46:43 - [MESSAGE][WARNING] - [SELF-HEALING] The current locator of test object 'Object Repository/Create New User/Page_Moodle Khu vc qun tr Thnh vin Ti khon _9bfdd2/a_Thot' was broken. Propose an alternative one: '//div[@id='action-menu-1-menu']/a[6]'.

2022-02-13 19:46:44 - [MESSAGE][PASSED] - Object: 'Object Repository/Create New User/Page_Moodle Khu vc qun tr Thnh vin Ti khon _9bfdd2/a_Thot' is clicked on

2022-02-13 19:46:44 - [TEST_STEP][PASSED] - click(findTestObject("Object Repository/Create New User/Page_Local Moodle/a_Log in")): Object: 'Object Repository/Create New User/Page_Local Moodle/a_Log in' is clicked on

2022-02-13 19:46:44 - [MESSAGE][PASSED] - Object: 'Object Repository/Create New User/Page_Local Moodle/a_Log in' is clicked on

2022-02-13 19:46:44 - [TEST_STEP][PASSED] - setText(findTestObject("Object Repository/Create New User/Page_Local Moodle Log in to the site/input_Username_username"), "test_3"): Text 'test_3' is set on object 'Object Repository/Create New User/Page_Local Moodle Log in to the site/input_Username_username'

2022-02-13 19:46:45 - [MESSAGE][PASSED] - Text 'test_3' is set on object 'Object Repository/Create New User/Page_Local Moodle Log in to the site/input_Username_username'

2022-02-13 19:46:45 - [TEST_STEP][PASSED] - setEncryptedText(findTestObject("Object Repository/Create New User/Page_Local Moodle Log in to the site/input_Password_password"), "cvW8qx4B2o1gIDzvWT+0mQ=="): Text ****** has been set on object 'Object Repository/Create New User/Page_Local Moodle Log in to the site/input_Password_password'

2022-02-13 19:46:46 - [MESSAGE][PASSED] - Text ****** has been set on object 'Object Repository/Create New User/Page_Local Moodle Log in to the site/input_Password_password'

2022-02-13 19:46:46 - [TEST_STEP][PASSED] - click(findTestObject("Object Repository/Create New User/Page_Local Moodle Log in to the site/button_Log in")): Object: 'Object Repository/Create New User/Page_Local Moodle Log in to the site/button_Log in' is clicked on

2022-02-13 19:46:47 - [MESSAGE][PASSED] - Object: 'Object Repository/Create New User/Page_Local Moodle Log in to the site/button_Log in' is clicked on

2022-02-13 19:46:47 - [TEST_STEP][PASSED] - click(findTestObject("Object Repository/Create New User/Page_Nh ca ti/a_C Nguyn")): Object: 'Object Repository/Create New User/Page_Nh ca ti/a_C Nguyn' is clicked on

2022-02-13 19:46:48 - [MESSAGE][PASSED] - Object: 'Object Repository/Create New User/Page_Nh ca ti/a_C Nguyn' is clicked on

2022-02-13 19:46:48 - [TEST_STEP][PASSED] - click(findTestObject("Object Repository/Create New User/Page_Nh ca ti/span_H s")): Object: 'Object Repository/Create New User/Page_Nh ca ti/span_H s' is clicked on

2022-02-13 19:46:54 - [MESSAGE][INFO] - Unable to find the element located by 'By.xpath: '. Please recheck the objects properties to make sure the desired element is located. 

2022-02-13 19:46:54 - [MESSAGE][WARNING] - [SELF-HEALING] Failed to find element with id 'Object Repository/Create New User/Page_Nh ca ti/span_H s'. Try using Self-healing.

2022-02-13 19:46:55 - [MESSAGE][WARNING] - [SELF-HEALING] The current locator of test object 'Object Repository/Create New User/Page_Nh ca ti/span_H s' was broken. Propose an alternative one: '//span[@id='actionmenuaction-2']'.

2022-02-13 19:46:55 - [MESSAGE][PASSED] - Object: 'Object Repository/Create New User/Page_Nh ca ti/span_H s' is clicked on

2022-02-13 19:46:55 - [TEST_STEP][PASSED] - verifyElementText(findTestObject("Object Repository/Create New User/Page_C Nguyn H s cng khai/h1_C Nguyn"), "C Nguyễn"): Actual text and expected text of test object 'Object Repository/Create New User/Page_C Nguyn H s cng khai/h1_C Nguyn' are matched.

2022-02-13 19:46:56 - [MESSAGE][PASSED] - Actual text and expected text of test object 'Object Repository/Create New User/Page_C Nguyn H s cng khai/h1_C Nguyn' are matched.

2022-02-13 19:46:56 - [TEST_STEP][PASSED] - verifyElementText(findTestObject("Object Repository/Create New User/Page_C Nguyn H s cng khai/a_test_3gmail.com"), "test_3@gmail.com"): Actual text and expected text of test object 'Object Repository/Create New User/Page_C Nguyn H s cng khai/a_test_3gmail.com' are matched.

2022-02-13 19:46:56 - [MESSAGE][PASSED] - Actual text and expected text of test object 'Object Repository/Create New User/Page_C Nguyn H s cng khai/a_test_3gmail.com' are matched.

2022-02-13 19:46:56 - [TEST_STEP][PASSED] - verifyElementText(findTestObject("Object Repository/Create New User/Page_C Nguyn H s cng khai/dd_Vit Nam"), "Việt Nam"): Actual text and expected text of test object 'Object Repository/Create New User/Page_C Nguyn H s cng khai/dd_Vit Nam' are matched.

2022-02-13 19:46:57 - [MESSAGE][PASSED] - Actual text and expected text of test object 'Object Repository/Create New User/Page_C Nguyn H s cng khai/dd_Vit Nam' are matched.

2022-02-13 19:46:57 - [TEST_STEP][PASSED] - verifyElementPresent(findTestObject("Object Repository/Create New User/Page_C Nguyn H s cng khai/img_Tp tin ring t_userpicture"), 0): Object 'Object Repository/Create New User/Page_C Nguyn H s cng khai/img_Tp tin ring t_userpicture' is present

2022-02-13 19:46:57 - [MESSAGE][WARNING] - Timeout '0' is invalid. Using default page load timeout: '5'

2022-02-13 19:46:57 - [MESSAGE][PASSED] - Object 'Object Repository/Create New User/Page_C Nguyn H s cng khai/img_Tp tin ring t_userpicture' is present

2022-02-13 19:46:57 - [TEST_STEP][PASSED] - click(findTestObject("Object Repository/Create New User/Page_C Nguyn H s cng khai/a_C Nguyn")): Object: 'Object Repository/Create New User/Page_C Nguyn H s cng khai/a_C Nguyn' is clicked on

2022-02-13 19:46:58 - [MESSAGE][PASSED] - Object: 'Object Repository/Create New User/Page_C Nguyn H s cng khai/a_C Nguyn' is clicked on

2022-02-13 19:46:58 - [TEST_STEP][PASSED] - click(findTestObject("Object Repository/Create New User/Page_C Nguyn H s cng khai/span_Thot")): Object: 'Object Repository/Create New User/Page_C Nguyn H s cng khai/span_Thot' is clicked on

2022-02-13 19:46:59 - [MESSAGE][PASSED] - Object: 'Object Repository/Create New User/Page_C Nguyn H s cng khai/span_Thot' is clicked on

2022-02-13 19:46:59 - [TEST_STEP][PASSED] - click(findTestObject("Object Repository/Create New User/Page_Local Moodle/a_Log in")): Object: 'Object Repository/Create New User/Page_Local Moodle/a_Log in' is clicked on

2022-02-13 19:46:59 - [MESSAGE][PASSED] - Object: 'Object Repository/Create New User/Page_Local Moodle/a_Log in' is clicked on

2022-02-13 19:46:59 - [TEST_STEP][PASSED] - setText(findTestObject("Object Repository/Create New User/Page_Local Moodle Log in to the site/input_Username_username"), "admin"): Text 'admin' is set on object 'Object Repository/Create New User/Page_Local Moodle Log in to the site/input_Username_username'

2022-02-13 19:47:00 - [MESSAGE][PASSED] - Text 'admin' is set on object 'Object Repository/Create New User/Page_Local Moodle Log in to the site/input_Username_username'

2022-02-13 19:47:00 - [TEST_STEP][PASSED] - setEncryptedText(findTestObject("Object Repository/Create New User/Page_Local Moodle Log in to the site/input_Password_password"), "bfAykA/oWJ09FXmiKh6lyuuLu8QhG1K5"): Text ****** has been set on object 'Object Repository/Create New User/Page_Local Moodle Log in to the site/input_Password_password'

2022-02-13 19:47:01 - [MESSAGE][PASSED] - Text ****** has been set on object 'Object Repository/Create New User/Page_Local Moodle Log in to the site/input_Password_password'

2022-02-13 19:47:01 - [TEST_STEP][PASSED] - click(findTestObject("Object Repository/Create New User/Page_Local Moodle Log in to the site/button_Log in")): Object: 'Object Repository/Create New User/Page_Local Moodle Log in to the site/button_Log in' is clicked on

2022-02-13 19:47:02 - [MESSAGE][PASSED] - Object: 'Object Repository/Create New User/Page_Local Moodle Log in to the site/button_Log in' is clicked on

2022-02-13 19:47:02 - [TEST_STEP][PASSED] - click(findTestObject("Create New User/Page_Nh ca ti/span_Qun tr khu vc")): Object: 'Object Repository/Create New User/Page_Nh ca ti/span_Qun tr khu vc' is clicked on

2022-02-13 19:47:04 - [MESSAGE][PASSED] - Object: 'Object Repository/Create New User/Page_Nh ca ti/span_Qun tr khu vc' is clicked on

2022-02-13 19:47:04 - [TEST_STEP][PASSED] - click(findTestObject("Object Repository/Create New User/Page_Moodle Khu vc qun tr Tm kim/a_Thnh vin")): Object: 'Object Repository/Create New User/Page_Moodle Khu vc qun tr Tm kim/a_Thnh vin' is clicked on

2022-02-13 19:47:04 - [MESSAGE][PASSED] - Object: 'Object Repository/Create New User/Page_Moodle Khu vc qun tr Tm kim/a_Thnh vin' is clicked on

2022-02-13 19:47:04 - [TEST_STEP][PASSED] - click(findTestObject("Object Repository/Create New User/Page_Moodle Khu vc qun tr Tm kim/a_Xem danh sch thnh vin")): Object: 'Object Repository/Create New User/Page_Moodle Khu vc qun tr Tm kim/a_Xem danh sch thnh vin' is clicked on

2022-02-13 19:47:05 - [MESSAGE][PASSED] - Object: 'Object Repository/Create New User/Page_Moodle Khu vc qun tr Tm kim/a_Xem danh sch thnh vin' is clicked on

2022-02-13 19:47:05 - [TEST_STEP][PASSED] - click(findTestObject("Object Repository/Create New User/Page_Moodle Khu vc qun tr Thnh vin Ti khon _9bfdd2/i_Vit Nam_icon fa fa-trash fa-fw")): Object: 'Object Repository/Create New User/Page_Moodle Khu vc qun tr Thnh vin Ti khon _9bfdd2/i_Vit Nam_icon fa fa-trash fa-fw' is clicked on

2022-02-13 19:47:06 - [MESSAGE][PASSED] - Object: 'Object Repository/Create New User/Page_Moodle Khu vc qun tr Thnh vin Ti khon _9bfdd2/i_Vit Nam_icon fa fa-trash fa-fw' is clicked on

2022-02-13 19:47:06 - [TEST_STEP][PASSED] - click(findTestObject("Object Repository/Create New User/Page_Moodle Khu vc qun tr Thnh vin Ti khon _9bfdd2/button_Xo")): Object: 'Object Repository/Create New User/Page_Moodle Khu vc qun tr Thnh vin Ti khon _9bfdd2/button_Xo' is clicked on

2022-02-13 19:47:13 - [MESSAGE][INFO] - Unable to find the element located by 'By.xpath: //button[@id='single_button61e066810a7c320']'. Please recheck the objects properties to make sure the desired element is located. 

2022-02-13 19:47:13 - [MESSAGE][WARNING] - [SELF-HEALING] Failed to find element with id 'Object Repository/Create New User/Page_Moodle Khu vc qun tr Thnh vin Ti khon _9bfdd2/button_Xo'. Try using Self-healing.

2022-02-13 19:47:13 - [MESSAGE][WARNING] - [SELF-HEALING] The current locator of test object 'Object Repository/Create New User/Page_Moodle Khu vc qun tr Thnh vin Ti khon _9bfdd2/button_Xo' was broken. Propose an alternative one: '//div[@id='modal-footer']/div/div/form/button'.

2022-02-13 19:47:14 - [MESSAGE][PASSED] - Object: 'Object Repository/Create New User/Page_Moodle Khu vc qun tr Thnh vin Ti khon _9bfdd2/button_Xo' is clicked on

2022-02-13 19:47:14 - [TEST_STEP][PASSED] - closeBrowser(): Browser is closed

2022-02-13 19:47:15 - [MESSAGE][PASSED] - Browser is closed]]></system-out>
         <system-err><![CDATA[]]></system-err>
      </testcase>
      <testcase name="Test Cases/Create New User/Create Teacher" time="80.551" classname="Test Cases/Create New User/Create Teacher" status="PASSED">
         <system-out><![CDATA[2022-02-13 19:47:15 - [TEST_CASE][PASSED] - Test Cases/Create New User/Create Teacher: Test Cases/Create New User/Create Teacher

2022-02-13 19:47:16 - [TEST_STEP][PASSED] - callTestCase(findTestCase("Admin Site/Login with Admin"), [:], STOP_ON_FAILURE): Call Test Case 'Test Cases/Admin Site/Login with Admin' successfully

2022-02-13 19:47:16 - [TEST_CASE][PASSED] - Test Cases/Admin Site/Login with Admin: Test Cases/Admin Site/Login with Admin

2022-02-13 19:47:16 - [TEST_STEP][PASSED] - openBrowser(""): Browser is opened with url: ''

2022-02-13 19:47:16 - [MESSAGE][INFO] - Starting 'Edge Chromium' driver

2022-02-13 19:47:19 - [MESSAGE][INFO] - Action delay is set to 0 milliseconds

2022-02-13 19:47:19 - [MESSAGE][PASSED] - Browser is opened with url: ''

2022-02-13 19:47:19 - [TEST_STEP][PASSED] - navigateToUrl("http://localhost/"): Navigate to 'http://localhost/' successfully

2022-02-13 19:47:20 - [MESSAGE][PASSED] - Navigate to 'http://localhost/' successfully

2022-02-13 19:47:20 - [TEST_STEP][PASSED] - click(findTestObject("Object Repository/Admin Site/Page_Local Moodle/a_Log in")): Object: 'Object Repository/Admin Site/Page_Local Moodle/a_Log in' is clicked on

2022-02-13 19:47:21 - [MESSAGE][PASSED] - Object: 'Object Repository/Admin Site/Page_Local Moodle/a_Log in' is clicked on

2022-02-13 19:47:21 - [TEST_STEP][PASSED] - setText(findTestObject("Object Repository/Admin Site/Page_Local Moodle Log in to the site/input_Username_username"), "admin"): Text 'admin' is set on object 'Object Repository/Admin Site/Page_Local Moodle Log in to the site/input_Username_username'

2022-02-13 19:47:22 - [MESSAGE][PASSED] - Text 'admin' is set on object 'Object Repository/Admin Site/Page_Local Moodle Log in to the site/input_Username_username'

2022-02-13 19:47:22 - [TEST_STEP][PASSED] - setEncryptedText(findTestObject("Object Repository/Admin Site/Page_Local Moodle Log in to the site/input_Password_password"), "bfAykA/oWJ09FXmiKh6lyuuLu8QhG1K5"): Text ****** has been set on object 'Object Repository/Admin Site/Page_Local Moodle Log in to the site/input_Password_password'

2022-02-13 19:47:22 - [MESSAGE][PASSED] - Text ****** has been set on object 'Object Repository/Admin Site/Page_Local Moodle Log in to the site/input_Password_password'

2022-02-13 19:47:22 - [TEST_STEP][PASSED] - click(findTestObject("Object Repository/Admin Site/Page_Local Moodle Log in to the site/button_Log in")): Object: 'Object Repository/Admin Site/Page_Local Moodle Log in to the site/button_Log in' is clicked on

2022-02-13 19:47:25 - [MESSAGE][PASSED] - Object: 'Object Repository/Admin Site/Page_Local Moodle Log in to the site/button_Log in' is clicked on

2022-02-13 19:47:25 - [TEST_STEP][PASSED] - click(findTestObject("Object Repository/Admin Site/Page_Nh ca ti/span_Qun tr khu vc")): Object: 'Object Repository/Admin Site/Page_Nh ca ti/span_Qun tr khu vc' is clicked on

2022-02-13 19:47:29 - [MESSAGE][PASSED] - Object: 'Object Repository/Admin Site/Page_Nh ca ti/span_Qun tr khu vc' is clicked on

2022-02-13 19:47:29 - [TEST_STEP][PASSED] - verifyElementPresent(findTestObject("Object Repository/Admin Site/Page_Moodle Khu vc qun tr Tm kim/a_Qun tr khu vc"), 0): Object 'Object Repository/Admin Site/Page_Moodle Khu vc qun tr Tm kim/a_Qun tr khu vc' is present

2022-02-13 19:47:29 - [MESSAGE][WARNING] - Timeout '0' is invalid. Using default page load timeout: '5'

2022-02-13 19:47:29 - [MESSAGE][PASSED] - Object 'Object Repository/Admin Site/Page_Moodle Khu vc qun tr Tm kim/a_Qun tr khu vc' is present

2022-02-13 19:47:29 - [MESSAGE][PASSED] - Call Test Case 'Test Cases/Admin Site/Login with Admin' successfully

2022-02-13 19:47:29 - [TEST_STEP][PASSED] - click(findTestObject("Object Repository/Create New User/Page_Moodle Khu vc qun tr Tm kim/a_Thnh vin")): Object: 'Object Repository/Create New User/Page_Moodle Khu vc qun tr Tm kim/a_Thnh vin' is clicked on

2022-02-13 19:47:29 - [MESSAGE][PASSED] - Object: 'Object Repository/Create New User/Page_Moodle Khu vc qun tr Tm kim/a_Thnh vin' is clicked on

2022-02-13 19:47:29 - [TEST_STEP][PASSED] - click(findTestObject("Object Repository/Create New User/Page_Moodle Khu vc qun tr Tm kim/a_Thm thnh vin mi")): Object: 'Object Repository/Create New User/Page_Moodle Khu vc qun tr Tm kim/a_Thm thnh vin mi' is clicked on

2022-02-13 19:47:31 - [MESSAGE][PASSED] - Object: 'Object Repository/Create New User/Page_Moodle Khu vc qun tr Tm kim/a_Thm thnh vin mi' is clicked on

2022-02-13 19:47:31 - [TEST_STEP][PASSED] - navigateToUrl("http://localhost/user/editadvanced.php?id=-1"): Navigate to 'http://localhost/user/editadvanced.php?id=-1' successfully

2022-02-13 19:47:32 - [MESSAGE][PASSED] - Navigate to 'http://localhost/user/editadvanced.php?id=-1' successfully

2022-02-13 19:47:32 - [TEST_STEP][PASSED] - setText(findTestObject("Object Repository/Create New User/Page_Moodle Khu vc qun tr Thnh vin Ti khon _57274d/input_Tn ti khon_username"), "teacher1"): Text 'teacher1' is set on object 'Object Repository/Create New User/Page_Moodle Khu vc qun tr Thnh vin Ti khon _57274d/input_Tn ti khon_username'

2022-02-13 19:47:33 - [MESSAGE][PASSED] - Text 'teacher1' is set on object 'Object Repository/Create New User/Page_Moodle Khu vc qun tr Thnh vin Ti khon _57274d/input_Tn ti khon_username'

2022-02-13 19:47:33 - [TEST_STEP][PASSED] - click(findTestObject("Object Repository/Create New User/Page_Moodle Khu vc qun tr Thnh vin Ti khon _57274d/em_Click to enter text")): Object: 'Object Repository/Create New User/Page_Moodle Khu vc qun tr Thnh vin Ti khon _57274d/em_Click to enter text' is clicked on

2022-02-13 19:47:39 - [MESSAGE][INFO] - Unable to find the element located by 'By.xpath: //a[@id='yui_3_17_2_1_1642069056468_763']/span/span/em'. Please recheck the objects properties to make sure the desired element is located. 

2022-02-13 19:47:39 - [MESSAGE][WARNING] - [SELF-HEALING] Failed to find element with id 'Object Repository/Create New User/Page_Moodle Khu vc qun tr Thnh vin Ti khon _57274d/em_Click to enter text'. Try using Self-healing.

2022-02-13 19:47:40 - [MESSAGE][WARNING] - [SELF-HEALING] The current locator of test object 'Object Repository/Create New User/Page_Moodle Khu vc qun tr Thnh vin Ti khon _57274d/em_Click to enter text' was broken. Propose an alternative one: '(.//*[normalize-space(text()) and normalize-space(.)='Mật khẩu mới'])[1]/following::em[1]'.

2022-02-13 19:47:40 - [MESSAGE][PASSED] - Object: 'Object Repository/Create New User/Page_Moodle Khu vc qun tr Thnh vin Ti khon _57274d/em_Click to enter text' is clicked on

2022-02-13 19:47:40 - [TEST_STEP][PASSED] - setEncryptedText(findTestObject("Object Repository/Create New User/Page_Moodle Khu vc qun tr Thnh vin Ti khon _57274d/input_Mt khu mi_newpassword"), "cvW8qx4B2o1gIDzvWT+0mQ=="): Text ****** has been set on object 'Object Repository/Create New User/Page_Moodle Khu vc qun tr Thnh vin Ti khon _57274d/input_Mt khu mi_newpassword'

2022-02-13 19:47:40 - [MESSAGE][PASSED] - Text ****** has been set on object 'Object Repository/Create New User/Page_Moodle Khu vc qun tr Thnh vin Ti khon _57274d/input_Mt khu mi_newpassword'

2022-02-13 19:47:40 - [TEST_STEP][PASSED] - setText(findTestObject("Object Repository/Create New User/Page_Moodle Khu vc qun tr Thnh vin Ti khon _57274d/input_Tn m v tn_firstname"), "Giáo Viên"): Text 'Giáo Viên' is set on object 'Object Repository/Create New User/Page_Moodle Khu vc qun tr Thnh vin Ti khon _57274d/input_Tn m v tn_firstname'

2022-02-13 19:47:41 - [MESSAGE][PASSED] - Text 'Giáo Viên' is set on object 'Object Repository/Create New User/Page_Moodle Khu vc qun tr Thnh vin Ti khon _57274d/input_Tn m v tn_firstname'

2022-02-13 19:47:41 - [TEST_STEP][PASSED] - setText(findTestObject("Object Repository/Create New User/Page_Moodle Khu vc qun tr Thnh vin Ti khon _57274d/input_H_lastname"), "Nguyễn"): Text 'Nguyễn' is set on object 'Object Repository/Create New User/Page_Moodle Khu vc qun tr Thnh vin Ti khon _57274d/input_H_lastname'

2022-02-13 19:47:42 - [MESSAGE][PASSED] - Text 'Nguyễn' is set on object 'Object Repository/Create New User/Page_Moodle Khu vc qun tr Thnh vin Ti khon _57274d/input_H_lastname'

2022-02-13 19:47:42 - [TEST_STEP][PASSED] - setText(findTestObject("Object Repository/Create New User/Page_Moodle Khu vc qun tr Thnh vin Ti khon _57274d/input_a ch th in t_email"), "teacher1@gmail.com"): Text 'teacher1@gmail.com' is set on object 'Object Repository/Create New User/Page_Moodle Khu vc qun tr Thnh vin Ti khon _57274d/input_a ch th in t_email'

2022-02-13 19:47:43 - [MESSAGE][PASSED] - Text 'teacher1@gmail.com' is set on object 'Object Repository/Create New User/Page_Moodle Khu vc qun tr Thnh vin Ti khon _57274d/input_a ch th in t_email'

2022-02-13 19:47:43 - [TEST_STEP][PASSED] - selectOptionByValue(findTestObject("Object Repository/Create New User/Page_Moodle Khu vc qun tr Thnh vin Ti khon _57274d/select_Chn quc gia.            Afghanistan _0db63d"), "VN", true): All options with value 'VN' are selected in object 'Object Repository/Create New User/Page_Moodle Khu vc qun tr Thnh vin Ti khon _57274d/select_Chn quc gia.            Afghanistan _0db63d'  using regular expression

2022-02-13 19:47:52 - [MESSAGE][PASSED] - All options with value 'VN' are selected in object 'Object Repository/Create New User/Page_Moodle Khu vc qun tr Thnh vin Ti khon _57274d/select_Chn quc gia.            Afghanistan _0db63d'  using regular expression

2022-02-13 19:47:52 - [TEST_STEP][PASSED] - click(findTestObject("Object Repository/Create New User/Page_Moodle Khu vc qun tr Thnh vin Ti khon _57274d/input_a ch_submitbutton")): Object: 'Object Repository/Create New User/Page_Moodle Khu vc qun tr Thnh vin Ti khon _57274d/input_a ch_submitbutton' is clicked on

2022-02-13 19:47:53 - [MESSAGE][PASSED] - Object: 'Object Repository/Create New User/Page_Moodle Khu vc qun tr Thnh vin Ti khon _57274d/input_a ch_submitbutton' is clicked on

2022-02-13 19:47:53 - [TEST_STEP][PASSED] - click(findTestObject("Object Repository/Create New User/Page_Nh ca ti/span_Qun tr khu vc")): Object: 'Object Repository/Create New User/Page_Nh ca ti/span_Qun tr khu vc' is clicked on

2022-02-13 19:47:54 - [MESSAGE][PASSED] - Object: 'Object Repository/Create New User/Page_Nh ca ti/span_Qun tr khu vc' is clicked on

2022-02-13 19:47:54 - [TEST_STEP][PASSED] - click(findTestObject("Object Repository/Create New User/Page_Moodle Khu vc qun tr Tm kim/a_Thnh vin")): Object: 'Object Repository/Create New User/Page_Moodle Khu vc qun tr Tm kim/a_Thnh vin' is clicked on

2022-02-13 19:47:55 - [MESSAGE][PASSED] - Object: 'Object Repository/Create New User/Page_Moodle Khu vc qun tr Tm kim/a_Thnh vin' is clicked on

2022-02-13 19:47:55 - [TEST_STEP][PASSED] - click(findTestObject("Object Repository/Create New User/Page_Moodle Khu vc qun tr Tm kim/a_B nhim vai tr h thng")): Object: 'Object Repository/Create New User/Page_Moodle Khu vc qun tr Tm kim/a_B nhim vai tr h thng' is clicked on

2022-02-13 19:47:56 - [MESSAGE][PASSED] - Object: 'Object Repository/Create New User/Page_Moodle Khu vc qun tr Tm kim/a_B nhim vai tr h thng' is clicked on

2022-02-13 19:47:56 - [TEST_STEP][PASSED] - click(findTestObject("Object Repository/Create New User/Page_Moodle Khu vc qun tr Thnh vin Cc quyn _0b75ad/a_Gio vin bin son")): Object: 'Object Repository/Create New User/Page_Moodle Khu vc qun tr Thnh vin Cc quyn _0b75ad/a_Gio vin bin son' is clicked on

2022-02-13 19:47:57 - [MESSAGE][PASSED] - Object: 'Object Repository/Create New User/Page_Moodle Khu vc qun tr Thnh vin Cc quyn _0b75ad/a_Gio vin bin son' is clicked on

2022-02-13 19:47:57 - [TEST_STEP][PASSED] - setText(findTestObject("Object Repository/Create New User/Page_Moodle Khu vc qun tr Thnh vin Cc quyn _0b75ad/input_Tm kim_addselect_searchtext"), "teacher1"): Text 'teacher1' is set on object 'Object Repository/Create New User/Page_Moodle Khu vc qun tr Thnh vin Cc quyn _0b75ad/input_Tm kim_addselect_searchtext'

2022-02-13 19:47:58 - [MESSAGE][PASSED] - Text 'teacher1' is set on object 'Object Repository/Create New User/Page_Moodle Khu vc qun tr Thnh vin Cc quyn _0b75ad/input_Tm kim_addselect_searchtext'

2022-02-13 19:47:58 - [TEST_STEP][PASSED] - selectOptionByIndex(findTestObject("Object Repository/Create New User/Page_Moodle Khu vc qun tr Thnh vin Cc quyn _0b75ad/select_Gio Vin Nguyn (teacher1gmail.com)_1"), 0, STOP_ON_FAILURE): All options with index in [0] are selected on object 'Object Repository/Create New User/Page_Moodle Khu vc qun tr Thnh vin Cc quyn _0b75ad/select_Gio Vin Nguyn (teacher1gmail.com)_1'

2022-02-13 19:48:00 - [MESSAGE][PASSED] - All options with index in [0] are selected on object 'Object Repository/Create New User/Page_Moodle Khu vc qun tr Thnh vin Cc quyn _0b75ad/select_Gio Vin Nguyn (teacher1gmail.com)_1'

2022-02-13 19:48:00 - [TEST_STEP][PASSED] - click(findTestObject("Object Repository/Create New User/Page_Moodle Khu vc qun tr Thnh vin Cc quyn _0b75ad/input_Khp k t tm kim  bt c mc c hin th no_add")): Object: 'Object Repository/Create New User/Page_Moodle Khu vc qun tr Thnh vin Cc quyn _0b75ad/input_Khp k t tm kim  bt c mc c hin th no_add' is clicked on

2022-02-13 19:48:01 - [MESSAGE][PASSED] - Object: 'Object Repository/Create New User/Page_Moodle Khu vc qun tr Thnh vin Cc quyn _0b75ad/input_Khp k t tm kim  bt c mc c hin th no_add' is clicked on

2022-02-13 19:48:01 - [TEST_STEP][PASSED] - click(findTestObject("Object Repository/Create New User/Page_Moodle Khu vc qun tr Thnh vin Cc quyn _0b75ad/a_Qun tr Thnh vin")): Object: 'Object Repository/Create New User/Page_Moodle Khu vc qun tr Thnh vin Cc quyn _0b75ad/a_Qun tr Thnh vin' is clicked on

2022-02-13 19:48:01 - [MESSAGE][PASSED] - Object: 'Object Repository/Create New User/Page_Moodle Khu vc qun tr Thnh vin Cc quyn _0b75ad/a_Qun tr Thnh vin' is clicked on

2022-02-13 19:48:01 - [TEST_STEP][PASSED] - click(findTestObject("Object Repository/Create New User/Page_Moodle Khu vc qun tr Thnh vin Cc quyn _0b75ad/a_Thot")): Object: 'Object Repository/Create New User/Page_Moodle Khu vc qun tr Thnh vin Cc quyn _0b75ad/a_Thot' is clicked on

2022-02-13 19:48:02 - [MESSAGE][PASSED] - Object: 'Object Repository/Create New User/Page_Moodle Khu vc qun tr Thnh vin Cc quyn _0b75ad/a_Thot' is clicked on

2022-02-13 19:48:02 - [TEST_STEP][PASSED] - click(findTestObject("Object Repository/Create New User/Page_New Moodle Site/a_Log in")): Object: 'Object Repository/Create New User/Page_New Moodle Site/a_Log in' is clicked on

2022-02-13 19:48:03 - [MESSAGE][PASSED] - Object: 'Object Repository/Create New User/Page_New Moodle Site/a_Log in' is clicked on

2022-02-13 19:48:03 - [TEST_STEP][PASSED] - setText(findTestObject("Object Repository/Create New User/Page_New Moodle Site Log in to the site/input_Username_username"), "teacher1"): Text 'teacher1' is set on object 'Object Repository/Create New User/Page_New Moodle Site Log in to the site/input_Username_username'

2022-02-13 19:48:04 - [MESSAGE][PASSED] - Text 'teacher1' is set on object 'Object Repository/Create New User/Page_New Moodle Site Log in to the site/input_Username_username'

2022-02-13 19:48:04 - [TEST_STEP][PASSED] - setEncryptedText(findTestObject("Object Repository/Create New User/Page_New Moodle Site Log in to the site/input_Password_password"), "cvW8qx4B2o1gIDzvWT+0mQ=="): Text ****** has been set on object 'Object Repository/Create New User/Page_New Moodle Site Log in to the site/input_Password_password'

2022-02-13 19:48:04 - [MESSAGE][PASSED] - Text ****** has been set on object 'Object Repository/Create New User/Page_New Moodle Site Log in to the site/input_Password_password'

2022-02-13 19:48:04 - [TEST_STEP][PASSED] - click(findTestObject("Object Repository/Create New User/Page_New Moodle Site Log in to the site/button_Log in")): Object: 'Object Repository/Create New User/Page_New Moodle Site Log in to the site/button_Log in' is clicked on

2022-02-13 19:48:05 - [MESSAGE][PASSED] - Object: 'Object Repository/Create New User/Page_New Moodle Site Log in to the site/button_Log in' is clicked on

2022-02-13 19:48:05 - [TEST_STEP][PASSED] - click(findTestObject("Object Repository/Create New User/Page_Nh ca ti/span_Qun tr khu vc")): Object: 'Object Repository/Create New User/Page_Nh ca ti/span_Qun tr khu vc' is clicked on

2022-02-13 19:48:07 - [MESSAGE][PASSED] - Object: 'Object Repository/Create New User/Page_Nh ca ti/span_Qun tr khu vc' is clicked on

2022-02-13 19:48:07 - [TEST_STEP][PASSED] - verifyElementPresent(findTestObject("Object Repository/Create New User/Page_Moodle Khu vc qun tr Tm kim/a_Thmsa cc kho hc"), 0): Object 'Object Repository/Create New User/Page_Moodle Khu vc qun tr Tm kim/a_Thmsa cc kho hc' is present

2022-02-13 19:48:07 - [MESSAGE][WARNING] - Timeout '0' is invalid. Using default page load timeout: '5'

2022-02-13 19:48:07 - [MESSAGE][PASSED] - Object 'Object Repository/Create New User/Page_Moodle Khu vc qun tr Tm kim/a_Thmsa cc kho hc' is present

2022-02-13 19:48:07 - [TEST_STEP][PASSED] - click(findTestObject("Object Repository/Create New User/Page_Moodle Khu vc qun tr Tm kim/a_Gio Vin Nguyn")): Object: 'Object Repository/Create New User/Page_Moodle Khu vc qun tr Tm kim/a_Gio Vin Nguyn' is clicked on

2022-02-13 19:48:08 - [MESSAGE][PASSED] - Object: 'Object Repository/Create New User/Page_Moodle Khu vc qun tr Tm kim/a_Gio Vin Nguyn' is clicked on

2022-02-13 19:48:08 - [TEST_STEP][PASSED] - click(findTestObject("Object Repository/Create New User/Page_Moodle Khu vc qun tr Tm kim/span_Thot")): Object: 'Object Repository/Create New User/Page_Moodle Khu vc qun tr Tm kim/span_Thot' is clicked on

2022-02-13 19:48:08 - [MESSAGE][PASSED] - Object: 'Object Repository/Create New User/Page_Moodle Khu vc qun tr Tm kim/span_Thot' is clicked on

2022-02-13 19:48:08 - [TEST_STEP][PASSED] - click(findTestObject("Object Repository/Create New User/Page_New Moodle Site/a_Log in")): Object: 'Object Repository/Create New User/Page_New Moodle Site/a_Log in' is clicked on

2022-02-13 19:48:09 - [MESSAGE][PASSED] - Object: 'Object Repository/Create New User/Page_New Moodle Site/a_Log in' is clicked on

2022-02-13 19:48:09 - [TEST_STEP][PASSED] - setText(findTestObject("Object Repository/Create New User/Page_New Moodle Site Log in to the site/input_Username_username"), "admin"): Text 'admin' is set on object 'Object Repository/Create New User/Page_New Moodle Site Log in to the site/input_Username_username'

2022-02-13 19:48:10 - [MESSAGE][PASSED] - Text 'admin' is set on object 'Object Repository/Create New User/Page_New Moodle Site Log in to the site/input_Username_username'

2022-02-13 19:48:10 - [TEST_STEP][PASSED] - setEncryptedText(findTestObject("Object Repository/Create New User/Page_New Moodle Site Log in to the site/input_Password_password"), "bfAykA/oWJ09FXmiKh6lyuuLu8QhG1K5"): Text ****** has been set on object 'Object Repository/Create New User/Page_New Moodle Site Log in to the site/input_Password_password'

2022-02-13 19:48:10 - [MESSAGE][PASSED] - Text ****** has been set on object 'Object Repository/Create New User/Page_New Moodle Site Log in to the site/input_Password_password'

2022-02-13 19:48:10 - [TEST_STEP][PASSED] - click(findTestObject("Object Repository/Create New User/Page_New Moodle Site Log in to the site/button_Log in")): Object: 'Object Repository/Create New User/Page_New Moodle Site Log in to the site/button_Log in' is clicked on

2022-02-13 19:48:11 - [MESSAGE][PASSED] - Object: 'Object Repository/Create New User/Page_New Moodle Site Log in to the site/button_Log in' is clicked on

2022-02-13 19:48:11 - [TEST_STEP][PASSED] - click(findTestObject("Object Repository/Create New User/Page_Moodle Khu vc qun tr Thnh vin Ti khon _9bfdd2/span_Qun tr khu vc")): Object: 'Object Repository/Create New User/Page_Moodle Khu vc qun tr Thnh vin Ti khon _9bfdd2/span_Qun tr khu vc' is clicked on

2022-02-13 19:48:18 - [MESSAGE][INFO] - Unable to find the element located by 'By.xpath: //a[@id='yui_3_17_2_1_1642132322464_307']/div/div/span[2]'. Please recheck the objects properties to make sure the desired element is located. 

2022-02-13 19:48:18 - [MESSAGE][WARNING] - [SELF-HEALING] Failed to find element with id 'Object Repository/Create New User/Page_Moodle Khu vc qun tr Thnh vin Ti khon _9bfdd2/span_Qun tr khu vc'. Try using Self-healing.

2022-02-13 19:48:18 - [MESSAGE][WARNING] - [SELF-HEALING] The current locator of test object 'Object Repository/Create New User/Page_Moodle Khu vc qun tr Thnh vin Ti khon _9bfdd2/span_Qun tr khu vc' was broken. Propose an alternative one: '(.//*[normalize-space(text()) and normalize-space(.)='SE'])[1]/following::span[2]'.

2022-02-13 19:48:19 - [MESSAGE][PASSED] - Object: 'Object Repository/Create New User/Page_Moodle Khu vc qun tr Thnh vin Ti khon _9bfdd2/span_Qun tr khu vc' is clicked on

2022-02-13 19:48:19 - [TEST_STEP][PASSED] - click(findTestObject("Object Repository/Create New User/Page_Moodle Khu vc qun tr Tm kim/a_Thnh vin")): Object: 'Object Repository/Create New User/Page_Moodle Khu vc qun tr Tm kim/a_Thnh vin' is clicked on

2022-02-13 19:48:19 - [MESSAGE][PASSED] - Object: 'Object Repository/Create New User/Page_Moodle Khu vc qun tr Tm kim/a_Thnh vin' is clicked on

2022-02-13 19:48:19 - [TEST_STEP][PASSED] - click(findTestObject("Object Repository/Create New User/Page_Moodle Khu vc qun tr Tm kim/a_Xem danh sch thnh vin")): Object: 'Object Repository/Create New User/Page_Moodle Khu vc qun tr Tm kim/a_Xem danh sch thnh vin' is clicked on

2022-02-13 19:48:20 - [MESSAGE][PASSED] - Object: 'Object Repository/Create New User/Page_Moodle Khu vc qun tr Tm kim/a_Xem danh sch thnh vin' is clicked on

2022-02-13 19:48:20 - [TEST_STEP][PASSED] - click(findTestObject("Object Repository/Create New User/Page_Moodle Khu vc qun tr Thnh vin Ti khon _9bfdd2/i_Cha ln no_yui_3_17_2_1_1642132363326_560")): Object: 'Object Repository/Create New User/Page_Moodle Khu vc qun tr Thnh vin Ti khon _9bfdd2/i_Cha ln no_yui_3_17_2_1_1642132363326_560' is clicked on

2022-02-13 19:48:27 - [MESSAGE][INFO] - Unable to find the element located by 'By.xpath: //i[@id='yui_3_17_2_1_1642132363326_560']'. Please recheck the objects properties to make sure the desired element is located. 

2022-02-13 19:48:27 - [MESSAGE][WARNING] - [SELF-HEALING] Failed to find element with id 'Object Repository/Create New User/Page_Moodle Khu vc qun tr Thnh vin Ti khon _9bfdd2/i_Cha ln no_yui_3_17_2_1_1642132363326_560'. Try using Self-healing.

2022-02-13 19:48:27 - [MESSAGE][WARNING] - [SELF-HEALING] The current locator of test object 'Object Repository/Create New User/Page_Moodle Khu vc qun tr Thnh vin Ti khon _9bfdd2/i_Cha ln no_yui_3_17_2_1_1642132363326_560' was broken. Propose an alternative one: '//tr[2]/td[6]/a/i'.

2022-02-13 19:48:27 - [MESSAGE][PASSED] - Object: 'Object Repository/Create New User/Page_Moodle Khu vc qun tr Thnh vin Ti khon _9bfdd2/i_Cha ln no_yui_3_17_2_1_1642132363326_560' is clicked on

2022-02-13 19:48:27 - [TEST_STEP][PASSED] - click(findTestObject("Object Repository/Create New User/Page_Moodle Khu vc qun tr Thnh vin Ti khon _9bfdd2/button_Xo_1")): Object: 'Object Repository/Create New User/Page_Moodle Khu vc qun tr Thnh vin Ti khon _9bfdd2/button_Xo_1' is clicked on

2022-02-13 19:48:34 - [MESSAGE][INFO] - Unable to find the element located by 'By.xpath: //button[@id='single_button61e0f3a20d6e520']'. Please recheck the objects properties to make sure the desired element is located. 

2022-02-13 19:48:34 - [MESSAGE][WARNING] - [SELF-HEALING] Failed to find element with id 'Object Repository/Create New User/Page_Moodle Khu vc qun tr Thnh vin Ti khon _9bfdd2/button_Xo_1'. Try using Self-healing.

2022-02-13 19:48:34 - [MESSAGE][WARNING] - [SELF-HEALING] The current locator of test object 'Object Repository/Create New User/Page_Moodle Khu vc qun tr Thnh vin Ti khon _9bfdd2/button_Xo_1' was broken. Propose an alternative one: '//div[@id='modal-footer']/div/div/form/button'.

2022-02-13 19:48:35 - [MESSAGE][PASSED] - Object: 'Object Repository/Create New User/Page_Moodle Khu vc qun tr Thnh vin Ti khon _9bfdd2/button_Xo_1' is clicked on

2022-02-13 19:48:35 - [TEST_STEP][PASSED] - closeBrowser(): Browser is closed

2022-02-13 19:48:36 - [MESSAGE][PASSED] - Browser is closed]]></system-out>
         <system-err><![CDATA[]]></system-err>
      </testcase>
      <testcase name="Test Cases/Create New User/Spam Create User" time="144.703" classname="Test Cases/Create New User/Spam Create User" status="PASSED">
         <system-out><![CDATA[2022-02-13 19:48:36 - [TEST_CASE][PASSED] - Test Cases/Create New User/Spam Create User: Test Cases/Create New User/Spam Create User

2022-02-13 19:48:36 - [TEST_STEP][PASSED] - callTestCase(findTestCase("Admin Site/Login with Admin"), [:], STOP_ON_FAILURE): Call Test Case 'Test Cases/Admin Site/Login with Admin' successfully

2022-02-13 19:48:36 - [TEST_CASE][PASSED] - Test Cases/Admin Site/Login with Admin: Test Cases/Admin Site/Login with Admin

2022-02-13 19:48:36 - [TEST_STEP][PASSED] - openBrowser(""): Browser is opened with url: ''

2022-02-13 19:48:36 - [MESSAGE][INFO] - Starting 'Edge Chromium' driver

2022-02-13 19:48:39 - [MESSAGE][INFO] - Action delay is set to 0 milliseconds

2022-02-13 19:48:39 - [MESSAGE][PASSED] - Browser is opened with url: ''

2022-02-13 19:48:39 - [TEST_STEP][PASSED] - navigateToUrl("http://localhost/"): Navigate to 'http://localhost/' successfully

2022-02-13 19:48:40 - [MESSAGE][PASSED] - Navigate to 'http://localhost/' successfully

2022-02-13 19:48:40 - [TEST_STEP][PASSED] - click(findTestObject("Object Repository/Admin Site/Page_Local Moodle/a_Log in")): Object: 'Object Repository/Admin Site/Page_Local Moodle/a_Log in' is clicked on

2022-02-13 19:48:41 - [MESSAGE][PASSED] - Object: 'Object Repository/Admin Site/Page_Local Moodle/a_Log in' is clicked on

2022-02-13 19:48:41 - [TEST_STEP][PASSED] - setText(findTestObject("Object Repository/Admin Site/Page_Local Moodle Log in to the site/input_Username_username"), "admin"): Text 'admin' is set on object 'Object Repository/Admin Site/Page_Local Moodle Log in to the site/input_Username_username'

2022-02-13 19:48:42 - [MESSAGE][PASSED] - Text 'admin' is set on object 'Object Repository/Admin Site/Page_Local Moodle Log in to the site/input_Username_username'

2022-02-13 19:48:42 - [TEST_STEP][PASSED] - setEncryptedText(findTestObject("Object Repository/Admin Site/Page_Local Moodle Log in to the site/input_Password_password"), "bfAykA/oWJ09FXmiKh6lyuuLu8QhG1K5"): Text ****** has been set on object 'Object Repository/Admin Site/Page_Local Moodle Log in to the site/input_Password_password'

2022-02-13 19:48:42 - [MESSAGE][PASSED] - Text ****** has been set on object 'Object Repository/Admin Site/Page_Local Moodle Log in to the site/input_Password_password'

2022-02-13 19:48:42 - [TEST_STEP][PASSED] - click(findTestObject("Object Repository/Admin Site/Page_Local Moodle Log in to the site/button_Log in")): Object: 'Object Repository/Admin Site/Page_Local Moodle Log in to the site/button_Log in' is clicked on

2022-02-13 19:48:44 - [MESSAGE][PASSED] - Object: 'Object Repository/Admin Site/Page_Local Moodle Log in to the site/button_Log in' is clicked on

2022-02-13 19:48:44 - [TEST_STEP][PASSED] - click(findTestObject("Object Repository/Admin Site/Page_Nh ca ti/span_Qun tr khu vc")): Object: 'Object Repository/Admin Site/Page_Nh ca ti/span_Qun tr khu vc' is clicked on

2022-02-13 19:48:47 - [MESSAGE][PASSED] - Object: 'Object Repository/Admin Site/Page_Nh ca ti/span_Qun tr khu vc' is clicked on

2022-02-13 19:48:47 - [TEST_STEP][PASSED] - verifyElementPresent(findTestObject("Object Repository/Admin Site/Page_Moodle Khu vc qun tr Tm kim/a_Qun tr khu vc"), 0): Object 'Object Repository/Admin Site/Page_Moodle Khu vc qun tr Tm kim/a_Qun tr khu vc' is present

2022-02-13 19:48:47 - [MESSAGE][WARNING] - Timeout '0' is invalid. Using default page load timeout: '5'

2022-02-13 19:48:47 - [MESSAGE][PASSED] - Object 'Object Repository/Admin Site/Page_Moodle Khu vc qun tr Tm kim/a_Qun tr khu vc' is present

2022-02-13 19:48:47 - [MESSAGE][PASSED] - Call Test Case 'Test Cases/Admin Site/Login with Admin' successfully

2022-02-13 19:48:47 - [TEST_STEP][PASSED] - for (def index : (1..3)): Navigate to 'http://localhost/admin/user.php' successfully

2022-02-13 19:48:47 - [TEST_STEP][PASSED] - click(findTestObject("Object Repository/Create New User/Page_Moodle Khu vc qun tr My ch Ch  bo tr/span_Qun tr khu vc")): Object: 'Object Repository/Create New User/Page_Moodle Khu vc qun tr My ch Ch  bo tr/span_Qun tr khu vc' is clicked on

2022-02-13 19:48:53 - [MESSAGE][INFO] - Unable to find the element located by 'By.xpath: '. Please recheck the objects properties to make sure the desired element is located. 

2022-02-13 19:48:53 - [MESSAGE][WARNING] - [SELF-HEALING] Failed to find element with id 'Object Repository/Create New User/Page_Moodle Khu vc qun tr My ch Ch  bo tr/span_Qun tr khu vc'. Try using Self-healing.

2022-02-13 19:48:54 - [MESSAGE][WARNING] - [SELF-HEALING] The current locator of test object 'Object Repository/Create New User/Page_Moodle Khu vc qun tr My ch Ch  bo tr/span_Qun tr khu vc' was broken. Propose an alternative one: '//div[@id='nav-drawer']/nav[2]/ul/li/a/div/div/span[2]'.

2022-02-13 19:48:55 - [MESSAGE][PASSED] - Object: 'Object Repository/Create New User/Page_Moodle Khu vc qun tr My ch Ch  bo tr/span_Qun tr khu vc' is clicked on

2022-02-13 19:48:55 - [TEST_STEP][PASSED] - click(findTestObject("Object Repository/Create New User/Page_Moodle Khu vc qun tr Tm kim/a_Thnh vin")): Object: 'Object Repository/Create New User/Page_Moodle Khu vc qun tr Tm kim/a_Thnh vin' is clicked on

2022-02-13 19:48:55 - [MESSAGE][PASSED] - Object: 'Object Repository/Create New User/Page_Moodle Khu vc qun tr Tm kim/a_Thnh vin' is clicked on

2022-02-13 19:48:55 - [TEST_STEP][PASSED] - click(findTestObject("Object Repository/Create New User/Page_Moodle Khu vc qun tr Tm kim/a_Thm thnh vin mi")): Object: 'Object Repository/Create New User/Page_Moodle Khu vc qun tr Tm kim/a_Thm thnh vin mi' is clicked on

2022-02-13 19:48:56 - [MESSAGE][PASSED] - Object: 'Object Repository/Create New User/Page_Moodle Khu vc qun tr Tm kim/a_Thm thnh vin mi' is clicked on

2022-02-13 19:48:56 - [TEST_STEP][PASSED] - setText(findTestObject("Object Repository/Create New User/Page_Moodle Khu vc qun tr Thnh vin Ti khon _57274d/input_Tn ti khon_username"), "test_" + index.toString()): Text 'test_1' is set on object 'Object Repository/Create New User/Page_Moodle Khu vc qun tr Thnh vin Ti khon _57274d/input_Tn ti khon_username'

2022-02-13 19:48:58 - [MESSAGE][PASSED] - Text 'test_1' is set on object 'Object Repository/Create New User/Page_Moodle Khu vc qun tr Thnh vin Ti khon _57274d/input_Tn ti khon_username'

2022-02-13 19:48:58 - [TEST_STEP][PASSED] - click(findTestObject("Object Repository/Create New User/Page_Moodle Khu vc qun tr Thnh vin Ti khon _57274d/a_Click to enter text")): Object: 'Object Repository/Create New User/Page_Moodle Khu vc qun tr Thnh vin Ti khon _57274d/a_Click to enter text' is clicked on

2022-02-13 19:49:04 - [MESSAGE][INFO] - Unable to find the element located by 'By.xpath: //a[@id='yui_3_17_2_1_1641440991320_766']'. Please recheck the objects properties to make sure the desired element is located. 

2022-02-13 19:49:04 - [MESSAGE][WARNING] - [SELF-HEALING] Failed to find element with id 'Object Repository/Create New User/Page_Moodle Khu vc qun tr Thnh vin Ti khon _57274d/a_Click to enter text'. Try using Self-healing.

2022-02-13 19:49:04 - [MESSAGE][WARNING] - [SELF-HEALING] The current locator of test object 'Object Repository/Create New User/Page_Moodle Khu vc qun tr Thnh vin Ti khon _57274d/a_Click to enter text' was broken. Propose an alternative one: '(.//*[normalize-space(text()) and normalize-space(.)='Mật khẩu mới'])[1]/following::a[2]'.

2022-02-13 19:49:04 - [MESSAGE][PASSED] - Object: 'Object Repository/Create New User/Page_Moodle Khu vc qun tr Thnh vin Ti khon _57274d/a_Click to enter text' is clicked on

2022-02-13 19:49:04 - [TEST_STEP][PASSED] - setEncryptedText(findTestObject("Object Repository/Create New User/Page_Moodle Khu vc qun tr Thnh vin Ti khon _57274d/input_Mt khu mi_newpassword"), "cvW8qx4B2o1gIDzvWT+0mQ=="): Text ****** has been set on object 'Object Repository/Create New User/Page_Moodle Khu vc qun tr Thnh vin Ti khon _57274d/input_Mt khu mi_newpassword'

2022-02-13 19:49:05 - [MESSAGE][PASSED] - Text ****** has been set on object 'Object Repository/Create New User/Page_Moodle Khu vc qun tr Thnh vin Ti khon _57274d/input_Mt khu mi_newpassword'

2022-02-13 19:49:05 - [TEST_STEP][PASSED] - setText(findTestObject("Object Repository/Create New User/Page_Moodle Khu vc qun tr Thnh vin Ti khon _57274d/input_Tn m v tn_firstname"), "Test " + index.toString()): Text 'Test 1' is set on object 'Object Repository/Create New User/Page_Moodle Khu vc qun tr Thnh vin Ti khon _57274d/input_Tn m v tn_firstname'

2022-02-13 19:49:06 - [MESSAGE][PASSED] - Text 'Test 1' is set on object 'Object Repository/Create New User/Page_Moodle Khu vc qun tr Thnh vin Ti khon _57274d/input_Tn m v tn_firstname'

2022-02-13 19:49:06 - [TEST_STEP][PASSED] - setText(findTestObject("Object Repository/Create New User/Page_Moodle Khu vc qun tr Thnh vin Ti khon _57274d/input_H_lastname"), "Nguyễn"): Text 'Nguyễn' is set on object 'Object Repository/Create New User/Page_Moodle Khu vc qun tr Thnh vin Ti khon _57274d/input_H_lastname'

2022-02-13 19:49:07 - [MESSAGE][PASSED] - Text 'Nguyễn' is set on object 'Object Repository/Create New User/Page_Moodle Khu vc qun tr Thnh vin Ti khon _57274d/input_H_lastname'

2022-02-13 19:49:07 - [TEST_STEP][PASSED] - setText(findTestObject("Object Repository/Create New User/Page_Moodle Khu vc qun tr Thnh vin Ti khon _57274d/input_a ch th in t_email"), "test_" + index.toString() + "@gmail.com"): Text 'test_1@gmail.com' is set on object 'Object Repository/Create New User/Page_Moodle Khu vc qun tr Thnh vin Ti khon _57274d/input_a ch th in t_email'

2022-02-13 19:49:08 - [MESSAGE][PASSED] - Text 'test_1@gmail.com' is set on object 'Object Repository/Create New User/Page_Moodle Khu vc qun tr Thnh vin Ti khon _57274d/input_a ch th in t_email'

2022-02-13 19:49:08 - [TEST_STEP][PASSED] - selectOptionByValue(findTestObject("Object Repository/Create New User/Page_Moodle Khu vc qun tr Thnh vin Ti khon _57274d/select_Du a ch th in t ca ti            Cho_daca4a"), "0", true): All options with value '0' are selected in object 'Object Repository/Create New User/Page_Moodle Khu vc qun tr Thnh vin Ti khon _57274d/select_Du a ch th in t ca ti            Cho_daca4a'  using regular expression

2022-02-13 19:49:09 - [MESSAGE][PASSED] - All options with value '0' are selected in object 'Object Repository/Create New User/Page_Moodle Khu vc qun tr Thnh vin Ti khon _57274d/select_Du a ch th in t ca ti            Cho_daca4a'  using regular expression

2022-02-13 19:49:09 - [TEST_STEP][PASSED] - setText(findTestObject("Object Repository/Create New User/Page_Moodle Khu vc qun tr Thnh vin Ti khon _57274d/input_TnhThnh ph_city"), "Hồ Chí Minh"): Text 'Hồ Chí Minh' is set on object 'Object Repository/Create New User/Page_Moodle Khu vc qun tr Thnh vin Ti khon _57274d/input_TnhThnh ph_city'

2022-02-13 19:49:10 - [MESSAGE][PASSED] - Text 'Hồ Chí Minh' is set on object 'Object Repository/Create New User/Page_Moodle Khu vc qun tr Thnh vin Ti khon _57274d/input_TnhThnh ph_city'

2022-02-13 19:49:10 - [TEST_STEP][PASSED] - selectOptionByValue(findTestObject("Object Repository/Create New User/Page_Moodle Khu vc qun tr Thnh vin Ti khon _57274d/select_Chn quc gia.            Afghanistan _0db63d"), "VN", true): All options with value 'VN' are selected in object 'Object Repository/Create New User/Page_Moodle Khu vc qun tr Thnh vin Ti khon _57274d/select_Chn quc gia.            Afghanistan _0db63d'  using regular expression

2022-02-13 19:49:19 - [MESSAGE][PASSED] - All options with value 'VN' are selected in object 'Object Repository/Create New User/Page_Moodle Khu vc qun tr Thnh vin Ti khon _57274d/select_Chn quc gia.            Afghanistan _0db63d'  using regular expression

2022-02-13 19:49:19 - [TEST_STEP][PASSED] - click(findTestObject("Object Repository/Create New User/Page_Moodle Khu vc qun tr Thnh vin Ti khon _57274d/input_a ch_submitbutton")): Object: 'Object Repository/Create New User/Page_Moodle Khu vc qun tr Thnh vin Ti khon _57274d/input_a ch_submitbutton' is clicked on

2022-02-13 19:49:22 - [MESSAGE][PASSED] - Object: 'Object Repository/Create New User/Page_Moodle Khu vc qun tr Thnh vin Ti khon _57274d/input_a ch_submitbutton' is clicked on

2022-02-13 19:49:22 - [TEST_STEP][PASSED] - navigateToUrl("http://localhost/admin/user.php"): Navigate to 'http://localhost/admin/user.php' successfully

2022-02-13 19:49:23 - [MESSAGE][PASSED] - Navigate to 'http://localhost/admin/user.php' successfully

2022-02-13 19:49:23 - [TEST_STEP][PASSED] - click(findTestObject("Object Repository/Create New User/Page_Moodle Khu vc qun tr My ch Ch  bo tr/span_Qun tr khu vc")): Object: 'Object Repository/Create New User/Page_Moodle Khu vc qun tr My ch Ch  bo tr/span_Qun tr khu vc' is clicked on

2022-02-13 19:49:29 - [MESSAGE][INFO] - Unable to find the element located by 'By.xpath: '. Please recheck the objects properties to make sure the desired element is located. 

2022-02-13 19:49:29 - [MESSAGE][WARNING] - [SELF-HEALING] Failed to find element with id 'Object Repository/Create New User/Page_Moodle Khu vc qun tr My ch Ch  bo tr/span_Qun tr khu vc'. Try using Self-healing.

2022-02-13 19:49:30 - [MESSAGE][WARNING] - [SELF-HEALING] The current locator of test object 'Object Repository/Create New User/Page_Moodle Khu vc qun tr My ch Ch  bo tr/span_Qun tr khu vc' was broken. Propose an alternative one: '//div[@id='nav-drawer']/nav[2]/ul/li/a/div/div/span[2]'.

2022-02-13 19:49:30 - [MESSAGE][PASSED] - Object: 'Object Repository/Create New User/Page_Moodle Khu vc qun tr My ch Ch  bo tr/span_Qun tr khu vc' is clicked on

2022-02-13 19:49:30 - [TEST_STEP][PASSED] - click(findTestObject("Object Repository/Create New User/Page_Moodle Khu vc qun tr Tm kim/a_Thnh vin")): Object: 'Object Repository/Create New User/Page_Moodle Khu vc qun tr Tm kim/a_Thnh vin' is clicked on

2022-02-13 19:49:31 - [MESSAGE][PASSED] - Object: 'Object Repository/Create New User/Page_Moodle Khu vc qun tr Tm kim/a_Thnh vin' is clicked on

2022-02-13 19:49:31 - [TEST_STEP][PASSED] - click(findTestObject("Object Repository/Create New User/Page_Moodle Khu vc qun tr Tm kim/a_Thm thnh vin mi")): Object: 'Object Repository/Create New User/Page_Moodle Khu vc qun tr Tm kim/a_Thm thnh vin mi' is clicked on

2022-02-13 19:49:32 - [MESSAGE][PASSED] - Object: 'Object Repository/Create New User/Page_Moodle Khu vc qun tr Tm kim/a_Thm thnh vin mi' is clicked on

2022-02-13 19:49:32 - [TEST_STEP][PASSED] - setText(findTestObject("Object Repository/Create New User/Page_Moodle Khu vc qun tr Thnh vin Ti khon _57274d/input_Tn ti khon_username"), "test_" + index.toString()): Text 'test_2' is set on object 'Object Repository/Create New User/Page_Moodle Khu vc qun tr Thnh vin Ti khon _57274d/input_Tn ti khon_username'

2022-02-13 19:49:33 - [MESSAGE][PASSED] - Text 'test_2' is set on object 'Object Repository/Create New User/Page_Moodle Khu vc qun tr Thnh vin Ti khon _57274d/input_Tn ti khon_username'

2022-02-13 19:49:33 - [TEST_STEP][PASSED] - click(findTestObject("Object Repository/Create New User/Page_Moodle Khu vc qun tr Thnh vin Ti khon _57274d/a_Click to enter text")): Object: 'Object Repository/Create New User/Page_Moodle Khu vc qun tr Thnh vin Ti khon _57274d/a_Click to enter text' is clicked on

2022-02-13 19:49:40 - [MESSAGE][INFO] - Unable to find the element located by 'By.xpath: //a[@id='yui_3_17_2_1_1641440991320_766']'. Please recheck the objects properties to make sure the desired element is located. 

2022-02-13 19:49:40 - [MESSAGE][WARNING] - [SELF-HEALING] Failed to find element with id 'Object Repository/Create New User/Page_Moodle Khu vc qun tr Thnh vin Ti khon _57274d/a_Click to enter text'. Try using Self-healing.

2022-02-13 19:49:40 - [MESSAGE][WARNING] - [SELF-HEALING] The current locator of test object 'Object Repository/Create New User/Page_Moodle Khu vc qun tr Thnh vin Ti khon _57274d/a_Click to enter text' was broken. Propose an alternative one: '(.//*[normalize-space(text()) and normalize-space(.)='Mật khẩu mới'])[1]/following::a[2]'.

2022-02-13 19:49:40 - [MESSAGE][PASSED] - Object: 'Object Repository/Create New User/Page_Moodle Khu vc qun tr Thnh vin Ti khon _57274d/a_Click to enter text' is clicked on

2022-02-13 19:49:40 - [TEST_STEP][PASSED] - setEncryptedText(findTestObject("Object Repository/Create New User/Page_Moodle Khu vc qun tr Thnh vin Ti khon _57274d/input_Mt khu mi_newpassword"), "cvW8qx4B2o1gIDzvWT+0mQ=="): Text ****** has been set on object 'Object Repository/Create New User/Page_Moodle Khu vc qun tr Thnh vin Ti khon _57274d/input_Mt khu mi_newpassword'

2022-02-13 19:49:41 - [MESSAGE][PASSED] - Text ****** has been set on object 'Object Repository/Create New User/Page_Moodle Khu vc qun tr Thnh vin Ti khon _57274d/input_Mt khu mi_newpassword'

2022-02-13 19:49:41 - [TEST_STEP][PASSED] - setText(findTestObject("Object Repository/Create New User/Page_Moodle Khu vc qun tr Thnh vin Ti khon _57274d/input_Tn m v tn_firstname"), "Test " + index.toString()): Text 'Test 2' is set on object 'Object Repository/Create New User/Page_Moodle Khu vc qun tr Thnh vin Ti khon _57274d/input_Tn m v tn_firstname'

2022-02-13 19:49:41 - [MESSAGE][PASSED] - Text 'Test 2' is set on object 'Object Repository/Create New User/Page_Moodle Khu vc qun tr Thnh vin Ti khon _57274d/input_Tn m v tn_firstname'

2022-02-13 19:49:41 - [TEST_STEP][PASSED] - setText(findTestObject("Object Repository/Create New User/Page_Moodle Khu vc qun tr Thnh vin Ti khon _57274d/input_H_lastname"), "Nguyễn"): Text 'Nguyễn' is set on object 'Object Repository/Create New User/Page_Moodle Khu vc qun tr Thnh vin Ti khon _57274d/input_H_lastname'

2022-02-13 19:49:43 - [MESSAGE][PASSED] - Text 'Nguyễn' is set on object 'Object Repository/Create New User/Page_Moodle Khu vc qun tr Thnh vin Ti khon _57274d/input_H_lastname'

2022-02-13 19:49:43 - [TEST_STEP][PASSED] - setText(findTestObject("Object Repository/Create New User/Page_Moodle Khu vc qun tr Thnh vin Ti khon _57274d/input_a ch th in t_email"), "test_" + index.toString() + "@gmail.com"): Text 'test_2@gmail.com' is set on object 'Object Repository/Create New User/Page_Moodle Khu vc qun tr Thnh vin Ti khon _57274d/input_a ch th in t_email'

2022-02-13 19:49:43 - [MESSAGE][PASSED] - Text 'test_2@gmail.com' is set on object 'Object Repository/Create New User/Page_Moodle Khu vc qun tr Thnh vin Ti khon _57274d/input_a ch th in t_email'

2022-02-13 19:49:43 - [TEST_STEP][PASSED] - selectOptionByValue(findTestObject("Object Repository/Create New User/Page_Moodle Khu vc qun tr Thnh vin Ti khon _57274d/select_Du a ch th in t ca ti            Cho_daca4a"), "0", true): All options with value '0' are selected in object 'Object Repository/Create New User/Page_Moodle Khu vc qun tr Thnh vin Ti khon _57274d/select_Du a ch th in t ca ti            Cho_daca4a'  using regular expression

2022-02-13 19:49:45 - [MESSAGE][PASSED] - All options with value '0' are selected in object 'Object Repository/Create New User/Page_Moodle Khu vc qun tr Thnh vin Ti khon _57274d/select_Du a ch th in t ca ti            Cho_daca4a'  using regular expression

2022-02-13 19:49:45 - [TEST_STEP][PASSED] - setText(findTestObject("Object Repository/Create New User/Page_Moodle Khu vc qun tr Thnh vin Ti khon _57274d/input_TnhThnh ph_city"), "Hồ Chí Minh"): Text 'Hồ Chí Minh' is set on object 'Object Repository/Create New User/Page_Moodle Khu vc qun tr Thnh vin Ti khon _57274d/input_TnhThnh ph_city'

2022-02-13 19:49:45 - [MESSAGE][PASSED] - Text 'Hồ Chí Minh' is set on object 'Object Repository/Create New User/Page_Moodle Khu vc qun tr Thnh vin Ti khon _57274d/input_TnhThnh ph_city'

2022-02-13 19:49:45 - [TEST_STEP][PASSED] - selectOptionByValue(findTestObject("Object Repository/Create New User/Page_Moodle Khu vc qun tr Thnh vin Ti khon _57274d/select_Chn quc gia.            Afghanistan _0db63d"), "VN", true): All options with value 'VN' are selected in object 'Object Repository/Create New User/Page_Moodle Khu vc qun tr Thnh vin Ti khon _57274d/select_Chn quc gia.            Afghanistan _0db63d'  using regular expression

2022-02-13 19:49:55 - [MESSAGE][PASSED] - All options with value 'VN' are selected in object 'Object Repository/Create New User/Page_Moodle Khu vc qun tr Thnh vin Ti khon _57274d/select_Chn quc gia.            Afghanistan _0db63d'  using regular expression

2022-02-13 19:49:55 - [TEST_STEP][PASSED] - click(findTestObject("Object Repository/Create New User/Page_Moodle Khu vc qun tr Thnh vin Ti khon _57274d/input_a ch_submitbutton")): Object: 'Object Repository/Create New User/Page_Moodle Khu vc qun tr Thnh vin Ti khon _57274d/input_a ch_submitbutton' is clicked on

2022-02-13 19:49:56 - [MESSAGE][PASSED] - Object: 'Object Repository/Create New User/Page_Moodle Khu vc qun tr Thnh vin Ti khon _57274d/input_a ch_submitbutton' is clicked on

2022-02-13 19:49:56 - [TEST_STEP][PASSED] - navigateToUrl("http://localhost/admin/user.php"): Navigate to 'http://localhost/admin/user.php' successfully

2022-02-13 19:49:56 - [MESSAGE][PASSED] - Navigate to 'http://localhost/admin/user.php' successfully

2022-02-13 19:49:56 - [TEST_STEP][PASSED] - click(findTestObject("Object Repository/Create New User/Page_Moodle Khu vc qun tr My ch Ch  bo tr/span_Qun tr khu vc")): Object: 'Object Repository/Create New User/Page_Moodle Khu vc qun tr My ch Ch  bo tr/span_Qun tr khu vc' is clicked on

2022-02-13 19:50:03 - [MESSAGE][INFO] - Unable to find the element located by 'By.xpath: '. Please recheck the objects properties to make sure the desired element is located. 

2022-02-13 19:50:03 - [MESSAGE][WARNING] - [SELF-HEALING] Failed to find element with id 'Object Repository/Create New User/Page_Moodle Khu vc qun tr My ch Ch  bo tr/span_Qun tr khu vc'. Try using Self-healing.

2022-02-13 19:50:03 - [MESSAGE][WARNING] - [SELF-HEALING] The current locator of test object 'Object Repository/Create New User/Page_Moodle Khu vc qun tr My ch Ch  bo tr/span_Qun tr khu vc' was broken. Propose an alternative one: '//div[@id='nav-drawer']/nav[2]/ul/li/a/div/div/span[2]'.

2022-02-13 19:50:03 - [MESSAGE][PASSED] - Object: 'Object Repository/Create New User/Page_Moodle Khu vc qun tr My ch Ch  bo tr/span_Qun tr khu vc' is clicked on

2022-02-13 19:50:03 - [TEST_STEP][PASSED] - click(findTestObject("Object Repository/Create New User/Page_Moodle Khu vc qun tr Tm kim/a_Thnh vin")): Object: 'Object Repository/Create New User/Page_Moodle Khu vc qun tr Tm kim/a_Thnh vin' is clicked on

2022-02-13 19:50:04 - [MESSAGE][PASSED] - Object: 'Object Repository/Create New User/Page_Moodle Khu vc qun tr Tm kim/a_Thnh vin' is clicked on

2022-02-13 19:50:04 - [TEST_STEP][PASSED] - click(findTestObject("Object Repository/Create New User/Page_Moodle Khu vc qun tr Tm kim/a_Thm thnh vin mi")): Object: 'Object Repository/Create New User/Page_Moodle Khu vc qun tr Tm kim/a_Thm thnh vin mi' is clicked on

2022-02-13 19:50:05 - [MESSAGE][PASSED] - Object: 'Object Repository/Create New User/Page_Moodle Khu vc qun tr Tm kim/a_Thm thnh vin mi' is clicked on

2022-02-13 19:50:05 - [TEST_STEP][PASSED] - setText(findTestObject("Object Repository/Create New User/Page_Moodle Khu vc qun tr Thnh vin Ti khon _57274d/input_Tn ti khon_username"), "test_" + index.toString()): Text 'test_3' is set on object 'Object Repository/Create New User/Page_Moodle Khu vc qun tr Thnh vin Ti khon _57274d/input_Tn ti khon_username'

2022-02-13 19:50:07 - [MESSAGE][PASSED] - Text 'test_3' is set on object 'Object Repository/Create New User/Page_Moodle Khu vc qun tr Thnh vin Ti khon _57274d/input_Tn ti khon_username'

2022-02-13 19:50:07 - [TEST_STEP][PASSED] - click(findTestObject("Object Repository/Create New User/Page_Moodle Khu vc qun tr Thnh vin Ti khon _57274d/a_Click to enter text")): Object: 'Object Repository/Create New User/Page_Moodle Khu vc qun tr Thnh vin Ti khon _57274d/a_Click to enter text' is clicked on

2022-02-13 19:50:13 - [MESSAGE][INFO] - Unable to find the element located by 'By.xpath: //a[@id='yui_3_17_2_1_1641440991320_766']'. Please recheck the objects properties to make sure the desired element is located. 

2022-02-13 19:50:13 - [MESSAGE][WARNING] - [SELF-HEALING] Failed to find element with id 'Object Repository/Create New User/Page_Moodle Khu vc qun tr Thnh vin Ti khon _57274d/a_Click to enter text'. Try using Self-healing.

2022-02-13 19:50:13 - [MESSAGE][WARNING] - [SELF-HEALING] The current locator of test object 'Object Repository/Create New User/Page_Moodle Khu vc qun tr Thnh vin Ti khon _57274d/a_Click to enter text' was broken. Propose an alternative one: '(.//*[normalize-space(text()) and normalize-space(.)='Mật khẩu mới'])[1]/following::a[2]'.

2022-02-13 19:50:13 - [MESSAGE][PASSED] - Object: 'Object Repository/Create New User/Page_Moodle Khu vc qun tr Thnh vin Ti khon _57274d/a_Click to enter text' is clicked on

2022-02-13 19:50:13 - [TEST_STEP][PASSED] - setEncryptedText(findTestObject("Object Repository/Create New User/Page_Moodle Khu vc qun tr Thnh vin Ti khon _57274d/input_Mt khu mi_newpassword"), "cvW8qx4B2o1gIDzvWT+0mQ=="): Text ****** has been set on object 'Object Repository/Create New User/Page_Moodle Khu vc qun tr Thnh vin Ti khon _57274d/input_Mt khu mi_newpassword'

2022-02-13 19:50:14 - [MESSAGE][PASSED] - Text ****** has been set on object 'Object Repository/Create New User/Page_Moodle Khu vc qun tr Thnh vin Ti khon _57274d/input_Mt khu mi_newpassword'

2022-02-13 19:50:14 - [TEST_STEP][PASSED] - setText(findTestObject("Object Repository/Create New User/Page_Moodle Khu vc qun tr Thnh vin Ti khon _57274d/input_Tn m v tn_firstname"), "Test " + index.toString()): Text 'Test 3' is set on object 'Object Repository/Create New User/Page_Moodle Khu vc qun tr Thnh vin Ti khon _57274d/input_Tn m v tn_firstname'

2022-02-13 19:50:15 - [MESSAGE][PASSED] - Text 'Test 3' is set on object 'Object Repository/Create New User/Page_Moodle Khu vc qun tr Thnh vin Ti khon _57274d/input_Tn m v tn_firstname'

2022-02-13 19:50:15 - [TEST_STEP][PASSED] - setText(findTestObject("Object Repository/Create New User/Page_Moodle Khu vc qun tr Thnh vin Ti khon _57274d/input_H_lastname"), "Nguyễn"): Text 'Nguyễn' is set on object 'Object Repository/Create New User/Page_Moodle Khu vc qun tr Thnh vin Ti khon _57274d/input_H_lastname'

2022-02-13 19:50:16 - [MESSAGE][PASSED] - Text 'Nguyễn' is set on object 'Object Repository/Create New User/Page_Moodle Khu vc qun tr Thnh vin Ti khon _57274d/input_H_lastname'

2022-02-13 19:50:16 - [TEST_STEP][PASSED] - setText(findTestObject("Object Repository/Create New User/Page_Moodle Khu vc qun tr Thnh vin Ti khon _57274d/input_a ch th in t_email"), "test_" + index.toString() + "@gmail.com"): Text 'test_3@gmail.com' is set on object 'Object Repository/Create New User/Page_Moodle Khu vc qun tr Thnh vin Ti khon _57274d/input_a ch th in t_email'

2022-02-13 19:50:17 - [MESSAGE][PASSED] - Text 'test_3@gmail.com' is set on object 'Object Repository/Create New User/Page_Moodle Khu vc qun tr Thnh vin Ti khon _57274d/input_a ch th in t_email'

2022-02-13 19:50:17 - [TEST_STEP][PASSED] - selectOptionByValue(findTestObject("Object Repository/Create New User/Page_Moodle Khu vc qun tr Thnh vin Ti khon _57274d/select_Du a ch th in t ca ti            Cho_daca4a"), "0", true): All options with value '0' are selected in object 'Object Repository/Create New User/Page_Moodle Khu vc qun tr Thnh vin Ti khon _57274d/select_Du a ch th in t ca ti            Cho_daca4a'  using regular expression

2022-02-13 19:50:18 - [MESSAGE][PASSED] - All options with value '0' are selected in object 'Object Repository/Create New User/Page_Moodle Khu vc qun tr Thnh vin Ti khon _57274d/select_Du a ch th in t ca ti            Cho_daca4a'  using regular expression

2022-02-13 19:50:18 - [TEST_STEP][PASSED] - setText(findTestObject("Object Repository/Create New User/Page_Moodle Khu vc qun tr Thnh vin Ti khon _57274d/input_TnhThnh ph_city"), "Hồ Chí Minh"): Text 'Hồ Chí Minh' is set on object 'Object Repository/Create New User/Page_Moodle Khu vc qun tr Thnh vin Ti khon _57274d/input_TnhThnh ph_city'

2022-02-13 19:50:19 - [MESSAGE][PASSED] - Text 'Hồ Chí Minh' is set on object 'Object Repository/Create New User/Page_Moodle Khu vc qun tr Thnh vin Ti khon _57274d/input_TnhThnh ph_city'

2022-02-13 19:50:19 - [TEST_STEP][PASSED] - selectOptionByValue(findTestObject("Object Repository/Create New User/Page_Moodle Khu vc qun tr Thnh vin Ti khon _57274d/select_Chn quc gia.            Afghanistan _0db63d"), "VN", true): All options with value 'VN' are selected in object 'Object Repository/Create New User/Page_Moodle Khu vc qun tr Thnh vin Ti khon _57274d/select_Chn quc gia.            Afghanistan _0db63d'  using regular expression

2022-02-13 19:50:28 - [MESSAGE][PASSED] - All options with value 'VN' are selected in object 'Object Repository/Create New User/Page_Moodle Khu vc qun tr Thnh vin Ti khon _57274d/select_Chn quc gia.            Afghanistan _0db63d'  using regular expression

2022-02-13 19:50:28 - [TEST_STEP][PASSED] - click(findTestObject("Object Repository/Create New User/Page_Moodle Khu vc qun tr Thnh vin Ti khon _57274d/input_a ch_submitbutton")): Object: 'Object Repository/Create New User/Page_Moodle Khu vc qun tr Thnh vin Ti khon _57274d/input_a ch_submitbutton' is clicked on

2022-02-13 19:50:29 - [MESSAGE][PASSED] - Object: 'Object Repository/Create New User/Page_Moodle Khu vc qun tr Thnh vin Ti khon _57274d/input_a ch_submitbutton' is clicked on

2022-02-13 19:50:29 - [TEST_STEP][PASSED] - navigateToUrl("http://localhost/admin/user.php"): Navigate to 'http://localhost/admin/user.php' successfully

2022-02-13 19:50:30 - [MESSAGE][PASSED] - Navigate to 'http://localhost/admin/user.php' successfully

2022-02-13 19:50:30 - [TEST_STEP][PASSED] - click(findTestObject("Object Repository/Create New User/Page_Moodle Khu vc qun tr Tm kim/a_Qun tr Thnh vin")): Object: 'Object Repository/Create New User/Page_Moodle Khu vc qun tr Tm kim/a_Qun tr Thnh vin' is clicked on

2022-02-13 19:50:31 - [MESSAGE][PASSED] - Object: 'Object Repository/Create New User/Page_Moodle Khu vc qun tr Tm kim/a_Qun tr Thnh vin' is clicked on

2022-02-13 19:50:31 - [TEST_STEP][PASSED] - click(findTestObject("Object Repository/Create New User/Page_Moodle Khu vc qun tr Tm kim/span_Thot")): Object: 'Object Repository/Create New User/Page_Moodle Khu vc qun tr Tm kim/span_Thot' is clicked on

2022-02-13 19:50:32 - [MESSAGE][PASSED] - Object: 'Object Repository/Create New User/Page_Moodle Khu vc qun tr Tm kim/span_Thot' is clicked on

2022-02-13 19:50:32 - [TEST_STEP][PASSED] - click(findTestObject("Object Repository/Create New User/Page_Local Moodle/a_Log in")): Object: 'Object Repository/Create New User/Page_Local Moodle/a_Log in' is clicked on

2022-02-13 19:50:32 - [MESSAGE][PASSED] - Object: 'Object Repository/Create New User/Page_Local Moodle/a_Log in' is clicked on

2022-02-13 19:50:32 - [TEST_STEP][PASSED] - setText(findTestObject("Object Repository/Create New User/Page_Local Moodle Log in to the site/input_Username_username"), "test_2"): Text 'test_2' is set on object 'Object Repository/Create New User/Page_Local Moodle Log in to the site/input_Username_username'

2022-02-13 19:50:33 - [MESSAGE][PASSED] - Text 'test_2' is set on object 'Object Repository/Create New User/Page_Local Moodle Log in to the site/input_Username_username'

2022-02-13 19:50:33 - [TEST_STEP][PASSED] - setEncryptedText(findTestObject("Object Repository/Create New User/Page_Local Moodle Log in to the site/input_Password_password"), "cvW8qx4B2o1gIDzvWT+0mQ=="): Text ****** has been set on object 'Object Repository/Create New User/Page_Local Moodle Log in to the site/input_Password_password'

2022-02-13 19:50:33 - [MESSAGE][PASSED] - Text ****** has been set on object 'Object Repository/Create New User/Page_Local Moodle Log in to the site/input_Password_password'

2022-02-13 19:50:33 - [TEST_STEP][PASSED] - click(findTestObject("Object Repository/Create New User/Page_Local Moodle Log in to the site/button_Log in")): Object: 'Object Repository/Create New User/Page_Local Moodle Log in to the site/button_Log in' is clicked on

2022-02-13 19:50:34 - [MESSAGE][PASSED] - Object: 'Object Repository/Create New User/Page_Local Moodle Log in to the site/button_Log in' is clicked on

2022-02-13 19:50:34 - [TEST_STEP][PASSED] - verifyElementText(findTestObject("Object Repository/Create New User/Page_Nh ca ti/span_Test 2 Nguyn"), "Test 2 Nguyễn"): Actual text and expected text of test object 'Object Repository/Create New User/Page_Nh ca ti/span_Test 2 Nguyn' are matched.

2022-02-13 19:50:36 - [MESSAGE][PASSED] - Actual text and expected text of test object 'Object Repository/Create New User/Page_Nh ca ti/span_Test 2 Nguyn' are matched.

2022-02-13 19:50:36 - [TEST_STEP][PASSED] - click(findTestObject("Object Repository/Create New User/Page_Nh ca ti/a_A2 Nguyn")): Object: 'Object Repository/Create New User/Page_Nh ca ti/a_A2 Nguyn' is clicked on

2022-02-13 19:50:36 - [MESSAGE][PASSED] - Object: 'Object Repository/Create New User/Page_Nh ca ti/a_A2 Nguyn' is clicked on

2022-02-13 19:50:36 - [TEST_STEP][PASSED] - click(findTestObject("Object Repository/Create New User/Page_Nh ca ti/span_Thot")): Object: 'Object Repository/Create New User/Page_Nh ca ti/span_Thot' is clicked on

2022-02-13 19:50:37 - [MESSAGE][PASSED] - Object: 'Object Repository/Create New User/Page_Nh ca ti/span_Thot' is clicked on

2022-02-13 19:50:37 - [TEST_STEP][PASSED] - click(findTestObject("Object Repository/Create New User/Page_Local Moodle/a_Log in")): Object: 'Object Repository/Create New User/Page_Local Moodle/a_Log in' is clicked on

2022-02-13 19:50:38 - [MESSAGE][PASSED] - Object: 'Object Repository/Create New User/Page_Local Moodle/a_Log in' is clicked on

2022-02-13 19:50:38 - [TEST_STEP][PASSED] - setText(findTestObject("Object Repository/Create New User/Page_Local Moodle Log in to the site/input_Username_username"), "admin"): Text 'admin' is set on object 'Object Repository/Create New User/Page_Local Moodle Log in to the site/input_Username_username'

2022-02-13 19:50:38 - [MESSAGE][PASSED] - Text 'admin' is set on object 'Object Repository/Create New User/Page_Local Moodle Log in to the site/input_Username_username'

2022-02-13 19:50:38 - [TEST_STEP][PASSED] - setEncryptedText(findTestObject("Object Repository/Create New User/Page_Local Moodle Log in to the site/input_Password_password"), "bfAykA/oWJ09FXmiKh6lyuuLu8QhG1K5"): Text ****** has been set on object 'Object Repository/Create New User/Page_Local Moodle Log in to the site/input_Password_password'

2022-02-13 19:50:39 - [MESSAGE][PASSED] - Text ****** has been set on object 'Object Repository/Create New User/Page_Local Moodle Log in to the site/input_Password_password'

2022-02-13 19:50:39 - [TEST_STEP][PASSED] - click(findTestObject("Object Repository/Create New User/Page_Local Moodle Log in to the site/button_Log in")): Object: 'Object Repository/Create New User/Page_Local Moodle Log in to the site/button_Log in' is clicked on

2022-02-13 19:50:41 - [MESSAGE][PASSED] - Object: 'Object Repository/Create New User/Page_Local Moodle Log in to the site/button_Log in' is clicked on

2022-02-13 19:50:41 - [TEST_STEP][PASSED] - click(findTestObject("Object Repository/Create New User/Page_Nh ca ti/span_Qun tr khu vc")): Object: 'Object Repository/Create New User/Page_Nh ca ti/span_Qun tr khu vc' is clicked on

2022-02-13 19:50:44 - [MESSAGE][PASSED] - Object: 'Object Repository/Create New User/Page_Nh ca ti/span_Qun tr khu vc' is clicked on

2022-02-13 19:50:44 - [TEST_STEP][PASSED] - click(findTestObject("Object Repository/Create New User/Page_Moodle Khu vc qun tr Tm kim/a_Thnh vin")): Object: 'Object Repository/Create New User/Page_Moodle Khu vc qun tr Tm kim/a_Thnh vin' is clicked on

2022-02-13 19:50:44 - [MESSAGE][PASSED] - Object: 'Object Repository/Create New User/Page_Moodle Khu vc qun tr Tm kim/a_Thnh vin' is clicked on

2022-02-13 19:50:44 - [TEST_STEP][PASSED] - click(findTestObject("Object Repository/Create New User/Page_Moodle Khu vc qun tr Tm kim/a_Hnh ng trn hng lot thnh vin")): Object: 'Object Repository/Create New User/Page_Moodle Khu vc qun tr Tm kim/a_Hnh ng trn hng lot thnh vin' is clicked on

2022-02-13 19:50:46 - [MESSAGE][PASSED] - Object: 'Object Repository/Create New User/Page_Moodle Khu vc qun tr Tm kim/a_Hnh ng trn hng lot thnh vin' is clicked on

2022-02-13 19:50:46 - [TEST_STEP][PASSED] - selectOptionByValue(findTestObject("Object Repository/Create New User/Page_Moodle Khu vc qun tr Thnh vin Ti khon _1ca8e5/select_c cha        khng cha        bng vi _49cfad"), "0", true): All options with value '0' are selected in object 'Object Repository/Create New User/Page_Moodle Khu vc qun tr Thnh vin Ti khon _1ca8e5/select_c cha        khng cha        bng vi _49cfad'  using regular expression

2022-02-13 19:50:47 - [MESSAGE][PASSED] - All options with value '0' are selected in object 'Object Repository/Create New User/Page_Moodle Khu vc qun tr Thnh vin Ti khon _1ca8e5/select_c cha        khng cha        bng vi _49cfad'  using regular expression

2022-02-13 19:50:47 - [TEST_STEP][PASSED] - setText(findTestObject("Object Repository/Create New User/Page_Moodle Khu vc qun tr Thnh vin Ti khon _1ca8e5/input_Tn y  value_realname"), "Test"): Text 'Test' is set on object 'Object Repository/Create New User/Page_Moodle Khu vc qun tr Thnh vin Ti khon _1ca8e5/input_Tn y  value_realname'

2022-02-13 19:50:48 - [MESSAGE][PASSED] - Text 'Test' is set on object 'Object Repository/Create New User/Page_Moodle Khu vc qun tr Thnh vin Ti khon _1ca8e5/input_Tn y  value_realname'

2022-02-13 19:50:48 - [TEST_STEP][PASSED] - click(findTestObject("Object Repository/Create New User/Page_Moodle Khu vc qun tr Thnh vin Ti khon _1ca8e5/input_a ch IP trc  value_addfilter")): Object: 'Object Repository/Create New User/Page_Moodle Khu vc qun tr Thnh vin Ti khon _1ca8e5/input_a ch IP trc  value_addfilter' is clicked on

2022-02-13 19:50:49 - [MESSAGE][PASSED] - Object: 'Object Repository/Create New User/Page_Moodle Khu vc qun tr Thnh vin Ti khon _1ca8e5/input_a ch IP trc  value_addfilter' is clicked on

2022-02-13 19:50:49 - [TEST_STEP][PASSED] - click(findTestObject("Object Repository/Create New User/Page_Moodle Khu vc qun tr Thnh vin Ti khon _1ca8e5/input_Danh sch thnh vin c chn_addall")): Object: 'Object Repository/Create New User/Page_Moodle Khu vc qun tr Thnh vin Ti khon _1ca8e5/input_Danh sch thnh vin c chn_addall' is clicked on

2022-02-13 19:50:50 - [MESSAGE][PASSED] - Object: 'Object Repository/Create New User/Page_Moodle Khu vc qun tr Thnh vin Ti khon _1ca8e5/input_Danh sch thnh vin c chn_addall' is clicked on

2022-02-13 19:50:50 - [TEST_STEP][PASSED] - selectOptionByValue(findTestObject("Object Repository/Create New User/Page_Moodle Khu vc qun tr Thnh vin Ti khon _1ca8e5/select_Chn.        Xc nhn        Gi tin nhn_4dafb0"), "delete", true): All options with value 'delete' are selected in object 'Object Repository/Create New User/Page_Moodle Khu vc qun tr Thnh vin Ti khon _1ca8e5/select_Chn.        Xc nhn        Gi tin nhn_4dafb0'  using regular expression

2022-02-13 19:50:52 - [MESSAGE][PASSED] - All options with value 'delete' are selected in object 'Object Repository/Create New User/Page_Moodle Khu vc qun tr Thnh vin Ti khon _1ca8e5/select_Chn.        Xc nhn        Gi tin nhn_4dafb0'  using regular expression

2022-02-13 19:50:52 - [TEST_STEP][PASSED] - click(findTestObject("Object Repository/Create New User/Page_Moodle Khu vc qun tr Thnh vin Ti khon _1ca8e5/input_Vi cc thnh vin c chn_doaction")): Object: 'Object Repository/Create New User/Page_Moodle Khu vc qun tr Thnh vin Ti khon _1ca8e5/input_Vi cc thnh vin c chn_doaction' is clicked on

2022-02-13 19:50:53 - [MESSAGE][PASSED] - Object: 'Object Repository/Create New User/Page_Moodle Khu vc qun tr Thnh vin Ti khon _1ca8e5/input_Vi cc thnh vin c chn_doaction' is clicked on

2022-02-13 19:50:53 - [TEST_STEP][PASSED] - click(findTestObject("Object Repository/Create New User/Page_Moodle Khu vc qun tr Thnh vin Ti khon _1ca8e5/button_C")): Object: 'Object Repository/Create New User/Page_Moodle Khu vc qun tr Thnh vin Ti khon _1ca8e5/button_C' is clicked on

2022-02-13 19:50:59 - [MESSAGE][INFO] - Unable to find the element located by 'By.xpath: //button[@id='single_button61dbffc756bbb20']'. Please recheck the objects properties to make sure the desired element is located. 

2022-02-13 19:50:59 - [MESSAGE][WARNING] - [SELF-HEALING] Failed to find element with id 'Object Repository/Create New User/Page_Moodle Khu vc qun tr Thnh vin Ti khon _1ca8e5/button_C'. Try using Self-healing.

2022-02-13 19:50:59 - [MESSAGE][WARNING] - [SELF-HEALING] The current locator of test object 'Object Repository/Create New User/Page_Moodle Khu vc qun tr Thnh vin Ti khon _1ca8e5/button_C' was broken. Propose an alternative one: '//div[@id='modal-footer']/div/div/form/button'.

2022-02-13 19:51:00 - [MESSAGE][PASSED] - Object: 'Object Repository/Create New User/Page_Moodle Khu vc qun tr Thnh vin Ti khon _1ca8e5/button_C' is clicked on

2022-02-13 19:51:00 - [TEST_STEP][PASSED] - closeBrowser(): Browser is closed

2022-02-13 19:51:01 - [MESSAGE][PASSED] - Browser is closed]]></system-out>
         <system-err><![CDATA[]]></system-err>
      </testcase>
      <testcase name="Test Cases/Create User by CSV/Create By CSV Success" time="59.22" classname="Test Cases/Create User by CSV/Create By CSV Success" status="PASSED">
         <system-out><![CDATA[2022-02-13 19:51:01 - [TEST_CASE][PASSED] - Test Cases/Create User by CSV/Create By CSV Success: Test Cases/Create User by CSV/Create By CSV Success

2022-02-13 19:51:01 - [TEST_STEP][PASSED] - callTestCase(findTestCase("Admin Site/Login with Admin"), [:], STOP_ON_FAILURE): Call Test Case 'Test Cases/Admin Site/Login with Admin' successfully

2022-02-13 19:51:01 - [TEST_CASE][PASSED] - Test Cases/Admin Site/Login with Admin: Test Cases/Admin Site/Login with Admin

2022-02-13 19:51:01 - [TEST_STEP][PASSED] - openBrowser(""): Browser is opened with url: ''

2022-02-13 19:51:01 - [MESSAGE][INFO] - Starting 'Edge Chromium' driver

2022-02-13 19:51:03 - [MESSAGE][INFO] - Action delay is set to 0 milliseconds

2022-02-13 19:51:04 - [MESSAGE][PASSED] - Browser is opened with url: ''

2022-02-13 19:51:04 - [TEST_STEP][PASSED] - navigateToUrl("http://localhost/"): Navigate to 'http://localhost/' successfully

2022-02-13 19:51:06 - [MESSAGE][PASSED] - Navigate to 'http://localhost/' successfully

2022-02-13 19:51:06 - [TEST_STEP][PASSED] - click(findTestObject("Object Repository/Admin Site/Page_Local Moodle/a_Log in")): Object: 'Object Repository/Admin Site/Page_Local Moodle/a_Log in' is clicked on

2022-02-13 19:51:06 - [MESSAGE][PASSED] - Object: 'Object Repository/Admin Site/Page_Local Moodle/a_Log in' is clicked on

2022-02-13 19:51:06 - [TEST_STEP][PASSED] - setText(findTestObject("Object Repository/Admin Site/Page_Local Moodle Log in to the site/input_Username_username"), "admin"): Text 'admin' is set on object 'Object Repository/Admin Site/Page_Local Moodle Log in to the site/input_Username_username'

2022-02-13 19:51:07 - [MESSAGE][PASSED] - Text 'admin' is set on object 'Object Repository/Admin Site/Page_Local Moodle Log in to the site/input_Username_username'

2022-02-13 19:51:07 - [TEST_STEP][PASSED] - setEncryptedText(findTestObject("Object Repository/Admin Site/Page_Local Moodle Log in to the site/input_Password_password"), "bfAykA/oWJ09FXmiKh6lyuuLu8QhG1K5"): Text ****** has been set on object 'Object Repository/Admin Site/Page_Local Moodle Log in to the site/input_Password_password'

2022-02-13 19:51:08 - [MESSAGE][PASSED] - Text ****** has been set on object 'Object Repository/Admin Site/Page_Local Moodle Log in to the site/input_Password_password'

2022-02-13 19:51:08 - [TEST_STEP][PASSED] - click(findTestObject("Object Repository/Admin Site/Page_Local Moodle Log in to the site/button_Log in")): Object: 'Object Repository/Admin Site/Page_Local Moodle Log in to the site/button_Log in' is clicked on

2022-02-13 19:51:09 - [MESSAGE][PASSED] - Object: 'Object Repository/Admin Site/Page_Local Moodle Log in to the site/button_Log in' is clicked on

2022-02-13 19:51:09 - [TEST_STEP][PASSED] - click(findTestObject("Object Repository/Admin Site/Page_Nh ca ti/span_Qun tr khu vc")): Object: 'Object Repository/Admin Site/Page_Nh ca ti/span_Qun tr khu vc' is clicked on

2022-02-13 19:51:11 - [MESSAGE][PASSED] - Object: 'Object Repository/Admin Site/Page_Nh ca ti/span_Qun tr khu vc' is clicked on

2022-02-13 19:51:11 - [TEST_STEP][PASSED] - verifyElementPresent(findTestObject("Object Repository/Admin Site/Page_Moodle Khu vc qun tr Tm kim/a_Qun tr khu vc"), 0): Object 'Object Repository/Admin Site/Page_Moodle Khu vc qun tr Tm kim/a_Qun tr khu vc' is present

2022-02-13 19:51:11 - [MESSAGE][WARNING] - Timeout '0' is invalid. Using default page load timeout: '5'

2022-02-13 19:51:12 - [MESSAGE][PASSED] - Object 'Object Repository/Admin Site/Page_Moodle Khu vc qun tr Tm kim/a_Qun tr khu vc' is present

2022-02-13 19:51:12 - [MESSAGE][PASSED] - Call Test Case 'Test Cases/Admin Site/Login with Admin' successfully

2022-02-13 19:51:12 - [TEST_STEP][PASSED] - click(findTestObject("Object Repository/Create User by CSV/Page_Moodle Khu vc qun tr Tm kim/span_Qun tr khu vc")): Object: 'Object Repository/Create User by CSV/Page_Moodle Khu vc qun tr Tm kim/span_Qun tr khu vc' is clicked on

2022-02-13 19:51:13 - [MESSAGE][PASSED] - Object: 'Object Repository/Create User by CSV/Page_Moodle Khu vc qun tr Tm kim/span_Qun tr khu vc' is clicked on

2022-02-13 19:51:13 - [TEST_STEP][PASSED] - navigateToUrl("http://localhost/admin/search.php"): Navigate to 'http://localhost/admin/search.php' successfully

2022-02-13 19:51:13 - [MESSAGE][PASSED] - Navigate to 'http://localhost/admin/search.php' successfully

2022-02-13 19:51:13 - [TEST_STEP][PASSED] - click(findTestObject("Object Repository/Create User by CSV/Page_Moodle Khu vc qun tr Tm kim/a_Thnh vin")): Object: 'Object Repository/Create User by CSV/Page_Moodle Khu vc qun tr Tm kim/a_Thnh vin' is clicked on

2022-02-13 19:51:14 - [MESSAGE][PASSED] - Object: 'Object Repository/Create User by CSV/Page_Moodle Khu vc qun tr Tm kim/a_Thnh vin' is clicked on

2022-02-13 19:51:14 - [TEST_STEP][PASSED] - click(findTestObject("Object Repository/Create User by CSV/Page_Moodle Khu vc qun tr Tm kim/a_Nhp danh sch thnh vin")): Object: 'Object Repository/Create User by CSV/Page_Moodle Khu vc qun tr Tm kim/a_Nhp danh sch thnh vin' is clicked on

2022-02-13 19:51:15 - [MESSAGE][PASSED] - Object: 'Object Repository/Create User by CSV/Page_Moodle Khu vc qun tr Tm kim/a_Nhp danh sch thnh vin' is clicked on

2022-02-13 19:51:15 - [TEST_STEP][PASSED] - click(findTestObject("Object Repository/Create New User/Page_Moodle Khu vc qun tr Thnh vin Ti khon _cb1c9d/input_Tp tin_userfilechoose")): Object: 'Object Repository/Create New User/Page_Moodle Khu vc qun tr Thnh vin Ti khon _cb1c9d/input_Tp tin_userfilechoose' is clicked on

2022-02-13 19:51:21 - [MESSAGE][INFO] - Unable to find the element located by 'By.xpath: '. Please recheck the objects properties to make sure the desired element is located. 

2022-02-13 19:51:21 - [MESSAGE][WARNING] - [SELF-HEALING] Failed to find element with id 'Object Repository/Create New User/Page_Moodle Khu vc qun tr Thnh vin Ti khon _cb1c9d/input_Tp tin_userfilechoose'. Try using Self-healing.

2022-02-13 19:51:21 - [MESSAGE][WARNING] - [SELF-HEALING] The current locator of test object 'Object Repository/Create New User/Page_Moodle Khu vc qun tr Thnh vin Ti khon _cb1c9d/input_Tp tin_userfilechoose' was broken. Propose an alternative one: '//fieldset/div[2]/div/input'.

2022-02-13 19:51:21 - [MESSAGE][PASSED] - Object: 'Object Repository/Create New User/Page_Moodle Khu vc qun tr Thnh vin Ti khon _cb1c9d/input_Tp tin_userfilechoose' is clicked on

2022-02-13 19:51:21 - [TEST_STEP][PASSED] - click(findTestObject("Object Repository/Create New User/Page_Moodle Khu vc qun tr Thnh vin Ti khon _cb1c9d/span_Tp tin ring t")): Object: 'Object Repository/Create New User/Page_Moodle Khu vc qun tr Thnh vin Ti khon _cb1c9d/span_Tp tin ring t' is clicked on

2022-02-13 19:51:28 - [MESSAGE][INFO] - Unable to find the element located by 'By.xpath: //span[@id='yui_3_17_2_1_1642066391828_601']'. Please recheck the objects properties to make sure the desired element is located. 

2022-02-13 19:51:28 - [MESSAGE][WARNING] - [SELF-HEALING] Failed to find element with id 'Object Repository/Create New User/Page_Moodle Khu vc qun tr Thnh vin Ti khon _cb1c9d/span_Tp tin ring t'. Try using Self-healing.

2022-02-13 19:51:28 - [MESSAGE][WARNING] - [SELF-HEALING] The current locator of test object 'Object Repository/Create New User/Page_Moodle Khu vc qun tr Thnh vin Ti khon _cb1c9d/span_Tp tin ring t' was broken. Propose an alternative one: '(.//*[normalize-space(text()) and normalize-space(.)='URL downloader'])[1]/following::span[1]'.

2022-02-13 19:51:28 - [MESSAGE][PASSED] - Object: 'Object Repository/Create New User/Page_Moodle Khu vc qun tr Thnh vin Ti khon _cb1c9d/span_Tp tin ring t' is clicked on

2022-02-13 19:51:28 - [TEST_STEP][PASSED] - click(findTestObject("Create New User/Page_Moodle Khu vc qun tr Thnh vin Ti khon Nhp danh sch thnh vin/div_Wikimedia_yui_3_17_2_1_1642067879076_656")): Object: 'Object Repository/Create New User/Page_Moodle Khu vc qun tr Thnh vin Ti khon Nhp danh sch thnh vin/div_Wikimedia_yui_3_17_2_1_1642067879076_656' is clicked on

2022-02-13 19:51:35 - [MESSAGE][INFO] - Unable to find the element located by 'By.xpath: //div[@id='yui_3_17_2_1_1642067879076_656']'. Please recheck the objects properties to make sure the desired element is located. 

2022-02-13 19:51:35 - [MESSAGE][WARNING] - [SELF-HEALING] Failed to find element with id 'Object Repository/Create New User/Page_Moodle Khu vc qun tr Thnh vin Ti khon Nhp danh sch thnh vin/div_Wikimedia_yui_3_17_2_1_1642067879076_656'. Try using Self-healing.

2022-02-13 19:51:35 - [MESSAGE][WARNING] - [SELF-HEALING] The current locator of test object 'Object Repository/Create New User/Page_Moodle Khu vc qun tr Thnh vin Ti khon Nhp danh sch thnh vin/div_Wikimedia_yui_3_17_2_1_1642067879076_656' was broken. Propose an alternative one: '//a/div/div[3]'.

2022-02-13 19:51:35 - [MESSAGE][PASSED] - Object: 'Object Repository/Create New User/Page_Moodle Khu vc qun tr Thnh vin Ti khon Nhp danh sch thnh vin/div_Wikimedia_yui_3_17_2_1_1642067879076_656' is clicked on

2022-02-13 19:51:35 - [TEST_STEP][PASSED] - click(findTestObject("Object Repository/Create New User/Page_Moodle Khu vc qun tr Thnh vin Ti khon _cb1c9d/button_Chn tp ny")): Object: 'Object Repository/Create New User/Page_Moodle Khu vc qun tr Thnh vin Ti khon _cb1c9d/button_Chn tp ny' is clicked on

2022-02-13 19:51:41 - [MESSAGE][INFO] - Unable to find the element located by 'By.xpath: //button[@id='yui_3_17_2_1_1642066391828_732']'. Please recheck the objects properties to make sure the desired element is located. 

2022-02-13 19:51:41 - [MESSAGE][WARNING] - [SELF-HEALING] Failed to find element with id 'Object Repository/Create New User/Page_Moodle Khu vc qun tr Thnh vin Ti khon _cb1c9d/button_Chn tp ny'. Try using Self-healing.

2022-02-13 19:51:42 - [MESSAGE][WARNING] - [SELF-HEALING] The current locator of test object 'Object Repository/Create New User/Page_Moodle Khu vc qun tr Thnh vin Ti khon _cb1c9d/button_Chn tp ny' was broken. Propose an alternative one: '(.//*[normalize-space(text()) and normalize-space(.)='Chọn giấy phép'])[1]/following::button[1]'.

2022-02-13 19:51:42 - [MESSAGE][PASSED] - Object: 'Object Repository/Create New User/Page_Moodle Khu vc qun tr Thnh vin Ti khon _cb1c9d/button_Chn tp ny' is clicked on

2022-02-13 19:51:42 - [TEST_STEP][PASSED] - selectOptionByValue(findTestObject("Object Repository/Create User by CSV/Page_Moodle Khu vc qun tr Thnh vin Ti khon _cb1c9d/select_,                                    t"), "comma", true): All options with value 'comma' are selected in object 'Object Repository/Create User by CSV/Page_Moodle Khu vc qun tr Thnh vin Ti khon _cb1c9d/select_,                                    t'  using regular expression

2022-02-13 19:51:43 - [MESSAGE][PASSED] - All options with value 'comma' are selected in object 'Object Repository/Create User by CSV/Page_Moodle Khu vc qun tr Thnh vin Ti khon _cb1c9d/select_,                                    t'  using regular expression

2022-02-13 19:51:43 - [TEST_STEP][PASSED] - click(findTestObject("Object Repository/Create User by CSV/Page_Moodle Khu vc qun tr Thnh vin Ti khon _cb1c9d/input_Xem trc cc dng_submitbutton")): Object: 'Object Repository/Create User by CSV/Page_Moodle Khu vc qun tr Thnh vin Ti khon _cb1c9d/input_Xem trc cc dng_submitbutton' is clicked on

2022-02-13 19:51:45 - [MESSAGE][PASSED] - Object: 'Object Repository/Create User by CSV/Page_Moodle Khu vc qun tr Thnh vin Ti khon _cb1c9d/input_Xem trc cc dng_submitbutton' is clicked on

2022-02-13 19:51:45 - [TEST_STEP][PASSED] - click(findTestObject("Object Repository/Create User by CSV/Page_Moodle Khu vc qun tr Thnh vin Ti khon _cb1c9d/input_Xem trc cc dng_submitbutton")): Object: 'Object Repository/Create User by CSV/Page_Moodle Khu vc qun tr Thnh vin Ti khon _cb1c9d/input_Xem trc cc dng_submitbutton' is clicked on

2022-02-13 19:51:46 - [MESSAGE][PASSED] - Object: 'Object Repository/Create User by CSV/Page_Moodle Khu vc qun tr Thnh vin Ti khon _cb1c9d/input_Xem trc cc dng_submitbutton' is clicked on

2022-02-13 19:51:46 - [TEST_STEP][PASSED] - click(findTestObject("Object Repository/Create User by CSV/Page_Moodle Khu vc qun tr Thnh vin Ti khon _cb1c9d/button_Tip tc")): Object: 'Object Repository/Create User by CSV/Page_Moodle Khu vc qun tr Thnh vin Ti khon _cb1c9d/button_Tip tc' is clicked on

2022-02-13 19:51:52 - [MESSAGE][INFO] - Unable to find the element located by 'By.xpath: //button[@id='single_button61dc075c376d320']'. Please recheck the objects properties to make sure the desired element is located. 

2022-02-13 19:51:52 - [MESSAGE][WARNING] - [SELF-HEALING] Failed to find element with id 'Object Repository/Create User by CSV/Page_Moodle Khu vc qun tr Thnh vin Ti khon _cb1c9d/button_Tip tc'. Try using Self-healing.

2022-02-13 19:51:53 - [MESSAGE][WARNING] - [SELF-HEALING] The current locator of test object 'Object Repository/Create User by CSV/Page_Moodle Khu vc qun tr Thnh vin Ti khon _cb1c9d/button_Tip tc' was broken. Propose an alternative one: '//section[@id='region-main']/div/div[2]/form/button'.

2022-02-13 19:51:53 - [MESSAGE][PASSED] - Object: 'Object Repository/Create User by CSV/Page_Moodle Khu vc qun tr Thnh vin Ti khon _cb1c9d/button_Tip tc' is clicked on

2022-02-13 19:51:53 - [TEST_STEP][PASSED] - click(findTestObject("Object Repository/Create User by CSV/Page_Moodle Khu vc qun tr Thnh vin Ti khon _cb1c9d/a_Qun tr Thnh vin")): Object: 'Object Repository/Create User by CSV/Page_Moodle Khu vc qun tr Thnh vin Ti khon _cb1c9d/a_Qun tr Thnh vin' is clicked on

2022-02-13 19:51:54 - [MESSAGE][PASSED] - Object: 'Object Repository/Create User by CSV/Page_Moodle Khu vc qun tr Thnh vin Ti khon _cb1c9d/a_Qun tr Thnh vin' is clicked on

2022-02-13 19:51:54 - [TEST_STEP][PASSED] - click(findTestObject("Object Repository/Create User by CSV/Page_Moodle Khu vc qun tr Thnh vin Ti khon _cb1c9d/span_Thot")): Object: 'Object Repository/Create User by CSV/Page_Moodle Khu vc qun tr Thnh vin Ti khon _cb1c9d/span_Thot' is clicked on

2022-02-13 19:51:55 - [MESSAGE][PASSED] - Object: 'Object Repository/Create User by CSV/Page_Moodle Khu vc qun tr Thnh vin Ti khon _cb1c9d/span_Thot' is clicked on

2022-02-13 19:51:55 - [TEST_STEP][PASSED] - click(findTestObject("Object Repository/Create User by CSV/Page_Local Moodle/a_Log in")): Object: 'Object Repository/Create User by CSV/Page_Local Moodle/a_Log in' is clicked on

2022-02-13 19:51:56 - [MESSAGE][PASSED] - Object: 'Object Repository/Create User by CSV/Page_Local Moodle/a_Log in' is clicked on

2022-02-13 19:51:56 - [TEST_STEP][PASSED] - setText(findTestObject("Object Repository/Create User by CSV/Page_Local Moodle Log in to the site/input_Username_username"), "student2"): Text 'student2' is set on object 'Object Repository/Create User by CSV/Page_Local Moodle Log in to the site/input_Username_username'

2022-02-13 19:51:57 - [MESSAGE][PASSED] - Text 'student2' is set on object 'Object Repository/Create User by CSV/Page_Local Moodle Log in to the site/input_Username_username'

2022-02-13 19:51:57 - [TEST_STEP][PASSED] - setEncryptedText(findTestObject("Object Repository/Create User by CSV/Page_Local Moodle Log in to the site/input_Password_password"), "tzH6RvlfSTg="): Text ****** has been set on object 'Object Repository/Create User by CSV/Page_Local Moodle Log in to the site/input_Password_password'

2022-02-13 19:51:57 - [MESSAGE][PASSED] - Text ****** has been set on object 'Object Repository/Create User by CSV/Page_Local Moodle Log in to the site/input_Password_password'

2022-02-13 19:51:57 - [TEST_STEP][PASSED] - click(findTestObject("Object Repository/Create User by CSV/Page_Local Moodle Log in to the site/button_Log in")): Object: 'Object Repository/Create User by CSV/Page_Local Moodle Log in to the site/button_Log in' is clicked on

2022-02-13 19:51:58 - [MESSAGE][PASSED] - Object: 'Object Repository/Create User by CSV/Page_Local Moodle Log in to the site/button_Log in' is clicked on

2022-02-13 19:51:58 - [TEST_STEP][PASSED] - verifyElementText(findTestObject("Object Repository/Create User by CSV/Page_i mt khu/h1_Student Two"), "Student Two"): Actual text and expected text of test object 'Object Repository/Create User by CSV/Page_i mt khu/h1_Student Two' are matched.

2022-02-13 19:51:59 - [MESSAGE][PASSED] - Actual text and expected text of test object 'Object Repository/Create User by CSV/Page_i mt khu/h1_Student Two' are matched.

2022-02-13 19:51:59 - [TEST_STEP][PASSED] - closeBrowser(): Browser is closed

2022-02-13 19:52:00 - [MESSAGE][PASSED] - Browser is closed]]></system-out>
         <system-err><![CDATA[]]></system-err>
      </testcase>
      <testcase name="Test Cases/Create User by CSV/Create by CSV warning" time="52.369" classname="Test Cases/Create User by CSV/Create by CSV warning" status="PASSED">
         <system-out><![CDATA[2022-02-13 19:52:00 - [TEST_CASE][PASSED] - Test Cases/Create User by CSV/Create by CSV warning: Test Cases/Create User by CSV/Create by CSV warning

2022-02-13 19:52:00 - [TEST_STEP][PASSED] - callTestCase(findTestCase("Admin Site/Login with Admin"), [:], STOP_ON_FAILURE): Call Test Case 'Test Cases/Admin Site/Login with Admin' successfully

2022-02-13 19:52:00 - [TEST_CASE][PASSED] - Test Cases/Admin Site/Login with Admin: Test Cases/Admin Site/Login with Admin

2022-02-13 19:52:00 - [TEST_STEP][PASSED] - openBrowser(""): Browser is opened with url: ''

2022-02-13 19:52:00 - [MESSAGE][INFO] - Starting 'Edge Chromium' driver

2022-02-13 19:52:02 - [MESSAGE][INFO] - Action delay is set to 0 milliseconds

2022-02-13 19:52:03 - [MESSAGE][PASSED] - Browser is opened with url: ''

2022-02-13 19:52:03 - [TEST_STEP][PASSED] - navigateToUrl("http://localhost/"): Navigate to 'http://localhost/' successfully

2022-02-13 19:52:04 - [MESSAGE][PASSED] - Navigate to 'http://localhost/' successfully

2022-02-13 19:52:04 - [TEST_STEP][PASSED] - click(findTestObject("Object Repository/Admin Site/Page_Local Moodle/a_Log in")): Object: 'Object Repository/Admin Site/Page_Local Moodle/a_Log in' is clicked on

2022-02-13 19:52:05 - [MESSAGE][PASSED] - Object: 'Object Repository/Admin Site/Page_Local Moodle/a_Log in' is clicked on

2022-02-13 19:52:05 - [TEST_STEP][PASSED] - setText(findTestObject("Object Repository/Admin Site/Page_Local Moodle Log in to the site/input_Username_username"), "admin"): Text 'admin' is set on object 'Object Repository/Admin Site/Page_Local Moodle Log in to the site/input_Username_username'

2022-02-13 19:52:06 - [MESSAGE][PASSED] - Text 'admin' is set on object 'Object Repository/Admin Site/Page_Local Moodle Log in to the site/input_Username_username'

2022-02-13 19:52:06 - [TEST_STEP][PASSED] - setEncryptedText(findTestObject("Object Repository/Admin Site/Page_Local Moodle Log in to the site/input_Password_password"), "bfAykA/oWJ09FXmiKh6lyuuLu8QhG1K5"): Text ****** has been set on object 'Object Repository/Admin Site/Page_Local Moodle Log in to the site/input_Password_password'

2022-02-13 19:52:06 - [MESSAGE][PASSED] - Text ****** has been set on object 'Object Repository/Admin Site/Page_Local Moodle Log in to the site/input_Password_password'

2022-02-13 19:52:06 - [TEST_STEP][PASSED] - click(findTestObject("Object Repository/Admin Site/Page_Local Moodle Log in to the site/button_Log in")): Object: 'Object Repository/Admin Site/Page_Local Moodle Log in to the site/button_Log in' is clicked on

2022-02-13 19:52:08 - [MESSAGE][PASSED] - Object: 'Object Repository/Admin Site/Page_Local Moodle Log in to the site/button_Log in' is clicked on

2022-02-13 19:52:08 - [TEST_STEP][PASSED] - click(findTestObject("Object Repository/Admin Site/Page_Nh ca ti/span_Qun tr khu vc")): Object: 'Object Repository/Admin Site/Page_Nh ca ti/span_Qun tr khu vc' is clicked on

2022-02-13 19:52:10 - [MESSAGE][PASSED] - Object: 'Object Repository/Admin Site/Page_Nh ca ti/span_Qun tr khu vc' is clicked on

2022-02-13 19:52:10 - [TEST_STEP][PASSED] - verifyElementPresent(findTestObject("Object Repository/Admin Site/Page_Moodle Khu vc qun tr Tm kim/a_Qun tr khu vc"), 0): Object 'Object Repository/Admin Site/Page_Moodle Khu vc qun tr Tm kim/a_Qun tr khu vc' is present

2022-02-13 19:52:10 - [MESSAGE][WARNING] - Timeout '0' is invalid. Using default page load timeout: '5'

2022-02-13 19:52:11 - [MESSAGE][PASSED] - Object 'Object Repository/Admin Site/Page_Moodle Khu vc qun tr Tm kim/a_Qun tr khu vc' is present

2022-02-13 19:52:11 - [MESSAGE][PASSED] - Call Test Case 'Test Cases/Admin Site/Login with Admin' successfully

2022-02-13 19:52:11 - [TEST_STEP][PASSED] - click(findTestObject("Object Repository/Create User by CSV/Page_Moodle Khu vc qun tr Tm kim/span_Qun tr khu vc")): Object: 'Object Repository/Create User by CSV/Page_Moodle Khu vc qun tr Tm kim/span_Qun tr khu vc' is clicked on

2022-02-13 19:52:11 - [MESSAGE][PASSED] - Object: 'Object Repository/Create User by CSV/Page_Moodle Khu vc qun tr Tm kim/span_Qun tr khu vc' is clicked on

2022-02-13 19:52:11 - [TEST_STEP][PASSED] - navigateToUrl("http://localhost/admin/search.php"): Navigate to 'http://localhost/admin/search.php' successfully

2022-02-13 19:52:12 - [MESSAGE][PASSED] - Navigate to 'http://localhost/admin/search.php' successfully

2022-02-13 19:52:12 - [TEST_STEP][PASSED] - click(findTestObject("Object Repository/Create User by CSV/Page_Moodle Khu vc qun tr Tm kim/a_Thnh vin")): Object: 'Object Repository/Create User by CSV/Page_Moodle Khu vc qun tr Tm kim/a_Thnh vin' is clicked on

2022-02-13 19:52:12 - [MESSAGE][PASSED] - Object: 'Object Repository/Create User by CSV/Page_Moodle Khu vc qun tr Tm kim/a_Thnh vin' is clicked on

2022-02-13 19:52:12 - [TEST_STEP][PASSED] - click(findTestObject("Object Repository/Create User by CSV/Page_Moodle Khu vc qun tr Tm kim/a_Nhp danh sch thnh vin")): Object: 'Object Repository/Create User by CSV/Page_Moodle Khu vc qun tr Tm kim/a_Nhp danh sch thnh vin' is clicked on

2022-02-13 19:52:13 - [MESSAGE][PASSED] - Object: 'Object Repository/Create User by CSV/Page_Moodle Khu vc qun tr Tm kim/a_Nhp danh sch thnh vin' is clicked on

2022-02-13 19:52:13 - [TEST_STEP][PASSED] - click(findTestObject("Object Repository/Create New User/Page_Moodle Khu vc qun tr Thnh vin Ti khon _cb1c9d/input_Tp tin_userfilechoose")): Object: 'Object Repository/Create New User/Page_Moodle Khu vc qun tr Thnh vin Ti khon _cb1c9d/input_Tp tin_userfilechoose' is clicked on

2022-02-13 19:52:20 - [MESSAGE][INFO] - Unable to find the element located by 'By.xpath: '. Please recheck the objects properties to make sure the desired element is located. 

2022-02-13 19:52:20 - [MESSAGE][WARNING] - [SELF-HEALING] Failed to find element with id 'Object Repository/Create New User/Page_Moodle Khu vc qun tr Thnh vin Ti khon _cb1c9d/input_Tp tin_userfilechoose'. Try using Self-healing.

2022-02-13 19:52:20 - [MESSAGE][WARNING] - [SELF-HEALING] The current locator of test object 'Object Repository/Create New User/Page_Moodle Khu vc qun tr Thnh vin Ti khon _cb1c9d/input_Tp tin_userfilechoose' was broken. Propose an alternative one: '//fieldset/div[2]/div/input'.

2022-02-13 19:52:20 - [MESSAGE][PASSED] - Object: 'Object Repository/Create New User/Page_Moodle Khu vc qun tr Thnh vin Ti khon _cb1c9d/input_Tp tin_userfilechoose' is clicked on

2022-02-13 19:52:20 - [TEST_STEP][PASSED] - click(findTestObject("Object Repository/Create New User/Page_Moodle Khu vc qun tr Thnh vin Ti khon _cb1c9d/span_Tp tin ring t")): Object: 'Object Repository/Create New User/Page_Moodle Khu vc qun tr Thnh vin Ti khon _cb1c9d/span_Tp tin ring t' is clicked on

2022-02-13 19:52:26 - [MESSAGE][INFO] - Unable to find the element located by 'By.xpath: //span[@id='yui_3_17_2_1_1642066391828_601']'. Please recheck the objects properties to make sure the desired element is located. 

2022-02-13 19:52:26 - [MESSAGE][WARNING] - [SELF-HEALING] Failed to find element with id 'Object Repository/Create New User/Page_Moodle Khu vc qun tr Thnh vin Ti khon _cb1c9d/span_Tp tin ring t'. Try using Self-healing.

2022-02-13 19:52:27 - [MESSAGE][WARNING] - [SELF-HEALING] The current locator of test object 'Object Repository/Create New User/Page_Moodle Khu vc qun tr Thnh vin Ti khon _cb1c9d/span_Tp tin ring t' was broken. Propose an alternative one: '(.//*[normalize-space(text()) and normalize-space(.)='URL downloader'])[1]/following::span[1]'.

2022-02-13 19:52:27 - [MESSAGE][PASSED] - Object: 'Object Repository/Create New User/Page_Moodle Khu vc qun tr Thnh vin Ti khon _cb1c9d/span_Tp tin ring t' is clicked on

2022-02-13 19:52:27 - [TEST_STEP][PASSED] - click(findTestObject("Create New User/Page_Moodle Khu vc qun tr Thnh vin Ti khon Nhp danh sch thnh vin/div_Wikimedia_yui_3_17_2_1_1642067879076_664")): Object: 'Object Repository/Create New User/Page_Moodle Khu vc qun tr Thnh vin Ti khon Nhp danh sch thnh vin/div_Wikimedia_yui_3_17_2_1_1642067879076_664' is clicked on

2022-02-13 19:52:33 - [MESSAGE][INFO] - Unable to find the element located by 'By.xpath: //div[@id='yui_3_17_2_1_1642067879076_664']'. Please recheck the objects properties to make sure the desired element is located. 

2022-02-13 19:52:33 - [MESSAGE][WARNING] - [SELF-HEALING] Failed to find element with id 'Object Repository/Create New User/Page_Moodle Khu vc qun tr Thnh vin Ti khon Nhp danh sch thnh vin/div_Wikimedia_yui_3_17_2_1_1642067879076_664'. Try using Self-healing.

2022-02-13 19:52:33 - [MESSAGE][WARNING] - [SELF-HEALING] The current locator of test object 'Object Repository/Create New User/Page_Moodle Khu vc qun tr Thnh vin Ti khon Nhp danh sch thnh vin/div_Wikimedia_yui_3_17_2_1_1642067879076_664' was broken. Propose an alternative one: '//a[2]/div/div[3]'.

2022-02-13 19:52:33 - [MESSAGE][PASSED] - Object: 'Object Repository/Create New User/Page_Moodle Khu vc qun tr Thnh vin Ti khon Nhp danh sch thnh vin/div_Wikimedia_yui_3_17_2_1_1642067879076_664' is clicked on

2022-02-13 19:52:33 - [TEST_STEP][PASSED] - click(findTestObject("Object Repository/Create New User/Page_Moodle Khu vc qun tr Thnh vin Ti khon _cb1c9d/button_Chn tp ny")): Object: 'Object Repository/Create New User/Page_Moodle Khu vc qun tr Thnh vin Ti khon _cb1c9d/button_Chn tp ny' is clicked on

2022-02-13 19:52:40 - [MESSAGE][INFO] - Unable to find the element located by 'By.xpath: //button[@id='yui_3_17_2_1_1642066391828_732']'. Please recheck the objects properties to make sure the desired element is located. 

2022-02-13 19:52:40 - [MESSAGE][WARNING] - [SELF-HEALING] Failed to find element with id 'Object Repository/Create New User/Page_Moodle Khu vc qun tr Thnh vin Ti khon _cb1c9d/button_Chn tp ny'. Try using Self-healing.

2022-02-13 19:52:40 - [MESSAGE][WARNING] - [SELF-HEALING] The current locator of test object 'Object Repository/Create New User/Page_Moodle Khu vc qun tr Thnh vin Ti khon _cb1c9d/button_Chn tp ny' was broken. Propose an alternative one: '(.//*[normalize-space(text()) and normalize-space(.)='Chọn giấy phép'])[1]/following::button[1]'.

2022-02-13 19:52:40 - [MESSAGE][PASSED] - Object: 'Object Repository/Create New User/Page_Moodle Khu vc qun tr Thnh vin Ti khon _cb1c9d/button_Chn tp ny' is clicked on

2022-02-13 19:52:40 - [TEST_STEP][PASSED] - selectOptionByValue(findTestObject("Object Repository/Create User by CSV/Page_Moodle Khu vc qun tr Thnh vin Ti khon _cb1c9d/select_,                                    t"), "comma", true): All options with value 'comma' are selected in object 'Object Repository/Create User by CSV/Page_Moodle Khu vc qun tr Thnh vin Ti khon _cb1c9d/select_,                                    t'  using regular expression

2022-02-13 19:52:41 - [MESSAGE][PASSED] - All options with value 'comma' are selected in object 'Object Repository/Create User by CSV/Page_Moodle Khu vc qun tr Thnh vin Ti khon _cb1c9d/select_,                                    t'  using regular expression

2022-02-13 19:52:41 - [TEST_STEP][PASSED] - click(findTestObject("Object Repository/Create User by CSV/Page_Moodle Khu vc qun tr Thnh vin Ti khon _cb1c9d/input_Xem trc cc dng_submitbutton")): Object: 'Object Repository/Create User by CSV/Page_Moodle Khu vc qun tr Thnh vin Ti khon _cb1c9d/input_Xem trc cc dng_submitbutton' is clicked on

2022-02-13 19:52:43 - [MESSAGE][PASSED] - Object: 'Object Repository/Create User by CSV/Page_Moodle Khu vc qun tr Thnh vin Ti khon _cb1c9d/input_Xem trc cc dng_submitbutton' is clicked on

2022-02-13 19:52:43 - [TEST_STEP][PASSED] - selectOptionByValue(findTestObject("Object Repository/Create User by CSV/Page_Moodle Khu vc qun tr Thnh vin Ti khon _cb1c9d/select_Add new only, skip existing users   _620e8d"), "2", true): All options with value '2' are selected in object 'Object Repository/Create User by CSV/Page_Moodle Khu vc qun tr Thnh vin Ti khon _cb1c9d/select_Add new only, skip existing users   _620e8d'  using regular expression

2022-02-13 19:52:44 - [MESSAGE][PASSED] - All options with value '2' are selected in object 'Object Repository/Create User by CSV/Page_Moodle Khu vc qun tr Thnh vin Ti khon _cb1c9d/select_Add new only, skip existing users   _620e8d'  using regular expression

2022-02-13 19:52:44 - [TEST_STEP][PASSED] - selectOptionByValue(findTestObject("Object Repository/Create User by CSV/Page_Moodle Khu vc qun tr Thnh vin Ti khon _cb1c9d/select_Khng c thay i            Override wi_69ddaa"), "1", true): All options with value '1' are selected in object 'Object Repository/Create User by CSV/Page_Moodle Khu vc qun tr Thnh vin Ti khon _cb1c9d/select_Khng c thay i            Override wi_69ddaa'  using regular expression

2022-02-13 19:52:45 - [MESSAGE][PASSED] - All options with value '1' are selected in object 'Object Repository/Create User by CSV/Page_Moodle Khu vc qun tr Thnh vin Ti khon _cb1c9d/select_Khng c thay i            Override wi_69ddaa'  using regular expression

2022-02-13 19:52:45 - [TEST_STEP][PASSED] - click(findTestObject("Object Repository/Create User by CSV/Page_Moodle Khu vc qun tr Thnh vin Ti khon _cb1c9d/input_Xem trc cc dng_submitbutton")): Object: 'Object Repository/Create User by CSV/Page_Moodle Khu vc qun tr Thnh vin Ti khon _cb1c9d/input_Xem trc cc dng_submitbutton' is clicked on

2022-02-13 19:52:47 - [MESSAGE][PASSED] - Object: 'Object Repository/Create User by CSV/Page_Moodle Khu vc qun tr Thnh vin Ti khon _cb1c9d/input_Xem trc cc dng_submitbutton' is clicked on

2022-02-13 19:52:47 - [TEST_STEP][PASSED] - verifyElementText(findTestObject("Object Repository/Create User by CSV/Page_Moodle Khu vc qun tr Thnh vin Ti khon _cb1c9d/span_a ch th in t khng hp l"), "Địa chỉ thư điện tử không hợp lệ"): Actual text and expected text of test object 'Object Repository/Create User by CSV/Page_Moodle Khu vc qun tr Thnh vin Ti khon _cb1c9d/span_a ch th in t khng hp l' are matched.

2022-02-13 19:52:47 - [MESSAGE][PASSED] - Actual text and expected text of test object 'Object Repository/Create User by CSV/Page_Moodle Khu vc qun tr Thnh vin Ti khon _cb1c9d/span_a ch th in t khng hp l' are matched.

2022-02-13 19:52:47 - [TEST_STEP][PASSED] - verifyElementText(findTestObject("Object Repository/Create User by CSV/Page_Moodle Khu vc qun tr Thnh vin Ti khon _cb1c9d/span_One--Replace"), "One-->Replace"): Actual text and expected text of test object 'Object Repository/Create User by CSV/Page_Moodle Khu vc qun tr Thnh vin Ti khon _cb1c9d/span_One--Replace' are matched.

2022-02-13 19:52:47 - [MESSAGE][PASSED] - Actual text and expected text of test object 'Object Repository/Create User by CSV/Page_Moodle Khu vc qun tr Thnh vin Ti khon _cb1c9d/span_One--Replace' are matched.

2022-02-13 19:52:47 - [TEST_STEP][PASSED] - click(findTestObject("Object Repository/Create User by CSV/Page_Moodle Khu vc qun tr Thnh vin Ti khon _cb1c9d/a_Qun tr Thnh vin")): Object: 'Object Repository/Create User by CSV/Page_Moodle Khu vc qun tr Thnh vin Ti khon _cb1c9d/a_Qun tr Thnh vin' is clicked on

2022-02-13 19:52:48 - [MESSAGE][PASSED] - Object: 'Object Repository/Create User by CSV/Page_Moodle Khu vc qun tr Thnh vin Ti khon _cb1c9d/a_Qun tr Thnh vin' is clicked on

2022-02-13 19:52:48 - [TEST_STEP][PASSED] - click(findTestObject("Object Repository/Create User by CSV/Page_Moodle Khu vc qun tr Thnh vin Ti khon _cb1c9d/span_Thot")): Object: 'Object Repository/Create User by CSV/Page_Moodle Khu vc qun tr Thnh vin Ti khon _cb1c9d/span_Thot' is clicked on

2022-02-13 19:52:49 - [MESSAGE][PASSED] - Object: 'Object Repository/Create User by CSV/Page_Moodle Khu vc qun tr Thnh vin Ti khon _cb1c9d/span_Thot' is clicked on

2022-02-13 19:52:49 - [TEST_STEP][PASSED] - click(findTestObject("Object Repository/Create User by CSV/Page_Local Moodle/a_Log in")): Object: 'Object Repository/Create User by CSV/Page_Local Moodle/a_Log in' is clicked on

2022-02-13 19:52:49 - [MESSAGE][PASSED] - Object: 'Object Repository/Create User by CSV/Page_Local Moodle/a_Log in' is clicked on

2022-02-13 19:52:49 - [TEST_STEP][PASSED] - setText(findTestObject("Object Repository/Create User by CSV/Page_Local Moodle Log in to the site/input_Username_username"), "123"): Text '123' is set on object 'Object Repository/Create User by CSV/Page_Local Moodle Log in to the site/input_Username_username'

2022-02-13 19:52:50 - [MESSAGE][PASSED] - Text '123' is set on object 'Object Repository/Create User by CSV/Page_Local Moodle Log in to the site/input_Username_username'

2022-02-13 19:52:50 - [TEST_STEP][PASSED] - setEncryptedText(findTestObject("Object Repository/Create User by CSV/Page_Local Moodle Log in to the site/input_Password_password"), "RigbBhfdqODKcAsiUrg+1Q=="): Text ****** has been set on object 'Object Repository/Create User by CSV/Page_Local Moodle Log in to the site/input_Password_password'

2022-02-13 19:52:50 - [MESSAGE][PASSED] - Text ****** has been set on object 'Object Repository/Create User by CSV/Page_Local Moodle Log in to the site/input_Password_password'

2022-02-13 19:52:50 - [TEST_STEP][PASSED] - click(findTestObject("Object Repository/Create User by CSV/Page_Local Moodle Log in to the site/button_Log in")): Object: 'Object Repository/Create User by CSV/Page_Local Moodle Log in to the site/button_Log in' is clicked on

2022-02-13 19:52:51 - [MESSAGE][PASSED] - Object: 'Object Repository/Create User by CSV/Page_Local Moodle Log in to the site/button_Log in' is clicked on

2022-02-13 19:52:51 - [TEST_STEP][PASSED] - verifyElementPresent(findTestObject("Object Repository/Create User by CSV/Page_Local Moodle Log in to the site/div_Invalid login, please try again"), 0): Object 'Object Repository/Create User by CSV/Page_Local Moodle Log in to the site/div_Invalid login, please try again' is present

2022-02-13 19:52:51 - [MESSAGE][WARNING] - Timeout '0' is invalid. Using default page load timeout: '5'

2022-02-13 19:52:51 - [MESSAGE][PASSED] - Object 'Object Repository/Create User by CSV/Page_Local Moodle Log in to the site/div_Invalid login, please try again' is present

2022-02-13 19:52:51 - [TEST_STEP][PASSED] - closeBrowser(): Browser is closed

2022-02-13 19:52:52 - [MESSAGE][PASSED] - Browser is closed]]></system-out>
         <system-err><![CDATA[]]></system-err>
      </testcase>
      <testcase name="Test Cases/Teacher and Grade/Grade for student" time="111.016" classname="Test Cases/Teacher and Grade/Grade for student" status="PASSED">
         <system-out><![CDATA[2022-02-13 19:52:52 - [TEST_CASE][PASSED] - Test Cases/Teacher and Grade/Grade for student: Test Cases/Teacher and Grade/Grade for student

2022-02-13 19:52:52 - [TEST_STEP][PASSED] - openBrowser(""): Browser is opened with url: ''

2022-02-13 19:52:52 - [MESSAGE][INFO] - Starting 'Edge Chromium' driver

2022-02-13 19:52:55 - [MESSAGE][INFO] - Action delay is set to 0 milliseconds

2022-02-13 19:52:55 - [MESSAGE][PASSED] - Browser is opened with url: ''

2022-02-13 19:52:55 - [TEST_STEP][PASSED] - navigateToUrl("http://localhost/"): Navigate to 'http://localhost/' successfully

2022-02-13 19:52:56 - [MESSAGE][PASSED] - Navigate to 'http://localhost/' successfully

2022-02-13 19:52:56 - [TEST_STEP][PASSED] - click(findTestObject("Object Repository/Teacher and Grade/Page_Local Moodle/a_Log in")): Object: 'Object Repository/Teacher and Grade/Page_Local Moodle/a_Log in' is clicked on

2022-02-13 19:52:57 - [MESSAGE][PASSED] - Object: 'Object Repository/Teacher and Grade/Page_Local Moodle/a_Log in' is clicked on

2022-02-13 19:52:57 - [TEST_STEP][PASSED] - setText(findTestObject("Object Repository/Teacher and Grade/Page_Local Moodle Log in to the site/input_Username_username"), "lcbinh"): Text 'lcbinh' is set on object 'Object Repository/Teacher and Grade/Page_Local Moodle Log in to the site/input_Username_username'

2022-02-13 19:52:58 - [MESSAGE][PASSED] - Text 'lcbinh' is set on object 'Object Repository/Teacher and Grade/Page_Local Moodle Log in to the site/input_Username_username'

2022-02-13 19:52:58 - [TEST_STEP][PASSED] - setEncryptedText(findTestObject("Object Repository/Admin Site/Page_Local Moodle Log in to the site/input_Password_password"), "o5TCnEIIWq0Pz0TkrK1a2rpuWvRKVWz2"): Text ****** has been set on object 'Object Repository/Admin Site/Page_Local Moodle Log in to the site/input_Password_password'

2022-02-13 19:52:58 - [MESSAGE][PASSED] - Text ****** has been set on object 'Object Repository/Admin Site/Page_Local Moodle Log in to the site/input_Password_password'

2022-02-13 19:52:58 - [TEST_STEP][PASSED] - click(findTestObject("Object Repository/Teacher and Grade/Page_Local Moodle Log in to the site/button_Log in")): Object: 'Object Repository/Teacher and Grade/Page_Local Moodle Log in to the site/button_Log in' is clicked on

2022-02-13 19:53:00 - [MESSAGE][PASSED] - Object: 'Object Repository/Teacher and Grade/Page_Local Moodle Log in to the site/button_Log in' is clicked on

2022-02-13 19:53:00 - [TEST_STEP][PASSED] - click(findTestObject("Object Repository/Teacher and Grade/Page_Nh ca ti/span_Test View Grade")): Object: 'Object Repository/Teacher and Grade/Page_Nh ca ti/span_Test View Grade' is clicked on

2022-02-13 19:53:06 - [MESSAGE][INFO] - Unable to find the element located by 'By.xpath: //div[@id='course-info-container-6-8']/div/div/a/span[3]'. Please recheck the objects properties to make sure the desired element is located. 

2022-02-13 19:53:06 - [MESSAGE][WARNING] - [SELF-HEALING] Failed to find element with id 'Object Repository/Teacher and Grade/Page_Nh ca ti/span_Test View Grade'. Try using Self-healing.

2022-02-13 19:53:06 - [MESSAGE][WARNING] - [SELF-HEALING] The current locator of test object 'Object Repository/Teacher and Grade/Page_Nh ca ti/span_Test View Grade' was broken. Propose an alternative one: '(.//*[normalize-space(text()) and normalize-space(.)='Tên khóa học'])[2]/following::span[1]'.

2022-02-13 19:53:07 - [MESSAGE][PASSED] - Object: 'Object Repository/Teacher and Grade/Page_Nh ca ti/span_Test View Grade' is clicked on

2022-02-13 19:53:07 - [TEST_STEP][PASSED] - click(findTestObject("Object Repository/Teacher and Grade/Page_Kha Test View Grade/span_Test Bi tp")): Object: 'Object Repository/Teacher and Grade/Page_Kha Test View Grade/span_Test Bi tp' is clicked on

2022-02-13 19:53:13 - [MESSAGE][INFO] - Unable to find the element located by 'By.xpath: //li[@id='module-10']/div/div/div[2]/div/a/span'. Please recheck the objects properties to make sure the desired element is located. 

2022-02-13 19:53:13 - [MESSAGE][WARNING] - [SELF-HEALING] Failed to find element with id 'Object Repository/Teacher and Grade/Page_Kha Test View Grade/span_Test Bi tp'. Try using Self-healing.

2022-02-13 19:53:13 - [MESSAGE][WARNING] - [SELF-HEALING] The current locator of test object 'Object Repository/Teacher and Grade/Page_Kha Test View Grade/span_Test Bi tp' was broken. Propose an alternative one: '(.//*[normalize-space(text()) and normalize-space(.)='Diễn đàn'])[1]/following::span[1]'.

2022-02-13 19:53:14 - [MESSAGE][PASSED] - Object: 'Object Repository/Teacher and Grade/Page_Kha Test View Grade/span_Test Bi tp' is clicked on

2022-02-13 19:53:14 - [TEST_STEP][PASSED] - click(findTestObject("Object Repository/Teacher and Grade/Page_View Grade Test/a_im")): Object: 'Object Repository/Teacher and Grade/Page_View Grade Test/a_im' is clicked on

2022-02-13 19:53:14 - [MESSAGE][PASSED] - Object: 'Object Repository/Teacher and Grade/Page_View Grade Test/a_im' is clicked on

2022-02-13 19:53:14 - [TEST_STEP][PASSED] - navigateToUrl("http://localhost/mod/assign/view.php?id=10&action=grader"): Navigate to 'http://localhost/mod/assign/view.php?id=10&action=grader' successfully

2022-02-13 19:53:15 - [MESSAGE][PASSED] - Navigate to 'http://localhost/mod/assign/view.php?id=10&action=grader' successfully

2022-02-13 19:53:15 - [TEST_STEP][PASSED] - setText(findTestObject("Object Repository/Teacher and Grade/Page_View Grade Test - ang chm/input_Grade out of 100_grade"), "50"): Text '50' is set on object 'Object Repository/Teacher and Grade/Page_View Grade Test - ang chm/input_Grade out of 100_grade'

2022-02-13 19:53:21 - [MESSAGE][INFO] - Unable to find the element located by 'By.xpath: '. Please recheck the objects properties to make sure the desired element is located. 

2022-02-13 19:53:21 - [MESSAGE][WARNING] - [SELF-HEALING] Failed to find element with id 'Object Repository/Teacher and Grade/Page_View Grade Test - ang chm/input_Grade out of 100_grade'. Try using Self-healing.

2022-02-13 19:53:21 - [MESSAGE][WARNING] - [SELF-HEALING] The current locator of test object 'Object Repository/Teacher and Grade/Page_View Grade Test - ang chm/input_Grade out of 100_grade' was broken. Propose an alternative one: '//*[@type = 'text' and @name = 'grade' and @id = 'id_grade']'.

2022-02-13 19:53:28 - [MESSAGE][INFO] - Unable to find the element located by 'By.xpath: '. Please recheck the objects properties to make sure the desired element is located. 

2022-02-13 19:53:28 - [MESSAGE][WARNING] - [SELF-HEALING] Failed to find element with id 'Object Repository/Teacher and Grade/Page_View Grade Test - ang chm/input_Grade out of 100_grade'. Try using Self-healing.

2022-02-13 19:53:28 - [MESSAGE][WARNING] - [SELF-HEALING] The current locator of test object 'Object Repository/Teacher and Grade/Page_View Grade Test - ang chm/input_Grade out of 100_grade' was broken. Propose an alternative one: '//*[@type = 'text' and @name = 'grade' and @id = 'id_grade']'.

2022-02-13 19:53:28 - [MESSAGE][PASSED] - Text '50' is set on object 'Object Repository/Teacher and Grade/Page_View Grade Test - ang chm/input_Grade out of 100_grade'

2022-02-13 19:53:28 - [TEST_STEP][PASSED] - click(findTestObject("Object Repository/Teacher and Grade/Page_View Grade Test - ang chm/button_Lu v xem trang tip theo")): Object: 'Object Repository/Teacher and Grade/Page_View Grade Test - ang chm/button_Lu v xem trang tip theo' is clicked on

2022-02-13 19:53:34 - [MESSAGE][INFO] - Unable to find the element located by 'By.xpath: //button[@id='yui_3_17_2_1_1642142506882_572']'. Please recheck the objects properties to make sure the desired element is located. 

2022-02-13 19:53:34 - [MESSAGE][WARNING] - [SELF-HEALING] Failed to find element with id 'Object Repository/Teacher and Grade/Page_View Grade Test - ang chm/button_Lu v xem trang tip theo'. Try using Self-healing.

2022-02-13 19:53:35 - [MESSAGE][WARNING] - [SELF-HEALING] The current locator of test object 'Object Repository/Teacher and Grade/Page_View Grade Test - ang chm/button_Lu v xem trang tip theo' was broken. Propose an alternative one: '(.//*[normalize-space(text()) and normalize-space(.)='Lưu những thay đổi'])[1]/following::button[1]'.

2022-02-13 19:53:35 - [MESSAGE][PASSED] - Object: 'Object Repository/Teacher and Grade/Page_View Grade Test - ang chm/button_Lu v xem trang tip theo' is clicked on

2022-02-13 19:53:35 - [TEST_STEP][PASSED] - setText(findTestObject("Object Repository/Teacher and Grade/Page_View Grade Test - ang chm/input_Grade out of 100_grade"), "100"): Text '100' is set on object 'Object Repository/Teacher and Grade/Page_View Grade Test - ang chm/input_Grade out of 100_grade'

2022-02-13 19:53:41 - [MESSAGE][INFO] - Unable to find the element located by 'By.xpath: '. Please recheck the objects properties to make sure the desired element is located. 

2022-02-13 19:53:41 - [MESSAGE][WARNING] - [SELF-HEALING] Failed to find element with id 'Object Repository/Teacher and Grade/Page_View Grade Test - ang chm/input_Grade out of 100_grade'. Try using Self-healing.

2022-02-13 19:53:41 - [MESSAGE][WARNING] - [SELF-HEALING] The current locator of test object 'Object Repository/Teacher and Grade/Page_View Grade Test - ang chm/input_Grade out of 100_grade' was broken. Propose an alternative one: '//*[@type = 'text' and @name = 'grade' and @id = 'id_grade']'.

2022-02-13 19:53:48 - [MESSAGE][INFO] - Unable to find the element located by 'By.xpath: '. Please recheck the objects properties to make sure the desired element is located. 

2022-02-13 19:53:48 - [MESSAGE][WARNING] - [SELF-HEALING] Failed to find element with id 'Object Repository/Teacher and Grade/Page_View Grade Test - ang chm/input_Grade out of 100_grade'. Try using Self-healing.

2022-02-13 19:53:48 - [MESSAGE][WARNING] - [SELF-HEALING] The current locator of test object 'Object Repository/Teacher and Grade/Page_View Grade Test - ang chm/input_Grade out of 100_grade' was broken. Propose an alternative one: '//*[@type = 'text' and @name = 'grade' and @id = 'id_grade']'.

2022-02-13 19:53:48 - [MESSAGE][PASSED] - Text '100' is set on object 'Object Repository/Teacher and Grade/Page_View Grade Test - ang chm/input_Grade out of 100_grade'

2022-02-13 19:53:48 - [TEST_STEP][PASSED] - click(findTestObject("Object Repository/Teacher and Grade/Page_View Grade Test - ang chm/button_Lu v xem trang tip theo")): Object: 'Object Repository/Teacher and Grade/Page_View Grade Test - ang chm/button_Lu v xem trang tip theo' is clicked on

2022-02-13 19:53:54 - [MESSAGE][INFO] - Unable to find the element located by 'By.xpath: //button[@id='yui_3_17_2_1_1642142506882_572']'. Please recheck the objects properties to make sure the desired element is located. 

2022-02-13 19:53:54 - [MESSAGE][WARNING] - [SELF-HEALING] Failed to find element with id 'Object Repository/Teacher and Grade/Page_View Grade Test - ang chm/button_Lu v xem trang tip theo'. Try using Self-healing.

2022-02-13 19:53:55 - [MESSAGE][WARNING] - [SELF-HEALING] The current locator of test object 'Object Repository/Teacher and Grade/Page_View Grade Test - ang chm/button_Lu v xem trang tip theo' was broken. Propose an alternative one: '(.//*[normalize-space(text()) and normalize-space(.)='Lưu những thay đổi'])[1]/following::button[1]'.

2022-02-13 19:53:55 - [MESSAGE][PASSED] - Object: 'Object Repository/Teacher and Grade/Page_View Grade Test - ang chm/button_Lu v xem trang tip theo' is clicked on

2022-02-13 19:53:55 - [TEST_STEP][PASSED] - setText(findTestObject("Object Repository/Teacher and Grade/Page_View Grade Test - ang chm/input_Grade out of 100_grade"), "1"): Text '1' is set on object 'Object Repository/Teacher and Grade/Page_View Grade Test - ang chm/input_Grade out of 100_grade'

2022-02-13 19:54:01 - [MESSAGE][INFO] - Unable to find the element located by 'By.xpath: '. Please recheck the objects properties to make sure the desired element is located. 

2022-02-13 19:54:01 - [MESSAGE][WARNING] - [SELF-HEALING] Failed to find element with id 'Object Repository/Teacher and Grade/Page_View Grade Test - ang chm/input_Grade out of 100_grade'. Try using Self-healing.

2022-02-13 19:54:01 - [MESSAGE][WARNING] - [SELF-HEALING] The current locator of test object 'Object Repository/Teacher and Grade/Page_View Grade Test - ang chm/input_Grade out of 100_grade' was broken. Propose an alternative one: '//*[@type = 'text' and @name = 'grade' and @id = 'id_grade']'.

2022-02-13 19:54:07 - [MESSAGE][INFO] - Unable to find the element located by 'By.xpath: '. Please recheck the objects properties to make sure the desired element is located. 

2022-02-13 19:54:07 - [MESSAGE][WARNING] - [SELF-HEALING] Failed to find element with id 'Object Repository/Teacher and Grade/Page_View Grade Test - ang chm/input_Grade out of 100_grade'. Try using Self-healing.

2022-02-13 19:54:08 - [MESSAGE][WARNING] - [SELF-HEALING] The current locator of test object 'Object Repository/Teacher and Grade/Page_View Grade Test - ang chm/input_Grade out of 100_grade' was broken. Propose an alternative one: '//*[@type = 'text' and @name = 'grade' and @id = 'id_grade']'.

2022-02-13 19:54:08 - [MESSAGE][PASSED] - Text '1' is set on object 'Object Repository/Teacher and Grade/Page_View Grade Test - ang chm/input_Grade out of 100_grade'

2022-02-13 19:54:08 - [TEST_STEP][PASSED] - click(findTestObject("Object Repository/Teacher and Grade/Page_View Grade Test - ang chm/button_Lu v xem trang tip theo")): Object: 'Object Repository/Teacher and Grade/Page_View Grade Test - ang chm/button_Lu v xem trang tip theo' is clicked on

2022-02-13 19:54:14 - [MESSAGE][INFO] - Unable to find the element located by 'By.xpath: //button[@id='yui_3_17_2_1_1642142506882_572']'. Please recheck the objects properties to make sure the desired element is located. 

2022-02-13 19:54:14 - [MESSAGE][WARNING] - [SELF-HEALING] Failed to find element with id 'Object Repository/Teacher and Grade/Page_View Grade Test - ang chm/button_Lu v xem trang tip theo'. Try using Self-healing.

2022-02-13 19:54:14 - [MESSAGE][WARNING] - [SELF-HEALING] The current locator of test object 'Object Repository/Teacher and Grade/Page_View Grade Test - ang chm/button_Lu v xem trang tip theo' was broken. Propose an alternative one: '(.//*[normalize-space(text()) and normalize-space(.)='Lưu những thay đổi'])[1]/following::button[1]'.

2022-02-13 19:54:14 - [MESSAGE][PASSED] - Object: 'Object Repository/Teacher and Grade/Page_View Grade Test - ang chm/button_Lu v xem trang tip theo' is clicked on

2022-02-13 19:54:14 - [TEST_STEP][PASSED] - click(findTestObject("Object Repository/Teacher and Grade/Page_View Grade Test 1 - ang chm/a_Kho hc Test View Grade")): Object: 'Object Repository/Teacher and Grade/Page_View Grade Test 1 - ang chm/a_Kho hc Test View Grade' is clicked on

2022-02-13 19:54:21 - [MESSAGE][INFO] - Unable to find the element located by 'By.xpath: //a[@id='yui_3_17_2_1_1641829766477_2314']'. Please recheck the objects properties to make sure the desired element is located. 

2022-02-13 19:54:21 - [MESSAGE][WARNING] - [SELF-HEALING] Failed to find element with id 'Object Repository/Teacher and Grade/Page_View Grade Test 1 - ang chm/a_Kho hc Test View Grade'. Try using Self-healing.

2022-02-13 19:54:21 - [MESSAGE][WARNING] - [SELF-HEALING] The current locator of test object 'Object Repository/Teacher and Grade/Page_View Grade Test 1 - ang chm/a_Kho hc Test View Grade' was broken. Propose an alternative one: '//a[contains(text(),'Khoá học: Test View Grade')]'.

2022-02-13 19:54:21 - [MESSAGE][PASSED] - Object: 'Object Repository/Teacher and Grade/Page_View Grade Test 1 - ang chm/a_Kho hc Test View Grade' is clicked on

2022-02-13 19:54:21 - [TEST_STEP][PASSED] - click(findTestObject("Object Repository/Teacher and Grade/Page_Kha Test View Grade/span_im s")): Object: 'Object Repository/Teacher and Grade/Page_Kha Test View Grade/span_im s' is clicked on

2022-02-13 19:54:22 - [MESSAGE][PASSED] - Object: 'Object Repository/Teacher and Grade/Page_Kha Test View Grade/span_im s' is clicked on

2022-02-13 19:54:22 - [TEST_STEP][PASSED] - verifyElementText(findTestObject("Object Repository/Teacher and Grade/Page_im s Xem/td_50,00"), "50,00"): Actual text and expected text of test object 'Object Repository/Teacher and Grade/Page_im s Xem/td_50,00' are matched.

2022-02-13 19:54:29 - [MESSAGE][INFO] - Unable to find the element located by 'By.xpath: //td[@id='u28i2']'. Please recheck the objects properties to make sure the desired element is located. 

2022-02-13 19:54:29 - [MESSAGE][WARNING] - [SELF-HEALING] Failed to find element with id 'Object Repository/Teacher and Grade/Page_im s Xem/td_50,00'. Try using Self-healing.

2022-02-13 19:54:29 - [MESSAGE][WARNING] - [SELF-HEALING] The current locator of test object 'Object Repository/Teacher and Grade/Page_im s Xem/td_50,00' was broken. Propose an alternative one: '(.//*[normalize-space(text()) and normalize-space(.)='s1@example.com'])[1]/following::td[1]'.

2022-02-13 19:54:29 - [MESSAGE][PASSED] - Actual text and expected text of test object 'Object Repository/Teacher and Grade/Page_im s Xem/td_50,00' are matched.

2022-02-13 19:54:29 - [TEST_STEP][PASSED] - verifyElementText(findTestObject("Object Repository/Teacher and Grade/Page_im s Xem/td_1,00"), "1,00"): Actual text and expected text of test object 'Object Repository/Teacher and Grade/Page_im s Xem/td_1,00' are matched.

2022-02-13 19:54:35 - [MESSAGE][INFO] - Unable to find the element located by 'By.xpath: //td[@id='u30i2']'. Please recheck the objects properties to make sure the desired element is located. 

2022-02-13 19:54:35 - [MESSAGE][WARNING] - [SELF-HEALING] Failed to find element with id 'Object Repository/Teacher and Grade/Page_im s Xem/td_1,00'. Try using Self-healing.

2022-02-13 19:54:36 - [MESSAGE][WARNING] - [SELF-HEALING] The current locator of test object 'Object Repository/Teacher and Grade/Page_im s Xem/td_1,00' was broken. Propose an alternative one: '(.//*[normalize-space(text()) and normalize-space(.)='s3@example.com'])[1]/following::td[1]'.

2022-02-13 19:54:36 - [MESSAGE][PASSED] - Actual text and expected text of test object 'Object Repository/Teacher and Grade/Page_im s Xem/td_1,00' are matched.

2022-02-13 19:54:36 - [TEST_STEP][PASSED] - verifyElementText(findTestObject("Object Repository/Teacher and Grade/Page_im s Xem/td_100,00"), "100,00"): Actual text and expected text of test object 'Object Repository/Teacher and Grade/Page_im s Xem/td_100,00' are matched.

2022-02-13 19:54:42 - [MESSAGE][INFO] - Unable to find the element located by 'By.xpath: //td[@id='u29i2']'. Please recheck the objects properties to make sure the desired element is located. 

2022-02-13 19:54:42 - [MESSAGE][WARNING] - [SELF-HEALING] Failed to find element with id 'Object Repository/Teacher and Grade/Page_im s Xem/td_100,00'. Try using Self-healing.

2022-02-13 19:54:42 - [MESSAGE][WARNING] - [SELF-HEALING] The current locator of test object 'Object Repository/Teacher and Grade/Page_im s Xem/td_100,00' was broken. Propose an alternative one: '(.//*[normalize-space(text()) and normalize-space(.)='s2@example.com'])[1]/following::td[1]'.

2022-02-13 19:54:42 - [MESSAGE][PASSED] - Actual text and expected text of test object 'Object Repository/Teacher and Grade/Page_im s Xem/td_100,00' are matched.

2022-02-13 19:54:42 - [TEST_STEP][PASSED] - closeBrowser(): Browser is closed

2022-02-13 19:54:43 - [MESSAGE][PASSED] - Browser is closed]]></system-out>
         <system-err><![CDATA[]]></system-err>
      </testcase>
      <testcase name="Test Cases/Teacher and Grade/Grade in grade report site" time="92.012" classname="Test Cases/Teacher and Grade/Grade in grade report site" status="PASSED">
         <system-out><![CDATA[2022-02-13 19:54:43 - [TEST_CASE][PASSED] - Test Cases/Teacher and Grade/Grade in grade report site: Test Cases/Teacher and Grade/Grade in grade report site

2022-02-13 19:54:43 - [TEST_STEP][PASSED] - openBrowser(""): Browser is opened with url: ''

2022-02-13 19:54:43 - [MESSAGE][INFO] - Starting 'Edge Chromium' driver

2022-02-13 19:54:45 - [MESSAGE][INFO] - Action delay is set to 0 milliseconds

2022-02-13 19:54:46 - [MESSAGE][PASSED] - Browser is opened with url: ''

2022-02-13 19:54:46 - [TEST_STEP][PASSED] - navigateToUrl("http://localhost/"): Navigate to 'http://localhost/' successfully

2022-02-13 19:54:47 - [MESSAGE][PASSED] - Navigate to 'http://localhost/' successfully

2022-02-13 19:54:47 - [TEST_STEP][PASSED] - click(findTestObject("Object Repository/Teacher and Grade/Page_Local Moodle/a_Log in")): Object: 'Object Repository/Teacher and Grade/Page_Local Moodle/a_Log in' is clicked on

2022-02-13 19:54:48 - [MESSAGE][PASSED] - Object: 'Object Repository/Teacher and Grade/Page_Local Moodle/a_Log in' is clicked on

2022-02-13 19:54:48 - [TEST_STEP][PASSED] - setText(findTestObject("Object Repository/Teacher and Grade/Page_Local Moodle Log in to the site/input_Username_username"), "lcbinh"): Text 'lcbinh' is set on object 'Object Repository/Teacher and Grade/Page_Local Moodle Log in to the site/input_Username_username'

2022-02-13 19:54:49 - [MESSAGE][PASSED] - Text 'lcbinh' is set on object 'Object Repository/Teacher and Grade/Page_Local Moodle Log in to the site/input_Username_username'

2022-02-13 19:54:49 - [TEST_STEP][PASSED] - setEncryptedText(findTestObject("Object Repository/Admin Site/Page_Local Moodle Log in to the site/input_Password_password"), "o5TCnEIIWq0Pz0TkrK1a2rpuWvRKVWz2"): Text ****** has been set on object 'Object Repository/Admin Site/Page_Local Moodle Log in to the site/input_Password_password'

2022-02-13 19:54:49 - [MESSAGE][PASSED] - Text ****** has been set on object 'Object Repository/Admin Site/Page_Local Moodle Log in to the site/input_Password_password'

2022-02-13 19:54:49 - [TEST_STEP][PASSED] - click(findTestObject("Object Repository/Teacher and Grade/Page_Local Moodle Log in to the site/button_Log in")): Object: 'Object Repository/Teacher and Grade/Page_Local Moodle Log in to the site/button_Log in' is clicked on

2022-02-13 19:54:50 - [MESSAGE][PASSED] - Object: 'Object Repository/Teacher and Grade/Page_Local Moodle Log in to the site/button_Log in' is clicked on

2022-02-13 19:54:50 - [TEST_STEP][PASSED] - click(findTestObject("Object Repository/Teacher and Grade/Page_Nh ca ti/span_View Grade")): Object: 'Object Repository/Teacher and Grade/Page_Nh ca ti/span_View Grade' is clicked on

2022-02-13 19:54:57 - [MESSAGE][INFO] - Unable to find the element located by 'By.xpath: '. Please recheck the objects properties to make sure the desired element is located. 

2022-02-13 19:54:57 - [MESSAGE][WARNING] - [SELF-HEALING] Failed to find element with id 'Object Repository/Teacher and Grade/Page_Nh ca ti/span_View Grade'. Try using Self-healing.

2022-02-13 19:54:57 - [MESSAGE][WARNING] - [SELF-HEALING] The current locator of test object 'Object Repository/Teacher and Grade/Page_Nh ca ti/span_View Grade' was broken. Propose an alternative one: '(.//*[normalize-space(text()) and normalize-space(.)='Các khoá học của tôi'])[1]/following::span[2]'.

2022-02-13 19:54:57 - [MESSAGE][PASSED] - Object: 'Object Repository/Teacher and Grade/Page_Nh ca ti/span_View Grade' is clicked on

2022-02-13 19:54:57 - [TEST_STEP][PASSED] - click(findTestObject("Object Repository/Teacher and Grade/Page_Kha Test View Grade/a_im s")): Object: 'Object Repository/Teacher and Grade/Page_Kha Test View Grade/a_im s' is clicked on

2022-02-13 19:54:58 - [MESSAGE][PASSED] - Object: 'Object Repository/Teacher and Grade/Page_Kha Test View Grade/a_im s' is clicked on

2022-02-13 19:54:58 - [TEST_STEP][PASSED] - click(findTestObject("Object Repository/Teacher and Grade/Page_im s Xem/i_Bi tp quiz_icon fa fa-pencil fa-fw")): Object: 'Object Repository/Teacher and Grade/Page_im s Xem/i_Bi tp quiz_icon fa fa-pencil fa-fw' is clicked on

2022-02-13 19:55:04 - [MESSAGE][INFO] - Unable to find the element located by 'By.xpath: //a[@id='action_link6208cc406186b37']/i'. Please recheck the objects properties to make sure the desired element is located. 

2022-02-13 19:55:04 - [MESSAGE][WARNING] - [SELF-HEALING] Failed to find element with id 'Object Repository/Teacher and Grade/Page_im s Xem/i_Bi tp quiz_icon fa fa-pencil fa-fw'. Try using Self-healing.

2022-02-13 19:55:05 - [MESSAGE][WARNING] - [SELF-HEALING] The current locator of test object 'Object Repository/Teacher and Grade/Page_im s Xem/i_Bi tp quiz_icon fa fa-pencil fa-fw' was broken. Propose an alternative one: '//th[13]/a[3]/i'.

2022-02-13 19:55:05 - [MESSAGE][PASSED] - Object: 'Object Repository/Teacher and Grade/Page_im s Xem/i_Bi tp quiz_icon fa fa-pencil fa-fw' is clicked on

2022-02-13 19:55:05 - [TEST_STEP][PASSED] - check(findTestObject("Object Repository/Teacher and Grade/Page_im s Xem/input_Override for Student Replace_override_3_28")): Object 'Object Repository/Teacher and Grade/Page_im s Xem/input_Override for Student Replace_override_3_28' is checked

2022-02-13 19:55:11 - [MESSAGE][INFO] - Unable to find the element located by 'By.xpath: //input[@id='override_3_28']'. Please recheck the objects properties to make sure the desired element is located. 

2022-02-13 19:55:11 - [MESSAGE][WARNING] - [SELF-HEALING] Failed to find element with id 'Object Repository/Teacher and Grade/Page_im s Xem/input_Override for Student Replace_override_3_28'. Try using Self-healing.

2022-02-13 19:55:11 - [MESSAGE][WARNING] - [SELF-HEALING] The current locator of test object 'Object Repository/Teacher and Grade/Page_im s Xem/input_Override for Student Replace_override_3_28' was broken. Propose an alternative one: '//section[@id='region-main']/div/div[4]/form/table/tbody/tr/td[5]/input'.

2022-02-13 19:55:11 - [MESSAGE][PASSED] - Object 'Object Repository/Teacher and Grade/Page_im s Xem/input_Override for Student Replace_override_3_28' is checked

2022-02-13 19:55:11 - [TEST_STEP][PASSED] - setText(findTestObject("Object Repository/Teacher and Grade/Page_im s Xem/input_Grade for Student Replace_finalgrade_3_28"), "100"): Text '100' is set on object 'Object Repository/Teacher and Grade/Page_im s Xem/input_Grade for Student Replace_finalgrade_3_28'

2022-02-13 19:55:18 - [MESSAGE][INFO] - Unable to find the element located by 'By.xpath: //input[@id='finalgrade_3_28']'. Please recheck the objects properties to make sure the desired element is located. 

2022-02-13 19:55:18 - [MESSAGE][WARNING] - [SELF-HEALING] Failed to find element with id 'Object Repository/Teacher and Grade/Page_im s Xem/input_Grade for Student Replace_finalgrade_3_28'. Try using Self-healing.

2022-02-13 19:55:18 - [MESSAGE][WARNING] - [SELF-HEALING] The current locator of test object 'Object Repository/Teacher and Grade/Page_im s Xem/input_Grade for Student Replace_finalgrade_3_28' was broken. Propose an alternative one: '//td[3]/input'.

2022-02-13 19:55:24 - [MESSAGE][INFO] - Unable to find the element located by 'By.xpath: //input[@id='finalgrade_3_28']'. Please recheck the objects properties to make sure the desired element is located. 

2022-02-13 19:55:24 - [MESSAGE][WARNING] - [SELF-HEALING] Failed to find element with id 'Object Repository/Teacher and Grade/Page_im s Xem/input_Grade for Student Replace_finalgrade_3_28'. Try using Self-healing.

2022-02-13 19:55:25 - [MESSAGE][WARNING] - [SELF-HEALING] The current locator of test object 'Object Repository/Teacher and Grade/Page_im s Xem/input_Grade for Student Replace_finalgrade_3_28' was broken. Propose an alternative one: '//td[3]/input'.

2022-02-13 19:55:25 - [MESSAGE][PASSED] - Text '100' is set on object 'Object Repository/Teacher and Grade/Page_im s Xem/input_Grade for Student Replace_finalgrade_3_28'

2022-02-13 19:55:25 - [TEST_STEP][PASSED] - check(findTestObject("Object Repository/Teacher and Grade/Page_im s Xem/input_Override for Student Three_override_3_30")): Object 'Object Repository/Teacher and Grade/Page_im s Xem/input_Override for Student Three_override_3_30' is checked

2022-02-13 19:55:31 - [MESSAGE][INFO] - Unable to find the element located by 'By.xpath: //input[@id='override_3_30']'. Please recheck the objects properties to make sure the desired element is located. 

2022-02-13 19:55:31 - [MESSAGE][WARNING] - [SELF-HEALING] Failed to find element with id 'Object Repository/Teacher and Grade/Page_im s Xem/input_Override for Student Three_override_3_30'. Try using Self-healing.

2022-02-13 19:55:31 - [MESSAGE][WARNING] - [SELF-HEALING] The current locator of test object 'Object Repository/Teacher and Grade/Page_im s Xem/input_Override for Student Three_override_3_30' was broken. Propose an alternative one: '//tr[2]/td[5]/input'.

2022-02-13 19:55:31 - [MESSAGE][PASSED] - Object 'Object Repository/Teacher and Grade/Page_im s Xem/input_Override for Student Three_override_3_30' is checked

2022-02-13 19:55:31 - [TEST_STEP][PASSED] - setText(findTestObject("Object Repository/Teacher and Grade/Page_im s Xem/input_Grade for Student Three_finalgrade_3_30"), "60"): Text '60' is set on object 'Object Repository/Teacher and Grade/Page_im s Xem/input_Grade for Student Three_finalgrade_3_30'

2022-02-13 19:55:38 - [MESSAGE][INFO] - Unable to find the element located by 'By.xpath: //input[@id='finalgrade_3_30']'. Please recheck the objects properties to make sure the desired element is located. 

2022-02-13 19:55:38 - [MESSAGE][WARNING] - [SELF-HEALING] Failed to find element with id 'Object Repository/Teacher and Grade/Page_im s Xem/input_Grade for Student Three_finalgrade_3_30'. Try using Self-healing.

2022-02-13 19:55:38 - [MESSAGE][WARNING] - [SELF-HEALING] The current locator of test object 'Object Repository/Teacher and Grade/Page_im s Xem/input_Grade for Student Three_finalgrade_3_30' was broken. Propose an alternative one: '//tr[2]/td[3]/input'.

2022-02-13 19:55:44 - [MESSAGE][INFO] - Unable to find the element located by 'By.xpath: //input[@id='finalgrade_3_30']'. Please recheck the objects properties to make sure the desired element is located. 

2022-02-13 19:55:44 - [MESSAGE][WARNING] - [SELF-HEALING] Failed to find element with id 'Object Repository/Teacher and Grade/Page_im s Xem/input_Grade for Student Three_finalgrade_3_30'. Try using Self-healing.

2022-02-13 19:55:44 - [MESSAGE][WARNING] - [SELF-HEALING] The current locator of test object 'Object Repository/Teacher and Grade/Page_im s Xem/input_Grade for Student Three_finalgrade_3_30' was broken. Propose an alternative one: '//tr[2]/td[3]/input'.

2022-02-13 19:55:44 - [MESSAGE][PASSED] - Text '60' is set on object 'Object Repository/Teacher and Grade/Page_im s Xem/input_Grade for Student Three_finalgrade_3_30'

2022-02-13 19:55:44 - [TEST_STEP][PASSED] - check(findTestObject("Object Repository/Teacher and Grade/Page_im s Xem/input_Override for Student Two_override_3_29")): Object 'Object Repository/Teacher and Grade/Page_im s Xem/input_Override for Student Two_override_3_29' is checked

2022-02-13 19:55:51 - [MESSAGE][INFO] - Unable to find the element located by 'By.xpath: //input[@id='override_3_29']'. Please recheck the objects properties to make sure the desired element is located. 

2022-02-13 19:55:51 - [MESSAGE][WARNING] - [SELF-HEALING] Failed to find element with id 'Object Repository/Teacher and Grade/Page_im s Xem/input_Override for Student Two_override_3_29'. Try using Self-healing.

2022-02-13 19:55:51 - [MESSAGE][WARNING] - [SELF-HEALING] The current locator of test object 'Object Repository/Teacher and Grade/Page_im s Xem/input_Override for Student Two_override_3_29' was broken. Propose an alternative one: '//tr[3]/td[5]/input'.

2022-02-13 19:55:51 - [MESSAGE][PASSED] - Object 'Object Repository/Teacher and Grade/Page_im s Xem/input_Override for Student Two_override_3_29' is checked

2022-02-13 19:55:51 - [TEST_STEP][PASSED] - setText(findTestObject("Object Repository/Teacher and Grade/Page_im s Xem/input_Grade for Student Two_finalgrade_3_29"), "25"): Text '25' is set on object 'Object Repository/Teacher and Grade/Page_im s Xem/input_Grade for Student Two_finalgrade_3_29'

2022-02-13 19:55:58 - [MESSAGE][INFO] - Unable to find the element located by 'By.xpath: //input[@id='finalgrade_3_29']'. Please recheck the objects properties to make sure the desired element is located. 

2022-02-13 19:55:58 - [MESSAGE][WARNING] - [SELF-HEALING] Failed to find element with id 'Object Repository/Teacher and Grade/Page_im s Xem/input_Grade for Student Two_finalgrade_3_29'. Try using Self-healing.

2022-02-13 19:55:58 - [MESSAGE][WARNING] - [SELF-HEALING] The current locator of test object 'Object Repository/Teacher and Grade/Page_im s Xem/input_Grade for Student Two_finalgrade_3_29' was broken. Propose an alternative one: '//tr[3]/td[3]/input'.

2022-02-13 19:56:04 - [MESSAGE][INFO] - Unable to find the element located by 'By.xpath: //input[@id='finalgrade_3_29']'. Please recheck the objects properties to make sure the desired element is located. 

2022-02-13 19:56:04 - [MESSAGE][WARNING] - [SELF-HEALING] Failed to find element with id 'Object Repository/Teacher and Grade/Page_im s Xem/input_Grade for Student Two_finalgrade_3_29'. Try using Self-healing.

2022-02-13 19:56:04 - [MESSAGE][WARNING] - [SELF-HEALING] The current locator of test object 'Object Repository/Teacher and Grade/Page_im s Xem/input_Grade for Student Two_finalgrade_3_29' was broken. Propose an alternative one: '//tr[3]/td[3]/input'.

2022-02-13 19:56:04 - [MESSAGE][PASSED] - Text '25' is set on object 'Object Repository/Teacher and Grade/Page_im s Xem/input_Grade for Student Two_finalgrade_3_29'

2022-02-13 19:56:04 - [TEST_STEP][PASSED] - click(findTestObject("Object Repository/Teacher and Grade/Page_im s Xem/input_Insert value_btn btn-secondary")): Object: 'Object Repository/Teacher and Grade/Page_im s Xem/input_Insert value_btn btn-secondary' is clicked on

2022-02-13 19:56:05 - [MESSAGE][PASSED] - Object: 'Object Repository/Teacher and Grade/Page_im s Xem/input_Insert value_btn btn-secondary' is clicked on

2022-02-13 19:56:05 - [TEST_STEP][PASSED] - click(findTestObject("Object Repository/Teacher and Grade/Page_Saving grades/button_Tip tc")): Object: 'Object Repository/Teacher and Grade/Page_Saving grades/button_Tip tc' is clicked on

2022-02-13 19:56:11 - [MESSAGE][INFO] - Unable to find the element located by 'By.xpath: //button[@id='single_button61dc5970393933']'. Please recheck the objects properties to make sure the desired element is located. 

2022-02-13 19:56:11 - [MESSAGE][WARNING] - [SELF-HEALING] Failed to find element with id 'Object Repository/Teacher and Grade/Page_Saving grades/button_Tip tc'. Try using Self-healing.

2022-02-13 19:56:12 - [MESSAGE][WARNING] - [SELF-HEALING] The current locator of test object 'Object Repository/Teacher and Grade/Page_Saving grades/button_Tip tc' was broken. Propose an alternative one: '//div[@id='page']/section/div/div[3]/form/button'.

2022-02-13 19:56:12 - [MESSAGE][PASSED] - Object: 'Object Repository/Teacher and Grade/Page_Saving grades/button_Tip tc' is clicked on

2022-02-13 19:56:12 - [TEST_STEP][PASSED] - click(findTestObject("Object Repository/Teacher and Grade/Page_im s Xem/a_Grader report")): Object: 'Object Repository/Teacher and Grade/Page_im s Xem/a_Grader report' is clicked on

2022-02-13 19:56:13 - [MESSAGE][PASSED] - Object: 'Object Repository/Teacher and Grade/Page_im s Xem/a_Grader report' is clicked on

2022-02-13 19:56:13 - [TEST_STEP][PASSED] - verifyElementText(findTestObject("Object Repository/Teacher and Grade/Page_im s Xem/span_100,00"), "100,00"): Actual text and expected text of test object 'Object Repository/Teacher and Grade/Page_im s Xem/span_100,00' are matched.

2022-02-13 19:56:14 - [MESSAGE][PASSED] - Actual text and expected text of test object 'Object Repository/Teacher and Grade/Page_im s Xem/span_100,00' are matched.

2022-02-13 19:56:14 - [TEST_STEP][PASSED] - verifyElementText(findTestObject("Object Repository/Teacher and Grade/Page_im s Xem/span_60,00"), "60,00"): Actual text and expected text of test object 'Object Repository/Teacher and Grade/Page_im s Xem/span_60,00' are matched.

2022-02-13 19:56:14 - [MESSAGE][PASSED] - Actual text and expected text of test object 'Object Repository/Teacher and Grade/Page_im s Xem/span_60,00' are matched.

2022-02-13 19:56:14 - [TEST_STEP][PASSED] - verifyElementText(findTestObject("Object Repository/Teacher and Grade/Page_im s Xem/span_25,00"), "25,00"): Actual text and expected text of test object 'Object Repository/Teacher and Grade/Page_im s Xem/span_25,00' are matched.

2022-02-13 19:56:14 - [MESSAGE][PASSED] - Actual text and expected text of test object 'Object Repository/Teacher and Grade/Page_im s Xem/span_25,00' are matched.

2022-02-13 19:56:14 - [TEST_STEP][PASSED] - closeBrowser(): Browser is closed

2022-02-13 19:56:15 - [MESSAGE][PASSED] - Browser is closed]]></system-out>
         <system-err><![CDATA[]]></system-err>
      </testcase>
      <testcase name="Test Cases/Teacher and Grade/Other Teacher View Grade" time="84.529" classname="Test Cases/Teacher and Grade/Other Teacher View Grade" status="PASSED">
         <system-out><![CDATA[2022-02-13 19:57:20 - [TEST_CASE][PASSED] - Test Cases/Teacher and Grade/Other Teacher View Grade: Test Cases/Teacher and Grade/Other Teacher View Grade

2022-02-13 19:57:20 - [TEST_STEP][PASSED] - openBrowser(""): Browser is opened with url: ''

2022-02-13 19:57:20 - [MESSAGE][WARNING] - A browser is already opened. Closing browser and opening a new one

2022-02-13 19:57:21 - [MESSAGE][INFO] - Starting 'Edge Chromium' driver

2022-02-13 19:57:23 - [MESSAGE][INFO] - Action delay is set to 0 milliseconds

2022-02-13 19:57:24 - [MESSAGE][PASSED] - Browser is opened with url: ''

2022-02-13 19:57:24 - [TEST_STEP][PASSED] - navigateToUrl("http://localhost/"): Navigate to 'http://localhost/' successfully

2022-02-13 19:57:25 - [MESSAGE][PASSED] - Navigate to 'http://localhost/' successfully

2022-02-13 19:57:25 - [TEST_STEP][PASSED] - click(findTestObject("Object Repository/Teacher and Grade/Page_Local Moodle/a_Log in")): Object: 'Object Repository/Teacher and Grade/Page_Local Moodle/a_Log in' is clicked on

2022-02-13 19:57:26 - [MESSAGE][PASSED] - Object: 'Object Repository/Teacher and Grade/Page_Local Moodle/a_Log in' is clicked on

2022-02-13 19:57:26 - [TEST_STEP][PASSED] - setText(findTestObject("Object Repository/Teacher and Grade/Page_Local Moodle Log in to the site/input_Username_username"), "lcbinh"): Text 'lcbinh' is set on object 'Object Repository/Teacher and Grade/Page_Local Moodle Log in to the site/input_Username_username'

2022-02-13 19:57:27 - [MESSAGE][PASSED] - Text 'lcbinh' is set on object 'Object Repository/Teacher and Grade/Page_Local Moodle Log in to the site/input_Username_username'

2022-02-13 19:57:27 - [TEST_STEP][PASSED] - setEncryptedText(findTestObject("Admin Site/Page_Local Moodle Log in to the site/input_Password_password"), "o5TCnEIIWq0Pz0TkrK1a2rpuWvRKVWz2"): Text ****** has been set on object 'Object Repository/Admin Site/Page_Local Moodle Log in to the site/input_Password_password'

2022-02-13 19:57:27 - [MESSAGE][PASSED] - Text ****** has been set on object 'Object Repository/Admin Site/Page_Local Moodle Log in to the site/input_Password_password'

2022-02-13 19:57:27 - [TEST_STEP][PASSED] - click(findTestObject("Object Repository/Teacher and Grade/Page_Local Moodle Log in to the site/button_Log in")): Object: 'Object Repository/Teacher and Grade/Page_Local Moodle Log in to the site/button_Log in' is clicked on

2022-02-13 19:57:28 - [MESSAGE][PASSED] - Object: 'Object Repository/Teacher and Grade/Page_Local Moodle Log in to the site/button_Log in' is clicked on

2022-02-13 19:57:28 - [TEST_STEP][PASSED] - click(findTestObject("Teacher and Grade/Page_Nh ca ti/span_Test View Grade")): Object: 'Object Repository/Teacher and Grade/Page_Nh ca ti/span_Test View Grade' is clicked on

2022-02-13 19:57:30 - [MESSAGE][PASSED] - Object: 'Object Repository/Teacher and Grade/Page_Nh ca ti/span_Test View Grade' is clicked on

2022-02-13 19:57:30 - [TEST_STEP][PASSED] - click(findTestObject("Object Repository/Teacher and Grade/Page_Kha Test View Grade/span_Test ch  2 Bi tp")): Object: 'Object Repository/Teacher and Grade/Page_Kha Test View Grade/span_Test ch  2 Bi tp' is clicked on

2022-02-13 19:57:36 - [MESSAGE][INFO] - Unable to find the element located by 'By.xpath: //li[@id='module-4']/div/div/div[2]/div/a/span'. Please recheck the objects properties to make sure the desired element is located. 

2022-02-13 19:57:36 - [MESSAGE][WARNING] - [SELF-HEALING] Failed to find element with id 'Object Repository/Teacher and Grade/Page_Kha Test View Grade/span_Test ch  2 Bi tp'. Try using Self-healing.

2022-02-13 19:57:36 - [MESSAGE][WARNING] - [SELF-HEALING] The current locator of test object 'Object Repository/Teacher and Grade/Page_Kha Test View Grade/span_Test ch  2 Bi tp' was broken. Propose an alternative one: '(.//*[normalize-space(text()) and normalize-space(.)='Chủ đề 2'])[2]/following::span[1]'.

2022-02-13 19:57:37 - [MESSAGE][PASSED] - Object: 'Object Repository/Teacher and Grade/Page_Kha Test View Grade/span_Test ch  2 Bi tp' is clicked on

2022-02-13 19:57:37 - [TEST_STEP][PASSED] - click(findTestObject("Object Repository/Teacher and Grade/Page_View Grade Test ch  2/a_im")): Object: 'Object Repository/Teacher and Grade/Page_View Grade Test ch  2/a_im' is clicked on

2022-02-13 19:57:38 - [MESSAGE][PASSED] - Object: 'Object Repository/Teacher and Grade/Page_View Grade Test ch  2/a_im' is clicked on

2022-02-13 19:57:38 - [TEST_STEP][PASSED] - setText(findTestObject("Object Repository/Teacher and Grade/Page_View Grade Test ch  2 - ang chm/input_Grade out of 100_grade"), "11"): Text '11' is set on object 'Object Repository/Teacher and Grade/Page_View Grade Test ch  2 - ang chm/input_Grade out of 100_grade'

2022-02-13 19:57:40 - [MESSAGE][PASSED] - Text '11' is set on object 'Object Repository/Teacher and Grade/Page_View Grade Test ch  2 - ang chm/input_Grade out of 100_grade'

2022-02-13 19:57:40 - [TEST_STEP][PASSED] - click(findTestObject("Object Repository/Teacher and Grade/Page_View Grade Test ch  2 - ang chm/button_Lu v xem trang tip theo")): Object: 'Object Repository/Teacher and Grade/Page_View Grade Test ch  2 - ang chm/button_Lu v xem trang tip theo' is clicked on

2022-02-13 19:57:46 - [MESSAGE][INFO] - Unable to find the element located by 'By.xpath: //button[@id='yui_3_17_2_1_1641831592528_557']'. Please recheck the objects properties to make sure the desired element is located. 

2022-02-13 19:57:46 - [MESSAGE][WARNING] - [SELF-HEALING] Failed to find element with id 'Object Repository/Teacher and Grade/Page_View Grade Test ch  2 - ang chm/button_Lu v xem trang tip theo'. Try using Self-healing.

2022-02-13 19:57:47 - [MESSAGE][WARNING] - [SELF-HEALING] The current locator of test object 'Object Repository/Teacher and Grade/Page_View Grade Test ch  2 - ang chm/button_Lu v xem trang tip theo' was broken. Propose an alternative one: '(.//*[normalize-space(text()) and normalize-space(.)='Lưu những thay đổi'])[1]/following::button[1]'.

2022-02-13 19:57:47 - [MESSAGE][PASSED] - Object: 'Object Repository/Teacher and Grade/Page_View Grade Test ch  2 - ang chm/button_Lu v xem trang tip theo' is clicked on

2022-02-13 19:57:47 - [TEST_STEP][PASSED] - setText(findTestObject("Teacher and Grade/Page_View Grade Test ch  2 - ang chm/input_Grade out of 100_grade"), "56"): Text '56' is set on object 'Object Repository/Teacher and Grade/Page_View Grade Test ch  2 - ang chm/input_Grade out of 100_grade'

2022-02-13 19:57:49 - [MESSAGE][PASSED] - Text '56' is set on object 'Object Repository/Teacher and Grade/Page_View Grade Test ch  2 - ang chm/input_Grade out of 100_grade'

2022-02-13 19:57:49 - [TEST_STEP][PASSED] - click(findTestObject("Object Repository/Teacher and Grade/Page_View Grade Test ch  2 - ang chm/button_Lu v xem trang tip theo")): Object: 'Object Repository/Teacher and Grade/Page_View Grade Test ch  2 - ang chm/button_Lu v xem trang tip theo' is clicked on

2022-02-13 19:57:56 - [MESSAGE][INFO] - Unable to find the element located by 'By.xpath: //button[@id='yui_3_17_2_1_1641831592528_557']'. Please recheck the objects properties to make sure the desired element is located. 

2022-02-13 19:57:56 - [MESSAGE][WARNING] - [SELF-HEALING] Failed to find element with id 'Object Repository/Teacher and Grade/Page_View Grade Test ch  2 - ang chm/button_Lu v xem trang tip theo'. Try using Self-healing.

2022-02-13 19:57:56 - [MESSAGE][WARNING] - [SELF-HEALING] The current locator of test object 'Object Repository/Teacher and Grade/Page_View Grade Test ch  2 - ang chm/button_Lu v xem trang tip theo' was broken. Propose an alternative one: '(.//*[normalize-space(text()) and normalize-space(.)='Lưu những thay đổi'])[1]/following::button[1]'.

2022-02-13 19:57:56 - [MESSAGE][PASSED] - Object: 'Object Repository/Teacher and Grade/Page_View Grade Test ch  2 - ang chm/button_Lu v xem trang tip theo' is clicked on

2022-02-13 19:57:56 - [TEST_STEP][PASSED] - setText(findTestObject("Object Repository/Teacher and Grade/Page_View Grade Test ch  2 - ang chm/input_Grade out of 100_grade"), "89"): Text '89' is set on object 'Object Repository/Teacher and Grade/Page_View Grade Test ch  2 - ang chm/input_Grade out of 100_grade'

2022-02-13 19:57:59 - [MESSAGE][PASSED] - Text '89' is set on object 'Object Repository/Teacher and Grade/Page_View Grade Test ch  2 - ang chm/input_Grade out of 100_grade'

2022-02-13 19:57:59 - [TEST_STEP][PASSED] - click(findTestObject("Object Repository/Teacher and Grade/Page_View Grade Test ch  2 - ang chm/button_Lu v xem trang tip theo")): Object: 'Object Repository/Teacher and Grade/Page_View Grade Test ch  2 - ang chm/button_Lu v xem trang tip theo' is clicked on

2022-02-13 19:58:05 - [MESSAGE][INFO] - Unable to find the element located by 'By.xpath: //button[@id='yui_3_17_2_1_1641831592528_557']'. Please recheck the objects properties to make sure the desired element is located. 

2022-02-13 19:58:05 - [MESSAGE][WARNING] - [SELF-HEALING] Failed to find element with id 'Object Repository/Teacher and Grade/Page_View Grade Test ch  2 - ang chm/button_Lu v xem trang tip theo'. Try using Self-healing.

2022-02-13 19:58:05 - [MESSAGE][WARNING] - [SELF-HEALING] The current locator of test object 'Object Repository/Teacher and Grade/Page_View Grade Test ch  2 - ang chm/button_Lu v xem trang tip theo' was broken. Propose an alternative one: '(.//*[normalize-space(text()) and normalize-space(.)='Lưu những thay đổi'])[1]/following::button[1]'.

2022-02-13 19:58:05 - [MESSAGE][PASSED] - Object: 'Object Repository/Teacher and Grade/Page_View Grade Test ch  2 - ang chm/button_Lu v xem trang tip theo' is clicked on

2022-02-13 19:58:05 - [TEST_STEP][PASSED] - delay(5): Delayed 5 second(s)

2022-02-13 19:58:10 - [MESSAGE][PASSED] - Delayed 5 second(s)

2022-02-13 19:58:10 - [TEST_STEP][PASSED] - click(findTestObject("Object Repository/Teacher and Grade/Page_View Grade Test ch  2 - ang chm/a_Kho hc Test View Grade")): Object: 'Object Repository/Teacher and Grade/Page_View Grade Test ch  2 - ang chm/a_Kho hc Test View Grade' is clicked on

2022-02-13 19:58:17 - [MESSAGE][INFO] - Unable to find the element located by 'By.xpath: //a[@id='yui_3_17_2_1_1641831592528_2762']'. Please recheck the objects properties to make sure the desired element is located. 

2022-02-13 19:58:17 - [MESSAGE][WARNING] - [SELF-HEALING] Failed to find element with id 'Object Repository/Teacher and Grade/Page_View Grade Test ch  2 - ang chm/a_Kho hc Test View Grade'. Try using Self-healing.

2022-02-13 19:58:17 - [MESSAGE][WARNING] - [SELF-HEALING] The current locator of test object 'Object Repository/Teacher and Grade/Page_View Grade Test ch  2 - ang chm/a_Kho hc Test View Grade' was broken. Propose an alternative one: '//a[contains(text(),'Khoá học: Test View Grade')]'.

2022-02-13 19:58:17 - [MESSAGE][PASSED] - Object: 'Object Repository/Teacher and Grade/Page_View Grade Test ch  2 - ang chm/a_Kho hc Test View Grade' is clicked on

2022-02-13 19:58:17 - [TEST_STEP][PASSED] - click(findTestObject("Object Repository/Teacher and Grade/Page_Kha Test View Grade/a_Cng Bnh L")): Object: 'Object Repository/Teacher and Grade/Page_Kha Test View Grade/a_Cng Bnh L' is clicked on

2022-02-13 19:58:18 - [MESSAGE][PASSED] - Object: 'Object Repository/Teacher and Grade/Page_Kha Test View Grade/a_Cng Bnh L' is clicked on

2022-02-13 19:58:18 - [TEST_STEP][PASSED] - click(findTestObject("Object Repository/Teacher and Grade/Page_Kha Test View Grade/span_Thot")): Object: 'Object Repository/Teacher and Grade/Page_Kha Test View Grade/span_Thot' is clicked on

2022-02-13 19:58:19 - [MESSAGE][PASSED] - Object: 'Object Repository/Teacher and Grade/Page_Kha Test View Grade/span_Thot' is clicked on

2022-02-13 19:58:19 - [TEST_STEP][PASSED] - click(findTestObject("Object Repository/Teacher and Grade/Page_Local Moodle/a_Log in")): Object: 'Object Repository/Teacher and Grade/Page_Local Moodle/a_Log in' is clicked on

2022-02-13 19:58:19 - [MESSAGE][PASSED] - Object: 'Object Repository/Teacher and Grade/Page_Local Moodle/a_Log in' is clicked on

2022-02-13 19:58:19 - [TEST_STEP][PASSED] - setText(findTestObject("Object Repository/Teacher and Grade/Page_Local Moodle Log in to the site/input_Username_username"), "ndtthanh"): Text 'ndtthanh' is set on object 'Object Repository/Teacher and Grade/Page_Local Moodle Log in to the site/input_Username_username'

2022-02-13 19:58:20 - [MESSAGE][PASSED] - Text 'ndtthanh' is set on object 'Object Repository/Teacher and Grade/Page_Local Moodle Log in to the site/input_Username_username'

2022-02-13 19:58:20 - [TEST_STEP][PASSED] - setEncryptedText(findTestObject("Admin Site/Page_Local Moodle Log in to the site/input_Password_password"), "o5TCnEIIWq0Pz0TkrK1a2rpuWvRKVWz2"): Text ****** has been set on object 'Object Repository/Admin Site/Page_Local Moodle Log in to the site/input_Password_password'

2022-02-13 19:58:21 - [MESSAGE][PASSED] - Text ****** has been set on object 'Object Repository/Admin Site/Page_Local Moodle Log in to the site/input_Password_password'

2022-02-13 19:58:21 - [TEST_STEP][PASSED] - click(findTestObject("Object Repository/Teacher and Grade/Page_Local Moodle Log in to the site/button_Log in")): Object: 'Object Repository/Teacher and Grade/Page_Local Moodle Log in to the site/button_Log in' is clicked on

2022-02-13 19:58:22 - [MESSAGE][PASSED] - Object: 'Object Repository/Teacher and Grade/Page_Local Moodle Log in to the site/button_Log in' is clicked on

2022-02-13 19:58:22 - [TEST_STEP][PASSED] - click(findTestObject("Teacher and Grade/Page_Nh ca ti/span_Test View Grade")): Object: 'Object Repository/Teacher and Grade/Page_Nh ca ti/span_Test View Grade' is clicked on

2022-02-13 19:58:23 - [MESSAGE][PASSED] - Object: 'Object Repository/Teacher and Grade/Page_Nh ca ti/span_Test View Grade' is clicked on

2022-02-13 19:58:23 - [TEST_STEP][PASSED] - click(findTestObject("Object Repository/Teacher and Grade/Page_Kha Test View Grade/span_im s")): Object: 'Object Repository/Teacher and Grade/Page_Kha Test View Grade/span_im s' is clicked on

2022-02-13 19:58:24 - [MESSAGE][PASSED] - Object: 'Object Repository/Teacher and Grade/Page_Kha Test View Grade/span_im s' is clicked on

2022-02-13 19:58:24 - [TEST_STEP][PASSED] - verifyElementText(findTestObject("Object Repository/Teacher and Grade/Page_im s Xem/span_11,00"), "11,00"): Actual text and expected text of test object 'Object Repository/Teacher and Grade/Page_im s Xem/span_11,00' are matched.

2022-02-13 19:58:30 - [MESSAGE][INFO] - Unable to find the element located by 'By.xpath: //td[@id='u28i4']/span'. Please recheck the objects properties to make sure the desired element is located. 

2022-02-13 19:58:30 - [MESSAGE][WARNING] - [SELF-HEALING] Failed to find element with id 'Object Repository/Teacher and Grade/Page_im s Xem/span_11,00'. Try using Self-healing.

2022-02-13 19:58:31 - [MESSAGE][WARNING] - [SELF-HEALING] The current locator of test object 'Object Repository/Teacher and Grade/Page_im s Xem/span_11,00' was broken. Propose an alternative one: '(.//*[normalize-space(text()) and normalize-space(.)='s1@example.com'])[1]/following::span[3]'.

2022-02-13 19:58:31 - [MESSAGE][PASSED] - Actual text and expected text of test object 'Object Repository/Teacher and Grade/Page_im s Xem/span_11,00' are matched.

2022-02-13 19:58:31 - [TEST_STEP][PASSED] - verifyElementText(findTestObject("Object Repository/Teacher and Grade/Page_im s Xem/span_89,00"), "89,00"): Actual text and expected text of test object 'Object Repository/Teacher and Grade/Page_im s Xem/span_89,00' are matched.

2022-02-13 19:58:37 - [MESSAGE][INFO] - Unable to find the element located by 'By.xpath: //td[@id='u30i4']/span'. Please recheck the objects properties to make sure the desired element is located. 

2022-02-13 19:58:37 - [MESSAGE][WARNING] - [SELF-HEALING] Failed to find element with id 'Object Repository/Teacher and Grade/Page_im s Xem/span_89,00'. Try using Self-healing.

2022-02-13 19:58:37 - [MESSAGE][WARNING] - [SELF-HEALING] The current locator of test object 'Object Repository/Teacher and Grade/Page_im s Xem/span_89,00' was broken. Propose an alternative one: '(.//*[normalize-space(text()) and normalize-space(.)='s3@example.com'])[1]/following::span[3]'.

2022-02-13 19:58:37 - [MESSAGE][PASSED] - Actual text and expected text of test object 'Object Repository/Teacher and Grade/Page_im s Xem/span_89,00' are matched.

2022-02-13 19:58:37 - [TEST_STEP][PASSED] - verifyElementText(findTestObject("Object Repository/Teacher and Grade/Page_im s Xem/span_56,00"), "56,00"): Actual text and expected text of test object 'Object Repository/Teacher and Grade/Page_im s Xem/span_56,00' are matched.

2022-02-13 19:58:44 - [MESSAGE][INFO] - Unable to find the element located by 'By.xpath: //td[@id='u29i4']/span'. Please recheck the objects properties to make sure the desired element is located. 

2022-02-13 19:58:44 - [MESSAGE][WARNING] - [SELF-HEALING] Failed to find element with id 'Object Repository/Teacher and Grade/Page_im s Xem/span_56,00'. Try using Self-healing.

2022-02-13 19:58:44 - [MESSAGE][WARNING] - [SELF-HEALING] The current locator of test object 'Object Repository/Teacher and Grade/Page_im s Xem/span_56,00' was broken. Propose an alternative one: '(.//*[normalize-space(text()) and normalize-space(.)='s2@example.com'])[1]/following::span[3]'.

2022-02-13 19:58:44 - [MESSAGE][PASSED] - Actual text and expected text of test object 'Object Repository/Teacher and Grade/Page_im s Xem/span_56,00' are matched.

2022-02-13 19:58:44 - [TEST_STEP][PASSED] - closeBrowser(): Browser is closed

2022-02-13 19:58:45 - [MESSAGE][PASSED] - Browser is closed]]></system-out>
         <system-err><![CDATA[]]></system-err>
      </testcase>
      <system-out><![CDATA[2022-02-13 18:35:28 - [TEST_SUITE][FAILED] - Run_All_Test_Cases: Test Cases/Teacher and Grade/Other Teacher View Grade FAILED.
Reason:
com.kms.katalon.core.exception.StepFailedException: Unable to click on object 'Object Repository/Teacher and Grade/Page_View Grade Test ch  2/a_im'
	at com.kms.katalon.core.webui.keyword.internal.WebUIKeywordMain.stepFailed(WebUIKeywordMain.groovy:64)
	at com.kms.katalon.core.webui.keyword.internal.WebUIKeywordMain.runKeyword(WebUIKeywordMain.groovy:26)
	at com.kms.katalon.core.webui.keyword.builtin.ClickKeyword.click(ClickKeyword.groovy:74)
	at com.kms.katalon.core.webui.keyword.builtin.ClickKeyword.execute(ClickKeyword.groovy:40)
	at com.kms.katalon.core.keyword.internal.KeywordExecutor.executeKeywordForPlatform(KeywordExecutor.groovy:74)
	at com.kms.katalon.core.webui.keyword.WebUiBuiltInKeywords.click(WebUiBuiltInKeywords.groovy:620)
	at com.kms.katalon.core.webui.keyword.WebUiBuiltInKeywords$click$1.call(Unknown Source)
	at Other Teacher View Grade.run(Other Teacher View Grade:37)
	at com.kms.katalon.core.main.ScriptEngine.run(ScriptEngine.java:194)
	at com.kms.katalon.core.main.ScriptEngine.runScriptAsRawText(ScriptEngine.java:119)
	at com.kms.katalon.core.main.TestCaseExecutor.runScript(TestCaseExecutor.java:442)
	at com.kms.katalon.core.main.TestCaseExecutor.doExecute(TestCaseExecutor.java:433)
	at com.kms.katalon.core.main.TestCaseExecutor.processExecutionPhase(TestCaseExecutor.java:412)
	at com.kms.katalon.core.main.TestCaseExecutor.accessMainPhase(TestCaseExecutor.java:404)
	at com.kms.katalon.core.main.TestCaseExecutor.execute(TestCaseExecutor.java:281)
	at com.kms.katalon.core.main.TestSuiteExecutor.accessTestCaseMainPhase(TestSuiteExecutor.java:202)
	at com.kms.katalon.core.main.TestSuiteExecutor.accessTestSuiteMainPhase(TestSuiteExecutor.java:164)
	at com.kms.katalon.core.main.TestSuiteExecutor.execute(TestSuiteExecutor.java:105)
	at com.kms.katalon.core.main.TestCaseMain.startTestSuite(TestCaseMain.java:181)
	at com.kms.katalon.core.main.TestCaseMain$startTestSuite$0.call(Unknown Source)
	at TempTestSuite1644752125801.run(TempTestSuite1644752125801.groovy:36)
Caused by: com.kms.katalon.core.webui.exception.WebElementNotFoundException: Web element with id: 'Object Repository/Teacher and Grade/Page_View Grade Test ch  2/a_im' located by '//section[@id='region-main']/div[2]/div[3]/center/div/a[2]' not found
	at com.kms.katalon.core.webui.common.WebUiCommonHelper.findWebElement(WebUiCommonHelper.java:1368)
	at com.kms.katalon.core.webui.keyword.internal.WebUIAbstractKeyword.findWebElement(WebUIAbstractKeyword.groovy:27)
	at com.kms.katalon.core.webui.keyword.builtin.ClickKeyword$_click_closure1.doCall(ClickKeyword.groovy:65)
	at com.kms.katalon.core.webui.keyword.builtin.ClickKeyword$_click_closure1.call(ClickKeyword.groovy)
	at com.kms.katalon.core.webui.keyword.internal.WebUIKeywordMain.runKeyword(WebUIKeywordMain.groovy:20)
	... 19 more]]></system-out>
      <system-err><![CDATA[2022-02-13 18:35:28 - [TEST_SUITE][FAILED] - Run_All_Test_Cases: Test Cases/Teacher and Grade/Other Teacher View Grade FAILED.
Reason:
com.kms.katalon.core.exception.StepFailedException: Unable to click on object 'Object Repository/Teacher and Grade/Page_View Grade Test ch  2/a_im'
	at com.kms.katalon.core.webui.keyword.internal.WebUIKeywordMain.stepFailed(WebUIKeywordMain.groovy:64)
	at com.kms.katalon.core.webui.keyword.internal.WebUIKeywordMain.runKeyword(WebUIKeywordMain.groovy:26)
	at com.kms.katalon.core.webui.keyword.builtin.ClickKeyword.click(ClickKeyword.groovy:74)
	at com.kms.katalon.core.webui.keyword.builtin.ClickKeyword.execute(ClickKeyword.groovy:40)
	at com.kms.katalon.core.keyword.internal.KeywordExecutor.executeKeywordForPlatform(KeywordExecutor.groovy:74)
	at com.kms.katalon.core.webui.keyword.WebUiBuiltInKeywords.click(WebUiBuiltInKeywords.groovy:620)
	at com.kms.katalon.core.webui.keyword.WebUiBuiltInKeywords$click$1.call(Unknown Source)
	at Other Teacher View Grade.run(Other Teacher View Grade:37)
	at com.kms.katalon.core.main.ScriptEngine.run(ScriptEngine.java:194)
	at com.kms.katalon.core.main.ScriptEngine.runScriptAsRawText(ScriptEngine.java:119)
	at com.kms.katalon.core.main.TestCaseExecutor.runScript(TestCaseExecutor.java:442)
	at com.kms.katalon.core.main.TestCaseExecutor.doExecute(TestCaseExecutor.java:433)
	at com.kms.katalon.core.main.TestCaseExecutor.processExecutionPhase(TestCaseExecutor.java:412)
	at com.kms.katalon.core.main.TestCaseExecutor.accessMainPhase(TestCaseExecutor.java:404)
	at com.kms.katalon.core.main.TestCaseExecutor.execute(TestCaseExecutor.java:281)
	at com.kms.katalon.core.main.TestSuiteExecutor.accessTestCaseMainPhase(TestSuiteExecutor.java:202)
	at com.kms.katalon.core.main.TestSuiteExecutor.accessTestSuiteMainPhase(TestSuiteExecutor.java:164)
	at com.kms.katalon.core.main.TestSuiteExecutor.execute(TestSuiteExecutor.java:105)
	at com.kms.katalon.core.main.TestCaseMain.startTestSuite(TestCaseMain.java:181)
	at com.kms.katalon.core.main.TestCaseMain$startTestSuite$0.call(Unknown Source)
	at TempTestSuite1644752125801.run(TempTestSuite1644752125801.groovy:36)
Caused by: com.kms.katalon.core.webui.exception.WebElementNotFoundException: Web element with id: 'Object Repository/Teacher and Grade/Page_View Grade Test ch  2/a_im' located by '//section[@id='region-main']/div[2]/div[3]/center/div/a[2]' not found
	at com.kms.katalon.core.webui.common.WebUiCommonHelper.findWebElement(WebUiCommonHelper.java:1368)
	at com.kms.katalon.core.webui.keyword.internal.WebUIAbstractKeyword.findWebElement(WebUIAbstractKeyword.groovy:27)
	at com.kms.katalon.core.webui.keyword.builtin.ClickKeyword$_click_closure1.doCall(ClickKeyword.groovy:65)
	at com.kms.katalon.core.webui.keyword.builtin.ClickKeyword$_click_closure1.call(ClickKeyword.groovy)
	at com.kms.katalon.core.webui.keyword.internal.WebUIKeywordMain.runKeyword(WebUIKeywordMain.groovy:20)
	... 19 more]]></system-err>
   </testsuite>
</testsuites>
