<?xml version="1.0" encoding="UTF-8"?>
<testsuites name="Run All Test Cases" time="8344.971" tests="50" failures="20" errors="0">
   <testsuite name="Run All Test Cases" tests="50" failures="20" errors="0" time="8344.971" skipped="0" timestamp="2022-01-16 19:21:09" hostname="W10 - 192.168.56.1" id="Test Suites/Run All Test Cases">
      <properties>
         <property name="deviceName" value=""/>
         <property name="devicePlatform" value=""/>
         <property name="logFolder" value="C:\\xampp\\htdocs\\moodle\\Test Automation - SE Bonus\\Reports\\20220116_192056\\Run All Test Cases\\20220116_192056"/>
         <property name="logFiles" value="C:\\xampp\\htdocs\\moodle\\Test Automation - SE Bonus\\Reports\\20220116_192056\\Run All Test Cases\\20220116_192056\\execution0.log"/>
         <property name="attachments" value="C:\\xampp\\htdocs\\moodle\\Test Automation - SE Bonus\\Reports\\20220116_192056\\Run All Test Cases\\20220116_192056\\1642336001469.png, C:\\xampp\\htdocs\\moodle\\Test Automation - SE Bonus\\Reports\\20220116_192056\\Run All Test Cases\\20220116_192056\\1642336046370.png, C:\\xampp\\htdocs\\moodle\\Test Automation - SE Bonus\\Reports\\20220116_192056\\Run All Test Cases\\20220116_192056\\1642336090149.png, C:\\xampp\\htdocs\\moodle\\Test Automation - SE Bonus\\Reports\\20220116_192056\\Run All Test Cases\\20220116_192056\\1642336133462.png, C:\\xampp\\htdocs\\moodle\\Test Automation - SE Bonus\\Reports\\20220116_192056\\Run All Test Cases\\20220116_192056\\1642336181026.png, C:\\xampp\\htdocs\\moodle\\Test Automation - SE Bonus\\Reports\\20220116_192056\\Run All Test Cases\\20220116_192056\\1642336227266.png, C:\\xampp\\htdocs\\moodle\\Test Automation - SE Bonus\\Reports\\20220116_192056\\Run All Test Cases\\20220116_192056\\1642336269680.png, C:\\xampp\\htdocs\\moodle\\Test Automation - SE Bonus\\Reports\\20220116_192056\\Run All Test Cases\\20220116_192056\\1642336313905.png, C:\\xampp\\htdocs\\moodle\\Test Automation - SE Bonus\\Reports\\20220116_192056\\Run All Test Cases\\20220116_192056\\1642336350977.png, C:\\xampp\\htdocs\\moodle\\Test Automation - SE Bonus\\Reports\\20220116_192056\\Run All Test Cases\\20220116_192056\\1642336391010.png, C:\\xampp\\htdocs\\moodle\\Test Automation - SE Bonus\\Reports\\20220116_192056\\Run All Test Cases\\20220116_192056\\1642336432940.png, C:\\xampp\\htdocs\\moodle\\Test Automation - SE Bonus\\Reports\\20220116_192056\\Run All Test Cases\\20220116_192056\\1642336473855.png, C:\\xampp\\htdocs\\moodle\\Test Automation - SE Bonus\\Reports\\20220116_192056\\Run All Test Cases\\20220116_192056\\1642337940830.png, C:\\xampp\\htdocs\\moodle\\Test Automation - SE Bonus\\Reports\\20220116_192056\\Run All Test Cases\\20220116_192056\\1642337968077.png, C:\\xampp\\htdocs\\moodle\\Test Automation - SE Bonus\\Reports\\20220116_192056\\Run All Test Cases\\20220116_192056\\1642337994525.png, C:\\xampp\\htdocs\\moodle\\Test Automation - SE Bonus\\Reports\\20220116_192056\\Run All Test Cases\\20220116_192056\\1642338021721.png, C:\\xampp\\htdocs\\moodle\\Test Automation - SE Bonus\\Reports\\20220116_192056\\Run All Test Cases\\20220116_192056\\1642338313710.png, C:\\xampp\\htdocs\\moodle\\Test Automation - SE Bonus\\Reports\\20220116_192056\\Run All Test Cases\\20220116_192056\\1642338810135.png, C:\\xampp\\htdocs\\moodle\\Test Automation - SE Bonus\\Reports\\20220116_192056\\Run All Test Cases\\20220116_192056\\1642338944148.png, C:\\xampp\\htdocs\\moodle\\Test Automation - SE Bonus\\Reports\\20220116_192056\\Run All Test Cases\\20220116_192056\\1642339073664.png, C:\\xampp\\htdocs\\moodle\\Test Automation - SE Bonus\\Reports\\20220116_192056\\Run All Test Cases\\20220116_192056\\1642339184181.png, C:\\xampp\\htdocs\\moodle\\Test Automation - SE Bonus\\Reports\\20220116_192056\\Run All Test Cases\\20220116_192056\\1642339240479.png, C:\\xampp\\htdocs\\moodle\\Test Automation - SE Bonus\\Reports\\20220116_192056\\Run All Test Cases\\20220116_192056\\1642339297516.png, C:\\xampp\\htdocs\\moodle\\Test Automation - SE Bonus\\Reports\\20220116_192056\\Run All Test Cases\\20220116_192056\\1642339349496.png, C:\\xampp\\htdocs\\moodle\\Test Automation - SE Bonus\\Reports\\20220116_192056\\Run All Test Cases\\20220116_192056\\1642339401459.png, C:\\xampp\\htdocs\\moodle\\Test Automation - SE Bonus\\Reports\\20220116_192056\\Run All Test Cases\\20220116_192056\\1642339518607.png, C:\\xampp\\htdocs\\moodle\\Test Automation - SE Bonus\\Reports\\20220116_192056\\Run All Test Cases\\20220116_192056\\1642339518890.png, C:\\xampp\\htdocs\\moodle\\Test Automation - SE Bonus\\Reports\\20220116_192056\\Run All Test Cases\\20220116_192056\\1642339638549.png, C:\\xampp\\htdocs\\moodle\\Test Automation - SE Bonus\\Reports\\20220116_192056\\Run All Test Cases\\20220116_192056\\1642339638765.png, C:\\xampp\\htdocs\\moodle\\Test Automation - SE Bonus\\Reports\\20220116_192056\\Run All Test Cases\\20220116_192056\\1642339747802.png, C:\\xampp\\htdocs\\moodle\\Test Automation - SE Bonus\\Reports\\20220116_192056\\Run All Test Cases\\20220116_192056\\1642339748045.png, C:\\xampp\\htdocs\\moodle\\Test Automation - SE Bonus\\Reports\\20220116_192056\\Run All Test Cases\\20220116_192056\\1642339862118.png, C:\\xampp\\htdocs\\moodle\\Test Automation - SE Bonus\\Reports\\20220116_192056\\Run All Test Cases\\20220116_192056\\1642339862409.png, C:\\xampp\\htdocs\\moodle\\Test Automation - SE Bonus\\Reports\\20220116_192056\\Run All Test Cases\\20220116_192056\\1642340059447.png, C:\\xampp\\htdocs\\moodle\\Test Automation - SE Bonus\\Reports\\20220116_192056\\Run All Test Cases\\20220116_192056\\1642340059633.png, C:\\xampp\\htdocs\\moodle\\Test Automation - SE Bonus\\Reports\\20220116_192056\\Run All Test Cases\\20220116_192056\\1642340162008.png, C:\\xampp\\htdocs\\moodle\\Test Automation - SE Bonus\\Reports\\20220116_192056\\Run All Test Cases\\20220116_192056\\1642340162258.png, C:\\xampp\\htdocs\\moodle\\Test Automation - SE Bonus\\Reports\\20220116_192056\\Run All Test Cases\\20220116_192056\\1642340261997.png, C:\\xampp\\htdocs\\moodle\\Test Automation - SE Bonus\\Reports\\20220116_192056\\Run All Test Cases\\20220116_192056\\1642340262430.png, C:\\xampp\\htdocs\\moodle\\Test Automation - SE Bonus\\Reports\\20220116_192056\\Run All Test Cases\\20220116_192056\\1642340359998.png, C:\\xampp\\htdocs\\moodle\\Test Automation - SE Bonus\\Reports\\20220116_192056\\Run All Test Cases\\20220116_192056\\1642340360349.png, C:\\xampp\\htdocs\\moodle\\Test Automation - SE Bonus\\Reports\\20220116_192056\\Run All Test Cases\\20220116_192056\\1642340473272.png, C:\\xampp\\htdocs\\moodle\\Test Automation - SE Bonus\\Reports\\20220116_192056\\Run All Test Cases\\20220116_192056\\1642340583770.png, C:\\xampp\\htdocs\\moodle\\Test Automation - SE Bonus\\Reports\\20220116_192056\\Run All Test Cases\\20220116_192056\\1642340690171.png, C:\\xampp\\htdocs\\moodle\\Test Automation - SE Bonus\\Reports\\20220116_192056\\Run All Test Cases\\20220116_192056\\1642340794457.png, C:\\xampp\\htdocs\\moodle\\Test Automation - SE Bonus\\Reports\\20220116_192056\\Run All Test Cases\\20220116_192056\\1642340941220.png, C:\\xampp\\htdocs\\moodle\\Test Automation - SE Bonus\\Reports\\20220116_192056\\Run All Test Cases\\20220116_192056\\1642340941365.png, C:\\xampp\\htdocs\\moodle\\Test Automation - SE Bonus\\Reports\\20220116_192056\\Run All Test Cases\\20220116_192056\\1642341042281.png, C:\\xampp\\htdocs\\moodle\\Test Automation - SE Bonus\\Reports\\20220116_192056\\Run All Test Cases\\20220116_192056\\1642341042563.png, C:\\xampp\\htdocs\\moodle\\Test Automation - SE Bonus\\Reports\\20220116_192056\\Run All Test Cases\\20220116_192056\\1642341140105.png, C:\\xampp\\htdocs\\moodle\\Test Automation - SE Bonus\\Reports\\20220116_192056\\Run All Test Cases\\20220116_192056\\1642341140311.png, C:\\xampp\\htdocs\\moodle\\Test Automation - SE Bonus\\Reports\\20220116_192056\\Run All Test Cases\\20220116_192056\\1642341234655.png, C:\\xampp\\htdocs\\moodle\\Test Automation - SE Bonus\\Reports\\20220116_192056\\Run All Test Cases\\20220116_192056\\1642341234805.png, C:\\xampp\\htdocs\\moodle\\Test Automation - SE Bonus\\Reports\\20220116_192056\\Run All Test Cases\\20220116_192056\\1642341278047.png, C:\\xampp\\htdocs\\moodle\\Test Automation - SE Bonus\\Reports\\20220116_192056\\Run All Test Cases\\20220116_192056\\1642341320220.png, C:\\xampp\\htdocs\\moodle\\Test Automation - SE Bonus\\Reports\\20220116_192056\\Run All Test Cases\\20220116_192056\\1642341364629.png, C:\\xampp\\htdocs\\moodle\\Test Automation - SE Bonus\\Reports\\20220116_192056\\Run All Test Cases\\20220116_192056\\1642341406348.png, C:\\xampp\\htdocs\\moodle\\Test Automation - SE Bonus\\Reports\\20220116_192056\\Run All Test Cases\\20220116_192056\\1642341511306.png, C:\\xampp\\htdocs\\moodle\\Test Automation - SE Bonus\\Reports\\20220116_192056\\Run All Test Cases\\20220116_192056\\1642341583278.png, C:\\xampp\\htdocs\\moodle\\Test Automation - SE Bonus\\Reports\\20220116_192056\\Run All Test Cases\\20220116_192056\\1642341655056.png, C:\\xampp\\htdocs\\moodle\\Test Automation - SE Bonus\\Reports\\20220116_192056\\Run All Test Cases\\20220116_192056\\1642341735627.png, C:\\xampp\\htdocs\\moodle\\Test Automation - SE Bonus\\Reports\\20220116_192056\\Run All Test Cases\\20220116_192056\\1642341811048.png, C:\\xampp\\htdocs\\moodle\\Test Automation - SE Bonus\\Reports\\20220116_192056\\Run All Test Cases\\20220116_192056\\1642341884018.png, C:\\xampp\\htdocs\\moodle\\Test Automation - SE Bonus\\Reports\\20220116_192056\\Run All Test Cases\\20220116_192056\\1642341956501.png, C:\\xampp\\htdocs\\moodle\\Test Automation - SE Bonus\\Reports\\20220116_192056\\Run All Test Cases\\20220116_192056\\1642342005046.png, C:\\xampp\\htdocs\\moodle\\Test Automation - SE Bonus\\Reports\\20220116_192056\\Run All Test Cases\\20220116_192056\\1642342226120.png, C:\\xampp\\htdocs\\moodle\\Test Automation - SE Bonus\\Reports\\20220116_192056\\Run All Test Cases\\20220116_192056\\1642342277707.png, C:\\xampp\\htdocs\\moodle\\Test Automation - SE Bonus\\Reports\\20220116_192056\\Run All Test Cases\\20220116_192056\\1642342325467.png, C:\\xampp\\htdocs\\moodle\\Test Automation - SE Bonus\\Reports\\20220116_192056\\Run All Test Cases\\20220116_192056\\1642342417626.png, C:\\xampp\\htdocs\\moodle\\Test Automation - SE Bonus\\Reports\\20220116_192056\\Run All Test Cases\\20220116_192056\\1642342502777.png, C:\\xampp\\htdocs\\moodle\\Test Automation - SE Bonus\\Reports\\20220116_192056\\Run All Test Cases\\20220116_192056\\1642342550459.png, C:\\xampp\\htdocs\\moodle\\Test Automation - SE Bonus\\Reports\\20220116_192056\\Run All Test Cases\\20220116_192056\\1642342598027.png, C:\\xampp\\htdocs\\moodle\\Test Automation - SE Bonus\\Reports\\20220116_192056\\Run All Test Cases\\20220116_192056\\1642342644197.png, C:\\xampp\\htdocs\\moodle\\Test Automation - SE Bonus\\Reports\\20220116_192056\\Run All Test Cases\\20220116_192056\\1642342722652.png, C:\\xampp\\htdocs\\moodle\\Test Automation - SE Bonus\\Reports\\20220116_192056\\Run All Test Cases\\20220116_192056\\1642342770969.png, C:\\xampp\\htdocs\\moodle\\Test Automation - SE Bonus\\Reports\\20220116_192056\\Run All Test Cases\\20220116_192056\\1642342850847.png, C:\\xampp\\htdocs\\moodle\\Test Automation - SE Bonus\\Reports\\20220116_192056\\Run All Test Cases\\20220116_192056\\1642342943438.png, C:\\xampp\\htdocs\\moodle\\Test Automation - SE Bonus\\Reports\\20220116_192056\\Run All Test Cases\\20220116_192056\\1642343030066.png, C:\\xampp\\htdocs\\moodle\\Test Automation - SE Bonus\\Reports\\20220116_192056\\Run All Test Cases\\20220116_192056\\1642343117630.png, C:\\xampp\\htdocs\\moodle\\Test Automation - SE Bonus\\Reports\\20220116_192056\\Run All Test Cases\\20220116_192056\\1642343176231.png, C:\\xampp\\htdocs\\moodle\\Test Automation - SE Bonus\\Reports\\20220116_192056\\Run All Test Cases\\20220116_192056\\1642343232487.png, C:\\xampp\\htdocs\\moodle\\Test Automation - SE Bonus\\Reports\\20220116_192056\\Run All Test Cases\\20220116_192056\\1642343319944.png, C:\\xampp\\htdocs\\moodle\\Test Automation - SE Bonus\\Reports\\20220116_192056\\Run All Test Cases\\20220116_192056\\1642343373514.png, C:\\xampp\\htdocs\\moodle\\Test Automation - SE Bonus\\Reports\\20220116_192056\\Run All Test Cases\\20220116_192056\\1642343448613.png, C:\\xampp\\htdocs\\moodle\\Test Automation - SE Bonus\\Reports\\20220116_192056\\Run All Test Cases\\20220116_192056\\1642343496966.png, C:\\xampp\\htdocs\\moodle\\Test Automation - SE Bonus\\Reports\\20220116_192056\\Run All Test Cases\\20220116_192056\\1642343546064.png, C:\\xampp\\htdocs\\moodle\\Test Automation - SE Bonus\\Reports\\20220116_192056\\Run All Test Cases\\20220116_192056\\1642343593491.png, C:\\xampp\\htdocs\\moodle\\Test Automation - SE Bonus\\Reports\\20220116_192056\\Run All Test Cases\\20220116_192056\\1642343674763.png, C:\\xampp\\htdocs\\moodle\\Test Automation - SE Bonus\\Reports\\20220116_192056\\Run All Test Cases\\20220116_192056\\1642343759068.png, C:\\xampp\\htdocs\\moodle\\Test Automation - SE Bonus\\Reports\\20220116_192056\\Run All Test Cases\\20220116_192056\\1642343814030.png, C:\\xampp\\htdocs\\moodle\\Test Automation - SE Bonus\\Reports\\20220116_192056\\Run All Test Cases\\20220116_192056\\1642343870603.png, C:\\xampp\\htdocs\\moodle\\Test Automation - SE Bonus\\Reports\\20220116_192056\\Run All Test Cases\\20220116_192056\\1642343932424.png, C:\\xampp\\htdocs\\moodle\\Test Automation - SE Bonus\\Reports\\20220116_192056\\Run All Test Cases\\20220116_192056\\1642344014367.png"/>
         <property name="hostName" value="W10 - 192.168.56.1"/>
         <property name="os" value="Windows 10 64bit"/>
         <property name="katalonVersion" value="8.2.0.208"/>
         <property name="browser" value="Edge Chromium 97"/>
         <property name="hostAddress" value="192.168.56.1"/>
         <property name="sessionId" value="c9c3ea26ea013a8cf2078e6287eab457"/>
         <property name="seleniumVersion" value="3.141.59"/>
         <property name="proxyInformation" value="ProxyInformation { proxyOption=NO_PROXY, proxyServerType=HTTP, username=, password=********, proxyServerAddress=, proxyServerPort=0, executionList=&quot;&quot;, isApplyToDesiredCapabilities=true }"/>
         <property name="platform" value="Windows 10"/>
      </properties>
      <testcase name="Test Cases/Admin Site/Login with Admin" time="29.964" classname="Test Cases/Admin Site/Login with Admin" status="PASSED">
         <system-out><![CDATA[2022-01-16 19:21:11 - [TEST_CASE][PASSED] - Test Cases/Admin Site/Login with Admin: Test Cases/Admin Site/Login with Admin

2022-01-16 19:21:12 - [TEST_STEP][PASSED] - openBrowser(""): Browser is opened with url: ''

2022-01-16 19:21:14 - [MESSAGE][INFO] - Starting 'Edge Chromium' driver

2022-01-16 19:21:17 - [MESSAGE][INFO] - Action delay is set to 0 milliseconds

2022-01-16 19:21:22 - [MESSAGE][PASSED] - Browser is opened with url: ''

2022-01-16 19:21:22 - [TEST_STEP][PASSED] - navigateToUrl("http://localhost/"): Navigate to 'http://localhost/' successfully

2022-01-16 19:21:25 - [MESSAGE][PASSED] - Navigate to 'http://localhost/' successfully

2022-01-16 19:21:25 - [TEST_STEP][PASSED] - click(findTestObject("Object Repository/Admin Site/Page_Local Moodle/a_Log in")): Object: 'Object Repository/Admin Site/Page_Local Moodle/a_Log in' is clicked on

2022-01-16 19:21:27 - [MESSAGE][PASSED] - Object: 'Object Repository/Admin Site/Page_Local Moodle/a_Log in' is clicked on

2022-01-16 19:21:27 - [TEST_STEP][PASSED] - setText(findTestObject("Object Repository/Admin Site/Page_Local Moodle Log in to the site/input_Username_username"), "admin"): Text 'admin' is set on object 'Object Repository/Admin Site/Page_Local Moodle Log in to the site/input_Username_username'

2022-01-16 19:21:29 - [MESSAGE][PASSED] - Text 'admin' is set on object 'Object Repository/Admin Site/Page_Local Moodle Log in to the site/input_Username_username'

2022-01-16 19:21:29 - [TEST_STEP][PASSED] - setEncryptedText(findTestObject("Object Repository/Admin Site/Page_Local Moodle Log in to the site/input_Password_password"), "bfAykA/oWJ09FXmiKh6lyuuLu8QhG1K5"): Text ****** has been set on object 'Object Repository/Admin Site/Page_Local Moodle Log in to the site/input_Password_password'

2022-01-16 19:21:30 - [MESSAGE][PASSED] - Text ****** has been set on object 'Object Repository/Admin Site/Page_Local Moodle Log in to the site/input_Password_password'

2022-01-16 19:21:30 - [TEST_STEP][PASSED] - click(findTestObject("Object Repository/Admin Site/Page_Local Moodle Log in to the site/button_Log in")): Object: 'Object Repository/Admin Site/Page_Local Moodle Log in to the site/button_Log in' is clicked on

2022-01-16 19:21:35 - [MESSAGE][PASSED] - Object: 'Object Repository/Admin Site/Page_Local Moodle Log in to the site/button_Log in' is clicked on

2022-01-16 19:21:35 - [TEST_STEP][PASSED] - click(findTestObject("Object Repository/Admin Site/Page_Nh ca ti/span_Qun tr khu vc")): Object: 'Object Repository/Admin Site/Page_Nh ca ti/span_Qun tr khu vc' is clicked on

2022-01-16 19:21:40 - [MESSAGE][PASSED] - Object: 'Object Repository/Admin Site/Page_Nh ca ti/span_Qun tr khu vc' is clicked on

2022-01-16 19:21:40 - [TEST_STEP][PASSED] - verifyElementPresent(findTestObject("Object Repository/Admin Site/Page_Moodle Khu vc qun tr Tm kim/a_Qun tr khu vc"), 0): Object 'Object Repository/Admin Site/Page_Moodle Khu vc qun tr Tm kim/a_Qun tr khu vc' is present

2022-01-16 19:21:40 - [MESSAGE][WARNING] - Timeout '0' is invalid. Using default page load timeout: '5'

2022-01-16 19:21:41 - [MESSAGE][PASSED] - Object 'Object Repository/Admin Site/Page_Moodle Khu vc qun tr Tm kim/a_Qun tr khu vc' is present]]></system-out>
         <system-err><![CDATA[]]></system-err>
      </testcase>
      <testcase name="Test Cases/Admin Site/Change full site name" time="53.708" classname="Test Cases/Admin Site/Change full site name" status="PASSED">
         <system-out><![CDATA[2022-01-16 19:21:41 - [TEST_CASE][PASSED] - Test Cases/Admin Site/Change full site name: Test Cases/Admin Site/Change full site name

2022-01-16 19:21:43 - [TEST_STEP][PASSED] - callTestCase(findTestCase("Admin Site/Login with Admin"), [:], STOP_ON_FAILURE): Call Test Case 'Test Cases/Admin Site/Login with Admin' successfully

2022-01-16 19:21:43 - [TEST_CASE][PASSED] - Test Cases/Admin Site/Login with Admin: Test Cases/Admin Site/Login with Admin

2022-01-16 19:21:43 - [TEST_STEP][PASSED] - openBrowser(""): Browser is opened with url: ''

2022-01-16 19:21:43 - [MESSAGE][WARNING] - A browser is already opened. Closing browser and opening a new one

2022-01-16 19:21:44 - [MESSAGE][INFO] - Starting 'Edge Chromium' driver

2022-01-16 19:21:47 - [MESSAGE][INFO] - Action delay is set to 0 milliseconds

2022-01-16 19:21:49 - [MESSAGE][PASSED] - Browser is opened with url: ''

2022-01-16 19:21:49 - [TEST_STEP][PASSED] - navigateToUrl("http://localhost/"): Navigate to 'http://localhost/' successfully

2022-01-16 19:21:51 - [MESSAGE][PASSED] - Navigate to 'http://localhost/' successfully

2022-01-16 19:21:51 - [TEST_STEP][PASSED] - click(findTestObject("Object Repository/Admin Site/Page_Local Moodle/a_Log in")): Object: 'Object Repository/Admin Site/Page_Local Moodle/a_Log in' is clicked on

2022-01-16 19:21:52 - [MESSAGE][PASSED] - Object: 'Object Repository/Admin Site/Page_Local Moodle/a_Log in' is clicked on

2022-01-16 19:21:52 - [TEST_STEP][PASSED] - setText(findTestObject("Object Repository/Admin Site/Page_Local Moodle Log in to the site/input_Username_username"), "admin"): Text 'admin' is set on object 'Object Repository/Admin Site/Page_Local Moodle Log in to the site/input_Username_username'

2022-01-16 19:21:54 - [MESSAGE][PASSED] - Text 'admin' is set on object 'Object Repository/Admin Site/Page_Local Moodle Log in to the site/input_Username_username'

2022-01-16 19:21:54 - [TEST_STEP][PASSED] - setEncryptedText(findTestObject("Object Repository/Admin Site/Page_Local Moodle Log in to the site/input_Password_password"), "bfAykA/oWJ09FXmiKh6lyuuLu8QhG1K5"): Text ****** has been set on object 'Object Repository/Admin Site/Page_Local Moodle Log in to the site/input_Password_password'

2022-01-16 19:21:54 - [MESSAGE][PASSED] - Text ****** has been set on object 'Object Repository/Admin Site/Page_Local Moodle Log in to the site/input_Password_password'

2022-01-16 19:21:54 - [TEST_STEP][PASSED] - click(findTestObject("Object Repository/Admin Site/Page_Local Moodle Log in to the site/button_Log in")): Object: 'Object Repository/Admin Site/Page_Local Moodle Log in to the site/button_Log in' is clicked on

2022-01-16 19:21:59 - [MESSAGE][PASSED] - Object: 'Object Repository/Admin Site/Page_Local Moodle Log in to the site/button_Log in' is clicked on

2022-01-16 19:21:59 - [TEST_STEP][PASSED] - click(findTestObject("Object Repository/Admin Site/Page_Nh ca ti/span_Qun tr khu vc")): Object: 'Object Repository/Admin Site/Page_Nh ca ti/span_Qun tr khu vc' is clicked on

2022-01-16 19:22:05 - [MESSAGE][PASSED] - Object: 'Object Repository/Admin Site/Page_Nh ca ti/span_Qun tr khu vc' is clicked on

2022-01-16 19:22:05 - [TEST_STEP][PASSED] - verifyElementPresent(findTestObject("Object Repository/Admin Site/Page_Moodle Khu vc qun tr Tm kim/a_Qun tr khu vc"), 0): Object 'Object Repository/Admin Site/Page_Moodle Khu vc qun tr Tm kim/a_Qun tr khu vc' is present

2022-01-16 19:22:05 - [MESSAGE][WARNING] - Timeout '0' is invalid. Using default page load timeout: '5'

2022-01-16 19:22:06 - [MESSAGE][PASSED] - Object 'Object Repository/Admin Site/Page_Moodle Khu vc qun tr Tm kim/a_Qun tr khu vc' is present

2022-01-16 19:22:06 - [MESSAGE][PASSED] - Call Test Case 'Test Cases/Admin Site/Login with Admin' successfully

2022-01-16 19:22:06 - [TEST_STEP][PASSED] - click(findTestObject("Object Repository/Admin Site/Page_Moodle Khu vc qun tr Tm kim/a_Thit t trang ch")): Object: 'Object Repository/Admin Site/Page_Moodle Khu vc qun tr Tm kim/a_Thit t trang ch' is clicked on

2022-01-16 19:22:10 - [MESSAGE][PASSED] - Object: 'Object Repository/Admin Site/Page_Moodle Khu vc qun tr Tm kim/a_Thit t trang ch' is clicked on

2022-01-16 19:22:10 - [TEST_STEP][PASSED] - setText(findTestObject("Object Repository/Admin Site/Page_Moodle Khu vc qun tr Trang ch Thit t trang ch/input_fullname_s__fullname"), new_site_name): Text 'New Moodle Site' is set on object 'Object Repository/Admin Site/Page_Moodle Khu vc qun tr Trang ch Thit t trang ch/input_fullname_s__fullname'

2022-01-16 19:22:12 - [MESSAGE][PASSED] - Text 'New Moodle Site' is set on object 'Object Repository/Admin Site/Page_Moodle Khu vc qun tr Trang ch Thit t trang ch/input_fullname_s__fullname'

2022-01-16 19:22:12 - [TEST_STEP][PASSED] - click(findTestObject("Object Repository/Admin Site/Page_Moodle Khu vc qun tr Trang ch Thit t trang ch/button_Lu cc thay i")): Object: 'Object Repository/Admin Site/Page_Moodle Khu vc qun tr Trang ch Thit t trang ch/button_Lu cc thay i' is clicked on

2022-01-16 19:22:19 - [MESSAGE][INFO] - Unable to find the element located by 'By.xpath: //button[@id='yui_3_17_2_1_1641267626847_379']'. Please recheck the objects properties to make sure the desired element is located. 

2022-01-16 19:22:19 - [MESSAGE][WARNING] - [SELF-HEALING] Failed to find element with id 'Object Repository/Admin Site/Page_Moodle Khu vc qun tr Trang ch Thit t trang ch/button_Lu cc thay i'. Try using Self-healing.

2022-01-16 19:22:19 - [MESSAGE][WARNING] - [SELF-HEALING] The current locator of test object 'Object Repository/Admin Site/Page_Moodle Khu vc qun tr Trang ch Thit t trang ch/button_Lu cc thay i' was broken. Propose an alternative one: '(.//*[normalize-space(text()) and normalize-space(.)='Mặc định: Người dùng đã xác thực trên trang chủ (frontpage)'])[1]/following::button[1]'.

2022-01-16 19:22:23 - [MESSAGE][PASSED] - Object: 'Object Repository/Admin Site/Page_Moodle Khu vc qun tr Trang ch Thit t trang ch/button_Lu cc thay i' is clicked on

2022-01-16 19:22:23 - [TEST_STEP][PASSED] - click(findTestObject("Object Repository/Admin Site/Page_Moodle Khu vc qun tr Trang ch Thit t trang ch/a_Qun tr Thnh vin")): Object: 'Object Repository/Admin Site/Page_Moodle Khu vc qun tr Trang ch Thit t trang ch/a_Qun tr Thnh vin' is clicked on

2022-01-16 19:22:25 - [MESSAGE][PASSED] - Object: 'Object Repository/Admin Site/Page_Moodle Khu vc qun tr Trang ch Thit t trang ch/a_Qun tr Thnh vin' is clicked on

2022-01-16 19:22:25 - [TEST_STEP][PASSED] - click(findTestObject("Object Repository/Admin Site/Page_Moodle Khu vc qun tr Trang ch Thit t trang ch/span_Thot")): Object: 'Object Repository/Admin Site/Page_Moodle Khu vc qun tr Trang ch Thit t trang ch/span_Thot' is clicked on

2022-01-16 19:22:26 - [MESSAGE][PASSED] - Object: 'Object Repository/Admin Site/Page_Moodle Khu vc qun tr Trang ch Thit t trang ch/span_Thot' is clicked on

2022-01-16 19:22:26 - [TEST_STEP][PASSED] - verifyElementText(findTestObject("Object Repository/Admin Site/Page_New Moodle/h1_New Moodle_1"), new_site_name): Actual text and expected text of test object 'Object Repository/Admin Site/Page_New Moodle/h1_New Moodle_1' are matched.

2022-01-16 19:22:33 - [MESSAGE][INFO] - Unable to find the element located by 'By.xpath: //h1[@id='yui_3_17_2_1_1641267670435_20']'. Please recheck the objects properties to make sure the desired element is located. 

2022-01-16 19:22:33 - [MESSAGE][WARNING] - [SELF-HEALING] Failed to find element with id 'Object Repository/Admin Site/Page_New Moodle/h1_New Moodle_1'. Try using Self-healing.

2022-01-16 19:22:33 - [MESSAGE][WARNING] - [SELF-HEALING] The current locator of test object 'Object Repository/Admin Site/Page_New Moodle/h1_New Moodle_1' was broken. Propose an alternative one: '(.//*[normalize-space(text()) and normalize-space(.)='Home'])[1]/following::h1[1]'.

2022-01-16 19:22:33 - [MESSAGE][PASSED] - Actual text and expected text of test object 'Object Repository/Admin Site/Page_New Moodle/h1_New Moodle_1' are matched.

2022-01-16 19:22:33 - [TEST_STEP][PASSED] - closeBrowser(): Browser is closed

2022-01-16 19:22:34 - [MESSAGE][PASSED] - Browser is closed]]></system-out>
         <system-err><![CDATA[]]></system-err>
      </testcase>
      <testcase name="Test Cases/Admin Site/Turn on Maintaince mode" time="63.502" classname="Test Cases/Admin Site/Turn on Maintaince mode" status="PASSED">
         <system-out><![CDATA[2022-01-16 19:22:34 - [TEST_CASE][PASSED] - Test Cases/Admin Site/Turn on Maintaince mode: Test Cases/Admin Site/Turn on Maintaince mode

2022-01-16 19:22:35 - [TEST_STEP][PASSED] - callTestCase(findTestCase("Admin Site/Login with Admin"), [:], STOP_ON_FAILURE): Call Test Case 'Test Cases/Admin Site/Login with Admin' successfully

2022-01-16 19:22:35 - [TEST_CASE][PASSED] - Test Cases/Admin Site/Login with Admin: Test Cases/Admin Site/Login with Admin

2022-01-16 19:22:35 - [TEST_STEP][PASSED] - openBrowser(""): Browser is opened with url: ''

2022-01-16 19:22:35 - [MESSAGE][INFO] - Starting 'Edge Chromium' driver

2022-01-16 19:22:38 - [MESSAGE][INFO] - Action delay is set to 0 milliseconds

2022-01-16 19:22:40 - [MESSAGE][PASSED] - Browser is opened with url: ''

2022-01-16 19:22:40 - [TEST_STEP][PASSED] - navigateToUrl("http://localhost/"): Navigate to 'http://localhost/' successfully

2022-01-16 19:22:43 - [MESSAGE][PASSED] - Navigate to 'http://localhost/' successfully

2022-01-16 19:22:43 - [TEST_STEP][PASSED] - click(findTestObject("Object Repository/Admin Site/Page_Local Moodle/a_Log in")): Object: 'Object Repository/Admin Site/Page_Local Moodle/a_Log in' is clicked on

2022-01-16 19:22:44 - [MESSAGE][PASSED] - Object: 'Object Repository/Admin Site/Page_Local Moodle/a_Log in' is clicked on

2022-01-16 19:22:44 - [TEST_STEP][PASSED] - setText(findTestObject("Object Repository/Admin Site/Page_Local Moodle Log in to the site/input_Username_username"), "admin"): Text 'admin' is set on object 'Object Repository/Admin Site/Page_Local Moodle Log in to the site/input_Username_username'

2022-01-16 19:22:45 - [MESSAGE][PASSED] - Text 'admin' is set on object 'Object Repository/Admin Site/Page_Local Moodle Log in to the site/input_Username_username'

2022-01-16 19:22:45 - [TEST_STEP][PASSED] - setEncryptedText(findTestObject("Object Repository/Admin Site/Page_Local Moodle Log in to the site/input_Password_password"), "bfAykA/oWJ09FXmiKh6lyuuLu8QhG1K5"): Text ****** has been set on object 'Object Repository/Admin Site/Page_Local Moodle Log in to the site/input_Password_password'

2022-01-16 19:22:46 - [MESSAGE][PASSED] - Text ****** has been set on object 'Object Repository/Admin Site/Page_Local Moodle Log in to the site/input_Password_password'

2022-01-16 19:22:46 - [TEST_STEP][PASSED] - click(findTestObject("Object Repository/Admin Site/Page_Local Moodle Log in to the site/button_Log in")): Object: 'Object Repository/Admin Site/Page_Local Moodle Log in to the site/button_Log in' is clicked on

2022-01-16 19:22:50 - [MESSAGE][PASSED] - Object: 'Object Repository/Admin Site/Page_Local Moodle Log in to the site/button_Log in' is clicked on

2022-01-16 19:22:50 - [TEST_STEP][PASSED] - click(findTestObject("Object Repository/Admin Site/Page_Nh ca ti/span_Qun tr khu vc")): Object: 'Object Repository/Admin Site/Page_Nh ca ti/span_Qun tr khu vc' is clicked on

2022-01-16 19:22:55 - [MESSAGE][PASSED] - Object: 'Object Repository/Admin Site/Page_Nh ca ti/span_Qun tr khu vc' is clicked on

2022-01-16 19:22:55 - [TEST_STEP][PASSED] - verifyElementPresent(findTestObject("Object Repository/Admin Site/Page_Moodle Khu vc qun tr Tm kim/a_Qun tr khu vc"), 0): Object 'Object Repository/Admin Site/Page_Moodle Khu vc qun tr Tm kim/a_Qun tr khu vc' is present

2022-01-16 19:22:55 - [MESSAGE][WARNING] - Timeout '0' is invalid. Using default page load timeout: '5'

2022-01-16 19:22:55 - [MESSAGE][PASSED] - Object 'Object Repository/Admin Site/Page_Moodle Khu vc qun tr Tm kim/a_Qun tr khu vc' is present

2022-01-16 19:22:55 - [MESSAGE][PASSED] - Call Test Case 'Test Cases/Admin Site/Login with Admin' successfully

2022-01-16 19:22:55 - [TEST_STEP][PASSED] - click(findTestObject("Object Repository/Admin Site/Page_Moodle Khu vc qun tr Tm kim/a_My ch")): Object: 'Object Repository/Admin Site/Page_Moodle Khu vc qun tr Tm kim/a_My ch' is clicked on

2022-01-16 19:22:56 - [MESSAGE][PASSED] - Object: 'Object Repository/Admin Site/Page_Moodle Khu vc qun tr Tm kim/a_My ch' is clicked on

2022-01-16 19:22:56 - [TEST_STEP][PASSED] - click(findTestObject("Object Repository/Admin Site/Page_Moodle Khu vc qun tr Tm kim/a_Ch  bo tr")): Object: 'Object Repository/Admin Site/Page_Moodle Khu vc qun tr Tm kim/a_Ch  bo tr' is clicked on

2022-01-16 19:22:59 - [MESSAGE][PASSED] - Object: 'Object Repository/Admin Site/Page_Moodle Khu vc qun tr Tm kim/a_Ch  bo tr' is clicked on

2022-01-16 19:22:59 - [TEST_STEP][PASSED] - navigateToUrl("http://localhost/admin/settings.php?section=maintenancemode"): Navigate to 'http://localhost/admin/settings.php?section=maintenancemode' successfully

2022-01-16 19:23:01 - [MESSAGE][PASSED] - Navigate to 'http://localhost/admin/settings.php?section=maintenancemode' successfully

2022-01-16 19:23:01 - [TEST_STEP][PASSED] - selectOptionByValue(findTestObject("Object Repository/Admin Site/Page_Moodle Khu vc qun tr My ch Ch  bo tr/select_Tt            M"), "1", true): All options with value '1' are selected in object 'Object Repository/Admin Site/Page_Moodle Khu vc qun tr My ch Ch  bo tr/select_Tt            M'  using regular expression

2022-01-16 19:23:04 - [MESSAGE][PASSED] - All options with value '1' are selected in object 'Object Repository/Admin Site/Page_Moodle Khu vc qun tr My ch Ch  bo tr/select_Tt            M'  using regular expression

2022-01-16 19:23:04 - [TEST_STEP][PASSED] - click(findTestObject("Object Repository/Admin Site/Page_Moodle Khu vc qun tr My ch Ch  bo tr/button_Lu cc thay i")): Object: 'Object Repository/Admin Site/Page_Moodle Khu vc qun tr My ch Ch  bo tr/button_Lu cc thay i' is clicked on

2022-01-16 19:23:09 - [MESSAGE][PASSED] - Object: 'Object Repository/Admin Site/Page_Moodle Khu vc qun tr My ch Ch  bo tr/button_Lu cc thay i' is clicked on

2022-01-16 19:23:09 - [TEST_STEP][PASSED] - click(findTestObject("Object Repository/Admin Site/Page_Moodle Khu vc qun tr My ch Ch  bo tr -_346a94/a_Qun tr Thnh vin")): Object: 'Object Repository/Admin Site/Page_Moodle Khu vc qun tr My ch Ch  bo tr -_346a94/a_Qun tr Thnh vin' is clicked on

2022-01-16 19:23:10 - [MESSAGE][PASSED] - Object: 'Object Repository/Admin Site/Page_Moodle Khu vc qun tr My ch Ch  bo tr -_346a94/a_Qun tr Thnh vin' is clicked on

2022-01-16 19:23:10 - [TEST_STEP][PASSED] - click(findTestObject("Object Repository/Admin Site/Page_Moodle Khu vc qun tr My ch Ch  bo tr -_346a94/a_Thot")): Object: 'Object Repository/Admin Site/Page_Moodle Khu vc qun tr My ch Ch  bo tr -_346a94/a_Thot' is clicked on

2022-01-16 19:23:12 - [MESSAGE][PASSED] - Object: 'Object Repository/Admin Site/Page_Moodle Khu vc qun tr My ch Ch  bo tr -_346a94/a_Thot' is clicked on

2022-01-16 19:23:12 - [TEST_STEP][PASSED] - verifyElementText(findTestObject("Object Repository/Admin Site/Page_New Moodle Site - In maintenance mode/h2_The site is undergoing maintenance and i_04cd85"), "The site is undergoing maintenance and is currently not available"): Actual text and expected text of test object 'Object Repository/Admin Site/Page_New Moodle Site - In maintenance mode/h2_The site is undergoing maintenance and i_04cd85' are matched.

2022-01-16 19:23:13 - [MESSAGE][PASSED] - Actual text and expected text of test object 'Object Repository/Admin Site/Page_New Moodle Site - In maintenance mode/h2_The site is undergoing maintenance and i_04cd85' are matched.

2022-01-16 19:23:13 - [TEST_STEP][PASSED] - click(findTestObject("Object Repository/Admin Site/Page_New Moodle Site - In maintenance mode/a_Data retention summary")): Object: 'Object Repository/Admin Site/Page_New Moodle Site - In maintenance mode/a_Data retention summary' is clicked on

2022-01-16 19:23:14 - [MESSAGE][PASSED] - Object: 'Object Repository/Admin Site/Page_New Moodle Site - In maintenance mode/a_Data retention summary' is clicked on

2022-01-16 19:23:14 - [TEST_STEP][PASSED] - navigateToUrl("http://localhost/admin/tool/dataprivacy/summary.php"): Navigate to 'http://localhost/admin/tool/dataprivacy/summary.php' successfully

2022-01-16 19:23:15 - [MESSAGE][PASSED] - Navigate to 'http://localhost/admin/tool/dataprivacy/summary.php' successfully

2022-01-16 19:23:15 - [TEST_STEP][PASSED] - click(findTestObject("Object Repository/Admin Site/Page_Registry configuration summary - In ma_a4478e/a_Log in")): Object: 'Object Repository/Admin Site/Page_Registry configuration summary - In ma_a4478e/a_Log in' is clicked on

2022-01-16 19:23:16 - [MESSAGE][PASSED] - Object: 'Object Repository/Admin Site/Page_Registry configuration summary - In ma_a4478e/a_Log in' is clicked on

2022-01-16 19:23:16 - [TEST_STEP][PASSED] - setText(findTestObject("Object Repository/Admin Site/Page_New Moodle Site Log in to the site - I_a50ac0/input_Username_username"), "admin"): Text 'admin' is set on object 'Object Repository/Admin Site/Page_New Moodle Site Log in to the site - I_a50ac0/input_Username_username'

2022-01-16 19:23:18 - [MESSAGE][PASSED] - Text 'admin' is set on object 'Object Repository/Admin Site/Page_New Moodle Site Log in to the site - I_a50ac0/input_Username_username'

2022-01-16 19:23:18 - [TEST_STEP][PASSED] - setEncryptedText(findTestObject("Object Repository/Admin Site/Page_New Moodle Site Log in to the site - I_a50ac0/input_Password_password"), "bfAykA/oWJ09FXmiKh6lyuuLu8QhG1K5"): Text ****** has been set on object 'Object Repository/Admin Site/Page_New Moodle Site Log in to the site - I_a50ac0/input_Password_password'

2022-01-16 19:23:18 - [MESSAGE][PASSED] - Text ****** has been set on object 'Object Repository/Admin Site/Page_New Moodle Site Log in to the site - I_a50ac0/input_Password_password'

2022-01-16 19:23:18 - [TEST_STEP][PASSED] - click(findTestObject("Object Repository/Admin Site/Page_New Moodle Site Log in to the site - I_a50ac0/button_Log in")): Object: 'Object Repository/Admin Site/Page_New Moodle Site Log in to the site - I_a50ac0/button_Log in' is clicked on

2022-01-16 19:23:21 - [MESSAGE][PASSED] - Object: 'Object Repository/Admin Site/Page_New Moodle Site Log in to the site - I_a50ac0/button_Log in' is clicked on

2022-01-16 19:23:21 - [TEST_STEP][PASSED] - click(findTestObject("Object Repository/Admin Site/Page_Registry configuration summary - ang  _9bfae6/span_Qun tr khu vc")): Object: 'Object Repository/Admin Site/Page_Registry configuration summary - ang  _9bfae6/span_Qun tr khu vc' is clicked on

2022-01-16 19:23:24 - [MESSAGE][PASSED] - Object: 'Object Repository/Admin Site/Page_Registry configuration summary - ang  _9bfae6/span_Qun tr khu vc' is clicked on

2022-01-16 19:23:24 - [TEST_STEP][PASSED] - click(findTestObject("Object Repository/Admin Site/Page_Moodle Khu vc qun tr Tm kim - ang  ch  bo tr/a_My ch")): Object: 'Object Repository/Admin Site/Page_Moodle Khu vc qun tr Tm kim - ang  ch  bo tr/a_My ch' is clicked on

2022-01-16 19:23:24 - [MESSAGE][PASSED] - Object: 'Object Repository/Admin Site/Page_Moodle Khu vc qun tr Tm kim - ang  ch  bo tr/a_My ch' is clicked on

2022-01-16 19:23:24 - [TEST_STEP][PASSED] - click(findTestObject("Object Repository/Admin Site/Page_Moodle Khu vc qun tr Tm kim - ang  ch  bo tr/a_Ch  bo tr")): Object: 'Object Repository/Admin Site/Page_Moodle Khu vc qun tr Tm kim - ang  ch  bo tr/a_Ch  bo tr' is clicked on

2022-01-16 19:23:27 - [MESSAGE][PASSED] - Object: 'Object Repository/Admin Site/Page_Moodle Khu vc qun tr Tm kim - ang  ch  bo tr/a_Ch  bo tr' is clicked on

2022-01-16 19:23:27 - [TEST_STEP][PASSED] - selectOptionByValue(findTestObject("Object Repository/Admin Site/Page_Moodle Khu vc qun tr My ch Ch  bo tr -_346a94/select_Tt            M"), "0", true): All options with value '0' are selected in object 'Object Repository/Admin Site/Page_Moodle Khu vc qun tr My ch Ch  bo tr -_346a94/select_Tt            M'  using regular expression

2022-01-16 19:23:30 - [MESSAGE][PASSED] - All options with value '0' are selected in object 'Object Repository/Admin Site/Page_Moodle Khu vc qun tr My ch Ch  bo tr -_346a94/select_Tt            M'  using regular expression

2022-01-16 19:23:30 - [TEST_STEP][PASSED] - click(findTestObject("Object Repository/Admin Site/Page_Moodle Khu vc qun tr My ch Ch  bo tr/button_Lu cc thay i")): Object: 'Object Repository/Admin Site/Page_Moodle Khu vc qun tr My ch Ch  bo tr/button_Lu cc thay i' is clicked on

2022-01-16 19:23:36 - [MESSAGE][PASSED] - Object: 'Object Repository/Admin Site/Page_Moodle Khu vc qun tr My ch Ch  bo tr/button_Lu cc thay i' is clicked on

2022-01-16 19:23:36 - [TEST_STEP][PASSED] - closeBrowser(): Browser is closed

2022-01-16 19:23:38 - [MESSAGE][PASSED] - Browser is closed]]></system-out>
         <system-err><![CDATA[]]></system-err>
      </testcase>
      <testcase name="Test Cases/Create New User/Create Normal User" time="138.962" classname="Test Cases/Create New User/Create Normal User" status="PASSED">
         <system-out><![CDATA[2022-01-16 19:23:38 - [TEST_CASE][PASSED] - Test Cases/Create New User/Create Normal User: Test Cases/Create New User/Create Normal User

2022-01-16 19:23:40 - [TEST_STEP][PASSED] - callTestCase(findTestCase("Admin Site/Login with Admin"), [:], STOP_ON_FAILURE): Call Test Case 'Test Cases/Admin Site/Login with Admin' successfully

2022-01-16 19:23:40 - [TEST_CASE][PASSED] - Test Cases/Admin Site/Login with Admin: Test Cases/Admin Site/Login with Admin

2022-01-16 19:23:40 - [TEST_STEP][PASSED] - openBrowser(""): Browser is opened with url: ''

2022-01-16 19:23:40 - [MESSAGE][INFO] - Starting 'Edge Chromium' driver

2022-01-16 19:23:43 - [MESSAGE][INFO] - Action delay is set to 0 milliseconds

2022-01-16 19:23:46 - [MESSAGE][PASSED] - Browser is opened with url: ''

2022-01-16 19:23:46 - [TEST_STEP][PASSED] - navigateToUrl("http://localhost/"): Navigate to 'http://localhost/' successfully

2022-01-16 19:23:48 - [MESSAGE][PASSED] - Navigate to 'http://localhost/' successfully

2022-01-16 19:23:48 - [TEST_STEP][PASSED] - click(findTestObject("Object Repository/Admin Site/Page_Local Moodle/a_Log in")): Object: 'Object Repository/Admin Site/Page_Local Moodle/a_Log in' is clicked on

2022-01-16 19:23:50 - [MESSAGE][PASSED] - Object: 'Object Repository/Admin Site/Page_Local Moodle/a_Log in' is clicked on

2022-01-16 19:23:50 - [TEST_STEP][PASSED] - setText(findTestObject("Object Repository/Admin Site/Page_Local Moodle Log in to the site/input_Username_username"), "admin"): Text 'admin' is set on object 'Object Repository/Admin Site/Page_Local Moodle Log in to the site/input_Username_username'

2022-01-16 19:23:51 - [MESSAGE][PASSED] - Text 'admin' is set on object 'Object Repository/Admin Site/Page_Local Moodle Log in to the site/input_Username_username'

2022-01-16 19:23:51 - [TEST_STEP][PASSED] - setEncryptedText(findTestObject("Object Repository/Admin Site/Page_Local Moodle Log in to the site/input_Password_password"), "bfAykA/oWJ09FXmiKh6lyuuLu8QhG1K5"): Text ****** has been set on object 'Object Repository/Admin Site/Page_Local Moodle Log in to the site/input_Password_password'

2022-01-16 19:23:52 - [MESSAGE][PASSED] - Text ****** has been set on object 'Object Repository/Admin Site/Page_Local Moodle Log in to the site/input_Password_password'

2022-01-16 19:23:52 - [TEST_STEP][PASSED] - click(findTestObject("Object Repository/Admin Site/Page_Local Moodle Log in to the site/button_Log in")): Object: 'Object Repository/Admin Site/Page_Local Moodle Log in to the site/button_Log in' is clicked on

2022-01-16 19:23:56 - [MESSAGE][PASSED] - Object: 'Object Repository/Admin Site/Page_Local Moodle Log in to the site/button_Log in' is clicked on

2022-01-16 19:23:56 - [TEST_STEP][PASSED] - click(findTestObject("Object Repository/Admin Site/Page_Nh ca ti/span_Qun tr khu vc")): Object: 'Object Repository/Admin Site/Page_Nh ca ti/span_Qun tr khu vc' is clicked on

2022-01-16 19:24:01 - [MESSAGE][PASSED] - Object: 'Object Repository/Admin Site/Page_Nh ca ti/span_Qun tr khu vc' is clicked on

2022-01-16 19:24:01 - [TEST_STEP][PASSED] - verifyElementPresent(findTestObject("Object Repository/Admin Site/Page_Moodle Khu vc qun tr Tm kim/a_Qun tr khu vc"), 0): Object 'Object Repository/Admin Site/Page_Moodle Khu vc qun tr Tm kim/a_Qun tr khu vc' is present

2022-01-16 19:24:01 - [MESSAGE][WARNING] - Timeout '0' is invalid. Using default page load timeout: '5'

2022-01-16 19:24:02 - [MESSAGE][PASSED] - Object 'Object Repository/Admin Site/Page_Moodle Khu vc qun tr Tm kim/a_Qun tr khu vc' is present

2022-01-16 19:24:02 - [MESSAGE][PASSED] - Call Test Case 'Test Cases/Admin Site/Login with Admin' successfully

2022-01-16 19:24:02 - [TEST_STEP][PASSED] - click(findTestObject("Object Repository/Create New User/Page_Moodle Khu vc qun tr My ch Ch  bo tr/span_Qun tr khu vc")): Object: 'Object Repository/Create New User/Page_Moodle Khu vc qun tr My ch Ch  bo tr/span_Qun tr khu vc' is clicked on

2022-01-16 19:24:08 - [MESSAGE][INFO] - Unable to find the element located by 'By.xpath: '. Please recheck the objects properties to make sure the desired element is located. 

2022-01-16 19:24:08 - [MESSAGE][WARNING] - [SELF-HEALING] Failed to find element with id 'Object Repository/Create New User/Page_Moodle Khu vc qun tr My ch Ch  bo tr/span_Qun tr khu vc'. Try using Self-healing.

2022-01-16 19:24:08 - [MESSAGE][WARNING] - [SELF-HEALING] The current locator of test object 'Object Repository/Create New User/Page_Moodle Khu vc qun tr My ch Ch  bo tr/span_Qun tr khu vc' was broken. Propose an alternative one: '//div[@id='nav-drawer']/nav[2]/ul/li/a/div/div/span[2]'.

2022-01-16 19:24:10 - [MESSAGE][PASSED] - Object: 'Object Repository/Create New User/Page_Moodle Khu vc qun tr My ch Ch  bo tr/span_Qun tr khu vc' is clicked on

2022-01-16 19:24:10 - [TEST_STEP][PASSED] - click(findTestObject("Object Repository/Create New User/Page_Moodle Khu vc qun tr Tm kim/a_Thnh vin")): Object: 'Object Repository/Create New User/Page_Moodle Khu vc qun tr Tm kim/a_Thnh vin' is clicked on

2022-01-16 19:24:11 - [MESSAGE][PASSED] - Object: 'Object Repository/Create New User/Page_Moodle Khu vc qun tr Tm kim/a_Thnh vin' is clicked on

2022-01-16 19:24:11 - [TEST_STEP][PASSED] - click(findTestObject("Object Repository/Create New User/Page_Moodle Khu vc qun tr Tm kim/a_Thm thnh vin mi")): Object: 'Object Repository/Create New User/Page_Moodle Khu vc qun tr Tm kim/a_Thm thnh vin mi' is clicked on

2022-01-16 19:24:15 - [MESSAGE][PASSED] - Object: 'Object Repository/Create New User/Page_Moodle Khu vc qun tr Tm kim/a_Thm thnh vin mi' is clicked on

2022-01-16 19:24:15 - [TEST_STEP][PASSED] - setText(findTestObject("Object Repository/Create New User/Page_Moodle Khu vc qun tr Thnh vin Ti khon _57274d/input_Tn ti khon_username"), "test_1"): Text 'test_1' is set on object 'Object Repository/Create New User/Page_Moodle Khu vc qun tr Thnh vin Ti khon _57274d/input_Tn ti khon_username'

2022-01-16 19:24:17 - [MESSAGE][PASSED] - Text 'test_1' is set on object 'Object Repository/Create New User/Page_Moodle Khu vc qun tr Thnh vin Ti khon _57274d/input_Tn ti khon_username'

2022-01-16 19:24:17 - [TEST_STEP][PASSED] - click(findTestObject("Object Repository/Create New User/Page_Moodle Khu vc qun tr Thnh vin Ti khon _57274d/a_Click to enter text")): Object: 'Object Repository/Create New User/Page_Moodle Khu vc qun tr Thnh vin Ti khon _57274d/a_Click to enter text' is clicked on

2022-01-16 19:24:23 - [MESSAGE][INFO] - Unable to find the element located by 'By.xpath: //a[@id='yui_3_17_2_1_1641440991320_766']'. Please recheck the objects properties to make sure the desired element is located. 

2022-01-16 19:24:23 - [MESSAGE][WARNING] - [SELF-HEALING] Failed to find element with id 'Object Repository/Create New User/Page_Moodle Khu vc qun tr Thnh vin Ti khon _57274d/a_Click to enter text'. Try using Self-healing.

2022-01-16 19:24:24 - [MESSAGE][WARNING] - [SELF-HEALING] The current locator of test object 'Object Repository/Create New User/Page_Moodle Khu vc qun tr Thnh vin Ti khon _57274d/a_Click to enter text' was broken. Propose an alternative one: '(.//*[normalize-space(text()) and normalize-space(.)='Mật khẩu mới'])[1]/following::a[2]'.

2022-01-16 19:24:24 - [MESSAGE][PASSED] - Object: 'Object Repository/Create New User/Page_Moodle Khu vc qun tr Thnh vin Ti khon _57274d/a_Click to enter text' is clicked on

2022-01-16 19:24:24 - [TEST_STEP][PASSED] - setEncryptedText(findTestObject("Object Repository/Create New User/Page_Moodle Khu vc qun tr Thnh vin Ti khon _57274d/input_Mt khu mi_newpassword"), "cvW8qx4B2o1gIDzvWT+0mQ=="): Text ****** has been set on object 'Object Repository/Create New User/Page_Moodle Khu vc qun tr Thnh vin Ti khon _57274d/input_Mt khu mi_newpassword'

2022-01-16 19:24:25 - [MESSAGE][PASSED] - Text ****** has been set on object 'Object Repository/Create New User/Page_Moodle Khu vc qun tr Thnh vin Ti khon _57274d/input_Mt khu mi_newpassword'

2022-01-16 19:24:25 - [TEST_STEP][PASSED] - setText(findTestObject("Object Repository/Create New User/Page_Moodle Khu vc qun tr Thnh vin Ti khon _57274d/input_Tn m v tn_firstname"), "A"): Text 'A' is set on object 'Object Repository/Create New User/Page_Moodle Khu vc qun tr Thnh vin Ti khon _57274d/input_Tn m v tn_firstname'

2022-01-16 19:24:28 - [MESSAGE][PASSED] - Text 'A' is set on object 'Object Repository/Create New User/Page_Moodle Khu vc qun tr Thnh vin Ti khon _57274d/input_Tn m v tn_firstname'

2022-01-16 19:24:28 - [TEST_STEP][PASSED] - setText(findTestObject("Object Repository/Create New User/Page_Moodle Khu vc qun tr Thnh vin Ti khon _57274d/input_H_lastname"), "Nguyễn"): Text 'Nguyễn' is set on object 'Object Repository/Create New User/Page_Moodle Khu vc qun tr Thnh vin Ti khon _57274d/input_H_lastname'

2022-01-16 19:24:31 - [MESSAGE][PASSED] - Text 'Nguyễn' is set on object 'Object Repository/Create New User/Page_Moodle Khu vc qun tr Thnh vin Ti khon _57274d/input_H_lastname'

2022-01-16 19:24:31 - [TEST_STEP][PASSED] - setText(findTestObject("Object Repository/Create New User/Page_Moodle Khu vc qun tr Thnh vin Ti khon _57274d/input_a ch th in t_email"), "test_1@gmail.com"): Text 'test_1@gmail.com' is set on object 'Object Repository/Create New User/Page_Moodle Khu vc qun tr Thnh vin Ti khon _57274d/input_a ch th in t_email'

2022-01-16 19:24:32 - [MESSAGE][PASSED] - Text 'test_1@gmail.com' is set on object 'Object Repository/Create New User/Page_Moodle Khu vc qun tr Thnh vin Ti khon _57274d/input_a ch th in t_email'

2022-01-16 19:24:32 - [TEST_STEP][PASSED] - selectOptionByValue(findTestObject("Object Repository/Create New User/Page_Moodle Khu vc qun tr Thnh vin Ti khon _57274d/select_Du a ch th in t ca ti            Cho_daca4a"), "0", true): All options with value '0' are selected in object 'Object Repository/Create New User/Page_Moodle Khu vc qun tr Thnh vin Ti khon _57274d/select_Du a ch th in t ca ti            Cho_daca4a'  using regular expression

2022-01-16 19:24:35 - [MESSAGE][PASSED] - All options with value '0' are selected in object 'Object Repository/Create New User/Page_Moodle Khu vc qun tr Thnh vin Ti khon _57274d/select_Du a ch th in t ca ti            Cho_daca4a'  using regular expression

2022-01-16 19:24:35 - [TEST_STEP][PASSED] - setText(findTestObject("Object Repository/Create New User/Page_Moodle Khu vc qun tr Thnh vin Ti khon _57274d/input_TnhThnh ph_city"), "Hồ Chí Minh"): Text 'Hồ Chí Minh' is set on object 'Object Repository/Create New User/Page_Moodle Khu vc qun tr Thnh vin Ti khon _57274d/input_TnhThnh ph_city'

2022-01-16 19:24:37 - [MESSAGE][PASSED] - Text 'Hồ Chí Minh' is set on object 'Object Repository/Create New User/Page_Moodle Khu vc qun tr Thnh vin Ti khon _57274d/input_TnhThnh ph_city'

2022-01-16 19:24:37 - [TEST_STEP][PASSED] - selectOptionByValue(findTestObject("Object Repository/Create New User/Page_Moodle Khu vc qun tr Thnh vin Ti khon _57274d/select_Chn quc gia.            Afghanistan _0db63d"), "VN", true): All options with value 'VN' are selected in object 'Object Repository/Create New User/Page_Moodle Khu vc qun tr Thnh vin Ti khon _57274d/select_Chn quc gia.            Afghanistan _0db63d'  using regular expression

2022-01-16 19:24:49 - [MESSAGE][PASSED] - All options with value 'VN' are selected in object 'Object Repository/Create New User/Page_Moodle Khu vc qun tr Thnh vin Ti khon _57274d/select_Chn quc gia.            Afghanistan _0db63d'  using regular expression

2022-01-16 19:24:49 - [TEST_STEP][PASSED] - click(findTestObject("Object Repository/Create New User/Page_Moodle Khu vc qun tr Thnh vin Ti khon _57274d/a_Ty bin_1")): Object: 'Object Repository/Create New User/Page_Moodle Khu vc qun tr Thnh vin Ti khon _57274d/a_Ty bin_1' is clicked on

2022-01-16 19:24:55 - [MESSAGE][INFO] - Unable to find the element located by 'By.xpath: //a[@id='yui_3_17_2_1_1641374275535_70']'. Please recheck the objects properties to make sure the desired element is located. 

2022-01-16 19:24:55 - [MESSAGE][WARNING] - [SELF-HEALING] Failed to find element with id 'Object Repository/Create New User/Page_Moodle Khu vc qun tr Thnh vin Ti khon _57274d/a_Ty bin_1'. Try using Self-healing.

2022-01-16 19:24:56 - [MESSAGE][WARNING] - [SELF-HEALING] The current locator of test object 'Object Repository/Create New User/Page_Moodle Khu vc qun tr Thnh vin Ti khon _57274d/a_Ty bin_1' was broken. Propose an alternative one: '//a[contains(text(),'Tùy biến')]'.

2022-01-16 19:24:56 - [MESSAGE][PASSED] - Object: 'Object Repository/Create New User/Page_Moodle Khu vc qun tr Thnh vin Ti khon _57274d/a_Ty bin_1' is clicked on

2022-01-16 19:24:56 - [TEST_STEP][PASSED] - setText(findTestObject("Object Repository/Create New User/Page_Moodle Khu vc qun tr Thnh vin Ti khon _57274d/input_KhoaPhngBan_department"), "Công nghệ thông tin"): Text 'Công nghệ thông tin' is set on object 'Object Repository/Create New User/Page_Moodle Khu vc qun tr Thnh vin Ti khon _57274d/input_KhoaPhngBan_department'

2022-01-16 19:24:57 - [MESSAGE][PASSED] - Text 'Công nghệ thông tin' is set on object 'Object Repository/Create New User/Page_Moodle Khu vc qun tr Thnh vin Ti khon _57274d/input_KhoaPhngBan_department'

2022-01-16 19:24:57 - [TEST_STEP][PASSED] - click(findTestObject("Object Repository/Create New User/Page_Moodle Khu vc qun tr Thnh vin Ti khon _57274d/input_a ch_submitbutton")): Object: 'Object Repository/Create New User/Page_Moodle Khu vc qun tr Thnh vin Ti khon _57274d/input_a ch_submitbutton' is clicked on

2022-01-16 19:25:03 - [MESSAGE][PASSED] - Object: 'Object Repository/Create New User/Page_Moodle Khu vc qun tr Thnh vin Ti khon _57274d/input_a ch_submitbutton' is clicked on

2022-01-16 19:25:03 - [TEST_STEP][PASSED] - navigateToUrl("http://localhost/admin/user.php"): Navigate to 'http://localhost/admin/user.php' successfully

2022-01-16 19:25:04 - [MESSAGE][PASSED] - Navigate to 'http://localhost/admin/user.php' successfully

2022-01-16 19:25:04 - [TEST_STEP][PASSED] - click(findTestObject("Object Repository/Create New User/Page_Moodle Khu vc qun tr Thnh vin Ti khon _9bfdd2/a_Qun tr Thnh vin")): Object: 'Object Repository/Create New User/Page_Moodle Khu vc qun tr Thnh vin Ti khon _9bfdd2/a_Qun tr Thnh vin' is clicked on

2022-01-16 19:25:05 - [MESSAGE][PASSED] - Object: 'Object Repository/Create New User/Page_Moodle Khu vc qun tr Thnh vin Ti khon _9bfdd2/a_Qun tr Thnh vin' is clicked on

2022-01-16 19:25:05 - [TEST_STEP][PASSED] - click(findTestObject("Object Repository/Create New User/Page_Moodle Khu vc qun tr Thnh vin Ti khon _9bfdd2/span_Thot")): Object: 'Object Repository/Create New User/Page_Moodle Khu vc qun tr Thnh vin Ti khon _9bfdd2/span_Thot' is clicked on

2022-01-16 19:25:06 - [MESSAGE][PASSED] - Object: 'Object Repository/Create New User/Page_Moodle Khu vc qun tr Thnh vin Ti khon _9bfdd2/span_Thot' is clicked on

2022-01-16 19:25:06 - [TEST_STEP][PASSED] - click(findTestObject("Object Repository/Create New User/Page_Local Moodle/a_Log in")): Object: 'Object Repository/Create New User/Page_Local Moodle/a_Log in' is clicked on

2022-01-16 19:25:08 - [MESSAGE][PASSED] - Object: 'Object Repository/Create New User/Page_Local Moodle/a_Log in' is clicked on

2022-01-16 19:25:08 - [TEST_STEP][PASSED] - setText(findTestObject("Object Repository/Create New User/Page_Local Moodle Log in to the site/input_Username_username"), "test_1"): Text 'test_1' is set on object 'Object Repository/Create New User/Page_Local Moodle Log in to the site/input_Username_username'

2022-01-16 19:25:09 - [MESSAGE][PASSED] - Text 'test_1' is set on object 'Object Repository/Create New User/Page_Local Moodle Log in to the site/input_Username_username'

2022-01-16 19:25:09 - [TEST_STEP][PASSED] - setEncryptedText(findTestObject("Object Repository/Create New User/Page_Local Moodle Log in to the site/input_Password_password"), "cvW8qx4B2o1gIDzvWT+0mQ=="): Text ****** has been set on object 'Object Repository/Create New User/Page_Local Moodle Log in to the site/input_Password_password'

2022-01-16 19:25:10 - [MESSAGE][PASSED] - Text ****** has been set on object 'Object Repository/Create New User/Page_Local Moodle Log in to the site/input_Password_password'

2022-01-16 19:25:10 - [TEST_STEP][PASSED] - click(findTestObject("Object Repository/Create New User/Page_Local Moodle Log in to the site/button_Log in")): Object: 'Object Repository/Create New User/Page_Local Moodle Log in to the site/button_Log in' is clicked on

2022-01-16 19:25:12 - [MESSAGE][PASSED] - Object: 'Object Repository/Create New User/Page_Local Moodle Log in to the site/button_Log in' is clicked on

2022-01-16 19:25:12 - [TEST_STEP][PASSED] - click(findTestObject("Object Repository/Create New User/Page_Nh ca ti/a_A Nguyn")): Object: 'Object Repository/Create New User/Page_Nh ca ti/a_A Nguyn' is clicked on

2022-01-16 19:25:15 - [MESSAGE][PASSED] - Object: 'Object Repository/Create New User/Page_Nh ca ti/a_A Nguyn' is clicked on

2022-01-16 19:25:15 - [TEST_STEP][PASSED] - click(findTestObject("Object Repository/Create New User/Page_Nh ca ti/a_H s")): Object: 'Object Repository/Create New User/Page_Nh ca ti/a_H s' is clicked on

2022-01-16 19:25:17 - [MESSAGE][PASSED] - Object: 'Object Repository/Create New User/Page_Nh ca ti/a_H s' is clicked on

2022-01-16 19:25:17 - [TEST_STEP][PASSED] - verifyElementText(findTestObject("Object Repository/Create New User/Page_A Nguyn H s cng khai/h1_A Nguyn"), "A Nguyễn"): Actual text and expected text of test object 'Object Repository/Create New User/Page_A Nguyn H s cng khai/h1_A Nguyn' are matched.

2022-01-16 19:25:17 - [MESSAGE][PASSED] - Actual text and expected text of test object 'Object Repository/Create New User/Page_A Nguyn H s cng khai/h1_A Nguyn' are matched.

2022-01-16 19:25:17 - [TEST_STEP][PASSED] - verifyElementText(findTestObject("Object Repository/Create New User/Page_A Nguyn H s cng khai/a_test_1gmail.com_1"), "test_1@gmail.com"): Actual text and expected text of test object 'Object Repository/Create New User/Page_A Nguyn H s cng khai/a_test_1gmail.com_1' are matched.

2022-01-16 19:25:18 - [MESSAGE][PASSED] - Actual text and expected text of test object 'Object Repository/Create New User/Page_A Nguyn H s cng khai/a_test_1gmail.com_1' are matched.

2022-01-16 19:25:18 - [TEST_STEP][PASSED] - verifyElementText(findTestObject("Object Repository/Create New User/Page_A Nguyn H s cng khai/dd_Vit Nam"), "Việt Nam"): Actual text and expected text of test object 'Object Repository/Create New User/Page_A Nguyn H s cng khai/dd_Vit Nam' are matched.

2022-01-16 19:25:18 - [MESSAGE][PASSED] - Actual text and expected text of test object 'Object Repository/Create New User/Page_A Nguyn H s cng khai/dd_Vit Nam' are matched.

2022-01-16 19:25:18 - [TEST_STEP][PASSED] - verifyElementText(findTestObject("Object Repository/Create New User/Page_A Nguyn H s cng khai/dd_H Ch Minh"), "Hồ Chí Minh"): Actual text and expected text of test object 'Object Repository/Create New User/Page_A Nguyn H s cng khai/dd_H Ch Minh' are matched.

2022-01-16 19:25:19 - [MESSAGE][PASSED] - Actual text and expected text of test object 'Object Repository/Create New User/Page_A Nguyn H s cng khai/dd_H Ch Minh' are matched.

2022-01-16 19:25:19 - [TEST_STEP][PASSED] - click(findTestObject("Object Repository/Create New User/Page_A Nguyn H s cng khai/a_A Nguyn")): Object: 'Object Repository/Create New User/Page_A Nguyn H s cng khai/a_A Nguyn' is clicked on

2022-01-16 19:25:20 - [MESSAGE][PASSED] - Object: 'Object Repository/Create New User/Page_A Nguyn H s cng khai/a_A Nguyn' is clicked on

2022-01-16 19:25:20 - [TEST_STEP][PASSED] - click(findTestObject("Object Repository/Create New User/Page_A Nguyn H s cng khai/a_Thot")): Object: 'Object Repository/Create New User/Page_A Nguyn H s cng khai/a_Thot' is clicked on

2022-01-16 19:25:21 - [MESSAGE][PASSED] - Object: 'Object Repository/Create New User/Page_A Nguyn H s cng khai/a_Thot' is clicked on

2022-01-16 19:25:21 - [TEST_STEP][PASSED] - click(findTestObject("Object Repository/Create New User/Page_Local Moodle/a_Log in")): Object: 'Object Repository/Create New User/Page_Local Moodle/a_Log in' is clicked on

2022-01-16 19:25:23 - [MESSAGE][PASSED] - Object: 'Object Repository/Create New User/Page_Local Moodle/a_Log in' is clicked on

2022-01-16 19:25:23 - [TEST_STEP][PASSED] - setText(findTestObject("Object Repository/Create New User/Page_Local Moodle Log in to the site/input_Username_username"), "admin"): Text 'admin' is set on object 'Object Repository/Create New User/Page_Local Moodle Log in to the site/input_Username_username'

2022-01-16 19:25:24 - [MESSAGE][PASSED] - Text 'admin' is set on object 'Object Repository/Create New User/Page_Local Moodle Log in to the site/input_Username_username'

2022-01-16 19:25:24 - [TEST_STEP][PASSED] - setEncryptedText(findTestObject("Object Repository/Create New User/Page_Local Moodle Log in to the site/input_Password_password"), "bfAykA/oWJ09FXmiKh6lyuuLu8QhG1K5"): Text ****** has been set on object 'Object Repository/Create New User/Page_Local Moodle Log in to the site/input_Password_password'

2022-01-16 19:25:25 - [MESSAGE][PASSED] - Text ****** has been set on object 'Object Repository/Create New User/Page_Local Moodle Log in to the site/input_Password_password'

2022-01-16 19:25:25 - [TEST_STEP][PASSED] - click(findTestObject("Object Repository/Create New User/Page_Local Moodle Log in to the site/button_Log in")): Object: 'Object Repository/Create New User/Page_Local Moodle Log in to the site/button_Log in' is clicked on

2022-01-16 19:25:28 - [MESSAGE][PASSED] - Object: 'Object Repository/Create New User/Page_Local Moodle Log in to the site/button_Log in' is clicked on

2022-01-16 19:25:28 - [TEST_STEP][PASSED] - click(findTestObject("Object Repository/Create New User/Page_Nh ca ti/span_Qun tr khu vc")): Object: 'Object Repository/Create New User/Page_Nh ca ti/span_Qun tr khu vc' is clicked on

2022-01-16 19:25:34 - [MESSAGE][PASSED] - Object: 'Object Repository/Create New User/Page_Nh ca ti/span_Qun tr khu vc' is clicked on

2022-01-16 19:25:34 - [TEST_STEP][PASSED] - click(findTestObject("Object Repository/Create New User/Page_Moodle Khu vc qun tr Tm kim/a_Thnh vin")): Object: 'Object Repository/Create New User/Page_Moodle Khu vc qun tr Tm kim/a_Thnh vin' is clicked on

2022-01-16 19:25:34 - [MESSAGE][PASSED] - Object: 'Object Repository/Create New User/Page_Moodle Khu vc qun tr Tm kim/a_Thnh vin' is clicked on

2022-01-16 19:25:34 - [TEST_STEP][PASSED] - click(findTestObject("Object Repository/Create New User/Page_Moodle Khu vc qun tr Tm kim/a_Xem danh sch thnh vin")): Object: 'Object Repository/Create New User/Page_Moodle Khu vc qun tr Tm kim/a_Xem danh sch thnh vin' is clicked on

2022-01-16 19:25:37 - [MESSAGE][PASSED] - Object: 'Object Repository/Create New User/Page_Moodle Khu vc qun tr Tm kim/a_Xem danh sch thnh vin' is clicked on

2022-01-16 19:25:37 - [TEST_STEP][PASSED] - click(findTestObject("Object Repository/Create New User/Page_Moodle Khu vc qun tr Thnh vin Ti khon _9bfdd2/i_Vit Nam_yui_3_17_2_1_1642096245171_45")): Object: 'Object Repository/Create New User/Page_Moodle Khu vc qun tr Thnh vin Ti khon _9bfdd2/i_Vit Nam_yui_3_17_2_1_1642096245171_45' is clicked on

2022-01-16 19:25:44 - [MESSAGE][INFO] - Unable to find the element located by 'By.xpath: //i[@id='yui_3_17_2_1_1642096245171_45']'. Please recheck the objects properties to make sure the desired element is located. 

2022-01-16 19:25:44 - [MESSAGE][WARNING] - [SELF-HEALING] Failed to find element with id 'Object Repository/Create New User/Page_Moodle Khu vc qun tr Thnh vin Ti khon _9bfdd2/i_Vit Nam_yui_3_17_2_1_1642096245171_45'. Try using Self-healing.

2022-01-16 19:25:44 - [MESSAGE][WARNING] - [SELF-HEALING] The current locator of test object 'Object Repository/Create New User/Page_Moodle Khu vc qun tr Thnh vin Ti khon _9bfdd2/i_Vit Nam_yui_3_17_2_1_1642096245171_45' was broken. Propose an alternative one: '//td[6]/a/i'.

2022-01-16 19:25:46 - [MESSAGE][PASSED] - Object: 'Object Repository/Create New User/Page_Moodle Khu vc qun tr Thnh vin Ti khon _9bfdd2/i_Vit Nam_yui_3_17_2_1_1642096245171_45' is clicked on

2022-01-16 19:25:46 - [TEST_STEP][PASSED] - click(findTestObject("Object Repository/Create New User/Page_Moodle Khu vc qun tr Thnh vin Ti khon _9bfdd2/button_Xo")): Object: 'Object Repository/Create New User/Page_Moodle Khu vc qun tr Thnh vin Ti khon _9bfdd2/button_Xo' is clicked on

2022-01-16 19:25:52 - [MESSAGE][INFO] - Unable to find the element located by 'By.xpath: //button[@id='single_button61e066810a7c320']'. Please recheck the objects properties to make sure the desired element is located. 

2022-01-16 19:25:52 - [MESSAGE][WARNING] - [SELF-HEALING] Failed to find element with id 'Object Repository/Create New User/Page_Moodle Khu vc qun tr Thnh vin Ti khon _9bfdd2/button_Xo'. Try using Self-healing.

2022-01-16 19:25:53 - [MESSAGE][WARNING] - [SELF-HEALING] The current locator of test object 'Object Repository/Create New User/Page_Moodle Khu vc qun tr Thnh vin Ti khon _9bfdd2/button_Xo' was broken. Propose an alternative one: '//div[@id='modal-footer']/div/div/form/button'.

2022-01-16 19:25:55 - [MESSAGE][PASSED] - Object: 'Object Repository/Create New User/Page_Moodle Khu vc qun tr Thnh vin Ti khon _9bfdd2/button_Xo' is clicked on

2022-01-16 19:25:55 - [TEST_STEP][PASSED] - closeBrowser(): Browser is closed

2022-01-16 19:25:57 - [MESSAGE][PASSED] - Browser is closed]]></system-out>
         <system-err><![CDATA[]]></system-err>
      </testcase>
      <testcase name="Test Cases/Create New User/Create New User Password Fail" time="43.259" classname="Test Cases/Create New User/Create New User Password Fail" status="FAILED">
         <failure type="FAILED" message="Test Cases/Create New User/Create New User Password Fail FAILED.
Reason:
com.kms.katalon.core.exception.StepFailedException: Unable to click on object 'Object Repository/Create New User/Page_Moodle Khu vc qun tr Thnh vin Ti khon _57274d/em_Click to enter text'
	at com.kms.katalon.core.webui.keyword.internal.WebUIKeywordMain.stepFailed(WebUIKeywordMain.groovy:64)
	at com.kms.katalon.core.webui.keyword.internal.WebUIKeywordMain.runKeyword(WebUIKeywordMain.groovy:26)
	at com.kms.katalon.core.webui.keyword.builtin.ClickKeyword.click(ClickKeyword.groovy:74)
	at com.kms.katalon.core.webui.keyword.builtin.ClickKeyword.execute(ClickKeyword.groovy:40)
	at com.kms.katalon.core.keyword.internal.KeywordExecutor.executeKeywordForPlatform(KeywordExecutor.groovy:74)
	at com.kms.katalon.core.webui.keyword.WebUiBuiltInKeywords.click(WebUiBuiltInKeywords.groovy:620)
	at com.kms.katalon.core.webui.keyword.WebUiBuiltInKeywords$click$1.call(Unknown Source)
	at Create New User Password Fail.run(Create New User Password Fail:42)
	at com.kms.katalon.core.main.ScriptEngine.run(ScriptEngine.java:194)
	at com.kms.katalon.core.main.ScriptEngine.runScriptAsRawText(ScriptEngine.java:119)
	at com.kms.katalon.core.main.TestCaseExecutor.runScript(TestCaseExecutor.java:442)
	at com.kms.katalon.core.main.TestCaseExecutor.doExecute(TestCaseExecutor.java:433)
	at com.kms.katalon.core.main.TestCaseExecutor.processExecutionPhase(TestCaseExecutor.java:412)
	at com.kms.katalon.core.main.TestCaseExecutor.accessMainPhase(TestCaseExecutor.java:404)
	at com.kms.katalon.core.main.TestCaseExecutor.execute(TestCaseExecutor.java:281)
	at com.kms.katalon.core.main.TestCaseExecutor.execute(TestCaseExecutor.java:363)
	at com.kms.katalon.core.main.TestCaseExecutor.execute(TestCaseExecutor.java:363)
	at com.kms.katalon.core.main.TestCaseExecutor.execute(TestCaseExecutor.java:363)
	at com.kms.katalon.core.main.TestSuiteExecutor.accessTestCaseMainPhase(TestSuiteExecutor.java:202)
	at com.kms.katalon.core.main.TestSuiteExecutor.accessTestSuiteMainPhase(TestSuiteExecutor.java:164)
	at com.kms.katalon.core.main.TestSuiteExecutor.execute(TestSuiteExecutor.java:105)
	at com.kms.katalon.core.main.TestCaseMain.startTestSuite(TestCaseMain.java:181)
	at com.kms.katalon.core.main.TestCaseMain$startTestSuite$0.call(Unknown Source)
	at TempTestSuite1642335656208.run(TempTestSuite1642335656208.groovy:36)
Caused by: com.kms.katalon.core.webui.exception.WebElementNotFoundException: Web element with id: 'Object Repository/Create New User/Page_Moodle Khu vc qun tr Thnh vin Ti khon _57274d/em_Click to enter text' located by '//a[@id='yui_3_17_2_1_1642069056468_763']/span/span/em' not found
	at com.kms.katalon.core.webui.common.WebUiCommonHelper.findWebElement(WebUiCommonHelper.java:1368)
	at com.kms.katalon.core.webui.keyword.internal.WebUIAbstractKeyword.findWebElement(WebUIAbstractKeyword.groovy:27)
	at com.kms.katalon.core.webui.keyword.builtin.ClickKeyword$_click_closure1.doCall(ClickKeyword.groovy:65)
	at com.kms.katalon.core.webui.keyword.builtin.ClickKeyword$_click_closure1.call(ClickKeyword.groovy)
	at com.kms.katalon.core.webui.keyword.internal.WebUIKeywordMain.runKeyword(WebUIKeywordMain.groovy:20)
	... 22 more
"/>
         <system-out><![CDATA[2022-01-16 19:28:10 - [TEST_CASE][FAILED] - Test Cases/Create New User/Create New User Password Fail: Test Cases/Create New User/Create New User Password Fail FAILED.
Reason:
com.kms.katalon.core.exception.StepFailedException: Unable to click on object 'Object Repository/Create New User/Page_Moodle Khu vc qun tr Thnh vin Ti khon _57274d/em_Click to enter text'
	at com.kms.katalon.core.webui.keyword.internal.WebUIKeywordMain.stepFailed(WebUIKeywordMain.groovy:64)
	at com.kms.katalon.core.webui.keyword.internal.WebUIKeywordMain.runKeyword(WebUIKeywordMain.groovy:26)
	at com.kms.katalon.core.webui.keyword.builtin.ClickKeyword.click(ClickKeyword.groovy:74)
	at com.kms.katalon.core.webui.keyword.builtin.ClickKeyword.execute(ClickKeyword.groovy:40)
	at com.kms.katalon.core.keyword.internal.KeywordExecutor.executeKeywordForPlatform(KeywordExecutor.groovy:74)
	at com.kms.katalon.core.webui.keyword.WebUiBuiltInKeywords.click(WebUiBuiltInKeywords.groovy:620)
	at com.kms.katalon.core.webui.keyword.WebUiBuiltInKeywords$click$1.call(Unknown Source)
	at Create New User Password Fail.run(Create New User Password Fail:42)
	at com.kms.katalon.core.main.ScriptEngine.run(ScriptEngine.java:194)
	at com.kms.katalon.core.main.ScriptEngine.runScriptAsRawText(ScriptEngine.java:119)
	at com.kms.katalon.core.main.TestCaseExecutor.runScript(TestCaseExecutor.java:442)
	at com.kms.katalon.core.main.TestCaseExecutor.doExecute(TestCaseExecutor.java:433)
	at com.kms.katalon.core.main.TestCaseExecutor.processExecutionPhase(TestCaseExecutor.java:412)
	at com.kms.katalon.core.main.TestCaseExecutor.accessMainPhase(TestCaseExecutor.java:404)
	at com.kms.katalon.core.main.TestCaseExecutor.execute(TestCaseExecutor.java:281)
	at com.kms.katalon.core.main.TestCaseExecutor.execute(TestCaseExecutor.java:363)
	at com.kms.katalon.core.main.TestCaseExecutor.execute(TestCaseExecutor.java:363)
	at com.kms.katalon.core.main.TestCaseExecutor.execute(TestCaseExecutor.java:363)
	at com.kms.katalon.core.main.TestSuiteExecutor.accessTestCaseMainPhase(TestSuiteExecutor.java:202)
	at com.kms.katalon.core.main.TestSuiteExecutor.accessTestSuiteMainPhase(TestSuiteExecutor.java:164)
	at com.kms.katalon.core.main.TestSuiteExecutor.execute(TestSuiteExecutor.java:105)
	at com.kms.katalon.core.main.TestCaseMain.startTestSuite(TestCaseMain.java:181)
	at com.kms.katalon.core.main.TestCaseMain$startTestSuite$0.call(Unknown Source)
	at TempTestSuite1642335656208.run(TempTestSuite1642335656208.groovy:36)
Caused by: com.kms.katalon.core.webui.exception.WebElementNotFoundException: Web element with id: 'Object Repository/Create New User/Page_Moodle Khu vc qun tr Thnh vin Ti khon _57274d/em_Click to enter text' located by '//a[@id='yui_3_17_2_1_1642069056468_763']/span/span/em' not found
	at com.kms.katalon.core.webui.common.WebUiCommonHelper.findWebElement(WebUiCommonHelper.java:1368)
	at com.kms.katalon.core.webui.keyword.internal.WebUIAbstractKeyword.findWebElement(WebUIAbstractKeyword.groovy:27)
	at com.kms.katalon.core.webui.keyword.builtin.ClickKeyword$_click_closure1.doCall(ClickKeyword.groovy:65)
	at com.kms.katalon.core.webui.keyword.builtin.ClickKeyword$_click_closure1.call(ClickKeyword.groovy)
	at com.kms.katalon.core.webui.keyword.internal.WebUIKeywordMain.runKeyword(WebUIKeywordMain.groovy:20)
	... 22 more


2022-01-16 19:28:10 - [TEST_STEP][PASSED] - callTestCase(findTestCase("Admin Site/Login with Admin"), [:], STOP_ON_FAILURE): Call Test Case 'Test Cases/Admin Site/Login with Admin' successfully

2022-01-16 19:28:10 - [TEST_CASE][PASSED] - Test Cases/Admin Site/Login with Admin: Test Cases/Admin Site/Login with Admin

2022-01-16 19:28:10 - [TEST_STEP][PASSED] - openBrowser(""): Browser is opened with url: ''

2022-01-16 19:28:10 - [MESSAGE][WARNING] - A browser is already opened. Closing browser and opening a new one

2022-01-16 19:28:11 - [MESSAGE][INFO] - Starting 'Edge Chromium' driver

2022-01-16 19:28:13 - [MESSAGE][INFO] - Action delay is set to 0 milliseconds

2022-01-16 19:28:15 - [MESSAGE][PASSED] - Browser is opened with url: ''

2022-01-16 19:28:15 - [TEST_STEP][PASSED] - navigateToUrl("http://localhost/"): Navigate to 'http://localhost/' successfully

2022-01-16 19:28:17 - [MESSAGE][PASSED] - Navigate to 'http://localhost/' successfully

2022-01-16 19:28:17 - [TEST_STEP][PASSED] - click(findTestObject("Object Repository/Admin Site/Page_Local Moodle/a_Log in")): Object: 'Object Repository/Admin Site/Page_Local Moodle/a_Log in' is clicked on

2022-01-16 19:28:19 - [MESSAGE][PASSED] - Object: 'Object Repository/Admin Site/Page_Local Moodle/a_Log in' is clicked on

2022-01-16 19:28:19 - [TEST_STEP][PASSED] - setText(findTestObject("Object Repository/Admin Site/Page_Local Moodle Log in to the site/input_Username_username"), "admin"): Text 'admin' is set on object 'Object Repository/Admin Site/Page_Local Moodle Log in to the site/input_Username_username'

2022-01-16 19:28:20 - [MESSAGE][PASSED] - Text 'admin' is set on object 'Object Repository/Admin Site/Page_Local Moodle Log in to the site/input_Username_username'

2022-01-16 19:28:20 - [TEST_STEP][PASSED] - setEncryptedText(findTestObject("Object Repository/Admin Site/Page_Local Moodle Log in to the site/input_Password_password"), "bfAykA/oWJ09FXmiKh6lyuuLu8QhG1K5"): Text ****** has been set on object 'Object Repository/Admin Site/Page_Local Moodle Log in to the site/input_Password_password'

2022-01-16 19:28:20 - [MESSAGE][PASSED] - Text ****** has been set on object 'Object Repository/Admin Site/Page_Local Moodle Log in to the site/input_Password_password'

2022-01-16 19:28:20 - [TEST_STEP][PASSED] - click(findTestObject("Object Repository/Admin Site/Page_Local Moodle Log in to the site/button_Log in")): Object: 'Object Repository/Admin Site/Page_Local Moodle Log in to the site/button_Log in' is clicked on

2022-01-16 19:28:23 - [MESSAGE][PASSED] - Object: 'Object Repository/Admin Site/Page_Local Moodle Log in to the site/button_Log in' is clicked on

2022-01-16 19:28:23 - [TEST_STEP][PASSED] - click(findTestObject("Object Repository/Admin Site/Page_Nh ca ti/span_Qun tr khu vc")): Object: 'Object Repository/Admin Site/Page_Nh ca ti/span_Qun tr khu vc' is clicked on

2022-01-16 19:28:29 - [MESSAGE][PASSED] - Object: 'Object Repository/Admin Site/Page_Nh ca ti/span_Qun tr khu vc' is clicked on

2022-01-16 19:28:29 - [TEST_STEP][PASSED] - verifyElementPresent(findTestObject("Object Repository/Admin Site/Page_Moodle Khu vc qun tr Tm kim/a_Qun tr khu vc"), 0): Object 'Object Repository/Admin Site/Page_Moodle Khu vc qun tr Tm kim/a_Qun tr khu vc' is present

2022-01-16 19:28:29 - [MESSAGE][WARNING] - Timeout '0' is invalid. Using default page load timeout: '5'

2022-01-16 19:28:29 - [MESSAGE][PASSED] - Object 'Object Repository/Admin Site/Page_Moodle Khu vc qun tr Tm kim/a_Qun tr khu vc' is present

2022-01-16 19:28:29 - [MESSAGE][PASSED] - Call Test Case 'Test Cases/Admin Site/Login with Admin' successfully

2022-01-16 19:28:29 - [TEST_STEP][PASSED] - click(findTestObject("Object Repository/Create New User/Page_Moodle Khu vc qun tr Tm kim/a_Thnh vin")): Object: 'Object Repository/Create New User/Page_Moodle Khu vc qun tr Tm kim/a_Thnh vin' is clicked on

2022-01-16 19:28:30 - [MESSAGE][PASSED] - Object: 'Object Repository/Create New User/Page_Moodle Khu vc qun tr Tm kim/a_Thnh vin' is clicked on

2022-01-16 19:28:30 - [TEST_STEP][PASSED] - click(findTestObject("Object Repository/Create New User/Page_Moodle Khu vc qun tr Tm kim/a_Thm thnh vin mi")): Object: 'Object Repository/Create New User/Page_Moodle Khu vc qun tr Tm kim/a_Thm thnh vin mi' is clicked on

2022-01-16 19:28:33 - [MESSAGE][PASSED] - Object: 'Object Repository/Create New User/Page_Moodle Khu vc qun tr Tm kim/a_Thm thnh vin mi' is clicked on

2022-01-16 19:28:33 - [TEST_STEP][PASSED] - navigateToUrl("http://localhost/user/editadvanced.php?id=-1"): Navigate to 'http://localhost/user/editadvanced.php?id=-1' successfully

2022-01-16 19:28:35 - [MESSAGE][PASSED] - Navigate to 'http://localhost/user/editadvanced.php?id=-1' successfully

2022-01-16 19:28:35 - [TEST_STEP][PASSED] - click(findTestObject("Object Repository/Create New User/Page_Moodle Khu vc qun tr Thnh vin Ti khon _57274d/input_Tn ti khon_username")): Object: 'Object Repository/Create New User/Page_Moodle Khu vc qun tr Thnh vin Ti khon _57274d/input_Tn ti khon_username' is clicked on

2022-01-16 19:28:37 - [MESSAGE][PASSED] - Object: 'Object Repository/Create New User/Page_Moodle Khu vc qun tr Thnh vin Ti khon _57274d/input_Tn ti khon_username' is clicked on

2022-01-16 19:28:37 - [TEST_STEP][PASSED] - setText(findTestObject("Object Repository/Create New User/Page_Moodle Khu vc qun tr Thnh vin Ti khon _57274d/input_Tn ti khon_username"), "test_fail"): Text 'test_fail' is set on object 'Object Repository/Create New User/Page_Moodle Khu vc qun tr Thnh vin Ti khon _57274d/input_Tn ti khon_username'

2022-01-16 19:28:38 - [MESSAGE][PASSED] - Text 'test_fail' is set on object 'Object Repository/Create New User/Page_Moodle Khu vc qun tr Thnh vin Ti khon _57274d/input_Tn ti khon_username'

2022-01-16 19:28:38 - [TEST_STEP][PASSED] - setText(findTestObject("Object Repository/Create New User/Page_Moodle Khu vc qun tr Thnh vin Ti khon _57274d/input_Tn m v tn_firstname"), "1"): Text '1' is set on object 'Object Repository/Create New User/Page_Moodle Khu vc qun tr Thnh vin Ti khon _57274d/input_Tn m v tn_firstname'

2022-01-16 19:28:39 - [MESSAGE][PASSED] - Text '1' is set on object 'Object Repository/Create New User/Page_Moodle Khu vc qun tr Thnh vin Ti khon _57274d/input_Tn m v tn_firstname'

2022-01-16 19:28:39 - [TEST_STEP][PASSED] - setText(findTestObject("Object Repository/Create New User/Page_Moodle Khu vc qun tr Thnh vin Ti khon _57274d/input_H_lastname"), "2"): Text '2' is set on object 'Object Repository/Create New User/Page_Moodle Khu vc qun tr Thnh vin Ti khon _57274d/input_H_lastname'

2022-01-16 19:28:40 - [MESSAGE][PASSED] - Text '2' is set on object 'Object Repository/Create New User/Page_Moodle Khu vc qun tr Thnh vin Ti khon _57274d/input_H_lastname'

2022-01-16 19:28:40 - [TEST_STEP][PASSED] - setText(findTestObject("Object Repository/Create New User/Page_Moodle Khu vc qun tr Thnh vin Ti khon _57274d/input_a ch th in t_email"), "test_fail@gmail.com"): Text 'test_fail@gmail.com' is set on object 'Object Repository/Create New User/Page_Moodle Khu vc qun tr Thnh vin Ti khon _57274d/input_a ch th in t_email'

2022-01-16 19:28:41 - [MESSAGE][PASSED] - Text 'test_fail@gmail.com' is set on object 'Object Repository/Create New User/Page_Moodle Khu vc qun tr Thnh vin Ti khon _57274d/input_a ch th in t_email'

2022-01-16 19:28:41 - [TEST_STEP][FAILED] - click(findTestObject("Object Repository/Create New User/Page_Moodle Khu vc qun tr Thnh vin Ti khon _57274d/em_Click to enter text")): Unable to click on object 'Object Repository/Create New User/Page_Moodle Khu vc qun tr Thnh vin Ti khon _57274d/em_Click to enter text' (Root cause: com.kms.katalon.core.exception.StepFailedException: Unable to click on object 'Object Repository/Create New User/Page_Moodle Khu vc qun tr Thnh vin Ti khon _57274d/em_Click to enter text'
	at com.kms.katalon.core.webui.keyword.internal.WebUIKeywordMain.stepFailed(WebUIKeywordMain.groovy:64)
	at com.kms.katalon.core.webui.keyword.internal.WebUIKeywordMain.runKeyword(WebUIKeywordMain.groovy:26)
	at com.kms.katalon.core.webui.keyword.builtin.ClickKeyword.click(ClickKeyword.groovy:74)
	at com.kms.katalon.core.webui.keyword.builtin.ClickKeyword.execute(ClickKeyword.groovy:40)
	at com.kms.katalon.core.keyword.internal.KeywordExecutor.executeKeywordForPlatform(KeywordExecutor.groovy:74)
	at com.kms.katalon.core.webui.keyword.WebUiBuiltInKeywords.click(WebUiBuiltInKeywords.groovy:620)
	at com.kms.katalon.core.webui.keyword.WebUiBuiltInKeywords$click$1.call(Unknown Source)
	at Create New User Password Fail.run(Create New User Password Fail:42)
	at com.kms.katalon.core.main.ScriptEngine.run(ScriptEngine.java:194)
	at com.kms.katalon.core.main.ScriptEngine.runScriptAsRawText(ScriptEngine.java:119)
	at com.kms.katalon.core.main.TestCaseExecutor.runScript(TestCaseExecutor.java:442)
	at com.kms.katalon.core.main.TestCaseExecutor.doExecute(TestCaseExecutor.java:433)
	at com.kms.katalon.core.main.TestCaseExecutor.processExecutionPhase(TestCaseExecutor.java:412)
	at com.kms.katalon.core.main.TestCaseExecutor.accessMainPhase(TestCaseExecutor.java:404)
	at com.kms.katalon.core.main.TestCaseExecutor.execute(TestCaseExecutor.java:281)
	at com.kms.katalon.core.main.TestCaseExecutor.execute(TestCaseExecutor.java:363)
	at com.kms.katalon.core.main.TestCaseExecutor.execute(TestCaseExecutor.java:363)
	at com.kms.katalon.core.main.TestCaseExecutor.execute(TestCaseExecutor.java:363)
	at com.kms.katalon.core.main.TestSuiteExecutor.accessTestCaseMainPhase(TestSuiteExecutor.java:202)
	at com.kms.katalon.core.main.TestSuiteExecutor.accessTestSuiteMainPhase(TestSuiteExecutor.java:164)
	at com.kms.katalon.core.main.TestSuiteExecutor.execute(TestSuiteExecutor.java:105)
	at com.kms.katalon.core.main.TestCaseMain.startTestSuite(TestCaseMain.java:181)
	at com.kms.katalon.core.main.TestCaseMain$startTestSuite$0.call(Unknown Source)
	at TempTestSuite1642335656208.run(TempTestSuite1642335656208.groovy:36)
Caused by: com.kms.katalon.core.webui.exception.WebElementNotFoundException: Web element with id: 'Object Repository/Create New User/Page_Moodle Khu vc qun tr Thnh vin Ti khon _57274d/em_Click to enter text' located by '//a[@id='yui_3_17_2_1_1642069056468_763']/span/span/em' not found
	at com.kms.katalon.core.webui.common.WebUiCommonHelper.findWebElement(WebUiCommonHelper.java:1368)
	at com.kms.katalon.core.webui.keyword.internal.WebUIAbstractKeyword.findWebElement(WebUIAbstractKeyword.groovy:27)
	at com.kms.katalon.core.webui.keyword.builtin.ClickKeyword$_click_closure1.doCall(ClickKeyword.groovy:65)
	at com.kms.katalon.core.webui.keyword.builtin.ClickKeyword$_click_closure1.call(ClickKeyword.groovy)
	at com.kms.katalon.core.webui.keyword.internal.WebUIKeywordMain.runKeyword(WebUIKeywordMain.groovy:20)
	at com.kms.katalon.core.webui.keyword.builtin.ClickKeyword.click(ClickKeyword.groovy:74)
	at com.kms.katalon.core.webui.keyword.builtin.ClickKeyword.execute(ClickKeyword.groovy:40)
	at com.kms.katalon.core.keyword.internal.KeywordExecutor.executeKeywordForPlatform(KeywordExecutor.groovy:74)
	at com.kms.katalon.core.webui.keyword.WebUiBuiltInKeywords.click(WebUiBuiltInKeywords.groovy:620)
	at com.kms.katalon.core.webui.keyword.WebUiBuiltInKeywords$click$1.call(Unknown Source)
	at Script1641375531385.run(Script1641375531385.groovy:42)
	... 16 more
)

2022-01-16 19:28:47 - [MESSAGE][INFO] - Unable to find the element located by 'By.xpath: //a[@id='yui_3_17_2_1_1642069056468_763']/span/span/em'. Please recheck the objects properties to make sure the desired element is located. 

2022-01-16 19:28:47 - [MESSAGE][WARNING] - [SELF-HEALING] Failed to find element with id 'Object Repository/Create New User/Page_Moodle Khu vc qun tr Thnh vin Ti khon _57274d/em_Click to enter text'. Try using Self-healing.

2022-01-16 19:28:48 - [MESSAGE][INFO] - Unable to find the element located by 'By.xpath: (.//*[normalize-space(text()) and normalize-space(.)='Mật khẩu mới'])[1]/following::em[1]'. Please recheck the objects properties to make sure the desired element is located. 

2022-01-16 19:28:49 - [MESSAGE][INFO] - [SELF-HEALING] Failed Locator: '//a[@id='yui_3_17_2_1_1642069056468_763']/span/span/em'.

2022-01-16 19:28:49 - [MESSAGE][INFO] - [SELF-HEALING] Failed Locator: '(.//*[normalize-space(text()) and normalize-space(.)='Mật khẩu mới'])[1]/following::em[1]'.

2022-01-16 19:28:49 - [MESSAGE][INFO] - [SELF-HEALING] Failed Locator: '(.//*[normalize-space(text()) and normalize-space(.)='Tạo mật khẩu và thông báo người dùng'])[1]/following::em[1]'.

2022-01-16 19:28:50 - [MESSAGE][INFO] - [SELF-HEALING] Failed Locator: '(.//*[normalize-space(text()) and normalize-space(.)='Press enter to save changes'])[1]/preceding::em[1]'.

2022-01-16 19:28:50 - [MESSAGE][INFO] - [SELF-HEALING] Failed Locator: '(.//*[normalize-space(text()) and normalize-space(.)='Bắt buộc'])[1]/preceding::em[1]'.

2022-01-16 19:28:50 - [MESSAGE][INFO] - [SELF-HEALING] Failed Locator: '//*/text()[normalize-space(.)='Click to enter text']/parent::*'.

2022-01-16 19:28:51 - [MESSAGE][INFO] - [SELF-HEALING] Failed Locator: '//em'.

2022-01-16 19:28:52 - [MESSAGE][INFO] - Unable to find the element located by 'By.xpath: //*[(text() = 'Click to enter text' or . = 'Click to enter text')]'. Please recheck the objects properties to make sure the desired element is located. 

2022-01-16 19:28:53 - [MESSAGE][INFO] - Unable to find the element located by 'By.cssSelector: em'. Please recheck the objects properties to make sure the desired element is located. 

2022-01-16 19:28:53 - [MESSAGE][FAILED] - Unable to click on object 'Object Repository/Create New User/Page_Moodle Khu vc qun tr Thnh vin Ti khon _57274d/em_Click to enter text' (Root cause: com.kms.katalon.core.exception.StepFailedException: Unable to click on object 'Object Repository/Create New User/Page_Moodle Khu vc qun tr Thnh vin Ti khon _57274d/em_Click to enter text'
	at com.kms.katalon.core.webui.keyword.internal.WebUIKeywordMain.stepFailed(WebUIKeywordMain.groovy:64)
	at com.kms.katalon.core.webui.keyword.internal.WebUIKeywordMain.runKeyword(WebUIKeywordMain.groovy:26)
	at com.kms.katalon.core.webui.keyword.builtin.ClickKeyword.click(ClickKeyword.groovy:74)
	at com.kms.katalon.core.webui.keyword.builtin.ClickKeyword.execute(ClickKeyword.groovy:40)
	at com.kms.katalon.core.keyword.internal.KeywordExecutor.executeKeywordForPlatform(KeywordExecutor.groovy:74)
	at com.kms.katalon.core.webui.keyword.WebUiBuiltInKeywords.click(WebUiBuiltInKeywords.groovy:620)
	at com.kms.katalon.core.webui.keyword.WebUiBuiltInKeywords$click$1.call(Unknown Source)
	at Create New User Password Fail.run(Create New User Password Fail:42)
	at com.kms.katalon.core.main.ScriptEngine.run(ScriptEngine.java:194)
	at com.kms.katalon.core.main.ScriptEngine.runScriptAsRawText(ScriptEngine.java:119)
	at com.kms.katalon.core.main.TestCaseExecutor.runScript(TestCaseExecutor.java:442)
	at com.kms.katalon.core.main.TestCaseExecutor.doExecute(TestCaseExecutor.java:433)
	at com.kms.katalon.core.main.TestCaseExecutor.processExecutionPhase(TestCaseExecutor.java:412)
	at com.kms.katalon.core.main.TestCaseExecutor.accessMainPhase(TestCaseExecutor.java:404)
	at com.kms.katalon.core.main.TestCaseExecutor.execute(TestCaseExecutor.java:281)
	at com.kms.katalon.core.main.TestCaseExecutor.execute(TestCaseExecutor.java:363)
	at com.kms.katalon.core.main.TestCaseExecutor.execute(TestCaseExecutor.java:363)
	at com.kms.katalon.core.main.TestCaseExecutor.execute(TestCaseExecutor.java:363)
	at com.kms.katalon.core.main.TestSuiteExecutor.accessTestCaseMainPhase(TestSuiteExecutor.java:202)
	at com.kms.katalon.core.main.TestSuiteExecutor.accessTestSuiteMainPhase(TestSuiteExecutor.java:164)
	at com.kms.katalon.core.main.TestSuiteExecutor.execute(TestSuiteExecutor.java:105)
	at com.kms.katalon.core.main.TestCaseMain.startTestSuite(TestCaseMain.java:181)
	at com.kms.katalon.core.main.TestCaseMain$startTestSuite$0.call(Unknown Source)
	at TempTestSuite1642335656208.run(TempTestSuite1642335656208.groovy:36)
Caused by: com.kms.katalon.core.webui.exception.WebElementNotFoundException: Web element with id: 'Object Repository/Create New User/Page_Moodle Khu vc qun tr Thnh vin Ti khon _57274d/em_Click to enter text' located by '//a[@id='yui_3_17_2_1_1642069056468_763']/span/span/em' not found
	at com.kms.katalon.core.webui.common.WebUiCommonHelper.findWebElement(WebUiCommonHelper.java:1368)
	at com.kms.katalon.core.webui.keyword.internal.WebUIAbstractKeyword.findWebElement(WebUIAbstractKeyword.groovy:27)
	at com.kms.katalon.core.webui.keyword.builtin.ClickKeyword$_click_closure1.doCall(ClickKeyword.groovy:65)
	at com.kms.katalon.core.webui.keyword.builtin.ClickKeyword$_click_closure1.call(ClickKeyword.groovy)
	at com.kms.katalon.core.webui.keyword.internal.WebUIKeywordMain.runKeyword(WebUIKeywordMain.groovy:20)
	at com.kms.katalon.core.webui.keyword.builtin.ClickKeyword.click(ClickKeyword.groovy:74)
	at com.kms.katalon.core.webui.keyword.builtin.ClickKeyword.execute(ClickKeyword.groovy:40)
	at com.kms.katalon.core.keyword.internal.KeywordExecutor.executeKeywordForPlatform(KeywordExecutor.groovy:74)
	at com.kms.katalon.core.webui.keyword.WebUiBuiltInKeywords.click(WebUiBuiltInKeywords.groovy:620)
	at com.kms.katalon.core.webui.keyword.WebUiBuiltInKeywords$click$1.call(Unknown Source)
	at Script1641375531385.run(Script1641375531385.groovy:42)
	... 16 more
)
[[ATTACHMENT|C:\\xampp\\htdocs\\moodle\\Test Automation - SE Bonus\\Reports\\20220116_192056\\Run All Test Cases\\20220116_192056\\1642336133462.png]]]]></system-out>
         <system-err><![CDATA[2022-01-16 19:28:10 - [TEST_CASE][FAILED] - Test Cases/Create New User/Create New User Password Fail: Test Cases/Create New User/Create New User Password Fail FAILED.
Reason:
com.kms.katalon.core.exception.StepFailedException: Unable to click on object 'Object Repository/Create New User/Page_Moodle Khu vc qun tr Thnh vin Ti khon _57274d/em_Click to enter text'
	at com.kms.katalon.core.webui.keyword.internal.WebUIKeywordMain.stepFailed(WebUIKeywordMain.groovy:64)
	at com.kms.katalon.core.webui.keyword.internal.WebUIKeywordMain.runKeyword(WebUIKeywordMain.groovy:26)
	at com.kms.katalon.core.webui.keyword.builtin.ClickKeyword.click(ClickKeyword.groovy:74)
	at com.kms.katalon.core.webui.keyword.builtin.ClickKeyword.execute(ClickKeyword.groovy:40)
	at com.kms.katalon.core.keyword.internal.KeywordExecutor.executeKeywordForPlatform(KeywordExecutor.groovy:74)
	at com.kms.katalon.core.webui.keyword.WebUiBuiltInKeywords.click(WebUiBuiltInKeywords.groovy:620)
	at com.kms.katalon.core.webui.keyword.WebUiBuiltInKeywords$click$1.call(Unknown Source)
	at Create New User Password Fail.run(Create New User Password Fail:42)
	at com.kms.katalon.core.main.ScriptEngine.run(ScriptEngine.java:194)
	at com.kms.katalon.core.main.ScriptEngine.runScriptAsRawText(ScriptEngine.java:119)
	at com.kms.katalon.core.main.TestCaseExecutor.runScript(TestCaseExecutor.java:442)
	at com.kms.katalon.core.main.TestCaseExecutor.doExecute(TestCaseExecutor.java:433)
	at com.kms.katalon.core.main.TestCaseExecutor.processExecutionPhase(TestCaseExecutor.java:412)
	at com.kms.katalon.core.main.TestCaseExecutor.accessMainPhase(TestCaseExecutor.java:404)
	at com.kms.katalon.core.main.TestCaseExecutor.execute(TestCaseExecutor.java:281)
	at com.kms.katalon.core.main.TestCaseExecutor.execute(TestCaseExecutor.java:363)
	at com.kms.katalon.core.main.TestCaseExecutor.execute(TestCaseExecutor.java:363)
	at com.kms.katalon.core.main.TestCaseExecutor.execute(TestCaseExecutor.java:363)
	at com.kms.katalon.core.main.TestSuiteExecutor.accessTestCaseMainPhase(TestSuiteExecutor.java:202)
	at com.kms.katalon.core.main.TestSuiteExecutor.accessTestSuiteMainPhase(TestSuiteExecutor.java:164)
	at com.kms.katalon.core.main.TestSuiteExecutor.execute(TestSuiteExecutor.java:105)
	at com.kms.katalon.core.main.TestCaseMain.startTestSuite(TestCaseMain.java:181)
	at com.kms.katalon.core.main.TestCaseMain$startTestSuite$0.call(Unknown Source)
	at TempTestSuite1642335656208.run(TempTestSuite1642335656208.groovy:36)
Caused by: com.kms.katalon.core.webui.exception.WebElementNotFoundException: Web element with id: 'Object Repository/Create New User/Page_Moodle Khu vc qun tr Thnh vin Ti khon _57274d/em_Click to enter text' located by '//a[@id='yui_3_17_2_1_1642069056468_763']/span/span/em' not found
	at com.kms.katalon.core.webui.common.WebUiCommonHelper.findWebElement(WebUiCommonHelper.java:1368)
	at com.kms.katalon.core.webui.keyword.internal.WebUIAbstractKeyword.findWebElement(WebUIAbstractKeyword.groovy:27)
	at com.kms.katalon.core.webui.keyword.builtin.ClickKeyword$_click_closure1.doCall(ClickKeyword.groovy:65)
	at com.kms.katalon.core.webui.keyword.builtin.ClickKeyword$_click_closure1.call(ClickKeyword.groovy)
	at com.kms.katalon.core.webui.keyword.internal.WebUIKeywordMain.runKeyword(WebUIKeywordMain.groovy:20)
	... 22 more]]></system-err>
      </testcase>
      <testcase name="Test Cases/Create New User/Create New User With Full Information" time="44.265" classname="Test Cases/Create New User/Create New User With Full Information" status="FAILED">
         <failure type="FAILED" message="Test Cases/Create New User/Create New User With Full Information FAILED.
Reason:
com.kms.katalon.core.exception.StepFailedException: Unable to click on object 'Object Repository/Create New User/Page_Moodle Khu vc qun tr Thnh vin Ti khon _57274d/em_Click to enter text'
	at com.kms.katalon.core.webui.keyword.internal.WebUIKeywordMain.stepFailed(WebUIKeywordMain.groovy:64)
	at com.kms.katalon.core.webui.keyword.internal.WebUIKeywordMain.runKeyword(WebUIKeywordMain.groovy:26)
	at com.kms.katalon.core.webui.keyword.builtin.ClickKeyword.click(ClickKeyword.groovy:74)
	at com.kms.katalon.core.webui.keyword.builtin.ClickKeyword.execute(ClickKeyword.groovy:40)
	at com.kms.katalon.core.keyword.internal.KeywordExecutor.executeKeywordForPlatform(KeywordExecutor.groovy:74)
	at com.kms.katalon.core.webui.keyword.WebUiBuiltInKeywords.click(WebUiBuiltInKeywords.groovy:620)
	at com.kms.katalon.core.webui.keyword.WebUiBuiltInKeywords$click$1.call(Unknown Source)
	at Create New User With Full Information.run(Create New User With Full Information:33)
	at com.kms.katalon.core.main.ScriptEngine.run(ScriptEngine.java:194)
	at com.kms.katalon.core.main.ScriptEngine.runScriptAsRawText(ScriptEngine.java:119)
	at com.kms.katalon.core.main.TestCaseExecutor.runScript(TestCaseExecutor.java:442)
	at com.kms.katalon.core.main.TestCaseExecutor.doExecute(TestCaseExecutor.java:433)
	at com.kms.katalon.core.main.TestCaseExecutor.processExecutionPhase(TestCaseExecutor.java:412)
	at com.kms.katalon.core.main.TestCaseExecutor.accessMainPhase(TestCaseExecutor.java:404)
	at com.kms.katalon.core.main.TestCaseExecutor.execute(TestCaseExecutor.java:281)
	at com.kms.katalon.core.main.TestCaseExecutor.execute(TestCaseExecutor.java:363)
	at com.kms.katalon.core.main.TestCaseExecutor.execute(TestCaseExecutor.java:363)
	at com.kms.katalon.core.main.TestCaseExecutor.execute(TestCaseExecutor.java:363)
	at com.kms.katalon.core.main.TestSuiteExecutor.accessTestCaseMainPhase(TestSuiteExecutor.java:202)
	at com.kms.katalon.core.main.TestSuiteExecutor.accessTestSuiteMainPhase(TestSuiteExecutor.java:164)
	at com.kms.katalon.core.main.TestSuiteExecutor.execute(TestSuiteExecutor.java:105)
	at com.kms.katalon.core.main.TestCaseMain.startTestSuite(TestCaseMain.java:181)
	at com.kms.katalon.core.main.TestCaseMain$startTestSuite$0.call(Unknown Source)
	at TempTestSuite1642335656208.run(TempTestSuite1642335656208.groovy:36)
Caused by: com.kms.katalon.core.webui.exception.WebElementNotFoundException: Web element with id: 'Object Repository/Create New User/Page_Moodle Khu vc qun tr Thnh vin Ti khon _57274d/em_Click to enter text' located by '//a[@id='yui_3_17_2_1_1642069056468_763']/span/span/em' not found
	at com.kms.katalon.core.webui.common.WebUiCommonHelper.findWebElement(WebUiCommonHelper.java:1368)
	at com.kms.katalon.core.webui.keyword.internal.WebUIAbstractKeyword.findWebElement(WebUIAbstractKeyword.groovy:27)
	at com.kms.katalon.core.webui.keyword.builtin.ClickKeyword$_click_closure1.doCall(ClickKeyword.groovy:65)
	at com.kms.katalon.core.webui.keyword.builtin.ClickKeyword$_click_closure1.call(ClickKeyword.groovy)
	at com.kms.katalon.core.webui.keyword.internal.WebUIKeywordMain.runKeyword(WebUIKeywordMain.groovy:20)
	... 22 more
"/>
         <system-out><![CDATA[2022-01-16 19:31:09 - [TEST_CASE][FAILED] - Test Cases/Create New User/Create New User With Full Information: Test Cases/Create New User/Create New User With Full Information FAILED.
Reason:
com.kms.katalon.core.exception.StepFailedException: Unable to click on object 'Object Repository/Create New User/Page_Moodle Khu vc qun tr Thnh vin Ti khon _57274d/em_Click to enter text'
	at com.kms.katalon.core.webui.keyword.internal.WebUIKeywordMain.stepFailed(WebUIKeywordMain.groovy:64)
	at com.kms.katalon.core.webui.keyword.internal.WebUIKeywordMain.runKeyword(WebUIKeywordMain.groovy:26)
	at com.kms.katalon.core.webui.keyword.builtin.ClickKeyword.click(ClickKeyword.groovy:74)
	at com.kms.katalon.core.webui.keyword.builtin.ClickKeyword.execute(ClickKeyword.groovy:40)
	at com.kms.katalon.core.keyword.internal.KeywordExecutor.executeKeywordForPlatform(KeywordExecutor.groovy:74)
	at com.kms.katalon.core.webui.keyword.WebUiBuiltInKeywords.click(WebUiBuiltInKeywords.groovy:620)
	at com.kms.katalon.core.webui.keyword.WebUiBuiltInKeywords$click$1.call(Unknown Source)
	at Create New User With Full Information.run(Create New User With Full Information:33)
	at com.kms.katalon.core.main.ScriptEngine.run(ScriptEngine.java:194)
	at com.kms.katalon.core.main.ScriptEngine.runScriptAsRawText(ScriptEngine.java:119)
	at com.kms.katalon.core.main.TestCaseExecutor.runScript(TestCaseExecutor.java:442)
	at com.kms.katalon.core.main.TestCaseExecutor.doExecute(TestCaseExecutor.java:433)
	at com.kms.katalon.core.main.TestCaseExecutor.processExecutionPhase(TestCaseExecutor.java:412)
	at com.kms.katalon.core.main.TestCaseExecutor.accessMainPhase(TestCaseExecutor.java:404)
	at com.kms.katalon.core.main.TestCaseExecutor.execute(TestCaseExecutor.java:281)
	at com.kms.katalon.core.main.TestCaseExecutor.execute(TestCaseExecutor.java:363)
	at com.kms.katalon.core.main.TestCaseExecutor.execute(TestCaseExecutor.java:363)
	at com.kms.katalon.core.main.TestCaseExecutor.execute(TestCaseExecutor.java:363)
	at com.kms.katalon.core.main.TestSuiteExecutor.accessTestCaseMainPhase(TestSuiteExecutor.java:202)
	at com.kms.katalon.core.main.TestSuiteExecutor.accessTestSuiteMainPhase(TestSuiteExecutor.java:164)
	at com.kms.katalon.core.main.TestSuiteExecutor.execute(TestSuiteExecutor.java:105)
	at com.kms.katalon.core.main.TestCaseMain.startTestSuite(TestCaseMain.java:181)
	at com.kms.katalon.core.main.TestCaseMain$startTestSuite$0.call(Unknown Source)
	at TempTestSuite1642335656208.run(TempTestSuite1642335656208.groovy:36)
Caused by: com.kms.katalon.core.webui.exception.WebElementNotFoundException: Web element with id: 'Object Repository/Create New User/Page_Moodle Khu vc qun tr Thnh vin Ti khon _57274d/em_Click to enter text' located by '//a[@id='yui_3_17_2_1_1642069056468_763']/span/span/em' not found
	at com.kms.katalon.core.webui.common.WebUiCommonHelper.findWebElement(WebUiCommonHelper.java:1368)
	at com.kms.katalon.core.webui.keyword.internal.WebUIAbstractKeyword.findWebElement(WebUIAbstractKeyword.groovy:27)
	at com.kms.katalon.core.webui.keyword.builtin.ClickKeyword$_click_closure1.doCall(ClickKeyword.groovy:65)
	at com.kms.katalon.core.webui.keyword.builtin.ClickKeyword$_click_closure1.call(ClickKeyword.groovy)
	at com.kms.katalon.core.webui.keyword.internal.WebUIKeywordMain.runKeyword(WebUIKeywordMain.groovy:20)
	... 22 more


2022-01-16 19:31:09 - [TEST_STEP][PASSED] - callTestCase(findTestCase("Admin Site/Login with Admin"), [:], STOP_ON_FAILURE): Call Test Case 'Test Cases/Admin Site/Login with Admin' successfully

2022-01-16 19:31:09 - [TEST_CASE][PASSED] - Test Cases/Admin Site/Login with Admin: Test Cases/Admin Site/Login with Admin

2022-01-16 19:31:09 - [TEST_STEP][PASSED] - openBrowser(""): Browser is opened with url: ''

2022-01-16 19:31:09 - [MESSAGE][WARNING] - A browser is already opened. Closing browser and opening a new one

2022-01-16 19:31:11 - [MESSAGE][INFO] - Starting 'Edge Chromium' driver

2022-01-16 19:31:13 - [MESSAGE][INFO] - Action delay is set to 0 milliseconds

2022-01-16 19:31:14 - [MESSAGE][PASSED] - Browser is opened with url: ''

2022-01-16 19:31:14 - [TEST_STEP][PASSED] - navigateToUrl("http://localhost/"): Navigate to 'http://localhost/' successfully

2022-01-16 19:31:16 - [MESSAGE][PASSED] - Navigate to 'http://localhost/' successfully

2022-01-16 19:31:16 - [TEST_STEP][PASSED] - click(findTestObject("Object Repository/Admin Site/Page_Local Moodle/a_Log in")): Object: 'Object Repository/Admin Site/Page_Local Moodle/a_Log in' is clicked on

2022-01-16 19:31:17 - [MESSAGE][PASSED] - Object: 'Object Repository/Admin Site/Page_Local Moodle/a_Log in' is clicked on

2022-01-16 19:31:17 - [TEST_STEP][PASSED] - setText(findTestObject("Object Repository/Admin Site/Page_Local Moodle Log in to the site/input_Username_username"), "admin"): Text 'admin' is set on object 'Object Repository/Admin Site/Page_Local Moodle Log in to the site/input_Username_username'

2022-01-16 19:31:18 - [MESSAGE][PASSED] - Text 'admin' is set on object 'Object Repository/Admin Site/Page_Local Moodle Log in to the site/input_Username_username'

2022-01-16 19:31:18 - [TEST_STEP][PASSED] - setEncryptedText(findTestObject("Object Repository/Admin Site/Page_Local Moodle Log in to the site/input_Password_password"), "bfAykA/oWJ09FXmiKh6lyuuLu8QhG1K5"): Text ****** has been set on object 'Object Repository/Admin Site/Page_Local Moodle Log in to the site/input_Password_password'

2022-01-16 19:31:19 - [MESSAGE][PASSED] - Text ****** has been set on object 'Object Repository/Admin Site/Page_Local Moodle Log in to the site/input_Password_password'

2022-01-16 19:31:19 - [TEST_STEP][PASSED] - click(findTestObject("Object Repository/Admin Site/Page_Local Moodle Log in to the site/button_Log in")): Object: 'Object Repository/Admin Site/Page_Local Moodle Log in to the site/button_Log in' is clicked on

2022-01-16 19:31:22 - [MESSAGE][PASSED] - Object: 'Object Repository/Admin Site/Page_Local Moodle Log in to the site/button_Log in' is clicked on

2022-01-16 19:31:22 - [TEST_STEP][PASSED] - click(findTestObject("Object Repository/Admin Site/Page_Nh ca ti/span_Qun tr khu vc")): Object: 'Object Repository/Admin Site/Page_Nh ca ti/span_Qun tr khu vc' is clicked on

2022-01-16 19:31:27 - [MESSAGE][PASSED] - Object: 'Object Repository/Admin Site/Page_Nh ca ti/span_Qun tr khu vc' is clicked on

2022-01-16 19:31:27 - [TEST_STEP][PASSED] - verifyElementPresent(findTestObject("Object Repository/Admin Site/Page_Moodle Khu vc qun tr Tm kim/a_Qun tr khu vc"), 0): Object 'Object Repository/Admin Site/Page_Moodle Khu vc qun tr Tm kim/a_Qun tr khu vc' is present

2022-01-16 19:31:27 - [MESSAGE][WARNING] - Timeout '0' is invalid. Using default page load timeout: '5'

2022-01-16 19:31:28 - [MESSAGE][PASSED] - Object 'Object Repository/Admin Site/Page_Moodle Khu vc qun tr Tm kim/a_Qun tr khu vc' is present

2022-01-16 19:31:28 - [MESSAGE][PASSED] - Call Test Case 'Test Cases/Admin Site/Login with Admin' successfully

2022-01-16 19:31:28 - [TEST_STEP][PASSED] - click(findTestObject("Object Repository/Create New User/Page_Moodle Khu vc qun tr Tm kim/a_Thnh vin")): Object: 'Object Repository/Create New User/Page_Moodle Khu vc qun tr Tm kim/a_Thnh vin' is clicked on

2022-01-16 19:31:28 - [MESSAGE][PASSED] - Object: 'Object Repository/Create New User/Page_Moodle Khu vc qun tr Tm kim/a_Thnh vin' is clicked on

2022-01-16 19:31:28 - [TEST_STEP][PASSED] - click(findTestObject("Object Repository/Create New User/Page_Moodle Khu vc qun tr Tm kim/a_Thm thnh vin mi")): Object: 'Object Repository/Create New User/Page_Moodle Khu vc qun tr Tm kim/a_Thm thnh vin mi' is clicked on

2022-01-16 19:31:32 - [MESSAGE][PASSED] - Object: 'Object Repository/Create New User/Page_Moodle Khu vc qun tr Tm kim/a_Thm thnh vin mi' is clicked on

2022-01-16 19:31:32 - [TEST_STEP][PASSED] - navigateToUrl("http://localhost/user/editadvanced.php?id=-1"): Navigate to 'http://localhost/user/editadvanced.php?id=-1' successfully

2022-01-16 19:31:34 - [MESSAGE][PASSED] - Navigate to 'http://localhost/user/editadvanced.php?id=-1' successfully

2022-01-16 19:31:34 - [TEST_STEP][PASSED] - click(findTestObject("Object Repository/Create New User/Page_Moodle Khu vc qun tr Thnh vin Ti khon _57274d/a_M rng tt c")): Object: 'Object Repository/Create New User/Page_Moodle Khu vc qun tr Thnh vin Ti khon _57274d/a_M rng tt c' is clicked on

2022-01-16 19:31:40 - [MESSAGE][INFO] - Unable to find the element located by 'By.xpath: //*[@href = '#' and @id = 'yui_3_17_2_1_1641375718034_760' and (text() = 'Mở rộng tất cả' or . = 'Mở rộng tất cả')]'. Please recheck the objects properties to make sure the desired element is located. 

2022-01-16 19:31:40 - [MESSAGE][WARNING] - [SELF-HEALING] Failed to find element with id 'Object Repository/Create New User/Page_Moodle Khu vc qun tr Thnh vin Ti khon _57274d/a_M rng tt c'. Try using Self-healing.

2022-01-16 19:31:40 - [MESSAGE][WARNING] - [SELF-HEALING] The current locator of test object 'Object Repository/Create New User/Page_Moodle Khu vc qun tr Thnh vin Ti khon _57274d/a_M rng tt c' was broken. Propose an alternative one: '//a[contains(text(),'Mở rộng tất cả')]'.

2022-01-16 19:31:41 - [MESSAGE][PASSED] - Object: 'Object Repository/Create New User/Page_Moodle Khu vc qun tr Thnh vin Ti khon _57274d/a_M rng tt c' is clicked on

2022-01-16 19:31:41 - [TEST_STEP][PASSED] - setText(findTestObject("Object Repository/Create New User/Page_Moodle Khu vc qun tr Thnh vin Ti khon _57274d/input_Tn ti khon_username"), "test_3"): Text 'test_3' is set on object 'Object Repository/Create New User/Page_Moodle Khu vc qun tr Thnh vin Ti khon _57274d/input_Tn ti khon_username'

2022-01-16 19:31:42 - [MESSAGE][PASSED] - Text 'test_3' is set on object 'Object Repository/Create New User/Page_Moodle Khu vc qun tr Thnh vin Ti khon _57274d/input_Tn ti khon_username'

2022-01-16 19:31:42 - [TEST_STEP][FAILED] - click(findTestObject("Object Repository/Create New User/Page_Moodle Khu vc qun tr Thnh vin Ti khon _57274d/em_Click to enter text")): Unable to click on object 'Object Repository/Create New User/Page_Moodle Khu vc qun tr Thnh vin Ti khon _57274d/em_Click to enter text' (Root cause: com.kms.katalon.core.exception.StepFailedException: Unable to click on object 'Object Repository/Create New User/Page_Moodle Khu vc qun tr Thnh vin Ti khon _57274d/em_Click to enter text'
	at com.kms.katalon.core.webui.keyword.internal.WebUIKeywordMain.stepFailed(WebUIKeywordMain.groovy:64)
	at com.kms.katalon.core.webui.keyword.internal.WebUIKeywordMain.runKeyword(WebUIKeywordMain.groovy:26)
	at com.kms.katalon.core.webui.keyword.builtin.ClickKeyword.click(ClickKeyword.groovy:74)
	at com.kms.katalon.core.webui.keyword.builtin.ClickKeyword.execute(ClickKeyword.groovy:40)
	at com.kms.katalon.core.keyword.internal.KeywordExecutor.executeKeywordForPlatform(KeywordExecutor.groovy:74)
	at com.kms.katalon.core.webui.keyword.WebUiBuiltInKeywords.click(WebUiBuiltInKeywords.groovy:620)
	at com.kms.katalon.core.webui.keyword.WebUiBuiltInKeywords$click$1.call(Unknown Source)
	at Create New User With Full Information.run(Create New User With Full Information:33)
	at com.kms.katalon.core.main.ScriptEngine.run(ScriptEngine.java:194)
	at com.kms.katalon.core.main.ScriptEngine.runScriptAsRawText(ScriptEngine.java:119)
	at com.kms.katalon.core.main.TestCaseExecutor.runScript(TestCaseExecutor.java:442)
	at com.kms.katalon.core.main.TestCaseExecutor.doExecute(TestCaseExecutor.java:433)
	at com.kms.katalon.core.main.TestCaseExecutor.processExecutionPhase(TestCaseExecutor.java:412)
	at com.kms.katalon.core.main.TestCaseExecutor.accessMainPhase(TestCaseExecutor.java:404)
	at com.kms.katalon.core.main.TestCaseExecutor.execute(TestCaseExecutor.java:281)
	at com.kms.katalon.core.main.TestCaseExecutor.execute(TestCaseExecutor.java:363)
	at com.kms.katalon.core.main.TestCaseExecutor.execute(TestCaseExecutor.java:363)
	at com.kms.katalon.core.main.TestCaseExecutor.execute(TestCaseExecutor.java:363)
	at com.kms.katalon.core.main.TestSuiteExecutor.accessTestCaseMainPhase(TestSuiteExecutor.java:202)
	at com.kms.katalon.core.main.TestSuiteExecutor.accessTestSuiteMainPhase(TestSuiteExecutor.java:164)
	at com.kms.katalon.core.main.TestSuiteExecutor.execute(TestSuiteExecutor.java:105)
	at com.kms.katalon.core.main.TestCaseMain.startTestSuite(TestCaseMain.java:181)
	at com.kms.katalon.core.main.TestCaseMain$startTestSuite$0.call(Unknown Source)
	at TempTestSuite1642335656208.run(TempTestSuite1642335656208.groovy:36)
Caused by: com.kms.katalon.core.webui.exception.WebElementNotFoundException: Web element with id: 'Object Repository/Create New User/Page_Moodle Khu vc qun tr Thnh vin Ti khon _57274d/em_Click to enter text' located by '//a[@id='yui_3_17_2_1_1642069056468_763']/span/span/em' not found
	at com.kms.katalon.core.webui.common.WebUiCommonHelper.findWebElement(WebUiCommonHelper.java:1368)
	at com.kms.katalon.core.webui.keyword.internal.WebUIAbstractKeyword.findWebElement(WebUIAbstractKeyword.groovy:27)
	at com.kms.katalon.core.webui.keyword.builtin.ClickKeyword$_click_closure1.doCall(ClickKeyword.groovy:65)
	at com.kms.katalon.core.webui.keyword.builtin.ClickKeyword$_click_closure1.call(ClickKeyword.groovy)
	at com.kms.katalon.core.webui.keyword.internal.WebUIKeywordMain.runKeyword(WebUIKeywordMain.groovy:20)
	at com.kms.katalon.core.webui.keyword.builtin.ClickKeyword.click(ClickKeyword.groovy:74)
	at com.kms.katalon.core.webui.keyword.builtin.ClickKeyword.execute(ClickKeyword.groovy:40)
	at com.kms.katalon.core.keyword.internal.KeywordExecutor.executeKeywordForPlatform(KeywordExecutor.groovy:74)
	at com.kms.katalon.core.webui.keyword.WebUiBuiltInKeywords.click(WebUiBuiltInKeywords.groovy:620)
	at com.kms.katalon.core.webui.keyword.WebUiBuiltInKeywords$click$1.call(Unknown Source)
	at Script1641376330343.run(Script1641376330343.groovy:33)
	... 16 more
)

2022-01-16 19:31:48 - [MESSAGE][INFO] - Unable to find the element located by 'By.xpath: //a[@id='yui_3_17_2_1_1642069056468_763']/span/span/em'. Please recheck the objects properties to make sure the desired element is located. 

2022-01-16 19:31:48 - [MESSAGE][WARNING] - [SELF-HEALING] Failed to find element with id 'Object Repository/Create New User/Page_Moodle Khu vc qun tr Thnh vin Ti khon _57274d/em_Click to enter text'. Try using Self-healing.

2022-01-16 19:31:49 - [MESSAGE][INFO] - Unable to find the element located by 'By.xpath: (.//*[normalize-space(text()) and normalize-space(.)='Mật khẩu mới'])[1]/following::em[1]'. Please recheck the objects properties to make sure the desired element is located. 

2022-01-16 19:31:49 - [MESSAGE][INFO] - [SELF-HEALING] Failed Locator: '//a[@id='yui_3_17_2_1_1642069056468_763']/span/span/em'.

2022-01-16 19:31:50 - [MESSAGE][INFO] - [SELF-HEALING] Failed Locator: '(.//*[normalize-space(text()) and normalize-space(.)='Mật khẩu mới'])[1]/following::em[1]'.

2022-01-16 19:31:50 - [MESSAGE][INFO] - [SELF-HEALING] Failed Locator: '(.//*[normalize-space(text()) and normalize-space(.)='Tạo mật khẩu và thông báo người dùng'])[1]/following::em[1]'.

2022-01-16 19:31:50 - [MESSAGE][INFO] - [SELF-HEALING] Failed Locator: '(.//*[normalize-space(text()) and normalize-space(.)='Press enter to save changes'])[1]/preceding::em[1]'.

2022-01-16 19:31:51 - [MESSAGE][INFO] - [SELF-HEALING] Failed Locator: '(.//*[normalize-space(text()) and normalize-space(.)='Bắt buộc'])[1]/preceding::em[1]'.

2022-01-16 19:31:51 - [MESSAGE][INFO] - [SELF-HEALING] Failed Locator: '//*/text()[normalize-space(.)='Click to enter text']/parent::*'.

2022-01-16 19:31:51 - [MESSAGE][INFO] - [SELF-HEALING] Failed Locator: '//em'.

2022-01-16 19:31:52 - [MESSAGE][INFO] - Unable to find the element located by 'By.xpath: //*[(text() = 'Click to enter text' or . = 'Click to enter text')]'. Please recheck the objects properties to make sure the desired element is located. 

2022-01-16 19:31:53 - [MESSAGE][INFO] - Unable to find the element located by 'By.cssSelector: em'. Please recheck the objects properties to make sure the desired element is located. 

2022-01-16 19:31:54 - [MESSAGE][FAILED] - Unable to click on object 'Object Repository/Create New User/Page_Moodle Khu vc qun tr Thnh vin Ti khon _57274d/em_Click to enter text' (Root cause: com.kms.katalon.core.exception.StepFailedException: Unable to click on object 'Object Repository/Create New User/Page_Moodle Khu vc qun tr Thnh vin Ti khon _57274d/em_Click to enter text'
	at com.kms.katalon.core.webui.keyword.internal.WebUIKeywordMain.stepFailed(WebUIKeywordMain.groovy:64)
	at com.kms.katalon.core.webui.keyword.internal.WebUIKeywordMain.runKeyword(WebUIKeywordMain.groovy:26)
	at com.kms.katalon.core.webui.keyword.builtin.ClickKeyword.click(ClickKeyword.groovy:74)
	at com.kms.katalon.core.webui.keyword.builtin.ClickKeyword.execute(ClickKeyword.groovy:40)
	at com.kms.katalon.core.keyword.internal.KeywordExecutor.executeKeywordForPlatform(KeywordExecutor.groovy:74)
	at com.kms.katalon.core.webui.keyword.WebUiBuiltInKeywords.click(WebUiBuiltInKeywords.groovy:620)
	at com.kms.katalon.core.webui.keyword.WebUiBuiltInKeywords$click$1.call(Unknown Source)
	at Create New User With Full Information.run(Create New User With Full Information:33)
	at com.kms.katalon.core.main.ScriptEngine.run(ScriptEngine.java:194)
	at com.kms.katalon.core.main.ScriptEngine.runScriptAsRawText(ScriptEngine.java:119)
	at com.kms.katalon.core.main.TestCaseExecutor.runScript(TestCaseExecutor.java:442)
	at com.kms.katalon.core.main.TestCaseExecutor.doExecute(TestCaseExecutor.java:433)
	at com.kms.katalon.core.main.TestCaseExecutor.processExecutionPhase(TestCaseExecutor.java:412)
	at com.kms.katalon.core.main.TestCaseExecutor.accessMainPhase(TestCaseExecutor.java:404)
	at com.kms.katalon.core.main.TestCaseExecutor.execute(TestCaseExecutor.java:281)
	at com.kms.katalon.core.main.TestCaseExecutor.execute(TestCaseExecutor.java:363)
	at com.kms.katalon.core.main.TestCaseExecutor.execute(TestCaseExecutor.java:363)
	at com.kms.katalon.core.main.TestCaseExecutor.execute(TestCaseExecutor.java:363)
	at com.kms.katalon.core.main.TestSuiteExecutor.accessTestCaseMainPhase(TestSuiteExecutor.java:202)
	at com.kms.katalon.core.main.TestSuiteExecutor.accessTestSuiteMainPhase(TestSuiteExecutor.java:164)
	at com.kms.katalon.core.main.TestSuiteExecutor.execute(TestSuiteExecutor.java:105)
	at com.kms.katalon.core.main.TestCaseMain.startTestSuite(TestCaseMain.java:181)
	at com.kms.katalon.core.main.TestCaseMain$startTestSuite$0.call(Unknown Source)
	at TempTestSuite1642335656208.run(TempTestSuite1642335656208.groovy:36)
Caused by: com.kms.katalon.core.webui.exception.WebElementNotFoundException: Web element with id: 'Object Repository/Create New User/Page_Moodle Khu vc qun tr Thnh vin Ti khon _57274d/em_Click to enter text' located by '//a[@id='yui_3_17_2_1_1642069056468_763']/span/span/em' not found
	at com.kms.katalon.core.webui.common.WebUiCommonHelper.findWebElement(WebUiCommonHelper.java:1368)
	at com.kms.katalon.core.webui.keyword.internal.WebUIAbstractKeyword.findWebElement(WebUIAbstractKeyword.groovy:27)
	at com.kms.katalon.core.webui.keyword.builtin.ClickKeyword$_click_closure1.doCall(ClickKeyword.groovy:65)
	at com.kms.katalon.core.webui.keyword.builtin.ClickKeyword$_click_closure1.call(ClickKeyword.groovy)
	at com.kms.katalon.core.webui.keyword.internal.WebUIKeywordMain.runKeyword(WebUIKeywordMain.groovy:20)
	at com.kms.katalon.core.webui.keyword.builtin.ClickKeyword.click(ClickKeyword.groovy:74)
	at com.kms.katalon.core.webui.keyword.builtin.ClickKeyword.execute(ClickKeyword.groovy:40)
	at com.kms.katalon.core.keyword.internal.KeywordExecutor.executeKeywordForPlatform(KeywordExecutor.groovy:74)
	at com.kms.katalon.core.webui.keyword.WebUiBuiltInKeywords.click(WebUiBuiltInKeywords.groovy:620)
	at com.kms.katalon.core.webui.keyword.WebUiBuiltInKeywords$click$1.call(Unknown Source)
	at Script1641376330343.run(Script1641376330343.groovy:33)
	... 16 more
)
[[ATTACHMENT|C:\\xampp\\htdocs\\moodle\\Test Automation - SE Bonus\\Reports\\20220116_192056\\Run All Test Cases\\20220116_192056\\1642336313905.png]]]]></system-out>
         <system-err><![CDATA[2022-01-16 19:31:09 - [TEST_CASE][FAILED] - Test Cases/Create New User/Create New User With Full Information: Test Cases/Create New User/Create New User With Full Information FAILED.
Reason:
com.kms.katalon.core.exception.StepFailedException: Unable to click on object 'Object Repository/Create New User/Page_Moodle Khu vc qun tr Thnh vin Ti khon _57274d/em_Click to enter text'
	at com.kms.katalon.core.webui.keyword.internal.WebUIKeywordMain.stepFailed(WebUIKeywordMain.groovy:64)
	at com.kms.katalon.core.webui.keyword.internal.WebUIKeywordMain.runKeyword(WebUIKeywordMain.groovy:26)
	at com.kms.katalon.core.webui.keyword.builtin.ClickKeyword.click(ClickKeyword.groovy:74)
	at com.kms.katalon.core.webui.keyword.builtin.ClickKeyword.execute(ClickKeyword.groovy:40)
	at com.kms.katalon.core.keyword.internal.KeywordExecutor.executeKeywordForPlatform(KeywordExecutor.groovy:74)
	at com.kms.katalon.core.webui.keyword.WebUiBuiltInKeywords.click(WebUiBuiltInKeywords.groovy:620)
	at com.kms.katalon.core.webui.keyword.WebUiBuiltInKeywords$click$1.call(Unknown Source)
	at Create New User With Full Information.run(Create New User With Full Information:33)
	at com.kms.katalon.core.main.ScriptEngine.run(ScriptEngine.java:194)
	at com.kms.katalon.core.main.ScriptEngine.runScriptAsRawText(ScriptEngine.java:119)
	at com.kms.katalon.core.main.TestCaseExecutor.runScript(TestCaseExecutor.java:442)
	at com.kms.katalon.core.main.TestCaseExecutor.doExecute(TestCaseExecutor.java:433)
	at com.kms.katalon.core.main.TestCaseExecutor.processExecutionPhase(TestCaseExecutor.java:412)
	at com.kms.katalon.core.main.TestCaseExecutor.accessMainPhase(TestCaseExecutor.java:404)
	at com.kms.katalon.core.main.TestCaseExecutor.execute(TestCaseExecutor.java:281)
	at com.kms.katalon.core.main.TestCaseExecutor.execute(TestCaseExecutor.java:363)
	at com.kms.katalon.core.main.TestCaseExecutor.execute(TestCaseExecutor.java:363)
	at com.kms.katalon.core.main.TestCaseExecutor.execute(TestCaseExecutor.java:363)
	at com.kms.katalon.core.main.TestSuiteExecutor.accessTestCaseMainPhase(TestSuiteExecutor.java:202)
	at com.kms.katalon.core.main.TestSuiteExecutor.accessTestSuiteMainPhase(TestSuiteExecutor.java:164)
	at com.kms.katalon.core.main.TestSuiteExecutor.execute(TestSuiteExecutor.java:105)
	at com.kms.katalon.core.main.TestCaseMain.startTestSuite(TestCaseMain.java:181)
	at com.kms.katalon.core.main.TestCaseMain$startTestSuite$0.call(Unknown Source)
	at TempTestSuite1642335656208.run(TempTestSuite1642335656208.groovy:36)
Caused by: com.kms.katalon.core.webui.exception.WebElementNotFoundException: Web element with id: 'Object Repository/Create New User/Page_Moodle Khu vc qun tr Thnh vin Ti khon _57274d/em_Click to enter text' located by '//a[@id='yui_3_17_2_1_1642069056468_763']/span/span/em' not found
	at com.kms.katalon.core.webui.common.WebUiCommonHelper.findWebElement(WebUiCommonHelper.java:1368)
	at com.kms.katalon.core.webui.keyword.internal.WebUIAbstractKeyword.findWebElement(WebUIAbstractKeyword.groovy:27)
	at com.kms.katalon.core.webui.keyword.builtin.ClickKeyword$_click_closure1.doCall(ClickKeyword.groovy:65)
	at com.kms.katalon.core.webui.keyword.builtin.ClickKeyword$_click_closure1.call(ClickKeyword.groovy)
	at com.kms.katalon.core.webui.keyword.internal.WebUIKeywordMain.runKeyword(WebUIKeywordMain.groovy:20)
	... 22 more]]></system-err>
      </testcase>
      <testcase name="Test Cases/Create New User/Create Teacher" time="40.765" classname="Test Cases/Create New User/Create Teacher" status="FAILED">
         <failure type="FAILED" message="Test Cases/Create New User/Create Teacher FAILED.
Reason:
com.kms.katalon.core.exception.StepFailedException: Unable to click on object 'Object Repository/Create New User/Page_Moodle Khu vc qun tr Thnh vin Ti khon _57274d/em_Click to enter text'
	at com.kms.katalon.core.webui.keyword.internal.WebUIKeywordMain.stepFailed(WebUIKeywordMain.groovy:64)
	at com.kms.katalon.core.webui.keyword.internal.WebUIKeywordMain.runKeyword(WebUIKeywordMain.groovy:26)
	at com.kms.katalon.core.webui.keyword.builtin.ClickKeyword.click(ClickKeyword.groovy:74)
	at com.kms.katalon.core.webui.keyword.builtin.ClickKeyword.execute(ClickKeyword.groovy:40)
	at com.kms.katalon.core.keyword.internal.KeywordExecutor.executeKeywordForPlatform(KeywordExecutor.groovy:74)
	at com.kms.katalon.core.webui.keyword.WebUiBuiltInKeywords.click(WebUiBuiltInKeywords.groovy:620)
	at com.kms.katalon.core.webui.keyword.WebUiBuiltInKeywords$click$1.call(Unknown Source)
	at Create Teacher.run(Create Teacher:31)
	at com.kms.katalon.core.main.ScriptEngine.run(ScriptEngine.java:194)
	at com.kms.katalon.core.main.ScriptEngine.runScriptAsRawText(ScriptEngine.java:119)
	at com.kms.katalon.core.main.TestCaseExecutor.runScript(TestCaseExecutor.java:442)
	at com.kms.katalon.core.main.TestCaseExecutor.doExecute(TestCaseExecutor.java:433)
	at com.kms.katalon.core.main.TestCaseExecutor.processExecutionPhase(TestCaseExecutor.java:412)
	at com.kms.katalon.core.main.TestCaseExecutor.accessMainPhase(TestCaseExecutor.java:404)
	at com.kms.katalon.core.main.TestCaseExecutor.execute(TestCaseExecutor.java:281)
	at com.kms.katalon.core.main.TestCaseExecutor.execute(TestCaseExecutor.java:363)
	at com.kms.katalon.core.main.TestCaseExecutor.execute(TestCaseExecutor.java:363)
	at com.kms.katalon.core.main.TestCaseExecutor.execute(TestCaseExecutor.java:363)
	at com.kms.katalon.core.main.TestSuiteExecutor.accessTestCaseMainPhase(TestSuiteExecutor.java:202)
	at com.kms.katalon.core.main.TestSuiteExecutor.accessTestSuiteMainPhase(TestSuiteExecutor.java:164)
	at com.kms.katalon.core.main.TestSuiteExecutor.execute(TestSuiteExecutor.java:105)
	at com.kms.katalon.core.main.TestCaseMain.startTestSuite(TestCaseMain.java:181)
	at com.kms.katalon.core.main.TestCaseMain$startTestSuite$0.call(Unknown Source)
	at TempTestSuite1642335656208.run(TempTestSuite1642335656208.groovy:36)
Caused by: com.kms.katalon.core.webui.exception.WebElementNotFoundException: Web element with id: 'Object Repository/Create New User/Page_Moodle Khu vc qun tr Thnh vin Ti khon _57274d/em_Click to enter text' located by '//a[@id='yui_3_17_2_1_1642069056468_763']/span/span/em' not found
	at com.kms.katalon.core.webui.common.WebUiCommonHelper.findWebElement(WebUiCommonHelper.java:1368)
	at com.kms.katalon.core.webui.keyword.internal.WebUIAbstractKeyword.findWebElement(WebUIAbstractKeyword.groovy:27)
	at com.kms.katalon.core.webui.keyword.builtin.ClickKeyword$_click_closure1.doCall(ClickKeyword.groovy:65)
	at com.kms.katalon.core.webui.keyword.builtin.ClickKeyword$_click_closure1.call(ClickKeyword.groovy)
	at com.kms.katalon.core.webui.keyword.internal.WebUIKeywordMain.runKeyword(WebUIKeywordMain.groovy:20)
	... 22 more
"/>
         <system-out><![CDATA[2022-01-16 19:33:53 - [TEST_CASE][FAILED] - Test Cases/Create New User/Create Teacher: Test Cases/Create New User/Create Teacher FAILED.
Reason:
com.kms.katalon.core.exception.StepFailedException: Unable to click on object 'Object Repository/Create New User/Page_Moodle Khu vc qun tr Thnh vin Ti khon _57274d/em_Click to enter text'
	at com.kms.katalon.core.webui.keyword.internal.WebUIKeywordMain.stepFailed(WebUIKeywordMain.groovy:64)
	at com.kms.katalon.core.webui.keyword.internal.WebUIKeywordMain.runKeyword(WebUIKeywordMain.groovy:26)
	at com.kms.katalon.core.webui.keyword.builtin.ClickKeyword.click(ClickKeyword.groovy:74)
	at com.kms.katalon.core.webui.keyword.builtin.ClickKeyword.execute(ClickKeyword.groovy:40)
	at com.kms.katalon.core.keyword.internal.KeywordExecutor.executeKeywordForPlatform(KeywordExecutor.groovy:74)
	at com.kms.katalon.core.webui.keyword.WebUiBuiltInKeywords.click(WebUiBuiltInKeywords.groovy:620)
	at com.kms.katalon.core.webui.keyword.WebUiBuiltInKeywords$click$1.call(Unknown Source)
	at Create Teacher.run(Create Teacher:31)
	at com.kms.katalon.core.main.ScriptEngine.run(ScriptEngine.java:194)
	at com.kms.katalon.core.main.ScriptEngine.runScriptAsRawText(ScriptEngine.java:119)
	at com.kms.katalon.core.main.TestCaseExecutor.runScript(TestCaseExecutor.java:442)
	at com.kms.katalon.core.main.TestCaseExecutor.doExecute(TestCaseExecutor.java:433)
	at com.kms.katalon.core.main.TestCaseExecutor.processExecutionPhase(TestCaseExecutor.java:412)
	at com.kms.katalon.core.main.TestCaseExecutor.accessMainPhase(TestCaseExecutor.java:404)
	at com.kms.katalon.core.main.TestCaseExecutor.execute(TestCaseExecutor.java:281)
	at com.kms.katalon.core.main.TestCaseExecutor.execute(TestCaseExecutor.java:363)
	at com.kms.katalon.core.main.TestCaseExecutor.execute(TestCaseExecutor.java:363)
	at com.kms.katalon.core.main.TestCaseExecutor.execute(TestCaseExecutor.java:363)
	at com.kms.katalon.core.main.TestSuiteExecutor.accessTestCaseMainPhase(TestSuiteExecutor.java:202)
	at com.kms.katalon.core.main.TestSuiteExecutor.accessTestSuiteMainPhase(TestSuiteExecutor.java:164)
	at com.kms.katalon.core.main.TestSuiteExecutor.execute(TestSuiteExecutor.java:105)
	at com.kms.katalon.core.main.TestCaseMain.startTestSuite(TestCaseMain.java:181)
	at com.kms.katalon.core.main.TestCaseMain$startTestSuite$0.call(Unknown Source)
	at TempTestSuite1642335656208.run(TempTestSuite1642335656208.groovy:36)
Caused by: com.kms.katalon.core.webui.exception.WebElementNotFoundException: Web element with id: 'Object Repository/Create New User/Page_Moodle Khu vc qun tr Thnh vin Ti khon _57274d/em_Click to enter text' located by '//a[@id='yui_3_17_2_1_1642069056468_763']/span/span/em' not found
	at com.kms.katalon.core.webui.common.WebUiCommonHelper.findWebElement(WebUiCommonHelper.java:1368)
	at com.kms.katalon.core.webui.keyword.internal.WebUIAbstractKeyword.findWebElement(WebUIAbstractKeyword.groovy:27)
	at com.kms.katalon.core.webui.keyword.builtin.ClickKeyword$_click_closure1.doCall(ClickKeyword.groovy:65)
	at com.kms.katalon.core.webui.keyword.builtin.ClickKeyword$_click_closure1.call(ClickKeyword.groovy)
	at com.kms.katalon.core.webui.keyword.internal.WebUIKeywordMain.runKeyword(WebUIKeywordMain.groovy:20)
	... 22 more


2022-01-16 19:33:53 - [TEST_STEP][PASSED] - callTestCase(findTestCase("Admin Site/Login with Admin"), [:], STOP_ON_FAILURE): Call Test Case 'Test Cases/Admin Site/Login with Admin' successfully

2022-01-16 19:33:53 - [TEST_CASE][PASSED] - Test Cases/Admin Site/Login with Admin: Test Cases/Admin Site/Login with Admin

2022-01-16 19:33:53 - [TEST_STEP][PASSED] - openBrowser(""): Browser is opened with url: ''

2022-01-16 19:33:53 - [MESSAGE][WARNING] - A browser is already opened. Closing browser and opening a new one

2022-01-16 19:33:54 - [MESSAGE][INFO] - Starting 'Edge Chromium' driver

2022-01-16 19:33:56 - [MESSAGE][INFO] - Action delay is set to 0 milliseconds

2022-01-16 19:33:58 - [MESSAGE][PASSED] - Browser is opened with url: ''

2022-01-16 19:33:58 - [TEST_STEP][PASSED] - navigateToUrl("http://localhost/"): Navigate to 'http://localhost/' successfully

2022-01-16 19:34:00 - [MESSAGE][PASSED] - Navigate to 'http://localhost/' successfully

2022-01-16 19:34:00 - [TEST_STEP][PASSED] - click(findTestObject("Object Repository/Admin Site/Page_Local Moodle/a_Log in")): Object: 'Object Repository/Admin Site/Page_Local Moodle/a_Log in' is clicked on

2022-01-16 19:34:02 - [MESSAGE][PASSED] - Object: 'Object Repository/Admin Site/Page_Local Moodle/a_Log in' is clicked on

2022-01-16 19:34:02 - [TEST_STEP][PASSED] - setText(findTestObject("Object Repository/Admin Site/Page_Local Moodle Log in to the site/input_Username_username"), "admin"): Text 'admin' is set on object 'Object Repository/Admin Site/Page_Local Moodle Log in to the site/input_Username_username'

2022-01-16 19:34:03 - [MESSAGE][PASSED] - Text 'admin' is set on object 'Object Repository/Admin Site/Page_Local Moodle Log in to the site/input_Username_username'

2022-01-16 19:34:03 - [TEST_STEP][PASSED] - setEncryptedText(findTestObject("Object Repository/Admin Site/Page_Local Moodle Log in to the site/input_Password_password"), "bfAykA/oWJ09FXmiKh6lyuuLu8QhG1K5"): Text ****** has been set on object 'Object Repository/Admin Site/Page_Local Moodle Log in to the site/input_Password_password'

2022-01-16 19:34:03 - [MESSAGE][PASSED] - Text ****** has been set on object 'Object Repository/Admin Site/Page_Local Moodle Log in to the site/input_Password_password'

2022-01-16 19:34:03 - [TEST_STEP][PASSED] - click(findTestObject("Object Repository/Admin Site/Page_Local Moodle Log in to the site/button_Log in")): Object: 'Object Repository/Admin Site/Page_Local Moodle Log in to the site/button_Log in' is clicked on

2022-01-16 19:34:08 - [MESSAGE][PASSED] - Object: 'Object Repository/Admin Site/Page_Local Moodle Log in to the site/button_Log in' is clicked on

2022-01-16 19:34:08 - [TEST_STEP][PASSED] - click(findTestObject("Object Repository/Admin Site/Page_Nh ca ti/span_Qun tr khu vc")): Object: 'Object Repository/Admin Site/Page_Nh ca ti/span_Qun tr khu vc' is clicked on

2022-01-16 19:34:13 - [MESSAGE][PASSED] - Object: 'Object Repository/Admin Site/Page_Nh ca ti/span_Qun tr khu vc' is clicked on

2022-01-16 19:34:13 - [TEST_STEP][PASSED] - verifyElementPresent(findTestObject("Object Repository/Admin Site/Page_Moodle Khu vc qun tr Tm kim/a_Qun tr khu vc"), 0): Object 'Object Repository/Admin Site/Page_Moodle Khu vc qun tr Tm kim/a_Qun tr khu vc' is present

2022-01-16 19:34:13 - [MESSAGE][WARNING] - Timeout '0' is invalid. Using default page load timeout: '5'

2022-01-16 19:34:13 - [MESSAGE][PASSED] - Object 'Object Repository/Admin Site/Page_Moodle Khu vc qun tr Tm kim/a_Qun tr khu vc' is present

2022-01-16 19:34:13 - [MESSAGE][PASSED] - Call Test Case 'Test Cases/Admin Site/Login with Admin' successfully

2022-01-16 19:34:13 - [TEST_STEP][PASSED] - click(findTestObject("Object Repository/Create New User/Page_Moodle Khu vc qun tr Tm kim/a_Thnh vin")): Object: 'Object Repository/Create New User/Page_Moodle Khu vc qun tr Tm kim/a_Thnh vin' is clicked on

2022-01-16 19:34:14 - [MESSAGE][PASSED] - Object: 'Object Repository/Create New User/Page_Moodle Khu vc qun tr Tm kim/a_Thnh vin' is clicked on

2022-01-16 19:34:14 - [TEST_STEP][PASSED] - click(findTestObject("Object Repository/Create New User/Page_Moodle Khu vc qun tr Tm kim/a_Thm thnh vin mi")): Object: 'Object Repository/Create New User/Page_Moodle Khu vc qun tr Tm kim/a_Thm thnh vin mi' is clicked on

2022-01-16 19:34:17 - [MESSAGE][PASSED] - Object: 'Object Repository/Create New User/Page_Moodle Khu vc qun tr Tm kim/a_Thm thnh vin mi' is clicked on

2022-01-16 19:34:17 - [TEST_STEP][PASSED] - navigateToUrl("http://localhost/user/editadvanced.php?id=-1"): Navigate to 'http://localhost/user/editadvanced.php?id=-1' successfully

2022-01-16 19:34:20 - [MESSAGE][PASSED] - Navigate to 'http://localhost/user/editadvanced.php?id=-1' successfully

2022-01-16 19:34:20 - [TEST_STEP][PASSED] - setText(findTestObject("Object Repository/Create New User/Page_Moodle Khu vc qun tr Thnh vin Ti khon _57274d/input_Tn ti khon_username"), "teacher1"): Text 'teacher1' is set on object 'Object Repository/Create New User/Page_Moodle Khu vc qun tr Thnh vin Ti khon _57274d/input_Tn ti khon_username'

2022-01-16 19:34:21 - [MESSAGE][PASSED] - Text 'teacher1' is set on object 'Object Repository/Create New User/Page_Moodle Khu vc qun tr Thnh vin Ti khon _57274d/input_Tn ti khon_username'

2022-01-16 19:34:21 - [TEST_STEP][FAILED] - click(findTestObject("Object Repository/Create New User/Page_Moodle Khu vc qun tr Thnh vin Ti khon _57274d/em_Click to enter text")): Unable to click on object 'Object Repository/Create New User/Page_Moodle Khu vc qun tr Thnh vin Ti khon _57274d/em_Click to enter text' (Root cause: com.kms.katalon.core.exception.StepFailedException: Unable to click on object 'Object Repository/Create New User/Page_Moodle Khu vc qun tr Thnh vin Ti khon _57274d/em_Click to enter text'
	at com.kms.katalon.core.webui.keyword.internal.WebUIKeywordMain.stepFailed(WebUIKeywordMain.groovy:64)
	at com.kms.katalon.core.webui.keyword.internal.WebUIKeywordMain.runKeyword(WebUIKeywordMain.groovy:26)
	at com.kms.katalon.core.webui.keyword.builtin.ClickKeyword.click(ClickKeyword.groovy:74)
	at com.kms.katalon.core.webui.keyword.builtin.ClickKeyword.execute(ClickKeyword.groovy:40)
	at com.kms.katalon.core.keyword.internal.KeywordExecutor.executeKeywordForPlatform(KeywordExecutor.groovy:74)
	at com.kms.katalon.core.webui.keyword.WebUiBuiltInKeywords.click(WebUiBuiltInKeywords.groovy:620)
	at com.kms.katalon.core.webui.keyword.WebUiBuiltInKeywords$click$1.call(Unknown Source)
	at Create Teacher.run(Create Teacher:31)
	at com.kms.katalon.core.main.ScriptEngine.run(ScriptEngine.java:194)
	at com.kms.katalon.core.main.ScriptEngine.runScriptAsRawText(ScriptEngine.java:119)
	at com.kms.katalon.core.main.TestCaseExecutor.runScript(TestCaseExecutor.java:442)
	at com.kms.katalon.core.main.TestCaseExecutor.doExecute(TestCaseExecutor.java:433)
	at com.kms.katalon.core.main.TestCaseExecutor.processExecutionPhase(TestCaseExecutor.java:412)
	at com.kms.katalon.core.main.TestCaseExecutor.accessMainPhase(TestCaseExecutor.java:404)
	at com.kms.katalon.core.main.TestCaseExecutor.execute(TestCaseExecutor.java:281)
	at com.kms.katalon.core.main.TestCaseExecutor.execute(TestCaseExecutor.java:363)
	at com.kms.katalon.core.main.TestCaseExecutor.execute(TestCaseExecutor.java:363)
	at com.kms.katalon.core.main.TestCaseExecutor.execute(TestCaseExecutor.java:363)
	at com.kms.katalon.core.main.TestSuiteExecutor.accessTestCaseMainPhase(TestSuiteExecutor.java:202)
	at com.kms.katalon.core.main.TestSuiteExecutor.accessTestSuiteMainPhase(TestSuiteExecutor.java:164)
	at com.kms.katalon.core.main.TestSuiteExecutor.execute(TestSuiteExecutor.java:105)
	at com.kms.katalon.core.main.TestCaseMain.startTestSuite(TestCaseMain.java:181)
	at com.kms.katalon.core.main.TestCaseMain$startTestSuite$0.call(Unknown Source)
	at TempTestSuite1642335656208.run(TempTestSuite1642335656208.groovy:36)
Caused by: com.kms.katalon.core.webui.exception.WebElementNotFoundException: Web element with id: 'Object Repository/Create New User/Page_Moodle Khu vc qun tr Thnh vin Ti khon _57274d/em_Click to enter text' located by '//a[@id='yui_3_17_2_1_1642069056468_763']/span/span/em' not found
	at com.kms.katalon.core.webui.common.WebUiCommonHelper.findWebElement(WebUiCommonHelper.java:1368)
	at com.kms.katalon.core.webui.keyword.internal.WebUIAbstractKeyword.findWebElement(WebUIAbstractKeyword.groovy:27)
	at com.kms.katalon.core.webui.keyword.builtin.ClickKeyword$_click_closure1.doCall(ClickKeyword.groovy:65)
	at com.kms.katalon.core.webui.keyword.builtin.ClickKeyword$_click_closure1.call(ClickKeyword.groovy)
	at com.kms.katalon.core.webui.keyword.internal.WebUIKeywordMain.runKeyword(WebUIKeywordMain.groovy:20)
	at com.kms.katalon.core.webui.keyword.builtin.ClickKeyword.click(ClickKeyword.groovy:74)
	at com.kms.katalon.core.webui.keyword.builtin.ClickKeyword.execute(ClickKeyword.groovy:40)
	at com.kms.katalon.core.keyword.internal.KeywordExecutor.executeKeywordForPlatform(KeywordExecutor.groovy:74)
	at com.kms.katalon.core.webui.keyword.WebUiBuiltInKeywords.click(WebUiBuiltInKeywords.groovy:620)
	at com.kms.katalon.core.webui.keyword.WebUiBuiltInKeywords$click$1.call(Unknown Source)
	at Script1641440839531.run(Script1641440839531.groovy:31)
	... 16 more
)

2022-01-16 19:34:28 - [MESSAGE][INFO] - Unable to find the element located by 'By.xpath: //a[@id='yui_3_17_2_1_1642069056468_763']/span/span/em'. Please recheck the objects properties to make sure the desired element is located. 

2022-01-16 19:34:28 - [MESSAGE][WARNING] - [SELF-HEALING] Failed to find element with id 'Object Repository/Create New User/Page_Moodle Khu vc qun tr Thnh vin Ti khon _57274d/em_Click to enter text'. Try using Self-healing.

2022-01-16 19:34:29 - [MESSAGE][INFO] - Unable to find the element located by 'By.xpath: (.//*[normalize-space(text()) and normalize-space(.)='Mật khẩu mới'])[1]/following::em[1]'. Please recheck the objects properties to make sure the desired element is located. 

2022-01-16 19:34:29 - [MESSAGE][INFO] - [SELF-HEALING] Failed Locator: '//a[@id='yui_3_17_2_1_1642069056468_763']/span/span/em'.

2022-01-16 19:34:29 - [MESSAGE][INFO] - [SELF-HEALING] Failed Locator: '(.//*[normalize-space(text()) and normalize-space(.)='Mật khẩu mới'])[1]/following::em[1]'.

2022-01-16 19:34:30 - [MESSAGE][INFO] - [SELF-HEALING] Failed Locator: '(.//*[normalize-space(text()) and normalize-space(.)='Tạo mật khẩu và thông báo người dùng'])[1]/following::em[1]'.

2022-01-16 19:34:30 - [MESSAGE][INFO] - [SELF-HEALING] Failed Locator: '(.//*[normalize-space(text()) and normalize-space(.)='Press enter to save changes'])[1]/preceding::em[1]'.

2022-01-16 19:34:31 - [MESSAGE][INFO] - [SELF-HEALING] Failed Locator: '(.//*[normalize-space(text()) and normalize-space(.)='Bắt buộc'])[1]/preceding::em[1]'.

2022-01-16 19:34:31 - [MESSAGE][INFO] - [SELF-HEALING] Failed Locator: '//*/text()[normalize-space(.)='Click to enter text']/parent::*'.

2022-01-16 19:34:31 - [MESSAGE][INFO] - [SELF-HEALING] Failed Locator: '//em'.

2022-01-16 19:34:32 - [MESSAGE][INFO] - Unable to find the element located by 'By.xpath: //*[(text() = 'Click to enter text' or . = 'Click to enter text')]'. Please recheck the objects properties to make sure the desired element is located. 

2022-01-16 19:34:33 - [MESSAGE][INFO] - Unable to find the element located by 'By.cssSelector: em'. Please recheck the objects properties to make sure the desired element is located. 

2022-01-16 19:34:34 - [MESSAGE][FAILED] - Unable to click on object 'Object Repository/Create New User/Page_Moodle Khu vc qun tr Thnh vin Ti khon _57274d/em_Click to enter text' (Root cause: com.kms.katalon.core.exception.StepFailedException: Unable to click on object 'Object Repository/Create New User/Page_Moodle Khu vc qun tr Thnh vin Ti khon _57274d/em_Click to enter text'
	at com.kms.katalon.core.webui.keyword.internal.WebUIKeywordMain.stepFailed(WebUIKeywordMain.groovy:64)
	at com.kms.katalon.core.webui.keyword.internal.WebUIKeywordMain.runKeyword(WebUIKeywordMain.groovy:26)
	at com.kms.katalon.core.webui.keyword.builtin.ClickKeyword.click(ClickKeyword.groovy:74)
	at com.kms.katalon.core.webui.keyword.builtin.ClickKeyword.execute(ClickKeyword.groovy:40)
	at com.kms.katalon.core.keyword.internal.KeywordExecutor.executeKeywordForPlatform(KeywordExecutor.groovy:74)
	at com.kms.katalon.core.webui.keyword.WebUiBuiltInKeywords.click(WebUiBuiltInKeywords.groovy:620)
	at com.kms.katalon.core.webui.keyword.WebUiBuiltInKeywords$click$1.call(Unknown Source)
	at Create Teacher.run(Create Teacher:31)
	at com.kms.katalon.core.main.ScriptEngine.run(ScriptEngine.java:194)
	at com.kms.katalon.core.main.ScriptEngine.runScriptAsRawText(ScriptEngine.java:119)
	at com.kms.katalon.core.main.TestCaseExecutor.runScript(TestCaseExecutor.java:442)
	at com.kms.katalon.core.main.TestCaseExecutor.doExecute(TestCaseExecutor.java:433)
	at com.kms.katalon.core.main.TestCaseExecutor.processExecutionPhase(TestCaseExecutor.java:412)
	at com.kms.katalon.core.main.TestCaseExecutor.accessMainPhase(TestCaseExecutor.java:404)
	at com.kms.katalon.core.main.TestCaseExecutor.execute(TestCaseExecutor.java:281)
	at com.kms.katalon.core.main.TestCaseExecutor.execute(TestCaseExecutor.java:363)
	at com.kms.katalon.core.main.TestCaseExecutor.execute(TestCaseExecutor.java:363)
	at com.kms.katalon.core.main.TestCaseExecutor.execute(TestCaseExecutor.java:363)
	at com.kms.katalon.core.main.TestSuiteExecutor.accessTestCaseMainPhase(TestSuiteExecutor.java:202)
	at com.kms.katalon.core.main.TestSuiteExecutor.accessTestSuiteMainPhase(TestSuiteExecutor.java:164)
	at com.kms.katalon.core.main.TestSuiteExecutor.execute(TestSuiteExecutor.java:105)
	at com.kms.katalon.core.main.TestCaseMain.startTestSuite(TestCaseMain.java:181)
	at com.kms.katalon.core.main.TestCaseMain$startTestSuite$0.call(Unknown Source)
	at TempTestSuite1642335656208.run(TempTestSuite1642335656208.groovy:36)
Caused by: com.kms.katalon.core.webui.exception.WebElementNotFoundException: Web element with id: 'Object Repository/Create New User/Page_Moodle Khu vc qun tr Thnh vin Ti khon _57274d/em_Click to enter text' located by '//a[@id='yui_3_17_2_1_1642069056468_763']/span/span/em' not found
	at com.kms.katalon.core.webui.common.WebUiCommonHelper.findWebElement(WebUiCommonHelper.java:1368)
	at com.kms.katalon.core.webui.keyword.internal.WebUIAbstractKeyword.findWebElement(WebUIAbstractKeyword.groovy:27)
	at com.kms.katalon.core.webui.keyword.builtin.ClickKeyword$_click_closure1.doCall(ClickKeyword.groovy:65)
	at com.kms.katalon.core.webui.keyword.builtin.ClickKeyword$_click_closure1.call(ClickKeyword.groovy)
	at com.kms.katalon.core.webui.keyword.internal.WebUIKeywordMain.runKeyword(WebUIKeywordMain.groovy:20)
	at com.kms.katalon.core.webui.keyword.builtin.ClickKeyword.click(ClickKeyword.groovy:74)
	at com.kms.katalon.core.webui.keyword.builtin.ClickKeyword.execute(ClickKeyword.groovy:40)
	at com.kms.katalon.core.keyword.internal.KeywordExecutor.executeKeywordForPlatform(KeywordExecutor.groovy:74)
	at com.kms.katalon.core.webui.keyword.WebUiBuiltInKeywords.click(WebUiBuiltInKeywords.groovy:620)
	at com.kms.katalon.core.webui.keyword.WebUiBuiltInKeywords$click$1.call(Unknown Source)
	at Script1641440839531.run(Script1641440839531.groovy:31)
	... 16 more
)
[[ATTACHMENT|C:\\xampp\\htdocs\\moodle\\Test Automation - SE Bonus\\Reports\\20220116_192056\\Run All Test Cases\\20220116_192056\\1642336473855.png]]]]></system-out>
         <system-err><![CDATA[2022-01-16 19:33:53 - [TEST_CASE][FAILED] - Test Cases/Create New User/Create Teacher: Test Cases/Create New User/Create Teacher FAILED.
Reason:
com.kms.katalon.core.exception.StepFailedException: Unable to click on object 'Object Repository/Create New User/Page_Moodle Khu vc qun tr Thnh vin Ti khon _57274d/em_Click to enter text'
	at com.kms.katalon.core.webui.keyword.internal.WebUIKeywordMain.stepFailed(WebUIKeywordMain.groovy:64)
	at com.kms.katalon.core.webui.keyword.internal.WebUIKeywordMain.runKeyword(WebUIKeywordMain.groovy:26)
	at com.kms.katalon.core.webui.keyword.builtin.ClickKeyword.click(ClickKeyword.groovy:74)
	at com.kms.katalon.core.webui.keyword.builtin.ClickKeyword.execute(ClickKeyword.groovy:40)
	at com.kms.katalon.core.keyword.internal.KeywordExecutor.executeKeywordForPlatform(KeywordExecutor.groovy:74)
	at com.kms.katalon.core.webui.keyword.WebUiBuiltInKeywords.click(WebUiBuiltInKeywords.groovy:620)
	at com.kms.katalon.core.webui.keyword.WebUiBuiltInKeywords$click$1.call(Unknown Source)
	at Create Teacher.run(Create Teacher:31)
	at com.kms.katalon.core.main.ScriptEngine.run(ScriptEngine.java:194)
	at com.kms.katalon.core.main.ScriptEngine.runScriptAsRawText(ScriptEngine.java:119)
	at com.kms.katalon.core.main.TestCaseExecutor.runScript(TestCaseExecutor.java:442)
	at com.kms.katalon.core.main.TestCaseExecutor.doExecute(TestCaseExecutor.java:433)
	at com.kms.katalon.core.main.TestCaseExecutor.processExecutionPhase(TestCaseExecutor.java:412)
	at com.kms.katalon.core.main.TestCaseExecutor.accessMainPhase(TestCaseExecutor.java:404)
	at com.kms.katalon.core.main.TestCaseExecutor.execute(TestCaseExecutor.java:281)
	at com.kms.katalon.core.main.TestCaseExecutor.execute(TestCaseExecutor.java:363)
	at com.kms.katalon.core.main.TestCaseExecutor.execute(TestCaseExecutor.java:363)
	at com.kms.katalon.core.main.TestCaseExecutor.execute(TestCaseExecutor.java:363)
	at com.kms.katalon.core.main.TestSuiteExecutor.accessTestCaseMainPhase(TestSuiteExecutor.java:202)
	at com.kms.katalon.core.main.TestSuiteExecutor.accessTestSuiteMainPhase(TestSuiteExecutor.java:164)
	at com.kms.katalon.core.main.TestSuiteExecutor.execute(TestSuiteExecutor.java:105)
	at com.kms.katalon.core.main.TestCaseMain.startTestSuite(TestCaseMain.java:181)
	at com.kms.katalon.core.main.TestCaseMain$startTestSuite$0.call(Unknown Source)
	at TempTestSuite1642335656208.run(TempTestSuite1642335656208.groovy:36)
Caused by: com.kms.katalon.core.webui.exception.WebElementNotFoundException: Web element with id: 'Object Repository/Create New User/Page_Moodle Khu vc qun tr Thnh vin Ti khon _57274d/em_Click to enter text' located by '//a[@id='yui_3_17_2_1_1642069056468_763']/span/span/em' not found
	at com.kms.katalon.core.webui.common.WebUiCommonHelper.findWebElement(WebUiCommonHelper.java:1368)
	at com.kms.katalon.core.webui.keyword.internal.WebUIAbstractKeyword.findWebElement(WebUIAbstractKeyword.groovy:27)
	at com.kms.katalon.core.webui.keyword.builtin.ClickKeyword$_click_closure1.doCall(ClickKeyword.groovy:65)
	at com.kms.katalon.core.webui.keyword.builtin.ClickKeyword$_click_closure1.call(ClickKeyword.groovy)
	at com.kms.katalon.core.webui.keyword.internal.WebUIKeywordMain.runKeyword(WebUIKeywordMain.groovy:20)
	... 22 more]]></system-err>
      </testcase>
      <testcase name="Test Cases/Create New User/Spam Create User" time="187.499" classname="Test Cases/Create New User/Spam Create User" status="PASSED">
         <system-out><![CDATA[2022-01-16 19:34:34 - [TEST_CASE][PASSED] - Test Cases/Create New User/Spam Create User: Test Cases/Create New User/Spam Create User

2022-01-16 19:34:34 - [TEST_STEP][PASSED] - callTestCase(findTestCase("Admin Site/Login with Admin"), [:], STOP_ON_FAILURE): Call Test Case 'Test Cases/Admin Site/Login with Admin' successfully

2022-01-16 19:34:35 - [TEST_CASE][PASSED] - Test Cases/Admin Site/Login with Admin: Test Cases/Admin Site/Login with Admin

2022-01-16 19:34:35 - [TEST_STEP][PASSED] - openBrowser(""): Browser is opened with url: ''

2022-01-16 19:34:35 - [MESSAGE][WARNING] - A browser is already opened. Closing browser and opening a new one

2022-01-16 19:34:36 - [MESSAGE][INFO] - Starting 'Edge Chromium' driver

2022-01-16 19:34:38 - [MESSAGE][INFO] - Action delay is set to 0 milliseconds

2022-01-16 19:34:39 - [MESSAGE][PASSED] - Browser is opened with url: ''

2022-01-16 19:34:39 - [TEST_STEP][PASSED] - navigateToUrl("http://localhost/"): Navigate to 'http://localhost/' successfully

2022-01-16 19:34:41 - [MESSAGE][PASSED] - Navigate to 'http://localhost/' successfully

2022-01-16 19:34:41 - [TEST_STEP][PASSED] - click(findTestObject("Object Repository/Admin Site/Page_Local Moodle/a_Log in")): Object: 'Object Repository/Admin Site/Page_Local Moodle/a_Log in' is clicked on

2022-01-16 19:34:42 - [MESSAGE][PASSED] - Object: 'Object Repository/Admin Site/Page_Local Moodle/a_Log in' is clicked on

2022-01-16 19:34:42 - [TEST_STEP][PASSED] - setText(findTestObject("Object Repository/Admin Site/Page_Local Moodle Log in to the site/input_Username_username"), "admin"): Text 'admin' is set on object 'Object Repository/Admin Site/Page_Local Moodle Log in to the site/input_Username_username'

2022-01-16 19:34:43 - [MESSAGE][PASSED] - Text 'admin' is set on object 'Object Repository/Admin Site/Page_Local Moodle Log in to the site/input_Username_username'

2022-01-16 19:34:43 - [TEST_STEP][PASSED] - setEncryptedText(findTestObject("Object Repository/Admin Site/Page_Local Moodle Log in to the site/input_Password_password"), "bfAykA/oWJ09FXmiKh6lyuuLu8QhG1K5"): Text ****** has been set on object 'Object Repository/Admin Site/Page_Local Moodle Log in to the site/input_Password_password'

2022-01-16 19:34:44 - [MESSAGE][PASSED] - Text ****** has been set on object 'Object Repository/Admin Site/Page_Local Moodle Log in to the site/input_Password_password'

2022-01-16 19:34:44 - [TEST_STEP][PASSED] - click(findTestObject("Object Repository/Admin Site/Page_Local Moodle Log in to the site/button_Log in")): Object: 'Object Repository/Admin Site/Page_Local Moodle Log in to the site/button_Log in' is clicked on

2022-01-16 19:34:47 - [MESSAGE][PASSED] - Object: 'Object Repository/Admin Site/Page_Local Moodle Log in to the site/button_Log in' is clicked on

2022-01-16 19:34:47 - [TEST_STEP][PASSED] - click(findTestObject("Object Repository/Admin Site/Page_Nh ca ti/span_Qun tr khu vc")): Object: 'Object Repository/Admin Site/Page_Nh ca ti/span_Qun tr khu vc' is clicked on

2022-01-16 19:34:51 - [MESSAGE][PASSED] - Object: 'Object Repository/Admin Site/Page_Nh ca ti/span_Qun tr khu vc' is clicked on

2022-01-16 19:34:51 - [TEST_STEP][PASSED] - verifyElementPresent(findTestObject("Object Repository/Admin Site/Page_Moodle Khu vc qun tr Tm kim/a_Qun tr khu vc"), 0): Object 'Object Repository/Admin Site/Page_Moodle Khu vc qun tr Tm kim/a_Qun tr khu vc' is present

2022-01-16 19:34:51 - [MESSAGE][WARNING] - Timeout '0' is invalid. Using default page load timeout: '5'

2022-01-16 19:34:51 - [MESSAGE][PASSED] - Object 'Object Repository/Admin Site/Page_Moodle Khu vc qun tr Tm kim/a_Qun tr khu vc' is present

2022-01-16 19:34:51 - [MESSAGE][PASSED] - Call Test Case 'Test Cases/Admin Site/Login with Admin' successfully

2022-01-16 19:34:51 - [TEST_STEP][PASSED] - for (def index : (1..3)): Navigate to 'http://localhost/admin/user.php' successfully

2022-01-16 19:34:52 - [TEST_STEP][PASSED] - click(findTestObject("Object Repository/Create New User/Page_Moodle Khu vc qun tr My ch Ch  bo tr/span_Qun tr khu vc")): Object: 'Object Repository/Create New User/Page_Moodle Khu vc qun tr My ch Ch  bo tr/span_Qun tr khu vc' is clicked on

2022-01-16 19:34:58 - [MESSAGE][INFO] - Unable to find the element located by 'By.xpath: '. Please recheck the objects properties to make sure the desired element is located. 

2022-01-16 19:34:58 - [MESSAGE][WARNING] - [SELF-HEALING] Failed to find element with id 'Object Repository/Create New User/Page_Moodle Khu vc qun tr My ch Ch  bo tr/span_Qun tr khu vc'. Try using Self-healing.

2022-01-16 19:34:58 - [MESSAGE][WARNING] - [SELF-HEALING] The current locator of test object 'Object Repository/Create New User/Page_Moodle Khu vc qun tr My ch Ch  bo tr/span_Qun tr khu vc' was broken. Propose an alternative one: '//div[@id='nav-drawer']/nav[2]/ul/li/a/div/div/span[2]'.

2022-01-16 19:35:00 - [MESSAGE][PASSED] - Object: 'Object Repository/Create New User/Page_Moodle Khu vc qun tr My ch Ch  bo tr/span_Qun tr khu vc' is clicked on

2022-01-16 19:35:00 - [TEST_STEP][PASSED] - click(findTestObject("Object Repository/Create New User/Page_Moodle Khu vc qun tr Tm kim/a_Thnh vin")): Object: 'Object Repository/Create New User/Page_Moodle Khu vc qun tr Tm kim/a_Thnh vin' is clicked on

2022-01-16 19:35:01 - [MESSAGE][PASSED] - Object: 'Object Repository/Create New User/Page_Moodle Khu vc qun tr Tm kim/a_Thnh vin' is clicked on

2022-01-16 19:35:01 - [TEST_STEP][PASSED] - click(findTestObject("Object Repository/Create New User/Page_Moodle Khu vc qun tr Tm kim/a_Thm thnh vin mi")): Object: 'Object Repository/Create New User/Page_Moodle Khu vc qun tr Tm kim/a_Thm thnh vin mi' is clicked on

2022-01-16 19:35:05 - [MESSAGE][PASSED] - Object: 'Object Repository/Create New User/Page_Moodle Khu vc qun tr Tm kim/a_Thm thnh vin mi' is clicked on

2022-01-16 19:35:05 - [TEST_STEP][PASSED] - setText(findTestObject("Object Repository/Create New User/Page_Moodle Khu vc qun tr Thnh vin Ti khon _57274d/input_Tn ti khon_username"), "test_" + index.toString()): Text 'test_1' is set on object 'Object Repository/Create New User/Page_Moodle Khu vc qun tr Thnh vin Ti khon _57274d/input_Tn ti khon_username'

2022-01-16 19:35:07 - [MESSAGE][PASSED] - Text 'test_1' is set on object 'Object Repository/Create New User/Page_Moodle Khu vc qun tr Thnh vin Ti khon _57274d/input_Tn ti khon_username'

2022-01-16 19:35:07 - [TEST_STEP][PASSED] - click(findTestObject("Object Repository/Create New User/Page_Moodle Khu vc qun tr Thnh vin Ti khon _57274d/a_Click to enter text")): Object: 'Object Repository/Create New User/Page_Moodle Khu vc qun tr Thnh vin Ti khon _57274d/a_Click to enter text' is clicked on

2022-01-16 19:35:13 - [MESSAGE][INFO] - Unable to find the element located by 'By.xpath: //a[@id='yui_3_17_2_1_1641440991320_766']'. Please recheck the objects properties to make sure the desired element is located. 

2022-01-16 19:35:13 - [MESSAGE][WARNING] - [SELF-HEALING] Failed to find element with id 'Object Repository/Create New User/Page_Moodle Khu vc qun tr Thnh vin Ti khon _57274d/a_Click to enter text'. Try using Self-healing.

2022-01-16 19:35:13 - [MESSAGE][WARNING] - [SELF-HEALING] The current locator of test object 'Object Repository/Create New User/Page_Moodle Khu vc qun tr Thnh vin Ti khon _57274d/a_Click to enter text' was broken. Propose an alternative one: '(.//*[normalize-space(text()) and normalize-space(.)='Mật khẩu mới'])[1]/following::a[2]'.

2022-01-16 19:35:14 - [MESSAGE][PASSED] - Object: 'Object Repository/Create New User/Page_Moodle Khu vc qun tr Thnh vin Ti khon _57274d/a_Click to enter text' is clicked on

2022-01-16 19:35:14 - [TEST_STEP][PASSED] - setEncryptedText(findTestObject("Object Repository/Create New User/Page_Moodle Khu vc qun tr Thnh vin Ti khon _57274d/input_Mt khu mi_newpassword"), "cvW8qx4B2o1gIDzvWT+0mQ=="): Text ****** has been set on object 'Object Repository/Create New User/Page_Moodle Khu vc qun tr Thnh vin Ti khon _57274d/input_Mt khu mi_newpassword'

2022-01-16 19:35:14 - [MESSAGE][PASSED] - Text ****** has been set on object 'Object Repository/Create New User/Page_Moodle Khu vc qun tr Thnh vin Ti khon _57274d/input_Mt khu mi_newpassword'

2022-01-16 19:35:14 - [TEST_STEP][PASSED] - setText(findTestObject("Object Repository/Create New User/Page_Moodle Khu vc qun tr Thnh vin Ti khon _57274d/input_Tn m v tn_firstname"), "Test " + index.toString()): Text 'Test 1' is set on object 'Object Repository/Create New User/Page_Moodle Khu vc qun tr Thnh vin Ti khon _57274d/input_Tn m v tn_firstname'

2022-01-16 19:35:15 - [MESSAGE][PASSED] - Text 'Test 1' is set on object 'Object Repository/Create New User/Page_Moodle Khu vc qun tr Thnh vin Ti khon _57274d/input_Tn m v tn_firstname'

2022-01-16 19:35:15 - [TEST_STEP][PASSED] - setText(findTestObject("Object Repository/Create New User/Page_Moodle Khu vc qun tr Thnh vin Ti khon _57274d/input_H_lastname"), "Nguyễn"): Text 'Nguyễn' is set on object 'Object Repository/Create New User/Page_Moodle Khu vc qun tr Thnh vin Ti khon _57274d/input_H_lastname'

2022-01-16 19:35:17 - [MESSAGE][PASSED] - Text 'Nguyễn' is set on object 'Object Repository/Create New User/Page_Moodle Khu vc qun tr Thnh vin Ti khon _57274d/input_H_lastname'

2022-01-16 19:35:17 - [TEST_STEP][PASSED] - setText(findTestObject("Object Repository/Create New User/Page_Moodle Khu vc qun tr Thnh vin Ti khon _57274d/input_a ch th in t_email"), "test_" + index.toString() + "@gmail.com"): Text 'test_1@gmail.com' is set on object 'Object Repository/Create New User/Page_Moodle Khu vc qun tr Thnh vin Ti khon _57274d/input_a ch th in t_email'

2022-01-16 19:35:17 - [MESSAGE][PASSED] - Text 'test_1@gmail.com' is set on object 'Object Repository/Create New User/Page_Moodle Khu vc qun tr Thnh vin Ti khon _57274d/input_a ch th in t_email'

2022-01-16 19:35:18 - [TEST_STEP][PASSED] - selectOptionByValue(findTestObject("Object Repository/Create New User/Page_Moodle Khu vc qun tr Thnh vin Ti khon _57274d/select_Du a ch th in t ca ti            Cho_daca4a"), "0", true): All options with value '0' are selected in object 'Object Repository/Create New User/Page_Moodle Khu vc qun tr Thnh vin Ti khon _57274d/select_Du a ch th in t ca ti            Cho_daca4a'  using regular expression

2022-01-16 19:35:19 - [MESSAGE][PASSED] - All options with value '0' are selected in object 'Object Repository/Create New User/Page_Moodle Khu vc qun tr Thnh vin Ti khon _57274d/select_Du a ch th in t ca ti            Cho_daca4a'  using regular expression

2022-01-16 19:35:19 - [TEST_STEP][PASSED] - setText(findTestObject("Object Repository/Create New User/Page_Moodle Khu vc qun tr Thnh vin Ti khon _57274d/input_TnhThnh ph_city"), "Hồ Chí Minh"): Text 'Hồ Chí Minh' is set on object 'Object Repository/Create New User/Page_Moodle Khu vc qun tr Thnh vin Ti khon _57274d/input_TnhThnh ph_city'

2022-01-16 19:35:20 - [MESSAGE][PASSED] - Text 'Hồ Chí Minh' is set on object 'Object Repository/Create New User/Page_Moodle Khu vc qun tr Thnh vin Ti khon _57274d/input_TnhThnh ph_city'

2022-01-16 19:35:20 - [TEST_STEP][PASSED] - selectOptionByValue(findTestObject("Object Repository/Create New User/Page_Moodle Khu vc qun tr Thnh vin Ti khon _57274d/select_Chn quc gia.            Afghanistan _0db63d"), "VN", true): All options with value 'VN' are selected in object 'Object Repository/Create New User/Page_Moodle Khu vc qun tr Thnh vin Ti khon _57274d/select_Chn quc gia.            Afghanistan _0db63d'  using regular expression

2022-01-16 19:35:29 - [MESSAGE][PASSED] - All options with value 'VN' are selected in object 'Object Repository/Create New User/Page_Moodle Khu vc qun tr Thnh vin Ti khon _57274d/select_Chn quc gia.            Afghanistan _0db63d'  using regular expression

2022-01-16 19:35:29 - [TEST_STEP][PASSED] - click(findTestObject("Object Repository/Create New User/Page_Moodle Khu vc qun tr Thnh vin Ti khon _57274d/input_a ch_submitbutton")): Object: 'Object Repository/Create New User/Page_Moodle Khu vc qun tr Thnh vin Ti khon _57274d/input_a ch_submitbutton' is clicked on

2022-01-16 19:35:31 - [MESSAGE][PASSED] - Object: 'Object Repository/Create New User/Page_Moodle Khu vc qun tr Thnh vin Ti khon _57274d/input_a ch_submitbutton' is clicked on

2022-01-16 19:35:31 - [TEST_STEP][PASSED] - navigateToUrl("http://localhost/admin/user.php"): Navigate to 'http://localhost/admin/user.php' successfully

2022-01-16 19:35:33 - [MESSAGE][PASSED] - Navigate to 'http://localhost/admin/user.php' successfully

2022-01-16 19:35:33 - [TEST_STEP][PASSED] - click(findTestObject("Object Repository/Create New User/Page_Moodle Khu vc qun tr My ch Ch  bo tr/span_Qun tr khu vc")): Object: 'Object Repository/Create New User/Page_Moodle Khu vc qun tr My ch Ch  bo tr/span_Qun tr khu vc' is clicked on

2022-01-16 19:35:39 - [MESSAGE][INFO] - Unable to find the element located by 'By.xpath: '. Please recheck the objects properties to make sure the desired element is located. 

2022-01-16 19:35:39 - [MESSAGE][WARNING] - [SELF-HEALING] Failed to find element with id 'Object Repository/Create New User/Page_Moodle Khu vc qun tr My ch Ch  bo tr/span_Qun tr khu vc'. Try using Self-healing.

2022-01-16 19:35:39 - [MESSAGE][WARNING] - [SELF-HEALING] The current locator of test object 'Object Repository/Create New User/Page_Moodle Khu vc qun tr My ch Ch  bo tr/span_Qun tr khu vc' was broken. Propose an alternative one: '//div[@id='nav-drawer']/nav[2]/ul/li/a/div/div/span[2]'.

2022-01-16 19:35:41 - [MESSAGE][PASSED] - Object: 'Object Repository/Create New User/Page_Moodle Khu vc qun tr My ch Ch  bo tr/span_Qun tr khu vc' is clicked on

2022-01-16 19:35:41 - [TEST_STEP][PASSED] - click(findTestObject("Object Repository/Create New User/Page_Moodle Khu vc qun tr Tm kim/a_Thnh vin")): Object: 'Object Repository/Create New User/Page_Moodle Khu vc qun tr Tm kim/a_Thnh vin' is clicked on

2022-01-16 19:35:42 - [MESSAGE][PASSED] - Object: 'Object Repository/Create New User/Page_Moodle Khu vc qun tr Tm kim/a_Thnh vin' is clicked on

2022-01-16 19:35:42 - [TEST_STEP][PASSED] - click(findTestObject("Object Repository/Create New User/Page_Moodle Khu vc qun tr Tm kim/a_Thm thnh vin mi")): Object: 'Object Repository/Create New User/Page_Moodle Khu vc qun tr Tm kim/a_Thm thnh vin mi' is clicked on

2022-01-16 19:35:44 - [MESSAGE][PASSED] - Object: 'Object Repository/Create New User/Page_Moodle Khu vc qun tr Tm kim/a_Thm thnh vin mi' is clicked on

2022-01-16 19:35:44 - [TEST_STEP][PASSED] - setText(findTestObject("Object Repository/Create New User/Page_Moodle Khu vc qun tr Thnh vin Ti khon _57274d/input_Tn ti khon_username"), "test_" + index.toString()): Text 'test_2' is set on object 'Object Repository/Create New User/Page_Moodle Khu vc qun tr Thnh vin Ti khon _57274d/input_Tn ti khon_username'

2022-01-16 19:35:46 - [MESSAGE][PASSED] - Text 'test_2' is set on object 'Object Repository/Create New User/Page_Moodle Khu vc qun tr Thnh vin Ti khon _57274d/input_Tn ti khon_username'

2022-01-16 19:35:46 - [TEST_STEP][PASSED] - click(findTestObject("Object Repository/Create New User/Page_Moodle Khu vc qun tr Thnh vin Ti khon _57274d/a_Click to enter text")): Object: 'Object Repository/Create New User/Page_Moodle Khu vc qun tr Thnh vin Ti khon _57274d/a_Click to enter text' is clicked on

2022-01-16 19:35:52 - [MESSAGE][INFO] - Unable to find the element located by 'By.xpath: //a[@id='yui_3_17_2_1_1641440991320_766']'. Please recheck the objects properties to make sure the desired element is located. 

2022-01-16 19:35:52 - [MESSAGE][WARNING] - [SELF-HEALING] Failed to find element with id 'Object Repository/Create New User/Page_Moodle Khu vc qun tr Thnh vin Ti khon _57274d/a_Click to enter text'. Try using Self-healing.

2022-01-16 19:35:52 - [MESSAGE][WARNING] - [SELF-HEALING] The current locator of test object 'Object Repository/Create New User/Page_Moodle Khu vc qun tr Thnh vin Ti khon _57274d/a_Click to enter text' was broken. Propose an alternative one: '(.//*[normalize-space(text()) and normalize-space(.)='Mật khẩu mới'])[1]/following::a[2]'.

2022-01-16 19:35:52 - [MESSAGE][PASSED] - Object: 'Object Repository/Create New User/Page_Moodle Khu vc qun tr Thnh vin Ti khon _57274d/a_Click to enter text' is clicked on

2022-01-16 19:35:52 - [TEST_STEP][PASSED] - setEncryptedText(findTestObject("Object Repository/Create New User/Page_Moodle Khu vc qun tr Thnh vin Ti khon _57274d/input_Mt khu mi_newpassword"), "cvW8qx4B2o1gIDzvWT+0mQ=="): Text ****** has been set on object 'Object Repository/Create New User/Page_Moodle Khu vc qun tr Thnh vin Ti khon _57274d/input_Mt khu mi_newpassword'

2022-01-16 19:35:53 - [MESSAGE][PASSED] - Text ****** has been set on object 'Object Repository/Create New User/Page_Moodle Khu vc qun tr Thnh vin Ti khon _57274d/input_Mt khu mi_newpassword'

2022-01-16 19:35:53 - [TEST_STEP][PASSED] - setText(findTestObject("Object Repository/Create New User/Page_Moodle Khu vc qun tr Thnh vin Ti khon _57274d/input_Tn m v tn_firstname"), "Test " + index.toString()): Text 'Test 2' is set on object 'Object Repository/Create New User/Page_Moodle Khu vc qun tr Thnh vin Ti khon _57274d/input_Tn m v tn_firstname'

2022-01-16 19:35:54 - [MESSAGE][PASSED] - Text 'Test 2' is set on object 'Object Repository/Create New User/Page_Moodle Khu vc qun tr Thnh vin Ti khon _57274d/input_Tn m v tn_firstname'

2022-01-16 19:35:54 - [TEST_STEP][PASSED] - setText(findTestObject("Object Repository/Create New User/Page_Moodle Khu vc qun tr Thnh vin Ti khon _57274d/input_H_lastname"), "Nguyễn"): Text 'Nguyễn' is set on object 'Object Repository/Create New User/Page_Moodle Khu vc qun tr Thnh vin Ti khon _57274d/input_H_lastname'

2022-01-16 19:35:55 - [MESSAGE][PASSED] - Text 'Nguyễn' is set on object 'Object Repository/Create New User/Page_Moodle Khu vc qun tr Thnh vin Ti khon _57274d/input_H_lastname'

2022-01-16 19:35:55 - [TEST_STEP][PASSED] - setText(findTestObject("Object Repository/Create New User/Page_Moodle Khu vc qun tr Thnh vin Ti khon _57274d/input_a ch th in t_email"), "test_" + index.toString() + "@gmail.com"): Text 'test_2@gmail.com' is set on object 'Object Repository/Create New User/Page_Moodle Khu vc qun tr Thnh vin Ti khon _57274d/input_a ch th in t_email'

2022-01-16 19:35:56 - [MESSAGE][PASSED] - Text 'test_2@gmail.com' is set on object 'Object Repository/Create New User/Page_Moodle Khu vc qun tr Thnh vin Ti khon _57274d/input_a ch th in t_email'

2022-01-16 19:35:56 - [TEST_STEP][PASSED] - selectOptionByValue(findTestObject("Object Repository/Create New User/Page_Moodle Khu vc qun tr Thnh vin Ti khon _57274d/select_Du a ch th in t ca ti            Cho_daca4a"), "0", true): All options with value '0' are selected in object 'Object Repository/Create New User/Page_Moodle Khu vc qun tr Thnh vin Ti khon _57274d/select_Du a ch th in t ca ti            Cho_daca4a'  using regular expression

2022-01-16 19:35:57 - [MESSAGE][PASSED] - All options with value '0' are selected in object 'Object Repository/Create New User/Page_Moodle Khu vc qun tr Thnh vin Ti khon _57274d/select_Du a ch th in t ca ti            Cho_daca4a'  using regular expression

2022-01-16 19:35:57 - [TEST_STEP][PASSED] - setText(findTestObject("Object Repository/Create New User/Page_Moodle Khu vc qun tr Thnh vin Ti khon _57274d/input_TnhThnh ph_city"), "Hồ Chí Minh"): Text 'Hồ Chí Minh' is set on object 'Object Repository/Create New User/Page_Moodle Khu vc qun tr Thnh vin Ti khon _57274d/input_TnhThnh ph_city'

2022-01-16 19:35:58 - [MESSAGE][PASSED] - Text 'Hồ Chí Minh' is set on object 'Object Repository/Create New User/Page_Moodle Khu vc qun tr Thnh vin Ti khon _57274d/input_TnhThnh ph_city'

2022-01-16 19:35:58 - [TEST_STEP][PASSED] - selectOptionByValue(findTestObject("Object Repository/Create New User/Page_Moodle Khu vc qun tr Thnh vin Ti khon _57274d/select_Chn quc gia.            Afghanistan _0db63d"), "VN", true): All options with value 'VN' are selected in object 'Object Repository/Create New User/Page_Moodle Khu vc qun tr Thnh vin Ti khon _57274d/select_Chn quc gia.            Afghanistan _0db63d'  using regular expression

2022-01-16 19:36:08 - [MESSAGE][PASSED] - All options with value 'VN' are selected in object 'Object Repository/Create New User/Page_Moodle Khu vc qun tr Thnh vin Ti khon _57274d/select_Chn quc gia.            Afghanistan _0db63d'  using regular expression

2022-01-16 19:36:08 - [TEST_STEP][PASSED] - click(findTestObject("Object Repository/Create New User/Page_Moodle Khu vc qun tr Thnh vin Ti khon _57274d/input_a ch_submitbutton")): Object: 'Object Repository/Create New User/Page_Moodle Khu vc qun tr Thnh vin Ti khon _57274d/input_a ch_submitbutton' is clicked on

2022-01-16 19:36:10 - [MESSAGE][PASSED] - Object: 'Object Repository/Create New User/Page_Moodle Khu vc qun tr Thnh vin Ti khon _57274d/input_a ch_submitbutton' is clicked on

2022-01-16 19:36:10 - [TEST_STEP][PASSED] - navigateToUrl("http://localhost/admin/user.php"): Navigate to 'http://localhost/admin/user.php' successfully

2022-01-16 19:36:12 - [MESSAGE][PASSED] - Navigate to 'http://localhost/admin/user.php' successfully

2022-01-16 19:36:12 - [TEST_STEP][PASSED] - click(findTestObject("Object Repository/Create New User/Page_Moodle Khu vc qun tr My ch Ch  bo tr/span_Qun tr khu vc")): Object: 'Object Repository/Create New User/Page_Moodle Khu vc qun tr My ch Ch  bo tr/span_Qun tr khu vc' is clicked on

2022-01-16 19:36:18 - [MESSAGE][INFO] - Unable to find the element located by 'By.xpath: '. Please recheck the objects properties to make sure the desired element is located. 

2022-01-16 19:36:18 - [MESSAGE][WARNING] - [SELF-HEALING] Failed to find element with id 'Object Repository/Create New User/Page_Moodle Khu vc qun tr My ch Ch  bo tr/span_Qun tr khu vc'. Try using Self-healing.

2022-01-16 19:36:18 - [MESSAGE][WARNING] - [SELF-HEALING] The current locator of test object 'Object Repository/Create New User/Page_Moodle Khu vc qun tr My ch Ch  bo tr/span_Qun tr khu vc' was broken. Propose an alternative one: '//div[@id='nav-drawer']/nav[2]/ul/li/a/div/div/span[2]'.

2022-01-16 19:36:20 - [MESSAGE][PASSED] - Object: 'Object Repository/Create New User/Page_Moodle Khu vc qun tr My ch Ch  bo tr/span_Qun tr khu vc' is clicked on

2022-01-16 19:36:20 - [TEST_STEP][PASSED] - click(findTestObject("Object Repository/Create New User/Page_Moodle Khu vc qun tr Tm kim/a_Thnh vin")): Object: 'Object Repository/Create New User/Page_Moodle Khu vc qun tr Tm kim/a_Thnh vin' is clicked on

2022-01-16 19:36:21 - [MESSAGE][PASSED] - Object: 'Object Repository/Create New User/Page_Moodle Khu vc qun tr Tm kim/a_Thnh vin' is clicked on

2022-01-16 19:36:21 - [TEST_STEP][PASSED] - click(findTestObject("Object Repository/Create New User/Page_Moodle Khu vc qun tr Tm kim/a_Thm thnh vin mi")): Object: 'Object Repository/Create New User/Page_Moodle Khu vc qun tr Tm kim/a_Thm thnh vin mi' is clicked on

2022-01-16 19:36:23 - [MESSAGE][PASSED] - Object: 'Object Repository/Create New User/Page_Moodle Khu vc qun tr Tm kim/a_Thm thnh vin mi' is clicked on

2022-01-16 19:36:23 - [TEST_STEP][PASSED] - setText(findTestObject("Object Repository/Create New User/Page_Moodle Khu vc qun tr Thnh vin Ti khon _57274d/input_Tn ti khon_username"), "test_" + index.toString()): Text 'test_3' is set on object 'Object Repository/Create New User/Page_Moodle Khu vc qun tr Thnh vin Ti khon _57274d/input_Tn ti khon_username'

2022-01-16 19:36:25 - [MESSAGE][PASSED] - Text 'test_3' is set on object 'Object Repository/Create New User/Page_Moodle Khu vc qun tr Thnh vin Ti khon _57274d/input_Tn ti khon_username'

2022-01-16 19:36:25 - [TEST_STEP][PASSED] - click(findTestObject("Object Repository/Create New User/Page_Moodle Khu vc qun tr Thnh vin Ti khon _57274d/a_Click to enter text")): Object: 'Object Repository/Create New User/Page_Moodle Khu vc qun tr Thnh vin Ti khon _57274d/a_Click to enter text' is clicked on

2022-01-16 19:36:31 - [MESSAGE][INFO] - Unable to find the element located by 'By.xpath: //a[@id='yui_3_17_2_1_1641440991320_766']'. Please recheck the objects properties to make sure the desired element is located. 

2022-01-16 19:36:31 - [MESSAGE][WARNING] - [SELF-HEALING] Failed to find element with id 'Object Repository/Create New User/Page_Moodle Khu vc qun tr Thnh vin Ti khon _57274d/a_Click to enter text'. Try using Self-healing.

2022-01-16 19:36:32 - [MESSAGE][WARNING] - [SELF-HEALING] The current locator of test object 'Object Repository/Create New User/Page_Moodle Khu vc qun tr Thnh vin Ti khon _57274d/a_Click to enter text' was broken. Propose an alternative one: '(.//*[normalize-space(text()) and normalize-space(.)='Mật khẩu mới'])[1]/following::a[2]'.

2022-01-16 19:36:32 - [MESSAGE][PASSED] - Object: 'Object Repository/Create New User/Page_Moodle Khu vc qun tr Thnh vin Ti khon _57274d/a_Click to enter text' is clicked on

2022-01-16 19:36:32 - [TEST_STEP][PASSED] - setEncryptedText(findTestObject("Object Repository/Create New User/Page_Moodle Khu vc qun tr Thnh vin Ti khon _57274d/input_Mt khu mi_newpassword"), "cvW8qx4B2o1gIDzvWT+0mQ=="): Text ****** has been set on object 'Object Repository/Create New User/Page_Moodle Khu vc qun tr Thnh vin Ti khon _57274d/input_Mt khu mi_newpassword'

2022-01-16 19:36:32 - [MESSAGE][PASSED] - Text ****** has been set on object 'Object Repository/Create New User/Page_Moodle Khu vc qun tr Thnh vin Ti khon _57274d/input_Mt khu mi_newpassword'

2022-01-16 19:36:32 - [TEST_STEP][PASSED] - setText(findTestObject("Object Repository/Create New User/Page_Moodle Khu vc qun tr Thnh vin Ti khon _57274d/input_Tn m v tn_firstname"), "Test " + index.toString()): Text 'Test 3' is set on object 'Object Repository/Create New User/Page_Moodle Khu vc qun tr Thnh vin Ti khon _57274d/input_Tn m v tn_firstname'

2022-01-16 19:36:33 - [MESSAGE][PASSED] - Text 'Test 3' is set on object 'Object Repository/Create New User/Page_Moodle Khu vc qun tr Thnh vin Ti khon _57274d/input_Tn m v tn_firstname'

2022-01-16 19:36:33 - [TEST_STEP][PASSED] - setText(findTestObject("Object Repository/Create New User/Page_Moodle Khu vc qun tr Thnh vin Ti khon _57274d/input_H_lastname"), "Nguyễn"): Text 'Nguyễn' is set on object 'Object Repository/Create New User/Page_Moodle Khu vc qun tr Thnh vin Ti khon _57274d/input_H_lastname'

2022-01-16 19:36:34 - [MESSAGE][PASSED] - Text 'Nguyễn' is set on object 'Object Repository/Create New User/Page_Moodle Khu vc qun tr Thnh vin Ti khon _57274d/input_H_lastname'

2022-01-16 19:36:34 - [TEST_STEP][PASSED] - setText(findTestObject("Object Repository/Create New User/Page_Moodle Khu vc qun tr Thnh vin Ti khon _57274d/input_a ch th in t_email"), "test_" + index.toString() + "@gmail.com"): Text 'test_3@gmail.com' is set on object 'Object Repository/Create New User/Page_Moodle Khu vc qun tr Thnh vin Ti khon _57274d/input_a ch th in t_email'

2022-01-16 19:36:36 - [MESSAGE][PASSED] - Text 'test_3@gmail.com' is set on object 'Object Repository/Create New User/Page_Moodle Khu vc qun tr Thnh vin Ti khon _57274d/input_a ch th in t_email'

2022-01-16 19:36:36 - [TEST_STEP][PASSED] - selectOptionByValue(findTestObject("Object Repository/Create New User/Page_Moodle Khu vc qun tr Thnh vin Ti khon _57274d/select_Du a ch th in t ca ti            Cho_daca4a"), "0", true): All options with value '0' are selected in object 'Object Repository/Create New User/Page_Moodle Khu vc qun tr Thnh vin Ti khon _57274d/select_Du a ch th in t ca ti            Cho_daca4a'  using regular expression

2022-01-16 19:36:37 - [MESSAGE][PASSED] - All options with value '0' are selected in object 'Object Repository/Create New User/Page_Moodle Khu vc qun tr Thnh vin Ti khon _57274d/select_Du a ch th in t ca ti            Cho_daca4a'  using regular expression

2022-01-16 19:36:37 - [TEST_STEP][PASSED] - setText(findTestObject("Object Repository/Create New User/Page_Moodle Khu vc qun tr Thnh vin Ti khon _57274d/input_TnhThnh ph_city"), "Hồ Chí Minh"): Text 'Hồ Chí Minh' is set on object 'Object Repository/Create New User/Page_Moodle Khu vc qun tr Thnh vin Ti khon _57274d/input_TnhThnh ph_city'

2022-01-16 19:36:38 - [MESSAGE][PASSED] - Text 'Hồ Chí Minh' is set on object 'Object Repository/Create New User/Page_Moodle Khu vc qun tr Thnh vin Ti khon _57274d/input_TnhThnh ph_city'

2022-01-16 19:36:38 - [TEST_STEP][PASSED] - selectOptionByValue(findTestObject("Object Repository/Create New User/Page_Moodle Khu vc qun tr Thnh vin Ti khon _57274d/select_Chn quc gia.            Afghanistan _0db63d"), "VN", true): All options with value 'VN' are selected in object 'Object Repository/Create New User/Page_Moodle Khu vc qun tr Thnh vin Ti khon _57274d/select_Chn quc gia.            Afghanistan _0db63d'  using regular expression

2022-01-16 19:36:53 - [MESSAGE][PASSED] - All options with value 'VN' are selected in object 'Object Repository/Create New User/Page_Moodle Khu vc qun tr Thnh vin Ti khon _57274d/select_Chn quc gia.            Afghanistan _0db63d'  using regular expression

2022-01-16 19:36:53 - [TEST_STEP][PASSED] - click(findTestObject("Object Repository/Create New User/Page_Moodle Khu vc qun tr Thnh vin Ti khon _57274d/input_a ch_submitbutton")): Object: 'Object Repository/Create New User/Page_Moodle Khu vc qun tr Thnh vin Ti khon _57274d/input_a ch_submitbutton' is clicked on

2022-01-16 19:36:57 - [MESSAGE][PASSED] - Object: 'Object Repository/Create New User/Page_Moodle Khu vc qun tr Thnh vin Ti khon _57274d/input_a ch_submitbutton' is clicked on

2022-01-16 19:36:57 - [TEST_STEP][PASSED] - navigateToUrl("http://localhost/admin/user.php"): Navigate to 'http://localhost/admin/user.php' successfully

2022-01-16 19:36:58 - [MESSAGE][PASSED] - Navigate to 'http://localhost/admin/user.php' successfully

2022-01-16 19:36:58 - [TEST_STEP][PASSED] - click(findTestObject("Object Repository/Create New User/Page_Moodle Khu vc qun tr Tm kim/a_Qun tr Thnh vin")): Object: 'Object Repository/Create New User/Page_Moodle Khu vc qun tr Tm kim/a_Qun tr Thnh vin' is clicked on

2022-01-16 19:36:59 - [MESSAGE][PASSED] - Object: 'Object Repository/Create New User/Page_Moodle Khu vc qun tr Tm kim/a_Qun tr Thnh vin' is clicked on

2022-01-16 19:36:59 - [TEST_STEP][PASSED] - click(findTestObject("Object Repository/Create New User/Page_Moodle Khu vc qun tr Tm kim/span_Thot")): Object: 'Object Repository/Create New User/Page_Moodle Khu vc qun tr Tm kim/span_Thot' is clicked on

2022-01-16 19:37:00 - [MESSAGE][PASSED] - Object: 'Object Repository/Create New User/Page_Moodle Khu vc qun tr Tm kim/span_Thot' is clicked on

2022-01-16 19:37:00 - [TEST_STEP][PASSED] - click(findTestObject("Object Repository/Create New User/Page_Local Moodle/a_Log in")): Object: 'Object Repository/Create New User/Page_Local Moodle/a_Log in' is clicked on

2022-01-16 19:37:02 - [MESSAGE][PASSED] - Object: 'Object Repository/Create New User/Page_Local Moodle/a_Log in' is clicked on

2022-01-16 19:37:02 - [TEST_STEP][PASSED] - setText(findTestObject("Object Repository/Create New User/Page_Local Moodle Log in to the site/input_Username_username"), "test_2"): Text 'test_2' is set on object 'Object Repository/Create New User/Page_Local Moodle Log in to the site/input_Username_username'

2022-01-16 19:37:03 - [MESSAGE][PASSED] - Text 'test_2' is set on object 'Object Repository/Create New User/Page_Local Moodle Log in to the site/input_Username_username'

2022-01-16 19:37:03 - [TEST_STEP][PASSED] - setEncryptedText(findTestObject("Object Repository/Create New User/Page_Local Moodle Log in to the site/input_Password_password"), "cvW8qx4B2o1gIDzvWT+0mQ=="): Text ****** has been set on object 'Object Repository/Create New User/Page_Local Moodle Log in to the site/input_Password_password'

2022-01-16 19:37:03 - [MESSAGE][PASSED] - Text ****** has been set on object 'Object Repository/Create New User/Page_Local Moodle Log in to the site/input_Password_password'

2022-01-16 19:37:03 - [TEST_STEP][PASSED] - click(findTestObject("Object Repository/Create New User/Page_Local Moodle Log in to the site/button_Log in")): Object: 'Object Repository/Create New User/Page_Local Moodle Log in to the site/button_Log in' is clicked on

2022-01-16 19:37:06 - [MESSAGE][PASSED] - Object: 'Object Repository/Create New User/Page_Local Moodle Log in to the site/button_Log in' is clicked on

2022-01-16 19:37:06 - [TEST_STEP][PASSED] - click(findTestObject("Object Repository/Create New User/Page_Nh ca ti/a_A2 Nguyn")): Object: 'Object Repository/Create New User/Page_Nh ca ti/a_A2 Nguyn' is clicked on

2022-01-16 19:37:08 - [MESSAGE][PASSED] - Object: 'Object Repository/Create New User/Page_Nh ca ti/a_A2 Nguyn' is clicked on

2022-01-16 19:37:08 - [TEST_STEP][PASSED] - click(findTestObject("Object Repository/Create New User/Page_Nh ca ti/span_Thot")): Object: 'Object Repository/Create New User/Page_Nh ca ti/span_Thot' is clicked on

2022-01-16 19:37:10 - [MESSAGE][PASSED] - Object: 'Object Repository/Create New User/Page_Nh ca ti/span_Thot' is clicked on

2022-01-16 19:37:10 - [TEST_STEP][PASSED] - click(findTestObject("Object Repository/Create New User/Page_Local Moodle/a_Log in")): Object: 'Object Repository/Create New User/Page_Local Moodle/a_Log in' is clicked on

2022-01-16 19:37:11 - [MESSAGE][PASSED] - Object: 'Object Repository/Create New User/Page_Local Moodle/a_Log in' is clicked on

2022-01-16 19:37:11 - [TEST_STEP][PASSED] - setText(findTestObject("Object Repository/Create New User/Page_Local Moodle Log in to the site/input_Username_username"), "admin"): Text 'admin' is set on object 'Object Repository/Create New User/Page_Local Moodle Log in to the site/input_Username_username'

2022-01-16 19:37:12 - [MESSAGE][PASSED] - Text 'admin' is set on object 'Object Repository/Create New User/Page_Local Moodle Log in to the site/input_Username_username'

2022-01-16 19:37:12 - [TEST_STEP][PASSED] - setEncryptedText(findTestObject("Object Repository/Create New User/Page_Local Moodle Log in to the site/input_Password_password"), "bfAykA/oWJ09FXmiKh6lyuuLu8QhG1K5"): Text ****** has been set on object 'Object Repository/Create New User/Page_Local Moodle Log in to the site/input_Password_password'

2022-01-16 19:37:12 - [MESSAGE][PASSED] - Text ****** has been set on object 'Object Repository/Create New User/Page_Local Moodle Log in to the site/input_Password_password'

2022-01-16 19:37:12 - [TEST_STEP][PASSED] - click(findTestObject("Object Repository/Create New User/Page_Local Moodle Log in to the site/button_Log in")): Object: 'Object Repository/Create New User/Page_Local Moodle Log in to the site/button_Log in' is clicked on

2022-01-16 19:37:15 - [MESSAGE][PASSED] - Object: 'Object Repository/Create New User/Page_Local Moodle Log in to the site/button_Log in' is clicked on

2022-01-16 19:37:15 - [TEST_STEP][PASSED] - click(findTestObject("Object Repository/Create New User/Page_Nh ca ti/span_Qun tr khu vc")): Object: 'Object Repository/Create New User/Page_Nh ca ti/span_Qun tr khu vc' is clicked on

2022-01-16 19:37:19 - [MESSAGE][PASSED] - Object: 'Object Repository/Create New User/Page_Nh ca ti/span_Qun tr khu vc' is clicked on

2022-01-16 19:37:19 - [TEST_STEP][PASSED] - click(findTestObject("Object Repository/Create New User/Page_Moodle Khu vc qun tr Tm kim/a_Thnh vin")): Object: 'Object Repository/Create New User/Page_Moodle Khu vc qun tr Tm kim/a_Thnh vin' is clicked on

2022-01-16 19:37:19 - [MESSAGE][PASSED] - Object: 'Object Repository/Create New User/Page_Moodle Khu vc qun tr Tm kim/a_Thnh vin' is clicked on

2022-01-16 19:37:19 - [TEST_STEP][PASSED] - click(findTestObject("Object Repository/Create New User/Page_Moodle Khu vc qun tr Tm kim/a_Hnh ng trn hng lot thnh vin")): Object: 'Object Repository/Create New User/Page_Moodle Khu vc qun tr Tm kim/a_Hnh ng trn hng lot thnh vin' is clicked on

2022-01-16 19:37:21 - [MESSAGE][PASSED] - Object: 'Object Repository/Create New User/Page_Moodle Khu vc qun tr Tm kim/a_Hnh ng trn hng lot thnh vin' is clicked on

2022-01-16 19:37:21 - [TEST_STEP][PASSED] - selectOptionByValue(findTestObject("Object Repository/Create New User/Page_Moodle Khu vc qun tr Thnh vin Ti khon _1ca8e5/select_c cha        khng cha        bng vi _49cfad"), "0", true): All options with value '0' are selected in object 'Object Repository/Create New User/Page_Moodle Khu vc qun tr Thnh vin Ti khon _1ca8e5/select_c cha        khng cha        bng vi _49cfad'  using regular expression

2022-01-16 19:37:23 - [MESSAGE][PASSED] - All options with value '0' are selected in object 'Object Repository/Create New User/Page_Moodle Khu vc qun tr Thnh vin Ti khon _1ca8e5/select_c cha        khng cha        bng vi _49cfad'  using regular expression

2022-01-16 19:37:23 - [TEST_STEP][PASSED] - setText(findTestObject("Object Repository/Create New User/Page_Moodle Khu vc qun tr Thnh vin Ti khon _1ca8e5/input_Tn y  value_realname"), "Test"): Text 'Test' is set on object 'Object Repository/Create New User/Page_Moodle Khu vc qun tr Thnh vin Ti khon _1ca8e5/input_Tn y  value_realname'

2022-01-16 19:37:24 - [MESSAGE][PASSED] - Text 'Test' is set on object 'Object Repository/Create New User/Page_Moodle Khu vc qun tr Thnh vin Ti khon _1ca8e5/input_Tn y  value_realname'

2022-01-16 19:37:24 - [TEST_STEP][PASSED] - click(findTestObject("Object Repository/Create New User/Page_Moodle Khu vc qun tr Thnh vin Ti khon _1ca8e5/input_a ch IP trc  value_addfilter")): Object: 'Object Repository/Create New User/Page_Moodle Khu vc qun tr Thnh vin Ti khon _1ca8e5/input_a ch IP trc  value_addfilter' is clicked on

2022-01-16 19:37:26 - [MESSAGE][PASSED] - Object: 'Object Repository/Create New User/Page_Moodle Khu vc qun tr Thnh vin Ti khon _1ca8e5/input_a ch IP trc  value_addfilter' is clicked on

2022-01-16 19:37:26 - [TEST_STEP][PASSED] - click(findTestObject("Object Repository/Create New User/Page_Moodle Khu vc qun tr Thnh vin Ti khon _1ca8e5/input_Danh sch thnh vin c chn_addall")): Object: 'Object Repository/Create New User/Page_Moodle Khu vc qun tr Thnh vin Ti khon _1ca8e5/input_Danh sch thnh vin c chn_addall' is clicked on

2022-01-16 19:37:28 - [MESSAGE][PASSED] - Object: 'Object Repository/Create New User/Page_Moodle Khu vc qun tr Thnh vin Ti khon _1ca8e5/input_Danh sch thnh vin c chn_addall' is clicked on

2022-01-16 19:37:28 - [TEST_STEP][PASSED] - selectOptionByValue(findTestObject("Object Repository/Create New User/Page_Moodle Khu vc qun tr Thnh vin Ti khon _1ca8e5/select_Chn.        Xc nhn        Gi tin nhn_4dafb0"), "delete", true): All options with value 'delete' are selected in object 'Object Repository/Create New User/Page_Moodle Khu vc qun tr Thnh vin Ti khon _1ca8e5/select_Chn.        Xc nhn        Gi tin nhn_4dafb0'  using regular expression

2022-01-16 19:37:30 - [MESSAGE][PASSED] - All options with value 'delete' are selected in object 'Object Repository/Create New User/Page_Moodle Khu vc qun tr Thnh vin Ti khon _1ca8e5/select_Chn.        Xc nhn        Gi tin nhn_4dafb0'  using regular expression

2022-01-16 19:37:30 - [TEST_STEP][PASSED] - click(findTestObject("Object Repository/Create New User/Page_Moodle Khu vc qun tr Thnh vin Ti khon _1ca8e5/input_Vi cc thnh vin c chn_doaction")): Object: 'Object Repository/Create New User/Page_Moodle Khu vc qun tr Thnh vin Ti khon _1ca8e5/input_Vi cc thnh vin c chn_doaction' is clicked on

2022-01-16 19:37:32 - [MESSAGE][PASSED] - Object: 'Object Repository/Create New User/Page_Moodle Khu vc qun tr Thnh vin Ti khon _1ca8e5/input_Vi cc thnh vin c chn_doaction' is clicked on

2022-01-16 19:37:32 - [TEST_STEP][PASSED] - click(findTestObject("Object Repository/Create New User/Page_Moodle Khu vc qun tr Thnh vin Ti khon _1ca8e5/button_C")): Object: 'Object Repository/Create New User/Page_Moodle Khu vc qun tr Thnh vin Ti khon _1ca8e5/button_C' is clicked on

2022-01-16 19:37:38 - [MESSAGE][INFO] - Unable to find the element located by 'By.xpath: //button[@id='single_button61dbffc756bbb20']'. Please recheck the objects properties to make sure the desired element is located. 

2022-01-16 19:37:38 - [MESSAGE][WARNING] - [SELF-HEALING] Failed to find element with id 'Object Repository/Create New User/Page_Moodle Khu vc qun tr Thnh vin Ti khon _1ca8e5/button_C'. Try using Self-healing.

2022-01-16 19:37:39 - [MESSAGE][WARNING] - [SELF-HEALING] The current locator of test object 'Object Repository/Create New User/Page_Moodle Khu vc qun tr Thnh vin Ti khon _1ca8e5/button_C' was broken. Propose an alternative one: '//div[@id='modal-footer']/div/div/form/button'.

2022-01-16 19:37:40 - [MESSAGE][PASSED] - Object: 'Object Repository/Create New User/Page_Moodle Khu vc qun tr Thnh vin Ti khon _1ca8e5/button_C' is clicked on

2022-01-16 19:37:40 - [TEST_STEP][PASSED] - closeBrowser(): Browser is closed

2022-01-16 19:37:41 - [MESSAGE][PASSED] - Browser is closed]]></system-out>
         <system-err><![CDATA[]]></system-err>
      </testcase>
      <testcase name="Test Cases/Create User by CSV/Create By CSV Success" time="73.12" classname="Test Cases/Create User by CSV/Create By CSV Success" status="PASSED">
         <system-out><![CDATA[2022-01-16 19:37:41 - [TEST_CASE][PASSED] - Test Cases/Create User by CSV/Create By CSV Success: Test Cases/Create User by CSV/Create By CSV Success

2022-01-16 19:37:42 - [TEST_STEP][PASSED] - callTestCase(findTestCase("Admin Site/Login with Admin"), [:], STOP_ON_FAILURE): Call Test Case 'Test Cases/Admin Site/Login with Admin' successfully

2022-01-16 19:37:42 - [TEST_CASE][PASSED] - Test Cases/Admin Site/Login with Admin: Test Cases/Admin Site/Login with Admin

2022-01-16 19:37:42 - [TEST_STEP][PASSED] - openBrowser(""): Browser is opened with url: ''

2022-01-16 19:37:42 - [MESSAGE][INFO] - Starting 'Edge Chromium' driver

2022-01-16 19:37:44 - [MESSAGE][INFO] - Action delay is set to 0 milliseconds

2022-01-16 19:37:46 - [MESSAGE][PASSED] - Browser is opened with url: ''

2022-01-16 19:37:46 - [TEST_STEP][PASSED] - navigateToUrl("http://localhost/"): Navigate to 'http://localhost/' successfully

2022-01-16 19:37:47 - [MESSAGE][PASSED] - Navigate to 'http://localhost/' successfully

2022-01-16 19:37:47 - [TEST_STEP][PASSED] - click(findTestObject("Object Repository/Admin Site/Page_Local Moodle/a_Log in")): Object: 'Object Repository/Admin Site/Page_Local Moodle/a_Log in' is clicked on

2022-01-16 19:37:49 - [MESSAGE][PASSED] - Object: 'Object Repository/Admin Site/Page_Local Moodle/a_Log in' is clicked on

2022-01-16 19:37:49 - [TEST_STEP][PASSED] - setText(findTestObject("Object Repository/Admin Site/Page_Local Moodle Log in to the site/input_Username_username"), "admin"): Text 'admin' is set on object 'Object Repository/Admin Site/Page_Local Moodle Log in to the site/input_Username_username'

2022-01-16 19:37:50 - [MESSAGE][PASSED] - Text 'admin' is set on object 'Object Repository/Admin Site/Page_Local Moodle Log in to the site/input_Username_username'

2022-01-16 19:37:50 - [TEST_STEP][PASSED] - setEncryptedText(findTestObject("Object Repository/Admin Site/Page_Local Moodle Log in to the site/input_Password_password"), "bfAykA/oWJ09FXmiKh6lyuuLu8QhG1K5"): Text ****** has been set on object 'Object Repository/Admin Site/Page_Local Moodle Log in to the site/input_Password_password'

2022-01-16 19:37:50 - [MESSAGE][PASSED] - Text ****** has been set on object 'Object Repository/Admin Site/Page_Local Moodle Log in to the site/input_Password_password'

2022-01-16 19:37:50 - [TEST_STEP][PASSED] - click(findTestObject("Object Repository/Admin Site/Page_Local Moodle Log in to the site/button_Log in")): Object: 'Object Repository/Admin Site/Page_Local Moodle Log in to the site/button_Log in' is clicked on

2022-01-16 19:37:53 - [MESSAGE][PASSED] - Object: 'Object Repository/Admin Site/Page_Local Moodle Log in to the site/button_Log in' is clicked on

2022-01-16 19:37:53 - [TEST_STEP][PASSED] - click(findTestObject("Object Repository/Admin Site/Page_Nh ca ti/span_Qun tr khu vc")): Object: 'Object Repository/Admin Site/Page_Nh ca ti/span_Qun tr khu vc' is clicked on

2022-01-16 19:37:57 - [MESSAGE][PASSED] - Object: 'Object Repository/Admin Site/Page_Nh ca ti/span_Qun tr khu vc' is clicked on

2022-01-16 19:37:57 - [TEST_STEP][PASSED] - verifyElementPresent(findTestObject("Object Repository/Admin Site/Page_Moodle Khu vc qun tr Tm kim/a_Qun tr khu vc"), 0): Object 'Object Repository/Admin Site/Page_Moodle Khu vc qun tr Tm kim/a_Qun tr khu vc' is present

2022-01-16 19:37:57 - [MESSAGE][WARNING] - Timeout '0' is invalid. Using default page load timeout: '5'

2022-01-16 19:37:57 - [MESSAGE][PASSED] - Object 'Object Repository/Admin Site/Page_Moodle Khu vc qun tr Tm kim/a_Qun tr khu vc' is present

2022-01-16 19:37:57 - [MESSAGE][PASSED] - Call Test Case 'Test Cases/Admin Site/Login with Admin' successfully

2022-01-16 19:37:57 - [TEST_STEP][PASSED] - click(findTestObject("Object Repository/Create User by CSV/Page_Moodle Khu vc qun tr Tm kim/span_Qun tr khu vc")): Object: 'Object Repository/Create User by CSV/Page_Moodle Khu vc qun tr Tm kim/span_Qun tr khu vc' is clicked on

2022-01-16 19:37:59 - [MESSAGE][PASSED] - Object: 'Object Repository/Create User by CSV/Page_Moodle Khu vc qun tr Tm kim/span_Qun tr khu vc' is clicked on

2022-01-16 19:37:59 - [TEST_STEP][PASSED] - navigateToUrl("http://localhost/admin/search.php"): Navigate to 'http://localhost/admin/search.php' successfully

2022-01-16 19:38:01 - [MESSAGE][PASSED] - Navigate to 'http://localhost/admin/search.php' successfully

2022-01-16 19:38:01 - [TEST_STEP][PASSED] - click(findTestObject("Object Repository/Create User by CSV/Page_Moodle Khu vc qun tr Tm kim/a_Thnh vin")): Object: 'Object Repository/Create User by CSV/Page_Moodle Khu vc qun tr Tm kim/a_Thnh vin' is clicked on

2022-01-16 19:38:01 - [MESSAGE][PASSED] - Object: 'Object Repository/Create User by CSV/Page_Moodle Khu vc qun tr Tm kim/a_Thnh vin' is clicked on

2022-01-16 19:38:01 - [TEST_STEP][PASSED] - click(findTestObject("Object Repository/Create User by CSV/Page_Moodle Khu vc qun tr Tm kim/a_Nhp danh sch thnh vin")): Object: 'Object Repository/Create User by CSV/Page_Moodle Khu vc qun tr Tm kim/a_Nhp danh sch thnh vin' is clicked on

2022-01-16 19:38:03 - [MESSAGE][PASSED] - Object: 'Object Repository/Create User by CSV/Page_Moodle Khu vc qun tr Tm kim/a_Nhp danh sch thnh vin' is clicked on

2022-01-16 19:38:03 - [TEST_STEP][PASSED] - click(findTestObject("Object Repository/Create New User/Page_Moodle Khu vc qun tr Thnh vin Ti khon _cb1c9d/input_Tp tin_userfilechoose")): Object: 'Object Repository/Create New User/Page_Moodle Khu vc qun tr Thnh vin Ti khon _cb1c9d/input_Tp tin_userfilechoose' is clicked on

2022-01-16 19:38:09 - [MESSAGE][INFO] - Unable to find the element located by 'By.xpath: '. Please recheck the objects properties to make sure the desired element is located. 

2022-01-16 19:38:09 - [MESSAGE][WARNING] - [SELF-HEALING] Failed to find element with id 'Object Repository/Create New User/Page_Moodle Khu vc qun tr Thnh vin Ti khon _cb1c9d/input_Tp tin_userfilechoose'. Try using Self-healing.

2022-01-16 19:38:10 - [MESSAGE][WARNING] - [SELF-HEALING] The current locator of test object 'Object Repository/Create New User/Page_Moodle Khu vc qun tr Thnh vin Ti khon _cb1c9d/input_Tp tin_userfilechoose' was broken. Propose an alternative one: '//fieldset/div[2]/div/input'.

2022-01-16 19:38:10 - [MESSAGE][PASSED] - Object: 'Object Repository/Create New User/Page_Moodle Khu vc qun tr Thnh vin Ti khon _cb1c9d/input_Tp tin_userfilechoose' is clicked on

2022-01-16 19:38:10 - [TEST_STEP][PASSED] - click(findTestObject("Object Repository/Create New User/Page_Moodle Khu vc qun tr Thnh vin Ti khon _cb1c9d/span_Tp tin ring t")): Object: 'Object Repository/Create New User/Page_Moodle Khu vc qun tr Thnh vin Ti khon _cb1c9d/span_Tp tin ring t' is clicked on

2022-01-16 19:38:16 - [MESSAGE][INFO] - Unable to find the element located by 'By.xpath: //span[@id='yui_3_17_2_1_1642066391828_601']'. Please recheck the objects properties to make sure the desired element is located. 

2022-01-16 19:38:16 - [MESSAGE][WARNING] - [SELF-HEALING] Failed to find element with id 'Object Repository/Create New User/Page_Moodle Khu vc qun tr Thnh vin Ti khon _cb1c9d/span_Tp tin ring t'. Try using Self-healing.

2022-01-16 19:38:17 - [MESSAGE][WARNING] - [SELF-HEALING] The current locator of test object 'Object Repository/Create New User/Page_Moodle Khu vc qun tr Thnh vin Ti khon _cb1c9d/span_Tp tin ring t' was broken. Propose an alternative one: '(.//*[normalize-space(text()) and normalize-space(.)='URL downloader'])[1]/following::span[1]'.

2022-01-16 19:38:17 - [MESSAGE][PASSED] - Object: 'Object Repository/Create New User/Page_Moodle Khu vc qun tr Thnh vin Ti khon _cb1c9d/span_Tp tin ring t' is clicked on

2022-01-16 19:38:17 - [TEST_STEP][PASSED] - click(findTestObject("Create New User/Page_Moodle Khu vc qun tr Thnh vin Ti khon Nhp danh sch thnh vin/div_Wikimedia_yui_3_17_2_1_1642067879076_656")): Object: 'Object Repository/Create New User/Page_Moodle Khu vc qun tr Thnh vin Ti khon Nhp danh sch thnh vin/div_Wikimedia_yui_3_17_2_1_1642067879076_656' is clicked on

2022-01-16 19:38:23 - [MESSAGE][INFO] - Unable to find the element located by 'By.xpath: //div[@id='yui_3_17_2_1_1642067879076_656']'. Please recheck the objects properties to make sure the desired element is located. 

2022-01-16 19:38:23 - [MESSAGE][WARNING] - [SELF-HEALING] Failed to find element with id 'Object Repository/Create New User/Page_Moodle Khu vc qun tr Thnh vin Ti khon Nhp danh sch thnh vin/div_Wikimedia_yui_3_17_2_1_1642067879076_656'. Try using Self-healing.

2022-01-16 19:38:23 - [MESSAGE][WARNING] - [SELF-HEALING] The current locator of test object 'Object Repository/Create New User/Page_Moodle Khu vc qun tr Thnh vin Ti khon Nhp danh sch thnh vin/div_Wikimedia_yui_3_17_2_1_1642067879076_656' was broken. Propose an alternative one: '//a/div/div[3]'.

2022-01-16 19:38:24 - [MESSAGE][PASSED] - Object: 'Object Repository/Create New User/Page_Moodle Khu vc qun tr Thnh vin Ti khon Nhp danh sch thnh vin/div_Wikimedia_yui_3_17_2_1_1642067879076_656' is clicked on

2022-01-16 19:38:24 - [TEST_STEP][PASSED] - click(findTestObject("Object Repository/Create New User/Page_Moodle Khu vc qun tr Thnh vin Ti khon _cb1c9d/button_Chn tp ny")): Object: 'Object Repository/Create New User/Page_Moodle Khu vc qun tr Thnh vin Ti khon _cb1c9d/button_Chn tp ny' is clicked on

2022-01-16 19:38:30 - [MESSAGE][INFO] - Unable to find the element located by 'By.xpath: //button[@id='yui_3_17_2_1_1642066391828_732']'. Please recheck the objects properties to make sure the desired element is located. 

2022-01-16 19:38:30 - [MESSAGE][WARNING] - [SELF-HEALING] Failed to find element with id 'Object Repository/Create New User/Page_Moodle Khu vc qun tr Thnh vin Ti khon _cb1c9d/button_Chn tp ny'. Try using Self-healing.

2022-01-16 19:38:30 - [MESSAGE][WARNING] - [SELF-HEALING] The current locator of test object 'Object Repository/Create New User/Page_Moodle Khu vc qun tr Thnh vin Ti khon _cb1c9d/button_Chn tp ny' was broken. Propose an alternative one: '(.//*[normalize-space(text()) and normalize-space(.)='Chọn giấy phép'])[1]/following::button[1]'.

2022-01-16 19:38:30 - [MESSAGE][PASSED] - Object: 'Object Repository/Create New User/Page_Moodle Khu vc qun tr Thnh vin Ti khon _cb1c9d/button_Chn tp ny' is clicked on

2022-01-16 19:38:30 - [TEST_STEP][PASSED] - selectOptionByValue(findTestObject("Object Repository/Create User by CSV/Page_Moodle Khu vc qun tr Thnh vin Ti khon _cb1c9d/select_,                                    t"), "comma", true): All options with value 'comma' are selected in object 'Object Repository/Create User by CSV/Page_Moodle Khu vc qun tr Thnh vin Ti khon _cb1c9d/select_,                                    t'  using regular expression

2022-01-16 19:38:32 - [MESSAGE][PASSED] - All options with value 'comma' are selected in object 'Object Repository/Create User by CSV/Page_Moodle Khu vc qun tr Thnh vin Ti khon _cb1c9d/select_,                                    t'  using regular expression

2022-01-16 19:38:32 - [TEST_STEP][PASSED] - click(findTestObject("Object Repository/Create User by CSV/Page_Moodle Khu vc qun tr Thnh vin Ti khon _cb1c9d/input_Xem trc cc dng_submitbutton")): Object: 'Object Repository/Create User by CSV/Page_Moodle Khu vc qun tr Thnh vin Ti khon _cb1c9d/input_Xem trc cc dng_submitbutton' is clicked on

2022-01-16 19:38:35 - [MESSAGE][PASSED] - Object: 'Object Repository/Create User by CSV/Page_Moodle Khu vc qun tr Thnh vin Ti khon _cb1c9d/input_Xem trc cc dng_submitbutton' is clicked on

2022-01-16 19:38:35 - [TEST_STEP][PASSED] - click(findTestObject("Object Repository/Create User by CSV/Page_Moodle Khu vc qun tr Thnh vin Ti khon _cb1c9d/input_Xem trc cc dng_submitbutton")): Object: 'Object Repository/Create User by CSV/Page_Moodle Khu vc qun tr Thnh vin Ti khon _cb1c9d/input_Xem trc cc dng_submitbutton' is clicked on

2022-01-16 19:38:37 - [MESSAGE][PASSED] - Object: 'Object Repository/Create User by CSV/Page_Moodle Khu vc qun tr Thnh vin Ti khon _cb1c9d/input_Xem trc cc dng_submitbutton' is clicked on

2022-01-16 19:38:37 - [TEST_STEP][PASSED] - click(findTestObject("Object Repository/Create User by CSV/Page_Moodle Khu vc qun tr Thnh vin Ti khon _cb1c9d/button_Tip tc")): Object: 'Object Repository/Create User by CSV/Page_Moodle Khu vc qun tr Thnh vin Ti khon _cb1c9d/button_Tip tc' is clicked on

2022-01-16 19:38:43 - [MESSAGE][INFO] - Unable to find the element located by 'By.xpath: //button[@id='single_button61dc075c376d320']'. Please recheck the objects properties to make sure the desired element is located. 

2022-01-16 19:38:43 - [MESSAGE][WARNING] - [SELF-HEALING] Failed to find element with id 'Object Repository/Create User by CSV/Page_Moodle Khu vc qun tr Thnh vin Ti khon _cb1c9d/button_Tip tc'. Try using Self-healing.

2022-01-16 19:38:44 - [MESSAGE][WARNING] - [SELF-HEALING] The current locator of test object 'Object Repository/Create User by CSV/Page_Moodle Khu vc qun tr Thnh vin Ti khon _cb1c9d/button_Tip tc' was broken. Propose an alternative one: '//section[@id='region-main']/div/div[2]/form/button'.

2022-01-16 19:38:45 - [MESSAGE][PASSED] - Object: 'Object Repository/Create User by CSV/Page_Moodle Khu vc qun tr Thnh vin Ti khon _cb1c9d/button_Tip tc' is clicked on

2022-01-16 19:38:45 - [TEST_STEP][PASSED] - click(findTestObject("Object Repository/Create User by CSV/Page_Moodle Khu vc qun tr Thnh vin Ti khon _cb1c9d/a_Qun tr Thnh vin")): Object: 'Object Repository/Create User by CSV/Page_Moodle Khu vc qun tr Thnh vin Ti khon _cb1c9d/a_Qun tr Thnh vin' is clicked on

2022-01-16 19:38:46 - [MESSAGE][PASSED] - Object: 'Object Repository/Create User by CSV/Page_Moodle Khu vc qun tr Thnh vin Ti khon _cb1c9d/a_Qun tr Thnh vin' is clicked on

2022-01-16 19:38:46 - [TEST_STEP][PASSED] - click(findTestObject("Object Repository/Create User by CSV/Page_Moodle Khu vc qun tr Thnh vin Ti khon _cb1c9d/span_Thot")): Object: 'Object Repository/Create User by CSV/Page_Moodle Khu vc qun tr Thnh vin Ti khon _cb1c9d/span_Thot' is clicked on

2022-01-16 19:38:48 - [MESSAGE][PASSED] - Object: 'Object Repository/Create User by CSV/Page_Moodle Khu vc qun tr Thnh vin Ti khon _cb1c9d/span_Thot' is clicked on

2022-01-16 19:38:48 - [TEST_STEP][PASSED] - click(findTestObject("Object Repository/Create User by CSV/Page_Local Moodle/a_Log in")): Object: 'Object Repository/Create User by CSV/Page_Local Moodle/a_Log in' is clicked on

2022-01-16 19:38:49 - [MESSAGE][PASSED] - Object: 'Object Repository/Create User by CSV/Page_Local Moodle/a_Log in' is clicked on

2022-01-16 19:38:49 - [TEST_STEP][PASSED] - setText(findTestObject("Object Repository/Create User by CSV/Page_Local Moodle Log in to the site/input_Username_username"), "student2"): Text 'student2' is set on object 'Object Repository/Create User by CSV/Page_Local Moodle Log in to the site/input_Username_username'

2022-01-16 19:38:50 - [MESSAGE][PASSED] - Text 'student2' is set on object 'Object Repository/Create User by CSV/Page_Local Moodle Log in to the site/input_Username_username'

2022-01-16 19:38:50 - [TEST_STEP][PASSED] - setEncryptedText(findTestObject("Object Repository/Create User by CSV/Page_Local Moodle Log in to the site/input_Password_password"), "tzH6RvlfSTg="): Text ****** has been set on object 'Object Repository/Create User by CSV/Page_Local Moodle Log in to the site/input_Password_password'

2022-01-16 19:38:50 - [MESSAGE][PASSED] - Text ****** has been set on object 'Object Repository/Create User by CSV/Page_Local Moodle Log in to the site/input_Password_password'

2022-01-16 19:38:50 - [TEST_STEP][PASSED] - click(findTestObject("Object Repository/Create User by CSV/Page_Local Moodle Log in to the site/button_Log in")): Object: 'Object Repository/Create User by CSV/Page_Local Moodle Log in to the site/button_Log in' is clicked on

2022-01-16 19:38:52 - [MESSAGE][PASSED] - Object: 'Object Repository/Create User by CSV/Page_Local Moodle Log in to the site/button_Log in' is clicked on

2022-01-16 19:38:52 - [TEST_STEP][PASSED] - verifyElementText(findTestObject("Object Repository/Create User by CSV/Page_i mt khu/h1_Student Two"), "Student Two"): Actual text and expected text of test object 'Object Repository/Create User by CSV/Page_i mt khu/h1_Student Two' are matched.

2022-01-16 19:38:53 - [MESSAGE][PASSED] - Actual text and expected text of test object 'Object Repository/Create User by CSV/Page_i mt khu/h1_Student Two' are matched.

2022-01-16 19:38:53 - [TEST_STEP][PASSED] - closeBrowser(): Browser is closed

2022-01-16 19:38:54 - [MESSAGE][PASSED] - Browser is closed]]></system-out>
         <system-err><![CDATA[]]></system-err>
      </testcase>
      <testcase name="Test Cases/Create User by CSV/Create by CSV warning" time="66.123" classname="Test Cases/Create User by CSV/Create by CSV warning" status="PASSED">
         <system-out><![CDATA[2022-01-16 19:38:54 - [TEST_CASE][PASSED] - Test Cases/Create User by CSV/Create by CSV warning: Test Cases/Create User by CSV/Create by CSV warning

2022-01-16 19:38:55 - [TEST_STEP][PASSED] - callTestCase(findTestCase("Admin Site/Login with Admin"), [:], STOP_ON_FAILURE): Call Test Case 'Test Cases/Admin Site/Login with Admin' successfully

2022-01-16 19:38:55 - [TEST_CASE][PASSED] - Test Cases/Admin Site/Login with Admin: Test Cases/Admin Site/Login with Admin

2022-01-16 19:38:55 - [TEST_STEP][PASSED] - openBrowser(""): Browser is opened with url: ''

2022-01-16 19:38:55 - [MESSAGE][INFO] - Starting 'Edge Chromium' driver

2022-01-16 19:38:57 - [MESSAGE][INFO] - Action delay is set to 0 milliseconds

2022-01-16 19:38:59 - [MESSAGE][PASSED] - Browser is opened with url: ''

2022-01-16 19:38:59 - [TEST_STEP][PASSED] - navigateToUrl("http://localhost/"): Navigate to 'http://localhost/' successfully

2022-01-16 19:39:01 - [MESSAGE][PASSED] - Navigate to 'http://localhost/' successfully

2022-01-16 19:39:01 - [TEST_STEP][PASSED] - click(findTestObject("Object Repository/Admin Site/Page_Local Moodle/a_Log in")): Object: 'Object Repository/Admin Site/Page_Local Moodle/a_Log in' is clicked on

2022-01-16 19:39:02 - [MESSAGE][PASSED] - Object: 'Object Repository/Admin Site/Page_Local Moodle/a_Log in' is clicked on

2022-01-16 19:39:02 - [TEST_STEP][PASSED] - setText(findTestObject("Object Repository/Admin Site/Page_Local Moodle Log in to the site/input_Username_username"), "admin"): Text 'admin' is set on object 'Object Repository/Admin Site/Page_Local Moodle Log in to the site/input_Username_username'

2022-01-16 19:39:03 - [MESSAGE][PASSED] - Text 'admin' is set on object 'Object Repository/Admin Site/Page_Local Moodle Log in to the site/input_Username_username'

2022-01-16 19:39:03 - [TEST_STEP][PASSED] - setEncryptedText(findTestObject("Object Repository/Admin Site/Page_Local Moodle Log in to the site/input_Password_password"), "bfAykA/oWJ09FXmiKh6lyuuLu8QhG1K5"): Text ****** has been set on object 'Object Repository/Admin Site/Page_Local Moodle Log in to the site/input_Password_password'

2022-01-16 19:39:03 - [MESSAGE][PASSED] - Text ****** has been set on object 'Object Repository/Admin Site/Page_Local Moodle Log in to the site/input_Password_password'

2022-01-16 19:39:03 - [TEST_STEP][PASSED] - click(findTestObject("Object Repository/Admin Site/Page_Local Moodle Log in to the site/button_Log in")): Object: 'Object Repository/Admin Site/Page_Local Moodle Log in to the site/button_Log in' is clicked on

2022-01-16 19:39:06 - [MESSAGE][PASSED] - Object: 'Object Repository/Admin Site/Page_Local Moodle Log in to the site/button_Log in' is clicked on

2022-01-16 19:39:06 - [TEST_STEP][PASSED] - click(findTestObject("Object Repository/Admin Site/Page_Nh ca ti/span_Qun tr khu vc")): Object: 'Object Repository/Admin Site/Page_Nh ca ti/span_Qun tr khu vc' is clicked on

2022-01-16 19:39:10 - [MESSAGE][PASSED] - Object: 'Object Repository/Admin Site/Page_Nh ca ti/span_Qun tr khu vc' is clicked on

2022-01-16 19:39:10 - [TEST_STEP][PASSED] - verifyElementPresent(findTestObject("Object Repository/Admin Site/Page_Moodle Khu vc qun tr Tm kim/a_Qun tr khu vc"), 0): Object 'Object Repository/Admin Site/Page_Moodle Khu vc qun tr Tm kim/a_Qun tr khu vc' is present

2022-01-16 19:39:10 - [MESSAGE][WARNING] - Timeout '0' is invalid. Using default page load timeout: '5'

2022-01-16 19:39:10 - [MESSAGE][PASSED] - Object 'Object Repository/Admin Site/Page_Moodle Khu vc qun tr Tm kim/a_Qun tr khu vc' is present

2022-01-16 19:39:10 - [MESSAGE][PASSED] - Call Test Case 'Test Cases/Admin Site/Login with Admin' successfully

2022-01-16 19:39:10 - [TEST_STEP][PASSED] - click(findTestObject("Object Repository/Create User by CSV/Page_Moodle Khu vc qun tr Tm kim/span_Qun tr khu vc")): Object: 'Object Repository/Create User by CSV/Page_Moodle Khu vc qun tr Tm kim/span_Qun tr khu vc' is clicked on

2022-01-16 19:39:12 - [MESSAGE][PASSED] - Object: 'Object Repository/Create User by CSV/Page_Moodle Khu vc qun tr Tm kim/span_Qun tr khu vc' is clicked on

2022-01-16 19:39:12 - [TEST_STEP][PASSED] - navigateToUrl("http://localhost/admin/search.php"): Navigate to 'http://localhost/admin/search.php' successfully

2022-01-16 19:39:13 - [MESSAGE][PASSED] - Navigate to 'http://localhost/admin/search.php' successfully

2022-01-16 19:39:13 - [TEST_STEP][PASSED] - click(findTestObject("Object Repository/Create User by CSV/Page_Moodle Khu vc qun tr Tm kim/a_Thnh vin")): Object: 'Object Repository/Create User by CSV/Page_Moodle Khu vc qun tr Tm kim/a_Thnh vin' is clicked on

2022-01-16 19:39:14 - [MESSAGE][PASSED] - Object: 'Object Repository/Create User by CSV/Page_Moodle Khu vc qun tr Tm kim/a_Thnh vin' is clicked on

2022-01-16 19:39:14 - [TEST_STEP][PASSED] - click(findTestObject("Object Repository/Create User by CSV/Page_Moodle Khu vc qun tr Tm kim/a_Nhp danh sch thnh vin")): Object: 'Object Repository/Create User by CSV/Page_Moodle Khu vc qun tr Tm kim/a_Nhp danh sch thnh vin' is clicked on

2022-01-16 19:39:16 - [MESSAGE][PASSED] - Object: 'Object Repository/Create User by CSV/Page_Moodle Khu vc qun tr Tm kim/a_Nhp danh sch thnh vin' is clicked on

2022-01-16 19:39:16 - [TEST_STEP][PASSED] - click(findTestObject("Object Repository/Create New User/Page_Moodle Khu vc qun tr Thnh vin Ti khon _cb1c9d/input_Tp tin_userfilechoose")): Object: 'Object Repository/Create New User/Page_Moodle Khu vc qun tr Thnh vin Ti khon _cb1c9d/input_Tp tin_userfilechoose' is clicked on

2022-01-16 19:39:22 - [MESSAGE][INFO] - Unable to find the element located by 'By.xpath: '. Please recheck the objects properties to make sure the desired element is located. 

2022-01-16 19:39:22 - [MESSAGE][WARNING] - [SELF-HEALING] Failed to find element with id 'Object Repository/Create New User/Page_Moodle Khu vc qun tr Thnh vin Ti khon _cb1c9d/input_Tp tin_userfilechoose'. Try using Self-healing.

2022-01-16 19:39:23 - [MESSAGE][WARNING] - [SELF-HEALING] The current locator of test object 'Object Repository/Create New User/Page_Moodle Khu vc qun tr Thnh vin Ti khon _cb1c9d/input_Tp tin_userfilechoose' was broken. Propose an alternative one: '//fieldset/div[2]/div/input'.

2022-01-16 19:39:23 - [MESSAGE][PASSED] - Object: 'Object Repository/Create New User/Page_Moodle Khu vc qun tr Thnh vin Ti khon _cb1c9d/input_Tp tin_userfilechoose' is clicked on

2022-01-16 19:39:23 - [TEST_STEP][PASSED] - click(findTestObject("Object Repository/Create New User/Page_Moodle Khu vc qun tr Thnh vin Ti khon _cb1c9d/span_Tp tin ring t")): Object: 'Object Repository/Create New User/Page_Moodle Khu vc qun tr Thnh vin Ti khon _cb1c9d/span_Tp tin ring t' is clicked on

2022-01-16 19:39:29 - [MESSAGE][INFO] - Unable to find the element located by 'By.xpath: //span[@id='yui_3_17_2_1_1642066391828_601']'. Please recheck the objects properties to make sure the desired element is located. 

2022-01-16 19:39:29 - [MESSAGE][WARNING] - [SELF-HEALING] Failed to find element with id 'Object Repository/Create New User/Page_Moodle Khu vc qun tr Thnh vin Ti khon _cb1c9d/span_Tp tin ring t'. Try using Self-healing.

2022-01-16 19:39:30 - [MESSAGE][WARNING] - [SELF-HEALING] The current locator of test object 'Object Repository/Create New User/Page_Moodle Khu vc qun tr Thnh vin Ti khon _cb1c9d/span_Tp tin ring t' was broken. Propose an alternative one: '(.//*[normalize-space(text()) and normalize-space(.)='URL downloader'])[1]/following::span[1]'.

2022-01-16 19:39:30 - [MESSAGE][PASSED] - Object: 'Object Repository/Create New User/Page_Moodle Khu vc qun tr Thnh vin Ti khon _cb1c9d/span_Tp tin ring t' is clicked on

2022-01-16 19:39:30 - [TEST_STEP][PASSED] - click(findTestObject("Create New User/Page_Moodle Khu vc qun tr Thnh vin Ti khon Nhp danh sch thnh vin/div_Wikimedia_yui_3_17_2_1_1642067879076_664")): Object: 'Object Repository/Create New User/Page_Moodle Khu vc qun tr Thnh vin Ti khon Nhp danh sch thnh vin/div_Wikimedia_yui_3_17_2_1_1642067879076_664' is clicked on

2022-01-16 19:39:36 - [MESSAGE][INFO] - Unable to find the element located by 'By.xpath: //div[@id='yui_3_17_2_1_1642067879076_664']'. Please recheck the objects properties to make sure the desired element is located. 

2022-01-16 19:39:36 - [MESSAGE][WARNING] - [SELF-HEALING] Failed to find element with id 'Object Repository/Create New User/Page_Moodle Khu vc qun tr Thnh vin Ti khon Nhp danh sch thnh vin/div_Wikimedia_yui_3_17_2_1_1642067879076_664'. Try using Self-healing.

2022-01-16 19:39:37 - [MESSAGE][WARNING] - [SELF-HEALING] The current locator of test object 'Object Repository/Create New User/Page_Moodle Khu vc qun tr Thnh vin Ti khon Nhp danh sch thnh vin/div_Wikimedia_yui_3_17_2_1_1642067879076_664' was broken. Propose an alternative one: '//a[2]/div/div[3]'.

2022-01-16 19:39:37 - [MESSAGE][PASSED] - Object: 'Object Repository/Create New User/Page_Moodle Khu vc qun tr Thnh vin Ti khon Nhp danh sch thnh vin/div_Wikimedia_yui_3_17_2_1_1642067879076_664' is clicked on

2022-01-16 19:39:37 - [TEST_STEP][PASSED] - click(findTestObject("Object Repository/Create New User/Page_Moodle Khu vc qun tr Thnh vin Ti khon _cb1c9d/button_Chn tp ny")): Object: 'Object Repository/Create New User/Page_Moodle Khu vc qun tr Thnh vin Ti khon _cb1c9d/button_Chn tp ny' is clicked on

2022-01-16 19:39:43 - [MESSAGE][INFO] - Unable to find the element located by 'By.xpath: //button[@id='yui_3_17_2_1_1642066391828_732']'. Please recheck the objects properties to make sure the desired element is located. 

2022-01-16 19:39:43 - [MESSAGE][WARNING] - [SELF-HEALING] Failed to find element with id 'Object Repository/Create New User/Page_Moodle Khu vc qun tr Thnh vin Ti khon _cb1c9d/button_Chn tp ny'. Try using Self-healing.

2022-01-16 19:39:43 - [MESSAGE][WARNING] - [SELF-HEALING] The current locator of test object 'Object Repository/Create New User/Page_Moodle Khu vc qun tr Thnh vin Ti khon _cb1c9d/button_Chn tp ny' was broken. Propose an alternative one: '(.//*[normalize-space(text()) and normalize-space(.)='Chọn giấy phép'])[1]/following::button[1]'.

2022-01-16 19:39:44 - [MESSAGE][PASSED] - Object: 'Object Repository/Create New User/Page_Moodle Khu vc qun tr Thnh vin Ti khon _cb1c9d/button_Chn tp ny' is clicked on

2022-01-16 19:39:44 - [TEST_STEP][PASSED] - selectOptionByValue(findTestObject("Object Repository/Create User by CSV/Page_Moodle Khu vc qun tr Thnh vin Ti khon _cb1c9d/select_,                                    t"), "comma", true): All options with value 'comma' are selected in object 'Object Repository/Create User by CSV/Page_Moodle Khu vc qun tr Thnh vin Ti khon _cb1c9d/select_,                                    t'  using regular expression

2022-01-16 19:39:45 - [MESSAGE][PASSED] - All options with value 'comma' are selected in object 'Object Repository/Create User by CSV/Page_Moodle Khu vc qun tr Thnh vin Ti khon _cb1c9d/select_,                                    t'  using regular expression

2022-01-16 19:39:45 - [TEST_STEP][PASSED] - click(findTestObject("Object Repository/Create User by CSV/Page_Moodle Khu vc qun tr Thnh vin Ti khon _cb1c9d/input_Xem trc cc dng_submitbutton")): Object: 'Object Repository/Create User by CSV/Page_Moodle Khu vc qun tr Thnh vin Ti khon _cb1c9d/input_Xem trc cc dng_submitbutton' is clicked on

2022-01-16 19:39:48 - [MESSAGE][PASSED] - Object: 'Object Repository/Create User by CSV/Page_Moodle Khu vc qun tr Thnh vin Ti khon _cb1c9d/input_Xem trc cc dng_submitbutton' is clicked on

2022-01-16 19:39:48 - [TEST_STEP][PASSED] - selectOptionByValue(findTestObject("Object Repository/Create User by CSV/Page_Moodle Khu vc qun tr Thnh vin Ti khon _cb1c9d/select_Add new only, skip existing users   _620e8d"), "2", true): All options with value '2' are selected in object 'Object Repository/Create User by CSV/Page_Moodle Khu vc qun tr Thnh vin Ti khon _cb1c9d/select_Add new only, skip existing users   _620e8d'  using regular expression

2022-01-16 19:39:49 - [MESSAGE][PASSED] - All options with value '2' are selected in object 'Object Repository/Create User by CSV/Page_Moodle Khu vc qun tr Thnh vin Ti khon _cb1c9d/select_Add new only, skip existing users   _620e8d'  using regular expression

2022-01-16 19:39:49 - [TEST_STEP][PASSED] - selectOptionByValue(findTestObject("Object Repository/Create User by CSV/Page_Moodle Khu vc qun tr Thnh vin Ti khon _cb1c9d/select_Khng c thay i            Override wi_69ddaa"), "1", true): All options with value '1' are selected in object 'Object Repository/Create User by CSV/Page_Moodle Khu vc qun tr Thnh vin Ti khon _cb1c9d/select_Khng c thay i            Override wi_69ddaa'  using regular expression

2022-01-16 19:39:51 - [MESSAGE][PASSED] - All options with value '1' are selected in object 'Object Repository/Create User by CSV/Page_Moodle Khu vc qun tr Thnh vin Ti khon _cb1c9d/select_Khng c thay i            Override wi_69ddaa'  using regular expression

2022-01-16 19:39:51 - [TEST_STEP][PASSED] - click(findTestObject("Object Repository/Create User by CSV/Page_Moodle Khu vc qun tr Thnh vin Ti khon _cb1c9d/input_Xem trc cc dng_submitbutton")): Object: 'Object Repository/Create User by CSV/Page_Moodle Khu vc qun tr Thnh vin Ti khon _cb1c9d/input_Xem trc cc dng_submitbutton' is clicked on

2022-01-16 19:39:52 - [MESSAGE][PASSED] - Object: 'Object Repository/Create User by CSV/Page_Moodle Khu vc qun tr Thnh vin Ti khon _cb1c9d/input_Xem trc cc dng_submitbutton' is clicked on

2022-01-16 19:39:52 - [TEST_STEP][PASSED] - verifyElementText(findTestObject("Object Repository/Create User by CSV/Page_Moodle Khu vc qun tr Thnh vin Ti khon _cb1c9d/span_a ch th in t khng hp l"), "Địa chỉ thư điện tử không hợp lệ"): Actual text and expected text of test object 'Object Repository/Create User by CSV/Page_Moodle Khu vc qun tr Thnh vin Ti khon _cb1c9d/span_a ch th in t khng hp l' are matched.

2022-01-16 19:39:53 - [MESSAGE][PASSED] - Actual text and expected text of test object 'Object Repository/Create User by CSV/Page_Moodle Khu vc qun tr Thnh vin Ti khon _cb1c9d/span_a ch th in t khng hp l' are matched.

2022-01-16 19:39:53 - [TEST_STEP][PASSED] - verifyElementText(findTestObject("Object Repository/Create User by CSV/Page_Moodle Khu vc qun tr Thnh vin Ti khon _cb1c9d/span_One--Replace"), "One-->Replace"): Actual text and expected text of test object 'Object Repository/Create User by CSV/Page_Moodle Khu vc qun tr Thnh vin Ti khon _cb1c9d/span_One--Replace' are matched.

2022-01-16 19:39:53 - [MESSAGE][PASSED] - Actual text and expected text of test object 'Object Repository/Create User by CSV/Page_Moodle Khu vc qun tr Thnh vin Ti khon _cb1c9d/span_One--Replace' are matched.

2022-01-16 19:39:53 - [TEST_STEP][PASSED] - click(findTestObject("Object Repository/Create User by CSV/Page_Moodle Khu vc qun tr Thnh vin Ti khon _cb1c9d/a_Qun tr Thnh vin")): Object: 'Object Repository/Create User by CSV/Page_Moodle Khu vc qun tr Thnh vin Ti khon _cb1c9d/a_Qun tr Thnh vin' is clicked on

2022-01-16 19:39:54 - [MESSAGE][PASSED] - Object: 'Object Repository/Create User by CSV/Page_Moodle Khu vc qun tr Thnh vin Ti khon _cb1c9d/a_Qun tr Thnh vin' is clicked on

2022-01-16 19:39:54 - [TEST_STEP][PASSED] - click(findTestObject("Object Repository/Create User by CSV/Page_Moodle Khu vc qun tr Thnh vin Ti khon _cb1c9d/span_Thot")): Object: 'Object Repository/Create User by CSV/Page_Moodle Khu vc qun tr Thnh vin Ti khon _cb1c9d/span_Thot' is clicked on

2022-01-16 19:39:55 - [MESSAGE][PASSED] - Object: 'Object Repository/Create User by CSV/Page_Moodle Khu vc qun tr Thnh vin Ti khon _cb1c9d/span_Thot' is clicked on

2022-01-16 19:39:55 - [TEST_STEP][PASSED] - click(findTestObject("Object Repository/Create User by CSV/Page_Local Moodle/a_Log in")): Object: 'Object Repository/Create User by CSV/Page_Local Moodle/a_Log in' is clicked on

2022-01-16 19:39:56 - [MESSAGE][PASSED] - Object: 'Object Repository/Create User by CSV/Page_Local Moodle/a_Log in' is clicked on

2022-01-16 19:39:56 - [TEST_STEP][PASSED] - setText(findTestObject("Object Repository/Create User by CSV/Page_Local Moodle Log in to the site/input_Username_username"), "123"): Text '123' is set on object 'Object Repository/Create User by CSV/Page_Local Moodle Log in to the site/input_Username_username'

2022-01-16 19:39:57 - [MESSAGE][PASSED] - Text '123' is set on object 'Object Repository/Create User by CSV/Page_Local Moodle Log in to the site/input_Username_username'

2022-01-16 19:39:57 - [TEST_STEP][PASSED] - setEncryptedText(findTestObject("Object Repository/Create User by CSV/Page_Local Moodle Log in to the site/input_Password_password"), "RigbBhfdqODKcAsiUrg+1Q=="): Text ****** has been set on object 'Object Repository/Create User by CSV/Page_Local Moodle Log in to the site/input_Password_password'

2022-01-16 19:39:57 - [MESSAGE][PASSED] - Text ****** has been set on object 'Object Repository/Create User by CSV/Page_Local Moodle Log in to the site/input_Password_password'

2022-01-16 19:39:57 - [TEST_STEP][PASSED] - click(findTestObject("Object Repository/Create User by CSV/Page_Local Moodle Log in to the site/button_Log in")): Object: 'Object Repository/Create User by CSV/Page_Local Moodle Log in to the site/button_Log in' is clicked on

2022-01-16 19:39:59 - [MESSAGE][PASSED] - Object: 'Object Repository/Create User by CSV/Page_Local Moodle Log in to the site/button_Log in' is clicked on

2022-01-16 19:39:59 - [TEST_STEP][PASSED] - verifyElementPresent(findTestObject("Object Repository/Create User by CSV/Page_Local Moodle Log in to the site/div_Invalid login, please try again"), 0): Object 'Object Repository/Create User by CSV/Page_Local Moodle Log in to the site/div_Invalid login, please try again' is present

2022-01-16 19:39:59 - [MESSAGE][WARNING] - Timeout '0' is invalid. Using default page load timeout: '5'

2022-01-16 19:39:59 - [MESSAGE][PASSED] - Object 'Object Repository/Create User by CSV/Page_Local Moodle Log in to the site/div_Invalid login, please try again' is present

2022-01-16 19:39:59 - [TEST_STEP][PASSED] - closeBrowser(): Browser is closed

2022-01-16 19:40:00 - [MESSAGE][PASSED] - Browser is closed]]></system-out>
         <system-err><![CDATA[]]></system-err>
      </testcase>
      <testcase name="Test Cases/Teacher and Grade/Grade for student" time="119.545" classname="Test Cases/Teacher and Grade/Grade for student" status="PASSED">
         <system-out><![CDATA[2022-01-16 19:40:00 - [TEST_CASE][PASSED] - Test Cases/Teacher and Grade/Grade for student: Test Cases/Teacher and Grade/Grade for student

2022-01-16 19:40:01 - [TEST_STEP][PASSED] - openBrowser(""): Browser is opened with url: ''

2022-01-16 19:40:01 - [MESSAGE][INFO] - Starting 'Edge Chromium' driver

2022-01-16 19:40:04 - [MESSAGE][INFO] - Action delay is set to 0 milliseconds

2022-01-16 19:40:05 - [MESSAGE][PASSED] - Browser is opened with url: ''

2022-01-16 19:40:05 - [TEST_STEP][PASSED] - navigateToUrl("http://localhost/"): Navigate to 'http://localhost/' successfully

2022-01-16 19:40:07 - [MESSAGE][PASSED] - Navigate to 'http://localhost/' successfully

2022-01-16 19:40:07 - [TEST_STEP][PASSED] - click(findTestObject("Object Repository/Teacher and Grade/Page_Local Moodle/a_Log in")): Object: 'Object Repository/Teacher and Grade/Page_Local Moodle/a_Log in' is clicked on

2022-01-16 19:40:08 - [MESSAGE][PASSED] - Object: 'Object Repository/Teacher and Grade/Page_Local Moodle/a_Log in' is clicked on

2022-01-16 19:40:08 - [TEST_STEP][PASSED] - setText(findTestObject("Object Repository/Teacher and Grade/Page_Local Moodle Log in to the site/input_Username_username"), "lcbinh"): Text 'lcbinh' is set on object 'Object Repository/Teacher and Grade/Page_Local Moodle Log in to the site/input_Username_username'

2022-01-16 19:40:09 - [MESSAGE][PASSED] - Text 'lcbinh' is set on object 'Object Repository/Teacher and Grade/Page_Local Moodle Log in to the site/input_Username_username'

2022-01-16 19:40:09 - [TEST_STEP][PASSED] - setEncryptedText(findTestObject("Object Repository/Admin Site/Page_Local Moodle Log in to the site/input_Password_password"), "o5TCnEIIWq0Pz0TkrK1a2rpuWvRKVWz2"): Text ****** has been set on object 'Object Repository/Admin Site/Page_Local Moodle Log in to the site/input_Password_password'

2022-01-16 19:40:09 - [MESSAGE][PASSED] - Text ****** has been set on object 'Object Repository/Admin Site/Page_Local Moodle Log in to the site/input_Password_password'

2022-01-16 19:40:09 - [TEST_STEP][PASSED] - click(findTestObject("Object Repository/Teacher and Grade/Page_Local Moodle Log in to the site/button_Log in")): Object: 'Object Repository/Teacher and Grade/Page_Local Moodle Log in to the site/button_Log in' is clicked on

2022-01-16 19:40:12 - [MESSAGE][PASSED] - Object: 'Object Repository/Teacher and Grade/Page_Local Moodle Log in to the site/button_Log in' is clicked on

2022-01-16 19:40:12 - [TEST_STEP][PASSED] - click(findTestObject("Object Repository/Teacher and Grade/Page_Nh ca ti/span_Test View Grade")): Object: 'Object Repository/Teacher and Grade/Page_Nh ca ti/span_Test View Grade' is clicked on

2022-01-16 19:40:19 - [MESSAGE][INFO] - Unable to find the element located by 'By.xpath: //div[@id='course-info-container-6-8']/div/div/a/span[3]'. Please recheck the objects properties to make sure the desired element is located. 

2022-01-16 19:40:19 - [MESSAGE][WARNING] - [SELF-HEALING] Failed to find element with id 'Object Repository/Teacher and Grade/Page_Nh ca ti/span_Test View Grade'. Try using Self-healing.

2022-01-16 19:40:19 - [MESSAGE][WARNING] - [SELF-HEALING] The current locator of test object 'Object Repository/Teacher and Grade/Page_Nh ca ti/span_Test View Grade' was broken. Propose an alternative one: '(.//*[normalize-space(text()) and normalize-space(.)='Tên khóa học'])[2]/following::span[1]'.

2022-01-16 19:40:20 - [MESSAGE][PASSED] - Object: 'Object Repository/Teacher and Grade/Page_Nh ca ti/span_Test View Grade' is clicked on

2022-01-16 19:40:20 - [TEST_STEP][PASSED] - click(findTestObject("Object Repository/Teacher and Grade/Page_Kha Test View Grade/span_Test Bi tp")): Object: 'Object Repository/Teacher and Grade/Page_Kha Test View Grade/span_Test Bi tp' is clicked on

2022-01-16 19:40:24 - [MESSAGE][PASSED] - Object: 'Object Repository/Teacher and Grade/Page_Kha Test View Grade/span_Test Bi tp' is clicked on

2022-01-16 19:40:24 - [TEST_STEP][PASSED] - click(findTestObject("Object Repository/Teacher and Grade/Page_View Grade Test/a_im")): Object: 'Object Repository/Teacher and Grade/Page_View Grade Test/a_im' is clicked on

2022-01-16 19:40:26 - [MESSAGE][PASSED] - Object: 'Object Repository/Teacher and Grade/Page_View Grade Test/a_im' is clicked on

2022-01-16 19:40:26 - [TEST_STEP][PASSED] - navigateToUrl("http://localhost/mod/assign/view.php?id=10&action=grader"): Navigate to 'http://localhost/mod/assign/view.php?id=10&action=grader' successfully

2022-01-16 19:40:27 - [MESSAGE][PASSED] - Navigate to 'http://localhost/mod/assign/view.php?id=10&action=grader' successfully

2022-01-16 19:40:27 - [TEST_STEP][PASSED] - setText(findTestObject("Object Repository/Teacher and Grade/Page_View Grade Test - ang chm/input_Grade out of 100_grade"), "50"): Text '50' is set on object 'Object Repository/Teacher and Grade/Page_View Grade Test - ang chm/input_Grade out of 100_grade'

2022-01-16 19:40:34 - [MESSAGE][INFO] - Unable to find the element located by 'By.xpath: '. Please recheck the objects properties to make sure the desired element is located. 

2022-01-16 19:40:34 - [MESSAGE][WARNING] - [SELF-HEALING] Failed to find element with id 'Object Repository/Teacher and Grade/Page_View Grade Test - ang chm/input_Grade out of 100_grade'. Try using Self-healing.

2022-01-16 19:40:34 - [MESSAGE][WARNING] - [SELF-HEALING] The current locator of test object 'Object Repository/Teacher and Grade/Page_View Grade Test - ang chm/input_Grade out of 100_grade' was broken. Propose an alternative one: '//input[@id='id_grade']'.

2022-01-16 19:40:40 - [MESSAGE][INFO] - Unable to find the element located by 'By.xpath: '. Please recheck the objects properties to make sure the desired element is located. 

2022-01-16 19:40:40 - [MESSAGE][WARNING] - [SELF-HEALING] Failed to find element with id 'Object Repository/Teacher and Grade/Page_View Grade Test - ang chm/input_Grade out of 100_grade'. Try using Self-healing.

2022-01-16 19:40:40 - [MESSAGE][WARNING] - [SELF-HEALING] The current locator of test object 'Object Repository/Teacher and Grade/Page_View Grade Test - ang chm/input_Grade out of 100_grade' was broken. Propose an alternative one: '//input[@id='id_grade']'.

2022-01-16 19:40:41 - [MESSAGE][PASSED] - Text '50' is set on object 'Object Repository/Teacher and Grade/Page_View Grade Test - ang chm/input_Grade out of 100_grade'

2022-01-16 19:40:41 - [TEST_STEP][PASSED] - click(findTestObject("Object Repository/Teacher and Grade/Page_View Grade Test - ang chm/button_Lu v xem trang tip theo")): Object: 'Object Repository/Teacher and Grade/Page_View Grade Test - ang chm/button_Lu v xem trang tip theo' is clicked on

2022-01-16 19:40:47 - [MESSAGE][INFO] - Unable to find the element located by 'By.xpath: //button[@id='yui_3_17_2_1_1642142506882_572']'. Please recheck the objects properties to make sure the desired element is located. 

2022-01-16 19:40:47 - [MESSAGE][WARNING] - [SELF-HEALING] Failed to find element with id 'Object Repository/Teacher and Grade/Page_View Grade Test - ang chm/button_Lu v xem trang tip theo'. Try using Self-healing.

2022-01-16 19:40:47 - [MESSAGE][WARNING] - [SELF-HEALING] The current locator of test object 'Object Repository/Teacher and Grade/Page_View Grade Test - ang chm/button_Lu v xem trang tip theo' was broken. Propose an alternative one: '(.//*[normalize-space(text()) and normalize-space(.)='Lưu những thay đổi'])[1]/following::button[1]'.

2022-01-16 19:40:47 - [MESSAGE][PASSED] - Object: 'Object Repository/Teacher and Grade/Page_View Grade Test - ang chm/button_Lu v xem trang tip theo' is clicked on

2022-01-16 19:40:47 - [TEST_STEP][PASSED] - setText(findTestObject("Object Repository/Teacher and Grade/Page_View Grade Test - ang chm/input_Grade out of 100_grade"), "100"): Text '100' is set on object 'Object Repository/Teacher and Grade/Page_View Grade Test - ang chm/input_Grade out of 100_grade'

2022-01-16 19:40:54 - [MESSAGE][INFO] - Unable to find the element located by 'By.xpath: '. Please recheck the objects properties to make sure the desired element is located. 

2022-01-16 19:40:54 - [MESSAGE][WARNING] - [SELF-HEALING] Failed to find element with id 'Object Repository/Teacher and Grade/Page_View Grade Test - ang chm/input_Grade out of 100_grade'. Try using Self-healing.

2022-01-16 19:40:54 - [MESSAGE][WARNING] - [SELF-HEALING] The current locator of test object 'Object Repository/Teacher and Grade/Page_View Grade Test - ang chm/input_Grade out of 100_grade' was broken. Propose an alternative one: '//input[@id='id_grade']'.

2022-01-16 19:41:00 - [MESSAGE][INFO] - Unable to find the element located by 'By.xpath: '. Please recheck the objects properties to make sure the desired element is located. 

2022-01-16 19:41:00 - [MESSAGE][WARNING] - [SELF-HEALING] Failed to find element with id 'Object Repository/Teacher and Grade/Page_View Grade Test - ang chm/input_Grade out of 100_grade'. Try using Self-healing.

2022-01-16 19:41:01 - [MESSAGE][WARNING] - [SELF-HEALING] The current locator of test object 'Object Repository/Teacher and Grade/Page_View Grade Test - ang chm/input_Grade out of 100_grade' was broken. Propose an alternative one: '//input[@id='id_grade']'.

2022-01-16 19:41:01 - [MESSAGE][PASSED] - Text '100' is set on object 'Object Repository/Teacher and Grade/Page_View Grade Test - ang chm/input_Grade out of 100_grade'

2022-01-16 19:41:01 - [TEST_STEP][PASSED] - click(findTestObject("Object Repository/Teacher and Grade/Page_View Grade Test - ang chm/button_Lu v xem trang tip theo")): Object: 'Object Repository/Teacher and Grade/Page_View Grade Test - ang chm/button_Lu v xem trang tip theo' is clicked on

2022-01-16 19:41:07 - [MESSAGE][INFO] - Unable to find the element located by 'By.xpath: //button[@id='yui_3_17_2_1_1642142506882_572']'. Please recheck the objects properties to make sure the desired element is located. 

2022-01-16 19:41:07 - [MESSAGE][WARNING] - [SELF-HEALING] Failed to find element with id 'Object Repository/Teacher and Grade/Page_View Grade Test - ang chm/button_Lu v xem trang tip theo'. Try using Self-healing.

2022-01-16 19:41:07 - [MESSAGE][WARNING] - [SELF-HEALING] The current locator of test object 'Object Repository/Teacher and Grade/Page_View Grade Test - ang chm/button_Lu v xem trang tip theo' was broken. Propose an alternative one: '(.//*[normalize-space(text()) and normalize-space(.)='Lưu những thay đổi'])[1]/following::button[1]'.

2022-01-16 19:41:08 - [MESSAGE][PASSED] - Object: 'Object Repository/Teacher and Grade/Page_View Grade Test - ang chm/button_Lu v xem trang tip theo' is clicked on

2022-01-16 19:41:08 - [TEST_STEP][PASSED] - setText(findTestObject("Object Repository/Teacher and Grade/Page_View Grade Test - ang chm/input_Grade out of 100_grade"), "1"): Text '1' is set on object 'Object Repository/Teacher and Grade/Page_View Grade Test - ang chm/input_Grade out of 100_grade'

2022-01-16 19:41:14 - [MESSAGE][INFO] - Unable to find the element located by 'By.xpath: '. Please recheck the objects properties to make sure the desired element is located. 

2022-01-16 19:41:14 - [MESSAGE][WARNING] - [SELF-HEALING] Failed to find element with id 'Object Repository/Teacher and Grade/Page_View Grade Test - ang chm/input_Grade out of 100_grade'. Try using Self-healing.

2022-01-16 19:41:14 - [MESSAGE][WARNING] - [SELF-HEALING] The current locator of test object 'Object Repository/Teacher and Grade/Page_View Grade Test - ang chm/input_Grade out of 100_grade' was broken. Propose an alternative one: '//input[@id='id_grade']'.

2022-01-16 19:41:21 - [MESSAGE][INFO] - Unable to find the element located by 'By.xpath: '. Please recheck the objects properties to make sure the desired element is located. 

2022-01-16 19:41:21 - [MESSAGE][WARNING] - [SELF-HEALING] Failed to find element with id 'Object Repository/Teacher and Grade/Page_View Grade Test - ang chm/input_Grade out of 100_grade'. Try using Self-healing.

2022-01-16 19:41:21 - [MESSAGE][WARNING] - [SELF-HEALING] The current locator of test object 'Object Repository/Teacher and Grade/Page_View Grade Test - ang chm/input_Grade out of 100_grade' was broken. Propose an alternative one: '//input[@id='id_grade']'.

2022-01-16 19:41:21 - [MESSAGE][PASSED] - Text '1' is set on object 'Object Repository/Teacher and Grade/Page_View Grade Test - ang chm/input_Grade out of 100_grade'

2022-01-16 19:41:21 - [TEST_STEP][PASSED] - click(findTestObject("Object Repository/Teacher and Grade/Page_View Grade Test - ang chm/button_Lu v xem trang tip theo")): Object: 'Object Repository/Teacher and Grade/Page_View Grade Test - ang chm/button_Lu v xem trang tip theo' is clicked on

2022-01-16 19:41:27 - [MESSAGE][INFO] - Unable to find the element located by 'By.xpath: //button[@id='yui_3_17_2_1_1642142506882_572']'. Please recheck the objects properties to make sure the desired element is located. 

2022-01-16 19:41:27 - [MESSAGE][WARNING] - [SELF-HEALING] Failed to find element with id 'Object Repository/Teacher and Grade/Page_View Grade Test - ang chm/button_Lu v xem trang tip theo'. Try using Self-healing.

2022-01-16 19:41:28 - [MESSAGE][WARNING] - [SELF-HEALING] The current locator of test object 'Object Repository/Teacher and Grade/Page_View Grade Test - ang chm/button_Lu v xem trang tip theo' was broken. Propose an alternative one: '(.//*[normalize-space(text()) and normalize-space(.)='Lưu những thay đổi'])[1]/following::button[1]'.

2022-01-16 19:41:28 - [MESSAGE][PASSED] - Object: 'Object Repository/Teacher and Grade/Page_View Grade Test - ang chm/button_Lu v xem trang tip theo' is clicked on

2022-01-16 19:41:28 - [TEST_STEP][PASSED] - click(findTestObject("Object Repository/Teacher and Grade/Page_View Grade Test 1 - ang chm/a_Kho hc Test View Grade")): Object: 'Object Repository/Teacher and Grade/Page_View Grade Test 1 - ang chm/a_Kho hc Test View Grade' is clicked on

2022-01-16 19:41:34 - [MESSAGE][INFO] - Unable to find the element located by 'By.xpath: //a[@id='yui_3_17_2_1_1641829766477_2314']'. Please recheck the objects properties to make sure the desired element is located. 

2022-01-16 19:41:34 - [MESSAGE][WARNING] - [SELF-HEALING] Failed to find element with id 'Object Repository/Teacher and Grade/Page_View Grade Test 1 - ang chm/a_Kho hc Test View Grade'. Try using Self-healing.

2022-01-16 19:41:35 - [MESSAGE][WARNING] - [SELF-HEALING] The current locator of test object 'Object Repository/Teacher and Grade/Page_View Grade Test 1 - ang chm/a_Kho hc Test View Grade' was broken. Propose an alternative one: '//a[contains(text(),'Khoá học: Test View Grade')]'.

2022-01-16 19:41:36 - [MESSAGE][PASSED] - Object: 'Object Repository/Teacher and Grade/Page_View Grade Test 1 - ang chm/a_Kho hc Test View Grade' is clicked on

2022-01-16 19:41:36 - [TEST_STEP][PASSED] - click(findTestObject("Object Repository/Teacher and Grade/Page_Kha Test View Grade/span_im s")): Object: 'Object Repository/Teacher and Grade/Page_Kha Test View Grade/span_im s' is clicked on

2022-01-16 19:41:38 - [MESSAGE][PASSED] - Object: 'Object Repository/Teacher and Grade/Page_Kha Test View Grade/span_im s' is clicked on

2022-01-16 19:41:38 - [TEST_STEP][PASSED] - verifyElementText(findTestObject("Object Repository/Teacher and Grade/Page_im s Xem/td_50,00"), "50,00"): Actual text and expected text of test object 'Object Repository/Teacher and Grade/Page_im s Xem/td_50,00' are matched.

2022-01-16 19:41:45 - [MESSAGE][INFO] - Unable to find the element located by 'By.xpath: //td[@id='u28i2']'. Please recheck the objects properties to make sure the desired element is located. 

2022-01-16 19:41:45 - [MESSAGE][WARNING] - [SELF-HEALING] Failed to find element with id 'Object Repository/Teacher and Grade/Page_im s Xem/td_50,00'. Try using Self-healing.

2022-01-16 19:41:45 - [MESSAGE][WARNING] - [SELF-HEALING] The current locator of test object 'Object Repository/Teacher and Grade/Page_im s Xem/td_50,00' was broken. Propose an alternative one: '(.//*[normalize-space(text()) and normalize-space(.)='s1@example.com'])[1]/following::td[1]'.

2022-01-16 19:41:45 - [MESSAGE][PASSED] - Actual text and expected text of test object 'Object Repository/Teacher and Grade/Page_im s Xem/td_50,00' are matched.

2022-01-16 19:41:45 - [TEST_STEP][PASSED] - verifyElementText(findTestObject("Object Repository/Teacher and Grade/Page_im s Xem/td_1,00"), "1,00"): Actual text and expected text of test object 'Object Repository/Teacher and Grade/Page_im s Xem/td_1,00' are matched.

2022-01-16 19:41:52 - [MESSAGE][INFO] - Unable to find the element located by 'By.xpath: //td[@id='u30i2']'. Please recheck the objects properties to make sure the desired element is located. 

2022-01-16 19:41:52 - [MESSAGE][WARNING] - [SELF-HEALING] Failed to find element with id 'Object Repository/Teacher and Grade/Page_im s Xem/td_1,00'. Try using Self-healing.

2022-01-16 19:41:52 - [MESSAGE][WARNING] - [SELF-HEALING] The current locator of test object 'Object Repository/Teacher and Grade/Page_im s Xem/td_1,00' was broken. Propose an alternative one: '(.//*[normalize-space(text()) and normalize-space(.)='s3@example.com'])[1]/following::td[1]'.

2022-01-16 19:41:52 - [MESSAGE][PASSED] - Actual text and expected text of test object 'Object Repository/Teacher and Grade/Page_im s Xem/td_1,00' are matched.

2022-01-16 19:41:52 - [TEST_STEP][PASSED] - verifyElementText(findTestObject("Object Repository/Teacher and Grade/Page_im s Xem/td_100,00"), "100,00"): Actual text and expected text of test object 'Object Repository/Teacher and Grade/Page_im s Xem/td_100,00' are matched.

2022-01-16 19:41:58 - [MESSAGE][INFO] - Unable to find the element located by 'By.xpath: //td[@id='u29i2']'. Please recheck the objects properties to make sure the desired element is located. 

2022-01-16 19:41:58 - [MESSAGE][WARNING] - [SELF-HEALING] Failed to find element with id 'Object Repository/Teacher and Grade/Page_im s Xem/td_100,00'. Try using Self-healing.

2022-01-16 19:41:59 - [MESSAGE][WARNING] - [SELF-HEALING] The current locator of test object 'Object Repository/Teacher and Grade/Page_im s Xem/td_100,00' was broken. Propose an alternative one: '(.//*[normalize-space(text()) and normalize-space(.)='s2@example.com'])[1]/following::td[1]'.

2022-01-16 19:41:59 - [MESSAGE][PASSED] - Actual text and expected text of test object 'Object Repository/Teacher and Grade/Page_im s Xem/td_100,00' are matched.

2022-01-16 19:41:59 - [TEST_STEP][PASSED] - closeBrowser(): Browser is closed

2022-01-16 19:42:00 - [MESSAGE][PASSED] - Browser is closed]]></system-out>
         <system-err><![CDATA[]]></system-err>
      </testcase>
      <testcase name="Test Cases/Teacher and Grade/Grade in grade report site" time="168.106" classname="Test Cases/Teacher and Grade/Grade in grade report site" status="PASSED">
         <system-out><![CDATA[2022-01-16 19:42:00 - [TEST_CASE][PASSED] - Test Cases/Teacher and Grade/Grade in grade report site: Test Cases/Teacher and Grade/Grade in grade report site

2022-01-16 19:42:01 - [TEST_STEP][PASSED] - openBrowser(""): Browser is opened with url: ''

2022-01-16 19:42:01 - [MESSAGE][INFO] - Starting 'Edge Chromium' driver

2022-01-16 19:42:03 - [MESSAGE][INFO] - Action delay is set to 0 milliseconds

2022-01-16 19:42:04 - [MESSAGE][PASSED] - Browser is opened with url: ''

2022-01-16 19:42:04 - [TEST_STEP][PASSED] - navigateToUrl("http://localhost/"): Navigate to 'http://localhost/' successfully

2022-01-16 19:42:06 - [MESSAGE][PASSED] - Navigate to 'http://localhost/' successfully

2022-01-16 19:42:06 - [TEST_STEP][PASSED] - click(findTestObject("Object Repository/Teacher and Grade/Page_Local Moodle/a_Log in")): Object: 'Object Repository/Teacher and Grade/Page_Local Moodle/a_Log in' is clicked on

2022-01-16 19:42:07 - [MESSAGE][PASSED] - Object: 'Object Repository/Teacher and Grade/Page_Local Moodle/a_Log in' is clicked on

2022-01-16 19:42:07 - [TEST_STEP][PASSED] - setText(findTestObject("Object Repository/Teacher and Grade/Page_Local Moodle Log in to the site/input_Username_username"), "lcbinh"): Text 'lcbinh' is set on object 'Object Repository/Teacher and Grade/Page_Local Moodle Log in to the site/input_Username_username'

2022-01-16 19:42:08 - [MESSAGE][PASSED] - Text 'lcbinh' is set on object 'Object Repository/Teacher and Grade/Page_Local Moodle Log in to the site/input_Username_username'

2022-01-16 19:42:08 - [TEST_STEP][PASSED] - setEncryptedText(findTestObject("Admin Site/Page_Local Moodle Log in to the site/input_Password_password"), "o5TCnEIIWq0Pz0TkrK1a2rpuWvRKVWz2"): Text ****** has been set on object 'Object Repository/Admin Site/Page_Local Moodle Log in to the site/input_Password_password'

2022-01-16 19:42:09 - [MESSAGE][PASSED] - Text ****** has been set on object 'Object Repository/Admin Site/Page_Local Moodle Log in to the site/input_Password_password'

2022-01-16 19:42:09 - [TEST_STEP][PASSED] - click(findTestObject("Object Repository/Teacher and Grade/Page_Local Moodle Log in to the site/button_Log in")): Object: 'Object Repository/Teacher and Grade/Page_Local Moodle Log in to the site/button_Log in' is clicked on

2022-01-16 19:42:12 - [MESSAGE][PASSED] - Object: 'Object Repository/Teacher and Grade/Page_Local Moodle Log in to the site/button_Log in' is clicked on

2022-01-16 19:42:12 - [TEST_STEP][PASSED] - click(findTestObject("Object Repository/Teacher and Grade/Page_Nh ca ti/span_View Grade")): Object: 'Object Repository/Teacher and Grade/Page_Nh ca ti/span_View Grade' is clicked on

2022-01-16 19:42:18 - [MESSAGE][INFO] - Unable to find the element located by 'By.xpath: '. Please recheck the objects properties to make sure the desired element is located. 

2022-01-16 19:42:18 - [MESSAGE][WARNING] - [SELF-HEALING] Failed to find element with id 'Object Repository/Teacher and Grade/Page_Nh ca ti/span_View Grade'. Try using Self-healing.

2022-01-16 19:42:19 - [MESSAGE][WARNING] - [SELF-HEALING] The current locator of test object 'Object Repository/Teacher and Grade/Page_Nh ca ti/span_View Grade' was broken. Propose an alternative one: '(.//*[normalize-space(text()) and normalize-space(.)='Các khoá học của tôi'])[1]/following::span[2]'.

2022-01-16 19:42:20 - [MESSAGE][PASSED] - Object: 'Object Repository/Teacher and Grade/Page_Nh ca ti/span_View Grade' is clicked on

2022-01-16 19:42:20 - [TEST_STEP][PASSED] - click(findTestObject("Object Repository/Teacher and Grade/Page_Kha Test View Grade/a_im s")): Object: 'Object Repository/Teacher and Grade/Page_Kha Test View Grade/a_im s' is clicked on

2022-01-16 19:42:22 - [MESSAGE][PASSED] - Object: 'Object Repository/Teacher and Grade/Page_Kha Test View Grade/a_im s' is clicked on

2022-01-16 19:42:22 - [TEST_STEP][PASSED] - click(findTestObject("Object Repository/Teacher and Grade/Page_im s Xem/i_Test ch  1_icon fa fa-pencil fa-fw")): Object: 'Object Repository/Teacher and Grade/Page_im s Xem/i_Test ch  1_icon fa fa-pencil fa-fw' is clicked on

2022-01-16 19:42:29 - [MESSAGE][INFO] - Unable to find the element located by 'By.xpath: //a[@id='action_link61dc593a2cdc428']/i'. Please recheck the objects properties to make sure the desired element is located. 

2022-01-16 19:42:29 - [MESSAGE][WARNING] - [SELF-HEALING] Failed to find element with id 'Object Repository/Teacher and Grade/Page_im s Xem/i_Test ch  1_icon fa fa-pencil fa-fw'. Try using Self-healing.

2022-01-16 19:42:29 - [MESSAGE][WARNING] - [SELF-HEALING] The current locator of test object 'Object Repository/Teacher and Grade/Page_im s Xem/i_Test ch  1_icon fa fa-pencil fa-fw' was broken. Propose an alternative one: '//th[4]/a[3]/i'.

2022-01-16 19:42:31 - [MESSAGE][PASSED] - Object: 'Object Repository/Teacher and Grade/Page_im s Xem/i_Test ch  1_icon fa fa-pencil fa-fw' is clicked on

2022-01-16 19:42:31 - [TEST_STEP][PASSED] - check(findTestObject("Object Repository/Teacher and Grade/Page_im s Xem/input_Override for Student Replace_override_3_28")): Object 'Object Repository/Teacher and Grade/Page_im s Xem/input_Override for Student Replace_override_3_28' is checked

2022-01-16 19:42:37 - [MESSAGE][INFO] - Unable to find the element located by 'By.xpath: //input[@id='override_3_28']'. Please recheck the objects properties to make sure the desired element is located. 

2022-01-16 19:42:37 - [MESSAGE][WARNING] - [SELF-HEALING] Failed to find element with id 'Object Repository/Teacher and Grade/Page_im s Xem/input_Override for Student Replace_override_3_28'. Try using Self-healing.

2022-01-16 19:42:38 - [MESSAGE][WARNING] - [SELF-HEALING] The current locator of test object 'Object Repository/Teacher and Grade/Page_im s Xem/input_Override for Student Replace_override_3_28' was broken. Propose an alternative one: '//section[@id='region-main']/div/div[4]/form/table/tbody/tr/td[5]/input'.

2022-01-16 19:42:38 - [MESSAGE][PASSED] - Object 'Object Repository/Teacher and Grade/Page_im s Xem/input_Override for Student Replace_override_3_28' is checked

2022-01-16 19:42:38 - [TEST_STEP][PASSED] - setText(findTestObject("Object Repository/Teacher and Grade/Page_im s Xem/input_Grade for Student Replace_finalgrade_3_28"), "100"): Text '100' is set on object 'Object Repository/Teacher and Grade/Page_im s Xem/input_Grade for Student Replace_finalgrade_3_28'

2022-01-16 19:42:44 - [MESSAGE][INFO] - Unable to find the element located by 'By.xpath: //input[@id='finalgrade_3_28']'. Please recheck the objects properties to make sure the desired element is located. 

2022-01-16 19:42:44 - [MESSAGE][WARNING] - [SELF-HEALING] Failed to find element with id 'Object Repository/Teacher and Grade/Page_im s Xem/input_Grade for Student Replace_finalgrade_3_28'. Try using Self-healing.

2022-01-16 19:42:44 - [MESSAGE][WARNING] - [SELF-HEALING] The current locator of test object 'Object Repository/Teacher and Grade/Page_im s Xem/input_Grade for Student Replace_finalgrade_3_28' was broken. Propose an alternative one: '//td[3]/input'.

2022-01-16 19:42:50 - [MESSAGE][INFO] - Unable to find the element located by 'By.xpath: //input[@id='finalgrade_3_28']'. Please recheck the objects properties to make sure the desired element is located. 

2022-01-16 19:42:50 - [MESSAGE][WARNING] - [SELF-HEALING] Failed to find element with id 'Object Repository/Teacher and Grade/Page_im s Xem/input_Grade for Student Replace_finalgrade_3_28'. Try using Self-healing.

2022-01-16 19:42:51 - [MESSAGE][WARNING] - [SELF-HEALING] The current locator of test object 'Object Repository/Teacher and Grade/Page_im s Xem/input_Grade for Student Replace_finalgrade_3_28' was broken. Propose an alternative one: '//td[3]/input'.

2022-01-16 19:42:51 - [MESSAGE][PASSED] - Text '100' is set on object 'Object Repository/Teacher and Grade/Page_im s Xem/input_Grade for Student Replace_finalgrade_3_28'

2022-01-16 19:42:51 - [TEST_STEP][PASSED] - check(findTestObject("Object Repository/Teacher and Grade/Page_im s Xem/input_Override for Student Three_override_3_30")): Object 'Object Repository/Teacher and Grade/Page_im s Xem/input_Override for Student Three_override_3_30' is checked

2022-01-16 19:42:57 - [MESSAGE][INFO] - Unable to find the element located by 'By.xpath: //input[@id='override_3_30']'. Please recheck the objects properties to make sure the desired element is located. 

2022-01-16 19:42:57 - [MESSAGE][WARNING] - [SELF-HEALING] Failed to find element with id 'Object Repository/Teacher and Grade/Page_im s Xem/input_Override for Student Three_override_3_30'. Try using Self-healing.

2022-01-16 19:42:58 - [MESSAGE][WARNING] - [SELF-HEALING] The current locator of test object 'Object Repository/Teacher and Grade/Page_im s Xem/input_Override for Student Three_override_3_30' was broken. Propose an alternative one: '//tr[2]/td[5]/input'.

2022-01-16 19:42:58 - [MESSAGE][PASSED] - Object 'Object Repository/Teacher and Grade/Page_im s Xem/input_Override for Student Three_override_3_30' is checked

2022-01-16 19:42:58 - [TEST_STEP][PASSED] - setText(findTestObject("Object Repository/Teacher and Grade/Page_im s Xem/input_Grade for Student Three_finalgrade_3_30"), "60"): Text '60' is set on object 'Object Repository/Teacher and Grade/Page_im s Xem/input_Grade for Student Three_finalgrade_3_30'

2022-01-16 19:43:04 - [MESSAGE][INFO] - Unable to find the element located by 'By.xpath: //input[@id='finalgrade_3_30']'. Please recheck the objects properties to make sure the desired element is located. 

2022-01-16 19:43:04 - [MESSAGE][WARNING] - [SELF-HEALING] Failed to find element with id 'Object Repository/Teacher and Grade/Page_im s Xem/input_Grade for Student Three_finalgrade_3_30'. Try using Self-healing.

2022-01-16 19:43:04 - [MESSAGE][WARNING] - [SELF-HEALING] The current locator of test object 'Object Repository/Teacher and Grade/Page_im s Xem/input_Grade for Student Three_finalgrade_3_30' was broken. Propose an alternative one: '//tr[2]/td[3]/input'.

2022-01-16 19:43:10 - [MESSAGE][INFO] - Unable to find the element located by 'By.xpath: //input[@id='finalgrade_3_30']'. Please recheck the objects properties to make sure the desired element is located. 

2022-01-16 19:43:10 - [MESSAGE][WARNING] - [SELF-HEALING] Failed to find element with id 'Object Repository/Teacher and Grade/Page_im s Xem/input_Grade for Student Three_finalgrade_3_30'. Try using Self-healing.

2022-01-16 19:43:11 - [MESSAGE][WARNING] - [SELF-HEALING] The current locator of test object 'Object Repository/Teacher and Grade/Page_im s Xem/input_Grade for Student Three_finalgrade_3_30' was broken. Propose an alternative one: '//tr[2]/td[3]/input'.

2022-01-16 19:43:11 - [MESSAGE][PASSED] - Text '60' is set on object 'Object Repository/Teacher and Grade/Page_im s Xem/input_Grade for Student Three_finalgrade_3_30'

2022-01-16 19:43:11 - [TEST_STEP][PASSED] - check(findTestObject("Object Repository/Teacher and Grade/Page_im s Xem/input_Override for Student Two_override_3_29")): Object 'Object Repository/Teacher and Grade/Page_im s Xem/input_Override for Student Two_override_3_29' is checked

2022-01-16 19:43:17 - [MESSAGE][INFO] - Unable to find the element located by 'By.xpath: //input[@id='override_3_29']'. Please recheck the objects properties to make sure the desired element is located. 

2022-01-16 19:43:17 - [MESSAGE][WARNING] - [SELF-HEALING] Failed to find element with id 'Object Repository/Teacher and Grade/Page_im s Xem/input_Override for Student Two_override_3_29'. Try using Self-healing.

2022-01-16 19:43:17 - [MESSAGE][WARNING] - [SELF-HEALING] The current locator of test object 'Object Repository/Teacher and Grade/Page_im s Xem/input_Override for Student Two_override_3_29' was broken. Propose an alternative one: '//tr[3]/td[5]/input'.

2022-01-16 19:43:17 - [MESSAGE][PASSED] - Object 'Object Repository/Teacher and Grade/Page_im s Xem/input_Override for Student Two_override_3_29' is checked

2022-01-16 19:43:17 - [TEST_STEP][PASSED] - setText(findTestObject("Object Repository/Teacher and Grade/Page_im s Xem/input_Grade for Student Two_finalgrade_3_29"), "25"): Text '25' is set on object 'Object Repository/Teacher and Grade/Page_im s Xem/input_Grade for Student Two_finalgrade_3_29'

2022-01-16 19:43:24 - [MESSAGE][INFO] - Unable to find the element located by 'By.xpath: //input[@id='finalgrade_3_29']'. Please recheck the objects properties to make sure the desired element is located. 

2022-01-16 19:43:24 - [MESSAGE][WARNING] - [SELF-HEALING] Failed to find element with id 'Object Repository/Teacher and Grade/Page_im s Xem/input_Grade for Student Two_finalgrade_3_29'. Try using Self-healing.

2022-01-16 19:43:24 - [MESSAGE][WARNING] - [SELF-HEALING] The current locator of test object 'Object Repository/Teacher and Grade/Page_im s Xem/input_Grade for Student Two_finalgrade_3_29' was broken. Propose an alternative one: '//tr[3]/td[3]/input'.

2022-01-16 19:43:30 - [MESSAGE][INFO] - Unable to find the element located by 'By.xpath: //input[@id='finalgrade_3_29']'. Please recheck the objects properties to make sure the desired element is located. 

2022-01-16 19:43:30 - [MESSAGE][WARNING] - [SELF-HEALING] Failed to find element with id 'Object Repository/Teacher and Grade/Page_im s Xem/input_Grade for Student Two_finalgrade_3_29'. Try using Self-healing.

2022-01-16 19:43:31 - [MESSAGE][WARNING] - [SELF-HEALING] The current locator of test object 'Object Repository/Teacher and Grade/Page_im s Xem/input_Grade for Student Two_finalgrade_3_29' was broken. Propose an alternative one: '//tr[3]/td[3]/input'.

2022-01-16 19:43:31 - [MESSAGE][PASSED] - Text '25' is set on object 'Object Repository/Teacher and Grade/Page_im s Xem/input_Grade for Student Two_finalgrade_3_29'

2022-01-16 19:43:31 - [TEST_STEP][PASSED] - click(findTestObject("Object Repository/Teacher and Grade/Page_im s Xem/input_Insert value_btn btn-secondary")): Object: 'Object Repository/Teacher and Grade/Page_im s Xem/input_Insert value_btn btn-secondary' is clicked on

2022-01-16 19:43:32 - [MESSAGE][PASSED] - Object: 'Object Repository/Teacher and Grade/Page_im s Xem/input_Insert value_btn btn-secondary' is clicked on

2022-01-16 19:43:32 - [TEST_STEP][PASSED] - click(findTestObject("Object Repository/Teacher and Grade/Page_Saving grades/button_Tip tc")): Object: 'Object Repository/Teacher and Grade/Page_Saving grades/button_Tip tc' is clicked on

2022-01-16 19:43:38 - [MESSAGE][INFO] - Unable to find the element located by 'By.xpath: //button[@id='single_button61dc5970393933']'. Please recheck the objects properties to make sure the desired element is located. 

2022-01-16 19:43:38 - [MESSAGE][WARNING] - [SELF-HEALING] Failed to find element with id 'Object Repository/Teacher and Grade/Page_Saving grades/button_Tip tc'. Try using Self-healing.

2022-01-16 19:43:39 - [MESSAGE][WARNING] - [SELF-HEALING] The current locator of test object 'Object Repository/Teacher and Grade/Page_Saving grades/button_Tip tc' was broken. Propose an alternative one: '//div[@id='page']/section/div/div[3]/form/button'.

2022-01-16 19:43:40 - [MESSAGE][PASSED] - Object: 'Object Repository/Teacher and Grade/Page_Saving grades/button_Tip tc' is clicked on

2022-01-16 19:43:40 - [TEST_STEP][PASSED] - click(findTestObject("Object Repository/Teacher and Grade/Page_im s Xem/a_Grader report")): Object: 'Object Repository/Teacher and Grade/Page_im s Xem/a_Grader report' is clicked on

2022-01-16 19:43:41 - [MESSAGE][PASSED] - Object: 'Object Repository/Teacher and Grade/Page_im s Xem/a_Grader report' is clicked on

2022-01-16 19:43:41 - [TEST_STEP][PASSED] - verifyElementText(findTestObject("Object Repository/Teacher and Grade/Page_im s Xem/span_100,00"), "100,00"): Actual text and expected text of test object 'Object Repository/Teacher and Grade/Page_im s Xem/span_100,00' are matched.

2022-01-16 19:43:48 - [MESSAGE][INFO] - Unable to find the element located by 'By.xpath: //td[@id='u28i3']/span'. Please recheck the objects properties to make sure the desired element is located. 

2022-01-16 19:43:48 - [MESSAGE][WARNING] - [SELF-HEALING] Failed to find element with id 'Object Repository/Teacher and Grade/Page_im s Xem/span_100,00'. Try using Self-healing.

2022-01-16 19:43:48 - [MESSAGE][WARNING] - [SELF-HEALING] The current locator of test object 'Object Repository/Teacher and Grade/Page_im s Xem/span_100,00' was broken. Propose an alternative one: '(.//*[normalize-space(text()) and normalize-space(.)='s1@example.com'])[1]/following::span[2]'.

2022-01-16 19:43:48 - [MESSAGE][PASSED] - Actual text and expected text of test object 'Object Repository/Teacher and Grade/Page_im s Xem/span_100,00' are matched.

2022-01-16 19:43:48 - [TEST_STEP][PASSED] - verifyElementText(findTestObject("Object Repository/Teacher and Grade/Page_im s Xem/span_60,00"), "60,00"): Actual text and expected text of test object 'Object Repository/Teacher and Grade/Page_im s Xem/span_60,00' are matched.

2022-01-16 19:43:54 - [MESSAGE][INFO] - Unable to find the element located by 'By.xpath: //td[@id='u30i3']/span'. Please recheck the objects properties to make sure the desired element is located. 

2022-01-16 19:43:54 - [MESSAGE][WARNING] - [SELF-HEALING] Failed to find element with id 'Object Repository/Teacher and Grade/Page_im s Xem/span_60,00'. Try using Self-healing.

2022-01-16 19:43:55 - [MESSAGE][WARNING] - [SELF-HEALING] The current locator of test object 'Object Repository/Teacher and Grade/Page_im s Xem/span_60,00' was broken. Propose an alternative one: '(.//*[normalize-space(text()) and normalize-space(.)='s3@example.com'])[1]/following::span[2]'.

2022-01-16 19:43:55 - [MESSAGE][PASSED] - Actual text and expected text of test object 'Object Repository/Teacher and Grade/Page_im s Xem/span_60,00' are matched.

2022-01-16 19:43:55 - [TEST_STEP][PASSED] - verifyElementText(findTestObject("Object Repository/Teacher and Grade/Page_im s Xem/span_25,00"), "25,00"): Actual text and expected text of test object 'Object Repository/Teacher and Grade/Page_im s Xem/span_25,00' are matched.

2022-01-16 19:44:01 - [MESSAGE][INFO] - Unable to find the element located by 'By.xpath: //td[@id='u29i3']/span'. Please recheck the objects properties to make sure the desired element is located. 

2022-01-16 19:44:01 - [MESSAGE][WARNING] - [SELF-HEALING] Failed to find element with id 'Object Repository/Teacher and Grade/Page_im s Xem/span_25,00'. Try using Self-healing.

2022-01-16 19:44:02 - [MESSAGE][WARNING] - [SELF-HEALING] The current locator of test object 'Object Repository/Teacher and Grade/Page_im s Xem/span_25,00' was broken. Propose an alternative one: '(.//*[normalize-space(text()) and normalize-space(.)='s2@example.com'])[1]/following::span[2]'.

2022-01-16 19:44:02 - [MESSAGE][PASSED] - Actual text and expected text of test object 'Object Repository/Teacher and Grade/Page_im s Xem/span_25,00' are matched.

2022-01-16 19:44:02 - [TEST_STEP][PASSED] - click(findTestObject("Object Repository/Teacher and Grade/Page_im s Xem/span_Ch  1")): Object: 'Object Repository/Teacher and Grade/Page_im s Xem/span_Ch  1' is clicked on

2022-01-16 19:44:03 - [MESSAGE][PASSED] - Object: 'Object Repository/Teacher and Grade/Page_im s Xem/span_Ch  1' is clicked on

2022-01-16 19:44:03 - [TEST_STEP][PASSED] - click(findTestObject("Object Repository/Teacher and Grade/Page_Kha Test View Grade/span_Test ch  1 Bi tp")): Object: 'Object Repository/Teacher and Grade/Page_Kha Test View Grade/span_Test ch  1 Bi tp' is clicked on

2022-01-16 19:44:09 - [MESSAGE][INFO] - Unable to find the element located by 'By.xpath: //li[@id='module-3']/div/div/div[2]/div/a/span'. Please recheck the objects properties to make sure the desired element is located. 

2022-01-16 19:44:09 - [MESSAGE][WARNING] - [SELF-HEALING] Failed to find element with id 'Object Repository/Teacher and Grade/Page_Kha Test View Grade/span_Test ch  1 Bi tp'. Try using Self-healing.

2022-01-16 19:44:10 - [MESSAGE][WARNING] - [SELF-HEALING] The current locator of test object 'Object Repository/Teacher and Grade/Page_Kha Test View Grade/span_Test ch  1 Bi tp' was broken. Propose an alternative one: '(.//*[normalize-space(text()) and normalize-space(.)='Chủ đề 1'])[2]/following::span[1]'.

2022-01-16 19:44:11 - [MESSAGE][PASSED] - Object: 'Object Repository/Teacher and Grade/Page_Kha Test View Grade/span_Test ch  1 Bi tp' is clicked on

2022-01-16 19:44:11 - [TEST_STEP][PASSED] - click(findTestObject("Object Repository/Teacher and Grade/Page_View Grade Test ch  1/a_im")): Object: 'Object Repository/Teacher and Grade/Page_View Grade Test ch  1/a_im' is clicked on

2022-01-16 19:44:13 - [MESSAGE][PASSED] - Object: 'Object Repository/Teacher and Grade/Page_View Grade Test ch  1/a_im' is clicked on

2022-01-16 19:44:13 - [TEST_STEP][PASSED] - verifyElementText(findTestObject("Object Repository/Teacher and Grade/Page_View Grade Test ch  1 - ang chm/a_100,00"), "100,00"): Actual text and expected text of test object 'Object Repository/Teacher and Grade/Page_View Grade Test ch  1 - ang chm/a_100,00' are matched.

2022-01-16 19:44:19 - [MESSAGE][INFO] - Unable to find the element located by 'By.xpath: //a[@id='action_link61dc59c1ddee921']'. Please recheck the objects properties to make sure the desired element is located. 

2022-01-16 19:44:19 - [MESSAGE][WARNING] - [SELF-HEALING] Failed to find element with id 'Object Repository/Teacher and Grade/Page_View Grade Test ch  1 - ang chm/a_100,00'. Try using Self-healing.

2022-01-16 19:44:20 - [MESSAGE][WARNING] - [SELF-HEALING] The current locator of test object 'Object Repository/Teacher and Grade/Page_View Grade Test ch  1 - ang chm/a_100,00' was broken. Propose an alternative one: '//a[contains(text(),'100,00')]'.

2022-01-16 19:44:20 - [MESSAGE][PASSED] - Actual text and expected text of test object 'Object Repository/Teacher and Grade/Page_View Grade Test ch  1 - ang chm/a_100,00' are matched.

2022-01-16 19:44:20 - [TEST_STEP][PASSED] - click(findTestObject("Object Repository/Teacher and Grade/Page_View Grade Test ch  1 - ang chm/a_")): Object: 'Object Repository/Teacher and Grade/Page_View Grade Test ch  1 - ang chm/a_' is clicked on

2022-01-16 19:44:26 - [MESSAGE][INFO] - Unable to find the element located by 'By.xpath: //a[@id='yui_3_17_2_1_1641830816830_543']'. Please recheck the objects properties to make sure the desired element is located. 

2022-01-16 19:44:26 - [MESSAGE][WARNING] - [SELF-HEALING] Failed to find element with id 'Object Repository/Teacher and Grade/Page_View Grade Test ch  1 - ang chm/a_'. Try using Self-healing.

2022-01-16 19:44:26 - [MESSAGE][WARNING] - [SELF-HEALING] The current locator of test object 'Object Repository/Teacher and Grade/Page_View Grade Test ch  1 - ang chm/a_' was broken. Propose an alternative one: '//a[contains(text(),'►')]'.

2022-01-16 19:44:26 - [MESSAGE][PASSED] - Object: 'Object Repository/Teacher and Grade/Page_View Grade Test ch  1 - ang chm/a_' is clicked on

2022-01-16 19:44:26 - [TEST_STEP][PASSED] - verifyElementText(findTestObject("Object Repository/Teacher and Grade/Page_View Grade Test ch  1 - ang chm/a_25,00"), "25,00"): Actual text and expected text of test object 'Object Repository/Teacher and Grade/Page_View Grade Test ch  1 - ang chm/a_25,00' are matched.

2022-01-16 19:44:33 - [MESSAGE][INFO] - Unable to find the element located by 'By.xpath: //a[@id='action_link61dc59cf9045721']'. Please recheck the objects properties to make sure the desired element is located. 

2022-01-16 19:44:33 - [MESSAGE][WARNING] - [SELF-HEALING] Failed to find element with id 'Object Repository/Teacher and Grade/Page_View Grade Test ch  1 - ang chm/a_25,00'. Try using Self-healing.

2022-01-16 19:44:33 - [MESSAGE][WARNING] - [SELF-HEALING] The current locator of test object 'Object Repository/Teacher and Grade/Page_View Grade Test ch  1 - ang chm/a_25,00' was broken. Propose an alternative one: '//a[contains(text(),'25,00')]'.

2022-01-16 19:44:33 - [MESSAGE][PASSED] - Actual text and expected text of test object 'Object Repository/Teacher and Grade/Page_View Grade Test ch  1 - ang chm/a_25,00' are matched.

2022-01-16 19:44:33 - [TEST_STEP][PASSED] - click(findTestObject("Object Repository/Teacher and Grade/Page_View Grade Test ch  1 - ang chm/a_")): Object: 'Object Repository/Teacher and Grade/Page_View Grade Test ch  1 - ang chm/a_' is clicked on

2022-01-16 19:44:40 - [MESSAGE][INFO] - Unable to find the element located by 'By.xpath: //a[@id='yui_3_17_2_1_1641830816830_543']'. Please recheck the objects properties to make sure the desired element is located. 

2022-01-16 19:44:40 - [MESSAGE][WARNING] - [SELF-HEALING] Failed to find element with id 'Object Repository/Teacher and Grade/Page_View Grade Test ch  1 - ang chm/a_'. Try using Self-healing.

2022-01-16 19:44:40 - [MESSAGE][WARNING] - [SELF-HEALING] The current locator of test object 'Object Repository/Teacher and Grade/Page_View Grade Test ch  1 - ang chm/a_' was broken. Propose an alternative one: '//a[contains(text(),'►')]'.

2022-01-16 19:44:40 - [MESSAGE][PASSED] - Object: 'Object Repository/Teacher and Grade/Page_View Grade Test ch  1 - ang chm/a_' is clicked on

2022-01-16 19:44:40 - [TEST_STEP][PASSED] - verifyElementText(findTestObject("Object Repository/Teacher and Grade/Page_View Grade Test ch  1 - ang chm/a_60,00"), "60,00"): Actual text and expected text of test object 'Object Repository/Teacher and Grade/Page_View Grade Test ch  1 - ang chm/a_60,00' are matched.

2022-01-16 19:44:46 - [MESSAGE][INFO] - Unable to find the element located by 'By.xpath: //a[@id='action_link61dc59d7f39f820']'. Please recheck the objects properties to make sure the desired element is located. 

2022-01-16 19:44:46 - [MESSAGE][WARNING] - [SELF-HEALING] Failed to find element with id 'Object Repository/Teacher and Grade/Page_View Grade Test ch  1 - ang chm/a_60,00'. Try using Self-healing.

2022-01-16 19:44:47 - [MESSAGE][WARNING] - [SELF-HEALING] The current locator of test object 'Object Repository/Teacher and Grade/Page_View Grade Test ch  1 - ang chm/a_60,00' was broken. Propose an alternative one: '//a[contains(text(),'60,00')]'.

2022-01-16 19:44:47 - [MESSAGE][PASSED] - Actual text and expected text of test object 'Object Repository/Teacher and Grade/Page_View Grade Test ch  1 - ang chm/a_60,00' are matched.

2022-01-16 19:44:47 - [TEST_STEP][PASSED] - closeBrowser(): Browser is closed

2022-01-16 19:44:48 - [MESSAGE][PASSED] - Browser is closed]]></system-out>
         <system-err><![CDATA[]]></system-err>
      </testcase>
      <testcase name="Test Cases/Teacher and Grade/Other Teacher View Grade" time="110.289" classname="Test Cases/Teacher and Grade/Other Teacher View Grade" status="PASSED">
         <system-out><![CDATA[2022-01-16 19:44:48 - [TEST_CASE][PASSED] - Test Cases/Teacher and Grade/Other Teacher View Grade: Test Cases/Teacher and Grade/Other Teacher View Grade

2022-01-16 19:44:49 - [TEST_STEP][PASSED] - openBrowser(""): Browser is opened with url: ''

2022-01-16 19:44:49 - [MESSAGE][INFO] - Starting 'Edge Chromium' driver

2022-01-16 19:44:51 - [MESSAGE][INFO] - Action delay is set to 0 milliseconds

2022-01-16 19:44:53 - [MESSAGE][PASSED] - Browser is opened with url: ''

2022-01-16 19:44:53 - [TEST_STEP][PASSED] - navigateToUrl("http://localhost/"): Navigate to 'http://localhost/' successfully

2022-01-16 19:44:54 - [MESSAGE][PASSED] - Navigate to 'http://localhost/' successfully

2022-01-16 19:44:54 - [TEST_STEP][PASSED] - click(findTestObject("Object Repository/Teacher and Grade/Page_Local Moodle/a_Log in")): Object: 'Object Repository/Teacher and Grade/Page_Local Moodle/a_Log in' is clicked on

2022-01-16 19:44:56 - [MESSAGE][PASSED] - Object: 'Object Repository/Teacher and Grade/Page_Local Moodle/a_Log in' is clicked on

2022-01-16 19:44:56 - [TEST_STEP][PASSED] - setText(findTestObject("Object Repository/Teacher and Grade/Page_Local Moodle Log in to the site/input_Username_username"), "lcbinh"): Text 'lcbinh' is set on object 'Object Repository/Teacher and Grade/Page_Local Moodle Log in to the site/input_Username_username'

2022-01-16 19:44:57 - [MESSAGE][PASSED] - Text 'lcbinh' is set on object 'Object Repository/Teacher and Grade/Page_Local Moodle Log in to the site/input_Username_username'

2022-01-16 19:44:57 - [TEST_STEP][PASSED] - setEncryptedText(findTestObject("Admin Site/Page_Local Moodle Log in to the site/input_Password_password"), "o5TCnEIIWq0Pz0TkrK1a2rpuWvRKVWz2"): Text ****** has been set on object 'Object Repository/Admin Site/Page_Local Moodle Log in to the site/input_Password_password'

2022-01-16 19:44:57 - [MESSAGE][PASSED] - Text ****** has been set on object 'Object Repository/Admin Site/Page_Local Moodle Log in to the site/input_Password_password'

2022-01-16 19:44:57 - [TEST_STEP][PASSED] - click(findTestObject("Object Repository/Teacher and Grade/Page_Local Moodle Log in to the site/button_Log in")): Object: 'Object Repository/Teacher and Grade/Page_Local Moodle Log in to the site/button_Log in' is clicked on

2022-01-16 19:45:00 - [MESSAGE][PASSED] - Object: 'Object Repository/Teacher and Grade/Page_Local Moodle Log in to the site/button_Log in' is clicked on

2022-01-16 19:45:00 - [TEST_STEP][PASSED] - click(findTestObject("Teacher and Grade/Page_Nh ca ti/span_Test View Grade")): Object: 'Object Repository/Teacher and Grade/Page_Nh ca ti/span_Test View Grade' is clicked on

2022-01-16 19:45:06 - [MESSAGE][INFO] - Unable to find the element located by 'By.xpath: //div[@id='course-info-container-6-8']/div/div/a/span[3]'. Please recheck the objects properties to make sure the desired element is located. 

2022-01-16 19:45:06 - [MESSAGE][WARNING] - [SELF-HEALING] Failed to find element with id 'Object Repository/Teacher and Grade/Page_Nh ca ti/span_Test View Grade'. Try using Self-healing.

2022-01-16 19:45:06 - [MESSAGE][WARNING] - [SELF-HEALING] The current locator of test object 'Object Repository/Teacher and Grade/Page_Nh ca ti/span_Test View Grade' was broken. Propose an alternative one: '(.//*[normalize-space(text()) and normalize-space(.)='Tên khóa học'])[2]/following::span[1]'.

2022-01-16 19:45:07 - [MESSAGE][PASSED] - Object: 'Object Repository/Teacher and Grade/Page_Nh ca ti/span_Test View Grade' is clicked on

2022-01-16 19:45:07 - [TEST_STEP][PASSED] - click(findTestObject("Object Repository/Teacher and Grade/Page_Kha Test View Grade/span_Test ch  2 Bi tp")): Object: 'Object Repository/Teacher and Grade/Page_Kha Test View Grade/span_Test ch  2 Bi tp' is clicked on

2022-01-16 19:45:14 - [MESSAGE][INFO] - Unable to find the element located by 'By.xpath: //li[@id='module-4']/div/div/div[2]/div/a/span'. Please recheck the objects properties to make sure the desired element is located. 

2022-01-16 19:45:14 - [MESSAGE][WARNING] - [SELF-HEALING] Failed to find element with id 'Object Repository/Teacher and Grade/Page_Kha Test View Grade/span_Test ch  2 Bi tp'. Try using Self-healing.

2022-01-16 19:45:14 - [MESSAGE][WARNING] - [SELF-HEALING] The current locator of test object 'Object Repository/Teacher and Grade/Page_Kha Test View Grade/span_Test ch  2 Bi tp' was broken. Propose an alternative one: '(.//*[normalize-space(text()) and normalize-space(.)='Chủ đề 2'])[2]/following::span[1]'.

2022-01-16 19:45:16 - [MESSAGE][PASSED] - Object: 'Object Repository/Teacher and Grade/Page_Kha Test View Grade/span_Test ch  2 Bi tp' is clicked on

2022-01-16 19:45:16 - [TEST_STEP][PASSED] - click(findTestObject("Object Repository/Teacher and Grade/Page_View Grade Test ch  2/a_im")): Object: 'Object Repository/Teacher and Grade/Page_View Grade Test ch  2/a_im' is clicked on

2022-01-16 19:45:17 - [MESSAGE][PASSED] - Object: 'Object Repository/Teacher and Grade/Page_View Grade Test ch  2/a_im' is clicked on

2022-01-16 19:45:17 - [TEST_STEP][PASSED] - setText(findTestObject("Object Repository/Teacher and Grade/Page_View Grade Test ch  2 - ang chm/input_Grade out of 100_grade"), "11"): Text '11' is set on object 'Object Repository/Teacher and Grade/Page_View Grade Test ch  2 - ang chm/input_Grade out of 100_grade'

2022-01-16 19:45:21 - [MESSAGE][PASSED] - Text '11' is set on object 'Object Repository/Teacher and Grade/Page_View Grade Test ch  2 - ang chm/input_Grade out of 100_grade'

2022-01-16 19:45:21 - [TEST_STEP][PASSED] - click(findTestObject("Object Repository/Teacher and Grade/Page_View Grade Test ch  2 - ang chm/button_Lu v xem trang tip theo")): Object: 'Object Repository/Teacher and Grade/Page_View Grade Test ch  2 - ang chm/button_Lu v xem trang tip theo' is clicked on

2022-01-16 19:45:28 - [MESSAGE][INFO] - Unable to find the element located by 'By.xpath: //button[@id='yui_3_17_2_1_1641831592528_557']'. Please recheck the objects properties to make sure the desired element is located. 

2022-01-16 19:45:28 - [MESSAGE][WARNING] - [SELF-HEALING] Failed to find element with id 'Object Repository/Teacher and Grade/Page_View Grade Test ch  2 - ang chm/button_Lu v xem trang tip theo'. Try using Self-healing.

2022-01-16 19:45:28 - [MESSAGE][WARNING] - [SELF-HEALING] The current locator of test object 'Object Repository/Teacher and Grade/Page_View Grade Test ch  2 - ang chm/button_Lu v xem trang tip theo' was broken. Propose an alternative one: '(.//*[normalize-space(text()) and normalize-space(.)='Lưu những thay đổi'])[1]/following::button[1]'.

2022-01-16 19:45:28 - [MESSAGE][PASSED] - Object: 'Object Repository/Teacher and Grade/Page_View Grade Test ch  2 - ang chm/button_Lu v xem trang tip theo' is clicked on

2022-01-16 19:45:28 - [TEST_STEP][PASSED] - setText(findTestObject("Teacher and Grade/Page_View Grade Test ch  2 - ang chm/input_Grade out of 100_grade"), "56"): Text '56' is set on object 'Object Repository/Teacher and Grade/Page_View Grade Test ch  2 - ang chm/input_Grade out of 100_grade'

2022-01-16 19:45:31 - [MESSAGE][PASSED] - Text '56' is set on object 'Object Repository/Teacher and Grade/Page_View Grade Test ch  2 - ang chm/input_Grade out of 100_grade'

2022-01-16 19:45:31 - [TEST_STEP][PASSED] - click(findTestObject("Object Repository/Teacher and Grade/Page_View Grade Test ch  2 - ang chm/button_Lu v xem trang tip theo")): Object: 'Object Repository/Teacher and Grade/Page_View Grade Test ch  2 - ang chm/button_Lu v xem trang tip theo' is clicked on

2022-01-16 19:45:37 - [MESSAGE][INFO] - Unable to find the element located by 'By.xpath: //button[@id='yui_3_17_2_1_1641831592528_557']'. Please recheck the objects properties to make sure the desired element is located. 

2022-01-16 19:45:37 - [MESSAGE][WARNING] - [SELF-HEALING] Failed to find element with id 'Object Repository/Teacher and Grade/Page_View Grade Test ch  2 - ang chm/button_Lu v xem trang tip theo'. Try using Self-healing.

2022-01-16 19:45:37 - [MESSAGE][WARNING] - [SELF-HEALING] The current locator of test object 'Object Repository/Teacher and Grade/Page_View Grade Test ch  2 - ang chm/button_Lu v xem trang tip theo' was broken. Propose an alternative one: '(.//*[normalize-space(text()) and normalize-space(.)='Lưu những thay đổi'])[1]/following::button[1]'.

2022-01-16 19:45:38 - [MESSAGE][PASSED] - Object: 'Object Repository/Teacher and Grade/Page_View Grade Test ch  2 - ang chm/button_Lu v xem trang tip theo' is clicked on

2022-01-16 19:45:38 - [TEST_STEP][PASSED] - setText(findTestObject("Object Repository/Teacher and Grade/Page_View Grade Test ch  2 - ang chm/input_Grade out of 100_grade"), "89"): Text '89' is set on object 'Object Repository/Teacher and Grade/Page_View Grade Test ch  2 - ang chm/input_Grade out of 100_grade'

2022-01-16 19:45:41 - [MESSAGE][PASSED] - Text '89' is set on object 'Object Repository/Teacher and Grade/Page_View Grade Test ch  2 - ang chm/input_Grade out of 100_grade'

2022-01-16 19:45:41 - [TEST_STEP][PASSED] - click(findTestObject("Object Repository/Teacher and Grade/Page_View Grade Test ch  2 - ang chm/button_Lu v xem trang tip theo")): Object: 'Object Repository/Teacher and Grade/Page_View Grade Test ch  2 - ang chm/button_Lu v xem trang tip theo' is clicked on

2022-01-16 19:45:47 - [MESSAGE][INFO] - Unable to find the element located by 'By.xpath: //button[@id='yui_3_17_2_1_1641831592528_557']'. Please recheck the objects properties to make sure the desired element is located. 

2022-01-16 19:45:47 - [MESSAGE][WARNING] - [SELF-HEALING] Failed to find element with id 'Object Repository/Teacher and Grade/Page_View Grade Test ch  2 - ang chm/button_Lu v xem trang tip theo'. Try using Self-healing.

2022-01-16 19:45:47 - [MESSAGE][WARNING] - [SELF-HEALING] The current locator of test object 'Object Repository/Teacher and Grade/Page_View Grade Test ch  2 - ang chm/button_Lu v xem trang tip theo' was broken. Propose an alternative one: '(.//*[normalize-space(text()) and normalize-space(.)='Lưu những thay đổi'])[1]/following::button[1]'.

2022-01-16 19:45:48 - [MESSAGE][PASSED] - Object: 'Object Repository/Teacher and Grade/Page_View Grade Test ch  2 - ang chm/button_Lu v xem trang tip theo' is clicked on

2022-01-16 19:45:48 - [TEST_STEP][PASSED] - delay(5): Delayed 5 second(s)

2022-01-16 19:45:53 - [MESSAGE][PASSED] - Delayed 5 second(s)

2022-01-16 19:45:53 - [TEST_STEP][PASSED] - click(findTestObject("Object Repository/Teacher and Grade/Page_View Grade Test ch  2 - ang chm/a_Kho hc Test View Grade")): Object: 'Object Repository/Teacher and Grade/Page_View Grade Test ch  2 - ang chm/a_Kho hc Test View Grade' is clicked on

2022-01-16 19:45:59 - [MESSAGE][INFO] - Unable to find the element located by 'By.xpath: //a[@id='yui_3_17_2_1_1641831592528_2762']'. Please recheck the objects properties to make sure the desired element is located. 

2022-01-16 19:45:59 - [MESSAGE][WARNING] - [SELF-HEALING] Failed to find element with id 'Object Repository/Teacher and Grade/Page_View Grade Test ch  2 - ang chm/a_Kho hc Test View Grade'. Try using Self-healing.

2022-01-16 19:45:59 - [MESSAGE][WARNING] - [SELF-HEALING] The current locator of test object 'Object Repository/Teacher and Grade/Page_View Grade Test ch  2 - ang chm/a_Kho hc Test View Grade' was broken. Propose an alternative one: '//a[contains(text(),'Khoá học: Test View Grade')]'.

2022-01-16 19:46:00 - [MESSAGE][PASSED] - Object: 'Object Repository/Teacher and Grade/Page_View Grade Test ch  2 - ang chm/a_Kho hc Test View Grade' is clicked on

2022-01-16 19:46:00 - [TEST_STEP][PASSED] - click(findTestObject("Object Repository/Teacher and Grade/Page_Kha Test View Grade/a_Cng Bnh L")): Object: 'Object Repository/Teacher and Grade/Page_Kha Test View Grade/a_Cng Bnh L' is clicked on

2022-01-16 19:46:01 - [MESSAGE][PASSED] - Object: 'Object Repository/Teacher and Grade/Page_Kha Test View Grade/a_Cng Bnh L' is clicked on

2022-01-16 19:46:01 - [TEST_STEP][PASSED] - click(findTestObject("Object Repository/Teacher and Grade/Page_Kha Test View Grade/span_Thot")): Object: 'Object Repository/Teacher and Grade/Page_Kha Test View Grade/span_Thot' is clicked on

2022-01-16 19:46:03 - [MESSAGE][PASSED] - Object: 'Object Repository/Teacher and Grade/Page_Kha Test View Grade/span_Thot' is clicked on

2022-01-16 19:46:03 - [TEST_STEP][PASSED] - click(findTestObject("Object Repository/Teacher and Grade/Page_Local Moodle/a_Log in")): Object: 'Object Repository/Teacher and Grade/Page_Local Moodle/a_Log in' is clicked on

2022-01-16 19:46:04 - [MESSAGE][PASSED] - Object: 'Object Repository/Teacher and Grade/Page_Local Moodle/a_Log in' is clicked on

2022-01-16 19:46:04 - [TEST_STEP][PASSED] - setText(findTestObject("Object Repository/Teacher and Grade/Page_Local Moodle Log in to the site/input_Username_username"), "ndtthanh"): Text 'ndtthanh' is set on object 'Object Repository/Teacher and Grade/Page_Local Moodle Log in to the site/input_Username_username'

2022-01-16 19:46:04 - [MESSAGE][PASSED] - Text 'ndtthanh' is set on object 'Object Repository/Teacher and Grade/Page_Local Moodle Log in to the site/input_Username_username'

2022-01-16 19:46:04 - [TEST_STEP][PASSED] - setEncryptedText(findTestObject("Admin Site/Page_Local Moodle Log in to the site/input_Password_password"), "o5TCnEIIWq0Pz0TkrK1a2rpuWvRKVWz2"): Text ****** has been set on object 'Object Repository/Admin Site/Page_Local Moodle Log in to the site/input_Password_password'

2022-01-16 19:46:05 - [MESSAGE][PASSED] - Text ****** has been set on object 'Object Repository/Admin Site/Page_Local Moodle Log in to the site/input_Password_password'

2022-01-16 19:46:05 - [TEST_STEP][PASSED] - click(findTestObject("Object Repository/Teacher and Grade/Page_Local Moodle Log in to the site/button_Log in")): Object: 'Object Repository/Teacher and Grade/Page_Local Moodle Log in to the site/button_Log in' is clicked on

2022-01-16 19:46:07 - [MESSAGE][PASSED] - Object: 'Object Repository/Teacher and Grade/Page_Local Moodle Log in to the site/button_Log in' is clicked on

2022-01-16 19:46:07 - [TEST_STEP][PASSED] - click(findTestObject("Teacher and Grade/Page_Nh ca ti/span_Test View Grade")): Object: 'Object Repository/Teacher and Grade/Page_Nh ca ti/span_Test View Grade' is clicked on

2022-01-16 19:46:14 - [MESSAGE][INFO] - Unable to find the element located by 'By.xpath: //div[@id='course-info-container-6-8']/div/div/a/span[3]'. Please recheck the objects properties to make sure the desired element is located. 

2022-01-16 19:46:14 - [MESSAGE][WARNING] - [SELF-HEALING] Failed to find element with id 'Object Repository/Teacher and Grade/Page_Nh ca ti/span_Test View Grade'. Try using Self-healing.

2022-01-16 19:46:14 - [MESSAGE][WARNING] - [SELF-HEALING] The current locator of test object 'Object Repository/Teacher and Grade/Page_Nh ca ti/span_Test View Grade' was broken. Propose an alternative one: '(.//*[normalize-space(text()) and normalize-space(.)='Tên khóa học'])[2]/following::span[1]'.

2022-01-16 19:46:15 - [MESSAGE][PASSED] - Object: 'Object Repository/Teacher and Grade/Page_Nh ca ti/span_Test View Grade' is clicked on

2022-01-16 19:46:15 - [TEST_STEP][PASSED] - click(findTestObject("Object Repository/Teacher and Grade/Page_Kha Test View Grade/span_im s")): Object: 'Object Repository/Teacher and Grade/Page_Kha Test View Grade/span_im s' is clicked on

2022-01-16 19:46:17 - [MESSAGE][PASSED] - Object: 'Object Repository/Teacher and Grade/Page_Kha Test View Grade/span_im s' is clicked on

2022-01-16 19:46:17 - [TEST_STEP][PASSED] - verifyElementText(findTestObject("Object Repository/Teacher and Grade/Page_im s Xem/span_11,00"), "11,00"): Actual text and expected text of test object 'Object Repository/Teacher and Grade/Page_im s Xem/span_11,00' are matched.

2022-01-16 19:46:23 - [MESSAGE][INFO] - Unable to find the element located by 'By.xpath: //td[@id='u28i4']/span'. Please recheck the objects properties to make sure the desired element is located. 

2022-01-16 19:46:23 - [MESSAGE][WARNING] - [SELF-HEALING] Failed to find element with id 'Object Repository/Teacher and Grade/Page_im s Xem/span_11,00'. Try using Self-healing.

2022-01-16 19:46:24 - [MESSAGE][WARNING] - [SELF-HEALING] The current locator of test object 'Object Repository/Teacher and Grade/Page_im s Xem/span_11,00' was broken. Propose an alternative one: '(.//*[normalize-space(text()) and normalize-space(.)='s1@example.com'])[1]/following::span[3]'.

2022-01-16 19:46:24 - [MESSAGE][PASSED] - Actual text and expected text of test object 'Object Repository/Teacher and Grade/Page_im s Xem/span_11,00' are matched.

2022-01-16 19:46:24 - [TEST_STEP][PASSED] - verifyElementText(findTestObject("Object Repository/Teacher and Grade/Page_im s Xem/span_89,00"), "89,00"): Actual text and expected text of test object 'Object Repository/Teacher and Grade/Page_im s Xem/span_89,00' are matched.

2022-01-16 19:46:30 - [MESSAGE][INFO] - Unable to find the element located by 'By.xpath: //td[@id='u30i4']/span'. Please recheck the objects properties to make sure the desired element is located. 

2022-01-16 19:46:30 - [MESSAGE][WARNING] - [SELF-HEALING] Failed to find element with id 'Object Repository/Teacher and Grade/Page_im s Xem/span_89,00'. Try using Self-healing.

2022-01-16 19:46:30 - [MESSAGE][WARNING] - [SELF-HEALING] The current locator of test object 'Object Repository/Teacher and Grade/Page_im s Xem/span_89,00' was broken. Propose an alternative one: '(.//*[normalize-space(text()) and normalize-space(.)='s3@example.com'])[1]/following::span[3]'.

2022-01-16 19:46:30 - [MESSAGE][PASSED] - Actual text and expected text of test object 'Object Repository/Teacher and Grade/Page_im s Xem/span_89,00' are matched.

2022-01-16 19:46:30 - [TEST_STEP][PASSED] - verifyElementText(findTestObject("Object Repository/Teacher and Grade/Page_im s Xem/span_56,00"), "56,00"): Actual text and expected text of test object 'Object Repository/Teacher and Grade/Page_im s Xem/span_56,00' are matched.

2022-01-16 19:46:37 - [MESSAGE][INFO] - Unable to find the element located by 'By.xpath: //td[@id='u29i4']/span'. Please recheck the objects properties to make sure the desired element is located. 

2022-01-16 19:46:37 - [MESSAGE][WARNING] - [SELF-HEALING] Failed to find element with id 'Object Repository/Teacher and Grade/Page_im s Xem/span_56,00'. Try using Self-healing.

2022-01-16 19:46:37 - [MESSAGE][WARNING] - [SELF-HEALING] The current locator of test object 'Object Repository/Teacher and Grade/Page_im s Xem/span_56,00' was broken. Propose an alternative one: '(.//*[normalize-space(text()) and normalize-space(.)='s2@example.com'])[1]/following::span[3]'.

2022-01-16 19:46:37 - [MESSAGE][PASSED] - Actual text and expected text of test object 'Object Repository/Teacher and Grade/Page_im s Xem/span_56,00' are matched.

2022-01-16 19:46:37 - [TEST_STEP][PASSED] - closeBrowser(): Browser is closed

2022-01-16 19:46:38 - [MESSAGE][PASSED] - Browser is closed]]></system-out>
         <system-err><![CDATA[]]></system-err>
      </testcase>
      <testcase name="Test Cases/Create assignment/Create Assignment Set Availability" time="65.0" classname="Test Cases/Create assignment/Create Assignment Set Availability" status="PASSED">
         <system-out><![CDATA[2022-01-16 19:46:38 - [TEST_CASE][PASSED] - Test Cases/Create assignment/Create Assignment Set Availability: Test Cases/Create assignment/Create Assignment Set Availability

2022-01-16 19:46:39 - [TEST_STEP][PASSED] - openBrowser(""): Browser is opened with url: ''

2022-01-16 19:46:39 - [MESSAGE][INFO] - Starting 'Edge Chromium' driver

2022-01-16 19:46:41 - [MESSAGE][INFO] - Action delay is set to 0 milliseconds

2022-01-16 19:46:43 - [MESSAGE][PASSED] - Browser is opened with url: ''

2022-01-16 19:46:43 - [TEST_STEP][PASSED] - navigateToUrl("http://localhost/"): Navigate to 'http://localhost/' successfully

2022-01-16 19:46:45 - [MESSAGE][PASSED] - Navigate to 'http://localhost/' successfully

2022-01-16 19:46:45 - [TEST_STEP][PASSED] - click(findTestObject("Object Repository/Page_Local Moodle/a_Log in (8)")): Object: 'Object Repository/Page_Local Moodle/a_Log in (8)' is clicked on

2022-01-16 19:46:46 - [MESSAGE][PASSED] - Object: 'Object Repository/Page_Local Moodle/a_Log in (8)' is clicked on

2022-01-16 19:46:46 - [TEST_STEP][PASSED] - setText(findTestObject("Object Repository/Page_Local Moodle Log in to the site/input_Username_username (8)"), "robertle"): Text 'robertle' is set on object 'Object Repository/Page_Local Moodle Log in to the site/input_Username_username (8)'

2022-01-16 19:46:47 - [MESSAGE][PASSED] - Text 'robertle' is set on object 'Object Repository/Page_Local Moodle Log in to the site/input_Username_username (8)'

2022-01-16 19:46:47 - [TEST_STEP][PASSED] - setEncryptedText(findTestObject("Object Repository/Page_Local Moodle Log in to the site/input_Password_password (8)"), "e0iuw4o+VG38P/PfCbIZUw=="): Text ****** has been set on object 'Object Repository/Page_Local Moodle Log in to the site/input_Password_password (8)'

2022-01-16 19:46:47 - [MESSAGE][PASSED] - Text ****** has been set on object 'Object Repository/Page_Local Moodle Log in to the site/input_Password_password (8)'

2022-01-16 19:46:47 - [TEST_STEP][PASSED] - click(findTestObject("Object Repository/Page_Local Moodle Log in to the site/button_Log in (8)")): Object: 'Object Repository/Page_Local Moodle Log in to the site/button_Log in (8)' is clicked on

2022-01-16 19:46:50 - [MESSAGE][PASSED] - Object: 'Object Repository/Page_Local Moodle Log in to the site/button_Log in (8)' is clicked on

2022-01-16 19:46:50 - [TEST_STEP][PASSED] - click(findTestObject("Page_Nh ca ti/span_Software Engineering")): Object: 'Object Repository/Page_Nh ca ti/span_Software Engineering' is clicked on

2022-01-16 19:46:54 - [MESSAGE][PASSED] - Object: 'Object Repository/Page_Nh ca ti/span_Software Engineering' is clicked on

2022-01-16 19:46:54 - [TEST_STEP][PASSED] - click(findTestObject("Object Repository/Page_Kha Software Engineering/button_Bt ch  chnh sa (7)")): Object: 'Object Repository/Page_Kha Software Engineering/button_Bt ch  chnh sa (7)' is clicked on

2022-01-16 19:47:00 - [MESSAGE][INFO] - Unable to find the element located by 'By.xpath: //button[@id='single_button61dd945f772791']'. Please recheck the objects properties to make sure the desired element is located. 

2022-01-16 19:47:00 - [MESSAGE][WARNING] - [SELF-HEALING] Failed to find element with id 'Object Repository/Page_Kha Software Engineering/button_Bt ch  chnh sa (7)'. Try using Self-healing.

2022-01-16 19:47:00 - [MESSAGE][WARNING] - [SELF-HEALING] The current locator of test object 'Object Repository/Page_Kha Software Engineering/button_Bt ch  chnh sa (7)' was broken. Propose an alternative one: '//form/button'.

2022-01-16 19:47:02 - [MESSAGE][PASSED] - Object: 'Object Repository/Page_Kha Software Engineering/button_Bt ch  chnh sa (7)' is clicked on

2022-01-16 19:47:02 - [TEST_STEP][PASSED] - click(findTestObject("Object Repository/Page_Kha Software Engineering/span_Thm hot ng hoc ti nguyn (4)")): Object: 'Object Repository/Page_Kha Software Engineering/span_Thm hot ng hoc ti nguyn (4)' is clicked on

2022-01-16 19:47:08 - [MESSAGE][INFO] - Unable to find the element located by 'By.xpath: //span[@id='yui_3_17_2_1_1641911395881_621']'. Please recheck the objects properties to make sure the desired element is located. 

2022-01-16 19:47:08 - [MESSAGE][WARNING] - [SELF-HEALING] Failed to find element with id 'Object Repository/Page_Kha Software Engineering/span_Thm hot ng hoc ti nguyn (4)'. Try using Self-healing.

2022-01-16 19:47:08 - [MESSAGE][WARNING] - [SELF-HEALING] The current locator of test object 'Object Repository/Page_Kha Software Engineering/span_Thm hot ng hoc ti nguyn (4)' was broken. Propose an alternative one: '(.//*[normalize-space(text()) and normalize-space(.)='Thêm tập tin ở đây'])[3]/following::span[1]'.

2022-01-16 19:47:09 - [MESSAGE][PASSED] - Object: 'Object Repository/Page_Kha Software Engineering/span_Thm hot ng hoc ti nguyn (4)' is clicked on

2022-01-16 19:47:09 - [TEST_STEP][PASSED] - click(findTestObject("Object Repository/Page_Kha Software Engineering/a_Bi tp (5)")): Object: 'Object Repository/Page_Kha Software Engineering/a_Bi tp (5)' is clicked on

2022-01-16 19:47:15 - [MESSAGE][INFO] - Unable to find the element located by 'By.xpath: //div[@id='all-4']/div/div[3]/div/a'. Please recheck the objects properties to make sure the desired element is located. 

2022-01-16 19:47:15 - [MESSAGE][WARNING] - [SELF-HEALING] Failed to find element with id 'Object Repository/Page_Kha Software Engineering/a_Bi tp (5)'. Try using Self-healing.

2022-01-16 19:47:16 - [MESSAGE][WARNING] - [SELF-HEALING] The current locator of test object 'Object Repository/Page_Kha Software Engineering/a_Bi tp (5)' was broken. Propose an alternative one: '(.//*[normalize-space(text()) and normalize-space(.)='Bài học'])[1]/following::a[1]'.

2022-01-16 19:47:20 - [MESSAGE][PASSED] - Object: 'Object Repository/Page_Kha Software Engineering/a_Bi tp (5)' is clicked on

2022-01-16 19:47:20 - [TEST_STEP][PASSED] - setText(findTestObject("Object Repository/Page_Bin son Bi tp/input_Tn bi tp_name (7)"), "Availability"): Text 'Availability' is set on object 'Object Repository/Page_Bin son Bi tp/input_Tn bi tp_name (7)'

2022-01-16 19:47:22 - [MESSAGE][PASSED] - Text 'Availability' is set on object 'Object Repository/Page_Bin son Bi tp/input_Tn bi tp_name (7)'

2022-01-16 19:47:22 - [TEST_STEP][PASSED] - selectOptionByValue(findTestObject("Object Repository/Page_Bin son Bi tp/select_1        2        3        4        _45ea30"), "12", true): All options with value '12' are selected in object 'Object Repository/Page_Bin son Bi tp/select_1        2        3        4        _45ea30'  using regular expression

2022-01-16 19:47:24 - [MESSAGE][PASSED] - All options with value '12' are selected in object 'Object Repository/Page_Bin son Bi tp/select_1        2        3        4        _45ea30'  using regular expression

2022-01-16 19:47:24 - [TEST_STEP][PASSED] - selectOptionByValue(findTestObject("Object Repository/Page_Bin son Bi tp/select_1        2        3        4        _45ea30_1"), "19", true): All options with value '19' are selected in object 'Object Repository/Page_Bin son Bi tp/select_1        2        3        4        _45ea30_1'  using regular expression

2022-01-16 19:47:26 - [MESSAGE][PASSED] - All options with value '19' are selected in object 'Object Repository/Page_Bin son Bi tp/select_1        2        3        4        _45ea30_1'  using regular expression

2022-01-16 19:47:26 - [TEST_STEP][PASSED] - selectOptionByValue(findTestObject("Object Repository/Page_Bin son Bi tp/select_1        2        3        4        _45ea30_1_2"), "20", true): All options with value '20' are selected in object 'Object Repository/Page_Bin son Bi tp/select_1        2        3        4        _45ea30_1_2'  using regular expression

2022-01-16 19:47:28 - [MESSAGE][PASSED] - All options with value '20' are selected in object 'Object Repository/Page_Bin son Bi tp/select_1        2        3        4        _45ea30_1_2'  using regular expression

2022-01-16 19:47:28 - [TEST_STEP][PASSED] - click(findTestObject("Object Repository/Page_Bin son Bi tp/input_Upon activity completion_submitbutton2 (7)")): Object: 'Object Repository/Page_Bin son Bi tp/input_Upon activity completion_submitbutton2 (7)' is clicked on

2022-01-16 19:47:31 - [MESSAGE][PASSED] - Object: 'Object Repository/Page_Bin son Bi tp/input_Upon activity completion_submitbutton2 (7)' is clicked on

2022-01-16 19:47:31 - [TEST_STEP][PASSED] - click(findTestObject("Object Repository/Page_Kha Software Engineering/a_Robert Le (7)")): Object: 'Object Repository/Page_Kha Software Engineering/a_Robert Le (7)' is clicked on

2022-01-16 19:47:32 - [MESSAGE][PASSED] - Object: 'Object Repository/Page_Kha Software Engineering/a_Robert Le (7)' is clicked on

2022-01-16 19:47:32 - [TEST_STEP][PASSED] - click(findTestObject("Object Repository/Page_Kha Software Engineering/a_Thot (6)")): Object: 'Object Repository/Page_Kha Software Engineering/a_Thot (6)' is clicked on

2022-01-16 19:47:34 - [MESSAGE][PASSED] - Object: 'Object Repository/Page_Kha Software Engineering/a_Thot (6)' is clicked on

2022-01-16 19:47:34 - [TEST_STEP][PASSED] - click(findTestObject("Object Repository/Page_Local Moodle/a_Log in (8)")): Object: 'Object Repository/Page_Local Moodle/a_Log in (8)' is clicked on

2022-01-16 19:47:35 - [MESSAGE][PASSED] - Object: 'Object Repository/Page_Local Moodle/a_Log in (8)' is clicked on

2022-01-16 19:47:35 - [TEST_STEP][PASSED] - setText(findTestObject("Object Repository/Page_Local Moodle Log in to the site/input_Username_username (8)"), "hocvien"): Text 'hocvien' is set on object 'Object Repository/Page_Local Moodle Log in to the site/input_Username_username (8)'

2022-01-16 19:47:36 - [MESSAGE][PASSED] - Text 'hocvien' is set on object 'Object Repository/Page_Local Moodle Log in to the site/input_Username_username (8)'

2022-01-16 19:47:36 - [TEST_STEP][PASSED] - setEncryptedText(findTestObject("Object Repository/Page_Local Moodle Log in to the site/input_Password_password (8)"), "e0iuw4o+VG38P/PfCbIZUw=="): Text ****** has been set on object 'Object Repository/Page_Local Moodle Log in to the site/input_Password_password (8)'

2022-01-16 19:47:36 - [MESSAGE][PASSED] - Text ****** has been set on object 'Object Repository/Page_Local Moodle Log in to the site/input_Password_password (8)'

2022-01-16 19:47:36 - [TEST_STEP][PASSED] - click(findTestObject("Object Repository/Page_Local Moodle Log in to the site/button_Log in (8)")): Object: 'Object Repository/Page_Local Moodle Log in to the site/button_Log in (8)' is clicked on

2022-01-16 19:47:39 - [MESSAGE][PASSED] - Object: 'Object Repository/Page_Local Moodle Log in to the site/button_Log in (8)' is clicked on

2022-01-16 19:47:39 - [TEST_STEP][PASSED] - click(findTestObject("Page_Nh ca ti/span_Software Engineering")): Object: 'Object Repository/Page_Nh ca ti/span_Software Engineering' is clicked on

2022-01-16 19:47:42 - [MESSAGE][PASSED] - Object: 'Object Repository/Page_Nh ca ti/span_Software Engineering' is clicked on

2022-01-16 19:47:42 - [TEST_STEP][PASSED] - closeBrowser(): Browser is closed

2022-01-16 19:47:43 - [MESSAGE][PASSED] - Browser is closed]]></system-out>
         <system-err><![CDATA[]]></system-err>
      </testcase>
      <testcase name="Test Cases/Create assignment/Create Assignment Set Full" time="101.699" classname="Test Cases/Create assignment/Create Assignment Set Full" status="PASSED">
         <system-out><![CDATA[2022-01-16 19:47:43 - [TEST_CASE][PASSED] - Test Cases/Create assignment/Create Assignment Set Full: Test Cases/Create assignment/Create Assignment Set Full

2022-01-16 19:47:44 - [TEST_STEP][PASSED] - openBrowser(""): Browser is opened with url: ''

2022-01-16 19:47:44 - [MESSAGE][INFO] - Starting 'Edge Chromium' driver

2022-01-16 19:47:46 - [MESSAGE][INFO] - Action delay is set to 0 milliseconds

2022-01-16 19:47:48 - [MESSAGE][PASSED] - Browser is opened with url: ''

2022-01-16 19:47:48 - [TEST_STEP][PASSED] - navigateToUrl("http://localhost/"): Navigate to 'http://localhost/' successfully

2022-01-16 19:47:50 - [MESSAGE][PASSED] - Navigate to 'http://localhost/' successfully

2022-01-16 19:47:50 - [TEST_STEP][PASSED] - click(findTestObject("Object Repository/Page_Local Moodle/a_Log in (13)")): Object: 'Object Repository/Page_Local Moodle/a_Log in (13)' is clicked on

2022-01-16 19:47:51 - [MESSAGE][PASSED] - Object: 'Object Repository/Page_Local Moodle/a_Log in (13)' is clicked on

2022-01-16 19:47:51 - [TEST_STEP][PASSED] - setText(findTestObject("Object Repository/Page_Local Moodle Log in to the site/input_Username_username (13)"), "robertle"): Text 'robertle' is set on object 'Object Repository/Page_Local Moodle Log in to the site/input_Username_username (13)'

2022-01-16 19:47:52 - [MESSAGE][PASSED] - Text 'robertle' is set on object 'Object Repository/Page_Local Moodle Log in to the site/input_Username_username (13)'

2022-01-16 19:47:52 - [TEST_STEP][PASSED] - setEncryptedText(findTestObject("Object Repository/Page_Local Moodle Log in to the site/input_Password_password (13)"), "e0iuw4o+VG38P/PfCbIZUw=="): Text ****** has been set on object 'Object Repository/Page_Local Moodle Log in to the site/input_Password_password (13)'

2022-01-16 19:47:53 - [MESSAGE][PASSED] - Text ****** has been set on object 'Object Repository/Page_Local Moodle Log in to the site/input_Password_password (13)'

2022-01-16 19:47:53 - [TEST_STEP][PASSED] - click(findTestObject("Object Repository/Page_Local Moodle Log in to the site/button_Log in (13)")): Object: 'Object Repository/Page_Local Moodle Log in to the site/button_Log in (13)' is clicked on

2022-01-16 19:47:55 - [MESSAGE][PASSED] - Object: 'Object Repository/Page_Local Moodle Log in to the site/button_Log in (13)' is clicked on

2022-01-16 19:47:55 - [TEST_STEP][PASSED] - click(findTestObject("Page_Nh ca ti/span_Software Engineering")): Object: 'Object Repository/Page_Nh ca ti/span_Software Engineering' is clicked on

2022-01-16 19:47:58 - [MESSAGE][PASSED] - Object: 'Object Repository/Page_Nh ca ti/span_Software Engineering' is clicked on

2022-01-16 19:47:58 - [TEST_STEP][PASSED] - click(findTestObject("Object Repository/Page_Kha Software Engineering/button_Bt ch  chnh sa (12)")): Object: 'Object Repository/Page_Kha Software Engineering/button_Bt ch  chnh sa (12)' is clicked on

2022-01-16 19:48:05 - [MESSAGE][INFO] - Unable to find the element located by 'By.xpath: //button[@id='single_button61dda179335d11']'. Please recheck the objects properties to make sure the desired element is located. 

2022-01-16 19:48:05 - [MESSAGE][WARNING] - [SELF-HEALING] Failed to find element with id 'Object Repository/Page_Kha Software Engineering/button_Bt ch  chnh sa (12)'. Try using Self-healing.

2022-01-16 19:48:05 - [MESSAGE][WARNING] - [SELF-HEALING] The current locator of test object 'Object Repository/Page_Kha Software Engineering/button_Bt ch  chnh sa (12)' was broken. Propose an alternative one: '//header[@id='page-header']/div/div/div/div[2]/div[2]/div/form/button'.

2022-01-16 19:48:06 - [MESSAGE][PASSED] - Object: 'Object Repository/Page_Kha Software Engineering/button_Bt ch  chnh sa (12)' is clicked on

2022-01-16 19:48:06 - [TEST_STEP][PASSED] - click(findTestObject("Object Repository/Page_Kha Software Engineering/span_Thm hot ng hoc ti nguyn (6)")): Object: 'Object Repository/Page_Kha Software Engineering/span_Thm hot ng hoc ti nguyn (6)' is clicked on

2022-01-16 19:48:13 - [MESSAGE][INFO] - Unable to find the element located by 'By.xpath: //span[@id='yui_3_17_2_1_1641914748145_619']'. Please recheck the objects properties to make sure the desired element is located. 

2022-01-16 19:48:13 - [MESSAGE][WARNING] - [SELF-HEALING] Failed to find element with id 'Object Repository/Page_Kha Software Engineering/span_Thm hot ng hoc ti nguyn (6)'. Try using Self-healing.

2022-01-16 19:48:13 - [MESSAGE][WARNING] - [SELF-HEALING] The current locator of test object 'Object Repository/Page_Kha Software Engineering/span_Thm hot ng hoc ti nguyn (6)' was broken. Propose an alternative one: '(.//*[normalize-space(text()) and normalize-space(.)='Thêm tập tin ở đây'])[3]/following::span[1]'.

2022-01-16 19:48:13 - [MESSAGE][PASSED] - Object: 'Object Repository/Page_Kha Software Engineering/span_Thm hot ng hoc ti nguyn (6)' is clicked on

2022-01-16 19:48:13 - [TEST_STEP][PASSED] - click(findTestObject("Object Repository/Page_Kha Software Engineering/div_Thng tin v  Bi hc hot ng_optionicon mt-_6d37dc (3)")): Object: 'Object Repository/Page_Kha Software Engineering/div_Thng tin v  Bi hc hot ng_optionicon mt-_6d37dc (3)' is clicked on

2022-01-16 19:48:20 - [MESSAGE][INFO] - Unable to find the element located by 'By.xpath: //div[@id='all-4']/div/div[3]/div/a/div'. Please recheck the objects properties to make sure the desired element is located. 

2022-01-16 19:48:20 - [MESSAGE][WARNING] - [SELF-HEALING] Failed to find element with id 'Object Repository/Page_Kha Software Engineering/div_Thng tin v  Bi hc hot ng_optionicon mt-_6d37dc (3)'. Try using Self-healing.

2022-01-16 19:48:20 - [MESSAGE][WARNING] - [SELF-HEALING] The current locator of test object 'Object Repository/Page_Kha Software Engineering/div_Thng tin v  Bi hc hot ng_optionicon mt-_6d37dc (3)' was broken. Propose an alternative one: '(.//*[normalize-space(text()) and normalize-space(.)='Bài học'])[1]/following::div[4]'.

2022-01-16 19:48:23 - [MESSAGE][PASSED] - Object: 'Object Repository/Page_Kha Software Engineering/div_Thng tin v  Bi hc hot ng_optionicon mt-_6d37dc (3)' is clicked on

2022-01-16 19:48:23 - [TEST_STEP][PASSED] - setText(findTestObject("Object Repository/Page_Bin son Bi tp/input_Tn bi tp_name (12)"), "Assignment Full"): Text 'Assignment Full' is set on object 'Object Repository/Page_Bin son Bi tp/input_Tn bi tp_name (12)'

2022-01-16 19:48:25 - [MESSAGE][PASSED] - Text 'Assignment Full' is set on object 'Object Repository/Page_Bin son Bi tp/input_Tn bi tp_name (12)'

2022-01-16 19:48:25 - [TEST_STEP][PASSED] - setText(findTestObject("Object Repository/Page_Bin son Bi tp/div_To assignment y"), "<p dir="ltr" style="text-align: left;">Tạo assignment đầy đủ.</p>"): Text '<p dir="ltr" style="text-align: left;">Tạo assignment đầy đủ.</p>' is set on object 'Object Repository/Page_Bin son Bi tp/div_To assignment y'

2022-01-16 19:48:27 - [MESSAGE][PASSED] - Text '<p dir="ltr" style="text-align: left;">Tạo assignment đầy đủ.</p>' is set on object 'Object Repository/Page_Bin son Bi tp/div_To assignment y'

2022-01-16 19:48:27 - [TEST_STEP][PASSED] - selectOptionByValue(findTestObject("Object Repository/Page_Bin son Bi tp/select_1        2        3        4        _45ea30 (1)"), "12", true): All options with value '12' are selected in object 'Object Repository/Page_Bin son Bi tp/select_1        2        3        4        _45ea30 (1)'  using regular expression

2022-01-16 19:48:29 - [MESSAGE][PASSED] - All options with value '12' are selected in object 'Object Repository/Page_Bin son Bi tp/select_1        2        3        4        _45ea30 (1)'  using regular expression

2022-01-16 19:48:29 - [TEST_STEP][PASSED] - selectOptionByValue(findTestObject("Object Repository/Page_Bin son Bi tp/select_1        2        3        4        _45ea30_1 (1)"), "20", true): All options with value '20' are selected in object 'Object Repository/Page_Bin son Bi tp/select_1        2        3        4        _45ea30_1 (1)'  using regular expression

2022-01-16 19:48:31 - [MESSAGE][PASSED] - All options with value '20' are selected in object 'Object Repository/Page_Bin son Bi tp/select_1        2        3        4        _45ea30_1 (1)'  using regular expression

2022-01-16 19:48:31 - [TEST_STEP][PASSED] - selectOptionByValue(findTestObject("Object Repository/Page_Bin son Bi tp/select_1        2        3        4        _45ea30_1_2 (1)"), "21", true): All options with value '21' are selected in object 'Object Repository/Page_Bin son Bi tp/select_1        2        3        4        _45ea30_1_2 (1)'  using regular expression

2022-01-16 19:48:33 - [MESSAGE][PASSED] - All options with value '21' are selected in object 'Object Repository/Page_Bin son Bi tp/select_1        2        3        4        _45ea30_1_2 (1)'  using regular expression

2022-01-16 19:48:33 - [TEST_STEP][PASSED] - selectOptionByValue(findTestObject("Object Repository/Page_Bin son Bi tp/select_1            2            3         _f84cd8 (1)"), "15", true): All options with value '15' are selected in object 'Object Repository/Page_Bin son Bi tp/select_1            2            3         _f84cd8 (1)'  using regular expression

2022-01-16 19:48:35 - [MESSAGE][PASSED] - All options with value '15' are selected in object 'Object Repository/Page_Bin son Bi tp/select_1            2            3         _f84cd8 (1)'  using regular expression

2022-01-16 19:48:35 - [TEST_STEP][PASSED] - click(findTestObject("Object Repository/Page_Bin son Bi tp/input_Cc loi tp tin c chp nhn_yui_3_17_2_1__c57195")): Object: 'Object Repository/Page_Bin son Bi tp/input_Cc loi tp tin c chp nhn_yui_3_17_2_1__c57195' is clicked on

2022-01-16 19:48:41 - [MESSAGE][INFO] - Unable to find the element located by 'By.xpath: //input[@id='yui_3_17_2_1_1641914753929_1712']'. Please recheck the objects properties to make sure the desired element is located. 

2022-01-16 19:48:41 - [MESSAGE][WARNING] - [SELF-HEALING] Failed to find element with id 'Object Repository/Page_Bin son Bi tp/input_Cc loi tp tin c chp nhn_yui_3_17_2_1__c57195'. Try using Self-healing.

2022-01-16 19:48:41 - [MESSAGE][WARNING] - [SELF-HEALING] The current locator of test object 'Object Repository/Page_Bin son Bi tp/input_Cc loi tp tin c chp nhn_yui_3_17_2_1__c57195' was broken. Propose an alternative one: '//fieldset/div/span/input'.

2022-01-16 19:48:41 - [MESSAGE][PASSED] - Object: 'Object Repository/Page_Bin son Bi tp/input_Cc loi tp tin c chp nhn_yui_3_17_2_1__c57195' is clicked on

2022-01-16 19:48:41 - [TEST_STEP][PASSED] - click(findTestObject("Object Repository/Page_Bin son Bi tp/input_All file types_yui_3_17_2_1_164191475_b6e702")): Object: 'Object Repository/Page_Bin son Bi tp/input_All file types_yui_3_17_2_1_164191475_b6e702' is clicked on

2022-01-16 19:48:48 - [MESSAGE][INFO] - Unable to find the element located by 'By.xpath: //input[@id='yui_3_17_2_1_1641914753929_1743']'. Please recheck the objects properties to make sure the desired element is located. 

2022-01-16 19:48:48 - [MESSAGE][WARNING] - [SELF-HEALING] Failed to find element with id 'Object Repository/Page_Bin son Bi tp/input_All file types_yui_3_17_2_1_164191475_b6e702'. Try using Self-healing.

2022-01-16 19:48:48 - [MESSAGE][WARNING] - [SELF-HEALING] The current locator of test object 'Object Repository/Page_Bin son Bi tp/input_All file types_yui_3_17_2_1_164191475_b6e702' was broken. Propose an alternative one: '//div[2]/label/input'.

2022-01-16 19:48:48 - [MESSAGE][PASSED] - Object: 'Object Repository/Page_Bin son Bi tp/input_All file types_yui_3_17_2_1_164191475_b6e702' is clicked on

2022-01-16 19:48:48 - [TEST_STEP][PASSED] - click(findTestObject("Object Repository/Page_Bin son Bi tp/input_tgz_yui_3_17_2_1_1641914753929_1776")): Object: 'Object Repository/Page_Bin son Bi tp/input_tgz_yui_3_17_2_1_1641914753929_1776' is clicked on

2022-01-16 19:48:55 - [MESSAGE][INFO] - Unable to find the element located by 'By.xpath: //input[@id='yui_3_17_2_1_1641914753929_1776']'. Please recheck the objects properties to make sure the desired element is located. 

2022-01-16 19:48:55 - [MESSAGE][WARNING] - [SELF-HEALING] Failed to find element with id 'Object Repository/Page_Bin son Bi tp/input_tgz_yui_3_17_2_1_1641914753929_1776'. Try using Self-healing.

2022-01-16 19:48:55 - [MESSAGE][WARNING] - [SELF-HEALING] The current locator of test object 'Object Repository/Page_Bin son Bi tp/input_tgz_yui_3_17_2_1_1641914753929_1776' was broken. Propose an alternative one: '//li[13]/label/input'.

2022-01-16 19:48:55 - [MESSAGE][PASSED] - Object: 'Object Repository/Page_Bin son Bi tp/input_tgz_yui_3_17_2_1_1641914753929_1776' is clicked on

2022-01-16 19:48:55 - [TEST_STEP][PASSED] - click(findTestObject("Object Repository/Page_Bin son Bi tp/button_Lu nhng thay i (3)")): Object: 'Object Repository/Page_Bin son Bi tp/button_Lu nhng thay i (3)' is clicked on

2022-01-16 19:49:01 - [MESSAGE][INFO] - Unable to find the element located by 'By.xpath: //button[@id='yui_3_17_2_1_1641914753929_1784']'. Please recheck the objects properties to make sure the desired element is located. 

2022-01-16 19:49:01 - [MESSAGE][WARNING] - [SELF-HEALING] Failed to find element with id 'Object Repository/Page_Bin son Bi tp/button_Lu nhng thay i (3)'. Try using Self-healing.

2022-01-16 19:49:02 - [MESSAGE][WARNING] - [SELF-HEALING] The current locator of test object 'Object Repository/Page_Bin son Bi tp/button_Lu nhng thay i (3)' was broken. Propose an alternative one: '(.//*[normalize-space(text()) and normalize-space(.)='.cpp'])[1]/following::button[1]'.

2022-01-16 19:49:02 - [MESSAGE][PASSED] - Object: 'Object Repository/Page_Bin son Bi tp/button_Lu nhng thay i (3)' is clicked on

2022-01-16 19:49:02 - [TEST_STEP][PASSED] - click(findTestObject("Object Repository/Page_Bin son Bi tp/input_Upon activity completion_submitbutton2 (12)")): Object: 'Object Repository/Page_Bin son Bi tp/input_Upon activity completion_submitbutton2 (12)' is clicked on

2022-01-16 19:49:05 - [MESSAGE][PASSED] - Object: 'Object Repository/Page_Bin son Bi tp/input_Upon activity completion_submitbutton2 (12)' is clicked on

2022-01-16 19:49:05 - [TEST_STEP][PASSED] - click(findTestObject("Object Repository/Page_Kha Software Engineering/a_Robert Le (12)")): Object: 'Object Repository/Page_Kha Software Engineering/a_Robert Le (12)' is clicked on

2022-01-16 19:49:06 - [MESSAGE][PASSED] - Object: 'Object Repository/Page_Kha Software Engineering/a_Robert Le (12)' is clicked on

2022-01-16 19:49:06 - [TEST_STEP][PASSED] - click(findTestObject("Object Repository/Page_Kha Software Engineering/a_Thot (11)")): Object: 'Object Repository/Page_Kha Software Engineering/a_Thot (11)' is clicked on

2022-01-16 19:49:07 - [MESSAGE][PASSED] - Object: 'Object Repository/Page_Kha Software Engineering/a_Thot (11)' is clicked on

2022-01-16 19:49:07 - [TEST_STEP][PASSED] - click(findTestObject("Object Repository/Page_Local Moodle/a_Log in (13)")): Object: 'Object Repository/Page_Local Moodle/a_Log in (13)' is clicked on

2022-01-16 19:49:08 - [MESSAGE][PASSED] - Object: 'Object Repository/Page_Local Moodle/a_Log in (13)' is clicked on

2022-01-16 19:49:08 - [TEST_STEP][PASSED] - setText(findTestObject("Object Repository/Page_Local Moodle Log in to the site/input_Username_username (13)"), "hocvien"): Text 'hocvien' is set on object 'Object Repository/Page_Local Moodle Log in to the site/input_Username_username (13)'

2022-01-16 19:49:09 - [MESSAGE][PASSED] - Text 'hocvien' is set on object 'Object Repository/Page_Local Moodle Log in to the site/input_Username_username (13)'

2022-01-16 19:49:09 - [TEST_STEP][PASSED] - setEncryptedText(findTestObject("Object Repository/Page_Local Moodle Log in to the site/input_Password_password (13)"), "e0iuw4o+VG38P/PfCbIZUw=="): Text ****** has been set on object 'Object Repository/Page_Local Moodle Log in to the site/input_Password_password (13)'

2022-01-16 19:49:10 - [MESSAGE][PASSED] - Text ****** has been set on object 'Object Repository/Page_Local Moodle Log in to the site/input_Password_password (13)'

2022-01-16 19:49:10 - [TEST_STEP][PASSED] - click(findTestObject("Object Repository/Page_Local Moodle Log in to the site/button_Log in (13)")): Object: 'Object Repository/Page_Local Moodle Log in to the site/button_Log in (13)' is clicked on

2022-01-16 19:49:12 - [MESSAGE][PASSED] - Object: 'Object Repository/Page_Local Moodle Log in to the site/button_Log in (13)' is clicked on

2022-01-16 19:49:12 - [TEST_STEP][PASSED] - click(findTestObject("Page_Nh ca ti/span_Software Engineering")): Object: 'Object Repository/Page_Nh ca ti/span_Software Engineering' is clicked on

2022-01-16 19:49:16 - [MESSAGE][PASSED] - Object: 'Object Repository/Page_Nh ca ti/span_Software Engineering' is clicked on

2022-01-16 19:49:16 - [TEST_STEP][PASSED] - click(findTestObject("Object Repository/Page_Kha Software Engineering/span_Assignment Full Bi tp")): Object: 'Object Repository/Page_Kha Software Engineering/span_Assignment Full Bi tp' is clicked on

2022-01-16 19:49:22 - [MESSAGE][INFO] - Unable to find the element located by 'By.xpath: //li[@id='module-26']/div/div/div[2]/div/a/span'. Please recheck the objects properties to make sure the desired element is located. 

2022-01-16 19:49:22 - [MESSAGE][WARNING] - [SELF-HEALING] Failed to find element with id 'Object Repository/Page_Kha Software Engineering/span_Assignment Full Bi tp'. Try using Self-healing.

2022-01-16 19:49:23 - [MESSAGE][WARNING] - [SELF-HEALING] The current locator of test object 'Object Repository/Page_Kha Software Engineering/span_Assignment Full Bi tp' was broken. Propose an alternative one: '//*/text()[normalize-space(.)='Assignment Full']/parent::*'.

2022-01-16 19:49:24 - [MESSAGE][PASSED] - Object: 'Object Repository/Page_Kha Software Engineering/span_Assignment Full Bi tp' is clicked on

2022-01-16 19:49:24 - [TEST_STEP][PASSED] - closeBrowser(): Browser is closed

2022-01-16 19:49:25 - [MESSAGE][PASSED] - Browser is closed]]></system-out>
         <system-err><![CDATA[]]></system-err>
      </testcase>
      <testcase name="Test Cases/Create assignment/Create Assignment Set Online Text" time="69.083" classname="Test Cases/Create assignment/Create Assignment Set Online Text" status="PASSED">
         <system-out><![CDATA[2022-01-16 19:49:25 - [TEST_CASE][PASSED] - Test Cases/Create assignment/Create Assignment Set Online Text: Test Cases/Create assignment/Create Assignment Set Online Text

2022-01-16 19:49:26 - [TEST_STEP][PASSED] - openBrowser(""): Browser is opened with url: ''

2022-01-16 19:49:26 - [MESSAGE][INFO] - Starting 'Edge Chromium' driver

2022-01-16 19:49:28 - [MESSAGE][INFO] - Action delay is set to 0 milliseconds

2022-01-16 19:49:29 - [MESSAGE][PASSED] - Browser is opened with url: ''

2022-01-16 19:49:29 - [TEST_STEP][PASSED] - navigateToUrl("http://localhost/"): Navigate to 'http://localhost/' successfully

2022-01-16 19:49:31 - [MESSAGE][PASSED] - Navigate to 'http://localhost/' successfully

2022-01-16 19:49:31 - [TEST_STEP][PASSED] - click(findTestObject("Object Repository/Page_Local Moodle/a_Log in (11)")): Object: 'Object Repository/Page_Local Moodle/a_Log in (11)' is clicked on

2022-01-16 19:49:32 - [MESSAGE][PASSED] - Object: 'Object Repository/Page_Local Moodle/a_Log in (11)' is clicked on

2022-01-16 19:49:32 - [TEST_STEP][PASSED] - setText(findTestObject("Object Repository/Page_Local Moodle Log in to the site/input_Username_username (11)"), "robertle"): Text 'robertle' is set on object 'Object Repository/Page_Local Moodle Log in to the site/input_Username_username (11)'

2022-01-16 19:49:33 - [MESSAGE][PASSED] - Text 'robertle' is set on object 'Object Repository/Page_Local Moodle Log in to the site/input_Username_username (11)'

2022-01-16 19:49:33 - [TEST_STEP][PASSED] - setEncryptedText(findTestObject("Object Repository/Page_Local Moodle Log in to the site/input_Password_password (11)"), "e0iuw4o+VG38P/PfCbIZUw=="): Text ****** has been set on object 'Object Repository/Page_Local Moodle Log in to the site/input_Password_password (11)'

2022-01-16 19:49:34 - [MESSAGE][PASSED] - Text ****** has been set on object 'Object Repository/Page_Local Moodle Log in to the site/input_Password_password (11)'

2022-01-16 19:49:34 - [TEST_STEP][PASSED] - click(findTestObject("Object Repository/Page_Local Moodle Log in to the site/button_Log in (11)")): Object: 'Object Repository/Page_Local Moodle Log in to the site/button_Log in (11)' is clicked on

2022-01-16 19:49:37 - [MESSAGE][PASSED] - Object: 'Object Repository/Page_Local Moodle Log in to the site/button_Log in (11)' is clicked on

2022-01-16 19:49:37 - [TEST_STEP][PASSED] - click(findTestObject("Page_Nh ca ti/span_Software Engineering")): Object: 'Object Repository/Page_Nh ca ti/span_Software Engineering' is clicked on

2022-01-16 19:49:40 - [MESSAGE][PASSED] - Object: 'Object Repository/Page_Nh ca ti/span_Software Engineering' is clicked on

2022-01-16 19:49:40 - [TEST_STEP][PASSED] - click(findTestObject("Object Repository/Page_Kha Software Engineering/button_Bt ch  chnh sa (10)")): Object: 'Object Repository/Page_Kha Software Engineering/button_Bt ch  chnh sa (10)' is clicked on

2022-01-16 19:49:47 - [MESSAGE][INFO] - Unable to find the element located by 'By.xpath: //button[@id='single_button61dd9879112831']'. Please recheck the objects properties to make sure the desired element is located. 

2022-01-16 19:49:47 - [MESSAGE][WARNING] - [SELF-HEALING] Failed to find element with id 'Object Repository/Page_Kha Software Engineering/button_Bt ch  chnh sa (10)'. Try using Self-healing.

2022-01-16 19:49:47 - [MESSAGE][WARNING] - [SELF-HEALING] The current locator of test object 'Object Repository/Page_Kha Software Engineering/button_Bt ch  chnh sa (10)' was broken. Propose an alternative one: '//header[@id='page-header']/div/div/div/div[2]/div[2]/div/form/button'.

2022-01-16 19:49:48 - [MESSAGE][PASSED] - Object: 'Object Repository/Page_Kha Software Engineering/button_Bt ch  chnh sa (10)' is clicked on

2022-01-16 19:49:48 - [TEST_STEP][PASSED] - click(findTestObject("Object Repository/Page_Kha Software Engineering/button_Thm hot ng hoc ti nguyn (4)")): Object: 'Object Repository/Page_Kha Software Engineering/button_Thm hot ng hoc ti nguyn (4)' is clicked on

2022-01-16 19:49:55 - [MESSAGE][INFO] - Unable to find the element located by 'By.xpath: //button[@id='yui_3_17_2_1_1641912444286_622']'. Please recheck the objects properties to make sure the desired element is located. 

2022-01-16 19:49:55 - [MESSAGE][WARNING] - [SELF-HEALING] Failed to find element with id 'Object Repository/Page_Kha Software Engineering/button_Thm hot ng hoc ti nguyn (4)'. Try using Self-healing.

2022-01-16 19:49:55 - [MESSAGE][WARNING] - [SELF-HEALING] The current locator of test object 'Object Repository/Page_Kha Software Engineering/button_Thm hot ng hoc ti nguyn (4)' was broken. Propose an alternative one: '(.//*[normalize-space(text()) and normalize-space(.)='Thêm tập tin ở đây'])[3]/following::button[1]'.

2022-01-16 19:49:55 - [MESSAGE][PASSED] - Object: 'Object Repository/Page_Kha Software Engineering/button_Thm hot ng hoc ti nguyn (4)' is clicked on

2022-01-16 19:49:55 - [TEST_STEP][PASSED] - click(findTestObject("Object Repository/Page_Kha Software Engineering/div_Thng tin v  Bi hc hot ng_optionicon mt-_6d37dc (1)")): Object: 'Object Repository/Page_Kha Software Engineering/div_Thng tin v  Bi hc hot ng_optionicon mt-_6d37dc (1)' is clicked on

2022-01-16 19:50:02 - [MESSAGE][INFO] - Unable to find the element located by 'By.xpath: //div[@id='all-4']/div/div[3]/div/a/div'. Please recheck the objects properties to make sure the desired element is located. 

2022-01-16 19:50:02 - [MESSAGE][WARNING] - [SELF-HEALING] Failed to find element with id 'Object Repository/Page_Kha Software Engineering/div_Thng tin v  Bi hc hot ng_optionicon mt-_6d37dc (1)'. Try using Self-healing.

2022-01-16 19:50:02 - [MESSAGE][WARNING] - [SELF-HEALING] The current locator of test object 'Object Repository/Page_Kha Software Engineering/div_Thng tin v  Bi hc hot ng_optionicon mt-_6d37dc (1)' was broken. Propose an alternative one: '(.//*[normalize-space(text()) and normalize-space(.)='Bài học'])[1]/following::div[4]'.

2022-01-16 19:50:05 - [MESSAGE][PASSED] - Object: 'Object Repository/Page_Kha Software Engineering/div_Thng tin v  Bi hc hot ng_optionicon mt-_6d37dc (1)' is clicked on

2022-01-16 19:50:05 - [TEST_STEP][PASSED] - setText(findTestObject("Object Repository/Page_Bin son Bi tp/input_Tn bi tp_name (10)"), "Bài tập văn bản"): Text 'Bài tập văn bản' is set on object 'Object Repository/Page_Bin son Bi tp/input_Tn bi tp_name (10)'

2022-01-16 19:50:07 - [MESSAGE][PASSED] - Text 'Bài tập văn bản' is set on object 'Object Repository/Page_Bin son Bi tp/input_Tn bi tp_name (10)'

2022-01-16 19:50:07 - [TEST_STEP][PASSED] - click(findTestObject("Object Repository/Page_Bin son Bi tp/input_Vn bn trc tuyn_assignsubmission_onlin_3ee3b4 (1)")): Object: 'Object Repository/Page_Bin son Bi tp/input_Vn bn trc tuyn_assignsubmission_onlin_3ee3b4 (1)' is clicked on

2022-01-16 19:50:07 - [MESSAGE][PASSED] - Object: 'Object Repository/Page_Bin son Bi tp/input_Vn bn trc tuyn_assignsubmission_onlin_3ee3b4 (1)' is clicked on

2022-01-16 19:50:07 - [TEST_STEP][PASSED] - click(findTestObject("Object Repository/Page_Bin son Bi tp/input_Np tp tin_assignsubmission_file_enabled (1)")): Object: 'Object Repository/Page_Bin son Bi tp/input_Np tp tin_assignsubmission_file_enabled (1)' is clicked on

2022-01-16 19:50:08 - [MESSAGE][PASSED] - Object: 'Object Repository/Page_Bin son Bi tp/input_Np tp tin_assignsubmission_file_enabled (1)' is clicked on

2022-01-16 19:50:08 - [TEST_STEP][PASSED] - click(findTestObject("Object Repository/Page_Bin son Bi tp/input_M_assignsubmission_onlinetext_wordlim_e70110 (1)")): Object: 'Object Repository/Page_Bin son Bi tp/input_M_assignsubmission_onlinetext_wordlim_e70110 (1)' is clicked on

2022-01-16 19:50:08 - [MESSAGE][PASSED] - Object: 'Object Repository/Page_Bin son Bi tp/input_M_assignsubmission_onlinetext_wordlim_e70110 (1)' is clicked on

2022-01-16 19:50:08 - [TEST_STEP][PASSED] - setText(findTestObject("Object Repository/Page_Bin son Bi tp/input_Gii hn t_assignsubmission_onlinetext__581726 (1)"), "300"): Text '300' is set on object 'Object Repository/Page_Bin son Bi tp/input_Gii hn t_assignsubmission_onlinetext__581726 (1)'

2022-01-16 19:50:09 - [MESSAGE][PASSED] - Text '300' is set on object 'Object Repository/Page_Bin son Bi tp/input_Gii hn t_assignsubmission_onlinetext__581726 (1)'

2022-01-16 19:50:09 - [TEST_STEP][PASSED] - click(findTestObject("Object Repository/Page_Bin son Bi tp/input_Upon activity completion_submitbutton2 (10)")): Object: 'Object Repository/Page_Bin son Bi tp/input_Upon activity completion_submitbutton2 (10)' is clicked on

2022-01-16 19:50:12 - [MESSAGE][PASSED] - Object: 'Object Repository/Page_Bin son Bi tp/input_Upon activity completion_submitbutton2 (10)' is clicked on

2022-01-16 19:50:12 - [TEST_STEP][PASSED] - click(findTestObject("Object Repository/Page_Kha Software Engineering/a_Robert Le (10)")): Object: 'Object Repository/Page_Kha Software Engineering/a_Robert Le (10)' is clicked on

2022-01-16 19:50:13 - [MESSAGE][PASSED] - Object: 'Object Repository/Page_Kha Software Engineering/a_Robert Le (10)' is clicked on

2022-01-16 19:50:13 - [TEST_STEP][PASSED] - click(findTestObject("Object Repository/Page_Kha Software Engineering/a_Thot (9)")): Object: 'Object Repository/Page_Kha Software Engineering/a_Thot (9)' is clicked on

2022-01-16 19:50:14 - [MESSAGE][PASSED] - Object: 'Object Repository/Page_Kha Software Engineering/a_Thot (9)' is clicked on

2022-01-16 19:50:14 - [TEST_STEP][PASSED] - click(findTestObject("Object Repository/Page_Local Moodle/a_Log in (11)")): Object: 'Object Repository/Page_Local Moodle/a_Log in (11)' is clicked on

2022-01-16 19:50:15 - [MESSAGE][PASSED] - Object: 'Object Repository/Page_Local Moodle/a_Log in (11)' is clicked on

2022-01-16 19:50:15 - [TEST_STEP][PASSED] - setText(findTestObject("Object Repository/Page_Local Moodle Log in to the site/input_Username_username (11)"), "hocvien"): Text 'hocvien' is set on object 'Object Repository/Page_Local Moodle Log in to the site/input_Username_username (11)'

2022-01-16 19:50:16 - [MESSAGE][PASSED] - Text 'hocvien' is set on object 'Object Repository/Page_Local Moodle Log in to the site/input_Username_username (11)'

2022-01-16 19:50:16 - [TEST_STEP][PASSED] - setEncryptedText(findTestObject("Object Repository/Page_Local Moodle Log in to the site/input_Password_password (11)"), "e0iuw4o+VG38P/PfCbIZUw=="): Text ****** has been set on object 'Object Repository/Page_Local Moodle Log in to the site/input_Password_password (11)'

2022-01-16 19:50:17 - [MESSAGE][PASSED] - Text ****** has been set on object 'Object Repository/Page_Local Moodle Log in to the site/input_Password_password (11)'

2022-01-16 19:50:17 - [TEST_STEP][PASSED] - click(findTestObject("Object Repository/Page_Local Moodle Log in to the site/button_Log in (11)")): Object: 'Object Repository/Page_Local Moodle Log in to the site/button_Log in (11)' is clicked on

2022-01-16 19:50:19 - [MESSAGE][PASSED] - Object: 'Object Repository/Page_Local Moodle Log in to the site/button_Log in (11)' is clicked on

2022-01-16 19:50:19 - [TEST_STEP][PASSED] - click(findTestObject("Page_Nh ca ti/span_Software Engineering")): Object: 'Object Repository/Page_Nh ca ti/span_Software Engineering' is clicked on

2022-01-16 19:50:23 - [MESSAGE][PASSED] - Object: 'Object Repository/Page_Nh ca ti/span_Software Engineering' is clicked on

2022-01-16 19:50:23 - [TEST_STEP][PASSED] - click(findTestObject("Object Repository/Page_Kha Software Engineering/span_Bi tp vn bn")): Object: 'Object Repository/Page_Kha Software Engineering/span_Bi tp vn bn' is clicked on

2022-01-16 19:50:24 - [MESSAGE][PASSED] - Object: 'Object Repository/Page_Kha Software Engineering/span_Bi tp vn bn' is clicked on

2022-01-16 19:50:24 - [TEST_STEP][PASSED] - click(findTestObject("Object Repository/Page_SE Bi tp vn bn/button_Thm bi np")): Object: 'Object Repository/Page_SE Bi tp vn bn/button_Thm bi np' is clicked on

2022-01-16 19:50:31 - [MESSAGE][INFO] - Unable to find the element located by 'By.xpath: //button[@id='single_button61dd98c7396f020']'. Please recheck the objects properties to make sure the desired element is located. 

2022-01-16 19:50:31 - [MESSAGE][WARNING] - [SELF-HEALING] Failed to find element with id 'Object Repository/Page_SE Bi tp vn bn/button_Thm bi np'. Try using Self-healing.

2022-01-16 19:50:31 - [MESSAGE][WARNING] - [SELF-HEALING] The current locator of test object 'Object Repository/Page_SE Bi tp vn bn/button_Thm bi np' was broken. Propose an alternative one: '//section[@id='region-main']/div/div[3]/div[2]/div/form/button'.

2022-01-16 19:50:33 - [MESSAGE][PASSED] - Object: 'Object Repository/Page_SE Bi tp vn bn/button_Thm bi np' is clicked on

2022-01-16 19:50:33 - [TEST_STEP][PASSED] - closeBrowser(): Browser is closed

2022-01-16 19:50:34 - [MESSAGE][PASSED] - Browser is closed]]></system-out>
         <system-err><![CDATA[]]></system-err>
      </testcase>
      <testcase name="Test Cases/Create assignment/Create Assignment Set Type File" time="92.344" classname="Test Cases/Create assignment/Create Assignment Set Type File" status="PASSED">
         <system-out><![CDATA[2022-01-16 19:50:34 - [TEST_CASE][PASSED] - Test Cases/Create assignment/Create Assignment Set Type File: Test Cases/Create assignment/Create Assignment Set Type File

2022-01-16 19:50:35 - [TEST_STEP][PASSED] - openBrowser(""): Browser is opened with url: ''

2022-01-16 19:50:35 - [MESSAGE][INFO] - Starting 'Edge Chromium' driver

2022-01-16 19:50:37 - [MESSAGE][INFO] - Action delay is set to 0 milliseconds

2022-01-16 19:50:39 - [MESSAGE][PASSED] - Browser is opened with url: ''

2022-01-16 19:50:39 - [TEST_STEP][PASSED] - navigateToUrl("http://localhost/"): Navigate to 'http://localhost/' successfully

2022-01-16 19:50:40 - [MESSAGE][PASSED] - Navigate to 'http://localhost/' successfully

2022-01-16 19:50:40 - [TEST_STEP][PASSED] - click(findTestObject("Object Repository/Page_Local Moodle/a_Log in (12)")): Object: 'Object Repository/Page_Local Moodle/a_Log in (12)' is clicked on

2022-01-16 19:50:42 - [MESSAGE][PASSED] - Object: 'Object Repository/Page_Local Moodle/a_Log in (12)' is clicked on

2022-01-16 19:50:42 - [TEST_STEP][PASSED] - setText(findTestObject("Object Repository/Page_Local Moodle Log in to the site/input_Username_username (12)"), "robertle"): Text 'robertle' is set on object 'Object Repository/Page_Local Moodle Log in to the site/input_Username_username (12)'

2022-01-16 19:50:43 - [MESSAGE][PASSED] - Text 'robertle' is set on object 'Object Repository/Page_Local Moodle Log in to the site/input_Username_username (12)'

2022-01-16 19:50:43 - [TEST_STEP][PASSED] - setEncryptedText(findTestObject("Object Repository/Page_Local Moodle Log in to the site/input_Password_password (12)"), "e0iuw4o+VG38P/PfCbIZUw=="): Text ****** has been set on object 'Object Repository/Page_Local Moodle Log in to the site/input_Password_password (12)'

2022-01-16 19:50:43 - [MESSAGE][PASSED] - Text ****** has been set on object 'Object Repository/Page_Local Moodle Log in to the site/input_Password_password (12)'

2022-01-16 19:50:43 - [TEST_STEP][PASSED] - click(findTestObject("Object Repository/Page_Local Moodle Log in to the site/button_Log in (12)")): Object: 'Object Repository/Page_Local Moodle Log in to the site/button_Log in (12)' is clicked on

2022-01-16 19:50:46 - [MESSAGE][PASSED] - Object: 'Object Repository/Page_Local Moodle Log in to the site/button_Log in (12)' is clicked on

2022-01-16 19:50:46 - [TEST_STEP][PASSED] - click(findTestObject("Page_Nh ca ti/span_Software Engineering")): Object: 'Object Repository/Page_Nh ca ti/span_Software Engineering' is clicked on

2022-01-16 19:50:49 - [MESSAGE][PASSED] - Object: 'Object Repository/Page_Nh ca ti/span_Software Engineering' is clicked on

2022-01-16 19:50:49 - [TEST_STEP][PASSED] - click(findTestObject("Object Repository/Page_Kha Software Engineering/button_Bt ch  chnh sa (11)")): Object: 'Object Repository/Page_Kha Software Engineering/button_Bt ch  chnh sa (11)' is clicked on

2022-01-16 19:50:55 - [MESSAGE][INFO] - Unable to find the element located by 'By.xpath: //button[@id='single_button61dd9a7e8fee61']'. Please recheck the objects properties to make sure the desired element is located. 

2022-01-16 19:50:55 - [MESSAGE][WARNING] - [SELF-HEALING] Failed to find element with id 'Object Repository/Page_Kha Software Engineering/button_Bt ch  chnh sa (11)'. Try using Self-healing.

2022-01-16 19:50:56 - [MESSAGE][WARNING] - [SELF-HEALING] The current locator of test object 'Object Repository/Page_Kha Software Engineering/button_Bt ch  chnh sa (11)' was broken. Propose an alternative one: '//header[@id='page-header']/div/div/div/div[2]/div[2]/div/form/button'.

2022-01-16 19:50:57 - [MESSAGE][PASSED] - Object: 'Object Repository/Page_Kha Software Engineering/button_Bt ch  chnh sa (11)' is clicked on

2022-01-16 19:50:57 - [TEST_STEP][PASSED] - click(findTestObject("Object Repository/Page_Kha Software Engineering/button_Thm hot ng hoc ti nguyn (5)")): Object: 'Object Repository/Page_Kha Software Engineering/button_Thm hot ng hoc ti nguyn (5)' is clicked on

2022-01-16 19:51:03 - [MESSAGE][INFO] - Unable to find the element located by 'By.xpath: //button[@id='yui_3_17_2_1_1641912961590_622']'. Please recheck the objects properties to make sure the desired element is located. 

2022-01-16 19:51:03 - [MESSAGE][WARNING] - [SELF-HEALING] Failed to find element with id 'Object Repository/Page_Kha Software Engineering/button_Thm hot ng hoc ti nguyn (5)'. Try using Self-healing.

2022-01-16 19:51:04 - [MESSAGE][WARNING] - [SELF-HEALING] The current locator of test object 'Object Repository/Page_Kha Software Engineering/button_Thm hot ng hoc ti nguyn (5)' was broken. Propose an alternative one: '(.//*[normalize-space(text()) and normalize-space(.)='Thêm tập tin ở đây'])[3]/following::button[1]'.

2022-01-16 19:51:04 - [MESSAGE][PASSED] - Object: 'Object Repository/Page_Kha Software Engineering/button_Thm hot ng hoc ti nguyn (5)' is clicked on

2022-01-16 19:51:04 - [TEST_STEP][PASSED] - click(findTestObject("Object Repository/Page_Kha Software Engineering/div_Thng tin v  Bi hc hot ng_optionicon mt-_6d37dc (2)")): Object: 'Object Repository/Page_Kha Software Engineering/div_Thng tin v  Bi hc hot ng_optionicon mt-_6d37dc (2)' is clicked on

2022-01-16 19:51:10 - [MESSAGE][INFO] - Unable to find the element located by 'By.xpath: //div[@id='all-4']/div/div[3]/div/a/div'. Please recheck the objects properties to make sure the desired element is located. 

2022-01-16 19:51:10 - [MESSAGE][WARNING] - [SELF-HEALING] Failed to find element with id 'Object Repository/Page_Kha Software Engineering/div_Thng tin v  Bi hc hot ng_optionicon mt-_6d37dc (2)'. Try using Self-healing.

2022-01-16 19:51:11 - [MESSAGE][WARNING] - [SELF-HEALING] The current locator of test object 'Object Repository/Page_Kha Software Engineering/div_Thng tin v  Bi hc hot ng_optionicon mt-_6d37dc (2)' was broken. Propose an alternative one: '(.//*[normalize-space(text()) and normalize-space(.)='Bài học'])[1]/following::div[4]'.

2022-01-16 19:51:13 - [MESSAGE][PASSED] - Object: 'Object Repository/Page_Kha Software Engineering/div_Thng tin v  Bi hc hot ng_optionicon mt-_6d37dc (2)' is clicked on

2022-01-16 19:51:13 - [TEST_STEP][PASSED] - setText(findTestObject("Object Repository/Page_Bin son Bi tp/input_Tn bi tp_name (11)"), "Type File"): Text 'Type File' is set on object 'Object Repository/Page_Bin son Bi tp/input_Tn bi tp_name (11)'

2022-01-16 19:51:15 - [MESSAGE][PASSED] - Text 'Type File' is set on object 'Object Repository/Page_Bin son Bi tp/input_Tn bi tp_name (11)'

2022-01-16 19:51:15 - [TEST_STEP][PASSED] - click(findTestObject("Object Repository/Page_Bin son Bi tp/input_Cc loi tp tin c chp nhn_yui_3_17_2_1__69c1f3")): Object: 'Object Repository/Page_Bin son Bi tp/input_Cc loi tp tin c chp nhn_yui_3_17_2_1__69c1f3' is clicked on

2022-01-16 19:51:22 - [MESSAGE][INFO] - Unable to find the element located by 'By.xpath: //input[@id='yui_3_17_2_1_1641912968851_1479']'. Please recheck the objects properties to make sure the desired element is located. 

2022-01-16 19:51:22 - [MESSAGE][WARNING] - [SELF-HEALING] Failed to find element with id 'Object Repository/Page_Bin son Bi tp/input_Cc loi tp tin c chp nhn_yui_3_17_2_1__69c1f3'. Try using Self-healing.

2022-01-16 19:51:22 - [MESSAGE][WARNING] - [SELF-HEALING] The current locator of test object 'Object Repository/Page_Bin son Bi tp/input_Cc loi tp tin c chp nhn_yui_3_17_2_1__69c1f3' was broken. Propose an alternative one: '//fieldset/div/span/input'.

2022-01-16 19:51:22 - [MESSAGE][PASSED] - Object: 'Object Repository/Page_Bin son Bi tp/input_Cc loi tp tin c chp nhn_yui_3_17_2_1__69c1f3' is clicked on

2022-01-16 19:51:22 - [TEST_STEP][PASSED] - click(findTestObject("Object Repository/Page_Bin son Bi tp/input_Cc loi tp tin c chp nhn_yui_3_17_2_1__e7c937")): Object: 'Object Repository/Page_Bin son Bi tp/input_Cc loi tp tin c chp nhn_yui_3_17_2_1__e7c937' is clicked on

2022-01-16 19:51:28 - [MESSAGE][INFO] - Unable to find the element located by 'By.xpath: //input[@id='yui_3_17_2_1_1641912968851_1521']'. Please recheck the objects properties to make sure the desired element is located. 

2022-01-16 19:51:28 - [MESSAGE][WARNING] - [SELF-HEALING] Failed to find element with id 'Object Repository/Page_Bin son Bi tp/input_Cc loi tp tin c chp nhn_yui_3_17_2_1__e7c937'. Try using Self-healing.

2022-01-16 19:51:29 - [MESSAGE][WARNING] - [SELF-HEALING] The current locator of test object 'Object Repository/Page_Bin son Bi tp/input_Cc loi tp tin c chp nhn_yui_3_17_2_1__e7c937' was broken. Propose an alternative one: '//div/div/label/input'.

2022-01-16 19:51:29 - [MESSAGE][PASSED] - Object: 'Object Repository/Page_Bin son Bi tp/input_Cc loi tp tin c chp nhn_yui_3_17_2_1__e7c937' is clicked on

2022-01-16 19:51:29 - [TEST_STEP][PASSED] - click(findTestObject("Object Repository/Page_Bin son Bi tp/button_Lu nhng thay i (2)")): Object: 'Object Repository/Page_Bin son Bi tp/button_Lu nhng thay i (2)' is clicked on

2022-01-16 19:51:35 - [MESSAGE][INFO] - Unable to find the element located by 'By.xpath: //button[@id='yui_3_17_2_1_1641912968851_1533']'. Please recheck the objects properties to make sure the desired element is located. 

2022-01-16 19:51:35 - [MESSAGE][WARNING] - [SELF-HEALING] Failed to find element with id 'Object Repository/Page_Bin son Bi tp/button_Lu nhng thay i (2)'. Try using Self-healing.

2022-01-16 19:51:35 - [MESSAGE][WARNING] - [SELF-HEALING] The current locator of test object 'Object Repository/Page_Bin son Bi tp/button_Lu nhng thay i (2)' was broken. Propose an alternative one: '(.//*[normalize-space(text()) and normalize-space(.)='.cpp'])[1]/following::button[1]'.

2022-01-16 19:51:36 - [MESSAGE][PASSED] - Object: 'Object Repository/Page_Bin son Bi tp/button_Lu nhng thay i (2)' is clicked on

2022-01-16 19:51:36 - [TEST_STEP][PASSED] - click(findTestObject("Object Repository/Page_Bin son Bi tp/input_Upon activity completion_submitbutton2 (11)")): Object: 'Object Repository/Page_Bin son Bi tp/input_Upon activity completion_submitbutton2 (11)' is clicked on

2022-01-16 19:51:38 - [MESSAGE][PASSED] - Object: 'Object Repository/Page_Bin son Bi tp/input_Upon activity completion_submitbutton2 (11)' is clicked on

2022-01-16 19:51:38 - [TEST_STEP][PASSED] - click(findTestObject("Object Repository/Page_Kha Software Engineering/a_Robert Le (11)")): Object: 'Object Repository/Page_Kha Software Engineering/a_Robert Le (11)' is clicked on

2022-01-16 19:51:40 - [MESSAGE][PASSED] - Object: 'Object Repository/Page_Kha Software Engineering/a_Robert Le (11)' is clicked on

2022-01-16 19:51:40 - [TEST_STEP][PASSED] - click(findTestObject("Object Repository/Page_Kha Software Engineering/a_Thot (10)")): Object: 'Object Repository/Page_Kha Software Engineering/a_Thot (10)' is clicked on

2022-01-16 19:51:41 - [MESSAGE][PASSED] - Object: 'Object Repository/Page_Kha Software Engineering/a_Thot (10)' is clicked on

2022-01-16 19:51:41 - [TEST_STEP][PASSED] - click(findTestObject("Object Repository/Page_Local Moodle/a_Log in (12)")): Object: 'Object Repository/Page_Local Moodle/a_Log in (12)' is clicked on

2022-01-16 19:51:42 - [MESSAGE][PASSED] - Object: 'Object Repository/Page_Local Moodle/a_Log in (12)' is clicked on

2022-01-16 19:51:42 - [TEST_STEP][PASSED] - setText(findTestObject("Object Repository/Page_Local Moodle Log in to the site/input_Username_username (12)"), "hocvien"): Text 'hocvien' is set on object 'Object Repository/Page_Local Moodle Log in to the site/input_Username_username (12)'

2022-01-16 19:51:43 - [MESSAGE][PASSED] - Text 'hocvien' is set on object 'Object Repository/Page_Local Moodle Log in to the site/input_Username_username (12)'

2022-01-16 19:51:43 - [TEST_STEP][PASSED] - setEncryptedText(findTestObject("Object Repository/Page_Local Moodle Log in to the site/input_Password_password (12)"), "e0iuw4o+VG38P/PfCbIZUw=="): Text ****** has been set on object 'Object Repository/Page_Local Moodle Log in to the site/input_Password_password (12)'

2022-01-16 19:51:43 - [MESSAGE][PASSED] - Text ****** has been set on object 'Object Repository/Page_Local Moodle Log in to the site/input_Password_password (12)'

2022-01-16 19:51:43 - [TEST_STEP][PASSED] - click(findTestObject("Object Repository/Page_Local Moodle Log in to the site/button_Log in (12)")): Object: 'Object Repository/Page_Local Moodle Log in to the site/button_Log in (12)' is clicked on

2022-01-16 19:51:46 - [MESSAGE][PASSED] - Object: 'Object Repository/Page_Local Moodle Log in to the site/button_Log in (12)' is clicked on

2022-01-16 19:51:46 - [TEST_STEP][PASSED] - click(findTestObject("Page_Nh ca ti/span_Software Engineering")): Object: 'Object Repository/Page_Nh ca ti/span_Software Engineering' is clicked on

2022-01-16 19:51:49 - [MESSAGE][PASSED] - Object: 'Object Repository/Page_Nh ca ti/span_Software Engineering' is clicked on

2022-01-16 19:51:49 - [TEST_STEP][PASSED] - click(findTestObject("Object Repository/Page_Kha Software Engineering/span_Type File Bi tp")): Object: 'Object Repository/Page_Kha Software Engineering/span_Type File Bi tp' is clicked on

2022-01-16 19:51:56 - [MESSAGE][INFO] - Unable to find the element located by 'By.xpath: //li[@id='module-23']/div/div/div[2]/div/a/span'. Please recheck the objects properties to make sure the desired element is located. 

2022-01-16 19:51:56 - [MESSAGE][WARNING] - [SELF-HEALING] Failed to find element with id 'Object Repository/Page_Kha Software Engineering/span_Type File Bi tp'. Try using Self-healing.

2022-01-16 19:51:56 - [MESSAGE][WARNING] - [SELF-HEALING] The current locator of test object 'Object Repository/Page_Kha Software Engineering/span_Type File Bi tp' was broken. Propose an alternative one: '//*/text()[normalize-space(.)='Type File']/parent::*'.

2022-01-16 19:51:57 - [MESSAGE][PASSED] - Object: 'Object Repository/Page_Kha Software Engineering/span_Type File Bi tp' is clicked on

2022-01-16 19:51:57 - [TEST_STEP][PASSED] - click(findTestObject("Object Repository/Page_SE Type File/button_Thm bi np")): Object: 'Object Repository/Page_SE Type File/button_Thm bi np' is clicked on

2022-01-16 19:52:04 - [MESSAGE][INFO] - Unable to find the element located by 'By.xpath: //button[@id='single_button61dd9aceb7f6120']'. Please recheck the objects properties to make sure the desired element is located. 

2022-01-16 19:52:04 - [MESSAGE][WARNING] - [SELF-HEALING] Failed to find element with id 'Object Repository/Page_SE Type File/button_Thm bi np'. Try using Self-healing.

2022-01-16 19:52:04 - [MESSAGE][WARNING] - [SELF-HEALING] The current locator of test object 'Object Repository/Page_SE Type File/button_Thm bi np' was broken. Propose an alternative one: '//section[@id='region-main']/div/div[3]/div[2]/div/form/button'.

2022-01-16 19:52:05 - [MESSAGE][PASSED] - Object: 'Object Repository/Page_SE Type File/button_Thm bi np' is clicked on

2022-01-16 19:52:05 - [TEST_STEP][PASSED] - closeBrowser(): Browser is closed

2022-01-16 19:52:07 - [MESSAGE][PASSED] - Browser is closed]]></system-out>
         <system-err><![CDATA[]]></system-err>
      </testcase>
      <testcase name="Test Cases/Create assignment/Create Simple Assignment" time="55.041" classname="Test Cases/Create assignment/Create Simple Assignment" status="PASSED">
         <system-out><![CDATA[2022-01-16 19:52:07 - [TEST_CASE][PASSED] - Test Cases/Create assignment/Create Simple Assignment: Test Cases/Create assignment/Create Simple Assignment

2022-01-16 19:52:07 - [TEST_STEP][PASSED] - openBrowser(""): Browser is opened with url: ''

2022-01-16 19:52:07 - [MESSAGE][INFO] - Starting 'Edge Chromium' driver

2022-01-16 19:52:10 - [MESSAGE][INFO] - Action delay is set to 0 milliseconds

2022-01-16 19:52:11 - [MESSAGE][PASSED] - Browser is opened with url: ''

2022-01-16 19:52:11 - [TEST_STEP][PASSED] - navigateToUrl("http://localhost/"): Navigate to 'http://localhost/' successfully

2022-01-16 19:52:13 - [MESSAGE][PASSED] - Navigate to 'http://localhost/' successfully

2022-01-16 19:52:13 - [TEST_STEP][PASSED] - click(findTestObject("Object Repository/Page_Local Moodle/a_Log in (7)")): Object: 'Object Repository/Page_Local Moodle/a_Log in (7)' is clicked on

2022-01-16 19:52:14 - [MESSAGE][PASSED] - Object: 'Object Repository/Page_Local Moodle/a_Log in (7)' is clicked on

2022-01-16 19:52:14 - [TEST_STEP][PASSED] - setText(findTestObject("Object Repository/Page_Local Moodle Log in to the site/input_Username_username (7)"), "robertle"): Text 'robertle' is set on object 'Object Repository/Page_Local Moodle Log in to the site/input_Username_username (7)'

2022-01-16 19:52:15 - [MESSAGE][PASSED] - Text 'robertle' is set on object 'Object Repository/Page_Local Moodle Log in to the site/input_Username_username (7)'

2022-01-16 19:52:15 - [TEST_STEP][PASSED] - setEncryptedText(findTestObject("Object Repository/Page_Local Moodle Log in to the site/input_Password_password (7)"), "e0iuw4o+VG38P/PfCbIZUw=="): Text ****** has been set on object 'Object Repository/Page_Local Moodle Log in to the site/input_Password_password (7)'

2022-01-16 19:52:16 - [MESSAGE][PASSED] - Text ****** has been set on object 'Object Repository/Page_Local Moodle Log in to the site/input_Password_password (7)'

2022-01-16 19:52:16 - [TEST_STEP][PASSED] - click(findTestObject("Object Repository/Page_Local Moodle Log in to the site/button_Log in (7)")): Object: 'Object Repository/Page_Local Moodle Log in to the site/button_Log in (7)' is clicked on

2022-01-16 19:52:19 - [MESSAGE][PASSED] - Object: 'Object Repository/Page_Local Moodle Log in to the site/button_Log in (7)' is clicked on

2022-01-16 19:52:19 - [TEST_STEP][PASSED] - click(findTestObject("Page_Nh ca ti/span_Software Engineering")): Object: 'Object Repository/Page_Nh ca ti/span_Software Engineering' is clicked on

2022-01-16 19:52:22 - [MESSAGE][PASSED] - Object: 'Object Repository/Page_Nh ca ti/span_Software Engineering' is clicked on

2022-01-16 19:52:22 - [TEST_STEP][PASSED] - click(findTestObject("Object Repository/Page_Kha Software Engineering/button_Bt ch  chnh sa (6)")): Object: 'Object Repository/Page_Kha Software Engineering/button_Bt ch  chnh sa (6)' is clicked on

2022-01-16 19:52:28 - [MESSAGE][INFO] - Unable to find the element located by 'By.xpath: //button[@id='single_button61dcf992917921']'. Please recheck the objects properties to make sure the desired element is located. 

2022-01-16 19:52:28 - [MESSAGE][WARNING] - [SELF-HEALING] Failed to find element with id 'Object Repository/Page_Kha Software Engineering/button_Bt ch  chnh sa (6)'. Try using Self-healing.

2022-01-16 19:52:29 - [MESSAGE][WARNING] - [SELF-HEALING] The current locator of test object 'Object Repository/Page_Kha Software Engineering/button_Bt ch  chnh sa (6)' was broken. Propose an alternative one: '//form/button'.

2022-01-16 19:52:30 - [MESSAGE][PASSED] - Object: 'Object Repository/Page_Kha Software Engineering/button_Bt ch  chnh sa (6)' is clicked on

2022-01-16 19:52:30 - [TEST_STEP][PASSED] - click(findTestObject("Object Repository/Page_Kha Software Engineering/button_Thm hot ng hoc ti nguyn (2)")): Object: 'Object Repository/Page_Kha Software Engineering/button_Thm hot ng hoc ti nguyn (2)' is clicked on

2022-01-16 19:52:37 - [MESSAGE][INFO] - Unable to find the element located by 'By.xpath: //button[@id='yui_3_17_2_1_1641871765372_625']'. Please recheck the objects properties to make sure the desired element is located. 

2022-01-16 19:52:37 - [MESSAGE][WARNING] - [SELF-HEALING] Failed to find element with id 'Object Repository/Page_Kha Software Engineering/button_Thm hot ng hoc ti nguyn (2)'. Try using Self-healing.

2022-01-16 19:52:37 - [MESSAGE][WARNING] - [SELF-HEALING] The current locator of test object 'Object Repository/Page_Kha Software Engineering/button_Thm hot ng hoc ti nguyn (2)' was broken. Propose an alternative one: '(.//*[normalize-space(text()) and normalize-space(.)='Thêm tập tin ở đây'])[3]/following::button[1]'.

2022-01-16 19:52:37 - [MESSAGE][PASSED] - Object: 'Object Repository/Page_Kha Software Engineering/button_Thm hot ng hoc ti nguyn (2)' is clicked on

2022-01-16 19:52:37 - [TEST_STEP][PASSED] - click(findTestObject("Object Repository/Page_Kha Software Engineering/a_Bi tp (4)")): Object: 'Object Repository/Page_Kha Software Engineering/a_Bi tp (4)' is clicked on

2022-01-16 19:52:43 - [MESSAGE][INFO] - Unable to find the element located by 'By.xpath: //div[@id='all-4']/div/div[3]/div/a'. Please recheck the objects properties to make sure the desired element is located. 

2022-01-16 19:52:43 - [MESSAGE][WARNING] - [SELF-HEALING] Failed to find element with id 'Object Repository/Page_Kha Software Engineering/a_Bi tp (4)'. Try using Self-healing.

2022-01-16 19:52:44 - [MESSAGE][WARNING] - [SELF-HEALING] The current locator of test object 'Object Repository/Page_Kha Software Engineering/a_Bi tp (4)' was broken. Propose an alternative one: '(.//*[normalize-space(text()) and normalize-space(.)='Bài học'])[1]/following::a[1]'.

2022-01-16 19:52:46 - [MESSAGE][PASSED] - Object: 'Object Repository/Page_Kha Software Engineering/a_Bi tp (4)' is clicked on

2022-01-16 19:52:46 - [TEST_STEP][PASSED] - setText(findTestObject("Object Repository/Page_Bin son Bi tp/input_Tn bi tp_name (6)"), "Assignment 1"): Text 'Assignment 1' is set on object 'Object Repository/Page_Bin son Bi tp/input_Tn bi tp_name (6)'

2022-01-16 19:52:48 - [MESSAGE][PASSED] - Text 'Assignment 1' is set on object 'Object Repository/Page_Bin son Bi tp/input_Tn bi tp_name (6)'

2022-01-16 19:52:48 - [TEST_STEP][PASSED] - click(findTestObject("Object Repository/Page_Bin son Bi tp/input_Upon activity completion_submitbutton2 (6)")): Object: 'Object Repository/Page_Bin son Bi tp/input_Upon activity completion_submitbutton2 (6)' is clicked on

2022-01-16 19:52:51 - [MESSAGE][PASSED] - Object: 'Object Repository/Page_Bin son Bi tp/input_Upon activity completion_submitbutton2 (6)' is clicked on

2022-01-16 19:52:51 - [TEST_STEP][PASSED] - click(findTestObject("Object Repository/Page_Kha Software Engineering/a_Robert Le (6)")): Object: 'Object Repository/Page_Kha Software Engineering/a_Robert Le (6)' is clicked on

2022-01-16 19:52:52 - [MESSAGE][PASSED] - Object: 'Object Repository/Page_Kha Software Engineering/a_Robert Le (6)' is clicked on

2022-01-16 19:52:52 - [TEST_STEP][PASSED] - click(findTestObject("Object Repository/Page_Kha Software Engineering/a_Thot (5)")): Object: 'Object Repository/Page_Kha Software Engineering/a_Thot (5)' is clicked on

2022-01-16 19:52:53 - [MESSAGE][PASSED] - Object: 'Object Repository/Page_Kha Software Engineering/a_Thot (5)' is clicked on

2022-01-16 19:52:53 - [TEST_STEP][PASSED] - click(findTestObject("Object Repository/Page_Local Moodle/a_Log in (7)")): Object: 'Object Repository/Page_Local Moodle/a_Log in (7)' is clicked on

2022-01-16 19:52:54 - [MESSAGE][PASSED] - Object: 'Object Repository/Page_Local Moodle/a_Log in (7)' is clicked on

2022-01-16 19:52:54 - [TEST_STEP][PASSED] - setText(findTestObject("Object Repository/Page_Local Moodle Log in to the site/input_Username_username (7)"), "hocvien"): Text 'hocvien' is set on object 'Object Repository/Page_Local Moodle Log in to the site/input_Username_username (7)'

2022-01-16 19:52:55 - [MESSAGE][PASSED] - Text 'hocvien' is set on object 'Object Repository/Page_Local Moodle Log in to the site/input_Username_username (7)'

2022-01-16 19:52:55 - [TEST_STEP][PASSED] - setEncryptedText(findTestObject("Object Repository/Page_Local Moodle Log in to the site/input_Password_password (7)"), "e0iuw4o+VG38P/PfCbIZUw=="): Text ****** has been set on object 'Object Repository/Page_Local Moodle Log in to the site/input_Password_password (7)'

2022-01-16 19:52:56 - [MESSAGE][PASSED] - Text ****** has been set on object 'Object Repository/Page_Local Moodle Log in to the site/input_Password_password (7)'

2022-01-16 19:52:56 - [TEST_STEP][PASSED] - click(findTestObject("Object Repository/Page_Local Moodle Log in to the site/button_Log in (7)")): Object: 'Object Repository/Page_Local Moodle Log in to the site/button_Log in (7)' is clicked on

2022-01-16 19:52:58 - [MESSAGE][PASSED] - Object: 'Object Repository/Page_Local Moodle Log in to the site/button_Log in (7)' is clicked on

2022-01-16 19:52:58 - [TEST_STEP][PASSED] - click(findTestObject("Page_Nh ca ti/span_Software Engineering")): Object: 'Object Repository/Page_Nh ca ti/span_Software Engineering' is clicked on

2022-01-16 19:53:02 - [MESSAGE][PASSED] - Object: 'Object Repository/Page_Nh ca ti/span_Software Engineering' is clicked on]]></system-out>
         <system-err><![CDATA[]]></system-err>
      </testcase>
      <testcase name="Test Cases/Create event on calendar/Create Simple Event" time="54.921" classname="Test Cases/Create event on calendar/Create Simple Event" status="PASSED">
         <system-out><![CDATA[2022-01-16 19:53:02 - [TEST_CASE][PASSED] - Test Cases/Create event on calendar/Create Simple Event: Test Cases/Create event on calendar/Create Simple Event

2022-01-16 19:53:02 - [TEST_STEP][PASSED] - openBrowser(""): Browser is opened with url: ''

2022-01-16 19:53:02 - [MESSAGE][WARNING] - A browser is already opened. Closing browser and opening a new one

2022-01-16 19:53:04 - [MESSAGE][INFO] - Starting 'Edge Chromium' driver

2022-01-16 19:53:06 - [MESSAGE][INFO] - Action delay is set to 0 milliseconds

2022-01-16 19:53:07 - [MESSAGE][PASSED] - Browser is opened with url: ''

2022-01-16 19:53:07 - [TEST_STEP][PASSED] - navigateToUrl("http://localhost/"): Navigate to 'http://localhost/' successfully

2022-01-16 19:53:09 - [MESSAGE][PASSED] - Navigate to 'http://localhost/' successfully

2022-01-16 19:53:09 - [TEST_STEP][PASSED] - click(findTestObject("Object Repository/Page_Local Moodle/a_Log in (1)")): Object: 'Object Repository/Page_Local Moodle/a_Log in (1)' is clicked on

2022-01-16 19:53:10 - [MESSAGE][PASSED] - Object: 'Object Repository/Page_Local Moodle/a_Log in (1)' is clicked on

2022-01-16 19:53:10 - [TEST_STEP][PASSED] - setText(findTestObject("Object Repository/Page_Local Moodle Log in to the site/input_Username_username (1)"), "admin"): Text 'admin' is set on object 'Object Repository/Page_Local Moodle Log in to the site/input_Username_username (1)'

2022-01-16 19:53:11 - [MESSAGE][PASSED] - Text 'admin' is set on object 'Object Repository/Page_Local Moodle Log in to the site/input_Username_username (1)'

2022-01-16 19:53:11 - [TEST_STEP][PASSED] - setEncryptedText(findTestObject("Object Repository/Page_Local Moodle Log in to the site/input_Password_password (1)"), "bfAykA/oWJ09FXmiKh6lyuuLu8QhG1K5"): Text ****** has been set on object 'Object Repository/Page_Local Moodle Log in to the site/input_Password_password (1)'

2022-01-16 19:53:12 - [MESSAGE][PASSED] - Text ****** has been set on object 'Object Repository/Page_Local Moodle Log in to the site/input_Password_password (1)'

2022-01-16 19:53:12 - [TEST_STEP][PASSED] - click(findTestObject("Object Repository/Page_Local Moodle Log in to the site/button_Log in (1)")): Object: 'Object Repository/Page_Local Moodle Log in to the site/button_Log in (1)' is clicked on

2022-01-16 19:53:15 - [MESSAGE][PASSED] - Object: 'Object Repository/Page_Local Moodle Log in to the site/button_Log in (1)' is clicked on

2022-01-16 19:53:15 - [TEST_STEP][PASSED] - click(findTestObject("Object Repository/Page_Nh ca ti/a_Lch")): Object: 'Object Repository/Page_Nh ca ti/a_Lch' is clicked on

2022-01-16 19:53:20 - [MESSAGE][PASSED] - Object: 'Object Repository/Page_Nh ca ti/a_Lch' is clicked on

2022-01-16 19:53:20 - [TEST_STEP][PASSED] - click(findTestObject("Object Repository/Page_Moodle Lch Xem chi tit thng Thng Ging 2022/button_S kin mi_1")): Object: 'Object Repository/Page_Moodle Lch Xem chi tit thng Thng Ging 2022/button_S kin mi_1' is clicked on

2022-01-16 19:53:27 - [MESSAGE][INFO] - Unable to find the element located by 'By.xpath: //button[@id='yui_3_17_2_1_1642045087639_436']'. Please recheck the objects properties to make sure the desired element is located. 

2022-01-16 19:53:27 - [MESSAGE][WARNING] - [SELF-HEALING] Failed to find element with id 'Object Repository/Page_Moodle Lch Xem chi tit thng Thng Ging 2022/button_S kin mi_1'. Try using Self-healing.

2022-01-16 19:53:27 - [MESSAGE][WARNING] - [SELF-HEALING] The current locator of test object 'Object Repository/Page_Moodle Lch Xem chi tit thng Thng Ging 2022/button_S kin mi_1' was broken. Propose an alternative one: '(.//*[normalize-space(text()) and normalize-space(.)='Danh sách khóa học'])[1]/following::button[1]'.

2022-01-16 19:53:27 - [MESSAGE][PASSED] - Object: 'Object Repository/Page_Moodle Lch Xem chi tit thng Thng Ging 2022/button_S kin mi_1' is clicked on

2022-01-16 19:53:27 - [TEST_STEP][PASSED] - setText(findTestObject("Object Repository/Page_Moodle Lch Xem chi tit thng Thng Ging 2022/input_Tiu  s kin_name"), "Seminar Project 1"): Text 'Seminar Project 1' is set on object 'Object Repository/Page_Moodle Lch Xem chi tit thng Thng Ging 2022/input_Tiu  s kin_name'

2022-01-16 19:53:30 - [MESSAGE][PASSED] - Text 'Seminar Project 1' is set on object 'Object Repository/Page_Moodle Lch Xem chi tit thng Thng Ging 2022/input_Tiu  s kin_name'

2022-01-16 19:53:30 - [TEST_STEP][PASSED] - selectOptionByValue(findTestObject("Object Repository/Page_Moodle Lch Xem chi tit thng Thng Ging 2022/select_Thng Ging        Thng Hai        Thn_b248db"), "2", true): All options with value '2' are selected in object 'Object Repository/Page_Moodle Lch Xem chi tit thng Thng Ging 2022/select_Thng Ging        Thng Hai        Thn_b248db'  using regular expression

2022-01-16 19:53:32 - [MESSAGE][PASSED] - All options with value '2' are selected in object 'Object Repository/Page_Moodle Lch Xem chi tit thng Thng Ging 2022/select_Thng Ging        Thng Hai        Thn_b248db'  using regular expression

2022-01-16 19:53:32 - [TEST_STEP][PASSED] - selectOptionByValue(findTestObject("Object Repository/Page_Moodle Lch Xem chi tit thng Thng Ging 2022/select_Thnh vin            Kho hc          _5efb09"), "course", true): All options with value 'course' are selected in object 'Object Repository/Page_Moodle Lch Xem chi tit thng Thng Ging 2022/select_Thnh vin            Kho hc          _5efb09'  using regular expression

2022-01-16 19:53:33 - [MESSAGE][PASSED] - All options with value 'course' are selected in object 'Object Repository/Page_Moodle Lch Xem chi tit thng Thng Ging 2022/select_Thnh vin            Kho hc          _5efb09'  using regular expression

2022-01-16 19:53:33 - [TEST_STEP][PASSED] - click(findTestObject("Object Repository/Page_Moodle Lch Xem chi tit thng Thng Ging 2022/span__1_2_3_4")): Object: 'Object Repository/Page_Moodle Lch Xem chi tit thng Thng Ging 2022/span__1_2_3_4' is clicked on

2022-01-16 19:53:40 - [MESSAGE][INFO] - Unable to find the element located by 'By.xpath: //span[@id='form_autocomplete_downarrow-1642045252858']'. Please recheck the objects properties to make sure the desired element is located. 

2022-01-16 19:53:40 - [MESSAGE][WARNING] - [SELF-HEALING] Failed to find element with id 'Object Repository/Page_Moodle Lch Xem chi tit thng Thng Ging 2022/span__1_2_3_4'. Try using Self-healing.

2022-01-16 19:53:40 - [MESSAGE][WARNING] - [SELF-HEALING] The current locator of test object 'Object Repository/Page_Moodle Lch Xem chi tit thng Thng Ging 2022/span__1_2_3_4' was broken. Propose an alternative one: '(.//*[normalize-space(text()) and normalize-space(.)='No selection'])[1]/following::span[1]'.

2022-01-16 19:53:40 - [MESSAGE][PASSED] - Object: 'Object Repository/Page_Moodle Lch Xem chi tit thng Thng Ging 2022/span__1_2_3_4' is clicked on

2022-01-16 19:53:40 - [TEST_STEP][PASSED] - click(findTestObject("Object Repository/Page_Moodle Lch Xem chi tit thng Thng Ging 2022/li_Software Engineering_1_2_3")): Object: 'Object Repository/Page_Moodle Lch Xem chi tit thng Thng Ging 2022/li_Software Engineering_1_2_3' is clicked on

2022-01-16 19:53:47 - [MESSAGE][INFO] - Unable to find the element located by 'By.xpath: //li[@id='form_autocomplete_suggestions-1642045252858-0']'. Please recheck the objects properties to make sure the desired element is located. 

2022-01-16 19:53:47 - [MESSAGE][WARNING] - [SELF-HEALING] Failed to find element with id 'Object Repository/Page_Moodle Lch Xem chi tit thng Thng Ging 2022/li_Software Engineering_1_2_3'. Try using Self-healing.

2022-01-16 19:53:47 - [MESSAGE][WARNING] - [SELF-HEALING] The current locator of test object 'Object Repository/Page_Moodle Lch Xem chi tit thng Thng Ging 2022/li_Software Engineering_1_2_3' was broken. Propose an alternative one: '(.//*[normalize-space(text()) and normalize-space(.)='▼'])[2]/following::li[1]'.

2022-01-16 19:53:47 - [MESSAGE][PASSED] - Object: 'Object Repository/Page_Moodle Lch Xem chi tit thng Thng Ging 2022/li_Software Engineering_1_2_3' is clicked on

2022-01-16 19:53:47 - [TEST_STEP][PASSED] - selectOptionByValue(findTestObject("Object Repository/Page_Moodle Lch Xem chi tit thng Thng Ging 2022/select_Software Engineering"), "3", true): All options with value '3' are selected in object 'Object Repository/Page_Moodle Lch Xem chi tit thng Thng Ging 2022/select_Software Engineering'  using regular expression

2022-01-16 19:53:48 - [MESSAGE][PASSED] - All options with value '3' are selected in object 'Object Repository/Page_Moodle Lch Xem chi tit thng Thng Ging 2022/select_Software Engineering'  using regular expression

2022-01-16 19:53:48 - [TEST_STEP][PASSED] - click(findTestObject("Object Repository/Page_Moodle Lch Xem chi tit thng Thng Ging 2022/button_Lu_1")): Object: 'Object Repository/Page_Moodle Lch Xem chi tit thng Thng Ging 2022/button_Lu_1' is clicked on

2022-01-16 19:53:55 - [MESSAGE][INFO] - Unable to find the element located by 'By.xpath: //button[@id='yui_3_17_2_1_1642045087639_606']'. Please recheck the objects properties to make sure the desired element is located. 

2022-01-16 19:53:55 - [MESSAGE][WARNING] - [SELF-HEALING] Failed to find element with id 'Object Repository/Page_Moodle Lch Xem chi tit thng Thng Ging 2022/button_Lu_1'. Try using Self-healing.

2022-01-16 19:53:55 - [MESSAGE][WARNING] - [SELF-HEALING] The current locator of test object 'Object Repository/Page_Moodle Lch Xem chi tit thng Thng Ging 2022/button_Lu_1' was broken. Propose an alternative one: '(.//*[normalize-space(text()) and normalize-space(.)='Lặp lại hàng tuần, tạo ra tất cả'])[1]/following::button[1]'.

2022-01-16 19:53:55 - [MESSAGE][PASSED] - Object: 'Object Repository/Page_Moodle Lch Xem chi tit thng Thng Ging 2022/button_Lu_1' is clicked on

2022-01-16 19:53:55 - [TEST_STEP][PASSED] - closeBrowser(): Browser is closed

2022-01-16 19:53:57 - [MESSAGE][PASSED] - Browser is closed]]></system-out>
         <system-err><![CDATA[]]></system-err>
      </testcase>
      <testcase name="Test Cases/Create event on calendar/Create Event Set Full" time="72.437" classname="Test Cases/Create event on calendar/Create Event Set Full" status="PASSED">
         <system-out><![CDATA[2022-01-16 19:53:57 - [TEST_CASE][PASSED] - Test Cases/Create event on calendar/Create Event Set Full: Test Cases/Create event on calendar/Create Event Set Full

2022-01-16 19:53:57 - [TEST_STEP][PASSED] - openBrowser(""): Browser is opened with url: ''

2022-01-16 19:53:57 - [MESSAGE][INFO] - Starting 'Edge Chromium' driver

2022-01-16 19:54:00 - [MESSAGE][INFO] - Action delay is set to 0 milliseconds

2022-01-16 19:54:01 - [MESSAGE][PASSED] - Browser is opened with url: ''

2022-01-16 19:54:01 - [TEST_STEP][PASSED] - navigateToUrl("http://localhost/"): Navigate to 'http://localhost/' successfully

2022-01-16 19:54:03 - [MESSAGE][PASSED] - Navigate to 'http://localhost/' successfully

2022-01-16 19:54:03 - [TEST_STEP][PASSED] - click(findTestObject("Object Repository/Page_Local Moodle/a_Log in (16)")): Object: 'Object Repository/Page_Local Moodle/a_Log in (16)' is clicked on

2022-01-16 19:54:04 - [MESSAGE][PASSED] - Object: 'Object Repository/Page_Local Moodle/a_Log in (16)' is clicked on

2022-01-16 19:54:04 - [TEST_STEP][PASSED] - setText(findTestObject("Object Repository/Page_Local Moodle Log in to the site/input_Username_username (16)"), "admin"): Text 'admin' is set on object 'Object Repository/Page_Local Moodle Log in to the site/input_Username_username (16)'

2022-01-16 19:54:05 - [MESSAGE][PASSED] - Text 'admin' is set on object 'Object Repository/Page_Local Moodle Log in to the site/input_Username_username (16)'

2022-01-16 19:54:05 - [TEST_STEP][PASSED] - setEncryptedText(findTestObject("Object Repository/Page_Local Moodle Log in to the site/input_Password_password (16)"), "bfAykA/oWJ09FXmiKh6lyuuLu8QhG1K5"): Text ****** has been set on object 'Object Repository/Page_Local Moodle Log in to the site/input_Password_password (16)'

2022-01-16 19:54:06 - [MESSAGE][PASSED] - Text ****** has been set on object 'Object Repository/Page_Local Moodle Log in to the site/input_Password_password (16)'

2022-01-16 19:54:06 - [TEST_STEP][PASSED] - click(findTestObject("Object Repository/Page_Local Moodle Log in to the site/button_Log in (16)")): Object: 'Object Repository/Page_Local Moodle Log in to the site/button_Log in (16)' is clicked on

2022-01-16 19:54:08 - [MESSAGE][PASSED] - Object: 'Object Repository/Page_Local Moodle Log in to the site/button_Log in (16)' is clicked on

2022-01-16 19:54:08 - [TEST_STEP][PASSED] - click(findTestObject("Object Repository/Page_Nh ca ti/a_Lch (3)")): Object: 'Object Repository/Page_Nh ca ti/a_Lch (3)' is clicked on

2022-01-16 19:54:13 - [MESSAGE][PASSED] - Object: 'Object Repository/Page_Nh ca ti/a_Lch (3)' is clicked on

2022-01-16 19:54:13 - [TEST_STEP][PASSED] - click(findTestObject("Object Repository/Page_Moodle Lch Xem chi tit thng Thng Ging 2022/button_S kin mi (3)")): Object: 'Object Repository/Page_Moodle Lch Xem chi tit thng Thng Ging 2022/button_S kin mi (3)' is clicked on

2022-01-16 19:54:19 - [MESSAGE][INFO] - Unable to find the element located by 'By.xpath: //div[@id='calendar-month-61ddab774c1a161ddab770fc1721']/div/button'. Please recheck the objects properties to make sure the desired element is located. 

2022-01-16 19:54:19 - [MESSAGE][WARNING] - [SELF-HEALING] Failed to find element with id 'Object Repository/Page_Moodle Lch Xem chi tit thng Thng Ging 2022/button_S kin mi (3)'. Try using Self-healing.

2022-01-16 19:54:19 - [MESSAGE][WARNING] - [SELF-HEALING] The current locator of test object 'Object Repository/Page_Moodle Lch Xem chi tit thng Thng Ging 2022/button_S kin mi (3)' was broken. Propose an alternative one: '(.//*[normalize-space(text()) and normalize-space(.)='Danh sách khóa học'])[1]/following::button[1]'.

2022-01-16 19:54:19 - [MESSAGE][PASSED] - Object: 'Object Repository/Page_Moodle Lch Xem chi tit thng Thng Ging 2022/button_S kin mi (3)' is clicked on

2022-01-16 19:54:19 - [TEST_STEP][PASSED] - setText(findTestObject("Object Repository/Page_Moodle Lch Xem chi tit thng Thng Ging 2022/input_Tiu  s kin_name (3)"), "Seminar"): Text 'Seminar' is set on object 'Object Repository/Page_Moodle Lch Xem chi tit thng Thng Ging 2022/input_Tiu  s kin_name (3)'

2022-01-16 19:54:23 - [MESSAGE][PASSED] - Text 'Seminar' is set on object 'Object Repository/Page_Moodle Lch Xem chi tit thng Thng Ging 2022/input_Tiu  s kin_name (3)'

2022-01-16 19:54:23 - [TEST_STEP][PASSED] - selectOptionByValue(findTestObject("Object Repository/Page_Moodle Lch Xem chi tit thng Thng Ging 2022/select_1        2        3        4        _45ea30 (3)"), "16", true): All options with value '16' are selected in object 'Object Repository/Page_Moodle Lch Xem chi tit thng Thng Ging 2022/select_1        2        3        4        _45ea30 (3)'  using regular expression

2022-01-16 19:54:25 - [MESSAGE][PASSED] - All options with value '16' are selected in object 'Object Repository/Page_Moodle Lch Xem chi tit thng Thng Ging 2022/select_1        2        3        4        _45ea30 (3)'  using regular expression

2022-01-16 19:54:25 - [TEST_STEP][PASSED] - selectOptionByValue(findTestObject("Object Repository/Page_Moodle Lch Xem chi tit thng Thng Ging 2022/select_00        01        02        03    _f6e37b (2)"), "8", true): All options with value '8' are selected in object 'Object Repository/Page_Moodle Lch Xem chi tit thng Thng Ging 2022/select_00        01        02        03    _f6e37b (2)'  using regular expression

2022-01-16 19:54:26 - [MESSAGE][PASSED] - All options with value '8' are selected in object 'Object Repository/Page_Moodle Lch Xem chi tit thng Thng Ging 2022/select_00        01        02        03    _f6e37b (2)'  using regular expression

2022-01-16 19:54:26 - [TEST_STEP][PASSED] - selectOptionByValue(findTestObject("Object Repository/Page_Moodle Lch Xem chi tit thng Thng Ging 2022/select_00        01        02        03    _f6e37b_1 (2)"), "15", true): All options with value '15' are selected in object 'Object Repository/Page_Moodle Lch Xem chi tit thng Thng Ging 2022/select_00        01        02        03    _f6e37b_1 (2)'  using regular expression

2022-01-16 19:54:29 - [MESSAGE][PASSED] - All options with value '15' are selected in object 'Object Repository/Page_Moodle Lch Xem chi tit thng Thng Ging 2022/select_00        01        02        03    _f6e37b_1 (2)'  using regular expression

2022-01-16 19:54:29 - [TEST_STEP][PASSED] - selectOptionByValue(findTestObject("Object Repository/Page_Moodle Lch Xem chi tit thng Thng Ging 2022/select_Thnh vin            Kho hc          _5efb09 (3)"), "course", true): All options with value 'course' are selected in object 'Object Repository/Page_Moodle Lch Xem chi tit thng Thng Ging 2022/select_Thnh vin            Kho hc          _5efb09 (3)'  using regular expression

2022-01-16 19:54:30 - [MESSAGE][PASSED] - All options with value 'course' are selected in object 'Object Repository/Page_Moodle Lch Xem chi tit thng Thng Ging 2022/select_Thnh vin            Kho hc          _5efb09 (3)'  using regular expression

2022-01-16 19:54:30 - [TEST_STEP][PASSED] - click(findTestObject("Object Repository/Page_Moodle Lch Xem chi tit thng Thng Ging 2022/span__1_2_3_4")): Object: 'Object Repository/Page_Moodle Lch Xem chi tit thng Thng Ging 2022/span__1_2_3_4' is clicked on

2022-01-16 19:54:37 - [MESSAGE][INFO] - Unable to find the element located by 'By.xpath: //span[@id='form_autocomplete_downarrow-1642045252858']'. Please recheck the objects properties to make sure the desired element is located. 

2022-01-16 19:54:37 - [MESSAGE][WARNING] - [SELF-HEALING] Failed to find element with id 'Object Repository/Page_Moodle Lch Xem chi tit thng Thng Ging 2022/span__1_2_3_4'. Try using Self-healing.

2022-01-16 19:54:37 - [MESSAGE][WARNING] - [SELF-HEALING] The current locator of test object 'Object Repository/Page_Moodle Lch Xem chi tit thng Thng Ging 2022/span__1_2_3_4' was broken. Propose an alternative one: '(.//*[normalize-space(text()) and normalize-space(.)='No selection'])[1]/following::span[1]'.

2022-01-16 19:54:37 - [MESSAGE][PASSED] - Object: 'Object Repository/Page_Moodle Lch Xem chi tit thng Thng Ging 2022/span__1_2_3_4' is clicked on

2022-01-16 19:54:37 - [TEST_STEP][PASSED] - click(findTestObject("Object Repository/Page_Moodle Lch Xem chi tit thng Thng Ging 2022/li_Software Engineering_1_2_3")): Object: 'Object Repository/Page_Moodle Lch Xem chi tit thng Thng Ging 2022/li_Software Engineering_1_2_3' is clicked on

2022-01-16 19:54:43 - [MESSAGE][INFO] - Unable to find the element located by 'By.xpath: //li[@id='form_autocomplete_suggestions-1642045252858-0']'. Please recheck the objects properties to make sure the desired element is located. 

2022-01-16 19:54:43 - [MESSAGE][WARNING] - [SELF-HEALING] Failed to find element with id 'Object Repository/Page_Moodle Lch Xem chi tit thng Thng Ging 2022/li_Software Engineering_1_2_3'. Try using Self-healing.

2022-01-16 19:54:44 - [MESSAGE][WARNING] - [SELF-HEALING] The current locator of test object 'Object Repository/Page_Moodle Lch Xem chi tit thng Thng Ging 2022/li_Software Engineering_1_2_3' was broken. Propose an alternative one: '(.//*[normalize-space(text()) and normalize-space(.)='▼'])[2]/following::li[1]'.

2022-01-16 19:54:44 - [MESSAGE][PASSED] - Object: 'Object Repository/Page_Moodle Lch Xem chi tit thng Thng Ging 2022/li_Software Engineering_1_2_3' is clicked on

2022-01-16 19:54:44 - [TEST_STEP][PASSED] - selectOptionByValue(findTestObject("Object Repository/Page_Moodle Lch Xem chi tit thng Thng Ging 2022/select_Software Engineering"), "3", true): All options with value '3' are selected in object 'Object Repository/Page_Moodle Lch Xem chi tit thng Thng Ging 2022/select_Software Engineering'  using regular expression

2022-01-16 19:54:45 - [MESSAGE][PASSED] - All options with value '3' are selected in object 'Object Repository/Page_Moodle Lch Xem chi tit thng Thng Ging 2022/select_Software Engineering'  using regular expression

2022-01-16 19:54:45 - [TEST_STEP][PASSED] - click(findTestObject("Object Repository/Page_Moodle Lch Xem chi tit thng Thng Ging 2022/a_Show more (2)")): Object: 'Object Repository/Page_Moodle Lch Xem chi tit thng Thng Ging 2022/a_Show more (2)' is clicked on

2022-01-16 19:54:52 - [MESSAGE][INFO] - Unable to find the element located by 'By.xpath: //a[@id='yui_3_17_2_1_1641917303276_609']'. Please recheck the objects properties to make sure the desired element is located. 

2022-01-16 19:54:52 - [MESSAGE][WARNING] - [SELF-HEALING] Failed to find element with id 'Object Repository/Page_Moodle Lch Xem chi tit thng Thng Ging 2022/a_Show more (2)'. Try using Self-healing.

2022-01-16 19:54:52 - [MESSAGE][WARNING] - [SELF-HEALING] The current locator of test object 'Object Repository/Page_Moodle Lch Xem chi tit thng Thng Ging 2022/a_Show more (2)' was broken. Propose an alternative one: '//a[contains(text(),'Show more...')]'.

2022-01-16 19:54:52 - [MESSAGE][PASSED] - Object: 'Object Repository/Page_Moodle Lch Xem chi tit thng Thng Ging 2022/a_Show more (2)' is clicked on

2022-01-16 19:54:52 - [TEST_STEP][PASSED] - click(findTestObject("Object Repository/Page_Moodle Lch Xem chi tit thng Thng Ging 2022/p")): Object: 'Object Repository/Page_Moodle Lch Xem chi tit thng Thng Ging 2022/p' is clicked on

2022-01-16 19:54:53 - [MESSAGE][PASSED] - Object: 'Object Repository/Page_Moodle Lch Xem chi tit thng Thng Ging 2022/p' is clicked on

2022-01-16 19:54:53 - [TEST_STEP][PASSED] - setText(findTestObject("Object Repository/Page_Moodle Lch Xem chi tit thng Thng Ging 2022/div_Gii p thc mc  n"), "Giải đáp thắc mắc đồ án"): Text 'Giải đáp thắc mắc đồ án' is set on object 'Object Repository/Page_Moodle Lch Xem chi tit thng Thng Ging 2022/div_Gii p thc mc  n'

2022-01-16 19:54:54 - [MESSAGE][PASSED] - Text 'Giải đáp thắc mắc đồ án' is set on object 'Object Repository/Page_Moodle Lch Xem chi tit thng Thng Ging 2022/div_Gii p thc mc  n'

2022-01-16 19:54:54 - [TEST_STEP][PASSED] - click(findTestObject("Object Repository/Page_Moodle Lch Xem chi tit thng Thng Ging 2022/input_Ti_duration (1)")): Object: 'Object Repository/Page_Moodle Lch Xem chi tit thng Thng Ging 2022/input_Ti_duration (1)' is clicked on

2022-01-16 19:54:55 - [MESSAGE][PASSED] - Object: 'Object Repository/Page_Moodle Lch Xem chi tit thng Thng Ging 2022/input_Ti_duration (1)' is clicked on

2022-01-16 19:54:55 - [TEST_STEP][PASSED] - selectOptionByValue(findTestObject("Object Repository/Page_Moodle Lch Xem chi tit thng Thng Ging 2022/select_1        2        3        4        _45ea30_1 (1)"), "16", true): All options with value '16' are selected in object 'Object Repository/Page_Moodle Lch Xem chi tit thng Thng Ging 2022/select_1        2        3        4        _45ea30_1 (1)'  using regular expression

2022-01-16 19:54:57 - [MESSAGE][PASSED] - All options with value '16' are selected in object 'Object Repository/Page_Moodle Lch Xem chi tit thng Thng Ging 2022/select_1        2        3        4        _45ea30_1 (1)'  using regular expression

2022-01-16 19:54:57 - [TEST_STEP][PASSED] - selectOptionByValue(findTestObject("Object Repository/Page_Moodle Lch Xem chi tit thng Thng Ging 2022/select_00        01        02        03    _f6e37b_1_2 (1)"), "11", true): All options with value '11' are selected in object 'Object Repository/Page_Moodle Lch Xem chi tit thng Thng Ging 2022/select_00        01        02        03    _f6e37b_1_2 (1)'  using regular expression

2022-01-16 19:54:59 - [MESSAGE][PASSED] - All options with value '11' are selected in object 'Object Repository/Page_Moodle Lch Xem chi tit thng Thng Ging 2022/select_00        01        02        03    _f6e37b_1_2 (1)'  using regular expression

2022-01-16 19:54:59 - [TEST_STEP][PASSED] - selectOptionByValue(findTestObject("Object Repository/Page_Moodle Lch Xem chi tit thng Thng Ging 2022/select_00        01        02        03    _f6e37b_1_2_3 (1)"), "0", true): All options with value '0' are selected in object 'Object Repository/Page_Moodle Lch Xem chi tit thng Thng Ging 2022/select_00        01        02        03    _f6e37b_1_2_3 (1)'  using regular expression

2022-01-16 19:55:01 - [MESSAGE][PASSED] - All options with value '0' are selected in object 'Object Repository/Page_Moodle Lch Xem chi tit thng Thng Ging 2022/select_00        01        02        03    _f6e37b_1_2_3 (1)'  using regular expression

2022-01-16 19:55:01 - [TEST_STEP][PASSED] - click(findTestObject("Object Repository/Page_Moodle Lch Xem chi tit thng Thng Ging 2022/button_Lu (3)")): Object: 'Object Repository/Page_Moodle Lch Xem chi tit thng Thng Ging 2022/button_Lu (3)' is clicked on

2022-01-16 19:55:07 - [MESSAGE][INFO] - Unable to find the element located by 'By.xpath: //button[@id='yui_3_17_2_1_1641917303276_1585']'. Please recheck the objects properties to make sure the desired element is located. 

2022-01-16 19:55:07 - [MESSAGE][WARNING] - [SELF-HEALING] Failed to find element with id 'Object Repository/Page_Moodle Lch Xem chi tit thng Thng Ging 2022/button_Lu (3)'. Try using Self-healing.

2022-01-16 19:55:07 - [MESSAGE][WARNING] - [SELF-HEALING] The current locator of test object 'Object Repository/Page_Moodle Lch Xem chi tit thng Thng Ging 2022/button_Lu (3)' was broken. Propose an alternative one: '(.//*[normalize-space(text()) and normalize-space(.)='Lặp lại hàng tuần, tạo ra tất cả'])[1]/following::button[1]'.

2022-01-16 19:55:08 - [MESSAGE][PASSED] - Object: 'Object Repository/Page_Moodle Lch Xem chi tit thng Thng Ging 2022/button_Lu (3)' is clicked on

2022-01-16 19:55:08 - [TEST_STEP][PASSED] - closeBrowser(): Browser is closed

2022-01-16 19:55:09 - [MESSAGE][PASSED] - Browser is closed]]></system-out>
         <system-err><![CDATA[]]></system-err>
      </testcase>
      <testcase name="Test Cases/Create event on calendar/Create Event Set Description" time="64.965" classname="Test Cases/Create event on calendar/Create Event Set Description" status="PASSED">
         <system-out><![CDATA[2022-01-16 19:55:09 - [TEST_CASE][PASSED] - Test Cases/Create event on calendar/Create Event Set Description: Test Cases/Create event on calendar/Create Event Set Description

2022-01-16 19:55:10 - [TEST_STEP][PASSED] - openBrowser(""): Browser is opened with url: ''

2022-01-16 19:55:10 - [MESSAGE][INFO] - Starting 'Edge Chromium' driver

2022-01-16 19:55:12 - [MESSAGE][INFO] - Action delay is set to 0 milliseconds

2022-01-16 19:55:14 - [MESSAGE][PASSED] - Browser is opened with url: ''

2022-01-16 19:55:14 - [TEST_STEP][PASSED] - navigateToUrl("http://localhost/"): Navigate to 'http://localhost/' successfully

2022-01-16 19:55:15 - [MESSAGE][PASSED] - Navigate to 'http://localhost/' successfully

2022-01-16 19:55:15 - [TEST_STEP][PASSED] - click(findTestObject("Object Repository/Page_Local Moodle/a_Log in (14)")): Object: 'Object Repository/Page_Local Moodle/a_Log in (14)' is clicked on

2022-01-16 19:55:16 - [MESSAGE][PASSED] - Object: 'Object Repository/Page_Local Moodle/a_Log in (14)' is clicked on

2022-01-16 19:55:16 - [TEST_STEP][PASSED] - setText(findTestObject("Object Repository/Page_Local Moodle Log in to the site/input_Username_username (14)"), "admin"): Text 'admin' is set on object 'Object Repository/Page_Local Moodle Log in to the site/input_Username_username (14)'

2022-01-16 19:55:18 - [MESSAGE][PASSED] - Text 'admin' is set on object 'Object Repository/Page_Local Moodle Log in to the site/input_Username_username (14)'

2022-01-16 19:55:18 - [TEST_STEP][PASSED] - setEncryptedText(findTestObject("Object Repository/Page_Local Moodle Log in to the site/input_Password_password (14)"), "bfAykA/oWJ09FXmiKh6lyuuLu8QhG1K5"): Text ****** has been set on object 'Object Repository/Page_Local Moodle Log in to the site/input_Password_password (14)'

2022-01-16 19:55:18 - [MESSAGE][PASSED] - Text ****** has been set on object 'Object Repository/Page_Local Moodle Log in to the site/input_Password_password (14)'

2022-01-16 19:55:18 - [TEST_STEP][PASSED] - click(findTestObject("Object Repository/Page_Local Moodle Log in to the site/button_Log in (14)")): Object: 'Object Repository/Page_Local Moodle Log in to the site/button_Log in (14)' is clicked on

2022-01-16 19:55:21 - [MESSAGE][PASSED] - Object: 'Object Repository/Page_Local Moodle Log in to the site/button_Log in (14)' is clicked on

2022-01-16 19:55:21 - [TEST_STEP][PASSED] - click(findTestObject("Object Repository/Page_Nh ca ti/a_Lch (1)")): Object: 'Object Repository/Page_Nh ca ti/a_Lch (1)' is clicked on

2022-01-16 19:55:25 - [MESSAGE][PASSED] - Object: 'Object Repository/Page_Nh ca ti/a_Lch (1)' is clicked on

2022-01-16 19:55:25 - [TEST_STEP][PASSED] - click(findTestObject("Object Repository/Page_Moodle Lch Xem chi tit thng Thng Ging 2022/button_S kin mi (1)")): Object: 'Object Repository/Page_Moodle Lch Xem chi tit thng Thng Ging 2022/button_S kin mi (1)' is clicked on

2022-01-16 19:55:31 - [MESSAGE][INFO] - Unable to find the element located by 'By.xpath: //div[@id='calendar-month-61dda5ebf3a0b61dda5ebae16821']/div/button'. Please recheck the objects properties to make sure the desired element is located. 

2022-01-16 19:55:31 - [MESSAGE][WARNING] - [SELF-HEALING] Failed to find element with id 'Object Repository/Page_Moodle Lch Xem chi tit thng Thng Ging 2022/button_S kin mi (1)'. Try using Self-healing.

2022-01-16 19:55:32 - [MESSAGE][WARNING] - [SELF-HEALING] The current locator of test object 'Object Repository/Page_Moodle Lch Xem chi tit thng Thng Ging 2022/button_S kin mi (1)' was broken. Propose an alternative one: '(.//*[normalize-space(text()) and normalize-space(.)='Danh sách khóa học'])[1]/following::button[1]'.

2022-01-16 19:55:32 - [MESSAGE][PASSED] - Object: 'Object Repository/Page_Moodle Lch Xem chi tit thng Thng Ging 2022/button_S kin mi (1)' is clicked on

2022-01-16 19:55:32 - [TEST_STEP][PASSED] - setText(findTestObject("Object Repository/Page_Moodle Lch Xem chi tit thng Thng Ging 2022/input_Tiu  s kin_name (1)"), "Seminar Project"): Text 'Seminar Project' is set on object 'Object Repository/Page_Moodle Lch Xem chi tit thng Thng Ging 2022/input_Tiu  s kin_name (1)'

2022-01-16 19:55:35 - [MESSAGE][PASSED] - Text 'Seminar Project' is set on object 'Object Repository/Page_Moodle Lch Xem chi tit thng Thng Ging 2022/input_Tiu  s kin_name (1)'

2022-01-16 19:55:35 - [TEST_STEP][PASSED] - selectOptionByValue(findTestObject("Object Repository/Page_Moodle Lch Xem chi tit thng Thng Ging 2022/select_1        2        3        4        _45ea30 (1)"), "14", true): All options with value '14' are selected in object 'Object Repository/Page_Moodle Lch Xem chi tit thng Thng Ging 2022/select_1        2        3        4        _45ea30 (1)'  using regular expression

2022-01-16 19:55:37 - [MESSAGE][PASSED] - All options with value '14' are selected in object 'Object Repository/Page_Moodle Lch Xem chi tit thng Thng Ging 2022/select_1        2        3        4        _45ea30 (1)'  using regular expression

2022-01-16 19:55:37 - [TEST_STEP][PASSED] - selectOptionByValue(findTestObject("Object Repository/Page_Moodle Lch Xem chi tit thng Thng Ging 2022/select_00        01        02        03    _f6e37b"), "9", true): All options with value '9' are selected in object 'Object Repository/Page_Moodle Lch Xem chi tit thng Thng Ging 2022/select_00        01        02        03    _f6e37b'  using regular expression

2022-01-16 19:55:39 - [MESSAGE][PASSED] - All options with value '9' are selected in object 'Object Repository/Page_Moodle Lch Xem chi tit thng Thng Ging 2022/select_00        01        02        03    _f6e37b'  using regular expression

2022-01-16 19:55:39 - [TEST_STEP][PASSED] - selectOptionByValue(findTestObject("Object Repository/Page_Moodle Lch Xem chi tit thng Thng Ging 2022/select_00        01        02        03    _f6e37b_1"), "0", true): All options with value '0' are selected in object 'Object Repository/Page_Moodle Lch Xem chi tit thng Thng Ging 2022/select_00        01        02        03    _f6e37b_1'  using regular expression

2022-01-16 19:55:41 - [MESSAGE][PASSED] - All options with value '0' are selected in object 'Object Repository/Page_Moodle Lch Xem chi tit thng Thng Ging 2022/select_00        01        02        03    _f6e37b_1'  using regular expression

2022-01-16 19:55:41 - [TEST_STEP][PASSED] - selectOptionByValue(findTestObject("Object Repository/Page_Moodle Lch Xem chi tit thng Thng Ging 2022/select_Thnh vin            Kho hc          _5efb09 (1)"), "course", true): All options with value 'course' are selected in object 'Object Repository/Page_Moodle Lch Xem chi tit thng Thng Ging 2022/select_Thnh vin            Kho hc          _5efb09 (1)'  using regular expression

2022-01-16 19:55:42 - [MESSAGE][PASSED] - All options with value 'course' are selected in object 'Object Repository/Page_Moodle Lch Xem chi tit thng Thng Ging 2022/select_Thnh vin            Kho hc          _5efb09 (1)'  using regular expression

2022-01-16 19:55:42 - [TEST_STEP][PASSED] - click(findTestObject("Object Repository/Page_Moodle Lch Xem chi tit thng Thng Ging 2022/span__1_2_3_4")): Object: 'Object Repository/Page_Moodle Lch Xem chi tit thng Thng Ging 2022/span__1_2_3_4' is clicked on

2022-01-16 19:55:49 - [MESSAGE][INFO] - Unable to find the element located by 'By.xpath: //span[@id='form_autocomplete_downarrow-1642045252858']'. Please recheck the objects properties to make sure the desired element is located. 

2022-01-16 19:55:49 - [MESSAGE][WARNING] - [SELF-HEALING] Failed to find element with id 'Object Repository/Page_Moodle Lch Xem chi tit thng Thng Ging 2022/span__1_2_3_4'. Try using Self-healing.

2022-01-16 19:55:49 - [MESSAGE][WARNING] - [SELF-HEALING] The current locator of test object 'Object Repository/Page_Moodle Lch Xem chi tit thng Thng Ging 2022/span__1_2_3_4' was broken. Propose an alternative one: '(.//*[normalize-space(text()) and normalize-space(.)='No selection'])[1]/following::span[1]'.

2022-01-16 19:55:49 - [MESSAGE][PASSED] - Object: 'Object Repository/Page_Moodle Lch Xem chi tit thng Thng Ging 2022/span__1_2_3_4' is clicked on

2022-01-16 19:55:49 - [TEST_STEP][PASSED] - click(findTestObject("Object Repository/Page_Moodle Lch Xem chi tit thng Thng Ging 2022/li_Software Engineering_1_2_3")): Object: 'Object Repository/Page_Moodle Lch Xem chi tit thng Thng Ging 2022/li_Software Engineering_1_2_3' is clicked on

2022-01-16 19:55:56 - [MESSAGE][INFO] - Unable to find the element located by 'By.xpath: //li[@id='form_autocomplete_suggestions-1642045252858-0']'. Please recheck the objects properties to make sure the desired element is located. 

2022-01-16 19:55:56 - [MESSAGE][WARNING] - [SELF-HEALING] Failed to find element with id 'Object Repository/Page_Moodle Lch Xem chi tit thng Thng Ging 2022/li_Software Engineering_1_2_3'. Try using Self-healing.

2022-01-16 19:55:56 - [MESSAGE][WARNING] - [SELF-HEALING] The current locator of test object 'Object Repository/Page_Moodle Lch Xem chi tit thng Thng Ging 2022/li_Software Engineering_1_2_3' was broken. Propose an alternative one: '(.//*[normalize-space(text()) and normalize-space(.)='▼'])[2]/following::li[1]'.

2022-01-16 19:55:56 - [MESSAGE][PASSED] - Object: 'Object Repository/Page_Moodle Lch Xem chi tit thng Thng Ging 2022/li_Software Engineering_1_2_3' is clicked on

2022-01-16 19:55:56 - [TEST_STEP][PASSED] - selectOptionByValue(findTestObject("Object Repository/Page_Moodle Lch Xem chi tit thng Thng Ging 2022/select_Software Engineering"), "3", true): All options with value '3' are selected in object 'Object Repository/Page_Moodle Lch Xem chi tit thng Thng Ging 2022/select_Software Engineering'  using regular expression

2022-01-16 19:55:58 - [MESSAGE][PASSED] - All options with value '3' are selected in object 'Object Repository/Page_Moodle Lch Xem chi tit thng Thng Ging 2022/select_Software Engineering'  using regular expression

2022-01-16 19:55:58 - [TEST_STEP][PASSED] - click(findTestObject("Object Repository/Page_Moodle Lch Xem chi tit thng Thng Ging 2022/a_Show more")): Object: 'Object Repository/Page_Moodle Lch Xem chi tit thng Thng Ging 2022/a_Show more' is clicked on

2022-01-16 19:56:04 - [MESSAGE][INFO] - Unable to find the element located by 'By.xpath: //a[@id='yui_3_17_2_1_1641915883945_609']'. Please recheck the objects properties to make sure the desired element is located. 

2022-01-16 19:56:04 - [MESSAGE][WARNING] - [SELF-HEALING] Failed to find element with id 'Object Repository/Page_Moodle Lch Xem chi tit thng Thng Ging 2022/a_Show more'. Try using Self-healing.

2022-01-16 19:56:04 - [MESSAGE][WARNING] - [SELF-HEALING] The current locator of test object 'Object Repository/Page_Moodle Lch Xem chi tit thng Thng Ging 2022/a_Show more' was broken. Propose an alternative one: '//a[contains(text(),'Show more...')]'.

2022-01-16 19:56:04 - [MESSAGE][PASSED] - Object: 'Object Repository/Page_Moodle Lch Xem chi tit thng Thng Ging 2022/a_Show more' is clicked on

2022-01-16 19:56:04 - [TEST_STEP][PASSED] - setText(findTestObject("Object Repository/Page_Moodle Lch Xem chi tit thng Thng Ging 2022/div_Gii p thc mc v  n"), "Giải đáp thắc mắc về đồ án"): Text 'Giải đáp thắc mắc về đồ án' is set on object 'Object Repository/Page_Moodle Lch Xem chi tit thng Thng Ging 2022/div_Gii p thc mc v  n'

2022-01-16 19:56:06 - [MESSAGE][PASSED] - Text 'Giải đáp thắc mắc về đồ án' is set on object 'Object Repository/Page_Moodle Lch Xem chi tit thng Thng Ging 2022/div_Gii p thc mc v  n'

2022-01-16 19:56:06 - [TEST_STEP][PASSED] - click(findTestObject("Object Repository/Page_Moodle Lch Xem chi tit thng Thng Ging 2022/button_Lu (1)")): Object: 'Object Repository/Page_Moodle Lch Xem chi tit thng Thng Ging 2022/button_Lu (1)' is clicked on

2022-01-16 19:56:12 - [MESSAGE][INFO] - Unable to find the element located by 'By.xpath: //button[@id='yui_3_17_2_1_1641915883945_1459']'. Please recheck the objects properties to make sure the desired element is located. 

2022-01-16 19:56:12 - [MESSAGE][WARNING] - [SELF-HEALING] Failed to find element with id 'Object Repository/Page_Moodle Lch Xem chi tit thng Thng Ging 2022/button_Lu (1)'. Try using Self-healing.

2022-01-16 19:56:13 - [MESSAGE][WARNING] - [SELF-HEALING] The current locator of test object 'Object Repository/Page_Moodle Lch Xem chi tit thng Thng Ging 2022/button_Lu (1)' was broken. Propose an alternative one: '(.//*[normalize-space(text()) and normalize-space(.)='Lặp lại hàng tuần, tạo ra tất cả'])[1]/following::button[1]'.

2022-01-16 19:56:13 - [MESSAGE][PASSED] - Object: 'Object Repository/Page_Moodle Lch Xem chi tit thng Thng Ging 2022/button_Lu (1)' is clicked on

2022-01-16 19:56:13 - [TEST_STEP][PASSED] - closeBrowser(): Browser is closed

2022-01-16 19:56:14 - [MESSAGE][PASSED] - Browser is closed]]></system-out>
         <system-err><![CDATA[]]></system-err>
      </testcase>
      <testcase name="Test Cases/Create event on calendar/Create Event Set Time Minute And Repeat" time="68.395" classname="Test Cases/Create event on calendar/Create Event Set Time Minute And Repeat" status="PASSED">
         <system-out><![CDATA[2022-01-16 19:56:14 - [TEST_CASE][PASSED] - Test Cases/Create event on calendar/Create Event Set Time Minute And Repeat: Test Cases/Create event on calendar/Create Event Set Time Minute And Repeat

2022-01-16 19:56:15 - [TEST_STEP][PASSED] - openBrowser(""): Browser is opened with url: ''

2022-01-16 19:56:15 - [MESSAGE][INFO] - Starting 'Edge Chromium' driver

2022-01-16 19:56:17 - [MESSAGE][INFO] - Action delay is set to 0 milliseconds

2022-01-16 19:56:18 - [MESSAGE][PASSED] - Browser is opened with url: ''

2022-01-16 19:56:18 - [TEST_STEP][PASSED] - navigateToUrl("http://localhost/"): Navigate to 'http://localhost/' successfully

2022-01-16 19:56:20 - [MESSAGE][PASSED] - Navigate to 'http://localhost/' successfully

2022-01-16 19:56:20 - [TEST_STEP][PASSED] - click(findTestObject("Object Repository/Page_Local Moodle/a_Log in (17)")): Object: 'Object Repository/Page_Local Moodle/a_Log in (17)' is clicked on

2022-01-16 19:56:21 - [MESSAGE][PASSED] - Object: 'Object Repository/Page_Local Moodle/a_Log in (17)' is clicked on

2022-01-16 19:56:21 - [TEST_STEP][PASSED] - setText(findTestObject("Object Repository/Page_Local Moodle Log in to the site/input_Username_username (17)"), "admin"): Text 'admin' is set on object 'Object Repository/Page_Local Moodle Log in to the site/input_Username_username (17)'

2022-01-16 19:56:22 - [MESSAGE][PASSED] - Text 'admin' is set on object 'Object Repository/Page_Local Moodle Log in to the site/input_Username_username (17)'

2022-01-16 19:56:22 - [TEST_STEP][PASSED] - setEncryptedText(findTestObject("Object Repository/Page_Local Moodle Log in to the site/input_Password_password (17)"), "bfAykA/oWJ09FXmiKh6lyuuLu8QhG1K5"): Text ****** has been set on object 'Object Repository/Page_Local Moodle Log in to the site/input_Password_password (17)'

2022-01-16 19:56:23 - [MESSAGE][PASSED] - Text ****** has been set on object 'Object Repository/Page_Local Moodle Log in to the site/input_Password_password (17)'

2022-01-16 19:56:23 - [TEST_STEP][PASSED] - click(findTestObject("Object Repository/Page_Local Moodle Log in to the site/button_Log in (17)")): Object: 'Object Repository/Page_Local Moodle Log in to the site/button_Log in (17)' is clicked on

2022-01-16 19:56:26 - [MESSAGE][PASSED] - Object: 'Object Repository/Page_Local Moodle Log in to the site/button_Log in (17)' is clicked on

2022-01-16 19:56:26 - [TEST_STEP][PASSED] - click(findTestObject("Object Repository/Page_Nh ca ti/a_Lch (4)")): Object: 'Object Repository/Page_Nh ca ti/a_Lch (4)' is clicked on

2022-01-16 19:56:31 - [MESSAGE][PASSED] - Object: 'Object Repository/Page_Nh ca ti/a_Lch (4)' is clicked on

2022-01-16 19:56:31 - [TEST_STEP][PASSED] - click(findTestObject("Object Repository/Page_Moodle Lch Xem chi tit thng Thng Ging 2022/button_S kin mi (4)")): Object: 'Object Repository/Page_Moodle Lch Xem chi tit thng Thng Ging 2022/button_S kin mi (4)' is clicked on

2022-01-16 19:56:37 - [MESSAGE][INFO] - Unable to find the element located by 'By.xpath: id("calendar-month-61ddaeeb7273d61ddaeeb3132c21")/div[@class="header d-flex flex-wrap p-1"]/button[@class="btn btn-secondary float-sm-right float-right"][count(. | //button[@class = 'btn btn-secondary float-sm-right float-right' and @data-context-id = '2' and @data-action = 'new-event-button' and (text() = '
            Sự kiện mới
        ' or . = '
            Sự kiện mới
        ')]) = count(//button[@class = 'btn btn-secondary float-sm-right float-right' and @data-context-id = '2' and @data-action = 'new-event-button' and (text() = '
            Sự kiện mới
        ' or . = '
            Sự kiện mới
        ')])]'. Please recheck the objects properties to make sure the desired element is located. 

2022-01-16 19:56:37 - [MESSAGE][WARNING] - [SELF-HEALING] Failed to find element with id 'Object Repository/Page_Moodle Lch Xem chi tit thng Thng Ging 2022/button_S kin mi (4)'. Try using Self-healing.

2022-01-16 19:56:38 - [MESSAGE][WARNING] - [SELF-HEALING] The current locator of test object 'Object Repository/Page_Moodle Lch Xem chi tit thng Thng Ging 2022/button_S kin mi (4)' was broken. Propose an alternative one: '(.//*[normalize-space(text()) and normalize-space(.)='Danh sách khóa học'])[1]/following::button[1]'.

2022-01-16 19:56:38 - [MESSAGE][PASSED] - Object: 'Object Repository/Page_Moodle Lch Xem chi tit thng Thng Ging 2022/button_S kin mi (4)' is clicked on

2022-01-16 19:56:38 - [TEST_STEP][PASSED] - setText(findTestObject("Object Repository/Page_Moodle Lch Xem chi tit thng Thng Ging 2022/input_Tiu  s kin_name (4)"), "Seminar"): Text 'Seminar' is set on object 'Object Repository/Page_Moodle Lch Xem chi tit thng Thng Ging 2022/input_Tiu  s kin_name (4)'

2022-01-16 19:56:41 - [MESSAGE][PASSED] - Text 'Seminar' is set on object 'Object Repository/Page_Moodle Lch Xem chi tit thng Thng Ging 2022/input_Tiu  s kin_name (4)'

2022-01-16 19:56:41 - [TEST_STEP][PASSED] - selectOptionByValue(findTestObject("Object Repository/Page_Moodle Lch Xem chi tit thng Thng Ging 2022/select_1        2        3        4        _45ea30 (4)"), "14", true): All options with value '14' are selected in object 'Object Repository/Page_Moodle Lch Xem chi tit thng Thng Ging 2022/select_1        2        3        4        _45ea30 (4)'  using regular expression

2022-01-16 19:56:43 - [MESSAGE][PASSED] - All options with value '14' are selected in object 'Object Repository/Page_Moodle Lch Xem chi tit thng Thng Ging 2022/select_1        2        3        4        _45ea30 (4)'  using regular expression

2022-01-16 19:56:43 - [TEST_STEP][PASSED] - selectOptionByValue(findTestObject("Object Repository/Page_Moodle Lch Xem chi tit thng Thng Ging 2022/select_00        01        02        03    _f6e37b (3)"), "7", true): All options with value '7' are selected in object 'Object Repository/Page_Moodle Lch Xem chi tit thng Thng Ging 2022/select_00        01        02        03    _f6e37b (3)'  using regular expression

2022-01-16 19:56:45 - [MESSAGE][PASSED] - All options with value '7' are selected in object 'Object Repository/Page_Moodle Lch Xem chi tit thng Thng Ging 2022/select_00        01        02        03    _f6e37b (3)'  using regular expression

2022-01-16 19:56:45 - [TEST_STEP][PASSED] - selectOptionByValue(findTestObject("Object Repository/Page_Moodle Lch Xem chi tit thng Thng Ging 2022/select_00        01        02        03    _f6e37b_1 (3)"), "30", true): All options with value '30' are selected in object 'Object Repository/Page_Moodle Lch Xem chi tit thng Thng Ging 2022/select_00        01        02        03    _f6e37b_1 (3)'  using regular expression

2022-01-16 19:56:47 - [MESSAGE][PASSED] - All options with value '30' are selected in object 'Object Repository/Page_Moodle Lch Xem chi tit thng Thng Ging 2022/select_00        01        02        03    _f6e37b_1 (3)'  using regular expression

2022-01-16 19:56:47 - [TEST_STEP][PASSED] - selectOptionByValue(findTestObject("Object Repository/Page_Moodle Lch Xem chi tit thng Thng Ging 2022/select_Thnh vin            Kho hc          _5efb09 (4)"), "course", true): All options with value 'course' are selected in object 'Object Repository/Page_Moodle Lch Xem chi tit thng Thng Ging 2022/select_Thnh vin            Kho hc          _5efb09 (4)'  using regular expression

2022-01-16 19:56:49 - [MESSAGE][PASSED] - All options with value 'course' are selected in object 'Object Repository/Page_Moodle Lch Xem chi tit thng Thng Ging 2022/select_Thnh vin            Kho hc          _5efb09 (4)'  using regular expression

2022-01-16 19:56:49 - [TEST_STEP][PASSED] - click(findTestObject("Object Repository/Page_Moodle Lch Xem chi tit thng Thng Ging 2022/span__1_2_3_4")): Object: 'Object Repository/Page_Moodle Lch Xem chi tit thng Thng Ging 2022/span__1_2_3_4' is clicked on

2022-01-16 19:56:55 - [MESSAGE][INFO] - Unable to find the element located by 'By.xpath: //span[@id='form_autocomplete_downarrow-1642045252858']'. Please recheck the objects properties to make sure the desired element is located. 

2022-01-16 19:56:55 - [MESSAGE][WARNING] - [SELF-HEALING] Failed to find element with id 'Object Repository/Page_Moodle Lch Xem chi tit thng Thng Ging 2022/span__1_2_3_4'. Try using Self-healing.

2022-01-16 19:56:55 - [MESSAGE][WARNING] - [SELF-HEALING] The current locator of test object 'Object Repository/Page_Moodle Lch Xem chi tit thng Thng Ging 2022/span__1_2_3_4' was broken. Propose an alternative one: '(.//*[normalize-space(text()) and normalize-space(.)='No selection'])[1]/following::span[1]'.

2022-01-16 19:56:55 - [MESSAGE][PASSED] - Object: 'Object Repository/Page_Moodle Lch Xem chi tit thng Thng Ging 2022/span__1_2_3_4' is clicked on

2022-01-16 19:56:55 - [TEST_STEP][PASSED] - click(findTestObject("Object Repository/Page_Moodle Lch Xem chi tit thng Thng Ging 2022/li_Software Engineering_1_2_3")): Object: 'Object Repository/Page_Moodle Lch Xem chi tit thng Thng Ging 2022/li_Software Engineering_1_2_3' is clicked on

2022-01-16 19:57:02 - [MESSAGE][INFO] - Unable to find the element located by 'By.xpath: //li[@id='form_autocomplete_suggestions-1642045252858-0']'. Please recheck the objects properties to make sure the desired element is located. 

2022-01-16 19:57:02 - [MESSAGE][WARNING] - [SELF-HEALING] Failed to find element with id 'Object Repository/Page_Moodle Lch Xem chi tit thng Thng Ging 2022/li_Software Engineering_1_2_3'. Try using Self-healing.

2022-01-16 19:57:02 - [MESSAGE][WARNING] - [SELF-HEALING] The current locator of test object 'Object Repository/Page_Moodle Lch Xem chi tit thng Thng Ging 2022/li_Software Engineering_1_2_3' was broken. Propose an alternative one: '(.//*[normalize-space(text()) and normalize-space(.)='▼'])[2]/following::li[1]'.

2022-01-16 19:57:02 - [MESSAGE][PASSED] - Object: 'Object Repository/Page_Moodle Lch Xem chi tit thng Thng Ging 2022/li_Software Engineering_1_2_3' is clicked on

2022-01-16 19:57:02 - [TEST_STEP][PASSED] - selectOptionByValue(findTestObject("Object Repository/Page_Moodle Lch Xem chi tit thng Thng Ging 2022/select_Software Engineering"), "3", true): All options with value '3' are selected in object 'Object Repository/Page_Moodle Lch Xem chi tit thng Thng Ging 2022/select_Software Engineering'  using regular expression

2022-01-16 19:57:04 - [MESSAGE][PASSED] - All options with value '3' are selected in object 'Object Repository/Page_Moodle Lch Xem chi tit thng Thng Ging 2022/select_Software Engineering'  using regular expression

2022-01-16 19:57:04 - [TEST_STEP][PASSED] - click(findTestObject("Object Repository/Page_Moodle Lch Xem chi tit thng Thng Ging 2022/a_Show more (3)")): Object: 'Object Repository/Page_Moodle Lch Xem chi tit thng Thng Ging 2022/a_Show more (3)' is clicked on

2022-01-16 19:57:10 - [MESSAGE][INFO] - Unable to find the element located by 'By.xpath: id("yui_3_17_2_1_1641918187444_609")[count(. | //a[@href = '#' and @class = 'moreless-toggler' and @aria-expanded = 'false' and @role = 'button' and @aria-controls = 'form-advanced-div' and @id = 'yui_3_17_2_1_1641918187444_609' and (text() = 'Show more...' or . = 'Show more...')]) = count(//a[@href = '#' and @class = 'moreless-toggler' and @aria-expanded = 'false' and @role = 'button' and @aria-controls = 'form-advanced-div' and @id = 'yui_3_17_2_1_1641918187444_609' and (text() = 'Show more...' or . = 'Show more...')])]'. Please recheck the objects properties to make sure the desired element is located. 

2022-01-16 19:57:10 - [MESSAGE][WARNING] - [SELF-HEALING] Failed to find element with id 'Object Repository/Page_Moodle Lch Xem chi tit thng Thng Ging 2022/a_Show more (3)'. Try using Self-healing.

2022-01-16 19:57:10 - [MESSAGE][WARNING] - [SELF-HEALING] The current locator of test object 'Object Repository/Page_Moodle Lch Xem chi tit thng Thng Ging 2022/a_Show more (3)' was broken. Propose an alternative one: '//a[contains(text(),'Show more...')]'.

2022-01-16 19:57:10 - [MESSAGE][PASSED] - Object: 'Object Repository/Page_Moodle Lch Xem chi tit thng Thng Ging 2022/a_Show more (3)' is clicked on

2022-01-16 19:57:10 - [TEST_STEP][PASSED] - click(findTestObject("Object Repository/Page_Moodle Lch Xem chi tit thng Thng Ging 2022/input_Ti_duration (2)")): Object: 'Object Repository/Page_Moodle Lch Xem chi tit thng Thng Ging 2022/input_Ti_duration (2)' is clicked on

2022-01-16 19:57:11 - [MESSAGE][PASSED] - Object: 'Object Repository/Page_Moodle Lch Xem chi tit thng Thng Ging 2022/input_Ti_duration (2)' is clicked on

2022-01-16 19:57:11 - [TEST_STEP][PASSED] - click(findTestObject("Object Repository/Page_Moodle Lch Xem chi tit thng Thng Ging 2022/input_Thi lng tnh bng pht_duration (1)")): Object: 'Object Repository/Page_Moodle Lch Xem chi tit thng Thng Ging 2022/input_Thi lng tnh bng pht_duration (1)' is clicked on

2022-01-16 19:57:12 - [MESSAGE][PASSED] - Object: 'Object Repository/Page_Moodle Lch Xem chi tit thng Thng Ging 2022/input_Thi lng tnh bng pht_duration (1)' is clicked on

2022-01-16 19:57:12 - [TEST_STEP][PASSED] - setText(findTestObject("Object Repository/Page_Moodle Lch Xem chi tit thng Thng Ging 2022/input_Thi lng tnh bng pht_timedurationminutes"), "120"): Text '120' is set on object 'Object Repository/Page_Moodle Lch Xem chi tit thng Thng Ging 2022/input_Thi lng tnh bng pht_timedurationminutes'

2022-01-16 19:57:13 - [MESSAGE][PASSED] - Text '120' is set on object 'Object Repository/Page_Moodle Lch Xem chi tit thng Thng Ging 2022/input_Thi lng tnh bng pht_timedurationminutes'

2022-01-16 19:57:13 - [TEST_STEP][PASSED] - click(findTestObject("Object Repository/Page_Moodle Lch Xem chi tit thng Thng Ging 2022/input_Thi lng tnh bng pht_repeat")): Object: 'Object Repository/Page_Moodle Lch Xem chi tit thng Thng Ging 2022/input_Thi lng tnh bng pht_repeat' is clicked on

2022-01-16 19:57:13 - [MESSAGE][PASSED] - Object: 'Object Repository/Page_Moodle Lch Xem chi tit thng Thng Ging 2022/input_Thi lng tnh bng pht_repeat' is clicked on

2022-01-16 19:57:13 - [TEST_STEP][PASSED] - setText(findTestObject("Object Repository/Page_Moodle Lch Xem chi tit thng Thng Ging 2022/input_Lp li hng tun, to ra tt c_repeats"), "2"): Text '2' is set on object 'Object Repository/Page_Moodle Lch Xem chi tit thng Thng Ging 2022/input_Lp li hng tun, to ra tt c_repeats'

2022-01-16 19:57:14 - [MESSAGE][PASSED] - Text '2' is set on object 'Object Repository/Page_Moodle Lch Xem chi tit thng Thng Ging 2022/input_Lp li hng tun, to ra tt c_repeats'

2022-01-16 19:57:14 - [TEST_STEP][PASSED] - click(findTestObject("Object Repository/Page_Moodle Lch Xem chi tit thng Thng Ging 2022/button_Lu (4)")): Object: 'Object Repository/Page_Moodle Lch Xem chi tit thng Thng Ging 2022/button_Lu (4)' is clicked on

2022-01-16 19:57:21 - [MESSAGE][INFO] - Unable to find the element located by 'By.xpath: //button[@id='yui_3_17_2_1_1641918187444_1345']'. Please recheck the objects properties to make sure the desired element is located. 

2022-01-16 19:57:21 - [MESSAGE][WARNING] - [SELF-HEALING] Failed to find element with id 'Object Repository/Page_Moodle Lch Xem chi tit thng Thng Ging 2022/button_Lu (4)'. Try using Self-healing.

2022-01-16 19:57:21 - [MESSAGE][WARNING] - [SELF-HEALING] The current locator of test object 'Object Repository/Page_Moodle Lch Xem chi tit thng Thng Ging 2022/button_Lu (4)' was broken. Propose an alternative one: '(.//*[normalize-space(text()) and normalize-space(.)='Lặp lại hàng tuần, tạo ra tất cả'])[1]/following::button[1]'.

2022-01-16 19:57:21 - [MESSAGE][PASSED] - Object: 'Object Repository/Page_Moodle Lch Xem chi tit thng Thng Ging 2022/button_Lu (4)' is clicked on

2022-01-16 19:57:21 - [TEST_STEP][PASSED] - closeBrowser(): Browser is closed

2022-01-16 19:57:22 - [MESSAGE][PASSED] - Browser is closed]]></system-out>
         <system-err><![CDATA[]]></system-err>
      </testcase>
      <testcase name="Test Cases/Create event on calendar/Create Event Set Time" time="71.558" classname="Test Cases/Create event on calendar/Create Event Set Time" status="PASSED">
         <system-out><![CDATA[2022-01-16 19:57:22 - [TEST_CASE][PASSED] - Test Cases/Create event on calendar/Create Event Set Time: Test Cases/Create event on calendar/Create Event Set Time

2022-01-16 19:57:23 - [TEST_STEP][PASSED] - openBrowser(""): Browser is opened with url: ''

2022-01-16 19:57:23 - [MESSAGE][INFO] - Starting 'Edge Chromium' driver

2022-01-16 19:57:25 - [MESSAGE][INFO] - Action delay is set to 0 milliseconds

2022-01-16 19:57:27 - [MESSAGE][PASSED] - Browser is opened with url: ''

2022-01-16 19:57:27 - [TEST_STEP][PASSED] - navigateToUrl("http://localhost/"): Navigate to 'http://localhost/' successfully

2022-01-16 19:57:29 - [MESSAGE][PASSED] - Navigate to 'http://localhost/' successfully

2022-01-16 19:57:29 - [TEST_STEP][PASSED] - click(findTestObject("Object Repository/Page_Local Moodle/a_Log in (15)")): Object: 'Object Repository/Page_Local Moodle/a_Log in (15)' is clicked on

2022-01-16 19:57:30 - [MESSAGE][PASSED] - Object: 'Object Repository/Page_Local Moodle/a_Log in (15)' is clicked on

2022-01-16 19:57:30 - [TEST_STEP][PASSED] - setText(findTestObject("Object Repository/Page_Local Moodle Log in to the site/input_Username_username (15)"), "admin"): Text 'admin' is set on object 'Object Repository/Page_Local Moodle Log in to the site/input_Username_username (15)'

2022-01-16 19:57:31 - [MESSAGE][PASSED] - Text 'admin' is set on object 'Object Repository/Page_Local Moodle Log in to the site/input_Username_username (15)'

2022-01-16 19:57:31 - [TEST_STEP][PASSED] - setEncryptedText(findTestObject("Object Repository/Page_Local Moodle Log in to the site/input_Password_password (15)"), "bfAykA/oWJ09FXmiKh6lyuuLu8QhG1K5"): Text ****** has been set on object 'Object Repository/Page_Local Moodle Log in to the site/input_Password_password (15)'

2022-01-16 19:57:32 - [MESSAGE][PASSED] - Text ****** has been set on object 'Object Repository/Page_Local Moodle Log in to the site/input_Password_password (15)'

2022-01-16 19:57:32 - [TEST_STEP][PASSED] - click(findTestObject("Object Repository/Page_Local Moodle Log in to the site/button_Log in (15)")): Object: 'Object Repository/Page_Local Moodle Log in to the site/button_Log in (15)' is clicked on

2022-01-16 19:57:34 - [MESSAGE][PASSED] - Object: 'Object Repository/Page_Local Moodle Log in to the site/button_Log in (15)' is clicked on

2022-01-16 19:57:34 - [TEST_STEP][PASSED] - click(findTestObject("Object Repository/Page_Nh ca ti/a_Lch (2)")): Object: 'Object Repository/Page_Nh ca ti/a_Lch (2)' is clicked on

2022-01-16 19:57:39 - [MESSAGE][PASSED] - Object: 'Object Repository/Page_Nh ca ti/a_Lch (2)' is clicked on

2022-01-16 19:57:39 - [TEST_STEP][PASSED] - click(findTestObject("Object Repository/Page_Moodle Lch Xem chi tit thng Thng Ging 2022/button_S kin mi (2)")): Object: 'Object Repository/Page_Moodle Lch Xem chi tit thng Thng Ging 2022/button_S kin mi (2)' is clicked on

2022-01-16 19:57:45 - [MESSAGE][INFO] - Unable to find the element located by 'By.xpath: //div[@id='calendar-month-61dda95a6fccb61dda95a2d01921']/div/button'. Please recheck the objects properties to make sure the desired element is located. 

2022-01-16 19:57:45 - [MESSAGE][WARNING] - [SELF-HEALING] Failed to find element with id 'Object Repository/Page_Moodle Lch Xem chi tit thng Thng Ging 2022/button_S kin mi (2)'. Try using Self-healing.

2022-01-16 19:57:45 - [MESSAGE][WARNING] - [SELF-HEALING] The current locator of test object 'Object Repository/Page_Moodle Lch Xem chi tit thng Thng Ging 2022/button_S kin mi (2)' was broken. Propose an alternative one: '(.//*[normalize-space(text()) and normalize-space(.)='Danh sách khóa học'])[1]/following::button[1]'.

2022-01-16 19:57:46 - [MESSAGE][PASSED] - Object: 'Object Repository/Page_Moodle Lch Xem chi tit thng Thng Ging 2022/button_S kin mi (2)' is clicked on

2022-01-16 19:57:46 - [TEST_STEP][PASSED] - setText(findTestObject("Object Repository/Page_Moodle Lch Xem chi tit thng Thng Ging 2022/input_Tiu  s kin_name (2)"), "Seminar"): Text 'Seminar' is set on object 'Object Repository/Page_Moodle Lch Xem chi tit thng Thng Ging 2022/input_Tiu  s kin_name (2)'

2022-01-16 19:57:49 - [MESSAGE][PASSED] - Text 'Seminar' is set on object 'Object Repository/Page_Moodle Lch Xem chi tit thng Thng Ging 2022/input_Tiu  s kin_name (2)'

2022-01-16 19:57:49 - [TEST_STEP][PASSED] - selectOptionByValue(findTestObject("Object Repository/Page_Moodle Lch Xem chi tit thng Thng Ging 2022/select_1        2        3        4        _45ea30 (2)"), "15", true): All options with value '15' are selected in object 'Object Repository/Page_Moodle Lch Xem chi tit thng Thng Ging 2022/select_1        2        3        4        _45ea30 (2)'  using regular expression

2022-01-16 19:57:51 - [MESSAGE][PASSED] - All options with value '15' are selected in object 'Object Repository/Page_Moodle Lch Xem chi tit thng Thng Ging 2022/select_1        2        3        4        _45ea30 (2)'  using regular expression

2022-01-16 19:57:51 - [TEST_STEP][PASSED] - selectOptionByValue(findTestObject("Object Repository/Page_Moodle Lch Xem chi tit thng Thng Ging 2022/select_00        01        02        03    _f6e37b (1)"), "14", true): All options with value '14' are selected in object 'Object Repository/Page_Moodle Lch Xem chi tit thng Thng Ging 2022/select_00        01        02        03    _f6e37b (1)'  using regular expression

2022-01-16 19:57:53 - [MESSAGE][PASSED] - All options with value '14' are selected in object 'Object Repository/Page_Moodle Lch Xem chi tit thng Thng Ging 2022/select_00        01        02        03    _f6e37b (1)'  using regular expression

2022-01-16 19:57:53 - [TEST_STEP][PASSED] - selectOptionByValue(findTestObject("Object Repository/Page_Moodle Lch Xem chi tit thng Thng Ging 2022/select_00        01        02        03    _f6e37b_1 (1)"), "30", true): All options with value '30' are selected in object 'Object Repository/Page_Moodle Lch Xem chi tit thng Thng Ging 2022/select_00        01        02        03    _f6e37b_1 (1)'  using regular expression

2022-01-16 19:57:55 - [MESSAGE][PASSED] - All options with value '30' are selected in object 'Object Repository/Page_Moodle Lch Xem chi tit thng Thng Ging 2022/select_00        01        02        03    _f6e37b_1 (1)'  using regular expression

2022-01-16 19:57:55 - [TEST_STEP][PASSED] - selectOptionByValue(findTestObject("Object Repository/Page_Moodle Lch Xem chi tit thng Thng Ging 2022/select_Thnh vin            Kho hc          _5efb09 (2)"), "course", true): All options with value 'course' are selected in object 'Object Repository/Page_Moodle Lch Xem chi tit thng Thng Ging 2022/select_Thnh vin            Kho hc          _5efb09 (2)'  using regular expression

2022-01-16 19:57:57 - [MESSAGE][PASSED] - All options with value 'course' are selected in object 'Object Repository/Page_Moodle Lch Xem chi tit thng Thng Ging 2022/select_Thnh vin            Kho hc          _5efb09 (2)'  using regular expression

2022-01-16 19:57:57 - [TEST_STEP][PASSED] - click(findTestObject("Object Repository/Page_Moodle Lch Xem chi tit thng Thng Ging 2022/span__1_2_3_4")): Object: 'Object Repository/Page_Moodle Lch Xem chi tit thng Thng Ging 2022/span__1_2_3_4' is clicked on

2022-01-16 19:58:03 - [MESSAGE][INFO] - Unable to find the element located by 'By.xpath: //span[@id='form_autocomplete_downarrow-1642045252858']'. Please recheck the objects properties to make sure the desired element is located. 

2022-01-16 19:58:03 - [MESSAGE][WARNING] - [SELF-HEALING] Failed to find element with id 'Object Repository/Page_Moodle Lch Xem chi tit thng Thng Ging 2022/span__1_2_3_4'. Try using Self-healing.

2022-01-16 19:58:03 - [MESSAGE][WARNING] - [SELF-HEALING] The current locator of test object 'Object Repository/Page_Moodle Lch Xem chi tit thng Thng Ging 2022/span__1_2_3_4' was broken. Propose an alternative one: '(.//*[normalize-space(text()) and normalize-space(.)='No selection'])[1]/following::span[1]'.

2022-01-16 19:58:03 - [MESSAGE][PASSED] - Object: 'Object Repository/Page_Moodle Lch Xem chi tit thng Thng Ging 2022/span__1_2_3_4' is clicked on

2022-01-16 19:58:03 - [TEST_STEP][PASSED] - click(findTestObject("Object Repository/Page_Moodle Lch Xem chi tit thng Thng Ging 2022/li_Software Engineering_1_2_3")): Object: 'Object Repository/Page_Moodle Lch Xem chi tit thng Thng Ging 2022/li_Software Engineering_1_2_3' is clicked on

2022-01-16 19:58:10 - [MESSAGE][INFO] - Unable to find the element located by 'By.xpath: //li[@id='form_autocomplete_suggestions-1642045252858-0']'. Please recheck the objects properties to make sure the desired element is located. 

2022-01-16 19:58:10 - [MESSAGE][WARNING] - [SELF-HEALING] Failed to find element with id 'Object Repository/Page_Moodle Lch Xem chi tit thng Thng Ging 2022/li_Software Engineering_1_2_3'. Try using Self-healing.

2022-01-16 19:58:10 - [MESSAGE][WARNING] - [SELF-HEALING] The current locator of test object 'Object Repository/Page_Moodle Lch Xem chi tit thng Thng Ging 2022/li_Software Engineering_1_2_3' was broken. Propose an alternative one: '(.//*[normalize-space(text()) and normalize-space(.)='▼'])[2]/following::li[1]'.

2022-01-16 19:58:10 - [MESSAGE][PASSED] - Object: 'Object Repository/Page_Moodle Lch Xem chi tit thng Thng Ging 2022/li_Software Engineering_1_2_3' is clicked on

2022-01-16 19:58:10 - [TEST_STEP][PASSED] - selectOptionByValue(findTestObject("Object Repository/Page_Moodle Lch Xem chi tit thng Thng Ging 2022/select_Software Engineering"), "3", true): All options with value '3' are selected in object 'Object Repository/Page_Moodle Lch Xem chi tit thng Thng Ging 2022/select_Software Engineering'  using regular expression

2022-01-16 19:58:12 - [MESSAGE][PASSED] - All options with value '3' are selected in object 'Object Repository/Page_Moodle Lch Xem chi tit thng Thng Ging 2022/select_Software Engineering'  using regular expression

2022-01-16 19:58:12 - [TEST_STEP][PASSED] - click(findTestObject("Object Repository/Page_Moodle Lch Xem chi tit thng Thng Ging 2022/a_Show more (1)")): Object: 'Object Repository/Page_Moodle Lch Xem chi tit thng Thng Ging 2022/a_Show more (1)' is clicked on

2022-01-16 19:58:18 - [MESSAGE][INFO] - Unable to find the element located by 'By.xpath: //a[@id='yui_3_17_2_1_1641916762423_1318']'. Please recheck the objects properties to make sure the desired element is located. 

2022-01-16 19:58:18 - [MESSAGE][WARNING] - [SELF-HEALING] Failed to find element with id 'Object Repository/Page_Moodle Lch Xem chi tit thng Thng Ging 2022/a_Show more (1)'. Try using Self-healing.

2022-01-16 19:58:18 - [MESSAGE][WARNING] - [SELF-HEALING] The current locator of test object 'Object Repository/Page_Moodle Lch Xem chi tit thng Thng Ging 2022/a_Show more (1)' was broken. Propose an alternative one: '//a[contains(text(),'Show more...')]'.

2022-01-16 19:58:19 - [MESSAGE][PASSED] - Object: 'Object Repository/Page_Moodle Lch Xem chi tit thng Thng Ging 2022/a_Show more (1)' is clicked on

2022-01-16 19:58:19 - [TEST_STEP][PASSED] - click(findTestObject("Object Repository/Page_Moodle Lch Xem chi tit thng Thng Ging 2022/input_Ti_duration")): Object: 'Object Repository/Page_Moodle Lch Xem chi tit thng Thng Ging 2022/input_Ti_duration' is clicked on

2022-01-16 19:58:19 - [MESSAGE][PASSED] - Object: 'Object Repository/Page_Moodle Lch Xem chi tit thng Thng Ging 2022/input_Ti_duration' is clicked on

2022-01-16 19:58:19 - [TEST_STEP][PASSED] - selectOptionByValue(findTestObject("Object Repository/Page_Moodle Lch Xem chi tit thng Thng Ging 2022/select_1        2        3        4        _45ea30_1"), "15", true): All options with value '15' are selected in object 'Object Repository/Page_Moodle Lch Xem chi tit thng Thng Ging 2022/select_1        2        3        4        _45ea30_1'  using regular expression

2022-01-16 19:58:21 - [MESSAGE][PASSED] - All options with value '15' are selected in object 'Object Repository/Page_Moodle Lch Xem chi tit thng Thng Ging 2022/select_1        2        3        4        _45ea30_1'  using regular expression

2022-01-16 19:58:21 - [TEST_STEP][PASSED] - selectOptionByValue(findTestObject("Object Repository/Page_Moodle Lch Xem chi tit thng Thng Ging 2022/select_00        01        02        03    _f6e37b_1_2"), "16", true): All options with value '16' are selected in object 'Object Repository/Page_Moodle Lch Xem chi tit thng Thng Ging 2022/select_00        01        02        03    _f6e37b_1_2'  using regular expression

2022-01-16 19:58:23 - [MESSAGE][PASSED] - All options with value '16' are selected in object 'Object Repository/Page_Moodle Lch Xem chi tit thng Thng Ging 2022/select_00        01        02        03    _f6e37b_1_2'  using regular expression

2022-01-16 19:58:23 - [TEST_STEP][PASSED] - selectOptionByValue(findTestObject("Object Repository/Page_Moodle Lch Xem chi tit thng Thng Ging 2022/select_00        01        02        03    _f6e37b_1_2_3"), "30", true): All options with value '30' are selected in object 'Object Repository/Page_Moodle Lch Xem chi tit thng Thng Ging 2022/select_00        01        02        03    _f6e37b_1_2_3'  using regular expression

2022-01-16 19:58:26 - [MESSAGE][PASSED] - All options with value '30' are selected in object 'Object Repository/Page_Moodle Lch Xem chi tit thng Thng Ging 2022/select_00        01        02        03    _f6e37b_1_2_3'  using regular expression

2022-01-16 19:58:26 - [TEST_STEP][PASSED] - click(findTestObject("Object Repository/Page_Moodle Lch Xem chi tit thng Thng Ging 2022/button_Lu (2)")): Object: 'Object Repository/Page_Moodle Lch Xem chi tit thng Thng Ging 2022/button_Lu (2)' is clicked on

2022-01-16 19:58:32 - [MESSAGE][INFO] - Unable to find the element located by 'By.xpath: //button[@id='yui_3_17_2_1_1641916762423_604']'. Please recheck the objects properties to make sure the desired element is located. 

2022-01-16 19:58:32 - [MESSAGE][WARNING] - [SELF-HEALING] Failed to find element with id 'Object Repository/Page_Moodle Lch Xem chi tit thng Thng Ging 2022/button_Lu (2)'. Try using Self-healing.

2022-01-16 19:58:32 - [MESSAGE][WARNING] - [SELF-HEALING] The current locator of test object 'Object Repository/Page_Moodle Lch Xem chi tit thng Thng Ging 2022/button_Lu (2)' was broken. Propose an alternative one: '(.//*[normalize-space(text()) and normalize-space(.)='Lặp lại hàng tuần, tạo ra tất cả'])[1]/following::button[1]'.

2022-01-16 19:58:33 - [MESSAGE][PASSED] - Object: 'Object Repository/Page_Moodle Lch Xem chi tit thng Thng Ging 2022/button_Lu (2)' is clicked on

2022-01-16 19:58:33 - [TEST_STEP][PASSED] - closeBrowser(): Browser is closed

2022-01-16 19:58:34 - [MESSAGE][PASSED] - Browser is closed]]></system-out>
         <system-err><![CDATA[]]></system-err>
      </testcase>
      <testcase name="Test Cases/Student enroll course/Enroll Course" time="27.179" classname="Test Cases/Student enroll course/Enroll Course" status="FAILED">
         <failure type="FAILED" message="Test Cases/Student enroll course/Enroll Course FAILED.
Reason:
com.kms.katalon.core.exception.StepFailedException: Unable to click on object 'Object Repository/Page_SE2/input_Khng yu cu mt khu ng k_submitbutton (1)'
	at com.kms.katalon.core.webui.keyword.internal.WebUIKeywordMain.stepFailed(WebUIKeywordMain.groovy:64)
	at com.kms.katalon.core.webui.keyword.internal.WebUIKeywordMain.runKeyword(WebUIKeywordMain.groovy:26)
	at com.kms.katalon.core.webui.keyword.builtin.ClickKeyword.click(ClickKeyword.groovy:74)
	at com.kms.katalon.core.webui.keyword.builtin.ClickKeyword.execute(ClickKeyword.groovy:40)
	at com.kms.katalon.core.keyword.internal.KeywordExecutor.executeKeywordForPlatform(KeywordExecutor.groovy:74)
	at com.kms.katalon.core.webui.keyword.WebUiBuiltInKeywords.click(WebUiBuiltInKeywords.groovy:620)
	at com.kms.katalon.core.webui.keyword.WebUiBuiltInKeywords$click$1.call(Unknown Source)
	at Enroll Course.run(Enroll Course:37)
	at com.kms.katalon.core.main.ScriptEngine.run(ScriptEngine.java:194)
	at com.kms.katalon.core.main.ScriptEngine.runScriptAsRawText(ScriptEngine.java:119)
	at com.kms.katalon.core.main.TestCaseExecutor.runScript(TestCaseExecutor.java:442)
	at com.kms.katalon.core.main.TestCaseExecutor.doExecute(TestCaseExecutor.java:433)
	at com.kms.katalon.core.main.TestCaseExecutor.processExecutionPhase(TestCaseExecutor.java:412)
	at com.kms.katalon.core.main.TestCaseExecutor.accessMainPhase(TestCaseExecutor.java:404)
	at com.kms.katalon.core.main.TestCaseExecutor.execute(TestCaseExecutor.java:281)
	at com.kms.katalon.core.main.TestCaseExecutor.execute(TestCaseExecutor.java:363)
	at com.kms.katalon.core.main.TestCaseExecutor.execute(TestCaseExecutor.java:363)
	at com.kms.katalon.core.main.TestCaseExecutor.execute(TestCaseExecutor.java:363)
	at com.kms.katalon.core.main.TestSuiteExecutor.accessTestCaseMainPhase(TestSuiteExecutor.java:202)
	at com.kms.katalon.core.main.TestSuiteExecutor.accessTestSuiteMainPhase(TestSuiteExecutor.java:164)
	at com.kms.katalon.core.main.TestSuiteExecutor.execute(TestSuiteExecutor.java:105)
	at com.kms.katalon.core.main.TestCaseMain.startTestSuite(TestCaseMain.java:181)
	at com.kms.katalon.core.main.TestCaseMain$startTestSuite$0.call(Unknown Source)
	at TempTestSuite1642335656208.run(TempTestSuite1642335656208.groovy:36)
Caused by: com.kms.katalon.core.webui.exception.WebElementNotFoundException: Web element with id: 'Object Repository/Page_SE2/input_Khng yu cu mt khu ng k_submitbutton (1)' located by '//input[@id='id_submitbutton']' not found
	at com.kms.katalon.core.webui.common.WebUiCommonHelper.findWebElement(WebUiCommonHelper.java:1368)
	at com.kms.katalon.core.webui.keyword.internal.WebUIAbstractKeyword.findWebElement(WebUIAbstractKeyword.groovy:27)
	at com.kms.katalon.core.webui.keyword.builtin.ClickKeyword$_click_closure1.doCall(ClickKeyword.groovy:65)
	at com.kms.katalon.core.webui.keyword.builtin.ClickKeyword$_click_closure1.call(ClickKeyword.groovy)
	at com.kms.katalon.core.webui.keyword.internal.WebUIKeywordMain.runKeyword(WebUIKeywordMain.groovy:20)
	... 22 more
"/>
         <system-out><![CDATA[2022-01-16 19:59:54 - [TEST_CASE][FAILED] - Test Cases/Student enroll course/Enroll Course: Test Cases/Student enroll course/Enroll Course FAILED.
Reason:
com.kms.katalon.core.exception.StepFailedException: Unable to click on object 'Object Repository/Page_SE2/input_Khng yu cu mt khu ng k_submitbutton (1)'
	at com.kms.katalon.core.webui.keyword.internal.WebUIKeywordMain.stepFailed(WebUIKeywordMain.groovy:64)
	at com.kms.katalon.core.webui.keyword.internal.WebUIKeywordMain.runKeyword(WebUIKeywordMain.groovy:26)
	at com.kms.katalon.core.webui.keyword.builtin.ClickKeyword.click(ClickKeyword.groovy:74)
	at com.kms.katalon.core.webui.keyword.builtin.ClickKeyword.execute(ClickKeyword.groovy:40)
	at com.kms.katalon.core.keyword.internal.KeywordExecutor.executeKeywordForPlatform(KeywordExecutor.groovy:74)
	at com.kms.katalon.core.webui.keyword.WebUiBuiltInKeywords.click(WebUiBuiltInKeywords.groovy:620)
	at com.kms.katalon.core.webui.keyword.WebUiBuiltInKeywords$click$1.call(Unknown Source)
	at Enroll Course.run(Enroll Course:37)
	at com.kms.katalon.core.main.ScriptEngine.run(ScriptEngine.java:194)
	at com.kms.katalon.core.main.ScriptEngine.runScriptAsRawText(ScriptEngine.java:119)
	at com.kms.katalon.core.main.TestCaseExecutor.runScript(TestCaseExecutor.java:442)
	at com.kms.katalon.core.main.TestCaseExecutor.doExecute(TestCaseExecutor.java:433)
	at com.kms.katalon.core.main.TestCaseExecutor.processExecutionPhase(TestCaseExecutor.java:412)
	at com.kms.katalon.core.main.TestCaseExecutor.accessMainPhase(TestCaseExecutor.java:404)
	at com.kms.katalon.core.main.TestCaseExecutor.execute(TestCaseExecutor.java:281)
	at com.kms.katalon.core.main.TestCaseExecutor.execute(TestCaseExecutor.java:363)
	at com.kms.katalon.core.main.TestCaseExecutor.execute(TestCaseExecutor.java:363)
	at com.kms.katalon.core.main.TestCaseExecutor.execute(TestCaseExecutor.java:363)
	at com.kms.katalon.core.main.TestSuiteExecutor.accessTestCaseMainPhase(TestSuiteExecutor.java:202)
	at com.kms.katalon.core.main.TestSuiteExecutor.accessTestSuiteMainPhase(TestSuiteExecutor.java:164)
	at com.kms.katalon.core.main.TestSuiteExecutor.execute(TestSuiteExecutor.java:105)
	at com.kms.katalon.core.main.TestCaseMain.startTestSuite(TestCaseMain.java:181)
	at com.kms.katalon.core.main.TestCaseMain$startTestSuite$0.call(Unknown Source)
	at TempTestSuite1642335656208.run(TempTestSuite1642335656208.groovy:36)
Caused by: com.kms.katalon.core.webui.exception.WebElementNotFoundException: Web element with id: 'Object Repository/Page_SE2/input_Khng yu cu mt khu ng k_submitbutton (1)' located by '//input[@id='id_submitbutton']' not found
	at com.kms.katalon.core.webui.common.WebUiCommonHelper.findWebElement(WebUiCommonHelper.java:1368)
	at com.kms.katalon.core.webui.keyword.internal.WebUIAbstractKeyword.findWebElement(WebUIAbstractKeyword.groovy:27)
	at com.kms.katalon.core.webui.keyword.builtin.ClickKeyword$_click_closure1.doCall(ClickKeyword.groovy:65)
	at com.kms.katalon.core.webui.keyword.builtin.ClickKeyword$_click_closure1.call(ClickKeyword.groovy)
	at com.kms.katalon.core.webui.keyword.internal.WebUIKeywordMain.runKeyword(WebUIKeywordMain.groovy:20)
	... 22 more


2022-01-16 19:59:54 - [TEST_STEP][PASSED] - openBrowser(""): Browser is opened with url: ''

2022-01-16 19:59:54 - [MESSAGE][WARNING] - A browser is already opened. Closing browser and opening a new one

2022-01-16 19:59:55 - [MESSAGE][INFO] - Starting 'Edge Chromium' driver

2022-01-16 19:59:58 - [MESSAGE][INFO] - Action delay is set to 0 milliseconds

2022-01-16 19:59:59 - [MESSAGE][PASSED] - Browser is opened with url: ''

2022-01-16 19:59:59 - [TEST_STEP][PASSED] - navigateToUrl("http://localhost/"): Navigate to 'http://localhost/' successfully

2022-01-16 20:00:01 - [MESSAGE][PASSED] - Navigate to 'http://localhost/' successfully

2022-01-16 20:00:01 - [TEST_STEP][PASSED] - click(findTestObject("Object Repository/Page_Local Moodle/a_Log in (23)")): Object: 'Object Repository/Page_Local Moodle/a_Log in (23)' is clicked on

2022-01-16 20:00:02 - [MESSAGE][PASSED] - Object: 'Object Repository/Page_Local Moodle/a_Log in (23)' is clicked on

2022-01-16 20:00:02 - [TEST_STEP][PASSED] - setText(findTestObject("Object Repository/Page_Local Moodle Log in to the site/input_Username_username (23)"), "hocvien"): Text 'hocvien' is set on object 'Object Repository/Page_Local Moodle Log in to the site/input_Username_username (23)'

2022-01-16 20:00:03 - [MESSAGE][PASSED] - Text 'hocvien' is set on object 'Object Repository/Page_Local Moodle Log in to the site/input_Username_username (23)'

2022-01-16 20:00:03 - [TEST_STEP][PASSED] - setEncryptedText(findTestObject("Object Repository/Page_Local Moodle Log in to the site/input_Password_password (23)"), "e0iuw4o+VG38P/PfCbIZUw=="): Text ****** has been set on object 'Object Repository/Page_Local Moodle Log in to the site/input_Password_password (23)'

2022-01-16 20:00:04 - [MESSAGE][PASSED] - Text ****** has been set on object 'Object Repository/Page_Local Moodle Log in to the site/input_Password_password (23)'

2022-01-16 20:00:04 - [TEST_STEP][PASSED] - click(findTestObject("Object Repository/Page_Local Moodle Log in to the site/button_Log in (23)")): Object: 'Object Repository/Page_Local Moodle Log in to the site/button_Log in (23)' is clicked on

2022-01-16 20:00:06 - [MESSAGE][PASSED] - Object: 'Object Repository/Page_Local Moodle Log in to the site/button_Log in (23)' is clicked on

2022-01-16 20:00:06 - [TEST_STEP][PASSED] - click(findTestObject("Object Repository/Page_Nh ca ti/span_Trang ch h thng (2)")): Object: 'Object Repository/Page_Nh ca ti/span_Trang ch h thng (2)' is clicked on

2022-01-16 20:00:10 - [MESSAGE][PASSED] - Object: 'Object Repository/Page_Nh ca ti/span_Trang ch h thng (2)' is clicked on

2022-01-16 20:00:10 - [TEST_STEP][PASSED] - click(findTestObject("Object Repository/Page_Local Moodle/a_Software Engineering 2")): Object: 'Object Repository/Page_Local Moodle/a_Software Engineering 2' is clicked on

2022-01-16 20:00:12 - [MESSAGE][PASSED] - Object: 'Object Repository/Page_Local Moodle/a_Software Engineering 2' is clicked on

2022-01-16 20:00:12 - [TEST_STEP][FAILED] - click(findTestObject("Object Repository/Page_SE2/input_Khng yu cu mt khu ng k_submitbutton (1)")): Unable to click on object 'Object Repository/Page_SE2/input_Khng yu cu mt khu ng k_submitbutton (1)' (Root cause: com.kms.katalon.core.exception.StepFailedException: Unable to click on object 'Object Repository/Page_SE2/input_Khng yu cu mt khu ng k_submitbutton (1)'
	at com.kms.katalon.core.webui.keyword.internal.WebUIKeywordMain.stepFailed(WebUIKeywordMain.groovy:64)
	at com.kms.katalon.core.webui.keyword.internal.WebUIKeywordMain.runKeyword(WebUIKeywordMain.groovy:26)
	at com.kms.katalon.core.webui.keyword.builtin.ClickKeyword.click(ClickKeyword.groovy:74)
	at com.kms.katalon.core.webui.keyword.builtin.ClickKeyword.execute(ClickKeyword.groovy:40)
	at com.kms.katalon.core.keyword.internal.KeywordExecutor.executeKeywordForPlatform(KeywordExecutor.groovy:74)
	at com.kms.katalon.core.webui.keyword.WebUiBuiltInKeywords.click(WebUiBuiltInKeywords.groovy:620)
	at com.kms.katalon.core.webui.keyword.WebUiBuiltInKeywords$click$1.call(Unknown Source)
	at Enroll Course.run(Enroll Course:37)
	at com.kms.katalon.core.main.ScriptEngine.run(ScriptEngine.java:194)
	at com.kms.katalon.core.main.ScriptEngine.runScriptAsRawText(ScriptEngine.java:119)
	at com.kms.katalon.core.main.TestCaseExecutor.runScript(TestCaseExecutor.java:442)
	at com.kms.katalon.core.main.TestCaseExecutor.doExecute(TestCaseExecutor.java:433)
	at com.kms.katalon.core.main.TestCaseExecutor.processExecutionPhase(TestCaseExecutor.java:412)
	at com.kms.katalon.core.main.TestCaseExecutor.accessMainPhase(TestCaseExecutor.java:404)
	at com.kms.katalon.core.main.TestCaseExecutor.execute(TestCaseExecutor.java:281)
	at com.kms.katalon.core.main.TestCaseExecutor.execute(TestCaseExecutor.java:363)
	at com.kms.katalon.core.main.TestCaseExecutor.execute(TestCaseExecutor.java:363)
	at com.kms.katalon.core.main.TestCaseExecutor.execute(TestCaseExecutor.java:363)
	at com.kms.katalon.core.main.TestSuiteExecutor.accessTestCaseMainPhase(TestSuiteExecutor.java:202)
	at com.kms.katalon.core.main.TestSuiteExecutor.accessTestSuiteMainPhase(TestSuiteExecutor.java:164)
	at com.kms.katalon.core.main.TestSuiteExecutor.execute(TestSuiteExecutor.java:105)
	at com.kms.katalon.core.main.TestCaseMain.startTestSuite(TestCaseMain.java:181)
	at com.kms.katalon.core.main.TestCaseMain$startTestSuite$0.call(Unknown Source)
	at TempTestSuite1642335656208.run(TempTestSuite1642335656208.groovy:36)
Caused by: com.kms.katalon.core.webui.exception.WebElementNotFoundException: Web element with id: 'Object Repository/Page_SE2/input_Khng yu cu mt khu ng k_submitbutton (1)' located by '//input[@id='id_submitbutton']' not found
	at com.kms.katalon.core.webui.common.WebUiCommonHelper.findWebElement(WebUiCommonHelper.java:1368)
	at com.kms.katalon.core.webui.keyword.internal.WebUIAbstractKeyword.findWebElement(WebUIAbstractKeyword.groovy:27)
	at com.kms.katalon.core.webui.keyword.builtin.ClickKeyword$_click_closure1.doCall(ClickKeyword.groovy:65)
	at com.kms.katalon.core.webui.keyword.builtin.ClickKeyword$_click_closure1.call(ClickKeyword.groovy)
	at com.kms.katalon.core.webui.keyword.internal.WebUIKeywordMain.runKeyword(WebUIKeywordMain.groovy:20)
	at com.kms.katalon.core.webui.keyword.builtin.ClickKeyword.click(ClickKeyword.groovy:74)
	at com.kms.katalon.core.webui.keyword.builtin.ClickKeyword.execute(ClickKeyword.groovy:40)
	at com.kms.katalon.core.keyword.internal.KeywordExecutor.executeKeywordForPlatform(KeywordExecutor.groovy:74)
	at com.kms.katalon.core.webui.keyword.WebUiBuiltInKeywords.click(WebUiBuiltInKeywords.groovy:620)
	at com.kms.katalon.core.webui.keyword.WebUiBuiltInKeywords$click$1.call(Unknown Source)
	at Script1641960091784.run(Script1641960091784.groovy:37)
	... 16 more
)

2022-01-16 20:00:18 - [MESSAGE][INFO] - Unable to find the element located by 'By.xpath: //input[@id='id_submitbutton']'. Please recheck the objects properties to make sure the desired element is located. 

2022-01-16 20:00:18 - [MESSAGE][WARNING] - [SELF-HEALING] Failed to find element with id 'Object Repository/Page_SE2/input_Khng yu cu mt khu ng k_submitbutton (1)'. Try using Self-healing.

2022-01-16 20:00:18 - [MESSAGE][INFO] - [SELF-HEALING] Failed Locator: '//input[@id='id_submitbutton']'.

2022-01-16 20:00:19 - [MESSAGE][INFO] - [SELF-HEALING] Failed Locator: '//div[@id='yui_3_17_2_1_1641922986784_67']/input'.

2022-01-16 20:00:19 - [MESSAGE][INFO] - [SELF-HEALING] Working Locator: '//div[2]/input'.

2022-01-16 20:00:19 - [MESSAGE][ERROR] - [SELF-HEALING] Cannot save screenshot to: C:\xampp\htdocs\moodle\Test Automation - SE Bonus\Reports\Self-healing, reason: unknown error: unhandled inspector error: {"code":-32000,"message":"Cannot take screenshot with 0 width."}
  (Session info: MicrosoftEdge=97.0.1072.62)
Build info: version: '3.141.59', revision: 'e82be7d358', time: '2018-11-14T08:25:53'
System info: host: 'DESKTOP-11TAGP6', ip: '192.168.56.1', os.name: 'Windows 10', os.arch: 'amd64', os.version: '10.0', java.version: '1.8.0_282'
Driver info: com.kms.katalon.selenium.driver.CEdgeDriver
Capabilities {acceptInsecureCerts: false, browserName: msedge, browserVersion: 97.0.1072.62, javascriptEnabled: true, ms:edgeOptions: {debuggerAddress: localhost:58036}, msedge: {msedgedriverVersion: 97.0.1072.55 (ce3bf33648805..., userDataDir: C:\Users\W10\AppData\Local\...}, networkConnectionEnabled: false, pageLoadStrategy: normal, platform: WINDOWS, platformName: WINDOWS, proxy: Proxy(), setWindowRect: true, strictFileInteractability: false, timeouts: {implicit: 0, pageLoad: 300000, script: 30000}, unhandledPromptBehavior: dismiss and notify, webauthn:extension:credBlob: true, webauthn:extension:largeBlob: true, webauthn:virtualAuthenticators: true}
Session ID: b0aabdf38a7f99a1e9c68542257fd4ed.

2022-01-16 20:00:19 - [MESSAGE][ERROR] - [SELF-HEALING] Cannot save screenshot to: C:\xampp\htdocs\moodle\Test Automation - SE Bonus\Reports\Self-healing, reason: unknown error: unhandled inspector error: {"code":-32000,"message":"Cannot take screenshot with 0 width."}
  (Session info: MicrosoftEdge=97.0.1072.62)
Build info: version: '3.141.59', revision: 'e82be7d358', time: '2018-11-14T08:25:53'
System info: host: 'DESKTOP-11TAGP6', ip: '192.168.56.1', os.name: 'Windows 10', os.arch: 'amd64', os.version: '10.0', java.version: '1.8.0_282'
Driver info: com.kms.katalon.selenium.driver.CEdgeDriver
Capabilities {acceptInsecureCerts: false, browserName: msedge, browserVersion: 97.0.1072.62, javascriptEnabled: true, ms:edgeOptions: {debuggerAddress: localhost:58036}, msedge: {msedgedriverVersion: 97.0.1072.55 (ce3bf33648805..., userDataDir: C:\Users\W10\AppData\Local\...}, networkConnectionEnabled: false, pageLoadStrategy: normal, platform: WINDOWS, platformName: WINDOWS, proxy: Proxy(), setWindowRect: true, strictFileInteractability: false, timeouts: {implicit: 0, pageLoad: 300000, script: 30000}, unhandledPromptBehavior: dismiss and notify, webauthn:extension:credBlob: true, webauthn:extension:largeBlob: true, webauthn:virtualAuthenticators: true}
Session ID: b0aabdf38a7f99a1e9c68542257fd4ed.

2022-01-16 20:00:19 - [MESSAGE][WARNING] - [SELF-HEALING] 'other' is different type of Path

2022-01-16 20:00:20 - [MESSAGE][INFO] - Unable to find the element located by 'By.xpath: //*[@type = 'submit' and @name = 'submitbutton' and @id = 'id_submitbutton']'. Please recheck the objects properties to make sure the desired element is located. 

2022-01-16 20:00:21 - [MESSAGE][INFO] - Unable to find the element located by 'By.cssSelector: #id_submitbutton'. Please recheck the objects properties to make sure the desired element is located. 

2022-01-16 20:00:21 - [MESSAGE][FAILED] - Unable to click on object 'Object Repository/Page_SE2/input_Khng yu cu mt khu ng k_submitbutton (1)' (Root cause: com.kms.katalon.core.exception.StepFailedException: Unable to click on object 'Object Repository/Page_SE2/input_Khng yu cu mt khu ng k_submitbutton (1)'
	at com.kms.katalon.core.webui.keyword.internal.WebUIKeywordMain.stepFailed(WebUIKeywordMain.groovy:64)
	at com.kms.katalon.core.webui.keyword.internal.WebUIKeywordMain.runKeyword(WebUIKeywordMain.groovy:26)
	at com.kms.katalon.core.webui.keyword.builtin.ClickKeyword.click(ClickKeyword.groovy:74)
	at com.kms.katalon.core.webui.keyword.builtin.ClickKeyword.execute(ClickKeyword.groovy:40)
	at com.kms.katalon.core.keyword.internal.KeywordExecutor.executeKeywordForPlatform(KeywordExecutor.groovy:74)
	at com.kms.katalon.core.webui.keyword.WebUiBuiltInKeywords.click(WebUiBuiltInKeywords.groovy:620)
	at com.kms.katalon.core.webui.keyword.WebUiBuiltInKeywords$click$1.call(Unknown Source)
	at Enroll Course.run(Enroll Course:37)
	at com.kms.katalon.core.main.ScriptEngine.run(ScriptEngine.java:194)
	at com.kms.katalon.core.main.ScriptEngine.runScriptAsRawText(ScriptEngine.java:119)
	at com.kms.katalon.core.main.TestCaseExecutor.runScript(TestCaseExecutor.java:442)
	at com.kms.katalon.core.main.TestCaseExecutor.doExecute(TestCaseExecutor.java:433)
	at com.kms.katalon.core.main.TestCaseExecutor.processExecutionPhase(TestCaseExecutor.java:412)
	at com.kms.katalon.core.main.TestCaseExecutor.accessMainPhase(TestCaseExecutor.java:404)
	at com.kms.katalon.core.main.TestCaseExecutor.execute(TestCaseExecutor.java:281)
	at com.kms.katalon.core.main.TestCaseExecutor.execute(TestCaseExecutor.java:363)
	at com.kms.katalon.core.main.TestCaseExecutor.execute(TestCaseExecutor.java:363)
	at com.kms.katalon.core.main.TestCaseExecutor.execute(TestCaseExecutor.java:363)
	at com.kms.katalon.core.main.TestSuiteExecutor.accessTestCaseMainPhase(TestSuiteExecutor.java:202)
	at com.kms.katalon.core.main.TestSuiteExecutor.accessTestSuiteMainPhase(TestSuiteExecutor.java:164)
	at com.kms.katalon.core.main.TestSuiteExecutor.execute(TestSuiteExecutor.java:105)
	at com.kms.katalon.core.main.TestCaseMain.startTestSuite(TestCaseMain.java:181)
	at com.kms.katalon.core.main.TestCaseMain$startTestSuite$0.call(Unknown Source)
	at TempTestSuite1642335656208.run(TempTestSuite1642335656208.groovy:36)
Caused by: com.kms.katalon.core.webui.exception.WebElementNotFoundException: Web element with id: 'Object Repository/Page_SE2/input_Khng yu cu mt khu ng k_submitbutton (1)' located by '//input[@id='id_submitbutton']' not found
	at com.kms.katalon.core.webui.common.WebUiCommonHelper.findWebElement(WebUiCommonHelper.java:1368)
	at com.kms.katalon.core.webui.keyword.internal.WebUIAbstractKeyword.findWebElement(WebUIAbstractKeyword.groovy:27)
	at com.kms.katalon.core.webui.keyword.builtin.ClickKeyword$_click_closure1.doCall(ClickKeyword.groovy:65)
	at com.kms.katalon.core.webui.keyword.builtin.ClickKeyword$_click_closure1.call(ClickKeyword.groovy)
	at com.kms.katalon.core.webui.keyword.internal.WebUIKeywordMain.runKeyword(WebUIKeywordMain.groovy:20)
	at com.kms.katalon.core.webui.keyword.builtin.ClickKeyword.click(ClickKeyword.groovy:74)
	at com.kms.katalon.core.webui.keyword.builtin.ClickKeyword.execute(ClickKeyword.groovy:40)
	at com.kms.katalon.core.keyword.internal.KeywordExecutor.executeKeywordForPlatform(KeywordExecutor.groovy:74)
	at com.kms.katalon.core.webui.keyword.WebUiBuiltInKeywords.click(WebUiBuiltInKeywords.groovy:620)
	at com.kms.katalon.core.webui.keyword.WebUiBuiltInKeywords$click$1.call(Unknown Source)
	at Script1641960091784.run(Script1641960091784.groovy:37)
	... 16 more
)
[[ATTACHMENT|C:\\xampp\\htdocs\\moodle\\Test Automation - SE Bonus\\Reports\\20220116_192056\\Run All Test Cases\\20220116_192056\\1642338021721.png]]]]></system-out>
         <system-err><![CDATA[2022-01-16 19:59:54 - [TEST_CASE][FAILED] - Test Cases/Student enroll course/Enroll Course: Test Cases/Student enroll course/Enroll Course FAILED.
Reason:
com.kms.katalon.core.exception.StepFailedException: Unable to click on object 'Object Repository/Page_SE2/input_Khng yu cu mt khu ng k_submitbutton (1)'
	at com.kms.katalon.core.webui.keyword.internal.WebUIKeywordMain.stepFailed(WebUIKeywordMain.groovy:64)
	at com.kms.katalon.core.webui.keyword.internal.WebUIKeywordMain.runKeyword(WebUIKeywordMain.groovy:26)
	at com.kms.katalon.core.webui.keyword.builtin.ClickKeyword.click(ClickKeyword.groovy:74)
	at com.kms.katalon.core.webui.keyword.builtin.ClickKeyword.execute(ClickKeyword.groovy:40)
	at com.kms.katalon.core.keyword.internal.KeywordExecutor.executeKeywordForPlatform(KeywordExecutor.groovy:74)
	at com.kms.katalon.core.webui.keyword.WebUiBuiltInKeywords.click(WebUiBuiltInKeywords.groovy:620)
	at com.kms.katalon.core.webui.keyword.WebUiBuiltInKeywords$click$1.call(Unknown Source)
	at Enroll Course.run(Enroll Course:37)
	at com.kms.katalon.core.main.ScriptEngine.run(ScriptEngine.java:194)
	at com.kms.katalon.core.main.ScriptEngine.runScriptAsRawText(ScriptEngine.java:119)
	at com.kms.katalon.core.main.TestCaseExecutor.runScript(TestCaseExecutor.java:442)
	at com.kms.katalon.core.main.TestCaseExecutor.doExecute(TestCaseExecutor.java:433)
	at com.kms.katalon.core.main.TestCaseExecutor.processExecutionPhase(TestCaseExecutor.java:412)
	at com.kms.katalon.core.main.TestCaseExecutor.accessMainPhase(TestCaseExecutor.java:404)
	at com.kms.katalon.core.main.TestCaseExecutor.execute(TestCaseExecutor.java:281)
	at com.kms.katalon.core.main.TestCaseExecutor.execute(TestCaseExecutor.java:363)
	at com.kms.katalon.core.main.TestCaseExecutor.execute(TestCaseExecutor.java:363)
	at com.kms.katalon.core.main.TestCaseExecutor.execute(TestCaseExecutor.java:363)
	at com.kms.katalon.core.main.TestSuiteExecutor.accessTestCaseMainPhase(TestSuiteExecutor.java:202)
	at com.kms.katalon.core.main.TestSuiteExecutor.accessTestSuiteMainPhase(TestSuiteExecutor.java:164)
	at com.kms.katalon.core.main.TestSuiteExecutor.execute(TestSuiteExecutor.java:105)
	at com.kms.katalon.core.main.TestCaseMain.startTestSuite(TestCaseMain.java:181)
	at com.kms.katalon.core.main.TestCaseMain$startTestSuite$0.call(Unknown Source)
	at TempTestSuite1642335656208.run(TempTestSuite1642335656208.groovy:36)
Caused by: com.kms.katalon.core.webui.exception.WebElementNotFoundException: Web element with id: 'Object Repository/Page_SE2/input_Khng yu cu mt khu ng k_submitbutton (1)' located by '//input[@id='id_submitbutton']' not found
	at com.kms.katalon.core.webui.common.WebUiCommonHelper.findWebElement(WebUiCommonHelper.java:1368)
	at com.kms.katalon.core.webui.keyword.internal.WebUIAbstractKeyword.findWebElement(WebUIAbstractKeyword.groovy:27)
	at com.kms.katalon.core.webui.keyword.builtin.ClickKeyword$_click_closure1.doCall(ClickKeyword.groovy:65)
	at com.kms.katalon.core.webui.keyword.builtin.ClickKeyword$_click_closure1.call(ClickKeyword.groovy)
	at com.kms.katalon.core.webui.keyword.internal.WebUIKeywordMain.runKeyword(WebUIKeywordMain.groovy:20)
	... 22 more]]></system-err>
      </testcase>
      <testcase name="Test Cases/Student enroll course/Enroll Course With Password" time="49.328" classname="Test Cases/Student enroll course/Enroll Course With Password" status="PASSED">
         <system-out><![CDATA[2022-01-16 20:00:21 - [TEST_CASE][PASSED] - Test Cases/Student enroll course/Enroll Course With Password: Test Cases/Student enroll course/Enroll Course With Password

2022-01-16 20:00:23 - [TEST_STEP][PASSED] - openBrowser(""): Browser is opened with url: ''

2022-01-16 20:00:23 - [MESSAGE][WARNING] - A browser is already opened. Closing browser and opening a new one

2022-01-16 20:00:24 - [MESSAGE][INFO] - Starting 'Edge Chromium' driver

2022-01-16 20:00:26 - [MESSAGE][INFO] - Action delay is set to 0 milliseconds

2022-01-16 20:00:28 - [MESSAGE][PASSED] - Browser is opened with url: ''

2022-01-16 20:00:28 - [TEST_STEP][PASSED] - navigateToUrl("http://localhost/"): Navigate to 'http://localhost/' successfully

2022-01-16 20:00:30 - [MESSAGE][PASSED] - Navigate to 'http://localhost/' successfully

2022-01-16 20:00:30 - [TEST_STEP][PASSED] - click(findTestObject("Object Repository/Page_Local Moodle/a_Log in (22)")): Object: 'Object Repository/Page_Local Moodle/a_Log in (22)' is clicked on

2022-01-16 20:00:31 - [MESSAGE][PASSED] - Object: 'Object Repository/Page_Local Moodle/a_Log in (22)' is clicked on

2022-01-16 20:00:31 - [TEST_STEP][PASSED] - setText(findTestObject("Object Repository/Page_Local Moodle Log in to the site/input_Username_username (22)"), "hocvien"): Text 'hocvien' is set on object 'Object Repository/Page_Local Moodle Log in to the site/input_Username_username (22)'

2022-01-16 20:00:32 - [MESSAGE][PASSED] - Text 'hocvien' is set on object 'Object Repository/Page_Local Moodle Log in to the site/input_Username_username (22)'

2022-01-16 20:00:32 - [TEST_STEP][PASSED] - setEncryptedText(findTestObject("Object Repository/Page_Local Moodle Log in to the site/input_Password_password (22)"), "e0iuw4o+VG38P/PfCbIZUw=="): Text ****** has been set on object 'Object Repository/Page_Local Moodle Log in to the site/input_Password_password (22)'

2022-01-16 20:00:33 - [MESSAGE][PASSED] - Text ****** has been set on object 'Object Repository/Page_Local Moodle Log in to the site/input_Password_password (22)'

2022-01-16 20:00:33 - [TEST_STEP][PASSED] - click(findTestObject("Object Repository/Page_Local Moodle Log in to the site/button_Log in (22)")): Object: 'Object Repository/Page_Local Moodle Log in to the site/button_Log in (22)' is clicked on

2022-01-16 20:00:36 - [MESSAGE][PASSED] - Object: 'Object Repository/Page_Local Moodle Log in to the site/button_Log in (22)' is clicked on

2022-01-16 20:00:36 - [TEST_STEP][PASSED] - click(findTestObject("Object Repository/Page_Nh ca ti/span_Trang ch h thng (1)")): Object: 'Object Repository/Page_Nh ca ti/span_Trang ch h thng (1)' is clicked on

2022-01-16 20:00:40 - [MESSAGE][PASSED] - Object: 'Object Repository/Page_Nh ca ti/span_Trang ch h thng (1)' is clicked on

2022-01-16 20:00:40 - [TEST_STEP][PASSED] - click(findTestObject("Object Repository/Page_Local Moodle/a_Software Engineering 3")): Object: 'Object Repository/Page_Local Moodle/a_Software Engineering 3' is clicked on

2022-01-16 20:00:41 - [MESSAGE][PASSED] - Object: 'Object Repository/Page_Local Moodle/a_Software Engineering 3' is clicked on

2022-01-16 20:00:41 - [TEST_STEP][PASSED] - setEncryptedText(findTestObject("Object Repository/Page_SE3/input_Mt khu ng k_enrolpassword"), "tzH6RvlfSTg="): Text ****** has been set on object 'Object Repository/Page_SE3/input_Mt khu ng k_enrolpassword'

2022-01-16 20:00:48 - [MESSAGE][INFO] - Unable to find the element located by 'By.xpath: //input[@id='enrolpassword_10']'. Please recheck the objects properties to make sure the desired element is located. 

2022-01-16 20:00:48 - [MESSAGE][WARNING] - [SELF-HEALING] Failed to find element with id 'Object Repository/Page_SE3/input_Mt khu ng k_enrolpassword'. Try using Self-healing.

2022-01-16 20:00:48 - [MESSAGE][WARNING] - [SELF-HEALING] The current locator of test object 'Object Repository/Page_SE3/input_Mt khu ng k_enrolpassword' was broken. Propose an alternative one: '//div[2]/input'.

2022-01-16 20:00:48 - [MESSAGE][PASSED] - Text ****** has been set on object 'Object Repository/Page_SE3/input_Mt khu ng k_enrolpassword'

2022-01-16 20:00:48 - [TEST_STEP][PASSED] - click(findTestObject("Object Repository/Page_SE3/input_Mt khu ng k_submitbutton")): Object: 'Object Repository/Page_SE3/input_Mt khu ng k_submitbutton' is clicked on

2022-01-16 20:00:52 - [MESSAGE][PASSED] - Object: 'Object Repository/Page_SE3/input_Mt khu ng k_submitbutton' is clicked on

2022-01-16 20:00:52 - [TEST_STEP][PASSED] - click(findTestObject("Object Repository/Page_Kha Software Engineering 3/a_Software Engineering 3_action-menu-toggle-2")): Object: 'Object Repository/Page_Kha Software Engineering 3/a_Software Engineering 3_action-menu-toggle-2' is clicked on

2022-01-16 20:00:53 - [MESSAGE][PASSED] - Object: 'Object Repository/Page_Kha Software Engineering 3/a_Software Engineering 3_action-menu-toggle-2' is clicked on

2022-01-16 20:00:53 - [TEST_STEP][PASSED] - click(findTestObject("Object Repository/Page_Kha Software Engineering 3/a_Rt tn ti khi kho hc SE3")): Object: 'Object Repository/Page_Kha Software Engineering 3/a_Rt tn ti khi kho hc SE3' is clicked on

2022-01-16 20:00:59 - [MESSAGE][INFO] - Unable to find the element located by 'By.xpath: //a[@id='action_link61df954ab14a415']'. Please recheck the objects properties to make sure the desired element is located. 

2022-01-16 20:00:59 - [MESSAGE][WARNING] - [SELF-HEALING] Failed to find element with id 'Object Repository/Page_Kha Software Engineering 3/a_Rt tn ti khi kho hc SE3'. Try using Self-healing.

2022-01-16 20:00:59 - [MESSAGE][WARNING] - [SELF-HEALING] The current locator of test object 'Object Repository/Page_Kha Software Engineering 3/a_Rt tn ti khi kho hc SE3' was broken. Propose an alternative one: '//div[@id='action-menu-2-menu']/div/a'.

2022-01-16 20:01:00 - [MESSAGE][PASSED] - Object: 'Object Repository/Page_Kha Software Engineering 3/a_Rt tn ti khi kho hc SE3' is clicked on

2022-01-16 20:01:00 - [TEST_STEP][PASSED] - navigateToUrl("http://localhost/enrol/self/unenrolself.php?enrolid=12"): Navigate to 'http://localhost/enrol/self/unenrolself.php?enrolid=12' successfully

2022-01-16 20:01:01 - [MESSAGE][PASSED] - Navigate to 'http://localhost/enrol/self/unenrolself.php?enrolid=12' successfully

2022-01-16 20:01:01 - [TEST_STEP][PASSED] - click(findTestObject("Object Repository/Page_T ng k (Hc vin)/button_Tip tc")): Object: 'Object Repository/Page_T ng k (Hc vin)/button_Tip tc' is clicked on

2022-01-16 20:01:07 - [MESSAGE][INFO] - Unable to find the element located by 'By.xpath: //button[@id='single_button61df955b6a6e218']'. Please recheck the objects properties to make sure the desired element is located. 

2022-01-16 20:01:07 - [MESSAGE][WARNING] - [SELF-HEALING] Failed to find element with id 'Object Repository/Page_T ng k (Hc vin)/button_Tip tc'. Try using Self-healing.

2022-01-16 20:01:07 - [MESSAGE][WARNING] - [SELF-HEALING] The current locator of test object 'Object Repository/Page_T ng k (Hc vin)/button_Tip tc' was broken. Propose an alternative one: '//div[@id='modal-footer']/div/div/form/button'.

2022-01-16 20:01:09 - [MESSAGE][PASSED] - Object: 'Object Repository/Page_T ng k (Hc vin)/button_Tip tc' is clicked on

2022-01-16 20:01:09 - [TEST_STEP][PASSED] - closeBrowser(): Browser is closed

2022-01-16 20:01:11 - [MESSAGE][PASSED] - Browser is closed]]></system-out>
         <system-err><![CDATA[]]></system-err>
      </testcase>
      <testcase name="Test Cases/Students check events on calendar/Asignment event" time="138.149" classname="Test Cases/Students check events on calendar/Asignment event" status="PASSED">
         <system-out><![CDATA[2022-01-16 20:01:11 - [TEST_CASE][PASSED] - Test Cases/Students check events on calendar/Asignment event: Test Cases/Students check events on calendar/Asignment event

2022-01-16 20:01:12 - [TEST_STEP][PASSED] - openBrowser(""): Browser is opened with url: ''

2022-01-16 20:01:12 - [MESSAGE][INFO] - Starting 'Edge Chromium' driver

2022-01-16 20:01:14 - [MESSAGE][INFO] - Action delay is set to 0 milliseconds

2022-01-16 20:01:16 - [MESSAGE][PASSED] - Browser is opened with url: ''

2022-01-16 20:01:16 - [TEST_STEP][PASSED] - navigateToUrl("http://localhost/"): Navigate to 'http://localhost/' successfully

2022-01-16 20:01:17 - [MESSAGE][PASSED] - Navigate to 'http://localhost/' successfully

2022-01-16 20:01:17 - [TEST_STEP][PASSED] - click(findTestObject("Object Repository/Students check events on calendar/Page_Local Moodle/a_Log in")): Object: 'Object Repository/Students check events on calendar/Page_Local Moodle/a_Log in' is clicked on

2022-01-16 20:01:18 - [MESSAGE][PASSED] - Object: 'Object Repository/Students check events on calendar/Page_Local Moodle/a_Log in' is clicked on

2022-01-16 20:01:18 - [TEST_STEP][PASSED] - setText(findTestObject("Object Repository/Students check events on calendar/Page_Local Moodle Log in to the site/input_Username_username"), "gv01"): Text 'gv01' is set on object 'Object Repository/Students check events on calendar/Page_Local Moodle Log in to the site/input_Username_username'

2022-01-16 20:01:19 - [MESSAGE][PASSED] - Text 'gv01' is set on object 'Object Repository/Students check events on calendar/Page_Local Moodle Log in to the site/input_Username_username'

2022-01-16 20:01:19 - [TEST_STEP][PASSED] - setEncryptedText(findTestObject("Object Repository/Students check events on calendar/Page_Local Moodle Log in to the site/input_Password_password"), "RigbBhfdqOAWw2eOk0+aVg=="): Text ****** has been set on object 'Object Repository/Students check events on calendar/Page_Local Moodle Log in to the site/input_Password_password'

2022-01-16 20:01:20 - [MESSAGE][PASSED] - Text ****** has been set on object 'Object Repository/Students check events on calendar/Page_Local Moodle Log in to the site/input_Password_password'

2022-01-16 20:01:20 - [TEST_STEP][PASSED] - click(findTestObject("Object Repository/Students check events on calendar/Page_Local Moodle Log in to the site/button_Log in")): Object: 'Object Repository/Students check events on calendar/Page_Local Moodle Log in to the site/button_Log in' is clicked on

2022-01-16 20:01:22 - [MESSAGE][PASSED] - Object: 'Object Repository/Students check events on calendar/Page_Local Moodle Log in to the site/button_Log in' is clicked on

2022-01-16 20:01:22 - [TEST_STEP][PASSED] - verifyElementClickable(findTestObject("Object Repository/Students check events on calendar/Page_Nh ca ti/span_Nhp mn cng ngh phn mm")): Object 'Object Repository/Students check events on calendar/Page_Nh ca ti/span_Nhp mn cng ngh phn mm' is clickable

2022-01-16 20:01:24 - [MESSAGE][PASSED] - Object 'Object Repository/Students check events on calendar/Page_Nh ca ti/span_Nhp mn cng ngh phn mm' is clickable

2022-01-16 20:01:24 - [TEST_STEP][PASSED] - click(findTestObject("Object Repository/Students check events on calendar/Page_Nh ca ti/span_Nhp mn cng ngh phn mm")): Object: 'Object Repository/Students check events on calendar/Page_Nh ca ti/span_Nhp mn cng ngh phn mm' is clicked on

2022-01-16 20:01:26 - [MESSAGE][PASSED] - Object: 'Object Repository/Students check events on calendar/Page_Nh ca ti/span_Nhp mn cng ngh phn mm' is clicked on

2022-01-16 20:01:26 - [TEST_STEP][PASSED] - verifyElementClickable(findTestObject("Object Repository/Students check events on calendar/Page_Kha Nhp mn cng ngh phn mm/button_Bt ch  chnh sa")): Object 'Object Repository/Students check events on calendar/Page_Kha Nhp mn cng ngh phn mm/button_Bt ch  chnh sa' is clickable

2022-01-16 20:01:33 - [MESSAGE][INFO] - Unable to find the element located by 'By.xpath: //button[@id='single_button61e174d8acd921']'. Please recheck the objects properties to make sure the desired element is located. 

2022-01-16 20:01:33 - [MESSAGE][WARNING] - [SELF-HEALING] Failed to find element with id 'Object Repository/Students check events on calendar/Page_Kha Nhp mn cng ngh phn mm/button_Bt ch  chnh sa'. Try using Self-healing.

2022-01-16 20:01:33 - [MESSAGE][WARNING] - [SELF-HEALING] The current locator of test object 'Object Repository/Students check events on calendar/Page_Kha Nhp mn cng ngh phn mm/button_Bt ch  chnh sa' was broken. Propose an alternative one: '//header[@id='page-header']/div/div/div/div[2]/div[2]/div/form/button'.

2022-01-16 20:01:33 - [MESSAGE][PASSED] - Object 'Object Repository/Students check events on calendar/Page_Kha Nhp mn cng ngh phn mm/button_Bt ch  chnh sa' is clickable

2022-01-16 20:01:33 - [TEST_STEP][PASSED] - verifyElementText(findTestObject("Object Repository/Students check events on calendar/Page_Kha Nhp mn cng ngh phn mm/button_Bt ch  chnh sa"), "Bật chế độ chỉnh sửa"): Actual text and expected text of test object 'Object Repository/Students check events on calendar/Page_Kha Nhp mn cng ngh phn mm/button_Bt ch  chnh sa' are matched.

2022-01-16 20:01:39 - [MESSAGE][INFO] - Unable to find the element located by 'By.xpath: //button[@id='single_button61e174d8acd921']'. Please recheck the objects properties to make sure the desired element is located. 

2022-01-16 20:01:39 - [MESSAGE][WARNING] - [SELF-HEALING] Failed to find element with id 'Object Repository/Students check events on calendar/Page_Kha Nhp mn cng ngh phn mm/button_Bt ch  chnh sa'. Try using Self-healing.

2022-01-16 20:01:39 - [MESSAGE][WARNING] - [SELF-HEALING] The current locator of test object 'Object Repository/Students check events on calendar/Page_Kha Nhp mn cng ngh phn mm/button_Bt ch  chnh sa' was broken. Propose an alternative one: '//header[@id='page-header']/div/div/div/div[2]/div[2]/div/form/button'.

2022-01-16 20:01:39 - [MESSAGE][PASSED] - Actual text and expected text of test object 'Object Repository/Students check events on calendar/Page_Kha Nhp mn cng ngh phn mm/button_Bt ch  chnh sa' are matched.

2022-01-16 20:01:39 - [TEST_STEP][PASSED] - click(findTestObject("Object Repository/Students check events on calendar/Page_Kha Nhp mn cng ngh phn mm/button_Bt ch  chnh sa")): Object: 'Object Repository/Students check events on calendar/Page_Kha Nhp mn cng ngh phn mm/button_Bt ch  chnh sa' is clicked on

2022-01-16 20:01:46 - [MESSAGE][INFO] - Unable to find the element located by 'By.xpath: //button[@id='single_button61e174d8acd921']'. Please recheck the objects properties to make sure the desired element is located. 

2022-01-16 20:01:46 - [MESSAGE][WARNING] - [SELF-HEALING] Failed to find element with id 'Object Repository/Students check events on calendar/Page_Kha Nhp mn cng ngh phn mm/button_Bt ch  chnh sa'. Try using Self-healing.

2022-01-16 20:01:46 - [MESSAGE][WARNING] - [SELF-HEALING] The current locator of test object 'Object Repository/Students check events on calendar/Page_Kha Nhp mn cng ngh phn mm/button_Bt ch  chnh sa' was broken. Propose an alternative one: '//header[@id='page-header']/div/div/div/div[2]/div[2]/div/form/button'.

2022-01-16 20:01:47 - [MESSAGE][PASSED] - Object: 'Object Repository/Students check events on calendar/Page_Kha Nhp mn cng ngh phn mm/button_Bt ch  chnh sa' is clicked on

2022-01-16 20:01:47 - [TEST_STEP][PASSED] - verifyElementText(findTestObject("Object Repository/Students check events on calendar/Page_Kha Nhp mn cng ngh phn mm/span_Thm hot ng hoc ti nguyn"), "Thêm hoạt động hoặc tài nguyên"): Actual text and expected text of test object 'Object Repository/Students check events on calendar/Page_Kha Nhp mn cng ngh phn mm/span_Thm hot ng hoc ti nguyn' are matched.

2022-01-16 20:01:54 - [MESSAGE][INFO] - Unable to find the element located by 'By.xpath: //span[@id='yui_3_17_2_1_1642165488702_701']'. Please recheck the objects properties to make sure the desired element is located. 

2022-01-16 20:01:54 - [MESSAGE][WARNING] - [SELF-HEALING] Failed to find element with id 'Object Repository/Students check events on calendar/Page_Kha Nhp mn cng ngh phn mm/span_Thm hot ng hoc ti nguyn'. Try using Self-healing.

2022-01-16 20:01:54 - [MESSAGE][WARNING] - [SELF-HEALING] The current locator of test object 'Object Repository/Students check events on calendar/Page_Kha Nhp mn cng ngh phn mm/span_Thm hot ng hoc ti nguyn' was broken. Propose an alternative one: '(.//*[normalize-space(text()) and normalize-space(.)='Thêm tập tin ở đây'])[1]/following::span[1]'.

2022-01-16 20:01:54 - [MESSAGE][PASSED] - Actual text and expected text of test object 'Object Repository/Students check events on calendar/Page_Kha Nhp mn cng ngh phn mm/span_Thm hot ng hoc ti nguyn' are matched.

2022-01-16 20:01:54 - [TEST_STEP][PASSED] - click(findTestObject("Object Repository/Students check events on calendar/Page_Kha Nhp mn cng ngh phn mm/span_Thm hot ng hoc ti nguyn")): Object: 'Object Repository/Students check events on calendar/Page_Kha Nhp mn cng ngh phn mm/span_Thm hot ng hoc ti nguyn' is clicked on

2022-01-16 20:02:00 - [MESSAGE][INFO] - Unable to find the element located by 'By.xpath: //span[@id='yui_3_17_2_1_1642165488702_701']'. Please recheck the objects properties to make sure the desired element is located. 

2022-01-16 20:02:00 - [MESSAGE][WARNING] - [SELF-HEALING] Failed to find element with id 'Object Repository/Students check events on calendar/Page_Kha Nhp mn cng ngh phn mm/span_Thm hot ng hoc ti nguyn'. Try using Self-healing.

2022-01-16 20:02:01 - [MESSAGE][WARNING] - [SELF-HEALING] The current locator of test object 'Object Repository/Students check events on calendar/Page_Kha Nhp mn cng ngh phn mm/span_Thm hot ng hoc ti nguyn' was broken. Propose an alternative one: '(.//*[normalize-space(text()) and normalize-space(.)='Thêm tập tin ở đây'])[1]/following::span[1]'.

2022-01-16 20:02:01 - [MESSAGE][PASSED] - Object: 'Object Repository/Students check events on calendar/Page_Kha Nhp mn cng ngh phn mm/span_Thm hot ng hoc ti nguyn' is clicked on

2022-01-16 20:02:01 - [TEST_STEP][PASSED] - verifyElementClickable(findTestObject("Object Repository/Students check events on calendar/Page_Kha Nhp mn cng ngh phn mm/div_Bi tp")): Object 'Object Repository/Students check events on calendar/Page_Kha Nhp mn cng ngh phn mm/div_Bi tp' is clickable

2022-01-16 20:02:07 - [MESSAGE][INFO] - Unable to find the element located by 'By.xpath: //div[@id='all-4']/div/div[3]/div/a/div[2]'. Please recheck the objects properties to make sure the desired element is located. 

2022-01-16 20:02:07 - [MESSAGE][WARNING] - [SELF-HEALING] Failed to find element with id 'Object Repository/Students check events on calendar/Page_Kha Nhp mn cng ngh phn mm/div_Bi tp'. Try using Self-healing.

2022-01-16 20:02:08 - [MESSAGE][WARNING] - [SELF-HEALING] The current locator of test object 'Object Repository/Students check events on calendar/Page_Kha Nhp mn cng ngh phn mm/div_Bi tp' was broken. Propose an alternative one: '(.//*[normalize-space(text()) and normalize-space(.)='Bài học'])[1]/following::div[5]'.

2022-01-16 20:02:08 - [MESSAGE][PASSED] - Object 'Object Repository/Students check events on calendar/Page_Kha Nhp mn cng ngh phn mm/div_Bi tp' is clickable

2022-01-16 20:02:08 - [TEST_STEP][PASSED] - verifyElementText(findTestObject("Object Repository/Students check events on calendar/Page_Kha Nhp mn cng ngh phn mm/div_Bi tp"), "Bài tập"): Actual text and expected text of test object 'Object Repository/Students check events on calendar/Page_Kha Nhp mn cng ngh phn mm/div_Bi tp' are matched.

2022-01-16 20:02:14 - [MESSAGE][INFO] - Unable to find the element located by 'By.xpath: //div[@id='all-4']/div/div[3]/div/a/div[2]'. Please recheck the objects properties to make sure the desired element is located. 

2022-01-16 20:02:14 - [MESSAGE][WARNING] - [SELF-HEALING] Failed to find element with id 'Object Repository/Students check events on calendar/Page_Kha Nhp mn cng ngh phn mm/div_Bi tp'. Try using Self-healing.

2022-01-16 20:02:14 - [MESSAGE][WARNING] - [SELF-HEALING] The current locator of test object 'Object Repository/Students check events on calendar/Page_Kha Nhp mn cng ngh phn mm/div_Bi tp' was broken. Propose an alternative one: '(.//*[normalize-space(text()) and normalize-space(.)='Bài học'])[1]/following::div[5]'.

2022-01-16 20:02:14 - [MESSAGE][PASSED] - Actual text and expected text of test object 'Object Repository/Students check events on calendar/Page_Kha Nhp mn cng ngh phn mm/div_Bi tp' are matched.

2022-01-16 20:02:14 - [TEST_STEP][PASSED] - click(findTestObject("Object Repository/Students check events on calendar/Page_Kha Nhp mn cng ngh phn mm/div_Bi tp")): Object: 'Object Repository/Students check events on calendar/Page_Kha Nhp mn cng ngh phn mm/div_Bi tp' is clicked on

2022-01-16 20:02:21 - [MESSAGE][INFO] - Unable to find the element located by 'By.xpath: //div[@id='all-4']/div/div[3]/div/a/div[2]'. Please recheck the objects properties to make sure the desired element is located. 

2022-01-16 20:02:21 - [MESSAGE][WARNING] - [SELF-HEALING] Failed to find element with id 'Object Repository/Students check events on calendar/Page_Kha Nhp mn cng ngh phn mm/div_Bi tp'. Try using Self-healing.

2022-01-16 20:02:21 - [MESSAGE][WARNING] - [SELF-HEALING] The current locator of test object 'Object Repository/Students check events on calendar/Page_Kha Nhp mn cng ngh phn mm/div_Bi tp' was broken. Propose an alternative one: '(.//*[normalize-space(text()) and normalize-space(.)='Bài học'])[1]/following::div[5]'.

2022-01-16 20:02:24 - [MESSAGE][PASSED] - Object: 'Object Repository/Students check events on calendar/Page_Kha Nhp mn cng ngh phn mm/div_Bi tp' is clicked on

2022-01-16 20:02:24 - [TEST_STEP][PASSED] - setText(findTestObject("Object Repository/Students check events on calendar/Page_Bin son Bi tp/input_Tn bi tp_name"), "Bài tập quiz"): Text 'Bài tập quiz' is set on object 'Object Repository/Students check events on calendar/Page_Bin son Bi tp/input_Tn bi tp_name'

2022-01-16 20:02:26 - [MESSAGE][PASSED] - Text 'Bài tập quiz' is set on object 'Object Repository/Students check events on calendar/Page_Bin son Bi tp/input_Tn bi tp_name'

2022-01-16 20:02:26 - [TEST_STEP][PASSED] - click(findTestObject("Object Repository/Students check events on calendar/Page_Bin son Bi tp/p_Kim tra tnh nng")): Object: 'Object Repository/Students check events on calendar/Page_Bin son Bi tp/p_Kim tra tnh nng' is clicked on

2022-01-16 20:02:26 - [MESSAGE][PASSED] - Object: 'Object Repository/Students check events on calendar/Page_Bin son Bi tp/p_Kim tra tnh nng' is clicked on

2022-01-16 20:02:26 - [TEST_STEP][PASSED] - setText(findTestObject("Object Repository/Students check events on calendar/Page_Bin son Bi tp/div_Kim tra tnh nng"), "Kiểm tra tính năng"): Text 'Kiểm tra tính năng' is set on object 'Object Repository/Students check events on calendar/Page_Bin son Bi tp/div_Kim tra tnh nng'

2022-01-16 20:02:28 - [MESSAGE][PASSED] - Text 'Kiểm tra tính năng' is set on object 'Object Repository/Students check events on calendar/Page_Bin son Bi tp/div_Kim tra tnh nng'

2022-01-16 20:02:28 - [TEST_STEP][PASSED] - selectOptionByValue(findTestObject("Object Repository/Students check events on calendar/Page_Bin son Bi tp/select_1        2        3        4        _45ea30"), "28", true): All options with value '28' are selected in object 'Object Repository/Students check events on calendar/Page_Bin son Bi tp/select_1        2        3        4        _45ea30'  using regular expression

2022-01-16 20:02:34 - [MESSAGE][INFO] - Unable to find the element located by 'By.xpath: '. Please recheck the objects properties to make sure the desired element is located. 

2022-01-16 20:02:34 - [MESSAGE][WARNING] - [SELF-HEALING] Failed to find element with id 'Object Repository/Students check events on calendar/Page_Bin son Bi tp/select_1        2        3        4        _45ea30'. Try using Self-healing.

2022-01-16 20:02:34 - [MESSAGE][INFO] - [SELF-HEALING] Working Locator: '//select[@id='id_duedate_day']'.

2022-01-16 20:02:36 - [MESSAGE][INFO] - [SELF-HEALING] Screenshot: C:/xampp/htdocs/moodle/Test Automation - SE Bonus/Reports/Self-healing/Object Repository/Students check events on calendar/Page_Bin son Bi tp/select_1        2        3        4        _45ea30_attributes.png

2022-01-16 20:02:36 - [MESSAGE][WARNING] - [SELF-HEALING] The current locator of test object 'Object Repository/Students check events on calendar/Page_Bin son Bi tp/select_1        2        3        4        _45ea30' was broken. Propose an alternative one: '//select[@id='id_duedate_day']'.

2022-01-16 20:02:38 - [MESSAGE][PASSED] - All options with value '28' are selected in object 'Object Repository/Students check events on calendar/Page_Bin son Bi tp/select_1        2        3        4        _45ea30'  using regular expression

2022-01-16 20:02:38 - [TEST_STEP][PASSED] - verifyElementText(findTestObject("Object Repository/Students check events on calendar/Page_Bin son Bi tp/input_Upon activity completion_submitbutton"), ""): Actual text and expected text of test object 'Object Repository/Students check events on calendar/Page_Bin son Bi tp/input_Upon activity completion_submitbutton' are matched.

2022-01-16 20:02:38 - [MESSAGE][PASSED] - Actual text and expected text of test object 'Object Repository/Students check events on calendar/Page_Bin son Bi tp/input_Upon activity completion_submitbutton' are matched.

2022-01-16 20:02:38 - [TEST_STEP][PASSED] - verifyElementClickable(findTestObject("Object Repository/Students check events on calendar/Page_Bin son Bi tp/input_Upon activity completion_submitbutton")): Object 'Object Repository/Students check events on calendar/Page_Bin son Bi tp/input_Upon activity completion_submitbutton' is clickable

2022-01-16 20:02:39 - [MESSAGE][PASSED] - Object 'Object Repository/Students check events on calendar/Page_Bin son Bi tp/input_Upon activity completion_submitbutton' is clickable

2022-01-16 20:02:39 - [TEST_STEP][PASSED] - click(findTestObject("Object Repository/Students check events on calendar/Page_Bin son Bi tp/input_Upon activity completion_submitbutton")): Object: 'Object Repository/Students check events on calendar/Page_Bin son Bi tp/input_Upon activity completion_submitbutton' is clicked on

2022-01-16 20:02:41 - [MESSAGE][PASSED] - Object: 'Object Repository/Students check events on calendar/Page_Bin son Bi tp/input_Upon activity completion_submitbutton' is clicked on

2022-01-16 20:02:41 - [TEST_STEP][PASSED] - verifyElementText(findTestObject("Object Repository/Students check events on calendar/Page_NM CNPM Bi tp quiz/div_Kim tra tnh nng"), "Kiểm tra tính năng"): Actual text and expected text of test object 'Object Repository/Students check events on calendar/Page_NM CNPM Bi tp quiz/div_Kim tra tnh nng' are matched.

2022-01-16 20:02:42 - [MESSAGE][PASSED] - Actual text and expected text of test object 'Object Repository/Students check events on calendar/Page_NM CNPM Bi tp quiz/div_Kim tra tnh nng' are matched.

2022-01-16 20:02:42 - [TEST_STEP][PASSED] - click(findTestObject("Object Repository/Students check events on calendar/Page_NM CNPM Bi tp quiz/a_Van Luyen Le")): Object: 'Object Repository/Students check events on calendar/Page_NM CNPM Bi tp quiz/a_Van Luyen Le' is clicked on

2022-01-16 20:02:43 - [MESSAGE][PASSED] - Object: 'Object Repository/Students check events on calendar/Page_NM CNPM Bi tp quiz/a_Van Luyen Le' is clicked on

2022-01-16 20:02:43 - [TEST_STEP][PASSED] - click(findTestObject("Object Repository/Students check events on calendar/Page_NM CNPM Bi tp quiz/span_Thot")): Object: 'Object Repository/Students check events on calendar/Page_NM CNPM Bi tp quiz/span_Thot' is clicked on

2022-01-16 20:02:44 - [MESSAGE][PASSED] - Object: 'Object Repository/Students check events on calendar/Page_NM CNPM Bi tp quiz/span_Thot' is clicked on

2022-01-16 20:02:44 - [TEST_STEP][PASSED] - click(findTestObject("Object Repository/Students check events on calendar/Page_Local Moodle/a_Log in")): Object: 'Object Repository/Students check events on calendar/Page_Local Moodle/a_Log in' is clicked on

2022-01-16 20:02:45 - [MESSAGE][PASSED] - Object: 'Object Repository/Students check events on calendar/Page_Local Moodle/a_Log in' is clicked on

2022-01-16 20:02:45 - [TEST_STEP][PASSED] - setText(findTestObject("Object Repository/Students check events on calendar/Page_Local Moodle Log in to the site/input_Username_username"), "hs01"): Text 'hs01' is set on object 'Object Repository/Students check events on calendar/Page_Local Moodle Log in to the site/input_Username_username'

2022-01-16 20:02:46 - [MESSAGE][PASSED] - Text 'hs01' is set on object 'Object Repository/Students check events on calendar/Page_Local Moodle Log in to the site/input_Username_username'

2022-01-16 20:02:46 - [TEST_STEP][PASSED] - setEncryptedText(findTestObject("Object Repository/Students check events on calendar/Page_Local Moodle Log in to the site/input_Password_password"), "o5TCnEIIWq2SeGQhIMNXLQ=="): Text ****** has been set on object 'Object Repository/Students check events on calendar/Page_Local Moodle Log in to the site/input_Password_password'

2022-01-16 20:02:47 - [MESSAGE][PASSED] - Text ****** has been set on object 'Object Repository/Students check events on calendar/Page_Local Moodle Log in to the site/input_Password_password'

2022-01-16 20:02:47 - [TEST_STEP][PASSED] - click(findTestObject("Object Repository/Students check events on calendar/Page_Local Moodle Log in to the site/button_Log in")): Object: 'Object Repository/Students check events on calendar/Page_Local Moodle Log in to the site/button_Log in' is clicked on

2022-01-16 20:02:49 - [MESSAGE][PASSED] - Object: 'Object Repository/Students check events on calendar/Page_Local Moodle Log in to the site/button_Log in' is clicked on

2022-01-16 20:02:49 - [TEST_STEP][PASSED] - verifyElementClickable(findTestObject("Object Repository/Students check events on calendar/Page_Nh ca ti/a_28")): Object 'Object Repository/Students check events on calendar/Page_Nh ca ti/a_28' is clickable

2022-01-16 20:02:55 - [MESSAGE][INFO] - Unable to find the element located by 'By.xpath: //a[@id='calendar-day-popover-link-1-2022-27-3']'. Please recheck the objects properties to make sure the desired element is located. 

2022-01-16 20:02:55 - [MESSAGE][WARNING] - [SELF-HEALING] Failed to find element with id 'Object Repository/Students check events on calendar/Page_Nh ca ti/a_28'. Try using Self-healing.

2022-01-16 20:02:56 - [MESSAGE][INFO] - [SELF-HEALING] Failed Locator: '//a[@id='calendar-day-popover-link-1-2022-27-3']'.

2022-01-16 20:02:56 - [MESSAGE][INFO] - [SELF-HEALING] Failed Locator: '//td[@id='yui_3_17_2_1_1642165182668_540']/a'.

2022-01-16 20:02:56 - [MESSAGE][INFO] - [SELF-HEALING] Working Locator: '//a[contains(text(),'28')]'.

2022-01-16 20:02:57 - [MESSAGE][INFO] - [SELF-HEALING] Screenshot: C:/xampp/htdocs/moodle/Test Automation - SE Bonus/Reports/Self-healing/Object Repository/Students check events on calendar/Page_Nh ca ti/a_28_link.png

2022-01-16 20:02:57 - [MESSAGE][WARNING] - [SELF-HEALING] The current locator of test object 'Object Repository/Students check events on calendar/Page_Nh ca ti/a_28' was broken. Propose an alternative one: '//a[contains(text(),'28')]'.

2022-01-16 20:02:57 - [MESSAGE][PASSED] - Object 'Object Repository/Students check events on calendar/Page_Nh ca ti/a_28' is clickable

2022-01-16 20:02:57 - [TEST_STEP][PASSED] - click(findTestObject("Object Repository/Students check events on calendar/Page_Nh ca ti/a_28")): Object: 'Object Repository/Students check events on calendar/Page_Nh ca ti/a_28' is clicked on

2022-01-16 20:03:03 - [MESSAGE][INFO] - Unable to find the element located by 'By.xpath: //a[@id='calendar-day-popover-link-1-2022-27-3']'. Please recheck the objects properties to make sure the desired element is located. 

2022-01-16 20:03:03 - [MESSAGE][WARNING] - [SELF-HEALING] Failed to find element with id 'Object Repository/Students check events on calendar/Page_Nh ca ti/a_28'. Try using Self-healing.

2022-01-16 20:03:03 - [MESSAGE][WARNING] - [SELF-HEALING] The current locator of test object 'Object Repository/Students check events on calendar/Page_Nh ca ti/a_28' was broken. Propose an alternative one: '//a[contains(text(),'28')]'.

2022-01-16 20:03:05 - [MESSAGE][PASSED] - Object: 'Object Repository/Students check events on calendar/Page_Nh ca ti/a_28' is clicked on

2022-01-16 20:03:05 - [TEST_STEP][PASSED] - verifyElementText(findTestObject("Object Repository/Students check events on calendar/Page_Moodle Lch Xem ngy Th Su, 14 Thng Ging 2022/a_Thm bi np"), "Thêm bài nộp"): Actual text and expected text of test object 'Object Repository/Students check events on calendar/Page_Moodle Lch Xem ngy Th Su, 14 Thng Ging 2022/a_Thm bi np' are matched.

2022-01-16 20:03:11 - [MESSAGE][INFO] - Unable to find the element located by 'By.xpath: //div[@id='calendar-day-61d730798b7de61d730796c43320']/div[2]/div[2]/div/div/div[3]/a'. Please recheck the objects properties to make sure the desired element is located. 

2022-01-16 20:03:11 - [MESSAGE][WARNING] - [SELF-HEALING] Failed to find element with id 'Object Repository/Students check events on calendar/Page_Moodle Lch Xem ngy Th Su, 14 Thng Ging 2022/a_Thm bi np'. Try using Self-healing.

2022-01-16 20:03:11 - [MESSAGE][WARNING] - [SELF-HEALING] The current locator of test object 'Object Repository/Students check events on calendar/Page_Moodle Lch Xem ngy Th Su, 14 Thng Ging 2022/a_Thm bi np' was broken. Propose an alternative one: '(.//*[normalize-space(text()) and normalize-space(.)='Xuất lịch biểu'])[1]/preceding::a[1]'.

2022-01-16 20:03:11 - [MESSAGE][PASSED] - Actual text and expected text of test object 'Object Repository/Students check events on calendar/Page_Moodle Lch Xem ngy Th Su, 14 Thng Ging 2022/a_Thm bi np' are matched.

2022-01-16 20:03:11 - [TEST_STEP][PASSED] - verifyElementClickable(findTestObject("Object Repository/Students check events on calendar/Page_Moodle Lch Xem ngy Th Su, 14 Thng Ging 2022/a_Thm bi np")): Object 'Object Repository/Students check events on calendar/Page_Moodle Lch Xem ngy Th Su, 14 Thng Ging 2022/a_Thm bi np' is clickable

2022-01-16 20:03:18 - [MESSAGE][INFO] - Unable to find the element located by 'By.xpath: //div[@id='calendar-day-61d730798b7de61d730796c43320']/div[2]/div[2]/div/div/div[3]/a'. Please recheck the objects properties to make sure the desired element is located. 

2022-01-16 20:03:18 - [MESSAGE][WARNING] - [SELF-HEALING] Failed to find element with id 'Object Repository/Students check events on calendar/Page_Moodle Lch Xem ngy Th Su, 14 Thng Ging 2022/a_Thm bi np'. Try using Self-healing.

2022-01-16 20:03:18 - [MESSAGE][WARNING] - [SELF-HEALING] The current locator of test object 'Object Repository/Students check events on calendar/Page_Moodle Lch Xem ngy Th Su, 14 Thng Ging 2022/a_Thm bi np' was broken. Propose an alternative one: '(.//*[normalize-space(text()) and normalize-space(.)='Xuất lịch biểu'])[1]/preceding::a[1]'.

2022-01-16 20:03:18 - [MESSAGE][PASSED] - Object 'Object Repository/Students check events on calendar/Page_Moodle Lch Xem ngy Th Su, 14 Thng Ging 2022/a_Thm bi np' is clickable

2022-01-16 20:03:18 - [TEST_STEP][PASSED] - click(findTestObject("Object Repository/Students check events on calendar/Page_Moodle Lch Xem ngy Th Su, 14 Thng Ging 2022/a_Thm bi np")): Object: 'Object Repository/Students check events on calendar/Page_Moodle Lch Xem ngy Th Su, 14 Thng Ging 2022/a_Thm bi np' is clicked on

2022-01-16 20:03:24 - [MESSAGE][INFO] - Unable to find the element located by 'By.xpath: //div[@id='calendar-day-61d730798b7de61d730796c43320']/div[2]/div[2]/div/div/div[3]/a'. Please recheck the objects properties to make sure the desired element is located. 

2022-01-16 20:03:24 - [MESSAGE][WARNING] - [SELF-HEALING] Failed to find element with id 'Object Repository/Students check events on calendar/Page_Moodle Lch Xem ngy Th Su, 14 Thng Ging 2022/a_Thm bi np'. Try using Self-healing.

2022-01-16 20:03:25 - [MESSAGE][WARNING] - [SELF-HEALING] The current locator of test object 'Object Repository/Students check events on calendar/Page_Moodle Lch Xem ngy Th Su, 14 Thng Ging 2022/a_Thm bi np' was broken. Propose an alternative one: '(.//*[normalize-space(text()) and normalize-space(.)='Xuất lịch biểu'])[1]/preceding::a[1]'.

2022-01-16 20:03:26 - [MESSAGE][PASSED] - Object: 'Object Repository/Students check events on calendar/Page_Moodle Lch Xem ngy Th Su, 14 Thng Ging 2022/a_Thm bi np' is clicked on

2022-01-16 20:03:26 - [TEST_STEP][PASSED] - verifyElementText(findTestObject("Object Repository/Students check events on calendar/Page_NM CNPM Bi tp quiz - Sa bi lm/h2_Bi tp quiz"), "Bài tập quiz"): Actual text and expected text of test object 'Object Repository/Students check events on calendar/Page_NM CNPM Bi tp quiz - Sa bi lm/h2_Bi tp quiz' are matched.

2022-01-16 20:03:27 - [MESSAGE][PASSED] - Actual text and expected text of test object 'Object Repository/Students check events on calendar/Page_NM CNPM Bi tp quiz - Sa bi lm/h2_Bi tp quiz' are matched.

2022-01-16 20:03:27 - [TEST_STEP][PASSED] - verifyElementText(findTestObject("Object Repository/Students check events on calendar/Page_NM CNPM Bi tp quiz - Sa bi lm/div_Kim tra tnh nng"), "Kiểm tra tính năng"): Actual text and expected text of test object 'Object Repository/Students check events on calendar/Page_NM CNPM Bi tp quiz - Sa bi lm/div_Kim tra tnh nng' are matched.

2022-01-16 20:03:28 - [MESSAGE][PASSED] - Actual text and expected text of test object 'Object Repository/Students check events on calendar/Page_NM CNPM Bi tp quiz - Sa bi lm/div_Kim tra tnh nng' are matched.

2022-01-16 20:03:28 - [TEST_STEP][PASSED] - closeBrowser(): Browser is closed

2022-01-16 20:03:29 - [MESSAGE][PASSED] - Browser is closed]]></system-out>
         <system-err><![CDATA[]]></system-err>
      </testcase>
      <testcase name="Test Cases/Students check events on calendar/Forum event" time="104.28" classname="Test Cases/Students check events on calendar/Forum event" status="PASSED">
         <system-out><![CDATA[2022-01-16 20:05:13 - [TEST_CASE][PASSED] - Test Cases/Students check events on calendar/Forum event: Test Cases/Students check events on calendar/Forum event

2022-01-16 20:05:13 - [TEST_STEP][PASSED] - openBrowser(""): Browser is opened with url: ''

2022-01-16 20:05:13 - [MESSAGE][WARNING] - A browser is already opened. Closing browser and opening a new one

2022-01-16 20:05:15 - [MESSAGE][INFO] - Starting 'Edge Chromium' driver

2022-01-16 20:05:17 - [MESSAGE][INFO] - Action delay is set to 0 milliseconds

2022-01-16 20:05:18 - [MESSAGE][PASSED] - Browser is opened with url: ''

2022-01-16 20:05:18 - [TEST_STEP][PASSED] - navigateToUrl("http://localhost/"): Navigate to 'http://localhost/' successfully

2022-01-16 20:05:20 - [MESSAGE][PASSED] - Navigate to 'http://localhost/' successfully

2022-01-16 20:05:20 - [TEST_STEP][PASSED] - click(findTestObject("Object Repository/Students check events on calendar/Page_Local Moodle/a_Log in")): Object: 'Object Repository/Students check events on calendar/Page_Local Moodle/a_Log in' is clicked on

2022-01-16 20:05:21 - [MESSAGE][PASSED] - Object: 'Object Repository/Students check events on calendar/Page_Local Moodle/a_Log in' is clicked on

2022-01-16 20:05:21 - [TEST_STEP][PASSED] - setText(findTestObject("Object Repository/Students check events on calendar/Page_Local Moodle Log in to the site/input_Username_username"), "gv01"): Text 'gv01' is set on object 'Object Repository/Students check events on calendar/Page_Local Moodle Log in to the site/input_Username_username'

2022-01-16 20:05:22 - [MESSAGE][PASSED] - Text 'gv01' is set on object 'Object Repository/Students check events on calendar/Page_Local Moodle Log in to the site/input_Username_username'

2022-01-16 20:05:22 - [TEST_STEP][PASSED] - setEncryptedText(findTestObject("Object Repository/Students check events on calendar/Page_Local Moodle Log in to the site/input_Password_password"), "RigbBhfdqOBGP4y92+oMSw=="): Text ****** has been set on object 'Object Repository/Students check events on calendar/Page_Local Moodle Log in to the site/input_Password_password'

2022-01-16 20:05:23 - [MESSAGE][PASSED] - Text ****** has been set on object 'Object Repository/Students check events on calendar/Page_Local Moodle Log in to the site/input_Password_password'

2022-01-16 20:05:23 - [TEST_STEP][PASSED] - click(findTestObject("Object Repository/Students check events on calendar/Page_Local Moodle Log in to the site/button_Log in")): Object: 'Object Repository/Students check events on calendar/Page_Local Moodle Log in to the site/button_Log in' is clicked on

2022-01-16 20:05:24 - [MESSAGE][PASSED] - Object: 'Object Repository/Students check events on calendar/Page_Local Moodle Log in to the site/button_Log in' is clicked on

2022-01-16 20:05:24 - [TEST_STEP][PASSED] - setText(findTestObject("Object Repository/Students check events on calendar/Page_Local Moodle Log in to the site/input_Username_username"), "gv01"): Text 'gv01' is set on object 'Object Repository/Students check events on calendar/Page_Local Moodle Log in to the site/input_Username_username'

2022-01-16 20:05:25 - [MESSAGE][PASSED] - Text 'gv01' is set on object 'Object Repository/Students check events on calendar/Page_Local Moodle Log in to the site/input_Username_username'

2022-01-16 20:05:25 - [TEST_STEP][PASSED] - setEncryptedText(findTestObject("Object Repository/Students check events on calendar/Page_Local Moodle Log in to the site/input_Password_password"), "RigbBhfdqOAWw2eOk0+aVg=="): Text ****** has been set on object 'Object Repository/Students check events on calendar/Page_Local Moodle Log in to the site/input_Password_password'

2022-01-16 20:05:26 - [MESSAGE][PASSED] - Text ****** has been set on object 'Object Repository/Students check events on calendar/Page_Local Moodle Log in to the site/input_Password_password'

2022-01-16 20:05:26 - [TEST_STEP][PASSED] - click(findTestObject("Object Repository/Students check events on calendar/Page_Local Moodle Log in to the site/button_Log in")): Object: 'Object Repository/Students check events on calendar/Page_Local Moodle Log in to the site/button_Log in' is clicked on

2022-01-16 20:05:28 - [MESSAGE][PASSED] - Object: 'Object Repository/Students check events on calendar/Page_Local Moodle Log in to the site/button_Log in' is clicked on

2022-01-16 20:05:28 - [TEST_STEP][PASSED] - click(findTestObject("Object Repository/Students check events on calendar/Page_Nh ca ti/span_Nhp mn cng ngh phn mm")): Object: 'Object Repository/Students check events on calendar/Page_Nh ca ti/span_Nhp mn cng ngh phn mm' is clicked on

2022-01-16 20:05:35 - [MESSAGE][INFO] - Unable to find the element located by 'By.xpath: //div[@id='course-info-container-20-8']/div/div/a/span[3]'. Please recheck the objects properties to make sure the desired element is located. 

2022-01-16 20:05:35 - [MESSAGE][WARNING] - [SELF-HEALING] Failed to find element with id 'Object Repository/Students check events on calendar/Page_Nh ca ti/span_Nhp mn cng ngh phn mm'. Try using Self-healing.

2022-01-16 20:05:35 - [MESSAGE][WARNING] - [SELF-HEALING] The current locator of test object 'Object Repository/Students check events on calendar/Page_Nh ca ti/span_Nhp mn cng ngh phn mm' was broken. Propose an alternative one: '(.//*[normalize-space(text()) and normalize-space(.)='Tên khóa học'])[1]/following::span[1]'.

2022-01-16 20:05:36 - [MESSAGE][PASSED] - Object: 'Object Repository/Students check events on calendar/Page_Nh ca ti/span_Nhp mn cng ngh phn mm' is clicked on

2022-01-16 20:05:36 - [TEST_STEP][PASSED] - verifyElementClickable(findTestObject("Object Repository/Students check events on calendar/Page_Kha Nhp mn cng ngh phn mm/button_Bt ch  chnh sa")): Object 'Object Repository/Students check events on calendar/Page_Kha Nhp mn cng ngh phn mm/button_Bt ch  chnh sa' is clickable

2022-01-16 20:05:43 - [MESSAGE][INFO] - Unable to find the element located by 'By.xpath: //button[@id='single_button61e174d8acd921']'. Please recheck the objects properties to make sure the desired element is located. 

2022-01-16 20:05:43 - [MESSAGE][WARNING] - [SELF-HEALING] Failed to find element with id 'Object Repository/Students check events on calendar/Page_Kha Nhp mn cng ngh phn mm/button_Bt ch  chnh sa'. Try using Self-healing.

2022-01-16 20:05:43 - [MESSAGE][WARNING] - [SELF-HEALING] The current locator of test object 'Object Repository/Students check events on calendar/Page_Kha Nhp mn cng ngh phn mm/button_Bt ch  chnh sa' was broken. Propose an alternative one: '//header[@id='page-header']/div/div/div/div[2]/div[2]/div/form/button'.

2022-01-16 20:05:43 - [MESSAGE][PASSED] - Object 'Object Repository/Students check events on calendar/Page_Kha Nhp mn cng ngh phn mm/button_Bt ch  chnh sa' is clickable

2022-01-16 20:05:43 - [TEST_STEP][PASSED] - click(findTestObject("Object Repository/Students check events on calendar/Page_Kha Nhp mn cng ngh phn mm/button_Bt ch  chnh sa")): Object: 'Object Repository/Students check events on calendar/Page_Kha Nhp mn cng ngh phn mm/button_Bt ch  chnh sa' is clicked on

2022-01-16 20:05:49 - [MESSAGE][INFO] - Unable to find the element located by 'By.xpath: //button[@id='single_button61e174d8acd921']'. Please recheck the objects properties to make sure the desired element is located. 

2022-01-16 20:05:49 - [MESSAGE][WARNING] - [SELF-HEALING] Failed to find element with id 'Object Repository/Students check events on calendar/Page_Kha Nhp mn cng ngh phn mm/button_Bt ch  chnh sa'. Try using Self-healing.

2022-01-16 20:05:50 - [MESSAGE][WARNING] - [SELF-HEALING] The current locator of test object 'Object Repository/Students check events on calendar/Page_Kha Nhp mn cng ngh phn mm/button_Bt ch  chnh sa' was broken. Propose an alternative one: '//header[@id='page-header']/div/div/div/div[2]/div[2]/div/form/button'.

2022-01-16 20:05:51 - [MESSAGE][PASSED] - Object: 'Object Repository/Students check events on calendar/Page_Kha Nhp mn cng ngh phn mm/button_Bt ch  chnh sa' is clicked on

2022-01-16 20:05:51 - [TEST_STEP][PASSED] - click(findTestObject("Object Repository/Students check events on calendar/Page_Kha Nhp mn cng ngh phn mm/span_Thm hot ng hoc ti nguyn")): Object: 'Object Repository/Students check events on calendar/Page_Kha Nhp mn cng ngh phn mm/span_Thm hot ng hoc ti nguyn' is clicked on

2022-01-16 20:05:57 - [MESSAGE][INFO] - Unable to find the element located by 'By.xpath: //span[@id='yui_3_17_2_1_1642165488702_701']'. Please recheck the objects properties to make sure the desired element is located. 

2022-01-16 20:05:57 - [MESSAGE][WARNING] - [SELF-HEALING] Failed to find element with id 'Object Repository/Students check events on calendar/Page_Kha Nhp mn cng ngh phn mm/span_Thm hot ng hoc ti nguyn'. Try using Self-healing.

2022-01-16 20:05:58 - [MESSAGE][WARNING] - [SELF-HEALING] The current locator of test object 'Object Repository/Students check events on calendar/Page_Kha Nhp mn cng ngh phn mm/span_Thm hot ng hoc ti nguyn' was broken. Propose an alternative one: '(.//*[normalize-space(text()) and normalize-space(.)='Thêm tập tin ở đây'])[1]/following::span[1]'.

2022-01-16 20:05:58 - [MESSAGE][PASSED] - Object: 'Object Repository/Students check events on calendar/Page_Kha Nhp mn cng ngh phn mm/span_Thm hot ng hoc ti nguyn' is clicked on

2022-01-16 20:05:58 - [TEST_STEP][PASSED] - verifyElementText(findTestObject("Object Repository/Students check events on calendar/Page_Kha Nhp mn cng ngh phn mm/div_Din n"), "Diễn đàn"): Actual text and expected text of test object 'Object Repository/Students check events on calendar/Page_Kha Nhp mn cng ngh phn mm/div_Din n' are matched.

2022-01-16 20:05:59 - [MESSAGE][PASSED] - Actual text and expected text of test object 'Object Repository/Students check events on calendar/Page_Kha Nhp mn cng ngh phn mm/div_Din n' are matched.

2022-01-16 20:05:59 - [TEST_STEP][PASSED] - click(findTestObject("Object Repository/Students check events on calendar/Page_Kha Nhp mn cng ngh phn mm/div_Din n")): Object: 'Object Repository/Students check events on calendar/Page_Kha Nhp mn cng ngh phn mm/div_Din n' is clicked on

2022-01-16 20:06:02 - [MESSAGE][PASSED] - Object: 'Object Repository/Students check events on calendar/Page_Kha Nhp mn cng ngh phn mm/div_Din n' is clicked on

2022-01-16 20:06:02 - [TEST_STEP][PASSED] - setText(findTestObject("Object Repository/Students check events on calendar/Page_Bin son Din n/input_Tn  din n_name"), "Bàn bạc chủ đề"): Text 'Bàn bạc chủ đề' is set on object 'Object Repository/Students check events on calendar/Page_Bin son Din n/input_Tn  din n_name'

2022-01-16 20:06:04 - [MESSAGE][PASSED] - Text 'Bàn bạc chủ đề' is set on object 'Object Repository/Students check events on calendar/Page_Bin son Din n/input_Tn  din n_name'

2022-01-16 20:06:04 - [TEST_STEP][PASSED] - setText(findTestObject("Object Repository/Students check events on calendar/Page_Bin son Din n/div_Bn bc ch"), "Bàn bạc chủ đề<br><br>"): Text 'Bàn bạc chủ đề<br><br>' is set on object 'Object Repository/Students check events on calendar/Page_Bin son Din n/div_Bn bc ch'

2022-01-16 20:06:05 - [MESSAGE][PASSED] - Text 'Bàn bạc chủ đề<br><br>' is set on object 'Object Repository/Students check events on calendar/Page_Bin son Din n/div_Bn bc ch'

2022-01-16 20:06:05 - [TEST_STEP][PASSED] - verifyElementClickable(findTestObject("Object Repository/Students check events on calendar/Page_Bin son Din n/input_Upon activity completion_submitbutton")): Object 'Object Repository/Students check events on calendar/Page_Bin son Din n/input_Upon activity completion_submitbutton' is clickable

2022-01-16 20:06:05 - [MESSAGE][PASSED] - Object 'Object Repository/Students check events on calendar/Page_Bin son Din n/input_Upon activity completion_submitbutton' is clickable

2022-01-16 20:06:05 - [TEST_STEP][PASSED] - click(findTestObject("Object Repository/Students check events on calendar/Page_Bin son Din n/input_Upon activity completion_submitbutton")): Object: 'Object Repository/Students check events on calendar/Page_Bin son Din n/input_Upon activity completion_submitbutton' is clicked on

2022-01-16 20:06:08 - [MESSAGE][PASSED] - Object: 'Object Repository/Students check events on calendar/Page_Bin son Din n/input_Upon activity completion_submitbutton' is clicked on

2022-01-16 20:06:08 - [TEST_STEP][PASSED] - click(findTestObject("Object Repository/Students check events on calendar/Page_Bn bc ch/a_Van Luyen Le")): Object: 'Object Repository/Students check events on calendar/Page_Bn bc ch/a_Van Luyen Le' is clicked on

2022-01-16 20:06:09 - [MESSAGE][PASSED] - Object: 'Object Repository/Students check events on calendar/Page_Bn bc ch/a_Van Luyen Le' is clicked on

2022-01-16 20:06:09 - [TEST_STEP][PASSED] - click(findTestObject("Object Repository/Students check events on calendar/Page_Bn bc ch/a_Thot")): Object: 'Object Repository/Students check events on calendar/Page_Bn bc ch/a_Thot' is clicked on

2022-01-16 20:06:16 - [MESSAGE][INFO] - Unable to find the element located by 'By.xpath: //a[@id='yui_3_17_2_1_1641494152938_655']'. Please recheck the objects properties to make sure the desired element is located. 

2022-01-16 20:06:16 - [MESSAGE][WARNING] - [SELF-HEALING] Failed to find element with id 'Object Repository/Students check events on calendar/Page_Bn bc ch/a_Thot'. Try using Self-healing.

2022-01-16 20:06:16 - [MESSAGE][WARNING] - [SELF-HEALING] The current locator of test object 'Object Repository/Students check events on calendar/Page_Bn bc ch/a_Thot' was broken. Propose an alternative one: '//div[@id='action-menu-1-menu']/a[6]'.

2022-01-16 20:06:17 - [MESSAGE][PASSED] - Object: 'Object Repository/Students check events on calendar/Page_Bn bc ch/a_Thot' is clicked on

2022-01-16 20:06:17 - [TEST_STEP][PASSED] - click(findTestObject("Object Repository/Students check events on calendar/Page_Local Moodle/a_Log in")): Object: 'Object Repository/Students check events on calendar/Page_Local Moodle/a_Log in' is clicked on

2022-01-16 20:06:18 - [MESSAGE][PASSED] - Object: 'Object Repository/Students check events on calendar/Page_Local Moodle/a_Log in' is clicked on

2022-01-16 20:06:18 - [TEST_STEP][PASSED] - setText(findTestObject("Object Repository/Students check events on calendar/Page_Local Moodle Log in to the site/input_Username_username"), "hs02"): Text 'hs02' is set on object 'Object Repository/Students check events on calendar/Page_Local Moodle Log in to the site/input_Username_username'

2022-01-16 20:06:19 - [MESSAGE][PASSED] - Text 'hs02' is set on object 'Object Repository/Students check events on calendar/Page_Local Moodle Log in to the site/input_Username_username'

2022-01-16 20:06:19 - [TEST_STEP][PASSED] - setEncryptedText(findTestObject("Object Repository/Students check events on calendar/Page_Local Moodle Log in to the site/input_Password_password"), "RigbBhfdqOBGP4y92+oMSw=="): Text ****** has been set on object 'Object Repository/Students check events on calendar/Page_Local Moodle Log in to the site/input_Password_password'

2022-01-16 20:06:19 - [MESSAGE][PASSED] - Text ****** has been set on object 'Object Repository/Students check events on calendar/Page_Local Moodle Log in to the site/input_Password_password'

2022-01-16 20:06:19 - [TEST_STEP][PASSED] - click(findTestObject("Object Repository/Students check events on calendar/Page_Local Moodle Log in to the site/button_Log in")): Object: 'Object Repository/Students check events on calendar/Page_Local Moodle Log in to the site/button_Log in' is clicked on

2022-01-16 20:06:22 - [MESSAGE][PASSED] - Object: 'Object Repository/Students check events on calendar/Page_Local Moodle Log in to the site/button_Log in' is clicked on

2022-01-16 20:06:22 - [TEST_STEP][PASSED] - click(findTestObject("Students check events on calendar/Page_Nh ca ti/span_Nhp mn cng ngh phn mm")): Object: 'Object Repository/Students check events on calendar/Page_Nh ca ti/span_Nhp mn cng ngh phn mm' is clicked on

2022-01-16 20:06:28 - [MESSAGE][INFO] - Unable to find the element located by 'By.xpath: //div[@id='course-info-container-20-8']/div/div/a/span[3]'. Please recheck the objects properties to make sure the desired element is located. 

2022-01-16 20:06:28 - [MESSAGE][WARNING] - [SELF-HEALING] Failed to find element with id 'Object Repository/Students check events on calendar/Page_Nh ca ti/span_Nhp mn cng ngh phn mm'. Try using Self-healing.

2022-01-16 20:06:28 - [MESSAGE][WARNING] - [SELF-HEALING] The current locator of test object 'Object Repository/Students check events on calendar/Page_Nh ca ti/span_Nhp mn cng ngh phn mm' was broken. Propose an alternative one: '(.//*[normalize-space(text()) and normalize-space(.)='Tên khóa học'])[1]/following::span[1]'.

2022-01-16 20:06:29 - [MESSAGE][PASSED] - Object: 'Object Repository/Students check events on calendar/Page_Nh ca ti/span_Nhp mn cng ngh phn mm' is clicked on

2022-01-16 20:06:29 - [TEST_STEP][PASSED] - click(findTestObject("Object Repository/Students check events on calendar/Page_Kha Nhp mn cng ngh phn mm/span_Bn bc ch  Din n")): Object: 'Object Repository/Students check events on calendar/Page_Kha Nhp mn cng ngh phn mm/span_Bn bc ch  Din n' is clicked on

2022-01-16 20:06:36 - [MESSAGE][INFO] - Unable to find the element located by 'By.xpath: //li[@id='module-6']/div/div/div[2]/div/a/span'. Please recheck the objects properties to make sure the desired element is located. 

2022-01-16 20:06:36 - [MESSAGE][WARNING] - [SELF-HEALING] Failed to find element with id 'Object Repository/Students check events on calendar/Page_Kha Nhp mn cng ngh phn mm/span_Bn bc ch  Din n'. Try using Self-healing.

2022-01-16 20:06:36 - [MESSAGE][WARNING] - [SELF-HEALING] The current locator of test object 'Object Repository/Students check events on calendar/Page_Kha Nhp mn cng ngh phn mm/span_Bn bc ch  Din n' was broken. Propose an alternative one: '(.//*[normalize-space(text()) and normalize-space(.)='Mark as done'])[2]/following::span[1]'.

2022-01-16 20:06:38 - [MESSAGE][PASSED] - Object: 'Object Repository/Students check events on calendar/Page_Kha Nhp mn cng ngh phn mm/span_Bn bc ch  Din n' is clicked on

2022-01-16 20:06:38 - [TEST_STEP][PASSED] - verifyElementClickable(findTestObject("Object Repository/Students check events on calendar/Page_Bn bc ch/a_Thm mt ch  tho lun mi")): Object 'Object Repository/Students check events on calendar/Page_Bn bc ch/a_Thm mt ch  tho lun mi' is clickable

2022-01-16 20:06:44 - [MESSAGE][INFO] - Unable to find the element located by 'By.xpath: //a[@id='yui_3_17_2_1_1641494373033_489']'. Please recheck the objects properties to make sure the desired element is located. 

2022-01-16 20:06:44 - [MESSAGE][WARNING] - [SELF-HEALING] Failed to find element with id 'Object Repository/Students check events on calendar/Page_Bn bc ch/a_Thm mt ch  tho lun mi'. Try using Self-healing.

2022-01-16 20:06:44 - [MESSAGE][WARNING] - [SELF-HEALING] The current locator of test object 'Object Repository/Students check events on calendar/Page_Bn bc ch/a_Thm mt ch  tho lun mi' was broken. Propose an alternative one: '//a[contains(text(),'Thêm một chủ đề thảo luận mới')]'.

2022-01-16 20:06:44 - [MESSAGE][PASSED] - Object 'Object Repository/Students check events on calendar/Page_Bn bc ch/a_Thm mt ch  tho lun mi' is clickable

2022-01-16 20:06:44 - [TEST_STEP][PASSED] - click(findTestObject("Object Repository/Students check events on calendar/Page_Bn bc ch/a_Thm mt ch  tho lun mi")): Object: 'Object Repository/Students check events on calendar/Page_Bn bc ch/a_Thm mt ch  tho lun mi' is clicked on

2022-01-16 20:06:51 - [MESSAGE][INFO] - Unable to find the element located by 'By.xpath: //a[@id='yui_3_17_2_1_1641494373033_489']'. Please recheck the objects properties to make sure the desired element is located. 

2022-01-16 20:06:51 - [MESSAGE][WARNING] - [SELF-HEALING] Failed to find element with id 'Object Repository/Students check events on calendar/Page_Bn bc ch/a_Thm mt ch  tho lun mi'. Try using Self-healing.

2022-01-16 20:06:51 - [MESSAGE][WARNING] - [SELF-HEALING] The current locator of test object 'Object Repository/Students check events on calendar/Page_Bn bc ch/a_Thm mt ch  tho lun mi' was broken. Propose an alternative one: '//a[contains(text(),'Thêm một chủ đề thảo luận mới')]'.

2022-01-16 20:06:51 - [MESSAGE][PASSED] - Object: 'Object Repository/Students check events on calendar/Page_Bn bc ch/a_Thm mt ch  tho lun mi' is clicked on

2022-01-16 20:06:51 - [TEST_STEP][PASSED] - setText(findTestObject("Object Repository/Students check events on calendar/Page_Bn bc ch/input_Tiu_subject"), "hello world"): Text 'hello world' is set on object 'Object Repository/Students check events on calendar/Page_Bn bc ch/input_Tiu_subject'

2022-01-16 20:06:52 - [MESSAGE][PASSED] - Text 'hello world' is set on object 'Object Repository/Students check events on calendar/Page_Bn bc ch/input_Tiu_subject'

2022-01-16 20:06:52 - [TEST_STEP][PASSED] - setText(findTestObject("Object Repository/Students check events on calendar/Page_Bn bc ch/div_Hello world"), "<p dir="ltr" style="text-align: left;">Hello world</p>"): Text '<p dir="ltr" style="text-align: left;">Hello world</p>' is set on object 'Object Repository/Students check events on calendar/Page_Bn bc ch/div_Hello world'

2022-01-16 20:06:54 - [MESSAGE][PASSED] - Text '<p dir="ltr" style="text-align: left;">Hello world</p>' is set on object 'Object Repository/Students check events on calendar/Page_Bn bc ch/div_Hello world'

2022-01-16 20:06:54 - [TEST_STEP][PASSED] - click(findTestObject("Object Repository/Students check events on calendar/Page_Bn bc ch/input_Ni dung_submitbutton")): Object: 'Object Repository/Students check events on calendar/Page_Bn bc ch/input_Ni dung_submitbutton' is clicked on

2022-01-16 20:06:56 - [MESSAGE][PASSED] - Object: 'Object Repository/Students check events on calendar/Page_Bn bc ch/input_Ni dung_submitbutton' is clicked on

2022-01-16 20:06:56 - [TEST_STEP][PASSED] - closeBrowser(): Browser is closed

2022-01-16 20:06:58 - [MESSAGE][PASSED] - Browser is closed]]></system-out>
         <system-err><![CDATA[]]></system-err>
      </testcase>
      <testcase name="Test Cases/Students check events on calendar/Quiz event" time="102.13" classname="Test Cases/Students check events on calendar/Quiz event" status="PASSED">
         <system-out><![CDATA[2022-01-16 20:06:58 - [TEST_CASE][PASSED] - Test Cases/Students check events on calendar/Quiz event: Test Cases/Students check events on calendar/Quiz event

2022-01-16 20:06:58 - [TEST_STEP][PASSED] - openBrowser(""): Browser is opened with url: ''

2022-01-16 20:06:58 - [MESSAGE][INFO] - Starting 'Edge Chromium' driver

2022-01-16 20:07:01 - [MESSAGE][INFO] - Action delay is set to 0 milliseconds

2022-01-16 20:07:02 - [MESSAGE][PASSED] - Browser is opened with url: ''

2022-01-16 20:07:02 - [TEST_STEP][PASSED] - navigateToUrl("http://localhost/"): Navigate to 'http://localhost/' successfully

2022-01-16 20:07:04 - [MESSAGE][PASSED] - Navigate to 'http://localhost/' successfully

2022-01-16 20:07:04 - [TEST_STEP][PASSED] - click(findTestObject("Object Repository/Students check events on calendar/Page_Local Moodle/a_Log in")): Object: 'Object Repository/Students check events on calendar/Page_Local Moodle/a_Log in' is clicked on

2022-01-16 20:07:05 - [MESSAGE][PASSED] - Object: 'Object Repository/Students check events on calendar/Page_Local Moodle/a_Log in' is clicked on

2022-01-16 20:07:05 - [TEST_STEP][PASSED] - setText(findTestObject("Object Repository/Students check events on calendar/Page_Local Moodle Log in to the site/input_Username_username"), "gv01"): Text 'gv01' is set on object 'Object Repository/Students check events on calendar/Page_Local Moodle Log in to the site/input_Username_username'

2022-01-16 20:07:06 - [MESSAGE][PASSED] - Text 'gv01' is set on object 'Object Repository/Students check events on calendar/Page_Local Moodle Log in to the site/input_Username_username'

2022-01-16 20:07:06 - [TEST_STEP][PASSED] - setEncryptedText(findTestObject("Object Repository/Students check events on calendar/Page_Local Moodle Log in to the site/input_Password_password"), "RigbBhfdqOAWw2eOk0+aVg=="): Text ****** has been set on object 'Object Repository/Students check events on calendar/Page_Local Moodle Log in to the site/input_Password_password'

2022-01-16 20:07:07 - [MESSAGE][PASSED] - Text ****** has been set on object 'Object Repository/Students check events on calendar/Page_Local Moodle Log in to the site/input_Password_password'

2022-01-16 20:07:07 - [TEST_STEP][PASSED] - click(findTestObject("Object Repository/Students check events on calendar/Page_Local Moodle Log in to the site/button_Log in")): Object: 'Object Repository/Students check events on calendar/Page_Local Moodle Log in to the site/button_Log in' is clicked on

2022-01-16 20:07:09 - [MESSAGE][PASSED] - Object: 'Object Repository/Students check events on calendar/Page_Local Moodle Log in to the site/button_Log in' is clicked on

2022-01-16 20:07:09 - [TEST_STEP][PASSED] - verifyElementClickable(findTestObject("Object Repository/Students check events on calendar/Page_Nh ca ti/span_Nhp mn cng ngh phn mm")): Object 'Object Repository/Students check events on calendar/Page_Nh ca ti/span_Nhp mn cng ngh phn mm' is clickable

2022-01-16 20:07:11 - [MESSAGE][PASSED] - Object 'Object Repository/Students check events on calendar/Page_Nh ca ti/span_Nhp mn cng ngh phn mm' is clickable

2022-01-16 20:07:11 - [TEST_STEP][PASSED] - click(findTestObject("Object Repository/Students check events on calendar/Page_Nh ca ti/span_Nhp mn cng ngh phn mm")): Object: 'Object Repository/Students check events on calendar/Page_Nh ca ti/span_Nhp mn cng ngh phn mm' is clicked on

2022-01-16 20:07:13 - [MESSAGE][PASSED] - Object: 'Object Repository/Students check events on calendar/Page_Nh ca ti/span_Nhp mn cng ngh phn mm' is clicked on

2022-01-16 20:07:13 - [TEST_STEP][PASSED] - click(findTestObject("Object Repository/Students check events on calendar/Page_Kha Nhp mn cng ngh phn mm/button_Bt ch  chnh sa")): Object: 'Object Repository/Students check events on calendar/Page_Kha Nhp mn cng ngh phn mm/button_Bt ch  chnh sa' is clicked on

2022-01-16 20:07:19 - [MESSAGE][INFO] - Unable to find the element located by 'By.xpath: //button[@id='single_button61e174d8acd921']'. Please recheck the objects properties to make sure the desired element is located. 

2022-01-16 20:07:19 - [MESSAGE][WARNING] - [SELF-HEALING] Failed to find element with id 'Object Repository/Students check events on calendar/Page_Kha Nhp mn cng ngh phn mm/button_Bt ch  chnh sa'. Try using Self-healing.

2022-01-16 20:07:19 - [MESSAGE][WARNING] - [SELF-HEALING] The current locator of test object 'Object Repository/Students check events on calendar/Page_Kha Nhp mn cng ngh phn mm/button_Bt ch  chnh sa' was broken. Propose an alternative one: '//header[@id='page-header']/div/div/div/div[2]/div[2]/div/form/button'.

2022-01-16 20:07:21 - [MESSAGE][PASSED] - Object: 'Object Repository/Students check events on calendar/Page_Kha Nhp mn cng ngh phn mm/button_Bt ch  chnh sa' is clicked on

2022-01-16 20:07:21 - [TEST_STEP][PASSED] - click(findTestObject("Object Repository/Students check events on calendar/Page_Kha Nhp mn cng ngh phn mm/span_Thm hot ng hoc ti nguyn")): Object: 'Object Repository/Students check events on calendar/Page_Kha Nhp mn cng ngh phn mm/span_Thm hot ng hoc ti nguyn' is clicked on

2022-01-16 20:07:27 - [MESSAGE][INFO] - Unable to find the element located by 'By.xpath: //span[@id='yui_3_17_2_1_1642165488702_701']'. Please recheck the objects properties to make sure the desired element is located. 

2022-01-16 20:07:27 - [MESSAGE][WARNING] - [SELF-HEALING] Failed to find element with id 'Object Repository/Students check events on calendar/Page_Kha Nhp mn cng ngh phn mm/span_Thm hot ng hoc ti nguyn'. Try using Self-healing.

2022-01-16 20:07:27 - [MESSAGE][WARNING] - [SELF-HEALING] The current locator of test object 'Object Repository/Students check events on calendar/Page_Kha Nhp mn cng ngh phn mm/span_Thm hot ng hoc ti nguyn' was broken. Propose an alternative one: '(.//*[normalize-space(text()) and normalize-space(.)='Thêm tập tin ở đây'])[1]/following::span[1]'.

2022-01-16 20:07:27 - [MESSAGE][PASSED] - Object: 'Object Repository/Students check events on calendar/Page_Kha Nhp mn cng ngh phn mm/span_Thm hot ng hoc ti nguyn' is clicked on

2022-01-16 20:07:27 - [TEST_STEP][PASSED] - click(findTestObject("Object Repository/Students check events on calendar/Page_Kha Nhp mn cng ngh phn mm/a_Cc hot ng")): Object: 'Object Repository/Students check events on calendar/Page_Kha Nhp mn cng ngh phn mm/a_Cc hot ng' is clicked on

2022-01-16 20:07:29 - [MESSAGE][PASSED] - Object: 'Object Repository/Students check events on calendar/Page_Kha Nhp mn cng ngh phn mm/a_Cc hot ng' is clicked on

2022-01-16 20:07:29 - [TEST_STEP][PASSED] - click(findTestObject("Object Repository/Students check events on calendar/Page_Kha Nhp mn cng ngh phn mm/a_Ti nguyn")): Object: 'Object Repository/Students check events on calendar/Page_Kha Nhp mn cng ngh phn mm/a_Ti nguyn' is clicked on

2022-01-16 20:07:30 - [MESSAGE][PASSED] - Object: 'Object Repository/Students check events on calendar/Page_Kha Nhp mn cng ngh phn mm/a_Ti nguyn' is clicked on

2022-01-16 20:07:30 - [TEST_STEP][PASSED] - click(findTestObject("Object Repository/Students check events on calendar/Page_Kha Nhp mn cng ngh phn mm/a_Cc hot ng")): Object: 'Object Repository/Students check events on calendar/Page_Kha Nhp mn cng ngh phn mm/a_Cc hot ng' is clicked on

2022-01-16 20:07:30 - [MESSAGE][PASSED] - Object: 'Object Repository/Students check events on calendar/Page_Kha Nhp mn cng ngh phn mm/a_Cc hot ng' is clicked on

2022-01-16 20:07:30 - [TEST_STEP][PASSED] - click(findTestObject("Object Repository/Students check events on calendar/Page_Kha Nhp mn cng ngh phn mm/div_Cu hi thm d")): Object: 'Object Repository/Students check events on calendar/Page_Kha Nhp mn cng ngh phn mm/div_Cu hi thm d' is clicked on

2022-01-16 20:07:34 - [MESSAGE][PASSED] - Object: 'Object Repository/Students check events on calendar/Page_Kha Nhp mn cng ngh phn mm/div_Cu hi thm d' is clicked on

2022-01-16 20:07:34 - [TEST_STEP][PASSED] - setText(findTestObject("Object Repository/Students check events on calendar/Page_Bin son Cu hi thm d/input_Tn cu hi_name"), "Câu hỏi thăm dò"): Text 'Câu hỏi thăm dò' is set on object 'Object Repository/Students check events on calendar/Page_Bin son Cu hi thm d/input_Tn cu hi_name'

2022-01-16 20:07:35 - [MESSAGE][PASSED] - Text 'Câu hỏi thăm dò' is set on object 'Object Repository/Students check events on calendar/Page_Bin son Cu hi thm d/input_Tn cu hi_name'

2022-01-16 20:07:35 - [TEST_STEP][PASSED] - setText(findTestObject("Object Repository/Students check events on calendar/Page_Bin son Cu hi thm d/div_Ni dung cu hi"), "<p dir="ltr" style="text-align: left;">Nội dung câu hỏi</p>"): Text '<p dir="ltr" style="text-align: left;">Nội dung câu hỏi</p>' is set on object 'Object Repository/Students check events on calendar/Page_Bin son Cu hi thm d/div_Ni dung cu hi'

2022-01-16 20:07:37 - [MESSAGE][PASSED] - Text '<p dir="ltr" style="text-align: left;">Nội dung câu hỏi</p>' is set on object 'Object Repository/Students check events on calendar/Page_Bin son Cu hi thm d/div_Ni dung cu hi'

2022-01-16 20:07:37 - [TEST_STEP][PASSED] - setText(findTestObject("Object Repository/Students check events on calendar/Page_Bin son Cu hi thm d/input_Phng n khng_option0"), "1"): Text '1' is set on object 'Object Repository/Students check events on calendar/Page_Bin son Cu hi thm d/input_Phng n khng_option0'

2022-01-16 20:07:38 - [MESSAGE][PASSED] - Text '1' is set on object 'Object Repository/Students check events on calendar/Page_Bin son Cu hi thm d/input_Phng n khng_option0'

2022-01-16 20:07:38 - [TEST_STEP][PASSED] - setText(findTestObject("Object Repository/Students check events on calendar/Page_Bin son Cu hi thm d/input_Phng n khng_option1"), "2"): Text '2' is set on object 'Object Repository/Students check events on calendar/Page_Bin son Cu hi thm d/input_Phng n khng_option1'

2022-01-16 20:07:39 - [MESSAGE][PASSED] - Text '2' is set on object 'Object Repository/Students check events on calendar/Page_Bin son Cu hi thm d/input_Phng n khng_option1'

2022-01-16 20:07:39 - [TEST_STEP][PASSED] - setText(findTestObject("Object Repository/Students check events on calendar/Page_Bin son Cu hi thm d/input_Phng n khng_option2"), "3"): Text '3' is set on object 'Object Repository/Students check events on calendar/Page_Bin son Cu hi thm d/input_Phng n khng_option2'

2022-01-16 20:07:40 - [MESSAGE][PASSED] - Text '3' is set on object 'Object Repository/Students check events on calendar/Page_Bin son Cu hi thm d/input_Phng n khng_option2'

2022-01-16 20:07:40 - [TEST_STEP][PASSED] - setText(findTestObject("Object Repository/Students check events on calendar/Page_Bin son Cu hi thm d/input_Phng n khng_option3"), "4"): Text '4' is set on object 'Object Repository/Students check events on calendar/Page_Bin son Cu hi thm d/input_Phng n khng_option3'

2022-01-16 20:07:41 - [MESSAGE][PASSED] - Text '4' is set on object 'Object Repository/Students check events on calendar/Page_Bin son Cu hi thm d/input_Phng n khng_option3'

2022-01-16 20:07:41 - [TEST_STEP][PASSED] - setText(findTestObject("Object Repository/Students check events on calendar/Page_Bin son Cu hi thm d/input_Phng n khng_option4"), "5"): Text '5' is set on object 'Object Repository/Students check events on calendar/Page_Bin son Cu hi thm d/input_Phng n khng_option4'

2022-01-16 20:07:42 - [MESSAGE][PASSED] - Text '5' is set on object 'Object Repository/Students check events on calendar/Page_Bin son Cu hi thm d/input_Phng n khng_option4'

2022-01-16 20:07:42 - [TEST_STEP][PASSED] - selectOptionByValue(findTestObject("Object Repository/Students check events on calendar/Page_Bin son Cu hi thm d/select_Khng            C"), "1", true): All options with value '1' are selected in object 'Object Repository/Students check events on calendar/Page_Bin son Cu hi thm d/select_Khng            C'  using regular expression

2022-01-16 20:07:43 - [MESSAGE][PASSED] - All options with value '1' are selected in object 'Object Repository/Students check events on calendar/Page_Bin son Cu hi thm d/select_Khng            C'  using regular expression

2022-01-16 20:07:43 - [TEST_STEP][PASSED] - selectOptionByValue(findTestObject("Object Repository/Students check events on calendar/Page_Bin son Cu hi thm d/select_Khng            C"), "0", true): All options with value '0' are selected in object 'Object Repository/Students check events on calendar/Page_Bin son Cu hi thm d/select_Khng            C'  using regular expression

2022-01-16 20:07:44 - [MESSAGE][PASSED] - All options with value '0' are selected in object 'Object Repository/Students check events on calendar/Page_Bin son Cu hi thm d/select_Khng            C'  using regular expression

2022-01-16 20:07:44 - [TEST_STEP][PASSED] - click(findTestObject("Object Repository/Students check events on calendar/Page_Bin son Cu hi thm d/a_Hiu lc")): Object: 'Object Repository/Students check events on calendar/Page_Bin son Cu hi thm d/a_Hiu lc' is clicked on

2022-01-16 20:07:51 - [MESSAGE][INFO] - Unable to find the element located by 'By.xpath: //a[@id='yui_3_17_2_1_1641504907712_62']'. Please recheck the objects properties to make sure the desired element is located. 

2022-01-16 20:07:51 - [MESSAGE][WARNING] - [SELF-HEALING] Failed to find element with id 'Object Repository/Students check events on calendar/Page_Bin son Cu hi thm d/a_Hiu lc'. Try using Self-healing.

2022-01-16 20:07:51 - [MESSAGE][WARNING] - [SELF-HEALING] The current locator of test object 'Object Repository/Students check events on calendar/Page_Bin son Cu hi thm d/a_Hiu lc' was broken. Propose an alternative one: '//a[contains(text(),'Hiệu lực')]'.

2022-01-16 20:07:51 - [MESSAGE][PASSED] - Object: 'Object Repository/Students check events on calendar/Page_Bin son Cu hi thm d/a_Hiu lc' is clicked on

2022-01-16 20:07:51 - [TEST_STEP][PASSED] - click(findTestObject("Object Repository/Students check events on calendar/Page_Bin son Cu hi thm d/input_M_timecloseenabled")): Object: 'Object Repository/Students check events on calendar/Page_Bin son Cu hi thm d/input_M_timecloseenabled' is clicked on

2022-01-16 20:07:52 - [MESSAGE][PASSED] - Object: 'Object Repository/Students check events on calendar/Page_Bin son Cu hi thm d/input_M_timecloseenabled' is clicked on

2022-01-16 20:07:52 - [TEST_STEP][PASSED] - selectOptionByValue(findTestObject("Object Repository/Students check events on calendar/Page_Bin son Cu hi thm d/select_1        2        3        4        _45ea30"), "8", true): All options with value '8' are selected in object 'Object Repository/Students check events on calendar/Page_Bin son Cu hi thm d/select_1        2        3        4        _45ea30'  using regular expression

2022-01-16 20:07:54 - [MESSAGE][PASSED] - All options with value '8' are selected in object 'Object Repository/Students check events on calendar/Page_Bin son Cu hi thm d/select_1        2        3        4        _45ea30'  using regular expression

2022-01-16 20:07:54 - [TEST_STEP][PASSED] - click(findTestObject("Object Repository/Students check events on calendar/Page_Bin son Cu hi thm d/input_M_timeopenenabled")): Object: 'Object Repository/Students check events on calendar/Page_Bin son Cu hi thm d/input_M_timeopenenabled' is clicked on

2022-01-16 20:07:54 - [MESSAGE][PASSED] - Object: 'Object Repository/Students check events on calendar/Page_Bin son Cu hi thm d/input_M_timeopenenabled' is clicked on

2022-01-16 20:07:54 - [TEST_STEP][PASSED] - selectOptionByValue(findTestObject("Object Repository/Students check events on calendar/Page_Bin son Cu hi thm d/select_1        2        3        4        _45ea30_1"), "8", true): All options with value '8' are selected in object 'Object Repository/Students check events on calendar/Page_Bin son Cu hi thm d/select_1        2        3        4        _45ea30_1'  using regular expression

2022-01-16 20:07:56 - [MESSAGE][PASSED] - All options with value '8' are selected in object 'Object Repository/Students check events on calendar/Page_Bin son Cu hi thm d/select_1        2        3        4        _45ea30_1'  using regular expression

2022-01-16 20:07:56 - [TEST_STEP][PASSED] - click(findTestObject("Object Repository/Students check events on calendar/Page_Bin son Cu hi thm d/input_Upon activity completion_submitbutton")): Object: 'Object Repository/Students check events on calendar/Page_Bin son Cu hi thm d/input_Upon activity completion_submitbutton' is clicked on

2022-01-16 20:07:58 - [MESSAGE][PASSED] - Object: 'Object Repository/Students check events on calendar/Page_Bin son Cu hi thm d/input_Upon activity completion_submitbutton' is clicked on

2022-01-16 20:07:58 - [TEST_STEP][PASSED] - verifyElementText(findTestObject("Object Repository/Students check events on calendar/Page_Cu hi thm d/h2_Cu hi thm d"), "Câu hỏi thăm dò"): Actual text and expected text of test object 'Object Repository/Students check events on calendar/Page_Cu hi thm d/h2_Cu hi thm d' are matched.

2022-01-16 20:07:59 - [MESSAGE][PASSED] - Actual text and expected text of test object 'Object Repository/Students check events on calendar/Page_Cu hi thm d/h2_Cu hi thm d' are matched.

2022-01-16 20:07:59 - [TEST_STEP][PASSED] - click(findTestObject("Object Repository/Students check events on calendar/Page_Cu hi thm d/a_Van Luyen Le")): Object: 'Object Repository/Students check events on calendar/Page_Cu hi thm d/a_Van Luyen Le' is clicked on

2022-01-16 20:08:00 - [MESSAGE][PASSED] - Object: 'Object Repository/Students check events on calendar/Page_Cu hi thm d/a_Van Luyen Le' is clicked on

2022-01-16 20:08:00 - [TEST_STEP][PASSED] - click(findTestObject("Object Repository/Students check events on calendar/Page_Cu hi thm d/a_Thot")): Object: 'Object Repository/Students check events on calendar/Page_Cu hi thm d/a_Thot' is clicked on

2022-01-16 20:08:02 - [MESSAGE][PASSED] - Object: 'Object Repository/Students check events on calendar/Page_Cu hi thm d/a_Thot' is clicked on

2022-01-16 20:08:02 - [TEST_STEP][PASSED] - click(findTestObject("Object Repository/Students check events on calendar/Page_Local Moodle/a_Log in")): Object: 'Object Repository/Students check events on calendar/Page_Local Moodle/a_Log in' is clicked on

2022-01-16 20:08:03 - [MESSAGE][PASSED] - Object: 'Object Repository/Students check events on calendar/Page_Local Moodle/a_Log in' is clicked on

2022-01-16 20:08:03 - [TEST_STEP][PASSED] - setText(findTestObject("Object Repository/Students check events on calendar/Page_Local Moodle Log in to the site/input_Username_username"), "hs01"): Text 'hs01' is set on object 'Object Repository/Students check events on calendar/Page_Local Moodle Log in to the site/input_Username_username'

2022-01-16 20:08:04 - [MESSAGE][PASSED] - Text 'hs01' is set on object 'Object Repository/Students check events on calendar/Page_Local Moodle Log in to the site/input_Username_username'

2022-01-16 20:08:04 - [TEST_STEP][PASSED] - setEncryptedText(findTestObject("Object Repository/Students check events on calendar/Page_Local Moodle Log in to the site/input_Password_password"), "o5TCnEIIWq2SeGQhIMNXLQ=="): Text ****** has been set on object 'Object Repository/Students check events on calendar/Page_Local Moodle Log in to the site/input_Password_password'

2022-01-16 20:08:04 - [MESSAGE][PASSED] - Text ****** has been set on object 'Object Repository/Students check events on calendar/Page_Local Moodle Log in to the site/input_Password_password'

2022-01-16 20:08:04 - [TEST_STEP][PASSED] - click(findTestObject("Object Repository/Students check events on calendar/Page_Local Moodle Log in to the site/button_Log in")): Object: 'Object Repository/Students check events on calendar/Page_Local Moodle Log in to the site/button_Log in' is clicked on

2022-01-16 20:08:06 - [MESSAGE][PASSED] - Object: 'Object Repository/Students check events on calendar/Page_Local Moodle Log in to the site/button_Log in' is clicked on

2022-01-16 20:08:06 - [TEST_STEP][PASSED] - click(findTestObject("Object Repository/Students check events on calendar/Page_Nh ca ti/a_8")): Object: 'Object Repository/Students check events on calendar/Page_Nh ca ti/a_8' is clicked on

2022-01-16 20:08:13 - [MESSAGE][INFO] - Unable to find the element located by 'By.xpath: //a[@id='calendar-day-popover-link-1-2022-7-3']'. Please recheck the objects properties to make sure the desired element is located. 

2022-01-16 20:08:13 - [MESSAGE][WARNING] - [SELF-HEALING] Failed to find element with id 'Object Repository/Students check events on calendar/Page_Nh ca ti/a_8'. Try using Self-healing.

2022-01-16 20:08:13 - [MESSAGE][WARNING] - [SELF-HEALING] The current locator of test object 'Object Repository/Students check events on calendar/Page_Nh ca ti/a_8' was broken. Propose an alternative one: '//a[contains(text(),'8')]'.

2022-01-16 20:08:15 - [MESSAGE][PASSED] - Object: 'Object Repository/Students check events on calendar/Page_Nh ca ti/a_8' is clicked on

2022-01-16 20:08:15 - [TEST_STEP][PASSED] - verifyElementClickable(findTestObject("Object Repository/Students check events on calendar/Page_Moodle Lch Xem ngy Th By, 8 Thng Ging 2022/a_i ti hot ng")): Object 'Object Repository/Students check events on calendar/Page_Moodle Lch Xem ngy Th By, 8 Thng Ging 2022/a_i ti hot ng' is clickable

2022-01-16 20:08:21 - [MESSAGE][INFO] - Unable to find the element located by 'By.xpath: //div[@id='calendar-day-61e176fb1c54c61e176fa289e520']/div[2]/div[2]/div[3]/div/div[3]/a'. Please recheck the objects properties to make sure the desired element is located. 

2022-01-16 20:08:21 - [MESSAGE][WARNING] - [SELF-HEALING] Failed to find element with id 'Object Repository/Students check events on calendar/Page_Moodle Lch Xem ngy Th By, 8 Thng Ging 2022/a_i ti hot ng'. Try using Self-healing.

2022-01-16 20:08:23 - [MESSAGE][INFO] - Unable to find the element located by 'By.xpath: (//a[contains(text(),'Đi tới hoạt động')])[3]'. Please recheck the objects properties to make sure the desired element is located. 

2022-01-16 20:08:23 - [MESSAGE][INFO] - [SELF-HEALING] Failed Locator: '//div[@id='calendar-day-61e176fb1c54c61e176fa289e520']/div[2]/div[2]/div[3]/div/div[3]/a'.

2022-01-16 20:08:23 - [MESSAGE][INFO] - [SELF-HEALING] Failed Locator: '(//a[contains(text(),'Đi tới hoạt động')])[3]'.

2022-01-16 20:08:23 - [MESSAGE][INFO] - [SELF-HEALING] Failed Locator: '(.//*[normalize-space(text()) and normalize-space(.)='Nhập môn Công nghệ phần mềm'])[3]/following::a[1]'.

2022-01-16 20:08:24 - [MESSAGE][INFO] - [SELF-HEALING] Failed Locator: '(.//*[normalize-space(text()) and normalize-space(.)='Sự kiện khoá học'])[3]/following::a[2]'.

2022-01-16 20:08:24 - [MESSAGE][INFO] - [SELF-HEALING] Working Locator: '(.//*[normalize-space(text()) and normalize-space(.)='Câu hỏi thăm dò đóng'])[1]/preceding::a[1]'.

2022-01-16 20:08:24 - [MESSAGE][INFO] - [SELF-HEALING] Screenshot: C:/xampp/htdocs/moodle/Test Automation - SE Bonus/Reports/Self-healing/Object Repository/Students check events on calendar/Page_Moodle Lch Xem ngy Th By, 8 Thng Ging 2022/a_i ti hot ng_neighbor.png

2022-01-16 20:08:24 - [MESSAGE][WARNING] - [SELF-HEALING] The current locator of test object 'Object Repository/Students check events on calendar/Page_Moodle Lch Xem ngy Th By, 8 Thng Ging 2022/a_i ti hot ng' was broken. Propose an alternative one: '(.//*[normalize-space(text()) and normalize-space(.)='Câu hỏi thăm dò đóng'])[1]/preceding::a[1]'.

2022-01-16 20:08:24 - [MESSAGE][PASSED] - Object 'Object Repository/Students check events on calendar/Page_Moodle Lch Xem ngy Th By, 8 Thng Ging 2022/a_i ti hot ng' is clickable

2022-01-16 20:08:24 - [TEST_STEP][PASSED] - click(findTestObject("Object Repository/Students check events on calendar/Page_Moodle Lch Xem ngy Th By, 8 Thng Ging 2022/a_i ti hot ng")): Object: 'Object Repository/Students check events on calendar/Page_Moodle Lch Xem ngy Th By, 8 Thng Ging 2022/a_i ti hot ng' is clicked on

2022-01-16 20:08:30 - [MESSAGE][INFO] - Unable to find the element located by 'By.xpath: //div[@id='calendar-day-61e176fb1c54c61e176fa289e520']/div[2]/div[2]/div[3]/div/div[3]/a'. Please recheck the objects properties to make sure the desired element is located. 

2022-01-16 20:08:30 - [MESSAGE][WARNING] - [SELF-HEALING] Failed to find element with id 'Object Repository/Students check events on calendar/Page_Moodle Lch Xem ngy Th By, 8 Thng Ging 2022/a_i ti hot ng'. Try using Self-healing.

2022-01-16 20:08:31 - [MESSAGE][WARNING] - [SELF-HEALING] The current locator of test object 'Object Repository/Students check events on calendar/Page_Moodle Lch Xem ngy Th By, 8 Thng Ging 2022/a_i ti hot ng' was broken. Propose an alternative one: '(.//*[normalize-space(text()) and normalize-space(.)='Câu hỏi thăm dò đóng'])[1]/preceding::a[1]'.

2022-01-16 20:08:32 - [MESSAGE][PASSED] - Object: 'Object Repository/Students check events on calendar/Page_Moodle Lch Xem ngy Th By, 8 Thng Ging 2022/a_i ti hot ng' is clicked on

2022-01-16 20:08:32 - [TEST_STEP][PASSED] - verifyElementText(findTestObject("Object Repository/Students check events on calendar/Page_Cu hi thm d/h2_Cu hi thm d"), "Câu hỏi thăm dò"): Actual text and expected text of test object 'Object Repository/Students check events on calendar/Page_Cu hi thm d/h2_Cu hi thm d' are matched.

2022-01-16 20:08:38 - [MESSAGE][INFO] - Unable to find the element located by 'By.xpath: //section[@id='region-main']/div[2]/h2'. Please recheck the objects properties to make sure the desired element is located. 

2022-01-16 20:08:38 - [MESSAGE][WARNING] - [SELF-HEALING] Failed to find element with id 'Object Repository/Students check events on calendar/Page_Cu hi thm d/h2_Cu hi thm d'. Try using Self-healing.

2022-01-16 20:08:38 - [MESSAGE][WARNING] - [SELF-HEALING] The current locator of test object 'Object Repository/Students check events on calendar/Page_Cu hi thm d/h2_Cu hi thm d' was broken. Propose an alternative one: '//h2'.

2022-01-16 20:08:38 - [MESSAGE][PASSED] - Actual text and expected text of test object 'Object Repository/Students check events on calendar/Page_Cu hi thm d/h2_Cu hi thm d' are matched.

2022-01-16 20:08:38 - [TEST_STEP][PASSED] - closeBrowser(): Browser is closed

2022-01-16 20:08:40 - [MESSAGE][PASSED] - Browser is closed]]></system-out>
         <system-err><![CDATA[]]></system-err>
      </testcase>
      <testcase name="Test Cases/Texting/Multiple messages" time="155.104" classname="Test Cases/Texting/Multiple messages" status="PASSED">
         <system-out><![CDATA[2022-01-16 20:08:40 - [TEST_CASE][PASSED] - Test Cases/Texting/Multiple messages: Test Cases/Texting/Multiple messages

2022-01-16 20:08:41 - [TEST_STEP][PASSED] - openBrowser(""): Browser is opened with url: ''

2022-01-16 20:08:41 - [MESSAGE][INFO] - Starting 'Edge Chromium' driver

2022-01-16 20:08:43 - [MESSAGE][INFO] - Action delay is set to 0 milliseconds

2022-01-16 20:08:44 - [MESSAGE][PASSED] - Browser is opened with url: ''

2022-01-16 20:08:44 - [TEST_STEP][PASSED] - navigateToUrl("http://localhost/"): Navigate to 'http://localhost/' successfully

2022-01-16 20:08:47 - [MESSAGE][PASSED] - Navigate to 'http://localhost/' successfully

2022-01-16 20:08:47 - [TEST_STEP][PASSED] - click(findTestObject("Object Repository/Texting/Page_Local Moodle/a_Log in")): Object: 'Object Repository/Texting/Page_Local Moodle/a_Log in' is clicked on

2022-01-16 20:08:50 - [MESSAGE][PASSED] - Object: 'Object Repository/Texting/Page_Local Moodle/a_Log in' is clicked on

2022-01-16 20:08:50 - [TEST_STEP][PASSED] - setText(findTestObject("Object Repository/Texting/Page_Local Moodle Log in to the site/input_Username_username"), "lcbinh"): Text 'lcbinh' is set on object 'Object Repository/Texting/Page_Local Moodle Log in to the site/input_Username_username'

2022-01-16 20:08:51 - [MESSAGE][PASSED] - Text 'lcbinh' is set on object 'Object Repository/Texting/Page_Local Moodle Log in to the site/input_Username_username'

2022-01-16 20:08:51 - [TEST_STEP][PASSED] - setEncryptedText(findTestObject("Object Repository/Texting/Page_Local Moodle Log in to the site/input_Password_password"), "o5TCnEIIWq0Pz0TkrK1a2rpuWvRKVWz2"): Text ****** has been set on object 'Object Repository/Texting/Page_Local Moodle Log in to the site/input_Password_password'

2022-01-16 20:08:53 - [MESSAGE][PASSED] - Text ****** has been set on object 'Object Repository/Texting/Page_Local Moodle Log in to the site/input_Password_password'

2022-01-16 20:08:53 - [TEST_STEP][PASSED] - click(findTestObject("Object Repository/Texting/Page_Local Moodle Log in to the site/button_Log in")): Object: 'Object Repository/Texting/Page_Local Moodle Log in to the site/button_Log in' is clicked on

2022-01-16 20:08:57 - [MESSAGE][PASSED] - Object: 'Object Repository/Texting/Page_Local Moodle Log in to the site/button_Log in' is clicked on

2022-01-16 20:08:57 - [TEST_STEP][PASSED] - click(findTestObject("Object Repository/Texting/Page_Nh ca ti/i_See all_icon fa fa-comment fa-fw")): Object: 'Object Repository/Texting/Page_Nh ca ti/i_See all_icon fa fa-comment fa-fw' is clicked on

2022-01-16 20:09:04 - [MESSAGE][INFO] - Unable to find the element located by 'By.xpath: //a[@id='message-drawer-toggle-61d5836ab0e7961d5836a98d4612']/i'. Please recheck the objects properties to make sure the desired element is located. 

2022-01-16 20:09:04 - [MESSAGE][WARNING] - [SELF-HEALING] Failed to find element with id 'Object Repository/Texting/Page_Nh ca ti/i_See all_icon fa fa-comment fa-fw'. Try using Self-healing.

2022-01-16 20:09:04 - [MESSAGE][WARNING] - [SELF-HEALING] The current locator of test object 'Object Repository/Texting/Page_Nh ca ti/i_See all_icon fa fa-comment fa-fw' was broken. Propose an alternative one: '//div[2]/a/i'.

2022-01-16 20:09:04 - [MESSAGE][PASSED] - Object: 'Object Repository/Texting/Page_Nh ca ti/i_See all_icon fa fa-comment fa-fw' is clicked on

2022-01-16 20:09:04 - [TEST_STEP][PASSED] - setText(findTestObject("Object Repository/Texting/Page_Nh ca ti/input_Messages selected_form-control"), "Thanh"): Text 'Thanh' is set on object 'Object Repository/Texting/Page_Nh ca ti/input_Messages selected_form-control'

2022-01-16 20:09:06 - [MESSAGE][PASSED] - Text 'Thanh' is set on object 'Object Repository/Texting/Page_Nh ca ti/input_Messages selected_form-control'

2022-01-16 20:09:06 - [TEST_STEP][PASSED] - verifyElementClickable(findTestObject("Object Repository/Texting/Page_Nh ca ti/i_Messages selected_icon fa fa-search fa-fw_1")): Object 'Object Repository/Texting/Page_Nh ca ti/i_Messages selected_icon fa fa-search fa-fw_1' is clickable

2022-01-16 20:09:12 - [MESSAGE][INFO] - Unable to find the element located by 'By.xpath: //div[@id='yui_3_17_2_1_1641380790278_202']/div[4]/div/div/div/button/span/i'. Please recheck the objects properties to make sure the desired element is located. 

2022-01-16 20:09:12 - [MESSAGE][WARNING] - [SELF-HEALING] Failed to find element with id 'Object Repository/Texting/Page_Nh ca ti/i_Messages selected_icon fa fa-search fa-fw_1'. Try using Self-healing.

2022-01-16 20:09:13 - [MESSAGE][WARNING] - [SELF-HEALING] The current locator of test object 'Object Repository/Texting/Page_Nh ca ti/i_Messages selected_icon fa fa-search fa-fw_1' was broken. Propose an alternative one: '//button/span/i'.

2022-01-16 20:09:13 - [MESSAGE][PASSED] - Object 'Object Repository/Texting/Page_Nh ca ti/i_Messages selected_icon fa fa-search fa-fw_1' is clickable

2022-01-16 20:09:13 - [TEST_STEP][PASSED] - click(findTestObject("Object Repository/Texting/Page_Nh ca ti/i_Messages selected_icon fa fa-search fa-fw_1")): Object: 'Object Repository/Texting/Page_Nh ca ti/i_Messages selected_icon fa fa-search fa-fw_1' is clicked on

2022-01-16 20:09:19 - [MESSAGE][INFO] - Unable to find the element located by 'By.xpath: //div[@id='yui_3_17_2_1_1641380790278_202']/div[4]/div/div/div/button/span/i'. Please recheck the objects properties to make sure the desired element is located. 

2022-01-16 20:09:19 - [MESSAGE][WARNING] - [SELF-HEALING] Failed to find element with id 'Object Repository/Texting/Page_Nh ca ti/i_Messages selected_icon fa fa-search fa-fw_1'. Try using Self-healing.

2022-01-16 20:09:19 - [MESSAGE][WARNING] - [SELF-HEALING] The current locator of test object 'Object Repository/Texting/Page_Nh ca ti/i_Messages selected_icon fa fa-search fa-fw_1' was broken. Propose an alternative one: '//button/span/i'.

2022-01-16 20:09:20 - [MESSAGE][PASSED] - Object: 'Object Repository/Texting/Page_Nh ca ti/i_Messages selected_icon fa fa-search fa-fw_1' is clicked on

2022-01-16 20:09:20 - [TEST_STEP][PASSED] - verifyElementClickable(findTestObject("Object Repository/Texting/Page_Nh ca ti/h6_Cng Bnh L")): Object 'Object Repository/Texting/Page_Nh ca ti/h6_Cng Bnh L' is clickable

2022-01-16 20:09:26 - [MESSAGE][INFO] - Unable to find the element located by 'By.xpath: //div[@id='yui_3_17_2_1_1641380790278_197']/div[6]/div/div/div/div[2]/div/a/h6'. Please recheck the objects properties to make sure the desired element is located. 

2022-01-16 20:09:26 - [MESSAGE][WARNING] - [SELF-HEALING] Failed to find element with id 'Object Repository/Texting/Page_Nh ca ti/h6_Cng Bnh L'. Try using Self-healing.

2022-01-16 20:09:26 - [MESSAGE][WARNING] - [SELF-HEALING] The current locator of test object 'Object Repository/Texting/Page_Nh ca ti/h6_Cng Bnh L' was broken. Propose an alternative one: '(.//*[normalize-space(text()) and normalize-space(.)='Non-contacts'])[1]/following::h6[1]'.

2022-01-16 20:09:27 - [MESSAGE][PASSED] - Object 'Object Repository/Texting/Page_Nh ca ti/h6_Cng Bnh L' is clickable

2022-01-16 20:09:27 - [TEST_STEP][PASSED] - click(findTestObject("Object Repository/Texting/Page_Nh ca ti/h6_Cng Bnh L")): Object: 'Object Repository/Texting/Page_Nh ca ti/h6_Cng Bnh L' is clicked on

2022-01-16 20:09:33 - [MESSAGE][INFO] - Unable to find the element located by 'By.xpath: //div[@id='yui_3_17_2_1_1641380790278_197']/div[6]/div/div/div/div[2]/div/a/h6'. Please recheck the objects properties to make sure the desired element is located. 

2022-01-16 20:09:33 - [MESSAGE][WARNING] - [SELF-HEALING] Failed to find element with id 'Object Repository/Texting/Page_Nh ca ti/h6_Cng Bnh L'. Try using Self-healing.

2022-01-16 20:09:33 - [MESSAGE][WARNING] - [SELF-HEALING] The current locator of test object 'Object Repository/Texting/Page_Nh ca ti/h6_Cng Bnh L' was broken. Propose an alternative one: '(.//*[normalize-space(text()) and normalize-space(.)='Non-contacts'])[1]/following::h6[1]'.

2022-01-16 20:09:33 - [MESSAGE][PASSED] - Object: 'Object Repository/Texting/Page_Nh ca ti/h6_Cng Bnh L' is clicked on

2022-01-16 20:09:33 - [TEST_STEP][PASSED] - setText(findTestObject("Object Repository/Texting/Page_Nh ca ti/textarea_Use enter to send_yui_3_17_2_1_164_3e2d02"), "Hi there"): Text 'Hi there' is set on object 'Object Repository/Texting/Page_Nh ca ti/textarea_Use enter to send_yui_3_17_2_1_164_3e2d02'

2022-01-16 20:09:40 - [MESSAGE][INFO] - Unable to find the element located by 'By.xpath: //textarea[@id='yui_3_17_2_1_1641382762786_207']'. Please recheck the objects properties to make sure the desired element is located. 

2022-01-16 20:09:40 - [MESSAGE][WARNING] - [SELF-HEALING] Failed to find element with id 'Object Repository/Texting/Page_Nh ca ti/textarea_Use enter to send_yui_3_17_2_1_164_3e2d02'. Try using Self-healing.

2022-01-16 20:09:40 - [MESSAGE][WARNING] - [SELF-HEALING] The current locator of test object 'Object Repository/Texting/Page_Nh ca ti/textarea_Use enter to send_yui_3_17_2_1_164_3e2d02' was broken. Propose an alternative one: '//textarea'.

2022-01-16 20:09:46 - [MESSAGE][INFO] - Unable to find the element located by 'By.xpath: //textarea[@id='yui_3_17_2_1_1641382762786_207']'. Please recheck the objects properties to make sure the desired element is located. 

2022-01-16 20:09:46 - [MESSAGE][WARNING] - [SELF-HEALING] Failed to find element with id 'Object Repository/Texting/Page_Nh ca ti/textarea_Use enter to send_yui_3_17_2_1_164_3e2d02'. Try using Self-healing.

2022-01-16 20:09:47 - [MESSAGE][WARNING] - [SELF-HEALING] The current locator of test object 'Object Repository/Texting/Page_Nh ca ti/textarea_Use enter to send_yui_3_17_2_1_164_3e2d02' was broken. Propose an alternative one: '//textarea'.

2022-01-16 20:09:47 - [MESSAGE][PASSED] - Text 'Hi there' is set on object 'Object Repository/Texting/Page_Nh ca ti/textarea_Use enter to send_yui_3_17_2_1_164_3e2d02'

2022-01-16 20:09:47 - [TEST_STEP][PASSED] - click(findTestObject("Object Repository/Texting/Page_Nh ca ti/i__icon fa fa-paper-plane fa-fw")): Object: 'Object Repository/Texting/Page_Nh ca ti/i__icon fa fa-paper-plane fa-fw' is clicked on

2022-01-16 20:09:53 - [MESSAGE][INFO] - Unable to find the element located by 'By.xpath: //div[@id='yui_3_17_2_1_1641382762786_208']/div/button[2]/span/i'. Please recheck the objects properties to make sure the desired element is located. 

2022-01-16 20:09:53 - [MESSAGE][WARNING] - [SELF-HEALING] Failed to find element with id 'Object Repository/Texting/Page_Nh ca ti/i__icon fa fa-paper-plane fa-fw'. Try using Self-healing.

2022-01-16 20:09:53 - [MESSAGE][WARNING] - [SELF-HEALING] The current locator of test object 'Object Repository/Texting/Page_Nh ca ti/i__icon fa fa-paper-plane fa-fw' was broken. Propose an alternative one: '//button[2]/span/i'.

2022-01-16 20:09:54 - [MESSAGE][PASSED] - Object: 'Object Repository/Texting/Page_Nh ca ti/i__icon fa fa-paper-plane fa-fw' is clicked on

2022-01-16 20:09:54 - [TEST_STEP][PASSED] - setText(findTestObject("Object Repository/Texting/Page_Nh ca ti/textarea_Use enter to send_yui_3_17_2_1_164_3e2d02"), "How can I help you"): Text 'How can I help you' is set on object 'Object Repository/Texting/Page_Nh ca ti/textarea_Use enter to send_yui_3_17_2_1_164_3e2d02'

2022-01-16 20:10:00 - [MESSAGE][INFO] - Unable to find the element located by 'By.xpath: //textarea[@id='yui_3_17_2_1_1641382762786_207']'. Please recheck the objects properties to make sure the desired element is located. 

2022-01-16 20:10:00 - [MESSAGE][WARNING] - [SELF-HEALING] Failed to find element with id 'Object Repository/Texting/Page_Nh ca ti/textarea_Use enter to send_yui_3_17_2_1_164_3e2d02'. Try using Self-healing.

2022-01-16 20:10:00 - [MESSAGE][WARNING] - [SELF-HEALING] The current locator of test object 'Object Repository/Texting/Page_Nh ca ti/textarea_Use enter to send_yui_3_17_2_1_164_3e2d02' was broken. Propose an alternative one: '//textarea'.

2022-01-16 20:10:06 - [MESSAGE][INFO] - Unable to find the element located by 'By.xpath: //textarea[@id='yui_3_17_2_1_1641382762786_207']'. Please recheck the objects properties to make sure the desired element is located. 

2022-01-16 20:10:06 - [MESSAGE][WARNING] - [SELF-HEALING] Failed to find element with id 'Object Repository/Texting/Page_Nh ca ti/textarea_Use enter to send_yui_3_17_2_1_164_3e2d02'. Try using Self-healing.

2022-01-16 20:10:07 - [MESSAGE][WARNING] - [SELF-HEALING] The current locator of test object 'Object Repository/Texting/Page_Nh ca ti/textarea_Use enter to send_yui_3_17_2_1_164_3e2d02' was broken. Propose an alternative one: '//textarea'.

2022-01-16 20:10:07 - [MESSAGE][PASSED] - Text 'How can I help you' is set on object 'Object Repository/Texting/Page_Nh ca ti/textarea_Use enter to send_yui_3_17_2_1_164_3e2d02'

2022-01-16 20:10:07 - [TEST_STEP][PASSED] - click(findTestObject("Object Repository/Texting/Page_Nh ca ti/i__yui_3_17_2_1_1641382762786_212")): Object: 'Object Repository/Texting/Page_Nh ca ti/i__yui_3_17_2_1_1641382762786_212' is clicked on

2022-01-16 20:10:13 - [MESSAGE][INFO] - Unable to find the element located by 'By.xpath: //i[@id='yui_3_17_2_1_1641382762786_212']'. Please recheck the objects properties to make sure the desired element is located. 

2022-01-16 20:10:13 - [MESSAGE][WARNING] - [SELF-HEALING] Failed to find element with id 'Object Repository/Texting/Page_Nh ca ti/i__yui_3_17_2_1_1641382762786_212'. Try using Self-healing.

2022-01-16 20:10:13 - [MESSAGE][WARNING] - [SELF-HEALING] The current locator of test object 'Object Repository/Texting/Page_Nh ca ti/i__yui_3_17_2_1_1641382762786_212' was broken. Propose an alternative one: '//button[2]/span/i'.

2022-01-16 20:10:13 - [MESSAGE][PASSED] - Object: 'Object Repository/Texting/Page_Nh ca ti/i__yui_3_17_2_1_1641382762786_212' is clicked on

2022-01-16 20:10:13 - [TEST_STEP][PASSED] - setText(findTestObject("Object Repository/Texting/Page_Nh ca ti/textarea_Use enter to send_yui_3_17_2_1_164_3e2d02"), "Are you ok?"): Text 'Are you ok?' is set on object 'Object Repository/Texting/Page_Nh ca ti/textarea_Use enter to send_yui_3_17_2_1_164_3e2d02'

2022-01-16 20:10:20 - [MESSAGE][INFO] - Unable to find the element located by 'By.xpath: //textarea[@id='yui_3_17_2_1_1641382762786_207']'. Please recheck the objects properties to make sure the desired element is located. 

2022-01-16 20:10:20 - [MESSAGE][WARNING] - [SELF-HEALING] Failed to find element with id 'Object Repository/Texting/Page_Nh ca ti/textarea_Use enter to send_yui_3_17_2_1_164_3e2d02'. Try using Self-healing.

2022-01-16 20:10:20 - [MESSAGE][WARNING] - [SELF-HEALING] The current locator of test object 'Object Repository/Texting/Page_Nh ca ti/textarea_Use enter to send_yui_3_17_2_1_164_3e2d02' was broken. Propose an alternative one: '//textarea'.

2022-01-16 20:10:27 - [MESSAGE][INFO] - Unable to find the element located by 'By.xpath: //textarea[@id='yui_3_17_2_1_1641382762786_207']'. Please recheck the objects properties to make sure the desired element is located. 

2022-01-16 20:10:27 - [MESSAGE][WARNING] - [SELF-HEALING] Failed to find element with id 'Object Repository/Texting/Page_Nh ca ti/textarea_Use enter to send_yui_3_17_2_1_164_3e2d02'. Try using Self-healing.

2022-01-16 20:10:27 - [MESSAGE][WARNING] - [SELF-HEALING] The current locator of test object 'Object Repository/Texting/Page_Nh ca ti/textarea_Use enter to send_yui_3_17_2_1_164_3e2d02' was broken. Propose an alternative one: '//textarea'.

2022-01-16 20:10:27 - [MESSAGE][PASSED] - Text 'Are you ok?' is set on object 'Object Repository/Texting/Page_Nh ca ti/textarea_Use enter to send_yui_3_17_2_1_164_3e2d02'

2022-01-16 20:10:27 - [TEST_STEP][PASSED] - click(findTestObject("Object Repository/Texting/Page_Nh ca ti/i__yui_3_17_2_1_1641382762786_212")): Object: 'Object Repository/Texting/Page_Nh ca ti/i__yui_3_17_2_1_1641382762786_212' is clicked on

2022-01-16 20:10:33 - [MESSAGE][INFO] - Unable to find the element located by 'By.xpath: //i[@id='yui_3_17_2_1_1641382762786_212']'. Please recheck the objects properties to make sure the desired element is located. 

2022-01-16 20:10:33 - [MESSAGE][WARNING] - [SELF-HEALING] Failed to find element with id 'Object Repository/Texting/Page_Nh ca ti/i__yui_3_17_2_1_1641382762786_212'. Try using Self-healing.

2022-01-16 20:10:34 - [MESSAGE][WARNING] - [SELF-HEALING] The current locator of test object 'Object Repository/Texting/Page_Nh ca ti/i__yui_3_17_2_1_1641382762786_212' was broken. Propose an alternative one: '//button[2]/span/i'.

2022-01-16 20:10:34 - [MESSAGE][PASSED] - Object: 'Object Repository/Texting/Page_Nh ca ti/i__yui_3_17_2_1_1641382762786_212' is clicked on

2022-01-16 20:10:34 - [TEST_STEP][PASSED] - click(findTestObject("Object Repository/Texting/Page_Nh ca ti/a_Cng Bnh L")): Object: 'Object Repository/Texting/Page_Nh ca ti/a_Cng Bnh L' is clicked on

2022-01-16 20:10:37 - [MESSAGE][PASSED] - Object: 'Object Repository/Texting/Page_Nh ca ti/a_Cng Bnh L' is clicked on

2022-01-16 20:10:37 - [TEST_STEP][PASSED] - click(findTestObject("Object Repository/Texting/Page_Nh ca ti/span_Thot")): Object: 'Object Repository/Texting/Page_Nh ca ti/span_Thot' is clicked on

2022-01-16 20:10:38 - [MESSAGE][PASSED] - Object: 'Object Repository/Texting/Page_Nh ca ti/span_Thot' is clicked on

2022-01-16 20:10:38 - [TEST_STEP][PASSED] - click(findTestObject("Object Repository/Texting/Page_Local Moodle/a_Log in")): Object: 'Object Repository/Texting/Page_Local Moodle/a_Log in' is clicked on

2022-01-16 20:10:39 - [MESSAGE][PASSED] - Object: 'Object Repository/Texting/Page_Local Moodle/a_Log in' is clicked on

2022-01-16 20:10:39 - [TEST_STEP][PASSED] - setText(findTestObject("Object Repository/Texting/Page_Local Moodle Log in to the site/input_Username_username"), "ndtthanh"): Text 'ndtthanh' is set on object 'Object Repository/Texting/Page_Local Moodle Log in to the site/input_Username_username'

2022-01-16 20:10:40 - [MESSAGE][PASSED] - Text 'ndtthanh' is set on object 'Object Repository/Texting/Page_Local Moodle Log in to the site/input_Username_username'

2022-01-16 20:10:40 - [TEST_STEP][PASSED] - setEncryptedText(findTestObject("Object Repository/Texting/Page_Local Moodle Log in to the site/input_Password_password"), "o5TCnEIIWq0Pz0TkrK1a2rpuWvRKVWz2"): Text ****** has been set on object 'Object Repository/Texting/Page_Local Moodle Log in to the site/input_Password_password'

2022-01-16 20:10:41 - [MESSAGE][PASSED] - Text ****** has been set on object 'Object Repository/Texting/Page_Local Moodle Log in to the site/input_Password_password'

2022-01-16 20:10:41 - [TEST_STEP][PASSED] - click(findTestObject("Object Repository/Texting/Page_Local Moodle Log in to the site/button_Log in")): Object: 'Object Repository/Texting/Page_Local Moodle Log in to the site/button_Log in' is clicked on

2022-01-16 20:10:43 - [MESSAGE][PASSED] - Object: 'Object Repository/Texting/Page_Local Moodle Log in to the site/button_Log in' is clicked on

2022-01-16 20:10:43 - [TEST_STEP][PASSED] - click(findTestObject("Object Repository/Texting/Page_Nh ca ti/i_See all_icon fa fa-comment fa-fw")): Object: 'Object Repository/Texting/Page_Nh ca ti/i_See all_icon fa fa-comment fa-fw' is clicked on

2022-01-16 20:10:49 - [MESSAGE][INFO] - Unable to find the element located by 'By.xpath: //a[@id='message-drawer-toggle-61d5836ab0e7961d5836a98d4612']/i'. Please recheck the objects properties to make sure the desired element is located. 

2022-01-16 20:10:49 - [MESSAGE][WARNING] - [SELF-HEALING] Failed to find element with id 'Object Repository/Texting/Page_Nh ca ti/i_See all_icon fa fa-comment fa-fw'. Try using Self-healing.

2022-01-16 20:10:50 - [MESSAGE][WARNING] - [SELF-HEALING] The current locator of test object 'Object Repository/Texting/Page_Nh ca ti/i_See all_icon fa fa-comment fa-fw' was broken. Propose an alternative one: '//div[2]/a/i'.

2022-01-16 20:10:50 - [MESSAGE][PASSED] - Object: 'Object Repository/Texting/Page_Nh ca ti/i_See all_icon fa fa-comment fa-fw' is clicked on

2022-01-16 20:10:50 - [TEST_STEP][PASSED] - verifyElementClickable(findTestObject("Object Repository/Texting/Page_Nh ca ti/i_See all_yui_3_17_2_1_1641382882296_189")): Object 'Object Repository/Texting/Page_Nh ca ti/i_See all_yui_3_17_2_1_1641382882296_189' is clickable

2022-01-16 20:10:57 - [MESSAGE][INFO] - Unable to find the element located by 'By.xpath: //i[@id='yui_3_17_2_1_1641382882296_189']'. Please recheck the objects properties to make sure the desired element is located. 

2022-01-16 20:10:57 - [MESSAGE][WARNING] - [SELF-HEALING] Failed to find element with id 'Object Repository/Texting/Page_Nh ca ti/i_See all_yui_3_17_2_1_1641382882296_189'. Try using Self-healing.

2022-01-16 20:10:57 - [MESSAGE][WARNING] - [SELF-HEALING] The current locator of test object 'Object Repository/Texting/Page_Nh ca ti/i_See all_yui_3_17_2_1_1641382882296_189' was broken. Propose an alternative one: '//div[2]/a/i'.

2022-01-16 20:10:57 - [MESSAGE][PASSED] - Object 'Object Repository/Texting/Page_Nh ca ti/i_See all_yui_3_17_2_1_1641382882296_189' is clickable

2022-01-16 20:10:57 - [TEST_STEP][PASSED] - verifyElementClickable(findTestObject("Object Repository/Texting/Page_Nh ca ti/strong_Cng Bnh L")): Object 'Object Repository/Texting/Page_Nh ca ti/strong_Cng Bnh L' is clickable

2022-01-16 20:11:03 - [MESSAGE][INFO] - Unable to find the element located by 'By.xpath: //div[@id='view-overview-messages-target-61d583e23d87f61d583e22613e21']/div[2]/a/div/div/strong'. Please recheck the objects properties to make sure the desired element is located. 

2022-01-16 20:11:03 - [MESSAGE][WARNING] - [SELF-HEALING] Failed to find element with id 'Object Repository/Texting/Page_Nh ca ti/strong_Cng Bnh L'. Try using Self-healing.

2022-01-16 20:11:04 - [MESSAGE][WARNING] - [SELF-HEALING] The current locator of test object 'Object Repository/Texting/Page_Nh ca ti/strong_Cng Bnh L' was broken. Propose an alternative one: '(.//*[normalize-space(text()) and normalize-space(.)='Private'])[1]/following::strong[1]'.

2022-01-16 20:11:04 - [MESSAGE][PASSED] - Object 'Object Repository/Texting/Page_Nh ca ti/strong_Cng Bnh L' is clickable

2022-01-16 20:11:04 - [TEST_STEP][PASSED] - click(findTestObject("Object Repository/Texting/Page_Nh ca ti/strong_Cng Bnh L")): Object: 'Object Repository/Texting/Page_Nh ca ti/strong_Cng Bnh L' is clicked on

2022-01-16 20:11:10 - [MESSAGE][INFO] - Unable to find the element located by 'By.xpath: //div[@id='view-overview-messages-target-61d583e23d87f61d583e22613e21']/div[2]/a/div/div/strong'. Please recheck the objects properties to make sure the desired element is located. 

2022-01-16 20:11:10 - [MESSAGE][WARNING] - [SELF-HEALING] Failed to find element with id 'Object Repository/Texting/Page_Nh ca ti/strong_Cng Bnh L'. Try using Self-healing.

2022-01-16 20:11:11 - [MESSAGE][WARNING] - [SELF-HEALING] The current locator of test object 'Object Repository/Texting/Page_Nh ca ti/strong_Cng Bnh L' was broken. Propose an alternative one: '(.//*[normalize-space(text()) and normalize-space(.)='Private'])[1]/following::strong[1]'.

2022-01-16 20:11:11 - [MESSAGE][PASSED] - Object: 'Object Repository/Texting/Page_Nh ca ti/strong_Cng Bnh L' is clicked on

2022-01-16 20:11:11 - [TEST_STEP][PASSED] - verifyElementText(findTestObject("Object Repository/Texting/Page_Nh ca ti/p_Hi there"), "Hi there"): Actual text and expected text of test object 'Object Repository/Texting/Page_Nh ca ti/p_Hi there' are matched.

2022-01-16 20:11:12 - [MESSAGE][PASSED] - Actual text and expected text of test object 'Object Repository/Texting/Page_Nh ca ti/p_Hi there' are matched.

2022-01-16 20:11:12 - [TEST_STEP][PASSED] - verifyElementText(findTestObject("Object Repository/Texting/Page_Nh ca ti/p_How can I help you"), "How can I help you"): Actual text and expected text of test object 'Object Repository/Texting/Page_Nh ca ti/p_How can I help you' are matched.

2022-01-16 20:11:13 - [MESSAGE][PASSED] - Actual text and expected text of test object 'Object Repository/Texting/Page_Nh ca ti/p_How can I help you' are matched.

2022-01-16 20:11:13 - [TEST_STEP][PASSED] - verifyElementText(findTestObject("Object Repository/Texting/Page_Nh ca ti/p_Are you ok"), "Are you ok?"): Actual text and expected text of test object 'Object Repository/Texting/Page_Nh ca ti/p_Are you ok' are matched.

2022-01-16 20:11:13 - [MESSAGE][PASSED] - Actual text and expected text of test object 'Object Repository/Texting/Page_Nh ca ti/p_Are you ok' are matched.

2022-01-16 20:11:13 - [TEST_STEP][PASSED] - closeBrowser(): Browser is closed

2022-01-16 20:11:15 - [MESSAGE][PASSED] - Browser is closed]]></system-out>
         <system-err><![CDATA[]]></system-err>
      </testcase>
      <testcase name="Test Cases/Texting/Receive text message from multiple users" time="110.54" classname="Test Cases/Texting/Receive text message from multiple users" status="FAILED">
         <failure type="FAILED" message="Test Cases/Texting/Receive text message from multiple users FAILED.
Reason:
com.kms.katalon.core.exception.StepFailedException: Unable to click on object 'Object Repository/Texting/Page_Nh ca ti/h6_Cng Bnh L'
	at com.kms.katalon.core.webui.keyword.internal.WebUIKeywordMain.stepFailed(WebUIKeywordMain.groovy:64)
	at com.kms.katalon.core.webui.keyword.internal.WebUIKeywordMain.runKeyword(WebUIKeywordMain.groovy:26)
	at com.kms.katalon.core.webui.keyword.builtin.ClickKeyword.click(ClickKeyword.groovy:74)
	at com.kms.katalon.core.webui.keyword.builtin.ClickKeyword.execute(ClickKeyword.groovy:40)
	at com.kms.katalon.core.keyword.internal.KeywordExecutor.executeKeywordForPlatform(KeywordExecutor.groovy:74)
	at com.kms.katalon.core.webui.keyword.WebUiBuiltInKeywords.click(WebUiBuiltInKeywords.groovy:620)
	at com.kms.katalon.core.webui.keyword.WebUiBuiltInKeywords$click$1.call(Unknown Source)
	at Receive text message from multiple users.run(Receive text message from multiple users:71)
	at com.kms.katalon.core.main.ScriptEngine.run(ScriptEngine.java:194)
	at com.kms.katalon.core.main.ScriptEngine.runScriptAsRawText(ScriptEngine.java:119)
	at com.kms.katalon.core.main.TestCaseExecutor.runScript(TestCaseExecutor.java:442)
	at com.kms.katalon.core.main.TestCaseExecutor.doExecute(TestCaseExecutor.java:433)
	at com.kms.katalon.core.main.TestCaseExecutor.processExecutionPhase(TestCaseExecutor.java:412)
	at com.kms.katalon.core.main.TestCaseExecutor.accessMainPhase(TestCaseExecutor.java:404)
	at com.kms.katalon.core.main.TestCaseExecutor.execute(TestCaseExecutor.java:281)
	at com.kms.katalon.core.main.TestCaseExecutor.execute(TestCaseExecutor.java:363)
	at com.kms.katalon.core.main.TestCaseExecutor.execute(TestCaseExecutor.java:363)
	at com.kms.katalon.core.main.TestCaseExecutor.execute(TestCaseExecutor.java:363)
	at com.kms.katalon.core.main.TestSuiteExecutor.accessTestCaseMainPhase(TestSuiteExecutor.java:202)
	at com.kms.katalon.core.main.TestSuiteExecutor.accessTestSuiteMainPhase(TestSuiteExecutor.java:164)
	at com.kms.katalon.core.main.TestSuiteExecutor.execute(TestSuiteExecutor.java:105)
	at com.kms.katalon.core.main.TestCaseMain.startTestSuite(TestCaseMain.java:181)
	at com.kms.katalon.core.main.TestCaseMain$startTestSuite$0.call(Unknown Source)
	at TempTestSuite1642335656208.run(TempTestSuite1642335656208.groovy:36)
Caused by: com.kms.katalon.core.webui.exception.WebElementNotFoundException: Web element with id: 'Object Repository/Texting/Page_Nh ca ti/h6_Cng Bnh L' located by '//div[@id='yui_3_17_2_1_1641380790278_197']/div[6]/div/div/div/div[2]/div/a/h6' not found
	at com.kms.katalon.core.webui.common.WebUiCommonHelper.findWebElement(WebUiCommonHelper.java:1368)
	at com.kms.katalon.core.webui.keyword.internal.WebUIAbstractKeyword.findWebElement(WebUIAbstractKeyword.groovy:27)
	at com.kms.katalon.core.webui.keyword.builtin.ClickKeyword$_click_closure1.doCall(ClickKeyword.groovy:65)
	at com.kms.katalon.core.webui.keyword.builtin.ClickKeyword$_click_closure1.call(ClickKeyword.groovy)
	at com.kms.katalon.core.webui.keyword.internal.WebUIKeywordMain.runKeyword(WebUIKeywordMain.groovy:20)
	... 22 more
"/>
         <system-out><![CDATA[2022-01-16 20:17:53 - [TEST_CASE][FAILED] - Test Cases/Texting/Receive text message from multiple users: Test Cases/Texting/Receive text message from multiple users FAILED.
Reason:
com.kms.katalon.core.exception.StepFailedException: Unable to click on object 'Object Repository/Texting/Page_Nh ca ti/h6_Cng Bnh L'
	at com.kms.katalon.core.webui.keyword.internal.WebUIKeywordMain.stepFailed(WebUIKeywordMain.groovy:64)
	at com.kms.katalon.core.webui.keyword.internal.WebUIKeywordMain.runKeyword(WebUIKeywordMain.groovy:26)
	at com.kms.katalon.core.webui.keyword.builtin.ClickKeyword.click(ClickKeyword.groovy:74)
	at com.kms.katalon.core.webui.keyword.builtin.ClickKeyword.execute(ClickKeyword.groovy:40)
	at com.kms.katalon.core.keyword.internal.KeywordExecutor.executeKeywordForPlatform(KeywordExecutor.groovy:74)
	at com.kms.katalon.core.webui.keyword.WebUiBuiltInKeywords.click(WebUiBuiltInKeywords.groovy:620)
	at com.kms.katalon.core.webui.keyword.WebUiBuiltInKeywords$click$1.call(Unknown Source)
	at Receive text message from multiple users.run(Receive text message from multiple users:71)
	at com.kms.katalon.core.main.ScriptEngine.run(ScriptEngine.java:194)
	at com.kms.katalon.core.main.ScriptEngine.runScriptAsRawText(ScriptEngine.java:119)
	at com.kms.katalon.core.main.TestCaseExecutor.runScript(TestCaseExecutor.java:442)
	at com.kms.katalon.core.main.TestCaseExecutor.doExecute(TestCaseExecutor.java:433)
	at com.kms.katalon.core.main.TestCaseExecutor.processExecutionPhase(TestCaseExecutor.java:412)
	at com.kms.katalon.core.main.TestCaseExecutor.accessMainPhase(TestCaseExecutor.java:404)
	at com.kms.katalon.core.main.TestCaseExecutor.execute(TestCaseExecutor.java:281)
	at com.kms.katalon.core.main.TestCaseExecutor.execute(TestCaseExecutor.java:363)
	at com.kms.katalon.core.main.TestCaseExecutor.execute(TestCaseExecutor.java:363)
	at com.kms.katalon.core.main.TestCaseExecutor.execute(TestCaseExecutor.java:363)
	at com.kms.katalon.core.main.TestSuiteExecutor.accessTestCaseMainPhase(TestSuiteExecutor.java:202)
	at com.kms.katalon.core.main.TestSuiteExecutor.accessTestSuiteMainPhase(TestSuiteExecutor.java:164)
	at com.kms.katalon.core.main.TestSuiteExecutor.execute(TestSuiteExecutor.java:105)
	at com.kms.katalon.core.main.TestCaseMain.startTestSuite(TestCaseMain.java:181)
	at com.kms.katalon.core.main.TestCaseMain$startTestSuite$0.call(Unknown Source)
	at TempTestSuite1642335656208.run(TempTestSuite1642335656208.groovy:36)
Caused by: com.kms.katalon.core.webui.exception.WebElementNotFoundException: Web element with id: 'Object Repository/Texting/Page_Nh ca ti/h6_Cng Bnh L' located by '//div[@id='yui_3_17_2_1_1641380790278_197']/div[6]/div/div/div/div[2]/div/a/h6' not found
	at com.kms.katalon.core.webui.common.WebUiCommonHelper.findWebElement(WebUiCommonHelper.java:1368)
	at com.kms.katalon.core.webui.keyword.internal.WebUIAbstractKeyword.findWebElement(WebUIAbstractKeyword.groovy:27)
	at com.kms.katalon.core.webui.keyword.builtin.ClickKeyword$_click_closure1.doCall(ClickKeyword.groovy:65)
	at com.kms.katalon.core.webui.keyword.builtin.ClickKeyword$_click_closure1.call(ClickKeyword.groovy)
	at com.kms.katalon.core.webui.keyword.internal.WebUIKeywordMain.runKeyword(WebUIKeywordMain.groovy:20)
	... 22 more


2022-01-16 20:17:53 - [TEST_STEP][PASSED] - openBrowser(""): Browser is opened with url: ''

2022-01-16 20:17:53 - [MESSAGE][WARNING] - A browser is already opened. Closing browser and opening a new one

2022-01-16 20:17:55 - [MESSAGE][INFO] - Starting 'Edge Chromium' driver

2022-01-16 20:17:57 - [MESSAGE][INFO] - Action delay is set to 0 milliseconds

2022-01-16 20:17:59 - [MESSAGE][PASSED] - Browser is opened with url: ''

2022-01-16 20:17:59 - [TEST_STEP][PASSED] - navigateToUrl("http://localhost/"): Navigate to 'http://localhost/' successfully

2022-01-16 20:18:02 - [MESSAGE][PASSED] - Navigate to 'http://localhost/' successfully

2022-01-16 20:18:02 - [TEST_STEP][PASSED] - click(findTestObject("Object Repository/Texting/Page_Local Moodle/a_Log in")): Object: 'Object Repository/Texting/Page_Local Moodle/a_Log in' is clicked on

2022-01-16 20:18:04 - [MESSAGE][PASSED] - Object: 'Object Repository/Texting/Page_Local Moodle/a_Log in' is clicked on

2022-01-16 20:18:04 - [TEST_STEP][PASSED] - setText(findTestObject("Object Repository/Texting/Page_Local Moodle Log in to the site/input_Username_username"), "ndtthanh"): Text 'ndtthanh' is set on object 'Object Repository/Texting/Page_Local Moodle Log in to the site/input_Username_username'

2022-01-16 20:18:05 - [MESSAGE][PASSED] - Text 'ndtthanh' is set on object 'Object Repository/Texting/Page_Local Moodle Log in to the site/input_Username_username'

2022-01-16 20:18:05 - [TEST_STEP][PASSED] - setEncryptedText(findTestObject("Object Repository/Texting/Page_Local Moodle Log in to the site/input_Password_password"), "o5TCnEIIWq0Pz0TkrK1a2rpuWvRKVWz2"): Text ****** has been set on object 'Object Repository/Texting/Page_Local Moodle Log in to the site/input_Password_password'

2022-01-16 20:18:06 - [MESSAGE][PASSED] - Text ****** has been set on object 'Object Repository/Texting/Page_Local Moodle Log in to the site/input_Password_password'

2022-01-16 20:18:06 - [TEST_STEP][PASSED] - click(findTestObject("Object Repository/Texting/Page_Local Moodle Log in to the site/button_Log in")): Object: 'Object Repository/Texting/Page_Local Moodle Log in to the site/button_Log in' is clicked on

2022-01-16 20:18:08 - [MESSAGE][PASSED] - Object: 'Object Repository/Texting/Page_Local Moodle Log in to the site/button_Log in' is clicked on

2022-01-16 20:18:08 - [TEST_STEP][PASSED] - click(findTestObject("Object Repository/Texting/Page_Nh ca ti/i_See all_icon fa fa-comment fa-fw")): Object: 'Object Repository/Texting/Page_Nh ca ti/i_See all_icon fa fa-comment fa-fw' is clicked on

2022-01-16 20:18:15 - [MESSAGE][INFO] - Unable to find the element located by 'By.xpath: //a[@id='message-drawer-toggle-61d5836ab0e7961d5836a98d4612']/i'. Please recheck the objects properties to make sure the desired element is located. 

2022-01-16 20:18:15 - [MESSAGE][WARNING] - [SELF-HEALING] Failed to find element with id 'Object Repository/Texting/Page_Nh ca ti/i_See all_icon fa fa-comment fa-fw'. Try using Self-healing.

2022-01-16 20:18:16 - [MESSAGE][WARNING] - [SELF-HEALING] The current locator of test object 'Object Repository/Texting/Page_Nh ca ti/i_See all_icon fa fa-comment fa-fw' was broken. Propose an alternative one: '//div[2]/a/i'.

2022-01-16 20:18:16 - [MESSAGE][PASSED] - Object: 'Object Repository/Texting/Page_Nh ca ti/i_See all_icon fa fa-comment fa-fw' is clicked on

2022-01-16 20:18:16 - [TEST_STEP][PASSED] - setText(findTestObject("Object Repository/Texting/Page_Nh ca ti/input_Messages selected_form-control"), "Lê"): Text 'Lê' is set on object 'Object Repository/Texting/Page_Nh ca ti/input_Messages selected_form-control'

2022-01-16 20:18:18 - [MESSAGE][PASSED] - Text 'Lê' is set on object 'Object Repository/Texting/Page_Nh ca ti/input_Messages selected_form-control'

2022-01-16 20:18:18 - [TEST_STEP][PASSED] - verifyElementClickable(findTestObject("Object Repository/Texting/Page_Nh ca ti/i_Messages selected_icon fa fa-search fa-fw_1")): Object 'Object Repository/Texting/Page_Nh ca ti/i_Messages selected_icon fa fa-search fa-fw_1' is clickable

2022-01-16 20:18:24 - [MESSAGE][INFO] - Unable to find the element located by 'By.xpath: //div[@id='yui_3_17_2_1_1641380790278_202']/div[4]/div/div/div/button/span/i'. Please recheck the objects properties to make sure the desired element is located. 

2022-01-16 20:18:24 - [MESSAGE][WARNING] - [SELF-HEALING] Failed to find element with id 'Object Repository/Texting/Page_Nh ca ti/i_Messages selected_icon fa fa-search fa-fw_1'. Try using Self-healing.

2022-01-16 20:18:24 - [MESSAGE][WARNING] - [SELF-HEALING] The current locator of test object 'Object Repository/Texting/Page_Nh ca ti/i_Messages selected_icon fa fa-search fa-fw_1' was broken. Propose an alternative one: '//button/span/i'.

2022-01-16 20:18:24 - [MESSAGE][PASSED] - Object 'Object Repository/Texting/Page_Nh ca ti/i_Messages selected_icon fa fa-search fa-fw_1' is clickable

2022-01-16 20:18:24 - [TEST_STEP][PASSED] - click(findTestObject("Object Repository/Texting/Page_Nh ca ti/i_Messages selected_icon fa fa-search fa-fw_1")): Object: 'Object Repository/Texting/Page_Nh ca ti/i_Messages selected_icon fa fa-search fa-fw_1' is clicked on

2022-01-16 20:18:31 - [MESSAGE][INFO] - Unable to find the element located by 'By.xpath: //div[@id='yui_3_17_2_1_1641380790278_202']/div[4]/div/div/div/button/span/i'. Please recheck the objects properties to make sure the desired element is located. 

2022-01-16 20:18:31 - [MESSAGE][WARNING] - [SELF-HEALING] Failed to find element with id 'Object Repository/Texting/Page_Nh ca ti/i_Messages selected_icon fa fa-search fa-fw_1'. Try using Self-healing.

2022-01-16 20:18:31 - [MESSAGE][WARNING] - [SELF-HEALING] The current locator of test object 'Object Repository/Texting/Page_Nh ca ti/i_Messages selected_icon fa fa-search fa-fw_1' was broken. Propose an alternative one: '//button/span/i'.

2022-01-16 20:18:31 - [MESSAGE][PASSED] - Object: 'Object Repository/Texting/Page_Nh ca ti/i_Messages selected_icon fa fa-search fa-fw_1' is clicked on

2022-01-16 20:18:31 - [TEST_STEP][PASSED] - verifyElementClickable(findTestObject("Object Repository/Texting/Page_Nh ca ti/h6_Cng Bnh L")): Object 'Object Repository/Texting/Page_Nh ca ti/h6_Cng Bnh L' is clickable

2022-01-16 20:18:38 - [MESSAGE][INFO] - Unable to find the element located by 'By.xpath: //div[@id='yui_3_17_2_1_1641380790278_197']/div[6]/div/div/div/div[2]/div/a/h6'. Please recheck the objects properties to make sure the desired element is located. 

2022-01-16 20:18:38 - [MESSAGE][WARNING] - [SELF-HEALING] Failed to find element with id 'Object Repository/Texting/Page_Nh ca ti/h6_Cng Bnh L'. Try using Self-healing.

2022-01-16 20:18:38 - [MESSAGE][WARNING] - [SELF-HEALING] The current locator of test object 'Object Repository/Texting/Page_Nh ca ti/h6_Cng Bnh L' was broken. Propose an alternative one: '(.//*[normalize-space(text()) and normalize-space(.)='Non-contacts'])[1]/following::h6[1]'.

2022-01-16 20:18:38 - [MESSAGE][PASSED] - Object 'Object Repository/Texting/Page_Nh ca ti/h6_Cng Bnh L' is clickable

2022-01-16 20:18:38 - [TEST_STEP][PASSED] - click(findTestObject("Object Repository/Texting/Page_Nh ca ti/h6_Cng Bnh L")): Object: 'Object Repository/Texting/Page_Nh ca ti/h6_Cng Bnh L' is clicked on

2022-01-16 20:18:44 - [MESSAGE][INFO] - Unable to find the element located by 'By.xpath: //div[@id='yui_3_17_2_1_1641380790278_197']/div[6]/div/div/div/div[2]/div/a/h6'. Please recheck the objects properties to make sure the desired element is located. 

2022-01-16 20:18:44 - [MESSAGE][WARNING] - [SELF-HEALING] Failed to find element with id 'Object Repository/Texting/Page_Nh ca ti/h6_Cng Bnh L'. Try using Self-healing.

2022-01-16 20:18:45 - [MESSAGE][WARNING] - [SELF-HEALING] The current locator of test object 'Object Repository/Texting/Page_Nh ca ti/h6_Cng Bnh L' was broken. Propose an alternative one: '(.//*[normalize-space(text()) and normalize-space(.)='Non-contacts'])[1]/following::h6[1]'.

2022-01-16 20:18:45 - [MESSAGE][PASSED] - Object: 'Object Repository/Texting/Page_Nh ca ti/h6_Cng Bnh L' is clicked on

2022-01-16 20:18:45 - [TEST_STEP][PASSED] - setText(findTestObject("Object Repository/Texting/Page_Nh ca ti/textarea_Use enter to send_yui_3_17_2_1_164_cec9a1"), "I 'm Thanh"): Text 'I 'm Thanh' is set on object 'Object Repository/Texting/Page_Nh ca ti/textarea_Use enter to send_yui_3_17_2_1_164_cec9a1'

2022-01-16 20:18:51 - [MESSAGE][INFO] - Unable to find the element located by 'By.xpath: //textarea[@id='yui_3_17_2_1_1641380790278_222']'. Please recheck the objects properties to make sure the desired element is located. 

2022-01-16 20:18:51 - [MESSAGE][WARNING] - [SELF-HEALING] Failed to find element with id 'Object Repository/Texting/Page_Nh ca ti/textarea_Use enter to send_yui_3_17_2_1_164_cec9a1'. Try using Self-healing.

2022-01-16 20:18:52 - [MESSAGE][WARNING] - [SELF-HEALING] The current locator of test object 'Object Repository/Texting/Page_Nh ca ti/textarea_Use enter to send_yui_3_17_2_1_164_cec9a1' was broken. Propose an alternative one: '//textarea'.

2022-01-16 20:18:58 - [MESSAGE][INFO] - Unable to find the element located by 'By.xpath: //textarea[@id='yui_3_17_2_1_1641380790278_222']'. Please recheck the objects properties to make sure the desired element is located. 

2022-01-16 20:18:58 - [MESSAGE][WARNING] - [SELF-HEALING] Failed to find element with id 'Object Repository/Texting/Page_Nh ca ti/textarea_Use enter to send_yui_3_17_2_1_164_cec9a1'. Try using Self-healing.

2022-01-16 20:18:58 - [MESSAGE][WARNING] - [SELF-HEALING] The current locator of test object 'Object Repository/Texting/Page_Nh ca ti/textarea_Use enter to send_yui_3_17_2_1_164_cec9a1' was broken. Propose an alternative one: '//textarea'.

2022-01-16 20:18:58 - [MESSAGE][PASSED] - Text 'I 'm Thanh' is set on object 'Object Repository/Texting/Page_Nh ca ti/textarea_Use enter to send_yui_3_17_2_1_164_cec9a1'

2022-01-16 20:18:58 - [TEST_STEP][PASSED] - click(findTestObject("Object Repository/Texting/Page_Nh ca ti/i__icon fa fa-paper-plane fa-fw")): Object: 'Object Repository/Texting/Page_Nh ca ti/i__icon fa fa-paper-plane fa-fw' is clicked on

2022-01-16 20:19:05 - [MESSAGE][INFO] - Unable to find the element located by 'By.xpath: //div[@id='yui_3_17_2_1_1641382762786_208']/div/button[2]/span/i'. Please recheck the objects properties to make sure the desired element is located. 

2022-01-16 20:19:05 - [MESSAGE][WARNING] - [SELF-HEALING] Failed to find element with id 'Object Repository/Texting/Page_Nh ca ti/i__icon fa fa-paper-plane fa-fw'. Try using Self-healing.

2022-01-16 20:19:05 - [MESSAGE][WARNING] - [SELF-HEALING] The current locator of test object 'Object Repository/Texting/Page_Nh ca ti/i__icon fa fa-paper-plane fa-fw' was broken. Propose an alternative one: '//button[2]/span/i'.

2022-01-16 20:19:05 - [MESSAGE][PASSED] - Object: 'Object Repository/Texting/Page_Nh ca ti/i__icon fa fa-paper-plane fa-fw' is clicked on

2022-01-16 20:19:05 - [TEST_STEP][PASSED] - click(findTestObject("Object Repository/Texting/Page_Nh ca ti/a_Tin Thnh Nguyn ng")): Object: 'Object Repository/Texting/Page_Nh ca ti/a_Tin Thnh Nguyn ng' is clicked on

2022-01-16 20:19:08 - [MESSAGE][PASSED] - Object: 'Object Repository/Texting/Page_Nh ca ti/a_Tin Thnh Nguyn ng' is clicked on

2022-01-16 20:19:08 - [TEST_STEP][PASSED] - click(findTestObject("Object Repository/Texting/Page_Nh ca ti/a_Thot")): Object: 'Object Repository/Texting/Page_Nh ca ti/a_Thot' is clicked on

2022-01-16 20:19:10 - [MESSAGE][PASSED] - Object: 'Object Repository/Texting/Page_Nh ca ti/a_Thot' is clicked on

2022-01-16 20:19:10 - [TEST_STEP][PASSED] - click(findTestObject("Object Repository/Texting/Page_Local Moodle/a_Log in")): Object: 'Object Repository/Texting/Page_Local Moodle/a_Log in' is clicked on

2022-01-16 20:19:12 - [MESSAGE][PASSED] - Object: 'Object Repository/Texting/Page_Local Moodle/a_Log in' is clicked on

2022-01-16 20:19:12 - [TEST_STEP][PASSED] - setText(findTestObject("Object Repository/Texting/Page_Local Moodle Log in to the site/input_Username_username"), "hs01"): Text 'hs01' is set on object 'Object Repository/Texting/Page_Local Moodle Log in to the site/input_Username_username'

2022-01-16 20:19:13 - [MESSAGE][PASSED] - Text 'hs01' is set on object 'Object Repository/Texting/Page_Local Moodle Log in to the site/input_Username_username'

2022-01-16 20:19:13 - [TEST_STEP][PASSED] - setEncryptedText(findTestObject("Object Repository/Texting/Page_Local Moodle Log in to the site/input_Password_password"), "o5TCnEIIWq2SeGQhIMNXLQ=="): Text ****** has been set on object 'Object Repository/Texting/Page_Local Moodle Log in to the site/input_Password_password'

2022-01-16 20:19:14 - [MESSAGE][PASSED] - Text ****** has been set on object 'Object Repository/Texting/Page_Local Moodle Log in to the site/input_Password_password'

2022-01-16 20:19:14 - [TEST_STEP][PASSED] - click(findTestObject("Object Repository/Texting/Page_Local Moodle Log in to the site/button_Log in")): Object: 'Object Repository/Texting/Page_Local Moodle Log in to the site/button_Log in' is clicked on

2022-01-16 20:19:17 - [MESSAGE][PASSED] - Object: 'Object Repository/Texting/Page_Local Moodle Log in to the site/button_Log in' is clicked on

2022-01-16 20:19:17 - [TEST_STEP][PASSED] - click(findTestObject("Object Repository/Texting/Page_Nh ca ti/i_See all_icon fa fa-comment fa-fw")): Object: 'Object Repository/Texting/Page_Nh ca ti/i_See all_icon fa fa-comment fa-fw' is clicked on

2022-01-16 20:19:24 - [MESSAGE][INFO] - Unable to find the element located by 'By.xpath: //a[@id='message-drawer-toggle-61d5836ab0e7961d5836a98d4612']/i'. Please recheck the objects properties to make sure the desired element is located. 

2022-01-16 20:19:24 - [MESSAGE][WARNING] - [SELF-HEALING] Failed to find element with id 'Object Repository/Texting/Page_Nh ca ti/i_See all_icon fa fa-comment fa-fw'. Try using Self-healing.

2022-01-16 20:19:24 - [MESSAGE][WARNING] - [SELF-HEALING] The current locator of test object 'Object Repository/Texting/Page_Nh ca ti/i_See all_icon fa fa-comment fa-fw' was broken. Propose an alternative one: '//div[2]/a/i'.

2022-01-16 20:19:24 - [MESSAGE][PASSED] - Object: 'Object Repository/Texting/Page_Nh ca ti/i_See all_icon fa fa-comment fa-fw' is clicked on

2022-01-16 20:19:24 - [TEST_STEP][PASSED] - setText(findTestObject("Object Repository/Texting/Page_Nh ca ti/input_Messages selected_form-control"), "Lê"): Text 'Lê' is set on object 'Object Repository/Texting/Page_Nh ca ti/input_Messages selected_form-control'

2022-01-16 20:19:26 - [MESSAGE][PASSED] - Text 'Lê' is set on object 'Object Repository/Texting/Page_Nh ca ti/input_Messages selected_form-control'

2022-01-16 20:19:26 - [TEST_STEP][PASSED] - click(findTestObject("Object Repository/Texting/Page_Nh ca ti/i_Messages selected_icon fa fa-search fa-fw_1_2")): Object: 'Object Repository/Texting/Page_Nh ca ti/i_Messages selected_icon fa fa-search fa-fw_1_2' is clicked on

2022-01-16 20:19:32 - [MESSAGE][INFO] - Unable to find the element located by 'By.xpath: //div[@id='yui_3_17_2_1_1641380882152_209']/div[4]/div/div/div/button/span/i'. Please recheck the objects properties to make sure the desired element is located. 

2022-01-16 20:19:32 - [MESSAGE][WARNING] - [SELF-HEALING] Failed to find element with id 'Object Repository/Texting/Page_Nh ca ti/i_Messages selected_icon fa fa-search fa-fw_1_2'. Try using Self-healing.

2022-01-16 20:19:32 - [MESSAGE][WARNING] - [SELF-HEALING] The current locator of test object 'Object Repository/Texting/Page_Nh ca ti/i_Messages selected_icon fa fa-search fa-fw_1_2' was broken. Propose an alternative one: '//button/span/i'.

2022-01-16 20:19:33 - [MESSAGE][PASSED] - Object: 'Object Repository/Texting/Page_Nh ca ti/i_Messages selected_icon fa fa-search fa-fw_1_2' is clicked on

2022-01-16 20:19:33 - [TEST_STEP][FAILED] - click(findTestObject("Object Repository/Texting/Page_Nh ca ti/h6_Cng Bnh L")): Unable to click on object 'Object Repository/Texting/Page_Nh ca ti/h6_Cng Bnh L' (Root cause: com.kms.katalon.core.exception.StepFailedException: Unable to click on object 'Object Repository/Texting/Page_Nh ca ti/h6_Cng Bnh L'
	at com.kms.katalon.core.webui.keyword.internal.WebUIKeywordMain.stepFailed(WebUIKeywordMain.groovy:64)
	at com.kms.katalon.core.webui.keyword.internal.WebUIKeywordMain.runKeyword(WebUIKeywordMain.groovy:26)
	at com.kms.katalon.core.webui.keyword.builtin.ClickKeyword.click(ClickKeyword.groovy:74)
	at com.kms.katalon.core.webui.keyword.builtin.ClickKeyword.execute(ClickKeyword.groovy:40)
	at com.kms.katalon.core.keyword.internal.KeywordExecutor.executeKeywordForPlatform(KeywordExecutor.groovy:74)
	at com.kms.katalon.core.webui.keyword.WebUiBuiltInKeywords.click(WebUiBuiltInKeywords.groovy:620)
	at com.kms.katalon.core.webui.keyword.WebUiBuiltInKeywords$click$1.call(Unknown Source)
	at Receive text message from multiple users.run(Receive text message from multiple users:71)
	at com.kms.katalon.core.main.ScriptEngine.run(ScriptEngine.java:194)
	at com.kms.katalon.core.main.ScriptEngine.runScriptAsRawText(ScriptEngine.java:119)
	at com.kms.katalon.core.main.TestCaseExecutor.runScript(TestCaseExecutor.java:442)
	at com.kms.katalon.core.main.TestCaseExecutor.doExecute(TestCaseExecutor.java:433)
	at com.kms.katalon.core.main.TestCaseExecutor.processExecutionPhase(TestCaseExecutor.java:412)
	at com.kms.katalon.core.main.TestCaseExecutor.accessMainPhase(TestCaseExecutor.java:404)
	at com.kms.katalon.core.main.TestCaseExecutor.execute(TestCaseExecutor.java:281)
	at com.kms.katalon.core.main.TestCaseExecutor.execute(TestCaseExecutor.java:363)
	at com.kms.katalon.core.main.TestCaseExecutor.execute(TestCaseExecutor.java:363)
	at com.kms.katalon.core.main.TestCaseExecutor.execute(TestCaseExecutor.java:363)
	at com.kms.katalon.core.main.TestSuiteExecutor.accessTestCaseMainPhase(TestSuiteExecutor.java:202)
	at com.kms.katalon.core.main.TestSuiteExecutor.accessTestSuiteMainPhase(TestSuiteExecutor.java:164)
	at com.kms.katalon.core.main.TestSuiteExecutor.execute(TestSuiteExecutor.java:105)
	at com.kms.katalon.core.main.TestCaseMain.startTestSuite(TestCaseMain.java:181)
	at com.kms.katalon.core.main.TestCaseMain$startTestSuite$0.call(Unknown Source)
	at TempTestSuite1642335656208.run(TempTestSuite1642335656208.groovy:36)
Caused by: com.kms.katalon.core.webui.exception.WebElementNotFoundException: Web element with id: 'Object Repository/Texting/Page_Nh ca ti/h6_Cng Bnh L' located by '//div[@id='yui_3_17_2_1_1641380790278_197']/div[6]/div/div/div/div[2]/div/a/h6' not found
	at com.kms.katalon.core.webui.common.WebUiCommonHelper.findWebElement(WebUiCommonHelper.java:1368)
	at com.kms.katalon.core.webui.keyword.internal.WebUIAbstractKeyword.findWebElement(WebUIAbstractKeyword.groovy:27)
	at com.kms.katalon.core.webui.keyword.builtin.ClickKeyword$_click_closure1.doCall(ClickKeyword.groovy:65)
	at com.kms.katalon.core.webui.keyword.builtin.ClickKeyword$_click_closure1.call(ClickKeyword.groovy)
	at com.kms.katalon.core.webui.keyword.internal.WebUIKeywordMain.runKeyword(WebUIKeywordMain.groovy:20)
	at com.kms.katalon.core.webui.keyword.builtin.ClickKeyword.click(ClickKeyword.groovy:74)
	at com.kms.katalon.core.webui.keyword.builtin.ClickKeyword.execute(ClickKeyword.groovy:40)
	at com.kms.katalon.core.keyword.internal.KeywordExecutor.executeKeywordForPlatform(KeywordExecutor.groovy:74)
	at com.kms.katalon.core.webui.keyword.WebUiBuiltInKeywords.click(WebUiBuiltInKeywords.groovy:620)
	at com.kms.katalon.core.webui.keyword.WebUiBuiltInKeywords$click$1.call(Unknown Source)
	at Script1641380393371.run(Script1641380393371.groovy:71)
	... 16 more
)

2022-01-16 20:19:39 - [MESSAGE][INFO] - Unable to find the element located by 'By.xpath: //div[@id='yui_3_17_2_1_1641380790278_197']/div[6]/div/div/div/div[2]/div/a/h6'. Please recheck the objects properties to make sure the desired element is located. 

2022-01-16 20:19:39 - [MESSAGE][WARNING] - [SELF-HEALING] Failed to find element with id 'Object Repository/Texting/Page_Nh ca ti/h6_Cng Bnh L'. Try using Self-healing.

2022-01-16 20:19:40 - [MESSAGE][INFO] - Unable to find the element located by 'By.xpath: (.//*[normalize-space(text()) and normalize-space(.)='Non-contacts'])[1]/following::h6[1]'. Please recheck the objects properties to make sure the desired element is located. 

2022-01-16 20:19:40 - [MESSAGE][INFO] - [SELF-HEALING] Failed Locator: '//div[@id='yui_3_17_2_1_1641380790278_197']/div[6]/div/div/div/div[2]/div/a/h6'.

2022-01-16 20:19:41 - [MESSAGE][INFO] - [SELF-HEALING] Failed Locator: '(.//*[normalize-space(text()) and normalize-space(.)='Non-contacts'])[1]/following::h6[1]'.

2022-01-16 20:19:41 - [MESSAGE][INFO] - [SELF-HEALING] Failed Locator: '(.//*[normalize-space(text()) and normalize-space(.)='Liên lạc'])[3]/following::h6[1]'.

2022-01-16 20:19:41 - [MESSAGE][INFO] - [SELF-HEALING] Working Locator: '(.//*[normalize-space(text()) and normalize-space(.)='Load more'])[1]/preceding::h6[1]'.

2022-01-16 20:19:41 - [MESSAGE][ERROR] - [SELF-HEALING] Cannot save screenshot to: C:\xampp\htdocs\moodle\Test Automation - SE Bonus\Reports\Self-healing, reason: unknown error: unhandled inspector error: {"code":-32000,"message":"Cannot take screenshot with 0 width."}
  (Session info: MicrosoftEdge=97.0.1072.62)
Build info: version: '3.141.59', revision: 'e82be7d358', time: '2018-11-14T08:25:53'
System info: host: 'DESKTOP-11TAGP6', ip: '192.168.56.1', os.name: 'Windows 10', os.arch: 'amd64', os.version: '10.0', java.version: '1.8.0_282'
Driver info: com.kms.katalon.selenium.driver.CEdgeDriver
Capabilities {acceptInsecureCerts: false, browserName: msedge, browserVersion: 97.0.1072.62, javascriptEnabled: true, ms:edgeOptions: {debuggerAddress: localhost:60087}, msedge: {msedgedriverVersion: 97.0.1072.55 (ce3bf33648805..., userDataDir: C:\Users\W10\AppData\Local\...}, networkConnectionEnabled: false, pageLoadStrategy: normal, platform: WINDOWS, platformName: WINDOWS, proxy: Proxy(), setWindowRect: true, strictFileInteractability: false, timeouts: {implicit: 0, pageLoad: 300000, script: 30000}, unhandledPromptBehavior: dismiss and notify, webauthn:extension:credBlob: true, webauthn:extension:largeBlob: true, webauthn:virtualAuthenticators: true}
Session ID: 70897417a13cd1d500ab3f66e95dd3d5.

2022-01-16 20:19:41 - [MESSAGE][ERROR] - [SELF-HEALING] Cannot save screenshot to: C:\xampp\htdocs\moodle\Test Automation - SE Bonus\Reports\Self-healing, reason: unknown error: unhandled inspector error: {"code":-32000,"message":"Cannot take screenshot with 0 width."}
  (Session info: MicrosoftEdge=97.0.1072.62)
Build info: version: '3.141.59', revision: 'e82be7d358', time: '2018-11-14T08:25:53'
System info: host: 'DESKTOP-11TAGP6', ip: '192.168.56.1', os.name: 'Windows 10', os.arch: 'amd64', os.version: '10.0', java.version: '1.8.0_282'
Driver info: com.kms.katalon.selenium.driver.CEdgeDriver
Capabilities {acceptInsecureCerts: false, browserName: msedge, browserVersion: 97.0.1072.62, javascriptEnabled: true, ms:edgeOptions: {debuggerAddress: localhost:60087}, msedge: {msedgedriverVersion: 97.0.1072.55 (ce3bf33648805..., userDataDir: C:\Users\W10\AppData\Local\...}, networkConnectionEnabled: false, pageLoadStrategy: normal, platform: WINDOWS, platformName: WINDOWS, proxy: Proxy(), setWindowRect: true, strictFileInteractability: false, timeouts: {implicit: 0, pageLoad: 300000, script: 30000}, unhandledPromptBehavior: dismiss and notify, webauthn:extension:credBlob: true, webauthn:extension:largeBlob: true, webauthn:virtualAuthenticators: true}
Session ID: 70897417a13cd1d500ab3f66e95dd3d5.

2022-01-16 20:19:41 - [MESSAGE][WARNING] - [SELF-HEALING] 'other' is different type of Path

2022-01-16 20:19:43 - [MESSAGE][INFO] - Unable to find the element located by 'By.xpath: //*[(text() = 'Công Bình Lê' or . = 'Công Bình Lê')]'. Please recheck the objects properties to make sure the desired element is located. 

2022-01-16 20:19:44 - [MESSAGE][INFO] - Unable to find the element located by 'By.cssSelector: h6.ml-2.font-weight-bold'. Please recheck the objects properties to make sure the desired element is located. 

2022-01-16 20:19:44 - [MESSAGE][FAILED] - Unable to click on object 'Object Repository/Texting/Page_Nh ca ti/h6_Cng Bnh L' (Root cause: com.kms.katalon.core.exception.StepFailedException: Unable to click on object 'Object Repository/Texting/Page_Nh ca ti/h6_Cng Bnh L'
	at com.kms.katalon.core.webui.keyword.internal.WebUIKeywordMain.stepFailed(WebUIKeywordMain.groovy:64)
	at com.kms.katalon.core.webui.keyword.internal.WebUIKeywordMain.runKeyword(WebUIKeywordMain.groovy:26)
	at com.kms.katalon.core.webui.keyword.builtin.ClickKeyword.click(ClickKeyword.groovy:74)
	at com.kms.katalon.core.webui.keyword.builtin.ClickKeyword.execute(ClickKeyword.groovy:40)
	at com.kms.katalon.core.keyword.internal.KeywordExecutor.executeKeywordForPlatform(KeywordExecutor.groovy:74)
	at com.kms.katalon.core.webui.keyword.WebUiBuiltInKeywords.click(WebUiBuiltInKeywords.groovy:620)
	at com.kms.katalon.core.webui.keyword.WebUiBuiltInKeywords$click$1.call(Unknown Source)
	at Receive text message from multiple users.run(Receive text message from multiple users:71)
	at com.kms.katalon.core.main.ScriptEngine.run(ScriptEngine.java:194)
	at com.kms.katalon.core.main.ScriptEngine.runScriptAsRawText(ScriptEngine.java:119)
	at com.kms.katalon.core.main.TestCaseExecutor.runScript(TestCaseExecutor.java:442)
	at com.kms.katalon.core.main.TestCaseExecutor.doExecute(TestCaseExecutor.java:433)
	at com.kms.katalon.core.main.TestCaseExecutor.processExecutionPhase(TestCaseExecutor.java:412)
	at com.kms.katalon.core.main.TestCaseExecutor.accessMainPhase(TestCaseExecutor.java:404)
	at com.kms.katalon.core.main.TestCaseExecutor.execute(TestCaseExecutor.java:281)
	at com.kms.katalon.core.main.TestCaseExecutor.execute(TestCaseExecutor.java:363)
	at com.kms.katalon.core.main.TestCaseExecutor.execute(TestCaseExecutor.java:363)
	at com.kms.katalon.core.main.TestCaseExecutor.execute(TestCaseExecutor.java:363)
	at com.kms.katalon.core.main.TestSuiteExecutor.accessTestCaseMainPhase(TestSuiteExecutor.java:202)
	at com.kms.katalon.core.main.TestSuiteExecutor.accessTestSuiteMainPhase(TestSuiteExecutor.java:164)
	at com.kms.katalon.core.main.TestSuiteExecutor.execute(TestSuiteExecutor.java:105)
	at com.kms.katalon.core.main.TestCaseMain.startTestSuite(TestCaseMain.java:181)
	at com.kms.katalon.core.main.TestCaseMain$startTestSuite$0.call(Unknown Source)
	at TempTestSuite1642335656208.run(TempTestSuite1642335656208.groovy:36)
Caused by: com.kms.katalon.core.webui.exception.WebElementNotFoundException: Web element with id: 'Object Repository/Texting/Page_Nh ca ti/h6_Cng Bnh L' located by '//div[@id='yui_3_17_2_1_1641380790278_197']/div[6]/div/div/div/div[2]/div/a/h6' not found
	at com.kms.katalon.core.webui.common.WebUiCommonHelper.findWebElement(WebUiCommonHelper.java:1368)
	at com.kms.katalon.core.webui.keyword.internal.WebUIAbstractKeyword.findWebElement(WebUIAbstractKeyword.groovy:27)
	at com.kms.katalon.core.webui.keyword.builtin.ClickKeyword$_click_closure1.doCall(ClickKeyword.groovy:65)
	at com.kms.katalon.core.webui.keyword.builtin.ClickKeyword$_click_closure1.call(ClickKeyword.groovy)
	at com.kms.katalon.core.webui.keyword.internal.WebUIKeywordMain.runKeyword(WebUIKeywordMain.groovy:20)
	at com.kms.katalon.core.webui.keyword.builtin.ClickKeyword.click(ClickKeyword.groovy:74)
	at com.kms.katalon.core.webui.keyword.builtin.ClickKeyword.execute(ClickKeyword.groovy:40)
	at com.kms.katalon.core.keyword.internal.KeywordExecutor.executeKeywordForPlatform(KeywordExecutor.groovy:74)
	at com.kms.katalon.core.webui.keyword.WebUiBuiltInKeywords.click(WebUiBuiltInKeywords.groovy:620)
	at com.kms.katalon.core.webui.keyword.WebUiBuiltInKeywords$click$1.call(Unknown Source)
	at Script1641380393371.run(Script1641380393371.groovy:71)
	... 16 more
)
[[ATTACHMENT|C:\\xampp\\htdocs\\moodle\\Test Automation - SE Bonus\\Reports\\20220116_192056\\Run All Test Cases\\20220116_192056\\1642339184181.png]]]]></system-out>
         <system-err><![CDATA[2022-01-16 20:17:53 - [TEST_CASE][FAILED] - Test Cases/Texting/Receive text message from multiple users: Test Cases/Texting/Receive text message from multiple users FAILED.
Reason:
com.kms.katalon.core.exception.StepFailedException: Unable to click on object 'Object Repository/Texting/Page_Nh ca ti/h6_Cng Bnh L'
	at com.kms.katalon.core.webui.keyword.internal.WebUIKeywordMain.stepFailed(WebUIKeywordMain.groovy:64)
	at com.kms.katalon.core.webui.keyword.internal.WebUIKeywordMain.runKeyword(WebUIKeywordMain.groovy:26)
	at com.kms.katalon.core.webui.keyword.builtin.ClickKeyword.click(ClickKeyword.groovy:74)
	at com.kms.katalon.core.webui.keyword.builtin.ClickKeyword.execute(ClickKeyword.groovy:40)
	at com.kms.katalon.core.keyword.internal.KeywordExecutor.executeKeywordForPlatform(KeywordExecutor.groovy:74)
	at com.kms.katalon.core.webui.keyword.WebUiBuiltInKeywords.click(WebUiBuiltInKeywords.groovy:620)
	at com.kms.katalon.core.webui.keyword.WebUiBuiltInKeywords$click$1.call(Unknown Source)
	at Receive text message from multiple users.run(Receive text message from multiple users:71)
	at com.kms.katalon.core.main.ScriptEngine.run(ScriptEngine.java:194)
	at com.kms.katalon.core.main.ScriptEngine.runScriptAsRawText(ScriptEngine.java:119)
	at com.kms.katalon.core.main.TestCaseExecutor.runScript(TestCaseExecutor.java:442)
	at com.kms.katalon.core.main.TestCaseExecutor.doExecute(TestCaseExecutor.java:433)
	at com.kms.katalon.core.main.TestCaseExecutor.processExecutionPhase(TestCaseExecutor.java:412)
	at com.kms.katalon.core.main.TestCaseExecutor.accessMainPhase(TestCaseExecutor.java:404)
	at com.kms.katalon.core.main.TestCaseExecutor.execute(TestCaseExecutor.java:281)
	at com.kms.katalon.core.main.TestCaseExecutor.execute(TestCaseExecutor.java:363)
	at com.kms.katalon.core.main.TestCaseExecutor.execute(TestCaseExecutor.java:363)
	at com.kms.katalon.core.main.TestCaseExecutor.execute(TestCaseExecutor.java:363)
	at com.kms.katalon.core.main.TestSuiteExecutor.accessTestCaseMainPhase(TestSuiteExecutor.java:202)
	at com.kms.katalon.core.main.TestSuiteExecutor.accessTestSuiteMainPhase(TestSuiteExecutor.java:164)
	at com.kms.katalon.core.main.TestSuiteExecutor.execute(TestSuiteExecutor.java:105)
	at com.kms.katalon.core.main.TestCaseMain.startTestSuite(TestCaseMain.java:181)
	at com.kms.katalon.core.main.TestCaseMain$startTestSuite$0.call(Unknown Source)
	at TempTestSuite1642335656208.run(TempTestSuite1642335656208.groovy:36)
Caused by: com.kms.katalon.core.webui.exception.WebElementNotFoundException: Web element with id: 'Object Repository/Texting/Page_Nh ca ti/h6_Cng Bnh L' located by '//div[@id='yui_3_17_2_1_1641380790278_197']/div[6]/div/div/div/div[2]/div/a/h6' not found
	at com.kms.katalon.core.webui.common.WebUiCommonHelper.findWebElement(WebUiCommonHelper.java:1368)
	at com.kms.katalon.core.webui.keyword.internal.WebUIAbstractKeyword.findWebElement(WebUIAbstractKeyword.groovy:27)
	at com.kms.katalon.core.webui.keyword.builtin.ClickKeyword$_click_closure1.doCall(ClickKeyword.groovy:65)
	at com.kms.katalon.core.webui.keyword.builtin.ClickKeyword$_click_closure1.call(ClickKeyword.groovy)
	at com.kms.katalon.core.webui.keyword.internal.WebUIKeywordMain.runKeyword(WebUIKeywordMain.groovy:20)
	... 22 more]]></system-err>
      </testcase>
      <testcase name="Test Cases/Texting/Student texts teacher" time="51.941" classname="Test Cases/Texting/Student texts teacher" status="FAILED">
         <failure type="FAILED" message="Test Cases/Texting/Student texts teacher FAILED.
Reason:
com.kms.katalon.core.exception.StepFailedException: Unable to click on object 'Object Repository/Texting/Page_Nh ca ti/h6_Cng Bnh L'
	at com.kms.katalon.core.webui.keyword.internal.WebUIKeywordMain.stepFailed(WebUIKeywordMain.groovy:64)
	at com.kms.katalon.core.webui.keyword.internal.WebUIKeywordMain.runKeyword(WebUIKeywordMain.groovy:26)
	at com.kms.katalon.core.webui.keyword.builtin.ClickKeyword.click(ClickKeyword.groovy:74)
	at com.kms.katalon.core.webui.keyword.builtin.ClickKeyword.execute(ClickKeyword.groovy:40)
	at com.kms.katalon.core.keyword.internal.KeywordExecutor.executeKeywordForPlatform(KeywordExecutor.groovy:74)
	at com.kms.katalon.core.webui.keyword.WebUiBuiltInKeywords.click(WebUiBuiltInKeywords.groovy:620)
	at com.kms.katalon.core.webui.keyword.WebUiBuiltInKeywords$click$1.call(Unknown Source)
	at Student texts teacher.run(Student texts teacher:44)
	at com.kms.katalon.core.main.ScriptEngine.run(ScriptEngine.java:194)
	at com.kms.katalon.core.main.ScriptEngine.runScriptAsRawText(ScriptEngine.java:119)
	at com.kms.katalon.core.main.TestCaseExecutor.runScript(TestCaseExecutor.java:442)
	at com.kms.katalon.core.main.TestCaseExecutor.doExecute(TestCaseExecutor.java:433)
	at com.kms.katalon.core.main.TestCaseExecutor.processExecutionPhase(TestCaseExecutor.java:412)
	at com.kms.katalon.core.main.TestCaseExecutor.accessMainPhase(TestCaseExecutor.java:404)
	at com.kms.katalon.core.main.TestCaseExecutor.execute(TestCaseExecutor.java:281)
	at com.kms.katalon.core.main.TestCaseExecutor.execute(TestCaseExecutor.java:363)
	at com.kms.katalon.core.main.TestCaseExecutor.execute(TestCaseExecutor.java:363)
	at com.kms.katalon.core.main.TestCaseExecutor.execute(TestCaseExecutor.java:363)
	at com.kms.katalon.core.main.TestSuiteExecutor.accessTestCaseMainPhase(TestSuiteExecutor.java:202)
	at com.kms.katalon.core.main.TestSuiteExecutor.accessTestSuiteMainPhase(TestSuiteExecutor.java:164)
	at com.kms.katalon.core.main.TestSuiteExecutor.execute(TestSuiteExecutor.java:105)
	at com.kms.katalon.core.main.TestCaseMain.startTestSuite(TestCaseMain.java:181)
	at com.kms.katalon.core.main.TestCaseMain$startTestSuite$0.call(Unknown Source)
	at TempTestSuite1642335656208.run(TempTestSuite1642335656208.groovy:36)
Caused by: com.kms.katalon.core.webui.exception.WebElementNotFoundException: Web element with id: 'Object Repository/Texting/Page_Nh ca ti/h6_Cng Bnh L' located by '//div[@id='yui_3_17_2_1_1641380790278_197']/div[6]/div/div/div/div[2]/div/a/h6' not found
	at com.kms.katalon.core.webui.common.WebUiCommonHelper.findWebElement(WebUiCommonHelper.java:1368)
	at com.kms.katalon.core.webui.keyword.internal.WebUIAbstractKeyword.findWebElement(WebUIAbstractKeyword.groovy:27)
	at com.kms.katalon.core.webui.keyword.builtin.ClickKeyword$_click_closure1.doCall(ClickKeyword.groovy:65)
	at com.kms.katalon.core.webui.keyword.builtin.ClickKeyword$_click_closure1.call(ClickKeyword.groovy)
	at com.kms.katalon.core.webui.keyword.internal.WebUIKeywordMain.runKeyword(WebUIKeywordMain.groovy:20)
	... 22 more
"/>
         <system-out><![CDATA[2022-01-16 20:22:29 - [TEST_CASE][FAILED] - Test Cases/Texting/Student texts teacher: Test Cases/Texting/Student texts teacher FAILED.
Reason:
com.kms.katalon.core.exception.StepFailedException: Unable to click on object 'Object Repository/Texting/Page_Nh ca ti/h6_Cng Bnh L'
	at com.kms.katalon.core.webui.keyword.internal.WebUIKeywordMain.stepFailed(WebUIKeywordMain.groovy:64)
	at com.kms.katalon.core.webui.keyword.internal.WebUIKeywordMain.runKeyword(WebUIKeywordMain.groovy:26)
	at com.kms.katalon.core.webui.keyword.builtin.ClickKeyword.click(ClickKeyword.groovy:74)
	at com.kms.katalon.core.webui.keyword.builtin.ClickKeyword.execute(ClickKeyword.groovy:40)
	at com.kms.katalon.core.keyword.internal.KeywordExecutor.executeKeywordForPlatform(KeywordExecutor.groovy:74)
	at com.kms.katalon.core.webui.keyword.WebUiBuiltInKeywords.click(WebUiBuiltInKeywords.groovy:620)
	at com.kms.katalon.core.webui.keyword.WebUiBuiltInKeywords$click$1.call(Unknown Source)
	at Student texts teacher.run(Student texts teacher:44)
	at com.kms.katalon.core.main.ScriptEngine.run(ScriptEngine.java:194)
	at com.kms.katalon.core.main.ScriptEngine.runScriptAsRawText(ScriptEngine.java:119)
	at com.kms.katalon.core.main.TestCaseExecutor.runScript(TestCaseExecutor.java:442)
	at com.kms.katalon.core.main.TestCaseExecutor.doExecute(TestCaseExecutor.java:433)
	at com.kms.katalon.core.main.TestCaseExecutor.processExecutionPhase(TestCaseExecutor.java:412)
	at com.kms.katalon.core.main.TestCaseExecutor.accessMainPhase(TestCaseExecutor.java:404)
	at com.kms.katalon.core.main.TestCaseExecutor.execute(TestCaseExecutor.java:281)
	at com.kms.katalon.core.main.TestCaseExecutor.execute(TestCaseExecutor.java:363)
	at com.kms.katalon.core.main.TestCaseExecutor.execute(TestCaseExecutor.java:363)
	at com.kms.katalon.core.main.TestCaseExecutor.execute(TestCaseExecutor.java:363)
	at com.kms.katalon.core.main.TestSuiteExecutor.accessTestCaseMainPhase(TestSuiteExecutor.java:202)
	at com.kms.katalon.core.main.TestSuiteExecutor.accessTestSuiteMainPhase(TestSuiteExecutor.java:164)
	at com.kms.katalon.core.main.TestSuiteExecutor.execute(TestSuiteExecutor.java:105)
	at com.kms.katalon.core.main.TestCaseMain.startTestSuite(TestCaseMain.java:181)
	at com.kms.katalon.core.main.TestCaseMain$startTestSuite$0.call(Unknown Source)
	at TempTestSuite1642335656208.run(TempTestSuite1642335656208.groovy:36)
Caused by: com.kms.katalon.core.webui.exception.WebElementNotFoundException: Web element with id: 'Object Repository/Texting/Page_Nh ca ti/h6_Cng Bnh L' located by '//div[@id='yui_3_17_2_1_1641380790278_197']/div[6]/div/div/div/div[2]/div/a/h6' not found
	at com.kms.katalon.core.webui.common.WebUiCommonHelper.findWebElement(WebUiCommonHelper.java:1368)
	at com.kms.katalon.core.webui.keyword.internal.WebUIAbstractKeyword.findWebElement(WebUIAbstractKeyword.groovy:27)
	at com.kms.katalon.core.webui.keyword.builtin.ClickKeyword$_click_closure1.doCall(ClickKeyword.groovy:65)
	at com.kms.katalon.core.webui.keyword.builtin.ClickKeyword$_click_closure1.call(ClickKeyword.groovy)
	at com.kms.katalon.core.webui.keyword.internal.WebUIKeywordMain.runKeyword(WebUIKeywordMain.groovy:20)
	... 22 more


2022-01-16 20:22:29 - [TEST_STEP][PASSED] - openBrowser(""): Browser is opened with url: ''

2022-01-16 20:22:29 - [MESSAGE][WARNING] - A browser is already opened. Closing browser and opening a new one

2022-01-16 20:22:30 - [MESSAGE][INFO] - Starting 'Edge Chromium' driver

2022-01-16 20:22:33 - [MESSAGE][INFO] - Action delay is set to 0 milliseconds

2022-01-16 20:22:34 - [MESSAGE][PASSED] - Browser is opened with url: ''

2022-01-16 20:22:34 - [TEST_STEP][PASSED] - navigateToUrl("http://localhost/"): Navigate to 'http://localhost/' successfully

2022-01-16 20:22:36 - [MESSAGE][PASSED] - Navigate to 'http://localhost/' successfully

2022-01-16 20:22:36 - [TEST_STEP][PASSED] - click(findTestObject("Object Repository/Texting/Page_Local Moodle/a_Log in")): Object: 'Object Repository/Texting/Page_Local Moodle/a_Log in' is clicked on

2022-01-16 20:22:37 - [MESSAGE][PASSED] - Object: 'Object Repository/Texting/Page_Local Moodle/a_Log in' is clicked on

2022-01-16 20:22:37 - [TEST_STEP][PASSED] - setText(findTestObject("Object Repository/Texting/Page_Local Moodle Log in to the site/input_Username_username"), "hs01"): Text 'hs01' is set on object 'Object Repository/Texting/Page_Local Moodle Log in to the site/input_Username_username'

2022-01-16 20:22:38 - [MESSAGE][PASSED] - Text 'hs01' is set on object 'Object Repository/Texting/Page_Local Moodle Log in to the site/input_Username_username'

2022-01-16 20:22:38 - [TEST_STEP][PASSED] - setEncryptedText(findTestObject("Object Repository/Texting/Page_Local Moodle Log in to the site/input_Password_password"), "o5TCnEIIWq2SeGQhIMNXLQ=="): Text ****** has been set on object 'Object Repository/Texting/Page_Local Moodle Log in to the site/input_Password_password'

2022-01-16 20:22:39 - [MESSAGE][PASSED] - Text ****** has been set on object 'Object Repository/Texting/Page_Local Moodle Log in to the site/input_Password_password'

2022-01-16 20:22:39 - [TEST_STEP][PASSED] - click(findTestObject("Object Repository/Texting/Page_Local Moodle Log in to the site/button_Log in")): Object: 'Object Repository/Texting/Page_Local Moodle Log in to the site/button_Log in' is clicked on

2022-01-16 20:22:41 - [MESSAGE][PASSED] - Object: 'Object Repository/Texting/Page_Local Moodle Log in to the site/button_Log in' is clicked on

2022-01-16 20:22:41 - [TEST_STEP][PASSED] - verifyElementClickable(findTestObject("Object Repository/Texting/Page_Nh ca ti/i_See all_icon fa fa-comment fa-fw")): Object 'Object Repository/Texting/Page_Nh ca ti/i_See all_icon fa fa-comment fa-fw' is clickable

2022-01-16 20:22:47 - [MESSAGE][INFO] - Unable to find the element located by 'By.xpath: //a[@id='message-drawer-toggle-61d5836ab0e7961d5836a98d4612']/i'. Please recheck the objects properties to make sure the desired element is located. 

2022-01-16 20:22:47 - [MESSAGE][WARNING] - [SELF-HEALING] Failed to find element with id 'Object Repository/Texting/Page_Nh ca ti/i_See all_icon fa fa-comment fa-fw'. Try using Self-healing.

2022-01-16 20:22:48 - [MESSAGE][WARNING] - [SELF-HEALING] The current locator of test object 'Object Repository/Texting/Page_Nh ca ti/i_See all_icon fa fa-comment fa-fw' was broken. Propose an alternative one: '//div[2]/a/i'.

2022-01-16 20:22:48 - [MESSAGE][PASSED] - Object 'Object Repository/Texting/Page_Nh ca ti/i_See all_icon fa fa-comment fa-fw' is clickable

2022-01-16 20:22:48 - [TEST_STEP][PASSED] - click(findTestObject("Object Repository/Texting/Page_Nh ca ti/i_See all_icon fa fa-comment fa-fw")): Object: 'Object Repository/Texting/Page_Nh ca ti/i_See all_icon fa fa-comment fa-fw' is clicked on

2022-01-16 20:22:54 - [MESSAGE][INFO] - Unable to find the element located by 'By.xpath: //a[@id='message-drawer-toggle-61d5836ab0e7961d5836a98d4612']/i'. Please recheck the objects properties to make sure the desired element is located. 

2022-01-16 20:22:54 - [MESSAGE][WARNING] - [SELF-HEALING] Failed to find element with id 'Object Repository/Texting/Page_Nh ca ti/i_See all_icon fa fa-comment fa-fw'. Try using Self-healing.

2022-01-16 20:22:54 - [MESSAGE][WARNING] - [SELF-HEALING] The current locator of test object 'Object Repository/Texting/Page_Nh ca ti/i_See all_icon fa fa-comment fa-fw' was broken. Propose an alternative one: '//div[2]/a/i'.

2022-01-16 20:22:55 - [MESSAGE][PASSED] - Object: 'Object Repository/Texting/Page_Nh ca ti/i_See all_icon fa fa-comment fa-fw' is clicked on

2022-01-16 20:22:55 - [TEST_STEP][PASSED] - setText(findTestObject("Object Repository/Texting/Page_Nh ca ti/input_Messages selected_form-control"), "Lê"): Text 'Lê' is set on object 'Object Repository/Texting/Page_Nh ca ti/input_Messages selected_form-control'

2022-01-16 20:22:56 - [MESSAGE][PASSED] - Text 'Lê' is set on object 'Object Repository/Texting/Page_Nh ca ti/input_Messages selected_form-control'

2022-01-16 20:22:56 - [TEST_STEP][PASSED] - verifyElementClickable(findTestObject("Object Repository/Texting/Page_Nh ca ti/i_Messages selected_icon fa fa-search fa-fw")): Object 'Object Repository/Texting/Page_Nh ca ti/i_Messages selected_icon fa fa-search fa-fw' is clickable

2022-01-16 20:23:03 - [MESSAGE][INFO] - Unable to find the element located by 'By.xpath: //div[@id='yui_3_17_2_1_1641380622208_201']/div[4]/div/div/div/button/span/i'. Please recheck the objects properties to make sure the desired element is located. 

2022-01-16 20:23:03 - [MESSAGE][WARNING] - [SELF-HEALING] Failed to find element with id 'Object Repository/Texting/Page_Nh ca ti/i_Messages selected_icon fa fa-search fa-fw'. Try using Self-healing.

2022-01-16 20:23:03 - [MESSAGE][WARNING] - [SELF-HEALING] The current locator of test object 'Object Repository/Texting/Page_Nh ca ti/i_Messages selected_icon fa fa-search fa-fw' was broken. Propose an alternative one: '//button/span/i'.

2022-01-16 20:23:03 - [MESSAGE][PASSED] - Object 'Object Repository/Texting/Page_Nh ca ti/i_Messages selected_icon fa fa-search fa-fw' is clickable

2022-01-16 20:23:03 - [TEST_STEP][PASSED] - click(findTestObject("Object Repository/Texting/Page_Nh ca ti/i_Messages selected_icon fa fa-search fa-fw")): Object: 'Object Repository/Texting/Page_Nh ca ti/i_Messages selected_icon fa fa-search fa-fw' is clicked on

2022-01-16 20:23:09 - [MESSAGE][INFO] - Unable to find the element located by 'By.xpath: //div[@id='yui_3_17_2_1_1641380622208_201']/div[4]/div/div/div/button/span/i'. Please recheck the objects properties to make sure the desired element is located. 

2022-01-16 20:23:09 - [MESSAGE][WARNING] - [SELF-HEALING] Failed to find element with id 'Object Repository/Texting/Page_Nh ca ti/i_Messages selected_icon fa fa-search fa-fw'. Try using Self-healing.

2022-01-16 20:23:09 - [MESSAGE][WARNING] - [SELF-HEALING] The current locator of test object 'Object Repository/Texting/Page_Nh ca ti/i_Messages selected_icon fa fa-search fa-fw' was broken. Propose an alternative one: '//button/span/i'.

2022-01-16 20:23:09 - [MESSAGE][PASSED] - Object: 'Object Repository/Texting/Page_Nh ca ti/i_Messages selected_icon fa fa-search fa-fw' is clicked on

2022-01-16 20:23:09 - [TEST_STEP][FAILED] - click(findTestObject("Object Repository/Texting/Page_Nh ca ti/h6_Cng Bnh L")): Unable to click on object 'Object Repository/Texting/Page_Nh ca ti/h6_Cng Bnh L' (Root cause: com.kms.katalon.core.exception.StepFailedException: Unable to click on object 'Object Repository/Texting/Page_Nh ca ti/h6_Cng Bnh L'
	at com.kms.katalon.core.webui.keyword.internal.WebUIKeywordMain.stepFailed(WebUIKeywordMain.groovy:64)
	at com.kms.katalon.core.webui.keyword.internal.WebUIKeywordMain.runKeyword(WebUIKeywordMain.groovy:26)
	at com.kms.katalon.core.webui.keyword.builtin.ClickKeyword.click(ClickKeyword.groovy:74)
	at com.kms.katalon.core.webui.keyword.builtin.ClickKeyword.execute(ClickKeyword.groovy:40)
	at com.kms.katalon.core.keyword.internal.KeywordExecutor.executeKeywordForPlatform(KeywordExecutor.groovy:74)
	at com.kms.katalon.core.webui.keyword.WebUiBuiltInKeywords.click(WebUiBuiltInKeywords.groovy:620)
	at com.kms.katalon.core.webui.keyword.WebUiBuiltInKeywords$click$1.call(Unknown Source)
	at Student texts teacher.run(Student texts teacher:44)
	at com.kms.katalon.core.main.ScriptEngine.run(ScriptEngine.java:194)
	at com.kms.katalon.core.main.ScriptEngine.runScriptAsRawText(ScriptEngine.java:119)
	at com.kms.katalon.core.main.TestCaseExecutor.runScript(TestCaseExecutor.java:442)
	at com.kms.katalon.core.main.TestCaseExecutor.doExecute(TestCaseExecutor.java:433)
	at com.kms.katalon.core.main.TestCaseExecutor.processExecutionPhase(TestCaseExecutor.java:412)
	at com.kms.katalon.core.main.TestCaseExecutor.accessMainPhase(TestCaseExecutor.java:404)
	at com.kms.katalon.core.main.TestCaseExecutor.execute(TestCaseExecutor.java:281)
	at com.kms.katalon.core.main.TestCaseExecutor.execute(TestCaseExecutor.java:363)
	at com.kms.katalon.core.main.TestCaseExecutor.execute(TestCaseExecutor.java:363)
	at com.kms.katalon.core.main.TestCaseExecutor.execute(TestCaseExecutor.java:363)
	at com.kms.katalon.core.main.TestSuiteExecutor.accessTestCaseMainPhase(TestSuiteExecutor.java:202)
	at com.kms.katalon.core.main.TestSuiteExecutor.accessTestSuiteMainPhase(TestSuiteExecutor.java:164)
	at com.kms.katalon.core.main.TestSuiteExecutor.execute(TestSuiteExecutor.java:105)
	at com.kms.katalon.core.main.TestCaseMain.startTestSuite(TestCaseMain.java:181)
	at com.kms.katalon.core.main.TestCaseMain$startTestSuite$0.call(Unknown Source)
	at TempTestSuite1642335656208.run(TempTestSuite1642335656208.groovy:36)
Caused by: com.kms.katalon.core.webui.exception.WebElementNotFoundException: Web element with id: 'Object Repository/Texting/Page_Nh ca ti/h6_Cng Bnh L' located by '//div[@id='yui_3_17_2_1_1641380790278_197']/div[6]/div/div/div/div[2]/div/a/h6' not found
	at com.kms.katalon.core.webui.common.WebUiCommonHelper.findWebElement(WebUiCommonHelper.java:1368)
	at com.kms.katalon.core.webui.keyword.internal.WebUIAbstractKeyword.findWebElement(WebUIAbstractKeyword.groovy:27)
	at com.kms.katalon.core.webui.keyword.builtin.ClickKeyword$_click_closure1.doCall(ClickKeyword.groovy:65)
	at com.kms.katalon.core.webui.keyword.builtin.ClickKeyword$_click_closure1.call(ClickKeyword.groovy)
	at com.kms.katalon.core.webui.keyword.internal.WebUIKeywordMain.runKeyword(WebUIKeywordMain.groovy:20)
	at com.kms.katalon.core.webui.keyword.builtin.ClickKeyword.click(ClickKeyword.groovy:74)
	at com.kms.katalon.core.webui.keyword.builtin.ClickKeyword.execute(ClickKeyword.groovy:40)
	at com.kms.katalon.core.keyword.internal.KeywordExecutor.executeKeywordForPlatform(KeywordExecutor.groovy:74)
	at com.kms.katalon.core.webui.keyword.WebUiBuiltInKeywords.click(WebUiBuiltInKeywords.groovy:620)
	at com.kms.katalon.core.webui.keyword.WebUiBuiltInKeywords$click$1.call(Unknown Source)
	at Script1641370756448.run(Script1641370756448.groovy:44)
	... 16 more
)

2022-01-16 20:23:16 - [MESSAGE][INFO] - Unable to find the element located by 'By.xpath: //div[@id='yui_3_17_2_1_1641380790278_197']/div[6]/div/div/div/div[2]/div/a/h6'. Please recheck the objects properties to make sure the desired element is located. 

2022-01-16 20:23:16 - [MESSAGE][WARNING] - [SELF-HEALING] Failed to find element with id 'Object Repository/Texting/Page_Nh ca ti/h6_Cng Bnh L'. Try using Self-healing.

2022-01-16 20:23:17 - [MESSAGE][INFO] - Unable to find the element located by 'By.xpath: (.//*[normalize-space(text()) and normalize-space(.)='Non-contacts'])[1]/following::h6[1]'. Please recheck the objects properties to make sure the desired element is located. 

2022-01-16 20:23:17 - [MESSAGE][INFO] - [SELF-HEALING] Failed Locator: '//div[@id='yui_3_17_2_1_1641380790278_197']/div[6]/div/div/div/div[2]/div/a/h6'.

2022-01-16 20:23:18 - [MESSAGE][INFO] - [SELF-HEALING] Failed Locator: '(.//*[normalize-space(text()) and normalize-space(.)='Non-contacts'])[1]/following::h6[1]'.

2022-01-16 20:23:18 - [MESSAGE][INFO] - [SELF-HEALING] Failed Locator: '(.//*[normalize-space(text()) and normalize-space(.)='Liên lạc'])[3]/following::h6[1]'.

2022-01-16 20:23:18 - [MESSAGE][INFO] - [SELF-HEALING] Working Locator: '(.//*[normalize-space(text()) and normalize-space(.)='Load more'])[1]/preceding::h6[1]'.

2022-01-16 20:23:18 - [MESSAGE][ERROR] - [SELF-HEALING] Cannot save screenshot to: C:\xampp\htdocs\moodle\Test Automation - SE Bonus\Reports\Self-healing, reason: unknown error: unhandled inspector error: {"code":-32000,"message":"Cannot take screenshot with 0 width."}
  (Session info: MicrosoftEdge=97.0.1072.62)
Build info: version: '3.141.59', revision: 'e82be7d358', time: '2018-11-14T08:25:53'
System info: host: 'DESKTOP-11TAGP6', ip: '192.168.56.1', os.name: 'Windows 10', os.arch: 'amd64', os.version: '10.0', java.version: '1.8.0_282'
Driver info: com.kms.katalon.selenium.driver.CEdgeDriver
Capabilities {acceptInsecureCerts: false, browserName: msedge, browserVersion: 97.0.1072.62, javascriptEnabled: true, ms:edgeOptions: {debuggerAddress: localhost:57917}, msedge: {msedgedriverVersion: 97.0.1072.55 (ce3bf33648805..., userDataDir: C:\Users\W10\AppData\Local\...}, networkConnectionEnabled: false, pageLoadStrategy: normal, platform: WINDOWS, platformName: WINDOWS, proxy: Proxy(), setWindowRect: true, strictFileInteractability: false, timeouts: {implicit: 0, pageLoad: 300000, script: 30000}, unhandledPromptBehavior: dismiss and notify, webauthn:extension:credBlob: true, webauthn:extension:largeBlob: true, webauthn:virtualAuthenticators: true}
Session ID: 2b0f948beca1626f386f30bd77efa9d6.

2022-01-16 20:23:18 - [MESSAGE][ERROR] - [SELF-HEALING] Cannot save screenshot to: C:\xampp\htdocs\moodle\Test Automation - SE Bonus\Reports\Self-healing, reason: unknown error: unhandled inspector error: {"code":-32000,"message":"Cannot take screenshot with 0 width."}
  (Session info: MicrosoftEdge=97.0.1072.62)
Build info: version: '3.141.59', revision: 'e82be7d358', time: '2018-11-14T08:25:53'
System info: host: 'DESKTOP-11TAGP6', ip: '192.168.56.1', os.name: 'Windows 10', os.arch: 'amd64', os.version: '10.0', java.version: '1.8.0_282'
Driver info: com.kms.katalon.selenium.driver.CEdgeDriver
Capabilities {acceptInsecureCerts: false, browserName: msedge, browserVersion: 97.0.1072.62, javascriptEnabled: true, ms:edgeOptions: {debuggerAddress: localhost:57917}, msedge: {msedgedriverVersion: 97.0.1072.55 (ce3bf33648805..., userDataDir: C:\Users\W10\AppData\Local\...}, networkConnectionEnabled: false, pageLoadStrategy: normal, platform: WINDOWS, platformName: WINDOWS, proxy: Proxy(), setWindowRect: true, strictFileInteractability: false, timeouts: {implicit: 0, pageLoad: 300000, script: 30000}, unhandledPromptBehavior: dismiss and notify, webauthn:extension:credBlob: true, webauthn:extension:largeBlob: true, webauthn:virtualAuthenticators: true}
Session ID: 2b0f948beca1626f386f30bd77efa9d6.

2022-01-16 20:23:18 - [MESSAGE][WARNING] - [SELF-HEALING] 'other' is different type of Path

2022-01-16 20:23:20 - [MESSAGE][INFO] - Unable to find the element located by 'By.xpath: //*[(text() = 'Công Bình Lê' or . = 'Công Bình Lê')]'. Please recheck the objects properties to make sure the desired element is located. 

2022-01-16 20:23:21 - [MESSAGE][INFO] - Unable to find the element located by 'By.cssSelector: h6.ml-2.font-weight-bold'. Please recheck the objects properties to make sure the desired element is located. 

2022-01-16 20:23:21 - [MESSAGE][FAILED] - Unable to click on object 'Object Repository/Texting/Page_Nh ca ti/h6_Cng Bnh L' (Root cause: com.kms.katalon.core.exception.StepFailedException: Unable to click on object 'Object Repository/Texting/Page_Nh ca ti/h6_Cng Bnh L'
	at com.kms.katalon.core.webui.keyword.internal.WebUIKeywordMain.stepFailed(WebUIKeywordMain.groovy:64)
	at com.kms.katalon.core.webui.keyword.internal.WebUIKeywordMain.runKeyword(WebUIKeywordMain.groovy:26)
	at com.kms.katalon.core.webui.keyword.builtin.ClickKeyword.click(ClickKeyword.groovy:74)
	at com.kms.katalon.core.webui.keyword.builtin.ClickKeyword.execute(ClickKeyword.groovy:40)
	at com.kms.katalon.core.keyword.internal.KeywordExecutor.executeKeywordForPlatform(KeywordExecutor.groovy:74)
	at com.kms.katalon.core.webui.keyword.WebUiBuiltInKeywords.click(WebUiBuiltInKeywords.groovy:620)
	at com.kms.katalon.core.webui.keyword.WebUiBuiltInKeywords$click$1.call(Unknown Source)
	at Student texts teacher.run(Student texts teacher:44)
	at com.kms.katalon.core.main.ScriptEngine.run(ScriptEngine.java:194)
	at com.kms.katalon.core.main.ScriptEngine.runScriptAsRawText(ScriptEngine.java:119)
	at com.kms.katalon.core.main.TestCaseExecutor.runScript(TestCaseExecutor.java:442)
	at com.kms.katalon.core.main.TestCaseExecutor.doExecute(TestCaseExecutor.java:433)
	at com.kms.katalon.core.main.TestCaseExecutor.processExecutionPhase(TestCaseExecutor.java:412)
	at com.kms.katalon.core.main.TestCaseExecutor.accessMainPhase(TestCaseExecutor.java:404)
	at com.kms.katalon.core.main.TestCaseExecutor.execute(TestCaseExecutor.java:281)
	at com.kms.katalon.core.main.TestCaseExecutor.execute(TestCaseExecutor.java:363)
	at com.kms.katalon.core.main.TestCaseExecutor.execute(TestCaseExecutor.java:363)
	at com.kms.katalon.core.main.TestCaseExecutor.execute(TestCaseExecutor.java:363)
	at com.kms.katalon.core.main.TestSuiteExecutor.accessTestCaseMainPhase(TestSuiteExecutor.java:202)
	at com.kms.katalon.core.main.TestSuiteExecutor.accessTestSuiteMainPhase(TestSuiteExecutor.java:164)
	at com.kms.katalon.core.main.TestSuiteExecutor.execute(TestSuiteExecutor.java:105)
	at com.kms.katalon.core.main.TestCaseMain.startTestSuite(TestCaseMain.java:181)
	at com.kms.katalon.core.main.TestCaseMain$startTestSuite$0.call(Unknown Source)
	at TempTestSuite1642335656208.run(TempTestSuite1642335656208.groovy:36)
Caused by: com.kms.katalon.core.webui.exception.WebElementNotFoundException: Web element with id: 'Object Repository/Texting/Page_Nh ca ti/h6_Cng Bnh L' located by '//div[@id='yui_3_17_2_1_1641380790278_197']/div[6]/div/div/div/div[2]/div/a/h6' not found
	at com.kms.katalon.core.webui.common.WebUiCommonHelper.findWebElement(WebUiCommonHelper.java:1368)
	at com.kms.katalon.core.webui.keyword.internal.WebUIAbstractKeyword.findWebElement(WebUIAbstractKeyword.groovy:27)
	at com.kms.katalon.core.webui.keyword.builtin.ClickKeyword$_click_closure1.doCall(ClickKeyword.groovy:65)
	at com.kms.katalon.core.webui.keyword.builtin.ClickKeyword$_click_closure1.call(ClickKeyword.groovy)
	at com.kms.katalon.core.webui.keyword.internal.WebUIKeywordMain.runKeyword(WebUIKeywordMain.groovy:20)
	at com.kms.katalon.core.webui.keyword.builtin.ClickKeyword.click(ClickKeyword.groovy:74)
	at com.kms.katalon.core.webui.keyword.builtin.ClickKeyword.execute(ClickKeyword.groovy:40)
	at com.kms.katalon.core.keyword.internal.KeywordExecutor.executeKeywordForPlatform(KeywordExecutor.groovy:74)
	at com.kms.katalon.core.webui.keyword.WebUiBuiltInKeywords.click(WebUiBuiltInKeywords.groovy:620)
	at com.kms.katalon.core.webui.keyword.WebUiBuiltInKeywords$click$1.call(Unknown Source)
	at Script1641370756448.run(Script1641370756448.groovy:44)
	... 16 more
)
[[ATTACHMENT|C:\\xampp\\htdocs\\moodle\\Test Automation - SE Bonus\\Reports\\20220116_192056\\Run All Test Cases\\20220116_192056\\1642339401459.png]]]]></system-out>
         <system-err><![CDATA[2022-01-16 20:22:29 - [TEST_CASE][FAILED] - Test Cases/Texting/Student texts teacher: Test Cases/Texting/Student texts teacher FAILED.
Reason:
com.kms.katalon.core.exception.StepFailedException: Unable to click on object 'Object Repository/Texting/Page_Nh ca ti/h6_Cng Bnh L'
	at com.kms.katalon.core.webui.keyword.internal.WebUIKeywordMain.stepFailed(WebUIKeywordMain.groovy:64)
	at com.kms.katalon.core.webui.keyword.internal.WebUIKeywordMain.runKeyword(WebUIKeywordMain.groovy:26)
	at com.kms.katalon.core.webui.keyword.builtin.ClickKeyword.click(ClickKeyword.groovy:74)
	at com.kms.katalon.core.webui.keyword.builtin.ClickKeyword.execute(ClickKeyword.groovy:40)
	at com.kms.katalon.core.keyword.internal.KeywordExecutor.executeKeywordForPlatform(KeywordExecutor.groovy:74)
	at com.kms.katalon.core.webui.keyword.WebUiBuiltInKeywords.click(WebUiBuiltInKeywords.groovy:620)
	at com.kms.katalon.core.webui.keyword.WebUiBuiltInKeywords$click$1.call(Unknown Source)
	at Student texts teacher.run(Student texts teacher:44)
	at com.kms.katalon.core.main.ScriptEngine.run(ScriptEngine.java:194)
	at com.kms.katalon.core.main.ScriptEngine.runScriptAsRawText(ScriptEngine.java:119)
	at com.kms.katalon.core.main.TestCaseExecutor.runScript(TestCaseExecutor.java:442)
	at com.kms.katalon.core.main.TestCaseExecutor.doExecute(TestCaseExecutor.java:433)
	at com.kms.katalon.core.main.TestCaseExecutor.processExecutionPhase(TestCaseExecutor.java:412)
	at com.kms.katalon.core.main.TestCaseExecutor.accessMainPhase(TestCaseExecutor.java:404)
	at com.kms.katalon.core.main.TestCaseExecutor.execute(TestCaseExecutor.java:281)
	at com.kms.katalon.core.main.TestCaseExecutor.execute(TestCaseExecutor.java:363)
	at com.kms.katalon.core.main.TestCaseExecutor.execute(TestCaseExecutor.java:363)
	at com.kms.katalon.core.main.TestCaseExecutor.execute(TestCaseExecutor.java:363)
	at com.kms.katalon.core.main.TestSuiteExecutor.accessTestCaseMainPhase(TestSuiteExecutor.java:202)
	at com.kms.katalon.core.main.TestSuiteExecutor.accessTestSuiteMainPhase(TestSuiteExecutor.java:164)
	at com.kms.katalon.core.main.TestSuiteExecutor.execute(TestSuiteExecutor.java:105)
	at com.kms.katalon.core.main.TestCaseMain.startTestSuite(TestCaseMain.java:181)
	at com.kms.katalon.core.main.TestCaseMain$startTestSuite$0.call(Unknown Source)
	at TempTestSuite1642335656208.run(TempTestSuite1642335656208.groovy:36)
Caused by: com.kms.katalon.core.webui.exception.WebElementNotFoundException: Web element with id: 'Object Repository/Texting/Page_Nh ca ti/h6_Cng Bnh L' located by '//div[@id='yui_3_17_2_1_1641380790278_197']/div[6]/div/div/div/div[2]/div/a/h6' not found
	at com.kms.katalon.core.webui.common.WebUiCommonHelper.findWebElement(WebUiCommonHelper.java:1368)
	at com.kms.katalon.core.webui.keyword.internal.WebUIAbstractKeyword.findWebElement(WebUIAbstractKeyword.groovy:27)
	at com.kms.katalon.core.webui.keyword.builtin.ClickKeyword$_click_closure1.doCall(ClickKeyword.groovy:65)
	at com.kms.katalon.core.webui.keyword.builtin.ClickKeyword$_click_closure1.call(ClickKeyword.groovy)
	at com.kms.katalon.core.webui.keyword.internal.WebUIKeywordMain.runKeyword(WebUIKeywordMain.groovy:20)
	... 22 more]]></system-err>
      </testcase>
      <testcase name="Test Cases/Teacher creates announcements/Teacher create a list announcement" time="114.383" classname="Test Cases/Teacher creates announcements/Teacher create a list announcement" status="FAILED">
         <failure type="FAILED" message="Test Cases/Teacher creates announcements/Teacher create a list announcement FAILED.
Reason:
com.kms.katalon.core.exception.StepFailedException: Unable to verify object 'Object Repository/Teacher creates announcements/Page_Cc thng bo/a_Thng bo dng bullet' to be clickable
	at com.kms.katalon.core.webui.keyword.internal.WebUIKeywordMain.stepFailed(WebUIKeywordMain.groovy:64)
	at com.kms.katalon.core.webui.keyword.internal.WebUIKeywordMain.runKeyword(WebUIKeywordMain.groovy:26)
	at com.kms.katalon.core.webui.keyword.builtin.VerifyElementClickableKeyword.verifyElementClickable(VerifyElementClickableKeyword.groovy:96)
	at com.kms.katalon.core.webui.keyword.builtin.VerifyElementClickableKeyword.execute(VerifyElementClickableKeyword.groovy:67)
	at com.kms.katalon.core.keyword.internal.KeywordExecutor.executeKeywordForPlatform(KeywordExecutor.groovy:74)
	at com.kms.katalon.core.webui.keyword.WebUiBuiltInKeywords.verifyElementClickable(WebUiBuiltInKeywords.groovy:566)
	at com.kms.katalon.core.webui.keyword.WebUiBuiltInKeywords$verifyElementClickable$9.call(Unknown Source)
	at Teacher create a list announcement.run(Teacher create a list announcement:75)
	at com.kms.katalon.core.main.ScriptEngine.run(ScriptEngine.java:194)
	at com.kms.katalon.core.main.ScriptEngine.runScriptAsRawText(ScriptEngine.java:119)
	at com.kms.katalon.core.main.TestCaseExecutor.runScript(TestCaseExecutor.java:442)
	at com.kms.katalon.core.main.TestCaseExecutor.doExecute(TestCaseExecutor.java:433)
	at com.kms.katalon.core.main.TestCaseExecutor.processExecutionPhase(TestCaseExecutor.java:412)
	at com.kms.katalon.core.main.TestCaseExecutor.accessMainPhase(TestCaseExecutor.java:404)
	at com.kms.katalon.core.main.TestCaseExecutor.execute(TestCaseExecutor.java:281)
	at com.kms.katalon.core.main.TestCaseExecutor.execute(TestCaseExecutor.java:363)
	at com.kms.katalon.core.main.TestCaseExecutor.execute(TestCaseExecutor.java:363)
	at com.kms.katalon.core.main.TestCaseExecutor.execute(TestCaseExecutor.java:363)
	at com.kms.katalon.core.main.TestSuiteExecutor.accessTestCaseMainPhase(TestSuiteExecutor.java:202)
	at com.kms.katalon.core.main.TestSuiteExecutor.accessTestSuiteMainPhase(TestSuiteExecutor.java:164)
	at com.kms.katalon.core.main.TestSuiteExecutor.execute(TestSuiteExecutor.java:105)
	at com.kms.katalon.core.main.TestCaseMain.startTestSuite(TestCaseMain.java:181)
	at com.kms.katalon.core.main.TestCaseMain$startTestSuite$0.call(Unknown Source)
	at TempTestSuite1642335656208.run(TempTestSuite1642335656208.groovy:36)
Caused by: com.kms.katalon.core.exception.StepFailedException: Web element with id: 'Object Repository/Teacher creates announcements/Page_Cc thng bo/a_Thng bo dng bullet' located by '//div[@id='discussion-list-61d445810a3f561d44580e891d21']/table/tbody/tr/th/div/a' not found
	at com.kms.katalon.core.webui.keyword.internal.WebUIKeywordMain.stepFailed(WebUIKeywordMain.groovy:64)
	at com.kms.katalon.core.webui.keyword.builtin.VerifyElementClickableKeyword$_verifyElementClickable_closure1.doCall(VerifyElementClickableKeyword.groovy:88)
	at com.kms.katalon.core.webui.keyword.builtin.VerifyElementClickableKeyword$_verifyElementClickable_closure1.call(VerifyElementClickableKeyword.groovy)
	at com.kms.katalon.core.webui.keyword.internal.WebUIKeywordMain.runKeyword(WebUIKeywordMain.groovy:20)
	... 22 more
"/>
         <system-out><![CDATA[2022-01-16 20:29:08 - [TEST_CASE][FAILED] - Test Cases/Teacher creates announcements/Teacher create a list announcement: Test Cases/Teacher creates announcements/Teacher create a list announcement FAILED.
Reason:
com.kms.katalon.core.exception.StepFailedException: Unable to verify object 'Object Repository/Teacher creates announcements/Page_Cc thng bo/a_Thng bo dng bullet' to be clickable
	at com.kms.katalon.core.webui.keyword.internal.WebUIKeywordMain.stepFailed(WebUIKeywordMain.groovy:64)
	at com.kms.katalon.core.webui.keyword.internal.WebUIKeywordMain.runKeyword(WebUIKeywordMain.groovy:26)
	at com.kms.katalon.core.webui.keyword.builtin.VerifyElementClickableKeyword.verifyElementClickable(VerifyElementClickableKeyword.groovy:96)
	at com.kms.katalon.core.webui.keyword.builtin.VerifyElementClickableKeyword.execute(VerifyElementClickableKeyword.groovy:67)
	at com.kms.katalon.core.keyword.internal.KeywordExecutor.executeKeywordForPlatform(KeywordExecutor.groovy:74)
	at com.kms.katalon.core.webui.keyword.WebUiBuiltInKeywords.verifyElementClickable(WebUiBuiltInKeywords.groovy:566)
	at com.kms.katalon.core.webui.keyword.WebUiBuiltInKeywords$verifyElementClickable$9.call(Unknown Source)
	at Teacher create a list announcement.run(Teacher create a list announcement:75)
	at com.kms.katalon.core.main.ScriptEngine.run(ScriptEngine.java:194)
	at com.kms.katalon.core.main.ScriptEngine.runScriptAsRawText(ScriptEngine.java:119)
	at com.kms.katalon.core.main.TestCaseExecutor.runScript(TestCaseExecutor.java:442)
	at com.kms.katalon.core.main.TestCaseExecutor.doExecute(TestCaseExecutor.java:433)
	at com.kms.katalon.core.main.TestCaseExecutor.processExecutionPhase(TestCaseExecutor.java:412)
	at com.kms.katalon.core.main.TestCaseExecutor.accessMainPhase(TestCaseExecutor.java:404)
	at com.kms.katalon.core.main.TestCaseExecutor.execute(TestCaseExecutor.java:281)
	at com.kms.katalon.core.main.TestCaseExecutor.execute(TestCaseExecutor.java:363)
	at com.kms.katalon.core.main.TestCaseExecutor.execute(TestCaseExecutor.java:363)
	at com.kms.katalon.core.main.TestCaseExecutor.execute(TestCaseExecutor.java:363)
	at com.kms.katalon.core.main.TestSuiteExecutor.accessTestCaseMainPhase(TestSuiteExecutor.java:202)
	at com.kms.katalon.core.main.TestSuiteExecutor.accessTestSuiteMainPhase(TestSuiteExecutor.java:164)
	at com.kms.katalon.core.main.TestSuiteExecutor.execute(TestSuiteExecutor.java:105)
	at com.kms.katalon.core.main.TestCaseMain.startTestSuite(TestCaseMain.java:181)
	at com.kms.katalon.core.main.TestCaseMain$startTestSuite$0.call(Unknown Source)
	at TempTestSuite1642335656208.run(TempTestSuite1642335656208.groovy:36)
Caused by: com.kms.katalon.core.exception.StepFailedException: Web element with id: 'Object Repository/Teacher creates announcements/Page_Cc thng bo/a_Thng bo dng bullet' located by '//div[@id='discussion-list-61d445810a3f561d44580e891d21']/table/tbody/tr/th/div/a' not found
	at com.kms.katalon.core.webui.keyword.internal.WebUIKeywordMain.stepFailed(WebUIKeywordMain.groovy:64)
	at com.kms.katalon.core.webui.keyword.builtin.VerifyElementClickableKeyword$_verifyElementClickable_closure1.doCall(VerifyElementClickableKeyword.groovy:88)
	at com.kms.katalon.core.webui.keyword.builtin.VerifyElementClickableKeyword$_verifyElementClickable_closure1.call(VerifyElementClickableKeyword.groovy)
	at com.kms.katalon.core.webui.keyword.internal.WebUIKeywordMain.runKeyword(WebUIKeywordMain.groovy:20)
	... 22 more


2022-01-16 20:29:08 - [TEST_STEP][PASSED] - openBrowser(""): Browser is opened with url: ''

2022-01-16 20:29:08 - [MESSAGE][WARNING] - A browser is already opened. Closing browser and opening a new one

2022-01-16 20:29:11 - [MESSAGE][INFO] - Starting 'Edge Chromium' driver

2022-01-16 20:29:13 - [MESSAGE][INFO] - Action delay is set to 0 milliseconds

2022-01-16 20:29:15 - [MESSAGE][PASSED] - Browser is opened with url: ''

2022-01-16 20:29:15 - [TEST_STEP][PASSED] - navigateToUrl("http://localhost/"): Navigate to 'http://localhost/' successfully

2022-01-16 20:29:17 - [MESSAGE][PASSED] - Navigate to 'http://localhost/' successfully

2022-01-16 20:29:17 - [TEST_STEP][PASSED] - click(findTestObject("Object Repository/Teacher creates announcements/Page_Local Moodle/a_Log in")): Object: 'Object Repository/Teacher creates announcements/Page_Local Moodle/a_Log in' is clicked on

2022-01-16 20:29:19 - [MESSAGE][PASSED] - Object: 'Object Repository/Teacher creates announcements/Page_Local Moodle/a_Log in' is clicked on

2022-01-16 20:29:19 - [TEST_STEP][PASSED] - setText(findTestObject("Object Repository/Teacher creates announcements/Page_Local Moodle Log in to the site/input_Username_username"), "lcbinh"): Text 'lcbinh' is set on object 'Object Repository/Teacher creates announcements/Page_Local Moodle Log in to the site/input_Username_username'

2022-01-16 20:29:20 - [MESSAGE][PASSED] - Text 'lcbinh' is set on object 'Object Repository/Teacher creates announcements/Page_Local Moodle Log in to the site/input_Username_username'

2022-01-16 20:29:20 - [TEST_STEP][PASSED] - setEncryptedText(findTestObject("Object Repository/Teacher creates announcements/Page_Local Moodle Log in to the site/input_Password_password"), "o5TCnEIIWq0Pz0TkrK1a2rpuWvRKVWz2"): Text ****** has been set on object 'Object Repository/Teacher creates announcements/Page_Local Moodle Log in to the site/input_Password_password'

2022-01-16 20:29:21 - [MESSAGE][PASSED] - Text ****** has been set on object 'Object Repository/Teacher creates announcements/Page_Local Moodle Log in to the site/input_Password_password'

2022-01-16 20:29:21 - [TEST_STEP][PASSED] - click(findTestObject("Object Repository/Teacher creates announcements/Page_Local Moodle Log in to the site/button_Log in")): Object: 'Object Repository/Teacher creates announcements/Page_Local Moodle Log in to the site/button_Log in' is clicked on

2022-01-16 20:29:24 - [MESSAGE][PASSED] - Object: 'Object Repository/Teacher creates announcements/Page_Local Moodle Log in to the site/button_Log in' is clicked on

2022-01-16 20:29:24 - [TEST_STEP][PASSED] - click(findTestObject("Object Repository/Teacher creates announcements/Page_Nh ca ti/span_Nhp mn Cng ngh phn mm")): Object: 'Object Repository/Teacher creates announcements/Page_Nh ca ti/span_Nhp mn Cng ngh phn mm' is clicked on

2022-01-16 20:29:31 - [MESSAGE][INFO] - Unable to find the element located by 'By.xpath: //div[@id='course-info-container-2-4']/div/div/a/span[3]'. Please recheck the objects properties to make sure the desired element is located. 

2022-01-16 20:29:31 - [MESSAGE][WARNING] - [SELF-HEALING] Failed to find element with id 'Object Repository/Teacher creates announcements/Page_Nh ca ti/span_Nhp mn Cng ngh phn mm'. Try using Self-healing.

2022-01-16 20:29:31 - [MESSAGE][WARNING] - [SELF-HEALING] The current locator of test object 'Object Repository/Teacher creates announcements/Page_Nh ca ti/span_Nhp mn Cng ngh phn mm' was broken. Propose an alternative one: '//span[3]'.

2022-01-16 20:29:33 - [MESSAGE][PASSED] - Object: 'Object Repository/Teacher creates announcements/Page_Nh ca ti/span_Nhp mn Cng ngh phn mm' is clicked on

2022-01-16 20:29:33 - [TEST_STEP][PASSED] - click(findTestObject("Object Repository/Teacher creates announcements/Page_Kha Nhp mn Cng ngh phn mm/span_Cc thng bo Din n")): Object: 'Object Repository/Teacher creates announcements/Page_Kha Nhp mn Cng ngh phn mm/span_Cc thng bo Din n' is clicked on

2022-01-16 20:29:40 - [MESSAGE][INFO] - Unable to find the element located by 'By.xpath: //li[@id='module-1']/div/div/div[2]/div/a/span'. Please recheck the objects properties to make sure the desired element is located. 

2022-01-16 20:29:40 - [MESSAGE][WARNING] - [SELF-HEALING] Failed to find element with id 'Object Repository/Teacher creates announcements/Page_Kha Nhp mn Cng ngh phn mm/span_Cc thng bo Din n'. Try using Self-healing.

2022-01-16 20:29:40 - [MESSAGE][WARNING] - [SELF-HEALING] The current locator of test object 'Object Repository/Teacher creates announcements/Page_Kha Nhp mn Cng ngh phn mm/span_Cc thng bo Din n' was broken. Propose an alternative one: '(.//*[normalize-space(text()) and normalize-space(.)='Chung'])[2]/following::span[1]'.

2022-01-16 20:29:42 - [MESSAGE][PASSED] - Object: 'Object Repository/Teacher creates announcements/Page_Kha Nhp mn Cng ngh phn mm/span_Cc thng bo Din n' is clicked on

2022-01-16 20:29:42 - [TEST_STEP][PASSED] - click(findTestObject("Object Repository/Teacher creates announcements/Page_Cc thng bo/a_Thm mt ch  mi")): Object: 'Object Repository/Teacher creates announcements/Page_Cc thng bo/a_Thm mt ch  mi' is clicked on

2022-01-16 20:29:49 - [MESSAGE][INFO] - Unable to find the element located by 'By.xpath: //a[@id='yui_3_17_2_1_1641377104026_492']'. Please recheck the objects properties to make sure the desired element is located. 

2022-01-16 20:29:49 - [MESSAGE][WARNING] - [SELF-HEALING] Failed to find element with id 'Object Repository/Teacher creates announcements/Page_Cc thng bo/a_Thm mt ch  mi'. Try using Self-healing.

2022-01-16 20:29:49 - [MESSAGE][WARNING] - [SELF-HEALING] The current locator of test object 'Object Repository/Teacher creates announcements/Page_Cc thng bo/a_Thm mt ch  mi' was broken. Propose an alternative one: '//a[contains(text(),'Thêm một chủ đề mới')]'.

2022-01-16 20:29:49 - [MESSAGE][PASSED] - Object: 'Object Repository/Teacher creates announcements/Page_Cc thng bo/a_Thm mt ch  mi' is clicked on

2022-01-16 20:29:49 - [TEST_STEP][PASSED] - setText(findTestObject("Object Repository/Teacher creates announcements/Page_Cc thng bo/input_Tiu_subject"), "Thông báo "): Text 'Thông báo ' is set on object 'Object Repository/Teacher creates announcements/Page_Cc thng bo/input_Tiu_subject'

2022-01-16 20:29:50 - [MESSAGE][PASSED] - Text 'Thông báo ' is set on object 'Object Repository/Teacher creates announcements/Page_Cc thng bo/input_Tiu_subject'

2022-01-16 20:29:50 - [TEST_STEP][PASSED] - click(findTestObject("Object Repository/Teacher creates announcements/Page_Cc thng bo/input_Hu b_advancedadddiscussion")): Object: 'Object Repository/Teacher creates announcements/Page_Cc thng bo/input_Hu b_advancedadddiscussion' is clicked on

2022-01-16 20:29:53 - [MESSAGE][PASSED] - Object: 'Object Repository/Teacher creates announcements/Page_Cc thng bo/input_Hu b_advancedadddiscussion' is clicked on

2022-01-16 20:29:53 - [TEST_STEP][PASSED] - setText(findTestObject("Object Repository/Teacher creates announcements/Page_NM CNPM Thm mt ch  mi/input_Tiu_subject"), "Thông báo dạng bullet"): Text 'Thông báo dạng bullet' is set on object 'Object Repository/Teacher creates announcements/Page_NM CNPM Thm mt ch  mi/input_Tiu_subject'

2022-01-16 20:29:55 - [MESSAGE][PASSED] - Text 'Thông báo dạng bullet' is set on object 'Object Repository/Teacher creates announcements/Page_NM CNPM Thm mt ch  mi/input_Tiu_subject'

2022-01-16 20:29:55 - [TEST_STEP][PASSED] - click(findTestObject("Object Repository/Teacher creates announcements/Page_NM CNPM Thm mt ch  mi/button_Ni dung_yui_3_17_2_1_1641301275320_977")): Object: 'Object Repository/Teacher creates announcements/Page_NM CNPM Thm mt ch  mi/button_Ni dung_yui_3_17_2_1_1641301275320_977' is clicked on

2022-01-16 20:30:02 - [MESSAGE][INFO] - Unable to find the element located by 'By.xpath: //button[@id='yui_3_17_2_1_1641301275320_977']'. Please recheck the objects properties to make sure the desired element is located. 

2022-01-16 20:30:02 - [MESSAGE][WARNING] - [SELF-HEALING] Failed to find element with id 'Object Repository/Teacher creates announcements/Page_NM CNPM Thm mt ch  mi/button_Ni dung_yui_3_17_2_1_1641301275320_977'. Try using Self-healing.

2022-01-16 20:30:02 - [MESSAGE][WARNING] - [SELF-HEALING] The current locator of test object 'Object Repository/Teacher creates announcements/Page_NM CNPM Thm mt ch  mi/button_Ni dung_yui_3_17_2_1_1641301275320_977' was broken. Propose an alternative one: '(.//*[normalize-space(text()) and normalize-space(.)='Nội dung'])[1]/following::button[5]'.

2022-01-16 20:30:02 - [MESSAGE][PASSED] - Object: 'Object Repository/Teacher creates announcements/Page_NM CNPM Thm mt ch  mi/button_Ni dung_yui_3_17_2_1_1641301275320_977' is clicked on

2022-01-16 20:30:02 - [TEST_STEP][PASSED] - setText(findTestObject("Object Repository/Teacher creates announcements/Page_NM CNPM Thm mt ch  mi/div_Thng bo 1Thng bo 2Thng bo 3"), "<p dir="ltr" style="text-align: left;" id="yui_3_17_2_1_1641301275320_1445"><ul id="yui_3_17_2_1_1641301275320_988"><li id="yui_3_17_2_1_1641301275320_987" style="">Thông báo 1</li><li id="yui_3_17_2_1_1641301275320_987" style="">Thông báo 2</li><li id="yui_3_17_2_1_1641301275320_987" style="">Thông báo 3</li></ul></p>"): Text '<p dir="ltr" style="text-align: left;" id="yui_3_17_2_1_1641301275320_1445"><ul id="yui_3_17_2_1_1641301275320_988"><li id="yui_3_17_2_1_1641301275320_987" style="">Thông báo 1</li><li id="yui_3_17_2_1_1641301275320_987" style="">Thông báo 2</li><li id="yui_3_17_2_1_1641301275320_987" style="">Thông báo 3</li></ul></p>' is set on object 'Object Repository/Teacher creates announcements/Page_NM CNPM Thm mt ch  mi/div_Thng bo 1Thng bo 2Thng bo 3'

2022-01-16 20:30:08 - [MESSAGE][PASSED] - Text '<p dir="ltr" style="text-align: left;" id="yui_3_17_2_1_1641301275320_1445"><ul id="yui_3_17_2_1_1641301275320_988"><li id="yui_3_17_2_1_1641301275320_987" style="">Thông báo 1</li><li id="yui_3_17_2_1_1641301275320_987" style="">Thông báo 2</li><li id="yui_3_17_2_1_1641301275320_987" style="">Thông báo 3</li></ul></p>' is set on object 'Object Repository/Teacher creates announcements/Page_NM CNPM Thm mt ch  mi/div_Thng bo 1Thng bo 2Thng bo 3'

2022-01-16 20:30:08 - [TEST_STEP][PASSED] - setText(findTestObject("Object Repository/Teacher creates announcements/Page_NM CNPM Thm mt ch  mi/div_Thng bo 1Thng bo 2Thng bo 3"), "<p dir="ltr" style="text-align: left;" id="yui_3_17_2_1_1641301275320_1445"><ul id="yui_3_17_2_1_1641301275320_988"><li id="yui_3_17_2_1_1641301275320_987" style="">Thông báo 1</li><li id="yui_3_17_2_1_1641301275320_987" style="">Thông báo 2</li><li id="yui_3_17_2_1_1641301275320_987" style="">Thông báo 3</li></ul></p>"): Text '<p dir="ltr" style="text-align: left;" id="yui_3_17_2_1_1641301275320_1445"><ul id="yui_3_17_2_1_1641301275320_988"><li id="yui_3_17_2_1_1641301275320_987" style="">Thông báo 1</li><li id="yui_3_17_2_1_1641301275320_987" style="">Thông báo 2</li><li id="yui_3_17_2_1_1641301275320_987" style="">Thông báo 3</li></ul></p>' is set on object 'Object Repository/Teacher creates announcements/Page_NM CNPM Thm mt ch  mi/div_Thng bo 1Thng bo 2Thng bo 3'

2022-01-16 20:30:12 - [MESSAGE][PASSED] - Text '<p dir="ltr" style="text-align: left;" id="yui_3_17_2_1_1641301275320_1445"><ul id="yui_3_17_2_1_1641301275320_988"><li id="yui_3_17_2_1_1641301275320_987" style="">Thông báo 1</li><li id="yui_3_17_2_1_1641301275320_987" style="">Thông báo 2</li><li id="yui_3_17_2_1_1641301275320_987" style="">Thông báo 3</li></ul></p>' is set on object 'Object Repository/Teacher creates announcements/Page_NM CNPM Thm mt ch  mi/div_Thng bo 1Thng bo 2Thng bo 3'

2022-01-16 20:30:12 - [TEST_STEP][PASSED] - click(findTestObject("Object Repository/Teacher creates announcements/Page_NM CNPM Thm mt ch  mi/input__submitbutton")): Object: 'Object Repository/Teacher creates announcements/Page_NM CNPM Thm mt ch  mi/input__submitbutton' is clicked on

2022-01-16 20:30:15 - [MESSAGE][PASSED] - Object: 'Object Repository/Teacher creates announcements/Page_NM CNPM Thm mt ch  mi/input__submitbutton' is clicked on

2022-01-16 20:30:15 - [TEST_STEP][PASSED] - click(findTestObject("Object Repository/Teacher creates announcements/Page_Cc thng bo/a_Cng Bnh L")): Object: 'Object Repository/Teacher creates announcements/Page_Cc thng bo/a_Cng Bnh L' is clicked on

2022-01-16 20:30:16 - [MESSAGE][PASSED] - Object: 'Object Repository/Teacher creates announcements/Page_Cc thng bo/a_Cng Bnh L' is clicked on

2022-01-16 20:30:16 - [TEST_STEP][PASSED] - click(findTestObject("Object Repository/Teacher creates announcements/Page_Cc thng bo/a_Thot")): Object: 'Object Repository/Teacher creates announcements/Page_Cc thng bo/a_Thot' is clicked on

2022-01-16 20:30:23 - [MESSAGE][INFO] - Unable to find the element located by 'By.xpath: //a[@id='yui_3_17_2_1_1641301350257_507']'. Please recheck the objects properties to make sure the desired element is located. 

2022-01-16 20:30:23 - [MESSAGE][WARNING] - [SELF-HEALING] Failed to find element with id 'Object Repository/Teacher creates announcements/Page_Cc thng bo/a_Thot'. Try using Self-healing.

2022-01-16 20:30:23 - [MESSAGE][WARNING] - [SELF-HEALING] The current locator of test object 'Object Repository/Teacher creates announcements/Page_Cc thng bo/a_Thot' was broken. Propose an alternative one: '//div[@id='action-menu-1-menu']/a[6]'.

2022-01-16 20:30:24 - [MESSAGE][PASSED] - Object: 'Object Repository/Teacher creates announcements/Page_Cc thng bo/a_Thot' is clicked on

2022-01-16 20:30:24 - [TEST_STEP][PASSED] - click(findTestObject("Object Repository/Teacher creates announcements/Page_Local Moodle/a_Log in")): Object: 'Object Repository/Teacher creates announcements/Page_Local Moodle/a_Log in' is clicked on

2022-01-16 20:30:25 - [MESSAGE][PASSED] - Object: 'Object Repository/Teacher creates announcements/Page_Local Moodle/a_Log in' is clicked on

2022-01-16 20:30:25 - [TEST_STEP][PASSED] - setText(findTestObject("Object Repository/Teacher creates announcements/Page_Local Moodle Log in to the site/input_Username_username"), "hs01"): Text 'hs01' is set on object 'Object Repository/Teacher creates announcements/Page_Local Moodle Log in to the site/input_Username_username'

2022-01-16 20:30:27 - [MESSAGE][PASSED] - Text 'hs01' is set on object 'Object Repository/Teacher creates announcements/Page_Local Moodle Log in to the site/input_Username_username'

2022-01-16 20:30:27 - [TEST_STEP][PASSED] - setEncryptedText(findTestObject("Object Repository/Teacher creates announcements/Page_Local Moodle Log in to the site/input_Password_password"), "o5TCnEIIWq2SeGQhIMNXLQ=="): Text ****** has been set on object 'Object Repository/Teacher creates announcements/Page_Local Moodle Log in to the site/input_Password_password'

2022-01-16 20:30:28 - [MESSAGE][PASSED] - Text ****** has been set on object 'Object Repository/Teacher creates announcements/Page_Local Moodle Log in to the site/input_Password_password'

2022-01-16 20:30:28 - [TEST_STEP][PASSED] - click(findTestObject("Object Repository/Teacher creates announcements/Page_Local Moodle Log in to the site/button_Log in")): Object: 'Object Repository/Teacher creates announcements/Page_Local Moodle Log in to the site/button_Log in' is clicked on

2022-01-16 20:30:32 - [MESSAGE][PASSED] - Object: 'Object Repository/Teacher creates announcements/Page_Local Moodle Log in to the site/button_Log in' is clicked on

2022-01-16 20:30:32 - [TEST_STEP][PASSED] - click(findTestObject("Object Repository/Teacher creates announcements/Page_Nh ca ti/span_Nhp mn Cng ngh phn mm")): Object: 'Object Repository/Teacher creates announcements/Page_Nh ca ti/span_Nhp mn Cng ngh phn mm' is clicked on

2022-01-16 20:30:39 - [MESSAGE][INFO] - Unable to find the element located by 'By.xpath: //div[@id='course-info-container-2-4']/div/div/a/span[3]'. Please recheck the objects properties to make sure the desired element is located. 

2022-01-16 20:30:39 - [MESSAGE][WARNING] - [SELF-HEALING] Failed to find element with id 'Object Repository/Teacher creates announcements/Page_Nh ca ti/span_Nhp mn Cng ngh phn mm'. Try using Self-healing.

2022-01-16 20:30:39 - [MESSAGE][WARNING] - [SELF-HEALING] The current locator of test object 'Object Repository/Teacher creates announcements/Page_Nh ca ti/span_Nhp mn Cng ngh phn mm' was broken. Propose an alternative one: '//span[3]'.

2022-01-16 20:30:41 - [MESSAGE][PASSED] - Object: 'Object Repository/Teacher creates announcements/Page_Nh ca ti/span_Nhp mn Cng ngh phn mm' is clicked on

2022-01-16 20:30:41 - [TEST_STEP][PASSED] - click(findTestObject("Object Repository/Teacher creates announcements/Page_Kha Nhp mn Cng ngh phn mm/span_Cc thng bo Din n")): Object: 'Object Repository/Teacher creates announcements/Page_Kha Nhp mn Cng ngh phn mm/span_Cc thng bo Din n' is clicked on

2022-01-16 20:30:47 - [MESSAGE][INFO] - Unable to find the element located by 'By.xpath: //li[@id='module-1']/div/div/div[2]/div/a/span'. Please recheck the objects properties to make sure the desired element is located. 

2022-01-16 20:30:47 - [MESSAGE][WARNING] - [SELF-HEALING] Failed to find element with id 'Object Repository/Teacher creates announcements/Page_Kha Nhp mn Cng ngh phn mm/span_Cc thng bo Din n'. Try using Self-healing.

2022-01-16 20:30:47 - [MESSAGE][WARNING] - [SELF-HEALING] The current locator of test object 'Object Repository/Teacher creates announcements/Page_Kha Nhp mn Cng ngh phn mm/span_Cc thng bo Din n' was broken. Propose an alternative one: '(.//*[normalize-space(text()) and normalize-space(.)='Chung'])[2]/following::span[1]'.

2022-01-16 20:30:48 - [MESSAGE][PASSED] - Object: 'Object Repository/Teacher creates announcements/Page_Kha Nhp mn Cng ngh phn mm/span_Cc thng bo Din n' is clicked on

2022-01-16 20:30:48 - [TEST_STEP][FAILED] - verifyElementClickable(findTestObject("Object Repository/Teacher creates announcements/Page_Cc thng bo/a_Thng bo dng bullet")): Unable to verify object 'Object Repository/Teacher creates announcements/Page_Cc thng bo/a_Thng bo dng bullet' to be clickable (Root cause: com.kms.katalon.core.exception.StepFailedException: Unable to verify object 'Object Repository/Teacher creates announcements/Page_Cc thng bo/a_Thng bo dng bullet' to be clickable
	at com.kms.katalon.core.webui.keyword.internal.WebUIKeywordMain.stepFailed(WebUIKeywordMain.groovy:64)
	at com.kms.katalon.core.webui.keyword.internal.WebUIKeywordMain.runKeyword(WebUIKeywordMain.groovy:26)
	at com.kms.katalon.core.webui.keyword.builtin.VerifyElementClickableKeyword.verifyElementClickable(VerifyElementClickableKeyword.groovy:96)
	at com.kms.katalon.core.webui.keyword.builtin.VerifyElementClickableKeyword.execute(VerifyElementClickableKeyword.groovy:67)
	at com.kms.katalon.core.keyword.internal.KeywordExecutor.executeKeywordForPlatform(KeywordExecutor.groovy:74)
	at com.kms.katalon.core.webui.keyword.WebUiBuiltInKeywords.verifyElementClickable(WebUiBuiltInKeywords.groovy:566)
	at com.kms.katalon.core.webui.keyword.WebUiBuiltInKeywords$verifyElementClickable$9.call(Unknown Source)
	at Teacher create a list announcement.run(Teacher create a list announcement:75)
	at com.kms.katalon.core.main.ScriptEngine.run(ScriptEngine.java:194)
	at com.kms.katalon.core.main.ScriptEngine.runScriptAsRawText(ScriptEngine.java:119)
	at com.kms.katalon.core.main.TestCaseExecutor.runScript(TestCaseExecutor.java:442)
	at com.kms.katalon.core.main.TestCaseExecutor.doExecute(TestCaseExecutor.java:433)
	at com.kms.katalon.core.main.TestCaseExecutor.processExecutionPhase(TestCaseExecutor.java:412)
	at com.kms.katalon.core.main.TestCaseExecutor.accessMainPhase(TestCaseExecutor.java:404)
	at com.kms.katalon.core.main.TestCaseExecutor.execute(TestCaseExecutor.java:281)
	at com.kms.katalon.core.main.TestCaseExecutor.execute(TestCaseExecutor.java:363)
	at com.kms.katalon.core.main.TestCaseExecutor.execute(TestCaseExecutor.java:363)
	at com.kms.katalon.core.main.TestCaseExecutor.execute(TestCaseExecutor.java:363)
	at com.kms.katalon.core.main.TestSuiteExecutor.accessTestCaseMainPhase(TestSuiteExecutor.java:202)
	at com.kms.katalon.core.main.TestSuiteExecutor.accessTestSuiteMainPhase(TestSuiteExecutor.java:164)
	at com.kms.katalon.core.main.TestSuiteExecutor.execute(TestSuiteExecutor.java:105)
	at com.kms.katalon.core.main.TestCaseMain.startTestSuite(TestCaseMain.java:181)
	at com.kms.katalon.core.main.TestCaseMain$startTestSuite$0.call(Unknown Source)
	at TempTestSuite1642335656208.run(TempTestSuite1642335656208.groovy:36)
Caused by: com.kms.katalon.core.exception.StepFailedException: Web element with id: 'Object Repository/Teacher creates announcements/Page_Cc thng bo/a_Thng bo dng bullet' located by '//div[@id='discussion-list-61d445810a3f561d44580e891d21']/table/tbody/tr/th/div/a' not found
	at com.kms.katalon.core.webui.keyword.internal.WebUIKeywordMain.stepFailed(WebUIKeywordMain.groovy:64)
	at com.kms.katalon.core.webui.keyword.builtin.VerifyElementClickableKeyword$_verifyElementClickable_closure1.doCall(VerifyElementClickableKeyword.groovy:88)
	at com.kms.katalon.core.webui.keyword.builtin.VerifyElementClickableKeyword$_verifyElementClickable_closure1.call(VerifyElementClickableKeyword.groovy)
	at com.kms.katalon.core.webui.keyword.internal.WebUIKeywordMain.runKeyword(WebUIKeywordMain.groovy:20)
	... 22 more
)

2022-01-16 20:30:55 - [MESSAGE][INFO] - Unable to find the element located by 'By.xpath: //div[@id='discussion-list-61d445810a3f561d44580e891d21']/table/tbody/tr/th/div/a'. Please recheck the objects properties to make sure the desired element is located. 

2022-01-16 20:30:55 - [MESSAGE][WARNING] - [SELF-HEALING] Failed to find element with id 'Object Repository/Teacher creates announcements/Page_Cc thng bo/a_Thng bo dng bullet'. Try using Self-healing.

2022-01-16 20:30:56 - [MESSAGE][INFO] - Unable to find the element located by 'By.xpath: //a[contains(text(),'Thông báo dạng bullet')]'. Please recheck the objects properties to make sure the desired element is located. 

2022-01-16 20:30:57 - [MESSAGE][INFO] - [SELF-HEALING] Failed Locator: '//div[@id='discussion-list-61d445810a3f561d44580e891d21']/table/tbody/tr/th/div/a'.

2022-01-16 20:30:57 - [MESSAGE][INFO] - [SELF-HEALING] Failed Locator: '//a[contains(text(),'Thông báo dạng bullet')]'.

2022-01-16 20:30:57 - [MESSAGE][INFO] - [SELF-HEALING] Failed Locator: '(.//*[normalize-space(text()) and normalize-space(.)='Các thao tác'])[1]/following::a[2]'.

2022-01-16 20:30:57 - [MESSAGE][INFO] - [SELF-HEALING] Failed Locator: '(.//*[normalize-space(text()) and normalize-space(.)='Phúc đáp'])[1]/following::a[2]'.

2022-01-16 20:30:58 - [MESSAGE][INFO] - [SELF-HEALING] Failed Locator: '(.//*[normalize-space(text()) and normalize-space(.)='Đã khóa'])[1]/preceding::a[1]'.

2022-01-16 20:30:58 - [MESSAGE][INFO] - [SELF-HEALING] Failed Locator: '(.//*[normalize-space(text()) and normalize-space(.)='Công Bình Lê'])[1]/preceding::a[1]'.

2022-01-16 20:30:59 - [MESSAGE][INFO] - [SELF-HEALING] Failed Locator: '//*/text()[normalize-space(.)='Thông báo dạng bullet']/parent::*'.

2022-01-16 20:30:59 - [MESSAGE][INFO] - [SELF-HEALING] Failed Locator: '//a[@href='http://localhost/mod/forum/discuss.php?d=11']'.

2022-01-16 20:30:59 - [MESSAGE][INFO] - [SELF-HEALING] Failed Locator: '//th/div/a'.

2022-01-16 20:31:00 - [MESSAGE][INFO] - Unable to find the element located by 'By.xpath: //*[@href = 'http://localhost/mod/forum/discuss.php?d=11' and @title = 'Thông báo dạng bullet' and (text() = '
                                        Thông báo dạng bullet
                                    ' or . = '
                                        Thông báo dạng bullet
                                    ')]'. Please recheck the objects properties to make sure the desired element is located. 

2022-01-16 20:31:02 - [MESSAGE][INFO] - Unable to find the element located by 'By.cssSelector: a.w-100.h-100.d-block'. Please recheck the objects properties to make sure the desired element is located. 

2022-01-16 20:31:02 - [MESSAGE][FAILED] - Web element with id: 'Object Repository/Teacher creates announcements/Page_Cc thng bo/a_Thng bo dng bullet' located by '//div[@id='discussion-list-61d445810a3f561d44580e891d21']/table/tbody/tr/th/div/a' not found (Root cause: com.kms.katalon.core.exception.StepFailedException: Web element with id: 'Object Repository/Teacher creates announcements/Page_Cc thng bo/a_Thng bo dng bullet' located by '//div[@id='discussion-list-61d445810a3f561d44580e891d21']/table/tbody/tr/th/div/a' not found
	at com.kms.katalon.core.webui.keyword.internal.WebUIKeywordMain.stepFailed(WebUIKeywordMain.groovy:64)
	at com.kms.katalon.core.webui.keyword.builtin.VerifyElementClickableKeyword$_verifyElementClickable_closure1.doCall(VerifyElementClickableKeyword.groovy:88)
	at com.kms.katalon.core.webui.keyword.builtin.VerifyElementClickableKeyword$_verifyElementClickable_closure1.call(VerifyElementClickableKeyword.groovy)
	at com.kms.katalon.core.webui.keyword.internal.WebUIKeywordMain.runKeyword(WebUIKeywordMain.groovy:20)
	at com.kms.katalon.core.webui.keyword.builtin.VerifyElementClickableKeyword.verifyElementClickable(VerifyElementClickableKeyword.groovy:96)
	at com.kms.katalon.core.webui.keyword.builtin.VerifyElementClickableKeyword.execute(VerifyElementClickableKeyword.groovy:67)
	at com.kms.katalon.core.keyword.internal.KeywordExecutor.executeKeywordForPlatform(KeywordExecutor.groovy:74)
	at com.kms.katalon.core.webui.keyword.WebUiBuiltInKeywords.verifyElementClickable(WebUiBuiltInKeywords.groovy:566)
	at com.kms.katalon.core.webui.keyword.WebUiBuiltInKeywords$verifyElementClickable$9.call(Unknown Source)
	at Teacher create a list announcement.run(Teacher create a list announcement:75)
	at com.kms.katalon.core.main.ScriptEngine.run(ScriptEngine.java:194)
	at com.kms.katalon.core.main.ScriptEngine.runScriptAsRawText(ScriptEngine.java:119)
	at com.kms.katalon.core.main.TestCaseExecutor.runScript(TestCaseExecutor.java:442)
	at com.kms.katalon.core.main.TestCaseExecutor.doExecute(TestCaseExecutor.java:433)
	at com.kms.katalon.core.main.TestCaseExecutor.processExecutionPhase(TestCaseExecutor.java:412)
	at com.kms.katalon.core.main.TestCaseExecutor.accessMainPhase(TestCaseExecutor.java:404)
	at com.kms.katalon.core.main.TestCaseExecutor.execute(TestCaseExecutor.java:281)
	at com.kms.katalon.core.main.TestCaseExecutor.execute(TestCaseExecutor.java:363)
	at com.kms.katalon.core.main.TestCaseExecutor.execute(TestCaseExecutor.java:363)
	at com.kms.katalon.core.main.TestCaseExecutor.execute(TestCaseExecutor.java:363)
	at com.kms.katalon.core.main.TestSuiteExecutor.accessTestCaseMainPhase(TestSuiteExecutor.java:202)
	at com.kms.katalon.core.main.TestSuiteExecutor.accessTestSuiteMainPhase(TestSuiteExecutor.java:164)
	at com.kms.katalon.core.main.TestSuiteExecutor.execute(TestSuiteExecutor.java:105)
	at com.kms.katalon.core.main.TestCaseMain.startTestSuite(TestCaseMain.java:181)
	at com.kms.katalon.core.main.TestCaseMain$startTestSuite$0.call(Unknown Source)
	at TempTestSuite1642335656208.run(TempTestSuite1642335656208.groovy:36)
)
[[ATTACHMENT|C:\\xampp\\htdocs\\moodle\\Test Automation - SE Bonus\\Reports\\20220116_192056\\Run All Test Cases\\20220116_192056\\1642339862118.png]]

2022-01-16 20:31:02 - [MESSAGE][FAILED] - Unable to verify object 'Object Repository/Teacher creates announcements/Page_Cc thng bo/a_Thng bo dng bullet' to be clickable (Root cause: com.kms.katalon.core.exception.StepFailedException: Unable to verify object 'Object Repository/Teacher creates announcements/Page_Cc thng bo/a_Thng bo dng bullet' to be clickable
	at com.kms.katalon.core.webui.keyword.internal.WebUIKeywordMain.stepFailed(WebUIKeywordMain.groovy:64)
	at com.kms.katalon.core.webui.keyword.internal.WebUIKeywordMain.runKeyword(WebUIKeywordMain.groovy:26)
	at com.kms.katalon.core.webui.keyword.builtin.VerifyElementClickableKeyword.verifyElementClickable(VerifyElementClickableKeyword.groovy:96)
	at com.kms.katalon.core.webui.keyword.builtin.VerifyElementClickableKeyword.execute(VerifyElementClickableKeyword.groovy:67)
	at com.kms.katalon.core.keyword.internal.KeywordExecutor.executeKeywordForPlatform(KeywordExecutor.groovy:74)
	at com.kms.katalon.core.webui.keyword.WebUiBuiltInKeywords.verifyElementClickable(WebUiBuiltInKeywords.groovy:566)
	at com.kms.katalon.core.webui.keyword.WebUiBuiltInKeywords$verifyElementClickable$9.call(Unknown Source)
	at Teacher create a list announcement.run(Teacher create a list announcement:75)
	at com.kms.katalon.core.main.ScriptEngine.run(ScriptEngine.java:194)
	at com.kms.katalon.core.main.ScriptEngine.runScriptAsRawText(ScriptEngine.java:119)
	at com.kms.katalon.core.main.TestCaseExecutor.runScript(TestCaseExecutor.java:442)
	at com.kms.katalon.core.main.TestCaseExecutor.doExecute(TestCaseExecutor.java:433)
	at com.kms.katalon.core.main.TestCaseExecutor.processExecutionPhase(TestCaseExecutor.java:412)
	at com.kms.katalon.core.main.TestCaseExecutor.accessMainPhase(TestCaseExecutor.java:404)
	at com.kms.katalon.core.main.TestCaseExecutor.execute(TestCaseExecutor.java:281)
	at com.kms.katalon.core.main.TestCaseExecutor.execute(TestCaseExecutor.java:363)
	at com.kms.katalon.core.main.TestCaseExecutor.execute(TestCaseExecutor.java:363)
	at com.kms.katalon.core.main.TestCaseExecutor.execute(TestCaseExecutor.java:363)
	at com.kms.katalon.core.main.TestSuiteExecutor.accessTestCaseMainPhase(TestSuiteExecutor.java:202)
	at com.kms.katalon.core.main.TestSuiteExecutor.accessTestSuiteMainPhase(TestSuiteExecutor.java:164)
	at com.kms.katalon.core.main.TestSuiteExecutor.execute(TestSuiteExecutor.java:105)
	at com.kms.katalon.core.main.TestCaseMain.startTestSuite(TestCaseMain.java:181)
	at com.kms.katalon.core.main.TestCaseMain$startTestSuite$0.call(Unknown Source)
	at TempTestSuite1642335656208.run(TempTestSuite1642335656208.groovy:36)
Caused by: com.kms.katalon.core.exception.StepFailedException: Web element with id: 'Object Repository/Teacher creates announcements/Page_Cc thng bo/a_Thng bo dng bullet' located by '//div[@id='discussion-list-61d445810a3f561d44580e891d21']/table/tbody/tr/th/div/a' not found
	at com.kms.katalon.core.webui.keyword.internal.WebUIKeywordMain.stepFailed(WebUIKeywordMain.groovy:64)
	at com.kms.katalon.core.webui.keyword.builtin.VerifyElementClickableKeyword$_verifyElementClickable_closure1.doCall(VerifyElementClickableKeyword.groovy:88)
	at com.kms.katalon.core.webui.keyword.builtin.VerifyElementClickableKeyword$_verifyElementClickable_closure1.call(VerifyElementClickableKeyword.groovy)
	at com.kms.katalon.core.webui.keyword.internal.WebUIKeywordMain.runKeyword(WebUIKeywordMain.groovy:20)
	... 22 more
)
[[ATTACHMENT|C:\\xampp\\htdocs\\moodle\\Test Automation - SE Bonus\\Reports\\20220116_192056\\Run All Test Cases\\20220116_192056\\1642339862409.png]]]]></system-out>
         <system-err><![CDATA[2022-01-16 20:29:08 - [TEST_CASE][FAILED] - Test Cases/Teacher creates announcements/Teacher create a list announcement: Test Cases/Teacher creates announcements/Teacher create a list announcement FAILED.
Reason:
com.kms.katalon.core.exception.StepFailedException: Unable to verify object 'Object Repository/Teacher creates announcements/Page_Cc thng bo/a_Thng bo dng bullet' to be clickable
	at com.kms.katalon.core.webui.keyword.internal.WebUIKeywordMain.stepFailed(WebUIKeywordMain.groovy:64)
	at com.kms.katalon.core.webui.keyword.internal.WebUIKeywordMain.runKeyword(WebUIKeywordMain.groovy:26)
	at com.kms.katalon.core.webui.keyword.builtin.VerifyElementClickableKeyword.verifyElementClickable(VerifyElementClickableKeyword.groovy:96)
	at com.kms.katalon.core.webui.keyword.builtin.VerifyElementClickableKeyword.execute(VerifyElementClickableKeyword.groovy:67)
	at com.kms.katalon.core.keyword.internal.KeywordExecutor.executeKeywordForPlatform(KeywordExecutor.groovy:74)
	at com.kms.katalon.core.webui.keyword.WebUiBuiltInKeywords.verifyElementClickable(WebUiBuiltInKeywords.groovy:566)
	at com.kms.katalon.core.webui.keyword.WebUiBuiltInKeywords$verifyElementClickable$9.call(Unknown Source)
	at Teacher create a list announcement.run(Teacher create a list announcement:75)
	at com.kms.katalon.core.main.ScriptEngine.run(ScriptEngine.java:194)
	at com.kms.katalon.core.main.ScriptEngine.runScriptAsRawText(ScriptEngine.java:119)
	at com.kms.katalon.core.main.TestCaseExecutor.runScript(TestCaseExecutor.java:442)
	at com.kms.katalon.core.main.TestCaseExecutor.doExecute(TestCaseExecutor.java:433)
	at com.kms.katalon.core.main.TestCaseExecutor.processExecutionPhase(TestCaseExecutor.java:412)
	at com.kms.katalon.core.main.TestCaseExecutor.accessMainPhase(TestCaseExecutor.java:404)
	at com.kms.katalon.core.main.TestCaseExecutor.execute(TestCaseExecutor.java:281)
	at com.kms.katalon.core.main.TestCaseExecutor.execute(TestCaseExecutor.java:363)
	at com.kms.katalon.core.main.TestCaseExecutor.execute(TestCaseExecutor.java:363)
	at com.kms.katalon.core.main.TestCaseExecutor.execute(TestCaseExecutor.java:363)
	at com.kms.katalon.core.main.TestSuiteExecutor.accessTestCaseMainPhase(TestSuiteExecutor.java:202)
	at com.kms.katalon.core.main.TestSuiteExecutor.accessTestSuiteMainPhase(TestSuiteExecutor.java:164)
	at com.kms.katalon.core.main.TestSuiteExecutor.execute(TestSuiteExecutor.java:105)
	at com.kms.katalon.core.main.TestCaseMain.startTestSuite(TestCaseMain.java:181)
	at com.kms.katalon.core.main.TestCaseMain$startTestSuite$0.call(Unknown Source)
	at TempTestSuite1642335656208.run(TempTestSuite1642335656208.groovy:36)
Caused by: com.kms.katalon.core.exception.StepFailedException: Web element with id: 'Object Repository/Teacher creates announcements/Page_Cc thng bo/a_Thng bo dng bullet' located by '//div[@id='discussion-list-61d445810a3f561d44580e891d21']/table/tbody/tr/th/div/a' not found
	at com.kms.katalon.core.webui.keyword.internal.WebUIKeywordMain.stepFailed(WebUIKeywordMain.groovy:64)
	at com.kms.katalon.core.webui.keyword.builtin.VerifyElementClickableKeyword$_verifyElementClickable_closure1.doCall(VerifyElementClickableKeyword.groovy:88)
	at com.kms.katalon.core.webui.keyword.builtin.VerifyElementClickableKeyword$_verifyElementClickable_closure1.call(VerifyElementClickableKeyword.groovy)
	at com.kms.katalon.core.webui.keyword.internal.WebUIKeywordMain.runKeyword(WebUIKeywordMain.groovy:20)
	... 22 more]]></system-err>
      </testcase>
      <testcase name="Test Cases/Teacher creates announcements/Teacher create a new announcement" time="95.894" classname="Test Cases/Teacher creates announcements/Teacher create a new announcement" status="PASSED">
         <system-out><![CDATA[2022-01-16 20:31:02 - [TEST_CASE][PASSED] - Test Cases/Teacher creates announcements/Teacher create a new announcement: Test Cases/Teacher creates announcements/Teacher create a new announcement

2022-01-16 20:31:03 - [TEST_STEP][PASSED] - openBrowser(""): Browser is opened with url: ''

2022-01-16 20:31:03 - [MESSAGE][WARNING] - A browser is already opened. Closing browser and opening a new one

2022-01-16 20:31:05 - [MESSAGE][INFO] - Starting 'Edge Chromium' driver

2022-01-16 20:31:08 - [MESSAGE][INFO] - Action delay is set to 0 milliseconds

2022-01-16 20:31:10 - [MESSAGE][PASSED] - Browser is opened with url: ''

2022-01-16 20:31:10 - [TEST_STEP][PASSED] - navigateToUrl("http://localhost/"): Navigate to 'http://localhost/' successfully

2022-01-16 20:31:12 - [MESSAGE][PASSED] - Navigate to 'http://localhost/' successfully

2022-01-16 20:31:12 - [TEST_STEP][PASSED] - click(findTestObject("Object Repository/Teacher creates announcements/Page_Local Moodle/a_Log in")): Object: 'Object Repository/Teacher creates announcements/Page_Local Moodle/a_Log in' is clicked on

2022-01-16 20:31:14 - [MESSAGE][PASSED] - Object: 'Object Repository/Teacher creates announcements/Page_Local Moodle/a_Log in' is clicked on

2022-01-16 20:31:14 - [TEST_STEP][PASSED] - click(findTestObject("Object Repository/Teacher creates announcements/Page_Local Moodle Log in to the site/form_document.getElementById(anchor).value _70e5d4")): Object: 'Object Repository/Teacher creates announcements/Page_Local Moodle Log in to the site/form_document.getElementById(anchor).value _70e5d4' is clicked on

2022-01-16 20:31:14 - [MESSAGE][PASSED] - Object: 'Object Repository/Teacher creates announcements/Page_Local Moodle Log in to the site/form_document.getElementById(anchor).value _70e5d4' is clicked on

2022-01-16 20:31:14 - [TEST_STEP][PASSED] - setText(findTestObject("Object Repository/Teacher creates announcements/Page_Local Moodle Log in to the site/input_Username_username"), "lcbinh"): Text 'lcbinh' is set on object 'Object Repository/Teacher creates announcements/Page_Local Moodle Log in to the site/input_Username_username'

2022-01-16 20:31:15 - [MESSAGE][PASSED] - Text 'lcbinh' is set on object 'Object Repository/Teacher creates announcements/Page_Local Moodle Log in to the site/input_Username_username'

2022-01-16 20:31:15 - [TEST_STEP][PASSED] - setEncryptedText(findTestObject("Object Repository/Teacher creates announcements/Page_Local Moodle Log in to the site/input_Password_password"), "o5TCnEIIWq0Pz0TkrK1a2rpuWvRKVWz2"): Text ****** has been set on object 'Object Repository/Teacher creates announcements/Page_Local Moodle Log in to the site/input_Password_password'

2022-01-16 20:31:17 - [MESSAGE][PASSED] - Text ****** has been set on object 'Object Repository/Teacher creates announcements/Page_Local Moodle Log in to the site/input_Password_password'

2022-01-16 20:31:17 - [TEST_STEP][PASSED] - click(findTestObject("Object Repository/Teacher creates announcements/Page_Local Moodle Log in to the site/button_Log in")): Object: 'Object Repository/Teacher creates announcements/Page_Local Moodle Log in to the site/button_Log in' is clicked on

2022-01-16 20:31:21 - [MESSAGE][PASSED] - Object: 'Object Repository/Teacher creates announcements/Page_Local Moodle Log in to the site/button_Log in' is clicked on

2022-01-16 20:31:21 - [TEST_STEP][PASSED] - verifyElementClickable(findTestObject("Object Repository/Teacher creates announcements/Page_Nh ca ti/span_Nhp mn Cng ngh phn mm")): Object 'Object Repository/Teacher creates announcements/Page_Nh ca ti/span_Nhp mn Cng ngh phn mm' is clickable

2022-01-16 20:31:27 - [MESSAGE][INFO] - Unable to find the element located by 'By.xpath: //div[@id='course-info-container-2-4']/div/div/a/span[3]'. Please recheck the objects properties to make sure the desired element is located. 

2022-01-16 20:31:27 - [MESSAGE][WARNING] - [SELF-HEALING] Failed to find element with id 'Object Repository/Teacher creates announcements/Page_Nh ca ti/span_Nhp mn Cng ngh phn mm'. Try using Self-healing.

2022-01-16 20:31:28 - [MESSAGE][WARNING] - [SELF-HEALING] The current locator of test object 'Object Repository/Teacher creates announcements/Page_Nh ca ti/span_Nhp mn Cng ngh phn mm' was broken. Propose an alternative one: '//span[3]'.

2022-01-16 20:31:28 - [MESSAGE][PASSED] - Object 'Object Repository/Teacher creates announcements/Page_Nh ca ti/span_Nhp mn Cng ngh phn mm' is clickable

2022-01-16 20:31:28 - [TEST_STEP][PASSED] - click(findTestObject("Object Repository/Teacher creates announcements/Page_Nh ca ti/span_Nhp mn Cng ngh phn mm")): Object: 'Object Repository/Teacher creates announcements/Page_Nh ca ti/span_Nhp mn Cng ngh phn mm' is clicked on

2022-01-16 20:31:34 - [MESSAGE][INFO] - Unable to find the element located by 'By.xpath: //div[@id='course-info-container-2-4']/div/div/a/span[3]'. Please recheck the objects properties to make sure the desired element is located. 

2022-01-16 20:31:34 - [MESSAGE][WARNING] - [SELF-HEALING] Failed to find element with id 'Object Repository/Teacher creates announcements/Page_Nh ca ti/span_Nhp mn Cng ngh phn mm'. Try using Self-healing.

2022-01-16 20:31:34 - [MESSAGE][WARNING] - [SELF-HEALING] The current locator of test object 'Object Repository/Teacher creates announcements/Page_Nh ca ti/span_Nhp mn Cng ngh phn mm' was broken. Propose an alternative one: '//span[3]'.

2022-01-16 20:31:36 - [MESSAGE][PASSED] - Object: 'Object Repository/Teacher creates announcements/Page_Nh ca ti/span_Nhp mn Cng ngh phn mm' is clicked on

2022-01-16 20:31:36 - [TEST_STEP][PASSED] - verifyElementClickable(findTestObject("Object Repository/Teacher creates announcements/Page_Kha Nhp mn Cng ngh phn mm/span_Cc thng bo Din n")): Object 'Object Repository/Teacher creates announcements/Page_Kha Nhp mn Cng ngh phn mm/span_Cc thng bo Din n' is clickable

2022-01-16 20:31:43 - [MESSAGE][INFO] - Unable to find the element located by 'By.xpath: //li[@id='module-1']/div/div/div[2]/div/a/span'. Please recheck the objects properties to make sure the desired element is located. 

2022-01-16 20:31:43 - [MESSAGE][WARNING] - [SELF-HEALING] Failed to find element with id 'Object Repository/Teacher creates announcements/Page_Kha Nhp mn Cng ngh phn mm/span_Cc thng bo Din n'. Try using Self-healing.

2022-01-16 20:31:43 - [MESSAGE][WARNING] - [SELF-HEALING] The current locator of test object 'Object Repository/Teacher creates announcements/Page_Kha Nhp mn Cng ngh phn mm/span_Cc thng bo Din n' was broken. Propose an alternative one: '(.//*[normalize-space(text()) and normalize-space(.)='Chung'])[2]/following::span[1]'.

2022-01-16 20:31:43 - [MESSAGE][PASSED] - Object 'Object Repository/Teacher creates announcements/Page_Kha Nhp mn Cng ngh phn mm/span_Cc thng bo Din n' is clickable

2022-01-16 20:31:43 - [TEST_STEP][PASSED] - click(findTestObject("Object Repository/Teacher creates announcements/Page_Kha Nhp mn Cng ngh phn mm/span_Cc thng bo Din n")): Object: 'Object Repository/Teacher creates announcements/Page_Kha Nhp mn Cng ngh phn mm/span_Cc thng bo Din n' is clicked on

2022-01-16 20:31:50 - [MESSAGE][INFO] - Unable to find the element located by 'By.xpath: //li[@id='module-1']/div/div/div[2]/div/a/span'. Please recheck the objects properties to make sure the desired element is located. 

2022-01-16 20:31:50 - [MESSAGE][WARNING] - [SELF-HEALING] Failed to find element with id 'Object Repository/Teacher creates announcements/Page_Kha Nhp mn Cng ngh phn mm/span_Cc thng bo Din n'. Try using Self-healing.

2022-01-16 20:31:50 - [MESSAGE][WARNING] - [SELF-HEALING] The current locator of test object 'Object Repository/Teacher creates announcements/Page_Kha Nhp mn Cng ngh phn mm/span_Cc thng bo Din n' was broken. Propose an alternative one: '(.//*[normalize-space(text()) and normalize-space(.)='Chung'])[2]/following::span[1]'.

2022-01-16 20:31:52 - [MESSAGE][PASSED] - Object: 'Object Repository/Teacher creates announcements/Page_Kha Nhp mn Cng ngh phn mm/span_Cc thng bo Din n' is clicked on

2022-01-16 20:31:52 - [TEST_STEP][PASSED] - verifyElementClickable(findTestObject("Object Repository/Teacher creates announcements/Page_Cc thng bo/a_Thm mt ch  mi")): Object 'Object Repository/Teacher creates announcements/Page_Cc thng bo/a_Thm mt ch  mi' is clickable

2022-01-16 20:31:58 - [MESSAGE][INFO] - Unable to find the element located by 'By.xpath: //a[@id='yui_3_17_2_1_1641377104026_492']'. Please recheck the objects properties to make sure the desired element is located. 

2022-01-16 20:31:58 - [MESSAGE][WARNING] - [SELF-HEALING] Failed to find element with id 'Object Repository/Teacher creates announcements/Page_Cc thng bo/a_Thm mt ch  mi'. Try using Self-healing.

2022-01-16 20:31:59 - [MESSAGE][WARNING] - [SELF-HEALING] The current locator of test object 'Object Repository/Teacher creates announcements/Page_Cc thng bo/a_Thm mt ch  mi' was broken. Propose an alternative one: '//a[contains(text(),'Thêm một chủ đề mới')]'.

2022-01-16 20:31:59 - [MESSAGE][PASSED] - Object 'Object Repository/Teacher creates announcements/Page_Cc thng bo/a_Thm mt ch  mi' is clickable

2022-01-16 20:31:59 - [TEST_STEP][PASSED] - click(findTestObject("Object Repository/Teacher creates announcements/Page_Cc thng bo/a_Thm mt ch  mi")): Object: 'Object Repository/Teacher creates announcements/Page_Cc thng bo/a_Thm mt ch  mi' is clicked on

2022-01-16 20:32:05 - [MESSAGE][INFO] - Unable to find the element located by 'By.xpath: //a[@id='yui_3_17_2_1_1641377104026_492']'. Please recheck the objects properties to make sure the desired element is located. 

2022-01-16 20:32:05 - [MESSAGE][WARNING] - [SELF-HEALING] Failed to find element with id 'Object Repository/Teacher creates announcements/Page_Cc thng bo/a_Thm mt ch  mi'. Try using Self-healing.

2022-01-16 20:32:06 - [MESSAGE][WARNING] - [SELF-HEALING] The current locator of test object 'Object Repository/Teacher creates announcements/Page_Cc thng bo/a_Thm mt ch  mi' was broken. Propose an alternative one: '//a[contains(text(),'Thêm một chủ đề mới')]'.

2022-01-16 20:32:06 - [MESSAGE][PASSED] - Object: 'Object Repository/Teacher creates announcements/Page_Cc thng bo/a_Thm mt ch  mi' is clicked on

2022-01-16 20:32:06 - [TEST_STEP][PASSED] - setText(findTestObject("Object Repository/Teacher creates announcements/Page_Cc thng bo/input_Tiu_subject"), "Thông báo mới"): Text 'Thông báo mới' is set on object 'Object Repository/Teacher creates announcements/Page_Cc thng bo/input_Tiu_subject'

2022-01-16 20:32:07 - [MESSAGE][PASSED] - Text 'Thông báo mới' is set on object 'Object Repository/Teacher creates announcements/Page_Cc thng bo/input_Tiu_subject'

2022-01-16 20:32:07 - [TEST_STEP][PASSED] - setText(findTestObject("Object Repository/Teacher creates announcements/Page_Cc thng bo/div_Hello world"), "<p dir="ltr" style="text-align: left;">Hello world</p>"): Text '<p dir="ltr" style="text-align: left;">Hello world</p>' is set on object 'Object Repository/Teacher creates announcements/Page_Cc thng bo/div_Hello world'

2022-01-16 20:32:09 - [MESSAGE][PASSED] - Text '<p dir="ltr" style="text-align: left;">Hello world</p>' is set on object 'Object Repository/Teacher creates announcements/Page_Cc thng bo/div_Hello world'

2022-01-16 20:32:09 - [TEST_STEP][PASSED] - verifyElementClickable(findTestObject("Object Repository/Teacher creates announcements/Page_Cc thng bo/input_Ni dung_submitbutton")): Object 'Object Repository/Teacher creates announcements/Page_Cc thng bo/input_Ni dung_submitbutton' is clickable

2022-01-16 20:32:09 - [MESSAGE][PASSED] - Object 'Object Repository/Teacher creates announcements/Page_Cc thng bo/input_Ni dung_submitbutton' is clickable

2022-01-16 20:32:09 - [TEST_STEP][PASSED] - click(findTestObject("Object Repository/Teacher creates announcements/Page_Cc thng bo/input_Ni dung_submitbutton")): Object: 'Object Repository/Teacher creates announcements/Page_Cc thng bo/input_Ni dung_submitbutton' is clicked on

2022-01-16 20:32:12 - [MESSAGE][PASSED] - Object: 'Object Repository/Teacher creates announcements/Page_Cc thng bo/input_Ni dung_submitbutton' is clicked on

2022-01-16 20:32:12 - [TEST_STEP][PASSED] - verifyElementText(findTestObject("Object Repository/Teacher creates announcements/Page_Cc thng bo/a_Thng bo mi"), "Thông báo mới"): Actual text and expected text of test object 'Object Repository/Teacher creates announcements/Page_Cc thng bo/a_Thng bo mi' are matched.

2022-01-16 20:32:18 - [MESSAGE][INFO] - Unable to find the element located by 'By.xpath: //a[@id='yui_3_17_2_1_1641377142667_495']'. Please recheck the objects properties to make sure the desired element is located. 

2022-01-16 20:32:18 - [MESSAGE][WARNING] - [SELF-HEALING] Failed to find element with id 'Object Repository/Teacher creates announcements/Page_Cc thng bo/a_Thng bo mi'. Try using Self-healing.

2022-01-16 20:32:19 - [MESSAGE][INFO] - [SELF-HEALING] Failed Locator: '//a[@id='yui_3_17_2_1_1641377142667_495']'.

2022-01-16 20:32:19 - [MESSAGE][INFO] - [SELF-HEALING] Failed Locator: '//div[@id='yui_3_17_2_1_1641377142667_496']/a'.

2022-01-16 20:32:19 - [MESSAGE][INFO] - [SELF-HEALING] Working Locator: '//a[contains(text(),'Thông báo mới')]'.

2022-01-16 20:32:20 - [MESSAGE][INFO] - [SELF-HEALING] Screenshot: C:/xampp/htdocs/moodle/Test Automation - SE Bonus/Reports/Self-healing/Object Repository/Teacher creates announcements/Page_Cc thng bo/a_Thng bo mi_link.png

2022-01-16 20:32:20 - [MESSAGE][WARNING] - [SELF-HEALING] The current locator of test object 'Object Repository/Teacher creates announcements/Page_Cc thng bo/a_Thng bo mi' was broken. Propose an alternative one: '//a[contains(text(),'Thông báo mới')]'.

2022-01-16 20:32:20 - [MESSAGE][PASSED] - Actual text and expected text of test object 'Object Repository/Teacher creates announcements/Page_Cc thng bo/a_Thng bo mi' are matched.

2022-01-16 20:32:20 - [TEST_STEP][PASSED] - verifyElementClickable(findTestObject("Object Repository/Teacher creates announcements/Page_Cc thng bo/a_Thng bo mi")): Object 'Object Repository/Teacher creates announcements/Page_Cc thng bo/a_Thng bo mi' is clickable

2022-01-16 20:32:26 - [MESSAGE][INFO] - Unable to find the element located by 'By.xpath: //a[@id='yui_3_17_2_1_1641377142667_495']'. Please recheck the objects properties to make sure the desired element is located. 

2022-01-16 20:32:26 - [MESSAGE][WARNING] - [SELF-HEALING] Failed to find element with id 'Object Repository/Teacher creates announcements/Page_Cc thng bo/a_Thng bo mi'. Try using Self-healing.

2022-01-16 20:32:26 - [MESSAGE][WARNING] - [SELF-HEALING] The current locator of test object 'Object Repository/Teacher creates announcements/Page_Cc thng bo/a_Thng bo mi' was broken. Propose an alternative one: '//a[contains(text(),'Thông báo mới')]'.

2022-01-16 20:32:26 - [MESSAGE][PASSED] - Object 'Object Repository/Teacher creates announcements/Page_Cc thng bo/a_Thng bo mi' is clickable

2022-01-16 20:32:26 - [TEST_STEP][PASSED] - click(findTestObject("Object Repository/Teacher creates announcements/Page_Cc thng bo/a_Thng bo mi")): Object: 'Object Repository/Teacher creates announcements/Page_Cc thng bo/a_Thng bo mi' is clicked on

2022-01-16 20:32:33 - [MESSAGE][INFO] - Unable to find the element located by 'By.xpath: //a[@id='yui_3_17_2_1_1641377142667_495']'. Please recheck the objects properties to make sure the desired element is located. 

2022-01-16 20:32:33 - [MESSAGE][WARNING] - [SELF-HEALING] Failed to find element with id 'Object Repository/Teacher creates announcements/Page_Cc thng bo/a_Thng bo mi'. Try using Self-healing.

2022-01-16 20:32:33 - [MESSAGE][WARNING] - [SELF-HEALING] The current locator of test object 'Object Repository/Teacher creates announcements/Page_Cc thng bo/a_Thng bo mi' was broken. Propose an alternative one: '//a[contains(text(),'Thông báo mới')]'.

2022-01-16 20:32:35 - [MESSAGE][PASSED] - Object: 'Object Repository/Teacher creates announcements/Page_Cc thng bo/a_Thng bo mi' is clicked on

2022-01-16 20:32:35 - [TEST_STEP][PASSED] - verifyElementText(findTestObject("Object Repository/Teacher creates announcements/Page_NM CNPM Thng bo mi/h3_Thng bo mi"), "Thông báo mới"): Actual text and expected text of test object 'Object Repository/Teacher creates announcements/Page_NM CNPM Thng bo mi/h3_Thng bo mi' are matched.

2022-01-16 20:32:36 - [MESSAGE][PASSED] - Actual text and expected text of test object 'Object Repository/Teacher creates announcements/Page_NM CNPM Thng bo mi/h3_Thng bo mi' are matched.

2022-01-16 20:32:36 - [TEST_STEP][PASSED] - closeBrowser(): Browser is closed

2022-01-16 20:32:38 - [MESSAGE][PASSED] - Browser is closed]]></system-out>
         <system-err><![CDATA[]]></system-err>
      </testcase>
      <testcase name="Test Cases/Teacher creates announcements/Teacher edit announcement" time="97.791" classname="Test Cases/Teacher creates announcements/Teacher edit announcement" status="FAILED">
         <failure type="FAILED" message="Test Cases/Teacher creates announcements/Teacher edit announcement FAILED.
Reason:
com.kms.katalon.core.exception.StepFailedException: Verify element text of test object 'Object Repository/Teacher creates announcements/Page_Cc thng bo/a_Thng bo  c chnh sa' FAILED.
	at com.kms.katalon.core.webui.keyword.internal.WebUIKeywordMain.stepFailed(WebUIKeywordMain.groovy:64)
	at com.kms.katalon.core.webui.keyword.internal.WebUIKeywordMain.runKeyword(WebUIKeywordMain.groovy:26)
	at com.kms.katalon.core.webui.keyword.builtin.VerifyElementTextKeyword.verifyElementText(VerifyElementTextKeyword.groovy:72)
	at com.kms.katalon.core.webui.keyword.builtin.VerifyElementTextKeyword.execute(VerifyElementTextKeyword.groovy:40)
	at com.kms.katalon.core.keyword.internal.KeywordExecutor.executeKeywordForPlatform(KeywordExecutor.groovy:74)
	at com.kms.katalon.core.webui.keyword.WebUiBuiltInKeywords.verifyElementText(WebUiBuiltInKeywords.groovy:4749)
	at com.kms.katalon.core.webui.keyword.WebUiBuiltInKeywords$verifyElementText$5.call(Unknown Source)
	at Teacher edit announcement.run(Teacher edit announcement:69)
	at com.kms.katalon.core.main.ScriptEngine.run(ScriptEngine.java:194)
	at com.kms.katalon.core.main.ScriptEngine.runScriptAsRawText(ScriptEngine.java:119)
	at com.kms.katalon.core.main.TestCaseExecutor.runScript(TestCaseExecutor.java:442)
	at com.kms.katalon.core.main.TestCaseExecutor.doExecute(TestCaseExecutor.java:433)
	at com.kms.katalon.core.main.TestCaseExecutor.processExecutionPhase(TestCaseExecutor.java:412)
	at com.kms.katalon.core.main.TestCaseExecutor.accessMainPhase(TestCaseExecutor.java:404)
	at com.kms.katalon.core.main.TestCaseExecutor.execute(TestCaseExecutor.java:281)
	at com.kms.katalon.core.main.TestCaseExecutor.execute(TestCaseExecutor.java:363)
	at com.kms.katalon.core.main.TestCaseExecutor.execute(TestCaseExecutor.java:363)
	at com.kms.katalon.core.main.TestCaseExecutor.execute(TestCaseExecutor.java:363)
	at com.kms.katalon.core.main.TestSuiteExecutor.accessTestCaseMainPhase(TestSuiteExecutor.java:202)
	at com.kms.katalon.core.main.TestSuiteExecutor.accessTestSuiteMainPhase(TestSuiteExecutor.java:164)
	at com.kms.katalon.core.main.TestSuiteExecutor.execute(TestSuiteExecutor.java:105)
	at com.kms.katalon.core.main.TestCaseMain.startTestSuite(TestCaseMain.java:181)
	at com.kms.katalon.core.main.TestCaseMain$startTestSuite$0.call(Unknown Source)
	at TempTestSuite1642335656208.run(TempTestSuite1642335656208.groovy:36)
Caused by: com.kms.katalon.core.exception.StepFailedException: com.kms.katalon.core.webui.exception.WebElementNotFoundException: Web element with id: 'Object Repository/Teacher creates announcements/Page_Cc thng bo/a_Thng bo  c chnh sa' located by '//div[@id='discussion-list-61d441f130fca61d441f11bd8321']/table/tbody/tr/th/div/a' not found
	at com.kms.katalon.core.webui.keyword.internal.WebUIKeywordMain.stepFailed(WebUIKeywordMain.groovy:64)
	at com.kms.katalon.core.webui.keyword.builtin.VerifyElementTextKeyword$_verifyElementText_closure1.doCall(VerifyElementTextKeyword.groovy:64)
	at com.kms.katalon.core.webui.keyword.builtin.VerifyElementTextKeyword$_verifyElementText_closure1.call(VerifyElementTextKeyword.groovy)
	at com.kms.katalon.core.webui.keyword.internal.WebUIKeywordMain.runKeyword(WebUIKeywordMain.groovy:20)
	... 22 more
"/>
         <system-out><![CDATA[2022-01-16 20:37:42 - [TEST_CASE][FAILED] - Test Cases/Teacher creates announcements/Teacher edit announcement: Test Cases/Teacher creates announcements/Teacher edit announcement FAILED.
Reason:
com.kms.katalon.core.exception.StepFailedException: Verify element text of test object 'Object Repository/Teacher creates announcements/Page_Cc thng bo/a_Thng bo  c chnh sa' FAILED.
	at com.kms.katalon.core.webui.keyword.internal.WebUIKeywordMain.stepFailed(WebUIKeywordMain.groovy:64)
	at com.kms.katalon.core.webui.keyword.internal.WebUIKeywordMain.runKeyword(WebUIKeywordMain.groovy:26)
	at com.kms.katalon.core.webui.keyword.builtin.VerifyElementTextKeyword.verifyElementText(VerifyElementTextKeyword.groovy:72)
	at com.kms.katalon.core.webui.keyword.builtin.VerifyElementTextKeyword.execute(VerifyElementTextKeyword.groovy:40)
	at com.kms.katalon.core.keyword.internal.KeywordExecutor.executeKeywordForPlatform(KeywordExecutor.groovy:74)
	at com.kms.katalon.core.webui.keyword.WebUiBuiltInKeywords.verifyElementText(WebUiBuiltInKeywords.groovy:4749)
	at com.kms.katalon.core.webui.keyword.WebUiBuiltInKeywords$verifyElementText$5.call(Unknown Source)
	at Teacher edit announcement.run(Teacher edit announcement:69)
	at com.kms.katalon.core.main.ScriptEngine.run(ScriptEngine.java:194)
	at com.kms.katalon.core.main.ScriptEngine.runScriptAsRawText(ScriptEngine.java:119)
	at com.kms.katalon.core.main.TestCaseExecutor.runScript(TestCaseExecutor.java:442)
	at com.kms.katalon.core.main.TestCaseExecutor.doExecute(TestCaseExecutor.java:433)
	at com.kms.katalon.core.main.TestCaseExecutor.processExecutionPhase(TestCaseExecutor.java:412)
	at com.kms.katalon.core.main.TestCaseExecutor.accessMainPhase(TestCaseExecutor.java:404)
	at com.kms.katalon.core.main.TestCaseExecutor.execute(TestCaseExecutor.java:281)
	at com.kms.katalon.core.main.TestCaseExecutor.execute(TestCaseExecutor.java:363)
	at com.kms.katalon.core.main.TestCaseExecutor.execute(TestCaseExecutor.java:363)
	at com.kms.katalon.core.main.TestCaseExecutor.execute(TestCaseExecutor.java:363)
	at com.kms.katalon.core.main.TestSuiteExecutor.accessTestCaseMainPhase(TestSuiteExecutor.java:202)
	at com.kms.katalon.core.main.TestSuiteExecutor.accessTestSuiteMainPhase(TestSuiteExecutor.java:164)
	at com.kms.katalon.core.main.TestSuiteExecutor.execute(TestSuiteExecutor.java:105)
	at com.kms.katalon.core.main.TestCaseMain.startTestSuite(TestCaseMain.java:181)
	at com.kms.katalon.core.main.TestCaseMain$startTestSuite$0.call(Unknown Source)
	at TempTestSuite1642335656208.run(TempTestSuite1642335656208.groovy:36)
Caused by: com.kms.katalon.core.exception.StepFailedException: com.kms.katalon.core.webui.exception.WebElementNotFoundException: Web element with id: 'Object Repository/Teacher creates announcements/Page_Cc thng bo/a_Thng bo  c chnh sa' located by '//div[@id='discussion-list-61d441f130fca61d441f11bd8321']/table/tbody/tr/th/div/a' not found
	at com.kms.katalon.core.webui.keyword.internal.WebUIKeywordMain.stepFailed(WebUIKeywordMain.groovy:64)
	at com.kms.katalon.core.webui.keyword.builtin.VerifyElementTextKeyword$_verifyElementText_closure1.doCall(VerifyElementTextKeyword.groovy:64)
	at com.kms.katalon.core.webui.keyword.builtin.VerifyElementTextKeyword$_verifyElementText_closure1.call(VerifyElementTextKeyword.groovy)
	at com.kms.katalon.core.webui.keyword.internal.WebUIKeywordMain.runKeyword(WebUIKeywordMain.groovy:20)
	... 22 more


2022-01-16 20:37:42 - [TEST_STEP][PASSED] - openBrowser(""): Browser is opened with url: ''

2022-01-16 20:37:42 - [MESSAGE][WARNING] - A browser is already opened. Closing browser and opening a new one

2022-01-16 20:37:44 - [MESSAGE][INFO] - Starting 'Edge Chromium' driver

2022-01-16 20:37:46 - [MESSAGE][INFO] - Action delay is set to 0 milliseconds

2022-01-16 20:37:48 - [MESSAGE][PASSED] - Browser is opened with url: ''

2022-01-16 20:37:48 - [TEST_STEP][PASSED] - navigateToUrl("http://localhost/"): Navigate to 'http://localhost/' successfully

2022-01-16 20:37:51 - [MESSAGE][PASSED] - Navigate to 'http://localhost/' successfully

2022-01-16 20:37:51 - [TEST_STEP][PASSED] - click(findTestObject("Object Repository/Teacher creates announcements/Page_Local Moodle/a_Log in")): Object: 'Object Repository/Teacher creates announcements/Page_Local Moodle/a_Log in' is clicked on

2022-01-16 20:37:52 - [MESSAGE][PASSED] - Object: 'Object Repository/Teacher creates announcements/Page_Local Moodle/a_Log in' is clicked on

2022-01-16 20:37:52 - [TEST_STEP][PASSED] - setText(findTestObject("Object Repository/Teacher creates announcements/Page_Local Moodle Log in to the site/input_Username_username"), "lcbinh"): Text 'lcbinh' is set on object 'Object Repository/Teacher creates announcements/Page_Local Moodle Log in to the site/input_Username_username'

2022-01-16 20:37:53 - [MESSAGE][PASSED] - Text 'lcbinh' is set on object 'Object Repository/Teacher creates announcements/Page_Local Moodle Log in to the site/input_Username_username'

2022-01-16 20:37:53 - [TEST_STEP][PASSED] - setEncryptedText(findTestObject("Object Repository/Teacher creates announcements/Page_Local Moodle Log in to the site/input_Password_password"), "o5TCnEIIWq0Pz0TkrK1a2rpuWvRKVWz2"): Text ****** has been set on object 'Object Repository/Teacher creates announcements/Page_Local Moodle Log in to the site/input_Password_password'

2022-01-16 20:37:54 - [MESSAGE][PASSED] - Text ****** has been set on object 'Object Repository/Teacher creates announcements/Page_Local Moodle Log in to the site/input_Password_password'

2022-01-16 20:37:54 - [TEST_STEP][PASSED] - click(findTestObject("Object Repository/Teacher creates announcements/Page_Local Moodle Log in to the site/button_Log in")): Object: 'Object Repository/Teacher creates announcements/Page_Local Moodle Log in to the site/button_Log in' is clicked on

2022-01-16 20:37:57 - [MESSAGE][PASSED] - Object: 'Object Repository/Teacher creates announcements/Page_Local Moodle Log in to the site/button_Log in' is clicked on

2022-01-16 20:37:57 - [TEST_STEP][PASSED] - click(findTestObject("Object Repository/Teacher creates announcements/Page_Nh ca ti/span_Nhp mn Cng ngh phn mm")): Object: 'Object Repository/Teacher creates announcements/Page_Nh ca ti/span_Nhp mn Cng ngh phn mm' is clicked on

2022-01-16 20:38:03 - [MESSAGE][INFO] - Unable to find the element located by 'By.xpath: //div[@id='course-info-container-2-4']/div/div/a/span[3]'. Please recheck the objects properties to make sure the desired element is located. 

2022-01-16 20:38:03 - [MESSAGE][WARNING] - [SELF-HEALING] Failed to find element with id 'Object Repository/Teacher creates announcements/Page_Nh ca ti/span_Nhp mn Cng ngh phn mm'. Try using Self-healing.

2022-01-16 20:38:04 - [MESSAGE][WARNING] - [SELF-HEALING] The current locator of test object 'Object Repository/Teacher creates announcements/Page_Nh ca ti/span_Nhp mn Cng ngh phn mm' was broken. Propose an alternative one: '//span[3]'.

2022-01-16 20:38:05 - [MESSAGE][PASSED] - Object: 'Object Repository/Teacher creates announcements/Page_Nh ca ti/span_Nhp mn Cng ngh phn mm' is clicked on

2022-01-16 20:38:05 - [TEST_STEP][PASSED] - click(findTestObject("Object Repository/Teacher creates announcements/Page_Kha Nhp mn Cng ngh phn mm/span_Cc thng bo Din n")): Object: 'Object Repository/Teacher creates announcements/Page_Kha Nhp mn Cng ngh phn mm/span_Cc thng bo Din n' is clicked on

2022-01-16 20:38:12 - [MESSAGE][INFO] - Unable to find the element located by 'By.xpath: //li[@id='module-1']/div/div/div[2]/div/a/span'. Please recheck the objects properties to make sure the desired element is located. 

2022-01-16 20:38:12 - [MESSAGE][WARNING] - [SELF-HEALING] Failed to find element with id 'Object Repository/Teacher creates announcements/Page_Kha Nhp mn Cng ngh phn mm/span_Cc thng bo Din n'. Try using Self-healing.

2022-01-16 20:38:12 - [MESSAGE][WARNING] - [SELF-HEALING] The current locator of test object 'Object Repository/Teacher creates announcements/Page_Kha Nhp mn Cng ngh phn mm/span_Cc thng bo Din n' was broken. Propose an alternative one: '(.//*[normalize-space(text()) and normalize-space(.)='Chung'])[2]/following::span[1]'.

2022-01-16 20:38:15 - [MESSAGE][PASSED] - Object: 'Object Repository/Teacher creates announcements/Page_Kha Nhp mn Cng ngh phn mm/span_Cc thng bo Din n' is clicked on

2022-01-16 20:38:15 - [TEST_STEP][PASSED] - click(findTestObject("Object Repository/Teacher creates announcements/Page_Cc thng bo/a_Thng bo  c cp nht")): Object: 'Object Repository/Teacher creates announcements/Page_Cc thng bo/a_Thng bo  c cp nht' is clicked on

2022-01-16 20:38:21 - [MESSAGE][INFO] - Unable to find the element located by 'By.xpath: //a[@id='yui_3_17_2_1_1641300376051_496']'. Please recheck the objects properties to make sure the desired element is located. 

2022-01-16 20:38:21 - [MESSAGE][WARNING] - [SELF-HEALING] Failed to find element with id 'Object Repository/Teacher creates announcements/Page_Cc thng bo/a_Thng bo  c cp nht'. Try using Self-healing.

2022-01-16 20:38:21 - [MESSAGE][WARNING] - [SELF-HEALING] The current locator of test object 'Object Repository/Teacher creates announcements/Page_Cc thng bo/a_Thng bo  c cp nht' was broken. Propose an alternative one: '(.//*[normalize-space(text()) and normalize-space(.)='Công Bình Lê'])[2]/preceding::a[1]'.

2022-01-16 20:38:23 - [MESSAGE][PASSED] - Object: 'Object Repository/Teacher creates announcements/Page_Cc thng bo/a_Thng bo  c cp nht' is clicked on

2022-01-16 20:38:23 - [TEST_STEP][PASSED] - verifyElementClickable(findTestObject("Object Repository/Teacher creates announcements/Page_NM CNPM Thng bo  c cp nht/a_Chnh sa")): Object 'Object Repository/Teacher creates announcements/Page_NM CNPM Thng bo  c cp nht/a_Chnh sa' is clickable

2022-01-16 20:38:29 - [MESSAGE][INFO] - Unable to find the element located by 'By.xpath: //article[@id='p10']/div/div/div/div[2]/div[2]/div/a[2]'. Please recheck the objects properties to make sure the desired element is located. 

2022-01-16 20:38:29 - [MESSAGE][WARNING] - [SELF-HEALING] Failed to find element with id 'Object Repository/Teacher creates announcements/Page_NM CNPM Thng bo  c cp nht/a_Chnh sa'. Try using Self-healing.

2022-01-16 20:38:29 - [MESSAGE][WARNING] - [SELF-HEALING] The current locator of test object 'Object Repository/Teacher creates announcements/Page_NM CNPM Thng bo  c cp nht/a_Chnh sa' was broken. Propose an alternative one: '//div[2]/div/a[2]'.

2022-01-16 20:38:29 - [MESSAGE][PASSED] - Object 'Object Repository/Teacher creates announcements/Page_NM CNPM Thng bo  c cp nht/a_Chnh sa' is clickable

2022-01-16 20:38:29 - [TEST_STEP][PASSED] - click(findTestObject("Object Repository/Teacher creates announcements/Page_NM CNPM Thng bo  c cp nht/a_Chnh sa")): Object: 'Object Repository/Teacher creates announcements/Page_NM CNPM Thng bo  c cp nht/a_Chnh sa' is clicked on

2022-01-16 20:38:36 - [MESSAGE][INFO] - Unable to find the element located by 'By.xpath: //article[@id='p10']/div/div/div/div[2]/div[2]/div/a[2]'. Please recheck the objects properties to make sure the desired element is located. 

2022-01-16 20:38:36 - [MESSAGE][WARNING] - [SELF-HEALING] Failed to find element with id 'Object Repository/Teacher creates announcements/Page_NM CNPM Thng bo  c cp nht/a_Chnh sa'. Try using Self-healing.

2022-01-16 20:38:36 - [MESSAGE][WARNING] - [SELF-HEALING] The current locator of test object 'Object Repository/Teacher creates announcements/Page_NM CNPM Thng bo  c cp nht/a_Chnh sa' was broken. Propose an alternative one: '//div[2]/div/a[2]'.

2022-01-16 20:38:39 - [MESSAGE][PASSED] - Object: 'Object Repository/Teacher creates announcements/Page_NM CNPM Thng bo  c cp nht/a_Chnh sa' is clicked on

2022-01-16 20:38:39 - [TEST_STEP][PASSED] - setText(findTestObject("Object Repository/Teacher creates announcements/Page_NM CNPM Thng bo  c cp nht Thng bo  c cp nht/input_Tiu_subject"), "Thông báo đã được chỉnh sửa"): Text 'Thông báo đã được chỉnh sửa' is set on object 'Object Repository/Teacher creates announcements/Page_NM CNPM Thng bo  c cp nht Thng bo  c cp nht/input_Tiu_subject'

2022-01-16 20:38:40 - [MESSAGE][PASSED] - Text 'Thông báo đã được chỉnh sửa' is set on object 'Object Repository/Teacher creates announcements/Page_NM CNPM Thng bo  c cp nht Thng bo  c cp nht/input_Tiu_subject'

2022-01-16 20:38:40 - [TEST_STEP][PASSED] - verifyElementClickable(findTestObject("Object Repository/Teacher creates announcements/Page_NM CNPM Thng bo  c cp nht Thng bo  c cp nht/input__submitbutton")): Object 'Object Repository/Teacher creates announcements/Page_NM CNPM Thng bo  c cp nht Thng bo  c cp nht/input__submitbutton' is clickable

2022-01-16 20:38:41 - [MESSAGE][PASSED] - Object 'Object Repository/Teacher creates announcements/Page_NM CNPM Thng bo  c cp nht Thng bo  c cp nht/input__submitbutton' is clickable

2022-01-16 20:38:41 - [TEST_STEP][PASSED] - click(findTestObject("Object Repository/Teacher creates announcements/Page_NM CNPM Thng bo  c cp nht Thng bo  c cp nht/input__submitbutton")): Object: 'Object Repository/Teacher creates announcements/Page_NM CNPM Thng bo  c cp nht Thng bo  c cp nht/input__submitbutton' is clicked on

2022-01-16 20:38:43 - [MESSAGE][PASSED] - Object: 'Object Repository/Teacher creates announcements/Page_NM CNPM Thng bo  c cp nht Thng bo  c cp nht/input__submitbutton' is clicked on

2022-01-16 20:38:43 - [TEST_STEP][PASSED] - click(findTestObject("Object Repository/Teacher creates announcements/Page_NM CNPM Thng bo  c chnh sa/a_Cng Bnh L")): Object: 'Object Repository/Teacher creates announcements/Page_NM CNPM Thng bo  c chnh sa/a_Cng Bnh L' is clicked on

2022-01-16 20:38:44 - [MESSAGE][PASSED] - Object: 'Object Repository/Teacher creates announcements/Page_NM CNPM Thng bo  c chnh sa/a_Cng Bnh L' is clicked on

2022-01-16 20:38:44 - [TEST_STEP][PASSED] - click(findTestObject("Object Repository/Teacher creates announcements/Page_NM CNPM Thng bo  c chnh sa/a_Thot")): Object: 'Object Repository/Teacher creates announcements/Page_NM CNPM Thng bo  c chnh sa/a_Thot' is clicked on

2022-01-16 20:38:45 - [MESSAGE][PASSED] - Object: 'Object Repository/Teacher creates announcements/Page_NM CNPM Thng bo  c chnh sa/a_Thot' is clicked on

2022-01-16 20:38:45 - [TEST_STEP][PASSED] - click(findTestObject("Object Repository/Teacher creates announcements/Page_Local Moodle/a_Log in")): Object: 'Object Repository/Teacher creates announcements/Page_Local Moodle/a_Log in' is clicked on

2022-01-16 20:38:47 - [MESSAGE][PASSED] - Object: 'Object Repository/Teacher creates announcements/Page_Local Moodle/a_Log in' is clicked on

2022-01-16 20:38:47 - [TEST_STEP][PASSED] - setText(findTestObject("Object Repository/Teacher creates announcements/Page_Local Moodle Log in to the site/input_Username_username"), "hs01"): Text 'hs01' is set on object 'Object Repository/Teacher creates announcements/Page_Local Moodle Log in to the site/input_Username_username'

2022-01-16 20:38:48 - [MESSAGE][PASSED] - Text 'hs01' is set on object 'Object Repository/Teacher creates announcements/Page_Local Moodle Log in to the site/input_Username_username'

2022-01-16 20:38:48 - [TEST_STEP][PASSED] - setEncryptedText(findTestObject("Object Repository/Teacher creates announcements/Page_Local Moodle Log in to the site/input_Password_password"), "o5TCnEIIWq2SeGQhIMNXLQ=="): Text ****** has been set on object 'Object Repository/Teacher creates announcements/Page_Local Moodle Log in to the site/input_Password_password'

2022-01-16 20:38:49 - [MESSAGE][PASSED] - Text ****** has been set on object 'Object Repository/Teacher creates announcements/Page_Local Moodle Log in to the site/input_Password_password'

2022-01-16 20:38:49 - [TEST_STEP][PASSED] - click(findTestObject("Object Repository/Teacher creates announcements/Page_Local Moodle Log in to the site/button_Log in")): Object: 'Object Repository/Teacher creates announcements/Page_Local Moodle Log in to the site/button_Log in' is clicked on

2022-01-16 20:38:51 - [MESSAGE][PASSED] - Object: 'Object Repository/Teacher creates announcements/Page_Local Moodle Log in to the site/button_Log in' is clicked on

2022-01-16 20:38:51 - [TEST_STEP][PASSED] - click(findTestObject("Object Repository/Teacher creates announcements/Page_Nh ca ti/span_Nhp mn Cng ngh phn mm")): Object: 'Object Repository/Teacher creates announcements/Page_Nh ca ti/span_Nhp mn Cng ngh phn mm' is clicked on

2022-01-16 20:38:58 - [MESSAGE][INFO] - Unable to find the element located by 'By.xpath: //div[@id='course-info-container-2-4']/div/div/a/span[3]'. Please recheck the objects properties to make sure the desired element is located. 

2022-01-16 20:38:58 - [MESSAGE][WARNING] - [SELF-HEALING] Failed to find element with id 'Object Repository/Teacher creates announcements/Page_Nh ca ti/span_Nhp mn Cng ngh phn mm'. Try using Self-healing.

2022-01-16 20:38:58 - [MESSAGE][WARNING] - [SELF-HEALING] The current locator of test object 'Object Repository/Teacher creates announcements/Page_Nh ca ti/span_Nhp mn Cng ngh phn mm' was broken. Propose an alternative one: '//span[3]'.

2022-01-16 20:38:59 - [MESSAGE][PASSED] - Object: 'Object Repository/Teacher creates announcements/Page_Nh ca ti/span_Nhp mn Cng ngh phn mm' is clicked on

2022-01-16 20:38:59 - [TEST_STEP][PASSED] - click(findTestObject("Object Repository/Teacher creates announcements/Page_Kha Nhp mn Cng ngh phn mm/span_Cc thng bo Din n")): Object: 'Object Repository/Teacher creates announcements/Page_Kha Nhp mn Cng ngh phn mm/span_Cc thng bo Din n' is clicked on

2022-01-16 20:39:06 - [MESSAGE][INFO] - Unable to find the element located by 'By.xpath: //li[@id='module-1']/div/div/div[2]/div/a/span'. Please recheck the objects properties to make sure the desired element is located. 

2022-01-16 20:39:06 - [MESSAGE][WARNING] - [SELF-HEALING] Failed to find element with id 'Object Repository/Teacher creates announcements/Page_Kha Nhp mn Cng ngh phn mm/span_Cc thng bo Din n'. Try using Self-healing.

2022-01-16 20:39:06 - [MESSAGE][WARNING] - [SELF-HEALING] The current locator of test object 'Object Repository/Teacher creates announcements/Page_Kha Nhp mn Cng ngh phn mm/span_Cc thng bo Din n' was broken. Propose an alternative one: '(.//*[normalize-space(text()) and normalize-space(.)='Chung'])[2]/following::span[1]'.

2022-01-16 20:39:07 - [MESSAGE][PASSED] - Object: 'Object Repository/Teacher creates announcements/Page_Kha Nhp mn Cng ngh phn mm/span_Cc thng bo Din n' is clicked on

2022-01-16 20:39:07 - [TEST_STEP][FAILED] - verifyElementText(findTestObject("Object Repository/Teacher creates announcements/Page_Cc thng bo/a_Thng bo  c chnh sa"), "Thông báo đã được chỉnh sửa"): Verify element text of test object 'Object Repository/Teacher creates announcements/Page_Cc thng bo/a_Thng bo  c chnh sa' FAILED. (Root cause: com.kms.katalon.core.exception.StepFailedException: Verify element text of test object 'Object Repository/Teacher creates announcements/Page_Cc thng bo/a_Thng bo  c chnh sa' FAILED.
	at com.kms.katalon.core.webui.keyword.internal.WebUIKeywordMain.stepFailed(WebUIKeywordMain.groovy:64)
	at com.kms.katalon.core.webui.keyword.internal.WebUIKeywordMain.runKeyword(WebUIKeywordMain.groovy:26)
	at com.kms.katalon.core.webui.keyword.builtin.VerifyElementTextKeyword.verifyElementText(VerifyElementTextKeyword.groovy:72)
	at com.kms.katalon.core.webui.keyword.builtin.VerifyElementTextKeyword.execute(VerifyElementTextKeyword.groovy:40)
	at com.kms.katalon.core.keyword.internal.KeywordExecutor.executeKeywordForPlatform(KeywordExecutor.groovy:74)
	at com.kms.katalon.core.webui.keyword.WebUiBuiltInKeywords.verifyElementText(WebUiBuiltInKeywords.groovy:4749)
	at com.kms.katalon.core.webui.keyword.WebUiBuiltInKeywords$verifyElementText$5.call(Unknown Source)
	at Teacher edit announcement.run(Teacher edit announcement:69)
	at com.kms.katalon.core.main.ScriptEngine.run(ScriptEngine.java:194)
	at com.kms.katalon.core.main.ScriptEngine.runScriptAsRawText(ScriptEngine.java:119)
	at com.kms.katalon.core.main.TestCaseExecutor.runScript(TestCaseExecutor.java:442)
	at com.kms.katalon.core.main.TestCaseExecutor.doExecute(TestCaseExecutor.java:433)
	at com.kms.katalon.core.main.TestCaseExecutor.processExecutionPhase(TestCaseExecutor.java:412)
	at com.kms.katalon.core.main.TestCaseExecutor.accessMainPhase(TestCaseExecutor.java:404)
	at com.kms.katalon.core.main.TestCaseExecutor.execute(TestCaseExecutor.java:281)
	at com.kms.katalon.core.main.TestCaseExecutor.execute(TestCaseExecutor.java:363)
	at com.kms.katalon.core.main.TestCaseExecutor.execute(TestCaseExecutor.java:363)
	at com.kms.katalon.core.main.TestCaseExecutor.execute(TestCaseExecutor.java:363)
	at com.kms.katalon.core.main.TestSuiteExecutor.accessTestCaseMainPhase(TestSuiteExecutor.java:202)
	at com.kms.katalon.core.main.TestSuiteExecutor.accessTestSuiteMainPhase(TestSuiteExecutor.java:164)
	at com.kms.katalon.core.main.TestSuiteExecutor.execute(TestSuiteExecutor.java:105)
	at com.kms.katalon.core.main.TestCaseMain.startTestSuite(TestCaseMain.java:181)
	at com.kms.katalon.core.main.TestCaseMain$startTestSuite$0.call(Unknown Source)
	at TempTestSuite1642335656208.run(TempTestSuite1642335656208.groovy:36)
Caused by: com.kms.katalon.core.exception.StepFailedException: com.kms.katalon.core.webui.exception.WebElementNotFoundException: Web element with id: 'Object Repository/Teacher creates announcements/Page_Cc thng bo/a_Thng bo  c chnh sa' located by '//div[@id='discussion-list-61d441f130fca61d441f11bd8321']/table/tbody/tr/th/div/a' not found
	at com.kms.katalon.core.webui.keyword.internal.WebUIKeywordMain.stepFailed(WebUIKeywordMain.groovy:64)
	at com.kms.katalon.core.webui.keyword.builtin.VerifyElementTextKeyword$_verifyElementText_closure1.doCall(VerifyElementTextKeyword.groovy:64)
	at com.kms.katalon.core.webui.keyword.builtin.VerifyElementTextKeyword$_verifyElementText_closure1.call(VerifyElementTextKeyword.groovy)
	at com.kms.katalon.core.webui.keyword.internal.WebUIKeywordMain.runKeyword(WebUIKeywordMain.groovy:20)
	... 22 more
)

2022-01-16 20:39:13 - [MESSAGE][INFO] - Unable to find the element located by 'By.xpath: //div[@id='discussion-list-61d441f130fca61d441f11bd8321']/table/tbody/tr/th/div/a'. Please recheck the objects properties to make sure the desired element is located. 

2022-01-16 20:39:13 - [MESSAGE][WARNING] - [SELF-HEALING] Failed to find element with id 'Object Repository/Teacher creates announcements/Page_Cc thng bo/a_Thng bo  c chnh sa'. Try using Self-healing.

2022-01-16 20:39:14 - [MESSAGE][INFO] - Unable to find the element located by 'By.xpath: //a[contains(text(),'Thông báo đã được chỉnh sửa')]'. Please recheck the objects properties to make sure the desired element is located. 

2022-01-16 20:39:15 - [MESSAGE][INFO] - [SELF-HEALING] Failed Locator: '//div[@id='discussion-list-61d441f130fca61d441f11bd8321']/table/tbody/tr/th/div/a'.

2022-01-16 20:39:15 - [MESSAGE][INFO] - [SELF-HEALING] Failed Locator: '//a[contains(text(),'Thông báo đã được chỉnh sửa')]'.

2022-01-16 20:39:15 - [MESSAGE][INFO] - [SELF-HEALING] Failed Locator: '(.//*[normalize-space(text()) and normalize-space(.)='Các thao tác'])[1]/following::a[2]'.

2022-01-16 20:39:16 - [MESSAGE][INFO] - [SELF-HEALING] Failed Locator: '(.//*[normalize-space(text()) and normalize-space(.)='Phúc đáp'])[1]/following::a[2]'.

2022-01-16 20:39:16 - [MESSAGE][INFO] - [SELF-HEALING] Failed Locator: '(.//*[normalize-space(text()) and normalize-space(.)='Đã khóa'])[1]/preceding::a[1]'.

2022-01-16 20:39:16 - [MESSAGE][INFO] - [SELF-HEALING] Failed Locator: '(.//*[normalize-space(text()) and normalize-space(.)='Công Bình Lê'])[1]/preceding::a[1]'.

2022-01-16 20:39:17 - [MESSAGE][INFO] - [SELF-HEALING] Failed Locator: '//*/text()[normalize-space(.)='Thông báo đã được chỉnh sửa']/parent::*'.

2022-01-16 20:39:17 - [MESSAGE][INFO] - [SELF-HEALING] Failed Locator: '//a[@href='http://localhost/mod/forum/discuss.php?d=10']'.

2022-01-16 20:39:17 - [MESSAGE][INFO] - [SELF-HEALING] Failed Locator: '//th/div/a'.

2022-01-16 20:39:18 - [MESSAGE][INFO] - Unable to find the element located by 'By.xpath: //*[@href = 'http://localhost/mod/forum/discuss.php?d=10' and @title = 'Thông báo đã được chỉnh sửa' and (text() = '
                                        Thông báo đã được chỉnh sửa
                                    ' or . = '
                                        Thông báo đã được chỉnh sửa
                                    ')]'. Please recheck the objects properties to make sure the desired element is located. 

2022-01-16 20:39:19 - [MESSAGE][INFO] - Unable to find the element located by 'By.cssSelector: a.w-100.h-100.d-block'. Please recheck the objects properties to make sure the desired element is located. 

2022-01-16 20:39:20 - [MESSAGE][FAILED] - com.kms.katalon.core.webui.exception.WebElementNotFoundException: Web element with id: 'Object Repository/Teacher creates announcements/Page_Cc thng bo/a_Thng bo  c chnh sa' located by '//div[@id='discussion-list-61d441f130fca61d441f11bd8321']/table/tbody/tr/th/div/a' not found (Root cause: com.kms.katalon.core.exception.StepFailedException: com.kms.katalon.core.webui.exception.WebElementNotFoundException: Web element with id: 'Object Repository/Teacher creates announcements/Page_Cc thng bo/a_Thng bo  c chnh sa' located by '//div[@id='discussion-list-61d441f130fca61d441f11bd8321']/table/tbody/tr/th/div/a' not found
	at com.kms.katalon.core.webui.keyword.internal.WebUIKeywordMain.stepFailed(WebUIKeywordMain.groovy:64)
	at com.kms.katalon.core.webui.keyword.builtin.VerifyElementTextKeyword$_verifyElementText_closure1.doCall(VerifyElementTextKeyword.groovy:64)
	at com.kms.katalon.core.webui.keyword.builtin.VerifyElementTextKeyword$_verifyElementText_closure1.call(VerifyElementTextKeyword.groovy)
	at com.kms.katalon.core.webui.keyword.internal.WebUIKeywordMain.runKeyword(WebUIKeywordMain.groovy:20)
	at com.kms.katalon.core.webui.keyword.builtin.VerifyElementTextKeyword.verifyElementText(VerifyElementTextKeyword.groovy:72)
	at com.kms.katalon.core.webui.keyword.builtin.VerifyElementTextKeyword.execute(VerifyElementTextKeyword.groovy:40)
	at com.kms.katalon.core.keyword.internal.KeywordExecutor.executeKeywordForPlatform(KeywordExecutor.groovy:74)
	at com.kms.katalon.core.webui.keyword.WebUiBuiltInKeywords.verifyElementText(WebUiBuiltInKeywords.groovy:4749)
	at com.kms.katalon.core.webui.keyword.WebUiBuiltInKeywords$verifyElementText$5.call(Unknown Source)
	at Teacher edit announcement.run(Teacher edit announcement:69)
	at com.kms.katalon.core.main.ScriptEngine.run(ScriptEngine.java:194)
	at com.kms.katalon.core.main.ScriptEngine.runScriptAsRawText(ScriptEngine.java:119)
	at com.kms.katalon.core.main.TestCaseExecutor.runScript(TestCaseExecutor.java:442)
	at com.kms.katalon.core.main.TestCaseExecutor.doExecute(TestCaseExecutor.java:433)
	at com.kms.katalon.core.main.TestCaseExecutor.processExecutionPhase(TestCaseExecutor.java:412)
	at com.kms.katalon.core.main.TestCaseExecutor.accessMainPhase(TestCaseExecutor.java:404)
	at com.kms.katalon.core.main.TestCaseExecutor.execute(TestCaseExecutor.java:281)
	at com.kms.katalon.core.main.TestCaseExecutor.execute(TestCaseExecutor.java:363)
	at com.kms.katalon.core.main.TestCaseExecutor.execute(TestCaseExecutor.java:363)
	at com.kms.katalon.core.main.TestCaseExecutor.execute(TestCaseExecutor.java:363)
	at com.kms.katalon.core.main.TestSuiteExecutor.accessTestCaseMainPhase(TestSuiteExecutor.java:202)
	at com.kms.katalon.core.main.TestSuiteExecutor.accessTestSuiteMainPhase(TestSuiteExecutor.java:164)
	at com.kms.katalon.core.main.TestSuiteExecutor.execute(TestSuiteExecutor.java:105)
	at com.kms.katalon.core.main.TestCaseMain.startTestSuite(TestCaseMain.java:181)
	at com.kms.katalon.core.main.TestCaseMain$startTestSuite$0.call(Unknown Source)
	at TempTestSuite1642335656208.run(TempTestSuite1642335656208.groovy:36)
)
[[ATTACHMENT|C:\\xampp\\htdocs\\moodle\\Test Automation - SE Bonus\\Reports\\20220116_192056\\Run All Test Cases\\20220116_192056\\1642340359998.png]]

2022-01-16 20:39:20 - [MESSAGE][FAILED] - Verify element text of test object 'Object Repository/Teacher creates announcements/Page_Cc thng bo/a_Thng bo  c chnh sa' FAILED. (Root cause: com.kms.katalon.core.exception.StepFailedException: Verify element text of test object 'Object Repository/Teacher creates announcements/Page_Cc thng bo/a_Thng bo  c chnh sa' FAILED.
	at com.kms.katalon.core.webui.keyword.internal.WebUIKeywordMain.stepFailed(WebUIKeywordMain.groovy:64)
	at com.kms.katalon.core.webui.keyword.internal.WebUIKeywordMain.runKeyword(WebUIKeywordMain.groovy:26)
	at com.kms.katalon.core.webui.keyword.builtin.VerifyElementTextKeyword.verifyElementText(VerifyElementTextKeyword.groovy:72)
	at com.kms.katalon.core.webui.keyword.builtin.VerifyElementTextKeyword.execute(VerifyElementTextKeyword.groovy:40)
	at com.kms.katalon.core.keyword.internal.KeywordExecutor.executeKeywordForPlatform(KeywordExecutor.groovy:74)
	at com.kms.katalon.core.webui.keyword.WebUiBuiltInKeywords.verifyElementText(WebUiBuiltInKeywords.groovy:4749)
	at com.kms.katalon.core.webui.keyword.WebUiBuiltInKeywords$verifyElementText$5.call(Unknown Source)
	at Teacher edit announcement.run(Teacher edit announcement:69)
	at com.kms.katalon.core.main.ScriptEngine.run(ScriptEngine.java:194)
	at com.kms.katalon.core.main.ScriptEngine.runScriptAsRawText(ScriptEngine.java:119)
	at com.kms.katalon.core.main.TestCaseExecutor.runScript(TestCaseExecutor.java:442)
	at com.kms.katalon.core.main.TestCaseExecutor.doExecute(TestCaseExecutor.java:433)
	at com.kms.katalon.core.main.TestCaseExecutor.processExecutionPhase(TestCaseExecutor.java:412)
	at com.kms.katalon.core.main.TestCaseExecutor.accessMainPhase(TestCaseExecutor.java:404)
	at com.kms.katalon.core.main.TestCaseExecutor.execute(TestCaseExecutor.java:281)
	at com.kms.katalon.core.main.TestCaseExecutor.execute(TestCaseExecutor.java:363)
	at com.kms.katalon.core.main.TestCaseExecutor.execute(TestCaseExecutor.java:363)
	at com.kms.katalon.core.main.TestCaseExecutor.execute(TestCaseExecutor.java:363)
	at com.kms.katalon.core.main.TestSuiteExecutor.accessTestCaseMainPhase(TestSuiteExecutor.java:202)
	at com.kms.katalon.core.main.TestSuiteExecutor.accessTestSuiteMainPhase(TestSuiteExecutor.java:164)
	at com.kms.katalon.core.main.TestSuiteExecutor.execute(TestSuiteExecutor.java:105)
	at com.kms.katalon.core.main.TestCaseMain.startTestSuite(TestCaseMain.java:181)
	at com.kms.katalon.core.main.TestCaseMain$startTestSuite$0.call(Unknown Source)
	at TempTestSuite1642335656208.run(TempTestSuite1642335656208.groovy:36)
Caused by: com.kms.katalon.core.exception.StepFailedException: com.kms.katalon.core.webui.exception.WebElementNotFoundException: Web element with id: 'Object Repository/Teacher creates announcements/Page_Cc thng bo/a_Thng bo  c chnh sa' located by '//div[@id='discussion-list-61d441f130fca61d441f11bd8321']/table/tbody/tr/th/div/a' not found
	at com.kms.katalon.core.webui.keyword.internal.WebUIKeywordMain.stepFailed(WebUIKeywordMain.groovy:64)
	at com.kms.katalon.core.webui.keyword.builtin.VerifyElementTextKeyword$_verifyElementText_closure1.doCall(VerifyElementTextKeyword.groovy:64)
	at com.kms.katalon.core.webui.keyword.builtin.VerifyElementTextKeyword$_verifyElementText_closure1.call(VerifyElementTextKeyword.groovy)
	at com.kms.katalon.core.webui.keyword.internal.WebUIKeywordMain.runKeyword(WebUIKeywordMain.groovy:20)
	... 22 more
)
[[ATTACHMENT|C:\\xampp\\htdocs\\moodle\\Test Automation - SE Bonus\\Reports\\20220116_192056\\Run All Test Cases\\20220116_192056\\1642340360349.png]]]]></system-out>
         <system-err><![CDATA[2022-01-16 20:37:42 - [TEST_CASE][FAILED] - Test Cases/Teacher creates announcements/Teacher edit announcement: Test Cases/Teacher creates announcements/Teacher edit announcement FAILED.
Reason:
com.kms.katalon.core.exception.StepFailedException: Verify element text of test object 'Object Repository/Teacher creates announcements/Page_Cc thng bo/a_Thng bo  c chnh sa' FAILED.
	at com.kms.katalon.core.webui.keyword.internal.WebUIKeywordMain.stepFailed(WebUIKeywordMain.groovy:64)
	at com.kms.katalon.core.webui.keyword.internal.WebUIKeywordMain.runKeyword(WebUIKeywordMain.groovy:26)
	at com.kms.katalon.core.webui.keyword.builtin.VerifyElementTextKeyword.verifyElementText(VerifyElementTextKeyword.groovy:72)
	at com.kms.katalon.core.webui.keyword.builtin.VerifyElementTextKeyword.execute(VerifyElementTextKeyword.groovy:40)
	at com.kms.katalon.core.keyword.internal.KeywordExecutor.executeKeywordForPlatform(KeywordExecutor.groovy:74)
	at com.kms.katalon.core.webui.keyword.WebUiBuiltInKeywords.verifyElementText(WebUiBuiltInKeywords.groovy:4749)
	at com.kms.katalon.core.webui.keyword.WebUiBuiltInKeywords$verifyElementText$5.call(Unknown Source)
	at Teacher edit announcement.run(Teacher edit announcement:69)
	at com.kms.katalon.core.main.ScriptEngine.run(ScriptEngine.java:194)
	at com.kms.katalon.core.main.ScriptEngine.runScriptAsRawText(ScriptEngine.java:119)
	at com.kms.katalon.core.main.TestCaseExecutor.runScript(TestCaseExecutor.java:442)
	at com.kms.katalon.core.main.TestCaseExecutor.doExecute(TestCaseExecutor.java:433)
	at com.kms.katalon.core.main.TestCaseExecutor.processExecutionPhase(TestCaseExecutor.java:412)
	at com.kms.katalon.core.main.TestCaseExecutor.accessMainPhase(TestCaseExecutor.java:404)
	at com.kms.katalon.core.main.TestCaseExecutor.execute(TestCaseExecutor.java:281)
	at com.kms.katalon.core.main.TestCaseExecutor.execute(TestCaseExecutor.java:363)
	at com.kms.katalon.core.main.TestCaseExecutor.execute(TestCaseExecutor.java:363)
	at com.kms.katalon.core.main.TestCaseExecutor.execute(TestCaseExecutor.java:363)
	at com.kms.katalon.core.main.TestSuiteExecutor.accessTestCaseMainPhase(TestSuiteExecutor.java:202)
	at com.kms.katalon.core.main.TestSuiteExecutor.accessTestSuiteMainPhase(TestSuiteExecutor.java:164)
	at com.kms.katalon.core.main.TestSuiteExecutor.execute(TestSuiteExecutor.java:105)
	at com.kms.katalon.core.main.TestCaseMain.startTestSuite(TestCaseMain.java:181)
	at com.kms.katalon.core.main.TestCaseMain$startTestSuite$0.call(Unknown Source)
	at TempTestSuite1642335656208.run(TempTestSuite1642335656208.groovy:36)
Caused by: com.kms.katalon.core.exception.StepFailedException: com.kms.katalon.core.webui.exception.WebElementNotFoundException: Web element with id: 'Object Repository/Teacher creates announcements/Page_Cc thng bo/a_Thng bo  c chnh sa' located by '//div[@id='discussion-list-61d441f130fca61d441f11bd8321']/table/tbody/tr/th/div/a' not found
	at com.kms.katalon.core.webui.keyword.internal.WebUIKeywordMain.stepFailed(WebUIKeywordMain.groovy:64)
	at com.kms.katalon.core.webui.keyword.builtin.VerifyElementTextKeyword$_verifyElementText_closure1.doCall(VerifyElementTextKeyword.groovy:64)
	at com.kms.katalon.core.webui.keyword.builtin.VerifyElementTextKeyword$_verifyElementText_closure1.call(VerifyElementTextKeyword.groovy)
	at com.kms.katalon.core.webui.keyword.internal.WebUIKeywordMain.runKeyword(WebUIKeywordMain.groovy:20)
	... 22 more]]></system-err>
      </testcase>
      <testcase name="Test Cases/Students answering question being overdue or on time/Answer choice question on time" time="104.286" classname="Test Cases/Students answering question being overdue or on time/Answer choice question on time" status="FAILED">
         <failure type="FAILED" message="Test Cases/Students answering question being overdue or on time/Answer choice question on time FAILED.
Reason:
com.kms.katalon.core.exception.StepFailedException: Unable to click on object 'Object Repository/Student answering question being overdue or on time/Page_Cu hi trc nghim/input__answer'
	at com.kms.katalon.core.webui.keyword.internal.WebUIKeywordMain.stepFailed(WebUIKeywordMain.groovy:64)
	at com.kms.katalon.core.webui.keyword.internal.WebUIKeywordMain.runKeyword(WebUIKeywordMain.groovy:26)
	at com.kms.katalon.core.webui.keyword.builtin.ClickKeyword.click(ClickKeyword.groovy:74)
	at com.kms.katalon.core.webui.keyword.builtin.ClickKeyword.execute(ClickKeyword.groovy:40)
	at com.kms.katalon.core.keyword.internal.KeywordExecutor.executeKeywordForPlatform(KeywordExecutor.groovy:74)
	at com.kms.katalon.core.webui.keyword.WebUiBuiltInKeywords.click(WebUiBuiltInKeywords.groovy:620)
	at com.kms.katalon.core.webui.keyword.WebUiBuiltInKeywords$click$1.call(Unknown Source)
	at Answer choice question on time.run(Answer choice question on time:90)
	at com.kms.katalon.core.main.ScriptEngine.run(ScriptEngine.java:194)
	at com.kms.katalon.core.main.ScriptEngine.runScriptAsRawText(ScriptEngine.java:119)
	at com.kms.katalon.core.main.TestCaseExecutor.runScript(TestCaseExecutor.java:442)
	at com.kms.katalon.core.main.TestCaseExecutor.doExecute(TestCaseExecutor.java:433)
	at com.kms.katalon.core.main.TestCaseExecutor.processExecutionPhase(TestCaseExecutor.java:412)
	at com.kms.katalon.core.main.TestCaseExecutor.accessMainPhase(TestCaseExecutor.java:404)
	at com.kms.katalon.core.main.TestCaseExecutor.execute(TestCaseExecutor.java:281)
	at com.kms.katalon.core.main.TestCaseExecutor.execute(TestCaseExecutor.java:363)
	at com.kms.katalon.core.main.TestCaseExecutor.execute(TestCaseExecutor.java:363)
	at com.kms.katalon.core.main.TestCaseExecutor.execute(TestCaseExecutor.java:363)
	at com.kms.katalon.core.main.TestSuiteExecutor.accessTestCaseMainPhase(TestSuiteExecutor.java:202)
	at com.kms.katalon.core.main.TestSuiteExecutor.accessTestSuiteMainPhase(TestSuiteExecutor.java:164)
	at com.kms.katalon.core.main.TestSuiteExecutor.execute(TestSuiteExecutor.java:105)
	at com.kms.katalon.core.main.TestCaseMain.startTestSuite(TestCaseMain.java:181)
	at com.kms.katalon.core.main.TestCaseMain$startTestSuite$0.call(Unknown Source)
	at TempTestSuite1642335656208.run(TempTestSuite1642335656208.groovy:36)
Caused by: com.kms.katalon.core.webui.exception.WebElementNotFoundException: Web element with id: 'Object Repository/Student answering question being overdue or on time/Page_Cu hi trc nghim/input__answer' located by '//input[@id='choice_1']' not found
	at com.kms.katalon.core.webui.common.WebUiCommonHelper.findWebElement(WebUiCommonHelper.java:1368)
	at com.kms.katalon.core.webui.keyword.internal.WebUIAbstractKeyword.findWebElement(WebUIAbstractKeyword.groovy:27)
	at com.kms.katalon.core.webui.keyword.builtin.ClickKeyword$_click_closure1.doCall(ClickKeyword.groovy:65)
	at com.kms.katalon.core.webui.keyword.builtin.ClickKeyword$_click_closure1.call(ClickKeyword.groovy)
	at com.kms.katalon.core.webui.keyword.internal.WebUIKeywordMain.runKeyword(WebUIKeywordMain.groovy:20)
	... 22 more
"/>
         <system-out><![CDATA[2022-01-16 20:44:50 - [TEST_CASE][FAILED] - Test Cases/Students answering question being overdue or on time/Answer choice question on time: Test Cases/Students answering question being overdue or on time/Answer choice question on time FAILED.
Reason:
com.kms.katalon.core.exception.StepFailedException: Unable to click on object 'Object Repository/Student answering question being overdue or on time/Page_Cu hi trc nghim/input__answer'
	at com.kms.katalon.core.webui.keyword.internal.WebUIKeywordMain.stepFailed(WebUIKeywordMain.groovy:64)
	at com.kms.katalon.core.webui.keyword.internal.WebUIKeywordMain.runKeyword(WebUIKeywordMain.groovy:26)
	at com.kms.katalon.core.webui.keyword.builtin.ClickKeyword.click(ClickKeyword.groovy:74)
	at com.kms.katalon.core.webui.keyword.builtin.ClickKeyword.execute(ClickKeyword.groovy:40)
	at com.kms.katalon.core.keyword.internal.KeywordExecutor.executeKeywordForPlatform(KeywordExecutor.groovy:74)
	at com.kms.katalon.core.webui.keyword.WebUiBuiltInKeywords.click(WebUiBuiltInKeywords.groovy:620)
	at com.kms.katalon.core.webui.keyword.WebUiBuiltInKeywords$click$1.call(Unknown Source)
	at Answer choice question on time.run(Answer choice question on time:90)
	at com.kms.katalon.core.main.ScriptEngine.run(ScriptEngine.java:194)
	at com.kms.katalon.core.main.ScriptEngine.runScriptAsRawText(ScriptEngine.java:119)
	at com.kms.katalon.core.main.TestCaseExecutor.runScript(TestCaseExecutor.java:442)
	at com.kms.katalon.core.main.TestCaseExecutor.doExecute(TestCaseExecutor.java:433)
	at com.kms.katalon.core.main.TestCaseExecutor.processExecutionPhase(TestCaseExecutor.java:412)
	at com.kms.katalon.core.main.TestCaseExecutor.accessMainPhase(TestCaseExecutor.java:404)
	at com.kms.katalon.core.main.TestCaseExecutor.execute(TestCaseExecutor.java:281)
	at com.kms.katalon.core.main.TestCaseExecutor.execute(TestCaseExecutor.java:363)
	at com.kms.katalon.core.main.TestCaseExecutor.execute(TestCaseExecutor.java:363)
	at com.kms.katalon.core.main.TestCaseExecutor.execute(TestCaseExecutor.java:363)
	at com.kms.katalon.core.main.TestSuiteExecutor.accessTestCaseMainPhase(TestSuiteExecutor.java:202)
	at com.kms.katalon.core.main.TestSuiteExecutor.accessTestSuiteMainPhase(TestSuiteExecutor.java:164)
	at com.kms.katalon.core.main.TestSuiteExecutor.execute(TestSuiteExecutor.java:105)
	at com.kms.katalon.core.main.TestCaseMain.startTestSuite(TestCaseMain.java:181)
	at com.kms.katalon.core.main.TestCaseMain$startTestSuite$0.call(Unknown Source)
	at TempTestSuite1642335656208.run(TempTestSuite1642335656208.groovy:36)
Caused by: com.kms.katalon.core.webui.exception.WebElementNotFoundException: Web element with id: 'Object Repository/Student answering question being overdue or on time/Page_Cu hi trc nghim/input__answer' located by '//input[@id='choice_1']' not found
	at com.kms.katalon.core.webui.common.WebUiCommonHelper.findWebElement(WebUiCommonHelper.java:1368)
	at com.kms.katalon.core.webui.keyword.internal.WebUIAbstractKeyword.findWebElement(WebUIAbstractKeyword.groovy:27)
	at com.kms.katalon.core.webui.keyword.builtin.ClickKeyword$_click_closure1.doCall(ClickKeyword.groovy:65)
	at com.kms.katalon.core.webui.keyword.builtin.ClickKeyword$_click_closure1.call(ClickKeyword.groovy)
	at com.kms.katalon.core.webui.keyword.internal.WebUIKeywordMain.runKeyword(WebUIKeywordMain.groovy:20)
	... 22 more


2022-01-16 20:44:50 - [TEST_STEP][PASSED] - openBrowser(""): Browser is opened with url: ''

2022-01-16 20:44:50 - [MESSAGE][WARNING] - A browser is already opened. Closing browser and opening a new one

2022-01-16 20:44:51 - [MESSAGE][INFO] - Starting 'Edge Chromium' driver

2022-01-16 20:44:53 - [MESSAGE][INFO] - Action delay is set to 0 milliseconds

2022-01-16 20:44:55 - [MESSAGE][PASSED] - Browser is opened with url: ''

2022-01-16 20:44:55 - [TEST_STEP][PASSED] - navigateToUrl("http://localhost/"): Navigate to 'http://localhost/' successfully

2022-01-16 20:44:58 - [MESSAGE][PASSED] - Navigate to 'http://localhost/' successfully

2022-01-16 20:44:58 - [TEST_STEP][PASSED] - click(findTestObject("Object Repository/Student answering question being overdue or on time/Page_Local Moodle/a_Log in")): Object: 'Object Repository/Student answering question being overdue or on time/Page_Local Moodle/a_Log in' is clicked on

2022-01-16 20:44:59 - [MESSAGE][PASSED] - Object: 'Object Repository/Student answering question being overdue or on time/Page_Local Moodle/a_Log in' is clicked on

2022-01-16 20:44:59 - [TEST_STEP][PASSED] - setText(findTestObject("Object Repository/Student answering question being overdue or on time/Page_Local Moodle Log in to the site/input_Username_username"), "gv01"): Text 'gv01' is set on object 'Object Repository/Student answering question being overdue or on time/Page_Local Moodle Log in to the site/input_Username_username'

2022-01-16 20:45:00 - [MESSAGE][PASSED] - Text 'gv01' is set on object 'Object Repository/Student answering question being overdue or on time/Page_Local Moodle Log in to the site/input_Username_username'

2022-01-16 20:45:00 - [TEST_STEP][PASSED] - setEncryptedText(findTestObject("Object Repository/Student answering question being overdue or on time/Page_Local Moodle Log in to the site/input_Password_password"), "RigbBhfdqOAWw2eOk0+aVg=="): Text ****** has been set on object 'Object Repository/Student answering question being overdue or on time/Page_Local Moodle Log in to the site/input_Password_password'

2022-01-16 20:45:00 - [MESSAGE][PASSED] - Text ****** has been set on object 'Object Repository/Student answering question being overdue or on time/Page_Local Moodle Log in to the site/input_Password_password'

2022-01-16 20:45:00 - [TEST_STEP][PASSED] - click(findTestObject("Object Repository/Student answering question being overdue or on time/Page_Local Moodle Log in to the site/button_Log in")): Object: 'Object Repository/Student answering question being overdue or on time/Page_Local Moodle Log in to the site/button_Log in' is clicked on

2022-01-16 20:45:03 - [MESSAGE][PASSED] - Object: 'Object Repository/Student answering question being overdue or on time/Page_Local Moodle Log in to the site/button_Log in' is clicked on

2022-01-16 20:45:03 - [TEST_STEP][PASSED] - verifyElementClickable(findTestObject("Object Repository/Student answering question being overdue or on time/Page_Nh ca ti/span_Nhp mn cng ngh phn mm")): Object 'Object Repository/Student answering question being overdue or on time/Page_Nh ca ti/span_Nhp mn cng ngh phn mm' is clickable

2022-01-16 20:45:10 - [MESSAGE][INFO] - Unable to find the element located by 'By.xpath: //div[@id='course-info-container-2-4']/div/div/a/span[3]'. Please recheck the objects properties to make sure the desired element is located. 

2022-01-16 20:45:10 - [MESSAGE][WARNING] - [SELF-HEALING] Failed to find element with id 'Object Repository/Student answering question being overdue or on time/Page_Nh ca ti/span_Nhp mn cng ngh phn mm'. Try using Self-healing.

2022-01-16 20:45:10 - [MESSAGE][WARNING] - [SELF-HEALING] The current locator of test object 'Object Repository/Student answering question being overdue or on time/Page_Nh ca ti/span_Nhp mn cng ngh phn mm' was broken. Propose an alternative one: '//span[3]'.

2022-01-16 20:45:10 - [MESSAGE][PASSED] - Object 'Object Repository/Student answering question being overdue or on time/Page_Nh ca ti/span_Nhp mn cng ngh phn mm' is clickable

2022-01-16 20:45:10 - [TEST_STEP][PASSED] - click(findTestObject("Object Repository/Student answering question being overdue or on time/Page_Nh ca ti/span_Nhp mn cng ngh phn mm")): Object: 'Object Repository/Student answering question being overdue or on time/Page_Nh ca ti/span_Nhp mn cng ngh phn mm' is clicked on

2022-01-16 20:45:16 - [MESSAGE][INFO] - Unable to find the element located by 'By.xpath: //div[@id='course-info-container-2-4']/div/div/a/span[3]'. Please recheck the objects properties to make sure the desired element is located. 

2022-01-16 20:45:16 - [MESSAGE][WARNING] - [SELF-HEALING] Failed to find element with id 'Object Repository/Student answering question being overdue or on time/Page_Nh ca ti/span_Nhp mn cng ngh phn mm'. Try using Self-healing.

2022-01-16 20:45:16 - [MESSAGE][WARNING] - [SELF-HEALING] The current locator of test object 'Object Repository/Student answering question being overdue or on time/Page_Nh ca ti/span_Nhp mn cng ngh phn mm' was broken. Propose an alternative one: '//span[3]'.

2022-01-16 20:45:18 - [MESSAGE][PASSED] - Object: 'Object Repository/Student answering question being overdue or on time/Page_Nh ca ti/span_Nhp mn cng ngh phn mm' is clicked on

2022-01-16 20:45:18 - [TEST_STEP][PASSED] - verifyElementClickable(findTestObject("Object Repository/Student answering question being overdue or on time/Page_Kha Nhp mn cng ngh phn mm/button_Bt ch  chnh sa")): Object 'Object Repository/Student answering question being overdue or on time/Page_Kha Nhp mn cng ngh phn mm/button_Bt ch  chnh sa' is clickable

2022-01-16 20:45:24 - [MESSAGE][INFO] - Unable to find the element located by 'By.xpath: //button[@id='single_button61e025a09a5401']'. Please recheck the objects properties to make sure the desired element is located. 

2022-01-16 20:45:24 - [MESSAGE][WARNING] - [SELF-HEALING] Failed to find element with id 'Object Repository/Student answering question being overdue or on time/Page_Kha Nhp mn cng ngh phn mm/button_Bt ch  chnh sa'. Try using Self-healing.

2022-01-16 20:45:25 - [MESSAGE][WARNING] - [SELF-HEALING] The current locator of test object 'Object Repository/Student answering question being overdue or on time/Page_Kha Nhp mn cng ngh phn mm/button_Bt ch  chnh sa' was broken. Propose an alternative one: '//header[@id='page-header']/div/div/div/div[2]/div[2]/div/form/button'.

2022-01-16 20:45:25 - [MESSAGE][PASSED] - Object 'Object Repository/Student answering question being overdue or on time/Page_Kha Nhp mn cng ngh phn mm/button_Bt ch  chnh sa' is clickable

2022-01-16 20:45:25 - [TEST_STEP][PASSED] - click(findTestObject("Object Repository/Student answering question being overdue or on time/Page_Kha Nhp mn cng ngh phn mm/button_Bt ch  chnh sa")): Object: 'Object Repository/Student answering question being overdue or on time/Page_Kha Nhp mn cng ngh phn mm/button_Bt ch  chnh sa' is clicked on

2022-01-16 20:45:31 - [MESSAGE][INFO] - Unable to find the element located by 'By.xpath: //button[@id='single_button61e025a09a5401']'. Please recheck the objects properties to make sure the desired element is located. 

2022-01-16 20:45:31 - [MESSAGE][WARNING] - [SELF-HEALING] Failed to find element with id 'Object Repository/Student answering question being overdue or on time/Page_Kha Nhp mn cng ngh phn mm/button_Bt ch  chnh sa'. Try using Self-healing.

2022-01-16 20:45:31 - [MESSAGE][WARNING] - [SELF-HEALING] The current locator of test object 'Object Repository/Student answering question being overdue or on time/Page_Kha Nhp mn cng ngh phn mm/button_Bt ch  chnh sa' was broken. Propose an alternative one: '//header[@id='page-header']/div/div/div/div[2]/div[2]/div/form/button'.

2022-01-16 20:45:33 - [MESSAGE][PASSED] - Object: 'Object Repository/Student answering question being overdue or on time/Page_Kha Nhp mn cng ngh phn mm/button_Bt ch  chnh sa' is clicked on

2022-01-16 20:45:33 - [TEST_STEP][PASSED] - click(findTestObject("Object Repository/Student answering question being overdue or on time/Page_Kha Nhp mn cng ngh phn mm/span_Thm hot ng hoc ti nguyn")): Object: 'Object Repository/Student answering question being overdue or on time/Page_Kha Nhp mn cng ngh phn mm/span_Thm hot ng hoc ti nguyn' is clicked on

2022-01-16 20:45:39 - [MESSAGE][INFO] - Unable to find the element located by 'By.xpath: //span[@id='yui_3_17_2_1_1642078463952_611']'. Please recheck the objects properties to make sure the desired element is located. 

2022-01-16 20:45:39 - [MESSAGE][WARNING] - [SELF-HEALING] Failed to find element with id 'Object Repository/Student answering question being overdue or on time/Page_Kha Nhp mn cng ngh phn mm/span_Thm hot ng hoc ti nguyn'. Try using Self-healing.

2022-01-16 20:45:40 - [MESSAGE][WARNING] - [SELF-HEALING] The current locator of test object 'Object Repository/Student answering question being overdue or on time/Page_Kha Nhp mn cng ngh phn mm/span_Thm hot ng hoc ti nguyn' was broken. Propose an alternative one: '(.//*[normalize-space(text()) and normalize-space(.)='Thêm tập tin ở đây'])[2]/following::span[1]'.

2022-01-16 20:45:40 - [MESSAGE][PASSED] - Object: 'Object Repository/Student answering question being overdue or on time/Page_Kha Nhp mn cng ngh phn mm/span_Thm hot ng hoc ti nguyn' is clicked on

2022-01-16 20:45:40 - [TEST_STEP][PASSED] - verifyElementText(findTestObject("Object Repository/Student answering question being overdue or on time/Page_Kha Nhp mn cng ngh phn mm/div_Cu hi thm d"), "Câu hỏi thăm dò"): Actual text and expected text of test object 'Object Repository/Student answering question being overdue or on time/Page_Kha Nhp mn cng ngh phn mm/div_Cu hi thm d' are matched.

2022-01-16 20:45:42 - [MESSAGE][PASSED] - Actual text and expected text of test object 'Object Repository/Student answering question being overdue or on time/Page_Kha Nhp mn cng ngh phn mm/div_Cu hi thm d' are matched.

2022-01-16 20:45:42 - [TEST_STEP][PASSED] - click(findTestObject("Object Repository/Student answering question being overdue or on time/Page_Kha Nhp mn cng ngh phn mm/div_Cu hi thm d")): Object: 'Object Repository/Student answering question being overdue or on time/Page_Kha Nhp mn cng ngh phn mm/div_Cu hi thm d' is clicked on

2022-01-16 20:45:46 - [MESSAGE][PASSED] - Object: 'Object Repository/Student answering question being overdue or on time/Page_Kha Nhp mn cng ngh phn mm/div_Cu hi thm d' is clicked on

2022-01-16 20:45:46 - [TEST_STEP][PASSED] - setText(findTestObject("Object Repository/Student answering question being overdue or on time/Page_Bin son Cu hi thm d/input_Tn cu hi_name"), "Câu hỏi trắc nghiệm"): Text 'Câu hỏi trắc nghiệm' is set on object 'Object Repository/Student answering question being overdue or on time/Page_Bin son Cu hi thm d/input_Tn cu hi_name'

2022-01-16 20:45:47 - [MESSAGE][PASSED] - Text 'Câu hỏi trắc nghiệm' is set on object 'Object Repository/Student answering question being overdue or on time/Page_Bin son Cu hi thm d/input_Tn cu hi_name'

2022-01-16 20:45:47 - [TEST_STEP][PASSED] - setText(findTestObject("Object Repository/Student answering question being overdue or on time/Page_Bin son Cu hi thm d/input_Phng n khng_option0"), "a"): Text 'a' is set on object 'Object Repository/Student answering question being overdue or on time/Page_Bin son Cu hi thm d/input_Phng n khng_option0'

2022-01-16 20:45:48 - [MESSAGE][PASSED] - Text 'a' is set on object 'Object Repository/Student answering question being overdue or on time/Page_Bin son Cu hi thm d/input_Phng n khng_option0'

2022-01-16 20:45:48 - [TEST_STEP][PASSED] - setText(findTestObject("Object Repository/Student answering question being overdue or on time/Page_Bin son Cu hi thm d/input_Phng n khng_option1"), "b"): Text 'b' is set on object 'Object Repository/Student answering question being overdue or on time/Page_Bin son Cu hi thm d/input_Phng n khng_option1'

2022-01-16 20:45:50 - [MESSAGE][PASSED] - Text 'b' is set on object 'Object Repository/Student answering question being overdue or on time/Page_Bin son Cu hi thm d/input_Phng n khng_option1'

2022-01-16 20:45:50 - [TEST_STEP][PASSED] - setText(findTestObject("Object Repository/Student answering question being overdue or on time/Page_Bin son Cu hi thm d/input_Phng n khng_option2"), "c"): Text 'c' is set on object 'Object Repository/Student answering question being overdue or on time/Page_Bin son Cu hi thm d/input_Phng n khng_option2'

2022-01-16 20:45:51 - [MESSAGE][PASSED] - Text 'c' is set on object 'Object Repository/Student answering question being overdue or on time/Page_Bin son Cu hi thm d/input_Phng n khng_option2'

2022-01-16 20:45:51 - [TEST_STEP][PASSED] - setText(findTestObject("Object Repository/Student answering question being overdue or on time/Page_Bin son Cu hi thm d/input_Phng n khng_option3"), "d"): Text 'd' is set on object 'Object Repository/Student answering question being overdue or on time/Page_Bin son Cu hi thm d/input_Phng n khng_option3'

2022-01-16 20:45:52 - [MESSAGE][PASSED] - Text 'd' is set on object 'Object Repository/Student answering question being overdue or on time/Page_Bin son Cu hi thm d/input_Phng n khng_option3'

2022-01-16 20:45:52 - [TEST_STEP][PASSED] - verifyElementClickable(findTestObject("Object Repository/Student answering question being overdue or on time/Page_Bin son Cu hi thm d/input_Gii hn khng_option_add_fields")): Object 'Object Repository/Student answering question being overdue or on time/Page_Bin son Cu hi thm d/input_Gii hn khng_option_add_fields' is clickable

2022-01-16 20:45:52 - [MESSAGE][PASSED] - Object 'Object Repository/Student answering question being overdue or on time/Page_Bin son Cu hi thm d/input_Gii hn khng_option_add_fields' is clickable

2022-01-16 20:45:52 - [TEST_STEP][PASSED] - click(findTestObject("Object Repository/Student answering question being overdue or on time/Page_Bin son Cu hi thm d/input_Gii hn khng_option_add_fields")): Object: 'Object Repository/Student answering question being overdue or on time/Page_Bin son Cu hi thm d/input_Gii hn khng_option_add_fields' is clicked on

2022-01-16 20:45:55 - [MESSAGE][PASSED] - Object: 'Object Repository/Student answering question being overdue or on time/Page_Bin son Cu hi thm d/input_Gii hn khng_option_add_fields' is clicked on

2022-01-16 20:45:55 - [TEST_STEP][PASSED] - click(findTestObject("Object Repository/Student answering question being overdue or on time/Page_Bin son Cu hi thm d/input_Upon activity completion_submitbutton2")): Object: 'Object Repository/Student answering question being overdue or on time/Page_Bin son Cu hi thm d/input_Upon activity completion_submitbutton2' is clicked on

2022-01-16 20:45:58 - [MESSAGE][PASSED] - Object: 'Object Repository/Student answering question being overdue or on time/Page_Bin son Cu hi thm d/input_Upon activity completion_submitbutton2' is clicked on

2022-01-16 20:45:58 - [TEST_STEP][PASSED] - verifyElementClickable(findTestObject("Object Repository/Student answering question being overdue or on time/Page_Kha Nhp mn cng ngh phn mm/span_Cu hi trc nghim Cu hi thm d")): Object 'Object Repository/Student answering question being overdue or on time/Page_Kha Nhp mn cng ngh phn mm/span_Cu hi trc nghim Cu hi thm d' is clickable

2022-01-16 20:45:59 - [MESSAGE][PASSED] - Object 'Object Repository/Student answering question being overdue or on time/Page_Kha Nhp mn cng ngh phn mm/span_Cu hi trc nghim Cu hi thm d' is clickable

2022-01-16 20:45:59 - [TEST_STEP][PASSED] - click(findTestObject("Object Repository/Student answering question being overdue or on time/Page_Kha Nhp mn cng ngh phn mm/a_Van A Nguyen")): Object: 'Object Repository/Student answering question being overdue or on time/Page_Kha Nhp mn cng ngh phn mm/a_Van A Nguyen' is clicked on

2022-01-16 20:46:00 - [MESSAGE][PASSED] - Object: 'Object Repository/Student answering question being overdue or on time/Page_Kha Nhp mn cng ngh phn mm/a_Van A Nguyen' is clicked on

2022-01-16 20:46:00 - [TEST_STEP][PASSED] - click(findTestObject("Object Repository/Student answering question being overdue or on time/Page_Kha Nhp mn cng ngh phn mm/a_Thot")): Object: 'Object Repository/Student answering question being overdue or on time/Page_Kha Nhp mn cng ngh phn mm/a_Thot' is clicked on

2022-01-16 20:46:01 - [MESSAGE][PASSED] - Object: 'Object Repository/Student answering question being overdue or on time/Page_Kha Nhp mn cng ngh phn mm/a_Thot' is clicked on

2022-01-16 20:46:01 - [TEST_STEP][PASSED] - click(findTestObject("Object Repository/Student answering question being overdue or on time/Page_Local Moodle/a_Log in")): Object: 'Object Repository/Student answering question being overdue or on time/Page_Local Moodle/a_Log in' is clicked on

2022-01-16 20:46:02 - [MESSAGE][PASSED] - Object: 'Object Repository/Student answering question being overdue or on time/Page_Local Moodle/a_Log in' is clicked on

2022-01-16 20:46:02 - [TEST_STEP][PASSED] - setText(findTestObject("Object Repository/Student answering question being overdue or on time/Page_Local Moodle Log in to the site/input_Username_username"), "hs02"): Text 'hs02' is set on object 'Object Repository/Student answering question being overdue or on time/Page_Local Moodle Log in to the site/input_Username_username'

2022-01-16 20:46:03 - [MESSAGE][PASSED] - Text 'hs02' is set on object 'Object Repository/Student answering question being overdue or on time/Page_Local Moodle Log in to the site/input_Username_username'

2022-01-16 20:46:03 - [TEST_STEP][PASSED] - setEncryptedText(findTestObject("Object Repository/Student answering question being overdue or on time/Page_Local Moodle Log in to the site/input_Password_password"), "RigbBhfdqOBGP4y92+oMSw=="): Text ****** has been set on object 'Object Repository/Student answering question being overdue or on time/Page_Local Moodle Log in to the site/input_Password_password'

2022-01-16 20:46:04 - [MESSAGE][PASSED] - Text ****** has been set on object 'Object Repository/Student answering question being overdue or on time/Page_Local Moodle Log in to the site/input_Password_password'

2022-01-16 20:46:04 - [TEST_STEP][PASSED] - click(findTestObject("Object Repository/Student answering question being overdue or on time/Page_Local Moodle Log in to the site/button_Log in")): Object: 'Object Repository/Student answering question being overdue or on time/Page_Local Moodle Log in to the site/button_Log in' is clicked on

2022-01-16 20:46:07 - [MESSAGE][PASSED] - Object: 'Object Repository/Student answering question being overdue or on time/Page_Local Moodle Log in to the site/button_Log in' is clicked on

2022-01-16 20:46:07 - [TEST_STEP][PASSED] - click(findTestObject("Object Repository/Student answering question being overdue or on time/Page_Nh ca ti/span_Nhp mn cng ngh phn mm_1")): Object: 'Object Repository/Student answering question being overdue or on time/Page_Nh ca ti/span_Nhp mn cng ngh phn mm_1' is clicked on

2022-01-16 20:46:14 - [MESSAGE][INFO] - Unable to find the element located by 'By.xpath: //div[@id='course-info-container-2-7']/div/div/a/span[3]'. Please recheck the objects properties to make sure the desired element is located. 

2022-01-16 20:46:14 - [MESSAGE][WARNING] - [SELF-HEALING] Failed to find element with id 'Object Repository/Student answering question being overdue or on time/Page_Nh ca ti/span_Nhp mn cng ngh phn mm_1'. Try using Self-healing.

2022-01-16 20:46:14 - [MESSAGE][WARNING] - [SELF-HEALING] The current locator of test object 'Object Repository/Student answering question being overdue or on time/Page_Nh ca ti/span_Nhp mn cng ngh phn mm_1' was broken. Propose an alternative one: '(.//*[normalize-space(text()) and normalize-space(.)='Tên khóa học'])[1]/following::span[1]'.

2022-01-16 20:46:15 - [MESSAGE][PASSED] - Object: 'Object Repository/Student answering question being overdue or on time/Page_Nh ca ti/span_Nhp mn cng ngh phn mm_1' is clicked on

2022-01-16 20:46:15 - [TEST_STEP][PASSED] - click(findTestObject("Object Repository/Student answering question being overdue or on time/Page_Kha Nhp mn cng ngh phn mm/span_Cu hi trc nghim Cu hi thm d_1")): Object: 'Object Repository/Student answering question being overdue or on time/Page_Kha Nhp mn cng ngh phn mm/span_Cu hi trc nghim Cu hi thm d_1' is clicked on

2022-01-16 20:46:22 - [MESSAGE][INFO] - Unable to find the element located by 'By.xpath: //li[@id='module-10']/div/div/div[2]/div/a/span'. Please recheck the objects properties to make sure the desired element is located. 

2022-01-16 20:46:22 - [MESSAGE][WARNING] - [SELF-HEALING] Failed to find element with id 'Object Repository/Student answering question being overdue or on time/Page_Kha Nhp mn cng ngh phn mm/span_Cu hi trc nghim Cu hi thm d_1'. Try using Self-healing.

2022-01-16 20:46:22 - [MESSAGE][WARNING] - [SELF-HEALING] The current locator of test object 'Object Repository/Student answering question being overdue or on time/Page_Kha Nhp mn cng ngh phn mm/span_Cu hi trc nghim Cu hi thm d_1' was broken. Propose an alternative one: '(.//*[normalize-space(text()) and normalize-space(.)='Mark as done'])[1]/following::span[1]'.

2022-01-16 20:46:24 - [MESSAGE][PASSED] - Object: 'Object Repository/Student answering question being overdue or on time/Page_Kha Nhp mn cng ngh phn mm/span_Cu hi trc nghim Cu hi thm d_1' is clicked on

2022-01-16 20:46:24 - [TEST_STEP][FAILED] - click(findTestObject("Object Repository/Student answering question being overdue or on time/Page_Cu hi trc nghim/input__answer")): Unable to click on object 'Object Repository/Student answering question being overdue or on time/Page_Cu hi trc nghim/input__answer' (Root cause: com.kms.katalon.core.exception.StepFailedException: Unable to click on object 'Object Repository/Student answering question being overdue or on time/Page_Cu hi trc nghim/input__answer'
	at com.kms.katalon.core.webui.keyword.internal.WebUIKeywordMain.stepFailed(WebUIKeywordMain.groovy:64)
	at com.kms.katalon.core.webui.keyword.internal.WebUIKeywordMain.runKeyword(WebUIKeywordMain.groovy:26)
	at com.kms.katalon.core.webui.keyword.builtin.ClickKeyword.click(ClickKeyword.groovy:74)
	at com.kms.katalon.core.webui.keyword.builtin.ClickKeyword.execute(ClickKeyword.groovy:40)
	at com.kms.katalon.core.keyword.internal.KeywordExecutor.executeKeywordForPlatform(KeywordExecutor.groovy:74)
	at com.kms.katalon.core.webui.keyword.WebUiBuiltInKeywords.click(WebUiBuiltInKeywords.groovy:620)
	at com.kms.katalon.core.webui.keyword.WebUiBuiltInKeywords$click$1.call(Unknown Source)
	at Answer choice question on time.run(Answer choice question on time:90)
	at com.kms.katalon.core.main.ScriptEngine.run(ScriptEngine.java:194)
	at com.kms.katalon.core.main.ScriptEngine.runScriptAsRawText(ScriptEngine.java:119)
	at com.kms.katalon.core.main.TestCaseExecutor.runScript(TestCaseExecutor.java:442)
	at com.kms.katalon.core.main.TestCaseExecutor.doExecute(TestCaseExecutor.java:433)
	at com.kms.katalon.core.main.TestCaseExecutor.processExecutionPhase(TestCaseExecutor.java:412)
	at com.kms.katalon.core.main.TestCaseExecutor.accessMainPhase(TestCaseExecutor.java:404)
	at com.kms.katalon.core.main.TestCaseExecutor.execute(TestCaseExecutor.java:281)
	at com.kms.katalon.core.main.TestCaseExecutor.execute(TestCaseExecutor.java:363)
	at com.kms.katalon.core.main.TestCaseExecutor.execute(TestCaseExecutor.java:363)
	at com.kms.katalon.core.main.TestCaseExecutor.execute(TestCaseExecutor.java:363)
	at com.kms.katalon.core.main.TestSuiteExecutor.accessTestCaseMainPhase(TestSuiteExecutor.java:202)
	at com.kms.katalon.core.main.TestSuiteExecutor.accessTestSuiteMainPhase(TestSuiteExecutor.java:164)
	at com.kms.katalon.core.main.TestSuiteExecutor.execute(TestSuiteExecutor.java:105)
	at com.kms.katalon.core.main.TestCaseMain.startTestSuite(TestCaseMain.java:181)
	at com.kms.katalon.core.main.TestCaseMain$startTestSuite$0.call(Unknown Source)
	at TempTestSuite1642335656208.run(TempTestSuite1642335656208.groovy:36)
Caused by: com.kms.katalon.core.webui.exception.WebElementNotFoundException: Web element with id: 'Object Repository/Student answering question being overdue or on time/Page_Cu hi trc nghim/input__answer' located by '//input[@id='choice_1']' not found
	at com.kms.katalon.core.webui.common.WebUiCommonHelper.findWebElement(WebUiCommonHelper.java:1368)
	at com.kms.katalon.core.webui.keyword.internal.WebUIAbstractKeyword.findWebElement(WebUIAbstractKeyword.groovy:27)
	at com.kms.katalon.core.webui.keyword.builtin.ClickKeyword$_click_closure1.doCall(ClickKeyword.groovy:65)
	at com.kms.katalon.core.webui.keyword.builtin.ClickKeyword$_click_closure1.call(ClickKeyword.groovy)
	at com.kms.katalon.core.webui.keyword.internal.WebUIKeywordMain.runKeyword(WebUIKeywordMain.groovy:20)
	at com.kms.katalon.core.webui.keyword.builtin.ClickKeyword.click(ClickKeyword.groovy:74)
	at com.kms.katalon.core.webui.keyword.builtin.ClickKeyword.execute(ClickKeyword.groovy:40)
	at com.kms.katalon.core.keyword.internal.KeywordExecutor.executeKeywordForPlatform(KeywordExecutor.groovy:74)
	at com.kms.katalon.core.webui.keyword.WebUiBuiltInKeywords.click(WebUiBuiltInKeywords.groovy:620)
	at com.kms.katalon.core.webui.keyword.WebUiBuiltInKeywords$click$1.call(Unknown Source)
	at Script1641837519929.run(Script1641837519929.groovy:90)
	... 16 more
)

2022-01-16 20:46:31 - [MESSAGE][INFO] - Unable to find the element located by 'By.xpath: //input[@id='choice_1']'. Please recheck the objects properties to make sure the desired element is located. 

2022-01-16 20:46:31 - [MESSAGE][WARNING] - [SELF-HEALING] Failed to find element with id 'Object Repository/Student answering question being overdue or on time/Page_Cu hi trc nghim/input__answer'. Try using Self-healing.

2022-01-16 20:46:31 - [MESSAGE][INFO] - [SELF-HEALING] Failed Locator: '//input[@id='choice_1']'.

2022-01-16 20:46:31 - [MESSAGE][INFO] - [SELF-HEALING] Failed Locator: '//section[@id='region-main']/div/form/ul/li/input'.

2022-01-16 20:46:32 - [MESSAGE][INFO] - [SELF-HEALING] Working Locator: '//input'.

2022-01-16 20:46:32 - [MESSAGE][ERROR] - [SELF-HEALING] Cannot save screenshot to: C:\xampp\htdocs\moodle\Test Automation - SE Bonus\Reports\Self-healing, reason: unknown error: unhandled inspector error: {"code":-32000,"message":"Cannot take screenshot with 0 width."}
  (Session info: MicrosoftEdge=97.0.1072.62)
Build info: version: '3.141.59', revision: 'e82be7d358', time: '2018-11-14T08:25:53'
System info: host: 'DESKTOP-11TAGP6', ip: '192.168.56.1', os.name: 'Windows 10', os.arch: 'amd64', os.version: '10.0', java.version: '1.8.0_282'
Driver info: com.kms.katalon.selenium.driver.CEdgeDriver
Capabilities {acceptInsecureCerts: false, browserName: msedge, browserVersion: 97.0.1072.62, javascriptEnabled: true, ms:edgeOptions: {debuggerAddress: localhost:60225}, msedge: {msedgedriverVersion: 97.0.1072.55 (ce3bf33648805..., userDataDir: C:\Users\W10\AppData\Local\...}, networkConnectionEnabled: false, pageLoadStrategy: normal, platform: WINDOWS, platformName: WINDOWS, proxy: Proxy(), setWindowRect: true, strictFileInteractability: false, timeouts: {implicit: 0, pageLoad: 300000, script: 30000}, unhandledPromptBehavior: dismiss and notify, webauthn:extension:credBlob: true, webauthn:extension:largeBlob: true, webauthn:virtualAuthenticators: true}
Session ID: 1b35737ff20c60018fc3fe9e921150d2.

2022-01-16 20:46:32 - [MESSAGE][ERROR] - [SELF-HEALING] Cannot save screenshot to: C:\xampp\htdocs\moodle\Test Automation - SE Bonus\Reports\Self-healing, reason: unknown error: unhandled inspector error: {"code":-32000,"message":"Cannot take screenshot with 0 width."}
  (Session info: MicrosoftEdge=97.0.1072.62)
Build info: version: '3.141.59', revision: 'e82be7d358', time: '2018-11-14T08:25:53'
System info: host: 'DESKTOP-11TAGP6', ip: '192.168.56.1', os.name: 'Windows 10', os.arch: 'amd64', os.version: '10.0', java.version: '1.8.0_282'
Driver info: com.kms.katalon.selenium.driver.CEdgeDriver
Capabilities {acceptInsecureCerts: false, browserName: msedge, browserVersion: 97.0.1072.62, javascriptEnabled: true, ms:edgeOptions: {debuggerAddress: localhost:60225}, msedge: {msedgedriverVersion: 97.0.1072.55 (ce3bf33648805..., userDataDir: C:\Users\W10\AppData\Local\...}, networkConnectionEnabled: false, pageLoadStrategy: normal, platform: WINDOWS, platformName: WINDOWS, proxy: Proxy(), setWindowRect: true, strictFileInteractability: false, timeouts: {implicit: 0, pageLoad: 300000, script: 30000}, unhandledPromptBehavior: dismiss and notify, webauthn:extension:credBlob: true, webauthn:extension:largeBlob: true, webauthn:virtualAuthenticators: true}
Session ID: 1b35737ff20c60018fc3fe9e921150d2.

2022-01-16 20:46:32 - [MESSAGE][WARNING] - [SELF-HEALING] 'other' is different type of Path

2022-01-16 20:46:33 - [MESSAGE][INFO] - Unable to find the element located by 'By.xpath: //*[@name = 'answer' and @type = 'radio' and @id = 'choice_1']'. Please recheck the objects properties to make sure the desired element is located. 

2022-01-16 20:46:34 - [MESSAGE][INFO] - Unable to find the element located by 'By.cssSelector: #choice_1'. Please recheck the objects properties to make sure the desired element is located. 

2022-01-16 20:46:34 - [MESSAGE][FAILED] - Unable to click on object 'Object Repository/Student answering question being overdue or on time/Page_Cu hi trc nghim/input__answer' (Root cause: com.kms.katalon.core.exception.StepFailedException: Unable to click on object 'Object Repository/Student answering question being overdue or on time/Page_Cu hi trc nghim/input__answer'
	at com.kms.katalon.core.webui.keyword.internal.WebUIKeywordMain.stepFailed(WebUIKeywordMain.groovy:64)
	at com.kms.katalon.core.webui.keyword.internal.WebUIKeywordMain.runKeyword(WebUIKeywordMain.groovy:26)
	at com.kms.katalon.core.webui.keyword.builtin.ClickKeyword.click(ClickKeyword.groovy:74)
	at com.kms.katalon.core.webui.keyword.builtin.ClickKeyword.execute(ClickKeyword.groovy:40)
	at com.kms.katalon.core.keyword.internal.KeywordExecutor.executeKeywordForPlatform(KeywordExecutor.groovy:74)
	at com.kms.katalon.core.webui.keyword.WebUiBuiltInKeywords.click(WebUiBuiltInKeywords.groovy:620)
	at com.kms.katalon.core.webui.keyword.WebUiBuiltInKeywords$click$1.call(Unknown Source)
	at Answer choice question on time.run(Answer choice question on time:90)
	at com.kms.katalon.core.main.ScriptEngine.run(ScriptEngine.java:194)
	at com.kms.katalon.core.main.ScriptEngine.runScriptAsRawText(ScriptEngine.java:119)
	at com.kms.katalon.core.main.TestCaseExecutor.runScript(TestCaseExecutor.java:442)
	at com.kms.katalon.core.main.TestCaseExecutor.doExecute(TestCaseExecutor.java:433)
	at com.kms.katalon.core.main.TestCaseExecutor.processExecutionPhase(TestCaseExecutor.java:412)
	at com.kms.katalon.core.main.TestCaseExecutor.accessMainPhase(TestCaseExecutor.java:404)
	at com.kms.katalon.core.main.TestCaseExecutor.execute(TestCaseExecutor.java:281)
	at com.kms.katalon.core.main.TestCaseExecutor.execute(TestCaseExecutor.java:363)
	at com.kms.katalon.core.main.TestCaseExecutor.execute(TestCaseExecutor.java:363)
	at com.kms.katalon.core.main.TestCaseExecutor.execute(TestCaseExecutor.java:363)
	at com.kms.katalon.core.main.TestSuiteExecutor.accessTestCaseMainPhase(TestSuiteExecutor.java:202)
	at com.kms.katalon.core.main.TestSuiteExecutor.accessTestSuiteMainPhase(TestSuiteExecutor.java:164)
	at com.kms.katalon.core.main.TestSuiteExecutor.execute(TestSuiteExecutor.java:105)
	at com.kms.katalon.core.main.TestCaseMain.startTestSuite(TestCaseMain.java:181)
	at com.kms.katalon.core.main.TestCaseMain$startTestSuite$0.call(Unknown Source)
	at TempTestSuite1642335656208.run(TempTestSuite1642335656208.groovy:36)
Caused by: com.kms.katalon.core.webui.exception.WebElementNotFoundException: Web element with id: 'Object Repository/Student answering question being overdue or on time/Page_Cu hi trc nghim/input__answer' located by '//input[@id='choice_1']' not found
	at com.kms.katalon.core.webui.common.WebUiCommonHelper.findWebElement(WebUiCommonHelper.java:1368)
	at com.kms.katalon.core.webui.keyword.internal.WebUIAbstractKeyword.findWebElement(WebUIAbstractKeyword.groovy:27)
	at com.kms.katalon.core.webui.keyword.builtin.ClickKeyword$_click_closure1.doCall(ClickKeyword.groovy:65)
	at com.kms.katalon.core.webui.keyword.builtin.ClickKeyword$_click_closure1.call(ClickKeyword.groovy)
	at com.kms.katalon.core.webui.keyword.internal.WebUIKeywordMain.runKeyword(WebUIKeywordMain.groovy:20)
	at com.kms.katalon.core.webui.keyword.builtin.ClickKeyword.click(ClickKeyword.groovy:74)
	at com.kms.katalon.core.webui.keyword.builtin.ClickKeyword.execute(ClickKeyword.groovy:40)
	at com.kms.katalon.core.keyword.internal.KeywordExecutor.executeKeywordForPlatform(KeywordExecutor.groovy:74)
	at com.kms.katalon.core.webui.keyword.WebUiBuiltInKeywords.click(WebUiBuiltInKeywords.groovy:620)
	at com.kms.katalon.core.webui.keyword.WebUiBuiltInKeywords$click$1.call(Unknown Source)
	at Script1641837519929.run(Script1641837519929.groovy:90)
	... 16 more
)
[[ATTACHMENT|C:\\xampp\\htdocs\\moodle\\Test Automation - SE Bonus\\Reports\\20220116_192056\\Run All Test Cases\\20220116_192056\\1642340794457.png]]]]></system-out>
         <system-err><![CDATA[2022-01-16 20:44:50 - [TEST_CASE][FAILED] - Test Cases/Students answering question being overdue or on time/Answer choice question on time: Test Cases/Students answering question being overdue or on time/Answer choice question on time FAILED.
Reason:
com.kms.katalon.core.exception.StepFailedException: Unable to click on object 'Object Repository/Student answering question being overdue or on time/Page_Cu hi trc nghim/input__answer'
	at com.kms.katalon.core.webui.keyword.internal.WebUIKeywordMain.stepFailed(WebUIKeywordMain.groovy:64)
	at com.kms.katalon.core.webui.keyword.internal.WebUIKeywordMain.runKeyword(WebUIKeywordMain.groovy:26)
	at com.kms.katalon.core.webui.keyword.builtin.ClickKeyword.click(ClickKeyword.groovy:74)
	at com.kms.katalon.core.webui.keyword.builtin.ClickKeyword.execute(ClickKeyword.groovy:40)
	at com.kms.katalon.core.keyword.internal.KeywordExecutor.executeKeywordForPlatform(KeywordExecutor.groovy:74)
	at com.kms.katalon.core.webui.keyword.WebUiBuiltInKeywords.click(WebUiBuiltInKeywords.groovy:620)
	at com.kms.katalon.core.webui.keyword.WebUiBuiltInKeywords$click$1.call(Unknown Source)
	at Answer choice question on time.run(Answer choice question on time:90)
	at com.kms.katalon.core.main.ScriptEngine.run(ScriptEngine.java:194)
	at com.kms.katalon.core.main.ScriptEngine.runScriptAsRawText(ScriptEngine.java:119)
	at com.kms.katalon.core.main.TestCaseExecutor.runScript(TestCaseExecutor.java:442)
	at com.kms.katalon.core.main.TestCaseExecutor.doExecute(TestCaseExecutor.java:433)
	at com.kms.katalon.core.main.TestCaseExecutor.processExecutionPhase(TestCaseExecutor.java:412)
	at com.kms.katalon.core.main.TestCaseExecutor.accessMainPhase(TestCaseExecutor.java:404)
	at com.kms.katalon.core.main.TestCaseExecutor.execute(TestCaseExecutor.java:281)
	at com.kms.katalon.core.main.TestCaseExecutor.execute(TestCaseExecutor.java:363)
	at com.kms.katalon.core.main.TestCaseExecutor.execute(TestCaseExecutor.java:363)
	at com.kms.katalon.core.main.TestCaseExecutor.execute(TestCaseExecutor.java:363)
	at com.kms.katalon.core.main.TestSuiteExecutor.accessTestCaseMainPhase(TestSuiteExecutor.java:202)
	at com.kms.katalon.core.main.TestSuiteExecutor.accessTestSuiteMainPhase(TestSuiteExecutor.java:164)
	at com.kms.katalon.core.main.TestSuiteExecutor.execute(TestSuiteExecutor.java:105)
	at com.kms.katalon.core.main.TestCaseMain.startTestSuite(TestCaseMain.java:181)
	at com.kms.katalon.core.main.TestCaseMain$startTestSuite$0.call(Unknown Source)
	at TempTestSuite1642335656208.run(TempTestSuite1642335656208.groovy:36)
Caused by: com.kms.katalon.core.webui.exception.WebElementNotFoundException: Web element with id: 'Object Repository/Student answering question being overdue or on time/Page_Cu hi trc nghim/input__answer' located by '//input[@id='choice_1']' not found
	at com.kms.katalon.core.webui.common.WebUiCommonHelper.findWebElement(WebUiCommonHelper.java:1368)
	at com.kms.katalon.core.webui.keyword.internal.WebUIAbstractKeyword.findWebElement(WebUIAbstractKeyword.groovy:27)
	at com.kms.katalon.core.webui.keyword.builtin.ClickKeyword$_click_closure1.doCall(ClickKeyword.groovy:65)
	at com.kms.katalon.core.webui.keyword.builtin.ClickKeyword$_click_closure1.call(ClickKeyword.groovy)
	at com.kms.katalon.core.webui.keyword.internal.WebUIKeywordMain.runKeyword(WebUIKeywordMain.groovy:20)
	... 22 more]]></system-err>
      </testcase>
      <testcase name="Test Cases/Students answering question being overdue or on time/Answer choice question overdue" time="47.024" classname="Test Cases/Students answering question being overdue or on time/Answer choice question overdue" status="PASSED">
         <system-out><![CDATA[2022-01-16 20:46:34 - [TEST_CASE][PASSED] - Test Cases/Students answering question being overdue or on time/Answer choice question overdue: Test Cases/Students answering question being overdue or on time/Answer choice question overdue

2022-01-16 20:46:36 - [TEST_STEP][PASSED] - openBrowser(""): Browser is opened with url: ''

2022-01-16 20:46:36 - [MESSAGE][WARNING] - A browser is already opened. Closing browser and opening a new one

2022-01-16 20:46:38 - [MESSAGE][INFO] - Starting 'Edge Chromium' driver

2022-01-16 20:46:40 - [MESSAGE][INFO] - Action delay is set to 0 milliseconds

2022-01-16 20:46:45 - [MESSAGE][PASSED] - Browser is opened with url: ''

2022-01-16 20:46:45 - [TEST_STEP][PASSED] - navigateToUrl("http://localhost/"): Navigate to 'http://localhost/' successfully

2022-01-16 20:46:50 - [MESSAGE][PASSED] - Navigate to 'http://localhost/' successfully

2022-01-16 20:46:50 - [TEST_STEP][PASSED] - click(findTestObject("Object Repository/Student answering question being overdue or on time/Page_Local Moodle/a_Log in")): Object: 'Object Repository/Student answering question being overdue or on time/Page_Local Moodle/a_Log in' is clicked on

2022-01-16 20:46:53 - [MESSAGE][PASSED] - Object: 'Object Repository/Student answering question being overdue or on time/Page_Local Moodle/a_Log in' is clicked on

2022-01-16 20:46:53 - [TEST_STEP][PASSED] - setText(findTestObject("Object Repository/Student answering question being overdue or on time/Page_Local Moodle Log in to the site/input_Username_username"), "hs02"): Text 'hs02' is set on object 'Object Repository/Student answering question being overdue or on time/Page_Local Moodle Log in to the site/input_Username_username'

2022-01-16 20:46:55 - [MESSAGE][PASSED] - Text 'hs02' is set on object 'Object Repository/Student answering question being overdue or on time/Page_Local Moodle Log in to the site/input_Username_username'

2022-01-16 20:46:55 - [TEST_STEP][PASSED] - setEncryptedText(findTestObject("Object Repository/Student answering question being overdue or on time/Page_Local Moodle Log in to the site/input_Password_password"), "RigbBhfdqOBGP4y92+oMSw=="): Text ****** has been set on object 'Object Repository/Student answering question being overdue or on time/Page_Local Moodle Log in to the site/input_Password_password'

2022-01-16 20:46:57 - [MESSAGE][PASSED] - Text ****** has been set on object 'Object Repository/Student answering question being overdue or on time/Page_Local Moodle Log in to the site/input_Password_password'

2022-01-16 20:46:57 - [TEST_STEP][PASSED] - click(findTestObject("Object Repository/Student answering question being overdue or on time/Page_Local Moodle Log in to the site/button_Log in")): Object: 'Object Repository/Student answering question being overdue or on time/Page_Local Moodle Log in to the site/button_Log in' is clicked on

2022-01-16 20:47:04 - [MESSAGE][PASSED] - Object: 'Object Repository/Student answering question being overdue or on time/Page_Local Moodle Log in to the site/button_Log in' is clicked on

2022-01-16 20:47:04 - [TEST_STEP][PASSED] - click(findTestObject("Object Repository/Student answering question being overdue or on time/Page_Nh ca ti/span_Trang ch h thng")): Object: 'Object Repository/Student answering question being overdue or on time/Page_Nh ca ti/span_Trang ch h thng' is clicked on

2022-01-16 20:47:09 - [MESSAGE][PASSED] - Object: 'Object Repository/Student answering question being overdue or on time/Page_Nh ca ti/span_Trang ch h thng' is clicked on

2022-01-16 20:47:09 - [TEST_STEP][PASSED] - click(findTestObject("Object Repository/Student answering question being overdue or on time/Page_Local Moodle/a_Nhp mn cng ngh phn mm")): Object: 'Object Repository/Student answering question being overdue or on time/Page_Local Moodle/a_Nhp mn cng ngh phn mm' is clicked on

2022-01-16 20:47:13 - [MESSAGE][PASSED] - Object: 'Object Repository/Student answering question being overdue or on time/Page_Local Moodle/a_Nhp mn cng ngh phn mm' is clicked on

2022-01-16 20:47:13 - [TEST_STEP][PASSED] - click(findTestObject("Object Repository/Student answering question being overdue or on time/Page_Kha Nhp mn cng ngh phn mm/span_Cu hi trc nghim Cu hi thm d")): Object: 'Object Repository/Student answering question being overdue or on time/Page_Kha Nhp mn cng ngh phn mm/span_Cu hi trc nghim Cu hi thm d' is clicked on

2022-01-16 20:47:16 - [MESSAGE][PASSED] - Object: 'Object Repository/Student answering question being overdue or on time/Page_Kha Nhp mn cng ngh phn mm/span_Cu hi trc nghim Cu hi thm d' is clicked on

2022-01-16 20:47:16 - [TEST_STEP][PASSED] - verifyElementText(findTestObject("Object Repository/Student answering question being overdue or on time/Page_Cu hi trc nghim/div_Hin khng th xem c kt qu"), "Hiện không thể xem được kết quả."): Actual text and expected text of test object 'Object Repository/Student answering question being overdue or on time/Page_Cu hi trc nghim/div_Hin khng th xem c kt qu' are matched.

2022-01-16 20:47:17 - [MESSAGE][PASSED] - Actual text and expected text of test object 'Object Repository/Student answering question being overdue or on time/Page_Cu hi trc nghim/div_Hin khng th xem c kt qu' are matched.

2022-01-16 20:47:17 - [TEST_STEP][PASSED] - closeBrowser(): Browser is closed

2022-01-16 20:47:21 - [MESSAGE][PASSED] - Browser is closed]]></system-out>
         <system-err><![CDATA[]]></system-err>
      </testcase>
      <testcase name="Test Cases/Students answering question being overdue or on time/Answer text question on time" time="94.446" classname="Test Cases/Students answering question being overdue or on time/Answer text question on time" status="FAILED">
         <failure type="FAILED" message="Test Cases/Students answering question being overdue or on time/Answer text question on time FAILED.
Reason:
com.kms.katalon.core.exception.StepFailedException: Unable to verify object 'Object Repository/Student answering question being overdue or on time/Page_Nh ca ti/span_Nhp mn cng ngh phn mm' to be clickable
	at com.kms.katalon.core.webui.keyword.internal.WebUIKeywordMain.stepFailed(WebUIKeywordMain.groovy:64)
	at com.kms.katalon.core.webui.keyword.internal.WebUIKeywordMain.runKeyword(WebUIKeywordMain.groovy:26)
	at com.kms.katalon.core.webui.keyword.builtin.VerifyElementClickableKeyword.verifyElementClickable(VerifyElementClickableKeyword.groovy:96)
	at com.kms.katalon.core.webui.keyword.builtin.VerifyElementClickableKeyword.execute(VerifyElementClickableKeyword.groovy:67)
	at com.kms.katalon.core.keyword.internal.KeywordExecutor.executeKeywordForPlatform(KeywordExecutor.groovy:74)
	at com.kms.katalon.core.webui.keyword.WebUiBuiltInKeywords.verifyElementClickable(WebUiBuiltInKeywords.groovy:566)
	at com.kms.katalon.core.webui.keyword.WebUiBuiltInKeywords$verifyElementClickable$9.call(Unknown Source)
	at Answer text question on time.run(Answer text question on time:72)
	at com.kms.katalon.core.main.ScriptEngine.run(ScriptEngine.java:194)
	at com.kms.katalon.core.main.ScriptEngine.runScriptAsRawText(ScriptEngine.java:119)
	at com.kms.katalon.core.main.TestCaseExecutor.runScript(TestCaseExecutor.java:442)
	at com.kms.katalon.core.main.TestCaseExecutor.doExecute(TestCaseExecutor.java:433)
	at com.kms.katalon.core.main.TestCaseExecutor.processExecutionPhase(TestCaseExecutor.java:412)
	at com.kms.katalon.core.main.TestCaseExecutor.accessMainPhase(TestCaseExecutor.java:404)
	at com.kms.katalon.core.main.TestCaseExecutor.execute(TestCaseExecutor.java:281)
	at com.kms.katalon.core.main.TestCaseExecutor.execute(TestCaseExecutor.java:363)
	at com.kms.katalon.core.main.TestCaseExecutor.execute(TestCaseExecutor.java:363)
	at com.kms.katalon.core.main.TestCaseExecutor.execute(TestCaseExecutor.java:363)
	at com.kms.katalon.core.main.TestSuiteExecutor.accessTestCaseMainPhase(TestSuiteExecutor.java:202)
	at com.kms.katalon.core.main.TestSuiteExecutor.accessTestSuiteMainPhase(TestSuiteExecutor.java:164)
	at com.kms.katalon.core.main.TestSuiteExecutor.execute(TestSuiteExecutor.java:105)
	at com.kms.katalon.core.main.TestCaseMain.startTestSuite(TestCaseMain.java:181)
	at com.kms.katalon.core.main.TestCaseMain$startTestSuite$0.call(Unknown Source)
	at TempTestSuite1642335656208.run(TempTestSuite1642335656208.groovy:36)
Caused by: com.kms.katalon.core.exception.StepFailedException: Web element with id: 'Object Repository/Student answering question being overdue or on time/Page_Nh ca ti/span_Nhp mn cng ngh phn mm' located by '//div[@id='course-info-container-2-4']/div/div/a/span[3]' not found
	at com.kms.katalon.core.webui.keyword.internal.WebUIKeywordMain.stepFailed(WebUIKeywordMain.groovy:64)
	at com.kms.katalon.core.webui.keyword.builtin.VerifyElementClickableKeyword$_verifyElementClickable_closure1.doCall(VerifyElementClickableKeyword.groovy:88)
	at com.kms.katalon.core.webui.keyword.builtin.VerifyElementClickableKeyword$_verifyElementClickable_closure1.call(VerifyElementClickableKeyword.groovy)
	at com.kms.katalon.core.webui.keyword.internal.WebUIKeywordMain.runKeyword(WebUIKeywordMain.groovy:20)
	... 22 more
"/>
         <system-out><![CDATA[2022-01-16 20:52:20 - [TEST_CASE][FAILED] - Test Cases/Students answering question being overdue or on time/Answer text question on time: Test Cases/Students answering question being overdue or on time/Answer text question on time FAILED.
Reason:
com.kms.katalon.core.exception.StepFailedException: Unable to verify object 'Object Repository/Student answering question being overdue or on time/Page_Nh ca ti/span_Nhp mn cng ngh phn mm' to be clickable
	at com.kms.katalon.core.webui.keyword.internal.WebUIKeywordMain.stepFailed(WebUIKeywordMain.groovy:64)
	at com.kms.katalon.core.webui.keyword.internal.WebUIKeywordMain.runKeyword(WebUIKeywordMain.groovy:26)
	at com.kms.katalon.core.webui.keyword.builtin.VerifyElementClickableKeyword.verifyElementClickable(VerifyElementClickableKeyword.groovy:96)
	at com.kms.katalon.core.webui.keyword.builtin.VerifyElementClickableKeyword.execute(VerifyElementClickableKeyword.groovy:67)
	at com.kms.katalon.core.keyword.internal.KeywordExecutor.executeKeywordForPlatform(KeywordExecutor.groovy:74)
	at com.kms.katalon.core.webui.keyword.WebUiBuiltInKeywords.verifyElementClickable(WebUiBuiltInKeywords.groovy:566)
	at com.kms.katalon.core.webui.keyword.WebUiBuiltInKeywords$verifyElementClickable$9.call(Unknown Source)
	at Answer text question on time.run(Answer text question on time:72)
	at com.kms.katalon.core.main.ScriptEngine.run(ScriptEngine.java:194)
	at com.kms.katalon.core.main.ScriptEngine.runScriptAsRawText(ScriptEngine.java:119)
	at com.kms.katalon.core.main.TestCaseExecutor.runScript(TestCaseExecutor.java:442)
	at com.kms.katalon.core.main.TestCaseExecutor.doExecute(TestCaseExecutor.java:433)
	at com.kms.katalon.core.main.TestCaseExecutor.processExecutionPhase(TestCaseExecutor.java:412)
	at com.kms.katalon.core.main.TestCaseExecutor.accessMainPhase(TestCaseExecutor.java:404)
	at com.kms.katalon.core.main.TestCaseExecutor.execute(TestCaseExecutor.java:281)
	at com.kms.katalon.core.main.TestCaseExecutor.execute(TestCaseExecutor.java:363)
	at com.kms.katalon.core.main.TestCaseExecutor.execute(TestCaseExecutor.java:363)
	at com.kms.katalon.core.main.TestCaseExecutor.execute(TestCaseExecutor.java:363)
	at com.kms.katalon.core.main.TestSuiteExecutor.accessTestCaseMainPhase(TestSuiteExecutor.java:202)
	at com.kms.katalon.core.main.TestSuiteExecutor.accessTestSuiteMainPhase(TestSuiteExecutor.java:164)
	at com.kms.katalon.core.main.TestSuiteExecutor.execute(TestSuiteExecutor.java:105)
	at com.kms.katalon.core.main.TestCaseMain.startTestSuite(TestCaseMain.java:181)
	at com.kms.katalon.core.main.TestCaseMain$startTestSuite$0.call(Unknown Source)
	at TempTestSuite1642335656208.run(TempTestSuite1642335656208.groovy:36)
Caused by: com.kms.katalon.core.exception.StepFailedException: Web element with id: 'Object Repository/Student answering question being overdue or on time/Page_Nh ca ti/span_Nhp mn cng ngh phn mm' located by '//div[@id='course-info-container-2-4']/div/div/a/span[3]' not found
	at com.kms.katalon.core.webui.keyword.internal.WebUIKeywordMain.stepFailed(WebUIKeywordMain.groovy:64)
	at com.kms.katalon.core.webui.keyword.builtin.VerifyElementClickableKeyword$_verifyElementClickable_closure1.doCall(VerifyElementClickableKeyword.groovy:88)
	at com.kms.katalon.core.webui.keyword.builtin.VerifyElementClickableKeyword$_verifyElementClickable_closure1.call(VerifyElementClickableKeyword.groovy)
	at com.kms.katalon.core.webui.keyword.internal.WebUIKeywordMain.runKeyword(WebUIKeywordMain.groovy:20)
	... 22 more


2022-01-16 20:52:20 - [TEST_STEP][PASSED] - openBrowser(""): Browser is opened with url: ''

2022-01-16 20:52:20 - [MESSAGE][WARNING] - A browser is already opened. Closing browser and opening a new one

2022-01-16 20:52:21 - [MESSAGE][INFO] - Starting 'Edge Chromium' driver

2022-01-16 20:52:24 - [MESSAGE][INFO] - Action delay is set to 0 milliseconds

2022-01-16 20:52:25 - [MESSAGE][PASSED] - Browser is opened with url: ''

2022-01-16 20:52:25 - [TEST_STEP][PASSED] - navigateToUrl("http://localhost/"): Navigate to 'http://localhost/' successfully

2022-01-16 20:52:28 - [MESSAGE][PASSED] - Navigate to 'http://localhost/' successfully

2022-01-16 20:52:28 - [TEST_STEP][PASSED] - click(findTestObject("Object Repository/Student answering question being overdue or on time/Page_Local Moodle/a_Log in")): Object: 'Object Repository/Student answering question being overdue or on time/Page_Local Moodle/a_Log in' is clicked on

2022-01-16 20:52:29 - [MESSAGE][PASSED] - Object: 'Object Repository/Student answering question being overdue or on time/Page_Local Moodle/a_Log in' is clicked on

2022-01-16 20:52:29 - [TEST_STEP][PASSED] - setText(findTestObject("Object Repository/Student answering question being overdue or on time/Page_Local Moodle Log in to the site/input_Username_username"), "gv01"): Text 'gv01' is set on object 'Object Repository/Student answering question being overdue or on time/Page_Local Moodle Log in to the site/input_Username_username'

2022-01-16 20:52:30 - [MESSAGE][PASSED] - Text 'gv01' is set on object 'Object Repository/Student answering question being overdue or on time/Page_Local Moodle Log in to the site/input_Username_username'

2022-01-16 20:52:30 - [TEST_STEP][PASSED] - setEncryptedText(findTestObject("Object Repository/Student answering question being overdue or on time/Page_Local Moodle Log in to the site/input_Password_password"), "RigbBhfdqOAWw2eOk0+aVg=="): Text ****** has been set on object 'Object Repository/Student answering question being overdue or on time/Page_Local Moodle Log in to the site/input_Password_password'

2022-01-16 20:52:31 - [MESSAGE][PASSED] - Text ****** has been set on object 'Object Repository/Student answering question being overdue or on time/Page_Local Moodle Log in to the site/input_Password_password'

2022-01-16 20:52:31 - [TEST_STEP][PASSED] - click(findTestObject("Object Repository/Student answering question being overdue or on time/Page_Local Moodle Log in to the site/button_Log in")): Object: 'Object Repository/Student answering question being overdue or on time/Page_Local Moodle Log in to the site/button_Log in' is clicked on

2022-01-16 20:52:34 - [MESSAGE][PASSED] - Object: 'Object Repository/Student answering question being overdue or on time/Page_Local Moodle Log in to the site/button_Log in' is clicked on

2022-01-16 20:52:34 - [TEST_STEP][PASSED] - verifyElementClickable(findTestObject("Object Repository/Student answering question being overdue or on time/Page_Nh ca ti/span_Nhp mn cng ngh phn mm")): Object 'Object Repository/Student answering question being overdue or on time/Page_Nh ca ti/span_Nhp mn cng ngh phn mm' is clickable

2022-01-16 20:52:41 - [MESSAGE][INFO] - Unable to find the element located by 'By.xpath: //div[@id='course-info-container-2-4']/div/div/a/span[3]'. Please recheck the objects properties to make sure the desired element is located. 

2022-01-16 20:52:41 - [MESSAGE][WARNING] - [SELF-HEALING] Failed to find element with id 'Object Repository/Student answering question being overdue or on time/Page_Nh ca ti/span_Nhp mn cng ngh phn mm'. Try using Self-healing.

2022-01-16 20:52:41 - [MESSAGE][WARNING] - [SELF-HEALING] The current locator of test object 'Object Repository/Student answering question being overdue or on time/Page_Nh ca ti/span_Nhp mn cng ngh phn mm' was broken. Propose an alternative one: '//span[3]'.

2022-01-16 20:52:41 - [MESSAGE][PASSED] - Object 'Object Repository/Student answering question being overdue or on time/Page_Nh ca ti/span_Nhp mn cng ngh phn mm' is clickable

2022-01-16 20:52:41 - [TEST_STEP][PASSED] - click(findTestObject("Object Repository/Student answering question being overdue or on time/Page_Nh ca ti/span_Nhp mn cng ngh phn mm")): Object: 'Object Repository/Student answering question being overdue or on time/Page_Nh ca ti/span_Nhp mn cng ngh phn mm' is clicked on

2022-01-16 20:52:48 - [MESSAGE][INFO] - Unable to find the element located by 'By.xpath: //div[@id='course-info-container-2-4']/div/div/a/span[3]'. Please recheck the objects properties to make sure the desired element is located. 

2022-01-16 20:52:48 - [MESSAGE][WARNING] - [SELF-HEALING] Failed to find element with id 'Object Repository/Student answering question being overdue or on time/Page_Nh ca ti/span_Nhp mn cng ngh phn mm'. Try using Self-healing.

2022-01-16 20:52:48 - [MESSAGE][WARNING] - [SELF-HEALING] The current locator of test object 'Object Repository/Student answering question being overdue or on time/Page_Nh ca ti/span_Nhp mn cng ngh phn mm' was broken. Propose an alternative one: '//span[3]'.

2022-01-16 20:52:49 - [MESSAGE][PASSED] - Object: 'Object Repository/Student answering question being overdue or on time/Page_Nh ca ti/span_Nhp mn cng ngh phn mm' is clicked on

2022-01-16 20:52:49 - [TEST_STEP][PASSED] - click(findTestObject("Object Repository/Student answering question being overdue or on time/Page_Kha Nhp mn cng ngh phn mm/button_Bt ch  chnh sa")): Object: 'Object Repository/Student answering question being overdue or on time/Page_Kha Nhp mn cng ngh phn mm/button_Bt ch  chnh sa' is clicked on

2022-01-16 20:52:56 - [MESSAGE][INFO] - Unable to find the element located by 'By.xpath: //button[@id='single_button61e025a09a5401']'. Please recheck the objects properties to make sure the desired element is located. 

2022-01-16 20:52:56 - [MESSAGE][WARNING] - [SELF-HEALING] Failed to find element with id 'Object Repository/Student answering question being overdue or on time/Page_Kha Nhp mn cng ngh phn mm/button_Bt ch  chnh sa'. Try using Self-healing.

2022-01-16 20:52:56 - [MESSAGE][WARNING] - [SELF-HEALING] The current locator of test object 'Object Repository/Student answering question being overdue or on time/Page_Kha Nhp mn cng ngh phn mm/button_Bt ch  chnh sa' was broken. Propose an alternative one: '//header[@id='page-header']/div/div/div/div[2]/div[2]/div/form/button'.

2022-01-16 20:52:58 - [MESSAGE][PASSED] - Object: 'Object Repository/Student answering question being overdue or on time/Page_Kha Nhp mn cng ngh phn mm/button_Bt ch  chnh sa' is clicked on

2022-01-16 20:52:58 - [TEST_STEP][PASSED] - verifyElementClickable(findTestObject("Object Repository/Student answering question being overdue or on time/Page_Kha Nhp mn cng ngh phn mm/span_Thm hot ng hoc ti nguyn")): Object 'Object Repository/Student answering question being overdue or on time/Page_Kha Nhp mn cng ngh phn mm/span_Thm hot ng hoc ti nguyn' is clickable

2022-01-16 20:53:04 - [MESSAGE][INFO] - Unable to find the element located by 'By.xpath: //span[@id='yui_3_17_2_1_1642078463952_611']'. Please recheck the objects properties to make sure the desired element is located. 

2022-01-16 20:53:04 - [MESSAGE][WARNING] - [SELF-HEALING] Failed to find element with id 'Object Repository/Student answering question being overdue or on time/Page_Kha Nhp mn cng ngh phn mm/span_Thm hot ng hoc ti nguyn'. Try using Self-healing.

2022-01-16 20:53:05 - [MESSAGE][WARNING] - [SELF-HEALING] The current locator of test object 'Object Repository/Student answering question being overdue or on time/Page_Kha Nhp mn cng ngh phn mm/span_Thm hot ng hoc ti nguyn' was broken. Propose an alternative one: '(.//*[normalize-space(text()) and normalize-space(.)='Thêm tập tin ở đây'])[2]/following::span[1]'.

2022-01-16 20:53:05 - [MESSAGE][PASSED] - Object 'Object Repository/Student answering question being overdue or on time/Page_Kha Nhp mn cng ngh phn mm/span_Thm hot ng hoc ti nguyn' is clickable

2022-01-16 20:53:05 - [TEST_STEP][PASSED] - click(findTestObject("Object Repository/Student answering question being overdue or on time/Page_Kha Nhp mn cng ngh phn mm/span_Thm hot ng hoc ti nguyn")): Object: 'Object Repository/Student answering question being overdue or on time/Page_Kha Nhp mn cng ngh phn mm/span_Thm hot ng hoc ti nguyn' is clicked on

2022-01-16 20:53:11 - [MESSAGE][INFO] - Unable to find the element located by 'By.xpath: //span[@id='yui_3_17_2_1_1642078463952_611']'. Please recheck the objects properties to make sure the desired element is located. 

2022-01-16 20:53:11 - [MESSAGE][WARNING] - [SELF-HEALING] Failed to find element with id 'Object Repository/Student answering question being overdue or on time/Page_Kha Nhp mn cng ngh phn mm/span_Thm hot ng hoc ti nguyn'. Try using Self-healing.

2022-01-16 20:53:11 - [MESSAGE][WARNING] - [SELF-HEALING] The current locator of test object 'Object Repository/Student answering question being overdue or on time/Page_Kha Nhp mn cng ngh phn mm/span_Thm hot ng hoc ti nguyn' was broken. Propose an alternative one: '(.//*[normalize-space(text()) and normalize-space(.)='Thêm tập tin ở đây'])[2]/following::span[1]'.

2022-01-16 20:53:11 - [MESSAGE][PASSED] - Object: 'Object Repository/Student answering question being overdue or on time/Page_Kha Nhp mn cng ngh phn mm/span_Thm hot ng hoc ti nguyn' is clicked on

2022-01-16 20:53:11 - [TEST_STEP][PASSED] - verifyElementClickable(findTestObject("Object Repository/Student answering question being overdue or on time/Page_Kha Nhp mn cng ngh phn mm/div_Bi tp")): Object 'Object Repository/Student answering question being overdue or on time/Page_Kha Nhp mn cng ngh phn mm/div_Bi tp' is clickable

2022-01-16 20:53:18 - [MESSAGE][INFO] - Unable to find the element located by 'By.xpath: //div[@id='all-4']/div/div[3]/div/a/div[2]'. Please recheck the objects properties to make sure the desired element is located. 

2022-01-16 20:53:18 - [MESSAGE][WARNING] - [SELF-HEALING] Failed to find element with id 'Object Repository/Student answering question being overdue or on time/Page_Kha Nhp mn cng ngh phn mm/div_Bi tp'. Try using Self-healing.

2022-01-16 20:53:18 - [MESSAGE][WARNING] - [SELF-HEALING] The current locator of test object 'Object Repository/Student answering question being overdue or on time/Page_Kha Nhp mn cng ngh phn mm/div_Bi tp' was broken. Propose an alternative one: '(.//*[normalize-space(text()) and normalize-space(.)='Bài học'])[1]/following::div[5]'.

2022-01-16 20:53:18 - [MESSAGE][PASSED] - Object 'Object Repository/Student answering question being overdue or on time/Page_Kha Nhp mn cng ngh phn mm/div_Bi tp' is clickable

2022-01-16 20:53:18 - [TEST_STEP][PASSED] - click(findTestObject("Object Repository/Student answering question being overdue or on time/Page_Kha Nhp mn cng ngh phn mm/div_Bi tp")): Object: 'Object Repository/Student answering question being overdue or on time/Page_Kha Nhp mn cng ngh phn mm/div_Bi tp' is clicked on

2022-01-16 20:53:24 - [MESSAGE][INFO] - Unable to find the element located by 'By.xpath: //div[@id='all-4']/div/div[3]/div/a/div[2]'. Please recheck the objects properties to make sure the desired element is located. 

2022-01-16 20:53:24 - [MESSAGE][WARNING] - [SELF-HEALING] Failed to find element with id 'Object Repository/Student answering question being overdue or on time/Page_Kha Nhp mn cng ngh phn mm/div_Bi tp'. Try using Self-healing.

2022-01-16 20:53:25 - [MESSAGE][WARNING] - [SELF-HEALING] The current locator of test object 'Object Repository/Student answering question being overdue or on time/Page_Kha Nhp mn cng ngh phn mm/div_Bi tp' was broken. Propose an alternative one: '(.//*[normalize-space(text()) and normalize-space(.)='Bài học'])[1]/following::div[5]'.

2022-01-16 20:53:28 - [MESSAGE][PASSED] - Object: 'Object Repository/Student answering question being overdue or on time/Page_Kha Nhp mn cng ngh phn mm/div_Bi tp' is clicked on

2022-01-16 20:53:28 - [TEST_STEP][PASSED] - setText(findTestObject("Object Repository/Student answering question being overdue or on time/Page_Bin son Bi tp/input_Tn bi tp_name"), "Trả lời câu hỏi trực tiếp"): Text 'Trả lời câu hỏi trực tiếp' is set on object 'Object Repository/Student answering question being overdue or on time/Page_Bin son Bi tp/input_Tn bi tp_name'

2022-01-16 20:53:30 - [MESSAGE][PASSED] - Text 'Trả lời câu hỏi trực tiếp' is set on object 'Object Repository/Student answering question being overdue or on time/Page_Bin son Bi tp/input_Tn bi tp_name'

2022-01-16 20:53:30 - [TEST_STEP][PASSED] - setText(findTestObject("Object Repository/Student answering question being overdue or on time/Page_Bin son Bi tp/div_Tr li cu hi sau"), "<p dir="ltr" style="text-align: left;">Trả lời câu hỏi sau</p>"): Text '<p dir="ltr" style="text-align: left;">Trả lời câu hỏi sau</p>' is set on object 'Object Repository/Student answering question being overdue or on time/Page_Bin son Bi tp/div_Tr li cu hi sau'

2022-01-16 20:53:31 - [MESSAGE][PASSED] - Text '<p dir="ltr" style="text-align: left;">Trả lời câu hỏi sau</p>' is set on object 'Object Repository/Student answering question being overdue or on time/Page_Bin son Bi tp/div_Tr li cu hi sau'

2022-01-16 20:53:31 - [TEST_STEP][PASSED] - click(findTestObject("Object Repository/Student answering question being overdue or on time/Page_Bin son Bi tp/input_Vn bn trc tuyn_assignsubmission_onlin_3ee3b4")): Object: 'Object Repository/Student answering question being overdue or on time/Page_Bin son Bi tp/input_Vn bn trc tuyn_assignsubmission_onlin_3ee3b4' is clicked on

2022-01-16 20:53:32 - [MESSAGE][PASSED] - Object: 'Object Repository/Student answering question being overdue or on time/Page_Bin son Bi tp/input_Vn bn trc tuyn_assignsubmission_onlin_3ee3b4' is clicked on

2022-01-16 20:53:32 - [TEST_STEP][PASSED] - click(findTestObject("Object Repository/Student answering question being overdue or on time/Page_Bin son Bi tp/input_Upon activity completion_submitbutton")): Object: 'Object Repository/Student answering question being overdue or on time/Page_Bin son Bi tp/input_Upon activity completion_submitbutton' is clicked on

2022-01-16 20:53:35 - [MESSAGE][PASSED] - Object: 'Object Repository/Student answering question being overdue or on time/Page_Bin son Bi tp/input_Upon activity completion_submitbutton' is clicked on

2022-01-16 20:53:35 - [TEST_STEP][PASSED] - click(findTestObject("Object Repository/Student answering question being overdue or on time/Page_NM CNPM Tr li cu hi trc tip/a_Van A Nguyen")): Object: 'Object Repository/Student answering question being overdue or on time/Page_NM CNPM Tr li cu hi trc tip/a_Van A Nguyen' is clicked on

2022-01-16 20:53:36 - [MESSAGE][PASSED] - Object: 'Object Repository/Student answering question being overdue or on time/Page_NM CNPM Tr li cu hi trc tip/a_Van A Nguyen' is clicked on

2022-01-16 20:53:36 - [TEST_STEP][PASSED] - click(findTestObject("Object Repository/Student answering question being overdue or on time/Page_NM CNPM Tr li cu hi trc tip/a_Thot")): Object: 'Object Repository/Student answering question being overdue or on time/Page_NM CNPM Tr li cu hi trc tip/a_Thot' is clicked on

2022-01-16 20:53:38 - [MESSAGE][PASSED] - Object: 'Object Repository/Student answering question being overdue or on time/Page_NM CNPM Tr li cu hi trc tip/a_Thot' is clicked on

2022-01-16 20:53:38 - [TEST_STEP][PASSED] - click(findTestObject("Object Repository/Student answering question being overdue or on time/Page_Local Moodle/a_Log in")): Object: 'Object Repository/Student answering question being overdue or on time/Page_Local Moodle/a_Log in' is clicked on

2022-01-16 20:53:39 - [MESSAGE][PASSED] - Object: 'Object Repository/Student answering question being overdue or on time/Page_Local Moodle/a_Log in' is clicked on

2022-01-16 20:53:39 - [TEST_STEP][PASSED] - setText(findTestObject("Object Repository/Student answering question being overdue or on time/Page_Local Moodle Log in to the site/input_Username_username"), "hs01"): Text 'hs01' is set on object 'Object Repository/Student answering question being overdue or on time/Page_Local Moodle Log in to the site/input_Username_username'

2022-01-16 20:53:40 - [MESSAGE][PASSED] - Text 'hs01' is set on object 'Object Repository/Student answering question being overdue or on time/Page_Local Moodle Log in to the site/input_Username_username'

2022-01-16 20:53:40 - [TEST_STEP][PASSED] - setEncryptedText(findTestObject("Object Repository/Student answering question being overdue or on time/Page_Local Moodle Log in to the site/input_Password_password"), "RigbBhfdqOBGP4y92+oMSw=="): Text ****** has been set on object 'Object Repository/Student answering question being overdue or on time/Page_Local Moodle Log in to the site/input_Password_password'

2022-01-16 20:53:41 - [MESSAGE][PASSED] - Text ****** has been set on object 'Object Repository/Student answering question being overdue or on time/Page_Local Moodle Log in to the site/input_Password_password'

2022-01-16 20:53:41 - [TEST_STEP][PASSED] - click(findTestObject("Object Repository/Student answering question being overdue or on time/Page_Local Moodle Log in to the site/button_Log in")): Object: 'Object Repository/Student answering question being overdue or on time/Page_Local Moodle Log in to the site/button_Log in' is clicked on

2022-01-16 20:53:42 - [MESSAGE][PASSED] - Object: 'Object Repository/Student answering question being overdue or on time/Page_Local Moodle Log in to the site/button_Log in' is clicked on

2022-01-16 20:53:42 - [TEST_STEP][FAILED] - verifyElementClickable(findTestObject("Object Repository/Student answering question being overdue or on time/Page_Nh ca ti/span_Nhp mn cng ngh phn mm")): Unable to verify object 'Object Repository/Student answering question being overdue or on time/Page_Nh ca ti/span_Nhp mn cng ngh phn mm' to be clickable (Root cause: com.kms.katalon.core.exception.StepFailedException: Unable to verify object 'Object Repository/Student answering question being overdue or on time/Page_Nh ca ti/span_Nhp mn cng ngh phn mm' to be clickable
	at com.kms.katalon.core.webui.keyword.internal.WebUIKeywordMain.stepFailed(WebUIKeywordMain.groovy:64)
	at com.kms.katalon.core.webui.keyword.internal.WebUIKeywordMain.runKeyword(WebUIKeywordMain.groovy:26)
	at com.kms.katalon.core.webui.keyword.builtin.VerifyElementClickableKeyword.verifyElementClickable(VerifyElementClickableKeyword.groovy:96)
	at com.kms.katalon.core.webui.keyword.builtin.VerifyElementClickableKeyword.execute(VerifyElementClickableKeyword.groovy:67)
	at com.kms.katalon.core.keyword.internal.KeywordExecutor.executeKeywordForPlatform(KeywordExecutor.groovy:74)
	at com.kms.katalon.core.webui.keyword.WebUiBuiltInKeywords.verifyElementClickable(WebUiBuiltInKeywords.groovy:566)
	at com.kms.katalon.core.webui.keyword.WebUiBuiltInKeywords$verifyElementClickable$9.call(Unknown Source)
	at Answer text question on time.run(Answer text question on time:72)
	at com.kms.katalon.core.main.ScriptEngine.run(ScriptEngine.java:194)
	at com.kms.katalon.core.main.ScriptEngine.runScriptAsRawText(ScriptEngine.java:119)
	at com.kms.katalon.core.main.TestCaseExecutor.runScript(TestCaseExecutor.java:442)
	at com.kms.katalon.core.main.TestCaseExecutor.doExecute(TestCaseExecutor.java:433)
	at com.kms.katalon.core.main.TestCaseExecutor.processExecutionPhase(TestCaseExecutor.java:412)
	at com.kms.katalon.core.main.TestCaseExecutor.accessMainPhase(TestCaseExecutor.java:404)
	at com.kms.katalon.core.main.TestCaseExecutor.execute(TestCaseExecutor.java:281)
	at com.kms.katalon.core.main.TestCaseExecutor.execute(TestCaseExecutor.java:363)
	at com.kms.katalon.core.main.TestCaseExecutor.execute(TestCaseExecutor.java:363)
	at com.kms.katalon.core.main.TestCaseExecutor.execute(TestCaseExecutor.java:363)
	at com.kms.katalon.core.main.TestSuiteExecutor.accessTestCaseMainPhase(TestSuiteExecutor.java:202)
	at com.kms.katalon.core.main.TestSuiteExecutor.accessTestSuiteMainPhase(TestSuiteExecutor.java:164)
	at com.kms.katalon.core.main.TestSuiteExecutor.execute(TestSuiteExecutor.java:105)
	at com.kms.katalon.core.main.TestCaseMain.startTestSuite(TestCaseMain.java:181)
	at com.kms.katalon.core.main.TestCaseMain$startTestSuite$0.call(Unknown Source)
	at TempTestSuite1642335656208.run(TempTestSuite1642335656208.groovy:36)
Caused by: com.kms.katalon.core.exception.StepFailedException: Web element with id: 'Object Repository/Student answering question being overdue or on time/Page_Nh ca ti/span_Nhp mn cng ngh phn mm' located by '//div[@id='course-info-container-2-4']/div/div/a/span[3]' not found
	at com.kms.katalon.core.webui.keyword.internal.WebUIKeywordMain.stepFailed(WebUIKeywordMain.groovy:64)
	at com.kms.katalon.core.webui.keyword.builtin.VerifyElementClickableKeyword$_verifyElementClickable_closure1.doCall(VerifyElementClickableKeyword.groovy:88)
	at com.kms.katalon.core.webui.keyword.builtin.VerifyElementClickableKeyword$_verifyElementClickable_closure1.call(VerifyElementClickableKeyword.groovy)
	at com.kms.katalon.core.webui.keyword.internal.WebUIKeywordMain.runKeyword(WebUIKeywordMain.groovy:20)
	... 22 more
)

2022-01-16 20:53:48 - [MESSAGE][INFO] - Unable to find the element located by 'By.xpath: //div[@id='course-info-container-2-4']/div/div/a/span[3]'. Please recheck the objects properties to make sure the desired element is located. 

2022-01-16 20:53:48 - [MESSAGE][WARNING] - [SELF-HEALING] Failed to find element with id 'Object Repository/Student answering question being overdue or on time/Page_Nh ca ti/span_Nhp mn cng ngh phn mm'. Try using Self-healing.

2022-01-16 20:53:50 - [MESSAGE][INFO] - Unable to find the element located by 'By.xpath: //span[3]'. Please recheck the objects properties to make sure the desired element is located. 

2022-01-16 20:53:50 - [MESSAGE][INFO] - [SELF-HEALING] Failed Locator: '//div[@id='course-info-container-2-4']/div/div/a/span[3]'.

2022-01-16 20:53:50 - [MESSAGE][INFO] - [SELF-HEALING] Failed Locator: '(.//*[normalize-space(text()) and normalize-space(.)='Tên khóa học'])[1]/following::span[1]'.

2022-01-16 20:53:51 - [MESSAGE][INFO] - [SELF-HEALING] Failed Locator: '(.//*[normalize-space(text()) and normalize-space(.)='Khóa học được đánh dấu sao'])[1]/following::span[2]'.

2022-01-16 20:53:51 - [MESSAGE][INFO] - [SELF-HEALING] Failed Locator: '(.//*[normalize-space(text()) and normalize-space(.)='Bỏ qua Course overview'])[1]/preceding::span[2]'.

2022-01-16 20:53:51 - [MESSAGE][INFO] - [SELF-HEALING] Failed Locator: '(.//*[normalize-space(text()) and normalize-space(.)='Course overview'])[1]/preceding::span[2]'.

2022-01-16 20:53:52 - [MESSAGE][INFO] - [SELF-HEALING] Failed Locator: '//*/text()[normalize-space(.)='Nhập môn công nghệ phần mềm']/parent::*'.

2022-01-16 20:53:52 - [MESSAGE][INFO] - [SELF-HEALING] Failed Locator: '//span[3]'.

2022-01-16 20:53:53 - [MESSAGE][INFO] - Unable to find the element located by 'By.xpath: //*[(text() = 'Nhập môn công nghệ phần mềm' or . = 'Nhập môn công nghệ phần mềm')]'. Please recheck the objects properties to make sure the desired element is located. 

2022-01-16 20:53:54 - [MESSAGE][INFO] - Unable to find the element located by 'By.cssSelector: a.aalink.coursename.mr-2 > span.text-truncate'. Please recheck the objects properties to make sure the desired element is located. 

2022-01-16 20:53:54 - [MESSAGE][FAILED] - Web element with id: 'Object Repository/Student answering question being overdue or on time/Page_Nh ca ti/span_Nhp mn cng ngh phn mm' located by '//div[@id='course-info-container-2-4']/div/div/a/span[3]' not found (Root cause: com.kms.katalon.core.exception.StepFailedException: Web element with id: 'Object Repository/Student answering question being overdue or on time/Page_Nh ca ti/span_Nhp mn cng ngh phn mm' located by '//div[@id='course-info-container-2-4']/div/div/a/span[3]' not found
	at com.kms.katalon.core.webui.keyword.internal.WebUIKeywordMain.stepFailed(WebUIKeywordMain.groovy:64)
	at com.kms.katalon.core.webui.keyword.builtin.VerifyElementClickableKeyword$_verifyElementClickable_closure1.doCall(VerifyElementClickableKeyword.groovy:88)
	at com.kms.katalon.core.webui.keyword.builtin.VerifyElementClickableKeyword$_verifyElementClickable_closure1.call(VerifyElementClickableKeyword.groovy)
	at com.kms.katalon.core.webui.keyword.internal.WebUIKeywordMain.runKeyword(WebUIKeywordMain.groovy:20)
	at com.kms.katalon.core.webui.keyword.builtin.VerifyElementClickableKeyword.verifyElementClickable(VerifyElementClickableKeyword.groovy:96)
	at com.kms.katalon.core.webui.keyword.builtin.VerifyElementClickableKeyword.execute(VerifyElementClickableKeyword.groovy:67)
	at com.kms.katalon.core.keyword.internal.KeywordExecutor.executeKeywordForPlatform(KeywordExecutor.groovy:74)
	at com.kms.katalon.core.webui.keyword.WebUiBuiltInKeywords.verifyElementClickable(WebUiBuiltInKeywords.groovy:566)
	at com.kms.katalon.core.webui.keyword.WebUiBuiltInKeywords$verifyElementClickable$9.call(Unknown Source)
	at Answer text question on time.run(Answer text question on time:72)
	at com.kms.katalon.core.main.ScriptEngine.run(ScriptEngine.java:194)
	at com.kms.katalon.core.main.ScriptEngine.runScriptAsRawText(ScriptEngine.java:119)
	at com.kms.katalon.core.main.TestCaseExecutor.runScript(TestCaseExecutor.java:442)
	at com.kms.katalon.core.main.TestCaseExecutor.doExecute(TestCaseExecutor.java:433)
	at com.kms.katalon.core.main.TestCaseExecutor.processExecutionPhase(TestCaseExecutor.java:412)
	at com.kms.katalon.core.main.TestCaseExecutor.accessMainPhase(TestCaseExecutor.java:404)
	at com.kms.katalon.core.main.TestCaseExecutor.execute(TestCaseExecutor.java:281)
	at com.kms.katalon.core.main.TestCaseExecutor.execute(TestCaseExecutor.java:363)
	at com.kms.katalon.core.main.TestCaseExecutor.execute(TestCaseExecutor.java:363)
	at com.kms.katalon.core.main.TestCaseExecutor.execute(TestCaseExecutor.java:363)
	at com.kms.katalon.core.main.TestSuiteExecutor.accessTestCaseMainPhase(TestSuiteExecutor.java:202)
	at com.kms.katalon.core.main.TestSuiteExecutor.accessTestSuiteMainPhase(TestSuiteExecutor.java:164)
	at com.kms.katalon.core.main.TestSuiteExecutor.execute(TestSuiteExecutor.java:105)
	at com.kms.katalon.core.main.TestCaseMain.startTestSuite(TestCaseMain.java:181)
	at com.kms.katalon.core.main.TestCaseMain$startTestSuite$0.call(Unknown Source)
	at TempTestSuite1642335656208.run(TempTestSuite1642335656208.groovy:36)
)
[[ATTACHMENT|C:\\xampp\\htdocs\\moodle\\Test Automation - SE Bonus\\Reports\\20220116_192056\\Run All Test Cases\\20220116_192056\\1642341234655.png]]

2022-01-16 20:53:54 - [MESSAGE][FAILED] - Unable to verify object 'Object Repository/Student answering question being overdue or on time/Page_Nh ca ti/span_Nhp mn cng ngh phn mm' to be clickable (Root cause: com.kms.katalon.core.exception.StepFailedException: Unable to verify object 'Object Repository/Student answering question being overdue or on time/Page_Nh ca ti/span_Nhp mn cng ngh phn mm' to be clickable
	at com.kms.katalon.core.webui.keyword.internal.WebUIKeywordMain.stepFailed(WebUIKeywordMain.groovy:64)
	at com.kms.katalon.core.webui.keyword.internal.WebUIKeywordMain.runKeyword(WebUIKeywordMain.groovy:26)
	at com.kms.katalon.core.webui.keyword.builtin.VerifyElementClickableKeyword.verifyElementClickable(VerifyElementClickableKeyword.groovy:96)
	at com.kms.katalon.core.webui.keyword.builtin.VerifyElementClickableKeyword.execute(VerifyElementClickableKeyword.groovy:67)
	at com.kms.katalon.core.keyword.internal.KeywordExecutor.executeKeywordForPlatform(KeywordExecutor.groovy:74)
	at com.kms.katalon.core.webui.keyword.WebUiBuiltInKeywords.verifyElementClickable(WebUiBuiltInKeywords.groovy:566)
	at com.kms.katalon.core.webui.keyword.WebUiBuiltInKeywords$verifyElementClickable$9.call(Unknown Source)
	at Answer text question on time.run(Answer text question on time:72)
	at com.kms.katalon.core.main.ScriptEngine.run(ScriptEngine.java:194)
	at com.kms.katalon.core.main.ScriptEngine.runScriptAsRawText(ScriptEngine.java:119)
	at com.kms.katalon.core.main.TestCaseExecutor.runScript(TestCaseExecutor.java:442)
	at com.kms.katalon.core.main.TestCaseExecutor.doExecute(TestCaseExecutor.java:433)
	at com.kms.katalon.core.main.TestCaseExecutor.processExecutionPhase(TestCaseExecutor.java:412)
	at com.kms.katalon.core.main.TestCaseExecutor.accessMainPhase(TestCaseExecutor.java:404)
	at com.kms.katalon.core.main.TestCaseExecutor.execute(TestCaseExecutor.java:281)
	at com.kms.katalon.core.main.TestCaseExecutor.execute(TestCaseExecutor.java:363)
	at com.kms.katalon.core.main.TestCaseExecutor.execute(TestCaseExecutor.java:363)
	at com.kms.katalon.core.main.TestCaseExecutor.execute(TestCaseExecutor.java:363)
	at com.kms.katalon.core.main.TestSuiteExecutor.accessTestCaseMainPhase(TestSuiteExecutor.java:202)
	at com.kms.katalon.core.main.TestSuiteExecutor.accessTestSuiteMainPhase(TestSuiteExecutor.java:164)
	at com.kms.katalon.core.main.TestSuiteExecutor.execute(TestSuiteExecutor.java:105)
	at com.kms.katalon.core.main.TestCaseMain.startTestSuite(TestCaseMain.java:181)
	at com.kms.katalon.core.main.TestCaseMain$startTestSuite$0.call(Unknown Source)
	at TempTestSuite1642335656208.run(TempTestSuite1642335656208.groovy:36)
Caused by: com.kms.katalon.core.exception.StepFailedException: Web element with id: 'Object Repository/Student answering question being overdue or on time/Page_Nh ca ti/span_Nhp mn cng ngh phn mm' located by '//div[@id='course-info-container-2-4']/div/div/a/span[3]' not found
	at com.kms.katalon.core.webui.keyword.internal.WebUIKeywordMain.stepFailed(WebUIKeywordMain.groovy:64)
	at com.kms.katalon.core.webui.keyword.builtin.VerifyElementClickableKeyword$_verifyElementClickable_closure1.doCall(VerifyElementClickableKeyword.groovy:88)
	at com.kms.katalon.core.webui.keyword.builtin.VerifyElementClickableKeyword$_verifyElementClickable_closure1.call(VerifyElementClickableKeyword.groovy)
	at com.kms.katalon.core.webui.keyword.internal.WebUIKeywordMain.runKeyword(WebUIKeywordMain.groovy:20)
	... 22 more
)
[[ATTACHMENT|C:\\xampp\\htdocs\\moodle\\Test Automation - SE Bonus\\Reports\\20220116_192056\\Run All Test Cases\\20220116_192056\\1642341234805.png]]]]></system-out>
         <system-err><![CDATA[2022-01-16 20:52:20 - [TEST_CASE][FAILED] - Test Cases/Students answering question being overdue or on time/Answer text question on time: Test Cases/Students answering question being overdue or on time/Answer text question on time FAILED.
Reason:
com.kms.katalon.core.exception.StepFailedException: Unable to verify object 'Object Repository/Student answering question being overdue or on time/Page_Nh ca ti/span_Nhp mn cng ngh phn mm' to be clickable
	at com.kms.katalon.core.webui.keyword.internal.WebUIKeywordMain.stepFailed(WebUIKeywordMain.groovy:64)
	at com.kms.katalon.core.webui.keyword.internal.WebUIKeywordMain.runKeyword(WebUIKeywordMain.groovy:26)
	at com.kms.katalon.core.webui.keyword.builtin.VerifyElementClickableKeyword.verifyElementClickable(VerifyElementClickableKeyword.groovy:96)
	at com.kms.katalon.core.webui.keyword.builtin.VerifyElementClickableKeyword.execute(VerifyElementClickableKeyword.groovy:67)
	at com.kms.katalon.core.keyword.internal.KeywordExecutor.executeKeywordForPlatform(KeywordExecutor.groovy:74)
	at com.kms.katalon.core.webui.keyword.WebUiBuiltInKeywords.verifyElementClickable(WebUiBuiltInKeywords.groovy:566)
	at com.kms.katalon.core.webui.keyword.WebUiBuiltInKeywords$verifyElementClickable$9.call(Unknown Source)
	at Answer text question on time.run(Answer text question on time:72)
	at com.kms.katalon.core.main.ScriptEngine.run(ScriptEngine.java:194)
	at com.kms.katalon.core.main.ScriptEngine.runScriptAsRawText(ScriptEngine.java:119)
	at com.kms.katalon.core.main.TestCaseExecutor.runScript(TestCaseExecutor.java:442)
	at com.kms.katalon.core.main.TestCaseExecutor.doExecute(TestCaseExecutor.java:433)
	at com.kms.katalon.core.main.TestCaseExecutor.processExecutionPhase(TestCaseExecutor.java:412)
	at com.kms.katalon.core.main.TestCaseExecutor.accessMainPhase(TestCaseExecutor.java:404)
	at com.kms.katalon.core.main.TestCaseExecutor.execute(TestCaseExecutor.java:281)
	at com.kms.katalon.core.main.TestCaseExecutor.execute(TestCaseExecutor.java:363)
	at com.kms.katalon.core.main.TestCaseExecutor.execute(TestCaseExecutor.java:363)
	at com.kms.katalon.core.main.TestCaseExecutor.execute(TestCaseExecutor.java:363)
	at com.kms.katalon.core.main.TestSuiteExecutor.accessTestCaseMainPhase(TestSuiteExecutor.java:202)
	at com.kms.katalon.core.main.TestSuiteExecutor.accessTestSuiteMainPhase(TestSuiteExecutor.java:164)
	at com.kms.katalon.core.main.TestSuiteExecutor.execute(TestSuiteExecutor.java:105)
	at com.kms.katalon.core.main.TestCaseMain.startTestSuite(TestCaseMain.java:181)
	at com.kms.katalon.core.main.TestCaseMain$startTestSuite$0.call(Unknown Source)
	at TempTestSuite1642335656208.run(TempTestSuite1642335656208.groovy:36)
Caused by: com.kms.katalon.core.exception.StepFailedException: Web element with id: 'Object Repository/Student answering question being overdue or on time/Page_Nh ca ti/span_Nhp mn cng ngh phn mm' located by '//div[@id='course-info-container-2-4']/div/div/a/span[3]' not found
	at com.kms.katalon.core.webui.keyword.internal.WebUIKeywordMain.stepFailed(WebUIKeywordMain.groovy:64)
	at com.kms.katalon.core.webui.keyword.builtin.VerifyElementClickableKeyword$_verifyElementClickable_closure1.doCall(VerifyElementClickableKeyword.groovy:88)
	at com.kms.katalon.core.webui.keyword.builtin.VerifyElementClickableKeyword$_verifyElementClickable_closure1.call(VerifyElementClickableKeyword.groovy)
	at com.kms.katalon.core.webui.keyword.internal.WebUIKeywordMain.runKeyword(WebUIKeywordMain.groovy:20)
	... 22 more]]></system-err>
      </testcase>
      <testcase name="Test Cases/Students answering question being overdue or on time/Answer text question overdue" time="41.723" classname="Test Cases/Students answering question being overdue or on time/Answer text question overdue" status="FAILED">
         <failure type="FAILED" message="Test Cases/Students answering question being overdue or on time/Answer text question overdue FAILED.
Reason:
com.kms.katalon.core.exception.StepFailedException: Unable to click on object 'Object Repository/Page_Kha Software Engineering/span_Thm hot ng hoc ti nguyn (7) (1)'
	at com.kms.katalon.core.webui.keyword.internal.WebUIKeywordMain.stepFailed(WebUIKeywordMain.groovy:64)
	at com.kms.katalon.core.webui.keyword.internal.WebUIKeywordMain.runKeyword(WebUIKeywordMain.groovy:26)
	at com.kms.katalon.core.webui.keyword.builtin.ClickKeyword.click(ClickKeyword.groovy:74)
	at com.kms.katalon.core.webui.keyword.builtin.ClickKeyword.execute(ClickKeyword.groovy:40)
	at com.kms.katalon.core.keyword.internal.KeywordExecutor.executeKeywordForPlatform(KeywordExecutor.groovy:74)
	at com.kms.katalon.core.webui.keyword.WebUiBuiltInKeywords.click(WebUiBuiltInKeywords.groovy:620)
	at com.kms.katalon.core.webui.keyword.WebUiBuiltInKeywords$click$1.call(Unknown Source)
	at Answer text question overdue.run(Answer text question overdue:40)
	at com.kms.katalon.core.main.ScriptEngine.run(ScriptEngine.java:194)
	at com.kms.katalon.core.main.ScriptEngine.runScriptAsRawText(ScriptEngine.java:119)
	at com.kms.katalon.core.main.TestCaseExecutor.runScript(TestCaseExecutor.java:442)
	at com.kms.katalon.core.main.TestCaseExecutor.doExecute(TestCaseExecutor.java:433)
	at com.kms.katalon.core.main.TestCaseExecutor.processExecutionPhase(TestCaseExecutor.java:412)
	at com.kms.katalon.core.main.TestCaseExecutor.accessMainPhase(TestCaseExecutor.java:404)
	at com.kms.katalon.core.main.TestCaseExecutor.execute(TestCaseExecutor.java:281)
	at com.kms.katalon.core.main.TestCaseExecutor.execute(TestCaseExecutor.java:363)
	at com.kms.katalon.core.main.TestCaseExecutor.execute(TestCaseExecutor.java:363)
	at com.kms.katalon.core.main.TestCaseExecutor.execute(TestCaseExecutor.java:363)
	at com.kms.katalon.core.main.TestSuiteExecutor.accessTestCaseMainPhase(TestSuiteExecutor.java:202)
	at com.kms.katalon.core.main.TestSuiteExecutor.accessTestSuiteMainPhase(TestSuiteExecutor.java:164)
	at com.kms.katalon.core.main.TestSuiteExecutor.execute(TestSuiteExecutor.java:105)
	at com.kms.katalon.core.main.TestCaseMain.startTestSuite(TestCaseMain.java:181)
	at com.kms.katalon.core.main.TestCaseMain$startTestSuite$0.call(Unknown Source)
	at TempTestSuite1642335656208.run(TempTestSuite1642335656208.groovy:36)
Caused by: com.kms.katalon.core.webui.exception.WebElementNotFoundException: Web element with id: 'Object Repository/Page_Kha Software Engineering/span_Thm hot ng hoc ti nguyn (7) (1)' located by '//span[@id='yui_3_17_2_1_1642087881011_619']' not found
	at com.kms.katalon.core.webui.common.WebUiCommonHelper.findWebElement(WebUiCommonHelper.java:1368)
	at com.kms.katalon.core.webui.keyword.internal.WebUIAbstractKeyword.findWebElement(WebUIAbstractKeyword.groovy:27)
	at com.kms.katalon.core.webui.keyword.builtin.ClickKeyword$_click_closure1.doCall(ClickKeyword.groovy:65)
	at com.kms.katalon.core.webui.keyword.builtin.ClickKeyword$_click_closure1.call(ClickKeyword.groovy)
	at com.kms.katalon.core.webui.keyword.internal.WebUIKeywordMain.runKeyword(WebUIKeywordMain.groovy:20)
	... 22 more
"/>
         <system-out><![CDATA[2022-01-16 20:56:04 - [TEST_CASE][FAILED] - Test Cases/Students answering question being overdue or on time/Answer text question overdue: Test Cases/Students answering question being overdue or on time/Answer text question overdue FAILED.
Reason:
com.kms.katalon.core.exception.StepFailedException: Unable to click on object 'Object Repository/Page_Kha Software Engineering/span_Thm hot ng hoc ti nguyn (7) (1)'
	at com.kms.katalon.core.webui.keyword.internal.WebUIKeywordMain.stepFailed(WebUIKeywordMain.groovy:64)
	at com.kms.katalon.core.webui.keyword.internal.WebUIKeywordMain.runKeyword(WebUIKeywordMain.groovy:26)
	at com.kms.katalon.core.webui.keyword.builtin.ClickKeyword.click(ClickKeyword.groovy:74)
	at com.kms.katalon.core.webui.keyword.builtin.ClickKeyword.execute(ClickKeyword.groovy:40)
	at com.kms.katalon.core.keyword.internal.KeywordExecutor.executeKeywordForPlatform(KeywordExecutor.groovy:74)
	at com.kms.katalon.core.webui.keyword.WebUiBuiltInKeywords.click(WebUiBuiltInKeywords.groovy:620)
	at com.kms.katalon.core.webui.keyword.WebUiBuiltInKeywords$click$1.call(Unknown Source)
	at Answer text question overdue.run(Answer text question overdue:40)
	at com.kms.katalon.core.main.ScriptEngine.run(ScriptEngine.java:194)
	at com.kms.katalon.core.main.ScriptEngine.runScriptAsRawText(ScriptEngine.java:119)
	at com.kms.katalon.core.main.TestCaseExecutor.runScript(TestCaseExecutor.java:442)
	at com.kms.katalon.core.main.TestCaseExecutor.doExecute(TestCaseExecutor.java:433)
	at com.kms.katalon.core.main.TestCaseExecutor.processExecutionPhase(TestCaseExecutor.java:412)
	at com.kms.katalon.core.main.TestCaseExecutor.accessMainPhase(TestCaseExecutor.java:404)
	at com.kms.katalon.core.main.TestCaseExecutor.execute(TestCaseExecutor.java:281)
	at com.kms.katalon.core.main.TestCaseExecutor.execute(TestCaseExecutor.java:363)
	at com.kms.katalon.core.main.TestCaseExecutor.execute(TestCaseExecutor.java:363)
	at com.kms.katalon.core.main.TestCaseExecutor.execute(TestCaseExecutor.java:363)
	at com.kms.katalon.core.main.TestSuiteExecutor.accessTestCaseMainPhase(TestSuiteExecutor.java:202)
	at com.kms.katalon.core.main.TestSuiteExecutor.accessTestSuiteMainPhase(TestSuiteExecutor.java:164)
	at com.kms.katalon.core.main.TestSuiteExecutor.execute(TestSuiteExecutor.java:105)
	at com.kms.katalon.core.main.TestCaseMain.startTestSuite(TestCaseMain.java:181)
	at com.kms.katalon.core.main.TestCaseMain$startTestSuite$0.call(Unknown Source)
	at TempTestSuite1642335656208.run(TempTestSuite1642335656208.groovy:36)
Caused by: com.kms.katalon.core.webui.exception.WebElementNotFoundException: Web element with id: 'Object Repository/Page_Kha Software Engineering/span_Thm hot ng hoc ti nguyn (7) (1)' located by '//span[@id='yui_3_17_2_1_1642087881011_619']' not found
	at com.kms.katalon.core.webui.common.WebUiCommonHelper.findWebElement(WebUiCommonHelper.java:1368)
	at com.kms.katalon.core.webui.keyword.internal.WebUIAbstractKeyword.findWebElement(WebUIAbstractKeyword.groovy:27)
	at com.kms.katalon.core.webui.keyword.builtin.ClickKeyword$_click_closure1.doCall(ClickKeyword.groovy:65)
	at com.kms.katalon.core.webui.keyword.builtin.ClickKeyword$_click_closure1.call(ClickKeyword.groovy)
	at com.kms.katalon.core.webui.keyword.internal.WebUIKeywordMain.runKeyword(WebUIKeywordMain.groovy:20)
	... 22 more


2022-01-16 20:56:04 - [TEST_STEP][PASSED] - openBrowser(""): Browser is opened with url: ''

2022-01-16 20:56:04 - [MESSAGE][WARNING] - A browser is already opened. Closing browser and opening a new one

2022-01-16 20:56:06 - [MESSAGE][INFO] - Starting 'Edge Chromium' driver

2022-01-16 20:56:08 - [MESSAGE][INFO] - Action delay is set to 0 milliseconds

2022-01-16 20:56:10 - [MESSAGE][PASSED] - Browser is opened with url: ''

2022-01-16 20:56:10 - [TEST_STEP][PASSED] - navigateToUrl("http://localhost/"): Navigate to 'http://localhost/' successfully

2022-01-16 20:56:12 - [MESSAGE][PASSED] - Navigate to 'http://localhost/' successfully

2022-01-16 20:56:12 - [TEST_STEP][PASSED] - click(findTestObject("Object Repository/Page_Local Moodle/a_Log in (24) (1)")): Object: 'Object Repository/Page_Local Moodle/a_Log in (24) (1)' is clicked on

2022-01-16 20:56:14 - [MESSAGE][PASSED] - Object: 'Object Repository/Page_Local Moodle/a_Log in (24) (1)' is clicked on

2022-01-16 20:56:14 - [TEST_STEP][PASSED] - setText(findTestObject("Object Repository/Page_Local Moodle Log in to the site/input_Username_username (24) (1)"), "robertle"): Text 'robertle' is set on object 'Object Repository/Page_Local Moodle Log in to the site/input_Username_username (24) (1)'

2022-01-16 20:56:15 - [MESSAGE][PASSED] - Text 'robertle' is set on object 'Object Repository/Page_Local Moodle Log in to the site/input_Username_username (24) (1)'

2022-01-16 20:56:15 - [TEST_STEP][PASSED] - setEncryptedText(findTestObject("Object Repository/Page_Local Moodle Log in to the site/input_Password_password (24) (1)"), "e0iuw4o+VG38P/PfCbIZUw=="): Text ****** has been set on object 'Object Repository/Page_Local Moodle Log in to the site/input_Password_password (24) (1)'

2022-01-16 20:56:16 - [MESSAGE][PASSED] - Text ****** has been set on object 'Object Repository/Page_Local Moodle Log in to the site/input_Password_password (24) (1)'

2022-01-16 20:56:16 - [TEST_STEP][PASSED] - click(findTestObject("Object Repository/Page_Local Moodle Log in to the site/button_Log in (24) (1)")): Object: 'Object Repository/Page_Local Moodle Log in to the site/button_Log in (24) (1)' is clicked on

2022-01-16 20:56:20 - [MESSAGE][PASSED] - Object: 'Object Repository/Page_Local Moodle Log in to the site/button_Log in (24) (1)' is clicked on

2022-01-16 20:56:20 - [TEST_STEP][PASSED] - click(findTestObject("Object Repository/Page_Nh ca ti/span_Trang ch h thng (3) (1)")): Object: 'Object Repository/Page_Nh ca ti/span_Trang ch h thng (3) (1)' is clicked on

2022-01-16 20:56:24 - [MESSAGE][PASSED] - Object: 'Object Repository/Page_Nh ca ti/span_Trang ch h thng (3) (1)' is clicked on

2022-01-16 20:56:24 - [TEST_STEP][PASSED] - click(findTestObject("Page_Local Moodle/a_Software Engineering")): Object: 'Object Repository/Page_Local Moodle/a_Software Engineering' is clicked on

2022-01-16 20:56:26 - [MESSAGE][PASSED] - Object: 'Object Repository/Page_Local Moodle/a_Software Engineering' is clicked on

2022-01-16 20:56:26 - [TEST_STEP][PASSED] - click(findTestObject("Object Repository/Page_Kha Software Engineering/button_Bt ch  chnh sa (13) (1)")): Object: 'Object Repository/Page_Kha Software Engineering/button_Bt ch  chnh sa (13) (1)' is clicked on

2022-01-16 20:56:32 - [MESSAGE][INFO] - Unable to find the element located by 'By.xpath: //button[@id='single_button61e045c6a5d771']'. Please recheck the objects properties to make sure the desired element is located. 

2022-01-16 20:56:32 - [MESSAGE][WARNING] - [SELF-HEALING] Failed to find element with id 'Object Repository/Page_Kha Software Engineering/button_Bt ch  chnh sa (13) (1)'. Try using Self-healing.

2022-01-16 20:56:33 - [MESSAGE][WARNING] - [SELF-HEALING] The current locator of test object 'Object Repository/Page_Kha Software Engineering/button_Bt ch  chnh sa (13) (1)' was broken. Propose an alternative one: '//form/button'.

2022-01-16 20:56:34 - [MESSAGE][PASSED] - Object: 'Object Repository/Page_Kha Software Engineering/button_Bt ch  chnh sa (13) (1)' is clicked on

2022-01-16 20:56:34 - [TEST_STEP][FAILED] - click(findTestObject("Object Repository/Page_Kha Software Engineering/span_Thm hot ng hoc ti nguyn (7) (1)")): Unable to click on object 'Object Repository/Page_Kha Software Engineering/span_Thm hot ng hoc ti nguyn (7) (1)' (Root cause: com.kms.katalon.core.exception.StepFailedException: Unable to click on object 'Object Repository/Page_Kha Software Engineering/span_Thm hot ng hoc ti nguyn (7) (1)'
	at com.kms.katalon.core.webui.keyword.internal.WebUIKeywordMain.stepFailed(WebUIKeywordMain.groovy:64)
	at com.kms.katalon.core.webui.keyword.internal.WebUIKeywordMain.runKeyword(WebUIKeywordMain.groovy:26)
	at com.kms.katalon.core.webui.keyword.builtin.ClickKeyword.click(ClickKeyword.groovy:74)
	at com.kms.katalon.core.webui.keyword.builtin.ClickKeyword.execute(ClickKeyword.groovy:40)
	at com.kms.katalon.core.keyword.internal.KeywordExecutor.executeKeywordForPlatform(KeywordExecutor.groovy:74)
	at com.kms.katalon.core.webui.keyword.WebUiBuiltInKeywords.click(WebUiBuiltInKeywords.groovy:620)
	at com.kms.katalon.core.webui.keyword.WebUiBuiltInKeywords$click$1.call(Unknown Source)
	at Answer text question overdue.run(Answer text question overdue:40)
	at com.kms.katalon.core.main.ScriptEngine.run(ScriptEngine.java:194)
	at com.kms.katalon.core.main.ScriptEngine.runScriptAsRawText(ScriptEngine.java:119)
	at com.kms.katalon.core.main.TestCaseExecutor.runScript(TestCaseExecutor.java:442)
	at com.kms.katalon.core.main.TestCaseExecutor.doExecute(TestCaseExecutor.java:433)
	at com.kms.katalon.core.main.TestCaseExecutor.processExecutionPhase(TestCaseExecutor.java:412)
	at com.kms.katalon.core.main.TestCaseExecutor.accessMainPhase(TestCaseExecutor.java:404)
	at com.kms.katalon.core.main.TestCaseExecutor.execute(TestCaseExecutor.java:281)
	at com.kms.katalon.core.main.TestCaseExecutor.execute(TestCaseExecutor.java:363)
	at com.kms.katalon.core.main.TestCaseExecutor.execute(TestCaseExecutor.java:363)
	at com.kms.katalon.core.main.TestCaseExecutor.execute(TestCaseExecutor.java:363)
	at com.kms.katalon.core.main.TestSuiteExecutor.accessTestCaseMainPhase(TestSuiteExecutor.java:202)
	at com.kms.katalon.core.main.TestSuiteExecutor.accessTestSuiteMainPhase(TestSuiteExecutor.java:164)
	at com.kms.katalon.core.main.TestSuiteExecutor.execute(TestSuiteExecutor.java:105)
	at com.kms.katalon.core.main.TestCaseMain.startTestSuite(TestCaseMain.java:181)
	at com.kms.katalon.core.main.TestCaseMain$startTestSuite$0.call(Unknown Source)
	at TempTestSuite1642335656208.run(TempTestSuite1642335656208.groovy:36)
Caused by: com.kms.katalon.core.webui.exception.WebElementNotFoundException: Web element with id: 'Object Repository/Page_Kha Software Engineering/span_Thm hot ng hoc ti nguyn (7) (1)' located by '//span[@id='yui_3_17_2_1_1642087881011_619']' not found
	at com.kms.katalon.core.webui.common.WebUiCommonHelper.findWebElement(WebUiCommonHelper.java:1368)
	at com.kms.katalon.core.webui.keyword.internal.WebUIAbstractKeyword.findWebElement(WebUIAbstractKeyword.groovy:27)
	at com.kms.katalon.core.webui.keyword.builtin.ClickKeyword$_click_closure1.doCall(ClickKeyword.groovy:65)
	at com.kms.katalon.core.webui.keyword.builtin.ClickKeyword$_click_closure1.call(ClickKeyword.groovy)
	at com.kms.katalon.core.webui.keyword.internal.WebUIKeywordMain.runKeyword(WebUIKeywordMain.groovy:20)
	at com.kms.katalon.core.webui.keyword.builtin.ClickKeyword.click(ClickKeyword.groovy:74)
	at com.kms.katalon.core.webui.keyword.builtin.ClickKeyword.execute(ClickKeyword.groovy:40)
	at com.kms.katalon.core.keyword.internal.KeywordExecutor.executeKeywordForPlatform(KeywordExecutor.groovy:74)
	at com.kms.katalon.core.webui.keyword.WebUiBuiltInKeywords.click(WebUiBuiltInKeywords.groovy:620)
	at com.kms.katalon.core.webui.keyword.WebUiBuiltInKeywords$click$1.call(Unknown Source)
	at Script1642087808835.run(Script1642087808835.groovy:40)
	... 16 more
)

2022-01-16 20:56:40 - [MESSAGE][INFO] - Unable to find the element located by 'By.xpath: //span[@id='yui_3_17_2_1_1642087881011_619']'. Please recheck the objects properties to make sure the desired element is located. 

2022-01-16 20:56:40 - [MESSAGE][WARNING] - [SELF-HEALING] Failed to find element with id 'Object Repository/Page_Kha Software Engineering/span_Thm hot ng hoc ti nguyn (7) (1)'. Try using Self-healing.

2022-01-16 20:56:41 - [MESSAGE][INFO] - Unable to find the element located by 'By.xpath: (.//*[normalize-space(text()) and normalize-space(.)='Thêm tập tin ở đây'])[2]/following::span[1]'. Please recheck the objects properties to make sure the desired element is located. 

2022-01-16 20:56:42 - [MESSAGE][INFO] - [SELF-HEALING] Failed Locator: '//span[@id='yui_3_17_2_1_1642087881011_619']'.

2022-01-16 20:56:42 - [MESSAGE][INFO] - [SELF-HEALING] Failed Locator: '//button[@id='yui_3_17_2_1_1642087881011_620']/span'.

2022-01-16 20:56:42 - [MESSAGE][INFO] - [SELF-HEALING] Failed Locator: '(.//*[normalize-space(text()) and normalize-space(.)='Thêm tập tin ở đây'])[2]/following::span[1]'.

2022-01-16 20:56:43 - [MESSAGE][INFO] - [SELF-HEALING] Failed Locator: '(.//*[normalize-space(text()) and normalize-space(.)='Chủ đề 1'])[2]/following::span[3]'.

2022-01-16 20:56:43 - [MESSAGE][INFO] - [SELF-HEALING] Failed Locator: '(.//*[normalize-space(text()) and normalize-space(.)='Sửa chủ đề'])[2]/preceding::span[2]'.

2022-01-16 20:56:43 - [MESSAGE][INFO] - [SELF-HEALING] Failed Locator: '(.//*[normalize-space(text()) and normalize-space(.)='Nổi bật'])[2]/preceding::span[3]'.

2022-01-16 20:56:44 - [MESSAGE][INFO] - [SELF-HEALING] Failed Locator: '//li[2]/div[3]/div[3]/div/button/span'.

2022-01-16 20:56:45 - [MESSAGE][INFO] - Unable to find the element located by 'By.xpath: //*[@id = 'yui_3_17_2_1_1642087881011_619' and (text() = 'Thêm hoạt động hoặc tài nguyên' or . = 'Thêm hoạt động hoặc tài nguyên')]'. Please recheck the objects properties to make sure the desired element is located. 

2022-01-16 20:56:46 - [MESSAGE][INFO] - Unable to find the element located by 'By.cssSelector: #yui_3_17_2_1_1642087881011_619'. Please recheck the objects properties to make sure the desired element is located. 

2022-01-16 20:56:46 - [MESSAGE][FAILED] - Unable to click on object 'Object Repository/Page_Kha Software Engineering/span_Thm hot ng hoc ti nguyn (7) (1)' (Root cause: com.kms.katalon.core.exception.StepFailedException: Unable to click on object 'Object Repository/Page_Kha Software Engineering/span_Thm hot ng hoc ti nguyn (7) (1)'
	at com.kms.katalon.core.webui.keyword.internal.WebUIKeywordMain.stepFailed(WebUIKeywordMain.groovy:64)
	at com.kms.katalon.core.webui.keyword.internal.WebUIKeywordMain.runKeyword(WebUIKeywordMain.groovy:26)
	at com.kms.katalon.core.webui.keyword.builtin.ClickKeyword.click(ClickKeyword.groovy:74)
	at com.kms.katalon.core.webui.keyword.builtin.ClickKeyword.execute(ClickKeyword.groovy:40)
	at com.kms.katalon.core.keyword.internal.KeywordExecutor.executeKeywordForPlatform(KeywordExecutor.groovy:74)
	at com.kms.katalon.core.webui.keyword.WebUiBuiltInKeywords.click(WebUiBuiltInKeywords.groovy:620)
	at com.kms.katalon.core.webui.keyword.WebUiBuiltInKeywords$click$1.call(Unknown Source)
	at Answer text question overdue.run(Answer text question overdue:40)
	at com.kms.katalon.core.main.ScriptEngine.run(ScriptEngine.java:194)
	at com.kms.katalon.core.main.ScriptEngine.runScriptAsRawText(ScriptEngine.java:119)
	at com.kms.katalon.core.main.TestCaseExecutor.runScript(TestCaseExecutor.java:442)
	at com.kms.katalon.core.main.TestCaseExecutor.doExecute(TestCaseExecutor.java:433)
	at com.kms.katalon.core.main.TestCaseExecutor.processExecutionPhase(TestCaseExecutor.java:412)
	at com.kms.katalon.core.main.TestCaseExecutor.accessMainPhase(TestCaseExecutor.java:404)
	at com.kms.katalon.core.main.TestCaseExecutor.execute(TestCaseExecutor.java:281)
	at com.kms.katalon.core.main.TestCaseExecutor.execute(TestCaseExecutor.java:363)
	at com.kms.katalon.core.main.TestCaseExecutor.execute(TestCaseExecutor.java:363)
	at com.kms.katalon.core.main.TestCaseExecutor.execute(TestCaseExecutor.java:363)
	at com.kms.katalon.core.main.TestSuiteExecutor.accessTestCaseMainPhase(TestSuiteExecutor.java:202)
	at com.kms.katalon.core.main.TestSuiteExecutor.accessTestSuiteMainPhase(TestSuiteExecutor.java:164)
	at com.kms.katalon.core.main.TestSuiteExecutor.execute(TestSuiteExecutor.java:105)
	at com.kms.katalon.core.main.TestCaseMain.startTestSuite(TestCaseMain.java:181)
	at com.kms.katalon.core.main.TestCaseMain$startTestSuite$0.call(Unknown Source)
	at TempTestSuite1642335656208.run(TempTestSuite1642335656208.groovy:36)
Caused by: com.kms.katalon.core.webui.exception.WebElementNotFoundException: Web element with id: 'Object Repository/Page_Kha Software Engineering/span_Thm hot ng hoc ti nguyn (7) (1)' located by '//span[@id='yui_3_17_2_1_1642087881011_619']' not found
	at com.kms.katalon.core.webui.common.WebUiCommonHelper.findWebElement(WebUiCommonHelper.java:1368)
	at com.kms.katalon.core.webui.keyword.internal.WebUIAbstractKeyword.findWebElement(WebUIAbstractKeyword.groovy:27)
	at com.kms.katalon.core.webui.keyword.builtin.ClickKeyword$_click_closure1.doCall(ClickKeyword.groovy:65)
	at com.kms.katalon.core.webui.keyword.builtin.ClickKeyword$_click_closure1.call(ClickKeyword.groovy)
	at com.kms.katalon.core.webui.keyword.internal.WebUIKeywordMain.runKeyword(WebUIKeywordMain.groovy:20)
	at com.kms.katalon.core.webui.keyword.builtin.ClickKeyword.click(ClickKeyword.groovy:74)
	at com.kms.katalon.core.webui.keyword.builtin.ClickKeyword.execute(ClickKeyword.groovy:40)
	at com.kms.katalon.core.keyword.internal.KeywordExecutor.executeKeywordForPlatform(KeywordExecutor.groovy:74)
	at com.kms.katalon.core.webui.keyword.WebUiBuiltInKeywords.click(WebUiBuiltInKeywords.groovy:620)
	at com.kms.katalon.core.webui.keyword.WebUiBuiltInKeywords$click$1.call(Unknown Source)
	at Script1642087808835.run(Script1642087808835.groovy:40)
	... 16 more
)
[[ATTACHMENT|C:\\xampp\\htdocs\\moodle\\Test Automation - SE Bonus\\Reports\\20220116_192056\\Run All Test Cases\\20220116_192056\\1642341406348.png]]]]></system-out>
         <system-err><![CDATA[2022-01-16 20:56:04 - [TEST_CASE][FAILED] - Test Cases/Students answering question being overdue or on time/Answer text question overdue: Test Cases/Students answering question being overdue or on time/Answer text question overdue FAILED.
Reason:
com.kms.katalon.core.exception.StepFailedException: Unable to click on object 'Object Repository/Page_Kha Software Engineering/span_Thm hot ng hoc ti nguyn (7) (1)'
	at com.kms.katalon.core.webui.keyword.internal.WebUIKeywordMain.stepFailed(WebUIKeywordMain.groovy:64)
	at com.kms.katalon.core.webui.keyword.internal.WebUIKeywordMain.runKeyword(WebUIKeywordMain.groovy:26)
	at com.kms.katalon.core.webui.keyword.builtin.ClickKeyword.click(ClickKeyword.groovy:74)
	at com.kms.katalon.core.webui.keyword.builtin.ClickKeyword.execute(ClickKeyword.groovy:40)
	at com.kms.katalon.core.keyword.internal.KeywordExecutor.executeKeywordForPlatform(KeywordExecutor.groovy:74)
	at com.kms.katalon.core.webui.keyword.WebUiBuiltInKeywords.click(WebUiBuiltInKeywords.groovy:620)
	at com.kms.katalon.core.webui.keyword.WebUiBuiltInKeywords$click$1.call(Unknown Source)
	at Answer text question overdue.run(Answer text question overdue:40)
	at com.kms.katalon.core.main.ScriptEngine.run(ScriptEngine.java:194)
	at com.kms.katalon.core.main.ScriptEngine.runScriptAsRawText(ScriptEngine.java:119)
	at com.kms.katalon.core.main.TestCaseExecutor.runScript(TestCaseExecutor.java:442)
	at com.kms.katalon.core.main.TestCaseExecutor.doExecute(TestCaseExecutor.java:433)
	at com.kms.katalon.core.main.TestCaseExecutor.processExecutionPhase(TestCaseExecutor.java:412)
	at com.kms.katalon.core.main.TestCaseExecutor.accessMainPhase(TestCaseExecutor.java:404)
	at com.kms.katalon.core.main.TestCaseExecutor.execute(TestCaseExecutor.java:281)
	at com.kms.katalon.core.main.TestCaseExecutor.execute(TestCaseExecutor.java:363)
	at com.kms.katalon.core.main.TestCaseExecutor.execute(TestCaseExecutor.java:363)
	at com.kms.katalon.core.main.TestCaseExecutor.execute(TestCaseExecutor.java:363)
	at com.kms.katalon.core.main.TestSuiteExecutor.accessTestCaseMainPhase(TestSuiteExecutor.java:202)
	at com.kms.katalon.core.main.TestSuiteExecutor.accessTestSuiteMainPhase(TestSuiteExecutor.java:164)
	at com.kms.katalon.core.main.TestSuiteExecutor.execute(TestSuiteExecutor.java:105)
	at com.kms.katalon.core.main.TestCaseMain.startTestSuite(TestCaseMain.java:181)
	at com.kms.katalon.core.main.TestCaseMain$startTestSuite$0.call(Unknown Source)
	at TempTestSuite1642335656208.run(TempTestSuite1642335656208.groovy:36)
Caused by: com.kms.katalon.core.webui.exception.WebElementNotFoundException: Web element with id: 'Object Repository/Page_Kha Software Engineering/span_Thm hot ng hoc ti nguyn (7) (1)' located by '//span[@id='yui_3_17_2_1_1642087881011_619']' not found
	at com.kms.katalon.core.webui.common.WebUiCommonHelper.findWebElement(WebUiCommonHelper.java:1368)
	at com.kms.katalon.core.webui.keyword.internal.WebUIAbstractKeyword.findWebElement(WebUIAbstractKeyword.groovy:27)
	at com.kms.katalon.core.webui.keyword.builtin.ClickKeyword$_click_closure1.doCall(ClickKeyword.groovy:65)
	at com.kms.katalon.core.webui.keyword.builtin.ClickKeyword$_click_closure1.call(ClickKeyword.groovy)
	at com.kms.katalon.core.webui.keyword.internal.WebUIKeywordMain.runKeyword(WebUIKeywordMain.groovy:20)
	... 22 more]]></system-err>
      </testcase>
      <testcase name="Test Cases/Create course/Create course successfully" time="80.564" classname="Test Cases/Create course/Create course successfully" status="FAILED">
         <failure type="FAILED" message="Test Cases/Create course/Create course successfully FAILED.
Reason:
com.kms.katalon.core.exception.StepFailedException: Unable to click on object 'Object Repository/Utils/Page_CNPM Danh sch thnh vin/input_Danh sch thnh vin_btn btn-secondary my-1'
	at com.kms.katalon.core.webui.keyword.internal.WebUIKeywordMain.stepFailed(WebUIKeywordMain.groovy:64)
	at com.kms.katalon.core.webui.keyword.internal.WebUIKeywordMain.runKeyword(WebUIKeywordMain.groovy:26)
	at com.kms.katalon.core.webui.keyword.builtin.ClickKeyword.click(ClickKeyword.groovy:74)
	at com.kms.katalon.core.webui.keyword.builtin.ClickKeyword.execute(ClickKeyword.groovy:40)
	at com.kms.katalon.core.keyword.internal.KeywordExecutor.executeKeywordForPlatform(KeywordExecutor.groovy:74)
	at com.kms.katalon.core.webui.keyword.WebUiBuiltInKeywords.click(WebUiBuiltInKeywords.groovy:620)
	at com.kms.katalon.core.webui.keyword.WebUiBuiltInKeywords$click$1.call(Unknown Source)
	at Create course successfully.run(Create course successfully:66)
	at com.kms.katalon.core.main.ScriptEngine.run(ScriptEngine.java:194)
	at com.kms.katalon.core.main.ScriptEngine.runScriptAsRawText(ScriptEngine.java:119)
	at com.kms.katalon.core.main.TestCaseExecutor.runScript(TestCaseExecutor.java:442)
	at com.kms.katalon.core.main.TestCaseExecutor.doExecute(TestCaseExecutor.java:433)
	at com.kms.katalon.core.main.TestCaseExecutor.processExecutionPhase(TestCaseExecutor.java:412)
	at com.kms.katalon.core.main.TestCaseExecutor.accessMainPhase(TestCaseExecutor.java:404)
	at com.kms.katalon.core.main.TestCaseExecutor.execute(TestCaseExecutor.java:281)
	at com.kms.katalon.core.main.TestCaseExecutor.execute(TestCaseExecutor.java:363)
	at com.kms.katalon.core.main.TestCaseExecutor.execute(TestCaseExecutor.java:363)
	at com.kms.katalon.core.main.TestCaseExecutor.execute(TestCaseExecutor.java:363)
	at com.kms.katalon.core.main.TestSuiteExecutor.accessTestCaseMainPhase(TestSuiteExecutor.java:202)
	at com.kms.katalon.core.main.TestSuiteExecutor.accessTestSuiteMainPhase(TestSuiteExecutor.java:164)
	at com.kms.katalon.core.main.TestSuiteExecutor.execute(TestSuiteExecutor.java:105)
	at com.kms.katalon.core.main.TestCaseMain.startTestSuite(TestCaseMain.java:181)
	at com.kms.katalon.core.main.TestCaseMain$startTestSuite$0.call(Unknown Source)
	at TempTestSuite1642335656208.run(TempTestSuite1642335656208.groovy:36)
Caused by: com.kms.katalon.core.webui.exception.WebElementNotFoundException: Web element with id: 'Object Repository/Utils/Page_CNPM Danh sch thnh vin/input_Danh sch thnh vin_btn btn-secondary my-1' located by '//input[@value='Ghi danh người dùng']' not found
	at com.kms.katalon.core.webui.common.WebUiCommonHelper.findWebElement(WebUiCommonHelper.java:1368)
	at com.kms.katalon.core.webui.keyword.internal.WebUIAbstractKeyword.findWebElement(WebUIAbstractKeyword.groovy:27)
	at com.kms.katalon.core.webui.keyword.builtin.ClickKeyword$_click_closure1.doCall(ClickKeyword.groovy:65)
	at com.kms.katalon.core.webui.keyword.builtin.ClickKeyword$_click_closure1.call(ClickKeyword.groovy)
	at com.kms.katalon.core.webui.keyword.internal.WebUIKeywordMain.runKeyword(WebUIKeywordMain.groovy:20)
	... 22 more
"/>
         <system-out><![CDATA[2022-01-16 21:00:55 - [TEST_CASE][FAILED] - Test Cases/Create course/Create course successfully: Test Cases/Create course/Create course successfully FAILED.
Reason:
com.kms.katalon.core.exception.StepFailedException: Unable to click on object 'Object Repository/Utils/Page_CNPM Danh sch thnh vin/input_Danh sch thnh vin_btn btn-secondary my-1'
	at com.kms.katalon.core.webui.keyword.internal.WebUIKeywordMain.stepFailed(WebUIKeywordMain.groovy:64)
	at com.kms.katalon.core.webui.keyword.internal.WebUIKeywordMain.runKeyword(WebUIKeywordMain.groovy:26)
	at com.kms.katalon.core.webui.keyword.builtin.ClickKeyword.click(ClickKeyword.groovy:74)
	at com.kms.katalon.core.webui.keyword.builtin.ClickKeyword.execute(ClickKeyword.groovy:40)
	at com.kms.katalon.core.keyword.internal.KeywordExecutor.executeKeywordForPlatform(KeywordExecutor.groovy:74)
	at com.kms.katalon.core.webui.keyword.WebUiBuiltInKeywords.click(WebUiBuiltInKeywords.groovy:620)
	at com.kms.katalon.core.webui.keyword.WebUiBuiltInKeywords$click$1.call(Unknown Source)
	at Create course successfully.run(Create course successfully:66)
	at com.kms.katalon.core.main.ScriptEngine.run(ScriptEngine.java:194)
	at com.kms.katalon.core.main.ScriptEngine.runScriptAsRawText(ScriptEngine.java:119)
	at com.kms.katalon.core.main.TestCaseExecutor.runScript(TestCaseExecutor.java:442)
	at com.kms.katalon.core.main.TestCaseExecutor.doExecute(TestCaseExecutor.java:433)
	at com.kms.katalon.core.main.TestCaseExecutor.processExecutionPhase(TestCaseExecutor.java:412)
	at com.kms.katalon.core.main.TestCaseExecutor.accessMainPhase(TestCaseExecutor.java:404)
	at com.kms.katalon.core.main.TestCaseExecutor.execute(TestCaseExecutor.java:281)
	at com.kms.katalon.core.main.TestCaseExecutor.execute(TestCaseExecutor.java:363)
	at com.kms.katalon.core.main.TestCaseExecutor.execute(TestCaseExecutor.java:363)
	at com.kms.katalon.core.main.TestCaseExecutor.execute(TestCaseExecutor.java:363)
	at com.kms.katalon.core.main.TestSuiteExecutor.accessTestCaseMainPhase(TestSuiteExecutor.java:202)
	at com.kms.katalon.core.main.TestSuiteExecutor.accessTestSuiteMainPhase(TestSuiteExecutor.java:164)
	at com.kms.katalon.core.main.TestSuiteExecutor.execute(TestSuiteExecutor.java:105)
	at com.kms.katalon.core.main.TestCaseMain.startTestSuite(TestCaseMain.java:181)
	at com.kms.katalon.core.main.TestCaseMain$startTestSuite$0.call(Unknown Source)
	at TempTestSuite1642335656208.run(TempTestSuite1642335656208.groovy:36)
Caused by: com.kms.katalon.core.webui.exception.WebElementNotFoundException: Web element with id: 'Object Repository/Utils/Page_CNPM Danh sch thnh vin/input_Danh sch thnh vin_btn btn-secondary my-1' located by '//input[@value='Ghi danh người dùng']' not found
	at com.kms.katalon.core.webui.common.WebUiCommonHelper.findWebElement(WebUiCommonHelper.java:1368)
	at com.kms.katalon.core.webui.keyword.internal.WebUIAbstractKeyword.findWebElement(WebUIAbstractKeyword.groovy:27)
	at com.kms.katalon.core.webui.keyword.builtin.ClickKeyword$_click_closure1.doCall(ClickKeyword.groovy:65)
	at com.kms.katalon.core.webui.keyword.builtin.ClickKeyword$_click_closure1.call(ClickKeyword.groovy)
	at com.kms.katalon.core.webui.keyword.internal.WebUIKeywordMain.runKeyword(WebUIKeywordMain.groovy:20)
	... 22 more


2022-01-16 21:00:55 - [TEST_STEP][PASSED] - openBrowser(""): Browser is opened with url: ''

2022-01-16 21:00:55 - [MESSAGE][WARNING] - A browser is already opened. Closing browser and opening a new one

2022-01-16 21:00:56 - [MESSAGE][INFO] - Starting 'Edge Chromium' driver

2022-01-16 21:00:58 - [MESSAGE][INFO] - Action delay is set to 0 milliseconds

2022-01-16 21:01:00 - [MESSAGE][PASSED] - Browser is opened with url: ''

2022-01-16 21:01:00 - [TEST_STEP][PASSED] - navigateToUrl("http://localhost/"): Navigate to 'http://localhost/' successfully

2022-01-16 21:01:02 - [MESSAGE][PASSED] - Navigate to 'http://localhost/' successfully

2022-01-16 21:01:02 - [TEST_STEP][PASSED] - callTestCase(findTestCase("Utils/Login as admin"), [:], STOP_ON_FAILURE): Call Test Case 'Test Cases/Utils/Login as admin' successfully

2022-01-16 21:01:02 - [TEST_CASE][PASSED] - Test Cases/Utils/Login as admin: Test Cases/Utils/Login as admin

2022-01-16 21:01:02 - [TEST_STEP][PASSED] - click(findTestObject("View course grade/Page_Local Moodle/a_Log in")): Object: 'Object Repository/View course grade/Page_Local Moodle/a_Log in' is clicked on

2022-01-16 21:01:04 - [MESSAGE][PASSED] - Object: 'Object Repository/View course grade/Page_Local Moodle/a_Log in' is clicked on

2022-01-16 21:01:04 - [TEST_STEP][PASSED] - setText(findTestObject("View course grade/Page_Local Moodle Log in to the site/input_Username_username"), "admin"): Text 'admin' is set on object 'Object Repository/View course grade/Page_Local Moodle Log in to the site/input_Username_username'

2022-01-16 21:01:05 - [MESSAGE][PASSED] - Text 'admin' is set on object 'Object Repository/View course grade/Page_Local Moodle Log in to the site/input_Username_username'

2022-01-16 21:01:05 - [TEST_STEP][PASSED] - setEncryptedText(findTestObject("View course grade/Page_Local Moodle Log in to the site/input_Password_password"), "bfAykA/oWJ09FXmiKh6lyuuLu8QhG1K5"): Text ****** has been set on object 'Object Repository/View course grade/Page_Local Moodle Log in to the site/input_Password_password'

2022-01-16 21:01:06 - [MESSAGE][PASSED] - Text ****** has been set on object 'Object Repository/View course grade/Page_Local Moodle Log in to the site/input_Password_password'

2022-01-16 21:01:06 - [TEST_STEP][PASSED] - click(findTestObject("View course grade/Page_Local Moodle Log in to the site/button_Log in")): Object: 'Object Repository/View course grade/Page_Local Moodle Log in to the site/button_Log in' is clicked on

2022-01-16 21:01:12 - [MESSAGE][PASSED] - Object: 'Object Repository/View course grade/Page_Local Moodle Log in to the site/button_Log in' is clicked on

2022-01-16 21:01:12 - [MESSAGE][PASSED] - Call Test Case 'Test Cases/Utils/Login as admin' successfully

2022-01-16 21:01:12 - [TEST_STEP][PASSED] - click(findTestObject("Utils/Page_Nh ca ti (1)/span_Qun tr khu vc")): Object: 'Object Repository/Utils/Page_Nh ca ti (1)/span_Qun tr khu vc' is clicked on

2022-01-16 21:01:20 - [MESSAGE][PASSED] - Object: 'Object Repository/Utils/Page_Nh ca ti (1)/span_Qun tr khu vc' is clicked on

2022-01-16 21:01:20 - [TEST_STEP][PASSED] - click(findTestObject("Create course/Page_Moodle Khu vc qun tr Tm kim/a_Kho hc")): Object: 'Object Repository/Create course/Page_Moodle Khu vc qun tr Tm kim/a_Kho hc' is clicked on

2022-01-16 21:01:21 - [MESSAGE][PASSED] - Object: 'Object Repository/Create course/Page_Moodle Khu vc qun tr Tm kim/a_Kho hc' is clicked on

2022-01-16 21:01:21 - [TEST_STEP][PASSED] - click(findTestObject("Create course/Page_Moodle Khu vc qun tr Tm kim/a_Thmsa cc kho hc")): Object: 'Object Repository/Create course/Page_Moodle Khu vc qun tr Tm kim/a_Thmsa cc kho hc' is clicked on

2022-01-16 21:01:24 - [MESSAGE][PASSED] - Object: 'Object Repository/Create course/Page_Moodle Khu vc qun tr Tm kim/a_Thmsa cc kho hc' is clicked on

2022-01-16 21:01:24 - [TEST_STEP][PASSED] - click(findTestObject("Create course/Page_Qun l kha hc v danh mc kha hc/a_TaoKhoaHocMoi")): Object: 'Object Repository/Create course/Page_Qun l kha hc v danh mc kha hc/a_TaoKhoaHocMoi' is clicked on

2022-01-16 21:01:31 - [MESSAGE][INFO] - Unable to find the element located by 'By.xpath: //div[@id='yui_3_17_2_1_1641271251047_65']/div/div/a'. Please recheck the objects properties to make sure the desired element is located. 

2022-01-16 21:01:31 - [MESSAGE][WARNING] - [SELF-HEALING] Failed to find element with id 'Object Repository/Create course/Page_Qun l kha hc v danh mc kha hc/a_TaoKhoaHocMoi'. Try using Self-healing.

2022-01-16 21:01:31 - [MESSAGE][WARNING] - [SELF-HEALING] The current locator of test object 'Object Repository/Create course/Page_Qun l kha hc v danh mc kha hc/a_TaoKhoaHocMoi' was broken. Propose an alternative one: '//a[contains(text(),'Tạo khóa học mới')]'.

2022-01-16 21:01:34 - [MESSAGE][PASSED] - Object: 'Object Repository/Create course/Page_Qun l kha hc v danh mc kha hc/a_TaoKhoaHocMoi' is clicked on

2022-01-16 21:01:34 - [TEST_STEP][PASSED] - setText(findTestObject("Create course/Page_Moodle Thm kho hc mi/input_Tn y_fullname"), "Nhập môn Công nghệ phần mềm"): Text 'Nhập môn Công nghệ phần mềm' is set on object 'Object Repository/Create course/Page_Moodle Thm kho hc mi/input_Tn y_fullname'

2022-01-16 21:01:36 - [MESSAGE][PASSED] - Text 'Nhập môn Công nghệ phần mềm' is set on object 'Object Repository/Create course/Page_Moodle Thm kho hc mi/input_Tn y_fullname'

2022-01-16 21:01:36 - [TEST_STEP][PASSED] - setText(findTestObject("Create course/Page_Moodle Thm kho hc mi/input_Tn rt gn ca kho hc_shortname"), "CNPM"): Text 'CNPM' is set on object 'Object Repository/Create course/Page_Moodle Thm kho hc mi/input_Tn rt gn ca kho hc_shortname'

2022-01-16 21:01:37 - [MESSAGE][PASSED] - Text 'CNPM' is set on object 'Object Repository/Create course/Page_Moodle Thm kho hc mi/input_Tn rt gn ca kho hc_shortname'

2022-01-16 21:01:37 - [TEST_STEP][PASSED] - selectOptionByValue(findTestObject("Create course/Page_Moodle Thm kho hc mi/select_1        2        3        4        _45ea30"), "10", true): All options with value '10' are selected in object 'Object Repository/Create course/Page_Moodle Thm kho hc mi/select_1        2        3        4        _45ea30'  using regular expression

2022-01-16 21:01:40 - [MESSAGE][PASSED] - All options with value '10' are selected in object 'Object Repository/Create course/Page_Moodle Thm kho hc mi/select_1        2        3        4        _45ea30'  using regular expression

2022-01-16 21:01:40 - [TEST_STEP][PASSED] - selectOptionByValue(findTestObject("Create course/Page_Moodle Thm kho hc mi/select_Thng Ging        Thng Hai        Thn_b248db"), "9", true): All options with value '9' are selected in object 'Object Repository/Create course/Page_Moodle Thm kho hc mi/select_Thng Ging        Thng Hai        Thn_b248db'  using regular expression

2022-01-16 21:01:42 - [MESSAGE][PASSED] - All options with value '9' are selected in object 'Object Repository/Create course/Page_Moodle Thm kho hc mi/select_Thng Ging        Thng Hai        Thn_b248db'  using regular expression

2022-01-16 21:01:42 - [TEST_STEP][PASSED] - selectOptionByValue(findTestObject("Create course/Page_Moodle Thm kho hc mi/select_1900        1901        1902        _6405c9"), "2021", true): All options with value '2021' are selected in object 'Object Repository/Create course/Page_Moodle Thm kho hc mi/select_1900        1901        1902        _6405c9'  using regular expression

2022-01-16 21:01:48 - [MESSAGE][PASSED] - All options with value '2021' are selected in object 'Object Repository/Create course/Page_Moodle Thm kho hc mi/select_1900        1901        1902        _6405c9'  using regular expression

2022-01-16 21:01:48 - [TEST_STEP][PASSED] - selectOptionByValue(findTestObject("Create course/Page_Moodle Thm kho hc mi/select_00        01        02        03    _f6e37b"), "7", true): All options with value '7' are selected in object 'Object Repository/Create course/Page_Moodle Thm kho hc mi/select_00        01        02        03    _f6e37b'  using regular expression

2022-01-16 21:01:49 - [MESSAGE][PASSED] - All options with value '7' are selected in object 'Object Repository/Create course/Page_Moodle Thm kho hc mi/select_00        01        02        03    _f6e37b'  using regular expression

2022-01-16 21:01:49 - [TEST_STEP][PASSED] - selectOptionByValue(findTestObject("Create course/Page_Moodle Thm kho hc mi/select_00        01        02        03    _f6e37b_1"), "15", true): All options with value '15' are selected in object 'Object Repository/Create course/Page_Moodle Thm kho hc mi/select_00        01        02        03    _f6e37b_1'  using regular expression

2022-01-16 21:01:52 - [MESSAGE][PASSED] - All options with value '15' are selected in object 'Object Repository/Create course/Page_Moodle Thm kho hc mi/select_00        01        02        03    _f6e37b_1'  using regular expression

2022-01-16 21:01:52 - [TEST_STEP][PASSED] - selectOptionByValue(findTestObject("Create course/Page_Moodle Thm kho hc mi/select_1        2        3        4        _45ea30_1"), "15", true): All options with value '15' are selected in object 'Object Repository/Create course/Page_Moodle Thm kho hc mi/select_1        2        3        4        _45ea30_1'  using regular expression

2022-01-16 21:01:54 - [MESSAGE][PASSED] - All options with value '15' are selected in object 'Object Repository/Create course/Page_Moodle Thm kho hc mi/select_1        2        3        4        _45ea30_1'  using regular expression

2022-01-16 21:01:54 - [TEST_STEP][PASSED] - selectOptionByValue(findTestObject("Create course/Page_Moodle Thm kho hc mi/select_1900        1901        1902        _6405c9_1"), "2022", true): All options with value '2022' are selected in object 'Object Repository/Create course/Page_Moodle Thm kho hc mi/select_1900        1901        1902        _6405c9_1'  using regular expression

2022-01-16 21:02:00 - [MESSAGE][PASSED] - All options with value '2022' are selected in object 'Object Repository/Create course/Page_Moodle Thm kho hc mi/select_1900        1901        1902        _6405c9_1'  using regular expression

2022-01-16 21:02:00 - [TEST_STEP][PASSED] - selectOptionByValue(findTestObject("Create course/Page_Moodle Thm kho hc mi/select_00        01        02        03    _f6e37b_1_2"), "10", true): All options with value '10' are selected in object 'Object Repository/Create course/Page_Moodle Thm kho hc mi/select_00        01        02        03    _f6e37b_1_2'  using regular expression

2022-01-16 21:02:02 - [MESSAGE][PASSED] - All options with value '10' are selected in object 'Object Repository/Create course/Page_Moodle Thm kho hc mi/select_00        01        02        03    _f6e37b_1_2'  using regular expression

2022-01-16 21:02:02 - [TEST_STEP][PASSED] - setText(findTestObject("Create course/Page_Moodle Thm kho hc mi/input_M s ID kho hc_idnumber"), "1234"): Text '1234' is set on object 'Object Repository/Create course/Page_Moodle Thm kho hc mi/input_M s ID kho hc_idnumber'

2022-01-16 21:02:03 - [MESSAGE][PASSED] - Text '1234' is set on object 'Object Repository/Create course/Page_Moodle Thm kho hc mi/input_M s ID kho hc_idnumber'

2022-01-16 21:02:03 - [TEST_STEP][PASSED] - click(findTestObject("Object Repository/Utils/Page_Moodle Thm kho hc mi/input__saveanddisplay")): Object: 'Object Repository/Utils/Page_Moodle Thm kho hc mi/input__saveanddisplay' is clicked on

2022-01-16 21:02:06 - [MESSAGE][PASSED] - Object: 'Object Repository/Utils/Page_Moodle Thm kho hc mi/input__saveanddisplay' is clicked on

2022-01-16 21:02:06 - [TEST_STEP][FAILED] - click(findTestObject("Object Repository/Utils/Page_CNPM Danh sch thnh vin/input_Danh sch thnh vin_btn btn-secondary my-1")): Unable to click on object 'Object Repository/Utils/Page_CNPM Danh sch thnh vin/input_Danh sch thnh vin_btn btn-secondary my-1' (Root cause: com.kms.katalon.core.exception.StepFailedException: Unable to click on object 'Object Repository/Utils/Page_CNPM Danh sch thnh vin/input_Danh sch thnh vin_btn btn-secondary my-1'
	at com.kms.katalon.core.webui.keyword.internal.WebUIKeywordMain.stepFailed(WebUIKeywordMain.groovy:64)
	at com.kms.katalon.core.webui.keyword.internal.WebUIKeywordMain.runKeyword(WebUIKeywordMain.groovy:26)
	at com.kms.katalon.core.webui.keyword.builtin.ClickKeyword.click(ClickKeyword.groovy:74)
	at com.kms.katalon.core.webui.keyword.builtin.ClickKeyword.execute(ClickKeyword.groovy:40)
	at com.kms.katalon.core.keyword.internal.KeywordExecutor.executeKeywordForPlatform(KeywordExecutor.groovy:74)
	at com.kms.katalon.core.webui.keyword.WebUiBuiltInKeywords.click(WebUiBuiltInKeywords.groovy:620)
	at com.kms.katalon.core.webui.keyword.WebUiBuiltInKeywords$click$1.call(Unknown Source)
	at Create course successfully.run(Create course successfully:66)
	at com.kms.katalon.core.main.ScriptEngine.run(ScriptEngine.java:194)
	at com.kms.katalon.core.main.ScriptEngine.runScriptAsRawText(ScriptEngine.java:119)
	at com.kms.katalon.core.main.TestCaseExecutor.runScript(TestCaseExecutor.java:442)
	at com.kms.katalon.core.main.TestCaseExecutor.doExecute(TestCaseExecutor.java:433)
	at com.kms.katalon.core.main.TestCaseExecutor.processExecutionPhase(TestCaseExecutor.java:412)
	at com.kms.katalon.core.main.TestCaseExecutor.accessMainPhase(TestCaseExecutor.java:404)
	at com.kms.katalon.core.main.TestCaseExecutor.execute(TestCaseExecutor.java:281)
	at com.kms.katalon.core.main.TestCaseExecutor.execute(TestCaseExecutor.java:363)
	at com.kms.katalon.core.main.TestCaseExecutor.execute(TestCaseExecutor.java:363)
	at com.kms.katalon.core.main.TestCaseExecutor.execute(TestCaseExecutor.java:363)
	at com.kms.katalon.core.main.TestSuiteExecutor.accessTestCaseMainPhase(TestSuiteExecutor.java:202)
	at com.kms.katalon.core.main.TestSuiteExecutor.accessTestSuiteMainPhase(TestSuiteExecutor.java:164)
	at com.kms.katalon.core.main.TestSuiteExecutor.execute(TestSuiteExecutor.java:105)
	at com.kms.katalon.core.main.TestCaseMain.startTestSuite(TestCaseMain.java:181)
	at com.kms.katalon.core.main.TestCaseMain$startTestSuite$0.call(Unknown Source)
	at TempTestSuite1642335656208.run(TempTestSuite1642335656208.groovy:36)
Caused by: com.kms.katalon.core.webui.exception.WebElementNotFoundException: Web element with id: 'Object Repository/Utils/Page_CNPM Danh sch thnh vin/input_Danh sch thnh vin_btn btn-secondary my-1' located by '//input[@value='Ghi danh người dùng']' not found
	at com.kms.katalon.core.webui.common.WebUiCommonHelper.findWebElement(WebUiCommonHelper.java:1368)
	at com.kms.katalon.core.webui.keyword.internal.WebUIAbstractKeyword.findWebElement(WebUIAbstractKeyword.groovy:27)
	at com.kms.katalon.core.webui.keyword.builtin.ClickKeyword$_click_closure1.doCall(ClickKeyword.groovy:65)
	at com.kms.katalon.core.webui.keyword.builtin.ClickKeyword$_click_closure1.call(ClickKeyword.groovy)
	at com.kms.katalon.core.webui.keyword.internal.WebUIKeywordMain.runKeyword(WebUIKeywordMain.groovy:20)
	at com.kms.katalon.core.webui.keyword.builtin.ClickKeyword.click(ClickKeyword.groovy:74)
	at com.kms.katalon.core.webui.keyword.builtin.ClickKeyword.execute(ClickKeyword.groovy:40)
	at com.kms.katalon.core.keyword.internal.KeywordExecutor.executeKeywordForPlatform(KeywordExecutor.groovy:74)
	at com.kms.katalon.core.webui.keyword.WebUiBuiltInKeywords.click(WebUiBuiltInKeywords.groovy:620)
	at com.kms.katalon.core.webui.keyword.WebUiBuiltInKeywords$click$1.call(Unknown Source)
	at Script1641912480734.run(Script1641912480734.groovy:66)
	... 16 more
)

2022-01-16 21:02:13 - [MESSAGE][INFO] - Unable to find the element located by 'By.xpath: //input[@value='Ghi danh người dùng']'. Please recheck the objects properties to make sure the desired element is located. 

2022-01-16 21:02:13 - [MESSAGE][WARNING] - [SELF-HEALING] Failed to find element with id 'Object Repository/Utils/Page_CNPM Danh sch thnh vin/input_Danh sch thnh vin_btn btn-secondary my-1'. Try using Self-healing.

2022-01-16 21:02:13 - [MESSAGE][INFO] - [SELF-HEALING] Failed Locator: '//input[@value='Ghi danh người dùng']'.

2022-01-16 21:02:13 - [MESSAGE][INFO] - [SELF-HEALING] Failed Locator: '//form[@id='enrolusersbutton-1']/div/input'.

2022-01-16 21:02:14 - [MESSAGE][INFO] - [SELF-HEALING] Working Locator: '//input'.

2022-01-16 21:02:14 - [MESSAGE][ERROR] - [SELF-HEALING] Cannot save screenshot to: C:\xampp\htdocs\moodle\Test Automation - SE Bonus\Reports\Self-healing, reason: unknown error: unhandled inspector error: {"code":-32000,"message":"Cannot take screenshot with 0 width."}
  (Session info: MicrosoftEdge=97.0.1072.62)
Build info: version: '3.141.59', revision: 'e82be7d358', time: '2018-11-14T08:25:53'
System info: host: 'DESKTOP-11TAGP6', ip: '192.168.56.1', os.name: 'Windows 10', os.arch: 'amd64', os.version: '10.0', java.version: '1.8.0_282'
Driver info: com.kms.katalon.selenium.driver.CEdgeDriver
Capabilities {acceptInsecureCerts: false, browserName: msedge, browserVersion: 97.0.1072.62, javascriptEnabled: true, ms:edgeOptions: {debuggerAddress: localhost:56681}, msedge: {msedgedriverVersion: 97.0.1072.55 (ce3bf33648805..., userDataDir: C:\Users\W10\AppData\Local\...}, networkConnectionEnabled: false, pageLoadStrategy: normal, platform: WINDOWS, platformName: WINDOWS, proxy: Proxy(), setWindowRect: true, strictFileInteractability: false, timeouts: {implicit: 0, pageLoad: 300000, script: 30000}, unhandledPromptBehavior: dismiss and notify, webauthn:extension:credBlob: true, webauthn:extension:largeBlob: true, webauthn:virtualAuthenticators: true}
Session ID: e2a246d63c89229e832366588016864d.

2022-01-16 21:02:14 - [MESSAGE][ERROR] - [SELF-HEALING] Cannot save screenshot to: C:\xampp\htdocs\moodle\Test Automation - SE Bonus\Reports\Self-healing, reason: unknown error: unhandled inspector error: {"code":-32000,"message":"Cannot take screenshot with 0 width."}
  (Session info: MicrosoftEdge=97.0.1072.62)
Build info: version: '3.141.59', revision: 'e82be7d358', time: '2018-11-14T08:25:53'
System info: host: 'DESKTOP-11TAGP6', ip: '192.168.56.1', os.name: 'Windows 10', os.arch: 'amd64', os.version: '10.0', java.version: '1.8.0_282'
Driver info: com.kms.katalon.selenium.driver.CEdgeDriver
Capabilities {acceptInsecureCerts: false, browserName: msedge, browserVersion: 97.0.1072.62, javascriptEnabled: true, ms:edgeOptions: {debuggerAddress: localhost:56681}, msedge: {msedgedriverVersion: 97.0.1072.55 (ce3bf33648805..., userDataDir: C:\Users\W10\AppData\Local\...}, networkConnectionEnabled: false, pageLoadStrategy: normal, platform: WINDOWS, platformName: WINDOWS, proxy: Proxy(), setWindowRect: true, strictFileInteractability: false, timeouts: {implicit: 0, pageLoad: 300000, script: 30000}, unhandledPromptBehavior: dismiss and notify, webauthn:extension:credBlob: true, webauthn:extension:largeBlob: true, webauthn:virtualAuthenticators: true}
Session ID: e2a246d63c89229e832366588016864d.

2022-01-16 21:02:14 - [MESSAGE][WARNING] - [SELF-HEALING] 'other' is different type of Path

2022-01-16 21:02:14 - [MESSAGE][ERROR] - [SELF-HEALING] Cannot save screenshot to: C:\xampp\htdocs\moodle\Test Automation - SE Bonus\Reports\Self-healing, reason: unknown error: unhandled inspector error: {"code":-32000,"message":"Cannot take screenshot with 0 width."}
  (Session info: MicrosoftEdge=97.0.1072.62)
Build info: version: '3.141.59', revision: 'e82be7d358', time: '2018-11-14T08:25:53'
System info: host: 'DESKTOP-11TAGP6', ip: '192.168.56.1', os.name: 'Windows 10', os.arch: 'amd64', os.version: '10.0', java.version: '1.8.0_282'
Driver info: com.kms.katalon.selenium.driver.CEdgeDriver
Capabilities {acceptInsecureCerts: false, browserName: msedge, browserVersion: 97.0.1072.62, javascriptEnabled: true, ms:edgeOptions: {debuggerAddress: localhost:56681}, msedge: {msedgedriverVersion: 97.0.1072.55 (ce3bf33648805..., userDataDir: C:\Users\W10\AppData\Local\...}, networkConnectionEnabled: false, pageLoadStrategy: normal, platform: WINDOWS, platformName: WINDOWS, proxy: Proxy(), setWindowRect: true, strictFileInteractability: false, timeouts: {implicit: 0, pageLoad: 300000, script: 30000}, unhandledPromptBehavior: dismiss and notify, webauthn:extension:credBlob: true, webauthn:extension:largeBlob: true, webauthn:virtualAuthenticators: true}
Session ID: e2a246d63c89229e832366588016864d.

2022-01-16 21:02:14 - [MESSAGE][WARNING] - [SELF-HEALING] 'other' is different type of Path

2022-01-16 21:02:15 - [MESSAGE][INFO] - Unable to find the element located by 'By.cssSelector: input.btn.btn-secondary.my-1'. Please recheck the objects properties to make sure the desired element is located. 

2022-01-16 21:02:15 - [MESSAGE][FAILED] - Unable to click on object 'Object Repository/Utils/Page_CNPM Danh sch thnh vin/input_Danh sch thnh vin_btn btn-secondary my-1' (Root cause: com.kms.katalon.core.exception.StepFailedException: Unable to click on object 'Object Repository/Utils/Page_CNPM Danh sch thnh vin/input_Danh sch thnh vin_btn btn-secondary my-1'
	at com.kms.katalon.core.webui.keyword.internal.WebUIKeywordMain.stepFailed(WebUIKeywordMain.groovy:64)
	at com.kms.katalon.core.webui.keyword.internal.WebUIKeywordMain.runKeyword(WebUIKeywordMain.groovy:26)
	at com.kms.katalon.core.webui.keyword.builtin.ClickKeyword.click(ClickKeyword.groovy:74)
	at com.kms.katalon.core.webui.keyword.builtin.ClickKeyword.execute(ClickKeyword.groovy:40)
	at com.kms.katalon.core.keyword.internal.KeywordExecutor.executeKeywordForPlatform(KeywordExecutor.groovy:74)
	at com.kms.katalon.core.webui.keyword.WebUiBuiltInKeywords.click(WebUiBuiltInKeywords.groovy:620)
	at com.kms.katalon.core.webui.keyword.WebUiBuiltInKeywords$click$1.call(Unknown Source)
	at Create course successfully.run(Create course successfully:66)
	at com.kms.katalon.core.main.ScriptEngine.run(ScriptEngine.java:194)
	at com.kms.katalon.core.main.ScriptEngine.runScriptAsRawText(ScriptEngine.java:119)
	at com.kms.katalon.core.main.TestCaseExecutor.runScript(TestCaseExecutor.java:442)
	at com.kms.katalon.core.main.TestCaseExecutor.doExecute(TestCaseExecutor.java:433)
	at com.kms.katalon.core.main.TestCaseExecutor.processExecutionPhase(TestCaseExecutor.java:412)
	at com.kms.katalon.core.main.TestCaseExecutor.accessMainPhase(TestCaseExecutor.java:404)
	at com.kms.katalon.core.main.TestCaseExecutor.execute(TestCaseExecutor.java:281)
	at com.kms.katalon.core.main.TestCaseExecutor.execute(TestCaseExecutor.java:363)
	at com.kms.katalon.core.main.TestCaseExecutor.execute(TestCaseExecutor.java:363)
	at com.kms.katalon.core.main.TestCaseExecutor.execute(TestCaseExecutor.java:363)
	at com.kms.katalon.core.main.TestSuiteExecutor.accessTestCaseMainPhase(TestSuiteExecutor.java:202)
	at com.kms.katalon.core.main.TestSuiteExecutor.accessTestSuiteMainPhase(TestSuiteExecutor.java:164)
	at com.kms.katalon.core.main.TestSuiteExecutor.execute(TestSuiteExecutor.java:105)
	at com.kms.katalon.core.main.TestCaseMain.startTestSuite(TestCaseMain.java:181)
	at com.kms.katalon.core.main.TestCaseMain$startTestSuite$0.call(Unknown Source)
	at TempTestSuite1642335656208.run(TempTestSuite1642335656208.groovy:36)
Caused by: com.kms.katalon.core.webui.exception.WebElementNotFoundException: Web element with id: 'Object Repository/Utils/Page_CNPM Danh sch thnh vin/input_Danh sch thnh vin_btn btn-secondary my-1' located by '//input[@value='Ghi danh người dùng']' not found
	at com.kms.katalon.core.webui.common.WebUiCommonHelper.findWebElement(WebUiCommonHelper.java:1368)
	at com.kms.katalon.core.webui.keyword.internal.WebUIAbstractKeyword.findWebElement(WebUIAbstractKeyword.groovy:27)
	at com.kms.katalon.core.webui.keyword.builtin.ClickKeyword$_click_closure1.doCall(ClickKeyword.groovy:65)
	at com.kms.katalon.core.webui.keyword.builtin.ClickKeyword$_click_closure1.call(ClickKeyword.groovy)
	at com.kms.katalon.core.webui.keyword.internal.WebUIKeywordMain.runKeyword(WebUIKeywordMain.groovy:20)
	at com.kms.katalon.core.webui.keyword.builtin.ClickKeyword.click(ClickKeyword.groovy:74)
	at com.kms.katalon.core.webui.keyword.builtin.ClickKeyword.execute(ClickKeyword.groovy:40)
	at com.kms.katalon.core.keyword.internal.KeywordExecutor.executeKeywordForPlatform(KeywordExecutor.groovy:74)
	at com.kms.katalon.core.webui.keyword.WebUiBuiltInKeywords.click(WebUiBuiltInKeywords.groovy:620)
	at com.kms.katalon.core.webui.keyword.WebUiBuiltInKeywords$click$1.call(Unknown Source)
	at Script1641912480734.run(Script1641912480734.groovy:66)
	... 16 more
)
[[ATTACHMENT|C:\\xampp\\htdocs\\moodle\\Test Automation - SE Bonus\\Reports\\20220116_192056\\Run All Test Cases\\20220116_192056\\1642341735627.png]]]]></system-out>
         <system-err><![CDATA[2022-01-16 21:00:55 - [TEST_CASE][FAILED] - Test Cases/Create course/Create course successfully: Test Cases/Create course/Create course successfully FAILED.
Reason:
com.kms.katalon.core.exception.StepFailedException: Unable to click on object 'Object Repository/Utils/Page_CNPM Danh sch thnh vin/input_Danh sch thnh vin_btn btn-secondary my-1'
	at com.kms.katalon.core.webui.keyword.internal.WebUIKeywordMain.stepFailed(WebUIKeywordMain.groovy:64)
	at com.kms.katalon.core.webui.keyword.internal.WebUIKeywordMain.runKeyword(WebUIKeywordMain.groovy:26)
	at com.kms.katalon.core.webui.keyword.builtin.ClickKeyword.click(ClickKeyword.groovy:74)
	at com.kms.katalon.core.webui.keyword.builtin.ClickKeyword.execute(ClickKeyword.groovy:40)
	at com.kms.katalon.core.keyword.internal.KeywordExecutor.executeKeywordForPlatform(KeywordExecutor.groovy:74)
	at com.kms.katalon.core.webui.keyword.WebUiBuiltInKeywords.click(WebUiBuiltInKeywords.groovy:620)
	at com.kms.katalon.core.webui.keyword.WebUiBuiltInKeywords$click$1.call(Unknown Source)
	at Create course successfully.run(Create course successfully:66)
	at com.kms.katalon.core.main.ScriptEngine.run(ScriptEngine.java:194)
	at com.kms.katalon.core.main.ScriptEngine.runScriptAsRawText(ScriptEngine.java:119)
	at com.kms.katalon.core.main.TestCaseExecutor.runScript(TestCaseExecutor.java:442)
	at com.kms.katalon.core.main.TestCaseExecutor.doExecute(TestCaseExecutor.java:433)
	at com.kms.katalon.core.main.TestCaseExecutor.processExecutionPhase(TestCaseExecutor.java:412)
	at com.kms.katalon.core.main.TestCaseExecutor.accessMainPhase(TestCaseExecutor.java:404)
	at com.kms.katalon.core.main.TestCaseExecutor.execute(TestCaseExecutor.java:281)
	at com.kms.katalon.core.main.TestCaseExecutor.execute(TestCaseExecutor.java:363)
	at com.kms.katalon.core.main.TestCaseExecutor.execute(TestCaseExecutor.java:363)
	at com.kms.katalon.core.main.TestCaseExecutor.execute(TestCaseExecutor.java:363)
	at com.kms.katalon.core.main.TestSuiteExecutor.accessTestCaseMainPhase(TestSuiteExecutor.java:202)
	at com.kms.katalon.core.main.TestSuiteExecutor.accessTestSuiteMainPhase(TestSuiteExecutor.java:164)
	at com.kms.katalon.core.main.TestSuiteExecutor.execute(TestSuiteExecutor.java:105)
	at com.kms.katalon.core.main.TestCaseMain.startTestSuite(TestCaseMain.java:181)
	at com.kms.katalon.core.main.TestCaseMain$startTestSuite$0.call(Unknown Source)
	at TempTestSuite1642335656208.run(TempTestSuite1642335656208.groovy:36)
Caused by: com.kms.katalon.core.webui.exception.WebElementNotFoundException: Web element with id: 'Object Repository/Utils/Page_CNPM Danh sch thnh vin/input_Danh sch thnh vin_btn btn-secondary my-1' located by '//input[@value='Ghi danh người dùng']' not found
	at com.kms.katalon.core.webui.common.WebUiCommonHelper.findWebElement(WebUiCommonHelper.java:1368)
	at com.kms.katalon.core.webui.keyword.internal.WebUIAbstractKeyword.findWebElement(WebUIAbstractKeyword.groovy:27)
	at com.kms.katalon.core.webui.keyword.builtin.ClickKeyword$_click_closure1.doCall(ClickKeyword.groovy:65)
	at com.kms.katalon.core.webui.keyword.builtin.ClickKeyword$_click_closure1.call(ClickKeyword.groovy)
	at com.kms.katalon.core.webui.keyword.internal.WebUIKeywordMain.runKeyword(WebUIKeywordMain.groovy:20)
	... 22 more]]></system-err>
      </testcase>
      <testcase name="Test Cases/Create course/Create course with existed shortname" time="48.498" classname="Test Cases/Create course/Create course with existed shortname" status="FAILED">
         <failure type="FAILED" message="Test Cases/Create course/Create course with existed shortname FAILED.
Reason:
com.kms.katalon.core.exception.StepFailedException: Unable to set text 'Nhập môn lập trình' of object 'Object Repository/Create course/Page_Moodle Thm kho hc mi/input_Tn y_fullname'
	at com.kms.katalon.core.webui.keyword.internal.WebUIKeywordMain.stepFailed(WebUIKeywordMain.groovy:64)
	at com.kms.katalon.core.webui.keyword.internal.WebUIKeywordMain.runKeyword(WebUIKeywordMain.groovy:26)
	at com.kms.katalon.core.webui.keyword.builtin.SetTextKeyword.setText(SetTextKeyword.groovy:66)
	at com.kms.katalon.core.webui.keyword.builtin.SetTextKeyword.execute(SetTextKeyword.groovy:37)
	at com.kms.katalon.core.keyword.internal.KeywordExecutor.executeKeywordForPlatform(KeywordExecutor.groovy:74)
	at com.kms.katalon.core.webui.keyword.WebUiBuiltInKeywords.setText(WebUiBuiltInKeywords.groovy:980)
	at com.kms.katalon.core.webui.keyword.WebUiBuiltInKeywords$setText$2.call(Unknown Source)
	at Create course with existed shortname.run(Create course with existed shortname:43)
	at com.kms.katalon.core.main.ScriptEngine.run(ScriptEngine.java:194)
	at com.kms.katalon.core.main.ScriptEngine.runScriptAsRawText(ScriptEngine.java:119)
	at com.kms.katalon.core.main.TestCaseExecutor.runScript(TestCaseExecutor.java:442)
	at com.kms.katalon.core.main.TestCaseExecutor.doExecute(TestCaseExecutor.java:433)
	at com.kms.katalon.core.main.TestCaseExecutor.processExecutionPhase(TestCaseExecutor.java:412)
	at com.kms.katalon.core.main.TestCaseExecutor.accessMainPhase(TestCaseExecutor.java:404)
	at com.kms.katalon.core.main.TestCaseExecutor.execute(TestCaseExecutor.java:281)
	at com.kms.katalon.core.main.TestCaseExecutor.execute(TestCaseExecutor.java:363)
	at com.kms.katalon.core.main.TestCaseExecutor.execute(TestCaseExecutor.java:363)
	at com.kms.katalon.core.main.TestCaseExecutor.execute(TestCaseExecutor.java:363)
	at com.kms.katalon.core.main.TestSuiteExecutor.accessTestCaseMainPhase(TestSuiteExecutor.java:202)
	at com.kms.katalon.core.main.TestSuiteExecutor.accessTestSuiteMainPhase(TestSuiteExecutor.java:164)
	at com.kms.katalon.core.main.TestSuiteExecutor.execute(TestSuiteExecutor.java:105)
	at com.kms.katalon.core.main.TestCaseMain.startTestSuite(TestCaseMain.java:181)
	at com.kms.katalon.core.main.TestCaseMain$startTestSuite$0.call(Unknown Source)
	at TempTestSuite1642335656208.run(TempTestSuite1642335656208.groovy:36)
Caused by: org.openqa.selenium.ElementNotInteractableException: element not interactable
  (Session info: MicrosoftEdge=97.0.1072.62)
Build info: version: '3.141.59', revision: 'e82be7d358', time: '2018-11-14T08:25:53'
System info: host: 'DESKTOP-11TAGP6', ip: '192.168.56.1', os.name: 'Windows 10', os.arch: 'amd64', os.version: '10.0', java.version: '1.8.0_282'
Driver info: com.kms.katalon.selenium.driver.CEdgeDriver
Capabilities {acceptInsecureCerts: false, browserName: msedge, browserVersion: 97.0.1072.62, javascriptEnabled: true, ms:edgeOptions: {debuggerAddress: localhost:57301}, msedge: {msedgedriverVersion: 97.0.1072.55 (ce3bf33648805..., userDataDir: C:\Users\W10\AppData\Local\...}, networkConnectionEnabled: false, pageLoadStrategy: normal, platform: WINDOWS, platformName: WINDOWS, proxy: Proxy(), setWindowRect: true, strictFileInteractability: false, timeouts: {implicit: 0, pageLoad: 300000, script: 30000}, unhandledPromptBehavior: dismiss and notify, webauthn:extension:credBlob: true, webauthn:extension:largeBlob: true, webauthn:virtualAuthenticators: true}
Session ID: e93ccceae9ac857eac1ed124722c700f
	at org.openqa.selenium.remote.http.W3CHttpResponseCodec.createException(W3CHttpResponseCodec.java:187)
	at org.openqa.selenium.remote.http.W3CHttpResponseCodec.decode(W3CHttpResponseCodec.java:122)
	at org.openqa.selenium.remote.http.W3CHttpResponseCodec.decode(W3CHttpResponseCodec.java:49)
	at org.openqa.selenium.remote.HttpCommandExecutor.execute(HttpCommandExecutor.java:158)
	at org.openqa.selenium.remote.service.DriverCommandExecutor.execute(DriverCommandExecutor.java:83)
	at org.openqa.selenium.remote.RemoteWebDriver.execute(RemoteWebDriver.java:552)
	at com.kms.katalon.selenium.driver.CEdgeDriver.execute(CEdgeDriver.java:20)
	at org.openqa.selenium.remote.RemoteWebElement.execute(RemoteWebElement.java:285)
	at org.openqa.selenium.remote.RemoteWebElement.clear(RemoteWebElement.java:124)
	at org.openqa.selenium.support.events.EventFiringWebDriver$EventFiringWebElement.lambda$new$0(EventFiringWebDriver.java:404)
	at com.sun.proxy.$Proxy11.clear(Unknown Source)
	at org.openqa.selenium.support.events.EventFiringWebDriver$EventFiringWebElement.clear(EventFiringWebDriver.java:436)
	at com.kms.katalon.core.webui.keyword.builtin.SetTextKeyword$_setText_closure1.doCall(SetTextKeyword.groovy:53)
	at com.kms.katalon.core.webui.keyword.builtin.SetTextKeyword$_setText_closure1.call(SetTextKeyword.groovy)
	at com.kms.katalon.core.webui.keyword.internal.WebUIKeywordMain.runKeyword(WebUIKeywordMain.groovy:20)
	... 22 more
"/>
         <system-out><![CDATA[2022-01-16 21:05:56 - [TEST_CASE][FAILED] - Test Cases/Create course/Create course with existed shortname: Test Cases/Create course/Create course with existed shortname FAILED.
Reason:
com.kms.katalon.core.exception.StepFailedException: Unable to set text 'Nhập môn lập trình' of object 'Object Repository/Create course/Page_Moodle Thm kho hc mi/input_Tn y_fullname'
	at com.kms.katalon.core.webui.keyword.internal.WebUIKeywordMain.stepFailed(WebUIKeywordMain.groovy:64)
	at com.kms.katalon.core.webui.keyword.internal.WebUIKeywordMain.runKeyword(WebUIKeywordMain.groovy:26)
	at com.kms.katalon.core.webui.keyword.builtin.SetTextKeyword.setText(SetTextKeyword.groovy:66)
	at com.kms.katalon.core.webui.keyword.builtin.SetTextKeyword.execute(SetTextKeyword.groovy:37)
	at com.kms.katalon.core.keyword.internal.KeywordExecutor.executeKeywordForPlatform(KeywordExecutor.groovy:74)
	at com.kms.katalon.core.webui.keyword.WebUiBuiltInKeywords.setText(WebUiBuiltInKeywords.groovy:980)
	at com.kms.katalon.core.webui.keyword.WebUiBuiltInKeywords$setText$2.call(Unknown Source)
	at Create course with existed shortname.run(Create course with existed shortname:43)
	at com.kms.katalon.core.main.ScriptEngine.run(ScriptEngine.java:194)
	at com.kms.katalon.core.main.ScriptEngine.runScriptAsRawText(ScriptEngine.java:119)
	at com.kms.katalon.core.main.TestCaseExecutor.runScript(TestCaseExecutor.java:442)
	at com.kms.katalon.core.main.TestCaseExecutor.doExecute(TestCaseExecutor.java:433)
	at com.kms.katalon.core.main.TestCaseExecutor.processExecutionPhase(TestCaseExecutor.java:412)
	at com.kms.katalon.core.main.TestCaseExecutor.accessMainPhase(TestCaseExecutor.java:404)
	at com.kms.katalon.core.main.TestCaseExecutor.execute(TestCaseExecutor.java:281)
	at com.kms.katalon.core.main.TestCaseExecutor.execute(TestCaseExecutor.java:363)
	at com.kms.katalon.core.main.TestCaseExecutor.execute(TestCaseExecutor.java:363)
	at com.kms.katalon.core.main.TestCaseExecutor.execute(TestCaseExecutor.java:363)
	at com.kms.katalon.core.main.TestSuiteExecutor.accessTestCaseMainPhase(TestSuiteExecutor.java:202)
	at com.kms.katalon.core.main.TestSuiteExecutor.accessTestSuiteMainPhase(TestSuiteExecutor.java:164)
	at com.kms.katalon.core.main.TestSuiteExecutor.execute(TestSuiteExecutor.java:105)
	at com.kms.katalon.core.main.TestCaseMain.startTestSuite(TestCaseMain.java:181)
	at com.kms.katalon.core.main.TestCaseMain$startTestSuite$0.call(Unknown Source)
	at TempTestSuite1642335656208.run(TempTestSuite1642335656208.groovy:36)
Caused by: org.openqa.selenium.ElementNotInteractableException: element not interactable
  (Session info: MicrosoftEdge=97.0.1072.62)
Build info: version: '3.141.59', revision: 'e82be7d358', time: '2018-11-14T08:25:53'
System info: host: 'DESKTOP-11TAGP6', ip: '192.168.56.1', os.name: 'Windows 10', os.arch: 'amd64', os.version: '10.0', java.version: '1.8.0_282'
Driver info: com.kms.katalon.selenium.driver.CEdgeDriver
Capabilities {acceptInsecureCerts: false, browserName: msedge, browserVersion: 97.0.1072.62, javascriptEnabled: true, ms:edgeOptions: {debuggerAddress: localhost:57301}, msedge: {msedgedriverVersion: 97.0.1072.55 (ce3bf33648805..., userDataDir: C:\Users\W10\AppData\Local\...}, networkConnectionEnabled: false, pageLoadStrategy: normal, platform: WINDOWS, platformName: WINDOWS, proxy: Proxy(), setWindowRect: true, strictFileInteractability: false, timeouts: {implicit: 0, pageLoad: 300000, script: 30000}, unhandledPromptBehavior: dismiss and notify, webauthn:extension:credBlob: true, webauthn:extension:largeBlob: true, webauthn:virtualAuthenticators: true}
Session ID: e93ccceae9ac857eac1ed124722c700f
	at org.openqa.selenium.remote.http.W3CHttpResponseCodec.createException(W3CHttpResponseCodec.java:187)
	at org.openqa.selenium.remote.http.W3CHttpResponseCodec.decode(W3CHttpResponseCodec.java:122)
	at org.openqa.selenium.remote.http.W3CHttpResponseCodec.decode(W3CHttpResponseCodec.java:49)
	at org.openqa.selenium.remote.HttpCommandExecutor.execute(HttpCommandExecutor.java:158)
	at org.openqa.selenium.remote.service.DriverCommandExecutor.execute(DriverCommandExecutor.java:83)
	at org.openqa.selenium.remote.RemoteWebDriver.execute(RemoteWebDriver.java:552)
	at com.kms.katalon.selenium.driver.CEdgeDriver.execute(CEdgeDriver.java:20)
	at org.openqa.selenium.remote.RemoteWebElement.execute(RemoteWebElement.java:285)
	at org.openqa.selenium.remote.RemoteWebElement.clear(RemoteWebElement.java:124)
	at org.openqa.selenium.support.events.EventFiringWebDriver$EventFiringWebElement.lambda$new$0(EventFiringWebDriver.java:404)
	at com.sun.proxy.$Proxy11.clear(Unknown Source)
	at org.openqa.selenium.support.events.EventFiringWebDriver$EventFiringWebElement.clear(EventFiringWebDriver.java:436)
	at com.kms.katalon.core.webui.keyword.builtin.SetTextKeyword$_setText_closure1.doCall(SetTextKeyword.groovy:53)
	at com.kms.katalon.core.webui.keyword.builtin.SetTextKeyword$_setText_closure1.call(SetTextKeyword.groovy)
	at com.kms.katalon.core.webui.keyword.internal.WebUIKeywordMain.runKeyword(WebUIKeywordMain.groovy:20)
	... 22 more


2022-01-16 21:05:56 - [TEST_STEP][PASSED] - openBrowser(""): Browser is opened with url: ''

2022-01-16 21:05:56 - [MESSAGE][WARNING] - A browser is already opened. Closing browser and opening a new one

2022-01-16 21:05:57 - [MESSAGE][INFO] - Starting 'Edge Chromium' driver

2022-01-16 21:06:00 - [MESSAGE][INFO] - Action delay is set to 0 milliseconds

2022-01-16 21:06:01 - [MESSAGE][PASSED] - Browser is opened with url: ''

2022-01-16 21:06:01 - [TEST_STEP][PASSED] - navigateToUrl("http://localhost/"): Navigate to 'http://localhost/' successfully

2022-01-16 21:06:03 - [MESSAGE][PASSED] - Navigate to 'http://localhost/' successfully

2022-01-16 21:06:03 - [TEST_STEP][PASSED] - callTestCase(findTestCase("Utils/Login as admin"), [:], STOP_ON_FAILURE): Call Test Case 'Test Cases/Utils/Login as admin' successfully

2022-01-16 21:06:04 - [TEST_CASE][PASSED] - Test Cases/Utils/Login as admin: Test Cases/Utils/Login as admin

2022-01-16 21:06:04 - [TEST_STEP][PASSED] - click(findTestObject("View course grade/Page_Local Moodle/a_Log in")): Object: 'Object Repository/View course grade/Page_Local Moodle/a_Log in' is clicked on

2022-01-16 21:06:05 - [MESSAGE][PASSED] - Object: 'Object Repository/View course grade/Page_Local Moodle/a_Log in' is clicked on

2022-01-16 21:06:05 - [TEST_STEP][PASSED] - setText(findTestObject("View course grade/Page_Local Moodle Log in to the site/input_Username_username"), "admin"): Text 'admin' is set on object 'Object Repository/View course grade/Page_Local Moodle Log in to the site/input_Username_username'

2022-01-16 21:06:06 - [MESSAGE][PASSED] - Text 'admin' is set on object 'Object Repository/View course grade/Page_Local Moodle Log in to the site/input_Username_username'

2022-01-16 21:06:06 - [TEST_STEP][PASSED] - setEncryptedText(findTestObject("View course grade/Page_Local Moodle Log in to the site/input_Password_password"), "bfAykA/oWJ09FXmiKh6lyuuLu8QhG1K5"): Text ****** has been set on object 'Object Repository/View course grade/Page_Local Moodle Log in to the site/input_Password_password'

2022-01-16 21:06:06 - [MESSAGE][PASSED] - Text ****** has been set on object 'Object Repository/View course grade/Page_Local Moodle Log in to the site/input_Password_password'

2022-01-16 21:06:06 - [TEST_STEP][PASSED] - click(findTestObject("View course grade/Page_Local Moodle Log in to the site/button_Log in")): Object: 'Object Repository/View course grade/Page_Local Moodle Log in to the site/button_Log in' is clicked on

2022-01-16 21:06:10 - [MESSAGE][PASSED] - Object: 'Object Repository/View course grade/Page_Local Moodle Log in to the site/button_Log in' is clicked on

2022-01-16 21:06:10 - [MESSAGE][PASSED] - Call Test Case 'Test Cases/Utils/Login as admin' successfully

2022-01-16 21:06:10 - [TEST_STEP][PASSED] - click(findTestObject("Object Repository/Create course/Page_Nh ca ti/span_Qun tr khu vc")): Object: 'Object Repository/Create course/Page_Nh ca ti/span_Qun tr khu vc' is clicked on

2022-01-16 21:06:16 - [MESSAGE][PASSED] - Object: 'Object Repository/Create course/Page_Nh ca ti/span_Qun tr khu vc' is clicked on

2022-01-16 21:06:16 - [TEST_STEP][PASSED] - click(findTestObject("Object Repository/Create course/Page_Moodle Khu vc qun tr Tm kim/a_Kho hc")): Object: 'Object Repository/Create course/Page_Moodle Khu vc qun tr Tm kim/a_Kho hc' is clicked on

2022-01-16 21:06:16 - [MESSAGE][PASSED] - Object: 'Object Repository/Create course/Page_Moodle Khu vc qun tr Tm kim/a_Kho hc' is clicked on

2022-01-16 21:06:16 - [TEST_STEP][PASSED] - click(findTestObject("Object Repository/Create course/Page_Moodle Khu vc qun tr Tm kim/a_Thmsa cc kho hc")): Object: 'Object Repository/Create course/Page_Moodle Khu vc qun tr Tm kim/a_Thmsa cc kho hc' is clicked on

2022-01-16 21:06:19 - [MESSAGE][PASSED] - Object: 'Object Repository/Create course/Page_Moodle Khu vc qun tr Tm kim/a_Thmsa cc kho hc' is clicked on

2022-01-16 21:06:19 - [TEST_STEP][PASSED] - click(findTestObject("Object Repository/Create course/Page_Qun l kha hc v danh mc kha hc/a_To kha hc mi")): Object: 'Object Repository/Create course/Page_Qun l kha hc v danh mc kha hc/a_To kha hc mi' is clicked on

2022-01-16 21:06:25 - [MESSAGE][INFO] - Unable to find the element located by 'By.xpath: //div[@id='yui_3_17_2_1_1641387355327_57']/div/div/a'. Please recheck the objects properties to make sure the desired element is located. 

2022-01-16 21:06:25 - [MESSAGE][WARNING] - [SELF-HEALING] Failed to find element with id 'Object Repository/Create course/Page_Qun l kha hc v danh mc kha hc/a_To kha hc mi'. Try using Self-healing.

2022-01-16 21:06:25 - [MESSAGE][WARNING] - [SELF-HEALING] The current locator of test object 'Object Repository/Create course/Page_Qun l kha hc v danh mc kha hc/a_To kha hc mi' was broken. Propose an alternative one: '//a[contains(text(),'Tạo khóa học mới')]'.

2022-01-16 21:06:29 - [MESSAGE][PASSED] - Object: 'Object Repository/Create course/Page_Qun l kha hc v danh mc kha hc/a_To kha hc mi' is clicked on

2022-01-16 21:06:29 - [TEST_STEP][PASSED] - setText(findTestObject("Object Repository/Create course/Page_Moodle Thm kho hc mi/input_Tn y_fullname"), "Nhập môn lập trình"): Text 'Nhập môn lập trình' is set on object 'Object Repository/Create course/Page_Moodle Thm kho hc mi/input_Tn y_fullname'

2022-01-16 21:06:31 - [MESSAGE][PASSED] - Text 'Nhập môn lập trình' is set on object 'Object Repository/Create course/Page_Moodle Thm kho hc mi/input_Tn y_fullname'

2022-01-16 21:06:31 - [TEST_STEP][PASSED] - setText(findTestObject("Object Repository/Create course/Page_Moodle Thm kho hc mi/input_Tn rt gn ca kho hc_shortname"), "NMLT"): Text 'NMLT' is set on object 'Object Repository/Create course/Page_Moodle Thm kho hc mi/input_Tn rt gn ca kho hc_shortname'

2022-01-16 21:06:32 - [MESSAGE][PASSED] - Text 'NMLT' is set on object 'Object Repository/Create course/Page_Moodle Thm kho hc mi/input_Tn rt gn ca kho hc_shortname'

2022-01-16 21:06:32 - [TEST_STEP][PASSED] - click(findTestObject("Object Repository/Create course/Page_Moodle Thm kho hc mi/input__saveandreturn")): Object: 'Object Repository/Create course/Page_Moodle Thm kho hc mi/input__saveandreturn' is clicked on

2022-01-16 21:06:35 - [MESSAGE][PASSED] - Object: 'Object Repository/Create course/Page_Moodle Thm kho hc mi/input__saveandreturn' is clicked on

2022-01-16 21:06:35 - [TEST_STEP][PASSED] - click(findTestObject("Object Repository/Create course/Page_Qun l kha hc v danh mc kha hc/a_To kha hc mi")): Object: 'Object Repository/Create course/Page_Qun l kha hc v danh mc kha hc/a_To kha hc mi' is clicked on

2022-01-16 21:06:41 - [MESSAGE][INFO] - Unable to find the element located by 'By.xpath: //div[@id='yui_3_17_2_1_1641387355327_57']/div/div/a'. Please recheck the objects properties to make sure the desired element is located. 

2022-01-16 21:06:41 - [MESSAGE][WARNING] - [SELF-HEALING] Failed to find element with id 'Object Repository/Create course/Page_Qun l kha hc v danh mc kha hc/a_To kha hc mi'. Try using Self-healing.

2022-01-16 21:06:43 - [MESSAGE][INFO] - Unable to find the element located by 'By.xpath: //a[contains(text(),'Tạo khóa học mới')]'. Please recheck the objects properties to make sure the desired element is located. 

2022-01-16 21:06:43 - [MESSAGE][WARNING] - [SELF-HEALING] The current locator of test object 'Object Repository/Create course/Page_Qun l kha hc v danh mc kha hc/a_To kha hc mi' was broken. Propose an alternative one: '//div[2]/div/div/div/a'.

2022-01-16 21:06:43 - [MESSAGE][PASSED] - Object: 'Object Repository/Create course/Page_Qun l kha hc v danh mc kha hc/a_To kha hc mi' is clicked on

2022-01-16 21:06:43 - [TEST_STEP][FAILED] - setText(findTestObject("Object Repository/Create course/Page_Moodle Thm kho hc mi/input_Tn y_fullname"), "Nhập môn lập trình"): Unable to set text 'Nhập môn lập trình' of object 'Object Repository/Create course/Page_Moodle Thm kho hc mi/input_Tn y_fullname' (Root cause: com.kms.katalon.core.exception.StepFailedException: Unable to set text 'Nhập môn lập trình' of object 'Object Repository/Create course/Page_Moodle Thm kho hc mi/input_Tn y_fullname'
	at com.kms.katalon.core.webui.keyword.internal.WebUIKeywordMain.stepFailed(WebUIKeywordMain.groovy:64)
	at com.kms.katalon.core.webui.keyword.internal.WebUIKeywordMain.runKeyword(WebUIKeywordMain.groovy:26)
	at com.kms.katalon.core.webui.keyword.builtin.SetTextKeyword.setText(SetTextKeyword.groovy:66)
	at com.kms.katalon.core.webui.keyword.builtin.SetTextKeyword.execute(SetTextKeyword.groovy:37)
	at com.kms.katalon.core.keyword.internal.KeywordExecutor.executeKeywordForPlatform(KeywordExecutor.groovy:74)
	at com.kms.katalon.core.webui.keyword.WebUiBuiltInKeywords.setText(WebUiBuiltInKeywords.groovy:980)
	at com.kms.katalon.core.webui.keyword.WebUiBuiltInKeywords$setText$2.call(Unknown Source)
	at Create course with existed shortname.run(Create course with existed shortname:43)
	at com.kms.katalon.core.main.ScriptEngine.run(ScriptEngine.java:194)
	at com.kms.katalon.core.main.ScriptEngine.runScriptAsRawText(ScriptEngine.java:119)
	at com.kms.katalon.core.main.TestCaseExecutor.runScript(TestCaseExecutor.java:442)
	at com.kms.katalon.core.main.TestCaseExecutor.doExecute(TestCaseExecutor.java:433)
	at com.kms.katalon.core.main.TestCaseExecutor.processExecutionPhase(TestCaseExecutor.java:412)
	at com.kms.katalon.core.main.TestCaseExecutor.accessMainPhase(TestCaseExecutor.java:404)
	at com.kms.katalon.core.main.TestCaseExecutor.execute(TestCaseExecutor.java:281)
	at com.kms.katalon.core.main.TestCaseExecutor.execute(TestCaseExecutor.java:363)
	at com.kms.katalon.core.main.TestCaseExecutor.execute(TestCaseExecutor.java:363)
	at com.kms.katalon.core.main.TestCaseExecutor.execute(TestCaseExecutor.java:363)
	at com.kms.katalon.core.main.TestSuiteExecutor.accessTestCaseMainPhase(TestSuiteExecutor.java:202)
	at com.kms.katalon.core.main.TestSuiteExecutor.accessTestSuiteMainPhase(TestSuiteExecutor.java:164)
	at com.kms.katalon.core.main.TestSuiteExecutor.execute(TestSuiteExecutor.java:105)
	at com.kms.katalon.core.main.TestCaseMain.startTestSuite(TestCaseMain.java:181)
	at com.kms.katalon.core.main.TestCaseMain$startTestSuite$0.call(Unknown Source)
	at TempTestSuite1642335656208.run(TempTestSuite1642335656208.groovy:36)
Caused by: org.openqa.selenium.ElementNotInteractableException: element not interactable
  (Session info: MicrosoftEdge=97.0.1072.62)
Build info: version: '3.141.59', revision: 'e82be7d358', time: '2018-11-14T08:25:53'
System info: host: 'DESKTOP-11TAGP6', ip: '192.168.56.1', os.name: 'Windows 10', os.arch: 'amd64', os.version: '10.0', java.version: '1.8.0_282'
Driver info: com.kms.katalon.selenium.driver.CEdgeDriver
Capabilities {acceptInsecureCerts: false, browserName: msedge, browserVersion: 97.0.1072.62, javascriptEnabled: true, ms:edgeOptions: {debuggerAddress: localhost:57301}, msedge: {msedgedriverVersion: 97.0.1072.55 (ce3bf33648805..., userDataDir: C:\Users\W10\AppData\Local\...}, networkConnectionEnabled: false, pageLoadStrategy: normal, platform: WINDOWS, platformName: WINDOWS, proxy: Proxy(), setWindowRect: true, strictFileInteractability: false, timeouts: {implicit: 0, pageLoad: 300000, script: 30000}, unhandledPromptBehavior: dismiss and notify, webauthn:extension:credBlob: true, webauthn:extension:largeBlob: true, webauthn:virtualAuthenticators: true}
Session ID: e93ccceae9ac857eac1ed124722c700f
	at org.openqa.selenium.remote.http.W3CHttpResponseCodec.createException(W3CHttpResponseCodec.java:187)
	at org.openqa.selenium.remote.http.W3CHttpResponseCodec.decode(W3CHttpResponseCodec.java:122)
	at org.openqa.selenium.remote.http.W3CHttpResponseCodec.decode(W3CHttpResponseCodec.java:49)
	at org.openqa.selenium.remote.HttpCommandExecutor.execute(HttpCommandExecutor.java:158)
	at org.openqa.selenium.remote.service.DriverCommandExecutor.execute(DriverCommandExecutor.java:83)
	at org.openqa.selenium.remote.RemoteWebDriver.execute(RemoteWebDriver.java:552)
	at com.kms.katalon.selenium.driver.CEdgeDriver.execute(CEdgeDriver.java:20)
	at org.openqa.selenium.remote.RemoteWebElement.execute(RemoteWebElement.java:285)
	at org.openqa.selenium.remote.RemoteWebElement.clear(RemoteWebElement.java:124)
	at org.openqa.selenium.support.events.EventFiringWebDriver$EventFiringWebElement.lambda$new$0(EventFiringWebDriver.java:404)
	at com.sun.proxy.$Proxy11.clear(Unknown Source)
	at org.openqa.selenium.support.events.EventFiringWebDriver$EventFiringWebElement.clear(EventFiringWebDriver.java:436)
	at com.kms.katalon.core.webui.keyword.builtin.SetTextKeyword$_setText_closure1.doCall(SetTextKeyword.groovy:53)
	at com.kms.katalon.core.webui.keyword.builtin.SetTextKeyword$_setText_closure1.call(SetTextKeyword.groovy)
	at com.kms.katalon.core.webui.keyword.internal.WebUIKeywordMain.runKeyword(WebUIKeywordMain.groovy:20)
	at com.kms.katalon.core.webui.keyword.builtin.SetTextKeyword.setText(SetTextKeyword.groovy:66)
	at com.kms.katalon.core.webui.keyword.builtin.SetTextKeyword.execute(SetTextKeyword.groovy:37)
	at com.kms.katalon.core.keyword.internal.KeywordExecutor.executeKeywordForPlatform(KeywordExecutor.groovy:74)
	at com.kms.katalon.core.webui.keyword.WebUiBuiltInKeywords.setText(WebUiBuiltInKeywords.groovy:980)
	at com.kms.katalon.core.webui.keyword.WebUiBuiltInKeywords$setText$2.call(Unknown Source)
	at Script1641912513955.run(Script1641912513955.groovy:43)
	... 16 more
)

2022-01-16 21:06:45 - [MESSAGE][FAILED] - Unable to set text 'Nhập môn lập trình' of object 'Object Repository/Create course/Page_Moodle Thm kho hc mi/input_Tn y_fullname' (Root cause: com.kms.katalon.core.exception.StepFailedException: Unable to set text 'Nhập môn lập trình' of object 'Object Repository/Create course/Page_Moodle Thm kho hc mi/input_Tn y_fullname'
	at com.kms.katalon.core.webui.keyword.internal.WebUIKeywordMain.stepFailed(WebUIKeywordMain.groovy:64)
	at com.kms.katalon.core.webui.keyword.internal.WebUIKeywordMain.runKeyword(WebUIKeywordMain.groovy:26)
	at com.kms.katalon.core.webui.keyword.builtin.SetTextKeyword.setText(SetTextKeyword.groovy:66)
	at com.kms.katalon.core.webui.keyword.builtin.SetTextKeyword.execute(SetTextKeyword.groovy:37)
	at com.kms.katalon.core.keyword.internal.KeywordExecutor.executeKeywordForPlatform(KeywordExecutor.groovy:74)
	at com.kms.katalon.core.webui.keyword.WebUiBuiltInKeywords.setText(WebUiBuiltInKeywords.groovy:980)
	at com.kms.katalon.core.webui.keyword.WebUiBuiltInKeywords$setText$2.call(Unknown Source)
	at Create course with existed shortname.run(Create course with existed shortname:43)
	at com.kms.katalon.core.main.ScriptEngine.run(ScriptEngine.java:194)
	at com.kms.katalon.core.main.ScriptEngine.runScriptAsRawText(ScriptEngine.java:119)
	at com.kms.katalon.core.main.TestCaseExecutor.runScript(TestCaseExecutor.java:442)
	at com.kms.katalon.core.main.TestCaseExecutor.doExecute(TestCaseExecutor.java:433)
	at com.kms.katalon.core.main.TestCaseExecutor.processExecutionPhase(TestCaseExecutor.java:412)
	at com.kms.katalon.core.main.TestCaseExecutor.accessMainPhase(TestCaseExecutor.java:404)
	at com.kms.katalon.core.main.TestCaseExecutor.execute(TestCaseExecutor.java:281)
	at com.kms.katalon.core.main.TestCaseExecutor.execute(TestCaseExecutor.java:363)
	at com.kms.katalon.core.main.TestCaseExecutor.execute(TestCaseExecutor.java:363)
	at com.kms.katalon.core.main.TestCaseExecutor.execute(TestCaseExecutor.java:363)
	at com.kms.katalon.core.main.TestSuiteExecutor.accessTestCaseMainPhase(TestSuiteExecutor.java:202)
	at com.kms.katalon.core.main.TestSuiteExecutor.accessTestSuiteMainPhase(TestSuiteExecutor.java:164)
	at com.kms.katalon.core.main.TestSuiteExecutor.execute(TestSuiteExecutor.java:105)
	at com.kms.katalon.core.main.TestCaseMain.startTestSuite(TestCaseMain.java:181)
	at com.kms.katalon.core.main.TestCaseMain$startTestSuite$0.call(Unknown Source)
	at TempTestSuite1642335656208.run(TempTestSuite1642335656208.groovy:36)
Caused by: org.openqa.selenium.ElementNotInteractableException: element not interactable
  (Session info: MicrosoftEdge=97.0.1072.62)
Build info: version: '3.141.59', revision: 'e82be7d358', time: '2018-11-14T08:25:53'
System info: host: 'DESKTOP-11TAGP6', ip: '192.168.56.1', os.name: 'Windows 10', os.arch: 'amd64', os.version: '10.0', java.version: '1.8.0_282'
Driver info: com.kms.katalon.selenium.driver.CEdgeDriver
Capabilities {acceptInsecureCerts: false, browserName: msedge, browserVersion: 97.0.1072.62, javascriptEnabled: true, ms:edgeOptions: {debuggerAddress: localhost:57301}, msedge: {msedgedriverVersion: 97.0.1072.55 (ce3bf33648805..., userDataDir: C:\Users\W10\AppData\Local\...}, networkConnectionEnabled: false, pageLoadStrategy: normal, platform: WINDOWS, platformName: WINDOWS, proxy: Proxy(), setWindowRect: true, strictFileInteractability: false, timeouts: {implicit: 0, pageLoad: 300000, script: 30000}, unhandledPromptBehavior: dismiss and notify, webauthn:extension:credBlob: true, webauthn:extension:largeBlob: true, webauthn:virtualAuthenticators: true}
Session ID: e93ccceae9ac857eac1ed124722c700f
	at org.openqa.selenium.remote.http.W3CHttpResponseCodec.createException(W3CHttpResponseCodec.java:187)
	at org.openqa.selenium.remote.http.W3CHttpResponseCodec.decode(W3CHttpResponseCodec.java:122)
	at org.openqa.selenium.remote.http.W3CHttpResponseCodec.decode(W3CHttpResponseCodec.java:49)
	at org.openqa.selenium.remote.HttpCommandExecutor.execute(HttpCommandExecutor.java:158)
	at org.openqa.selenium.remote.service.DriverCommandExecutor.execute(DriverCommandExecutor.java:83)
	at org.openqa.selenium.remote.RemoteWebDriver.execute(RemoteWebDriver.java:552)
	at com.kms.katalon.selenium.driver.CEdgeDriver.execute(CEdgeDriver.java:20)
	at org.openqa.selenium.remote.RemoteWebElement.execute(RemoteWebElement.java:285)
	at org.openqa.selenium.remote.RemoteWebElement.clear(RemoteWebElement.java:124)
	at org.openqa.selenium.support.events.EventFiringWebDriver$EventFiringWebElement.lambda$new$0(EventFiringWebDriver.java:404)
	at com.sun.proxy.$Proxy11.clear(Unknown Source)
	at org.openqa.selenium.support.events.EventFiringWebDriver$EventFiringWebElement.clear(EventFiringWebDriver.java:436)
	at com.kms.katalon.core.webui.keyword.builtin.SetTextKeyword$_setText_closure1.doCall(SetTextKeyword.groovy:53)
	at com.kms.katalon.core.webui.keyword.builtin.SetTextKeyword$_setText_closure1.call(SetTextKeyword.groovy)
	at com.kms.katalon.core.webui.keyword.internal.WebUIKeywordMain.runKeyword(WebUIKeywordMain.groovy:20)
	at com.kms.katalon.core.webui.keyword.builtin.SetTextKeyword.setText(SetTextKeyword.groovy:66)
	at com.kms.katalon.core.webui.keyword.builtin.SetTextKeyword.execute(SetTextKeyword.groovy:37)
	at com.kms.katalon.core.keyword.internal.KeywordExecutor.executeKeywordForPlatform(KeywordExecutor.groovy:74)
	at com.kms.katalon.core.webui.keyword.WebUiBuiltInKeywords.setText(WebUiBuiltInKeywords.groovy:980)
	at com.kms.katalon.core.webui.keyword.WebUiBuiltInKeywords$setText$2.call(Unknown Source)
	at Script1641912513955.run(Script1641912513955.groovy:43)
	... 16 more
)
[[ATTACHMENT|C:\\xampp\\htdocs\\moodle\\Test Automation - SE Bonus\\Reports\\20220116_192056\\Run All Test Cases\\20220116_192056\\1642342005046.png]]]]></system-out>
         <system-err><![CDATA[2022-01-16 21:05:56 - [TEST_CASE][FAILED] - Test Cases/Create course/Create course with existed shortname: Test Cases/Create course/Create course with existed shortname FAILED.
Reason:
com.kms.katalon.core.exception.StepFailedException: Unable to set text 'Nhập môn lập trình' of object 'Object Repository/Create course/Page_Moodle Thm kho hc mi/input_Tn y_fullname'
	at com.kms.katalon.core.webui.keyword.internal.WebUIKeywordMain.stepFailed(WebUIKeywordMain.groovy:64)
	at com.kms.katalon.core.webui.keyword.internal.WebUIKeywordMain.runKeyword(WebUIKeywordMain.groovy:26)
	at com.kms.katalon.core.webui.keyword.builtin.SetTextKeyword.setText(SetTextKeyword.groovy:66)
	at com.kms.katalon.core.webui.keyword.builtin.SetTextKeyword.execute(SetTextKeyword.groovy:37)
	at com.kms.katalon.core.keyword.internal.KeywordExecutor.executeKeywordForPlatform(KeywordExecutor.groovy:74)
	at com.kms.katalon.core.webui.keyword.WebUiBuiltInKeywords.setText(WebUiBuiltInKeywords.groovy:980)
	at com.kms.katalon.core.webui.keyword.WebUiBuiltInKeywords$setText$2.call(Unknown Source)
	at Create course with existed shortname.run(Create course with existed shortname:43)
	at com.kms.katalon.core.main.ScriptEngine.run(ScriptEngine.java:194)
	at com.kms.katalon.core.main.ScriptEngine.runScriptAsRawText(ScriptEngine.java:119)
	at com.kms.katalon.core.main.TestCaseExecutor.runScript(TestCaseExecutor.java:442)
	at com.kms.katalon.core.main.TestCaseExecutor.doExecute(TestCaseExecutor.java:433)
	at com.kms.katalon.core.main.TestCaseExecutor.processExecutionPhase(TestCaseExecutor.java:412)
	at com.kms.katalon.core.main.TestCaseExecutor.accessMainPhase(TestCaseExecutor.java:404)
	at com.kms.katalon.core.main.TestCaseExecutor.execute(TestCaseExecutor.java:281)
	at com.kms.katalon.core.main.TestCaseExecutor.execute(TestCaseExecutor.java:363)
	at com.kms.katalon.core.main.TestCaseExecutor.execute(TestCaseExecutor.java:363)
	at com.kms.katalon.core.main.TestCaseExecutor.execute(TestCaseExecutor.java:363)
	at com.kms.katalon.core.main.TestSuiteExecutor.accessTestCaseMainPhase(TestSuiteExecutor.java:202)
	at com.kms.katalon.core.main.TestSuiteExecutor.accessTestSuiteMainPhase(TestSuiteExecutor.java:164)
	at com.kms.katalon.core.main.TestSuiteExecutor.execute(TestSuiteExecutor.java:105)
	at com.kms.katalon.core.main.TestCaseMain.startTestSuite(TestCaseMain.java:181)
	at com.kms.katalon.core.main.TestCaseMain$startTestSuite$0.call(Unknown Source)
	at TempTestSuite1642335656208.run(TempTestSuite1642335656208.groovy:36)
Caused by: org.openqa.selenium.ElementNotInteractableException: element not interactable
  (Session info: MicrosoftEdge=97.0.1072.62)
Build info: version: '3.141.59', revision: 'e82be7d358', time: '2018-11-14T08:25:53'
System info: host: 'DESKTOP-11TAGP6', ip: '192.168.56.1', os.name: 'Windows 10', os.arch: 'amd64', os.version: '10.0', java.version: '1.8.0_282'
Driver info: com.kms.katalon.selenium.driver.CEdgeDriver
Capabilities {acceptInsecureCerts: false, browserName: msedge, browserVersion: 97.0.1072.62, javascriptEnabled: true, ms:edgeOptions: {debuggerAddress: localhost:57301}, msedge: {msedgedriverVersion: 97.0.1072.55 (ce3bf33648805..., userDataDir: C:\Users\W10\AppData\Local\...}, networkConnectionEnabled: false, pageLoadStrategy: normal, platform: WINDOWS, platformName: WINDOWS, proxy: Proxy(), setWindowRect: true, strictFileInteractability: false, timeouts: {implicit: 0, pageLoad: 300000, script: 30000}, unhandledPromptBehavior: dismiss and notify, webauthn:extension:credBlob: true, webauthn:extension:largeBlob: true, webauthn:virtualAuthenticators: true}
Session ID: e93ccceae9ac857eac1ed124722c700f
	at org.openqa.selenium.remote.http.W3CHttpResponseCodec.createException(W3CHttpResponseCodec.java:187)
	at org.openqa.selenium.remote.http.W3CHttpResponseCodec.decode(W3CHttpResponseCodec.java:122)
	at org.openqa.selenium.remote.http.W3CHttpResponseCodec.decode(W3CHttpResponseCodec.java:49)
	at org.openqa.selenium.remote.HttpCommandExecutor.execute(HttpCommandExecutor.java:158)
	at org.openqa.selenium.remote.service.DriverCommandExecutor.execute(DriverCommandExecutor.java:83)
	at org.openqa.selenium.remote.RemoteWebDriver.execute(RemoteWebDriver.java:552)
	at com.kms.katalon.selenium.driver.CEdgeDriver.execute(CEdgeDriver.java:20)
	at org.openqa.selenium.remote.RemoteWebElement.execute(RemoteWebElement.java:285)
	at org.openqa.selenium.remote.RemoteWebElement.clear(RemoteWebElement.java:124)
	at org.openqa.selenium.support.events.EventFiringWebDriver$EventFiringWebElement.lambda$new$0(EventFiringWebDriver.java:404)
	at com.sun.proxy.$Proxy11.clear(Unknown Source)
	at org.openqa.selenium.support.events.EventFiringWebDriver$EventFiringWebElement.clear(EventFiringWebDriver.java:436)
	at com.kms.katalon.core.webui.keyword.builtin.SetTextKeyword$_setText_closure1.doCall(SetTextKeyword.groovy:53)
	at com.kms.katalon.core.webui.keyword.builtin.SetTextKeyword$_setText_closure1.call(SetTextKeyword.groovy)
	at com.kms.katalon.core.webui.keyword.internal.WebUIKeywordMain.runKeyword(WebUIKeywordMain.groovy:20)
	... 22 more]]></system-err>
      </testcase>
      <testcase name="Test Cases/Create course/Create course without fullname" time="50.045" classname="Test Cases/Create course/Create course without fullname" status="PASSED">
         <system-out><![CDATA[2022-01-16 21:06:45 - [TEST_CASE][PASSED] - Test Cases/Create course/Create course without fullname: Test Cases/Create course/Create course without fullname

2022-01-16 21:06:46 - [TEST_STEP][PASSED] - openBrowser(""): Browser is opened with url: ''

2022-01-16 21:06:46 - [MESSAGE][WARNING] - A browser is already opened. Closing browser and opening a new one

2022-01-16 21:06:48 - [MESSAGE][INFO] - Starting 'Edge Chromium' driver

2022-01-16 21:06:51 - [MESSAGE][INFO] - Action delay is set to 0 milliseconds

2022-01-16 21:06:53 - [MESSAGE][PASSED] - Browser is opened with url: ''

2022-01-16 21:06:53 - [TEST_STEP][PASSED] - navigateToUrl("http://localhost/"): Navigate to 'http://localhost/' successfully

2022-01-16 21:06:55 - [MESSAGE][PASSED] - Navigate to 'http://localhost/' successfully

2022-01-16 21:06:55 - [TEST_STEP][PASSED] - callTestCase(findTestCase("Utils/Login as admin"), [:], STOP_ON_FAILURE): Call Test Case 'Test Cases/Utils/Login as admin' successfully

2022-01-16 21:06:55 - [TEST_CASE][PASSED] - Test Cases/Utils/Login as admin: Test Cases/Utils/Login as admin

2022-01-16 21:06:55 - [TEST_STEP][PASSED] - click(findTestObject("View course grade/Page_Local Moodle/a_Log in")): Object: 'Object Repository/View course grade/Page_Local Moodle/a_Log in' is clicked on

2022-01-16 21:06:58 - [MESSAGE][PASSED] - Object: 'Object Repository/View course grade/Page_Local Moodle/a_Log in' is clicked on

2022-01-16 21:06:58 - [TEST_STEP][PASSED] - setText(findTestObject("View course grade/Page_Local Moodle Log in to the site/input_Username_username"), "admin"): Text 'admin' is set on object 'Object Repository/View course grade/Page_Local Moodle Log in to the site/input_Username_username'

2022-01-16 21:06:59 - [MESSAGE][PASSED] - Text 'admin' is set on object 'Object Repository/View course grade/Page_Local Moodle Log in to the site/input_Username_username'

2022-01-16 21:06:59 - [TEST_STEP][PASSED] - setEncryptedText(findTestObject("View course grade/Page_Local Moodle Log in to the site/input_Password_password"), "bfAykA/oWJ09FXmiKh6lyuuLu8QhG1K5"): Text ****** has been set on object 'Object Repository/View course grade/Page_Local Moodle Log in to the site/input_Password_password'

2022-01-16 21:07:00 - [MESSAGE][PASSED] - Text ****** has been set on object 'Object Repository/View course grade/Page_Local Moodle Log in to the site/input_Password_password'

2022-01-16 21:07:00 - [TEST_STEP][PASSED] - click(findTestObject("View course grade/Page_Local Moodle Log in to the site/button_Log in")): Object: 'Object Repository/View course grade/Page_Local Moodle Log in to the site/button_Log in' is clicked on

2022-01-16 21:07:07 - [MESSAGE][PASSED] - Object: 'Object Repository/View course grade/Page_Local Moodle Log in to the site/button_Log in' is clicked on

2022-01-16 21:07:07 - [MESSAGE][PASSED] - Call Test Case 'Test Cases/Utils/Login as admin' successfully

2022-01-16 21:07:07 - [TEST_STEP][PASSED] - click(findTestObject("Utils/Page_Nh ca ti (1)/a_QuanTriKhuVuc")): Object: 'Object Repository/Utils/Page_Nh ca ti (1)/a_QuanTriKhuVuc' is clicked on

2022-01-16 21:07:16 - [MESSAGE][PASSED] - Object: 'Object Repository/Utils/Page_Nh ca ti (1)/a_QuanTriKhuVuc' is clicked on

2022-01-16 21:07:16 - [TEST_STEP][PASSED] - click(findTestObject("Create course/Page_Moodle Khu vc qun tr Tm kim/a_KhoaHoc")): Object: 'Object Repository/Create course/Page_Moodle Khu vc qun tr Tm kim/a_KhoaHoc' is clicked on

2022-01-16 21:07:18 - [MESSAGE][PASSED] - Object: 'Object Repository/Create course/Page_Moodle Khu vc qun tr Tm kim/a_KhoaHoc' is clicked on

2022-01-16 21:07:18 - [TEST_STEP][PASSED] - click(findTestObject("Create course/Page_Moodle Khu vc qun tr Tm kim/a_ThemSuaKhoaHoc")): Object: 'Object Repository/Create course/Page_Moodle Khu vc qun tr Tm kim/a_ThemSuaKhoaHoc' is clicked on

2022-01-16 21:07:21 - [MESSAGE][PASSED] - Object: 'Object Repository/Create course/Page_Moodle Khu vc qun tr Tm kim/a_ThemSuaKhoaHoc' is clicked on

2022-01-16 21:07:21 - [TEST_STEP][PASSED] - click(findTestObject("Create course/Page_Qun l kha hc v danh mc kha hc/a_TaoKhoaHocMoi")): Object: 'Object Repository/Create course/Page_Qun l kha hc v danh mc kha hc/a_TaoKhoaHocMoi' is clicked on

2022-01-16 21:07:27 - [MESSAGE][INFO] - Unable to find the element located by 'By.xpath: //div[@id='yui_3_17_2_1_1641271251047_65']/div/div/a'. Please recheck the objects properties to make sure the desired element is located. 

2022-01-16 21:07:27 - [MESSAGE][WARNING] - [SELF-HEALING] Failed to find element with id 'Object Repository/Create course/Page_Qun l kha hc v danh mc kha hc/a_TaoKhoaHocMoi'. Try using Self-healing.

2022-01-16 21:07:27 - [MESSAGE][WARNING] - [SELF-HEALING] The current locator of test object 'Object Repository/Create course/Page_Qun l kha hc v danh mc kha hc/a_TaoKhoaHocMoi' was broken. Propose an alternative one: '//a[contains(text(),'Tạo khóa học mới')]'.

2022-01-16 21:07:31 - [MESSAGE][PASSED] - Object: 'Object Repository/Create course/Page_Qun l kha hc v danh mc kha hc/a_TaoKhoaHocMoi' is clicked on

2022-01-16 21:07:31 - [TEST_STEP][PASSED] - setText(findTestObject("Create course/Page_Moodle Thm kho hc mi/input_TenRutGon"), "NMLT"): Text 'NMLT' is set on object 'Object Repository/Create course/Page_Moodle Thm kho hc mi/input_TenRutGon'

2022-01-16 21:07:32 - [MESSAGE][PASSED] - Text 'NMLT' is set on object 'Object Repository/Create course/Page_Moodle Thm kho hc mi/input_TenRutGon'

2022-01-16 21:07:32 - [TEST_STEP][PASSED] - click(findTestObject("Create course/Page_Moodle Thm kho hc mi/input__LuuVaQuayLai")): Object: 'Object Repository/Create course/Page_Moodle Thm kho hc mi/input__LuuVaQuayLai' is clicked on

2022-01-16 21:07:33 - [MESSAGE][PASSED] - Object: 'Object Repository/Create course/Page_Moodle Thm kho hc mi/input__LuuVaQuayLai' is clicked on

2022-01-16 21:07:33 - [TEST_STEP][PASSED] - verifyElementText(findTestObject("Create course/Page_Moodle Thm kho hc mi/div_- ConThieuHoTenDayDu"), "- Còn thiếu họ tên đầy đủ"): Actual text and expected text of test object 'Object Repository/Create course/Page_Moodle Thm kho hc mi/div_- ConThieuHoTenDayDu' are matched.

2022-01-16 21:07:34 - [MESSAGE][PASSED] - Actual text and expected text of test object 'Object Repository/Create course/Page_Moodle Thm kho hc mi/div_- ConThieuHoTenDayDu' are matched.

2022-01-16 21:07:34 - [TEST_STEP][PASSED] - closeBrowser(): Browser is closed

2022-01-16 21:07:35 - [MESSAGE][PASSED] - Browser is closed]]></system-out>
         <system-err><![CDATA[]]></system-err>
      </testcase>
      <testcase name="Test Cases/Create course/Create course without shortname" time="38.053" classname="Test Cases/Create course/Create course without shortname" status="PASSED">
         <system-out><![CDATA[2022-01-16 21:07:35 - [TEST_CASE][PASSED] - Test Cases/Create course/Create course without shortname: Test Cases/Create course/Create course without shortname

2022-01-16 21:07:36 - [TEST_STEP][PASSED] - openBrowser(""): Browser is opened with url: ''

2022-01-16 21:07:36 - [MESSAGE][INFO] - Starting 'Edge Chromium' driver

2022-01-16 21:07:38 - [MESSAGE][INFO] - Action delay is set to 0 milliseconds

2022-01-16 21:07:40 - [MESSAGE][PASSED] - Browser is opened with url: ''

2022-01-16 21:07:40 - [TEST_STEP][PASSED] - navigateToUrl("http://localhost/"): Navigate to 'http://localhost/' successfully

2022-01-16 21:07:42 - [MESSAGE][PASSED] - Navigate to 'http://localhost/' successfully

2022-01-16 21:07:42 - [TEST_STEP][PASSED] - callTestCase(findTestCase("Utils/Login as admin"), [:], STOP_ON_FAILURE): Call Test Case 'Test Cases/Utils/Login as admin' successfully

2022-01-16 21:07:42 - [TEST_CASE][PASSED] - Test Cases/Utils/Login as admin: Test Cases/Utils/Login as admin

2022-01-16 21:07:42 - [TEST_STEP][PASSED] - click(findTestObject("View course grade/Page_Local Moodle/a_Log in")): Object: 'Object Repository/View course grade/Page_Local Moodle/a_Log in' is clicked on

2022-01-16 21:07:43 - [MESSAGE][PASSED] - Object: 'Object Repository/View course grade/Page_Local Moodle/a_Log in' is clicked on

2022-01-16 21:07:43 - [TEST_STEP][PASSED] - setText(findTestObject("View course grade/Page_Local Moodle Log in to the site/input_Username_username"), "admin"): Text 'admin' is set on object 'Object Repository/View course grade/Page_Local Moodle Log in to the site/input_Username_username'

2022-01-16 21:07:44 - [MESSAGE][PASSED] - Text 'admin' is set on object 'Object Repository/View course grade/Page_Local Moodle Log in to the site/input_Username_username'

2022-01-16 21:07:44 - [TEST_STEP][PASSED] - setEncryptedText(findTestObject("View course grade/Page_Local Moodle Log in to the site/input_Password_password"), "bfAykA/oWJ09FXmiKh6lyuuLu8QhG1K5"): Text ****** has been set on object 'Object Repository/View course grade/Page_Local Moodle Log in to the site/input_Password_password'

2022-01-16 21:07:45 - [MESSAGE][PASSED] - Text ****** has been set on object 'Object Repository/View course grade/Page_Local Moodle Log in to the site/input_Password_password'

2022-01-16 21:07:45 - [TEST_STEP][PASSED] - click(findTestObject("View course grade/Page_Local Moodle Log in to the site/button_Log in")): Object: 'Object Repository/View course grade/Page_Local Moodle Log in to the site/button_Log in' is clicked on

2022-01-16 21:07:48 - [MESSAGE][PASSED] - Object: 'Object Repository/View course grade/Page_Local Moodle Log in to the site/button_Log in' is clicked on

2022-01-16 21:07:48 - [MESSAGE][PASSED] - Call Test Case 'Test Cases/Utils/Login as admin' successfully

2022-01-16 21:07:48 - [TEST_STEP][PASSED] - click(findTestObject("Utils/Page_Nh ca ti (1)/a_QuanTriKhuVuc")): Object: 'Object Repository/Utils/Page_Nh ca ti (1)/a_QuanTriKhuVuc' is clicked on

2022-01-16 21:07:54 - [MESSAGE][PASSED] - Object: 'Object Repository/Utils/Page_Nh ca ti (1)/a_QuanTriKhuVuc' is clicked on

2022-01-16 21:07:54 - [TEST_STEP][PASSED] - click(findTestObject("Create course/Page_Moodle Khu vc qun tr Tm kim/a_KhoaHoc")): Object: 'Object Repository/Create course/Page_Moodle Khu vc qun tr Tm kim/a_KhoaHoc' is clicked on

2022-01-16 21:07:55 - [MESSAGE][PASSED] - Object: 'Object Repository/Create course/Page_Moodle Khu vc qun tr Tm kim/a_KhoaHoc' is clicked on

2022-01-16 21:07:55 - [TEST_STEP][PASSED] - click(findTestObject("Create course/Page_Moodle Khu vc qun tr Tm kim/a_ThemSuaKhoaHoc")): Object: 'Object Repository/Create course/Page_Moodle Khu vc qun tr Tm kim/a_ThemSuaKhoaHoc' is clicked on

2022-01-16 21:07:57 - [MESSAGE][PASSED] - Object: 'Object Repository/Create course/Page_Moodle Khu vc qun tr Tm kim/a_ThemSuaKhoaHoc' is clicked on

2022-01-16 21:07:57 - [TEST_STEP][PASSED] - click(findTestObject("Create course/Page_Qun l kha hc v danh mc kha hc/a_TaoKhoaHocMoi")): Object: 'Object Repository/Create course/Page_Qun l kha hc v danh mc kha hc/a_TaoKhoaHocMoi' is clicked on

2022-01-16 21:08:04 - [MESSAGE][INFO] - Unable to find the element located by 'By.xpath: //div[@id='yui_3_17_2_1_1641271251047_65']/div/div/a'. Please recheck the objects properties to make sure the desired element is located. 

2022-01-16 21:08:04 - [MESSAGE][WARNING] - [SELF-HEALING] Failed to find element with id 'Object Repository/Create course/Page_Qun l kha hc v danh mc kha hc/a_TaoKhoaHocMoi'. Try using Self-healing.

2022-01-16 21:08:04 - [MESSAGE][WARNING] - [SELF-HEALING] The current locator of test object 'Object Repository/Create course/Page_Qun l kha hc v danh mc kha hc/a_TaoKhoaHocMoi' was broken. Propose an alternative one: '//a[contains(text(),'Tạo khóa học mới')]'.

2022-01-16 21:08:08 - [MESSAGE][PASSED] - Object: 'Object Repository/Create course/Page_Qun l kha hc v danh mc kha hc/a_TaoKhoaHocMoi' is clicked on

2022-01-16 21:08:08 - [TEST_STEP][PASSED] - setText(findTestObject("Create course/Page_Moodle Thm kho hc mi/input_TenDayDu"), "Nhập môn Lập trình"): Text 'Nhập môn Lập trình' is set on object 'Object Repository/Create course/Page_Moodle Thm kho hc mi/input_TenDayDu'

2022-01-16 21:08:10 - [MESSAGE][PASSED] - Text 'Nhập môn Lập trình' is set on object 'Object Repository/Create course/Page_Moodle Thm kho hc mi/input_TenDayDu'

2022-01-16 21:08:10 - [TEST_STEP][PASSED] - click(findTestObject("Create course/Page_Moodle Thm kho hc mi/input__LuuVaQuayLai")): Object: 'Object Repository/Create course/Page_Moodle Thm kho hc mi/input__LuuVaQuayLai' is clicked on

2022-01-16 21:08:11 - [MESSAGE][PASSED] - Object: 'Object Repository/Create course/Page_Moodle Thm kho hc mi/input__LuuVaQuayLai' is clicked on

2022-01-16 21:08:11 - [TEST_STEP][PASSED] - verifyElementText(findTestObject("Create course/Page_Moodle Thm kho hc mi/div_- ThieuTenTat"), "- Thiếu tên tắt"): Actual text and expected text of test object 'Object Repository/Create course/Page_Moodle Thm kho hc mi/div_- ThieuTenTat' are matched.

2022-01-16 21:08:11 - [MESSAGE][PASSED] - Actual text and expected text of test object 'Object Repository/Create course/Page_Moodle Thm kho hc mi/div_- ThieuTenTat' are matched.

2022-01-16 21:08:11 - [TEST_STEP][PASSED] - closeBrowser(): Browser is closed

2022-01-16 21:08:13 - [MESSAGE][PASSED] - Browser is closed]]></system-out>
         <system-err><![CDATA[]]></system-err>
      </testcase>
      <testcase name="Test Cases/Create course/Create course without type" time="54.851" classname="Test Cases/Create course/Create course without type" status="PASSED">
         <system-out><![CDATA[2022-01-16 21:08:13 - [TEST_CASE][PASSED] - Test Cases/Create course/Create course without type: Test Cases/Create course/Create course without type

2022-01-16 21:08:15 - [TEST_STEP][PASSED] - openBrowser(""): Browser is opened with url: ''

2022-01-16 21:08:15 - [MESSAGE][INFO] - Starting 'Edge Chromium' driver

2022-01-16 21:08:17 - [MESSAGE][INFO] - Action delay is set to 0 milliseconds

2022-01-16 21:08:21 - [MESSAGE][PASSED] - Browser is opened with url: ''

2022-01-16 21:08:21 - [TEST_STEP][PASSED] - navigateToUrl("http://localhost/"): Navigate to 'http://localhost/' successfully

2022-01-16 21:08:24 - [MESSAGE][PASSED] - Navigate to 'http://localhost/' successfully

2022-01-16 21:08:24 - [TEST_STEP][PASSED] - callTestCase(findTestCase("Utils/Login as admin"), [:], STOP_ON_FAILURE): Call Test Case 'Test Cases/Utils/Login as admin' successfully

2022-01-16 21:08:24 - [TEST_CASE][PASSED] - Test Cases/Utils/Login as admin: Test Cases/Utils/Login as admin

2022-01-16 21:08:24 - [TEST_STEP][PASSED] - click(findTestObject("View course grade/Page_Local Moodle/a_Log in")): Object: 'Object Repository/View course grade/Page_Local Moodle/a_Log in' is clicked on

2022-01-16 21:08:26 - [MESSAGE][PASSED] - Object: 'Object Repository/View course grade/Page_Local Moodle/a_Log in' is clicked on

2022-01-16 21:08:26 - [TEST_STEP][PASSED] - setText(findTestObject("View course grade/Page_Local Moodle Log in to the site/input_Username_username"), "admin"): Text 'admin' is set on object 'Object Repository/View course grade/Page_Local Moodle Log in to the site/input_Username_username'

2022-01-16 21:08:27 - [MESSAGE][PASSED] - Text 'admin' is set on object 'Object Repository/View course grade/Page_Local Moodle Log in to the site/input_Username_username'

2022-01-16 21:08:27 - [TEST_STEP][PASSED] - setEncryptedText(findTestObject("View course grade/Page_Local Moodle Log in to the site/input_Password_password"), "bfAykA/oWJ09FXmiKh6lyuuLu8QhG1K5"): Text ****** has been set on object 'Object Repository/View course grade/Page_Local Moodle Log in to the site/input_Password_password'

2022-01-16 21:08:28 - [MESSAGE][PASSED] - Text ****** has been set on object 'Object Repository/View course grade/Page_Local Moodle Log in to the site/input_Password_password'

2022-01-16 21:08:28 - [TEST_STEP][PASSED] - click(findTestObject("View course grade/Page_Local Moodle Log in to the site/button_Log in")): Object: 'Object Repository/View course grade/Page_Local Moodle Log in to the site/button_Log in' is clicked on

2022-01-16 21:08:32 - [MESSAGE][PASSED] - Object: 'Object Repository/View course grade/Page_Local Moodle Log in to the site/button_Log in' is clicked on

2022-01-16 21:08:32 - [MESSAGE][PASSED] - Call Test Case 'Test Cases/Utils/Login as admin' successfully

2022-01-16 21:08:32 - [TEST_STEP][PASSED] - click(findTestObject("Utils/Page_Nh ca ti (1)/a_QuanTriKhuVuc")): Object: 'Object Repository/Utils/Page_Nh ca ti (1)/a_QuanTriKhuVuc' is clicked on

2022-01-16 21:08:37 - [MESSAGE][PASSED] - Object: 'Object Repository/Utils/Page_Nh ca ti (1)/a_QuanTriKhuVuc' is clicked on

2022-01-16 21:08:37 - [TEST_STEP][PASSED] - click(findTestObject("Create course/Page_Moodle Khu vc qun tr Tm kim/a_KhoaHoc")): Object: 'Object Repository/Create course/Page_Moodle Khu vc qun tr Tm kim/a_KhoaHoc' is clicked on

2022-01-16 21:08:38 - [MESSAGE][PASSED] - Object: 'Object Repository/Create course/Page_Moodle Khu vc qun tr Tm kim/a_KhoaHoc' is clicked on

2022-01-16 21:08:38 - [TEST_STEP][PASSED] - click(findTestObject("Create course/Page_Moodle Khu vc qun tr Tm kim/a_ThemSuaKhoaHoc")): Object: 'Object Repository/Create course/Page_Moodle Khu vc qun tr Tm kim/a_ThemSuaKhoaHoc' is clicked on

2022-01-16 21:08:40 - [MESSAGE][PASSED] - Object: 'Object Repository/Create course/Page_Moodle Khu vc qun tr Tm kim/a_ThemSuaKhoaHoc' is clicked on

2022-01-16 21:08:40 - [TEST_STEP][PASSED] - click(findTestObject("Create course/Page_Qun l kha hc v danh mc kha hc/a_TaoKhoaHocMoi")): Object: 'Object Repository/Create course/Page_Qun l kha hc v danh mc kha hc/a_TaoKhoaHocMoi' is clicked on

2022-01-16 21:08:47 - [MESSAGE][INFO] - Unable to find the element located by 'By.xpath: //div[@id='yui_3_17_2_1_1641271251047_65']/div/div/a'. Please recheck the objects properties to make sure the desired element is located. 

2022-01-16 21:08:47 - [MESSAGE][WARNING] - [SELF-HEALING] Failed to find element with id 'Object Repository/Create course/Page_Qun l kha hc v danh mc kha hc/a_TaoKhoaHocMoi'. Try using Self-healing.

2022-01-16 21:08:49 - [MESSAGE][WARNING] - [SELF-HEALING] The current locator of test object 'Object Repository/Create course/Page_Qun l kha hc v danh mc kha hc/a_TaoKhoaHocMoi' was broken. Propose an alternative one: '//a[contains(text(),'Tạo khóa học mới')]'.

2022-01-16 21:08:54 - [MESSAGE][PASSED] - Object: 'Object Repository/Create course/Page_Qun l kha hc v danh mc kha hc/a_TaoKhoaHocMoi' is clicked on

2022-01-16 21:08:54 - [TEST_STEP][PASSED] - setText(findTestObject("Create course/Page_Moodle Thm kho hc mi/input_TenDayDu"), "Nhập môn lập trình"): Text 'Nhập môn lập trình' is set on object 'Object Repository/Create course/Page_Moodle Thm kho hc mi/input_TenDayDu'

2022-01-16 21:08:56 - [MESSAGE][PASSED] - Text 'Nhập môn lập trình' is set on object 'Object Repository/Create course/Page_Moodle Thm kho hc mi/input_TenDayDu'

2022-01-16 21:08:56 - [TEST_STEP][PASSED] - setText(findTestObject("Create course/Page_Moodle Thm kho hc mi/input_TenRutGon"), "NMLT"): Text 'NMLT' is set on object 'Object Repository/Create course/Page_Moodle Thm kho hc mi/input_TenRutGon'

2022-01-16 21:08:58 - [MESSAGE][PASSED] - Text 'NMLT' is set on object 'Object Repository/Create course/Page_Moodle Thm kho hc mi/input_TenRutGon'

2022-01-16 21:08:58 - [TEST_STEP][PASSED] - click(findTestObject("Create course/Page_Moodle Thm kho hc mi/span_X")): Object: 'Object Repository/Create course/Page_Moodle Thm kho hc mi/span_X' is clicked on

2022-01-16 21:09:04 - [MESSAGE][INFO] - Unable to find the element located by 'By.xpath: //span[@id='form_autocomplete_selection-1641276567420-0']/span'. Please recheck the objects properties to make sure the desired element is located. 

2022-01-16 21:09:04 - [MESSAGE][WARNING] - [SELF-HEALING] Failed to find element with id 'Object Repository/Create course/Page_Moodle Thm kho hc mi/span_X'. Try using Self-healing.

2022-01-16 21:09:05 - [MESSAGE][WARNING] - [SELF-HEALING] The current locator of test object 'Object Repository/Create course/Page_Moodle Thm kho hc mi/span_X' was broken. Propose an alternative one: '(.//*[normalize-space(text()) and normalize-space(.)='Selected items:'])[1]/following::span[2]'.

2022-01-16 21:09:05 - [MESSAGE][PASSED] - Object: 'Object Repository/Create course/Page_Moodle Thm kho hc mi/span_X' is clicked on

2022-01-16 21:09:05 - [TEST_STEP][PASSED] - click(findTestObject("Create course/Page_Moodle Thm kho hc mi/input__LuuVaQuayLai")): Object: 'Object Repository/Create course/Page_Moodle Thm kho hc mi/input__LuuVaQuayLai' is clicked on

2022-01-16 21:09:06 - [MESSAGE][PASSED] - Object: 'Object Repository/Create course/Page_Moodle Thm kho hc mi/input__LuuVaQuayLai' is clicked on

2022-01-16 21:09:06 - [TEST_STEP][PASSED] - verifyElementText(findTestObject("Create course/Page_Moodle Thm kho hc mi/div_- PhaiChonLoaiKhoaHoc"), "- You must supply a value here."): Actual text and expected text of test object 'Object Repository/Create course/Page_Moodle Thm kho hc mi/div_- PhaiChonLoaiKhoaHoc' are matched.

2022-01-16 21:09:07 - [MESSAGE][PASSED] - Actual text and expected text of test object 'Object Repository/Create course/Page_Moodle Thm kho hc mi/div_- PhaiChonLoaiKhoaHoc' are matched.

2022-01-16 21:09:07 - [TEST_STEP][PASSED] - closeBrowser(): Browser is closed

2022-01-16 21:09:08 - [MESSAGE][PASSED] - Browser is closed]]></system-out>
         <system-err><![CDATA[]]></system-err>
      </testcase>
      <testcase name="Test Cases/Create folder and quiz/Create folder without title" time="91.808" classname="Test Cases/Create folder and quiz/Create folder without title" status="FAILED">
         <failure type="FAILED" message="Test Cases/Create folder and quiz/Create folder without title FAILED.
Reason:
com.kms.katalon.core.exception.StepFailedException: Call Test Case 'Test Cases/Utils/Create course CNPM' failed
	at com.kms.katalon.core.keyword.builtin.CallTestCaseKeyword$_callTestCase_closure1.doCall(CallTestCaseKeyword.groovy:63)
	at com.kms.katalon.core.keyword.builtin.CallTestCaseKeyword$_callTestCase_closure1.call(CallTestCaseKeyword.groovy)
	at com.kms.katalon.core.keyword.internal.KeywordMain.runKeyword(KeywordMain.groovy:74)
	at com.kms.katalon.core.keyword.builtin.CallTestCaseKeyword.callTestCase(CallTestCaseKeyword.groovy:81)
	at com.kms.katalon.core.keyword.builtin.CallTestCaseKeyword.execute(CallTestCaseKeyword.groovy:44)
	at com.kms.katalon.core.keyword.internal.KeywordExecutor.executeKeywordForPlatform(KeywordExecutor.groovy:74)
	at com.kms.katalon.core.keyword.BuiltinKeywords.callTestCase(BuiltinKeywords.groovy:334)
	at Create folder without title.run(Create folder without title:24)
	at com.kms.katalon.core.main.ScriptEngine.run(ScriptEngine.java:194)
	at com.kms.katalon.core.main.ScriptEngine.runScriptAsRawText(ScriptEngine.java:119)
	at com.kms.katalon.core.main.TestCaseExecutor.runScript(TestCaseExecutor.java:442)
	at com.kms.katalon.core.main.TestCaseExecutor.doExecute(TestCaseExecutor.java:433)
	at com.kms.katalon.core.main.TestCaseExecutor.processExecutionPhase(TestCaseExecutor.java:412)
	at com.kms.katalon.core.main.TestCaseExecutor.accessMainPhase(TestCaseExecutor.java:404)
	at com.kms.katalon.core.main.TestCaseExecutor.execute(TestCaseExecutor.java:281)
	at com.kms.katalon.core.main.TestCaseExecutor.execute(TestCaseExecutor.java:363)
	at com.kms.katalon.core.main.TestCaseExecutor.execute(TestCaseExecutor.java:363)
	at com.kms.katalon.core.main.TestCaseExecutor.execute(TestCaseExecutor.java:363)
	at com.kms.katalon.core.main.TestSuiteExecutor.accessTestCaseMainPhase(TestSuiteExecutor.java:202)
	at com.kms.katalon.core.main.TestSuiteExecutor.accessTestSuiteMainPhase(TestSuiteExecutor.java:164)
	at com.kms.katalon.core.main.TestSuiteExecutor.execute(TestSuiteExecutor.java:105)
	at com.kms.katalon.core.main.TestCaseMain.startTestSuite(TestCaseMain.java:181)
	at com.kms.katalon.core.main.TestCaseMain$startTestSuite$0.call(Unknown Source)
	at TempTestSuite1642335656208.run(TempTestSuite1642335656208.groovy:36)
Caused by: com.kms.katalon.core.exception.StepFailedException: Unable to click on object 'Object Repository/Utils/Page_CNPM Danh sch thnh vin/span_Teacher Nguyen'
	at com.kms.katalon.core.webui.keyword.internal.WebUIKeywordMain.stepFailed(WebUIKeywordMain.groovy:64)
	at com.kms.katalon.core.webui.keyword.internal.WebUIKeywordMain.runKeyword(WebUIKeywordMain.groovy:26)
	at com.kms.katalon.core.webui.keyword.builtin.ClickKeyword.click(ClickKeyword.groovy:74)
	at com.kms.katalon.core.webui.keyword.builtin.ClickKeyword.execute(ClickKeyword.groovy:40)
	at com.kms.katalon.core.keyword.internal.KeywordExecutor.executeKeywordForPlatform(KeywordExecutor.groovy:74)
	at com.kms.katalon.core.webui.keyword.WebUiBuiltInKeywords.click(WebUiBuiltInKeywords.groovy:620)
	at com.kms.katalon.core.webui.keyword.WebUiBuiltInKeywords$click$1.call(Unknown Source)
	at Create course CNPM.run(Create course CNPM:48)
	at com.kms.katalon.core.main.ScriptEngine.run(ScriptEngine.java:194)
	at com.kms.katalon.core.main.ScriptEngine.runScriptAsRawText(ScriptEngine.java:119)
	at com.kms.katalon.core.main.TestCaseExecutor.runScript(TestCaseExecutor.java:442)
	at com.kms.katalon.core.main.TestCaseExecutor.doExecute(TestCaseExecutor.java:433)
	at com.kms.katalon.core.main.TestCaseExecutor.processExecutionPhase(TestCaseExecutor.java:412)
	at com.kms.katalon.core.main.TestCaseExecutor.accessMainPhase(TestCaseExecutor.java:404)
	at com.kms.katalon.core.main.TestCaseExecutor.execute(TestCaseExecutor.java:281)
	at com.kms.katalon.core.main.TestCaseMain.runTestCase(TestCaseMain.java:138)
	at com.kms.katalon.core.keyword.builtin.CallTestCaseKeyword$_callTestCase_closure1.doCall(CallTestCaseKeyword.groovy:59)
	... 23 more
Caused by: org.openqa.selenium.ElementNotInteractableException: element not interactable
  (Session info: MicrosoftEdge=97.0.1072.62)
Build info: version: '3.141.59', revision: 'e82be7d358', time: '2018-11-14T08:25:53'
System info: host: 'DESKTOP-11TAGP6', ip: '192.168.56.1', os.name: 'Windows 10', os.arch: 'amd64', os.version: '10.0', java.version: '1.8.0_282'
Driver info: com.kms.katalon.selenium.driver.CEdgeDriver
Capabilities {acceptInsecureCerts: false, browserName: msedge, browserVersion: 97.0.1072.62, javascriptEnabled: true, ms:edgeOptions: {debuggerAddress: localhost:58252}, msedge: {msedgedriverVersion: 97.0.1072.55 (ce3bf33648805..., userDataDir: C:\Users\W10\AppData\Local\...}, networkConnectionEnabled: false, pageLoadStrategy: normal, platform: WINDOWS, platformName: WINDOWS, proxy: Proxy(), setWindowRect: true, strictFileInteractability: false, timeouts: {implicit: 0, pageLoad: 300000, script: 30000}, unhandledPromptBehavior: dismiss and notify, webauthn:extension:credBlob: true, webauthn:extension:largeBlob: true, webauthn:virtualAuthenticators: true}
Session ID: 38c81731d39681cf741e99f5ae1efa46
	at org.openqa.selenium.remote.http.W3CHttpResponseCodec.createException(W3CHttpResponseCodec.java:187)
	at org.openqa.selenium.remote.http.W3CHttpResponseCodec.decode(W3CHttpResponseCodec.java:122)
	at org.openqa.selenium.remote.http.W3CHttpResponseCodec.decode(W3CHttpResponseCodec.java:49)
	at org.openqa.selenium.remote.HttpCommandExecutor.execute(HttpCommandExecutor.java:158)
	at org.openqa.selenium.remote.service.DriverCommandExecutor.execute(DriverCommandExecutor.java:83)
	at org.openqa.selenium.remote.RemoteWebDriver.execute(RemoteWebDriver.java:552)
	at com.kms.katalon.selenium.driver.CEdgeDriver.execute(CEdgeDriver.java:20)
	at org.openqa.selenium.remote.RemoteWebElement.execute(RemoteWebElement.java:285)
	at org.openqa.selenium.remote.RemoteWebElement.click(RemoteWebElement.java:84)
	at org.openqa.selenium.support.events.EventFiringWebDriver$EventFiringWebElement.lambda$new$0(EventFiringWebDriver.java:404)
	at com.sun.proxy.$Proxy11.click(Unknown Source)
	at org.openqa.selenium.support.events.EventFiringWebDriver$EventFiringWebElement.click(EventFiringWebDriver.java:417)
	at org.openqa.selenium.WebElement$click.call(Unknown Source)
	at com.kms.katalon.core.webui.keyword.builtin.ClickKeyword.clickUntilSuccessWithTimeout(ClickKeyword.groovy:81)
	at com.kms.katalon.core.webui.keyword.builtin.ClickKeyword.clickUntilSuccessWithTimeout(ClickKeyword.groovy)
	at com.kms.katalon.core.webui.keyword.builtin.ClickKeyword$_click_closure1.doCall(ClickKeyword.groovy:67)
	at com.kms.katalon.core.webui.keyword.builtin.ClickKeyword$_click_closure1.call(ClickKeyword.groovy)
	at com.kms.katalon.core.webui.keyword.internal.WebUIKeywordMain.runKeyword(WebUIKeywordMain.groovy:20)
	... 38 more
"/>
         <system-out><![CDATA[2022-01-16 21:12:06 - [TEST_CASE][FAILED] - Test Cases/Create folder and quiz/Create folder without title: Test Cases/Create folder and quiz/Create folder without title FAILED.
Reason:
com.kms.katalon.core.exception.StepFailedException: Call Test Case 'Test Cases/Utils/Create course CNPM' failed
	at com.kms.katalon.core.keyword.builtin.CallTestCaseKeyword$_callTestCase_closure1.doCall(CallTestCaseKeyword.groovy:63)
	at com.kms.katalon.core.keyword.builtin.CallTestCaseKeyword$_callTestCase_closure1.call(CallTestCaseKeyword.groovy)
	at com.kms.katalon.core.keyword.internal.KeywordMain.runKeyword(KeywordMain.groovy:74)
	at com.kms.katalon.core.keyword.builtin.CallTestCaseKeyword.callTestCase(CallTestCaseKeyword.groovy:81)
	at com.kms.katalon.core.keyword.builtin.CallTestCaseKeyword.execute(CallTestCaseKeyword.groovy:44)
	at com.kms.katalon.core.keyword.internal.KeywordExecutor.executeKeywordForPlatform(KeywordExecutor.groovy:74)
	at com.kms.katalon.core.keyword.BuiltinKeywords.callTestCase(BuiltinKeywords.groovy:334)
	at Create folder without title.run(Create folder without title:24)
	at com.kms.katalon.core.main.ScriptEngine.run(ScriptEngine.java:194)
	at com.kms.katalon.core.main.ScriptEngine.runScriptAsRawText(ScriptEngine.java:119)
	at com.kms.katalon.core.main.TestCaseExecutor.runScript(TestCaseExecutor.java:442)
	at com.kms.katalon.core.main.TestCaseExecutor.doExecute(TestCaseExecutor.java:433)
	at com.kms.katalon.core.main.TestCaseExecutor.processExecutionPhase(TestCaseExecutor.java:412)
	at com.kms.katalon.core.main.TestCaseExecutor.accessMainPhase(TestCaseExecutor.java:404)
	at com.kms.katalon.core.main.TestCaseExecutor.execute(TestCaseExecutor.java:281)
	at com.kms.katalon.core.main.TestCaseExecutor.execute(TestCaseExecutor.java:363)
	at com.kms.katalon.core.main.TestCaseExecutor.execute(TestCaseExecutor.java:363)
	at com.kms.katalon.core.main.TestCaseExecutor.execute(TestCaseExecutor.java:363)
	at com.kms.katalon.core.main.TestSuiteExecutor.accessTestCaseMainPhase(TestSuiteExecutor.java:202)
	at com.kms.katalon.core.main.TestSuiteExecutor.accessTestSuiteMainPhase(TestSuiteExecutor.java:164)
	at com.kms.katalon.core.main.TestSuiteExecutor.execute(TestSuiteExecutor.java:105)
	at com.kms.katalon.core.main.TestCaseMain.startTestSuite(TestCaseMain.java:181)
	at com.kms.katalon.core.main.TestCaseMain$startTestSuite$0.call(Unknown Source)
	at TempTestSuite1642335656208.run(TempTestSuite1642335656208.groovy:36)
Caused by: com.kms.katalon.core.exception.StepFailedException: Unable to click on object 'Object Repository/Utils/Page_CNPM Danh sch thnh vin/span_Teacher Nguyen'
	at com.kms.katalon.core.webui.keyword.internal.WebUIKeywordMain.stepFailed(WebUIKeywordMain.groovy:64)
	at com.kms.katalon.core.webui.keyword.internal.WebUIKeywordMain.runKeyword(WebUIKeywordMain.groovy:26)
	at com.kms.katalon.core.webui.keyword.builtin.ClickKeyword.click(ClickKeyword.groovy:74)
	at com.kms.katalon.core.webui.keyword.builtin.ClickKeyword.execute(ClickKeyword.groovy:40)
	at com.kms.katalon.core.keyword.internal.KeywordExecutor.executeKeywordForPlatform(KeywordExecutor.groovy:74)
	at com.kms.katalon.core.webui.keyword.WebUiBuiltInKeywords.click(WebUiBuiltInKeywords.groovy:620)
	at com.kms.katalon.core.webui.keyword.WebUiBuiltInKeywords$click$1.call(Unknown Source)
	at Create course CNPM.run(Create course CNPM:48)
	at com.kms.katalon.core.main.ScriptEngine.run(ScriptEngine.java:194)
	at com.kms.katalon.core.main.ScriptEngine.runScriptAsRawText(ScriptEngine.java:119)
	at com.kms.katalon.core.main.TestCaseExecutor.runScript(TestCaseExecutor.java:442)
	at com.kms.katalon.core.main.TestCaseExecutor.doExecute(TestCaseExecutor.java:433)
	at com.kms.katalon.core.main.TestCaseExecutor.processExecutionPhase(TestCaseExecutor.java:412)
	at com.kms.katalon.core.main.TestCaseExecutor.accessMainPhase(TestCaseExecutor.java:404)
	at com.kms.katalon.core.main.TestCaseExecutor.execute(TestCaseExecutor.java:281)
	at com.kms.katalon.core.main.TestCaseMain.runTestCase(TestCaseMain.java:138)
	at com.kms.katalon.core.keyword.builtin.CallTestCaseKeyword$_callTestCase_closure1.doCall(CallTestCaseKeyword.groovy:59)
	... 23 more
Caused by: org.openqa.selenium.ElementNotInteractableException: element not interactable
  (Session info: MicrosoftEdge=97.0.1072.62)
Build info: version: '3.141.59', revision: 'e82be7d358', time: '2018-11-14T08:25:53'
System info: host: 'DESKTOP-11TAGP6', ip: '192.168.56.1', os.name: 'Windows 10', os.arch: 'amd64', os.version: '10.0', java.version: '1.8.0_282'
Driver info: com.kms.katalon.selenium.driver.CEdgeDriver
Capabilities {acceptInsecureCerts: false, browserName: msedge, browserVersion: 97.0.1072.62, javascriptEnabled: true, ms:edgeOptions: {debuggerAddress: localhost:58252}, msedge: {msedgedriverVersion: 97.0.1072.55 (ce3bf33648805..., userDataDir: C:\Users\W10\AppData\Local\...}, networkConnectionEnabled: false, pageLoadStrategy: normal, platform: WINDOWS, platformName: WINDOWS, proxy: Proxy(), setWindowRect: true, strictFileInteractability: false, timeouts: {implicit: 0, pageLoad: 300000, script: 30000}, unhandledPromptBehavior: dismiss and notify, webauthn:extension:credBlob: true, webauthn:extension:largeBlob: true, webauthn:virtualAuthenticators: true}
Session ID: 38c81731d39681cf741e99f5ae1efa46
	at org.openqa.selenium.remote.http.W3CHttpResponseCodec.createException(W3CHttpResponseCodec.java:187)
	at org.openqa.selenium.remote.http.W3CHttpResponseCodec.decode(W3CHttpResponseCodec.java:122)
	at org.openqa.selenium.remote.http.W3CHttpResponseCodec.decode(W3CHttpResponseCodec.java:49)
	at org.openqa.selenium.remote.HttpCommandExecutor.execute(HttpCommandExecutor.java:158)
	at org.openqa.selenium.remote.service.DriverCommandExecutor.execute(DriverCommandExecutor.java:83)
	at org.openqa.selenium.remote.RemoteWebDriver.execute(RemoteWebDriver.java:552)
	at com.kms.katalon.selenium.driver.CEdgeDriver.execute(CEdgeDriver.java:20)
	at org.openqa.selenium.remote.RemoteWebElement.execute(RemoteWebElement.java:285)
	at org.openqa.selenium.remote.RemoteWebElement.click(RemoteWebElement.java:84)
	at org.openqa.selenium.support.events.EventFiringWebDriver$EventFiringWebElement.lambda$new$0(EventFiringWebDriver.java:404)
	at com.sun.proxy.$Proxy11.click(Unknown Source)
	at org.openqa.selenium.support.events.EventFiringWebDriver$EventFiringWebElement.click(EventFiringWebDriver.java:417)
	at org.openqa.selenium.WebElement$click.call(Unknown Source)
	at com.kms.katalon.core.webui.keyword.builtin.ClickKeyword.clickUntilSuccessWithTimeout(ClickKeyword.groovy:81)
	at com.kms.katalon.core.webui.keyword.builtin.ClickKeyword.clickUntilSuccessWithTimeout(ClickKeyword.groovy)
	at com.kms.katalon.core.webui.keyword.builtin.ClickKeyword$_click_closure1.doCall(ClickKeyword.groovy:67)
	at com.kms.katalon.core.webui.keyword.builtin.ClickKeyword$_click_closure1.call(ClickKeyword.groovy)
	at com.kms.katalon.core.webui.keyword.internal.WebUIKeywordMain.runKeyword(WebUIKeywordMain.groovy:20)
	... 38 more


2022-01-16 21:12:06 - [TEST_STEP][PASSED] - openBrowser(""): Browser is opened with url: ''

2022-01-16 21:12:06 - [MESSAGE][WARNING] - A browser is already opened. Closing browser and opening a new one

2022-01-16 21:12:08 - [MESSAGE][INFO] - Starting 'Edge Chromium' driver

2022-01-16 21:12:10 - [MESSAGE][INFO] - Action delay is set to 0 milliseconds

2022-01-16 21:12:12 - [MESSAGE][PASSED] - Browser is opened with url: ''

2022-01-16 21:12:12 - [TEST_STEP][PASSED] - navigateToUrl("http://localhost/"): Navigate to 'http://localhost/' successfully

2022-01-16 21:12:16 - [MESSAGE][PASSED] - Navigate to 'http://localhost/' successfully

2022-01-16 21:12:16 - [TEST_STEP][FAILED] - callTestCase(findTestCase("Utils/Create course CNPM"), [:], STOP_ON_FAILURE): Unable to call Test Case 'Test Cases/Utils/Create course CNPM' (Root cause: com.kms.katalon.core.exception.StepFailedException: Call Test Case 'Test Cases/Utils/Create course CNPM' failed
	at com.kms.katalon.core.keyword.builtin.CallTestCaseKeyword$_callTestCase_closure1.doCall(CallTestCaseKeyword.groovy:63)
	at com.kms.katalon.core.keyword.builtin.CallTestCaseKeyword$_callTestCase_closure1.call(CallTestCaseKeyword.groovy)
	at com.kms.katalon.core.keyword.internal.KeywordMain.runKeyword(KeywordMain.groovy:74)
	at com.kms.katalon.core.keyword.builtin.CallTestCaseKeyword.callTestCase(CallTestCaseKeyword.groovy:81)
	at com.kms.katalon.core.keyword.builtin.CallTestCaseKeyword.execute(CallTestCaseKeyword.groovy:44)
	at com.kms.katalon.core.keyword.internal.KeywordExecutor.executeKeywordForPlatform(KeywordExecutor.groovy:74)
	at com.kms.katalon.core.keyword.BuiltinKeywords.callTestCase(BuiltinKeywords.groovy:334)
	at Create folder without title.run(Create folder without title:24)
	at com.kms.katalon.core.main.ScriptEngine.run(ScriptEngine.java:194)
	at com.kms.katalon.core.main.ScriptEngine.runScriptAsRawText(ScriptEngine.java:119)
	at com.kms.katalon.core.main.TestCaseExecutor.runScript(TestCaseExecutor.java:442)
	at com.kms.katalon.core.main.TestCaseExecutor.doExecute(TestCaseExecutor.java:433)
	at com.kms.katalon.core.main.TestCaseExecutor.processExecutionPhase(TestCaseExecutor.java:412)
	at com.kms.katalon.core.main.TestCaseExecutor.accessMainPhase(TestCaseExecutor.java:404)
	at com.kms.katalon.core.main.TestCaseExecutor.execute(TestCaseExecutor.java:281)
	at com.kms.katalon.core.main.TestCaseExecutor.execute(TestCaseExecutor.java:363)
	at com.kms.katalon.core.main.TestCaseExecutor.execute(TestCaseExecutor.java:363)
	at com.kms.katalon.core.main.TestCaseExecutor.execute(TestCaseExecutor.java:363)
	at com.kms.katalon.core.main.TestSuiteExecutor.accessTestCaseMainPhase(TestSuiteExecutor.java:202)
	at com.kms.katalon.core.main.TestSuiteExecutor.accessTestSuiteMainPhase(TestSuiteExecutor.java:164)
	at com.kms.katalon.core.main.TestSuiteExecutor.execute(TestSuiteExecutor.java:105)
	at com.kms.katalon.core.main.TestCaseMain.startTestSuite(TestCaseMain.java:181)
	at com.kms.katalon.core.main.TestCaseMain$startTestSuite$0.call(Unknown Source)
	at TempTestSuite1642335656208.run(TempTestSuite1642335656208.groovy:36)
Caused by: com.kms.katalon.core.exception.StepFailedException: Unable to click on object 'Object Repository/Utils/Page_CNPM Danh sch thnh vin/span_Teacher Nguyen'
	at com.kms.katalon.core.webui.keyword.internal.WebUIKeywordMain.stepFailed(WebUIKeywordMain.groovy:64)
	at com.kms.katalon.core.webui.keyword.internal.WebUIKeywordMain.runKeyword(WebUIKeywordMain.groovy:26)
	at com.kms.katalon.core.webui.keyword.builtin.ClickKeyword.click(ClickKeyword.groovy:74)
	at com.kms.katalon.core.webui.keyword.builtin.ClickKeyword.execute(ClickKeyword.groovy:40)
	at com.kms.katalon.core.keyword.internal.KeywordExecutor.executeKeywordForPlatform(KeywordExecutor.groovy:74)
	at com.kms.katalon.core.webui.keyword.WebUiBuiltInKeywords.click(WebUiBuiltInKeywords.groovy:620)
	at com.kms.katalon.core.webui.keyword.WebUiBuiltInKeywords$click$1.call(Unknown Source)
	at Create course CNPM.run(Create course CNPM:48)
	at com.kms.katalon.core.main.ScriptEngine.run(ScriptEngine.java:194)
	at com.kms.katalon.core.main.ScriptEngine.runScriptAsRawText(ScriptEngine.java:119)
	at com.kms.katalon.core.main.TestCaseExecutor.runScript(TestCaseExecutor.java:442)
	at com.kms.katalon.core.main.TestCaseExecutor.doExecute(TestCaseExecutor.java:433)
	at com.kms.katalon.core.main.TestCaseExecutor.processExecutionPhase(TestCaseExecutor.java:412)
	at com.kms.katalon.core.main.TestCaseExecutor.accessMainPhase(TestCaseExecutor.java:404)
	at com.kms.katalon.core.main.TestCaseExecutor.execute(TestCaseExecutor.java:281)
	at com.kms.katalon.core.main.TestCaseMain.runTestCase(TestCaseMain.java:138)
	at com.kms.katalon.core.keyword.builtin.CallTestCaseKeyword$_callTestCase_closure1.doCall(CallTestCaseKeyword.groovy:59)
	... 23 more
Caused by: org.openqa.selenium.ElementNotInteractableException: element not interactable
  (Session info: MicrosoftEdge=97.0.1072.62)
Build info: version: '3.141.59', revision: 'e82be7d358', time: '2018-11-14T08:25:53'
System info: host: 'DESKTOP-11TAGP6', ip: '192.168.56.1', os.name: 'Windows 10', os.arch: 'amd64', os.version: '10.0', java.version: '1.8.0_282'
Driver info: com.kms.katalon.selenium.driver.CEdgeDriver
Capabilities {acceptInsecureCerts: false, browserName: msedge, browserVersion: 97.0.1072.62, javascriptEnabled: true, ms:edgeOptions: {debuggerAddress: localhost:58252}, msedge: {msedgedriverVersion: 97.0.1072.55 (ce3bf33648805..., userDataDir: C:\Users\W10\AppData\Local\...}, networkConnectionEnabled: false, pageLoadStrategy: normal, platform: WINDOWS, platformName: WINDOWS, proxy: Proxy(), setWindowRect: true, strictFileInteractability: false, timeouts: {implicit: 0, pageLoad: 300000, script: 30000}, unhandledPromptBehavior: dismiss and notify, webauthn:extension:credBlob: true, webauthn:extension:largeBlob: true, webauthn:virtualAuthenticators: true}
Session ID: 38c81731d39681cf741e99f5ae1efa46
	at org.openqa.selenium.remote.http.W3CHttpResponseCodec.createException(W3CHttpResponseCodec.java:187)
	at org.openqa.selenium.remote.http.W3CHttpResponseCodec.decode(W3CHttpResponseCodec.java:122)
	at org.openqa.selenium.remote.http.W3CHttpResponseCodec.decode(W3CHttpResponseCodec.java:49)
	at org.openqa.selenium.remote.HttpCommandExecutor.execute(HttpCommandExecutor.java:158)
	at org.openqa.selenium.remote.service.DriverCommandExecutor.execute(DriverCommandExecutor.java:83)
	at org.openqa.selenium.remote.RemoteWebDriver.execute(RemoteWebDriver.java:552)
	at com.kms.katalon.selenium.driver.CEdgeDriver.execute(CEdgeDriver.java:20)
	at org.openqa.selenium.remote.RemoteWebElement.execute(RemoteWebElement.java:285)
	at org.openqa.selenium.remote.RemoteWebElement.click(RemoteWebElement.java:84)
	at org.openqa.selenium.support.events.EventFiringWebDriver$EventFiringWebElement.lambda$new$0(EventFiringWebDriver.java:404)
	at com.sun.proxy.$Proxy11.click(Unknown Source)
	at org.openqa.selenium.support.events.EventFiringWebDriver$EventFiringWebElement.click(EventFiringWebDriver.java:417)
	at org.openqa.selenium.WebElement$click.call(Unknown Source)
	at com.kms.katalon.core.webui.keyword.builtin.ClickKeyword.clickUntilSuccessWithTimeout(ClickKeyword.groovy:81)
	at com.kms.katalon.core.webui.keyword.builtin.ClickKeyword.clickUntilSuccessWithTimeout(ClickKeyword.groovy)
	at com.kms.katalon.core.webui.keyword.builtin.ClickKeyword$_click_closure1.doCall(ClickKeyword.groovy:67)
	at com.kms.katalon.core.webui.keyword.builtin.ClickKeyword$_click_closure1.call(ClickKeyword.groovy)
	at com.kms.katalon.core.webui.keyword.internal.WebUIKeywordMain.runKeyword(WebUIKeywordMain.groovy:20)
	... 38 more
)

2022-01-16 21:12:16 - [TEST_CASE][FAILED] - Test Cases/Utils/Create course CNPM: Test Cases/Utils/Create course CNPM FAILED.
Reason:
com.kms.katalon.core.exception.StepFailedException: Unable to click on object 'Object Repository/Utils/Page_CNPM Danh sch thnh vin/span_Teacher Nguyen'
	at com.kms.katalon.core.webui.keyword.internal.WebUIKeywordMain.stepFailed(WebUIKeywordMain.groovy:64)
	at com.kms.katalon.core.webui.keyword.internal.WebUIKeywordMain.runKeyword(WebUIKeywordMain.groovy:26)
	at com.kms.katalon.core.webui.keyword.builtin.ClickKeyword.click(ClickKeyword.groovy:74)
	at com.kms.katalon.core.webui.keyword.builtin.ClickKeyword.execute(ClickKeyword.groovy:40)
	at com.kms.katalon.core.keyword.internal.KeywordExecutor.executeKeywordForPlatform(KeywordExecutor.groovy:74)
	at com.kms.katalon.core.webui.keyword.WebUiBuiltInKeywords.click(WebUiBuiltInKeywords.groovy:620)
	at com.kms.katalon.core.webui.keyword.WebUiBuiltInKeywords$click$1.call(Unknown Source)
	at Create course CNPM.run(Create course CNPM:48)
	at com.kms.katalon.core.main.ScriptEngine.run(ScriptEngine.java:194)
	at com.kms.katalon.core.main.ScriptEngine.runScriptAsRawText(ScriptEngine.java:119)
	at com.kms.katalon.core.main.TestCaseExecutor.runScript(TestCaseExecutor.java:442)
	at com.kms.katalon.core.main.TestCaseExecutor.doExecute(TestCaseExecutor.java:433)
	at com.kms.katalon.core.main.TestCaseExecutor.processExecutionPhase(TestCaseExecutor.java:412)
	at com.kms.katalon.core.main.TestCaseExecutor.accessMainPhase(TestCaseExecutor.java:404)
	at com.kms.katalon.core.main.TestCaseExecutor.execute(TestCaseExecutor.java:281)
	at com.kms.katalon.core.main.TestCaseMain.runTestCase(TestCaseMain.java:138)
	at com.kms.katalon.core.keyword.builtin.CallTestCaseKeyword$_callTestCase_closure1.doCall(CallTestCaseKeyword.groovy:59)
	at com.kms.katalon.core.keyword.builtin.CallTestCaseKeyword$_callTestCase_closure1.call(CallTestCaseKeyword.groovy)
	at com.kms.katalon.core.keyword.internal.KeywordMain.runKeyword(KeywordMain.groovy:74)
	at com.kms.katalon.core.keyword.builtin.CallTestCaseKeyword.callTestCase(CallTestCaseKeyword.groovy:81)
	at com.kms.katalon.core.keyword.builtin.CallTestCaseKeyword.execute(CallTestCaseKeyword.groovy:44)
	at com.kms.katalon.core.keyword.internal.KeywordExecutor.executeKeywordForPlatform(KeywordExecutor.groovy:74)
	at com.kms.katalon.core.keyword.BuiltinKeywords.callTestCase(BuiltinKeywords.groovy:334)
	at Create folder without title.run(Create folder without title:24)
	at com.kms.katalon.core.main.ScriptEngine.run(ScriptEngine.java:194)
	at com.kms.katalon.core.main.ScriptEngine.runScriptAsRawText(ScriptEngine.java:119)
	at com.kms.katalon.core.main.TestCaseExecutor.runScript(TestCaseExecutor.java:442)
	at com.kms.katalon.core.main.TestCaseExecutor.doExecute(TestCaseExecutor.java:433)
	at com.kms.katalon.core.main.TestCaseExecutor.processExecutionPhase(TestCaseExecutor.java:412)
	at com.kms.katalon.core.main.TestCaseExecutor.accessMainPhase(TestCaseExecutor.java:404)
	at com.kms.katalon.core.main.TestCaseExecutor.execute(TestCaseExecutor.java:281)
	at com.kms.katalon.core.main.TestCaseExecutor.execute(TestCaseExecutor.java:363)
	at com.kms.katalon.core.main.TestCaseExecutor.execute(TestCaseExecutor.java:363)
	at com.kms.katalon.core.main.TestCaseExecutor.execute(TestCaseExecutor.java:363)
	at com.kms.katalon.core.main.TestSuiteExecutor.accessTestCaseMainPhase(TestSuiteExecutor.java:202)
	at com.kms.katalon.core.main.TestSuiteExecutor.accessTestSuiteMainPhase(TestSuiteExecutor.java:164)
	at com.kms.katalon.core.main.TestSuiteExecutor.execute(TestSuiteExecutor.java:105)
	at com.kms.katalon.core.main.TestCaseMain.startTestSuite(TestCaseMain.java:181)
	at com.kms.katalon.core.main.TestCaseMain$startTestSuite$0.call(Unknown Source)
	at TempTestSuite1642335656208.run(TempTestSuite1642335656208.groovy:36)
Caused by: org.openqa.selenium.ElementNotInteractableException: element not interactable
  (Session info: MicrosoftEdge=97.0.1072.62)
Build info: version: '3.141.59', revision: 'e82be7d358', time: '2018-11-14T08:25:53'
System info: host: 'DESKTOP-11TAGP6', ip: '192.168.56.1', os.name: 'Windows 10', os.arch: 'amd64', os.version: '10.0', java.version: '1.8.0_282'
Driver info: com.kms.katalon.selenium.driver.CEdgeDriver
Capabilities {acceptInsecureCerts: false, browserName: msedge, browserVersion: 97.0.1072.62, javascriptEnabled: true, ms:edgeOptions: {debuggerAddress: localhost:58252}, msedge: {msedgedriverVersion: 97.0.1072.55 (ce3bf33648805..., userDataDir: C:\Users\W10\AppData\Local\...}, networkConnectionEnabled: false, pageLoadStrategy: normal, platform: WINDOWS, platformName: WINDOWS, proxy: Proxy(), setWindowRect: true, strictFileInteractability: false, timeouts: {implicit: 0, pageLoad: 300000, script: 30000}, unhandledPromptBehavior: dismiss and notify, webauthn:extension:credBlob: true, webauthn:extension:largeBlob: true, webauthn:virtualAuthenticators: true}
Session ID: 38c81731d39681cf741e99f5ae1efa46
	at org.openqa.selenium.remote.http.W3CHttpResponseCodec.createException(W3CHttpResponseCodec.java:187)
	at org.openqa.selenium.remote.http.W3CHttpResponseCodec.decode(W3CHttpResponseCodec.java:122)
	at org.openqa.selenium.remote.http.W3CHttpResponseCodec.decode(W3CHttpResponseCodec.java:49)
	at org.openqa.selenium.remote.HttpCommandExecutor.execute(HttpCommandExecutor.java:158)
	at org.openqa.selenium.remote.service.DriverCommandExecutor.execute(DriverCommandExecutor.java:83)
	at org.openqa.selenium.remote.RemoteWebDriver.execute(RemoteWebDriver.java:552)
	at com.kms.katalon.selenium.driver.CEdgeDriver.execute(CEdgeDriver.java:20)
	at org.openqa.selenium.remote.RemoteWebElement.execute(RemoteWebElement.java:285)
	at org.openqa.selenium.remote.RemoteWebElement.click(RemoteWebElement.java:84)
	at org.openqa.selenium.support.events.EventFiringWebDriver$EventFiringWebElement.lambda$new$0(EventFiringWebDriver.java:404)
	at com.sun.proxy.$Proxy11.click(Unknown Source)
	at org.openqa.selenium.support.events.EventFiringWebDriver$EventFiringWebElement.click(EventFiringWebDriver.java:417)
	at org.openqa.selenium.WebElement$click.call(Unknown Source)
	at com.kms.katalon.core.webui.keyword.builtin.ClickKeyword.clickUntilSuccessWithTimeout(ClickKeyword.groovy:81)
	at com.kms.katalon.core.webui.keyword.builtin.ClickKeyword.clickUntilSuccessWithTimeout(ClickKeyword.groovy)
	at com.kms.katalon.core.webui.keyword.builtin.ClickKeyword$_click_closure1.doCall(ClickKeyword.groovy:67)
	at com.kms.katalon.core.webui.keyword.builtin.ClickKeyword$_click_closure1.call(ClickKeyword.groovy)
	at com.kms.katalon.core.webui.keyword.internal.WebUIKeywordMain.runKeyword(WebUIKeywordMain.groovy:20)
	... 38 more


2022-01-16 21:12:16 - [TEST_STEP][PASSED] - callTestCase(findTestCase("Utils/Login as admin"), [:], STOP_ON_FAILURE): Call Test Case 'Test Cases/Utils/Login as admin' successfully

2022-01-16 21:12:16 - [TEST_CASE][PASSED] - Test Cases/Utils/Login as admin: Test Cases/Utils/Login as admin

2022-01-16 21:12:16 - [TEST_STEP][PASSED] - click(findTestObject("View course grade/Page_Local Moodle/a_Log in")): Object: 'Object Repository/View course grade/Page_Local Moodle/a_Log in' is clicked on

2022-01-16 21:12:18 - [MESSAGE][PASSED] - Object: 'Object Repository/View course grade/Page_Local Moodle/a_Log in' is clicked on

2022-01-16 21:12:18 - [TEST_STEP][PASSED] - setText(findTestObject("View course grade/Page_Local Moodle Log in to the site/input_Username_username"), "admin"): Text 'admin' is set on object 'Object Repository/View course grade/Page_Local Moodle Log in to the site/input_Username_username'

2022-01-16 21:12:19 - [MESSAGE][PASSED] - Text 'admin' is set on object 'Object Repository/View course grade/Page_Local Moodle Log in to the site/input_Username_username'

2022-01-16 21:12:19 - [TEST_STEP][PASSED] - setEncryptedText(findTestObject("View course grade/Page_Local Moodle Log in to the site/input_Password_password"), "bfAykA/oWJ09FXmiKh6lyuuLu8QhG1K5"): Text ****** has been set on object 'Object Repository/View course grade/Page_Local Moodle Log in to the site/input_Password_password'

2022-01-16 21:12:20 - [MESSAGE][PASSED] - Text ****** has been set on object 'Object Repository/View course grade/Page_Local Moodle Log in to the site/input_Password_password'

2022-01-16 21:12:20 - [TEST_STEP][PASSED] - click(findTestObject("View course grade/Page_Local Moodle Log in to the site/button_Log in")): Object: 'Object Repository/View course grade/Page_Local Moodle Log in to the site/button_Log in' is clicked on

2022-01-16 21:12:26 - [MESSAGE][PASSED] - Object: 'Object Repository/View course grade/Page_Local Moodle Log in to the site/button_Log in' is clicked on

2022-01-16 21:12:26 - [MESSAGE][PASSED] - Call Test Case 'Test Cases/Utils/Login as admin' successfully

2022-01-16 21:12:26 - [TEST_STEP][PASSED] - click(findTestObject("Object Repository/Utils/Page_Nh ca ti/span_Qun tr khu vc")): Object: 'Object Repository/Utils/Page_Nh ca ti/span_Qun tr khu vc' is clicked on

2022-01-16 21:12:35 - [MESSAGE][PASSED] - Object: 'Object Repository/Utils/Page_Nh ca ti/span_Qun tr khu vc' is clicked on

2022-01-16 21:12:35 - [TEST_STEP][PASSED] - click(findTestObject("Object Repository/Utils/Page_Moodle Khu vc qun tr Tm kim/a_Kho hc")): Object: 'Object Repository/Utils/Page_Moodle Khu vc qun tr Tm kim/a_Kho hc' is clicked on

2022-01-16 21:12:36 - [MESSAGE][PASSED] - Object: 'Object Repository/Utils/Page_Moodle Khu vc qun tr Tm kim/a_Kho hc' is clicked on

2022-01-16 21:12:36 - [TEST_STEP][PASSED] - click(findTestObject("Object Repository/Utils/Page_Moodle Khu vc qun tr Tm kim/a_Thmsa cc kho hc")): Object: 'Object Repository/Utils/Page_Moodle Khu vc qun tr Tm kim/a_Thmsa cc kho hc' is clicked on

2022-01-16 21:12:38 - [MESSAGE][PASSED] - Object: 'Object Repository/Utils/Page_Moodle Khu vc qun tr Tm kim/a_Thmsa cc kho hc' is clicked on

2022-01-16 21:12:38 - [TEST_STEP][PASSED] - click(findTestObject("Object Repository/Utils/Page_Qun l kha hc v danh mc kha hc/a_To kha hc mi")): Object: 'Object Repository/Utils/Page_Qun l kha hc v danh mc kha hc/a_To kha hc mi' is clicked on

2022-01-16 21:12:45 - [MESSAGE][INFO] - Unable to find the element located by 'By.xpath: //div[@id='yui_3_17_2_1_1641906891631_57']/div/div/a'. Please recheck the objects properties to make sure the desired element is located. 

2022-01-16 21:12:45 - [MESSAGE][WARNING] - [SELF-HEALING] Failed to find element with id 'Object Repository/Utils/Page_Qun l kha hc v danh mc kha hc/a_To kha hc mi'. Try using Self-healing.

2022-01-16 21:12:45 - [MESSAGE][WARNING] - [SELF-HEALING] The current locator of test object 'Object Repository/Utils/Page_Qun l kha hc v danh mc kha hc/a_To kha hc mi' was broken. Propose an alternative one: '//a[contains(text(),'Tạo khóa học mới')]'.

2022-01-16 21:12:54 - [MESSAGE][PASSED] - Object: 'Object Repository/Utils/Page_Qun l kha hc v danh mc kha hc/a_To kha hc mi' is clicked on

2022-01-16 21:12:54 - [TEST_STEP][PASSED] - setText(findTestObject("Object Repository/Utils/Page_Moodle Thm kho hc mi/input_Tn y_fullname"), "Nhập môn Công nghệ phần mềm"): Text 'Nhập môn Công nghệ phần mềm' is set on object 'Object Repository/Utils/Page_Moodle Thm kho hc mi/input_Tn y_fullname'

2022-01-16 21:12:56 - [MESSAGE][PASSED] - Text 'Nhập môn Công nghệ phần mềm' is set on object 'Object Repository/Utils/Page_Moodle Thm kho hc mi/input_Tn y_fullname'

2022-01-16 21:12:56 - [TEST_STEP][PASSED] - setText(findTestObject("Object Repository/Utils/Page_Moodle Thm kho hc mi/input_Tn rt gn ca kho hc_shortname"), "CNPM"): Text 'CNPM' is set on object 'Object Repository/Utils/Page_Moodle Thm kho hc mi/input_Tn rt gn ca kho hc_shortname'

2022-01-16 21:12:57 - [MESSAGE][PASSED] - Text 'CNPM' is set on object 'Object Repository/Utils/Page_Moodle Thm kho hc mi/input_Tn rt gn ca kho hc_shortname'

2022-01-16 21:12:57 - [TEST_STEP][PASSED] - click(findTestObject("Object Repository/Utils/Page_Moodle Thm kho hc mi/input__saveanddisplay")): Object: 'Object Repository/Utils/Page_Moodle Thm kho hc mi/input__saveanddisplay' is clicked on

2022-01-16 21:13:01 - [MESSAGE][PASSED] - Object: 'Object Repository/Utils/Page_Moodle Thm kho hc mi/input__saveanddisplay' is clicked on

2022-01-16 21:13:01 - [TEST_STEP][PASSED] - click(findTestObject("Object Repository/Utils/Page_CNPM Danh sch thnh vin/input_Danh sch thnh vin_btn btn-secondary my-1")): Object: 'Object Repository/Utils/Page_CNPM Danh sch thnh vin/input_Danh sch thnh vin_btn btn-secondary my-1' is clicked on

2022-01-16 21:13:02 - [MESSAGE][PASSED] - Object: 'Object Repository/Utils/Page_CNPM Danh sch thnh vin/input_Danh sch thnh vin_btn btn-secondary my-1' is clicked on

2022-01-16 21:13:02 - [TEST_STEP][PASSED] - click(findTestObject("Object Repository/Utils/Page_CNPM Danh sch thnh vin/span_")): Object: 'Object Repository/Utils/Page_CNPM Danh sch thnh vin/span_' is clicked on

2022-01-16 21:13:08 - [MESSAGE][INFO] - Unable to find the element located by 'By.xpath: //span[@id='form_autocomplete_downarrow-1641965227117']'. Please recheck the objects properties to make sure the desired element is located. 

2022-01-16 21:13:08 - [MESSAGE][WARNING] - [SELF-HEALING] Failed to find element with id 'Object Repository/Utils/Page_CNPM Danh sch thnh vin/span_'. Try using Self-healing.

2022-01-16 21:13:08 - [MESSAGE][WARNING] - [SELF-HEALING] The current locator of test object 'Object Repository/Utils/Page_CNPM Danh sch thnh vin/span_' was broken. Propose an alternative one: '//div[@id='fitem_id_userlist']/div[2]/div[3]/span'.

2022-01-16 21:13:09 - [MESSAGE][PASSED] - Object: 'Object Repository/Utils/Page_CNPM Danh sch thnh vin/span_' is clicked on

2022-01-16 21:13:09 - [TEST_STEP][PASSED] - click(findTestObject("Object Repository/Utils/Page_CNPM Danh sch thnh vin/span_Student Nguyen")): Object: 'Object Repository/Utils/Page_CNPM Danh sch thnh vin/span_Student Nguyen' is clicked on

2022-01-16 21:13:15 - [MESSAGE][INFO] - Unable to find the element located by 'By.xpath: //li[@id='form_autocomplete_suggestions-1641965227117-0']/span/span'. Please recheck the objects properties to make sure the desired element is located. 

2022-01-16 21:13:15 - [MESSAGE][WARNING] - [SELF-HEALING] Failed to find element with id 'Object Repository/Utils/Page_CNPM Danh sch thnh vin/span_Student Nguyen'. Try using Self-healing.

2022-01-16 21:13:15 - [MESSAGE][WARNING] - [SELF-HEALING] The current locator of test object 'Object Repository/Utils/Page_CNPM Danh sch thnh vin/span_Student Nguyen' was broken. Propose an alternative one: '(.//*[normalize-space(text()) and normalize-space(.)='student@gmail.com'])[2]/preceding::span[1]'.

2022-01-16 21:13:15 - [MESSAGE][PASSED] - Object: 'Object Repository/Utils/Page_CNPM Danh sch thnh vin/span_Student Nguyen' is clicked on

2022-01-16 21:13:15 - [TEST_STEP][PASSED] - click(findTestObject("Object Repository/Utils/Page_CNPM Danh sch thnh vin/button_Ghi danh ngi dng")): Object: 'Object Repository/Utils/Page_CNPM Danh sch thnh vin/button_Ghi danh ngi dng' is clicked on

2022-01-16 21:13:22 - [MESSAGE][INFO] - Unable to find the element located by 'By.xpath: //button[@id='yui_3_17_2_1_1641965226678_264']'. Please recheck the objects properties to make sure the desired element is located. 

2022-01-16 21:13:22 - [MESSAGE][WARNING] - [SELF-HEALING] Failed to find element with id 'Object Repository/Utils/Page_CNPM Danh sch thnh vin/button_Ghi danh ngi dng'. Try using Self-healing.

2022-01-16 21:13:22 - [MESSAGE][WARNING] - [SELF-HEALING] The current locator of test object 'Object Repository/Utils/Page_CNPM Danh sch thnh vin/button_Ghi danh ngi dng' was broken. Propose an alternative one: '(.//*[normalize-space(text()) and normalize-space(.)='Phút'])[1]/following::button[1]'.

2022-01-16 21:13:22 - [MESSAGE][PASSED] - Object: 'Object Repository/Utils/Page_CNPM Danh sch thnh vin/button_Ghi danh ngi dng' is clicked on

2022-01-16 21:13:22 - [TEST_STEP][PASSED] - click(findTestObject("Object Repository/Utils/Page_CNPM Danh sch thnh vin/input_Danh sch thnh vin_yui_3_17_2_1_164190_a20bc6")): Object: 'Object Repository/Utils/Page_CNPM Danh sch thnh vin/input_Danh sch thnh vin_yui_3_17_2_1_164190_a20bc6' is clicked on

2022-01-16 21:13:29 - [MESSAGE][INFO] - Unable to find the element located by 'By.xpath: //input[@id='yui_3_17_2_1_1641906981941_20']'. Please recheck the objects properties to make sure the desired element is located. 

2022-01-16 21:13:29 - [MESSAGE][WARNING] - [SELF-HEALING] Failed to find element with id 'Object Repository/Utils/Page_CNPM Danh sch thnh vin/input_Danh sch thnh vin_yui_3_17_2_1_164190_a20bc6'. Try using Self-healing.

2022-01-16 21:13:29 - [MESSAGE][WARNING] - [SELF-HEALING] The current locator of test object 'Object Repository/Utils/Page_CNPM Danh sch thnh vin/input_Danh sch thnh vin_yui_3_17_2_1_164190_a20bc6' was broken. Propose an alternative one: '//input'.

2022-01-16 21:13:29 - [MESSAGE][PASSED] - Object: 'Object Repository/Utils/Page_CNPM Danh sch thnh vin/input_Danh sch thnh vin_yui_3_17_2_1_164190_a20bc6' is clicked on

2022-01-16 21:13:29 - [TEST_STEP][PASSED] - click(findTestObject("Object Repository/Utils/Page_CNPM Danh sch thnh vin/span__1")): Object: 'Object Repository/Utils/Page_CNPM Danh sch thnh vin/span__1' is clicked on

2022-01-16 21:13:36 - [MESSAGE][INFO] - Unable to find the element located by 'By.xpath: //span[@id='form_autocomplete_downarrow-1641965227118']'. Please recheck the objects properties to make sure the desired element is located. 

2022-01-16 21:13:36 - [MESSAGE][WARNING] - [SELF-HEALING] Failed to find element with id 'Object Repository/Utils/Page_CNPM Danh sch thnh vin/span__1'. Try using Self-healing.

2022-01-16 21:13:36 - [MESSAGE][WARNING] - [SELF-HEALING] The current locator of test object 'Object Repository/Utils/Page_CNPM Danh sch thnh vin/span__1' was broken. Propose an alternative one: '//div[@id='fitem_id_userlist']/div[2]/div[3]/span'.

2022-01-16 21:13:36 - [MESSAGE][PASSED] - Object: 'Object Repository/Utils/Page_CNPM Danh sch thnh vin/span__1' is clicked on

2022-01-16 21:13:36 - [TEST_STEP][FAILED] - click(findTestObject("Object Repository/Utils/Page_CNPM Danh sch thnh vin/span_Teacher Nguyen")): Unable to click on object 'Object Repository/Utils/Page_CNPM Danh sch thnh vin/span_Teacher Nguyen' (Root cause: com.kms.katalon.core.exception.StepFailedException: Unable to click on object 'Object Repository/Utils/Page_CNPM Danh sch thnh vin/span_Teacher Nguyen'
	at com.kms.katalon.core.webui.keyword.internal.WebUIKeywordMain.stepFailed(WebUIKeywordMain.groovy:64)
	at com.kms.katalon.core.webui.keyword.internal.WebUIKeywordMain.runKeyword(WebUIKeywordMain.groovy:26)
	at com.kms.katalon.core.webui.keyword.builtin.ClickKeyword.click(ClickKeyword.groovy:74)
	at com.kms.katalon.core.webui.keyword.builtin.ClickKeyword.execute(ClickKeyword.groovy:40)
	at com.kms.katalon.core.keyword.internal.KeywordExecutor.executeKeywordForPlatform(KeywordExecutor.groovy:74)
	at com.kms.katalon.core.webui.keyword.WebUiBuiltInKeywords.click(WebUiBuiltInKeywords.groovy:620)
	at com.kms.katalon.core.webui.keyword.WebUiBuiltInKeywords$click$1.call(Unknown Source)
	at Create course CNPM.run(Create course CNPM:48)
	at com.kms.katalon.core.main.ScriptEngine.run(ScriptEngine.java:194)
	at com.kms.katalon.core.main.ScriptEngine.runScriptAsRawText(ScriptEngine.java:119)
	at com.kms.katalon.core.main.TestCaseExecutor.runScript(TestCaseExecutor.java:442)
	at com.kms.katalon.core.main.TestCaseExecutor.doExecute(TestCaseExecutor.java:433)
	at com.kms.katalon.core.main.TestCaseExecutor.processExecutionPhase(TestCaseExecutor.java:412)
	at com.kms.katalon.core.main.TestCaseExecutor.accessMainPhase(TestCaseExecutor.java:404)
	at com.kms.katalon.core.main.TestCaseExecutor.execute(TestCaseExecutor.java:281)
	at com.kms.katalon.core.main.TestCaseMain.runTestCase(TestCaseMain.java:138)
	at com.kms.katalon.core.keyword.builtin.CallTestCaseKeyword$_callTestCase_closure1.doCall(CallTestCaseKeyword.groovy:59)
	at com.kms.katalon.core.keyword.builtin.CallTestCaseKeyword$_callTestCase_closure1.call(CallTestCaseKeyword.groovy)
	at com.kms.katalon.core.keyword.internal.KeywordMain.runKeyword(KeywordMain.groovy:74)
	at com.kms.katalon.core.keyword.builtin.CallTestCaseKeyword.callTestCase(CallTestCaseKeyword.groovy:81)
	at com.kms.katalon.core.keyword.builtin.CallTestCaseKeyword.execute(CallTestCaseKeyword.groovy:44)
	at com.kms.katalon.core.keyword.internal.KeywordExecutor.executeKeywordForPlatform(KeywordExecutor.groovy:74)
	at com.kms.katalon.core.keyword.BuiltinKeywords.callTestCase(BuiltinKeywords.groovy:334)
	at Create folder without title.run(Create folder without title:24)
	at com.kms.katalon.core.main.ScriptEngine.run(ScriptEngine.java:194)
	at com.kms.katalon.core.main.ScriptEngine.runScriptAsRawText(ScriptEngine.java:119)
	at com.kms.katalon.core.main.TestCaseExecutor.runScript(TestCaseExecutor.java:442)
	at com.kms.katalon.core.main.TestCaseExecutor.doExecute(TestCaseExecutor.java:433)
	at com.kms.katalon.core.main.TestCaseExecutor.processExecutionPhase(TestCaseExecutor.java:412)
	at com.kms.katalon.core.main.TestCaseExecutor.accessMainPhase(TestCaseExecutor.java:404)
	at com.kms.katalon.core.main.TestCaseExecutor.execute(TestCaseExecutor.java:281)
	at com.kms.katalon.core.main.TestCaseExecutor.execute(TestCaseExecutor.java:363)
	at com.kms.katalon.core.main.TestCaseExecutor.execute(TestCaseExecutor.java:363)
	at com.kms.katalon.core.main.TestCaseExecutor.execute(TestCaseExecutor.java:363)
	at com.kms.katalon.core.main.TestSuiteExecutor.accessTestCaseMainPhase(TestSuiteExecutor.java:202)
	at com.kms.katalon.core.main.TestSuiteExecutor.accessTestSuiteMainPhase(TestSuiteExecutor.java:164)
	at com.kms.katalon.core.main.TestSuiteExecutor.execute(TestSuiteExecutor.java:105)
	at com.kms.katalon.core.main.TestCaseMain.startTestSuite(TestCaseMain.java:181)
	at com.kms.katalon.core.main.TestCaseMain$startTestSuite$0.call(Unknown Source)
	at TempTestSuite1642335656208.run(TempTestSuite1642335656208.groovy:36)
Caused by: org.openqa.selenium.ElementNotInteractableException: element not interactable
  (Session info: MicrosoftEdge=97.0.1072.62)
Build info: version: '3.141.59', revision: 'e82be7d358', time: '2018-11-14T08:25:53'
System info: host: 'DESKTOP-11TAGP6', ip: '192.168.56.1', os.name: 'Windows 10', os.arch: 'amd64', os.version: '10.0', java.version: '1.8.0_282'
Driver info: com.kms.katalon.selenium.driver.CEdgeDriver
Capabilities {acceptInsecureCerts: false, browserName: msedge, browserVersion: 97.0.1072.62, javascriptEnabled: true, ms:edgeOptions: {debuggerAddress: localhost:58252}, msedge: {msedgedriverVersion: 97.0.1072.55 (ce3bf33648805..., userDataDir: C:\Users\W10\AppData\Local\...}, networkConnectionEnabled: false, pageLoadStrategy: normal, platform: WINDOWS, platformName: WINDOWS, proxy: Proxy(), setWindowRect: true, strictFileInteractability: false, timeouts: {implicit: 0, pageLoad: 300000, script: 30000}, unhandledPromptBehavior: dismiss and notify, webauthn:extension:credBlob: true, webauthn:extension:largeBlob: true, webauthn:virtualAuthenticators: true}
Session ID: 38c81731d39681cf741e99f5ae1efa46
	at org.openqa.selenium.remote.http.W3CHttpResponseCodec.createException(W3CHttpResponseCodec.java:187)
	at org.openqa.selenium.remote.http.W3CHttpResponseCodec.decode(W3CHttpResponseCodec.java:122)
	at org.openqa.selenium.remote.http.W3CHttpResponseCodec.decode(W3CHttpResponseCodec.java:49)
	at org.openqa.selenium.remote.HttpCommandExecutor.execute(HttpCommandExecutor.java:158)
	at org.openqa.selenium.remote.service.DriverCommandExecutor.execute(DriverCommandExecutor.java:83)
	at org.openqa.selenium.remote.RemoteWebDriver.execute(RemoteWebDriver.java:552)
	at com.kms.katalon.selenium.driver.CEdgeDriver.execute(CEdgeDriver.java:20)
	at org.openqa.selenium.remote.RemoteWebElement.execute(RemoteWebElement.java:285)
	at org.openqa.selenium.remote.RemoteWebElement.click(RemoteWebElement.java:84)
	at org.openqa.selenium.support.events.EventFiringWebDriver$EventFiringWebElement.lambda$new$0(EventFiringWebDriver.java:404)
	at com.sun.proxy.$Proxy11.click(Unknown Source)
	at org.openqa.selenium.support.events.EventFiringWebDriver$EventFiringWebElement.click(EventFiringWebDriver.java:417)
	at org.openqa.selenium.WebElement$click.call(Unknown Source)
	at com.kms.katalon.core.webui.keyword.builtin.ClickKeyword.clickUntilSuccessWithTimeout(ClickKeyword.groovy:81)
	at com.kms.katalon.core.webui.keyword.builtin.ClickKeyword.clickUntilSuccessWithTimeout(ClickKeyword.groovy)
	at com.kms.katalon.core.webui.keyword.builtin.ClickKeyword$_click_closure1.doCall(ClickKeyword.groovy:67)
	at com.kms.katalon.core.webui.keyword.builtin.ClickKeyword$_click_closure1.call(ClickKeyword.groovy)
	at com.kms.katalon.core.webui.keyword.internal.WebUIKeywordMain.runKeyword(WebUIKeywordMain.groovy:20)
	at com.kms.katalon.core.webui.keyword.builtin.ClickKeyword.click(ClickKeyword.groovy:74)
	at com.kms.katalon.core.webui.keyword.builtin.ClickKeyword.execute(ClickKeyword.groovy:40)
	at com.kms.katalon.core.keyword.internal.KeywordExecutor.executeKeywordForPlatform(KeywordExecutor.groovy:74)
	at com.kms.katalon.core.webui.keyword.WebUiBuiltInKeywords.click(WebUiBuiltInKeywords.groovy:620)
	at com.kms.katalon.core.webui.keyword.WebUiBuiltInKeywords$click$1.call(Unknown Source)
	at Script1641906761787.run(Script1641906761787.groovy:48)
	at com.kms.katalon.core.main.ScriptEngine.run(ScriptEngine.java:194)
	at com.kms.katalon.core.main.ScriptEngine.runScriptAsRawText(ScriptEngine.java:119)
	at com.kms.katalon.core.main.TestCaseExecutor.runScript(TestCaseExecutor.java:442)
	at com.kms.katalon.core.main.TestCaseExecutor.doExecute(TestCaseExecutor.java:433)
	at com.kms.katalon.core.main.TestCaseExecutor.processExecutionPhase(TestCaseExecutor.java:412)
	at com.kms.katalon.core.main.TestCaseExecutor.accessMainPhase(TestCaseExecutor.java:404)
	at com.kms.katalon.core.main.TestCaseExecutor.execute(TestCaseExecutor.java:281)
	at com.kms.katalon.core.main.TestCaseMain.runTestCase(TestCaseMain.java:138)
	at com.kms.katalon.core.keyword.builtin.CallTestCaseKeyword$_callTestCase_closure1.doCall(CallTestCaseKeyword.groovy:59)
	at com.kms.katalon.core.keyword.builtin.CallTestCaseKeyword$_callTestCase_closure1.call(CallTestCaseKeyword.groovy)
	at com.kms.katalon.core.keyword.internal.KeywordMain.runKeyword(KeywordMain.groovy:74)
	at com.kms.katalon.core.keyword.builtin.CallTestCaseKeyword.callTestCase(CallTestCaseKeyword.groovy:81)
	at com.kms.katalon.core.keyword.builtin.CallTestCaseKeyword.execute(CallTestCaseKeyword.groovy:44)
	at com.kms.katalon.core.keyword.internal.KeywordExecutor.executeKeywordForPlatform(KeywordExecutor.groovy:74)
	at com.kms.katalon.core.keyword.BuiltinKeywords.callTestCase(BuiltinKeywords.groovy:334)
	at Script1641906223487.run(Script1641906223487.groovy:24)
	... 16 more
)

2022-01-16 21:13:37 - [MESSAGE][FAILED] - Unable to click on object 'Object Repository/Utils/Page_CNPM Danh sch thnh vin/span_Teacher Nguyen' (Root cause: com.kms.katalon.core.exception.StepFailedException: Unable to click on object 'Object Repository/Utils/Page_CNPM Danh sch thnh vin/span_Teacher Nguyen'
	at com.kms.katalon.core.webui.keyword.internal.WebUIKeywordMain.stepFailed(WebUIKeywordMain.groovy:64)
	at com.kms.katalon.core.webui.keyword.internal.WebUIKeywordMain.runKeyword(WebUIKeywordMain.groovy:26)
	at com.kms.katalon.core.webui.keyword.builtin.ClickKeyword.click(ClickKeyword.groovy:74)
	at com.kms.katalon.core.webui.keyword.builtin.ClickKeyword.execute(ClickKeyword.groovy:40)
	at com.kms.katalon.core.keyword.internal.KeywordExecutor.executeKeywordForPlatform(KeywordExecutor.groovy:74)
	at com.kms.katalon.core.webui.keyword.WebUiBuiltInKeywords.click(WebUiBuiltInKeywords.groovy:620)
	at com.kms.katalon.core.webui.keyword.WebUiBuiltInKeywords$click$1.call(Unknown Source)
	at Create course CNPM.run(Create course CNPM:48)
	at com.kms.katalon.core.main.ScriptEngine.run(ScriptEngine.java:194)
	at com.kms.katalon.core.main.ScriptEngine.runScriptAsRawText(ScriptEngine.java:119)
	at com.kms.katalon.core.main.TestCaseExecutor.runScript(TestCaseExecutor.java:442)
	at com.kms.katalon.core.main.TestCaseExecutor.doExecute(TestCaseExecutor.java:433)
	at com.kms.katalon.core.main.TestCaseExecutor.processExecutionPhase(TestCaseExecutor.java:412)
	at com.kms.katalon.core.main.TestCaseExecutor.accessMainPhase(TestCaseExecutor.java:404)
	at com.kms.katalon.core.main.TestCaseExecutor.execute(TestCaseExecutor.java:281)
	at com.kms.katalon.core.main.TestCaseMain.runTestCase(TestCaseMain.java:138)
	at com.kms.katalon.core.keyword.builtin.CallTestCaseKeyword$_callTestCase_closure1.doCall(CallTestCaseKeyword.groovy:59)
	at com.kms.katalon.core.keyword.builtin.CallTestCaseKeyword$_callTestCase_closure1.call(CallTestCaseKeyword.groovy)
	at com.kms.katalon.core.keyword.internal.KeywordMain.runKeyword(KeywordMain.groovy:74)
	at com.kms.katalon.core.keyword.builtin.CallTestCaseKeyword.callTestCase(CallTestCaseKeyword.groovy:81)
	at com.kms.katalon.core.keyword.builtin.CallTestCaseKeyword.execute(CallTestCaseKeyword.groovy:44)
	at com.kms.katalon.core.keyword.internal.KeywordExecutor.executeKeywordForPlatform(KeywordExecutor.groovy:74)
	at com.kms.katalon.core.keyword.BuiltinKeywords.callTestCase(BuiltinKeywords.groovy:334)
	at Create folder without title.run(Create folder without title:24)
	at com.kms.katalon.core.main.ScriptEngine.run(ScriptEngine.java:194)
	at com.kms.katalon.core.main.ScriptEngine.runScriptAsRawText(ScriptEngine.java:119)
	at com.kms.katalon.core.main.TestCaseExecutor.runScript(TestCaseExecutor.java:442)
	at com.kms.katalon.core.main.TestCaseExecutor.doExecute(TestCaseExecutor.java:433)
	at com.kms.katalon.core.main.TestCaseExecutor.processExecutionPhase(TestCaseExecutor.java:412)
	at com.kms.katalon.core.main.TestCaseExecutor.accessMainPhase(TestCaseExecutor.java:404)
	at com.kms.katalon.core.main.TestCaseExecutor.execute(TestCaseExecutor.java:281)
	at com.kms.katalon.core.main.TestCaseExecutor.execute(TestCaseExecutor.java:363)
	at com.kms.katalon.core.main.TestCaseExecutor.execute(TestCaseExecutor.java:363)
	at com.kms.katalon.core.main.TestCaseExecutor.execute(TestCaseExecutor.java:363)
	at com.kms.katalon.core.main.TestSuiteExecutor.accessTestCaseMainPhase(TestSuiteExecutor.java:202)
	at com.kms.katalon.core.main.TestSuiteExecutor.accessTestSuiteMainPhase(TestSuiteExecutor.java:164)
	at com.kms.katalon.core.main.TestSuiteExecutor.execute(TestSuiteExecutor.java:105)
	at com.kms.katalon.core.main.TestCaseMain.startTestSuite(TestCaseMain.java:181)
	at com.kms.katalon.core.main.TestCaseMain$startTestSuite$0.call(Unknown Source)
	at TempTestSuite1642335656208.run(TempTestSuite1642335656208.groovy:36)
Caused by: org.openqa.selenium.ElementNotInteractableException: element not interactable
  (Session info: MicrosoftEdge=97.0.1072.62)
Build info: version: '3.141.59', revision: 'e82be7d358', time: '2018-11-14T08:25:53'
System info: host: 'DESKTOP-11TAGP6', ip: '192.168.56.1', os.name: 'Windows 10', os.arch: 'amd64', os.version: '10.0', java.version: '1.8.0_282'
Driver info: com.kms.katalon.selenium.driver.CEdgeDriver
Capabilities {acceptInsecureCerts: false, browserName: msedge, browserVersion: 97.0.1072.62, javascriptEnabled: true, ms:edgeOptions: {debuggerAddress: localhost:58252}, msedge: {msedgedriverVersion: 97.0.1072.55 (ce3bf33648805..., userDataDir: C:\Users\W10\AppData\Local\...}, networkConnectionEnabled: false, pageLoadStrategy: normal, platform: WINDOWS, platformName: WINDOWS, proxy: Proxy(), setWindowRect: true, strictFileInteractability: false, timeouts: {implicit: 0, pageLoad: 300000, script: 30000}, unhandledPromptBehavior: dismiss and notify, webauthn:extension:credBlob: true, webauthn:extension:largeBlob: true, webauthn:virtualAuthenticators: true}
Session ID: 38c81731d39681cf741e99f5ae1efa46
	at org.openqa.selenium.remote.http.W3CHttpResponseCodec.createException(W3CHttpResponseCodec.java:187)
	at org.openqa.selenium.remote.http.W3CHttpResponseCodec.decode(W3CHttpResponseCodec.java:122)
	at org.openqa.selenium.remote.http.W3CHttpResponseCodec.decode(W3CHttpResponseCodec.java:49)
	at org.openqa.selenium.remote.HttpCommandExecutor.execute(HttpCommandExecutor.java:158)
	at org.openqa.selenium.remote.service.DriverCommandExecutor.execute(DriverCommandExecutor.java:83)
	at org.openqa.selenium.remote.RemoteWebDriver.execute(RemoteWebDriver.java:552)
	at com.kms.katalon.selenium.driver.CEdgeDriver.execute(CEdgeDriver.java:20)
	at org.openqa.selenium.remote.RemoteWebElement.execute(RemoteWebElement.java:285)
	at org.openqa.selenium.remote.RemoteWebElement.click(RemoteWebElement.java:84)
	at org.openqa.selenium.support.events.EventFiringWebDriver$EventFiringWebElement.lambda$new$0(EventFiringWebDriver.java:404)
	at com.sun.proxy.$Proxy11.click(Unknown Source)
	at org.openqa.selenium.support.events.EventFiringWebDriver$EventFiringWebElement.click(EventFiringWebDriver.java:417)
	at org.openqa.selenium.WebElement$click.call(Unknown Source)
	at com.kms.katalon.core.webui.keyword.builtin.ClickKeyword.clickUntilSuccessWithTimeout(ClickKeyword.groovy:81)
	at com.kms.katalon.core.webui.keyword.builtin.ClickKeyword.clickUntilSuccessWithTimeout(ClickKeyword.groovy)
	at com.kms.katalon.core.webui.keyword.builtin.ClickKeyword$_click_closure1.doCall(ClickKeyword.groovy:67)
	at com.kms.katalon.core.webui.keyword.builtin.ClickKeyword$_click_closure1.call(ClickKeyword.groovy)
	at com.kms.katalon.core.webui.keyword.internal.WebUIKeywordMain.runKeyword(WebUIKeywordMain.groovy:20)
	at com.kms.katalon.core.webui.keyword.builtin.ClickKeyword.click(ClickKeyword.groovy:74)
	at com.kms.katalon.core.webui.keyword.builtin.ClickKeyword.execute(ClickKeyword.groovy:40)
	at com.kms.katalon.core.keyword.internal.KeywordExecutor.executeKeywordForPlatform(KeywordExecutor.groovy:74)
	at com.kms.katalon.core.webui.keyword.WebUiBuiltInKeywords.click(WebUiBuiltInKeywords.groovy:620)
	at com.kms.katalon.core.webui.keyword.WebUiBuiltInKeywords$click$1.call(Unknown Source)
	at Script1641906761787.run(Script1641906761787.groovy:48)
	at com.kms.katalon.core.main.ScriptEngine.run(ScriptEngine.java:194)
	at com.kms.katalon.core.main.ScriptEngine.runScriptAsRawText(ScriptEngine.java:119)
	at com.kms.katalon.core.main.TestCaseExecutor.runScript(TestCaseExecutor.java:442)
	at com.kms.katalon.core.main.TestCaseExecutor.doExecute(TestCaseExecutor.java:433)
	at com.kms.katalon.core.main.TestCaseExecutor.processExecutionPhase(TestCaseExecutor.java:412)
	at com.kms.katalon.core.main.TestCaseExecutor.accessMainPhase(TestCaseExecutor.java:404)
	at com.kms.katalon.core.main.TestCaseExecutor.execute(TestCaseExecutor.java:281)
	at com.kms.katalon.core.main.TestCaseMain.runTestCase(TestCaseMain.java:138)
	at com.kms.katalon.core.keyword.builtin.CallTestCaseKeyword$_callTestCase_closure1.doCall(CallTestCaseKeyword.groovy:59)
	at com.kms.katalon.core.keyword.builtin.CallTestCaseKeyword$_callTestCase_closure1.call(CallTestCaseKeyword.groovy)
	at com.kms.katalon.core.keyword.internal.KeywordMain.runKeyword(KeywordMain.groovy:74)
	at com.kms.katalon.core.keyword.builtin.CallTestCaseKeyword.callTestCase(CallTestCaseKeyword.groovy:81)
	at com.kms.katalon.core.keyword.builtin.CallTestCaseKeyword.execute(CallTestCaseKeyword.groovy:44)
	at com.kms.katalon.core.keyword.internal.KeywordExecutor.executeKeywordForPlatform(KeywordExecutor.groovy:74)
	at com.kms.katalon.core.keyword.BuiltinKeywords.callTestCase(BuiltinKeywords.groovy:334)
	at Script1641906223487.run(Script1641906223487.groovy:24)
	... 16 more
)
[[ATTACHMENT|C:\\xampp\\htdocs\\moodle\\Test Automation - SE Bonus\\Reports\\20220116_192056\\Run All Test Cases\\20220116_192056\\1642342417626.png]]

2022-01-16 21:13:37 - [MESSAGE][INFO] - 

2022-01-16 21:13:37 - [MESSAGE][INFO] - ===================== Self-healing Report ====================

2022-01-16 21:13:37 - [MESSAGE][INFO] - One of the failed test object locators has been recovered by Self-healing. Please refer to the Self-healing Insights tab for more details.

2022-01-16 21:13:37 - [MESSAGE][INFO] - To learn more about Self-healing, please read https://docs.katalon.com/katalon-studio/docs/self-healing.html

2022-01-16 21:13:37 - [MESSAGE][INFO] - ==============================================================

2022-01-16 21:13:37 - [MESSAGE][FAILED] - Unable to call Test Case 'Test Cases/Utils/Create course CNPM' (Root cause: com.kms.katalon.core.exception.StepFailedException: Call Test Case 'Test Cases/Utils/Create course CNPM' failed
	at com.kms.katalon.core.keyword.builtin.CallTestCaseKeyword$_callTestCase_closure1.doCall(CallTestCaseKeyword.groovy:63)
	at com.kms.katalon.core.keyword.builtin.CallTestCaseKeyword$_callTestCase_closure1.call(CallTestCaseKeyword.groovy)
	at com.kms.katalon.core.keyword.internal.KeywordMain.runKeyword(KeywordMain.groovy:74)
	at com.kms.katalon.core.keyword.builtin.CallTestCaseKeyword.callTestCase(CallTestCaseKeyword.groovy:81)
	at com.kms.katalon.core.keyword.builtin.CallTestCaseKeyword.execute(CallTestCaseKeyword.groovy:44)
	at com.kms.katalon.core.keyword.internal.KeywordExecutor.executeKeywordForPlatform(KeywordExecutor.groovy:74)
	at com.kms.katalon.core.keyword.BuiltinKeywords.callTestCase(BuiltinKeywords.groovy:334)
	at Create folder without title.run(Create folder without title:24)
	at com.kms.katalon.core.main.ScriptEngine.run(ScriptEngine.java:194)
	at com.kms.katalon.core.main.ScriptEngine.runScriptAsRawText(ScriptEngine.java:119)
	at com.kms.katalon.core.main.TestCaseExecutor.runScript(TestCaseExecutor.java:442)
	at com.kms.katalon.core.main.TestCaseExecutor.doExecute(TestCaseExecutor.java:433)
	at com.kms.katalon.core.main.TestCaseExecutor.processExecutionPhase(TestCaseExecutor.java:412)
	at com.kms.katalon.core.main.TestCaseExecutor.accessMainPhase(TestCaseExecutor.java:404)
	at com.kms.katalon.core.main.TestCaseExecutor.execute(TestCaseExecutor.java:281)
	at com.kms.katalon.core.main.TestCaseExecutor.execute(TestCaseExecutor.java:363)
	at com.kms.katalon.core.main.TestCaseExecutor.execute(TestCaseExecutor.java:363)
	at com.kms.katalon.core.main.TestCaseExecutor.execute(TestCaseExecutor.java:363)
	at com.kms.katalon.core.main.TestSuiteExecutor.accessTestCaseMainPhase(TestSuiteExecutor.java:202)
	at com.kms.katalon.core.main.TestSuiteExecutor.accessTestSuiteMainPhase(TestSuiteExecutor.java:164)
	at com.kms.katalon.core.main.TestSuiteExecutor.execute(TestSuiteExecutor.java:105)
	at com.kms.katalon.core.main.TestCaseMain.startTestSuite(TestCaseMain.java:181)
	at com.kms.katalon.core.main.TestCaseMain$startTestSuite$0.call(Unknown Source)
	at TempTestSuite1642335656208.run(TempTestSuite1642335656208.groovy:36)
Caused by: com.kms.katalon.core.exception.StepFailedException: Unable to click on object 'Object Repository/Utils/Page_CNPM Danh sch thnh vin/span_Teacher Nguyen'
	at com.kms.katalon.core.webui.keyword.internal.WebUIKeywordMain.stepFailed(WebUIKeywordMain.groovy:64)
	at com.kms.katalon.core.webui.keyword.internal.WebUIKeywordMain.runKeyword(WebUIKeywordMain.groovy:26)
	at com.kms.katalon.core.webui.keyword.builtin.ClickKeyword.click(ClickKeyword.groovy:74)
	at com.kms.katalon.core.webui.keyword.builtin.ClickKeyword.execute(ClickKeyword.groovy:40)
	at com.kms.katalon.core.keyword.internal.KeywordExecutor.executeKeywordForPlatform(KeywordExecutor.groovy:74)
	at com.kms.katalon.core.webui.keyword.WebUiBuiltInKeywords.click(WebUiBuiltInKeywords.groovy:620)
	at com.kms.katalon.core.webui.keyword.WebUiBuiltInKeywords$click$1.call(Unknown Source)
	at Create course CNPM.run(Create course CNPM:48)
	at com.kms.katalon.core.main.ScriptEngine.run(ScriptEngine.java:194)
	at com.kms.katalon.core.main.ScriptEngine.runScriptAsRawText(ScriptEngine.java:119)
	at com.kms.katalon.core.main.TestCaseExecutor.runScript(TestCaseExecutor.java:442)
	at com.kms.katalon.core.main.TestCaseExecutor.doExecute(TestCaseExecutor.java:433)
	at com.kms.katalon.core.main.TestCaseExecutor.processExecutionPhase(TestCaseExecutor.java:412)
	at com.kms.katalon.core.main.TestCaseExecutor.accessMainPhase(TestCaseExecutor.java:404)
	at com.kms.katalon.core.main.TestCaseExecutor.execute(TestCaseExecutor.java:281)
	at com.kms.katalon.core.main.TestCaseMain.runTestCase(TestCaseMain.java:138)
	at com.kms.katalon.core.keyword.builtin.CallTestCaseKeyword$_callTestCase_closure1.doCall(CallTestCaseKeyword.groovy:59)
	... 23 more
Caused by: org.openqa.selenium.ElementNotInteractableException: element not interactable
  (Session info: MicrosoftEdge=97.0.1072.62)
Build info: version: '3.141.59', revision: 'e82be7d358', time: '2018-11-14T08:25:53'
System info: host: 'DESKTOP-11TAGP6', ip: '192.168.56.1', os.name: 'Windows 10', os.arch: 'amd64', os.version: '10.0', java.version: '1.8.0_282'
Driver info: com.kms.katalon.selenium.driver.CEdgeDriver
Capabilities {acceptInsecureCerts: false, browserName: msedge, browserVersion: 97.0.1072.62, javascriptEnabled: true, ms:edgeOptions: {debuggerAddress: localhost:58252}, msedge: {msedgedriverVersion: 97.0.1072.55 (ce3bf33648805..., userDataDir: C:\Users\W10\AppData\Local\...}, networkConnectionEnabled: false, pageLoadStrategy: normal, platform: WINDOWS, platformName: WINDOWS, proxy: Proxy(), setWindowRect: true, strictFileInteractability: false, timeouts: {implicit: 0, pageLoad: 300000, script: 30000}, unhandledPromptBehavior: dismiss and notify, webauthn:extension:credBlob: true, webauthn:extension:largeBlob: true, webauthn:virtualAuthenticators: true}
Session ID: 38c81731d39681cf741e99f5ae1efa46
	at org.openqa.selenium.remote.http.W3CHttpResponseCodec.createException(W3CHttpResponseCodec.java:187)
	at org.openqa.selenium.remote.http.W3CHttpResponseCodec.decode(W3CHttpResponseCodec.java:122)
	at org.openqa.selenium.remote.http.W3CHttpResponseCodec.decode(W3CHttpResponseCodec.java:49)
	at org.openqa.selenium.remote.HttpCommandExecutor.execute(HttpCommandExecutor.java:158)
	at org.openqa.selenium.remote.service.DriverCommandExecutor.execute(DriverCommandExecutor.java:83)
	at org.openqa.selenium.remote.RemoteWebDriver.execute(RemoteWebDriver.java:552)
	at com.kms.katalon.selenium.driver.CEdgeDriver.execute(CEdgeDriver.java:20)
	at org.openqa.selenium.remote.RemoteWebElement.execute(RemoteWebElement.java:285)
	at org.openqa.selenium.remote.RemoteWebElement.click(RemoteWebElement.java:84)
	at org.openqa.selenium.support.events.EventFiringWebDriver$EventFiringWebElement.lambda$new$0(EventFiringWebDriver.java:404)
	at com.sun.proxy.$Proxy11.click(Unknown Source)
	at org.openqa.selenium.support.events.EventFiringWebDriver$EventFiringWebElement.click(EventFiringWebDriver.java:417)
	at org.openqa.selenium.WebElement$click.call(Unknown Source)
	at com.kms.katalon.core.webui.keyword.builtin.ClickKeyword.clickUntilSuccessWithTimeout(ClickKeyword.groovy:81)
	at com.kms.katalon.core.webui.keyword.builtin.ClickKeyword.clickUntilSuccessWithTimeout(ClickKeyword.groovy)
	at com.kms.katalon.core.webui.keyword.builtin.ClickKeyword$_click_closure1.doCall(ClickKeyword.groovy:67)
	at com.kms.katalon.core.webui.keyword.builtin.ClickKeyword$_click_closure1.call(ClickKeyword.groovy)
	at com.kms.katalon.core.webui.keyword.internal.WebUIKeywordMain.runKeyword(WebUIKeywordMain.groovy:20)
	... 38 more
)]]></system-out>
         <system-err><![CDATA[2022-01-16 21:12:06 - [TEST_CASE][FAILED] - Test Cases/Create folder and quiz/Create folder without title: Test Cases/Create folder and quiz/Create folder without title FAILED.
Reason:
com.kms.katalon.core.exception.StepFailedException: Call Test Case 'Test Cases/Utils/Create course CNPM' failed
	at com.kms.katalon.core.keyword.builtin.CallTestCaseKeyword$_callTestCase_closure1.doCall(CallTestCaseKeyword.groovy:63)
	at com.kms.katalon.core.keyword.builtin.CallTestCaseKeyword$_callTestCase_closure1.call(CallTestCaseKeyword.groovy)
	at com.kms.katalon.core.keyword.internal.KeywordMain.runKeyword(KeywordMain.groovy:74)
	at com.kms.katalon.core.keyword.builtin.CallTestCaseKeyword.callTestCase(CallTestCaseKeyword.groovy:81)
	at com.kms.katalon.core.keyword.builtin.CallTestCaseKeyword.execute(CallTestCaseKeyword.groovy:44)
	at com.kms.katalon.core.keyword.internal.KeywordExecutor.executeKeywordForPlatform(KeywordExecutor.groovy:74)
	at com.kms.katalon.core.keyword.BuiltinKeywords.callTestCase(BuiltinKeywords.groovy:334)
	at Create folder without title.run(Create folder without title:24)
	at com.kms.katalon.core.main.ScriptEngine.run(ScriptEngine.java:194)
	at com.kms.katalon.core.main.ScriptEngine.runScriptAsRawText(ScriptEngine.java:119)
	at com.kms.katalon.core.main.TestCaseExecutor.runScript(TestCaseExecutor.java:442)
	at com.kms.katalon.core.main.TestCaseExecutor.doExecute(TestCaseExecutor.java:433)
	at com.kms.katalon.core.main.TestCaseExecutor.processExecutionPhase(TestCaseExecutor.java:412)
	at com.kms.katalon.core.main.TestCaseExecutor.accessMainPhase(TestCaseExecutor.java:404)
	at com.kms.katalon.core.main.TestCaseExecutor.execute(TestCaseExecutor.java:281)
	at com.kms.katalon.core.main.TestCaseExecutor.execute(TestCaseExecutor.java:363)
	at com.kms.katalon.core.main.TestCaseExecutor.execute(TestCaseExecutor.java:363)
	at com.kms.katalon.core.main.TestCaseExecutor.execute(TestCaseExecutor.java:363)
	at com.kms.katalon.core.main.TestSuiteExecutor.accessTestCaseMainPhase(TestSuiteExecutor.java:202)
	at com.kms.katalon.core.main.TestSuiteExecutor.accessTestSuiteMainPhase(TestSuiteExecutor.java:164)
	at com.kms.katalon.core.main.TestSuiteExecutor.execute(TestSuiteExecutor.java:105)
	at com.kms.katalon.core.main.TestCaseMain.startTestSuite(TestCaseMain.java:181)
	at com.kms.katalon.core.main.TestCaseMain$startTestSuite$0.call(Unknown Source)
	at TempTestSuite1642335656208.run(TempTestSuite1642335656208.groovy:36)
Caused by: com.kms.katalon.core.exception.StepFailedException: Unable to click on object 'Object Repository/Utils/Page_CNPM Danh sch thnh vin/span_Teacher Nguyen'
	at com.kms.katalon.core.webui.keyword.internal.WebUIKeywordMain.stepFailed(WebUIKeywordMain.groovy:64)
	at com.kms.katalon.core.webui.keyword.internal.WebUIKeywordMain.runKeyword(WebUIKeywordMain.groovy:26)
	at com.kms.katalon.core.webui.keyword.builtin.ClickKeyword.click(ClickKeyword.groovy:74)
	at com.kms.katalon.core.webui.keyword.builtin.ClickKeyword.execute(ClickKeyword.groovy:40)
	at com.kms.katalon.core.keyword.internal.KeywordExecutor.executeKeywordForPlatform(KeywordExecutor.groovy:74)
	at com.kms.katalon.core.webui.keyword.WebUiBuiltInKeywords.click(WebUiBuiltInKeywords.groovy:620)
	at com.kms.katalon.core.webui.keyword.WebUiBuiltInKeywords$click$1.call(Unknown Source)
	at Create course CNPM.run(Create course CNPM:48)
	at com.kms.katalon.core.main.ScriptEngine.run(ScriptEngine.java:194)
	at com.kms.katalon.core.main.ScriptEngine.runScriptAsRawText(ScriptEngine.java:119)
	at com.kms.katalon.core.main.TestCaseExecutor.runScript(TestCaseExecutor.java:442)
	at com.kms.katalon.core.main.TestCaseExecutor.doExecute(TestCaseExecutor.java:433)
	at com.kms.katalon.core.main.TestCaseExecutor.processExecutionPhase(TestCaseExecutor.java:412)
	at com.kms.katalon.core.main.TestCaseExecutor.accessMainPhase(TestCaseExecutor.java:404)
	at com.kms.katalon.core.main.TestCaseExecutor.execute(TestCaseExecutor.java:281)
	at com.kms.katalon.core.main.TestCaseMain.runTestCase(TestCaseMain.java:138)
	at com.kms.katalon.core.keyword.builtin.CallTestCaseKeyword$_callTestCase_closure1.doCall(CallTestCaseKeyword.groovy:59)
	... 23 more
Caused by: org.openqa.selenium.ElementNotInteractableException: element not interactable
  (Session info: MicrosoftEdge=97.0.1072.62)
Build info: version: '3.141.59', revision: 'e82be7d358', time: '2018-11-14T08:25:53'
System info: host: 'DESKTOP-11TAGP6', ip: '192.168.56.1', os.name: 'Windows 10', os.arch: 'amd64', os.version: '10.0', java.version: '1.8.0_282'
Driver info: com.kms.katalon.selenium.driver.CEdgeDriver
Capabilities {acceptInsecureCerts: false, browserName: msedge, browserVersion: 97.0.1072.62, javascriptEnabled: true, ms:edgeOptions: {debuggerAddress: localhost:58252}, msedge: {msedgedriverVersion: 97.0.1072.55 (ce3bf33648805..., userDataDir: C:\Users\W10\AppData\Local\...}, networkConnectionEnabled: false, pageLoadStrategy: normal, platform: WINDOWS, platformName: WINDOWS, proxy: Proxy(), setWindowRect: true, strictFileInteractability: false, timeouts: {implicit: 0, pageLoad: 300000, script: 30000}, unhandledPromptBehavior: dismiss and notify, webauthn:extension:credBlob: true, webauthn:extension:largeBlob: true, webauthn:virtualAuthenticators: true}
Session ID: 38c81731d39681cf741e99f5ae1efa46
	at org.openqa.selenium.remote.http.W3CHttpResponseCodec.createException(W3CHttpResponseCodec.java:187)
	at org.openqa.selenium.remote.http.W3CHttpResponseCodec.decode(W3CHttpResponseCodec.java:122)
	at org.openqa.selenium.remote.http.W3CHttpResponseCodec.decode(W3CHttpResponseCodec.java:49)
	at org.openqa.selenium.remote.HttpCommandExecutor.execute(HttpCommandExecutor.java:158)
	at org.openqa.selenium.remote.service.DriverCommandExecutor.execute(DriverCommandExecutor.java:83)
	at org.openqa.selenium.remote.RemoteWebDriver.execute(RemoteWebDriver.java:552)
	at com.kms.katalon.selenium.driver.CEdgeDriver.execute(CEdgeDriver.java:20)
	at org.openqa.selenium.remote.RemoteWebElement.execute(RemoteWebElement.java:285)
	at org.openqa.selenium.remote.RemoteWebElement.click(RemoteWebElement.java:84)
	at org.openqa.selenium.support.events.EventFiringWebDriver$EventFiringWebElement.lambda$new$0(EventFiringWebDriver.java:404)
	at com.sun.proxy.$Proxy11.click(Unknown Source)
	at org.openqa.selenium.support.events.EventFiringWebDriver$EventFiringWebElement.click(EventFiringWebDriver.java:417)
	at org.openqa.selenium.WebElement$click.call(Unknown Source)
	at com.kms.katalon.core.webui.keyword.builtin.ClickKeyword.clickUntilSuccessWithTimeout(ClickKeyword.groovy:81)
	at com.kms.katalon.core.webui.keyword.builtin.ClickKeyword.clickUntilSuccessWithTimeout(ClickKeyword.groovy)
	at com.kms.katalon.core.webui.keyword.builtin.ClickKeyword$_click_closure1.doCall(ClickKeyword.groovy:67)
	at com.kms.katalon.core.webui.keyword.builtin.ClickKeyword$_click_closure1.call(ClickKeyword.groovy)
	at com.kms.katalon.core.webui.keyword.internal.WebUIKeywordMain.runKeyword(WebUIKeywordMain.groovy:20)
	... 38 more]]></system-err>
      </testcase>
      <testcase name="Test Cases/Create folder and quiz/Create folder" time="46.185" classname="Test Cases/Create folder and quiz/Create folder" status="FAILED">
         <failure type="FAILED" message="Test Cases/Create folder and quiz/Create folder FAILED.
Reason:
com.kms.katalon.core.exception.StepFailedException: Call Test Case 'Test Cases/Utils/Create course CNPM' failed
	at com.kms.katalon.core.keyword.builtin.CallTestCaseKeyword$_callTestCase_closure1.doCall(CallTestCaseKeyword.groovy:63)
	at com.kms.katalon.core.keyword.builtin.CallTestCaseKeyword$_callTestCase_closure1.call(CallTestCaseKeyword.groovy)
	at com.kms.katalon.core.keyword.internal.KeywordMain.runKeyword(KeywordMain.groovy:74)
	at com.kms.katalon.core.keyword.builtin.CallTestCaseKeyword.callTestCase(CallTestCaseKeyword.groovy:81)
	at com.kms.katalon.core.keyword.builtin.CallTestCaseKeyword.execute(CallTestCaseKeyword.groovy:44)
	at com.kms.katalon.core.keyword.internal.KeywordExecutor.executeKeywordForPlatform(KeywordExecutor.groovy:74)
	at com.kms.katalon.core.keyword.BuiltinKeywords.callTestCase(BuiltinKeywords.groovy:334)
	at Create folder.run(Create folder:24)
	at com.kms.katalon.core.main.ScriptEngine.run(ScriptEngine.java:194)
	at com.kms.katalon.core.main.ScriptEngine.runScriptAsRawText(ScriptEngine.java:119)
	at com.kms.katalon.core.main.TestCaseExecutor.runScript(TestCaseExecutor.java:442)
	at com.kms.katalon.core.main.TestCaseExecutor.doExecute(TestCaseExecutor.java:433)
	at com.kms.katalon.core.main.TestCaseExecutor.processExecutionPhase(TestCaseExecutor.java:412)
	at com.kms.katalon.core.main.TestCaseExecutor.accessMainPhase(TestCaseExecutor.java:404)
	at com.kms.katalon.core.main.TestCaseExecutor.execute(TestCaseExecutor.java:281)
	at com.kms.katalon.core.main.TestCaseExecutor.execute(TestCaseExecutor.java:363)
	at com.kms.katalon.core.main.TestCaseExecutor.execute(TestCaseExecutor.java:363)
	at com.kms.katalon.core.main.TestCaseExecutor.execute(TestCaseExecutor.java:363)
	at com.kms.katalon.core.main.TestSuiteExecutor.accessTestCaseMainPhase(TestSuiteExecutor.java:202)
	at com.kms.katalon.core.main.TestSuiteExecutor.accessTestSuiteMainPhase(TestSuiteExecutor.java:164)
	at com.kms.katalon.core.main.TestSuiteExecutor.execute(TestSuiteExecutor.java:105)
	at com.kms.katalon.core.main.TestCaseMain.startTestSuite(TestCaseMain.java:181)
	at com.kms.katalon.core.main.TestCaseMain$startTestSuite$0.call(Unknown Source)
	at TempTestSuite1642335656208.run(TempTestSuite1642335656208.groovy:36)
Caused by: com.kms.katalon.core.exception.StepFailedException: Unable to click on object 'Object Repository/Utils/Page_CNPM Danh sch thnh vin/input_Danh sch thnh vin_btn btn-secondary my-1'
	at com.kms.katalon.core.webui.keyword.internal.WebUIKeywordMain.stepFailed(WebUIKeywordMain.groovy:64)
	at com.kms.katalon.core.webui.keyword.internal.WebUIKeywordMain.runKeyword(WebUIKeywordMain.groovy:26)
	at com.kms.katalon.core.webui.keyword.builtin.ClickKeyword.click(ClickKeyword.groovy:74)
	at com.kms.katalon.core.webui.keyword.builtin.ClickKeyword.execute(ClickKeyword.groovy:40)
	at com.kms.katalon.core.keyword.internal.KeywordExecutor.executeKeywordForPlatform(KeywordExecutor.groovy:74)
	at com.kms.katalon.core.webui.keyword.WebUiBuiltInKeywords.click(WebUiBuiltInKeywords.groovy:620)
	at com.kms.katalon.core.webui.keyword.WebUiBuiltInKeywords$click$1.call(Unknown Source)
	at Create course CNPM.run(Create course CNPM:36)
	at com.kms.katalon.core.main.ScriptEngine.run(ScriptEngine.java:194)
	at com.kms.katalon.core.main.ScriptEngine.runScriptAsRawText(ScriptEngine.java:119)
	at com.kms.katalon.core.main.TestCaseExecutor.runScript(TestCaseExecutor.java:442)
	at com.kms.katalon.core.main.TestCaseExecutor.doExecute(TestCaseExecutor.java:433)
	at com.kms.katalon.core.main.TestCaseExecutor.processExecutionPhase(TestCaseExecutor.java:412)
	at com.kms.katalon.core.main.TestCaseExecutor.accessMainPhase(TestCaseExecutor.java:404)
	at com.kms.katalon.core.main.TestCaseExecutor.execute(TestCaseExecutor.java:281)
	at com.kms.katalon.core.main.TestCaseMain.runTestCase(TestCaseMain.java:138)
	at com.kms.katalon.core.keyword.builtin.CallTestCaseKeyword$_callTestCase_closure1.doCall(CallTestCaseKeyword.groovy:59)
	... 23 more
Caused by: com.kms.katalon.core.webui.exception.WebElementNotFoundException: Web element with id: 'Object Repository/Utils/Page_CNPM Danh sch thnh vin/input_Danh sch thnh vin_btn btn-secondary my-1' located by '//input[@value='Ghi danh người dùng']' not found
	at com.kms.katalon.core.webui.common.WebUiCommonHelper.findWebElement(WebUiCommonHelper.java:1368)
	at com.kms.katalon.core.webui.keyword.internal.WebUIAbstractKeyword.findWebElement(WebUIAbstractKeyword.groovy:27)
	at com.kms.katalon.core.webui.keyword.builtin.ClickKeyword$_click_closure1.doCall(ClickKeyword.groovy:65)
	at com.kms.katalon.core.webui.keyword.builtin.ClickKeyword$_click_closure1.call(ClickKeyword.groovy)
	at com.kms.katalon.core.webui.keyword.internal.WebUIKeywordMain.runKeyword(WebUIKeywordMain.groovy:20)
	... 38 more
"/>
         <system-out><![CDATA[2022-01-16 21:16:38 - [TEST_CASE][FAILED] - Test Cases/Create folder and quiz/Create folder: Test Cases/Create folder and quiz/Create folder FAILED.
Reason:
com.kms.katalon.core.exception.StepFailedException: Call Test Case 'Test Cases/Utils/Create course CNPM' failed
	at com.kms.katalon.core.keyword.builtin.CallTestCaseKeyword$_callTestCase_closure1.doCall(CallTestCaseKeyword.groovy:63)
	at com.kms.katalon.core.keyword.builtin.CallTestCaseKeyword$_callTestCase_closure1.call(CallTestCaseKeyword.groovy)
	at com.kms.katalon.core.keyword.internal.KeywordMain.runKeyword(KeywordMain.groovy:74)
	at com.kms.katalon.core.keyword.builtin.CallTestCaseKeyword.callTestCase(CallTestCaseKeyword.groovy:81)
	at com.kms.katalon.core.keyword.builtin.CallTestCaseKeyword.execute(CallTestCaseKeyword.groovy:44)
	at com.kms.katalon.core.keyword.internal.KeywordExecutor.executeKeywordForPlatform(KeywordExecutor.groovy:74)
	at com.kms.katalon.core.keyword.BuiltinKeywords.callTestCase(BuiltinKeywords.groovy:334)
	at Create folder.run(Create folder:24)
	at com.kms.katalon.core.main.ScriptEngine.run(ScriptEngine.java:194)
	at com.kms.katalon.core.main.ScriptEngine.runScriptAsRawText(ScriptEngine.java:119)
	at com.kms.katalon.core.main.TestCaseExecutor.runScript(TestCaseExecutor.java:442)
	at com.kms.katalon.core.main.TestCaseExecutor.doExecute(TestCaseExecutor.java:433)
	at com.kms.katalon.core.main.TestCaseExecutor.processExecutionPhase(TestCaseExecutor.java:412)
	at com.kms.katalon.core.main.TestCaseExecutor.accessMainPhase(TestCaseExecutor.java:404)
	at com.kms.katalon.core.main.TestCaseExecutor.execute(TestCaseExecutor.java:281)
	at com.kms.katalon.core.main.TestCaseExecutor.execute(TestCaseExecutor.java:363)
	at com.kms.katalon.core.main.TestCaseExecutor.execute(TestCaseExecutor.java:363)
	at com.kms.katalon.core.main.TestCaseExecutor.execute(TestCaseExecutor.java:363)
	at com.kms.katalon.core.main.TestSuiteExecutor.accessTestCaseMainPhase(TestSuiteExecutor.java:202)
	at com.kms.katalon.core.main.TestSuiteExecutor.accessTestSuiteMainPhase(TestSuiteExecutor.java:164)
	at com.kms.katalon.core.main.TestSuiteExecutor.execute(TestSuiteExecutor.java:105)
	at com.kms.katalon.core.main.TestCaseMain.startTestSuite(TestCaseMain.java:181)
	at com.kms.katalon.core.main.TestCaseMain$startTestSuite$0.call(Unknown Source)
	at TempTestSuite1642335656208.run(TempTestSuite1642335656208.groovy:36)
Caused by: com.kms.katalon.core.exception.StepFailedException: Unable to click on object 'Object Repository/Utils/Page_CNPM Danh sch thnh vin/input_Danh sch thnh vin_btn btn-secondary my-1'
	at com.kms.katalon.core.webui.keyword.internal.WebUIKeywordMain.stepFailed(WebUIKeywordMain.groovy:64)
	at com.kms.katalon.core.webui.keyword.internal.WebUIKeywordMain.runKeyword(WebUIKeywordMain.groovy:26)
	at com.kms.katalon.core.webui.keyword.builtin.ClickKeyword.click(ClickKeyword.groovy:74)
	at com.kms.katalon.core.webui.keyword.builtin.ClickKeyword.execute(ClickKeyword.groovy:40)
	at com.kms.katalon.core.keyword.internal.KeywordExecutor.executeKeywordForPlatform(KeywordExecutor.groovy:74)
	at com.kms.katalon.core.webui.keyword.WebUiBuiltInKeywords.click(WebUiBuiltInKeywords.groovy:620)
	at com.kms.katalon.core.webui.keyword.WebUiBuiltInKeywords$click$1.call(Unknown Source)
	at Create course CNPM.run(Create course CNPM:36)
	at com.kms.katalon.core.main.ScriptEngine.run(ScriptEngine.java:194)
	at com.kms.katalon.core.main.ScriptEngine.runScriptAsRawText(ScriptEngine.java:119)
	at com.kms.katalon.core.main.TestCaseExecutor.runScript(TestCaseExecutor.java:442)
	at com.kms.katalon.core.main.TestCaseExecutor.doExecute(TestCaseExecutor.java:433)
	at com.kms.katalon.core.main.TestCaseExecutor.processExecutionPhase(TestCaseExecutor.java:412)
	at com.kms.katalon.core.main.TestCaseExecutor.accessMainPhase(TestCaseExecutor.java:404)
	at com.kms.katalon.core.main.TestCaseExecutor.execute(TestCaseExecutor.java:281)
	at com.kms.katalon.core.main.TestCaseMain.runTestCase(TestCaseMain.java:138)
	at com.kms.katalon.core.keyword.builtin.CallTestCaseKeyword$_callTestCase_closure1.doCall(CallTestCaseKeyword.groovy:59)
	... 23 more
Caused by: com.kms.katalon.core.webui.exception.WebElementNotFoundException: Web element with id: 'Object Repository/Utils/Page_CNPM Danh sch thnh vin/input_Danh sch thnh vin_btn btn-secondary my-1' located by '//input[@value='Ghi danh người dùng']' not found
	at com.kms.katalon.core.webui.common.WebUiCommonHelper.findWebElement(WebUiCommonHelper.java:1368)
	at com.kms.katalon.core.webui.keyword.internal.WebUIAbstractKeyword.findWebElement(WebUIAbstractKeyword.groovy:27)
	at com.kms.katalon.core.webui.keyword.builtin.ClickKeyword$_click_closure1.doCall(ClickKeyword.groovy:65)
	at com.kms.katalon.core.webui.keyword.builtin.ClickKeyword$_click_closure1.call(ClickKeyword.groovy)
	at com.kms.katalon.core.webui.keyword.internal.WebUIKeywordMain.runKeyword(WebUIKeywordMain.groovy:20)
	... 38 more


2022-01-16 21:16:38 - [TEST_STEP][PASSED] - openBrowser(""): Browser is opened with url: ''

2022-01-16 21:16:38 - [MESSAGE][WARNING] - A browser is already opened. Closing browser and opening a new one

2022-01-16 21:16:39 - [MESSAGE][INFO] - Starting 'Edge Chromium' driver

2022-01-16 21:16:41 - [MESSAGE][INFO] - Action delay is set to 0 milliseconds

2022-01-16 21:16:43 - [MESSAGE][PASSED] - Browser is opened with url: ''

2022-01-16 21:16:43 - [TEST_STEP][PASSED] - navigateToUrl("http://localhost/"): Navigate to 'http://localhost/' successfully

2022-01-16 21:16:45 - [MESSAGE][PASSED] - Navigate to 'http://localhost/' successfully

2022-01-16 21:16:45 - [TEST_STEP][FAILED] - callTestCase(findTestCase("Utils/Create course CNPM"), [:], STOP_ON_FAILURE): Unable to call Test Case 'Test Cases/Utils/Create course CNPM' (Root cause: com.kms.katalon.core.exception.StepFailedException: Call Test Case 'Test Cases/Utils/Create course CNPM' failed
	at com.kms.katalon.core.keyword.builtin.CallTestCaseKeyword$_callTestCase_closure1.doCall(CallTestCaseKeyword.groovy:63)
	at com.kms.katalon.core.keyword.builtin.CallTestCaseKeyword$_callTestCase_closure1.call(CallTestCaseKeyword.groovy)
	at com.kms.katalon.core.keyword.internal.KeywordMain.runKeyword(KeywordMain.groovy:74)
	at com.kms.katalon.core.keyword.builtin.CallTestCaseKeyword.callTestCase(CallTestCaseKeyword.groovy:81)
	at com.kms.katalon.core.keyword.builtin.CallTestCaseKeyword.execute(CallTestCaseKeyword.groovy:44)
	at com.kms.katalon.core.keyword.internal.KeywordExecutor.executeKeywordForPlatform(KeywordExecutor.groovy:74)
	at com.kms.katalon.core.keyword.BuiltinKeywords.callTestCase(BuiltinKeywords.groovy:334)
	at Create folder.run(Create folder:24)
	at com.kms.katalon.core.main.ScriptEngine.run(ScriptEngine.java:194)
	at com.kms.katalon.core.main.ScriptEngine.runScriptAsRawText(ScriptEngine.java:119)
	at com.kms.katalon.core.main.TestCaseExecutor.runScript(TestCaseExecutor.java:442)
	at com.kms.katalon.core.main.TestCaseExecutor.doExecute(TestCaseExecutor.java:433)
	at com.kms.katalon.core.main.TestCaseExecutor.processExecutionPhase(TestCaseExecutor.java:412)
	at com.kms.katalon.core.main.TestCaseExecutor.accessMainPhase(TestCaseExecutor.java:404)
	at com.kms.katalon.core.main.TestCaseExecutor.execute(TestCaseExecutor.java:281)
	at com.kms.katalon.core.main.TestCaseExecutor.execute(TestCaseExecutor.java:363)
	at com.kms.katalon.core.main.TestCaseExecutor.execute(TestCaseExecutor.java:363)
	at com.kms.katalon.core.main.TestCaseExecutor.execute(TestCaseExecutor.java:363)
	at com.kms.katalon.core.main.TestSuiteExecutor.accessTestCaseMainPhase(TestSuiteExecutor.java:202)
	at com.kms.katalon.core.main.TestSuiteExecutor.accessTestSuiteMainPhase(TestSuiteExecutor.java:164)
	at com.kms.katalon.core.main.TestSuiteExecutor.execute(TestSuiteExecutor.java:105)
	at com.kms.katalon.core.main.TestCaseMain.startTestSuite(TestCaseMain.java:181)
	at com.kms.katalon.core.main.TestCaseMain$startTestSuite$0.call(Unknown Source)
	at TempTestSuite1642335656208.run(TempTestSuite1642335656208.groovy:36)
Caused by: com.kms.katalon.core.exception.StepFailedException: Unable to click on object 'Object Repository/Utils/Page_CNPM Danh sch thnh vin/input_Danh sch thnh vin_btn btn-secondary my-1'
	at com.kms.katalon.core.webui.keyword.internal.WebUIKeywordMain.stepFailed(WebUIKeywordMain.groovy:64)
	at com.kms.katalon.core.webui.keyword.internal.WebUIKeywordMain.runKeyword(WebUIKeywordMain.groovy:26)
	at com.kms.katalon.core.webui.keyword.builtin.ClickKeyword.click(ClickKeyword.groovy:74)
	at com.kms.katalon.core.webui.keyword.builtin.ClickKeyword.execute(ClickKeyword.groovy:40)
	at com.kms.katalon.core.keyword.internal.KeywordExecutor.executeKeywordForPlatform(KeywordExecutor.groovy:74)
	at com.kms.katalon.core.webui.keyword.WebUiBuiltInKeywords.click(WebUiBuiltInKeywords.groovy:620)
	at com.kms.katalon.core.webui.keyword.WebUiBuiltInKeywords$click$1.call(Unknown Source)
	at Create course CNPM.run(Create course CNPM:36)
	at com.kms.katalon.core.main.ScriptEngine.run(ScriptEngine.java:194)
	at com.kms.katalon.core.main.ScriptEngine.runScriptAsRawText(ScriptEngine.java:119)
	at com.kms.katalon.core.main.TestCaseExecutor.runScript(TestCaseExecutor.java:442)
	at com.kms.katalon.core.main.TestCaseExecutor.doExecute(TestCaseExecutor.java:433)
	at com.kms.katalon.core.main.TestCaseExecutor.processExecutionPhase(TestCaseExecutor.java:412)
	at com.kms.katalon.core.main.TestCaseExecutor.accessMainPhase(TestCaseExecutor.java:404)
	at com.kms.katalon.core.main.TestCaseExecutor.execute(TestCaseExecutor.java:281)
	at com.kms.katalon.core.main.TestCaseMain.runTestCase(TestCaseMain.java:138)
	at com.kms.katalon.core.keyword.builtin.CallTestCaseKeyword$_callTestCase_closure1.doCall(CallTestCaseKeyword.groovy:59)
	... 23 more
Caused by: com.kms.katalon.core.webui.exception.WebElementNotFoundException: Web element with id: 'Object Repository/Utils/Page_CNPM Danh sch thnh vin/input_Danh sch thnh vin_btn btn-secondary my-1' located by '//input[@value='Ghi danh người dùng']' not found
	at com.kms.katalon.core.webui.common.WebUiCommonHelper.findWebElement(WebUiCommonHelper.java:1368)
	at com.kms.katalon.core.webui.keyword.internal.WebUIAbstractKeyword.findWebElement(WebUIAbstractKeyword.groovy:27)
	at com.kms.katalon.core.webui.keyword.builtin.ClickKeyword$_click_closure1.doCall(ClickKeyword.groovy:65)
	at com.kms.katalon.core.webui.keyword.builtin.ClickKeyword$_click_closure1.call(ClickKeyword.groovy)
	at com.kms.katalon.core.webui.keyword.internal.WebUIKeywordMain.runKeyword(WebUIKeywordMain.groovy:20)
	... 38 more
)

2022-01-16 21:16:45 - [TEST_CASE][FAILED] - Test Cases/Utils/Create course CNPM: Test Cases/Utils/Create course CNPM FAILED.
Reason:
com.kms.katalon.core.exception.StepFailedException: Unable to click on object 'Object Repository/Utils/Page_CNPM Danh sch thnh vin/input_Danh sch thnh vin_btn btn-secondary my-1'
	at com.kms.katalon.core.webui.keyword.internal.WebUIKeywordMain.stepFailed(WebUIKeywordMain.groovy:64)
	at com.kms.katalon.core.webui.keyword.internal.WebUIKeywordMain.runKeyword(WebUIKeywordMain.groovy:26)
	at com.kms.katalon.core.webui.keyword.builtin.ClickKeyword.click(ClickKeyword.groovy:74)
	at com.kms.katalon.core.webui.keyword.builtin.ClickKeyword.execute(ClickKeyword.groovy:40)
	at com.kms.katalon.core.keyword.internal.KeywordExecutor.executeKeywordForPlatform(KeywordExecutor.groovy:74)
	at com.kms.katalon.core.webui.keyword.WebUiBuiltInKeywords.click(WebUiBuiltInKeywords.groovy:620)
	at com.kms.katalon.core.webui.keyword.WebUiBuiltInKeywords$click$1.call(Unknown Source)
	at Create course CNPM.run(Create course CNPM:36)
	at com.kms.katalon.core.main.ScriptEngine.run(ScriptEngine.java:194)
	at com.kms.katalon.core.main.ScriptEngine.runScriptAsRawText(ScriptEngine.java:119)
	at com.kms.katalon.core.main.TestCaseExecutor.runScript(TestCaseExecutor.java:442)
	at com.kms.katalon.core.main.TestCaseExecutor.doExecute(TestCaseExecutor.java:433)
	at com.kms.katalon.core.main.TestCaseExecutor.processExecutionPhase(TestCaseExecutor.java:412)
	at com.kms.katalon.core.main.TestCaseExecutor.accessMainPhase(TestCaseExecutor.java:404)
	at com.kms.katalon.core.main.TestCaseExecutor.execute(TestCaseExecutor.java:281)
	at com.kms.katalon.core.main.TestCaseMain.runTestCase(TestCaseMain.java:138)
	at com.kms.katalon.core.keyword.builtin.CallTestCaseKeyword$_callTestCase_closure1.doCall(CallTestCaseKeyword.groovy:59)
	at com.kms.katalon.core.keyword.builtin.CallTestCaseKeyword$_callTestCase_closure1.call(CallTestCaseKeyword.groovy)
	at com.kms.katalon.core.keyword.internal.KeywordMain.runKeyword(KeywordMain.groovy:74)
	at com.kms.katalon.core.keyword.builtin.CallTestCaseKeyword.callTestCase(CallTestCaseKeyword.groovy:81)
	at com.kms.katalon.core.keyword.builtin.CallTestCaseKeyword.execute(CallTestCaseKeyword.groovy:44)
	at com.kms.katalon.core.keyword.internal.KeywordExecutor.executeKeywordForPlatform(KeywordExecutor.groovy:74)
	at com.kms.katalon.core.keyword.BuiltinKeywords.callTestCase(BuiltinKeywords.groovy:334)
	at Create folder.run(Create folder:24)
	at com.kms.katalon.core.main.ScriptEngine.run(ScriptEngine.java:194)
	at com.kms.katalon.core.main.ScriptEngine.runScriptAsRawText(ScriptEngine.java:119)
	at com.kms.katalon.core.main.TestCaseExecutor.runScript(TestCaseExecutor.java:442)
	at com.kms.katalon.core.main.TestCaseExecutor.doExecute(TestCaseExecutor.java:433)
	at com.kms.katalon.core.main.TestCaseExecutor.processExecutionPhase(TestCaseExecutor.java:412)
	at com.kms.katalon.core.main.TestCaseExecutor.accessMainPhase(TestCaseExecutor.java:404)
	at com.kms.katalon.core.main.TestCaseExecutor.execute(TestCaseExecutor.java:281)
	at com.kms.katalon.core.main.TestCaseExecutor.execute(TestCaseExecutor.java:363)
	at com.kms.katalon.core.main.TestCaseExecutor.execute(TestCaseExecutor.java:363)
	at com.kms.katalon.core.main.TestCaseExecutor.execute(TestCaseExecutor.java:363)
	at com.kms.katalon.core.main.TestSuiteExecutor.accessTestCaseMainPhase(TestSuiteExecutor.java:202)
	at com.kms.katalon.core.main.TestSuiteExecutor.accessTestSuiteMainPhase(TestSuiteExecutor.java:164)
	at com.kms.katalon.core.main.TestSuiteExecutor.execute(TestSuiteExecutor.java:105)
	at com.kms.katalon.core.main.TestCaseMain.startTestSuite(TestCaseMain.java:181)
	at com.kms.katalon.core.main.TestCaseMain$startTestSuite$0.call(Unknown Source)
	at TempTestSuite1642335656208.run(TempTestSuite1642335656208.groovy:36)
Caused by: com.kms.katalon.core.webui.exception.WebElementNotFoundException: Web element with id: 'Object Repository/Utils/Page_CNPM Danh sch thnh vin/input_Danh sch thnh vin_btn btn-secondary my-1' located by '//input[@value='Ghi danh người dùng']' not found
	at com.kms.katalon.core.webui.common.WebUiCommonHelper.findWebElement(WebUiCommonHelper.java:1368)
	at com.kms.katalon.core.webui.keyword.internal.WebUIAbstractKeyword.findWebElement(WebUIAbstractKeyword.groovy:27)
	at com.kms.katalon.core.webui.keyword.builtin.ClickKeyword$_click_closure1.doCall(ClickKeyword.groovy:65)
	at com.kms.katalon.core.webui.keyword.builtin.ClickKeyword$_click_closure1.call(ClickKeyword.groovy)
	at com.kms.katalon.core.webui.keyword.internal.WebUIKeywordMain.runKeyword(WebUIKeywordMain.groovy:20)
	... 38 more


2022-01-16 21:16:45 - [TEST_STEP][PASSED] - callTestCase(findTestCase("Utils/Login as admin"), [:], STOP_ON_FAILURE): Call Test Case 'Test Cases/Utils/Login as admin' successfully

2022-01-16 21:16:45 - [TEST_CASE][PASSED] - Test Cases/Utils/Login as admin: Test Cases/Utils/Login as admin

2022-01-16 21:16:45 - [TEST_STEP][PASSED] - click(findTestObject("View course grade/Page_Local Moodle/a_Log in")): Object: 'Object Repository/View course grade/Page_Local Moodle/a_Log in' is clicked on

2022-01-16 21:16:46 - [MESSAGE][PASSED] - Object: 'Object Repository/View course grade/Page_Local Moodle/a_Log in' is clicked on

2022-01-16 21:16:46 - [TEST_STEP][PASSED] - setText(findTestObject("View course grade/Page_Local Moodle Log in to the site/input_Username_username"), "admin"): Text 'admin' is set on object 'Object Repository/View course grade/Page_Local Moodle Log in to the site/input_Username_username'

2022-01-16 21:16:47 - [MESSAGE][PASSED] - Text 'admin' is set on object 'Object Repository/View course grade/Page_Local Moodle Log in to the site/input_Username_username'

2022-01-16 21:16:47 - [TEST_STEP][PASSED] - setEncryptedText(findTestObject("View course grade/Page_Local Moodle Log in to the site/input_Password_password"), "bfAykA/oWJ09FXmiKh6lyuuLu8QhG1K5"): Text ****** has been set on object 'Object Repository/View course grade/Page_Local Moodle Log in to the site/input_Password_password'

2022-01-16 21:16:48 - [MESSAGE][PASSED] - Text ****** has been set on object 'Object Repository/View course grade/Page_Local Moodle Log in to the site/input_Password_password'

2022-01-16 21:16:48 - [TEST_STEP][PASSED] - click(findTestObject("View course grade/Page_Local Moodle Log in to the site/button_Log in")): Object: 'Object Repository/View course grade/Page_Local Moodle Log in to the site/button_Log in' is clicked on

2022-01-16 21:16:51 - [MESSAGE][PASSED] - Object: 'Object Repository/View course grade/Page_Local Moodle Log in to the site/button_Log in' is clicked on

2022-01-16 21:16:51 - [MESSAGE][PASSED] - Call Test Case 'Test Cases/Utils/Login as admin' successfully

2022-01-16 21:16:51 - [TEST_STEP][PASSED] - click(findTestObject("Object Repository/Utils/Page_Nh ca ti/span_Qun tr khu vc")): Object: 'Object Repository/Utils/Page_Nh ca ti/span_Qun tr khu vc' is clicked on

2022-01-16 21:16:56 - [MESSAGE][PASSED] - Object: 'Object Repository/Utils/Page_Nh ca ti/span_Qun tr khu vc' is clicked on

2022-01-16 21:16:56 - [TEST_STEP][PASSED] - click(findTestObject("Object Repository/Utils/Page_Moodle Khu vc qun tr Tm kim/a_Kho hc")): Object: 'Object Repository/Utils/Page_Moodle Khu vc qun tr Tm kim/a_Kho hc' is clicked on

2022-01-16 21:16:56 - [MESSAGE][PASSED] - Object: 'Object Repository/Utils/Page_Moodle Khu vc qun tr Tm kim/a_Kho hc' is clicked on

2022-01-16 21:16:56 - [TEST_STEP][PASSED] - click(findTestObject("Object Repository/Utils/Page_Moodle Khu vc qun tr Tm kim/a_Thmsa cc kho hc")): Object: 'Object Repository/Utils/Page_Moodle Khu vc qun tr Tm kim/a_Thmsa cc kho hc' is clicked on

2022-01-16 21:16:58 - [MESSAGE][PASSED] - Object: 'Object Repository/Utils/Page_Moodle Khu vc qun tr Tm kim/a_Thmsa cc kho hc' is clicked on

2022-01-16 21:16:58 - [TEST_STEP][PASSED] - click(findTestObject("Object Repository/Utils/Page_Qun l kha hc v danh mc kha hc/a_To kha hc mi")): Object: 'Object Repository/Utils/Page_Qun l kha hc v danh mc kha hc/a_To kha hc mi' is clicked on

2022-01-16 21:17:05 - [MESSAGE][INFO] - Unable to find the element located by 'By.xpath: //div[@id='yui_3_17_2_1_1641906891631_57']/div/div/a'. Please recheck the objects properties to make sure the desired element is located. 

2022-01-16 21:17:05 - [MESSAGE][WARNING] - [SELF-HEALING] Failed to find element with id 'Object Repository/Utils/Page_Qun l kha hc v danh mc kha hc/a_To kha hc mi'. Try using Self-healing.

2022-01-16 21:17:05 - [MESSAGE][WARNING] - [SELF-HEALING] The current locator of test object 'Object Repository/Utils/Page_Qun l kha hc v danh mc kha hc/a_To kha hc mi' was broken. Propose an alternative one: '//a[contains(text(),'Tạo khóa học mới')]'.

2022-01-16 21:17:08 - [MESSAGE][PASSED] - Object: 'Object Repository/Utils/Page_Qun l kha hc v danh mc kha hc/a_To kha hc mi' is clicked on

2022-01-16 21:17:08 - [TEST_STEP][PASSED] - setText(findTestObject("Object Repository/Utils/Page_Moodle Thm kho hc mi/input_Tn y_fullname"), "Nhập môn Công nghệ phần mềm"): Text 'Nhập môn Công nghệ phần mềm' is set on object 'Object Repository/Utils/Page_Moodle Thm kho hc mi/input_Tn y_fullname'

2022-01-16 21:17:10 - [MESSAGE][PASSED] - Text 'Nhập môn Công nghệ phần mềm' is set on object 'Object Repository/Utils/Page_Moodle Thm kho hc mi/input_Tn y_fullname'

2022-01-16 21:17:10 - [TEST_STEP][PASSED] - setText(findTestObject("Object Repository/Utils/Page_Moodle Thm kho hc mi/input_Tn rt gn ca kho hc_shortname"), "CNPM"): Text 'CNPM' is set on object 'Object Repository/Utils/Page_Moodle Thm kho hc mi/input_Tn rt gn ca kho hc_shortname'

2022-01-16 21:17:11 - [MESSAGE][PASSED] - Text 'CNPM' is set on object 'Object Repository/Utils/Page_Moodle Thm kho hc mi/input_Tn rt gn ca kho hc_shortname'

2022-01-16 21:17:11 - [TEST_STEP][PASSED] - click(findTestObject("Object Repository/Utils/Page_Moodle Thm kho hc mi/input__saveanddisplay")): Object: 'Object Repository/Utils/Page_Moodle Thm kho hc mi/input__saveanddisplay' is clicked on

2022-01-16 21:17:15 - [MESSAGE][PASSED] - Object: 'Object Repository/Utils/Page_Moodle Thm kho hc mi/input__saveanddisplay' is clicked on

2022-01-16 21:17:15 - [TEST_STEP][FAILED] - click(findTestObject("Object Repository/Utils/Page_CNPM Danh sch thnh vin/input_Danh sch thnh vin_btn btn-secondary my-1")): Unable to click on object 'Object Repository/Utils/Page_CNPM Danh sch thnh vin/input_Danh sch thnh vin_btn btn-secondary my-1' (Root cause: com.kms.katalon.core.exception.StepFailedException: Unable to click on object 'Object Repository/Utils/Page_CNPM Danh sch thnh vin/input_Danh sch thnh vin_btn btn-secondary my-1'
	at com.kms.katalon.core.webui.keyword.internal.WebUIKeywordMain.stepFailed(WebUIKeywordMain.groovy:64)
	at com.kms.katalon.core.webui.keyword.internal.WebUIKeywordMain.runKeyword(WebUIKeywordMain.groovy:26)
	at com.kms.katalon.core.webui.keyword.builtin.ClickKeyword.click(ClickKeyword.groovy:74)
	at com.kms.katalon.core.webui.keyword.builtin.ClickKeyword.execute(ClickKeyword.groovy:40)
	at com.kms.katalon.core.keyword.internal.KeywordExecutor.executeKeywordForPlatform(KeywordExecutor.groovy:74)
	at com.kms.katalon.core.webui.keyword.WebUiBuiltInKeywords.click(WebUiBuiltInKeywords.groovy:620)
	at com.kms.katalon.core.webui.keyword.WebUiBuiltInKeywords$click$1.call(Unknown Source)
	at Create course CNPM.run(Create course CNPM:36)
	at com.kms.katalon.core.main.ScriptEngine.run(ScriptEngine.java:194)
	at com.kms.katalon.core.main.ScriptEngine.runScriptAsRawText(ScriptEngine.java:119)
	at com.kms.katalon.core.main.TestCaseExecutor.runScript(TestCaseExecutor.java:442)
	at com.kms.katalon.core.main.TestCaseExecutor.doExecute(TestCaseExecutor.java:433)
	at com.kms.katalon.core.main.TestCaseExecutor.processExecutionPhase(TestCaseExecutor.java:412)
	at com.kms.katalon.core.main.TestCaseExecutor.accessMainPhase(TestCaseExecutor.java:404)
	at com.kms.katalon.core.main.TestCaseExecutor.execute(TestCaseExecutor.java:281)
	at com.kms.katalon.core.main.TestCaseMain.runTestCase(TestCaseMain.java:138)
	at com.kms.katalon.core.keyword.builtin.CallTestCaseKeyword$_callTestCase_closure1.doCall(CallTestCaseKeyword.groovy:59)
	at com.kms.katalon.core.keyword.builtin.CallTestCaseKeyword$_callTestCase_closure1.call(CallTestCaseKeyword.groovy)
	at com.kms.katalon.core.keyword.internal.KeywordMain.runKeyword(KeywordMain.groovy:74)
	at com.kms.katalon.core.keyword.builtin.CallTestCaseKeyword.callTestCase(CallTestCaseKeyword.groovy:81)
	at com.kms.katalon.core.keyword.builtin.CallTestCaseKeyword.execute(CallTestCaseKeyword.groovy:44)
	at com.kms.katalon.core.keyword.internal.KeywordExecutor.executeKeywordForPlatform(KeywordExecutor.groovy:74)
	at com.kms.katalon.core.keyword.BuiltinKeywords.callTestCase(BuiltinKeywords.groovy:334)
	at Create folder.run(Create folder:24)
	at com.kms.katalon.core.main.ScriptEngine.run(ScriptEngine.java:194)
	at com.kms.katalon.core.main.ScriptEngine.runScriptAsRawText(ScriptEngine.java:119)
	at com.kms.katalon.core.main.TestCaseExecutor.runScript(TestCaseExecutor.java:442)
	at com.kms.katalon.core.main.TestCaseExecutor.doExecute(TestCaseExecutor.java:433)
	at com.kms.katalon.core.main.TestCaseExecutor.processExecutionPhase(TestCaseExecutor.java:412)
	at com.kms.katalon.core.main.TestCaseExecutor.accessMainPhase(TestCaseExecutor.java:404)
	at com.kms.katalon.core.main.TestCaseExecutor.execute(TestCaseExecutor.java:281)
	at com.kms.katalon.core.main.TestCaseExecutor.execute(TestCaseExecutor.java:363)
	at com.kms.katalon.core.main.TestCaseExecutor.execute(TestCaseExecutor.java:363)
	at com.kms.katalon.core.main.TestCaseExecutor.execute(TestCaseExecutor.java:363)
	at com.kms.katalon.core.main.TestSuiteExecutor.accessTestCaseMainPhase(TestSuiteExecutor.java:202)
	at com.kms.katalon.core.main.TestSuiteExecutor.accessTestSuiteMainPhase(TestSuiteExecutor.java:164)
	at com.kms.katalon.core.main.TestSuiteExecutor.execute(TestSuiteExecutor.java:105)
	at com.kms.katalon.core.main.TestCaseMain.startTestSuite(TestCaseMain.java:181)
	at com.kms.katalon.core.main.TestCaseMain$startTestSuite$0.call(Unknown Source)
	at TempTestSuite1642335656208.run(TempTestSuite1642335656208.groovy:36)
Caused by: com.kms.katalon.core.webui.exception.WebElementNotFoundException: Web element with id: 'Object Repository/Utils/Page_CNPM Danh sch thnh vin/input_Danh sch thnh vin_btn btn-secondary my-1' located by '//input[@value='Ghi danh người dùng']' not found
	at com.kms.katalon.core.webui.common.WebUiCommonHelper.findWebElement(WebUiCommonHelper.java:1368)
	at com.kms.katalon.core.webui.keyword.internal.WebUIAbstractKeyword.findWebElement(WebUIAbstractKeyword.groovy:27)
	at com.kms.katalon.core.webui.keyword.builtin.ClickKeyword$_click_closure1.doCall(ClickKeyword.groovy:65)
	at com.kms.katalon.core.webui.keyword.builtin.ClickKeyword$_click_closure1.call(ClickKeyword.groovy)
	at com.kms.katalon.core.webui.keyword.internal.WebUIKeywordMain.runKeyword(WebUIKeywordMain.groovy:20)
	at com.kms.katalon.core.webui.keyword.builtin.ClickKeyword.click(ClickKeyword.groovy:74)
	at com.kms.katalon.core.webui.keyword.builtin.ClickKeyword.execute(ClickKeyword.groovy:40)
	at com.kms.katalon.core.keyword.internal.KeywordExecutor.executeKeywordForPlatform(KeywordExecutor.groovy:74)
	at com.kms.katalon.core.webui.keyword.WebUiBuiltInKeywords.click(WebUiBuiltInKeywords.groovy:620)
	at com.kms.katalon.core.webui.keyword.WebUiBuiltInKeywords$click$1.call(Unknown Source)
	at Script1641906761787.run(Script1641906761787.groovy:36)
	at com.kms.katalon.core.main.ScriptEngine.run(ScriptEngine.java:194)
	at com.kms.katalon.core.main.ScriptEngine.runScriptAsRawText(ScriptEngine.java:119)
	at com.kms.katalon.core.main.TestCaseExecutor.runScript(TestCaseExecutor.java:442)
	at com.kms.katalon.core.main.TestCaseExecutor.doExecute(TestCaseExecutor.java:433)
	at com.kms.katalon.core.main.TestCaseExecutor.processExecutionPhase(TestCaseExecutor.java:412)
	at com.kms.katalon.core.main.TestCaseExecutor.accessMainPhase(TestCaseExecutor.java:404)
	at com.kms.katalon.core.main.TestCaseExecutor.execute(TestCaseExecutor.java:281)
	at com.kms.katalon.core.main.TestCaseMain.runTestCase(TestCaseMain.java:138)
	at com.kms.katalon.core.keyword.builtin.CallTestCaseKeyword$_callTestCase_closure1.doCall(CallTestCaseKeyword.groovy:59)
	at com.kms.katalon.core.keyword.builtin.CallTestCaseKeyword$_callTestCase_closure1.call(CallTestCaseKeyword.groovy)
	at com.kms.katalon.core.keyword.internal.KeywordMain.runKeyword(KeywordMain.groovy:74)
	at com.kms.katalon.core.keyword.builtin.CallTestCaseKeyword.callTestCase(CallTestCaseKeyword.groovy:81)
	at com.kms.katalon.core.keyword.builtin.CallTestCaseKeyword.execute(CallTestCaseKeyword.groovy:44)
	at com.kms.katalon.core.keyword.internal.KeywordExecutor.executeKeywordForPlatform(KeywordExecutor.groovy:74)
	at com.kms.katalon.core.keyword.BuiltinKeywords.callTestCase(BuiltinKeywords.groovy:334)
	at Script1641906223502.run(Script1641906223502.groovy:24)
	... 16 more
)

2022-01-16 21:17:21 - [MESSAGE][INFO] - Unable to find the element located by 'By.xpath: //input[@value='Ghi danh người dùng']'. Please recheck the objects properties to make sure the desired element is located. 

2022-01-16 21:17:21 - [MESSAGE][WARNING] - [SELF-HEALING] Failed to find element with id 'Object Repository/Utils/Page_CNPM Danh sch thnh vin/input_Danh sch thnh vin_btn btn-secondary my-1'. Try using Self-healing.

2022-01-16 21:17:22 - [MESSAGE][INFO] - [SELF-HEALING] Failed Locator: '//input[@value='Ghi danh người dùng']'.

2022-01-16 21:17:22 - [MESSAGE][INFO] - [SELF-HEALING] Failed Locator: '//form[@id='enrolusersbutton-1']/div/input'.

2022-01-16 21:17:22 - [MESSAGE][INFO] - [SELF-HEALING] Working Locator: '//input'.

2022-01-16 21:17:22 - [MESSAGE][ERROR] - [SELF-HEALING] Cannot save screenshot to: C:\xampp\htdocs\moodle\Test Automation - SE Bonus\Reports\Self-healing, reason: unknown error: unhandled inspector error: {"code":-32000,"message":"Cannot take screenshot with 0 width."}
  (Session info: MicrosoftEdge=97.0.1072.62)
Build info: version: '3.141.59', revision: 'e82be7d358', time: '2018-11-14T08:25:53'
System info: host: 'DESKTOP-11TAGP6', ip: '192.168.56.1', os.name: 'Windows 10', os.arch: 'amd64', os.version: '10.0', java.version: '1.8.0_282'
Driver info: com.kms.katalon.selenium.driver.CEdgeDriver
Capabilities {acceptInsecureCerts: false, browserName: msedge, browserVersion: 97.0.1072.62, javascriptEnabled: true, ms:edgeOptions: {debuggerAddress: localhost:58804}, msedge: {msedgedriverVersion: 97.0.1072.55 (ce3bf33648805..., userDataDir: C:\Users\W10\AppData\Local\...}, networkConnectionEnabled: false, pageLoadStrategy: normal, platform: WINDOWS, platformName: WINDOWS, proxy: Proxy(), setWindowRect: true, strictFileInteractability: false, timeouts: {implicit: 0, pageLoad: 300000, script: 30000}, unhandledPromptBehavior: dismiss and notify, webauthn:extension:credBlob: true, webauthn:extension:largeBlob: true, webauthn:virtualAuthenticators: true}
Session ID: f251fb2c1bad0e6f8625bd9c4a93178a.

2022-01-16 21:17:22 - [MESSAGE][ERROR] - [SELF-HEALING] Cannot save screenshot to: C:\xampp\htdocs\moodle\Test Automation - SE Bonus\Reports\Self-healing, reason: unknown error: unhandled inspector error: {"code":-32000,"message":"Cannot take screenshot with 0 width."}
  (Session info: MicrosoftEdge=97.0.1072.62)
Build info: version: '3.141.59', revision: 'e82be7d358', time: '2018-11-14T08:25:53'
System info: host: 'DESKTOP-11TAGP6', ip: '192.168.56.1', os.name: 'Windows 10', os.arch: 'amd64', os.version: '10.0', java.version: '1.8.0_282'
Driver info: com.kms.katalon.selenium.driver.CEdgeDriver
Capabilities {acceptInsecureCerts: false, browserName: msedge, browserVersion: 97.0.1072.62, javascriptEnabled: true, ms:edgeOptions: {debuggerAddress: localhost:58804}, msedge: {msedgedriverVersion: 97.0.1072.55 (ce3bf33648805..., userDataDir: C:\Users\W10\AppData\Local\...}, networkConnectionEnabled: false, pageLoadStrategy: normal, platform: WINDOWS, platformName: WINDOWS, proxy: Proxy(), setWindowRect: true, strictFileInteractability: false, timeouts: {implicit: 0, pageLoad: 300000, script: 30000}, unhandledPromptBehavior: dismiss and notify, webauthn:extension:credBlob: true, webauthn:extension:largeBlob: true, webauthn:virtualAuthenticators: true}
Session ID: f251fb2c1bad0e6f8625bd9c4a93178a.

2022-01-16 21:17:22 - [MESSAGE][WARNING] - [SELF-HEALING] 'other' is different type of Path

2022-01-16 21:17:23 - [MESSAGE][ERROR] - [SELF-HEALING] Cannot save screenshot to: C:\xampp\htdocs\moodle\Test Automation - SE Bonus\Reports\Self-healing, reason: unknown error: unhandled inspector error: {"code":-32000,"message":"Cannot take screenshot with 0 width."}
  (Session info: MicrosoftEdge=97.0.1072.62)
Build info: version: '3.141.59', revision: 'e82be7d358', time: '2018-11-14T08:25:53'
System info: host: 'DESKTOP-11TAGP6', ip: '192.168.56.1', os.name: 'Windows 10', os.arch: 'amd64', os.version: '10.0', java.version: '1.8.0_282'
Driver info: com.kms.katalon.selenium.driver.CEdgeDriver
Capabilities {acceptInsecureCerts: false, browserName: msedge, browserVersion: 97.0.1072.62, javascriptEnabled: true, ms:edgeOptions: {debuggerAddress: localhost:58804}, msedge: {msedgedriverVersion: 97.0.1072.55 (ce3bf33648805..., userDataDir: C:\Users\W10\AppData\Local\...}, networkConnectionEnabled: false, pageLoadStrategy: normal, platform: WINDOWS, platformName: WINDOWS, proxy: Proxy(), setWindowRect: true, strictFileInteractability: false, timeouts: {implicit: 0, pageLoad: 300000, script: 30000}, unhandledPromptBehavior: dismiss and notify, webauthn:extension:credBlob: true, webauthn:extension:largeBlob: true, webauthn:virtualAuthenticators: true}
Session ID: f251fb2c1bad0e6f8625bd9c4a93178a.

2022-01-16 21:17:23 - [MESSAGE][WARNING] - [SELF-HEALING] 'other' is different type of Path

2022-01-16 21:17:24 - [MESSAGE][INFO] - Unable to find the element located by 'By.cssSelector: input.btn.btn-secondary.my-1'. Please recheck the objects properties to make sure the desired element is located. 

2022-01-16 21:17:24 - [MESSAGE][FAILED] - Unable to click on object 'Object Repository/Utils/Page_CNPM Danh sch thnh vin/input_Danh sch thnh vin_btn btn-secondary my-1' (Root cause: com.kms.katalon.core.exception.StepFailedException: Unable to click on object 'Object Repository/Utils/Page_CNPM Danh sch thnh vin/input_Danh sch thnh vin_btn btn-secondary my-1'
	at com.kms.katalon.core.webui.keyword.internal.WebUIKeywordMain.stepFailed(WebUIKeywordMain.groovy:64)
	at com.kms.katalon.core.webui.keyword.internal.WebUIKeywordMain.runKeyword(WebUIKeywordMain.groovy:26)
	at com.kms.katalon.core.webui.keyword.builtin.ClickKeyword.click(ClickKeyword.groovy:74)
	at com.kms.katalon.core.webui.keyword.builtin.ClickKeyword.execute(ClickKeyword.groovy:40)
	at com.kms.katalon.core.keyword.internal.KeywordExecutor.executeKeywordForPlatform(KeywordExecutor.groovy:74)
	at com.kms.katalon.core.webui.keyword.WebUiBuiltInKeywords.click(WebUiBuiltInKeywords.groovy:620)
	at com.kms.katalon.core.webui.keyword.WebUiBuiltInKeywords$click$1.call(Unknown Source)
	at Create course CNPM.run(Create course CNPM:36)
	at com.kms.katalon.core.main.ScriptEngine.run(ScriptEngine.java:194)
	at com.kms.katalon.core.main.ScriptEngine.runScriptAsRawText(ScriptEngine.java:119)
	at com.kms.katalon.core.main.TestCaseExecutor.runScript(TestCaseExecutor.java:442)
	at com.kms.katalon.core.main.TestCaseExecutor.doExecute(TestCaseExecutor.java:433)
	at com.kms.katalon.core.main.TestCaseExecutor.processExecutionPhase(TestCaseExecutor.java:412)
	at com.kms.katalon.core.main.TestCaseExecutor.accessMainPhase(TestCaseExecutor.java:404)
	at com.kms.katalon.core.main.TestCaseExecutor.execute(TestCaseExecutor.java:281)
	at com.kms.katalon.core.main.TestCaseMain.runTestCase(TestCaseMain.java:138)
	at com.kms.katalon.core.keyword.builtin.CallTestCaseKeyword$_callTestCase_closure1.doCall(CallTestCaseKeyword.groovy:59)
	at com.kms.katalon.core.keyword.builtin.CallTestCaseKeyword$_callTestCase_closure1.call(CallTestCaseKeyword.groovy)
	at com.kms.katalon.core.keyword.internal.KeywordMain.runKeyword(KeywordMain.groovy:74)
	at com.kms.katalon.core.keyword.builtin.CallTestCaseKeyword.callTestCase(CallTestCaseKeyword.groovy:81)
	at com.kms.katalon.core.keyword.builtin.CallTestCaseKeyword.execute(CallTestCaseKeyword.groovy:44)
	at com.kms.katalon.core.keyword.internal.KeywordExecutor.executeKeywordForPlatform(KeywordExecutor.groovy:74)
	at com.kms.katalon.core.keyword.BuiltinKeywords.callTestCase(BuiltinKeywords.groovy:334)
	at Create folder.run(Create folder:24)
	at com.kms.katalon.core.main.ScriptEngine.run(ScriptEngine.java:194)
	at com.kms.katalon.core.main.ScriptEngine.runScriptAsRawText(ScriptEngine.java:119)
	at com.kms.katalon.core.main.TestCaseExecutor.runScript(TestCaseExecutor.java:442)
	at com.kms.katalon.core.main.TestCaseExecutor.doExecute(TestCaseExecutor.java:433)
	at com.kms.katalon.core.main.TestCaseExecutor.processExecutionPhase(TestCaseExecutor.java:412)
	at com.kms.katalon.core.main.TestCaseExecutor.accessMainPhase(TestCaseExecutor.java:404)
	at com.kms.katalon.core.main.TestCaseExecutor.execute(TestCaseExecutor.java:281)
	at com.kms.katalon.core.main.TestCaseExecutor.execute(TestCaseExecutor.java:363)
	at com.kms.katalon.core.main.TestCaseExecutor.execute(TestCaseExecutor.java:363)
	at com.kms.katalon.core.main.TestCaseExecutor.execute(TestCaseExecutor.java:363)
	at com.kms.katalon.core.main.TestSuiteExecutor.accessTestCaseMainPhase(TestSuiteExecutor.java:202)
	at com.kms.katalon.core.main.TestSuiteExecutor.accessTestSuiteMainPhase(TestSuiteExecutor.java:164)
	at com.kms.katalon.core.main.TestSuiteExecutor.execute(TestSuiteExecutor.java:105)
	at com.kms.katalon.core.main.TestCaseMain.startTestSuite(TestCaseMain.java:181)
	at com.kms.katalon.core.main.TestCaseMain$startTestSuite$0.call(Unknown Source)
	at TempTestSuite1642335656208.run(TempTestSuite1642335656208.groovy:36)
Caused by: com.kms.katalon.core.webui.exception.WebElementNotFoundException: Web element with id: 'Object Repository/Utils/Page_CNPM Danh sch thnh vin/input_Danh sch thnh vin_btn btn-secondary my-1' located by '//input[@value='Ghi danh người dùng']' not found
	at com.kms.katalon.core.webui.common.WebUiCommonHelper.findWebElement(WebUiCommonHelper.java:1368)
	at com.kms.katalon.core.webui.keyword.internal.WebUIAbstractKeyword.findWebElement(WebUIAbstractKeyword.groovy:27)
	at com.kms.katalon.core.webui.keyword.builtin.ClickKeyword$_click_closure1.doCall(ClickKeyword.groovy:65)
	at com.kms.katalon.core.webui.keyword.builtin.ClickKeyword$_click_closure1.call(ClickKeyword.groovy)
	at com.kms.katalon.core.webui.keyword.internal.WebUIKeywordMain.runKeyword(WebUIKeywordMain.groovy:20)
	at com.kms.katalon.core.webui.keyword.builtin.ClickKeyword.click(ClickKeyword.groovy:74)
	at com.kms.katalon.core.webui.keyword.builtin.ClickKeyword.execute(ClickKeyword.groovy:40)
	at com.kms.katalon.core.keyword.internal.KeywordExecutor.executeKeywordForPlatform(KeywordExecutor.groovy:74)
	at com.kms.katalon.core.webui.keyword.WebUiBuiltInKeywords.click(WebUiBuiltInKeywords.groovy:620)
	at com.kms.katalon.core.webui.keyword.WebUiBuiltInKeywords$click$1.call(Unknown Source)
	at Script1641906761787.run(Script1641906761787.groovy:36)
	at com.kms.katalon.core.main.ScriptEngine.run(ScriptEngine.java:194)
	at com.kms.katalon.core.main.ScriptEngine.runScriptAsRawText(ScriptEngine.java:119)
	at com.kms.katalon.core.main.TestCaseExecutor.runScript(TestCaseExecutor.java:442)
	at com.kms.katalon.core.main.TestCaseExecutor.doExecute(TestCaseExecutor.java:433)
	at com.kms.katalon.core.main.TestCaseExecutor.processExecutionPhase(TestCaseExecutor.java:412)
	at com.kms.katalon.core.main.TestCaseExecutor.accessMainPhase(TestCaseExecutor.java:404)
	at com.kms.katalon.core.main.TestCaseExecutor.execute(TestCaseExecutor.java:281)
	at com.kms.katalon.core.main.TestCaseMain.runTestCase(TestCaseMain.java:138)
	at com.kms.katalon.core.keyword.builtin.CallTestCaseKeyword$_callTestCase_closure1.doCall(CallTestCaseKeyword.groovy:59)
	at com.kms.katalon.core.keyword.builtin.CallTestCaseKeyword$_callTestCase_closure1.call(CallTestCaseKeyword.groovy)
	at com.kms.katalon.core.keyword.internal.KeywordMain.runKeyword(KeywordMain.groovy:74)
	at com.kms.katalon.core.keyword.builtin.CallTestCaseKeyword.callTestCase(CallTestCaseKeyword.groovy:81)
	at com.kms.katalon.core.keyword.builtin.CallTestCaseKeyword.execute(CallTestCaseKeyword.groovy:44)
	at com.kms.katalon.core.keyword.internal.KeywordExecutor.executeKeywordForPlatform(KeywordExecutor.groovy:74)
	at com.kms.katalon.core.keyword.BuiltinKeywords.callTestCase(BuiltinKeywords.groovy:334)
	at Script1641906223502.run(Script1641906223502.groovy:24)
	... 16 more
)
[[ATTACHMENT|C:\\xampp\\htdocs\\moodle\\Test Automation - SE Bonus\\Reports\\20220116_192056\\Run All Test Cases\\20220116_192056\\1642342644197.png]]

2022-01-16 21:17:24 - [MESSAGE][INFO] - 

2022-01-16 21:17:24 - [MESSAGE][INFO] - ===================== Self-healing Report ====================

2022-01-16 21:17:24 - [MESSAGE][INFO] - One of the failed test object locators has been recovered by Self-healing. Please refer to the Self-healing Insights tab for more details.

2022-01-16 21:17:24 - [MESSAGE][INFO] - To learn more about Self-healing, please read https://docs.katalon.com/katalon-studio/docs/self-healing.html

2022-01-16 21:17:24 - [MESSAGE][INFO] - ==============================================================

2022-01-16 21:17:24 - [MESSAGE][FAILED] - Unable to call Test Case 'Test Cases/Utils/Create course CNPM' (Root cause: com.kms.katalon.core.exception.StepFailedException: Call Test Case 'Test Cases/Utils/Create course CNPM' failed
	at com.kms.katalon.core.keyword.builtin.CallTestCaseKeyword$_callTestCase_closure1.doCall(CallTestCaseKeyword.groovy:63)
	at com.kms.katalon.core.keyword.builtin.CallTestCaseKeyword$_callTestCase_closure1.call(CallTestCaseKeyword.groovy)
	at com.kms.katalon.core.keyword.internal.KeywordMain.runKeyword(KeywordMain.groovy:74)
	at com.kms.katalon.core.keyword.builtin.CallTestCaseKeyword.callTestCase(CallTestCaseKeyword.groovy:81)
	at com.kms.katalon.core.keyword.builtin.CallTestCaseKeyword.execute(CallTestCaseKeyword.groovy:44)
	at com.kms.katalon.core.keyword.internal.KeywordExecutor.executeKeywordForPlatform(KeywordExecutor.groovy:74)
	at com.kms.katalon.core.keyword.BuiltinKeywords.callTestCase(BuiltinKeywords.groovy:334)
	at Create folder.run(Create folder:24)
	at com.kms.katalon.core.main.ScriptEngine.run(ScriptEngine.java:194)
	at com.kms.katalon.core.main.ScriptEngine.runScriptAsRawText(ScriptEngine.java:119)
	at com.kms.katalon.core.main.TestCaseExecutor.runScript(TestCaseExecutor.java:442)
	at com.kms.katalon.core.main.TestCaseExecutor.doExecute(TestCaseExecutor.java:433)
	at com.kms.katalon.core.main.TestCaseExecutor.processExecutionPhase(TestCaseExecutor.java:412)
	at com.kms.katalon.core.main.TestCaseExecutor.accessMainPhase(TestCaseExecutor.java:404)
	at com.kms.katalon.core.main.TestCaseExecutor.execute(TestCaseExecutor.java:281)
	at com.kms.katalon.core.main.TestCaseExecutor.execute(TestCaseExecutor.java:363)
	at com.kms.katalon.core.main.TestCaseExecutor.execute(TestCaseExecutor.java:363)
	at com.kms.katalon.core.main.TestCaseExecutor.execute(TestCaseExecutor.java:363)
	at com.kms.katalon.core.main.TestSuiteExecutor.accessTestCaseMainPhase(TestSuiteExecutor.java:202)
	at com.kms.katalon.core.main.TestSuiteExecutor.accessTestSuiteMainPhase(TestSuiteExecutor.java:164)
	at com.kms.katalon.core.main.TestSuiteExecutor.execute(TestSuiteExecutor.java:105)
	at com.kms.katalon.core.main.TestCaseMain.startTestSuite(TestCaseMain.java:181)
	at com.kms.katalon.core.main.TestCaseMain$startTestSuite$0.call(Unknown Source)
	at TempTestSuite1642335656208.run(TempTestSuite1642335656208.groovy:36)
Caused by: com.kms.katalon.core.exception.StepFailedException: Unable to click on object 'Object Repository/Utils/Page_CNPM Danh sch thnh vin/input_Danh sch thnh vin_btn btn-secondary my-1'
	at com.kms.katalon.core.webui.keyword.internal.WebUIKeywordMain.stepFailed(WebUIKeywordMain.groovy:64)
	at com.kms.katalon.core.webui.keyword.internal.WebUIKeywordMain.runKeyword(WebUIKeywordMain.groovy:26)
	at com.kms.katalon.core.webui.keyword.builtin.ClickKeyword.click(ClickKeyword.groovy:74)
	at com.kms.katalon.core.webui.keyword.builtin.ClickKeyword.execute(ClickKeyword.groovy:40)
	at com.kms.katalon.core.keyword.internal.KeywordExecutor.executeKeywordForPlatform(KeywordExecutor.groovy:74)
	at com.kms.katalon.core.webui.keyword.WebUiBuiltInKeywords.click(WebUiBuiltInKeywords.groovy:620)
	at com.kms.katalon.core.webui.keyword.WebUiBuiltInKeywords$click$1.call(Unknown Source)
	at Create course CNPM.run(Create course CNPM:36)
	at com.kms.katalon.core.main.ScriptEngine.run(ScriptEngine.java:194)
	at com.kms.katalon.core.main.ScriptEngine.runScriptAsRawText(ScriptEngine.java:119)
	at com.kms.katalon.core.main.TestCaseExecutor.runScript(TestCaseExecutor.java:442)
	at com.kms.katalon.core.main.TestCaseExecutor.doExecute(TestCaseExecutor.java:433)
	at com.kms.katalon.core.main.TestCaseExecutor.processExecutionPhase(TestCaseExecutor.java:412)
	at com.kms.katalon.core.main.TestCaseExecutor.accessMainPhase(TestCaseExecutor.java:404)
	at com.kms.katalon.core.main.TestCaseExecutor.execute(TestCaseExecutor.java:281)
	at com.kms.katalon.core.main.TestCaseMain.runTestCase(TestCaseMain.java:138)
	at com.kms.katalon.core.keyword.builtin.CallTestCaseKeyword$_callTestCase_closure1.doCall(CallTestCaseKeyword.groovy:59)
	... 23 more
Caused by: com.kms.katalon.core.webui.exception.WebElementNotFoundException: Web element with id: 'Object Repository/Utils/Page_CNPM Danh sch thnh vin/input_Danh sch thnh vin_btn btn-secondary my-1' located by '//input[@value='Ghi danh người dùng']' not found
	at com.kms.katalon.core.webui.common.WebUiCommonHelper.findWebElement(WebUiCommonHelper.java:1368)
	at com.kms.katalon.core.webui.keyword.internal.WebUIAbstractKeyword.findWebElement(WebUIAbstractKeyword.groovy:27)
	at com.kms.katalon.core.webui.keyword.builtin.ClickKeyword$_click_closure1.doCall(ClickKeyword.groovy:65)
	at com.kms.katalon.core.webui.keyword.builtin.ClickKeyword$_click_closure1.call(ClickKeyword.groovy)
	at com.kms.katalon.core.webui.keyword.internal.WebUIKeywordMain.runKeyword(WebUIKeywordMain.groovy:20)
	... 38 more
)]]></system-out>
         <system-err><![CDATA[2022-01-16 21:16:38 - [TEST_CASE][FAILED] - Test Cases/Create folder and quiz/Create folder: Test Cases/Create folder and quiz/Create folder FAILED.
Reason:
com.kms.katalon.core.exception.StepFailedException: Call Test Case 'Test Cases/Utils/Create course CNPM' failed
	at com.kms.katalon.core.keyword.builtin.CallTestCaseKeyword$_callTestCase_closure1.doCall(CallTestCaseKeyword.groovy:63)
	at com.kms.katalon.core.keyword.builtin.CallTestCaseKeyword$_callTestCase_closure1.call(CallTestCaseKeyword.groovy)
	at com.kms.katalon.core.keyword.internal.KeywordMain.runKeyword(KeywordMain.groovy:74)
	at com.kms.katalon.core.keyword.builtin.CallTestCaseKeyword.callTestCase(CallTestCaseKeyword.groovy:81)
	at com.kms.katalon.core.keyword.builtin.CallTestCaseKeyword.execute(CallTestCaseKeyword.groovy:44)
	at com.kms.katalon.core.keyword.internal.KeywordExecutor.executeKeywordForPlatform(KeywordExecutor.groovy:74)
	at com.kms.katalon.core.keyword.BuiltinKeywords.callTestCase(BuiltinKeywords.groovy:334)
	at Create folder.run(Create folder:24)
	at com.kms.katalon.core.main.ScriptEngine.run(ScriptEngine.java:194)
	at com.kms.katalon.core.main.ScriptEngine.runScriptAsRawText(ScriptEngine.java:119)
	at com.kms.katalon.core.main.TestCaseExecutor.runScript(TestCaseExecutor.java:442)
	at com.kms.katalon.core.main.TestCaseExecutor.doExecute(TestCaseExecutor.java:433)
	at com.kms.katalon.core.main.TestCaseExecutor.processExecutionPhase(TestCaseExecutor.java:412)
	at com.kms.katalon.core.main.TestCaseExecutor.accessMainPhase(TestCaseExecutor.java:404)
	at com.kms.katalon.core.main.TestCaseExecutor.execute(TestCaseExecutor.java:281)
	at com.kms.katalon.core.main.TestCaseExecutor.execute(TestCaseExecutor.java:363)
	at com.kms.katalon.core.main.TestCaseExecutor.execute(TestCaseExecutor.java:363)
	at com.kms.katalon.core.main.TestCaseExecutor.execute(TestCaseExecutor.java:363)
	at com.kms.katalon.core.main.TestSuiteExecutor.accessTestCaseMainPhase(TestSuiteExecutor.java:202)
	at com.kms.katalon.core.main.TestSuiteExecutor.accessTestSuiteMainPhase(TestSuiteExecutor.java:164)
	at com.kms.katalon.core.main.TestSuiteExecutor.execute(TestSuiteExecutor.java:105)
	at com.kms.katalon.core.main.TestCaseMain.startTestSuite(TestCaseMain.java:181)
	at com.kms.katalon.core.main.TestCaseMain$startTestSuite$0.call(Unknown Source)
	at TempTestSuite1642335656208.run(TempTestSuite1642335656208.groovy:36)
Caused by: com.kms.katalon.core.exception.StepFailedException: Unable to click on object 'Object Repository/Utils/Page_CNPM Danh sch thnh vin/input_Danh sch thnh vin_btn btn-secondary my-1'
	at com.kms.katalon.core.webui.keyword.internal.WebUIKeywordMain.stepFailed(WebUIKeywordMain.groovy:64)
	at com.kms.katalon.core.webui.keyword.internal.WebUIKeywordMain.runKeyword(WebUIKeywordMain.groovy:26)
	at com.kms.katalon.core.webui.keyword.builtin.ClickKeyword.click(ClickKeyword.groovy:74)
	at com.kms.katalon.core.webui.keyword.builtin.ClickKeyword.execute(ClickKeyword.groovy:40)
	at com.kms.katalon.core.keyword.internal.KeywordExecutor.executeKeywordForPlatform(KeywordExecutor.groovy:74)
	at com.kms.katalon.core.webui.keyword.WebUiBuiltInKeywords.click(WebUiBuiltInKeywords.groovy:620)
	at com.kms.katalon.core.webui.keyword.WebUiBuiltInKeywords$click$1.call(Unknown Source)
	at Create course CNPM.run(Create course CNPM:36)
	at com.kms.katalon.core.main.ScriptEngine.run(ScriptEngine.java:194)
	at com.kms.katalon.core.main.ScriptEngine.runScriptAsRawText(ScriptEngine.java:119)
	at com.kms.katalon.core.main.TestCaseExecutor.runScript(TestCaseExecutor.java:442)
	at com.kms.katalon.core.main.TestCaseExecutor.doExecute(TestCaseExecutor.java:433)
	at com.kms.katalon.core.main.TestCaseExecutor.processExecutionPhase(TestCaseExecutor.java:412)
	at com.kms.katalon.core.main.TestCaseExecutor.accessMainPhase(TestCaseExecutor.java:404)
	at com.kms.katalon.core.main.TestCaseExecutor.execute(TestCaseExecutor.java:281)
	at com.kms.katalon.core.main.TestCaseMain.runTestCase(TestCaseMain.java:138)
	at com.kms.katalon.core.keyword.builtin.CallTestCaseKeyword$_callTestCase_closure1.doCall(CallTestCaseKeyword.groovy:59)
	... 23 more
Caused by: com.kms.katalon.core.webui.exception.WebElementNotFoundException: Web element with id: 'Object Repository/Utils/Page_CNPM Danh sch thnh vin/input_Danh sch thnh vin_btn btn-secondary my-1' located by '//input[@value='Ghi danh người dùng']' not found
	at com.kms.katalon.core.webui.common.WebUiCommonHelper.findWebElement(WebUiCommonHelper.java:1368)
	at com.kms.katalon.core.webui.keyword.internal.WebUIAbstractKeyword.findWebElement(WebUIAbstractKeyword.groovy:27)
	at com.kms.katalon.core.webui.keyword.builtin.ClickKeyword$_click_closure1.doCall(ClickKeyword.groovy:65)
	at com.kms.katalon.core.webui.keyword.builtin.ClickKeyword$_click_closure1.call(ClickKeyword.groovy)
	at com.kms.katalon.core.webui.keyword.internal.WebUIKeywordMain.runKeyword(WebUIKeywordMain.groovy:20)
	... 38 more]]></system-err>
      </testcase>
      <testcase name="Test Cases/Create folder and quiz/Create quiz without title" time="92.546" classname="Test Cases/Create folder and quiz/Create quiz without title" status="FAILED">
         <failure type="FAILED" message="Test Cases/Create folder and quiz/Create quiz without title FAILED.
Reason:
com.kms.katalon.core.exception.StepFailedException: Call Test Case 'Test Cases/Utils/Create course CNPM' failed
	at com.kms.katalon.core.keyword.builtin.CallTestCaseKeyword$_callTestCase_closure1.doCall(CallTestCaseKeyword.groovy:63)
	at com.kms.katalon.core.keyword.builtin.CallTestCaseKeyword$_callTestCase_closure1.call(CallTestCaseKeyword.groovy)
	at com.kms.katalon.core.keyword.internal.KeywordMain.runKeyword(KeywordMain.groovy:74)
	at com.kms.katalon.core.keyword.builtin.CallTestCaseKeyword.callTestCase(CallTestCaseKeyword.groovy:81)
	at com.kms.katalon.core.keyword.builtin.CallTestCaseKeyword.execute(CallTestCaseKeyword.groovy:44)
	at com.kms.katalon.core.keyword.internal.KeywordExecutor.executeKeywordForPlatform(KeywordExecutor.groovy:74)
	at com.kms.katalon.core.keyword.BuiltinKeywords.callTestCase(BuiltinKeywords.groovy:334)
	at Create quiz without title.run(Create quiz without title:24)
	at com.kms.katalon.core.main.ScriptEngine.run(ScriptEngine.java:194)
	at com.kms.katalon.core.main.ScriptEngine.runScriptAsRawText(ScriptEngine.java:119)
	at com.kms.katalon.core.main.TestCaseExecutor.runScript(TestCaseExecutor.java:442)
	at com.kms.katalon.core.main.TestCaseExecutor.doExecute(TestCaseExecutor.java:433)
	at com.kms.katalon.core.main.TestCaseExecutor.processExecutionPhase(TestCaseExecutor.java:412)
	at com.kms.katalon.core.main.TestCaseExecutor.accessMainPhase(TestCaseExecutor.java:404)
	at com.kms.katalon.core.main.TestCaseExecutor.execute(TestCaseExecutor.java:281)
	at com.kms.katalon.core.main.TestCaseExecutor.execute(TestCaseExecutor.java:363)
	at com.kms.katalon.core.main.TestCaseExecutor.execute(TestCaseExecutor.java:363)
	at com.kms.katalon.core.main.TestCaseExecutor.execute(TestCaseExecutor.java:363)
	at com.kms.katalon.core.main.TestSuiteExecutor.accessTestCaseMainPhase(TestSuiteExecutor.java:202)
	at com.kms.katalon.core.main.TestSuiteExecutor.accessTestSuiteMainPhase(TestSuiteExecutor.java:164)
	at com.kms.katalon.core.main.TestSuiteExecutor.execute(TestSuiteExecutor.java:105)
	at com.kms.katalon.core.main.TestCaseMain.startTestSuite(TestCaseMain.java:181)
	at com.kms.katalon.core.main.TestCaseMain$startTestSuite$0.call(Unknown Source)
	at TempTestSuite1642335656208.run(TempTestSuite1642335656208.groovy:36)
Caused by: com.kms.katalon.core.exception.StepFailedException: Unable to click on object 'Object Repository/Utils/Page_CNPM Danh sch thnh vin/span_Teacher Nguyen'
	at com.kms.katalon.core.webui.keyword.internal.WebUIKeywordMain.stepFailed(WebUIKeywordMain.groovy:64)
	at com.kms.katalon.core.webui.keyword.internal.WebUIKeywordMain.runKeyword(WebUIKeywordMain.groovy:26)
	at com.kms.katalon.core.webui.keyword.builtin.ClickKeyword.click(ClickKeyword.groovy:74)
	at com.kms.katalon.core.webui.keyword.builtin.ClickKeyword.execute(ClickKeyword.groovy:40)
	at com.kms.katalon.core.keyword.internal.KeywordExecutor.executeKeywordForPlatform(KeywordExecutor.groovy:74)
	at com.kms.katalon.core.webui.keyword.WebUiBuiltInKeywords.click(WebUiBuiltInKeywords.groovy:620)
	at com.kms.katalon.core.webui.keyword.WebUiBuiltInKeywords$click$1.call(Unknown Source)
	at Create course CNPM.run(Create course CNPM:48)
	at com.kms.katalon.core.main.ScriptEngine.run(ScriptEngine.java:194)
	at com.kms.katalon.core.main.ScriptEngine.runScriptAsRawText(ScriptEngine.java:119)
	at com.kms.katalon.core.main.TestCaseExecutor.runScript(TestCaseExecutor.java:442)
	at com.kms.katalon.core.main.TestCaseExecutor.doExecute(TestCaseExecutor.java:433)
	at com.kms.katalon.core.main.TestCaseExecutor.processExecutionPhase(TestCaseExecutor.java:412)
	at com.kms.katalon.core.main.TestCaseExecutor.accessMainPhase(TestCaseExecutor.java:404)
	at com.kms.katalon.core.main.TestCaseExecutor.execute(TestCaseExecutor.java:281)
	at com.kms.katalon.core.main.TestCaseMain.runTestCase(TestCaseMain.java:138)
	at com.kms.katalon.core.keyword.builtin.CallTestCaseKeyword$_callTestCase_closure1.doCall(CallTestCaseKeyword.groovy:59)
	... 23 more
Caused by: org.openqa.selenium.ElementNotInteractableException: element not interactable
  (Session info: MicrosoftEdge=97.0.1072.62)
Build info: version: '3.141.59', revision: 'e82be7d358', time: '2018-11-14T08:25:53'
System info: host: 'DESKTOP-11TAGP6', ip: '192.168.56.1', os.name: 'Windows 10', os.arch: 'amd64', os.version: '10.0', java.version: '1.8.0_282'
Driver info: com.kms.katalon.selenium.driver.CEdgeDriver
Capabilities {acceptInsecureCerts: false, browserName: msedge, browserVersion: 97.0.1072.62, javascriptEnabled: true, ms:edgeOptions: {debuggerAddress: localhost:59414}, msedge: {msedgedriverVersion: 97.0.1072.55 (ce3bf33648805..., userDataDir: C:\Users\W10\AppData\Local\...}, networkConnectionEnabled: false, pageLoadStrategy: normal, platform: WINDOWS, platformName: WINDOWS, proxy: Proxy(), setWindowRect: true, strictFileInteractability: false, timeouts: {implicit: 0, pageLoad: 300000, script: 30000}, unhandledPromptBehavior: dismiss and notify, webauthn:extension:credBlob: true, webauthn:extension:largeBlob: true, webauthn:virtualAuthenticators: true}
Session ID: e192e849794d1ade1de18e38dde24165
	at org.openqa.selenium.remote.http.W3CHttpResponseCodec.createException(W3CHttpResponseCodec.java:187)
	at org.openqa.selenium.remote.http.W3CHttpResponseCodec.decode(W3CHttpResponseCodec.java:122)
	at org.openqa.selenium.remote.http.W3CHttpResponseCodec.decode(W3CHttpResponseCodec.java:49)
	at org.openqa.selenium.remote.HttpCommandExecutor.execute(HttpCommandExecutor.java:158)
	at org.openqa.selenium.remote.service.DriverCommandExecutor.execute(DriverCommandExecutor.java:83)
	at org.openqa.selenium.remote.RemoteWebDriver.execute(RemoteWebDriver.java:552)
	at com.kms.katalon.selenium.driver.CEdgeDriver.execute(CEdgeDriver.java:20)
	at org.openqa.selenium.remote.RemoteWebElement.execute(RemoteWebElement.java:285)
	at org.openqa.selenium.remote.RemoteWebElement.click(RemoteWebElement.java:84)
	at org.openqa.selenium.support.events.EventFiringWebDriver$EventFiringWebElement.lambda$new$0(EventFiringWebDriver.java:404)
	at com.sun.proxy.$Proxy11.click(Unknown Source)
	at org.openqa.selenium.support.events.EventFiringWebDriver$EventFiringWebElement.click(EventFiringWebDriver.java:417)
	at org.openqa.selenium.WebElement$click.call(Unknown Source)
	at com.kms.katalon.core.webui.keyword.builtin.ClickKeyword.clickUntilSuccessWithTimeout(ClickKeyword.groovy:81)
	at com.kms.katalon.core.webui.keyword.builtin.ClickKeyword.clickUntilSuccessWithTimeout(ClickKeyword.groovy)
	at com.kms.katalon.core.webui.keyword.builtin.ClickKeyword$_click_closure1.doCall(ClickKeyword.groovy:67)
	at com.kms.katalon.core.webui.keyword.builtin.ClickKeyword$_click_closure1.call(ClickKeyword.groovy)
	at com.kms.katalon.core.webui.keyword.internal.WebUIKeywordMain.runKeyword(WebUIKeywordMain.groovy:20)
	... 38 more
"/>
         <system-out><![CDATA[2022-01-16 21:20:51 - [TEST_CASE][FAILED] - Test Cases/Create folder and quiz/Create quiz without title: Test Cases/Create folder and quiz/Create quiz without title FAILED.
Reason:
com.kms.katalon.core.exception.StepFailedException: Call Test Case 'Test Cases/Utils/Create course CNPM' failed
	at com.kms.katalon.core.keyword.builtin.CallTestCaseKeyword$_callTestCase_closure1.doCall(CallTestCaseKeyword.groovy:63)
	at com.kms.katalon.core.keyword.builtin.CallTestCaseKeyword$_callTestCase_closure1.call(CallTestCaseKeyword.groovy)
	at com.kms.katalon.core.keyword.internal.KeywordMain.runKeyword(KeywordMain.groovy:74)
	at com.kms.katalon.core.keyword.builtin.CallTestCaseKeyword.callTestCase(CallTestCaseKeyword.groovy:81)
	at com.kms.katalon.core.keyword.builtin.CallTestCaseKeyword.execute(CallTestCaseKeyword.groovy:44)
	at com.kms.katalon.core.keyword.internal.KeywordExecutor.executeKeywordForPlatform(KeywordExecutor.groovy:74)
	at com.kms.katalon.core.keyword.BuiltinKeywords.callTestCase(BuiltinKeywords.groovy:334)
	at Create quiz without title.run(Create quiz without title:24)
	at com.kms.katalon.core.main.ScriptEngine.run(ScriptEngine.java:194)
	at com.kms.katalon.core.main.ScriptEngine.runScriptAsRawText(ScriptEngine.java:119)
	at com.kms.katalon.core.main.TestCaseExecutor.runScript(TestCaseExecutor.java:442)
	at com.kms.katalon.core.main.TestCaseExecutor.doExecute(TestCaseExecutor.java:433)
	at com.kms.katalon.core.main.TestCaseExecutor.processExecutionPhase(TestCaseExecutor.java:412)
	at com.kms.katalon.core.main.TestCaseExecutor.accessMainPhase(TestCaseExecutor.java:404)
	at com.kms.katalon.core.main.TestCaseExecutor.execute(TestCaseExecutor.java:281)
	at com.kms.katalon.core.main.TestCaseExecutor.execute(TestCaseExecutor.java:363)
	at com.kms.katalon.core.main.TestCaseExecutor.execute(TestCaseExecutor.java:363)
	at com.kms.katalon.core.main.TestCaseExecutor.execute(TestCaseExecutor.java:363)
	at com.kms.katalon.core.main.TestSuiteExecutor.accessTestCaseMainPhase(TestSuiteExecutor.java:202)
	at com.kms.katalon.core.main.TestSuiteExecutor.accessTestSuiteMainPhase(TestSuiteExecutor.java:164)
	at com.kms.katalon.core.main.TestSuiteExecutor.execute(TestSuiteExecutor.java:105)
	at com.kms.katalon.core.main.TestCaseMain.startTestSuite(TestCaseMain.java:181)
	at com.kms.katalon.core.main.TestCaseMain$startTestSuite$0.call(Unknown Source)
	at TempTestSuite1642335656208.run(TempTestSuite1642335656208.groovy:36)
Caused by: com.kms.katalon.core.exception.StepFailedException: Unable to click on object 'Object Repository/Utils/Page_CNPM Danh sch thnh vin/span_Teacher Nguyen'
	at com.kms.katalon.core.webui.keyword.internal.WebUIKeywordMain.stepFailed(WebUIKeywordMain.groovy:64)
	at com.kms.katalon.core.webui.keyword.internal.WebUIKeywordMain.runKeyword(WebUIKeywordMain.groovy:26)
	at com.kms.katalon.core.webui.keyword.builtin.ClickKeyword.click(ClickKeyword.groovy:74)
	at com.kms.katalon.core.webui.keyword.builtin.ClickKeyword.execute(ClickKeyword.groovy:40)
	at com.kms.katalon.core.keyword.internal.KeywordExecutor.executeKeywordForPlatform(KeywordExecutor.groovy:74)
	at com.kms.katalon.core.webui.keyword.WebUiBuiltInKeywords.click(WebUiBuiltInKeywords.groovy:620)
	at com.kms.katalon.core.webui.keyword.WebUiBuiltInKeywords$click$1.call(Unknown Source)
	at Create course CNPM.run(Create course CNPM:48)
	at com.kms.katalon.core.main.ScriptEngine.run(ScriptEngine.java:194)
	at com.kms.katalon.core.main.ScriptEngine.runScriptAsRawText(ScriptEngine.java:119)
	at com.kms.katalon.core.main.TestCaseExecutor.runScript(TestCaseExecutor.java:442)
	at com.kms.katalon.core.main.TestCaseExecutor.doExecute(TestCaseExecutor.java:433)
	at com.kms.katalon.core.main.TestCaseExecutor.processExecutionPhase(TestCaseExecutor.java:412)
	at com.kms.katalon.core.main.TestCaseExecutor.accessMainPhase(TestCaseExecutor.java:404)
	at com.kms.katalon.core.main.TestCaseExecutor.execute(TestCaseExecutor.java:281)
	at com.kms.katalon.core.main.TestCaseMain.runTestCase(TestCaseMain.java:138)
	at com.kms.katalon.core.keyword.builtin.CallTestCaseKeyword$_callTestCase_closure1.doCall(CallTestCaseKeyword.groovy:59)
	... 23 more
Caused by: org.openqa.selenium.ElementNotInteractableException: element not interactable
  (Session info: MicrosoftEdge=97.0.1072.62)
Build info: version: '3.141.59', revision: 'e82be7d358', time: '2018-11-14T08:25:53'
System info: host: 'DESKTOP-11TAGP6', ip: '192.168.56.1', os.name: 'Windows 10', os.arch: 'amd64', os.version: '10.0', java.version: '1.8.0_282'
Driver info: com.kms.katalon.selenium.driver.CEdgeDriver
Capabilities {acceptInsecureCerts: false, browserName: msedge, browserVersion: 97.0.1072.62, javascriptEnabled: true, ms:edgeOptions: {debuggerAddress: localhost:59414}, msedge: {msedgedriverVersion: 97.0.1072.55 (ce3bf33648805..., userDataDir: C:\Users\W10\AppData\Local\...}, networkConnectionEnabled: false, pageLoadStrategy: normal, platform: WINDOWS, platformName: WINDOWS, proxy: Proxy(), setWindowRect: true, strictFileInteractability: false, timeouts: {implicit: 0, pageLoad: 300000, script: 30000}, unhandledPromptBehavior: dismiss and notify, webauthn:extension:credBlob: true, webauthn:extension:largeBlob: true, webauthn:virtualAuthenticators: true}
Session ID: e192e849794d1ade1de18e38dde24165
	at org.openqa.selenium.remote.http.W3CHttpResponseCodec.createException(W3CHttpResponseCodec.java:187)
	at org.openqa.selenium.remote.http.W3CHttpResponseCodec.decode(W3CHttpResponseCodec.java:122)
	at org.openqa.selenium.remote.http.W3CHttpResponseCodec.decode(W3CHttpResponseCodec.java:49)
	at org.openqa.selenium.remote.HttpCommandExecutor.execute(HttpCommandExecutor.java:158)
	at org.openqa.selenium.remote.service.DriverCommandExecutor.execute(DriverCommandExecutor.java:83)
	at org.openqa.selenium.remote.RemoteWebDriver.execute(RemoteWebDriver.java:552)
	at com.kms.katalon.selenium.driver.CEdgeDriver.execute(CEdgeDriver.java:20)
	at org.openqa.selenium.remote.RemoteWebElement.execute(RemoteWebElement.java:285)
	at org.openqa.selenium.remote.RemoteWebElement.click(RemoteWebElement.java:84)
	at org.openqa.selenium.support.events.EventFiringWebDriver$EventFiringWebElement.lambda$new$0(EventFiringWebDriver.java:404)
	at com.sun.proxy.$Proxy11.click(Unknown Source)
	at org.openqa.selenium.support.events.EventFiringWebDriver$EventFiringWebElement.click(EventFiringWebDriver.java:417)
	at org.openqa.selenium.WebElement$click.call(Unknown Source)
	at com.kms.katalon.core.webui.keyword.builtin.ClickKeyword.clickUntilSuccessWithTimeout(ClickKeyword.groovy:81)
	at com.kms.katalon.core.webui.keyword.builtin.ClickKeyword.clickUntilSuccessWithTimeout(ClickKeyword.groovy)
	at com.kms.katalon.core.webui.keyword.builtin.ClickKeyword$_click_closure1.doCall(ClickKeyword.groovy:67)
	at com.kms.katalon.core.webui.keyword.builtin.ClickKeyword$_click_closure1.call(ClickKeyword.groovy)
	at com.kms.katalon.core.webui.keyword.internal.WebUIKeywordMain.runKeyword(WebUIKeywordMain.groovy:20)
	... 38 more


2022-01-16 21:20:51 - [TEST_STEP][PASSED] - openBrowser(""): Browser is opened with url: ''

2022-01-16 21:20:51 - [MESSAGE][WARNING] - A browser is already opened. Closing browser and opening a new one

2022-01-16 21:20:52 - [MESSAGE][INFO] - Starting 'Edge Chromium' driver

2022-01-16 21:20:54 - [MESSAGE][INFO] - Action delay is set to 0 milliseconds

2022-01-16 21:20:57 - [MESSAGE][PASSED] - Browser is opened with url: ''

2022-01-16 21:20:57 - [TEST_STEP][PASSED] - navigateToUrl("http://localhost/"): Navigate to 'http://localhost/' successfully

2022-01-16 21:21:01 - [MESSAGE][PASSED] - Navigate to 'http://localhost/' successfully

2022-01-16 21:21:01 - [TEST_STEP][FAILED] - callTestCase(findTestCase("Utils/Create course CNPM"), [:], STOP_ON_FAILURE): Unable to call Test Case 'Test Cases/Utils/Create course CNPM' (Root cause: com.kms.katalon.core.exception.StepFailedException: Call Test Case 'Test Cases/Utils/Create course CNPM' failed
	at com.kms.katalon.core.keyword.builtin.CallTestCaseKeyword$_callTestCase_closure1.doCall(CallTestCaseKeyword.groovy:63)
	at com.kms.katalon.core.keyword.builtin.CallTestCaseKeyword$_callTestCase_closure1.call(CallTestCaseKeyword.groovy)
	at com.kms.katalon.core.keyword.internal.KeywordMain.runKeyword(KeywordMain.groovy:74)
	at com.kms.katalon.core.keyword.builtin.CallTestCaseKeyword.callTestCase(CallTestCaseKeyword.groovy:81)
	at com.kms.katalon.core.keyword.builtin.CallTestCaseKeyword.execute(CallTestCaseKeyword.groovy:44)
	at com.kms.katalon.core.keyword.internal.KeywordExecutor.executeKeywordForPlatform(KeywordExecutor.groovy:74)
	at com.kms.katalon.core.keyword.BuiltinKeywords.callTestCase(BuiltinKeywords.groovy:334)
	at Create quiz without title.run(Create quiz without title:24)
	at com.kms.katalon.core.main.ScriptEngine.run(ScriptEngine.java:194)
	at com.kms.katalon.core.main.ScriptEngine.runScriptAsRawText(ScriptEngine.java:119)
	at com.kms.katalon.core.main.TestCaseExecutor.runScript(TestCaseExecutor.java:442)
	at com.kms.katalon.core.main.TestCaseExecutor.doExecute(TestCaseExecutor.java:433)
	at com.kms.katalon.core.main.TestCaseExecutor.processExecutionPhase(TestCaseExecutor.java:412)
	at com.kms.katalon.core.main.TestCaseExecutor.accessMainPhase(TestCaseExecutor.java:404)
	at com.kms.katalon.core.main.TestCaseExecutor.execute(TestCaseExecutor.java:281)
	at com.kms.katalon.core.main.TestCaseExecutor.execute(TestCaseExecutor.java:363)
	at com.kms.katalon.core.main.TestCaseExecutor.execute(TestCaseExecutor.java:363)
	at com.kms.katalon.core.main.TestCaseExecutor.execute(TestCaseExecutor.java:363)
	at com.kms.katalon.core.main.TestSuiteExecutor.accessTestCaseMainPhase(TestSuiteExecutor.java:202)
	at com.kms.katalon.core.main.TestSuiteExecutor.accessTestSuiteMainPhase(TestSuiteExecutor.java:164)
	at com.kms.katalon.core.main.TestSuiteExecutor.execute(TestSuiteExecutor.java:105)
	at com.kms.katalon.core.main.TestCaseMain.startTestSuite(TestCaseMain.java:181)
	at com.kms.katalon.core.main.TestCaseMain$startTestSuite$0.call(Unknown Source)
	at TempTestSuite1642335656208.run(TempTestSuite1642335656208.groovy:36)
Caused by: com.kms.katalon.core.exception.StepFailedException: Unable to click on object 'Object Repository/Utils/Page_CNPM Danh sch thnh vin/span_Teacher Nguyen'
	at com.kms.katalon.core.webui.keyword.internal.WebUIKeywordMain.stepFailed(WebUIKeywordMain.groovy:64)
	at com.kms.katalon.core.webui.keyword.internal.WebUIKeywordMain.runKeyword(WebUIKeywordMain.groovy:26)
	at com.kms.katalon.core.webui.keyword.builtin.ClickKeyword.click(ClickKeyword.groovy:74)
	at com.kms.katalon.core.webui.keyword.builtin.ClickKeyword.execute(ClickKeyword.groovy:40)
	at com.kms.katalon.core.keyword.internal.KeywordExecutor.executeKeywordForPlatform(KeywordExecutor.groovy:74)
	at com.kms.katalon.core.webui.keyword.WebUiBuiltInKeywords.click(WebUiBuiltInKeywords.groovy:620)
	at com.kms.katalon.core.webui.keyword.WebUiBuiltInKeywords$click$1.call(Unknown Source)
	at Create course CNPM.run(Create course CNPM:48)
	at com.kms.katalon.core.main.ScriptEngine.run(ScriptEngine.java:194)
	at com.kms.katalon.core.main.ScriptEngine.runScriptAsRawText(ScriptEngine.java:119)
	at com.kms.katalon.core.main.TestCaseExecutor.runScript(TestCaseExecutor.java:442)
	at com.kms.katalon.core.main.TestCaseExecutor.doExecute(TestCaseExecutor.java:433)
	at com.kms.katalon.core.main.TestCaseExecutor.processExecutionPhase(TestCaseExecutor.java:412)
	at com.kms.katalon.core.main.TestCaseExecutor.accessMainPhase(TestCaseExecutor.java:404)
	at com.kms.katalon.core.main.TestCaseExecutor.execute(TestCaseExecutor.java:281)
	at com.kms.katalon.core.main.TestCaseMain.runTestCase(TestCaseMain.java:138)
	at com.kms.katalon.core.keyword.builtin.CallTestCaseKeyword$_callTestCase_closure1.doCall(CallTestCaseKeyword.groovy:59)
	... 23 more
Caused by: org.openqa.selenium.ElementNotInteractableException: element not interactable
  (Session info: MicrosoftEdge=97.0.1072.62)
Build info: version: '3.141.59', revision: 'e82be7d358', time: '2018-11-14T08:25:53'
System info: host: 'DESKTOP-11TAGP6', ip: '192.168.56.1', os.name: 'Windows 10', os.arch: 'amd64', os.version: '10.0', java.version: '1.8.0_282'
Driver info: com.kms.katalon.selenium.driver.CEdgeDriver
Capabilities {acceptInsecureCerts: false, browserName: msedge, browserVersion: 97.0.1072.62, javascriptEnabled: true, ms:edgeOptions: {debuggerAddress: localhost:59414}, msedge: {msedgedriverVersion: 97.0.1072.55 (ce3bf33648805..., userDataDir: C:\Users\W10\AppData\Local\...}, networkConnectionEnabled: false, pageLoadStrategy: normal, platform: WINDOWS, platformName: WINDOWS, proxy: Proxy(), setWindowRect: true, strictFileInteractability: false, timeouts: {implicit: 0, pageLoad: 300000, script: 30000}, unhandledPromptBehavior: dismiss and notify, webauthn:extension:credBlob: true, webauthn:extension:largeBlob: true, webauthn:virtualAuthenticators: true}
Session ID: e192e849794d1ade1de18e38dde24165
	at org.openqa.selenium.remote.http.W3CHttpResponseCodec.createException(W3CHttpResponseCodec.java:187)
	at org.openqa.selenium.remote.http.W3CHttpResponseCodec.decode(W3CHttpResponseCodec.java:122)
	at org.openqa.selenium.remote.http.W3CHttpResponseCodec.decode(W3CHttpResponseCodec.java:49)
	at org.openqa.selenium.remote.HttpCommandExecutor.execute(HttpCommandExecutor.java:158)
	at org.openqa.selenium.remote.service.DriverCommandExecutor.execute(DriverCommandExecutor.java:83)
	at org.openqa.selenium.remote.RemoteWebDriver.execute(RemoteWebDriver.java:552)
	at com.kms.katalon.selenium.driver.CEdgeDriver.execute(CEdgeDriver.java:20)
	at org.openqa.selenium.remote.RemoteWebElement.execute(RemoteWebElement.java:285)
	at org.openqa.selenium.remote.RemoteWebElement.click(RemoteWebElement.java:84)
	at org.openqa.selenium.support.events.EventFiringWebDriver$EventFiringWebElement.lambda$new$0(EventFiringWebDriver.java:404)
	at com.sun.proxy.$Proxy11.click(Unknown Source)
	at org.openqa.selenium.support.events.EventFiringWebDriver$EventFiringWebElement.click(EventFiringWebDriver.java:417)
	at org.openqa.selenium.WebElement$click.call(Unknown Source)
	at com.kms.katalon.core.webui.keyword.builtin.ClickKeyword.clickUntilSuccessWithTimeout(ClickKeyword.groovy:81)
	at com.kms.katalon.core.webui.keyword.builtin.ClickKeyword.clickUntilSuccessWithTimeout(ClickKeyword.groovy)
	at com.kms.katalon.core.webui.keyword.builtin.ClickKeyword$_click_closure1.doCall(ClickKeyword.groovy:67)
	at com.kms.katalon.core.webui.keyword.builtin.ClickKeyword$_click_closure1.call(ClickKeyword.groovy)
	at com.kms.katalon.core.webui.keyword.internal.WebUIKeywordMain.runKeyword(WebUIKeywordMain.groovy:20)
	... 38 more
)

2022-01-16 21:21:01 - [TEST_CASE][FAILED] - Test Cases/Utils/Create course CNPM: Test Cases/Utils/Create course CNPM FAILED.
Reason:
com.kms.katalon.core.exception.StepFailedException: Unable to click on object 'Object Repository/Utils/Page_CNPM Danh sch thnh vin/span_Teacher Nguyen'
	at com.kms.katalon.core.webui.keyword.internal.WebUIKeywordMain.stepFailed(WebUIKeywordMain.groovy:64)
	at com.kms.katalon.core.webui.keyword.internal.WebUIKeywordMain.runKeyword(WebUIKeywordMain.groovy:26)
	at com.kms.katalon.core.webui.keyword.builtin.ClickKeyword.click(ClickKeyword.groovy:74)
	at com.kms.katalon.core.webui.keyword.builtin.ClickKeyword.execute(ClickKeyword.groovy:40)
	at com.kms.katalon.core.keyword.internal.KeywordExecutor.executeKeywordForPlatform(KeywordExecutor.groovy:74)
	at com.kms.katalon.core.webui.keyword.WebUiBuiltInKeywords.click(WebUiBuiltInKeywords.groovy:620)
	at com.kms.katalon.core.webui.keyword.WebUiBuiltInKeywords$click$1.call(Unknown Source)
	at Create course CNPM.run(Create course CNPM:48)
	at com.kms.katalon.core.main.ScriptEngine.run(ScriptEngine.java:194)
	at com.kms.katalon.core.main.ScriptEngine.runScriptAsRawText(ScriptEngine.java:119)
	at com.kms.katalon.core.main.TestCaseExecutor.runScript(TestCaseExecutor.java:442)
	at com.kms.katalon.core.main.TestCaseExecutor.doExecute(TestCaseExecutor.java:433)
	at com.kms.katalon.core.main.TestCaseExecutor.processExecutionPhase(TestCaseExecutor.java:412)
	at com.kms.katalon.core.main.TestCaseExecutor.accessMainPhase(TestCaseExecutor.java:404)
	at com.kms.katalon.core.main.TestCaseExecutor.execute(TestCaseExecutor.java:281)
	at com.kms.katalon.core.main.TestCaseMain.runTestCase(TestCaseMain.java:138)
	at com.kms.katalon.core.keyword.builtin.CallTestCaseKeyword$_callTestCase_closure1.doCall(CallTestCaseKeyword.groovy:59)
	at com.kms.katalon.core.keyword.builtin.CallTestCaseKeyword$_callTestCase_closure1.call(CallTestCaseKeyword.groovy)
	at com.kms.katalon.core.keyword.internal.KeywordMain.runKeyword(KeywordMain.groovy:74)
	at com.kms.katalon.core.keyword.builtin.CallTestCaseKeyword.callTestCase(CallTestCaseKeyword.groovy:81)
	at com.kms.katalon.core.keyword.builtin.CallTestCaseKeyword.execute(CallTestCaseKeyword.groovy:44)
	at com.kms.katalon.core.keyword.internal.KeywordExecutor.executeKeywordForPlatform(KeywordExecutor.groovy:74)
	at com.kms.katalon.core.keyword.BuiltinKeywords.callTestCase(BuiltinKeywords.groovy:334)
	at Create quiz without title.run(Create quiz without title:24)
	at com.kms.katalon.core.main.ScriptEngine.run(ScriptEngine.java:194)
	at com.kms.katalon.core.main.ScriptEngine.runScriptAsRawText(ScriptEngine.java:119)
	at com.kms.katalon.core.main.TestCaseExecutor.runScript(TestCaseExecutor.java:442)
	at com.kms.katalon.core.main.TestCaseExecutor.doExecute(TestCaseExecutor.java:433)
	at com.kms.katalon.core.main.TestCaseExecutor.processExecutionPhase(TestCaseExecutor.java:412)
	at com.kms.katalon.core.main.TestCaseExecutor.accessMainPhase(TestCaseExecutor.java:404)
	at com.kms.katalon.core.main.TestCaseExecutor.execute(TestCaseExecutor.java:281)
	at com.kms.katalon.core.main.TestCaseExecutor.execute(TestCaseExecutor.java:363)
	at com.kms.katalon.core.main.TestCaseExecutor.execute(TestCaseExecutor.java:363)
	at com.kms.katalon.core.main.TestCaseExecutor.execute(TestCaseExecutor.java:363)
	at com.kms.katalon.core.main.TestSuiteExecutor.accessTestCaseMainPhase(TestSuiteExecutor.java:202)
	at com.kms.katalon.core.main.TestSuiteExecutor.accessTestSuiteMainPhase(TestSuiteExecutor.java:164)
	at com.kms.katalon.core.main.TestSuiteExecutor.execute(TestSuiteExecutor.java:105)
	at com.kms.katalon.core.main.TestCaseMain.startTestSuite(TestCaseMain.java:181)
	at com.kms.katalon.core.main.TestCaseMain$startTestSuite$0.call(Unknown Source)
	at TempTestSuite1642335656208.run(TempTestSuite1642335656208.groovy:36)
Caused by: org.openqa.selenium.ElementNotInteractableException: element not interactable
  (Session info: MicrosoftEdge=97.0.1072.62)
Build info: version: '3.141.59', revision: 'e82be7d358', time: '2018-11-14T08:25:53'
System info: host: 'DESKTOP-11TAGP6', ip: '192.168.56.1', os.name: 'Windows 10', os.arch: 'amd64', os.version: '10.0', java.version: '1.8.0_282'
Driver info: com.kms.katalon.selenium.driver.CEdgeDriver
Capabilities {acceptInsecureCerts: false, browserName: msedge, browserVersion: 97.0.1072.62, javascriptEnabled: true, ms:edgeOptions: {debuggerAddress: localhost:59414}, msedge: {msedgedriverVersion: 97.0.1072.55 (ce3bf33648805..., userDataDir: C:\Users\W10\AppData\Local\...}, networkConnectionEnabled: false, pageLoadStrategy: normal, platform: WINDOWS, platformName: WINDOWS, proxy: Proxy(), setWindowRect: true, strictFileInteractability: false, timeouts: {implicit: 0, pageLoad: 300000, script: 30000}, unhandledPromptBehavior: dismiss and notify, webauthn:extension:credBlob: true, webauthn:extension:largeBlob: true, webauthn:virtualAuthenticators: true}
Session ID: e192e849794d1ade1de18e38dde24165
	at org.openqa.selenium.remote.http.W3CHttpResponseCodec.createException(W3CHttpResponseCodec.java:187)
	at org.openqa.selenium.remote.http.W3CHttpResponseCodec.decode(W3CHttpResponseCodec.java:122)
	at org.openqa.selenium.remote.http.W3CHttpResponseCodec.decode(W3CHttpResponseCodec.java:49)
	at org.openqa.selenium.remote.HttpCommandExecutor.execute(HttpCommandExecutor.java:158)
	at org.openqa.selenium.remote.service.DriverCommandExecutor.execute(DriverCommandExecutor.java:83)
	at org.openqa.selenium.remote.RemoteWebDriver.execute(RemoteWebDriver.java:552)
	at com.kms.katalon.selenium.driver.CEdgeDriver.execute(CEdgeDriver.java:20)
	at org.openqa.selenium.remote.RemoteWebElement.execute(RemoteWebElement.java:285)
	at org.openqa.selenium.remote.RemoteWebElement.click(RemoteWebElement.java:84)
	at org.openqa.selenium.support.events.EventFiringWebDriver$EventFiringWebElement.lambda$new$0(EventFiringWebDriver.java:404)
	at com.sun.proxy.$Proxy11.click(Unknown Source)
	at org.openqa.selenium.support.events.EventFiringWebDriver$EventFiringWebElement.click(EventFiringWebDriver.java:417)
	at org.openqa.selenium.WebElement$click.call(Unknown Source)
	at com.kms.katalon.core.webui.keyword.builtin.ClickKeyword.clickUntilSuccessWithTimeout(ClickKeyword.groovy:81)
	at com.kms.katalon.core.webui.keyword.builtin.ClickKeyword.clickUntilSuccessWithTimeout(ClickKeyword.groovy)
	at com.kms.katalon.core.webui.keyword.builtin.ClickKeyword$_click_closure1.doCall(ClickKeyword.groovy:67)
	at com.kms.katalon.core.webui.keyword.builtin.ClickKeyword$_click_closure1.call(ClickKeyword.groovy)
	at com.kms.katalon.core.webui.keyword.internal.WebUIKeywordMain.runKeyword(WebUIKeywordMain.groovy:20)
	... 38 more


2022-01-16 21:21:01 - [TEST_STEP][PASSED] - callTestCase(findTestCase("Utils/Login as admin"), [:], STOP_ON_FAILURE): Call Test Case 'Test Cases/Utils/Login as admin' successfully

2022-01-16 21:21:01 - [TEST_CASE][PASSED] - Test Cases/Utils/Login as admin: Test Cases/Utils/Login as admin

2022-01-16 21:21:01 - [TEST_STEP][PASSED] - click(findTestObject("View course grade/Page_Local Moodle/a_Log in")): Object: 'Object Repository/View course grade/Page_Local Moodle/a_Log in' is clicked on

2022-01-16 21:21:03 - [MESSAGE][PASSED] - Object: 'Object Repository/View course grade/Page_Local Moodle/a_Log in' is clicked on

2022-01-16 21:21:03 - [TEST_STEP][PASSED] - setText(findTestObject("View course grade/Page_Local Moodle Log in to the site/input_Username_username"), "admin"): Text 'admin' is set on object 'Object Repository/View course grade/Page_Local Moodle Log in to the site/input_Username_username'

2022-01-16 21:21:04 - [MESSAGE][PASSED] - Text 'admin' is set on object 'Object Repository/View course grade/Page_Local Moodle Log in to the site/input_Username_username'

2022-01-16 21:21:04 - [TEST_STEP][PASSED] - setEncryptedText(findTestObject("View course grade/Page_Local Moodle Log in to the site/input_Password_password"), "bfAykA/oWJ09FXmiKh6lyuuLu8QhG1K5"): Text ****** has been set on object 'Object Repository/View course grade/Page_Local Moodle Log in to the site/input_Password_password'

2022-01-16 21:21:06 - [MESSAGE][PASSED] - Text ****** has been set on object 'Object Repository/View course grade/Page_Local Moodle Log in to the site/input_Password_password'

2022-01-16 21:21:06 - [TEST_STEP][PASSED] - click(findTestObject("View course grade/Page_Local Moodle Log in to the site/button_Log in")): Object: 'Object Repository/View course grade/Page_Local Moodle Log in to the site/button_Log in' is clicked on

2022-01-16 21:21:14 - [MESSAGE][PASSED] - Object: 'Object Repository/View course grade/Page_Local Moodle Log in to the site/button_Log in' is clicked on

2022-01-16 21:21:14 - [MESSAGE][PASSED] - Call Test Case 'Test Cases/Utils/Login as admin' successfully

2022-01-16 21:21:14 - [TEST_STEP][PASSED] - click(findTestObject("Object Repository/Utils/Page_Nh ca ti/span_Qun tr khu vc")): Object: 'Object Repository/Utils/Page_Nh ca ti/span_Qun tr khu vc' is clicked on

2022-01-16 21:21:25 - [MESSAGE][PASSED] - Object: 'Object Repository/Utils/Page_Nh ca ti/span_Qun tr khu vc' is clicked on

2022-01-16 21:21:25 - [TEST_STEP][PASSED] - click(findTestObject("Object Repository/Utils/Page_Moodle Khu vc qun tr Tm kim/a_Kho hc")): Object: 'Object Repository/Utils/Page_Moodle Khu vc qun tr Tm kim/a_Kho hc' is clicked on

2022-01-16 21:21:26 - [MESSAGE][PASSED] - Object: 'Object Repository/Utils/Page_Moodle Khu vc qun tr Tm kim/a_Kho hc' is clicked on

2022-01-16 21:21:26 - [TEST_STEP][PASSED] - click(findTestObject("Object Repository/Utils/Page_Moodle Khu vc qun tr Tm kim/a_Thmsa cc kho hc")): Object: 'Object Repository/Utils/Page_Moodle Khu vc qun tr Tm kim/a_Thmsa cc kho hc' is clicked on

2022-01-16 21:21:29 - [MESSAGE][PASSED] - Object: 'Object Repository/Utils/Page_Moodle Khu vc qun tr Tm kim/a_Thmsa cc kho hc' is clicked on

2022-01-16 21:21:29 - [TEST_STEP][PASSED] - click(findTestObject("Object Repository/Utils/Page_Qun l kha hc v danh mc kha hc/a_To kha hc mi")): Object: 'Object Repository/Utils/Page_Qun l kha hc v danh mc kha hc/a_To kha hc mi' is clicked on

2022-01-16 21:21:36 - [MESSAGE][INFO] - Unable to find the element located by 'By.xpath: //div[@id='yui_3_17_2_1_1641906891631_57']/div/div/a'. Please recheck the objects properties to make sure the desired element is located. 

2022-01-16 21:21:36 - [MESSAGE][WARNING] - [SELF-HEALING] Failed to find element with id 'Object Repository/Utils/Page_Qun l kha hc v danh mc kha hc/a_To kha hc mi'. Try using Self-healing.

2022-01-16 21:21:36 - [MESSAGE][WARNING] - [SELF-HEALING] The current locator of test object 'Object Repository/Utils/Page_Qun l kha hc v danh mc kha hc/a_To kha hc mi' was broken. Propose an alternative one: '//a[contains(text(),'Tạo khóa học mới')]'.

2022-01-16 21:21:40 - [MESSAGE][PASSED] - Object: 'Object Repository/Utils/Page_Qun l kha hc v danh mc kha hc/a_To kha hc mi' is clicked on

2022-01-16 21:21:40 - [TEST_STEP][PASSED] - setText(findTestObject("Object Repository/Utils/Page_Moodle Thm kho hc mi/input_Tn y_fullname"), "Nhập môn Công nghệ phần mềm"): Text 'Nhập môn Công nghệ phần mềm' is set on object 'Object Repository/Utils/Page_Moodle Thm kho hc mi/input_Tn y_fullname'

2022-01-16 21:21:42 - [MESSAGE][PASSED] - Text 'Nhập môn Công nghệ phần mềm' is set on object 'Object Repository/Utils/Page_Moodle Thm kho hc mi/input_Tn y_fullname'

2022-01-16 21:21:42 - [TEST_STEP][PASSED] - setText(findTestObject("Object Repository/Utils/Page_Moodle Thm kho hc mi/input_Tn rt gn ca kho hc_shortname"), "CNPM"): Text 'CNPM' is set on object 'Object Repository/Utils/Page_Moodle Thm kho hc mi/input_Tn rt gn ca kho hc_shortname'

2022-01-16 21:21:43 - [MESSAGE][PASSED] - Text 'CNPM' is set on object 'Object Repository/Utils/Page_Moodle Thm kho hc mi/input_Tn rt gn ca kho hc_shortname'

2022-01-16 21:21:43 - [TEST_STEP][PASSED] - click(findTestObject("Object Repository/Utils/Page_Moodle Thm kho hc mi/input__saveanddisplay")): Object: 'Object Repository/Utils/Page_Moodle Thm kho hc mi/input__saveanddisplay' is clicked on

2022-01-16 21:21:47 - [MESSAGE][PASSED] - Object: 'Object Repository/Utils/Page_Moodle Thm kho hc mi/input__saveanddisplay' is clicked on

2022-01-16 21:21:47 - [TEST_STEP][PASSED] - click(findTestObject("Object Repository/Utils/Page_CNPM Danh sch thnh vin/input_Danh sch thnh vin_btn btn-secondary my-1")): Object: 'Object Repository/Utils/Page_CNPM Danh sch thnh vin/input_Danh sch thnh vin_btn btn-secondary my-1' is clicked on

2022-01-16 21:21:47 - [MESSAGE][PASSED] - Object: 'Object Repository/Utils/Page_CNPM Danh sch thnh vin/input_Danh sch thnh vin_btn btn-secondary my-1' is clicked on

2022-01-16 21:21:47 - [TEST_STEP][PASSED] - click(findTestObject("Object Repository/Utils/Page_CNPM Danh sch thnh vin/span_")): Object: 'Object Repository/Utils/Page_CNPM Danh sch thnh vin/span_' is clicked on

2022-01-16 21:21:54 - [MESSAGE][INFO] - Unable to find the element located by 'By.xpath: //span[@id='form_autocomplete_downarrow-1641965227117']'. Please recheck the objects properties to make sure the desired element is located. 

2022-01-16 21:21:54 - [MESSAGE][WARNING] - [SELF-HEALING] Failed to find element with id 'Object Repository/Utils/Page_CNPM Danh sch thnh vin/span_'. Try using Self-healing.

2022-01-16 21:21:54 - [MESSAGE][WARNING] - [SELF-HEALING] The current locator of test object 'Object Repository/Utils/Page_CNPM Danh sch thnh vin/span_' was broken. Propose an alternative one: '//div[@id='fitem_id_userlist']/div[2]/div[3]/span'.

2022-01-16 21:21:54 - [MESSAGE][PASSED] - Object: 'Object Repository/Utils/Page_CNPM Danh sch thnh vin/span_' is clicked on

2022-01-16 21:21:54 - [TEST_STEP][PASSED] - click(findTestObject("Object Repository/Utils/Page_CNPM Danh sch thnh vin/span_Student Nguyen")): Object: 'Object Repository/Utils/Page_CNPM Danh sch thnh vin/span_Student Nguyen' is clicked on

2022-01-16 21:22:01 - [MESSAGE][INFO] - Unable to find the element located by 'By.xpath: //li[@id='form_autocomplete_suggestions-1641965227117-0']/span/span'. Please recheck the objects properties to make sure the desired element is located. 

2022-01-16 21:22:01 - [MESSAGE][WARNING] - [SELF-HEALING] Failed to find element with id 'Object Repository/Utils/Page_CNPM Danh sch thnh vin/span_Student Nguyen'. Try using Self-healing.

2022-01-16 21:22:01 - [MESSAGE][WARNING] - [SELF-HEALING] The current locator of test object 'Object Repository/Utils/Page_CNPM Danh sch thnh vin/span_Student Nguyen' was broken. Propose an alternative one: '(.//*[normalize-space(text()) and normalize-space(.)='student@gmail.com'])[2]/preceding::span[1]'.

2022-01-16 21:22:01 - [MESSAGE][PASSED] - Object: 'Object Repository/Utils/Page_CNPM Danh sch thnh vin/span_Student Nguyen' is clicked on

2022-01-16 21:22:01 - [TEST_STEP][PASSED] - click(findTestObject("Object Repository/Utils/Page_CNPM Danh sch thnh vin/button_Ghi danh ngi dng")): Object: 'Object Repository/Utils/Page_CNPM Danh sch thnh vin/button_Ghi danh ngi dng' is clicked on

2022-01-16 21:22:08 - [MESSAGE][INFO] - Unable to find the element located by 'By.xpath: //button[@id='yui_3_17_2_1_1641965226678_264']'. Please recheck the objects properties to make sure the desired element is located. 

2022-01-16 21:22:08 - [MESSAGE][WARNING] - [SELF-HEALING] Failed to find element with id 'Object Repository/Utils/Page_CNPM Danh sch thnh vin/button_Ghi danh ngi dng'. Try using Self-healing.

2022-01-16 21:22:08 - [MESSAGE][WARNING] - [SELF-HEALING] The current locator of test object 'Object Repository/Utils/Page_CNPM Danh sch thnh vin/button_Ghi danh ngi dng' was broken. Propose an alternative one: '(.//*[normalize-space(text()) and normalize-space(.)='Phút'])[1]/following::button[1]'.

2022-01-16 21:22:08 - [MESSAGE][PASSED] - Object: 'Object Repository/Utils/Page_CNPM Danh sch thnh vin/button_Ghi danh ngi dng' is clicked on

2022-01-16 21:22:08 - [TEST_STEP][PASSED] - click(findTestObject("Object Repository/Utils/Page_CNPM Danh sch thnh vin/input_Danh sch thnh vin_yui_3_17_2_1_164190_a20bc6")): Object: 'Object Repository/Utils/Page_CNPM Danh sch thnh vin/input_Danh sch thnh vin_yui_3_17_2_1_164190_a20bc6' is clicked on

2022-01-16 21:22:15 - [MESSAGE][INFO] - Unable to find the element located by 'By.xpath: //input[@id='yui_3_17_2_1_1641906981941_20']'. Please recheck the objects properties to make sure the desired element is located. 

2022-01-16 21:22:15 - [MESSAGE][WARNING] - [SELF-HEALING] Failed to find element with id 'Object Repository/Utils/Page_CNPM Danh sch thnh vin/input_Danh sch thnh vin_yui_3_17_2_1_164190_a20bc6'. Try using Self-healing.

2022-01-16 21:22:15 - [MESSAGE][WARNING] - [SELF-HEALING] The current locator of test object 'Object Repository/Utils/Page_CNPM Danh sch thnh vin/input_Danh sch thnh vin_yui_3_17_2_1_164190_a20bc6' was broken. Propose an alternative one: '//input'.

2022-01-16 21:22:15 - [MESSAGE][PASSED] - Object: 'Object Repository/Utils/Page_CNPM Danh sch thnh vin/input_Danh sch thnh vin_yui_3_17_2_1_164190_a20bc6' is clicked on

2022-01-16 21:22:15 - [TEST_STEP][PASSED] - click(findTestObject("Object Repository/Utils/Page_CNPM Danh sch thnh vin/span__1")): Object: 'Object Repository/Utils/Page_CNPM Danh sch thnh vin/span__1' is clicked on

2022-01-16 21:22:22 - [MESSAGE][INFO] - Unable to find the element located by 'By.xpath: //span[@id='form_autocomplete_downarrow-1641965227118']'. Please recheck the objects properties to make sure the desired element is located. 

2022-01-16 21:22:22 - [MESSAGE][WARNING] - [SELF-HEALING] Failed to find element with id 'Object Repository/Utils/Page_CNPM Danh sch thnh vin/span__1'. Try using Self-healing.

2022-01-16 21:22:22 - [MESSAGE][WARNING] - [SELF-HEALING] The current locator of test object 'Object Repository/Utils/Page_CNPM Danh sch thnh vin/span__1' was broken. Propose an alternative one: '//div[@id='fitem_id_userlist']/div[2]/div[3]/span'.

2022-01-16 21:22:22 - [MESSAGE][PASSED] - Object: 'Object Repository/Utils/Page_CNPM Danh sch thnh vin/span__1' is clicked on

2022-01-16 21:22:22 - [TEST_STEP][FAILED] - click(findTestObject("Object Repository/Utils/Page_CNPM Danh sch thnh vin/span_Teacher Nguyen")): Unable to click on object 'Object Repository/Utils/Page_CNPM Danh sch thnh vin/span_Teacher Nguyen' (Root cause: com.kms.katalon.core.exception.StepFailedException: Unable to click on object 'Object Repository/Utils/Page_CNPM Danh sch thnh vin/span_Teacher Nguyen'
	at com.kms.katalon.core.webui.keyword.internal.WebUIKeywordMain.stepFailed(WebUIKeywordMain.groovy:64)
	at com.kms.katalon.core.webui.keyword.internal.WebUIKeywordMain.runKeyword(WebUIKeywordMain.groovy:26)
	at com.kms.katalon.core.webui.keyword.builtin.ClickKeyword.click(ClickKeyword.groovy:74)
	at com.kms.katalon.core.webui.keyword.builtin.ClickKeyword.execute(ClickKeyword.groovy:40)
	at com.kms.katalon.core.keyword.internal.KeywordExecutor.executeKeywordForPlatform(KeywordExecutor.groovy:74)
	at com.kms.katalon.core.webui.keyword.WebUiBuiltInKeywords.click(WebUiBuiltInKeywords.groovy:620)
	at com.kms.katalon.core.webui.keyword.WebUiBuiltInKeywords$click$1.call(Unknown Source)
	at Create course CNPM.run(Create course CNPM:48)
	at com.kms.katalon.core.main.ScriptEngine.run(ScriptEngine.java:194)
	at com.kms.katalon.core.main.ScriptEngine.runScriptAsRawText(ScriptEngine.java:119)
	at com.kms.katalon.core.main.TestCaseExecutor.runScript(TestCaseExecutor.java:442)
	at com.kms.katalon.core.main.TestCaseExecutor.doExecute(TestCaseExecutor.java:433)
	at com.kms.katalon.core.main.TestCaseExecutor.processExecutionPhase(TestCaseExecutor.java:412)
	at com.kms.katalon.core.main.TestCaseExecutor.accessMainPhase(TestCaseExecutor.java:404)
	at com.kms.katalon.core.main.TestCaseExecutor.execute(TestCaseExecutor.java:281)
	at com.kms.katalon.core.main.TestCaseMain.runTestCase(TestCaseMain.java:138)
	at com.kms.katalon.core.keyword.builtin.CallTestCaseKeyword$_callTestCase_closure1.doCall(CallTestCaseKeyword.groovy:59)
	at com.kms.katalon.core.keyword.builtin.CallTestCaseKeyword$_callTestCase_closure1.call(CallTestCaseKeyword.groovy)
	at com.kms.katalon.core.keyword.internal.KeywordMain.runKeyword(KeywordMain.groovy:74)
	at com.kms.katalon.core.keyword.builtin.CallTestCaseKeyword.callTestCase(CallTestCaseKeyword.groovy:81)
	at com.kms.katalon.core.keyword.builtin.CallTestCaseKeyword.execute(CallTestCaseKeyword.groovy:44)
	at com.kms.katalon.core.keyword.internal.KeywordExecutor.executeKeywordForPlatform(KeywordExecutor.groovy:74)
	at com.kms.katalon.core.keyword.BuiltinKeywords.callTestCase(BuiltinKeywords.groovy:334)
	at Create quiz without title.run(Create quiz without title:24)
	at com.kms.katalon.core.main.ScriptEngine.run(ScriptEngine.java:194)
	at com.kms.katalon.core.main.ScriptEngine.runScriptAsRawText(ScriptEngine.java:119)
	at com.kms.katalon.core.main.TestCaseExecutor.runScript(TestCaseExecutor.java:442)
	at com.kms.katalon.core.main.TestCaseExecutor.doExecute(TestCaseExecutor.java:433)
	at com.kms.katalon.core.main.TestCaseExecutor.processExecutionPhase(TestCaseExecutor.java:412)
	at com.kms.katalon.core.main.TestCaseExecutor.accessMainPhase(TestCaseExecutor.java:404)
	at com.kms.katalon.core.main.TestCaseExecutor.execute(TestCaseExecutor.java:281)
	at com.kms.katalon.core.main.TestCaseExecutor.execute(TestCaseExecutor.java:363)
	at com.kms.katalon.core.main.TestCaseExecutor.execute(TestCaseExecutor.java:363)
	at com.kms.katalon.core.main.TestCaseExecutor.execute(TestCaseExecutor.java:363)
	at com.kms.katalon.core.main.TestSuiteExecutor.accessTestCaseMainPhase(TestSuiteExecutor.java:202)
	at com.kms.katalon.core.main.TestSuiteExecutor.accessTestSuiteMainPhase(TestSuiteExecutor.java:164)
	at com.kms.katalon.core.main.TestSuiteExecutor.execute(TestSuiteExecutor.java:105)
	at com.kms.katalon.core.main.TestCaseMain.startTestSuite(TestCaseMain.java:181)
	at com.kms.katalon.core.main.TestCaseMain$startTestSuite$0.call(Unknown Source)
	at TempTestSuite1642335656208.run(TempTestSuite1642335656208.groovy:36)
Caused by: org.openqa.selenium.ElementNotInteractableException: element not interactable
  (Session info: MicrosoftEdge=97.0.1072.62)
Build info: version: '3.141.59', revision: 'e82be7d358', time: '2018-11-14T08:25:53'
System info: host: 'DESKTOP-11TAGP6', ip: '192.168.56.1', os.name: 'Windows 10', os.arch: 'amd64', os.version: '10.0', java.version: '1.8.0_282'
Driver info: com.kms.katalon.selenium.driver.CEdgeDriver
Capabilities {acceptInsecureCerts: false, browserName: msedge, browserVersion: 97.0.1072.62, javascriptEnabled: true, ms:edgeOptions: {debuggerAddress: localhost:59414}, msedge: {msedgedriverVersion: 97.0.1072.55 (ce3bf33648805..., userDataDir: C:\Users\W10\AppData\Local\...}, networkConnectionEnabled: false, pageLoadStrategy: normal, platform: WINDOWS, platformName: WINDOWS, proxy: Proxy(), setWindowRect: true, strictFileInteractability: false, timeouts: {implicit: 0, pageLoad: 300000, script: 30000}, unhandledPromptBehavior: dismiss and notify, webauthn:extension:credBlob: true, webauthn:extension:largeBlob: true, webauthn:virtualAuthenticators: true}
Session ID: e192e849794d1ade1de18e38dde24165
	at org.openqa.selenium.remote.http.W3CHttpResponseCodec.createException(W3CHttpResponseCodec.java:187)
	at org.openqa.selenium.remote.http.W3CHttpResponseCodec.decode(W3CHttpResponseCodec.java:122)
	at org.openqa.selenium.remote.http.W3CHttpResponseCodec.decode(W3CHttpResponseCodec.java:49)
	at org.openqa.selenium.remote.HttpCommandExecutor.execute(HttpCommandExecutor.java:158)
	at org.openqa.selenium.remote.service.DriverCommandExecutor.execute(DriverCommandExecutor.java:83)
	at org.openqa.selenium.remote.RemoteWebDriver.execute(RemoteWebDriver.java:552)
	at com.kms.katalon.selenium.driver.CEdgeDriver.execute(CEdgeDriver.java:20)
	at org.openqa.selenium.remote.RemoteWebElement.execute(RemoteWebElement.java:285)
	at org.openqa.selenium.remote.RemoteWebElement.click(RemoteWebElement.java:84)
	at org.openqa.selenium.support.events.EventFiringWebDriver$EventFiringWebElement.lambda$new$0(EventFiringWebDriver.java:404)
	at com.sun.proxy.$Proxy11.click(Unknown Source)
	at org.openqa.selenium.support.events.EventFiringWebDriver$EventFiringWebElement.click(EventFiringWebDriver.java:417)
	at org.openqa.selenium.WebElement$click.call(Unknown Source)
	at com.kms.katalon.core.webui.keyword.builtin.ClickKeyword.clickUntilSuccessWithTimeout(ClickKeyword.groovy:81)
	at com.kms.katalon.core.webui.keyword.builtin.ClickKeyword.clickUntilSuccessWithTimeout(ClickKeyword.groovy)
	at com.kms.katalon.core.webui.keyword.builtin.ClickKeyword$_click_closure1.doCall(ClickKeyword.groovy:67)
	at com.kms.katalon.core.webui.keyword.builtin.ClickKeyword$_click_closure1.call(ClickKeyword.groovy)
	at com.kms.katalon.core.webui.keyword.internal.WebUIKeywordMain.runKeyword(WebUIKeywordMain.groovy:20)
	at com.kms.katalon.core.webui.keyword.builtin.ClickKeyword.click(ClickKeyword.groovy:74)
	at com.kms.katalon.core.webui.keyword.builtin.ClickKeyword.execute(ClickKeyword.groovy:40)
	at com.kms.katalon.core.keyword.internal.KeywordExecutor.executeKeywordForPlatform(KeywordExecutor.groovy:74)
	at com.kms.katalon.core.webui.keyword.WebUiBuiltInKeywords.click(WebUiBuiltInKeywords.groovy:620)
	at com.kms.katalon.core.webui.keyword.WebUiBuiltInKeywords$click$1.call(Unknown Source)
	at Script1641906761787.run(Script1641906761787.groovy:48)
	at com.kms.katalon.core.main.ScriptEngine.run(ScriptEngine.java:194)
	at com.kms.katalon.core.main.ScriptEngine.runScriptAsRawText(ScriptEngine.java:119)
	at com.kms.katalon.core.main.TestCaseExecutor.runScript(TestCaseExecutor.java:442)
	at com.kms.katalon.core.main.TestCaseExecutor.doExecute(TestCaseExecutor.java:433)
	at com.kms.katalon.core.main.TestCaseExecutor.processExecutionPhase(TestCaseExecutor.java:412)
	at com.kms.katalon.core.main.TestCaseExecutor.accessMainPhase(TestCaseExecutor.java:404)
	at com.kms.katalon.core.main.TestCaseExecutor.execute(TestCaseExecutor.java:281)
	at com.kms.katalon.core.main.TestCaseMain.runTestCase(TestCaseMain.java:138)
	at com.kms.katalon.core.keyword.builtin.CallTestCaseKeyword$_callTestCase_closure1.doCall(CallTestCaseKeyword.groovy:59)
	at com.kms.katalon.core.keyword.builtin.CallTestCaseKeyword$_callTestCase_closure1.call(CallTestCaseKeyword.groovy)
	at com.kms.katalon.core.keyword.internal.KeywordMain.runKeyword(KeywordMain.groovy:74)
	at com.kms.katalon.core.keyword.builtin.CallTestCaseKeyword.callTestCase(CallTestCaseKeyword.groovy:81)
	at com.kms.katalon.core.keyword.builtin.CallTestCaseKeyword.execute(CallTestCaseKeyword.groovy:44)
	at com.kms.katalon.core.keyword.internal.KeywordExecutor.executeKeywordForPlatform(KeywordExecutor.groovy:74)
	at com.kms.katalon.core.keyword.BuiltinKeywords.callTestCase(BuiltinKeywords.groovy:334)
	at Script1641906223516.run(Script1641906223516.groovy:24)
	... 16 more
)

2022-01-16 21:22:23 - [MESSAGE][FAILED] - Unable to click on object 'Object Repository/Utils/Page_CNPM Danh sch thnh vin/span_Teacher Nguyen' (Root cause: com.kms.katalon.core.exception.StepFailedException: Unable to click on object 'Object Repository/Utils/Page_CNPM Danh sch thnh vin/span_Teacher Nguyen'
	at com.kms.katalon.core.webui.keyword.internal.WebUIKeywordMain.stepFailed(WebUIKeywordMain.groovy:64)
	at com.kms.katalon.core.webui.keyword.internal.WebUIKeywordMain.runKeyword(WebUIKeywordMain.groovy:26)
	at com.kms.katalon.core.webui.keyword.builtin.ClickKeyword.click(ClickKeyword.groovy:74)
	at com.kms.katalon.core.webui.keyword.builtin.ClickKeyword.execute(ClickKeyword.groovy:40)
	at com.kms.katalon.core.keyword.internal.KeywordExecutor.executeKeywordForPlatform(KeywordExecutor.groovy:74)
	at com.kms.katalon.core.webui.keyword.WebUiBuiltInKeywords.click(WebUiBuiltInKeywords.groovy:620)
	at com.kms.katalon.core.webui.keyword.WebUiBuiltInKeywords$click$1.call(Unknown Source)
	at Create course CNPM.run(Create course CNPM:48)
	at com.kms.katalon.core.main.ScriptEngine.run(ScriptEngine.java:194)
	at com.kms.katalon.core.main.ScriptEngine.runScriptAsRawText(ScriptEngine.java:119)
	at com.kms.katalon.core.main.TestCaseExecutor.runScript(TestCaseExecutor.java:442)
	at com.kms.katalon.core.main.TestCaseExecutor.doExecute(TestCaseExecutor.java:433)
	at com.kms.katalon.core.main.TestCaseExecutor.processExecutionPhase(TestCaseExecutor.java:412)
	at com.kms.katalon.core.main.TestCaseExecutor.accessMainPhase(TestCaseExecutor.java:404)
	at com.kms.katalon.core.main.TestCaseExecutor.execute(TestCaseExecutor.java:281)
	at com.kms.katalon.core.main.TestCaseMain.runTestCase(TestCaseMain.java:138)
	at com.kms.katalon.core.keyword.builtin.CallTestCaseKeyword$_callTestCase_closure1.doCall(CallTestCaseKeyword.groovy:59)
	at com.kms.katalon.core.keyword.builtin.CallTestCaseKeyword$_callTestCase_closure1.call(CallTestCaseKeyword.groovy)
	at com.kms.katalon.core.keyword.internal.KeywordMain.runKeyword(KeywordMain.groovy:74)
	at com.kms.katalon.core.keyword.builtin.CallTestCaseKeyword.callTestCase(CallTestCaseKeyword.groovy:81)
	at com.kms.katalon.core.keyword.builtin.CallTestCaseKeyword.execute(CallTestCaseKeyword.groovy:44)
	at com.kms.katalon.core.keyword.internal.KeywordExecutor.executeKeywordForPlatform(KeywordExecutor.groovy:74)
	at com.kms.katalon.core.keyword.BuiltinKeywords.callTestCase(BuiltinKeywords.groovy:334)
	at Create quiz without title.run(Create quiz without title:24)
	at com.kms.katalon.core.main.ScriptEngine.run(ScriptEngine.java:194)
	at com.kms.katalon.core.main.ScriptEngine.runScriptAsRawText(ScriptEngine.java:119)
	at com.kms.katalon.core.main.TestCaseExecutor.runScript(TestCaseExecutor.java:442)
	at com.kms.katalon.core.main.TestCaseExecutor.doExecute(TestCaseExecutor.java:433)
	at com.kms.katalon.core.main.TestCaseExecutor.processExecutionPhase(TestCaseExecutor.java:412)
	at com.kms.katalon.core.main.TestCaseExecutor.accessMainPhase(TestCaseExecutor.java:404)
	at com.kms.katalon.core.main.TestCaseExecutor.execute(TestCaseExecutor.java:281)
	at com.kms.katalon.core.main.TestCaseExecutor.execute(TestCaseExecutor.java:363)
	at com.kms.katalon.core.main.TestCaseExecutor.execute(TestCaseExecutor.java:363)
	at com.kms.katalon.core.main.TestCaseExecutor.execute(TestCaseExecutor.java:363)
	at com.kms.katalon.core.main.TestSuiteExecutor.accessTestCaseMainPhase(TestSuiteExecutor.java:202)
	at com.kms.katalon.core.main.TestSuiteExecutor.accessTestSuiteMainPhase(TestSuiteExecutor.java:164)
	at com.kms.katalon.core.main.TestSuiteExecutor.execute(TestSuiteExecutor.java:105)
	at com.kms.katalon.core.main.TestCaseMain.startTestSuite(TestCaseMain.java:181)
	at com.kms.katalon.core.main.TestCaseMain$startTestSuite$0.call(Unknown Source)
	at TempTestSuite1642335656208.run(TempTestSuite1642335656208.groovy:36)
Caused by: org.openqa.selenium.ElementNotInteractableException: element not interactable
  (Session info: MicrosoftEdge=97.0.1072.62)
Build info: version: '3.141.59', revision: 'e82be7d358', time: '2018-11-14T08:25:53'
System info: host: 'DESKTOP-11TAGP6', ip: '192.168.56.1', os.name: 'Windows 10', os.arch: 'amd64', os.version: '10.0', java.version: '1.8.0_282'
Driver info: com.kms.katalon.selenium.driver.CEdgeDriver
Capabilities {acceptInsecureCerts: false, browserName: msedge, browserVersion: 97.0.1072.62, javascriptEnabled: true, ms:edgeOptions: {debuggerAddress: localhost:59414}, msedge: {msedgedriverVersion: 97.0.1072.55 (ce3bf33648805..., userDataDir: C:\Users\W10\AppData\Local\...}, networkConnectionEnabled: false, pageLoadStrategy: normal, platform: WINDOWS, platformName: WINDOWS, proxy: Proxy(), setWindowRect: true, strictFileInteractability: false, timeouts: {implicit: 0, pageLoad: 300000, script: 30000}, unhandledPromptBehavior: dismiss and notify, webauthn:extension:credBlob: true, webauthn:extension:largeBlob: true, webauthn:virtualAuthenticators: true}
Session ID: e192e849794d1ade1de18e38dde24165
	at org.openqa.selenium.remote.http.W3CHttpResponseCodec.createException(W3CHttpResponseCodec.java:187)
	at org.openqa.selenium.remote.http.W3CHttpResponseCodec.decode(W3CHttpResponseCodec.java:122)
	at org.openqa.selenium.remote.http.W3CHttpResponseCodec.decode(W3CHttpResponseCodec.java:49)
	at org.openqa.selenium.remote.HttpCommandExecutor.execute(HttpCommandExecutor.java:158)
	at org.openqa.selenium.remote.service.DriverCommandExecutor.execute(DriverCommandExecutor.java:83)
	at org.openqa.selenium.remote.RemoteWebDriver.execute(RemoteWebDriver.java:552)
	at com.kms.katalon.selenium.driver.CEdgeDriver.execute(CEdgeDriver.java:20)
	at org.openqa.selenium.remote.RemoteWebElement.execute(RemoteWebElement.java:285)
	at org.openqa.selenium.remote.RemoteWebElement.click(RemoteWebElement.java:84)
	at org.openqa.selenium.support.events.EventFiringWebDriver$EventFiringWebElement.lambda$new$0(EventFiringWebDriver.java:404)
	at com.sun.proxy.$Proxy11.click(Unknown Source)
	at org.openqa.selenium.support.events.EventFiringWebDriver$EventFiringWebElement.click(EventFiringWebDriver.java:417)
	at org.openqa.selenium.WebElement$click.call(Unknown Source)
	at com.kms.katalon.core.webui.keyword.builtin.ClickKeyword.clickUntilSuccessWithTimeout(ClickKeyword.groovy:81)
	at com.kms.katalon.core.webui.keyword.builtin.ClickKeyword.clickUntilSuccessWithTimeout(ClickKeyword.groovy)
	at com.kms.katalon.core.webui.keyword.builtin.ClickKeyword$_click_closure1.doCall(ClickKeyword.groovy:67)
	at com.kms.katalon.core.webui.keyword.builtin.ClickKeyword$_click_closure1.call(ClickKeyword.groovy)
	at com.kms.katalon.core.webui.keyword.internal.WebUIKeywordMain.runKeyword(WebUIKeywordMain.groovy:20)
	at com.kms.katalon.core.webui.keyword.builtin.ClickKeyword.click(ClickKeyword.groovy:74)
	at com.kms.katalon.core.webui.keyword.builtin.ClickKeyword.execute(ClickKeyword.groovy:40)
	at com.kms.katalon.core.keyword.internal.KeywordExecutor.executeKeywordForPlatform(KeywordExecutor.groovy:74)
	at com.kms.katalon.core.webui.keyword.WebUiBuiltInKeywords.click(WebUiBuiltInKeywords.groovy:620)
	at com.kms.katalon.core.webui.keyword.WebUiBuiltInKeywords$click$1.call(Unknown Source)
	at Script1641906761787.run(Script1641906761787.groovy:48)
	at com.kms.katalon.core.main.ScriptEngine.run(ScriptEngine.java:194)
	at com.kms.katalon.core.main.ScriptEngine.runScriptAsRawText(ScriptEngine.java:119)
	at com.kms.katalon.core.main.TestCaseExecutor.runScript(TestCaseExecutor.java:442)
	at com.kms.katalon.core.main.TestCaseExecutor.doExecute(TestCaseExecutor.java:433)
	at com.kms.katalon.core.main.TestCaseExecutor.processExecutionPhase(TestCaseExecutor.java:412)
	at com.kms.katalon.core.main.TestCaseExecutor.accessMainPhase(TestCaseExecutor.java:404)
	at com.kms.katalon.core.main.TestCaseExecutor.execute(TestCaseExecutor.java:281)
	at com.kms.katalon.core.main.TestCaseMain.runTestCase(TestCaseMain.java:138)
	at com.kms.katalon.core.keyword.builtin.CallTestCaseKeyword$_callTestCase_closure1.doCall(CallTestCaseKeyword.groovy:59)
	at com.kms.katalon.core.keyword.builtin.CallTestCaseKeyword$_callTestCase_closure1.call(CallTestCaseKeyword.groovy)
	at com.kms.katalon.core.keyword.internal.KeywordMain.runKeyword(KeywordMain.groovy:74)
	at com.kms.katalon.core.keyword.builtin.CallTestCaseKeyword.callTestCase(CallTestCaseKeyword.groovy:81)
	at com.kms.katalon.core.keyword.builtin.CallTestCaseKeyword.execute(CallTestCaseKeyword.groovy:44)
	at com.kms.katalon.core.keyword.internal.KeywordExecutor.executeKeywordForPlatform(KeywordExecutor.groovy:74)
	at com.kms.katalon.core.keyword.BuiltinKeywords.callTestCase(BuiltinKeywords.groovy:334)
	at Script1641906223516.run(Script1641906223516.groovy:24)
	... 16 more
)
[[ATTACHMENT|C:\\xampp\\htdocs\\moodle\\Test Automation - SE Bonus\\Reports\\20220116_192056\\Run All Test Cases\\20220116_192056\\1642342943438.png]]

2022-01-16 21:22:23 - [MESSAGE][INFO] - 

2022-01-16 21:22:23 - [MESSAGE][INFO] - ===================== Self-healing Report ====================

2022-01-16 21:22:23 - [MESSAGE][INFO] - One of the failed test object locators has been recovered by Self-healing. Please refer to the Self-healing Insights tab for more details.

2022-01-16 21:22:23 - [MESSAGE][INFO] - To learn more about Self-healing, please read https://docs.katalon.com/katalon-studio/docs/self-healing.html

2022-01-16 21:22:23 - [MESSAGE][INFO] - ==============================================================

2022-01-16 21:22:23 - [MESSAGE][FAILED] - Unable to call Test Case 'Test Cases/Utils/Create course CNPM' (Root cause: com.kms.katalon.core.exception.StepFailedException: Call Test Case 'Test Cases/Utils/Create course CNPM' failed
	at com.kms.katalon.core.keyword.builtin.CallTestCaseKeyword$_callTestCase_closure1.doCall(CallTestCaseKeyword.groovy:63)
	at com.kms.katalon.core.keyword.builtin.CallTestCaseKeyword$_callTestCase_closure1.call(CallTestCaseKeyword.groovy)
	at com.kms.katalon.core.keyword.internal.KeywordMain.runKeyword(KeywordMain.groovy:74)
	at com.kms.katalon.core.keyword.builtin.CallTestCaseKeyword.callTestCase(CallTestCaseKeyword.groovy:81)
	at com.kms.katalon.core.keyword.builtin.CallTestCaseKeyword.execute(CallTestCaseKeyword.groovy:44)
	at com.kms.katalon.core.keyword.internal.KeywordExecutor.executeKeywordForPlatform(KeywordExecutor.groovy:74)
	at com.kms.katalon.core.keyword.BuiltinKeywords.callTestCase(BuiltinKeywords.groovy:334)
	at Create quiz without title.run(Create quiz without title:24)
	at com.kms.katalon.core.main.ScriptEngine.run(ScriptEngine.java:194)
	at com.kms.katalon.core.main.ScriptEngine.runScriptAsRawText(ScriptEngine.java:119)
	at com.kms.katalon.core.main.TestCaseExecutor.runScript(TestCaseExecutor.java:442)
	at com.kms.katalon.core.main.TestCaseExecutor.doExecute(TestCaseExecutor.java:433)
	at com.kms.katalon.core.main.TestCaseExecutor.processExecutionPhase(TestCaseExecutor.java:412)
	at com.kms.katalon.core.main.TestCaseExecutor.accessMainPhase(TestCaseExecutor.java:404)
	at com.kms.katalon.core.main.TestCaseExecutor.execute(TestCaseExecutor.java:281)
	at com.kms.katalon.core.main.TestCaseExecutor.execute(TestCaseExecutor.java:363)
	at com.kms.katalon.core.main.TestCaseExecutor.execute(TestCaseExecutor.java:363)
	at com.kms.katalon.core.main.TestCaseExecutor.execute(TestCaseExecutor.java:363)
	at com.kms.katalon.core.main.TestSuiteExecutor.accessTestCaseMainPhase(TestSuiteExecutor.java:202)
	at com.kms.katalon.core.main.TestSuiteExecutor.accessTestSuiteMainPhase(TestSuiteExecutor.java:164)
	at com.kms.katalon.core.main.TestSuiteExecutor.execute(TestSuiteExecutor.java:105)
	at com.kms.katalon.core.main.TestCaseMain.startTestSuite(TestCaseMain.java:181)
	at com.kms.katalon.core.main.TestCaseMain$startTestSuite$0.call(Unknown Source)
	at TempTestSuite1642335656208.run(TempTestSuite1642335656208.groovy:36)
Caused by: com.kms.katalon.core.exception.StepFailedException: Unable to click on object 'Object Repository/Utils/Page_CNPM Danh sch thnh vin/span_Teacher Nguyen'
	at com.kms.katalon.core.webui.keyword.internal.WebUIKeywordMain.stepFailed(WebUIKeywordMain.groovy:64)
	at com.kms.katalon.core.webui.keyword.internal.WebUIKeywordMain.runKeyword(WebUIKeywordMain.groovy:26)
	at com.kms.katalon.core.webui.keyword.builtin.ClickKeyword.click(ClickKeyword.groovy:74)
	at com.kms.katalon.core.webui.keyword.builtin.ClickKeyword.execute(ClickKeyword.groovy:40)
	at com.kms.katalon.core.keyword.internal.KeywordExecutor.executeKeywordForPlatform(KeywordExecutor.groovy:74)
	at com.kms.katalon.core.webui.keyword.WebUiBuiltInKeywords.click(WebUiBuiltInKeywords.groovy:620)
	at com.kms.katalon.core.webui.keyword.WebUiBuiltInKeywords$click$1.call(Unknown Source)
	at Create course CNPM.run(Create course CNPM:48)
	at com.kms.katalon.core.main.ScriptEngine.run(ScriptEngine.java:194)
	at com.kms.katalon.core.main.ScriptEngine.runScriptAsRawText(ScriptEngine.java:119)
	at com.kms.katalon.core.main.TestCaseExecutor.runScript(TestCaseExecutor.java:442)
	at com.kms.katalon.core.main.TestCaseExecutor.doExecute(TestCaseExecutor.java:433)
	at com.kms.katalon.core.main.TestCaseExecutor.processExecutionPhase(TestCaseExecutor.java:412)
	at com.kms.katalon.core.main.TestCaseExecutor.accessMainPhase(TestCaseExecutor.java:404)
	at com.kms.katalon.core.main.TestCaseExecutor.execute(TestCaseExecutor.java:281)
	at com.kms.katalon.core.main.TestCaseMain.runTestCase(TestCaseMain.java:138)
	at com.kms.katalon.core.keyword.builtin.CallTestCaseKeyword$_callTestCase_closure1.doCall(CallTestCaseKeyword.groovy:59)
	... 23 more
Caused by: org.openqa.selenium.ElementNotInteractableException: element not interactable
  (Session info: MicrosoftEdge=97.0.1072.62)
Build info: version: '3.141.59', revision: 'e82be7d358', time: '2018-11-14T08:25:53'
System info: host: 'DESKTOP-11TAGP6', ip: '192.168.56.1', os.name: 'Windows 10', os.arch: 'amd64', os.version: '10.0', java.version: '1.8.0_282'
Driver info: com.kms.katalon.selenium.driver.CEdgeDriver
Capabilities {acceptInsecureCerts: false, browserName: msedge, browserVersion: 97.0.1072.62, javascriptEnabled: true, ms:edgeOptions: {debuggerAddress: localhost:59414}, msedge: {msedgedriverVersion: 97.0.1072.55 (ce3bf33648805..., userDataDir: C:\Users\W10\AppData\Local\...}, networkConnectionEnabled: false, pageLoadStrategy: normal, platform: WINDOWS, platformName: WINDOWS, proxy: Proxy(), setWindowRect: true, strictFileInteractability: false, timeouts: {implicit: 0, pageLoad: 300000, script: 30000}, unhandledPromptBehavior: dismiss and notify, webauthn:extension:credBlob: true, webauthn:extension:largeBlob: true, webauthn:virtualAuthenticators: true}
Session ID: e192e849794d1ade1de18e38dde24165
	at org.openqa.selenium.remote.http.W3CHttpResponseCodec.createException(W3CHttpResponseCodec.java:187)
	at org.openqa.selenium.remote.http.W3CHttpResponseCodec.decode(W3CHttpResponseCodec.java:122)
	at org.openqa.selenium.remote.http.W3CHttpResponseCodec.decode(W3CHttpResponseCodec.java:49)
	at org.openqa.selenium.remote.HttpCommandExecutor.execute(HttpCommandExecutor.java:158)
	at org.openqa.selenium.remote.service.DriverCommandExecutor.execute(DriverCommandExecutor.java:83)
	at org.openqa.selenium.remote.RemoteWebDriver.execute(RemoteWebDriver.java:552)
	at com.kms.katalon.selenium.driver.CEdgeDriver.execute(CEdgeDriver.java:20)
	at org.openqa.selenium.remote.RemoteWebElement.execute(RemoteWebElement.java:285)
	at org.openqa.selenium.remote.RemoteWebElement.click(RemoteWebElement.java:84)
	at org.openqa.selenium.support.events.EventFiringWebDriver$EventFiringWebElement.lambda$new$0(EventFiringWebDriver.java:404)
	at com.sun.proxy.$Proxy11.click(Unknown Source)
	at org.openqa.selenium.support.events.EventFiringWebDriver$EventFiringWebElement.click(EventFiringWebDriver.java:417)
	at org.openqa.selenium.WebElement$click.call(Unknown Source)
	at com.kms.katalon.core.webui.keyword.builtin.ClickKeyword.clickUntilSuccessWithTimeout(ClickKeyword.groovy:81)
	at com.kms.katalon.core.webui.keyword.builtin.ClickKeyword.clickUntilSuccessWithTimeout(ClickKeyword.groovy)
	at com.kms.katalon.core.webui.keyword.builtin.ClickKeyword$_click_closure1.doCall(ClickKeyword.groovy:67)
	at com.kms.katalon.core.webui.keyword.builtin.ClickKeyword$_click_closure1.call(ClickKeyword.groovy)
	at com.kms.katalon.core.webui.keyword.internal.WebUIKeywordMain.runKeyword(WebUIKeywordMain.groovy:20)
	... 38 more
)]]></system-out>
         <system-err><![CDATA[2022-01-16 21:20:51 - [TEST_CASE][FAILED] - Test Cases/Create folder and quiz/Create quiz without title: Test Cases/Create folder and quiz/Create quiz without title FAILED.
Reason:
com.kms.katalon.core.exception.StepFailedException: Call Test Case 'Test Cases/Utils/Create course CNPM' failed
	at com.kms.katalon.core.keyword.builtin.CallTestCaseKeyword$_callTestCase_closure1.doCall(CallTestCaseKeyword.groovy:63)
	at com.kms.katalon.core.keyword.builtin.CallTestCaseKeyword$_callTestCase_closure1.call(CallTestCaseKeyword.groovy)
	at com.kms.katalon.core.keyword.internal.KeywordMain.runKeyword(KeywordMain.groovy:74)
	at com.kms.katalon.core.keyword.builtin.CallTestCaseKeyword.callTestCase(CallTestCaseKeyword.groovy:81)
	at com.kms.katalon.core.keyword.builtin.CallTestCaseKeyword.execute(CallTestCaseKeyword.groovy:44)
	at com.kms.katalon.core.keyword.internal.KeywordExecutor.executeKeywordForPlatform(KeywordExecutor.groovy:74)
	at com.kms.katalon.core.keyword.BuiltinKeywords.callTestCase(BuiltinKeywords.groovy:334)
	at Create quiz without title.run(Create quiz without title:24)
	at com.kms.katalon.core.main.ScriptEngine.run(ScriptEngine.java:194)
	at com.kms.katalon.core.main.ScriptEngine.runScriptAsRawText(ScriptEngine.java:119)
	at com.kms.katalon.core.main.TestCaseExecutor.runScript(TestCaseExecutor.java:442)
	at com.kms.katalon.core.main.TestCaseExecutor.doExecute(TestCaseExecutor.java:433)
	at com.kms.katalon.core.main.TestCaseExecutor.processExecutionPhase(TestCaseExecutor.java:412)
	at com.kms.katalon.core.main.TestCaseExecutor.accessMainPhase(TestCaseExecutor.java:404)
	at com.kms.katalon.core.main.TestCaseExecutor.execute(TestCaseExecutor.java:281)
	at com.kms.katalon.core.main.TestCaseExecutor.execute(TestCaseExecutor.java:363)
	at com.kms.katalon.core.main.TestCaseExecutor.execute(TestCaseExecutor.java:363)
	at com.kms.katalon.core.main.TestCaseExecutor.execute(TestCaseExecutor.java:363)
	at com.kms.katalon.core.main.TestSuiteExecutor.accessTestCaseMainPhase(TestSuiteExecutor.java:202)
	at com.kms.katalon.core.main.TestSuiteExecutor.accessTestSuiteMainPhase(TestSuiteExecutor.java:164)
	at com.kms.katalon.core.main.TestSuiteExecutor.execute(TestSuiteExecutor.java:105)
	at com.kms.katalon.core.main.TestCaseMain.startTestSuite(TestCaseMain.java:181)
	at com.kms.katalon.core.main.TestCaseMain$startTestSuite$0.call(Unknown Source)
	at TempTestSuite1642335656208.run(TempTestSuite1642335656208.groovy:36)
Caused by: com.kms.katalon.core.exception.StepFailedException: Unable to click on object 'Object Repository/Utils/Page_CNPM Danh sch thnh vin/span_Teacher Nguyen'
	at com.kms.katalon.core.webui.keyword.internal.WebUIKeywordMain.stepFailed(WebUIKeywordMain.groovy:64)
	at com.kms.katalon.core.webui.keyword.internal.WebUIKeywordMain.runKeyword(WebUIKeywordMain.groovy:26)
	at com.kms.katalon.core.webui.keyword.builtin.ClickKeyword.click(ClickKeyword.groovy:74)
	at com.kms.katalon.core.webui.keyword.builtin.ClickKeyword.execute(ClickKeyword.groovy:40)
	at com.kms.katalon.core.keyword.internal.KeywordExecutor.executeKeywordForPlatform(KeywordExecutor.groovy:74)
	at com.kms.katalon.core.webui.keyword.WebUiBuiltInKeywords.click(WebUiBuiltInKeywords.groovy:620)
	at com.kms.katalon.core.webui.keyword.WebUiBuiltInKeywords$click$1.call(Unknown Source)
	at Create course CNPM.run(Create course CNPM:48)
	at com.kms.katalon.core.main.ScriptEngine.run(ScriptEngine.java:194)
	at com.kms.katalon.core.main.ScriptEngine.runScriptAsRawText(ScriptEngine.java:119)
	at com.kms.katalon.core.main.TestCaseExecutor.runScript(TestCaseExecutor.java:442)
	at com.kms.katalon.core.main.TestCaseExecutor.doExecute(TestCaseExecutor.java:433)
	at com.kms.katalon.core.main.TestCaseExecutor.processExecutionPhase(TestCaseExecutor.java:412)
	at com.kms.katalon.core.main.TestCaseExecutor.accessMainPhase(TestCaseExecutor.java:404)
	at com.kms.katalon.core.main.TestCaseExecutor.execute(TestCaseExecutor.java:281)
	at com.kms.katalon.core.main.TestCaseMain.runTestCase(TestCaseMain.java:138)
	at com.kms.katalon.core.keyword.builtin.CallTestCaseKeyword$_callTestCase_closure1.doCall(CallTestCaseKeyword.groovy:59)
	... 23 more
Caused by: org.openqa.selenium.ElementNotInteractableException: element not interactable
  (Session info: MicrosoftEdge=97.0.1072.62)
Build info: version: '3.141.59', revision: 'e82be7d358', time: '2018-11-14T08:25:53'
System info: host: 'DESKTOP-11TAGP6', ip: '192.168.56.1', os.name: 'Windows 10', os.arch: 'amd64', os.version: '10.0', java.version: '1.8.0_282'
Driver info: com.kms.katalon.selenium.driver.CEdgeDriver
Capabilities {acceptInsecureCerts: false, browserName: msedge, browserVersion: 97.0.1072.62, javascriptEnabled: true, ms:edgeOptions: {debuggerAddress: localhost:59414}, msedge: {msedgedriverVersion: 97.0.1072.55 (ce3bf33648805..., userDataDir: C:\Users\W10\AppData\Local\...}, networkConnectionEnabled: false, pageLoadStrategy: normal, platform: WINDOWS, platformName: WINDOWS, proxy: Proxy(), setWindowRect: true, strictFileInteractability: false, timeouts: {implicit: 0, pageLoad: 300000, script: 30000}, unhandledPromptBehavior: dismiss and notify, webauthn:extension:credBlob: true, webauthn:extension:largeBlob: true, webauthn:virtualAuthenticators: true}
Session ID: e192e849794d1ade1de18e38dde24165
	at org.openqa.selenium.remote.http.W3CHttpResponseCodec.createException(W3CHttpResponseCodec.java:187)
	at org.openqa.selenium.remote.http.W3CHttpResponseCodec.decode(W3CHttpResponseCodec.java:122)
	at org.openqa.selenium.remote.http.W3CHttpResponseCodec.decode(W3CHttpResponseCodec.java:49)
	at org.openqa.selenium.remote.HttpCommandExecutor.execute(HttpCommandExecutor.java:158)
	at org.openqa.selenium.remote.service.DriverCommandExecutor.execute(DriverCommandExecutor.java:83)
	at org.openqa.selenium.remote.RemoteWebDriver.execute(RemoteWebDriver.java:552)
	at com.kms.katalon.selenium.driver.CEdgeDriver.execute(CEdgeDriver.java:20)
	at org.openqa.selenium.remote.RemoteWebElement.execute(RemoteWebElement.java:285)
	at org.openqa.selenium.remote.RemoteWebElement.click(RemoteWebElement.java:84)
	at org.openqa.selenium.support.events.EventFiringWebDriver$EventFiringWebElement.lambda$new$0(EventFiringWebDriver.java:404)
	at com.sun.proxy.$Proxy11.click(Unknown Source)
	at org.openqa.selenium.support.events.EventFiringWebDriver$EventFiringWebElement.click(EventFiringWebDriver.java:417)
	at org.openqa.selenium.WebElement$click.call(Unknown Source)
	at com.kms.katalon.core.webui.keyword.builtin.ClickKeyword.clickUntilSuccessWithTimeout(ClickKeyword.groovy:81)
	at com.kms.katalon.core.webui.keyword.builtin.ClickKeyword.clickUntilSuccessWithTimeout(ClickKeyword.groovy)
	at com.kms.katalon.core.webui.keyword.builtin.ClickKeyword$_click_closure1.doCall(ClickKeyword.groovy:67)
	at com.kms.katalon.core.webui.keyword.builtin.ClickKeyword$_click_closure1.call(ClickKeyword.groovy)
	at com.kms.katalon.core.webui.keyword.internal.WebUIKeywordMain.runKeyword(WebUIKeywordMain.groovy:20)
	... 38 more]]></system-err>
      </testcase>
      <testcase name="Test Cases/Create folder and quiz/Create quiz" time="56.312" classname="Test Cases/Create folder and quiz/Create quiz" status="FAILED">
         <failure type="FAILED" message="Test Cases/Create folder and quiz/Create quiz FAILED.
Reason:
com.kms.katalon.core.exception.StepFailedException: Call Test Case 'Test Cases/Utils/Create course CNPM' failed
	at com.kms.katalon.core.keyword.builtin.CallTestCaseKeyword$_callTestCase_closure1.doCall(CallTestCaseKeyword.groovy:63)
	at com.kms.katalon.core.keyword.builtin.CallTestCaseKeyword$_callTestCase_closure1.call(CallTestCaseKeyword.groovy)
	at com.kms.katalon.core.keyword.internal.KeywordMain.runKeyword(KeywordMain.groovy:74)
	at com.kms.katalon.core.keyword.builtin.CallTestCaseKeyword.callTestCase(CallTestCaseKeyword.groovy:81)
	at com.kms.katalon.core.keyword.builtin.CallTestCaseKeyword.execute(CallTestCaseKeyword.groovy:44)
	at com.kms.katalon.core.keyword.internal.KeywordExecutor.executeKeywordForPlatform(KeywordExecutor.groovy:74)
	at com.kms.katalon.core.keyword.BuiltinKeywords.callTestCase(BuiltinKeywords.groovy:334)
	at Create quiz.run(Create quiz:24)
	at com.kms.katalon.core.main.ScriptEngine.run(ScriptEngine.java:194)
	at com.kms.katalon.core.main.ScriptEngine.runScriptAsRawText(ScriptEngine.java:119)
	at com.kms.katalon.core.main.TestCaseExecutor.runScript(TestCaseExecutor.java:442)
	at com.kms.katalon.core.main.TestCaseExecutor.doExecute(TestCaseExecutor.java:433)
	at com.kms.katalon.core.main.TestCaseExecutor.processExecutionPhase(TestCaseExecutor.java:412)
	at com.kms.katalon.core.main.TestCaseExecutor.accessMainPhase(TestCaseExecutor.java:404)
	at com.kms.katalon.core.main.TestCaseExecutor.execute(TestCaseExecutor.java:281)
	at com.kms.katalon.core.main.TestCaseExecutor.execute(TestCaseExecutor.java:363)
	at com.kms.katalon.core.main.TestCaseExecutor.execute(TestCaseExecutor.java:363)
	at com.kms.katalon.core.main.TestCaseExecutor.execute(TestCaseExecutor.java:363)
	at com.kms.katalon.core.main.TestSuiteExecutor.accessTestCaseMainPhase(TestSuiteExecutor.java:202)
	at com.kms.katalon.core.main.TestSuiteExecutor.accessTestSuiteMainPhase(TestSuiteExecutor.java:164)
	at com.kms.katalon.core.main.TestSuiteExecutor.execute(TestSuiteExecutor.java:105)
	at com.kms.katalon.core.main.TestCaseMain.startTestSuite(TestCaseMain.java:181)
	at com.kms.katalon.core.main.TestCaseMain$startTestSuite$0.call(Unknown Source)
	at TempTestSuite1642335656208.run(TempTestSuite1642335656208.groovy:36)
Caused by: com.kms.katalon.core.exception.StepFailedException: Unable to click on object 'Object Repository/Utils/Page_CNPM Danh sch thnh vin/input_Danh sch thnh vin_btn btn-secondary my-1'
	at com.kms.katalon.core.webui.keyword.internal.WebUIKeywordMain.stepFailed(WebUIKeywordMain.groovy:64)
	at com.kms.katalon.core.webui.keyword.internal.WebUIKeywordMain.runKeyword(WebUIKeywordMain.groovy:26)
	at com.kms.katalon.core.webui.keyword.builtin.ClickKeyword.click(ClickKeyword.groovy:74)
	at com.kms.katalon.core.webui.keyword.builtin.ClickKeyword.execute(ClickKeyword.groovy:40)
	at com.kms.katalon.core.keyword.internal.KeywordExecutor.executeKeywordForPlatform(KeywordExecutor.groovy:74)
	at com.kms.katalon.core.webui.keyword.WebUiBuiltInKeywords.click(WebUiBuiltInKeywords.groovy:620)
	at com.kms.katalon.core.webui.keyword.WebUiBuiltInKeywords$click$1.call(Unknown Source)
	at Create course CNPM.run(Create course CNPM:36)
	at com.kms.katalon.core.main.ScriptEngine.run(ScriptEngine.java:194)
	at com.kms.katalon.core.main.ScriptEngine.runScriptAsRawText(ScriptEngine.java:119)
	at com.kms.katalon.core.main.TestCaseExecutor.runScript(TestCaseExecutor.java:442)
	at com.kms.katalon.core.main.TestCaseExecutor.doExecute(TestCaseExecutor.java:433)
	at com.kms.katalon.core.main.TestCaseExecutor.processExecutionPhase(TestCaseExecutor.java:412)
	at com.kms.katalon.core.main.TestCaseExecutor.accessMainPhase(TestCaseExecutor.java:404)
	at com.kms.katalon.core.main.TestCaseExecutor.execute(TestCaseExecutor.java:281)
	at com.kms.katalon.core.main.TestCaseMain.runTestCase(TestCaseMain.java:138)
	at com.kms.katalon.core.keyword.builtin.CallTestCaseKeyword$_callTestCase_closure1.doCall(CallTestCaseKeyword.groovy:59)
	... 23 more
Caused by: com.kms.katalon.core.webui.exception.WebElementNotFoundException: Web element with id: 'Object Repository/Utils/Page_CNPM Danh sch thnh vin/input_Danh sch thnh vin_btn btn-secondary my-1' located by '//input[@value='Ghi danh người dùng']' not found
	at com.kms.katalon.core.webui.common.WebUiCommonHelper.findWebElement(WebUiCommonHelper.java:1368)
	at com.kms.katalon.core.webui.keyword.internal.WebUIAbstractKeyword.findWebElement(WebUIAbstractKeyword.groovy:27)
	at com.kms.katalon.core.webui.keyword.builtin.ClickKeyword$_click_closure1.doCall(ClickKeyword.groovy:65)
	at com.kms.katalon.core.webui.keyword.builtin.ClickKeyword$_click_closure1.call(ClickKeyword.groovy)
	at com.kms.katalon.core.webui.keyword.internal.WebUIKeywordMain.runKeyword(WebUIKeywordMain.groovy:20)
	... 38 more
"/>
         <system-out><![CDATA[2022-01-16 21:26:16 - [TEST_CASE][FAILED] - Test Cases/Create folder and quiz/Create quiz: Test Cases/Create folder and quiz/Create quiz FAILED.
Reason:
com.kms.katalon.core.exception.StepFailedException: Call Test Case 'Test Cases/Utils/Create course CNPM' failed
	at com.kms.katalon.core.keyword.builtin.CallTestCaseKeyword$_callTestCase_closure1.doCall(CallTestCaseKeyword.groovy:63)
	at com.kms.katalon.core.keyword.builtin.CallTestCaseKeyword$_callTestCase_closure1.call(CallTestCaseKeyword.groovy)
	at com.kms.katalon.core.keyword.internal.KeywordMain.runKeyword(KeywordMain.groovy:74)
	at com.kms.katalon.core.keyword.builtin.CallTestCaseKeyword.callTestCase(CallTestCaseKeyword.groovy:81)
	at com.kms.katalon.core.keyword.builtin.CallTestCaseKeyword.execute(CallTestCaseKeyword.groovy:44)
	at com.kms.katalon.core.keyword.internal.KeywordExecutor.executeKeywordForPlatform(KeywordExecutor.groovy:74)
	at com.kms.katalon.core.keyword.BuiltinKeywords.callTestCase(BuiltinKeywords.groovy:334)
	at Create quiz.run(Create quiz:24)
	at com.kms.katalon.core.main.ScriptEngine.run(ScriptEngine.java:194)
	at com.kms.katalon.core.main.ScriptEngine.runScriptAsRawText(ScriptEngine.java:119)
	at com.kms.katalon.core.main.TestCaseExecutor.runScript(TestCaseExecutor.java:442)
	at com.kms.katalon.core.main.TestCaseExecutor.doExecute(TestCaseExecutor.java:433)
	at com.kms.katalon.core.main.TestCaseExecutor.processExecutionPhase(TestCaseExecutor.java:412)
	at com.kms.katalon.core.main.TestCaseExecutor.accessMainPhase(TestCaseExecutor.java:404)
	at com.kms.katalon.core.main.TestCaseExecutor.execute(TestCaseExecutor.java:281)
	at com.kms.katalon.core.main.TestCaseExecutor.execute(TestCaseExecutor.java:363)
	at com.kms.katalon.core.main.TestCaseExecutor.execute(TestCaseExecutor.java:363)
	at com.kms.katalon.core.main.TestCaseExecutor.execute(TestCaseExecutor.java:363)
	at com.kms.katalon.core.main.TestSuiteExecutor.accessTestCaseMainPhase(TestSuiteExecutor.java:202)
	at com.kms.katalon.core.main.TestSuiteExecutor.accessTestSuiteMainPhase(TestSuiteExecutor.java:164)
	at com.kms.katalon.core.main.TestSuiteExecutor.execute(TestSuiteExecutor.java:105)
	at com.kms.katalon.core.main.TestCaseMain.startTestSuite(TestCaseMain.java:181)
	at com.kms.katalon.core.main.TestCaseMain$startTestSuite$0.call(Unknown Source)
	at TempTestSuite1642335656208.run(TempTestSuite1642335656208.groovy:36)
Caused by: com.kms.katalon.core.exception.StepFailedException: Unable to click on object 'Object Repository/Utils/Page_CNPM Danh sch thnh vin/input_Danh sch thnh vin_btn btn-secondary my-1'
	at com.kms.katalon.core.webui.keyword.internal.WebUIKeywordMain.stepFailed(WebUIKeywordMain.groovy:64)
	at com.kms.katalon.core.webui.keyword.internal.WebUIKeywordMain.runKeyword(WebUIKeywordMain.groovy:26)
	at com.kms.katalon.core.webui.keyword.builtin.ClickKeyword.click(ClickKeyword.groovy:74)
	at com.kms.katalon.core.webui.keyword.builtin.ClickKeyword.execute(ClickKeyword.groovy:40)
	at com.kms.katalon.core.keyword.internal.KeywordExecutor.executeKeywordForPlatform(KeywordExecutor.groovy:74)
	at com.kms.katalon.core.webui.keyword.WebUiBuiltInKeywords.click(WebUiBuiltInKeywords.groovy:620)
	at com.kms.katalon.core.webui.keyword.WebUiBuiltInKeywords$click$1.call(Unknown Source)
	at Create course CNPM.run(Create course CNPM:36)
	at com.kms.katalon.core.main.ScriptEngine.run(ScriptEngine.java:194)
	at com.kms.katalon.core.main.ScriptEngine.runScriptAsRawText(ScriptEngine.java:119)
	at com.kms.katalon.core.main.TestCaseExecutor.runScript(TestCaseExecutor.java:442)
	at com.kms.katalon.core.main.TestCaseExecutor.doExecute(TestCaseExecutor.java:433)
	at com.kms.katalon.core.main.TestCaseExecutor.processExecutionPhase(TestCaseExecutor.java:412)
	at com.kms.katalon.core.main.TestCaseExecutor.accessMainPhase(TestCaseExecutor.java:404)
	at com.kms.katalon.core.main.TestCaseExecutor.execute(TestCaseExecutor.java:281)
	at com.kms.katalon.core.main.TestCaseMain.runTestCase(TestCaseMain.java:138)
	at com.kms.katalon.core.keyword.builtin.CallTestCaseKeyword$_callTestCase_closure1.doCall(CallTestCaseKeyword.groovy:59)
	... 23 more
Caused by: com.kms.katalon.core.webui.exception.WebElementNotFoundException: Web element with id: 'Object Repository/Utils/Page_CNPM Danh sch thnh vin/input_Danh sch thnh vin_btn btn-secondary my-1' located by '//input[@value='Ghi danh người dùng']' not found
	at com.kms.katalon.core.webui.common.WebUiCommonHelper.findWebElement(WebUiCommonHelper.java:1368)
	at com.kms.katalon.core.webui.keyword.internal.WebUIAbstractKeyword.findWebElement(WebUIAbstractKeyword.groovy:27)
	at com.kms.katalon.core.webui.keyword.builtin.ClickKeyword$_click_closure1.doCall(ClickKeyword.groovy:65)
	at com.kms.katalon.core.webui.keyword.builtin.ClickKeyword$_click_closure1.call(ClickKeyword.groovy)
	at com.kms.katalon.core.webui.keyword.internal.WebUIKeywordMain.runKeyword(WebUIKeywordMain.groovy:20)
	... 38 more


2022-01-16 21:26:16 - [TEST_STEP][PASSED] - openBrowser(""): Browser is opened with url: ''

2022-01-16 21:26:16 - [MESSAGE][WARNING] - A browser is already opened. Closing browser and opening a new one

2022-01-16 21:26:17 - [MESSAGE][INFO] - Starting 'Edge Chromium' driver

2022-01-16 21:26:19 - [MESSAGE][INFO] - Action delay is set to 0 milliseconds

2022-01-16 21:26:21 - [MESSAGE][PASSED] - Browser is opened with url: ''

2022-01-16 21:26:21 - [TEST_STEP][PASSED] - navigateToUrl("http://localhost/"): Navigate to 'http://localhost/' successfully

2022-01-16 21:26:25 - [MESSAGE][PASSED] - Navigate to 'http://localhost/' successfully

2022-01-16 21:26:25 - [TEST_STEP][FAILED] - callTestCase(findTestCase("Utils/Create course CNPM"), [:], STOP_ON_FAILURE): Unable to call Test Case 'Test Cases/Utils/Create course CNPM' (Root cause: com.kms.katalon.core.exception.StepFailedException: Call Test Case 'Test Cases/Utils/Create course CNPM' failed
	at com.kms.katalon.core.keyword.builtin.CallTestCaseKeyword$_callTestCase_closure1.doCall(CallTestCaseKeyword.groovy:63)
	at com.kms.katalon.core.keyword.builtin.CallTestCaseKeyword$_callTestCase_closure1.call(CallTestCaseKeyword.groovy)
	at com.kms.katalon.core.keyword.internal.KeywordMain.runKeyword(KeywordMain.groovy:74)
	at com.kms.katalon.core.keyword.builtin.CallTestCaseKeyword.callTestCase(CallTestCaseKeyword.groovy:81)
	at com.kms.katalon.core.keyword.builtin.CallTestCaseKeyword.execute(CallTestCaseKeyword.groovy:44)
	at com.kms.katalon.core.keyword.internal.KeywordExecutor.executeKeywordForPlatform(KeywordExecutor.groovy:74)
	at com.kms.katalon.core.keyword.BuiltinKeywords.callTestCase(BuiltinKeywords.groovy:334)
	at Create quiz.run(Create quiz:24)
	at com.kms.katalon.core.main.ScriptEngine.run(ScriptEngine.java:194)
	at com.kms.katalon.core.main.ScriptEngine.runScriptAsRawText(ScriptEngine.java:119)
	at com.kms.katalon.core.main.TestCaseExecutor.runScript(TestCaseExecutor.java:442)
	at com.kms.katalon.core.main.TestCaseExecutor.doExecute(TestCaseExecutor.java:433)
	at com.kms.katalon.core.main.TestCaseExecutor.processExecutionPhase(TestCaseExecutor.java:412)
	at com.kms.katalon.core.main.TestCaseExecutor.accessMainPhase(TestCaseExecutor.java:404)
	at com.kms.katalon.core.main.TestCaseExecutor.execute(TestCaseExecutor.java:281)
	at com.kms.katalon.core.main.TestCaseExecutor.execute(TestCaseExecutor.java:363)
	at com.kms.katalon.core.main.TestCaseExecutor.execute(TestCaseExecutor.java:363)
	at com.kms.katalon.core.main.TestCaseExecutor.execute(TestCaseExecutor.java:363)
	at com.kms.katalon.core.main.TestSuiteExecutor.accessTestCaseMainPhase(TestSuiteExecutor.java:202)
	at com.kms.katalon.core.main.TestSuiteExecutor.accessTestSuiteMainPhase(TestSuiteExecutor.java:164)
	at com.kms.katalon.core.main.TestSuiteExecutor.execute(TestSuiteExecutor.java:105)
	at com.kms.katalon.core.main.TestCaseMain.startTestSuite(TestCaseMain.java:181)
	at com.kms.katalon.core.main.TestCaseMain$startTestSuite$0.call(Unknown Source)
	at TempTestSuite1642335656208.run(TempTestSuite1642335656208.groovy:36)
Caused by: com.kms.katalon.core.exception.StepFailedException: Unable to click on object 'Object Repository/Utils/Page_CNPM Danh sch thnh vin/input_Danh sch thnh vin_btn btn-secondary my-1'
	at com.kms.katalon.core.webui.keyword.internal.WebUIKeywordMain.stepFailed(WebUIKeywordMain.groovy:64)
	at com.kms.katalon.core.webui.keyword.internal.WebUIKeywordMain.runKeyword(WebUIKeywordMain.groovy:26)
	at com.kms.katalon.core.webui.keyword.builtin.ClickKeyword.click(ClickKeyword.groovy:74)
	at com.kms.katalon.core.webui.keyword.builtin.ClickKeyword.execute(ClickKeyword.groovy:40)
	at com.kms.katalon.core.keyword.internal.KeywordExecutor.executeKeywordForPlatform(KeywordExecutor.groovy:74)
	at com.kms.katalon.core.webui.keyword.WebUiBuiltInKeywords.click(WebUiBuiltInKeywords.groovy:620)
	at com.kms.katalon.core.webui.keyword.WebUiBuiltInKeywords$click$1.call(Unknown Source)
	at Create course CNPM.run(Create course CNPM:36)
	at com.kms.katalon.core.main.ScriptEngine.run(ScriptEngine.java:194)
	at com.kms.katalon.core.main.ScriptEngine.runScriptAsRawText(ScriptEngine.java:119)
	at com.kms.katalon.core.main.TestCaseExecutor.runScript(TestCaseExecutor.java:442)
	at com.kms.katalon.core.main.TestCaseExecutor.doExecute(TestCaseExecutor.java:433)
	at com.kms.katalon.core.main.TestCaseExecutor.processExecutionPhase(TestCaseExecutor.java:412)
	at com.kms.katalon.core.main.TestCaseExecutor.accessMainPhase(TestCaseExecutor.java:404)
	at com.kms.katalon.core.main.TestCaseExecutor.execute(TestCaseExecutor.java:281)
	at com.kms.katalon.core.main.TestCaseMain.runTestCase(TestCaseMain.java:138)
	at com.kms.katalon.core.keyword.builtin.CallTestCaseKeyword$_callTestCase_closure1.doCall(CallTestCaseKeyword.groovy:59)
	... 23 more
Caused by: com.kms.katalon.core.webui.exception.WebElementNotFoundException: Web element with id: 'Object Repository/Utils/Page_CNPM Danh sch thnh vin/input_Danh sch thnh vin_btn btn-secondary my-1' located by '//input[@value='Ghi danh người dùng']' not found
	at com.kms.katalon.core.webui.common.WebUiCommonHelper.findWebElement(WebUiCommonHelper.java:1368)
	at com.kms.katalon.core.webui.keyword.internal.WebUIAbstractKeyword.findWebElement(WebUIAbstractKeyword.groovy:27)
	at com.kms.katalon.core.webui.keyword.builtin.ClickKeyword$_click_closure1.doCall(ClickKeyword.groovy:65)
	at com.kms.katalon.core.webui.keyword.builtin.ClickKeyword$_click_closure1.call(ClickKeyword.groovy)
	at com.kms.katalon.core.webui.keyword.internal.WebUIKeywordMain.runKeyword(WebUIKeywordMain.groovy:20)
	... 38 more
)

2022-01-16 21:26:25 - [TEST_CASE][FAILED] - Test Cases/Utils/Create course CNPM: Test Cases/Utils/Create course CNPM FAILED.
Reason:
com.kms.katalon.core.exception.StepFailedException: Unable to click on object 'Object Repository/Utils/Page_CNPM Danh sch thnh vin/input_Danh sch thnh vin_btn btn-secondary my-1'
	at com.kms.katalon.core.webui.keyword.internal.WebUIKeywordMain.stepFailed(WebUIKeywordMain.groovy:64)
	at com.kms.katalon.core.webui.keyword.internal.WebUIKeywordMain.runKeyword(WebUIKeywordMain.groovy:26)
	at com.kms.katalon.core.webui.keyword.builtin.ClickKeyword.click(ClickKeyword.groovy:74)
	at com.kms.katalon.core.webui.keyword.builtin.ClickKeyword.execute(ClickKeyword.groovy:40)
	at com.kms.katalon.core.keyword.internal.KeywordExecutor.executeKeywordForPlatform(KeywordExecutor.groovy:74)
	at com.kms.katalon.core.webui.keyword.WebUiBuiltInKeywords.click(WebUiBuiltInKeywords.groovy:620)
	at com.kms.katalon.core.webui.keyword.WebUiBuiltInKeywords$click$1.call(Unknown Source)
	at Create course CNPM.run(Create course CNPM:36)
	at com.kms.katalon.core.main.ScriptEngine.run(ScriptEngine.java:194)
	at com.kms.katalon.core.main.ScriptEngine.runScriptAsRawText(ScriptEngine.java:119)
	at com.kms.katalon.core.main.TestCaseExecutor.runScript(TestCaseExecutor.java:442)
	at com.kms.katalon.core.main.TestCaseExecutor.doExecute(TestCaseExecutor.java:433)
	at com.kms.katalon.core.main.TestCaseExecutor.processExecutionPhase(TestCaseExecutor.java:412)
	at com.kms.katalon.core.main.TestCaseExecutor.accessMainPhase(TestCaseExecutor.java:404)
	at com.kms.katalon.core.main.TestCaseExecutor.execute(TestCaseExecutor.java:281)
	at com.kms.katalon.core.main.TestCaseMain.runTestCase(TestCaseMain.java:138)
	at com.kms.katalon.core.keyword.builtin.CallTestCaseKeyword$_callTestCase_closure1.doCall(CallTestCaseKeyword.groovy:59)
	at com.kms.katalon.core.keyword.builtin.CallTestCaseKeyword$_callTestCase_closure1.call(CallTestCaseKeyword.groovy)
	at com.kms.katalon.core.keyword.internal.KeywordMain.runKeyword(KeywordMain.groovy:74)
	at com.kms.katalon.core.keyword.builtin.CallTestCaseKeyword.callTestCase(CallTestCaseKeyword.groovy:81)
	at com.kms.katalon.core.keyword.builtin.CallTestCaseKeyword.execute(CallTestCaseKeyword.groovy:44)
	at com.kms.katalon.core.keyword.internal.KeywordExecutor.executeKeywordForPlatform(KeywordExecutor.groovy:74)
	at com.kms.katalon.core.keyword.BuiltinKeywords.callTestCase(BuiltinKeywords.groovy:334)
	at Create quiz.run(Create quiz:24)
	at com.kms.katalon.core.main.ScriptEngine.run(ScriptEngine.java:194)
	at com.kms.katalon.core.main.ScriptEngine.runScriptAsRawText(ScriptEngine.java:119)
	at com.kms.katalon.core.main.TestCaseExecutor.runScript(TestCaseExecutor.java:442)
	at com.kms.katalon.core.main.TestCaseExecutor.doExecute(TestCaseExecutor.java:433)
	at com.kms.katalon.core.main.TestCaseExecutor.processExecutionPhase(TestCaseExecutor.java:412)
	at com.kms.katalon.core.main.TestCaseExecutor.accessMainPhase(TestCaseExecutor.java:404)
	at com.kms.katalon.core.main.TestCaseExecutor.execute(TestCaseExecutor.java:281)
	at com.kms.katalon.core.main.TestCaseExecutor.execute(TestCaseExecutor.java:363)
	at com.kms.katalon.core.main.TestCaseExecutor.execute(TestCaseExecutor.java:363)
	at com.kms.katalon.core.main.TestCaseExecutor.execute(TestCaseExecutor.java:363)
	at com.kms.katalon.core.main.TestSuiteExecutor.accessTestCaseMainPhase(TestSuiteExecutor.java:202)
	at com.kms.katalon.core.main.TestSuiteExecutor.accessTestSuiteMainPhase(TestSuiteExecutor.java:164)
	at com.kms.katalon.core.main.TestSuiteExecutor.execute(TestSuiteExecutor.java:105)
	at com.kms.katalon.core.main.TestCaseMain.startTestSuite(TestCaseMain.java:181)
	at com.kms.katalon.core.main.TestCaseMain$startTestSuite$0.call(Unknown Source)
	at TempTestSuite1642335656208.run(TempTestSuite1642335656208.groovy:36)
Caused by: com.kms.katalon.core.webui.exception.WebElementNotFoundException: Web element with id: 'Object Repository/Utils/Page_CNPM Danh sch thnh vin/input_Danh sch thnh vin_btn btn-secondary my-1' located by '//input[@value='Ghi danh người dùng']' not found
	at com.kms.katalon.core.webui.common.WebUiCommonHelper.findWebElement(WebUiCommonHelper.java:1368)
	at com.kms.katalon.core.webui.keyword.internal.WebUIAbstractKeyword.findWebElement(WebUIAbstractKeyword.groovy:27)
	at com.kms.katalon.core.webui.keyword.builtin.ClickKeyword$_click_closure1.doCall(ClickKeyword.groovy:65)
	at com.kms.katalon.core.webui.keyword.builtin.ClickKeyword$_click_closure1.call(ClickKeyword.groovy)
	at com.kms.katalon.core.webui.keyword.internal.WebUIKeywordMain.runKeyword(WebUIKeywordMain.groovy:20)
	... 38 more


2022-01-16 21:26:25 - [TEST_STEP][PASSED] - callTestCase(findTestCase("Utils/Login as admin"), [:], STOP_ON_FAILURE): Call Test Case 'Test Cases/Utils/Login as admin' successfully

2022-01-16 21:26:25 - [TEST_CASE][PASSED] - Test Cases/Utils/Login as admin: Test Cases/Utils/Login as admin

2022-01-16 21:26:25 - [TEST_STEP][PASSED] - click(findTestObject("View course grade/Page_Local Moodle/a_Log in")): Object: 'Object Repository/View course grade/Page_Local Moodle/a_Log in' is clicked on

2022-01-16 21:26:27 - [MESSAGE][PASSED] - Object: 'Object Repository/View course grade/Page_Local Moodle/a_Log in' is clicked on

2022-01-16 21:26:27 - [TEST_STEP][PASSED] - setText(findTestObject("View course grade/Page_Local Moodle Log in to the site/input_Username_username"), "admin"): Text 'admin' is set on object 'Object Repository/View course grade/Page_Local Moodle Log in to the site/input_Username_username'

2022-01-16 21:26:28 - [MESSAGE][PASSED] - Text 'admin' is set on object 'Object Repository/View course grade/Page_Local Moodle Log in to the site/input_Username_username'

2022-01-16 21:26:28 - [TEST_STEP][PASSED] - setEncryptedText(findTestObject("View course grade/Page_Local Moodle Log in to the site/input_Password_password"), "bfAykA/oWJ09FXmiKh6lyuuLu8QhG1K5"): Text ****** has been set on object 'Object Repository/View course grade/Page_Local Moodle Log in to the site/input_Password_password'

2022-01-16 21:26:29 - [MESSAGE][PASSED] - Text ****** has been set on object 'Object Repository/View course grade/Page_Local Moodle Log in to the site/input_Password_password'

2022-01-16 21:26:29 - [TEST_STEP][PASSED] - click(findTestObject("View course grade/Page_Local Moodle Log in to the site/button_Log in")): Object: 'Object Repository/View course grade/Page_Local Moodle Log in to the site/button_Log in' is clicked on

2022-01-16 21:26:33 - [MESSAGE][PASSED] - Object: 'Object Repository/View course grade/Page_Local Moodle Log in to the site/button_Log in' is clicked on

2022-01-16 21:26:33 - [MESSAGE][PASSED] - Call Test Case 'Test Cases/Utils/Login as admin' successfully

2022-01-16 21:26:33 - [TEST_STEP][PASSED] - click(findTestObject("Object Repository/Utils/Page_Nh ca ti/span_Qun tr khu vc")): Object: 'Object Repository/Utils/Page_Nh ca ti/span_Qun tr khu vc' is clicked on

2022-01-16 21:26:39 - [MESSAGE][PASSED] - Object: 'Object Repository/Utils/Page_Nh ca ti/span_Qun tr khu vc' is clicked on

2022-01-16 21:26:39 - [TEST_STEP][PASSED] - click(findTestObject("Object Repository/Utils/Page_Moodle Khu vc qun tr Tm kim/a_Kho hc")): Object: 'Object Repository/Utils/Page_Moodle Khu vc qun tr Tm kim/a_Kho hc' is clicked on

2022-01-16 21:26:40 - [MESSAGE][PASSED] - Object: 'Object Repository/Utils/Page_Moodle Khu vc qun tr Tm kim/a_Kho hc' is clicked on

2022-01-16 21:26:40 - [TEST_STEP][PASSED] - click(findTestObject("Object Repository/Utils/Page_Moodle Khu vc qun tr Tm kim/a_Thmsa cc kho hc")): Object: 'Object Repository/Utils/Page_Moodle Khu vc qun tr Tm kim/a_Thmsa cc kho hc' is clicked on

2022-01-16 21:26:44 - [MESSAGE][PASSED] - Object: 'Object Repository/Utils/Page_Moodle Khu vc qun tr Tm kim/a_Thmsa cc kho hc' is clicked on

2022-01-16 21:26:44 - [TEST_STEP][PASSED] - click(findTestObject("Object Repository/Utils/Page_Qun l kha hc v danh mc kha hc/a_To kha hc mi")): Object: 'Object Repository/Utils/Page_Qun l kha hc v danh mc kha hc/a_To kha hc mi' is clicked on

2022-01-16 21:26:50 - [MESSAGE][INFO] - Unable to find the element located by 'By.xpath: //div[@id='yui_3_17_2_1_1641906891631_57']/div/div/a'. Please recheck the objects properties to make sure the desired element is located. 

2022-01-16 21:26:50 - [MESSAGE][WARNING] - [SELF-HEALING] Failed to find element with id 'Object Repository/Utils/Page_Qun l kha hc v danh mc kha hc/a_To kha hc mi'. Try using Self-healing.

2022-01-16 21:26:50 - [MESSAGE][WARNING] - [SELF-HEALING] The current locator of test object 'Object Repository/Utils/Page_Qun l kha hc v danh mc kha hc/a_To kha hc mi' was broken. Propose an alternative one: '//a[contains(text(),'Tạo khóa học mới')]'.

2022-01-16 21:26:54 - [MESSAGE][PASSED] - Object: 'Object Repository/Utils/Page_Qun l kha hc v danh mc kha hc/a_To kha hc mi' is clicked on

2022-01-16 21:26:54 - [TEST_STEP][PASSED] - setText(findTestObject("Object Repository/Utils/Page_Moodle Thm kho hc mi/input_Tn y_fullname"), "Nhập môn Công nghệ phần mềm"): Text 'Nhập môn Công nghệ phần mềm' is set on object 'Object Repository/Utils/Page_Moodle Thm kho hc mi/input_Tn y_fullname'

2022-01-16 21:26:56 - [MESSAGE][PASSED] - Text 'Nhập môn Công nghệ phần mềm' is set on object 'Object Repository/Utils/Page_Moodle Thm kho hc mi/input_Tn y_fullname'

2022-01-16 21:26:56 - [TEST_STEP][PASSED] - setText(findTestObject("Object Repository/Utils/Page_Moodle Thm kho hc mi/input_Tn rt gn ca kho hc_shortname"), "CNPM"): Text 'CNPM' is set on object 'Object Repository/Utils/Page_Moodle Thm kho hc mi/input_Tn rt gn ca kho hc_shortname'

2022-01-16 21:26:57 - [MESSAGE][PASSED] - Text 'CNPM' is set on object 'Object Repository/Utils/Page_Moodle Thm kho hc mi/input_Tn rt gn ca kho hc_shortname'

2022-01-16 21:26:57 - [TEST_STEP][PASSED] - click(findTestObject("Object Repository/Utils/Page_Moodle Thm kho hc mi/input__saveanddisplay")): Object: 'Object Repository/Utils/Page_Moodle Thm kho hc mi/input__saveanddisplay' is clicked on

2022-01-16 21:27:03 - [MESSAGE][PASSED] - Object: 'Object Repository/Utils/Page_Moodle Thm kho hc mi/input__saveanddisplay' is clicked on

2022-01-16 21:27:03 - [TEST_STEP][FAILED] - click(findTestObject("Object Repository/Utils/Page_CNPM Danh sch thnh vin/input_Danh sch thnh vin_btn btn-secondary my-1")): Unable to click on object 'Object Repository/Utils/Page_CNPM Danh sch thnh vin/input_Danh sch thnh vin_btn btn-secondary my-1' (Root cause: com.kms.katalon.core.exception.StepFailedException: Unable to click on object 'Object Repository/Utils/Page_CNPM Danh sch thnh vin/input_Danh sch thnh vin_btn btn-secondary my-1'
	at com.kms.katalon.core.webui.keyword.internal.WebUIKeywordMain.stepFailed(WebUIKeywordMain.groovy:64)
	at com.kms.katalon.core.webui.keyword.internal.WebUIKeywordMain.runKeyword(WebUIKeywordMain.groovy:26)
	at com.kms.katalon.core.webui.keyword.builtin.ClickKeyword.click(ClickKeyword.groovy:74)
	at com.kms.katalon.core.webui.keyword.builtin.ClickKeyword.execute(ClickKeyword.groovy:40)
	at com.kms.katalon.core.keyword.internal.KeywordExecutor.executeKeywordForPlatform(KeywordExecutor.groovy:74)
	at com.kms.katalon.core.webui.keyword.WebUiBuiltInKeywords.click(WebUiBuiltInKeywords.groovy:620)
	at com.kms.katalon.core.webui.keyword.WebUiBuiltInKeywords$click$1.call(Unknown Source)
	at Create course CNPM.run(Create course CNPM:36)
	at com.kms.katalon.core.main.ScriptEngine.run(ScriptEngine.java:194)
	at com.kms.katalon.core.main.ScriptEngine.runScriptAsRawText(ScriptEngine.java:119)
	at com.kms.katalon.core.main.TestCaseExecutor.runScript(TestCaseExecutor.java:442)
	at com.kms.katalon.core.main.TestCaseExecutor.doExecute(TestCaseExecutor.java:433)
	at com.kms.katalon.core.main.TestCaseExecutor.processExecutionPhase(TestCaseExecutor.java:412)
	at com.kms.katalon.core.main.TestCaseExecutor.accessMainPhase(TestCaseExecutor.java:404)
	at com.kms.katalon.core.main.TestCaseExecutor.execute(TestCaseExecutor.java:281)
	at com.kms.katalon.core.main.TestCaseMain.runTestCase(TestCaseMain.java:138)
	at com.kms.katalon.core.keyword.builtin.CallTestCaseKeyword$_callTestCase_closure1.doCall(CallTestCaseKeyword.groovy:59)
	at com.kms.katalon.core.keyword.builtin.CallTestCaseKeyword$_callTestCase_closure1.call(CallTestCaseKeyword.groovy)
	at com.kms.katalon.core.keyword.internal.KeywordMain.runKeyword(KeywordMain.groovy:74)
	at com.kms.katalon.core.keyword.builtin.CallTestCaseKeyword.callTestCase(CallTestCaseKeyword.groovy:81)
	at com.kms.katalon.core.keyword.builtin.CallTestCaseKeyword.execute(CallTestCaseKeyword.groovy:44)
	at com.kms.katalon.core.keyword.internal.KeywordExecutor.executeKeywordForPlatform(KeywordExecutor.groovy:74)
	at com.kms.katalon.core.keyword.BuiltinKeywords.callTestCase(BuiltinKeywords.groovy:334)
	at Create quiz.run(Create quiz:24)
	at com.kms.katalon.core.main.ScriptEngine.run(ScriptEngine.java:194)
	at com.kms.katalon.core.main.ScriptEngine.runScriptAsRawText(ScriptEngine.java:119)
	at com.kms.katalon.core.main.TestCaseExecutor.runScript(TestCaseExecutor.java:442)
	at com.kms.katalon.core.main.TestCaseExecutor.doExecute(TestCaseExecutor.java:433)
	at com.kms.katalon.core.main.TestCaseExecutor.processExecutionPhase(TestCaseExecutor.java:412)
	at com.kms.katalon.core.main.TestCaseExecutor.accessMainPhase(TestCaseExecutor.java:404)
	at com.kms.katalon.core.main.TestCaseExecutor.execute(TestCaseExecutor.java:281)
	at com.kms.katalon.core.main.TestCaseExecutor.execute(TestCaseExecutor.java:363)
	at com.kms.katalon.core.main.TestCaseExecutor.execute(TestCaseExecutor.java:363)
	at com.kms.katalon.core.main.TestCaseExecutor.execute(TestCaseExecutor.java:363)
	at com.kms.katalon.core.main.TestSuiteExecutor.accessTestCaseMainPhase(TestSuiteExecutor.java:202)
	at com.kms.katalon.core.main.TestSuiteExecutor.accessTestSuiteMainPhase(TestSuiteExecutor.java:164)
	at com.kms.katalon.core.main.TestSuiteExecutor.execute(TestSuiteExecutor.java:105)
	at com.kms.katalon.core.main.TestCaseMain.startTestSuite(TestCaseMain.java:181)
	at com.kms.katalon.core.main.TestCaseMain$startTestSuite$0.call(Unknown Source)
	at TempTestSuite1642335656208.run(TempTestSuite1642335656208.groovy:36)
Caused by: com.kms.katalon.core.webui.exception.WebElementNotFoundException: Web element with id: 'Object Repository/Utils/Page_CNPM Danh sch thnh vin/input_Danh sch thnh vin_btn btn-secondary my-1' located by '//input[@value='Ghi danh người dùng']' not found
	at com.kms.katalon.core.webui.common.WebUiCommonHelper.findWebElement(WebUiCommonHelper.java:1368)
	at com.kms.katalon.core.webui.keyword.internal.WebUIAbstractKeyword.findWebElement(WebUIAbstractKeyword.groovy:27)
	at com.kms.katalon.core.webui.keyword.builtin.ClickKeyword$_click_closure1.doCall(ClickKeyword.groovy:65)
	at com.kms.katalon.core.webui.keyword.builtin.ClickKeyword$_click_closure1.call(ClickKeyword.groovy)
	at com.kms.katalon.core.webui.keyword.internal.WebUIKeywordMain.runKeyword(WebUIKeywordMain.groovy:20)
	at com.kms.katalon.core.webui.keyword.builtin.ClickKeyword.click(ClickKeyword.groovy:74)
	at com.kms.katalon.core.webui.keyword.builtin.ClickKeyword.execute(ClickKeyword.groovy:40)
	at com.kms.katalon.core.keyword.internal.KeywordExecutor.executeKeywordForPlatform(KeywordExecutor.groovy:74)
	at com.kms.katalon.core.webui.keyword.WebUiBuiltInKeywords.click(WebUiBuiltInKeywords.groovy:620)
	at com.kms.katalon.core.webui.keyword.WebUiBuiltInKeywords$click$1.call(Unknown Source)
	at Script1641906761787.run(Script1641906761787.groovy:36)
	at com.kms.katalon.core.main.ScriptEngine.run(ScriptEngine.java:194)
	at com.kms.katalon.core.main.ScriptEngine.runScriptAsRawText(ScriptEngine.java:119)
	at com.kms.katalon.core.main.TestCaseExecutor.runScript(TestCaseExecutor.java:442)
	at com.kms.katalon.core.main.TestCaseExecutor.doExecute(TestCaseExecutor.java:433)
	at com.kms.katalon.core.main.TestCaseExecutor.processExecutionPhase(TestCaseExecutor.java:412)
	at com.kms.katalon.core.main.TestCaseExecutor.accessMainPhase(TestCaseExecutor.java:404)
	at com.kms.katalon.core.main.TestCaseExecutor.execute(TestCaseExecutor.java:281)
	at com.kms.katalon.core.main.TestCaseMain.runTestCase(TestCaseMain.java:138)
	at com.kms.katalon.core.keyword.builtin.CallTestCaseKeyword$_callTestCase_closure1.doCall(CallTestCaseKeyword.groovy:59)
	at com.kms.katalon.core.keyword.builtin.CallTestCaseKeyword$_callTestCase_closure1.call(CallTestCaseKeyword.groovy)
	at com.kms.katalon.core.keyword.internal.KeywordMain.runKeyword(KeywordMain.groovy:74)
	at com.kms.katalon.core.keyword.builtin.CallTestCaseKeyword.callTestCase(CallTestCaseKeyword.groovy:81)
	at com.kms.katalon.core.keyword.builtin.CallTestCaseKeyword.execute(CallTestCaseKeyword.groovy:44)
	at com.kms.katalon.core.keyword.internal.KeywordExecutor.executeKeywordForPlatform(KeywordExecutor.groovy:74)
	at com.kms.katalon.core.keyword.BuiltinKeywords.callTestCase(BuiltinKeywords.groovy:334)
	at Script1641913605315.run(Script1641913605315.groovy:24)
	... 16 more
)

2022-01-16 21:27:09 - [MESSAGE][INFO] - Unable to find the element located by 'By.xpath: //input[@value='Ghi danh người dùng']'. Please recheck the objects properties to make sure the desired element is located. 

2022-01-16 21:27:09 - [MESSAGE][WARNING] - [SELF-HEALING] Failed to find element with id 'Object Repository/Utils/Page_CNPM Danh sch thnh vin/input_Danh sch thnh vin_btn btn-secondary my-1'. Try using Self-healing.

2022-01-16 21:27:10 - [MESSAGE][INFO] - [SELF-HEALING] Failed Locator: '//input[@value='Ghi danh người dùng']'.

2022-01-16 21:27:10 - [MESSAGE][INFO] - [SELF-HEALING] Failed Locator: '//form[@id='enrolusersbutton-1']/div/input'.

2022-01-16 21:27:10 - [MESSAGE][INFO] - [SELF-HEALING] Working Locator: '//input'.

2022-01-16 21:27:10 - [MESSAGE][ERROR] - [SELF-HEALING] Cannot save screenshot to: C:\xampp\htdocs\moodle\Test Automation - SE Bonus\Reports\Self-healing, reason: unknown error: unhandled inspector error: {"code":-32000,"message":"Cannot take screenshot with 0 width."}
  (Session info: MicrosoftEdge=97.0.1072.62)
Build info: version: '3.141.59', revision: 'e82be7d358', time: '2018-11-14T08:25:53'
System info: host: 'DESKTOP-11TAGP6', ip: '192.168.56.1', os.name: 'Windows 10', os.arch: 'amd64', os.version: '10.0', java.version: '1.8.0_282'
Driver info: com.kms.katalon.selenium.driver.CEdgeDriver
Capabilities {acceptInsecureCerts: false, browserName: msedge, browserVersion: 97.0.1072.62, javascriptEnabled: true, ms:edgeOptions: {debuggerAddress: localhost:57307}, msedge: {msedgedriverVersion: 97.0.1072.55 (ce3bf33648805..., userDataDir: C:\Users\W10\AppData\Local\...}, networkConnectionEnabled: false, pageLoadStrategy: normal, platform: WINDOWS, platformName: WINDOWS, proxy: Proxy(), setWindowRect: true, strictFileInteractability: false, timeouts: {implicit: 0, pageLoad: 300000, script: 30000}, unhandledPromptBehavior: dismiss and notify, webauthn:extension:credBlob: true, webauthn:extension:largeBlob: true, webauthn:virtualAuthenticators: true}
Session ID: eef4d4751308b524aececb89f100b83b.

2022-01-16 21:27:10 - [MESSAGE][ERROR] - [SELF-HEALING] Cannot save screenshot to: C:\xampp\htdocs\moodle\Test Automation - SE Bonus\Reports\Self-healing, reason: unknown error: unhandled inspector error: {"code":-32000,"message":"Cannot take screenshot with 0 width."}
  (Session info: MicrosoftEdge=97.0.1072.62)
Build info: version: '3.141.59', revision: 'e82be7d358', time: '2018-11-14T08:25:53'
System info: host: 'DESKTOP-11TAGP6', ip: '192.168.56.1', os.name: 'Windows 10', os.arch: 'amd64', os.version: '10.0', java.version: '1.8.0_282'
Driver info: com.kms.katalon.selenium.driver.CEdgeDriver
Capabilities {acceptInsecureCerts: false, browserName: msedge, browserVersion: 97.0.1072.62, javascriptEnabled: true, ms:edgeOptions: {debuggerAddress: localhost:57307}, msedge: {msedgedriverVersion: 97.0.1072.55 (ce3bf33648805..., userDataDir: C:\Users\W10\AppData\Local\...}, networkConnectionEnabled: false, pageLoadStrategy: normal, platform: WINDOWS, platformName: WINDOWS, proxy: Proxy(), setWindowRect: true, strictFileInteractability: false, timeouts: {implicit: 0, pageLoad: 300000, script: 30000}, unhandledPromptBehavior: dismiss and notify, webauthn:extension:credBlob: true, webauthn:extension:largeBlob: true, webauthn:virtualAuthenticators: true}
Session ID: eef4d4751308b524aececb89f100b83b.

2022-01-16 21:27:11 - [MESSAGE][WARNING] - [SELF-HEALING] 'other' is different type of Path

2022-01-16 21:27:11 - [MESSAGE][ERROR] - [SELF-HEALING] Cannot save screenshot to: C:\xampp\htdocs\moodle\Test Automation - SE Bonus\Reports\Self-healing, reason: unknown error: unhandled inspector error: {"code":-32000,"message":"Cannot take screenshot with 0 width."}
  (Session info: MicrosoftEdge=97.0.1072.62)
Build info: version: '3.141.59', revision: 'e82be7d358', time: '2018-11-14T08:25:53'
System info: host: 'DESKTOP-11TAGP6', ip: '192.168.56.1', os.name: 'Windows 10', os.arch: 'amd64', os.version: '10.0', java.version: '1.8.0_282'
Driver info: com.kms.katalon.selenium.driver.CEdgeDriver
Capabilities {acceptInsecureCerts: false, browserName: msedge, browserVersion: 97.0.1072.62, javascriptEnabled: true, ms:edgeOptions: {debuggerAddress: localhost:57307}, msedge: {msedgedriverVersion: 97.0.1072.55 (ce3bf33648805..., userDataDir: C:\Users\W10\AppData\Local\...}, networkConnectionEnabled: false, pageLoadStrategy: normal, platform: WINDOWS, platformName: WINDOWS, proxy: Proxy(), setWindowRect: true, strictFileInteractability: false, timeouts: {implicit: 0, pageLoad: 300000, script: 30000}, unhandledPromptBehavior: dismiss and notify, webauthn:extension:credBlob: true, webauthn:extension:largeBlob: true, webauthn:virtualAuthenticators: true}
Session ID: eef4d4751308b524aececb89f100b83b.

2022-01-16 21:27:11 - [MESSAGE][WARNING] - [SELF-HEALING] 'other' is different type of Path

2022-01-16 21:27:12 - [MESSAGE][INFO] - Unable to find the element located by 'By.cssSelector: input.btn.btn-secondary.my-1'. Please recheck the objects properties to make sure the desired element is located. 

2022-01-16 21:27:12 - [MESSAGE][FAILED] - Unable to click on object 'Object Repository/Utils/Page_CNPM Danh sch thnh vin/input_Danh sch thnh vin_btn btn-secondary my-1' (Root cause: com.kms.katalon.core.exception.StepFailedException: Unable to click on object 'Object Repository/Utils/Page_CNPM Danh sch thnh vin/input_Danh sch thnh vin_btn btn-secondary my-1'
	at com.kms.katalon.core.webui.keyword.internal.WebUIKeywordMain.stepFailed(WebUIKeywordMain.groovy:64)
	at com.kms.katalon.core.webui.keyword.internal.WebUIKeywordMain.runKeyword(WebUIKeywordMain.groovy:26)
	at com.kms.katalon.core.webui.keyword.builtin.ClickKeyword.click(ClickKeyword.groovy:74)
	at com.kms.katalon.core.webui.keyword.builtin.ClickKeyword.execute(ClickKeyword.groovy:40)
	at com.kms.katalon.core.keyword.internal.KeywordExecutor.executeKeywordForPlatform(KeywordExecutor.groovy:74)
	at com.kms.katalon.core.webui.keyword.WebUiBuiltInKeywords.click(WebUiBuiltInKeywords.groovy:620)
	at com.kms.katalon.core.webui.keyword.WebUiBuiltInKeywords$click$1.call(Unknown Source)
	at Create course CNPM.run(Create course CNPM:36)
	at com.kms.katalon.core.main.ScriptEngine.run(ScriptEngine.java:194)
	at com.kms.katalon.core.main.ScriptEngine.runScriptAsRawText(ScriptEngine.java:119)
	at com.kms.katalon.core.main.TestCaseExecutor.runScript(TestCaseExecutor.java:442)
	at com.kms.katalon.core.main.TestCaseExecutor.doExecute(TestCaseExecutor.java:433)
	at com.kms.katalon.core.main.TestCaseExecutor.processExecutionPhase(TestCaseExecutor.java:412)
	at com.kms.katalon.core.main.TestCaseExecutor.accessMainPhase(TestCaseExecutor.java:404)
	at com.kms.katalon.core.main.TestCaseExecutor.execute(TestCaseExecutor.java:281)
	at com.kms.katalon.core.main.TestCaseMain.runTestCase(TestCaseMain.java:138)
	at com.kms.katalon.core.keyword.builtin.CallTestCaseKeyword$_callTestCase_closure1.doCall(CallTestCaseKeyword.groovy:59)
	at com.kms.katalon.core.keyword.builtin.CallTestCaseKeyword$_callTestCase_closure1.call(CallTestCaseKeyword.groovy)
	at com.kms.katalon.core.keyword.internal.KeywordMain.runKeyword(KeywordMain.groovy:74)
	at com.kms.katalon.core.keyword.builtin.CallTestCaseKeyword.callTestCase(CallTestCaseKeyword.groovy:81)
	at com.kms.katalon.core.keyword.builtin.CallTestCaseKeyword.execute(CallTestCaseKeyword.groovy:44)
	at com.kms.katalon.core.keyword.internal.KeywordExecutor.executeKeywordForPlatform(KeywordExecutor.groovy:74)
	at com.kms.katalon.core.keyword.BuiltinKeywords.callTestCase(BuiltinKeywords.groovy:334)
	at Create quiz.run(Create quiz:24)
	at com.kms.katalon.core.main.ScriptEngine.run(ScriptEngine.java:194)
	at com.kms.katalon.core.main.ScriptEngine.runScriptAsRawText(ScriptEngine.java:119)
	at com.kms.katalon.core.main.TestCaseExecutor.runScript(TestCaseExecutor.java:442)
	at com.kms.katalon.core.main.TestCaseExecutor.doExecute(TestCaseExecutor.java:433)
	at com.kms.katalon.core.main.TestCaseExecutor.processExecutionPhase(TestCaseExecutor.java:412)
	at com.kms.katalon.core.main.TestCaseExecutor.accessMainPhase(TestCaseExecutor.java:404)
	at com.kms.katalon.core.main.TestCaseExecutor.execute(TestCaseExecutor.java:281)
	at com.kms.katalon.core.main.TestCaseExecutor.execute(TestCaseExecutor.java:363)
	at com.kms.katalon.core.main.TestCaseExecutor.execute(TestCaseExecutor.java:363)
	at com.kms.katalon.core.main.TestCaseExecutor.execute(TestCaseExecutor.java:363)
	at com.kms.katalon.core.main.TestSuiteExecutor.accessTestCaseMainPhase(TestSuiteExecutor.java:202)
	at com.kms.katalon.core.main.TestSuiteExecutor.accessTestSuiteMainPhase(TestSuiteExecutor.java:164)
	at com.kms.katalon.core.main.TestSuiteExecutor.execute(TestSuiteExecutor.java:105)
	at com.kms.katalon.core.main.TestCaseMain.startTestSuite(TestCaseMain.java:181)
	at com.kms.katalon.core.main.TestCaseMain$startTestSuite$0.call(Unknown Source)
	at TempTestSuite1642335656208.run(TempTestSuite1642335656208.groovy:36)
Caused by: com.kms.katalon.core.webui.exception.WebElementNotFoundException: Web element with id: 'Object Repository/Utils/Page_CNPM Danh sch thnh vin/input_Danh sch thnh vin_btn btn-secondary my-1' located by '//input[@value='Ghi danh người dùng']' not found
	at com.kms.katalon.core.webui.common.WebUiCommonHelper.findWebElement(WebUiCommonHelper.java:1368)
	at com.kms.katalon.core.webui.keyword.internal.WebUIAbstractKeyword.findWebElement(WebUIAbstractKeyword.groovy:27)
	at com.kms.katalon.core.webui.keyword.builtin.ClickKeyword$_click_closure1.doCall(ClickKeyword.groovy:65)
	at com.kms.katalon.core.webui.keyword.builtin.ClickKeyword$_click_closure1.call(ClickKeyword.groovy)
	at com.kms.katalon.core.webui.keyword.internal.WebUIKeywordMain.runKeyword(WebUIKeywordMain.groovy:20)
	at com.kms.katalon.core.webui.keyword.builtin.ClickKeyword.click(ClickKeyword.groovy:74)
	at com.kms.katalon.core.webui.keyword.builtin.ClickKeyword.execute(ClickKeyword.groovy:40)
	at com.kms.katalon.core.keyword.internal.KeywordExecutor.executeKeywordForPlatform(KeywordExecutor.groovy:74)
	at com.kms.katalon.core.webui.keyword.WebUiBuiltInKeywords.click(WebUiBuiltInKeywords.groovy:620)
	at com.kms.katalon.core.webui.keyword.WebUiBuiltInKeywords$click$1.call(Unknown Source)
	at Script1641906761787.run(Script1641906761787.groovy:36)
	at com.kms.katalon.core.main.ScriptEngine.run(ScriptEngine.java:194)
	at com.kms.katalon.core.main.ScriptEngine.runScriptAsRawText(ScriptEngine.java:119)
	at com.kms.katalon.core.main.TestCaseExecutor.runScript(TestCaseExecutor.java:442)
	at com.kms.katalon.core.main.TestCaseExecutor.doExecute(TestCaseExecutor.java:433)
	at com.kms.katalon.core.main.TestCaseExecutor.processExecutionPhase(TestCaseExecutor.java:412)
	at com.kms.katalon.core.main.TestCaseExecutor.accessMainPhase(TestCaseExecutor.java:404)
	at com.kms.katalon.core.main.TestCaseExecutor.execute(TestCaseExecutor.java:281)
	at com.kms.katalon.core.main.TestCaseMain.runTestCase(TestCaseMain.java:138)
	at com.kms.katalon.core.keyword.builtin.CallTestCaseKeyword$_callTestCase_closure1.doCall(CallTestCaseKeyword.groovy:59)
	at com.kms.katalon.core.keyword.builtin.CallTestCaseKeyword$_callTestCase_closure1.call(CallTestCaseKeyword.groovy)
	at com.kms.katalon.core.keyword.internal.KeywordMain.runKeyword(KeywordMain.groovy:74)
	at com.kms.katalon.core.keyword.builtin.CallTestCaseKeyword.callTestCase(CallTestCaseKeyword.groovy:81)
	at com.kms.katalon.core.keyword.builtin.CallTestCaseKeyword.execute(CallTestCaseKeyword.groovy:44)
	at com.kms.katalon.core.keyword.internal.KeywordExecutor.executeKeywordForPlatform(KeywordExecutor.groovy:74)
	at com.kms.katalon.core.keyword.BuiltinKeywords.callTestCase(BuiltinKeywords.groovy:334)
	at Script1641913605315.run(Script1641913605315.groovy:24)
	... 16 more
)
[[ATTACHMENT|C:\\xampp\\htdocs\\moodle\\Test Automation - SE Bonus\\Reports\\20220116_192056\\Run All Test Cases\\20220116_192056\\1642343232487.png]]

2022-01-16 21:27:12 - [MESSAGE][INFO] - 

2022-01-16 21:27:12 - [MESSAGE][INFO] - ===================== Self-healing Report ====================

2022-01-16 21:27:12 - [MESSAGE][INFO] - One of the failed test object locators has been recovered by Self-healing. Please refer to the Self-healing Insights tab for more details.

2022-01-16 21:27:12 - [MESSAGE][INFO] - To learn more about Self-healing, please read https://docs.katalon.com/katalon-studio/docs/self-healing.html

2022-01-16 21:27:12 - [MESSAGE][INFO] - ==============================================================

2022-01-16 21:27:12 - [MESSAGE][FAILED] - Unable to call Test Case 'Test Cases/Utils/Create course CNPM' (Root cause: com.kms.katalon.core.exception.StepFailedException: Call Test Case 'Test Cases/Utils/Create course CNPM' failed
	at com.kms.katalon.core.keyword.builtin.CallTestCaseKeyword$_callTestCase_closure1.doCall(CallTestCaseKeyword.groovy:63)
	at com.kms.katalon.core.keyword.builtin.CallTestCaseKeyword$_callTestCase_closure1.call(CallTestCaseKeyword.groovy)
	at com.kms.katalon.core.keyword.internal.KeywordMain.runKeyword(KeywordMain.groovy:74)
	at com.kms.katalon.core.keyword.builtin.CallTestCaseKeyword.callTestCase(CallTestCaseKeyword.groovy:81)
	at com.kms.katalon.core.keyword.builtin.CallTestCaseKeyword.execute(CallTestCaseKeyword.groovy:44)
	at com.kms.katalon.core.keyword.internal.KeywordExecutor.executeKeywordForPlatform(KeywordExecutor.groovy:74)
	at com.kms.katalon.core.keyword.BuiltinKeywords.callTestCase(BuiltinKeywords.groovy:334)
	at Create quiz.run(Create quiz:24)
	at com.kms.katalon.core.main.ScriptEngine.run(ScriptEngine.java:194)
	at com.kms.katalon.core.main.ScriptEngine.runScriptAsRawText(ScriptEngine.java:119)
	at com.kms.katalon.core.main.TestCaseExecutor.runScript(TestCaseExecutor.java:442)
	at com.kms.katalon.core.main.TestCaseExecutor.doExecute(TestCaseExecutor.java:433)
	at com.kms.katalon.core.main.TestCaseExecutor.processExecutionPhase(TestCaseExecutor.java:412)
	at com.kms.katalon.core.main.TestCaseExecutor.accessMainPhase(TestCaseExecutor.java:404)
	at com.kms.katalon.core.main.TestCaseExecutor.execute(TestCaseExecutor.java:281)
	at com.kms.katalon.core.main.TestCaseExecutor.execute(TestCaseExecutor.java:363)
	at com.kms.katalon.core.main.TestCaseExecutor.execute(TestCaseExecutor.java:363)
	at com.kms.katalon.core.main.TestCaseExecutor.execute(TestCaseExecutor.java:363)
	at com.kms.katalon.core.main.TestSuiteExecutor.accessTestCaseMainPhase(TestSuiteExecutor.java:202)
	at com.kms.katalon.core.main.TestSuiteExecutor.accessTestSuiteMainPhase(TestSuiteExecutor.java:164)
	at com.kms.katalon.core.main.TestSuiteExecutor.execute(TestSuiteExecutor.java:105)
	at com.kms.katalon.core.main.TestCaseMain.startTestSuite(TestCaseMain.java:181)
	at com.kms.katalon.core.main.TestCaseMain$startTestSuite$0.call(Unknown Source)
	at TempTestSuite1642335656208.run(TempTestSuite1642335656208.groovy:36)
Caused by: com.kms.katalon.core.exception.StepFailedException: Unable to click on object 'Object Repository/Utils/Page_CNPM Danh sch thnh vin/input_Danh sch thnh vin_btn btn-secondary my-1'
	at com.kms.katalon.core.webui.keyword.internal.WebUIKeywordMain.stepFailed(WebUIKeywordMain.groovy:64)
	at com.kms.katalon.core.webui.keyword.internal.WebUIKeywordMain.runKeyword(WebUIKeywordMain.groovy:26)
	at com.kms.katalon.core.webui.keyword.builtin.ClickKeyword.click(ClickKeyword.groovy:74)
	at com.kms.katalon.core.webui.keyword.builtin.ClickKeyword.execute(ClickKeyword.groovy:40)
	at com.kms.katalon.core.keyword.internal.KeywordExecutor.executeKeywordForPlatform(KeywordExecutor.groovy:74)
	at com.kms.katalon.core.webui.keyword.WebUiBuiltInKeywords.click(WebUiBuiltInKeywords.groovy:620)
	at com.kms.katalon.core.webui.keyword.WebUiBuiltInKeywords$click$1.call(Unknown Source)
	at Create course CNPM.run(Create course CNPM:36)
	at com.kms.katalon.core.main.ScriptEngine.run(ScriptEngine.java:194)
	at com.kms.katalon.core.main.ScriptEngine.runScriptAsRawText(ScriptEngine.java:119)
	at com.kms.katalon.core.main.TestCaseExecutor.runScript(TestCaseExecutor.java:442)
	at com.kms.katalon.core.main.TestCaseExecutor.doExecute(TestCaseExecutor.java:433)
	at com.kms.katalon.core.main.TestCaseExecutor.processExecutionPhase(TestCaseExecutor.java:412)
	at com.kms.katalon.core.main.TestCaseExecutor.accessMainPhase(TestCaseExecutor.java:404)
	at com.kms.katalon.core.main.TestCaseExecutor.execute(TestCaseExecutor.java:281)
	at com.kms.katalon.core.main.TestCaseMain.runTestCase(TestCaseMain.java:138)
	at com.kms.katalon.core.keyword.builtin.CallTestCaseKeyword$_callTestCase_closure1.doCall(CallTestCaseKeyword.groovy:59)
	... 23 more
Caused by: com.kms.katalon.core.webui.exception.WebElementNotFoundException: Web element with id: 'Object Repository/Utils/Page_CNPM Danh sch thnh vin/input_Danh sch thnh vin_btn btn-secondary my-1' located by '//input[@value='Ghi danh người dùng']' not found
	at com.kms.katalon.core.webui.common.WebUiCommonHelper.findWebElement(WebUiCommonHelper.java:1368)
	at com.kms.katalon.core.webui.keyword.internal.WebUIAbstractKeyword.findWebElement(WebUIAbstractKeyword.groovy:27)
	at com.kms.katalon.core.webui.keyword.builtin.ClickKeyword$_click_closure1.doCall(ClickKeyword.groovy:65)
	at com.kms.katalon.core.webui.keyword.builtin.ClickKeyword$_click_closure1.call(ClickKeyword.groovy)
	at com.kms.katalon.core.webui.keyword.internal.WebUIKeywordMain.runKeyword(WebUIKeywordMain.groovy:20)
	... 38 more
)]]></system-out>
         <system-err><![CDATA[2022-01-16 21:26:16 - [TEST_CASE][FAILED] - Test Cases/Create folder and quiz/Create quiz: Test Cases/Create folder and quiz/Create quiz FAILED.
Reason:
com.kms.katalon.core.exception.StepFailedException: Call Test Case 'Test Cases/Utils/Create course CNPM' failed
	at com.kms.katalon.core.keyword.builtin.CallTestCaseKeyword$_callTestCase_closure1.doCall(CallTestCaseKeyword.groovy:63)
	at com.kms.katalon.core.keyword.builtin.CallTestCaseKeyword$_callTestCase_closure1.call(CallTestCaseKeyword.groovy)
	at com.kms.katalon.core.keyword.internal.KeywordMain.runKeyword(KeywordMain.groovy:74)
	at com.kms.katalon.core.keyword.builtin.CallTestCaseKeyword.callTestCase(CallTestCaseKeyword.groovy:81)
	at com.kms.katalon.core.keyword.builtin.CallTestCaseKeyword.execute(CallTestCaseKeyword.groovy:44)
	at com.kms.katalon.core.keyword.internal.KeywordExecutor.executeKeywordForPlatform(KeywordExecutor.groovy:74)
	at com.kms.katalon.core.keyword.BuiltinKeywords.callTestCase(BuiltinKeywords.groovy:334)
	at Create quiz.run(Create quiz:24)
	at com.kms.katalon.core.main.ScriptEngine.run(ScriptEngine.java:194)
	at com.kms.katalon.core.main.ScriptEngine.runScriptAsRawText(ScriptEngine.java:119)
	at com.kms.katalon.core.main.TestCaseExecutor.runScript(TestCaseExecutor.java:442)
	at com.kms.katalon.core.main.TestCaseExecutor.doExecute(TestCaseExecutor.java:433)
	at com.kms.katalon.core.main.TestCaseExecutor.processExecutionPhase(TestCaseExecutor.java:412)
	at com.kms.katalon.core.main.TestCaseExecutor.accessMainPhase(TestCaseExecutor.java:404)
	at com.kms.katalon.core.main.TestCaseExecutor.execute(TestCaseExecutor.java:281)
	at com.kms.katalon.core.main.TestCaseExecutor.execute(TestCaseExecutor.java:363)
	at com.kms.katalon.core.main.TestCaseExecutor.execute(TestCaseExecutor.java:363)
	at com.kms.katalon.core.main.TestCaseExecutor.execute(TestCaseExecutor.java:363)
	at com.kms.katalon.core.main.TestSuiteExecutor.accessTestCaseMainPhase(TestSuiteExecutor.java:202)
	at com.kms.katalon.core.main.TestSuiteExecutor.accessTestSuiteMainPhase(TestSuiteExecutor.java:164)
	at com.kms.katalon.core.main.TestSuiteExecutor.execute(TestSuiteExecutor.java:105)
	at com.kms.katalon.core.main.TestCaseMain.startTestSuite(TestCaseMain.java:181)
	at com.kms.katalon.core.main.TestCaseMain$startTestSuite$0.call(Unknown Source)
	at TempTestSuite1642335656208.run(TempTestSuite1642335656208.groovy:36)
Caused by: com.kms.katalon.core.exception.StepFailedException: Unable to click on object 'Object Repository/Utils/Page_CNPM Danh sch thnh vin/input_Danh sch thnh vin_btn btn-secondary my-1'
	at com.kms.katalon.core.webui.keyword.internal.WebUIKeywordMain.stepFailed(WebUIKeywordMain.groovy:64)
	at com.kms.katalon.core.webui.keyword.internal.WebUIKeywordMain.runKeyword(WebUIKeywordMain.groovy:26)
	at com.kms.katalon.core.webui.keyword.builtin.ClickKeyword.click(ClickKeyword.groovy:74)
	at com.kms.katalon.core.webui.keyword.builtin.ClickKeyword.execute(ClickKeyword.groovy:40)
	at com.kms.katalon.core.keyword.internal.KeywordExecutor.executeKeywordForPlatform(KeywordExecutor.groovy:74)
	at com.kms.katalon.core.webui.keyword.WebUiBuiltInKeywords.click(WebUiBuiltInKeywords.groovy:620)
	at com.kms.katalon.core.webui.keyword.WebUiBuiltInKeywords$click$1.call(Unknown Source)
	at Create course CNPM.run(Create course CNPM:36)
	at com.kms.katalon.core.main.ScriptEngine.run(ScriptEngine.java:194)
	at com.kms.katalon.core.main.ScriptEngine.runScriptAsRawText(ScriptEngine.java:119)
	at com.kms.katalon.core.main.TestCaseExecutor.runScript(TestCaseExecutor.java:442)
	at com.kms.katalon.core.main.TestCaseExecutor.doExecute(TestCaseExecutor.java:433)
	at com.kms.katalon.core.main.TestCaseExecutor.processExecutionPhase(TestCaseExecutor.java:412)
	at com.kms.katalon.core.main.TestCaseExecutor.accessMainPhase(TestCaseExecutor.java:404)
	at com.kms.katalon.core.main.TestCaseExecutor.execute(TestCaseExecutor.java:281)
	at com.kms.katalon.core.main.TestCaseMain.runTestCase(TestCaseMain.java:138)
	at com.kms.katalon.core.keyword.builtin.CallTestCaseKeyword$_callTestCase_closure1.doCall(CallTestCaseKeyword.groovy:59)
	... 23 more
Caused by: com.kms.katalon.core.webui.exception.WebElementNotFoundException: Web element with id: 'Object Repository/Utils/Page_CNPM Danh sch thnh vin/input_Danh sch thnh vin_btn btn-secondary my-1' located by '//input[@value='Ghi danh người dùng']' not found
	at com.kms.katalon.core.webui.common.WebUiCommonHelper.findWebElement(WebUiCommonHelper.java:1368)
	at com.kms.katalon.core.webui.keyword.internal.WebUIAbstractKeyword.findWebElement(WebUIAbstractKeyword.groovy:27)
	at com.kms.katalon.core.webui.keyword.builtin.ClickKeyword$_click_closure1.doCall(ClickKeyword.groovy:65)
	at com.kms.katalon.core.webui.keyword.builtin.ClickKeyword$_click_closure1.call(ClickKeyword.groovy)
	at com.kms.katalon.core.webui.keyword.internal.WebUIKeywordMain.runKeyword(WebUIKeywordMain.groovy:20)
	... 38 more]]></system-err>
      </testcase>
      <testcase name="Test Cases/View course grade/Update grade with assignment" time="48.346" classname="Test Cases/View course grade/Update grade with assignment" status="FAILED">
         <failure type="FAILED" message="Test Cases/View course grade/Update grade with assignment FAILED.
Reason:
com.kms.katalon.core.exception.StepFailedException: Call Test Case 'Test Cases/Utils/Create course CNPM' failed
	at com.kms.katalon.core.keyword.builtin.CallTestCaseKeyword$_callTestCase_closure1.doCall(CallTestCaseKeyword.groovy:63)
	at com.kms.katalon.core.keyword.builtin.CallTestCaseKeyword$_callTestCase_closure1.call(CallTestCaseKeyword.groovy)
	at com.kms.katalon.core.keyword.internal.KeywordMain.runKeyword(KeywordMain.groovy:74)
	at com.kms.katalon.core.keyword.builtin.CallTestCaseKeyword.callTestCase(CallTestCaseKeyword.groovy:81)
	at com.kms.katalon.core.keyword.builtin.CallTestCaseKeyword.execute(CallTestCaseKeyword.groovy:44)
	at com.kms.katalon.core.keyword.internal.KeywordExecutor.executeKeywordForPlatform(KeywordExecutor.groovy:74)
	at com.kms.katalon.core.keyword.BuiltinKeywords.callTestCase(BuiltinKeywords.groovy:334)
	at Update grade with assignment.run(Update grade with assignment:24)
	at com.kms.katalon.core.main.ScriptEngine.run(ScriptEngine.java:194)
	at com.kms.katalon.core.main.ScriptEngine.runScriptAsRawText(ScriptEngine.java:119)
	at com.kms.katalon.core.main.TestCaseExecutor.runScript(TestCaseExecutor.java:442)
	at com.kms.katalon.core.main.TestCaseExecutor.doExecute(TestCaseExecutor.java:433)
	at com.kms.katalon.core.main.TestCaseExecutor.processExecutionPhase(TestCaseExecutor.java:412)
	at com.kms.katalon.core.main.TestCaseExecutor.accessMainPhase(TestCaseExecutor.java:404)
	at com.kms.katalon.core.main.TestCaseExecutor.execute(TestCaseExecutor.java:281)
	at com.kms.katalon.core.main.TestCaseExecutor.execute(TestCaseExecutor.java:363)
	at com.kms.katalon.core.main.TestCaseExecutor.execute(TestCaseExecutor.java:363)
	at com.kms.katalon.core.main.TestCaseExecutor.execute(TestCaseExecutor.java:363)
	at com.kms.katalon.core.main.TestSuiteExecutor.accessTestCaseMainPhase(TestSuiteExecutor.java:202)
	at com.kms.katalon.core.main.TestSuiteExecutor.accessTestSuiteMainPhase(TestSuiteExecutor.java:164)
	at com.kms.katalon.core.main.TestSuiteExecutor.execute(TestSuiteExecutor.java:105)
	at com.kms.katalon.core.main.TestCaseMain.startTestSuite(TestCaseMain.java:181)
	at com.kms.katalon.core.main.TestCaseMain$startTestSuite$0.call(Unknown Source)
	at TempTestSuite1642335656208.run(TempTestSuite1642335656208.groovy:36)
Caused by: com.kms.katalon.core.exception.StepFailedException: Unable to click on object 'Object Repository/Utils/Page_CNPM Danh sch thnh vin/input_Danh sch thnh vin_btn btn-secondary my-1'
	at com.kms.katalon.core.webui.keyword.internal.WebUIKeywordMain.stepFailed(WebUIKeywordMain.groovy:64)
	at com.kms.katalon.core.webui.keyword.internal.WebUIKeywordMain.runKeyword(WebUIKeywordMain.groovy:26)
	at com.kms.katalon.core.webui.keyword.builtin.ClickKeyword.click(ClickKeyword.groovy:74)
	at com.kms.katalon.core.webui.keyword.builtin.ClickKeyword.execute(ClickKeyword.groovy:40)
	at com.kms.katalon.core.keyword.internal.KeywordExecutor.executeKeywordForPlatform(KeywordExecutor.groovy:74)
	at com.kms.katalon.core.webui.keyword.WebUiBuiltInKeywords.click(WebUiBuiltInKeywords.groovy:620)
	at com.kms.katalon.core.webui.keyword.WebUiBuiltInKeywords$click$1.call(Unknown Source)
	at Create course CNPM.run(Create course CNPM:36)
	at com.kms.katalon.core.main.ScriptEngine.run(ScriptEngine.java:194)
	at com.kms.katalon.core.main.ScriptEngine.runScriptAsRawText(ScriptEngine.java:119)
	at com.kms.katalon.core.main.TestCaseExecutor.runScript(TestCaseExecutor.java:442)
	at com.kms.katalon.core.main.TestCaseExecutor.doExecute(TestCaseExecutor.java:433)
	at com.kms.katalon.core.main.TestCaseExecutor.processExecutionPhase(TestCaseExecutor.java:412)
	at com.kms.katalon.core.main.TestCaseExecutor.accessMainPhase(TestCaseExecutor.java:404)
	at com.kms.katalon.core.main.TestCaseExecutor.execute(TestCaseExecutor.java:281)
	at com.kms.katalon.core.main.TestCaseMain.runTestCase(TestCaseMain.java:138)
	at com.kms.katalon.core.keyword.builtin.CallTestCaseKeyword$_callTestCase_closure1.doCall(CallTestCaseKeyword.groovy:59)
	... 23 more
Caused by: com.kms.katalon.core.webui.exception.WebElementNotFoundException: Web element with id: 'Object Repository/Utils/Page_CNPM Danh sch thnh vin/input_Danh sch thnh vin_btn btn-secondary my-1' located by '//input[@value='Ghi danh người dùng']' not found
	at com.kms.katalon.core.webui.common.WebUiCommonHelper.findWebElement(WebUiCommonHelper.java:1368)
	at com.kms.katalon.core.webui.keyword.internal.WebUIAbstractKeyword.findWebElement(WebUIAbstractKeyword.groovy:27)
	at com.kms.katalon.core.webui.keyword.builtin.ClickKeyword$_click_closure1.doCall(ClickKeyword.groovy:65)
	at com.kms.katalon.core.webui.keyword.builtin.ClickKeyword$_click_closure1.call(ClickKeyword.groovy)
	at com.kms.katalon.core.webui.keyword.internal.WebUIKeywordMain.runKeyword(WebUIKeywordMain.groovy:20)
	... 38 more
"/>
         <system-out><![CDATA[2022-01-16 21:30:48 - [TEST_CASE][FAILED] - Test Cases/View course grade/Update grade with assignment: Test Cases/View course grade/Update grade with assignment FAILED.
Reason:
com.kms.katalon.core.exception.StepFailedException: Call Test Case 'Test Cases/Utils/Create course CNPM' failed
	at com.kms.katalon.core.keyword.builtin.CallTestCaseKeyword$_callTestCase_closure1.doCall(CallTestCaseKeyword.groovy:63)
	at com.kms.katalon.core.keyword.builtin.CallTestCaseKeyword$_callTestCase_closure1.call(CallTestCaseKeyword.groovy)
	at com.kms.katalon.core.keyword.internal.KeywordMain.runKeyword(KeywordMain.groovy:74)
	at com.kms.katalon.core.keyword.builtin.CallTestCaseKeyword.callTestCase(CallTestCaseKeyword.groovy:81)
	at com.kms.katalon.core.keyword.builtin.CallTestCaseKeyword.execute(CallTestCaseKeyword.groovy:44)
	at com.kms.katalon.core.keyword.internal.KeywordExecutor.executeKeywordForPlatform(KeywordExecutor.groovy:74)
	at com.kms.katalon.core.keyword.BuiltinKeywords.callTestCase(BuiltinKeywords.groovy:334)
	at Update grade with assignment.run(Update grade with assignment:24)
	at com.kms.katalon.core.main.ScriptEngine.run(ScriptEngine.java:194)
	at com.kms.katalon.core.main.ScriptEngine.runScriptAsRawText(ScriptEngine.java:119)
	at com.kms.katalon.core.main.TestCaseExecutor.runScript(TestCaseExecutor.java:442)
	at com.kms.katalon.core.main.TestCaseExecutor.doExecute(TestCaseExecutor.java:433)
	at com.kms.katalon.core.main.TestCaseExecutor.processExecutionPhase(TestCaseExecutor.java:412)
	at com.kms.katalon.core.main.TestCaseExecutor.accessMainPhase(TestCaseExecutor.java:404)
	at com.kms.katalon.core.main.TestCaseExecutor.execute(TestCaseExecutor.java:281)
	at com.kms.katalon.core.main.TestCaseExecutor.execute(TestCaseExecutor.java:363)
	at com.kms.katalon.core.main.TestCaseExecutor.execute(TestCaseExecutor.java:363)
	at com.kms.katalon.core.main.TestCaseExecutor.execute(TestCaseExecutor.java:363)
	at com.kms.katalon.core.main.TestSuiteExecutor.accessTestCaseMainPhase(TestSuiteExecutor.java:202)
	at com.kms.katalon.core.main.TestSuiteExecutor.accessTestSuiteMainPhase(TestSuiteExecutor.java:164)
	at com.kms.katalon.core.main.TestSuiteExecutor.execute(TestSuiteExecutor.java:105)
	at com.kms.katalon.core.main.TestCaseMain.startTestSuite(TestCaseMain.java:181)
	at com.kms.katalon.core.main.TestCaseMain$startTestSuite$0.call(Unknown Source)
	at TempTestSuite1642335656208.run(TempTestSuite1642335656208.groovy:36)
Caused by: com.kms.katalon.core.exception.StepFailedException: Unable to click on object 'Object Repository/Utils/Page_CNPM Danh sch thnh vin/input_Danh sch thnh vin_btn btn-secondary my-1'
	at com.kms.katalon.core.webui.keyword.internal.WebUIKeywordMain.stepFailed(WebUIKeywordMain.groovy:64)
	at com.kms.katalon.core.webui.keyword.internal.WebUIKeywordMain.runKeyword(WebUIKeywordMain.groovy:26)
	at com.kms.katalon.core.webui.keyword.builtin.ClickKeyword.click(ClickKeyword.groovy:74)
	at com.kms.katalon.core.webui.keyword.builtin.ClickKeyword.execute(ClickKeyword.groovy:40)
	at com.kms.katalon.core.keyword.internal.KeywordExecutor.executeKeywordForPlatform(KeywordExecutor.groovy:74)
	at com.kms.katalon.core.webui.keyword.WebUiBuiltInKeywords.click(WebUiBuiltInKeywords.groovy:620)
	at com.kms.katalon.core.webui.keyword.WebUiBuiltInKeywords$click$1.call(Unknown Source)
	at Create course CNPM.run(Create course CNPM:36)
	at com.kms.katalon.core.main.ScriptEngine.run(ScriptEngine.java:194)
	at com.kms.katalon.core.main.ScriptEngine.runScriptAsRawText(ScriptEngine.java:119)
	at com.kms.katalon.core.main.TestCaseExecutor.runScript(TestCaseExecutor.java:442)
	at com.kms.katalon.core.main.TestCaseExecutor.doExecute(TestCaseExecutor.java:433)
	at com.kms.katalon.core.main.TestCaseExecutor.processExecutionPhase(TestCaseExecutor.java:412)
	at com.kms.katalon.core.main.TestCaseExecutor.accessMainPhase(TestCaseExecutor.java:404)
	at com.kms.katalon.core.main.TestCaseExecutor.execute(TestCaseExecutor.java:281)
	at com.kms.katalon.core.main.TestCaseMain.runTestCase(TestCaseMain.java:138)
	at com.kms.katalon.core.keyword.builtin.CallTestCaseKeyword$_callTestCase_closure1.doCall(CallTestCaseKeyword.groovy:59)
	... 23 more
Caused by: com.kms.katalon.core.webui.exception.WebElementNotFoundException: Web element with id: 'Object Repository/Utils/Page_CNPM Danh sch thnh vin/input_Danh sch thnh vin_btn btn-secondary my-1' located by '//input[@value='Ghi danh người dùng']' not found
	at com.kms.katalon.core.webui.common.WebUiCommonHelper.findWebElement(WebUiCommonHelper.java:1368)
	at com.kms.katalon.core.webui.keyword.internal.WebUIAbstractKeyword.findWebElement(WebUIAbstractKeyword.groovy:27)
	at com.kms.katalon.core.webui.keyword.builtin.ClickKeyword$_click_closure1.doCall(ClickKeyword.groovy:65)
	at com.kms.katalon.core.webui.keyword.builtin.ClickKeyword$_click_closure1.call(ClickKeyword.groovy)
	at com.kms.katalon.core.webui.keyword.internal.WebUIKeywordMain.runKeyword(WebUIKeywordMain.groovy:20)
	... 38 more


2022-01-16 21:30:48 - [TEST_STEP][PASSED] - openBrowser(""): Browser is opened with url: ''

2022-01-16 21:30:48 - [MESSAGE][WARNING] - A browser is already opened. Closing browser and opening a new one

2022-01-16 21:30:49 - [MESSAGE][INFO] - Starting 'Edge Chromium' driver

2022-01-16 21:30:52 - [MESSAGE][INFO] - Action delay is set to 0 milliseconds

2022-01-16 21:30:53 - [MESSAGE][PASSED] - Browser is opened with url: ''

2022-01-16 21:30:53 - [TEST_STEP][PASSED] - navigateToUrl("http://localhost/"): Navigate to 'http://localhost/' successfully

2022-01-16 21:30:55 - [MESSAGE][PASSED] - Navigate to 'http://localhost/' successfully

2022-01-16 21:30:55 - [TEST_STEP][FAILED] - callTestCase(findTestCase("Utils/Create course CNPM"), [:], STOP_ON_FAILURE): Unable to call Test Case 'Test Cases/Utils/Create course CNPM' (Root cause: com.kms.katalon.core.exception.StepFailedException: Call Test Case 'Test Cases/Utils/Create course CNPM' failed
	at com.kms.katalon.core.keyword.builtin.CallTestCaseKeyword$_callTestCase_closure1.doCall(CallTestCaseKeyword.groovy:63)
	at com.kms.katalon.core.keyword.builtin.CallTestCaseKeyword$_callTestCase_closure1.call(CallTestCaseKeyword.groovy)
	at com.kms.katalon.core.keyword.internal.KeywordMain.runKeyword(KeywordMain.groovy:74)
	at com.kms.katalon.core.keyword.builtin.CallTestCaseKeyword.callTestCase(CallTestCaseKeyword.groovy:81)
	at com.kms.katalon.core.keyword.builtin.CallTestCaseKeyword.execute(CallTestCaseKeyword.groovy:44)
	at com.kms.katalon.core.keyword.internal.KeywordExecutor.executeKeywordForPlatform(KeywordExecutor.groovy:74)
	at com.kms.katalon.core.keyword.BuiltinKeywords.callTestCase(BuiltinKeywords.groovy:334)
	at Update grade with assignment.run(Update grade with assignment:24)
	at com.kms.katalon.core.main.ScriptEngine.run(ScriptEngine.java:194)
	at com.kms.katalon.core.main.ScriptEngine.runScriptAsRawText(ScriptEngine.java:119)
	at com.kms.katalon.core.main.TestCaseExecutor.runScript(TestCaseExecutor.java:442)
	at com.kms.katalon.core.main.TestCaseExecutor.doExecute(TestCaseExecutor.java:433)
	at com.kms.katalon.core.main.TestCaseExecutor.processExecutionPhase(TestCaseExecutor.java:412)
	at com.kms.katalon.core.main.TestCaseExecutor.accessMainPhase(TestCaseExecutor.java:404)
	at com.kms.katalon.core.main.TestCaseExecutor.execute(TestCaseExecutor.java:281)
	at com.kms.katalon.core.main.TestCaseExecutor.execute(TestCaseExecutor.java:363)
	at com.kms.katalon.core.main.TestCaseExecutor.execute(TestCaseExecutor.java:363)
	at com.kms.katalon.core.main.TestCaseExecutor.execute(TestCaseExecutor.java:363)
	at com.kms.katalon.core.main.TestSuiteExecutor.accessTestCaseMainPhase(TestSuiteExecutor.java:202)
	at com.kms.katalon.core.main.TestSuiteExecutor.accessTestSuiteMainPhase(TestSuiteExecutor.java:164)
	at com.kms.katalon.core.main.TestSuiteExecutor.execute(TestSuiteExecutor.java:105)
	at com.kms.katalon.core.main.TestCaseMain.startTestSuite(TestCaseMain.java:181)
	at com.kms.katalon.core.main.TestCaseMain$startTestSuite$0.call(Unknown Source)
	at TempTestSuite1642335656208.run(TempTestSuite1642335656208.groovy:36)
Caused by: com.kms.katalon.core.exception.StepFailedException: Unable to click on object 'Object Repository/Utils/Page_CNPM Danh sch thnh vin/input_Danh sch thnh vin_btn btn-secondary my-1'
	at com.kms.katalon.core.webui.keyword.internal.WebUIKeywordMain.stepFailed(WebUIKeywordMain.groovy:64)
	at com.kms.katalon.core.webui.keyword.internal.WebUIKeywordMain.runKeyword(WebUIKeywordMain.groovy:26)
	at com.kms.katalon.core.webui.keyword.builtin.ClickKeyword.click(ClickKeyword.groovy:74)
	at com.kms.katalon.core.webui.keyword.builtin.ClickKeyword.execute(ClickKeyword.groovy:40)
	at com.kms.katalon.core.keyword.internal.KeywordExecutor.executeKeywordForPlatform(KeywordExecutor.groovy:74)
	at com.kms.katalon.core.webui.keyword.WebUiBuiltInKeywords.click(WebUiBuiltInKeywords.groovy:620)
	at com.kms.katalon.core.webui.keyword.WebUiBuiltInKeywords$click$1.call(Unknown Source)
	at Create course CNPM.run(Create course CNPM:36)
	at com.kms.katalon.core.main.ScriptEngine.run(ScriptEngine.java:194)
	at com.kms.katalon.core.main.ScriptEngine.runScriptAsRawText(ScriptEngine.java:119)
	at com.kms.katalon.core.main.TestCaseExecutor.runScript(TestCaseExecutor.java:442)
	at com.kms.katalon.core.main.TestCaseExecutor.doExecute(TestCaseExecutor.java:433)
	at com.kms.katalon.core.main.TestCaseExecutor.processExecutionPhase(TestCaseExecutor.java:412)
	at com.kms.katalon.core.main.TestCaseExecutor.accessMainPhase(TestCaseExecutor.java:404)
	at com.kms.katalon.core.main.TestCaseExecutor.execute(TestCaseExecutor.java:281)
	at com.kms.katalon.core.main.TestCaseMain.runTestCase(TestCaseMain.java:138)
	at com.kms.katalon.core.keyword.builtin.CallTestCaseKeyword$_callTestCase_closure1.doCall(CallTestCaseKeyword.groovy:59)
	... 23 more
Caused by: com.kms.katalon.core.webui.exception.WebElementNotFoundException: Web element with id: 'Object Repository/Utils/Page_CNPM Danh sch thnh vin/input_Danh sch thnh vin_btn btn-secondary my-1' located by '//input[@value='Ghi danh người dùng']' not found
	at com.kms.katalon.core.webui.common.WebUiCommonHelper.findWebElement(WebUiCommonHelper.java:1368)
	at com.kms.katalon.core.webui.keyword.internal.WebUIAbstractKeyword.findWebElement(WebUIAbstractKeyword.groovy:27)
	at com.kms.katalon.core.webui.keyword.builtin.ClickKeyword$_click_closure1.doCall(ClickKeyword.groovy:65)
	at com.kms.katalon.core.webui.keyword.builtin.ClickKeyword$_click_closure1.call(ClickKeyword.groovy)
	at com.kms.katalon.core.webui.keyword.internal.WebUIKeywordMain.runKeyword(WebUIKeywordMain.groovy:20)
	... 38 more
)

2022-01-16 21:30:55 - [TEST_CASE][FAILED] - Test Cases/Utils/Create course CNPM: Test Cases/Utils/Create course CNPM FAILED.
Reason:
com.kms.katalon.core.exception.StepFailedException: Unable to click on object 'Object Repository/Utils/Page_CNPM Danh sch thnh vin/input_Danh sch thnh vin_btn btn-secondary my-1'
	at com.kms.katalon.core.webui.keyword.internal.WebUIKeywordMain.stepFailed(WebUIKeywordMain.groovy:64)
	at com.kms.katalon.core.webui.keyword.internal.WebUIKeywordMain.runKeyword(WebUIKeywordMain.groovy:26)
	at com.kms.katalon.core.webui.keyword.builtin.ClickKeyword.click(ClickKeyword.groovy:74)
	at com.kms.katalon.core.webui.keyword.builtin.ClickKeyword.execute(ClickKeyword.groovy:40)
	at com.kms.katalon.core.keyword.internal.KeywordExecutor.executeKeywordForPlatform(KeywordExecutor.groovy:74)
	at com.kms.katalon.core.webui.keyword.WebUiBuiltInKeywords.click(WebUiBuiltInKeywords.groovy:620)
	at com.kms.katalon.core.webui.keyword.WebUiBuiltInKeywords$click$1.call(Unknown Source)
	at Create course CNPM.run(Create course CNPM:36)
	at com.kms.katalon.core.main.ScriptEngine.run(ScriptEngine.java:194)
	at com.kms.katalon.core.main.ScriptEngine.runScriptAsRawText(ScriptEngine.java:119)
	at com.kms.katalon.core.main.TestCaseExecutor.runScript(TestCaseExecutor.java:442)
	at com.kms.katalon.core.main.TestCaseExecutor.doExecute(TestCaseExecutor.java:433)
	at com.kms.katalon.core.main.TestCaseExecutor.processExecutionPhase(TestCaseExecutor.java:412)
	at com.kms.katalon.core.main.TestCaseExecutor.accessMainPhase(TestCaseExecutor.java:404)
	at com.kms.katalon.core.main.TestCaseExecutor.execute(TestCaseExecutor.java:281)
	at com.kms.katalon.core.main.TestCaseMain.runTestCase(TestCaseMain.java:138)
	at com.kms.katalon.core.keyword.builtin.CallTestCaseKeyword$_callTestCase_closure1.doCall(CallTestCaseKeyword.groovy:59)
	at com.kms.katalon.core.keyword.builtin.CallTestCaseKeyword$_callTestCase_closure1.call(CallTestCaseKeyword.groovy)
	at com.kms.katalon.core.keyword.internal.KeywordMain.runKeyword(KeywordMain.groovy:74)
	at com.kms.katalon.core.keyword.builtin.CallTestCaseKeyword.callTestCase(CallTestCaseKeyword.groovy:81)
	at com.kms.katalon.core.keyword.builtin.CallTestCaseKeyword.execute(CallTestCaseKeyword.groovy:44)
	at com.kms.katalon.core.keyword.internal.KeywordExecutor.executeKeywordForPlatform(KeywordExecutor.groovy:74)
	at com.kms.katalon.core.keyword.BuiltinKeywords.callTestCase(BuiltinKeywords.groovy:334)
	at Update grade with assignment.run(Update grade with assignment:24)
	at com.kms.katalon.core.main.ScriptEngine.run(ScriptEngine.java:194)
	at com.kms.katalon.core.main.ScriptEngine.runScriptAsRawText(ScriptEngine.java:119)
	at com.kms.katalon.core.main.TestCaseExecutor.runScript(TestCaseExecutor.java:442)
	at com.kms.katalon.core.main.TestCaseExecutor.doExecute(TestCaseExecutor.java:433)
	at com.kms.katalon.core.main.TestCaseExecutor.processExecutionPhase(TestCaseExecutor.java:412)
	at com.kms.katalon.core.main.TestCaseExecutor.accessMainPhase(TestCaseExecutor.java:404)
	at com.kms.katalon.core.main.TestCaseExecutor.execute(TestCaseExecutor.java:281)
	at com.kms.katalon.core.main.TestCaseExecutor.execute(TestCaseExecutor.java:363)
	at com.kms.katalon.core.main.TestCaseExecutor.execute(TestCaseExecutor.java:363)
	at com.kms.katalon.core.main.TestCaseExecutor.execute(TestCaseExecutor.java:363)
	at com.kms.katalon.core.main.TestSuiteExecutor.accessTestCaseMainPhase(TestSuiteExecutor.java:202)
	at com.kms.katalon.core.main.TestSuiteExecutor.accessTestSuiteMainPhase(TestSuiteExecutor.java:164)
	at com.kms.katalon.core.main.TestSuiteExecutor.execute(TestSuiteExecutor.java:105)
	at com.kms.katalon.core.main.TestCaseMain.startTestSuite(TestCaseMain.java:181)
	at com.kms.katalon.core.main.TestCaseMain$startTestSuite$0.call(Unknown Source)
	at TempTestSuite1642335656208.run(TempTestSuite1642335656208.groovy:36)
Caused by: com.kms.katalon.core.webui.exception.WebElementNotFoundException: Web element with id: 'Object Repository/Utils/Page_CNPM Danh sch thnh vin/input_Danh sch thnh vin_btn btn-secondary my-1' located by '//input[@value='Ghi danh người dùng']' not found
	at com.kms.katalon.core.webui.common.WebUiCommonHelper.findWebElement(WebUiCommonHelper.java:1368)
	at com.kms.katalon.core.webui.keyword.internal.WebUIAbstractKeyword.findWebElement(WebUIAbstractKeyword.groovy:27)
	at com.kms.katalon.core.webui.keyword.builtin.ClickKeyword$_click_closure1.doCall(ClickKeyword.groovy:65)
	at com.kms.katalon.core.webui.keyword.builtin.ClickKeyword$_click_closure1.call(ClickKeyword.groovy)
	at com.kms.katalon.core.webui.keyword.internal.WebUIKeywordMain.runKeyword(WebUIKeywordMain.groovy:20)
	... 38 more


2022-01-16 21:30:55 - [TEST_STEP][PASSED] - callTestCase(findTestCase("Utils/Login as admin"), [:], STOP_ON_FAILURE): Call Test Case 'Test Cases/Utils/Login as admin' successfully

2022-01-16 21:30:55 - [TEST_CASE][PASSED] - Test Cases/Utils/Login as admin: Test Cases/Utils/Login as admin

2022-01-16 21:30:55 - [TEST_STEP][PASSED] - click(findTestObject("View course grade/Page_Local Moodle/a_Log in")): Object: 'Object Repository/View course grade/Page_Local Moodle/a_Log in' is clicked on

2022-01-16 21:30:57 - [MESSAGE][PASSED] - Object: 'Object Repository/View course grade/Page_Local Moodle/a_Log in' is clicked on

2022-01-16 21:30:57 - [TEST_STEP][PASSED] - setText(findTestObject("View course grade/Page_Local Moodle Log in to the site/input_Username_username"), "admin"): Text 'admin' is set on object 'Object Repository/View course grade/Page_Local Moodle Log in to the site/input_Username_username'

2022-01-16 21:30:58 - [MESSAGE][PASSED] - Text 'admin' is set on object 'Object Repository/View course grade/Page_Local Moodle Log in to the site/input_Username_username'

2022-01-16 21:30:58 - [TEST_STEP][PASSED] - setEncryptedText(findTestObject("View course grade/Page_Local Moodle Log in to the site/input_Password_password"), "bfAykA/oWJ09FXmiKh6lyuuLu8QhG1K5"): Text ****** has been set on object 'Object Repository/View course grade/Page_Local Moodle Log in to the site/input_Password_password'

2022-01-16 21:30:58 - [MESSAGE][PASSED] - Text ****** has been set on object 'Object Repository/View course grade/Page_Local Moodle Log in to the site/input_Password_password'

2022-01-16 21:30:58 - [TEST_STEP][PASSED] - click(findTestObject("View course grade/Page_Local Moodle Log in to the site/button_Log in")): Object: 'Object Repository/View course grade/Page_Local Moodle Log in to the site/button_Log in' is clicked on

2022-01-16 21:31:02 - [MESSAGE][PASSED] - Object: 'Object Repository/View course grade/Page_Local Moodle Log in to the site/button_Log in' is clicked on

2022-01-16 21:31:02 - [MESSAGE][PASSED] - Call Test Case 'Test Cases/Utils/Login as admin' successfully

2022-01-16 21:31:02 - [TEST_STEP][PASSED] - click(findTestObject("Object Repository/Utils/Page_Nh ca ti/span_Qun tr khu vc")): Object: 'Object Repository/Utils/Page_Nh ca ti/span_Qun tr khu vc' is clicked on

2022-01-16 21:31:08 - [MESSAGE][PASSED] - Object: 'Object Repository/Utils/Page_Nh ca ti/span_Qun tr khu vc' is clicked on

2022-01-16 21:31:08 - [TEST_STEP][PASSED] - click(findTestObject("Object Repository/Utils/Page_Moodle Khu vc qun tr Tm kim/a_Kho hc")): Object: 'Object Repository/Utils/Page_Moodle Khu vc qun tr Tm kim/a_Kho hc' is clicked on

2022-01-16 21:31:09 - [MESSAGE][PASSED] - Object: 'Object Repository/Utils/Page_Moodle Khu vc qun tr Tm kim/a_Kho hc' is clicked on

2022-01-16 21:31:09 - [TEST_STEP][PASSED] - click(findTestObject("Object Repository/Utils/Page_Moodle Khu vc qun tr Tm kim/a_Thmsa cc kho hc")): Object: 'Object Repository/Utils/Page_Moodle Khu vc qun tr Tm kim/a_Thmsa cc kho hc' is clicked on

2022-01-16 21:31:11 - [MESSAGE][PASSED] - Object: 'Object Repository/Utils/Page_Moodle Khu vc qun tr Tm kim/a_Thmsa cc kho hc' is clicked on

2022-01-16 21:31:11 - [TEST_STEP][PASSED] - click(findTestObject("Object Repository/Utils/Page_Qun l kha hc v danh mc kha hc/a_To kha hc mi")): Object: 'Object Repository/Utils/Page_Qun l kha hc v danh mc kha hc/a_To kha hc mi' is clicked on

2022-01-16 21:31:18 - [MESSAGE][INFO] - Unable to find the element located by 'By.xpath: //div[@id='yui_3_17_2_1_1641906891631_57']/div/div/a'. Please recheck the objects properties to make sure the desired element is located. 

2022-01-16 21:31:18 - [MESSAGE][WARNING] - [SELF-HEALING] Failed to find element with id 'Object Repository/Utils/Page_Qun l kha hc v danh mc kha hc/a_To kha hc mi'. Try using Self-healing.

2022-01-16 21:31:18 - [MESSAGE][WARNING] - [SELF-HEALING] The current locator of test object 'Object Repository/Utils/Page_Qun l kha hc v danh mc kha hc/a_To kha hc mi' was broken. Propose an alternative one: '//a[contains(text(),'Tạo khóa học mới')]'.

2022-01-16 21:31:21 - [MESSAGE][PASSED] - Object: 'Object Repository/Utils/Page_Qun l kha hc v danh mc kha hc/a_To kha hc mi' is clicked on

2022-01-16 21:31:21 - [TEST_STEP][PASSED] - setText(findTestObject("Object Repository/Utils/Page_Moodle Thm kho hc mi/input_Tn y_fullname"), "Nhập môn Công nghệ phần mềm"): Text 'Nhập môn Công nghệ phần mềm' is set on object 'Object Repository/Utils/Page_Moodle Thm kho hc mi/input_Tn y_fullname'

2022-01-16 21:31:23 - [MESSAGE][PASSED] - Text 'Nhập môn Công nghệ phần mềm' is set on object 'Object Repository/Utils/Page_Moodle Thm kho hc mi/input_Tn y_fullname'

2022-01-16 21:31:23 - [TEST_STEP][PASSED] - setText(findTestObject("Object Repository/Utils/Page_Moodle Thm kho hc mi/input_Tn rt gn ca kho hc_shortname"), "CNPM"): Text 'CNPM' is set on object 'Object Repository/Utils/Page_Moodle Thm kho hc mi/input_Tn rt gn ca kho hc_shortname'

2022-01-16 21:31:24 - [MESSAGE][PASSED] - Text 'CNPM' is set on object 'Object Repository/Utils/Page_Moodle Thm kho hc mi/input_Tn rt gn ca kho hc_shortname'

2022-01-16 21:31:24 - [TEST_STEP][PASSED] - click(findTestObject("Object Repository/Utils/Page_Moodle Thm kho hc mi/input__saveanddisplay")): Object: 'Object Repository/Utils/Page_Moodle Thm kho hc mi/input__saveanddisplay' is clicked on

2022-01-16 21:31:27 - [MESSAGE][PASSED] - Object: 'Object Repository/Utils/Page_Moodle Thm kho hc mi/input__saveanddisplay' is clicked on

2022-01-16 21:31:27 - [TEST_STEP][FAILED] - click(findTestObject("Object Repository/Utils/Page_CNPM Danh sch thnh vin/input_Danh sch thnh vin_btn btn-secondary my-1")): Unable to click on object 'Object Repository/Utils/Page_CNPM Danh sch thnh vin/input_Danh sch thnh vin_btn btn-secondary my-1' (Root cause: com.kms.katalon.core.exception.StepFailedException: Unable to click on object 'Object Repository/Utils/Page_CNPM Danh sch thnh vin/input_Danh sch thnh vin_btn btn-secondary my-1'
	at com.kms.katalon.core.webui.keyword.internal.WebUIKeywordMain.stepFailed(WebUIKeywordMain.groovy:64)
	at com.kms.katalon.core.webui.keyword.internal.WebUIKeywordMain.runKeyword(WebUIKeywordMain.groovy:26)
	at com.kms.katalon.core.webui.keyword.builtin.ClickKeyword.click(ClickKeyword.groovy:74)
	at com.kms.katalon.core.webui.keyword.builtin.ClickKeyword.execute(ClickKeyword.groovy:40)
	at com.kms.katalon.core.keyword.internal.KeywordExecutor.executeKeywordForPlatform(KeywordExecutor.groovy:74)
	at com.kms.katalon.core.webui.keyword.WebUiBuiltInKeywords.click(WebUiBuiltInKeywords.groovy:620)
	at com.kms.katalon.core.webui.keyword.WebUiBuiltInKeywords$click$1.call(Unknown Source)
	at Create course CNPM.run(Create course CNPM:36)
	at com.kms.katalon.core.main.ScriptEngine.run(ScriptEngine.java:194)
	at com.kms.katalon.core.main.ScriptEngine.runScriptAsRawText(ScriptEngine.java:119)
	at com.kms.katalon.core.main.TestCaseExecutor.runScript(TestCaseExecutor.java:442)
	at com.kms.katalon.core.main.TestCaseExecutor.doExecute(TestCaseExecutor.java:433)
	at com.kms.katalon.core.main.TestCaseExecutor.processExecutionPhase(TestCaseExecutor.java:412)
	at com.kms.katalon.core.main.TestCaseExecutor.accessMainPhase(TestCaseExecutor.java:404)
	at com.kms.katalon.core.main.TestCaseExecutor.execute(TestCaseExecutor.java:281)
	at com.kms.katalon.core.main.TestCaseMain.runTestCase(TestCaseMain.java:138)
	at com.kms.katalon.core.keyword.builtin.CallTestCaseKeyword$_callTestCase_closure1.doCall(CallTestCaseKeyword.groovy:59)
	at com.kms.katalon.core.keyword.builtin.CallTestCaseKeyword$_callTestCase_closure1.call(CallTestCaseKeyword.groovy)
	at com.kms.katalon.core.keyword.internal.KeywordMain.runKeyword(KeywordMain.groovy:74)
	at com.kms.katalon.core.keyword.builtin.CallTestCaseKeyword.callTestCase(CallTestCaseKeyword.groovy:81)
	at com.kms.katalon.core.keyword.builtin.CallTestCaseKeyword.execute(CallTestCaseKeyword.groovy:44)
	at com.kms.katalon.core.keyword.internal.KeywordExecutor.executeKeywordForPlatform(KeywordExecutor.groovy:74)
	at com.kms.katalon.core.keyword.BuiltinKeywords.callTestCase(BuiltinKeywords.groovy:334)
	at Update grade with assignment.run(Update grade with assignment:24)
	at com.kms.katalon.core.main.ScriptEngine.run(ScriptEngine.java:194)
	at com.kms.katalon.core.main.ScriptEngine.runScriptAsRawText(ScriptEngine.java:119)
	at com.kms.katalon.core.main.TestCaseExecutor.runScript(TestCaseExecutor.java:442)
	at com.kms.katalon.core.main.TestCaseExecutor.doExecute(TestCaseExecutor.java:433)
	at com.kms.katalon.core.main.TestCaseExecutor.processExecutionPhase(TestCaseExecutor.java:412)
	at com.kms.katalon.core.main.TestCaseExecutor.accessMainPhase(TestCaseExecutor.java:404)
	at com.kms.katalon.core.main.TestCaseExecutor.execute(TestCaseExecutor.java:281)
	at com.kms.katalon.core.main.TestCaseExecutor.execute(TestCaseExecutor.java:363)
	at com.kms.katalon.core.main.TestCaseExecutor.execute(TestCaseExecutor.java:363)
	at com.kms.katalon.core.main.TestCaseExecutor.execute(TestCaseExecutor.java:363)
	at com.kms.katalon.core.main.TestSuiteExecutor.accessTestCaseMainPhase(TestSuiteExecutor.java:202)
	at com.kms.katalon.core.main.TestSuiteExecutor.accessTestSuiteMainPhase(TestSuiteExecutor.java:164)
	at com.kms.katalon.core.main.TestSuiteExecutor.execute(TestSuiteExecutor.java:105)
	at com.kms.katalon.core.main.TestCaseMain.startTestSuite(TestCaseMain.java:181)
	at com.kms.katalon.core.main.TestCaseMain$startTestSuite$0.call(Unknown Source)
	at TempTestSuite1642335656208.run(TempTestSuite1642335656208.groovy:36)
Caused by: com.kms.katalon.core.webui.exception.WebElementNotFoundException: Web element with id: 'Object Repository/Utils/Page_CNPM Danh sch thnh vin/input_Danh sch thnh vin_btn btn-secondary my-1' located by '//input[@value='Ghi danh người dùng']' not found
	at com.kms.katalon.core.webui.common.WebUiCommonHelper.findWebElement(WebUiCommonHelper.java:1368)
	at com.kms.katalon.core.webui.keyword.internal.WebUIAbstractKeyword.findWebElement(WebUIAbstractKeyword.groovy:27)
	at com.kms.katalon.core.webui.keyword.builtin.ClickKeyword$_click_closure1.doCall(ClickKeyword.groovy:65)
	at com.kms.katalon.core.webui.keyword.builtin.ClickKeyword$_click_closure1.call(ClickKeyword.groovy)
	at com.kms.katalon.core.webui.keyword.internal.WebUIKeywordMain.runKeyword(WebUIKeywordMain.groovy:20)
	at com.kms.katalon.core.webui.keyword.builtin.ClickKeyword.click(ClickKeyword.groovy:74)
	at com.kms.katalon.core.webui.keyword.builtin.ClickKeyword.execute(ClickKeyword.groovy:40)
	at com.kms.katalon.core.keyword.internal.KeywordExecutor.executeKeywordForPlatform(KeywordExecutor.groovy:74)
	at com.kms.katalon.core.webui.keyword.WebUiBuiltInKeywords.click(WebUiBuiltInKeywords.groovy:620)
	at com.kms.katalon.core.webui.keyword.WebUiBuiltInKeywords$click$1.call(Unknown Source)
	at Script1641906761787.run(Script1641906761787.groovy:36)
	at com.kms.katalon.core.main.ScriptEngine.run(ScriptEngine.java:194)
	at com.kms.katalon.core.main.ScriptEngine.runScriptAsRawText(ScriptEngine.java:119)
	at com.kms.katalon.core.main.TestCaseExecutor.runScript(TestCaseExecutor.java:442)
	at com.kms.katalon.core.main.TestCaseExecutor.doExecute(TestCaseExecutor.java:433)
	at com.kms.katalon.core.main.TestCaseExecutor.processExecutionPhase(TestCaseExecutor.java:412)
	at com.kms.katalon.core.main.TestCaseExecutor.accessMainPhase(TestCaseExecutor.java:404)
	at com.kms.katalon.core.main.TestCaseExecutor.execute(TestCaseExecutor.java:281)
	at com.kms.katalon.core.main.TestCaseMain.runTestCase(TestCaseMain.java:138)
	at com.kms.katalon.core.keyword.builtin.CallTestCaseKeyword$_callTestCase_closure1.doCall(CallTestCaseKeyword.groovy:59)
	at com.kms.katalon.core.keyword.builtin.CallTestCaseKeyword$_callTestCase_closure1.call(CallTestCaseKeyword.groovy)
	at com.kms.katalon.core.keyword.internal.KeywordMain.runKeyword(KeywordMain.groovy:74)
	at com.kms.katalon.core.keyword.builtin.CallTestCaseKeyword.callTestCase(CallTestCaseKeyword.groovy:81)
	at com.kms.katalon.core.keyword.builtin.CallTestCaseKeyword.execute(CallTestCaseKeyword.groovy:44)
	at com.kms.katalon.core.keyword.internal.KeywordExecutor.executeKeywordForPlatform(KeywordExecutor.groovy:74)
	at com.kms.katalon.core.keyword.BuiltinKeywords.callTestCase(BuiltinKeywords.groovy:334)
	at Script1641912770837.run(Script1641912770837.groovy:24)
	... 16 more
)

2022-01-16 21:31:34 - [MESSAGE][INFO] - Unable to find the element located by 'By.xpath: //input[@value='Ghi danh người dùng']'. Please recheck the objects properties to make sure the desired element is located. 

2022-01-16 21:31:34 - [MESSAGE][WARNING] - [SELF-HEALING] Failed to find element with id 'Object Repository/Utils/Page_CNPM Danh sch thnh vin/input_Danh sch thnh vin_btn btn-secondary my-1'. Try using Self-healing.

2022-01-16 21:31:34 - [MESSAGE][INFO] - [SELF-HEALING] Failed Locator: '//input[@value='Ghi danh người dùng']'.

2022-01-16 21:31:35 - [MESSAGE][INFO] - [SELF-HEALING] Failed Locator: '//form[@id='enrolusersbutton-1']/div/input'.

2022-01-16 21:31:35 - [MESSAGE][INFO] - [SELF-HEALING] Working Locator: '//input'.

2022-01-16 21:31:35 - [MESSAGE][ERROR] - [SELF-HEALING] Cannot save screenshot to: C:\xampp\htdocs\moodle\Test Automation - SE Bonus\Reports\Self-healing, reason: unknown error: unhandled inspector error: {"code":-32000,"message":"Cannot take screenshot with 0 width."}
  (Session info: MicrosoftEdge=97.0.1072.62)
Build info: version: '3.141.59', revision: 'e82be7d358', time: '2018-11-14T08:25:53'
System info: host: 'DESKTOP-11TAGP6', ip: '192.168.56.1', os.name: 'Windows 10', os.arch: 'amd64', os.version: '10.0', java.version: '1.8.0_282'
Driver info: com.kms.katalon.selenium.driver.CEdgeDriver
Capabilities {acceptInsecureCerts: false, browserName: msedge, browserVersion: 97.0.1072.62, javascriptEnabled: true, ms:edgeOptions: {debuggerAddress: localhost:57869}, msedge: {msedgedriverVersion: 97.0.1072.55 (ce3bf33648805..., userDataDir: C:\Users\W10\AppData\Local\...}, networkConnectionEnabled: false, pageLoadStrategy: normal, platform: WINDOWS, platformName: WINDOWS, proxy: Proxy(), setWindowRect: true, strictFileInteractability: false, timeouts: {implicit: 0, pageLoad: 300000, script: 30000}, unhandledPromptBehavior: dismiss and notify, webauthn:extension:credBlob: true, webauthn:extension:largeBlob: true, webauthn:virtualAuthenticators: true}
Session ID: eb3261db5d3aa2eb64ed974c2c4776d9.

2022-01-16 21:31:35 - [MESSAGE][ERROR] - [SELF-HEALING] Cannot save screenshot to: C:\xampp\htdocs\moodle\Test Automation - SE Bonus\Reports\Self-healing, reason: unknown error: unhandled inspector error: {"code":-32000,"message":"Cannot take screenshot with 0 width."}
  (Session info: MicrosoftEdge=97.0.1072.62)
Build info: version: '3.141.59', revision: 'e82be7d358', time: '2018-11-14T08:25:53'
System info: host: 'DESKTOP-11TAGP6', ip: '192.168.56.1', os.name: 'Windows 10', os.arch: 'amd64', os.version: '10.0', java.version: '1.8.0_282'
Driver info: com.kms.katalon.selenium.driver.CEdgeDriver
Capabilities {acceptInsecureCerts: false, browserName: msedge, browserVersion: 97.0.1072.62, javascriptEnabled: true, ms:edgeOptions: {debuggerAddress: localhost:57869}, msedge: {msedgedriverVersion: 97.0.1072.55 (ce3bf33648805..., userDataDir: C:\Users\W10\AppData\Local\...}, networkConnectionEnabled: false, pageLoadStrategy: normal, platform: WINDOWS, platformName: WINDOWS, proxy: Proxy(), setWindowRect: true, strictFileInteractability: false, timeouts: {implicit: 0, pageLoad: 300000, script: 30000}, unhandledPromptBehavior: dismiss and notify, webauthn:extension:credBlob: true, webauthn:extension:largeBlob: true, webauthn:virtualAuthenticators: true}
Session ID: eb3261db5d3aa2eb64ed974c2c4776d9.

2022-01-16 21:31:35 - [MESSAGE][WARNING] - [SELF-HEALING] 'other' is different type of Path

2022-01-16 21:31:35 - [MESSAGE][ERROR] - [SELF-HEALING] Cannot save screenshot to: C:\xampp\htdocs\moodle\Test Automation - SE Bonus\Reports\Self-healing, reason: unknown error: unhandled inspector error: {"code":-32000,"message":"Cannot take screenshot with 0 width."}
  (Session info: MicrosoftEdge=97.0.1072.62)
Build info: version: '3.141.59', revision: 'e82be7d358', time: '2018-11-14T08:25:53'
System info: host: 'DESKTOP-11TAGP6', ip: '192.168.56.1', os.name: 'Windows 10', os.arch: 'amd64', os.version: '10.0', java.version: '1.8.0_282'
Driver info: com.kms.katalon.selenium.driver.CEdgeDriver
Capabilities {acceptInsecureCerts: false, browserName: msedge, browserVersion: 97.0.1072.62, javascriptEnabled: true, ms:edgeOptions: {debuggerAddress: localhost:57869}, msedge: {msedgedriverVersion: 97.0.1072.55 (ce3bf33648805..., userDataDir: C:\Users\W10\AppData\Local\...}, networkConnectionEnabled: false, pageLoadStrategy: normal, platform: WINDOWS, platformName: WINDOWS, proxy: Proxy(), setWindowRect: true, strictFileInteractability: false, timeouts: {implicit: 0, pageLoad: 300000, script: 30000}, unhandledPromptBehavior: dismiss and notify, webauthn:extension:credBlob: true, webauthn:extension:largeBlob: true, webauthn:virtualAuthenticators: true}
Session ID: eb3261db5d3aa2eb64ed974c2c4776d9.

2022-01-16 21:31:35 - [MESSAGE][WARNING] - [SELF-HEALING] 'other' is different type of Path

2022-01-16 21:31:36 - [MESSAGE][INFO] - Unable to find the element located by 'By.cssSelector: input.btn.btn-secondary.my-1'. Please recheck the objects properties to make sure the desired element is located. 

2022-01-16 21:31:37 - [MESSAGE][FAILED] - Unable to click on object 'Object Repository/Utils/Page_CNPM Danh sch thnh vin/input_Danh sch thnh vin_btn btn-secondary my-1' (Root cause: com.kms.katalon.core.exception.StepFailedException: Unable to click on object 'Object Repository/Utils/Page_CNPM Danh sch thnh vin/input_Danh sch thnh vin_btn btn-secondary my-1'
	at com.kms.katalon.core.webui.keyword.internal.WebUIKeywordMain.stepFailed(WebUIKeywordMain.groovy:64)
	at com.kms.katalon.core.webui.keyword.internal.WebUIKeywordMain.runKeyword(WebUIKeywordMain.groovy:26)
	at com.kms.katalon.core.webui.keyword.builtin.ClickKeyword.click(ClickKeyword.groovy:74)
	at com.kms.katalon.core.webui.keyword.builtin.ClickKeyword.execute(ClickKeyword.groovy:40)
	at com.kms.katalon.core.keyword.internal.KeywordExecutor.executeKeywordForPlatform(KeywordExecutor.groovy:74)
	at com.kms.katalon.core.webui.keyword.WebUiBuiltInKeywords.click(WebUiBuiltInKeywords.groovy:620)
	at com.kms.katalon.core.webui.keyword.WebUiBuiltInKeywords$click$1.call(Unknown Source)
	at Create course CNPM.run(Create course CNPM:36)
	at com.kms.katalon.core.main.ScriptEngine.run(ScriptEngine.java:194)
	at com.kms.katalon.core.main.ScriptEngine.runScriptAsRawText(ScriptEngine.java:119)
	at com.kms.katalon.core.main.TestCaseExecutor.runScript(TestCaseExecutor.java:442)
	at com.kms.katalon.core.main.TestCaseExecutor.doExecute(TestCaseExecutor.java:433)
	at com.kms.katalon.core.main.TestCaseExecutor.processExecutionPhase(TestCaseExecutor.java:412)
	at com.kms.katalon.core.main.TestCaseExecutor.accessMainPhase(TestCaseExecutor.java:404)
	at com.kms.katalon.core.main.TestCaseExecutor.execute(TestCaseExecutor.java:281)
	at com.kms.katalon.core.main.TestCaseMain.runTestCase(TestCaseMain.java:138)
	at com.kms.katalon.core.keyword.builtin.CallTestCaseKeyword$_callTestCase_closure1.doCall(CallTestCaseKeyword.groovy:59)
	at com.kms.katalon.core.keyword.builtin.CallTestCaseKeyword$_callTestCase_closure1.call(CallTestCaseKeyword.groovy)
	at com.kms.katalon.core.keyword.internal.KeywordMain.runKeyword(KeywordMain.groovy:74)
	at com.kms.katalon.core.keyword.builtin.CallTestCaseKeyword.callTestCase(CallTestCaseKeyword.groovy:81)
	at com.kms.katalon.core.keyword.builtin.CallTestCaseKeyword.execute(CallTestCaseKeyword.groovy:44)
	at com.kms.katalon.core.keyword.internal.KeywordExecutor.executeKeywordForPlatform(KeywordExecutor.groovy:74)
	at com.kms.katalon.core.keyword.BuiltinKeywords.callTestCase(BuiltinKeywords.groovy:334)
	at Update grade with assignment.run(Update grade with assignment:24)
	at com.kms.katalon.core.main.ScriptEngine.run(ScriptEngine.java:194)
	at com.kms.katalon.core.main.ScriptEngine.runScriptAsRawText(ScriptEngine.java:119)
	at com.kms.katalon.core.main.TestCaseExecutor.runScript(TestCaseExecutor.java:442)
	at com.kms.katalon.core.main.TestCaseExecutor.doExecute(TestCaseExecutor.java:433)
	at com.kms.katalon.core.main.TestCaseExecutor.processExecutionPhase(TestCaseExecutor.java:412)
	at com.kms.katalon.core.main.TestCaseExecutor.accessMainPhase(TestCaseExecutor.java:404)
	at com.kms.katalon.core.main.TestCaseExecutor.execute(TestCaseExecutor.java:281)
	at com.kms.katalon.core.main.TestCaseExecutor.execute(TestCaseExecutor.java:363)
	at com.kms.katalon.core.main.TestCaseExecutor.execute(TestCaseExecutor.java:363)
	at com.kms.katalon.core.main.TestCaseExecutor.execute(TestCaseExecutor.java:363)
	at com.kms.katalon.core.main.TestSuiteExecutor.accessTestCaseMainPhase(TestSuiteExecutor.java:202)
	at com.kms.katalon.core.main.TestSuiteExecutor.accessTestSuiteMainPhase(TestSuiteExecutor.java:164)
	at com.kms.katalon.core.main.TestSuiteExecutor.execute(TestSuiteExecutor.java:105)
	at com.kms.katalon.core.main.TestCaseMain.startTestSuite(TestCaseMain.java:181)
	at com.kms.katalon.core.main.TestCaseMain$startTestSuite$0.call(Unknown Source)
	at TempTestSuite1642335656208.run(TempTestSuite1642335656208.groovy:36)
Caused by: com.kms.katalon.core.webui.exception.WebElementNotFoundException: Web element with id: 'Object Repository/Utils/Page_CNPM Danh sch thnh vin/input_Danh sch thnh vin_btn btn-secondary my-1' located by '//input[@value='Ghi danh người dùng']' not found
	at com.kms.katalon.core.webui.common.WebUiCommonHelper.findWebElement(WebUiCommonHelper.java:1368)
	at com.kms.katalon.core.webui.keyword.internal.WebUIAbstractKeyword.findWebElement(WebUIAbstractKeyword.groovy:27)
	at com.kms.katalon.core.webui.keyword.builtin.ClickKeyword$_click_closure1.doCall(ClickKeyword.groovy:65)
	at com.kms.katalon.core.webui.keyword.builtin.ClickKeyword$_click_closure1.call(ClickKeyword.groovy)
	at com.kms.katalon.core.webui.keyword.internal.WebUIKeywordMain.runKeyword(WebUIKeywordMain.groovy:20)
	at com.kms.katalon.core.webui.keyword.builtin.ClickKeyword.click(ClickKeyword.groovy:74)
	at com.kms.katalon.core.webui.keyword.builtin.ClickKeyword.execute(ClickKeyword.groovy:40)
	at com.kms.katalon.core.keyword.internal.KeywordExecutor.executeKeywordForPlatform(KeywordExecutor.groovy:74)
	at com.kms.katalon.core.webui.keyword.WebUiBuiltInKeywords.click(WebUiBuiltInKeywords.groovy:620)
	at com.kms.katalon.core.webui.keyword.WebUiBuiltInKeywords$click$1.call(Unknown Source)
	at Script1641906761787.run(Script1641906761787.groovy:36)
	at com.kms.katalon.core.main.ScriptEngine.run(ScriptEngine.java:194)
	at com.kms.katalon.core.main.ScriptEngine.runScriptAsRawText(ScriptEngine.java:119)
	at com.kms.katalon.core.main.TestCaseExecutor.runScript(TestCaseExecutor.java:442)
	at com.kms.katalon.core.main.TestCaseExecutor.doExecute(TestCaseExecutor.java:433)
	at com.kms.katalon.core.main.TestCaseExecutor.processExecutionPhase(TestCaseExecutor.java:412)
	at com.kms.katalon.core.main.TestCaseExecutor.accessMainPhase(TestCaseExecutor.java:404)
	at com.kms.katalon.core.main.TestCaseExecutor.execute(TestCaseExecutor.java:281)
	at com.kms.katalon.core.main.TestCaseMain.runTestCase(TestCaseMain.java:138)
	at com.kms.katalon.core.keyword.builtin.CallTestCaseKeyword$_callTestCase_closure1.doCall(CallTestCaseKeyword.groovy:59)
	at com.kms.katalon.core.keyword.builtin.CallTestCaseKeyword$_callTestCase_closure1.call(CallTestCaseKeyword.groovy)
	at com.kms.katalon.core.keyword.internal.KeywordMain.runKeyword(KeywordMain.groovy:74)
	at com.kms.katalon.core.keyword.builtin.CallTestCaseKeyword.callTestCase(CallTestCaseKeyword.groovy:81)
	at com.kms.katalon.core.keyword.builtin.CallTestCaseKeyword.execute(CallTestCaseKeyword.groovy:44)
	at com.kms.katalon.core.keyword.internal.KeywordExecutor.executeKeywordForPlatform(KeywordExecutor.groovy:74)
	at com.kms.katalon.core.keyword.BuiltinKeywords.callTestCase(BuiltinKeywords.groovy:334)
	at Script1641912770837.run(Script1641912770837.groovy:24)
	... 16 more
)
[[ATTACHMENT|C:\\xampp\\htdocs\\moodle\\Test Automation - SE Bonus\\Reports\\20220116_192056\\Run All Test Cases\\20220116_192056\\1642343496966.png]]

2022-01-16 21:31:37 - [MESSAGE][INFO] - 

2022-01-16 21:31:37 - [MESSAGE][INFO] - ===================== Self-healing Report ====================

2022-01-16 21:31:37 - [MESSAGE][INFO] - One of the failed test object locators has been recovered by Self-healing. Please refer to the Self-healing Insights tab for more details.

2022-01-16 21:31:37 - [MESSAGE][INFO] - To learn more about Self-healing, please read https://docs.katalon.com/katalon-studio/docs/self-healing.html

2022-01-16 21:31:37 - [MESSAGE][INFO] - ==============================================================

2022-01-16 21:31:37 - [MESSAGE][FAILED] - Unable to call Test Case 'Test Cases/Utils/Create course CNPM' (Root cause: com.kms.katalon.core.exception.StepFailedException: Call Test Case 'Test Cases/Utils/Create course CNPM' failed
	at com.kms.katalon.core.keyword.builtin.CallTestCaseKeyword$_callTestCase_closure1.doCall(CallTestCaseKeyword.groovy:63)
	at com.kms.katalon.core.keyword.builtin.CallTestCaseKeyword$_callTestCase_closure1.call(CallTestCaseKeyword.groovy)
	at com.kms.katalon.core.keyword.internal.KeywordMain.runKeyword(KeywordMain.groovy:74)
	at com.kms.katalon.core.keyword.builtin.CallTestCaseKeyword.callTestCase(CallTestCaseKeyword.groovy:81)
	at com.kms.katalon.core.keyword.builtin.CallTestCaseKeyword.execute(CallTestCaseKeyword.groovy:44)
	at com.kms.katalon.core.keyword.internal.KeywordExecutor.executeKeywordForPlatform(KeywordExecutor.groovy:74)
	at com.kms.katalon.core.keyword.BuiltinKeywords.callTestCase(BuiltinKeywords.groovy:334)
	at Update grade with assignment.run(Update grade with assignment:24)
	at com.kms.katalon.core.main.ScriptEngine.run(ScriptEngine.java:194)
	at com.kms.katalon.core.main.ScriptEngine.runScriptAsRawText(ScriptEngine.java:119)
	at com.kms.katalon.core.main.TestCaseExecutor.runScript(TestCaseExecutor.java:442)
	at com.kms.katalon.core.main.TestCaseExecutor.doExecute(TestCaseExecutor.java:433)
	at com.kms.katalon.core.main.TestCaseExecutor.processExecutionPhase(TestCaseExecutor.java:412)
	at com.kms.katalon.core.main.TestCaseExecutor.accessMainPhase(TestCaseExecutor.java:404)
	at com.kms.katalon.core.main.TestCaseExecutor.execute(TestCaseExecutor.java:281)
	at com.kms.katalon.core.main.TestCaseExecutor.execute(TestCaseExecutor.java:363)
	at com.kms.katalon.core.main.TestCaseExecutor.execute(TestCaseExecutor.java:363)
	at com.kms.katalon.core.main.TestCaseExecutor.execute(TestCaseExecutor.java:363)
	at com.kms.katalon.core.main.TestSuiteExecutor.accessTestCaseMainPhase(TestSuiteExecutor.java:202)
	at com.kms.katalon.core.main.TestSuiteExecutor.accessTestSuiteMainPhase(TestSuiteExecutor.java:164)
	at com.kms.katalon.core.main.TestSuiteExecutor.execute(TestSuiteExecutor.java:105)
	at com.kms.katalon.core.main.TestCaseMain.startTestSuite(TestCaseMain.java:181)
	at com.kms.katalon.core.main.TestCaseMain$startTestSuite$0.call(Unknown Source)
	at TempTestSuite1642335656208.run(TempTestSuite1642335656208.groovy:36)
Caused by: com.kms.katalon.core.exception.StepFailedException: Unable to click on object 'Object Repository/Utils/Page_CNPM Danh sch thnh vin/input_Danh sch thnh vin_btn btn-secondary my-1'
	at com.kms.katalon.core.webui.keyword.internal.WebUIKeywordMain.stepFailed(WebUIKeywordMain.groovy:64)
	at com.kms.katalon.core.webui.keyword.internal.WebUIKeywordMain.runKeyword(WebUIKeywordMain.groovy:26)
	at com.kms.katalon.core.webui.keyword.builtin.ClickKeyword.click(ClickKeyword.groovy:74)
	at com.kms.katalon.core.webui.keyword.builtin.ClickKeyword.execute(ClickKeyword.groovy:40)
	at com.kms.katalon.core.keyword.internal.KeywordExecutor.executeKeywordForPlatform(KeywordExecutor.groovy:74)
	at com.kms.katalon.core.webui.keyword.WebUiBuiltInKeywords.click(WebUiBuiltInKeywords.groovy:620)
	at com.kms.katalon.core.webui.keyword.WebUiBuiltInKeywords$click$1.call(Unknown Source)
	at Create course CNPM.run(Create course CNPM:36)
	at com.kms.katalon.core.main.ScriptEngine.run(ScriptEngine.java:194)
	at com.kms.katalon.core.main.ScriptEngine.runScriptAsRawText(ScriptEngine.java:119)
	at com.kms.katalon.core.main.TestCaseExecutor.runScript(TestCaseExecutor.java:442)
	at com.kms.katalon.core.main.TestCaseExecutor.doExecute(TestCaseExecutor.java:433)
	at com.kms.katalon.core.main.TestCaseExecutor.processExecutionPhase(TestCaseExecutor.java:412)
	at com.kms.katalon.core.main.TestCaseExecutor.accessMainPhase(TestCaseExecutor.java:404)
	at com.kms.katalon.core.main.TestCaseExecutor.execute(TestCaseExecutor.java:281)
	at com.kms.katalon.core.main.TestCaseMain.runTestCase(TestCaseMain.java:138)
	at com.kms.katalon.core.keyword.builtin.CallTestCaseKeyword$_callTestCase_closure1.doCall(CallTestCaseKeyword.groovy:59)
	... 23 more
Caused by: com.kms.katalon.core.webui.exception.WebElementNotFoundException: Web element with id: 'Object Repository/Utils/Page_CNPM Danh sch thnh vin/input_Danh sch thnh vin_btn btn-secondary my-1' located by '//input[@value='Ghi danh người dùng']' not found
	at com.kms.katalon.core.webui.common.WebUiCommonHelper.findWebElement(WebUiCommonHelper.java:1368)
	at com.kms.katalon.core.webui.keyword.internal.WebUIAbstractKeyword.findWebElement(WebUIAbstractKeyword.groovy:27)
	at com.kms.katalon.core.webui.keyword.builtin.ClickKeyword$_click_closure1.doCall(ClickKeyword.groovy:65)
	at com.kms.katalon.core.webui.keyword.builtin.ClickKeyword$_click_closure1.call(ClickKeyword.groovy)
	at com.kms.katalon.core.webui.keyword.internal.WebUIKeywordMain.runKeyword(WebUIKeywordMain.groovy:20)
	... 38 more
)]]></system-out>
         <system-err><![CDATA[2022-01-16 21:30:48 - [TEST_CASE][FAILED] - Test Cases/View course grade/Update grade with assignment: Test Cases/View course grade/Update grade with assignment FAILED.
Reason:
com.kms.katalon.core.exception.StepFailedException: Call Test Case 'Test Cases/Utils/Create course CNPM' failed
	at com.kms.katalon.core.keyword.builtin.CallTestCaseKeyword$_callTestCase_closure1.doCall(CallTestCaseKeyword.groovy:63)
	at com.kms.katalon.core.keyword.builtin.CallTestCaseKeyword$_callTestCase_closure1.call(CallTestCaseKeyword.groovy)
	at com.kms.katalon.core.keyword.internal.KeywordMain.runKeyword(KeywordMain.groovy:74)
	at com.kms.katalon.core.keyword.builtin.CallTestCaseKeyword.callTestCase(CallTestCaseKeyword.groovy:81)
	at com.kms.katalon.core.keyword.builtin.CallTestCaseKeyword.execute(CallTestCaseKeyword.groovy:44)
	at com.kms.katalon.core.keyword.internal.KeywordExecutor.executeKeywordForPlatform(KeywordExecutor.groovy:74)
	at com.kms.katalon.core.keyword.BuiltinKeywords.callTestCase(BuiltinKeywords.groovy:334)
	at Update grade with assignment.run(Update grade with assignment:24)
	at com.kms.katalon.core.main.ScriptEngine.run(ScriptEngine.java:194)
	at com.kms.katalon.core.main.ScriptEngine.runScriptAsRawText(ScriptEngine.java:119)
	at com.kms.katalon.core.main.TestCaseExecutor.runScript(TestCaseExecutor.java:442)
	at com.kms.katalon.core.main.TestCaseExecutor.doExecute(TestCaseExecutor.java:433)
	at com.kms.katalon.core.main.TestCaseExecutor.processExecutionPhase(TestCaseExecutor.java:412)
	at com.kms.katalon.core.main.TestCaseExecutor.accessMainPhase(TestCaseExecutor.java:404)
	at com.kms.katalon.core.main.TestCaseExecutor.execute(TestCaseExecutor.java:281)
	at com.kms.katalon.core.main.TestCaseExecutor.execute(TestCaseExecutor.java:363)
	at com.kms.katalon.core.main.TestCaseExecutor.execute(TestCaseExecutor.java:363)
	at com.kms.katalon.core.main.TestCaseExecutor.execute(TestCaseExecutor.java:363)
	at com.kms.katalon.core.main.TestSuiteExecutor.accessTestCaseMainPhase(TestSuiteExecutor.java:202)
	at com.kms.katalon.core.main.TestSuiteExecutor.accessTestSuiteMainPhase(TestSuiteExecutor.java:164)
	at com.kms.katalon.core.main.TestSuiteExecutor.execute(TestSuiteExecutor.java:105)
	at com.kms.katalon.core.main.TestCaseMain.startTestSuite(TestCaseMain.java:181)
	at com.kms.katalon.core.main.TestCaseMain$startTestSuite$0.call(Unknown Source)
	at TempTestSuite1642335656208.run(TempTestSuite1642335656208.groovy:36)
Caused by: com.kms.katalon.core.exception.StepFailedException: Unable to click on object 'Object Repository/Utils/Page_CNPM Danh sch thnh vin/input_Danh sch thnh vin_btn btn-secondary my-1'
	at com.kms.katalon.core.webui.keyword.internal.WebUIKeywordMain.stepFailed(WebUIKeywordMain.groovy:64)
	at com.kms.katalon.core.webui.keyword.internal.WebUIKeywordMain.runKeyword(WebUIKeywordMain.groovy:26)
	at com.kms.katalon.core.webui.keyword.builtin.ClickKeyword.click(ClickKeyword.groovy:74)
	at com.kms.katalon.core.webui.keyword.builtin.ClickKeyword.execute(ClickKeyword.groovy:40)
	at com.kms.katalon.core.keyword.internal.KeywordExecutor.executeKeywordForPlatform(KeywordExecutor.groovy:74)
	at com.kms.katalon.core.webui.keyword.WebUiBuiltInKeywords.click(WebUiBuiltInKeywords.groovy:620)
	at com.kms.katalon.core.webui.keyword.WebUiBuiltInKeywords$click$1.call(Unknown Source)
	at Create course CNPM.run(Create course CNPM:36)
	at com.kms.katalon.core.main.ScriptEngine.run(ScriptEngine.java:194)
	at com.kms.katalon.core.main.ScriptEngine.runScriptAsRawText(ScriptEngine.java:119)
	at com.kms.katalon.core.main.TestCaseExecutor.runScript(TestCaseExecutor.java:442)
	at com.kms.katalon.core.main.TestCaseExecutor.doExecute(TestCaseExecutor.java:433)
	at com.kms.katalon.core.main.TestCaseExecutor.processExecutionPhase(TestCaseExecutor.java:412)
	at com.kms.katalon.core.main.TestCaseExecutor.accessMainPhase(TestCaseExecutor.java:404)
	at com.kms.katalon.core.main.TestCaseExecutor.execute(TestCaseExecutor.java:281)
	at com.kms.katalon.core.main.TestCaseMain.runTestCase(TestCaseMain.java:138)
	at com.kms.katalon.core.keyword.builtin.CallTestCaseKeyword$_callTestCase_closure1.doCall(CallTestCaseKeyword.groovy:59)
	... 23 more
Caused by: com.kms.katalon.core.webui.exception.WebElementNotFoundException: Web element with id: 'Object Repository/Utils/Page_CNPM Danh sch thnh vin/input_Danh sch thnh vin_btn btn-secondary my-1' located by '//input[@value='Ghi danh người dùng']' not found
	at com.kms.katalon.core.webui.common.WebUiCommonHelper.findWebElement(WebUiCommonHelper.java:1368)
	at com.kms.katalon.core.webui.keyword.internal.WebUIAbstractKeyword.findWebElement(WebUIAbstractKeyword.groovy:27)
	at com.kms.katalon.core.webui.keyword.builtin.ClickKeyword$_click_closure1.doCall(ClickKeyword.groovy:65)
	at com.kms.katalon.core.webui.keyword.builtin.ClickKeyword$_click_closure1.call(ClickKeyword.groovy)
	at com.kms.katalon.core.webui.keyword.internal.WebUIKeywordMain.runKeyword(WebUIKeywordMain.groovy:20)
	... 38 more]]></system-err>
      </testcase>
      <testcase name="Test Cases/View course grade/Update grade without assignment" time="84.273" classname="Test Cases/View course grade/Update grade without assignment" status="FAILED">
         <failure type="FAILED" message="Test Cases/View course grade/Update grade without assignment FAILED.
Reason:
com.kms.katalon.core.exception.StepFailedException: Call Test Case 'Test Cases/Utils/Create course CNPM' failed
	at com.kms.katalon.core.keyword.builtin.CallTestCaseKeyword$_callTestCase_closure1.doCall(CallTestCaseKeyword.groovy:63)
	at com.kms.katalon.core.keyword.builtin.CallTestCaseKeyword$_callTestCase_closure1.call(CallTestCaseKeyword.groovy)
	at com.kms.katalon.core.keyword.internal.KeywordMain.runKeyword(KeywordMain.groovy:74)
	at com.kms.katalon.core.keyword.builtin.CallTestCaseKeyword.callTestCase(CallTestCaseKeyword.groovy:81)
	at com.kms.katalon.core.keyword.builtin.CallTestCaseKeyword.execute(CallTestCaseKeyword.groovy:44)
	at com.kms.katalon.core.keyword.internal.KeywordExecutor.executeKeywordForPlatform(KeywordExecutor.groovy:74)
	at com.kms.katalon.core.keyword.BuiltinKeywords.callTestCase(BuiltinKeywords.groovy:334)
	at Update grade without assignment.run(Update grade without assignment:24)
	at com.kms.katalon.core.main.ScriptEngine.run(ScriptEngine.java:194)
	at com.kms.katalon.core.main.ScriptEngine.runScriptAsRawText(ScriptEngine.java:119)
	at com.kms.katalon.core.main.TestCaseExecutor.runScript(TestCaseExecutor.java:442)
	at com.kms.katalon.core.main.TestCaseExecutor.doExecute(TestCaseExecutor.java:433)
	at com.kms.katalon.core.main.TestCaseExecutor.processExecutionPhase(TestCaseExecutor.java:412)
	at com.kms.katalon.core.main.TestCaseExecutor.accessMainPhase(TestCaseExecutor.java:404)
	at com.kms.katalon.core.main.TestCaseExecutor.execute(TestCaseExecutor.java:281)
	at com.kms.katalon.core.main.TestCaseExecutor.execute(TestCaseExecutor.java:363)
	at com.kms.katalon.core.main.TestCaseExecutor.execute(TestCaseExecutor.java:363)
	at com.kms.katalon.core.main.TestCaseExecutor.execute(TestCaseExecutor.java:363)
	at com.kms.katalon.core.main.TestSuiteExecutor.accessTestCaseMainPhase(TestSuiteExecutor.java:202)
	at com.kms.katalon.core.main.TestSuiteExecutor.accessTestSuiteMainPhase(TestSuiteExecutor.java:164)
	at com.kms.katalon.core.main.TestSuiteExecutor.execute(TestSuiteExecutor.java:105)
	at com.kms.katalon.core.main.TestCaseMain.startTestSuite(TestCaseMain.java:181)
	at com.kms.katalon.core.main.TestCaseMain$startTestSuite$0.call(Unknown Source)
	at TempTestSuite1642335656208.run(TempTestSuite1642335656208.groovy:36)
Caused by: com.kms.katalon.core.exception.StepFailedException: Unable to click on object 'Object Repository/Utils/Page_CNPM Danh sch thnh vin/span_Teacher Nguyen'
	at com.kms.katalon.core.webui.keyword.internal.WebUIKeywordMain.stepFailed(WebUIKeywordMain.groovy:64)
	at com.kms.katalon.core.webui.keyword.internal.WebUIKeywordMain.runKeyword(WebUIKeywordMain.groovy:26)
	at com.kms.katalon.core.webui.keyword.builtin.ClickKeyword.click(ClickKeyword.groovy:74)
	at com.kms.katalon.core.webui.keyword.builtin.ClickKeyword.execute(ClickKeyword.groovy:40)
	at com.kms.katalon.core.keyword.internal.KeywordExecutor.executeKeywordForPlatform(KeywordExecutor.groovy:74)
	at com.kms.katalon.core.webui.keyword.WebUiBuiltInKeywords.click(WebUiBuiltInKeywords.groovy:620)
	at com.kms.katalon.core.webui.keyword.WebUiBuiltInKeywords$click$1.call(Unknown Source)
	at Create course CNPM.run(Create course CNPM:48)
	at com.kms.katalon.core.main.ScriptEngine.run(ScriptEngine.java:194)
	at com.kms.katalon.core.main.ScriptEngine.runScriptAsRawText(ScriptEngine.java:119)
	at com.kms.katalon.core.main.TestCaseExecutor.runScript(TestCaseExecutor.java:442)
	at com.kms.katalon.core.main.TestCaseExecutor.doExecute(TestCaseExecutor.java:433)
	at com.kms.katalon.core.main.TestCaseExecutor.processExecutionPhase(TestCaseExecutor.java:412)
	at com.kms.katalon.core.main.TestCaseExecutor.accessMainPhase(TestCaseExecutor.java:404)
	at com.kms.katalon.core.main.TestCaseExecutor.execute(TestCaseExecutor.java:281)
	at com.kms.katalon.core.main.TestCaseMain.runTestCase(TestCaseMain.java:138)
	at com.kms.katalon.core.keyword.builtin.CallTestCaseKeyword$_callTestCase_closure1.doCall(CallTestCaseKeyword.groovy:59)
	... 23 more
Caused by: org.openqa.selenium.ElementNotInteractableException: element not interactable
  (Session info: MicrosoftEdge=97.0.1072.62)
Build info: version: '3.141.59', revision: 'e82be7d358', time: '2018-11-14T08:25:53'
System info: host: 'DESKTOP-11TAGP6', ip: '192.168.56.1', os.name: 'Windows 10', os.arch: 'amd64', os.version: '10.0', java.version: '1.8.0_282'
Driver info: com.kms.katalon.selenium.driver.CEdgeDriver
Capabilities {acceptInsecureCerts: false, browserName: msedge, browserVersion: 97.0.1072.62, javascriptEnabled: true, ms:edgeOptions: {debuggerAddress: localhost:51427}, msedge: {msedgedriverVersion: 97.0.1072.55 (ce3bf33648805..., userDataDir: C:\Users\W10\AppData\Local\...}, networkConnectionEnabled: false, pageLoadStrategy: normal, platform: WINDOWS, platformName: WINDOWS, proxy: Proxy(), setWindowRect: true, strictFileInteractability: false, timeouts: {implicit: 0, pageLoad: 300000, script: 30000}, unhandledPromptBehavior: dismiss and notify, webauthn:extension:credBlob: true, webauthn:extension:largeBlob: true, webauthn:virtualAuthenticators: true}
Session ID: 747e3c14f368006363dd45fc20925ef4
	at org.openqa.selenium.remote.http.W3CHttpResponseCodec.createException(W3CHttpResponseCodec.java:187)
	at org.openqa.selenium.remote.http.W3CHttpResponseCodec.decode(W3CHttpResponseCodec.java:122)
	at org.openqa.selenium.remote.http.W3CHttpResponseCodec.decode(W3CHttpResponseCodec.java:49)
	at org.openqa.selenium.remote.HttpCommandExecutor.execute(HttpCommandExecutor.java:158)
	at org.openqa.selenium.remote.service.DriverCommandExecutor.execute(DriverCommandExecutor.java:83)
	at org.openqa.selenium.remote.RemoteWebDriver.execute(RemoteWebDriver.java:552)
	at com.kms.katalon.selenium.driver.CEdgeDriver.execute(CEdgeDriver.java:20)
	at org.openqa.selenium.remote.RemoteWebElement.execute(RemoteWebElement.java:285)
	at org.openqa.selenium.remote.RemoteWebElement.click(RemoteWebElement.java:84)
	at org.openqa.selenium.support.events.EventFiringWebDriver$EventFiringWebElement.lambda$new$0(EventFiringWebDriver.java:404)
	at com.sun.proxy.$Proxy11.click(Unknown Source)
	at org.openqa.selenium.support.events.EventFiringWebDriver$EventFiringWebElement.click(EventFiringWebDriver.java:417)
	at org.openqa.selenium.WebElement$click.call(Unknown Source)
	at com.kms.katalon.core.webui.keyword.builtin.ClickKeyword.clickUntilSuccessWithTimeout(ClickKeyword.groovy:81)
	at com.kms.katalon.core.webui.keyword.builtin.ClickKeyword.clickUntilSuccessWithTimeout(ClickKeyword.groovy)
	at com.kms.katalon.core.webui.keyword.builtin.ClickKeyword$_click_closure1.doCall(ClickKeyword.groovy:67)
	at com.kms.katalon.core.webui.keyword.builtin.ClickKeyword$_click_closure1.call(ClickKeyword.groovy)
	at com.kms.katalon.core.webui.keyword.internal.WebUIKeywordMain.runKeyword(WebUIKeywordMain.groovy:20)
	... 38 more
"/>
         <system-out><![CDATA[2022-01-16 21:34:35 - [TEST_CASE][FAILED] - Test Cases/View course grade/Update grade without assignment: Test Cases/View course grade/Update grade without assignment FAILED.
Reason:
com.kms.katalon.core.exception.StepFailedException: Call Test Case 'Test Cases/Utils/Create course CNPM' failed
	at com.kms.katalon.core.keyword.builtin.CallTestCaseKeyword$_callTestCase_closure1.doCall(CallTestCaseKeyword.groovy:63)
	at com.kms.katalon.core.keyword.builtin.CallTestCaseKeyword$_callTestCase_closure1.call(CallTestCaseKeyword.groovy)
	at com.kms.katalon.core.keyword.internal.KeywordMain.runKeyword(KeywordMain.groovy:74)
	at com.kms.katalon.core.keyword.builtin.CallTestCaseKeyword.callTestCase(CallTestCaseKeyword.groovy:81)
	at com.kms.katalon.core.keyword.builtin.CallTestCaseKeyword.execute(CallTestCaseKeyword.groovy:44)
	at com.kms.katalon.core.keyword.internal.KeywordExecutor.executeKeywordForPlatform(KeywordExecutor.groovy:74)
	at com.kms.katalon.core.keyword.BuiltinKeywords.callTestCase(BuiltinKeywords.groovy:334)
	at Update grade without assignment.run(Update grade without assignment:24)
	at com.kms.katalon.core.main.ScriptEngine.run(ScriptEngine.java:194)
	at com.kms.katalon.core.main.ScriptEngine.runScriptAsRawText(ScriptEngine.java:119)
	at com.kms.katalon.core.main.TestCaseExecutor.runScript(TestCaseExecutor.java:442)
	at com.kms.katalon.core.main.TestCaseExecutor.doExecute(TestCaseExecutor.java:433)
	at com.kms.katalon.core.main.TestCaseExecutor.processExecutionPhase(TestCaseExecutor.java:412)
	at com.kms.katalon.core.main.TestCaseExecutor.accessMainPhase(TestCaseExecutor.java:404)
	at com.kms.katalon.core.main.TestCaseExecutor.execute(TestCaseExecutor.java:281)
	at com.kms.katalon.core.main.TestCaseExecutor.execute(TestCaseExecutor.java:363)
	at com.kms.katalon.core.main.TestCaseExecutor.execute(TestCaseExecutor.java:363)
	at com.kms.katalon.core.main.TestCaseExecutor.execute(TestCaseExecutor.java:363)
	at com.kms.katalon.core.main.TestSuiteExecutor.accessTestCaseMainPhase(TestSuiteExecutor.java:202)
	at com.kms.katalon.core.main.TestSuiteExecutor.accessTestSuiteMainPhase(TestSuiteExecutor.java:164)
	at com.kms.katalon.core.main.TestSuiteExecutor.execute(TestSuiteExecutor.java:105)
	at com.kms.katalon.core.main.TestCaseMain.startTestSuite(TestCaseMain.java:181)
	at com.kms.katalon.core.main.TestCaseMain$startTestSuite$0.call(Unknown Source)
	at TempTestSuite1642335656208.run(TempTestSuite1642335656208.groovy:36)
Caused by: com.kms.katalon.core.exception.StepFailedException: Unable to click on object 'Object Repository/Utils/Page_CNPM Danh sch thnh vin/span_Teacher Nguyen'
	at com.kms.katalon.core.webui.keyword.internal.WebUIKeywordMain.stepFailed(WebUIKeywordMain.groovy:64)
	at com.kms.katalon.core.webui.keyword.internal.WebUIKeywordMain.runKeyword(WebUIKeywordMain.groovy:26)
	at com.kms.katalon.core.webui.keyword.builtin.ClickKeyword.click(ClickKeyword.groovy:74)
	at com.kms.katalon.core.webui.keyword.builtin.ClickKeyword.execute(ClickKeyword.groovy:40)
	at com.kms.katalon.core.keyword.internal.KeywordExecutor.executeKeywordForPlatform(KeywordExecutor.groovy:74)
	at com.kms.katalon.core.webui.keyword.WebUiBuiltInKeywords.click(WebUiBuiltInKeywords.groovy:620)
	at com.kms.katalon.core.webui.keyword.WebUiBuiltInKeywords$click$1.call(Unknown Source)
	at Create course CNPM.run(Create course CNPM:48)
	at com.kms.katalon.core.main.ScriptEngine.run(ScriptEngine.java:194)
	at com.kms.katalon.core.main.ScriptEngine.runScriptAsRawText(ScriptEngine.java:119)
	at com.kms.katalon.core.main.TestCaseExecutor.runScript(TestCaseExecutor.java:442)
	at com.kms.katalon.core.main.TestCaseExecutor.doExecute(TestCaseExecutor.java:433)
	at com.kms.katalon.core.main.TestCaseExecutor.processExecutionPhase(TestCaseExecutor.java:412)
	at com.kms.katalon.core.main.TestCaseExecutor.accessMainPhase(TestCaseExecutor.java:404)
	at com.kms.katalon.core.main.TestCaseExecutor.execute(TestCaseExecutor.java:281)
	at com.kms.katalon.core.main.TestCaseMain.runTestCase(TestCaseMain.java:138)
	at com.kms.katalon.core.keyword.builtin.CallTestCaseKeyword$_callTestCase_closure1.doCall(CallTestCaseKeyword.groovy:59)
	... 23 more
Caused by: org.openqa.selenium.ElementNotInteractableException: element not interactable
  (Session info: MicrosoftEdge=97.0.1072.62)
Build info: version: '3.141.59', revision: 'e82be7d358', time: '2018-11-14T08:25:53'
System info: host: 'DESKTOP-11TAGP6', ip: '192.168.56.1', os.name: 'Windows 10', os.arch: 'amd64', os.version: '10.0', java.version: '1.8.0_282'
Driver info: com.kms.katalon.selenium.driver.CEdgeDriver
Capabilities {acceptInsecureCerts: false, browserName: msedge, browserVersion: 97.0.1072.62, javascriptEnabled: true, ms:edgeOptions: {debuggerAddress: localhost:51427}, msedge: {msedgedriverVersion: 97.0.1072.55 (ce3bf33648805..., userDataDir: C:\Users\W10\AppData\Local\...}, networkConnectionEnabled: false, pageLoadStrategy: normal, platform: WINDOWS, platformName: WINDOWS, proxy: Proxy(), setWindowRect: true, strictFileInteractability: false, timeouts: {implicit: 0, pageLoad: 300000, script: 30000}, unhandledPromptBehavior: dismiss and notify, webauthn:extension:credBlob: true, webauthn:extension:largeBlob: true, webauthn:virtualAuthenticators: true}
Session ID: 747e3c14f368006363dd45fc20925ef4
	at org.openqa.selenium.remote.http.W3CHttpResponseCodec.createException(W3CHttpResponseCodec.java:187)
	at org.openqa.selenium.remote.http.W3CHttpResponseCodec.decode(W3CHttpResponseCodec.java:122)
	at org.openqa.selenium.remote.http.W3CHttpResponseCodec.decode(W3CHttpResponseCodec.java:49)
	at org.openqa.selenium.remote.HttpCommandExecutor.execute(HttpCommandExecutor.java:158)
	at org.openqa.selenium.remote.service.DriverCommandExecutor.execute(DriverCommandExecutor.java:83)
	at org.openqa.selenium.remote.RemoteWebDriver.execute(RemoteWebDriver.java:552)
	at com.kms.katalon.selenium.driver.CEdgeDriver.execute(CEdgeDriver.java:20)
	at org.openqa.selenium.remote.RemoteWebElement.execute(RemoteWebElement.java:285)
	at org.openqa.selenium.remote.RemoteWebElement.click(RemoteWebElement.java:84)
	at org.openqa.selenium.support.events.EventFiringWebDriver$EventFiringWebElement.lambda$new$0(EventFiringWebDriver.java:404)
	at com.sun.proxy.$Proxy11.click(Unknown Source)
	at org.openqa.selenium.support.events.EventFiringWebDriver$EventFiringWebElement.click(EventFiringWebDriver.java:417)
	at org.openqa.selenium.WebElement$click.call(Unknown Source)
	at com.kms.katalon.core.webui.keyword.builtin.ClickKeyword.clickUntilSuccessWithTimeout(ClickKeyword.groovy:81)
	at com.kms.katalon.core.webui.keyword.builtin.ClickKeyword.clickUntilSuccessWithTimeout(ClickKeyword.groovy)
	at com.kms.katalon.core.webui.keyword.builtin.ClickKeyword$_click_closure1.doCall(ClickKeyword.groovy:67)
	at com.kms.katalon.core.webui.keyword.builtin.ClickKeyword$_click_closure1.call(ClickKeyword.groovy)
	at com.kms.katalon.core.webui.keyword.internal.WebUIKeywordMain.runKeyword(WebUIKeywordMain.groovy:20)
	... 38 more


2022-01-16 21:34:35 - [TEST_STEP][PASSED] - openBrowser(""): Browser is opened with url: ''

2022-01-16 21:34:35 - [MESSAGE][WARNING] - A browser is already opened. Closing browser and opening a new one

2022-01-16 21:34:36 - [MESSAGE][INFO] - Starting 'Edge Chromium' driver

2022-01-16 21:34:38 - [MESSAGE][INFO] - Action delay is set to 0 milliseconds

2022-01-16 21:34:41 - [MESSAGE][PASSED] - Browser is opened with url: ''

2022-01-16 21:34:41 - [TEST_STEP][PASSED] - navigateToUrl("http://localhost/"): Navigate to 'http://localhost/' successfully

2022-01-16 21:34:44 - [MESSAGE][PASSED] - Navigate to 'http://localhost/' successfully

2022-01-16 21:34:44 - [TEST_STEP][FAILED] - callTestCase(findTestCase("Utils/Create course CNPM"), [:], STOP_ON_FAILURE): Unable to call Test Case 'Test Cases/Utils/Create course CNPM' (Root cause: com.kms.katalon.core.exception.StepFailedException: Call Test Case 'Test Cases/Utils/Create course CNPM' failed
	at com.kms.katalon.core.keyword.builtin.CallTestCaseKeyword$_callTestCase_closure1.doCall(CallTestCaseKeyword.groovy:63)
	at com.kms.katalon.core.keyword.builtin.CallTestCaseKeyword$_callTestCase_closure1.call(CallTestCaseKeyword.groovy)
	at com.kms.katalon.core.keyword.internal.KeywordMain.runKeyword(KeywordMain.groovy:74)
	at com.kms.katalon.core.keyword.builtin.CallTestCaseKeyword.callTestCase(CallTestCaseKeyword.groovy:81)
	at com.kms.katalon.core.keyword.builtin.CallTestCaseKeyword.execute(CallTestCaseKeyword.groovy:44)
	at com.kms.katalon.core.keyword.internal.KeywordExecutor.executeKeywordForPlatform(KeywordExecutor.groovy:74)
	at com.kms.katalon.core.keyword.BuiltinKeywords.callTestCase(BuiltinKeywords.groovy:334)
	at Update grade without assignment.run(Update grade without assignment:24)
	at com.kms.katalon.core.main.ScriptEngine.run(ScriptEngine.java:194)
	at com.kms.katalon.core.main.ScriptEngine.runScriptAsRawText(ScriptEngine.java:119)
	at com.kms.katalon.core.main.TestCaseExecutor.runScript(TestCaseExecutor.java:442)
	at com.kms.katalon.core.main.TestCaseExecutor.doExecute(TestCaseExecutor.java:433)
	at com.kms.katalon.core.main.TestCaseExecutor.processExecutionPhase(TestCaseExecutor.java:412)
	at com.kms.katalon.core.main.TestCaseExecutor.accessMainPhase(TestCaseExecutor.java:404)
	at com.kms.katalon.core.main.TestCaseExecutor.execute(TestCaseExecutor.java:281)
	at com.kms.katalon.core.main.TestCaseExecutor.execute(TestCaseExecutor.java:363)
	at com.kms.katalon.core.main.TestCaseExecutor.execute(TestCaseExecutor.java:363)
	at com.kms.katalon.core.main.TestCaseExecutor.execute(TestCaseExecutor.java:363)
	at com.kms.katalon.core.main.TestSuiteExecutor.accessTestCaseMainPhase(TestSuiteExecutor.java:202)
	at com.kms.katalon.core.main.TestSuiteExecutor.accessTestSuiteMainPhase(TestSuiteExecutor.java:164)
	at com.kms.katalon.core.main.TestSuiteExecutor.execute(TestSuiteExecutor.java:105)
	at com.kms.katalon.core.main.TestCaseMain.startTestSuite(TestCaseMain.java:181)
	at com.kms.katalon.core.main.TestCaseMain$startTestSuite$0.call(Unknown Source)
	at TempTestSuite1642335656208.run(TempTestSuite1642335656208.groovy:36)
Caused by: com.kms.katalon.core.exception.StepFailedException: Unable to click on object 'Object Repository/Utils/Page_CNPM Danh sch thnh vin/span_Teacher Nguyen'
	at com.kms.katalon.core.webui.keyword.internal.WebUIKeywordMain.stepFailed(WebUIKeywordMain.groovy:64)
	at com.kms.katalon.core.webui.keyword.internal.WebUIKeywordMain.runKeyword(WebUIKeywordMain.groovy:26)
	at com.kms.katalon.core.webui.keyword.builtin.ClickKeyword.click(ClickKeyword.groovy:74)
	at com.kms.katalon.core.webui.keyword.builtin.ClickKeyword.execute(ClickKeyword.groovy:40)
	at com.kms.katalon.core.keyword.internal.KeywordExecutor.executeKeywordForPlatform(KeywordExecutor.groovy:74)
	at com.kms.katalon.core.webui.keyword.WebUiBuiltInKeywords.click(WebUiBuiltInKeywords.groovy:620)
	at com.kms.katalon.core.webui.keyword.WebUiBuiltInKeywords$click$1.call(Unknown Source)
	at Create course CNPM.run(Create course CNPM:48)
	at com.kms.katalon.core.main.ScriptEngine.run(ScriptEngine.java:194)
	at com.kms.katalon.core.main.ScriptEngine.runScriptAsRawText(ScriptEngine.java:119)
	at com.kms.katalon.core.main.TestCaseExecutor.runScript(TestCaseExecutor.java:442)
	at com.kms.katalon.core.main.TestCaseExecutor.doExecute(TestCaseExecutor.java:433)
	at com.kms.katalon.core.main.TestCaseExecutor.processExecutionPhase(TestCaseExecutor.java:412)
	at com.kms.katalon.core.main.TestCaseExecutor.accessMainPhase(TestCaseExecutor.java:404)
	at com.kms.katalon.core.main.TestCaseExecutor.execute(TestCaseExecutor.java:281)
	at com.kms.katalon.core.main.TestCaseMain.runTestCase(TestCaseMain.java:138)
	at com.kms.katalon.core.keyword.builtin.CallTestCaseKeyword$_callTestCase_closure1.doCall(CallTestCaseKeyword.groovy:59)
	... 23 more
Caused by: org.openqa.selenium.ElementNotInteractableException: element not interactable
  (Session info: MicrosoftEdge=97.0.1072.62)
Build info: version: '3.141.59', revision: 'e82be7d358', time: '2018-11-14T08:25:53'
System info: host: 'DESKTOP-11TAGP6', ip: '192.168.56.1', os.name: 'Windows 10', os.arch: 'amd64', os.version: '10.0', java.version: '1.8.0_282'
Driver info: com.kms.katalon.selenium.driver.CEdgeDriver
Capabilities {acceptInsecureCerts: false, browserName: msedge, browserVersion: 97.0.1072.62, javascriptEnabled: true, ms:edgeOptions: {debuggerAddress: localhost:51427}, msedge: {msedgedriverVersion: 97.0.1072.55 (ce3bf33648805..., userDataDir: C:\Users\W10\AppData\Local\...}, networkConnectionEnabled: false, pageLoadStrategy: normal, platform: WINDOWS, platformName: WINDOWS, proxy: Proxy(), setWindowRect: true, strictFileInteractability: false, timeouts: {implicit: 0, pageLoad: 300000, script: 30000}, unhandledPromptBehavior: dismiss and notify, webauthn:extension:credBlob: true, webauthn:extension:largeBlob: true, webauthn:virtualAuthenticators: true}
Session ID: 747e3c14f368006363dd45fc20925ef4
	at org.openqa.selenium.remote.http.W3CHttpResponseCodec.createException(W3CHttpResponseCodec.java:187)
	at org.openqa.selenium.remote.http.W3CHttpResponseCodec.decode(W3CHttpResponseCodec.java:122)
	at org.openqa.selenium.remote.http.W3CHttpResponseCodec.decode(W3CHttpResponseCodec.java:49)
	at org.openqa.selenium.remote.HttpCommandExecutor.execute(HttpCommandExecutor.java:158)
	at org.openqa.selenium.remote.service.DriverCommandExecutor.execute(DriverCommandExecutor.java:83)
	at org.openqa.selenium.remote.RemoteWebDriver.execute(RemoteWebDriver.java:552)
	at com.kms.katalon.selenium.driver.CEdgeDriver.execute(CEdgeDriver.java:20)
	at org.openqa.selenium.remote.RemoteWebElement.execute(RemoteWebElement.java:285)
	at org.openqa.selenium.remote.RemoteWebElement.click(RemoteWebElement.java:84)
	at org.openqa.selenium.support.events.EventFiringWebDriver$EventFiringWebElement.lambda$new$0(EventFiringWebDriver.java:404)
	at com.sun.proxy.$Proxy11.click(Unknown Source)
	at org.openqa.selenium.support.events.EventFiringWebDriver$EventFiringWebElement.click(EventFiringWebDriver.java:417)
	at org.openqa.selenium.WebElement$click.call(Unknown Source)
	at com.kms.katalon.core.webui.keyword.builtin.ClickKeyword.clickUntilSuccessWithTimeout(ClickKeyword.groovy:81)
	at com.kms.katalon.core.webui.keyword.builtin.ClickKeyword.clickUntilSuccessWithTimeout(ClickKeyword.groovy)
	at com.kms.katalon.core.webui.keyword.builtin.ClickKeyword$_click_closure1.doCall(ClickKeyword.groovy:67)
	at com.kms.katalon.core.webui.keyword.builtin.ClickKeyword$_click_closure1.call(ClickKeyword.groovy)
	at com.kms.katalon.core.webui.keyword.internal.WebUIKeywordMain.runKeyword(WebUIKeywordMain.groovy:20)
	... 38 more
)

2022-01-16 21:34:44 - [TEST_CASE][FAILED] - Test Cases/Utils/Create course CNPM: Test Cases/Utils/Create course CNPM FAILED.
Reason:
com.kms.katalon.core.exception.StepFailedException: Unable to click on object 'Object Repository/Utils/Page_CNPM Danh sch thnh vin/span_Teacher Nguyen'
	at com.kms.katalon.core.webui.keyword.internal.WebUIKeywordMain.stepFailed(WebUIKeywordMain.groovy:64)
	at com.kms.katalon.core.webui.keyword.internal.WebUIKeywordMain.runKeyword(WebUIKeywordMain.groovy:26)
	at com.kms.katalon.core.webui.keyword.builtin.ClickKeyword.click(ClickKeyword.groovy:74)
	at com.kms.katalon.core.webui.keyword.builtin.ClickKeyword.execute(ClickKeyword.groovy:40)
	at com.kms.katalon.core.keyword.internal.KeywordExecutor.executeKeywordForPlatform(KeywordExecutor.groovy:74)
	at com.kms.katalon.core.webui.keyword.WebUiBuiltInKeywords.click(WebUiBuiltInKeywords.groovy:620)
	at com.kms.katalon.core.webui.keyword.WebUiBuiltInKeywords$click$1.call(Unknown Source)
	at Create course CNPM.run(Create course CNPM:48)
	at com.kms.katalon.core.main.ScriptEngine.run(ScriptEngine.java:194)
	at com.kms.katalon.core.main.ScriptEngine.runScriptAsRawText(ScriptEngine.java:119)
	at com.kms.katalon.core.main.TestCaseExecutor.runScript(TestCaseExecutor.java:442)
	at com.kms.katalon.core.main.TestCaseExecutor.doExecute(TestCaseExecutor.java:433)
	at com.kms.katalon.core.main.TestCaseExecutor.processExecutionPhase(TestCaseExecutor.java:412)
	at com.kms.katalon.core.main.TestCaseExecutor.accessMainPhase(TestCaseExecutor.java:404)
	at com.kms.katalon.core.main.TestCaseExecutor.execute(TestCaseExecutor.java:281)
	at com.kms.katalon.core.main.TestCaseMain.runTestCase(TestCaseMain.java:138)
	at com.kms.katalon.core.keyword.builtin.CallTestCaseKeyword$_callTestCase_closure1.doCall(CallTestCaseKeyword.groovy:59)
	at com.kms.katalon.core.keyword.builtin.CallTestCaseKeyword$_callTestCase_closure1.call(CallTestCaseKeyword.groovy)
	at com.kms.katalon.core.keyword.internal.KeywordMain.runKeyword(KeywordMain.groovy:74)
	at com.kms.katalon.core.keyword.builtin.CallTestCaseKeyword.callTestCase(CallTestCaseKeyword.groovy:81)
	at com.kms.katalon.core.keyword.builtin.CallTestCaseKeyword.execute(CallTestCaseKeyword.groovy:44)
	at com.kms.katalon.core.keyword.internal.KeywordExecutor.executeKeywordForPlatform(KeywordExecutor.groovy:74)
	at com.kms.katalon.core.keyword.BuiltinKeywords.callTestCase(BuiltinKeywords.groovy:334)
	at Update grade without assignment.run(Update grade without assignment:24)
	at com.kms.katalon.core.main.ScriptEngine.run(ScriptEngine.java:194)
	at com.kms.katalon.core.main.ScriptEngine.runScriptAsRawText(ScriptEngine.java:119)
	at com.kms.katalon.core.main.TestCaseExecutor.runScript(TestCaseExecutor.java:442)
	at com.kms.katalon.core.main.TestCaseExecutor.doExecute(TestCaseExecutor.java:433)
	at com.kms.katalon.core.main.TestCaseExecutor.processExecutionPhase(TestCaseExecutor.java:412)
	at com.kms.katalon.core.main.TestCaseExecutor.accessMainPhase(TestCaseExecutor.java:404)
	at com.kms.katalon.core.main.TestCaseExecutor.execute(TestCaseExecutor.java:281)
	at com.kms.katalon.core.main.TestCaseExecutor.execute(TestCaseExecutor.java:363)
	at com.kms.katalon.core.main.TestCaseExecutor.execute(TestCaseExecutor.java:363)
	at com.kms.katalon.core.main.TestCaseExecutor.execute(TestCaseExecutor.java:363)
	at com.kms.katalon.core.main.TestSuiteExecutor.accessTestCaseMainPhase(TestSuiteExecutor.java:202)
	at com.kms.katalon.core.main.TestSuiteExecutor.accessTestSuiteMainPhase(TestSuiteExecutor.java:164)
	at com.kms.katalon.core.main.TestSuiteExecutor.execute(TestSuiteExecutor.java:105)
	at com.kms.katalon.core.main.TestCaseMain.startTestSuite(TestCaseMain.java:181)
	at com.kms.katalon.core.main.TestCaseMain$startTestSuite$0.call(Unknown Source)
	at TempTestSuite1642335656208.run(TempTestSuite1642335656208.groovy:36)
Caused by: org.openqa.selenium.ElementNotInteractableException: element not interactable
  (Session info: MicrosoftEdge=97.0.1072.62)
Build info: version: '3.141.59', revision: 'e82be7d358', time: '2018-11-14T08:25:53'
System info: host: 'DESKTOP-11TAGP6', ip: '192.168.56.1', os.name: 'Windows 10', os.arch: 'amd64', os.version: '10.0', java.version: '1.8.0_282'
Driver info: com.kms.katalon.selenium.driver.CEdgeDriver
Capabilities {acceptInsecureCerts: false, browserName: msedge, browserVersion: 97.0.1072.62, javascriptEnabled: true, ms:edgeOptions: {debuggerAddress: localhost:51427}, msedge: {msedgedriverVersion: 97.0.1072.55 (ce3bf33648805..., userDataDir: C:\Users\W10\AppData\Local\...}, networkConnectionEnabled: false, pageLoadStrategy: normal, platform: WINDOWS, platformName: WINDOWS, proxy: Proxy(), setWindowRect: true, strictFileInteractability: false, timeouts: {implicit: 0, pageLoad: 300000, script: 30000}, unhandledPromptBehavior: dismiss and notify, webauthn:extension:credBlob: true, webauthn:extension:largeBlob: true, webauthn:virtualAuthenticators: true}
Session ID: 747e3c14f368006363dd45fc20925ef4
	at org.openqa.selenium.remote.http.W3CHttpResponseCodec.createException(W3CHttpResponseCodec.java:187)
	at org.openqa.selenium.remote.http.W3CHttpResponseCodec.decode(W3CHttpResponseCodec.java:122)
	at org.openqa.selenium.remote.http.W3CHttpResponseCodec.decode(W3CHttpResponseCodec.java:49)
	at org.openqa.selenium.remote.HttpCommandExecutor.execute(HttpCommandExecutor.java:158)
	at org.openqa.selenium.remote.service.DriverCommandExecutor.execute(DriverCommandExecutor.java:83)
	at org.openqa.selenium.remote.RemoteWebDriver.execute(RemoteWebDriver.java:552)
	at com.kms.katalon.selenium.driver.CEdgeDriver.execute(CEdgeDriver.java:20)
	at org.openqa.selenium.remote.RemoteWebElement.execute(RemoteWebElement.java:285)
	at org.openqa.selenium.remote.RemoteWebElement.click(RemoteWebElement.java:84)
	at org.openqa.selenium.support.events.EventFiringWebDriver$EventFiringWebElement.lambda$new$0(EventFiringWebDriver.java:404)
	at com.sun.proxy.$Proxy11.click(Unknown Source)
	at org.openqa.selenium.support.events.EventFiringWebDriver$EventFiringWebElement.click(EventFiringWebDriver.java:417)
	at org.openqa.selenium.WebElement$click.call(Unknown Source)
	at com.kms.katalon.core.webui.keyword.builtin.ClickKeyword.clickUntilSuccessWithTimeout(ClickKeyword.groovy:81)
	at com.kms.katalon.core.webui.keyword.builtin.ClickKeyword.clickUntilSuccessWithTimeout(ClickKeyword.groovy)
	at com.kms.katalon.core.webui.keyword.builtin.ClickKeyword$_click_closure1.doCall(ClickKeyword.groovy:67)
	at com.kms.katalon.core.webui.keyword.builtin.ClickKeyword$_click_closure1.call(ClickKeyword.groovy)
	at com.kms.katalon.core.webui.keyword.internal.WebUIKeywordMain.runKeyword(WebUIKeywordMain.groovy:20)
	... 38 more


2022-01-16 21:34:44 - [TEST_STEP][PASSED] - callTestCase(findTestCase("Utils/Login as admin"), [:], STOP_ON_FAILURE): Call Test Case 'Test Cases/Utils/Login as admin' successfully

2022-01-16 21:34:44 - [TEST_CASE][PASSED] - Test Cases/Utils/Login as admin: Test Cases/Utils/Login as admin

2022-01-16 21:34:44 - [TEST_STEP][PASSED] - click(findTestObject("View course grade/Page_Local Moodle/a_Log in")): Object: 'Object Repository/View course grade/Page_Local Moodle/a_Log in' is clicked on

2022-01-16 21:34:46 - [MESSAGE][PASSED] - Object: 'Object Repository/View course grade/Page_Local Moodle/a_Log in' is clicked on

2022-01-16 21:34:46 - [TEST_STEP][PASSED] - setText(findTestObject("View course grade/Page_Local Moodle Log in to the site/input_Username_username"), "admin"): Text 'admin' is set on object 'Object Repository/View course grade/Page_Local Moodle Log in to the site/input_Username_username'

2022-01-16 21:34:47 - [MESSAGE][PASSED] - Text 'admin' is set on object 'Object Repository/View course grade/Page_Local Moodle Log in to the site/input_Username_username'

2022-01-16 21:34:47 - [TEST_STEP][PASSED] - setEncryptedText(findTestObject("View course grade/Page_Local Moodle Log in to the site/input_Password_password"), "bfAykA/oWJ09FXmiKh6lyuuLu8QhG1K5"): Text ****** has been set on object 'Object Repository/View course grade/Page_Local Moodle Log in to the site/input_Password_password'

2022-01-16 21:34:49 - [MESSAGE][PASSED] - Text ****** has been set on object 'Object Repository/View course grade/Page_Local Moodle Log in to the site/input_Password_password'

2022-01-16 21:34:49 - [TEST_STEP][PASSED] - click(findTestObject("View course grade/Page_Local Moodle Log in to the site/button_Log in")): Object: 'Object Repository/View course grade/Page_Local Moodle Log in to the site/button_Log in' is clicked on

2022-01-16 21:34:55 - [MESSAGE][PASSED] - Object: 'Object Repository/View course grade/Page_Local Moodle Log in to the site/button_Log in' is clicked on

2022-01-16 21:34:55 - [MESSAGE][PASSED] - Call Test Case 'Test Cases/Utils/Login as admin' successfully

2022-01-16 21:34:55 - [TEST_STEP][PASSED] - click(findTestObject("Object Repository/Utils/Page_Nh ca ti/span_Qun tr khu vc")): Object: 'Object Repository/Utils/Page_Nh ca ti/span_Qun tr khu vc' is clicked on

2022-01-16 21:35:02 - [MESSAGE][PASSED] - Object: 'Object Repository/Utils/Page_Nh ca ti/span_Qun tr khu vc' is clicked on

2022-01-16 21:35:02 - [TEST_STEP][PASSED] - click(findTestObject("Object Repository/Utils/Page_Moodle Khu vc qun tr Tm kim/a_Kho hc")): Object: 'Object Repository/Utils/Page_Moodle Khu vc qun tr Tm kim/a_Kho hc' is clicked on

2022-01-16 21:35:03 - [MESSAGE][PASSED] - Object: 'Object Repository/Utils/Page_Moodle Khu vc qun tr Tm kim/a_Kho hc' is clicked on

2022-01-16 21:35:03 - [TEST_STEP][PASSED] - click(findTestObject("Object Repository/Utils/Page_Moodle Khu vc qun tr Tm kim/a_Thmsa cc kho hc")): Object: 'Object Repository/Utils/Page_Moodle Khu vc qun tr Tm kim/a_Thmsa cc kho hc' is clicked on

2022-01-16 21:35:06 - [MESSAGE][PASSED] - Object: 'Object Repository/Utils/Page_Moodle Khu vc qun tr Tm kim/a_Thmsa cc kho hc' is clicked on

2022-01-16 21:35:06 - [TEST_STEP][PASSED] - click(findTestObject("Object Repository/Utils/Page_Qun l kha hc v danh mc kha hc/a_To kha hc mi")): Object: 'Object Repository/Utils/Page_Qun l kha hc v danh mc kha hc/a_To kha hc mi' is clicked on

2022-01-16 21:35:12 - [MESSAGE][INFO] - Unable to find the element located by 'By.xpath: //div[@id='yui_3_17_2_1_1641906891631_57']/div/div/a'. Please recheck the objects properties to make sure the desired element is located. 

2022-01-16 21:35:12 - [MESSAGE][WARNING] - [SELF-HEALING] Failed to find element with id 'Object Repository/Utils/Page_Qun l kha hc v danh mc kha hc/a_To kha hc mi'. Try using Self-healing.

2022-01-16 21:35:12 - [MESSAGE][WARNING] - [SELF-HEALING] The current locator of test object 'Object Repository/Utils/Page_Qun l kha hc v danh mc kha hc/a_To kha hc mi' was broken. Propose an alternative one: '//a[contains(text(),'Tạo khóa học mới')]'.

2022-01-16 21:35:16 - [MESSAGE][PASSED] - Object: 'Object Repository/Utils/Page_Qun l kha hc v danh mc kha hc/a_To kha hc mi' is clicked on

2022-01-16 21:35:16 - [TEST_STEP][PASSED] - setText(findTestObject("Object Repository/Utils/Page_Moodle Thm kho hc mi/input_Tn y_fullname"), "Nhập môn Công nghệ phần mềm"): Text 'Nhập môn Công nghệ phần mềm' is set on object 'Object Repository/Utils/Page_Moodle Thm kho hc mi/input_Tn y_fullname'

2022-01-16 21:35:17 - [MESSAGE][PASSED] - Text 'Nhập môn Công nghệ phần mềm' is set on object 'Object Repository/Utils/Page_Moodle Thm kho hc mi/input_Tn y_fullname'

2022-01-16 21:35:17 - [TEST_STEP][PASSED] - setText(findTestObject("Object Repository/Utils/Page_Moodle Thm kho hc mi/input_Tn rt gn ca kho hc_shortname"), "CNPM"): Text 'CNPM' is set on object 'Object Repository/Utils/Page_Moodle Thm kho hc mi/input_Tn rt gn ca kho hc_shortname'

2022-01-16 21:35:18 - [MESSAGE][PASSED] - Text 'CNPM' is set on object 'Object Repository/Utils/Page_Moodle Thm kho hc mi/input_Tn rt gn ca kho hc_shortname'

2022-01-16 21:35:18 - [TEST_STEP][PASSED] - click(findTestObject("Object Repository/Utils/Page_Moodle Thm kho hc mi/input__saveanddisplay")): Object: 'Object Repository/Utils/Page_Moodle Thm kho hc mi/input__saveanddisplay' is clicked on

2022-01-16 21:35:21 - [MESSAGE][PASSED] - Object: 'Object Repository/Utils/Page_Moodle Thm kho hc mi/input__saveanddisplay' is clicked on

2022-01-16 21:35:21 - [TEST_STEP][PASSED] - click(findTestObject("Object Repository/Utils/Page_CNPM Danh sch thnh vin/input_Danh sch thnh vin_btn btn-secondary my-1")): Object: 'Object Repository/Utils/Page_CNPM Danh sch thnh vin/input_Danh sch thnh vin_btn btn-secondary my-1' is clicked on

2022-01-16 21:35:22 - [MESSAGE][PASSED] - Object: 'Object Repository/Utils/Page_CNPM Danh sch thnh vin/input_Danh sch thnh vin_btn btn-secondary my-1' is clicked on

2022-01-16 21:35:22 - [TEST_STEP][PASSED] - click(findTestObject("Object Repository/Utils/Page_CNPM Danh sch thnh vin/span_")): Object: 'Object Repository/Utils/Page_CNPM Danh sch thnh vin/span_' is clicked on

2022-01-16 21:35:29 - [MESSAGE][INFO] - Unable to find the element located by 'By.xpath: //span[@id='form_autocomplete_downarrow-1641965227117']'. Please recheck the objects properties to make sure the desired element is located. 

2022-01-16 21:35:29 - [MESSAGE][WARNING] - [SELF-HEALING] Failed to find element with id 'Object Repository/Utils/Page_CNPM Danh sch thnh vin/span_'. Try using Self-healing.

2022-01-16 21:35:29 - [MESSAGE][WARNING] - [SELF-HEALING] The current locator of test object 'Object Repository/Utils/Page_CNPM Danh sch thnh vin/span_' was broken. Propose an alternative one: '//div[@id='fitem_id_userlist']/div[2]/div[3]/span'.

2022-01-16 21:35:29 - [MESSAGE][PASSED] - Object: 'Object Repository/Utils/Page_CNPM Danh sch thnh vin/span_' is clicked on

2022-01-16 21:35:29 - [TEST_STEP][PASSED] - click(findTestObject("Object Repository/Utils/Page_CNPM Danh sch thnh vin/span_Student Nguyen")): Object: 'Object Repository/Utils/Page_CNPM Danh sch thnh vin/span_Student Nguyen' is clicked on

2022-01-16 21:35:36 - [MESSAGE][INFO] - Unable to find the element located by 'By.xpath: //li[@id='form_autocomplete_suggestions-1641965227117-0']/span/span'. Please recheck the objects properties to make sure the desired element is located. 

2022-01-16 21:35:36 - [MESSAGE][WARNING] - [SELF-HEALING] Failed to find element with id 'Object Repository/Utils/Page_CNPM Danh sch thnh vin/span_Student Nguyen'. Try using Self-healing.

2022-01-16 21:35:36 - [MESSAGE][WARNING] - [SELF-HEALING] The current locator of test object 'Object Repository/Utils/Page_CNPM Danh sch thnh vin/span_Student Nguyen' was broken. Propose an alternative one: '(.//*[normalize-space(text()) and normalize-space(.)='student@gmail.com'])[2]/preceding::span[1]'.

2022-01-16 21:35:36 - [MESSAGE][PASSED] - Object: 'Object Repository/Utils/Page_CNPM Danh sch thnh vin/span_Student Nguyen' is clicked on

2022-01-16 21:35:36 - [TEST_STEP][PASSED] - click(findTestObject("Object Repository/Utils/Page_CNPM Danh sch thnh vin/button_Ghi danh ngi dng")): Object: 'Object Repository/Utils/Page_CNPM Danh sch thnh vin/button_Ghi danh ngi dng' is clicked on

2022-01-16 21:35:43 - [MESSAGE][INFO] - Unable to find the element located by 'By.xpath: //button[@id='yui_3_17_2_1_1641965226678_264']'. Please recheck the objects properties to make sure the desired element is located. 

2022-01-16 21:35:43 - [MESSAGE][WARNING] - [SELF-HEALING] Failed to find element with id 'Object Repository/Utils/Page_CNPM Danh sch thnh vin/button_Ghi danh ngi dng'. Try using Self-healing.

2022-01-16 21:35:43 - [MESSAGE][WARNING] - [SELF-HEALING] The current locator of test object 'Object Repository/Utils/Page_CNPM Danh sch thnh vin/button_Ghi danh ngi dng' was broken. Propose an alternative one: '(.//*[normalize-space(text()) and normalize-space(.)='Phút'])[1]/following::button[1]'.

2022-01-16 21:35:43 - [MESSAGE][PASSED] - Object: 'Object Repository/Utils/Page_CNPM Danh sch thnh vin/button_Ghi danh ngi dng' is clicked on

2022-01-16 21:35:43 - [TEST_STEP][PASSED] - click(findTestObject("Object Repository/Utils/Page_CNPM Danh sch thnh vin/input_Danh sch thnh vin_yui_3_17_2_1_164190_a20bc6")): Object: 'Object Repository/Utils/Page_CNPM Danh sch thnh vin/input_Danh sch thnh vin_yui_3_17_2_1_164190_a20bc6' is clicked on

2022-01-16 21:35:50 - [MESSAGE][INFO] - Unable to find the element located by 'By.xpath: //input[@id='yui_3_17_2_1_1641906981941_20']'. Please recheck the objects properties to make sure the desired element is located. 

2022-01-16 21:35:50 - [MESSAGE][WARNING] - [SELF-HEALING] Failed to find element with id 'Object Repository/Utils/Page_CNPM Danh sch thnh vin/input_Danh sch thnh vin_yui_3_17_2_1_164190_a20bc6'. Try using Self-healing.

2022-01-16 21:35:50 - [MESSAGE][WARNING] - [SELF-HEALING] The current locator of test object 'Object Repository/Utils/Page_CNPM Danh sch thnh vin/input_Danh sch thnh vin_yui_3_17_2_1_164190_a20bc6' was broken. Propose an alternative one: '//input'.

2022-01-16 21:35:50 - [MESSAGE][PASSED] - Object: 'Object Repository/Utils/Page_CNPM Danh sch thnh vin/input_Danh sch thnh vin_yui_3_17_2_1_164190_a20bc6' is clicked on

2022-01-16 21:35:50 - [TEST_STEP][PASSED] - click(findTestObject("Object Repository/Utils/Page_CNPM Danh sch thnh vin/span__1")): Object: 'Object Repository/Utils/Page_CNPM Danh sch thnh vin/span__1' is clicked on

2022-01-16 21:35:57 - [MESSAGE][INFO] - Unable to find the element located by 'By.xpath: //span[@id='form_autocomplete_downarrow-1641965227118']'. Please recheck the objects properties to make sure the desired element is located. 

2022-01-16 21:35:57 - [MESSAGE][WARNING] - [SELF-HEALING] Failed to find element with id 'Object Repository/Utils/Page_CNPM Danh sch thnh vin/span__1'. Try using Self-healing.

2022-01-16 21:35:57 - [MESSAGE][WARNING] - [SELF-HEALING] The current locator of test object 'Object Repository/Utils/Page_CNPM Danh sch thnh vin/span__1' was broken. Propose an alternative one: '//div[@id='fitem_id_userlist']/div[2]/div[3]/span'.

2022-01-16 21:35:57 - [MESSAGE][PASSED] - Object: 'Object Repository/Utils/Page_CNPM Danh sch thnh vin/span__1' is clicked on

2022-01-16 21:35:57 - [TEST_STEP][FAILED] - click(findTestObject("Object Repository/Utils/Page_CNPM Danh sch thnh vin/span_Teacher Nguyen")): Unable to click on object 'Object Repository/Utils/Page_CNPM Danh sch thnh vin/span_Teacher Nguyen' (Root cause: com.kms.katalon.core.exception.StepFailedException: Unable to click on object 'Object Repository/Utils/Page_CNPM Danh sch thnh vin/span_Teacher Nguyen'
	at com.kms.katalon.core.webui.keyword.internal.WebUIKeywordMain.stepFailed(WebUIKeywordMain.groovy:64)
	at com.kms.katalon.core.webui.keyword.internal.WebUIKeywordMain.runKeyword(WebUIKeywordMain.groovy:26)
	at com.kms.katalon.core.webui.keyword.builtin.ClickKeyword.click(ClickKeyword.groovy:74)
	at com.kms.katalon.core.webui.keyword.builtin.ClickKeyword.execute(ClickKeyword.groovy:40)
	at com.kms.katalon.core.keyword.internal.KeywordExecutor.executeKeywordForPlatform(KeywordExecutor.groovy:74)
	at com.kms.katalon.core.webui.keyword.WebUiBuiltInKeywords.click(WebUiBuiltInKeywords.groovy:620)
	at com.kms.katalon.core.webui.keyword.WebUiBuiltInKeywords$click$1.call(Unknown Source)
	at Create course CNPM.run(Create course CNPM:48)
	at com.kms.katalon.core.main.ScriptEngine.run(ScriptEngine.java:194)
	at com.kms.katalon.core.main.ScriptEngine.runScriptAsRawText(ScriptEngine.java:119)
	at com.kms.katalon.core.main.TestCaseExecutor.runScript(TestCaseExecutor.java:442)
	at com.kms.katalon.core.main.TestCaseExecutor.doExecute(TestCaseExecutor.java:433)
	at com.kms.katalon.core.main.TestCaseExecutor.processExecutionPhase(TestCaseExecutor.java:412)
	at com.kms.katalon.core.main.TestCaseExecutor.accessMainPhase(TestCaseExecutor.java:404)
	at com.kms.katalon.core.main.TestCaseExecutor.execute(TestCaseExecutor.java:281)
	at com.kms.katalon.core.main.TestCaseMain.runTestCase(TestCaseMain.java:138)
	at com.kms.katalon.core.keyword.builtin.CallTestCaseKeyword$_callTestCase_closure1.doCall(CallTestCaseKeyword.groovy:59)
	at com.kms.katalon.core.keyword.builtin.CallTestCaseKeyword$_callTestCase_closure1.call(CallTestCaseKeyword.groovy)
	at com.kms.katalon.core.keyword.internal.KeywordMain.runKeyword(KeywordMain.groovy:74)
	at com.kms.katalon.core.keyword.builtin.CallTestCaseKeyword.callTestCase(CallTestCaseKeyword.groovy:81)
	at com.kms.katalon.core.keyword.builtin.CallTestCaseKeyword.execute(CallTestCaseKeyword.groovy:44)
	at com.kms.katalon.core.keyword.internal.KeywordExecutor.executeKeywordForPlatform(KeywordExecutor.groovy:74)
	at com.kms.katalon.core.keyword.BuiltinKeywords.callTestCase(BuiltinKeywords.groovy:334)
	at Update grade without assignment.run(Update grade without assignment:24)
	at com.kms.katalon.core.main.ScriptEngine.run(ScriptEngine.java:194)
	at com.kms.katalon.core.main.ScriptEngine.runScriptAsRawText(ScriptEngine.java:119)
	at com.kms.katalon.core.main.TestCaseExecutor.runScript(TestCaseExecutor.java:442)
	at com.kms.katalon.core.main.TestCaseExecutor.doExecute(TestCaseExecutor.java:433)
	at com.kms.katalon.core.main.TestCaseExecutor.processExecutionPhase(TestCaseExecutor.java:412)
	at com.kms.katalon.core.main.TestCaseExecutor.accessMainPhase(TestCaseExecutor.java:404)
	at com.kms.katalon.core.main.TestCaseExecutor.execute(TestCaseExecutor.java:281)
	at com.kms.katalon.core.main.TestCaseExecutor.execute(TestCaseExecutor.java:363)
	at com.kms.katalon.core.main.TestCaseExecutor.execute(TestCaseExecutor.java:363)
	at com.kms.katalon.core.main.TestCaseExecutor.execute(TestCaseExecutor.java:363)
	at com.kms.katalon.core.main.TestSuiteExecutor.accessTestCaseMainPhase(TestSuiteExecutor.java:202)
	at com.kms.katalon.core.main.TestSuiteExecutor.accessTestSuiteMainPhase(TestSuiteExecutor.java:164)
	at com.kms.katalon.core.main.TestSuiteExecutor.execute(TestSuiteExecutor.java:105)
	at com.kms.katalon.core.main.TestCaseMain.startTestSuite(TestCaseMain.java:181)
	at com.kms.katalon.core.main.TestCaseMain$startTestSuite$0.call(Unknown Source)
	at TempTestSuite1642335656208.run(TempTestSuite1642335656208.groovy:36)
Caused by: org.openqa.selenium.ElementNotInteractableException: element not interactable
  (Session info: MicrosoftEdge=97.0.1072.62)
Build info: version: '3.141.59', revision: 'e82be7d358', time: '2018-11-14T08:25:53'
System info: host: 'DESKTOP-11TAGP6', ip: '192.168.56.1', os.name: 'Windows 10', os.arch: 'amd64', os.version: '10.0', java.version: '1.8.0_282'
Driver info: com.kms.katalon.selenium.driver.CEdgeDriver
Capabilities {acceptInsecureCerts: false, browserName: msedge, browserVersion: 97.0.1072.62, javascriptEnabled: true, ms:edgeOptions: {debuggerAddress: localhost:51427}, msedge: {msedgedriverVersion: 97.0.1072.55 (ce3bf33648805..., userDataDir: C:\Users\W10\AppData\Local\...}, networkConnectionEnabled: false, pageLoadStrategy: normal, platform: WINDOWS, platformName: WINDOWS, proxy: Proxy(), setWindowRect: true, strictFileInteractability: false, timeouts: {implicit: 0, pageLoad: 300000, script: 30000}, unhandledPromptBehavior: dismiss and notify, webauthn:extension:credBlob: true, webauthn:extension:largeBlob: true, webauthn:virtualAuthenticators: true}
Session ID: 747e3c14f368006363dd45fc20925ef4
	at org.openqa.selenium.remote.http.W3CHttpResponseCodec.createException(W3CHttpResponseCodec.java:187)
	at org.openqa.selenium.remote.http.W3CHttpResponseCodec.decode(W3CHttpResponseCodec.java:122)
	at org.openqa.selenium.remote.http.W3CHttpResponseCodec.decode(W3CHttpResponseCodec.java:49)
	at org.openqa.selenium.remote.HttpCommandExecutor.execute(HttpCommandExecutor.java:158)
	at org.openqa.selenium.remote.service.DriverCommandExecutor.execute(DriverCommandExecutor.java:83)
	at org.openqa.selenium.remote.RemoteWebDriver.execute(RemoteWebDriver.java:552)
	at com.kms.katalon.selenium.driver.CEdgeDriver.execute(CEdgeDriver.java:20)
	at org.openqa.selenium.remote.RemoteWebElement.execute(RemoteWebElement.java:285)
	at org.openqa.selenium.remote.RemoteWebElement.click(RemoteWebElement.java:84)
	at org.openqa.selenium.support.events.EventFiringWebDriver$EventFiringWebElement.lambda$new$0(EventFiringWebDriver.java:404)
	at com.sun.proxy.$Proxy11.click(Unknown Source)
	at org.openqa.selenium.support.events.EventFiringWebDriver$EventFiringWebElement.click(EventFiringWebDriver.java:417)
	at org.openqa.selenium.WebElement$click.call(Unknown Source)
	at com.kms.katalon.core.webui.keyword.builtin.ClickKeyword.clickUntilSuccessWithTimeout(ClickKeyword.groovy:81)
	at com.kms.katalon.core.webui.keyword.builtin.ClickKeyword.clickUntilSuccessWithTimeout(ClickKeyword.groovy)
	at com.kms.katalon.core.webui.keyword.builtin.ClickKeyword$_click_closure1.doCall(ClickKeyword.groovy:67)
	at com.kms.katalon.core.webui.keyword.builtin.ClickKeyword$_click_closure1.call(ClickKeyword.groovy)
	at com.kms.katalon.core.webui.keyword.internal.WebUIKeywordMain.runKeyword(WebUIKeywordMain.groovy:20)
	at com.kms.katalon.core.webui.keyword.builtin.ClickKeyword.click(ClickKeyword.groovy:74)
	at com.kms.katalon.core.webui.keyword.builtin.ClickKeyword.execute(ClickKeyword.groovy:40)
	at com.kms.katalon.core.keyword.internal.KeywordExecutor.executeKeywordForPlatform(KeywordExecutor.groovy:74)
	at com.kms.katalon.core.webui.keyword.WebUiBuiltInKeywords.click(WebUiBuiltInKeywords.groovy:620)
	at com.kms.katalon.core.webui.keyword.WebUiBuiltInKeywords$click$1.call(Unknown Source)
	at Script1641906761787.run(Script1641906761787.groovy:48)
	at com.kms.katalon.core.main.ScriptEngine.run(ScriptEngine.java:194)
	at com.kms.katalon.core.main.ScriptEngine.runScriptAsRawText(ScriptEngine.java:119)
	at com.kms.katalon.core.main.TestCaseExecutor.runScript(TestCaseExecutor.java:442)
	at com.kms.katalon.core.main.TestCaseExecutor.doExecute(TestCaseExecutor.java:433)
	at com.kms.katalon.core.main.TestCaseExecutor.processExecutionPhase(TestCaseExecutor.java:412)
	at com.kms.katalon.core.main.TestCaseExecutor.accessMainPhase(TestCaseExecutor.java:404)
	at com.kms.katalon.core.main.TestCaseExecutor.execute(TestCaseExecutor.java:281)
	at com.kms.katalon.core.main.TestCaseMain.runTestCase(TestCaseMain.java:138)
	at com.kms.katalon.core.keyword.builtin.CallTestCaseKeyword$_callTestCase_closure1.doCall(CallTestCaseKeyword.groovy:59)
	at com.kms.katalon.core.keyword.builtin.CallTestCaseKeyword$_callTestCase_closure1.call(CallTestCaseKeyword.groovy)
	at com.kms.katalon.core.keyword.internal.KeywordMain.runKeyword(KeywordMain.groovy:74)
	at com.kms.katalon.core.keyword.builtin.CallTestCaseKeyword.callTestCase(CallTestCaseKeyword.groovy:81)
	at com.kms.katalon.core.keyword.builtin.CallTestCaseKeyword.execute(CallTestCaseKeyword.groovy:44)
	at com.kms.katalon.core.keyword.internal.KeywordExecutor.executeKeywordForPlatform(KeywordExecutor.groovy:74)
	at com.kms.katalon.core.keyword.BuiltinKeywords.callTestCase(BuiltinKeywords.groovy:334)
	at Script1641912734340.run(Script1641912734340.groovy:24)
	... 16 more
)

2022-01-16 21:35:59 - [MESSAGE][FAILED] - Unable to click on object 'Object Repository/Utils/Page_CNPM Danh sch thnh vin/span_Teacher Nguyen' (Root cause: com.kms.katalon.core.exception.StepFailedException: Unable to click on object 'Object Repository/Utils/Page_CNPM Danh sch thnh vin/span_Teacher Nguyen'
	at com.kms.katalon.core.webui.keyword.internal.WebUIKeywordMain.stepFailed(WebUIKeywordMain.groovy:64)
	at com.kms.katalon.core.webui.keyword.internal.WebUIKeywordMain.runKeyword(WebUIKeywordMain.groovy:26)
	at com.kms.katalon.core.webui.keyword.builtin.ClickKeyword.click(ClickKeyword.groovy:74)
	at com.kms.katalon.core.webui.keyword.builtin.ClickKeyword.execute(ClickKeyword.groovy:40)
	at com.kms.katalon.core.keyword.internal.KeywordExecutor.executeKeywordForPlatform(KeywordExecutor.groovy:74)
	at com.kms.katalon.core.webui.keyword.WebUiBuiltInKeywords.click(WebUiBuiltInKeywords.groovy:620)
	at com.kms.katalon.core.webui.keyword.WebUiBuiltInKeywords$click$1.call(Unknown Source)
	at Create course CNPM.run(Create course CNPM:48)
	at com.kms.katalon.core.main.ScriptEngine.run(ScriptEngine.java:194)
	at com.kms.katalon.core.main.ScriptEngine.runScriptAsRawText(ScriptEngine.java:119)
	at com.kms.katalon.core.main.TestCaseExecutor.runScript(TestCaseExecutor.java:442)
	at com.kms.katalon.core.main.TestCaseExecutor.doExecute(TestCaseExecutor.java:433)
	at com.kms.katalon.core.main.TestCaseExecutor.processExecutionPhase(TestCaseExecutor.java:412)
	at com.kms.katalon.core.main.TestCaseExecutor.accessMainPhase(TestCaseExecutor.java:404)
	at com.kms.katalon.core.main.TestCaseExecutor.execute(TestCaseExecutor.java:281)
	at com.kms.katalon.core.main.TestCaseMain.runTestCase(TestCaseMain.java:138)
	at com.kms.katalon.core.keyword.builtin.CallTestCaseKeyword$_callTestCase_closure1.doCall(CallTestCaseKeyword.groovy:59)
	at com.kms.katalon.core.keyword.builtin.CallTestCaseKeyword$_callTestCase_closure1.call(CallTestCaseKeyword.groovy)
	at com.kms.katalon.core.keyword.internal.KeywordMain.runKeyword(KeywordMain.groovy:74)
	at com.kms.katalon.core.keyword.builtin.CallTestCaseKeyword.callTestCase(CallTestCaseKeyword.groovy:81)
	at com.kms.katalon.core.keyword.builtin.CallTestCaseKeyword.execute(CallTestCaseKeyword.groovy:44)
	at com.kms.katalon.core.keyword.internal.KeywordExecutor.executeKeywordForPlatform(KeywordExecutor.groovy:74)
	at com.kms.katalon.core.keyword.BuiltinKeywords.callTestCase(BuiltinKeywords.groovy:334)
	at Update grade without assignment.run(Update grade without assignment:24)
	at com.kms.katalon.core.main.ScriptEngine.run(ScriptEngine.java:194)
	at com.kms.katalon.core.main.ScriptEngine.runScriptAsRawText(ScriptEngine.java:119)
	at com.kms.katalon.core.main.TestCaseExecutor.runScript(TestCaseExecutor.java:442)
	at com.kms.katalon.core.main.TestCaseExecutor.doExecute(TestCaseExecutor.java:433)
	at com.kms.katalon.core.main.TestCaseExecutor.processExecutionPhase(TestCaseExecutor.java:412)
	at com.kms.katalon.core.main.TestCaseExecutor.accessMainPhase(TestCaseExecutor.java:404)
	at com.kms.katalon.core.main.TestCaseExecutor.execute(TestCaseExecutor.java:281)
	at com.kms.katalon.core.main.TestCaseExecutor.execute(TestCaseExecutor.java:363)
	at com.kms.katalon.core.main.TestCaseExecutor.execute(TestCaseExecutor.java:363)
	at com.kms.katalon.core.main.TestCaseExecutor.execute(TestCaseExecutor.java:363)
	at com.kms.katalon.core.main.TestSuiteExecutor.accessTestCaseMainPhase(TestSuiteExecutor.java:202)
	at com.kms.katalon.core.main.TestSuiteExecutor.accessTestSuiteMainPhase(TestSuiteExecutor.java:164)
	at com.kms.katalon.core.main.TestSuiteExecutor.execute(TestSuiteExecutor.java:105)
	at com.kms.katalon.core.main.TestCaseMain.startTestSuite(TestCaseMain.java:181)
	at com.kms.katalon.core.main.TestCaseMain$startTestSuite$0.call(Unknown Source)
	at TempTestSuite1642335656208.run(TempTestSuite1642335656208.groovy:36)
Caused by: org.openqa.selenium.ElementNotInteractableException: element not interactable
  (Session info: MicrosoftEdge=97.0.1072.62)
Build info: version: '3.141.59', revision: 'e82be7d358', time: '2018-11-14T08:25:53'
System info: host: 'DESKTOP-11TAGP6', ip: '192.168.56.1', os.name: 'Windows 10', os.arch: 'amd64', os.version: '10.0', java.version: '1.8.0_282'
Driver info: com.kms.katalon.selenium.driver.CEdgeDriver
Capabilities {acceptInsecureCerts: false, browserName: msedge, browserVersion: 97.0.1072.62, javascriptEnabled: true, ms:edgeOptions: {debuggerAddress: localhost:51427}, msedge: {msedgedriverVersion: 97.0.1072.55 (ce3bf33648805..., userDataDir: C:\Users\W10\AppData\Local\...}, networkConnectionEnabled: false, pageLoadStrategy: normal, platform: WINDOWS, platformName: WINDOWS, proxy: Proxy(), setWindowRect: true, strictFileInteractability: false, timeouts: {implicit: 0, pageLoad: 300000, script: 30000}, unhandledPromptBehavior: dismiss and notify, webauthn:extension:credBlob: true, webauthn:extension:largeBlob: true, webauthn:virtualAuthenticators: true}
Session ID: 747e3c14f368006363dd45fc20925ef4
	at org.openqa.selenium.remote.http.W3CHttpResponseCodec.createException(W3CHttpResponseCodec.java:187)
	at org.openqa.selenium.remote.http.W3CHttpResponseCodec.decode(W3CHttpResponseCodec.java:122)
	at org.openqa.selenium.remote.http.W3CHttpResponseCodec.decode(W3CHttpResponseCodec.java:49)
	at org.openqa.selenium.remote.HttpCommandExecutor.execute(HttpCommandExecutor.java:158)
	at org.openqa.selenium.remote.service.DriverCommandExecutor.execute(DriverCommandExecutor.java:83)
	at org.openqa.selenium.remote.RemoteWebDriver.execute(RemoteWebDriver.java:552)
	at com.kms.katalon.selenium.driver.CEdgeDriver.execute(CEdgeDriver.java:20)
	at org.openqa.selenium.remote.RemoteWebElement.execute(RemoteWebElement.java:285)
	at org.openqa.selenium.remote.RemoteWebElement.click(RemoteWebElement.java:84)
	at org.openqa.selenium.support.events.EventFiringWebDriver$EventFiringWebElement.lambda$new$0(EventFiringWebDriver.java:404)
	at com.sun.proxy.$Proxy11.click(Unknown Source)
	at org.openqa.selenium.support.events.EventFiringWebDriver$EventFiringWebElement.click(EventFiringWebDriver.java:417)
	at org.openqa.selenium.WebElement$click.call(Unknown Source)
	at com.kms.katalon.core.webui.keyword.builtin.ClickKeyword.clickUntilSuccessWithTimeout(ClickKeyword.groovy:81)
	at com.kms.katalon.core.webui.keyword.builtin.ClickKeyword.clickUntilSuccessWithTimeout(ClickKeyword.groovy)
	at com.kms.katalon.core.webui.keyword.builtin.ClickKeyword$_click_closure1.doCall(ClickKeyword.groovy:67)
	at com.kms.katalon.core.webui.keyword.builtin.ClickKeyword$_click_closure1.call(ClickKeyword.groovy)
	at com.kms.katalon.core.webui.keyword.internal.WebUIKeywordMain.runKeyword(WebUIKeywordMain.groovy:20)
	at com.kms.katalon.core.webui.keyword.builtin.ClickKeyword.click(ClickKeyword.groovy:74)
	at com.kms.katalon.core.webui.keyword.builtin.ClickKeyword.execute(ClickKeyword.groovy:40)
	at com.kms.katalon.core.keyword.internal.KeywordExecutor.executeKeywordForPlatform(KeywordExecutor.groovy:74)
	at com.kms.katalon.core.webui.keyword.WebUiBuiltInKeywords.click(WebUiBuiltInKeywords.groovy:620)
	at com.kms.katalon.core.webui.keyword.WebUiBuiltInKeywords$click$1.call(Unknown Source)
	at Script1641906761787.run(Script1641906761787.groovy:48)
	at com.kms.katalon.core.main.ScriptEngine.run(ScriptEngine.java:194)
	at com.kms.katalon.core.main.ScriptEngine.runScriptAsRawText(ScriptEngine.java:119)
	at com.kms.katalon.core.main.TestCaseExecutor.runScript(TestCaseExecutor.java:442)
	at com.kms.katalon.core.main.TestCaseExecutor.doExecute(TestCaseExecutor.java:433)
	at com.kms.katalon.core.main.TestCaseExecutor.processExecutionPhase(TestCaseExecutor.java:412)
	at com.kms.katalon.core.main.TestCaseExecutor.accessMainPhase(TestCaseExecutor.java:404)
	at com.kms.katalon.core.main.TestCaseExecutor.execute(TestCaseExecutor.java:281)
	at com.kms.katalon.core.main.TestCaseMain.runTestCase(TestCaseMain.java:138)
	at com.kms.katalon.core.keyword.builtin.CallTestCaseKeyword$_callTestCase_closure1.doCall(CallTestCaseKeyword.groovy:59)
	at com.kms.katalon.core.keyword.builtin.CallTestCaseKeyword$_callTestCase_closure1.call(CallTestCaseKeyword.groovy)
	at com.kms.katalon.core.keyword.internal.KeywordMain.runKeyword(KeywordMain.groovy:74)
	at com.kms.katalon.core.keyword.builtin.CallTestCaseKeyword.callTestCase(CallTestCaseKeyword.groovy:81)
	at com.kms.katalon.core.keyword.builtin.CallTestCaseKeyword.execute(CallTestCaseKeyword.groovy:44)
	at com.kms.katalon.core.keyword.internal.KeywordExecutor.executeKeywordForPlatform(KeywordExecutor.groovy:74)
	at com.kms.katalon.core.keyword.BuiltinKeywords.callTestCase(BuiltinKeywords.groovy:334)
	at Script1641912734340.run(Script1641912734340.groovy:24)
	... 16 more
)
[[ATTACHMENT|C:\\xampp\\htdocs\\moodle\\Test Automation - SE Bonus\\Reports\\20220116_192056\\Run All Test Cases\\20220116_192056\\1642343759068.png]]

2022-01-16 21:35:59 - [MESSAGE][INFO] - 

2022-01-16 21:35:59 - [MESSAGE][INFO] - ===================== Self-healing Report ====================

2022-01-16 21:35:59 - [MESSAGE][INFO] - One of the failed test object locators has been recovered by Self-healing. Please refer to the Self-healing Insights tab for more details.

2022-01-16 21:35:59 - [MESSAGE][INFO] - To learn more about Self-healing, please read https://docs.katalon.com/katalon-studio/docs/self-healing.html

2022-01-16 21:35:59 - [MESSAGE][INFO] - ==============================================================

2022-01-16 21:35:59 - [MESSAGE][FAILED] - Unable to call Test Case 'Test Cases/Utils/Create course CNPM' (Root cause: com.kms.katalon.core.exception.StepFailedException: Call Test Case 'Test Cases/Utils/Create course CNPM' failed
	at com.kms.katalon.core.keyword.builtin.CallTestCaseKeyword$_callTestCase_closure1.doCall(CallTestCaseKeyword.groovy:63)
	at com.kms.katalon.core.keyword.builtin.CallTestCaseKeyword$_callTestCase_closure1.call(CallTestCaseKeyword.groovy)
	at com.kms.katalon.core.keyword.internal.KeywordMain.runKeyword(KeywordMain.groovy:74)
	at com.kms.katalon.core.keyword.builtin.CallTestCaseKeyword.callTestCase(CallTestCaseKeyword.groovy:81)
	at com.kms.katalon.core.keyword.builtin.CallTestCaseKeyword.execute(CallTestCaseKeyword.groovy:44)
	at com.kms.katalon.core.keyword.internal.KeywordExecutor.executeKeywordForPlatform(KeywordExecutor.groovy:74)
	at com.kms.katalon.core.keyword.BuiltinKeywords.callTestCase(BuiltinKeywords.groovy:334)
	at Update grade without assignment.run(Update grade without assignment:24)
	at com.kms.katalon.core.main.ScriptEngine.run(ScriptEngine.java:194)
	at com.kms.katalon.core.main.ScriptEngine.runScriptAsRawText(ScriptEngine.java:119)
	at com.kms.katalon.core.main.TestCaseExecutor.runScript(TestCaseExecutor.java:442)
	at com.kms.katalon.core.main.TestCaseExecutor.doExecute(TestCaseExecutor.java:433)
	at com.kms.katalon.core.main.TestCaseExecutor.processExecutionPhase(TestCaseExecutor.java:412)
	at com.kms.katalon.core.main.TestCaseExecutor.accessMainPhase(TestCaseExecutor.java:404)
	at com.kms.katalon.core.main.TestCaseExecutor.execute(TestCaseExecutor.java:281)
	at com.kms.katalon.core.main.TestCaseExecutor.execute(TestCaseExecutor.java:363)
	at com.kms.katalon.core.main.TestCaseExecutor.execute(TestCaseExecutor.java:363)
	at com.kms.katalon.core.main.TestCaseExecutor.execute(TestCaseExecutor.java:363)
	at com.kms.katalon.core.main.TestSuiteExecutor.accessTestCaseMainPhase(TestSuiteExecutor.java:202)
	at com.kms.katalon.core.main.TestSuiteExecutor.accessTestSuiteMainPhase(TestSuiteExecutor.java:164)
	at com.kms.katalon.core.main.TestSuiteExecutor.execute(TestSuiteExecutor.java:105)
	at com.kms.katalon.core.main.TestCaseMain.startTestSuite(TestCaseMain.java:181)
	at com.kms.katalon.core.main.TestCaseMain$startTestSuite$0.call(Unknown Source)
	at TempTestSuite1642335656208.run(TempTestSuite1642335656208.groovy:36)
Caused by: com.kms.katalon.core.exception.StepFailedException: Unable to click on object 'Object Repository/Utils/Page_CNPM Danh sch thnh vin/span_Teacher Nguyen'
	at com.kms.katalon.core.webui.keyword.internal.WebUIKeywordMain.stepFailed(WebUIKeywordMain.groovy:64)
	at com.kms.katalon.core.webui.keyword.internal.WebUIKeywordMain.runKeyword(WebUIKeywordMain.groovy:26)
	at com.kms.katalon.core.webui.keyword.builtin.ClickKeyword.click(ClickKeyword.groovy:74)
	at com.kms.katalon.core.webui.keyword.builtin.ClickKeyword.execute(ClickKeyword.groovy:40)
	at com.kms.katalon.core.keyword.internal.KeywordExecutor.executeKeywordForPlatform(KeywordExecutor.groovy:74)
	at com.kms.katalon.core.webui.keyword.WebUiBuiltInKeywords.click(WebUiBuiltInKeywords.groovy:620)
	at com.kms.katalon.core.webui.keyword.WebUiBuiltInKeywords$click$1.call(Unknown Source)
	at Create course CNPM.run(Create course CNPM:48)
	at com.kms.katalon.core.main.ScriptEngine.run(ScriptEngine.java:194)
	at com.kms.katalon.core.main.ScriptEngine.runScriptAsRawText(ScriptEngine.java:119)
	at com.kms.katalon.core.main.TestCaseExecutor.runScript(TestCaseExecutor.java:442)
	at com.kms.katalon.core.main.TestCaseExecutor.doExecute(TestCaseExecutor.java:433)
	at com.kms.katalon.core.main.TestCaseExecutor.processExecutionPhase(TestCaseExecutor.java:412)
	at com.kms.katalon.core.main.TestCaseExecutor.accessMainPhase(TestCaseExecutor.java:404)
	at com.kms.katalon.core.main.TestCaseExecutor.execute(TestCaseExecutor.java:281)
	at com.kms.katalon.core.main.TestCaseMain.runTestCase(TestCaseMain.java:138)
	at com.kms.katalon.core.keyword.builtin.CallTestCaseKeyword$_callTestCase_closure1.doCall(CallTestCaseKeyword.groovy:59)
	... 23 more
Caused by: org.openqa.selenium.ElementNotInteractableException: element not interactable
  (Session info: MicrosoftEdge=97.0.1072.62)
Build info: version: '3.141.59', revision: 'e82be7d358', time: '2018-11-14T08:25:53'
System info: host: 'DESKTOP-11TAGP6', ip: '192.168.56.1', os.name: 'Windows 10', os.arch: 'amd64', os.version: '10.0', java.version: '1.8.0_282'
Driver info: com.kms.katalon.selenium.driver.CEdgeDriver
Capabilities {acceptInsecureCerts: false, browserName: msedge, browserVersion: 97.0.1072.62, javascriptEnabled: true, ms:edgeOptions: {debuggerAddress: localhost:51427}, msedge: {msedgedriverVersion: 97.0.1072.55 (ce3bf33648805..., userDataDir: C:\Users\W10\AppData\Local\...}, networkConnectionEnabled: false, pageLoadStrategy: normal, platform: WINDOWS, platformName: WINDOWS, proxy: Proxy(), setWindowRect: true, strictFileInteractability: false, timeouts: {implicit: 0, pageLoad: 300000, script: 30000}, unhandledPromptBehavior: dismiss and notify, webauthn:extension:credBlob: true, webauthn:extension:largeBlob: true, webauthn:virtualAuthenticators: true}
Session ID: 747e3c14f368006363dd45fc20925ef4
	at org.openqa.selenium.remote.http.W3CHttpResponseCodec.createException(W3CHttpResponseCodec.java:187)
	at org.openqa.selenium.remote.http.W3CHttpResponseCodec.decode(W3CHttpResponseCodec.java:122)
	at org.openqa.selenium.remote.http.W3CHttpResponseCodec.decode(W3CHttpResponseCodec.java:49)
	at org.openqa.selenium.remote.HttpCommandExecutor.execute(HttpCommandExecutor.java:158)
	at org.openqa.selenium.remote.service.DriverCommandExecutor.execute(DriverCommandExecutor.java:83)
	at org.openqa.selenium.remote.RemoteWebDriver.execute(RemoteWebDriver.java:552)
	at com.kms.katalon.selenium.driver.CEdgeDriver.execute(CEdgeDriver.java:20)
	at org.openqa.selenium.remote.RemoteWebElement.execute(RemoteWebElement.java:285)
	at org.openqa.selenium.remote.RemoteWebElement.click(RemoteWebElement.java:84)
	at org.openqa.selenium.support.events.EventFiringWebDriver$EventFiringWebElement.lambda$new$0(EventFiringWebDriver.java:404)
	at com.sun.proxy.$Proxy11.click(Unknown Source)
	at org.openqa.selenium.support.events.EventFiringWebDriver$EventFiringWebElement.click(EventFiringWebDriver.java:417)
	at org.openqa.selenium.WebElement$click.call(Unknown Source)
	at com.kms.katalon.core.webui.keyword.builtin.ClickKeyword.clickUntilSuccessWithTimeout(ClickKeyword.groovy:81)
	at com.kms.katalon.core.webui.keyword.builtin.ClickKeyword.clickUntilSuccessWithTimeout(ClickKeyword.groovy)
	at com.kms.katalon.core.webui.keyword.builtin.ClickKeyword$_click_closure1.doCall(ClickKeyword.groovy:67)
	at com.kms.katalon.core.webui.keyword.builtin.ClickKeyword$_click_closure1.call(ClickKeyword.groovy)
	at com.kms.katalon.core.webui.keyword.internal.WebUIKeywordMain.runKeyword(WebUIKeywordMain.groovy:20)
	... 38 more
)]]></system-out>
         <system-err><![CDATA[2022-01-16 21:34:35 - [TEST_CASE][FAILED] - Test Cases/View course grade/Update grade without assignment: Test Cases/View course grade/Update grade without assignment FAILED.
Reason:
com.kms.katalon.core.exception.StepFailedException: Call Test Case 'Test Cases/Utils/Create course CNPM' failed
	at com.kms.katalon.core.keyword.builtin.CallTestCaseKeyword$_callTestCase_closure1.doCall(CallTestCaseKeyword.groovy:63)
	at com.kms.katalon.core.keyword.builtin.CallTestCaseKeyword$_callTestCase_closure1.call(CallTestCaseKeyword.groovy)
	at com.kms.katalon.core.keyword.internal.KeywordMain.runKeyword(KeywordMain.groovy:74)
	at com.kms.katalon.core.keyword.builtin.CallTestCaseKeyword.callTestCase(CallTestCaseKeyword.groovy:81)
	at com.kms.katalon.core.keyword.builtin.CallTestCaseKeyword.execute(CallTestCaseKeyword.groovy:44)
	at com.kms.katalon.core.keyword.internal.KeywordExecutor.executeKeywordForPlatform(KeywordExecutor.groovy:74)
	at com.kms.katalon.core.keyword.BuiltinKeywords.callTestCase(BuiltinKeywords.groovy:334)
	at Update grade without assignment.run(Update grade without assignment:24)
	at com.kms.katalon.core.main.ScriptEngine.run(ScriptEngine.java:194)
	at com.kms.katalon.core.main.ScriptEngine.runScriptAsRawText(ScriptEngine.java:119)
	at com.kms.katalon.core.main.TestCaseExecutor.runScript(TestCaseExecutor.java:442)
	at com.kms.katalon.core.main.TestCaseExecutor.doExecute(TestCaseExecutor.java:433)
	at com.kms.katalon.core.main.TestCaseExecutor.processExecutionPhase(TestCaseExecutor.java:412)
	at com.kms.katalon.core.main.TestCaseExecutor.accessMainPhase(TestCaseExecutor.java:404)
	at com.kms.katalon.core.main.TestCaseExecutor.execute(TestCaseExecutor.java:281)
	at com.kms.katalon.core.main.TestCaseExecutor.execute(TestCaseExecutor.java:363)
	at com.kms.katalon.core.main.TestCaseExecutor.execute(TestCaseExecutor.java:363)
	at com.kms.katalon.core.main.TestCaseExecutor.execute(TestCaseExecutor.java:363)
	at com.kms.katalon.core.main.TestSuiteExecutor.accessTestCaseMainPhase(TestSuiteExecutor.java:202)
	at com.kms.katalon.core.main.TestSuiteExecutor.accessTestSuiteMainPhase(TestSuiteExecutor.java:164)
	at com.kms.katalon.core.main.TestSuiteExecutor.execute(TestSuiteExecutor.java:105)
	at com.kms.katalon.core.main.TestCaseMain.startTestSuite(TestCaseMain.java:181)
	at com.kms.katalon.core.main.TestCaseMain$startTestSuite$0.call(Unknown Source)
	at TempTestSuite1642335656208.run(TempTestSuite1642335656208.groovy:36)
Caused by: com.kms.katalon.core.exception.StepFailedException: Unable to click on object 'Object Repository/Utils/Page_CNPM Danh sch thnh vin/span_Teacher Nguyen'
	at com.kms.katalon.core.webui.keyword.internal.WebUIKeywordMain.stepFailed(WebUIKeywordMain.groovy:64)
	at com.kms.katalon.core.webui.keyword.internal.WebUIKeywordMain.runKeyword(WebUIKeywordMain.groovy:26)
	at com.kms.katalon.core.webui.keyword.builtin.ClickKeyword.click(ClickKeyword.groovy:74)
	at com.kms.katalon.core.webui.keyword.builtin.ClickKeyword.execute(ClickKeyword.groovy:40)
	at com.kms.katalon.core.keyword.internal.KeywordExecutor.executeKeywordForPlatform(KeywordExecutor.groovy:74)
	at com.kms.katalon.core.webui.keyword.WebUiBuiltInKeywords.click(WebUiBuiltInKeywords.groovy:620)
	at com.kms.katalon.core.webui.keyword.WebUiBuiltInKeywords$click$1.call(Unknown Source)
	at Create course CNPM.run(Create course CNPM:48)
	at com.kms.katalon.core.main.ScriptEngine.run(ScriptEngine.java:194)
	at com.kms.katalon.core.main.ScriptEngine.runScriptAsRawText(ScriptEngine.java:119)
	at com.kms.katalon.core.main.TestCaseExecutor.runScript(TestCaseExecutor.java:442)
	at com.kms.katalon.core.main.TestCaseExecutor.doExecute(TestCaseExecutor.java:433)
	at com.kms.katalon.core.main.TestCaseExecutor.processExecutionPhase(TestCaseExecutor.java:412)
	at com.kms.katalon.core.main.TestCaseExecutor.accessMainPhase(TestCaseExecutor.java:404)
	at com.kms.katalon.core.main.TestCaseExecutor.execute(TestCaseExecutor.java:281)
	at com.kms.katalon.core.main.TestCaseMain.runTestCase(TestCaseMain.java:138)
	at com.kms.katalon.core.keyword.builtin.CallTestCaseKeyword$_callTestCase_closure1.doCall(CallTestCaseKeyword.groovy:59)
	... 23 more
Caused by: org.openqa.selenium.ElementNotInteractableException: element not interactable
  (Session info: MicrosoftEdge=97.0.1072.62)
Build info: version: '3.141.59', revision: 'e82be7d358', time: '2018-11-14T08:25:53'
System info: host: 'DESKTOP-11TAGP6', ip: '192.168.56.1', os.name: 'Windows 10', os.arch: 'amd64', os.version: '10.0', java.version: '1.8.0_282'
Driver info: com.kms.katalon.selenium.driver.CEdgeDriver
Capabilities {acceptInsecureCerts: false, browserName: msedge, browserVersion: 97.0.1072.62, javascriptEnabled: true, ms:edgeOptions: {debuggerAddress: localhost:51427}, msedge: {msedgedriverVersion: 97.0.1072.55 (ce3bf33648805..., userDataDir: C:\Users\W10\AppData\Local\...}, networkConnectionEnabled: false, pageLoadStrategy: normal, platform: WINDOWS, platformName: WINDOWS, proxy: Proxy(), setWindowRect: true, strictFileInteractability: false, timeouts: {implicit: 0, pageLoad: 300000, script: 30000}, unhandledPromptBehavior: dismiss and notify, webauthn:extension:credBlob: true, webauthn:extension:largeBlob: true, webauthn:virtualAuthenticators: true}
Session ID: 747e3c14f368006363dd45fc20925ef4
	at org.openqa.selenium.remote.http.W3CHttpResponseCodec.createException(W3CHttpResponseCodec.java:187)
	at org.openqa.selenium.remote.http.W3CHttpResponseCodec.decode(W3CHttpResponseCodec.java:122)
	at org.openqa.selenium.remote.http.W3CHttpResponseCodec.decode(W3CHttpResponseCodec.java:49)
	at org.openqa.selenium.remote.HttpCommandExecutor.execute(HttpCommandExecutor.java:158)
	at org.openqa.selenium.remote.service.DriverCommandExecutor.execute(DriverCommandExecutor.java:83)
	at org.openqa.selenium.remote.RemoteWebDriver.execute(RemoteWebDriver.java:552)
	at com.kms.katalon.selenium.driver.CEdgeDriver.execute(CEdgeDriver.java:20)
	at org.openqa.selenium.remote.RemoteWebElement.execute(RemoteWebElement.java:285)
	at org.openqa.selenium.remote.RemoteWebElement.click(RemoteWebElement.java:84)
	at org.openqa.selenium.support.events.EventFiringWebDriver$EventFiringWebElement.lambda$new$0(EventFiringWebDriver.java:404)
	at com.sun.proxy.$Proxy11.click(Unknown Source)
	at org.openqa.selenium.support.events.EventFiringWebDriver$EventFiringWebElement.click(EventFiringWebDriver.java:417)
	at org.openqa.selenium.WebElement$click.call(Unknown Source)
	at com.kms.katalon.core.webui.keyword.builtin.ClickKeyword.clickUntilSuccessWithTimeout(ClickKeyword.groovy:81)
	at com.kms.katalon.core.webui.keyword.builtin.ClickKeyword.clickUntilSuccessWithTimeout(ClickKeyword.groovy)
	at com.kms.katalon.core.webui.keyword.builtin.ClickKeyword$_click_closure1.doCall(ClickKeyword.groovy:67)
	at com.kms.katalon.core.webui.keyword.builtin.ClickKeyword$_click_closure1.call(ClickKeyword.groovy)
	at com.kms.katalon.core.webui.keyword.internal.WebUIKeywordMain.runKeyword(WebUIKeywordMain.groovy:20)
	... 38 more]]></system-err>
      </testcase>
      <testcase name="Test Cases/View course grade/View grader report site" time="81.981" classname="Test Cases/View course grade/View grader report site" status="FAILED">
         <failure type="FAILED" message="Test Cases/View course grade/View grader report site FAILED.
Reason:
com.kms.katalon.core.exception.StepFailedException: Call Test Case 'Test Cases/Utils/Create course CNPM' failed
	at com.kms.katalon.core.keyword.builtin.CallTestCaseKeyword$_callTestCase_closure1.doCall(CallTestCaseKeyword.groovy:63)
	at com.kms.katalon.core.keyword.builtin.CallTestCaseKeyword$_callTestCase_closure1.call(CallTestCaseKeyword.groovy)
	at com.kms.katalon.core.keyword.internal.KeywordMain.runKeyword(KeywordMain.groovy:74)
	at com.kms.katalon.core.keyword.builtin.CallTestCaseKeyword.callTestCase(CallTestCaseKeyword.groovy:81)
	at com.kms.katalon.core.keyword.builtin.CallTestCaseKeyword.execute(CallTestCaseKeyword.groovy:44)
	at com.kms.katalon.core.keyword.internal.KeywordExecutor.executeKeywordForPlatform(KeywordExecutor.groovy:74)
	at com.kms.katalon.core.keyword.BuiltinKeywords.callTestCase(BuiltinKeywords.groovy:334)
	at View grader report site.run(View grader report site:24)
	at com.kms.katalon.core.main.ScriptEngine.run(ScriptEngine.java:194)
	at com.kms.katalon.core.main.ScriptEngine.runScriptAsRawText(ScriptEngine.java:119)
	at com.kms.katalon.core.main.TestCaseExecutor.runScript(TestCaseExecutor.java:442)
	at com.kms.katalon.core.main.TestCaseExecutor.doExecute(TestCaseExecutor.java:433)
	at com.kms.katalon.core.main.TestCaseExecutor.processExecutionPhase(TestCaseExecutor.java:412)
	at com.kms.katalon.core.main.TestCaseExecutor.accessMainPhase(TestCaseExecutor.java:404)
	at com.kms.katalon.core.main.TestCaseExecutor.execute(TestCaseExecutor.java:281)
	at com.kms.katalon.core.main.TestCaseExecutor.execute(TestCaseExecutor.java:363)
	at com.kms.katalon.core.main.TestCaseExecutor.execute(TestCaseExecutor.java:363)
	at com.kms.katalon.core.main.TestCaseExecutor.execute(TestCaseExecutor.java:363)
	at com.kms.katalon.core.main.TestSuiteExecutor.accessTestCaseMainPhase(TestSuiteExecutor.java:202)
	at com.kms.katalon.core.main.TestSuiteExecutor.accessTestSuiteMainPhase(TestSuiteExecutor.java:164)
	at com.kms.katalon.core.main.TestSuiteExecutor.execute(TestSuiteExecutor.java:105)
	at com.kms.katalon.core.main.TestCaseMain.startTestSuite(TestCaseMain.java:181)
	at com.kms.katalon.core.main.TestCaseMain$startTestSuite$0.call(Unknown Source)
	at TempTestSuite1642335656208.run(TempTestSuite1642335656208.groovy:36)
Caused by: com.kms.katalon.core.exception.StepFailedException: Unable to click on object 'Object Repository/Utils/Page_CNPM Danh sch thnh vin/span_Teacher Nguyen'
	at com.kms.katalon.core.webui.keyword.internal.WebUIKeywordMain.stepFailed(WebUIKeywordMain.groovy:64)
	at com.kms.katalon.core.webui.keyword.internal.WebUIKeywordMain.runKeyword(WebUIKeywordMain.groovy:26)
	at com.kms.katalon.core.webui.keyword.builtin.ClickKeyword.click(ClickKeyword.groovy:74)
	at com.kms.katalon.core.webui.keyword.builtin.ClickKeyword.execute(ClickKeyword.groovy:40)
	at com.kms.katalon.core.keyword.internal.KeywordExecutor.executeKeywordForPlatform(KeywordExecutor.groovy:74)
	at com.kms.katalon.core.webui.keyword.WebUiBuiltInKeywords.click(WebUiBuiltInKeywords.groovy:620)
	at com.kms.katalon.core.webui.keyword.WebUiBuiltInKeywords$click$1.call(Unknown Source)
	at Create course CNPM.run(Create course CNPM:48)
	at com.kms.katalon.core.main.ScriptEngine.run(ScriptEngine.java:194)
	at com.kms.katalon.core.main.ScriptEngine.runScriptAsRawText(ScriptEngine.java:119)
	at com.kms.katalon.core.main.TestCaseExecutor.runScript(TestCaseExecutor.java:442)
	at com.kms.katalon.core.main.TestCaseExecutor.doExecute(TestCaseExecutor.java:433)
	at com.kms.katalon.core.main.TestCaseExecutor.processExecutionPhase(TestCaseExecutor.java:412)
	at com.kms.katalon.core.main.TestCaseExecutor.accessMainPhase(TestCaseExecutor.java:404)
	at com.kms.katalon.core.main.TestCaseExecutor.execute(TestCaseExecutor.java:281)
	at com.kms.katalon.core.main.TestCaseMain.runTestCase(TestCaseMain.java:138)
	at com.kms.katalon.core.keyword.builtin.CallTestCaseKeyword$_callTestCase_closure1.doCall(CallTestCaseKeyword.groovy:59)
	... 23 more
Caused by: org.openqa.selenium.ElementNotInteractableException: element not interactable
  (Session info: MicrosoftEdge=97.0.1072.62)
Build info: version: '3.141.59', revision: 'e82be7d358', time: '2018-11-14T08:25:53'
System info: host: 'DESKTOP-11TAGP6', ip: '192.168.56.1', os.name: 'Windows 10', os.arch: 'amd64', os.version: '10.0', java.version: '1.8.0_282'
Driver info: com.kms.katalon.selenium.driver.CEdgeDriver
Capabilities {acceptInsecureCerts: false, browserName: msedge, browserVersion: 97.0.1072.62, javascriptEnabled: true, ms:edgeOptions: {debuggerAddress: localhost:52141}, msedge: {msedgedriverVersion: 97.0.1072.55 (ce3bf33648805..., userDataDir: C:\Users\W10\AppData\Local\...}, networkConnectionEnabled: false, pageLoadStrategy: normal, platform: WINDOWS, platformName: WINDOWS, proxy: Proxy(), setWindowRect: true, strictFileInteractability: false, timeouts: {implicit: 0, pageLoad: 300000, script: 30000}, unhandledPromptBehavior: dismiss and notify, webauthn:extension:credBlob: true, webauthn:extension:largeBlob: true, webauthn:virtualAuthenticators: true}
Session ID: c9c3ea26ea013a8cf2078e6287eab457
	at org.openqa.selenium.remote.http.W3CHttpResponseCodec.createException(W3CHttpResponseCodec.java:187)
	at org.openqa.selenium.remote.http.W3CHttpResponseCodec.decode(W3CHttpResponseCodec.java:122)
	at org.openqa.selenium.remote.http.W3CHttpResponseCodec.decode(W3CHttpResponseCodec.java:49)
	at org.openqa.selenium.remote.HttpCommandExecutor.execute(HttpCommandExecutor.java:158)
	at org.openqa.selenium.remote.service.DriverCommandExecutor.execute(DriverCommandExecutor.java:83)
	at org.openqa.selenium.remote.RemoteWebDriver.execute(RemoteWebDriver.java:552)
	at com.kms.katalon.selenium.driver.CEdgeDriver.execute(CEdgeDriver.java:20)
	at org.openqa.selenium.remote.RemoteWebElement.execute(RemoteWebElement.java:285)
	at org.openqa.selenium.remote.RemoteWebElement.click(RemoteWebElement.java:84)
	at org.openqa.selenium.support.events.EventFiringWebDriver$EventFiringWebElement.lambda$new$0(EventFiringWebDriver.java:404)
	at com.sun.proxy.$Proxy11.click(Unknown Source)
	at org.openqa.selenium.support.events.EventFiringWebDriver$EventFiringWebElement.click(EventFiringWebDriver.java:417)
	at org.openqa.selenium.WebElement$click.call(Unknown Source)
	at com.kms.katalon.core.webui.keyword.builtin.ClickKeyword.clickUntilSuccessWithTimeout(ClickKeyword.groovy:81)
	at com.kms.katalon.core.webui.keyword.builtin.ClickKeyword.clickUntilSuccessWithTimeout(ClickKeyword.groovy)
	at com.kms.katalon.core.webui.keyword.builtin.ClickKeyword$_click_closure1.doCall(ClickKeyword.groovy:67)
	at com.kms.katalon.core.webui.keyword.builtin.ClickKeyword$_click_closure1.call(ClickKeyword.groovy)
	at com.kms.katalon.core.webui.keyword.internal.WebUIKeywordMain.runKeyword(WebUIKeywordMain.groovy:20)
	... 38 more
"/>
         <system-out><![CDATA[2022-01-16 21:38:52 - [TEST_CASE][FAILED] - Test Cases/View course grade/View grader report site: Test Cases/View course grade/View grader report site FAILED.
Reason:
com.kms.katalon.core.exception.StepFailedException: Call Test Case 'Test Cases/Utils/Create course CNPM' failed
	at com.kms.katalon.core.keyword.builtin.CallTestCaseKeyword$_callTestCase_closure1.doCall(CallTestCaseKeyword.groovy:63)
	at com.kms.katalon.core.keyword.builtin.CallTestCaseKeyword$_callTestCase_closure1.call(CallTestCaseKeyword.groovy)
	at com.kms.katalon.core.keyword.internal.KeywordMain.runKeyword(KeywordMain.groovy:74)
	at com.kms.katalon.core.keyword.builtin.CallTestCaseKeyword.callTestCase(CallTestCaseKeyword.groovy:81)
	at com.kms.katalon.core.keyword.builtin.CallTestCaseKeyword.execute(CallTestCaseKeyword.groovy:44)
	at com.kms.katalon.core.keyword.internal.KeywordExecutor.executeKeywordForPlatform(KeywordExecutor.groovy:74)
	at com.kms.katalon.core.keyword.BuiltinKeywords.callTestCase(BuiltinKeywords.groovy:334)
	at View grader report site.run(View grader report site:24)
	at com.kms.katalon.core.main.ScriptEngine.run(ScriptEngine.java:194)
	at com.kms.katalon.core.main.ScriptEngine.runScriptAsRawText(ScriptEngine.java:119)
	at com.kms.katalon.core.main.TestCaseExecutor.runScript(TestCaseExecutor.java:442)
	at com.kms.katalon.core.main.TestCaseExecutor.doExecute(TestCaseExecutor.java:433)
	at com.kms.katalon.core.main.TestCaseExecutor.processExecutionPhase(TestCaseExecutor.java:412)
	at com.kms.katalon.core.main.TestCaseExecutor.accessMainPhase(TestCaseExecutor.java:404)
	at com.kms.katalon.core.main.TestCaseExecutor.execute(TestCaseExecutor.java:281)
	at com.kms.katalon.core.main.TestCaseExecutor.execute(TestCaseExecutor.java:363)
	at com.kms.katalon.core.main.TestCaseExecutor.execute(TestCaseExecutor.java:363)
	at com.kms.katalon.core.main.TestCaseExecutor.execute(TestCaseExecutor.java:363)
	at com.kms.katalon.core.main.TestSuiteExecutor.accessTestCaseMainPhase(TestSuiteExecutor.java:202)
	at com.kms.katalon.core.main.TestSuiteExecutor.accessTestSuiteMainPhase(TestSuiteExecutor.java:164)
	at com.kms.katalon.core.main.TestSuiteExecutor.execute(TestSuiteExecutor.java:105)
	at com.kms.katalon.core.main.TestCaseMain.startTestSuite(TestCaseMain.java:181)
	at com.kms.katalon.core.main.TestCaseMain$startTestSuite$0.call(Unknown Source)
	at TempTestSuite1642335656208.run(TempTestSuite1642335656208.groovy:36)
Caused by: com.kms.katalon.core.exception.StepFailedException: Unable to click on object 'Object Repository/Utils/Page_CNPM Danh sch thnh vin/span_Teacher Nguyen'
	at com.kms.katalon.core.webui.keyword.internal.WebUIKeywordMain.stepFailed(WebUIKeywordMain.groovy:64)
	at com.kms.katalon.core.webui.keyword.internal.WebUIKeywordMain.runKeyword(WebUIKeywordMain.groovy:26)
	at com.kms.katalon.core.webui.keyword.builtin.ClickKeyword.click(ClickKeyword.groovy:74)
	at com.kms.katalon.core.webui.keyword.builtin.ClickKeyword.execute(ClickKeyword.groovy:40)
	at com.kms.katalon.core.keyword.internal.KeywordExecutor.executeKeywordForPlatform(KeywordExecutor.groovy:74)
	at com.kms.katalon.core.webui.keyword.WebUiBuiltInKeywords.click(WebUiBuiltInKeywords.groovy:620)
	at com.kms.katalon.core.webui.keyword.WebUiBuiltInKeywords$click$1.call(Unknown Source)
	at Create course CNPM.run(Create course CNPM:48)
	at com.kms.katalon.core.main.ScriptEngine.run(ScriptEngine.java:194)
	at com.kms.katalon.core.main.ScriptEngine.runScriptAsRawText(ScriptEngine.java:119)
	at com.kms.katalon.core.main.TestCaseExecutor.runScript(TestCaseExecutor.java:442)
	at com.kms.katalon.core.main.TestCaseExecutor.doExecute(TestCaseExecutor.java:433)
	at com.kms.katalon.core.main.TestCaseExecutor.processExecutionPhase(TestCaseExecutor.java:412)
	at com.kms.katalon.core.main.TestCaseExecutor.accessMainPhase(TestCaseExecutor.java:404)
	at com.kms.katalon.core.main.TestCaseExecutor.execute(TestCaseExecutor.java:281)
	at com.kms.katalon.core.main.TestCaseMain.runTestCase(TestCaseMain.java:138)
	at com.kms.katalon.core.keyword.builtin.CallTestCaseKeyword$_callTestCase_closure1.doCall(CallTestCaseKeyword.groovy:59)
	... 23 more
Caused by: org.openqa.selenium.ElementNotInteractableException: element not interactable
  (Session info: MicrosoftEdge=97.0.1072.62)
Build info: version: '3.141.59', revision: 'e82be7d358', time: '2018-11-14T08:25:53'
System info: host: 'DESKTOP-11TAGP6', ip: '192.168.56.1', os.name: 'Windows 10', os.arch: 'amd64', os.version: '10.0', java.version: '1.8.0_282'
Driver info: com.kms.katalon.selenium.driver.CEdgeDriver
Capabilities {acceptInsecureCerts: false, browserName: msedge, browserVersion: 97.0.1072.62, javascriptEnabled: true, ms:edgeOptions: {debuggerAddress: localhost:52141}, msedge: {msedgedriverVersion: 97.0.1072.55 (ce3bf33648805..., userDataDir: C:\Users\W10\AppData\Local\...}, networkConnectionEnabled: false, pageLoadStrategy: normal, platform: WINDOWS, platformName: WINDOWS, proxy: Proxy(), setWindowRect: true, strictFileInteractability: false, timeouts: {implicit: 0, pageLoad: 300000, script: 30000}, unhandledPromptBehavior: dismiss and notify, webauthn:extension:credBlob: true, webauthn:extension:largeBlob: true, webauthn:virtualAuthenticators: true}
Session ID: c9c3ea26ea013a8cf2078e6287eab457
	at org.openqa.selenium.remote.http.W3CHttpResponseCodec.createException(W3CHttpResponseCodec.java:187)
	at org.openqa.selenium.remote.http.W3CHttpResponseCodec.decode(W3CHttpResponseCodec.java:122)
	at org.openqa.selenium.remote.http.W3CHttpResponseCodec.decode(W3CHttpResponseCodec.java:49)
	at org.openqa.selenium.remote.HttpCommandExecutor.execute(HttpCommandExecutor.java:158)
	at org.openqa.selenium.remote.service.DriverCommandExecutor.execute(DriverCommandExecutor.java:83)
	at org.openqa.selenium.remote.RemoteWebDriver.execute(RemoteWebDriver.java:552)
	at com.kms.katalon.selenium.driver.CEdgeDriver.execute(CEdgeDriver.java:20)
	at org.openqa.selenium.remote.RemoteWebElement.execute(RemoteWebElement.java:285)
	at org.openqa.selenium.remote.RemoteWebElement.click(RemoteWebElement.java:84)
	at org.openqa.selenium.support.events.EventFiringWebDriver$EventFiringWebElement.lambda$new$0(EventFiringWebDriver.java:404)
	at com.sun.proxy.$Proxy11.click(Unknown Source)
	at org.openqa.selenium.support.events.EventFiringWebDriver$EventFiringWebElement.click(EventFiringWebDriver.java:417)
	at org.openqa.selenium.WebElement$click.call(Unknown Source)
	at com.kms.katalon.core.webui.keyword.builtin.ClickKeyword.clickUntilSuccessWithTimeout(ClickKeyword.groovy:81)
	at com.kms.katalon.core.webui.keyword.builtin.ClickKeyword.clickUntilSuccessWithTimeout(ClickKeyword.groovy)
	at com.kms.katalon.core.webui.keyword.builtin.ClickKeyword$_click_closure1.doCall(ClickKeyword.groovy:67)
	at com.kms.katalon.core.webui.keyword.builtin.ClickKeyword$_click_closure1.call(ClickKeyword.groovy)
	at com.kms.katalon.core.webui.keyword.internal.WebUIKeywordMain.runKeyword(WebUIKeywordMain.groovy:20)
	... 38 more


2022-01-16 21:38:52 - [TEST_STEP][PASSED] - openBrowser(""): Browser is opened with url: ''

2022-01-16 21:38:52 - [MESSAGE][WARNING] - A browser is already opened. Closing browser and opening a new one

2022-01-16 21:38:54 - [MESSAGE][INFO] - Starting 'Edge Chromium' driver

2022-01-16 21:38:56 - [MESSAGE][INFO] - Action delay is set to 0 milliseconds

2022-01-16 21:38:58 - [MESSAGE][PASSED] - Browser is opened with url: ''

2022-01-16 21:38:58 - [TEST_STEP][PASSED] - navigateToUrl("http://localhost/"): Navigate to 'http://localhost/' successfully

2022-01-16 21:39:00 - [MESSAGE][PASSED] - Navigate to 'http://localhost/' successfully

2022-01-16 21:39:00 - [TEST_STEP][FAILED] - callTestCase(findTestCase("Utils/Create course CNPM"), [:], STOP_ON_FAILURE): Unable to call Test Case 'Test Cases/Utils/Create course CNPM' (Root cause: com.kms.katalon.core.exception.StepFailedException: Call Test Case 'Test Cases/Utils/Create course CNPM' failed
	at com.kms.katalon.core.keyword.builtin.CallTestCaseKeyword$_callTestCase_closure1.doCall(CallTestCaseKeyword.groovy:63)
	at com.kms.katalon.core.keyword.builtin.CallTestCaseKeyword$_callTestCase_closure1.call(CallTestCaseKeyword.groovy)
	at com.kms.katalon.core.keyword.internal.KeywordMain.runKeyword(KeywordMain.groovy:74)
	at com.kms.katalon.core.keyword.builtin.CallTestCaseKeyword.callTestCase(CallTestCaseKeyword.groovy:81)
	at com.kms.katalon.core.keyword.builtin.CallTestCaseKeyword.execute(CallTestCaseKeyword.groovy:44)
	at com.kms.katalon.core.keyword.internal.KeywordExecutor.executeKeywordForPlatform(KeywordExecutor.groovy:74)
	at com.kms.katalon.core.keyword.BuiltinKeywords.callTestCase(BuiltinKeywords.groovy:334)
	at View grader report site.run(View grader report site:24)
	at com.kms.katalon.core.main.ScriptEngine.run(ScriptEngine.java:194)
	at com.kms.katalon.core.main.ScriptEngine.runScriptAsRawText(ScriptEngine.java:119)
	at com.kms.katalon.core.main.TestCaseExecutor.runScript(TestCaseExecutor.java:442)
	at com.kms.katalon.core.main.TestCaseExecutor.doExecute(TestCaseExecutor.java:433)
	at com.kms.katalon.core.main.TestCaseExecutor.processExecutionPhase(TestCaseExecutor.java:412)
	at com.kms.katalon.core.main.TestCaseExecutor.accessMainPhase(TestCaseExecutor.java:404)
	at com.kms.katalon.core.main.TestCaseExecutor.execute(TestCaseExecutor.java:281)
	at com.kms.katalon.core.main.TestCaseExecutor.execute(TestCaseExecutor.java:363)
	at com.kms.katalon.core.main.TestCaseExecutor.execute(TestCaseExecutor.java:363)
	at com.kms.katalon.core.main.TestCaseExecutor.execute(TestCaseExecutor.java:363)
	at com.kms.katalon.core.main.TestSuiteExecutor.accessTestCaseMainPhase(TestSuiteExecutor.java:202)
	at com.kms.katalon.core.main.TestSuiteExecutor.accessTestSuiteMainPhase(TestSuiteExecutor.java:164)
	at com.kms.katalon.core.main.TestSuiteExecutor.execute(TestSuiteExecutor.java:105)
	at com.kms.katalon.core.main.TestCaseMain.startTestSuite(TestCaseMain.java:181)
	at com.kms.katalon.core.main.TestCaseMain$startTestSuite$0.call(Unknown Source)
	at TempTestSuite1642335656208.run(TempTestSuite1642335656208.groovy:36)
Caused by: com.kms.katalon.core.exception.StepFailedException: Unable to click on object 'Object Repository/Utils/Page_CNPM Danh sch thnh vin/span_Teacher Nguyen'
	at com.kms.katalon.core.webui.keyword.internal.WebUIKeywordMain.stepFailed(WebUIKeywordMain.groovy:64)
	at com.kms.katalon.core.webui.keyword.internal.WebUIKeywordMain.runKeyword(WebUIKeywordMain.groovy:26)
	at com.kms.katalon.core.webui.keyword.builtin.ClickKeyword.click(ClickKeyword.groovy:74)
	at com.kms.katalon.core.webui.keyword.builtin.ClickKeyword.execute(ClickKeyword.groovy:40)
	at com.kms.katalon.core.keyword.internal.KeywordExecutor.executeKeywordForPlatform(KeywordExecutor.groovy:74)
	at com.kms.katalon.core.webui.keyword.WebUiBuiltInKeywords.click(WebUiBuiltInKeywords.groovy:620)
	at com.kms.katalon.core.webui.keyword.WebUiBuiltInKeywords$click$1.call(Unknown Source)
	at Create course CNPM.run(Create course CNPM:48)
	at com.kms.katalon.core.main.ScriptEngine.run(ScriptEngine.java:194)
	at com.kms.katalon.core.main.ScriptEngine.runScriptAsRawText(ScriptEngine.java:119)
	at com.kms.katalon.core.main.TestCaseExecutor.runScript(TestCaseExecutor.java:442)
	at com.kms.katalon.core.main.TestCaseExecutor.doExecute(TestCaseExecutor.java:433)
	at com.kms.katalon.core.main.TestCaseExecutor.processExecutionPhase(TestCaseExecutor.java:412)
	at com.kms.katalon.core.main.TestCaseExecutor.accessMainPhase(TestCaseExecutor.java:404)
	at com.kms.katalon.core.main.TestCaseExecutor.execute(TestCaseExecutor.java:281)
	at com.kms.katalon.core.main.TestCaseMain.runTestCase(TestCaseMain.java:138)
	at com.kms.katalon.core.keyword.builtin.CallTestCaseKeyword$_callTestCase_closure1.doCall(CallTestCaseKeyword.groovy:59)
	... 23 more
Caused by: org.openqa.selenium.ElementNotInteractableException: element not interactable
  (Session info: MicrosoftEdge=97.0.1072.62)
Build info: version: '3.141.59', revision: 'e82be7d358', time: '2018-11-14T08:25:53'
System info: host: 'DESKTOP-11TAGP6', ip: '192.168.56.1', os.name: 'Windows 10', os.arch: 'amd64', os.version: '10.0', java.version: '1.8.0_282'
Driver info: com.kms.katalon.selenium.driver.CEdgeDriver
Capabilities {acceptInsecureCerts: false, browserName: msedge, browserVersion: 97.0.1072.62, javascriptEnabled: true, ms:edgeOptions: {debuggerAddress: localhost:52141}, msedge: {msedgedriverVersion: 97.0.1072.55 (ce3bf33648805..., userDataDir: C:\Users\W10\AppData\Local\...}, networkConnectionEnabled: false, pageLoadStrategy: normal, platform: WINDOWS, platformName: WINDOWS, proxy: Proxy(), setWindowRect: true, strictFileInteractability: false, timeouts: {implicit: 0, pageLoad: 300000, script: 30000}, unhandledPromptBehavior: dismiss and notify, webauthn:extension:credBlob: true, webauthn:extension:largeBlob: true, webauthn:virtualAuthenticators: true}
Session ID: c9c3ea26ea013a8cf2078e6287eab457
	at org.openqa.selenium.remote.http.W3CHttpResponseCodec.createException(W3CHttpResponseCodec.java:187)
	at org.openqa.selenium.remote.http.W3CHttpResponseCodec.decode(W3CHttpResponseCodec.java:122)
	at org.openqa.selenium.remote.http.W3CHttpResponseCodec.decode(W3CHttpResponseCodec.java:49)
	at org.openqa.selenium.remote.HttpCommandExecutor.execute(HttpCommandExecutor.java:158)
	at org.openqa.selenium.remote.service.DriverCommandExecutor.execute(DriverCommandExecutor.java:83)
	at org.openqa.selenium.remote.RemoteWebDriver.execute(RemoteWebDriver.java:552)
	at com.kms.katalon.selenium.driver.CEdgeDriver.execute(CEdgeDriver.java:20)
	at org.openqa.selenium.remote.RemoteWebElement.execute(RemoteWebElement.java:285)
	at org.openqa.selenium.remote.RemoteWebElement.click(RemoteWebElement.java:84)
	at org.openqa.selenium.support.events.EventFiringWebDriver$EventFiringWebElement.lambda$new$0(EventFiringWebDriver.java:404)
	at com.sun.proxy.$Proxy11.click(Unknown Source)
	at org.openqa.selenium.support.events.EventFiringWebDriver$EventFiringWebElement.click(EventFiringWebDriver.java:417)
	at org.openqa.selenium.WebElement$click.call(Unknown Source)
	at com.kms.katalon.core.webui.keyword.builtin.ClickKeyword.clickUntilSuccessWithTimeout(ClickKeyword.groovy:81)
	at com.kms.katalon.core.webui.keyword.builtin.ClickKeyword.clickUntilSuccessWithTimeout(ClickKeyword.groovy)
	at com.kms.katalon.core.webui.keyword.builtin.ClickKeyword$_click_closure1.doCall(ClickKeyword.groovy:67)
	at com.kms.katalon.core.webui.keyword.builtin.ClickKeyword$_click_closure1.call(ClickKeyword.groovy)
	at com.kms.katalon.core.webui.keyword.internal.WebUIKeywordMain.runKeyword(WebUIKeywordMain.groovy:20)
	... 38 more
)

2022-01-16 21:39:00 - [TEST_CASE][FAILED] - Test Cases/Utils/Create course CNPM: Test Cases/Utils/Create course CNPM FAILED.
Reason:
com.kms.katalon.core.exception.StepFailedException: Unable to click on object 'Object Repository/Utils/Page_CNPM Danh sch thnh vin/span_Teacher Nguyen'
	at com.kms.katalon.core.webui.keyword.internal.WebUIKeywordMain.stepFailed(WebUIKeywordMain.groovy:64)
	at com.kms.katalon.core.webui.keyword.internal.WebUIKeywordMain.runKeyword(WebUIKeywordMain.groovy:26)
	at com.kms.katalon.core.webui.keyword.builtin.ClickKeyword.click(ClickKeyword.groovy:74)
	at com.kms.katalon.core.webui.keyword.builtin.ClickKeyword.execute(ClickKeyword.groovy:40)
	at com.kms.katalon.core.keyword.internal.KeywordExecutor.executeKeywordForPlatform(KeywordExecutor.groovy:74)
	at com.kms.katalon.core.webui.keyword.WebUiBuiltInKeywords.click(WebUiBuiltInKeywords.groovy:620)
	at com.kms.katalon.core.webui.keyword.WebUiBuiltInKeywords$click$1.call(Unknown Source)
	at Create course CNPM.run(Create course CNPM:48)
	at com.kms.katalon.core.main.ScriptEngine.run(ScriptEngine.java:194)
	at com.kms.katalon.core.main.ScriptEngine.runScriptAsRawText(ScriptEngine.java:119)
	at com.kms.katalon.core.main.TestCaseExecutor.runScript(TestCaseExecutor.java:442)
	at com.kms.katalon.core.main.TestCaseExecutor.doExecute(TestCaseExecutor.java:433)
	at com.kms.katalon.core.main.TestCaseExecutor.processExecutionPhase(TestCaseExecutor.java:412)
	at com.kms.katalon.core.main.TestCaseExecutor.accessMainPhase(TestCaseExecutor.java:404)
	at com.kms.katalon.core.main.TestCaseExecutor.execute(TestCaseExecutor.java:281)
	at com.kms.katalon.core.main.TestCaseMain.runTestCase(TestCaseMain.java:138)
	at com.kms.katalon.core.keyword.builtin.CallTestCaseKeyword$_callTestCase_closure1.doCall(CallTestCaseKeyword.groovy:59)
	at com.kms.katalon.core.keyword.builtin.CallTestCaseKeyword$_callTestCase_closure1.call(CallTestCaseKeyword.groovy)
	at com.kms.katalon.core.keyword.internal.KeywordMain.runKeyword(KeywordMain.groovy:74)
	at com.kms.katalon.core.keyword.builtin.CallTestCaseKeyword.callTestCase(CallTestCaseKeyword.groovy:81)
	at com.kms.katalon.core.keyword.builtin.CallTestCaseKeyword.execute(CallTestCaseKeyword.groovy:44)
	at com.kms.katalon.core.keyword.internal.KeywordExecutor.executeKeywordForPlatform(KeywordExecutor.groovy:74)
	at com.kms.katalon.core.keyword.BuiltinKeywords.callTestCase(BuiltinKeywords.groovy:334)
	at View grader report site.run(View grader report site:24)
	at com.kms.katalon.core.main.ScriptEngine.run(ScriptEngine.java:194)
	at com.kms.katalon.core.main.ScriptEngine.runScriptAsRawText(ScriptEngine.java:119)
	at com.kms.katalon.core.main.TestCaseExecutor.runScript(TestCaseExecutor.java:442)
	at com.kms.katalon.core.main.TestCaseExecutor.doExecute(TestCaseExecutor.java:433)
	at com.kms.katalon.core.main.TestCaseExecutor.processExecutionPhase(TestCaseExecutor.java:412)
	at com.kms.katalon.core.main.TestCaseExecutor.accessMainPhase(TestCaseExecutor.java:404)
	at com.kms.katalon.core.main.TestCaseExecutor.execute(TestCaseExecutor.java:281)
	at com.kms.katalon.core.main.TestCaseExecutor.execute(TestCaseExecutor.java:363)
	at com.kms.katalon.core.main.TestCaseExecutor.execute(TestCaseExecutor.java:363)
	at com.kms.katalon.core.main.TestCaseExecutor.execute(TestCaseExecutor.java:363)
	at com.kms.katalon.core.main.TestSuiteExecutor.accessTestCaseMainPhase(TestSuiteExecutor.java:202)
	at com.kms.katalon.core.main.TestSuiteExecutor.accessTestSuiteMainPhase(TestSuiteExecutor.java:164)
	at com.kms.katalon.core.main.TestSuiteExecutor.execute(TestSuiteExecutor.java:105)
	at com.kms.katalon.core.main.TestCaseMain.startTestSuite(TestCaseMain.java:181)
	at com.kms.katalon.core.main.TestCaseMain$startTestSuite$0.call(Unknown Source)
	at TempTestSuite1642335656208.run(TempTestSuite1642335656208.groovy:36)
Caused by: org.openqa.selenium.ElementNotInteractableException: element not interactable
  (Session info: MicrosoftEdge=97.0.1072.62)
Build info: version: '3.141.59', revision: 'e82be7d358', time: '2018-11-14T08:25:53'
System info: host: 'DESKTOP-11TAGP6', ip: '192.168.56.1', os.name: 'Windows 10', os.arch: 'amd64', os.version: '10.0', java.version: '1.8.0_282'
Driver info: com.kms.katalon.selenium.driver.CEdgeDriver
Capabilities {acceptInsecureCerts: false, browserName: msedge, browserVersion: 97.0.1072.62, javascriptEnabled: true, ms:edgeOptions: {debuggerAddress: localhost:52141}, msedge: {msedgedriverVersion: 97.0.1072.55 (ce3bf33648805..., userDataDir: C:\Users\W10\AppData\Local\...}, networkConnectionEnabled: false, pageLoadStrategy: normal, platform: WINDOWS, platformName: WINDOWS, proxy: Proxy(), setWindowRect: true, strictFileInteractability: false, timeouts: {implicit: 0, pageLoad: 300000, script: 30000}, unhandledPromptBehavior: dismiss and notify, webauthn:extension:credBlob: true, webauthn:extension:largeBlob: true, webauthn:virtualAuthenticators: true}
Session ID: c9c3ea26ea013a8cf2078e6287eab457
	at org.openqa.selenium.remote.http.W3CHttpResponseCodec.createException(W3CHttpResponseCodec.java:187)
	at org.openqa.selenium.remote.http.W3CHttpResponseCodec.decode(W3CHttpResponseCodec.java:122)
	at org.openqa.selenium.remote.http.W3CHttpResponseCodec.decode(W3CHttpResponseCodec.java:49)
	at org.openqa.selenium.remote.HttpCommandExecutor.execute(HttpCommandExecutor.java:158)
	at org.openqa.selenium.remote.service.DriverCommandExecutor.execute(DriverCommandExecutor.java:83)
	at org.openqa.selenium.remote.RemoteWebDriver.execute(RemoteWebDriver.java:552)
	at com.kms.katalon.selenium.driver.CEdgeDriver.execute(CEdgeDriver.java:20)
	at org.openqa.selenium.remote.RemoteWebElement.execute(RemoteWebElement.java:285)
	at org.openqa.selenium.remote.RemoteWebElement.click(RemoteWebElement.java:84)
	at org.openqa.selenium.support.events.EventFiringWebDriver$EventFiringWebElement.lambda$new$0(EventFiringWebDriver.java:404)
	at com.sun.proxy.$Proxy11.click(Unknown Source)
	at org.openqa.selenium.support.events.EventFiringWebDriver$EventFiringWebElement.click(EventFiringWebDriver.java:417)
	at org.openqa.selenium.WebElement$click.call(Unknown Source)
	at com.kms.katalon.core.webui.keyword.builtin.ClickKeyword.clickUntilSuccessWithTimeout(ClickKeyword.groovy:81)
	at com.kms.katalon.core.webui.keyword.builtin.ClickKeyword.clickUntilSuccessWithTimeout(ClickKeyword.groovy)
	at com.kms.katalon.core.webui.keyword.builtin.ClickKeyword$_click_closure1.doCall(ClickKeyword.groovy:67)
	at com.kms.katalon.core.webui.keyword.builtin.ClickKeyword$_click_closure1.call(ClickKeyword.groovy)
	at com.kms.katalon.core.webui.keyword.internal.WebUIKeywordMain.runKeyword(WebUIKeywordMain.groovy:20)
	... 38 more


2022-01-16 21:39:00 - [TEST_STEP][PASSED] - callTestCase(findTestCase("Utils/Login as admin"), [:], STOP_ON_FAILURE): Call Test Case 'Test Cases/Utils/Login as admin' successfully

2022-01-16 21:39:00 - [TEST_CASE][PASSED] - Test Cases/Utils/Login as admin: Test Cases/Utils/Login as admin

2022-01-16 21:39:00 - [TEST_STEP][PASSED] - click(findTestObject("View course grade/Page_Local Moodle/a_Log in")): Object: 'Object Repository/View course grade/Page_Local Moodle/a_Log in' is clicked on

2022-01-16 21:39:02 - [MESSAGE][PASSED] - Object: 'Object Repository/View course grade/Page_Local Moodle/a_Log in' is clicked on

2022-01-16 21:39:02 - [TEST_STEP][PASSED] - setText(findTestObject("View course grade/Page_Local Moodle Log in to the site/input_Username_username"), "admin"): Text 'admin' is set on object 'Object Repository/View course grade/Page_Local Moodle Log in to the site/input_Username_username'

2022-01-16 21:39:03 - [MESSAGE][PASSED] - Text 'admin' is set on object 'Object Repository/View course grade/Page_Local Moodle Log in to the site/input_Username_username'

2022-01-16 21:39:03 - [TEST_STEP][PASSED] - setEncryptedText(findTestObject("View course grade/Page_Local Moodle Log in to the site/input_Password_password"), "bfAykA/oWJ09FXmiKh6lyuuLu8QhG1K5"): Text ****** has been set on object 'Object Repository/View course grade/Page_Local Moodle Log in to the site/input_Password_password'

2022-01-16 21:39:04 - [MESSAGE][PASSED] - Text ****** has been set on object 'Object Repository/View course grade/Page_Local Moodle Log in to the site/input_Password_password'

2022-01-16 21:39:04 - [TEST_STEP][PASSED] - click(findTestObject("View course grade/Page_Local Moodle Log in to the site/button_Log in")): Object: 'Object Repository/View course grade/Page_Local Moodle Log in to the site/button_Log in' is clicked on

2022-01-16 21:39:10 - [MESSAGE][PASSED] - Object: 'Object Repository/View course grade/Page_Local Moodle Log in to the site/button_Log in' is clicked on

2022-01-16 21:39:10 - [MESSAGE][PASSED] - Call Test Case 'Test Cases/Utils/Login as admin' successfully

2022-01-16 21:39:10 - [TEST_STEP][PASSED] - click(findTestObject("Object Repository/Utils/Page_Nh ca ti/span_Qun tr khu vc")): Object: 'Object Repository/Utils/Page_Nh ca ti/span_Qun tr khu vc' is clicked on

2022-01-16 21:39:18 - [MESSAGE][PASSED] - Object: 'Object Repository/Utils/Page_Nh ca ti/span_Qun tr khu vc' is clicked on

2022-01-16 21:39:18 - [TEST_STEP][PASSED] - click(findTestObject("Object Repository/Utils/Page_Moodle Khu vc qun tr Tm kim/a_Kho hc")): Object: 'Object Repository/Utils/Page_Moodle Khu vc qun tr Tm kim/a_Kho hc' is clicked on

2022-01-16 21:39:19 - [MESSAGE][PASSED] - Object: 'Object Repository/Utils/Page_Moodle Khu vc qun tr Tm kim/a_Kho hc' is clicked on

2022-01-16 21:39:19 - [TEST_STEP][PASSED] - click(findTestObject("Object Repository/Utils/Page_Moodle Khu vc qun tr Tm kim/a_Thmsa cc kho hc")): Object: 'Object Repository/Utils/Page_Moodle Khu vc qun tr Tm kim/a_Thmsa cc kho hc' is clicked on

2022-01-16 21:39:22 - [MESSAGE][PASSED] - Object: 'Object Repository/Utils/Page_Moodle Khu vc qun tr Tm kim/a_Thmsa cc kho hc' is clicked on

2022-01-16 21:39:22 - [TEST_STEP][PASSED] - click(findTestObject("Object Repository/Utils/Page_Qun l kha hc v danh mc kha hc/a_To kha hc mi")): Object: 'Object Repository/Utils/Page_Qun l kha hc v danh mc kha hc/a_To kha hc mi' is clicked on

2022-01-16 21:39:28 - [MESSAGE][INFO] - Unable to find the element located by 'By.xpath: //div[@id='yui_3_17_2_1_1641906891631_57']/div/div/a'. Please recheck the objects properties to make sure the desired element is located. 

2022-01-16 21:39:29 - [MESSAGE][WARNING] - [SELF-HEALING] Failed to find element with id 'Object Repository/Utils/Page_Qun l kha hc v danh mc kha hc/a_To kha hc mi'. Try using Self-healing.

2022-01-16 21:39:29 - [MESSAGE][WARNING] - [SELF-HEALING] The current locator of test object 'Object Repository/Utils/Page_Qun l kha hc v danh mc kha hc/a_To kha hc mi' was broken. Propose an alternative one: '//a[contains(text(),'Tạo khóa học mới')]'.

2022-01-16 21:39:32 - [MESSAGE][PASSED] - Object: 'Object Repository/Utils/Page_Qun l kha hc v danh mc kha hc/a_To kha hc mi' is clicked on

2022-01-16 21:39:32 - [TEST_STEP][PASSED] - setText(findTestObject("Object Repository/Utils/Page_Moodle Thm kho hc mi/input_Tn y_fullname"), "Nhập môn Công nghệ phần mềm"): Text 'Nhập môn Công nghệ phần mềm' is set on object 'Object Repository/Utils/Page_Moodle Thm kho hc mi/input_Tn y_fullname'

2022-01-16 21:39:34 - [MESSAGE][PASSED] - Text 'Nhập môn Công nghệ phần mềm' is set on object 'Object Repository/Utils/Page_Moodle Thm kho hc mi/input_Tn y_fullname'

2022-01-16 21:39:34 - [TEST_STEP][PASSED] - setText(findTestObject("Object Repository/Utils/Page_Moodle Thm kho hc mi/input_Tn rt gn ca kho hc_shortname"), "CNPM"): Text 'CNPM' is set on object 'Object Repository/Utils/Page_Moodle Thm kho hc mi/input_Tn rt gn ca kho hc_shortname'

2022-01-16 21:39:35 - [MESSAGE][PASSED] - Text 'CNPM' is set on object 'Object Repository/Utils/Page_Moodle Thm kho hc mi/input_Tn rt gn ca kho hc_shortname'

2022-01-16 21:39:35 - [TEST_STEP][PASSED] - click(findTestObject("Object Repository/Utils/Page_Moodle Thm kho hc mi/input__saveanddisplay")): Object: 'Object Repository/Utils/Page_Moodle Thm kho hc mi/input__saveanddisplay' is clicked on

2022-01-16 21:39:38 - [MESSAGE][PASSED] - Object: 'Object Repository/Utils/Page_Moodle Thm kho hc mi/input__saveanddisplay' is clicked on

2022-01-16 21:39:38 - [TEST_STEP][PASSED] - click(findTestObject("Object Repository/Utils/Page_CNPM Danh sch thnh vin/input_Danh sch thnh vin_btn btn-secondary my-1")): Object: 'Object Repository/Utils/Page_CNPM Danh sch thnh vin/input_Danh sch thnh vin_btn btn-secondary my-1' is clicked on

2022-01-16 21:39:39 - [MESSAGE][PASSED] - Object: 'Object Repository/Utils/Page_CNPM Danh sch thnh vin/input_Danh sch thnh vin_btn btn-secondary my-1' is clicked on

2022-01-16 21:39:39 - [TEST_STEP][PASSED] - click(findTestObject("Object Repository/Utils/Page_CNPM Danh sch thnh vin/span_")): Object: 'Object Repository/Utils/Page_CNPM Danh sch thnh vin/span_' is clicked on

2022-01-16 21:39:45 - [MESSAGE][INFO] - Unable to find the element located by 'By.xpath: //span[@id='form_autocomplete_downarrow-1641965227117']'. Please recheck the objects properties to make sure the desired element is located. 

2022-01-16 21:39:45 - [MESSAGE][WARNING] - [SELF-HEALING] Failed to find element with id 'Object Repository/Utils/Page_CNPM Danh sch thnh vin/span_'. Try using Self-healing.

2022-01-16 21:39:45 - [MESSAGE][WARNING] - [SELF-HEALING] The current locator of test object 'Object Repository/Utils/Page_CNPM Danh sch thnh vin/span_' was broken. Propose an alternative one: '//div[@id='fitem_id_userlist']/div[2]/div[3]/span'.

2022-01-16 21:39:46 - [MESSAGE][PASSED] - Object: 'Object Repository/Utils/Page_CNPM Danh sch thnh vin/span_' is clicked on

2022-01-16 21:39:46 - [TEST_STEP][PASSED] - click(findTestObject("Object Repository/Utils/Page_CNPM Danh sch thnh vin/span_Student Nguyen")): Object: 'Object Repository/Utils/Page_CNPM Danh sch thnh vin/span_Student Nguyen' is clicked on

2022-01-16 21:39:52 - [MESSAGE][INFO] - Unable to find the element located by 'By.xpath: //li[@id='form_autocomplete_suggestions-1641965227117-0']/span/span'. Please recheck the objects properties to make sure the desired element is located. 

2022-01-16 21:39:52 - [MESSAGE][WARNING] - [SELF-HEALING] Failed to find element with id 'Object Repository/Utils/Page_CNPM Danh sch thnh vin/span_Student Nguyen'. Try using Self-healing.

2022-01-16 21:39:52 - [MESSAGE][WARNING] - [SELF-HEALING] The current locator of test object 'Object Repository/Utils/Page_CNPM Danh sch thnh vin/span_Student Nguyen' was broken. Propose an alternative one: '(.//*[normalize-space(text()) and normalize-space(.)='student@gmail.com'])[2]/preceding::span[1]'.

2022-01-16 21:39:52 - [MESSAGE][PASSED] - Object: 'Object Repository/Utils/Page_CNPM Danh sch thnh vin/span_Student Nguyen' is clicked on

2022-01-16 21:39:52 - [TEST_STEP][PASSED] - click(findTestObject("Object Repository/Utils/Page_CNPM Danh sch thnh vin/button_Ghi danh ngi dng")): Object: 'Object Repository/Utils/Page_CNPM Danh sch thnh vin/button_Ghi danh ngi dng' is clicked on

2022-01-16 21:39:59 - [MESSAGE][INFO] - Unable to find the element located by 'By.xpath: //button[@id='yui_3_17_2_1_1641965226678_264']'. Please recheck the objects properties to make sure the desired element is located. 

2022-01-16 21:39:59 - [MESSAGE][WARNING] - [SELF-HEALING] Failed to find element with id 'Object Repository/Utils/Page_CNPM Danh sch thnh vin/button_Ghi danh ngi dng'. Try using Self-healing.

2022-01-16 21:39:59 - [MESSAGE][WARNING] - [SELF-HEALING] The current locator of test object 'Object Repository/Utils/Page_CNPM Danh sch thnh vin/button_Ghi danh ngi dng' was broken. Propose an alternative one: '(.//*[normalize-space(text()) and normalize-space(.)='Phút'])[1]/following::button[1]'.

2022-01-16 21:39:59 - [MESSAGE][PASSED] - Object: 'Object Repository/Utils/Page_CNPM Danh sch thnh vin/button_Ghi danh ngi dng' is clicked on

2022-01-16 21:39:59 - [TEST_STEP][PASSED] - click(findTestObject("Object Repository/Utils/Page_CNPM Danh sch thnh vin/input_Danh sch thnh vin_yui_3_17_2_1_164190_a20bc6")): Object: 'Object Repository/Utils/Page_CNPM Danh sch thnh vin/input_Danh sch thnh vin_yui_3_17_2_1_164190_a20bc6' is clicked on

2022-01-16 21:40:06 - [MESSAGE][INFO] - Unable to find the element located by 'By.xpath: //input[@id='yui_3_17_2_1_1641906981941_20']'. Please recheck the objects properties to make sure the desired element is located. 

2022-01-16 21:40:06 - [MESSAGE][WARNING] - [SELF-HEALING] Failed to find element with id 'Object Repository/Utils/Page_CNPM Danh sch thnh vin/input_Danh sch thnh vin_yui_3_17_2_1_164190_a20bc6'. Try using Self-healing.

2022-01-16 21:40:06 - [MESSAGE][WARNING] - [SELF-HEALING] The current locator of test object 'Object Repository/Utils/Page_CNPM Danh sch thnh vin/input_Danh sch thnh vin_yui_3_17_2_1_164190_a20bc6' was broken. Propose an alternative one: '//input'.

2022-01-16 21:40:06 - [MESSAGE][PASSED] - Object: 'Object Repository/Utils/Page_CNPM Danh sch thnh vin/input_Danh sch thnh vin_yui_3_17_2_1_164190_a20bc6' is clicked on

2022-01-16 21:40:06 - [TEST_STEP][PASSED] - click(findTestObject("Object Repository/Utils/Page_CNPM Danh sch thnh vin/span__1")): Object: 'Object Repository/Utils/Page_CNPM Danh sch thnh vin/span__1' is clicked on

2022-01-16 21:40:12 - [MESSAGE][INFO] - Unable to find the element located by 'By.xpath: //span[@id='form_autocomplete_downarrow-1641965227118']'. Please recheck the objects properties to make sure the desired element is located. 

2022-01-16 21:40:12 - [MESSAGE][WARNING] - [SELF-HEALING] Failed to find element with id 'Object Repository/Utils/Page_CNPM Danh sch thnh vin/span__1'. Try using Self-healing.

2022-01-16 21:40:13 - [MESSAGE][WARNING] - [SELF-HEALING] The current locator of test object 'Object Repository/Utils/Page_CNPM Danh sch thnh vin/span__1' was broken. Propose an alternative one: '//div[@id='fitem_id_userlist']/div[2]/div[3]/span'.

2022-01-16 21:40:13 - [MESSAGE][PASSED] - Object: 'Object Repository/Utils/Page_CNPM Danh sch thnh vin/span__1' is clicked on

2022-01-16 21:40:13 - [TEST_STEP][FAILED] - click(findTestObject("Object Repository/Utils/Page_CNPM Danh sch thnh vin/span_Teacher Nguyen")): Unable to click on object 'Object Repository/Utils/Page_CNPM Danh sch thnh vin/span_Teacher Nguyen' (Root cause: com.kms.katalon.core.exception.StepFailedException: Unable to click on object 'Object Repository/Utils/Page_CNPM Danh sch thnh vin/span_Teacher Nguyen'
	at com.kms.katalon.core.webui.keyword.internal.WebUIKeywordMain.stepFailed(WebUIKeywordMain.groovy:64)
	at com.kms.katalon.core.webui.keyword.internal.WebUIKeywordMain.runKeyword(WebUIKeywordMain.groovy:26)
	at com.kms.katalon.core.webui.keyword.builtin.ClickKeyword.click(ClickKeyword.groovy:74)
	at com.kms.katalon.core.webui.keyword.builtin.ClickKeyword.execute(ClickKeyword.groovy:40)
	at com.kms.katalon.core.keyword.internal.KeywordExecutor.executeKeywordForPlatform(KeywordExecutor.groovy:74)
	at com.kms.katalon.core.webui.keyword.WebUiBuiltInKeywords.click(WebUiBuiltInKeywords.groovy:620)
	at com.kms.katalon.core.webui.keyword.WebUiBuiltInKeywords$click$1.call(Unknown Source)
	at Create course CNPM.run(Create course CNPM:48)
	at com.kms.katalon.core.main.ScriptEngine.run(ScriptEngine.java:194)
	at com.kms.katalon.core.main.ScriptEngine.runScriptAsRawText(ScriptEngine.java:119)
	at com.kms.katalon.core.main.TestCaseExecutor.runScript(TestCaseExecutor.java:442)
	at com.kms.katalon.core.main.TestCaseExecutor.doExecute(TestCaseExecutor.java:433)
	at com.kms.katalon.core.main.TestCaseExecutor.processExecutionPhase(TestCaseExecutor.java:412)
	at com.kms.katalon.core.main.TestCaseExecutor.accessMainPhase(TestCaseExecutor.java:404)
	at com.kms.katalon.core.main.TestCaseExecutor.execute(TestCaseExecutor.java:281)
	at com.kms.katalon.core.main.TestCaseMain.runTestCase(TestCaseMain.java:138)
	at com.kms.katalon.core.keyword.builtin.CallTestCaseKeyword$_callTestCase_closure1.doCall(CallTestCaseKeyword.groovy:59)
	at com.kms.katalon.core.keyword.builtin.CallTestCaseKeyword$_callTestCase_closure1.call(CallTestCaseKeyword.groovy)
	at com.kms.katalon.core.keyword.internal.KeywordMain.runKeyword(KeywordMain.groovy:74)
	at com.kms.katalon.core.keyword.builtin.CallTestCaseKeyword.callTestCase(CallTestCaseKeyword.groovy:81)
	at com.kms.katalon.core.keyword.builtin.CallTestCaseKeyword.execute(CallTestCaseKeyword.groovy:44)
	at com.kms.katalon.core.keyword.internal.KeywordExecutor.executeKeywordForPlatform(KeywordExecutor.groovy:74)
	at com.kms.katalon.core.keyword.BuiltinKeywords.callTestCase(BuiltinKeywords.groovy:334)
	at View grader report site.run(View grader report site:24)
	at com.kms.katalon.core.main.ScriptEngine.run(ScriptEngine.java:194)
	at com.kms.katalon.core.main.ScriptEngine.runScriptAsRawText(ScriptEngine.java:119)
	at com.kms.katalon.core.main.TestCaseExecutor.runScript(TestCaseExecutor.java:442)
	at com.kms.katalon.core.main.TestCaseExecutor.doExecute(TestCaseExecutor.java:433)
	at com.kms.katalon.core.main.TestCaseExecutor.processExecutionPhase(TestCaseExecutor.java:412)
	at com.kms.katalon.core.main.TestCaseExecutor.accessMainPhase(TestCaseExecutor.java:404)
	at com.kms.katalon.core.main.TestCaseExecutor.execute(TestCaseExecutor.java:281)
	at com.kms.katalon.core.main.TestCaseExecutor.execute(TestCaseExecutor.java:363)
	at com.kms.katalon.core.main.TestCaseExecutor.execute(TestCaseExecutor.java:363)
	at com.kms.katalon.core.main.TestCaseExecutor.execute(TestCaseExecutor.java:363)
	at com.kms.katalon.core.main.TestSuiteExecutor.accessTestCaseMainPhase(TestSuiteExecutor.java:202)
	at com.kms.katalon.core.main.TestSuiteExecutor.accessTestSuiteMainPhase(TestSuiteExecutor.java:164)
	at com.kms.katalon.core.main.TestSuiteExecutor.execute(TestSuiteExecutor.java:105)
	at com.kms.katalon.core.main.TestCaseMain.startTestSuite(TestCaseMain.java:181)
	at com.kms.katalon.core.main.TestCaseMain$startTestSuite$0.call(Unknown Source)
	at TempTestSuite1642335656208.run(TempTestSuite1642335656208.groovy:36)
Caused by: org.openqa.selenium.ElementNotInteractableException: element not interactable
  (Session info: MicrosoftEdge=97.0.1072.62)
Build info: version: '3.141.59', revision: 'e82be7d358', time: '2018-11-14T08:25:53'
System info: host: 'DESKTOP-11TAGP6', ip: '192.168.56.1', os.name: 'Windows 10', os.arch: 'amd64', os.version: '10.0', java.version: '1.8.0_282'
Driver info: com.kms.katalon.selenium.driver.CEdgeDriver
Capabilities {acceptInsecureCerts: false, browserName: msedge, browserVersion: 97.0.1072.62, javascriptEnabled: true, ms:edgeOptions: {debuggerAddress: localhost:52141}, msedge: {msedgedriverVersion: 97.0.1072.55 (ce3bf33648805..., userDataDir: C:\Users\W10\AppData\Local\...}, networkConnectionEnabled: false, pageLoadStrategy: normal, platform: WINDOWS, platformName: WINDOWS, proxy: Proxy(), setWindowRect: true, strictFileInteractability: false, timeouts: {implicit: 0, pageLoad: 300000, script: 30000}, unhandledPromptBehavior: dismiss and notify, webauthn:extension:credBlob: true, webauthn:extension:largeBlob: true, webauthn:virtualAuthenticators: true}
Session ID: c9c3ea26ea013a8cf2078e6287eab457
	at org.openqa.selenium.remote.http.W3CHttpResponseCodec.createException(W3CHttpResponseCodec.java:187)
	at org.openqa.selenium.remote.http.W3CHttpResponseCodec.decode(W3CHttpResponseCodec.java:122)
	at org.openqa.selenium.remote.http.W3CHttpResponseCodec.decode(W3CHttpResponseCodec.java:49)
	at org.openqa.selenium.remote.HttpCommandExecutor.execute(HttpCommandExecutor.java:158)
	at org.openqa.selenium.remote.service.DriverCommandExecutor.execute(DriverCommandExecutor.java:83)
	at org.openqa.selenium.remote.RemoteWebDriver.execute(RemoteWebDriver.java:552)
	at com.kms.katalon.selenium.driver.CEdgeDriver.execute(CEdgeDriver.java:20)
	at org.openqa.selenium.remote.RemoteWebElement.execute(RemoteWebElement.java:285)
	at org.openqa.selenium.remote.RemoteWebElement.click(RemoteWebElement.java:84)
	at org.openqa.selenium.support.events.EventFiringWebDriver$EventFiringWebElement.lambda$new$0(EventFiringWebDriver.java:404)
	at com.sun.proxy.$Proxy11.click(Unknown Source)
	at org.openqa.selenium.support.events.EventFiringWebDriver$EventFiringWebElement.click(EventFiringWebDriver.java:417)
	at org.openqa.selenium.WebElement$click.call(Unknown Source)
	at com.kms.katalon.core.webui.keyword.builtin.ClickKeyword.clickUntilSuccessWithTimeout(ClickKeyword.groovy:81)
	at com.kms.katalon.core.webui.keyword.builtin.ClickKeyword.clickUntilSuccessWithTimeout(ClickKeyword.groovy)
	at com.kms.katalon.core.webui.keyword.builtin.ClickKeyword$_click_closure1.doCall(ClickKeyword.groovy:67)
	at com.kms.katalon.core.webui.keyword.builtin.ClickKeyword$_click_closure1.call(ClickKeyword.groovy)
	at com.kms.katalon.core.webui.keyword.internal.WebUIKeywordMain.runKeyword(WebUIKeywordMain.groovy:20)
	at com.kms.katalon.core.webui.keyword.builtin.ClickKeyword.click(ClickKeyword.groovy:74)
	at com.kms.katalon.core.webui.keyword.builtin.ClickKeyword.execute(ClickKeyword.groovy:40)
	at com.kms.katalon.core.keyword.internal.KeywordExecutor.executeKeywordForPlatform(KeywordExecutor.groovy:74)
	at com.kms.katalon.core.webui.keyword.WebUiBuiltInKeywords.click(WebUiBuiltInKeywords.groovy:620)
	at com.kms.katalon.core.webui.keyword.WebUiBuiltInKeywords$click$1.call(Unknown Source)
	at Script1641906761787.run(Script1641906761787.groovy:48)
	at com.kms.katalon.core.main.ScriptEngine.run(ScriptEngine.java:194)
	at com.kms.katalon.core.main.ScriptEngine.runScriptAsRawText(ScriptEngine.java:119)
	at com.kms.katalon.core.main.TestCaseExecutor.runScript(TestCaseExecutor.java:442)
	at com.kms.katalon.core.main.TestCaseExecutor.doExecute(TestCaseExecutor.java:433)
	at com.kms.katalon.core.main.TestCaseExecutor.processExecutionPhase(TestCaseExecutor.java:412)
	at com.kms.katalon.core.main.TestCaseExecutor.accessMainPhase(TestCaseExecutor.java:404)
	at com.kms.katalon.core.main.TestCaseExecutor.execute(TestCaseExecutor.java:281)
	at com.kms.katalon.core.main.TestCaseMain.runTestCase(TestCaseMain.java:138)
	at com.kms.katalon.core.keyword.builtin.CallTestCaseKeyword$_callTestCase_closure1.doCall(CallTestCaseKeyword.groovy:59)
	at com.kms.katalon.core.keyword.builtin.CallTestCaseKeyword$_callTestCase_closure1.call(CallTestCaseKeyword.groovy)
	at com.kms.katalon.core.keyword.internal.KeywordMain.runKeyword(KeywordMain.groovy:74)
	at com.kms.katalon.core.keyword.builtin.CallTestCaseKeyword.callTestCase(CallTestCaseKeyword.groovy:81)
	at com.kms.katalon.core.keyword.builtin.CallTestCaseKeyword.execute(CallTestCaseKeyword.groovy:44)
	at com.kms.katalon.core.keyword.internal.KeywordExecutor.executeKeywordForPlatform(KeywordExecutor.groovy:74)
	at com.kms.katalon.core.keyword.BuiltinKeywords.callTestCase(BuiltinKeywords.groovy:334)
	at Script1641912734358.run(Script1641912734358.groovy:24)
	... 16 more
)

2022-01-16 21:40:14 - [MESSAGE][FAILED] - Unable to click on object 'Object Repository/Utils/Page_CNPM Danh sch thnh vin/span_Teacher Nguyen' (Root cause: com.kms.katalon.core.exception.StepFailedException: Unable to click on object 'Object Repository/Utils/Page_CNPM Danh sch thnh vin/span_Teacher Nguyen'
	at com.kms.katalon.core.webui.keyword.internal.WebUIKeywordMain.stepFailed(WebUIKeywordMain.groovy:64)
	at com.kms.katalon.core.webui.keyword.internal.WebUIKeywordMain.runKeyword(WebUIKeywordMain.groovy:26)
	at com.kms.katalon.core.webui.keyword.builtin.ClickKeyword.click(ClickKeyword.groovy:74)
	at com.kms.katalon.core.webui.keyword.builtin.ClickKeyword.execute(ClickKeyword.groovy:40)
	at com.kms.katalon.core.keyword.internal.KeywordExecutor.executeKeywordForPlatform(KeywordExecutor.groovy:74)
	at com.kms.katalon.core.webui.keyword.WebUiBuiltInKeywords.click(WebUiBuiltInKeywords.groovy:620)
	at com.kms.katalon.core.webui.keyword.WebUiBuiltInKeywords$click$1.call(Unknown Source)
	at Create course CNPM.run(Create course CNPM:48)
	at com.kms.katalon.core.main.ScriptEngine.run(ScriptEngine.java:194)
	at com.kms.katalon.core.main.ScriptEngine.runScriptAsRawText(ScriptEngine.java:119)
	at com.kms.katalon.core.main.TestCaseExecutor.runScript(TestCaseExecutor.java:442)
	at com.kms.katalon.core.main.TestCaseExecutor.doExecute(TestCaseExecutor.java:433)
	at com.kms.katalon.core.main.TestCaseExecutor.processExecutionPhase(TestCaseExecutor.java:412)
	at com.kms.katalon.core.main.TestCaseExecutor.accessMainPhase(TestCaseExecutor.java:404)
	at com.kms.katalon.core.main.TestCaseExecutor.execute(TestCaseExecutor.java:281)
	at com.kms.katalon.core.main.TestCaseMain.runTestCase(TestCaseMain.java:138)
	at com.kms.katalon.core.keyword.builtin.CallTestCaseKeyword$_callTestCase_closure1.doCall(CallTestCaseKeyword.groovy:59)
	at com.kms.katalon.core.keyword.builtin.CallTestCaseKeyword$_callTestCase_closure1.call(CallTestCaseKeyword.groovy)
	at com.kms.katalon.core.keyword.internal.KeywordMain.runKeyword(KeywordMain.groovy:74)
	at com.kms.katalon.core.keyword.builtin.CallTestCaseKeyword.callTestCase(CallTestCaseKeyword.groovy:81)
	at com.kms.katalon.core.keyword.builtin.CallTestCaseKeyword.execute(CallTestCaseKeyword.groovy:44)
	at com.kms.katalon.core.keyword.internal.KeywordExecutor.executeKeywordForPlatform(KeywordExecutor.groovy:74)
	at com.kms.katalon.core.keyword.BuiltinKeywords.callTestCase(BuiltinKeywords.groovy:334)
	at View grader report site.run(View grader report site:24)
	at com.kms.katalon.core.main.ScriptEngine.run(ScriptEngine.java:194)
	at com.kms.katalon.core.main.ScriptEngine.runScriptAsRawText(ScriptEngine.java:119)
	at com.kms.katalon.core.main.TestCaseExecutor.runScript(TestCaseExecutor.java:442)
	at com.kms.katalon.core.main.TestCaseExecutor.doExecute(TestCaseExecutor.java:433)
	at com.kms.katalon.core.main.TestCaseExecutor.processExecutionPhase(TestCaseExecutor.java:412)
	at com.kms.katalon.core.main.TestCaseExecutor.accessMainPhase(TestCaseExecutor.java:404)
	at com.kms.katalon.core.main.TestCaseExecutor.execute(TestCaseExecutor.java:281)
	at com.kms.katalon.core.main.TestCaseExecutor.execute(TestCaseExecutor.java:363)
	at com.kms.katalon.core.main.TestCaseExecutor.execute(TestCaseExecutor.java:363)
	at com.kms.katalon.core.main.TestCaseExecutor.execute(TestCaseExecutor.java:363)
	at com.kms.katalon.core.main.TestSuiteExecutor.accessTestCaseMainPhase(TestSuiteExecutor.java:202)
	at com.kms.katalon.core.main.TestSuiteExecutor.accessTestSuiteMainPhase(TestSuiteExecutor.java:164)
	at com.kms.katalon.core.main.TestSuiteExecutor.execute(TestSuiteExecutor.java:105)
	at com.kms.katalon.core.main.TestCaseMain.startTestSuite(TestCaseMain.java:181)
	at com.kms.katalon.core.main.TestCaseMain$startTestSuite$0.call(Unknown Source)
	at TempTestSuite1642335656208.run(TempTestSuite1642335656208.groovy:36)
Caused by: org.openqa.selenium.ElementNotInteractableException: element not interactable
  (Session info: MicrosoftEdge=97.0.1072.62)
Build info: version: '3.141.59', revision: 'e82be7d358', time: '2018-11-14T08:25:53'
System info: host: 'DESKTOP-11TAGP6', ip: '192.168.56.1', os.name: 'Windows 10', os.arch: 'amd64', os.version: '10.0', java.version: '1.8.0_282'
Driver info: com.kms.katalon.selenium.driver.CEdgeDriver
Capabilities {acceptInsecureCerts: false, browserName: msedge, browserVersion: 97.0.1072.62, javascriptEnabled: true, ms:edgeOptions: {debuggerAddress: localhost:52141}, msedge: {msedgedriverVersion: 97.0.1072.55 (ce3bf33648805..., userDataDir: C:\Users\W10\AppData\Local\...}, networkConnectionEnabled: false, pageLoadStrategy: normal, platform: WINDOWS, platformName: WINDOWS, proxy: Proxy(), setWindowRect: true, strictFileInteractability: false, timeouts: {implicit: 0, pageLoad: 300000, script: 30000}, unhandledPromptBehavior: dismiss and notify, webauthn:extension:credBlob: true, webauthn:extension:largeBlob: true, webauthn:virtualAuthenticators: true}
Session ID: c9c3ea26ea013a8cf2078e6287eab457
	at org.openqa.selenium.remote.http.W3CHttpResponseCodec.createException(W3CHttpResponseCodec.java:187)
	at org.openqa.selenium.remote.http.W3CHttpResponseCodec.decode(W3CHttpResponseCodec.java:122)
	at org.openqa.selenium.remote.http.W3CHttpResponseCodec.decode(W3CHttpResponseCodec.java:49)
	at org.openqa.selenium.remote.HttpCommandExecutor.execute(HttpCommandExecutor.java:158)
	at org.openqa.selenium.remote.service.DriverCommandExecutor.execute(DriverCommandExecutor.java:83)
	at org.openqa.selenium.remote.RemoteWebDriver.execute(RemoteWebDriver.java:552)
	at com.kms.katalon.selenium.driver.CEdgeDriver.execute(CEdgeDriver.java:20)
	at org.openqa.selenium.remote.RemoteWebElement.execute(RemoteWebElement.java:285)
	at org.openqa.selenium.remote.RemoteWebElement.click(RemoteWebElement.java:84)
	at org.openqa.selenium.support.events.EventFiringWebDriver$EventFiringWebElement.lambda$new$0(EventFiringWebDriver.java:404)
	at com.sun.proxy.$Proxy11.click(Unknown Source)
	at org.openqa.selenium.support.events.EventFiringWebDriver$EventFiringWebElement.click(EventFiringWebDriver.java:417)
	at org.openqa.selenium.WebElement$click.call(Unknown Source)
	at com.kms.katalon.core.webui.keyword.builtin.ClickKeyword.clickUntilSuccessWithTimeout(ClickKeyword.groovy:81)
	at com.kms.katalon.core.webui.keyword.builtin.ClickKeyword.clickUntilSuccessWithTimeout(ClickKeyword.groovy)
	at com.kms.katalon.core.webui.keyword.builtin.ClickKeyword$_click_closure1.doCall(ClickKeyword.groovy:67)
	at com.kms.katalon.core.webui.keyword.builtin.ClickKeyword$_click_closure1.call(ClickKeyword.groovy)
	at com.kms.katalon.core.webui.keyword.internal.WebUIKeywordMain.runKeyword(WebUIKeywordMain.groovy:20)
	at com.kms.katalon.core.webui.keyword.builtin.ClickKeyword.click(ClickKeyword.groovy:74)
	at com.kms.katalon.core.webui.keyword.builtin.ClickKeyword.execute(ClickKeyword.groovy:40)
	at com.kms.katalon.core.keyword.internal.KeywordExecutor.executeKeywordForPlatform(KeywordExecutor.groovy:74)
	at com.kms.katalon.core.webui.keyword.WebUiBuiltInKeywords.click(WebUiBuiltInKeywords.groovy:620)
	at com.kms.katalon.core.webui.keyword.WebUiBuiltInKeywords$click$1.call(Unknown Source)
	at Script1641906761787.run(Script1641906761787.groovy:48)
	at com.kms.katalon.core.main.ScriptEngine.run(ScriptEngine.java:194)
	at com.kms.katalon.core.main.ScriptEngine.runScriptAsRawText(ScriptEngine.java:119)
	at com.kms.katalon.core.main.TestCaseExecutor.runScript(TestCaseExecutor.java:442)
	at com.kms.katalon.core.main.TestCaseExecutor.doExecute(TestCaseExecutor.java:433)
	at com.kms.katalon.core.main.TestCaseExecutor.processExecutionPhase(TestCaseExecutor.java:412)
	at com.kms.katalon.core.main.TestCaseExecutor.accessMainPhase(TestCaseExecutor.java:404)
	at com.kms.katalon.core.main.TestCaseExecutor.execute(TestCaseExecutor.java:281)
	at com.kms.katalon.core.main.TestCaseMain.runTestCase(TestCaseMain.java:138)
	at com.kms.katalon.core.keyword.builtin.CallTestCaseKeyword$_callTestCase_closure1.doCall(CallTestCaseKeyword.groovy:59)
	at com.kms.katalon.core.keyword.builtin.CallTestCaseKeyword$_callTestCase_closure1.call(CallTestCaseKeyword.groovy)
	at com.kms.katalon.core.keyword.internal.KeywordMain.runKeyword(KeywordMain.groovy:74)
	at com.kms.katalon.core.keyword.builtin.CallTestCaseKeyword.callTestCase(CallTestCaseKeyword.groovy:81)
	at com.kms.katalon.core.keyword.builtin.CallTestCaseKeyword.execute(CallTestCaseKeyword.groovy:44)
	at com.kms.katalon.core.keyword.internal.KeywordExecutor.executeKeywordForPlatform(KeywordExecutor.groovy:74)
	at com.kms.katalon.core.keyword.BuiltinKeywords.callTestCase(BuiltinKeywords.groovy:334)
	at Script1641912734358.run(Script1641912734358.groovy:24)
	... 16 more
)
[[ATTACHMENT|C:\\xampp\\htdocs\\moodle\\Test Automation - SE Bonus\\Reports\\20220116_192056\\Run All Test Cases\\20220116_192056\\1642344014367.png]]

2022-01-16 21:40:14 - [MESSAGE][INFO] - 

2022-01-16 21:40:14 - [MESSAGE][INFO] - ===================== Self-healing Report ====================

2022-01-16 21:40:14 - [MESSAGE][INFO] - One of the failed test object locators has been recovered by Self-healing. Please refer to the Self-healing Insights tab for more details.

2022-01-16 21:40:14 - [MESSAGE][INFO] - To learn more about Self-healing, please read https://docs.katalon.com/katalon-studio/docs/self-healing.html

2022-01-16 21:40:14 - [MESSAGE][INFO] - ==============================================================

2022-01-16 21:40:14 - [MESSAGE][FAILED] - Unable to call Test Case 'Test Cases/Utils/Create course CNPM' (Root cause: com.kms.katalon.core.exception.StepFailedException: Call Test Case 'Test Cases/Utils/Create course CNPM' failed
	at com.kms.katalon.core.keyword.builtin.CallTestCaseKeyword$_callTestCase_closure1.doCall(CallTestCaseKeyword.groovy:63)
	at com.kms.katalon.core.keyword.builtin.CallTestCaseKeyword$_callTestCase_closure1.call(CallTestCaseKeyword.groovy)
	at com.kms.katalon.core.keyword.internal.KeywordMain.runKeyword(KeywordMain.groovy:74)
	at com.kms.katalon.core.keyword.builtin.CallTestCaseKeyword.callTestCase(CallTestCaseKeyword.groovy:81)
	at com.kms.katalon.core.keyword.builtin.CallTestCaseKeyword.execute(CallTestCaseKeyword.groovy:44)
	at com.kms.katalon.core.keyword.internal.KeywordExecutor.executeKeywordForPlatform(KeywordExecutor.groovy:74)
	at com.kms.katalon.core.keyword.BuiltinKeywords.callTestCase(BuiltinKeywords.groovy:334)
	at View grader report site.run(View grader report site:24)
	at com.kms.katalon.core.main.ScriptEngine.run(ScriptEngine.java:194)
	at com.kms.katalon.core.main.ScriptEngine.runScriptAsRawText(ScriptEngine.java:119)
	at com.kms.katalon.core.main.TestCaseExecutor.runScript(TestCaseExecutor.java:442)
	at com.kms.katalon.core.main.TestCaseExecutor.doExecute(TestCaseExecutor.java:433)
	at com.kms.katalon.core.main.TestCaseExecutor.processExecutionPhase(TestCaseExecutor.java:412)
	at com.kms.katalon.core.main.TestCaseExecutor.accessMainPhase(TestCaseExecutor.java:404)
	at com.kms.katalon.core.main.TestCaseExecutor.execute(TestCaseExecutor.java:281)
	at com.kms.katalon.core.main.TestCaseExecutor.execute(TestCaseExecutor.java:363)
	at com.kms.katalon.core.main.TestCaseExecutor.execute(TestCaseExecutor.java:363)
	at com.kms.katalon.core.main.TestCaseExecutor.execute(TestCaseExecutor.java:363)
	at com.kms.katalon.core.main.TestSuiteExecutor.accessTestCaseMainPhase(TestSuiteExecutor.java:202)
	at com.kms.katalon.core.main.TestSuiteExecutor.accessTestSuiteMainPhase(TestSuiteExecutor.java:164)
	at com.kms.katalon.core.main.TestSuiteExecutor.execute(TestSuiteExecutor.java:105)
	at com.kms.katalon.core.main.TestCaseMain.startTestSuite(TestCaseMain.java:181)
	at com.kms.katalon.core.main.TestCaseMain$startTestSuite$0.call(Unknown Source)
	at TempTestSuite1642335656208.run(TempTestSuite1642335656208.groovy:36)
Caused by: com.kms.katalon.core.exception.StepFailedException: Unable to click on object 'Object Repository/Utils/Page_CNPM Danh sch thnh vin/span_Teacher Nguyen'
	at com.kms.katalon.core.webui.keyword.internal.WebUIKeywordMain.stepFailed(WebUIKeywordMain.groovy:64)
	at com.kms.katalon.core.webui.keyword.internal.WebUIKeywordMain.runKeyword(WebUIKeywordMain.groovy:26)
	at com.kms.katalon.core.webui.keyword.builtin.ClickKeyword.click(ClickKeyword.groovy:74)
	at com.kms.katalon.core.webui.keyword.builtin.ClickKeyword.execute(ClickKeyword.groovy:40)
	at com.kms.katalon.core.keyword.internal.KeywordExecutor.executeKeywordForPlatform(KeywordExecutor.groovy:74)
	at com.kms.katalon.core.webui.keyword.WebUiBuiltInKeywords.click(WebUiBuiltInKeywords.groovy:620)
	at com.kms.katalon.core.webui.keyword.WebUiBuiltInKeywords$click$1.call(Unknown Source)
	at Create course CNPM.run(Create course CNPM:48)
	at com.kms.katalon.core.main.ScriptEngine.run(ScriptEngine.java:194)
	at com.kms.katalon.core.main.ScriptEngine.runScriptAsRawText(ScriptEngine.java:119)
	at com.kms.katalon.core.main.TestCaseExecutor.runScript(TestCaseExecutor.java:442)
	at com.kms.katalon.core.main.TestCaseExecutor.doExecute(TestCaseExecutor.java:433)
	at com.kms.katalon.core.main.TestCaseExecutor.processExecutionPhase(TestCaseExecutor.java:412)
	at com.kms.katalon.core.main.TestCaseExecutor.accessMainPhase(TestCaseExecutor.java:404)
	at com.kms.katalon.core.main.TestCaseExecutor.execute(TestCaseExecutor.java:281)
	at com.kms.katalon.core.main.TestCaseMain.runTestCase(TestCaseMain.java:138)
	at com.kms.katalon.core.keyword.builtin.CallTestCaseKeyword$_callTestCase_closure1.doCall(CallTestCaseKeyword.groovy:59)
	... 23 more
Caused by: org.openqa.selenium.ElementNotInteractableException: element not interactable
  (Session info: MicrosoftEdge=97.0.1072.62)
Build info: version: '3.141.59', revision: 'e82be7d358', time: '2018-11-14T08:25:53'
System info: host: 'DESKTOP-11TAGP6', ip: '192.168.56.1', os.name: 'Windows 10', os.arch: 'amd64', os.version: '10.0', java.version: '1.8.0_282'
Driver info: com.kms.katalon.selenium.driver.CEdgeDriver
Capabilities {acceptInsecureCerts: false, browserName: msedge, browserVersion: 97.0.1072.62, javascriptEnabled: true, ms:edgeOptions: {debuggerAddress: localhost:52141}, msedge: {msedgedriverVersion: 97.0.1072.55 (ce3bf33648805..., userDataDir: C:\Users\W10\AppData\Local\...}, networkConnectionEnabled: false, pageLoadStrategy: normal, platform: WINDOWS, platformName: WINDOWS, proxy: Proxy(), setWindowRect: true, strictFileInteractability: false, timeouts: {implicit: 0, pageLoad: 300000, script: 30000}, unhandledPromptBehavior: dismiss and notify, webauthn:extension:credBlob: true, webauthn:extension:largeBlob: true, webauthn:virtualAuthenticators: true}
Session ID: c9c3ea26ea013a8cf2078e6287eab457
	at org.openqa.selenium.remote.http.W3CHttpResponseCodec.createException(W3CHttpResponseCodec.java:187)
	at org.openqa.selenium.remote.http.W3CHttpResponseCodec.decode(W3CHttpResponseCodec.java:122)
	at org.openqa.selenium.remote.http.W3CHttpResponseCodec.decode(W3CHttpResponseCodec.java:49)
	at org.openqa.selenium.remote.HttpCommandExecutor.execute(HttpCommandExecutor.java:158)
	at org.openqa.selenium.remote.service.DriverCommandExecutor.execute(DriverCommandExecutor.java:83)
	at org.openqa.selenium.remote.RemoteWebDriver.execute(RemoteWebDriver.java:552)
	at com.kms.katalon.selenium.driver.CEdgeDriver.execute(CEdgeDriver.java:20)
	at org.openqa.selenium.remote.RemoteWebElement.execute(RemoteWebElement.java:285)
	at org.openqa.selenium.remote.RemoteWebElement.click(RemoteWebElement.java:84)
	at org.openqa.selenium.support.events.EventFiringWebDriver$EventFiringWebElement.lambda$new$0(EventFiringWebDriver.java:404)
	at com.sun.proxy.$Proxy11.click(Unknown Source)
	at org.openqa.selenium.support.events.EventFiringWebDriver$EventFiringWebElement.click(EventFiringWebDriver.java:417)
	at org.openqa.selenium.WebElement$click.call(Unknown Source)
	at com.kms.katalon.core.webui.keyword.builtin.ClickKeyword.clickUntilSuccessWithTimeout(ClickKeyword.groovy:81)
	at com.kms.katalon.core.webui.keyword.builtin.ClickKeyword.clickUntilSuccessWithTimeout(ClickKeyword.groovy)
	at com.kms.katalon.core.webui.keyword.builtin.ClickKeyword$_click_closure1.doCall(ClickKeyword.groovy:67)
	at com.kms.katalon.core.webui.keyword.builtin.ClickKeyword$_click_closure1.call(ClickKeyword.groovy)
	at com.kms.katalon.core.webui.keyword.internal.WebUIKeywordMain.runKeyword(WebUIKeywordMain.groovy:20)
	... 38 more
)]]></system-out>
         <system-err><![CDATA[2022-01-16 21:38:52 - [TEST_CASE][FAILED] - Test Cases/View course grade/View grader report site: Test Cases/View course grade/View grader report site FAILED.
Reason:
com.kms.katalon.core.exception.StepFailedException: Call Test Case 'Test Cases/Utils/Create course CNPM' failed
	at com.kms.katalon.core.keyword.builtin.CallTestCaseKeyword$_callTestCase_closure1.doCall(CallTestCaseKeyword.groovy:63)
	at com.kms.katalon.core.keyword.builtin.CallTestCaseKeyword$_callTestCase_closure1.call(CallTestCaseKeyword.groovy)
	at com.kms.katalon.core.keyword.internal.KeywordMain.runKeyword(KeywordMain.groovy:74)
	at com.kms.katalon.core.keyword.builtin.CallTestCaseKeyword.callTestCase(CallTestCaseKeyword.groovy:81)
	at com.kms.katalon.core.keyword.builtin.CallTestCaseKeyword.execute(CallTestCaseKeyword.groovy:44)
	at com.kms.katalon.core.keyword.internal.KeywordExecutor.executeKeywordForPlatform(KeywordExecutor.groovy:74)
	at com.kms.katalon.core.keyword.BuiltinKeywords.callTestCase(BuiltinKeywords.groovy:334)
	at View grader report site.run(View grader report site:24)
	at com.kms.katalon.core.main.ScriptEngine.run(ScriptEngine.java:194)
	at com.kms.katalon.core.main.ScriptEngine.runScriptAsRawText(ScriptEngine.java:119)
	at com.kms.katalon.core.main.TestCaseExecutor.runScript(TestCaseExecutor.java:442)
	at com.kms.katalon.core.main.TestCaseExecutor.doExecute(TestCaseExecutor.java:433)
	at com.kms.katalon.core.main.TestCaseExecutor.processExecutionPhase(TestCaseExecutor.java:412)
	at com.kms.katalon.core.main.TestCaseExecutor.accessMainPhase(TestCaseExecutor.java:404)
	at com.kms.katalon.core.main.TestCaseExecutor.execute(TestCaseExecutor.java:281)
	at com.kms.katalon.core.main.TestCaseExecutor.execute(TestCaseExecutor.java:363)
	at com.kms.katalon.core.main.TestCaseExecutor.execute(TestCaseExecutor.java:363)
	at com.kms.katalon.core.main.TestCaseExecutor.execute(TestCaseExecutor.java:363)
	at com.kms.katalon.core.main.TestSuiteExecutor.accessTestCaseMainPhase(TestSuiteExecutor.java:202)
	at com.kms.katalon.core.main.TestSuiteExecutor.accessTestSuiteMainPhase(TestSuiteExecutor.java:164)
	at com.kms.katalon.core.main.TestSuiteExecutor.execute(TestSuiteExecutor.java:105)
	at com.kms.katalon.core.main.TestCaseMain.startTestSuite(TestCaseMain.java:181)
	at com.kms.katalon.core.main.TestCaseMain$startTestSuite$0.call(Unknown Source)
	at TempTestSuite1642335656208.run(TempTestSuite1642335656208.groovy:36)
Caused by: com.kms.katalon.core.exception.StepFailedException: Unable to click on object 'Object Repository/Utils/Page_CNPM Danh sch thnh vin/span_Teacher Nguyen'
	at com.kms.katalon.core.webui.keyword.internal.WebUIKeywordMain.stepFailed(WebUIKeywordMain.groovy:64)
	at com.kms.katalon.core.webui.keyword.internal.WebUIKeywordMain.runKeyword(WebUIKeywordMain.groovy:26)
	at com.kms.katalon.core.webui.keyword.builtin.ClickKeyword.click(ClickKeyword.groovy:74)
	at com.kms.katalon.core.webui.keyword.builtin.ClickKeyword.execute(ClickKeyword.groovy:40)
	at com.kms.katalon.core.keyword.internal.KeywordExecutor.executeKeywordForPlatform(KeywordExecutor.groovy:74)
	at com.kms.katalon.core.webui.keyword.WebUiBuiltInKeywords.click(WebUiBuiltInKeywords.groovy:620)
	at com.kms.katalon.core.webui.keyword.WebUiBuiltInKeywords$click$1.call(Unknown Source)
	at Create course CNPM.run(Create course CNPM:48)
	at com.kms.katalon.core.main.ScriptEngine.run(ScriptEngine.java:194)
	at com.kms.katalon.core.main.ScriptEngine.runScriptAsRawText(ScriptEngine.java:119)
	at com.kms.katalon.core.main.TestCaseExecutor.runScript(TestCaseExecutor.java:442)
	at com.kms.katalon.core.main.TestCaseExecutor.doExecute(TestCaseExecutor.java:433)
	at com.kms.katalon.core.main.TestCaseExecutor.processExecutionPhase(TestCaseExecutor.java:412)
	at com.kms.katalon.core.main.TestCaseExecutor.accessMainPhase(TestCaseExecutor.java:404)
	at com.kms.katalon.core.main.TestCaseExecutor.execute(TestCaseExecutor.java:281)
	at com.kms.katalon.core.main.TestCaseMain.runTestCase(TestCaseMain.java:138)
	at com.kms.katalon.core.keyword.builtin.CallTestCaseKeyword$_callTestCase_closure1.doCall(CallTestCaseKeyword.groovy:59)
	... 23 more
Caused by: org.openqa.selenium.ElementNotInteractableException: element not interactable
  (Session info: MicrosoftEdge=97.0.1072.62)
Build info: version: '3.141.59', revision: 'e82be7d358', time: '2018-11-14T08:25:53'
System info: host: 'DESKTOP-11TAGP6', ip: '192.168.56.1', os.name: 'Windows 10', os.arch: 'amd64', os.version: '10.0', java.version: '1.8.0_282'
Driver info: com.kms.katalon.selenium.driver.CEdgeDriver
Capabilities {acceptInsecureCerts: false, browserName: msedge, browserVersion: 97.0.1072.62, javascriptEnabled: true, ms:edgeOptions: {debuggerAddress: localhost:52141}, msedge: {msedgedriverVersion: 97.0.1072.55 (ce3bf33648805..., userDataDir: C:\Users\W10\AppData\Local\...}, networkConnectionEnabled: false, pageLoadStrategy: normal, platform: WINDOWS, platformName: WINDOWS, proxy: Proxy(), setWindowRect: true, strictFileInteractability: false, timeouts: {implicit: 0, pageLoad: 300000, script: 30000}, unhandledPromptBehavior: dismiss and notify, webauthn:extension:credBlob: true, webauthn:extension:largeBlob: true, webauthn:virtualAuthenticators: true}
Session ID: c9c3ea26ea013a8cf2078e6287eab457
	at org.openqa.selenium.remote.http.W3CHttpResponseCodec.createException(W3CHttpResponseCodec.java:187)
	at org.openqa.selenium.remote.http.W3CHttpResponseCodec.decode(W3CHttpResponseCodec.java:122)
	at org.openqa.selenium.remote.http.W3CHttpResponseCodec.decode(W3CHttpResponseCodec.java:49)
	at org.openqa.selenium.remote.HttpCommandExecutor.execute(HttpCommandExecutor.java:158)
	at org.openqa.selenium.remote.service.DriverCommandExecutor.execute(DriverCommandExecutor.java:83)
	at org.openqa.selenium.remote.RemoteWebDriver.execute(RemoteWebDriver.java:552)
	at com.kms.katalon.selenium.driver.CEdgeDriver.execute(CEdgeDriver.java:20)
	at org.openqa.selenium.remote.RemoteWebElement.execute(RemoteWebElement.java:285)
	at org.openqa.selenium.remote.RemoteWebElement.click(RemoteWebElement.java:84)
	at org.openqa.selenium.support.events.EventFiringWebDriver$EventFiringWebElement.lambda$new$0(EventFiringWebDriver.java:404)
	at com.sun.proxy.$Proxy11.click(Unknown Source)
	at org.openqa.selenium.support.events.EventFiringWebDriver$EventFiringWebElement.click(EventFiringWebDriver.java:417)
	at org.openqa.selenium.WebElement$click.call(Unknown Source)
	at com.kms.katalon.core.webui.keyword.builtin.ClickKeyword.clickUntilSuccessWithTimeout(ClickKeyword.groovy:81)
	at com.kms.katalon.core.webui.keyword.builtin.ClickKeyword.clickUntilSuccessWithTimeout(ClickKeyword.groovy)
	at com.kms.katalon.core.webui.keyword.builtin.ClickKeyword$_click_closure1.doCall(ClickKeyword.groovy:67)
	at com.kms.katalon.core.webui.keyword.builtin.ClickKeyword$_click_closure1.call(ClickKeyword.groovy)
	at com.kms.katalon.core.webui.keyword.internal.WebUIKeywordMain.runKeyword(WebUIKeywordMain.groovy:20)
	... 38 more]]></system-err>
      </testcase>
      <system-out><![CDATA[2022-01-16 19:21:09 - [TEST_SUITE][FAILED] - Run All Test Cases: Test Cases/Create New User/Create New User Password Fail FAILED.
Reason:
com.kms.katalon.core.exception.StepFailedException: Unable to click on object 'Object Repository/Create New User/Page_Moodle Khu vc qun tr Thnh vin Ti khon _57274d/em_Click to enter text'
	at com.kms.katalon.core.webui.keyword.internal.WebUIKeywordMain.stepFailed(WebUIKeywordMain.groovy:64)
	at com.kms.katalon.core.webui.keyword.internal.WebUIKeywordMain.runKeyword(WebUIKeywordMain.groovy:26)
	at com.kms.katalon.core.webui.keyword.builtin.ClickKeyword.click(ClickKeyword.groovy:74)
	at com.kms.katalon.core.webui.keyword.builtin.ClickKeyword.execute(ClickKeyword.groovy:40)
	at com.kms.katalon.core.keyword.internal.KeywordExecutor.executeKeywordForPlatform(KeywordExecutor.groovy:74)
	at com.kms.katalon.core.webui.keyword.WebUiBuiltInKeywords.click(WebUiBuiltInKeywords.groovy:620)
	at com.kms.katalon.core.webui.keyword.WebUiBuiltInKeywords$click$1.call(Unknown Source)
	at Create New User Password Fail.run(Create New User Password Fail:42)
	at com.kms.katalon.core.main.ScriptEngine.run(ScriptEngine.java:194)
	at com.kms.katalon.core.main.ScriptEngine.runScriptAsRawText(ScriptEngine.java:119)
	at com.kms.katalon.core.main.TestCaseExecutor.runScript(TestCaseExecutor.java:442)
	at com.kms.katalon.core.main.TestCaseExecutor.doExecute(TestCaseExecutor.java:433)
	at com.kms.katalon.core.main.TestCaseExecutor.processExecutionPhase(TestCaseExecutor.java:412)
	at com.kms.katalon.core.main.TestCaseExecutor.accessMainPhase(TestCaseExecutor.java:404)
	at com.kms.katalon.core.main.TestCaseExecutor.execute(TestCaseExecutor.java:281)
	at com.kms.katalon.core.main.TestSuiteExecutor.accessTestCaseMainPhase(TestSuiteExecutor.java:202)
	at com.kms.katalon.core.main.TestSuiteExecutor.accessTestSuiteMainPhase(TestSuiteExecutor.java:164)
	at com.kms.katalon.core.main.TestSuiteExecutor.execute(TestSuiteExecutor.java:105)
	at com.kms.katalon.core.main.TestCaseMain.startTestSuite(TestCaseMain.java:181)
	at com.kms.katalon.core.main.TestCaseMain$startTestSuite$0.call(Unknown Source)
	at TempTestSuite1642335656208.run(TempTestSuite1642335656208.groovy:36)
Caused by: com.kms.katalon.core.webui.exception.WebElementNotFoundException: Web element with id: 'Object Repository/Create New User/Page_Moodle Khu vc qun tr Thnh vin Ti khon _57274d/em_Click to enter text' located by '//a[@id='yui_3_17_2_1_1642069056468_763']/span/span/em' not found
	at com.kms.katalon.core.webui.common.WebUiCommonHelper.findWebElement(WebUiCommonHelper.java:1368)
	at com.kms.katalon.core.webui.keyword.internal.WebUIAbstractKeyword.findWebElement(WebUIAbstractKeyword.groovy:27)
	at com.kms.katalon.core.webui.keyword.builtin.ClickKeyword$_click_closure1.doCall(ClickKeyword.groovy:65)
	at com.kms.katalon.core.webui.keyword.builtin.ClickKeyword$_click_closure1.call(ClickKeyword.groovy)
	at com.kms.katalon.core.webui.keyword.internal.WebUIKeywordMain.runKeyword(WebUIKeywordMain.groovy:20)
	... 19 more]]></system-out>
      <system-err><![CDATA[2022-01-16 19:21:09 - [TEST_SUITE][FAILED] - Run All Test Cases: Test Cases/Create New User/Create New User Password Fail FAILED.
Reason:
com.kms.katalon.core.exception.StepFailedException: Unable to click on object 'Object Repository/Create New User/Page_Moodle Khu vc qun tr Thnh vin Ti khon _57274d/em_Click to enter text'
	at com.kms.katalon.core.webui.keyword.internal.WebUIKeywordMain.stepFailed(WebUIKeywordMain.groovy:64)
	at com.kms.katalon.core.webui.keyword.internal.WebUIKeywordMain.runKeyword(WebUIKeywordMain.groovy:26)
	at com.kms.katalon.core.webui.keyword.builtin.ClickKeyword.click(ClickKeyword.groovy:74)
	at com.kms.katalon.core.webui.keyword.builtin.ClickKeyword.execute(ClickKeyword.groovy:40)
	at com.kms.katalon.core.keyword.internal.KeywordExecutor.executeKeywordForPlatform(KeywordExecutor.groovy:74)
	at com.kms.katalon.core.webui.keyword.WebUiBuiltInKeywords.click(WebUiBuiltInKeywords.groovy:620)
	at com.kms.katalon.core.webui.keyword.WebUiBuiltInKeywords$click$1.call(Unknown Source)
	at Create New User Password Fail.run(Create New User Password Fail:42)
	at com.kms.katalon.core.main.ScriptEngine.run(ScriptEngine.java:194)
	at com.kms.katalon.core.main.ScriptEngine.runScriptAsRawText(ScriptEngine.java:119)
	at com.kms.katalon.core.main.TestCaseExecutor.runScript(TestCaseExecutor.java:442)
	at com.kms.katalon.core.main.TestCaseExecutor.doExecute(TestCaseExecutor.java:433)
	at com.kms.katalon.core.main.TestCaseExecutor.processExecutionPhase(TestCaseExecutor.java:412)
	at com.kms.katalon.core.main.TestCaseExecutor.accessMainPhase(TestCaseExecutor.java:404)
	at com.kms.katalon.core.main.TestCaseExecutor.execute(TestCaseExecutor.java:281)
	at com.kms.katalon.core.main.TestSuiteExecutor.accessTestCaseMainPhase(TestSuiteExecutor.java:202)
	at com.kms.katalon.core.main.TestSuiteExecutor.accessTestSuiteMainPhase(TestSuiteExecutor.java:164)
	at com.kms.katalon.core.main.TestSuiteExecutor.execute(TestSuiteExecutor.java:105)
	at com.kms.katalon.core.main.TestCaseMain.startTestSuite(TestCaseMain.java:181)
	at com.kms.katalon.core.main.TestCaseMain$startTestSuite$0.call(Unknown Source)
	at TempTestSuite1642335656208.run(TempTestSuite1642335656208.groovy:36)
Caused by: com.kms.katalon.core.webui.exception.WebElementNotFoundException: Web element with id: 'Object Repository/Create New User/Page_Moodle Khu vc qun tr Thnh vin Ti khon _57274d/em_Click to enter text' located by '//a[@id='yui_3_17_2_1_1642069056468_763']/span/span/em' not found
	at com.kms.katalon.core.webui.common.WebUiCommonHelper.findWebElement(WebUiCommonHelper.java:1368)
	at com.kms.katalon.core.webui.keyword.internal.WebUIAbstractKeyword.findWebElement(WebUIAbstractKeyword.groovy:27)
	at com.kms.katalon.core.webui.keyword.builtin.ClickKeyword$_click_closure1.doCall(ClickKeyword.groovy:65)
	at com.kms.katalon.core.webui.keyword.builtin.ClickKeyword$_click_closure1.call(ClickKeyword.groovy)
	at com.kms.katalon.core.webui.keyword.internal.WebUIKeywordMain.runKeyword(WebUIKeywordMain.groovy:20)
	... 19 more]]></system-err>
   </testsuite>
</testsuites>
