<?xml version="1.0" encoding="UTF-8"?>
<testsuites name="Run All Test Cases" time="6503.595" tests="50" failures="0" errors="0">
   <testsuite name="Run All Test Cases" tests="50" failures="0" errors="0" time="6503.595" skipped="0" timestamp="2022-01-17 23:07:41" hostname="W10 - 192.168.56.1" id="Test Suites/Run All Test Cases">
      <properties>
         <property name="deviceName" value=""/>
         <property name="devicePlatform" value=""/>
         <property name="logFolder" value="C:\\xampp\\htdocs\\moodle\\Test Automation - SE Bonus\\Reports\\20220117_230729\\Run All Test Cases\\20220117_230729"/>
         <property name="logFiles" value="C:\\xampp\\htdocs\\moodle\\Test Automation - SE Bonus\\Reports\\20220117_230729\\Run All Test Cases\\20220117_230729\\execution0.log"/>
         <property name="attachments" value="C:\\xampp\\htdocs\\moodle\\Test Automation - SE Bonus\\Reports\\20220117_230729\\Run All Test Cases\\20220117_230729\\1642438585790.png, C:\\xampp\\htdocs\\moodle\\Test Automation - SE Bonus\\Reports\\20220117_230729\\Run All Test Cases\\20220117_230729\\1642438697828.png"/>
         <property name="hostName" value="W10 - 192.168.56.1"/>
         <property name="os" value="Windows 10 64bit"/>
         <property name="katalonVersion" value="8.2.0.208"/>
         <property name="browser" value="Edge Chromium 97"/>
         <property name="hostAddress" value="192.168.56.1"/>
         <property name="sessionId" value="9bb6bda1370a1ca5533b51fdb63e8162"/>
         <property name="seleniumVersion" value="3.141.59"/>
         <property name="proxyInformation" value="ProxyInformation { proxyOption=NO_PROXY, proxyServerType=HTTP, username=, password=********, proxyServerAddress=, proxyServerPort=0, executionList=&quot;&quot;, isApplyToDesiredCapabilities=true }"/>
         <property name="platform" value="Windows 10"/>
      </properties>
      <testcase name="Test Cases/Admin Site/Login with Admin" time="27.696" classname="Test Cases/Admin Site/Login with Admin" status="PASSED">
         <system-out><![CDATA[2022-01-17 23:07:42 - [TEST_CASE][PASSED] - Test Cases/Admin Site/Login with Admin: Test Cases/Admin Site/Login with Admin

2022-01-17 23:07:44 - [TEST_STEP][PASSED] - openBrowser(""): Browser is opened with url: ''

2022-01-17 23:07:46 - [MESSAGE][INFO] - Starting 'Edge Chromium' driver

2022-01-17 23:07:49 - [MESSAGE][INFO] - Action delay is set to 0 milliseconds

2022-01-17 23:07:53 - [MESSAGE][PASSED] - Browser is opened with url: ''

2022-01-17 23:07:53 - [TEST_STEP][PASSED] - navigateToUrl("http://localhost/"): Navigate to 'http://localhost/' successfully

2022-01-17 23:07:56 - [MESSAGE][PASSED] - Navigate to 'http://localhost/' successfully

2022-01-17 23:07:56 - [TEST_STEP][PASSED] - click(findTestObject("Object Repository/Admin Site/Page_Local Moodle/a_Log in")): Object: 'Object Repository/Admin Site/Page_Local Moodle/a_Log in' is clicked on

2022-01-17 23:07:57 - [MESSAGE][PASSED] - Object: 'Object Repository/Admin Site/Page_Local Moodle/a_Log in' is clicked on

2022-01-17 23:07:57 - [TEST_STEP][PASSED] - setText(findTestObject("Object Repository/Admin Site/Page_Local Moodle Log in to the site/input_Username_username"), "admin"): Text 'admin' is set on object 'Object Repository/Admin Site/Page_Local Moodle Log in to the site/input_Username_username'

2022-01-17 23:07:58 - [MESSAGE][PASSED] - Text 'admin' is set on object 'Object Repository/Admin Site/Page_Local Moodle Log in to the site/input_Username_username'

2022-01-17 23:07:58 - [TEST_STEP][PASSED] - setEncryptedText(findTestObject("Object Repository/Admin Site/Page_Local Moodle Log in to the site/input_Password_password"), "bfAykA/oWJ09FXmiKh6lyuuLu8QhG1K5"): Text ****** has been set on object 'Object Repository/Admin Site/Page_Local Moodle Log in to the site/input_Password_password'

2022-01-17 23:07:59 - [MESSAGE][PASSED] - Text ****** has been set on object 'Object Repository/Admin Site/Page_Local Moodle Log in to the site/input_Password_password'

2022-01-17 23:07:59 - [TEST_STEP][PASSED] - click(findTestObject("Object Repository/Admin Site/Page_Local Moodle Log in to the site/button_Log in")): Object: 'Object Repository/Admin Site/Page_Local Moodle Log in to the site/button_Log in' is clicked on

2022-01-17 23:08:03 - [MESSAGE][PASSED] - Object: 'Object Repository/Admin Site/Page_Local Moodle Log in to the site/button_Log in' is clicked on

2022-01-17 23:08:03 - [TEST_STEP][PASSED] - click(findTestObject("Object Repository/Admin Site/Page_Nh ca ti/span_Qun tr khu vc")): Object: 'Object Repository/Admin Site/Page_Nh ca ti/span_Qun tr khu vc' is clicked on

2022-01-17 23:08:10 - [MESSAGE][PASSED] - Object: 'Object Repository/Admin Site/Page_Nh ca ti/span_Qun tr khu vc' is clicked on

2022-01-17 23:08:10 - [TEST_STEP][PASSED] - verifyElementPresent(findTestObject("Object Repository/Admin Site/Page_Moodle Khu vc qun tr Tm kim/a_Qun tr khu vc"), 0): Object 'Object Repository/Admin Site/Page_Moodle Khu vc qun tr Tm kim/a_Qun tr khu vc' is present

2022-01-17 23:08:10 - [MESSAGE][WARNING] - Timeout '0' is invalid. Using default page load timeout: '5'

2022-01-17 23:08:10 - [MESSAGE][PASSED] - Object 'Object Repository/Admin Site/Page_Moodle Khu vc qun tr Tm kim/a_Qun tr khu vc' is present]]></system-out>
         <system-err><![CDATA[]]></system-err>
      </testcase>
      <testcase name="Test Cases/Admin Site/Change full site name" time="50.079" classname="Test Cases/Admin Site/Change full site name" status="PASSED">
         <system-out><![CDATA[2022-01-17 23:08:10 - [TEST_CASE][PASSED] - Test Cases/Admin Site/Change full site name: Test Cases/Admin Site/Change full site name

2022-01-17 23:08:12 - [TEST_STEP][PASSED] - callTestCase(findTestCase("Admin Site/Login with Admin"), [:], STOP_ON_FAILURE): Call Test Case 'Test Cases/Admin Site/Login with Admin' successfully

2022-01-17 23:08:12 - [TEST_CASE][PASSED] - Test Cases/Admin Site/Login with Admin: Test Cases/Admin Site/Login with Admin

2022-01-17 23:08:12 - [TEST_STEP][PASSED] - openBrowser(""): Browser is opened with url: ''

2022-01-17 23:08:12 - [MESSAGE][WARNING] - A browser is already opened. Closing browser and opening a new one

2022-01-17 23:08:14 - [MESSAGE][INFO] - Starting 'Edge Chromium' driver

2022-01-17 23:08:16 - [MESSAGE][INFO] - Action delay is set to 0 milliseconds

2022-01-17 23:08:18 - [MESSAGE][PASSED] - Browser is opened with url: ''

2022-01-17 23:08:18 - [TEST_STEP][PASSED] - navigateToUrl("http://localhost/"): Navigate to 'http://localhost/' successfully

2022-01-17 23:08:20 - [MESSAGE][PASSED] - Navigate to 'http://localhost/' successfully

2022-01-17 23:08:20 - [TEST_STEP][PASSED] - click(findTestObject("Object Repository/Admin Site/Page_Local Moodle/a_Log in")): Object: 'Object Repository/Admin Site/Page_Local Moodle/a_Log in' is clicked on

2022-01-17 23:08:22 - [MESSAGE][PASSED] - Object: 'Object Repository/Admin Site/Page_Local Moodle/a_Log in' is clicked on

2022-01-17 23:08:22 - [TEST_STEP][PASSED] - setText(findTestObject("Object Repository/Admin Site/Page_Local Moodle Log in to the site/input_Username_username"), "admin"): Text 'admin' is set on object 'Object Repository/Admin Site/Page_Local Moodle Log in to the site/input_Username_username'

2022-01-17 23:08:23 - [MESSAGE][PASSED] - Text 'admin' is set on object 'Object Repository/Admin Site/Page_Local Moodle Log in to the site/input_Username_username'

2022-01-17 23:08:23 - [TEST_STEP][PASSED] - setEncryptedText(findTestObject("Object Repository/Admin Site/Page_Local Moodle Log in to the site/input_Password_password"), "bfAykA/oWJ09FXmiKh6lyuuLu8QhG1K5"): Text ****** has been set on object 'Object Repository/Admin Site/Page_Local Moodle Log in to the site/input_Password_password'

2022-01-17 23:08:23 - [MESSAGE][PASSED] - Text ****** has been set on object 'Object Repository/Admin Site/Page_Local Moodle Log in to the site/input_Password_password'

2022-01-17 23:08:23 - [TEST_STEP][PASSED] - click(findTestObject("Object Repository/Admin Site/Page_Local Moodle Log in to the site/button_Log in")): Object: 'Object Repository/Admin Site/Page_Local Moodle Log in to the site/button_Log in' is clicked on

2022-01-17 23:08:27 - [MESSAGE][PASSED] - Object: 'Object Repository/Admin Site/Page_Local Moodle Log in to the site/button_Log in' is clicked on

2022-01-17 23:08:27 - [TEST_STEP][PASSED] - click(findTestObject("Object Repository/Admin Site/Page_Nh ca ti/span_Qun tr khu vc")): Object: 'Object Repository/Admin Site/Page_Nh ca ti/span_Qun tr khu vc' is clicked on

2022-01-17 23:08:33 - [MESSAGE][PASSED] - Object: 'Object Repository/Admin Site/Page_Nh ca ti/span_Qun tr khu vc' is clicked on

2022-01-17 23:08:33 - [TEST_STEP][PASSED] - verifyElementPresent(findTestObject("Object Repository/Admin Site/Page_Moodle Khu vc qun tr Tm kim/a_Qun tr khu vc"), 0): Object 'Object Repository/Admin Site/Page_Moodle Khu vc qun tr Tm kim/a_Qun tr khu vc' is present

2022-01-17 23:08:33 - [MESSAGE][WARNING] - Timeout '0' is invalid. Using default page load timeout: '5'

2022-01-17 23:08:33 - [MESSAGE][PASSED] - Object 'Object Repository/Admin Site/Page_Moodle Khu vc qun tr Tm kim/a_Qun tr khu vc' is present

2022-01-17 23:08:33 - [MESSAGE][PASSED] - Call Test Case 'Test Cases/Admin Site/Login with Admin' successfully

2022-01-17 23:08:33 - [TEST_STEP][PASSED] - click(findTestObject("Object Repository/Admin Site/Page_Moodle Khu vc qun tr Tm kim/a_Thit t trang ch")): Object: 'Object Repository/Admin Site/Page_Moodle Khu vc qun tr Tm kim/a_Thit t trang ch' is clicked on

2022-01-17 23:08:37 - [MESSAGE][PASSED] - Object: 'Object Repository/Admin Site/Page_Moodle Khu vc qun tr Tm kim/a_Thit t trang ch' is clicked on

2022-01-17 23:08:37 - [TEST_STEP][PASSED] - setText(findTestObject("Object Repository/Admin Site/Page_Moodle Khu vc qun tr Trang ch Thit t trang ch/input_fullname_s__fullname"), new_site_name): Text 'New Moodle Site' is set on object 'Object Repository/Admin Site/Page_Moodle Khu vc qun tr Trang ch Thit t trang ch/input_fullname_s__fullname'

2022-01-17 23:08:38 - [MESSAGE][PASSED] - Text 'New Moodle Site' is set on object 'Object Repository/Admin Site/Page_Moodle Khu vc qun tr Trang ch Thit t trang ch/input_fullname_s__fullname'

2022-01-17 23:08:38 - [TEST_STEP][PASSED] - click(findTestObject("Object Repository/Admin Site/Page_Moodle Khu vc qun tr Trang ch Thit t trang ch/button_Lu cc thay i")): Object: 'Object Repository/Admin Site/Page_Moodle Khu vc qun tr Trang ch Thit t trang ch/button_Lu cc thay i' is clicked on

2022-01-17 23:08:45 - [MESSAGE][INFO] - Unable to find the element located by 'By.xpath: //button[@id='yui_3_17_2_1_1641267626847_379']'. Please recheck the objects properties to make sure the desired element is located. 

2022-01-17 23:08:45 - [MESSAGE][WARNING] - [SELF-HEALING] Failed to find element with id 'Object Repository/Admin Site/Page_Moodle Khu vc qun tr Trang ch Thit t trang ch/button_Lu cc thay i'. Try using Self-healing.

2022-01-17 23:08:45 - [MESSAGE][WARNING] - [SELF-HEALING] The current locator of test object 'Object Repository/Admin Site/Page_Moodle Khu vc qun tr Trang ch Thit t trang ch/button_Lu cc thay i' was broken. Propose an alternative one: '(.//*[normalize-space(text()) and normalize-space(.)='Mặc định: Người dùng đã xác thực trên trang chủ (frontpage)'])[1]/following::button[1]'.

2022-01-17 23:08:50 - [MESSAGE][PASSED] - Object: 'Object Repository/Admin Site/Page_Moodle Khu vc qun tr Trang ch Thit t trang ch/button_Lu cc thay i' is clicked on

2022-01-17 23:08:50 - [TEST_STEP][PASSED] - click(findTestObject("Object Repository/Admin Site/Page_Moodle Khu vc qun tr Trang ch Thit t trang ch/a_Qun tr Thnh vin")): Object: 'Object Repository/Admin Site/Page_Moodle Khu vc qun tr Trang ch Thit t trang ch/a_Qun tr Thnh vin' is clicked on

2022-01-17 23:08:51 - [MESSAGE][PASSED] - Object: 'Object Repository/Admin Site/Page_Moodle Khu vc qun tr Trang ch Thit t trang ch/a_Qun tr Thnh vin' is clicked on

2022-01-17 23:08:51 - [TEST_STEP][PASSED] - click(findTestObject("Object Repository/Admin Site/Page_Moodle Khu vc qun tr Trang ch Thit t trang ch/span_Thot")): Object: 'Object Repository/Admin Site/Page_Moodle Khu vc qun tr Trang ch Thit t trang ch/span_Thot' is clicked on

2022-01-17 23:08:52 - [MESSAGE][PASSED] - Object: 'Object Repository/Admin Site/Page_Moodle Khu vc qun tr Trang ch Thit t trang ch/span_Thot' is clicked on

2022-01-17 23:08:52 - [TEST_STEP][PASSED] - verifyElementText(findTestObject("Object Repository/Admin Site/Page_New Moodle/h1_New Moodle_1"), new_site_name): Actual text and expected text of test object 'Object Repository/Admin Site/Page_New Moodle/h1_New Moodle_1' are matched.

2022-01-17 23:08:58 - [MESSAGE][INFO] - Unable to find the element located by 'By.xpath: //h1[@id='yui_3_17_2_1_1641267670435_20']'. Please recheck the objects properties to make sure the desired element is located. 

2022-01-17 23:08:58 - [MESSAGE][WARNING] - [SELF-HEALING] Failed to find element with id 'Object Repository/Admin Site/Page_New Moodle/h1_New Moodle_1'. Try using Self-healing.

2022-01-17 23:08:59 - [MESSAGE][WARNING] - [SELF-HEALING] The current locator of test object 'Object Repository/Admin Site/Page_New Moodle/h1_New Moodle_1' was broken. Propose an alternative one: '(.//*[normalize-space(text()) and normalize-space(.)='Home'])[1]/following::h1[1]'.

2022-01-17 23:08:59 - [MESSAGE][PASSED] - Actual text and expected text of test object 'Object Repository/Admin Site/Page_New Moodle/h1_New Moodle_1' are matched.

2022-01-17 23:08:59 - [TEST_STEP][PASSED] - closeBrowser(): Browser is closed

2022-01-17 23:09:00 - [MESSAGE][PASSED] - Browser is closed]]></system-out>
         <system-err><![CDATA[]]></system-err>
      </testcase>
      <testcase name="Test Cases/Admin Site/Turn on Maintaince mode" time="57.47" classname="Test Cases/Admin Site/Turn on Maintaince mode" status="PASSED">
         <system-out><![CDATA[2022-01-17 23:09:00 - [TEST_CASE][PASSED] - Test Cases/Admin Site/Turn on Maintaince mode: Test Cases/Admin Site/Turn on Maintaince mode

2022-01-17 23:09:02 - [TEST_STEP][PASSED] - callTestCase(findTestCase("Admin Site/Login with Admin"), [:], STOP_ON_FAILURE): Call Test Case 'Test Cases/Admin Site/Login with Admin' successfully

2022-01-17 23:09:03 - [TEST_CASE][PASSED] - Test Cases/Admin Site/Login with Admin: Test Cases/Admin Site/Login with Admin

2022-01-17 23:09:03 - [TEST_STEP][PASSED] - openBrowser(""): Browser is opened with url: ''

2022-01-17 23:09:03 - [MESSAGE][INFO] - Starting 'Edge Chromium' driver

2022-01-17 23:09:05 - [MESSAGE][INFO] - Action delay is set to 0 milliseconds

2022-01-17 23:09:07 - [MESSAGE][PASSED] - Browser is opened with url: ''

2022-01-17 23:09:07 - [TEST_STEP][PASSED] - navigateToUrl("http://localhost/"): Navigate to 'http://localhost/' successfully

2022-01-17 23:09:09 - [MESSAGE][PASSED] - Navigate to 'http://localhost/' successfully

2022-01-17 23:09:09 - [TEST_STEP][PASSED] - click(findTestObject("Object Repository/Admin Site/Page_Local Moodle/a_Log in")): Object: 'Object Repository/Admin Site/Page_Local Moodle/a_Log in' is clicked on

2022-01-17 23:09:10 - [MESSAGE][PASSED] - Object: 'Object Repository/Admin Site/Page_Local Moodle/a_Log in' is clicked on

2022-01-17 23:09:10 - [TEST_STEP][PASSED] - setText(findTestObject("Object Repository/Admin Site/Page_Local Moodle Log in to the site/input_Username_username"), "admin"): Text 'admin' is set on object 'Object Repository/Admin Site/Page_Local Moodle Log in to the site/input_Username_username'

2022-01-17 23:09:11 - [MESSAGE][PASSED] - Text 'admin' is set on object 'Object Repository/Admin Site/Page_Local Moodle Log in to the site/input_Username_username'

2022-01-17 23:09:11 - [TEST_STEP][PASSED] - setEncryptedText(findTestObject("Object Repository/Admin Site/Page_Local Moodle Log in to the site/input_Password_password"), "bfAykA/oWJ09FXmiKh6lyuuLu8QhG1K5"): Text ****** has been set on object 'Object Repository/Admin Site/Page_Local Moodle Log in to the site/input_Password_password'

2022-01-17 23:09:12 - [MESSAGE][PASSED] - Text ****** has been set on object 'Object Repository/Admin Site/Page_Local Moodle Log in to the site/input_Password_password'

2022-01-17 23:09:12 - [TEST_STEP][PASSED] - click(findTestObject("Object Repository/Admin Site/Page_Local Moodle Log in to the site/button_Log in")): Object: 'Object Repository/Admin Site/Page_Local Moodle Log in to the site/button_Log in' is clicked on

2022-01-17 23:09:15 - [MESSAGE][PASSED] - Object: 'Object Repository/Admin Site/Page_Local Moodle Log in to the site/button_Log in' is clicked on

2022-01-17 23:09:15 - [TEST_STEP][PASSED] - click(findTestObject("Object Repository/Admin Site/Page_Nh ca ti/span_Qun tr khu vc")): Object: 'Object Repository/Admin Site/Page_Nh ca ti/span_Qun tr khu vc' is clicked on

2022-01-17 23:09:21 - [MESSAGE][PASSED] - Object: 'Object Repository/Admin Site/Page_Nh ca ti/span_Qun tr khu vc' is clicked on

2022-01-17 23:09:21 - [TEST_STEP][PASSED] - verifyElementPresent(findTestObject("Object Repository/Admin Site/Page_Moodle Khu vc qun tr Tm kim/a_Qun tr khu vc"), 0): Object 'Object Repository/Admin Site/Page_Moodle Khu vc qun tr Tm kim/a_Qun tr khu vc' is present

2022-01-17 23:09:21 - [MESSAGE][WARNING] - Timeout '0' is invalid. Using default page load timeout: '5'

2022-01-17 23:09:22 - [MESSAGE][PASSED] - Object 'Object Repository/Admin Site/Page_Moodle Khu vc qun tr Tm kim/a_Qun tr khu vc' is present

2022-01-17 23:09:22 - [MESSAGE][PASSED] - Call Test Case 'Test Cases/Admin Site/Login with Admin' successfully

2022-01-17 23:09:22 - [TEST_STEP][PASSED] - click(findTestObject("Object Repository/Admin Site/Page_Moodle Khu vc qun tr Tm kim/a_My ch")): Object: 'Object Repository/Admin Site/Page_Moodle Khu vc qun tr Tm kim/a_My ch' is clicked on

2022-01-17 23:09:22 - [MESSAGE][PASSED] - Object: 'Object Repository/Admin Site/Page_Moodle Khu vc qun tr Tm kim/a_My ch' is clicked on

2022-01-17 23:09:22 - [TEST_STEP][PASSED] - click(findTestObject("Object Repository/Admin Site/Page_Moodle Khu vc qun tr Tm kim/a_Ch  bo tr")): Object: 'Object Repository/Admin Site/Page_Moodle Khu vc qun tr Tm kim/a_Ch  bo tr' is clicked on

2022-01-17 23:09:26 - [MESSAGE][PASSED] - Object: 'Object Repository/Admin Site/Page_Moodle Khu vc qun tr Tm kim/a_Ch  bo tr' is clicked on

2022-01-17 23:09:26 - [TEST_STEP][PASSED] - navigateToUrl("http://localhost/admin/settings.php?section=maintenancemode"): Navigate to 'http://localhost/admin/settings.php?section=maintenancemode' successfully

2022-01-17 23:09:29 - [MESSAGE][PASSED] - Navigate to 'http://localhost/admin/settings.php?section=maintenancemode' successfully

2022-01-17 23:09:29 - [TEST_STEP][PASSED] - selectOptionByValue(findTestObject("Object Repository/Admin Site/Page_Moodle Khu vc qun tr My ch Ch  bo tr/select_Tt            M"), "1", true): All options with value '1' are selected in object 'Object Repository/Admin Site/Page_Moodle Khu vc qun tr My ch Ch  bo tr/select_Tt            M'  using regular expression

2022-01-17 23:09:31 - [MESSAGE][PASSED] - All options with value '1' are selected in object 'Object Repository/Admin Site/Page_Moodle Khu vc qun tr My ch Ch  bo tr/select_Tt            M'  using regular expression

2022-01-17 23:09:31 - [TEST_STEP][PASSED] - click(findTestObject("Object Repository/Admin Site/Page_Moodle Khu vc qun tr My ch Ch  bo tr/button_Lu cc thay i")): Object: 'Object Repository/Admin Site/Page_Moodle Khu vc qun tr My ch Ch  bo tr/button_Lu cc thay i' is clicked on

2022-01-17 23:09:36 - [MESSAGE][PASSED] - Object: 'Object Repository/Admin Site/Page_Moodle Khu vc qun tr My ch Ch  bo tr/button_Lu cc thay i' is clicked on

2022-01-17 23:09:36 - [TEST_STEP][PASSED] - click(findTestObject("Object Repository/Admin Site/Page_Moodle Khu vc qun tr My ch Ch  bo tr -_346a94/a_Qun tr Thnh vin")): Object: 'Object Repository/Admin Site/Page_Moodle Khu vc qun tr My ch Ch  bo tr -_346a94/a_Qun tr Thnh vin' is clicked on

2022-01-17 23:09:36 - [MESSAGE][PASSED] - Object: 'Object Repository/Admin Site/Page_Moodle Khu vc qun tr My ch Ch  bo tr -_346a94/a_Qun tr Thnh vin' is clicked on

2022-01-17 23:09:36 - [TEST_STEP][PASSED] - click(findTestObject("Object Repository/Admin Site/Page_Moodle Khu vc qun tr My ch Ch  bo tr -_346a94/a_Thot")): Object: 'Object Repository/Admin Site/Page_Moodle Khu vc qun tr My ch Ch  bo tr -_346a94/a_Thot' is clicked on

2022-01-17 23:09:38 - [MESSAGE][PASSED] - Object: 'Object Repository/Admin Site/Page_Moodle Khu vc qun tr My ch Ch  bo tr -_346a94/a_Thot' is clicked on

2022-01-17 23:09:38 - [TEST_STEP][PASSED] - verifyElementText(findTestObject("Object Repository/Admin Site/Page_New Moodle Site - In maintenance mode/h2_The site is undergoing maintenance and i_04cd85"), "The site is undergoing maintenance and is currently not available"): Actual text and expected text of test object 'Object Repository/Admin Site/Page_New Moodle Site - In maintenance mode/h2_The site is undergoing maintenance and i_04cd85' are matched.

2022-01-17 23:09:38 - [MESSAGE][PASSED] - Actual text and expected text of test object 'Object Repository/Admin Site/Page_New Moodle Site - In maintenance mode/h2_The site is undergoing maintenance and i_04cd85' are matched.

2022-01-17 23:09:38 - [TEST_STEP][PASSED] - click(findTestObject("Object Repository/Admin Site/Page_New Moodle Site - In maintenance mode/a_Data retention summary")): Object: 'Object Repository/Admin Site/Page_New Moodle Site - In maintenance mode/a_Data retention summary' is clicked on

2022-01-17 23:09:40 - [MESSAGE][PASSED] - Object: 'Object Repository/Admin Site/Page_New Moodle Site - In maintenance mode/a_Data retention summary' is clicked on

2022-01-17 23:09:40 - [TEST_STEP][PASSED] - navigateToUrl("http://localhost/admin/tool/dataprivacy/summary.php"): Navigate to 'http://localhost/admin/tool/dataprivacy/summary.php' successfully

2022-01-17 23:09:40 - [MESSAGE][PASSED] - Navigate to 'http://localhost/admin/tool/dataprivacy/summary.php' successfully

2022-01-17 23:09:40 - [TEST_STEP][PASSED] - click(findTestObject("Object Repository/Admin Site/Page_Registry configuration summary - In ma_a4478e/a_Log in")): Object: 'Object Repository/Admin Site/Page_Registry configuration summary - In ma_a4478e/a_Log in' is clicked on

2022-01-17 23:09:42 - [MESSAGE][PASSED] - Object: 'Object Repository/Admin Site/Page_Registry configuration summary - In ma_a4478e/a_Log in' is clicked on

2022-01-17 23:09:42 - [TEST_STEP][PASSED] - setText(findTestObject("Object Repository/Admin Site/Page_New Moodle Site Log in to the site - I_a50ac0/input_Username_username"), "admin"): Text 'admin' is set on object 'Object Repository/Admin Site/Page_New Moodle Site Log in to the site - I_a50ac0/input_Username_username'

2022-01-17 23:09:43 - [MESSAGE][PASSED] - Text 'admin' is set on object 'Object Repository/Admin Site/Page_New Moodle Site Log in to the site - I_a50ac0/input_Username_username'

2022-01-17 23:09:43 - [TEST_STEP][PASSED] - setEncryptedText(findTestObject("Object Repository/Admin Site/Page_New Moodle Site Log in to the site - I_a50ac0/input_Password_password"), "bfAykA/oWJ09FXmiKh6lyuuLu8QhG1K5"): Text ****** has been set on object 'Object Repository/Admin Site/Page_New Moodle Site Log in to the site - I_a50ac0/input_Password_password'

2022-01-17 23:09:44 - [MESSAGE][PASSED] - Text ****** has been set on object 'Object Repository/Admin Site/Page_New Moodle Site Log in to the site - I_a50ac0/input_Password_password'

2022-01-17 23:09:44 - [TEST_STEP][PASSED] - click(findTestObject("Object Repository/Admin Site/Page_New Moodle Site Log in to the site - I_a50ac0/button_Log in")): Object: 'Object Repository/Admin Site/Page_New Moodle Site Log in to the site - I_a50ac0/button_Log in' is clicked on

2022-01-17 23:09:47 - [MESSAGE][PASSED] - Object: 'Object Repository/Admin Site/Page_New Moodle Site Log in to the site - I_a50ac0/button_Log in' is clicked on

2022-01-17 23:09:47 - [TEST_STEP][PASSED] - click(findTestObject("Object Repository/Admin Site/Page_Registry configuration summary - ang  _9bfae6/span_Qun tr khu vc")): Object: 'Object Repository/Admin Site/Page_Registry configuration summary - ang  _9bfae6/span_Qun tr khu vc' is clicked on

2022-01-17 23:09:49 - [MESSAGE][PASSED] - Object: 'Object Repository/Admin Site/Page_Registry configuration summary - ang  _9bfae6/span_Qun tr khu vc' is clicked on

2022-01-17 23:09:49 - [TEST_STEP][PASSED] - click(findTestObject("Object Repository/Admin Site/Page_Moodle Khu vc qun tr Tm kim - ang  ch  bo tr/a_My ch")): Object: 'Object Repository/Admin Site/Page_Moodle Khu vc qun tr Tm kim - ang  ch  bo tr/a_My ch' is clicked on

2022-01-17 23:09:50 - [MESSAGE][PASSED] - Object: 'Object Repository/Admin Site/Page_Moodle Khu vc qun tr Tm kim - ang  ch  bo tr/a_My ch' is clicked on

2022-01-17 23:09:50 - [TEST_STEP][PASSED] - click(findTestObject("Object Repository/Admin Site/Page_Moodle Khu vc qun tr Tm kim - ang  ch  bo tr/a_Ch  bo tr")): Object: 'Object Repository/Admin Site/Page_Moodle Khu vc qun tr Tm kim - ang  ch  bo tr/a_Ch  bo tr' is clicked on

2022-01-17 23:09:52 - [MESSAGE][PASSED] - Object: 'Object Repository/Admin Site/Page_Moodle Khu vc qun tr Tm kim - ang  ch  bo tr/a_Ch  bo tr' is clicked on

2022-01-17 23:09:52 - [TEST_STEP][PASSED] - selectOptionByValue(findTestObject("Object Repository/Admin Site/Page_Moodle Khu vc qun tr My ch Ch  bo tr -_346a94/select_Tt            M"), "0", true): All options with value '0' are selected in object 'Object Repository/Admin Site/Page_Moodle Khu vc qun tr My ch Ch  bo tr -_346a94/select_Tt            M'  using regular expression

2022-01-17 23:09:53 - [MESSAGE][PASSED] - All options with value '0' are selected in object 'Object Repository/Admin Site/Page_Moodle Khu vc qun tr My ch Ch  bo tr -_346a94/select_Tt            M'  using regular expression

2022-01-17 23:09:53 - [TEST_STEP][PASSED] - click(findTestObject("Object Repository/Admin Site/Page_Moodle Khu vc qun tr My ch Ch  bo tr/button_Lu cc thay i")): Object: 'Object Repository/Admin Site/Page_Moodle Khu vc qun tr My ch Ch  bo tr/button_Lu cc thay i' is clicked on

2022-01-17 23:09:57 - [MESSAGE][PASSED] - Object: 'Object Repository/Admin Site/Page_Moodle Khu vc qun tr My ch Ch  bo tr/button_Lu cc thay i' is clicked on

2022-01-17 23:09:57 - [TEST_STEP][PASSED] - closeBrowser(): Browser is closed

2022-01-17 23:09:58 - [MESSAGE][PASSED] - Browser is closed]]></system-out>
         <system-err><![CDATA[]]></system-err>
      </testcase>
      <testcase name="Test Cases/Create New User/Create Normal User" time="121.659" classname="Test Cases/Create New User/Create Normal User" status="PASSED">
         <system-out><![CDATA[2022-01-17 23:09:58 - [TEST_CASE][PASSED] - Test Cases/Create New User/Create Normal User: Test Cases/Create New User/Create Normal User

2022-01-17 23:09:59 - [TEST_STEP][PASSED] - callTestCase(findTestCase("Admin Site/Login with Admin"), [:], STOP_ON_FAILURE): Call Test Case 'Test Cases/Admin Site/Login with Admin' successfully

2022-01-17 23:09:59 - [TEST_CASE][PASSED] - Test Cases/Admin Site/Login with Admin: Test Cases/Admin Site/Login with Admin

2022-01-17 23:09:59 - [TEST_STEP][PASSED] - openBrowser(""): Browser is opened with url: ''

2022-01-17 23:09:59 - [MESSAGE][INFO] - Starting 'Edge Chromium' driver

2022-01-17 23:10:01 - [MESSAGE][INFO] - Action delay is set to 0 milliseconds

2022-01-17 23:10:03 - [MESSAGE][PASSED] - Browser is opened with url: ''

2022-01-17 23:10:03 - [TEST_STEP][PASSED] - navigateToUrl("http://localhost/"): Navigate to 'http://localhost/' successfully

2022-01-17 23:10:04 - [MESSAGE][PASSED] - Navigate to 'http://localhost/' successfully

2022-01-17 23:10:04 - [TEST_STEP][PASSED] - click(findTestObject("Object Repository/Admin Site/Page_Local Moodle/a_Log in")): Object: 'Object Repository/Admin Site/Page_Local Moodle/a_Log in' is clicked on

2022-01-17 23:10:05 - [MESSAGE][PASSED] - Object: 'Object Repository/Admin Site/Page_Local Moodle/a_Log in' is clicked on

2022-01-17 23:10:05 - [TEST_STEP][PASSED] - setText(findTestObject("Object Repository/Admin Site/Page_Local Moodle Log in to the site/input_Username_username"), "admin"): Text 'admin' is set on object 'Object Repository/Admin Site/Page_Local Moodle Log in to the site/input_Username_username'

2022-01-17 23:10:06 - [MESSAGE][PASSED] - Text 'admin' is set on object 'Object Repository/Admin Site/Page_Local Moodle Log in to the site/input_Username_username'

2022-01-17 23:10:06 - [TEST_STEP][PASSED] - setEncryptedText(findTestObject("Object Repository/Admin Site/Page_Local Moodle Log in to the site/input_Password_password"), "bfAykA/oWJ09FXmiKh6lyuuLu8QhG1K5"): Text ****** has been set on object 'Object Repository/Admin Site/Page_Local Moodle Log in to the site/input_Password_password'

2022-01-17 23:10:07 - [MESSAGE][PASSED] - Text ****** has been set on object 'Object Repository/Admin Site/Page_Local Moodle Log in to the site/input_Password_password'

2022-01-17 23:10:07 - [TEST_STEP][PASSED] - click(findTestObject("Object Repository/Admin Site/Page_Local Moodle Log in to the site/button_Log in")): Object: 'Object Repository/Admin Site/Page_Local Moodle Log in to the site/button_Log in' is clicked on

2022-01-17 23:10:11 - [MESSAGE][PASSED] - Object: 'Object Repository/Admin Site/Page_Local Moodle Log in to the site/button_Log in' is clicked on

2022-01-17 23:10:11 - [TEST_STEP][PASSED] - click(findTestObject("Object Repository/Admin Site/Page_Nh ca ti/span_Qun tr khu vc")): Object: 'Object Repository/Admin Site/Page_Nh ca ti/span_Qun tr khu vc' is clicked on

2022-01-17 23:10:18 - [MESSAGE][PASSED] - Object: 'Object Repository/Admin Site/Page_Nh ca ti/span_Qun tr khu vc' is clicked on

2022-01-17 23:10:18 - [TEST_STEP][PASSED] - verifyElementPresent(findTestObject("Object Repository/Admin Site/Page_Moodle Khu vc qun tr Tm kim/a_Qun tr khu vc"), 0): Object 'Object Repository/Admin Site/Page_Moodle Khu vc qun tr Tm kim/a_Qun tr khu vc' is present

2022-01-17 23:10:18 - [MESSAGE][WARNING] - Timeout '0' is invalid. Using default page load timeout: '5'

2022-01-17 23:10:18 - [MESSAGE][PASSED] - Object 'Object Repository/Admin Site/Page_Moodle Khu vc qun tr Tm kim/a_Qun tr khu vc' is present

2022-01-17 23:10:18 - [MESSAGE][PASSED] - Call Test Case 'Test Cases/Admin Site/Login with Admin' successfully

2022-01-17 23:10:18 - [TEST_STEP][PASSED] - click(findTestObject("Object Repository/Create New User/Page_Moodle Khu vc qun tr My ch Ch  bo tr/span_Qun tr khu vc")): Object: 'Object Repository/Create New User/Page_Moodle Khu vc qun tr My ch Ch  bo tr/span_Qun tr khu vc' is clicked on

2022-01-17 23:10:25 - [MESSAGE][INFO] - Unable to find the element located by 'By.xpath: '. Please recheck the objects properties to make sure the desired element is located. 

2022-01-17 23:10:25 - [MESSAGE][WARNING] - [SELF-HEALING] Failed to find element with id 'Object Repository/Create New User/Page_Moodle Khu vc qun tr My ch Ch  bo tr/span_Qun tr khu vc'. Try using Self-healing.

2022-01-17 23:10:25 - [MESSAGE][WARNING] - [SELF-HEALING] The current locator of test object 'Object Repository/Create New User/Page_Moodle Khu vc qun tr My ch Ch  bo tr/span_Qun tr khu vc' was broken. Propose an alternative one: '//div[@id='nav-drawer']/nav[2]/ul/li/a/div/div/span[2]'.

2022-01-17 23:10:27 - [MESSAGE][PASSED] - Object: 'Object Repository/Create New User/Page_Moodle Khu vc qun tr My ch Ch  bo tr/span_Qun tr khu vc' is clicked on

2022-01-17 23:10:27 - [TEST_STEP][PASSED] - click(findTestObject("Object Repository/Create New User/Page_Moodle Khu vc qun tr Tm kim/a_Thnh vin")): Object: 'Object Repository/Create New User/Page_Moodle Khu vc qun tr Tm kim/a_Thnh vin' is clicked on

2022-01-17 23:10:28 - [MESSAGE][PASSED] - Object: 'Object Repository/Create New User/Page_Moodle Khu vc qun tr Tm kim/a_Thnh vin' is clicked on

2022-01-17 23:10:28 - [TEST_STEP][PASSED] - click(findTestObject("Object Repository/Create New User/Page_Moodle Khu vc qun tr Tm kim/a_Thm thnh vin mi")): Object: 'Object Repository/Create New User/Page_Moodle Khu vc qun tr Tm kim/a_Thm thnh vin mi' is clicked on

2022-01-17 23:10:32 - [MESSAGE][PASSED] - Object: 'Object Repository/Create New User/Page_Moodle Khu vc qun tr Tm kim/a_Thm thnh vin mi' is clicked on

2022-01-17 23:10:32 - [TEST_STEP][PASSED] - setText(findTestObject("Object Repository/Create New User/Page_Moodle Khu vc qun tr Thnh vin Ti khon _57274d/input_Tn ti khon_username"), "test_1"): Text 'test_1' is set on object 'Object Repository/Create New User/Page_Moodle Khu vc qun tr Thnh vin Ti khon _57274d/input_Tn ti khon_username'

2022-01-17 23:10:33 - [MESSAGE][PASSED] - Text 'test_1' is set on object 'Object Repository/Create New User/Page_Moodle Khu vc qun tr Thnh vin Ti khon _57274d/input_Tn ti khon_username'

2022-01-17 23:10:33 - [TEST_STEP][PASSED] - click(findTestObject("Object Repository/Create New User/Page_Moodle Khu vc qun tr Thnh vin Ti khon _57274d/a_Click to enter text")): Object: 'Object Repository/Create New User/Page_Moodle Khu vc qun tr Thnh vin Ti khon _57274d/a_Click to enter text' is clicked on

2022-01-17 23:10:40 - [MESSAGE][INFO] - Unable to find the element located by 'By.xpath: //a[@id='yui_3_17_2_1_1641440991320_766']'. Please recheck the objects properties to make sure the desired element is located. 

2022-01-17 23:10:40 - [MESSAGE][WARNING] - [SELF-HEALING] Failed to find element with id 'Object Repository/Create New User/Page_Moodle Khu vc qun tr Thnh vin Ti khon _57274d/a_Click to enter text'. Try using Self-healing.

2022-01-17 23:10:40 - [MESSAGE][WARNING] - [SELF-HEALING] The current locator of test object 'Object Repository/Create New User/Page_Moodle Khu vc qun tr Thnh vin Ti khon _57274d/a_Click to enter text' was broken. Propose an alternative one: '(.//*[normalize-space(text()) and normalize-space(.)='Mật khẩu mới'])[1]/following::a[2]'.

2022-01-17 23:10:40 - [MESSAGE][PASSED] - Object: 'Object Repository/Create New User/Page_Moodle Khu vc qun tr Thnh vin Ti khon _57274d/a_Click to enter text' is clicked on

2022-01-17 23:10:40 - [TEST_STEP][PASSED] - setEncryptedText(findTestObject("Object Repository/Create New User/Page_Moodle Khu vc qun tr Thnh vin Ti khon _57274d/input_Mt khu mi_newpassword"), "cvW8qx4B2o1gIDzvWT+0mQ=="): Text ****** has been set on object 'Object Repository/Create New User/Page_Moodle Khu vc qun tr Thnh vin Ti khon _57274d/input_Mt khu mi_newpassword'

2022-01-17 23:10:41 - [MESSAGE][PASSED] - Text ****** has been set on object 'Object Repository/Create New User/Page_Moodle Khu vc qun tr Thnh vin Ti khon _57274d/input_Mt khu mi_newpassword'

2022-01-17 23:10:41 - [TEST_STEP][PASSED] - setText(findTestObject("Object Repository/Create New User/Page_Moodle Khu vc qun tr Thnh vin Ti khon _57274d/input_Tn m v tn_firstname"), "A"): Text 'A' is set on object 'Object Repository/Create New User/Page_Moodle Khu vc qun tr Thnh vin Ti khon _57274d/input_Tn m v tn_firstname'

2022-01-17 23:10:42 - [MESSAGE][PASSED] - Text 'A' is set on object 'Object Repository/Create New User/Page_Moodle Khu vc qun tr Thnh vin Ti khon _57274d/input_Tn m v tn_firstname'

2022-01-17 23:10:42 - [TEST_STEP][PASSED] - setText(findTestObject("Object Repository/Create New User/Page_Moodle Khu vc qun tr Thnh vin Ti khon _57274d/input_H_lastname"), "Nguyễn"): Text 'Nguyễn' is set on object 'Object Repository/Create New User/Page_Moodle Khu vc qun tr Thnh vin Ti khon _57274d/input_H_lastname'

2022-01-17 23:10:43 - [MESSAGE][PASSED] - Text 'Nguyễn' is set on object 'Object Repository/Create New User/Page_Moodle Khu vc qun tr Thnh vin Ti khon _57274d/input_H_lastname'

2022-01-17 23:10:43 - [TEST_STEP][PASSED] - setText(findTestObject("Object Repository/Create New User/Page_Moodle Khu vc qun tr Thnh vin Ti khon _57274d/input_a ch th in t_email"), "test_1@gmail.com"): Text 'test_1@gmail.com' is set on object 'Object Repository/Create New User/Page_Moodle Khu vc qun tr Thnh vin Ti khon _57274d/input_a ch th in t_email'

2022-01-17 23:10:44 - [MESSAGE][PASSED] - Text 'test_1@gmail.com' is set on object 'Object Repository/Create New User/Page_Moodle Khu vc qun tr Thnh vin Ti khon _57274d/input_a ch th in t_email'

2022-01-17 23:10:44 - [TEST_STEP][PASSED] - selectOptionByValue(findTestObject("Object Repository/Create New User/Page_Moodle Khu vc qun tr Thnh vin Ti khon _57274d/select_Du a ch th in t ca ti            Cho_daca4a"), "0", true): All options with value '0' are selected in object 'Object Repository/Create New User/Page_Moodle Khu vc qun tr Thnh vin Ti khon _57274d/select_Du a ch th in t ca ti            Cho_daca4a'  using regular expression

2022-01-17 23:10:45 - [MESSAGE][PASSED] - All options with value '0' are selected in object 'Object Repository/Create New User/Page_Moodle Khu vc qun tr Thnh vin Ti khon _57274d/select_Du a ch th in t ca ti            Cho_daca4a'  using regular expression

2022-01-17 23:10:45 - [TEST_STEP][PASSED] - setText(findTestObject("Object Repository/Create New User/Page_Moodle Khu vc qun tr Thnh vin Ti khon _57274d/input_TnhThnh ph_city"), "Hồ Chí Minh"): Text 'Hồ Chí Minh' is set on object 'Object Repository/Create New User/Page_Moodle Khu vc qun tr Thnh vin Ti khon _57274d/input_TnhThnh ph_city'

2022-01-17 23:10:46 - [MESSAGE][PASSED] - Text 'Hồ Chí Minh' is set on object 'Object Repository/Create New User/Page_Moodle Khu vc qun tr Thnh vin Ti khon _57274d/input_TnhThnh ph_city'

2022-01-17 23:10:46 - [TEST_STEP][PASSED] - selectOptionByValue(findTestObject("Object Repository/Create New User/Page_Moodle Khu vc qun tr Thnh vin Ti khon _57274d/select_Chn quc gia.            Afghanistan _0db63d"), "VN", true): All options with value 'VN' are selected in object 'Object Repository/Create New User/Page_Moodle Khu vc qun tr Thnh vin Ti khon _57274d/select_Chn quc gia.            Afghanistan _0db63d'  using regular expression

2022-01-17 23:10:58 - [MESSAGE][PASSED] - All options with value 'VN' are selected in object 'Object Repository/Create New User/Page_Moodle Khu vc qun tr Thnh vin Ti khon _57274d/select_Chn quc gia.            Afghanistan _0db63d'  using regular expression

2022-01-17 23:10:58 - [TEST_STEP][PASSED] - click(findTestObject("Object Repository/Create New User/Page_Moodle Khu vc qun tr Thnh vin Ti khon _57274d/a_Ty bin_1")): Object: 'Object Repository/Create New User/Page_Moodle Khu vc qun tr Thnh vin Ti khon _57274d/a_Ty bin_1' is clicked on

2022-01-17 23:11:04 - [MESSAGE][INFO] - Unable to find the element located by 'By.xpath: //a[@id='yui_3_17_2_1_1641374275535_70']'. Please recheck the objects properties to make sure the desired element is located. 

2022-01-17 23:11:04 - [MESSAGE][WARNING] - [SELF-HEALING] Failed to find element with id 'Object Repository/Create New User/Page_Moodle Khu vc qun tr Thnh vin Ti khon _57274d/a_Ty bin_1'. Try using Self-healing.

2022-01-17 23:11:05 - [MESSAGE][WARNING] - [SELF-HEALING] The current locator of test object 'Object Repository/Create New User/Page_Moodle Khu vc qun tr Thnh vin Ti khon _57274d/a_Ty bin_1' was broken. Propose an alternative one: '//a[contains(text(),'Tùy biến')]'.

2022-01-17 23:11:05 - [MESSAGE][PASSED] - Object: 'Object Repository/Create New User/Page_Moodle Khu vc qun tr Thnh vin Ti khon _57274d/a_Ty bin_1' is clicked on

2022-01-17 23:11:05 - [TEST_STEP][PASSED] - setText(findTestObject("Object Repository/Create New User/Page_Moodle Khu vc qun tr Thnh vin Ti khon _57274d/input_KhoaPhngBan_department"), "Công nghệ thông tin"): Text 'Công nghệ thông tin' is set on object 'Object Repository/Create New User/Page_Moodle Khu vc qun tr Thnh vin Ti khon _57274d/input_KhoaPhngBan_department'

2022-01-17 23:11:06 - [MESSAGE][PASSED] - Text 'Công nghệ thông tin' is set on object 'Object Repository/Create New User/Page_Moodle Khu vc qun tr Thnh vin Ti khon _57274d/input_KhoaPhngBan_department'

2022-01-17 23:11:06 - [TEST_STEP][PASSED] - click(findTestObject("Object Repository/Create New User/Page_Moodle Khu vc qun tr Thnh vin Ti khon _57274d/input_a ch_submitbutton")): Object: 'Object Repository/Create New User/Page_Moodle Khu vc qun tr Thnh vin Ti khon _57274d/input_a ch_submitbutton' is clicked on

2022-01-17 23:11:09 - [MESSAGE][PASSED] - Object: 'Object Repository/Create New User/Page_Moodle Khu vc qun tr Thnh vin Ti khon _57274d/input_a ch_submitbutton' is clicked on

2022-01-17 23:11:09 - [TEST_STEP][PASSED] - navigateToUrl("http://localhost/admin/user.php"): Navigate to 'http://localhost/admin/user.php' successfully

2022-01-17 23:11:10 - [MESSAGE][PASSED] - Navigate to 'http://localhost/admin/user.php' successfully

2022-01-17 23:11:10 - [TEST_STEP][PASSED] - click(findTestObject("Object Repository/Create New User/Page_Moodle Khu vc qun tr Thnh vin Ti khon _9bfdd2/a_Qun tr Thnh vin")): Object: 'Object Repository/Create New User/Page_Moodle Khu vc qun tr Thnh vin Ti khon _9bfdd2/a_Qun tr Thnh vin' is clicked on

2022-01-17 23:11:11 - [MESSAGE][PASSED] - Object: 'Object Repository/Create New User/Page_Moodle Khu vc qun tr Thnh vin Ti khon _9bfdd2/a_Qun tr Thnh vin' is clicked on

2022-01-17 23:11:11 - [TEST_STEP][PASSED] - click(findTestObject("Object Repository/Create New User/Page_Moodle Khu vc qun tr Thnh vin Ti khon _9bfdd2/span_Thot")): Object: 'Object Repository/Create New User/Page_Moodle Khu vc qun tr Thnh vin Ti khon _9bfdd2/span_Thot' is clicked on

2022-01-17 23:11:13 - [MESSAGE][PASSED] - Object: 'Object Repository/Create New User/Page_Moodle Khu vc qun tr Thnh vin Ti khon _9bfdd2/span_Thot' is clicked on

2022-01-17 23:11:13 - [TEST_STEP][PASSED] - click(findTestObject("Object Repository/Create New User/Page_Local Moodle/a_Log in")): Object: 'Object Repository/Create New User/Page_Local Moodle/a_Log in' is clicked on

2022-01-17 23:11:14 - [MESSAGE][PASSED] - Object: 'Object Repository/Create New User/Page_Local Moodle/a_Log in' is clicked on

2022-01-17 23:11:14 - [TEST_STEP][PASSED] - setText(findTestObject("Object Repository/Create New User/Page_Local Moodle Log in to the site/input_Username_username"), "test_1"): Text 'test_1' is set on object 'Object Repository/Create New User/Page_Local Moodle Log in to the site/input_Username_username'

2022-01-17 23:11:15 - [MESSAGE][PASSED] - Text 'test_1' is set on object 'Object Repository/Create New User/Page_Local Moodle Log in to the site/input_Username_username'

2022-01-17 23:11:15 - [TEST_STEP][PASSED] - setEncryptedText(findTestObject("Object Repository/Create New User/Page_Local Moodle Log in to the site/input_Password_password"), "cvW8qx4B2o1gIDzvWT+0mQ=="): Text ****** has been set on object 'Object Repository/Create New User/Page_Local Moodle Log in to the site/input_Password_password'

2022-01-17 23:11:16 - [MESSAGE][PASSED] - Text ****** has been set on object 'Object Repository/Create New User/Page_Local Moodle Log in to the site/input_Password_password'

2022-01-17 23:11:16 - [TEST_STEP][PASSED] - click(findTestObject("Object Repository/Create New User/Page_Local Moodle Log in to the site/button_Log in")): Object: 'Object Repository/Create New User/Page_Local Moodle Log in to the site/button_Log in' is clicked on

2022-01-17 23:11:19 - [MESSAGE][PASSED] - Object: 'Object Repository/Create New User/Page_Local Moodle Log in to the site/button_Log in' is clicked on

2022-01-17 23:11:19 - [TEST_STEP][PASSED] - click(findTestObject("Object Repository/Create New User/Page_Nh ca ti/a_A Nguyn")): Object: 'Object Repository/Create New User/Page_Nh ca ti/a_A Nguyn' is clicked on

2022-01-17 23:11:21 - [MESSAGE][PASSED] - Object: 'Object Repository/Create New User/Page_Nh ca ti/a_A Nguyn' is clicked on

2022-01-17 23:11:21 - [TEST_STEP][PASSED] - click(findTestObject("Object Repository/Create New User/Page_Nh ca ti/a_H s")): Object: 'Object Repository/Create New User/Page_Nh ca ti/a_H s' is clicked on

2022-01-17 23:11:23 - [MESSAGE][PASSED] - Object: 'Object Repository/Create New User/Page_Nh ca ti/a_H s' is clicked on

2022-01-17 23:11:23 - [TEST_STEP][PASSED] - verifyElementText(findTestObject("Object Repository/Create New User/Page_A Nguyn H s cng khai/h1_A Nguyn"), "A Nguyễn"): Actual text and expected text of test object 'Object Repository/Create New User/Page_A Nguyn H s cng khai/h1_A Nguyn' are matched.

2022-01-17 23:11:24 - [MESSAGE][PASSED] - Actual text and expected text of test object 'Object Repository/Create New User/Page_A Nguyn H s cng khai/h1_A Nguyn' are matched.

2022-01-17 23:11:24 - [TEST_STEP][PASSED] - verifyElementText(findTestObject("Object Repository/Create New User/Page_A Nguyn H s cng khai/a_test_1gmail.com_1"), "test_1@gmail.com"): Actual text and expected text of test object 'Object Repository/Create New User/Page_A Nguyn H s cng khai/a_test_1gmail.com_1' are matched.

2022-01-17 23:11:24 - [MESSAGE][PASSED] - Actual text and expected text of test object 'Object Repository/Create New User/Page_A Nguyn H s cng khai/a_test_1gmail.com_1' are matched.

2022-01-17 23:11:24 - [TEST_STEP][PASSED] - verifyElementText(findTestObject("Object Repository/Create New User/Page_A Nguyn H s cng khai/dd_Vit Nam"), "Việt Nam"): Actual text and expected text of test object 'Object Repository/Create New User/Page_A Nguyn H s cng khai/dd_Vit Nam' are matched.

2022-01-17 23:11:25 - [MESSAGE][PASSED] - Actual text and expected text of test object 'Object Repository/Create New User/Page_A Nguyn H s cng khai/dd_Vit Nam' are matched.

2022-01-17 23:11:25 - [TEST_STEP][PASSED] - verifyElementText(findTestObject("Object Repository/Create New User/Page_A Nguyn H s cng khai/dd_H Ch Minh"), "Hồ Chí Minh"): Actual text and expected text of test object 'Object Repository/Create New User/Page_A Nguyn H s cng khai/dd_H Ch Minh' are matched.

2022-01-17 23:11:25 - [MESSAGE][PASSED] - Actual text and expected text of test object 'Object Repository/Create New User/Page_A Nguyn H s cng khai/dd_H Ch Minh' are matched.

2022-01-17 23:11:25 - [TEST_STEP][PASSED] - click(findTestObject("Object Repository/Create New User/Page_A Nguyn H s cng khai/a_A Nguyn")): Object: 'Object Repository/Create New User/Page_A Nguyn H s cng khai/a_A Nguyn' is clicked on

2022-01-17 23:11:26 - [MESSAGE][PASSED] - Object: 'Object Repository/Create New User/Page_A Nguyn H s cng khai/a_A Nguyn' is clicked on

2022-01-17 23:11:26 - [TEST_STEP][PASSED] - click(findTestObject("Object Repository/Create New User/Page_A Nguyn H s cng khai/a_Thot")): Object: 'Object Repository/Create New User/Page_A Nguyn H s cng khai/a_Thot' is clicked on

2022-01-17 23:11:27 - [MESSAGE][PASSED] - Object: 'Object Repository/Create New User/Page_A Nguyn H s cng khai/a_Thot' is clicked on

2022-01-17 23:11:27 - [TEST_STEP][PASSED] - click(findTestObject("Object Repository/Create New User/Page_Local Moodle/a_Log in")): Object: 'Object Repository/Create New User/Page_Local Moodle/a_Log in' is clicked on

2022-01-17 23:11:28 - [MESSAGE][PASSED] - Object: 'Object Repository/Create New User/Page_Local Moodle/a_Log in' is clicked on

2022-01-17 23:11:28 - [TEST_STEP][PASSED] - setText(findTestObject("Object Repository/Create New User/Page_Local Moodle Log in to the site/input_Username_username"), "admin"): Text 'admin' is set on object 'Object Repository/Create New User/Page_Local Moodle Log in to the site/input_Username_username'

2022-01-17 23:11:29 - [MESSAGE][PASSED] - Text 'admin' is set on object 'Object Repository/Create New User/Page_Local Moodle Log in to the site/input_Username_username'

2022-01-17 23:11:29 - [TEST_STEP][PASSED] - setEncryptedText(findTestObject("Object Repository/Create New User/Page_Local Moodle Log in to the site/input_Password_password"), "bfAykA/oWJ09FXmiKh6lyuuLu8QhG1K5"): Text ****** has been set on object 'Object Repository/Create New User/Page_Local Moodle Log in to the site/input_Password_password'

2022-01-17 23:11:30 - [MESSAGE][PASSED] - Text ****** has been set on object 'Object Repository/Create New User/Page_Local Moodle Log in to the site/input_Password_password'

2022-01-17 23:11:30 - [TEST_STEP][PASSED] - click(findTestObject("Object Repository/Create New User/Page_Local Moodle Log in to the site/button_Log in")): Object: 'Object Repository/Create New User/Page_Local Moodle Log in to the site/button_Log in' is clicked on

2022-01-17 23:11:33 - [MESSAGE][PASSED] - Object: 'Object Repository/Create New User/Page_Local Moodle Log in to the site/button_Log in' is clicked on

2022-01-17 23:11:33 - [TEST_STEP][PASSED] - click(findTestObject("Object Repository/Create New User/Page_Nh ca ti/span_Qun tr khu vc")): Object: 'Object Repository/Create New User/Page_Nh ca ti/span_Qun tr khu vc' is clicked on

2022-01-17 23:11:38 - [MESSAGE][PASSED] - Object: 'Object Repository/Create New User/Page_Nh ca ti/span_Qun tr khu vc' is clicked on

2022-01-17 23:11:38 - [TEST_STEP][PASSED] - click(findTestObject("Object Repository/Create New User/Page_Moodle Khu vc qun tr Tm kim/a_Thnh vin")): Object: 'Object Repository/Create New User/Page_Moodle Khu vc qun tr Tm kim/a_Thnh vin' is clicked on

2022-01-17 23:11:39 - [MESSAGE][PASSED] - Object: 'Object Repository/Create New User/Page_Moodle Khu vc qun tr Tm kim/a_Thnh vin' is clicked on

2022-01-17 23:11:39 - [TEST_STEP][PASSED] - click(findTestObject("Object Repository/Create New User/Page_Moodle Khu vc qun tr Tm kim/a_Xem danh sch thnh vin")): Object: 'Object Repository/Create New User/Page_Moodle Khu vc qun tr Tm kim/a_Xem danh sch thnh vin' is clicked on

2022-01-17 23:11:41 - [MESSAGE][PASSED] - Object: 'Object Repository/Create New User/Page_Moodle Khu vc qun tr Tm kim/a_Xem danh sch thnh vin' is clicked on

2022-01-17 23:11:41 - [TEST_STEP][PASSED] - click(findTestObject("Object Repository/Create New User/Page_Moodle Khu vc qun tr Thnh vin Ti khon _9bfdd2/i_Vit Nam_yui_3_17_2_1_1642096245171_45")): Object: 'Object Repository/Create New User/Page_Moodle Khu vc qun tr Thnh vin Ti khon _9bfdd2/i_Vit Nam_yui_3_17_2_1_1642096245171_45' is clicked on

2022-01-17 23:11:47 - [MESSAGE][INFO] - Unable to find the element located by 'By.xpath: //i[@id='yui_3_17_2_1_1642096245171_45']'. Please recheck the objects properties to make sure the desired element is located. 

2022-01-17 23:11:47 - [MESSAGE][WARNING] - [SELF-HEALING] Failed to find element with id 'Object Repository/Create New User/Page_Moodle Khu vc qun tr Thnh vin Ti khon _9bfdd2/i_Vit Nam_yui_3_17_2_1_1642096245171_45'. Try using Self-healing.

2022-01-17 23:11:48 - [MESSAGE][WARNING] - [SELF-HEALING] The current locator of test object 'Object Repository/Create New User/Page_Moodle Khu vc qun tr Thnh vin Ti khon _9bfdd2/i_Vit Nam_yui_3_17_2_1_1642096245171_45' was broken. Propose an alternative one: '//td[6]/a/i'.

2022-01-17 23:11:49 - [MESSAGE][PASSED] - Object: 'Object Repository/Create New User/Page_Moodle Khu vc qun tr Thnh vin Ti khon _9bfdd2/i_Vit Nam_yui_3_17_2_1_1642096245171_45' is clicked on

2022-01-17 23:11:49 - [TEST_STEP][PASSED] - click(findTestObject("Object Repository/Create New User/Page_Moodle Khu vc qun tr Thnh vin Ti khon _9bfdd2/button_Xo")): Object: 'Object Repository/Create New User/Page_Moodle Khu vc qun tr Thnh vin Ti khon _9bfdd2/button_Xo' is clicked on

2022-01-17 23:11:55 - [MESSAGE][INFO] - Unable to find the element located by 'By.xpath: //button[@id='single_button61e066810a7c320']'. Please recheck the objects properties to make sure the desired element is located. 

2022-01-17 23:11:55 - [MESSAGE][WARNING] - [SELF-HEALING] Failed to find element with id 'Object Repository/Create New User/Page_Moodle Khu vc qun tr Thnh vin Ti khon _9bfdd2/button_Xo'. Try using Self-healing.

2022-01-17 23:11:56 - [MESSAGE][WARNING] - [SELF-HEALING] The current locator of test object 'Object Repository/Create New User/Page_Moodle Khu vc qun tr Thnh vin Ti khon _9bfdd2/button_Xo' was broken. Propose an alternative one: '//div[@id='modal-footer']/div/div/form/button'.

2022-01-17 23:11:58 - [MESSAGE][PASSED] - Object: 'Object Repository/Create New User/Page_Moodle Khu vc qun tr Thnh vin Ti khon _9bfdd2/button_Xo' is clicked on

2022-01-17 23:11:58 - [TEST_STEP][PASSED] - closeBrowser(): Browser is closed

2022-01-17 23:11:59 - [MESSAGE][PASSED] - Browser is closed]]></system-out>
         <system-err><![CDATA[]]></system-err>
      </testcase>
      <testcase name="Test Cases/Create New User/Create New User Password Fail" time="50.347" classname="Test Cases/Create New User/Create New User Password Fail" status="PASSED">
         <system-out><![CDATA[2022-01-17 23:11:59 - [TEST_CASE][PASSED] - Test Cases/Create New User/Create New User Password Fail: Test Cases/Create New User/Create New User Password Fail

2022-01-17 23:12:00 - [TEST_STEP][PASSED] - callTestCase(findTestCase("Admin Site/Login with Admin"), [:], STOP_ON_FAILURE): Call Test Case 'Test Cases/Admin Site/Login with Admin' successfully

2022-01-17 23:12:01 - [TEST_CASE][PASSED] - Test Cases/Admin Site/Login with Admin: Test Cases/Admin Site/Login with Admin

2022-01-17 23:12:01 - [TEST_STEP][PASSED] - openBrowser(""): Browser is opened with url: ''

2022-01-17 23:12:01 - [MESSAGE][INFO] - Starting 'Edge Chromium' driver

2022-01-17 23:12:03 - [MESSAGE][INFO] - Action delay is set to 0 milliseconds

2022-01-17 23:12:05 - [MESSAGE][PASSED] - Browser is opened with url: ''

2022-01-17 23:12:05 - [TEST_STEP][PASSED] - navigateToUrl("http://localhost/"): Navigate to 'http://localhost/' successfully

2022-01-17 23:12:07 - [MESSAGE][PASSED] - Navigate to 'http://localhost/' successfully

2022-01-17 23:12:07 - [TEST_STEP][PASSED] - click(findTestObject("Object Repository/Admin Site/Page_Local Moodle/a_Log in")): Object: 'Object Repository/Admin Site/Page_Local Moodle/a_Log in' is clicked on

2022-01-17 23:12:09 - [MESSAGE][PASSED] - Object: 'Object Repository/Admin Site/Page_Local Moodle/a_Log in' is clicked on

2022-01-17 23:12:09 - [TEST_STEP][PASSED] - setText(findTestObject("Object Repository/Admin Site/Page_Local Moodle Log in to the site/input_Username_username"), "admin"): Text 'admin' is set on object 'Object Repository/Admin Site/Page_Local Moodle Log in to the site/input_Username_username'

2022-01-17 23:12:10 - [MESSAGE][PASSED] - Text 'admin' is set on object 'Object Repository/Admin Site/Page_Local Moodle Log in to the site/input_Username_username'

2022-01-17 23:12:10 - [TEST_STEP][PASSED] - setEncryptedText(findTestObject("Object Repository/Admin Site/Page_Local Moodle Log in to the site/input_Password_password"), "bfAykA/oWJ09FXmiKh6lyuuLu8QhG1K5"): Text ****** has been set on object 'Object Repository/Admin Site/Page_Local Moodle Log in to the site/input_Password_password'

2022-01-17 23:12:11 - [MESSAGE][PASSED] - Text ****** has been set on object 'Object Repository/Admin Site/Page_Local Moodle Log in to the site/input_Password_password'

2022-01-17 23:12:11 - [TEST_STEP][PASSED] - click(findTestObject("Object Repository/Admin Site/Page_Local Moodle Log in to the site/button_Log in")): Object: 'Object Repository/Admin Site/Page_Local Moodle Log in to the site/button_Log in' is clicked on

2022-01-17 23:12:15 - [MESSAGE][PASSED] - Object: 'Object Repository/Admin Site/Page_Local Moodle Log in to the site/button_Log in' is clicked on

2022-01-17 23:12:15 - [TEST_STEP][PASSED] - click(findTestObject("Object Repository/Admin Site/Page_Nh ca ti/span_Qun tr khu vc")): Object: 'Object Repository/Admin Site/Page_Nh ca ti/span_Qun tr khu vc' is clicked on

2022-01-17 23:12:21 - [MESSAGE][PASSED] - Object: 'Object Repository/Admin Site/Page_Nh ca ti/span_Qun tr khu vc' is clicked on

2022-01-17 23:12:21 - [TEST_STEP][PASSED] - verifyElementPresent(findTestObject("Object Repository/Admin Site/Page_Moodle Khu vc qun tr Tm kim/a_Qun tr khu vc"), 0): Object 'Object Repository/Admin Site/Page_Moodle Khu vc qun tr Tm kim/a_Qun tr khu vc' is present

2022-01-17 23:12:21 - [MESSAGE][WARNING] - Timeout '0' is invalid. Using default page load timeout: '5'

2022-01-17 23:12:21 - [MESSAGE][PASSED] - Object 'Object Repository/Admin Site/Page_Moodle Khu vc qun tr Tm kim/a_Qun tr khu vc' is present

2022-01-17 23:12:21 - [MESSAGE][PASSED] - Call Test Case 'Test Cases/Admin Site/Login with Admin' successfully

2022-01-17 23:12:21 - [TEST_STEP][PASSED] - click(findTestObject("Object Repository/Create New User/Page_Moodle Khu vc qun tr Tm kim/a_Thnh vin")): Object: 'Object Repository/Create New User/Page_Moodle Khu vc qun tr Tm kim/a_Thnh vin' is clicked on

2022-01-17 23:12:22 - [MESSAGE][PASSED] - Object: 'Object Repository/Create New User/Page_Moodle Khu vc qun tr Tm kim/a_Thnh vin' is clicked on

2022-01-17 23:12:22 - [TEST_STEP][PASSED] - click(findTestObject("Object Repository/Create New User/Page_Moodle Khu vc qun tr Tm kim/a_Thm thnh vin mi")): Object: 'Object Repository/Create New User/Page_Moodle Khu vc qun tr Tm kim/a_Thm thnh vin mi' is clicked on

2022-01-17 23:12:26 - [MESSAGE][PASSED] - Object: 'Object Repository/Create New User/Page_Moodle Khu vc qun tr Tm kim/a_Thm thnh vin mi' is clicked on

2022-01-17 23:12:26 - [TEST_STEP][PASSED] - navigateToUrl("http://localhost/user/editadvanced.php?id=-1"): Navigate to 'http://localhost/user/editadvanced.php?id=-1' successfully

2022-01-17 23:12:29 - [MESSAGE][PASSED] - Navigate to 'http://localhost/user/editadvanced.php?id=-1' successfully

2022-01-17 23:12:29 - [TEST_STEP][PASSED] - click(findTestObject("Object Repository/Create New User/Page_Moodle Khu vc qun tr Thnh vin Ti khon _57274d/input_Tn ti khon_username")): Object: 'Object Repository/Create New User/Page_Moodle Khu vc qun tr Thnh vin Ti khon _57274d/input_Tn ti khon_username' is clicked on

2022-01-17 23:12:31 - [MESSAGE][PASSED] - Object: 'Object Repository/Create New User/Page_Moodle Khu vc qun tr Thnh vin Ti khon _57274d/input_Tn ti khon_username' is clicked on

2022-01-17 23:12:31 - [TEST_STEP][PASSED] - setText(findTestObject("Object Repository/Create New User/Page_Moodle Khu vc qun tr Thnh vin Ti khon _57274d/input_Tn ti khon_username"), "test_fail"): Text 'test_fail' is set on object 'Object Repository/Create New User/Page_Moodle Khu vc qun tr Thnh vin Ti khon _57274d/input_Tn ti khon_username'

2022-01-17 23:12:32 - [MESSAGE][PASSED] - Text 'test_fail' is set on object 'Object Repository/Create New User/Page_Moodle Khu vc qun tr Thnh vin Ti khon _57274d/input_Tn ti khon_username'

2022-01-17 23:12:32 - [TEST_STEP][PASSED] - setText(findTestObject("Object Repository/Create New User/Page_Moodle Khu vc qun tr Thnh vin Ti khon _57274d/input_Tn m v tn_firstname"), "1"): Text '1' is set on object 'Object Repository/Create New User/Page_Moodle Khu vc qun tr Thnh vin Ti khon _57274d/input_Tn m v tn_firstname'

2022-01-17 23:12:33 - [MESSAGE][PASSED] - Text '1' is set on object 'Object Repository/Create New User/Page_Moodle Khu vc qun tr Thnh vin Ti khon _57274d/input_Tn m v tn_firstname'

2022-01-17 23:12:33 - [TEST_STEP][PASSED] - setText(findTestObject("Object Repository/Create New User/Page_Moodle Khu vc qun tr Thnh vin Ti khon _57274d/input_H_lastname"), "2"): Text '2' is set on object 'Object Repository/Create New User/Page_Moodle Khu vc qun tr Thnh vin Ti khon _57274d/input_H_lastname'

2022-01-17 23:12:34 - [MESSAGE][PASSED] - Text '2' is set on object 'Object Repository/Create New User/Page_Moodle Khu vc qun tr Thnh vin Ti khon _57274d/input_H_lastname'

2022-01-17 23:12:34 - [TEST_STEP][PASSED] - setText(findTestObject("Object Repository/Create New User/Page_Moodle Khu vc qun tr Thnh vin Ti khon _57274d/input_a ch th in t_email"), "test_fail@gmail.com"): Text 'test_fail@gmail.com' is set on object 'Object Repository/Create New User/Page_Moodle Khu vc qun tr Thnh vin Ti khon _57274d/input_a ch th in t_email'

2022-01-17 23:12:36 - [MESSAGE][PASSED] - Text 'test_fail@gmail.com' is set on object 'Object Repository/Create New User/Page_Moodle Khu vc qun tr Thnh vin Ti khon _57274d/input_a ch th in t_email'

2022-01-17 23:12:36 - [TEST_STEP][PASSED] - click(findTestObject("Object Repository/Create New User/Page_Moodle Khu vc qun tr Thnh vin Ti khon _57274d/em_Click to enter text")): Object: 'Object Repository/Create New User/Page_Moodle Khu vc qun tr Thnh vin Ti khon _57274d/em_Click to enter text' is clicked on

2022-01-17 23:12:42 - [MESSAGE][INFO] - Unable to find the element located by 'By.xpath: //a[@id='yui_3_17_2_1_1642069056468_763']/span/span/em'. Please recheck the objects properties to make sure the desired element is located. 

2022-01-17 23:12:42 - [MESSAGE][WARNING] - [SELF-HEALING] Failed to find element with id 'Object Repository/Create New User/Page_Moodle Khu vc qun tr Thnh vin Ti khon _57274d/em_Click to enter text'. Try using Self-healing.

2022-01-17 23:12:42 - [MESSAGE][WARNING] - [SELF-HEALING] The current locator of test object 'Object Repository/Create New User/Page_Moodle Khu vc qun tr Thnh vin Ti khon _57274d/em_Click to enter text' was broken. Propose an alternative one: '(.//*[normalize-space(text()) and normalize-space(.)='Mật khẩu mới'])[1]/following::em[1]'.

2022-01-17 23:12:42 - [MESSAGE][PASSED] - Object: 'Object Repository/Create New User/Page_Moodle Khu vc qun tr Thnh vin Ti khon _57274d/em_Click to enter text' is clicked on

2022-01-17 23:12:42 - [TEST_STEP][PASSED] - setEncryptedText(findTestObject("Object Repository/Create New User/Page_Moodle Khu vc qun tr Thnh vin Ti khon _57274d/input_Mt khu mi_newpassword"), "RigbBhfdqOBGNlJIWM1ClA=="): Text ****** has been set on object 'Object Repository/Create New User/Page_Moodle Khu vc qun tr Thnh vin Ti khon _57274d/input_Mt khu mi_newpassword'

2022-01-17 23:12:43 - [MESSAGE][PASSED] - Text ****** has been set on object 'Object Repository/Create New User/Page_Moodle Khu vc qun tr Thnh vin Ti khon _57274d/input_Mt khu mi_newpassword'

2022-01-17 23:12:43 - [TEST_STEP][PASSED] - click(findTestObject("Object Repository/Create New User/Page_Moodle Khu vc qun tr Thnh vin Ti khon _57274d/input_a ch_submitbutton")): Object: 'Object Repository/Create New User/Page_Moodle Khu vc qun tr Thnh vin Ti khon _57274d/input_a ch_submitbutton' is clicked on

2022-01-17 23:12:47 - [MESSAGE][PASSED] - Object: 'Object Repository/Create New User/Page_Moodle Khu vc qun tr Thnh vin Ti khon _57274d/input_a ch_submitbutton' is clicked on

2022-01-17 23:12:47 - [TEST_STEP][PASSED] - verifyElementPresent(findTestObject("Object Repository/Create New User/Page_Moodle Khu vc qun tr Thnh vin Ti khon _57274d/div_Mt khu phi c t nht l 1 k t vit thng"), 0): Object 'Object Repository/Create New User/Page_Moodle Khu vc qun tr Thnh vin Ti khon _57274d/div_Mt khu phi c t nht l 1 k t vit thng' is present

2022-01-17 23:12:47 - [MESSAGE][WARNING] - Timeout '0' is invalid. Using default page load timeout: '5'

2022-01-17 23:12:48 - [MESSAGE][PASSED] - Object 'Object Repository/Create New User/Page_Moodle Khu vc qun tr Thnh vin Ti khon _57274d/div_Mt khu phi c t nht l 1 k t vit thng' is present

2022-01-17 23:12:48 - [TEST_STEP][PASSED] - verifyElementPresent(findTestObject("Object Repository/Create New User/Page_Moodle Khu vc qun tr Thnh vin Ti khon _57274d/div_Mt khu phi c t nht l 1 k t vit hoa"), 0): Object 'Object Repository/Create New User/Page_Moodle Khu vc qun tr Thnh vin Ti khon _57274d/div_Mt khu phi c t nht l 1 k t vit hoa' is present

2022-01-17 23:12:48 - [MESSAGE][WARNING] - Timeout '0' is invalid. Using default page load timeout: '5'

2022-01-17 23:12:48 - [MESSAGE][PASSED] - Object 'Object Repository/Create New User/Page_Moodle Khu vc qun tr Thnh vin Ti khon _57274d/div_Mt khu phi c t nht l 1 k t vit hoa' is present

2022-01-17 23:12:48 - [TEST_STEP][PASSED] - verifyElementPresent(findTestObject("Object Repository/Create New User/Page_Moodle Khu vc qun tr Thnh vin Ti khon _57274d/div_Mt khu phi c t nht l 1 k t dng ch"), 0): Object 'Object Repository/Create New User/Page_Moodle Khu vc qun tr Thnh vin Ti khon _57274d/div_Mt khu phi c t nht l 1 k t dng ch' is present

2022-01-17 23:12:48 - [MESSAGE][WARNING] - Timeout '0' is invalid. Using default page load timeout: '5'

2022-01-17 23:12:49 - [MESSAGE][PASSED] - Object 'Object Repository/Create New User/Page_Moodle Khu vc qun tr Thnh vin Ti khon _57274d/div_Mt khu phi c t nht l 1 k t dng ch' is present

2022-01-17 23:12:49 - [TEST_STEP][PASSED] - closeBrowser(): Browser is closed

2022-01-17 23:12:50 - [MESSAGE][PASSED] - Browser is closed]]></system-out>
         <system-err><![CDATA[]]></system-err>
      </testcase>
      <testcase name="Test Cases/Create New User/Create New User With Full Information" time="142.113" classname="Test Cases/Create New User/Create New User With Full Information" status="PASSED">
         <system-out><![CDATA[2022-01-17 23:12:50 - [TEST_CASE][PASSED] - Test Cases/Create New User/Create New User With Full Information: Test Cases/Create New User/Create New User With Full Information

2022-01-17 23:12:51 - [TEST_STEP][PASSED] - callTestCase(findTestCase("Admin Site/Login with Admin"), [:], STOP_ON_FAILURE): Call Test Case 'Test Cases/Admin Site/Login with Admin' successfully

2022-01-17 23:12:51 - [TEST_CASE][PASSED] - Test Cases/Admin Site/Login with Admin: Test Cases/Admin Site/Login with Admin

2022-01-17 23:12:51 - [TEST_STEP][PASSED] - openBrowser(""): Browser is opened with url: ''

2022-01-17 23:12:51 - [MESSAGE][INFO] - Starting 'Edge Chromium' driver

2022-01-17 23:12:53 - [MESSAGE][INFO] - Action delay is set to 0 milliseconds

2022-01-17 23:12:55 - [MESSAGE][PASSED] - Browser is opened with url: ''

2022-01-17 23:12:55 - [TEST_STEP][PASSED] - navigateToUrl("http://localhost/"): Navigate to 'http://localhost/' successfully

2022-01-17 23:12:57 - [MESSAGE][PASSED] - Navigate to 'http://localhost/' successfully

2022-01-17 23:12:57 - [TEST_STEP][PASSED] - click(findTestObject("Object Repository/Admin Site/Page_Local Moodle/a_Log in")): Object: 'Object Repository/Admin Site/Page_Local Moodle/a_Log in' is clicked on

2022-01-17 23:12:58 - [MESSAGE][PASSED] - Object: 'Object Repository/Admin Site/Page_Local Moodle/a_Log in' is clicked on

2022-01-17 23:12:58 - [TEST_STEP][PASSED] - setText(findTestObject("Object Repository/Admin Site/Page_Local Moodle Log in to the site/input_Username_username"), "admin"): Text 'admin' is set on object 'Object Repository/Admin Site/Page_Local Moodle Log in to the site/input_Username_username'

2022-01-17 23:12:59 - [MESSAGE][PASSED] - Text 'admin' is set on object 'Object Repository/Admin Site/Page_Local Moodle Log in to the site/input_Username_username'

2022-01-17 23:12:59 - [TEST_STEP][PASSED] - setEncryptedText(findTestObject("Object Repository/Admin Site/Page_Local Moodle Log in to the site/input_Password_password"), "bfAykA/oWJ09FXmiKh6lyuuLu8QhG1K5"): Text ****** has been set on object 'Object Repository/Admin Site/Page_Local Moodle Log in to the site/input_Password_password'

2022-01-17 23:12:59 - [MESSAGE][PASSED] - Text ****** has been set on object 'Object Repository/Admin Site/Page_Local Moodle Log in to the site/input_Password_password'

2022-01-17 23:12:59 - [TEST_STEP][PASSED] - click(findTestObject("Object Repository/Admin Site/Page_Local Moodle Log in to the site/button_Log in")): Object: 'Object Repository/Admin Site/Page_Local Moodle Log in to the site/button_Log in' is clicked on

2022-01-17 23:13:03 - [MESSAGE][PASSED] - Object: 'Object Repository/Admin Site/Page_Local Moodle Log in to the site/button_Log in' is clicked on

2022-01-17 23:13:03 - [TEST_STEP][PASSED] - click(findTestObject("Object Repository/Admin Site/Page_Nh ca ti/span_Qun tr khu vc")): Object: 'Object Repository/Admin Site/Page_Nh ca ti/span_Qun tr khu vc' is clicked on

2022-01-17 23:13:07 - [MESSAGE][PASSED] - Object: 'Object Repository/Admin Site/Page_Nh ca ti/span_Qun tr khu vc' is clicked on

2022-01-17 23:13:07 - [TEST_STEP][PASSED] - verifyElementPresent(findTestObject("Object Repository/Admin Site/Page_Moodle Khu vc qun tr Tm kim/a_Qun tr khu vc"), 0): Object 'Object Repository/Admin Site/Page_Moodle Khu vc qun tr Tm kim/a_Qun tr khu vc' is present

2022-01-17 23:13:07 - [MESSAGE][WARNING] - Timeout '0' is invalid. Using default page load timeout: '5'

2022-01-17 23:13:08 - [MESSAGE][PASSED] - Object 'Object Repository/Admin Site/Page_Moodle Khu vc qun tr Tm kim/a_Qun tr khu vc' is present

2022-01-17 23:13:08 - [MESSAGE][PASSED] - Call Test Case 'Test Cases/Admin Site/Login with Admin' successfully

2022-01-17 23:13:08 - [TEST_STEP][PASSED] - click(findTestObject("Object Repository/Create New User/Page_Moodle Khu vc qun tr Tm kim/a_Thnh vin")): Object: 'Object Repository/Create New User/Page_Moodle Khu vc qun tr Tm kim/a_Thnh vin' is clicked on

2022-01-17 23:13:08 - [MESSAGE][PASSED] - Object: 'Object Repository/Create New User/Page_Moodle Khu vc qun tr Tm kim/a_Thnh vin' is clicked on

2022-01-17 23:13:08 - [TEST_STEP][PASSED] - click(findTestObject("Object Repository/Create New User/Page_Moodle Khu vc qun tr Tm kim/a_Thm thnh vin mi")): Object: 'Object Repository/Create New User/Page_Moodle Khu vc qun tr Tm kim/a_Thm thnh vin mi' is clicked on

2022-01-17 23:13:11 - [MESSAGE][PASSED] - Object: 'Object Repository/Create New User/Page_Moodle Khu vc qun tr Tm kim/a_Thm thnh vin mi' is clicked on

2022-01-17 23:13:11 - [TEST_STEP][PASSED] - navigateToUrl("http://localhost/user/editadvanced.php?id=-1"): Navigate to 'http://localhost/user/editadvanced.php?id=-1' successfully

2022-01-17 23:13:13 - [MESSAGE][PASSED] - Navigate to 'http://localhost/user/editadvanced.php?id=-1' successfully

2022-01-17 23:13:13 - [TEST_STEP][PASSED] - click(findTestObject("Object Repository/Create New User/Page_Moodle Khu vc qun tr Thnh vin Ti khon _57274d/a_M rng tt c")): Object: 'Object Repository/Create New User/Page_Moodle Khu vc qun tr Thnh vin Ti khon _57274d/a_M rng tt c' is clicked on

2022-01-17 23:13:19 - [MESSAGE][INFO] - Unable to find the element located by 'By.xpath: //*[@href = '#' and @id = 'yui_3_17_2_1_1641375718034_760' and (text() = 'Mở rộng tất cả' or . = 'Mở rộng tất cả')]'. Please recheck the objects properties to make sure the desired element is located. 

2022-01-17 23:13:19 - [MESSAGE][WARNING] - [SELF-HEALING] Failed to find element with id 'Object Repository/Create New User/Page_Moodle Khu vc qun tr Thnh vin Ti khon _57274d/a_M rng tt c'. Try using Self-healing.

2022-01-17 23:13:20 - [MESSAGE][WARNING] - [SELF-HEALING] The current locator of test object 'Object Repository/Create New User/Page_Moodle Khu vc qun tr Thnh vin Ti khon _57274d/a_M rng tt c' was broken. Propose an alternative one: '//a[contains(text(),'Mở rộng tất cả')]'.

2022-01-17 23:13:20 - [MESSAGE][PASSED] - Object: 'Object Repository/Create New User/Page_Moodle Khu vc qun tr Thnh vin Ti khon _57274d/a_M rng tt c' is clicked on

2022-01-17 23:13:20 - [TEST_STEP][PASSED] - setText(findTestObject("Object Repository/Create New User/Page_Moodle Khu vc qun tr Thnh vin Ti khon _57274d/input_Tn ti khon_username"), "test_3"): Text 'test_3' is set on object 'Object Repository/Create New User/Page_Moodle Khu vc qun tr Thnh vin Ti khon _57274d/input_Tn ti khon_username'

2022-01-17 23:13:21 - [MESSAGE][PASSED] - Text 'test_3' is set on object 'Object Repository/Create New User/Page_Moodle Khu vc qun tr Thnh vin Ti khon _57274d/input_Tn ti khon_username'

2022-01-17 23:13:21 - [TEST_STEP][PASSED] - click(findTestObject("Object Repository/Create New User/Page_Moodle Khu vc qun tr Thnh vin Ti khon _57274d/em_Click to enter text")): Object: 'Object Repository/Create New User/Page_Moodle Khu vc qun tr Thnh vin Ti khon _57274d/em_Click to enter text' is clicked on

2022-01-17 23:13:28 - [MESSAGE][INFO] - Unable to find the element located by 'By.xpath: //a[@id='yui_3_17_2_1_1642069056468_763']/span/span/em'. Please recheck the objects properties to make sure the desired element is located. 

2022-01-17 23:13:28 - [MESSAGE][WARNING] - [SELF-HEALING] Failed to find element with id 'Object Repository/Create New User/Page_Moodle Khu vc qun tr Thnh vin Ti khon _57274d/em_Click to enter text'. Try using Self-healing.

2022-01-17 23:13:28 - [MESSAGE][WARNING] - [SELF-HEALING] The current locator of test object 'Object Repository/Create New User/Page_Moodle Khu vc qun tr Thnh vin Ti khon _57274d/em_Click to enter text' was broken. Propose an alternative one: '(.//*[normalize-space(text()) and normalize-space(.)='Mật khẩu mới'])[1]/following::em[1]'.

2022-01-17 23:13:28 - [MESSAGE][PASSED] - Object: 'Object Repository/Create New User/Page_Moodle Khu vc qun tr Thnh vin Ti khon _57274d/em_Click to enter text' is clicked on

2022-01-17 23:13:28 - [TEST_STEP][PASSED] - setEncryptedText(findTestObject("Object Repository/Create New User/Page_Moodle Khu vc qun tr Thnh vin Ti khon _57274d/input_Mt khu mi_newpassword"), "cvW8qx4B2o1gIDzvWT+0mQ=="): Text ****** has been set on object 'Object Repository/Create New User/Page_Moodle Khu vc qun tr Thnh vin Ti khon _57274d/input_Mt khu mi_newpassword'

2022-01-17 23:13:29 - [MESSAGE][PASSED] - Text ****** has been set on object 'Object Repository/Create New User/Page_Moodle Khu vc qun tr Thnh vin Ti khon _57274d/input_Mt khu mi_newpassword'

2022-01-17 23:13:29 - [TEST_STEP][PASSED] - setText(findTestObject("Object Repository/Create New User/Page_Moodle Khu vc qun tr Thnh vin Ti khon _57274d/input_Tn m v tn_firstname"), "C"): Text 'C' is set on object 'Object Repository/Create New User/Page_Moodle Khu vc qun tr Thnh vin Ti khon _57274d/input_Tn m v tn_firstname'

2022-01-17 23:13:30 - [MESSAGE][PASSED] - Text 'C' is set on object 'Object Repository/Create New User/Page_Moodle Khu vc qun tr Thnh vin Ti khon _57274d/input_Tn m v tn_firstname'

2022-01-17 23:13:30 - [TEST_STEP][PASSED] - setText(findTestObject("Object Repository/Create New User/Page_Moodle Khu vc qun tr Thnh vin Ti khon _57274d/input_H_lastname"), "Nguyễn"): Text 'Nguyễn' is set on object 'Object Repository/Create New User/Page_Moodle Khu vc qun tr Thnh vin Ti khon _57274d/input_H_lastname'

2022-01-17 23:13:31 - [MESSAGE][PASSED] - Text 'Nguyễn' is set on object 'Object Repository/Create New User/Page_Moodle Khu vc qun tr Thnh vin Ti khon _57274d/input_H_lastname'

2022-01-17 23:13:31 - [TEST_STEP][PASSED] - setText(findTestObject("Object Repository/Create New User/Page_Moodle Khu vc qun tr Thnh vin Ti khon _57274d/input_a ch th in t_email"), "test_3@gmail.com"): Text 'test_3@gmail.com' is set on object 'Object Repository/Create New User/Page_Moodle Khu vc qun tr Thnh vin Ti khon _57274d/input_a ch th in t_email'

2022-01-17 23:13:32 - [MESSAGE][PASSED] - Text 'test_3@gmail.com' is set on object 'Object Repository/Create New User/Page_Moodle Khu vc qun tr Thnh vin Ti khon _57274d/input_a ch th in t_email'

2022-01-17 23:13:32 - [TEST_STEP][PASSED] - selectOptionByValue(findTestObject("Object Repository/Create New User/Page_Moodle Khu vc qun tr Thnh vin Ti khon _57274d/select_Du a ch th in t ca ti            Cho_daca4a"), "1", true): All options with value '1' are selected in object 'Object Repository/Create New User/Page_Moodle Khu vc qun tr Thnh vin Ti khon _57274d/select_Du a ch th in t ca ti            Cho_daca4a'  using regular expression

2022-01-17 23:13:34 - [MESSAGE][PASSED] - All options with value '1' are selected in object 'Object Repository/Create New User/Page_Moodle Khu vc qun tr Thnh vin Ti khon _57274d/select_Du a ch th in t ca ti            Cho_daca4a'  using regular expression

2022-01-17 23:13:34 - [TEST_STEP][PASSED] - setText(findTestObject("Object Repository/Create New User/Page_Moodle Khu vc qun tr Thnh vin Ti khon _57274d/input_TnhThnh ph_city"), "Hà Nội"): Text 'Hà Nội' is set on object 'Object Repository/Create New User/Page_Moodle Khu vc qun tr Thnh vin Ti khon _57274d/input_TnhThnh ph_city'

2022-01-17 23:13:35 - [MESSAGE][PASSED] - Text 'Hà Nội' is set on object 'Object Repository/Create New User/Page_Moodle Khu vc qun tr Thnh vin Ti khon _57274d/input_TnhThnh ph_city'

2022-01-17 23:13:35 - [TEST_STEP][PASSED] - selectOptionByValue(findTestObject("Object Repository/Create New User/Page_Moodle Khu vc qun tr Thnh vin Ti khon _57274d/select_Chn quc gia.            Afghanistan _0db63d"), "VN", true): All options with value 'VN' are selected in object 'Object Repository/Create New User/Page_Moodle Khu vc qun tr Thnh vin Ti khon _57274d/select_Chn quc gia.            Afghanistan _0db63d'  using regular expression

2022-01-17 23:13:45 - [MESSAGE][PASSED] - All options with value 'VN' are selected in object 'Object Repository/Create New User/Page_Moodle Khu vc qun tr Thnh vin Ti khon _57274d/select_Chn quc gia.            Afghanistan _0db63d'  using regular expression

2022-01-17 23:13:45 - [TEST_STEP][PASSED] - setText(findTestObject("Object Repository/Create New User/Page_Moodle Khu vc qun tr Thnh vin Ti khon _57274d/div_Simple description"), "<p dir="ltr" style="text-align: left;">Simple description</p>"): Text '<p dir="ltr" style="text-align: left;">Simple description</p>' is set on object 'Object Repository/Create New User/Page_Moodle Khu vc qun tr Thnh vin Ti khon _57274d/div_Simple description'

2022-01-17 23:13:47 - [MESSAGE][PASSED] - Text '<p dir="ltr" style="text-align: left;">Simple description</p>' is set on object 'Object Repository/Create New User/Page_Moodle Khu vc qun tr Thnh vin Ti khon _57274d/div_Simple description'

2022-01-17 23:13:47 - [TEST_STEP][PASSED] - click(findTestObject("Object Repository/Create New User/Page_Moodle Khu vc qun tr Thnh vin Ti khon _57274d/a_- Ko th khng c h tr_yui_3_17_2_1_16414382_45899b")): Object: 'Object Repository/Create New User/Page_Moodle Khu vc qun tr Thnh vin Ti khon _57274d/a_- Ko th khng c h tr_yui_3_17_2_1_16414382_45899b' is clicked on

2022-01-17 23:13:53 - [MESSAGE][INFO] - Unable to find the element located by 'By.xpath: '. Please recheck the objects properties to make sure the desired element is located. 

2022-01-17 23:13:53 - [MESSAGE][WARNING] - [SELF-HEALING] Failed to find element with id 'Object Repository/Create New User/Page_Moodle Khu vc qun tr Thnh vin Ti khon _57274d/a_- Ko th khng c h tr_yui_3_17_2_1_16414382_45899b'. Try using Self-healing.

2022-01-17 23:13:54 - [MESSAGE][WARNING] - [SELF-HEALING] The current locator of test object 'Object Repository/Create New User/Page_Moodle Khu vc qun tr Thnh vin Ti khon _57274d/a_- Ko th khng c h tr_yui_3_17_2_1_16414382_45899b' was broken. Propose an alternative one: '(.//*[normalize-space(text()) and normalize-space(.)='- Kéo thả không được hỗ trợ'])[1]/following::a[1]'.

2022-01-17 23:13:54 - [MESSAGE][PASSED] - Object: 'Object Repository/Create New User/Page_Moodle Khu vc qun tr Thnh vin Ti khon _57274d/a_- Ko th khng c h tr_yui_3_17_2_1_16414382_45899b' is clicked on

2022-01-17 23:13:54 - [TEST_STEP][PASSED] - click(findTestObject("Object Repository/Create New User/Page_Moodle Khu vc qun tr Thnh vin Ti khon _57274d/span_Tp tin ring t")): Object: 'Object Repository/Create New User/Page_Moodle Khu vc qun tr Thnh vin Ti khon _57274d/span_Tp tin ring t' is clicked on

2022-01-17 23:14:00 - [MESSAGE][INFO] - Unable to find the element located by 'By.xpath: //span[@id='yui_3_17_2_1_1641438294284_1658']'. Please recheck the objects properties to make sure the desired element is located. 

2022-01-17 23:14:00 - [MESSAGE][WARNING] - [SELF-HEALING] Failed to find element with id 'Object Repository/Create New User/Page_Moodle Khu vc qun tr Thnh vin Ti khon _57274d/span_Tp tin ring t'. Try using Self-healing.

2022-01-17 23:14:01 - [MESSAGE][WARNING] - [SELF-HEALING] The current locator of test object 'Object Repository/Create New User/Page_Moodle Khu vc qun tr Thnh vin Ti khon _57274d/span_Tp tin ring t' was broken. Propose an alternative one: '(.//*[normalize-space(text()) and normalize-space(.)='URL downloader'])[1]/following::span[1]'.

2022-01-17 23:14:01 - [MESSAGE][PASSED] - Object: 'Object Repository/Create New User/Page_Moodle Khu vc qun tr Thnh vin Ti khon _57274d/span_Tp tin ring t' is clicked on

2022-01-17 23:14:01 - [TEST_STEP][PASSED] - click(findTestObject("Object Repository/Create New User/Page_Moodle Khu vc qun tr Thnh vin Ti khon _57274d/div_Wikimedia_yui_3_17_2_1_1641438294284_1691")): Object: 'Object Repository/Create New User/Page_Moodle Khu vc qun tr Thnh vin Ti khon _57274d/div_Wikimedia_yui_3_17_2_1_1641438294284_1691' is clicked on

2022-01-17 23:14:07 - [MESSAGE][INFO] - Unable to find the element located by 'By.xpath: //div[@id='yui_3_17_2_1_1641438294284_1691']'. Please recheck the objects properties to make sure the desired element is located. 

2022-01-17 23:14:07 - [MESSAGE][WARNING] - [SELF-HEALING] Failed to find element with id 'Object Repository/Create New User/Page_Moodle Khu vc qun tr Thnh vin Ti khon _57274d/div_Wikimedia_yui_3_17_2_1_1641438294284_1691'. Try using Self-healing.

2022-01-17 23:14:07 - [MESSAGE][WARNING] - [SELF-HEALING] The current locator of test object 'Object Repository/Create New User/Page_Moodle Khu vc qun tr Thnh vin Ti khon _57274d/div_Wikimedia_yui_3_17_2_1_1641438294284_1691' was broken. Propose an alternative one: '//div[2]/div/a/div/div[3]'.

2022-01-17 23:14:08 - [MESSAGE][PASSED] - Object: 'Object Repository/Create New User/Page_Moodle Khu vc qun tr Thnh vin Ti khon _57274d/div_Wikimedia_yui_3_17_2_1_1641438294284_1691' is clicked on

2022-01-17 23:14:08 - [TEST_STEP][PASSED] - click(findTestObject("Object Repository/Create New User/Page_Moodle Khu vc qun tr Thnh vin Ti khon _57274d/button_Chn tp ny")): Object: 'Object Repository/Create New User/Page_Moodle Khu vc qun tr Thnh vin Ti khon _57274d/button_Chn tp ny' is clicked on

2022-01-17 23:14:14 - [MESSAGE][INFO] - Unable to find the element located by 'By.xpath: //button[@id='yui_3_17_2_1_1641438294284_1779']'. Please recheck the objects properties to make sure the desired element is located. 

2022-01-17 23:14:14 - [MESSAGE][WARNING] - [SELF-HEALING] Failed to find element with id 'Object Repository/Create New User/Page_Moodle Khu vc qun tr Thnh vin Ti khon _57274d/button_Chn tp ny'. Try using Self-healing.

2022-01-17 23:14:15 - [MESSAGE][WARNING] - [SELF-HEALING] The current locator of test object 'Object Repository/Create New User/Page_Moodle Khu vc qun tr Thnh vin Ti khon _57274d/button_Chn tp ny' was broken. Propose an alternative one: '(.//*[normalize-space(text()) and normalize-space(.)='Chọn giấy phép'])[2]/following::button[1]'.

2022-01-17 23:14:15 - [MESSAGE][PASSED] - Object: 'Object Repository/Create New User/Page_Moodle Khu vc qun tr Thnh vin Ti khon _57274d/button_Chn tp ny' is clicked on

2022-01-17 23:14:15 - [TEST_STEP][PASSED] - setText(findTestObject("Object Repository/Create New User/Page_Moodle Khu vc qun tr Thnh vin Ti khon _57274d/input_M s ID_idnumber"), "19120036"): Text '19120036' is set on object 'Object Repository/Create New User/Page_Moodle Khu vc qun tr Thnh vin Ti khon _57274d/input_M s ID_idnumber'

2022-01-17 23:14:17 - [MESSAGE][PASSED] - Text '19120036' is set on object 'Object Repository/Create New User/Page_Moodle Khu vc qun tr Thnh vin Ti khon _57274d/input_M s ID_idnumber'

2022-01-17 23:14:17 - [TEST_STEP][PASSED] - click(findTestObject("Object Repository/Create New User/Page_Moodle Khu vc qun tr Thnh vin Ti khon _57274d/input_C quan_institution")): Object: 'Object Repository/Create New User/Page_Moodle Khu vc qun tr Thnh vin Ti khon _57274d/input_C quan_institution' is clicked on

2022-01-17 23:14:18 - [MESSAGE][PASSED] - Object: 'Object Repository/Create New User/Page_Moodle Khu vc qun tr Thnh vin Ti khon _57274d/input_C quan_institution' is clicked on

2022-01-17 23:14:18 - [TEST_STEP][PASSED] - setText(findTestObject("Object Repository/Create New User/Page_Moodle Khu vc qun tr Thnh vin Ti khon _57274d/input_KhoaPhngBan_department"), "Công nghệ thông tin"): Text 'Công nghệ thông tin' is set on object 'Object Repository/Create New User/Page_Moodle Khu vc qun tr Thnh vin Ti khon _57274d/input_KhoaPhngBan_department'

2022-01-17 23:14:19 - [MESSAGE][PASSED] - Text 'Công nghệ thông tin' is set on object 'Object Repository/Create New User/Page_Moodle Khu vc qun tr Thnh vin Ti khon _57274d/input_KhoaPhngBan_department'

2022-01-17 23:14:19 - [TEST_STEP][PASSED] - setText(findTestObject("Object Repository/Create New User/Page_Moodle Khu vc qun tr Thnh vin Ti khon _57274d/input_in thoi_phone1"), "0123456789"): Text '0123456789' is set on object 'Object Repository/Create New User/Page_Moodle Khu vc qun tr Thnh vin Ti khon _57274d/input_in thoi_phone1'

2022-01-17 23:14:20 - [MESSAGE][PASSED] - Text '0123456789' is set on object 'Object Repository/Create New User/Page_Moodle Khu vc qun tr Thnh vin Ti khon _57274d/input_in thoi_phone1'

2022-01-17 23:14:20 - [TEST_STEP][PASSED] - setText(findTestObject("Object Repository/Create New User/Page_Moodle Khu vc qun tr Thnh vin Ti khon _57274d/input_in thoi di ng_phone2"), "0989989998"): Text '0989989998' is set on object 'Object Repository/Create New User/Page_Moodle Khu vc qun tr Thnh vin Ti khon _57274d/input_in thoi di ng_phone2'

2022-01-17 23:14:21 - [MESSAGE][PASSED] - Text '0989989998' is set on object 'Object Repository/Create New User/Page_Moodle Khu vc qun tr Thnh vin Ti khon _57274d/input_in thoi di ng_phone2'

2022-01-17 23:14:21 - [TEST_STEP][PASSED] - setText(findTestObject("Object Repository/Create New User/Page_Moodle Khu vc qun tr Thnh vin Ti khon _57274d/input_a ch_address"), "Thủ Đức"): Text 'Thủ Đức' is set on object 'Object Repository/Create New User/Page_Moodle Khu vc qun tr Thnh vin Ti khon _57274d/input_a ch_address'

2022-01-17 23:14:22 - [MESSAGE][PASSED] - Text 'Thủ Đức' is set on object 'Object Repository/Create New User/Page_Moodle Khu vc qun tr Thnh vin Ti khon _57274d/input_a ch_address'

2022-01-17 23:14:22 - [TEST_STEP][PASSED] - click(findTestObject("Object Repository/Create New User/Page_Moodle Khu vc qun tr Thnh vin Ti khon _57274d/input_a ch_submitbutton")): Object: 'Object Repository/Create New User/Page_Moodle Khu vc qun tr Thnh vin Ti khon _57274d/input_a ch_submitbutton' is clicked on

2022-01-17 23:14:27 - [MESSAGE][PASSED] - Object: 'Object Repository/Create New User/Page_Moodle Khu vc qun tr Thnh vin Ti khon _57274d/input_a ch_submitbutton' is clicked on

2022-01-17 23:14:27 - [TEST_STEP][PASSED] - click(findTestObject("Object Repository/Create New User/Page_Moodle Khu vc qun tr Thnh vin Ti khon _9bfdd2/a_Qun tr Thnh vin")): Object: 'Object Repository/Create New User/Page_Moodle Khu vc qun tr Thnh vin Ti khon _9bfdd2/a_Qun tr Thnh vin' is clicked on

2022-01-17 23:14:28 - [MESSAGE][PASSED] - Object: 'Object Repository/Create New User/Page_Moodle Khu vc qun tr Thnh vin Ti khon _9bfdd2/a_Qun tr Thnh vin' is clicked on

2022-01-17 23:14:28 - [TEST_STEP][PASSED] - click(findTestObject("Object Repository/Create New User/Page_Moodle Khu vc qun tr Thnh vin Ti khon _9bfdd2/a_Thot")): Object: 'Object Repository/Create New User/Page_Moodle Khu vc qun tr Thnh vin Ti khon _9bfdd2/a_Thot' is clicked on

2022-01-17 23:14:34 - [MESSAGE][INFO] - Unable to find the element located by 'By.xpath: //a[@id='yui_3_17_2_1_1641376127163_564']'. Please recheck the objects properties to make sure the desired element is located. 

2022-01-17 23:14:34 - [MESSAGE][WARNING] - [SELF-HEALING] Failed to find element with id 'Object Repository/Create New User/Page_Moodle Khu vc qun tr Thnh vin Ti khon _9bfdd2/a_Thot'. Try using Self-healing.

2022-01-17 23:14:34 - [MESSAGE][WARNING] - [SELF-HEALING] The current locator of test object 'Object Repository/Create New User/Page_Moodle Khu vc qun tr Thnh vin Ti khon _9bfdd2/a_Thot' was broken. Propose an alternative one: '//div[@id='action-menu-1-menu']/a[6]'.

2022-01-17 23:14:35 - [MESSAGE][PASSED] - Object: 'Object Repository/Create New User/Page_Moodle Khu vc qun tr Thnh vin Ti khon _9bfdd2/a_Thot' is clicked on

2022-01-17 23:14:35 - [TEST_STEP][PASSED] - click(findTestObject("Object Repository/Create New User/Page_Local Moodle/a_Log in")): Object: 'Object Repository/Create New User/Page_Local Moodle/a_Log in' is clicked on

2022-01-17 23:14:36 - [MESSAGE][PASSED] - Object: 'Object Repository/Create New User/Page_Local Moodle/a_Log in' is clicked on

2022-01-17 23:14:36 - [TEST_STEP][PASSED] - setText(findTestObject("Object Repository/Create New User/Page_Local Moodle Log in to the site/input_Username_username"), "test_3"): Text 'test_3' is set on object 'Object Repository/Create New User/Page_Local Moodle Log in to the site/input_Username_username'

2022-01-17 23:14:37 - [MESSAGE][PASSED] - Text 'test_3' is set on object 'Object Repository/Create New User/Page_Local Moodle Log in to the site/input_Username_username'

2022-01-17 23:14:37 - [TEST_STEP][PASSED] - setEncryptedText(findTestObject("Object Repository/Create New User/Page_Local Moodle Log in to the site/input_Password_password"), "cvW8qx4B2o1gIDzvWT+0mQ=="): Text ****** has been set on object 'Object Repository/Create New User/Page_Local Moodle Log in to the site/input_Password_password'

2022-01-17 23:14:38 - [MESSAGE][PASSED] - Text ****** has been set on object 'Object Repository/Create New User/Page_Local Moodle Log in to the site/input_Password_password'

2022-01-17 23:14:38 - [TEST_STEP][PASSED] - click(findTestObject("Object Repository/Create New User/Page_Local Moodle Log in to the site/button_Log in")): Object: 'Object Repository/Create New User/Page_Local Moodle Log in to the site/button_Log in' is clicked on

2022-01-17 23:14:40 - [MESSAGE][PASSED] - Object: 'Object Repository/Create New User/Page_Local Moodle Log in to the site/button_Log in' is clicked on

2022-01-17 23:14:40 - [TEST_STEP][PASSED] - click(findTestObject("Object Repository/Create New User/Page_Nh ca ti/a_C Nguyn")): Object: 'Object Repository/Create New User/Page_Nh ca ti/a_C Nguyn' is clicked on

2022-01-17 23:14:42 - [MESSAGE][PASSED] - Object: 'Object Repository/Create New User/Page_Nh ca ti/a_C Nguyn' is clicked on

2022-01-17 23:14:42 - [TEST_STEP][PASSED] - click(findTestObject("Object Repository/Create New User/Page_Nh ca ti/span_H s")): Object: 'Object Repository/Create New User/Page_Nh ca ti/span_H s' is clicked on

2022-01-17 23:14:43 - [MESSAGE][PASSED] - Object: 'Object Repository/Create New User/Page_Nh ca ti/span_H s' is clicked on

2022-01-17 23:14:43 - [TEST_STEP][PASSED] - verifyElementText(findTestObject("Object Repository/Create New User/Page_C Nguyn H s cng khai/h1_C Nguyn"), "C Nguyễn"): Actual text and expected text of test object 'Object Repository/Create New User/Page_C Nguyn H s cng khai/h1_C Nguyn' are matched.

2022-01-17 23:14:44 - [MESSAGE][PASSED] - Actual text and expected text of test object 'Object Repository/Create New User/Page_C Nguyn H s cng khai/h1_C Nguyn' are matched.

2022-01-17 23:14:44 - [TEST_STEP][PASSED] - verifyElementText(findTestObject("Object Repository/Create New User/Page_C Nguyn H s cng khai/a_test_3gmail.com"), "test_3@gmail.com"): Actual text and expected text of test object 'Object Repository/Create New User/Page_C Nguyn H s cng khai/a_test_3gmail.com' are matched.

2022-01-17 23:14:45 - [MESSAGE][PASSED] - Actual text and expected text of test object 'Object Repository/Create New User/Page_C Nguyn H s cng khai/a_test_3gmail.com' are matched.

2022-01-17 23:14:45 - [TEST_STEP][PASSED] - verifyElementText(findTestObject("Object Repository/Create New User/Page_C Nguyn H s cng khai/dd_Vit Nam"), "Việt Nam"): Actual text and expected text of test object 'Object Repository/Create New User/Page_C Nguyn H s cng khai/dd_Vit Nam' are matched.

2022-01-17 23:14:45 - [MESSAGE][PASSED] - Actual text and expected text of test object 'Object Repository/Create New User/Page_C Nguyn H s cng khai/dd_Vit Nam' are matched.

2022-01-17 23:14:45 - [TEST_STEP][PASSED] - verifyElementPresent(findTestObject("Object Repository/Create New User/Page_C Nguyn H s cng khai/img_Tp tin ring t_userpicture"), 0): Object 'Object Repository/Create New User/Page_C Nguyn H s cng khai/img_Tp tin ring t_userpicture' is present

2022-01-17 23:14:45 - [MESSAGE][WARNING] - Timeout '0' is invalid. Using default page load timeout: '5'

2022-01-17 23:14:46 - [MESSAGE][PASSED] - Object 'Object Repository/Create New User/Page_C Nguyn H s cng khai/img_Tp tin ring t_userpicture' is present

2022-01-17 23:14:46 - [TEST_STEP][PASSED] - click(findTestObject("Object Repository/Create New User/Page_C Nguyn H s cng khai/a_C Nguyn")): Object: 'Object Repository/Create New User/Page_C Nguyn H s cng khai/a_C Nguyn' is clicked on

2022-01-17 23:14:46 - [MESSAGE][PASSED] - Object: 'Object Repository/Create New User/Page_C Nguyn H s cng khai/a_C Nguyn' is clicked on

2022-01-17 23:14:46 - [TEST_STEP][PASSED] - click(findTestObject("Object Repository/Create New User/Page_C Nguyn H s cng khai/span_Thot")): Object: 'Object Repository/Create New User/Page_C Nguyn H s cng khai/span_Thot' is clicked on

2022-01-17 23:14:47 - [MESSAGE][PASSED] - Object: 'Object Repository/Create New User/Page_C Nguyn H s cng khai/span_Thot' is clicked on

2022-01-17 23:14:47 - [TEST_STEP][PASSED] - click(findTestObject("Object Repository/Create New User/Page_Local Moodle/a_Log in")): Object: 'Object Repository/Create New User/Page_Local Moodle/a_Log in' is clicked on

2022-01-17 23:14:48 - [MESSAGE][PASSED] - Object: 'Object Repository/Create New User/Page_Local Moodle/a_Log in' is clicked on

2022-01-17 23:14:48 - [TEST_STEP][PASSED] - setText(findTestObject("Object Repository/Create New User/Page_Local Moodle Log in to the site/input_Username_username"), "admin"): Text 'admin' is set on object 'Object Repository/Create New User/Page_Local Moodle Log in to the site/input_Username_username'

2022-01-17 23:14:49 - [MESSAGE][PASSED] - Text 'admin' is set on object 'Object Repository/Create New User/Page_Local Moodle Log in to the site/input_Username_username'

2022-01-17 23:14:49 - [TEST_STEP][PASSED] - setEncryptedText(findTestObject("Object Repository/Create New User/Page_Local Moodle Log in to the site/input_Password_password"), "bfAykA/oWJ09FXmiKh6lyuuLu8QhG1K5"): Text ****** has been set on object 'Object Repository/Create New User/Page_Local Moodle Log in to the site/input_Password_password'

2022-01-17 23:14:50 - [MESSAGE][PASSED] - Text ****** has been set on object 'Object Repository/Create New User/Page_Local Moodle Log in to the site/input_Password_password'

2022-01-17 23:14:50 - [TEST_STEP][PASSED] - click(findTestObject("Object Repository/Create New User/Page_Local Moodle Log in to the site/button_Log in")): Object: 'Object Repository/Create New User/Page_Local Moodle Log in to the site/button_Log in' is clicked on

2022-01-17 23:14:53 - [MESSAGE][PASSED] - Object: 'Object Repository/Create New User/Page_Local Moodle Log in to the site/button_Log in' is clicked on

2022-01-17 23:14:53 - [TEST_STEP][PASSED] - click(findTestObject("Create New User/Page_Nh ca ti/span_Qun tr khu vc")): Object: 'Object Repository/Create New User/Page_Nh ca ti/span_Qun tr khu vc' is clicked on

2022-01-17 23:14:57 - [MESSAGE][PASSED] - Object: 'Object Repository/Create New User/Page_Nh ca ti/span_Qun tr khu vc' is clicked on

2022-01-17 23:14:57 - [TEST_STEP][PASSED] - click(findTestObject("Object Repository/Create New User/Page_Moodle Khu vc qun tr Tm kim/a_Thnh vin")): Object: 'Object Repository/Create New User/Page_Moodle Khu vc qun tr Tm kim/a_Thnh vin' is clicked on

2022-01-17 23:14:58 - [MESSAGE][PASSED] - Object: 'Object Repository/Create New User/Page_Moodle Khu vc qun tr Tm kim/a_Thnh vin' is clicked on

2022-01-17 23:14:58 - [TEST_STEP][PASSED] - click(findTestObject("Object Repository/Create New User/Page_Moodle Khu vc qun tr Tm kim/a_Xem danh sch thnh vin")): Object: 'Object Repository/Create New User/Page_Moodle Khu vc qun tr Tm kim/a_Xem danh sch thnh vin' is clicked on

2022-01-17 23:15:00 - [MESSAGE][PASSED] - Object: 'Object Repository/Create New User/Page_Moodle Khu vc qun tr Tm kim/a_Xem danh sch thnh vin' is clicked on

2022-01-17 23:15:00 - [TEST_STEP][PASSED] - click(findTestObject("Object Repository/Create New User/Page_Moodle Khu vc qun tr Thnh vin Ti khon _9bfdd2/i_Vit Nam_icon fa fa-trash fa-fw")): Object: 'Object Repository/Create New User/Page_Moodle Khu vc qun tr Thnh vin Ti khon _9bfdd2/i_Vit Nam_icon fa fa-trash fa-fw' is clicked on

2022-01-17 23:15:01 - [MESSAGE][PASSED] - Object: 'Object Repository/Create New User/Page_Moodle Khu vc qun tr Thnh vin Ti khon _9bfdd2/i_Vit Nam_icon fa fa-trash fa-fw' is clicked on

2022-01-17 23:15:01 - [TEST_STEP][PASSED] - click(findTestObject("Object Repository/Create New User/Page_Moodle Khu vc qun tr Thnh vin Ti khon _9bfdd2/button_Xo")): Object: 'Object Repository/Create New User/Page_Moodle Khu vc qun tr Thnh vin Ti khon _9bfdd2/button_Xo' is clicked on

2022-01-17 23:15:08 - [MESSAGE][INFO] - Unable to find the element located by 'By.xpath: //button[@id='single_button61e066810a7c320']'. Please recheck the objects properties to make sure the desired element is located. 

2022-01-17 23:15:08 - [MESSAGE][WARNING] - [SELF-HEALING] Failed to find element with id 'Object Repository/Create New User/Page_Moodle Khu vc qun tr Thnh vin Ti khon _9bfdd2/button_Xo'. Try using Self-healing.

2022-01-17 23:15:08 - [MESSAGE][WARNING] - [SELF-HEALING] The current locator of test object 'Object Repository/Create New User/Page_Moodle Khu vc qun tr Thnh vin Ti khon _9bfdd2/button_Xo' was broken. Propose an alternative one: '//div[@id='modal-footer']/div/div/form/button'.

2022-01-17 23:15:11 - [MESSAGE][PASSED] - Object: 'Object Repository/Create New User/Page_Moodle Khu vc qun tr Thnh vin Ti khon _9bfdd2/button_Xo' is clicked on

2022-01-17 23:15:11 - [TEST_STEP][PASSED] - closeBrowser(): Browser is closed

2022-01-17 23:15:12 - [MESSAGE][PASSED] - Browser is closed]]></system-out>
         <system-err><![CDATA[]]></system-err>
      </testcase>
      <testcase name="Test Cases/Create New User/Create Teacher" time="116.468" classname="Test Cases/Create New User/Create Teacher" status="PASSED">
         <system-out><![CDATA[2022-01-17 23:15:12 - [TEST_CASE][PASSED] - Test Cases/Create New User/Create Teacher: Test Cases/Create New User/Create Teacher

2022-01-17 23:15:13 - [TEST_STEP][PASSED] - callTestCase(findTestCase("Admin Site/Login with Admin"), [:], STOP_ON_FAILURE): Call Test Case 'Test Cases/Admin Site/Login with Admin' successfully

2022-01-17 23:15:13 - [TEST_CASE][PASSED] - Test Cases/Admin Site/Login with Admin: Test Cases/Admin Site/Login with Admin

2022-01-17 23:15:13 - [TEST_STEP][PASSED] - openBrowser(""): Browser is opened with url: ''

2022-01-17 23:15:13 - [MESSAGE][INFO] - Starting 'Edge Chromium' driver

2022-01-17 23:15:15 - [MESSAGE][INFO] - Action delay is set to 0 milliseconds

2022-01-17 23:15:17 - [MESSAGE][PASSED] - Browser is opened with url: ''

2022-01-17 23:15:17 - [TEST_STEP][PASSED] - navigateToUrl("http://localhost/"): Navigate to 'http://localhost/' successfully

2022-01-17 23:15:18 - [MESSAGE][PASSED] - Navigate to 'http://localhost/' successfully

2022-01-17 23:15:18 - [TEST_STEP][PASSED] - click(findTestObject("Object Repository/Admin Site/Page_Local Moodle/a_Log in")): Object: 'Object Repository/Admin Site/Page_Local Moodle/a_Log in' is clicked on

2022-01-17 23:15:19 - [MESSAGE][PASSED] - Object: 'Object Repository/Admin Site/Page_Local Moodle/a_Log in' is clicked on

2022-01-17 23:15:19 - [TEST_STEP][PASSED] - setText(findTestObject("Object Repository/Admin Site/Page_Local Moodle Log in to the site/input_Username_username"), "admin"): Text 'admin' is set on object 'Object Repository/Admin Site/Page_Local Moodle Log in to the site/input_Username_username'

2022-01-17 23:15:20 - [MESSAGE][PASSED] - Text 'admin' is set on object 'Object Repository/Admin Site/Page_Local Moodle Log in to the site/input_Username_username'

2022-01-17 23:15:20 - [TEST_STEP][PASSED] - setEncryptedText(findTestObject("Object Repository/Admin Site/Page_Local Moodle Log in to the site/input_Password_password"), "bfAykA/oWJ09FXmiKh6lyuuLu8QhG1K5"): Text ****** has been set on object 'Object Repository/Admin Site/Page_Local Moodle Log in to the site/input_Password_password'

2022-01-17 23:15:21 - [MESSAGE][PASSED] - Text ****** has been set on object 'Object Repository/Admin Site/Page_Local Moodle Log in to the site/input_Password_password'

2022-01-17 23:15:21 - [TEST_STEP][PASSED] - click(findTestObject("Object Repository/Admin Site/Page_Local Moodle Log in to the site/button_Log in")): Object: 'Object Repository/Admin Site/Page_Local Moodle Log in to the site/button_Log in' is clicked on

2022-01-17 23:15:24 - [MESSAGE][PASSED] - Object: 'Object Repository/Admin Site/Page_Local Moodle Log in to the site/button_Log in' is clicked on

2022-01-17 23:15:24 - [TEST_STEP][PASSED] - click(findTestObject("Object Repository/Admin Site/Page_Nh ca ti/span_Qun tr khu vc")): Object: 'Object Repository/Admin Site/Page_Nh ca ti/span_Qun tr khu vc' is clicked on

2022-01-17 23:15:29 - [MESSAGE][PASSED] - Object: 'Object Repository/Admin Site/Page_Nh ca ti/span_Qun tr khu vc' is clicked on

2022-01-17 23:15:29 - [TEST_STEP][PASSED] - verifyElementPresent(findTestObject("Object Repository/Admin Site/Page_Moodle Khu vc qun tr Tm kim/a_Qun tr khu vc"), 0): Object 'Object Repository/Admin Site/Page_Moodle Khu vc qun tr Tm kim/a_Qun tr khu vc' is present

2022-01-17 23:15:29 - [MESSAGE][WARNING] - Timeout '0' is invalid. Using default page load timeout: '5'

2022-01-17 23:15:30 - [MESSAGE][PASSED] - Object 'Object Repository/Admin Site/Page_Moodle Khu vc qun tr Tm kim/a_Qun tr khu vc' is present

2022-01-17 23:15:30 - [MESSAGE][PASSED] - Call Test Case 'Test Cases/Admin Site/Login with Admin' successfully

2022-01-17 23:15:30 - [TEST_STEP][PASSED] - click(findTestObject("Object Repository/Create New User/Page_Moodle Khu vc qun tr Tm kim/a_Thnh vin")): Object: 'Object Repository/Create New User/Page_Moodle Khu vc qun tr Tm kim/a_Thnh vin' is clicked on

2022-01-17 23:15:30 - [MESSAGE][PASSED] - Object: 'Object Repository/Create New User/Page_Moodle Khu vc qun tr Tm kim/a_Thnh vin' is clicked on

2022-01-17 23:15:30 - [TEST_STEP][PASSED] - click(findTestObject("Object Repository/Create New User/Page_Moodle Khu vc qun tr Tm kim/a_Thm thnh vin mi")): Object: 'Object Repository/Create New User/Page_Moodle Khu vc qun tr Tm kim/a_Thm thnh vin mi' is clicked on

2022-01-17 23:15:33 - [MESSAGE][PASSED] - Object: 'Object Repository/Create New User/Page_Moodle Khu vc qun tr Tm kim/a_Thm thnh vin mi' is clicked on

2022-01-17 23:15:33 - [TEST_STEP][PASSED] - navigateToUrl("http://localhost/user/editadvanced.php?id=-1"): Navigate to 'http://localhost/user/editadvanced.php?id=-1' successfully

2022-01-17 23:15:35 - [MESSAGE][PASSED] - Navigate to 'http://localhost/user/editadvanced.php?id=-1' successfully

2022-01-17 23:15:35 - [TEST_STEP][PASSED] - setText(findTestObject("Object Repository/Create New User/Page_Moodle Khu vc qun tr Thnh vin Ti khon _57274d/input_Tn ti khon_username"), "teacher1"): Text 'teacher1' is set on object 'Object Repository/Create New User/Page_Moodle Khu vc qun tr Thnh vin Ti khon _57274d/input_Tn ti khon_username'

2022-01-17 23:15:37 - [MESSAGE][PASSED] - Text 'teacher1' is set on object 'Object Repository/Create New User/Page_Moodle Khu vc qun tr Thnh vin Ti khon _57274d/input_Tn ti khon_username'

2022-01-17 23:15:37 - [TEST_STEP][PASSED] - click(findTestObject("Object Repository/Create New User/Page_Moodle Khu vc qun tr Thnh vin Ti khon _57274d/em_Click to enter text")): Object: 'Object Repository/Create New User/Page_Moodle Khu vc qun tr Thnh vin Ti khon _57274d/em_Click to enter text' is clicked on

2022-01-17 23:15:43 - [MESSAGE][INFO] - Unable to find the element located by 'By.xpath: //a[@id='yui_3_17_2_1_1642069056468_763']/span/span/em'. Please recheck the objects properties to make sure the desired element is located. 

2022-01-17 23:15:43 - [MESSAGE][WARNING] - [SELF-HEALING] Failed to find element with id 'Object Repository/Create New User/Page_Moodle Khu vc qun tr Thnh vin Ti khon _57274d/em_Click to enter text'. Try using Self-healing.

2022-01-17 23:15:44 - [MESSAGE][WARNING] - [SELF-HEALING] The current locator of test object 'Object Repository/Create New User/Page_Moodle Khu vc qun tr Thnh vin Ti khon _57274d/em_Click to enter text' was broken. Propose an alternative one: '(.//*[normalize-space(text()) and normalize-space(.)='Mật khẩu mới'])[1]/following::em[1]'.

2022-01-17 23:15:44 - [MESSAGE][PASSED] - Object: 'Object Repository/Create New User/Page_Moodle Khu vc qun tr Thnh vin Ti khon _57274d/em_Click to enter text' is clicked on

2022-01-17 23:15:44 - [TEST_STEP][PASSED] - setEncryptedText(findTestObject("Object Repository/Create New User/Page_Moodle Khu vc qun tr Thnh vin Ti khon _57274d/input_Mt khu mi_newpassword"), "cvW8qx4B2o1gIDzvWT+0mQ=="): Text ****** has been set on object 'Object Repository/Create New User/Page_Moodle Khu vc qun tr Thnh vin Ti khon _57274d/input_Mt khu mi_newpassword'

2022-01-17 23:15:45 - [MESSAGE][PASSED] - Text ****** has been set on object 'Object Repository/Create New User/Page_Moodle Khu vc qun tr Thnh vin Ti khon _57274d/input_Mt khu mi_newpassword'

2022-01-17 23:15:45 - [TEST_STEP][PASSED] - setText(findTestObject("Object Repository/Create New User/Page_Moodle Khu vc qun tr Thnh vin Ti khon _57274d/input_Tn m v tn_firstname"), "Giáo Viên"): Text 'Giáo Viên' is set on object 'Object Repository/Create New User/Page_Moodle Khu vc qun tr Thnh vin Ti khon _57274d/input_Tn m v tn_firstname'

2022-01-17 23:15:46 - [MESSAGE][PASSED] - Text 'Giáo Viên' is set on object 'Object Repository/Create New User/Page_Moodle Khu vc qun tr Thnh vin Ti khon _57274d/input_Tn m v tn_firstname'

2022-01-17 23:15:46 - [TEST_STEP][PASSED] - setText(findTestObject("Object Repository/Create New User/Page_Moodle Khu vc qun tr Thnh vin Ti khon _57274d/input_H_lastname"), "Nguyễn"): Text 'Nguyễn' is set on object 'Object Repository/Create New User/Page_Moodle Khu vc qun tr Thnh vin Ti khon _57274d/input_H_lastname'

2022-01-17 23:15:47 - [MESSAGE][PASSED] - Text 'Nguyễn' is set on object 'Object Repository/Create New User/Page_Moodle Khu vc qun tr Thnh vin Ti khon _57274d/input_H_lastname'

2022-01-17 23:15:47 - [TEST_STEP][PASSED] - setText(findTestObject("Object Repository/Create New User/Page_Moodle Khu vc qun tr Thnh vin Ti khon _57274d/input_a ch th in t_email"), "teacher1@gmail.com"): Text 'teacher1@gmail.com' is set on object 'Object Repository/Create New User/Page_Moodle Khu vc qun tr Thnh vin Ti khon _57274d/input_a ch th in t_email'

2022-01-17 23:15:48 - [MESSAGE][PASSED] - Text 'teacher1@gmail.com' is set on object 'Object Repository/Create New User/Page_Moodle Khu vc qun tr Thnh vin Ti khon _57274d/input_a ch th in t_email'

2022-01-17 23:15:48 - [TEST_STEP][PASSED] - selectOptionByValue(findTestObject("Object Repository/Create New User/Page_Moodle Khu vc qun tr Thnh vin Ti khon _57274d/select_Chn quc gia.            Afghanistan _0db63d"), "VN", true): All options with value 'VN' are selected in object 'Object Repository/Create New User/Page_Moodle Khu vc qun tr Thnh vin Ti khon _57274d/select_Chn quc gia.            Afghanistan _0db63d'  using regular expression

2022-01-17 23:16:01 - [MESSAGE][PASSED] - All options with value 'VN' are selected in object 'Object Repository/Create New User/Page_Moodle Khu vc qun tr Thnh vin Ti khon _57274d/select_Chn quc gia.            Afghanistan _0db63d'  using regular expression

2022-01-17 23:16:01 - [TEST_STEP][PASSED] - click(findTestObject("Object Repository/Create New User/Page_Moodle Khu vc qun tr Thnh vin Ti khon _57274d/input_a ch_submitbutton")): Object: 'Object Repository/Create New User/Page_Moodle Khu vc qun tr Thnh vin Ti khon _57274d/input_a ch_submitbutton' is clicked on

2022-01-17 23:16:04 - [MESSAGE][PASSED] - Object: 'Object Repository/Create New User/Page_Moodle Khu vc qun tr Thnh vin Ti khon _57274d/input_a ch_submitbutton' is clicked on

2022-01-17 23:16:04 - [TEST_STEP][PASSED] - click(findTestObject("Object Repository/Create New User/Page_Nh ca ti/span_Qun tr khu vc")): Object: 'Object Repository/Create New User/Page_Nh ca ti/span_Qun tr khu vc' is clicked on

2022-01-17 23:16:06 - [MESSAGE][PASSED] - Object: 'Object Repository/Create New User/Page_Nh ca ti/span_Qun tr khu vc' is clicked on

2022-01-17 23:16:06 - [TEST_STEP][PASSED] - click(findTestObject("Object Repository/Create New User/Page_Moodle Khu vc qun tr Tm kim/a_Thnh vin")): Object: 'Object Repository/Create New User/Page_Moodle Khu vc qun tr Tm kim/a_Thnh vin' is clicked on

2022-01-17 23:16:07 - [MESSAGE][PASSED] - Object: 'Object Repository/Create New User/Page_Moodle Khu vc qun tr Tm kim/a_Thnh vin' is clicked on

2022-01-17 23:16:07 - [TEST_STEP][PASSED] - click(findTestObject("Object Repository/Create New User/Page_Moodle Khu vc qun tr Tm kim/a_B nhim vai tr h thng")): Object: 'Object Repository/Create New User/Page_Moodle Khu vc qun tr Tm kim/a_B nhim vai tr h thng' is clicked on

2022-01-17 23:16:09 - [MESSAGE][PASSED] - Object: 'Object Repository/Create New User/Page_Moodle Khu vc qun tr Tm kim/a_B nhim vai tr h thng' is clicked on

2022-01-17 23:16:09 - [TEST_STEP][PASSED] - click(findTestObject("Object Repository/Create New User/Page_Moodle Khu vc qun tr Thnh vin Cc quyn _0b75ad/a_Gio vin bin son")): Object: 'Object Repository/Create New User/Page_Moodle Khu vc qun tr Thnh vin Cc quyn _0b75ad/a_Gio vin bin son' is clicked on

2022-01-17 23:16:12 - [MESSAGE][PASSED] - Object: 'Object Repository/Create New User/Page_Moodle Khu vc qun tr Thnh vin Cc quyn _0b75ad/a_Gio vin bin son' is clicked on

2022-01-17 23:16:12 - [TEST_STEP][PASSED] - setText(findTestObject("Object Repository/Create New User/Page_Moodle Khu vc qun tr Thnh vin Cc quyn _0b75ad/input_Tm kim_addselect_searchtext"), "teacher1"): Text 'teacher1' is set on object 'Object Repository/Create New User/Page_Moodle Khu vc qun tr Thnh vin Cc quyn _0b75ad/input_Tm kim_addselect_searchtext'

2022-01-17 23:16:13 - [MESSAGE][PASSED] - Text 'teacher1' is set on object 'Object Repository/Create New User/Page_Moodle Khu vc qun tr Thnh vin Cc quyn _0b75ad/input_Tm kim_addselect_searchtext'

2022-01-17 23:16:13 - [TEST_STEP][PASSED] - selectOptionByIndex(findTestObject("Object Repository/Create New User/Page_Moodle Khu vc qun tr Thnh vin Cc quyn _0b75ad/select_Gio Vin Nguyn (teacher1gmail.com)_1"), 0, STOP_ON_FAILURE): All options with index in [0] are selected on object 'Object Repository/Create New User/Page_Moodle Khu vc qun tr Thnh vin Cc quyn _0b75ad/select_Gio Vin Nguyn (teacher1gmail.com)_1'

2022-01-17 23:16:15 - [MESSAGE][PASSED] - All options with index in [0] are selected on object 'Object Repository/Create New User/Page_Moodle Khu vc qun tr Thnh vin Cc quyn _0b75ad/select_Gio Vin Nguyn (teacher1gmail.com)_1'

2022-01-17 23:16:15 - [TEST_STEP][PASSED] - click(findTestObject("Object Repository/Create New User/Page_Moodle Khu vc qun tr Thnh vin Cc quyn _0b75ad/input_Khp k t tm kim  bt c mc c hin th no_add")): Object: 'Object Repository/Create New User/Page_Moodle Khu vc qun tr Thnh vin Cc quyn _0b75ad/input_Khp k t tm kim  bt c mc c hin th no_add' is clicked on

2022-01-17 23:16:18 - [MESSAGE][PASSED] - Object: 'Object Repository/Create New User/Page_Moodle Khu vc qun tr Thnh vin Cc quyn _0b75ad/input_Khp k t tm kim  bt c mc c hin th no_add' is clicked on

2022-01-17 23:16:18 - [TEST_STEP][PASSED] - click(findTestObject("Object Repository/Create New User/Page_Moodle Khu vc qun tr Thnh vin Cc quyn _0b75ad/a_Qun tr Thnh vin")): Object: 'Object Repository/Create New User/Page_Moodle Khu vc qun tr Thnh vin Cc quyn _0b75ad/a_Qun tr Thnh vin' is clicked on

2022-01-17 23:16:18 - [MESSAGE][PASSED] - Object: 'Object Repository/Create New User/Page_Moodle Khu vc qun tr Thnh vin Cc quyn _0b75ad/a_Qun tr Thnh vin' is clicked on

2022-01-17 23:16:18 - [TEST_STEP][PASSED] - click(findTestObject("Object Repository/Create New User/Page_Moodle Khu vc qun tr Thnh vin Cc quyn _0b75ad/a_Thot")): Object: 'Object Repository/Create New User/Page_Moodle Khu vc qun tr Thnh vin Cc quyn _0b75ad/a_Thot' is clicked on

2022-01-17 23:16:20 - [MESSAGE][PASSED] - Object: 'Object Repository/Create New User/Page_Moodle Khu vc qun tr Thnh vin Cc quyn _0b75ad/a_Thot' is clicked on

2022-01-17 23:16:20 - [TEST_STEP][PASSED] - click(findTestObject("Object Repository/Create New User/Page_New Moodle Site/a_Log in")): Object: 'Object Repository/Create New User/Page_New Moodle Site/a_Log in' is clicked on

2022-01-17 23:16:21 - [MESSAGE][PASSED] - Object: 'Object Repository/Create New User/Page_New Moodle Site/a_Log in' is clicked on

2022-01-17 23:16:21 - [TEST_STEP][PASSED] - setText(findTestObject("Object Repository/Create New User/Page_New Moodle Site Log in to the site/input_Username_username"), "teacher1"): Text 'teacher1' is set on object 'Object Repository/Create New User/Page_New Moodle Site Log in to the site/input_Username_username'

2022-01-17 23:16:22 - [MESSAGE][PASSED] - Text 'teacher1' is set on object 'Object Repository/Create New User/Page_New Moodle Site Log in to the site/input_Username_username'

2022-01-17 23:16:22 - [TEST_STEP][PASSED] - setEncryptedText(findTestObject("Object Repository/Create New User/Page_New Moodle Site Log in to the site/input_Password_password"), "cvW8qx4B2o1gIDzvWT+0mQ=="): Text ****** has been set on object 'Object Repository/Create New User/Page_New Moodle Site Log in to the site/input_Password_password'

2022-01-17 23:16:23 - [MESSAGE][PASSED] - Text ****** has been set on object 'Object Repository/Create New User/Page_New Moodle Site Log in to the site/input_Password_password'

2022-01-17 23:16:23 - [TEST_STEP][PASSED] - click(findTestObject("Object Repository/Create New User/Page_New Moodle Site Log in to the site/button_Log in")): Object: 'Object Repository/Create New User/Page_New Moodle Site Log in to the site/button_Log in' is clicked on

2022-01-17 23:16:26 - [MESSAGE][PASSED] - Object: 'Object Repository/Create New User/Page_New Moodle Site Log in to the site/button_Log in' is clicked on

2022-01-17 23:16:26 - [TEST_STEP][PASSED] - click(findTestObject("Object Repository/Create New User/Page_Nh ca ti/span_Qun tr khu vc")): Object: 'Object Repository/Create New User/Page_Nh ca ti/span_Qun tr khu vc' is clicked on

2022-01-17 23:16:29 - [MESSAGE][PASSED] - Object: 'Object Repository/Create New User/Page_Nh ca ti/span_Qun tr khu vc' is clicked on

2022-01-17 23:16:29 - [TEST_STEP][PASSED] - verifyElementPresent(findTestObject("Object Repository/Create New User/Page_Moodle Khu vc qun tr Tm kim/a_Thmsa cc kho hc"), 0): Object 'Object Repository/Create New User/Page_Moodle Khu vc qun tr Tm kim/a_Thmsa cc kho hc' is present

2022-01-17 23:16:29 - [MESSAGE][WARNING] - Timeout '0' is invalid. Using default page load timeout: '5'

2022-01-17 23:16:29 - [MESSAGE][PASSED] - Object 'Object Repository/Create New User/Page_Moodle Khu vc qun tr Tm kim/a_Thmsa cc kho hc' is present

2022-01-17 23:16:29 - [TEST_STEP][PASSED] - click(findTestObject("Object Repository/Create New User/Page_Moodle Khu vc qun tr Tm kim/a_Gio Vin Nguyn")): Object: 'Object Repository/Create New User/Page_Moodle Khu vc qun tr Tm kim/a_Gio Vin Nguyn' is clicked on

2022-01-17 23:16:30 - [MESSAGE][PASSED] - Object: 'Object Repository/Create New User/Page_Moodle Khu vc qun tr Tm kim/a_Gio Vin Nguyn' is clicked on

2022-01-17 23:16:30 - [TEST_STEP][PASSED] - click(findTestObject("Object Repository/Create New User/Page_Moodle Khu vc qun tr Tm kim/span_Thot")): Object: 'Object Repository/Create New User/Page_Moodle Khu vc qun tr Tm kim/span_Thot' is clicked on

2022-01-17 23:16:31 - [MESSAGE][PASSED] - Object: 'Object Repository/Create New User/Page_Moodle Khu vc qun tr Tm kim/span_Thot' is clicked on

2022-01-17 23:16:31 - [TEST_STEP][PASSED] - click(findTestObject("Object Repository/Create New User/Page_New Moodle Site/a_Log in")): Object: 'Object Repository/Create New User/Page_New Moodle Site/a_Log in' is clicked on

2022-01-17 23:16:32 - [MESSAGE][PASSED] - Object: 'Object Repository/Create New User/Page_New Moodle Site/a_Log in' is clicked on

2022-01-17 23:16:32 - [TEST_STEP][PASSED] - setText(findTestObject("Object Repository/Create New User/Page_New Moodle Site Log in to the site/input_Username_username"), "admin"): Text 'admin' is set on object 'Object Repository/Create New User/Page_New Moodle Site Log in to the site/input_Username_username'

2022-01-17 23:16:33 - [MESSAGE][PASSED] - Text 'admin' is set on object 'Object Repository/Create New User/Page_New Moodle Site Log in to the site/input_Username_username'

2022-01-17 23:16:33 - [TEST_STEP][PASSED] - setEncryptedText(findTestObject("Object Repository/Create New User/Page_New Moodle Site Log in to the site/input_Password_password"), "bfAykA/oWJ09FXmiKh6lyuuLu8QhG1K5"): Text ****** has been set on object 'Object Repository/Create New User/Page_New Moodle Site Log in to the site/input_Password_password'

2022-01-17 23:16:34 - [MESSAGE][PASSED] - Text ****** has been set on object 'Object Repository/Create New User/Page_New Moodle Site Log in to the site/input_Password_password'

2022-01-17 23:16:34 - [TEST_STEP][PASSED] - click(findTestObject("Object Repository/Create New User/Page_New Moodle Site Log in to the site/button_Log in")): Object: 'Object Repository/Create New User/Page_New Moodle Site Log in to the site/button_Log in' is clicked on

2022-01-17 23:16:37 - [MESSAGE][PASSED] - Object: 'Object Repository/Create New User/Page_New Moodle Site Log in to the site/button_Log in' is clicked on

2022-01-17 23:16:37 - [TEST_STEP][PASSED] - click(findTestObject("Object Repository/Create New User/Page_Moodle Khu vc qun tr Thnh vin Ti khon _9bfdd2/span_Qun tr khu vc")): Object: 'Object Repository/Create New User/Page_Moodle Khu vc qun tr Thnh vin Ti khon _9bfdd2/span_Qun tr khu vc' is clicked on

2022-01-17 23:16:43 - [MESSAGE][INFO] - Unable to find the element located by 'By.xpath: //a[@id='yui_3_17_2_1_1642132322464_307']/div/div/span[2]'. Please recheck the objects properties to make sure the desired element is located. 

2022-01-17 23:16:43 - [MESSAGE][WARNING] - [SELF-HEALING] Failed to find element with id 'Object Repository/Create New User/Page_Moodle Khu vc qun tr Thnh vin Ti khon _9bfdd2/span_Qun tr khu vc'. Try using Self-healing.

2022-01-17 23:16:44 - [MESSAGE][WARNING] - [SELF-HEALING] The current locator of test object 'Object Repository/Create New User/Page_Moodle Khu vc qun tr Thnh vin Ti khon _9bfdd2/span_Qun tr khu vc' was broken. Propose an alternative one: '(.//*[normalize-space(text()) and normalize-space(.)='SE'])[1]/following::span[2]'.

2022-01-17 23:16:46 - [MESSAGE][PASSED] - Object: 'Object Repository/Create New User/Page_Moodle Khu vc qun tr Thnh vin Ti khon _9bfdd2/span_Qun tr khu vc' is clicked on

2022-01-17 23:16:46 - [TEST_STEP][PASSED] - click(findTestObject("Object Repository/Create New User/Page_Moodle Khu vc qun tr Tm kim/a_Thnh vin")): Object: 'Object Repository/Create New User/Page_Moodle Khu vc qun tr Tm kim/a_Thnh vin' is clicked on

2022-01-17 23:16:47 - [MESSAGE][PASSED] - Object: 'Object Repository/Create New User/Page_Moodle Khu vc qun tr Tm kim/a_Thnh vin' is clicked on

2022-01-17 23:16:47 - [TEST_STEP][PASSED] - click(findTestObject("Object Repository/Create New User/Page_Moodle Khu vc qun tr Tm kim/a_Xem danh sch thnh vin")): Object: 'Object Repository/Create New User/Page_Moodle Khu vc qun tr Tm kim/a_Xem danh sch thnh vin' is clicked on

2022-01-17 23:16:49 - [MESSAGE][PASSED] - Object: 'Object Repository/Create New User/Page_Moodle Khu vc qun tr Tm kim/a_Xem danh sch thnh vin' is clicked on

2022-01-17 23:16:49 - [TEST_STEP][PASSED] - click(findTestObject("Object Repository/Create New User/Page_Moodle Khu vc qun tr Thnh vin Ti khon _9bfdd2/i_Cha ln no_yui_3_17_2_1_1642132363326_560")): Object: 'Object Repository/Create New User/Page_Moodle Khu vc qun tr Thnh vin Ti khon _9bfdd2/i_Cha ln no_yui_3_17_2_1_1642132363326_560' is clicked on

2022-01-17 23:16:55 - [MESSAGE][INFO] - Unable to find the element located by 'By.xpath: //i[@id='yui_3_17_2_1_1642132363326_560']'. Please recheck the objects properties to make sure the desired element is located. 

2022-01-17 23:16:55 - [MESSAGE][WARNING] - [SELF-HEALING] Failed to find element with id 'Object Repository/Create New User/Page_Moodle Khu vc qun tr Thnh vin Ti khon _9bfdd2/i_Cha ln no_yui_3_17_2_1_1642132363326_560'. Try using Self-healing.

2022-01-17 23:16:55 - [MESSAGE][WARNING] - [SELF-HEALING] The current locator of test object 'Object Repository/Create New User/Page_Moodle Khu vc qun tr Thnh vin Ti khon _9bfdd2/i_Cha ln no_yui_3_17_2_1_1642132363326_560' was broken. Propose an alternative one: '//tr[2]/td[6]/a/i'.

2022-01-17 23:16:57 - [MESSAGE][PASSED] - Object: 'Object Repository/Create New User/Page_Moodle Khu vc qun tr Thnh vin Ti khon _9bfdd2/i_Cha ln no_yui_3_17_2_1_1642132363326_560' is clicked on

2022-01-17 23:16:57 - [TEST_STEP][PASSED] - click(findTestObject("Object Repository/Create New User/Page_Moodle Khu vc qun tr Thnh vin Ti khon _9bfdd2/button_Xo_1")): Object: 'Object Repository/Create New User/Page_Moodle Khu vc qun tr Thnh vin Ti khon _9bfdd2/button_Xo_1' is clicked on

2022-01-17 23:17:03 - [MESSAGE][INFO] - Unable to find the element located by 'By.xpath: //button[@id='single_button61e0f3a20d6e520']'. Please recheck the objects properties to make sure the desired element is located. 

2022-01-17 23:17:03 - [MESSAGE][WARNING] - [SELF-HEALING] Failed to find element with id 'Object Repository/Create New User/Page_Moodle Khu vc qun tr Thnh vin Ti khon _9bfdd2/button_Xo_1'. Try using Self-healing.

2022-01-17 23:17:03 - [MESSAGE][WARNING] - [SELF-HEALING] The current locator of test object 'Object Repository/Create New User/Page_Moodle Khu vc qun tr Thnh vin Ti khon _9bfdd2/button_Xo_1' was broken. Propose an alternative one: '//div[@id='modal-footer']/div/div/form/button'.

2022-01-17 23:17:06 - [MESSAGE][PASSED] - Object: 'Object Repository/Create New User/Page_Moodle Khu vc qun tr Thnh vin Ti khon _9bfdd2/button_Xo_1' is clicked on

2022-01-17 23:17:06 - [TEST_STEP][PASSED] - closeBrowser(): Browser is closed

2022-01-17 23:17:08 - [MESSAGE][PASSED] - Browser is closed]]></system-out>
         <system-err><![CDATA[]]></system-err>
      </testcase>
      <testcase name="Test Cases/Create New User/Spam Create User" time="201.674" classname="Test Cases/Create New User/Spam Create User" status="PASSED">
         <system-out><![CDATA[2022-01-17 23:17:08 - [TEST_CASE][PASSED] - Test Cases/Create New User/Spam Create User: Test Cases/Create New User/Spam Create User

2022-01-17 23:17:10 - [TEST_STEP][PASSED] - callTestCase(findTestCase("Admin Site/Login with Admin"), [:], STOP_ON_FAILURE): Call Test Case 'Test Cases/Admin Site/Login with Admin' successfully

2022-01-17 23:17:10 - [TEST_CASE][PASSED] - Test Cases/Admin Site/Login with Admin: Test Cases/Admin Site/Login with Admin

2022-01-17 23:17:10 - [TEST_STEP][PASSED] - openBrowser(""): Browser is opened with url: ''

2022-01-17 23:17:10 - [MESSAGE][INFO] - Starting 'Edge Chromium' driver

2022-01-17 23:17:12 - [MESSAGE][INFO] - Action delay is set to 0 milliseconds

2022-01-17 23:17:14 - [MESSAGE][PASSED] - Browser is opened with url: ''

2022-01-17 23:17:14 - [TEST_STEP][PASSED] - navigateToUrl("http://localhost/"): Navigate to 'http://localhost/' successfully

2022-01-17 23:17:16 - [MESSAGE][PASSED] - Navigate to 'http://localhost/' successfully

2022-01-17 23:17:16 - [TEST_STEP][PASSED] - click(findTestObject("Object Repository/Admin Site/Page_Local Moodle/a_Log in")): Object: 'Object Repository/Admin Site/Page_Local Moodle/a_Log in' is clicked on

2022-01-17 23:17:18 - [MESSAGE][PASSED] - Object: 'Object Repository/Admin Site/Page_Local Moodle/a_Log in' is clicked on

2022-01-17 23:17:18 - [TEST_STEP][PASSED] - setText(findTestObject("Object Repository/Admin Site/Page_Local Moodle Log in to the site/input_Username_username"), "admin"): Text 'admin' is set on object 'Object Repository/Admin Site/Page_Local Moodle Log in to the site/input_Username_username'

2022-01-17 23:17:19 - [MESSAGE][PASSED] - Text 'admin' is set on object 'Object Repository/Admin Site/Page_Local Moodle Log in to the site/input_Username_username'

2022-01-17 23:17:19 - [TEST_STEP][PASSED] - setEncryptedText(findTestObject("Object Repository/Admin Site/Page_Local Moodle Log in to the site/input_Password_password"), "bfAykA/oWJ09FXmiKh6lyuuLu8QhG1K5"): Text ****** has been set on object 'Object Repository/Admin Site/Page_Local Moodle Log in to the site/input_Password_password'

2022-01-17 23:17:19 - [MESSAGE][PASSED] - Text ****** has been set on object 'Object Repository/Admin Site/Page_Local Moodle Log in to the site/input_Password_password'

2022-01-17 23:17:19 - [TEST_STEP][PASSED] - click(findTestObject("Object Repository/Admin Site/Page_Local Moodle Log in to the site/button_Log in")): Object: 'Object Repository/Admin Site/Page_Local Moodle Log in to the site/button_Log in' is clicked on

2022-01-17 23:17:23 - [MESSAGE][PASSED] - Object: 'Object Repository/Admin Site/Page_Local Moodle Log in to the site/button_Log in' is clicked on

2022-01-17 23:17:23 - [TEST_STEP][PASSED] - click(findTestObject("Object Repository/Admin Site/Page_Nh ca ti/span_Qun tr khu vc")): Object: 'Object Repository/Admin Site/Page_Nh ca ti/span_Qun tr khu vc' is clicked on

2022-01-17 23:17:27 - [MESSAGE][PASSED] - Object: 'Object Repository/Admin Site/Page_Nh ca ti/span_Qun tr khu vc' is clicked on

2022-01-17 23:17:27 - [TEST_STEP][PASSED] - verifyElementPresent(findTestObject("Object Repository/Admin Site/Page_Moodle Khu vc qun tr Tm kim/a_Qun tr khu vc"), 0): Object 'Object Repository/Admin Site/Page_Moodle Khu vc qun tr Tm kim/a_Qun tr khu vc' is present

2022-01-17 23:17:27 - [MESSAGE][WARNING] - Timeout '0' is invalid. Using default page load timeout: '5'

2022-01-17 23:17:27 - [MESSAGE][PASSED] - Object 'Object Repository/Admin Site/Page_Moodle Khu vc qun tr Tm kim/a_Qun tr khu vc' is present

2022-01-17 23:17:27 - [MESSAGE][PASSED] - Call Test Case 'Test Cases/Admin Site/Login with Admin' successfully

2022-01-17 23:17:27 - [TEST_STEP][PASSED] - for (def index : (1..3)): Navigate to 'http://localhost/admin/user.php' successfully

2022-01-17 23:17:27 - [TEST_STEP][PASSED] - click(findTestObject("Object Repository/Create New User/Page_Moodle Khu vc qun tr My ch Ch  bo tr/span_Qun tr khu vc")): Object: 'Object Repository/Create New User/Page_Moodle Khu vc qun tr My ch Ch  bo tr/span_Qun tr khu vc' is clicked on

2022-01-17 23:17:34 - [MESSAGE][INFO] - Unable to find the element located by 'By.xpath: '. Please recheck the objects properties to make sure the desired element is located. 

2022-01-17 23:17:34 - [MESSAGE][WARNING] - [SELF-HEALING] Failed to find element with id 'Object Repository/Create New User/Page_Moodle Khu vc qun tr My ch Ch  bo tr/span_Qun tr khu vc'. Try using Self-healing.

2022-01-17 23:17:34 - [MESSAGE][WARNING] - [SELF-HEALING] The current locator of test object 'Object Repository/Create New User/Page_Moodle Khu vc qun tr My ch Ch  bo tr/span_Qun tr khu vc' was broken. Propose an alternative one: '//div[@id='nav-drawer']/nav[2]/ul/li/a/div/div/span[2]'.

2022-01-17 23:17:36 - [MESSAGE][PASSED] - Object: 'Object Repository/Create New User/Page_Moodle Khu vc qun tr My ch Ch  bo tr/span_Qun tr khu vc' is clicked on

2022-01-17 23:17:36 - [TEST_STEP][PASSED] - click(findTestObject("Object Repository/Create New User/Page_Moodle Khu vc qun tr Tm kim/a_Thnh vin")): Object: 'Object Repository/Create New User/Page_Moodle Khu vc qun tr Tm kim/a_Thnh vin' is clicked on

2022-01-17 23:17:37 - [MESSAGE][PASSED] - Object: 'Object Repository/Create New User/Page_Moodle Khu vc qun tr Tm kim/a_Thnh vin' is clicked on

2022-01-17 23:17:37 - [TEST_STEP][PASSED] - click(findTestObject("Object Repository/Create New User/Page_Moodle Khu vc qun tr Tm kim/a_Thm thnh vin mi")): Object: 'Object Repository/Create New User/Page_Moodle Khu vc qun tr Tm kim/a_Thm thnh vin mi' is clicked on

2022-01-17 23:17:41 - [MESSAGE][PASSED] - Object: 'Object Repository/Create New User/Page_Moodle Khu vc qun tr Tm kim/a_Thm thnh vin mi' is clicked on

2022-01-17 23:17:41 - [TEST_STEP][PASSED] - setText(findTestObject("Object Repository/Create New User/Page_Moodle Khu vc qun tr Thnh vin Ti khon _57274d/input_Tn ti khon_username"), "test_" + index.toString()): Text 'test_1' is set on object 'Object Repository/Create New User/Page_Moodle Khu vc qun tr Thnh vin Ti khon _57274d/input_Tn ti khon_username'

2022-01-17 23:17:43 - [MESSAGE][PASSED] - Text 'test_1' is set on object 'Object Repository/Create New User/Page_Moodle Khu vc qun tr Thnh vin Ti khon _57274d/input_Tn ti khon_username'

2022-01-17 23:17:43 - [TEST_STEP][PASSED] - click(findTestObject("Object Repository/Create New User/Page_Moodle Khu vc qun tr Thnh vin Ti khon _57274d/a_Click to enter text")): Object: 'Object Repository/Create New User/Page_Moodle Khu vc qun tr Thnh vin Ti khon _57274d/a_Click to enter text' is clicked on

2022-01-17 23:17:49 - [MESSAGE][INFO] - Unable to find the element located by 'By.xpath: //a[@id='yui_3_17_2_1_1641440991320_766']'. Please recheck the objects properties to make sure the desired element is located. 

2022-01-17 23:17:49 - [MESSAGE][WARNING] - [SELF-HEALING] Failed to find element with id 'Object Repository/Create New User/Page_Moodle Khu vc qun tr Thnh vin Ti khon _57274d/a_Click to enter text'. Try using Self-healing.

2022-01-17 23:17:49 - [MESSAGE][WARNING] - [SELF-HEALING] The current locator of test object 'Object Repository/Create New User/Page_Moodle Khu vc qun tr Thnh vin Ti khon _57274d/a_Click to enter text' was broken. Propose an alternative one: '(.//*[normalize-space(text()) and normalize-space(.)='Mật khẩu mới'])[1]/following::a[2]'.

2022-01-17 23:17:49 - [MESSAGE][PASSED] - Object: 'Object Repository/Create New User/Page_Moodle Khu vc qun tr Thnh vin Ti khon _57274d/a_Click to enter text' is clicked on

2022-01-17 23:17:49 - [TEST_STEP][PASSED] - setEncryptedText(findTestObject("Object Repository/Create New User/Page_Moodle Khu vc qun tr Thnh vin Ti khon _57274d/input_Mt khu mi_newpassword"), "cvW8qx4B2o1gIDzvWT+0mQ=="): Text ****** has been set on object 'Object Repository/Create New User/Page_Moodle Khu vc qun tr Thnh vin Ti khon _57274d/input_Mt khu mi_newpassword'

2022-01-17 23:17:50 - [MESSAGE][PASSED] - Text ****** has been set on object 'Object Repository/Create New User/Page_Moodle Khu vc qun tr Thnh vin Ti khon _57274d/input_Mt khu mi_newpassword'

2022-01-17 23:17:50 - [TEST_STEP][PASSED] - setText(findTestObject("Object Repository/Create New User/Page_Moodle Khu vc qun tr Thnh vin Ti khon _57274d/input_Tn m v tn_firstname"), "Test " + index.toString()): Text 'Test 1' is set on object 'Object Repository/Create New User/Page_Moodle Khu vc qun tr Thnh vin Ti khon _57274d/input_Tn m v tn_firstname'

2022-01-17 23:17:51 - [MESSAGE][PASSED] - Text 'Test 1' is set on object 'Object Repository/Create New User/Page_Moodle Khu vc qun tr Thnh vin Ti khon _57274d/input_Tn m v tn_firstname'

2022-01-17 23:17:51 - [TEST_STEP][PASSED] - setText(findTestObject("Object Repository/Create New User/Page_Moodle Khu vc qun tr Thnh vin Ti khon _57274d/input_H_lastname"), "Nguyễn"): Text 'Nguyễn' is set on object 'Object Repository/Create New User/Page_Moodle Khu vc qun tr Thnh vin Ti khon _57274d/input_H_lastname'

2022-01-17 23:17:52 - [MESSAGE][PASSED] - Text 'Nguyễn' is set on object 'Object Repository/Create New User/Page_Moodle Khu vc qun tr Thnh vin Ti khon _57274d/input_H_lastname'

2022-01-17 23:17:52 - [TEST_STEP][PASSED] - setText(findTestObject("Object Repository/Create New User/Page_Moodle Khu vc qun tr Thnh vin Ti khon _57274d/input_a ch th in t_email"), "test_" + index.toString() + "@gmail.com"): Text 'test_1@gmail.com' is set on object 'Object Repository/Create New User/Page_Moodle Khu vc qun tr Thnh vin Ti khon _57274d/input_a ch th in t_email'

2022-01-17 23:17:53 - [MESSAGE][PASSED] - Text 'test_1@gmail.com' is set on object 'Object Repository/Create New User/Page_Moodle Khu vc qun tr Thnh vin Ti khon _57274d/input_a ch th in t_email'

2022-01-17 23:17:53 - [TEST_STEP][PASSED] - selectOptionByValue(findTestObject("Object Repository/Create New User/Page_Moodle Khu vc qun tr Thnh vin Ti khon _57274d/select_Du a ch th in t ca ti            Cho_daca4a"), "0", true): All options with value '0' are selected in object 'Object Repository/Create New User/Page_Moodle Khu vc qun tr Thnh vin Ti khon _57274d/select_Du a ch th in t ca ti            Cho_daca4a'  using regular expression

2022-01-17 23:17:55 - [MESSAGE][PASSED] - All options with value '0' are selected in object 'Object Repository/Create New User/Page_Moodle Khu vc qun tr Thnh vin Ti khon _57274d/select_Du a ch th in t ca ti            Cho_daca4a'  using regular expression

2022-01-17 23:17:55 - [TEST_STEP][PASSED] - setText(findTestObject("Object Repository/Create New User/Page_Moodle Khu vc qun tr Thnh vin Ti khon _57274d/input_TnhThnh ph_city"), "Hồ Chí Minh"): Text 'Hồ Chí Minh' is set on object 'Object Repository/Create New User/Page_Moodle Khu vc qun tr Thnh vin Ti khon _57274d/input_TnhThnh ph_city'

2022-01-17 23:17:56 - [MESSAGE][PASSED] - Text 'Hồ Chí Minh' is set on object 'Object Repository/Create New User/Page_Moodle Khu vc qun tr Thnh vin Ti khon _57274d/input_TnhThnh ph_city'

2022-01-17 23:17:56 - [TEST_STEP][PASSED] - selectOptionByValue(findTestObject("Object Repository/Create New User/Page_Moodle Khu vc qun tr Thnh vin Ti khon _57274d/select_Chn quc gia.            Afghanistan _0db63d"), "VN", true): All options with value 'VN' are selected in object 'Object Repository/Create New User/Page_Moodle Khu vc qun tr Thnh vin Ti khon _57274d/select_Chn quc gia.            Afghanistan _0db63d'  using regular expression

2022-01-17 23:18:05 - [MESSAGE][PASSED] - All options with value 'VN' are selected in object 'Object Repository/Create New User/Page_Moodle Khu vc qun tr Thnh vin Ti khon _57274d/select_Chn quc gia.            Afghanistan _0db63d'  using regular expression

2022-01-17 23:18:05 - [TEST_STEP][PASSED] - click(findTestObject("Object Repository/Create New User/Page_Moodle Khu vc qun tr Thnh vin Ti khon _57274d/input_a ch_submitbutton")): Object: 'Object Repository/Create New User/Page_Moodle Khu vc qun tr Thnh vin Ti khon _57274d/input_a ch_submitbutton' is clicked on

2022-01-17 23:18:08 - [MESSAGE][PASSED] - Object: 'Object Repository/Create New User/Page_Moodle Khu vc qun tr Thnh vin Ti khon _57274d/input_a ch_submitbutton' is clicked on

2022-01-17 23:18:08 - [TEST_STEP][PASSED] - navigateToUrl("http://localhost/admin/user.php"): Navigate to 'http://localhost/admin/user.php' successfully

2022-01-17 23:18:10 - [MESSAGE][PASSED] - Navigate to 'http://localhost/admin/user.php' successfully

2022-01-17 23:18:10 - [TEST_STEP][PASSED] - click(findTestObject("Object Repository/Create New User/Page_Moodle Khu vc qun tr My ch Ch  bo tr/span_Qun tr khu vc")): Object: 'Object Repository/Create New User/Page_Moodle Khu vc qun tr My ch Ch  bo tr/span_Qun tr khu vc' is clicked on

2022-01-17 23:18:16 - [MESSAGE][INFO] - Unable to find the element located by 'By.xpath: '. Please recheck the objects properties to make sure the desired element is located. 

2022-01-17 23:18:16 - [MESSAGE][WARNING] - [SELF-HEALING] Failed to find element with id 'Object Repository/Create New User/Page_Moodle Khu vc qun tr My ch Ch  bo tr/span_Qun tr khu vc'. Try using Self-healing.

2022-01-17 23:18:16 - [MESSAGE][WARNING] - [SELF-HEALING] The current locator of test object 'Object Repository/Create New User/Page_Moodle Khu vc qun tr My ch Ch  bo tr/span_Qun tr khu vc' was broken. Propose an alternative one: '//div[@id='nav-drawer']/nav[2]/ul/li/a/div/div/span[2]'.

2022-01-17 23:18:18 - [MESSAGE][PASSED] - Object: 'Object Repository/Create New User/Page_Moodle Khu vc qun tr My ch Ch  bo tr/span_Qun tr khu vc' is clicked on

2022-01-17 23:18:18 - [TEST_STEP][PASSED] - click(findTestObject("Object Repository/Create New User/Page_Moodle Khu vc qun tr Tm kim/a_Thnh vin")): Object: 'Object Repository/Create New User/Page_Moodle Khu vc qun tr Tm kim/a_Thnh vin' is clicked on

2022-01-17 23:18:19 - [MESSAGE][PASSED] - Object: 'Object Repository/Create New User/Page_Moodle Khu vc qun tr Tm kim/a_Thnh vin' is clicked on

2022-01-17 23:18:19 - [TEST_STEP][PASSED] - click(findTestObject("Object Repository/Create New User/Page_Moodle Khu vc qun tr Tm kim/a_Thm thnh vin mi")): Object: 'Object Repository/Create New User/Page_Moodle Khu vc qun tr Tm kim/a_Thm thnh vin mi' is clicked on

2022-01-17 23:18:22 - [MESSAGE][PASSED] - Object: 'Object Repository/Create New User/Page_Moodle Khu vc qun tr Tm kim/a_Thm thnh vin mi' is clicked on

2022-01-17 23:18:22 - [TEST_STEP][PASSED] - setText(findTestObject("Object Repository/Create New User/Page_Moodle Khu vc qun tr Thnh vin Ti khon _57274d/input_Tn ti khon_username"), "test_" + index.toString()): Text 'test_2' is set on object 'Object Repository/Create New User/Page_Moodle Khu vc qun tr Thnh vin Ti khon _57274d/input_Tn ti khon_username'

2022-01-17 23:18:24 - [MESSAGE][PASSED] - Text 'test_2' is set on object 'Object Repository/Create New User/Page_Moodle Khu vc qun tr Thnh vin Ti khon _57274d/input_Tn ti khon_username'

2022-01-17 23:18:24 - [TEST_STEP][PASSED] - click(findTestObject("Object Repository/Create New User/Page_Moodle Khu vc qun tr Thnh vin Ti khon _57274d/a_Click to enter text")): Object: 'Object Repository/Create New User/Page_Moodle Khu vc qun tr Thnh vin Ti khon _57274d/a_Click to enter text' is clicked on

2022-01-17 23:18:31 - [MESSAGE][INFO] - Unable to find the element located by 'By.xpath: //a[@id='yui_3_17_2_1_1641440991320_766']'. Please recheck the objects properties to make sure the desired element is located. 

2022-01-17 23:18:31 - [MESSAGE][WARNING] - [SELF-HEALING] Failed to find element with id 'Object Repository/Create New User/Page_Moodle Khu vc qun tr Thnh vin Ti khon _57274d/a_Click to enter text'. Try using Self-healing.

2022-01-17 23:18:31 - [MESSAGE][WARNING] - [SELF-HEALING] The current locator of test object 'Object Repository/Create New User/Page_Moodle Khu vc qun tr Thnh vin Ti khon _57274d/a_Click to enter text' was broken. Propose an alternative one: '(.//*[normalize-space(text()) and normalize-space(.)='Mật khẩu mới'])[1]/following::a[2]'.

2022-01-17 23:18:31 - [MESSAGE][PASSED] - Object: 'Object Repository/Create New User/Page_Moodle Khu vc qun tr Thnh vin Ti khon _57274d/a_Click to enter text' is clicked on

2022-01-17 23:18:31 - [TEST_STEP][PASSED] - setEncryptedText(findTestObject("Object Repository/Create New User/Page_Moodle Khu vc qun tr Thnh vin Ti khon _57274d/input_Mt khu mi_newpassword"), "cvW8qx4B2o1gIDzvWT+0mQ=="): Text ****** has been set on object 'Object Repository/Create New User/Page_Moodle Khu vc qun tr Thnh vin Ti khon _57274d/input_Mt khu mi_newpassword'

2022-01-17 23:18:32 - [MESSAGE][PASSED] - Text ****** has been set on object 'Object Repository/Create New User/Page_Moodle Khu vc qun tr Thnh vin Ti khon _57274d/input_Mt khu mi_newpassword'

2022-01-17 23:18:32 - [TEST_STEP][PASSED] - setText(findTestObject("Object Repository/Create New User/Page_Moodle Khu vc qun tr Thnh vin Ti khon _57274d/input_Tn m v tn_firstname"), "Test " + index.toString()): Text 'Test 2' is set on object 'Object Repository/Create New User/Page_Moodle Khu vc qun tr Thnh vin Ti khon _57274d/input_Tn m v tn_firstname'

2022-01-17 23:18:33 - [MESSAGE][PASSED] - Text 'Test 2' is set on object 'Object Repository/Create New User/Page_Moodle Khu vc qun tr Thnh vin Ti khon _57274d/input_Tn m v tn_firstname'

2022-01-17 23:18:33 - [TEST_STEP][PASSED] - setText(findTestObject("Object Repository/Create New User/Page_Moodle Khu vc qun tr Thnh vin Ti khon _57274d/input_H_lastname"), "Nguyễn"): Text 'Nguyễn' is set on object 'Object Repository/Create New User/Page_Moodle Khu vc qun tr Thnh vin Ti khon _57274d/input_H_lastname'

2022-01-17 23:18:34 - [MESSAGE][PASSED] - Text 'Nguyễn' is set on object 'Object Repository/Create New User/Page_Moodle Khu vc qun tr Thnh vin Ti khon _57274d/input_H_lastname'

2022-01-17 23:18:34 - [TEST_STEP][PASSED] - setText(findTestObject("Object Repository/Create New User/Page_Moodle Khu vc qun tr Thnh vin Ti khon _57274d/input_a ch th in t_email"), "test_" + index.toString() + "@gmail.com"): Text 'test_2@gmail.com' is set on object 'Object Repository/Create New User/Page_Moodle Khu vc qun tr Thnh vin Ti khon _57274d/input_a ch th in t_email'

2022-01-17 23:18:35 - [MESSAGE][PASSED] - Text 'test_2@gmail.com' is set on object 'Object Repository/Create New User/Page_Moodle Khu vc qun tr Thnh vin Ti khon _57274d/input_a ch th in t_email'

2022-01-17 23:18:35 - [TEST_STEP][PASSED] - selectOptionByValue(findTestObject("Object Repository/Create New User/Page_Moodle Khu vc qun tr Thnh vin Ti khon _57274d/select_Du a ch th in t ca ti            Cho_daca4a"), "0", true): All options with value '0' are selected in object 'Object Repository/Create New User/Page_Moodle Khu vc qun tr Thnh vin Ti khon _57274d/select_Du a ch th in t ca ti            Cho_daca4a'  using regular expression

2022-01-17 23:18:36 - [MESSAGE][PASSED] - All options with value '0' are selected in object 'Object Repository/Create New User/Page_Moodle Khu vc qun tr Thnh vin Ti khon _57274d/select_Du a ch th in t ca ti            Cho_daca4a'  using regular expression

2022-01-17 23:18:36 - [TEST_STEP][PASSED] - setText(findTestObject("Object Repository/Create New User/Page_Moodle Khu vc qun tr Thnh vin Ti khon _57274d/input_TnhThnh ph_city"), "Hồ Chí Minh"): Text 'Hồ Chí Minh' is set on object 'Object Repository/Create New User/Page_Moodle Khu vc qun tr Thnh vin Ti khon _57274d/input_TnhThnh ph_city'

2022-01-17 23:18:37 - [MESSAGE][PASSED] - Text 'Hồ Chí Minh' is set on object 'Object Repository/Create New User/Page_Moodle Khu vc qun tr Thnh vin Ti khon _57274d/input_TnhThnh ph_city'

2022-01-17 23:18:37 - [TEST_STEP][PASSED] - selectOptionByValue(findTestObject("Object Repository/Create New User/Page_Moodle Khu vc qun tr Thnh vin Ti khon _57274d/select_Chn quc gia.            Afghanistan _0db63d"), "VN", true): All options with value 'VN' are selected in object 'Object Repository/Create New User/Page_Moodle Khu vc qun tr Thnh vin Ti khon _57274d/select_Chn quc gia.            Afghanistan _0db63d'  using regular expression

2022-01-17 23:18:47 - [MESSAGE][PASSED] - All options with value 'VN' are selected in object 'Object Repository/Create New User/Page_Moodle Khu vc qun tr Thnh vin Ti khon _57274d/select_Chn quc gia.            Afghanistan _0db63d'  using regular expression

2022-01-17 23:18:47 - [TEST_STEP][PASSED] - click(findTestObject("Object Repository/Create New User/Page_Moodle Khu vc qun tr Thnh vin Ti khon _57274d/input_a ch_submitbutton")): Object: 'Object Repository/Create New User/Page_Moodle Khu vc qun tr Thnh vin Ti khon _57274d/input_a ch_submitbutton' is clicked on

2022-01-17 23:18:50 - [MESSAGE][PASSED] - Object: 'Object Repository/Create New User/Page_Moodle Khu vc qun tr Thnh vin Ti khon _57274d/input_a ch_submitbutton' is clicked on

2022-01-17 23:18:50 - [TEST_STEP][PASSED] - navigateToUrl("http://localhost/admin/user.php"): Navigate to 'http://localhost/admin/user.php' successfully

2022-01-17 23:18:51 - [MESSAGE][PASSED] - Navigate to 'http://localhost/admin/user.php' successfully

2022-01-17 23:18:51 - [TEST_STEP][PASSED] - click(findTestObject("Object Repository/Create New User/Page_Moodle Khu vc qun tr My ch Ch  bo tr/span_Qun tr khu vc")): Object: 'Object Repository/Create New User/Page_Moodle Khu vc qun tr My ch Ch  bo tr/span_Qun tr khu vc' is clicked on

2022-01-17 23:18:58 - [MESSAGE][INFO] - Unable to find the element located by 'By.xpath: '. Please recheck the objects properties to make sure the desired element is located. 

2022-01-17 23:18:58 - [MESSAGE][WARNING] - [SELF-HEALING] Failed to find element with id 'Object Repository/Create New User/Page_Moodle Khu vc qun tr My ch Ch  bo tr/span_Qun tr khu vc'. Try using Self-healing.

2022-01-17 23:18:58 - [MESSAGE][WARNING] - [SELF-HEALING] The current locator of test object 'Object Repository/Create New User/Page_Moodle Khu vc qun tr My ch Ch  bo tr/span_Qun tr khu vc' was broken. Propose an alternative one: '//div[@id='nav-drawer']/nav[2]/ul/li/a/div/div/span[2]'.

2022-01-17 23:19:00 - [MESSAGE][PASSED] - Object: 'Object Repository/Create New User/Page_Moodle Khu vc qun tr My ch Ch  bo tr/span_Qun tr khu vc' is clicked on

2022-01-17 23:19:00 - [TEST_STEP][PASSED] - click(findTestObject("Object Repository/Create New User/Page_Moodle Khu vc qun tr Tm kim/a_Thnh vin")): Object: 'Object Repository/Create New User/Page_Moodle Khu vc qun tr Tm kim/a_Thnh vin' is clicked on

2022-01-17 23:19:01 - [MESSAGE][PASSED] - Object: 'Object Repository/Create New User/Page_Moodle Khu vc qun tr Tm kim/a_Thnh vin' is clicked on

2022-01-17 23:19:01 - [TEST_STEP][PASSED] - click(findTestObject("Object Repository/Create New User/Page_Moodle Khu vc qun tr Tm kim/a_Thm thnh vin mi")): Object: 'Object Repository/Create New User/Page_Moodle Khu vc qun tr Tm kim/a_Thm thnh vin mi' is clicked on

2022-01-17 23:19:04 - [MESSAGE][PASSED] - Object: 'Object Repository/Create New User/Page_Moodle Khu vc qun tr Tm kim/a_Thm thnh vin mi' is clicked on

2022-01-17 23:19:04 - [TEST_STEP][PASSED] - setText(findTestObject("Object Repository/Create New User/Page_Moodle Khu vc qun tr Thnh vin Ti khon _57274d/input_Tn ti khon_username"), "test_" + index.toString()): Text 'test_3' is set on object 'Object Repository/Create New User/Page_Moodle Khu vc qun tr Thnh vin Ti khon _57274d/input_Tn ti khon_username'

2022-01-17 23:19:05 - [MESSAGE][PASSED] - Text 'test_3' is set on object 'Object Repository/Create New User/Page_Moodle Khu vc qun tr Thnh vin Ti khon _57274d/input_Tn ti khon_username'

2022-01-17 23:19:05 - [TEST_STEP][PASSED] - click(findTestObject("Object Repository/Create New User/Page_Moodle Khu vc qun tr Thnh vin Ti khon _57274d/a_Click to enter text")): Object: 'Object Repository/Create New User/Page_Moodle Khu vc qun tr Thnh vin Ti khon _57274d/a_Click to enter text' is clicked on

2022-01-17 23:19:12 - [MESSAGE][INFO] - Unable to find the element located by 'By.xpath: //a[@id='yui_3_17_2_1_1641440991320_766']'. Please recheck the objects properties to make sure the desired element is located. 

2022-01-17 23:19:12 - [MESSAGE][WARNING] - [SELF-HEALING] Failed to find element with id 'Object Repository/Create New User/Page_Moodle Khu vc qun tr Thnh vin Ti khon _57274d/a_Click to enter text'. Try using Self-healing.

2022-01-17 23:19:12 - [MESSAGE][WARNING] - [SELF-HEALING] The current locator of test object 'Object Repository/Create New User/Page_Moodle Khu vc qun tr Thnh vin Ti khon _57274d/a_Click to enter text' was broken. Propose an alternative one: '(.//*[normalize-space(text()) and normalize-space(.)='Mật khẩu mới'])[1]/following::a[2]'.

2022-01-17 23:19:12 - [MESSAGE][PASSED] - Object: 'Object Repository/Create New User/Page_Moodle Khu vc qun tr Thnh vin Ti khon _57274d/a_Click to enter text' is clicked on

2022-01-17 23:19:12 - [TEST_STEP][PASSED] - setEncryptedText(findTestObject("Object Repository/Create New User/Page_Moodle Khu vc qun tr Thnh vin Ti khon _57274d/input_Mt khu mi_newpassword"), "cvW8qx4B2o1gIDzvWT+0mQ=="): Text ****** has been set on object 'Object Repository/Create New User/Page_Moodle Khu vc qun tr Thnh vin Ti khon _57274d/input_Mt khu mi_newpassword'

2022-01-17 23:19:13 - [MESSAGE][PASSED] - Text ****** has been set on object 'Object Repository/Create New User/Page_Moodle Khu vc qun tr Thnh vin Ti khon _57274d/input_Mt khu mi_newpassword'

2022-01-17 23:19:13 - [TEST_STEP][PASSED] - setText(findTestObject("Object Repository/Create New User/Page_Moodle Khu vc qun tr Thnh vin Ti khon _57274d/input_Tn m v tn_firstname"), "Test " + index.toString()): Text 'Test 3' is set on object 'Object Repository/Create New User/Page_Moodle Khu vc qun tr Thnh vin Ti khon _57274d/input_Tn m v tn_firstname'

2022-01-17 23:19:14 - [MESSAGE][PASSED] - Text 'Test 3' is set on object 'Object Repository/Create New User/Page_Moodle Khu vc qun tr Thnh vin Ti khon _57274d/input_Tn m v tn_firstname'

2022-01-17 23:19:14 - [TEST_STEP][PASSED] - setText(findTestObject("Object Repository/Create New User/Page_Moodle Khu vc qun tr Thnh vin Ti khon _57274d/input_H_lastname"), "Nguyễn"): Text 'Nguyễn' is set on object 'Object Repository/Create New User/Page_Moodle Khu vc qun tr Thnh vin Ti khon _57274d/input_H_lastname'

2022-01-17 23:19:16 - [MESSAGE][PASSED] - Text 'Nguyễn' is set on object 'Object Repository/Create New User/Page_Moodle Khu vc qun tr Thnh vin Ti khon _57274d/input_H_lastname'

2022-01-17 23:19:16 - [TEST_STEP][PASSED] - setText(findTestObject("Object Repository/Create New User/Page_Moodle Khu vc qun tr Thnh vin Ti khon _57274d/input_a ch th in t_email"), "test_" + index.toString() + "@gmail.com"): Text 'test_3@gmail.com' is set on object 'Object Repository/Create New User/Page_Moodle Khu vc qun tr Thnh vin Ti khon _57274d/input_a ch th in t_email'

2022-01-17 23:19:17 - [MESSAGE][PASSED] - Text 'test_3@gmail.com' is set on object 'Object Repository/Create New User/Page_Moodle Khu vc qun tr Thnh vin Ti khon _57274d/input_a ch th in t_email'

2022-01-17 23:19:17 - [TEST_STEP][PASSED] - selectOptionByValue(findTestObject("Object Repository/Create New User/Page_Moodle Khu vc qun tr Thnh vin Ti khon _57274d/select_Du a ch th in t ca ti            Cho_daca4a"), "0", true): All options with value '0' are selected in object 'Object Repository/Create New User/Page_Moodle Khu vc qun tr Thnh vin Ti khon _57274d/select_Du a ch th in t ca ti            Cho_daca4a'  using regular expression

2022-01-17 23:19:19 - [MESSAGE][PASSED] - All options with value '0' are selected in object 'Object Repository/Create New User/Page_Moodle Khu vc qun tr Thnh vin Ti khon _57274d/select_Du a ch th in t ca ti            Cho_daca4a'  using regular expression

2022-01-17 23:19:19 - [TEST_STEP][PASSED] - setText(findTestObject("Object Repository/Create New User/Page_Moodle Khu vc qun tr Thnh vin Ti khon _57274d/input_TnhThnh ph_city"), "Hồ Chí Minh"): Text 'Hồ Chí Minh' is set on object 'Object Repository/Create New User/Page_Moodle Khu vc qun tr Thnh vin Ti khon _57274d/input_TnhThnh ph_city'

2022-01-17 23:19:20 - [MESSAGE][PASSED] - Text 'Hồ Chí Minh' is set on object 'Object Repository/Create New User/Page_Moodle Khu vc qun tr Thnh vin Ti khon _57274d/input_TnhThnh ph_city'

2022-01-17 23:19:20 - [TEST_STEP][PASSED] - selectOptionByValue(findTestObject("Object Repository/Create New User/Page_Moodle Khu vc qun tr Thnh vin Ti khon _57274d/select_Chn quc gia.            Afghanistan _0db63d"), "VN", true): All options with value 'VN' are selected in object 'Object Repository/Create New User/Page_Moodle Khu vc qun tr Thnh vin Ti khon _57274d/select_Chn quc gia.            Afghanistan _0db63d'  using regular expression

2022-01-17 23:19:32 - [MESSAGE][PASSED] - All options with value 'VN' are selected in object 'Object Repository/Create New User/Page_Moodle Khu vc qun tr Thnh vin Ti khon _57274d/select_Chn quc gia.            Afghanistan _0db63d'  using regular expression

2022-01-17 23:19:32 - [TEST_STEP][PASSED] - click(findTestObject("Object Repository/Create New User/Page_Moodle Khu vc qun tr Thnh vin Ti khon _57274d/input_a ch_submitbutton")): Object: 'Object Repository/Create New User/Page_Moodle Khu vc qun tr Thnh vin Ti khon _57274d/input_a ch_submitbutton' is clicked on

2022-01-17 23:19:36 - [MESSAGE][PASSED] - Object: 'Object Repository/Create New User/Page_Moodle Khu vc qun tr Thnh vin Ti khon _57274d/input_a ch_submitbutton' is clicked on

2022-01-17 23:19:36 - [TEST_STEP][PASSED] - navigateToUrl("http://localhost/admin/user.php"): Navigate to 'http://localhost/admin/user.php' successfully

2022-01-17 23:19:38 - [MESSAGE][PASSED] - Navigate to 'http://localhost/admin/user.php' successfully

2022-01-17 23:19:38 - [TEST_STEP][PASSED] - click(findTestObject("Object Repository/Create New User/Page_Moodle Khu vc qun tr Tm kim/a_Qun tr Thnh vin")): Object: 'Object Repository/Create New User/Page_Moodle Khu vc qun tr Tm kim/a_Qun tr Thnh vin' is clicked on

2022-01-17 23:19:40 - [MESSAGE][PASSED] - Object: 'Object Repository/Create New User/Page_Moodle Khu vc qun tr Tm kim/a_Qun tr Thnh vin' is clicked on

2022-01-17 23:19:40 - [TEST_STEP][PASSED] - click(findTestObject("Object Repository/Create New User/Page_Moodle Khu vc qun tr Tm kim/span_Thot")): Object: 'Object Repository/Create New User/Page_Moodle Khu vc qun tr Tm kim/span_Thot' is clicked on

2022-01-17 23:19:41 - [MESSAGE][PASSED] - Object: 'Object Repository/Create New User/Page_Moodle Khu vc qun tr Tm kim/span_Thot' is clicked on

2022-01-17 23:19:41 - [TEST_STEP][PASSED] - click(findTestObject("Object Repository/Create New User/Page_Local Moodle/a_Log in")): Object: 'Object Repository/Create New User/Page_Local Moodle/a_Log in' is clicked on

2022-01-17 23:19:43 - [MESSAGE][PASSED] - Object: 'Object Repository/Create New User/Page_Local Moodle/a_Log in' is clicked on

2022-01-17 23:19:43 - [TEST_STEP][PASSED] - setText(findTestObject("Object Repository/Create New User/Page_Local Moodle Log in to the site/input_Username_username"), "test_2"): Text 'test_2' is set on object 'Object Repository/Create New User/Page_Local Moodle Log in to the site/input_Username_username'

2022-01-17 23:19:44 - [MESSAGE][PASSED] - Text 'test_2' is set on object 'Object Repository/Create New User/Page_Local Moodle Log in to the site/input_Username_username'

2022-01-17 23:19:44 - [TEST_STEP][PASSED] - setEncryptedText(findTestObject("Object Repository/Create New User/Page_Local Moodle Log in to the site/input_Password_password"), "cvW8qx4B2o1gIDzvWT+0mQ=="): Text ****** has been set on object 'Object Repository/Create New User/Page_Local Moodle Log in to the site/input_Password_password'

2022-01-17 23:19:45 - [MESSAGE][PASSED] - Text ****** has been set on object 'Object Repository/Create New User/Page_Local Moodle Log in to the site/input_Password_password'

2022-01-17 23:19:45 - [TEST_STEP][PASSED] - click(findTestObject("Object Repository/Create New User/Page_Local Moodle Log in to the site/button_Log in")): Object: 'Object Repository/Create New User/Page_Local Moodle Log in to the site/button_Log in' is clicked on

2022-01-17 23:19:48 - [MESSAGE][PASSED] - Object: 'Object Repository/Create New User/Page_Local Moodle Log in to the site/button_Log in' is clicked on

2022-01-17 23:19:48 - [TEST_STEP][PASSED] - click(findTestObject("Object Repository/Create New User/Page_Nh ca ti/a_A2 Nguyn")): Object: 'Object Repository/Create New User/Page_Nh ca ti/a_A2 Nguyn' is clicked on

2022-01-17 23:19:50 - [MESSAGE][PASSED] - Object: 'Object Repository/Create New User/Page_Nh ca ti/a_A2 Nguyn' is clicked on

2022-01-17 23:19:50 - [TEST_STEP][PASSED] - click(findTestObject("Object Repository/Create New User/Page_Nh ca ti/span_Thot")): Object: 'Object Repository/Create New User/Page_Nh ca ti/span_Thot' is clicked on

2022-01-17 23:19:51 - [MESSAGE][PASSED] - Object: 'Object Repository/Create New User/Page_Nh ca ti/span_Thot' is clicked on

2022-01-17 23:19:51 - [TEST_STEP][PASSED] - click(findTestObject("Object Repository/Create New User/Page_Local Moodle/a_Log in")): Object: 'Object Repository/Create New User/Page_Local Moodle/a_Log in' is clicked on

2022-01-17 23:19:52 - [MESSAGE][PASSED] - Object: 'Object Repository/Create New User/Page_Local Moodle/a_Log in' is clicked on

2022-01-17 23:19:52 - [TEST_STEP][PASSED] - setText(findTestObject("Object Repository/Create New User/Page_Local Moodle Log in to the site/input_Username_username"), "admin"): Text 'admin' is set on object 'Object Repository/Create New User/Page_Local Moodle Log in to the site/input_Username_username'

2022-01-17 23:19:53 - [MESSAGE][PASSED] - Text 'admin' is set on object 'Object Repository/Create New User/Page_Local Moodle Log in to the site/input_Username_username'

2022-01-17 23:19:53 - [TEST_STEP][PASSED] - setEncryptedText(findTestObject("Object Repository/Create New User/Page_Local Moodle Log in to the site/input_Password_password"), "bfAykA/oWJ09FXmiKh6lyuuLu8QhG1K5"): Text ****** has been set on object 'Object Repository/Create New User/Page_Local Moodle Log in to the site/input_Password_password'

2022-01-17 23:19:54 - [MESSAGE][PASSED] - Text ****** has been set on object 'Object Repository/Create New User/Page_Local Moodle Log in to the site/input_Password_password'

2022-01-17 23:19:54 - [TEST_STEP][PASSED] - click(findTestObject("Object Repository/Create New User/Page_Local Moodle Log in to the site/button_Log in")): Object: 'Object Repository/Create New User/Page_Local Moodle Log in to the site/button_Log in' is clicked on

2022-01-17 23:19:57 - [MESSAGE][PASSED] - Object: 'Object Repository/Create New User/Page_Local Moodle Log in to the site/button_Log in' is clicked on

2022-01-17 23:19:57 - [TEST_STEP][PASSED] - click(findTestObject("Object Repository/Create New User/Page_Nh ca ti/span_Qun tr khu vc")): Object: 'Object Repository/Create New User/Page_Nh ca ti/span_Qun tr khu vc' is clicked on

2022-01-17 23:20:03 - [MESSAGE][PASSED] - Object: 'Object Repository/Create New User/Page_Nh ca ti/span_Qun tr khu vc' is clicked on

2022-01-17 23:20:03 - [TEST_STEP][PASSED] - click(findTestObject("Object Repository/Create New User/Page_Moodle Khu vc qun tr Tm kim/a_Thnh vin")): Object: 'Object Repository/Create New User/Page_Moodle Khu vc qun tr Tm kim/a_Thnh vin' is clicked on

2022-01-17 23:20:04 - [MESSAGE][PASSED] - Object: 'Object Repository/Create New User/Page_Moodle Khu vc qun tr Tm kim/a_Thnh vin' is clicked on

2022-01-17 23:20:04 - [TEST_STEP][PASSED] - click(findTestObject("Object Repository/Create New User/Page_Moodle Khu vc qun tr Tm kim/a_Hnh ng trn hng lot thnh vin")): Object: 'Object Repository/Create New User/Page_Moodle Khu vc qun tr Tm kim/a_Hnh ng trn hng lot thnh vin' is clicked on

2022-01-17 23:20:07 - [MESSAGE][PASSED] - Object: 'Object Repository/Create New User/Page_Moodle Khu vc qun tr Tm kim/a_Hnh ng trn hng lot thnh vin' is clicked on

2022-01-17 23:20:07 - [TEST_STEP][PASSED] - selectOptionByValue(findTestObject("Object Repository/Create New User/Page_Moodle Khu vc qun tr Thnh vin Ti khon _1ca8e5/select_c cha        khng cha        bng vi _49cfad"), "0", true): All options with value '0' are selected in object 'Object Repository/Create New User/Page_Moodle Khu vc qun tr Thnh vin Ti khon _1ca8e5/select_c cha        khng cha        bng vi _49cfad'  using regular expression

2022-01-17 23:20:08 - [MESSAGE][PASSED] - All options with value '0' are selected in object 'Object Repository/Create New User/Page_Moodle Khu vc qun tr Thnh vin Ti khon _1ca8e5/select_c cha        khng cha        bng vi _49cfad'  using regular expression

2022-01-17 23:20:08 - [TEST_STEP][PASSED] - setText(findTestObject("Object Repository/Create New User/Page_Moodle Khu vc qun tr Thnh vin Ti khon _1ca8e5/input_Tn y  value_realname"), "Test"): Text 'Test' is set on object 'Object Repository/Create New User/Page_Moodle Khu vc qun tr Thnh vin Ti khon _1ca8e5/input_Tn y  value_realname'

2022-01-17 23:20:09 - [MESSAGE][PASSED] - Text 'Test' is set on object 'Object Repository/Create New User/Page_Moodle Khu vc qun tr Thnh vin Ti khon _1ca8e5/input_Tn y  value_realname'

2022-01-17 23:20:09 - [TEST_STEP][PASSED] - click(findTestObject("Object Repository/Create New User/Page_Moodle Khu vc qun tr Thnh vin Ti khon _1ca8e5/input_a ch IP trc  value_addfilter")): Object: 'Object Repository/Create New User/Page_Moodle Khu vc qun tr Thnh vin Ti khon _1ca8e5/input_a ch IP trc  value_addfilter' is clicked on

2022-01-17 23:20:12 - [MESSAGE][PASSED] - Object: 'Object Repository/Create New User/Page_Moodle Khu vc qun tr Thnh vin Ti khon _1ca8e5/input_a ch IP trc  value_addfilter' is clicked on

2022-01-17 23:20:12 - [TEST_STEP][PASSED] - click(findTestObject("Object Repository/Create New User/Page_Moodle Khu vc qun tr Thnh vin Ti khon _1ca8e5/input_Danh sch thnh vin c chn_addall")): Object: 'Object Repository/Create New User/Page_Moodle Khu vc qun tr Thnh vin Ti khon _1ca8e5/input_Danh sch thnh vin c chn_addall' is clicked on

2022-01-17 23:20:15 - [MESSAGE][PASSED] - Object: 'Object Repository/Create New User/Page_Moodle Khu vc qun tr Thnh vin Ti khon _1ca8e5/input_Danh sch thnh vin c chn_addall' is clicked on

2022-01-17 23:20:15 - [TEST_STEP][PASSED] - selectOptionByValue(findTestObject("Object Repository/Create New User/Page_Moodle Khu vc qun tr Thnh vin Ti khon _1ca8e5/select_Chn.        Xc nhn        Gi tin nhn_4dafb0"), "delete", true): All options with value 'delete' are selected in object 'Object Repository/Create New User/Page_Moodle Khu vc qun tr Thnh vin Ti khon _1ca8e5/select_Chn.        Xc nhn        Gi tin nhn_4dafb0'  using regular expression

2022-01-17 23:20:17 - [MESSAGE][PASSED] - All options with value 'delete' are selected in object 'Object Repository/Create New User/Page_Moodle Khu vc qun tr Thnh vin Ti khon _1ca8e5/select_Chn.        Xc nhn        Gi tin nhn_4dafb0'  using regular expression

2022-01-17 23:20:17 - [TEST_STEP][PASSED] - click(findTestObject("Object Repository/Create New User/Page_Moodle Khu vc qun tr Thnh vin Ti khon _1ca8e5/input_Vi cc thnh vin c chn_doaction")): Object: 'Object Repository/Create New User/Page_Moodle Khu vc qun tr Thnh vin Ti khon _1ca8e5/input_Vi cc thnh vin c chn_doaction' is clicked on

2022-01-17 23:20:20 - [MESSAGE][PASSED] - Object: 'Object Repository/Create New User/Page_Moodle Khu vc qun tr Thnh vin Ti khon _1ca8e5/input_Vi cc thnh vin c chn_doaction' is clicked on

2022-01-17 23:20:20 - [TEST_STEP][PASSED] - click(findTestObject("Object Repository/Create New User/Page_Moodle Khu vc qun tr Thnh vin Ti khon _1ca8e5/button_C")): Object: 'Object Repository/Create New User/Page_Moodle Khu vc qun tr Thnh vin Ti khon _1ca8e5/button_C' is clicked on

2022-01-17 23:20:26 - [MESSAGE][INFO] - Unable to find the element located by 'By.xpath: //button[@id='single_button61dbffc756bbb20']'. Please recheck the objects properties to make sure the desired element is located. 

2022-01-17 23:20:26 - [MESSAGE][WARNING] - [SELF-HEALING] Failed to find element with id 'Object Repository/Create New User/Page_Moodle Khu vc qun tr Thnh vin Ti khon _1ca8e5/button_C'. Try using Self-healing.

2022-01-17 23:20:26 - [MESSAGE][WARNING] - [SELF-HEALING] The current locator of test object 'Object Repository/Create New User/Page_Moodle Khu vc qun tr Thnh vin Ti khon _1ca8e5/button_C' was broken. Propose an alternative one: '//div[@id='modal-footer']/div/div/form/button'.

2022-01-17 23:20:28 - [MESSAGE][PASSED] - Object: 'Object Repository/Create New User/Page_Moodle Khu vc qun tr Thnh vin Ti khon _1ca8e5/button_C' is clicked on

2022-01-17 23:20:28 - [TEST_STEP][PASSED] - closeBrowser(): Browser is closed

2022-01-17 23:20:30 - [MESSAGE][PASSED] - Browser is closed]]></system-out>
         <system-err><![CDATA[]]></system-err>
      </testcase>
      <testcase name="Test Cases/Create User by CSV/Create By CSV Success" time="94.263" classname="Test Cases/Create User by CSV/Create By CSV Success" status="PASSED">
         <system-out><![CDATA[2022-01-17 23:20:30 - [TEST_CASE][PASSED] - Test Cases/Create User by CSV/Create By CSV Success: Test Cases/Create User by CSV/Create By CSV Success

2022-01-17 23:20:31 - [TEST_STEP][PASSED] - callTestCase(findTestCase("Admin Site/Login with Admin"), [:], STOP_ON_FAILURE): Call Test Case 'Test Cases/Admin Site/Login with Admin' successfully

2022-01-17 23:20:31 - [TEST_CASE][PASSED] - Test Cases/Admin Site/Login with Admin: Test Cases/Admin Site/Login with Admin

2022-01-17 23:20:31 - [TEST_STEP][PASSED] - openBrowser(""): Browser is opened with url: ''

2022-01-17 23:20:31 - [MESSAGE][INFO] - Starting 'Edge Chromium' driver

2022-01-17 23:20:34 - [MESSAGE][INFO] - Action delay is set to 0 milliseconds

2022-01-17 23:20:36 - [MESSAGE][PASSED] - Browser is opened with url: ''

2022-01-17 23:20:36 - [TEST_STEP][PASSED] - navigateToUrl("http://localhost/"): Navigate to 'http://localhost/' successfully

2022-01-17 23:20:39 - [MESSAGE][PASSED] - Navigate to 'http://localhost/' successfully

2022-01-17 23:20:39 - [TEST_STEP][PASSED] - click(findTestObject("Object Repository/Admin Site/Page_Local Moodle/a_Log in")): Object: 'Object Repository/Admin Site/Page_Local Moodle/a_Log in' is clicked on

2022-01-17 23:20:41 - [MESSAGE][PASSED] - Object: 'Object Repository/Admin Site/Page_Local Moodle/a_Log in' is clicked on

2022-01-17 23:20:41 - [TEST_STEP][PASSED] - setText(findTestObject("Object Repository/Admin Site/Page_Local Moodle Log in to the site/input_Username_username"), "admin"): Text 'admin' is set on object 'Object Repository/Admin Site/Page_Local Moodle Log in to the site/input_Username_username'

2022-01-17 23:20:42 - [MESSAGE][PASSED] - Text 'admin' is set on object 'Object Repository/Admin Site/Page_Local Moodle Log in to the site/input_Username_username'

2022-01-17 23:20:42 - [TEST_STEP][PASSED] - setEncryptedText(findTestObject("Object Repository/Admin Site/Page_Local Moodle Log in to the site/input_Password_password"), "bfAykA/oWJ09FXmiKh6lyuuLu8QhG1K5"): Text ****** has been set on object 'Object Repository/Admin Site/Page_Local Moodle Log in to the site/input_Password_password'

2022-01-17 23:20:43 - [MESSAGE][PASSED] - Text ****** has been set on object 'Object Repository/Admin Site/Page_Local Moodle Log in to the site/input_Password_password'

2022-01-17 23:20:43 - [TEST_STEP][PASSED] - click(findTestObject("Object Repository/Admin Site/Page_Local Moodle Log in to the site/button_Log in")): Object: 'Object Repository/Admin Site/Page_Local Moodle Log in to the site/button_Log in' is clicked on

2022-01-17 23:20:48 - [MESSAGE][PASSED] - Object: 'Object Repository/Admin Site/Page_Local Moodle Log in to the site/button_Log in' is clicked on

2022-01-17 23:20:48 - [TEST_STEP][PASSED] - click(findTestObject("Object Repository/Admin Site/Page_Nh ca ti/span_Qun tr khu vc")): Object: 'Object Repository/Admin Site/Page_Nh ca ti/span_Qun tr khu vc' is clicked on

2022-01-17 23:20:58 - [MESSAGE][PASSED] - Object: 'Object Repository/Admin Site/Page_Nh ca ti/span_Qun tr khu vc' is clicked on

2022-01-17 23:20:58 - [TEST_STEP][PASSED] - verifyElementPresent(findTestObject("Object Repository/Admin Site/Page_Moodle Khu vc qun tr Tm kim/a_Qun tr khu vc"), 0): Object 'Object Repository/Admin Site/Page_Moodle Khu vc qun tr Tm kim/a_Qun tr khu vc' is present

2022-01-17 23:20:58 - [MESSAGE][WARNING] - Timeout '0' is invalid. Using default page load timeout: '5'

2022-01-17 23:20:59 - [MESSAGE][PASSED] - Object 'Object Repository/Admin Site/Page_Moodle Khu vc qun tr Tm kim/a_Qun tr khu vc' is present

2022-01-17 23:20:59 - [MESSAGE][PASSED] - Call Test Case 'Test Cases/Admin Site/Login with Admin' successfully

2022-01-17 23:20:59 - [TEST_STEP][PASSED] - click(findTestObject("Object Repository/Create User by CSV/Page_Moodle Khu vc qun tr Tm kim/span_Qun tr khu vc")): Object: 'Object Repository/Create User by CSV/Page_Moodle Khu vc qun tr Tm kim/span_Qun tr khu vc' is clicked on

2022-01-17 23:21:02 - [MESSAGE][PASSED] - Object: 'Object Repository/Create User by CSV/Page_Moodle Khu vc qun tr Tm kim/span_Qun tr khu vc' is clicked on

2022-01-17 23:21:02 - [TEST_STEP][PASSED] - navigateToUrl("http://localhost/admin/search.php"): Navigate to 'http://localhost/admin/search.php' successfully

2022-01-17 23:21:05 - [MESSAGE][PASSED] - Navigate to 'http://localhost/admin/search.php' successfully

2022-01-17 23:21:05 - [TEST_STEP][PASSED] - click(findTestObject("Object Repository/Create User by CSV/Page_Moodle Khu vc qun tr Tm kim/a_Thnh vin")): Object: 'Object Repository/Create User by CSV/Page_Moodle Khu vc qun tr Tm kim/a_Thnh vin' is clicked on

2022-01-17 23:21:05 - [MESSAGE][PASSED] - Object: 'Object Repository/Create User by CSV/Page_Moodle Khu vc qun tr Tm kim/a_Thnh vin' is clicked on

2022-01-17 23:21:05 - [TEST_STEP][PASSED] - click(findTestObject("Object Repository/Create User by CSV/Page_Moodle Khu vc qun tr Tm kim/a_Nhp danh sch thnh vin")): Object: 'Object Repository/Create User by CSV/Page_Moodle Khu vc qun tr Tm kim/a_Nhp danh sch thnh vin' is clicked on

2022-01-17 23:21:08 - [MESSAGE][PASSED] - Object: 'Object Repository/Create User by CSV/Page_Moodle Khu vc qun tr Tm kim/a_Nhp danh sch thnh vin' is clicked on

2022-01-17 23:21:08 - [TEST_STEP][PASSED] - click(findTestObject("Object Repository/Create New User/Page_Moodle Khu vc qun tr Thnh vin Ti khon _cb1c9d/input_Tp tin_userfilechoose")): Object: 'Object Repository/Create New User/Page_Moodle Khu vc qun tr Thnh vin Ti khon _cb1c9d/input_Tp tin_userfilechoose' is clicked on

2022-01-17 23:21:15 - [MESSAGE][INFO] - Unable to find the element located by 'By.xpath: '. Please recheck the objects properties to make sure the desired element is located. 

2022-01-17 23:21:15 - [MESSAGE][WARNING] - [SELF-HEALING] Failed to find element with id 'Object Repository/Create New User/Page_Moodle Khu vc qun tr Thnh vin Ti khon _cb1c9d/input_Tp tin_userfilechoose'. Try using Self-healing.

2022-01-17 23:21:16 - [MESSAGE][WARNING] - [SELF-HEALING] The current locator of test object 'Object Repository/Create New User/Page_Moodle Khu vc qun tr Thnh vin Ti khon _cb1c9d/input_Tp tin_userfilechoose' was broken. Propose an alternative one: '//fieldset/div[2]/div/input'.

2022-01-17 23:21:16 - [MESSAGE][PASSED] - Object: 'Object Repository/Create New User/Page_Moodle Khu vc qun tr Thnh vin Ti khon _cb1c9d/input_Tp tin_userfilechoose' is clicked on

2022-01-17 23:21:16 - [TEST_STEP][PASSED] - click(findTestObject("Object Repository/Create New User/Page_Moodle Khu vc qun tr Thnh vin Ti khon _cb1c9d/span_Tp tin ring t")): Object: 'Object Repository/Create New User/Page_Moodle Khu vc qun tr Thnh vin Ti khon _cb1c9d/span_Tp tin ring t' is clicked on

2022-01-17 23:21:23 - [MESSAGE][INFO] - Unable to find the element located by 'By.xpath: //span[@id='yui_3_17_2_1_1642066391828_601']'. Please recheck the objects properties to make sure the desired element is located. 

2022-01-17 23:21:23 - [MESSAGE][WARNING] - [SELF-HEALING] Failed to find element with id 'Object Repository/Create New User/Page_Moodle Khu vc qun tr Thnh vin Ti khon _cb1c9d/span_Tp tin ring t'. Try using Self-healing.

2022-01-17 23:21:23 - [MESSAGE][WARNING] - [SELF-HEALING] The current locator of test object 'Object Repository/Create New User/Page_Moodle Khu vc qun tr Thnh vin Ti khon _cb1c9d/span_Tp tin ring t' was broken. Propose an alternative one: '(.//*[normalize-space(text()) and normalize-space(.)='URL downloader'])[1]/following::span[1]'.

2022-01-17 23:21:23 - [MESSAGE][PASSED] - Object: 'Object Repository/Create New User/Page_Moodle Khu vc qun tr Thnh vin Ti khon _cb1c9d/span_Tp tin ring t' is clicked on

2022-01-17 23:21:23 - [TEST_STEP][PASSED] - click(findTestObject("Create New User/Page_Moodle Khu vc qun tr Thnh vin Ti khon Nhp danh sch thnh vin/div_Wikimedia_yui_3_17_2_1_1642067879076_656")): Object: 'Object Repository/Create New User/Page_Moodle Khu vc qun tr Thnh vin Ti khon Nhp danh sch thnh vin/div_Wikimedia_yui_3_17_2_1_1642067879076_656' is clicked on

2022-01-17 23:21:30 - [MESSAGE][INFO] - Unable to find the element located by 'By.xpath: //div[@id='yui_3_17_2_1_1642067879076_656']'. Please recheck the objects properties to make sure the desired element is located. 

2022-01-17 23:21:30 - [MESSAGE][WARNING] - [SELF-HEALING] Failed to find element with id 'Object Repository/Create New User/Page_Moodle Khu vc qun tr Thnh vin Ti khon Nhp danh sch thnh vin/div_Wikimedia_yui_3_17_2_1_1642067879076_656'. Try using Self-healing.

2022-01-17 23:21:30 - [MESSAGE][WARNING] - [SELF-HEALING] The current locator of test object 'Object Repository/Create New User/Page_Moodle Khu vc qun tr Thnh vin Ti khon Nhp danh sch thnh vin/div_Wikimedia_yui_3_17_2_1_1642067879076_656' was broken. Propose an alternative one: '//a/div/div[3]'.

2022-01-17 23:21:30 - [MESSAGE][PASSED] - Object: 'Object Repository/Create New User/Page_Moodle Khu vc qun tr Thnh vin Ti khon Nhp danh sch thnh vin/div_Wikimedia_yui_3_17_2_1_1642067879076_656' is clicked on

2022-01-17 23:21:30 - [TEST_STEP][PASSED] - click(findTestObject("Object Repository/Create New User/Page_Moodle Khu vc qun tr Thnh vin Ti khon _cb1c9d/button_Chn tp ny")): Object: 'Object Repository/Create New User/Page_Moodle Khu vc qun tr Thnh vin Ti khon _cb1c9d/button_Chn tp ny' is clicked on

2022-01-17 23:21:37 - [MESSAGE][INFO] - Unable to find the element located by 'By.xpath: //button[@id='yui_3_17_2_1_1642066391828_732']'. Please recheck the objects properties to make sure the desired element is located. 

2022-01-17 23:21:37 - [MESSAGE][WARNING] - [SELF-HEALING] Failed to find element with id 'Object Repository/Create New User/Page_Moodle Khu vc qun tr Thnh vin Ti khon _cb1c9d/button_Chn tp ny'. Try using Self-healing.

2022-01-17 23:21:37 - [MESSAGE][WARNING] - [SELF-HEALING] The current locator of test object 'Object Repository/Create New User/Page_Moodle Khu vc qun tr Thnh vin Ti khon _cb1c9d/button_Chn tp ny' was broken. Propose an alternative one: '(.//*[normalize-space(text()) and normalize-space(.)='Chọn giấy phép'])[1]/following::button[1]'.

2022-01-17 23:21:37 - [MESSAGE][PASSED] - Object: 'Object Repository/Create New User/Page_Moodle Khu vc qun tr Thnh vin Ti khon _cb1c9d/button_Chn tp ny' is clicked on

2022-01-17 23:21:37 - [TEST_STEP][PASSED] - selectOptionByValue(findTestObject("Object Repository/Create User by CSV/Page_Moodle Khu vc qun tr Thnh vin Ti khon _cb1c9d/select_,                                    t"), "comma", true): All options with value 'comma' are selected in object 'Object Repository/Create User by CSV/Page_Moodle Khu vc qun tr Thnh vin Ti khon _cb1c9d/select_,                                    t'  using regular expression

2022-01-17 23:21:39 - [MESSAGE][PASSED] - All options with value 'comma' are selected in object 'Object Repository/Create User by CSV/Page_Moodle Khu vc qun tr Thnh vin Ti khon _cb1c9d/select_,                                    t'  using regular expression

2022-01-17 23:21:39 - [TEST_STEP][PASSED] - click(findTestObject("Object Repository/Create User by CSV/Page_Moodle Khu vc qun tr Thnh vin Ti khon _cb1c9d/input_Xem trc cc dng_submitbutton")): Object: 'Object Repository/Create User by CSV/Page_Moodle Khu vc qun tr Thnh vin Ti khon _cb1c9d/input_Xem trc cc dng_submitbutton' is clicked on

2022-01-17 23:21:43 - [MESSAGE][PASSED] - Object: 'Object Repository/Create User by CSV/Page_Moodle Khu vc qun tr Thnh vin Ti khon _cb1c9d/input_Xem trc cc dng_submitbutton' is clicked on

2022-01-17 23:21:43 - [TEST_STEP][PASSED] - click(findTestObject("Object Repository/Create User by CSV/Page_Moodle Khu vc qun tr Thnh vin Ti khon _cb1c9d/input_Xem trc cc dng_submitbutton")): Object: 'Object Repository/Create User by CSV/Page_Moodle Khu vc qun tr Thnh vin Ti khon _cb1c9d/input_Xem trc cc dng_submitbutton' is clicked on

2022-01-17 23:21:46 - [MESSAGE][PASSED] - Object: 'Object Repository/Create User by CSV/Page_Moodle Khu vc qun tr Thnh vin Ti khon _cb1c9d/input_Xem trc cc dng_submitbutton' is clicked on

2022-01-17 23:21:46 - [TEST_STEP][PASSED] - click(findTestObject("Object Repository/Create User by CSV/Page_Moodle Khu vc qun tr Thnh vin Ti khon _cb1c9d/button_Tip tc")): Object: 'Object Repository/Create User by CSV/Page_Moodle Khu vc qun tr Thnh vin Ti khon _cb1c9d/button_Tip tc' is clicked on

2022-01-17 23:21:52 - [MESSAGE][INFO] - Unable to find the element located by 'By.xpath: //button[@id='single_button61dc075c376d320']'. Please recheck the objects properties to make sure the desired element is located. 

2022-01-17 23:21:52 - [MESSAGE][WARNING] - [SELF-HEALING] Failed to find element with id 'Object Repository/Create User by CSV/Page_Moodle Khu vc qun tr Thnh vin Ti khon _cb1c9d/button_Tip tc'. Try using Self-healing.

2022-01-17 23:21:53 - [MESSAGE][WARNING] - [SELF-HEALING] The current locator of test object 'Object Repository/Create User by CSV/Page_Moodle Khu vc qun tr Thnh vin Ti khon _cb1c9d/button_Tip tc' was broken. Propose an alternative one: '//section[@id='region-main']/div/div[2]/form/button'.

2022-01-17 23:21:55 - [MESSAGE][PASSED] - Object: 'Object Repository/Create User by CSV/Page_Moodle Khu vc qun tr Thnh vin Ti khon _cb1c9d/button_Tip tc' is clicked on

2022-01-17 23:21:55 - [TEST_STEP][PASSED] - click(findTestObject("Object Repository/Create User by CSV/Page_Moodle Khu vc qun tr Thnh vin Ti khon _cb1c9d/a_Qun tr Thnh vin")): Object: 'Object Repository/Create User by CSV/Page_Moodle Khu vc qun tr Thnh vin Ti khon _cb1c9d/a_Qun tr Thnh vin' is clicked on

2022-01-17 23:21:55 - [MESSAGE][PASSED] - Object: 'Object Repository/Create User by CSV/Page_Moodle Khu vc qun tr Thnh vin Ti khon _cb1c9d/a_Qun tr Thnh vin' is clicked on

2022-01-17 23:21:55 - [TEST_STEP][PASSED] - click(findTestObject("Object Repository/Create User by CSV/Page_Moodle Khu vc qun tr Thnh vin Ti khon _cb1c9d/span_Thot")): Object: 'Object Repository/Create User by CSV/Page_Moodle Khu vc qun tr Thnh vin Ti khon _cb1c9d/span_Thot' is clicked on

2022-01-17 23:21:57 - [MESSAGE][PASSED] - Object: 'Object Repository/Create User by CSV/Page_Moodle Khu vc qun tr Thnh vin Ti khon _cb1c9d/span_Thot' is clicked on

2022-01-17 23:21:57 - [TEST_STEP][PASSED] - click(findTestObject("Object Repository/Create User by CSV/Page_Local Moodle/a_Log in")): Object: 'Object Repository/Create User by CSV/Page_Local Moodle/a_Log in' is clicked on

2022-01-17 23:21:58 - [MESSAGE][PASSED] - Object: 'Object Repository/Create User by CSV/Page_Local Moodle/a_Log in' is clicked on

2022-01-17 23:21:58 - [TEST_STEP][PASSED] - setText(findTestObject("Object Repository/Create User by CSV/Page_Local Moodle Log in to the site/input_Username_username"), "student2"): Text 'student2' is set on object 'Object Repository/Create User by CSV/Page_Local Moodle Log in to the site/input_Username_username'

2022-01-17 23:21:59 - [MESSAGE][PASSED] - Text 'student2' is set on object 'Object Repository/Create User by CSV/Page_Local Moodle Log in to the site/input_Username_username'

2022-01-17 23:21:59 - [TEST_STEP][PASSED] - setEncryptedText(findTestObject("Object Repository/Create User by CSV/Page_Local Moodle Log in to the site/input_Password_password"), "tzH6RvlfSTg="): Text ****** has been set on object 'Object Repository/Create User by CSV/Page_Local Moodle Log in to the site/input_Password_password'

2022-01-17 23:22:00 - [MESSAGE][PASSED] - Text ****** has been set on object 'Object Repository/Create User by CSV/Page_Local Moodle Log in to the site/input_Password_password'

2022-01-17 23:22:00 - [TEST_STEP][PASSED] - click(findTestObject("Object Repository/Create User by CSV/Page_Local Moodle Log in to the site/button_Log in")): Object: 'Object Repository/Create User by CSV/Page_Local Moodle Log in to the site/button_Log in' is clicked on

2022-01-17 23:22:02 - [MESSAGE][PASSED] - Object: 'Object Repository/Create User by CSV/Page_Local Moodle Log in to the site/button_Log in' is clicked on

2022-01-17 23:22:02 - [TEST_STEP][PASSED] - verifyElementText(findTestObject("Object Repository/Create User by CSV/Page_i mt khu/h1_Student Two"), "Student Two"): Actual text and expected text of test object 'Object Repository/Create User by CSV/Page_i mt khu/h1_Student Two' are matched.

2022-01-17 23:22:03 - [MESSAGE][PASSED] - Actual text and expected text of test object 'Object Repository/Create User by CSV/Page_i mt khu/h1_Student Two' are matched.

2022-01-17 23:22:03 - [TEST_STEP][PASSED] - closeBrowser(): Browser is closed

2022-01-17 23:22:04 - [MESSAGE][PASSED] - Browser is closed]]></system-out>
         <system-err><![CDATA[]]></system-err>
      </testcase>
      <testcase name="Test Cases/Create User by CSV/Create by CSV warning" time="82.36" classname="Test Cases/Create User by CSV/Create by CSV warning" status="PASSED">
         <system-out><![CDATA[2022-01-17 23:22:04 - [TEST_CASE][PASSED] - Test Cases/Create User by CSV/Create by CSV warning: Test Cases/Create User by CSV/Create by CSV warning

2022-01-17 23:22:06 - [TEST_STEP][PASSED] - callTestCase(findTestCase("Admin Site/Login with Admin"), [:], STOP_ON_FAILURE): Call Test Case 'Test Cases/Admin Site/Login with Admin' successfully

2022-01-17 23:22:06 - [TEST_CASE][PASSED] - Test Cases/Admin Site/Login with Admin: Test Cases/Admin Site/Login with Admin

2022-01-17 23:22:06 - [TEST_STEP][PASSED] - openBrowser(""): Browser is opened with url: ''

2022-01-17 23:22:06 - [MESSAGE][INFO] - Starting 'Edge Chromium' driver

2022-01-17 23:22:08 - [MESSAGE][INFO] - Action delay is set to 0 milliseconds

2022-01-17 23:22:10 - [MESSAGE][PASSED] - Browser is opened with url: ''

2022-01-17 23:22:10 - [TEST_STEP][PASSED] - navigateToUrl("http://localhost/"): Navigate to 'http://localhost/' successfully

2022-01-17 23:22:13 - [MESSAGE][PASSED] - Navigate to 'http://localhost/' successfully

2022-01-17 23:22:13 - [TEST_STEP][PASSED] - click(findTestObject("Object Repository/Admin Site/Page_Local Moodle/a_Log in")): Object: 'Object Repository/Admin Site/Page_Local Moodle/a_Log in' is clicked on

2022-01-17 23:22:14 - [MESSAGE][PASSED] - Object: 'Object Repository/Admin Site/Page_Local Moodle/a_Log in' is clicked on

2022-01-17 23:22:14 - [TEST_STEP][PASSED] - setText(findTestObject("Object Repository/Admin Site/Page_Local Moodle Log in to the site/input_Username_username"), "admin"): Text 'admin' is set on object 'Object Repository/Admin Site/Page_Local Moodle Log in to the site/input_Username_username'

2022-01-17 23:22:16 - [MESSAGE][PASSED] - Text 'admin' is set on object 'Object Repository/Admin Site/Page_Local Moodle Log in to the site/input_Username_username'

2022-01-17 23:22:16 - [TEST_STEP][PASSED] - setEncryptedText(findTestObject("Object Repository/Admin Site/Page_Local Moodle Log in to the site/input_Password_password"), "bfAykA/oWJ09FXmiKh6lyuuLu8QhG1K5"): Text ****** has been set on object 'Object Repository/Admin Site/Page_Local Moodle Log in to the site/input_Password_password'

2022-01-17 23:22:17 - [MESSAGE][PASSED] - Text ****** has been set on object 'Object Repository/Admin Site/Page_Local Moodle Log in to the site/input_Password_password'

2022-01-17 23:22:17 - [TEST_STEP][PASSED] - click(findTestObject("Object Repository/Admin Site/Page_Local Moodle Log in to the site/button_Log in")): Object: 'Object Repository/Admin Site/Page_Local Moodle Log in to the site/button_Log in' is clicked on

2022-01-17 23:22:20 - [MESSAGE][PASSED] - Object: 'Object Repository/Admin Site/Page_Local Moodle Log in to the site/button_Log in' is clicked on

2022-01-17 23:22:20 - [TEST_STEP][PASSED] - click(findTestObject("Object Repository/Admin Site/Page_Nh ca ti/span_Qun tr khu vc")): Object: 'Object Repository/Admin Site/Page_Nh ca ti/span_Qun tr khu vc' is clicked on

2022-01-17 23:22:26 - [MESSAGE][PASSED] - Object: 'Object Repository/Admin Site/Page_Nh ca ti/span_Qun tr khu vc' is clicked on

2022-01-17 23:22:26 - [TEST_STEP][PASSED] - verifyElementPresent(findTestObject("Object Repository/Admin Site/Page_Moodle Khu vc qun tr Tm kim/a_Qun tr khu vc"), 0): Object 'Object Repository/Admin Site/Page_Moodle Khu vc qun tr Tm kim/a_Qun tr khu vc' is present

2022-01-17 23:22:27 - [MESSAGE][WARNING] - Timeout '0' is invalid. Using default page load timeout: '5'

2022-01-17 23:22:27 - [MESSAGE][PASSED] - Object 'Object Repository/Admin Site/Page_Moodle Khu vc qun tr Tm kim/a_Qun tr khu vc' is present

2022-01-17 23:22:27 - [MESSAGE][PASSED] - Call Test Case 'Test Cases/Admin Site/Login with Admin' successfully

2022-01-17 23:22:27 - [TEST_STEP][PASSED] - click(findTestObject("Object Repository/Create User by CSV/Page_Moodle Khu vc qun tr Tm kim/span_Qun tr khu vc")): Object: 'Object Repository/Create User by CSV/Page_Moodle Khu vc qun tr Tm kim/span_Qun tr khu vc' is clicked on

2022-01-17 23:22:29 - [MESSAGE][PASSED] - Object: 'Object Repository/Create User by CSV/Page_Moodle Khu vc qun tr Tm kim/span_Qun tr khu vc' is clicked on

2022-01-17 23:22:29 - [TEST_STEP][PASSED] - navigateToUrl("http://localhost/admin/search.php"): Navigate to 'http://localhost/admin/search.php' successfully

2022-01-17 23:22:32 - [MESSAGE][PASSED] - Navigate to 'http://localhost/admin/search.php' successfully

2022-01-17 23:22:32 - [TEST_STEP][PASSED] - click(findTestObject("Object Repository/Create User by CSV/Page_Moodle Khu vc qun tr Tm kim/a_Thnh vin")): Object: 'Object Repository/Create User by CSV/Page_Moodle Khu vc qun tr Tm kim/a_Thnh vin' is clicked on

2022-01-17 23:22:32 - [MESSAGE][PASSED] - Object: 'Object Repository/Create User by CSV/Page_Moodle Khu vc qun tr Tm kim/a_Thnh vin' is clicked on

2022-01-17 23:22:32 - [TEST_STEP][PASSED] - click(findTestObject("Object Repository/Create User by CSV/Page_Moodle Khu vc qun tr Tm kim/a_Nhp danh sch thnh vin")): Object: 'Object Repository/Create User by CSV/Page_Moodle Khu vc qun tr Tm kim/a_Nhp danh sch thnh vin' is clicked on

2022-01-17 23:22:35 - [MESSAGE][PASSED] - Object: 'Object Repository/Create User by CSV/Page_Moodle Khu vc qun tr Tm kim/a_Nhp danh sch thnh vin' is clicked on

2022-01-17 23:22:35 - [TEST_STEP][PASSED] - click(findTestObject("Object Repository/Create New User/Page_Moodle Khu vc qun tr Thnh vin Ti khon _cb1c9d/input_Tp tin_userfilechoose")): Object: 'Object Repository/Create New User/Page_Moodle Khu vc qun tr Thnh vin Ti khon _cb1c9d/input_Tp tin_userfilechoose' is clicked on

2022-01-17 23:22:42 - [MESSAGE][INFO] - Unable to find the element located by 'By.xpath: '. Please recheck the objects properties to make sure the desired element is located. 

2022-01-17 23:22:42 - [MESSAGE][WARNING] - [SELF-HEALING] Failed to find element with id 'Object Repository/Create New User/Page_Moodle Khu vc qun tr Thnh vin Ti khon _cb1c9d/input_Tp tin_userfilechoose'. Try using Self-healing.

2022-01-17 23:22:42 - [MESSAGE][WARNING] - [SELF-HEALING] The current locator of test object 'Object Repository/Create New User/Page_Moodle Khu vc qun tr Thnh vin Ti khon _cb1c9d/input_Tp tin_userfilechoose' was broken. Propose an alternative one: '//fieldset/div[2]/div/input'.

2022-01-17 23:22:43 - [MESSAGE][PASSED] - Object: 'Object Repository/Create New User/Page_Moodle Khu vc qun tr Thnh vin Ti khon _cb1c9d/input_Tp tin_userfilechoose' is clicked on

2022-01-17 23:22:43 - [TEST_STEP][PASSED] - click(findTestObject("Object Repository/Create New User/Page_Moodle Khu vc qun tr Thnh vin Ti khon _cb1c9d/span_Tp tin ring t")): Object: 'Object Repository/Create New User/Page_Moodle Khu vc qun tr Thnh vin Ti khon _cb1c9d/span_Tp tin ring t' is clicked on

2022-01-17 23:22:49 - [MESSAGE][INFO] - Unable to find the element located by 'By.xpath: //span[@id='yui_3_17_2_1_1642066391828_601']'. Please recheck the objects properties to make sure the desired element is located. 

2022-01-17 23:22:49 - [MESSAGE][WARNING] - [SELF-HEALING] Failed to find element with id 'Object Repository/Create New User/Page_Moodle Khu vc qun tr Thnh vin Ti khon _cb1c9d/span_Tp tin ring t'. Try using Self-healing.

2022-01-17 23:22:49 - [MESSAGE][WARNING] - [SELF-HEALING] The current locator of test object 'Object Repository/Create New User/Page_Moodle Khu vc qun tr Thnh vin Ti khon _cb1c9d/span_Tp tin ring t' was broken. Propose an alternative one: '(.//*[normalize-space(text()) and normalize-space(.)='URL downloader'])[1]/following::span[1]'.

2022-01-17 23:22:49 - [MESSAGE][PASSED] - Object: 'Object Repository/Create New User/Page_Moodle Khu vc qun tr Thnh vin Ti khon _cb1c9d/span_Tp tin ring t' is clicked on

2022-01-17 23:22:49 - [TEST_STEP][PASSED] - click(findTestObject("Create New User/Page_Moodle Khu vc qun tr Thnh vin Ti khon Nhp danh sch thnh vin/div_Wikimedia_yui_3_17_2_1_1642067879076_664")): Object: 'Object Repository/Create New User/Page_Moodle Khu vc qun tr Thnh vin Ti khon Nhp danh sch thnh vin/div_Wikimedia_yui_3_17_2_1_1642067879076_664' is clicked on

2022-01-17 23:22:56 - [MESSAGE][INFO] - Unable to find the element located by 'By.xpath: //div[@id='yui_3_17_2_1_1642067879076_664']'. Please recheck the objects properties to make sure the desired element is located. 

2022-01-17 23:22:56 - [MESSAGE][WARNING] - [SELF-HEALING] Failed to find element with id 'Object Repository/Create New User/Page_Moodle Khu vc qun tr Thnh vin Ti khon Nhp danh sch thnh vin/div_Wikimedia_yui_3_17_2_1_1642067879076_664'. Try using Self-healing.

2022-01-17 23:22:56 - [MESSAGE][WARNING] - [SELF-HEALING] The current locator of test object 'Object Repository/Create New User/Page_Moodle Khu vc qun tr Thnh vin Ti khon Nhp danh sch thnh vin/div_Wikimedia_yui_3_17_2_1_1642067879076_664' was broken. Propose an alternative one: '//a[2]/div/div[3]'.

2022-01-17 23:22:57 - [MESSAGE][PASSED] - Object: 'Object Repository/Create New User/Page_Moodle Khu vc qun tr Thnh vin Ti khon Nhp danh sch thnh vin/div_Wikimedia_yui_3_17_2_1_1642067879076_664' is clicked on

2022-01-17 23:22:57 - [TEST_STEP][PASSED] - click(findTestObject("Object Repository/Create New User/Page_Moodle Khu vc qun tr Thnh vin Ti khon _cb1c9d/button_Chn tp ny")): Object: 'Object Repository/Create New User/Page_Moodle Khu vc qun tr Thnh vin Ti khon _cb1c9d/button_Chn tp ny' is clicked on

2022-01-17 23:23:03 - [MESSAGE][INFO] - Unable to find the element located by 'By.xpath: //button[@id='yui_3_17_2_1_1642066391828_732']'. Please recheck the objects properties to make sure the desired element is located. 

2022-01-17 23:23:03 - [MESSAGE][WARNING] - [SELF-HEALING] Failed to find element with id 'Object Repository/Create New User/Page_Moodle Khu vc qun tr Thnh vin Ti khon _cb1c9d/button_Chn tp ny'. Try using Self-healing.

2022-01-17 23:23:04 - [MESSAGE][WARNING] - [SELF-HEALING] The current locator of test object 'Object Repository/Create New User/Page_Moodle Khu vc qun tr Thnh vin Ti khon _cb1c9d/button_Chn tp ny' was broken. Propose an alternative one: '(.//*[normalize-space(text()) and normalize-space(.)='Chọn giấy phép'])[1]/following::button[1]'.

2022-01-17 23:23:04 - [MESSAGE][PASSED] - Object: 'Object Repository/Create New User/Page_Moodle Khu vc qun tr Thnh vin Ti khon _cb1c9d/button_Chn tp ny' is clicked on

2022-01-17 23:23:04 - [TEST_STEP][PASSED] - selectOptionByValue(findTestObject("Object Repository/Create User by CSV/Page_Moodle Khu vc qun tr Thnh vin Ti khon _cb1c9d/select_,                                    t"), "comma", true): All options with value 'comma' are selected in object 'Object Repository/Create User by CSV/Page_Moodle Khu vc qun tr Thnh vin Ti khon _cb1c9d/select_,                                    t'  using regular expression

2022-01-17 23:23:05 - [MESSAGE][PASSED] - All options with value 'comma' are selected in object 'Object Repository/Create User by CSV/Page_Moodle Khu vc qun tr Thnh vin Ti khon _cb1c9d/select_,                                    t'  using regular expression

2022-01-17 23:23:05 - [TEST_STEP][PASSED] - click(findTestObject("Object Repository/Create User by CSV/Page_Moodle Khu vc qun tr Thnh vin Ti khon _cb1c9d/input_Xem trc cc dng_submitbutton")): Object: 'Object Repository/Create User by CSV/Page_Moodle Khu vc qun tr Thnh vin Ti khon _cb1c9d/input_Xem trc cc dng_submitbutton' is clicked on

2022-01-17 23:23:09 - [MESSAGE][PASSED] - Object: 'Object Repository/Create User by CSV/Page_Moodle Khu vc qun tr Thnh vin Ti khon _cb1c9d/input_Xem trc cc dng_submitbutton' is clicked on

2022-01-17 23:23:09 - [TEST_STEP][PASSED] - selectOptionByValue(findTestObject("Object Repository/Create User by CSV/Page_Moodle Khu vc qun tr Thnh vin Ti khon _cb1c9d/select_Add new only, skip existing users   _620e8d"), "2", true): All options with value '2' are selected in object 'Object Repository/Create User by CSV/Page_Moodle Khu vc qun tr Thnh vin Ti khon _cb1c9d/select_Add new only, skip existing users   _620e8d'  using regular expression

2022-01-17 23:23:11 - [MESSAGE][PASSED] - All options with value '2' are selected in object 'Object Repository/Create User by CSV/Page_Moodle Khu vc qun tr Thnh vin Ti khon _cb1c9d/select_Add new only, skip existing users   _620e8d'  using regular expression

2022-01-17 23:23:11 - [TEST_STEP][PASSED] - selectOptionByValue(findTestObject("Object Repository/Create User by CSV/Page_Moodle Khu vc qun tr Thnh vin Ti khon _cb1c9d/select_Khng c thay i            Override wi_69ddaa"), "1", true): All options with value '1' are selected in object 'Object Repository/Create User by CSV/Page_Moodle Khu vc qun tr Thnh vin Ti khon _cb1c9d/select_Khng c thay i            Override wi_69ddaa'  using regular expression

2022-01-17 23:23:13 - [MESSAGE][PASSED] - All options with value '1' are selected in object 'Object Repository/Create User by CSV/Page_Moodle Khu vc qun tr Thnh vin Ti khon _cb1c9d/select_Khng c thay i            Override wi_69ddaa'  using regular expression

2022-01-17 23:23:13 - [TEST_STEP][PASSED] - click(findTestObject("Object Repository/Create User by CSV/Page_Moodle Khu vc qun tr Thnh vin Ti khon _cb1c9d/input_Xem trc cc dng_submitbutton")): Object: 'Object Repository/Create User by CSV/Page_Moodle Khu vc qun tr Thnh vin Ti khon _cb1c9d/input_Xem trc cc dng_submitbutton' is clicked on

2022-01-17 23:23:15 - [MESSAGE][PASSED] - Object: 'Object Repository/Create User by CSV/Page_Moodle Khu vc qun tr Thnh vin Ti khon _cb1c9d/input_Xem trc cc dng_submitbutton' is clicked on

2022-01-17 23:23:15 - [TEST_STEP][PASSED] - verifyElementText(findTestObject("Object Repository/Create User by CSV/Page_Moodle Khu vc qun tr Thnh vin Ti khon _cb1c9d/span_a ch th in t khng hp l"), "Địa chỉ thư điện tử không hợp lệ"): Actual text and expected text of test object 'Object Repository/Create User by CSV/Page_Moodle Khu vc qun tr Thnh vin Ti khon _cb1c9d/span_a ch th in t khng hp l' are matched.

2022-01-17 23:23:16 - [MESSAGE][PASSED] - Actual text and expected text of test object 'Object Repository/Create User by CSV/Page_Moodle Khu vc qun tr Thnh vin Ti khon _cb1c9d/span_a ch th in t khng hp l' are matched.

2022-01-17 23:23:16 - [TEST_STEP][PASSED] - verifyElementText(findTestObject("Object Repository/Create User by CSV/Page_Moodle Khu vc qun tr Thnh vin Ti khon _cb1c9d/span_One--Replace"), "One-->Replace"): Actual text and expected text of test object 'Object Repository/Create User by CSV/Page_Moodle Khu vc qun tr Thnh vin Ti khon _cb1c9d/span_One--Replace' are matched.

2022-01-17 23:23:16 - [MESSAGE][PASSED] - Actual text and expected text of test object 'Object Repository/Create User by CSV/Page_Moodle Khu vc qun tr Thnh vin Ti khon _cb1c9d/span_One--Replace' are matched.

2022-01-17 23:23:16 - [TEST_STEP][PASSED] - click(findTestObject("Object Repository/Create User by CSV/Page_Moodle Khu vc qun tr Thnh vin Ti khon _cb1c9d/a_Qun tr Thnh vin")): Object: 'Object Repository/Create User by CSV/Page_Moodle Khu vc qun tr Thnh vin Ti khon _cb1c9d/a_Qun tr Thnh vin' is clicked on

2022-01-17 23:23:17 - [MESSAGE][PASSED] - Object: 'Object Repository/Create User by CSV/Page_Moodle Khu vc qun tr Thnh vin Ti khon _cb1c9d/a_Qun tr Thnh vin' is clicked on

2022-01-17 23:23:17 - [TEST_STEP][PASSED] - click(findTestObject("Object Repository/Create User by CSV/Page_Moodle Khu vc qun tr Thnh vin Ti khon _cb1c9d/span_Thot")): Object: 'Object Repository/Create User by CSV/Page_Moodle Khu vc qun tr Thnh vin Ti khon _cb1c9d/span_Thot' is clicked on

2022-01-17 23:23:19 - [MESSAGE][PASSED] - Object: 'Object Repository/Create User by CSV/Page_Moodle Khu vc qun tr Thnh vin Ti khon _cb1c9d/span_Thot' is clicked on

2022-01-17 23:23:19 - [TEST_STEP][PASSED] - click(findTestObject("Object Repository/Create User by CSV/Page_Local Moodle/a_Log in")): Object: 'Object Repository/Create User by CSV/Page_Local Moodle/a_Log in' is clicked on

2022-01-17 23:23:21 - [MESSAGE][PASSED] - Object: 'Object Repository/Create User by CSV/Page_Local Moodle/a_Log in' is clicked on

2022-01-17 23:23:21 - [TEST_STEP][PASSED] - setText(findTestObject("Object Repository/Create User by CSV/Page_Local Moodle Log in to the site/input_Username_username"), "123"): Text '123' is set on object 'Object Repository/Create User by CSV/Page_Local Moodle Log in to the site/input_Username_username'

2022-01-17 23:23:22 - [MESSAGE][PASSED] - Text '123' is set on object 'Object Repository/Create User by CSV/Page_Local Moodle Log in to the site/input_Username_username'

2022-01-17 23:23:22 - [TEST_STEP][PASSED] - setEncryptedText(findTestObject("Object Repository/Create User by CSV/Page_Local Moodle Log in to the site/input_Password_password"), "RigbBhfdqODKcAsiUrg+1Q=="): Text ****** has been set on object 'Object Repository/Create User by CSV/Page_Local Moodle Log in to the site/input_Password_password'

2022-01-17 23:23:23 - [MESSAGE][PASSED] - Text ****** has been set on object 'Object Repository/Create User by CSV/Page_Local Moodle Log in to the site/input_Password_password'

2022-01-17 23:23:23 - [TEST_STEP][PASSED] - click(findTestObject("Object Repository/Create User by CSV/Page_Local Moodle Log in to the site/button_Log in")): Object: 'Object Repository/Create User by CSV/Page_Local Moodle Log in to the site/button_Log in' is clicked on

2022-01-17 23:23:25 - [MESSAGE][PASSED] - Object: 'Object Repository/Create User by CSV/Page_Local Moodle Log in to the site/button_Log in' is clicked on

2022-01-17 23:23:25 - [TEST_STEP][PASSED] - verifyElementPresent(findTestObject("Object Repository/Create User by CSV/Page_Local Moodle Log in to the site/div_Invalid login, please try again"), 0): Object 'Object Repository/Create User by CSV/Page_Local Moodle Log in to the site/div_Invalid login, please try again' is present

2022-01-17 23:23:25 - [MESSAGE][WARNING] - Timeout '0' is invalid. Using default page load timeout: '5'

2022-01-17 23:23:25 - [MESSAGE][PASSED] - Object 'Object Repository/Create User by CSV/Page_Local Moodle Log in to the site/div_Invalid login, please try again' is present

2022-01-17 23:23:25 - [TEST_STEP][PASSED] - closeBrowser(): Browser is closed

2022-01-17 23:23:27 - [MESSAGE][PASSED] - Browser is closed]]></system-out>
         <system-err><![CDATA[]]></system-err>
      </testcase>
      <testcase name="Test Cases/Teacher and Grade/Grade for student" time="120.4" classname="Test Cases/Teacher and Grade/Grade for student" status="PASSED">
         <system-out><![CDATA[2022-01-17 23:23:27 - [TEST_CASE][PASSED] - Test Cases/Teacher and Grade/Grade for student: Test Cases/Teacher and Grade/Grade for student

2022-01-17 23:23:28 - [TEST_STEP][PASSED] - openBrowser(""): Browser is opened with url: ''

2022-01-17 23:23:28 - [MESSAGE][INFO] - Starting 'Edge Chromium' driver

2022-01-17 23:23:30 - [MESSAGE][INFO] - Action delay is set to 0 milliseconds

2022-01-17 23:23:32 - [MESSAGE][PASSED] - Browser is opened with url: ''

2022-01-17 23:23:32 - [TEST_STEP][PASSED] - navigateToUrl("http://localhost/"): Navigate to 'http://localhost/' successfully

2022-01-17 23:23:35 - [MESSAGE][PASSED] - Navigate to 'http://localhost/' successfully

2022-01-17 23:23:35 - [TEST_STEP][PASSED] - click(findTestObject("Object Repository/Teacher and Grade/Page_Local Moodle/a_Log in")): Object: 'Object Repository/Teacher and Grade/Page_Local Moodle/a_Log in' is clicked on

2022-01-17 23:23:37 - [MESSAGE][PASSED] - Object: 'Object Repository/Teacher and Grade/Page_Local Moodle/a_Log in' is clicked on

2022-01-17 23:23:37 - [TEST_STEP][PASSED] - setText(findTestObject("Object Repository/Teacher and Grade/Page_Local Moodle Log in to the site/input_Username_username"), "lcbinh"): Text 'lcbinh' is set on object 'Object Repository/Teacher and Grade/Page_Local Moodle Log in to the site/input_Username_username'

2022-01-17 23:23:38 - [MESSAGE][PASSED] - Text 'lcbinh' is set on object 'Object Repository/Teacher and Grade/Page_Local Moodle Log in to the site/input_Username_username'

2022-01-17 23:23:38 - [TEST_STEP][PASSED] - setEncryptedText(findTestObject("Object Repository/Admin Site/Page_Local Moodle Log in to the site/input_Password_password"), "o5TCnEIIWq0Pz0TkrK1a2rpuWvRKVWz2"): Text ****** has been set on object 'Object Repository/Admin Site/Page_Local Moodle Log in to the site/input_Password_password'

2022-01-17 23:23:39 - [MESSAGE][PASSED] - Text ****** has been set on object 'Object Repository/Admin Site/Page_Local Moodle Log in to the site/input_Password_password'

2022-01-17 23:23:39 - [TEST_STEP][PASSED] - click(findTestObject("Object Repository/Teacher and Grade/Page_Local Moodle Log in to the site/button_Log in")): Object: 'Object Repository/Teacher and Grade/Page_Local Moodle Log in to the site/button_Log in' is clicked on

2022-01-17 23:23:43 - [MESSAGE][PASSED] - Object: 'Object Repository/Teacher and Grade/Page_Local Moodle Log in to the site/button_Log in' is clicked on

2022-01-17 23:23:43 - [TEST_STEP][PASSED] - click(findTestObject("Object Repository/Teacher and Grade/Page_Nh ca ti/span_Test View Grade")): Object: 'Object Repository/Teacher and Grade/Page_Nh ca ti/span_Test View Grade' is clicked on

2022-01-17 23:23:48 - [MESSAGE][PASSED] - Object: 'Object Repository/Teacher and Grade/Page_Nh ca ti/span_Test View Grade' is clicked on

2022-01-17 23:23:48 - [TEST_STEP][PASSED] - click(findTestObject("Object Repository/Teacher and Grade/Page_Kha Test View Grade/span_Test Bi tp")): Object: 'Object Repository/Teacher and Grade/Page_Kha Test View Grade/span_Test Bi tp' is clicked on

2022-01-17 23:23:50 - [MESSAGE][PASSED] - Object: 'Object Repository/Teacher and Grade/Page_Kha Test View Grade/span_Test Bi tp' is clicked on

2022-01-17 23:23:50 - [TEST_STEP][PASSED] - click(findTestObject("Object Repository/Teacher and Grade/Page_View Grade Test/a_im")): Object: 'Object Repository/Teacher and Grade/Page_View Grade Test/a_im' is clicked on

2022-01-17 23:23:51 - [MESSAGE][PASSED] - Object: 'Object Repository/Teacher and Grade/Page_View Grade Test/a_im' is clicked on

2022-01-17 23:23:51 - [TEST_STEP][PASSED] - navigateToUrl("http://localhost/mod/assign/view.php?id=10&action=grader"): Navigate to 'http://localhost/mod/assign/view.php?id=10&action=grader' successfully

2022-01-17 23:23:53 - [MESSAGE][PASSED] - Navigate to 'http://localhost/mod/assign/view.php?id=10&action=grader' successfully

2022-01-17 23:23:53 - [TEST_STEP][PASSED] - setText(findTestObject("Object Repository/Teacher and Grade/Page_View Grade Test - ang chm/input_Grade out of 100_grade"), "50"): Text '50' is set on object 'Object Repository/Teacher and Grade/Page_View Grade Test - ang chm/input_Grade out of 100_grade'

2022-01-17 23:23:59 - [MESSAGE][INFO] - Unable to find the element located by 'By.xpath: '. Please recheck the objects properties to make sure the desired element is located. 

2022-01-17 23:23:59 - [MESSAGE][WARNING] - [SELF-HEALING] Failed to find element with id 'Object Repository/Teacher and Grade/Page_View Grade Test - ang chm/input_Grade out of 100_grade'. Try using Self-healing.

2022-01-17 23:24:00 - [MESSAGE][WARNING] - [SELF-HEALING] The current locator of test object 'Object Repository/Teacher and Grade/Page_View Grade Test - ang chm/input_Grade out of 100_grade' was broken. Propose an alternative one: '//input[@id='id_grade']'.

2022-01-17 23:24:06 - [MESSAGE][INFO] - Unable to find the element located by 'By.xpath: '. Please recheck the objects properties to make sure the desired element is located. 

2022-01-17 23:24:06 - [MESSAGE][WARNING] - [SELF-HEALING] Failed to find element with id 'Object Repository/Teacher and Grade/Page_View Grade Test - ang chm/input_Grade out of 100_grade'. Try using Self-healing.

2022-01-17 23:24:07 - [MESSAGE][WARNING] - [SELF-HEALING] The current locator of test object 'Object Repository/Teacher and Grade/Page_View Grade Test - ang chm/input_Grade out of 100_grade' was broken. Propose an alternative one: '//input[@id='id_grade']'.

2022-01-17 23:24:07 - [MESSAGE][PASSED] - Text '50' is set on object 'Object Repository/Teacher and Grade/Page_View Grade Test - ang chm/input_Grade out of 100_grade'

2022-01-17 23:24:07 - [TEST_STEP][PASSED] - click(findTestObject("Object Repository/Teacher and Grade/Page_View Grade Test - ang chm/button_Lu v xem trang tip theo")): Object: 'Object Repository/Teacher and Grade/Page_View Grade Test - ang chm/button_Lu v xem trang tip theo' is clicked on

2022-01-17 23:24:13 - [MESSAGE][INFO] - Unable to find the element located by 'By.xpath: //button[@id='yui_3_17_2_1_1642142506882_572']'. Please recheck the objects properties to make sure the desired element is located. 

2022-01-17 23:24:13 - [MESSAGE][WARNING] - [SELF-HEALING] Failed to find element with id 'Object Repository/Teacher and Grade/Page_View Grade Test - ang chm/button_Lu v xem trang tip theo'. Try using Self-healing.

2022-01-17 23:24:14 - [MESSAGE][WARNING] - [SELF-HEALING] The current locator of test object 'Object Repository/Teacher and Grade/Page_View Grade Test - ang chm/button_Lu v xem trang tip theo' was broken. Propose an alternative one: '(.//*[normalize-space(text()) and normalize-space(.)='Lưu những thay đổi'])[1]/following::button[1]'.

2022-01-17 23:24:14 - [MESSAGE][PASSED] - Object: 'Object Repository/Teacher and Grade/Page_View Grade Test - ang chm/button_Lu v xem trang tip theo' is clicked on

2022-01-17 23:24:14 - [TEST_STEP][PASSED] - setText(findTestObject("Object Repository/Teacher and Grade/Page_View Grade Test - ang chm/input_Grade out of 100_grade"), "100"): Text '100' is set on object 'Object Repository/Teacher and Grade/Page_View Grade Test - ang chm/input_Grade out of 100_grade'

2022-01-17 23:24:20 - [MESSAGE][INFO] - Unable to find the element located by 'By.xpath: '. Please recheck the objects properties to make sure the desired element is located. 

2022-01-17 23:24:20 - [MESSAGE][WARNING] - [SELF-HEALING] Failed to find element with id 'Object Repository/Teacher and Grade/Page_View Grade Test - ang chm/input_Grade out of 100_grade'. Try using Self-healing.

2022-01-17 23:24:21 - [MESSAGE][WARNING] - [SELF-HEALING] The current locator of test object 'Object Repository/Teacher and Grade/Page_View Grade Test - ang chm/input_Grade out of 100_grade' was broken. Propose an alternative one: '//input[@id='id_grade']'.

2022-01-17 23:24:27 - [MESSAGE][INFO] - Unable to find the element located by 'By.xpath: '. Please recheck the objects properties to make sure the desired element is located. 

2022-01-17 23:24:27 - [MESSAGE][WARNING] - [SELF-HEALING] Failed to find element with id 'Object Repository/Teacher and Grade/Page_View Grade Test - ang chm/input_Grade out of 100_grade'. Try using Self-healing.

2022-01-17 23:24:27 - [MESSAGE][WARNING] - [SELF-HEALING] The current locator of test object 'Object Repository/Teacher and Grade/Page_View Grade Test - ang chm/input_Grade out of 100_grade' was broken. Propose an alternative one: '//input[@id='id_grade']'.

2022-01-17 23:24:27 - [MESSAGE][PASSED] - Text '100' is set on object 'Object Repository/Teacher and Grade/Page_View Grade Test - ang chm/input_Grade out of 100_grade'

2022-01-17 23:24:27 - [TEST_STEP][PASSED] - click(findTestObject("Object Repository/Teacher and Grade/Page_View Grade Test - ang chm/button_Lu v xem trang tip theo")): Object: 'Object Repository/Teacher and Grade/Page_View Grade Test - ang chm/button_Lu v xem trang tip theo' is clicked on

2022-01-17 23:24:34 - [MESSAGE][INFO] - Unable to find the element located by 'By.xpath: //button[@id='yui_3_17_2_1_1642142506882_572']'. Please recheck the objects properties to make sure the desired element is located. 

2022-01-17 23:24:34 - [MESSAGE][WARNING] - [SELF-HEALING] Failed to find element with id 'Object Repository/Teacher and Grade/Page_View Grade Test - ang chm/button_Lu v xem trang tip theo'. Try using Self-healing.

2022-01-17 23:24:34 - [MESSAGE][WARNING] - [SELF-HEALING] The current locator of test object 'Object Repository/Teacher and Grade/Page_View Grade Test - ang chm/button_Lu v xem trang tip theo' was broken. Propose an alternative one: '(.//*[normalize-space(text()) and normalize-space(.)='Lưu những thay đổi'])[1]/following::button[1]'.

2022-01-17 23:24:34 - [MESSAGE][PASSED] - Object: 'Object Repository/Teacher and Grade/Page_View Grade Test - ang chm/button_Lu v xem trang tip theo' is clicked on

2022-01-17 23:24:34 - [TEST_STEP][PASSED] - setText(findTestObject("Object Repository/Teacher and Grade/Page_View Grade Test - ang chm/input_Grade out of 100_grade"), "1"): Text '1' is set on object 'Object Repository/Teacher and Grade/Page_View Grade Test - ang chm/input_Grade out of 100_grade'

2022-01-17 23:24:41 - [MESSAGE][INFO] - Unable to find the element located by 'By.xpath: '. Please recheck the objects properties to make sure the desired element is located. 

2022-01-17 23:24:41 - [MESSAGE][WARNING] - [SELF-HEALING] Failed to find element with id 'Object Repository/Teacher and Grade/Page_View Grade Test - ang chm/input_Grade out of 100_grade'. Try using Self-healing.

2022-01-17 23:24:41 - [MESSAGE][WARNING] - [SELF-HEALING] The current locator of test object 'Object Repository/Teacher and Grade/Page_View Grade Test - ang chm/input_Grade out of 100_grade' was broken. Propose an alternative one: '//input[@id='id_grade']'.

2022-01-17 23:24:47 - [MESSAGE][INFO] - Unable to find the element located by 'By.xpath: '. Please recheck the objects properties to make sure the desired element is located. 

2022-01-17 23:24:47 - [MESSAGE][WARNING] - [SELF-HEALING] Failed to find element with id 'Object Repository/Teacher and Grade/Page_View Grade Test - ang chm/input_Grade out of 100_grade'. Try using Self-healing.

2022-01-17 23:24:47 - [MESSAGE][WARNING] - [SELF-HEALING] The current locator of test object 'Object Repository/Teacher and Grade/Page_View Grade Test - ang chm/input_Grade out of 100_grade' was broken. Propose an alternative one: '//input[@id='id_grade']'.

2022-01-17 23:24:48 - [MESSAGE][PASSED] - Text '1' is set on object 'Object Repository/Teacher and Grade/Page_View Grade Test - ang chm/input_Grade out of 100_grade'

2022-01-17 23:24:48 - [TEST_STEP][PASSED] - click(findTestObject("Object Repository/Teacher and Grade/Page_View Grade Test - ang chm/button_Lu v xem trang tip theo")): Object: 'Object Repository/Teacher and Grade/Page_View Grade Test - ang chm/button_Lu v xem trang tip theo' is clicked on

2022-01-17 23:24:54 - [MESSAGE][INFO] - Unable to find the element located by 'By.xpath: //button[@id='yui_3_17_2_1_1642142506882_572']'. Please recheck the objects properties to make sure the desired element is located. 

2022-01-17 23:24:54 - [MESSAGE][WARNING] - [SELF-HEALING] Failed to find element with id 'Object Repository/Teacher and Grade/Page_View Grade Test - ang chm/button_Lu v xem trang tip theo'. Try using Self-healing.

2022-01-17 23:24:54 - [MESSAGE][WARNING] - [SELF-HEALING] The current locator of test object 'Object Repository/Teacher and Grade/Page_View Grade Test - ang chm/button_Lu v xem trang tip theo' was broken. Propose an alternative one: '(.//*[normalize-space(text()) and normalize-space(.)='Lưu những thay đổi'])[1]/following::button[1]'.

2022-01-17 23:24:55 - [MESSAGE][PASSED] - Object: 'Object Repository/Teacher and Grade/Page_View Grade Test - ang chm/button_Lu v xem trang tip theo' is clicked on

2022-01-17 23:24:55 - [TEST_STEP][PASSED] - click(findTestObject("Object Repository/Teacher and Grade/Page_View Grade Test 1 - ang chm/a_Kho hc Test View Grade")): Object: 'Object Repository/Teacher and Grade/Page_View Grade Test 1 - ang chm/a_Kho hc Test View Grade' is clicked on

2022-01-17 23:25:01 - [MESSAGE][INFO] - Unable to find the element located by 'By.xpath: //a[@id='yui_3_17_2_1_1641829766477_2314']'. Please recheck the objects properties to make sure the desired element is located. 

2022-01-17 23:25:01 - [MESSAGE][WARNING] - [SELF-HEALING] Failed to find element with id 'Object Repository/Teacher and Grade/Page_View Grade Test 1 - ang chm/a_Kho hc Test View Grade'. Try using Self-healing.

2022-01-17 23:25:01 - [MESSAGE][WARNING] - [SELF-HEALING] The current locator of test object 'Object Repository/Teacher and Grade/Page_View Grade Test 1 - ang chm/a_Kho hc Test View Grade' was broken. Propose an alternative one: '//a[contains(text(),'Khoá học: Test View Grade')]'.

2022-01-17 23:25:03 - [MESSAGE][PASSED] - Object: 'Object Repository/Teacher and Grade/Page_View Grade Test 1 - ang chm/a_Kho hc Test View Grade' is clicked on

2022-01-17 23:25:03 - [TEST_STEP][PASSED] - click(findTestObject("Object Repository/Teacher and Grade/Page_Kha Test View Grade/span_im s")): Object: 'Object Repository/Teacher and Grade/Page_Kha Test View Grade/span_im s' is clicked on

2022-01-17 23:25:05 - [MESSAGE][PASSED] - Object: 'Object Repository/Teacher and Grade/Page_Kha Test View Grade/span_im s' is clicked on

2022-01-17 23:25:05 - [TEST_STEP][PASSED] - verifyElementText(findTestObject("Object Repository/Teacher and Grade/Page_im s Xem/td_50,00"), "50,00"): Actual text and expected text of test object 'Object Repository/Teacher and Grade/Page_im s Xem/td_50,00' are matched.

2022-01-17 23:25:12 - [MESSAGE][INFO] - Unable to find the element located by 'By.xpath: //td[@id='u28i2']'. Please recheck the objects properties to make sure the desired element is located. 

2022-01-17 23:25:12 - [MESSAGE][WARNING] - [SELF-HEALING] Failed to find element with id 'Object Repository/Teacher and Grade/Page_im s Xem/td_50,00'. Try using Self-healing.

2022-01-17 23:25:12 - [MESSAGE][WARNING] - [SELF-HEALING] The current locator of test object 'Object Repository/Teacher and Grade/Page_im s Xem/td_50,00' was broken. Propose an alternative one: '(.//*[normalize-space(text()) and normalize-space(.)='s1@example.com'])[1]/following::td[1]'.

2022-01-17 23:25:12 - [MESSAGE][PASSED] - Actual text and expected text of test object 'Object Repository/Teacher and Grade/Page_im s Xem/td_50,00' are matched.

2022-01-17 23:25:12 - [TEST_STEP][PASSED] - verifyElementText(findTestObject("Object Repository/Teacher and Grade/Page_im s Xem/td_1,00"), "1,00"): Actual text and expected text of test object 'Object Repository/Teacher and Grade/Page_im s Xem/td_1,00' are matched.

2022-01-17 23:25:19 - [MESSAGE][INFO] - Unable to find the element located by 'By.xpath: //td[@id='u30i2']'. Please recheck the objects properties to make sure the desired element is located. 

2022-01-17 23:25:19 - [MESSAGE][WARNING] - [SELF-HEALING] Failed to find element with id 'Object Repository/Teacher and Grade/Page_im s Xem/td_1,00'. Try using Self-healing.

2022-01-17 23:25:19 - [MESSAGE][WARNING] - [SELF-HEALING] The current locator of test object 'Object Repository/Teacher and Grade/Page_im s Xem/td_1,00' was broken. Propose an alternative one: '(.//*[normalize-space(text()) and normalize-space(.)='s3@example.com'])[1]/following::td[1]'.

2022-01-17 23:25:19 - [MESSAGE][PASSED] - Actual text and expected text of test object 'Object Repository/Teacher and Grade/Page_im s Xem/td_1,00' are matched.

2022-01-17 23:25:19 - [TEST_STEP][PASSED] - verifyElementText(findTestObject("Object Repository/Teacher and Grade/Page_im s Xem/td_100,00"), "100,00"): Actual text and expected text of test object 'Object Repository/Teacher and Grade/Page_im s Xem/td_100,00' are matched.

2022-01-17 23:25:25 - [MESSAGE][INFO] - Unable to find the element located by 'By.xpath: //td[@id='u29i2']'. Please recheck the objects properties to make sure the desired element is located. 

2022-01-17 23:25:25 - [MESSAGE][WARNING] - [SELF-HEALING] Failed to find element with id 'Object Repository/Teacher and Grade/Page_im s Xem/td_100,00'. Try using Self-healing.

2022-01-17 23:25:26 - [MESSAGE][WARNING] - [SELF-HEALING] The current locator of test object 'Object Repository/Teacher and Grade/Page_im s Xem/td_100,00' was broken. Propose an alternative one: '(.//*[normalize-space(text()) and normalize-space(.)='s2@example.com'])[1]/following::td[1]'.

2022-01-17 23:25:26 - [MESSAGE][PASSED] - Actual text and expected text of test object 'Object Repository/Teacher and Grade/Page_im s Xem/td_100,00' are matched.

2022-01-17 23:25:26 - [TEST_STEP][PASSED] - closeBrowser(): Browser is closed

2022-01-17 23:25:27 - [MESSAGE][PASSED] - Browser is closed]]></system-out>
         <system-err><![CDATA[]]></system-err>
      </testcase>
      <testcase name="Test Cases/Teacher and Grade/Grade in grade report site" time="174.719" classname="Test Cases/Teacher and Grade/Grade in grade report site" status="PASSED">
         <system-out><![CDATA[2022-01-17 23:25:27 - [TEST_CASE][PASSED] - Test Cases/Teacher and Grade/Grade in grade report site: Test Cases/Teacher and Grade/Grade in grade report site

2022-01-17 23:25:28 - [TEST_STEP][PASSED] - openBrowser(""): Browser is opened with url: ''

2022-01-17 23:25:28 - [MESSAGE][INFO] - Starting 'Edge Chromium' driver

2022-01-17 23:25:31 - [MESSAGE][INFO] - Action delay is set to 0 milliseconds

2022-01-17 23:25:33 - [MESSAGE][PASSED] - Browser is opened with url: ''

2022-01-17 23:25:33 - [TEST_STEP][PASSED] - navigateToUrl("http://localhost/"): Navigate to 'http://localhost/' successfully

2022-01-17 23:25:35 - [MESSAGE][PASSED] - Navigate to 'http://localhost/' successfully

2022-01-17 23:25:35 - [TEST_STEP][PASSED] - click(findTestObject("Object Repository/Teacher and Grade/Page_Local Moodle/a_Log in")): Object: 'Object Repository/Teacher and Grade/Page_Local Moodle/a_Log in' is clicked on

2022-01-17 23:25:37 - [MESSAGE][PASSED] - Object: 'Object Repository/Teacher and Grade/Page_Local Moodle/a_Log in' is clicked on

2022-01-17 23:25:37 - [TEST_STEP][PASSED] - setText(findTestObject("Object Repository/Teacher and Grade/Page_Local Moodle Log in to the site/input_Username_username"), "lcbinh"): Text 'lcbinh' is set on object 'Object Repository/Teacher and Grade/Page_Local Moodle Log in to the site/input_Username_username'

2022-01-17 23:25:38 - [MESSAGE][PASSED] - Text 'lcbinh' is set on object 'Object Repository/Teacher and Grade/Page_Local Moodle Log in to the site/input_Username_username'

2022-01-17 23:25:38 - [TEST_STEP][PASSED] - setEncryptedText(findTestObject("Admin Site/Page_Local Moodle Log in to the site/input_Password_password"), "o5TCnEIIWq0Pz0TkrK1a2rpuWvRKVWz2"): Text ****** has been set on object 'Object Repository/Admin Site/Page_Local Moodle Log in to the site/input_Password_password'

2022-01-17 23:25:39 - [MESSAGE][PASSED] - Text ****** has been set on object 'Object Repository/Admin Site/Page_Local Moodle Log in to the site/input_Password_password'

2022-01-17 23:25:39 - [TEST_STEP][PASSED] - click(findTestObject("Object Repository/Teacher and Grade/Page_Local Moodle Log in to the site/button_Log in")): Object: 'Object Repository/Teacher and Grade/Page_Local Moodle Log in to the site/button_Log in' is clicked on

2022-01-17 23:25:43 - [MESSAGE][PASSED] - Object: 'Object Repository/Teacher and Grade/Page_Local Moodle Log in to the site/button_Log in' is clicked on

2022-01-17 23:25:43 - [TEST_STEP][PASSED] - click(findTestObject("Object Repository/Teacher and Grade/Page_Nh ca ti/span_View Grade")): Object: 'Object Repository/Teacher and Grade/Page_Nh ca ti/span_View Grade' is clicked on

2022-01-17 23:25:49 - [MESSAGE][INFO] - Unable to find the element located by 'By.xpath: '. Please recheck the objects properties to make sure the desired element is located. 

2022-01-17 23:25:49 - [MESSAGE][WARNING] - [SELF-HEALING] Failed to find element with id 'Object Repository/Teacher and Grade/Page_Nh ca ti/span_View Grade'. Try using Self-healing.

2022-01-17 23:25:50 - [MESSAGE][WARNING] - [SELF-HEALING] The current locator of test object 'Object Repository/Teacher and Grade/Page_Nh ca ti/span_View Grade' was broken. Propose an alternative one: '(.//*[normalize-space(text()) and normalize-space(.)='Các khoá học của tôi'])[1]/following::span[2]'.

2022-01-17 23:25:51 - [MESSAGE][PASSED] - Object: 'Object Repository/Teacher and Grade/Page_Nh ca ti/span_View Grade' is clicked on

2022-01-17 23:25:51 - [TEST_STEP][PASSED] - click(findTestObject("Object Repository/Teacher and Grade/Page_Kha Test View Grade/a_im s")): Object: 'Object Repository/Teacher and Grade/Page_Kha Test View Grade/a_im s' is clicked on

2022-01-17 23:25:54 - [MESSAGE][PASSED] - Object: 'Object Repository/Teacher and Grade/Page_Kha Test View Grade/a_im s' is clicked on

2022-01-17 23:25:54 - [TEST_STEP][PASSED] - click(findTestObject("Object Repository/Teacher and Grade/Page_im s Xem/i_Test ch  1_icon fa fa-pencil fa-fw")): Object: 'Object Repository/Teacher and Grade/Page_im s Xem/i_Test ch  1_icon fa fa-pencil fa-fw' is clicked on

2022-01-17 23:26:00 - [MESSAGE][INFO] - Unable to find the element located by 'By.xpath: //a[@id='action_link61dc593a2cdc428']/i'. Please recheck the objects properties to make sure the desired element is located. 

2022-01-17 23:26:00 - [MESSAGE][WARNING] - [SELF-HEALING] Failed to find element with id 'Object Repository/Teacher and Grade/Page_im s Xem/i_Test ch  1_icon fa fa-pencil fa-fw'. Try using Self-healing.

2022-01-17 23:26:01 - [MESSAGE][WARNING] - [SELF-HEALING] The current locator of test object 'Object Repository/Teacher and Grade/Page_im s Xem/i_Test ch  1_icon fa fa-pencil fa-fw' was broken. Propose an alternative one: '//th[4]/a[3]/i'.

2022-01-17 23:26:02 - [MESSAGE][PASSED] - Object: 'Object Repository/Teacher and Grade/Page_im s Xem/i_Test ch  1_icon fa fa-pencil fa-fw' is clicked on

2022-01-17 23:26:02 - [TEST_STEP][PASSED] - check(findTestObject("Object Repository/Teacher and Grade/Page_im s Xem/input_Override for Student Replace_override_3_28")): Object 'Object Repository/Teacher and Grade/Page_im s Xem/input_Override for Student Replace_override_3_28' is checked

2022-01-17 23:26:08 - [MESSAGE][INFO] - Unable to find the element located by 'By.xpath: //input[@id='override_3_28']'. Please recheck the objects properties to make sure the desired element is located. 

2022-01-17 23:26:08 - [MESSAGE][WARNING] - [SELF-HEALING] Failed to find element with id 'Object Repository/Teacher and Grade/Page_im s Xem/input_Override for Student Replace_override_3_28'. Try using Self-healing.

2022-01-17 23:26:09 - [MESSAGE][WARNING] - [SELF-HEALING] The current locator of test object 'Object Repository/Teacher and Grade/Page_im s Xem/input_Override for Student Replace_override_3_28' was broken. Propose an alternative one: '//section[@id='region-main']/div/div[4]/form/table/tbody/tr/td[5]/input'.

2022-01-17 23:26:09 - [MESSAGE][PASSED] - Object 'Object Repository/Teacher and Grade/Page_im s Xem/input_Override for Student Replace_override_3_28' is checked

2022-01-17 23:26:09 - [TEST_STEP][PASSED] - setText(findTestObject("Object Repository/Teacher and Grade/Page_im s Xem/input_Grade for Student Replace_finalgrade_3_28"), "100"): Text '100' is set on object 'Object Repository/Teacher and Grade/Page_im s Xem/input_Grade for Student Replace_finalgrade_3_28'

2022-01-17 23:26:15 - [MESSAGE][INFO] - Unable to find the element located by 'By.xpath: //input[@id='finalgrade_3_28']'. Please recheck the objects properties to make sure the desired element is located. 

2022-01-17 23:26:15 - [MESSAGE][WARNING] - [SELF-HEALING] Failed to find element with id 'Object Repository/Teacher and Grade/Page_im s Xem/input_Grade for Student Replace_finalgrade_3_28'. Try using Self-healing.

2022-01-17 23:26:16 - [MESSAGE][WARNING] - [SELF-HEALING] The current locator of test object 'Object Repository/Teacher and Grade/Page_im s Xem/input_Grade for Student Replace_finalgrade_3_28' was broken. Propose an alternative one: '//td[3]/input'.

2022-01-17 23:26:22 - [MESSAGE][INFO] - Unable to find the element located by 'By.xpath: //input[@id='finalgrade_3_28']'. Please recheck the objects properties to make sure the desired element is located. 

2022-01-17 23:26:22 - [MESSAGE][WARNING] - [SELF-HEALING] Failed to find element with id 'Object Repository/Teacher and Grade/Page_im s Xem/input_Grade for Student Replace_finalgrade_3_28'. Try using Self-healing.

2022-01-17 23:26:22 - [MESSAGE][WARNING] - [SELF-HEALING] The current locator of test object 'Object Repository/Teacher and Grade/Page_im s Xem/input_Grade for Student Replace_finalgrade_3_28' was broken. Propose an alternative one: '//td[3]/input'.

2022-01-17 23:26:22 - [MESSAGE][PASSED] - Text '100' is set on object 'Object Repository/Teacher and Grade/Page_im s Xem/input_Grade for Student Replace_finalgrade_3_28'

2022-01-17 23:26:22 - [TEST_STEP][PASSED] - check(findTestObject("Object Repository/Teacher and Grade/Page_im s Xem/input_Override for Student Three_override_3_30")): Object 'Object Repository/Teacher and Grade/Page_im s Xem/input_Override for Student Three_override_3_30' is checked

2022-01-17 23:26:28 - [MESSAGE][INFO] - Unable to find the element located by 'By.xpath: //input[@id='override_3_30']'. Please recheck the objects properties to make sure the desired element is located. 

2022-01-17 23:26:28 - [MESSAGE][WARNING] - [SELF-HEALING] Failed to find element with id 'Object Repository/Teacher and Grade/Page_im s Xem/input_Override for Student Three_override_3_30'. Try using Self-healing.

2022-01-17 23:26:29 - [MESSAGE][WARNING] - [SELF-HEALING] The current locator of test object 'Object Repository/Teacher and Grade/Page_im s Xem/input_Override for Student Three_override_3_30' was broken. Propose an alternative one: '//tr[2]/td[5]/input'.

2022-01-17 23:26:29 - [MESSAGE][PASSED] - Object 'Object Repository/Teacher and Grade/Page_im s Xem/input_Override for Student Three_override_3_30' is checked

2022-01-17 23:26:29 - [TEST_STEP][PASSED] - setText(findTestObject("Object Repository/Teacher and Grade/Page_im s Xem/input_Grade for Student Three_finalgrade_3_30"), "60"): Text '60' is set on object 'Object Repository/Teacher and Grade/Page_im s Xem/input_Grade for Student Three_finalgrade_3_30'

2022-01-17 23:26:35 - [MESSAGE][INFO] - Unable to find the element located by 'By.xpath: //input[@id='finalgrade_3_30']'. Please recheck the objects properties to make sure the desired element is located. 

2022-01-17 23:26:35 - [MESSAGE][WARNING] - [SELF-HEALING] Failed to find element with id 'Object Repository/Teacher and Grade/Page_im s Xem/input_Grade for Student Three_finalgrade_3_30'. Try using Self-healing.

2022-01-17 23:26:35 - [MESSAGE][WARNING] - [SELF-HEALING] The current locator of test object 'Object Repository/Teacher and Grade/Page_im s Xem/input_Grade for Student Three_finalgrade_3_30' was broken. Propose an alternative one: '//tr[2]/td[3]/input'.

2022-01-17 23:26:42 - [MESSAGE][INFO] - Unable to find the element located by 'By.xpath: //input[@id='finalgrade_3_30']'. Please recheck the objects properties to make sure the desired element is located. 

2022-01-17 23:26:42 - [MESSAGE][WARNING] - [SELF-HEALING] Failed to find element with id 'Object Repository/Teacher and Grade/Page_im s Xem/input_Grade for Student Three_finalgrade_3_30'. Try using Self-healing.

2022-01-17 23:26:42 - [MESSAGE][WARNING] - [SELF-HEALING] The current locator of test object 'Object Repository/Teacher and Grade/Page_im s Xem/input_Grade for Student Three_finalgrade_3_30' was broken. Propose an alternative one: '//tr[2]/td[3]/input'.

2022-01-17 23:26:42 - [MESSAGE][PASSED] - Text '60' is set on object 'Object Repository/Teacher and Grade/Page_im s Xem/input_Grade for Student Three_finalgrade_3_30'

2022-01-17 23:26:42 - [TEST_STEP][PASSED] - check(findTestObject("Object Repository/Teacher and Grade/Page_im s Xem/input_Override for Student Two_override_3_29")): Object 'Object Repository/Teacher and Grade/Page_im s Xem/input_Override for Student Two_override_3_29' is checked

2022-01-17 23:26:49 - [MESSAGE][INFO] - Unable to find the element located by 'By.xpath: //input[@id='override_3_29']'. Please recheck the objects properties to make sure the desired element is located. 

2022-01-17 23:26:49 - [MESSAGE][WARNING] - [SELF-HEALING] Failed to find element with id 'Object Repository/Teacher and Grade/Page_im s Xem/input_Override for Student Two_override_3_29'. Try using Self-healing.

2022-01-17 23:26:49 - [MESSAGE][WARNING] - [SELF-HEALING] The current locator of test object 'Object Repository/Teacher and Grade/Page_im s Xem/input_Override for Student Two_override_3_29' was broken. Propose an alternative one: '//tr[3]/td[5]/input'.

2022-01-17 23:26:49 - [MESSAGE][PASSED] - Object 'Object Repository/Teacher and Grade/Page_im s Xem/input_Override for Student Two_override_3_29' is checked

2022-01-17 23:26:49 - [TEST_STEP][PASSED] - setText(findTestObject("Object Repository/Teacher and Grade/Page_im s Xem/input_Grade for Student Two_finalgrade_3_29"), "25"): Text '25' is set on object 'Object Repository/Teacher and Grade/Page_im s Xem/input_Grade for Student Two_finalgrade_3_29'

2022-01-17 23:26:55 - [MESSAGE][INFO] - Unable to find the element located by 'By.xpath: //input[@id='finalgrade_3_29']'. Please recheck the objects properties to make sure the desired element is located. 

2022-01-17 23:26:55 - [MESSAGE][WARNING] - [SELF-HEALING] Failed to find element with id 'Object Repository/Teacher and Grade/Page_im s Xem/input_Grade for Student Two_finalgrade_3_29'. Try using Self-healing.

2022-01-17 23:26:55 - [MESSAGE][WARNING] - [SELF-HEALING] The current locator of test object 'Object Repository/Teacher and Grade/Page_im s Xem/input_Grade for Student Two_finalgrade_3_29' was broken. Propose an alternative one: '//tr[3]/td[3]/input'.

2022-01-17 23:27:02 - [MESSAGE][INFO] - Unable to find the element located by 'By.xpath: //input[@id='finalgrade_3_29']'. Please recheck the objects properties to make sure the desired element is located. 

2022-01-17 23:27:02 - [MESSAGE][WARNING] - [SELF-HEALING] Failed to find element with id 'Object Repository/Teacher and Grade/Page_im s Xem/input_Grade for Student Two_finalgrade_3_29'. Try using Self-healing.

2022-01-17 23:27:02 - [MESSAGE][WARNING] - [SELF-HEALING] The current locator of test object 'Object Repository/Teacher and Grade/Page_im s Xem/input_Grade for Student Two_finalgrade_3_29' was broken. Propose an alternative one: '//tr[3]/td[3]/input'.

2022-01-17 23:27:02 - [MESSAGE][PASSED] - Text '25' is set on object 'Object Repository/Teacher and Grade/Page_im s Xem/input_Grade for Student Two_finalgrade_3_29'

2022-01-17 23:27:02 - [TEST_STEP][PASSED] - click(findTestObject("Object Repository/Teacher and Grade/Page_im s Xem/input_Insert value_btn btn-secondary")): Object: 'Object Repository/Teacher and Grade/Page_im s Xem/input_Insert value_btn btn-secondary' is clicked on

2022-01-17 23:27:04 - [MESSAGE][PASSED] - Object: 'Object Repository/Teacher and Grade/Page_im s Xem/input_Insert value_btn btn-secondary' is clicked on

2022-01-17 23:27:04 - [TEST_STEP][PASSED] - click(findTestObject("Object Repository/Teacher and Grade/Page_Saving grades/button_Tip tc")): Object: 'Object Repository/Teacher and Grade/Page_Saving grades/button_Tip tc' is clicked on

2022-01-17 23:27:10 - [MESSAGE][INFO] - Unable to find the element located by 'By.xpath: //button[@id='single_button61dc5970393933']'. Please recheck the objects properties to make sure the desired element is located. 

2022-01-17 23:27:10 - [MESSAGE][WARNING] - [SELF-HEALING] Failed to find element with id 'Object Repository/Teacher and Grade/Page_Saving grades/button_Tip tc'. Try using Self-healing.

2022-01-17 23:27:10 - [MESSAGE][WARNING] - [SELF-HEALING] The current locator of test object 'Object Repository/Teacher and Grade/Page_Saving grades/button_Tip tc' was broken. Propose an alternative one: '//div[@id='page']/section/div/div[3]/form/button'.

2022-01-17 23:27:11 - [MESSAGE][PASSED] - Object: 'Object Repository/Teacher and Grade/Page_Saving grades/button_Tip tc' is clicked on

2022-01-17 23:27:11 - [TEST_STEP][PASSED] - click(findTestObject("Object Repository/Teacher and Grade/Page_im s Xem/a_Grader report")): Object: 'Object Repository/Teacher and Grade/Page_im s Xem/a_Grader report' is clicked on

2022-01-17 23:27:13 - [MESSAGE][PASSED] - Object: 'Object Repository/Teacher and Grade/Page_im s Xem/a_Grader report' is clicked on

2022-01-17 23:27:13 - [TEST_STEP][PASSED] - verifyElementText(findTestObject("Object Repository/Teacher and Grade/Page_im s Xem/span_100,00"), "100,00"): Actual text and expected text of test object 'Object Repository/Teacher and Grade/Page_im s Xem/span_100,00' are matched.

2022-01-17 23:27:19 - [MESSAGE][INFO] - Unable to find the element located by 'By.xpath: //td[@id='u28i3']/span'. Please recheck the objects properties to make sure the desired element is located. 

2022-01-17 23:27:19 - [MESSAGE][WARNING] - [SELF-HEALING] Failed to find element with id 'Object Repository/Teacher and Grade/Page_im s Xem/span_100,00'. Try using Self-healing.

2022-01-17 23:27:20 - [MESSAGE][WARNING] - [SELF-HEALING] The current locator of test object 'Object Repository/Teacher and Grade/Page_im s Xem/span_100,00' was broken. Propose an alternative one: '(.//*[normalize-space(text()) and normalize-space(.)='s1@example.com'])[1]/following::span[2]'.

2022-01-17 23:27:20 - [MESSAGE][PASSED] - Actual text and expected text of test object 'Object Repository/Teacher and Grade/Page_im s Xem/span_100,00' are matched.

2022-01-17 23:27:20 - [TEST_STEP][PASSED] - verifyElementText(findTestObject("Object Repository/Teacher and Grade/Page_im s Xem/span_60,00"), "60,00"): Actual text and expected text of test object 'Object Repository/Teacher and Grade/Page_im s Xem/span_60,00' are matched.

2022-01-17 23:27:26 - [MESSAGE][INFO] - Unable to find the element located by 'By.xpath: //td[@id='u30i3']/span'. Please recheck the objects properties to make sure the desired element is located. 

2022-01-17 23:27:26 - [MESSAGE][WARNING] - [SELF-HEALING] Failed to find element with id 'Object Repository/Teacher and Grade/Page_im s Xem/span_60,00'. Try using Self-healing.

2022-01-17 23:27:27 - [MESSAGE][WARNING] - [SELF-HEALING] The current locator of test object 'Object Repository/Teacher and Grade/Page_im s Xem/span_60,00' was broken. Propose an alternative one: '(.//*[normalize-space(text()) and normalize-space(.)='s3@example.com'])[1]/following::span[2]'.

2022-01-17 23:27:27 - [MESSAGE][PASSED] - Actual text and expected text of test object 'Object Repository/Teacher and Grade/Page_im s Xem/span_60,00' are matched.

2022-01-17 23:27:27 - [TEST_STEP][PASSED] - verifyElementText(findTestObject("Object Repository/Teacher and Grade/Page_im s Xem/span_25,00"), "25,00"): Actual text and expected text of test object 'Object Repository/Teacher and Grade/Page_im s Xem/span_25,00' are matched.

2022-01-17 23:27:33 - [MESSAGE][INFO] - Unable to find the element located by 'By.xpath: //td[@id='u29i3']/span'. Please recheck the objects properties to make sure the desired element is located. 

2022-01-17 23:27:33 - [MESSAGE][WARNING] - [SELF-HEALING] Failed to find element with id 'Object Repository/Teacher and Grade/Page_im s Xem/span_25,00'. Try using Self-healing.

2022-01-17 23:27:33 - [MESSAGE][WARNING] - [SELF-HEALING] The current locator of test object 'Object Repository/Teacher and Grade/Page_im s Xem/span_25,00' was broken. Propose an alternative one: '(.//*[normalize-space(text()) and normalize-space(.)='s2@example.com'])[1]/following::span[2]'.

2022-01-17 23:27:33 - [MESSAGE][PASSED] - Actual text and expected text of test object 'Object Repository/Teacher and Grade/Page_im s Xem/span_25,00' are matched.

2022-01-17 23:27:33 - [TEST_STEP][PASSED] - click(findTestObject("Object Repository/Teacher and Grade/Page_im s Xem/span_Ch  1")): Object: 'Object Repository/Teacher and Grade/Page_im s Xem/span_Ch  1' is clicked on

2022-01-17 23:27:35 - [MESSAGE][PASSED] - Object: 'Object Repository/Teacher and Grade/Page_im s Xem/span_Ch  1' is clicked on

2022-01-17 23:27:35 - [TEST_STEP][PASSED] - click(findTestObject("Object Repository/Teacher and Grade/Page_Kha Test View Grade/span_Test ch  1 Bi tp")): Object: 'Object Repository/Teacher and Grade/Page_Kha Test View Grade/span_Test ch  1 Bi tp' is clicked on

2022-01-17 23:27:41 - [MESSAGE][INFO] - Unable to find the element located by 'By.xpath: //li[@id='module-3']/div/div/div[2]/div/a/span'. Please recheck the objects properties to make sure the desired element is located. 

2022-01-17 23:27:41 - [MESSAGE][WARNING] - [SELF-HEALING] Failed to find element with id 'Object Repository/Teacher and Grade/Page_Kha Test View Grade/span_Test ch  1 Bi tp'. Try using Self-healing.

2022-01-17 23:27:42 - [MESSAGE][WARNING] - [SELF-HEALING] The current locator of test object 'Object Repository/Teacher and Grade/Page_Kha Test View Grade/span_Test ch  1 Bi tp' was broken. Propose an alternative one: '(.//*[normalize-space(text()) and normalize-space(.)='Chủ đề 1'])[2]/following::span[1]'.

2022-01-17 23:27:43 - [MESSAGE][PASSED] - Object: 'Object Repository/Teacher and Grade/Page_Kha Test View Grade/span_Test ch  1 Bi tp' is clicked on

2022-01-17 23:27:43 - [TEST_STEP][PASSED] - click(findTestObject("Object Repository/Teacher and Grade/Page_View Grade Test ch  1/a_im")): Object: 'Object Repository/Teacher and Grade/Page_View Grade Test ch  1/a_im' is clicked on

2022-01-17 23:27:46 - [MESSAGE][PASSED] - Object: 'Object Repository/Teacher and Grade/Page_View Grade Test ch  1/a_im' is clicked on

2022-01-17 23:27:46 - [TEST_STEP][PASSED] - verifyElementText(findTestObject("Object Repository/Teacher and Grade/Page_View Grade Test ch  1 - ang chm/a_100,00"), "100,00"): Actual text and expected text of test object 'Object Repository/Teacher and Grade/Page_View Grade Test ch  1 - ang chm/a_100,00' are matched.

2022-01-17 23:27:53 - [MESSAGE][INFO] - Unable to find the element located by 'By.xpath: //a[@id='action_link61dc59c1ddee921']'. Please recheck the objects properties to make sure the desired element is located. 

2022-01-17 23:27:53 - [MESSAGE][WARNING] - [SELF-HEALING] Failed to find element with id 'Object Repository/Teacher and Grade/Page_View Grade Test ch  1 - ang chm/a_100,00'. Try using Self-healing.

2022-01-17 23:27:53 - [MESSAGE][WARNING] - [SELF-HEALING] The current locator of test object 'Object Repository/Teacher and Grade/Page_View Grade Test ch  1 - ang chm/a_100,00' was broken. Propose an alternative one: '//a[contains(text(),'100,00')]'.

2022-01-17 23:27:53 - [MESSAGE][PASSED] - Actual text and expected text of test object 'Object Repository/Teacher and Grade/Page_View Grade Test ch  1 - ang chm/a_100,00' are matched.

2022-01-17 23:27:53 - [TEST_STEP][PASSED] - click(findTestObject("Object Repository/Teacher and Grade/Page_View Grade Test ch  1 - ang chm/a_")): Object: 'Object Repository/Teacher and Grade/Page_View Grade Test ch  1 - ang chm/a_' is clicked on

2022-01-17 23:27:59 - [MESSAGE][INFO] - Unable to find the element located by 'By.xpath: //a[@id='yui_3_17_2_1_1641830816830_543']'. Please recheck the objects properties to make sure the desired element is located. 

2022-01-17 23:27:59 - [MESSAGE][WARNING] - [SELF-HEALING] Failed to find element with id 'Object Repository/Teacher and Grade/Page_View Grade Test ch  1 - ang chm/a_'. Try using Self-healing.

2022-01-17 23:27:59 - [MESSAGE][WARNING] - [SELF-HEALING] The current locator of test object 'Object Repository/Teacher and Grade/Page_View Grade Test ch  1 - ang chm/a_' was broken. Propose an alternative one: '//a[contains(text(),'►')]'.

2022-01-17 23:28:00 - [MESSAGE][PASSED] - Object: 'Object Repository/Teacher and Grade/Page_View Grade Test ch  1 - ang chm/a_' is clicked on

2022-01-17 23:28:00 - [TEST_STEP][PASSED] - verifyElementText(findTestObject("Object Repository/Teacher and Grade/Page_View Grade Test ch  1 - ang chm/a_25,00"), "25,00"): Actual text and expected text of test object 'Object Repository/Teacher and Grade/Page_View Grade Test ch  1 - ang chm/a_25,00' are matched.

2022-01-17 23:28:06 - [MESSAGE][INFO] - Unable to find the element located by 'By.xpath: //a[@id='action_link61dc59cf9045721']'. Please recheck the objects properties to make sure the desired element is located. 

2022-01-17 23:28:06 - [MESSAGE][WARNING] - [SELF-HEALING] Failed to find element with id 'Object Repository/Teacher and Grade/Page_View Grade Test ch  1 - ang chm/a_25,00'. Try using Self-healing.

2022-01-17 23:28:07 - [MESSAGE][WARNING] - [SELF-HEALING] The current locator of test object 'Object Repository/Teacher and Grade/Page_View Grade Test ch  1 - ang chm/a_25,00' was broken. Propose an alternative one: '//a[contains(text(),'25,00')]'.

2022-01-17 23:28:07 - [MESSAGE][PASSED] - Actual text and expected text of test object 'Object Repository/Teacher and Grade/Page_View Grade Test ch  1 - ang chm/a_25,00' are matched.

2022-01-17 23:28:07 - [TEST_STEP][PASSED] - click(findTestObject("Object Repository/Teacher and Grade/Page_View Grade Test ch  1 - ang chm/a_")): Object: 'Object Repository/Teacher and Grade/Page_View Grade Test ch  1 - ang chm/a_' is clicked on

2022-01-17 23:28:13 - [MESSAGE][INFO] - Unable to find the element located by 'By.xpath: //a[@id='yui_3_17_2_1_1641830816830_543']'. Please recheck the objects properties to make sure the desired element is located. 

2022-01-17 23:28:13 - [MESSAGE][WARNING] - [SELF-HEALING] Failed to find element with id 'Object Repository/Teacher and Grade/Page_View Grade Test ch  1 - ang chm/a_'. Try using Self-healing.

2022-01-17 23:28:13 - [MESSAGE][WARNING] - [SELF-HEALING] The current locator of test object 'Object Repository/Teacher and Grade/Page_View Grade Test ch  1 - ang chm/a_' was broken. Propose an alternative one: '//a[contains(text(),'►')]'.

2022-01-17 23:28:14 - [MESSAGE][PASSED] - Object: 'Object Repository/Teacher and Grade/Page_View Grade Test ch  1 - ang chm/a_' is clicked on

2022-01-17 23:28:14 - [TEST_STEP][PASSED] - verifyElementText(findTestObject("Object Repository/Teacher and Grade/Page_View Grade Test ch  1 - ang chm/a_60,00"), "60,00"): Actual text and expected text of test object 'Object Repository/Teacher and Grade/Page_View Grade Test ch  1 - ang chm/a_60,00' are matched.

2022-01-17 23:28:20 - [MESSAGE][INFO] - Unable to find the element located by 'By.xpath: //a[@id='action_link61dc59d7f39f820']'. Please recheck the objects properties to make sure the desired element is located. 

2022-01-17 23:28:20 - [MESSAGE][WARNING] - [SELF-HEALING] Failed to find element with id 'Object Repository/Teacher and Grade/Page_View Grade Test ch  1 - ang chm/a_60,00'. Try using Self-healing.

2022-01-17 23:28:20 - [MESSAGE][WARNING] - [SELF-HEALING] The current locator of test object 'Object Repository/Teacher and Grade/Page_View Grade Test ch  1 - ang chm/a_60,00' was broken. Propose an alternative one: '//a[contains(text(),'60,00')]'.

2022-01-17 23:28:20 - [MESSAGE][PASSED] - Actual text and expected text of test object 'Object Repository/Teacher and Grade/Page_View Grade Test ch  1 - ang chm/a_60,00' are matched.

2022-01-17 23:28:20 - [TEST_STEP][PASSED] - closeBrowser(): Browser is closed

2022-01-17 23:28:22 - [MESSAGE][PASSED] - Browser is closed]]></system-out>
         <system-err><![CDATA[]]></system-err>
      </testcase>
      <testcase name="Test Cases/Teacher and Grade/Other Teacher View Grade" time="116.408" classname="Test Cases/Teacher and Grade/Other Teacher View Grade" status="PASSED">
         <system-out><![CDATA[2022-01-17 23:28:22 - [TEST_CASE][PASSED] - Test Cases/Teacher and Grade/Other Teacher View Grade: Test Cases/Teacher and Grade/Other Teacher View Grade

2022-01-17 23:28:23 - [TEST_STEP][PASSED] - openBrowser(""): Browser is opened with url: ''

2022-01-17 23:28:23 - [MESSAGE][INFO] - Starting 'Edge Chromium' driver

2022-01-17 23:28:25 - [MESSAGE][INFO] - Action delay is set to 0 milliseconds

2022-01-17 23:28:28 - [MESSAGE][PASSED] - Browser is opened with url: ''

2022-01-17 23:28:28 - [TEST_STEP][PASSED] - navigateToUrl("http://localhost/"): Navigate to 'http://localhost/' successfully

2022-01-17 23:28:30 - [MESSAGE][PASSED] - Navigate to 'http://localhost/' successfully

2022-01-17 23:28:30 - [TEST_STEP][PASSED] - click(findTestObject("Object Repository/Teacher and Grade/Page_Local Moodle/a_Log in")): Object: 'Object Repository/Teacher and Grade/Page_Local Moodle/a_Log in' is clicked on

2022-01-17 23:28:31 - [MESSAGE][PASSED] - Object: 'Object Repository/Teacher and Grade/Page_Local Moodle/a_Log in' is clicked on

2022-01-17 23:28:31 - [TEST_STEP][PASSED] - setText(findTestObject("Object Repository/Teacher and Grade/Page_Local Moodle Log in to the site/input_Username_username"), "lcbinh"): Text 'lcbinh' is set on object 'Object Repository/Teacher and Grade/Page_Local Moodle Log in to the site/input_Username_username'

2022-01-17 23:28:32 - [MESSAGE][PASSED] - Text 'lcbinh' is set on object 'Object Repository/Teacher and Grade/Page_Local Moodle Log in to the site/input_Username_username'

2022-01-17 23:28:32 - [TEST_STEP][PASSED] - setEncryptedText(findTestObject("Admin Site/Page_Local Moodle Log in to the site/input_Password_password"), "o5TCnEIIWq0Pz0TkrK1a2rpuWvRKVWz2"): Text ****** has been set on object 'Object Repository/Admin Site/Page_Local Moodle Log in to the site/input_Password_password'

2022-01-17 23:28:33 - [MESSAGE][PASSED] - Text ****** has been set on object 'Object Repository/Admin Site/Page_Local Moodle Log in to the site/input_Password_password'

2022-01-17 23:28:33 - [TEST_STEP][PASSED] - click(findTestObject("Object Repository/Teacher and Grade/Page_Local Moodle Log in to the site/button_Log in")): Object: 'Object Repository/Teacher and Grade/Page_Local Moodle Log in to the site/button_Log in' is clicked on

2022-01-17 23:28:36 - [MESSAGE][PASSED] - Object: 'Object Repository/Teacher and Grade/Page_Local Moodle Log in to the site/button_Log in' is clicked on

2022-01-17 23:28:36 - [TEST_STEP][PASSED] - click(findTestObject("Teacher and Grade/Page_Nh ca ti/span_Test View Grade")): Object: 'Object Repository/Teacher and Grade/Page_Nh ca ti/span_Test View Grade' is clicked on

2022-01-17 23:28:41 - [MESSAGE][PASSED] - Object: 'Object Repository/Teacher and Grade/Page_Nh ca ti/span_Test View Grade' is clicked on

2022-01-17 23:28:41 - [TEST_STEP][PASSED] - click(findTestObject("Object Repository/Teacher and Grade/Page_Kha Test View Grade/span_Test ch  2 Bi tp")): Object: 'Object Repository/Teacher and Grade/Page_Kha Test View Grade/span_Test ch  2 Bi tp' is clicked on

2022-01-17 23:28:47 - [MESSAGE][INFO] - Unable to find the element located by 'By.xpath: //li[@id='module-4']/div/div/div[2]/div/a/span'. Please recheck the objects properties to make sure the desired element is located. 

2022-01-17 23:28:47 - [MESSAGE][WARNING] - [SELF-HEALING] Failed to find element with id 'Object Repository/Teacher and Grade/Page_Kha Test View Grade/span_Test ch  2 Bi tp'. Try using Self-healing.

2022-01-17 23:28:47 - [MESSAGE][WARNING] - [SELF-HEALING] The current locator of test object 'Object Repository/Teacher and Grade/Page_Kha Test View Grade/span_Test ch  2 Bi tp' was broken. Propose an alternative one: '(.//*[normalize-space(text()) and normalize-space(.)='Chủ đề 2'])[2]/following::span[1]'.

2022-01-17 23:28:49 - [MESSAGE][PASSED] - Object: 'Object Repository/Teacher and Grade/Page_Kha Test View Grade/span_Test ch  2 Bi tp' is clicked on

2022-01-17 23:28:49 - [TEST_STEP][PASSED] - click(findTestObject("Object Repository/Teacher and Grade/Page_View Grade Test ch  2/a_im")): Object: 'Object Repository/Teacher and Grade/Page_View Grade Test ch  2/a_im' is clicked on

2022-01-17 23:28:52 - [MESSAGE][PASSED] - Object: 'Object Repository/Teacher and Grade/Page_View Grade Test ch  2/a_im' is clicked on

2022-01-17 23:28:52 - [TEST_STEP][PASSED] - setText(findTestObject("Object Repository/Teacher and Grade/Page_View Grade Test ch  2 - ang chm/input_Grade out of 100_grade"), "11"): Text '11' is set on object 'Object Repository/Teacher and Grade/Page_View Grade Test ch  2 - ang chm/input_Grade out of 100_grade'

2022-01-17 23:28:57 - [MESSAGE][PASSED] - Text '11' is set on object 'Object Repository/Teacher and Grade/Page_View Grade Test ch  2 - ang chm/input_Grade out of 100_grade'

2022-01-17 23:28:57 - [TEST_STEP][PASSED] - click(findTestObject("Object Repository/Teacher and Grade/Page_View Grade Test ch  2 - ang chm/button_Lu v xem trang tip theo")): Object: 'Object Repository/Teacher and Grade/Page_View Grade Test ch  2 - ang chm/button_Lu v xem trang tip theo' is clicked on

2022-01-17 23:29:03 - [MESSAGE][INFO] - Unable to find the element located by 'By.xpath: //button[@id='yui_3_17_2_1_1641831592528_557']'. Please recheck the objects properties to make sure the desired element is located. 

2022-01-17 23:29:03 - [MESSAGE][WARNING] - [SELF-HEALING] Failed to find element with id 'Object Repository/Teacher and Grade/Page_View Grade Test ch  2 - ang chm/button_Lu v xem trang tip theo'. Try using Self-healing.

2022-01-17 23:29:03 - [MESSAGE][WARNING] - [SELF-HEALING] The current locator of test object 'Object Repository/Teacher and Grade/Page_View Grade Test ch  2 - ang chm/button_Lu v xem trang tip theo' was broken. Propose an alternative one: '(.//*[normalize-space(text()) and normalize-space(.)='Lưu những thay đổi'])[1]/following::button[1]'.

2022-01-17 23:29:03 - [MESSAGE][PASSED] - Object: 'Object Repository/Teacher and Grade/Page_View Grade Test ch  2 - ang chm/button_Lu v xem trang tip theo' is clicked on

2022-01-17 23:29:03 - [TEST_STEP][PASSED] - setText(findTestObject("Teacher and Grade/Page_View Grade Test ch  2 - ang chm/input_Grade out of 100_grade"), "56"): Text '56' is set on object 'Object Repository/Teacher and Grade/Page_View Grade Test ch  2 - ang chm/input_Grade out of 100_grade'

2022-01-17 23:29:06 - [MESSAGE][PASSED] - Text '56' is set on object 'Object Repository/Teacher and Grade/Page_View Grade Test ch  2 - ang chm/input_Grade out of 100_grade'

2022-01-17 23:29:06 - [TEST_STEP][PASSED] - click(findTestObject("Object Repository/Teacher and Grade/Page_View Grade Test ch  2 - ang chm/button_Lu v xem trang tip theo")): Object: 'Object Repository/Teacher and Grade/Page_View Grade Test ch  2 - ang chm/button_Lu v xem trang tip theo' is clicked on

2022-01-17 23:29:13 - [MESSAGE][INFO] - Unable to find the element located by 'By.xpath: //button[@id='yui_3_17_2_1_1641831592528_557']'. Please recheck the objects properties to make sure the desired element is located. 

2022-01-17 23:29:13 - [MESSAGE][WARNING] - [SELF-HEALING] Failed to find element with id 'Object Repository/Teacher and Grade/Page_View Grade Test ch  2 - ang chm/button_Lu v xem trang tip theo'. Try using Self-healing.

2022-01-17 23:29:13 - [MESSAGE][WARNING] - [SELF-HEALING] The current locator of test object 'Object Repository/Teacher and Grade/Page_View Grade Test ch  2 - ang chm/button_Lu v xem trang tip theo' was broken. Propose an alternative one: '(.//*[normalize-space(text()) and normalize-space(.)='Lưu những thay đổi'])[1]/following::button[1]'.

2022-01-17 23:29:13 - [MESSAGE][PASSED] - Object: 'Object Repository/Teacher and Grade/Page_View Grade Test ch  2 - ang chm/button_Lu v xem trang tip theo' is clicked on

2022-01-17 23:29:13 - [TEST_STEP][PASSED] - setText(findTestObject("Object Repository/Teacher and Grade/Page_View Grade Test ch  2 - ang chm/input_Grade out of 100_grade"), "89"): Text '89' is set on object 'Object Repository/Teacher and Grade/Page_View Grade Test ch  2 - ang chm/input_Grade out of 100_grade'

2022-01-17 23:29:17 - [MESSAGE][PASSED] - Text '89' is set on object 'Object Repository/Teacher and Grade/Page_View Grade Test ch  2 - ang chm/input_Grade out of 100_grade'

2022-01-17 23:29:17 - [TEST_STEP][PASSED] - click(findTestObject("Object Repository/Teacher and Grade/Page_View Grade Test ch  2 - ang chm/button_Lu v xem trang tip theo")): Object: 'Object Repository/Teacher and Grade/Page_View Grade Test ch  2 - ang chm/button_Lu v xem trang tip theo' is clicked on

2022-01-17 23:29:23 - [MESSAGE][INFO] - Unable to find the element located by 'By.xpath: //button[@id='yui_3_17_2_1_1641831592528_557']'. Please recheck the objects properties to make sure the desired element is located. 

2022-01-17 23:29:23 - [MESSAGE][WARNING] - [SELF-HEALING] Failed to find element with id 'Object Repository/Teacher and Grade/Page_View Grade Test ch  2 - ang chm/button_Lu v xem trang tip theo'. Try using Self-healing.

2022-01-17 23:29:23 - [MESSAGE][WARNING] - [SELF-HEALING] The current locator of test object 'Object Repository/Teacher and Grade/Page_View Grade Test ch  2 - ang chm/button_Lu v xem trang tip theo' was broken. Propose an alternative one: '(.//*[normalize-space(text()) and normalize-space(.)='Lưu những thay đổi'])[1]/following::button[1]'.

2022-01-17 23:29:24 - [MESSAGE][PASSED] - Object: 'Object Repository/Teacher and Grade/Page_View Grade Test ch  2 - ang chm/button_Lu v xem trang tip theo' is clicked on

2022-01-17 23:29:24 - [TEST_STEP][PASSED] - delay(5): Delayed 5 second(s)

2022-01-17 23:29:29 - [MESSAGE][PASSED] - Delayed 5 second(s)

2022-01-17 23:29:29 - [TEST_STEP][PASSED] - click(findTestObject("Object Repository/Teacher and Grade/Page_View Grade Test ch  2 - ang chm/a_Kho hc Test View Grade")): Object: 'Object Repository/Teacher and Grade/Page_View Grade Test ch  2 - ang chm/a_Kho hc Test View Grade' is clicked on

2022-01-17 23:29:35 - [MESSAGE][INFO] - Unable to find the element located by 'By.xpath: //a[@id='yui_3_17_2_1_1641831592528_2762']'. Please recheck the objects properties to make sure the desired element is located. 

2022-01-17 23:29:35 - [MESSAGE][WARNING] - [SELF-HEALING] Failed to find element with id 'Object Repository/Teacher and Grade/Page_View Grade Test ch  2 - ang chm/a_Kho hc Test View Grade'. Try using Self-healing.

2022-01-17 23:29:35 - [MESSAGE][WARNING] - [SELF-HEALING] The current locator of test object 'Object Repository/Teacher and Grade/Page_View Grade Test ch  2 - ang chm/a_Kho hc Test View Grade' was broken. Propose an alternative one: '//a[contains(text(),'Khoá học: Test View Grade')]'.

2022-01-17 23:29:37 - [MESSAGE][PASSED] - Object: 'Object Repository/Teacher and Grade/Page_View Grade Test ch  2 - ang chm/a_Kho hc Test View Grade' is clicked on

2022-01-17 23:29:37 - [TEST_STEP][PASSED] - click(findTestObject("Object Repository/Teacher and Grade/Page_Kha Test View Grade/a_Cng Bnh L")): Object: 'Object Repository/Teacher and Grade/Page_Kha Test View Grade/a_Cng Bnh L' is clicked on

2022-01-17 23:29:38 - [MESSAGE][PASSED] - Object: 'Object Repository/Teacher and Grade/Page_Kha Test View Grade/a_Cng Bnh L' is clicked on

2022-01-17 23:29:38 - [TEST_STEP][PASSED] - click(findTestObject("Object Repository/Teacher and Grade/Page_Kha Test View Grade/span_Thot")): Object: 'Object Repository/Teacher and Grade/Page_Kha Test View Grade/span_Thot' is clicked on

2022-01-17 23:29:39 - [MESSAGE][PASSED] - Object: 'Object Repository/Teacher and Grade/Page_Kha Test View Grade/span_Thot' is clicked on

2022-01-17 23:29:39 - [TEST_STEP][PASSED] - click(findTestObject("Object Repository/Teacher and Grade/Page_Local Moodle/a_Log in")): Object: 'Object Repository/Teacher and Grade/Page_Local Moodle/a_Log in' is clicked on

2022-01-17 23:29:41 - [MESSAGE][PASSED] - Object: 'Object Repository/Teacher and Grade/Page_Local Moodle/a_Log in' is clicked on

2022-01-17 23:29:41 - [TEST_STEP][PASSED] - setText(findTestObject("Object Repository/Teacher and Grade/Page_Local Moodle Log in to the site/input_Username_username"), "ndtthanh"): Text 'ndtthanh' is set on object 'Object Repository/Teacher and Grade/Page_Local Moodle Log in to the site/input_Username_username'

2022-01-17 23:29:42 - [MESSAGE][PASSED] - Text 'ndtthanh' is set on object 'Object Repository/Teacher and Grade/Page_Local Moodle Log in to the site/input_Username_username'

2022-01-17 23:29:42 - [TEST_STEP][PASSED] - setEncryptedText(findTestObject("Admin Site/Page_Local Moodle Log in to the site/input_Password_password"), "o5TCnEIIWq0Pz0TkrK1a2rpuWvRKVWz2"): Text ****** has been set on object 'Object Repository/Admin Site/Page_Local Moodle Log in to the site/input_Password_password'

2022-01-17 23:29:43 - [MESSAGE][PASSED] - Text ****** has been set on object 'Object Repository/Admin Site/Page_Local Moodle Log in to the site/input_Password_password'

2022-01-17 23:29:43 - [TEST_STEP][PASSED] - click(findTestObject("Object Repository/Teacher and Grade/Page_Local Moodle Log in to the site/button_Log in")): Object: 'Object Repository/Teacher and Grade/Page_Local Moodle Log in to the site/button_Log in' is clicked on

2022-01-17 23:29:47 - [MESSAGE][PASSED] - Object: 'Object Repository/Teacher and Grade/Page_Local Moodle Log in to the site/button_Log in' is clicked on

2022-01-17 23:29:47 - [TEST_STEP][PASSED] - click(findTestObject("Teacher and Grade/Page_Nh ca ti/span_Test View Grade")): Object: 'Object Repository/Teacher and Grade/Page_Nh ca ti/span_Test View Grade' is clicked on

2022-01-17 23:29:53 - [MESSAGE][INFO] - Unable to find the element located by 'By.xpath: //div[@id='course-info-container-6-8']/div/div/a/span[3]'. Please recheck the objects properties to make sure the desired element is located. 

2022-01-17 23:29:53 - [MESSAGE][WARNING] - [SELF-HEALING] Failed to find element with id 'Object Repository/Teacher and Grade/Page_Nh ca ti/span_Test View Grade'. Try using Self-healing.

2022-01-17 23:29:54 - [MESSAGE][WARNING] - [SELF-HEALING] The current locator of test object 'Object Repository/Teacher and Grade/Page_Nh ca ti/span_Test View Grade' was broken. Propose an alternative one: '(.//*[normalize-space(text()) and normalize-space(.)='Tên khóa học'])[2]/following::span[1]'.

2022-01-17 23:29:55 - [MESSAGE][PASSED] - Object: 'Object Repository/Teacher and Grade/Page_Nh ca ti/span_Test View Grade' is clicked on

2022-01-17 23:29:55 - [TEST_STEP][PASSED] - click(findTestObject("Object Repository/Teacher and Grade/Page_Kha Test View Grade/span_im s")): Object: 'Object Repository/Teacher and Grade/Page_Kha Test View Grade/span_im s' is clicked on

2022-01-17 23:29:57 - [MESSAGE][PASSED] - Object: 'Object Repository/Teacher and Grade/Page_Kha Test View Grade/span_im s' is clicked on

2022-01-17 23:29:57 - [TEST_STEP][PASSED] - verifyElementText(findTestObject("Object Repository/Teacher and Grade/Page_im s Xem/span_11,00"), "11,00"): Actual text and expected text of test object 'Object Repository/Teacher and Grade/Page_im s Xem/span_11,00' are matched.

2022-01-17 23:30:03 - [MESSAGE][INFO] - Unable to find the element located by 'By.xpath: //td[@id='u28i4']/span'. Please recheck the objects properties to make sure the desired element is located. 

2022-01-17 23:30:03 - [MESSAGE][WARNING] - [SELF-HEALING] Failed to find element with id 'Object Repository/Teacher and Grade/Page_im s Xem/span_11,00'. Try using Self-healing.

2022-01-17 23:30:04 - [MESSAGE][WARNING] - [SELF-HEALING] The current locator of test object 'Object Repository/Teacher and Grade/Page_im s Xem/span_11,00' was broken. Propose an alternative one: '(.//*[normalize-space(text()) and normalize-space(.)='s1@example.com'])[1]/following::span[3]'.

2022-01-17 23:30:04 - [MESSAGE][PASSED] - Actual text and expected text of test object 'Object Repository/Teacher and Grade/Page_im s Xem/span_11,00' are matched.

2022-01-17 23:30:04 - [TEST_STEP][PASSED] - verifyElementText(findTestObject("Object Repository/Teacher and Grade/Page_im s Xem/span_89,00"), "89,00"): Actual text and expected text of test object 'Object Repository/Teacher and Grade/Page_im s Xem/span_89,00' are matched.

2022-01-17 23:30:10 - [MESSAGE][INFO] - Unable to find the element located by 'By.xpath: //td[@id='u30i4']/span'. Please recheck the objects properties to make sure the desired element is located. 

2022-01-17 23:30:10 - [MESSAGE][WARNING] - [SELF-HEALING] Failed to find element with id 'Object Repository/Teacher and Grade/Page_im s Xem/span_89,00'. Try using Self-healing.

2022-01-17 23:30:10 - [MESSAGE][WARNING] - [SELF-HEALING] The current locator of test object 'Object Repository/Teacher and Grade/Page_im s Xem/span_89,00' was broken. Propose an alternative one: '(.//*[normalize-space(text()) and normalize-space(.)='s3@example.com'])[1]/following::span[3]'.

2022-01-17 23:30:10 - [MESSAGE][PASSED] - Actual text and expected text of test object 'Object Repository/Teacher and Grade/Page_im s Xem/span_89,00' are matched.

2022-01-17 23:30:10 - [TEST_STEP][PASSED] - verifyElementText(findTestObject("Object Repository/Teacher and Grade/Page_im s Xem/span_56,00"), "56,00"): Actual text and expected text of test object 'Object Repository/Teacher and Grade/Page_im s Xem/span_56,00' are matched.

2022-01-17 23:30:17 - [MESSAGE][INFO] - Unable to find the element located by 'By.xpath: //td[@id='u29i4']/span'. Please recheck the objects properties to make sure the desired element is located. 

2022-01-17 23:30:17 - [MESSAGE][WARNING] - [SELF-HEALING] Failed to find element with id 'Object Repository/Teacher and Grade/Page_im s Xem/span_56,00'. Try using Self-healing.

2022-01-17 23:30:17 - [MESSAGE][WARNING] - [SELF-HEALING] The current locator of test object 'Object Repository/Teacher and Grade/Page_im s Xem/span_56,00' was broken. Propose an alternative one: '(.//*[normalize-space(text()) and normalize-space(.)='s2@example.com'])[1]/following::span[3]'.

2022-01-17 23:30:17 - [MESSAGE][PASSED] - Actual text and expected text of test object 'Object Repository/Teacher and Grade/Page_im s Xem/span_56,00' are matched.

2022-01-17 23:30:17 - [TEST_STEP][PASSED] - closeBrowser(): Browser is closed

2022-01-17 23:30:18 - [MESSAGE][PASSED] - Browser is closed]]></system-out>
         <system-err><![CDATA[]]></system-err>
      </testcase>
      <testcase name="Test Cases/Create assignment/Create Assignment Set Availability" time="72.481" classname="Test Cases/Create assignment/Create Assignment Set Availability" status="PASSED">
         <system-out><![CDATA[2022-01-17 23:30:18 - [TEST_CASE][PASSED] - Test Cases/Create assignment/Create Assignment Set Availability: Test Cases/Create assignment/Create Assignment Set Availability

2022-01-17 23:30:19 - [TEST_STEP][PASSED] - openBrowser(""): Browser is opened with url: ''

2022-01-17 23:30:19 - [MESSAGE][INFO] - Starting 'Edge Chromium' driver

2022-01-17 23:30:22 - [MESSAGE][INFO] - Action delay is set to 0 milliseconds

2022-01-17 23:30:23 - [MESSAGE][PASSED] - Browser is opened with url: ''

2022-01-17 23:30:23 - [TEST_STEP][PASSED] - navigateToUrl("http://localhost/"): Navigate to 'http://localhost/' successfully

2022-01-17 23:30:26 - [MESSAGE][PASSED] - Navigate to 'http://localhost/' successfully

2022-01-17 23:30:26 - [TEST_STEP][PASSED] - click(findTestObject("Object Repository/Page_Local Moodle/a_Log in (8)")): Object: 'Object Repository/Page_Local Moodle/a_Log in (8)' is clicked on

2022-01-17 23:30:27 - [MESSAGE][PASSED] - Object: 'Object Repository/Page_Local Moodle/a_Log in (8)' is clicked on

2022-01-17 23:30:27 - [TEST_STEP][PASSED] - setText(findTestObject("Object Repository/Page_Local Moodle Log in to the site/input_Username_username (8)"), "robertle"): Text 'robertle' is set on object 'Object Repository/Page_Local Moodle Log in to the site/input_Username_username (8)'

2022-01-17 23:30:28 - [MESSAGE][PASSED] - Text 'robertle' is set on object 'Object Repository/Page_Local Moodle Log in to the site/input_Username_username (8)'

2022-01-17 23:30:28 - [TEST_STEP][PASSED] - setEncryptedText(findTestObject("Object Repository/Page_Local Moodle Log in to the site/input_Password_password (8)"), "e0iuw4o+VG38P/PfCbIZUw=="): Text ****** has been set on object 'Object Repository/Page_Local Moodle Log in to the site/input_Password_password (8)'

2022-01-17 23:30:29 - [MESSAGE][PASSED] - Text ****** has been set on object 'Object Repository/Page_Local Moodle Log in to the site/input_Password_password (8)'

2022-01-17 23:30:29 - [TEST_STEP][PASSED] - click(findTestObject("Object Repository/Page_Local Moodle Log in to the site/button_Log in (8)")): Object: 'Object Repository/Page_Local Moodle Log in to the site/button_Log in (8)' is clicked on

2022-01-17 23:30:33 - [MESSAGE][PASSED] - Object: 'Object Repository/Page_Local Moodle Log in to the site/button_Log in (8)' is clicked on

2022-01-17 23:30:33 - [TEST_STEP][PASSED] - click(findTestObject("Page_Nh ca ti/span_Software Engineering")): Object: 'Object Repository/Page_Nh ca ti/span_Software Engineering' is clicked on

2022-01-17 23:30:37 - [MESSAGE][PASSED] - Object: 'Object Repository/Page_Nh ca ti/span_Software Engineering' is clicked on

2022-01-17 23:30:37 - [TEST_STEP][PASSED] - click(findTestObject("Object Repository/Page_Kha Software Engineering/button_Bt ch  chnh sa (7)")): Object: 'Object Repository/Page_Kha Software Engineering/button_Bt ch  chnh sa (7)' is clicked on

2022-01-17 23:30:44 - [MESSAGE][INFO] - Unable to find the element located by 'By.xpath: //button[@id='single_button61dd945f772791']'. Please recheck the objects properties to make sure the desired element is located. 

2022-01-17 23:30:44 - [MESSAGE][WARNING] - [SELF-HEALING] Failed to find element with id 'Object Repository/Page_Kha Software Engineering/button_Bt ch  chnh sa (7)'. Try using Self-healing.

2022-01-17 23:30:44 - [MESSAGE][WARNING] - [SELF-HEALING] The current locator of test object 'Object Repository/Page_Kha Software Engineering/button_Bt ch  chnh sa (7)' was broken. Propose an alternative one: '//header[@id='page-header']/div/div/div/div[2]/div[2]/div/form/button'.

2022-01-17 23:30:46 - [MESSAGE][PASSED] - Object: 'Object Repository/Page_Kha Software Engineering/button_Bt ch  chnh sa (7)' is clicked on

2022-01-17 23:30:46 - [TEST_STEP][PASSED] - click(findTestObject("Object Repository/Page_Kha Software Engineering/span_Thm hot ng hoc ti nguyn (4)")): Object: 'Object Repository/Page_Kha Software Engineering/span_Thm hot ng hoc ti nguyn (4)' is clicked on

2022-01-17 23:30:52 - [MESSAGE][INFO] - Unable to find the element located by 'By.xpath: //span[@id='yui_3_17_2_1_1641911395881_621']'. Please recheck the objects properties to make sure the desired element is located. 

2022-01-17 23:30:52 - [MESSAGE][WARNING] - [SELF-HEALING] Failed to find element with id 'Object Repository/Page_Kha Software Engineering/span_Thm hot ng hoc ti nguyn (4)'. Try using Self-healing.

2022-01-17 23:30:53 - [MESSAGE][WARNING] - [SELF-HEALING] The current locator of test object 'Object Repository/Page_Kha Software Engineering/span_Thm hot ng hoc ti nguyn (4)' was broken. Propose an alternative one: '(.//*[normalize-space(text()) and normalize-space(.)='Thêm tập tin ở đây'])[3]/following::span[1]'.

2022-01-17 23:30:53 - [MESSAGE][PASSED] - Object: 'Object Repository/Page_Kha Software Engineering/span_Thm hot ng hoc ti nguyn (4)' is clicked on

2022-01-17 23:30:53 - [TEST_STEP][PASSED] - click(findTestObject("Object Repository/Page_Kha Software Engineering/a_Bi tp (5)")): Object: 'Object Repository/Page_Kha Software Engineering/a_Bi tp (5)' is clicked on

2022-01-17 23:31:01 - [MESSAGE][PASSED] - Object: 'Object Repository/Page_Kha Software Engineering/a_Bi tp (5)' is clicked on

2022-01-17 23:31:01 - [TEST_STEP][PASSED] - setText(findTestObject("Object Repository/Page_Bin son Bi tp/input_Tn bi tp_name (7)"), "Availability"): Text 'Availability' is set on object 'Object Repository/Page_Bin son Bi tp/input_Tn bi tp_name (7)'

2022-01-17 23:31:03 - [MESSAGE][PASSED] - Text 'Availability' is set on object 'Object Repository/Page_Bin son Bi tp/input_Tn bi tp_name (7)'

2022-01-17 23:31:03 - [TEST_STEP][PASSED] - selectOptionByValue(findTestObject("Object Repository/Page_Bin son Bi tp/select_1        2        3        4        _45ea30"), "12", true): All options with value '12' are selected in object 'Object Repository/Page_Bin son Bi tp/select_1        2        3        4        _45ea30'  using regular expression

2022-01-17 23:31:06 - [MESSAGE][PASSED] - All options with value '12' are selected in object 'Object Repository/Page_Bin son Bi tp/select_1        2        3        4        _45ea30'  using regular expression

2022-01-17 23:31:06 - [TEST_STEP][PASSED] - selectOptionByValue(findTestObject("Object Repository/Page_Bin son Bi tp/select_1        2        3        4        _45ea30_1"), "19", true): All options with value '19' are selected in object 'Object Repository/Page_Bin son Bi tp/select_1        2        3        4        _45ea30_1'  using regular expression

2022-01-17 23:31:08 - [MESSAGE][PASSED] - All options with value '19' are selected in object 'Object Repository/Page_Bin son Bi tp/select_1        2        3        4        _45ea30_1'  using regular expression

2022-01-17 23:31:08 - [TEST_STEP][PASSED] - selectOptionByValue(findTestObject("Object Repository/Page_Bin son Bi tp/select_1        2        3        4        _45ea30_1_2"), "20", true): All options with value '20' are selected in object 'Object Repository/Page_Bin son Bi tp/select_1        2        3        4        _45ea30_1_2'  using regular expression

2022-01-17 23:31:11 - [MESSAGE][PASSED] - All options with value '20' are selected in object 'Object Repository/Page_Bin son Bi tp/select_1        2        3        4        _45ea30_1_2'  using regular expression

2022-01-17 23:31:11 - [TEST_STEP][PASSED] - click(findTestObject("Object Repository/Page_Bin son Bi tp/input_Upon activity completion_submitbutton2 (7)")): Object: 'Object Repository/Page_Bin son Bi tp/input_Upon activity completion_submitbutton2 (7)' is clicked on

2022-01-17 23:31:14 - [MESSAGE][PASSED] - Object: 'Object Repository/Page_Bin son Bi tp/input_Upon activity completion_submitbutton2 (7)' is clicked on

2022-01-17 23:31:14 - [TEST_STEP][PASSED] - click(findTestObject("Object Repository/Page_Kha Software Engineering/a_Robert Le (7)")): Object: 'Object Repository/Page_Kha Software Engineering/a_Robert Le (7)' is clicked on

2022-01-17 23:31:16 - [MESSAGE][PASSED] - Object: 'Object Repository/Page_Kha Software Engineering/a_Robert Le (7)' is clicked on

2022-01-17 23:31:16 - [TEST_STEP][PASSED] - click(findTestObject("Object Repository/Page_Kha Software Engineering/a_Thot (6)")): Object: 'Object Repository/Page_Kha Software Engineering/a_Thot (6)' is clicked on

2022-01-17 23:31:18 - [MESSAGE][PASSED] - Object: 'Object Repository/Page_Kha Software Engineering/a_Thot (6)' is clicked on

2022-01-17 23:31:18 - [TEST_STEP][PASSED] - click(findTestObject("Object Repository/Page_Local Moodle/a_Log in (8)")): Object: 'Object Repository/Page_Local Moodle/a_Log in (8)' is clicked on

2022-01-17 23:31:19 - [MESSAGE][PASSED] - Object: 'Object Repository/Page_Local Moodle/a_Log in (8)' is clicked on

2022-01-17 23:31:19 - [TEST_STEP][PASSED] - setText(findTestObject("Object Repository/Page_Local Moodle Log in to the site/input_Username_username (8)"), "hocvien"): Text 'hocvien' is set on object 'Object Repository/Page_Local Moodle Log in to the site/input_Username_username (8)'

2022-01-17 23:31:20 - [MESSAGE][PASSED] - Text 'hocvien' is set on object 'Object Repository/Page_Local Moodle Log in to the site/input_Username_username (8)'

2022-01-17 23:31:20 - [TEST_STEP][PASSED] - setEncryptedText(findTestObject("Object Repository/Page_Local Moodle Log in to the site/input_Password_password (8)"), "e0iuw4o+VG38P/PfCbIZUw=="): Text ****** has been set on object 'Object Repository/Page_Local Moodle Log in to the site/input_Password_password (8)'

2022-01-17 23:31:21 - [MESSAGE][PASSED] - Text ****** has been set on object 'Object Repository/Page_Local Moodle Log in to the site/input_Password_password (8)'

2022-01-17 23:31:21 - [TEST_STEP][PASSED] - click(findTestObject("Object Repository/Page_Local Moodle Log in to the site/button_Log in (8)")): Object: 'Object Repository/Page_Local Moodle Log in to the site/button_Log in (8)' is clicked on

2022-01-17 23:31:25 - [MESSAGE][PASSED] - Object: 'Object Repository/Page_Local Moodle Log in to the site/button_Log in (8)' is clicked on

2022-01-17 23:31:25 - [TEST_STEP][PASSED] - click(findTestObject("Page_Nh ca ti/span_Software Engineering")): Object: 'Object Repository/Page_Nh ca ti/span_Software Engineering' is clicked on

2022-01-17 23:31:29 - [MESSAGE][PASSED] - Object: 'Object Repository/Page_Nh ca ti/span_Software Engineering' is clicked on

2022-01-17 23:31:29 - [TEST_STEP][PASSED] - closeBrowser(): Browser is closed

2022-01-17 23:31:31 - [MESSAGE][PASSED] - Browser is closed]]></system-out>
         <system-err><![CDATA[]]></system-err>
      </testcase>
      <testcase name="Test Cases/Create assignment/Create Assignment Set Full" time="101.173" classname="Test Cases/Create assignment/Create Assignment Set Full" status="PASSED">
         <system-out><![CDATA[2022-01-17 23:31:31 - [TEST_CASE][PASSED] - Test Cases/Create assignment/Create Assignment Set Full: Test Cases/Create assignment/Create Assignment Set Full

2022-01-17 23:31:32 - [TEST_STEP][PASSED] - openBrowser(""): Browser is opened with url: ''

2022-01-17 23:31:32 - [MESSAGE][INFO] - Starting 'Edge Chromium' driver

2022-01-17 23:31:34 - [MESSAGE][INFO] - Action delay is set to 0 milliseconds

2022-01-17 23:31:37 - [MESSAGE][PASSED] - Browser is opened with url: ''

2022-01-17 23:31:37 - [TEST_STEP][PASSED] - navigateToUrl("http://localhost/"): Navigate to 'http://localhost/' successfully

2022-01-17 23:31:39 - [MESSAGE][PASSED] - Navigate to 'http://localhost/' successfully

2022-01-17 23:31:39 - [TEST_STEP][PASSED] - click(findTestObject("Object Repository/Page_Local Moodle/a_Log in (13)")): Object: 'Object Repository/Page_Local Moodle/a_Log in (13)' is clicked on

2022-01-17 23:31:41 - [MESSAGE][PASSED] - Object: 'Object Repository/Page_Local Moodle/a_Log in (13)' is clicked on

2022-01-17 23:31:41 - [TEST_STEP][PASSED] - setText(findTestObject("Object Repository/Page_Local Moodle Log in to the site/input_Username_username (13)"), "robertle"): Text 'robertle' is set on object 'Object Repository/Page_Local Moodle Log in to the site/input_Username_username (13)'

2022-01-17 23:31:42 - [MESSAGE][PASSED] - Text 'robertle' is set on object 'Object Repository/Page_Local Moodle Log in to the site/input_Username_username (13)'

2022-01-17 23:31:42 - [TEST_STEP][PASSED] - setEncryptedText(findTestObject("Object Repository/Page_Local Moodle Log in to the site/input_Password_password (13)"), "e0iuw4o+VG38P/PfCbIZUw=="): Text ****** has been set on object 'Object Repository/Page_Local Moodle Log in to the site/input_Password_password (13)'

2022-01-17 23:31:43 - [MESSAGE][PASSED] - Text ****** has been set on object 'Object Repository/Page_Local Moodle Log in to the site/input_Password_password (13)'

2022-01-17 23:31:43 - [TEST_STEP][PASSED] - click(findTestObject("Object Repository/Page_Local Moodle Log in to the site/button_Log in (13)")): Object: 'Object Repository/Page_Local Moodle Log in to the site/button_Log in (13)' is clicked on

2022-01-17 23:31:46 - [MESSAGE][PASSED] - Object: 'Object Repository/Page_Local Moodle Log in to the site/button_Log in (13)' is clicked on

2022-01-17 23:31:46 - [TEST_STEP][PASSED] - click(findTestObject("Page_Nh ca ti/span_Software Engineering")): Object: 'Object Repository/Page_Nh ca ti/span_Software Engineering' is clicked on

2022-01-17 23:31:50 - [MESSAGE][PASSED] - Object: 'Object Repository/Page_Nh ca ti/span_Software Engineering' is clicked on

2022-01-17 23:31:50 - [TEST_STEP][PASSED] - click(findTestObject("Object Repository/Page_Kha Software Engineering/button_Bt ch  chnh sa (12)")): Object: 'Object Repository/Page_Kha Software Engineering/button_Bt ch  chnh sa (12)' is clicked on

2022-01-17 23:31:56 - [MESSAGE][INFO] - Unable to find the element located by 'By.xpath: //button[@id='single_button61dda179335d11']'. Please recheck the objects properties to make sure the desired element is located. 

2022-01-17 23:31:56 - [MESSAGE][WARNING] - [SELF-HEALING] Failed to find element with id 'Object Repository/Page_Kha Software Engineering/button_Bt ch  chnh sa (12)'. Try using Self-healing.

2022-01-17 23:31:56 - [MESSAGE][WARNING] - [SELF-HEALING] The current locator of test object 'Object Repository/Page_Kha Software Engineering/button_Bt ch  chnh sa (12)' was broken. Propose an alternative one: '//header[@id='page-header']/div/div/div/div[2]/div[2]/div/form/button'.

2022-01-17 23:31:58 - [MESSAGE][PASSED] - Object: 'Object Repository/Page_Kha Software Engineering/button_Bt ch  chnh sa (12)' is clicked on

2022-01-17 23:31:58 - [TEST_STEP][PASSED] - click(findTestObject("Object Repository/Page_Kha Software Engineering/span_Thm hot ng hoc ti nguyn (6)")): Object: 'Object Repository/Page_Kha Software Engineering/span_Thm hot ng hoc ti nguyn (6)' is clicked on

2022-01-17 23:32:04 - [MESSAGE][INFO] - Unable to find the element located by 'By.xpath: //span[@id='yui_3_17_2_1_1641914748145_619']'. Please recheck the objects properties to make sure the desired element is located. 

2022-01-17 23:32:04 - [MESSAGE][WARNING] - [SELF-HEALING] Failed to find element with id 'Object Repository/Page_Kha Software Engineering/span_Thm hot ng hoc ti nguyn (6)'. Try using Self-healing.

2022-01-17 23:32:04 - [MESSAGE][WARNING] - [SELF-HEALING] The current locator of test object 'Object Repository/Page_Kha Software Engineering/span_Thm hot ng hoc ti nguyn (6)' was broken. Propose an alternative one: '(.//*[normalize-space(text()) and normalize-space(.)='Thêm tập tin ở đây'])[3]/following::span[1]'.

2022-01-17 23:32:05 - [MESSAGE][PASSED] - Object: 'Object Repository/Page_Kha Software Engineering/span_Thm hot ng hoc ti nguyn (6)' is clicked on

2022-01-17 23:32:05 - [TEST_STEP][PASSED] - click(findTestObject("Object Repository/Page_Kha Software Engineering/div_Thng tin v  Bi hc hot ng_optionicon mt-_6d37dc (3)")): Object: 'Object Repository/Page_Kha Software Engineering/div_Thng tin v  Bi hc hot ng_optionicon mt-_6d37dc (3)' is clicked on

2022-01-17 23:32:09 - [MESSAGE][PASSED] - Object: 'Object Repository/Page_Kha Software Engineering/div_Thng tin v  Bi hc hot ng_optionicon mt-_6d37dc (3)' is clicked on

2022-01-17 23:32:09 - [TEST_STEP][PASSED] - setText(findTestObject("Object Repository/Page_Bin son Bi tp/input_Tn bi tp_name (12)"), "Assignment Full"): Text 'Assignment Full' is set on object 'Object Repository/Page_Bin son Bi tp/input_Tn bi tp_name (12)'

2022-01-17 23:32:11 - [MESSAGE][PASSED] - Text 'Assignment Full' is set on object 'Object Repository/Page_Bin son Bi tp/input_Tn bi tp_name (12)'

2022-01-17 23:32:11 - [TEST_STEP][PASSED] - setText(findTestObject("Object Repository/Page_Bin son Bi tp/div_To assignment y"), "<p dir="ltr" style="text-align: left;">Tạo assignment đầy đủ.</p>"): Text '<p dir="ltr" style="text-align: left;">Tạo assignment đầy đủ.</p>' is set on object 'Object Repository/Page_Bin son Bi tp/div_To assignment y'

2022-01-17 23:32:13 - [MESSAGE][PASSED] - Text '<p dir="ltr" style="text-align: left;">Tạo assignment đầy đủ.</p>' is set on object 'Object Repository/Page_Bin son Bi tp/div_To assignment y'

2022-01-17 23:32:13 - [TEST_STEP][PASSED] - selectOptionByValue(findTestObject("Object Repository/Page_Bin son Bi tp/select_1        2        3        4        _45ea30 (1)"), "12", true): All options with value '12' are selected in object 'Object Repository/Page_Bin son Bi tp/select_1        2        3        4        _45ea30 (1)'  using regular expression

2022-01-17 23:32:15 - [MESSAGE][PASSED] - All options with value '12' are selected in object 'Object Repository/Page_Bin son Bi tp/select_1        2        3        4        _45ea30 (1)'  using regular expression

2022-01-17 23:32:15 - [TEST_STEP][PASSED] - selectOptionByValue(findTestObject("Object Repository/Page_Bin son Bi tp/select_1        2        3        4        _45ea30_1 (1)"), "20", true): All options with value '20' are selected in object 'Object Repository/Page_Bin son Bi tp/select_1        2        3        4        _45ea30_1 (1)'  using regular expression

2022-01-17 23:32:17 - [MESSAGE][PASSED] - All options with value '20' are selected in object 'Object Repository/Page_Bin son Bi tp/select_1        2        3        4        _45ea30_1 (1)'  using regular expression

2022-01-17 23:32:17 - [TEST_STEP][PASSED] - selectOptionByValue(findTestObject("Object Repository/Page_Bin son Bi tp/select_1        2        3        4        _45ea30_1_2 (1)"), "21", true): All options with value '21' are selected in object 'Object Repository/Page_Bin son Bi tp/select_1        2        3        4        _45ea30_1_2 (1)'  using regular expression

2022-01-17 23:32:19 - [MESSAGE][PASSED] - All options with value '21' are selected in object 'Object Repository/Page_Bin son Bi tp/select_1        2        3        4        _45ea30_1_2 (1)'  using regular expression

2022-01-17 23:32:19 - [TEST_STEP][PASSED] - selectOptionByValue(findTestObject("Object Repository/Page_Bin son Bi tp/select_1            2            3         _f84cd8 (1)"), "15", true): All options with value '15' are selected in object 'Object Repository/Page_Bin son Bi tp/select_1            2            3         _f84cd8 (1)'  using regular expression

2022-01-17 23:32:21 - [MESSAGE][PASSED] - All options with value '15' are selected in object 'Object Repository/Page_Bin son Bi tp/select_1            2            3         _f84cd8 (1)'  using regular expression

2022-01-17 23:32:21 - [TEST_STEP][PASSED] - click(findTestObject("Object Repository/Page_Bin son Bi tp/input_Cc loi tp tin c chp nhn_yui_3_17_2_1__c57195")): Object: 'Object Repository/Page_Bin son Bi tp/input_Cc loi tp tin c chp nhn_yui_3_17_2_1__c57195' is clicked on

2022-01-17 23:32:27 - [MESSAGE][INFO] - Unable to find the element located by 'By.xpath: //input[@id='yui_3_17_2_1_1641914753929_1712']'. Please recheck the objects properties to make sure the desired element is located. 

2022-01-17 23:32:27 - [MESSAGE][WARNING] - [SELF-HEALING] Failed to find element with id 'Object Repository/Page_Bin son Bi tp/input_Cc loi tp tin c chp nhn_yui_3_17_2_1__c57195'. Try using Self-healing.

2022-01-17 23:32:27 - [MESSAGE][WARNING] - [SELF-HEALING] The current locator of test object 'Object Repository/Page_Bin son Bi tp/input_Cc loi tp tin c chp nhn_yui_3_17_2_1__c57195' was broken. Propose an alternative one: '//fieldset/div/span/input'.

2022-01-17 23:32:28 - [MESSAGE][PASSED] - Object: 'Object Repository/Page_Bin son Bi tp/input_Cc loi tp tin c chp nhn_yui_3_17_2_1__c57195' is clicked on

2022-01-17 23:32:28 - [TEST_STEP][PASSED] - click(findTestObject("Object Repository/Page_Bin son Bi tp/input_All file types_yui_3_17_2_1_164191475_b6e702")): Object: 'Object Repository/Page_Bin son Bi tp/input_All file types_yui_3_17_2_1_164191475_b6e702' is clicked on

2022-01-17 23:32:34 - [MESSAGE][INFO] - Unable to find the element located by 'By.xpath: //input[@id='yui_3_17_2_1_1641914753929_1743']'. Please recheck the objects properties to make sure the desired element is located. 

2022-01-17 23:32:34 - [MESSAGE][WARNING] - [SELF-HEALING] Failed to find element with id 'Object Repository/Page_Bin son Bi tp/input_All file types_yui_3_17_2_1_164191475_b6e702'. Try using Self-healing.

2022-01-17 23:32:34 - [MESSAGE][WARNING] - [SELF-HEALING] The current locator of test object 'Object Repository/Page_Bin son Bi tp/input_All file types_yui_3_17_2_1_164191475_b6e702' was broken. Propose an alternative one: '//div[2]/label/input'.

2022-01-17 23:32:35 - [MESSAGE][PASSED] - Object: 'Object Repository/Page_Bin son Bi tp/input_All file types_yui_3_17_2_1_164191475_b6e702' is clicked on

2022-01-17 23:32:35 - [TEST_STEP][PASSED] - click(findTestObject("Object Repository/Page_Bin son Bi tp/input_tgz_yui_3_17_2_1_1641914753929_1776")): Object: 'Object Repository/Page_Bin son Bi tp/input_tgz_yui_3_17_2_1_1641914753929_1776' is clicked on

2022-01-17 23:32:41 - [MESSAGE][INFO] - Unable to find the element located by 'By.xpath: //input[@id='yui_3_17_2_1_1641914753929_1776']'. Please recheck the objects properties to make sure the desired element is located. 

2022-01-17 23:32:41 - [MESSAGE][WARNING] - [SELF-HEALING] Failed to find element with id 'Object Repository/Page_Bin son Bi tp/input_tgz_yui_3_17_2_1_1641914753929_1776'. Try using Self-healing.

2022-01-17 23:32:41 - [MESSAGE][WARNING] - [SELF-HEALING] The current locator of test object 'Object Repository/Page_Bin son Bi tp/input_tgz_yui_3_17_2_1_1641914753929_1776' was broken. Propose an alternative one: '//li[13]/label/input'.

2022-01-17 23:32:41 - [MESSAGE][PASSED] - Object: 'Object Repository/Page_Bin son Bi tp/input_tgz_yui_3_17_2_1_1641914753929_1776' is clicked on

2022-01-17 23:32:41 - [TEST_STEP][PASSED] - click(findTestObject("Object Repository/Page_Bin son Bi tp/button_Lu nhng thay i (3)")): Object: 'Object Repository/Page_Bin son Bi tp/button_Lu nhng thay i (3)' is clicked on

2022-01-17 23:32:48 - [MESSAGE][INFO] - Unable to find the element located by 'By.xpath: //button[@id='yui_3_17_2_1_1641914753929_1784']'. Please recheck the objects properties to make sure the desired element is located. 

2022-01-17 23:32:48 - [MESSAGE][WARNING] - [SELF-HEALING] Failed to find element with id 'Object Repository/Page_Bin son Bi tp/button_Lu nhng thay i (3)'. Try using Self-healing.

2022-01-17 23:32:48 - [MESSAGE][WARNING] - [SELF-HEALING] The current locator of test object 'Object Repository/Page_Bin son Bi tp/button_Lu nhng thay i (3)' was broken. Propose an alternative one: '(.//*[normalize-space(text()) and normalize-space(.)='.cpp'])[1]/following::button[1]'.

2022-01-17 23:32:48 - [MESSAGE][PASSED] - Object: 'Object Repository/Page_Bin son Bi tp/button_Lu nhng thay i (3)' is clicked on

2022-01-17 23:32:48 - [TEST_STEP][PASSED] - click(findTestObject("Object Repository/Page_Bin son Bi tp/input_Upon activity completion_submitbutton2 (12)")): Object: 'Object Repository/Page_Bin son Bi tp/input_Upon activity completion_submitbutton2 (12)' is clicked on

2022-01-17 23:32:51 - [MESSAGE][PASSED] - Object: 'Object Repository/Page_Bin son Bi tp/input_Upon activity completion_submitbutton2 (12)' is clicked on

2022-01-17 23:32:51 - [TEST_STEP][PASSED] - click(findTestObject("Object Repository/Page_Kha Software Engineering/a_Robert Le (12)")): Object: 'Object Repository/Page_Kha Software Engineering/a_Robert Le (12)' is clicked on

2022-01-17 23:32:52 - [MESSAGE][PASSED] - Object: 'Object Repository/Page_Kha Software Engineering/a_Robert Le (12)' is clicked on

2022-01-17 23:32:52 - [TEST_STEP][PASSED] - click(findTestObject("Object Repository/Page_Kha Software Engineering/a_Thot (11)")): Object: 'Object Repository/Page_Kha Software Engineering/a_Thot (11)' is clicked on

2022-01-17 23:32:54 - [MESSAGE][PASSED] - Object: 'Object Repository/Page_Kha Software Engineering/a_Thot (11)' is clicked on

2022-01-17 23:32:54 - [TEST_STEP][PASSED] - click(findTestObject("Object Repository/Page_Local Moodle/a_Log in (13)")): Object: 'Object Repository/Page_Local Moodle/a_Log in (13)' is clicked on

2022-01-17 23:32:55 - [MESSAGE][PASSED] - Object: 'Object Repository/Page_Local Moodle/a_Log in (13)' is clicked on

2022-01-17 23:32:55 - [TEST_STEP][PASSED] - setText(findTestObject("Object Repository/Page_Local Moodle Log in to the site/input_Username_username (13)"), "hocvien"): Text 'hocvien' is set on object 'Object Repository/Page_Local Moodle Log in to the site/input_Username_username (13)'

2022-01-17 23:32:56 - [MESSAGE][PASSED] - Text 'hocvien' is set on object 'Object Repository/Page_Local Moodle Log in to the site/input_Username_username (13)'

2022-01-17 23:32:56 - [TEST_STEP][PASSED] - setEncryptedText(findTestObject("Object Repository/Page_Local Moodle Log in to the site/input_Password_password (13)"), "e0iuw4o+VG38P/PfCbIZUw=="): Text ****** has been set on object 'Object Repository/Page_Local Moodle Log in to the site/input_Password_password (13)'

2022-01-17 23:32:56 - [MESSAGE][PASSED] - Text ****** has been set on object 'Object Repository/Page_Local Moodle Log in to the site/input_Password_password (13)'

2022-01-17 23:32:56 - [TEST_STEP][PASSED] - click(findTestObject("Object Repository/Page_Local Moodle Log in to the site/button_Log in (13)")): Object: 'Object Repository/Page_Local Moodle Log in to the site/button_Log in (13)' is clicked on

2022-01-17 23:32:59 - [MESSAGE][PASSED] - Object: 'Object Repository/Page_Local Moodle Log in to the site/button_Log in (13)' is clicked on

2022-01-17 23:32:59 - [TEST_STEP][PASSED] - click(findTestObject("Page_Nh ca ti/span_Software Engineering")): Object: 'Object Repository/Page_Nh ca ti/span_Software Engineering' is clicked on

2022-01-17 23:33:03 - [MESSAGE][PASSED] - Object: 'Object Repository/Page_Nh ca ti/span_Software Engineering' is clicked on

2022-01-17 23:33:03 - [TEST_STEP][PASSED] - click(findTestObject("Object Repository/Page_Kha Software Engineering/span_Assignment Full Bi tp")): Object: 'Object Repository/Page_Kha Software Engineering/span_Assignment Full Bi tp' is clicked on

2022-01-17 23:33:09 - [MESSAGE][INFO] - Unable to find the element located by 'By.xpath: //li[@id='module-26']/div/div/div[2]/div/a/span'. Please recheck the objects properties to make sure the desired element is located. 

2022-01-17 23:33:09 - [MESSAGE][WARNING] - [SELF-HEALING] Failed to find element with id 'Object Repository/Page_Kha Software Engineering/span_Assignment Full Bi tp'. Try using Self-healing.

2022-01-17 23:33:10 - [MESSAGE][WARNING] - [SELF-HEALING] The current locator of test object 'Object Repository/Page_Kha Software Engineering/span_Assignment Full Bi tp' was broken. Propose an alternative one: '//*/text()[normalize-space(.)='Assignment Full']/parent::*'.

2022-01-17 23:33:11 - [MESSAGE][PASSED] - Object: 'Object Repository/Page_Kha Software Engineering/span_Assignment Full Bi tp' is clicked on

2022-01-17 23:33:11 - [TEST_STEP][PASSED] - closeBrowser(): Browser is closed

2022-01-17 23:33:12 - [MESSAGE][PASSED] - Browser is closed]]></system-out>
         <system-err><![CDATA[]]></system-err>
      </testcase>
      <testcase name="Test Cases/Create assignment/Create Assignment Set Online Text" time="64.892" classname="Test Cases/Create assignment/Create Assignment Set Online Text" status="PASSED">
         <system-out><![CDATA[2022-01-17 23:33:12 - [TEST_CASE][PASSED] - Test Cases/Create assignment/Create Assignment Set Online Text: Test Cases/Create assignment/Create Assignment Set Online Text

2022-01-17 23:33:13 - [TEST_STEP][PASSED] - openBrowser(""): Browser is opened with url: ''

2022-01-17 23:33:13 - [MESSAGE][INFO] - Starting 'Edge Chromium' driver

2022-01-17 23:33:15 - [MESSAGE][INFO] - Action delay is set to 0 milliseconds

2022-01-17 23:33:17 - [MESSAGE][PASSED] - Browser is opened with url: ''

2022-01-17 23:33:17 - [TEST_STEP][PASSED] - navigateToUrl("http://localhost/"): Navigate to 'http://localhost/' successfully

2022-01-17 23:33:18 - [MESSAGE][PASSED] - Navigate to 'http://localhost/' successfully

2022-01-17 23:33:18 - [TEST_STEP][PASSED] - click(findTestObject("Object Repository/Page_Local Moodle/a_Log in (11)")): Object: 'Object Repository/Page_Local Moodle/a_Log in (11)' is clicked on

2022-01-17 23:33:20 - [MESSAGE][PASSED] - Object: 'Object Repository/Page_Local Moodle/a_Log in (11)' is clicked on

2022-01-17 23:33:20 - [TEST_STEP][PASSED] - setText(findTestObject("Object Repository/Page_Local Moodle Log in to the site/input_Username_username (11)"), "robertle"): Text 'robertle' is set on object 'Object Repository/Page_Local Moodle Log in to the site/input_Username_username (11)'

2022-01-17 23:33:21 - [MESSAGE][PASSED] - Text 'robertle' is set on object 'Object Repository/Page_Local Moodle Log in to the site/input_Username_username (11)'

2022-01-17 23:33:21 - [TEST_STEP][PASSED] - setEncryptedText(findTestObject("Object Repository/Page_Local Moodle Log in to the site/input_Password_password (11)"), "e0iuw4o+VG38P/PfCbIZUw=="): Text ****** has been set on object 'Object Repository/Page_Local Moodle Log in to the site/input_Password_password (11)'

2022-01-17 23:33:21 - [MESSAGE][PASSED] - Text ****** has been set on object 'Object Repository/Page_Local Moodle Log in to the site/input_Password_password (11)'

2022-01-17 23:33:21 - [TEST_STEP][PASSED] - click(findTestObject("Object Repository/Page_Local Moodle Log in to the site/button_Log in (11)")): Object: 'Object Repository/Page_Local Moodle Log in to the site/button_Log in (11)' is clicked on

2022-01-17 23:33:24 - [MESSAGE][PASSED] - Object: 'Object Repository/Page_Local Moodle Log in to the site/button_Log in (11)' is clicked on

2022-01-17 23:33:24 - [TEST_STEP][PASSED] - click(findTestObject("Page_Nh ca ti/span_Software Engineering")): Object: 'Object Repository/Page_Nh ca ti/span_Software Engineering' is clicked on

2022-01-17 23:33:27 - [MESSAGE][PASSED] - Object: 'Object Repository/Page_Nh ca ti/span_Software Engineering' is clicked on

2022-01-17 23:33:27 - [TEST_STEP][PASSED] - click(findTestObject("Object Repository/Page_Kha Software Engineering/button_Bt ch  chnh sa (10)")): Object: 'Object Repository/Page_Kha Software Engineering/button_Bt ch  chnh sa (10)' is clicked on

2022-01-17 23:33:34 - [MESSAGE][INFO] - Unable to find the element located by 'By.xpath: //button[@id='single_button61dd9879112831']'. Please recheck the objects properties to make sure the desired element is located. 

2022-01-17 23:33:34 - [MESSAGE][WARNING] - [SELF-HEALING] Failed to find element with id 'Object Repository/Page_Kha Software Engineering/button_Bt ch  chnh sa (10)'. Try using Self-healing.

2022-01-17 23:33:34 - [MESSAGE][WARNING] - [SELF-HEALING] The current locator of test object 'Object Repository/Page_Kha Software Engineering/button_Bt ch  chnh sa (10)' was broken. Propose an alternative one: '//header[@id='page-header']/div/div/div/div[2]/div[2]/div/form/button'.

2022-01-17 23:33:35 - [MESSAGE][PASSED] - Object: 'Object Repository/Page_Kha Software Engineering/button_Bt ch  chnh sa (10)' is clicked on

2022-01-17 23:33:35 - [TEST_STEP][PASSED] - click(findTestObject("Object Repository/Page_Kha Software Engineering/button_Thm hot ng hoc ti nguyn (4)")): Object: 'Object Repository/Page_Kha Software Engineering/button_Thm hot ng hoc ti nguyn (4)' is clicked on

2022-01-17 23:33:42 - [MESSAGE][INFO] - Unable to find the element located by 'By.xpath: //button[@id='yui_3_17_2_1_1641912444286_622']'. Please recheck the objects properties to make sure the desired element is located. 

2022-01-17 23:33:42 - [MESSAGE][WARNING] - [SELF-HEALING] Failed to find element with id 'Object Repository/Page_Kha Software Engineering/button_Thm hot ng hoc ti nguyn (4)'. Try using Self-healing.

2022-01-17 23:33:42 - [MESSAGE][WARNING] - [SELF-HEALING] The current locator of test object 'Object Repository/Page_Kha Software Engineering/button_Thm hot ng hoc ti nguyn (4)' was broken. Propose an alternative one: '(.//*[normalize-space(text()) and normalize-space(.)='Thêm tập tin ở đây'])[3]/following::button[1]'.

2022-01-17 23:33:42 - [MESSAGE][PASSED] - Object: 'Object Repository/Page_Kha Software Engineering/button_Thm hot ng hoc ti nguyn (4)' is clicked on

2022-01-17 23:33:42 - [TEST_STEP][PASSED] - click(findTestObject("Object Repository/Page_Kha Software Engineering/div_Thng tin v  Bi hc hot ng_optionicon mt-_6d37dc (1)")): Object: 'Object Repository/Page_Kha Software Engineering/div_Thng tin v  Bi hc hot ng_optionicon mt-_6d37dc (1)' is clicked on

2022-01-17 23:33:47 - [MESSAGE][PASSED] - Object: 'Object Repository/Page_Kha Software Engineering/div_Thng tin v  Bi hc hot ng_optionicon mt-_6d37dc (1)' is clicked on

2022-01-17 23:33:47 - [TEST_STEP][PASSED] - setText(findTestObject("Object Repository/Page_Bin son Bi tp/input_Tn bi tp_name (10)"), "Bài tập văn bản"): Text 'Bài tập văn bản' is set on object 'Object Repository/Page_Bin son Bi tp/input_Tn bi tp_name (10)'

2022-01-17 23:33:49 - [MESSAGE][PASSED] - Text 'Bài tập văn bản' is set on object 'Object Repository/Page_Bin son Bi tp/input_Tn bi tp_name (10)'

2022-01-17 23:33:49 - [TEST_STEP][PASSED] - click(findTestObject("Object Repository/Page_Bin son Bi tp/input_Vn bn trc tuyn_assignsubmission_onlin_3ee3b4 (1)")): Object: 'Object Repository/Page_Bin son Bi tp/input_Vn bn trc tuyn_assignsubmission_onlin_3ee3b4 (1)' is clicked on

2022-01-17 23:33:50 - [MESSAGE][PASSED] - Object: 'Object Repository/Page_Bin son Bi tp/input_Vn bn trc tuyn_assignsubmission_onlin_3ee3b4 (1)' is clicked on

2022-01-17 23:33:50 - [TEST_STEP][PASSED] - click(findTestObject("Object Repository/Page_Bin son Bi tp/input_Np tp tin_assignsubmission_file_enabled (1)")): Object: 'Object Repository/Page_Bin son Bi tp/input_Np tp tin_assignsubmission_file_enabled (1)' is clicked on

2022-01-17 23:33:50 - [MESSAGE][PASSED] - Object: 'Object Repository/Page_Bin son Bi tp/input_Np tp tin_assignsubmission_file_enabled (1)' is clicked on

2022-01-17 23:33:50 - [TEST_STEP][PASSED] - click(findTestObject("Object Repository/Page_Bin son Bi tp/input_M_assignsubmission_onlinetext_wordlim_e70110 (1)")): Object: 'Object Repository/Page_Bin son Bi tp/input_M_assignsubmission_onlinetext_wordlim_e70110 (1)' is clicked on

2022-01-17 23:33:51 - [MESSAGE][PASSED] - Object: 'Object Repository/Page_Bin son Bi tp/input_M_assignsubmission_onlinetext_wordlim_e70110 (1)' is clicked on

2022-01-17 23:33:51 - [TEST_STEP][PASSED] - setText(findTestObject("Object Repository/Page_Bin son Bi tp/input_Gii hn t_assignsubmission_onlinetext__581726 (1)"), "300"): Text '300' is set on object 'Object Repository/Page_Bin son Bi tp/input_Gii hn t_assignsubmission_onlinetext__581726 (1)'

2022-01-17 23:33:52 - [MESSAGE][PASSED] - Text '300' is set on object 'Object Repository/Page_Bin son Bi tp/input_Gii hn t_assignsubmission_onlinetext__581726 (1)'

2022-01-17 23:33:52 - [TEST_STEP][PASSED] - click(findTestObject("Object Repository/Page_Bin son Bi tp/input_Upon activity completion_submitbutton2 (10)")): Object: 'Object Repository/Page_Bin son Bi tp/input_Upon activity completion_submitbutton2 (10)' is clicked on

2022-01-17 23:33:54 - [MESSAGE][PASSED] - Object: 'Object Repository/Page_Bin son Bi tp/input_Upon activity completion_submitbutton2 (10)' is clicked on

2022-01-17 23:33:54 - [TEST_STEP][PASSED] - click(findTestObject("Object Repository/Page_Kha Software Engineering/a_Robert Le (10)")): Object: 'Object Repository/Page_Kha Software Engineering/a_Robert Le (10)' is clicked on

2022-01-17 23:33:56 - [MESSAGE][PASSED] - Object: 'Object Repository/Page_Kha Software Engineering/a_Robert Le (10)' is clicked on

2022-01-17 23:33:56 - [TEST_STEP][PASSED] - click(findTestObject("Object Repository/Page_Kha Software Engineering/a_Thot (9)")): Object: 'Object Repository/Page_Kha Software Engineering/a_Thot (9)' is clicked on

2022-01-17 23:33:57 - [MESSAGE][PASSED] - Object: 'Object Repository/Page_Kha Software Engineering/a_Thot (9)' is clicked on

2022-01-17 23:33:57 - [TEST_STEP][PASSED] - click(findTestObject("Object Repository/Page_Local Moodle/a_Log in (11)")): Object: 'Object Repository/Page_Local Moodle/a_Log in (11)' is clicked on

2022-01-17 23:33:58 - [MESSAGE][PASSED] - Object: 'Object Repository/Page_Local Moodle/a_Log in (11)' is clicked on

2022-01-17 23:33:58 - [TEST_STEP][PASSED] - setText(findTestObject("Object Repository/Page_Local Moodle Log in to the site/input_Username_username (11)"), "hocvien"): Text 'hocvien' is set on object 'Object Repository/Page_Local Moodle Log in to the site/input_Username_username (11)'

2022-01-17 23:33:59 - [MESSAGE][PASSED] - Text 'hocvien' is set on object 'Object Repository/Page_Local Moodle Log in to the site/input_Username_username (11)'

2022-01-17 23:33:59 - [TEST_STEP][PASSED] - setEncryptedText(findTestObject("Object Repository/Page_Local Moodle Log in to the site/input_Password_password (11)"), "e0iuw4o+VG38P/PfCbIZUw=="): Text ****** has been set on object 'Object Repository/Page_Local Moodle Log in to the site/input_Password_password (11)'

2022-01-17 23:33:59 - [MESSAGE][PASSED] - Text ****** has been set on object 'Object Repository/Page_Local Moodle Log in to the site/input_Password_password (11)'

2022-01-17 23:33:59 - [TEST_STEP][PASSED] - click(findTestObject("Object Repository/Page_Local Moodle Log in to the site/button_Log in (11)")): Object: 'Object Repository/Page_Local Moodle Log in to the site/button_Log in (11)' is clicked on

2022-01-17 23:34:02 - [MESSAGE][PASSED] - Object: 'Object Repository/Page_Local Moodle Log in to the site/button_Log in (11)' is clicked on

2022-01-17 23:34:02 - [TEST_STEP][PASSED] - click(findTestObject("Page_Nh ca ti/span_Software Engineering")): Object: 'Object Repository/Page_Nh ca ti/span_Software Engineering' is clicked on

2022-01-17 23:34:06 - [MESSAGE][PASSED] - Object: 'Object Repository/Page_Nh ca ti/span_Software Engineering' is clicked on

2022-01-17 23:34:06 - [TEST_STEP][PASSED] - click(findTestObject("Object Repository/Page_Kha Software Engineering/span_Bi tp vn bn")): Object: 'Object Repository/Page_Kha Software Engineering/span_Bi tp vn bn' is clicked on

2022-01-17 23:34:07 - [MESSAGE][PASSED] - Object: 'Object Repository/Page_Kha Software Engineering/span_Bi tp vn bn' is clicked on

2022-01-17 23:34:07 - [TEST_STEP][PASSED] - click(findTestObject("Object Repository/Page_SE Bi tp vn bn/button_Thm bi np")): Object: 'Object Repository/Page_SE Bi tp vn bn/button_Thm bi np' is clicked on

2022-01-17 23:34:14 - [MESSAGE][INFO] - Unable to find the element located by 'By.xpath: //button[@id='single_button61dd98c7396f020']'. Please recheck the objects properties to make sure the desired element is located. 

2022-01-17 23:34:14 - [MESSAGE][WARNING] - [SELF-HEALING] Failed to find element with id 'Object Repository/Page_SE Bi tp vn bn/button_Thm bi np'. Try using Self-healing.

2022-01-17 23:34:14 - [MESSAGE][WARNING] - [SELF-HEALING] The current locator of test object 'Object Repository/Page_SE Bi tp vn bn/button_Thm bi np' was broken. Propose an alternative one: '//section[@id='region-main']/div/div[3]/div[2]/div/form/button'.

2022-01-17 23:34:16 - [MESSAGE][PASSED] - Object: 'Object Repository/Page_SE Bi tp vn bn/button_Thm bi np' is clicked on

2022-01-17 23:34:16 - [TEST_STEP][PASSED] - closeBrowser(): Browser is closed

2022-01-17 23:34:17 - [MESSAGE][PASSED] - Browser is closed]]></system-out>
         <system-err><![CDATA[]]></system-err>
      </testcase>
      <testcase name="Test Cases/Create assignment/Create Assignment Set Type File" time="97.051" classname="Test Cases/Create assignment/Create Assignment Set Type File" status="PASSED">
         <system-out><![CDATA[2022-01-17 23:34:17 - [TEST_CASE][PASSED] - Test Cases/Create assignment/Create Assignment Set Type File: Test Cases/Create assignment/Create Assignment Set Type File

2022-01-17 23:34:18 - [TEST_STEP][PASSED] - openBrowser(""): Browser is opened with url: ''

2022-01-17 23:34:18 - [MESSAGE][INFO] - Starting 'Edge Chromium' driver

2022-01-17 23:34:20 - [MESSAGE][INFO] - Action delay is set to 0 milliseconds

2022-01-17 23:34:22 - [MESSAGE][PASSED] - Browser is opened with url: ''

2022-01-17 23:34:22 - [TEST_STEP][PASSED] - navigateToUrl("http://localhost/"): Navigate to 'http://localhost/' successfully

2022-01-17 23:34:23 - [MESSAGE][PASSED] - Navigate to 'http://localhost/' successfully

2022-01-17 23:34:23 - [TEST_STEP][PASSED] - click(findTestObject("Object Repository/Page_Local Moodle/a_Log in (12)")): Object: 'Object Repository/Page_Local Moodle/a_Log in (12)' is clicked on

2022-01-17 23:34:24 - [MESSAGE][PASSED] - Object: 'Object Repository/Page_Local Moodle/a_Log in (12)' is clicked on

2022-01-17 23:34:24 - [TEST_STEP][PASSED] - setText(findTestObject("Object Repository/Page_Local Moodle Log in to the site/input_Username_username (12)"), "robertle"): Text 'robertle' is set on object 'Object Repository/Page_Local Moodle Log in to the site/input_Username_username (12)'

2022-01-17 23:34:25 - [MESSAGE][PASSED] - Text 'robertle' is set on object 'Object Repository/Page_Local Moodle Log in to the site/input_Username_username (12)'

2022-01-17 23:34:25 - [TEST_STEP][PASSED] - setEncryptedText(findTestObject("Object Repository/Page_Local Moodle Log in to the site/input_Password_password (12)"), "e0iuw4o+VG38P/PfCbIZUw=="): Text ****** has been set on object 'Object Repository/Page_Local Moodle Log in to the site/input_Password_password (12)'

2022-01-17 23:34:26 - [MESSAGE][PASSED] - Text ****** has been set on object 'Object Repository/Page_Local Moodle Log in to the site/input_Password_password (12)'

2022-01-17 23:34:26 - [TEST_STEP][PASSED] - click(findTestObject("Object Repository/Page_Local Moodle Log in to the site/button_Log in (12)")): Object: 'Object Repository/Page_Local Moodle Log in to the site/button_Log in (12)' is clicked on

2022-01-17 23:34:30 - [MESSAGE][PASSED] - Object: 'Object Repository/Page_Local Moodle Log in to the site/button_Log in (12)' is clicked on

2022-01-17 23:34:30 - [TEST_STEP][PASSED] - click(findTestObject("Page_Nh ca ti/span_Software Engineering")): Object: 'Object Repository/Page_Nh ca ti/span_Software Engineering' is clicked on

2022-01-17 23:34:34 - [MESSAGE][PASSED] - Object: 'Object Repository/Page_Nh ca ti/span_Software Engineering' is clicked on

2022-01-17 23:34:34 - [TEST_STEP][PASSED] - click(findTestObject("Object Repository/Page_Kha Software Engineering/button_Bt ch  chnh sa (11)")): Object: 'Object Repository/Page_Kha Software Engineering/button_Bt ch  chnh sa (11)' is clicked on

2022-01-17 23:34:41 - [MESSAGE][INFO] - Unable to find the element located by 'By.xpath: //button[@id='single_button61dd9a7e8fee61']'. Please recheck the objects properties to make sure the desired element is located. 

2022-01-17 23:34:41 - [MESSAGE][WARNING] - [SELF-HEALING] Failed to find element with id 'Object Repository/Page_Kha Software Engineering/button_Bt ch  chnh sa (11)'. Try using Self-healing.

2022-01-17 23:34:41 - [MESSAGE][WARNING] - [SELF-HEALING] The current locator of test object 'Object Repository/Page_Kha Software Engineering/button_Bt ch  chnh sa (11)' was broken. Propose an alternative one: '//header[@id='page-header']/div/div/div/div[2]/div[2]/div/form/button'.

2022-01-17 23:34:43 - [MESSAGE][PASSED] - Object: 'Object Repository/Page_Kha Software Engineering/button_Bt ch  chnh sa (11)' is clicked on

2022-01-17 23:34:43 - [TEST_STEP][PASSED] - click(findTestObject("Object Repository/Page_Kha Software Engineering/button_Thm hot ng hoc ti nguyn (5)")): Object: 'Object Repository/Page_Kha Software Engineering/button_Thm hot ng hoc ti nguyn (5)' is clicked on

2022-01-17 23:34:50 - [MESSAGE][INFO] - Unable to find the element located by 'By.xpath: //button[@id='yui_3_17_2_1_1641912961590_622']'. Please recheck the objects properties to make sure the desired element is located. 

2022-01-17 23:34:50 - [MESSAGE][WARNING] - [SELF-HEALING] Failed to find element with id 'Object Repository/Page_Kha Software Engineering/button_Thm hot ng hoc ti nguyn (5)'. Try using Self-healing.

2022-01-17 23:34:50 - [MESSAGE][WARNING] - [SELF-HEALING] The current locator of test object 'Object Repository/Page_Kha Software Engineering/button_Thm hot ng hoc ti nguyn (5)' was broken. Propose an alternative one: '(.//*[normalize-space(text()) and normalize-space(.)='Thêm tập tin ở đây'])[3]/following::button[1]'.

2022-01-17 23:34:51 - [MESSAGE][PASSED] - Object: 'Object Repository/Page_Kha Software Engineering/button_Thm hot ng hoc ti nguyn (5)' is clicked on

2022-01-17 23:34:51 - [TEST_STEP][PASSED] - click(findTestObject("Object Repository/Page_Kha Software Engineering/div_Thng tin v  Bi hc hot ng_optionicon mt-_6d37dc (2)")): Object: 'Object Repository/Page_Kha Software Engineering/div_Thng tin v  Bi hc hot ng_optionicon mt-_6d37dc (2)' is clicked on

2022-01-17 23:34:57 - [MESSAGE][PASSED] - Object: 'Object Repository/Page_Kha Software Engineering/div_Thng tin v  Bi hc hot ng_optionicon mt-_6d37dc (2)' is clicked on

2022-01-17 23:34:57 - [TEST_STEP][PASSED] - setText(findTestObject("Object Repository/Page_Bin son Bi tp/input_Tn bi tp_name (11)"), "Type File"): Text 'Type File' is set on object 'Object Repository/Page_Bin son Bi tp/input_Tn bi tp_name (11)'

2022-01-17 23:34:59 - [MESSAGE][PASSED] - Text 'Type File' is set on object 'Object Repository/Page_Bin son Bi tp/input_Tn bi tp_name (11)'

2022-01-17 23:34:59 - [TEST_STEP][PASSED] - click(findTestObject("Object Repository/Page_Bin son Bi tp/input_Cc loi tp tin c chp nhn_yui_3_17_2_1__69c1f3")): Object: 'Object Repository/Page_Bin son Bi tp/input_Cc loi tp tin c chp nhn_yui_3_17_2_1__69c1f3' is clicked on

2022-01-17 23:35:05 - [MESSAGE][INFO] - Unable to find the element located by 'By.xpath: //input[@id='yui_3_17_2_1_1641912968851_1479']'. Please recheck the objects properties to make sure the desired element is located. 

2022-01-17 23:35:05 - [MESSAGE][WARNING] - [SELF-HEALING] Failed to find element with id 'Object Repository/Page_Bin son Bi tp/input_Cc loi tp tin c chp nhn_yui_3_17_2_1__69c1f3'. Try using Self-healing.

2022-01-17 23:35:06 - [MESSAGE][WARNING] - [SELF-HEALING] The current locator of test object 'Object Repository/Page_Bin son Bi tp/input_Cc loi tp tin c chp nhn_yui_3_17_2_1__69c1f3' was broken. Propose an alternative one: '//fieldset/div/span/input'.

2022-01-17 23:35:06 - [MESSAGE][PASSED] - Object: 'Object Repository/Page_Bin son Bi tp/input_Cc loi tp tin c chp nhn_yui_3_17_2_1__69c1f3' is clicked on

2022-01-17 23:35:06 - [TEST_STEP][PASSED] - click(findTestObject("Object Repository/Page_Bin son Bi tp/input_Cc loi tp tin c chp nhn_yui_3_17_2_1__e7c937")): Object: 'Object Repository/Page_Bin son Bi tp/input_Cc loi tp tin c chp nhn_yui_3_17_2_1__e7c937' is clicked on

2022-01-17 23:35:13 - [MESSAGE][INFO] - Unable to find the element located by 'By.xpath: //input[@id='yui_3_17_2_1_1641912968851_1521']'. Please recheck the objects properties to make sure the desired element is located. 

2022-01-17 23:35:13 - [MESSAGE][WARNING] - [SELF-HEALING] Failed to find element with id 'Object Repository/Page_Bin son Bi tp/input_Cc loi tp tin c chp nhn_yui_3_17_2_1__e7c937'. Try using Self-healing.

2022-01-17 23:35:13 - [MESSAGE][WARNING] - [SELF-HEALING] The current locator of test object 'Object Repository/Page_Bin son Bi tp/input_Cc loi tp tin c chp nhn_yui_3_17_2_1__e7c937' was broken. Propose an alternative one: '//div/div/label/input'.

2022-01-17 23:35:13 - [MESSAGE][PASSED] - Object: 'Object Repository/Page_Bin son Bi tp/input_Cc loi tp tin c chp nhn_yui_3_17_2_1__e7c937' is clicked on

2022-01-17 23:35:13 - [TEST_STEP][PASSED] - click(findTestObject("Object Repository/Page_Bin son Bi tp/button_Lu nhng thay i (2)")): Object: 'Object Repository/Page_Bin son Bi tp/button_Lu nhng thay i (2)' is clicked on

2022-01-17 23:35:20 - [MESSAGE][INFO] - Unable to find the element located by 'By.xpath: //button[@id='yui_3_17_2_1_1641912968851_1533']'. Please recheck the objects properties to make sure the desired element is located. 

2022-01-17 23:35:20 - [MESSAGE][WARNING] - [SELF-HEALING] Failed to find element with id 'Object Repository/Page_Bin son Bi tp/button_Lu nhng thay i (2)'. Try using Self-healing.

2022-01-17 23:35:20 - [MESSAGE][WARNING] - [SELF-HEALING] The current locator of test object 'Object Repository/Page_Bin son Bi tp/button_Lu nhng thay i (2)' was broken. Propose an alternative one: '(.//*[normalize-space(text()) and normalize-space(.)='.cpp'])[1]/following::button[1]'.

2022-01-17 23:35:20 - [MESSAGE][PASSED] - Object: 'Object Repository/Page_Bin son Bi tp/button_Lu nhng thay i (2)' is clicked on

2022-01-17 23:35:20 - [TEST_STEP][PASSED] - click(findTestObject("Object Repository/Page_Bin son Bi tp/input_Upon activity completion_submitbutton2 (11)")): Object: 'Object Repository/Page_Bin son Bi tp/input_Upon activity completion_submitbutton2 (11)' is clicked on

2022-01-17 23:35:23 - [MESSAGE][PASSED] - Object: 'Object Repository/Page_Bin son Bi tp/input_Upon activity completion_submitbutton2 (11)' is clicked on

2022-01-17 23:35:23 - [TEST_STEP][PASSED] - click(findTestObject("Object Repository/Page_Kha Software Engineering/a_Robert Le (11)")): Object: 'Object Repository/Page_Kha Software Engineering/a_Robert Le (11)' is clicked on

2022-01-17 23:35:25 - [MESSAGE][PASSED] - Object: 'Object Repository/Page_Kha Software Engineering/a_Robert Le (11)' is clicked on

2022-01-17 23:35:25 - [TEST_STEP][PASSED] - click(findTestObject("Object Repository/Page_Kha Software Engineering/a_Thot (10)")): Object: 'Object Repository/Page_Kha Software Engineering/a_Thot (10)' is clicked on

2022-01-17 23:35:26 - [MESSAGE][PASSED] - Object: 'Object Repository/Page_Kha Software Engineering/a_Thot (10)' is clicked on

2022-01-17 23:35:26 - [TEST_STEP][PASSED] - click(findTestObject("Object Repository/Page_Local Moodle/a_Log in (12)")): Object: 'Object Repository/Page_Local Moodle/a_Log in (12)' is clicked on

2022-01-17 23:35:27 - [MESSAGE][PASSED] - Object: 'Object Repository/Page_Local Moodle/a_Log in (12)' is clicked on

2022-01-17 23:35:27 - [TEST_STEP][PASSED] - setText(findTestObject("Object Repository/Page_Local Moodle Log in to the site/input_Username_username (12)"), "hocvien"): Text 'hocvien' is set on object 'Object Repository/Page_Local Moodle Log in to the site/input_Username_username (12)'

2022-01-17 23:35:28 - [MESSAGE][PASSED] - Text 'hocvien' is set on object 'Object Repository/Page_Local Moodle Log in to the site/input_Username_username (12)'

2022-01-17 23:35:28 - [TEST_STEP][PASSED] - setEncryptedText(findTestObject("Object Repository/Page_Local Moodle Log in to the site/input_Password_password (12)"), "e0iuw4o+VG38P/PfCbIZUw=="): Text ****** has been set on object 'Object Repository/Page_Local Moodle Log in to the site/input_Password_password (12)'

2022-01-17 23:35:29 - [MESSAGE][PASSED] - Text ****** has been set on object 'Object Repository/Page_Local Moodle Log in to the site/input_Password_password (12)'

2022-01-17 23:35:29 - [TEST_STEP][PASSED] - click(findTestObject("Object Repository/Page_Local Moodle Log in to the site/button_Log in (12)")): Object: 'Object Repository/Page_Local Moodle Log in to the site/button_Log in (12)' is clicked on

2022-01-17 23:35:32 - [MESSAGE][PASSED] - Object: 'Object Repository/Page_Local Moodle Log in to the site/button_Log in (12)' is clicked on

2022-01-17 23:35:32 - [TEST_STEP][PASSED] - click(findTestObject("Page_Nh ca ti/span_Software Engineering")): Object: 'Object Repository/Page_Nh ca ti/span_Software Engineering' is clicked on

2022-01-17 23:35:35 - [MESSAGE][PASSED] - Object: 'Object Repository/Page_Nh ca ti/span_Software Engineering' is clicked on

2022-01-17 23:35:35 - [TEST_STEP][PASSED] - click(findTestObject("Object Repository/Page_Kha Software Engineering/span_Type File Bi tp")): Object: 'Object Repository/Page_Kha Software Engineering/span_Type File Bi tp' is clicked on

2022-01-17 23:35:42 - [MESSAGE][INFO] - Unable to find the element located by 'By.xpath: //li[@id='module-23']/div/div/div[2]/div/a/span'. Please recheck the objects properties to make sure the desired element is located. 

2022-01-17 23:35:42 - [MESSAGE][WARNING] - [SELF-HEALING] Failed to find element with id 'Object Repository/Page_Kha Software Engineering/span_Type File Bi tp'. Try using Self-healing.

2022-01-17 23:35:42 - [MESSAGE][WARNING] - [SELF-HEALING] The current locator of test object 'Object Repository/Page_Kha Software Engineering/span_Type File Bi tp' was broken. Propose an alternative one: '//*/text()[normalize-space(.)='Type File']/parent::*'.

2022-01-17 23:35:44 - [MESSAGE][PASSED] - Object: 'Object Repository/Page_Kha Software Engineering/span_Type File Bi tp' is clicked on

2022-01-17 23:35:44 - [TEST_STEP][PASSED] - click(findTestObject("Object Repository/Page_SE Type File/button_Thm bi np")): Object: 'Object Repository/Page_SE Type File/button_Thm bi np' is clicked on

2022-01-17 23:35:50 - [MESSAGE][INFO] - Unable to find the element located by 'By.xpath: //button[@id='single_button61dd9aceb7f6120']'. Please recheck the objects properties to make sure the desired element is located. 

2022-01-17 23:35:50 - [MESSAGE][WARNING] - [SELF-HEALING] Failed to find element with id 'Object Repository/Page_SE Type File/button_Thm bi np'. Try using Self-healing.

2022-01-17 23:35:51 - [MESSAGE][WARNING] - [SELF-HEALING] The current locator of test object 'Object Repository/Page_SE Type File/button_Thm bi np' was broken. Propose an alternative one: '//section[@id='region-main']/div/div[3]/div[2]/div/form/button'.

2022-01-17 23:35:52 - [MESSAGE][PASSED] - Object: 'Object Repository/Page_SE Type File/button_Thm bi np' is clicked on

2022-01-17 23:35:52 - [TEST_STEP][PASSED] - closeBrowser(): Browser is closed

2022-01-17 23:35:54 - [MESSAGE][PASSED] - Browser is closed]]></system-out>
         <system-err><![CDATA[]]></system-err>
      </testcase>
      <testcase name="Test Cases/Create assignment/Create Simple Assignment" time="58.817" classname="Test Cases/Create assignment/Create Simple Assignment" status="PASSED">
         <system-out><![CDATA[2022-01-17 23:35:54 - [TEST_CASE][PASSED] - Test Cases/Create assignment/Create Simple Assignment: Test Cases/Create assignment/Create Simple Assignment

2022-01-17 23:35:55 - [TEST_STEP][PASSED] - openBrowser(""): Browser is opened with url: ''

2022-01-17 23:35:55 - [MESSAGE][INFO] - Starting 'Edge Chromium' driver

2022-01-17 23:35:57 - [MESSAGE][INFO] - Action delay is set to 0 milliseconds

2022-01-17 23:35:59 - [MESSAGE][PASSED] - Browser is opened with url: ''

2022-01-17 23:35:59 - [TEST_STEP][PASSED] - navigateToUrl("http://localhost/"): Navigate to 'http://localhost/' successfully

2022-01-17 23:36:02 - [MESSAGE][PASSED] - Navigate to 'http://localhost/' successfully

2022-01-17 23:36:02 - [TEST_STEP][PASSED] - click(findTestObject("Object Repository/Page_Local Moodle/a_Log in (7)")): Object: 'Object Repository/Page_Local Moodle/a_Log in (7)' is clicked on

2022-01-17 23:36:03 - [MESSAGE][PASSED] - Object: 'Object Repository/Page_Local Moodle/a_Log in (7)' is clicked on

2022-01-17 23:36:03 - [TEST_STEP][PASSED] - setText(findTestObject("Object Repository/Page_Local Moodle Log in to the site/input_Username_username (7)"), "robertle"): Text 'robertle' is set on object 'Object Repository/Page_Local Moodle Log in to the site/input_Username_username (7)'

2022-01-17 23:36:04 - [MESSAGE][PASSED] - Text 'robertle' is set on object 'Object Repository/Page_Local Moodle Log in to the site/input_Username_username (7)'

2022-01-17 23:36:04 - [TEST_STEP][PASSED] - setEncryptedText(findTestObject("Object Repository/Page_Local Moodle Log in to the site/input_Password_password (7)"), "e0iuw4o+VG38P/PfCbIZUw=="): Text ****** has been set on object 'Object Repository/Page_Local Moodle Log in to the site/input_Password_password (7)'

2022-01-17 23:36:05 - [MESSAGE][PASSED] - Text ****** has been set on object 'Object Repository/Page_Local Moodle Log in to the site/input_Password_password (7)'

2022-01-17 23:36:05 - [TEST_STEP][PASSED] - click(findTestObject("Object Repository/Page_Local Moodle Log in to the site/button_Log in (7)")): Object: 'Object Repository/Page_Local Moodle Log in to the site/button_Log in (7)' is clicked on

2022-01-17 23:36:08 - [MESSAGE][PASSED] - Object: 'Object Repository/Page_Local Moodle Log in to the site/button_Log in (7)' is clicked on

2022-01-17 23:36:08 - [TEST_STEP][PASSED] - click(findTestObject("Page_Nh ca ti/span_Software Engineering")): Object: 'Object Repository/Page_Nh ca ti/span_Software Engineering' is clicked on

2022-01-17 23:36:12 - [MESSAGE][PASSED] - Object: 'Object Repository/Page_Nh ca ti/span_Software Engineering' is clicked on

2022-01-17 23:36:12 - [TEST_STEP][PASSED] - click(findTestObject("Object Repository/Page_Kha Software Engineering/button_Bt ch  chnh sa (6)")): Object: 'Object Repository/Page_Kha Software Engineering/button_Bt ch  chnh sa (6)' is clicked on

2022-01-17 23:36:19 - [MESSAGE][INFO] - Unable to find the element located by 'By.xpath: //button[@id='single_button61dcf992917921']'. Please recheck the objects properties to make sure the desired element is located. 

2022-01-17 23:36:19 - [MESSAGE][WARNING] - [SELF-HEALING] Failed to find element with id 'Object Repository/Page_Kha Software Engineering/button_Bt ch  chnh sa (6)'. Try using Self-healing.

2022-01-17 23:36:19 - [MESSAGE][WARNING] - [SELF-HEALING] The current locator of test object 'Object Repository/Page_Kha Software Engineering/button_Bt ch  chnh sa (6)' was broken. Propose an alternative one: '//form/button'.

2022-01-17 23:36:21 - [MESSAGE][PASSED] - Object: 'Object Repository/Page_Kha Software Engineering/button_Bt ch  chnh sa (6)' is clicked on

2022-01-17 23:36:21 - [TEST_STEP][PASSED] - click(findTestObject("Object Repository/Page_Kha Software Engineering/button_Thm hot ng hoc ti nguyn (2)")): Object: 'Object Repository/Page_Kha Software Engineering/button_Thm hot ng hoc ti nguyn (2)' is clicked on

2022-01-17 23:36:27 - [MESSAGE][INFO] - Unable to find the element located by 'By.xpath: //button[@id='yui_3_17_2_1_1641871765372_625']'. Please recheck the objects properties to make sure the desired element is located. 

2022-01-17 23:36:27 - [MESSAGE][WARNING] - [SELF-HEALING] Failed to find element with id 'Object Repository/Page_Kha Software Engineering/button_Thm hot ng hoc ti nguyn (2)'. Try using Self-healing.

2022-01-17 23:36:28 - [MESSAGE][WARNING] - [SELF-HEALING] The current locator of test object 'Object Repository/Page_Kha Software Engineering/button_Thm hot ng hoc ti nguyn (2)' was broken. Propose an alternative one: '(.//*[normalize-space(text()) and normalize-space(.)='Thêm tập tin ở đây'])[3]/following::button[1]'.

2022-01-17 23:36:28 - [MESSAGE][PASSED] - Object: 'Object Repository/Page_Kha Software Engineering/button_Thm hot ng hoc ti nguyn (2)' is clicked on

2022-01-17 23:36:28 - [TEST_STEP][PASSED] - click(findTestObject("Object Repository/Page_Kha Software Engineering/a_Bi tp (4)")): Object: 'Object Repository/Page_Kha Software Engineering/a_Bi tp (4)' is clicked on

2022-01-17 23:36:34 - [MESSAGE][PASSED] - Object: 'Object Repository/Page_Kha Software Engineering/a_Bi tp (4)' is clicked on

2022-01-17 23:36:34 - [TEST_STEP][PASSED] - setText(findTestObject("Object Repository/Page_Bin son Bi tp/input_Tn bi tp_name (6)"), "Assignment 1"): Text 'Assignment 1' is set on object 'Object Repository/Page_Bin son Bi tp/input_Tn bi tp_name (6)'

2022-01-17 23:36:35 - [MESSAGE][PASSED] - Text 'Assignment 1' is set on object 'Object Repository/Page_Bin son Bi tp/input_Tn bi tp_name (6)'

2022-01-17 23:36:35 - [TEST_STEP][PASSED] - click(findTestObject("Object Repository/Page_Bin son Bi tp/input_Upon activity completion_submitbutton2 (6)")): Object: 'Object Repository/Page_Bin son Bi tp/input_Upon activity completion_submitbutton2 (6)' is clicked on

2022-01-17 23:36:38 - [MESSAGE][PASSED] - Object: 'Object Repository/Page_Bin son Bi tp/input_Upon activity completion_submitbutton2 (6)' is clicked on

2022-01-17 23:36:38 - [TEST_STEP][PASSED] - click(findTestObject("Object Repository/Page_Kha Software Engineering/a_Robert Le (6)")): Object: 'Object Repository/Page_Kha Software Engineering/a_Robert Le (6)' is clicked on

2022-01-17 23:36:40 - [MESSAGE][PASSED] - Object: 'Object Repository/Page_Kha Software Engineering/a_Robert Le (6)' is clicked on

2022-01-17 23:36:40 - [TEST_STEP][PASSED] - click(findTestObject("Object Repository/Page_Kha Software Engineering/a_Thot (5)")): Object: 'Object Repository/Page_Kha Software Engineering/a_Thot (5)' is clicked on

2022-01-17 23:36:41 - [MESSAGE][PASSED] - Object: 'Object Repository/Page_Kha Software Engineering/a_Thot (5)' is clicked on

2022-01-17 23:36:41 - [TEST_STEP][PASSED] - click(findTestObject("Object Repository/Page_Local Moodle/a_Log in (7)")): Object: 'Object Repository/Page_Local Moodle/a_Log in (7)' is clicked on

2022-01-17 23:36:43 - [MESSAGE][PASSED] - Object: 'Object Repository/Page_Local Moodle/a_Log in (7)' is clicked on

2022-01-17 23:36:43 - [TEST_STEP][PASSED] - setText(findTestObject("Object Repository/Page_Local Moodle Log in to the site/input_Username_username (7)"), "hocvien"): Text 'hocvien' is set on object 'Object Repository/Page_Local Moodle Log in to the site/input_Username_username (7)'

2022-01-17 23:36:44 - [MESSAGE][PASSED] - Text 'hocvien' is set on object 'Object Repository/Page_Local Moodle Log in to the site/input_Username_username (7)'

2022-01-17 23:36:44 - [TEST_STEP][PASSED] - setEncryptedText(findTestObject("Object Repository/Page_Local Moodle Log in to the site/input_Password_password (7)"), "e0iuw4o+VG38P/PfCbIZUw=="): Text ****** has been set on object 'Object Repository/Page_Local Moodle Log in to the site/input_Password_password (7)'

2022-01-17 23:36:45 - [MESSAGE][PASSED] - Text ****** has been set on object 'Object Repository/Page_Local Moodle Log in to the site/input_Password_password (7)'

2022-01-17 23:36:45 - [TEST_STEP][PASSED] - click(findTestObject("Object Repository/Page_Local Moodle Log in to the site/button_Log in (7)")): Object: 'Object Repository/Page_Local Moodle Log in to the site/button_Log in (7)' is clicked on

2022-01-17 23:36:48 - [MESSAGE][PASSED] - Object: 'Object Repository/Page_Local Moodle Log in to the site/button_Log in (7)' is clicked on

2022-01-17 23:36:48 - [TEST_STEP][PASSED] - click(findTestObject("Page_Nh ca ti/span_Software Engineering")): Object: 'Object Repository/Page_Nh ca ti/span_Software Engineering' is clicked on

2022-01-17 23:36:53 - [MESSAGE][PASSED] - Object: 'Object Repository/Page_Nh ca ti/span_Software Engineering' is clicked on]]></system-out>
         <system-err><![CDATA[]]></system-err>
      </testcase>
      <testcase name="Test Cases/Create event on calendar/Create Simple Event" time="63.404" classname="Test Cases/Create event on calendar/Create Simple Event" status="PASSED">
         <system-out><![CDATA[2022-01-17 23:36:53 - [TEST_CASE][PASSED] - Test Cases/Create event on calendar/Create Simple Event: Test Cases/Create event on calendar/Create Simple Event

2022-01-17 23:36:54 - [TEST_STEP][PASSED] - openBrowser(""): Browser is opened with url: ''

2022-01-17 23:36:54 - [MESSAGE][WARNING] - A browser is already opened. Closing browser and opening a new one

2022-01-17 23:36:55 - [MESSAGE][INFO] - Starting 'Edge Chromium' driver

2022-01-17 23:36:58 - [MESSAGE][INFO] - Action delay is set to 0 milliseconds

2022-01-17 23:36:59 - [MESSAGE][PASSED] - Browser is opened with url: ''

2022-01-17 23:36:59 - [TEST_STEP][PASSED] - navigateToUrl("http://localhost/"): Navigate to 'http://localhost/' successfully

2022-01-17 23:37:02 - [MESSAGE][PASSED] - Navigate to 'http://localhost/' successfully

2022-01-17 23:37:02 - [TEST_STEP][PASSED] - click(findTestObject("Object Repository/Page_Local Moodle/a_Log in (1)")): Object: 'Object Repository/Page_Local Moodle/a_Log in (1)' is clicked on

2022-01-17 23:37:04 - [MESSAGE][PASSED] - Object: 'Object Repository/Page_Local Moodle/a_Log in (1)' is clicked on

2022-01-17 23:37:04 - [TEST_STEP][PASSED] - setText(findTestObject("Object Repository/Page_Local Moodle Log in to the site/input_Username_username (1)"), "admin"): Text 'admin' is set on object 'Object Repository/Page_Local Moodle Log in to the site/input_Username_username (1)'

2022-01-17 23:37:05 - [MESSAGE][PASSED] - Text 'admin' is set on object 'Object Repository/Page_Local Moodle Log in to the site/input_Username_username (1)'

2022-01-17 23:37:05 - [TEST_STEP][PASSED] - setEncryptedText(findTestObject("Object Repository/Page_Local Moodle Log in to the site/input_Password_password (1)"), "bfAykA/oWJ09FXmiKh6lyuuLu8QhG1K5"): Text ****** has been set on object 'Object Repository/Page_Local Moodle Log in to the site/input_Password_password (1)'

2022-01-17 23:37:06 - [MESSAGE][PASSED] - Text ****** has been set on object 'Object Repository/Page_Local Moodle Log in to the site/input_Password_password (1)'

2022-01-17 23:37:06 - [TEST_STEP][PASSED] - click(findTestObject("Object Repository/Page_Local Moodle Log in to the site/button_Log in (1)")): Object: 'Object Repository/Page_Local Moodle Log in to the site/button_Log in (1)' is clicked on

2022-01-17 23:37:10 - [MESSAGE][PASSED] - Object: 'Object Repository/Page_Local Moodle Log in to the site/button_Log in (1)' is clicked on

2022-01-17 23:37:10 - [TEST_STEP][PASSED] - click(findTestObject("Object Repository/Page_Nh ca ti/a_Lch")): Object: 'Object Repository/Page_Nh ca ti/a_Lch' is clicked on

2022-01-17 23:37:18 - [MESSAGE][PASSED] - Object: 'Object Repository/Page_Nh ca ti/a_Lch' is clicked on

2022-01-17 23:37:18 - [TEST_STEP][PASSED] - click(findTestObject("Object Repository/Page_Moodle Lch Xem chi tit thng Thng Ging 2022/button_S kin mi_1")): Object: 'Object Repository/Page_Moodle Lch Xem chi tit thng Thng Ging 2022/button_S kin mi_1' is clicked on

2022-01-17 23:37:24 - [MESSAGE][INFO] - Unable to find the element located by 'By.xpath: //button[@id='yui_3_17_2_1_1642045087639_436']'. Please recheck the objects properties to make sure the desired element is located. 

2022-01-17 23:37:24 - [MESSAGE][WARNING] - [SELF-HEALING] Failed to find element with id 'Object Repository/Page_Moodle Lch Xem chi tit thng Thng Ging 2022/button_S kin mi_1'. Try using Self-healing.

2022-01-17 23:37:24 - [MESSAGE][WARNING] - [SELF-HEALING] The current locator of test object 'Object Repository/Page_Moodle Lch Xem chi tit thng Thng Ging 2022/button_S kin mi_1' was broken. Propose an alternative one: '(.//*[normalize-space(text()) and normalize-space(.)='Danh sách khóa học'])[1]/following::button[1]'.

2022-01-17 23:37:24 - [MESSAGE][PASSED] - Object: 'Object Repository/Page_Moodle Lch Xem chi tit thng Thng Ging 2022/button_S kin mi_1' is clicked on

2022-01-17 23:37:24 - [TEST_STEP][PASSED] - setText(findTestObject("Object Repository/Page_Moodle Lch Xem chi tit thng Thng Ging 2022/input_Tiu  s kin_name"), "Seminar Project 1"): Text 'Seminar Project 1' is set on object 'Object Repository/Page_Moodle Lch Xem chi tit thng Thng Ging 2022/input_Tiu  s kin_name'

2022-01-17 23:37:29 - [MESSAGE][PASSED] - Text 'Seminar Project 1' is set on object 'Object Repository/Page_Moodle Lch Xem chi tit thng Thng Ging 2022/input_Tiu  s kin_name'

2022-01-17 23:37:29 - [TEST_STEP][PASSED] - selectOptionByValue(findTestObject("Object Repository/Page_Moodle Lch Xem chi tit thng Thng Ging 2022/select_Thng Ging        Thng Hai        Thn_b248db"), "2", true): All options with value '2' are selected in object 'Object Repository/Page_Moodle Lch Xem chi tit thng Thng Ging 2022/select_Thng Ging        Thng Hai        Thn_b248db'  using regular expression

2022-01-17 23:37:31 - [MESSAGE][PASSED] - All options with value '2' are selected in object 'Object Repository/Page_Moodle Lch Xem chi tit thng Thng Ging 2022/select_Thng Ging        Thng Hai        Thn_b248db'  using regular expression

2022-01-17 23:37:31 - [TEST_STEP][PASSED] - selectOptionByValue(findTestObject("Object Repository/Page_Moodle Lch Xem chi tit thng Thng Ging 2022/select_Thnh vin            Kho hc          _5efb09"), "course", true): All options with value 'course' are selected in object 'Object Repository/Page_Moodle Lch Xem chi tit thng Thng Ging 2022/select_Thnh vin            Kho hc          _5efb09'  using regular expression

2022-01-17 23:37:32 - [MESSAGE][PASSED] - All options with value 'course' are selected in object 'Object Repository/Page_Moodle Lch Xem chi tit thng Thng Ging 2022/select_Thnh vin            Kho hc          _5efb09'  using regular expression

2022-01-17 23:37:32 - [TEST_STEP][PASSED] - click(findTestObject("Object Repository/Page_Moodle Lch Xem chi tit thng Thng Ging 2022/span__1_2_3_4")): Object: 'Object Repository/Page_Moodle Lch Xem chi tit thng Thng Ging 2022/span__1_2_3_4' is clicked on

2022-01-17 23:37:38 - [MESSAGE][INFO] - Unable to find the element located by 'By.xpath: //span[@id='form_autocomplete_downarrow-1642045252858']'. Please recheck the objects properties to make sure the desired element is located. 

2022-01-17 23:37:38 - [MESSAGE][WARNING] - [SELF-HEALING] Failed to find element with id 'Object Repository/Page_Moodle Lch Xem chi tit thng Thng Ging 2022/span__1_2_3_4'. Try using Self-healing.

2022-01-17 23:37:39 - [MESSAGE][WARNING] - [SELF-HEALING] The current locator of test object 'Object Repository/Page_Moodle Lch Xem chi tit thng Thng Ging 2022/span__1_2_3_4' was broken. Propose an alternative one: '(.//*[normalize-space(text()) and normalize-space(.)='No selection'])[1]/following::span[1]'.

2022-01-17 23:37:39 - [MESSAGE][PASSED] - Object: 'Object Repository/Page_Moodle Lch Xem chi tit thng Thng Ging 2022/span__1_2_3_4' is clicked on

2022-01-17 23:37:39 - [TEST_STEP][PASSED] - click(findTestObject("Object Repository/Page_Moodle Lch Xem chi tit thng Thng Ging 2022/li_Software Engineering_1_2_3")): Object: 'Object Repository/Page_Moodle Lch Xem chi tit thng Thng Ging 2022/li_Software Engineering_1_2_3' is clicked on

2022-01-17 23:37:46 - [MESSAGE][INFO] - Unable to find the element located by 'By.xpath: //li[@id='form_autocomplete_suggestions-1642045252858-0']'. Please recheck the objects properties to make sure the desired element is located. 

2022-01-17 23:37:46 - [MESSAGE][WARNING] - [SELF-HEALING] Failed to find element with id 'Object Repository/Page_Moodle Lch Xem chi tit thng Thng Ging 2022/li_Software Engineering_1_2_3'. Try using Self-healing.

2022-01-17 23:37:46 - [MESSAGE][WARNING] - [SELF-HEALING] The current locator of test object 'Object Repository/Page_Moodle Lch Xem chi tit thng Thng Ging 2022/li_Software Engineering_1_2_3' was broken. Propose an alternative one: '(.//*[normalize-space(text()) and normalize-space(.)='▼'])[2]/following::li[1]'.

2022-01-17 23:37:46 - [MESSAGE][PASSED] - Object: 'Object Repository/Page_Moodle Lch Xem chi tit thng Thng Ging 2022/li_Software Engineering_1_2_3' is clicked on

2022-01-17 23:37:46 - [TEST_STEP][PASSED] - selectOptionByValue(findTestObject("Object Repository/Page_Moodle Lch Xem chi tit thng Thng Ging 2022/select_Software Engineering"), "3", true): All options with value '3' are selected in object 'Object Repository/Page_Moodle Lch Xem chi tit thng Thng Ging 2022/select_Software Engineering'  using regular expression

2022-01-17 23:37:47 - [MESSAGE][PASSED] - All options with value '3' are selected in object 'Object Repository/Page_Moodle Lch Xem chi tit thng Thng Ging 2022/select_Software Engineering'  using regular expression

2022-01-17 23:37:47 - [TEST_STEP][PASSED] - click(findTestObject("Object Repository/Page_Moodle Lch Xem chi tit thng Thng Ging 2022/button_Lu_1")): Object: 'Object Repository/Page_Moodle Lch Xem chi tit thng Thng Ging 2022/button_Lu_1' is clicked on

2022-01-17 23:37:54 - [MESSAGE][INFO] - Unable to find the element located by 'By.xpath: //button[@id='yui_3_17_2_1_1642045087639_606']'. Please recheck the objects properties to make sure the desired element is located. 

2022-01-17 23:37:54 - [MESSAGE][WARNING] - [SELF-HEALING] Failed to find element with id 'Object Repository/Page_Moodle Lch Xem chi tit thng Thng Ging 2022/button_Lu_1'. Try using Self-healing.

2022-01-17 23:37:54 - [MESSAGE][WARNING] - [SELF-HEALING] The current locator of test object 'Object Repository/Page_Moodle Lch Xem chi tit thng Thng Ging 2022/button_Lu_1' was broken. Propose an alternative one: '(.//*[normalize-space(text()) and normalize-space(.)='Lặp lại hàng tuần, tạo ra tất cả'])[1]/following::button[1]'.

2022-01-17 23:37:55 - [MESSAGE][PASSED] - Object: 'Object Repository/Page_Moodle Lch Xem chi tit thng Thng Ging 2022/button_Lu_1' is clicked on

2022-01-17 23:37:55 - [TEST_STEP][PASSED] - closeBrowser(): Browser is closed

2022-01-17 23:37:56 - [MESSAGE][PASSED] - Browser is closed]]></system-out>
         <system-err><![CDATA[]]></system-err>
      </testcase>
      <testcase name="Test Cases/Create event on calendar/Create Event Set Full" time="93.698" classname="Test Cases/Create event on calendar/Create Event Set Full" status="PASSED">
         <system-out><![CDATA[2022-01-17 23:37:56 - [TEST_CASE][PASSED] - Test Cases/Create event on calendar/Create Event Set Full: Test Cases/Create event on calendar/Create Event Set Full

2022-01-17 23:37:58 - [TEST_STEP][PASSED] - openBrowser(""): Browser is opened with url: ''

2022-01-17 23:37:58 - [MESSAGE][INFO] - Starting 'Edge Chromium' driver

2022-01-17 23:38:00 - [MESSAGE][INFO] - Action delay is set to 0 milliseconds

2022-01-17 23:38:03 - [MESSAGE][PASSED] - Browser is opened with url: ''

2022-01-17 23:38:03 - [TEST_STEP][PASSED] - navigateToUrl("http://localhost/"): Navigate to 'http://localhost/' successfully

2022-01-17 23:38:06 - [MESSAGE][PASSED] - Navigate to 'http://localhost/' successfully

2022-01-17 23:38:06 - [TEST_STEP][PASSED] - click(findTestObject("Object Repository/Page_Local Moodle/a_Log in (16)")): Object: 'Object Repository/Page_Local Moodle/a_Log in (16)' is clicked on

2022-01-17 23:38:08 - [MESSAGE][PASSED] - Object: 'Object Repository/Page_Local Moodle/a_Log in (16)' is clicked on

2022-01-17 23:38:08 - [TEST_STEP][PASSED] - setText(findTestObject("Object Repository/Page_Local Moodle Log in to the site/input_Username_username (16)"), "admin"): Text 'admin' is set on object 'Object Repository/Page_Local Moodle Log in to the site/input_Username_username (16)'

2022-01-17 23:38:09 - [MESSAGE][PASSED] - Text 'admin' is set on object 'Object Repository/Page_Local Moodle Log in to the site/input_Username_username (16)'

2022-01-17 23:38:09 - [TEST_STEP][PASSED] - setEncryptedText(findTestObject("Object Repository/Page_Local Moodle Log in to the site/input_Password_password (16)"), "bfAykA/oWJ09FXmiKh6lyuuLu8QhG1K5"): Text ****** has been set on object 'Object Repository/Page_Local Moodle Log in to the site/input_Password_password (16)'

2022-01-17 23:38:10 - [MESSAGE][PASSED] - Text ****** has been set on object 'Object Repository/Page_Local Moodle Log in to the site/input_Password_password (16)'

2022-01-17 23:38:10 - [TEST_STEP][PASSED] - click(findTestObject("Object Repository/Page_Local Moodle Log in to the site/button_Log in (16)")): Object: 'Object Repository/Page_Local Moodle Log in to the site/button_Log in (16)' is clicked on

2022-01-17 23:38:15 - [MESSAGE][PASSED] - Object: 'Object Repository/Page_Local Moodle Log in to the site/button_Log in (16)' is clicked on

2022-01-17 23:38:15 - [TEST_STEP][PASSED] - click(findTestObject("Object Repository/Page_Nh ca ti/a_Lch (3)")): Object: 'Object Repository/Page_Nh ca ti/a_Lch (3)' is clicked on

2022-01-17 23:38:25 - [MESSAGE][PASSED] - Object: 'Object Repository/Page_Nh ca ti/a_Lch (3)' is clicked on

2022-01-17 23:38:25 - [TEST_STEP][PASSED] - click(findTestObject("Object Repository/Page_Moodle Lch Xem chi tit thng Thng Ging 2022/button_S kin mi (3)")): Object: 'Object Repository/Page_Moodle Lch Xem chi tit thng Thng Ging 2022/button_S kin mi (3)' is clicked on

2022-01-17 23:38:31 - [MESSAGE][INFO] - Unable to find the element located by 'By.xpath: //div[@id='calendar-month-61ddab774c1a161ddab770fc1721']/div/button'. Please recheck the objects properties to make sure the desired element is located. 

2022-01-17 23:38:31 - [MESSAGE][WARNING] - [SELF-HEALING] Failed to find element with id 'Object Repository/Page_Moodle Lch Xem chi tit thng Thng Ging 2022/button_S kin mi (3)'. Try using Self-healing.

2022-01-17 23:38:32 - [MESSAGE][WARNING] - [SELF-HEALING] The current locator of test object 'Object Repository/Page_Moodle Lch Xem chi tit thng Thng Ging 2022/button_S kin mi (3)' was broken. Propose an alternative one: '(.//*[normalize-space(text()) and normalize-space(.)='Danh sách khóa học'])[1]/following::button[1]'.

2022-01-17 23:38:32 - [MESSAGE][PASSED] - Object: 'Object Repository/Page_Moodle Lch Xem chi tit thng Thng Ging 2022/button_S kin mi (3)' is clicked on

2022-01-17 23:38:32 - [TEST_STEP][PASSED] - setText(findTestObject("Object Repository/Page_Moodle Lch Xem chi tit thng Thng Ging 2022/input_Tiu  s kin_name (3)"), "Seminar"): Text 'Seminar' is set on object 'Object Repository/Page_Moodle Lch Xem chi tit thng Thng Ging 2022/input_Tiu  s kin_name (3)'

2022-01-17 23:38:36 - [MESSAGE][PASSED] - Text 'Seminar' is set on object 'Object Repository/Page_Moodle Lch Xem chi tit thng Thng Ging 2022/input_Tiu  s kin_name (3)'

2022-01-17 23:38:36 - [TEST_STEP][PASSED] - selectOptionByValue(findTestObject("Object Repository/Page_Moodle Lch Xem chi tit thng Thng Ging 2022/select_1        2        3        4        _45ea30 (3)"), "16", true): All options with value '16' are selected in object 'Object Repository/Page_Moodle Lch Xem chi tit thng Thng Ging 2022/select_1        2        3        4        _45ea30 (3)'  using regular expression

2022-01-17 23:38:39 - [MESSAGE][PASSED] - All options with value '16' are selected in object 'Object Repository/Page_Moodle Lch Xem chi tit thng Thng Ging 2022/select_1        2        3        4        _45ea30 (3)'  using regular expression

2022-01-17 23:38:39 - [TEST_STEP][PASSED] - selectOptionByValue(findTestObject("Object Repository/Page_Moodle Lch Xem chi tit thng Thng Ging 2022/select_00        01        02        03    _f6e37b (2)"), "8", true): All options with value '8' are selected in object 'Object Repository/Page_Moodle Lch Xem chi tit thng Thng Ging 2022/select_00        01        02        03    _f6e37b (2)'  using regular expression

2022-01-17 23:38:42 - [MESSAGE][PASSED] - All options with value '8' are selected in object 'Object Repository/Page_Moodle Lch Xem chi tit thng Thng Ging 2022/select_00        01        02        03    _f6e37b (2)'  using regular expression

2022-01-17 23:38:42 - [TEST_STEP][PASSED] - selectOptionByValue(findTestObject("Object Repository/Page_Moodle Lch Xem chi tit thng Thng Ging 2022/select_00        01        02        03    _f6e37b_1 (2)"), "15", true): All options with value '15' are selected in object 'Object Repository/Page_Moodle Lch Xem chi tit thng Thng Ging 2022/select_00        01        02        03    _f6e37b_1 (2)'  using regular expression

2022-01-17 23:38:47 - [MESSAGE][PASSED] - All options with value '15' are selected in object 'Object Repository/Page_Moodle Lch Xem chi tit thng Thng Ging 2022/select_00        01        02        03    _f6e37b_1 (2)'  using regular expression

2022-01-17 23:38:47 - [TEST_STEP][PASSED] - selectOptionByValue(findTestObject("Object Repository/Page_Moodle Lch Xem chi tit thng Thng Ging 2022/select_Thnh vin            Kho hc          _5efb09 (3)"), "course", true): All options with value 'course' are selected in object 'Object Repository/Page_Moodle Lch Xem chi tit thng Thng Ging 2022/select_Thnh vin            Kho hc          _5efb09 (3)'  using regular expression

2022-01-17 23:38:49 - [MESSAGE][PASSED] - All options with value 'course' are selected in object 'Object Repository/Page_Moodle Lch Xem chi tit thng Thng Ging 2022/select_Thnh vin            Kho hc          _5efb09 (3)'  using regular expression

2022-01-17 23:38:49 - [TEST_STEP][PASSED] - click(findTestObject("Object Repository/Page_Moodle Lch Xem chi tit thng Thng Ging 2022/span__1_2_3_4")): Object: 'Object Repository/Page_Moodle Lch Xem chi tit thng Thng Ging 2022/span__1_2_3_4' is clicked on

2022-01-17 23:38:55 - [MESSAGE][INFO] - Unable to find the element located by 'By.xpath: //span[@id='form_autocomplete_downarrow-1642045252858']'. Please recheck the objects properties to make sure the desired element is located. 

2022-01-17 23:38:55 - [MESSAGE][WARNING] - [SELF-HEALING] Failed to find element with id 'Object Repository/Page_Moodle Lch Xem chi tit thng Thng Ging 2022/span__1_2_3_4'. Try using Self-healing.

2022-01-17 23:38:55 - [MESSAGE][WARNING] - [SELF-HEALING] The current locator of test object 'Object Repository/Page_Moodle Lch Xem chi tit thng Thng Ging 2022/span__1_2_3_4' was broken. Propose an alternative one: '(.//*[normalize-space(text()) and normalize-space(.)='No selection'])[1]/following::span[1]'.

2022-01-17 23:38:55 - [MESSAGE][PASSED] - Object: 'Object Repository/Page_Moodle Lch Xem chi tit thng Thng Ging 2022/span__1_2_3_4' is clicked on

2022-01-17 23:38:55 - [TEST_STEP][PASSED] - click(findTestObject("Object Repository/Page_Moodle Lch Xem chi tit thng Thng Ging 2022/li_Software Engineering_1_2_3")): Object: 'Object Repository/Page_Moodle Lch Xem chi tit thng Thng Ging 2022/li_Software Engineering_1_2_3' is clicked on

2022-01-17 23:39:02 - [MESSAGE][INFO] - Unable to find the element located by 'By.xpath: //li[@id='form_autocomplete_suggestions-1642045252858-0']'. Please recheck the objects properties to make sure the desired element is located. 

2022-01-17 23:39:02 - [MESSAGE][WARNING] - [SELF-HEALING] Failed to find element with id 'Object Repository/Page_Moodle Lch Xem chi tit thng Thng Ging 2022/li_Software Engineering_1_2_3'. Try using Self-healing.

2022-01-17 23:39:02 - [MESSAGE][WARNING] - [SELF-HEALING] The current locator of test object 'Object Repository/Page_Moodle Lch Xem chi tit thng Thng Ging 2022/li_Software Engineering_1_2_3' was broken. Propose an alternative one: '(.//*[normalize-space(text()) and normalize-space(.)='▼'])[2]/following::li[1]'.

2022-01-17 23:39:03 - [MESSAGE][PASSED] - Object: 'Object Repository/Page_Moodle Lch Xem chi tit thng Thng Ging 2022/li_Software Engineering_1_2_3' is clicked on

2022-01-17 23:39:03 - [TEST_STEP][PASSED] - selectOptionByValue(findTestObject("Object Repository/Page_Moodle Lch Xem chi tit thng Thng Ging 2022/select_Software Engineering"), "3", true): All options with value '3' are selected in object 'Object Repository/Page_Moodle Lch Xem chi tit thng Thng Ging 2022/select_Software Engineering'  using regular expression

2022-01-17 23:39:04 - [MESSAGE][PASSED] - All options with value '3' are selected in object 'Object Repository/Page_Moodle Lch Xem chi tit thng Thng Ging 2022/select_Software Engineering'  using regular expression

2022-01-17 23:39:04 - [TEST_STEP][PASSED] - click(findTestObject("Object Repository/Page_Moodle Lch Xem chi tit thng Thng Ging 2022/a_Show more (2)")): Object: 'Object Repository/Page_Moodle Lch Xem chi tit thng Thng Ging 2022/a_Show more (2)' is clicked on

2022-01-17 23:39:10 - [MESSAGE][INFO] - Unable to find the element located by 'By.xpath: //a[@id='yui_3_17_2_1_1641917303276_609']'. Please recheck the objects properties to make sure the desired element is located. 

2022-01-17 23:39:10 - [MESSAGE][WARNING] - [SELF-HEALING] Failed to find element with id 'Object Repository/Page_Moodle Lch Xem chi tit thng Thng Ging 2022/a_Show more (2)'. Try using Self-healing.

2022-01-17 23:39:11 - [MESSAGE][WARNING] - [SELF-HEALING] The current locator of test object 'Object Repository/Page_Moodle Lch Xem chi tit thng Thng Ging 2022/a_Show more (2)' was broken. Propose an alternative one: '//a[contains(text(),'Show more...')]'.

2022-01-17 23:39:11 - [MESSAGE][PASSED] - Object: 'Object Repository/Page_Moodle Lch Xem chi tit thng Thng Ging 2022/a_Show more (2)' is clicked on

2022-01-17 23:39:11 - [TEST_STEP][PASSED] - click(findTestObject("Object Repository/Page_Moodle Lch Xem chi tit thng Thng Ging 2022/p")): Object: 'Object Repository/Page_Moodle Lch Xem chi tit thng Thng Ging 2022/p' is clicked on

2022-01-17 23:39:12 - [MESSAGE][PASSED] - Object: 'Object Repository/Page_Moodle Lch Xem chi tit thng Thng Ging 2022/p' is clicked on

2022-01-17 23:39:12 - [TEST_STEP][PASSED] - setText(findTestObject("Object Repository/Page_Moodle Lch Xem chi tit thng Thng Ging 2022/div_Gii p thc mc  n"), "Giải đáp thắc mắc đồ án"): Text 'Giải đáp thắc mắc đồ án' is set on object 'Object Repository/Page_Moodle Lch Xem chi tit thng Thng Ging 2022/div_Gii p thc mc  n'

2022-01-17 23:39:14 - [MESSAGE][PASSED] - Text 'Giải đáp thắc mắc đồ án' is set on object 'Object Repository/Page_Moodle Lch Xem chi tit thng Thng Ging 2022/div_Gii p thc mc  n'

2022-01-17 23:39:14 - [TEST_STEP][PASSED] - click(findTestObject("Object Repository/Page_Moodle Lch Xem chi tit thng Thng Ging 2022/input_Ti_duration (1)")): Object: 'Object Repository/Page_Moodle Lch Xem chi tit thng Thng Ging 2022/input_Ti_duration (1)' is clicked on

2022-01-17 23:39:15 - [MESSAGE][PASSED] - Object: 'Object Repository/Page_Moodle Lch Xem chi tit thng Thng Ging 2022/input_Ti_duration (1)' is clicked on

2022-01-17 23:39:15 - [TEST_STEP][PASSED] - selectOptionByValue(findTestObject("Object Repository/Page_Moodle Lch Xem chi tit thng Thng Ging 2022/select_1        2        3        4        _45ea30_1 (1)"), "16", true): All options with value '16' are selected in object 'Object Repository/Page_Moodle Lch Xem chi tit thng Thng Ging 2022/select_1        2        3        4        _45ea30_1 (1)'  using regular expression

2022-01-17 23:39:17 - [MESSAGE][PASSED] - All options with value '16' are selected in object 'Object Repository/Page_Moodle Lch Xem chi tit thng Thng Ging 2022/select_1        2        3        4        _45ea30_1 (1)'  using regular expression

2022-01-17 23:39:17 - [TEST_STEP][PASSED] - selectOptionByValue(findTestObject("Object Repository/Page_Moodle Lch Xem chi tit thng Thng Ging 2022/select_00        01        02        03    _f6e37b_1_2 (1)"), "11", true): All options with value '11' are selected in object 'Object Repository/Page_Moodle Lch Xem chi tit thng Thng Ging 2022/select_00        01        02        03    _f6e37b_1_2 (1)'  using regular expression

2022-01-17 23:39:19 - [MESSAGE][PASSED] - All options with value '11' are selected in object 'Object Repository/Page_Moodle Lch Xem chi tit thng Thng Ging 2022/select_00        01        02        03    _f6e37b_1_2 (1)'  using regular expression

2022-01-17 23:39:19 - [TEST_STEP][PASSED] - selectOptionByValue(findTestObject("Object Repository/Page_Moodle Lch Xem chi tit thng Thng Ging 2022/select_00        01        02        03    _f6e37b_1_2_3 (1)"), "0", true): All options with value '0' are selected in object 'Object Repository/Page_Moodle Lch Xem chi tit thng Thng Ging 2022/select_00        01        02        03    _f6e37b_1_2_3 (1)'  using regular expression

2022-01-17 23:39:21 - [MESSAGE][PASSED] - All options with value '0' are selected in object 'Object Repository/Page_Moodle Lch Xem chi tit thng Thng Ging 2022/select_00        01        02        03    _f6e37b_1_2_3 (1)'  using regular expression

2022-01-17 23:39:21 - [TEST_STEP][PASSED] - click(findTestObject("Object Repository/Page_Moodle Lch Xem chi tit thng Thng Ging 2022/button_Lu (3)")): Object: 'Object Repository/Page_Moodle Lch Xem chi tit thng Thng Ging 2022/button_Lu (3)' is clicked on

2022-01-17 23:39:28 - [MESSAGE][INFO] - Unable to find the element located by 'By.xpath: //button[@id='yui_3_17_2_1_1641917303276_1585']'. Please recheck the objects properties to make sure the desired element is located. 

2022-01-17 23:39:28 - [MESSAGE][WARNING] - [SELF-HEALING] Failed to find element with id 'Object Repository/Page_Moodle Lch Xem chi tit thng Thng Ging 2022/button_Lu (3)'. Try using Self-healing.

2022-01-17 23:39:28 - [MESSAGE][WARNING] - [SELF-HEALING] The current locator of test object 'Object Repository/Page_Moodle Lch Xem chi tit thng Thng Ging 2022/button_Lu (3)' was broken. Propose an alternative one: '(.//*[normalize-space(text()) and normalize-space(.)='Lặp lại hàng tuần, tạo ra tất cả'])[1]/following::button[1]'.

2022-01-17 23:39:28 - [MESSAGE][PASSED] - Object: 'Object Repository/Page_Moodle Lch Xem chi tit thng Thng Ging 2022/button_Lu (3)' is clicked on

2022-01-17 23:39:28 - [TEST_STEP][PASSED] - closeBrowser(): Browser is closed

2022-01-17 23:39:30 - [MESSAGE][PASSED] - Browser is closed]]></system-out>
         <system-err><![CDATA[]]></system-err>
      </testcase>
      <testcase name="Test Cases/Create event on calendar/Create Event Set Description" time="73.327" classname="Test Cases/Create event on calendar/Create Event Set Description" status="PASSED">
         <system-out><![CDATA[2022-01-17 23:39:30 - [TEST_CASE][PASSED] - Test Cases/Create event on calendar/Create Event Set Description: Test Cases/Create event on calendar/Create Event Set Description

2022-01-17 23:39:31 - [TEST_STEP][PASSED] - openBrowser(""): Browser is opened with url: ''

2022-01-17 23:39:31 - [MESSAGE][INFO] - Starting 'Edge Chromium' driver

2022-01-17 23:39:33 - [MESSAGE][INFO] - Action delay is set to 0 milliseconds

2022-01-17 23:39:35 - [MESSAGE][PASSED] - Browser is opened with url: ''

2022-01-17 23:39:35 - [TEST_STEP][PASSED] - navigateToUrl("http://localhost/"): Navigate to 'http://localhost/' successfully

2022-01-17 23:39:37 - [MESSAGE][PASSED] - Navigate to 'http://localhost/' successfully

2022-01-17 23:39:37 - [TEST_STEP][PASSED] - click(findTestObject("Object Repository/Page_Local Moodle/a_Log in (14)")): Object: 'Object Repository/Page_Local Moodle/a_Log in (14)' is clicked on

2022-01-17 23:39:39 - [MESSAGE][PASSED] - Object: 'Object Repository/Page_Local Moodle/a_Log in (14)' is clicked on

2022-01-17 23:39:39 - [TEST_STEP][PASSED] - setText(findTestObject("Object Repository/Page_Local Moodle Log in to the site/input_Username_username (14)"), "admin"): Text 'admin' is set on object 'Object Repository/Page_Local Moodle Log in to the site/input_Username_username (14)'

2022-01-17 23:39:40 - [MESSAGE][PASSED] - Text 'admin' is set on object 'Object Repository/Page_Local Moodle Log in to the site/input_Username_username (14)'

2022-01-17 23:39:40 - [TEST_STEP][PASSED] - setEncryptedText(findTestObject("Object Repository/Page_Local Moodle Log in to the site/input_Password_password (14)"), "bfAykA/oWJ09FXmiKh6lyuuLu8QhG1K5"): Text ****** has been set on object 'Object Repository/Page_Local Moodle Log in to the site/input_Password_password (14)'

2022-01-17 23:39:41 - [MESSAGE][PASSED] - Text ****** has been set on object 'Object Repository/Page_Local Moodle Log in to the site/input_Password_password (14)'

2022-01-17 23:39:41 - [TEST_STEP][PASSED] - click(findTestObject("Object Repository/Page_Local Moodle Log in to the site/button_Log in (14)")): Object: 'Object Repository/Page_Local Moodle Log in to the site/button_Log in (14)' is clicked on

2022-01-17 23:39:44 - [MESSAGE][PASSED] - Object: 'Object Repository/Page_Local Moodle Log in to the site/button_Log in (14)' is clicked on

2022-01-17 23:39:44 - [TEST_STEP][PASSED] - click(findTestObject("Object Repository/Page_Nh ca ti/a_Lch (1)")): Object: 'Object Repository/Page_Nh ca ti/a_Lch (1)' is clicked on

2022-01-17 23:39:51 - [MESSAGE][PASSED] - Object: 'Object Repository/Page_Nh ca ti/a_Lch (1)' is clicked on

2022-01-17 23:39:51 - [TEST_STEP][PASSED] - click(findTestObject("Object Repository/Page_Moodle Lch Xem chi tit thng Thng Ging 2022/button_S kin mi (1)")): Object: 'Object Repository/Page_Moodle Lch Xem chi tit thng Thng Ging 2022/button_S kin mi (1)' is clicked on

2022-01-17 23:39:57 - [MESSAGE][INFO] - Unable to find the element located by 'By.xpath: //div[@id='calendar-month-61dda5ebf3a0b61dda5ebae16821']/div/button'. Please recheck the objects properties to make sure the desired element is located. 

2022-01-17 23:39:57 - [MESSAGE][WARNING] - [SELF-HEALING] Failed to find element with id 'Object Repository/Page_Moodle Lch Xem chi tit thng Thng Ging 2022/button_S kin mi (1)'. Try using Self-healing.

2022-01-17 23:39:58 - [MESSAGE][WARNING] - [SELF-HEALING] The current locator of test object 'Object Repository/Page_Moodle Lch Xem chi tit thng Thng Ging 2022/button_S kin mi (1)' was broken. Propose an alternative one: '(.//*[normalize-space(text()) and normalize-space(.)='Danh sách khóa học'])[1]/following::button[1]'.

2022-01-17 23:39:58 - [MESSAGE][PASSED] - Object: 'Object Repository/Page_Moodle Lch Xem chi tit thng Thng Ging 2022/button_S kin mi (1)' is clicked on

2022-01-17 23:39:58 - [TEST_STEP][PASSED] - setText(findTestObject("Object Repository/Page_Moodle Lch Xem chi tit thng Thng Ging 2022/input_Tiu  s kin_name (1)"), "Seminar Project"): Text 'Seminar Project' is set on object 'Object Repository/Page_Moodle Lch Xem chi tit thng Thng Ging 2022/input_Tiu  s kin_name (1)'

2022-01-17 23:40:02 - [MESSAGE][PASSED] - Text 'Seminar Project' is set on object 'Object Repository/Page_Moodle Lch Xem chi tit thng Thng Ging 2022/input_Tiu  s kin_name (1)'

2022-01-17 23:40:02 - [TEST_STEP][PASSED] - selectOptionByValue(findTestObject("Object Repository/Page_Moodle Lch Xem chi tit thng Thng Ging 2022/select_1        2        3        4        _45ea30 (1)"), "14", true): All options with value '14' are selected in object 'Object Repository/Page_Moodle Lch Xem chi tit thng Thng Ging 2022/select_1        2        3        4        _45ea30 (1)'  using regular expression

2022-01-17 23:40:04 - [MESSAGE][PASSED] - All options with value '14' are selected in object 'Object Repository/Page_Moodle Lch Xem chi tit thng Thng Ging 2022/select_1        2        3        4        _45ea30 (1)'  using regular expression

2022-01-17 23:40:04 - [TEST_STEP][PASSED] - selectOptionByValue(findTestObject("Object Repository/Page_Moodle Lch Xem chi tit thng Thng Ging 2022/select_00        01        02        03    _f6e37b"), "9", true): All options with value '9' are selected in object 'Object Repository/Page_Moodle Lch Xem chi tit thng Thng Ging 2022/select_00        01        02        03    _f6e37b'  using regular expression

2022-01-17 23:40:07 - [MESSAGE][PASSED] - All options with value '9' are selected in object 'Object Repository/Page_Moodle Lch Xem chi tit thng Thng Ging 2022/select_00        01        02        03    _f6e37b'  using regular expression

2022-01-17 23:40:07 - [TEST_STEP][PASSED] - selectOptionByValue(findTestObject("Object Repository/Page_Moodle Lch Xem chi tit thng Thng Ging 2022/select_00        01        02        03    _f6e37b_1"), "0", true): All options with value '0' are selected in object 'Object Repository/Page_Moodle Lch Xem chi tit thng Thng Ging 2022/select_00        01        02        03    _f6e37b_1'  using regular expression

2022-01-17 23:40:09 - [MESSAGE][PASSED] - All options with value '0' are selected in object 'Object Repository/Page_Moodle Lch Xem chi tit thng Thng Ging 2022/select_00        01        02        03    _f6e37b_1'  using regular expression

2022-01-17 23:40:09 - [TEST_STEP][PASSED] - selectOptionByValue(findTestObject("Object Repository/Page_Moodle Lch Xem chi tit thng Thng Ging 2022/select_Thnh vin            Kho hc          _5efb09 (1)"), "course", true): All options with value 'course' are selected in object 'Object Repository/Page_Moodle Lch Xem chi tit thng Thng Ging 2022/select_Thnh vin            Kho hc          _5efb09 (1)'  using regular expression

2022-01-17 23:40:11 - [MESSAGE][PASSED] - All options with value 'course' are selected in object 'Object Repository/Page_Moodle Lch Xem chi tit thng Thng Ging 2022/select_Thnh vin            Kho hc          _5efb09 (1)'  using regular expression

2022-01-17 23:40:11 - [TEST_STEP][PASSED] - click(findTestObject("Object Repository/Page_Moodle Lch Xem chi tit thng Thng Ging 2022/span__1_2_3_4")): Object: 'Object Repository/Page_Moodle Lch Xem chi tit thng Thng Ging 2022/span__1_2_3_4' is clicked on

2022-01-17 23:40:17 - [MESSAGE][INFO] - Unable to find the element located by 'By.xpath: //span[@id='form_autocomplete_downarrow-1642045252858']'. Please recheck the objects properties to make sure the desired element is located. 

2022-01-17 23:40:17 - [MESSAGE][WARNING] - [SELF-HEALING] Failed to find element with id 'Object Repository/Page_Moodle Lch Xem chi tit thng Thng Ging 2022/span__1_2_3_4'. Try using Self-healing.

2022-01-17 23:40:18 - [MESSAGE][WARNING] - [SELF-HEALING] The current locator of test object 'Object Repository/Page_Moodle Lch Xem chi tit thng Thng Ging 2022/span__1_2_3_4' was broken. Propose an alternative one: '(.//*[normalize-space(text()) and normalize-space(.)='No selection'])[1]/following::span[1]'.

2022-01-17 23:40:18 - [MESSAGE][PASSED] - Object: 'Object Repository/Page_Moodle Lch Xem chi tit thng Thng Ging 2022/span__1_2_3_4' is clicked on

2022-01-17 23:40:18 - [TEST_STEP][PASSED] - click(findTestObject("Object Repository/Page_Moodle Lch Xem chi tit thng Thng Ging 2022/li_Software Engineering_1_2_3")): Object: 'Object Repository/Page_Moodle Lch Xem chi tit thng Thng Ging 2022/li_Software Engineering_1_2_3' is clicked on

2022-01-17 23:40:24 - [MESSAGE][INFO] - Unable to find the element located by 'By.xpath: //li[@id='form_autocomplete_suggestions-1642045252858-0']'. Please recheck the objects properties to make sure the desired element is located. 

2022-01-17 23:40:24 - [MESSAGE][WARNING] - [SELF-HEALING] Failed to find element with id 'Object Repository/Page_Moodle Lch Xem chi tit thng Thng Ging 2022/li_Software Engineering_1_2_3'. Try using Self-healing.

2022-01-17 23:40:25 - [MESSAGE][WARNING] - [SELF-HEALING] The current locator of test object 'Object Repository/Page_Moodle Lch Xem chi tit thng Thng Ging 2022/li_Software Engineering_1_2_3' was broken. Propose an alternative one: '(.//*[normalize-space(text()) and normalize-space(.)='▼'])[2]/following::li[1]'.

2022-01-17 23:40:25 - [MESSAGE][PASSED] - Object: 'Object Repository/Page_Moodle Lch Xem chi tit thng Thng Ging 2022/li_Software Engineering_1_2_3' is clicked on

2022-01-17 23:40:25 - [TEST_STEP][PASSED] - selectOptionByValue(findTestObject("Object Repository/Page_Moodle Lch Xem chi tit thng Thng Ging 2022/select_Software Engineering"), "3", true): All options with value '3' are selected in object 'Object Repository/Page_Moodle Lch Xem chi tit thng Thng Ging 2022/select_Software Engineering'  using regular expression

2022-01-17 23:40:26 - [MESSAGE][PASSED] - All options with value '3' are selected in object 'Object Repository/Page_Moodle Lch Xem chi tit thng Thng Ging 2022/select_Software Engineering'  using regular expression

2022-01-17 23:40:26 - [TEST_STEP][PASSED] - click(findTestObject("Object Repository/Page_Moodle Lch Xem chi tit thng Thng Ging 2022/a_Show more")): Object: 'Object Repository/Page_Moodle Lch Xem chi tit thng Thng Ging 2022/a_Show more' is clicked on

2022-01-17 23:40:33 - [MESSAGE][INFO] - Unable to find the element located by 'By.xpath: //a[@id='yui_3_17_2_1_1641915883945_609']'. Please recheck the objects properties to make sure the desired element is located. 

2022-01-17 23:40:33 - [MESSAGE][WARNING] - [SELF-HEALING] Failed to find element with id 'Object Repository/Page_Moodle Lch Xem chi tit thng Thng Ging 2022/a_Show more'. Try using Self-healing.

2022-01-17 23:40:33 - [MESSAGE][WARNING] - [SELF-HEALING] The current locator of test object 'Object Repository/Page_Moodle Lch Xem chi tit thng Thng Ging 2022/a_Show more' was broken. Propose an alternative one: '//a[contains(text(),'Show more...')]'.

2022-01-17 23:40:33 - [MESSAGE][PASSED] - Object: 'Object Repository/Page_Moodle Lch Xem chi tit thng Thng Ging 2022/a_Show more' is clicked on

2022-01-17 23:40:33 - [TEST_STEP][PASSED] - setText(findTestObject("Object Repository/Page_Moodle Lch Xem chi tit thng Thng Ging 2022/div_Gii p thc mc v  n"), "Giải đáp thắc mắc về đồ án"): Text 'Giải đáp thắc mắc về đồ án' is set on object 'Object Repository/Page_Moodle Lch Xem chi tit thng Thng Ging 2022/div_Gii p thc mc v  n'

2022-01-17 23:40:35 - [MESSAGE][PASSED] - Text 'Giải đáp thắc mắc về đồ án' is set on object 'Object Repository/Page_Moodle Lch Xem chi tit thng Thng Ging 2022/div_Gii p thc mc v  n'

2022-01-17 23:40:35 - [TEST_STEP][PASSED] - click(findTestObject("Object Repository/Page_Moodle Lch Xem chi tit thng Thng Ging 2022/button_Lu (1)")): Object: 'Object Repository/Page_Moodle Lch Xem chi tit thng Thng Ging 2022/button_Lu (1)' is clicked on

2022-01-17 23:40:41 - [MESSAGE][INFO] - Unable to find the element located by 'By.xpath: //button[@id='yui_3_17_2_1_1641915883945_1459']'. Please recheck the objects properties to make sure the desired element is located. 

2022-01-17 23:40:41 - [MESSAGE][WARNING] - [SELF-HEALING] Failed to find element with id 'Object Repository/Page_Moodle Lch Xem chi tit thng Thng Ging 2022/button_Lu (1)'. Try using Self-healing.

2022-01-17 23:40:42 - [MESSAGE][WARNING] - [SELF-HEALING] The current locator of test object 'Object Repository/Page_Moodle Lch Xem chi tit thng Thng Ging 2022/button_Lu (1)' was broken. Propose an alternative one: '(.//*[normalize-space(text()) and normalize-space(.)='Lặp lại hàng tuần, tạo ra tất cả'])[1]/following::button[1]'.

2022-01-17 23:40:42 - [MESSAGE][PASSED] - Object: 'Object Repository/Page_Moodle Lch Xem chi tit thng Thng Ging 2022/button_Lu (1)' is clicked on

2022-01-17 23:40:42 - [TEST_STEP][PASSED] - closeBrowser(): Browser is closed

2022-01-17 23:40:43 - [MESSAGE][PASSED] - Browser is closed]]></system-out>
         <system-err><![CDATA[]]></system-err>
      </testcase>
      <testcase name="Test Cases/Create event on calendar/Create Event Set Time" time="81.771" classname="Test Cases/Create event on calendar/Create Event Set Time" status="PASSED">
         <system-out><![CDATA[2022-01-17 23:40:43 - [TEST_CASE][PASSED] - Test Cases/Create event on calendar/Create Event Set Time: Test Cases/Create event on calendar/Create Event Set Time

2022-01-17 23:40:45 - [TEST_STEP][PASSED] - openBrowser(""): Browser is opened with url: ''

2022-01-17 23:40:45 - [MESSAGE][INFO] - Starting 'Edge Chromium' driver

2022-01-17 23:40:47 - [MESSAGE][INFO] - Action delay is set to 0 milliseconds

2022-01-17 23:40:49 - [MESSAGE][PASSED] - Browser is opened with url: ''

2022-01-17 23:40:49 - [TEST_STEP][PASSED] - navigateToUrl("http://localhost/"): Navigate to 'http://localhost/' successfully

2022-01-17 23:40:51 - [MESSAGE][PASSED] - Navigate to 'http://localhost/' successfully

2022-01-17 23:40:51 - [TEST_STEP][PASSED] - click(findTestObject("Object Repository/Page_Local Moodle/a_Log in (15)")): Object: 'Object Repository/Page_Local Moodle/a_Log in (15)' is clicked on

2022-01-17 23:40:53 - [MESSAGE][PASSED] - Object: 'Object Repository/Page_Local Moodle/a_Log in (15)' is clicked on

2022-01-17 23:40:53 - [TEST_STEP][PASSED] - setText(findTestObject("Object Repository/Page_Local Moodle Log in to the site/input_Username_username (15)"), "admin"): Text 'admin' is set on object 'Object Repository/Page_Local Moodle Log in to the site/input_Username_username (15)'

2022-01-17 23:40:54 - [MESSAGE][PASSED] - Text 'admin' is set on object 'Object Repository/Page_Local Moodle Log in to the site/input_Username_username (15)'

2022-01-17 23:40:54 - [TEST_STEP][PASSED] - setEncryptedText(findTestObject("Object Repository/Page_Local Moodle Log in to the site/input_Password_password (15)"), "bfAykA/oWJ09FXmiKh6lyuuLu8QhG1K5"): Text ****** has been set on object 'Object Repository/Page_Local Moodle Log in to the site/input_Password_password (15)'

2022-01-17 23:40:54 - [MESSAGE][PASSED] - Text ****** has been set on object 'Object Repository/Page_Local Moodle Log in to the site/input_Password_password (15)'

2022-01-17 23:40:54 - [TEST_STEP][PASSED] - click(findTestObject("Object Repository/Page_Local Moodle Log in to the site/button_Log in (15)")): Object: 'Object Repository/Page_Local Moodle Log in to the site/button_Log in (15)' is clicked on

2022-01-17 23:40:59 - [MESSAGE][PASSED] - Object: 'Object Repository/Page_Local Moodle Log in to the site/button_Log in (15)' is clicked on

2022-01-17 23:40:59 - [TEST_STEP][PASSED] - click(findTestObject("Object Repository/Page_Nh ca ti/a_Lch (2)")): Object: 'Object Repository/Page_Nh ca ti/a_Lch (2)' is clicked on

2022-01-17 23:41:06 - [MESSAGE][PASSED] - Object: 'Object Repository/Page_Nh ca ti/a_Lch (2)' is clicked on

2022-01-17 23:41:06 - [TEST_STEP][PASSED] - click(findTestObject("Object Repository/Page_Moodle Lch Xem chi tit thng Thng Ging 2022/button_S kin mi (2)")): Object: 'Object Repository/Page_Moodle Lch Xem chi tit thng Thng Ging 2022/button_S kin mi (2)' is clicked on

2022-01-17 23:41:13 - [MESSAGE][INFO] - Unable to find the element located by 'By.xpath: //div[@id='calendar-month-61dda95a6fccb61dda95a2d01921']/div/button'. Please recheck the objects properties to make sure the desired element is located. 

2022-01-17 23:41:13 - [MESSAGE][WARNING] - [SELF-HEALING] Failed to find element with id 'Object Repository/Page_Moodle Lch Xem chi tit thng Thng Ging 2022/button_S kin mi (2)'. Try using Self-healing.

2022-01-17 23:41:13 - [MESSAGE][WARNING] - [SELF-HEALING] The current locator of test object 'Object Repository/Page_Moodle Lch Xem chi tit thng Thng Ging 2022/button_S kin mi (2)' was broken. Propose an alternative one: '(.//*[normalize-space(text()) and normalize-space(.)='Danh sách khóa học'])[1]/following::button[1]'.

2022-01-17 23:41:13 - [MESSAGE][PASSED] - Object: 'Object Repository/Page_Moodle Lch Xem chi tit thng Thng Ging 2022/button_S kin mi (2)' is clicked on

2022-01-17 23:41:13 - [TEST_STEP][PASSED] - setText(findTestObject("Object Repository/Page_Moodle Lch Xem chi tit thng Thng Ging 2022/input_Tiu  s kin_name (2)"), "Seminar"): Text 'Seminar' is set on object 'Object Repository/Page_Moodle Lch Xem chi tit thng Thng Ging 2022/input_Tiu  s kin_name (2)'

2022-01-17 23:41:17 - [MESSAGE][PASSED] - Text 'Seminar' is set on object 'Object Repository/Page_Moodle Lch Xem chi tit thng Thng Ging 2022/input_Tiu  s kin_name (2)'

2022-01-17 23:41:17 - [TEST_STEP][PASSED] - selectOptionByValue(findTestObject("Object Repository/Page_Moodle Lch Xem chi tit thng Thng Ging 2022/select_1        2        3        4        _45ea30 (2)"), "15", true): All options with value '15' are selected in object 'Object Repository/Page_Moodle Lch Xem chi tit thng Thng Ging 2022/select_1        2        3        4        _45ea30 (2)'  using regular expression

2022-01-17 23:41:19 - [MESSAGE][PASSED] - All options with value '15' are selected in object 'Object Repository/Page_Moodle Lch Xem chi tit thng Thng Ging 2022/select_1        2        3        4        _45ea30 (2)'  using regular expression

2022-01-17 23:41:19 - [TEST_STEP][PASSED] - selectOptionByValue(findTestObject("Object Repository/Page_Moodle Lch Xem chi tit thng Thng Ging 2022/select_00        01        02        03    _f6e37b (1)"), "14", true): All options with value '14' are selected in object 'Object Repository/Page_Moodle Lch Xem chi tit thng Thng Ging 2022/select_00        01        02        03    _f6e37b (1)'  using regular expression

2022-01-17 23:41:21 - [MESSAGE][PASSED] - All options with value '14' are selected in object 'Object Repository/Page_Moodle Lch Xem chi tit thng Thng Ging 2022/select_00        01        02        03    _f6e37b (1)'  using regular expression

2022-01-17 23:41:21 - [TEST_STEP][PASSED] - selectOptionByValue(findTestObject("Object Repository/Page_Moodle Lch Xem chi tit thng Thng Ging 2022/select_00        01        02        03    _f6e37b_1 (1)"), "30", true): All options with value '30' are selected in object 'Object Repository/Page_Moodle Lch Xem chi tit thng Thng Ging 2022/select_00        01        02        03    _f6e37b_1 (1)'  using regular expression

2022-01-17 23:41:24 - [MESSAGE][PASSED] - All options with value '30' are selected in object 'Object Repository/Page_Moodle Lch Xem chi tit thng Thng Ging 2022/select_00        01        02        03    _f6e37b_1 (1)'  using regular expression

2022-01-17 23:41:24 - [TEST_STEP][PASSED] - selectOptionByValue(findTestObject("Object Repository/Page_Moodle Lch Xem chi tit thng Thng Ging 2022/select_Thnh vin            Kho hc          _5efb09 (2)"), "course", true): All options with value 'course' are selected in object 'Object Repository/Page_Moodle Lch Xem chi tit thng Thng Ging 2022/select_Thnh vin            Kho hc          _5efb09 (2)'  using regular expression

2022-01-17 23:41:25 - [MESSAGE][PASSED] - All options with value 'course' are selected in object 'Object Repository/Page_Moodle Lch Xem chi tit thng Thng Ging 2022/select_Thnh vin            Kho hc          _5efb09 (2)'  using regular expression

2022-01-17 23:41:25 - [TEST_STEP][PASSED] - click(findTestObject("Object Repository/Page_Moodle Lch Xem chi tit thng Thng Ging 2022/span__1_2_3_4")): Object: 'Object Repository/Page_Moodle Lch Xem chi tit thng Thng Ging 2022/span__1_2_3_4' is clicked on

2022-01-17 23:41:32 - [MESSAGE][INFO] - Unable to find the element located by 'By.xpath: //span[@id='form_autocomplete_downarrow-1642045252858']'. Please recheck the objects properties to make sure the desired element is located. 

2022-01-17 23:41:32 - [MESSAGE][WARNING] - [SELF-HEALING] Failed to find element with id 'Object Repository/Page_Moodle Lch Xem chi tit thng Thng Ging 2022/span__1_2_3_4'. Try using Self-healing.

2022-01-17 23:41:32 - [MESSAGE][WARNING] - [SELF-HEALING] The current locator of test object 'Object Repository/Page_Moodle Lch Xem chi tit thng Thng Ging 2022/span__1_2_3_4' was broken. Propose an alternative one: '(.//*[normalize-space(text()) and normalize-space(.)='No selection'])[1]/following::span[1]'.

2022-01-17 23:41:32 - [MESSAGE][PASSED] - Object: 'Object Repository/Page_Moodle Lch Xem chi tit thng Thng Ging 2022/span__1_2_3_4' is clicked on

2022-01-17 23:41:32 - [TEST_STEP][PASSED] - click(findTestObject("Object Repository/Page_Moodle Lch Xem chi tit thng Thng Ging 2022/li_Software Engineering_1_2_3")): Object: 'Object Repository/Page_Moodle Lch Xem chi tit thng Thng Ging 2022/li_Software Engineering_1_2_3' is clicked on

2022-01-17 23:41:39 - [MESSAGE][INFO] - Unable to find the element located by 'By.xpath: //li[@id='form_autocomplete_suggestions-1642045252858-0']'. Please recheck the objects properties to make sure the desired element is located. 

2022-01-17 23:41:39 - [MESSAGE][WARNING] - [SELF-HEALING] Failed to find element with id 'Object Repository/Page_Moodle Lch Xem chi tit thng Thng Ging 2022/li_Software Engineering_1_2_3'. Try using Self-healing.

2022-01-17 23:41:39 - [MESSAGE][WARNING] - [SELF-HEALING] The current locator of test object 'Object Repository/Page_Moodle Lch Xem chi tit thng Thng Ging 2022/li_Software Engineering_1_2_3' was broken. Propose an alternative one: '(.//*[normalize-space(text()) and normalize-space(.)='▼'])[2]/following::li[1]'.

2022-01-17 23:41:39 - [MESSAGE][PASSED] - Object: 'Object Repository/Page_Moodle Lch Xem chi tit thng Thng Ging 2022/li_Software Engineering_1_2_3' is clicked on

2022-01-17 23:41:39 - [TEST_STEP][PASSED] - selectOptionByValue(findTestObject("Object Repository/Page_Moodle Lch Xem chi tit thng Thng Ging 2022/select_Software Engineering"), "3", true): All options with value '3' are selected in object 'Object Repository/Page_Moodle Lch Xem chi tit thng Thng Ging 2022/select_Software Engineering'  using regular expression

2022-01-17 23:41:40 - [MESSAGE][PASSED] - All options with value '3' are selected in object 'Object Repository/Page_Moodle Lch Xem chi tit thng Thng Ging 2022/select_Software Engineering'  using regular expression

2022-01-17 23:41:40 - [TEST_STEP][PASSED] - click(findTestObject("Object Repository/Page_Moodle Lch Xem chi tit thng Thng Ging 2022/a_Show more (1)")): Object: 'Object Repository/Page_Moodle Lch Xem chi tit thng Thng Ging 2022/a_Show more (1)' is clicked on

2022-01-17 23:41:47 - [MESSAGE][INFO] - Unable to find the element located by 'By.xpath: //a[@id='yui_3_17_2_1_1641916762423_1318']'. Please recheck the objects properties to make sure the desired element is located. 

2022-01-17 23:41:47 - [MESSAGE][WARNING] - [SELF-HEALING] Failed to find element with id 'Object Repository/Page_Moodle Lch Xem chi tit thng Thng Ging 2022/a_Show more (1)'. Try using Self-healing.

2022-01-17 23:41:47 - [MESSAGE][WARNING] - [SELF-HEALING] The current locator of test object 'Object Repository/Page_Moodle Lch Xem chi tit thng Thng Ging 2022/a_Show more (1)' was broken. Propose an alternative one: '//a[contains(text(),'Show more...')]'.

2022-01-17 23:41:47 - [MESSAGE][PASSED] - Object: 'Object Repository/Page_Moodle Lch Xem chi tit thng Thng Ging 2022/a_Show more (1)' is clicked on

2022-01-17 23:41:47 - [TEST_STEP][PASSED] - click(findTestObject("Object Repository/Page_Moodle Lch Xem chi tit thng Thng Ging 2022/input_Ti_duration")): Object: 'Object Repository/Page_Moodle Lch Xem chi tit thng Thng Ging 2022/input_Ti_duration' is clicked on

2022-01-17 23:41:48 - [MESSAGE][PASSED] - Object: 'Object Repository/Page_Moodle Lch Xem chi tit thng Thng Ging 2022/input_Ti_duration' is clicked on

2022-01-17 23:41:48 - [TEST_STEP][PASSED] - selectOptionByValue(findTestObject("Object Repository/Page_Moodle Lch Xem chi tit thng Thng Ging 2022/select_1        2        3        4        _45ea30_1"), "15", true): All options with value '15' are selected in object 'Object Repository/Page_Moodle Lch Xem chi tit thng Thng Ging 2022/select_1        2        3        4        _45ea30_1'  using regular expression

2022-01-17 23:41:51 - [MESSAGE][PASSED] - All options with value '15' are selected in object 'Object Repository/Page_Moodle Lch Xem chi tit thng Thng Ging 2022/select_1        2        3        4        _45ea30_1'  using regular expression

2022-01-17 23:41:51 - [TEST_STEP][PASSED] - selectOptionByValue(findTestObject("Object Repository/Page_Moodle Lch Xem chi tit thng Thng Ging 2022/select_00        01        02        03    _f6e37b_1_2"), "16", true): All options with value '16' are selected in object 'Object Repository/Page_Moodle Lch Xem chi tit thng Thng Ging 2022/select_00        01        02        03    _f6e37b_1_2'  using regular expression

2022-01-17 23:41:54 - [MESSAGE][PASSED] - All options with value '16' are selected in object 'Object Repository/Page_Moodle Lch Xem chi tit thng Thng Ging 2022/select_00        01        02        03    _f6e37b_1_2'  using regular expression

2022-01-17 23:41:54 - [TEST_STEP][PASSED] - selectOptionByValue(findTestObject("Object Repository/Page_Moodle Lch Xem chi tit thng Thng Ging 2022/select_00        01        02        03    _f6e37b_1_2_3"), "30", true): All options with value '30' are selected in object 'Object Repository/Page_Moodle Lch Xem chi tit thng Thng Ging 2022/select_00        01        02        03    _f6e37b_1_2_3'  using regular expression

2022-01-17 23:41:57 - [MESSAGE][PASSED] - All options with value '30' are selected in object 'Object Repository/Page_Moodle Lch Xem chi tit thng Thng Ging 2022/select_00        01        02        03    _f6e37b_1_2_3'  using regular expression

2022-01-17 23:41:57 - [TEST_STEP][PASSED] - click(findTestObject("Object Repository/Page_Moodle Lch Xem chi tit thng Thng Ging 2022/button_Lu (2)")): Object: 'Object Repository/Page_Moodle Lch Xem chi tit thng Thng Ging 2022/button_Lu (2)' is clicked on

2022-01-17 23:42:03 - [MESSAGE][INFO] - Unable to find the element located by 'By.xpath: //button[@id='yui_3_17_2_1_1641916762423_604']'. Please recheck the objects properties to make sure the desired element is located. 

2022-01-17 23:42:03 - [MESSAGE][WARNING] - [SELF-HEALING] Failed to find element with id 'Object Repository/Page_Moodle Lch Xem chi tit thng Thng Ging 2022/button_Lu (2)'. Try using Self-healing.

2022-01-17 23:42:03 - [MESSAGE][WARNING] - [SELF-HEALING] The current locator of test object 'Object Repository/Page_Moodle Lch Xem chi tit thng Thng Ging 2022/button_Lu (2)' was broken. Propose an alternative one: '(.//*[normalize-space(text()) and normalize-space(.)='Lặp lại hàng tuần, tạo ra tất cả'])[1]/following::button[1]'.

2022-01-17 23:42:04 - [MESSAGE][PASSED] - Object: 'Object Repository/Page_Moodle Lch Xem chi tit thng Thng Ging 2022/button_Lu (2)' is clicked on

2022-01-17 23:42:04 - [TEST_STEP][PASSED] - closeBrowser(): Browser is closed

2022-01-17 23:42:05 - [MESSAGE][PASSED] - Browser is closed]]></system-out>
         <system-err><![CDATA[]]></system-err>
      </testcase>
      <testcase name="Test Cases/Create event on calendar/Create Event Set Time Minute And Repeat" time="79.121" classname="Test Cases/Create event on calendar/Create Event Set Time Minute And Repeat" status="PASSED">
         <system-out><![CDATA[2022-01-17 23:42:05 - [TEST_CASE][PASSED] - Test Cases/Create event on calendar/Create Event Set Time Minute And Repeat: Test Cases/Create event on calendar/Create Event Set Time Minute And Repeat

2022-01-17 23:42:07 - [TEST_STEP][PASSED] - openBrowser(""): Browser is opened with url: ''

2022-01-17 23:42:07 - [MESSAGE][INFO] - Starting 'Edge Chromium' driver

2022-01-17 23:42:09 - [MESSAGE][INFO] - Action delay is set to 0 milliseconds

2022-01-17 23:42:11 - [MESSAGE][PASSED] - Browser is opened with url: ''

2022-01-17 23:42:11 - [TEST_STEP][PASSED] - navigateToUrl("http://localhost/"): Navigate to 'http://localhost/' successfully

2022-01-17 23:42:13 - [MESSAGE][PASSED] - Navigate to 'http://localhost/' successfully

2022-01-17 23:42:13 - [TEST_STEP][PASSED] - click(findTestObject("Object Repository/Page_Local Moodle/a_Log in (17)")): Object: 'Object Repository/Page_Local Moodle/a_Log in (17)' is clicked on

2022-01-17 23:42:15 - [MESSAGE][PASSED] - Object: 'Object Repository/Page_Local Moodle/a_Log in (17)' is clicked on

2022-01-17 23:42:15 - [TEST_STEP][PASSED] - setText(findTestObject("Object Repository/Page_Local Moodle Log in to the site/input_Username_username (17)"), "admin"): Text 'admin' is set on object 'Object Repository/Page_Local Moodle Log in to the site/input_Username_username (17)'

2022-01-17 23:42:16 - [MESSAGE][PASSED] - Text 'admin' is set on object 'Object Repository/Page_Local Moodle Log in to the site/input_Username_username (17)'

2022-01-17 23:42:16 - [TEST_STEP][PASSED] - setEncryptedText(findTestObject("Object Repository/Page_Local Moodle Log in to the site/input_Password_password (17)"), "bfAykA/oWJ09FXmiKh6lyuuLu8QhG1K5"): Text ****** has been set on object 'Object Repository/Page_Local Moodle Log in to the site/input_Password_password (17)'

2022-01-17 23:42:17 - [MESSAGE][PASSED] - Text ****** has been set on object 'Object Repository/Page_Local Moodle Log in to the site/input_Password_password (17)'

2022-01-17 23:42:17 - [TEST_STEP][PASSED] - click(findTestObject("Object Repository/Page_Local Moodle Log in to the site/button_Log in (17)")): Object: 'Object Repository/Page_Local Moodle Log in to the site/button_Log in (17)' is clicked on

2022-01-17 23:42:20 - [MESSAGE][PASSED] - Object: 'Object Repository/Page_Local Moodle Log in to the site/button_Log in (17)' is clicked on

2022-01-17 23:42:20 - [TEST_STEP][PASSED] - click(findTestObject("Object Repository/Page_Nh ca ti/a_Lch (4)")): Object: 'Object Repository/Page_Nh ca ti/a_Lch (4)' is clicked on

2022-01-17 23:42:26 - [MESSAGE][PASSED] - Object: 'Object Repository/Page_Nh ca ti/a_Lch (4)' is clicked on

2022-01-17 23:42:27 - [TEST_STEP][PASSED] - click(findTestObject("Object Repository/Page_Moodle Lch Xem chi tit thng Thng Ging 2022/button_S kin mi (4)")): Object: 'Object Repository/Page_Moodle Lch Xem chi tit thng Thng Ging 2022/button_S kin mi (4)' is clicked on

2022-01-17 23:42:33 - [MESSAGE][INFO] - Unable to find the element located by 'By.xpath: id("calendar-month-61ddaeeb7273d61ddaeeb3132c21")/div[@class="header d-flex flex-wrap p-1"]/button[@class="btn btn-secondary float-sm-right float-right"][count(. | //button[@class = 'btn btn-secondary float-sm-right float-right' and @data-context-id = '2' and @data-action = 'new-event-button' and (text() = '
            Sự kiện mới
        ' or . = '
            Sự kiện mới
        ')]) = count(//button[@class = 'btn btn-secondary float-sm-right float-right' and @data-context-id = '2' and @data-action = 'new-event-button' and (text() = '
            Sự kiện mới
        ' or . = '
            Sự kiện mới
        ')])]'. Please recheck the objects properties to make sure the desired element is located. 

2022-01-17 23:42:33 - [MESSAGE][WARNING] - [SELF-HEALING] Failed to find element with id 'Object Repository/Page_Moodle Lch Xem chi tit thng Thng Ging 2022/button_S kin mi (4)'. Try using Self-healing.

2022-01-17 23:42:33 - [MESSAGE][WARNING] - [SELF-HEALING] The current locator of test object 'Object Repository/Page_Moodle Lch Xem chi tit thng Thng Ging 2022/button_S kin mi (4)' was broken. Propose an alternative one: '(.//*[normalize-space(text()) and normalize-space(.)='Danh sách khóa học'])[1]/following::button[1]'.

2022-01-17 23:42:34 - [MESSAGE][PASSED] - Object: 'Object Repository/Page_Moodle Lch Xem chi tit thng Thng Ging 2022/button_S kin mi (4)' is clicked on

2022-01-17 23:42:34 - [TEST_STEP][PASSED] - setText(findTestObject("Object Repository/Page_Moodle Lch Xem chi tit thng Thng Ging 2022/input_Tiu  s kin_name (4)"), "Seminar"): Text 'Seminar' is set on object 'Object Repository/Page_Moodle Lch Xem chi tit thng Thng Ging 2022/input_Tiu  s kin_name (4)'

2022-01-17 23:42:39 - [MESSAGE][PASSED] - Text 'Seminar' is set on object 'Object Repository/Page_Moodle Lch Xem chi tit thng Thng Ging 2022/input_Tiu  s kin_name (4)'

2022-01-17 23:42:39 - [TEST_STEP][PASSED] - selectOptionByValue(findTestObject("Object Repository/Page_Moodle Lch Xem chi tit thng Thng Ging 2022/select_1        2        3        4        _45ea30 (4)"), "14", true): All options with value '14' are selected in object 'Object Repository/Page_Moodle Lch Xem chi tit thng Thng Ging 2022/select_1        2        3        4        _45ea30 (4)'  using regular expression

2022-01-17 23:42:42 - [MESSAGE][PASSED] - All options with value '14' are selected in object 'Object Repository/Page_Moodle Lch Xem chi tit thng Thng Ging 2022/select_1        2        3        4        _45ea30 (4)'  using regular expression

2022-01-17 23:42:42 - [TEST_STEP][PASSED] - selectOptionByValue(findTestObject("Object Repository/Page_Moodle Lch Xem chi tit thng Thng Ging 2022/select_00        01        02        03    _f6e37b (3)"), "7", true): All options with value '7' are selected in object 'Object Repository/Page_Moodle Lch Xem chi tit thng Thng Ging 2022/select_00        01        02        03    _f6e37b (3)'  using regular expression

2022-01-17 23:42:44 - [MESSAGE][PASSED] - All options with value '7' are selected in object 'Object Repository/Page_Moodle Lch Xem chi tit thng Thng Ging 2022/select_00        01        02        03    _f6e37b (3)'  using regular expression

2022-01-17 23:42:44 - [TEST_STEP][PASSED] - selectOptionByValue(findTestObject("Object Repository/Page_Moodle Lch Xem chi tit thng Thng Ging 2022/select_00        01        02        03    _f6e37b_1 (3)"), "30", true): All options with value '30' are selected in object 'Object Repository/Page_Moodle Lch Xem chi tit thng Thng Ging 2022/select_00        01        02        03    _f6e37b_1 (3)'  using regular expression

2022-01-17 23:42:48 - [MESSAGE][PASSED] - All options with value '30' are selected in object 'Object Repository/Page_Moodle Lch Xem chi tit thng Thng Ging 2022/select_00        01        02        03    _f6e37b_1 (3)'  using regular expression

2022-01-17 23:42:48 - [TEST_STEP][PASSED] - selectOptionByValue(findTestObject("Object Repository/Page_Moodle Lch Xem chi tit thng Thng Ging 2022/select_Thnh vin            Kho hc          _5efb09 (4)"), "course", true): All options with value 'course' are selected in object 'Object Repository/Page_Moodle Lch Xem chi tit thng Thng Ging 2022/select_Thnh vin            Kho hc          _5efb09 (4)'  using regular expression

2022-01-17 23:42:49 - [MESSAGE][PASSED] - All options with value 'course' are selected in object 'Object Repository/Page_Moodle Lch Xem chi tit thng Thng Ging 2022/select_Thnh vin            Kho hc          _5efb09 (4)'  using regular expression

2022-01-17 23:42:49 - [TEST_STEP][PASSED] - click(findTestObject("Object Repository/Page_Moodle Lch Xem chi tit thng Thng Ging 2022/span__1_2_3_4")): Object: 'Object Repository/Page_Moodle Lch Xem chi tit thng Thng Ging 2022/span__1_2_3_4' is clicked on

2022-01-17 23:42:56 - [MESSAGE][INFO] - Unable to find the element located by 'By.xpath: //span[@id='form_autocomplete_downarrow-1642045252858']'. Please recheck the objects properties to make sure the desired element is located. 

2022-01-17 23:42:56 - [MESSAGE][WARNING] - [SELF-HEALING] Failed to find element with id 'Object Repository/Page_Moodle Lch Xem chi tit thng Thng Ging 2022/span__1_2_3_4'. Try using Self-healing.

2022-01-17 23:42:56 - [MESSAGE][WARNING] - [SELF-HEALING] The current locator of test object 'Object Repository/Page_Moodle Lch Xem chi tit thng Thng Ging 2022/span__1_2_3_4' was broken. Propose an alternative one: '(.//*[normalize-space(text()) and normalize-space(.)='No selection'])[1]/following::span[1]'.

2022-01-17 23:42:56 - [MESSAGE][PASSED] - Object: 'Object Repository/Page_Moodle Lch Xem chi tit thng Thng Ging 2022/span__1_2_3_4' is clicked on

2022-01-17 23:42:56 - [TEST_STEP][PASSED] - click(findTestObject("Object Repository/Page_Moodle Lch Xem chi tit thng Thng Ging 2022/li_Software Engineering_1_2_3")): Object: 'Object Repository/Page_Moodle Lch Xem chi tit thng Thng Ging 2022/li_Software Engineering_1_2_3' is clicked on

2022-01-17 23:43:03 - [MESSAGE][INFO] - Unable to find the element located by 'By.xpath: //li[@id='form_autocomplete_suggestions-1642045252858-0']'. Please recheck the objects properties to make sure the desired element is located. 

2022-01-17 23:43:03 - [MESSAGE][WARNING] - [SELF-HEALING] Failed to find element with id 'Object Repository/Page_Moodle Lch Xem chi tit thng Thng Ging 2022/li_Software Engineering_1_2_3'. Try using Self-healing.

2022-01-17 23:43:03 - [MESSAGE][WARNING] - [SELF-HEALING] The current locator of test object 'Object Repository/Page_Moodle Lch Xem chi tit thng Thng Ging 2022/li_Software Engineering_1_2_3' was broken. Propose an alternative one: '(.//*[normalize-space(text()) and normalize-space(.)='▼'])[2]/following::li[1]'.

2022-01-17 23:43:03 - [MESSAGE][PASSED] - Object: 'Object Repository/Page_Moodle Lch Xem chi tit thng Thng Ging 2022/li_Software Engineering_1_2_3' is clicked on

2022-01-17 23:43:03 - [TEST_STEP][PASSED] - selectOptionByValue(findTestObject("Object Repository/Page_Moodle Lch Xem chi tit thng Thng Ging 2022/select_Software Engineering"), "3", true): All options with value '3' are selected in object 'Object Repository/Page_Moodle Lch Xem chi tit thng Thng Ging 2022/select_Software Engineering'  using regular expression

2022-01-17 23:43:05 - [MESSAGE][PASSED] - All options with value '3' are selected in object 'Object Repository/Page_Moodle Lch Xem chi tit thng Thng Ging 2022/select_Software Engineering'  using regular expression

2022-01-17 23:43:05 - [TEST_STEP][PASSED] - click(findTestObject("Object Repository/Page_Moodle Lch Xem chi tit thng Thng Ging 2022/a_Show more (3)")): Object: 'Object Repository/Page_Moodle Lch Xem chi tit thng Thng Ging 2022/a_Show more (3)' is clicked on

2022-01-17 23:43:11 - [MESSAGE][INFO] - Unable to find the element located by 'By.xpath: id("yui_3_17_2_1_1641918187444_609")[count(. | //a[@href = '#' and @class = 'moreless-toggler' and @aria-expanded = 'false' and @role = 'button' and @aria-controls = 'form-advanced-div' and @id = 'yui_3_17_2_1_1641918187444_609' and (text() = 'Show more...' or . = 'Show more...')]) = count(//a[@href = '#' and @class = 'moreless-toggler' and @aria-expanded = 'false' and @role = 'button' and @aria-controls = 'form-advanced-div' and @id = 'yui_3_17_2_1_1641918187444_609' and (text() = 'Show more...' or . = 'Show more...')])]'. Please recheck the objects properties to make sure the desired element is located. 

2022-01-17 23:43:11 - [MESSAGE][WARNING] - [SELF-HEALING] Failed to find element with id 'Object Repository/Page_Moodle Lch Xem chi tit thng Thng Ging 2022/a_Show more (3)'. Try using Self-healing.

2022-01-17 23:43:11 - [MESSAGE][WARNING] - [SELF-HEALING] The current locator of test object 'Object Repository/Page_Moodle Lch Xem chi tit thng Thng Ging 2022/a_Show more (3)' was broken. Propose an alternative one: '//a[contains(text(),'Show more...')]'.

2022-01-17 23:43:11 - [MESSAGE][PASSED] - Object: 'Object Repository/Page_Moodle Lch Xem chi tit thng Thng Ging 2022/a_Show more (3)' is clicked on

2022-01-17 23:43:11 - [TEST_STEP][PASSED] - click(findTestObject("Object Repository/Page_Moodle Lch Xem chi tit thng Thng Ging 2022/input_Ti_duration (2)")): Object: 'Object Repository/Page_Moodle Lch Xem chi tit thng Thng Ging 2022/input_Ti_duration (2)' is clicked on

2022-01-17 23:43:12 - [MESSAGE][PASSED] - Object: 'Object Repository/Page_Moodle Lch Xem chi tit thng Thng Ging 2022/input_Ti_duration (2)' is clicked on

2022-01-17 23:43:12 - [TEST_STEP][PASSED] - click(findTestObject("Object Repository/Page_Moodle Lch Xem chi tit thng Thng Ging 2022/input_Thi lng tnh bng pht_duration (1)")): Object: 'Object Repository/Page_Moodle Lch Xem chi tit thng Thng Ging 2022/input_Thi lng tnh bng pht_duration (1)' is clicked on

2022-01-17 23:43:13 - [MESSAGE][PASSED] - Object: 'Object Repository/Page_Moodle Lch Xem chi tit thng Thng Ging 2022/input_Thi lng tnh bng pht_duration (1)' is clicked on

2022-01-17 23:43:13 - [TEST_STEP][PASSED] - setText(findTestObject("Object Repository/Page_Moodle Lch Xem chi tit thng Thng Ging 2022/input_Thi lng tnh bng pht_timedurationminutes"), "120"): Text '120' is set on object 'Object Repository/Page_Moodle Lch Xem chi tit thng Thng Ging 2022/input_Thi lng tnh bng pht_timedurationminutes'

2022-01-17 23:43:14 - [MESSAGE][PASSED] - Text '120' is set on object 'Object Repository/Page_Moodle Lch Xem chi tit thng Thng Ging 2022/input_Thi lng tnh bng pht_timedurationminutes'

2022-01-17 23:43:14 - [TEST_STEP][PASSED] - click(findTestObject("Object Repository/Page_Moodle Lch Xem chi tit thng Thng Ging 2022/input_Thi lng tnh bng pht_repeat")): Object: 'Object Repository/Page_Moodle Lch Xem chi tit thng Thng Ging 2022/input_Thi lng tnh bng pht_repeat' is clicked on

2022-01-17 23:43:15 - [MESSAGE][PASSED] - Object: 'Object Repository/Page_Moodle Lch Xem chi tit thng Thng Ging 2022/input_Thi lng tnh bng pht_repeat' is clicked on

2022-01-17 23:43:15 - [TEST_STEP][PASSED] - setText(findTestObject("Object Repository/Page_Moodle Lch Xem chi tit thng Thng Ging 2022/input_Lp li hng tun, to ra tt c_repeats"), "2"): Text '2' is set on object 'Object Repository/Page_Moodle Lch Xem chi tit thng Thng Ging 2022/input_Lp li hng tun, to ra tt c_repeats'

2022-01-17 23:43:16 - [MESSAGE][PASSED] - Text '2' is set on object 'Object Repository/Page_Moodle Lch Xem chi tit thng Thng Ging 2022/input_Lp li hng tun, to ra tt c_repeats'

2022-01-17 23:43:16 - [TEST_STEP][PASSED] - click(findTestObject("Object Repository/Page_Moodle Lch Xem chi tit thng Thng Ging 2022/button_Lu (4)")): Object: 'Object Repository/Page_Moodle Lch Xem chi tit thng Thng Ging 2022/button_Lu (4)' is clicked on

2022-01-17 23:43:22 - [MESSAGE][INFO] - Unable to find the element located by 'By.xpath: //button[@id='yui_3_17_2_1_1641918187444_1345']'. Please recheck the objects properties to make sure the desired element is located. 

2022-01-17 23:43:22 - [MESSAGE][WARNING] - [SELF-HEALING] Failed to find element with id 'Object Repository/Page_Moodle Lch Xem chi tit thng Thng Ging 2022/button_Lu (4)'. Try using Self-healing.

2022-01-17 23:43:23 - [MESSAGE][WARNING] - [SELF-HEALING] The current locator of test object 'Object Repository/Page_Moodle Lch Xem chi tit thng Thng Ging 2022/button_Lu (4)' was broken. Propose an alternative one: '(.//*[normalize-space(text()) and normalize-space(.)='Lặp lại hàng tuần, tạo ra tất cả'])[1]/following::button[1]'.

2022-01-17 23:43:23 - [MESSAGE][PASSED] - Object: 'Object Repository/Page_Moodle Lch Xem chi tit thng Thng Ging 2022/button_Lu (4)' is clicked on

2022-01-17 23:43:23 - [TEST_STEP][PASSED] - closeBrowser(): Browser is closed

2022-01-17 23:43:24 - [MESSAGE][PASSED] - Browser is closed]]></system-out>
         <system-err><![CDATA[]]></system-err>
      </testcase>
      <testcase name="Test Cases/Student enroll course/Enroll Course" time="50.7" classname="Test Cases/Student enroll course/Enroll Course" status="PASSED">
         <system-out><![CDATA[2022-01-17 23:43:24 - [TEST_CASE][PASSED] - Test Cases/Student enroll course/Enroll Course: Test Cases/Student enroll course/Enroll Course

2022-01-17 23:43:25 - [TEST_STEP][PASSED] - openBrowser(""): Browser is opened with url: ''

2022-01-17 23:43:25 - [MESSAGE][INFO] - Starting 'Edge Chromium' driver

2022-01-17 23:43:28 - [MESSAGE][INFO] - Action delay is set to 0 milliseconds

2022-01-17 23:43:30 - [MESSAGE][PASSED] - Browser is opened with url: ''

2022-01-17 23:43:30 - [TEST_STEP][PASSED] - navigateToUrl("http://localhost/"): Navigate to 'http://localhost/' successfully

2022-01-17 23:43:32 - [MESSAGE][PASSED] - Navigate to 'http://localhost/' successfully

2022-01-17 23:43:32 - [TEST_STEP][PASSED] - click(findTestObject("Object Repository/Page_Local Moodle/a_Log in (23)")): Object: 'Object Repository/Page_Local Moodle/a_Log in (23)' is clicked on

2022-01-17 23:43:33 - [MESSAGE][PASSED] - Object: 'Object Repository/Page_Local Moodle/a_Log in (23)' is clicked on

2022-01-17 23:43:33 - [TEST_STEP][PASSED] - setText(findTestObject("Object Repository/Page_Local Moodle Log in to the site/input_Username_username (23)"), "hocvien"): Text 'hocvien' is set on object 'Object Repository/Page_Local Moodle Log in to the site/input_Username_username (23)'

2022-01-17 23:43:34 - [MESSAGE][PASSED] - Text 'hocvien' is set on object 'Object Repository/Page_Local Moodle Log in to the site/input_Username_username (23)'

2022-01-17 23:43:34 - [TEST_STEP][PASSED] - setEncryptedText(findTestObject("Object Repository/Page_Local Moodle Log in to the site/input_Password_password (23)"), "e0iuw4o+VG38P/PfCbIZUw=="): Text ****** has been set on object 'Object Repository/Page_Local Moodle Log in to the site/input_Password_password (23)'

2022-01-17 23:43:35 - [MESSAGE][PASSED] - Text ****** has been set on object 'Object Repository/Page_Local Moodle Log in to the site/input_Password_password (23)'

2022-01-17 23:43:35 - [TEST_STEP][PASSED] - click(findTestObject("Object Repository/Page_Local Moodle Log in to the site/button_Log in (23)")): Object: 'Object Repository/Page_Local Moodle Log in to the site/button_Log in (23)' is clicked on

2022-01-17 23:43:40 - [MESSAGE][PASSED] - Object: 'Object Repository/Page_Local Moodle Log in to the site/button_Log in (23)' is clicked on

2022-01-17 23:43:40 - [TEST_STEP][PASSED] - click(findTestObject("Object Repository/Page_Nh ca ti/span_Trang ch h thng (2)")): Object: 'Object Repository/Page_Nh ca ti/span_Trang ch h thng (2)' is clicked on

2022-01-17 23:43:46 - [MESSAGE][PASSED] - Object: 'Object Repository/Page_Nh ca ti/span_Trang ch h thng (2)' is clicked on

2022-01-17 23:43:46 - [TEST_STEP][PASSED] - click(findTestObject("Object Repository/Page_Local Moodle/a_Software Engineering 2")): Object: 'Object Repository/Page_Local Moodle/a_Software Engineering 2' is clicked on

2022-01-17 23:43:48 - [MESSAGE][PASSED] - Object: 'Object Repository/Page_Local Moodle/a_Software Engineering 2' is clicked on

2022-01-17 23:43:48 - [TEST_STEP][PASSED] - click(findTestObject("Object Repository/Page_SE2/input_Khng yu cu mt khu ng k_submitbutton (1)")): Object: 'Object Repository/Page_SE2/input_Khng yu cu mt khu ng k_submitbutton (1)' is clicked on

2022-01-17 23:43:53 - [MESSAGE][PASSED] - Object: 'Object Repository/Page_SE2/input_Khng yu cu mt khu ng k_submitbutton (1)' is clicked on

2022-01-17 23:43:53 - [TEST_STEP][PASSED] - click(findTestObject("Object Repository/Page_Kha Software Engineering 2/a_Software Engineering 2_action-menu-toggle-2")): Object: 'Object Repository/Page_Kha Software Engineering 2/a_Software Engineering 2_action-menu-toggle-2' is clicked on

2022-01-17 23:43:54 - [MESSAGE][PASSED] - Object: 'Object Repository/Page_Kha Software Engineering 2/a_Software Engineering 2_action-menu-toggle-2' is clicked on

2022-01-17 23:43:54 - [TEST_STEP][PASSED] - click(findTestObject("Object Repository/Page_Kha Software Engineering 2/a_Rt tn ti khi kho hc SE2_1")): Object: 'Object Repository/Page_Kha Software Engineering 2/a_Rt tn ti khi kho hc SE2_1' is clicked on

2022-01-17 23:44:01 - [MESSAGE][INFO] - Unable to find the element located by 'By.xpath: //a[@id='action_link61df942481b0b15']'. Please recheck the objects properties to make sure the desired element is located. 

2022-01-17 23:44:01 - [MESSAGE][WARNING] - [SELF-HEALING] Failed to find element with id 'Object Repository/Page_Kha Software Engineering 2/a_Rt tn ti khi kho hc SE2_1'. Try using Self-healing.

2022-01-17 23:44:01 - [MESSAGE][WARNING] - [SELF-HEALING] The current locator of test object 'Object Repository/Page_Kha Software Engineering 2/a_Rt tn ti khi kho hc SE2_1' was broken. Propose an alternative one: '//div[@id='action-menu-2-menu']/div/a'.

2022-01-17 23:44:02 - [MESSAGE][PASSED] - Object: 'Object Repository/Page_Kha Software Engineering 2/a_Rt tn ti khi kho hc SE2_1' is clicked on

2022-01-17 23:44:02 - [TEST_STEP][PASSED] - navigateToUrl("http://localhost/enrol/self/unenrolself.php?enrolid=9"): Navigate to 'http://localhost/enrol/self/unenrolself.php?enrolid=9' successfully

2022-01-17 23:44:04 - [MESSAGE][PASSED] - Navigate to 'http://localhost/enrol/self/unenrolself.php?enrolid=9' successfully

2022-01-17 23:44:04 - [TEST_STEP][PASSED] - click(findTestObject("Object Repository/Page_T ng k (Hc vin)/button_Tip tc_1")): Object: 'Object Repository/Page_T ng k (Hc vin)/button_Tip tc_1' is clicked on

2022-01-17 23:44:10 - [MESSAGE][INFO] - Unable to find the element located by 'By.xpath: //button[@id='single_button61df944a48d8118']'. Please recheck the objects properties to make sure the desired element is located. 

2022-01-17 23:44:10 - [MESSAGE][WARNING] - [SELF-HEALING] Failed to find element with id 'Object Repository/Page_T ng k (Hc vin)/button_Tip tc_1'. Try using Self-healing.

2022-01-17 23:44:11 - [MESSAGE][WARNING] - [SELF-HEALING] The current locator of test object 'Object Repository/Page_T ng k (Hc vin)/button_Tip tc_1' was broken. Propose an alternative one: '//div[@id='modal-footer']/div/div/form/button'.

2022-01-17 23:44:13 - [MESSAGE][PASSED] - Object: 'Object Repository/Page_T ng k (Hc vin)/button_Tip tc_1' is clicked on

2022-01-17 23:44:13 - [TEST_STEP][PASSED] - closeBrowser(): Browser is closed

2022-01-17 23:44:15 - [MESSAGE][PASSED] - Browser is closed]]></system-out>
         <system-err><![CDATA[]]></system-err>
      </testcase>
      <testcase name="Test Cases/Student enroll course/Enroll Course With Password" time="54.312" classname="Test Cases/Student enroll course/Enroll Course With Password" status="PASSED">
         <system-out><![CDATA[2022-01-17 23:44:15 - [TEST_CASE][PASSED] - Test Cases/Student enroll course/Enroll Course With Password: Test Cases/Student enroll course/Enroll Course With Password

2022-01-17 23:44:17 - [TEST_STEP][PASSED] - openBrowser(""): Browser is opened with url: ''

2022-01-17 23:44:17 - [MESSAGE][INFO] - Starting 'Edge Chromium' driver

2022-01-17 23:44:19 - [MESSAGE][INFO] - Action delay is set to 0 milliseconds

2022-01-17 23:44:21 - [MESSAGE][PASSED] - Browser is opened with url: ''

2022-01-17 23:44:21 - [TEST_STEP][PASSED] - navigateToUrl("http://localhost/"): Navigate to 'http://localhost/' successfully

2022-01-17 23:44:24 - [MESSAGE][PASSED] - Navigate to 'http://localhost/' successfully

2022-01-17 23:44:24 - [TEST_STEP][PASSED] - click(findTestObject("Object Repository/Page_Local Moodle/a_Log in (22)")): Object: 'Object Repository/Page_Local Moodle/a_Log in (22)' is clicked on

2022-01-17 23:44:25 - [MESSAGE][PASSED] - Object: 'Object Repository/Page_Local Moodle/a_Log in (22)' is clicked on

2022-01-17 23:44:25 - [TEST_STEP][PASSED] - setText(findTestObject("Object Repository/Page_Local Moodle Log in to the site/input_Username_username (22)"), "hocvien"): Text 'hocvien' is set on object 'Object Repository/Page_Local Moodle Log in to the site/input_Username_username (22)'

2022-01-17 23:44:26 - [MESSAGE][PASSED] - Text 'hocvien' is set on object 'Object Repository/Page_Local Moodle Log in to the site/input_Username_username (22)'

2022-01-17 23:44:26 - [TEST_STEP][PASSED] - setEncryptedText(findTestObject("Object Repository/Page_Local Moodle Log in to the site/input_Password_password (22)"), "e0iuw4o+VG38P/PfCbIZUw=="): Text ****** has been set on object 'Object Repository/Page_Local Moodle Log in to the site/input_Password_password (22)'

2022-01-17 23:44:27 - [MESSAGE][PASSED] - Text ****** has been set on object 'Object Repository/Page_Local Moodle Log in to the site/input_Password_password (22)'

2022-01-17 23:44:27 - [TEST_STEP][PASSED] - click(findTestObject("Object Repository/Page_Local Moodle Log in to the site/button_Log in (22)")): Object: 'Object Repository/Page_Local Moodle Log in to the site/button_Log in (22)' is clicked on

2022-01-17 23:44:31 - [MESSAGE][PASSED] - Object: 'Object Repository/Page_Local Moodle Log in to the site/button_Log in (22)' is clicked on

2022-01-17 23:44:31 - [TEST_STEP][PASSED] - click(findTestObject("Object Repository/Page_Nh ca ti/span_Trang ch h thng (1)")): Object: 'Object Repository/Page_Nh ca ti/span_Trang ch h thng (1)' is clicked on

2022-01-17 23:44:36 - [MESSAGE][PASSED] - Object: 'Object Repository/Page_Nh ca ti/span_Trang ch h thng (1)' is clicked on

2022-01-17 23:44:36 - [TEST_STEP][PASSED] - click(findTestObject("Object Repository/Page_Local Moodle/a_Software Engineering 3")): Object: 'Object Repository/Page_Local Moodle/a_Software Engineering 3' is clicked on

2022-01-17 23:44:38 - [MESSAGE][PASSED] - Object: 'Object Repository/Page_Local Moodle/a_Software Engineering 3' is clicked on

2022-01-17 23:44:38 - [TEST_STEP][PASSED] - setEncryptedText(findTestObject("Object Repository/Page_SE3/input_Mt khu ng k_enrolpassword"), "tzH6RvlfSTg="): Text ****** has been set on object 'Object Repository/Page_SE3/input_Mt khu ng k_enrolpassword'

2022-01-17 23:44:44 - [MESSAGE][INFO] - Unable to find the element located by 'By.xpath: //input[@id='enrolpassword_10']'. Please recheck the objects properties to make sure the desired element is located. 

2022-01-17 23:44:44 - [MESSAGE][WARNING] - [SELF-HEALING] Failed to find element with id 'Object Repository/Page_SE3/input_Mt khu ng k_enrolpassword'. Try using Self-healing.

2022-01-17 23:44:44 - [MESSAGE][WARNING] - [SELF-HEALING] The current locator of test object 'Object Repository/Page_SE3/input_Mt khu ng k_enrolpassword' was broken. Propose an alternative one: '//div[2]/input'.

2022-01-17 23:44:44 - [MESSAGE][PASSED] - Text ****** has been set on object 'Object Repository/Page_SE3/input_Mt khu ng k_enrolpassword'

2022-01-17 23:44:44 - [TEST_STEP][PASSED] - click(findTestObject("Object Repository/Page_SE3/input_Mt khu ng k_submitbutton")): Object: 'Object Repository/Page_SE3/input_Mt khu ng k_submitbutton' is clicked on

2022-01-17 23:44:49 - [MESSAGE][PASSED] - Object: 'Object Repository/Page_SE3/input_Mt khu ng k_submitbutton' is clicked on

2022-01-17 23:44:49 - [TEST_STEP][PASSED] - click(findTestObject("Object Repository/Page_Kha Software Engineering 3/a_Software Engineering 3_action-menu-toggle-2")): Object: 'Object Repository/Page_Kha Software Engineering 3/a_Software Engineering 3_action-menu-toggle-2' is clicked on

2022-01-17 23:44:50 - [MESSAGE][PASSED] - Object: 'Object Repository/Page_Kha Software Engineering 3/a_Software Engineering 3_action-menu-toggle-2' is clicked on

2022-01-17 23:44:50 - [TEST_STEP][PASSED] - click(findTestObject("Object Repository/Page_Kha Software Engineering 3/a_Rt tn ti khi kho hc SE3")): Object: 'Object Repository/Page_Kha Software Engineering 3/a_Rt tn ti khi kho hc SE3' is clicked on

2022-01-17 23:44:56 - [MESSAGE][INFO] - Unable to find the element located by 'By.xpath: //a[@id='action_link61df954ab14a415']'. Please recheck the objects properties to make sure the desired element is located. 

2022-01-17 23:44:56 - [MESSAGE][WARNING] - [SELF-HEALING] Failed to find element with id 'Object Repository/Page_Kha Software Engineering 3/a_Rt tn ti khi kho hc SE3'. Try using Self-healing.

2022-01-17 23:44:56 - [MESSAGE][WARNING] - [SELF-HEALING] The current locator of test object 'Object Repository/Page_Kha Software Engineering 3/a_Rt tn ti khi kho hc SE3' was broken. Propose an alternative one: '//div[@id='action-menu-2-menu']/div/a'.

2022-01-17 23:44:58 - [MESSAGE][PASSED] - Object: 'Object Repository/Page_Kha Software Engineering 3/a_Rt tn ti khi kho hc SE3' is clicked on

2022-01-17 23:44:58 - [TEST_STEP][PASSED] - navigateToUrl("http://localhost/enrol/self/unenrolself.php?enrolid=12"): Navigate to 'http://localhost/enrol/self/unenrolself.php?enrolid=12' successfully

2022-01-17 23:44:59 - [MESSAGE][PASSED] - Navigate to 'http://localhost/enrol/self/unenrolself.php?enrolid=12' successfully

2022-01-17 23:44:59 - [TEST_STEP][PASSED] - click(findTestObject("Object Repository/Page_T ng k (Hc vin)/button_Tip tc")): Object: 'Object Repository/Page_T ng k (Hc vin)/button_Tip tc' is clicked on

2022-01-17 23:45:05 - [MESSAGE][INFO] - Unable to find the element located by 'By.xpath: //button[@id='single_button61df955b6a6e218']'. Please recheck the objects properties to make sure the desired element is located. 

2022-01-17 23:45:05 - [MESSAGE][WARNING] - [SELF-HEALING] Failed to find element with id 'Object Repository/Page_T ng k (Hc vin)/button_Tip tc'. Try using Self-healing.

2022-01-17 23:45:05 - [MESSAGE][WARNING] - [SELF-HEALING] The current locator of test object 'Object Repository/Page_T ng k (Hc vin)/button_Tip tc' was broken. Propose an alternative one: '//div[@id='modal-footer']/div/div/form/button'.

2022-01-17 23:45:07 - [MESSAGE][PASSED] - Object: 'Object Repository/Page_T ng k (Hc vin)/button_Tip tc' is clicked on

2022-01-17 23:45:07 - [TEST_STEP][PASSED] - closeBrowser(): Browser is closed

2022-01-17 23:45:09 - [MESSAGE][PASSED] - Browser is closed]]></system-out>
         <system-err><![CDATA[]]></system-err>
      </testcase>
      <testcase name="Test Cases/Students check events on calendar/Asignment event" time="140.912" classname="Test Cases/Students check events on calendar/Asignment event" status="PASSED">
         <system-out><![CDATA[2022-01-17 23:45:09 - [TEST_CASE][PASSED] - Test Cases/Students check events on calendar/Asignment event: Test Cases/Students check events on calendar/Asignment event

2022-01-17 23:45:11 - [TEST_STEP][PASSED] - openBrowser(""): Browser is opened with url: ''

2022-01-17 23:45:11 - [MESSAGE][INFO] - Starting 'Edge Chromium' driver

2022-01-17 23:45:13 - [MESSAGE][INFO] - Action delay is set to 0 milliseconds

2022-01-17 23:45:15 - [MESSAGE][PASSED] - Browser is opened with url: ''

2022-01-17 23:45:15 - [TEST_STEP][PASSED] - navigateToUrl("http://localhost/"): Navigate to 'http://localhost/' successfully

2022-01-17 23:45:17 - [MESSAGE][PASSED] - Navigate to 'http://localhost/' successfully

2022-01-17 23:45:17 - [TEST_STEP][PASSED] - click(findTestObject("Object Repository/Students check events on calendar/Page_Local Moodle/a_Log in")): Object: 'Object Repository/Students check events on calendar/Page_Local Moodle/a_Log in' is clicked on

2022-01-17 23:45:19 - [MESSAGE][PASSED] - Object: 'Object Repository/Students check events on calendar/Page_Local Moodle/a_Log in' is clicked on

2022-01-17 23:45:19 - [TEST_STEP][PASSED] - setText(findTestObject("Object Repository/Students check events on calendar/Page_Local Moodle Log in to the site/input_Username_username"), "gv01"): Text 'gv01' is set on object 'Object Repository/Students check events on calendar/Page_Local Moodle Log in to the site/input_Username_username'

2022-01-17 23:45:20 - [MESSAGE][PASSED] - Text 'gv01' is set on object 'Object Repository/Students check events on calendar/Page_Local Moodle Log in to the site/input_Username_username'

2022-01-17 23:45:20 - [TEST_STEP][PASSED] - setEncryptedText(findTestObject("Object Repository/Students check events on calendar/Page_Local Moodle Log in to the site/input_Password_password"), "RigbBhfdqOAWw2eOk0+aVg=="): Text ****** has been set on object 'Object Repository/Students check events on calendar/Page_Local Moodle Log in to the site/input_Password_password'

2022-01-17 23:45:20 - [MESSAGE][PASSED] - Text ****** has been set on object 'Object Repository/Students check events on calendar/Page_Local Moodle Log in to the site/input_Password_password'

2022-01-17 23:45:20 - [TEST_STEP][PASSED] - click(findTestObject("Object Repository/Students check events on calendar/Page_Local Moodle Log in to the site/button_Log in")): Object: 'Object Repository/Students check events on calendar/Page_Local Moodle Log in to the site/button_Log in' is clicked on

2022-01-17 23:45:25 - [MESSAGE][PASSED] - Object: 'Object Repository/Students check events on calendar/Page_Local Moodle Log in to the site/button_Log in' is clicked on

2022-01-17 23:45:25 - [TEST_STEP][PASSED] - verifyElementClickable(findTestObject("Object Repository/Students check events on calendar/Page_Nh ca ti/span_Nhp mn cng ngh phn mm")): Object 'Object Repository/Students check events on calendar/Page_Nh ca ti/span_Nhp mn cng ngh phn mm' is clickable

2022-01-17 23:45:32 - [MESSAGE][INFO] - Unable to find the element located by 'By.xpath: //div[@id='course-info-container-20-8']/div/div/a/span[3]'. Please recheck the objects properties to make sure the desired element is located. 

2022-01-17 23:45:32 - [MESSAGE][WARNING] - [SELF-HEALING] Failed to find element with id 'Object Repository/Students check events on calendar/Page_Nh ca ti/span_Nhp mn cng ngh phn mm'. Try using Self-healing.

2022-01-17 23:45:32 - [MESSAGE][WARNING] - [SELF-HEALING] The current locator of test object 'Object Repository/Students check events on calendar/Page_Nh ca ti/span_Nhp mn cng ngh phn mm' was broken. Propose an alternative one: '(.//*[normalize-space(text()) and normalize-space(.)='Tên khóa học'])[1]/following::span[1]'.

2022-01-17 23:45:32 - [MESSAGE][PASSED] - Object 'Object Repository/Students check events on calendar/Page_Nh ca ti/span_Nhp mn cng ngh phn mm' is clickable

2022-01-17 23:45:32 - [TEST_STEP][PASSED] - click(findTestObject("Object Repository/Students check events on calendar/Page_Nh ca ti/span_Nhp mn cng ngh phn mm")): Object: 'Object Repository/Students check events on calendar/Page_Nh ca ti/span_Nhp mn cng ngh phn mm' is clicked on

2022-01-17 23:45:39 - [MESSAGE][INFO] - Unable to find the element located by 'By.xpath: //div[@id='course-info-container-20-8']/div/div/a/span[3]'. Please recheck the objects properties to make sure the desired element is located. 

2022-01-17 23:45:39 - [MESSAGE][WARNING] - [SELF-HEALING] Failed to find element with id 'Object Repository/Students check events on calendar/Page_Nh ca ti/span_Nhp mn cng ngh phn mm'. Try using Self-healing.

2022-01-17 23:45:39 - [MESSAGE][WARNING] - [SELF-HEALING] The current locator of test object 'Object Repository/Students check events on calendar/Page_Nh ca ti/span_Nhp mn cng ngh phn mm' was broken. Propose an alternative one: '(.//*[normalize-space(text()) and normalize-space(.)='Tên khóa học'])[1]/following::span[1]'.

2022-01-17 23:45:41 - [MESSAGE][PASSED] - Object: 'Object Repository/Students check events on calendar/Page_Nh ca ti/span_Nhp mn cng ngh phn mm' is clicked on

2022-01-17 23:45:41 - [TEST_STEP][PASSED] - verifyElementClickable(findTestObject("Object Repository/Students check events on calendar/Page_Kha Nhp mn cng ngh phn mm/button_Bt ch  chnh sa")): Object 'Object Repository/Students check events on calendar/Page_Kha Nhp mn cng ngh phn mm/button_Bt ch  chnh sa' is clickable

2022-01-17 23:45:48 - [MESSAGE][INFO] - Unable to find the element located by 'By.xpath: //button[@id='single_button61e174d8acd921']'. Please recheck the objects properties to make sure the desired element is located. 

2022-01-17 23:45:48 - [MESSAGE][WARNING] - [SELF-HEALING] Failed to find element with id 'Object Repository/Students check events on calendar/Page_Kha Nhp mn cng ngh phn mm/button_Bt ch  chnh sa'. Try using Self-healing.

2022-01-17 23:45:48 - [MESSAGE][WARNING] - [SELF-HEALING] The current locator of test object 'Object Repository/Students check events on calendar/Page_Kha Nhp mn cng ngh phn mm/button_Bt ch  chnh sa' was broken. Propose an alternative one: '//header[@id='page-header']/div/div/div/div[2]/div[2]/div/form/button'.

2022-01-17 23:45:48 - [MESSAGE][PASSED] - Object 'Object Repository/Students check events on calendar/Page_Kha Nhp mn cng ngh phn mm/button_Bt ch  chnh sa' is clickable

2022-01-17 23:45:48 - [TEST_STEP][PASSED] - verifyElementText(findTestObject("Object Repository/Students check events on calendar/Page_Kha Nhp mn cng ngh phn mm/button_Bt ch  chnh sa"), "Bật chế độ chỉnh sửa"): Actual text and expected text of test object 'Object Repository/Students check events on calendar/Page_Kha Nhp mn cng ngh phn mm/button_Bt ch  chnh sa' are matched.

2022-01-17 23:45:54 - [MESSAGE][INFO] - Unable to find the element located by 'By.xpath: //button[@id='single_button61e174d8acd921']'. Please recheck the objects properties to make sure the desired element is located. 

2022-01-17 23:45:54 - [MESSAGE][WARNING] - [SELF-HEALING] Failed to find element with id 'Object Repository/Students check events on calendar/Page_Kha Nhp mn cng ngh phn mm/button_Bt ch  chnh sa'. Try using Self-healing.

2022-01-17 23:45:55 - [MESSAGE][WARNING] - [SELF-HEALING] The current locator of test object 'Object Repository/Students check events on calendar/Page_Kha Nhp mn cng ngh phn mm/button_Bt ch  chnh sa' was broken. Propose an alternative one: '//header[@id='page-header']/div/div/div/div[2]/div[2]/div/form/button'.

2022-01-17 23:45:55 - [MESSAGE][PASSED] - Actual text and expected text of test object 'Object Repository/Students check events on calendar/Page_Kha Nhp mn cng ngh phn mm/button_Bt ch  chnh sa' are matched.

2022-01-17 23:45:55 - [TEST_STEP][PASSED] - click(findTestObject("Object Repository/Students check events on calendar/Page_Kha Nhp mn cng ngh phn mm/button_Bt ch  chnh sa")): Object: 'Object Repository/Students check events on calendar/Page_Kha Nhp mn cng ngh phn mm/button_Bt ch  chnh sa' is clicked on

2022-01-17 23:46:01 - [MESSAGE][INFO] - Unable to find the element located by 'By.xpath: //button[@id='single_button61e174d8acd921']'. Please recheck the objects properties to make sure the desired element is located. 

2022-01-17 23:46:01 - [MESSAGE][WARNING] - [SELF-HEALING] Failed to find element with id 'Object Repository/Students check events on calendar/Page_Kha Nhp mn cng ngh phn mm/button_Bt ch  chnh sa'. Try using Self-healing.

2022-01-17 23:46:02 - [MESSAGE][WARNING] - [SELF-HEALING] The current locator of test object 'Object Repository/Students check events on calendar/Page_Kha Nhp mn cng ngh phn mm/button_Bt ch  chnh sa' was broken. Propose an alternative one: '//header[@id='page-header']/div/div/div/div[2]/div[2]/div/form/button'.

2022-01-17 23:46:03 - [MESSAGE][PASSED] - Object: 'Object Repository/Students check events on calendar/Page_Kha Nhp mn cng ngh phn mm/button_Bt ch  chnh sa' is clicked on

2022-01-17 23:46:03 - [TEST_STEP][PASSED] - verifyElementText(findTestObject("Object Repository/Students check events on calendar/Page_Kha Nhp mn cng ngh phn mm/span_Thm hot ng hoc ti nguyn"), "Thêm hoạt động hoặc tài nguyên"): Actual text and expected text of test object 'Object Repository/Students check events on calendar/Page_Kha Nhp mn cng ngh phn mm/span_Thm hot ng hoc ti nguyn' are matched.

2022-01-17 23:46:10 - [MESSAGE][INFO] - Unable to find the element located by 'By.xpath: //span[@id='yui_3_17_2_1_1642165488702_701']'. Please recheck the objects properties to make sure the desired element is located. 

2022-01-17 23:46:10 - [MESSAGE][WARNING] - [SELF-HEALING] Failed to find element with id 'Object Repository/Students check events on calendar/Page_Kha Nhp mn cng ngh phn mm/span_Thm hot ng hoc ti nguyn'. Try using Self-healing.

2022-01-17 23:46:10 - [MESSAGE][WARNING] - [SELF-HEALING] The current locator of test object 'Object Repository/Students check events on calendar/Page_Kha Nhp mn cng ngh phn mm/span_Thm hot ng hoc ti nguyn' was broken. Propose an alternative one: '(.//*[normalize-space(text()) and normalize-space(.)='Thêm tập tin ở đây'])[1]/following::span[1]'.

2022-01-17 23:46:10 - [MESSAGE][PASSED] - Actual text and expected text of test object 'Object Repository/Students check events on calendar/Page_Kha Nhp mn cng ngh phn mm/span_Thm hot ng hoc ti nguyn' are matched.

2022-01-17 23:46:10 - [TEST_STEP][PASSED] - click(findTestObject("Object Repository/Students check events on calendar/Page_Kha Nhp mn cng ngh phn mm/span_Thm hot ng hoc ti nguyn")): Object: 'Object Repository/Students check events on calendar/Page_Kha Nhp mn cng ngh phn mm/span_Thm hot ng hoc ti nguyn' is clicked on

2022-01-17 23:46:16 - [MESSAGE][INFO] - Unable to find the element located by 'By.xpath: //span[@id='yui_3_17_2_1_1642165488702_701']'. Please recheck the objects properties to make sure the desired element is located. 

2022-01-17 23:46:16 - [MESSAGE][WARNING] - [SELF-HEALING] Failed to find element with id 'Object Repository/Students check events on calendar/Page_Kha Nhp mn cng ngh phn mm/span_Thm hot ng hoc ti nguyn'. Try using Self-healing.

2022-01-17 23:46:17 - [MESSAGE][WARNING] - [SELF-HEALING] The current locator of test object 'Object Repository/Students check events on calendar/Page_Kha Nhp mn cng ngh phn mm/span_Thm hot ng hoc ti nguyn' was broken. Propose an alternative one: '(.//*[normalize-space(text()) and normalize-space(.)='Thêm tập tin ở đây'])[1]/following::span[1]'.

2022-01-17 23:46:17 - [MESSAGE][PASSED] - Object: 'Object Repository/Students check events on calendar/Page_Kha Nhp mn cng ngh phn mm/span_Thm hot ng hoc ti nguyn' is clicked on

2022-01-17 23:46:17 - [TEST_STEP][PASSED] - verifyElementClickable(findTestObject("Object Repository/Students check events on calendar/Page_Kha Nhp mn cng ngh phn mm/div_Bi tp")): Object 'Object Repository/Students check events on calendar/Page_Kha Nhp mn cng ngh phn mm/div_Bi tp' is clickable

2022-01-17 23:46:19 - [MESSAGE][PASSED] - Object 'Object Repository/Students check events on calendar/Page_Kha Nhp mn cng ngh phn mm/div_Bi tp' is clickable

2022-01-17 23:46:19 - [TEST_STEP][PASSED] - verifyElementText(findTestObject("Object Repository/Students check events on calendar/Page_Kha Nhp mn cng ngh phn mm/div_Bi tp"), "Bài tập"): Actual text and expected text of test object 'Object Repository/Students check events on calendar/Page_Kha Nhp mn cng ngh phn mm/div_Bi tp' are matched.

2022-01-17 23:46:19 - [MESSAGE][PASSED] - Actual text and expected text of test object 'Object Repository/Students check events on calendar/Page_Kha Nhp mn cng ngh phn mm/div_Bi tp' are matched.

2022-01-17 23:46:19 - [TEST_STEP][PASSED] - click(findTestObject("Object Repository/Students check events on calendar/Page_Kha Nhp mn cng ngh phn mm/div_Bi tp")): Object: 'Object Repository/Students check events on calendar/Page_Kha Nhp mn cng ngh phn mm/div_Bi tp' is clicked on

2022-01-17 23:46:23 - [MESSAGE][PASSED] - Object: 'Object Repository/Students check events on calendar/Page_Kha Nhp mn cng ngh phn mm/div_Bi tp' is clicked on

2022-01-17 23:46:23 - [TEST_STEP][PASSED] - setText(findTestObject("Object Repository/Students check events on calendar/Page_Bin son Bi tp/input_Tn bi tp_name"), "Bài tập quiz"): Text 'Bài tập quiz' is set on object 'Object Repository/Students check events on calendar/Page_Bin son Bi tp/input_Tn bi tp_name'

2022-01-17 23:46:26 - [MESSAGE][PASSED] - Text 'Bài tập quiz' is set on object 'Object Repository/Students check events on calendar/Page_Bin son Bi tp/input_Tn bi tp_name'

2022-01-17 23:46:26 - [TEST_STEP][PASSED] - click(findTestObject("Object Repository/Students check events on calendar/Page_Bin son Bi tp/p_Kim tra tnh nng")): Object: 'Object Repository/Students check events on calendar/Page_Bin son Bi tp/p_Kim tra tnh nng' is clicked on

2022-01-17 23:46:26 - [MESSAGE][PASSED] - Object: 'Object Repository/Students check events on calendar/Page_Bin son Bi tp/p_Kim tra tnh nng' is clicked on

2022-01-17 23:46:26 - [TEST_STEP][PASSED] - setText(findTestObject("Object Repository/Students check events on calendar/Page_Bin son Bi tp/div_Kim tra tnh nng"), "Kiểm tra tính năng"): Text 'Kiểm tra tính năng' is set on object 'Object Repository/Students check events on calendar/Page_Bin son Bi tp/div_Kim tra tnh nng'

2022-01-17 23:46:28 - [MESSAGE][PASSED] - Text 'Kiểm tra tính năng' is set on object 'Object Repository/Students check events on calendar/Page_Bin son Bi tp/div_Kim tra tnh nng'

2022-01-17 23:46:28 - [TEST_STEP][PASSED] - selectOptionByValue(findTestObject("Object Repository/Students check events on calendar/Page_Bin son Bi tp/select_1        2        3        4        _45ea30"), "28", true): All options with value '28' are selected in object 'Object Repository/Students check events on calendar/Page_Bin son Bi tp/select_1        2        3        4        _45ea30'  using regular expression

2022-01-17 23:46:34 - [MESSAGE][INFO] - Unable to find the element located by 'By.xpath: '. Please recheck the objects properties to make sure the desired element is located. 

2022-01-17 23:46:34 - [MESSAGE][WARNING] - [SELF-HEALING] Failed to find element with id 'Object Repository/Students check events on calendar/Page_Bin son Bi tp/select_1        2        3        4        _45ea30'. Try using Self-healing.

2022-01-17 23:46:35 - [MESSAGE][WARNING] - [SELF-HEALING] The current locator of test object 'Object Repository/Students check events on calendar/Page_Bin son Bi tp/select_1        2        3        4        _45ea30' was broken. Propose an alternative one: '//select[@id='id_duedate_day']'.

2022-01-17 23:46:36 - [MESSAGE][PASSED] - All options with value '28' are selected in object 'Object Repository/Students check events on calendar/Page_Bin son Bi tp/select_1        2        3        4        _45ea30'  using regular expression

2022-01-17 23:46:36 - [TEST_STEP][PASSED] - verifyElementText(findTestObject("Object Repository/Students check events on calendar/Page_Bin son Bi tp/input_Upon activity completion_submitbutton"), ""): Actual text and expected text of test object 'Object Repository/Students check events on calendar/Page_Bin son Bi tp/input_Upon activity completion_submitbutton' are matched.

2022-01-17 23:46:37 - [MESSAGE][PASSED] - Actual text and expected text of test object 'Object Repository/Students check events on calendar/Page_Bin son Bi tp/input_Upon activity completion_submitbutton' are matched.

2022-01-17 23:46:37 - [TEST_STEP][PASSED] - verifyElementClickable(findTestObject("Object Repository/Students check events on calendar/Page_Bin son Bi tp/input_Upon activity completion_submitbutton")): Object 'Object Repository/Students check events on calendar/Page_Bin son Bi tp/input_Upon activity completion_submitbutton' is clickable

2022-01-17 23:46:37 - [MESSAGE][PASSED] - Object 'Object Repository/Students check events on calendar/Page_Bin son Bi tp/input_Upon activity completion_submitbutton' is clickable

2022-01-17 23:46:37 - [TEST_STEP][PASSED] - click(findTestObject("Object Repository/Students check events on calendar/Page_Bin son Bi tp/input_Upon activity completion_submitbutton")): Object: 'Object Repository/Students check events on calendar/Page_Bin son Bi tp/input_Upon activity completion_submitbutton' is clicked on

2022-01-17 23:46:40 - [MESSAGE][PASSED] - Object: 'Object Repository/Students check events on calendar/Page_Bin son Bi tp/input_Upon activity completion_submitbutton' is clicked on

2022-01-17 23:46:40 - [TEST_STEP][PASSED] - verifyElementText(findTestObject("Object Repository/Students check events on calendar/Page_NM CNPM Bi tp quiz/div_Kim tra tnh nng"), "Kiểm tra tính năng"): Actual text and expected text of test object 'Object Repository/Students check events on calendar/Page_NM CNPM Bi tp quiz/div_Kim tra tnh nng' are matched.

2022-01-17 23:46:41 - [MESSAGE][PASSED] - Actual text and expected text of test object 'Object Repository/Students check events on calendar/Page_NM CNPM Bi tp quiz/div_Kim tra tnh nng' are matched.

2022-01-17 23:46:41 - [TEST_STEP][PASSED] - click(findTestObject("Object Repository/Students check events on calendar/Page_NM CNPM Bi tp quiz/a_Van Luyen Le")): Object: 'Object Repository/Students check events on calendar/Page_NM CNPM Bi tp quiz/a_Van Luyen Le' is clicked on

2022-01-17 23:46:42 - [MESSAGE][PASSED] - Object: 'Object Repository/Students check events on calendar/Page_NM CNPM Bi tp quiz/a_Van Luyen Le' is clicked on

2022-01-17 23:46:42 - [TEST_STEP][PASSED] - click(findTestObject("Object Repository/Students check events on calendar/Page_NM CNPM Bi tp quiz/span_Thot")): Object: 'Object Repository/Students check events on calendar/Page_NM CNPM Bi tp quiz/span_Thot' is clicked on

2022-01-17 23:46:44 - [MESSAGE][PASSED] - Object: 'Object Repository/Students check events on calendar/Page_NM CNPM Bi tp quiz/span_Thot' is clicked on

2022-01-17 23:46:44 - [TEST_STEP][PASSED] - click(findTestObject("Object Repository/Students check events on calendar/Page_Local Moodle/a_Log in")): Object: 'Object Repository/Students check events on calendar/Page_Local Moodle/a_Log in' is clicked on

2022-01-17 23:46:45 - [MESSAGE][PASSED] - Object: 'Object Repository/Students check events on calendar/Page_Local Moodle/a_Log in' is clicked on

2022-01-17 23:46:45 - [TEST_STEP][PASSED] - setText(findTestObject("Object Repository/Students check events on calendar/Page_Local Moodle Log in to the site/input_Username_username"), "hs01"): Text 'hs01' is set on object 'Object Repository/Students check events on calendar/Page_Local Moodle Log in to the site/input_Username_username'

2022-01-17 23:46:46 - [MESSAGE][PASSED] - Text 'hs01' is set on object 'Object Repository/Students check events on calendar/Page_Local Moodle Log in to the site/input_Username_username'

2022-01-17 23:46:46 - [TEST_STEP][PASSED] - setEncryptedText(findTestObject("Object Repository/Students check events on calendar/Page_Local Moodle Log in to the site/input_Password_password"), "o5TCnEIIWq2SeGQhIMNXLQ=="): Text ****** has been set on object 'Object Repository/Students check events on calendar/Page_Local Moodle Log in to the site/input_Password_password'

2022-01-17 23:46:47 - [MESSAGE][PASSED] - Text ****** has been set on object 'Object Repository/Students check events on calendar/Page_Local Moodle Log in to the site/input_Password_password'

2022-01-17 23:46:47 - [TEST_STEP][PASSED] - click(findTestObject("Object Repository/Students check events on calendar/Page_Local Moodle Log in to the site/button_Log in")): Object: 'Object Repository/Students check events on calendar/Page_Local Moodle Log in to the site/button_Log in' is clicked on

2022-01-17 23:46:50 - [MESSAGE][PASSED] - Object: 'Object Repository/Students check events on calendar/Page_Local Moodle Log in to the site/button_Log in' is clicked on

2022-01-17 23:46:50 - [TEST_STEP][PASSED] - verifyElementClickable(findTestObject("Object Repository/Students check events on calendar/Page_Nh ca ti/a_28")): Object 'Object Repository/Students check events on calendar/Page_Nh ca ti/a_28' is clickable

2022-01-17 23:46:56 - [MESSAGE][INFO] - Unable to find the element located by 'By.xpath: //a[@id='calendar-day-popover-link-1-2022-27-3']'. Please recheck the objects properties to make sure the desired element is located. 

2022-01-17 23:46:56 - [MESSAGE][WARNING] - [SELF-HEALING] Failed to find element with id 'Object Repository/Students check events on calendar/Page_Nh ca ti/a_28'. Try using Self-healing.

2022-01-17 23:46:57 - [MESSAGE][WARNING] - [SELF-HEALING] The current locator of test object 'Object Repository/Students check events on calendar/Page_Nh ca ti/a_28' was broken. Propose an alternative one: '//a[contains(text(),'28')]'.

2022-01-17 23:46:57 - [MESSAGE][PASSED] - Object 'Object Repository/Students check events on calendar/Page_Nh ca ti/a_28' is clickable

2022-01-17 23:46:57 - [TEST_STEP][PASSED] - click(findTestObject("Object Repository/Students check events on calendar/Page_Nh ca ti/a_28")): Object: 'Object Repository/Students check events on calendar/Page_Nh ca ti/a_28' is clicked on

2022-01-17 23:47:03 - [MESSAGE][INFO] - Unable to find the element located by 'By.xpath: //a[@id='calendar-day-popover-link-1-2022-27-3']'. Please recheck the objects properties to make sure the desired element is located. 

2022-01-17 23:47:03 - [MESSAGE][WARNING] - [SELF-HEALING] Failed to find element with id 'Object Repository/Students check events on calendar/Page_Nh ca ti/a_28'. Try using Self-healing.

2022-01-17 23:47:03 - [MESSAGE][WARNING] - [SELF-HEALING] The current locator of test object 'Object Repository/Students check events on calendar/Page_Nh ca ti/a_28' was broken. Propose an alternative one: '//a[contains(text(),'28')]'.

2022-01-17 23:47:05 - [MESSAGE][PASSED] - Object: 'Object Repository/Students check events on calendar/Page_Nh ca ti/a_28' is clicked on

2022-01-17 23:47:05 - [TEST_STEP][PASSED] - verifyElementText(findTestObject("Object Repository/Students check events on calendar/Page_Moodle Lch Xem ngy Th Su, 14 Thng Ging 2022/a_Thm bi np"), "Thêm bài nộp"): Actual text and expected text of test object 'Object Repository/Students check events on calendar/Page_Moodle Lch Xem ngy Th Su, 14 Thng Ging 2022/a_Thm bi np' are matched.

2022-01-17 23:47:12 - [MESSAGE][INFO] - Unable to find the element located by 'By.xpath: //div[@id='calendar-day-61d730798b7de61d730796c43320']/div[2]/div[2]/div/div/div[3]/a'. Please recheck the objects properties to make sure the desired element is located. 

2022-01-17 23:47:12 - [MESSAGE][WARNING] - [SELF-HEALING] Failed to find element with id 'Object Repository/Students check events on calendar/Page_Moodle Lch Xem ngy Th Su, 14 Thng Ging 2022/a_Thm bi np'. Try using Self-healing.

2022-01-17 23:47:12 - [MESSAGE][WARNING] - [SELF-HEALING] The current locator of test object 'Object Repository/Students check events on calendar/Page_Moodle Lch Xem ngy Th Su, 14 Thng Ging 2022/a_Thm bi np' was broken. Propose an alternative one: '(.//*[normalize-space(text()) and normalize-space(.)='Xuất lịch biểu'])[1]/preceding::a[1]'.

2022-01-17 23:47:12 - [MESSAGE][PASSED] - Actual text and expected text of test object 'Object Repository/Students check events on calendar/Page_Moodle Lch Xem ngy Th Su, 14 Thng Ging 2022/a_Thm bi np' are matched.

2022-01-17 23:47:12 - [TEST_STEP][PASSED] - verifyElementClickable(findTestObject("Object Repository/Students check events on calendar/Page_Moodle Lch Xem ngy Th Su, 14 Thng Ging 2022/a_Thm bi np")): Object 'Object Repository/Students check events on calendar/Page_Moodle Lch Xem ngy Th Su, 14 Thng Ging 2022/a_Thm bi np' is clickable

2022-01-17 23:47:18 - [MESSAGE][INFO] - Unable to find the element located by 'By.xpath: //div[@id='calendar-day-61d730798b7de61d730796c43320']/div[2]/div[2]/div/div/div[3]/a'. Please recheck the objects properties to make sure the desired element is located. 

2022-01-17 23:47:18 - [MESSAGE][WARNING] - [SELF-HEALING] Failed to find element with id 'Object Repository/Students check events on calendar/Page_Moodle Lch Xem ngy Th Su, 14 Thng Ging 2022/a_Thm bi np'. Try using Self-healing.

2022-01-17 23:47:19 - [MESSAGE][WARNING] - [SELF-HEALING] The current locator of test object 'Object Repository/Students check events on calendar/Page_Moodle Lch Xem ngy Th Su, 14 Thng Ging 2022/a_Thm bi np' was broken. Propose an alternative one: '(.//*[normalize-space(text()) and normalize-space(.)='Xuất lịch biểu'])[1]/preceding::a[1]'.

2022-01-17 23:47:19 - [MESSAGE][PASSED] - Object 'Object Repository/Students check events on calendar/Page_Moodle Lch Xem ngy Th Su, 14 Thng Ging 2022/a_Thm bi np' is clickable

2022-01-17 23:47:19 - [TEST_STEP][PASSED] - click(findTestObject("Object Repository/Students check events on calendar/Page_Moodle Lch Xem ngy Th Su, 14 Thng Ging 2022/a_Thm bi np")): Object: 'Object Repository/Students check events on calendar/Page_Moodle Lch Xem ngy Th Su, 14 Thng Ging 2022/a_Thm bi np' is clicked on

2022-01-17 23:47:25 - [MESSAGE][INFO] - Unable to find the element located by 'By.xpath: //div[@id='calendar-day-61d730798b7de61d730796c43320']/div[2]/div[2]/div/div/div[3]/a'. Please recheck the objects properties to make sure the desired element is located. 

2022-01-17 23:47:25 - [MESSAGE][WARNING] - [SELF-HEALING] Failed to find element with id 'Object Repository/Students check events on calendar/Page_Moodle Lch Xem ngy Th Su, 14 Thng Ging 2022/a_Thm bi np'. Try using Self-healing.

2022-01-17 23:47:25 - [MESSAGE][WARNING] - [SELF-HEALING] The current locator of test object 'Object Repository/Students check events on calendar/Page_Moodle Lch Xem ngy Th Su, 14 Thng Ging 2022/a_Thm bi np' was broken. Propose an alternative one: '(.//*[normalize-space(text()) and normalize-space(.)='Xuất lịch biểu'])[1]/preceding::a[1]'.

2022-01-17 23:47:27 - [MESSAGE][PASSED] - Object: 'Object Repository/Students check events on calendar/Page_Moodle Lch Xem ngy Th Su, 14 Thng Ging 2022/a_Thm bi np' is clicked on

2022-01-17 23:47:27 - [TEST_STEP][PASSED] - verifyElementText(findTestObject("Object Repository/Students check events on calendar/Page_NM CNPM Bi tp quiz - Sa bi lm/h2_Bi tp quiz"), "Bài tập quiz"): Actual text and expected text of test object 'Object Repository/Students check events on calendar/Page_NM CNPM Bi tp quiz - Sa bi lm/h2_Bi tp quiz' are matched.

2022-01-17 23:47:28 - [MESSAGE][PASSED] - Actual text and expected text of test object 'Object Repository/Students check events on calendar/Page_NM CNPM Bi tp quiz - Sa bi lm/h2_Bi tp quiz' are matched.

2022-01-17 23:47:28 - [TEST_STEP][PASSED] - verifyElementText(findTestObject("Object Repository/Students check events on calendar/Page_NM CNPM Bi tp quiz - Sa bi lm/div_Kim tra tnh nng"), "Kiểm tra tính năng"): Actual text and expected text of test object 'Object Repository/Students check events on calendar/Page_NM CNPM Bi tp quiz - Sa bi lm/div_Kim tra tnh nng' are matched.

2022-01-17 23:47:29 - [MESSAGE][PASSED] - Actual text and expected text of test object 'Object Repository/Students check events on calendar/Page_NM CNPM Bi tp quiz - Sa bi lm/div_Kim tra tnh nng' are matched.

2022-01-17 23:47:29 - [TEST_STEP][PASSED] - closeBrowser(): Browser is closed

2022-01-17 23:47:30 - [MESSAGE][PASSED] - Browser is closed]]></system-out>
         <system-err><![CDATA[]]></system-err>
      </testcase>
      <testcase name="Test Cases/Students check events on calendar/Forum event" time="126.081" classname="Test Cases/Students check events on calendar/Forum event" status="PASSED">
         <system-out><![CDATA[2022-01-17 23:47:30 - [TEST_CASE][PASSED] - Test Cases/Students check events on calendar/Forum event: Test Cases/Students check events on calendar/Forum event

2022-01-17 23:47:31 - [TEST_STEP][PASSED] - openBrowser(""): Browser is opened with url: ''

2022-01-17 23:47:31 - [MESSAGE][INFO] - Starting 'Edge Chromium' driver

2022-01-17 23:47:34 - [MESSAGE][INFO] - Action delay is set to 0 milliseconds

2022-01-17 23:47:35 - [MESSAGE][PASSED] - Browser is opened with url: ''

2022-01-17 23:47:35 - [TEST_STEP][PASSED] - navigateToUrl("http://localhost/"): Navigate to 'http://localhost/' successfully

2022-01-17 23:47:38 - [MESSAGE][PASSED] - Navigate to 'http://localhost/' successfully

2022-01-17 23:47:38 - [TEST_STEP][PASSED] - click(findTestObject("Object Repository/Students check events on calendar/Page_Local Moodle/a_Log in")): Object: 'Object Repository/Students check events on calendar/Page_Local Moodle/a_Log in' is clicked on

2022-01-17 23:47:39 - [MESSAGE][PASSED] - Object: 'Object Repository/Students check events on calendar/Page_Local Moodle/a_Log in' is clicked on

2022-01-17 23:47:39 - [TEST_STEP][PASSED] - setText(findTestObject("Object Repository/Students check events on calendar/Page_Local Moodle Log in to the site/input_Username_username"), "gv01"): Text 'gv01' is set on object 'Object Repository/Students check events on calendar/Page_Local Moodle Log in to the site/input_Username_username'

2022-01-17 23:47:40 - [MESSAGE][PASSED] - Text 'gv01' is set on object 'Object Repository/Students check events on calendar/Page_Local Moodle Log in to the site/input_Username_username'

2022-01-17 23:47:40 - [TEST_STEP][PASSED] - setEncryptedText(findTestObject("Object Repository/Students check events on calendar/Page_Local Moodle Log in to the site/input_Password_password"), "RigbBhfdqOBGP4y92+oMSw=="): Text ****** has been set on object 'Object Repository/Students check events on calendar/Page_Local Moodle Log in to the site/input_Password_password'

2022-01-17 23:47:41 - [MESSAGE][PASSED] - Text ****** has been set on object 'Object Repository/Students check events on calendar/Page_Local Moodle Log in to the site/input_Password_password'

2022-01-17 23:47:41 - [TEST_STEP][PASSED] - click(findTestObject("Object Repository/Students check events on calendar/Page_Local Moodle Log in to the site/button_Log in")): Object: 'Object Repository/Students check events on calendar/Page_Local Moodle Log in to the site/button_Log in' is clicked on

2022-01-17 23:47:42 - [MESSAGE][PASSED] - Object: 'Object Repository/Students check events on calendar/Page_Local Moodle Log in to the site/button_Log in' is clicked on

2022-01-17 23:47:42 - [TEST_STEP][PASSED] - setText(findTestObject("Object Repository/Students check events on calendar/Page_Local Moodle Log in to the site/input_Username_username"), "gv01"): Text 'gv01' is set on object 'Object Repository/Students check events on calendar/Page_Local Moodle Log in to the site/input_Username_username'

2022-01-17 23:47:43 - [MESSAGE][PASSED] - Text 'gv01' is set on object 'Object Repository/Students check events on calendar/Page_Local Moodle Log in to the site/input_Username_username'

2022-01-17 23:47:43 - [TEST_STEP][PASSED] - setEncryptedText(findTestObject("Object Repository/Students check events on calendar/Page_Local Moodle Log in to the site/input_Password_password"), "RigbBhfdqOAWw2eOk0+aVg=="): Text ****** has been set on object 'Object Repository/Students check events on calendar/Page_Local Moodle Log in to the site/input_Password_password'

2022-01-17 23:47:44 - [MESSAGE][PASSED] - Text ****** has been set on object 'Object Repository/Students check events on calendar/Page_Local Moodle Log in to the site/input_Password_password'

2022-01-17 23:47:44 - [TEST_STEP][PASSED] - click(findTestObject("Object Repository/Students check events on calendar/Page_Local Moodle Log in to the site/button_Log in")): Object: 'Object Repository/Students check events on calendar/Page_Local Moodle Log in to the site/button_Log in' is clicked on

2022-01-17 23:47:47 - [MESSAGE][PASSED] - Object: 'Object Repository/Students check events on calendar/Page_Local Moodle Log in to the site/button_Log in' is clicked on

2022-01-17 23:47:47 - [TEST_STEP][PASSED] - click(findTestObject("Object Repository/Students check events on calendar/Page_Nh ca ti/span_Nhp mn cng ngh phn mm")): Object: 'Object Repository/Students check events on calendar/Page_Nh ca ti/span_Nhp mn cng ngh phn mm' is clicked on

2022-01-17 23:47:53 - [MESSAGE][INFO] - Unable to find the element located by 'By.xpath: //div[@id='course-info-container-20-8']/div/div/a/span[3]'. Please recheck the objects properties to make sure the desired element is located. 

2022-01-17 23:47:53 - [MESSAGE][WARNING] - [SELF-HEALING] Failed to find element with id 'Object Repository/Students check events on calendar/Page_Nh ca ti/span_Nhp mn cng ngh phn mm'. Try using Self-healing.

2022-01-17 23:47:54 - [MESSAGE][WARNING] - [SELF-HEALING] The current locator of test object 'Object Repository/Students check events on calendar/Page_Nh ca ti/span_Nhp mn cng ngh phn mm' was broken. Propose an alternative one: '(.//*[normalize-space(text()) and normalize-space(.)='Tên khóa học'])[1]/following::span[1]'.

2022-01-17 23:47:56 - [MESSAGE][PASSED] - Object: 'Object Repository/Students check events on calendar/Page_Nh ca ti/span_Nhp mn cng ngh phn mm' is clicked on

2022-01-17 23:47:56 - [TEST_STEP][PASSED] - verifyElementClickable(findTestObject("Object Repository/Students check events on calendar/Page_Kha Nhp mn cng ngh phn mm/button_Bt ch  chnh sa")): Object 'Object Repository/Students check events on calendar/Page_Kha Nhp mn cng ngh phn mm/button_Bt ch  chnh sa' is clickable

2022-01-17 23:48:02 - [MESSAGE][INFO] - Unable to find the element located by 'By.xpath: //button[@id='single_button61e174d8acd921']'. Please recheck the objects properties to make sure the desired element is located. 

2022-01-17 23:48:02 - [MESSAGE][WARNING] - [SELF-HEALING] Failed to find element with id 'Object Repository/Students check events on calendar/Page_Kha Nhp mn cng ngh phn mm/button_Bt ch  chnh sa'. Try using Self-healing.

2022-01-17 23:48:03 - [MESSAGE][WARNING] - [SELF-HEALING] The current locator of test object 'Object Repository/Students check events on calendar/Page_Kha Nhp mn cng ngh phn mm/button_Bt ch  chnh sa' was broken. Propose an alternative one: '//header[@id='page-header']/div/div/div/div[2]/div[2]/div/form/button'.

2022-01-17 23:48:03 - [MESSAGE][PASSED] - Object 'Object Repository/Students check events on calendar/Page_Kha Nhp mn cng ngh phn mm/button_Bt ch  chnh sa' is clickable

2022-01-17 23:48:03 - [TEST_STEP][PASSED] - click(findTestObject("Object Repository/Students check events on calendar/Page_Kha Nhp mn cng ngh phn mm/button_Bt ch  chnh sa")): Object: 'Object Repository/Students check events on calendar/Page_Kha Nhp mn cng ngh phn mm/button_Bt ch  chnh sa' is clicked on

2022-01-17 23:48:09 - [MESSAGE][INFO] - Unable to find the element located by 'By.xpath: //button[@id='single_button61e174d8acd921']'. Please recheck the objects properties to make sure the desired element is located. 

2022-01-17 23:48:09 - [MESSAGE][WARNING] - [SELF-HEALING] Failed to find element with id 'Object Repository/Students check events on calendar/Page_Kha Nhp mn cng ngh phn mm/button_Bt ch  chnh sa'. Try using Self-healing.

2022-01-17 23:48:10 - [MESSAGE][WARNING] - [SELF-HEALING] The current locator of test object 'Object Repository/Students check events on calendar/Page_Kha Nhp mn cng ngh phn mm/button_Bt ch  chnh sa' was broken. Propose an alternative one: '//header[@id='page-header']/div/div/div/div[2]/div[2]/div/form/button'.

2022-01-17 23:48:12 - [MESSAGE][PASSED] - Object: 'Object Repository/Students check events on calendar/Page_Kha Nhp mn cng ngh phn mm/button_Bt ch  chnh sa' is clicked on

2022-01-17 23:48:12 - [TEST_STEP][PASSED] - click(findTestObject("Object Repository/Students check events on calendar/Page_Kha Nhp mn cng ngh phn mm/span_Thm hot ng hoc ti nguyn")): Object: 'Object Repository/Students check events on calendar/Page_Kha Nhp mn cng ngh phn mm/span_Thm hot ng hoc ti nguyn' is clicked on

2022-01-17 23:48:19 - [MESSAGE][INFO] - Unable to find the element located by 'By.xpath: //span[@id='yui_3_17_2_1_1642165488702_701']'. Please recheck the objects properties to make sure the desired element is located. 

2022-01-17 23:48:19 - [MESSAGE][WARNING] - [SELF-HEALING] Failed to find element with id 'Object Repository/Students check events on calendar/Page_Kha Nhp mn cng ngh phn mm/span_Thm hot ng hoc ti nguyn'. Try using Self-healing.

2022-01-17 23:48:19 - [MESSAGE][WARNING] - [SELF-HEALING] The current locator of test object 'Object Repository/Students check events on calendar/Page_Kha Nhp mn cng ngh phn mm/span_Thm hot ng hoc ti nguyn' was broken. Propose an alternative one: '(.//*[normalize-space(text()) and normalize-space(.)='Thêm tập tin ở đây'])[1]/following::span[1]'.

2022-01-17 23:48:19 - [MESSAGE][PASSED] - Object: 'Object Repository/Students check events on calendar/Page_Kha Nhp mn cng ngh phn mm/span_Thm hot ng hoc ti nguyn' is clicked on

2022-01-17 23:48:19 - [TEST_STEP][PASSED] - verifyElementText(findTestObject("Object Repository/Students check events on calendar/Page_Kha Nhp mn cng ngh phn mm/div_Din n"), "Diễn đàn"): Actual text and expected text of test object 'Object Repository/Students check events on calendar/Page_Kha Nhp mn cng ngh phn mm/div_Din n' are matched.

2022-01-17 23:48:26 - [MESSAGE][INFO] - Unable to find the element located by 'By.xpath: //div[@id='all-5']/div/div[8]/div/a/div[2]'. Please recheck the objects properties to make sure the desired element is located. 

2022-01-17 23:48:26 - [MESSAGE][WARNING] - [SELF-HEALING] Failed to find element with id 'Object Repository/Students check events on calendar/Page_Kha Nhp mn cng ngh phn mm/div_Din n'. Try using Self-healing.

2022-01-17 23:48:26 - [MESSAGE][WARNING] - [SELF-HEALING] The current locator of test object 'Object Repository/Students check events on calendar/Page_Kha Nhp mn cng ngh phn mm/div_Din n' was broken. Propose an alternative one: '(.//*[normalize-space(text()) and normalize-space(.)='Cơ sở dữ liệu'])[1]/following::div[5]'.

2022-01-17 23:48:26 - [MESSAGE][PASSED] - Actual text and expected text of test object 'Object Repository/Students check events on calendar/Page_Kha Nhp mn cng ngh phn mm/div_Din n' are matched.

2022-01-17 23:48:26 - [TEST_STEP][PASSED] - click(findTestObject("Object Repository/Students check events on calendar/Page_Kha Nhp mn cng ngh phn mm/div_Din n")): Object: 'Object Repository/Students check events on calendar/Page_Kha Nhp mn cng ngh phn mm/div_Din n' is clicked on

2022-01-17 23:48:33 - [MESSAGE][INFO] - Unable to find the element located by 'By.xpath: //div[@id='all-5']/div/div[8]/div/a/div[2]'. Please recheck the objects properties to make sure the desired element is located. 

2022-01-17 23:48:33 - [MESSAGE][WARNING] - [SELF-HEALING] Failed to find element with id 'Object Repository/Students check events on calendar/Page_Kha Nhp mn cng ngh phn mm/div_Din n'. Try using Self-healing.

2022-01-17 23:48:33 - [MESSAGE][WARNING] - [SELF-HEALING] The current locator of test object 'Object Repository/Students check events on calendar/Page_Kha Nhp mn cng ngh phn mm/div_Din n' was broken. Propose an alternative one: '(.//*[normalize-space(text()) and normalize-space(.)='Cơ sở dữ liệu'])[1]/following::div[5]'.

2022-01-17 23:48:37 - [MESSAGE][PASSED] - Object: 'Object Repository/Students check events on calendar/Page_Kha Nhp mn cng ngh phn mm/div_Din n' is clicked on

2022-01-17 23:48:37 - [TEST_STEP][PASSED] - setText(findTestObject("Object Repository/Students check events on calendar/Page_Bin son Din n/input_Tn  din n_name"), "Bàn bạc chủ đề"): Text 'Bàn bạc chủ đề' is set on object 'Object Repository/Students check events on calendar/Page_Bin son Din n/input_Tn  din n_name'

2022-01-17 23:48:39 - [MESSAGE][PASSED] - Text 'Bàn bạc chủ đề' is set on object 'Object Repository/Students check events on calendar/Page_Bin son Din n/input_Tn  din n_name'

2022-01-17 23:48:39 - [TEST_STEP][PASSED] - setText(findTestObject("Object Repository/Students check events on calendar/Page_Bin son Din n/div_Bn bc ch"), "Bàn bạc chủ đề<br><br>"): Text 'Bàn bạc chủ đề<br><br>' is set on object 'Object Repository/Students check events on calendar/Page_Bin son Din n/div_Bn bc ch'

2022-01-17 23:48:40 - [MESSAGE][PASSED] - Text 'Bàn bạc chủ đề<br><br>' is set on object 'Object Repository/Students check events on calendar/Page_Bin son Din n/div_Bn bc ch'

2022-01-17 23:48:40 - [TEST_STEP][PASSED] - verifyElementClickable(findTestObject("Object Repository/Students check events on calendar/Page_Bin son Din n/input_Upon activity completion_submitbutton")): Object 'Object Repository/Students check events on calendar/Page_Bin son Din n/input_Upon activity completion_submitbutton' is clickable

2022-01-17 23:48:41 - [MESSAGE][PASSED] - Object 'Object Repository/Students check events on calendar/Page_Bin son Din n/input_Upon activity completion_submitbutton' is clickable

2022-01-17 23:48:41 - [TEST_STEP][PASSED] - click(findTestObject("Object Repository/Students check events on calendar/Page_Bin son Din n/input_Upon activity completion_submitbutton")): Object: 'Object Repository/Students check events on calendar/Page_Bin son Din n/input_Upon activity completion_submitbutton' is clicked on

2022-01-17 23:48:44 - [MESSAGE][PASSED] - Object: 'Object Repository/Students check events on calendar/Page_Bin son Din n/input_Upon activity completion_submitbutton' is clicked on

2022-01-17 23:48:44 - [TEST_STEP][PASSED] - click(findTestObject("Object Repository/Students check events on calendar/Page_Bn bc ch/a_Van Luyen Le")): Object: 'Object Repository/Students check events on calendar/Page_Bn bc ch/a_Van Luyen Le' is clicked on

2022-01-17 23:48:46 - [MESSAGE][PASSED] - Object: 'Object Repository/Students check events on calendar/Page_Bn bc ch/a_Van Luyen Le' is clicked on

2022-01-17 23:48:46 - [TEST_STEP][PASSED] - click(findTestObject("Object Repository/Students check events on calendar/Page_Bn bc ch/a_Thot")): Object: 'Object Repository/Students check events on calendar/Page_Bn bc ch/a_Thot' is clicked on

2022-01-17 23:48:52 - [MESSAGE][INFO] - Unable to find the element located by 'By.xpath: //a[@id='yui_3_17_2_1_1641494152938_655']'. Please recheck the objects properties to make sure the desired element is located. 

2022-01-17 23:48:52 - [MESSAGE][WARNING] - [SELF-HEALING] Failed to find element with id 'Object Repository/Students check events on calendar/Page_Bn bc ch/a_Thot'. Try using Self-healing.

2022-01-17 23:48:52 - [MESSAGE][WARNING] - [SELF-HEALING] The current locator of test object 'Object Repository/Students check events on calendar/Page_Bn bc ch/a_Thot' was broken. Propose an alternative one: '//div[@id='action-menu-1-menu']/a[6]'.

2022-01-17 23:48:53 - [MESSAGE][PASSED] - Object: 'Object Repository/Students check events on calendar/Page_Bn bc ch/a_Thot' is clicked on

2022-01-17 23:48:53 - [TEST_STEP][PASSED] - click(findTestObject("Object Repository/Students check events on calendar/Page_Local Moodle/a_Log in")): Object: 'Object Repository/Students check events on calendar/Page_Local Moodle/a_Log in' is clicked on

2022-01-17 23:48:55 - [MESSAGE][PASSED] - Object: 'Object Repository/Students check events on calendar/Page_Local Moodle/a_Log in' is clicked on

2022-01-17 23:48:55 - [TEST_STEP][PASSED] - setText(findTestObject("Object Repository/Students check events on calendar/Page_Local Moodle Log in to the site/input_Username_username"), "hs02"): Text 'hs02' is set on object 'Object Repository/Students check events on calendar/Page_Local Moodle Log in to the site/input_Username_username'

2022-01-17 23:48:56 - [MESSAGE][PASSED] - Text 'hs02' is set on object 'Object Repository/Students check events on calendar/Page_Local Moodle Log in to the site/input_Username_username'

2022-01-17 23:48:56 - [TEST_STEP][PASSED] - setEncryptedText(findTestObject("Object Repository/Students check events on calendar/Page_Local Moodle Log in to the site/input_Password_password"), "RigbBhfdqOBGP4y92+oMSw=="): Text ****** has been set on object 'Object Repository/Students check events on calendar/Page_Local Moodle Log in to the site/input_Password_password'

2022-01-17 23:48:56 - [MESSAGE][PASSED] - Text ****** has been set on object 'Object Repository/Students check events on calendar/Page_Local Moodle Log in to the site/input_Password_password'

2022-01-17 23:48:56 - [TEST_STEP][PASSED] - click(findTestObject("Object Repository/Students check events on calendar/Page_Local Moodle Log in to the site/button_Log in")): Object: 'Object Repository/Students check events on calendar/Page_Local Moodle Log in to the site/button_Log in' is clicked on

2022-01-17 23:49:00 - [MESSAGE][PASSED] - Object: 'Object Repository/Students check events on calendar/Page_Local Moodle Log in to the site/button_Log in' is clicked on

2022-01-17 23:49:00 - [TEST_STEP][PASSED] - click(findTestObject("Students check events on calendar/Page_Nh ca ti/span_Nhp mn cng ngh phn mm")): Object: 'Object Repository/Students check events on calendar/Page_Nh ca ti/span_Nhp mn cng ngh phn mm' is clicked on

2022-01-17 23:49:06 - [MESSAGE][INFO] - Unable to find the element located by 'By.xpath: //div[@id='course-info-container-20-8']/div/div/a/span[3]'. Please recheck the objects properties to make sure the desired element is located. 

2022-01-17 23:49:06 - [MESSAGE][WARNING] - [SELF-HEALING] Failed to find element with id 'Object Repository/Students check events on calendar/Page_Nh ca ti/span_Nhp mn cng ngh phn mm'. Try using Self-healing.

2022-01-17 23:49:06 - [MESSAGE][WARNING] - [SELF-HEALING] The current locator of test object 'Object Repository/Students check events on calendar/Page_Nh ca ti/span_Nhp mn cng ngh phn mm' was broken. Propose an alternative one: '(.//*[normalize-space(text()) and normalize-space(.)='Tên khóa học'])[1]/following::span[1]'.

2022-01-17 23:49:08 - [MESSAGE][PASSED] - Object: 'Object Repository/Students check events on calendar/Page_Nh ca ti/span_Nhp mn cng ngh phn mm' is clicked on

2022-01-17 23:49:08 - [TEST_STEP][PASSED] - click(findTestObject("Object Repository/Students check events on calendar/Page_Kha Nhp mn cng ngh phn mm/span_Bn bc ch  Din n")): Object: 'Object Repository/Students check events on calendar/Page_Kha Nhp mn cng ngh phn mm/span_Bn bc ch  Din n' is clicked on

2022-01-17 23:49:14 - [MESSAGE][INFO] - Unable to find the element located by 'By.xpath: //li[@id='module-6']/div/div/div[2]/div/a/span'. Please recheck the objects properties to make sure the desired element is located. 

2022-01-17 23:49:14 - [MESSAGE][WARNING] - [SELF-HEALING] Failed to find element with id 'Object Repository/Students check events on calendar/Page_Kha Nhp mn cng ngh phn mm/span_Bn bc ch  Din n'. Try using Self-healing.

2022-01-17 23:49:14 - [MESSAGE][WARNING] - [SELF-HEALING] The current locator of test object 'Object Repository/Students check events on calendar/Page_Kha Nhp mn cng ngh phn mm/span_Bn bc ch  Din n' was broken. Propose an alternative one: '(.//*[normalize-space(text()) and normalize-space(.)='Mark as done'])[2]/following::span[1]'.

2022-01-17 23:49:17 - [MESSAGE][PASSED] - Object: 'Object Repository/Students check events on calendar/Page_Kha Nhp mn cng ngh phn mm/span_Bn bc ch  Din n' is clicked on

2022-01-17 23:49:17 - [TEST_STEP][PASSED] - verifyElementClickable(findTestObject("Object Repository/Students check events on calendar/Page_Bn bc ch/a_Thm mt ch  tho lun mi")): Object 'Object Repository/Students check events on calendar/Page_Bn bc ch/a_Thm mt ch  tho lun mi' is clickable

2022-01-17 23:49:23 - [MESSAGE][INFO] - Unable to find the element located by 'By.xpath: //a[@id='yui_3_17_2_1_1641494373033_489']'. Please recheck the objects properties to make sure the desired element is located. 

2022-01-17 23:49:23 - [MESSAGE][WARNING] - [SELF-HEALING] Failed to find element with id 'Object Repository/Students check events on calendar/Page_Bn bc ch/a_Thm mt ch  tho lun mi'. Try using Self-healing.

2022-01-17 23:49:23 - [MESSAGE][WARNING] - [SELF-HEALING] The current locator of test object 'Object Repository/Students check events on calendar/Page_Bn bc ch/a_Thm mt ch  tho lun mi' was broken. Propose an alternative one: '//a[contains(text(),'Thêm một chủ đề thảo luận mới')]'.

2022-01-17 23:49:23 - [MESSAGE][PASSED] - Object 'Object Repository/Students check events on calendar/Page_Bn bc ch/a_Thm mt ch  tho lun mi' is clickable

2022-01-17 23:49:23 - [TEST_STEP][PASSED] - click(findTestObject("Object Repository/Students check events on calendar/Page_Bn bc ch/a_Thm mt ch  tho lun mi")): Object: 'Object Repository/Students check events on calendar/Page_Bn bc ch/a_Thm mt ch  tho lun mi' is clicked on

2022-01-17 23:49:30 - [MESSAGE][INFO] - Unable to find the element located by 'By.xpath: //a[@id='yui_3_17_2_1_1641494373033_489']'. Please recheck the objects properties to make sure the desired element is located. 

2022-01-17 23:49:30 - [MESSAGE][WARNING] - [SELF-HEALING] Failed to find element with id 'Object Repository/Students check events on calendar/Page_Bn bc ch/a_Thm mt ch  tho lun mi'. Try using Self-healing.

2022-01-17 23:49:30 - [MESSAGE][WARNING] - [SELF-HEALING] The current locator of test object 'Object Repository/Students check events on calendar/Page_Bn bc ch/a_Thm mt ch  tho lun mi' was broken. Propose an alternative one: '//a[contains(text(),'Thêm một chủ đề thảo luận mới')]'.

2022-01-17 23:49:30 - [MESSAGE][PASSED] - Object: 'Object Repository/Students check events on calendar/Page_Bn bc ch/a_Thm mt ch  tho lun mi' is clicked on

2022-01-17 23:49:30 - [TEST_STEP][PASSED] - setText(findTestObject("Object Repository/Students check events on calendar/Page_Bn bc ch/input_Tiu_subject"), "hello world"): Text 'hello world' is set on object 'Object Repository/Students check events on calendar/Page_Bn bc ch/input_Tiu_subject'

2022-01-17 23:49:31 - [MESSAGE][PASSED] - Text 'hello world' is set on object 'Object Repository/Students check events on calendar/Page_Bn bc ch/input_Tiu_subject'

2022-01-17 23:49:31 - [TEST_STEP][PASSED] - setText(findTestObject("Object Repository/Students check events on calendar/Page_Bn bc ch/div_Hello world"), "<p dir="ltr" style="text-align: left;">Hello world</p>"): Text '<p dir="ltr" style="text-align: left;">Hello world</p>' is set on object 'Object Repository/Students check events on calendar/Page_Bn bc ch/div_Hello world'

2022-01-17 23:49:33 - [MESSAGE][PASSED] - Text '<p dir="ltr" style="text-align: left;">Hello world</p>' is set on object 'Object Repository/Students check events on calendar/Page_Bn bc ch/div_Hello world'

2022-01-17 23:49:33 - [TEST_STEP][PASSED] - click(findTestObject("Object Repository/Students check events on calendar/Page_Bn bc ch/input_Ni dung_submitbutton")): Object: 'Object Repository/Students check events on calendar/Page_Bn bc ch/input_Ni dung_submitbutton' is clicked on

2022-01-17 23:49:35 - [MESSAGE][PASSED] - Object: 'Object Repository/Students check events on calendar/Page_Bn bc ch/input_Ni dung_submitbutton' is clicked on

2022-01-17 23:49:35 - [TEST_STEP][PASSED] - closeBrowser(): Browser is closed

2022-01-17 23:49:36 - [MESSAGE][PASSED] - Browser is closed]]></system-out>
         <system-err><![CDATA[]]></system-err>
      </testcase>
      <testcase name="Test Cases/Students check events on calendar/Quiz event" time="141.827" classname="Test Cases/Students check events on calendar/Quiz event" status="PASSED">
         <system-out><![CDATA[2022-01-17 23:49:36 - [TEST_CASE][PASSED] - Test Cases/Students check events on calendar/Quiz event: Test Cases/Students check events on calendar/Quiz event

2022-01-17 23:49:37 - [TEST_STEP][PASSED] - openBrowser(""): Browser is opened with url: ''

2022-01-17 23:49:37 - [MESSAGE][INFO] - Starting 'Edge Chromium' driver

2022-01-17 23:49:40 - [MESSAGE][INFO] - Action delay is set to 0 milliseconds

2022-01-17 23:49:41 - [MESSAGE][PASSED] - Browser is opened with url: ''

2022-01-17 23:49:41 - [TEST_STEP][PASSED] - navigateToUrl("http://localhost/"): Navigate to 'http://localhost/' successfully

2022-01-17 23:49:43 - [MESSAGE][PASSED] - Navigate to 'http://localhost/' successfully

2022-01-17 23:49:43 - [TEST_STEP][PASSED] - click(findTestObject("Object Repository/Students check events on calendar/Page_Local Moodle/a_Log in")): Object: 'Object Repository/Students check events on calendar/Page_Local Moodle/a_Log in' is clicked on

2022-01-17 23:49:44 - [MESSAGE][PASSED] - Object: 'Object Repository/Students check events on calendar/Page_Local Moodle/a_Log in' is clicked on

2022-01-17 23:49:44 - [TEST_STEP][PASSED] - setText(findTestObject("Object Repository/Students check events on calendar/Page_Local Moodle Log in to the site/input_Username_username"), "gv01"): Text 'gv01' is set on object 'Object Repository/Students check events on calendar/Page_Local Moodle Log in to the site/input_Username_username'

2022-01-17 23:49:45 - [MESSAGE][PASSED] - Text 'gv01' is set on object 'Object Repository/Students check events on calendar/Page_Local Moodle Log in to the site/input_Username_username'

2022-01-17 23:49:45 - [TEST_STEP][PASSED] - setEncryptedText(findTestObject("Object Repository/Students check events on calendar/Page_Local Moodle Log in to the site/input_Password_password"), "RigbBhfdqOAWw2eOk0+aVg=="): Text ****** has been set on object 'Object Repository/Students check events on calendar/Page_Local Moodle Log in to the site/input_Password_password'

2022-01-17 23:49:46 - [MESSAGE][PASSED] - Text ****** has been set on object 'Object Repository/Students check events on calendar/Page_Local Moodle Log in to the site/input_Password_password'

2022-01-17 23:49:46 - [TEST_STEP][PASSED] - click(findTestObject("Object Repository/Students check events on calendar/Page_Local Moodle Log in to the site/button_Log in")): Object: 'Object Repository/Students check events on calendar/Page_Local Moodle Log in to the site/button_Log in' is clicked on

2022-01-17 23:49:48 - [MESSAGE][PASSED] - Object: 'Object Repository/Students check events on calendar/Page_Local Moodle Log in to the site/button_Log in' is clicked on

2022-01-17 23:49:48 - [TEST_STEP][PASSED] - verifyElementClickable(findTestObject("Object Repository/Students check events on calendar/Page_Nh ca ti/span_Nhp mn cng ngh phn mm")): Object 'Object Repository/Students check events on calendar/Page_Nh ca ti/span_Nhp mn cng ngh phn mm' is clickable

2022-01-17 23:49:55 - [MESSAGE][INFO] - Unable to find the element located by 'By.xpath: //div[@id='course-info-container-20-8']/div/div/a/span[3]'. Please recheck the objects properties to make sure the desired element is located. 

2022-01-17 23:49:55 - [MESSAGE][WARNING] - [SELF-HEALING] Failed to find element with id 'Object Repository/Students check events on calendar/Page_Nh ca ti/span_Nhp mn cng ngh phn mm'. Try using Self-healing.

2022-01-17 23:49:55 - [MESSAGE][WARNING] - [SELF-HEALING] The current locator of test object 'Object Repository/Students check events on calendar/Page_Nh ca ti/span_Nhp mn cng ngh phn mm' was broken. Propose an alternative one: '(.//*[normalize-space(text()) and normalize-space(.)='Tên khóa học'])[1]/following::span[1]'.

2022-01-17 23:49:55 - [MESSAGE][PASSED] - Object 'Object Repository/Students check events on calendar/Page_Nh ca ti/span_Nhp mn cng ngh phn mm' is clickable

2022-01-17 23:49:55 - [TEST_STEP][PASSED] - click(findTestObject("Object Repository/Students check events on calendar/Page_Nh ca ti/span_Nhp mn cng ngh phn mm")): Object: 'Object Repository/Students check events on calendar/Page_Nh ca ti/span_Nhp mn cng ngh phn mm' is clicked on

2022-01-17 23:50:01 - [MESSAGE][INFO] - Unable to find the element located by 'By.xpath: //div[@id='course-info-container-20-8']/div/div/a/span[3]'. Please recheck the objects properties to make sure the desired element is located. 

2022-01-17 23:50:01 - [MESSAGE][WARNING] - [SELF-HEALING] Failed to find element with id 'Object Repository/Students check events on calendar/Page_Nh ca ti/span_Nhp mn cng ngh phn mm'. Try using Self-healing.

2022-01-17 23:50:02 - [MESSAGE][WARNING] - [SELF-HEALING] The current locator of test object 'Object Repository/Students check events on calendar/Page_Nh ca ti/span_Nhp mn cng ngh phn mm' was broken. Propose an alternative one: '(.//*[normalize-space(text()) and normalize-space(.)='Tên khóa học'])[1]/following::span[1]'.

2022-01-17 23:50:03 - [MESSAGE][PASSED] - Object: 'Object Repository/Students check events on calendar/Page_Nh ca ti/span_Nhp mn cng ngh phn mm' is clicked on

2022-01-17 23:50:03 - [TEST_STEP][PASSED] - click(findTestObject("Object Repository/Students check events on calendar/Page_Kha Nhp mn cng ngh phn mm/button_Bt ch  chnh sa")): Object: 'Object Repository/Students check events on calendar/Page_Kha Nhp mn cng ngh phn mm/button_Bt ch  chnh sa' is clicked on

2022-01-17 23:50:09 - [MESSAGE][INFO] - Unable to find the element located by 'By.xpath: //button[@id='single_button61e174d8acd921']'. Please recheck the objects properties to make sure the desired element is located. 

2022-01-17 23:50:09 - [MESSAGE][WARNING] - [SELF-HEALING] Failed to find element with id 'Object Repository/Students check events on calendar/Page_Kha Nhp mn cng ngh phn mm/button_Bt ch  chnh sa'. Try using Self-healing.

2022-01-17 23:50:10 - [MESSAGE][WARNING] - [SELF-HEALING] The current locator of test object 'Object Repository/Students check events on calendar/Page_Kha Nhp mn cng ngh phn mm/button_Bt ch  chnh sa' was broken. Propose an alternative one: '//header[@id='page-header']/div/div/div/div[2]/div[2]/div/form/button'.

2022-01-17 23:50:11 - [MESSAGE][PASSED] - Object: 'Object Repository/Students check events on calendar/Page_Kha Nhp mn cng ngh phn mm/button_Bt ch  chnh sa' is clicked on

2022-01-17 23:50:11 - [TEST_STEP][PASSED] - click(findTestObject("Object Repository/Students check events on calendar/Page_Kha Nhp mn cng ngh phn mm/span_Thm hot ng hoc ti nguyn")): Object: 'Object Repository/Students check events on calendar/Page_Kha Nhp mn cng ngh phn mm/span_Thm hot ng hoc ti nguyn' is clicked on

2022-01-17 23:50:18 - [MESSAGE][INFO] - Unable to find the element located by 'By.xpath: //span[@id='yui_3_17_2_1_1642165488702_701']'. Please recheck the objects properties to make sure the desired element is located. 

2022-01-17 23:50:18 - [MESSAGE][WARNING] - [SELF-HEALING] Failed to find element with id 'Object Repository/Students check events on calendar/Page_Kha Nhp mn cng ngh phn mm/span_Thm hot ng hoc ti nguyn'. Try using Self-healing.

2022-01-17 23:50:18 - [MESSAGE][WARNING] - [SELF-HEALING] The current locator of test object 'Object Repository/Students check events on calendar/Page_Kha Nhp mn cng ngh phn mm/span_Thm hot ng hoc ti nguyn' was broken. Propose an alternative one: '(.//*[normalize-space(text()) and normalize-space(.)='Thêm tập tin ở đây'])[1]/following::span[1]'.

2022-01-17 23:50:18 - [MESSAGE][PASSED] - Object: 'Object Repository/Students check events on calendar/Page_Kha Nhp mn cng ngh phn mm/span_Thm hot ng hoc ti nguyn' is clicked on

2022-01-17 23:50:18 - [TEST_STEP][PASSED] - click(findTestObject("Object Repository/Students check events on calendar/Page_Kha Nhp mn cng ngh phn mm/a_Cc hot ng")): Object: 'Object Repository/Students check events on calendar/Page_Kha Nhp mn cng ngh phn mm/a_Cc hot ng' is clicked on

2022-01-17 23:50:25 - [MESSAGE][INFO] - Unable to find the element located by 'By.xpath: //a[@id='activity-tab-5']'. Please recheck the objects properties to make sure the desired element is located. 

2022-01-17 23:50:25 - [MESSAGE][WARNING] - [SELF-HEALING] Failed to find element with id 'Object Repository/Students check events on calendar/Page_Kha Nhp mn cng ngh phn mm/a_Cc hot ng'. Try using Self-healing.

2022-01-17 23:50:25 - [MESSAGE][WARNING] - [SELF-HEALING] The current locator of test object 'Object Repository/Students check events on calendar/Page_Kha Nhp mn cng ngh phn mm/a_Cc hot ng' was broken. Propose an alternative one: '//a[contains(text(),'Các hoạt động')]'.

2022-01-17 23:50:25 - [MESSAGE][PASSED] - Object: 'Object Repository/Students check events on calendar/Page_Kha Nhp mn cng ngh phn mm/a_Cc hot ng' is clicked on

2022-01-17 23:50:25 - [TEST_STEP][PASSED] - click(findTestObject("Object Repository/Students check events on calendar/Page_Kha Nhp mn cng ngh phn mm/a_Ti nguyn")): Object: 'Object Repository/Students check events on calendar/Page_Kha Nhp mn cng ngh phn mm/a_Ti nguyn' is clicked on

2022-01-17 23:50:32 - [MESSAGE][INFO] - Unable to find the element located by 'By.xpath: //a[@id='resources-tab-5']'. Please recheck the objects properties to make sure the desired element is located. 

2022-01-17 23:50:32 - [MESSAGE][WARNING] - [SELF-HEALING] Failed to find element with id 'Object Repository/Students check events on calendar/Page_Kha Nhp mn cng ngh phn mm/a_Ti nguyn'. Try using Self-healing.

2022-01-17 23:50:32 - [MESSAGE][WARNING] - [SELF-HEALING] The current locator of test object 'Object Repository/Students check events on calendar/Page_Kha Nhp mn cng ngh phn mm/a_Ti nguyn' was broken. Propose an alternative one: '//a[contains(text(),'Tài nguyên')]'.

2022-01-17 23:50:32 - [MESSAGE][PASSED] - Object: 'Object Repository/Students check events on calendar/Page_Kha Nhp mn cng ngh phn mm/a_Ti nguyn' is clicked on

2022-01-17 23:50:32 - [TEST_STEP][PASSED] - click(findTestObject("Object Repository/Students check events on calendar/Page_Kha Nhp mn cng ngh phn mm/a_Cc hot ng")): Object: 'Object Repository/Students check events on calendar/Page_Kha Nhp mn cng ngh phn mm/a_Cc hot ng' is clicked on

2022-01-17 23:50:38 - [MESSAGE][INFO] - Unable to find the element located by 'By.xpath: //a[@id='activity-tab-5']'. Please recheck the objects properties to make sure the desired element is located. 

2022-01-17 23:50:38 - [MESSAGE][WARNING] - [SELF-HEALING] Failed to find element with id 'Object Repository/Students check events on calendar/Page_Kha Nhp mn cng ngh phn mm/a_Cc hot ng'. Try using Self-healing.

2022-01-17 23:50:39 - [MESSAGE][WARNING] - [SELF-HEALING] The current locator of test object 'Object Repository/Students check events on calendar/Page_Kha Nhp mn cng ngh phn mm/a_Cc hot ng' was broken. Propose an alternative one: '//a[contains(text(),'Các hoạt động')]'.

2022-01-17 23:50:39 - [MESSAGE][PASSED] - Object: 'Object Repository/Students check events on calendar/Page_Kha Nhp mn cng ngh phn mm/a_Cc hot ng' is clicked on

2022-01-17 23:50:39 - [TEST_STEP][PASSED] - click(findTestObject("Object Repository/Students check events on calendar/Page_Kha Nhp mn cng ngh phn mm/div_Cu hi thm d")): Object: 'Object Repository/Students check events on calendar/Page_Kha Nhp mn cng ngh phn mm/div_Cu hi thm d' is clicked on

2022-01-17 23:50:45 - [MESSAGE][INFO] - Unable to find the element located by 'By.xpath: //div[@id='activity-5']/div/div[5]/div/a/div[2]'. Please recheck the objects properties to make sure the desired element is located. 

2022-01-17 23:50:45 - [MESSAGE][WARNING] - [SELF-HEALING] Failed to find element with id 'Object Repository/Students check events on calendar/Page_Kha Nhp mn cng ngh phn mm/div_Cu hi thm d'. Try using Self-healing.

2022-01-17 23:50:45 - [MESSAGE][WARNING] - [SELF-HEALING] The current locator of test object 'Object Repository/Students check events on calendar/Page_Kha Nhp mn cng ngh phn mm/div_Cu hi thm d' was broken. Propose an alternative one: '(.//*[normalize-space(text()) and normalize-space(.)='Cuộc khảo sát'])[2]/following::div[5]'.

2022-01-17 23:50:48 - [MESSAGE][PASSED] - Object: 'Object Repository/Students check events on calendar/Page_Kha Nhp mn cng ngh phn mm/div_Cu hi thm d' is clicked on

2022-01-17 23:50:48 - [TEST_STEP][PASSED] - setText(findTestObject("Object Repository/Students check events on calendar/Page_Bin son Cu hi thm d/input_Tn cu hi_name"), "Câu hỏi thăm dò"): Text 'Câu hỏi thăm dò' is set on object 'Object Repository/Students check events on calendar/Page_Bin son Cu hi thm d/input_Tn cu hi_name'

2022-01-17 23:50:50 - [MESSAGE][PASSED] - Text 'Câu hỏi thăm dò' is set on object 'Object Repository/Students check events on calendar/Page_Bin son Cu hi thm d/input_Tn cu hi_name'

2022-01-17 23:50:50 - [TEST_STEP][PASSED] - setText(findTestObject("Object Repository/Students check events on calendar/Page_Bin son Cu hi thm d/div_Ni dung cu hi"), "<p dir="ltr" style="text-align: left;">Nội dung câu hỏi</p>"): Text '<p dir="ltr" style="text-align: left;">Nội dung câu hỏi</p>' is set on object 'Object Repository/Students check events on calendar/Page_Bin son Cu hi thm d/div_Ni dung cu hi'

2022-01-17 23:50:53 - [MESSAGE][PASSED] - Text '<p dir="ltr" style="text-align: left;">Nội dung câu hỏi</p>' is set on object 'Object Repository/Students check events on calendar/Page_Bin son Cu hi thm d/div_Ni dung cu hi'

2022-01-17 23:50:53 - [TEST_STEP][PASSED] - setText(findTestObject("Object Repository/Students check events on calendar/Page_Bin son Cu hi thm d/input_Phng n khng_option0"), "1"): Text '1' is set on object 'Object Repository/Students check events on calendar/Page_Bin son Cu hi thm d/input_Phng n khng_option0'

2022-01-17 23:50:54 - [MESSAGE][PASSED] - Text '1' is set on object 'Object Repository/Students check events on calendar/Page_Bin son Cu hi thm d/input_Phng n khng_option0'

2022-01-17 23:50:54 - [TEST_STEP][PASSED] - setText(findTestObject("Object Repository/Students check events on calendar/Page_Bin son Cu hi thm d/input_Phng n khng_option1"), "2"): Text '2' is set on object 'Object Repository/Students check events on calendar/Page_Bin son Cu hi thm d/input_Phng n khng_option1'

2022-01-17 23:50:56 - [MESSAGE][PASSED] - Text '2' is set on object 'Object Repository/Students check events on calendar/Page_Bin son Cu hi thm d/input_Phng n khng_option1'

2022-01-17 23:50:56 - [TEST_STEP][PASSED] - setText(findTestObject("Object Repository/Students check events on calendar/Page_Bin son Cu hi thm d/input_Phng n khng_option2"), "3"): Text '3' is set on object 'Object Repository/Students check events on calendar/Page_Bin son Cu hi thm d/input_Phng n khng_option2'

2022-01-17 23:50:57 - [MESSAGE][PASSED] - Text '3' is set on object 'Object Repository/Students check events on calendar/Page_Bin son Cu hi thm d/input_Phng n khng_option2'

2022-01-17 23:50:57 - [TEST_STEP][PASSED] - setText(findTestObject("Object Repository/Students check events on calendar/Page_Bin son Cu hi thm d/input_Phng n khng_option3"), "4"): Text '4' is set on object 'Object Repository/Students check events on calendar/Page_Bin son Cu hi thm d/input_Phng n khng_option3'

2022-01-17 23:50:58 - [MESSAGE][PASSED] - Text '4' is set on object 'Object Repository/Students check events on calendar/Page_Bin son Cu hi thm d/input_Phng n khng_option3'

2022-01-17 23:50:58 - [TEST_STEP][PASSED] - setText(findTestObject("Object Repository/Students check events on calendar/Page_Bin son Cu hi thm d/input_Phng n khng_option4"), "5"): Text '5' is set on object 'Object Repository/Students check events on calendar/Page_Bin son Cu hi thm d/input_Phng n khng_option4'

2022-01-17 23:50:59 - [MESSAGE][PASSED] - Text '5' is set on object 'Object Repository/Students check events on calendar/Page_Bin son Cu hi thm d/input_Phng n khng_option4'

2022-01-17 23:50:59 - [TEST_STEP][PASSED] - selectOptionByValue(findTestObject("Object Repository/Students check events on calendar/Page_Bin son Cu hi thm d/select_Khng            C"), "1", true): All options with value '1' are selected in object 'Object Repository/Students check events on calendar/Page_Bin son Cu hi thm d/select_Khng            C'  using regular expression

2022-01-17 23:51:01 - [MESSAGE][PASSED] - All options with value '1' are selected in object 'Object Repository/Students check events on calendar/Page_Bin son Cu hi thm d/select_Khng            C'  using regular expression

2022-01-17 23:51:01 - [TEST_STEP][PASSED] - selectOptionByValue(findTestObject("Object Repository/Students check events on calendar/Page_Bin son Cu hi thm d/select_Khng            C"), "0", true): All options with value '0' are selected in object 'Object Repository/Students check events on calendar/Page_Bin son Cu hi thm d/select_Khng            C'  using regular expression

2022-01-17 23:51:02 - [MESSAGE][PASSED] - All options with value '0' are selected in object 'Object Repository/Students check events on calendar/Page_Bin son Cu hi thm d/select_Khng            C'  using regular expression

2022-01-17 23:51:02 - [TEST_STEP][PASSED] - click(findTestObject("Object Repository/Students check events on calendar/Page_Bin son Cu hi thm d/a_Hiu lc")): Object: 'Object Repository/Students check events on calendar/Page_Bin son Cu hi thm d/a_Hiu lc' is clicked on

2022-01-17 23:51:09 - [MESSAGE][INFO] - Unable to find the element located by 'By.xpath: //a[@id='yui_3_17_2_1_1641504907712_62']'. Please recheck the objects properties to make sure the desired element is located. 

2022-01-17 23:51:09 - [MESSAGE][WARNING] - [SELF-HEALING] Failed to find element with id 'Object Repository/Students check events on calendar/Page_Bin son Cu hi thm d/a_Hiu lc'. Try using Self-healing.

2022-01-17 23:51:09 - [MESSAGE][WARNING] - [SELF-HEALING] The current locator of test object 'Object Repository/Students check events on calendar/Page_Bin son Cu hi thm d/a_Hiu lc' was broken. Propose an alternative one: '//a[contains(text(),'Hiệu lực')]'.

2022-01-17 23:51:09 - [MESSAGE][PASSED] - Object: 'Object Repository/Students check events on calendar/Page_Bin son Cu hi thm d/a_Hiu lc' is clicked on

2022-01-17 23:51:09 - [TEST_STEP][PASSED] - click(findTestObject("Object Repository/Students check events on calendar/Page_Bin son Cu hi thm d/input_M_timecloseenabled")): Object: 'Object Repository/Students check events on calendar/Page_Bin son Cu hi thm d/input_M_timecloseenabled' is clicked on

2022-01-17 23:51:10 - [MESSAGE][PASSED] - Object: 'Object Repository/Students check events on calendar/Page_Bin son Cu hi thm d/input_M_timecloseenabled' is clicked on

2022-01-17 23:51:10 - [TEST_STEP][PASSED] - selectOptionByValue(findTestObject("Object Repository/Students check events on calendar/Page_Bin son Cu hi thm d/select_1        2        3        4        _45ea30"), "8", true): All options with value '8' are selected in object 'Object Repository/Students check events on calendar/Page_Bin son Cu hi thm d/select_1        2        3        4        _45ea30'  using regular expression

2022-01-17 23:51:12 - [MESSAGE][PASSED] - All options with value '8' are selected in object 'Object Repository/Students check events on calendar/Page_Bin son Cu hi thm d/select_1        2        3        4        _45ea30'  using regular expression

2022-01-17 23:51:12 - [TEST_STEP][PASSED] - click(findTestObject("Object Repository/Students check events on calendar/Page_Bin son Cu hi thm d/input_M_timeopenenabled")): Object: 'Object Repository/Students check events on calendar/Page_Bin son Cu hi thm d/input_M_timeopenenabled' is clicked on

2022-01-17 23:51:12 - [MESSAGE][PASSED] - Object: 'Object Repository/Students check events on calendar/Page_Bin son Cu hi thm d/input_M_timeopenenabled' is clicked on

2022-01-17 23:51:12 - [TEST_STEP][PASSED] - selectOptionByValue(findTestObject("Object Repository/Students check events on calendar/Page_Bin son Cu hi thm d/select_1        2        3        4        _45ea30_1"), "8", true): All options with value '8' are selected in object 'Object Repository/Students check events on calendar/Page_Bin son Cu hi thm d/select_1        2        3        4        _45ea30_1'  using regular expression

2022-01-17 23:51:15 - [MESSAGE][PASSED] - All options with value '8' are selected in object 'Object Repository/Students check events on calendar/Page_Bin son Cu hi thm d/select_1        2        3        4        _45ea30_1'  using regular expression

2022-01-17 23:51:15 - [TEST_STEP][PASSED] - click(findTestObject("Object Repository/Students check events on calendar/Page_Bin son Cu hi thm d/input_Upon activity completion_submitbutton")): Object: 'Object Repository/Students check events on calendar/Page_Bin son Cu hi thm d/input_Upon activity completion_submitbutton' is clicked on

2022-01-17 23:51:17 - [MESSAGE][PASSED] - Object: 'Object Repository/Students check events on calendar/Page_Bin son Cu hi thm d/input_Upon activity completion_submitbutton' is clicked on

2022-01-17 23:51:17 - [TEST_STEP][PASSED] - verifyElementText(findTestObject("Object Repository/Students check events on calendar/Page_Cu hi thm d/h2_Cu hi thm d"), "Câu hỏi thăm dò"): Actual text and expected text of test object 'Object Repository/Students check events on calendar/Page_Cu hi thm d/h2_Cu hi thm d' are matched.

2022-01-17 23:51:18 - [MESSAGE][PASSED] - Actual text and expected text of test object 'Object Repository/Students check events on calendar/Page_Cu hi thm d/h2_Cu hi thm d' are matched.

2022-01-17 23:51:18 - [TEST_STEP][PASSED] - click(findTestObject("Object Repository/Students check events on calendar/Page_Cu hi thm d/a_Van Luyen Le")): Object: 'Object Repository/Students check events on calendar/Page_Cu hi thm d/a_Van Luyen Le' is clicked on

2022-01-17 23:51:19 - [MESSAGE][PASSED] - Object: 'Object Repository/Students check events on calendar/Page_Cu hi thm d/a_Van Luyen Le' is clicked on

2022-01-17 23:51:19 - [TEST_STEP][PASSED] - click(findTestObject("Object Repository/Students check events on calendar/Page_Cu hi thm d/a_Thot")): Object: 'Object Repository/Students check events on calendar/Page_Cu hi thm d/a_Thot' is clicked on

2022-01-17 23:51:20 - [MESSAGE][PASSED] - Object: 'Object Repository/Students check events on calendar/Page_Cu hi thm d/a_Thot' is clicked on

2022-01-17 23:51:20 - [TEST_STEP][PASSED] - click(findTestObject("Object Repository/Students check events on calendar/Page_Local Moodle/a_Log in")): Object: 'Object Repository/Students check events on calendar/Page_Local Moodle/a_Log in' is clicked on

2022-01-17 23:51:22 - [MESSAGE][PASSED] - Object: 'Object Repository/Students check events on calendar/Page_Local Moodle/a_Log in' is clicked on

2022-01-17 23:51:22 - [TEST_STEP][PASSED] - setText(findTestObject("Object Repository/Students check events on calendar/Page_Local Moodle Log in to the site/input_Username_username"), "hs01"): Text 'hs01' is set on object 'Object Repository/Students check events on calendar/Page_Local Moodle Log in to the site/input_Username_username'

2022-01-17 23:51:23 - [MESSAGE][PASSED] - Text 'hs01' is set on object 'Object Repository/Students check events on calendar/Page_Local Moodle Log in to the site/input_Username_username'

2022-01-17 23:51:23 - [TEST_STEP][PASSED] - setEncryptedText(findTestObject("Object Repository/Students check events on calendar/Page_Local Moodle Log in to the site/input_Password_password"), "o5TCnEIIWq2SeGQhIMNXLQ=="): Text ****** has been set on object 'Object Repository/Students check events on calendar/Page_Local Moodle Log in to the site/input_Password_password'

2022-01-17 23:51:23 - [MESSAGE][PASSED] - Text ****** has been set on object 'Object Repository/Students check events on calendar/Page_Local Moodle Log in to the site/input_Password_password'

2022-01-17 23:51:23 - [TEST_STEP][PASSED] - click(findTestObject("Object Repository/Students check events on calendar/Page_Local Moodle Log in to the site/button_Log in")): Object: 'Object Repository/Students check events on calendar/Page_Local Moodle Log in to the site/button_Log in' is clicked on

2022-01-17 23:51:26 - [MESSAGE][PASSED] - Object: 'Object Repository/Students check events on calendar/Page_Local Moodle Log in to the site/button_Log in' is clicked on

2022-01-17 23:51:26 - [TEST_STEP][PASSED] - click(findTestObject("Object Repository/Students check events on calendar/Page_Nh ca ti/a_8")): Object: 'Object Repository/Students check events on calendar/Page_Nh ca ti/a_8' is clicked on

2022-01-17 23:51:33 - [MESSAGE][INFO] - Unable to find the element located by 'By.xpath: //a[@id='calendar-day-popover-link-1-2022-7-3']'. Please recheck the objects properties to make sure the desired element is located. 

2022-01-17 23:51:33 - [MESSAGE][WARNING] - [SELF-HEALING] Failed to find element with id 'Object Repository/Students check events on calendar/Page_Nh ca ti/a_8'. Try using Self-healing.

2022-01-17 23:51:33 - [MESSAGE][WARNING] - [SELF-HEALING] The current locator of test object 'Object Repository/Students check events on calendar/Page_Nh ca ti/a_8' was broken. Propose an alternative one: '//a[contains(text(),'8')]'.

2022-01-17 23:51:35 - [MESSAGE][PASSED] - Object: 'Object Repository/Students check events on calendar/Page_Nh ca ti/a_8' is clicked on

2022-01-17 23:51:35 - [TEST_STEP][PASSED] - verifyElementClickable(findTestObject("Object Repository/Students check events on calendar/Page_Moodle Lch Xem ngy Th By, 8 Thng Ging 2022/a_i ti hot ng")): Object 'Object Repository/Students check events on calendar/Page_Moodle Lch Xem ngy Th By, 8 Thng Ging 2022/a_i ti hot ng' is clickable

2022-01-17 23:51:41 - [MESSAGE][INFO] - Unable to find the element located by 'By.xpath: //div[@id='calendar-day-61e176fb1c54c61e176fa289e520']/div[2]/div[2]/div[3]/div/div[3]/a'. Please recheck the objects properties to make sure the desired element is located. 

2022-01-17 23:51:41 - [MESSAGE][WARNING] - [SELF-HEALING] Failed to find element with id 'Object Repository/Students check events on calendar/Page_Moodle Lch Xem ngy Th By, 8 Thng Ging 2022/a_i ti hot ng'. Try using Self-healing.

2022-01-17 23:51:42 - [MESSAGE][WARNING] - [SELF-HEALING] The current locator of test object 'Object Repository/Students check events on calendar/Page_Moodle Lch Xem ngy Th By, 8 Thng Ging 2022/a_i ti hot ng' was broken. Propose an alternative one: '(//a[contains(text(),'Đi tới hoạt động')])[3]'.

2022-01-17 23:51:42 - [MESSAGE][PASSED] - Object 'Object Repository/Students check events on calendar/Page_Moodle Lch Xem ngy Th By, 8 Thng Ging 2022/a_i ti hot ng' is clickable

2022-01-17 23:51:42 - [TEST_STEP][PASSED] - click(findTestObject("Object Repository/Students check events on calendar/Page_Moodle Lch Xem ngy Th By, 8 Thng Ging 2022/a_i ti hot ng")): Object: 'Object Repository/Students check events on calendar/Page_Moodle Lch Xem ngy Th By, 8 Thng Ging 2022/a_i ti hot ng' is clicked on

2022-01-17 23:51:48 - [MESSAGE][INFO] - Unable to find the element located by 'By.xpath: //div[@id='calendar-day-61e176fb1c54c61e176fa289e520']/div[2]/div[2]/div[3]/div/div[3]/a'. Please recheck the objects properties to make sure the desired element is located. 

2022-01-17 23:51:48 - [MESSAGE][WARNING] - [SELF-HEALING] Failed to find element with id 'Object Repository/Students check events on calendar/Page_Moodle Lch Xem ngy Th By, 8 Thng Ging 2022/a_i ti hot ng'. Try using Self-healing.

2022-01-17 23:51:49 - [MESSAGE][WARNING] - [SELF-HEALING] The current locator of test object 'Object Repository/Students check events on calendar/Page_Moodle Lch Xem ngy Th By, 8 Thng Ging 2022/a_i ti hot ng' was broken. Propose an alternative one: '(//a[contains(text(),'Đi tới hoạt động')])[3]'.

2022-01-17 23:51:50 - [MESSAGE][PASSED] - Object: 'Object Repository/Students check events on calendar/Page_Moodle Lch Xem ngy Th By, 8 Thng Ging 2022/a_i ti hot ng' is clicked on

2022-01-17 23:51:50 - [TEST_STEP][PASSED] - verifyElementText(findTestObject("Object Repository/Students check events on calendar/Page_Cu hi thm d/h2_Cu hi thm d"), "Câu hỏi thăm dò"): Actual text and expected text of test object 'Object Repository/Students check events on calendar/Page_Cu hi thm d/h2_Cu hi thm d' are matched.

2022-01-17 23:51:56 - [MESSAGE][INFO] - Unable to find the element located by 'By.xpath: //section[@id='region-main']/div[2]/h2'. Please recheck the objects properties to make sure the desired element is located. 

2022-01-17 23:51:56 - [MESSAGE][WARNING] - [SELF-HEALING] Failed to find element with id 'Object Repository/Students check events on calendar/Page_Cu hi thm d/h2_Cu hi thm d'. Try using Self-healing.

2022-01-17 23:51:56 - [MESSAGE][WARNING] - [SELF-HEALING] The current locator of test object 'Object Repository/Students check events on calendar/Page_Cu hi thm d/h2_Cu hi thm d' was broken. Propose an alternative one: '//h2'.

2022-01-17 23:51:57 - [MESSAGE][PASSED] - Actual text and expected text of test object 'Object Repository/Students check events on calendar/Page_Cu hi thm d/h2_Cu hi thm d' are matched.

2022-01-17 23:51:57 - [TEST_STEP][PASSED] - closeBrowser(): Browser is closed

2022-01-17 23:51:58 - [MESSAGE][PASSED] - Browser is closed]]></system-out>
         <system-err><![CDATA[]]></system-err>
      </testcase>
      <testcase name="Test Cases/Texting/Multiple messages" time="156.085" classname="Test Cases/Texting/Multiple messages" status="PASSED">
         <system-out><![CDATA[2022-01-17 23:51:58 - [TEST_CASE][PASSED] - Test Cases/Texting/Multiple messages: Test Cases/Texting/Multiple messages

2022-01-17 23:51:59 - [TEST_STEP][PASSED] - openBrowser(""): Browser is opened with url: ''

2022-01-17 23:52:00 - [MESSAGE][INFO] - Starting 'Edge Chromium' driver

2022-01-17 23:52:02 - [MESSAGE][INFO] - Action delay is set to 0 milliseconds

2022-01-17 23:52:04 - [MESSAGE][PASSED] - Browser is opened with url: ''

2022-01-17 23:52:04 - [TEST_STEP][PASSED] - navigateToUrl("http://localhost/"): Navigate to 'http://localhost/' successfully

2022-01-17 23:52:07 - [MESSAGE][PASSED] - Navigate to 'http://localhost/' successfully

2022-01-17 23:52:07 - [TEST_STEP][PASSED] - click(findTestObject("Object Repository/Texting/Page_Local Moodle/a_Log in")): Object: 'Object Repository/Texting/Page_Local Moodle/a_Log in' is clicked on

2022-01-17 23:52:09 - [MESSAGE][PASSED] - Object: 'Object Repository/Texting/Page_Local Moodle/a_Log in' is clicked on

2022-01-17 23:52:09 - [TEST_STEP][PASSED] - setText(findTestObject("Object Repository/Texting/Page_Local Moodle Log in to the site/input_Username_username"), "lcbinh"): Text 'lcbinh' is set on object 'Object Repository/Texting/Page_Local Moodle Log in to the site/input_Username_username'

2022-01-17 23:52:10 - [MESSAGE][PASSED] - Text 'lcbinh' is set on object 'Object Repository/Texting/Page_Local Moodle Log in to the site/input_Username_username'

2022-01-17 23:52:10 - [TEST_STEP][PASSED] - setEncryptedText(findTestObject("Object Repository/Texting/Page_Local Moodle Log in to the site/input_Password_password"), "o5TCnEIIWq0Pz0TkrK1a2rpuWvRKVWz2"): Text ****** has been set on object 'Object Repository/Texting/Page_Local Moodle Log in to the site/input_Password_password'

2022-01-17 23:52:11 - [MESSAGE][PASSED] - Text ****** has been set on object 'Object Repository/Texting/Page_Local Moodle Log in to the site/input_Password_password'

2022-01-17 23:52:11 - [TEST_STEP][PASSED] - click(findTestObject("Object Repository/Texting/Page_Local Moodle Log in to the site/button_Log in")): Object: 'Object Repository/Texting/Page_Local Moodle Log in to the site/button_Log in' is clicked on

2022-01-17 23:52:15 - [MESSAGE][PASSED] - Object: 'Object Repository/Texting/Page_Local Moodle Log in to the site/button_Log in' is clicked on

2022-01-17 23:52:15 - [TEST_STEP][PASSED] - click(findTestObject("Object Repository/Texting/Page_Nh ca ti/i_See all_icon fa fa-comment fa-fw")): Object: 'Object Repository/Texting/Page_Nh ca ti/i_See all_icon fa fa-comment fa-fw' is clicked on

2022-01-17 23:52:21 - [MESSAGE][INFO] - Unable to find the element located by 'By.xpath: //a[@id='message-drawer-toggle-61d5836ab0e7961d5836a98d4612']/i'. Please recheck the objects properties to make sure the desired element is located. 

2022-01-17 23:52:21 - [MESSAGE][WARNING] - [SELF-HEALING] Failed to find element with id 'Object Repository/Texting/Page_Nh ca ti/i_See all_icon fa fa-comment fa-fw'. Try using Self-healing.

2022-01-17 23:52:22 - [MESSAGE][WARNING] - [SELF-HEALING] The current locator of test object 'Object Repository/Texting/Page_Nh ca ti/i_See all_icon fa fa-comment fa-fw' was broken. Propose an alternative one: '//div[2]/a/i'.

2022-01-17 23:52:22 - [MESSAGE][PASSED] - Object: 'Object Repository/Texting/Page_Nh ca ti/i_See all_icon fa fa-comment fa-fw' is clicked on

2022-01-17 23:52:22 - [TEST_STEP][PASSED] - setText(findTestObject("Object Repository/Texting/Page_Nh ca ti/input_Messages selected_form-control"), "Thanh"): Text 'Thanh' is set on object 'Object Repository/Texting/Page_Nh ca ti/input_Messages selected_form-control'

2022-01-17 23:52:24 - [MESSAGE][PASSED] - Text 'Thanh' is set on object 'Object Repository/Texting/Page_Nh ca ti/input_Messages selected_form-control'

2022-01-17 23:52:24 - [TEST_STEP][PASSED] - verifyElementClickable(findTestObject("Object Repository/Texting/Page_Nh ca ti/i_Messages selected_icon fa fa-search fa-fw_1")): Object 'Object Repository/Texting/Page_Nh ca ti/i_Messages selected_icon fa fa-search fa-fw_1' is clickable

2022-01-17 23:52:30 - [MESSAGE][INFO] - Unable to find the element located by 'By.xpath: //div[@id='yui_3_17_2_1_1641380790278_202']/div[4]/div/div/div/button/span/i'. Please recheck the objects properties to make sure the desired element is located. 

2022-01-17 23:52:30 - [MESSAGE][WARNING] - [SELF-HEALING] Failed to find element with id 'Object Repository/Texting/Page_Nh ca ti/i_Messages selected_icon fa fa-search fa-fw_1'. Try using Self-healing.

2022-01-17 23:52:30 - [MESSAGE][WARNING] - [SELF-HEALING] The current locator of test object 'Object Repository/Texting/Page_Nh ca ti/i_Messages selected_icon fa fa-search fa-fw_1' was broken. Propose an alternative one: '//button/span/i'.

2022-01-17 23:52:30 - [MESSAGE][PASSED] - Object 'Object Repository/Texting/Page_Nh ca ti/i_Messages selected_icon fa fa-search fa-fw_1' is clickable

2022-01-17 23:52:30 - [TEST_STEP][PASSED] - click(findTestObject("Object Repository/Texting/Page_Nh ca ti/i_Messages selected_icon fa fa-search fa-fw_1")): Object: 'Object Repository/Texting/Page_Nh ca ti/i_Messages selected_icon fa fa-search fa-fw_1' is clicked on

2022-01-17 23:52:37 - [MESSAGE][INFO] - Unable to find the element located by 'By.xpath: //div[@id='yui_3_17_2_1_1641380790278_202']/div[4]/div/div/div/button/span/i'. Please recheck the objects properties to make sure the desired element is located. 

2022-01-17 23:52:37 - [MESSAGE][WARNING] - [SELF-HEALING] Failed to find element with id 'Object Repository/Texting/Page_Nh ca ti/i_Messages selected_icon fa fa-search fa-fw_1'. Try using Self-healing.

2022-01-17 23:52:37 - [MESSAGE][WARNING] - [SELF-HEALING] The current locator of test object 'Object Repository/Texting/Page_Nh ca ti/i_Messages selected_icon fa fa-search fa-fw_1' was broken. Propose an alternative one: '//button/span/i'.

2022-01-17 23:52:37 - [MESSAGE][PASSED] - Object: 'Object Repository/Texting/Page_Nh ca ti/i_Messages selected_icon fa fa-search fa-fw_1' is clicked on

2022-01-17 23:52:37 - [TEST_STEP][PASSED] - verifyElementClickable(findTestObject("Object Repository/Texting/Page_Nh ca ti/h6_Cng Bnh L")): Object 'Object Repository/Texting/Page_Nh ca ti/h6_Cng Bnh L' is clickable

2022-01-17 23:52:44 - [MESSAGE][INFO] - Unable to find the element located by 'By.xpath: //div[@id='yui_3_17_2_1_1641380790278_197']/div[6]/div/div/div/div[2]/div/a/h6'. Please recheck the objects properties to make sure the desired element is located. 

2022-01-17 23:52:44 - [MESSAGE][WARNING] - [SELF-HEALING] Failed to find element with id 'Object Repository/Texting/Page_Nh ca ti/h6_Cng Bnh L'. Try using Self-healing.

2022-01-17 23:52:44 - [MESSAGE][WARNING] - [SELF-HEALING] The current locator of test object 'Object Repository/Texting/Page_Nh ca ti/h6_Cng Bnh L' was broken. Propose an alternative one: '(.//*[normalize-space(text()) and normalize-space(.)='Non-contacts'])[1]/following::h6[1]'.

2022-01-17 23:52:44 - [MESSAGE][PASSED] - Object 'Object Repository/Texting/Page_Nh ca ti/h6_Cng Bnh L' is clickable

2022-01-17 23:52:44 - [TEST_STEP][PASSED] - click(findTestObject("Object Repository/Texting/Page_Nh ca ti/h6_Cng Bnh L")): Object: 'Object Repository/Texting/Page_Nh ca ti/h6_Cng Bnh L' is clicked on

2022-01-17 23:52:50 - [MESSAGE][INFO] - Unable to find the element located by 'By.xpath: //div[@id='yui_3_17_2_1_1641380790278_197']/div[6]/div/div/div/div[2]/div/a/h6'. Please recheck the objects properties to make sure the desired element is located. 

2022-01-17 23:52:50 - [MESSAGE][WARNING] - [SELF-HEALING] Failed to find element with id 'Object Repository/Texting/Page_Nh ca ti/h6_Cng Bnh L'. Try using Self-healing.

2022-01-17 23:52:51 - [MESSAGE][WARNING] - [SELF-HEALING] The current locator of test object 'Object Repository/Texting/Page_Nh ca ti/h6_Cng Bnh L' was broken. Propose an alternative one: '(.//*[normalize-space(text()) and normalize-space(.)='Non-contacts'])[1]/following::h6[1]'.

2022-01-17 23:52:51 - [MESSAGE][PASSED] - Object: 'Object Repository/Texting/Page_Nh ca ti/h6_Cng Bnh L' is clicked on

2022-01-17 23:52:51 - [TEST_STEP][PASSED] - setText(findTestObject("Object Repository/Texting/Page_Nh ca ti/textarea_Use enter to send_yui_3_17_2_1_164_3e2d02"), "Hi there"): Text 'Hi there' is set on object 'Object Repository/Texting/Page_Nh ca ti/textarea_Use enter to send_yui_3_17_2_1_164_3e2d02'

2022-01-17 23:52:58 - [MESSAGE][INFO] - Unable to find the element located by 'By.xpath: //textarea[@id='yui_3_17_2_1_1641382762786_207']'. Please recheck the objects properties to make sure the desired element is located. 

2022-01-17 23:52:58 - [MESSAGE][WARNING] - [SELF-HEALING] Failed to find element with id 'Object Repository/Texting/Page_Nh ca ti/textarea_Use enter to send_yui_3_17_2_1_164_3e2d02'. Try using Self-healing.

2022-01-17 23:52:58 - [MESSAGE][WARNING] - [SELF-HEALING] The current locator of test object 'Object Repository/Texting/Page_Nh ca ti/textarea_Use enter to send_yui_3_17_2_1_164_3e2d02' was broken. Propose an alternative one: '//textarea'.

2022-01-17 23:53:04 - [MESSAGE][INFO] - Unable to find the element located by 'By.xpath: //textarea[@id='yui_3_17_2_1_1641382762786_207']'. Please recheck the objects properties to make sure the desired element is located. 

2022-01-17 23:53:04 - [MESSAGE][WARNING] - [SELF-HEALING] Failed to find element with id 'Object Repository/Texting/Page_Nh ca ti/textarea_Use enter to send_yui_3_17_2_1_164_3e2d02'. Try using Self-healing.

2022-01-17 23:53:05 - [MESSAGE][WARNING] - [SELF-HEALING] The current locator of test object 'Object Repository/Texting/Page_Nh ca ti/textarea_Use enter to send_yui_3_17_2_1_164_3e2d02' was broken. Propose an alternative one: '//textarea'.

2022-01-17 23:53:05 - [MESSAGE][PASSED] - Text 'Hi there' is set on object 'Object Repository/Texting/Page_Nh ca ti/textarea_Use enter to send_yui_3_17_2_1_164_3e2d02'

2022-01-17 23:53:05 - [TEST_STEP][PASSED] - click(findTestObject("Object Repository/Texting/Page_Nh ca ti/i__icon fa fa-paper-plane fa-fw")): Object: 'Object Repository/Texting/Page_Nh ca ti/i__icon fa fa-paper-plane fa-fw' is clicked on

2022-01-17 23:53:11 - [MESSAGE][INFO] - Unable to find the element located by 'By.xpath: //div[@id='yui_3_17_2_1_1641382762786_208']/div/button[2]/span/i'. Please recheck the objects properties to make sure the desired element is located. 

2022-01-17 23:53:11 - [MESSAGE][WARNING] - [SELF-HEALING] Failed to find element with id 'Object Repository/Texting/Page_Nh ca ti/i__icon fa fa-paper-plane fa-fw'. Try using Self-healing.

2022-01-17 23:53:11 - [MESSAGE][WARNING] - [SELF-HEALING] The current locator of test object 'Object Repository/Texting/Page_Nh ca ti/i__icon fa fa-paper-plane fa-fw' was broken. Propose an alternative one: '//button[2]/span/i'.

2022-01-17 23:53:12 - [MESSAGE][PASSED] - Object: 'Object Repository/Texting/Page_Nh ca ti/i__icon fa fa-paper-plane fa-fw' is clicked on

2022-01-17 23:53:12 - [TEST_STEP][PASSED] - setText(findTestObject("Object Repository/Texting/Page_Nh ca ti/textarea_Use enter to send_yui_3_17_2_1_164_3e2d02"), "How can I help you"): Text 'How can I help you' is set on object 'Object Repository/Texting/Page_Nh ca ti/textarea_Use enter to send_yui_3_17_2_1_164_3e2d02'

2022-01-17 23:53:18 - [MESSAGE][INFO] - Unable to find the element located by 'By.xpath: //textarea[@id='yui_3_17_2_1_1641382762786_207']'. Please recheck the objects properties to make sure the desired element is located. 

2022-01-17 23:53:18 - [MESSAGE][WARNING] - [SELF-HEALING] Failed to find element with id 'Object Repository/Texting/Page_Nh ca ti/textarea_Use enter to send_yui_3_17_2_1_164_3e2d02'. Try using Self-healing.

2022-01-17 23:53:18 - [MESSAGE][WARNING] - [SELF-HEALING] The current locator of test object 'Object Repository/Texting/Page_Nh ca ti/textarea_Use enter to send_yui_3_17_2_1_164_3e2d02' was broken. Propose an alternative one: '//textarea'.

2022-01-17 23:53:25 - [MESSAGE][INFO] - Unable to find the element located by 'By.xpath: //textarea[@id='yui_3_17_2_1_1641382762786_207']'. Please recheck the objects properties to make sure the desired element is located. 

2022-01-17 23:53:25 - [MESSAGE][WARNING] - [SELF-HEALING] Failed to find element with id 'Object Repository/Texting/Page_Nh ca ti/textarea_Use enter to send_yui_3_17_2_1_164_3e2d02'. Try using Self-healing.

2022-01-17 23:53:25 - [MESSAGE][WARNING] - [SELF-HEALING] The current locator of test object 'Object Repository/Texting/Page_Nh ca ti/textarea_Use enter to send_yui_3_17_2_1_164_3e2d02' was broken. Propose an alternative one: '//textarea'.

2022-01-17 23:53:25 - [MESSAGE][PASSED] - Text 'How can I help you' is set on object 'Object Repository/Texting/Page_Nh ca ti/textarea_Use enter to send_yui_3_17_2_1_164_3e2d02'

2022-01-17 23:53:25 - [TEST_STEP][PASSED] - click(findTestObject("Object Repository/Texting/Page_Nh ca ti/i__yui_3_17_2_1_1641382762786_212")): Object: 'Object Repository/Texting/Page_Nh ca ti/i__yui_3_17_2_1_1641382762786_212' is clicked on

2022-01-17 23:53:31 - [MESSAGE][INFO] - Unable to find the element located by 'By.xpath: //i[@id='yui_3_17_2_1_1641382762786_212']'. Please recheck the objects properties to make sure the desired element is located. 

2022-01-17 23:53:31 - [MESSAGE][WARNING] - [SELF-HEALING] Failed to find element with id 'Object Repository/Texting/Page_Nh ca ti/i__yui_3_17_2_1_1641382762786_212'. Try using Self-healing.

2022-01-17 23:53:32 - [MESSAGE][WARNING] - [SELF-HEALING] The current locator of test object 'Object Repository/Texting/Page_Nh ca ti/i__yui_3_17_2_1_1641382762786_212' was broken. Propose an alternative one: '//button[2]/span/i'.

2022-01-17 23:53:32 - [MESSAGE][PASSED] - Object: 'Object Repository/Texting/Page_Nh ca ti/i__yui_3_17_2_1_1641382762786_212' is clicked on

2022-01-17 23:53:32 - [TEST_STEP][PASSED] - setText(findTestObject("Object Repository/Texting/Page_Nh ca ti/textarea_Use enter to send_yui_3_17_2_1_164_3e2d02"), "Are you ok?"): Text 'Are you ok?' is set on object 'Object Repository/Texting/Page_Nh ca ti/textarea_Use enter to send_yui_3_17_2_1_164_3e2d02'

2022-01-17 23:53:38 - [MESSAGE][INFO] - Unable to find the element located by 'By.xpath: //textarea[@id='yui_3_17_2_1_1641382762786_207']'. Please recheck the objects properties to make sure the desired element is located. 

2022-01-17 23:53:38 - [MESSAGE][WARNING] - [SELF-HEALING] Failed to find element with id 'Object Repository/Texting/Page_Nh ca ti/textarea_Use enter to send_yui_3_17_2_1_164_3e2d02'. Try using Self-healing.

2022-01-17 23:53:39 - [MESSAGE][WARNING] - [SELF-HEALING] The current locator of test object 'Object Repository/Texting/Page_Nh ca ti/textarea_Use enter to send_yui_3_17_2_1_164_3e2d02' was broken. Propose an alternative one: '//textarea'.

2022-01-17 23:53:45 - [MESSAGE][INFO] - Unable to find the element located by 'By.xpath: //textarea[@id='yui_3_17_2_1_1641382762786_207']'. Please recheck the objects properties to make sure the desired element is located. 

2022-01-17 23:53:45 - [MESSAGE][WARNING] - [SELF-HEALING] Failed to find element with id 'Object Repository/Texting/Page_Nh ca ti/textarea_Use enter to send_yui_3_17_2_1_164_3e2d02'. Try using Self-healing.

2022-01-17 23:53:46 - [MESSAGE][WARNING] - [SELF-HEALING] The current locator of test object 'Object Repository/Texting/Page_Nh ca ti/textarea_Use enter to send_yui_3_17_2_1_164_3e2d02' was broken. Propose an alternative one: '//textarea'.

2022-01-17 23:53:46 - [MESSAGE][PASSED] - Text 'Are you ok?' is set on object 'Object Repository/Texting/Page_Nh ca ti/textarea_Use enter to send_yui_3_17_2_1_164_3e2d02'

2022-01-17 23:53:46 - [TEST_STEP][PASSED] - click(findTestObject("Object Repository/Texting/Page_Nh ca ti/i__yui_3_17_2_1_1641382762786_212")): Object: 'Object Repository/Texting/Page_Nh ca ti/i__yui_3_17_2_1_1641382762786_212' is clicked on

2022-01-17 23:53:52 - [MESSAGE][INFO] - Unable to find the element located by 'By.xpath: //i[@id='yui_3_17_2_1_1641382762786_212']'. Please recheck the objects properties to make sure the desired element is located. 

2022-01-17 23:53:52 - [MESSAGE][WARNING] - [SELF-HEALING] Failed to find element with id 'Object Repository/Texting/Page_Nh ca ti/i__yui_3_17_2_1_1641382762786_212'. Try using Self-healing.

2022-01-17 23:53:52 - [MESSAGE][WARNING] - [SELF-HEALING] The current locator of test object 'Object Repository/Texting/Page_Nh ca ti/i__yui_3_17_2_1_1641382762786_212' was broken. Propose an alternative one: '//button[2]/span/i'.

2022-01-17 23:53:53 - [MESSAGE][PASSED] - Object: 'Object Repository/Texting/Page_Nh ca ti/i__yui_3_17_2_1_1641382762786_212' is clicked on

2022-01-17 23:53:53 - [TEST_STEP][PASSED] - click(findTestObject("Object Repository/Texting/Page_Nh ca ti/a_Cng Bnh L")): Object: 'Object Repository/Texting/Page_Nh ca ti/a_Cng Bnh L' is clicked on

2022-01-17 23:53:56 - [MESSAGE][PASSED] - Object: 'Object Repository/Texting/Page_Nh ca ti/a_Cng Bnh L' is clicked on

2022-01-17 23:53:56 - [TEST_STEP][PASSED] - click(findTestObject("Object Repository/Texting/Page_Nh ca ti/span_Thot")): Object: 'Object Repository/Texting/Page_Nh ca ti/span_Thot' is clicked on

2022-01-17 23:53:57 - [MESSAGE][PASSED] - Object: 'Object Repository/Texting/Page_Nh ca ti/span_Thot' is clicked on

2022-01-17 23:53:57 - [TEST_STEP][PASSED] - click(findTestObject("Object Repository/Texting/Page_Local Moodle/a_Log in")): Object: 'Object Repository/Texting/Page_Local Moodle/a_Log in' is clicked on

2022-01-17 23:53:58 - [MESSAGE][PASSED] - Object: 'Object Repository/Texting/Page_Local Moodle/a_Log in' is clicked on

2022-01-17 23:53:58 - [TEST_STEP][PASSED] - setText(findTestObject("Object Repository/Texting/Page_Local Moodle Log in to the site/input_Username_username"), "ndtthanh"): Text 'ndtthanh' is set on object 'Object Repository/Texting/Page_Local Moodle Log in to the site/input_Username_username'

2022-01-17 23:53:59 - [MESSAGE][PASSED] - Text 'ndtthanh' is set on object 'Object Repository/Texting/Page_Local Moodle Log in to the site/input_Username_username'

2022-01-17 23:53:59 - [TEST_STEP][PASSED] - setEncryptedText(findTestObject("Object Repository/Texting/Page_Local Moodle Log in to the site/input_Password_password"), "o5TCnEIIWq0Pz0TkrK1a2rpuWvRKVWz2"): Text ****** has been set on object 'Object Repository/Texting/Page_Local Moodle Log in to the site/input_Password_password'

2022-01-17 23:54:00 - [MESSAGE][PASSED] - Text ****** has been set on object 'Object Repository/Texting/Page_Local Moodle Log in to the site/input_Password_password'

2022-01-17 23:54:00 - [TEST_STEP][PASSED] - click(findTestObject("Object Repository/Texting/Page_Local Moodle Log in to the site/button_Log in")): Object: 'Object Repository/Texting/Page_Local Moodle Log in to the site/button_Log in' is clicked on

2022-01-17 23:54:03 - [MESSAGE][PASSED] - Object: 'Object Repository/Texting/Page_Local Moodle Log in to the site/button_Log in' is clicked on

2022-01-17 23:54:03 - [TEST_STEP][PASSED] - click(findTestObject("Object Repository/Texting/Page_Nh ca ti/i_See all_icon fa fa-comment fa-fw")): Object: 'Object Repository/Texting/Page_Nh ca ti/i_See all_icon fa fa-comment fa-fw' is clicked on

2022-01-17 23:54:10 - [MESSAGE][INFO] - Unable to find the element located by 'By.xpath: //a[@id='message-drawer-toggle-61d5836ab0e7961d5836a98d4612']/i'. Please recheck the objects properties to make sure the desired element is located. 

2022-01-17 23:54:10 - [MESSAGE][WARNING] - [SELF-HEALING] Failed to find element with id 'Object Repository/Texting/Page_Nh ca ti/i_See all_icon fa fa-comment fa-fw'. Try using Self-healing.

2022-01-17 23:54:10 - [MESSAGE][WARNING] - [SELF-HEALING] The current locator of test object 'Object Repository/Texting/Page_Nh ca ti/i_See all_icon fa fa-comment fa-fw' was broken. Propose an alternative one: '//div[2]/a/i'.

2022-01-17 23:54:10 - [MESSAGE][PASSED] - Object: 'Object Repository/Texting/Page_Nh ca ti/i_See all_icon fa fa-comment fa-fw' is clicked on

2022-01-17 23:54:10 - [TEST_STEP][PASSED] - verifyElementClickable(findTestObject("Object Repository/Texting/Page_Nh ca ti/i_See all_yui_3_17_2_1_1641382882296_189")): Object 'Object Repository/Texting/Page_Nh ca ti/i_See all_yui_3_17_2_1_1641382882296_189' is clickable

2022-01-17 23:54:17 - [MESSAGE][INFO] - Unable to find the element located by 'By.xpath: //i[@id='yui_3_17_2_1_1641382882296_189']'. Please recheck the objects properties to make sure the desired element is located. 

2022-01-17 23:54:17 - [MESSAGE][WARNING] - [SELF-HEALING] Failed to find element with id 'Object Repository/Texting/Page_Nh ca ti/i_See all_yui_3_17_2_1_1641382882296_189'. Try using Self-healing.

2022-01-17 23:54:17 - [MESSAGE][WARNING] - [SELF-HEALING] The current locator of test object 'Object Repository/Texting/Page_Nh ca ti/i_See all_yui_3_17_2_1_1641382882296_189' was broken. Propose an alternative one: '//div[2]/a/i'.

2022-01-17 23:54:17 - [MESSAGE][PASSED] - Object 'Object Repository/Texting/Page_Nh ca ti/i_See all_yui_3_17_2_1_1641382882296_189' is clickable

2022-01-17 23:54:17 - [TEST_STEP][PASSED] - verifyElementClickable(findTestObject("Object Repository/Texting/Page_Nh ca ti/strong_Cng Bnh L")): Object 'Object Repository/Texting/Page_Nh ca ti/strong_Cng Bnh L' is clickable

2022-01-17 23:54:23 - [MESSAGE][INFO] - Unable to find the element located by 'By.xpath: //div[@id='view-overview-messages-target-61d583e23d87f61d583e22613e21']/div[2]/a/div/div/strong'. Please recheck the objects properties to make sure the desired element is located. 

2022-01-17 23:54:23 - [MESSAGE][WARNING] - [SELF-HEALING] Failed to find element with id 'Object Repository/Texting/Page_Nh ca ti/strong_Cng Bnh L'. Try using Self-healing.

2022-01-17 23:54:24 - [MESSAGE][WARNING] - [SELF-HEALING] The current locator of test object 'Object Repository/Texting/Page_Nh ca ti/strong_Cng Bnh L' was broken. Propose an alternative one: '(.//*[normalize-space(text()) and normalize-space(.)='Private'])[1]/following::strong[1]'.

2022-01-17 23:54:24 - [MESSAGE][PASSED] - Object 'Object Repository/Texting/Page_Nh ca ti/strong_Cng Bnh L' is clickable

2022-01-17 23:54:24 - [TEST_STEP][PASSED] - click(findTestObject("Object Repository/Texting/Page_Nh ca ti/strong_Cng Bnh L")): Object: 'Object Repository/Texting/Page_Nh ca ti/strong_Cng Bnh L' is clicked on

2022-01-17 23:54:30 - [MESSAGE][INFO] - Unable to find the element located by 'By.xpath: //div[@id='view-overview-messages-target-61d583e23d87f61d583e22613e21']/div[2]/a/div/div/strong'. Please recheck the objects properties to make sure the desired element is located. 

2022-01-17 23:54:30 - [MESSAGE][WARNING] - [SELF-HEALING] Failed to find element with id 'Object Repository/Texting/Page_Nh ca ti/strong_Cng Bnh L'. Try using Self-healing.

2022-01-17 23:54:30 - [MESSAGE][WARNING] - [SELF-HEALING] The current locator of test object 'Object Repository/Texting/Page_Nh ca ti/strong_Cng Bnh L' was broken. Propose an alternative one: '(.//*[normalize-space(text()) and normalize-space(.)='Private'])[1]/following::strong[1]'.

2022-01-17 23:54:31 - [MESSAGE][PASSED] - Object: 'Object Repository/Texting/Page_Nh ca ti/strong_Cng Bnh L' is clicked on

2022-01-17 23:54:31 - [TEST_STEP][PASSED] - verifyElementText(findTestObject("Object Repository/Texting/Page_Nh ca ti/p_Hi there"), "Hi there"): Actual text and expected text of test object 'Object Repository/Texting/Page_Nh ca ti/p_Hi there' are matched.

2022-01-17 23:54:32 - [MESSAGE][PASSED] - Actual text and expected text of test object 'Object Repository/Texting/Page_Nh ca ti/p_Hi there' are matched.

2022-01-17 23:54:32 - [TEST_STEP][PASSED] - verifyElementText(findTestObject("Object Repository/Texting/Page_Nh ca ti/p_How can I help you"), "How can I help you"): Actual text and expected text of test object 'Object Repository/Texting/Page_Nh ca ti/p_How can I help you' are matched.

2022-01-17 23:54:32 - [MESSAGE][PASSED] - Actual text and expected text of test object 'Object Repository/Texting/Page_Nh ca ti/p_How can I help you' are matched.

2022-01-17 23:54:32 - [TEST_STEP][PASSED] - verifyElementText(findTestObject("Object Repository/Texting/Page_Nh ca ti/p_Are you ok"), "Are you ok?"): Actual text and expected text of test object 'Object Repository/Texting/Page_Nh ca ti/p_Are you ok' are matched.

2022-01-17 23:54:33 - [MESSAGE][PASSED] - Actual text and expected text of test object 'Object Repository/Texting/Page_Nh ca ti/p_Are you ok' are matched.

2022-01-17 23:54:33 - [TEST_STEP][PASSED] - closeBrowser(): Browser is closed

2022-01-17 23:54:34 - [MESSAGE][PASSED] - Browser is closed]]></system-out>
         <system-err><![CDATA[]]></system-err>
      </testcase>
      <testcase name="Test Cases/Texting/Receive text message from multiple users" time="202.685" classname="Test Cases/Texting/Receive text message from multiple users" status="PASSED">
         <system-out><![CDATA[2022-01-17 23:58:18 - [TEST_CASE][PASSED] - Test Cases/Texting/Receive text message from multiple users: Test Cases/Texting/Receive text message from multiple users

2022-01-17 23:58:18 - [TEST_STEP][PASSED] - openBrowser(""): Browser is opened with url: ''

2022-01-17 23:58:18 - [MESSAGE][WARNING] - A browser is already opened. Closing browser and opening a new one

2022-01-17 23:58:19 - [MESSAGE][INFO] - Starting 'Edge Chromium' driver

2022-01-17 23:58:22 - [MESSAGE][INFO] - Action delay is set to 0 milliseconds

2022-01-17 23:58:24 - [MESSAGE][PASSED] - Browser is opened with url: ''

2022-01-17 23:58:24 - [TEST_STEP][PASSED] - navigateToUrl("http://localhost/"): Navigate to 'http://localhost/' successfully

2022-01-17 23:58:27 - [MESSAGE][PASSED] - Navigate to 'http://localhost/' successfully

2022-01-17 23:58:27 - [TEST_STEP][PASSED] - click(findTestObject("Object Repository/Texting/Page_Local Moodle/a_Log in")): Object: 'Object Repository/Texting/Page_Local Moodle/a_Log in' is clicked on

2022-01-17 23:58:29 - [MESSAGE][PASSED] - Object: 'Object Repository/Texting/Page_Local Moodle/a_Log in' is clicked on

2022-01-17 23:58:29 - [TEST_STEP][PASSED] - setText(findTestObject("Object Repository/Texting/Page_Local Moodle Log in to the site/input_Username_username"), "ndtthanh"): Text 'ndtthanh' is set on object 'Object Repository/Texting/Page_Local Moodle Log in to the site/input_Username_username'

2022-01-17 23:58:30 - [MESSAGE][PASSED] - Text 'ndtthanh' is set on object 'Object Repository/Texting/Page_Local Moodle Log in to the site/input_Username_username'

2022-01-17 23:58:30 - [TEST_STEP][PASSED] - setEncryptedText(findTestObject("Object Repository/Texting/Page_Local Moodle Log in to the site/input_Password_password"), "o5TCnEIIWq0Pz0TkrK1a2rpuWvRKVWz2"): Text ****** has been set on object 'Object Repository/Texting/Page_Local Moodle Log in to the site/input_Password_password'

2022-01-17 23:58:31 - [MESSAGE][PASSED] - Text ****** has been set on object 'Object Repository/Texting/Page_Local Moodle Log in to the site/input_Password_password'

2022-01-17 23:58:31 - [TEST_STEP][PASSED] - click(findTestObject("Object Repository/Texting/Page_Local Moodle Log in to the site/button_Log in")): Object: 'Object Repository/Texting/Page_Local Moodle Log in to the site/button_Log in' is clicked on

2022-01-17 23:58:34 - [MESSAGE][PASSED] - Object: 'Object Repository/Texting/Page_Local Moodle Log in to the site/button_Log in' is clicked on

2022-01-17 23:58:34 - [TEST_STEP][PASSED] - click(findTestObject("Object Repository/Texting/Page_Nh ca ti/i_See all_icon fa fa-comment fa-fw")): Object: 'Object Repository/Texting/Page_Nh ca ti/i_See all_icon fa fa-comment fa-fw' is clicked on

2022-01-17 23:58:41 - [MESSAGE][INFO] - Unable to find the element located by 'By.xpath: //a[@id='message-drawer-toggle-61d5836ab0e7961d5836a98d4612']/i'. Please recheck the objects properties to make sure the desired element is located. 

2022-01-17 23:58:41 - [MESSAGE][WARNING] - [SELF-HEALING] Failed to find element with id 'Object Repository/Texting/Page_Nh ca ti/i_See all_icon fa fa-comment fa-fw'. Try using Self-healing.

2022-01-17 23:58:41 - [MESSAGE][WARNING] - [SELF-HEALING] The current locator of test object 'Object Repository/Texting/Page_Nh ca ti/i_See all_icon fa fa-comment fa-fw' was broken. Propose an alternative one: '//div[2]/a/i'.

2022-01-17 23:58:42 - [MESSAGE][PASSED] - Object: 'Object Repository/Texting/Page_Nh ca ti/i_See all_icon fa fa-comment fa-fw' is clicked on

2022-01-17 23:58:42 - [TEST_STEP][PASSED] - setText(findTestObject("Object Repository/Texting/Page_Nh ca ti/input_Messages selected_form-control"), "Lê"): Text 'Lê' is set on object 'Object Repository/Texting/Page_Nh ca ti/input_Messages selected_form-control'

2022-01-17 23:58:43 - [MESSAGE][PASSED] - Text 'Lê' is set on object 'Object Repository/Texting/Page_Nh ca ti/input_Messages selected_form-control'

2022-01-17 23:58:43 - [TEST_STEP][PASSED] - verifyElementClickable(findTestObject("Object Repository/Texting/Page_Nh ca ti/i_Messages selected_icon fa fa-search fa-fw_1")): Object 'Object Repository/Texting/Page_Nh ca ti/i_Messages selected_icon fa fa-search fa-fw_1' is clickable

2022-01-17 23:58:49 - [MESSAGE][INFO] - Unable to find the element located by 'By.xpath: //div[@id='yui_3_17_2_1_1641380790278_202']/div[4]/div/div/div/button/span/i'. Please recheck the objects properties to make sure the desired element is located. 

2022-01-17 23:58:49 - [MESSAGE][WARNING] - [SELF-HEALING] Failed to find element with id 'Object Repository/Texting/Page_Nh ca ti/i_Messages selected_icon fa fa-search fa-fw_1'. Try using Self-healing.

2022-01-17 23:58:50 - [MESSAGE][WARNING] - [SELF-HEALING] The current locator of test object 'Object Repository/Texting/Page_Nh ca ti/i_Messages selected_icon fa fa-search fa-fw_1' was broken. Propose an alternative one: '//button/span/i'.

2022-01-17 23:58:50 - [MESSAGE][PASSED] - Object 'Object Repository/Texting/Page_Nh ca ti/i_Messages selected_icon fa fa-search fa-fw_1' is clickable

2022-01-17 23:58:50 - [TEST_STEP][PASSED] - click(findTestObject("Object Repository/Texting/Page_Nh ca ti/i_Messages selected_icon fa fa-search fa-fw_1")): Object: 'Object Repository/Texting/Page_Nh ca ti/i_Messages selected_icon fa fa-search fa-fw_1' is clicked on

2022-01-17 23:58:56 - [MESSAGE][INFO] - Unable to find the element located by 'By.xpath: //div[@id='yui_3_17_2_1_1641380790278_202']/div[4]/div/div/div/button/span/i'. Please recheck the objects properties to make sure the desired element is located. 

2022-01-17 23:58:56 - [MESSAGE][WARNING] - [SELF-HEALING] Failed to find element with id 'Object Repository/Texting/Page_Nh ca ti/i_Messages selected_icon fa fa-search fa-fw_1'. Try using Self-healing.

2022-01-17 23:58:56 - [MESSAGE][WARNING] - [SELF-HEALING] The current locator of test object 'Object Repository/Texting/Page_Nh ca ti/i_Messages selected_icon fa fa-search fa-fw_1' was broken. Propose an alternative one: '//button/span/i'.

2022-01-17 23:58:57 - [MESSAGE][PASSED] - Object: 'Object Repository/Texting/Page_Nh ca ti/i_Messages selected_icon fa fa-search fa-fw_1' is clicked on

2022-01-17 23:58:57 - [TEST_STEP][PASSED] - verifyElementClickable(findTestObject("Object Repository/Texting/Page_Nh ca ti/h6_Cng Bnh L")): Object 'Object Repository/Texting/Page_Nh ca ti/h6_Cng Bnh L' is clickable

2022-01-17 23:59:03 - [MESSAGE][INFO] - Unable to find the element located by 'By.xpath: //div[@id='yui_3_17_2_1_1641380790278_197']/div[6]/div/div/div/div[2]/div/a/h6'. Please recheck the objects properties to make sure the desired element is located. 

2022-01-17 23:59:03 - [MESSAGE][WARNING] - [SELF-HEALING] Failed to find element with id 'Object Repository/Texting/Page_Nh ca ti/h6_Cng Bnh L'. Try using Self-healing.

2022-01-17 23:59:03 - [MESSAGE][WARNING] - [SELF-HEALING] The current locator of test object 'Object Repository/Texting/Page_Nh ca ti/h6_Cng Bnh L' was broken. Propose an alternative one: '(.//*[normalize-space(text()) and normalize-space(.)='Non-contacts'])[1]/following::h6[1]'.

2022-01-17 23:59:03 - [MESSAGE][PASSED] - Object 'Object Repository/Texting/Page_Nh ca ti/h6_Cng Bnh L' is clickable

2022-01-17 23:59:03 - [TEST_STEP][PASSED] - click(findTestObject("Object Repository/Texting/Page_Nh ca ti/h6_Cng Bnh L")): Object: 'Object Repository/Texting/Page_Nh ca ti/h6_Cng Bnh L' is clicked on

2022-01-17 23:59:10 - [MESSAGE][INFO] - Unable to find the element located by 'By.xpath: //div[@id='yui_3_17_2_1_1641380790278_197']/div[6]/div/div/div/div[2]/div/a/h6'. Please recheck the objects properties to make sure the desired element is located. 

2022-01-17 23:59:10 - [MESSAGE][WARNING] - [SELF-HEALING] Failed to find element with id 'Object Repository/Texting/Page_Nh ca ti/h6_Cng Bnh L'. Try using Self-healing.

2022-01-17 23:59:10 - [MESSAGE][WARNING] - [SELF-HEALING] The current locator of test object 'Object Repository/Texting/Page_Nh ca ti/h6_Cng Bnh L' was broken. Propose an alternative one: '(.//*[normalize-space(text()) and normalize-space(.)='Non-contacts'])[1]/following::h6[1]'.

2022-01-17 23:59:10 - [MESSAGE][PASSED] - Object: 'Object Repository/Texting/Page_Nh ca ti/h6_Cng Bnh L' is clicked on

2022-01-17 23:59:10 - [TEST_STEP][PASSED] - setText(findTestObject("Object Repository/Texting/Page_Nh ca ti/textarea_Use enter to send_yui_3_17_2_1_164_cec9a1"), "I 'm Thanh"): Text 'I 'm Thanh' is set on object 'Object Repository/Texting/Page_Nh ca ti/textarea_Use enter to send_yui_3_17_2_1_164_cec9a1'

2022-01-17 23:59:17 - [MESSAGE][INFO] - Unable to find the element located by 'By.xpath: //textarea[@id='yui_3_17_2_1_1641380790278_222']'. Please recheck the objects properties to make sure the desired element is located. 

2022-01-17 23:59:17 - [MESSAGE][WARNING] - [SELF-HEALING] Failed to find element with id 'Object Repository/Texting/Page_Nh ca ti/textarea_Use enter to send_yui_3_17_2_1_164_cec9a1'. Try using Self-healing.

2022-01-17 23:59:17 - [MESSAGE][WARNING] - [SELF-HEALING] The current locator of test object 'Object Repository/Texting/Page_Nh ca ti/textarea_Use enter to send_yui_3_17_2_1_164_cec9a1' was broken. Propose an alternative one: '//textarea'.

2022-01-17 23:59:24 - [MESSAGE][INFO] - Unable to find the element located by 'By.xpath: //textarea[@id='yui_3_17_2_1_1641380790278_222']'. Please recheck the objects properties to make sure the desired element is located. 

2022-01-17 23:59:24 - [MESSAGE][WARNING] - [SELF-HEALING] Failed to find element with id 'Object Repository/Texting/Page_Nh ca ti/textarea_Use enter to send_yui_3_17_2_1_164_cec9a1'. Try using Self-healing.

2022-01-17 23:59:24 - [MESSAGE][WARNING] - [SELF-HEALING] The current locator of test object 'Object Repository/Texting/Page_Nh ca ti/textarea_Use enter to send_yui_3_17_2_1_164_cec9a1' was broken. Propose an alternative one: '//textarea'.

2022-01-17 23:59:24 - [MESSAGE][PASSED] - Text 'I 'm Thanh' is set on object 'Object Repository/Texting/Page_Nh ca ti/textarea_Use enter to send_yui_3_17_2_1_164_cec9a1'

2022-01-17 23:59:24 - [TEST_STEP][PASSED] - click(findTestObject("Object Repository/Texting/Page_Nh ca ti/i__icon fa fa-paper-plane fa-fw")): Object: 'Object Repository/Texting/Page_Nh ca ti/i__icon fa fa-paper-plane fa-fw' is clicked on

2022-01-17 23:59:30 - [MESSAGE][INFO] - Unable to find the element located by 'By.xpath: //div[@id='yui_3_17_2_1_1641382762786_208']/div/button[2]/span/i'. Please recheck the objects properties to make sure the desired element is located. 

2022-01-17 23:59:30 - [MESSAGE][WARNING] - [SELF-HEALING] Failed to find element with id 'Object Repository/Texting/Page_Nh ca ti/i__icon fa fa-paper-plane fa-fw'. Try using Self-healing.

2022-01-17 23:59:31 - [MESSAGE][WARNING] - [SELF-HEALING] The current locator of test object 'Object Repository/Texting/Page_Nh ca ti/i__icon fa fa-paper-plane fa-fw' was broken. Propose an alternative one: '//button[2]/span/i'.

2022-01-17 23:59:31 - [MESSAGE][PASSED] - Object: 'Object Repository/Texting/Page_Nh ca ti/i__icon fa fa-paper-plane fa-fw' is clicked on

2022-01-17 23:59:31 - [TEST_STEP][PASSED] - click(findTestObject("Object Repository/Texting/Page_Nh ca ti/a_Tin Thnh Nguyn ng")): Object: 'Object Repository/Texting/Page_Nh ca ti/a_Tin Thnh Nguyn ng' is clicked on

2022-01-17 23:59:34 - [MESSAGE][PASSED] - Object: 'Object Repository/Texting/Page_Nh ca ti/a_Tin Thnh Nguyn ng' is clicked on

2022-01-17 23:59:34 - [TEST_STEP][PASSED] - click(findTestObject("Object Repository/Texting/Page_Nh ca ti/a_Thot")): Object: 'Object Repository/Texting/Page_Nh ca ti/a_Thot' is clicked on

2022-01-17 23:59:36 - [MESSAGE][PASSED] - Object: 'Object Repository/Texting/Page_Nh ca ti/a_Thot' is clicked on

2022-01-17 23:59:36 - [TEST_STEP][PASSED] - click(findTestObject("Object Repository/Texting/Page_Local Moodle/a_Log in")): Object: 'Object Repository/Texting/Page_Local Moodle/a_Log in' is clicked on

2022-01-17 23:59:37 - [MESSAGE][PASSED] - Object: 'Object Repository/Texting/Page_Local Moodle/a_Log in' is clicked on

2022-01-17 23:59:37 - [TEST_STEP][PASSED] - setText(findTestObject("Object Repository/Texting/Page_Local Moodle Log in to the site/input_Username_username"), "hs01"): Text 'hs01' is set on object 'Object Repository/Texting/Page_Local Moodle Log in to the site/input_Username_username'

2022-01-17 23:59:38 - [MESSAGE][PASSED] - Text 'hs01' is set on object 'Object Repository/Texting/Page_Local Moodle Log in to the site/input_Username_username'

2022-01-17 23:59:38 - [TEST_STEP][PASSED] - setEncryptedText(findTestObject("Object Repository/Texting/Page_Local Moodle Log in to the site/input_Password_password"), "o5TCnEIIWq2SeGQhIMNXLQ=="): Text ****** has been set on object 'Object Repository/Texting/Page_Local Moodle Log in to the site/input_Password_password'

2022-01-17 23:59:39 - [MESSAGE][PASSED] - Text ****** has been set on object 'Object Repository/Texting/Page_Local Moodle Log in to the site/input_Password_password'

2022-01-17 23:59:39 - [TEST_STEP][PASSED] - click(findTestObject("Object Repository/Texting/Page_Local Moodle Log in to the site/button_Log in")): Object: 'Object Repository/Texting/Page_Local Moodle Log in to the site/button_Log in' is clicked on

2022-01-17 23:59:42 - [MESSAGE][PASSED] - Object: 'Object Repository/Texting/Page_Local Moodle Log in to the site/button_Log in' is clicked on

2022-01-17 23:59:42 - [TEST_STEP][PASSED] - click(findTestObject("Object Repository/Texting/Page_Nh ca ti/i_See all_icon fa fa-comment fa-fw")): Object: 'Object Repository/Texting/Page_Nh ca ti/i_See all_icon fa fa-comment fa-fw' is clicked on

2022-01-17 23:59:48 - [MESSAGE][INFO] - Unable to find the element located by 'By.xpath: //a[@id='message-drawer-toggle-61d5836ab0e7961d5836a98d4612']/i'. Please recheck the objects properties to make sure the desired element is located. 

2022-01-17 23:59:48 - [MESSAGE][WARNING] - [SELF-HEALING] Failed to find element with id 'Object Repository/Texting/Page_Nh ca ti/i_See all_icon fa fa-comment fa-fw'. Try using Self-healing.

2022-01-17 23:59:48 - [MESSAGE][WARNING] - [SELF-HEALING] The current locator of test object 'Object Repository/Texting/Page_Nh ca ti/i_See all_icon fa fa-comment fa-fw' was broken. Propose an alternative one: '//div[2]/a/i'.

2022-01-17 23:59:49 - [MESSAGE][PASSED] - Object: 'Object Repository/Texting/Page_Nh ca ti/i_See all_icon fa fa-comment fa-fw' is clicked on

2022-01-17 23:59:49 - [TEST_STEP][PASSED] - setText(findTestObject("Object Repository/Texting/Page_Nh ca ti/input_Messages selected_form-control"), "Lê"): Text 'Lê' is set on object 'Object Repository/Texting/Page_Nh ca ti/input_Messages selected_form-control'

2022-01-17 23:59:50 - [MESSAGE][PASSED] - Text 'Lê' is set on object 'Object Repository/Texting/Page_Nh ca ti/input_Messages selected_form-control'

2022-01-17 23:59:50 - [TEST_STEP][PASSED] - click(findTestObject("Object Repository/Texting/Page_Nh ca ti/i_Messages selected_icon fa fa-search fa-fw_1_2")): Object: 'Object Repository/Texting/Page_Nh ca ti/i_Messages selected_icon fa fa-search fa-fw_1_2' is clicked on

2022-01-17 23:59:56 - [MESSAGE][INFO] - Unable to find the element located by 'By.xpath: //div[@id='yui_3_17_2_1_1641380882152_209']/div[4]/div/div/div/button/span/i'. Please recheck the objects properties to make sure the desired element is located. 

2022-01-17 23:59:56 - [MESSAGE][WARNING] - [SELF-HEALING] Failed to find element with id 'Object Repository/Texting/Page_Nh ca ti/i_Messages selected_icon fa fa-search fa-fw_1_2'. Try using Self-healing.

2022-01-17 23:59:56 - [MESSAGE][WARNING] - [SELF-HEALING] The current locator of test object 'Object Repository/Texting/Page_Nh ca ti/i_Messages selected_icon fa fa-search fa-fw_1_2' was broken. Propose an alternative one: '//button/span/i'.

2022-01-17 23:59:57 - [MESSAGE][PASSED] - Object: 'Object Repository/Texting/Page_Nh ca ti/i_Messages selected_icon fa fa-search fa-fw_1_2' is clicked on

2022-01-17 23:59:57 - [TEST_STEP][PASSED] - click(findTestObject("Object Repository/Texting/Page_Nh ca ti/h6_Cng Bnh L")): Object: 'Object Repository/Texting/Page_Nh ca ti/h6_Cng Bnh L' is clicked on

2022-01-18 00:00:03 - [MESSAGE][INFO] - Unable to find the element located by 'By.xpath: //div[@id='yui_3_17_2_1_1641380790278_197']/div[6]/div/div/div/div[2]/div/a/h6'. Please recheck the objects properties to make sure the desired element is located. 

2022-01-18 00:00:03 - [MESSAGE][WARNING] - [SELF-HEALING] Failed to find element with id 'Object Repository/Texting/Page_Nh ca ti/h6_Cng Bnh L'. Try using Self-healing.

2022-01-18 00:00:03 - [MESSAGE][WARNING] - [SELF-HEALING] The current locator of test object 'Object Repository/Texting/Page_Nh ca ti/h6_Cng Bnh L' was broken. Propose an alternative one: '(.//*[normalize-space(text()) and normalize-space(.)='Non-contacts'])[1]/following::h6[1]'.

2022-01-18 00:00:03 - [MESSAGE][PASSED] - Object: 'Object Repository/Texting/Page_Nh ca ti/h6_Cng Bnh L' is clicked on

2022-01-18 00:00:03 - [TEST_STEP][PASSED] - setText(findTestObject("Object Repository/Texting/Page_Nh ca ti/textarea_Use enter to send_yui_3_17_2_1_164_5e8ada"), "I 'm A"): Text 'I 'm A' is set on object 'Object Repository/Texting/Page_Nh ca ti/textarea_Use enter to send_yui_3_17_2_1_164_5e8ada'

2022-01-18 00:00:10 - [MESSAGE][INFO] - Unable to find the element located by 'By.xpath: //textarea[@id='yui_3_17_2_1_1641380882152_229']'. Please recheck the objects properties to make sure the desired element is located. 

2022-01-18 00:00:10 - [MESSAGE][WARNING] - [SELF-HEALING] Failed to find element with id 'Object Repository/Texting/Page_Nh ca ti/textarea_Use enter to send_yui_3_17_2_1_164_5e8ada'. Try using Self-healing.

2022-01-18 00:00:10 - [MESSAGE][WARNING] - [SELF-HEALING] The current locator of test object 'Object Repository/Texting/Page_Nh ca ti/textarea_Use enter to send_yui_3_17_2_1_164_5e8ada' was broken. Propose an alternative one: '//textarea'.

2022-01-18 00:00:16 - [MESSAGE][INFO] - Unable to find the element located by 'By.xpath: //textarea[@id='yui_3_17_2_1_1641380882152_229']'. Please recheck the objects properties to make sure the desired element is located. 

2022-01-18 00:00:16 - [MESSAGE][WARNING] - [SELF-HEALING] Failed to find element with id 'Object Repository/Texting/Page_Nh ca ti/textarea_Use enter to send_yui_3_17_2_1_164_5e8ada'. Try using Self-healing.

2022-01-18 00:00:17 - [MESSAGE][WARNING] - [SELF-HEALING] The current locator of test object 'Object Repository/Texting/Page_Nh ca ti/textarea_Use enter to send_yui_3_17_2_1_164_5e8ada' was broken. Propose an alternative one: '//textarea'.

2022-01-18 00:00:17 - [MESSAGE][PASSED] - Text 'I 'm A' is set on object 'Object Repository/Texting/Page_Nh ca ti/textarea_Use enter to send_yui_3_17_2_1_164_5e8ada'

2022-01-18 00:00:17 - [TEST_STEP][PASSED] - verifyElementClickable(findTestObject("Object Repository/Texting/Page_Nh ca ti/i__icon fa fa-paper-plane fa-fw_1")): Object 'Object Repository/Texting/Page_Nh ca ti/i__icon fa fa-paper-plane fa-fw_1' is clickable

2022-01-18 00:00:23 - [MESSAGE][INFO] - Unable to find the element located by 'By.xpath: //div[@id='yui_3_17_2_1_1641380882152_230']/div/button[2]/span/i'. Please recheck the objects properties to make sure the desired element is located. 

2022-01-18 00:00:23 - [MESSAGE][WARNING] - [SELF-HEALING] Failed to find element with id 'Object Repository/Texting/Page_Nh ca ti/i__icon fa fa-paper-plane fa-fw_1'. Try using Self-healing.

2022-01-18 00:00:24 - [MESSAGE][WARNING] - [SELF-HEALING] The current locator of test object 'Object Repository/Texting/Page_Nh ca ti/i__icon fa fa-paper-plane fa-fw_1' was broken. Propose an alternative one: '//button[2]/span/i'.

2022-01-18 00:00:24 - [MESSAGE][PASSED] - Object 'Object Repository/Texting/Page_Nh ca ti/i__icon fa fa-paper-plane fa-fw_1' is clickable

2022-01-18 00:00:24 - [TEST_STEP][PASSED] - click(findTestObject("Object Repository/Texting/Page_Nh ca ti/i__icon fa fa-paper-plane fa-fw_1")): Object: 'Object Repository/Texting/Page_Nh ca ti/i__icon fa fa-paper-plane fa-fw_1' is clicked on

2022-01-18 00:00:30 - [MESSAGE][INFO] - Unable to find the element located by 'By.xpath: //div[@id='yui_3_17_2_1_1641380882152_230']/div/button[2]/span/i'. Please recheck the objects properties to make sure the desired element is located. 

2022-01-18 00:00:30 - [MESSAGE][WARNING] - [SELF-HEALING] Failed to find element with id 'Object Repository/Texting/Page_Nh ca ti/i__icon fa fa-paper-plane fa-fw_1'. Try using Self-healing.

2022-01-18 00:00:30 - [MESSAGE][WARNING] - [SELF-HEALING] The current locator of test object 'Object Repository/Texting/Page_Nh ca ti/i__icon fa fa-paper-plane fa-fw_1' was broken. Propose an alternative one: '//button[2]/span/i'.

2022-01-18 00:00:30 - [MESSAGE][PASSED] - Object: 'Object Repository/Texting/Page_Nh ca ti/i__icon fa fa-paper-plane fa-fw_1' is clicked on

2022-01-18 00:00:30 - [TEST_STEP][PASSED] - verifyElementText(findTestObject("Object Repository/Texting/Page_Nh ca ti/p_I m A"), "I 'm A"): Actual text and expected text of test object 'Object Repository/Texting/Page_Nh ca ti/p_I m A' are matched.

2022-01-18 00:00:37 - [MESSAGE][INFO] - Unable to find the element located by 'By.xpath: //div[@id='yui_3_17_2_1_1641380882152_204']/div[3]/div/div/div[4]/div/div[5]/div[3]/p'. Please recheck the objects properties to make sure the desired element is located. 

2022-01-18 00:00:37 - [MESSAGE][WARNING] - [SELF-HEALING] Failed to find element with id 'Object Repository/Texting/Page_Nh ca ti/p_I m A'. Try using Self-healing.

2022-01-18 00:00:37 - [MESSAGE][WARNING] - [SELF-HEALING] The current locator of test object 'Object Repository/Texting/Page_Nh ca ti/p_I m A' was broken. Propose an alternative one: '(.//*[normalize-space(text()) and normalize-space(.)='Delete for me and for everyone else'])[1]/preceding::p[2]'.

2022-01-18 00:00:37 - [MESSAGE][PASSED] - Actual text and expected text of test object 'Object Repository/Texting/Page_Nh ca ti/p_I m A' are matched.

2022-01-18 00:00:37 - [TEST_STEP][PASSED] - click(findTestObject("Object Repository/Texting/Page_Nh ca ti/a_Vn A Nguyn")): Object: 'Object Repository/Texting/Page_Nh ca ti/a_Vn A Nguyn' is clicked on

2022-01-18 00:00:38 - [MESSAGE][PASSED] - Object: 'Object Repository/Texting/Page_Nh ca ti/a_Vn A Nguyn' is clicked on

2022-01-18 00:00:38 - [TEST_STEP][PASSED] - click(findTestObject("Object Repository/Texting/Page_Nh ca ti/a_Thot_1")): Object: 'Object Repository/Texting/Page_Nh ca ti/a_Thot_1' is clicked on

2022-01-18 00:00:39 - [MESSAGE][PASSED] - Object: 'Object Repository/Texting/Page_Nh ca ti/a_Thot_1' is clicked on

2022-01-18 00:00:39 - [TEST_STEP][PASSED] - click(findTestObject("Object Repository/Texting/Page_Local Moodle/a_Log in")): Object: 'Object Repository/Texting/Page_Local Moodle/a_Log in' is clicked on

2022-01-18 00:00:40 - [MESSAGE][PASSED] - Object: 'Object Repository/Texting/Page_Local Moodle/a_Log in' is clicked on

2022-01-18 00:00:40 - [TEST_STEP][PASSED] - setText(findTestObject("Object Repository/Texting/Page_Local Moodle Log in to the site/input_Username_username"), "lcbinh"): Text 'lcbinh' is set on object 'Object Repository/Texting/Page_Local Moodle Log in to the site/input_Username_username'

2022-01-18 00:00:41 - [MESSAGE][PASSED] - Text 'lcbinh' is set on object 'Object Repository/Texting/Page_Local Moodle Log in to the site/input_Username_username'

2022-01-18 00:00:41 - [TEST_STEP][PASSED] - setEncryptedText(findTestObject("Object Repository/Texting/Page_Local Moodle Log in to the site/input_Password_password"), "o5TCnEIIWq0Pz0TkrK1a2rpuWvRKVWz2"): Text ****** has been set on object 'Object Repository/Texting/Page_Local Moodle Log in to the site/input_Password_password'

2022-01-18 00:00:42 - [MESSAGE][PASSED] - Text ****** has been set on object 'Object Repository/Texting/Page_Local Moodle Log in to the site/input_Password_password'

2022-01-18 00:00:42 - [TEST_STEP][PASSED] - click(findTestObject("Object Repository/Texting/Page_Local Moodle Log in to the site/button_Log in")): Object: 'Object Repository/Texting/Page_Local Moodle Log in to the site/button_Log in' is clicked on

2022-01-18 00:00:44 - [MESSAGE][PASSED] - Object: 'Object Repository/Texting/Page_Local Moodle Log in to the site/button_Log in' is clicked on

2022-01-18 00:00:44 - [TEST_STEP][PASSED] - verifyElementClickable(findTestObject("Object Repository/Texting/Page_Nh ca ti/i_See all_icon fa fa-comment fa-fw")): Object 'Object Repository/Texting/Page_Nh ca ti/i_See all_icon fa fa-comment fa-fw' is clickable

2022-01-18 00:00:51 - [MESSAGE][INFO] - Unable to find the element located by 'By.xpath: //a[@id='message-drawer-toggle-61d5836ab0e7961d5836a98d4612']/i'. Please recheck the objects properties to make sure the desired element is located. 

2022-01-18 00:00:51 - [MESSAGE][WARNING] - [SELF-HEALING] Failed to find element with id 'Object Repository/Texting/Page_Nh ca ti/i_See all_icon fa fa-comment fa-fw'. Try using Self-healing.

2022-01-18 00:00:51 - [MESSAGE][WARNING] - [SELF-HEALING] The current locator of test object 'Object Repository/Texting/Page_Nh ca ti/i_See all_icon fa fa-comment fa-fw' was broken. Propose an alternative one: '//div[2]/a/i'.

2022-01-18 00:00:51 - [MESSAGE][PASSED] - Object 'Object Repository/Texting/Page_Nh ca ti/i_See all_icon fa fa-comment fa-fw' is clickable

2022-01-18 00:00:51 - [TEST_STEP][PASSED] - click(findTestObject("Object Repository/Texting/Page_Nh ca ti/i_See all_icon fa fa-comment fa-fw")): Object: 'Object Repository/Texting/Page_Nh ca ti/i_See all_icon fa fa-comment fa-fw' is clicked on

2022-01-18 00:00:58 - [MESSAGE][INFO] - Unable to find the element located by 'By.xpath: //a[@id='message-drawer-toggle-61d5836ab0e7961d5836a98d4612']/i'. Please recheck the objects properties to make sure the desired element is located. 

2022-01-18 00:00:58 - [MESSAGE][WARNING] - [SELF-HEALING] Failed to find element with id 'Object Repository/Texting/Page_Nh ca ti/i_See all_icon fa fa-comment fa-fw'. Try using Self-healing.

2022-01-18 00:00:58 - [MESSAGE][WARNING] - [SELF-HEALING] The current locator of test object 'Object Repository/Texting/Page_Nh ca ti/i_See all_icon fa fa-comment fa-fw' was broken. Propose an alternative one: '//div[2]/a/i'.

2022-01-18 00:00:58 - [MESSAGE][PASSED] - Object: 'Object Repository/Texting/Page_Nh ca ti/i_See all_icon fa fa-comment fa-fw' is clicked on

2022-01-18 00:00:58 - [TEST_STEP][PASSED] - verifyElementText(findTestObject("Object Repository/Texting/Page_Nh ca ti/span_I m A"), "I 'm A"): Actual text and expected text of test object 'Object Repository/Texting/Page_Nh ca ti/span_I m A' are matched.

2022-01-18 00:01:05 - [MESSAGE][INFO] - Unable to find the element located by 'By.xpath: //div[@id='view-overview-messages-target-61d57c5b0cd3961d57c5ae95c521']/div[2]/a/div/p/span'. Please recheck the objects properties to make sure the desired element is located. 

2022-01-18 00:01:05 - [MESSAGE][WARNING] - [SELF-HEALING] Failed to find element with id 'Object Repository/Texting/Page_Nh ca ti/span_I m A'. Try using Self-healing.

2022-01-18 00:01:05 - [MESSAGE][WARNING] - [SELF-HEALING] The current locator of test object 'Object Repository/Texting/Page_Nh ca ti/span_I m A' was broken. Propose an alternative one: '(.//*[normalize-space(text()) and normalize-space(.)=concat('I ', "'", 'm Thanh')])[1]/preceding::span[6]'.

2022-01-18 00:01:05 - [MESSAGE][PASSED] - Actual text and expected text of test object 'Object Repository/Texting/Page_Nh ca ti/span_I m A' are matched.

2022-01-18 00:01:05 - [TEST_STEP][PASSED] - verifyElementText(findTestObject("Object Repository/Texting/Page_Nh ca ti/span_I m Thanh"), "I 'm Thanh"): Actual text and expected text of test object 'Object Repository/Texting/Page_Nh ca ti/span_I m Thanh' are matched.

2022-01-18 00:01:11 - [MESSAGE][INFO] - Unable to find the element located by 'By.xpath: //div[@id='view-overview-messages-target-61d57c5b0cd3961d57c5ae95c521']/div[2]/a[2]/div/p/span'. Please recheck the objects properties to make sure the desired element is located. 

2022-01-18 00:01:11 - [MESSAGE][WARNING] - [SELF-HEALING] Failed to find element with id 'Object Repository/Texting/Page_Nh ca ti/span_I m Thanh'. Try using Self-healing.

2022-01-18 00:01:12 - [MESSAGE][WARNING] - [SELF-HEALING] The current locator of test object 'Object Repository/Texting/Page_Nh ca ti/span_I m Thanh' was broken. Propose an alternative one: '(.//*[normalize-space(text()) and normalize-space(.)=concat('I ', "'", 'm A')])[1]/following::span[6]'.

2022-01-18 00:01:12 - [MESSAGE][PASSED] - Actual text and expected text of test object 'Object Repository/Texting/Page_Nh ca ti/span_I m Thanh' are matched.

2022-01-18 00:01:12 - [TEST_STEP][PASSED] - click(findTestObject("Object Repository/Texting/Page_Nh ca ti/strong_Tin Thnh Nguyn ng")): Object: 'Object Repository/Texting/Page_Nh ca ti/strong_Tin Thnh Nguyn ng' is clicked on

2022-01-18 00:01:18 - [MESSAGE][INFO] - Unable to find the element located by 'By.xpath: //div[@id='view-overview-messages-target-61d5836ab33eb61d5836a98d4621']/div[2]/a[2]/div/div/strong'. Please recheck the objects properties to make sure the desired element is located. 

2022-01-18 00:01:18 - [MESSAGE][WARNING] - [SELF-HEALING] Failed to find element with id 'Object Repository/Texting/Page_Nh ca ti/strong_Tin Thnh Nguyn ng'. Try using Self-healing.

2022-01-18 00:01:18 - [MESSAGE][WARNING] - [SELF-HEALING] The current locator of test object 'Object Repository/Texting/Page_Nh ca ti/strong_Tin Thnh Nguyn ng' was broken. Propose an alternative one: '(.//*[normalize-space(text()) and normalize-space(.)=concat('I ', "'", 'm A')])[1]/following::strong[1]'.

2022-01-18 00:01:18 - [MESSAGE][PASSED] - Object: 'Object Repository/Texting/Page_Nh ca ti/strong_Tin Thnh Nguyn ng' is clicked on

2022-01-18 00:01:18 - [TEST_STEP][PASSED] - click(findTestObject("Object Repository/Texting/Page_Nh ca ti/i_Lin lc_icon fa fa-chevron-left fa-fw")): Object: 'Object Repository/Texting/Page_Nh ca ti/i_Lin lc_icon fa fa-chevron-left fa-fw' is clicked on

2022-01-18 00:01:25 - [MESSAGE][INFO] - Unable to find the element located by 'By.xpath: //div[@id='yui_3_17_2_1_1641380955105_206']/div/a/div/span/i'. Please recheck the objects properties to make sure the desired element is located. 

2022-01-18 00:01:25 - [MESSAGE][WARNING] - [SELF-HEALING] Failed to find element with id 'Object Repository/Texting/Page_Nh ca ti/i_Lin lc_icon fa fa-chevron-left fa-fw'. Try using Self-healing.

2022-01-18 00:01:25 - [MESSAGE][WARNING] - [SELF-HEALING] The current locator of test object 'Object Repository/Texting/Page_Nh ca ti/i_Lin lc_icon fa fa-chevron-left fa-fw' was broken. Propose an alternative one: '//div[2]/div[2]/div/div/div/a/div/span/i'.

2022-01-18 00:01:25 - [MESSAGE][PASSED] - Object: 'Object Repository/Texting/Page_Nh ca ti/i_Lin lc_icon fa fa-chevron-left fa-fw' is clicked on

2022-01-18 00:01:25 - [TEST_STEP][PASSED] - click(findTestObject("Object Repository/Texting/Page_Nh ca ti/strong_Vn A Nguyn")): Object: 'Object Repository/Texting/Page_Nh ca ti/strong_Vn A Nguyn' is clicked on

2022-01-18 00:01:32 - [MESSAGE][INFO] - Unable to find the element located by 'By.xpath: //div[@id='yui_3_17_2_1_1641380955105_202']/a/div/div/strong'. Please recheck the objects properties to make sure the desired element is located. 

2022-01-18 00:01:32 - [MESSAGE][WARNING] - [SELF-HEALING] Failed to find element with id 'Object Repository/Texting/Page_Nh ca ti/strong_Vn A Nguyn'. Try using Self-healing.

2022-01-18 00:01:32 - [MESSAGE][WARNING] - [SELF-HEALING] The current locator of test object 'Object Repository/Texting/Page_Nh ca ti/strong_Vn A Nguyn' was broken. Propose an alternative one: '(.//*[normalize-space(text()) and normalize-space(.)='Private'])[1]/following::strong[1]'.

2022-01-18 00:01:32 - [MESSAGE][PASSED] - Object: 'Object Repository/Texting/Page_Nh ca ti/strong_Vn A Nguyn' is clicked on

2022-01-18 00:01:32 - [TEST_STEP][PASSED] - click(findTestObject("Object Repository/Texting/Page_Nh ca ti/span_Lin lc_dir-rtl-hide")): Object: 'Object Repository/Texting/Page_Nh ca ti/span_Lin lc_dir-rtl-hide' is clicked on

2022-01-18 00:01:39 - [MESSAGE][INFO] - Unable to find the element located by 'By.xpath: //div[@id='yui_3_17_2_1_1641380955105_257']/div/a/div/span'. Please recheck the objects properties to make sure the desired element is located. 

2022-01-18 00:01:39 - [MESSAGE][WARNING] - [SELF-HEALING] Failed to find element with id 'Object Repository/Texting/Page_Nh ca ti/span_Lin lc_dir-rtl-hide'. Try using Self-healing.

2022-01-18 00:01:39 - [MESSAGE][WARNING] - [SELF-HEALING] The current locator of test object 'Object Repository/Texting/Page_Nh ca ti/span_Lin lc_dir-rtl-hide' was broken. Propose an alternative one: '(.//*[normalize-space(text()) and normalize-space(.)='Liên lạc'])[1]/following::span[1]'.

2022-01-18 00:01:39 - [MESSAGE][PASSED] - Object: 'Object Repository/Texting/Page_Nh ca ti/span_Lin lc_dir-rtl-hide' is clicked on

2022-01-18 00:01:39 - [TEST_STEP][PASSED] - closeBrowser(): Browser is closed

2022-01-18 00:01:40 - [MESSAGE][PASSED] - Browser is closed]]></system-out>
         <system-err><![CDATA[]]></system-err>
      </testcase>
      <testcase name="Test Cases/Texting/Student texts teacher" time="137.577" classname="Test Cases/Texting/Student texts teacher" status="PASSED">
         <system-out><![CDATA[2022-01-18 00:01:40 - [TEST_CASE][PASSED] - Test Cases/Texting/Student texts teacher: Test Cases/Texting/Student texts teacher

2022-01-18 00:01:41 - [TEST_STEP][PASSED] - openBrowser(""): Browser is opened with url: ''

2022-01-18 00:01:41 - [MESSAGE][INFO] - Starting 'Edge Chromium' driver

2022-01-18 00:01:44 - [MESSAGE][INFO] - Action delay is set to 0 milliseconds

2022-01-18 00:01:45 - [MESSAGE][PASSED] - Browser is opened with url: ''

2022-01-18 00:01:45 - [TEST_STEP][PASSED] - navigateToUrl("http://localhost/"): Navigate to 'http://localhost/' successfully

2022-01-18 00:01:47 - [MESSAGE][PASSED] - Navigate to 'http://localhost/' successfully

2022-01-18 00:01:47 - [TEST_STEP][PASSED] - click(findTestObject("Object Repository/Texting/Page_Local Moodle/a_Log in")): Object: 'Object Repository/Texting/Page_Local Moodle/a_Log in' is clicked on

2022-01-18 00:01:49 - [MESSAGE][PASSED] - Object: 'Object Repository/Texting/Page_Local Moodle/a_Log in' is clicked on

2022-01-18 00:01:49 - [TEST_STEP][PASSED] - setText(findTestObject("Object Repository/Texting/Page_Local Moodle Log in to the site/input_Username_username"), "hs01"): Text 'hs01' is set on object 'Object Repository/Texting/Page_Local Moodle Log in to the site/input_Username_username'

2022-01-18 00:01:50 - [MESSAGE][PASSED] - Text 'hs01' is set on object 'Object Repository/Texting/Page_Local Moodle Log in to the site/input_Username_username'

2022-01-18 00:01:50 - [TEST_STEP][PASSED] - setEncryptedText(findTestObject("Object Repository/Texting/Page_Local Moodle Log in to the site/input_Password_password"), "o5TCnEIIWq2SeGQhIMNXLQ=="): Text ****** has been set on object 'Object Repository/Texting/Page_Local Moodle Log in to the site/input_Password_password'

2022-01-18 00:01:50 - [MESSAGE][PASSED] - Text ****** has been set on object 'Object Repository/Texting/Page_Local Moodle Log in to the site/input_Password_password'

2022-01-18 00:01:50 - [TEST_STEP][PASSED] - click(findTestObject("Object Repository/Texting/Page_Local Moodle Log in to the site/button_Log in")): Object: 'Object Repository/Texting/Page_Local Moodle Log in to the site/button_Log in' is clicked on

2022-01-18 00:01:54 - [MESSAGE][PASSED] - Object: 'Object Repository/Texting/Page_Local Moodle Log in to the site/button_Log in' is clicked on

2022-01-18 00:01:54 - [TEST_STEP][PASSED] - verifyElementClickable(findTestObject("Object Repository/Texting/Page_Nh ca ti/i_See all_icon fa fa-comment fa-fw")): Object 'Object Repository/Texting/Page_Nh ca ti/i_See all_icon fa fa-comment fa-fw' is clickable

2022-01-18 00:02:01 - [MESSAGE][INFO] - Unable to find the element located by 'By.xpath: //a[@id='message-drawer-toggle-61d5836ab0e7961d5836a98d4612']/i'. Please recheck the objects properties to make sure the desired element is located. 

2022-01-18 00:02:01 - [MESSAGE][WARNING] - [SELF-HEALING] Failed to find element with id 'Object Repository/Texting/Page_Nh ca ti/i_See all_icon fa fa-comment fa-fw'. Try using Self-healing.

2022-01-18 00:02:01 - [MESSAGE][WARNING] - [SELF-HEALING] The current locator of test object 'Object Repository/Texting/Page_Nh ca ti/i_See all_icon fa fa-comment fa-fw' was broken. Propose an alternative one: '//div[2]/a/i'.

2022-01-18 00:02:01 - [MESSAGE][PASSED] - Object 'Object Repository/Texting/Page_Nh ca ti/i_See all_icon fa fa-comment fa-fw' is clickable

2022-01-18 00:02:01 - [TEST_STEP][PASSED] - click(findTestObject("Object Repository/Texting/Page_Nh ca ti/i_See all_icon fa fa-comment fa-fw")): Object: 'Object Repository/Texting/Page_Nh ca ti/i_See all_icon fa fa-comment fa-fw' is clicked on

2022-01-18 00:02:08 - [MESSAGE][INFO] - Unable to find the element located by 'By.xpath: //a[@id='message-drawer-toggle-61d5836ab0e7961d5836a98d4612']/i'. Please recheck the objects properties to make sure the desired element is located. 

2022-01-18 00:02:08 - [MESSAGE][WARNING] - [SELF-HEALING] Failed to find element with id 'Object Repository/Texting/Page_Nh ca ti/i_See all_icon fa fa-comment fa-fw'. Try using Self-healing.

2022-01-18 00:02:08 - [MESSAGE][WARNING] - [SELF-HEALING] The current locator of test object 'Object Repository/Texting/Page_Nh ca ti/i_See all_icon fa fa-comment fa-fw' was broken. Propose an alternative one: '//div[2]/a/i'.

2022-01-18 00:02:08 - [MESSAGE][PASSED] - Object: 'Object Repository/Texting/Page_Nh ca ti/i_See all_icon fa fa-comment fa-fw' is clicked on

2022-01-18 00:02:08 - [TEST_STEP][PASSED] - setText(findTestObject("Object Repository/Texting/Page_Nh ca ti/input_Messages selected_form-control"), "Lê"): Text 'Lê' is set on object 'Object Repository/Texting/Page_Nh ca ti/input_Messages selected_form-control'

2022-01-18 00:02:10 - [MESSAGE][PASSED] - Text 'Lê' is set on object 'Object Repository/Texting/Page_Nh ca ti/input_Messages selected_form-control'

2022-01-18 00:02:10 - [TEST_STEP][PASSED] - verifyElementClickable(findTestObject("Object Repository/Texting/Page_Nh ca ti/i_Messages selected_icon fa fa-search fa-fw")): Object 'Object Repository/Texting/Page_Nh ca ti/i_Messages selected_icon fa fa-search fa-fw' is clickable

2022-01-18 00:02:16 - [MESSAGE][INFO] - Unable to find the element located by 'By.xpath: //div[@id='yui_3_17_2_1_1641380622208_201']/div[4]/div/div/div/button/span/i'. Please recheck the objects properties to make sure the desired element is located. 

2022-01-18 00:02:16 - [MESSAGE][WARNING] - [SELF-HEALING] Failed to find element with id 'Object Repository/Texting/Page_Nh ca ti/i_Messages selected_icon fa fa-search fa-fw'. Try using Self-healing.

2022-01-18 00:02:17 - [MESSAGE][WARNING] - [SELF-HEALING] The current locator of test object 'Object Repository/Texting/Page_Nh ca ti/i_Messages selected_icon fa fa-search fa-fw' was broken. Propose an alternative one: '//button/span/i'.

2022-01-18 00:02:17 - [MESSAGE][PASSED] - Object 'Object Repository/Texting/Page_Nh ca ti/i_Messages selected_icon fa fa-search fa-fw' is clickable

2022-01-18 00:02:17 - [TEST_STEP][PASSED] - click(findTestObject("Object Repository/Texting/Page_Nh ca ti/i_Messages selected_icon fa fa-search fa-fw")): Object: 'Object Repository/Texting/Page_Nh ca ti/i_Messages selected_icon fa fa-search fa-fw' is clicked on

2022-01-18 00:02:23 - [MESSAGE][INFO] - Unable to find the element located by 'By.xpath: //div[@id='yui_3_17_2_1_1641380622208_201']/div[4]/div/div/div/button/span/i'. Please recheck the objects properties to make sure the desired element is located. 

2022-01-18 00:02:23 - [MESSAGE][WARNING] - [SELF-HEALING] Failed to find element with id 'Object Repository/Texting/Page_Nh ca ti/i_Messages selected_icon fa fa-search fa-fw'. Try using Self-healing.

2022-01-18 00:02:23 - [MESSAGE][WARNING] - [SELF-HEALING] The current locator of test object 'Object Repository/Texting/Page_Nh ca ti/i_Messages selected_icon fa fa-search fa-fw' was broken. Propose an alternative one: '//button/span/i'.

2022-01-18 00:02:24 - [MESSAGE][PASSED] - Object: 'Object Repository/Texting/Page_Nh ca ti/i_Messages selected_icon fa fa-search fa-fw' is clicked on

2022-01-18 00:02:24 - [TEST_STEP][PASSED] - click(findTestObject("Object Repository/Texting/Page_Nh ca ti/h6_Cng Bnh L")): Object: 'Object Repository/Texting/Page_Nh ca ti/h6_Cng Bnh L' is clicked on

2022-01-18 00:02:30 - [MESSAGE][INFO] - Unable to find the element located by 'By.xpath: //div[@id='yui_3_17_2_1_1641380790278_197']/div[6]/div/div/div/div[2]/div/a/h6'. Please recheck the objects properties to make sure the desired element is located. 

2022-01-18 00:02:30 - [MESSAGE][WARNING] - [SELF-HEALING] Failed to find element with id 'Object Repository/Texting/Page_Nh ca ti/h6_Cng Bnh L'. Try using Self-healing.

2022-01-18 00:02:30 - [MESSAGE][WARNING] - [SELF-HEALING] The current locator of test object 'Object Repository/Texting/Page_Nh ca ti/h6_Cng Bnh L' was broken. Propose an alternative one: '(.//*[normalize-space(text()) and normalize-space(.)='Non-contacts'])[1]/following::h6[1]'.

2022-01-18 00:02:31 - [MESSAGE][PASSED] - Object: 'Object Repository/Texting/Page_Nh ca ti/h6_Cng Bnh L' is clicked on

2022-01-18 00:02:31 - [TEST_STEP][PASSED] - setText(findTestObject("Object Repository/Texting/Page_Nh ca ti/textarea_Use enter to send_yui_3_17_2_1_164_d197e1"), "Hello world"): Text 'Hello world' is set on object 'Object Repository/Texting/Page_Nh ca ti/textarea_Use enter to send_yui_3_17_2_1_164_d197e1'

2022-01-18 00:02:37 - [MESSAGE][INFO] - Unable to find the element located by 'By.xpath: //textarea[@id='yui_3_17_2_1_1641378304713_228']'. Please recheck the objects properties to make sure the desired element is located. 

2022-01-18 00:02:37 - [MESSAGE][WARNING] - [SELF-HEALING] Failed to find element with id 'Object Repository/Texting/Page_Nh ca ti/textarea_Use enter to send_yui_3_17_2_1_164_d197e1'. Try using Self-healing.

2022-01-18 00:02:38 - [MESSAGE][WARNING] - [SELF-HEALING] The current locator of test object 'Object Repository/Texting/Page_Nh ca ti/textarea_Use enter to send_yui_3_17_2_1_164_d197e1' was broken. Propose an alternative one: '//textarea'.

2022-01-18 00:02:44 - [MESSAGE][INFO] - Unable to find the element located by 'By.xpath: //textarea[@id='yui_3_17_2_1_1641378304713_228']'. Please recheck the objects properties to make sure the desired element is located. 

2022-01-18 00:02:44 - [MESSAGE][WARNING] - [SELF-HEALING] Failed to find element with id 'Object Repository/Texting/Page_Nh ca ti/textarea_Use enter to send_yui_3_17_2_1_164_d197e1'. Try using Self-healing.

2022-01-18 00:02:44 - [MESSAGE][WARNING] - [SELF-HEALING] The current locator of test object 'Object Repository/Texting/Page_Nh ca ti/textarea_Use enter to send_yui_3_17_2_1_164_d197e1' was broken. Propose an alternative one: '//textarea'.

2022-01-18 00:02:45 - [MESSAGE][PASSED] - Text 'Hello world' is set on object 'Object Repository/Texting/Page_Nh ca ti/textarea_Use enter to send_yui_3_17_2_1_164_d197e1'

2022-01-18 00:02:45 - [TEST_STEP][PASSED] - verifyElementClickable(findTestObject("Object Repository/Texting/Page_Nh ca ti/i__icon fa fa-paper-plane fa-fw")): Object 'Object Repository/Texting/Page_Nh ca ti/i__icon fa fa-paper-plane fa-fw' is clickable

2022-01-18 00:02:51 - [MESSAGE][INFO] - Unable to find the element located by 'By.xpath: //div[@id='yui_3_17_2_1_1641382762786_208']/div/button[2]/span/i'. Please recheck the objects properties to make sure the desired element is located. 

2022-01-18 00:02:51 - [MESSAGE][WARNING] - [SELF-HEALING] Failed to find element with id 'Object Repository/Texting/Page_Nh ca ti/i__icon fa fa-paper-plane fa-fw'. Try using Self-healing.

2022-01-18 00:02:51 - [MESSAGE][WARNING] - [SELF-HEALING] The current locator of test object 'Object Repository/Texting/Page_Nh ca ti/i__icon fa fa-paper-plane fa-fw' was broken. Propose an alternative one: '//button[2]/span/i'.

2022-01-18 00:02:51 - [MESSAGE][PASSED] - Object 'Object Repository/Texting/Page_Nh ca ti/i__icon fa fa-paper-plane fa-fw' is clickable

2022-01-18 00:02:51 - [TEST_STEP][PASSED] - click(findTestObject("Object Repository/Texting/Page_Nh ca ti/i__icon fa fa-paper-plane fa-fw")): Object: 'Object Repository/Texting/Page_Nh ca ti/i__icon fa fa-paper-plane fa-fw' is clicked on

2022-01-18 00:02:57 - [MESSAGE][INFO] - Unable to find the element located by 'By.xpath: //div[@id='yui_3_17_2_1_1641382762786_208']/div/button[2]/span/i'. Please recheck the objects properties to make sure the desired element is located. 

2022-01-18 00:02:57 - [MESSAGE][WARNING] - [SELF-HEALING] Failed to find element with id 'Object Repository/Texting/Page_Nh ca ti/i__icon fa fa-paper-plane fa-fw'. Try using Self-healing.

2022-01-18 00:02:58 - [MESSAGE][WARNING] - [SELF-HEALING] The current locator of test object 'Object Repository/Texting/Page_Nh ca ti/i__icon fa fa-paper-plane fa-fw' was broken. Propose an alternative one: '//button[2]/span/i'.

2022-01-18 00:02:58 - [MESSAGE][PASSED] - Object: 'Object Repository/Texting/Page_Nh ca ti/i__icon fa fa-paper-plane fa-fw' is clicked on

2022-01-18 00:02:58 - [TEST_STEP][PASSED] - click(findTestObject("Object Repository/Texting/Page_Nh ca ti/a_Vn A Nguyn")): Object: 'Object Repository/Texting/Page_Nh ca ti/a_Vn A Nguyn' is clicked on

2022-01-18 00:02:59 - [MESSAGE][PASSED] - Object: 'Object Repository/Texting/Page_Nh ca ti/a_Vn A Nguyn' is clicked on

2022-01-18 00:02:59 - [TEST_STEP][PASSED] - click(findTestObject("Object Repository/Texting/Page_Nh ca ti/span_Thot")): Object: 'Object Repository/Texting/Page_Nh ca ti/span_Thot' is clicked on

2022-01-18 00:03:01 - [MESSAGE][PASSED] - Object: 'Object Repository/Texting/Page_Nh ca ti/span_Thot' is clicked on

2022-01-18 00:03:01 - [TEST_STEP][PASSED] - click(findTestObject("Object Repository/Texting/Page_Local Moodle/a_Log in")): Object: 'Object Repository/Texting/Page_Local Moodle/a_Log in' is clicked on

2022-01-18 00:03:02 - [MESSAGE][PASSED] - Object: 'Object Repository/Texting/Page_Local Moodle/a_Log in' is clicked on

2022-01-18 00:03:02 - [TEST_STEP][PASSED] - setText(findTestObject("Object Repository/Texting/Page_Local Moodle Log in to the site/input_Username_username"), "lcbinh"): Text 'lcbinh' is set on object 'Object Repository/Texting/Page_Local Moodle Log in to the site/input_Username_username'

2022-01-18 00:03:03 - [MESSAGE][PASSED] - Text 'lcbinh' is set on object 'Object Repository/Texting/Page_Local Moodle Log in to the site/input_Username_username'

2022-01-18 00:03:03 - [TEST_STEP][PASSED] - setEncryptedText(findTestObject("Object Repository/Texting/Page_Local Moodle Log in to the site/input_Password_password"), "o5TCnEIIWq0Pz0TkrK1a2rpuWvRKVWz2"): Text ****** has been set on object 'Object Repository/Texting/Page_Local Moodle Log in to the site/input_Password_password'

2022-01-18 00:03:04 - [MESSAGE][PASSED] - Text ****** has been set on object 'Object Repository/Texting/Page_Local Moodle Log in to the site/input_Password_password'

2022-01-18 00:03:04 - [TEST_STEP][PASSED] - click(findTestObject("Object Repository/Texting/Page_Local Moodle Log in to the site/button_Log in")): Object: 'Object Repository/Texting/Page_Local Moodle Log in to the site/button_Log in' is clicked on

2022-01-18 00:03:06 - [MESSAGE][PASSED] - Object: 'Object Repository/Texting/Page_Local Moodle Log in to the site/button_Log in' is clicked on

2022-01-18 00:03:06 - [TEST_STEP][PASSED] - verifyElementClickable(findTestObject("Object Repository/Texting/Page_Nh ca ti/i_See all_icon fa fa-comment fa-fw")): Object 'Object Repository/Texting/Page_Nh ca ti/i_See all_icon fa fa-comment fa-fw' is clickable

2022-01-18 00:03:13 - [MESSAGE][INFO] - Unable to find the element located by 'By.xpath: //a[@id='message-drawer-toggle-61d5836ab0e7961d5836a98d4612']/i'. Please recheck the objects properties to make sure the desired element is located. 

2022-01-18 00:03:13 - [MESSAGE][WARNING] - [SELF-HEALING] Failed to find element with id 'Object Repository/Texting/Page_Nh ca ti/i_See all_icon fa fa-comment fa-fw'. Try using Self-healing.

2022-01-18 00:03:14 - [MESSAGE][WARNING] - [SELF-HEALING] The current locator of test object 'Object Repository/Texting/Page_Nh ca ti/i_See all_icon fa fa-comment fa-fw' was broken. Propose an alternative one: '//div[2]/a/i'.

2022-01-18 00:03:14 - [MESSAGE][PASSED] - Object 'Object Repository/Texting/Page_Nh ca ti/i_See all_icon fa fa-comment fa-fw' is clickable

2022-01-18 00:03:14 - [TEST_STEP][PASSED] - click(findTestObject("Object Repository/Texting/Page_Nh ca ti/i_See all_icon fa fa-comment fa-fw")): Object: 'Object Repository/Texting/Page_Nh ca ti/i_See all_icon fa fa-comment fa-fw' is clicked on

2022-01-18 00:03:20 - [MESSAGE][INFO] - Unable to find the element located by 'By.xpath: //a[@id='message-drawer-toggle-61d5836ab0e7961d5836a98d4612']/i'. Please recheck the objects properties to make sure the desired element is located. 

2022-01-18 00:03:20 - [MESSAGE][WARNING] - [SELF-HEALING] Failed to find element with id 'Object Repository/Texting/Page_Nh ca ti/i_See all_icon fa fa-comment fa-fw'. Try using Self-healing.

2022-01-18 00:03:20 - [MESSAGE][WARNING] - [SELF-HEALING] The current locator of test object 'Object Repository/Texting/Page_Nh ca ti/i_See all_icon fa fa-comment fa-fw' was broken. Propose an alternative one: '//div[2]/a/i'.

2022-01-18 00:03:20 - [MESSAGE][PASSED] - Object: 'Object Repository/Texting/Page_Nh ca ti/i_See all_icon fa fa-comment fa-fw' is clicked on

2022-01-18 00:03:20 - [TEST_STEP][PASSED] - setText(findTestObject("Object Repository/Texting/Page_Nh ca ti/input_Messages selected_form-control"), "Nguyen Van A"): Text 'Nguyen Van A' is set on object 'Object Repository/Texting/Page_Nh ca ti/input_Messages selected_form-control'

2022-01-18 00:03:22 - [MESSAGE][PASSED] - Text 'Nguyen Van A' is set on object 'Object Repository/Texting/Page_Nh ca ti/input_Messages selected_form-control'

2022-01-18 00:03:22 - [TEST_STEP][PASSED] - verifyElementClickable(findTestObject("Object Repository/Texting/Page_Nh ca ti/i_Messages selected_icon fa fa-search fa-fw")): Object 'Object Repository/Texting/Page_Nh ca ti/i_Messages selected_icon fa fa-search fa-fw' is clickable

2022-01-18 00:03:28 - [MESSAGE][INFO] - Unable to find the element located by 'By.xpath: //div[@id='yui_3_17_2_1_1641380622208_201']/div[4]/div/div/div/button/span/i'. Please recheck the objects properties to make sure the desired element is located. 

2022-01-18 00:03:28 - [MESSAGE][WARNING] - [SELF-HEALING] Failed to find element with id 'Object Repository/Texting/Page_Nh ca ti/i_Messages selected_icon fa fa-search fa-fw'. Try using Self-healing.

2022-01-18 00:03:29 - [MESSAGE][WARNING] - [SELF-HEALING] The current locator of test object 'Object Repository/Texting/Page_Nh ca ti/i_Messages selected_icon fa fa-search fa-fw' was broken. Propose an alternative one: '//button/span/i'.

2022-01-18 00:03:29 - [MESSAGE][PASSED] - Object 'Object Repository/Texting/Page_Nh ca ti/i_Messages selected_icon fa fa-search fa-fw' is clickable

2022-01-18 00:03:29 - [TEST_STEP][PASSED] - click(findTestObject("Object Repository/Texting/Page_Nh ca ti/i_Messages selected_icon fa fa-search fa-fw")): Object: 'Object Repository/Texting/Page_Nh ca ti/i_Messages selected_icon fa fa-search fa-fw' is clicked on

2022-01-18 00:03:35 - [MESSAGE][INFO] - Unable to find the element located by 'By.xpath: //div[@id='yui_3_17_2_1_1641380622208_201']/div[4]/div/div/div/button/span/i'. Please recheck the objects properties to make sure the desired element is located. 

2022-01-18 00:03:35 - [MESSAGE][WARNING] - [SELF-HEALING] Failed to find element with id 'Object Repository/Texting/Page_Nh ca ti/i_Messages selected_icon fa fa-search fa-fw'. Try using Self-healing.

2022-01-18 00:03:35 - [MESSAGE][WARNING] - [SELF-HEALING] The current locator of test object 'Object Repository/Texting/Page_Nh ca ti/i_Messages selected_icon fa fa-search fa-fw' was broken. Propose an alternative one: '//button/span/i'.

2022-01-18 00:03:36 - [MESSAGE][PASSED] - Object: 'Object Repository/Texting/Page_Nh ca ti/i_Messages selected_icon fa fa-search fa-fw' is clicked on

2022-01-18 00:03:36 - [TEST_STEP][PASSED] - click(findTestObject("Object Repository/Texting/Page_Nh ca ti/a_Nguyen Van A_1")): Object: 'Object Repository/Texting/Page_Nh ca ti/a_Nguyen Van A_1' is clicked on

2022-01-18 00:03:42 - [MESSAGE][INFO] - Unable to find the element located by 'By.xpath: //div[@id='yui_3_17_2_1_1642430928292_197']/div[6]/div/div/div/div/div/a'. Please recheck the objects properties to make sure the desired element is located. 

2022-01-18 00:03:42 - [MESSAGE][WARNING] - [SELF-HEALING] Failed to find element with id 'Object Repository/Texting/Page_Nh ca ti/a_Nguyen Van A_1'. Try using Self-healing.

2022-01-18 00:03:42 - [MESSAGE][WARNING] - [SELF-HEALING] The current locator of test object 'Object Repository/Texting/Page_Nh ca ti/a_Nguyen Van A_1' was broken. Propose an alternative one: '(.//*[normalize-space(text()) and normalize-space(.)='Liên lạc'])[3]/following::a[1]'.

2022-01-18 00:03:43 - [MESSAGE][PASSED] - Object: 'Object Repository/Texting/Page_Nh ca ti/a_Nguyen Van A_1' is clicked on

2022-01-18 00:03:43 - [TEST_STEP][PASSED] - verifyElementText(findTestObject("Object Repository/Texting/Page_Nh ca ti/span_Hello world"), "Hello world"): Actual text and expected text of test object 'Object Repository/Texting/Page_Nh ca ti/span_Hello world' are matched.

2022-01-18 00:03:49 - [MESSAGE][INFO] - Unable to find the element located by 'By.xpath: //div[@id='view-overview-messages-target-61d5725ced80c61d5725cd201821']/div[2]/a/div/p/span'. Please recheck the objects properties to make sure the desired element is located. 

2022-01-18 00:03:49 - [MESSAGE][WARNING] - [SELF-HEALING] Failed to find element with id 'Object Repository/Texting/Page_Nh ca ti/span_Hello world'. Try using Self-healing.

2022-01-18 00:03:49 - [MESSAGE][WARNING] - [SELF-HEALING] The current locator of test object 'Object Repository/Texting/Page_Nh ca ti/span_Hello world' was broken. Propose an alternative one: '//*[(text() = 'Hello world' or . = 'Hello world')]'.

2022-01-18 00:03:49 - [MESSAGE][PASSED] - Actual text and expected text of test object 'Object Repository/Texting/Page_Nh ca ti/span_Hello world' are matched.

2022-01-18 00:03:49 - [TEST_STEP][PASSED] - click(findTestObject("Object Repository/Texting/Page_Nh ca ti/span_Hello world")): Object: 'Object Repository/Texting/Page_Nh ca ti/span_Hello world' is clicked on

2022-01-18 00:03:55 - [MESSAGE][INFO] - Unable to find the element located by 'By.xpath: //div[@id='view-overview-messages-target-61d5725ced80c61d5725cd201821']/div[2]/a/div/p/span'. Please recheck the objects properties to make sure the desired element is located. 

2022-01-18 00:03:55 - [MESSAGE][WARNING] - [SELF-HEALING] Failed to find element with id 'Object Repository/Texting/Page_Nh ca ti/span_Hello world'. Try using Self-healing.

2022-01-18 00:03:56 - [MESSAGE][WARNING] - [SELF-HEALING] The current locator of test object 'Object Repository/Texting/Page_Nh ca ti/span_Hello world' was broken. Propose an alternative one: '//*[(text() = 'Hello world' or . = 'Hello world')]'.

2022-01-18 00:03:56 - [MESSAGE][PASSED] - Object: 'Object Repository/Texting/Page_Nh ca ti/span_Hello world' is clicked on

2022-01-18 00:03:56 - [TEST_STEP][PASSED] - verifyElementText(findTestObject("Object Repository/Texting/Page_Nh ca ti/p_Hello world"), "Hello world"): Actual text and expected text of test object 'Object Repository/Texting/Page_Nh ca ti/p_Hello world' are matched.

2022-01-18 00:03:56 - [MESSAGE][PASSED] - Actual text and expected text of test object 'Object Repository/Texting/Page_Nh ca ti/p_Hello world' are matched.

2022-01-18 00:03:56 - [TEST_STEP][PASSED] - closeBrowser(): Browser is closed

2022-01-18 00:03:58 - [MESSAGE][PASSED] - Browser is closed]]></system-out>
         <system-err><![CDATA[]]></system-err>
      </testcase>
      <testcase name="Test Cases/Teacher creates announcements/Teacher create a list announcement" time="99.856" classname="Test Cases/Teacher creates announcements/Teacher create a list announcement" status="PASSED">
         <system-out><![CDATA[2022-01-18 00:03:58 - [TEST_CASE][PASSED] - Test Cases/Teacher creates announcements/Teacher create a list announcement: Test Cases/Teacher creates announcements/Teacher create a list announcement

2022-01-18 00:03:59 - [TEST_STEP][PASSED] - openBrowser(""): Browser is opened with url: ''

2022-01-18 00:03:59 - [MESSAGE][INFO] - Starting 'Edge Chromium' driver

2022-01-18 00:04:01 - [MESSAGE][INFO] - Action delay is set to 0 milliseconds

2022-01-18 00:04:03 - [MESSAGE][PASSED] - Browser is opened with url: ''

2022-01-18 00:04:03 - [TEST_STEP][PASSED] - navigateToUrl("http://localhost/"): Navigate to 'http://localhost/' successfully

2022-01-18 00:04:05 - [MESSAGE][PASSED] - Navigate to 'http://localhost/' successfully

2022-01-18 00:04:05 - [TEST_STEP][PASSED] - click(findTestObject("Object Repository/Teacher creates announcements/Page_Local Moodle/a_Log in")): Object: 'Object Repository/Teacher creates announcements/Page_Local Moodle/a_Log in' is clicked on

2022-01-18 00:04:06 - [MESSAGE][PASSED] - Object: 'Object Repository/Teacher creates announcements/Page_Local Moodle/a_Log in' is clicked on

2022-01-18 00:04:06 - [TEST_STEP][PASSED] - setText(findTestObject("Object Repository/Teacher creates announcements/Page_Local Moodle Log in to the site/input_Username_username"), "lcbinh"): Text 'lcbinh' is set on object 'Object Repository/Teacher creates announcements/Page_Local Moodle Log in to the site/input_Username_username'

2022-01-18 00:04:07 - [MESSAGE][PASSED] - Text 'lcbinh' is set on object 'Object Repository/Teacher creates announcements/Page_Local Moodle Log in to the site/input_Username_username'

2022-01-18 00:04:07 - [TEST_STEP][PASSED] - setEncryptedText(findTestObject("Object Repository/Teacher creates announcements/Page_Local Moodle Log in to the site/input_Password_password"), "o5TCnEIIWq0Pz0TkrK1a2rpuWvRKVWz2"): Text ****** has been set on object 'Object Repository/Teacher creates announcements/Page_Local Moodle Log in to the site/input_Password_password'

2022-01-18 00:04:08 - [MESSAGE][PASSED] - Text ****** has been set on object 'Object Repository/Teacher creates announcements/Page_Local Moodle Log in to the site/input_Password_password'

2022-01-18 00:04:08 - [TEST_STEP][PASSED] - click(findTestObject("Object Repository/Teacher creates announcements/Page_Local Moodle Log in to the site/button_Log in")): Object: 'Object Repository/Teacher creates announcements/Page_Local Moodle Log in to the site/button_Log in' is clicked on

2022-01-18 00:04:12 - [MESSAGE][PASSED] - Object: 'Object Repository/Teacher creates announcements/Page_Local Moodle Log in to the site/button_Log in' is clicked on

2022-01-18 00:04:12 - [TEST_STEP][PASSED] - click(findTestObject("Teacher creates announcements/Page_New Moodle Site/span_Trang ch h thng")): Object: 'Object Repository/Teacher creates announcements/Page_New Moodle Site/span_Trang ch h thng' is clicked on

2022-01-18 00:04:15 - [MESSAGE][PASSED] - Object: 'Object Repository/Teacher creates announcements/Page_New Moodle Site/span_Trang ch h thng' is clicked on

2022-01-18 00:04:15 - [TEST_STEP][PASSED] - click(findTestObject("Teacher creates announcements/Page_New Moodle Site/a_Test View Grade")): Object: 'Object Repository/Teacher creates announcements/Page_New Moodle Site/a_Test View Grade' is clicked on

2022-01-18 00:04:16 - [MESSAGE][PASSED] - Object: 'Object Repository/Teacher creates announcements/Page_New Moodle Site/a_Test View Grade' is clicked on

2022-01-18 00:04:16 - [TEST_STEP][PASSED] - click(findTestObject("Object Repository/Teacher creates announcements/Page_Kha Nhp mn Cng ngh phn mm/span_Cc thng bo Din n")): Object: 'Object Repository/Teacher creates announcements/Page_Kha Nhp mn Cng ngh phn mm/span_Cc thng bo Din n' is clicked on

2022-01-18 00:04:23 - [MESSAGE][INFO] - Unable to find the element located by 'By.xpath: //li[@id='module-1']/div/div/div[2]/div/a/span'. Please recheck the objects properties to make sure the desired element is located. 

2022-01-18 00:04:23 - [MESSAGE][WARNING] - [SELF-HEALING] Failed to find element with id 'Object Repository/Teacher creates announcements/Page_Kha Nhp mn Cng ngh phn mm/span_Cc thng bo Din n'. Try using Self-healing.

2022-01-18 00:04:23 - [MESSAGE][WARNING] - [SELF-HEALING] The current locator of test object 'Object Repository/Teacher creates announcements/Page_Kha Nhp mn Cng ngh phn mm/span_Cc thng bo Din n' was broken. Propose an alternative one: '(.//*[normalize-space(text()) and normalize-space(.)='Chung'])[2]/following::span[1]'.

2022-01-18 00:04:26 - [MESSAGE][PASSED] - Object: 'Object Repository/Teacher creates announcements/Page_Kha Nhp mn Cng ngh phn mm/span_Cc thng bo Din n' is clicked on

2022-01-18 00:04:26 - [TEST_STEP][PASSED] - click(findTestObject("Object Repository/Teacher creates announcements/Page_Cc thng bo/a_Thm mt ch  mi")): Object: 'Object Repository/Teacher creates announcements/Page_Cc thng bo/a_Thm mt ch  mi' is clicked on

2022-01-18 00:04:32 - [MESSAGE][INFO] - Unable to find the element located by 'By.xpath: //a[@id='yui_3_17_2_1_1641377104026_492']'. Please recheck the objects properties to make sure the desired element is located. 

2022-01-18 00:04:32 - [MESSAGE][WARNING] - [SELF-HEALING] Failed to find element with id 'Object Repository/Teacher creates announcements/Page_Cc thng bo/a_Thm mt ch  mi'. Try using Self-healing.

2022-01-18 00:04:32 - [MESSAGE][WARNING] - [SELF-HEALING] The current locator of test object 'Object Repository/Teacher creates announcements/Page_Cc thng bo/a_Thm mt ch  mi' was broken. Propose an alternative one: '//a[contains(text(),'Thêm một chủ đề mới')]'.

2022-01-18 00:04:32 - [MESSAGE][PASSED] - Object: 'Object Repository/Teacher creates announcements/Page_Cc thng bo/a_Thm mt ch  mi' is clicked on

2022-01-18 00:04:32 - [TEST_STEP][PASSED] - setText(findTestObject("Object Repository/Teacher creates announcements/Page_Cc thng bo/input_Tiu_subject"), "Thông báo "): Text 'Thông báo ' is set on object 'Object Repository/Teacher creates announcements/Page_Cc thng bo/input_Tiu_subject'

2022-01-18 00:04:34 - [MESSAGE][PASSED] - Text 'Thông báo ' is set on object 'Object Repository/Teacher creates announcements/Page_Cc thng bo/input_Tiu_subject'

2022-01-18 00:04:34 - [TEST_STEP][PASSED] - click(findTestObject("Object Repository/Teacher creates announcements/Page_Cc thng bo/input_Hu b_advancedadddiscussion")): Object: 'Object Repository/Teacher creates announcements/Page_Cc thng bo/input_Hu b_advancedadddiscussion' is clicked on

2022-01-18 00:04:37 - [MESSAGE][PASSED] - Object: 'Object Repository/Teacher creates announcements/Page_Cc thng bo/input_Hu b_advancedadddiscussion' is clicked on

2022-01-18 00:04:37 - [TEST_STEP][PASSED] - setText(findTestObject("Object Repository/Teacher creates announcements/Page_NM CNPM Thm mt ch  mi/input_Tiu_subject"), "Thông báo dạng bullet"): Text 'Thông báo dạng bullet' is set on object 'Object Repository/Teacher creates announcements/Page_NM CNPM Thm mt ch  mi/input_Tiu_subject'

2022-01-18 00:04:39 - [MESSAGE][PASSED] - Text 'Thông báo dạng bullet' is set on object 'Object Repository/Teacher creates announcements/Page_NM CNPM Thm mt ch  mi/input_Tiu_subject'

2022-01-18 00:04:39 - [TEST_STEP][PASSED] - click(findTestObject("Object Repository/Teacher creates announcements/Page_NM CNPM Thm mt ch  mi/button_Ni dung_yui_3_17_2_1_1641301275320_977")): Object: 'Object Repository/Teacher creates announcements/Page_NM CNPM Thm mt ch  mi/button_Ni dung_yui_3_17_2_1_1641301275320_977' is clicked on

2022-01-18 00:04:45 - [MESSAGE][INFO] - Unable to find the element located by 'By.xpath: //button[@id='yui_3_17_2_1_1641301275320_977']'. Please recheck the objects properties to make sure the desired element is located. 

2022-01-18 00:04:45 - [MESSAGE][WARNING] - [SELF-HEALING] Failed to find element with id 'Object Repository/Teacher creates announcements/Page_NM CNPM Thm mt ch  mi/button_Ni dung_yui_3_17_2_1_1641301275320_977'. Try using Self-healing.

2022-01-18 00:04:46 - [MESSAGE][WARNING] - [SELF-HEALING] The current locator of test object 'Object Repository/Teacher creates announcements/Page_NM CNPM Thm mt ch  mi/button_Ni dung_yui_3_17_2_1_1641301275320_977' was broken. Propose an alternative one: '(.//*[normalize-space(text()) and normalize-space(.)='Nội dung'])[1]/following::button[5]'.

2022-01-18 00:04:46 - [MESSAGE][PASSED] - Object: 'Object Repository/Teacher creates announcements/Page_NM CNPM Thm mt ch  mi/button_Ni dung_yui_3_17_2_1_1641301275320_977' is clicked on

2022-01-18 00:04:46 - [TEST_STEP][PASSED] - setText(findTestObject("Object Repository/Teacher creates announcements/Page_NM CNPM Thm mt ch  mi/div_Thng bo 1Thng bo 2Thng bo 3"), "<p dir="ltr" style="text-align: left;" id="yui_3_17_2_1_1641301275320_1445"><ul id="yui_3_17_2_1_1641301275320_988"><li id="yui_3_17_2_1_1641301275320_987" style="">Thông báo 1</li><li id="yui_3_17_2_1_1641301275320_987" style="">Thông báo 2</li><li id="yui_3_17_2_1_1641301275320_987" style="">Thông báo 3</li></ul></p>"): Text '<p dir="ltr" style="text-align: left;" id="yui_3_17_2_1_1641301275320_1445"><ul id="yui_3_17_2_1_1641301275320_988"><li id="yui_3_17_2_1_1641301275320_987" style="">Thông báo 1</li><li id="yui_3_17_2_1_1641301275320_987" style="">Thông báo 2</li><li id="yui_3_17_2_1_1641301275320_987" style="">Thông báo 3</li></ul></p>' is set on object 'Object Repository/Teacher creates announcements/Page_NM CNPM Thm mt ch  mi/div_Thng bo 1Thng bo 2Thng bo 3'

2022-01-18 00:04:50 - [MESSAGE][PASSED] - Text '<p dir="ltr" style="text-align: left;" id="yui_3_17_2_1_1641301275320_1445"><ul id="yui_3_17_2_1_1641301275320_988"><li id="yui_3_17_2_1_1641301275320_987" style="">Thông báo 1</li><li id="yui_3_17_2_1_1641301275320_987" style="">Thông báo 2</li><li id="yui_3_17_2_1_1641301275320_987" style="">Thông báo 3</li></ul></p>' is set on object 'Object Repository/Teacher creates announcements/Page_NM CNPM Thm mt ch  mi/div_Thng bo 1Thng bo 2Thng bo 3'

2022-01-18 00:04:50 - [TEST_STEP][PASSED] - setText(findTestObject("Object Repository/Teacher creates announcements/Page_NM CNPM Thm mt ch  mi/div_Thng bo 1Thng bo 2Thng bo 3"), "<p dir="ltr" style="text-align: left;" id="yui_3_17_2_1_1641301275320_1445"><ul id="yui_3_17_2_1_1641301275320_988"><li id="yui_3_17_2_1_1641301275320_987" style="">Thông báo 1</li><li id="yui_3_17_2_1_1641301275320_987" style="">Thông báo 2</li><li id="yui_3_17_2_1_1641301275320_987" style="">Thông báo 3</li></ul></p>"): Text '<p dir="ltr" style="text-align: left;" id="yui_3_17_2_1_1641301275320_1445"><ul id="yui_3_17_2_1_1641301275320_988"><li id="yui_3_17_2_1_1641301275320_987" style="">Thông báo 1</li><li id="yui_3_17_2_1_1641301275320_987" style="">Thông báo 2</li><li id="yui_3_17_2_1_1641301275320_987" style="">Thông báo 3</li></ul></p>' is set on object 'Object Repository/Teacher creates announcements/Page_NM CNPM Thm mt ch  mi/div_Thng bo 1Thng bo 2Thng bo 3'

2022-01-18 00:04:54 - [MESSAGE][PASSED] - Text '<p dir="ltr" style="text-align: left;" id="yui_3_17_2_1_1641301275320_1445"><ul id="yui_3_17_2_1_1641301275320_988"><li id="yui_3_17_2_1_1641301275320_987" style="">Thông báo 1</li><li id="yui_3_17_2_1_1641301275320_987" style="">Thông báo 2</li><li id="yui_3_17_2_1_1641301275320_987" style="">Thông báo 3</li></ul></p>' is set on object 'Object Repository/Teacher creates announcements/Page_NM CNPM Thm mt ch  mi/div_Thng bo 1Thng bo 2Thng bo 3'

2022-01-18 00:04:54 - [TEST_STEP][PASSED] - click(findTestObject("Object Repository/Teacher creates announcements/Page_NM CNPM Thm mt ch  mi/input__submitbutton")): Object: 'Object Repository/Teacher creates announcements/Page_NM CNPM Thm mt ch  mi/input__submitbutton' is clicked on

2022-01-18 00:04:56 - [MESSAGE][PASSED] - Object: 'Object Repository/Teacher creates announcements/Page_NM CNPM Thm mt ch  mi/input__submitbutton' is clicked on

2022-01-18 00:04:56 - [TEST_STEP][PASSED] - click(findTestObject("Object Repository/Teacher creates announcements/Page_Cc thng bo/a_Cng Bnh L")): Object: 'Object Repository/Teacher creates announcements/Page_Cc thng bo/a_Cng Bnh L' is clicked on

2022-01-18 00:04:57 - [MESSAGE][PASSED] - Object: 'Object Repository/Teacher creates announcements/Page_Cc thng bo/a_Cng Bnh L' is clicked on

2022-01-18 00:04:57 - [TEST_STEP][PASSED] - click(findTestObject("Object Repository/Teacher creates announcements/Page_Cc thng bo/a_Thot")): Object: 'Object Repository/Teacher creates announcements/Page_Cc thng bo/a_Thot' is clicked on

2022-01-18 00:05:03 - [MESSAGE][INFO] - Unable to find the element located by 'By.xpath: //a[@id='yui_3_17_2_1_1641301350257_507']'. Please recheck the objects properties to make sure the desired element is located. 

2022-01-18 00:05:03 - [MESSAGE][WARNING] - [SELF-HEALING] Failed to find element with id 'Object Repository/Teacher creates announcements/Page_Cc thng bo/a_Thot'. Try using Self-healing.

2022-01-18 00:05:04 - [MESSAGE][WARNING] - [SELF-HEALING] The current locator of test object 'Object Repository/Teacher creates announcements/Page_Cc thng bo/a_Thot' was broken. Propose an alternative one: '//div[@id='action-menu-1-menu']/a[6]'.

2022-01-18 00:05:04 - [MESSAGE][PASSED] - Object: 'Object Repository/Teacher creates announcements/Page_Cc thng bo/a_Thot' is clicked on

2022-01-18 00:05:04 - [TEST_STEP][PASSED] - click(findTestObject("Object Repository/Teacher creates announcements/Page_Local Moodle/a_Log in")): Object: 'Object Repository/Teacher creates announcements/Page_Local Moodle/a_Log in' is clicked on

2022-01-18 00:05:05 - [MESSAGE][PASSED] - Object: 'Object Repository/Teacher creates announcements/Page_Local Moodle/a_Log in' is clicked on

2022-01-18 00:05:05 - [TEST_STEP][PASSED] - setText(findTestObject("Object Repository/Teacher creates announcements/Page_New Moodle Site Log in to the site/input_Username_username"), "student3"): Text 'student3' is set on object 'Object Repository/Teacher creates announcements/Page_New Moodle Site Log in to the site/input_Username_username'

2022-01-18 00:05:06 - [MESSAGE][PASSED] - Text 'student3' is set on object 'Object Repository/Teacher creates announcements/Page_New Moodle Site Log in to the site/input_Username_username'

2022-01-18 00:05:06 - [TEST_STEP][PASSED] - setEncryptedText(findTestObject("Object Repository/Teacher creates announcements/Page_New Moodle Site Log in to the site/input_Password_password"), "cvW8qx4B2o1gIDzvWT+0mQ=="): Text ****** has been set on object 'Object Repository/Teacher creates announcements/Page_New Moodle Site Log in to the site/input_Password_password'

2022-01-18 00:05:07 - [MESSAGE][PASSED] - Text ****** has been set on object 'Object Repository/Teacher creates announcements/Page_New Moodle Site Log in to the site/input_Password_password'

2022-01-18 00:05:07 - [TEST_STEP][PASSED] - click(findTestObject("Object Repository/Teacher creates announcements/Page_Local Moodle Log in to the site/button_Log in")): Object: 'Object Repository/Teacher creates announcements/Page_Local Moodle Log in to the site/button_Log in' is clicked on

2022-01-18 00:05:09 - [MESSAGE][PASSED] - Object: 'Object Repository/Teacher creates announcements/Page_Local Moodle Log in to the site/button_Log in' is clicked on

2022-01-18 00:05:09 - [TEST_STEP][PASSED] - click(findTestObject("Teacher creates announcements/Page_New Moodle Site/span_Trang ch h thng")): Object: 'Object Repository/Teacher creates announcements/Page_New Moodle Site/span_Trang ch h thng' is clicked on

2022-01-18 00:05:12 - [MESSAGE][PASSED] - Object: 'Object Repository/Teacher creates announcements/Page_New Moodle Site/span_Trang ch h thng' is clicked on

2022-01-18 00:05:12 - [TEST_STEP][PASSED] - click(findTestObject("Teacher creates announcements/Page_New Moodle Site/a_Test View Grade")): Object: 'Object Repository/Teacher creates announcements/Page_New Moodle Site/a_Test View Grade' is clicked on

2022-01-18 00:05:14 - [MESSAGE][PASSED] - Object: 'Object Repository/Teacher creates announcements/Page_New Moodle Site/a_Test View Grade' is clicked on

2022-01-18 00:05:14 - [TEST_STEP][PASSED] - click(findTestObject("Object Repository/Teacher creates announcements/Page_Kha Nhp mn Cng ngh phn mm/span_Cc thng bo Din n")): Object: 'Object Repository/Teacher creates announcements/Page_Kha Nhp mn Cng ngh phn mm/span_Cc thng bo Din n' is clicked on

2022-01-18 00:05:20 - [MESSAGE][INFO] - Unable to find the element located by 'By.xpath: //li[@id='module-1']/div/div/div[2]/div/a/span'. Please recheck the objects properties to make sure the desired element is located. 

2022-01-18 00:05:20 - [MESSAGE][WARNING] - [SELF-HEALING] Failed to find element with id 'Object Repository/Teacher creates announcements/Page_Kha Nhp mn Cng ngh phn mm/span_Cc thng bo Din n'. Try using Self-healing.

2022-01-18 00:05:21 - [MESSAGE][WARNING] - [SELF-HEALING] The current locator of test object 'Object Repository/Teacher creates announcements/Page_Kha Nhp mn Cng ngh phn mm/span_Cc thng bo Din n' was broken. Propose an alternative one: '(.//*[normalize-space(text()) and normalize-space(.)='Chung'])[2]/following::span[1]'.

2022-01-18 00:05:22 - [MESSAGE][PASSED] - Object: 'Object Repository/Teacher creates announcements/Page_Kha Nhp mn Cng ngh phn mm/span_Cc thng bo Din n' is clicked on

2022-01-18 00:05:22 - [TEST_STEP][PASSED] - verifyElementClickable(findTestObject("Object Repository/Teacher creates announcements/Page_Cc thng bo/a_Thng bo dng bullet")): Object 'Object Repository/Teacher creates announcements/Page_Cc thng bo/a_Thng bo dng bullet' is clickable

2022-01-18 00:05:28 - [MESSAGE][INFO] - Unable to find the element located by 'By.xpath: //div[@id='discussion-list-61d445810a3f561d44580e891d21']/table/tbody/tr/th/div/a'. Please recheck the objects properties to make sure the desired element is located. 

2022-01-18 00:05:28 - [MESSAGE][WARNING] - [SELF-HEALING] Failed to find element with id 'Object Repository/Teacher creates announcements/Page_Cc thng bo/a_Thng bo dng bullet'. Try using Self-healing.

2022-01-18 00:05:28 - [MESSAGE][WARNING] - [SELF-HEALING] The current locator of test object 'Object Repository/Teacher creates announcements/Page_Cc thng bo/a_Thng bo dng bullet' was broken. Propose an alternative one: '//a[contains(text(),'Thông báo dạng bullet')]'.

2022-01-18 00:05:28 - [MESSAGE][PASSED] - Object 'Object Repository/Teacher creates announcements/Page_Cc thng bo/a_Thng bo dng bullet' is clickable

2022-01-18 00:05:28 - [TEST_STEP][PASSED] - click(findTestObject("Object Repository/Teacher creates announcements/Page_Cc thng bo/a_Thng bo dng bullet")): Object: 'Object Repository/Teacher creates announcements/Page_Cc thng bo/a_Thng bo dng bullet' is clicked on

2022-01-18 00:05:35 - [MESSAGE][INFO] - Unable to find the element located by 'By.xpath: //div[@id='discussion-list-61d445810a3f561d44580e891d21']/table/tbody/tr/th/div/a'. Please recheck the objects properties to make sure the desired element is located. 

2022-01-18 00:05:35 - [MESSAGE][WARNING] - [SELF-HEALING] Failed to find element with id 'Object Repository/Teacher creates announcements/Page_Cc thng bo/a_Thng bo dng bullet'. Try using Self-healing.

2022-01-18 00:05:35 - [MESSAGE][WARNING] - [SELF-HEALING] The current locator of test object 'Object Repository/Teacher creates announcements/Page_Cc thng bo/a_Thng bo dng bullet' was broken. Propose an alternative one: '//a[contains(text(),'Thông báo dạng bullet')]'.

2022-01-18 00:05:36 - [MESSAGE][PASSED] - Object: 'Object Repository/Teacher creates announcements/Page_Cc thng bo/a_Thng bo dng bullet' is clicked on

2022-01-18 00:05:36 - [TEST_STEP][PASSED] - verifyElementText(findTestObject("Object Repository/Teacher creates announcements/Page_NM CNPM Thng bo dng bullet/h3_Thng bo dng bullet"), "Thông báo dạng bullet"): Actual text and expected text of test object 'Object Repository/Teacher creates announcements/Page_NM CNPM Thng bo dng bullet/h3_Thng bo dng bullet' are matched.

2022-01-18 00:05:36 - [MESSAGE][PASSED] - Actual text and expected text of test object 'Object Repository/Teacher creates announcements/Page_NM CNPM Thng bo dng bullet/h3_Thng bo dng bullet' are matched.

2022-01-18 00:05:36 - [TEST_STEP][PASSED] - closeBrowser(): Browser is closed

2022-01-18 00:05:38 - [MESSAGE][PASSED] - Browser is closed]]></system-out>
         <system-err><![CDATA[]]></system-err>
      </testcase>
      <testcase name="Test Cases/Teacher creates announcements/Teacher create a new announcement" time="88.687" classname="Test Cases/Teacher creates announcements/Teacher create a new announcement" status="PASSED">
         <system-out><![CDATA[2022-01-18 00:05:38 - [TEST_CASE][PASSED] - Test Cases/Teacher creates announcements/Teacher create a new announcement: Test Cases/Teacher creates announcements/Teacher create a new announcement

2022-01-18 00:05:39 - [TEST_STEP][PASSED] - openBrowser(""): Browser is opened with url: ''

2022-01-18 00:05:39 - [MESSAGE][INFO] - Starting 'Edge Chromium' driver

2022-01-18 00:05:41 - [MESSAGE][INFO] - Action delay is set to 0 milliseconds

2022-01-18 00:05:43 - [MESSAGE][PASSED] - Browser is opened with url: ''

2022-01-18 00:05:43 - [TEST_STEP][PASSED] - navigateToUrl("http://localhost/"): Navigate to 'http://localhost/' successfully

2022-01-18 00:05:44 - [MESSAGE][PASSED] - Navigate to 'http://localhost/' successfully

2022-01-18 00:05:44 - [TEST_STEP][PASSED] - click(findTestObject("Object Repository/Teacher creates announcements/Page_Local Moodle/a_Log in")): Object: 'Object Repository/Teacher creates announcements/Page_Local Moodle/a_Log in' is clicked on

2022-01-18 00:05:46 - [MESSAGE][PASSED] - Object: 'Object Repository/Teacher creates announcements/Page_Local Moodle/a_Log in' is clicked on

2022-01-18 00:05:46 - [TEST_STEP][PASSED] - click(findTestObject("Object Repository/Teacher creates announcements/Page_Local Moodle Log in to the site/form_document.getElementById(anchor).value _70e5d4")): Object: 'Object Repository/Teacher creates announcements/Page_Local Moodle Log in to the site/form_document.getElementById(anchor).value _70e5d4' is clicked on

2022-01-18 00:05:46 - [MESSAGE][PASSED] - Object: 'Object Repository/Teacher creates announcements/Page_Local Moodle Log in to the site/form_document.getElementById(anchor).value _70e5d4' is clicked on

2022-01-18 00:05:46 - [TEST_STEP][PASSED] - setText(findTestObject("Object Repository/Teacher creates announcements/Page_Local Moodle Log in to the site/input_Username_username"), "lcbinh"): Text 'lcbinh' is set on object 'Object Repository/Teacher creates announcements/Page_Local Moodle Log in to the site/input_Username_username'

2022-01-18 00:05:47 - [MESSAGE][PASSED] - Text 'lcbinh' is set on object 'Object Repository/Teacher creates announcements/Page_Local Moodle Log in to the site/input_Username_username'

2022-01-18 00:05:47 - [TEST_STEP][PASSED] - setEncryptedText(findTestObject("Object Repository/Teacher creates announcements/Page_Local Moodle Log in to the site/input_Password_password"), "o5TCnEIIWq0Pz0TkrK1a2rpuWvRKVWz2"): Text ****** has been set on object 'Object Repository/Teacher creates announcements/Page_Local Moodle Log in to the site/input_Password_password'

2022-01-18 00:05:48 - [MESSAGE][PASSED] - Text ****** has been set on object 'Object Repository/Teacher creates announcements/Page_Local Moodle Log in to the site/input_Password_password'

2022-01-18 00:05:48 - [TEST_STEP][PASSED] - click(findTestObject("Object Repository/Teacher creates announcements/Page_Local Moodle Log in to the site/button_Log in")): Object: 'Object Repository/Teacher creates announcements/Page_Local Moodle Log in to the site/button_Log in' is clicked on

2022-01-18 00:05:51 - [MESSAGE][PASSED] - Object: 'Object Repository/Teacher creates announcements/Page_Local Moodle Log in to the site/button_Log in' is clicked on

2022-01-18 00:05:51 - [TEST_STEP][PASSED] - verifyElementClickable(findTestObject("Object Repository/Teacher creates announcements/Page_Nh ca ti/span_Nhp mn Cng ngh phn mm")): Object 'Object Repository/Teacher creates announcements/Page_Nh ca ti/span_Nhp mn Cng ngh phn mm' is clickable

2022-01-18 00:05:58 - [MESSAGE][INFO] - Unable to find the element located by 'By.xpath: //div[@id='course-info-container-2-4']/div/div/a/span[3]'. Please recheck the objects properties to make sure the desired element is located. 

2022-01-18 00:05:58 - [MESSAGE][WARNING] - [SELF-HEALING] Failed to find element with id 'Object Repository/Teacher creates announcements/Page_Nh ca ti/span_Nhp mn Cng ngh phn mm'. Try using Self-healing.

2022-01-18 00:05:58 - [MESSAGE][WARNING] - [SELF-HEALING] The current locator of test object 'Object Repository/Teacher creates announcements/Page_Nh ca ti/span_Nhp mn Cng ngh phn mm' was broken. Propose an alternative one: '(.//*[normalize-space(text()) and normalize-space(.)='Tên khóa học'])[1]/following::span[1]'.

2022-01-18 00:05:59 - [MESSAGE][PASSED] - Object 'Object Repository/Teacher creates announcements/Page_Nh ca ti/span_Nhp mn Cng ngh phn mm' is clickable

2022-01-18 00:05:59 - [TEST_STEP][PASSED] - click(findTestObject("Object Repository/Teacher creates announcements/Page_Nh ca ti/span_Nhp mn Cng ngh phn mm")): Object: 'Object Repository/Teacher creates announcements/Page_Nh ca ti/span_Nhp mn Cng ngh phn mm' is clicked on

2022-01-18 00:06:05 - [MESSAGE][INFO] - Unable to find the element located by 'By.xpath: //div[@id='course-info-container-2-4']/div/div/a/span[3]'. Please recheck the objects properties to make sure the desired element is located. 

2022-01-18 00:06:05 - [MESSAGE][WARNING] - [SELF-HEALING] Failed to find element with id 'Object Repository/Teacher creates announcements/Page_Nh ca ti/span_Nhp mn Cng ngh phn mm'. Try using Self-healing.

2022-01-18 00:06:05 - [MESSAGE][WARNING] - [SELF-HEALING] The current locator of test object 'Object Repository/Teacher creates announcements/Page_Nh ca ti/span_Nhp mn Cng ngh phn mm' was broken. Propose an alternative one: '(.//*[normalize-space(text()) and normalize-space(.)='Tên khóa học'])[1]/following::span[1]'.

2022-01-18 00:06:06 - [MESSAGE][PASSED] - Object: 'Object Repository/Teacher creates announcements/Page_Nh ca ti/span_Nhp mn Cng ngh phn mm' is clicked on

2022-01-18 00:06:06 - [TEST_STEP][PASSED] - verifyElementClickable(findTestObject("Object Repository/Teacher creates announcements/Page_Kha Nhp mn Cng ngh phn mm/span_Cc thng bo Din n")): Object 'Object Repository/Teacher creates announcements/Page_Kha Nhp mn Cng ngh phn mm/span_Cc thng bo Din n' is clickable

2022-01-18 00:06:13 - [MESSAGE][INFO] - Unable to find the element located by 'By.xpath: //li[@id='module-1']/div/div/div[2]/div/a/span'. Please recheck the objects properties to make sure the desired element is located. 

2022-01-18 00:06:13 - [MESSAGE][WARNING] - [SELF-HEALING] Failed to find element with id 'Object Repository/Teacher creates announcements/Page_Kha Nhp mn Cng ngh phn mm/span_Cc thng bo Din n'. Try using Self-healing.

2022-01-18 00:06:13 - [MESSAGE][WARNING] - [SELF-HEALING] The current locator of test object 'Object Repository/Teacher creates announcements/Page_Kha Nhp mn Cng ngh phn mm/span_Cc thng bo Din n' was broken. Propose an alternative one: '(.//*[normalize-space(text()) and normalize-space(.)='Chung'])[2]/following::span[1]'.

2022-01-18 00:06:13 - [MESSAGE][PASSED] - Object 'Object Repository/Teacher creates announcements/Page_Kha Nhp mn Cng ngh phn mm/span_Cc thng bo Din n' is clickable

2022-01-18 00:06:13 - [TEST_STEP][PASSED] - click(findTestObject("Object Repository/Teacher creates announcements/Page_Kha Nhp mn Cng ngh phn mm/span_Cc thng bo Din n")): Object: 'Object Repository/Teacher creates announcements/Page_Kha Nhp mn Cng ngh phn mm/span_Cc thng bo Din n' is clicked on

2022-01-18 00:06:19 - [MESSAGE][INFO] - Unable to find the element located by 'By.xpath: //li[@id='module-1']/div/div/div[2]/div/a/span'. Please recheck the objects properties to make sure the desired element is located. 

2022-01-18 00:06:19 - [MESSAGE][WARNING] - [SELF-HEALING] Failed to find element with id 'Object Repository/Teacher creates announcements/Page_Kha Nhp mn Cng ngh phn mm/span_Cc thng bo Din n'. Try using Self-healing.

2022-01-18 00:06:20 - [MESSAGE][WARNING] - [SELF-HEALING] The current locator of test object 'Object Repository/Teacher creates announcements/Page_Kha Nhp mn Cng ngh phn mm/span_Cc thng bo Din n' was broken. Propose an alternative one: '(.//*[normalize-space(text()) and normalize-space(.)='Chung'])[2]/following::span[1]'.

2022-01-18 00:06:22 - [MESSAGE][PASSED] - Object: 'Object Repository/Teacher creates announcements/Page_Kha Nhp mn Cng ngh phn mm/span_Cc thng bo Din n' is clicked on

2022-01-18 00:06:22 - [TEST_STEP][PASSED] - verifyElementClickable(findTestObject("Object Repository/Teacher creates announcements/Page_Cc thng bo/a_Thm mt ch  mi")): Object 'Object Repository/Teacher creates announcements/Page_Cc thng bo/a_Thm mt ch  mi' is clickable

2022-01-18 00:06:28 - [MESSAGE][INFO] - Unable to find the element located by 'By.xpath: //a[@id='yui_3_17_2_1_1641377104026_492']'. Please recheck the objects properties to make sure the desired element is located. 

2022-01-18 00:06:28 - [MESSAGE][WARNING] - [SELF-HEALING] Failed to find element with id 'Object Repository/Teacher creates announcements/Page_Cc thng bo/a_Thm mt ch  mi'. Try using Self-healing.

2022-01-18 00:06:29 - [MESSAGE][WARNING] - [SELF-HEALING] The current locator of test object 'Object Repository/Teacher creates announcements/Page_Cc thng bo/a_Thm mt ch  mi' was broken. Propose an alternative one: '//a[contains(text(),'Thêm một chủ đề mới')]'.

2022-01-18 00:06:29 - [MESSAGE][PASSED] - Object 'Object Repository/Teacher creates announcements/Page_Cc thng bo/a_Thm mt ch  mi' is clickable

2022-01-18 00:06:29 - [TEST_STEP][PASSED] - click(findTestObject("Object Repository/Teacher creates announcements/Page_Cc thng bo/a_Thm mt ch  mi")): Object: 'Object Repository/Teacher creates announcements/Page_Cc thng bo/a_Thm mt ch  mi' is clicked on

2022-01-18 00:06:35 - [MESSAGE][INFO] - Unable to find the element located by 'By.xpath: //a[@id='yui_3_17_2_1_1641377104026_492']'. Please recheck the objects properties to make sure the desired element is located. 

2022-01-18 00:06:35 - [MESSAGE][WARNING] - [SELF-HEALING] Failed to find element with id 'Object Repository/Teacher creates announcements/Page_Cc thng bo/a_Thm mt ch  mi'. Try using Self-healing.

2022-01-18 00:06:35 - [MESSAGE][WARNING] - [SELF-HEALING] The current locator of test object 'Object Repository/Teacher creates announcements/Page_Cc thng bo/a_Thm mt ch  mi' was broken. Propose an alternative one: '//a[contains(text(),'Thêm một chủ đề mới')]'.

2022-01-18 00:06:36 - [MESSAGE][PASSED] - Object: 'Object Repository/Teacher creates announcements/Page_Cc thng bo/a_Thm mt ch  mi' is clicked on

2022-01-18 00:06:36 - [TEST_STEP][PASSED] - setText(findTestObject("Object Repository/Teacher creates announcements/Page_Cc thng bo/input_Tiu_subject"), "Thông báo mới"): Text 'Thông báo mới' is set on object 'Object Repository/Teacher creates announcements/Page_Cc thng bo/input_Tiu_subject'

2022-01-18 00:06:37 - [MESSAGE][PASSED] - Text 'Thông báo mới' is set on object 'Object Repository/Teacher creates announcements/Page_Cc thng bo/input_Tiu_subject'

2022-01-18 00:06:37 - [TEST_STEP][PASSED] - setText(findTestObject("Object Repository/Teacher creates announcements/Page_Cc thng bo/div_Hello world"), "<p dir="ltr" style="text-align: left;">Hello world</p>"): Text '<p dir="ltr" style="text-align: left;">Hello world</p>' is set on object 'Object Repository/Teacher creates announcements/Page_Cc thng bo/div_Hello world'

2022-01-18 00:06:38 - [MESSAGE][PASSED] - Text '<p dir="ltr" style="text-align: left;">Hello world</p>' is set on object 'Object Repository/Teacher creates announcements/Page_Cc thng bo/div_Hello world'

2022-01-18 00:06:38 - [TEST_STEP][PASSED] - verifyElementClickable(findTestObject("Object Repository/Teacher creates announcements/Page_Cc thng bo/input_Ni dung_submitbutton")): Object 'Object Repository/Teacher creates announcements/Page_Cc thng bo/input_Ni dung_submitbutton' is clickable

2022-01-18 00:06:39 - [MESSAGE][PASSED] - Object 'Object Repository/Teacher creates announcements/Page_Cc thng bo/input_Ni dung_submitbutton' is clickable

2022-01-18 00:06:39 - [TEST_STEP][PASSED] - click(findTestObject("Object Repository/Teacher creates announcements/Page_Cc thng bo/input_Ni dung_submitbutton")): Object: 'Object Repository/Teacher creates announcements/Page_Cc thng bo/input_Ni dung_submitbutton' is clicked on

2022-01-18 00:06:42 - [MESSAGE][PASSED] - Object: 'Object Repository/Teacher creates announcements/Page_Cc thng bo/input_Ni dung_submitbutton' is clicked on

2022-01-18 00:06:42 - [TEST_STEP][PASSED] - verifyElementText(findTestObject("Object Repository/Teacher creates announcements/Page_Cc thng bo/a_Thng bo mi"), "Thông báo mới"): Actual text and expected text of test object 'Object Repository/Teacher creates announcements/Page_Cc thng bo/a_Thng bo mi' are matched.

2022-01-18 00:06:49 - [MESSAGE][INFO] - Unable to find the element located by 'By.xpath: //a[@id='yui_3_17_2_1_1641377142667_495']'. Please recheck the objects properties to make sure the desired element is located. 

2022-01-18 00:06:49 - [MESSAGE][WARNING] - [SELF-HEALING] Failed to find element with id 'Object Repository/Teacher creates announcements/Page_Cc thng bo/a_Thng bo mi'. Try using Self-healing.

2022-01-18 00:06:49 - [MESSAGE][WARNING] - [SELF-HEALING] The current locator of test object 'Object Repository/Teacher creates announcements/Page_Cc thng bo/a_Thng bo mi' was broken. Propose an alternative one: '//a[contains(text(),'Thông báo mới')]'.

2022-01-18 00:06:49 - [MESSAGE][PASSED] - Actual text and expected text of test object 'Object Repository/Teacher creates announcements/Page_Cc thng bo/a_Thng bo mi' are matched.

2022-01-18 00:06:49 - [TEST_STEP][PASSED] - verifyElementClickable(findTestObject("Object Repository/Teacher creates announcements/Page_Cc thng bo/a_Thng bo mi")): Object 'Object Repository/Teacher creates announcements/Page_Cc thng bo/a_Thng bo mi' is clickable

2022-01-18 00:06:55 - [MESSAGE][INFO] - Unable to find the element located by 'By.xpath: //a[@id='yui_3_17_2_1_1641377142667_495']'. Please recheck the objects properties to make sure the desired element is located. 

2022-01-18 00:06:55 - [MESSAGE][WARNING] - [SELF-HEALING] Failed to find element with id 'Object Repository/Teacher creates announcements/Page_Cc thng bo/a_Thng bo mi'. Try using Self-healing.

2022-01-18 00:06:56 - [MESSAGE][WARNING] - [SELF-HEALING] The current locator of test object 'Object Repository/Teacher creates announcements/Page_Cc thng bo/a_Thng bo mi' was broken. Propose an alternative one: '//a[contains(text(),'Thông báo mới')]'.

2022-01-18 00:06:56 - [MESSAGE][PASSED] - Object 'Object Repository/Teacher creates announcements/Page_Cc thng bo/a_Thng bo mi' is clickable

2022-01-18 00:06:56 - [TEST_STEP][PASSED] - click(findTestObject("Object Repository/Teacher creates announcements/Page_Cc thng bo/a_Thng bo mi")): Object: 'Object Repository/Teacher creates announcements/Page_Cc thng bo/a_Thng bo mi' is clicked on

2022-01-18 00:07:02 - [MESSAGE][INFO] - Unable to find the element located by 'By.xpath: //a[@id='yui_3_17_2_1_1641377142667_495']'. Please recheck the objects properties to make sure the desired element is located. 

2022-01-18 00:07:02 - [MESSAGE][WARNING] - [SELF-HEALING] Failed to find element with id 'Object Repository/Teacher creates announcements/Page_Cc thng bo/a_Thng bo mi'. Try using Self-healing.

2022-01-18 00:07:03 - [MESSAGE][WARNING] - [SELF-HEALING] The current locator of test object 'Object Repository/Teacher creates announcements/Page_Cc thng bo/a_Thng bo mi' was broken. Propose an alternative one: '//a[contains(text(),'Thông báo mới')]'.

2022-01-18 00:07:04 - [MESSAGE][PASSED] - Object: 'Object Repository/Teacher creates announcements/Page_Cc thng bo/a_Thng bo mi' is clicked on

2022-01-18 00:07:04 - [TEST_STEP][PASSED] - verifyElementText(findTestObject("Object Repository/Teacher creates announcements/Page_NM CNPM Thng bo mi/h3_Thng bo mi"), "Thông báo mới"): Actual text and expected text of test object 'Object Repository/Teacher creates announcements/Page_NM CNPM Thng bo mi/h3_Thng bo mi' are matched.

2022-01-18 00:07:05 - [MESSAGE][PASSED] - Actual text and expected text of test object 'Object Repository/Teacher creates announcements/Page_NM CNPM Thng bo mi/h3_Thng bo mi' are matched.

2022-01-18 00:07:05 - [TEST_STEP][PASSED] - closeBrowser(): Browser is closed

2022-01-18 00:07:06 - [MESSAGE][PASSED] - Browser is closed]]></system-out>
         <system-err><![CDATA[]]></system-err>
      </testcase>
      <testcase name="Test Cases/Teacher creates announcements/Teacher edit announcement" time="100.115" classname="Test Cases/Teacher creates announcements/Teacher edit announcement" status="PASSED">
         <system-out><![CDATA[2022-01-18 00:07:06 - [TEST_CASE][PASSED] - Test Cases/Teacher creates announcements/Teacher edit announcement: Test Cases/Teacher creates announcements/Teacher edit announcement

2022-01-18 00:07:08 - [TEST_STEP][PASSED] - openBrowser(""): Browser is opened with url: ''

2022-01-18 00:07:08 - [MESSAGE][INFO] - Starting 'Edge Chromium' driver

2022-01-18 00:07:10 - [MESSAGE][INFO] - Action delay is set to 0 milliseconds

2022-01-18 00:07:11 - [MESSAGE][PASSED] - Browser is opened with url: ''

2022-01-18 00:07:11 - [TEST_STEP][PASSED] - navigateToUrl("http://localhost/"): Navigate to 'http://localhost/' successfully

2022-01-18 00:07:14 - [MESSAGE][PASSED] - Navigate to 'http://localhost/' successfully

2022-01-18 00:07:14 - [TEST_STEP][PASSED] - click(findTestObject("Object Repository/Teacher creates announcements/Page_Local Moodle/a_Log in")): Object: 'Object Repository/Teacher creates announcements/Page_Local Moodle/a_Log in' is clicked on

2022-01-18 00:07:16 - [MESSAGE][PASSED] - Object: 'Object Repository/Teacher creates announcements/Page_Local Moodle/a_Log in' is clicked on

2022-01-18 00:07:16 - [TEST_STEP][PASSED] - setText(findTestObject("Object Repository/Teacher creates announcements/Page_Local Moodle Log in to the site/input_Username_username"), "lcbinh"): Text 'lcbinh' is set on object 'Object Repository/Teacher creates announcements/Page_Local Moodle Log in to the site/input_Username_username'

2022-01-18 00:07:17 - [MESSAGE][PASSED] - Text 'lcbinh' is set on object 'Object Repository/Teacher creates announcements/Page_Local Moodle Log in to the site/input_Username_username'

2022-01-18 00:07:17 - [TEST_STEP][PASSED] - setEncryptedText(findTestObject("Object Repository/Teacher creates announcements/Page_Local Moodle Log in to the site/input_Password_password"), "o5TCnEIIWq0Pz0TkrK1a2rpuWvRKVWz2"): Text ****** has been set on object 'Object Repository/Teacher creates announcements/Page_Local Moodle Log in to the site/input_Password_password'

2022-01-18 00:07:18 - [MESSAGE][PASSED] - Text ****** has been set on object 'Object Repository/Teacher creates announcements/Page_Local Moodle Log in to the site/input_Password_password'

2022-01-18 00:07:18 - [TEST_STEP][PASSED] - click(findTestObject("Object Repository/Teacher creates announcements/Page_Local Moodle Log in to the site/button_Log in")): Object: 'Object Repository/Teacher creates announcements/Page_Local Moodle Log in to the site/button_Log in' is clicked on

2022-01-18 00:07:21 - [MESSAGE][PASSED] - Object: 'Object Repository/Teacher creates announcements/Page_Local Moodle Log in to the site/button_Log in' is clicked on

2022-01-18 00:07:21 - [TEST_STEP][PASSED] - click(findTestObject("Teacher creates announcements/Page_New Moodle Site/span_Trang ch h thng")): Object: 'Object Repository/Teacher creates announcements/Page_New Moodle Site/span_Trang ch h thng' is clicked on

2022-01-18 00:07:25 - [MESSAGE][PASSED] - Object: 'Object Repository/Teacher creates announcements/Page_New Moodle Site/span_Trang ch h thng' is clicked on

2022-01-18 00:07:25 - [TEST_STEP][PASSED] - click(findTestObject("Teacher creates announcements/Page_New Moodle Site/a_Test View Grade")): Object: 'Object Repository/Teacher creates announcements/Page_New Moodle Site/a_Test View Grade' is clicked on

2022-01-18 00:07:26 - [MESSAGE][PASSED] - Object: 'Object Repository/Teacher creates announcements/Page_New Moodle Site/a_Test View Grade' is clicked on

2022-01-18 00:07:26 - [TEST_STEP][PASSED] - click(findTestObject("Object Repository/Teacher creates announcements/Page_Kha Nhp mn Cng ngh phn mm/span_Cc thng bo Din n")): Object: 'Object Repository/Teacher creates announcements/Page_Kha Nhp mn Cng ngh phn mm/span_Cc thng bo Din n' is clicked on

2022-01-18 00:07:33 - [MESSAGE][INFO] - Unable to find the element located by 'By.xpath: //li[@id='module-1']/div/div/div[2]/div/a/span'. Please recheck the objects properties to make sure the desired element is located. 

2022-01-18 00:07:33 - [MESSAGE][WARNING] - [SELF-HEALING] Failed to find element with id 'Object Repository/Teacher creates announcements/Page_Kha Nhp mn Cng ngh phn mm/span_Cc thng bo Din n'. Try using Self-healing.

2022-01-18 00:07:33 - [MESSAGE][WARNING] - [SELF-HEALING] The current locator of test object 'Object Repository/Teacher creates announcements/Page_Kha Nhp mn Cng ngh phn mm/span_Cc thng bo Din n' was broken. Propose an alternative one: '(.//*[normalize-space(text()) and normalize-space(.)='Chung'])[2]/following::span[1]'.

2022-01-18 00:07:36 - [MESSAGE][PASSED] - Object: 'Object Repository/Teacher creates announcements/Page_Kha Nhp mn Cng ngh phn mm/span_Cc thng bo Din n' is clicked on

2022-01-18 00:07:36 - [TEST_STEP][PASSED] - click(findTestObject("Object Repository/Teacher creates announcements/Page_Cc thng bo/a_Thng bo  c cp nht")): Object: 'Object Repository/Teacher creates announcements/Page_Cc thng bo/a_Thng bo  c cp nht' is clicked on

2022-01-18 00:07:42 - [MESSAGE][INFO] - Unable to find the element located by 'By.xpath: //a[@id='yui_3_17_2_1_1641300376051_496']'. Please recheck the objects properties to make sure the desired element is located. 

2022-01-18 00:07:42 - [MESSAGE][WARNING] - [SELF-HEALING] Failed to find element with id 'Object Repository/Teacher creates announcements/Page_Cc thng bo/a_Thng bo  c cp nht'. Try using Self-healing.

2022-01-18 00:07:43 - [MESSAGE][WARNING] - [SELF-HEALING] The current locator of test object 'Object Repository/Teacher creates announcements/Page_Cc thng bo/a_Thng bo  c cp nht' was broken. Propose an alternative one: '(.//*[normalize-space(text()) and normalize-space(.)='Công Bình Lê'])[2]/preceding::a[1]'.

2022-01-18 00:07:45 - [MESSAGE][PASSED] - Object: 'Object Repository/Teacher creates announcements/Page_Cc thng bo/a_Thng bo  c cp nht' is clicked on

2022-01-18 00:07:45 - [TEST_STEP][PASSED] - verifyElementClickable(findTestObject("Object Repository/Teacher creates announcements/Page_NM CNPM Thng bo  c cp nht/a_Chnh sa")): Object 'Object Repository/Teacher creates announcements/Page_NM CNPM Thng bo  c cp nht/a_Chnh sa' is clickable

2022-01-18 00:07:51 - [MESSAGE][INFO] - Unable to find the element located by 'By.xpath: //article[@id='p10']/div/div/div/div[2]/div[2]/div/a[2]'. Please recheck the objects properties to make sure the desired element is located. 

2022-01-18 00:07:51 - [MESSAGE][WARNING] - [SELF-HEALING] Failed to find element with id 'Object Repository/Teacher creates announcements/Page_NM CNPM Thng bo  c cp nht/a_Chnh sa'. Try using Self-healing.

2022-01-18 00:07:52 - [MESSAGE][WARNING] - [SELF-HEALING] The current locator of test object 'Object Repository/Teacher creates announcements/Page_NM CNPM Thng bo  c cp nht/a_Chnh sa' was broken. Propose an alternative one: '//div[2]/div/a[2]'.

2022-01-18 00:07:52 - [MESSAGE][PASSED] - Object 'Object Repository/Teacher creates announcements/Page_NM CNPM Thng bo  c cp nht/a_Chnh sa' is clickable

2022-01-18 00:07:52 - [TEST_STEP][PASSED] - click(findTestObject("Object Repository/Teacher creates announcements/Page_NM CNPM Thng bo  c cp nht/a_Chnh sa")): Object: 'Object Repository/Teacher creates announcements/Page_NM CNPM Thng bo  c cp nht/a_Chnh sa' is clicked on

2022-01-18 00:07:58 - [MESSAGE][INFO] - Unable to find the element located by 'By.xpath: //article[@id='p10']/div/div/div/div[2]/div[2]/div/a[2]'. Please recheck the objects properties to make sure the desired element is located. 

2022-01-18 00:07:58 - [MESSAGE][WARNING] - [SELF-HEALING] Failed to find element with id 'Object Repository/Teacher creates announcements/Page_NM CNPM Thng bo  c cp nht/a_Chnh sa'. Try using Self-healing.

2022-01-18 00:07:59 - [MESSAGE][WARNING] - [SELF-HEALING] The current locator of test object 'Object Repository/Teacher creates announcements/Page_NM CNPM Thng bo  c cp nht/a_Chnh sa' was broken. Propose an alternative one: '//div[2]/div/a[2]'.

2022-01-18 00:08:02 - [MESSAGE][PASSED] - Object: 'Object Repository/Teacher creates announcements/Page_NM CNPM Thng bo  c cp nht/a_Chnh sa' is clicked on

2022-01-18 00:08:02 - [TEST_STEP][PASSED] - setText(findTestObject("Object Repository/Teacher creates announcements/Page_NM CNPM Thng bo  c cp nht Thng bo  c cp nht/input_Tiu_subject"), "Thông báo đã được chỉnh sửa"): Text 'Thông báo đã được chỉnh sửa' is set on object 'Object Repository/Teacher creates announcements/Page_NM CNPM Thng bo  c cp nht Thng bo  c cp nht/input_Tiu_subject'

2022-01-18 00:08:04 - [MESSAGE][PASSED] - Text 'Thông báo đã được chỉnh sửa' is set on object 'Object Repository/Teacher creates announcements/Page_NM CNPM Thng bo  c cp nht Thng bo  c cp nht/input_Tiu_subject'

2022-01-18 00:08:04 - [TEST_STEP][PASSED] - verifyElementClickable(findTestObject("Object Repository/Teacher creates announcements/Page_NM CNPM Thng bo  c cp nht Thng bo  c cp nht/input__submitbutton")): Object 'Object Repository/Teacher creates announcements/Page_NM CNPM Thng bo  c cp nht Thng bo  c cp nht/input__submitbutton' is clickable

2022-01-18 00:08:04 - [MESSAGE][PASSED] - Object 'Object Repository/Teacher creates announcements/Page_NM CNPM Thng bo  c cp nht Thng bo  c cp nht/input__submitbutton' is clickable

2022-01-18 00:08:04 - [TEST_STEP][PASSED] - click(findTestObject("Object Repository/Teacher creates announcements/Page_NM CNPM Thng bo  c cp nht Thng bo  c cp nht/input__submitbutton")): Object: 'Object Repository/Teacher creates announcements/Page_NM CNPM Thng bo  c cp nht Thng bo  c cp nht/input__submitbutton' is clicked on

2022-01-18 00:08:07 - [MESSAGE][PASSED] - Object: 'Object Repository/Teacher creates announcements/Page_NM CNPM Thng bo  c cp nht Thng bo  c cp nht/input__submitbutton' is clicked on

2022-01-18 00:08:07 - [TEST_STEP][PASSED] - click(findTestObject("Object Repository/Teacher creates announcements/Page_NM CNPM Thng bo  c chnh sa/a_Cng Bnh L")): Object: 'Object Repository/Teacher creates announcements/Page_NM CNPM Thng bo  c chnh sa/a_Cng Bnh L' is clicked on

2022-01-18 00:08:08 - [MESSAGE][PASSED] - Object: 'Object Repository/Teacher creates announcements/Page_NM CNPM Thng bo  c chnh sa/a_Cng Bnh L' is clicked on

2022-01-18 00:08:08 - [TEST_STEP][PASSED] - click(findTestObject("Object Repository/Teacher creates announcements/Page_NM CNPM Thng bo  c chnh sa/a_Thot")): Object: 'Object Repository/Teacher creates announcements/Page_NM CNPM Thng bo  c chnh sa/a_Thot' is clicked on

2022-01-18 00:08:09 - [MESSAGE][PASSED] - Object: 'Object Repository/Teacher creates announcements/Page_NM CNPM Thng bo  c chnh sa/a_Thot' is clicked on

2022-01-18 00:08:09 - [TEST_STEP][PASSED] - click(findTestObject("Object Repository/Teacher creates announcements/Page_Local Moodle/a_Log in")): Object: 'Object Repository/Teacher creates announcements/Page_Local Moodle/a_Log in' is clicked on

2022-01-18 00:08:11 - [MESSAGE][PASSED] - Object: 'Object Repository/Teacher creates announcements/Page_Local Moodle/a_Log in' is clicked on

2022-01-18 00:08:11 - [TEST_STEP][PASSED] - setText(findTestObject("Object Repository/Teacher creates announcements/Page_New Moodle Site Log in to the site/input_Username_username"), "student3"): Text 'student3' is set on object 'Object Repository/Teacher creates announcements/Page_New Moodle Site Log in to the site/input_Username_username'

2022-01-18 00:08:12 - [MESSAGE][PASSED] - Text 'student3' is set on object 'Object Repository/Teacher creates announcements/Page_New Moodle Site Log in to the site/input_Username_username'

2022-01-18 00:08:12 - [TEST_STEP][PASSED] - setEncryptedText(findTestObject("Object Repository/Teacher creates announcements/Page_New Moodle Site Log in to the site/input_Password_password"), "cvW8qx4B2o1gIDzvWT+0mQ=="): Text ****** has been set on object 'Object Repository/Teacher creates announcements/Page_New Moodle Site Log in to the site/input_Password_password'

2022-01-18 00:08:13 - [MESSAGE][PASSED] - Text ****** has been set on object 'Object Repository/Teacher creates announcements/Page_New Moodle Site Log in to the site/input_Password_password'

2022-01-18 00:08:13 - [TEST_STEP][PASSED] - click(findTestObject("Object Repository/Teacher creates announcements/Page_Local Moodle Log in to the site/button_Log in")): Object: 'Object Repository/Teacher creates announcements/Page_Local Moodle Log in to the site/button_Log in' is clicked on

2022-01-18 00:08:16 - [MESSAGE][PASSED] - Object: 'Object Repository/Teacher creates announcements/Page_Local Moodle Log in to the site/button_Log in' is clicked on

2022-01-18 00:08:16 - [TEST_STEP][PASSED] - click(findTestObject("Teacher creates announcements/Page_New Moodle Site/span_Trang ch h thng")): Object: 'Object Repository/Teacher creates announcements/Page_New Moodle Site/span_Trang ch h thng' is clicked on

2022-01-18 00:08:20 - [MESSAGE][PASSED] - Object: 'Object Repository/Teacher creates announcements/Page_New Moodle Site/span_Trang ch h thng' is clicked on

2022-01-18 00:08:20 - [TEST_STEP][PASSED] - click(findTestObject("Teacher creates announcements/Page_New Moodle Site/a_Test View Grade")): Object: 'Object Repository/Teacher creates announcements/Page_New Moodle Site/a_Test View Grade' is clicked on

2022-01-18 00:08:22 - [MESSAGE][PASSED] - Object: 'Object Repository/Teacher creates announcements/Page_New Moodle Site/a_Test View Grade' is clicked on

2022-01-18 00:08:22 - [TEST_STEP][PASSED] - click(findTestObject("Object Repository/Teacher creates announcements/Page_Kha Nhp mn Cng ngh phn mm/span_Cc thng bo Din n")): Object: 'Object Repository/Teacher creates announcements/Page_Kha Nhp mn Cng ngh phn mm/span_Cc thng bo Din n' is clicked on

2022-01-18 00:08:28 - [MESSAGE][INFO] - Unable to find the element located by 'By.xpath: //li[@id='module-1']/div/div/div[2]/div/a/span'. Please recheck the objects properties to make sure the desired element is located. 

2022-01-18 00:08:28 - [MESSAGE][WARNING] - [SELF-HEALING] Failed to find element with id 'Object Repository/Teacher creates announcements/Page_Kha Nhp mn Cng ngh phn mm/span_Cc thng bo Din n'. Try using Self-healing.

2022-01-18 00:08:29 - [MESSAGE][WARNING] - [SELF-HEALING] The current locator of test object 'Object Repository/Teacher creates announcements/Page_Kha Nhp mn Cng ngh phn mm/span_Cc thng bo Din n' was broken. Propose an alternative one: '(.//*[normalize-space(text()) and normalize-space(.)='Chung'])[2]/following::span[1]'.

2022-01-18 00:08:30 - [MESSAGE][PASSED] - Object: 'Object Repository/Teacher creates announcements/Page_Kha Nhp mn Cng ngh phn mm/span_Cc thng bo Din n' is clicked on

2022-01-18 00:08:30 - [TEST_STEP][PASSED] - verifyElementText(findTestObject("Object Repository/Teacher creates announcements/Page_Cc thng bo/a_Thng bo  c chnh sa"), "Thông báo đã được chỉnh sửa"): Actual text and expected text of test object 'Object Repository/Teacher creates announcements/Page_Cc thng bo/a_Thng bo  c chnh sa' are matched.

2022-01-18 00:08:36 - [MESSAGE][INFO] - Unable to find the element located by 'By.xpath: //div[@id='discussion-list-61d441f130fca61d441f11bd8321']/table/tbody/tr/th/div/a'. Please recheck the objects properties to make sure the desired element is located. 

2022-01-18 00:08:36 - [MESSAGE][WARNING] - [SELF-HEALING] Failed to find element with id 'Object Repository/Teacher creates announcements/Page_Cc thng bo/a_Thng bo  c chnh sa'. Try using Self-healing.

2022-01-18 00:08:37 - [MESSAGE][WARNING] - [SELF-HEALING] The current locator of test object 'Object Repository/Teacher creates announcements/Page_Cc thng bo/a_Thng bo  c chnh sa' was broken. Propose an alternative one: '//a[contains(text(),'Thông báo đã được chỉnh sửa')]'.

2022-01-18 00:08:37 - [MESSAGE][PASSED] - Actual text and expected text of test object 'Object Repository/Teacher creates announcements/Page_Cc thng bo/a_Thng bo  c chnh sa' are matched.

2022-01-18 00:08:37 - [TEST_STEP][PASSED] - click(findTestObject("Object Repository/Teacher creates announcements/Page_Cc thng bo/a_Thng bo  c chnh sa")): Object: 'Object Repository/Teacher creates announcements/Page_Cc thng bo/a_Thng bo  c chnh sa' is clicked on

2022-01-18 00:08:43 - [MESSAGE][INFO] - Unable to find the element located by 'By.xpath: //div[@id='discussion-list-61d441f130fca61d441f11bd8321']/table/tbody/tr/th/div/a'. Please recheck the objects properties to make sure the desired element is located. 

2022-01-18 00:08:43 - [MESSAGE][WARNING] - [SELF-HEALING] Failed to find element with id 'Object Repository/Teacher creates announcements/Page_Cc thng bo/a_Thng bo  c chnh sa'. Try using Self-healing.

2022-01-18 00:08:44 - [MESSAGE][WARNING] - [SELF-HEALING] The current locator of test object 'Object Repository/Teacher creates announcements/Page_Cc thng bo/a_Thng bo  c chnh sa' was broken. Propose an alternative one: '//a[contains(text(),'Thông báo đã được chỉnh sửa')]'.

2022-01-18 00:08:45 - [MESSAGE][PASSED] - Object: 'Object Repository/Teacher creates announcements/Page_Cc thng bo/a_Thng bo  c chnh sa' is clicked on

2022-01-18 00:08:45 - [TEST_STEP][PASSED] - closeBrowser(): Browser is closed

2022-01-18 00:08:47 - [MESSAGE][PASSED] - Browser is closed]]></system-out>
         <system-err><![CDATA[]]></system-err>
      </testcase>
      <testcase name="Test Cases/Students answering question being overdue or on time/Answer choice question on time" time="257.021" classname="Test Cases/Students answering question being overdue or on time/Answer choice question on time" status="PASSED">
         <system-out><![CDATA[2022-01-18 00:08:47 - [TEST_CASE][PASSED] - Test Cases/Students answering question being overdue or on time/Answer choice question on time: Test Cases/Students answering question being overdue or on time/Answer choice question on time

2022-01-18 00:08:48 - [TEST_STEP][PASSED] - openBrowser(""): Browser is opened with url: ''

2022-01-18 00:08:48 - [MESSAGE][INFO] - Starting 'Edge Chromium' driver

2022-01-18 00:08:50 - [MESSAGE][INFO] - Action delay is set to 0 milliseconds

2022-01-18 00:08:52 - [MESSAGE][PASSED] - Browser is opened with url: ''

2022-01-18 00:08:52 - [TEST_STEP][PASSED] - navigateToUrl("http://localhost/"): Navigate to 'http://localhost/' successfully

2022-01-18 00:08:55 - [MESSAGE][PASSED] - Navigate to 'http://localhost/' successfully

2022-01-18 00:08:55 - [TEST_STEP][PASSED] - callTestCase(findTestCase("Utils/Create course CNPM"), [:], STOP_ON_FAILURE): Call Test Case 'Test Cases/Utils/Create course CNPM' successfully

2022-01-18 00:08:55 - [TEST_CASE][PASSED] - Test Cases/Utils/Create course CNPM: Test Cases/Utils/Create course CNPM

2022-01-18 00:08:57 - [TEST_STEP][PASSED] - callTestCase(findTestCase("Utils/Login as admin"), [:], STOP_ON_FAILURE): Call Test Case 'Test Cases/Utils/Login as admin' successfully

2022-01-18 00:08:57 - [TEST_CASE][PASSED] - Test Cases/Utils/Login as admin: Test Cases/Utils/Login as admin

2022-01-18 00:08:59 - [TEST_STEP][PASSED] - click(findTestObject("View course grade/Page_Local Moodle/a_Log in")): Object: 'Object Repository/View course grade/Page_Local Moodle/a_Log in' is clicked on

2022-01-18 00:09:02 - [MESSAGE][PASSED] - Object: 'Object Repository/View course grade/Page_Local Moodle/a_Log in' is clicked on

2022-01-18 00:09:02 - [TEST_STEP][PASSED] - setText(findTestObject("View course grade/Page_Local Moodle Log in to the site/input_Username_username"), "admin"): Text 'admin' is set on object 'Object Repository/View course grade/Page_Local Moodle Log in to the site/input_Username_username'

2022-01-18 00:09:03 - [MESSAGE][PASSED] - Text 'admin' is set on object 'Object Repository/View course grade/Page_Local Moodle Log in to the site/input_Username_username'

2022-01-18 00:09:03 - [TEST_STEP][PASSED] - setEncryptedText(findTestObject("View course grade/Page_Local Moodle Log in to the site/input_Password_password"), "bfAykA/oWJ09FXmiKh6lyuuLu8QhG1K5"): Text ****** has been set on object 'Object Repository/View course grade/Page_Local Moodle Log in to the site/input_Password_password'

2022-01-18 00:09:04 - [MESSAGE][PASSED] - Text ****** has been set on object 'Object Repository/View course grade/Page_Local Moodle Log in to the site/input_Password_password'

2022-01-18 00:09:04 - [TEST_STEP][PASSED] - click(findTestObject("View course grade/Page_Local Moodle Log in to the site/button_Log in")): Object: 'Object Repository/View course grade/Page_Local Moodle Log in to the site/button_Log in' is clicked on

2022-01-18 00:09:08 - [MESSAGE][PASSED] - Object: 'Object Repository/View course grade/Page_Local Moodle Log in to the site/button_Log in' is clicked on

2022-01-18 00:09:08 - [MESSAGE][PASSED] - Call Test Case 'Test Cases/Utils/Login as admin' successfully

2022-01-18 00:09:08 - [TEST_STEP][PASSED] - click(findTestObject("Object Repository/Utils/Page_Nh ca ti/span_Qun tr khu vc")): Object: 'Object Repository/Utils/Page_Nh ca ti/span_Qun tr khu vc' is clicked on

2022-01-18 00:09:16 - [MESSAGE][PASSED] - Object: 'Object Repository/Utils/Page_Nh ca ti/span_Qun tr khu vc' is clicked on

2022-01-18 00:09:16 - [TEST_STEP][PASSED] - click(findTestObject("Object Repository/Utils/Page_Moodle Khu vc qun tr Tm kim/a_Kho hc")): Object: 'Object Repository/Utils/Page_Moodle Khu vc qun tr Tm kim/a_Kho hc' is clicked on

2022-01-18 00:09:17 - [MESSAGE][PASSED] - Object: 'Object Repository/Utils/Page_Moodle Khu vc qun tr Tm kim/a_Kho hc' is clicked on

2022-01-18 00:09:17 - [TEST_STEP][PASSED] - click(findTestObject("Object Repository/Utils/Page_Moodle Khu vc qun tr Tm kim/a_Thmsa cc kho hc")): Object: 'Object Repository/Utils/Page_Moodle Khu vc qun tr Tm kim/a_Thmsa cc kho hc' is clicked on

2022-01-18 00:09:19 - [MESSAGE][PASSED] - Object: 'Object Repository/Utils/Page_Moodle Khu vc qun tr Tm kim/a_Thmsa cc kho hc' is clicked on

2022-01-18 00:09:19 - [TEST_STEP][PASSED] - click(findTestObject("Object Repository/Utils/Page_Qun l kha hc v danh mc kha hc/a_To kha hc mi")): Object: 'Object Repository/Utils/Page_Qun l kha hc v danh mc kha hc/a_To kha hc mi' is clicked on

2022-01-18 00:09:26 - [MESSAGE][INFO] - Unable to find the element located by 'By.xpath: //div[@id='yui_3_17_2_1_1641906891631_57']/div/div/a'. Please recheck the objects properties to make sure the desired element is located. 

2022-01-18 00:09:26 - [MESSAGE][WARNING] - [SELF-HEALING] Failed to find element with id 'Object Repository/Utils/Page_Qun l kha hc v danh mc kha hc/a_To kha hc mi'. Try using Self-healing.

2022-01-18 00:09:26 - [MESSAGE][WARNING] - [SELF-HEALING] The current locator of test object 'Object Repository/Utils/Page_Qun l kha hc v danh mc kha hc/a_To kha hc mi' was broken. Propose an alternative one: '//a[contains(text(),'Tạo khóa học mới')]'.

2022-01-18 00:09:32 - [MESSAGE][PASSED] - Object: 'Object Repository/Utils/Page_Qun l kha hc v danh mc kha hc/a_To kha hc mi' is clicked on

2022-01-18 00:09:32 - [TEST_STEP][PASSED] - setText(findTestObject("Object Repository/Utils/Page_Moodle Thm kho hc mi/input_Tn y_fullname"), "Nhập môn Công nghệ phần mềm"): Text 'Nhập môn Công nghệ phần mềm' is set on object 'Object Repository/Utils/Page_Moodle Thm kho hc mi/input_Tn y_fullname'

2022-01-18 00:09:34 - [MESSAGE][PASSED] - Text 'Nhập môn Công nghệ phần mềm' is set on object 'Object Repository/Utils/Page_Moodle Thm kho hc mi/input_Tn y_fullname'

2022-01-18 00:09:34 - [TEST_STEP][PASSED] - setText(findTestObject("Object Repository/Utils/Page_Moodle Thm kho hc mi/input_Tn rt gn ca kho hc_shortname"), "CNPM"): Text 'CNPM' is set on object 'Object Repository/Utils/Page_Moodle Thm kho hc mi/input_Tn rt gn ca kho hc_shortname'

2022-01-18 00:09:35 - [MESSAGE][PASSED] - Text 'CNPM' is set on object 'Object Repository/Utils/Page_Moodle Thm kho hc mi/input_Tn rt gn ca kho hc_shortname'

2022-01-18 00:09:35 - [TEST_STEP][PASSED] - click(findTestObject("Object Repository/Utils/Page_Moodle Thm kho hc mi/input__saveanddisplay")): Object: 'Object Repository/Utils/Page_Moodle Thm kho hc mi/input__saveanddisplay' is clicked on

2022-01-18 00:09:39 - [MESSAGE][PASSED] - Object: 'Object Repository/Utils/Page_Moodle Thm kho hc mi/input__saveanddisplay' is clicked on

2022-01-18 00:09:39 - [TEST_STEP][PASSED] - click(findTestObject("Object Repository/Utils/Page_CNPM Danh sch thnh vin/input_Danh sch thnh vin_btn btn-secondary my-1")): Object: 'Object Repository/Utils/Page_CNPM Danh sch thnh vin/input_Danh sch thnh vin_btn btn-secondary my-1' is clicked on

2022-01-18 00:09:40 - [MESSAGE][PASSED] - Object: 'Object Repository/Utils/Page_CNPM Danh sch thnh vin/input_Danh sch thnh vin_btn btn-secondary my-1' is clicked on

2022-01-18 00:09:40 - [TEST_STEP][PASSED] - click(findTestObject("Object Repository/Utils/Page_CNPM Danh sch thnh vin/span_")): Object: 'Object Repository/Utils/Page_CNPM Danh sch thnh vin/span_' is clicked on

2022-01-18 00:09:46 - [MESSAGE][INFO] - Unable to find the element located by 'By.xpath: //span[@id='form_autocomplete_downarrow-1641965227117']'. Please recheck the objects properties to make sure the desired element is located. 

2022-01-18 00:09:46 - [MESSAGE][WARNING] - [SELF-HEALING] Failed to find element with id 'Object Repository/Utils/Page_CNPM Danh sch thnh vin/span_'. Try using Self-healing.

2022-01-18 00:09:47 - [MESSAGE][WARNING] - [SELF-HEALING] The current locator of test object 'Object Repository/Utils/Page_CNPM Danh sch thnh vin/span_' was broken. Propose an alternative one: '//div[@id='fitem_id_userlist']/div[2]/div[3]/span'.

2022-01-18 00:09:47 - [MESSAGE][PASSED] - Object: 'Object Repository/Utils/Page_CNPM Danh sch thnh vin/span_' is clicked on

2022-01-18 00:09:47 - [TEST_STEP][PASSED] - click(findTestObject("Object Repository/Utils/Page_CNPM Danh sch thnh vin/span_Student Nguyen")): Object: 'Object Repository/Utils/Page_CNPM Danh sch thnh vin/span_Student Nguyen' is clicked on

2022-01-18 00:09:54 - [MESSAGE][INFO] - Unable to find the element located by 'By.xpath: //li[@id='form_autocomplete_suggestions-1641965227117-0']/span/span'. Please recheck the objects properties to make sure the desired element is located. 

2022-01-18 00:09:54 - [MESSAGE][WARNING] - [SELF-HEALING] Failed to find element with id 'Object Repository/Utils/Page_CNPM Danh sch thnh vin/span_Student Nguyen'. Try using Self-healing.

2022-01-18 00:09:54 - [MESSAGE][WARNING] - [SELF-HEALING] The current locator of test object 'Object Repository/Utils/Page_CNPM Danh sch thnh vin/span_Student Nguyen' was broken. Propose an alternative one: '(.//*[normalize-space(text()) and normalize-space(.)='student@gmail.com'])[2]/preceding::span[1]'.

2022-01-18 00:09:54 - [MESSAGE][PASSED] - Object: 'Object Repository/Utils/Page_CNPM Danh sch thnh vin/span_Student Nguyen' is clicked on

2022-01-18 00:09:54 - [TEST_STEP][PASSED] - click(findTestObject("Object Repository/Utils/Page_CNPM Danh sch thnh vin/button_Ghi danh ngi dng")): Object: 'Object Repository/Utils/Page_CNPM Danh sch thnh vin/button_Ghi danh ngi dng' is clicked on

2022-01-18 00:10:01 - [MESSAGE][INFO] - Unable to find the element located by 'By.xpath: //button[@id='yui_3_17_2_1_1641965226678_264']'. Please recheck the objects properties to make sure the desired element is located. 

2022-01-18 00:10:01 - [MESSAGE][WARNING] - [SELF-HEALING] Failed to find element with id 'Object Repository/Utils/Page_CNPM Danh sch thnh vin/button_Ghi danh ngi dng'. Try using Self-healing.

2022-01-18 00:10:01 - [MESSAGE][WARNING] - [SELF-HEALING] The current locator of test object 'Object Repository/Utils/Page_CNPM Danh sch thnh vin/button_Ghi danh ngi dng' was broken. Propose an alternative one: '(.//*[normalize-space(text()) and normalize-space(.)='Phút'])[1]/following::button[1]'.

2022-01-18 00:10:01 - [MESSAGE][PASSED] - Object: 'Object Repository/Utils/Page_CNPM Danh sch thnh vin/button_Ghi danh ngi dng' is clicked on

2022-01-18 00:10:01 - [TEST_STEP][PASSED] - click(findTestObject("Object Repository/Utils/Page_CNPM Danh sch thnh vin/input_Danh sch thnh vin_btn btn-secondary my-1")): Object: 'Object Repository/Utils/Page_CNPM Danh sch thnh vin/input_Danh sch thnh vin_btn btn-secondary my-1' is clicked on

2022-01-18 00:10:03 - [MESSAGE][PASSED] - Object: 'Object Repository/Utils/Page_CNPM Danh sch thnh vin/input_Danh sch thnh vin_btn btn-secondary my-1' is clicked on

2022-01-18 00:10:03 - [TEST_STEP][PASSED] - selectOptionByValue(findTestObject("Object Repository/Create course/Page_CNPM Danh sch thnh vin/select_Ngi qun l            Gio vin        _4311d9"), "3", true): All options with value '3' are selected in object 'Object Repository/Create course/Page_CNPM Danh sch thnh vin/select_Ngi qun l            Gio vin        _4311d9'  using regular expression

2022-01-18 00:10:06 - [MESSAGE][PASSED] - All options with value '3' are selected in object 'Object Repository/Create course/Page_CNPM Danh sch thnh vin/select_Ngi qun l            Gio vin        _4311d9'  using regular expression

2022-01-18 00:10:06 - [TEST_STEP][PASSED] - click(findTestObject("Object Repository/Utils/Page_CNPM Danh sch thnh vin/span_")): Object: 'Object Repository/Utils/Page_CNPM Danh sch thnh vin/span_' is clicked on

2022-01-18 00:10:12 - [MESSAGE][INFO] - Unable to find the element located by 'By.xpath: //span[@id='form_autocomplete_downarrow-1641965227117']'. Please recheck the objects properties to make sure the desired element is located. 

2022-01-18 00:10:12 - [MESSAGE][WARNING] - [SELF-HEALING] Failed to find element with id 'Object Repository/Utils/Page_CNPM Danh sch thnh vin/span_'. Try using Self-healing.

2022-01-18 00:10:12 - [MESSAGE][WARNING] - [SELF-HEALING] The current locator of test object 'Object Repository/Utils/Page_CNPM Danh sch thnh vin/span_' was broken. Propose an alternative one: '//div[@id='fitem_id_userlist']/div[2]/div[3]/span'.

2022-01-18 00:10:12 - [MESSAGE][PASSED] - Object: 'Object Repository/Utils/Page_CNPM Danh sch thnh vin/span_' is clicked on

2022-01-18 00:10:12 - [TEST_STEP][PASSED] - click(findTestObject("Object Repository/Create course/Page_CNPM Danh sch thnh vin/span_Nguyen Van A")): Object: 'Object Repository/Create course/Page_CNPM Danh sch thnh vin/span_Nguyen Van A' is clicked on

2022-01-18 00:10:19 - [MESSAGE][INFO] - Unable to find the element located by 'By.xpath: //li[@id='form_autocomplete_suggestions-1642350427588-0']/span/span'. Please recheck the objects properties to make sure the desired element is located. 

2022-01-18 00:10:19 - [MESSAGE][WARNING] - [SELF-HEALING] Failed to find element with id 'Object Repository/Create course/Page_CNPM Danh sch thnh vin/span_Nguyen Van A'. Try using Self-healing.

2022-01-18 00:10:20 - [MESSAGE][WARNING] - [SELF-HEALING] The current locator of test object 'Object Repository/Create course/Page_CNPM Danh sch thnh vin/span_Nguyen Van A' was broken. Propose an alternative one: '(.//*[normalize-space(text()) and normalize-space(.)='▼'])[1]/following::span[2]'.

2022-01-18 00:10:20 - [MESSAGE][PASSED] - Object: 'Object Repository/Create course/Page_CNPM Danh sch thnh vin/span_Nguyen Van A' is clicked on

2022-01-18 00:10:20 - [TEST_STEP][PASSED] - click(findTestObject("Object Repository/Create course/Page_CNPM Danh sch thnh vin/button_Ghi danh ngi dng_1")): Object: 'Object Repository/Create course/Page_CNPM Danh sch thnh vin/button_Ghi danh ngi dng_1' is clicked on

2022-01-18 00:10:26 - [MESSAGE][INFO] - Unable to find the element located by 'By.xpath: //button[@id='yui_3_17_2_1_1642348738650_377']'. Please recheck the objects properties to make sure the desired element is located. 

2022-01-18 00:10:26 - [MESSAGE][WARNING] - [SELF-HEALING] Failed to find element with id 'Object Repository/Create course/Page_CNPM Danh sch thnh vin/button_Ghi danh ngi dng_1'. Try using Self-healing.

2022-01-18 00:10:26 - [MESSAGE][WARNING] - [SELF-HEALING] The current locator of test object 'Object Repository/Create course/Page_CNPM Danh sch thnh vin/button_Ghi danh ngi dng_1' was broken. Propose an alternative one: '(.//*[normalize-space(text()) and normalize-space(.)='Phút'])[1]/following::button[1]'.

2022-01-18 00:10:27 - [MESSAGE][PASSED] - Object: 'Object Repository/Create course/Page_CNPM Danh sch thnh vin/button_Ghi danh ngi dng_1' is clicked on

2022-01-18 00:10:27 - [TEST_STEP][PASSED] - click(findTestObject("Object Repository/Utils/Page_CNPM Danh sch thnh vin/span_CNPM")): Object: 'Object Repository/Utils/Page_CNPM Danh sch thnh vin/span_CNPM' is clicked on

2022-01-18 00:10:29 - [MESSAGE][PASSED] - Object: 'Object Repository/Utils/Page_CNPM Danh sch thnh vin/span_CNPM' is clicked on

2022-01-18 00:10:29 - [TEST_STEP][PASSED] - click(findTestObject("Create folder and quiz/Page_CNPM Danh sch thnh vin/a_Qun tr Thnh vin")): Object: 'Object Repository/Create folder and quiz/Page_CNPM Danh sch thnh vin/a_Qun tr Thnh vin' is clicked on

2022-01-18 00:10:30 - [MESSAGE][PASSED] - Object: 'Object Repository/Create folder and quiz/Page_CNPM Danh sch thnh vin/a_Qun tr Thnh vin' is clicked on

2022-01-18 00:10:30 - [TEST_STEP][PASSED] - click(findTestObject("Create folder and quiz/Page_CNPM Danh sch thnh vin/span_Thot")): Object: 'Object Repository/Create folder and quiz/Page_CNPM Danh sch thnh vin/span_Thot' is clicked on

2022-01-18 00:10:32 - [MESSAGE][PASSED] - Object: 'Object Repository/Create folder and quiz/Page_CNPM Danh sch thnh vin/span_Thot' is clicked on

2022-01-18 00:10:32 - [MESSAGE][INFO] - 

2022-01-18 00:10:32 - [MESSAGE][INFO] - ===================== Self-healing Report ====================

2022-01-18 00:10:32 - [MESSAGE][INFO] - One of the failed test object locators has been recovered by Self-healing. Please refer to the Self-healing Insights tab for more details.

2022-01-18 00:10:32 - [MESSAGE][INFO] - To learn more about Self-healing, please read https://docs.katalon.com/katalon-studio/docs/self-healing.html

2022-01-18 00:10:32 - [MESSAGE][INFO] - ==============================================================

2022-01-18 00:10:32 - [MESSAGE][PASSED] - Call Test Case 'Test Cases/Utils/Create course CNPM' successfully

2022-01-18 00:10:32 - [TEST_STEP][PASSED] - callTestCase(findTestCase("Utils/Login as teacher"), [:], STOP_ON_FAILURE): Call Test Case 'Test Cases/Utils/Login as teacher' successfully

2022-01-18 00:10:32 - [TEST_CASE][PASSED] - Test Cases/Utils/Login as teacher: Test Cases/Utils/Login as teacher

2022-01-18 00:10:33 - [TEST_STEP][PASSED] - click(findTestObject("Create folder and quiz/Page_Local Moodle/a_Log in")): Object: 'Object Repository/Create folder and quiz/Page_Local Moodle/a_Log in' is clicked on

2022-01-18 00:10:34 - [MESSAGE][PASSED] - Object: 'Object Repository/Create folder and quiz/Page_Local Moodle/a_Log in' is clicked on

2022-01-18 00:10:34 - [TEST_STEP][PASSED] - setText(findTestObject("Object Repository/Create course/Page_New Moodle Site Log in to the site/input_Username_username"), "hs01"): Text 'hs01' is set on object 'Object Repository/Create course/Page_New Moodle Site Log in to the site/input_Username_username'

2022-01-18 00:10:35 - [MESSAGE][PASSED] - Text 'hs01' is set on object 'Object Repository/Create course/Page_New Moodle Site Log in to the site/input_Username_username'

2022-01-18 00:10:35 - [TEST_STEP][PASSED] - setEncryptedText(findTestObject("Object Repository/Create course/Page_New Moodle Site Log in to the site/input_Password_password"), "o5TCnEIIWq2SeGQhIMNXLQ=="): Text ****** has been set on object 'Object Repository/Create course/Page_New Moodle Site Log in to the site/input_Password_password'

2022-01-18 00:10:36 - [MESSAGE][PASSED] - Text ****** has been set on object 'Object Repository/Create course/Page_New Moodle Site Log in to the site/input_Password_password'

2022-01-18 00:10:36 - [TEST_STEP][PASSED] - click(findTestObject("Create folder and quiz/Page_Local Moodle Log in to the site/button_Log in")): Object: 'Object Repository/Create folder and quiz/Page_Local Moodle Log in to the site/button_Log in' is clicked on

2022-01-18 00:10:39 - [MESSAGE][PASSED] - Object: 'Object Repository/Create folder and quiz/Page_Local Moodle Log in to the site/button_Log in' is clicked on

2022-01-18 00:10:39 - [MESSAGE][INFO] - 

2022-01-18 00:10:39 - [MESSAGE][INFO] - ===================== Self-healing Report ====================

2022-01-18 00:10:39 - [MESSAGE][INFO] - One of the failed test object locators has been recovered by Self-healing. Please refer to the Self-healing Insights tab for more details.

2022-01-18 00:10:39 - [MESSAGE][INFO] - To learn more about Self-healing, please read https://docs.katalon.com/katalon-studio/docs/self-healing.html

2022-01-18 00:10:39 - [MESSAGE][INFO] - ==============================================================

2022-01-18 00:10:39 - [MESSAGE][PASSED] - Call Test Case 'Test Cases/Utils/Login as teacher' successfully

2022-01-18 00:10:39 - [TEST_STEP][PASSED] - click(findTestObject("Object Repository/Create folder and quiz/Page_Nh ca ti/span_Trang ch h thng")): Object: 'Object Repository/Create folder and quiz/Page_Nh ca ti/span_Trang ch h thng' is clicked on

2022-01-18 00:10:44 - [MESSAGE][PASSED] - Object: 'Object Repository/Create folder and quiz/Page_Nh ca ti/span_Trang ch h thng' is clicked on

2022-01-18 00:10:44 - [TEST_STEP][PASSED] - click(findTestObject("Object Repository/Create folder and quiz/Page_New Moodle Site/a_Nhp mn Cng ngh phn mm")): Object: 'Object Repository/Create folder and quiz/Page_New Moodle Site/a_Nhp mn Cng ngh phn mm' is clicked on

2022-01-18 00:10:45 - [MESSAGE][PASSED] - Object: 'Object Repository/Create folder and quiz/Page_New Moodle Site/a_Nhp mn Cng ngh phn mm' is clicked on

2022-01-18 00:10:45 - [TEST_STEP][PASSED] - click(findTestObject("Object Repository/Create folder and quiz/Page_Kha Nhp mn Cng ngh phn mm/button_Bt ch  chnh sa")): Object: 'Object Repository/Create folder and quiz/Page_Kha Nhp mn Cng ngh phn mm/button_Bt ch  chnh sa' is clicked on

2022-01-18 00:10:52 - [MESSAGE][INFO] - Unable to find the element located by 'By.xpath: //button[@id='single_button61e44f855865c1']'. Please recheck the objects properties to make sure the desired element is located. 

2022-01-18 00:10:52 - [MESSAGE][WARNING] - [SELF-HEALING] Failed to find element with id 'Object Repository/Create folder and quiz/Page_Kha Nhp mn Cng ngh phn mm/button_Bt ch  chnh sa'. Try using Self-healing.

2022-01-18 00:10:52 - [MESSAGE][WARNING] - [SELF-HEALING] The current locator of test object 'Object Repository/Create folder and quiz/Page_Kha Nhp mn Cng ngh phn mm/button_Bt ch  chnh sa' was broken. Propose an alternative one: '(.//*[normalize-space(text()) and normalize-space(.)='Các khoá học của tôi'])[2]/following::button[1]'.

2022-01-18 00:10:53 - [MESSAGE][PASSED] - Object: 'Object Repository/Create folder and quiz/Page_Kha Nhp mn Cng ngh phn mm/button_Bt ch  chnh sa' is clicked on

2022-01-18 00:10:53 - [TEST_STEP][PASSED] - click(findTestObject("Object Repository/Create folder and quiz/Page_Kha Nhp mn Cng ngh phn mm/span_Thm hot ng hoc ti nguyn")): Object: 'Object Repository/Create folder and quiz/Page_Kha Nhp mn Cng ngh phn mm/span_Thm hot ng hoc ti nguyn' is clicked on

2022-01-18 00:11:00 - [MESSAGE][INFO] - Unable to find the element located by 'By.xpath: //*[@id = 'yui_3_17_2_1_1642352521094_616' and (text() = 'Thêm hoạt động hoặc tài nguyên' or . = 'Thêm hoạt động hoặc tài nguyên')]'. Please recheck the objects properties to make sure the desired element is located. 

2022-01-18 00:11:00 - [MESSAGE][WARNING] - [SELF-HEALING] Failed to find element with id 'Object Repository/Create folder and quiz/Page_Kha Nhp mn Cng ngh phn mm/span_Thm hot ng hoc ti nguyn'. Try using Self-healing.

2022-01-18 00:11:00 - [MESSAGE][WARNING] - [SELF-HEALING] The current locator of test object 'Object Repository/Create folder and quiz/Page_Kha Nhp mn Cng ngh phn mm/span_Thm hot ng hoc ti nguyn' was broken. Propose an alternative one: '(.//*[normalize-space(text()) and normalize-space(.)='Chủ đề 1'])[2]/following::span[3]'.

2022-01-18 00:11:00 - [MESSAGE][PASSED] - Object: 'Object Repository/Create folder and quiz/Page_Kha Nhp mn Cng ngh phn mm/span_Thm hot ng hoc ti nguyn' is clicked on

2022-01-18 00:11:00 - [TEST_STEP][PASSED] - click(findTestObject("Object Repository/Student answering question being overdue or on time/Page_Kha Nhp mn cng ngh phn mm/div_Cu hi thm d")): Object: 'Object Repository/Student answering question being overdue or on time/Page_Kha Nhp mn cng ngh phn mm/div_Cu hi thm d' is clicked on

2022-01-18 00:11:07 - [MESSAGE][INFO] - Unable to find the element located by 'By.xpath: //div[@id='all-5']/div/div[6]/div/a/div[2]'. Please recheck the objects properties to make sure the desired element is located. 

2022-01-18 00:11:07 - [MESSAGE][WARNING] - [SELF-HEALING] Failed to find element with id 'Object Repository/Student answering question being overdue or on time/Page_Kha Nhp mn cng ngh phn mm/div_Cu hi thm d'. Try using Self-healing.

2022-01-18 00:11:07 - [MESSAGE][WARNING] - [SELF-HEALING] The current locator of test object 'Object Repository/Student answering question being overdue or on time/Page_Kha Nhp mn cng ngh phn mm/div_Cu hi thm d' was broken. Propose an alternative one: '(.//*[normalize-space(text()) and normalize-space(.)='Cuộc khảo sát'])[1]/following::div[5]'.

2022-01-18 00:11:10 - [MESSAGE][PASSED] - Object: 'Object Repository/Student answering question being overdue or on time/Page_Kha Nhp mn cng ngh phn mm/div_Cu hi thm d' is clicked on

2022-01-18 00:11:10 - [TEST_STEP][PASSED] - setText(findTestObject("Object Repository/Student answering question being overdue or on time/Page_Bin son Cu hi thm d/input_Tn cu hi_name"), "Câu hỏi trắc nghiệm"): Text 'Câu hỏi trắc nghiệm' is set on object 'Object Repository/Student answering question being overdue or on time/Page_Bin son Cu hi thm d/input_Tn cu hi_name'

2022-01-18 00:11:12 - [MESSAGE][PASSED] - Text 'Câu hỏi trắc nghiệm' is set on object 'Object Repository/Student answering question being overdue or on time/Page_Bin son Cu hi thm d/input_Tn cu hi_name'

2022-01-18 00:11:12 - [TEST_STEP][PASSED] - setText(findTestObject("Object Repository/Student answering question being overdue or on time/Page_Bin son Cu hi thm d/input_Phng n khng_option0"), "a"): Text 'a' is set on object 'Object Repository/Student answering question being overdue or on time/Page_Bin son Cu hi thm d/input_Phng n khng_option0'

2022-01-18 00:11:13 - [MESSAGE][PASSED] - Text 'a' is set on object 'Object Repository/Student answering question being overdue or on time/Page_Bin son Cu hi thm d/input_Phng n khng_option0'

2022-01-18 00:11:13 - [TEST_STEP][PASSED] - setText(findTestObject("Object Repository/Student answering question being overdue or on time/Page_Bin son Cu hi thm d/input_Phng n khng_option1"), "b"): Text 'b' is set on object 'Object Repository/Student answering question being overdue or on time/Page_Bin son Cu hi thm d/input_Phng n khng_option1'

2022-01-18 00:11:14 - [MESSAGE][PASSED] - Text 'b' is set on object 'Object Repository/Student answering question being overdue or on time/Page_Bin son Cu hi thm d/input_Phng n khng_option1'

2022-01-18 00:11:14 - [TEST_STEP][PASSED] - setText(findTestObject("Object Repository/Student answering question being overdue or on time/Page_Bin son Cu hi thm d/input_Phng n khng_option2"), "c"): Text 'c' is set on object 'Object Repository/Student answering question being overdue or on time/Page_Bin son Cu hi thm d/input_Phng n khng_option2'

2022-01-18 00:11:15 - [MESSAGE][PASSED] - Text 'c' is set on object 'Object Repository/Student answering question being overdue or on time/Page_Bin son Cu hi thm d/input_Phng n khng_option2'

2022-01-18 00:11:15 - [TEST_STEP][PASSED] - setText(findTestObject("Object Repository/Student answering question being overdue or on time/Page_Bin son Cu hi thm d/input_Phng n khng_option3"), "d"): Text 'd' is set on object 'Object Repository/Student answering question being overdue or on time/Page_Bin son Cu hi thm d/input_Phng n khng_option3'

2022-01-18 00:11:16 - [MESSAGE][PASSED] - Text 'd' is set on object 'Object Repository/Student answering question being overdue or on time/Page_Bin son Cu hi thm d/input_Phng n khng_option3'

2022-01-18 00:11:16 - [TEST_STEP][PASSED] - verifyElementClickable(findTestObject("Object Repository/Student answering question being overdue or on time/Page_Bin son Cu hi thm d/input_Gii hn khng_option_add_fields")): Object 'Object Repository/Student answering question being overdue or on time/Page_Bin son Cu hi thm d/input_Gii hn khng_option_add_fields' is clickable

2022-01-18 00:11:17 - [MESSAGE][PASSED] - Object 'Object Repository/Student answering question being overdue or on time/Page_Bin son Cu hi thm d/input_Gii hn khng_option_add_fields' is clickable

2022-01-18 00:11:17 - [TEST_STEP][PASSED] - click(findTestObject("Object Repository/Student answering question being overdue or on time/Page_Bin son Cu hi thm d/input_Gii hn khng_option_add_fields")): Object: 'Object Repository/Student answering question being overdue or on time/Page_Bin son Cu hi thm d/input_Gii hn khng_option_add_fields' is clicked on

2022-01-18 00:11:20 - [MESSAGE][PASSED] - Object: 'Object Repository/Student answering question being overdue or on time/Page_Bin son Cu hi thm d/input_Gii hn khng_option_add_fields' is clicked on

2022-01-18 00:11:20 - [TEST_STEP][PASSED] - click(findTestObject("Object Repository/Student answering question being overdue or on time/Page_Bin son Cu hi thm d/input_Upon activity completion_submitbutton2")): Object: 'Object Repository/Student answering question being overdue or on time/Page_Bin son Cu hi thm d/input_Upon activity completion_submitbutton2' is clicked on

2022-01-18 00:11:23 - [MESSAGE][PASSED] - Object: 'Object Repository/Student answering question being overdue or on time/Page_Bin son Cu hi thm d/input_Upon activity completion_submitbutton2' is clicked on

2022-01-18 00:11:23 - [TEST_STEP][PASSED] - verifyElementClickable(findTestObject("Object Repository/Student answering question being overdue or on time/Page_Kha Nhp mn cng ngh phn mm/span_Cu hi trc nghim Cu hi thm d")): Object 'Object Repository/Student answering question being overdue or on time/Page_Kha Nhp mn cng ngh phn mm/span_Cu hi trc nghim Cu hi thm d' is clickable

2022-01-18 00:11:29 - [MESSAGE][INFO] - Unable to find the element located by 'By.xpath: //li[@id='module-136']/div/div/div[2]/div/a/span'. Please recheck the objects properties to make sure the desired element is located. 

2022-01-18 00:11:29 - [MESSAGE][WARNING] - [SELF-HEALING] Failed to find element with id 'Object Repository/Student answering question being overdue or on time/Page_Kha Nhp mn cng ngh phn mm/span_Cu hi trc nghim Cu hi thm d'. Try using Self-healing.

2022-01-18 00:11:30 - [MESSAGE][WARNING] - [SELF-HEALING] The current locator of test object 'Object Repository/Student answering question being overdue or on time/Page_Kha Nhp mn cng ngh phn mm/span_Cu hi trc nghim Cu hi thm d' was broken. Propose an alternative one: '(.//*[normalize-space(text()) and normalize-space(.)='Chủ đề 1'])[2]/following::span[1]'.

2022-01-18 00:11:30 - [MESSAGE][PASSED] - Object 'Object Repository/Student answering question being overdue or on time/Page_Kha Nhp mn cng ngh phn mm/span_Cu hi trc nghim Cu hi thm d' is clickable

2022-01-18 00:11:30 - [TEST_STEP][PASSED] - click(findTestObject("Object Repository/Create course/Page_Nh ca ti/a_Nguyen Van A")): Object: 'Object Repository/Create course/Page_Nh ca ti/a_Nguyen Van A' is clicked on

2022-01-18 00:11:30 - [MESSAGE][PASSED] - Object: 'Object Repository/Create course/Page_Nh ca ti/a_Nguyen Van A' is clicked on

2022-01-18 00:11:30 - [TEST_STEP][PASSED] - click(findTestObject("Object Repository/Create course/Page_Nh ca ti/span_Thot")): Object: 'Object Repository/Create course/Page_Nh ca ti/span_Thot' is clicked on

2022-01-18 00:11:32 - [MESSAGE][PASSED] - Object: 'Object Repository/Create course/Page_Nh ca ti/span_Thot' is clicked on

2022-01-18 00:11:32 - [TEST_STEP][PASSED] - callTestCase(findTestCase("Utils/Login as student"), [:], STOP_ON_FAILURE): Call Test Case 'Test Cases/Utils/Login as student' successfully

2022-01-18 00:11:32 - [TEST_CASE][PASSED] - Test Cases/Utils/Login as student: Test Cases/Utils/Login as student

2022-01-18 00:11:33 - [TEST_STEP][PASSED] - click(findTestObject("Create folder and quiz/Page_Local Moodle/a_Log in")): Object: 'Object Repository/Create folder and quiz/Page_Local Moodle/a_Log in' is clicked on

2022-01-18 00:11:34 - [MESSAGE][PASSED] - Object: 'Object Repository/Create folder and quiz/Page_Local Moodle/a_Log in' is clicked on

2022-01-18 00:11:34 - [TEST_STEP][PASSED] - setText(findTestObject("Create folder and quiz/Page_Local Moodle Log in to the site/input_Username_username"), "student"): Text 'student' is set on object 'Object Repository/Create folder and quiz/Page_Local Moodle Log in to the site/input_Username_username'

2022-01-18 00:11:35 - [MESSAGE][PASSED] - Text 'student' is set on object 'Object Repository/Create folder and quiz/Page_Local Moodle Log in to the site/input_Username_username'

2022-01-18 00:11:35 - [TEST_STEP][PASSED] - setEncryptedText(findTestObject("Create folder and quiz/Page_Local Moodle Log in to the site/input_Password_password"), "ie7bep3f1gXYsgY0lkRhPw=="): Text ****** has been set on object 'Object Repository/Create folder and quiz/Page_Local Moodle Log in to the site/input_Password_password'

2022-01-18 00:11:36 - [MESSAGE][PASSED] - Text ****** has been set on object 'Object Repository/Create folder and quiz/Page_Local Moodle Log in to the site/input_Password_password'

2022-01-18 00:11:36 - [TEST_STEP][PASSED] - click(findTestObject("Create folder and quiz/Page_Local Moodle Log in to the site/button_Log in")): Object: 'Object Repository/Create folder and quiz/Page_Local Moodle Log in to the site/button_Log in' is clicked on

2022-01-18 00:11:39 - [MESSAGE][PASSED] - Object: 'Object Repository/Create folder and quiz/Page_Local Moodle Log in to the site/button_Log in' is clicked on

2022-01-18 00:11:39 - [MESSAGE][INFO] - 

2022-01-18 00:11:39 - [MESSAGE][INFO] - ===================== Self-healing Report ====================

2022-01-18 00:11:39 - [MESSAGE][INFO] - One of the failed test object locators has been recovered by Self-healing. Please refer to the Self-healing Insights tab for more details.

2022-01-18 00:11:39 - [MESSAGE][INFO] - To learn more about Self-healing, please read https://docs.katalon.com/katalon-studio/docs/self-healing.html

2022-01-18 00:11:39 - [MESSAGE][INFO] - ==============================================================

2022-01-18 00:11:39 - [MESSAGE][PASSED] - Call Test Case 'Test Cases/Utils/Login as student' successfully

2022-01-18 00:11:39 - [TEST_STEP][PASSED] - click(findTestObject("Object Repository/Student answering question being overdue or on time/Page_Nh ca ti/span_Trang ch h thng")): Object: 'Object Repository/Student answering question being overdue or on time/Page_Nh ca ti/span_Trang ch h thng' is clicked on

2022-01-18 00:11:42 - [MESSAGE][PASSED] - Object: 'Object Repository/Student answering question being overdue or on time/Page_Nh ca ti/span_Trang ch h thng' is clicked on

2022-01-18 00:11:42 - [TEST_STEP][PASSED] - click(findTestObject("Object Repository/Student answering question being overdue or on time/Page_New Moodle Site/a_Nhp mn Cng ngh phn mm")): Object: 'Object Repository/Student answering question being overdue or on time/Page_New Moodle Site/a_Nhp mn Cng ngh phn mm' is clicked on

2022-01-18 00:11:44 - [MESSAGE][PASSED] - Object: 'Object Repository/Student answering question being overdue or on time/Page_New Moodle Site/a_Nhp mn Cng ngh phn mm' is clicked on

2022-01-18 00:11:44 - [TEST_STEP][PASSED] - click(findTestObject("Object Repository/Student answering question being overdue or on time/Page_Kha Nhp mn Cng ngh phn mm/span_Cu hi trc nghim Cu hi thm d")): Object: 'Object Repository/Student answering question being overdue or on time/Page_Kha Nhp mn Cng ngh phn mm/span_Cu hi trc nghim Cu hi thm d' is clicked on

2022-01-18 00:11:50 - [MESSAGE][INFO] - Unable to find the element located by 'By.xpath: //li[@id='module-136']/div/div/div[2]/div/a/span'. Please recheck the objects properties to make sure the desired element is located. 

2022-01-18 00:11:50 - [MESSAGE][WARNING] - [SELF-HEALING] Failed to find element with id 'Object Repository/Student answering question being overdue or on time/Page_Kha Nhp mn Cng ngh phn mm/span_Cu hi trc nghim Cu hi thm d'. Try using Self-healing.

2022-01-18 00:11:51 - [MESSAGE][WARNING] - [SELF-HEALING] The current locator of test object 'Object Repository/Student answering question being overdue or on time/Page_Kha Nhp mn Cng ngh phn mm/span_Cu hi trc nghim Cu hi thm d' was broken. Propose an alternative one: '(.//*[normalize-space(text()) and normalize-space(.)='Chủ đề 1'])[2]/following::span[1]'.

2022-01-18 00:11:52 - [MESSAGE][PASSED] - Object: 'Object Repository/Student answering question being overdue or on time/Page_Kha Nhp mn Cng ngh phn mm/span_Cu hi trc nghim Cu hi thm d' is clicked on

2022-01-18 00:11:52 - [TEST_STEP][PASSED] - click(findTestObject("Object Repository/Student answering question being overdue or on time/Page_Cu hi trc nghim/input__answer")): Object: 'Object Repository/Student answering question being overdue or on time/Page_Cu hi trc nghim/input__answer' is clicked on

2022-01-18 00:11:52 - [MESSAGE][PASSED] - Object: 'Object Repository/Student answering question being overdue or on time/Page_Cu hi trc nghim/input__answer' is clicked on

2022-01-18 00:11:52 - [TEST_STEP][PASSED] - click(findTestObject("Object Repository/Student answering question being overdue or on time/Page_Cu hi trc nghim/input_d_btn btn-primary")): Object: 'Object Repository/Student answering question being overdue or on time/Page_Cu hi trc nghim/input_d_btn btn-primary' is clicked on

2022-01-18 00:11:54 - [MESSAGE][PASSED] - Object: 'Object Repository/Student answering question being overdue or on time/Page_Cu hi trc nghim/input_d_btn btn-primary' is clicked on

2022-01-18 00:11:54 - [TEST_STEP][PASSED] - verifyElementText(findTestObject("Object Repository/Student answering question being overdue or on time/Page_Cu hi trc nghim/div_La chn ca bn a"), "Lựa chọn của bạn: a"): Actual text and expected text of test object 'Object Repository/Student answering question being overdue or on time/Page_Cu hi trc nghim/div_La chn ca bn a' are matched.

2022-01-18 00:11:55 - [MESSAGE][PASSED] - Actual text and expected text of test object 'Object Repository/Student answering question being overdue or on time/Page_Cu hi trc nghim/div_La chn ca bn a' are matched.

2022-01-18 00:11:55 - [TEST_STEP][PASSED] - click(findTestObject("Create folder and quiz/Page_quiz1 Xem li ln lm th/a_Student Nguyen")): Object: 'Object Repository/Create folder and quiz/Page_quiz1 Xem li ln lm th/a_Student Nguyen' is clicked on

2022-01-18 00:11:55 - [MESSAGE][PASSED] - Object: 'Object Repository/Create folder and quiz/Page_quiz1 Xem li ln lm th/a_Student Nguyen' is clicked on

2022-01-18 00:11:55 - [TEST_STEP][PASSED] - click(findTestObject("Create folder and quiz/Page_quiz1 Xem li ln lm th/span_Thot")): Object: 'Object Repository/Create folder and quiz/Page_quiz1 Xem li ln lm th/span_Thot' is clicked on

2022-01-18 00:11:57 - [MESSAGE][PASSED] - Object: 'Object Repository/Create folder and quiz/Page_quiz1 Xem li ln lm th/span_Thot' is clicked on

2022-01-18 00:11:57 - [TEST_STEP][PASSED] - callTestCase(findTestCase("Utils/Delete course CNPM"), [:], STOP_ON_FAILURE): Call Test Case 'Test Cases/Utils/Delete course CNPM' successfully

2022-01-18 00:11:57 - [TEST_CASE][PASSED] - Test Cases/Utils/Delete course CNPM: Test Cases/Utils/Delete course CNPM

2022-01-18 00:11:58 - [TEST_STEP][PASSED] - callTestCase(findTestCase("Utils/Login as admin"), [:], STOP_ON_FAILURE): Call Test Case 'Test Cases/Utils/Login as admin' successfully

2022-01-18 00:11:58 - [TEST_CASE][PASSED] - Test Cases/Utils/Login as admin: Test Cases/Utils/Login as admin

2022-01-18 00:11:58 - [TEST_STEP][PASSED] - click(findTestObject("View course grade/Page_Local Moodle/a_Log in")): Object: 'Object Repository/View course grade/Page_Local Moodle/a_Log in' is clicked on

2022-01-18 00:11:59 - [MESSAGE][PASSED] - Object: 'Object Repository/View course grade/Page_Local Moodle/a_Log in' is clicked on

2022-01-18 00:11:59 - [TEST_STEP][PASSED] - setText(findTestObject("View course grade/Page_Local Moodle Log in to the site/input_Username_username"), "admin"): Text 'admin' is set on object 'Object Repository/View course grade/Page_Local Moodle Log in to the site/input_Username_username'

2022-01-18 00:12:00 - [MESSAGE][PASSED] - Text 'admin' is set on object 'Object Repository/View course grade/Page_Local Moodle Log in to the site/input_Username_username'

2022-01-18 00:12:00 - [TEST_STEP][PASSED] - setEncryptedText(findTestObject("View course grade/Page_Local Moodle Log in to the site/input_Password_password"), "bfAykA/oWJ09FXmiKh6lyuuLu8QhG1K5"): Text ****** has been set on object 'Object Repository/View course grade/Page_Local Moodle Log in to the site/input_Password_password'

2022-01-18 00:12:01 - [MESSAGE][PASSED] - Text ****** has been set on object 'Object Repository/View course grade/Page_Local Moodle Log in to the site/input_Password_password'

2022-01-18 00:12:01 - [TEST_STEP][PASSED] - click(findTestObject("View course grade/Page_Local Moodle Log in to the site/button_Log in")): Object: 'Object Repository/View course grade/Page_Local Moodle Log in to the site/button_Log in' is clicked on

2022-01-18 00:12:05 - [MESSAGE][PASSED] - Object: 'Object Repository/View course grade/Page_Local Moodle Log in to the site/button_Log in' is clicked on

2022-01-18 00:12:05 - [MESSAGE][INFO] - 

2022-01-18 00:12:05 - [MESSAGE][INFO] - ===================== Self-healing Report ====================

2022-01-18 00:12:05 - [MESSAGE][INFO] - One of the failed test object locators has been recovered by Self-healing. Please refer to the Self-healing Insights tab for more details.

2022-01-18 00:12:05 - [MESSAGE][INFO] - To learn more about Self-healing, please read https://docs.katalon.com/katalon-studio/docs/self-healing.html

2022-01-18 00:12:05 - [MESSAGE][INFO] - ==============================================================

2022-01-18 00:12:05 - [MESSAGE][PASSED] - Call Test Case 'Test Cases/Utils/Login as admin' successfully

2022-01-18 00:12:05 - [TEST_STEP][PASSED] - click(findTestObject("Object Repository/Create course/Page_Nh ca ti/span_Qun tr khu vc")): Object: 'Object Repository/Create course/Page_Nh ca ti/span_Qun tr khu vc' is clicked on

2022-01-18 00:12:13 - [MESSAGE][PASSED] - Object: 'Object Repository/Create course/Page_Nh ca ti/span_Qun tr khu vc' is clicked on

2022-01-18 00:12:13 - [TEST_STEP][PASSED] - click(findTestObject("Object Repository/Create course/Page_Moodle Khu vc qun tr Tm kim/a_Kho hc")): Object: 'Object Repository/Create course/Page_Moodle Khu vc qun tr Tm kim/a_Kho hc' is clicked on

2022-01-18 00:12:14 - [MESSAGE][PASSED] - Object: 'Object Repository/Create course/Page_Moodle Khu vc qun tr Tm kim/a_Kho hc' is clicked on

2022-01-18 00:12:14 - [TEST_STEP][PASSED] - click(findTestObject("Object Repository/Create course/Page_Moodle Khu vc qun tr Tm kim/a_Thmsa cc kho hc")): Object: 'Object Repository/Create course/Page_Moodle Khu vc qun tr Tm kim/a_Thmsa cc kho hc' is clicked on

2022-01-18 00:12:17 - [MESSAGE][PASSED] - Object: 'Object Repository/Create course/Page_Moodle Khu vc qun tr Tm kim/a_Thmsa cc kho hc' is clicked on

2022-01-18 00:12:17 - [TEST_STEP][PASSED] - click(findTestObject("Object Repository/Create course/Page_Qun l kha hc v danh mc kha hc/div_La chn hnh ng hng lot Nhp mn Cng ngh ph_52747d")): Object: 'Object Repository/Create course/Page_Qun l kha hc v danh mc kha hc/div_La chn hnh ng hng lot Nhp mn Cng ngh ph_52747d' is clicked on

2022-01-18 00:12:24 - [MESSAGE][INFO] - Unable to find the element located by 'By.xpath: //div[@id='yui_3_17_2_1_1641378024996_198']'. Please recheck the objects properties to make sure the desired element is located. 

2022-01-18 00:12:24 - [MESSAGE][WARNING] - [SELF-HEALING] Failed to find element with id 'Object Repository/Create course/Page_Qun l kha hc v danh mc kha hc/div_La chn hnh ng hng lot Nhp mn Cng ngh ph_52747d'. Try using Self-healing.

2022-01-18 00:12:24 - [MESSAGE][WARNING] - [SELF-HEALING] The current locator of test object 'Object Repository/Create course/Page_Qun l kha hc v danh mc kha hc/div_La chn hnh ng hng lot Nhp mn Cng ngh ph_52747d' was broken. Propose an alternative one: '(.//*[normalize-space(text()) and normalize-space(.)='Tất cả'])[1]/following::div[1]'.

2022-01-18 00:12:26 - [MESSAGE][PASSED] - Object: 'Object Repository/Create course/Page_Qun l kha hc v danh mc kha hc/div_La chn hnh ng hng lot Nhp mn Cng ngh ph_52747d' is clicked on

2022-01-18 00:12:26 - [TEST_STEP][PASSED] - click(findTestObject("Object Repository/Create course/Page_Qun l kha hc v danh mc kha hc/a_Nhp mn Cng ngh phn mm")): Object: 'Object Repository/Create course/Page_Qun l kha hc v danh mc kha hc/a_Nhp mn Cng ngh phn mm' is clicked on

2022-01-18 00:12:32 - [MESSAGE][INFO] - Unable to find the element located by 'By.xpath: //a[@id='yui_3_17_2_1_1641378024996_202']'. Please recheck the objects properties to make sure the desired element is located. 

2022-01-18 00:12:32 - [MESSAGE][WARNING] - [SELF-HEALING] Failed to find element with id 'Object Repository/Create course/Page_Qun l kha hc v danh mc kha hc/a_Nhp mn Cng ngh phn mm'. Try using Self-healing.

2022-01-18 00:12:33 - [MESSAGE][WARNING] - [SELF-HEALING] The current locator of test object 'Object Repository/Create course/Page_Qun l kha hc v danh mc kha hc/a_Nhp mn Cng ngh phn mm' was broken. Propose an alternative one: '//a[contains(text(),'Nhập môn Công nghệ phần mềm')]'.

2022-01-18 00:12:34 - [MESSAGE][PASSED] - Object: 'Object Repository/Create course/Page_Qun l kha hc v danh mc kha hc/a_Nhp mn Cng ngh phn mm' is clicked on

2022-01-18 00:12:34 - [TEST_STEP][PASSED] - click(findTestObject("Object Repository/Create course/Page_Qun l kha hc v danh mc kha hc/a_Xo")): Object: 'Object Repository/Create course/Page_Qun l kha hc v danh mc kha hc/a_Xo' is clicked on

2022-01-18 00:12:41 - [MESSAGE][INFO] - Unable to find the element located by 'By.xpath: //a[@id='action_link61d570ff7b02a61']'. Please recheck the objects properties to make sure the desired element is located. 

2022-01-18 00:12:41 - [MESSAGE][WARNING] - [SELF-HEALING] Failed to find element with id 'Object Repository/Create course/Page_Qun l kha hc v danh mc kha hc/a_Xo'. Try using Self-healing.

2022-01-18 00:12:41 - [MESSAGE][WARNING] - [SELF-HEALING] The current locator of test object 'Object Repository/Create course/Page_Qun l kha hc v danh mc kha hc/a_Xo' was broken. Propose an alternative one: '//div[@id='course-detail']/div/div[2]/div/a[4]'.

2022-01-18 00:12:42 - [MESSAGE][PASSED] - Object: 'Object Repository/Create course/Page_Qun l kha hc v danh mc kha hc/a_Xo' is clicked on

2022-01-18 00:12:42 - [TEST_STEP][PASSED] - click(findTestObject("Object Repository/Create course/Page_Moodle Xo CNPM/button_Xo")): Object: 'Object Repository/Create course/Page_Moodle Xo CNPM/button_Xo' is clicked on

2022-01-18 00:12:49 - [MESSAGE][INFO] - Unable to find the element located by 'By.xpath: //button[@id='single_button61dfb22f3a4de19']'. Please recheck the objects properties to make sure the desired element is located. 

2022-01-18 00:12:49 - [MESSAGE][WARNING] - [SELF-HEALING] Failed to find element with id 'Object Repository/Create course/Page_Moodle Xo CNPM/button_Xo'. Try using Self-healing.

2022-01-18 00:12:49 - [MESSAGE][WARNING] - [SELF-HEALING] The current locator of test object 'Object Repository/Create course/Page_Moodle Xo CNPM/button_Xo' was broken. Propose an alternative one: '//div[@id='modal-footer']/div/div/form/button'.

2022-01-18 00:12:53 - [MESSAGE][PASSED] - Object: 'Object Repository/Create course/Page_Moodle Xo CNPM/button_Xo' is clicked on

2022-01-18 00:12:53 - [TEST_STEP][PASSED] - click(findTestObject("Object Repository/Create course/Page_Moodle Xo CNPM/button_Tip tc")): Object: 'Object Repository/Create course/Page_Moodle Xo CNPM/button_Tip tc' is clicked on

2022-01-18 00:12:59 - [MESSAGE][INFO] - Unable to find the element located by 'By.xpath: //button[@id='single_button61d571098d12119']'. Please recheck the objects properties to make sure the desired element is located. 

2022-01-18 00:12:59 - [MESSAGE][WARNING] - [SELF-HEALING] Failed to find element with id 'Object Repository/Create course/Page_Moodle Xo CNPM/button_Tip tc'. Try using Self-healing.

2022-01-18 00:12:59 - [MESSAGE][WARNING] - [SELF-HEALING] The current locator of test object 'Object Repository/Create course/Page_Moodle Xo CNPM/button_Tip tc' was broken. Propose an alternative one: '(.//*[normalize-space(text()) and normalize-space(.)='CNPM đã được xoá hoàn toàn'])[1]/following::button[1]'.

2022-01-18 00:13:02 - [MESSAGE][PASSED] - Object: 'Object Repository/Create course/Page_Moodle Xo CNPM/button_Tip tc' is clicked on

2022-01-18 00:13:02 - [MESSAGE][INFO] - 

2022-01-18 00:13:02 - [MESSAGE][INFO] - ===================== Self-healing Report ====================

2022-01-18 00:13:02 - [MESSAGE][INFO] - One of the failed test object locators has been recovered by Self-healing. Please refer to the Self-healing Insights tab for more details.

2022-01-18 00:13:02 - [MESSAGE][INFO] - To learn more about Self-healing, please read https://docs.katalon.com/katalon-studio/docs/self-healing.html

2022-01-18 00:13:02 - [MESSAGE][INFO] - ==============================================================

2022-01-18 00:13:02 - [MESSAGE][PASSED] - Call Test Case 'Test Cases/Utils/Delete course CNPM' successfully

2022-01-18 00:13:02 - [TEST_STEP][PASSED] - closeBrowser(): Browser is closed

2022-01-18 00:13:04 - [MESSAGE][PASSED] - Browser is closed]]></system-out>
         <system-err><![CDATA[]]></system-err>
      </testcase>
      <testcase name="Test Cases/Students answering question being overdue or on time/Answer choice question overdue" time="31.984" classname="Test Cases/Students answering question being overdue or on time/Answer choice question overdue" status="PASSED">
         <system-out><![CDATA[2022-01-18 00:13:04 - [TEST_CASE][PASSED] - Test Cases/Students answering question being overdue or on time/Answer choice question overdue: Test Cases/Students answering question being overdue or on time/Answer choice question overdue

2022-01-18 00:13:05 - [TEST_STEP][PASSED] - openBrowser(""): Browser is opened with url: ''

2022-01-18 00:13:05 - [MESSAGE][INFO] - Starting 'Edge Chromium' driver

2022-01-18 00:13:07 - [MESSAGE][INFO] - Action delay is set to 0 milliseconds

2022-01-18 00:13:10 - [MESSAGE][PASSED] - Browser is opened with url: ''

2022-01-18 00:13:10 - [TEST_STEP][PASSED] - navigateToUrl("http://localhost/"): Navigate to 'http://localhost/' successfully

2022-01-18 00:13:12 - [MESSAGE][PASSED] - Navigate to 'http://localhost/' successfully

2022-01-18 00:13:12 - [TEST_STEP][PASSED] - click(findTestObject("Object Repository/Student answering question being overdue or on time/Page_Local Moodle/a_Log in")): Object: 'Object Repository/Student answering question being overdue or on time/Page_Local Moodle/a_Log in' is clicked on

2022-01-18 00:13:14 - [MESSAGE][PASSED] - Object: 'Object Repository/Student answering question being overdue or on time/Page_Local Moodle/a_Log in' is clicked on

2022-01-18 00:13:14 - [TEST_STEP][PASSED] - setText(findTestObject("Object Repository/Student answering question being overdue or on time/Page_Local Moodle Log in to the site/input_Username_username"), "hs02"): Text 'hs02' is set on object 'Object Repository/Student answering question being overdue or on time/Page_Local Moodle Log in to the site/input_Username_username'

2022-01-18 00:13:15 - [MESSAGE][PASSED] - Text 'hs02' is set on object 'Object Repository/Student answering question being overdue or on time/Page_Local Moodle Log in to the site/input_Username_username'

2022-01-18 00:13:15 - [TEST_STEP][PASSED] - setEncryptedText(findTestObject("Object Repository/Student answering question being overdue or on time/Page_Local Moodle Log in to the site/input_Password_password"), "RigbBhfdqOBGP4y92+oMSw=="): Text ****** has been set on object 'Object Repository/Student answering question being overdue or on time/Page_Local Moodle Log in to the site/input_Password_password'

2022-01-18 00:13:16 - [MESSAGE][PASSED] - Text ****** has been set on object 'Object Repository/Student answering question being overdue or on time/Page_Local Moodle Log in to the site/input_Password_password'

2022-01-18 00:13:16 - [TEST_STEP][PASSED] - click(findTestObject("Object Repository/Student answering question being overdue or on time/Page_Local Moodle Log in to the site/button_Log in")): Object: 'Object Repository/Student answering question being overdue or on time/Page_Local Moodle Log in to the site/button_Log in' is clicked on

2022-01-18 00:13:19 - [MESSAGE][PASSED] - Object: 'Object Repository/Student answering question being overdue or on time/Page_Local Moodle Log in to the site/button_Log in' is clicked on

2022-01-18 00:13:19 - [TEST_STEP][PASSED] - click(findTestObject("Object Repository/Student answering question being overdue or on time/Page_Nh ca ti/span_Trang ch h thng")): Object: 'Object Repository/Student answering question being overdue or on time/Page_Nh ca ti/span_Trang ch h thng' is clicked on

2022-01-18 00:13:24 - [MESSAGE][PASSED] - Object: 'Object Repository/Student answering question being overdue or on time/Page_Nh ca ti/span_Trang ch h thng' is clicked on

2022-01-18 00:13:24 - [TEST_STEP][PASSED] - click(findTestObject("Object Repository/Student answering question being overdue or on time/Page_Local Moodle/a_Nhp mn cng ngh phn mm")): Object: 'Object Repository/Student answering question being overdue or on time/Page_Local Moodle/a_Nhp mn cng ngh phn mm' is clicked on

2022-01-18 00:13:26 - [MESSAGE][PASSED] - Object: 'Object Repository/Student answering question being overdue or on time/Page_Local Moodle/a_Nhp mn cng ngh phn mm' is clicked on

2022-01-18 00:13:26 - [TEST_STEP][PASSED] - click(findTestObject("Object Repository/Student answering question being overdue or on time/Page_Kha Nhp mn cng ngh phn mm/span_Cu hi trc nghim Cu hi thm d")): Object: 'Object Repository/Student answering question being overdue or on time/Page_Kha Nhp mn cng ngh phn mm/span_Cu hi trc nghim Cu hi thm d' is clicked on

2022-01-18 00:13:32 - [MESSAGE][INFO] - Unable to find the element located by 'By.xpath: //li[@id='module-136']/div/div/div[2]/div/a/span'. Please recheck the objects properties to make sure the desired element is located. 

2022-01-18 00:13:32 - [MESSAGE][WARNING] - [SELF-HEALING] Failed to find element with id 'Object Repository/Student answering question being overdue or on time/Page_Kha Nhp mn cng ngh phn mm/span_Cu hi trc nghim Cu hi thm d'. Try using Self-healing.

2022-01-18 00:13:33 - [MESSAGE][WARNING] - [SELF-HEALING] The current locator of test object 'Object Repository/Student answering question being overdue or on time/Page_Kha Nhp mn cng ngh phn mm/span_Cu hi trc nghim Cu hi thm d' was broken. Propose an alternative one: '(.//*[normalize-space(text()) and normalize-space(.)='Chủ đề 1'])[2]/following::span[1]'.

2022-01-18 00:13:34 - [MESSAGE][PASSED] - Object: 'Object Repository/Student answering question being overdue or on time/Page_Kha Nhp mn cng ngh phn mm/span_Cu hi trc nghim Cu hi thm d' is clicked on

2022-01-18 00:13:34 - [TEST_STEP][PASSED] - verifyElementText(findTestObject("Object Repository/Student answering question being overdue or on time/Page_Cu hi trc nghim/div_Hin khng th xem c kt qu"), "Hiện không thể xem được kết quả."): Actual text and expected text of test object 'Object Repository/Student answering question being overdue or on time/Page_Cu hi trc nghim/div_Hin khng th xem c kt qu' are matched.

2022-01-18 00:13:35 - [MESSAGE][PASSED] - Actual text and expected text of test object 'Object Repository/Student answering question being overdue or on time/Page_Cu hi trc nghim/div_Hin khng th xem c kt qu' are matched.

2022-01-18 00:13:35 - [TEST_STEP][PASSED] - closeBrowser(): Browser is closed

2022-01-18 00:13:36 - [MESSAGE][PASSED] - Browser is closed]]></system-out>
         <system-err><![CDATA[]]></system-err>
      </testcase>
      <testcase name="Test Cases/Students answering question being overdue or on time/Answer text question on time" time="246.045" classname="Test Cases/Students answering question being overdue or on time/Answer text question on time" status="PASSED">
         <system-out><![CDATA[2022-01-18 00:13:36 - [TEST_CASE][PASSED] - Test Cases/Students answering question being overdue or on time/Answer text question on time: Test Cases/Students answering question being overdue or on time/Answer text question on time

2022-01-18 00:13:37 - [TEST_STEP][PASSED] - openBrowser(""): Browser is opened with url: ''

2022-01-18 00:13:37 - [MESSAGE][INFO] - Starting 'Edge Chromium' driver

2022-01-18 00:13:39 - [MESSAGE][INFO] - Action delay is set to 0 milliseconds

2022-01-18 00:13:40 - [MESSAGE][PASSED] - Browser is opened with url: ''

2022-01-18 00:13:40 - [TEST_STEP][PASSED] - navigateToUrl("http://localhost/"): Navigate to 'http://localhost/' successfully

2022-01-18 00:13:43 - [MESSAGE][PASSED] - Navigate to 'http://localhost/' successfully

2022-01-18 00:13:43 - [TEST_STEP][PASSED] - callTestCase(findTestCase("Utils/Create course CNPM"), [:], STOP_ON_FAILURE): Call Test Case 'Test Cases/Utils/Create course CNPM' successfully

2022-01-18 00:13:43 - [TEST_CASE][PASSED] - Test Cases/Utils/Create course CNPM: Test Cases/Utils/Create course CNPM

2022-01-18 00:13:43 - [TEST_STEP][PASSED] - callTestCase(findTestCase("Utils/Login as admin"), [:], STOP_ON_FAILURE): Call Test Case 'Test Cases/Utils/Login as admin' successfully

2022-01-18 00:13:43 - [TEST_CASE][PASSED] - Test Cases/Utils/Login as admin: Test Cases/Utils/Login as admin

2022-01-18 00:13:43 - [TEST_STEP][PASSED] - click(findTestObject("View course grade/Page_Local Moodle/a_Log in")): Object: 'Object Repository/View course grade/Page_Local Moodle/a_Log in' is clicked on

2022-01-18 00:13:44 - [MESSAGE][PASSED] - Object: 'Object Repository/View course grade/Page_Local Moodle/a_Log in' is clicked on

2022-01-18 00:13:44 - [TEST_STEP][PASSED] - setText(findTestObject("View course grade/Page_Local Moodle Log in to the site/input_Username_username"), "admin"): Text 'admin' is set on object 'Object Repository/View course grade/Page_Local Moodle Log in to the site/input_Username_username'

2022-01-18 00:13:46 - [MESSAGE][PASSED] - Text 'admin' is set on object 'Object Repository/View course grade/Page_Local Moodle Log in to the site/input_Username_username'

2022-01-18 00:13:46 - [TEST_STEP][PASSED] - setEncryptedText(findTestObject("View course grade/Page_Local Moodle Log in to the site/input_Password_password"), "bfAykA/oWJ09FXmiKh6lyuuLu8QhG1K5"): Text ****** has been set on object 'Object Repository/View course grade/Page_Local Moodle Log in to the site/input_Password_password'

2022-01-18 00:13:47 - [MESSAGE][PASSED] - Text ****** has been set on object 'Object Repository/View course grade/Page_Local Moodle Log in to the site/input_Password_password'

2022-01-18 00:13:47 - [TEST_STEP][PASSED] - click(findTestObject("View course grade/Page_Local Moodle Log in to the site/button_Log in")): Object: 'Object Repository/View course grade/Page_Local Moodle Log in to the site/button_Log in' is clicked on

2022-01-18 00:13:53 - [MESSAGE][PASSED] - Object: 'Object Repository/View course grade/Page_Local Moodle Log in to the site/button_Log in' is clicked on

2022-01-18 00:13:53 - [MESSAGE][PASSED] - Call Test Case 'Test Cases/Utils/Login as admin' successfully

2022-01-18 00:13:53 - [TEST_STEP][PASSED] - click(findTestObject("Object Repository/Utils/Page_Nh ca ti/span_Qun tr khu vc")): Object: 'Object Repository/Utils/Page_Nh ca ti/span_Qun tr khu vc' is clicked on

2022-01-18 00:14:02 - [MESSAGE][PASSED] - Object: 'Object Repository/Utils/Page_Nh ca ti/span_Qun tr khu vc' is clicked on

2022-01-18 00:14:02 - [TEST_STEP][PASSED] - click(findTestObject("Object Repository/Utils/Page_Moodle Khu vc qun tr Tm kim/a_Kho hc")): Object: 'Object Repository/Utils/Page_Moodle Khu vc qun tr Tm kim/a_Kho hc' is clicked on

2022-01-18 00:14:03 - [MESSAGE][PASSED] - Object: 'Object Repository/Utils/Page_Moodle Khu vc qun tr Tm kim/a_Kho hc' is clicked on

2022-01-18 00:14:03 - [TEST_STEP][PASSED] - click(findTestObject("Object Repository/Utils/Page_Moodle Khu vc qun tr Tm kim/a_Thmsa cc kho hc")): Object: 'Object Repository/Utils/Page_Moodle Khu vc qun tr Tm kim/a_Thmsa cc kho hc' is clicked on

2022-01-18 00:14:06 - [MESSAGE][PASSED] - Object: 'Object Repository/Utils/Page_Moodle Khu vc qun tr Tm kim/a_Thmsa cc kho hc' is clicked on

2022-01-18 00:14:06 - [TEST_STEP][PASSED] - click(findTestObject("Object Repository/Utils/Page_Qun l kha hc v danh mc kha hc/a_To kha hc mi")): Object: 'Object Repository/Utils/Page_Qun l kha hc v danh mc kha hc/a_To kha hc mi' is clicked on

2022-01-18 00:14:12 - [MESSAGE][INFO] - Unable to find the element located by 'By.xpath: //div[@id='yui_3_17_2_1_1641906891631_57']/div/div/a'. Please recheck the objects properties to make sure the desired element is located. 

2022-01-18 00:14:12 - [MESSAGE][WARNING] - [SELF-HEALING] Failed to find element with id 'Object Repository/Utils/Page_Qun l kha hc v danh mc kha hc/a_To kha hc mi'. Try using Self-healing.

2022-01-18 00:14:13 - [MESSAGE][WARNING] - [SELF-HEALING] The current locator of test object 'Object Repository/Utils/Page_Qun l kha hc v danh mc kha hc/a_To kha hc mi' was broken. Propose an alternative one: '//a[contains(text(),'Tạo khóa học mới')]'.

2022-01-18 00:14:16 - [MESSAGE][PASSED] - Object: 'Object Repository/Utils/Page_Qun l kha hc v danh mc kha hc/a_To kha hc mi' is clicked on

2022-01-18 00:14:16 - [TEST_STEP][PASSED] - setText(findTestObject("Object Repository/Utils/Page_Moodle Thm kho hc mi/input_Tn y_fullname"), "Nhập môn Công nghệ phần mềm"): Text 'Nhập môn Công nghệ phần mềm' is set on object 'Object Repository/Utils/Page_Moodle Thm kho hc mi/input_Tn y_fullname'

2022-01-18 00:14:18 - [MESSAGE][PASSED] - Text 'Nhập môn Công nghệ phần mềm' is set on object 'Object Repository/Utils/Page_Moodle Thm kho hc mi/input_Tn y_fullname'

2022-01-18 00:14:18 - [TEST_STEP][PASSED] - setText(findTestObject("Object Repository/Utils/Page_Moodle Thm kho hc mi/input_Tn rt gn ca kho hc_shortname"), "CNPM"): Text 'CNPM' is set on object 'Object Repository/Utils/Page_Moodle Thm kho hc mi/input_Tn rt gn ca kho hc_shortname'

2022-01-18 00:14:20 - [MESSAGE][PASSED] - Text 'CNPM' is set on object 'Object Repository/Utils/Page_Moodle Thm kho hc mi/input_Tn rt gn ca kho hc_shortname'

2022-01-18 00:14:20 - [TEST_STEP][PASSED] - click(findTestObject("Object Repository/Utils/Page_Moodle Thm kho hc mi/input__saveanddisplay")): Object: 'Object Repository/Utils/Page_Moodle Thm kho hc mi/input__saveanddisplay' is clicked on

2022-01-18 00:14:23 - [MESSAGE][PASSED] - Object: 'Object Repository/Utils/Page_Moodle Thm kho hc mi/input__saveanddisplay' is clicked on

2022-01-18 00:14:23 - [TEST_STEP][PASSED] - click(findTestObject("Object Repository/Utils/Page_CNPM Danh sch thnh vin/input_Danh sch thnh vin_btn btn-secondary my-1")): Object: 'Object Repository/Utils/Page_CNPM Danh sch thnh vin/input_Danh sch thnh vin_btn btn-secondary my-1' is clicked on

2022-01-18 00:14:24 - [MESSAGE][PASSED] - Object: 'Object Repository/Utils/Page_CNPM Danh sch thnh vin/input_Danh sch thnh vin_btn btn-secondary my-1' is clicked on

2022-01-18 00:14:24 - [TEST_STEP][PASSED] - click(findTestObject("Object Repository/Utils/Page_CNPM Danh sch thnh vin/span_")): Object: 'Object Repository/Utils/Page_CNPM Danh sch thnh vin/span_' is clicked on

2022-01-18 00:14:30 - [MESSAGE][INFO] - Unable to find the element located by 'By.xpath: //span[@id='form_autocomplete_downarrow-1641965227117']'. Please recheck the objects properties to make sure the desired element is located. 

2022-01-18 00:14:30 - [MESSAGE][WARNING] - [SELF-HEALING] Failed to find element with id 'Object Repository/Utils/Page_CNPM Danh sch thnh vin/span_'. Try using Self-healing.

2022-01-18 00:14:30 - [MESSAGE][WARNING] - [SELF-HEALING] The current locator of test object 'Object Repository/Utils/Page_CNPM Danh sch thnh vin/span_' was broken. Propose an alternative one: '//div[@id='fitem_id_userlist']/div[2]/div[3]/span'.

2022-01-18 00:14:31 - [MESSAGE][PASSED] - Object: 'Object Repository/Utils/Page_CNPM Danh sch thnh vin/span_' is clicked on

2022-01-18 00:14:31 - [TEST_STEP][PASSED] - click(findTestObject("Object Repository/Utils/Page_CNPM Danh sch thnh vin/span_Student Nguyen")): Object: 'Object Repository/Utils/Page_CNPM Danh sch thnh vin/span_Student Nguyen' is clicked on

2022-01-18 00:14:37 - [MESSAGE][INFO] - Unable to find the element located by 'By.xpath: //li[@id='form_autocomplete_suggestions-1641965227117-0']/span/span'. Please recheck the objects properties to make sure the desired element is located. 

2022-01-18 00:14:37 - [MESSAGE][WARNING] - [SELF-HEALING] Failed to find element with id 'Object Repository/Utils/Page_CNPM Danh sch thnh vin/span_Student Nguyen'. Try using Self-healing.

2022-01-18 00:14:38 - [MESSAGE][WARNING] - [SELF-HEALING] The current locator of test object 'Object Repository/Utils/Page_CNPM Danh sch thnh vin/span_Student Nguyen' was broken. Propose an alternative one: '(.//*[normalize-space(text()) and normalize-space(.)='student@gmail.com'])[2]/preceding::span[1]'.

2022-01-18 00:14:38 - [MESSAGE][PASSED] - Object: 'Object Repository/Utils/Page_CNPM Danh sch thnh vin/span_Student Nguyen' is clicked on

2022-01-18 00:14:38 - [TEST_STEP][PASSED] - click(findTestObject("Object Repository/Utils/Page_CNPM Danh sch thnh vin/button_Ghi danh ngi dng")): Object: 'Object Repository/Utils/Page_CNPM Danh sch thnh vin/button_Ghi danh ngi dng' is clicked on

2022-01-18 00:14:44 - [MESSAGE][INFO] - Unable to find the element located by 'By.xpath: //button[@id='yui_3_17_2_1_1641965226678_264']'. Please recheck the objects properties to make sure the desired element is located. 

2022-01-18 00:14:44 - [MESSAGE][WARNING] - [SELF-HEALING] Failed to find element with id 'Object Repository/Utils/Page_CNPM Danh sch thnh vin/button_Ghi danh ngi dng'. Try using Self-healing.

2022-01-18 00:14:44 - [MESSAGE][WARNING] - [SELF-HEALING] The current locator of test object 'Object Repository/Utils/Page_CNPM Danh sch thnh vin/button_Ghi danh ngi dng' was broken. Propose an alternative one: '(.//*[normalize-space(text()) and normalize-space(.)='Phút'])[1]/following::button[1]'.

2022-01-18 00:14:45 - [MESSAGE][PASSED] - Object: 'Object Repository/Utils/Page_CNPM Danh sch thnh vin/button_Ghi danh ngi dng' is clicked on

2022-01-18 00:14:45 - [TEST_STEP][PASSED] - click(findTestObject("Object Repository/Utils/Page_CNPM Danh sch thnh vin/input_Danh sch thnh vin_btn btn-secondary my-1")): Object: 'Object Repository/Utils/Page_CNPM Danh sch thnh vin/input_Danh sch thnh vin_btn btn-secondary my-1' is clicked on

2022-01-18 00:14:47 - [MESSAGE][PASSED] - Object: 'Object Repository/Utils/Page_CNPM Danh sch thnh vin/input_Danh sch thnh vin_btn btn-secondary my-1' is clicked on

2022-01-18 00:14:47 - [TEST_STEP][PASSED] - selectOptionByValue(findTestObject("Object Repository/Create course/Page_CNPM Danh sch thnh vin/select_Ngi qun l            Gio vin        _4311d9"), "3", true): All options with value '3' are selected in object 'Object Repository/Create course/Page_CNPM Danh sch thnh vin/select_Ngi qun l            Gio vin        _4311d9'  using regular expression

2022-01-18 00:14:50 - [MESSAGE][PASSED] - All options with value '3' are selected in object 'Object Repository/Create course/Page_CNPM Danh sch thnh vin/select_Ngi qun l            Gio vin        _4311d9'  using regular expression

2022-01-18 00:14:50 - [TEST_STEP][PASSED] - click(findTestObject("Object Repository/Utils/Page_CNPM Danh sch thnh vin/span_")): Object: 'Object Repository/Utils/Page_CNPM Danh sch thnh vin/span_' is clicked on

2022-01-18 00:14:56 - [MESSAGE][INFO] - Unable to find the element located by 'By.xpath: //span[@id='form_autocomplete_downarrow-1641965227117']'. Please recheck the objects properties to make sure the desired element is located. 

2022-01-18 00:14:56 - [MESSAGE][WARNING] - [SELF-HEALING] Failed to find element with id 'Object Repository/Utils/Page_CNPM Danh sch thnh vin/span_'. Try using Self-healing.

2022-01-18 00:14:56 - [MESSAGE][WARNING] - [SELF-HEALING] The current locator of test object 'Object Repository/Utils/Page_CNPM Danh sch thnh vin/span_' was broken. Propose an alternative one: '//div[@id='fitem_id_userlist']/div[2]/div[3]/span'.

2022-01-18 00:14:56 - [MESSAGE][PASSED] - Object: 'Object Repository/Utils/Page_CNPM Danh sch thnh vin/span_' is clicked on

2022-01-18 00:14:56 - [TEST_STEP][PASSED] - click(findTestObject("Object Repository/Create course/Page_CNPM Danh sch thnh vin/span_Nguyen Van A")): Object: 'Object Repository/Create course/Page_CNPM Danh sch thnh vin/span_Nguyen Van A' is clicked on

2022-01-18 00:15:03 - [MESSAGE][INFO] - Unable to find the element located by 'By.xpath: //li[@id='form_autocomplete_suggestions-1642350427588-0']/span/span'. Please recheck the objects properties to make sure the desired element is located. 

2022-01-18 00:15:03 - [MESSAGE][WARNING] - [SELF-HEALING] Failed to find element with id 'Object Repository/Create course/Page_CNPM Danh sch thnh vin/span_Nguyen Van A'. Try using Self-healing.

2022-01-18 00:15:03 - [MESSAGE][WARNING] - [SELF-HEALING] The current locator of test object 'Object Repository/Create course/Page_CNPM Danh sch thnh vin/span_Nguyen Van A' was broken. Propose an alternative one: '(.//*[normalize-space(text()) and normalize-space(.)='▼'])[1]/following::span[2]'.

2022-01-18 00:15:03 - [MESSAGE][PASSED] - Object: 'Object Repository/Create course/Page_CNPM Danh sch thnh vin/span_Nguyen Van A' is clicked on

2022-01-18 00:15:03 - [TEST_STEP][PASSED] - click(findTestObject("Object Repository/Create course/Page_CNPM Danh sch thnh vin/button_Ghi danh ngi dng_1")): Object: 'Object Repository/Create course/Page_CNPM Danh sch thnh vin/button_Ghi danh ngi dng_1' is clicked on

2022-01-18 00:15:10 - [MESSAGE][INFO] - Unable to find the element located by 'By.xpath: //button[@id='yui_3_17_2_1_1642348738650_377']'. Please recheck the objects properties to make sure the desired element is located. 

2022-01-18 00:15:10 - [MESSAGE][WARNING] - [SELF-HEALING] Failed to find element with id 'Object Repository/Create course/Page_CNPM Danh sch thnh vin/button_Ghi danh ngi dng_1'. Try using Self-healing.

2022-01-18 00:15:10 - [MESSAGE][WARNING] - [SELF-HEALING] The current locator of test object 'Object Repository/Create course/Page_CNPM Danh sch thnh vin/button_Ghi danh ngi dng_1' was broken. Propose an alternative one: '(.//*[normalize-space(text()) and normalize-space(.)='Phút'])[1]/following::button[1]'.

2022-01-18 00:15:10 - [MESSAGE][PASSED] - Object: 'Object Repository/Create course/Page_CNPM Danh sch thnh vin/button_Ghi danh ngi dng_1' is clicked on

2022-01-18 00:15:10 - [TEST_STEP][PASSED] - click(findTestObject("Object Repository/Utils/Page_CNPM Danh sch thnh vin/span_CNPM")): Object: 'Object Repository/Utils/Page_CNPM Danh sch thnh vin/span_CNPM' is clicked on

2022-01-18 00:15:13 - [MESSAGE][PASSED] - Object: 'Object Repository/Utils/Page_CNPM Danh sch thnh vin/span_CNPM' is clicked on

2022-01-18 00:15:13 - [TEST_STEP][PASSED] - click(findTestObject("Create folder and quiz/Page_CNPM Danh sch thnh vin/a_Qun tr Thnh vin")): Object: 'Object Repository/Create folder and quiz/Page_CNPM Danh sch thnh vin/a_Qun tr Thnh vin' is clicked on

2022-01-18 00:15:14 - [MESSAGE][PASSED] - Object: 'Object Repository/Create folder and quiz/Page_CNPM Danh sch thnh vin/a_Qun tr Thnh vin' is clicked on

2022-01-18 00:15:14 - [TEST_STEP][PASSED] - click(findTestObject("Create folder and quiz/Page_CNPM Danh sch thnh vin/span_Thot")): Object: 'Object Repository/Create folder and quiz/Page_CNPM Danh sch thnh vin/span_Thot' is clicked on

2022-01-18 00:15:15 - [MESSAGE][PASSED] - Object: 'Object Repository/Create folder and quiz/Page_CNPM Danh sch thnh vin/span_Thot' is clicked on

2022-01-18 00:15:15 - [MESSAGE][INFO] - 

2022-01-18 00:15:15 - [MESSAGE][INFO] - ===================== Self-healing Report ====================

2022-01-18 00:15:15 - [MESSAGE][INFO] - One of the failed test object locators has been recovered by Self-healing. Please refer to the Self-healing Insights tab for more details.

2022-01-18 00:15:15 - [MESSAGE][INFO] - To learn more about Self-healing, please read https://docs.katalon.com/katalon-studio/docs/self-healing.html

2022-01-18 00:15:15 - [MESSAGE][INFO] - ==============================================================

2022-01-18 00:15:15 - [MESSAGE][PASSED] - Call Test Case 'Test Cases/Utils/Create course CNPM' successfully

2022-01-18 00:15:15 - [TEST_STEP][PASSED] - callTestCase(findTestCase("Utils/Login as teacher"), [:], STOP_ON_FAILURE): Call Test Case 'Test Cases/Utils/Login as teacher' successfully

2022-01-18 00:15:15 - [TEST_CASE][PASSED] - Test Cases/Utils/Login as teacher: Test Cases/Utils/Login as teacher

2022-01-18 00:15:15 - [TEST_STEP][PASSED] - click(findTestObject("Create folder and quiz/Page_Local Moodle/a_Log in")): Object: 'Object Repository/Create folder and quiz/Page_Local Moodle/a_Log in' is clicked on

2022-01-18 00:15:17 - [MESSAGE][PASSED] - Object: 'Object Repository/Create folder and quiz/Page_Local Moodle/a_Log in' is clicked on

2022-01-18 00:15:17 - [TEST_STEP][PASSED] - setText(findTestObject("Object Repository/Create course/Page_New Moodle Site Log in to the site/input_Username_username"), "hs01"): Text 'hs01' is set on object 'Object Repository/Create course/Page_New Moodle Site Log in to the site/input_Username_username'

2022-01-18 00:15:18 - [MESSAGE][PASSED] - Text 'hs01' is set on object 'Object Repository/Create course/Page_New Moodle Site Log in to the site/input_Username_username'

2022-01-18 00:15:18 - [TEST_STEP][PASSED] - setEncryptedText(findTestObject("Object Repository/Create course/Page_New Moodle Site Log in to the site/input_Password_password"), "o5TCnEIIWq2SeGQhIMNXLQ=="): Text ****** has been set on object 'Object Repository/Create course/Page_New Moodle Site Log in to the site/input_Password_password'

2022-01-18 00:15:19 - [MESSAGE][PASSED] - Text ****** has been set on object 'Object Repository/Create course/Page_New Moodle Site Log in to the site/input_Password_password'

2022-01-18 00:15:19 - [TEST_STEP][PASSED] - click(findTestObject("Create folder and quiz/Page_Local Moodle Log in to the site/button_Log in")): Object: 'Object Repository/Create folder and quiz/Page_Local Moodle Log in to the site/button_Log in' is clicked on

2022-01-18 00:15:22 - [MESSAGE][PASSED] - Object: 'Object Repository/Create folder and quiz/Page_Local Moodle Log in to the site/button_Log in' is clicked on

2022-01-18 00:15:22 - [MESSAGE][INFO] - 

2022-01-18 00:15:22 - [MESSAGE][INFO] - ===================== Self-healing Report ====================

2022-01-18 00:15:22 - [MESSAGE][INFO] - One of the failed test object locators has been recovered by Self-healing. Please refer to the Self-healing Insights tab for more details.

2022-01-18 00:15:22 - [MESSAGE][INFO] - To learn more about Self-healing, please read https://docs.katalon.com/katalon-studio/docs/self-healing.html

2022-01-18 00:15:22 - [MESSAGE][INFO] - ==============================================================

2022-01-18 00:15:22 - [MESSAGE][PASSED] - Call Test Case 'Test Cases/Utils/Login as teacher' successfully

2022-01-18 00:15:22 - [TEST_STEP][PASSED] - click(findTestObject("Object Repository/Create folder and quiz/Page_Nh ca ti/span_Trang ch h thng")): Object: 'Object Repository/Create folder and quiz/Page_Nh ca ti/span_Trang ch h thng' is clicked on

2022-01-18 00:15:26 - [MESSAGE][PASSED] - Object: 'Object Repository/Create folder and quiz/Page_Nh ca ti/span_Trang ch h thng' is clicked on

2022-01-18 00:15:26 - [TEST_STEP][PASSED] - click(findTestObject("Object Repository/Create folder and quiz/Page_New Moodle Site/a_Nhp mn Cng ngh phn mm")): Object: 'Object Repository/Create folder and quiz/Page_New Moodle Site/a_Nhp mn Cng ngh phn mm' is clicked on

2022-01-18 00:15:28 - [MESSAGE][PASSED] - Object: 'Object Repository/Create folder and quiz/Page_New Moodle Site/a_Nhp mn Cng ngh phn mm' is clicked on

2022-01-18 00:15:28 - [TEST_STEP][PASSED] - click(findTestObject("Object Repository/Create folder and quiz/Page_Kha Nhp mn Cng ngh phn mm/button_Bt ch  chnh sa")): Object: 'Object Repository/Create folder and quiz/Page_Kha Nhp mn Cng ngh phn mm/button_Bt ch  chnh sa' is clicked on

2022-01-18 00:15:34 - [MESSAGE][INFO] - Unable to find the element located by 'By.xpath: //button[@id='single_button61e44f855865c1']'. Please recheck the objects properties to make sure the desired element is located. 

2022-01-18 00:15:34 - [MESSAGE][WARNING] - [SELF-HEALING] Failed to find element with id 'Object Repository/Create folder and quiz/Page_Kha Nhp mn Cng ngh phn mm/button_Bt ch  chnh sa'. Try using Self-healing.

2022-01-18 00:15:35 - [MESSAGE][WARNING] - [SELF-HEALING] The current locator of test object 'Object Repository/Create folder and quiz/Page_Kha Nhp mn Cng ngh phn mm/button_Bt ch  chnh sa' was broken. Propose an alternative one: '(.//*[normalize-space(text()) and normalize-space(.)='Các khoá học của tôi'])[2]/following::button[1]'.

2022-01-18 00:15:36 - [MESSAGE][PASSED] - Object: 'Object Repository/Create folder and quiz/Page_Kha Nhp mn Cng ngh phn mm/button_Bt ch  chnh sa' is clicked on

2022-01-18 00:15:36 - [TEST_STEP][PASSED] - click(findTestObject("Object Repository/Create folder and quiz/Page_Kha Nhp mn Cng ngh phn mm/span_Thm hot ng hoc ti nguyn")): Object: 'Object Repository/Create folder and quiz/Page_Kha Nhp mn Cng ngh phn mm/span_Thm hot ng hoc ti nguyn' is clicked on

2022-01-18 00:15:42 - [MESSAGE][INFO] - Unable to find the element located by 'By.xpath: //*[@id = 'yui_3_17_2_1_1642352521094_616' and (text() = 'Thêm hoạt động hoặc tài nguyên' or . = 'Thêm hoạt động hoặc tài nguyên')]'. Please recheck the objects properties to make sure the desired element is located. 

2022-01-18 00:15:42 - [MESSAGE][WARNING] - [SELF-HEALING] Failed to find element with id 'Object Repository/Create folder and quiz/Page_Kha Nhp mn Cng ngh phn mm/span_Thm hot ng hoc ti nguyn'. Try using Self-healing.

2022-01-18 00:15:43 - [MESSAGE][WARNING] - [SELF-HEALING] The current locator of test object 'Object Repository/Create folder and quiz/Page_Kha Nhp mn Cng ngh phn mm/span_Thm hot ng hoc ti nguyn' was broken. Propose an alternative one: '(.//*[normalize-space(text()) and normalize-space(.)='Chủ đề 1'])[2]/following::span[3]'.

2022-01-18 00:15:43 - [MESSAGE][PASSED] - Object: 'Object Repository/Create folder and quiz/Page_Kha Nhp mn Cng ngh phn mm/span_Thm hot ng hoc ti nguyn' is clicked on

2022-01-18 00:15:43 - [TEST_STEP][PASSED] - click(findTestObject("Object Repository/Student answering question being overdue or on time/Page_Kha Nhp mn cng ngh phn mm/div_Bi tp")): Object: 'Object Repository/Student answering question being overdue or on time/Page_Kha Nhp mn cng ngh phn mm/div_Bi tp' is clicked on

2022-01-18 00:15:48 - [MESSAGE][PASSED] - Object: 'Object Repository/Student answering question being overdue or on time/Page_Kha Nhp mn cng ngh phn mm/div_Bi tp' is clicked on

2022-01-18 00:15:48 - [TEST_STEP][PASSED] - setText(findTestObject("Object Repository/Student answering question being overdue or on time/Page_Bin son Bi tp/input_Tn bi tp_name"), "Trả lời câu hỏi trực tiếp"): Text 'Trả lời câu hỏi trực tiếp' is set on object 'Object Repository/Student answering question being overdue or on time/Page_Bin son Bi tp/input_Tn bi tp_name'

2022-01-18 00:15:50 - [MESSAGE][PASSED] - Text 'Trả lời câu hỏi trực tiếp' is set on object 'Object Repository/Student answering question being overdue or on time/Page_Bin son Bi tp/input_Tn bi tp_name'

2022-01-18 00:15:50 - [TEST_STEP][PASSED] - setText(findTestObject("Object Repository/Student answering question being overdue or on time/Page_Bin son Bi tp/div_Tr li cu hi sau"), "<p dir="ltr" style="text-align: left;">Trả lời câu hỏi sau</p>"): Text '<p dir="ltr" style="text-align: left;">Trả lời câu hỏi sau</p>' is set on object 'Object Repository/Student answering question being overdue or on time/Page_Bin son Bi tp/div_Tr li cu hi sau'

2022-01-18 00:15:53 - [MESSAGE][PASSED] - Text '<p dir="ltr" style="text-align: left;">Trả lời câu hỏi sau</p>' is set on object 'Object Repository/Student answering question being overdue or on time/Page_Bin son Bi tp/div_Tr li cu hi sau'

2022-01-18 00:15:53 - [TEST_STEP][PASSED] - click(findTestObject("Object Repository/Student answering question being overdue or on time/Page_Bin son Bi tp/input_Vn bn trc tuyn_assignsubmission_onlin_3ee3b4")): Object: 'Object Repository/Student answering question being overdue or on time/Page_Bin son Bi tp/input_Vn bn trc tuyn_assignsubmission_onlin_3ee3b4' is clicked on

2022-01-18 00:15:53 - [MESSAGE][PASSED] - Object: 'Object Repository/Student answering question being overdue or on time/Page_Bin son Bi tp/input_Vn bn trc tuyn_assignsubmission_onlin_3ee3b4' is clicked on

2022-01-18 00:15:53 - [TEST_STEP][PASSED] - click(findTestObject("Object Repository/Student answering question being overdue or on time/Page_Bin son Bi tp/input_Upon activity completion_submitbutton")): Object: 'Object Repository/Student answering question being overdue or on time/Page_Bin son Bi tp/input_Upon activity completion_submitbutton' is clicked on

2022-01-18 00:15:56 - [MESSAGE][PASSED] - Object: 'Object Repository/Student answering question being overdue or on time/Page_Bin son Bi tp/input_Upon activity completion_submitbutton' is clicked on

2022-01-18 00:15:56 - [TEST_STEP][PASSED] - click(findTestObject("Object Repository/Student answering question being overdue or on time/Page_NM CNPM Tr li cu hi trc tip/a_Van A Nguyen")): Object: 'Object Repository/Student answering question being overdue or on time/Page_NM CNPM Tr li cu hi trc tip/a_Van A Nguyen' is clicked on

2022-01-18 00:15:57 - [MESSAGE][PASSED] - Object: 'Object Repository/Student answering question being overdue or on time/Page_NM CNPM Tr li cu hi trc tip/a_Van A Nguyen' is clicked on

2022-01-18 00:15:57 - [TEST_STEP][PASSED] - click(findTestObject("Object Repository/Student answering question being overdue or on time/Page_NM CNPM Tr li cu hi trc tip/a_Thot")): Object: 'Object Repository/Student answering question being overdue or on time/Page_NM CNPM Tr li cu hi trc tip/a_Thot' is clicked on

2022-01-18 00:15:59 - [MESSAGE][PASSED] - Object: 'Object Repository/Student answering question being overdue or on time/Page_NM CNPM Tr li cu hi trc tip/a_Thot' is clicked on

2022-01-18 00:15:59 - [TEST_STEP][PASSED] - callTestCase(findTestCase("Utils/Login as student"), [:], STOP_ON_FAILURE): Call Test Case 'Test Cases/Utils/Login as student' successfully

2022-01-18 00:15:59 - [TEST_CASE][PASSED] - Test Cases/Utils/Login as student: Test Cases/Utils/Login as student

2022-01-18 00:15:59 - [TEST_STEP][PASSED] - click(findTestObject("Create folder and quiz/Page_Local Moodle/a_Log in")): Object: 'Object Repository/Create folder and quiz/Page_Local Moodle/a_Log in' is clicked on

2022-01-18 00:16:00 - [MESSAGE][PASSED] - Object: 'Object Repository/Create folder and quiz/Page_Local Moodle/a_Log in' is clicked on

2022-01-18 00:16:00 - [TEST_STEP][PASSED] - setText(findTestObject("Create folder and quiz/Page_Local Moodle Log in to the site/input_Username_username"), "student"): Text 'student' is set on object 'Object Repository/Create folder and quiz/Page_Local Moodle Log in to the site/input_Username_username'

2022-01-18 00:16:02 - [MESSAGE][PASSED] - Text 'student' is set on object 'Object Repository/Create folder and quiz/Page_Local Moodle Log in to the site/input_Username_username'

2022-01-18 00:16:02 - [TEST_STEP][PASSED] - setEncryptedText(findTestObject("Create folder and quiz/Page_Local Moodle Log in to the site/input_Password_password"), "ie7bep3f1gXYsgY0lkRhPw=="): Text ****** has been set on object 'Object Repository/Create folder and quiz/Page_Local Moodle Log in to the site/input_Password_password'

2022-01-18 00:16:02 - [MESSAGE][PASSED] - Text ****** has been set on object 'Object Repository/Create folder and quiz/Page_Local Moodle Log in to the site/input_Password_password'

2022-01-18 00:16:02 - [TEST_STEP][PASSED] - click(findTestObject("Create folder and quiz/Page_Local Moodle Log in to the site/button_Log in")): Object: 'Object Repository/Create folder and quiz/Page_Local Moodle Log in to the site/button_Log in' is clicked on

2022-01-18 00:16:06 - [MESSAGE][PASSED] - Object: 'Object Repository/Create folder and quiz/Page_Local Moodle Log in to the site/button_Log in' is clicked on

2022-01-18 00:16:06 - [MESSAGE][INFO] - 

2022-01-18 00:16:06 - [MESSAGE][INFO] - ===================== Self-healing Report ====================

2022-01-18 00:16:06 - [MESSAGE][INFO] - One of the failed test object locators has been recovered by Self-healing. Please refer to the Self-healing Insights tab for more details.

2022-01-18 00:16:06 - [MESSAGE][INFO] - To learn more about Self-healing, please read https://docs.katalon.com/katalon-studio/docs/self-healing.html

2022-01-18 00:16:06 - [MESSAGE][INFO] - ==============================================================

2022-01-18 00:16:06 - [MESSAGE][PASSED] - Call Test Case 'Test Cases/Utils/Login as student' successfully

2022-01-18 00:16:06 - [TEST_STEP][PASSED] - click(findTestObject("Object Repository/Student answering question being overdue or on time/Page_Nh ca ti/span_Trang ch h thng")): Object: 'Object Repository/Student answering question being overdue or on time/Page_Nh ca ti/span_Trang ch h thng' is clicked on

2022-01-18 00:16:09 - [MESSAGE][PASSED] - Object: 'Object Repository/Student answering question being overdue or on time/Page_Nh ca ti/span_Trang ch h thng' is clicked on

2022-01-18 00:16:09 - [TEST_STEP][PASSED] - click(findTestObject("Object Repository/Student answering question being overdue or on time/Page_New Moodle Site/a_Nhp mn Cng ngh phn mm")): Object: 'Object Repository/Student answering question being overdue or on time/Page_New Moodle Site/a_Nhp mn Cng ngh phn mm' is clicked on

2022-01-18 00:16:11 - [MESSAGE][PASSED] - Object: 'Object Repository/Student answering question being overdue or on time/Page_New Moodle Site/a_Nhp mn Cng ngh phn mm' is clicked on

2022-01-18 00:16:11 - [TEST_STEP][PASSED] - click(findTestObject("Object Repository/Student answering question being overdue or on time/Page_Kha Nhp mn Cng ngh phn mm/span_Tr li cu hi trc tip Bi tp")): Object: 'Object Repository/Student answering question being overdue or on time/Page_Kha Nhp mn Cng ngh phn mm/span_Tr li cu hi trc tip Bi tp' is clicked on

2022-01-18 00:16:17 - [MESSAGE][INFO] - Unable to find the element located by 'By.xpath: //li[@id='module-142']/div/div/div[2]/div/a/span'. Please recheck the objects properties to make sure the desired element is located. 

2022-01-18 00:16:17 - [MESSAGE][WARNING] - [SELF-HEALING] Failed to find element with id 'Object Repository/Student answering question being overdue or on time/Page_Kha Nhp mn Cng ngh phn mm/span_Tr li cu hi trc tip Bi tp'. Try using Self-healing.

2022-01-18 00:16:18 - [MESSAGE][WARNING] - [SELF-HEALING] The current locator of test object 'Object Repository/Student answering question being overdue or on time/Page_Kha Nhp mn Cng ngh phn mm/span_Tr li cu hi trc tip Bi tp' was broken. Propose an alternative one: '(.//*[normalize-space(text()) and normalize-space(.)='Chủ đề 1'])[2]/following::span[1]'.

2022-01-18 00:16:19 - [MESSAGE][PASSED] - Object: 'Object Repository/Student answering question being overdue or on time/Page_Kha Nhp mn Cng ngh phn mm/span_Tr li cu hi trc tip Bi tp' is clicked on

2022-01-18 00:16:19 - [TEST_STEP][PASSED] - click(findTestObject("Object Repository/Student answering question being overdue or on time/Page_CNPM Tr li cu hi trc tip/button_Thm bi np")): Object: 'Object Repository/Student answering question being overdue or on time/Page_CNPM Tr li cu hi trc tip/button_Thm bi np' is clicked on

2022-01-18 00:16:25 - [MESSAGE][INFO] - Unable to find the element located by 'By.xpath: //button[@id='single_button61e573f52d87020']'. Please recheck the objects properties to make sure the desired element is located. 

2022-01-18 00:16:25 - [MESSAGE][WARNING] - [SELF-HEALING] Failed to find element with id 'Object Repository/Student answering question being overdue or on time/Page_CNPM Tr li cu hi trc tip/button_Thm bi np'. Try using Self-healing.

2022-01-18 00:16:26 - [MESSAGE][WARNING] - [SELF-HEALING] The current locator of test object 'Object Repository/Student answering question being overdue or on time/Page_CNPM Tr li cu hi trc tip/button_Thm bi np' was broken. Propose an alternative one: '//section[@id='region-main']/div/div[3]/div[2]/div/form/button'.

2022-01-18 00:16:29 - [MESSAGE][PASSED] - Object: 'Object Repository/Student answering question being overdue or on time/Page_CNPM Tr li cu hi trc tip/button_Thm bi np' is clicked on

2022-01-18 00:16:29 - [TEST_STEP][PASSED] - setText(findTestObject("Object Repository/Student answering question being overdue or on time/Page_CNPM Tr li cu hi trc tip - Sa bi lm/div_hello"), "hello"): Text 'hello' is set on object 'Object Repository/Student answering question being overdue or on time/Page_CNPM Tr li cu hi trc tip - Sa bi lm/div_hello'

2022-01-18 00:16:31 - [MESSAGE][PASSED] - Text 'hello' is set on object 'Object Repository/Student answering question being overdue or on time/Page_CNPM Tr li cu hi trc tip - Sa bi lm/div_hello'

2022-01-18 00:16:31 - [TEST_STEP][PASSED] - click(findTestObject("Object Repository/Student answering question being overdue or on time/Page_CNPM Tr li cu hi trc tip - Sa bi lm/input_ang ti_submitbutton")): Object: 'Object Repository/Student answering question being overdue or on time/Page_CNPM Tr li cu hi trc tip - Sa bi lm/input_ang ti_submitbutton' is clicked on

2022-01-18 00:16:36 - [MESSAGE][PASSED] - Object: 'Object Repository/Student answering question being overdue or on time/Page_CNPM Tr li cu hi trc tip - Sa bi lm/input_ang ti_submitbutton' is clicked on

2022-01-18 00:16:36 - [TEST_STEP][PASSED] - verifyElementText(findTestObject("Object Repository/Student answering question being overdue or on time/Page_NM CNPM Tr li cu hi trc tip/td_np  chm im"), "Đã nộp để chấm điểm"): Actual text and expected text of test object 'Object Repository/Student answering question being overdue or on time/Page_NM CNPM Tr li cu hi trc tip/td_np  chm im' are matched.

2022-01-18 00:16:37 - [MESSAGE][PASSED] - Actual text and expected text of test object 'Object Repository/Student answering question being overdue or on time/Page_NM CNPM Tr li cu hi trc tip/td_np  chm im' are matched.

2022-01-18 00:16:37 - [TEST_STEP][PASSED] - verifyElementText(findTestObject("Object Repository/Student answering question being overdue or on time/Page_NM CNPM Tr li cu hi trc tip/td_Cha chm im"), "Chưa chấm điểm"): Actual text and expected text of test object 'Object Repository/Student answering question being overdue or on time/Page_NM CNPM Tr li cu hi trc tip/td_Cha chm im' are matched.

2022-01-18 00:16:37 - [MESSAGE][PASSED] - Actual text and expected text of test object 'Object Repository/Student answering question being overdue or on time/Page_NM CNPM Tr li cu hi trc tip/td_Cha chm im' are matched.

2022-01-18 00:16:37 - [TEST_STEP][PASSED] - click(findTestObject("Create folder and quiz/Page_quiz1 Xem li ln lm th/a_Student Nguyen")): Object: 'Object Repository/Create folder and quiz/Page_quiz1 Xem li ln lm th/a_Student Nguyen' is clicked on

2022-01-18 00:16:38 - [MESSAGE][PASSED] - Object: 'Object Repository/Create folder and quiz/Page_quiz1 Xem li ln lm th/a_Student Nguyen' is clicked on

2022-01-18 00:16:38 - [TEST_STEP][PASSED] - click(findTestObject("Create folder and quiz/Page_quiz1 Xem li ln lm th/span_Thot")): Object: 'Object Repository/Create folder and quiz/Page_quiz1 Xem li ln lm th/span_Thot' is clicked on

2022-01-18 00:16:40 - [MESSAGE][PASSED] - Object: 'Object Repository/Create folder and quiz/Page_quiz1 Xem li ln lm th/span_Thot' is clicked on

2022-01-18 00:16:40 - [TEST_STEP][PASSED] - callTestCase(findTestCase("Utils/Delete course CNPM"), [:], STOP_ON_FAILURE): Call Test Case 'Test Cases/Utils/Delete course CNPM' successfully

2022-01-18 00:16:40 - [TEST_CASE][PASSED] - Test Cases/Utils/Delete course CNPM: Test Cases/Utils/Delete course CNPM

2022-01-18 00:16:40 - [TEST_STEP][PASSED] - callTestCase(findTestCase("Utils/Login as admin"), [:], STOP_ON_FAILURE): Call Test Case 'Test Cases/Utils/Login as admin' successfully

2022-01-18 00:16:40 - [TEST_CASE][PASSED] - Test Cases/Utils/Login as admin: Test Cases/Utils/Login as admin

2022-01-18 00:16:40 - [TEST_STEP][PASSED] - click(findTestObject("View course grade/Page_Local Moodle/a_Log in")): Object: 'Object Repository/View course grade/Page_Local Moodle/a_Log in' is clicked on

2022-01-18 00:16:41 - [MESSAGE][PASSED] - Object: 'Object Repository/View course grade/Page_Local Moodle/a_Log in' is clicked on

2022-01-18 00:16:41 - [TEST_STEP][PASSED] - setText(findTestObject("View course grade/Page_Local Moodle Log in to the site/input_Username_username"), "admin"): Text 'admin' is set on object 'Object Repository/View course grade/Page_Local Moodle Log in to the site/input_Username_username'

2022-01-18 00:16:42 - [MESSAGE][PASSED] - Text 'admin' is set on object 'Object Repository/View course grade/Page_Local Moodle Log in to the site/input_Username_username'

2022-01-18 00:16:42 - [TEST_STEP][PASSED] - setEncryptedText(findTestObject("View course grade/Page_Local Moodle Log in to the site/input_Password_password"), "bfAykA/oWJ09FXmiKh6lyuuLu8QhG1K5"): Text ****** has been set on object 'Object Repository/View course grade/Page_Local Moodle Log in to the site/input_Password_password'

2022-01-18 00:16:43 - [MESSAGE][PASSED] - Text ****** has been set on object 'Object Repository/View course grade/Page_Local Moodle Log in to the site/input_Password_password'

2022-01-18 00:16:43 - [TEST_STEP][PASSED] - click(findTestObject("View course grade/Page_Local Moodle Log in to the site/button_Log in")): Object: 'Object Repository/View course grade/Page_Local Moodle Log in to the site/button_Log in' is clicked on

2022-01-18 00:16:47 - [MESSAGE][PASSED] - Object: 'Object Repository/View course grade/Page_Local Moodle Log in to the site/button_Log in' is clicked on

2022-01-18 00:16:47 - [MESSAGE][INFO] - 

2022-01-18 00:16:47 - [MESSAGE][INFO] - ===================== Self-healing Report ====================

2022-01-18 00:16:47 - [MESSAGE][INFO] - One of the failed test object locators has been recovered by Self-healing. Please refer to the Self-healing Insights tab for more details.

2022-01-18 00:16:47 - [MESSAGE][INFO] - To learn more about Self-healing, please read https://docs.katalon.com/katalon-studio/docs/self-healing.html

2022-01-18 00:16:47 - [MESSAGE][INFO] - ==============================================================

2022-01-18 00:16:47 - [MESSAGE][PASSED] - Call Test Case 'Test Cases/Utils/Login as admin' successfully

2022-01-18 00:16:47 - [TEST_STEP][PASSED] - click(findTestObject("Object Repository/Create course/Page_Nh ca ti/span_Qun tr khu vc")): Object: 'Object Repository/Create course/Page_Nh ca ti/span_Qun tr khu vc' is clicked on

2022-01-18 00:16:54 - [MESSAGE][PASSED] - Object: 'Object Repository/Create course/Page_Nh ca ti/span_Qun tr khu vc' is clicked on

2022-01-18 00:16:54 - [TEST_STEP][PASSED] - click(findTestObject("Object Repository/Create course/Page_Moodle Khu vc qun tr Tm kim/a_Kho hc")): Object: 'Object Repository/Create course/Page_Moodle Khu vc qun tr Tm kim/a_Kho hc' is clicked on

2022-01-18 00:16:55 - [MESSAGE][PASSED] - Object: 'Object Repository/Create course/Page_Moodle Khu vc qun tr Tm kim/a_Kho hc' is clicked on

2022-01-18 00:16:55 - [TEST_STEP][PASSED] - click(findTestObject("Object Repository/Create course/Page_Moodle Khu vc qun tr Tm kim/a_Thmsa cc kho hc")): Object: 'Object Repository/Create course/Page_Moodle Khu vc qun tr Tm kim/a_Thmsa cc kho hc' is clicked on

2022-01-18 00:16:56 - [MESSAGE][PASSED] - Object: 'Object Repository/Create course/Page_Moodle Khu vc qun tr Tm kim/a_Thmsa cc kho hc' is clicked on

2022-01-18 00:16:56 - [TEST_STEP][PASSED] - click(findTestObject("Object Repository/Create course/Page_Qun l kha hc v danh mc kha hc/div_La chn hnh ng hng lot Nhp mn Cng ngh ph_52747d")): Object: 'Object Repository/Create course/Page_Qun l kha hc v danh mc kha hc/div_La chn hnh ng hng lot Nhp mn Cng ngh ph_52747d' is clicked on

2022-01-18 00:17:03 - [MESSAGE][INFO] - Unable to find the element located by 'By.xpath: //div[@id='yui_3_17_2_1_1641378024996_198']'. Please recheck the objects properties to make sure the desired element is located. 

2022-01-18 00:17:03 - [MESSAGE][WARNING] - [SELF-HEALING] Failed to find element with id 'Object Repository/Create course/Page_Qun l kha hc v danh mc kha hc/div_La chn hnh ng hng lot Nhp mn Cng ngh ph_52747d'. Try using Self-healing.

2022-01-18 00:17:03 - [MESSAGE][WARNING] - [SELF-HEALING] The current locator of test object 'Object Repository/Create course/Page_Qun l kha hc v danh mc kha hc/div_La chn hnh ng hng lot Nhp mn Cng ngh ph_52747d' was broken. Propose an alternative one: '(.//*[normalize-space(text()) and normalize-space(.)='Tất cả'])[1]/following::div[1]'.

2022-01-18 00:17:05 - [MESSAGE][PASSED] - Object: 'Object Repository/Create course/Page_Qun l kha hc v danh mc kha hc/div_La chn hnh ng hng lot Nhp mn Cng ngh ph_52747d' is clicked on

2022-01-18 00:17:05 - [TEST_STEP][PASSED] - click(findTestObject("Object Repository/Create course/Page_Qun l kha hc v danh mc kha hc/a_Nhp mn Cng ngh phn mm")): Object: 'Object Repository/Create course/Page_Qun l kha hc v danh mc kha hc/a_Nhp mn Cng ngh phn mm' is clicked on

2022-01-18 00:17:12 - [MESSAGE][INFO] - Unable to find the element located by 'By.xpath: //a[@id='yui_3_17_2_1_1641378024996_202']'. Please recheck the objects properties to make sure the desired element is located. 

2022-01-18 00:17:12 - [MESSAGE][WARNING] - [SELF-HEALING] Failed to find element with id 'Object Repository/Create course/Page_Qun l kha hc v danh mc kha hc/a_Nhp mn Cng ngh phn mm'. Try using Self-healing.

2022-01-18 00:17:12 - [MESSAGE][WARNING] - [SELF-HEALING] The current locator of test object 'Object Repository/Create course/Page_Qun l kha hc v danh mc kha hc/a_Nhp mn Cng ngh phn mm' was broken. Propose an alternative one: '//a[contains(text(),'Nhập môn Công nghệ phần mềm')]'.

2022-01-18 00:17:14 - [MESSAGE][PASSED] - Object: 'Object Repository/Create course/Page_Qun l kha hc v danh mc kha hc/a_Nhp mn Cng ngh phn mm' is clicked on

2022-01-18 00:17:14 - [TEST_STEP][PASSED] - click(findTestObject("Object Repository/Create course/Page_Qun l kha hc v danh mc kha hc/a_Xo")): Object: 'Object Repository/Create course/Page_Qun l kha hc v danh mc kha hc/a_Xo' is clicked on

2022-01-18 00:17:20 - [MESSAGE][INFO] - Unable to find the element located by 'By.xpath: //a[@id='action_link61d570ff7b02a61']'. Please recheck the objects properties to make sure the desired element is located. 

2022-01-18 00:17:20 - [MESSAGE][WARNING] - [SELF-HEALING] Failed to find element with id 'Object Repository/Create course/Page_Qun l kha hc v danh mc kha hc/a_Xo'. Try using Self-healing.

2022-01-18 00:17:21 - [MESSAGE][WARNING] - [SELF-HEALING] The current locator of test object 'Object Repository/Create course/Page_Qun l kha hc v danh mc kha hc/a_Xo' was broken. Propose an alternative one: '//div[@id='course-detail']/div/div[2]/div/a[4]'.

2022-01-18 00:17:22 - [MESSAGE][PASSED] - Object: 'Object Repository/Create course/Page_Qun l kha hc v danh mc kha hc/a_Xo' is clicked on

2022-01-18 00:17:22 - [TEST_STEP][PASSED] - click(findTestObject("Object Repository/Create course/Page_Moodle Xo CNPM/button_Xo")): Object: 'Object Repository/Create course/Page_Moodle Xo CNPM/button_Xo' is clicked on

2022-01-18 00:17:28 - [MESSAGE][INFO] - Unable to find the element located by 'By.xpath: //button[@id='single_button61dfb22f3a4de19']'. Please recheck the objects properties to make sure the desired element is located. 

2022-01-18 00:17:28 - [MESSAGE][WARNING] - [SELF-HEALING] Failed to find element with id 'Object Repository/Create course/Page_Moodle Xo CNPM/button_Xo'. Try using Self-healing.

2022-01-18 00:17:28 - [MESSAGE][WARNING] - [SELF-HEALING] The current locator of test object 'Object Repository/Create course/Page_Moodle Xo CNPM/button_Xo' was broken. Propose an alternative one: '//div[@id='modal-footer']/div/div/form/button'.

2022-01-18 00:17:31 - [MESSAGE][PASSED] - Object: 'Object Repository/Create course/Page_Moodle Xo CNPM/button_Xo' is clicked on

2022-01-18 00:17:31 - [TEST_STEP][PASSED] - click(findTestObject("Object Repository/Create course/Page_Moodle Xo CNPM/button_Tip tc")): Object: 'Object Repository/Create course/Page_Moodle Xo CNPM/button_Tip tc' is clicked on

2022-01-18 00:17:38 - [MESSAGE][INFO] - Unable to find the element located by 'By.xpath: //button[@id='single_button61d571098d12119']'. Please recheck the objects properties to make sure the desired element is located. 

2022-01-18 00:17:38 - [MESSAGE][WARNING] - [SELF-HEALING] Failed to find element with id 'Object Repository/Create course/Page_Moodle Xo CNPM/button_Tip tc'. Try using Self-healing.

2022-01-18 00:17:38 - [MESSAGE][WARNING] - [SELF-HEALING] The current locator of test object 'Object Repository/Create course/Page_Moodle Xo CNPM/button_Tip tc' was broken. Propose an alternative one: '(.//*[normalize-space(text()) and normalize-space(.)='CNPM đã được xoá hoàn toàn'])[1]/following::button[1]'.

2022-01-18 00:17:40 - [MESSAGE][PASSED] - Object: 'Object Repository/Create course/Page_Moodle Xo CNPM/button_Tip tc' is clicked on

2022-01-18 00:17:40 - [MESSAGE][INFO] - 

2022-01-18 00:17:40 - [MESSAGE][INFO] - ===================== Self-healing Report ====================

2022-01-18 00:17:40 - [MESSAGE][INFO] - One of the failed test object locators has been recovered by Self-healing. Please refer to the Self-healing Insights tab for more details.

2022-01-18 00:17:40 - [MESSAGE][INFO] - To learn more about Self-healing, please read https://docs.katalon.com/katalon-studio/docs/self-healing.html

2022-01-18 00:17:40 - [MESSAGE][INFO] - ==============================================================

2022-01-18 00:17:40 - [MESSAGE][PASSED] - Call Test Case 'Test Cases/Utils/Delete course CNPM' successfully

2022-01-18 00:17:40 - [TEST_STEP][PASSED] - closeBrowser(): Browser is closed

2022-01-18 00:17:42 - [MESSAGE][PASSED] - Browser is closed]]></system-out>
         <system-err><![CDATA[]]></system-err>
      </testcase>
      <testcase name="Test Cases/Students answering question being overdue or on time/Answer text question overdue" time="245.611" classname="Test Cases/Students answering question being overdue or on time/Answer text question overdue" status="PASSED">
         <system-out><![CDATA[2022-01-18 00:17:42 - [TEST_CASE][PASSED] - Test Cases/Students answering question being overdue or on time/Answer text question overdue: Test Cases/Students answering question being overdue or on time/Answer text question overdue

2022-01-18 00:17:43 - [TEST_STEP][PASSED] - openBrowser(""): Browser is opened with url: ''

2022-01-18 00:17:43 - [MESSAGE][INFO] - Starting 'Edge Chromium' driver

2022-01-18 00:17:45 - [MESSAGE][INFO] - Action delay is set to 0 milliseconds

2022-01-18 00:17:47 - [MESSAGE][PASSED] - Browser is opened with url: ''

2022-01-18 00:17:47 - [TEST_STEP][PASSED] - navigateToUrl("http://localhost/"): Navigate to 'http://localhost/' successfully

2022-01-18 00:17:50 - [MESSAGE][PASSED] - Navigate to 'http://localhost/' successfully

2022-01-18 00:17:50 - [TEST_STEP][PASSED] - callTestCase(findTestCase("Utils/Create course CNPM"), [:], STOP_ON_FAILURE): Call Test Case 'Test Cases/Utils/Create course CNPM' successfully

2022-01-18 00:17:50 - [TEST_CASE][PASSED] - Test Cases/Utils/Create course CNPM: Test Cases/Utils/Create course CNPM

2022-01-18 00:17:50 - [TEST_STEP][PASSED] - callTestCase(findTestCase("Utils/Login as admin"), [:], STOP_ON_FAILURE): Call Test Case 'Test Cases/Utils/Login as admin' successfully

2022-01-18 00:17:50 - [TEST_CASE][PASSED] - Test Cases/Utils/Login as admin: Test Cases/Utils/Login as admin

2022-01-18 00:17:50 - [TEST_STEP][PASSED] - click(findTestObject("View course grade/Page_Local Moodle/a_Log in")): Object: 'Object Repository/View course grade/Page_Local Moodle/a_Log in' is clicked on

2022-01-18 00:17:52 - [MESSAGE][PASSED] - Object: 'Object Repository/View course grade/Page_Local Moodle/a_Log in' is clicked on

2022-01-18 00:17:52 - [TEST_STEP][PASSED] - setText(findTestObject("View course grade/Page_Local Moodle Log in to the site/input_Username_username"), "admin"): Text 'admin' is set on object 'Object Repository/View course grade/Page_Local Moodle Log in to the site/input_Username_username'

2022-01-18 00:17:53 - [MESSAGE][PASSED] - Text 'admin' is set on object 'Object Repository/View course grade/Page_Local Moodle Log in to the site/input_Username_username'

2022-01-18 00:17:53 - [TEST_STEP][PASSED] - setEncryptedText(findTestObject("View course grade/Page_Local Moodle Log in to the site/input_Password_password"), "bfAykA/oWJ09FXmiKh6lyuuLu8QhG1K5"): Text ****** has been set on object 'Object Repository/View course grade/Page_Local Moodle Log in to the site/input_Password_password'

2022-01-18 00:17:54 - [MESSAGE][PASSED] - Text ****** has been set on object 'Object Repository/View course grade/Page_Local Moodle Log in to the site/input_Password_password'

2022-01-18 00:17:54 - [TEST_STEP][PASSED] - click(findTestObject("View course grade/Page_Local Moodle Log in to the site/button_Log in")): Object: 'Object Repository/View course grade/Page_Local Moodle Log in to the site/button_Log in' is clicked on

2022-01-18 00:17:58 - [MESSAGE][PASSED] - Object: 'Object Repository/View course grade/Page_Local Moodle Log in to the site/button_Log in' is clicked on

2022-01-18 00:17:58 - [MESSAGE][PASSED] - Call Test Case 'Test Cases/Utils/Login as admin' successfully

2022-01-18 00:17:58 - [TEST_STEP][PASSED] - click(findTestObject("Object Repository/Utils/Page_Nh ca ti/span_Qun tr khu vc")): Object: 'Object Repository/Utils/Page_Nh ca ti/span_Qun tr khu vc' is clicked on

2022-01-18 00:18:05 - [MESSAGE][PASSED] - Object: 'Object Repository/Utils/Page_Nh ca ti/span_Qun tr khu vc' is clicked on

2022-01-18 00:18:05 - [TEST_STEP][PASSED] - click(findTestObject("Object Repository/Utils/Page_Moodle Khu vc qun tr Tm kim/a_Kho hc")): Object: 'Object Repository/Utils/Page_Moodle Khu vc qun tr Tm kim/a_Kho hc' is clicked on

2022-01-18 00:18:06 - [MESSAGE][PASSED] - Object: 'Object Repository/Utils/Page_Moodle Khu vc qun tr Tm kim/a_Kho hc' is clicked on

2022-01-18 00:18:06 - [TEST_STEP][PASSED] - click(findTestObject("Object Repository/Utils/Page_Moodle Khu vc qun tr Tm kim/a_Thmsa cc kho hc")): Object: 'Object Repository/Utils/Page_Moodle Khu vc qun tr Tm kim/a_Thmsa cc kho hc' is clicked on

2022-01-18 00:18:08 - [MESSAGE][PASSED] - Object: 'Object Repository/Utils/Page_Moodle Khu vc qun tr Tm kim/a_Thmsa cc kho hc' is clicked on

2022-01-18 00:18:08 - [TEST_STEP][PASSED] - click(findTestObject("Object Repository/Utils/Page_Qun l kha hc v danh mc kha hc/a_To kha hc mi")): Object: 'Object Repository/Utils/Page_Qun l kha hc v danh mc kha hc/a_To kha hc mi' is clicked on

2022-01-18 00:18:14 - [MESSAGE][INFO] - Unable to find the element located by 'By.xpath: //div[@id='yui_3_17_2_1_1641906891631_57']/div/div/a'. Please recheck the objects properties to make sure the desired element is located. 

2022-01-18 00:18:14 - [MESSAGE][WARNING] - [SELF-HEALING] Failed to find element with id 'Object Repository/Utils/Page_Qun l kha hc v danh mc kha hc/a_To kha hc mi'. Try using Self-healing.

2022-01-18 00:18:15 - [MESSAGE][WARNING] - [SELF-HEALING] The current locator of test object 'Object Repository/Utils/Page_Qun l kha hc v danh mc kha hc/a_To kha hc mi' was broken. Propose an alternative one: '//a[contains(text(),'Tạo khóa học mới')]'.

2022-01-18 00:18:18 - [MESSAGE][PASSED] - Object: 'Object Repository/Utils/Page_Qun l kha hc v danh mc kha hc/a_To kha hc mi' is clicked on

2022-01-18 00:18:18 - [TEST_STEP][PASSED] - setText(findTestObject("Object Repository/Utils/Page_Moodle Thm kho hc mi/input_Tn y_fullname"), "Nhập môn Công nghệ phần mềm"): Text 'Nhập môn Công nghệ phần mềm' is set on object 'Object Repository/Utils/Page_Moodle Thm kho hc mi/input_Tn y_fullname'

2022-01-18 00:18:21 - [MESSAGE][PASSED] - Text 'Nhập môn Công nghệ phần mềm' is set on object 'Object Repository/Utils/Page_Moodle Thm kho hc mi/input_Tn y_fullname'

2022-01-18 00:18:21 - [TEST_STEP][PASSED] - setText(findTestObject("Object Repository/Utils/Page_Moodle Thm kho hc mi/input_Tn rt gn ca kho hc_shortname"), "CNPM"): Text 'CNPM' is set on object 'Object Repository/Utils/Page_Moodle Thm kho hc mi/input_Tn rt gn ca kho hc_shortname'

2022-01-18 00:18:22 - [MESSAGE][PASSED] - Text 'CNPM' is set on object 'Object Repository/Utils/Page_Moodle Thm kho hc mi/input_Tn rt gn ca kho hc_shortname'

2022-01-18 00:18:22 - [TEST_STEP][PASSED] - click(findTestObject("Object Repository/Utils/Page_Moodle Thm kho hc mi/input__saveanddisplay")): Object: 'Object Repository/Utils/Page_Moodle Thm kho hc mi/input__saveanddisplay' is clicked on

2022-01-18 00:18:25 - [MESSAGE][PASSED] - Object: 'Object Repository/Utils/Page_Moodle Thm kho hc mi/input__saveanddisplay' is clicked on

2022-01-18 00:18:25 - [TEST_STEP][PASSED] - click(findTestObject("Object Repository/Utils/Page_CNPM Danh sch thnh vin/input_Danh sch thnh vin_btn btn-secondary my-1")): Object: 'Object Repository/Utils/Page_CNPM Danh sch thnh vin/input_Danh sch thnh vin_btn btn-secondary my-1' is clicked on

2022-01-18 00:18:26 - [MESSAGE][PASSED] - Object: 'Object Repository/Utils/Page_CNPM Danh sch thnh vin/input_Danh sch thnh vin_btn btn-secondary my-1' is clicked on

2022-01-18 00:18:26 - [TEST_STEP][PASSED] - click(findTestObject("Object Repository/Utils/Page_CNPM Danh sch thnh vin/span_")): Object: 'Object Repository/Utils/Page_CNPM Danh sch thnh vin/span_' is clicked on

2022-01-18 00:18:32 - [MESSAGE][INFO] - Unable to find the element located by 'By.xpath: //span[@id='form_autocomplete_downarrow-1641965227117']'. Please recheck the objects properties to make sure the desired element is located. 

2022-01-18 00:18:32 - [MESSAGE][WARNING] - [SELF-HEALING] Failed to find element with id 'Object Repository/Utils/Page_CNPM Danh sch thnh vin/span_'. Try using Self-healing.

2022-01-18 00:18:33 - [MESSAGE][WARNING] - [SELF-HEALING] The current locator of test object 'Object Repository/Utils/Page_CNPM Danh sch thnh vin/span_' was broken. Propose an alternative one: '//div[@id='fitem_id_userlist']/div[2]/div[3]/span'.

2022-01-18 00:18:33 - [MESSAGE][PASSED] - Object: 'Object Repository/Utils/Page_CNPM Danh sch thnh vin/span_' is clicked on

2022-01-18 00:18:33 - [TEST_STEP][PASSED] - click(findTestObject("Object Repository/Utils/Page_CNPM Danh sch thnh vin/span_Student Nguyen")): Object: 'Object Repository/Utils/Page_CNPM Danh sch thnh vin/span_Student Nguyen' is clicked on

2022-01-18 00:18:40 - [MESSAGE][INFO] - Unable to find the element located by 'By.xpath: //li[@id='form_autocomplete_suggestions-1641965227117-0']/span/span'. Please recheck the objects properties to make sure the desired element is located. 

2022-01-18 00:18:40 - [MESSAGE][WARNING] - [SELF-HEALING] Failed to find element with id 'Object Repository/Utils/Page_CNPM Danh sch thnh vin/span_Student Nguyen'. Try using Self-healing.

2022-01-18 00:18:40 - [MESSAGE][WARNING] - [SELF-HEALING] The current locator of test object 'Object Repository/Utils/Page_CNPM Danh sch thnh vin/span_Student Nguyen' was broken. Propose an alternative one: '(.//*[normalize-space(text()) and normalize-space(.)='student@gmail.com'])[2]/preceding::span[1]'.

2022-01-18 00:18:40 - [MESSAGE][PASSED] - Object: 'Object Repository/Utils/Page_CNPM Danh sch thnh vin/span_Student Nguyen' is clicked on

2022-01-18 00:18:40 - [TEST_STEP][PASSED] - click(findTestObject("Object Repository/Utils/Page_CNPM Danh sch thnh vin/button_Ghi danh ngi dng")): Object: 'Object Repository/Utils/Page_CNPM Danh sch thnh vin/button_Ghi danh ngi dng' is clicked on

2022-01-18 00:18:46 - [MESSAGE][INFO] - Unable to find the element located by 'By.xpath: //button[@id='yui_3_17_2_1_1641965226678_264']'. Please recheck the objects properties to make sure the desired element is located. 

2022-01-18 00:18:46 - [MESSAGE][WARNING] - [SELF-HEALING] Failed to find element with id 'Object Repository/Utils/Page_CNPM Danh sch thnh vin/button_Ghi danh ngi dng'. Try using Self-healing.

2022-01-18 00:18:47 - [MESSAGE][WARNING] - [SELF-HEALING] The current locator of test object 'Object Repository/Utils/Page_CNPM Danh sch thnh vin/button_Ghi danh ngi dng' was broken. Propose an alternative one: '(.//*[normalize-space(text()) and normalize-space(.)='Phút'])[1]/following::button[1]'.

2022-01-18 00:18:47 - [MESSAGE][PASSED] - Object: 'Object Repository/Utils/Page_CNPM Danh sch thnh vin/button_Ghi danh ngi dng' is clicked on

2022-01-18 00:18:47 - [TEST_STEP][PASSED] - click(findTestObject("Object Repository/Utils/Page_CNPM Danh sch thnh vin/input_Danh sch thnh vin_btn btn-secondary my-1")): Object: 'Object Repository/Utils/Page_CNPM Danh sch thnh vin/input_Danh sch thnh vin_btn btn-secondary my-1' is clicked on

2022-01-18 00:18:49 - [MESSAGE][PASSED] - Object: 'Object Repository/Utils/Page_CNPM Danh sch thnh vin/input_Danh sch thnh vin_btn btn-secondary my-1' is clicked on

2022-01-18 00:18:49 - [TEST_STEP][PASSED] - selectOptionByValue(findTestObject("Object Repository/Create course/Page_CNPM Danh sch thnh vin/select_Ngi qun l            Gio vin        _4311d9"), "3", true): All options with value '3' are selected in object 'Object Repository/Create course/Page_CNPM Danh sch thnh vin/select_Ngi qun l            Gio vin        _4311d9'  using regular expression

2022-01-18 00:18:51 - [MESSAGE][PASSED] - All options with value '3' are selected in object 'Object Repository/Create course/Page_CNPM Danh sch thnh vin/select_Ngi qun l            Gio vin        _4311d9'  using regular expression

2022-01-18 00:18:51 - [TEST_STEP][PASSED] - click(findTestObject("Object Repository/Utils/Page_CNPM Danh sch thnh vin/span_")): Object: 'Object Repository/Utils/Page_CNPM Danh sch thnh vin/span_' is clicked on

2022-01-18 00:18:57 - [MESSAGE][INFO] - Unable to find the element located by 'By.xpath: //span[@id='form_autocomplete_downarrow-1641965227117']'. Please recheck the objects properties to make sure the desired element is located. 

2022-01-18 00:18:57 - [MESSAGE][WARNING] - [SELF-HEALING] Failed to find element with id 'Object Repository/Utils/Page_CNPM Danh sch thnh vin/span_'. Try using Self-healing.

2022-01-18 00:18:58 - [MESSAGE][WARNING] - [SELF-HEALING] The current locator of test object 'Object Repository/Utils/Page_CNPM Danh sch thnh vin/span_' was broken. Propose an alternative one: '//div[@id='fitem_id_userlist']/div[2]/div[3]/span'.

2022-01-18 00:18:58 - [MESSAGE][PASSED] - Object: 'Object Repository/Utils/Page_CNPM Danh sch thnh vin/span_' is clicked on

2022-01-18 00:18:58 - [TEST_STEP][PASSED] - click(findTestObject("Object Repository/Create course/Page_CNPM Danh sch thnh vin/span_Nguyen Van A")): Object: 'Object Repository/Create course/Page_CNPM Danh sch thnh vin/span_Nguyen Van A' is clicked on

2022-01-18 00:19:04 - [MESSAGE][INFO] - Unable to find the element located by 'By.xpath: //li[@id='form_autocomplete_suggestions-1642350427588-0']/span/span'. Please recheck the objects properties to make sure the desired element is located. 

2022-01-18 00:19:04 - [MESSAGE][WARNING] - [SELF-HEALING] Failed to find element with id 'Object Repository/Create course/Page_CNPM Danh sch thnh vin/span_Nguyen Van A'. Try using Self-healing.

2022-01-18 00:19:05 - [MESSAGE][WARNING] - [SELF-HEALING] The current locator of test object 'Object Repository/Create course/Page_CNPM Danh sch thnh vin/span_Nguyen Van A' was broken. Propose an alternative one: '(.//*[normalize-space(text()) and normalize-space(.)='▼'])[1]/following::span[2]'.

2022-01-18 00:19:05 - [MESSAGE][PASSED] - Object: 'Object Repository/Create course/Page_CNPM Danh sch thnh vin/span_Nguyen Van A' is clicked on

2022-01-18 00:19:05 - [TEST_STEP][PASSED] - click(findTestObject("Object Repository/Create course/Page_CNPM Danh sch thnh vin/button_Ghi danh ngi dng_1")): Object: 'Object Repository/Create course/Page_CNPM Danh sch thnh vin/button_Ghi danh ngi dng_1' is clicked on

2022-01-18 00:19:11 - [MESSAGE][INFO] - Unable to find the element located by 'By.xpath: //button[@id='yui_3_17_2_1_1642348738650_377']'. Please recheck the objects properties to make sure the desired element is located. 

2022-01-18 00:19:11 - [MESSAGE][WARNING] - [SELF-HEALING] Failed to find element with id 'Object Repository/Create course/Page_CNPM Danh sch thnh vin/button_Ghi danh ngi dng_1'. Try using Self-healing.

2022-01-18 00:19:12 - [MESSAGE][WARNING] - [SELF-HEALING] The current locator of test object 'Object Repository/Create course/Page_CNPM Danh sch thnh vin/button_Ghi danh ngi dng_1' was broken. Propose an alternative one: '(.//*[normalize-space(text()) and normalize-space(.)='Phút'])[1]/following::button[1]'.

2022-01-18 00:19:12 - [MESSAGE][PASSED] - Object: 'Object Repository/Create course/Page_CNPM Danh sch thnh vin/button_Ghi danh ngi dng_1' is clicked on

2022-01-18 00:19:12 - [TEST_STEP][PASSED] - click(findTestObject("Object Repository/Utils/Page_CNPM Danh sch thnh vin/span_CNPM")): Object: 'Object Repository/Utils/Page_CNPM Danh sch thnh vin/span_CNPM' is clicked on

2022-01-18 00:19:14 - [MESSAGE][PASSED] - Object: 'Object Repository/Utils/Page_CNPM Danh sch thnh vin/span_CNPM' is clicked on

2022-01-18 00:19:14 - [TEST_STEP][PASSED] - click(findTestObject("Create folder and quiz/Page_CNPM Danh sch thnh vin/a_Qun tr Thnh vin")): Object: 'Object Repository/Create folder and quiz/Page_CNPM Danh sch thnh vin/a_Qun tr Thnh vin' is clicked on

2022-01-18 00:19:15 - [MESSAGE][PASSED] - Object: 'Object Repository/Create folder and quiz/Page_CNPM Danh sch thnh vin/a_Qun tr Thnh vin' is clicked on

2022-01-18 00:19:15 - [TEST_STEP][PASSED] - click(findTestObject("Create folder and quiz/Page_CNPM Danh sch thnh vin/span_Thot")): Object: 'Object Repository/Create folder and quiz/Page_CNPM Danh sch thnh vin/span_Thot' is clicked on

2022-01-18 00:19:16 - [MESSAGE][PASSED] - Object: 'Object Repository/Create folder and quiz/Page_CNPM Danh sch thnh vin/span_Thot' is clicked on

2022-01-18 00:19:16 - [MESSAGE][INFO] - 

2022-01-18 00:19:16 - [MESSAGE][INFO] - ===================== Self-healing Report ====================

2022-01-18 00:19:16 - [MESSAGE][INFO] - One of the failed test object locators has been recovered by Self-healing. Please refer to the Self-healing Insights tab for more details.

2022-01-18 00:19:16 - [MESSAGE][INFO] - To learn more about Self-healing, please read https://docs.katalon.com/katalon-studio/docs/self-healing.html

2022-01-18 00:19:16 - [MESSAGE][INFO] - ==============================================================

2022-01-18 00:19:16 - [MESSAGE][PASSED] - Call Test Case 'Test Cases/Utils/Create course CNPM' successfully

2022-01-18 00:19:16 - [TEST_STEP][PASSED] - callTestCase(findTestCase("Utils/Login as teacher"), [:], STOP_ON_FAILURE): Call Test Case 'Test Cases/Utils/Login as teacher' successfully

2022-01-18 00:19:17 - [TEST_CASE][PASSED] - Test Cases/Utils/Login as teacher: Test Cases/Utils/Login as teacher

2022-01-18 00:19:17 - [TEST_STEP][PASSED] - click(findTestObject("Create folder and quiz/Page_Local Moodle/a_Log in")): Object: 'Object Repository/Create folder and quiz/Page_Local Moodle/a_Log in' is clicked on

2022-01-18 00:19:18 - [MESSAGE][PASSED] - Object: 'Object Repository/Create folder and quiz/Page_Local Moodle/a_Log in' is clicked on

2022-01-18 00:19:18 - [TEST_STEP][PASSED] - setText(findTestObject("Object Repository/Create course/Page_New Moodle Site Log in to the site/input_Username_username"), "hs01"): Text 'hs01' is set on object 'Object Repository/Create course/Page_New Moodle Site Log in to the site/input_Username_username'

2022-01-18 00:19:19 - [MESSAGE][PASSED] - Text 'hs01' is set on object 'Object Repository/Create course/Page_New Moodle Site Log in to the site/input_Username_username'

2022-01-18 00:19:19 - [TEST_STEP][PASSED] - setEncryptedText(findTestObject("Object Repository/Create course/Page_New Moodle Site Log in to the site/input_Password_password"), "o5TCnEIIWq2SeGQhIMNXLQ=="): Text ****** has been set on object 'Object Repository/Create course/Page_New Moodle Site Log in to the site/input_Password_password'

2022-01-18 00:19:20 - [MESSAGE][PASSED] - Text ****** has been set on object 'Object Repository/Create course/Page_New Moodle Site Log in to the site/input_Password_password'

2022-01-18 00:19:20 - [TEST_STEP][PASSED] - click(findTestObject("Create folder and quiz/Page_Local Moodle Log in to the site/button_Log in")): Object: 'Object Repository/Create folder and quiz/Page_Local Moodle Log in to the site/button_Log in' is clicked on

2022-01-18 00:19:23 - [MESSAGE][PASSED] - Object: 'Object Repository/Create folder and quiz/Page_Local Moodle Log in to the site/button_Log in' is clicked on

2022-01-18 00:19:23 - [MESSAGE][INFO] - 

2022-01-18 00:19:23 - [MESSAGE][INFO] - ===================== Self-healing Report ====================

2022-01-18 00:19:23 - [MESSAGE][INFO] - One of the failed test object locators has been recovered by Self-healing. Please refer to the Self-healing Insights tab for more details.

2022-01-18 00:19:23 - [MESSAGE][INFO] - To learn more about Self-healing, please read https://docs.katalon.com/katalon-studio/docs/self-healing.html

2022-01-18 00:19:23 - [MESSAGE][INFO] - ==============================================================

2022-01-18 00:19:23 - [MESSAGE][PASSED] - Call Test Case 'Test Cases/Utils/Login as teacher' successfully

2022-01-18 00:19:23 - [TEST_STEP][PASSED] - click(findTestObject("Object Repository/Create folder and quiz/Page_Nh ca ti/span_Trang ch h thng")): Object: 'Object Repository/Create folder and quiz/Page_Nh ca ti/span_Trang ch h thng' is clicked on

2022-01-18 00:19:29 - [MESSAGE][PASSED] - Object: 'Object Repository/Create folder and quiz/Page_Nh ca ti/span_Trang ch h thng' is clicked on

2022-01-18 00:19:29 - [TEST_STEP][PASSED] - click(findTestObject("Object Repository/Create folder and quiz/Page_New Moodle Site/a_Nhp mn Cng ngh phn mm")): Object: 'Object Repository/Create folder and quiz/Page_New Moodle Site/a_Nhp mn Cng ngh phn mm' is clicked on

2022-01-18 00:19:31 - [MESSAGE][PASSED] - Object: 'Object Repository/Create folder and quiz/Page_New Moodle Site/a_Nhp mn Cng ngh phn mm' is clicked on

2022-01-18 00:19:31 - [TEST_STEP][PASSED] - click(findTestObject("Object Repository/Create folder and quiz/Page_Kha Nhp mn Cng ngh phn mm/button_Bt ch  chnh sa")): Object: 'Object Repository/Create folder and quiz/Page_Kha Nhp mn Cng ngh phn mm/button_Bt ch  chnh sa' is clicked on

2022-01-18 00:19:37 - [MESSAGE][INFO] - Unable to find the element located by 'By.xpath: //button[@id='single_button61e44f855865c1']'. Please recheck the objects properties to make sure the desired element is located. 

2022-01-18 00:19:37 - [MESSAGE][WARNING] - [SELF-HEALING] Failed to find element with id 'Object Repository/Create folder and quiz/Page_Kha Nhp mn Cng ngh phn mm/button_Bt ch  chnh sa'. Try using Self-healing.

2022-01-18 00:19:38 - [MESSAGE][WARNING] - [SELF-HEALING] The current locator of test object 'Object Repository/Create folder and quiz/Page_Kha Nhp mn Cng ngh phn mm/button_Bt ch  chnh sa' was broken. Propose an alternative one: '(.//*[normalize-space(text()) and normalize-space(.)='Các khoá học của tôi'])[2]/following::button[1]'.

2022-01-18 00:19:40 - [MESSAGE][PASSED] - Object: 'Object Repository/Create folder and quiz/Page_Kha Nhp mn Cng ngh phn mm/button_Bt ch  chnh sa' is clicked on

2022-01-18 00:19:40 - [TEST_STEP][PASSED] - click(findTestObject("Object Repository/Create folder and quiz/Page_Kha Nhp mn Cng ngh phn mm/span_Thm hot ng hoc ti nguyn")): Object: 'Object Repository/Create folder and quiz/Page_Kha Nhp mn Cng ngh phn mm/span_Thm hot ng hoc ti nguyn' is clicked on

2022-01-18 00:19:47 - [MESSAGE][INFO] - Unable to find the element located by 'By.xpath: //*[@id = 'yui_3_17_2_1_1642352521094_616' and (text() = 'Thêm hoạt động hoặc tài nguyên' or . = 'Thêm hoạt động hoặc tài nguyên')]'. Please recheck the objects properties to make sure the desired element is located. 

2022-01-18 00:19:47 - [MESSAGE][WARNING] - [SELF-HEALING] Failed to find element with id 'Object Repository/Create folder and quiz/Page_Kha Nhp mn Cng ngh phn mm/span_Thm hot ng hoc ti nguyn'. Try using Self-healing.

2022-01-18 00:19:48 - [MESSAGE][WARNING] - [SELF-HEALING] The current locator of test object 'Object Repository/Create folder and quiz/Page_Kha Nhp mn Cng ngh phn mm/span_Thm hot ng hoc ti nguyn' was broken. Propose an alternative one: '(.//*[normalize-space(text()) and normalize-space(.)='Chủ đề 1'])[2]/following::span[3]'.

2022-01-18 00:19:48 - [MESSAGE][PASSED] - Object: 'Object Repository/Create folder and quiz/Page_Kha Nhp mn Cng ngh phn mm/span_Thm hot ng hoc ti nguyn' is clicked on

2022-01-18 00:19:48 - [TEST_STEP][PASSED] - click(findTestObject("Object Repository/Student answering question being overdue or on time/Page_Kha Nhp mn Cng ngh phn mm/div_Thng tin v  Bi hc hot ng_optionicon mt-_6d37dc")): Object: 'Object Repository/Student answering question being overdue or on time/Page_Kha Nhp mn Cng ngh phn mm/div_Thng tin v  Bi hc hot ng_optionicon mt-_6d37dc' is clicked on

2022-01-18 00:19:57 - [MESSAGE][PASSED] - Object: 'Object Repository/Student answering question being overdue or on time/Page_Kha Nhp mn Cng ngh phn mm/div_Thng tin v  Bi hc hot ng_optionicon mt-_6d37dc' is clicked on

2022-01-18 00:19:57 - [TEST_STEP][PASSED] - setText(findTestObject("Object Repository/Page_Bin son Bi tp/input_Tn bi tp_name (13) (1)"), "PA1"): Text 'PA1' is set on object 'Object Repository/Page_Bin son Bi tp/input_Tn bi tp_name (13) (1)'

2022-01-18 00:20:00 - [MESSAGE][PASSED] - Text 'PA1' is set on object 'Object Repository/Page_Bin son Bi tp/input_Tn bi tp_name (13) (1)'

2022-01-18 00:20:00 - [TEST_STEP][PASSED] - selectOptionByValue(findTestObject("Object Repository/Page_Bin son Bi tp/select_1        2        3        4        _45ea30 (2) (1)"), "10", true): All options with value '10' are selected in object 'Object Repository/Page_Bin son Bi tp/select_1        2        3        4        _45ea30 (2) (1)'  using regular expression

2022-01-18 00:20:03 - [MESSAGE][PASSED] - All options with value '10' are selected in object 'Object Repository/Page_Bin son Bi tp/select_1        2        3        4        _45ea30 (2) (1)'  using regular expression

2022-01-18 00:20:03 - [TEST_STEP][PASSED] - selectOptionByValue(findTestObject("Object Repository/Page_Bin son Bi tp/select_1        2        3        4        _45ea30_1 (2) (1)"), "12", true): All options with value '12' are selected in object 'Object Repository/Page_Bin son Bi tp/select_1        2        3        4        _45ea30_1 (2) (1)'  using regular expression

2022-01-18 00:20:06 - [MESSAGE][PASSED] - All options with value '12' are selected in object 'Object Repository/Page_Bin son Bi tp/select_1        2        3        4        _45ea30_1 (2) (1)'  using regular expression

2022-01-18 00:20:06 - [TEST_STEP][PASSED] - click(findTestObject("Object Repository/Page_Bin son Bi tp/input_M_cutoffdateenabled (1)")): Object: 'Object Repository/Page_Bin son Bi tp/input_M_cutoffdateenabled (1)' is clicked on

2022-01-18 00:20:06 - [MESSAGE][PASSED] - Object: 'Object Repository/Page_Bin son Bi tp/input_M_cutoffdateenabled (1)' is clicked on

2022-01-18 00:20:06 - [TEST_STEP][PASSED] - selectOptionByValue(findTestObject("Object Repository/Page_Bin son Bi tp/select_1        2        3        4        _45ea30_1_2 (2) (1)"), "12", true): All options with value '12' are selected in object 'Object Repository/Page_Bin son Bi tp/select_1        2        3        4        _45ea30_1_2 (2) (1)'  using regular expression

2022-01-18 00:20:09 - [MESSAGE][PASSED] - All options with value '12' are selected in object 'Object Repository/Page_Bin son Bi tp/select_1        2        3        4        _45ea30_1_2 (2) (1)'  using regular expression

2022-01-18 00:20:09 - [TEST_STEP][PASSED] - selectOptionByValue(findTestObject("Object Repository/Page_Bin son Bi tp/select_00        01        02        03    _f6e37b (1)"), "0", true): All options with value '0' are selected in object 'Object Repository/Page_Bin son Bi tp/select_00        01        02        03    _f6e37b (1)'  using regular expression

2022-01-18 00:20:11 - [MESSAGE][PASSED] - All options with value '0' are selected in object 'Object Repository/Page_Bin son Bi tp/select_00        01        02        03    _f6e37b (1)'  using regular expression

2022-01-18 00:20:11 - [TEST_STEP][PASSED] - selectOptionByValue(findTestObject("Object Repository/Page_Bin son Bi tp/select_00        01        02        03    _f6e37b_1 (1)"), "0", true): All options with value '0' are selected in object 'Object Repository/Page_Bin son Bi tp/select_00        01        02        03    _f6e37b_1 (1)'  using regular expression

2022-01-18 00:20:14 - [MESSAGE][PASSED] - All options with value '0' are selected in object 'Object Repository/Page_Bin son Bi tp/select_00        01        02        03    _f6e37b_1 (1)'  using regular expression

2022-01-18 00:20:14 - [TEST_STEP][PASSED] - click(findTestObject("Object Repository/Page_Bin son Bi tp/input_Vn bn trc tuyn_assignsubmission_onlin_3ee3b4 (2) (1)")): Object: 'Object Repository/Page_Bin son Bi tp/input_Vn bn trc tuyn_assignsubmission_onlin_3ee3b4 (2) (1)' is clicked on

2022-01-18 00:20:14 - [MESSAGE][PASSED] - Object: 'Object Repository/Page_Bin son Bi tp/input_Vn bn trc tuyn_assignsubmission_onlin_3ee3b4 (2) (1)' is clicked on

2022-01-18 00:20:14 - [TEST_STEP][PASSED] - click(findTestObject("Object Repository/Page_Bin son Bi tp/input_Np tp tin_assignsubmission_file_enabled (2) (1)")): Object: 'Object Repository/Page_Bin son Bi tp/input_Np tp tin_assignsubmission_file_enabled (2) (1)' is clicked on

2022-01-18 00:20:15 - [MESSAGE][PASSED] - Object: 'Object Repository/Page_Bin son Bi tp/input_Np tp tin_assignsubmission_file_enabled (2) (1)' is clicked on

2022-01-18 00:20:15 - [TEST_STEP][PASSED] - click(findTestObject("Object Repository/Page_Bin son Bi tp/input_M_assignsubmission_onlinetext_wordlim_e70110 (2) (1)")): Object: 'Object Repository/Page_Bin son Bi tp/input_M_assignsubmission_onlinetext_wordlim_e70110 (2) (1)' is clicked on

2022-01-18 00:20:16 - [MESSAGE][PASSED] - Object: 'Object Repository/Page_Bin son Bi tp/input_M_assignsubmission_onlinetext_wordlim_e70110 (2) (1)' is clicked on

2022-01-18 00:20:16 - [TEST_STEP][PASSED] - setText(findTestObject("Object Repository/Page_Bin son Bi tp/input_Gii hn t_assignsubmission_onlinetext__581726 (2) (1)"), "300"): Text '300' is set on object 'Object Repository/Page_Bin son Bi tp/input_Gii hn t_assignsubmission_onlinetext__581726 (2) (1)'

2022-01-18 00:20:17 - [MESSAGE][PASSED] - Text '300' is set on object 'Object Repository/Page_Bin son Bi tp/input_Gii hn t_assignsubmission_onlinetext__581726 (2) (1)'

2022-01-18 00:20:17 - [TEST_STEP][PASSED] - click(findTestObject("Object Repository/Page_Bin son Bi tp/input_Upon activity completion_submitbutton2 (13) (1)")): Object: 'Object Repository/Page_Bin son Bi tp/input_Upon activity completion_submitbutton2 (13) (1)' is clicked on

2022-01-18 00:20:19 - [MESSAGE][PASSED] - Object: 'Object Repository/Page_Bin son Bi tp/input_Upon activity completion_submitbutton2 (13) (1)' is clicked on

2022-01-18 00:20:19 - [TEST_STEP][PASSED] - click(findTestObject("Object Repository/Create course/Page_Nh ca ti/a_Nguyen Van A")): Object: 'Object Repository/Create course/Page_Nh ca ti/a_Nguyen Van A' is clicked on

2022-01-18 00:20:21 - [MESSAGE][PASSED] - Object: 'Object Repository/Create course/Page_Nh ca ti/a_Nguyen Van A' is clicked on

2022-01-18 00:20:21 - [TEST_STEP][PASSED] - click(findTestObject("Object Repository/Create course/Page_Nh ca ti/span_Thot")): Object: 'Object Repository/Create course/Page_Nh ca ti/span_Thot' is clicked on

2022-01-18 00:20:22 - [MESSAGE][PASSED] - Object: 'Object Repository/Create course/Page_Nh ca ti/span_Thot' is clicked on

2022-01-18 00:20:22 - [TEST_STEP][PASSED] - callTestCase(findTestCase("Utils/Login as student"), [:], STOP_ON_FAILURE): Call Test Case 'Test Cases/Utils/Login as student' successfully

2022-01-18 00:20:22 - [TEST_CASE][PASSED] - Test Cases/Utils/Login as student: Test Cases/Utils/Login as student

2022-01-18 00:20:22 - [TEST_STEP][PASSED] - click(findTestObject("Create folder and quiz/Page_Local Moodle/a_Log in")): Object: 'Object Repository/Create folder and quiz/Page_Local Moodle/a_Log in' is clicked on

2022-01-18 00:20:24 - [MESSAGE][PASSED] - Object: 'Object Repository/Create folder and quiz/Page_Local Moodle/a_Log in' is clicked on

2022-01-18 00:20:24 - [TEST_STEP][PASSED] - setText(findTestObject("Create folder and quiz/Page_Local Moodle Log in to the site/input_Username_username"), "student"): Text 'student' is set on object 'Object Repository/Create folder and quiz/Page_Local Moodle Log in to the site/input_Username_username'

2022-01-18 00:20:25 - [MESSAGE][PASSED] - Text 'student' is set on object 'Object Repository/Create folder and quiz/Page_Local Moodle Log in to the site/input_Username_username'

2022-01-18 00:20:25 - [TEST_STEP][PASSED] - setEncryptedText(findTestObject("Create folder and quiz/Page_Local Moodle Log in to the site/input_Password_password"), "ie7bep3f1gXYsgY0lkRhPw=="): Text ****** has been set on object 'Object Repository/Create folder and quiz/Page_Local Moodle Log in to the site/input_Password_password'

2022-01-18 00:20:25 - [MESSAGE][PASSED] - Text ****** has been set on object 'Object Repository/Create folder and quiz/Page_Local Moodle Log in to the site/input_Password_password'

2022-01-18 00:20:25 - [TEST_STEP][PASSED] - click(findTestObject("Create folder and quiz/Page_Local Moodle Log in to the site/button_Log in")): Object: 'Object Repository/Create folder and quiz/Page_Local Moodle Log in to the site/button_Log in' is clicked on

2022-01-18 00:20:28 - [MESSAGE][PASSED] - Object: 'Object Repository/Create folder and quiz/Page_Local Moodle Log in to the site/button_Log in' is clicked on

2022-01-18 00:20:28 - [MESSAGE][INFO] - 

2022-01-18 00:20:28 - [MESSAGE][INFO] - ===================== Self-healing Report ====================

2022-01-18 00:20:28 - [MESSAGE][INFO] - One of the failed test object locators has been recovered by Self-healing. Please refer to the Self-healing Insights tab for more details.

2022-01-18 00:20:28 - [MESSAGE][INFO] - To learn more about Self-healing, please read https://docs.katalon.com/katalon-studio/docs/self-healing.html

2022-01-18 00:20:28 - [MESSAGE][INFO] - ==============================================================

2022-01-18 00:20:28 - [MESSAGE][PASSED] - Call Test Case 'Test Cases/Utils/Login as student' successfully

2022-01-18 00:20:28 - [TEST_STEP][PASSED] - click(findTestObject("Object Repository/Student answering question being overdue or on time/Page_Nh ca ti/span_Trang ch h thng")): Object: 'Object Repository/Student answering question being overdue or on time/Page_Nh ca ti/span_Trang ch h thng' is clicked on

2022-01-18 00:20:31 - [MESSAGE][PASSED] - Object: 'Object Repository/Student answering question being overdue or on time/Page_Nh ca ti/span_Trang ch h thng' is clicked on

2022-01-18 00:20:31 - [TEST_STEP][PASSED] - click(findTestObject("Object Repository/Student answering question being overdue or on time/Page_New Moodle Site/a_Nhp mn Cng ngh phn mm")): Object: 'Object Repository/Student answering question being overdue or on time/Page_New Moodle Site/a_Nhp mn Cng ngh phn mm' is clicked on

2022-01-18 00:20:33 - [MESSAGE][PASSED] - Object: 'Object Repository/Student answering question being overdue or on time/Page_New Moodle Site/a_Nhp mn Cng ngh phn mm' is clicked on

2022-01-18 00:20:33 - [TEST_STEP][PASSED] - click(findTestObject("Object Repository/Page_Kha Software Engineering/span_PA1 Bi tp (1)")): Object: 'Object Repository/Page_Kha Software Engineering/span_PA1 Bi tp (1)' is clicked on

2022-01-18 00:20:39 - [MESSAGE][INFO] - Unable to find the element located by 'By.xpath: //li[@id='module-4']/div/div/div[2]/div/a/span'. Please recheck the objects properties to make sure the desired element is located. 

2022-01-18 00:20:39 - [MESSAGE][WARNING] - [SELF-HEALING] Failed to find element with id 'Object Repository/Page_Kha Software Engineering/span_PA1 Bi tp (1)'. Try using Self-healing.

2022-01-18 00:20:40 - [MESSAGE][WARNING] - [SELF-HEALING] The current locator of test object 'Object Repository/Page_Kha Software Engineering/span_PA1 Bi tp (1)' was broken. Propose an alternative one: '(.//*[normalize-space(text()) and normalize-space(.)='Chủ đề 1'])[2]/following::span[1]'.

2022-01-18 00:20:41 - [MESSAGE][PASSED] - Object: 'Object Repository/Page_Kha Software Engineering/span_PA1 Bi tp (1)' is clicked on

2022-01-18 00:20:41 - [TEST_STEP][PASSED] - click(findTestObject("Create folder and quiz/Page_quiz1 Xem li ln lm th/a_Student Nguyen")): Object: 'Object Repository/Create folder and quiz/Page_quiz1 Xem li ln lm th/a_Student Nguyen' is clicked on

2022-01-18 00:20:42 - [MESSAGE][PASSED] - Object: 'Object Repository/Create folder and quiz/Page_quiz1 Xem li ln lm th/a_Student Nguyen' is clicked on

2022-01-18 00:20:42 - [TEST_STEP][PASSED] - click(findTestObject("Create folder and quiz/Page_quiz1 Xem li ln lm th/span_Thot")): Object: 'Object Repository/Create folder and quiz/Page_quiz1 Xem li ln lm th/span_Thot' is clicked on

2022-01-18 00:20:44 - [MESSAGE][PASSED] - Object: 'Object Repository/Create folder and quiz/Page_quiz1 Xem li ln lm th/span_Thot' is clicked on

2022-01-18 00:20:44 - [TEST_STEP][PASSED] - callTestCase(findTestCase("Utils/Delete course CNPM"), [:], STOP_ON_FAILURE): Call Test Case 'Test Cases/Utils/Delete course CNPM' successfully

2022-01-18 00:20:44 - [TEST_CASE][PASSED] - Test Cases/Utils/Delete course CNPM: Test Cases/Utils/Delete course CNPM

2022-01-18 00:20:44 - [TEST_STEP][PASSED] - callTestCase(findTestCase("Utils/Login as admin"), [:], STOP_ON_FAILURE): Call Test Case 'Test Cases/Utils/Login as admin' successfully

2022-01-18 00:20:44 - [TEST_CASE][PASSED] - Test Cases/Utils/Login as admin: Test Cases/Utils/Login as admin

2022-01-18 00:20:44 - [TEST_STEP][PASSED] - click(findTestObject("View course grade/Page_Local Moodle/a_Log in")): Object: 'Object Repository/View course grade/Page_Local Moodle/a_Log in' is clicked on

2022-01-18 00:20:45 - [MESSAGE][PASSED] - Object: 'Object Repository/View course grade/Page_Local Moodle/a_Log in' is clicked on

2022-01-18 00:20:45 - [TEST_STEP][PASSED] - setText(findTestObject("View course grade/Page_Local Moodle Log in to the site/input_Username_username"), "admin"): Text 'admin' is set on object 'Object Repository/View course grade/Page_Local Moodle Log in to the site/input_Username_username'

2022-01-18 00:20:46 - [MESSAGE][PASSED] - Text 'admin' is set on object 'Object Repository/View course grade/Page_Local Moodle Log in to the site/input_Username_username'

2022-01-18 00:20:46 - [TEST_STEP][PASSED] - setEncryptedText(findTestObject("View course grade/Page_Local Moodle Log in to the site/input_Password_password"), "bfAykA/oWJ09FXmiKh6lyuuLu8QhG1K5"): Text ****** has been set on object 'Object Repository/View course grade/Page_Local Moodle Log in to the site/input_Password_password'

2022-01-18 00:20:47 - [MESSAGE][PASSED] - Text ****** has been set on object 'Object Repository/View course grade/Page_Local Moodle Log in to the site/input_Password_password'

2022-01-18 00:20:47 - [TEST_STEP][PASSED] - click(findTestObject("View course grade/Page_Local Moodle Log in to the site/button_Log in")): Object: 'Object Repository/View course grade/Page_Local Moodle Log in to the site/button_Log in' is clicked on

2022-01-18 00:20:50 - [MESSAGE][PASSED] - Object: 'Object Repository/View course grade/Page_Local Moodle Log in to the site/button_Log in' is clicked on

2022-01-18 00:20:50 - [MESSAGE][INFO] - 

2022-01-18 00:20:50 - [MESSAGE][INFO] - ===================== Self-healing Report ====================

2022-01-18 00:20:50 - [MESSAGE][INFO] - One of the failed test object locators has been recovered by Self-healing. Please refer to the Self-healing Insights tab for more details.

2022-01-18 00:20:50 - [MESSAGE][INFO] - To learn more about Self-healing, please read https://docs.katalon.com/katalon-studio/docs/self-healing.html

2022-01-18 00:20:50 - [MESSAGE][INFO] - ==============================================================

2022-01-18 00:20:50 - [MESSAGE][PASSED] - Call Test Case 'Test Cases/Utils/Login as admin' successfully

2022-01-18 00:20:50 - [TEST_STEP][PASSED] - click(findTestObject("Object Repository/Create course/Page_Nh ca ti/span_Qun tr khu vc")): Object: 'Object Repository/Create course/Page_Nh ca ti/span_Qun tr khu vc' is clicked on

2022-01-18 00:20:57 - [MESSAGE][PASSED] - Object: 'Object Repository/Create course/Page_Nh ca ti/span_Qun tr khu vc' is clicked on

2022-01-18 00:20:57 - [TEST_STEP][PASSED] - click(findTestObject("Object Repository/Create course/Page_Moodle Khu vc qun tr Tm kim/a_Kho hc")): Object: 'Object Repository/Create course/Page_Moodle Khu vc qun tr Tm kim/a_Kho hc' is clicked on

2022-01-18 00:20:58 - [MESSAGE][PASSED] - Object: 'Object Repository/Create course/Page_Moodle Khu vc qun tr Tm kim/a_Kho hc' is clicked on

2022-01-18 00:20:58 - [TEST_STEP][PASSED] - click(findTestObject("Object Repository/Create course/Page_Moodle Khu vc qun tr Tm kim/a_Thmsa cc kho hc")): Object: 'Object Repository/Create course/Page_Moodle Khu vc qun tr Tm kim/a_Thmsa cc kho hc' is clicked on

2022-01-18 00:21:00 - [MESSAGE][PASSED] - Object: 'Object Repository/Create course/Page_Moodle Khu vc qun tr Tm kim/a_Thmsa cc kho hc' is clicked on

2022-01-18 00:21:00 - [TEST_STEP][PASSED] - click(findTestObject("Object Repository/Create course/Page_Qun l kha hc v danh mc kha hc/div_La chn hnh ng hng lot Nhp mn Cng ngh ph_52747d")): Object: 'Object Repository/Create course/Page_Qun l kha hc v danh mc kha hc/div_La chn hnh ng hng lot Nhp mn Cng ngh ph_52747d' is clicked on

2022-01-18 00:21:06 - [MESSAGE][INFO] - Unable to find the element located by 'By.xpath: //div[@id='yui_3_17_2_1_1641378024996_198']'. Please recheck the objects properties to make sure the desired element is located. 

2022-01-18 00:21:06 - [MESSAGE][WARNING] - [SELF-HEALING] Failed to find element with id 'Object Repository/Create course/Page_Qun l kha hc v danh mc kha hc/div_La chn hnh ng hng lot Nhp mn Cng ngh ph_52747d'. Try using Self-healing.

2022-01-18 00:21:07 - [MESSAGE][WARNING] - [SELF-HEALING] The current locator of test object 'Object Repository/Create course/Page_Qun l kha hc v danh mc kha hc/div_La chn hnh ng hng lot Nhp mn Cng ngh ph_52747d' was broken. Propose an alternative one: '(.//*[normalize-space(text()) and normalize-space(.)='Tất cả'])[1]/following::div[1]'.

2022-01-18 00:21:09 - [MESSAGE][PASSED] - Object: 'Object Repository/Create course/Page_Qun l kha hc v danh mc kha hc/div_La chn hnh ng hng lot Nhp mn Cng ngh ph_52747d' is clicked on

2022-01-18 00:21:09 - [TEST_STEP][PASSED] - click(findTestObject("Object Repository/Create course/Page_Qun l kha hc v danh mc kha hc/a_Nhp mn Cng ngh phn mm")): Object: 'Object Repository/Create course/Page_Qun l kha hc v danh mc kha hc/a_Nhp mn Cng ngh phn mm' is clicked on

2022-01-18 00:21:15 - [MESSAGE][INFO] - Unable to find the element located by 'By.xpath: //a[@id='yui_3_17_2_1_1641378024996_202']'. Please recheck the objects properties to make sure the desired element is located. 

2022-01-18 00:21:15 - [MESSAGE][WARNING] - [SELF-HEALING] Failed to find element with id 'Object Repository/Create course/Page_Qun l kha hc v danh mc kha hc/a_Nhp mn Cng ngh phn mm'. Try using Self-healing.

2022-01-18 00:21:16 - [MESSAGE][WARNING] - [SELF-HEALING] The current locator of test object 'Object Repository/Create course/Page_Qun l kha hc v danh mc kha hc/a_Nhp mn Cng ngh phn mm' was broken. Propose an alternative one: '//a[contains(text(),'Nhập môn Công nghệ phần mềm')]'.

2022-01-18 00:21:17 - [MESSAGE][PASSED] - Object: 'Object Repository/Create course/Page_Qun l kha hc v danh mc kha hc/a_Nhp mn Cng ngh phn mm' is clicked on

2022-01-18 00:21:17 - [TEST_STEP][PASSED] - click(findTestObject("Object Repository/Create course/Page_Qun l kha hc v danh mc kha hc/a_Xo")): Object: 'Object Repository/Create course/Page_Qun l kha hc v danh mc kha hc/a_Xo' is clicked on

2022-01-18 00:21:24 - [MESSAGE][INFO] - Unable to find the element located by 'By.xpath: //a[@id='action_link61d570ff7b02a61']'. Please recheck the objects properties to make sure the desired element is located. 

2022-01-18 00:21:24 - [MESSAGE][WARNING] - [SELF-HEALING] Failed to find element with id 'Object Repository/Create course/Page_Qun l kha hc v danh mc kha hc/a_Xo'. Try using Self-healing.

2022-01-18 00:21:24 - [MESSAGE][WARNING] - [SELF-HEALING] The current locator of test object 'Object Repository/Create course/Page_Qun l kha hc v danh mc kha hc/a_Xo' was broken. Propose an alternative one: '//div[@id='course-detail']/div/div[2]/div/a[4]'.

2022-01-18 00:21:26 - [MESSAGE][PASSED] - Object: 'Object Repository/Create course/Page_Qun l kha hc v danh mc kha hc/a_Xo' is clicked on

2022-01-18 00:21:26 - [TEST_STEP][PASSED] - click(findTestObject("Object Repository/Create course/Page_Moodle Xo CNPM/button_Xo")): Object: 'Object Repository/Create course/Page_Moodle Xo CNPM/button_Xo' is clicked on

2022-01-18 00:21:33 - [MESSAGE][INFO] - Unable to find the element located by 'By.xpath: //button[@id='single_button61dfb22f3a4de19']'. Please recheck the objects properties to make sure the desired element is located. 

2022-01-18 00:21:33 - [MESSAGE][WARNING] - [SELF-HEALING] Failed to find element with id 'Object Repository/Create course/Page_Moodle Xo CNPM/button_Xo'. Try using Self-healing.

2022-01-18 00:21:33 - [MESSAGE][WARNING] - [SELF-HEALING] The current locator of test object 'Object Repository/Create course/Page_Moodle Xo CNPM/button_Xo' was broken. Propose an alternative one: '//div[@id='modal-footer']/div/div/form/button'.

2022-01-18 00:21:37 - [MESSAGE][PASSED] - Object: 'Object Repository/Create course/Page_Moodle Xo CNPM/button_Xo' is clicked on

2022-01-18 00:21:37 - [TEST_STEP][PASSED] - click(findTestObject("Object Repository/Create course/Page_Moodle Xo CNPM/button_Tip tc")): Object: 'Object Repository/Create course/Page_Moodle Xo CNPM/button_Tip tc' is clicked on

2022-01-18 00:21:43 - [MESSAGE][INFO] - Unable to find the element located by 'By.xpath: //button[@id='single_button61d571098d12119']'. Please recheck the objects properties to make sure the desired element is located. 

2022-01-18 00:21:43 - [MESSAGE][WARNING] - [SELF-HEALING] Failed to find element with id 'Object Repository/Create course/Page_Moodle Xo CNPM/button_Tip tc'. Try using Self-healing.

2022-01-18 00:21:44 - [MESSAGE][WARNING] - [SELF-HEALING] The current locator of test object 'Object Repository/Create course/Page_Moodle Xo CNPM/button_Tip tc' was broken. Propose an alternative one: '(.//*[normalize-space(text()) and normalize-space(.)='CNPM đã được xoá hoàn toàn'])[1]/following::button[1]'.

2022-01-18 00:21:46 - [MESSAGE][PASSED] - Object: 'Object Repository/Create course/Page_Moodle Xo CNPM/button_Tip tc' is clicked on

2022-01-18 00:21:46 - [MESSAGE][INFO] - 

2022-01-18 00:21:46 - [MESSAGE][INFO] - ===================== Self-healing Report ====================

2022-01-18 00:21:46 - [MESSAGE][INFO] - One of the failed test object locators has been recovered by Self-healing. Please refer to the Self-healing Insights tab for more details.

2022-01-18 00:21:46 - [MESSAGE][INFO] - To learn more about Self-healing, please read https://docs.katalon.com/katalon-studio/docs/self-healing.html

2022-01-18 00:21:46 - [MESSAGE][INFO] - ==============================================================

2022-01-18 00:21:46 - [MESSAGE][PASSED] - Call Test Case 'Test Cases/Utils/Delete course CNPM' successfully

2022-01-18 00:21:46 - [TEST_STEP][PASSED] - closeBrowser(): Browser is closed

2022-01-18 00:21:47 - [MESSAGE][PASSED] - Browser is closed]]></system-out>
         <system-err><![CDATA[]]></system-err>
      </testcase>
      <testcase name="Test Cases/Create course/Create course successfully" time="237.368" classname="Test Cases/Create course/Create course successfully" status="PASSED">
         <system-out><![CDATA[2022-01-18 00:21:47 - [TEST_CASE][PASSED] - Test Cases/Create course/Create course successfully: Test Cases/Create course/Create course successfully

2022-01-18 00:21:49 - [TEST_STEP][PASSED] - openBrowser(""): Browser is opened with url: ''

2022-01-18 00:21:49 - [MESSAGE][INFO] - Starting 'Edge Chromium' driver

2022-01-18 00:21:51 - [MESSAGE][INFO] - Action delay is set to 0 milliseconds

2022-01-18 00:21:53 - [MESSAGE][PASSED] - Browser is opened with url: ''

2022-01-18 00:21:53 - [TEST_STEP][PASSED] - navigateToUrl("http://localhost/"): Navigate to 'http://localhost/' successfully

2022-01-18 00:21:56 - [MESSAGE][PASSED] - Navigate to 'http://localhost/' successfully

2022-01-18 00:21:56 - [TEST_STEP][PASSED] - callTestCase(findTestCase("Utils/Login as admin"), [:], STOP_ON_FAILURE): Call Test Case 'Test Cases/Utils/Login as admin' successfully

2022-01-18 00:21:56 - [TEST_CASE][PASSED] - Test Cases/Utils/Login as admin: Test Cases/Utils/Login as admin

2022-01-18 00:21:56 - [TEST_STEP][PASSED] - click(findTestObject("View course grade/Page_Local Moodle/a_Log in")): Object: 'Object Repository/View course grade/Page_Local Moodle/a_Log in' is clicked on

2022-01-18 00:21:57 - [MESSAGE][PASSED] - Object: 'Object Repository/View course grade/Page_Local Moodle/a_Log in' is clicked on

2022-01-18 00:21:57 - [TEST_STEP][PASSED] - setText(findTestObject("View course grade/Page_Local Moodle Log in to the site/input_Username_username"), "admin"): Text 'admin' is set on object 'Object Repository/View course grade/Page_Local Moodle Log in to the site/input_Username_username'

2022-01-18 00:21:58 - [MESSAGE][PASSED] - Text 'admin' is set on object 'Object Repository/View course grade/Page_Local Moodle Log in to the site/input_Username_username'

2022-01-18 00:21:58 - [TEST_STEP][PASSED] - setEncryptedText(findTestObject("View course grade/Page_Local Moodle Log in to the site/input_Password_password"), "bfAykA/oWJ09FXmiKh6lyuuLu8QhG1K5"): Text ****** has been set on object 'Object Repository/View course grade/Page_Local Moodle Log in to the site/input_Password_password'

2022-01-18 00:21:59 - [MESSAGE][PASSED] - Text ****** has been set on object 'Object Repository/View course grade/Page_Local Moodle Log in to the site/input_Password_password'

2022-01-18 00:21:59 - [TEST_STEP][PASSED] - click(findTestObject("View course grade/Page_Local Moodle Log in to the site/button_Log in")): Object: 'Object Repository/View course grade/Page_Local Moodle Log in to the site/button_Log in' is clicked on

2022-01-18 00:22:03 - [MESSAGE][PASSED] - Object: 'Object Repository/View course grade/Page_Local Moodle Log in to the site/button_Log in' is clicked on

2022-01-18 00:22:03 - [MESSAGE][PASSED] - Call Test Case 'Test Cases/Utils/Login as admin' successfully

2022-01-18 00:22:03 - [TEST_STEP][PASSED] - click(findTestObject("Utils/Page_Nh ca ti (1)/span_Qun tr khu vc")): Object: 'Object Repository/Utils/Page_Nh ca ti (1)/span_Qun tr khu vc' is clicked on

2022-01-18 00:22:11 - [MESSAGE][PASSED] - Object: 'Object Repository/Utils/Page_Nh ca ti (1)/span_Qun tr khu vc' is clicked on

2022-01-18 00:22:11 - [TEST_STEP][PASSED] - click(findTestObject("Create course/Page_Moodle Khu vc qun tr Tm kim/a_Kho hc")): Object: 'Object Repository/Create course/Page_Moodle Khu vc qun tr Tm kim/a_Kho hc' is clicked on

2022-01-18 00:22:12 - [MESSAGE][PASSED] - Object: 'Object Repository/Create course/Page_Moodle Khu vc qun tr Tm kim/a_Kho hc' is clicked on

2022-01-18 00:22:12 - [TEST_STEP][PASSED] - click(findTestObject("Create course/Page_Moodle Khu vc qun tr Tm kim/a_Thmsa cc kho hc")): Object: 'Object Repository/Create course/Page_Moodle Khu vc qun tr Tm kim/a_Thmsa cc kho hc' is clicked on

2022-01-18 00:22:15 - [MESSAGE][PASSED] - Object: 'Object Repository/Create course/Page_Moodle Khu vc qun tr Tm kim/a_Thmsa cc kho hc' is clicked on

2022-01-18 00:22:15 - [TEST_STEP][PASSED] - click(findTestObject("Create course/Page_Qun l kha hc v danh mc kha hc/a_TaoKhoaHocMoi")): Object: 'Object Repository/Create course/Page_Qun l kha hc v danh mc kha hc/a_TaoKhoaHocMoi' is clicked on

2022-01-18 00:22:21 - [MESSAGE][INFO] - Unable to find the element located by 'By.xpath: //div[@id='yui_3_17_2_1_1641271251047_65']/div/div/a'. Please recheck the objects properties to make sure the desired element is located. 

2022-01-18 00:22:21 - [MESSAGE][WARNING] - [SELF-HEALING] Failed to find element with id 'Object Repository/Create course/Page_Qun l kha hc v danh mc kha hc/a_TaoKhoaHocMoi'. Try using Self-healing.

2022-01-18 00:22:22 - [MESSAGE][WARNING] - [SELF-HEALING] The current locator of test object 'Object Repository/Create course/Page_Qun l kha hc v danh mc kha hc/a_TaoKhoaHocMoi' was broken. Propose an alternative one: '//a[contains(text(),'Tạo khóa học mới')]'.

2022-01-18 00:22:26 - [MESSAGE][PASSED] - Object: 'Object Repository/Create course/Page_Qun l kha hc v danh mc kha hc/a_TaoKhoaHocMoi' is clicked on

2022-01-18 00:22:26 - [TEST_STEP][PASSED] - setText(findTestObject("Create course/Page_Moodle Thm kho hc mi/input_Tn y_fullname"), "Nhập môn Công nghệ phần mềm"): Text 'Nhập môn Công nghệ phần mềm' is set on object 'Object Repository/Create course/Page_Moodle Thm kho hc mi/input_Tn y_fullname'

2022-01-18 00:22:28 - [MESSAGE][PASSED] - Text 'Nhập môn Công nghệ phần mềm' is set on object 'Object Repository/Create course/Page_Moodle Thm kho hc mi/input_Tn y_fullname'

2022-01-18 00:22:28 - [TEST_STEP][PASSED] - setText(findTestObject("Create course/Page_Moodle Thm kho hc mi/input_Tn rt gn ca kho hc_shortname"), "CNPM"): Text 'CNPM' is set on object 'Object Repository/Create course/Page_Moodle Thm kho hc mi/input_Tn rt gn ca kho hc_shortname'

2022-01-18 00:22:29 - [MESSAGE][PASSED] - Text 'CNPM' is set on object 'Object Repository/Create course/Page_Moodle Thm kho hc mi/input_Tn rt gn ca kho hc_shortname'

2022-01-18 00:22:29 - [TEST_STEP][PASSED] - selectOptionByValue(findTestObject("Create course/Page_Moodle Thm kho hc mi/select_1        2        3        4        _45ea30"), "10", true): All options with value '10' are selected in object 'Object Repository/Create course/Page_Moodle Thm kho hc mi/select_1        2        3        4        _45ea30'  using regular expression

2022-01-18 00:22:31 - [MESSAGE][PASSED] - All options with value '10' are selected in object 'Object Repository/Create course/Page_Moodle Thm kho hc mi/select_1        2        3        4        _45ea30'  using regular expression

2022-01-18 00:22:31 - [TEST_STEP][PASSED] - selectOptionByValue(findTestObject("Create course/Page_Moodle Thm kho hc mi/select_Thng Ging        Thng Hai        Thn_b248db"), "9", true): All options with value '9' are selected in object 'Object Repository/Create course/Page_Moodle Thm kho hc mi/select_Thng Ging        Thng Hai        Thn_b248db'  using regular expression

2022-01-18 00:22:33 - [MESSAGE][PASSED] - All options with value '9' are selected in object 'Object Repository/Create course/Page_Moodle Thm kho hc mi/select_Thng Ging        Thng Hai        Thn_b248db'  using regular expression

2022-01-18 00:22:33 - [TEST_STEP][PASSED] - selectOptionByValue(findTestObject("Create course/Page_Moodle Thm kho hc mi/select_1900        1901        1902        _6405c9"), "2021", true): All options with value '2021' are selected in object 'Object Repository/Create course/Page_Moodle Thm kho hc mi/select_1900        1901        1902        _6405c9'  using regular expression

2022-01-18 00:22:39 - [MESSAGE][PASSED] - All options with value '2021' are selected in object 'Object Repository/Create course/Page_Moodle Thm kho hc mi/select_1900        1901        1902        _6405c9'  using regular expression

2022-01-18 00:22:39 - [TEST_STEP][PASSED] - selectOptionByValue(findTestObject("Create course/Page_Moodle Thm kho hc mi/select_00        01        02        03    _f6e37b"), "7", true): All options with value '7' are selected in object 'Object Repository/Create course/Page_Moodle Thm kho hc mi/select_00        01        02        03    _f6e37b'  using regular expression

2022-01-18 00:22:41 - [MESSAGE][PASSED] - All options with value '7' are selected in object 'Object Repository/Create course/Page_Moodle Thm kho hc mi/select_00        01        02        03    _f6e37b'  using regular expression

2022-01-18 00:22:41 - [TEST_STEP][PASSED] - selectOptionByValue(findTestObject("Create course/Page_Moodle Thm kho hc mi/select_00        01        02        03    _f6e37b_1"), "15", true): All options with value '15' are selected in object 'Object Repository/Create course/Page_Moodle Thm kho hc mi/select_00        01        02        03    _f6e37b_1'  using regular expression

2022-01-18 00:22:45 - [MESSAGE][PASSED] - All options with value '15' are selected in object 'Object Repository/Create course/Page_Moodle Thm kho hc mi/select_00        01        02        03    _f6e37b_1'  using regular expression

2022-01-18 00:22:45 - [TEST_STEP][PASSED] - selectOptionByValue(findTestObject("Create course/Page_Moodle Thm kho hc mi/select_1        2        3        4        _45ea30_1"), "15", true): All options with value '15' are selected in object 'Object Repository/Create course/Page_Moodle Thm kho hc mi/select_1        2        3        4        _45ea30_1'  using regular expression

2022-01-18 00:22:48 - [MESSAGE][PASSED] - All options with value '15' are selected in object 'Object Repository/Create course/Page_Moodle Thm kho hc mi/select_1        2        3        4        _45ea30_1'  using regular expression

2022-01-18 00:22:48 - [TEST_STEP][PASSED] - selectOptionByValue(findTestObject("Create course/Page_Moodle Thm kho hc mi/select_1900        1901        1902        _6405c9_1"), "2022", true): All options with value '2022' are selected in object 'Object Repository/Create course/Page_Moodle Thm kho hc mi/select_1900        1901        1902        _6405c9_1'  using regular expression

2022-01-18 00:22:54 - [MESSAGE][PASSED] - All options with value '2022' are selected in object 'Object Repository/Create course/Page_Moodle Thm kho hc mi/select_1900        1901        1902        _6405c9_1'  using regular expression

2022-01-18 00:22:54 - [TEST_STEP][PASSED] - selectOptionByValue(findTestObject("Create course/Page_Moodle Thm kho hc mi/select_00        01        02        03    _f6e37b_1_2"), "10", true): All options with value '10' are selected in object 'Object Repository/Create course/Page_Moodle Thm kho hc mi/select_00        01        02        03    _f6e37b_1_2'  using regular expression

2022-01-18 00:22:56 - [MESSAGE][PASSED] - All options with value '10' are selected in object 'Object Repository/Create course/Page_Moodle Thm kho hc mi/select_00        01        02        03    _f6e37b_1_2'  using regular expression

2022-01-18 00:22:56 - [TEST_STEP][PASSED] - setText(findTestObject("Create course/Page_Moodle Thm kho hc mi/input_M s ID kho hc_idnumber"), "1234"): Text '1234' is set on object 'Object Repository/Create course/Page_Moodle Thm kho hc mi/input_M s ID kho hc_idnumber'

2022-01-18 00:22:57 - [MESSAGE][PASSED] - Text '1234' is set on object 'Object Repository/Create course/Page_Moodle Thm kho hc mi/input_M s ID kho hc_idnumber'

2022-01-18 00:22:57 - [TEST_STEP][PASSED] - click(findTestObject("Object Repository/Utils/Page_Moodle Thm kho hc mi/input__saveanddisplay")): Object: 'Object Repository/Utils/Page_Moodle Thm kho hc mi/input__saveanddisplay' is clicked on

2022-01-18 00:23:02 - [MESSAGE][PASSED] - Object: 'Object Repository/Utils/Page_Moodle Thm kho hc mi/input__saveanddisplay' is clicked on

2022-01-18 00:23:02 - [TEST_STEP][PASSED] - click(findTestObject("Object Repository/Utils/Page_CNPM Danh sch thnh vin/input_Danh sch thnh vin_btn btn-secondary my-1")): Object: 'Object Repository/Utils/Page_CNPM Danh sch thnh vin/input_Danh sch thnh vin_btn btn-secondary my-1' is clicked on

2022-01-18 00:23:03 - [MESSAGE][PASSED] - Object: 'Object Repository/Utils/Page_CNPM Danh sch thnh vin/input_Danh sch thnh vin_btn btn-secondary my-1' is clicked on

2022-01-18 00:23:03 - [TEST_STEP][PASSED] - click(findTestObject("Object Repository/Utils/Page_CNPM Danh sch thnh vin/span_")): Object: 'Object Repository/Utils/Page_CNPM Danh sch thnh vin/span_' is clicked on

2022-01-18 00:23:09 - [MESSAGE][INFO] - Unable to find the element located by 'By.xpath: //span[@id='form_autocomplete_downarrow-1641965227117']'. Please recheck the objects properties to make sure the desired element is located. 

2022-01-18 00:23:09 - [MESSAGE][WARNING] - [SELF-HEALING] Failed to find element with id 'Object Repository/Utils/Page_CNPM Danh sch thnh vin/span_'. Try using Self-healing.

2022-01-18 00:23:09 - [MESSAGE][WARNING] - [SELF-HEALING] The current locator of test object 'Object Repository/Utils/Page_CNPM Danh sch thnh vin/span_' was broken. Propose an alternative one: '//div[@id='fitem_id_userlist']/div[2]/div[3]/span'.

2022-01-18 00:23:10 - [MESSAGE][PASSED] - Object: 'Object Repository/Utils/Page_CNPM Danh sch thnh vin/span_' is clicked on

2022-01-18 00:23:10 - [TEST_STEP][PASSED] - click(findTestObject("Object Repository/Utils/Page_CNPM Danh sch thnh vin/span_Student Nguyen")): Object: 'Object Repository/Utils/Page_CNPM Danh sch thnh vin/span_Student Nguyen' is clicked on

2022-01-18 00:23:16 - [MESSAGE][INFO] - Unable to find the element located by 'By.xpath: //li[@id='form_autocomplete_suggestions-1641965227117-0']/span/span'. Please recheck the objects properties to make sure the desired element is located. 

2022-01-18 00:23:16 - [MESSAGE][WARNING] - [SELF-HEALING] Failed to find element with id 'Object Repository/Utils/Page_CNPM Danh sch thnh vin/span_Student Nguyen'. Try using Self-healing.

2022-01-18 00:23:17 - [MESSAGE][WARNING] - [SELF-HEALING] The current locator of test object 'Object Repository/Utils/Page_CNPM Danh sch thnh vin/span_Student Nguyen' was broken. Propose an alternative one: '(.//*[normalize-space(text()) and normalize-space(.)='student@gmail.com'])[2]/preceding::span[1]'.

2022-01-18 00:23:17 - [MESSAGE][PASSED] - Object: 'Object Repository/Utils/Page_CNPM Danh sch thnh vin/span_Student Nguyen' is clicked on

2022-01-18 00:23:17 - [TEST_STEP][PASSED] - click(findTestObject("Object Repository/Utils/Page_CNPM Danh sch thnh vin/button_Ghi danh ngi dng")): Object: 'Object Repository/Utils/Page_CNPM Danh sch thnh vin/button_Ghi danh ngi dng' is clicked on

2022-01-18 00:23:23 - [MESSAGE][INFO] - Unable to find the element located by 'By.xpath: //button[@id='yui_3_17_2_1_1641965226678_264']'. Please recheck the objects properties to make sure the desired element is located. 

2022-01-18 00:23:23 - [MESSAGE][WARNING] - [SELF-HEALING] Failed to find element with id 'Object Repository/Utils/Page_CNPM Danh sch thnh vin/button_Ghi danh ngi dng'. Try using Self-healing.

2022-01-18 00:23:24 - [MESSAGE][WARNING] - [SELF-HEALING] The current locator of test object 'Object Repository/Utils/Page_CNPM Danh sch thnh vin/button_Ghi danh ngi dng' was broken. Propose an alternative one: '(.//*[normalize-space(text()) and normalize-space(.)='Phút'])[1]/following::button[1]'.

2022-01-18 00:23:24 - [MESSAGE][PASSED] - Object: 'Object Repository/Utils/Page_CNPM Danh sch thnh vin/button_Ghi danh ngi dng' is clicked on

2022-01-18 00:23:24 - [TEST_STEP][PASSED] - click(findTestObject("Object Repository/Utils/Page_CNPM Danh sch thnh vin/input_Danh sch thnh vin_btn btn-secondary my-1")): Object: 'Object Repository/Utils/Page_CNPM Danh sch thnh vin/input_Danh sch thnh vin_btn btn-secondary my-1' is clicked on

2022-01-18 00:23:26 - [MESSAGE][PASSED] - Object: 'Object Repository/Utils/Page_CNPM Danh sch thnh vin/input_Danh sch thnh vin_btn btn-secondary my-1' is clicked on

2022-01-18 00:23:26 - [TEST_STEP][PASSED] - selectOptionByValue(findTestObject("Object Repository/Create course/Page_CNPM Danh sch thnh vin/select_Ngi qun l            Gio vin        _4311d9"), "3", true): All options with value '3' are selected in object 'Object Repository/Create course/Page_CNPM Danh sch thnh vin/select_Ngi qun l            Gio vin        _4311d9'  using regular expression

2022-01-18 00:23:28 - [MESSAGE][PASSED] - All options with value '3' are selected in object 'Object Repository/Create course/Page_CNPM Danh sch thnh vin/select_Ngi qun l            Gio vin        _4311d9'  using regular expression

2022-01-18 00:23:28 - [TEST_STEP][PASSED] - click(findTestObject("Object Repository/Utils/Page_CNPM Danh sch thnh vin/span_")): Object: 'Object Repository/Utils/Page_CNPM Danh sch thnh vin/span_' is clicked on

2022-01-18 00:23:34 - [MESSAGE][INFO] - Unable to find the element located by 'By.xpath: //span[@id='form_autocomplete_downarrow-1641965227117']'. Please recheck the objects properties to make sure the desired element is located. 

2022-01-18 00:23:34 - [MESSAGE][WARNING] - [SELF-HEALING] Failed to find element with id 'Object Repository/Utils/Page_CNPM Danh sch thnh vin/span_'. Try using Self-healing.

2022-01-18 00:23:35 - [MESSAGE][WARNING] - [SELF-HEALING] The current locator of test object 'Object Repository/Utils/Page_CNPM Danh sch thnh vin/span_' was broken. Propose an alternative one: '//div[@id='fitem_id_userlist']/div[2]/div[3]/span'.

2022-01-18 00:23:35 - [MESSAGE][PASSED] - Object: 'Object Repository/Utils/Page_CNPM Danh sch thnh vin/span_' is clicked on

2022-01-18 00:23:35 - [TEST_STEP][PASSED] - click(findTestObject("Object Repository/Create course/Page_CNPM Danh sch thnh vin/span_Nguyen Van A")): Object: 'Object Repository/Create course/Page_CNPM Danh sch thnh vin/span_Nguyen Van A' is clicked on

2022-01-18 00:23:41 - [MESSAGE][INFO] - Unable to find the element located by 'By.xpath: //li[@id='form_autocomplete_suggestions-1642350427588-0']/span/span'. Please recheck the objects properties to make sure the desired element is located. 

2022-01-18 00:23:41 - [MESSAGE][WARNING] - [SELF-HEALING] Failed to find element with id 'Object Repository/Create course/Page_CNPM Danh sch thnh vin/span_Nguyen Van A'. Try using Self-healing.

2022-01-18 00:23:42 - [MESSAGE][WARNING] - [SELF-HEALING] The current locator of test object 'Object Repository/Create course/Page_CNPM Danh sch thnh vin/span_Nguyen Van A' was broken. Propose an alternative one: '(.//*[normalize-space(text()) and normalize-space(.)='▼'])[1]/following::span[2]'.

2022-01-18 00:23:42 - [MESSAGE][PASSED] - Object: 'Object Repository/Create course/Page_CNPM Danh sch thnh vin/span_Nguyen Van A' is clicked on

2022-01-18 00:23:42 - [TEST_STEP][PASSED] - click(findTestObject("Object Repository/Create course/Page_CNPM Danh sch thnh vin/button_Ghi danh ngi dng_1")): Object: 'Object Repository/Create course/Page_CNPM Danh sch thnh vin/button_Ghi danh ngi dng_1' is clicked on

2022-01-18 00:23:49 - [MESSAGE][INFO] - Unable to find the element located by 'By.xpath: //button[@id='yui_3_17_2_1_1642348738650_377']'. Please recheck the objects properties to make sure the desired element is located. 

2022-01-18 00:23:49 - [MESSAGE][WARNING] - [SELF-HEALING] Failed to find element with id 'Object Repository/Create course/Page_CNPM Danh sch thnh vin/button_Ghi danh ngi dng_1'. Try using Self-healing.

2022-01-18 00:23:49 - [MESSAGE][WARNING] - [SELF-HEALING] The current locator of test object 'Object Repository/Create course/Page_CNPM Danh sch thnh vin/button_Ghi danh ngi dng_1' was broken. Propose an alternative one: '(.//*[normalize-space(text()) and normalize-space(.)='Phút'])[1]/following::button[1]'.

2022-01-18 00:23:49 - [MESSAGE][PASSED] - Object: 'Object Repository/Create course/Page_CNPM Danh sch thnh vin/button_Ghi danh ngi dng_1' is clicked on

2022-01-18 00:23:49 - [TEST_STEP][PASSED] - click(findTestObject("Create course/Page_CNPM Danh sch thnh vin/a_Qun tr Thnh vin")): Object: 'Object Repository/Create course/Page_CNPM Danh sch thnh vin/a_Qun tr Thnh vin' is clicked on

2022-01-18 00:23:50 - [MESSAGE][PASSED] - Object: 'Object Repository/Create course/Page_CNPM Danh sch thnh vin/a_Qun tr Thnh vin' is clicked on

2022-01-18 00:23:50 - [TEST_STEP][PASSED] - click(findTestObject("Create course/Page_CNPM Danh sch thnh vin/span_Thot")): Object: 'Object Repository/Create course/Page_CNPM Danh sch thnh vin/span_Thot' is clicked on

2022-01-18 00:23:52 - [MESSAGE][PASSED] - Object: 'Object Repository/Create course/Page_CNPM Danh sch thnh vin/span_Thot' is clicked on

2022-01-18 00:23:52 - [TEST_STEP][PASSED] - click(findTestObject("Object Repository/Create course/Page_New Moodle Site/a_Log in")): Object: 'Object Repository/Create course/Page_New Moodle Site/a_Log in' is clicked on

2022-01-18 00:23:53 - [MESSAGE][PASSED] - Object: 'Object Repository/Create course/Page_New Moodle Site/a_Log in' is clicked on

2022-01-18 00:23:53 - [TEST_STEP][PASSED] - setText(findTestObject("Object Repository/Create course/Page_New Moodle Site Log in to the site/input_Username_username"), "hs01"): Text 'hs01' is set on object 'Object Repository/Create course/Page_New Moodle Site Log in to the site/input_Username_username'

2022-01-18 00:23:54 - [MESSAGE][PASSED] - Text 'hs01' is set on object 'Object Repository/Create course/Page_New Moodle Site Log in to the site/input_Username_username'

2022-01-18 00:23:54 - [TEST_STEP][PASSED] - setEncryptedText(findTestObject("Object Repository/Create course/Page_New Moodle Site Log in to the site/input_Password_password"), "o5TCnEIIWq2SeGQhIMNXLQ=="): Text ****** has been set on object 'Object Repository/Create course/Page_New Moodle Site Log in to the site/input_Password_password'

2022-01-18 00:23:55 - [MESSAGE][PASSED] - Text ****** has been set on object 'Object Repository/Create course/Page_New Moodle Site Log in to the site/input_Password_password'

2022-01-18 00:23:55 - [TEST_STEP][PASSED] - click(findTestObject("Object Repository/Create course/Page_New Moodle Site Log in to the site/button_Log in")): Object: 'Object Repository/Create course/Page_New Moodle Site Log in to the site/button_Log in' is clicked on

2022-01-18 00:23:59 - [MESSAGE][PASSED] - Object: 'Object Repository/Create course/Page_New Moodle Site Log in to the site/button_Log in' is clicked on

2022-01-18 00:23:59 - [TEST_STEP][PASSED] - click(findTestObject("Create course/Page_Nh ca ti/span_Trang ch h thng")): Object: 'Object Repository/Create course/Page_Nh ca ti/span_Trang ch h thng' is clicked on

2022-01-18 00:24:04 - [MESSAGE][PASSED] - Object: 'Object Repository/Create course/Page_Nh ca ti/span_Trang ch h thng' is clicked on

2022-01-18 00:24:04 - [TEST_STEP][PASSED] - click(findTestObject("Create course/Page_New Moodle Site/a_Nhp mn Cng ngh phn mm")): Object: 'Object Repository/Create course/Page_New Moodle Site/a_Nhp mn Cng ngh phn mm' is clicked on

2022-01-18 00:24:06 - [MESSAGE][PASSED] - Object: 'Object Repository/Create course/Page_New Moodle Site/a_Nhp mn Cng ngh phn mm' is clicked on

2022-01-18 00:24:06 - [TEST_STEP][PASSED] - click(findTestObject("Create course/Page_Kha Nhp mn Cng ngh phn mm/button_Bt ch  chnh sa")): Object: 'Object Repository/Create course/Page_Kha Nhp mn Cng ngh phn mm/button_Bt ch  chnh sa' is clicked on

2022-01-18 00:24:13 - [MESSAGE][INFO] - Unable to find the element located by 'By.xpath: //button[@id='single_button61e44925546ec1']'. Please recheck the objects properties to make sure the desired element is located. 

2022-01-18 00:24:13 - [MESSAGE][WARNING] - [SELF-HEALING] Failed to find element with id 'Object Repository/Create course/Page_Kha Nhp mn Cng ngh phn mm/button_Bt ch  chnh sa'. Try using Self-healing.

2022-01-18 00:24:13 - [MESSAGE][WARNING] - [SELF-HEALING] The current locator of test object 'Object Repository/Create course/Page_Kha Nhp mn Cng ngh phn mm/button_Bt ch  chnh sa' was broken. Propose an alternative one: '//header[@id='page-header']/div/div/div/div[2]/div[2]/div/form/button'.

2022-01-18 00:24:15 - [MESSAGE][PASSED] - Object: 'Object Repository/Create course/Page_Kha Nhp mn Cng ngh phn mm/button_Bt ch  chnh sa' is clicked on

2022-01-18 00:24:15 - [TEST_STEP][PASSED] - click(findTestObject("Create course/Page_Kha Nhp mn Cng ngh phn mm/button_Tt ch  chnh sa")): Object: 'Object Repository/Create course/Page_Kha Nhp mn Cng ngh phn mm/button_Tt ch  chnh sa' is clicked on

2022-01-18 00:24:21 - [MESSAGE][INFO] - Unable to find the element located by 'By.xpath: //button[@id='single_button61e4492aa5e911']'. Please recheck the objects properties to make sure the desired element is located. 

2022-01-18 00:24:21 - [MESSAGE][WARNING] - [SELF-HEALING] Failed to find element with id 'Object Repository/Create course/Page_Kha Nhp mn Cng ngh phn mm/button_Tt ch  chnh sa'. Try using Self-healing.

2022-01-18 00:24:21 - [MESSAGE][WARNING] - [SELF-HEALING] The current locator of test object 'Object Repository/Create course/Page_Kha Nhp mn Cng ngh phn mm/button_Tt ch  chnh sa' was broken. Propose an alternative one: '//header[@id='page-header']/div/div/div/div[2]/div[2]/div/form/button'.

2022-01-18 00:24:23 - [MESSAGE][PASSED] - Object: 'Object Repository/Create course/Page_Kha Nhp mn Cng ngh phn mm/button_Tt ch  chnh sa' is clicked on

2022-01-18 00:24:23 - [TEST_STEP][PASSED] - click(findTestObject("Object Repository/Create course/Page_Nh ca ti/a_Nguyen Van A")): Object: 'Object Repository/Create course/Page_Nh ca ti/a_Nguyen Van A' is clicked on

2022-01-18 00:24:23 - [MESSAGE][PASSED] - Object: 'Object Repository/Create course/Page_Nh ca ti/a_Nguyen Van A' is clicked on

2022-01-18 00:24:23 - [TEST_STEP][PASSED] - click(findTestObject("Object Repository/Create course/Page_Nh ca ti/span_Thot")): Object: 'Object Repository/Create course/Page_Nh ca ti/span_Thot' is clicked on

2022-01-18 00:24:25 - [MESSAGE][PASSED] - Object: 'Object Repository/Create course/Page_Nh ca ti/span_Thot' is clicked on

2022-01-18 00:24:25 - [TEST_STEP][PASSED] - callTestCase(findTestCase("Utils/Login as student"), [:], STOP_ON_FAILURE): Call Test Case 'Test Cases/Utils/Login as student' successfully

2022-01-18 00:24:25 - [TEST_CASE][PASSED] - Test Cases/Utils/Login as student: Test Cases/Utils/Login as student

2022-01-18 00:24:25 - [TEST_STEP][PASSED] - click(findTestObject("Create folder and quiz/Page_Local Moodle/a_Log in")): Object: 'Object Repository/Create folder and quiz/Page_Local Moodle/a_Log in' is clicked on

2022-01-18 00:24:26 - [MESSAGE][PASSED] - Object: 'Object Repository/Create folder and quiz/Page_Local Moodle/a_Log in' is clicked on

2022-01-18 00:24:26 - [TEST_STEP][PASSED] - setText(findTestObject("Create folder and quiz/Page_Local Moodle Log in to the site/input_Username_username"), "student"): Text 'student' is set on object 'Object Repository/Create folder and quiz/Page_Local Moodle Log in to the site/input_Username_username'

2022-01-18 00:24:27 - [MESSAGE][PASSED] - Text 'student' is set on object 'Object Repository/Create folder and quiz/Page_Local Moodle Log in to the site/input_Username_username'

2022-01-18 00:24:27 - [TEST_STEP][PASSED] - setEncryptedText(findTestObject("Create folder and quiz/Page_Local Moodle Log in to the site/input_Password_password"), "ie7bep3f1gXYsgY0lkRhPw=="): Text ****** has been set on object 'Object Repository/Create folder and quiz/Page_Local Moodle Log in to the site/input_Password_password'

2022-01-18 00:24:28 - [MESSAGE][PASSED] - Text ****** has been set on object 'Object Repository/Create folder and quiz/Page_Local Moodle Log in to the site/input_Password_password'

2022-01-18 00:24:28 - [TEST_STEP][PASSED] - click(findTestObject("Create folder and quiz/Page_Local Moodle Log in to the site/button_Log in")): Object: 'Object Repository/Create folder and quiz/Page_Local Moodle Log in to the site/button_Log in' is clicked on

2022-01-18 00:24:31 - [MESSAGE][PASSED] - Object: 'Object Repository/Create folder and quiz/Page_Local Moodle Log in to the site/button_Log in' is clicked on

2022-01-18 00:24:31 - [MESSAGE][INFO] - 

2022-01-18 00:24:31 - [MESSAGE][INFO] - ===================== Self-healing Report ====================

2022-01-18 00:24:31 - [MESSAGE][INFO] - One of the failed test object locators has been recovered by Self-healing. Please refer to the Self-healing Insights tab for more details.

2022-01-18 00:24:31 - [MESSAGE][INFO] - To learn more about Self-healing, please read https://docs.katalon.com/katalon-studio/docs/self-healing.html

2022-01-18 00:24:31 - [MESSAGE][INFO] - ==============================================================

2022-01-18 00:24:31 - [MESSAGE][PASSED] - Call Test Case 'Test Cases/Utils/Login as student' successfully

2022-01-18 00:24:31 - [TEST_STEP][PASSED] - click(findTestObject("Utils/Page_Nh ca ti (1)/span_Nhp mn Cng ngh phn mm")): Object: 'Object Repository/Utils/Page_Nh ca ti (1)/span_Nhp mn Cng ngh phn mm' is clicked on

2022-01-18 00:24:37 - [MESSAGE][INFO] - Unable to find the element located by 'By.xpath: //div[@id='course-info-container-7-7']/div/div/a/span[3]'. Please recheck the objects properties to make sure the desired element is located. 

2022-01-18 00:24:37 - [MESSAGE][WARNING] - [SELF-HEALING] Failed to find element with id 'Object Repository/Utils/Page_Nh ca ti (1)/span_Nhp mn Cng ngh phn mm'. Try using Self-healing.

2022-01-18 00:24:37 - [MESSAGE][WARNING] - [SELF-HEALING] The current locator of test object 'Object Repository/Utils/Page_Nh ca ti (1)/span_Nhp mn Cng ngh phn mm' was broken. Propose an alternative one: '(.//*[normalize-space(text()) and normalize-space(.)='Tên khóa học'])[1]/following::span[1]'.

2022-01-18 00:24:39 - [MESSAGE][PASSED] - Object: 'Object Repository/Utils/Page_Nh ca ti (1)/span_Nhp mn Cng ngh phn mm' is clicked on

2022-01-18 00:24:39 - [TEST_STEP][PASSED] - click(findTestObject("Create course/Page_Nh ca ti/a_Student Nguyen")): Object: 'Object Repository/Create course/Page_Nh ca ti/a_Student Nguyen' is clicked on

2022-01-18 00:24:40 - [MESSAGE][PASSED] - Object: 'Object Repository/Create course/Page_Nh ca ti/a_Student Nguyen' is clicked on

2022-01-18 00:24:40 - [TEST_STEP][PASSED] - click(findTestObject("Create course/Page_CNPM Danh sch thnh vin/span_Thot")): Object: 'Object Repository/Create course/Page_CNPM Danh sch thnh vin/span_Thot' is clicked on

2022-01-18 00:24:43 - [MESSAGE][PASSED] - Object: 'Object Repository/Create course/Page_CNPM Danh sch thnh vin/span_Thot' is clicked on

2022-01-18 00:24:43 - [TEST_STEP][PASSED] - callTestCase(findTestCase("Utils/Delete course CNPM"), [:], STOP_ON_FAILURE): Call Test Case 'Test Cases/Utils/Delete course CNPM' successfully

2022-01-18 00:24:43 - [TEST_CASE][PASSED] - Test Cases/Utils/Delete course CNPM: Test Cases/Utils/Delete course CNPM

2022-01-18 00:24:43 - [TEST_STEP][PASSED] - callTestCase(findTestCase("Utils/Login as admin"), [:], STOP_ON_FAILURE): Call Test Case 'Test Cases/Utils/Login as admin' successfully

2022-01-18 00:24:43 - [TEST_CASE][PASSED] - Test Cases/Utils/Login as admin: Test Cases/Utils/Login as admin

2022-01-18 00:24:43 - [TEST_STEP][PASSED] - click(findTestObject("View course grade/Page_Local Moodle/a_Log in")): Object: 'Object Repository/View course grade/Page_Local Moodle/a_Log in' is clicked on

2022-01-18 00:24:46 - [MESSAGE][PASSED] - Object: 'Object Repository/View course grade/Page_Local Moodle/a_Log in' is clicked on

2022-01-18 00:24:46 - [TEST_STEP][PASSED] - setText(findTestObject("View course grade/Page_Local Moodle Log in to the site/input_Username_username"), "admin"): Text 'admin' is set on object 'Object Repository/View course grade/Page_Local Moodle Log in to the site/input_Username_username'

2022-01-18 00:24:47 - [MESSAGE][PASSED] - Text 'admin' is set on object 'Object Repository/View course grade/Page_Local Moodle Log in to the site/input_Username_username'

2022-01-18 00:24:47 - [TEST_STEP][PASSED] - setEncryptedText(findTestObject("View course grade/Page_Local Moodle Log in to the site/input_Password_password"), "bfAykA/oWJ09FXmiKh6lyuuLu8QhG1K5"): Text ****** has been set on object 'Object Repository/View course grade/Page_Local Moodle Log in to the site/input_Password_password'

2022-01-18 00:24:48 - [MESSAGE][PASSED] - Text ****** has been set on object 'Object Repository/View course grade/Page_Local Moodle Log in to the site/input_Password_password'

2022-01-18 00:24:48 - [TEST_STEP][PASSED] - click(findTestObject("View course grade/Page_Local Moodle Log in to the site/button_Log in")): Object: 'Object Repository/View course grade/Page_Local Moodle Log in to the site/button_Log in' is clicked on

2022-01-18 00:24:51 - [MESSAGE][PASSED] - Object: 'Object Repository/View course grade/Page_Local Moodle Log in to the site/button_Log in' is clicked on

2022-01-18 00:24:51 - [MESSAGE][INFO] - 

2022-01-18 00:24:51 - [MESSAGE][INFO] - ===================== Self-healing Report ====================

2022-01-18 00:24:51 - [MESSAGE][INFO] - One of the failed test object locators has been recovered by Self-healing. Please refer to the Self-healing Insights tab for more details.

2022-01-18 00:24:51 - [MESSAGE][INFO] - To learn more about Self-healing, please read https://docs.katalon.com/katalon-studio/docs/self-healing.html

2022-01-18 00:24:51 - [MESSAGE][INFO] - ==============================================================

2022-01-18 00:24:51 - [MESSAGE][PASSED] - Call Test Case 'Test Cases/Utils/Login as admin' successfully

2022-01-18 00:24:51 - [TEST_STEP][PASSED] - click(findTestObject("Object Repository/Create course/Page_Nh ca ti/span_Qun tr khu vc")): Object: 'Object Repository/Create course/Page_Nh ca ti/span_Qun tr khu vc' is clicked on

2022-01-18 00:24:57 - [MESSAGE][PASSED] - Object: 'Object Repository/Create course/Page_Nh ca ti/span_Qun tr khu vc' is clicked on

2022-01-18 00:24:57 - [TEST_STEP][PASSED] - click(findTestObject("Object Repository/Create course/Page_Moodle Khu vc qun tr Tm kim/a_Kho hc")): Object: 'Object Repository/Create course/Page_Moodle Khu vc qun tr Tm kim/a_Kho hc' is clicked on

2022-01-18 00:24:58 - [MESSAGE][PASSED] - Object: 'Object Repository/Create course/Page_Moodle Khu vc qun tr Tm kim/a_Kho hc' is clicked on

2022-01-18 00:24:58 - [TEST_STEP][PASSED] - click(findTestObject("Object Repository/Create course/Page_Moodle Khu vc qun tr Tm kim/a_Thmsa cc kho hc")): Object: 'Object Repository/Create course/Page_Moodle Khu vc qun tr Tm kim/a_Thmsa cc kho hc' is clicked on

2022-01-18 00:25:00 - [MESSAGE][PASSED] - Object: 'Object Repository/Create course/Page_Moodle Khu vc qun tr Tm kim/a_Thmsa cc kho hc' is clicked on

2022-01-18 00:25:00 - [TEST_STEP][PASSED] - click(findTestObject("Object Repository/Create course/Page_Qun l kha hc v danh mc kha hc/div_La chn hnh ng hng lot Nhp mn Cng ngh ph_52747d")): Object: 'Object Repository/Create course/Page_Qun l kha hc v danh mc kha hc/div_La chn hnh ng hng lot Nhp mn Cng ngh ph_52747d' is clicked on

2022-01-18 00:25:06 - [MESSAGE][INFO] - Unable to find the element located by 'By.xpath: //div[@id='yui_3_17_2_1_1641378024996_198']'. Please recheck the objects properties to make sure the desired element is located. 

2022-01-18 00:25:06 - [MESSAGE][WARNING] - [SELF-HEALING] Failed to find element with id 'Object Repository/Create course/Page_Qun l kha hc v danh mc kha hc/div_La chn hnh ng hng lot Nhp mn Cng ngh ph_52747d'. Try using Self-healing.

2022-01-18 00:25:07 - [MESSAGE][WARNING] - [SELF-HEALING] The current locator of test object 'Object Repository/Create course/Page_Qun l kha hc v danh mc kha hc/div_La chn hnh ng hng lot Nhp mn Cng ngh ph_52747d' was broken. Propose an alternative one: '(.//*[normalize-space(text()) and normalize-space(.)='Tất cả'])[1]/following::div[1]'.

2022-01-18 00:25:08 - [MESSAGE][PASSED] - Object: 'Object Repository/Create course/Page_Qun l kha hc v danh mc kha hc/div_La chn hnh ng hng lot Nhp mn Cng ngh ph_52747d' is clicked on

2022-01-18 00:25:08 - [TEST_STEP][PASSED] - click(findTestObject("Object Repository/Create course/Page_Qun l kha hc v danh mc kha hc/a_Nhp mn Cng ngh phn mm")): Object: 'Object Repository/Create course/Page_Qun l kha hc v danh mc kha hc/a_Nhp mn Cng ngh phn mm' is clicked on

2022-01-18 00:25:15 - [MESSAGE][INFO] - Unable to find the element located by 'By.xpath: //a[@id='yui_3_17_2_1_1641378024996_202']'. Please recheck the objects properties to make sure the desired element is located. 

2022-01-18 00:25:15 - [MESSAGE][WARNING] - [SELF-HEALING] Failed to find element with id 'Object Repository/Create course/Page_Qun l kha hc v danh mc kha hc/a_Nhp mn Cng ngh phn mm'. Try using Self-healing.

2022-01-18 00:25:15 - [MESSAGE][WARNING] - [SELF-HEALING] The current locator of test object 'Object Repository/Create course/Page_Qun l kha hc v danh mc kha hc/a_Nhp mn Cng ngh phn mm' was broken. Propose an alternative one: '//a[contains(text(),'Nhập môn Công nghệ phần mềm')]'.

2022-01-18 00:25:17 - [MESSAGE][PASSED] - Object: 'Object Repository/Create course/Page_Qun l kha hc v danh mc kha hc/a_Nhp mn Cng ngh phn mm' is clicked on

2022-01-18 00:25:17 - [TEST_STEP][PASSED] - click(findTestObject("Object Repository/Create course/Page_Qun l kha hc v danh mc kha hc/a_Xo")): Object: 'Object Repository/Create course/Page_Qun l kha hc v danh mc kha hc/a_Xo' is clicked on

2022-01-18 00:25:23 - [MESSAGE][INFO] - Unable to find the element located by 'By.xpath: //a[@id='action_link61d570ff7b02a61']'. Please recheck the objects properties to make sure the desired element is located. 

2022-01-18 00:25:23 - [MESSAGE][WARNING] - [SELF-HEALING] Failed to find element with id 'Object Repository/Create course/Page_Qun l kha hc v danh mc kha hc/a_Xo'. Try using Self-healing.

2022-01-18 00:25:24 - [MESSAGE][WARNING] - [SELF-HEALING] The current locator of test object 'Object Repository/Create course/Page_Qun l kha hc v danh mc kha hc/a_Xo' was broken. Propose an alternative one: '//div[@id='course-detail']/div/div[2]/div/a[4]'.

2022-01-18 00:25:25 - [MESSAGE][PASSED] - Object: 'Object Repository/Create course/Page_Qun l kha hc v danh mc kha hc/a_Xo' is clicked on

2022-01-18 00:25:25 - [TEST_STEP][PASSED] - click(findTestObject("Object Repository/Create course/Page_Moodle Xo CNPM/button_Xo")): Object: 'Object Repository/Create course/Page_Moodle Xo CNPM/button_Xo' is clicked on

2022-01-18 00:25:31 - [MESSAGE][INFO] - Unable to find the element located by 'By.xpath: //button[@id='single_button61dfb22f3a4de19']'. Please recheck the objects properties to make sure the desired element is located. 

2022-01-18 00:25:31 - [MESSAGE][WARNING] - [SELF-HEALING] Failed to find element with id 'Object Repository/Create course/Page_Moodle Xo CNPM/button_Xo'. Try using Self-healing.

2022-01-18 00:25:32 - [MESSAGE][WARNING] - [SELF-HEALING] The current locator of test object 'Object Repository/Create course/Page_Moodle Xo CNPM/button_Xo' was broken. Propose an alternative one: '//div[@id='modal-footer']/div/div/form/button'.

2022-01-18 00:25:34 - [MESSAGE][PASSED] - Object: 'Object Repository/Create course/Page_Moodle Xo CNPM/button_Xo' is clicked on

2022-01-18 00:25:34 - [TEST_STEP][PASSED] - click(findTestObject("Object Repository/Create course/Page_Moodle Xo CNPM/button_Tip tc")): Object: 'Object Repository/Create course/Page_Moodle Xo CNPM/button_Tip tc' is clicked on

2022-01-18 00:25:40 - [MESSAGE][INFO] - Unable to find the element located by 'By.xpath: //button[@id='single_button61d571098d12119']'. Please recheck the objects properties to make sure the desired element is located. 

2022-01-18 00:25:40 - [MESSAGE][WARNING] - [SELF-HEALING] Failed to find element with id 'Object Repository/Create course/Page_Moodle Xo CNPM/button_Tip tc'. Try using Self-healing.

2022-01-18 00:25:41 - [MESSAGE][WARNING] - [SELF-HEALING] The current locator of test object 'Object Repository/Create course/Page_Moodle Xo CNPM/button_Tip tc' was broken. Propose an alternative one: '(.//*[normalize-space(text()) and normalize-space(.)='CNPM đã được xoá hoàn toàn'])[1]/following::button[1]'.

2022-01-18 00:25:43 - [MESSAGE][PASSED] - Object: 'Object Repository/Create course/Page_Moodle Xo CNPM/button_Tip tc' is clicked on

2022-01-18 00:25:43 - [MESSAGE][INFO] - 

2022-01-18 00:25:43 - [MESSAGE][INFO] - ===================== Self-healing Report ====================

2022-01-18 00:25:43 - [MESSAGE][INFO] - One of the failed test object locators has been recovered by Self-healing. Please refer to the Self-healing Insights tab for more details.

2022-01-18 00:25:43 - [MESSAGE][INFO] - To learn more about Self-healing, please read https://docs.katalon.com/katalon-studio/docs/self-healing.html

2022-01-18 00:25:43 - [MESSAGE][INFO] - ==============================================================

2022-01-18 00:25:43 - [MESSAGE][PASSED] - Call Test Case 'Test Cases/Utils/Delete course CNPM' successfully

2022-01-18 00:25:43 - [TEST_STEP][PASSED] - closeBrowser(): Browser is closed

2022-01-18 00:25:45 - [MESSAGE][PASSED] - Browser is closed]]></system-out>
         <system-err><![CDATA[]]></system-err>
      </testcase>
      <testcase name="Test Cases/Create course/Create course with existed shortname" time="98.237" classname="Test Cases/Create course/Create course with existed shortname" status="PASSED">
         <system-out><![CDATA[2022-01-18 00:25:45 - [TEST_CASE][PASSED] - Test Cases/Create course/Create course with existed shortname: Test Cases/Create course/Create course with existed shortname

2022-01-18 00:25:46 - [TEST_STEP][PASSED] - openBrowser(""): Browser is opened with url: ''

2022-01-18 00:25:46 - [MESSAGE][INFO] - Starting 'Edge Chromium' driver

2022-01-18 00:25:48 - [MESSAGE][INFO] - Action delay is set to 0 milliseconds

2022-01-18 00:25:50 - [MESSAGE][PASSED] - Browser is opened with url: ''

2022-01-18 00:25:50 - [TEST_STEP][PASSED] - navigateToUrl("http://localhost/"): Navigate to 'http://localhost/' successfully

2022-01-18 00:25:53 - [MESSAGE][PASSED] - Navigate to 'http://localhost/' successfully

2022-01-18 00:25:53 - [TEST_STEP][PASSED] - callTestCase(findTestCase("Utils/Login as admin"), [:], STOP_ON_FAILURE): Call Test Case 'Test Cases/Utils/Login as admin' successfully

2022-01-18 00:25:54 - [TEST_CASE][PASSED] - Test Cases/Utils/Login as admin: Test Cases/Utils/Login as admin

2022-01-18 00:25:54 - [TEST_STEP][PASSED] - click(findTestObject("View course grade/Page_Local Moodle/a_Log in")): Object: 'Object Repository/View course grade/Page_Local Moodle/a_Log in' is clicked on

2022-01-18 00:25:55 - [MESSAGE][PASSED] - Object: 'Object Repository/View course grade/Page_Local Moodle/a_Log in' is clicked on

2022-01-18 00:25:55 - [TEST_STEP][PASSED] - setText(findTestObject("View course grade/Page_Local Moodle Log in to the site/input_Username_username"), "admin"): Text 'admin' is set on object 'Object Repository/View course grade/Page_Local Moodle Log in to the site/input_Username_username'

2022-01-18 00:25:56 - [MESSAGE][PASSED] - Text 'admin' is set on object 'Object Repository/View course grade/Page_Local Moodle Log in to the site/input_Username_username'

2022-01-18 00:25:56 - [TEST_STEP][PASSED] - setEncryptedText(findTestObject("View course grade/Page_Local Moodle Log in to the site/input_Password_password"), "bfAykA/oWJ09FXmiKh6lyuuLu8QhG1K5"): Text ****** has been set on object 'Object Repository/View course grade/Page_Local Moodle Log in to the site/input_Password_password'

2022-01-18 00:25:57 - [MESSAGE][PASSED] - Text ****** has been set on object 'Object Repository/View course grade/Page_Local Moodle Log in to the site/input_Password_password'

2022-01-18 00:25:57 - [TEST_STEP][PASSED] - click(findTestObject("View course grade/Page_Local Moodle Log in to the site/button_Log in")): Object: 'Object Repository/View course grade/Page_Local Moodle Log in to the site/button_Log in' is clicked on

2022-01-18 00:26:01 - [MESSAGE][PASSED] - Object: 'Object Repository/View course grade/Page_Local Moodle Log in to the site/button_Log in' is clicked on

2022-01-18 00:26:01 - [MESSAGE][PASSED] - Call Test Case 'Test Cases/Utils/Login as admin' successfully

2022-01-18 00:26:01 - [TEST_STEP][PASSED] - click(findTestObject("Object Repository/Create course/Page_Nh ca ti/span_Qun tr khu vc")): Object: 'Object Repository/Create course/Page_Nh ca ti/span_Qun tr khu vc' is clicked on

2022-01-18 00:26:08 - [MESSAGE][PASSED] - Object: 'Object Repository/Create course/Page_Nh ca ti/span_Qun tr khu vc' is clicked on

2022-01-18 00:26:08 - [TEST_STEP][PASSED] - click(findTestObject("Object Repository/Create course/Page_Moodle Khu vc qun tr Tm kim/a_Kho hc")): Object: 'Object Repository/Create course/Page_Moodle Khu vc qun tr Tm kim/a_Kho hc' is clicked on

2022-01-18 00:26:08 - [MESSAGE][PASSED] - Object: 'Object Repository/Create course/Page_Moodle Khu vc qun tr Tm kim/a_Kho hc' is clicked on

2022-01-18 00:26:08 - [TEST_STEP][PASSED] - click(findTestObject("Object Repository/Create course/Page_Moodle Khu vc qun tr Tm kim/a_Thmsa cc kho hc")): Object: 'Object Repository/Create course/Page_Moodle Khu vc qun tr Tm kim/a_Thmsa cc kho hc' is clicked on

2022-01-18 00:26:11 - [MESSAGE][PASSED] - Object: 'Object Repository/Create course/Page_Moodle Khu vc qun tr Tm kim/a_Thmsa cc kho hc' is clicked on

2022-01-18 00:26:11 - [TEST_STEP][PASSED] - click(findTestObject("Create course/Page_Qun l kha hc v danh mc kha hc/a_TaoKhoaHocMoi")): Object: 'Object Repository/Create course/Page_Qun l kha hc v danh mc kha hc/a_TaoKhoaHocMoi' is clicked on

2022-01-18 00:26:17 - [MESSAGE][INFO] - Unable to find the element located by 'By.xpath: //div[@id='yui_3_17_2_1_1641271251047_65']/div/div/a'. Please recheck the objects properties to make sure the desired element is located. 

2022-01-18 00:26:17 - [MESSAGE][WARNING] - [SELF-HEALING] Failed to find element with id 'Object Repository/Create course/Page_Qun l kha hc v danh mc kha hc/a_TaoKhoaHocMoi'. Try using Self-healing.

2022-01-18 00:26:18 - [MESSAGE][WARNING] - [SELF-HEALING] The current locator of test object 'Object Repository/Create course/Page_Qun l kha hc v danh mc kha hc/a_TaoKhoaHocMoi' was broken. Propose an alternative one: '//a[contains(text(),'Tạo khóa học mới')]'.

2022-01-18 00:26:23 - [MESSAGE][PASSED] - Object: 'Object Repository/Create course/Page_Qun l kha hc v danh mc kha hc/a_TaoKhoaHocMoi' is clicked on

2022-01-18 00:26:23 - [TEST_STEP][PASSED] - setText(findTestObject("Object Repository/Create course/Page_Moodle Thm kho hc mi/input_Tn y_fullname"), "Nhập môn lập trình"): Text 'Nhập môn lập trình' is set on object 'Object Repository/Create course/Page_Moodle Thm kho hc mi/input_Tn y_fullname'

2022-01-18 00:26:25 - [MESSAGE][PASSED] - Text 'Nhập môn lập trình' is set on object 'Object Repository/Create course/Page_Moodle Thm kho hc mi/input_Tn y_fullname'

2022-01-18 00:26:25 - [TEST_STEP][PASSED] - setText(findTestObject("Object Repository/Create course/Page_Moodle Thm kho hc mi/input_Tn rt gn ca kho hc_shortname"), "NMLT"): Text 'NMLT' is set on object 'Object Repository/Create course/Page_Moodle Thm kho hc mi/input_Tn rt gn ca kho hc_shortname'

2022-01-18 00:26:26 - [MESSAGE][PASSED] - Text 'NMLT' is set on object 'Object Repository/Create course/Page_Moodle Thm kho hc mi/input_Tn rt gn ca kho hc_shortname'

2022-01-18 00:26:26 - [TEST_STEP][PASSED] - click(findTestObject("Object Repository/Create course/Page_Moodle Thm kho hc mi/input__saveandreturn")): Object: 'Object Repository/Create course/Page_Moodle Thm kho hc mi/input__saveandreturn' is clicked on

2022-01-18 00:26:32 - [MESSAGE][PASSED] - Object: 'Object Repository/Create course/Page_Moodle Thm kho hc mi/input__saveandreturn' is clicked on

2022-01-18 00:26:32 - [TEST_STEP][PASSED] - click(findTestObject("Create course/Page_Qun l kha hc v danh mc kha hc/a_TaoKhoaHocMoi")): Object: 'Object Repository/Create course/Page_Qun l kha hc v danh mc kha hc/a_TaoKhoaHocMoi' is clicked on

2022-01-18 00:26:38 - [MESSAGE][INFO] - Unable to find the element located by 'By.xpath: //div[@id='yui_3_17_2_1_1641271251047_65']/div/div/a'. Please recheck the objects properties to make sure the desired element is located. 

2022-01-18 00:26:38 - [MESSAGE][WARNING] - [SELF-HEALING] Failed to find element with id 'Object Repository/Create course/Page_Qun l kha hc v danh mc kha hc/a_TaoKhoaHocMoi'. Try using Self-healing.

2022-01-18 00:26:39 - [MESSAGE][WARNING] - [SELF-HEALING] The current locator of test object 'Object Repository/Create course/Page_Qun l kha hc v danh mc kha hc/a_TaoKhoaHocMoi' was broken. Propose an alternative one: '//a[contains(text(),'Tạo khóa học mới')]'.

2022-01-18 00:26:43 - [MESSAGE][PASSED] - Object: 'Object Repository/Create course/Page_Qun l kha hc v danh mc kha hc/a_TaoKhoaHocMoi' is clicked on

2022-01-18 00:26:43 - [TEST_STEP][PASSED] - setText(findTestObject("Object Repository/Create course/Page_Moodle Thm kho hc mi/input_Tn y_fullname"), "Nhập môn lập trình"): Text 'Nhập môn lập trình' is set on object 'Object Repository/Create course/Page_Moodle Thm kho hc mi/input_Tn y_fullname'

2022-01-18 00:26:45 - [MESSAGE][PASSED] - Text 'Nhập môn lập trình' is set on object 'Object Repository/Create course/Page_Moodle Thm kho hc mi/input_Tn y_fullname'

2022-01-18 00:26:45 - [TEST_STEP][PASSED] - setText(findTestObject("Object Repository/Create course/Page_Moodle Thm kho hc mi/input_Tn rt gn ca kho hc_shortname"), "NMLT"): Text 'NMLT' is set on object 'Object Repository/Create course/Page_Moodle Thm kho hc mi/input_Tn rt gn ca kho hc_shortname'

2022-01-18 00:26:46 - [MESSAGE][PASSED] - Text 'NMLT' is set on object 'Object Repository/Create course/Page_Moodle Thm kho hc mi/input_Tn rt gn ca kho hc_shortname'

2022-01-18 00:26:46 - [TEST_STEP][PASSED] - click(findTestObject("Object Repository/Create course/Page_Moodle Thm kho hc mi/input__saveanddisplay")): Object: 'Object Repository/Create course/Page_Moodle Thm kho hc mi/input__saveanddisplay' is clicked on

2022-01-18 00:26:50 - [MESSAGE][PASSED] - Object: 'Object Repository/Create course/Page_Moodle Thm kho hc mi/input__saveanddisplay' is clicked on

2022-01-18 00:26:50 - [TEST_STEP][PASSED] - verifyElementText(findTestObject("Object Repository/Create course/Page_Moodle Thm kho hc mi/div_Tn tt ny  c dng trong mt kho hc khc (Nh_d016a9"), "Tên tắt này đã được dùng trong một khoá học khác (Nhập môn lập trình)"): Actual text and expected text of test object 'Object Repository/Create course/Page_Moodle Thm kho hc mi/div_Tn tt ny  c dng trong mt kho hc khc (Nh_d016a9' are matched.

2022-01-18 00:26:51 - [MESSAGE][PASSED] - Actual text and expected text of test object 'Object Repository/Create course/Page_Moodle Thm kho hc mi/div_Tn tt ny  c dng trong mt kho hc khc (Nh_d016a9' are matched.

2022-01-18 00:26:51 - [TEST_STEP][PASSED] - navigateToUrl("http://localhost/course/delete.php?id=16"): Navigate to 'http://localhost/course/delete.php?id=16' successfully

2022-01-18 00:26:52 - [MESSAGE][PASSED] - Navigate to 'http://localhost/course/delete.php?id=16' successfully

2022-01-18 00:26:52 - [TEST_STEP][PASSED] - click(findTestObject("Object Repository/Create course/Page_Qun l kha hc v danh mc kha hc/span_Qun tr khu vc")): Object: 'Object Repository/Create course/Page_Qun l kha hc v danh mc kha hc/span_Qun tr khu vc' is clicked on

2022-01-18 00:26:55 - [MESSAGE][PASSED] - Object: 'Object Repository/Create course/Page_Qun l kha hc v danh mc kha hc/span_Qun tr khu vc' is clicked on

2022-01-18 00:26:55 - [TEST_STEP][PASSED] - navigateToUrl("http://localhost/admin/search.php"): Navigate to 'http://localhost/admin/search.php' successfully

2022-01-18 00:26:58 - [MESSAGE][PASSED] - Navigate to 'http://localhost/admin/search.php' successfully

2022-01-18 00:26:58 - [TEST_STEP][PASSED] - click(findTestObject("Object Repository/Create course/Page_Moodle Khu vc qun tr Tm kim/a_Kho hc")): Object: 'Object Repository/Create course/Page_Moodle Khu vc qun tr Tm kim/a_Kho hc' is clicked on

2022-01-18 00:27:00 - [MESSAGE][PASSED] - Object: 'Object Repository/Create course/Page_Moodle Khu vc qun tr Tm kim/a_Kho hc' is clicked on

2022-01-18 00:27:00 - [TEST_STEP][PASSED] - click(findTestObject("Object Repository/Create course/Page_Moodle Khu vc qun tr Tm kim/a_Thmsa cc kho hc")): Object: 'Object Repository/Create course/Page_Moodle Khu vc qun tr Tm kim/a_Thmsa cc kho hc' is clicked on

2022-01-18 00:27:02 - [MESSAGE][PASSED] - Object: 'Object Repository/Create course/Page_Moodle Khu vc qun tr Tm kim/a_Thmsa cc kho hc' is clicked on

2022-01-18 00:27:02 - [TEST_STEP][PASSED] - click(findTestObject("Object Repository/Create course/Page_Qun l kha hc v danh mc kha hc/i_Nhp mn lp trnh_yui_3_17_2_1_1642050622599_445")): Object: 'Object Repository/Create course/Page_Qun l kha hc v danh mc kha hc/i_Nhp mn lp trnh_yui_3_17_2_1_1642050622599_445' is clicked on

2022-01-18 00:27:09 - [MESSAGE][INFO] - Unable to find the element located by 'By.xpath: //i[@id='yui_3_17_2_1_1642050622599_445']'. Please recheck the objects properties to make sure the desired element is located. 

2022-01-18 00:27:09 - [MESSAGE][WARNING] - [SELF-HEALING] Failed to find element with id 'Object Repository/Create course/Page_Qun l kha hc v danh mc kha hc/i_Nhp mn lp trnh_yui_3_17_2_1_1642050622599_445'. Try using Self-healing.

2022-01-18 00:27:09 - [MESSAGE][WARNING] - [SELF-HEALING] The current locator of test object 'Object Repository/Create course/Page_Qun l kha hc v danh mc kha hc/i_Nhp mn lp trnh_yui_3_17_2_1_1642050622599_445' was broken. Propose an alternative one: '//span/a[3]/i'.

2022-01-18 00:27:11 - [MESSAGE][PASSED] - Object: 'Object Repository/Create course/Page_Qun l kha hc v danh mc kha hc/i_Nhp mn lp trnh_yui_3_17_2_1_1642050622599_445' is clicked on

2022-01-18 00:27:11 - [TEST_STEP][PASSED] - click(findTestObject("Object Repository/Create course/Page_Moodle Xo NMLT/button_Xo")): Object: 'Object Repository/Create course/Page_Moodle Xo NMLT/button_Xo' is clicked on

2022-01-18 00:27:18 - [MESSAGE][INFO] - Unable to find the element located by 'By.xpath: //button[@id='single_button61dfb441c4d6519']'. Please recheck the objects properties to make sure the desired element is located. 

2022-01-18 00:27:18 - [MESSAGE][WARNING] - [SELF-HEALING] Failed to find element with id 'Object Repository/Create course/Page_Moodle Xo NMLT/button_Xo'. Try using Self-healing.

2022-01-18 00:27:18 - [MESSAGE][WARNING] - [SELF-HEALING] The current locator of test object 'Object Repository/Create course/Page_Moodle Xo NMLT/button_Xo' was broken. Propose an alternative one: '//div[@id='modal-footer']/div/div/form/button'.

2022-01-18 00:27:21 - [MESSAGE][PASSED] - Object: 'Object Repository/Create course/Page_Moodle Xo NMLT/button_Xo' is clicked on

2022-01-18 00:27:21 - [TEST_STEP][PASSED] - closeBrowser(): Browser is closed

2022-01-18 00:27:23 - [MESSAGE][PASSED] - Browser is closed]]></system-out>
         <system-err><![CDATA[]]></system-err>
      </testcase>
      <testcase name="Test Cases/Create course/Create course without fullname" time="40.862" classname="Test Cases/Create course/Create course without fullname" status="PASSED">
         <system-out><![CDATA[2022-01-18 00:27:23 - [TEST_CASE][PASSED] - Test Cases/Create course/Create course without fullname: Test Cases/Create course/Create course without fullname

2022-01-18 00:27:24 - [TEST_STEP][PASSED] - openBrowser(""): Browser is opened with url: ''

2022-01-18 00:27:24 - [MESSAGE][INFO] - Starting 'Edge Chromium' driver

2022-01-18 00:27:27 - [MESSAGE][INFO] - Action delay is set to 0 milliseconds

2022-01-18 00:27:29 - [MESSAGE][PASSED] - Browser is opened with url: ''

2022-01-18 00:27:29 - [TEST_STEP][PASSED] - navigateToUrl("http://localhost/"): Navigate to 'http://localhost/' successfully

2022-01-18 00:27:31 - [MESSAGE][PASSED] - Navigate to 'http://localhost/' successfully

2022-01-18 00:27:31 - [TEST_STEP][PASSED] - callTestCase(findTestCase("Utils/Login as admin"), [:], STOP_ON_FAILURE): Call Test Case 'Test Cases/Utils/Login as admin' successfully

2022-01-18 00:27:31 - [TEST_CASE][PASSED] - Test Cases/Utils/Login as admin: Test Cases/Utils/Login as admin

2022-01-18 00:27:31 - [TEST_STEP][PASSED] - click(findTestObject("View course grade/Page_Local Moodle/a_Log in")): Object: 'Object Repository/View course grade/Page_Local Moodle/a_Log in' is clicked on

2022-01-18 00:27:33 - [MESSAGE][PASSED] - Object: 'Object Repository/View course grade/Page_Local Moodle/a_Log in' is clicked on

2022-01-18 00:27:33 - [TEST_STEP][PASSED] - setText(findTestObject("View course grade/Page_Local Moodle Log in to the site/input_Username_username"), "admin"): Text 'admin' is set on object 'Object Repository/View course grade/Page_Local Moodle Log in to the site/input_Username_username'

2022-01-18 00:27:34 - [MESSAGE][PASSED] - Text 'admin' is set on object 'Object Repository/View course grade/Page_Local Moodle Log in to the site/input_Username_username'

2022-01-18 00:27:34 - [TEST_STEP][PASSED] - setEncryptedText(findTestObject("View course grade/Page_Local Moodle Log in to the site/input_Password_password"), "bfAykA/oWJ09FXmiKh6lyuuLu8QhG1K5"): Text ****** has been set on object 'Object Repository/View course grade/Page_Local Moodle Log in to the site/input_Password_password'

2022-01-18 00:27:35 - [MESSAGE][PASSED] - Text ****** has been set on object 'Object Repository/View course grade/Page_Local Moodle Log in to the site/input_Password_password'

2022-01-18 00:27:35 - [TEST_STEP][PASSED] - click(findTestObject("View course grade/Page_Local Moodle Log in to the site/button_Log in")): Object: 'Object Repository/View course grade/Page_Local Moodle Log in to the site/button_Log in' is clicked on

2022-01-18 00:27:39 - [MESSAGE][PASSED] - Object: 'Object Repository/View course grade/Page_Local Moodle Log in to the site/button_Log in' is clicked on

2022-01-18 00:27:39 - [MESSAGE][PASSED] - Call Test Case 'Test Cases/Utils/Login as admin' successfully

2022-01-18 00:27:39 - [TEST_STEP][PASSED] - click(findTestObject("Utils/Page_Nh ca ti (1)/a_QuanTriKhuVuc")): Object: 'Object Repository/Utils/Page_Nh ca ti (1)/a_QuanTriKhuVuc' is clicked on

2022-01-18 00:27:45 - [MESSAGE][PASSED] - Object: 'Object Repository/Utils/Page_Nh ca ti (1)/a_QuanTriKhuVuc' is clicked on

2022-01-18 00:27:45 - [TEST_STEP][PASSED] - click(findTestObject("Create course/Page_Moodle Khu vc qun tr Tm kim/a_KhoaHoc")): Object: 'Object Repository/Create course/Page_Moodle Khu vc qun tr Tm kim/a_KhoaHoc' is clicked on

2022-01-18 00:27:46 - [MESSAGE][PASSED] - Object: 'Object Repository/Create course/Page_Moodle Khu vc qun tr Tm kim/a_KhoaHoc' is clicked on

2022-01-18 00:27:46 - [TEST_STEP][PASSED] - click(findTestObject("Create course/Page_Moodle Khu vc qun tr Tm kim/a_ThemSuaKhoaHoc")): Object: 'Object Repository/Create course/Page_Moodle Khu vc qun tr Tm kim/a_ThemSuaKhoaHoc' is clicked on

2022-01-18 00:27:48 - [MESSAGE][PASSED] - Object: 'Object Repository/Create course/Page_Moodle Khu vc qun tr Tm kim/a_ThemSuaKhoaHoc' is clicked on

2022-01-18 00:27:48 - [TEST_STEP][PASSED] - click(findTestObject("Create course/Page_Qun l kha hc v danh mc kha hc/a_TaoKhoaHocMoi")): Object: 'Object Repository/Create course/Page_Qun l kha hc v danh mc kha hc/a_TaoKhoaHocMoi' is clicked on

2022-01-18 00:27:55 - [MESSAGE][INFO] - Unable to find the element located by 'By.xpath: //div[@id='yui_3_17_2_1_1641271251047_65']/div/div/a'. Please recheck the objects properties to make sure the desired element is located. 

2022-01-18 00:27:55 - [MESSAGE][WARNING] - [SELF-HEALING] Failed to find element with id 'Object Repository/Create course/Page_Qun l kha hc v danh mc kha hc/a_TaoKhoaHocMoi'. Try using Self-healing.

2022-01-18 00:27:55 - [MESSAGE][WARNING] - [SELF-HEALING] The current locator of test object 'Object Repository/Create course/Page_Qun l kha hc v danh mc kha hc/a_TaoKhoaHocMoi' was broken. Propose an alternative one: '//a[contains(text(),'Tạo khóa học mới')]'.

2022-01-18 00:27:59 - [MESSAGE][PASSED] - Object: 'Object Repository/Create course/Page_Qun l kha hc v danh mc kha hc/a_TaoKhoaHocMoi' is clicked on

2022-01-18 00:27:59 - [TEST_STEP][PASSED] - setText(findTestObject("Create course/Page_Moodle Thm kho hc mi/input_TenRutGon"), "NMLT"): Text 'NMLT' is set on object 'Object Repository/Create course/Page_Moodle Thm kho hc mi/input_TenRutGon'

2022-01-18 00:28:01 - [MESSAGE][PASSED] - Text 'NMLT' is set on object 'Object Repository/Create course/Page_Moodle Thm kho hc mi/input_TenRutGon'

2022-01-18 00:28:01 - [TEST_STEP][PASSED] - click(findTestObject("Create course/Page_Moodle Thm kho hc mi/input__LuuVaQuayLai")): Object: 'Object Repository/Create course/Page_Moodle Thm kho hc mi/input__LuuVaQuayLai' is clicked on

2022-01-18 00:28:02 - [MESSAGE][PASSED] - Object: 'Object Repository/Create course/Page_Moodle Thm kho hc mi/input__LuuVaQuayLai' is clicked on

2022-01-18 00:28:02 - [TEST_STEP][PASSED] - verifyElementText(findTestObject("Create course/Page_Moodle Thm kho hc mi/div_- ConThieuHoTenDayDu"), "- Còn thiếu họ tên đầy đủ"): Actual text and expected text of test object 'Object Repository/Create course/Page_Moodle Thm kho hc mi/div_- ConThieuHoTenDayDu' are matched.

2022-01-18 00:28:03 - [MESSAGE][PASSED] - Actual text and expected text of test object 'Object Repository/Create course/Page_Moodle Thm kho hc mi/div_- ConThieuHoTenDayDu' are matched.

2022-01-18 00:28:03 - [TEST_STEP][PASSED] - closeBrowser(): Browser is closed

2022-01-18 00:28:04 - [MESSAGE][PASSED] - Browser is closed]]></system-out>
         <system-err><![CDATA[]]></system-err>
      </testcase>
      <testcase name="Test Cases/Create course/Create course without shortname" time="42.514" classname="Test Cases/Create course/Create course without shortname" status="PASSED">
         <system-out><![CDATA[2022-01-18 00:28:04 - [TEST_CASE][PASSED] - Test Cases/Create course/Create course without shortname: Test Cases/Create course/Create course without shortname

2022-01-18 00:28:05 - [TEST_STEP][PASSED] - openBrowser(""): Browser is opened with url: ''

2022-01-18 00:28:05 - [MESSAGE][INFO] - Starting 'Edge Chromium' driver

2022-01-18 00:28:07 - [MESSAGE][INFO] - Action delay is set to 0 milliseconds

2022-01-18 00:28:10 - [MESSAGE][PASSED] - Browser is opened with url: ''

2022-01-18 00:28:10 - [TEST_STEP][PASSED] - navigateToUrl("http://localhost/"): Navigate to 'http://localhost/' successfully

2022-01-18 00:28:12 - [MESSAGE][PASSED] - Navigate to 'http://localhost/' successfully

2022-01-18 00:28:12 - [TEST_STEP][PASSED] - callTestCase(findTestCase("Utils/Login as admin"), [:], STOP_ON_FAILURE): Call Test Case 'Test Cases/Utils/Login as admin' successfully

2022-01-18 00:28:12 - [TEST_CASE][PASSED] - Test Cases/Utils/Login as admin: Test Cases/Utils/Login as admin

2022-01-18 00:28:12 - [TEST_STEP][PASSED] - click(findTestObject("View course grade/Page_Local Moodle/a_Log in")): Object: 'Object Repository/View course grade/Page_Local Moodle/a_Log in' is clicked on

2022-01-18 00:28:14 - [MESSAGE][PASSED] - Object: 'Object Repository/View course grade/Page_Local Moodle/a_Log in' is clicked on

2022-01-18 00:28:14 - [TEST_STEP][PASSED] - setText(findTestObject("View course grade/Page_Local Moodle Log in to the site/input_Username_username"), "admin"): Text 'admin' is set on object 'Object Repository/View course grade/Page_Local Moodle Log in to the site/input_Username_username'

2022-01-18 00:28:15 - [MESSAGE][PASSED] - Text 'admin' is set on object 'Object Repository/View course grade/Page_Local Moodle Log in to the site/input_Username_username'

2022-01-18 00:28:15 - [TEST_STEP][PASSED] - setEncryptedText(findTestObject("View course grade/Page_Local Moodle Log in to the site/input_Password_password"), "bfAykA/oWJ09FXmiKh6lyuuLu8QhG1K5"): Text ****** has been set on object 'Object Repository/View course grade/Page_Local Moodle Log in to the site/input_Password_password'

2022-01-18 00:28:16 - [MESSAGE][PASSED] - Text ****** has been set on object 'Object Repository/View course grade/Page_Local Moodle Log in to the site/input_Password_password'

2022-01-18 00:28:16 - [TEST_STEP][PASSED] - click(findTestObject("View course grade/Page_Local Moodle Log in to the site/button_Log in")): Object: 'Object Repository/View course grade/Page_Local Moodle Log in to the site/button_Log in' is clicked on

2022-01-18 00:28:20 - [MESSAGE][PASSED] - Object: 'Object Repository/View course grade/Page_Local Moodle Log in to the site/button_Log in' is clicked on

2022-01-18 00:28:20 - [MESSAGE][PASSED] - Call Test Case 'Test Cases/Utils/Login as admin' successfully

2022-01-18 00:28:20 - [TEST_STEP][PASSED] - click(findTestObject("Utils/Page_Nh ca ti (1)/a_QuanTriKhuVuc")): Object: 'Object Repository/Utils/Page_Nh ca ti (1)/a_QuanTriKhuVuc' is clicked on

2022-01-18 00:28:27 - [MESSAGE][PASSED] - Object: 'Object Repository/Utils/Page_Nh ca ti (1)/a_QuanTriKhuVuc' is clicked on

2022-01-18 00:28:27 - [TEST_STEP][PASSED] - click(findTestObject("Create course/Page_Moodle Khu vc qun tr Tm kim/a_KhoaHoc")): Object: 'Object Repository/Create course/Page_Moodle Khu vc qun tr Tm kim/a_KhoaHoc' is clicked on

2022-01-18 00:28:28 - [MESSAGE][PASSED] - Object: 'Object Repository/Create course/Page_Moodle Khu vc qun tr Tm kim/a_KhoaHoc' is clicked on

2022-01-18 00:28:28 - [TEST_STEP][PASSED] - click(findTestObject("Create course/Page_Moodle Khu vc qun tr Tm kim/a_ThemSuaKhoaHoc")): Object: 'Object Repository/Create course/Page_Moodle Khu vc qun tr Tm kim/a_ThemSuaKhoaHoc' is clicked on

2022-01-18 00:28:30 - [MESSAGE][PASSED] - Object: 'Object Repository/Create course/Page_Moodle Khu vc qun tr Tm kim/a_ThemSuaKhoaHoc' is clicked on

2022-01-18 00:28:30 - [TEST_STEP][PASSED] - click(findTestObject("Create course/Page_Qun l kha hc v danh mc kha hc/a_TaoKhoaHocMoi")): Object: 'Object Repository/Create course/Page_Qun l kha hc v danh mc kha hc/a_TaoKhoaHocMoi' is clicked on

2022-01-18 00:28:36 - [MESSAGE][INFO] - Unable to find the element located by 'By.xpath: //div[@id='yui_3_17_2_1_1641271251047_65']/div/div/a'. Please recheck the objects properties to make sure the desired element is located. 

2022-01-18 00:28:36 - [MESSAGE][WARNING] - [SELF-HEALING] Failed to find element with id 'Object Repository/Create course/Page_Qun l kha hc v danh mc kha hc/a_TaoKhoaHocMoi'. Try using Self-healing.

2022-01-18 00:28:36 - [MESSAGE][WARNING] - [SELF-HEALING] The current locator of test object 'Object Repository/Create course/Page_Qun l kha hc v danh mc kha hc/a_TaoKhoaHocMoi' was broken. Propose an alternative one: '//a[contains(text(),'Tạo khóa học mới')]'.

2022-01-18 00:28:42 - [MESSAGE][PASSED] - Object: 'Object Repository/Create course/Page_Qun l kha hc v danh mc kha hc/a_TaoKhoaHocMoi' is clicked on

2022-01-18 00:28:42 - [TEST_STEP][PASSED] - setText(findTestObject("Create course/Page_Moodle Thm kho hc mi/input_TenDayDu"), "Nhập môn Lập trình"): Text 'Nhập môn Lập trình' is set on object 'Object Repository/Create course/Page_Moodle Thm kho hc mi/input_TenDayDu'

2022-01-18 00:28:44 - [MESSAGE][PASSED] - Text 'Nhập môn Lập trình' is set on object 'Object Repository/Create course/Page_Moodle Thm kho hc mi/input_TenDayDu'

2022-01-18 00:28:44 - [TEST_STEP][PASSED] - click(findTestObject("Create course/Page_Moodle Thm kho hc mi/input__LuuVaQuayLai")): Object: 'Object Repository/Create course/Page_Moodle Thm kho hc mi/input__LuuVaQuayLai' is clicked on

2022-01-18 00:28:44 - [MESSAGE][PASSED] - Object: 'Object Repository/Create course/Page_Moodle Thm kho hc mi/input__LuuVaQuayLai' is clicked on

2022-01-18 00:28:44 - [TEST_STEP][PASSED] - verifyElementText(findTestObject("Create course/Page_Moodle Thm kho hc mi/div_- ThieuTenTat"), "- Thiếu tên tắt"): Actual text and expected text of test object 'Object Repository/Create course/Page_Moodle Thm kho hc mi/div_- ThieuTenTat' are matched.

2022-01-18 00:28:45 - [MESSAGE][PASSED] - Actual text and expected text of test object 'Object Repository/Create course/Page_Moodle Thm kho hc mi/div_- ThieuTenTat' are matched.

2022-01-18 00:28:45 - [TEST_STEP][PASSED] - closeBrowser(): Browser is closed

2022-01-18 00:28:46 - [MESSAGE][PASSED] - Browser is closed]]></system-out>
         <system-err><![CDATA[]]></system-err>
      </testcase>
      <testcase name="Test Cases/Create course/Create course without type" time="54.238" classname="Test Cases/Create course/Create course without type" status="PASSED">
         <system-out><![CDATA[2022-01-18 00:28:46 - [TEST_CASE][PASSED] - Test Cases/Create course/Create course without type: Test Cases/Create course/Create course without type

2022-01-18 00:28:47 - [TEST_STEP][PASSED] - openBrowser(""): Browser is opened with url: ''

2022-01-18 00:28:48 - [MESSAGE][INFO] - Starting 'Edge Chromium' driver

2022-01-18 00:28:50 - [MESSAGE][INFO] - Action delay is set to 0 milliseconds

2022-01-18 00:28:52 - [MESSAGE][PASSED] - Browser is opened with url: ''

2022-01-18 00:28:52 - [TEST_STEP][PASSED] - navigateToUrl("http://localhost/"): Navigate to 'http://localhost/' successfully

2022-01-18 00:28:56 - [MESSAGE][PASSED] - Navigate to 'http://localhost/' successfully

2022-01-18 00:28:56 - [TEST_STEP][PASSED] - callTestCase(findTestCase("Utils/Login as admin"), [:], STOP_ON_FAILURE): Call Test Case 'Test Cases/Utils/Login as admin' successfully

2022-01-18 00:28:56 - [TEST_CASE][PASSED] - Test Cases/Utils/Login as admin: Test Cases/Utils/Login as admin

2022-01-18 00:28:56 - [TEST_STEP][PASSED] - click(findTestObject("View course grade/Page_Local Moodle/a_Log in")): Object: 'Object Repository/View course grade/Page_Local Moodle/a_Log in' is clicked on

2022-01-18 00:28:58 - [MESSAGE][PASSED] - Object: 'Object Repository/View course grade/Page_Local Moodle/a_Log in' is clicked on

2022-01-18 00:28:58 - [TEST_STEP][PASSED] - setText(findTestObject("View course grade/Page_Local Moodle Log in to the site/input_Username_username"), "admin"): Text 'admin' is set on object 'Object Repository/View course grade/Page_Local Moodle Log in to the site/input_Username_username'

2022-01-18 00:28:59 - [MESSAGE][PASSED] - Text 'admin' is set on object 'Object Repository/View course grade/Page_Local Moodle Log in to the site/input_Username_username'

2022-01-18 00:28:59 - [TEST_STEP][PASSED] - setEncryptedText(findTestObject("View course grade/Page_Local Moodle Log in to the site/input_Password_password"), "bfAykA/oWJ09FXmiKh6lyuuLu8QhG1K5"): Text ****** has been set on object 'Object Repository/View course grade/Page_Local Moodle Log in to the site/input_Password_password'

2022-01-18 00:29:00 - [MESSAGE][PASSED] - Text ****** has been set on object 'Object Repository/View course grade/Page_Local Moodle Log in to the site/input_Password_password'

2022-01-18 00:29:00 - [TEST_STEP][PASSED] - click(findTestObject("View course grade/Page_Local Moodle Log in to the site/button_Log in")): Object: 'Object Repository/View course grade/Page_Local Moodle Log in to the site/button_Log in' is clicked on

2022-01-18 00:29:05 - [MESSAGE][PASSED] - Object: 'Object Repository/View course grade/Page_Local Moodle Log in to the site/button_Log in' is clicked on

2022-01-18 00:29:05 - [MESSAGE][PASSED] - Call Test Case 'Test Cases/Utils/Login as admin' successfully

2022-01-18 00:29:05 - [TEST_STEP][PASSED] - click(findTestObject("Utils/Page_Nh ca ti (1)/a_QuanTriKhuVuc")): Object: 'Object Repository/Utils/Page_Nh ca ti (1)/a_QuanTriKhuVuc' is clicked on

2022-01-18 00:29:14 - [MESSAGE][PASSED] - Object: 'Object Repository/Utils/Page_Nh ca ti (1)/a_QuanTriKhuVuc' is clicked on

2022-01-18 00:29:14 - [TEST_STEP][PASSED] - click(findTestObject("Create course/Page_Moodle Khu vc qun tr Tm kim/a_KhoaHoc")): Object: 'Object Repository/Create course/Page_Moodle Khu vc qun tr Tm kim/a_KhoaHoc' is clicked on

2022-01-18 00:29:14 - [MESSAGE][PASSED] - Object: 'Object Repository/Create course/Page_Moodle Khu vc qun tr Tm kim/a_KhoaHoc' is clicked on

2022-01-18 00:29:14 - [TEST_STEP][PASSED] - click(findTestObject("Create course/Page_Moodle Khu vc qun tr Tm kim/a_ThemSuaKhoaHoc")): Object: 'Object Repository/Create course/Page_Moodle Khu vc qun tr Tm kim/a_ThemSuaKhoaHoc' is clicked on

2022-01-18 00:29:16 - [MESSAGE][PASSED] - Object: 'Object Repository/Create course/Page_Moodle Khu vc qun tr Tm kim/a_ThemSuaKhoaHoc' is clicked on

2022-01-18 00:29:16 - [TEST_STEP][PASSED] - click(findTestObject("Create course/Page_Qun l kha hc v danh mc kha hc/a_TaoKhoaHocMoi")): Object: 'Object Repository/Create course/Page_Qun l kha hc v danh mc kha hc/a_TaoKhoaHocMoi' is clicked on

2022-01-18 00:29:23 - [MESSAGE][INFO] - Unable to find the element located by 'By.xpath: //div[@id='yui_3_17_2_1_1641271251047_65']/div/div/a'. Please recheck the objects properties to make sure the desired element is located. 

2022-01-18 00:29:23 - [MESSAGE][WARNING] - [SELF-HEALING] Failed to find element with id 'Object Repository/Create course/Page_Qun l kha hc v danh mc kha hc/a_TaoKhoaHocMoi'. Try using Self-healing.

2022-01-18 00:29:23 - [MESSAGE][WARNING] - [SELF-HEALING] The current locator of test object 'Object Repository/Create course/Page_Qun l kha hc v danh mc kha hc/a_TaoKhoaHocMoi' was broken. Propose an alternative one: '//a[contains(text(),'Tạo khóa học mới')]'.

2022-01-18 00:29:27 - [MESSAGE][PASSED] - Object: 'Object Repository/Create course/Page_Qun l kha hc v danh mc kha hc/a_TaoKhoaHocMoi' is clicked on

2022-01-18 00:29:27 - [TEST_STEP][PASSED] - setText(findTestObject("Create course/Page_Moodle Thm kho hc mi/input_TenDayDu"), "Nhập môn lập trình"): Text 'Nhập môn lập trình' is set on object 'Object Repository/Create course/Page_Moodle Thm kho hc mi/input_TenDayDu'

2022-01-18 00:29:29 - [MESSAGE][PASSED] - Text 'Nhập môn lập trình' is set on object 'Object Repository/Create course/Page_Moodle Thm kho hc mi/input_TenDayDu'

2022-01-18 00:29:29 - [TEST_STEP][PASSED] - setText(findTestObject("Create course/Page_Moodle Thm kho hc mi/input_TenRutGon"), "NMLT"): Text 'NMLT' is set on object 'Object Repository/Create course/Page_Moodle Thm kho hc mi/input_TenRutGon'

2022-01-18 00:29:30 - [MESSAGE][PASSED] - Text 'NMLT' is set on object 'Object Repository/Create course/Page_Moodle Thm kho hc mi/input_TenRutGon'

2022-01-18 00:29:30 - [TEST_STEP][PASSED] - click(findTestObject("Create course/Page_Moodle Thm kho hc mi/span_X")): Object: 'Object Repository/Create course/Page_Moodle Thm kho hc mi/span_X' is clicked on

2022-01-18 00:29:36 - [MESSAGE][INFO] - Unable to find the element located by 'By.xpath: //span[@id='form_autocomplete_selection-1641276567420-0']/span'. Please recheck the objects properties to make sure the desired element is located. 

2022-01-18 00:29:36 - [MESSAGE][WARNING] - [SELF-HEALING] Failed to find element with id 'Object Repository/Create course/Page_Moodle Thm kho hc mi/span_X'. Try using Self-healing.

2022-01-18 00:29:37 - [MESSAGE][WARNING] - [SELF-HEALING] The current locator of test object 'Object Repository/Create course/Page_Moodle Thm kho hc mi/span_X' was broken. Propose an alternative one: '(.//*[normalize-space(text()) and normalize-space(.)='Selected items:'])[1]/following::span[2]'.

2022-01-18 00:29:37 - [MESSAGE][PASSED] - Object: 'Object Repository/Create course/Page_Moodle Thm kho hc mi/span_X' is clicked on

2022-01-18 00:29:37 - [TEST_STEP][PASSED] - click(findTestObject("Create course/Page_Moodle Thm kho hc mi/input__LuuVaQuayLai")): Object: 'Object Repository/Create course/Page_Moodle Thm kho hc mi/input__LuuVaQuayLai' is clicked on

2022-01-18 00:29:38 - [MESSAGE][PASSED] - Object: 'Object Repository/Create course/Page_Moodle Thm kho hc mi/input__LuuVaQuayLai' is clicked on

2022-01-18 00:29:38 - [TEST_STEP][PASSED] - verifyElementText(findTestObject("Create course/Page_Moodle Thm kho hc mi/div_- PhaiChonLoaiKhoaHoc"), "- You must supply a value here."): Actual text and expected text of test object 'Object Repository/Create course/Page_Moodle Thm kho hc mi/div_- PhaiChonLoaiKhoaHoc' are matched.

2022-01-18 00:29:39 - [MESSAGE][PASSED] - Actual text and expected text of test object 'Object Repository/Create course/Page_Moodle Thm kho hc mi/div_- PhaiChonLoaiKhoaHoc' are matched.

2022-01-18 00:29:39 - [TEST_STEP][PASSED] - closeBrowser(): Browser is closed

2022-01-18 00:29:41 - [MESSAGE][PASSED] - Browser is closed]]></system-out>
         <system-err><![CDATA[]]></system-err>
      </testcase>
      <testcase name="Test Cases/Create folder and quiz/Create folder without title" time="210.054" classname="Test Cases/Create folder and quiz/Create folder without title" status="PASSED">
         <system-out><![CDATA[2022-01-18 00:29:41 - [TEST_CASE][PASSED] - Test Cases/Create folder and quiz/Create folder without title: Test Cases/Create folder and quiz/Create folder without title

2022-01-18 00:29:42 - [TEST_STEP][PASSED] - openBrowser(""): Browser is opened with url: ''

2022-01-18 00:29:42 - [MESSAGE][INFO] - Starting 'Edge Chromium' driver

2022-01-18 00:29:45 - [MESSAGE][INFO] - Action delay is set to 0 milliseconds

2022-01-18 00:29:47 - [MESSAGE][PASSED] - Browser is opened with url: ''

2022-01-18 00:29:47 - [TEST_STEP][PASSED] - navigateToUrl("http://localhost/"): Navigate to 'http://localhost/' successfully

2022-01-18 00:29:50 - [MESSAGE][PASSED] - Navigate to 'http://localhost/' successfully

2022-01-18 00:29:50 - [TEST_STEP][PASSED] - callTestCase(findTestCase("Utils/Create course CNPM"), [:], STOP_ON_FAILURE): Call Test Case 'Test Cases/Utils/Create course CNPM' successfully

2022-01-18 00:29:50 - [TEST_CASE][PASSED] - Test Cases/Utils/Create course CNPM: Test Cases/Utils/Create course CNPM

2022-01-18 00:29:50 - [TEST_STEP][PASSED] - callTestCase(findTestCase("Utils/Login as admin"), [:], STOP_ON_FAILURE): Call Test Case 'Test Cases/Utils/Login as admin' successfully

2022-01-18 00:29:50 - [TEST_CASE][PASSED] - Test Cases/Utils/Login as admin: Test Cases/Utils/Login as admin

2022-01-18 00:29:50 - [TEST_STEP][PASSED] - click(findTestObject("View course grade/Page_Local Moodle/a_Log in")): Object: 'Object Repository/View course grade/Page_Local Moodle/a_Log in' is clicked on

2022-01-18 00:29:52 - [MESSAGE][PASSED] - Object: 'Object Repository/View course grade/Page_Local Moodle/a_Log in' is clicked on

2022-01-18 00:29:52 - [TEST_STEP][PASSED] - setText(findTestObject("View course grade/Page_Local Moodle Log in to the site/input_Username_username"), "admin"): Text 'admin' is set on object 'Object Repository/View course grade/Page_Local Moodle Log in to the site/input_Username_username'

2022-01-18 00:29:53 - [MESSAGE][PASSED] - Text 'admin' is set on object 'Object Repository/View course grade/Page_Local Moodle Log in to the site/input_Username_username'

2022-01-18 00:29:53 - [TEST_STEP][PASSED] - setEncryptedText(findTestObject("View course grade/Page_Local Moodle Log in to the site/input_Password_password"), "bfAykA/oWJ09FXmiKh6lyuuLu8QhG1K5"): Text ****** has been set on object 'Object Repository/View course grade/Page_Local Moodle Log in to the site/input_Password_password'

2022-01-18 00:29:53 - [MESSAGE][PASSED] - Text ****** has been set on object 'Object Repository/View course grade/Page_Local Moodle Log in to the site/input_Password_password'

2022-01-18 00:29:53 - [TEST_STEP][PASSED] - click(findTestObject("View course grade/Page_Local Moodle Log in to the site/button_Log in")): Object: 'Object Repository/View course grade/Page_Local Moodle Log in to the site/button_Log in' is clicked on

2022-01-18 00:29:58 - [MESSAGE][PASSED] - Object: 'Object Repository/View course grade/Page_Local Moodle Log in to the site/button_Log in' is clicked on

2022-01-18 00:29:58 - [MESSAGE][PASSED] - Call Test Case 'Test Cases/Utils/Login as admin' successfully

2022-01-18 00:29:58 - [TEST_STEP][PASSED] - click(findTestObject("Object Repository/Utils/Page_Nh ca ti/span_Qun tr khu vc")): Object: 'Object Repository/Utils/Page_Nh ca ti/span_Qun tr khu vc' is clicked on

2022-01-18 00:30:06 - [MESSAGE][PASSED] - Object: 'Object Repository/Utils/Page_Nh ca ti/span_Qun tr khu vc' is clicked on

2022-01-18 00:30:06 - [TEST_STEP][PASSED] - click(findTestObject("Object Repository/Utils/Page_Moodle Khu vc qun tr Tm kim/a_Kho hc")): Object: 'Object Repository/Utils/Page_Moodle Khu vc qun tr Tm kim/a_Kho hc' is clicked on

2022-01-18 00:30:07 - [MESSAGE][PASSED] - Object: 'Object Repository/Utils/Page_Moodle Khu vc qun tr Tm kim/a_Kho hc' is clicked on

2022-01-18 00:30:07 - [TEST_STEP][PASSED] - click(findTestObject("Object Repository/Utils/Page_Moodle Khu vc qun tr Tm kim/a_Thmsa cc kho hc")): Object: 'Object Repository/Utils/Page_Moodle Khu vc qun tr Tm kim/a_Thmsa cc kho hc' is clicked on

2022-01-18 00:30:09 - [MESSAGE][PASSED] - Object: 'Object Repository/Utils/Page_Moodle Khu vc qun tr Tm kim/a_Thmsa cc kho hc' is clicked on

2022-01-18 00:30:09 - [TEST_STEP][PASSED] - click(findTestObject("Object Repository/Utils/Page_Qun l kha hc v danh mc kha hc/a_To kha hc mi")): Object: 'Object Repository/Utils/Page_Qun l kha hc v danh mc kha hc/a_To kha hc mi' is clicked on

2022-01-18 00:30:16 - [MESSAGE][INFO] - Unable to find the element located by 'By.xpath: //div[@id='yui_3_17_2_1_1641906891631_57']/div/div/a'. Please recheck the objects properties to make sure the desired element is located. 

2022-01-18 00:30:16 - [MESSAGE][WARNING] - [SELF-HEALING] Failed to find element with id 'Object Repository/Utils/Page_Qun l kha hc v danh mc kha hc/a_To kha hc mi'. Try using Self-healing.

2022-01-18 00:30:16 - [MESSAGE][WARNING] - [SELF-HEALING] The current locator of test object 'Object Repository/Utils/Page_Qun l kha hc v danh mc kha hc/a_To kha hc mi' was broken. Propose an alternative one: '//a[contains(text(),'Tạo khóa học mới')]'.

2022-01-18 00:30:21 - [MESSAGE][PASSED] - Object: 'Object Repository/Utils/Page_Qun l kha hc v danh mc kha hc/a_To kha hc mi' is clicked on

2022-01-18 00:30:21 - [TEST_STEP][PASSED] - setText(findTestObject("Object Repository/Utils/Page_Moodle Thm kho hc mi/input_Tn y_fullname"), "Nhập môn Công nghệ phần mềm"): Text 'Nhập môn Công nghệ phần mềm' is set on object 'Object Repository/Utils/Page_Moodle Thm kho hc mi/input_Tn y_fullname'

2022-01-18 00:30:23 - [MESSAGE][PASSED] - Text 'Nhập môn Công nghệ phần mềm' is set on object 'Object Repository/Utils/Page_Moodle Thm kho hc mi/input_Tn y_fullname'

2022-01-18 00:30:23 - [TEST_STEP][PASSED] - setText(findTestObject("Object Repository/Utils/Page_Moodle Thm kho hc mi/input_Tn rt gn ca kho hc_shortname"), "CNPM"): Text 'CNPM' is set on object 'Object Repository/Utils/Page_Moodle Thm kho hc mi/input_Tn rt gn ca kho hc_shortname'

2022-01-18 00:30:24 - [MESSAGE][PASSED] - Text 'CNPM' is set on object 'Object Repository/Utils/Page_Moodle Thm kho hc mi/input_Tn rt gn ca kho hc_shortname'

2022-01-18 00:30:24 - [TEST_STEP][PASSED] - click(findTestObject("Object Repository/Utils/Page_Moodle Thm kho hc mi/input__saveanddisplay")): Object: 'Object Repository/Utils/Page_Moodle Thm kho hc mi/input__saveanddisplay' is clicked on

2022-01-18 00:30:28 - [MESSAGE][PASSED] - Object: 'Object Repository/Utils/Page_Moodle Thm kho hc mi/input__saveanddisplay' is clicked on

2022-01-18 00:30:28 - [TEST_STEP][PASSED] - click(findTestObject("Object Repository/Utils/Page_CNPM Danh sch thnh vin/input_Danh sch thnh vin_btn btn-secondary my-1")): Object: 'Object Repository/Utils/Page_CNPM Danh sch thnh vin/input_Danh sch thnh vin_btn btn-secondary my-1' is clicked on

2022-01-18 00:30:29 - [MESSAGE][PASSED] - Object: 'Object Repository/Utils/Page_CNPM Danh sch thnh vin/input_Danh sch thnh vin_btn btn-secondary my-1' is clicked on

2022-01-18 00:30:29 - [TEST_STEP][PASSED] - click(findTestObject("Object Repository/Utils/Page_CNPM Danh sch thnh vin/span_")): Object: 'Object Repository/Utils/Page_CNPM Danh sch thnh vin/span_' is clicked on

2022-01-18 00:30:35 - [MESSAGE][INFO] - Unable to find the element located by 'By.xpath: //span[@id='form_autocomplete_downarrow-1641965227117']'. Please recheck the objects properties to make sure the desired element is located. 

2022-01-18 00:30:35 - [MESSAGE][WARNING] - [SELF-HEALING] Failed to find element with id 'Object Repository/Utils/Page_CNPM Danh sch thnh vin/span_'. Try using Self-healing.

2022-01-18 00:30:36 - [MESSAGE][WARNING] - [SELF-HEALING] The current locator of test object 'Object Repository/Utils/Page_CNPM Danh sch thnh vin/span_' was broken. Propose an alternative one: '//div[@id='fitem_id_userlist']/div[2]/div[3]/span'.

2022-01-18 00:30:36 - [MESSAGE][PASSED] - Object: 'Object Repository/Utils/Page_CNPM Danh sch thnh vin/span_' is clicked on

2022-01-18 00:30:36 - [TEST_STEP][PASSED] - click(findTestObject("Object Repository/Utils/Page_CNPM Danh sch thnh vin/span_Student Nguyen")): Object: 'Object Repository/Utils/Page_CNPM Danh sch thnh vin/span_Student Nguyen' is clicked on

2022-01-18 00:30:43 - [MESSAGE][INFO] - Unable to find the element located by 'By.xpath: //li[@id='form_autocomplete_suggestions-1641965227117-0']/span/span'. Please recheck the objects properties to make sure the desired element is located. 

2022-01-18 00:30:43 - [MESSAGE][WARNING] - [SELF-HEALING] Failed to find element with id 'Object Repository/Utils/Page_CNPM Danh sch thnh vin/span_Student Nguyen'. Try using Self-healing.

2022-01-18 00:30:43 - [MESSAGE][WARNING] - [SELF-HEALING] The current locator of test object 'Object Repository/Utils/Page_CNPM Danh sch thnh vin/span_Student Nguyen' was broken. Propose an alternative one: '(.//*[normalize-space(text()) and normalize-space(.)='student@gmail.com'])[2]/preceding::span[1]'.

2022-01-18 00:30:43 - [MESSAGE][PASSED] - Object: 'Object Repository/Utils/Page_CNPM Danh sch thnh vin/span_Student Nguyen' is clicked on

2022-01-18 00:30:43 - [TEST_STEP][PASSED] - click(findTestObject("Object Repository/Utils/Page_CNPM Danh sch thnh vin/button_Ghi danh ngi dng")): Object: 'Object Repository/Utils/Page_CNPM Danh sch thnh vin/button_Ghi danh ngi dng' is clicked on

2022-01-18 00:30:50 - [MESSAGE][INFO] - Unable to find the element located by 'By.xpath: //button[@id='yui_3_17_2_1_1641965226678_264']'. Please recheck the objects properties to make sure the desired element is located. 

2022-01-18 00:30:50 - [MESSAGE][WARNING] - [SELF-HEALING] Failed to find element with id 'Object Repository/Utils/Page_CNPM Danh sch thnh vin/button_Ghi danh ngi dng'. Try using Self-healing.

2022-01-18 00:30:50 - [MESSAGE][WARNING] - [SELF-HEALING] The current locator of test object 'Object Repository/Utils/Page_CNPM Danh sch thnh vin/button_Ghi danh ngi dng' was broken. Propose an alternative one: '(.//*[normalize-space(text()) and normalize-space(.)='Phút'])[1]/following::button[1]'.

2022-01-18 00:30:51 - [MESSAGE][PASSED] - Object: 'Object Repository/Utils/Page_CNPM Danh sch thnh vin/button_Ghi danh ngi dng' is clicked on

2022-01-18 00:30:51 - [TEST_STEP][PASSED] - click(findTestObject("Object Repository/Utils/Page_CNPM Danh sch thnh vin/input_Danh sch thnh vin_btn btn-secondary my-1")): Object: 'Object Repository/Utils/Page_CNPM Danh sch thnh vin/input_Danh sch thnh vin_btn btn-secondary my-1' is clicked on

2022-01-18 00:30:52 - [MESSAGE][PASSED] - Object: 'Object Repository/Utils/Page_CNPM Danh sch thnh vin/input_Danh sch thnh vin_btn btn-secondary my-1' is clicked on

2022-01-18 00:30:52 - [TEST_STEP][PASSED] - selectOptionByValue(findTestObject("Object Repository/Create course/Page_CNPM Danh sch thnh vin/select_Ngi qun l            Gio vin        _4311d9"), "3", true): All options with value '3' are selected in object 'Object Repository/Create course/Page_CNPM Danh sch thnh vin/select_Ngi qun l            Gio vin        _4311d9'  using regular expression

2022-01-18 00:30:55 - [MESSAGE][PASSED] - All options with value '3' are selected in object 'Object Repository/Create course/Page_CNPM Danh sch thnh vin/select_Ngi qun l            Gio vin        _4311d9'  using regular expression

2022-01-18 00:30:55 - [TEST_STEP][PASSED] - click(findTestObject("Object Repository/Utils/Page_CNPM Danh sch thnh vin/span_")): Object: 'Object Repository/Utils/Page_CNPM Danh sch thnh vin/span_' is clicked on

2022-01-18 00:31:02 - [MESSAGE][INFO] - Unable to find the element located by 'By.xpath: //span[@id='form_autocomplete_downarrow-1641965227117']'. Please recheck the objects properties to make sure the desired element is located. 

2022-01-18 00:31:02 - [MESSAGE][WARNING] - [SELF-HEALING] Failed to find element with id 'Object Repository/Utils/Page_CNPM Danh sch thnh vin/span_'. Try using Self-healing.

2022-01-18 00:31:02 - [MESSAGE][WARNING] - [SELF-HEALING] The current locator of test object 'Object Repository/Utils/Page_CNPM Danh sch thnh vin/span_' was broken. Propose an alternative one: '//div[@id='fitem_id_userlist']/div[2]/div[3]/span'.

2022-01-18 00:31:02 - [MESSAGE][PASSED] - Object: 'Object Repository/Utils/Page_CNPM Danh sch thnh vin/span_' is clicked on

2022-01-18 00:31:02 - [TEST_STEP][PASSED] - click(findTestObject("Object Repository/Create course/Page_CNPM Danh sch thnh vin/span_Nguyen Van A")): Object: 'Object Repository/Create course/Page_CNPM Danh sch thnh vin/span_Nguyen Van A' is clicked on

2022-01-18 00:31:09 - [MESSAGE][INFO] - Unable to find the element located by 'By.xpath: //li[@id='form_autocomplete_suggestions-1642350427588-0']/span/span'. Please recheck the objects properties to make sure the desired element is located. 

2022-01-18 00:31:09 - [MESSAGE][WARNING] - [SELF-HEALING] Failed to find element with id 'Object Repository/Create course/Page_CNPM Danh sch thnh vin/span_Nguyen Van A'. Try using Self-healing.

2022-01-18 00:31:09 - [MESSAGE][WARNING] - [SELF-HEALING] The current locator of test object 'Object Repository/Create course/Page_CNPM Danh sch thnh vin/span_Nguyen Van A' was broken. Propose an alternative one: '(.//*[normalize-space(text()) and normalize-space(.)='▼'])[1]/following::span[2]'.

2022-01-18 00:31:09 - [MESSAGE][PASSED] - Object: 'Object Repository/Create course/Page_CNPM Danh sch thnh vin/span_Nguyen Van A' is clicked on

2022-01-18 00:31:09 - [TEST_STEP][PASSED] - click(findTestObject("Object Repository/Create course/Page_CNPM Danh sch thnh vin/button_Ghi danh ngi dng_1")): Object: 'Object Repository/Create course/Page_CNPM Danh sch thnh vin/button_Ghi danh ngi dng_1' is clicked on

2022-01-18 00:31:16 - [MESSAGE][INFO] - Unable to find the element located by 'By.xpath: //button[@id='yui_3_17_2_1_1642348738650_377']'. Please recheck the objects properties to make sure the desired element is located. 

2022-01-18 00:31:16 - [MESSAGE][WARNING] - [SELF-HEALING] Failed to find element with id 'Object Repository/Create course/Page_CNPM Danh sch thnh vin/button_Ghi danh ngi dng_1'. Try using Self-healing.

2022-01-18 00:31:16 - [MESSAGE][WARNING] - [SELF-HEALING] The current locator of test object 'Object Repository/Create course/Page_CNPM Danh sch thnh vin/button_Ghi danh ngi dng_1' was broken. Propose an alternative one: '(.//*[normalize-space(text()) and normalize-space(.)='Phút'])[1]/following::button[1]'.

2022-01-18 00:31:16 - [MESSAGE][PASSED] - Object: 'Object Repository/Create course/Page_CNPM Danh sch thnh vin/button_Ghi danh ngi dng_1' is clicked on

2022-01-18 00:31:16 - [TEST_STEP][PASSED] - click(findTestObject("Object Repository/Utils/Page_CNPM Danh sch thnh vin/span_CNPM")): Object: 'Object Repository/Utils/Page_CNPM Danh sch thnh vin/span_CNPM' is clicked on

2022-01-18 00:31:19 - [MESSAGE][PASSED] - Object: 'Object Repository/Utils/Page_CNPM Danh sch thnh vin/span_CNPM' is clicked on

2022-01-18 00:31:19 - [TEST_STEP][PASSED] - click(findTestObject("Create folder and quiz/Page_CNPM Danh sch thnh vin/a_Qun tr Thnh vin")): Object: 'Object Repository/Create folder and quiz/Page_CNPM Danh sch thnh vin/a_Qun tr Thnh vin' is clicked on

2022-01-18 00:31:20 - [MESSAGE][PASSED] - Object: 'Object Repository/Create folder and quiz/Page_CNPM Danh sch thnh vin/a_Qun tr Thnh vin' is clicked on

2022-01-18 00:31:20 - [TEST_STEP][PASSED] - click(findTestObject("Create folder and quiz/Page_CNPM Danh sch thnh vin/span_Thot")): Object: 'Object Repository/Create folder and quiz/Page_CNPM Danh sch thnh vin/span_Thot' is clicked on

2022-01-18 00:31:22 - [MESSAGE][PASSED] - Object: 'Object Repository/Create folder and quiz/Page_CNPM Danh sch thnh vin/span_Thot' is clicked on

2022-01-18 00:31:22 - [MESSAGE][INFO] - 

2022-01-18 00:31:22 - [MESSAGE][INFO] - ===================== Self-healing Report ====================

2022-01-18 00:31:22 - [MESSAGE][INFO] - One of the failed test object locators has been recovered by Self-healing. Please refer to the Self-healing Insights tab for more details.

2022-01-18 00:31:22 - [MESSAGE][INFO] - To learn more about Self-healing, please read https://docs.katalon.com/katalon-studio/docs/self-healing.html

2022-01-18 00:31:22 - [MESSAGE][INFO] - ==============================================================

2022-01-18 00:31:22 - [MESSAGE][PASSED] - Call Test Case 'Test Cases/Utils/Create course CNPM' successfully

2022-01-18 00:31:22 - [TEST_STEP][PASSED] - callTestCase(findTestCase("Utils/Login as teacher"), [:], STOP_ON_FAILURE): Call Test Case 'Test Cases/Utils/Login as teacher' successfully

2022-01-18 00:31:22 - [TEST_CASE][PASSED] - Test Cases/Utils/Login as teacher: Test Cases/Utils/Login as teacher

2022-01-18 00:31:22 - [TEST_STEP][PASSED] - click(findTestObject("Create folder and quiz/Page_Local Moodle/a_Log in")): Object: 'Object Repository/Create folder and quiz/Page_Local Moodle/a_Log in' is clicked on

2022-01-18 00:31:25 - [MESSAGE][PASSED] - Object: 'Object Repository/Create folder and quiz/Page_Local Moodle/a_Log in' is clicked on

2022-01-18 00:31:25 - [TEST_STEP][PASSED] - setText(findTestObject("Object Repository/Create course/Page_New Moodle Site Log in to the site/input_Username_username"), "hs01"): Text 'hs01' is set on object 'Object Repository/Create course/Page_New Moodle Site Log in to the site/input_Username_username'

2022-01-18 00:31:26 - [MESSAGE][PASSED] - Text 'hs01' is set on object 'Object Repository/Create course/Page_New Moodle Site Log in to the site/input_Username_username'

2022-01-18 00:31:26 - [TEST_STEP][PASSED] - setEncryptedText(findTestObject("Object Repository/Create course/Page_New Moodle Site Log in to the site/input_Password_password"), "o5TCnEIIWq2SeGQhIMNXLQ=="): Text ****** has been set on object 'Object Repository/Create course/Page_New Moodle Site Log in to the site/input_Password_password'

2022-01-18 00:31:27 - [MESSAGE][PASSED] - Text ****** has been set on object 'Object Repository/Create course/Page_New Moodle Site Log in to the site/input_Password_password'

2022-01-18 00:31:27 - [TEST_STEP][PASSED] - click(findTestObject("Create folder and quiz/Page_Local Moodle Log in to the site/button_Log in")): Object: 'Object Repository/Create folder and quiz/Page_Local Moodle Log in to the site/button_Log in' is clicked on

2022-01-18 00:31:33 - [MESSAGE][PASSED] - Object: 'Object Repository/Create folder and quiz/Page_Local Moodle Log in to the site/button_Log in' is clicked on

2022-01-18 00:31:33 - [MESSAGE][INFO] - 

2022-01-18 00:31:33 - [MESSAGE][INFO] - ===================== Self-healing Report ====================

2022-01-18 00:31:33 - [MESSAGE][INFO] - One of the failed test object locators has been recovered by Self-healing. Please refer to the Self-healing Insights tab for more details.

2022-01-18 00:31:33 - [MESSAGE][INFO] - To learn more about Self-healing, please read https://docs.katalon.com/katalon-studio/docs/self-healing.html

2022-01-18 00:31:33 - [MESSAGE][INFO] - ==============================================================

2022-01-18 00:31:33 - [MESSAGE][PASSED] - Call Test Case 'Test Cases/Utils/Login as teacher' successfully

2022-01-18 00:31:33 - [TEST_STEP][PASSED] - click(findTestObject("Object Repository/Create folder and quiz/Page_Nh ca ti/span_Trang ch h thng")): Object: 'Object Repository/Create folder and quiz/Page_Nh ca ti/span_Trang ch h thng' is clicked on

2022-01-18 00:31:39 - [MESSAGE][PASSED] - Object: 'Object Repository/Create folder and quiz/Page_Nh ca ti/span_Trang ch h thng' is clicked on

2022-01-18 00:31:39 - [TEST_STEP][PASSED] - click(findTestObject("Object Repository/Create folder and quiz/Page_New Moodle Site/a_Nhp mn Cng ngh phn mm")): Object: 'Object Repository/Create folder and quiz/Page_New Moodle Site/a_Nhp mn Cng ngh phn mm' is clicked on

2022-01-18 00:31:42 - [MESSAGE][PASSED] - Object: 'Object Repository/Create folder and quiz/Page_New Moodle Site/a_Nhp mn Cng ngh phn mm' is clicked on

2022-01-18 00:31:42 - [TEST_STEP][PASSED] - click(findTestObject("Object Repository/Create folder and quiz/Page_Kha Nhp mn Cng ngh phn mm/button_Bt ch  chnh sa")): Object: 'Object Repository/Create folder and quiz/Page_Kha Nhp mn Cng ngh phn mm/button_Bt ch  chnh sa' is clicked on

2022-01-18 00:31:48 - [MESSAGE][INFO] - Unable to find the element located by 'By.xpath: //button[@id='single_button61e44f855865c1']'. Please recheck the objects properties to make sure the desired element is located. 

2022-01-18 00:31:48 - [MESSAGE][WARNING] - [SELF-HEALING] Failed to find element with id 'Object Repository/Create folder and quiz/Page_Kha Nhp mn Cng ngh phn mm/button_Bt ch  chnh sa'. Try using Self-healing.

2022-01-18 00:31:49 - [MESSAGE][WARNING] - [SELF-HEALING] The current locator of test object 'Object Repository/Create folder and quiz/Page_Kha Nhp mn Cng ngh phn mm/button_Bt ch  chnh sa' was broken. Propose an alternative one: '(.//*[normalize-space(text()) and normalize-space(.)='Các khoá học của tôi'])[2]/following::button[1]'.

2022-01-18 00:31:50 - [MESSAGE][PASSED] - Object: 'Object Repository/Create folder and quiz/Page_Kha Nhp mn Cng ngh phn mm/button_Bt ch  chnh sa' is clicked on

2022-01-18 00:31:50 - [TEST_STEP][PASSED] - click(findTestObject("Object Repository/Create folder and quiz/Page_Kha Nhp mn Cng ngh phn mm/span_Thm hot ng hoc ti nguyn")): Object: 'Object Repository/Create folder and quiz/Page_Kha Nhp mn Cng ngh phn mm/span_Thm hot ng hoc ti nguyn' is clicked on

2022-01-18 00:31:57 - [MESSAGE][INFO] - Unable to find the element located by 'By.xpath: //*[@id = 'yui_3_17_2_1_1642352521094_616' and (text() = 'Thêm hoạt động hoặc tài nguyên' or . = 'Thêm hoạt động hoặc tài nguyên')]'. Please recheck the objects properties to make sure the desired element is located. 

2022-01-18 00:31:57 - [MESSAGE][WARNING] - [SELF-HEALING] Failed to find element with id 'Object Repository/Create folder and quiz/Page_Kha Nhp mn Cng ngh phn mm/span_Thm hot ng hoc ti nguyn'. Try using Self-healing.

2022-01-18 00:31:57 - [MESSAGE][WARNING] - [SELF-HEALING] The current locator of test object 'Object Repository/Create folder and quiz/Page_Kha Nhp mn Cng ngh phn mm/span_Thm hot ng hoc ti nguyn' was broken. Propose an alternative one: '(.//*[normalize-space(text()) and normalize-space(.)='Chủ đề 1'])[2]/following::span[3]'.

2022-01-18 00:31:58 - [MESSAGE][PASSED] - Object: 'Object Repository/Create folder and quiz/Page_Kha Nhp mn Cng ngh phn mm/span_Thm hot ng hoc ti nguyn' is clicked on

2022-01-18 00:31:58 - [TEST_STEP][PASSED] - click(findTestObject("Create folder and quiz/Page_Kha Nhp mn Cng ngh phn mm/div_Thng tin v  Phng chat hot ng_optionicon_c1613a")): Object: 'Object Repository/Create folder and quiz/Page_Kha Nhp mn Cng ngh phn mm/div_Thng tin v  Phng chat hot ng_optionicon_c1613a' is clicked on

2022-01-18 00:32:04 - [MESSAGE][INFO] - Unable to find the element located by 'By.xpath: //div[@id='all-5']/div/div[17]/div/a/div'. Please recheck the objects properties to make sure the desired element is located. 

2022-01-18 00:32:04 - [MESSAGE][WARNING] - [SELF-HEALING] Failed to find element with id 'Object Repository/Create folder and quiz/Page_Kha Nhp mn Cng ngh phn mm/div_Thng tin v  Phng chat hot ng_optionicon_c1613a'. Try using Self-healing.

2022-01-18 00:32:04 - [MESSAGE][WARNING] - [SELF-HEALING] The current locator of test object 'Object Repository/Create folder and quiz/Page_Kha Nhp mn Cng ngh phn mm/div_Thng tin v  Phng chat hot ng_optionicon_c1613a' was broken. Propose an alternative one: '(.//*[normalize-space(text()) and normalize-space(.)='Phòng chat'])[1]/following::div[4]'.

2022-01-18 00:32:07 - [MESSAGE][PASSED] - Object: 'Object Repository/Create folder and quiz/Page_Kha Nhp mn Cng ngh phn mm/div_Thng tin v  Phng chat hot ng_optionicon_c1613a' is clicked on

2022-01-18 00:32:07 - [TEST_STEP][PASSED] - click(findTestObject("Create folder and quiz/Page_Bin son Th mc/input_Upon activity completion_submitbutton")): Object: 'Object Repository/Create folder and quiz/Page_Bin son Th mc/input_Upon activity completion_submitbutton' is clicked on

2022-01-18 00:32:09 - [MESSAGE][PASSED] - Object: 'Object Repository/Create folder and quiz/Page_Bin son Th mc/input_Upon activity completion_submitbutton' is clicked on

2022-01-18 00:32:09 - [TEST_STEP][PASSED] - verifyElementText(findTestObject("Create folder and quiz/Page_Bin son Th mc/div_- You must supply a value here"), "- You must supply a value here."): Actual text and expected text of test object 'Object Repository/Create folder and quiz/Page_Bin son Th mc/div_- You must supply a value here' are matched.

2022-01-18 00:32:09 - [MESSAGE][PASSED] - Actual text and expected text of test object 'Object Repository/Create folder and quiz/Page_Bin son Th mc/div_- You must supply a value here' are matched.

2022-01-18 00:32:09 - [TEST_STEP][PASSED] - click(findTestObject("Object Repository/Create course/Page_Nh ca ti/a_Nguyen Van A")): Object: 'Object Repository/Create course/Page_Nh ca ti/a_Nguyen Van A' is clicked on

2022-01-18 00:32:10 - [MESSAGE][PASSED] - Object: 'Object Repository/Create course/Page_Nh ca ti/a_Nguyen Van A' is clicked on

2022-01-18 00:32:10 - [TEST_STEP][PASSED] - click(findTestObject("Object Repository/Create course/Page_Nh ca ti/span_Thot")): Object: 'Object Repository/Create course/Page_Nh ca ti/span_Thot' is clicked on

2022-01-18 00:32:11 - [MESSAGE][PASSED] - Object: 'Object Repository/Create course/Page_Nh ca ti/span_Thot' is clicked on

2022-01-18 00:32:11 - [TEST_STEP][PASSED] - callTestCase(findTestCase("Utils/Delete course CNPM"), [:], STOP_ON_FAILURE): Call Test Case 'Test Cases/Utils/Delete course CNPM' successfully

2022-01-18 00:32:11 - [TEST_CASE][PASSED] - Test Cases/Utils/Delete course CNPM: Test Cases/Utils/Delete course CNPM

2022-01-18 00:32:11 - [TEST_STEP][PASSED] - callTestCase(findTestCase("Utils/Login as admin"), [:], STOP_ON_FAILURE): Call Test Case 'Test Cases/Utils/Login as admin' successfully

2022-01-18 00:32:11 - [TEST_CASE][PASSED] - Test Cases/Utils/Login as admin: Test Cases/Utils/Login as admin

2022-01-18 00:32:11 - [TEST_STEP][PASSED] - click(findTestObject("View course grade/Page_Local Moodle/a_Log in")): Object: 'Object Repository/View course grade/Page_Local Moodle/a_Log in' is clicked on

2022-01-18 00:32:12 - [MESSAGE][PASSED] - Object: 'Object Repository/View course grade/Page_Local Moodle/a_Log in' is clicked on

2022-01-18 00:32:12 - [TEST_STEP][PASSED] - setText(findTestObject("View course grade/Page_Local Moodle Log in to the site/input_Username_username"), "admin"): Text 'admin' is set on object 'Object Repository/View course grade/Page_Local Moodle Log in to the site/input_Username_username'

2022-01-18 00:32:13 - [MESSAGE][PASSED] - Text 'admin' is set on object 'Object Repository/View course grade/Page_Local Moodle Log in to the site/input_Username_username'

2022-01-18 00:32:13 - [TEST_STEP][PASSED] - setEncryptedText(findTestObject("View course grade/Page_Local Moodle Log in to the site/input_Password_password"), "bfAykA/oWJ09FXmiKh6lyuuLu8QhG1K5"): Text ****** has been set on object 'Object Repository/View course grade/Page_Local Moodle Log in to the site/input_Password_password'

2022-01-18 00:32:14 - [MESSAGE][PASSED] - Text ****** has been set on object 'Object Repository/View course grade/Page_Local Moodle Log in to the site/input_Password_password'

2022-01-18 00:32:14 - [TEST_STEP][PASSED] - click(findTestObject("View course grade/Page_Local Moodle Log in to the site/button_Log in")): Object: 'Object Repository/View course grade/Page_Local Moodle Log in to the site/button_Log in' is clicked on

2022-01-18 00:32:17 - [MESSAGE][PASSED] - Object: 'Object Repository/View course grade/Page_Local Moodle Log in to the site/button_Log in' is clicked on

2022-01-18 00:32:17 - [MESSAGE][INFO] - 

2022-01-18 00:32:17 - [MESSAGE][INFO] - ===================== Self-healing Report ====================

2022-01-18 00:32:17 - [MESSAGE][INFO] - One of the failed test object locators has been recovered by Self-healing. Please refer to the Self-healing Insights tab for more details.

2022-01-18 00:32:17 - [MESSAGE][INFO] - To learn more about Self-healing, please read https://docs.katalon.com/katalon-studio/docs/self-healing.html

2022-01-18 00:32:17 - [MESSAGE][INFO] - ==============================================================

2022-01-18 00:32:17 - [MESSAGE][PASSED] - Call Test Case 'Test Cases/Utils/Login as admin' successfully

2022-01-18 00:32:17 - [TEST_STEP][PASSED] - click(findTestObject("Object Repository/Create course/Page_Nh ca ti/span_Qun tr khu vc")): Object: 'Object Repository/Create course/Page_Nh ca ti/span_Qun tr khu vc' is clicked on

2022-01-18 00:32:22 - [MESSAGE][PASSED] - Object: 'Object Repository/Create course/Page_Nh ca ti/span_Qun tr khu vc' is clicked on

2022-01-18 00:32:22 - [TEST_STEP][PASSED] - click(findTestObject("Object Repository/Create course/Page_Moodle Khu vc qun tr Tm kim/a_Kho hc")): Object: 'Object Repository/Create course/Page_Moodle Khu vc qun tr Tm kim/a_Kho hc' is clicked on

2022-01-18 00:32:22 - [MESSAGE][PASSED] - Object: 'Object Repository/Create course/Page_Moodle Khu vc qun tr Tm kim/a_Kho hc' is clicked on

2022-01-18 00:32:22 - [TEST_STEP][PASSED] - click(findTestObject("Object Repository/Create course/Page_Moodle Khu vc qun tr Tm kim/a_Thmsa cc kho hc")): Object: 'Object Repository/Create course/Page_Moodle Khu vc qun tr Tm kim/a_Thmsa cc kho hc' is clicked on

2022-01-18 00:32:24 - [MESSAGE][PASSED] - Object: 'Object Repository/Create course/Page_Moodle Khu vc qun tr Tm kim/a_Thmsa cc kho hc' is clicked on

2022-01-18 00:32:24 - [TEST_STEP][PASSED] - click(findTestObject("Object Repository/Create course/Page_Qun l kha hc v danh mc kha hc/div_La chn hnh ng hng lot Nhp mn Cng ngh ph_52747d")): Object: 'Object Repository/Create course/Page_Qun l kha hc v danh mc kha hc/div_La chn hnh ng hng lot Nhp mn Cng ngh ph_52747d' is clicked on

2022-01-18 00:32:31 - [MESSAGE][INFO] - Unable to find the element located by 'By.xpath: //div[@id='yui_3_17_2_1_1641378024996_198']'. Please recheck the objects properties to make sure the desired element is located. 

2022-01-18 00:32:31 - [MESSAGE][WARNING] - [SELF-HEALING] Failed to find element with id 'Object Repository/Create course/Page_Qun l kha hc v danh mc kha hc/div_La chn hnh ng hng lot Nhp mn Cng ngh ph_52747d'. Try using Self-healing.

2022-01-18 00:32:31 - [MESSAGE][WARNING] - [SELF-HEALING] The current locator of test object 'Object Repository/Create course/Page_Qun l kha hc v danh mc kha hc/div_La chn hnh ng hng lot Nhp mn Cng ngh ph_52747d' was broken. Propose an alternative one: '(.//*[normalize-space(text()) and normalize-space(.)='Tất cả'])[1]/following::div[1]'.

2022-01-18 00:32:32 - [MESSAGE][PASSED] - Object: 'Object Repository/Create course/Page_Qun l kha hc v danh mc kha hc/div_La chn hnh ng hng lot Nhp mn Cng ngh ph_52747d' is clicked on

2022-01-18 00:32:32 - [TEST_STEP][PASSED] - click(findTestObject("Object Repository/Create course/Page_Qun l kha hc v danh mc kha hc/a_Nhp mn Cng ngh phn mm")): Object: 'Object Repository/Create course/Page_Qun l kha hc v danh mc kha hc/a_Nhp mn Cng ngh phn mm' is clicked on

2022-01-18 00:32:39 - [MESSAGE][INFO] - Unable to find the element located by 'By.xpath: //a[@id='yui_3_17_2_1_1641378024996_202']'. Please recheck the objects properties to make sure the desired element is located. 

2022-01-18 00:32:39 - [MESSAGE][WARNING] - [SELF-HEALING] Failed to find element with id 'Object Repository/Create course/Page_Qun l kha hc v danh mc kha hc/a_Nhp mn Cng ngh phn mm'. Try using Self-healing.

2022-01-18 00:32:39 - [MESSAGE][WARNING] - [SELF-HEALING] The current locator of test object 'Object Repository/Create course/Page_Qun l kha hc v danh mc kha hc/a_Nhp mn Cng ngh phn mm' was broken. Propose an alternative one: '//a[contains(text(),'Nhập môn Công nghệ phần mềm')]'.

2022-01-18 00:32:41 - [MESSAGE][PASSED] - Object: 'Object Repository/Create course/Page_Qun l kha hc v danh mc kha hc/a_Nhp mn Cng ngh phn mm' is clicked on

2022-01-18 00:32:41 - [TEST_STEP][PASSED] - click(findTestObject("Object Repository/Create course/Page_Qun l kha hc v danh mc kha hc/a_Xo")): Object: 'Object Repository/Create course/Page_Qun l kha hc v danh mc kha hc/a_Xo' is clicked on

2022-01-18 00:32:47 - [MESSAGE][INFO] - Unable to find the element located by 'By.xpath: //a[@id='action_link61d570ff7b02a61']'. Please recheck the objects properties to make sure the desired element is located. 

2022-01-18 00:32:47 - [MESSAGE][WARNING] - [SELF-HEALING] Failed to find element with id 'Object Repository/Create course/Page_Qun l kha hc v danh mc kha hc/a_Xo'. Try using Self-healing.

2022-01-18 00:32:47 - [MESSAGE][WARNING] - [SELF-HEALING] The current locator of test object 'Object Repository/Create course/Page_Qun l kha hc v danh mc kha hc/a_Xo' was broken. Propose an alternative one: '//div[@id='course-detail']/div/div[2]/div/a[4]'.

2022-01-18 00:32:49 - [MESSAGE][PASSED] - Object: 'Object Repository/Create course/Page_Qun l kha hc v danh mc kha hc/a_Xo' is clicked on

2022-01-18 00:32:49 - [TEST_STEP][PASSED] - click(findTestObject("Object Repository/Create course/Page_Moodle Xo CNPM/button_Xo")): Object: 'Object Repository/Create course/Page_Moodle Xo CNPM/button_Xo' is clicked on

2022-01-18 00:32:55 - [MESSAGE][INFO] - Unable to find the element located by 'By.xpath: //button[@id='single_button61dfb22f3a4de19']'. Please recheck the objects properties to make sure the desired element is located. 

2022-01-18 00:32:55 - [MESSAGE][WARNING] - [SELF-HEALING] Failed to find element with id 'Object Repository/Create course/Page_Moodle Xo CNPM/button_Xo'. Try using Self-healing.

2022-01-18 00:32:55 - [MESSAGE][WARNING] - [SELF-HEALING] The current locator of test object 'Object Repository/Create course/Page_Moodle Xo CNPM/button_Xo' was broken. Propose an alternative one: '//div[@id='modal-footer']/div/div/form/button'.

2022-01-18 00:32:59 - [MESSAGE][PASSED] - Object: 'Object Repository/Create course/Page_Moodle Xo CNPM/button_Xo' is clicked on

2022-01-18 00:32:59 - [TEST_STEP][PASSED] - click(findTestObject("Object Repository/Create course/Page_Moodle Xo CNPM/button_Tip tc")): Object: 'Object Repository/Create course/Page_Moodle Xo CNPM/button_Tip tc' is clicked on

2022-01-18 00:33:06 - [MESSAGE][INFO] - Unable to find the element located by 'By.xpath: //button[@id='single_button61d571098d12119']'. Please recheck the objects properties to make sure the desired element is located. 

2022-01-18 00:33:06 - [MESSAGE][WARNING] - [SELF-HEALING] Failed to find element with id 'Object Repository/Create course/Page_Moodle Xo CNPM/button_Tip tc'. Try using Self-healing.

2022-01-18 00:33:06 - [MESSAGE][WARNING] - [SELF-HEALING] The current locator of test object 'Object Repository/Create course/Page_Moodle Xo CNPM/button_Tip tc' was broken. Propose an alternative one: '(.//*[normalize-space(text()) and normalize-space(.)='CNPM đã được xoá hoàn toàn'])[1]/following::button[1]'.

2022-01-18 00:33:09 - [MESSAGE][PASSED] - Object: 'Object Repository/Create course/Page_Moodle Xo CNPM/button_Tip tc' is clicked on

2022-01-18 00:33:09 - [MESSAGE][INFO] - 

2022-01-18 00:33:09 - [MESSAGE][INFO] - ===================== Self-healing Report ====================

2022-01-18 00:33:09 - [MESSAGE][INFO] - One of the failed test object locators has been recovered by Self-healing. Please refer to the Self-healing Insights tab for more details.

2022-01-18 00:33:09 - [MESSAGE][INFO] - To learn more about Self-healing, please read https://docs.katalon.com/katalon-studio/docs/self-healing.html

2022-01-18 00:33:09 - [MESSAGE][INFO] - ==============================================================

2022-01-18 00:33:09 - [MESSAGE][PASSED] - Call Test Case 'Test Cases/Utils/Delete course CNPM' successfully

2022-01-18 00:33:09 - [TEST_STEP][PASSED] - closeBrowser(): Browser is closed

2022-01-18 00:33:11 - [MESSAGE][PASSED] - Browser is closed]]></system-out>
         <system-err><![CDATA[]]></system-err>
      </testcase>
      <testcase name="Test Cases/Create folder and quiz/Create folder" time="240.161" classname="Test Cases/Create folder and quiz/Create folder" status="PASSED">
         <system-out><![CDATA[2022-01-18 00:33:11 - [TEST_CASE][PASSED] - Test Cases/Create folder and quiz/Create folder: Test Cases/Create folder and quiz/Create folder

2022-01-18 00:33:12 - [TEST_STEP][PASSED] - openBrowser(""): Browser is opened with url: ''

2022-01-18 00:33:12 - [MESSAGE][INFO] - Starting 'Edge Chromium' driver

2022-01-18 00:33:14 - [MESSAGE][INFO] - Action delay is set to 0 milliseconds

2022-01-18 00:33:17 - [MESSAGE][PASSED] - Browser is opened with url: ''

2022-01-18 00:33:17 - [TEST_STEP][PASSED] - navigateToUrl("http://localhost/"): Navigate to 'http://localhost/' successfully

2022-01-18 00:33:20 - [MESSAGE][PASSED] - Navigate to 'http://localhost/' successfully

2022-01-18 00:33:20 - [TEST_STEP][PASSED] - callTestCase(findTestCase("Utils/Create course CNPM"), [:], STOP_ON_FAILURE): Call Test Case 'Test Cases/Utils/Create course CNPM' successfully

2022-01-18 00:33:20 - [TEST_CASE][PASSED] - Test Cases/Utils/Create course CNPM: Test Cases/Utils/Create course CNPM

2022-01-18 00:33:20 - [TEST_STEP][PASSED] - callTestCase(findTestCase("Utils/Login as admin"), [:], STOP_ON_FAILURE): Call Test Case 'Test Cases/Utils/Login as admin' successfully

2022-01-18 00:33:20 - [TEST_CASE][PASSED] - Test Cases/Utils/Login as admin: Test Cases/Utils/Login as admin

2022-01-18 00:33:20 - [TEST_STEP][PASSED] - click(findTestObject("View course grade/Page_Local Moodle/a_Log in")): Object: 'Object Repository/View course grade/Page_Local Moodle/a_Log in' is clicked on

2022-01-18 00:33:23 - [MESSAGE][PASSED] - Object: 'Object Repository/View course grade/Page_Local Moodle/a_Log in' is clicked on

2022-01-18 00:33:23 - [TEST_STEP][PASSED] - setText(findTestObject("View course grade/Page_Local Moodle Log in to the site/input_Username_username"), "admin"): Text 'admin' is set on object 'Object Repository/View course grade/Page_Local Moodle Log in to the site/input_Username_username'

2022-01-18 00:33:24 - [MESSAGE][PASSED] - Text 'admin' is set on object 'Object Repository/View course grade/Page_Local Moodle Log in to the site/input_Username_username'

2022-01-18 00:33:24 - [TEST_STEP][PASSED] - setEncryptedText(findTestObject("View course grade/Page_Local Moodle Log in to the site/input_Password_password"), "bfAykA/oWJ09FXmiKh6lyuuLu8QhG1K5"): Text ****** has been set on object 'Object Repository/View course grade/Page_Local Moodle Log in to the site/input_Password_password'

2022-01-18 00:33:25 - [MESSAGE][PASSED] - Text ****** has been set on object 'Object Repository/View course grade/Page_Local Moodle Log in to the site/input_Password_password'

2022-01-18 00:33:25 - [TEST_STEP][PASSED] - click(findTestObject("View course grade/Page_Local Moodle Log in to the site/button_Log in")): Object: 'Object Repository/View course grade/Page_Local Moodle Log in to the site/button_Log in' is clicked on

2022-01-18 00:33:30 - [MESSAGE][PASSED] - Object: 'Object Repository/View course grade/Page_Local Moodle Log in to the site/button_Log in' is clicked on

2022-01-18 00:33:30 - [MESSAGE][PASSED] - Call Test Case 'Test Cases/Utils/Login as admin' successfully

2022-01-18 00:33:30 - [TEST_STEP][PASSED] - click(findTestObject("Object Repository/Utils/Page_Nh ca ti/span_Qun tr khu vc")): Object: 'Object Repository/Utils/Page_Nh ca ti/span_Qun tr khu vc' is clicked on

2022-01-18 00:33:39 - [MESSAGE][PASSED] - Object: 'Object Repository/Utils/Page_Nh ca ti/span_Qun tr khu vc' is clicked on

2022-01-18 00:33:39 - [TEST_STEP][PASSED] - click(findTestObject("Object Repository/Utils/Page_Moodle Khu vc qun tr Tm kim/a_Kho hc")): Object: 'Object Repository/Utils/Page_Moodle Khu vc qun tr Tm kim/a_Kho hc' is clicked on

2022-01-18 00:33:40 - [MESSAGE][PASSED] - Object: 'Object Repository/Utils/Page_Moodle Khu vc qun tr Tm kim/a_Kho hc' is clicked on

2022-01-18 00:33:40 - [TEST_STEP][PASSED] - click(findTestObject("Object Repository/Utils/Page_Moodle Khu vc qun tr Tm kim/a_Thmsa cc kho hc")): Object: 'Object Repository/Utils/Page_Moodle Khu vc qun tr Tm kim/a_Thmsa cc kho hc' is clicked on

2022-01-18 00:33:43 - [MESSAGE][PASSED] - Object: 'Object Repository/Utils/Page_Moodle Khu vc qun tr Tm kim/a_Thmsa cc kho hc' is clicked on

2022-01-18 00:33:43 - [TEST_STEP][PASSED] - click(findTestObject("Object Repository/Utils/Page_Qun l kha hc v danh mc kha hc/a_To kha hc mi")): Object: 'Object Repository/Utils/Page_Qun l kha hc v danh mc kha hc/a_To kha hc mi' is clicked on

2022-01-18 00:33:50 - [MESSAGE][INFO] - Unable to find the element located by 'By.xpath: //div[@id='yui_3_17_2_1_1641906891631_57']/div/div/a'. Please recheck the objects properties to make sure the desired element is located. 

2022-01-18 00:33:50 - [MESSAGE][WARNING] - [SELF-HEALING] Failed to find element with id 'Object Repository/Utils/Page_Qun l kha hc v danh mc kha hc/a_To kha hc mi'. Try using Self-healing.

2022-01-18 00:33:50 - [MESSAGE][WARNING] - [SELF-HEALING] The current locator of test object 'Object Repository/Utils/Page_Qun l kha hc v danh mc kha hc/a_To kha hc mi' was broken. Propose an alternative one: '//a[contains(text(),'Tạo khóa học mới')]'.

2022-01-18 00:33:54 - [MESSAGE][PASSED] - Object: 'Object Repository/Utils/Page_Qun l kha hc v danh mc kha hc/a_To kha hc mi' is clicked on

2022-01-18 00:33:54 - [TEST_STEP][PASSED] - setText(findTestObject("Object Repository/Utils/Page_Moodle Thm kho hc mi/input_Tn y_fullname"), "Nhập môn Công nghệ phần mềm"): Text 'Nhập môn Công nghệ phần mềm' is set on object 'Object Repository/Utils/Page_Moodle Thm kho hc mi/input_Tn y_fullname'

2022-01-18 00:33:56 - [MESSAGE][PASSED] - Text 'Nhập môn Công nghệ phần mềm' is set on object 'Object Repository/Utils/Page_Moodle Thm kho hc mi/input_Tn y_fullname'

2022-01-18 00:33:56 - [TEST_STEP][PASSED] - setText(findTestObject("Object Repository/Utils/Page_Moodle Thm kho hc mi/input_Tn rt gn ca kho hc_shortname"), "CNPM"): Text 'CNPM' is set on object 'Object Repository/Utils/Page_Moodle Thm kho hc mi/input_Tn rt gn ca kho hc_shortname'

2022-01-18 00:33:57 - [MESSAGE][PASSED] - Text 'CNPM' is set on object 'Object Repository/Utils/Page_Moodle Thm kho hc mi/input_Tn rt gn ca kho hc_shortname'

2022-01-18 00:33:57 - [TEST_STEP][PASSED] - click(findTestObject("Object Repository/Utils/Page_Moodle Thm kho hc mi/input__saveanddisplay")): Object: 'Object Repository/Utils/Page_Moodle Thm kho hc mi/input__saveanddisplay' is clicked on

2022-01-18 00:34:01 - [MESSAGE][PASSED] - Object: 'Object Repository/Utils/Page_Moodle Thm kho hc mi/input__saveanddisplay' is clicked on

2022-01-18 00:34:01 - [TEST_STEP][PASSED] - click(findTestObject("Object Repository/Utils/Page_CNPM Danh sch thnh vin/input_Danh sch thnh vin_btn btn-secondary my-1")): Object: 'Object Repository/Utils/Page_CNPM Danh sch thnh vin/input_Danh sch thnh vin_btn btn-secondary my-1' is clicked on

2022-01-18 00:34:02 - [MESSAGE][PASSED] - Object: 'Object Repository/Utils/Page_CNPM Danh sch thnh vin/input_Danh sch thnh vin_btn btn-secondary my-1' is clicked on

2022-01-18 00:34:02 - [TEST_STEP][PASSED] - click(findTestObject("Object Repository/Utils/Page_CNPM Danh sch thnh vin/span_")): Object: 'Object Repository/Utils/Page_CNPM Danh sch thnh vin/span_' is clicked on

2022-01-18 00:34:08 - [MESSAGE][INFO] - Unable to find the element located by 'By.xpath: //span[@id='form_autocomplete_downarrow-1641965227117']'. Please recheck the objects properties to make sure the desired element is located. 

2022-01-18 00:34:08 - [MESSAGE][WARNING] - [SELF-HEALING] Failed to find element with id 'Object Repository/Utils/Page_CNPM Danh sch thnh vin/span_'. Try using Self-healing.

2022-01-18 00:34:09 - [MESSAGE][WARNING] - [SELF-HEALING] The current locator of test object 'Object Repository/Utils/Page_CNPM Danh sch thnh vin/span_' was broken. Propose an alternative one: '//div[@id='fitem_id_userlist']/div[2]/div[3]/span'.

2022-01-18 00:34:09 - [MESSAGE][PASSED] - Object: 'Object Repository/Utils/Page_CNPM Danh sch thnh vin/span_' is clicked on

2022-01-18 00:34:09 - [TEST_STEP][PASSED] - click(findTestObject("Object Repository/Utils/Page_CNPM Danh sch thnh vin/span_Student Nguyen")): Object: 'Object Repository/Utils/Page_CNPM Danh sch thnh vin/span_Student Nguyen' is clicked on

2022-01-18 00:34:15 - [MESSAGE][INFO] - Unable to find the element located by 'By.xpath: //li[@id='form_autocomplete_suggestions-1641965227117-0']/span/span'. Please recheck the objects properties to make sure the desired element is located. 

2022-01-18 00:34:15 - [MESSAGE][WARNING] - [SELF-HEALING] Failed to find element with id 'Object Repository/Utils/Page_CNPM Danh sch thnh vin/span_Student Nguyen'. Try using Self-healing.

2022-01-18 00:34:16 - [MESSAGE][WARNING] - [SELF-HEALING] The current locator of test object 'Object Repository/Utils/Page_CNPM Danh sch thnh vin/span_Student Nguyen' was broken. Propose an alternative one: '(.//*[normalize-space(text()) and normalize-space(.)='student@gmail.com'])[2]/preceding::span[1]'.

2022-01-18 00:34:16 - [MESSAGE][PASSED] - Object: 'Object Repository/Utils/Page_CNPM Danh sch thnh vin/span_Student Nguyen' is clicked on

2022-01-18 00:34:16 - [TEST_STEP][PASSED] - click(findTestObject("Object Repository/Utils/Page_CNPM Danh sch thnh vin/button_Ghi danh ngi dng")): Object: 'Object Repository/Utils/Page_CNPM Danh sch thnh vin/button_Ghi danh ngi dng' is clicked on

2022-01-18 00:34:22 - [MESSAGE][INFO] - Unable to find the element located by 'By.xpath: //button[@id='yui_3_17_2_1_1641965226678_264']'. Please recheck the objects properties to make sure the desired element is located. 

2022-01-18 00:34:22 - [MESSAGE][WARNING] - [SELF-HEALING] Failed to find element with id 'Object Repository/Utils/Page_CNPM Danh sch thnh vin/button_Ghi danh ngi dng'. Try using Self-healing.

2022-01-18 00:34:22 - [MESSAGE][WARNING] - [SELF-HEALING] The current locator of test object 'Object Repository/Utils/Page_CNPM Danh sch thnh vin/button_Ghi danh ngi dng' was broken. Propose an alternative one: '(.//*[normalize-space(text()) and normalize-space(.)='Phút'])[1]/following::button[1]'.

2022-01-18 00:34:23 - [MESSAGE][PASSED] - Object: 'Object Repository/Utils/Page_CNPM Danh sch thnh vin/button_Ghi danh ngi dng' is clicked on

2022-01-18 00:34:23 - [TEST_STEP][PASSED] - click(findTestObject("Object Repository/Utils/Page_CNPM Danh sch thnh vin/input_Danh sch thnh vin_btn btn-secondary my-1")): Object: 'Object Repository/Utils/Page_CNPM Danh sch thnh vin/input_Danh sch thnh vin_btn btn-secondary my-1' is clicked on

2022-01-18 00:34:24 - [MESSAGE][PASSED] - Object: 'Object Repository/Utils/Page_CNPM Danh sch thnh vin/input_Danh sch thnh vin_btn btn-secondary my-1' is clicked on

2022-01-18 00:34:24 - [TEST_STEP][PASSED] - selectOptionByValue(findTestObject("Object Repository/Create course/Page_CNPM Danh sch thnh vin/select_Ngi qun l            Gio vin        _4311d9"), "3", true): All options with value '3' are selected in object 'Object Repository/Create course/Page_CNPM Danh sch thnh vin/select_Ngi qun l            Gio vin        _4311d9'  using regular expression

2022-01-18 00:34:27 - [MESSAGE][PASSED] - All options with value '3' are selected in object 'Object Repository/Create course/Page_CNPM Danh sch thnh vin/select_Ngi qun l            Gio vin        _4311d9'  using regular expression

2022-01-18 00:34:27 - [TEST_STEP][PASSED] - click(findTestObject("Object Repository/Utils/Page_CNPM Danh sch thnh vin/span_")): Object: 'Object Repository/Utils/Page_CNPM Danh sch thnh vin/span_' is clicked on

2022-01-18 00:34:33 - [MESSAGE][INFO] - Unable to find the element located by 'By.xpath: //span[@id='form_autocomplete_downarrow-1641965227117']'. Please recheck the objects properties to make sure the desired element is located. 

2022-01-18 00:34:33 - [MESSAGE][WARNING] - [SELF-HEALING] Failed to find element with id 'Object Repository/Utils/Page_CNPM Danh sch thnh vin/span_'. Try using Self-healing.

2022-01-18 00:34:33 - [MESSAGE][WARNING] - [SELF-HEALING] The current locator of test object 'Object Repository/Utils/Page_CNPM Danh sch thnh vin/span_' was broken. Propose an alternative one: '//div[@id='fitem_id_userlist']/div[2]/div[3]/span'.

2022-01-18 00:34:33 - [MESSAGE][PASSED] - Object: 'Object Repository/Utils/Page_CNPM Danh sch thnh vin/span_' is clicked on

2022-01-18 00:34:33 - [TEST_STEP][PASSED] - click(findTestObject("Object Repository/Create course/Page_CNPM Danh sch thnh vin/span_Nguyen Van A")): Object: 'Object Repository/Create course/Page_CNPM Danh sch thnh vin/span_Nguyen Van A' is clicked on

2022-01-18 00:34:40 - [MESSAGE][INFO] - Unable to find the element located by 'By.xpath: //li[@id='form_autocomplete_suggestions-1642350427588-0']/span/span'. Please recheck the objects properties to make sure the desired element is located. 

2022-01-18 00:34:40 - [MESSAGE][WARNING] - [SELF-HEALING] Failed to find element with id 'Object Repository/Create course/Page_CNPM Danh sch thnh vin/span_Nguyen Van A'. Try using Self-healing.

2022-01-18 00:34:40 - [MESSAGE][WARNING] - [SELF-HEALING] The current locator of test object 'Object Repository/Create course/Page_CNPM Danh sch thnh vin/span_Nguyen Van A' was broken. Propose an alternative one: '(.//*[normalize-space(text()) and normalize-space(.)='▼'])[1]/following::span[2]'.

2022-01-18 00:34:41 - [MESSAGE][PASSED] - Object: 'Object Repository/Create course/Page_CNPM Danh sch thnh vin/span_Nguyen Van A' is clicked on

2022-01-18 00:34:41 - [TEST_STEP][PASSED] - click(findTestObject("Object Repository/Create course/Page_CNPM Danh sch thnh vin/button_Ghi danh ngi dng_1")): Object: 'Object Repository/Create course/Page_CNPM Danh sch thnh vin/button_Ghi danh ngi dng_1' is clicked on

2022-01-18 00:34:47 - [MESSAGE][INFO] - Unable to find the element located by 'By.xpath: //button[@id='yui_3_17_2_1_1642348738650_377']'. Please recheck the objects properties to make sure the desired element is located. 

2022-01-18 00:34:47 - [MESSAGE][WARNING] - [SELF-HEALING] Failed to find element with id 'Object Repository/Create course/Page_CNPM Danh sch thnh vin/button_Ghi danh ngi dng_1'. Try using Self-healing.

2022-01-18 00:34:48 - [MESSAGE][WARNING] - [SELF-HEALING] The current locator of test object 'Object Repository/Create course/Page_CNPM Danh sch thnh vin/button_Ghi danh ngi dng_1' was broken. Propose an alternative one: '(.//*[normalize-space(text()) and normalize-space(.)='Phút'])[1]/following::button[1]'.

2022-01-18 00:34:48 - [MESSAGE][PASSED] - Object: 'Object Repository/Create course/Page_CNPM Danh sch thnh vin/button_Ghi danh ngi dng_1' is clicked on

2022-01-18 00:34:48 - [TEST_STEP][PASSED] - click(findTestObject("Object Repository/Utils/Page_CNPM Danh sch thnh vin/span_CNPM")): Object: 'Object Repository/Utils/Page_CNPM Danh sch thnh vin/span_CNPM' is clicked on

2022-01-18 00:34:51 - [MESSAGE][PASSED] - Object: 'Object Repository/Utils/Page_CNPM Danh sch thnh vin/span_CNPM' is clicked on

2022-01-18 00:34:51 - [TEST_STEP][PASSED] - click(findTestObject("Create folder and quiz/Page_CNPM Danh sch thnh vin/a_Qun tr Thnh vin")): Object: 'Object Repository/Create folder and quiz/Page_CNPM Danh sch thnh vin/a_Qun tr Thnh vin' is clicked on

2022-01-18 00:34:51 - [MESSAGE][PASSED] - Object: 'Object Repository/Create folder and quiz/Page_CNPM Danh sch thnh vin/a_Qun tr Thnh vin' is clicked on

2022-01-18 00:34:51 - [TEST_STEP][PASSED] - click(findTestObject("Create folder and quiz/Page_CNPM Danh sch thnh vin/span_Thot")): Object: 'Object Repository/Create folder and quiz/Page_CNPM Danh sch thnh vin/span_Thot' is clicked on

2022-01-18 00:34:53 - [MESSAGE][PASSED] - Object: 'Object Repository/Create folder and quiz/Page_CNPM Danh sch thnh vin/span_Thot' is clicked on

2022-01-18 00:34:53 - [MESSAGE][INFO] - 

2022-01-18 00:34:53 - [MESSAGE][INFO] - ===================== Self-healing Report ====================

2022-01-18 00:34:53 - [MESSAGE][INFO] - One of the failed test object locators has been recovered by Self-healing. Please refer to the Self-healing Insights tab for more details.

2022-01-18 00:34:53 - [MESSAGE][INFO] - To learn more about Self-healing, please read https://docs.katalon.com/katalon-studio/docs/self-healing.html

2022-01-18 00:34:53 - [MESSAGE][INFO] - ==============================================================

2022-01-18 00:34:53 - [MESSAGE][PASSED] - Call Test Case 'Test Cases/Utils/Create course CNPM' successfully

2022-01-18 00:34:53 - [TEST_STEP][PASSED] - callTestCase(findTestCase("Utils/Login as teacher"), [:], STOP_ON_FAILURE): Call Test Case 'Test Cases/Utils/Login as teacher' successfully

2022-01-18 00:34:53 - [TEST_CASE][PASSED] - Test Cases/Utils/Login as teacher: Test Cases/Utils/Login as teacher

2022-01-18 00:34:53 - [TEST_STEP][PASSED] - click(findTestObject("Create folder and quiz/Page_Local Moodle/a_Log in")): Object: 'Object Repository/Create folder and quiz/Page_Local Moodle/a_Log in' is clicked on

2022-01-18 00:34:55 - [MESSAGE][PASSED] - Object: 'Object Repository/Create folder and quiz/Page_Local Moodle/a_Log in' is clicked on

2022-01-18 00:34:55 - [TEST_STEP][PASSED] - setText(findTestObject("Object Repository/Create course/Page_New Moodle Site Log in to the site/input_Username_username"), "hs01"): Text 'hs01' is set on object 'Object Repository/Create course/Page_New Moodle Site Log in to the site/input_Username_username'

2022-01-18 00:34:57 - [MESSAGE][PASSED] - Text 'hs01' is set on object 'Object Repository/Create course/Page_New Moodle Site Log in to the site/input_Username_username'

2022-01-18 00:34:57 - [TEST_STEP][PASSED] - setEncryptedText(findTestObject("Object Repository/Create course/Page_New Moodle Site Log in to the site/input_Password_password"), "o5TCnEIIWq2SeGQhIMNXLQ=="): Text ****** has been set on object 'Object Repository/Create course/Page_New Moodle Site Log in to the site/input_Password_password'

2022-01-18 00:34:58 - [MESSAGE][PASSED] - Text ****** has been set on object 'Object Repository/Create course/Page_New Moodle Site Log in to the site/input_Password_password'

2022-01-18 00:34:58 - [TEST_STEP][PASSED] - click(findTestObject("Create folder and quiz/Page_Local Moodle Log in to the site/button_Log in")): Object: 'Object Repository/Create folder and quiz/Page_Local Moodle Log in to the site/button_Log in' is clicked on

2022-01-18 00:35:03 - [MESSAGE][PASSED] - Object: 'Object Repository/Create folder and quiz/Page_Local Moodle Log in to the site/button_Log in' is clicked on

2022-01-18 00:35:03 - [MESSAGE][INFO] - 

2022-01-18 00:35:03 - [MESSAGE][INFO] - ===================== Self-healing Report ====================

2022-01-18 00:35:03 - [MESSAGE][INFO] - One of the failed test object locators has been recovered by Self-healing. Please refer to the Self-healing Insights tab for more details.

2022-01-18 00:35:03 - [MESSAGE][INFO] - To learn more about Self-healing, please read https://docs.katalon.com/katalon-studio/docs/self-healing.html

2022-01-18 00:35:03 - [MESSAGE][INFO] - ==============================================================

2022-01-18 00:35:03 - [MESSAGE][PASSED] - Call Test Case 'Test Cases/Utils/Login as teacher' successfully

2022-01-18 00:35:03 - [TEST_STEP][PASSED] - click(findTestObject("Object Repository/Create folder and quiz/Page_Nh ca ti/span_Trang ch h thng")): Object: 'Object Repository/Create folder and quiz/Page_Nh ca ti/span_Trang ch h thng' is clicked on

2022-01-18 00:35:09 - [MESSAGE][PASSED] - Object: 'Object Repository/Create folder and quiz/Page_Nh ca ti/span_Trang ch h thng' is clicked on

2022-01-18 00:35:09 - [TEST_STEP][PASSED] - click(findTestObject("Object Repository/Create folder and quiz/Page_New Moodle Site/a_Nhp mn Cng ngh phn mm")): Object: 'Object Repository/Create folder and quiz/Page_New Moodle Site/a_Nhp mn Cng ngh phn mm' is clicked on

2022-01-18 00:35:10 - [MESSAGE][PASSED] - Object: 'Object Repository/Create folder and quiz/Page_New Moodle Site/a_Nhp mn Cng ngh phn mm' is clicked on

2022-01-18 00:35:10 - [TEST_STEP][PASSED] - click(findTestObject("Create folder and quiz/Page_Kha Nhp mn Cng ngh phn mm/button_Bt ch  chnh sa")): Object: 'Object Repository/Create folder and quiz/Page_Kha Nhp mn Cng ngh phn mm/button_Bt ch  chnh sa' is clicked on

2022-01-18 00:35:17 - [MESSAGE][INFO] - Unable to find the element located by 'By.xpath: //button[@id='single_button61e44f855865c1']'. Please recheck the objects properties to make sure the desired element is located. 

2022-01-18 00:35:17 - [MESSAGE][WARNING] - [SELF-HEALING] Failed to find element with id 'Object Repository/Create folder and quiz/Page_Kha Nhp mn Cng ngh phn mm/button_Bt ch  chnh sa'. Try using Self-healing.

2022-01-18 00:35:17 - [MESSAGE][WARNING] - [SELF-HEALING] The current locator of test object 'Object Repository/Create folder and quiz/Page_Kha Nhp mn Cng ngh phn mm/button_Bt ch  chnh sa' was broken. Propose an alternative one: '(.//*[normalize-space(text()) and normalize-space(.)='Các khoá học của tôi'])[2]/following::button[1]'.

2022-01-18 00:35:18 - [MESSAGE][PASSED] - Object: 'Object Repository/Create folder and quiz/Page_Kha Nhp mn Cng ngh phn mm/button_Bt ch  chnh sa' is clicked on

2022-01-18 00:35:18 - [TEST_STEP][PASSED] - click(findTestObject("Create folder and quiz/Page_Kha Nhp mn Cng ngh phn mm/span_Thm hot ng hoc ti nguyn")): Object: 'Object Repository/Create folder and quiz/Page_Kha Nhp mn Cng ngh phn mm/span_Thm hot ng hoc ti nguyn' is clicked on

2022-01-18 00:35:25 - [MESSAGE][INFO] - Unable to find the element located by 'By.xpath: //*[@id = 'yui_3_17_2_1_1642352521094_616' and (text() = 'Thêm hoạt động hoặc tài nguyên' or . = 'Thêm hoạt động hoặc tài nguyên')]'. Please recheck the objects properties to make sure the desired element is located. 

2022-01-18 00:35:25 - [MESSAGE][WARNING] - [SELF-HEALING] Failed to find element with id 'Object Repository/Create folder and quiz/Page_Kha Nhp mn Cng ngh phn mm/span_Thm hot ng hoc ti nguyn'. Try using Self-healing.

2022-01-18 00:35:25 - [MESSAGE][WARNING] - [SELF-HEALING] The current locator of test object 'Object Repository/Create folder and quiz/Page_Kha Nhp mn Cng ngh phn mm/span_Thm hot ng hoc ti nguyn' was broken. Propose an alternative one: '(.//*[normalize-space(text()) and normalize-space(.)='Chủ đề 1'])[2]/following::span[3]'.

2022-01-18 00:35:25 - [MESSAGE][PASSED] - Object: 'Object Repository/Create folder and quiz/Page_Kha Nhp mn Cng ngh phn mm/span_Thm hot ng hoc ti nguyn' is clicked on

2022-01-18 00:35:25 - [TEST_STEP][PASSED] - click(findTestObject("Create folder and quiz/Page_Kha Nhp mn Cng ngh phn mm/div_Thng tin v  Phng chat hot ng_optionicon_c1613a")): Object: 'Object Repository/Create folder and quiz/Page_Kha Nhp mn Cng ngh phn mm/div_Thng tin v  Phng chat hot ng_optionicon_c1613a' is clicked on

2022-01-18 00:35:32 - [MESSAGE][INFO] - Unable to find the element located by 'By.xpath: //div[@id='all-5']/div/div[17]/div/a/div'. Please recheck the objects properties to make sure the desired element is located. 

2022-01-18 00:35:32 - [MESSAGE][WARNING] - [SELF-HEALING] Failed to find element with id 'Object Repository/Create folder and quiz/Page_Kha Nhp mn Cng ngh phn mm/div_Thng tin v  Phng chat hot ng_optionicon_c1613a'. Try using Self-healing.

2022-01-18 00:35:32 - [MESSAGE][WARNING] - [SELF-HEALING] The current locator of test object 'Object Repository/Create folder and quiz/Page_Kha Nhp mn Cng ngh phn mm/div_Thng tin v  Phng chat hot ng_optionicon_c1613a' was broken. Propose an alternative one: '(.//*[normalize-space(text()) and normalize-space(.)='Phòng chat'])[1]/following::div[4]'.

2022-01-18 00:35:34 - [MESSAGE][PASSED] - Object: 'Object Repository/Create folder and quiz/Page_Kha Nhp mn Cng ngh phn mm/div_Thng tin v  Phng chat hot ng_optionicon_c1613a' is clicked on

2022-01-18 00:35:34 - [TEST_STEP][PASSED] - setText(findTestObject("Create folder and quiz/Page_Bin son Th mc/input_Tn_name"), "Doc"): Text 'Doc' is set on object 'Object Repository/Create folder and quiz/Page_Bin son Th mc/input_Tn_name'

2022-01-18 00:35:36 - [MESSAGE][PASSED] - Text 'Doc' is set on object 'Object Repository/Create folder and quiz/Page_Bin son Th mc/input_Tn_name'

2022-01-18 00:35:36 - [TEST_STEP][PASSED] - click(findTestObject("Create folder and quiz/Page_Bin son Th mc/input_Upon activity completion_submitbutton2")): Object: 'Object Repository/Create folder and quiz/Page_Bin son Th mc/input_Upon activity completion_submitbutton2' is clicked on

2022-01-18 00:35:38 - [MESSAGE][PASSED] - Object: 'Object Repository/Create folder and quiz/Page_Bin son Th mc/input_Upon activity completion_submitbutton2' is clicked on

2022-01-18 00:35:38 - [TEST_STEP][PASSED] - click(findTestObject("Object Repository/Create course/Page_Nh ca ti/a_Nguyen Van A")): Object: 'Object Repository/Create course/Page_Nh ca ti/a_Nguyen Van A' is clicked on

2022-01-18 00:35:39 - [MESSAGE][PASSED] - Object: 'Object Repository/Create course/Page_Nh ca ti/a_Nguyen Van A' is clicked on

2022-01-18 00:35:39 - [TEST_STEP][PASSED] - click(findTestObject("Object Repository/Create course/Page_Nh ca ti/span_Thot")): Object: 'Object Repository/Create course/Page_Nh ca ti/span_Thot' is clicked on

2022-01-18 00:35:41 - [MESSAGE][PASSED] - Object: 'Object Repository/Create course/Page_Nh ca ti/span_Thot' is clicked on

2022-01-18 00:35:41 - [TEST_STEP][PASSED] - callTestCase(findTestCase("Utils/Login as student"), [:], STOP_ON_FAILURE): Call Test Case 'Test Cases/Utils/Login as student' successfully

2022-01-18 00:35:41 - [TEST_CASE][PASSED] - Test Cases/Utils/Login as student: Test Cases/Utils/Login as student

2022-01-18 00:35:41 - [TEST_STEP][PASSED] - click(findTestObject("Create folder and quiz/Page_Local Moodle/a_Log in")): Object: 'Object Repository/Create folder and quiz/Page_Local Moodle/a_Log in' is clicked on

2022-01-18 00:35:42 - [MESSAGE][PASSED] - Object: 'Object Repository/Create folder and quiz/Page_Local Moodle/a_Log in' is clicked on

2022-01-18 00:35:42 - [TEST_STEP][PASSED] - setText(findTestObject("Create folder and quiz/Page_Local Moodle Log in to the site/input_Username_username"), "student"): Text 'student' is set on object 'Object Repository/Create folder and quiz/Page_Local Moodle Log in to the site/input_Username_username'

2022-01-18 00:35:43 - [MESSAGE][PASSED] - Text 'student' is set on object 'Object Repository/Create folder and quiz/Page_Local Moodle Log in to the site/input_Username_username'

2022-01-18 00:35:43 - [TEST_STEP][PASSED] - setEncryptedText(findTestObject("Create folder and quiz/Page_Local Moodle Log in to the site/input_Password_password"), "ie7bep3f1gXYsgY0lkRhPw=="): Text ****** has been set on object 'Object Repository/Create folder and quiz/Page_Local Moodle Log in to the site/input_Password_password'

2022-01-18 00:35:44 - [MESSAGE][PASSED] - Text ****** has been set on object 'Object Repository/Create folder and quiz/Page_Local Moodle Log in to the site/input_Password_password'

2022-01-18 00:35:44 - [TEST_STEP][PASSED] - click(findTestObject("Create folder and quiz/Page_Local Moodle Log in to the site/button_Log in")): Object: 'Object Repository/Create folder and quiz/Page_Local Moodle Log in to the site/button_Log in' is clicked on

2022-01-18 00:35:46 - [MESSAGE][PASSED] - Object: 'Object Repository/Create folder and quiz/Page_Local Moodle Log in to the site/button_Log in' is clicked on

2022-01-18 00:35:46 - [MESSAGE][INFO] - 

2022-01-18 00:35:46 - [MESSAGE][INFO] - ===================== Self-healing Report ====================

2022-01-18 00:35:46 - [MESSAGE][INFO] - One of the failed test object locators has been recovered by Self-healing. Please refer to the Self-healing Insights tab for more details.

2022-01-18 00:35:46 - [MESSAGE][INFO] - To learn more about Self-healing, please read https://docs.katalon.com/katalon-studio/docs/self-healing.html

2022-01-18 00:35:46 - [MESSAGE][INFO] - ==============================================================

2022-01-18 00:35:46 - [MESSAGE][PASSED] - Call Test Case 'Test Cases/Utils/Login as student' successfully

2022-01-18 00:35:46 - [TEST_STEP][PASSED] - click(findTestObject("Create folder and quiz/Page_Nh ca ti/span_Nhp mn Cng ngh phn mm")): Object: 'Object Repository/Create folder and quiz/Page_Nh ca ti/span_Nhp mn Cng ngh phn mm' is clicked on

2022-01-18 00:35:53 - [MESSAGE][INFO] - Unable to find the element located by 'By.xpath: //div[@id='course-info-container-24-8']/div/div/a/span[3]'. Please recheck the objects properties to make sure the desired element is located. 

2022-01-18 00:35:53 - [MESSAGE][WARNING] - [SELF-HEALING] Failed to find element with id 'Object Repository/Create folder and quiz/Page_Nh ca ti/span_Nhp mn Cng ngh phn mm'. Try using Self-healing.

2022-01-18 00:35:53 - [MESSAGE][WARNING] - [SELF-HEALING] The current locator of test object 'Object Repository/Create folder and quiz/Page_Nh ca ti/span_Nhp mn Cng ngh phn mm' was broken. Propose an alternative one: '(.//*[normalize-space(text()) and normalize-space(.)='Actions for current course Nhập môn Công nghệ phần mềm'])[1]/preceding::span[1]'.

2022-01-18 00:35:55 - [MESSAGE][PASSED] - Object: 'Object Repository/Create folder and quiz/Page_Nh ca ti/span_Nhp mn Cng ngh phn mm' is clicked on

2022-01-18 00:35:55 - [TEST_STEP][PASSED] - verifyElementVisible(findTestObject("Create folder and quiz/Page_Kha Nhp mn Cng ngh phn mm/div_Doc Th mc 0")): Object 'Object Repository/Create folder and quiz/Page_Kha Nhp mn Cng ngh phn mm/div_Doc Th mc 0' is visible

2022-01-18 00:36:01 - [MESSAGE][INFO] - Unable to find the element located by 'By.xpath: //div[@id='yui_3_17_2_1_1641398068785_61']'. Please recheck the objects properties to make sure the desired element is located. 

2022-01-18 00:36:01 - [MESSAGE][WARNING] - [SELF-HEALING] Failed to find element with id 'Object Repository/Create folder and quiz/Page_Kha Nhp mn Cng ngh phn mm/div_Doc Th mc 0'. Try using Self-healing.

2022-01-18 00:36:02 - [MESSAGE][WARNING] - [SELF-HEALING] The current locator of test object 'Object Repository/Create folder and quiz/Page_Kha Nhp mn Cng ngh phn mm/div_Doc Th mc 0' was broken. Propose an alternative one: '(.//*[normalize-space(text()) and normalize-space(.)='Chủ đề 1'])[2]/following::div[6]'.

2022-01-18 00:36:02 - [MESSAGE][PASSED] - Object 'Object Repository/Create folder and quiz/Page_Kha Nhp mn Cng ngh phn mm/div_Doc Th mc 0' is visible

2022-01-18 00:36:02 - [TEST_STEP][PASSED] - click(findTestObject("Create folder and quiz/Page_Kha Nhp mn Cng ngh phn mm/button_Mark as done 0")): Object: 'Object Repository/Create folder and quiz/Page_Kha Nhp mn Cng ngh phn mm/button_Mark as done 0' is clicked on

2022-01-18 00:36:08 - [MESSAGE][INFO] - Unable to find the element located by 'By.xpath: //button[@id='yui_3_17_2_1_1641398068785_75']'. Please recheck the objects properties to make sure the desired element is located. 

2022-01-18 00:36:08 - [MESSAGE][WARNING] - [SELF-HEALING] Failed to find element with id 'Object Repository/Create folder and quiz/Page_Kha Nhp mn Cng ngh phn mm/button_Mark as done 0'. Try using Self-healing.

2022-01-18 00:36:08 - [MESSAGE][WARNING] - [SELF-HEALING] The current locator of test object 'Object Repository/Create folder and quiz/Page_Kha Nhp mn Cng ngh phn mm/button_Mark as done 0' was broken. Propose an alternative one: '(.//*[normalize-space(text()) and normalize-space(.)='Thư mục'])[1]/following::button[1]'.

2022-01-18 00:36:08 - [MESSAGE][PASSED] - Object: 'Object Repository/Create folder and quiz/Page_Kha Nhp mn Cng ngh phn mm/button_Mark as done 0' is clicked on

2022-01-18 00:36:08 - [TEST_STEP][PASSED] - click(findTestObject("Create folder and quiz/Page_Nh ca ti/a_Student Nguyen")): Object: 'Object Repository/Create folder and quiz/Page_Nh ca ti/a_Student Nguyen' is clicked on

2022-01-18 00:36:10 - [MESSAGE][PASSED] - Object: 'Object Repository/Create folder and quiz/Page_Nh ca ti/a_Student Nguyen' is clicked on

2022-01-18 00:36:10 - [TEST_STEP][PASSED] - click(findTestObject("Create folder and quiz/Page_Nh ca ti/span_Thot")): Object: 'Object Repository/Create folder and quiz/Page_Nh ca ti/span_Thot' is clicked on

2022-01-18 00:36:12 - [MESSAGE][PASSED] - Object: 'Object Repository/Create folder and quiz/Page_Nh ca ti/span_Thot' is clicked on

2022-01-18 00:36:12 - [TEST_STEP][PASSED] - callTestCase(findTestCase("Utils/Delete course CNPM"), [:], STOP_ON_FAILURE): Call Test Case 'Test Cases/Utils/Delete course CNPM' successfully

2022-01-18 00:36:12 - [TEST_CASE][PASSED] - Test Cases/Utils/Delete course CNPM: Test Cases/Utils/Delete course CNPM

2022-01-18 00:36:12 - [TEST_STEP][PASSED] - callTestCase(findTestCase("Utils/Login as admin"), [:], STOP_ON_FAILURE): Call Test Case 'Test Cases/Utils/Login as admin' successfully

2022-01-18 00:36:12 - [TEST_CASE][PASSED] - Test Cases/Utils/Login as admin: Test Cases/Utils/Login as admin

2022-01-18 00:36:12 - [TEST_STEP][PASSED] - click(findTestObject("View course grade/Page_Local Moodle/a_Log in")): Object: 'Object Repository/View course grade/Page_Local Moodle/a_Log in' is clicked on

2022-01-18 00:36:13 - [MESSAGE][PASSED] - Object: 'Object Repository/View course grade/Page_Local Moodle/a_Log in' is clicked on

2022-01-18 00:36:13 - [TEST_STEP][PASSED] - setText(findTestObject("View course grade/Page_Local Moodle Log in to the site/input_Username_username"), "admin"): Text 'admin' is set on object 'Object Repository/View course grade/Page_Local Moodle Log in to the site/input_Username_username'

2022-01-18 00:36:14 - [MESSAGE][PASSED] - Text 'admin' is set on object 'Object Repository/View course grade/Page_Local Moodle Log in to the site/input_Username_username'

2022-01-18 00:36:14 - [TEST_STEP][PASSED] - setEncryptedText(findTestObject("View course grade/Page_Local Moodle Log in to the site/input_Password_password"), "bfAykA/oWJ09FXmiKh6lyuuLu8QhG1K5"): Text ****** has been set on object 'Object Repository/View course grade/Page_Local Moodle Log in to the site/input_Password_password'

2022-01-18 00:36:15 - [MESSAGE][PASSED] - Text ****** has been set on object 'Object Repository/View course grade/Page_Local Moodle Log in to the site/input_Password_password'

2022-01-18 00:36:15 - [TEST_STEP][PASSED] - click(findTestObject("View course grade/Page_Local Moodle Log in to the site/button_Log in")): Object: 'Object Repository/View course grade/Page_Local Moodle Log in to the site/button_Log in' is clicked on

2022-01-18 00:36:18 - [MESSAGE][PASSED] - Object: 'Object Repository/View course grade/Page_Local Moodle Log in to the site/button_Log in' is clicked on

2022-01-18 00:36:18 - [MESSAGE][INFO] - 

2022-01-18 00:36:18 - [MESSAGE][INFO] - ===================== Self-healing Report ====================

2022-01-18 00:36:18 - [MESSAGE][INFO] - One of the failed test object locators has been recovered by Self-healing. Please refer to the Self-healing Insights tab for more details.

2022-01-18 00:36:18 - [MESSAGE][INFO] - To learn more about Self-healing, please read https://docs.katalon.com/katalon-studio/docs/self-healing.html

2022-01-18 00:36:18 - [MESSAGE][INFO] - ==============================================================

2022-01-18 00:36:18 - [MESSAGE][PASSED] - Call Test Case 'Test Cases/Utils/Login as admin' successfully

2022-01-18 00:36:18 - [TEST_STEP][PASSED] - click(findTestObject("Object Repository/Create course/Page_Nh ca ti/span_Qun tr khu vc")): Object: 'Object Repository/Create course/Page_Nh ca ti/span_Qun tr khu vc' is clicked on

2022-01-18 00:36:24 - [MESSAGE][PASSED] - Object: 'Object Repository/Create course/Page_Nh ca ti/span_Qun tr khu vc' is clicked on

2022-01-18 00:36:24 - [TEST_STEP][PASSED] - click(findTestObject("Object Repository/Create course/Page_Moodle Khu vc qun tr Tm kim/a_Kho hc")): Object: 'Object Repository/Create course/Page_Moodle Khu vc qun tr Tm kim/a_Kho hc' is clicked on

2022-01-18 00:36:24 - [MESSAGE][PASSED] - Object: 'Object Repository/Create course/Page_Moodle Khu vc qun tr Tm kim/a_Kho hc' is clicked on

2022-01-18 00:36:24 - [TEST_STEP][PASSED] - click(findTestObject("Object Repository/Create course/Page_Moodle Khu vc qun tr Tm kim/a_Thmsa cc kho hc")): Object: 'Object Repository/Create course/Page_Moodle Khu vc qun tr Tm kim/a_Thmsa cc kho hc' is clicked on

2022-01-18 00:36:26 - [MESSAGE][PASSED] - Object: 'Object Repository/Create course/Page_Moodle Khu vc qun tr Tm kim/a_Thmsa cc kho hc' is clicked on

2022-01-18 00:36:26 - [TEST_STEP][PASSED] - click(findTestObject("Object Repository/Create course/Page_Qun l kha hc v danh mc kha hc/div_La chn hnh ng hng lot Nhp mn Cng ngh ph_52747d")): Object: 'Object Repository/Create course/Page_Qun l kha hc v danh mc kha hc/div_La chn hnh ng hng lot Nhp mn Cng ngh ph_52747d' is clicked on

2022-01-18 00:36:33 - [MESSAGE][INFO] - Unable to find the element located by 'By.xpath: //div[@id='yui_3_17_2_1_1641378024996_198']'. Please recheck the objects properties to make sure the desired element is located. 

2022-01-18 00:36:33 - [MESSAGE][WARNING] - [SELF-HEALING] Failed to find element with id 'Object Repository/Create course/Page_Qun l kha hc v danh mc kha hc/div_La chn hnh ng hng lot Nhp mn Cng ngh ph_52747d'. Try using Self-healing.

2022-01-18 00:36:33 - [MESSAGE][WARNING] - [SELF-HEALING] The current locator of test object 'Object Repository/Create course/Page_Qun l kha hc v danh mc kha hc/div_La chn hnh ng hng lot Nhp mn Cng ngh ph_52747d' was broken. Propose an alternative one: '(.//*[normalize-space(text()) and normalize-space(.)='Tất cả'])[1]/following::div[1]'.

2022-01-18 00:36:35 - [MESSAGE][PASSED] - Object: 'Object Repository/Create course/Page_Qun l kha hc v danh mc kha hc/div_La chn hnh ng hng lot Nhp mn Cng ngh ph_52747d' is clicked on

2022-01-18 00:36:35 - [TEST_STEP][PASSED] - click(findTestObject("Object Repository/Create course/Page_Qun l kha hc v danh mc kha hc/a_Nhp mn Cng ngh phn mm")): Object: 'Object Repository/Create course/Page_Qun l kha hc v danh mc kha hc/a_Nhp mn Cng ngh phn mm' is clicked on

2022-01-18 00:36:41 - [MESSAGE][INFO] - Unable to find the element located by 'By.xpath: //a[@id='yui_3_17_2_1_1641378024996_202']'. Please recheck the objects properties to make sure the desired element is located. 

2022-01-18 00:36:41 - [MESSAGE][WARNING] - [SELF-HEALING] Failed to find element with id 'Object Repository/Create course/Page_Qun l kha hc v danh mc kha hc/a_Nhp mn Cng ngh phn mm'. Try using Self-healing.

2022-01-18 00:36:41 - [MESSAGE][WARNING] - [SELF-HEALING] The current locator of test object 'Object Repository/Create course/Page_Qun l kha hc v danh mc kha hc/a_Nhp mn Cng ngh phn mm' was broken. Propose an alternative one: '//a[contains(text(),'Nhập môn Công nghệ phần mềm')]'.

2022-01-18 00:36:43 - [MESSAGE][PASSED] - Object: 'Object Repository/Create course/Page_Qun l kha hc v danh mc kha hc/a_Nhp mn Cng ngh phn mm' is clicked on

2022-01-18 00:36:43 - [TEST_STEP][PASSED] - click(findTestObject("Object Repository/Create course/Page_Qun l kha hc v danh mc kha hc/a_Xo")): Object: 'Object Repository/Create course/Page_Qun l kha hc v danh mc kha hc/a_Xo' is clicked on

2022-01-18 00:36:49 - [MESSAGE][INFO] - Unable to find the element located by 'By.xpath: //a[@id='action_link61d570ff7b02a61']'. Please recheck the objects properties to make sure the desired element is located. 

2022-01-18 00:36:49 - [MESSAGE][WARNING] - [SELF-HEALING] Failed to find element with id 'Object Repository/Create course/Page_Qun l kha hc v danh mc kha hc/a_Xo'. Try using Self-healing.

2022-01-18 00:36:50 - [MESSAGE][WARNING] - [SELF-HEALING] The current locator of test object 'Object Repository/Create course/Page_Qun l kha hc v danh mc kha hc/a_Xo' was broken. Propose an alternative one: '//div[@id='course-detail']/div/div[2]/div/a[4]'.

2022-01-18 00:36:51 - [MESSAGE][PASSED] - Object: 'Object Repository/Create course/Page_Qun l kha hc v danh mc kha hc/a_Xo' is clicked on

2022-01-18 00:36:51 - [TEST_STEP][PASSED] - click(findTestObject("Object Repository/Create course/Page_Moodle Xo CNPM/button_Xo")): Object: 'Object Repository/Create course/Page_Moodle Xo CNPM/button_Xo' is clicked on

2022-01-18 00:36:58 - [MESSAGE][INFO] - Unable to find the element located by 'By.xpath: //button[@id='single_button61dfb22f3a4de19']'. Please recheck the objects properties to make sure the desired element is located. 

2022-01-18 00:36:58 - [MESSAGE][WARNING] - [SELF-HEALING] Failed to find element with id 'Object Repository/Create course/Page_Moodle Xo CNPM/button_Xo'. Try using Self-healing.

2022-01-18 00:36:58 - [MESSAGE][WARNING] - [SELF-HEALING] The current locator of test object 'Object Repository/Create course/Page_Moodle Xo CNPM/button_Xo' was broken. Propose an alternative one: '//div[@id='modal-footer']/div/div/form/button'.

2022-01-18 00:37:01 - [MESSAGE][PASSED] - Object: 'Object Repository/Create course/Page_Moodle Xo CNPM/button_Xo' is clicked on

2022-01-18 00:37:01 - [TEST_STEP][PASSED] - click(findTestObject("Object Repository/Create course/Page_Moodle Xo CNPM/button_Tip tc")): Object: 'Object Repository/Create course/Page_Moodle Xo CNPM/button_Tip tc' is clicked on

2022-01-18 00:37:07 - [MESSAGE][INFO] - Unable to find the element located by 'By.xpath: //button[@id='single_button61d571098d12119']'. Please recheck the objects properties to make sure the desired element is located. 

2022-01-18 00:37:07 - [MESSAGE][WARNING] - [SELF-HEALING] Failed to find element with id 'Object Repository/Create course/Page_Moodle Xo CNPM/button_Tip tc'. Try using Self-healing.

2022-01-18 00:37:08 - [MESSAGE][WARNING] - [SELF-HEALING] The current locator of test object 'Object Repository/Create course/Page_Moodle Xo CNPM/button_Tip tc' was broken. Propose an alternative one: '(.//*[normalize-space(text()) and normalize-space(.)='CNPM đã được xoá hoàn toàn'])[1]/following::button[1]'.

2022-01-18 00:37:09 - [MESSAGE][PASSED] - Object: 'Object Repository/Create course/Page_Moodle Xo CNPM/button_Tip tc' is clicked on

2022-01-18 00:37:09 - [MESSAGE][INFO] - 

2022-01-18 00:37:09 - [MESSAGE][INFO] - ===================== Self-healing Report ====================

2022-01-18 00:37:09 - [MESSAGE][INFO] - One of the failed test object locators has been recovered by Self-healing. Please refer to the Self-healing Insights tab for more details.

2022-01-18 00:37:09 - [MESSAGE][INFO] - To learn more about Self-healing, please read https://docs.katalon.com/katalon-studio/docs/self-healing.html

2022-01-18 00:37:09 - [MESSAGE][INFO] - ==============================================================

2022-01-18 00:37:09 - [MESSAGE][PASSED] - Call Test Case 'Test Cases/Utils/Delete course CNPM' successfully

2022-01-18 00:37:09 - [TEST_STEP][PASSED] - closeBrowser(): Browser is closed

2022-01-18 00:37:11 - [MESSAGE][PASSED] - Browser is closed]]></system-out>
         <system-err><![CDATA[]]></system-err>
      </testcase>
      <testcase name="Test Cases/Create folder and quiz/Create quiz without title" time="187.853" classname="Test Cases/Create folder and quiz/Create quiz without title" status="PASSED">
         <system-out><![CDATA[2022-01-18 00:37:11 - [TEST_CASE][PASSED] - Test Cases/Create folder and quiz/Create quiz without title: Test Cases/Create folder and quiz/Create quiz without title

2022-01-18 00:37:12 - [TEST_STEP][PASSED] - openBrowser(""): Browser is opened with url: ''

2022-01-18 00:37:12 - [MESSAGE][INFO] - Starting 'Edge Chromium' driver

2022-01-18 00:37:14 - [MESSAGE][INFO] - Action delay is set to 0 milliseconds

2022-01-18 00:37:16 - [MESSAGE][PASSED] - Browser is opened with url: ''

2022-01-18 00:37:16 - [TEST_STEP][PASSED] - navigateToUrl("http://localhost/"): Navigate to 'http://localhost/' successfully

2022-01-18 00:37:18 - [MESSAGE][PASSED] - Navigate to 'http://localhost/' successfully

2022-01-18 00:37:18 - [TEST_STEP][PASSED] - callTestCase(findTestCase("Utils/Create course CNPM"), [:], STOP_ON_FAILURE): Call Test Case 'Test Cases/Utils/Create course CNPM' successfully

2022-01-18 00:37:19 - [TEST_CASE][PASSED] - Test Cases/Utils/Create course CNPM: Test Cases/Utils/Create course CNPM

2022-01-18 00:37:19 - [TEST_STEP][PASSED] - callTestCase(findTestCase("Utils/Login as admin"), [:], STOP_ON_FAILURE): Call Test Case 'Test Cases/Utils/Login as admin' successfully

2022-01-18 00:37:19 - [TEST_CASE][PASSED] - Test Cases/Utils/Login as admin: Test Cases/Utils/Login as admin

2022-01-18 00:37:19 - [TEST_STEP][PASSED] - click(findTestObject("View course grade/Page_Local Moodle/a_Log in")): Object: 'Object Repository/View course grade/Page_Local Moodle/a_Log in' is clicked on

2022-01-18 00:37:20 - [MESSAGE][PASSED] - Object: 'Object Repository/View course grade/Page_Local Moodle/a_Log in' is clicked on

2022-01-18 00:37:20 - [TEST_STEP][PASSED] - setText(findTestObject("View course grade/Page_Local Moodle Log in to the site/input_Username_username"), "admin"): Text 'admin' is set on object 'Object Repository/View course grade/Page_Local Moodle Log in to the site/input_Username_username'

2022-01-18 00:37:21 - [MESSAGE][PASSED] - Text 'admin' is set on object 'Object Repository/View course grade/Page_Local Moodle Log in to the site/input_Username_username'

2022-01-18 00:37:21 - [TEST_STEP][PASSED] - setEncryptedText(findTestObject("View course grade/Page_Local Moodle Log in to the site/input_Password_password"), "bfAykA/oWJ09FXmiKh6lyuuLu8QhG1K5"): Text ****** has been set on object 'Object Repository/View course grade/Page_Local Moodle Log in to the site/input_Password_password'

2022-01-18 00:37:22 - [MESSAGE][PASSED] - Text ****** has been set on object 'Object Repository/View course grade/Page_Local Moodle Log in to the site/input_Password_password'

2022-01-18 00:37:22 - [TEST_STEP][PASSED] - click(findTestObject("View course grade/Page_Local Moodle Log in to the site/button_Log in")): Object: 'Object Repository/View course grade/Page_Local Moodle Log in to the site/button_Log in' is clicked on

2022-01-18 00:37:27 - [MESSAGE][PASSED] - Object: 'Object Repository/View course grade/Page_Local Moodle Log in to the site/button_Log in' is clicked on

2022-01-18 00:37:27 - [MESSAGE][PASSED] - Call Test Case 'Test Cases/Utils/Login as admin' successfully

2022-01-18 00:37:27 - [TEST_STEP][PASSED] - click(findTestObject("Object Repository/Utils/Page_Nh ca ti/span_Qun tr khu vc")): Object: 'Object Repository/Utils/Page_Nh ca ti/span_Qun tr khu vc' is clicked on

2022-01-18 00:37:33 - [MESSAGE][PASSED] - Object: 'Object Repository/Utils/Page_Nh ca ti/span_Qun tr khu vc' is clicked on

2022-01-18 00:37:33 - [TEST_STEP][PASSED] - click(findTestObject("Object Repository/Utils/Page_Moodle Khu vc qun tr Tm kim/a_Kho hc")): Object: 'Object Repository/Utils/Page_Moodle Khu vc qun tr Tm kim/a_Kho hc' is clicked on

2022-01-18 00:37:34 - [MESSAGE][PASSED] - Object: 'Object Repository/Utils/Page_Moodle Khu vc qun tr Tm kim/a_Kho hc' is clicked on

2022-01-18 00:37:34 - [TEST_STEP][PASSED] - click(findTestObject("Object Repository/Utils/Page_Moodle Khu vc qun tr Tm kim/a_Thmsa cc kho hc")): Object: 'Object Repository/Utils/Page_Moodle Khu vc qun tr Tm kim/a_Thmsa cc kho hc' is clicked on

2022-01-18 00:37:37 - [MESSAGE][PASSED] - Object: 'Object Repository/Utils/Page_Moodle Khu vc qun tr Tm kim/a_Thmsa cc kho hc' is clicked on

2022-01-18 00:37:37 - [TEST_STEP][PASSED] - click(findTestObject("Object Repository/Utils/Page_Qun l kha hc v danh mc kha hc/a_To kha hc mi")): Object: 'Object Repository/Utils/Page_Qun l kha hc v danh mc kha hc/a_To kha hc mi' is clicked on

2022-01-18 00:37:43 - [MESSAGE][INFO] - Unable to find the element located by 'By.xpath: //div[@id='yui_3_17_2_1_1641906891631_57']/div/div/a'. Please recheck the objects properties to make sure the desired element is located. 

2022-01-18 00:37:43 - [MESSAGE][WARNING] - [SELF-HEALING] Failed to find element with id 'Object Repository/Utils/Page_Qun l kha hc v danh mc kha hc/a_To kha hc mi'. Try using Self-healing.

2022-01-18 00:37:44 - [MESSAGE][WARNING] - [SELF-HEALING] The current locator of test object 'Object Repository/Utils/Page_Qun l kha hc v danh mc kha hc/a_To kha hc mi' was broken. Propose an alternative one: '//a[contains(text(),'Tạo khóa học mới')]'.

2022-01-18 00:37:48 - [MESSAGE][PASSED] - Object: 'Object Repository/Utils/Page_Qun l kha hc v danh mc kha hc/a_To kha hc mi' is clicked on

2022-01-18 00:37:48 - [TEST_STEP][PASSED] - setText(findTestObject("Object Repository/Utils/Page_Moodle Thm kho hc mi/input_Tn y_fullname"), "Nhập môn Công nghệ phần mềm"): Text 'Nhập môn Công nghệ phần mềm' is set on object 'Object Repository/Utils/Page_Moodle Thm kho hc mi/input_Tn y_fullname'

2022-01-18 00:37:50 - [MESSAGE][PASSED] - Text 'Nhập môn Công nghệ phần mềm' is set on object 'Object Repository/Utils/Page_Moodle Thm kho hc mi/input_Tn y_fullname'

2022-01-18 00:37:50 - [TEST_STEP][PASSED] - setText(findTestObject("Object Repository/Utils/Page_Moodle Thm kho hc mi/input_Tn rt gn ca kho hc_shortname"), "CNPM"): Text 'CNPM' is set on object 'Object Repository/Utils/Page_Moodle Thm kho hc mi/input_Tn rt gn ca kho hc_shortname'

2022-01-18 00:37:51 - [MESSAGE][PASSED] - Text 'CNPM' is set on object 'Object Repository/Utils/Page_Moodle Thm kho hc mi/input_Tn rt gn ca kho hc_shortname'

2022-01-18 00:37:51 - [TEST_STEP][PASSED] - click(findTestObject("Object Repository/Utils/Page_Moodle Thm kho hc mi/input__saveanddisplay")): Object: 'Object Repository/Utils/Page_Moodle Thm kho hc mi/input__saveanddisplay' is clicked on

2022-01-18 00:37:54 - [MESSAGE][PASSED] - Object: 'Object Repository/Utils/Page_Moodle Thm kho hc mi/input__saveanddisplay' is clicked on

2022-01-18 00:37:54 - [TEST_STEP][PASSED] - click(findTestObject("Object Repository/Utils/Page_CNPM Danh sch thnh vin/input_Danh sch thnh vin_btn btn-secondary my-1")): Object: 'Object Repository/Utils/Page_CNPM Danh sch thnh vin/input_Danh sch thnh vin_btn btn-secondary my-1' is clicked on

2022-01-18 00:37:55 - [MESSAGE][PASSED] - Object: 'Object Repository/Utils/Page_CNPM Danh sch thnh vin/input_Danh sch thnh vin_btn btn-secondary my-1' is clicked on

2022-01-18 00:37:55 - [TEST_STEP][PASSED] - click(findTestObject("Object Repository/Utils/Page_CNPM Danh sch thnh vin/span_")): Object: 'Object Repository/Utils/Page_CNPM Danh sch thnh vin/span_' is clicked on

2022-01-18 00:38:02 - [MESSAGE][INFO] - Unable to find the element located by 'By.xpath: //span[@id='form_autocomplete_downarrow-1641965227117']'. Please recheck the objects properties to make sure the desired element is located. 

2022-01-18 00:38:02 - [MESSAGE][WARNING] - [SELF-HEALING] Failed to find element with id 'Object Repository/Utils/Page_CNPM Danh sch thnh vin/span_'. Try using Self-healing.

2022-01-18 00:38:02 - [MESSAGE][WARNING] - [SELF-HEALING] The current locator of test object 'Object Repository/Utils/Page_CNPM Danh sch thnh vin/span_' was broken. Propose an alternative one: '//div[@id='fitem_id_userlist']/div[2]/div[3]/span'.

2022-01-18 00:38:02 - [MESSAGE][PASSED] - Object: 'Object Repository/Utils/Page_CNPM Danh sch thnh vin/span_' is clicked on

2022-01-18 00:38:02 - [TEST_STEP][PASSED] - click(findTestObject("Object Repository/Utils/Page_CNPM Danh sch thnh vin/span_Student Nguyen")): Object: 'Object Repository/Utils/Page_CNPM Danh sch thnh vin/span_Student Nguyen' is clicked on

2022-01-18 00:38:09 - [MESSAGE][INFO] - Unable to find the element located by 'By.xpath: //li[@id='form_autocomplete_suggestions-1641965227117-0']/span/span'. Please recheck the objects properties to make sure the desired element is located. 

2022-01-18 00:38:09 - [MESSAGE][WARNING] - [SELF-HEALING] Failed to find element with id 'Object Repository/Utils/Page_CNPM Danh sch thnh vin/span_Student Nguyen'. Try using Self-healing.

2022-01-18 00:38:09 - [MESSAGE][WARNING] - [SELF-HEALING] The current locator of test object 'Object Repository/Utils/Page_CNPM Danh sch thnh vin/span_Student Nguyen' was broken. Propose an alternative one: '(.//*[normalize-space(text()) and normalize-space(.)='student@gmail.com'])[2]/preceding::span[1]'.

2022-01-18 00:38:09 - [MESSAGE][PASSED] - Object: 'Object Repository/Utils/Page_CNPM Danh sch thnh vin/span_Student Nguyen' is clicked on

2022-01-18 00:38:09 - [TEST_STEP][PASSED] - click(findTestObject("Object Repository/Utils/Page_CNPM Danh sch thnh vin/button_Ghi danh ngi dng")): Object: 'Object Repository/Utils/Page_CNPM Danh sch thnh vin/button_Ghi danh ngi dng' is clicked on

2022-01-18 00:38:15 - [MESSAGE][INFO] - Unable to find the element located by 'By.xpath: //button[@id='yui_3_17_2_1_1641965226678_264']'. Please recheck the objects properties to make sure the desired element is located. 

2022-01-18 00:38:15 - [MESSAGE][WARNING] - [SELF-HEALING] Failed to find element with id 'Object Repository/Utils/Page_CNPM Danh sch thnh vin/button_Ghi danh ngi dng'. Try using Self-healing.

2022-01-18 00:38:16 - [MESSAGE][WARNING] - [SELF-HEALING] The current locator of test object 'Object Repository/Utils/Page_CNPM Danh sch thnh vin/button_Ghi danh ngi dng' was broken. Propose an alternative one: '(.//*[normalize-space(text()) and normalize-space(.)='Phút'])[1]/following::button[1]'.

2022-01-18 00:38:16 - [MESSAGE][PASSED] - Object: 'Object Repository/Utils/Page_CNPM Danh sch thnh vin/button_Ghi danh ngi dng' is clicked on

2022-01-18 00:38:16 - [TEST_STEP][PASSED] - click(findTestObject("Object Repository/Utils/Page_CNPM Danh sch thnh vin/input_Danh sch thnh vin_btn btn-secondary my-1")): Object: 'Object Repository/Utils/Page_CNPM Danh sch thnh vin/input_Danh sch thnh vin_btn btn-secondary my-1' is clicked on

2022-01-18 00:38:17 - [MESSAGE][PASSED] - Object: 'Object Repository/Utils/Page_CNPM Danh sch thnh vin/input_Danh sch thnh vin_btn btn-secondary my-1' is clicked on

2022-01-18 00:38:17 - [TEST_STEP][PASSED] - selectOptionByValue(findTestObject("Object Repository/Create course/Page_CNPM Danh sch thnh vin/select_Ngi qun l            Gio vin        _4311d9"), "3", true): All options with value '3' are selected in object 'Object Repository/Create course/Page_CNPM Danh sch thnh vin/select_Ngi qun l            Gio vin        _4311d9'  using regular expression

2022-01-18 00:38:20 - [MESSAGE][PASSED] - All options with value '3' are selected in object 'Object Repository/Create course/Page_CNPM Danh sch thnh vin/select_Ngi qun l            Gio vin        _4311d9'  using regular expression

2022-01-18 00:38:20 - [TEST_STEP][PASSED] - click(findTestObject("Object Repository/Utils/Page_CNPM Danh sch thnh vin/span_")): Object: 'Object Repository/Utils/Page_CNPM Danh sch thnh vin/span_' is clicked on

2022-01-18 00:38:26 - [MESSAGE][INFO] - Unable to find the element located by 'By.xpath: //span[@id='form_autocomplete_downarrow-1641965227117']'. Please recheck the objects properties to make sure the desired element is located. 

2022-01-18 00:38:26 - [MESSAGE][WARNING] - [SELF-HEALING] Failed to find element with id 'Object Repository/Utils/Page_CNPM Danh sch thnh vin/span_'. Try using Self-healing.

2022-01-18 00:38:26 - [MESSAGE][WARNING] - [SELF-HEALING] The current locator of test object 'Object Repository/Utils/Page_CNPM Danh sch thnh vin/span_' was broken. Propose an alternative one: '//div[@id='fitem_id_userlist']/div[2]/div[3]/span'.

2022-01-18 00:38:26 - [MESSAGE][PASSED] - Object: 'Object Repository/Utils/Page_CNPM Danh sch thnh vin/span_' is clicked on

2022-01-18 00:38:26 - [TEST_STEP][PASSED] - click(findTestObject("Object Repository/Create course/Page_CNPM Danh sch thnh vin/span_Nguyen Van A")): Object: 'Object Repository/Create course/Page_CNPM Danh sch thnh vin/span_Nguyen Van A' is clicked on

2022-01-18 00:38:33 - [MESSAGE][INFO] - Unable to find the element located by 'By.xpath: //li[@id='form_autocomplete_suggestions-1642350427588-0']/span/span'. Please recheck the objects properties to make sure the desired element is located. 

2022-01-18 00:38:33 - [MESSAGE][WARNING] - [SELF-HEALING] Failed to find element with id 'Object Repository/Create course/Page_CNPM Danh sch thnh vin/span_Nguyen Van A'. Try using Self-healing.

2022-01-18 00:38:33 - [MESSAGE][WARNING] - [SELF-HEALING] The current locator of test object 'Object Repository/Create course/Page_CNPM Danh sch thnh vin/span_Nguyen Van A' was broken. Propose an alternative one: '(.//*[normalize-space(text()) and normalize-space(.)='▼'])[1]/following::span[2]'.

2022-01-18 00:38:33 - [MESSAGE][PASSED] - Object: 'Object Repository/Create course/Page_CNPM Danh sch thnh vin/span_Nguyen Van A' is clicked on

2022-01-18 00:38:33 - [TEST_STEP][PASSED] - click(findTestObject("Object Repository/Create course/Page_CNPM Danh sch thnh vin/button_Ghi danh ngi dng_1")): Object: 'Object Repository/Create course/Page_CNPM Danh sch thnh vin/button_Ghi danh ngi dng_1' is clicked on

2022-01-18 00:38:40 - [MESSAGE][INFO] - Unable to find the element located by 'By.xpath: //button[@id='yui_3_17_2_1_1642348738650_377']'. Please recheck the objects properties to make sure the desired element is located. 

2022-01-18 00:38:40 - [MESSAGE][WARNING] - [SELF-HEALING] Failed to find element with id 'Object Repository/Create course/Page_CNPM Danh sch thnh vin/button_Ghi danh ngi dng_1'. Try using Self-healing.

2022-01-18 00:38:40 - [MESSAGE][WARNING] - [SELF-HEALING] The current locator of test object 'Object Repository/Create course/Page_CNPM Danh sch thnh vin/button_Ghi danh ngi dng_1' was broken. Propose an alternative one: '(.//*[normalize-space(text()) and normalize-space(.)='Phút'])[1]/following::button[1]'.

2022-01-18 00:38:40 - [MESSAGE][PASSED] - Object: 'Object Repository/Create course/Page_CNPM Danh sch thnh vin/button_Ghi danh ngi dng_1' is clicked on

2022-01-18 00:38:40 - [TEST_STEP][PASSED] - click(findTestObject("Object Repository/Utils/Page_CNPM Danh sch thnh vin/span_CNPM")): Object: 'Object Repository/Utils/Page_CNPM Danh sch thnh vin/span_CNPM' is clicked on

2022-01-18 00:38:43 - [MESSAGE][PASSED] - Object: 'Object Repository/Utils/Page_CNPM Danh sch thnh vin/span_CNPM' is clicked on

2022-01-18 00:38:43 - [TEST_STEP][PASSED] - click(findTestObject("Create folder and quiz/Page_CNPM Danh sch thnh vin/a_Qun tr Thnh vin")): Object: 'Object Repository/Create folder and quiz/Page_CNPM Danh sch thnh vin/a_Qun tr Thnh vin' is clicked on

2022-01-18 00:38:43 - [MESSAGE][PASSED] - Object: 'Object Repository/Create folder and quiz/Page_CNPM Danh sch thnh vin/a_Qun tr Thnh vin' is clicked on

2022-01-18 00:38:43 - [TEST_STEP][PASSED] - click(findTestObject("Create folder and quiz/Page_CNPM Danh sch thnh vin/span_Thot")): Object: 'Object Repository/Create folder and quiz/Page_CNPM Danh sch thnh vin/span_Thot' is clicked on

2022-01-18 00:38:45 - [MESSAGE][PASSED] - Object: 'Object Repository/Create folder and quiz/Page_CNPM Danh sch thnh vin/span_Thot' is clicked on

2022-01-18 00:38:45 - [MESSAGE][INFO] - 

2022-01-18 00:38:45 - [MESSAGE][INFO] - ===================== Self-healing Report ====================

2022-01-18 00:38:45 - [MESSAGE][INFO] - One of the failed test object locators has been recovered by Self-healing. Please refer to the Self-healing Insights tab for more details.

2022-01-18 00:38:45 - [MESSAGE][INFO] - To learn more about Self-healing, please read https://docs.katalon.com/katalon-studio/docs/self-healing.html

2022-01-18 00:38:45 - [MESSAGE][INFO] - ==============================================================

2022-01-18 00:38:45 - [MESSAGE][PASSED] - Call Test Case 'Test Cases/Utils/Create course CNPM' successfully

2022-01-18 00:38:45 - [TEST_STEP][PASSED] - callTestCase(findTestCase("Utils/Login as teacher"), [:], STOP_ON_FAILURE): Call Test Case 'Test Cases/Utils/Login as teacher' successfully

2022-01-18 00:38:45 - [TEST_CASE][PASSED] - Test Cases/Utils/Login as teacher: Test Cases/Utils/Login as teacher

2022-01-18 00:38:45 - [TEST_STEP][PASSED] - click(findTestObject("Create folder and quiz/Page_Local Moodle/a_Log in")): Object: 'Object Repository/Create folder and quiz/Page_Local Moodle/a_Log in' is clicked on

2022-01-18 00:38:46 - [MESSAGE][PASSED] - Object: 'Object Repository/Create folder and quiz/Page_Local Moodle/a_Log in' is clicked on

2022-01-18 00:38:46 - [TEST_STEP][PASSED] - setText(findTestObject("Object Repository/Create course/Page_New Moodle Site Log in to the site/input_Username_username"), "hs01"): Text 'hs01' is set on object 'Object Repository/Create course/Page_New Moodle Site Log in to the site/input_Username_username'

2022-01-18 00:38:47 - [MESSAGE][PASSED] - Text 'hs01' is set on object 'Object Repository/Create course/Page_New Moodle Site Log in to the site/input_Username_username'

2022-01-18 00:38:47 - [TEST_STEP][PASSED] - setEncryptedText(findTestObject("Object Repository/Create course/Page_New Moodle Site Log in to the site/input_Password_password"), "o5TCnEIIWq2SeGQhIMNXLQ=="): Text ****** has been set on object 'Object Repository/Create course/Page_New Moodle Site Log in to the site/input_Password_password'

2022-01-18 00:38:48 - [MESSAGE][PASSED] - Text ****** has been set on object 'Object Repository/Create course/Page_New Moodle Site Log in to the site/input_Password_password'

2022-01-18 00:38:48 - [TEST_STEP][PASSED] - click(findTestObject("Create folder and quiz/Page_Local Moodle Log in to the site/button_Log in")): Object: 'Object Repository/Create folder and quiz/Page_Local Moodle Log in to the site/button_Log in' is clicked on

2022-01-18 00:38:51 - [MESSAGE][PASSED] - Object: 'Object Repository/Create folder and quiz/Page_Local Moodle Log in to the site/button_Log in' is clicked on

2022-01-18 00:38:51 - [MESSAGE][INFO] - 

2022-01-18 00:38:51 - [MESSAGE][INFO] - ===================== Self-healing Report ====================

2022-01-18 00:38:51 - [MESSAGE][INFO] - One of the failed test object locators has been recovered by Self-healing. Please refer to the Self-healing Insights tab for more details.

2022-01-18 00:38:51 - [MESSAGE][INFO] - To learn more about Self-healing, please read https://docs.katalon.com/katalon-studio/docs/self-healing.html

2022-01-18 00:38:51 - [MESSAGE][INFO] - ==============================================================

2022-01-18 00:38:51 - [MESSAGE][PASSED] - Call Test Case 'Test Cases/Utils/Login as teacher' successfully

2022-01-18 00:38:51 - [TEST_STEP][PASSED] - click(findTestObject("Object Repository/Create folder and quiz/Page_Nh ca ti/span_Trang ch h thng")): Object: 'Object Repository/Create folder and quiz/Page_Nh ca ti/span_Trang ch h thng' is clicked on

2022-01-18 00:38:55 - [MESSAGE][PASSED] - Object: 'Object Repository/Create folder and quiz/Page_Nh ca ti/span_Trang ch h thng' is clicked on

2022-01-18 00:38:55 - [TEST_STEP][PASSED] - click(findTestObject("Object Repository/Create folder and quiz/Page_New Moodle Site/a_Nhp mn Cng ngh phn mm")): Object: 'Object Repository/Create folder and quiz/Page_New Moodle Site/a_Nhp mn Cng ngh phn mm' is clicked on

2022-01-18 00:38:57 - [MESSAGE][PASSED] - Object: 'Object Repository/Create folder and quiz/Page_New Moodle Site/a_Nhp mn Cng ngh phn mm' is clicked on

2022-01-18 00:38:57 - [TEST_STEP][PASSED] - click(findTestObject("Object Repository/Create folder and quiz/Page_Kha Nhp mn Cng ngh phn mm/button_Bt ch  chnh sa")): Object: 'Object Repository/Create folder and quiz/Page_Kha Nhp mn Cng ngh phn mm/button_Bt ch  chnh sa' is clicked on

2022-01-18 00:39:03 - [MESSAGE][INFO] - Unable to find the element located by 'By.xpath: //button[@id='single_button61e44f855865c1']'. Please recheck the objects properties to make sure the desired element is located. 

2022-01-18 00:39:03 - [MESSAGE][WARNING] - [SELF-HEALING] Failed to find element with id 'Object Repository/Create folder and quiz/Page_Kha Nhp mn Cng ngh phn mm/button_Bt ch  chnh sa'. Try using Self-healing.

2022-01-18 00:39:03 - [MESSAGE][WARNING] - [SELF-HEALING] The current locator of test object 'Object Repository/Create folder and quiz/Page_Kha Nhp mn Cng ngh phn mm/button_Bt ch  chnh sa' was broken. Propose an alternative one: '(.//*[normalize-space(text()) and normalize-space(.)='Các khoá học của tôi'])[2]/following::button[1]'.

2022-01-18 00:39:05 - [MESSAGE][PASSED] - Object: 'Object Repository/Create folder and quiz/Page_Kha Nhp mn Cng ngh phn mm/button_Bt ch  chnh sa' is clicked on

2022-01-18 00:39:05 - [TEST_STEP][PASSED] - click(findTestObject("Object Repository/Create folder and quiz/Page_Kha Nhp mn Cng ngh phn mm/span_Thm hot ng hoc ti nguyn")): Object: 'Object Repository/Create folder and quiz/Page_Kha Nhp mn Cng ngh phn mm/span_Thm hot ng hoc ti nguyn' is clicked on

2022-01-18 00:39:11 - [MESSAGE][INFO] - Unable to find the element located by 'By.xpath: //*[@id = 'yui_3_17_2_1_1642352521094_616' and (text() = 'Thêm hoạt động hoặc tài nguyên' or . = 'Thêm hoạt động hoặc tài nguyên')]'. Please recheck the objects properties to make sure the desired element is located. 

2022-01-18 00:39:11 - [MESSAGE][WARNING] - [SELF-HEALING] Failed to find element with id 'Object Repository/Create folder and quiz/Page_Kha Nhp mn Cng ngh phn mm/span_Thm hot ng hoc ti nguyn'. Try using Self-healing.

2022-01-18 00:39:11 - [MESSAGE][WARNING] - [SELF-HEALING] The current locator of test object 'Object Repository/Create folder and quiz/Page_Kha Nhp mn Cng ngh phn mm/span_Thm hot ng hoc ti nguyn' was broken. Propose an alternative one: '(.//*[normalize-space(text()) and normalize-space(.)='Chủ đề 1'])[2]/following::span[3]'.

2022-01-18 00:39:11 - [MESSAGE][PASSED] - Object: 'Object Repository/Create folder and quiz/Page_Kha Nhp mn Cng ngh phn mm/span_Thm hot ng hoc ti nguyn' is clicked on

2022-01-18 00:39:11 - [TEST_STEP][PASSED] - click(findTestObject("Create folder and quiz/Page_Kha Nhp mn Cng ngh phn mm/div_Thng tin v  Trang hot ng_optionicon mt-_99da1e")): Object: 'Object Repository/Create folder and quiz/Page_Kha Nhp mn Cng ngh phn mm/div_Thng tin v  Trang hot ng_optionicon mt-_99da1e' is clicked on

2022-01-18 00:39:17 - [MESSAGE][PASSED] - Object: 'Object Repository/Create folder and quiz/Page_Kha Nhp mn Cng ngh phn mm/div_Thng tin v  Trang hot ng_optionicon mt-_99da1e' is clicked on

2022-01-18 00:39:17 - [TEST_STEP][PASSED] - click(findTestObject("Create folder and quiz/Page_Bin son Trc nghim/input_Upon activity completion_submitbutton")): Object: 'Object Repository/Create folder and quiz/Page_Bin son Trc nghim/input_Upon activity completion_submitbutton' is clicked on

2022-01-18 00:39:19 - [MESSAGE][PASSED] - Object: 'Object Repository/Create folder and quiz/Page_Bin son Trc nghim/input_Upon activity completion_submitbutton' is clicked on

2022-01-18 00:39:19 - [TEST_STEP][PASSED] - verifyElementText(findTestObject("Create folder and quiz/Page_Bin son Trc nghim/div_- You must supply a value here"), "- You must supply a value here."): Actual text and expected text of test object 'Object Repository/Create folder and quiz/Page_Bin son Trc nghim/div_- You must supply a value here' are matched.

2022-01-18 00:39:19 - [MESSAGE][PASSED] - Actual text and expected text of test object 'Object Repository/Create folder and quiz/Page_Bin son Trc nghim/div_- You must supply a value here' are matched.

2022-01-18 00:39:19 - [TEST_STEP][PASSED] - click(findTestObject("Object Repository/Create course/Page_Nh ca ti/a_Nguyen Van A")): Object: 'Object Repository/Create course/Page_Nh ca ti/a_Nguyen Van A' is clicked on

2022-01-18 00:39:20 - [MESSAGE][PASSED] - Object: 'Object Repository/Create course/Page_Nh ca ti/a_Nguyen Van A' is clicked on

2022-01-18 00:39:20 - [TEST_STEP][PASSED] - click(findTestObject("Object Repository/Create course/Page_Nh ca ti/span_Thot")): Object: 'Object Repository/Create course/Page_Nh ca ti/span_Thot' is clicked on

2022-01-18 00:39:22 - [MESSAGE][PASSED] - Object: 'Object Repository/Create course/Page_Nh ca ti/span_Thot' is clicked on

2022-01-18 00:39:22 - [TEST_STEP][PASSED] - callTestCase(findTestCase("Utils/Delete course CNPM"), [:], STOP_ON_FAILURE): Call Test Case 'Test Cases/Utils/Delete course CNPM' successfully

2022-01-18 00:39:22 - [TEST_CASE][PASSED] - Test Cases/Utils/Delete course CNPM: Test Cases/Utils/Delete course CNPM

2022-01-18 00:39:22 - [TEST_STEP][PASSED] - callTestCase(findTestCase("Utils/Login as admin"), [:], STOP_ON_FAILURE): Call Test Case 'Test Cases/Utils/Login as admin' successfully

2022-01-18 00:39:22 - [TEST_CASE][PASSED] - Test Cases/Utils/Login as admin: Test Cases/Utils/Login as admin

2022-01-18 00:39:22 - [TEST_STEP][PASSED] - click(findTestObject("View course grade/Page_Local Moodle/a_Log in")): Object: 'Object Repository/View course grade/Page_Local Moodle/a_Log in' is clicked on

2022-01-18 00:39:23 - [MESSAGE][PASSED] - Object: 'Object Repository/View course grade/Page_Local Moodle/a_Log in' is clicked on

2022-01-18 00:39:23 - [TEST_STEP][PASSED] - setText(findTestObject("View course grade/Page_Local Moodle Log in to the site/input_Username_username"), "admin"): Text 'admin' is set on object 'Object Repository/View course grade/Page_Local Moodle Log in to the site/input_Username_username'

2022-01-18 00:39:24 - [MESSAGE][PASSED] - Text 'admin' is set on object 'Object Repository/View course grade/Page_Local Moodle Log in to the site/input_Username_username'

2022-01-18 00:39:24 - [TEST_STEP][PASSED] - setEncryptedText(findTestObject("View course grade/Page_Local Moodle Log in to the site/input_Password_password"), "bfAykA/oWJ09FXmiKh6lyuuLu8QhG1K5"): Text ****** has been set on object 'Object Repository/View course grade/Page_Local Moodle Log in to the site/input_Password_password'

2022-01-18 00:39:25 - [MESSAGE][PASSED] - Text ****** has been set on object 'Object Repository/View course grade/Page_Local Moodle Log in to the site/input_Password_password'

2022-01-18 00:39:25 - [TEST_STEP][PASSED] - click(findTestObject("View course grade/Page_Local Moodle Log in to the site/button_Log in")): Object: 'Object Repository/View course grade/Page_Local Moodle Log in to the site/button_Log in' is clicked on

2022-01-18 00:39:28 - [MESSAGE][PASSED] - Object: 'Object Repository/View course grade/Page_Local Moodle Log in to the site/button_Log in' is clicked on

2022-01-18 00:39:28 - [MESSAGE][INFO] - 

2022-01-18 00:39:28 - [MESSAGE][INFO] - ===================== Self-healing Report ====================

2022-01-18 00:39:28 - [MESSAGE][INFO] - One of the failed test object locators has been recovered by Self-healing. Please refer to the Self-healing Insights tab for more details.

2022-01-18 00:39:28 - [MESSAGE][INFO] - To learn more about Self-healing, please read https://docs.katalon.com/katalon-studio/docs/self-healing.html

2022-01-18 00:39:28 - [MESSAGE][INFO] - ==============================================================

2022-01-18 00:39:28 - [MESSAGE][PASSED] - Call Test Case 'Test Cases/Utils/Login as admin' successfully

2022-01-18 00:39:28 - [TEST_STEP][PASSED] - click(findTestObject("Object Repository/Create course/Page_Nh ca ti/span_Qun tr khu vc")): Object: 'Object Repository/Create course/Page_Nh ca ti/span_Qun tr khu vc' is clicked on

2022-01-18 00:39:34 - [MESSAGE][PASSED] - Object: 'Object Repository/Create course/Page_Nh ca ti/span_Qun tr khu vc' is clicked on

2022-01-18 00:39:34 - [TEST_STEP][PASSED] - click(findTestObject("Object Repository/Create course/Page_Moodle Khu vc qun tr Tm kim/a_Kho hc")): Object: 'Object Repository/Create course/Page_Moodle Khu vc qun tr Tm kim/a_Kho hc' is clicked on

2022-01-18 00:39:35 - [MESSAGE][PASSED] - Object: 'Object Repository/Create course/Page_Moodle Khu vc qun tr Tm kim/a_Kho hc' is clicked on

2022-01-18 00:39:35 - [TEST_STEP][PASSED] - click(findTestObject("Object Repository/Create course/Page_Moodle Khu vc qun tr Tm kim/a_Thmsa cc kho hc")): Object: 'Object Repository/Create course/Page_Moodle Khu vc qun tr Tm kim/a_Thmsa cc kho hc' is clicked on

2022-01-18 00:39:36 - [MESSAGE][PASSED] - Object: 'Object Repository/Create course/Page_Moodle Khu vc qun tr Tm kim/a_Thmsa cc kho hc' is clicked on

2022-01-18 00:39:36 - [TEST_STEP][PASSED] - click(findTestObject("Object Repository/Create course/Page_Qun l kha hc v danh mc kha hc/div_La chn hnh ng hng lot Nhp mn Cng ngh ph_52747d")): Object: 'Object Repository/Create course/Page_Qun l kha hc v danh mc kha hc/div_La chn hnh ng hng lot Nhp mn Cng ngh ph_52747d' is clicked on

2022-01-18 00:39:43 - [MESSAGE][INFO] - Unable to find the element located by 'By.xpath: //div[@id='yui_3_17_2_1_1641378024996_198']'. Please recheck the objects properties to make sure the desired element is located. 

2022-01-18 00:39:43 - [MESSAGE][WARNING] - [SELF-HEALING] Failed to find element with id 'Object Repository/Create course/Page_Qun l kha hc v danh mc kha hc/div_La chn hnh ng hng lot Nhp mn Cng ngh ph_52747d'. Try using Self-healing.

2022-01-18 00:39:43 - [MESSAGE][WARNING] - [SELF-HEALING] The current locator of test object 'Object Repository/Create course/Page_Qun l kha hc v danh mc kha hc/div_La chn hnh ng hng lot Nhp mn Cng ngh ph_52747d' was broken. Propose an alternative one: '(.//*[normalize-space(text()) and normalize-space(.)='Tất cả'])[1]/following::div[1]'.

2022-01-18 00:39:45 - [MESSAGE][PASSED] - Object: 'Object Repository/Create course/Page_Qun l kha hc v danh mc kha hc/div_La chn hnh ng hng lot Nhp mn Cng ngh ph_52747d' is clicked on

2022-01-18 00:39:45 - [TEST_STEP][PASSED] - click(findTestObject("Object Repository/Create course/Page_Qun l kha hc v danh mc kha hc/a_Nhp mn Cng ngh phn mm")): Object: 'Object Repository/Create course/Page_Qun l kha hc v danh mc kha hc/a_Nhp mn Cng ngh phn mm' is clicked on

2022-01-18 00:39:51 - [MESSAGE][INFO] - Unable to find the element located by 'By.xpath: //a[@id='yui_3_17_2_1_1641378024996_202']'. Please recheck the objects properties to make sure the desired element is located. 

2022-01-18 00:39:51 - [MESSAGE][WARNING] - [SELF-HEALING] Failed to find element with id 'Object Repository/Create course/Page_Qun l kha hc v danh mc kha hc/a_Nhp mn Cng ngh phn mm'. Try using Self-healing.

2022-01-18 00:39:52 - [MESSAGE][WARNING] - [SELF-HEALING] The current locator of test object 'Object Repository/Create course/Page_Qun l kha hc v danh mc kha hc/a_Nhp mn Cng ngh phn mm' was broken. Propose an alternative one: '//a[contains(text(),'Nhập môn Công nghệ phần mềm')]'.

2022-01-18 00:39:53 - [MESSAGE][PASSED] - Object: 'Object Repository/Create course/Page_Qun l kha hc v danh mc kha hc/a_Nhp mn Cng ngh phn mm' is clicked on

2022-01-18 00:39:53 - [TEST_STEP][PASSED] - click(findTestObject("Object Repository/Create course/Page_Qun l kha hc v danh mc kha hc/a_Xo")): Object: 'Object Repository/Create course/Page_Qun l kha hc v danh mc kha hc/a_Xo' is clicked on

2022-01-18 00:40:00 - [MESSAGE][INFO] - Unable to find the element located by 'By.xpath: //a[@id='action_link61d570ff7b02a61']'. Please recheck the objects properties to make sure the desired element is located. 

2022-01-18 00:40:00 - [MESSAGE][WARNING] - [SELF-HEALING] Failed to find element with id 'Object Repository/Create course/Page_Qun l kha hc v danh mc kha hc/a_Xo'. Try using Self-healing.

2022-01-18 00:40:00 - [MESSAGE][WARNING] - [SELF-HEALING] The current locator of test object 'Object Repository/Create course/Page_Qun l kha hc v danh mc kha hc/a_Xo' was broken. Propose an alternative one: '//div[@id='course-detail']/div/div[2]/div/a[4]'.

2022-01-18 00:40:01 - [MESSAGE][PASSED] - Object: 'Object Repository/Create course/Page_Qun l kha hc v danh mc kha hc/a_Xo' is clicked on

2022-01-18 00:40:01 - [TEST_STEP][PASSED] - click(findTestObject("Object Repository/Create course/Page_Moodle Xo CNPM/button_Xo")): Object: 'Object Repository/Create course/Page_Moodle Xo CNPM/button_Xo' is clicked on

2022-01-18 00:40:07 - [MESSAGE][INFO] - Unable to find the element located by 'By.xpath: //button[@id='single_button61dfb22f3a4de19']'. Please recheck the objects properties to make sure the desired element is located. 

2022-01-18 00:40:07 - [MESSAGE][WARNING] - [SELF-HEALING] Failed to find element with id 'Object Repository/Create course/Page_Moodle Xo CNPM/button_Xo'. Try using Self-healing.

2022-01-18 00:40:08 - [MESSAGE][WARNING] - [SELF-HEALING] The current locator of test object 'Object Repository/Create course/Page_Moodle Xo CNPM/button_Xo' was broken. Propose an alternative one: '//div[@id='modal-footer']/div/div/form/button'.

2022-01-18 00:40:09 - [MESSAGE][PASSED] - Object: 'Object Repository/Create course/Page_Moodle Xo CNPM/button_Xo' is clicked on

2022-01-18 00:40:09 - [TEST_STEP][PASSED] - click(findTestObject("Object Repository/Create course/Page_Moodle Xo CNPM/button_Tip tc")): Object: 'Object Repository/Create course/Page_Moodle Xo CNPM/button_Tip tc' is clicked on

2022-01-18 00:40:16 - [MESSAGE][INFO] - Unable to find the element located by 'By.xpath: //button[@id='single_button61d571098d12119']'. Please recheck the objects properties to make sure the desired element is located. 

2022-01-18 00:40:16 - [MESSAGE][WARNING] - [SELF-HEALING] Failed to find element with id 'Object Repository/Create course/Page_Moodle Xo CNPM/button_Tip tc'. Try using Self-healing.

2022-01-18 00:40:16 - [MESSAGE][WARNING] - [SELF-HEALING] The current locator of test object 'Object Repository/Create course/Page_Moodle Xo CNPM/button_Tip tc' was broken. Propose an alternative one: '(.//*[normalize-space(text()) and normalize-space(.)='CNPM đã được xoá hoàn toàn'])[1]/following::button[1]'.

2022-01-18 00:40:17 - [MESSAGE][PASSED] - Object: 'Object Repository/Create course/Page_Moodle Xo CNPM/button_Tip tc' is clicked on

2022-01-18 00:40:17 - [MESSAGE][INFO] - 

2022-01-18 00:40:17 - [MESSAGE][INFO] - ===================== Self-healing Report ====================

2022-01-18 00:40:17 - [MESSAGE][INFO] - One of the failed test object locators has been recovered by Self-healing. Please refer to the Self-healing Insights tab for more details.

2022-01-18 00:40:17 - [MESSAGE][INFO] - To learn more about Self-healing, please read https://docs.katalon.com/katalon-studio/docs/self-healing.html

2022-01-18 00:40:17 - [MESSAGE][INFO] - ==============================================================

2022-01-18 00:40:17 - [MESSAGE][PASSED] - Call Test Case 'Test Cases/Utils/Delete course CNPM' successfully

2022-01-18 00:40:17 - [TEST_STEP][PASSED] - closeBrowser(): Browser is closed

2022-01-18 00:40:19 - [MESSAGE][PASSED] - Browser is closed]]></system-out>
         <system-err><![CDATA[]]></system-err>
      </testcase>
      <testcase name="Test Cases/Create folder and quiz/Create quiz" time="312.367" classname="Test Cases/Create folder and quiz/Create quiz" status="PASSED">
         <system-out><![CDATA[2022-01-18 00:40:19 - [TEST_CASE][PASSED] - Test Cases/Create folder and quiz/Create quiz: Test Cases/Create folder and quiz/Create quiz

2022-01-18 00:40:20 - [TEST_STEP][PASSED] - openBrowser(""): Browser is opened with url: ''

2022-01-18 00:40:20 - [MESSAGE][INFO] - Starting 'Edge Chromium' driver

2022-01-18 00:40:22 - [MESSAGE][INFO] - Action delay is set to 0 milliseconds

2022-01-18 00:40:24 - [MESSAGE][PASSED] - Browser is opened with url: ''

2022-01-18 00:40:24 - [TEST_STEP][PASSED] - navigateToUrl("http://localhost/"): Navigate to 'http://localhost/' successfully

2022-01-18 00:40:26 - [MESSAGE][PASSED] - Navigate to 'http://localhost/' successfully

2022-01-18 00:40:26 - [TEST_STEP][PASSED] - callTestCase(findTestCase("Utils/Create course CNPM"), [:], STOP_ON_FAILURE): Call Test Case 'Test Cases/Utils/Create course CNPM' successfully

2022-01-18 00:40:26 - [TEST_CASE][PASSED] - Test Cases/Utils/Create course CNPM: Test Cases/Utils/Create course CNPM

2022-01-18 00:40:26 - [TEST_STEP][PASSED] - callTestCase(findTestCase("Utils/Login as admin"), [:], STOP_ON_FAILURE): Call Test Case 'Test Cases/Utils/Login as admin' successfully

2022-01-18 00:40:26 - [TEST_CASE][PASSED] - Test Cases/Utils/Login as admin: Test Cases/Utils/Login as admin

2022-01-18 00:40:26 - [TEST_STEP][PASSED] - click(findTestObject("View course grade/Page_Local Moodle/a_Log in")): Object: 'Object Repository/View course grade/Page_Local Moodle/a_Log in' is clicked on

2022-01-18 00:40:28 - [MESSAGE][PASSED] - Object: 'Object Repository/View course grade/Page_Local Moodle/a_Log in' is clicked on

2022-01-18 00:40:28 - [TEST_STEP][PASSED] - setText(findTestObject("View course grade/Page_Local Moodle Log in to the site/input_Username_username"), "admin"): Text 'admin' is set on object 'Object Repository/View course grade/Page_Local Moodle Log in to the site/input_Username_username'

2022-01-18 00:40:29 - [MESSAGE][PASSED] - Text 'admin' is set on object 'Object Repository/View course grade/Page_Local Moodle Log in to the site/input_Username_username'

2022-01-18 00:40:29 - [TEST_STEP][PASSED] - setEncryptedText(findTestObject("View course grade/Page_Local Moodle Log in to the site/input_Password_password"), "bfAykA/oWJ09FXmiKh6lyuuLu8QhG1K5"): Text ****** has been set on object 'Object Repository/View course grade/Page_Local Moodle Log in to the site/input_Password_password'

2022-01-18 00:40:30 - [MESSAGE][PASSED] - Text ****** has been set on object 'Object Repository/View course grade/Page_Local Moodle Log in to the site/input_Password_password'

2022-01-18 00:40:30 - [TEST_STEP][PASSED] - click(findTestObject("View course grade/Page_Local Moodle Log in to the site/button_Log in")): Object: 'Object Repository/View course grade/Page_Local Moodle Log in to the site/button_Log in' is clicked on

2022-01-18 00:40:33 - [MESSAGE][PASSED] - Object: 'Object Repository/View course grade/Page_Local Moodle Log in to the site/button_Log in' is clicked on

2022-01-18 00:40:33 - [MESSAGE][PASSED] - Call Test Case 'Test Cases/Utils/Login as admin' successfully

2022-01-18 00:40:33 - [TEST_STEP][PASSED] - click(findTestObject("Object Repository/Utils/Page_Nh ca ti/span_Qun tr khu vc")): Object: 'Object Repository/Utils/Page_Nh ca ti/span_Qun tr khu vc' is clicked on

2022-01-18 00:40:38 - [MESSAGE][PASSED] - Object: 'Object Repository/Utils/Page_Nh ca ti/span_Qun tr khu vc' is clicked on

2022-01-18 00:40:38 - [TEST_STEP][PASSED] - click(findTestObject("Object Repository/Utils/Page_Moodle Khu vc qun tr Tm kim/a_Kho hc")): Object: 'Object Repository/Utils/Page_Moodle Khu vc qun tr Tm kim/a_Kho hc' is clicked on

2022-01-18 00:40:39 - [MESSAGE][PASSED] - Object: 'Object Repository/Utils/Page_Moodle Khu vc qun tr Tm kim/a_Kho hc' is clicked on

2022-01-18 00:40:39 - [TEST_STEP][PASSED] - click(findTestObject("Object Repository/Utils/Page_Moodle Khu vc qun tr Tm kim/a_Thmsa cc kho hc")): Object: 'Object Repository/Utils/Page_Moodle Khu vc qun tr Tm kim/a_Thmsa cc kho hc' is clicked on

2022-01-18 00:40:41 - [MESSAGE][PASSED] - Object: 'Object Repository/Utils/Page_Moodle Khu vc qun tr Tm kim/a_Thmsa cc kho hc' is clicked on

2022-01-18 00:40:41 - [TEST_STEP][PASSED] - click(findTestObject("Object Repository/Utils/Page_Qun l kha hc v danh mc kha hc/a_To kha hc mi")): Object: 'Object Repository/Utils/Page_Qun l kha hc v danh mc kha hc/a_To kha hc mi' is clicked on

2022-01-18 00:40:47 - [MESSAGE][INFO] - Unable to find the element located by 'By.xpath: //div[@id='yui_3_17_2_1_1641906891631_57']/div/div/a'. Please recheck the objects properties to make sure the desired element is located. 

2022-01-18 00:40:47 - [MESSAGE][WARNING] - [SELF-HEALING] Failed to find element with id 'Object Repository/Utils/Page_Qun l kha hc v danh mc kha hc/a_To kha hc mi'. Try using Self-healing.

2022-01-18 00:40:48 - [MESSAGE][WARNING] - [SELF-HEALING] The current locator of test object 'Object Repository/Utils/Page_Qun l kha hc v danh mc kha hc/a_To kha hc mi' was broken. Propose an alternative one: '//a[contains(text(),'Tạo khóa học mới')]'.

2022-01-18 00:40:52 - [MESSAGE][PASSED] - Object: 'Object Repository/Utils/Page_Qun l kha hc v danh mc kha hc/a_To kha hc mi' is clicked on

2022-01-18 00:40:52 - [TEST_STEP][PASSED] - setText(findTestObject("Object Repository/Utils/Page_Moodle Thm kho hc mi/input_Tn y_fullname"), "Nhập môn Công nghệ phần mềm"): Text 'Nhập môn Công nghệ phần mềm' is set on object 'Object Repository/Utils/Page_Moodle Thm kho hc mi/input_Tn y_fullname'

2022-01-18 00:40:54 - [MESSAGE][PASSED] - Text 'Nhập môn Công nghệ phần mềm' is set on object 'Object Repository/Utils/Page_Moodle Thm kho hc mi/input_Tn y_fullname'

2022-01-18 00:40:54 - [TEST_STEP][PASSED] - setText(findTestObject("Object Repository/Utils/Page_Moodle Thm kho hc mi/input_Tn rt gn ca kho hc_shortname"), "CNPM"): Text 'CNPM' is set on object 'Object Repository/Utils/Page_Moodle Thm kho hc mi/input_Tn rt gn ca kho hc_shortname'

2022-01-18 00:40:55 - [MESSAGE][PASSED] - Text 'CNPM' is set on object 'Object Repository/Utils/Page_Moodle Thm kho hc mi/input_Tn rt gn ca kho hc_shortname'

2022-01-18 00:40:55 - [TEST_STEP][PASSED] - click(findTestObject("Object Repository/Utils/Page_Moodle Thm kho hc mi/input__saveanddisplay")): Object: 'Object Repository/Utils/Page_Moodle Thm kho hc mi/input__saveanddisplay' is clicked on

2022-01-18 00:40:58 - [MESSAGE][PASSED] - Object: 'Object Repository/Utils/Page_Moodle Thm kho hc mi/input__saveanddisplay' is clicked on

2022-01-18 00:40:58 - [TEST_STEP][PASSED] - click(findTestObject("Object Repository/Utils/Page_CNPM Danh sch thnh vin/input_Danh sch thnh vin_btn btn-secondary my-1")): Object: 'Object Repository/Utils/Page_CNPM Danh sch thnh vin/input_Danh sch thnh vin_btn btn-secondary my-1' is clicked on

2022-01-18 00:40:59 - [MESSAGE][PASSED] - Object: 'Object Repository/Utils/Page_CNPM Danh sch thnh vin/input_Danh sch thnh vin_btn btn-secondary my-1' is clicked on

2022-01-18 00:40:59 - [TEST_STEP][PASSED] - click(findTestObject("Object Repository/Utils/Page_CNPM Danh sch thnh vin/span_")): Object: 'Object Repository/Utils/Page_CNPM Danh sch thnh vin/span_' is clicked on

2022-01-18 00:41:05 - [MESSAGE][INFO] - Unable to find the element located by 'By.xpath: //span[@id='form_autocomplete_downarrow-1641965227117']'. Please recheck the objects properties to make sure the desired element is located. 

2022-01-18 00:41:05 - [MESSAGE][WARNING] - [SELF-HEALING] Failed to find element with id 'Object Repository/Utils/Page_CNPM Danh sch thnh vin/span_'. Try using Self-healing.

2022-01-18 00:41:06 - [MESSAGE][WARNING] - [SELF-HEALING] The current locator of test object 'Object Repository/Utils/Page_CNPM Danh sch thnh vin/span_' was broken. Propose an alternative one: '//div[@id='fitem_id_userlist']/div[2]/div[3]/span'.

2022-01-18 00:41:06 - [MESSAGE][PASSED] - Object: 'Object Repository/Utils/Page_CNPM Danh sch thnh vin/span_' is clicked on

2022-01-18 00:41:06 - [TEST_STEP][PASSED] - click(findTestObject("Object Repository/Utils/Page_CNPM Danh sch thnh vin/span_Student Nguyen")): Object: 'Object Repository/Utils/Page_CNPM Danh sch thnh vin/span_Student Nguyen' is clicked on

2022-01-18 00:41:13 - [MESSAGE][INFO] - Unable to find the element located by 'By.xpath: //li[@id='form_autocomplete_suggestions-1641965227117-0']/span/span'. Please recheck the objects properties to make sure the desired element is located. 

2022-01-18 00:41:13 - [MESSAGE][WARNING] - [SELF-HEALING] Failed to find element with id 'Object Repository/Utils/Page_CNPM Danh sch thnh vin/span_Student Nguyen'. Try using Self-healing.

2022-01-18 00:41:13 - [MESSAGE][WARNING] - [SELF-HEALING] The current locator of test object 'Object Repository/Utils/Page_CNPM Danh sch thnh vin/span_Student Nguyen' was broken. Propose an alternative one: '(.//*[normalize-space(text()) and normalize-space(.)='student@gmail.com'])[2]/preceding::span[1]'.

2022-01-18 00:41:13 - [MESSAGE][PASSED] - Object: 'Object Repository/Utils/Page_CNPM Danh sch thnh vin/span_Student Nguyen' is clicked on

2022-01-18 00:41:13 - [TEST_STEP][PASSED] - click(findTestObject("Object Repository/Utils/Page_CNPM Danh sch thnh vin/button_Ghi danh ngi dng")): Object: 'Object Repository/Utils/Page_CNPM Danh sch thnh vin/button_Ghi danh ngi dng' is clicked on

2022-01-18 00:41:19 - [MESSAGE][INFO] - Unable to find the element located by 'By.xpath: //button[@id='yui_3_17_2_1_1641965226678_264']'. Please recheck the objects properties to make sure the desired element is located. 

2022-01-18 00:41:19 - [MESSAGE][WARNING] - [SELF-HEALING] Failed to find element with id 'Object Repository/Utils/Page_CNPM Danh sch thnh vin/button_Ghi danh ngi dng'. Try using Self-healing.

2022-01-18 00:41:20 - [MESSAGE][WARNING] - [SELF-HEALING] The current locator of test object 'Object Repository/Utils/Page_CNPM Danh sch thnh vin/button_Ghi danh ngi dng' was broken. Propose an alternative one: '(.//*[normalize-space(text()) and normalize-space(.)='Phút'])[1]/following::button[1]'.

2022-01-18 00:41:20 - [MESSAGE][PASSED] - Object: 'Object Repository/Utils/Page_CNPM Danh sch thnh vin/button_Ghi danh ngi dng' is clicked on

2022-01-18 00:41:20 - [TEST_STEP][PASSED] - click(findTestObject("Object Repository/Utils/Page_CNPM Danh sch thnh vin/input_Danh sch thnh vin_btn btn-secondary my-1")): Object: 'Object Repository/Utils/Page_CNPM Danh sch thnh vin/input_Danh sch thnh vin_btn btn-secondary my-1' is clicked on

2022-01-18 00:41:22 - [MESSAGE][PASSED] - Object: 'Object Repository/Utils/Page_CNPM Danh sch thnh vin/input_Danh sch thnh vin_btn btn-secondary my-1' is clicked on

2022-01-18 00:41:22 - [TEST_STEP][PASSED] - selectOptionByValue(findTestObject("Object Repository/Create course/Page_CNPM Danh sch thnh vin/select_Ngi qun l            Gio vin        _4311d9"), "3", true): All options with value '3' are selected in object 'Object Repository/Create course/Page_CNPM Danh sch thnh vin/select_Ngi qun l            Gio vin        _4311d9'  using regular expression

2022-01-18 00:41:24 - [MESSAGE][PASSED] - All options with value '3' are selected in object 'Object Repository/Create course/Page_CNPM Danh sch thnh vin/select_Ngi qun l            Gio vin        _4311d9'  using regular expression

2022-01-18 00:41:24 - [TEST_STEP][PASSED] - click(findTestObject("Object Repository/Utils/Page_CNPM Danh sch thnh vin/span_")): Object: 'Object Repository/Utils/Page_CNPM Danh sch thnh vin/span_' is clicked on

2022-01-18 00:41:30 - [MESSAGE][INFO] - Unable to find the element located by 'By.xpath: //span[@id='form_autocomplete_downarrow-1641965227117']'. Please recheck the objects properties to make sure the desired element is located. 

2022-01-18 00:41:30 - [MESSAGE][WARNING] - [SELF-HEALING] Failed to find element with id 'Object Repository/Utils/Page_CNPM Danh sch thnh vin/span_'. Try using Self-healing.

2022-01-18 00:41:31 - [MESSAGE][WARNING] - [SELF-HEALING] The current locator of test object 'Object Repository/Utils/Page_CNPM Danh sch thnh vin/span_' was broken. Propose an alternative one: '//div[@id='fitem_id_userlist']/div[2]/div[3]/span'.

2022-01-18 00:41:31 - [MESSAGE][PASSED] - Object: 'Object Repository/Utils/Page_CNPM Danh sch thnh vin/span_' is clicked on

2022-01-18 00:41:31 - [TEST_STEP][PASSED] - click(findTestObject("Object Repository/Create course/Page_CNPM Danh sch thnh vin/span_Nguyen Van A")): Object: 'Object Repository/Create course/Page_CNPM Danh sch thnh vin/span_Nguyen Van A' is clicked on

2022-01-18 00:41:38 - [MESSAGE][INFO] - Unable to find the element located by 'By.xpath: //li[@id='form_autocomplete_suggestions-1642350427588-0']/span/span'. Please recheck the objects properties to make sure the desired element is located. 

2022-01-18 00:41:38 - [MESSAGE][WARNING] - [SELF-HEALING] Failed to find element with id 'Object Repository/Create course/Page_CNPM Danh sch thnh vin/span_Nguyen Van A'. Try using Self-healing.

2022-01-18 00:41:38 - [MESSAGE][WARNING] - [SELF-HEALING] The current locator of test object 'Object Repository/Create course/Page_CNPM Danh sch thnh vin/span_Nguyen Van A' was broken. Propose an alternative one: '(.//*[normalize-space(text()) and normalize-space(.)='▼'])[1]/following::span[2]'.

2022-01-18 00:41:38 - [MESSAGE][PASSED] - Object: 'Object Repository/Create course/Page_CNPM Danh sch thnh vin/span_Nguyen Van A' is clicked on

2022-01-18 00:41:38 - [TEST_STEP][PASSED] - click(findTestObject("Object Repository/Create course/Page_CNPM Danh sch thnh vin/button_Ghi danh ngi dng_1")): Object: 'Object Repository/Create course/Page_CNPM Danh sch thnh vin/button_Ghi danh ngi dng_1' is clicked on

2022-01-18 00:41:44 - [MESSAGE][INFO] - Unable to find the element located by 'By.xpath: //button[@id='yui_3_17_2_1_1642348738650_377']'. Please recheck the objects properties to make sure the desired element is located. 

2022-01-18 00:41:44 - [MESSAGE][WARNING] - [SELF-HEALING] Failed to find element with id 'Object Repository/Create course/Page_CNPM Danh sch thnh vin/button_Ghi danh ngi dng_1'. Try using Self-healing.

2022-01-18 00:41:45 - [MESSAGE][WARNING] - [SELF-HEALING] The current locator of test object 'Object Repository/Create course/Page_CNPM Danh sch thnh vin/button_Ghi danh ngi dng_1' was broken. Propose an alternative one: '(.//*[normalize-space(text()) and normalize-space(.)='Phút'])[1]/following::button[1]'.

2022-01-18 00:41:45 - [MESSAGE][PASSED] - Object: 'Object Repository/Create course/Page_CNPM Danh sch thnh vin/button_Ghi danh ngi dng_1' is clicked on

2022-01-18 00:41:45 - [TEST_STEP][PASSED] - click(findTestObject("Object Repository/Utils/Page_CNPM Danh sch thnh vin/span_CNPM")): Object: 'Object Repository/Utils/Page_CNPM Danh sch thnh vin/span_CNPM' is clicked on

2022-01-18 00:41:48 - [MESSAGE][PASSED] - Object: 'Object Repository/Utils/Page_CNPM Danh sch thnh vin/span_CNPM' is clicked on

2022-01-18 00:41:48 - [TEST_STEP][PASSED] - click(findTestObject("Create folder and quiz/Page_CNPM Danh sch thnh vin/a_Qun tr Thnh vin")): Object: 'Object Repository/Create folder and quiz/Page_CNPM Danh sch thnh vin/a_Qun tr Thnh vin' is clicked on

2022-01-18 00:41:49 - [MESSAGE][PASSED] - Object: 'Object Repository/Create folder and quiz/Page_CNPM Danh sch thnh vin/a_Qun tr Thnh vin' is clicked on

2022-01-18 00:41:49 - [TEST_STEP][PASSED] - click(findTestObject("Create folder and quiz/Page_CNPM Danh sch thnh vin/span_Thot")): Object: 'Object Repository/Create folder and quiz/Page_CNPM Danh sch thnh vin/span_Thot' is clicked on

2022-01-18 00:41:51 - [MESSAGE][PASSED] - Object: 'Object Repository/Create folder and quiz/Page_CNPM Danh sch thnh vin/span_Thot' is clicked on

2022-01-18 00:41:51 - [MESSAGE][INFO] - 

2022-01-18 00:41:51 - [MESSAGE][INFO] - ===================== Self-healing Report ====================

2022-01-18 00:41:51 - [MESSAGE][INFO] - One of the failed test object locators has been recovered by Self-healing. Please refer to the Self-healing Insights tab for more details.

2022-01-18 00:41:51 - [MESSAGE][INFO] - To learn more about Self-healing, please read https://docs.katalon.com/katalon-studio/docs/self-healing.html

2022-01-18 00:41:51 - [MESSAGE][INFO] - ==============================================================

2022-01-18 00:41:51 - [MESSAGE][PASSED] - Call Test Case 'Test Cases/Utils/Create course CNPM' successfully

2022-01-18 00:41:51 - [TEST_STEP][PASSED] - callTestCase(findTestCase("Utils/Login as teacher"), [:], STOP_ON_FAILURE): Call Test Case 'Test Cases/Utils/Login as teacher' successfully

2022-01-18 00:41:51 - [TEST_CASE][PASSED] - Test Cases/Utils/Login as teacher: Test Cases/Utils/Login as teacher

2022-01-18 00:41:51 - [TEST_STEP][PASSED] - click(findTestObject("Create folder and quiz/Page_Local Moodle/a_Log in")): Object: 'Object Repository/Create folder and quiz/Page_Local Moodle/a_Log in' is clicked on

2022-01-18 00:41:52 - [MESSAGE][PASSED] - Object: 'Object Repository/Create folder and quiz/Page_Local Moodle/a_Log in' is clicked on

2022-01-18 00:41:52 - [TEST_STEP][PASSED] - setText(findTestObject("Object Repository/Create course/Page_New Moodle Site Log in to the site/input_Username_username"), "hs01"): Text 'hs01' is set on object 'Object Repository/Create course/Page_New Moodle Site Log in to the site/input_Username_username'

2022-01-18 00:41:54 - [MESSAGE][PASSED] - Text 'hs01' is set on object 'Object Repository/Create course/Page_New Moodle Site Log in to the site/input_Username_username'

2022-01-18 00:41:54 - [TEST_STEP][PASSED] - setEncryptedText(findTestObject("Object Repository/Create course/Page_New Moodle Site Log in to the site/input_Password_password"), "o5TCnEIIWq2SeGQhIMNXLQ=="): Text ****** has been set on object 'Object Repository/Create course/Page_New Moodle Site Log in to the site/input_Password_password'

2022-01-18 00:41:54 - [MESSAGE][PASSED] - Text ****** has been set on object 'Object Repository/Create course/Page_New Moodle Site Log in to the site/input_Password_password'

2022-01-18 00:41:54 - [TEST_STEP][PASSED] - click(findTestObject("Create folder and quiz/Page_Local Moodle Log in to the site/button_Log in")): Object: 'Object Repository/Create folder and quiz/Page_Local Moodle Log in to the site/button_Log in' is clicked on

2022-01-18 00:41:58 - [MESSAGE][PASSED] - Object: 'Object Repository/Create folder and quiz/Page_Local Moodle Log in to the site/button_Log in' is clicked on

2022-01-18 00:41:58 - [MESSAGE][INFO] - 

2022-01-18 00:41:58 - [MESSAGE][INFO] - ===================== Self-healing Report ====================

2022-01-18 00:41:58 - [MESSAGE][INFO] - One of the failed test object locators has been recovered by Self-healing. Please refer to the Self-healing Insights tab for more details.

2022-01-18 00:41:58 - [MESSAGE][INFO] - To learn more about Self-healing, please read https://docs.katalon.com/katalon-studio/docs/self-healing.html

2022-01-18 00:41:58 - [MESSAGE][INFO] - ==============================================================

2022-01-18 00:41:58 - [MESSAGE][PASSED] - Call Test Case 'Test Cases/Utils/Login as teacher' successfully

2022-01-18 00:41:58 - [TEST_STEP][PASSED] - click(findTestObject("Object Repository/Create folder and quiz/Page_Nh ca ti/span_Trang ch h thng")): Object: 'Object Repository/Create folder and quiz/Page_Nh ca ti/span_Trang ch h thng' is clicked on

2022-01-18 00:42:03 - [MESSAGE][PASSED] - Object: 'Object Repository/Create folder and quiz/Page_Nh ca ti/span_Trang ch h thng' is clicked on

2022-01-18 00:42:03 - [TEST_STEP][PASSED] - click(findTestObject("Object Repository/Create folder and quiz/Page_New Moodle Site/a_Nhp mn Cng ngh phn mm")): Object: 'Object Repository/Create folder and quiz/Page_New Moodle Site/a_Nhp mn Cng ngh phn mm' is clicked on

2022-01-18 00:42:04 - [MESSAGE][PASSED] - Object: 'Object Repository/Create folder and quiz/Page_New Moodle Site/a_Nhp mn Cng ngh phn mm' is clicked on

2022-01-18 00:42:04 - [TEST_STEP][PASSED] - click(findTestObject("Object Repository/Create folder and quiz/Page_Kha Nhp mn Cng ngh phn mm/button_Bt ch  chnh sa")): Object: 'Object Repository/Create folder and quiz/Page_Kha Nhp mn Cng ngh phn mm/button_Bt ch  chnh sa' is clicked on

2022-01-18 00:42:11 - [MESSAGE][INFO] - Unable to find the element located by 'By.xpath: //button[@id='single_button61e44f855865c1']'. Please recheck the objects properties to make sure the desired element is located. 

2022-01-18 00:42:11 - [MESSAGE][WARNING] - [SELF-HEALING] Failed to find element with id 'Object Repository/Create folder and quiz/Page_Kha Nhp mn Cng ngh phn mm/button_Bt ch  chnh sa'. Try using Self-healing.

2022-01-18 00:42:11 - [MESSAGE][WARNING] - [SELF-HEALING] The current locator of test object 'Object Repository/Create folder and quiz/Page_Kha Nhp mn Cng ngh phn mm/button_Bt ch  chnh sa' was broken. Propose an alternative one: '(.//*[normalize-space(text()) and normalize-space(.)='Các khoá học của tôi'])[2]/following::button[1]'.

2022-01-18 00:42:12 - [MESSAGE][PASSED] - Object: 'Object Repository/Create folder and quiz/Page_Kha Nhp mn Cng ngh phn mm/button_Bt ch  chnh sa' is clicked on

2022-01-18 00:42:12 - [TEST_STEP][PASSED] - click(findTestObject("Object Repository/Create folder and quiz/Page_Kha Nhp mn Cng ngh phn mm/span_Thm hot ng hoc ti nguyn")): Object: 'Object Repository/Create folder and quiz/Page_Kha Nhp mn Cng ngh phn mm/span_Thm hot ng hoc ti nguyn' is clicked on

2022-01-18 00:42:19 - [MESSAGE][INFO] - Unable to find the element located by 'By.xpath: //*[@id = 'yui_3_17_2_1_1642352521094_616' and (text() = 'Thêm hoạt động hoặc tài nguyên' or . = 'Thêm hoạt động hoặc tài nguyên')]'. Please recheck the objects properties to make sure the desired element is located. 

2022-01-18 00:42:19 - [MESSAGE][WARNING] - [SELF-HEALING] Failed to find element with id 'Object Repository/Create folder and quiz/Page_Kha Nhp mn Cng ngh phn mm/span_Thm hot ng hoc ti nguyn'. Try using Self-healing.

2022-01-18 00:42:19 - [MESSAGE][WARNING] - [SELF-HEALING] The current locator of test object 'Object Repository/Create folder and quiz/Page_Kha Nhp mn Cng ngh phn mm/span_Thm hot ng hoc ti nguyn' was broken. Propose an alternative one: '(.//*[normalize-space(text()) and normalize-space(.)='Chủ đề 1'])[2]/following::span[3]'.

2022-01-18 00:42:19 - [MESSAGE][PASSED] - Object: 'Object Repository/Create folder and quiz/Page_Kha Nhp mn Cng ngh phn mm/span_Thm hot ng hoc ti nguyn' is clicked on

2022-01-18 00:42:19 - [TEST_STEP][PASSED] - click(findTestObject("Create folder and quiz/Page_Kha Nhp mn Cng ngh phn mm/div_Thng tin v  Trang hot ng_optionicon mt-_99da1e")): Object: 'Object Repository/Create folder and quiz/Page_Kha Nhp mn Cng ngh phn mm/div_Thng tin v  Trang hot ng_optionicon mt-_99da1e' is clicked on

2022-01-18 00:42:25 - [MESSAGE][PASSED] - Object: 'Object Repository/Create folder and quiz/Page_Kha Nhp mn Cng ngh phn mm/div_Thng tin v  Trang hot ng_optionicon mt-_99da1e' is clicked on

2022-01-18 00:42:25 - [TEST_STEP][PASSED] - setText(findTestObject("Create folder and quiz/Page_Bin son Trc nghim/input_Tn_name"), "quiz1"): Text 'quiz1' is set on object 'Object Repository/Create folder and quiz/Page_Bin son Trc nghim/input_Tn_name'

2022-01-18 00:42:27 - [MESSAGE][PASSED] - Text 'quiz1' is set on object 'Object Repository/Create folder and quiz/Page_Bin son Trc nghim/input_Tn_name'

2022-01-18 00:42:27 - [TEST_STEP][PASSED] - click(findTestObject("Create folder and quiz/Page_Bin son Trc nghim/a_ang tnh gi")): Object: 'Object Repository/Create folder and quiz/Page_Bin son Trc nghim/a_ang tnh gi' is clicked on

2022-01-18 00:42:33 - [MESSAGE][INFO] - Unable to find the element located by 'By.xpath: //a[@id='yui_3_17_2_1_1641911940431_67']'. Please recheck the objects properties to make sure the desired element is located. 

2022-01-18 00:42:33 - [MESSAGE][WARNING] - [SELF-HEALING] Failed to find element with id 'Object Repository/Create folder and quiz/Page_Bin son Trc nghim/a_ang tnh gi'. Try using Self-healing.

2022-01-18 00:42:34 - [MESSAGE][WARNING] - [SELF-HEALING] The current locator of test object 'Object Repository/Create folder and quiz/Page_Bin son Trc nghim/a_ang tnh gi' was broken. Propose an alternative one: '//a[contains(text(),'Đang tính giờ')]'.

2022-01-18 00:42:34 - [MESSAGE][PASSED] - Object: 'Object Repository/Create folder and quiz/Page_Bin son Trc nghim/a_ang tnh gi' is clicked on

2022-01-18 00:42:34 - [TEST_STEP][PASSED] - click(findTestObject("Create folder and quiz/Page_Bin son Trc nghim/input_M_timeopenenabled")): Object: 'Object Repository/Create folder and quiz/Page_Bin son Trc nghim/input_M_timeopenenabled' is clicked on

2022-01-18 00:42:35 - [MESSAGE][PASSED] - Object: 'Object Repository/Create folder and quiz/Page_Bin son Trc nghim/input_M_timeopenenabled' is clicked on

2022-01-18 00:42:35 - [TEST_STEP][PASSED] - click(findTestObject("Create folder and quiz/Page_Bin son Trc nghim/a_Gii hn v bi lm c b sung")): Object: 'Object Repository/Create folder and quiz/Page_Bin son Trc nghim/a_Gii hn v bi lm c b sung' is clicked on

2022-01-18 00:42:41 - [MESSAGE][INFO] - Unable to find the element located by 'By.xpath: //a[@id='yui_3_17_2_1_1641911940431_95']'. Please recheck the objects properties to make sure the desired element is located. 

2022-01-18 00:42:41 - [MESSAGE][WARNING] - [SELF-HEALING] Failed to find element with id 'Object Repository/Create folder and quiz/Page_Bin son Trc nghim/a_Gii hn v bi lm c b sung'. Try using Self-healing.

2022-01-18 00:42:41 - [MESSAGE][WARNING] - [SELF-HEALING] The current locator of test object 'Object Repository/Create folder and quiz/Page_Bin son Trc nghim/a_Gii hn v bi lm c b sung' was broken. Propose an alternative one: '//a[contains(text(),'Giới hạn về bài làm được bổ sung')]'.

2022-01-18 00:42:41 - [MESSAGE][PASSED] - Object: 'Object Repository/Create folder and quiz/Page_Bin son Trc nghim/a_Gii hn v bi lm c b sung' is clicked on

2022-01-18 00:42:41 - [TEST_STEP][PASSED] - click(findTestObject("Create folder and quiz/Page_Bin son Trc nghim/em_Click to enter text")): Object: 'Object Repository/Create folder and quiz/Page_Bin son Trc nghim/em_Click to enter text' is clicked on

2022-01-18 00:42:48 - [MESSAGE][INFO] - Unable to find the element located by 'By.xpath: //a[@id='yui_3_17_2_1_1641911940431_2499']/span/span/em'. Please recheck the objects properties to make sure the desired element is located. 

2022-01-18 00:42:48 - [MESSAGE][WARNING] - [SELF-HEALING] Failed to find element with id 'Object Repository/Create folder and quiz/Page_Bin son Trc nghim/em_Click to enter text'. Try using Self-healing.

2022-01-18 00:42:48 - [MESSAGE][WARNING] - [SELF-HEALING] The current locator of test object 'Object Repository/Create folder and quiz/Page_Bin son Trc nghim/em_Click to enter text' was broken. Propose an alternative one: '(.//*[normalize-space(text()) and normalize-space(.)='Yêu cầu mật khẩu'])[1]/following::em[1]'.

2022-01-18 00:42:48 - [MESSAGE][PASSED] - Object: 'Object Repository/Create folder and quiz/Page_Bin son Trc nghim/em_Click to enter text' is clicked on

2022-01-18 00:42:48 - [TEST_STEP][PASSED] - setEncryptedText(findTestObject("Create folder and quiz/Page_Bin son Trc nghim/input_Yu cu mt khu_quizpassword"), "4nvbrPglk7k="): Text ****** has been set on object 'Object Repository/Create folder and quiz/Page_Bin son Trc nghim/input_Yu cu mt khu_quizpassword'

2022-01-18 00:42:49 - [MESSAGE][PASSED] - Text ****** has been set on object 'Object Repository/Create folder and quiz/Page_Bin son Trc nghim/input_Yu cu mt khu_quizpassword'

2022-01-18 00:42:49 - [TEST_STEP][PASSED] - click(findTestObject("Create folder and quiz/Page_Bin son Trc nghim/input_Upon activity completion_submitbutton")): Object: 'Object Repository/Create folder and quiz/Page_Bin son Trc nghim/input_Upon activity completion_submitbutton' is clicked on

2022-01-18 00:42:52 - [MESSAGE][PASSED] - Object: 'Object Repository/Create folder and quiz/Page_Bin son Trc nghim/input_Upon activity completion_submitbutton' is clicked on

2022-01-18 00:42:52 - [TEST_STEP][PASSED] - click(findTestObject("Create folder and quiz/Page_CNPM quiz1/button_Chnh sa bi trc nghim")): Object: 'Object Repository/Create folder and quiz/Page_CNPM quiz1/button_Chnh sa bi trc nghim' is clicked on

2022-01-18 00:42:58 - [MESSAGE][INFO] - Unable to find the element located by 'By.xpath: //button[@id='single_button61dd9a2c7505a66']'. Please recheck the objects properties to make sure the desired element is located. 

2022-01-18 00:42:58 - [MESSAGE][WARNING] - [SELF-HEALING] Failed to find element with id 'Object Repository/Create folder and quiz/Page_CNPM quiz1/button_Chnh sa bi trc nghim'. Try using Self-healing.

2022-01-18 00:42:59 - [MESSAGE][WARNING] - [SELF-HEALING] The current locator of test object 'Object Repository/Create folder and quiz/Page_CNPM quiz1/button_Chnh sa bi trc nghim' was broken. Propose an alternative one: '//section[@id='region-main']/div[2]/div[3]/div/div/div[2]/form/button'.

2022-01-18 00:43:03 - [MESSAGE][PASSED] - Object: 'Object Repository/Create folder and quiz/Page_CNPM quiz1/button_Chnh sa bi trc nghim' is clicked on

2022-01-18 00:43:03 - [TEST_STEP][PASSED] - click(findTestObject("Create folder and quiz/Page_ang sa bi trc nghim quiz1/a_Thm")): Object: 'Object Repository/Create folder and quiz/Page_ang sa bi trc nghim quiz1/a_Thm' is clicked on

2022-01-18 00:43:05 - [MESSAGE][PASSED] - Object: 'Object Repository/Create folder and quiz/Page_ang sa bi trc nghim quiz1/a_Thm' is clicked on

2022-01-18 00:43:05 - [TEST_STEP][PASSED] - click(findTestObject("Create folder and quiz/Page_ang sa bi trc nghim quiz1/span_cu hi mi")): Object: 'Object Repository/Create folder and quiz/Page_ang sa bi trc nghim quiz1/span_cu hi mi' is clicked on

2022-01-18 00:43:05 - [MESSAGE][PASSED] - Object: 'Object Repository/Create folder and quiz/Page_ang sa bi trc nghim quiz1/span_cu hi mi' is clicked on

2022-01-18 00:43:05 - [TEST_STEP][PASSED] - click(findTestObject("Create folder and quiz/Page_ang sa bi trc nghim quiz1/input_Multiple choice_qtype")): Object: 'Object Repository/Create folder and quiz/Page_ang sa bi trc nghim quiz1/input_Multiple choice_qtype' is clicked on

2022-01-18 00:43:06 - [MESSAGE][PASSED] - Object: 'Object Repository/Create folder and quiz/Page_ang sa bi trc nghim quiz1/input_Multiple choice_qtype' is clicked on

2022-01-18 00:43:06 - [TEST_STEP][PASSED] - click(findTestObject("Create folder and quiz/Page_ang sa bi trc nghim quiz1/input_Description_submitbutton")): Object: 'Object Repository/Create folder and quiz/Page_ang sa bi trc nghim quiz1/input_Description_submitbutton' is clicked on

2022-01-18 00:43:12 - [MESSAGE][INFO] - Unable to find the element located by 'By.xpath: //input[@id='yui_3_17_2_1_1641912881697_590']'. Please recheck the objects properties to make sure the desired element is located. 

2022-01-18 00:43:12 - [MESSAGE][WARNING] - [SELF-HEALING] Failed to find element with id 'Object Repository/Create folder and quiz/Page_ang sa bi trc nghim quiz1/input_Description_submitbutton'. Try using Self-healing.

2022-01-18 00:43:13 - [MESSAGE][WARNING] - [SELF-HEALING] The current locator of test object 'Object Repository/Create folder and quiz/Page_ang sa bi trc nghim quiz1/input_Description_submitbutton' was broken. Propose an alternative one: '//div[3]/input'.

2022-01-18 00:43:15 - [MESSAGE][PASSED] - Object: 'Object Repository/Create folder and quiz/Page_ang sa bi trc nghim quiz1/input_Description_submitbutton' is clicked on

2022-01-18 00:43:15 - [TEST_STEP][PASSED] - setText(findTestObject("Create folder and quiz/Page_Sa cu hi ngsai/input_Tn cu hi_name"), "AUT"): Text 'AUT' is set on object 'Object Repository/Create folder and quiz/Page_Sa cu hi ngsai/input_Tn cu hi_name'

2022-01-18 00:43:18 - [MESSAGE][PASSED] - Text 'AUT' is set on object 'Object Repository/Create folder and quiz/Page_Sa cu hi ngsai/input_Tn cu hi_name'

2022-01-18 00:43:18 - [TEST_STEP][PASSED] - setText(findTestObject("Create folder and quiz/Page_Sa cu hi ngsai/div_Katalon is an automation test tool"), "Katalon is an automation test tool"): Text 'Katalon is an automation test tool' is set on object 'Object Repository/Create folder and quiz/Page_Sa cu hi ngsai/div_Katalon is an automation test tool'

2022-01-18 00:43:20 - [MESSAGE][PASSED] - Text 'Katalon is an automation test tool' is set on object 'Object Repository/Create folder and quiz/Page_Sa cu hi ngsai/div_Katalon is an automation test tool'

2022-01-18 00:43:20 - [TEST_STEP][PASSED] - selectOptionByValue(findTestObject("Create folder and quiz/Page_Sa cu hi ngsai/select_Sai            ng"), "1", true): All options with value '1' are selected in object 'Object Repository/Create folder and quiz/Page_Sa cu hi ngsai/select_Sai            ng'  using regular expression

2022-01-18 00:43:21 - [MESSAGE][PASSED] - All options with value '1' are selected in object 'Object Repository/Create folder and quiz/Page_Sa cu hi ngsai/select_Sai            ng'  using regular expression

2022-01-18 00:43:21 - [TEST_STEP][PASSED] - click(findTestObject("Create folder and quiz/Page_Sa cu hi ngsai/input__submitbutton")): Object: 'Object Repository/Create folder and quiz/Page_Sa cu hi ngsai/input__submitbutton' is clicked on

2022-01-18 00:43:24 - [MESSAGE][PASSED] - Object: 'Object Repository/Create folder and quiz/Page_Sa cu hi ngsai/input__submitbutton' is clicked on

2022-01-18 00:43:24 - [TEST_STEP][PASSED] - click(findTestObject("Object Repository/Create course/Page_Nh ca ti/a_Nguyen Van A")): Object: 'Object Repository/Create course/Page_Nh ca ti/a_Nguyen Van A' is clicked on

2022-01-18 00:43:26 - [MESSAGE][PASSED] - Object: 'Object Repository/Create course/Page_Nh ca ti/a_Nguyen Van A' is clicked on

2022-01-18 00:43:26 - [TEST_STEP][PASSED] - click(findTestObject("Object Repository/Create course/Page_Nh ca ti/span_Thot")): Object: 'Object Repository/Create course/Page_Nh ca ti/span_Thot' is clicked on

2022-01-18 00:43:28 - [MESSAGE][PASSED] - Object: 'Object Repository/Create course/Page_Nh ca ti/span_Thot' is clicked on

2022-01-18 00:43:28 - [TEST_STEP][PASSED] - callTestCase(findTestCase("Utils/Login as student"), [:], STOP_ON_FAILURE): Call Test Case 'Test Cases/Utils/Login as student' successfully

2022-01-18 00:43:28 - [TEST_CASE][PASSED] - Test Cases/Utils/Login as student: Test Cases/Utils/Login as student

2022-01-18 00:43:28 - [TEST_STEP][PASSED] - click(findTestObject("Create folder and quiz/Page_Local Moodle/a_Log in")): Object: 'Object Repository/Create folder and quiz/Page_Local Moodle/a_Log in' is clicked on

2022-01-18 00:43:29 - [MESSAGE][PASSED] - Object: 'Object Repository/Create folder and quiz/Page_Local Moodle/a_Log in' is clicked on

2022-01-18 00:43:29 - [TEST_STEP][PASSED] - setText(findTestObject("Create folder and quiz/Page_Local Moodle Log in to the site/input_Username_username"), "student"): Text 'student' is set on object 'Object Repository/Create folder and quiz/Page_Local Moodle Log in to the site/input_Username_username'

2022-01-18 00:43:30 - [MESSAGE][PASSED] - Text 'student' is set on object 'Object Repository/Create folder and quiz/Page_Local Moodle Log in to the site/input_Username_username'

2022-01-18 00:43:30 - [TEST_STEP][PASSED] - setEncryptedText(findTestObject("Create folder and quiz/Page_Local Moodle Log in to the site/input_Password_password"), "ie7bep3f1gXYsgY0lkRhPw=="): Text ****** has been set on object 'Object Repository/Create folder and quiz/Page_Local Moodle Log in to the site/input_Password_password'

2022-01-18 00:43:31 - [MESSAGE][PASSED] - Text ****** has been set on object 'Object Repository/Create folder and quiz/Page_Local Moodle Log in to the site/input_Password_password'

2022-01-18 00:43:31 - [TEST_STEP][PASSED] - click(findTestObject("Create folder and quiz/Page_Local Moodle Log in to the site/button_Log in")): Object: 'Object Repository/Create folder and quiz/Page_Local Moodle Log in to the site/button_Log in' is clicked on

2022-01-18 00:43:34 - [MESSAGE][PASSED] - Object: 'Object Repository/Create folder and quiz/Page_Local Moodle Log in to the site/button_Log in' is clicked on

2022-01-18 00:43:34 - [MESSAGE][INFO] - 

2022-01-18 00:43:34 - [MESSAGE][INFO] - ===================== Self-healing Report ====================

2022-01-18 00:43:34 - [MESSAGE][INFO] - One of the failed test object locators has been recovered by Self-healing. Please refer to the Self-healing Insights tab for more details.

2022-01-18 00:43:34 - [MESSAGE][INFO] - To learn more about Self-healing, please read https://docs.katalon.com/katalon-studio/docs/self-healing.html

2022-01-18 00:43:34 - [MESSAGE][INFO] - ==============================================================

2022-01-18 00:43:34 - [MESSAGE][PASSED] - Call Test Case 'Test Cases/Utils/Login as student' successfully

2022-01-18 00:43:34 - [TEST_STEP][PASSED] - click(findTestObject("Create folder and quiz/Page_Nh ca ti/span_Nhp mn Cng ngh phn mm")): Object: 'Object Repository/Create folder and quiz/Page_Nh ca ti/span_Nhp mn Cng ngh phn mm' is clicked on

2022-01-18 00:43:40 - [MESSAGE][INFO] - Unable to find the element located by 'By.xpath: //div[@id='course-info-container-24-8']/div/div/a/span[3]'. Please recheck the objects properties to make sure the desired element is located. 

2022-01-18 00:43:40 - [MESSAGE][WARNING] - [SELF-HEALING] Failed to find element with id 'Object Repository/Create folder and quiz/Page_Nh ca ti/span_Nhp mn Cng ngh phn mm'. Try using Self-healing.

2022-01-18 00:43:41 - [MESSAGE][WARNING] - [SELF-HEALING] The current locator of test object 'Object Repository/Create folder and quiz/Page_Nh ca ti/span_Nhp mn Cng ngh phn mm' was broken. Propose an alternative one: '(.//*[normalize-space(text()) and normalize-space(.)='Actions for current course Nhập môn Công nghệ phần mềm'])[1]/preceding::span[1]'.

2022-01-18 00:43:42 - [MESSAGE][PASSED] - Object: 'Object Repository/Create folder and quiz/Page_Nh ca ti/span_Nhp mn Cng ngh phn mm' is clicked on

2022-01-18 00:43:42 - [TEST_STEP][PASSED] - click(findTestObject("Create folder and quiz/Page_Kha Nhp mn Cng ngh phn mm/span_quiz1 Trc nghim")): Object: 'Object Repository/Create folder and quiz/Page_Kha Nhp mn Cng ngh phn mm/span_quiz1 Trc nghim' is clicked on

2022-01-18 00:43:48 - [MESSAGE][INFO] - Unable to find the element located by 'By.xpath: //li[@id='module-60']/div/div/div[2]/div/a/span'. Please recheck the objects properties to make sure the desired element is located. 

2022-01-18 00:43:48 - [MESSAGE][WARNING] - [SELF-HEALING] Failed to find element with id 'Object Repository/Create folder and quiz/Page_Kha Nhp mn Cng ngh phn mm/span_quiz1 Trc nghim'. Try using Self-healing.

2022-01-18 00:43:49 - [MESSAGE][WARNING] - [SELF-HEALING] The current locator of test object 'Object Repository/Create folder and quiz/Page_Kha Nhp mn Cng ngh phn mm/span_quiz1 Trc nghim' was broken. Propose an alternative one: '(.//*[normalize-space(text()) and normalize-space(.)='Chủ đề 1'])[2]/following::span[1]'.

2022-01-18 00:43:50 - [MESSAGE][PASSED] - Object: 'Object Repository/Create folder and quiz/Page_Kha Nhp mn Cng ngh phn mm/span_quiz1 Trc nghim' is clicked on

2022-01-18 00:43:50 - [TEST_STEP][PASSED] - click(findTestObject("Create folder and quiz/Page_CNPM quiz1/button_Bt u kim tra")): Object: 'Object Repository/Create folder and quiz/Page_CNPM quiz1/button_Bt u kim tra' is clicked on

2022-01-18 00:43:57 - [MESSAGE][INFO] - Unable to find the element located by 'By.xpath: //button[@id='single_button61dd974ebb6e219']'. Please recheck the objects properties to make sure the desired element is located. 

2022-01-18 00:43:57 - [MESSAGE][WARNING] - [SELF-HEALING] Failed to find element with id 'Object Repository/Create folder and quiz/Page_CNPM quiz1/button_Bt u kim tra'. Try using Self-healing.

2022-01-18 00:43:57 - [MESSAGE][WARNING] - [SELF-HEALING] The current locator of test object 'Object Repository/Create folder and quiz/Page_CNPM quiz1/button_Bt u kim tra' was broken. Propose an alternative one: '(.//*[normalize-space(text()) and normalize-space(.)='Mark as done'])[1]/following::button[1]'.

2022-01-18 00:43:57 - [MESSAGE][PASSED] - Object: 'Object Repository/Create folder and quiz/Page_CNPM quiz1/button_Bt u kim tra' is clicked on

2022-01-18 00:43:57 - [TEST_STEP][PASSED] - setEncryptedText(findTestObject("Create folder and quiz/Page_CNPM quiz1/input_Quiz password_quizpassword"), "4nvbrPglk7k="): Text ****** has been set on object 'Object Repository/Create folder and quiz/Page_CNPM quiz1/input_Quiz password_quizpassword'

2022-01-18 00:43:58 - [MESSAGE][PASSED] - Text ****** has been set on object 'Object Repository/Create folder and quiz/Page_CNPM quiz1/input_Quiz password_quizpassword'

2022-01-18 00:43:58 - [TEST_STEP][PASSED] - click(findTestObject("Create folder and quiz/Page_CNPM quiz1/input_Quiz password_submitbutton")): Object: 'Object Repository/Create folder and quiz/Page_CNPM quiz1/input_Quiz password_submitbutton' is clicked on

2022-01-18 00:44:01 - [MESSAGE][PASSED] - Object: 'Object Repository/Create folder and quiz/Page_CNPM quiz1/input_Quiz password_submitbutton' is clicked on

2022-01-18 00:44:01 - [TEST_STEP][PASSED] - click(findTestObject("Create folder and quiz/Page_quiz1/input_Hy chn mt_q21_answer")): Object: 'Object Repository/Create folder and quiz/Page_quiz1/input_Hy chn mt_q21_answer' is clicked on

2022-01-18 00:44:07 - [MESSAGE][INFO] - Unable to find the element located by 'By.xpath: //input[@id='q2:1_answertrue']'. Please recheck the objects properties to make sure the desired element is located. 

2022-01-18 00:44:07 - [MESSAGE][WARNING] - [SELF-HEALING] Failed to find element with id 'Object Repository/Create folder and quiz/Page_quiz1/input_Hy chn mt_q21_answer'. Try using Self-healing.

2022-01-18 00:44:07 - [MESSAGE][WARNING] - [SELF-HEALING] The current locator of test object 'Object Repository/Create folder and quiz/Page_quiz1/input_Hy chn mt_q21_answer' was broken. Propose an alternative one: '//div[2]/div[2]/div/input'.

2022-01-18 00:44:07 - [MESSAGE][PASSED] - Object: 'Object Repository/Create folder and quiz/Page_quiz1/input_Hy chn mt_q21_answer' is clicked on

2022-01-18 00:44:07 - [TEST_STEP][PASSED] - click(findTestObject("Create folder and quiz/Page_quiz1/input_Sai_next")): Object: 'Object Repository/Create folder and quiz/Page_quiz1/input_Sai_next' is clicked on

2022-01-18 00:44:09 - [MESSAGE][PASSED] - Object: 'Object Repository/Create folder and quiz/Page_quiz1/input_Sai_next' is clicked on

2022-01-18 00:44:09 - [TEST_STEP][PASSED] - click(findTestObject("Create folder and quiz/Page_quiz1 Tng quan bi lm th/button_Np bi v kt thc")): Object: 'Object Repository/Create folder and quiz/Page_quiz1 Tng quan bi lm th/button_Np bi v kt thc' is clicked on

2022-01-18 00:44:16 - [MESSAGE][INFO] - Unable to find the element located by 'By.xpath: //button[@id='single_button61dd975f98aea21']'. Please recheck the objects properties to make sure the desired element is located. 

2022-01-18 00:44:16 - [MESSAGE][WARNING] - [SELF-HEALING] Failed to find element with id 'Object Repository/Create folder and quiz/Page_quiz1 Tng quan bi lm th/button_Np bi v kt thc'. Try using Self-healing.

2022-01-18 00:44:16 - [MESSAGE][WARNING] - [SELF-HEALING] The current locator of test object 'Object Repository/Create folder and quiz/Page_quiz1 Tng quan bi lm th/button_Np bi v kt thc' was broken. Propose an alternative one: '//section[@id='region-main']/div/div[3]/div/div/form/button'.

2022-01-18 00:44:16 - [MESSAGE][PASSED] - Object: 'Object Repository/Create folder and quiz/Page_quiz1 Tng quan bi lm th/button_Np bi v kt thc' is clicked on

2022-01-18 00:44:16 - [TEST_STEP][PASSED] - click(findTestObject("Create folder and quiz/Page_quiz1 Tng quan bi lm th/input_Mt khi np bi, bn s khng th thay i p n_23c1d4")): Object: 'Object Repository/Create folder and quiz/Page_quiz1 Tng quan bi lm th/input_Mt khi np bi, bn s khng th thay i p n_23c1d4' is clicked on

2022-01-18 00:44:23 - [MESSAGE][INFO] - Unable to find the element located by 'By.xpath: //input[@id='id_yuiconfirmyes-yui_3_17_2_2_1641912160060_8']'. Please recheck the objects properties to make sure the desired element is located. 

2022-01-18 00:44:23 - [MESSAGE][WARNING] - [SELF-HEALING] Failed to find element with id 'Object Repository/Create folder and quiz/Page_quiz1 Tng quan bi lm th/input_Mt khi np bi, bn s khng th thay i p n_23c1d4'. Try using Self-healing.

2022-01-18 00:44:23 - [MESSAGE][WARNING] - [SELF-HEALING] The current locator of test object 'Object Repository/Create folder and quiz/Page_quiz1 Tng quan bi lm th/input_Mt khi np bi, bn s khng th thay i p n_23c1d4' was broken. Propose an alternative one: '//div/div[2]/input'.

2022-01-18 00:44:25 - [MESSAGE][PASSED] - Object: 'Object Repository/Create folder and quiz/Page_quiz1 Tng quan bi lm th/input_Mt khi np bi, bn s khng th thay i p n_23c1d4' is clicked on

2022-01-18 00:44:25 - [TEST_STEP][PASSED] - verifyElementText(findTestObject("Create folder and quiz/Page_quiz1 Xem li ln lm th/td_10,00 trn 10,00 (100)"), "10,00 trên 10,00 (100%)"): Actual text and expected text of test object 'Object Repository/Create folder and quiz/Page_quiz1 Xem li ln lm th/td_10,00 trn 10,00 (100)' are matched.

2022-01-18 00:44:26 - [MESSAGE][PASSED] - Actual text and expected text of test object 'Object Repository/Create folder and quiz/Page_quiz1 Xem li ln lm th/td_10,00 trn 10,00 (100)' are matched.

2022-01-18 00:44:26 - [TEST_STEP][PASSED] - click(findTestObject("Create folder and quiz/Page_quiz1 Xem li ln lm th/a_Student Nguyen")): Object: 'Object Repository/Create folder and quiz/Page_quiz1 Xem li ln lm th/a_Student Nguyen' is clicked on

2022-01-18 00:44:26 - [MESSAGE][PASSED] - Object: 'Object Repository/Create folder and quiz/Page_quiz1 Xem li ln lm th/a_Student Nguyen' is clicked on

2022-01-18 00:44:26 - [TEST_STEP][PASSED] - click(findTestObject("Create folder and quiz/Page_quiz1 Xem li ln lm th/span_Thot")): Object: 'Object Repository/Create folder and quiz/Page_quiz1 Xem li ln lm th/span_Thot' is clicked on

2022-01-18 00:44:28 - [MESSAGE][PASSED] - Object: 'Object Repository/Create folder and quiz/Page_quiz1 Xem li ln lm th/span_Thot' is clicked on

2022-01-18 00:44:28 - [TEST_STEP][PASSED] - callTestCase(findTestCase("Utils/Delete course CNPM"), [:], STOP_ON_FAILURE): Call Test Case 'Test Cases/Utils/Delete course CNPM' successfully

2022-01-18 00:44:28 - [TEST_CASE][PASSED] - Test Cases/Utils/Delete course CNPM: Test Cases/Utils/Delete course CNPM

2022-01-18 00:44:28 - [TEST_STEP][PASSED] - callTestCase(findTestCase("Utils/Login as admin"), [:], STOP_ON_FAILURE): Call Test Case 'Test Cases/Utils/Login as admin' successfully

2022-01-18 00:44:28 - [TEST_CASE][PASSED] - Test Cases/Utils/Login as admin: Test Cases/Utils/Login as admin

2022-01-18 00:44:28 - [TEST_STEP][PASSED] - click(findTestObject("View course grade/Page_Local Moodle/a_Log in")): Object: 'Object Repository/View course grade/Page_Local Moodle/a_Log in' is clicked on

2022-01-18 00:44:30 - [MESSAGE][PASSED] - Object: 'Object Repository/View course grade/Page_Local Moodle/a_Log in' is clicked on

2022-01-18 00:44:30 - [TEST_STEP][PASSED] - setText(findTestObject("View course grade/Page_Local Moodle Log in to the site/input_Username_username"), "admin"): Text 'admin' is set on object 'Object Repository/View course grade/Page_Local Moodle Log in to the site/input_Username_username'

2022-01-18 00:44:31 - [MESSAGE][PASSED] - Text 'admin' is set on object 'Object Repository/View course grade/Page_Local Moodle Log in to the site/input_Username_username'

2022-01-18 00:44:31 - [TEST_STEP][PASSED] - setEncryptedText(findTestObject("View course grade/Page_Local Moodle Log in to the site/input_Password_password"), "bfAykA/oWJ09FXmiKh6lyuuLu8QhG1K5"): Text ****** has been set on object 'Object Repository/View course grade/Page_Local Moodle Log in to the site/input_Password_password'

2022-01-18 00:44:32 - [MESSAGE][PASSED] - Text ****** has been set on object 'Object Repository/View course grade/Page_Local Moodle Log in to the site/input_Password_password'

2022-01-18 00:44:32 - [TEST_STEP][PASSED] - click(findTestObject("View course grade/Page_Local Moodle Log in to the site/button_Log in")): Object: 'Object Repository/View course grade/Page_Local Moodle Log in to the site/button_Log in' is clicked on

2022-01-18 00:44:35 - [MESSAGE][PASSED] - Object: 'Object Repository/View course grade/Page_Local Moodle Log in to the site/button_Log in' is clicked on

2022-01-18 00:44:35 - [MESSAGE][INFO] - 

2022-01-18 00:44:35 - [MESSAGE][INFO] - ===================== Self-healing Report ====================

2022-01-18 00:44:35 - [MESSAGE][INFO] - One of the failed test object locators has been recovered by Self-healing. Please refer to the Self-healing Insights tab for more details.

2022-01-18 00:44:35 - [MESSAGE][INFO] - To learn more about Self-healing, please read https://docs.katalon.com/katalon-studio/docs/self-healing.html

2022-01-18 00:44:35 - [MESSAGE][INFO] - ==============================================================

2022-01-18 00:44:35 - [MESSAGE][PASSED] - Call Test Case 'Test Cases/Utils/Login as admin' successfully

2022-01-18 00:44:35 - [TEST_STEP][PASSED] - click(findTestObject("Object Repository/Create course/Page_Nh ca ti/span_Qun tr khu vc")): Object: 'Object Repository/Create course/Page_Nh ca ti/span_Qun tr khu vc' is clicked on

2022-01-18 00:44:43 - [MESSAGE][PASSED] - Object: 'Object Repository/Create course/Page_Nh ca ti/span_Qun tr khu vc' is clicked on

2022-01-18 00:44:43 - [TEST_STEP][PASSED] - click(findTestObject("Object Repository/Create course/Page_Moodle Khu vc qun tr Tm kim/a_Kho hc")): Object: 'Object Repository/Create course/Page_Moodle Khu vc qun tr Tm kim/a_Kho hc' is clicked on

2022-01-18 00:44:43 - [MESSAGE][PASSED] - Object: 'Object Repository/Create course/Page_Moodle Khu vc qun tr Tm kim/a_Kho hc' is clicked on

2022-01-18 00:44:43 - [TEST_STEP][PASSED] - click(findTestObject("Object Repository/Create course/Page_Moodle Khu vc qun tr Tm kim/a_Thmsa cc kho hc")): Object: 'Object Repository/Create course/Page_Moodle Khu vc qun tr Tm kim/a_Thmsa cc kho hc' is clicked on

2022-01-18 00:44:46 - [MESSAGE][PASSED] - Object: 'Object Repository/Create course/Page_Moodle Khu vc qun tr Tm kim/a_Thmsa cc kho hc' is clicked on

2022-01-18 00:44:46 - [TEST_STEP][PASSED] - click(findTestObject("Object Repository/Create course/Page_Qun l kha hc v danh mc kha hc/div_La chn hnh ng hng lot Nhp mn Cng ngh ph_52747d")): Object: 'Object Repository/Create course/Page_Qun l kha hc v danh mc kha hc/div_La chn hnh ng hng lot Nhp mn Cng ngh ph_52747d' is clicked on

2022-01-18 00:44:52 - [MESSAGE][INFO] - Unable to find the element located by 'By.xpath: //div[@id='yui_3_17_2_1_1641378024996_198']'. Please recheck the objects properties to make sure the desired element is located. 

2022-01-18 00:44:52 - [MESSAGE][WARNING] - [SELF-HEALING] Failed to find element with id 'Object Repository/Create course/Page_Qun l kha hc v danh mc kha hc/div_La chn hnh ng hng lot Nhp mn Cng ngh ph_52747d'. Try using Self-healing.

2022-01-18 00:44:52 - [MESSAGE][WARNING] - [SELF-HEALING] The current locator of test object 'Object Repository/Create course/Page_Qun l kha hc v danh mc kha hc/div_La chn hnh ng hng lot Nhp mn Cng ngh ph_52747d' was broken. Propose an alternative one: '(.//*[normalize-space(text()) and normalize-space(.)='Tất cả'])[1]/following::div[1]'.

2022-01-18 00:44:54 - [MESSAGE][PASSED] - Object: 'Object Repository/Create course/Page_Qun l kha hc v danh mc kha hc/div_La chn hnh ng hng lot Nhp mn Cng ngh ph_52747d' is clicked on

2022-01-18 00:44:54 - [TEST_STEP][PASSED] - click(findTestObject("Object Repository/Create course/Page_Qun l kha hc v danh mc kha hc/a_Nhp mn Cng ngh phn mm")): Object: 'Object Repository/Create course/Page_Qun l kha hc v danh mc kha hc/a_Nhp mn Cng ngh phn mm' is clicked on

2022-01-18 00:45:00 - [MESSAGE][INFO] - Unable to find the element located by 'By.xpath: //a[@id='yui_3_17_2_1_1641378024996_202']'. Please recheck the objects properties to make sure the desired element is located. 

2022-01-18 00:45:00 - [MESSAGE][WARNING] - [SELF-HEALING] Failed to find element with id 'Object Repository/Create course/Page_Qun l kha hc v danh mc kha hc/a_Nhp mn Cng ngh phn mm'. Try using Self-healing.

2022-01-18 00:45:01 - [MESSAGE][WARNING] - [SELF-HEALING] The current locator of test object 'Object Repository/Create course/Page_Qun l kha hc v danh mc kha hc/a_Nhp mn Cng ngh phn mm' was broken. Propose an alternative one: '//a[contains(text(),'Nhập môn Công nghệ phần mềm')]'.

2022-01-18 00:45:03 - [MESSAGE][PASSED] - Object: 'Object Repository/Create course/Page_Qun l kha hc v danh mc kha hc/a_Nhp mn Cng ngh phn mm' is clicked on

2022-01-18 00:45:03 - [TEST_STEP][PASSED] - click(findTestObject("Object Repository/Create course/Page_Qun l kha hc v danh mc kha hc/a_Xo")): Object: 'Object Repository/Create course/Page_Qun l kha hc v danh mc kha hc/a_Xo' is clicked on

2022-01-18 00:45:09 - [MESSAGE][INFO] - Unable to find the element located by 'By.xpath: //a[@id='action_link61d570ff7b02a61']'. Please recheck the objects properties to make sure the desired element is located. 

2022-01-18 00:45:09 - [MESSAGE][WARNING] - [SELF-HEALING] Failed to find element with id 'Object Repository/Create course/Page_Qun l kha hc v danh mc kha hc/a_Xo'. Try using Self-healing.

2022-01-18 00:45:10 - [MESSAGE][WARNING] - [SELF-HEALING] The current locator of test object 'Object Repository/Create course/Page_Qun l kha hc v danh mc kha hc/a_Xo' was broken. Propose an alternative one: '//div[@id='course-detail']/div/div[2]/div/a[4]'.

2022-01-18 00:45:11 - [MESSAGE][PASSED] - Object: 'Object Repository/Create course/Page_Qun l kha hc v danh mc kha hc/a_Xo' is clicked on

2022-01-18 00:45:11 - [TEST_STEP][PASSED] - click(findTestObject("Object Repository/Create course/Page_Moodle Xo CNPM/button_Xo")): Object: 'Object Repository/Create course/Page_Moodle Xo CNPM/button_Xo' is clicked on

2022-01-18 00:45:17 - [MESSAGE][INFO] - Unable to find the element located by 'By.xpath: //button[@id='single_button61dfb22f3a4de19']'. Please recheck the objects properties to make sure the desired element is located. 

2022-01-18 00:45:17 - [MESSAGE][WARNING] - [SELF-HEALING] Failed to find element with id 'Object Repository/Create course/Page_Moodle Xo CNPM/button_Xo'. Try using Self-healing.

2022-01-18 00:45:18 - [MESSAGE][WARNING] - [SELF-HEALING] The current locator of test object 'Object Repository/Create course/Page_Moodle Xo CNPM/button_Xo' was broken. Propose an alternative one: '//div[@id='modal-footer']/div/div/form/button'.

2022-01-18 00:45:21 - [MESSAGE][PASSED] - Object: 'Object Repository/Create course/Page_Moodle Xo CNPM/button_Xo' is clicked on

2022-01-18 00:45:21 - [TEST_STEP][PASSED] - click(findTestObject("Object Repository/Create course/Page_Moodle Xo CNPM/button_Tip tc")): Object: 'Object Repository/Create course/Page_Moodle Xo CNPM/button_Tip tc' is clicked on

2022-01-18 00:45:27 - [MESSAGE][INFO] - Unable to find the element located by 'By.xpath: //button[@id='single_button61d571098d12119']'. Please recheck the objects properties to make sure the desired element is located. 

2022-01-18 00:45:27 - [MESSAGE][WARNING] - [SELF-HEALING] Failed to find element with id 'Object Repository/Create course/Page_Moodle Xo CNPM/button_Tip tc'. Try using Self-healing.

2022-01-18 00:45:28 - [MESSAGE][WARNING] - [SELF-HEALING] The current locator of test object 'Object Repository/Create course/Page_Moodle Xo CNPM/button_Tip tc' was broken. Propose an alternative one: '(.//*[normalize-space(text()) and normalize-space(.)='CNPM đã được xoá hoàn toàn'])[1]/following::button[1]'.

2022-01-18 00:45:30 - [MESSAGE][PASSED] - Object: 'Object Repository/Create course/Page_Moodle Xo CNPM/button_Tip tc' is clicked on

2022-01-18 00:45:30 - [MESSAGE][INFO] - 

2022-01-18 00:45:30 - [MESSAGE][INFO] - ===================== Self-healing Report ====================

2022-01-18 00:45:30 - [MESSAGE][INFO] - One of the failed test object locators has been recovered by Self-healing. Please refer to the Self-healing Insights tab for more details.

2022-01-18 00:45:30 - [MESSAGE][INFO] - To learn more about Self-healing, please read https://docs.katalon.com/katalon-studio/docs/self-healing.html

2022-01-18 00:45:30 - [MESSAGE][INFO] - ==============================================================

2022-01-18 00:45:30 - [MESSAGE][PASSED] - Call Test Case 'Test Cases/Utils/Delete course CNPM' successfully

2022-01-18 00:45:30 - [TEST_STEP][PASSED] - closeBrowser(): Browser is closed

2022-01-18 00:45:31 - [MESSAGE][PASSED] - Browser is closed]]></system-out>
         <system-err><![CDATA[]]></system-err>
      </testcase>
      <testcase name="Test Cases/View course grade/Update grade with assignment" time="252.965" classname="Test Cases/View course grade/Update grade with assignment" status="PASSED">
         <system-out><![CDATA[2022-01-18 00:45:31 - [TEST_CASE][PASSED] - Test Cases/View course grade/Update grade with assignment: Test Cases/View course grade/Update grade with assignment

2022-01-18 00:45:32 - [TEST_STEP][PASSED] - openBrowser(""): Browser is opened with url: ''

2022-01-18 00:45:32 - [MESSAGE][INFO] - Starting 'Edge Chromium' driver

2022-01-18 00:45:34 - [MESSAGE][INFO] - Action delay is set to 0 milliseconds

2022-01-18 00:45:37 - [MESSAGE][PASSED] - Browser is opened with url: ''

2022-01-18 00:45:37 - [TEST_STEP][PASSED] - navigateToUrl("http://localhost/"): Navigate to 'http://localhost/' successfully

2022-01-18 00:45:39 - [MESSAGE][PASSED] - Navigate to 'http://localhost/' successfully

2022-01-18 00:45:39 - [TEST_STEP][PASSED] - callTestCase(findTestCase("Utils/Create course CNPM"), [:], STOP_ON_FAILURE): Call Test Case 'Test Cases/Utils/Create course CNPM' successfully

2022-01-18 00:45:39 - [TEST_CASE][PASSED] - Test Cases/Utils/Create course CNPM: Test Cases/Utils/Create course CNPM

2022-01-18 00:45:39 - [TEST_STEP][PASSED] - callTestCase(findTestCase("Utils/Login as admin"), [:], STOP_ON_FAILURE): Call Test Case 'Test Cases/Utils/Login as admin' successfully

2022-01-18 00:45:40 - [TEST_CASE][PASSED] - Test Cases/Utils/Login as admin: Test Cases/Utils/Login as admin

2022-01-18 00:45:40 - [TEST_STEP][PASSED] - click(findTestObject("View course grade/Page_Local Moodle/a_Log in")): Object: 'Object Repository/View course grade/Page_Local Moodle/a_Log in' is clicked on

2022-01-18 00:45:41 - [MESSAGE][PASSED] - Object: 'Object Repository/View course grade/Page_Local Moodle/a_Log in' is clicked on

2022-01-18 00:45:41 - [TEST_STEP][PASSED] - setText(findTestObject("View course grade/Page_Local Moodle Log in to the site/input_Username_username"), "admin"): Text 'admin' is set on object 'Object Repository/View course grade/Page_Local Moodle Log in to the site/input_Username_username'

2022-01-18 00:45:42 - [MESSAGE][PASSED] - Text 'admin' is set on object 'Object Repository/View course grade/Page_Local Moodle Log in to the site/input_Username_username'

2022-01-18 00:45:42 - [TEST_STEP][PASSED] - setEncryptedText(findTestObject("View course grade/Page_Local Moodle Log in to the site/input_Password_password"), "bfAykA/oWJ09FXmiKh6lyuuLu8QhG1K5"): Text ****** has been set on object 'Object Repository/View course grade/Page_Local Moodle Log in to the site/input_Password_password'

2022-01-18 00:45:43 - [MESSAGE][PASSED] - Text ****** has been set on object 'Object Repository/View course grade/Page_Local Moodle Log in to the site/input_Password_password'

2022-01-18 00:45:43 - [TEST_STEP][PASSED] - click(findTestObject("View course grade/Page_Local Moodle Log in to the site/button_Log in")): Object: 'Object Repository/View course grade/Page_Local Moodle Log in to the site/button_Log in' is clicked on

2022-01-18 00:45:48 - [MESSAGE][PASSED] - Object: 'Object Repository/View course grade/Page_Local Moodle Log in to the site/button_Log in' is clicked on

2022-01-18 00:45:48 - [MESSAGE][PASSED] - Call Test Case 'Test Cases/Utils/Login as admin' successfully

2022-01-18 00:45:48 - [TEST_STEP][PASSED] - click(findTestObject("Object Repository/Utils/Page_Nh ca ti/span_Qun tr khu vc")): Object: 'Object Repository/Utils/Page_Nh ca ti/span_Qun tr khu vc' is clicked on

2022-01-18 00:45:58 - [MESSAGE][PASSED] - Object: 'Object Repository/Utils/Page_Nh ca ti/span_Qun tr khu vc' is clicked on

2022-01-18 00:45:58 - [TEST_STEP][PASSED] - click(findTestObject("Object Repository/Utils/Page_Moodle Khu vc qun tr Tm kim/a_Kho hc")): Object: 'Object Repository/Utils/Page_Moodle Khu vc qun tr Tm kim/a_Kho hc' is clicked on

2022-01-18 00:45:59 - [MESSAGE][PASSED] - Object: 'Object Repository/Utils/Page_Moodle Khu vc qun tr Tm kim/a_Kho hc' is clicked on

2022-01-18 00:45:59 - [TEST_STEP][PASSED] - click(findTestObject("Object Repository/Utils/Page_Moodle Khu vc qun tr Tm kim/a_Thmsa cc kho hc")): Object: 'Object Repository/Utils/Page_Moodle Khu vc qun tr Tm kim/a_Thmsa cc kho hc' is clicked on

2022-01-18 00:46:02 - [MESSAGE][PASSED] - Object: 'Object Repository/Utils/Page_Moodle Khu vc qun tr Tm kim/a_Thmsa cc kho hc' is clicked on

2022-01-18 00:46:02 - [TEST_STEP][PASSED] - click(findTestObject("Object Repository/Utils/Page_Qun l kha hc v danh mc kha hc/a_To kha hc mi")): Object: 'Object Repository/Utils/Page_Qun l kha hc v danh mc kha hc/a_To kha hc mi' is clicked on

2022-01-18 00:46:09 - [MESSAGE][INFO] - Unable to find the element located by 'By.xpath: //div[@id='yui_3_17_2_1_1641906891631_57']/div/div/a'. Please recheck the objects properties to make sure the desired element is located. 

2022-01-18 00:46:09 - [MESSAGE][WARNING] - [SELF-HEALING] Failed to find element with id 'Object Repository/Utils/Page_Qun l kha hc v danh mc kha hc/a_To kha hc mi'. Try using Self-healing.

2022-01-18 00:46:10 - [MESSAGE][WARNING] - [SELF-HEALING] The current locator of test object 'Object Repository/Utils/Page_Qun l kha hc v danh mc kha hc/a_To kha hc mi' was broken. Propose an alternative one: '//a[contains(text(),'Tạo khóa học mới')]'.

2022-01-18 00:46:14 - [MESSAGE][PASSED] - Object: 'Object Repository/Utils/Page_Qun l kha hc v danh mc kha hc/a_To kha hc mi' is clicked on

2022-01-18 00:46:14 - [TEST_STEP][PASSED] - setText(findTestObject("Object Repository/Utils/Page_Moodle Thm kho hc mi/input_Tn y_fullname"), "Nhập môn Công nghệ phần mềm"): Text 'Nhập môn Công nghệ phần mềm' is set on object 'Object Repository/Utils/Page_Moodle Thm kho hc mi/input_Tn y_fullname'

2022-01-18 00:46:16 - [MESSAGE][PASSED] - Text 'Nhập môn Công nghệ phần mềm' is set on object 'Object Repository/Utils/Page_Moodle Thm kho hc mi/input_Tn y_fullname'

2022-01-18 00:46:16 - [TEST_STEP][PASSED] - setText(findTestObject("Object Repository/Utils/Page_Moodle Thm kho hc mi/input_Tn rt gn ca kho hc_shortname"), "CNPM"): Text 'CNPM' is set on object 'Object Repository/Utils/Page_Moodle Thm kho hc mi/input_Tn rt gn ca kho hc_shortname'

2022-01-18 00:46:17 - [MESSAGE][PASSED] - Text 'CNPM' is set on object 'Object Repository/Utils/Page_Moodle Thm kho hc mi/input_Tn rt gn ca kho hc_shortname'

2022-01-18 00:46:17 - [TEST_STEP][PASSED] - click(findTestObject("Object Repository/Utils/Page_Moodle Thm kho hc mi/input__saveanddisplay")): Object: 'Object Repository/Utils/Page_Moodle Thm kho hc mi/input__saveanddisplay' is clicked on

2022-01-18 00:46:20 - [MESSAGE][PASSED] - Object: 'Object Repository/Utils/Page_Moodle Thm kho hc mi/input__saveanddisplay' is clicked on

2022-01-18 00:46:20 - [TEST_STEP][PASSED] - click(findTestObject("Object Repository/Utils/Page_CNPM Danh sch thnh vin/input_Danh sch thnh vin_btn btn-secondary my-1")): Object: 'Object Repository/Utils/Page_CNPM Danh sch thnh vin/input_Danh sch thnh vin_btn btn-secondary my-1' is clicked on

2022-01-18 00:46:21 - [MESSAGE][PASSED] - Object: 'Object Repository/Utils/Page_CNPM Danh sch thnh vin/input_Danh sch thnh vin_btn btn-secondary my-1' is clicked on

2022-01-18 00:46:21 - [TEST_STEP][PASSED] - click(findTestObject("Object Repository/Utils/Page_CNPM Danh sch thnh vin/span_")): Object: 'Object Repository/Utils/Page_CNPM Danh sch thnh vin/span_' is clicked on

2022-01-18 00:46:28 - [MESSAGE][INFO] - Unable to find the element located by 'By.xpath: //span[@id='form_autocomplete_downarrow-1641965227117']'. Please recheck the objects properties to make sure the desired element is located. 

2022-01-18 00:46:28 - [MESSAGE][WARNING] - [SELF-HEALING] Failed to find element with id 'Object Repository/Utils/Page_CNPM Danh sch thnh vin/span_'. Try using Self-healing.

2022-01-18 00:46:28 - [MESSAGE][WARNING] - [SELF-HEALING] The current locator of test object 'Object Repository/Utils/Page_CNPM Danh sch thnh vin/span_' was broken. Propose an alternative one: '//div[@id='fitem_id_userlist']/div[2]/div[3]/span'.

2022-01-18 00:46:28 - [MESSAGE][PASSED] - Object: 'Object Repository/Utils/Page_CNPM Danh sch thnh vin/span_' is clicked on

2022-01-18 00:46:28 - [TEST_STEP][PASSED] - click(findTestObject("Object Repository/Utils/Page_CNPM Danh sch thnh vin/span_Student Nguyen")): Object: 'Object Repository/Utils/Page_CNPM Danh sch thnh vin/span_Student Nguyen' is clicked on

2022-01-18 00:46:35 - [MESSAGE][INFO] - Unable to find the element located by 'By.xpath: //li[@id='form_autocomplete_suggestions-1641965227117-0']/span/span'. Please recheck the objects properties to make sure the desired element is located. 

2022-01-18 00:46:35 - [MESSAGE][WARNING] - [SELF-HEALING] Failed to find element with id 'Object Repository/Utils/Page_CNPM Danh sch thnh vin/span_Student Nguyen'. Try using Self-healing.

2022-01-18 00:46:36 - [MESSAGE][WARNING] - [SELF-HEALING] The current locator of test object 'Object Repository/Utils/Page_CNPM Danh sch thnh vin/span_Student Nguyen' was broken. Propose an alternative one: '(.//*[normalize-space(text()) and normalize-space(.)='student@gmail.com'])[2]/preceding::span[1]'.

2022-01-18 00:46:37 - [MESSAGE][PASSED] - Object: 'Object Repository/Utils/Page_CNPM Danh sch thnh vin/span_Student Nguyen' is clicked on

2022-01-18 00:46:37 - [TEST_STEP][PASSED] - click(findTestObject("Object Repository/Utils/Page_CNPM Danh sch thnh vin/button_Ghi danh ngi dng")): Object: 'Object Repository/Utils/Page_CNPM Danh sch thnh vin/button_Ghi danh ngi dng' is clicked on

2022-01-18 00:46:43 - [MESSAGE][INFO] - Unable to find the element located by 'By.xpath: //button[@id='yui_3_17_2_1_1641965226678_264']'. Please recheck the objects properties to make sure the desired element is located. 

2022-01-18 00:46:43 - [MESSAGE][WARNING] - [SELF-HEALING] Failed to find element with id 'Object Repository/Utils/Page_CNPM Danh sch thnh vin/button_Ghi danh ngi dng'. Try using Self-healing.

2022-01-18 00:46:43 - [MESSAGE][WARNING] - [SELF-HEALING] The current locator of test object 'Object Repository/Utils/Page_CNPM Danh sch thnh vin/button_Ghi danh ngi dng' was broken. Propose an alternative one: '(.//*[normalize-space(text()) and normalize-space(.)='Phút'])[1]/following::button[1]'.

2022-01-18 00:46:44 - [MESSAGE][PASSED] - Object: 'Object Repository/Utils/Page_CNPM Danh sch thnh vin/button_Ghi danh ngi dng' is clicked on

2022-01-18 00:46:44 - [TEST_STEP][PASSED] - click(findTestObject("Object Repository/Utils/Page_CNPM Danh sch thnh vin/input_Danh sch thnh vin_btn btn-secondary my-1")): Object: 'Object Repository/Utils/Page_CNPM Danh sch thnh vin/input_Danh sch thnh vin_btn btn-secondary my-1' is clicked on

2022-01-18 00:46:45 - [MESSAGE][PASSED] - Object: 'Object Repository/Utils/Page_CNPM Danh sch thnh vin/input_Danh sch thnh vin_btn btn-secondary my-1' is clicked on

2022-01-18 00:46:45 - [TEST_STEP][PASSED] - selectOptionByValue(findTestObject("Object Repository/Create course/Page_CNPM Danh sch thnh vin/select_Ngi qun l            Gio vin        _4311d9"), "3", true): All options with value '3' are selected in object 'Object Repository/Create course/Page_CNPM Danh sch thnh vin/select_Ngi qun l            Gio vin        _4311d9'  using regular expression

2022-01-18 00:46:47 - [MESSAGE][PASSED] - All options with value '3' are selected in object 'Object Repository/Create course/Page_CNPM Danh sch thnh vin/select_Ngi qun l            Gio vin        _4311d9'  using regular expression

2022-01-18 00:46:47 - [TEST_STEP][PASSED] - click(findTestObject("Object Repository/Utils/Page_CNPM Danh sch thnh vin/span_")): Object: 'Object Repository/Utils/Page_CNPM Danh sch thnh vin/span_' is clicked on

2022-01-18 00:46:53 - [MESSAGE][INFO] - Unable to find the element located by 'By.xpath: //span[@id='form_autocomplete_downarrow-1641965227117']'. Please recheck the objects properties to make sure the desired element is located. 

2022-01-18 00:46:53 - [MESSAGE][WARNING] - [SELF-HEALING] Failed to find element with id 'Object Repository/Utils/Page_CNPM Danh sch thnh vin/span_'. Try using Self-healing.

2022-01-18 00:46:54 - [MESSAGE][WARNING] - [SELF-HEALING] The current locator of test object 'Object Repository/Utils/Page_CNPM Danh sch thnh vin/span_' was broken. Propose an alternative one: '//div[@id='fitem_id_userlist']/div[2]/div[3]/span'.

2022-01-18 00:46:54 - [MESSAGE][PASSED] - Object: 'Object Repository/Utils/Page_CNPM Danh sch thnh vin/span_' is clicked on

2022-01-18 00:46:54 - [TEST_STEP][PASSED] - click(findTestObject("Object Repository/Create course/Page_CNPM Danh sch thnh vin/span_Nguyen Van A")): Object: 'Object Repository/Create course/Page_CNPM Danh sch thnh vin/span_Nguyen Van A' is clicked on

2022-01-18 00:47:00 - [MESSAGE][INFO] - Unable to find the element located by 'By.xpath: //li[@id='form_autocomplete_suggestions-1642350427588-0']/span/span'. Please recheck the objects properties to make sure the desired element is located. 

2022-01-18 00:47:00 - [MESSAGE][WARNING] - [SELF-HEALING] Failed to find element with id 'Object Repository/Create course/Page_CNPM Danh sch thnh vin/span_Nguyen Van A'. Try using Self-healing.

2022-01-18 00:47:01 - [MESSAGE][WARNING] - [SELF-HEALING] The current locator of test object 'Object Repository/Create course/Page_CNPM Danh sch thnh vin/span_Nguyen Van A' was broken. Propose an alternative one: '(.//*[normalize-space(text()) and normalize-space(.)='▼'])[1]/following::span[2]'.

2022-01-18 00:47:01 - [MESSAGE][PASSED] - Object: 'Object Repository/Create course/Page_CNPM Danh sch thnh vin/span_Nguyen Van A' is clicked on

2022-01-18 00:47:01 - [TEST_STEP][PASSED] - click(findTestObject("Object Repository/Create course/Page_CNPM Danh sch thnh vin/button_Ghi danh ngi dng_1")): Object: 'Object Repository/Create course/Page_CNPM Danh sch thnh vin/button_Ghi danh ngi dng_1' is clicked on

2022-01-18 00:47:07 - [MESSAGE][INFO] - Unable to find the element located by 'By.xpath: //button[@id='yui_3_17_2_1_1642348738650_377']'. Please recheck the objects properties to make sure the desired element is located. 

2022-01-18 00:47:07 - [MESSAGE][WARNING] - [SELF-HEALING] Failed to find element with id 'Object Repository/Create course/Page_CNPM Danh sch thnh vin/button_Ghi danh ngi dng_1'. Try using Self-healing.

2022-01-18 00:47:07 - [MESSAGE][WARNING] - [SELF-HEALING] The current locator of test object 'Object Repository/Create course/Page_CNPM Danh sch thnh vin/button_Ghi danh ngi dng_1' was broken. Propose an alternative one: '(.//*[normalize-space(text()) and normalize-space(.)='Phút'])[1]/following::button[1]'.

2022-01-18 00:47:08 - [MESSAGE][PASSED] - Object: 'Object Repository/Create course/Page_CNPM Danh sch thnh vin/button_Ghi danh ngi dng_1' is clicked on

2022-01-18 00:47:08 - [TEST_STEP][PASSED] - click(findTestObject("Object Repository/Utils/Page_CNPM Danh sch thnh vin/span_CNPM")): Object: 'Object Repository/Utils/Page_CNPM Danh sch thnh vin/span_CNPM' is clicked on

2022-01-18 00:47:11 - [MESSAGE][PASSED] - Object: 'Object Repository/Utils/Page_CNPM Danh sch thnh vin/span_CNPM' is clicked on

2022-01-18 00:47:11 - [TEST_STEP][PASSED] - click(findTestObject("Create folder and quiz/Page_CNPM Danh sch thnh vin/a_Qun tr Thnh vin")): Object: 'Object Repository/Create folder and quiz/Page_CNPM Danh sch thnh vin/a_Qun tr Thnh vin' is clicked on

2022-01-18 00:47:12 - [MESSAGE][PASSED] - Object: 'Object Repository/Create folder and quiz/Page_CNPM Danh sch thnh vin/a_Qun tr Thnh vin' is clicked on

2022-01-18 00:47:12 - [TEST_STEP][PASSED] - click(findTestObject("Create folder and quiz/Page_CNPM Danh sch thnh vin/span_Thot")): Object: 'Object Repository/Create folder and quiz/Page_CNPM Danh sch thnh vin/span_Thot' is clicked on

2022-01-18 00:47:14 - [MESSAGE][PASSED] - Object: 'Object Repository/Create folder and quiz/Page_CNPM Danh sch thnh vin/span_Thot' is clicked on

2022-01-18 00:47:14 - [MESSAGE][INFO] - 

2022-01-18 00:47:14 - [MESSAGE][INFO] - ===================== Self-healing Report ====================

2022-01-18 00:47:14 - [MESSAGE][INFO] - One of the failed test object locators has been recovered by Self-healing. Please refer to the Self-healing Insights tab for more details.

2022-01-18 00:47:14 - [MESSAGE][INFO] - To learn more about Self-healing, please read https://docs.katalon.com/katalon-studio/docs/self-healing.html

2022-01-18 00:47:14 - [MESSAGE][INFO] - ==============================================================

2022-01-18 00:47:14 - [MESSAGE][PASSED] - Call Test Case 'Test Cases/Utils/Create course CNPM' successfully

2022-01-18 00:47:14 - [TEST_STEP][PASSED] - callTestCase(findTestCase("Utils/Login as admin"), [:], STOP_ON_FAILURE): Call Test Case 'Test Cases/Utils/Login as admin' successfully

2022-01-18 00:47:14 - [TEST_CASE][PASSED] - Test Cases/Utils/Login as admin: Test Cases/Utils/Login as admin

2022-01-18 00:47:14 - [TEST_STEP][PASSED] - click(findTestObject("View course grade/Page_Local Moodle/a_Log in")): Object: 'Object Repository/View course grade/Page_Local Moodle/a_Log in' is clicked on

2022-01-18 00:47:15 - [MESSAGE][PASSED] - Object: 'Object Repository/View course grade/Page_Local Moodle/a_Log in' is clicked on

2022-01-18 00:47:15 - [TEST_STEP][PASSED] - setText(findTestObject("View course grade/Page_Local Moodle Log in to the site/input_Username_username"), "admin"): Text 'admin' is set on object 'Object Repository/View course grade/Page_Local Moodle Log in to the site/input_Username_username'

2022-01-18 00:47:17 - [MESSAGE][PASSED] - Text 'admin' is set on object 'Object Repository/View course grade/Page_Local Moodle Log in to the site/input_Username_username'

2022-01-18 00:47:17 - [TEST_STEP][PASSED] - setEncryptedText(findTestObject("View course grade/Page_Local Moodle Log in to the site/input_Password_password"), "bfAykA/oWJ09FXmiKh6lyuuLu8QhG1K5"): Text ****** has been set on object 'Object Repository/View course grade/Page_Local Moodle Log in to the site/input_Password_password'

2022-01-18 00:47:17 - [MESSAGE][PASSED] - Text ****** has been set on object 'Object Repository/View course grade/Page_Local Moodle Log in to the site/input_Password_password'

2022-01-18 00:47:17 - [TEST_STEP][PASSED] - click(findTestObject("View course grade/Page_Local Moodle Log in to the site/button_Log in")): Object: 'Object Repository/View course grade/Page_Local Moodle Log in to the site/button_Log in' is clicked on

2022-01-18 00:47:21 - [MESSAGE][PASSED] - Object: 'Object Repository/View course grade/Page_Local Moodle Log in to the site/button_Log in' is clicked on

2022-01-18 00:47:21 - [MESSAGE][INFO] - 

2022-01-18 00:47:21 - [MESSAGE][INFO] - ===================== Self-healing Report ====================

2022-01-18 00:47:21 - [MESSAGE][INFO] - One of the failed test object locators has been recovered by Self-healing. Please refer to the Self-healing Insights tab for more details.

2022-01-18 00:47:21 - [MESSAGE][INFO] - To learn more about Self-healing, please read https://docs.katalon.com/katalon-studio/docs/self-healing.html

2022-01-18 00:47:21 - [MESSAGE][INFO] - ==============================================================

2022-01-18 00:47:21 - [MESSAGE][PASSED] - Call Test Case 'Test Cases/Utils/Login as admin' successfully

2022-01-18 00:47:21 - [TEST_STEP][PASSED] - click(findTestObject("View course grade/Page_Nh ca ti/span_Trang ch h thng")): Object: 'Object Repository/View course grade/Page_Nh ca ti/span_Trang ch h thng' is clicked on

2022-01-18 00:47:26 - [MESSAGE][PASSED] - Object: 'Object Repository/View course grade/Page_Nh ca ti/span_Trang ch h thng' is clicked on

2022-01-18 00:47:26 - [TEST_STEP][PASSED] - click(findTestObject("View course grade/Page_Local Moodle/a_Nhp mn Cng ngh phn mm")): Object: 'Object Repository/View course grade/Page_Local Moodle/a_Nhp mn Cng ngh phn mm' is clicked on

2022-01-18 00:47:27 - [MESSAGE][PASSED] - Object: 'Object Repository/View course grade/Page_Local Moodle/a_Nhp mn Cng ngh phn mm' is clicked on

2022-01-18 00:47:27 - [TEST_STEP][PASSED] - click(findTestObject("View course grade/Page_Kha Nhp mn Cng ngh phn mm/button_Bt ch  chnh sa")): Object: 'Object Repository/View course grade/Page_Kha Nhp mn Cng ngh phn mm/button_Bt ch  chnh sa' is clicked on

2022-01-18 00:47:33 - [MESSAGE][INFO] - Unable to find the element located by 'By.xpath: //button[@id='single_button61dd59a36edf61']'. Please recheck the objects properties to make sure the desired element is located. 

2022-01-18 00:47:33 - [MESSAGE][WARNING] - [SELF-HEALING] Failed to find element with id 'Object Repository/View course grade/Page_Kha Nhp mn Cng ngh phn mm/button_Bt ch  chnh sa'. Try using Self-healing.

2022-01-18 00:47:34 - [MESSAGE][WARNING] - [SELF-HEALING] The current locator of test object 'Object Repository/View course grade/Page_Kha Nhp mn Cng ngh phn mm/button_Bt ch  chnh sa' was broken. Propose an alternative one: '//header[@id='page-header']/div/div/div/div[2]/div[2]/div/form/button'.

2022-01-18 00:47:35 - [MESSAGE][PASSED] - Object: 'Object Repository/View course grade/Page_Kha Nhp mn Cng ngh phn mm/button_Bt ch  chnh sa' is clicked on

2022-01-18 00:47:35 - [TEST_STEP][PASSED] - click(findTestObject("View course grade/Page_Kha Nhp mn Cng ngh phn mm/span_Thm hot ng hoc ti nguyn")): Object: 'Object Repository/View course grade/Page_Kha Nhp mn Cng ngh phn mm/span_Thm hot ng hoc ti nguyn' is clicked on

2022-01-18 00:47:42 - [MESSAGE][INFO] - Unable to find the element located by 'By.xpath: //span[@id='yui_3_17_2_1_1641896358961_612']'. Please recheck the objects properties to make sure the desired element is located. 

2022-01-18 00:47:42 - [MESSAGE][WARNING] - [SELF-HEALING] Failed to find element with id 'Object Repository/View course grade/Page_Kha Nhp mn Cng ngh phn mm/span_Thm hot ng hoc ti nguyn'. Try using Self-healing.

2022-01-18 00:47:42 - [MESSAGE][WARNING] - [SELF-HEALING] The current locator of test object 'Object Repository/View course grade/Page_Kha Nhp mn Cng ngh phn mm/span_Thm hot ng hoc ti nguyn' was broken. Propose an alternative one: '(.//*[normalize-space(text()) and normalize-space(.)='Thêm tập tin ở đây'])[2]/following::span[1]'.

2022-01-18 00:47:43 - [MESSAGE][PASSED] - Object: 'Object Repository/View course grade/Page_Kha Nhp mn Cng ngh phn mm/span_Thm hot ng hoc ti nguyn' is clicked on

2022-01-18 00:47:43 - [TEST_STEP][PASSED] - click(findTestObject("View course grade/Page_Kha Nhp mn Cng ngh phn mm/div_Thng tin v  Bi hc hot ng_optionicon mt-_6d37dc")): Object: 'Object Repository/View course grade/Page_Kha Nhp mn Cng ngh phn mm/div_Thng tin v  Bi hc hot ng_optionicon mt-_6d37dc' is clicked on

2022-01-18 00:47:48 - [MESSAGE][PASSED] - Object: 'Object Repository/View course grade/Page_Kha Nhp mn Cng ngh phn mm/div_Thng tin v  Bi hc hot ng_optionicon mt-_6d37dc' is clicked on

2022-01-18 00:47:48 - [TEST_STEP][PASSED] - setText(findTestObject("View course grade/Page_Bin son Bi tp/input_Tn bi tp_name"), "BT1"): Text 'BT1' is set on object 'Object Repository/View course grade/Page_Bin son Bi tp/input_Tn bi tp_name'

2022-01-18 00:47:50 - [MESSAGE][PASSED] - Text 'BT1' is set on object 'Object Repository/View course grade/Page_Bin son Bi tp/input_Tn bi tp_name'

2022-01-18 00:47:50 - [TEST_STEP][PASSED] - click(findTestObject("View course grade/Page_Bin son Bi tp/input_Upon activity completion_submitbutton")): Object: 'Object Repository/View course grade/Page_Bin son Bi tp/input_Upon activity completion_submitbutton' is clicked on

2022-01-18 00:47:53 - [MESSAGE][PASSED] - Object: 'Object Repository/View course grade/Page_Bin son Bi tp/input_Upon activity completion_submitbutton' is clicked on

2022-01-18 00:47:53 - [TEST_STEP][PASSED] - click(findTestObject("View course grade/Page_CNPM BT1/span_im s")): Object: 'Object Repository/View course grade/Page_CNPM BT1/span_im s' is clicked on

2022-01-18 00:47:55 - [MESSAGE][PASSED] - Object: 'Object Repository/View course grade/Page_CNPM BT1/span_im s' is clicked on

2022-01-18 00:47:55 - [TEST_STEP][PASSED] - click(findTestObject("View course grade/Page_im s Xem/button_Bt ch  chnh sa")): Object: 'Object Repository/View course grade/Page_im s Xem/button_Bt ch  chnh sa' is clicked on

2022-01-18 00:48:02 - [MESSAGE][INFO] - Unable to find the element located by 'By.xpath: //button[@id='single_button61dd59ce1c3a21']'. Please recheck the objects properties to make sure the desired element is located. 

2022-01-18 00:48:02 - [MESSAGE][WARNING] - [SELF-HEALING] Failed to find element with id 'Object Repository/View course grade/Page_im s Xem/button_Bt ch  chnh sa'. Try using Self-healing.

2022-01-18 00:48:02 - [MESSAGE][WARNING] - [SELF-HEALING] The current locator of test object 'Object Repository/View course grade/Page_im s Xem/button_Bt ch  chnh sa' was broken. Propose an alternative one: '//header[@id='page-header']/div/div/div/div[2]/div[2]/div/form/button'.

2022-01-18 00:48:04 - [MESSAGE][PASSED] - Object: 'Object Repository/View course grade/Page_im s Xem/button_Bt ch  chnh sa' is clicked on

2022-01-18 00:48:04 - [TEST_STEP][PASSED] - setText(findTestObject("View course grade/Page_im s Xem/input_Student Nguyen Tng kha hc grade_grade626"), "9,00"): Text '9,00' is set on object 'Object Repository/View course grade/Page_im s Xem/input_Student Nguyen Tng kha hc grade_grade626'

2022-01-18 00:48:10 - [MESSAGE][INFO] - Unable to find the element located by 'By.xpath: //input[@id='grade_6_26']'. Please recheck the objects properties to make sure the desired element is located. 

2022-01-18 00:48:10 - [MESSAGE][WARNING] - [SELF-HEALING] Failed to find element with id 'Object Repository/View course grade/Page_im s Xem/input_Student Nguyen Tng kha hc grade_grade626'. Try using Self-healing.

2022-01-18 00:48:11 - [MESSAGE][WARNING] - [SELF-HEALING] The current locator of test object 'Object Repository/View course grade/Page_im s Xem/input_Student Nguyen Tng kha hc grade_grade626' was broken. Propose an alternative one: '//td[3]/input'.

2022-01-18 00:48:17 - [MESSAGE][INFO] - Unable to find the element located by 'By.xpath: //input[@id='grade_6_26']'. Please recheck the objects properties to make sure the desired element is located. 

2022-01-18 00:48:17 - [MESSAGE][WARNING] - [SELF-HEALING] Failed to find element with id 'Object Repository/View course grade/Page_im s Xem/input_Student Nguyen Tng kha hc grade_grade626'. Try using Self-healing.

2022-01-18 00:48:17 - [MESSAGE][WARNING] - [SELF-HEALING] The current locator of test object 'Object Repository/View course grade/Page_im s Xem/input_Student Nguyen Tng kha hc grade_grade626' was broken. Propose an alternative one: '//td[3]/input'.

2022-01-18 00:48:17 - [MESSAGE][PASSED] - Text '9,00' is set on object 'Object Repository/View course grade/Page_im s Xem/input_Student Nguyen Tng kha hc grade_grade626'

2022-01-18 00:48:17 - [TEST_STEP][PASSED] - click(findTestObject("View course grade/Page_im s Xem/input_Trung bnh tng_gradersubmit")): Object: 'Object Repository/View course grade/Page_im s Xem/input_Trung bnh tng_gradersubmit' is clicked on

2022-01-18 00:48:20 - [MESSAGE][PASSED] - Object: 'Object Repository/View course grade/Page_im s Xem/input_Trung bnh tng_gradersubmit' is clicked on

2022-01-18 00:48:20 - [TEST_STEP][PASSED] - click(findTestObject("View course grade/Page_im s Xem/button_Tt ch  chnh sa")): Object: 'Object Repository/View course grade/Page_im s Xem/button_Tt ch  chnh sa' is clicked on

2022-01-18 00:48:26 - [MESSAGE][INFO] - Unable to find the element located by 'By.xpath: //button[@id='single_button61dd59eba1b931']'. Please recheck the objects properties to make sure the desired element is located. 

2022-01-18 00:48:26 - [MESSAGE][WARNING] - [SELF-HEALING] Failed to find element with id 'Object Repository/View course grade/Page_im s Xem/button_Tt ch  chnh sa'. Try using Self-healing.

2022-01-18 00:48:27 - [MESSAGE][WARNING] - [SELF-HEALING] The current locator of test object 'Object Repository/View course grade/Page_im s Xem/button_Tt ch  chnh sa' was broken. Propose an alternative one: '//header[@id='page-header']/div/div/div/div[2]/div[2]/div/form/button'.

2022-01-18 00:48:28 - [MESSAGE][PASSED] - Object: 'Object Repository/View course grade/Page_im s Xem/button_Tt ch  chnh sa' is clicked on

2022-01-18 00:48:28 - [TEST_STEP][PASSED] - verifyElementText(findTestObject("View course grade/Page_im s Xem/span_9,00"), "9,00"): Actual text and expected text of test object 'Object Repository/View course grade/Page_im s Xem/span_9,00' are matched.

2022-01-18 00:48:34 - [MESSAGE][INFO] - Unable to find the element located by 'By.xpath: //td[@id='u6i26']/span'. Please recheck the objects properties to make sure the desired element is located. 

2022-01-18 00:48:34 - [MESSAGE][WARNING] - [SELF-HEALING] Failed to find element with id 'Object Repository/View course grade/Page_im s Xem/span_9,00'. Try using Self-healing.

2022-01-18 00:48:35 - [MESSAGE][WARNING] - [SELF-HEALING] The current locator of test object 'Object Repository/View course grade/Page_im s Xem/span_9,00' was broken. Propose an alternative one: '(.//*[normalize-space(text()) and normalize-space(.)='Trung bình tổng'])[1]/preceding::span[1]'.

2022-01-18 00:48:35 - [MESSAGE][PASSED] - Actual text and expected text of test object 'Object Repository/View course grade/Page_im s Xem/span_9,00' are matched.

2022-01-18 00:48:35 - [TEST_STEP][PASSED] - click(findTestObject("Create course/Page_CNPM Danh sch thnh vin/a_Qun tr Thnh vin")): Object: 'Object Repository/Create course/Page_CNPM Danh sch thnh vin/a_Qun tr Thnh vin' is clicked on

2022-01-18 00:48:35 - [MESSAGE][PASSED] - Object: 'Object Repository/Create course/Page_CNPM Danh sch thnh vin/a_Qun tr Thnh vin' is clicked on

2022-01-18 00:48:35 - [TEST_STEP][PASSED] - click(findTestObject("Create course/Page_CNPM Danh sch thnh vin/span_Thot")): Object: 'Object Repository/Create course/Page_CNPM Danh sch thnh vin/span_Thot' is clicked on

2022-01-18 00:48:37 - [MESSAGE][PASSED] - Object: 'Object Repository/Create course/Page_CNPM Danh sch thnh vin/span_Thot' is clicked on

2022-01-18 00:48:37 - [TEST_STEP][PASSED] - callTestCase(findTestCase("Utils/Delete course CNPM"), [:], STOP_ON_FAILURE): Call Test Case 'Test Cases/Utils/Delete course CNPM' successfully

2022-01-18 00:48:37 - [TEST_CASE][PASSED] - Test Cases/Utils/Delete course CNPM: Test Cases/Utils/Delete course CNPM

2022-01-18 00:48:37 - [TEST_STEP][PASSED] - callTestCase(findTestCase("Utils/Login as admin"), [:], STOP_ON_FAILURE): Call Test Case 'Test Cases/Utils/Login as admin' successfully

2022-01-18 00:48:37 - [TEST_CASE][PASSED] - Test Cases/Utils/Login as admin: Test Cases/Utils/Login as admin

2022-01-18 00:48:37 - [TEST_STEP][PASSED] - click(findTestObject("View course grade/Page_Local Moodle/a_Log in")): Object: 'Object Repository/View course grade/Page_Local Moodle/a_Log in' is clicked on

2022-01-18 00:48:38 - [MESSAGE][PASSED] - Object: 'Object Repository/View course grade/Page_Local Moodle/a_Log in' is clicked on

2022-01-18 00:48:38 - [TEST_STEP][PASSED] - setText(findTestObject("View course grade/Page_Local Moodle Log in to the site/input_Username_username"), "admin"): Text 'admin' is set on object 'Object Repository/View course grade/Page_Local Moodle Log in to the site/input_Username_username'

2022-01-18 00:48:39 - [MESSAGE][PASSED] - Text 'admin' is set on object 'Object Repository/View course grade/Page_Local Moodle Log in to the site/input_Username_username'

2022-01-18 00:48:39 - [TEST_STEP][PASSED] - setEncryptedText(findTestObject("View course grade/Page_Local Moodle Log in to the site/input_Password_password"), "bfAykA/oWJ09FXmiKh6lyuuLu8QhG1K5"): Text ****** has been set on object 'Object Repository/View course grade/Page_Local Moodle Log in to the site/input_Password_password'

2022-01-18 00:48:40 - [MESSAGE][PASSED] - Text ****** has been set on object 'Object Repository/View course grade/Page_Local Moodle Log in to the site/input_Password_password'

2022-01-18 00:48:40 - [TEST_STEP][PASSED] - click(findTestObject("View course grade/Page_Local Moodle Log in to the site/button_Log in")): Object: 'Object Repository/View course grade/Page_Local Moodle Log in to the site/button_Log in' is clicked on

2022-01-18 00:48:43 - [MESSAGE][PASSED] - Object: 'Object Repository/View course grade/Page_Local Moodle Log in to the site/button_Log in' is clicked on

2022-01-18 00:48:43 - [MESSAGE][INFO] - 

2022-01-18 00:48:43 - [MESSAGE][INFO] - ===================== Self-healing Report ====================

2022-01-18 00:48:43 - [MESSAGE][INFO] - One of the failed test object locators has been recovered by Self-healing. Please refer to the Self-healing Insights tab for more details.

2022-01-18 00:48:43 - [MESSAGE][INFO] - To learn more about Self-healing, please read https://docs.katalon.com/katalon-studio/docs/self-healing.html

2022-01-18 00:48:43 - [MESSAGE][INFO] - ==============================================================

2022-01-18 00:48:43 - [MESSAGE][PASSED] - Call Test Case 'Test Cases/Utils/Login as admin' successfully

2022-01-18 00:48:43 - [TEST_STEP][PASSED] - click(findTestObject("Object Repository/Create course/Page_Nh ca ti/span_Qun tr khu vc")): Object: 'Object Repository/Create course/Page_Nh ca ti/span_Qun tr khu vc' is clicked on

2022-01-18 00:48:49 - [MESSAGE][PASSED] - Object: 'Object Repository/Create course/Page_Nh ca ti/span_Qun tr khu vc' is clicked on

2022-01-18 00:48:49 - [TEST_STEP][PASSED] - click(findTestObject("Object Repository/Create course/Page_Moodle Khu vc qun tr Tm kim/a_Kho hc")): Object: 'Object Repository/Create course/Page_Moodle Khu vc qun tr Tm kim/a_Kho hc' is clicked on

2022-01-18 00:48:49 - [MESSAGE][PASSED] - Object: 'Object Repository/Create course/Page_Moodle Khu vc qun tr Tm kim/a_Kho hc' is clicked on

2022-01-18 00:48:49 - [TEST_STEP][PASSED] - click(findTestObject("Object Repository/Create course/Page_Moodle Khu vc qun tr Tm kim/a_Thmsa cc kho hc")): Object: 'Object Repository/Create course/Page_Moodle Khu vc qun tr Tm kim/a_Thmsa cc kho hc' is clicked on

2022-01-18 00:48:52 - [MESSAGE][PASSED] - Object: 'Object Repository/Create course/Page_Moodle Khu vc qun tr Tm kim/a_Thmsa cc kho hc' is clicked on

2022-01-18 00:48:52 - [TEST_STEP][PASSED] - click(findTestObject("Object Repository/Create course/Page_Qun l kha hc v danh mc kha hc/div_La chn hnh ng hng lot Nhp mn Cng ngh ph_52747d")): Object: 'Object Repository/Create course/Page_Qun l kha hc v danh mc kha hc/div_La chn hnh ng hng lot Nhp mn Cng ngh ph_52747d' is clicked on

2022-01-18 00:48:58 - [MESSAGE][INFO] - Unable to find the element located by 'By.xpath: //div[@id='yui_3_17_2_1_1641378024996_198']'. Please recheck the objects properties to make sure the desired element is located. 

2022-01-18 00:48:58 - [MESSAGE][WARNING] - [SELF-HEALING] Failed to find element with id 'Object Repository/Create course/Page_Qun l kha hc v danh mc kha hc/div_La chn hnh ng hng lot Nhp mn Cng ngh ph_52747d'. Try using Self-healing.

2022-01-18 00:48:59 - [MESSAGE][WARNING] - [SELF-HEALING] The current locator of test object 'Object Repository/Create course/Page_Qun l kha hc v danh mc kha hc/div_La chn hnh ng hng lot Nhp mn Cng ngh ph_52747d' was broken. Propose an alternative one: '(.//*[normalize-space(text()) and normalize-space(.)='Tất cả'])[1]/following::div[1]'.

2022-01-18 00:49:02 - [MESSAGE][PASSED] - Object: 'Object Repository/Create course/Page_Qun l kha hc v danh mc kha hc/div_La chn hnh ng hng lot Nhp mn Cng ngh ph_52747d' is clicked on

2022-01-18 00:49:02 - [TEST_STEP][PASSED] - click(findTestObject("Object Repository/Create course/Page_Qun l kha hc v danh mc kha hc/a_Nhp mn Cng ngh phn mm")): Object: 'Object Repository/Create course/Page_Qun l kha hc v danh mc kha hc/a_Nhp mn Cng ngh phn mm' is clicked on

2022-01-18 00:49:08 - [MESSAGE][INFO] - Unable to find the element located by 'By.xpath: //a[@id='yui_3_17_2_1_1641378024996_202']'. Please recheck the objects properties to make sure the desired element is located. 

2022-01-18 00:49:08 - [MESSAGE][WARNING] - [SELF-HEALING] Failed to find element with id 'Object Repository/Create course/Page_Qun l kha hc v danh mc kha hc/a_Nhp mn Cng ngh phn mm'. Try using Self-healing.

2022-01-18 00:49:09 - [MESSAGE][WARNING] - [SELF-HEALING] The current locator of test object 'Object Repository/Create course/Page_Qun l kha hc v danh mc kha hc/a_Nhp mn Cng ngh phn mm' was broken. Propose an alternative one: '//a[contains(text(),'Nhập môn Công nghệ phần mềm')]'.

2022-01-18 00:49:12 - [MESSAGE][PASSED] - Object: 'Object Repository/Create course/Page_Qun l kha hc v danh mc kha hc/a_Nhp mn Cng ngh phn mm' is clicked on

2022-01-18 00:49:12 - [TEST_STEP][PASSED] - click(findTestObject("Object Repository/Create course/Page_Qun l kha hc v danh mc kha hc/a_Xo")): Object: 'Object Repository/Create course/Page_Qun l kha hc v danh mc kha hc/a_Xo' is clicked on

2022-01-18 00:49:19 - [MESSAGE][INFO] - Unable to find the element located by 'By.xpath: //a[@id='action_link61d570ff7b02a61']'. Please recheck the objects properties to make sure the desired element is located. 

2022-01-18 00:49:19 - [MESSAGE][WARNING] - [SELF-HEALING] Failed to find element with id 'Object Repository/Create course/Page_Qun l kha hc v danh mc kha hc/a_Xo'. Try using Self-healing.

2022-01-18 00:49:19 - [MESSAGE][WARNING] - [SELF-HEALING] The current locator of test object 'Object Repository/Create course/Page_Qun l kha hc v danh mc kha hc/a_Xo' was broken. Propose an alternative one: '//div[@id='course-detail']/div/div[2]/div/a[4]'.

2022-01-18 00:49:22 - [MESSAGE][PASSED] - Object: 'Object Repository/Create course/Page_Qun l kha hc v danh mc kha hc/a_Xo' is clicked on

2022-01-18 00:49:22 - [TEST_STEP][PASSED] - click(findTestObject("Object Repository/Create course/Page_Moodle Xo CNPM/button_Xo")): Object: 'Object Repository/Create course/Page_Moodle Xo CNPM/button_Xo' is clicked on

2022-01-18 00:49:29 - [MESSAGE][INFO] - Unable to find the element located by 'By.xpath: //button[@id='single_button61dfb22f3a4de19']'. Please recheck the objects properties to make sure the desired element is located. 

2022-01-18 00:49:29 - [MESSAGE][WARNING] - [SELF-HEALING] Failed to find element with id 'Object Repository/Create course/Page_Moodle Xo CNPM/button_Xo'. Try using Self-healing.

2022-01-18 00:49:29 - [MESSAGE][WARNING] - [SELF-HEALING] The current locator of test object 'Object Repository/Create course/Page_Moodle Xo CNPM/button_Xo' was broken. Propose an alternative one: '//div[@id='modal-footer']/div/div/form/button'.

2022-01-18 00:49:33 - [MESSAGE][PASSED] - Object: 'Object Repository/Create course/Page_Moodle Xo CNPM/button_Xo' is clicked on

2022-01-18 00:49:33 - [TEST_STEP][PASSED] - click(findTestObject("Object Repository/Create course/Page_Moodle Xo CNPM/button_Tip tc")): Object: 'Object Repository/Create course/Page_Moodle Xo CNPM/button_Tip tc' is clicked on

2022-01-18 00:49:40 - [MESSAGE][INFO] - Unable to find the element located by 'By.xpath: //button[@id='single_button61d571098d12119']'. Please recheck the objects properties to make sure the desired element is located. 

2022-01-18 00:49:40 - [MESSAGE][WARNING] - [SELF-HEALING] Failed to find element with id 'Object Repository/Create course/Page_Moodle Xo CNPM/button_Tip tc'. Try using Self-healing.

2022-01-18 00:49:40 - [MESSAGE][WARNING] - [SELF-HEALING] The current locator of test object 'Object Repository/Create course/Page_Moodle Xo CNPM/button_Tip tc' was broken. Propose an alternative one: '(.//*[normalize-space(text()) and normalize-space(.)='CNPM đã được xoá hoàn toàn'])[1]/following::button[1]'.

2022-01-18 00:49:43 - [MESSAGE][PASSED] - Object: 'Object Repository/Create course/Page_Moodle Xo CNPM/button_Tip tc' is clicked on

2022-01-18 00:49:43 - [MESSAGE][INFO] - 

2022-01-18 00:49:43 - [MESSAGE][INFO] - ===================== Self-healing Report ====================

2022-01-18 00:49:43 - [MESSAGE][INFO] - One of the failed test object locators has been recovered by Self-healing. Please refer to the Self-healing Insights tab for more details.

2022-01-18 00:49:43 - [MESSAGE][INFO] - To learn more about Self-healing, please read https://docs.katalon.com/katalon-studio/docs/self-healing.html

2022-01-18 00:49:43 - [MESSAGE][INFO] - ==============================================================

2022-01-18 00:49:43 - [MESSAGE][PASSED] - Call Test Case 'Test Cases/Utils/Delete course CNPM' successfully

2022-01-18 00:49:43 - [TEST_STEP][PASSED] - closeBrowser(): Browser is closed

2022-01-18 00:49:44 - [MESSAGE][PASSED] - Browser is closed]]></system-out>
         <system-err><![CDATA[]]></system-err>
      </testcase>
      <testcase name="Test Cases/View course grade/Update grade without assignment" time="206.246" classname="Test Cases/View course grade/Update grade without assignment" status="PASSED">
         <system-out><![CDATA[2022-01-18 00:49:44 - [TEST_CASE][PASSED] - Test Cases/View course grade/Update grade without assignment: Test Cases/View course grade/Update grade without assignment

2022-01-18 00:49:46 - [TEST_STEP][PASSED] - openBrowser(""): Browser is opened with url: ''

2022-01-18 00:49:46 - [MESSAGE][INFO] - Starting 'Edge Chromium' driver

2022-01-18 00:49:48 - [MESSAGE][INFO] - Action delay is set to 0 milliseconds

2022-01-18 00:49:51 - [MESSAGE][PASSED] - Browser is opened with url: ''

2022-01-18 00:49:51 - [TEST_STEP][PASSED] - navigateToUrl("http://localhost/"): Navigate to 'http://localhost/' successfully

2022-01-18 00:49:54 - [MESSAGE][PASSED] - Navigate to 'http://localhost/' successfully

2022-01-18 00:49:54 - [TEST_STEP][PASSED] - callTestCase(findTestCase("Utils/Create course CNPM"), [:], STOP_ON_FAILURE): Call Test Case 'Test Cases/Utils/Create course CNPM' successfully

2022-01-18 00:49:54 - [TEST_CASE][PASSED] - Test Cases/Utils/Create course CNPM: Test Cases/Utils/Create course CNPM

2022-01-18 00:49:54 - [TEST_STEP][PASSED] - callTestCase(findTestCase("Utils/Login as admin"), [:], STOP_ON_FAILURE): Call Test Case 'Test Cases/Utils/Login as admin' successfully

2022-01-18 00:49:54 - [TEST_CASE][PASSED] - Test Cases/Utils/Login as admin: Test Cases/Utils/Login as admin

2022-01-18 00:49:54 - [TEST_STEP][PASSED] - click(findTestObject("View course grade/Page_Local Moodle/a_Log in")): Object: 'Object Repository/View course grade/Page_Local Moodle/a_Log in' is clicked on

2022-01-18 00:49:56 - [MESSAGE][PASSED] - Object: 'Object Repository/View course grade/Page_Local Moodle/a_Log in' is clicked on

2022-01-18 00:49:56 - [TEST_STEP][PASSED] - setText(findTestObject("View course grade/Page_Local Moodle Log in to the site/input_Username_username"), "admin"): Text 'admin' is set on object 'Object Repository/View course grade/Page_Local Moodle Log in to the site/input_Username_username'

2022-01-18 00:49:58 - [MESSAGE][PASSED] - Text 'admin' is set on object 'Object Repository/View course grade/Page_Local Moodle Log in to the site/input_Username_username'

2022-01-18 00:49:58 - [TEST_STEP][PASSED] - setEncryptedText(findTestObject("View course grade/Page_Local Moodle Log in to the site/input_Password_password"), "bfAykA/oWJ09FXmiKh6lyuuLu8QhG1K5"): Text ****** has been set on object 'Object Repository/View course grade/Page_Local Moodle Log in to the site/input_Password_password'

2022-01-18 00:49:59 - [MESSAGE][PASSED] - Text ****** has been set on object 'Object Repository/View course grade/Page_Local Moodle Log in to the site/input_Password_password'

2022-01-18 00:49:59 - [TEST_STEP][PASSED] - click(findTestObject("View course grade/Page_Local Moodle Log in to the site/button_Log in")): Object: 'Object Repository/View course grade/Page_Local Moodle Log in to the site/button_Log in' is clicked on

2022-01-18 00:50:03 - [MESSAGE][PASSED] - Object: 'Object Repository/View course grade/Page_Local Moodle Log in to the site/button_Log in' is clicked on

2022-01-18 00:50:03 - [MESSAGE][PASSED] - Call Test Case 'Test Cases/Utils/Login as admin' successfully

2022-01-18 00:50:03 - [TEST_STEP][PASSED] - click(findTestObject("Object Repository/Utils/Page_Nh ca ti/span_Qun tr khu vc")): Object: 'Object Repository/Utils/Page_Nh ca ti/span_Qun tr khu vc' is clicked on

2022-01-18 00:50:10 - [MESSAGE][PASSED] - Object: 'Object Repository/Utils/Page_Nh ca ti/span_Qun tr khu vc' is clicked on

2022-01-18 00:50:10 - [TEST_STEP][PASSED] - click(findTestObject("Object Repository/Utils/Page_Moodle Khu vc qun tr Tm kim/a_Kho hc")): Object: 'Object Repository/Utils/Page_Moodle Khu vc qun tr Tm kim/a_Kho hc' is clicked on

2022-01-18 00:50:11 - [MESSAGE][PASSED] - Object: 'Object Repository/Utils/Page_Moodle Khu vc qun tr Tm kim/a_Kho hc' is clicked on

2022-01-18 00:50:11 - [TEST_STEP][PASSED] - click(findTestObject("Object Repository/Utils/Page_Moodle Khu vc qun tr Tm kim/a_Thmsa cc kho hc")): Object: 'Object Repository/Utils/Page_Moodle Khu vc qun tr Tm kim/a_Thmsa cc kho hc' is clicked on

2022-01-18 00:50:15 - [MESSAGE][PASSED] - Object: 'Object Repository/Utils/Page_Moodle Khu vc qun tr Tm kim/a_Thmsa cc kho hc' is clicked on

2022-01-18 00:50:15 - [TEST_STEP][PASSED] - click(findTestObject("Object Repository/Utils/Page_Qun l kha hc v danh mc kha hc/a_To kha hc mi")): Object: 'Object Repository/Utils/Page_Qun l kha hc v danh mc kha hc/a_To kha hc mi' is clicked on

2022-01-18 00:50:21 - [MESSAGE][INFO] - Unable to find the element located by 'By.xpath: //div[@id='yui_3_17_2_1_1641906891631_57']/div/div/a'. Please recheck the objects properties to make sure the desired element is located. 

2022-01-18 00:50:21 - [MESSAGE][WARNING] - [SELF-HEALING] Failed to find element with id 'Object Repository/Utils/Page_Qun l kha hc v danh mc kha hc/a_To kha hc mi'. Try using Self-healing.

2022-01-18 00:50:22 - [MESSAGE][WARNING] - [SELF-HEALING] The current locator of test object 'Object Repository/Utils/Page_Qun l kha hc v danh mc kha hc/a_To kha hc mi' was broken. Propose an alternative one: '//a[contains(text(),'Tạo khóa học mới')]'.

2022-01-18 00:50:28 - [MESSAGE][PASSED] - Object: 'Object Repository/Utils/Page_Qun l kha hc v danh mc kha hc/a_To kha hc mi' is clicked on

2022-01-18 00:50:28 - [TEST_STEP][PASSED] - setText(findTestObject("Object Repository/Utils/Page_Moodle Thm kho hc mi/input_Tn y_fullname"), "Nhập môn Công nghệ phần mềm"): Text 'Nhập môn Công nghệ phần mềm' is set on object 'Object Repository/Utils/Page_Moodle Thm kho hc mi/input_Tn y_fullname'

2022-01-18 00:50:31 - [MESSAGE][PASSED] - Text 'Nhập môn Công nghệ phần mềm' is set on object 'Object Repository/Utils/Page_Moodle Thm kho hc mi/input_Tn y_fullname'

2022-01-18 00:50:31 - [TEST_STEP][PASSED] - setText(findTestObject("Object Repository/Utils/Page_Moodle Thm kho hc mi/input_Tn rt gn ca kho hc_shortname"), "CNPM"): Text 'CNPM' is set on object 'Object Repository/Utils/Page_Moodle Thm kho hc mi/input_Tn rt gn ca kho hc_shortname'

2022-01-18 00:50:33 - [MESSAGE][PASSED] - Text 'CNPM' is set on object 'Object Repository/Utils/Page_Moodle Thm kho hc mi/input_Tn rt gn ca kho hc_shortname'

2022-01-18 00:50:33 - [TEST_STEP][PASSED] - click(findTestObject("Object Repository/Utils/Page_Moodle Thm kho hc mi/input__saveanddisplay")): Object: 'Object Repository/Utils/Page_Moodle Thm kho hc mi/input__saveanddisplay' is clicked on

2022-01-18 00:50:39 - [MESSAGE][PASSED] - Object: 'Object Repository/Utils/Page_Moodle Thm kho hc mi/input__saveanddisplay' is clicked on

2022-01-18 00:50:39 - [TEST_STEP][PASSED] - click(findTestObject("Object Repository/Utils/Page_CNPM Danh sch thnh vin/input_Danh sch thnh vin_btn btn-secondary my-1")): Object: 'Object Repository/Utils/Page_CNPM Danh sch thnh vin/input_Danh sch thnh vin_btn btn-secondary my-1' is clicked on

2022-01-18 00:50:40 - [MESSAGE][PASSED] - Object: 'Object Repository/Utils/Page_CNPM Danh sch thnh vin/input_Danh sch thnh vin_btn btn-secondary my-1' is clicked on

2022-01-18 00:50:40 - [TEST_STEP][PASSED] - click(findTestObject("Object Repository/Utils/Page_CNPM Danh sch thnh vin/span_")): Object: 'Object Repository/Utils/Page_CNPM Danh sch thnh vin/span_' is clicked on

2022-01-18 00:50:47 - [MESSAGE][INFO] - Unable to find the element located by 'By.xpath: //span[@id='form_autocomplete_downarrow-1641965227117']'. Please recheck the objects properties to make sure the desired element is located. 

2022-01-18 00:50:47 - [MESSAGE][WARNING] - [SELF-HEALING] Failed to find element with id 'Object Repository/Utils/Page_CNPM Danh sch thnh vin/span_'. Try using Self-healing.

2022-01-18 00:50:48 - [MESSAGE][WARNING] - [SELF-HEALING] The current locator of test object 'Object Repository/Utils/Page_CNPM Danh sch thnh vin/span_' was broken. Propose an alternative one: '//div[@id='fitem_id_userlist']/div[2]/div[3]/span'.

2022-01-18 00:50:48 - [MESSAGE][PASSED] - Object: 'Object Repository/Utils/Page_CNPM Danh sch thnh vin/span_' is clicked on

2022-01-18 00:50:48 - [TEST_STEP][PASSED] - click(findTestObject("Object Repository/Utils/Page_CNPM Danh sch thnh vin/span_Student Nguyen")): Object: 'Object Repository/Utils/Page_CNPM Danh sch thnh vin/span_Student Nguyen' is clicked on

2022-01-18 00:50:55 - [MESSAGE][INFO] - Unable to find the element located by 'By.xpath: //li[@id='form_autocomplete_suggestions-1641965227117-0']/span/span'. Please recheck the objects properties to make sure the desired element is located. 

2022-01-18 00:50:55 - [MESSAGE][WARNING] - [SELF-HEALING] Failed to find element with id 'Object Repository/Utils/Page_CNPM Danh sch thnh vin/span_Student Nguyen'. Try using Self-healing.

2022-01-18 00:50:55 - [MESSAGE][WARNING] - [SELF-HEALING] The current locator of test object 'Object Repository/Utils/Page_CNPM Danh sch thnh vin/span_Student Nguyen' was broken. Propose an alternative one: '(.//*[normalize-space(text()) and normalize-space(.)='student@gmail.com'])[2]/preceding::span[1]'.

2022-01-18 00:50:55 - [MESSAGE][PASSED] - Object: 'Object Repository/Utils/Page_CNPM Danh sch thnh vin/span_Student Nguyen' is clicked on

2022-01-18 00:50:55 - [TEST_STEP][PASSED] - click(findTestObject("Object Repository/Utils/Page_CNPM Danh sch thnh vin/button_Ghi danh ngi dng")): Object: 'Object Repository/Utils/Page_CNPM Danh sch thnh vin/button_Ghi danh ngi dng' is clicked on

2022-01-18 00:51:01 - [MESSAGE][INFO] - Unable to find the element located by 'By.xpath: //button[@id='yui_3_17_2_1_1641965226678_264']'. Please recheck the objects properties to make sure the desired element is located. 

2022-01-18 00:51:01 - [MESSAGE][WARNING] - [SELF-HEALING] Failed to find element with id 'Object Repository/Utils/Page_CNPM Danh sch thnh vin/button_Ghi danh ngi dng'. Try using Self-healing.

2022-01-18 00:51:02 - [MESSAGE][WARNING] - [SELF-HEALING] The current locator of test object 'Object Repository/Utils/Page_CNPM Danh sch thnh vin/button_Ghi danh ngi dng' was broken. Propose an alternative one: '(.//*[normalize-space(text()) and normalize-space(.)='Phút'])[1]/following::button[1]'.

2022-01-18 00:51:02 - [MESSAGE][PASSED] - Object: 'Object Repository/Utils/Page_CNPM Danh sch thnh vin/button_Ghi danh ngi dng' is clicked on

2022-01-18 00:51:02 - [TEST_STEP][PASSED] - click(findTestObject("Object Repository/Utils/Page_CNPM Danh sch thnh vin/input_Danh sch thnh vin_btn btn-secondary my-1")): Object: 'Object Repository/Utils/Page_CNPM Danh sch thnh vin/input_Danh sch thnh vin_btn btn-secondary my-1' is clicked on

2022-01-18 00:51:03 - [MESSAGE][PASSED] - Object: 'Object Repository/Utils/Page_CNPM Danh sch thnh vin/input_Danh sch thnh vin_btn btn-secondary my-1' is clicked on

2022-01-18 00:51:03 - [TEST_STEP][PASSED] - selectOptionByValue(findTestObject("Object Repository/Create course/Page_CNPM Danh sch thnh vin/select_Ngi qun l            Gio vin        _4311d9"), "3", true): All options with value '3' are selected in object 'Object Repository/Create course/Page_CNPM Danh sch thnh vin/select_Ngi qun l            Gio vin        _4311d9'  using regular expression

2022-01-18 00:51:06 - [MESSAGE][PASSED] - All options with value '3' are selected in object 'Object Repository/Create course/Page_CNPM Danh sch thnh vin/select_Ngi qun l            Gio vin        _4311d9'  using regular expression

2022-01-18 00:51:06 - [TEST_STEP][PASSED] - click(findTestObject("Object Repository/Utils/Page_CNPM Danh sch thnh vin/span_")): Object: 'Object Repository/Utils/Page_CNPM Danh sch thnh vin/span_' is clicked on

2022-01-18 00:51:12 - [MESSAGE][INFO] - Unable to find the element located by 'By.xpath: //span[@id='form_autocomplete_downarrow-1641965227117']'. Please recheck the objects properties to make sure the desired element is located. 

2022-01-18 00:51:12 - [MESSAGE][WARNING] - [SELF-HEALING] Failed to find element with id 'Object Repository/Utils/Page_CNPM Danh sch thnh vin/span_'. Try using Self-healing.

2022-01-18 00:51:13 - [MESSAGE][WARNING] - [SELF-HEALING] The current locator of test object 'Object Repository/Utils/Page_CNPM Danh sch thnh vin/span_' was broken. Propose an alternative one: '//div[@id='fitem_id_userlist']/div[2]/div[3]/span'.

2022-01-18 00:51:13 - [MESSAGE][PASSED] - Object: 'Object Repository/Utils/Page_CNPM Danh sch thnh vin/span_' is clicked on

2022-01-18 00:51:13 - [TEST_STEP][PASSED] - click(findTestObject("Object Repository/Create course/Page_CNPM Danh sch thnh vin/span_Nguyen Van A")): Object: 'Object Repository/Create course/Page_CNPM Danh sch thnh vin/span_Nguyen Van A' is clicked on

2022-01-18 00:51:19 - [MESSAGE][INFO] - Unable to find the element located by 'By.xpath: //li[@id='form_autocomplete_suggestions-1642350427588-0']/span/span'. Please recheck the objects properties to make sure the desired element is located. 

2022-01-18 00:51:19 - [MESSAGE][WARNING] - [SELF-HEALING] Failed to find element with id 'Object Repository/Create course/Page_CNPM Danh sch thnh vin/span_Nguyen Van A'. Try using Self-healing.

2022-01-18 00:51:20 - [MESSAGE][WARNING] - [SELF-HEALING] The current locator of test object 'Object Repository/Create course/Page_CNPM Danh sch thnh vin/span_Nguyen Van A' was broken. Propose an alternative one: '(.//*[normalize-space(text()) and normalize-space(.)='▼'])[1]/following::span[2]'.

2022-01-18 00:51:20 - [MESSAGE][PASSED] - Object: 'Object Repository/Create course/Page_CNPM Danh sch thnh vin/span_Nguyen Van A' is clicked on

2022-01-18 00:51:20 - [TEST_STEP][PASSED] - click(findTestObject("Object Repository/Create course/Page_CNPM Danh sch thnh vin/button_Ghi danh ngi dng_1")): Object: 'Object Repository/Create course/Page_CNPM Danh sch thnh vin/button_Ghi danh ngi dng_1' is clicked on

2022-01-18 00:51:26 - [MESSAGE][INFO] - Unable to find the element located by 'By.xpath: //button[@id='yui_3_17_2_1_1642348738650_377']'. Please recheck the objects properties to make sure the desired element is located. 

2022-01-18 00:51:26 - [MESSAGE][WARNING] - [SELF-HEALING] Failed to find element with id 'Object Repository/Create course/Page_CNPM Danh sch thnh vin/button_Ghi danh ngi dng_1'. Try using Self-healing.

2022-01-18 00:51:26 - [MESSAGE][WARNING] - [SELF-HEALING] The current locator of test object 'Object Repository/Create course/Page_CNPM Danh sch thnh vin/button_Ghi danh ngi dng_1' was broken. Propose an alternative one: '(.//*[normalize-space(text()) and normalize-space(.)='Phút'])[1]/following::button[1]'.

2022-01-18 00:51:26 - [MESSAGE][PASSED] - Object: 'Object Repository/Create course/Page_CNPM Danh sch thnh vin/button_Ghi danh ngi dng_1' is clicked on

2022-01-18 00:51:26 - [TEST_STEP][PASSED] - click(findTestObject("Object Repository/Utils/Page_CNPM Danh sch thnh vin/span_CNPM")): Object: 'Object Repository/Utils/Page_CNPM Danh sch thnh vin/span_CNPM' is clicked on

2022-01-18 00:51:29 - [MESSAGE][PASSED] - Object: 'Object Repository/Utils/Page_CNPM Danh sch thnh vin/span_CNPM' is clicked on

2022-01-18 00:51:29 - [TEST_STEP][PASSED] - click(findTestObject("Create folder and quiz/Page_CNPM Danh sch thnh vin/a_Qun tr Thnh vin")): Object: 'Object Repository/Create folder and quiz/Page_CNPM Danh sch thnh vin/a_Qun tr Thnh vin' is clicked on

2022-01-18 00:51:29 - [MESSAGE][PASSED] - Object: 'Object Repository/Create folder and quiz/Page_CNPM Danh sch thnh vin/a_Qun tr Thnh vin' is clicked on

2022-01-18 00:51:29 - [TEST_STEP][PASSED] - click(findTestObject("Create folder and quiz/Page_CNPM Danh sch thnh vin/span_Thot")): Object: 'Object Repository/Create folder and quiz/Page_CNPM Danh sch thnh vin/span_Thot' is clicked on

2022-01-18 00:51:30 - [MESSAGE][PASSED] - Object: 'Object Repository/Create folder and quiz/Page_CNPM Danh sch thnh vin/span_Thot' is clicked on

2022-01-18 00:51:30 - [MESSAGE][INFO] - 

2022-01-18 00:51:30 - [MESSAGE][INFO] - ===================== Self-healing Report ====================

2022-01-18 00:51:30 - [MESSAGE][INFO] - One of the failed test object locators has been recovered by Self-healing. Please refer to the Self-healing Insights tab for more details.

2022-01-18 00:51:30 - [MESSAGE][INFO] - To learn more about Self-healing, please read https://docs.katalon.com/katalon-studio/docs/self-healing.html

2022-01-18 00:51:30 - [MESSAGE][INFO] - ==============================================================

2022-01-18 00:51:30 - [MESSAGE][PASSED] - Call Test Case 'Test Cases/Utils/Create course CNPM' successfully

2022-01-18 00:51:30 - [TEST_STEP][PASSED] - callTestCase(findTestCase("Utils/Login as admin"), [:], STOP_ON_FAILURE): Call Test Case 'Test Cases/Utils/Login as admin' successfully

2022-01-18 00:51:30 - [TEST_CASE][PASSED] - Test Cases/Utils/Login as admin: Test Cases/Utils/Login as admin

2022-01-18 00:51:30 - [TEST_STEP][PASSED] - click(findTestObject("View course grade/Page_Local Moodle/a_Log in")): Object: 'Object Repository/View course grade/Page_Local Moodle/a_Log in' is clicked on

2022-01-18 00:51:32 - [MESSAGE][PASSED] - Object: 'Object Repository/View course grade/Page_Local Moodle/a_Log in' is clicked on

2022-01-18 00:51:32 - [TEST_STEP][PASSED] - setText(findTestObject("View course grade/Page_Local Moodle Log in to the site/input_Username_username"), "admin"): Text 'admin' is set on object 'Object Repository/View course grade/Page_Local Moodle Log in to the site/input_Username_username'

2022-01-18 00:51:32 - [MESSAGE][PASSED] - Text 'admin' is set on object 'Object Repository/View course grade/Page_Local Moodle Log in to the site/input_Username_username'

2022-01-18 00:51:32 - [TEST_STEP][PASSED] - setEncryptedText(findTestObject("View course grade/Page_Local Moodle Log in to the site/input_Password_password"), "bfAykA/oWJ09FXmiKh6lyuuLu8QhG1K5"): Text ****** has been set on object 'Object Repository/View course grade/Page_Local Moodle Log in to the site/input_Password_password'

2022-01-18 00:51:33 - [MESSAGE][PASSED] - Text ****** has been set on object 'Object Repository/View course grade/Page_Local Moodle Log in to the site/input_Password_password'

2022-01-18 00:51:33 - [TEST_STEP][PASSED] - click(findTestObject("View course grade/Page_Local Moodle Log in to the site/button_Log in")): Object: 'Object Repository/View course grade/Page_Local Moodle Log in to the site/button_Log in' is clicked on

2022-01-18 00:51:36 - [MESSAGE][PASSED] - Object: 'Object Repository/View course grade/Page_Local Moodle Log in to the site/button_Log in' is clicked on

2022-01-18 00:51:36 - [MESSAGE][INFO] - 

2022-01-18 00:51:36 - [MESSAGE][INFO] - ===================== Self-healing Report ====================

2022-01-18 00:51:36 - [MESSAGE][INFO] - One of the failed test object locators has been recovered by Self-healing. Please refer to the Self-healing Insights tab for more details.

2022-01-18 00:51:36 - [MESSAGE][INFO] - To learn more about Self-healing, please read https://docs.katalon.com/katalon-studio/docs/self-healing.html

2022-01-18 00:51:36 - [MESSAGE][INFO] - ==============================================================

2022-01-18 00:51:36 - [MESSAGE][PASSED] - Call Test Case 'Test Cases/Utils/Login as admin' successfully

2022-01-18 00:51:36 - [TEST_STEP][PASSED] - click(findTestObject("View course grade/Page_Nh ca ti/span_Trang ch h thng")): Object: 'Object Repository/View course grade/Page_Nh ca ti/span_Trang ch h thng' is clicked on

2022-01-18 00:51:41 - [MESSAGE][PASSED] - Object: 'Object Repository/View course grade/Page_Nh ca ti/span_Trang ch h thng' is clicked on

2022-01-18 00:51:41 - [TEST_STEP][PASSED] - click(findTestObject("View course grade/Page_Local Moodle/a_Nhp mn Cng ngh phn mm")): Object: 'Object Repository/View course grade/Page_Local Moodle/a_Nhp mn Cng ngh phn mm' is clicked on

2022-01-18 00:51:42 - [MESSAGE][PASSED] - Object: 'Object Repository/View course grade/Page_Local Moodle/a_Nhp mn Cng ngh phn mm' is clicked on

2022-01-18 00:51:42 - [TEST_STEP][PASSED] - click(findTestObject("View course grade/Page_Kha Nhp mn Cng ngh phn mm/span_im s")): Object: 'Object Repository/View course grade/Page_Kha Nhp mn Cng ngh phn mm/span_im s' is clicked on

2022-01-18 00:51:44 - [MESSAGE][PASSED] - Object: 'Object Repository/View course grade/Page_Kha Nhp mn Cng ngh phn mm/span_im s' is clicked on

2022-01-18 00:51:44 - [TEST_STEP][PASSED] - click(findTestObject("View course grade/Page_im s Xem/button_Bt ch  chnh sa")): Object: 'Object Repository/View course grade/Page_im s Xem/button_Bt ch  chnh sa' is clicked on

2022-01-18 00:51:50 - [MESSAGE][INFO] - Unable to find the element located by 'By.xpath: //button[@id='single_button61dd59ce1c3a21']'. Please recheck the objects properties to make sure the desired element is located. 

2022-01-18 00:51:50 - [MESSAGE][WARNING] - [SELF-HEALING] Failed to find element with id 'Object Repository/View course grade/Page_im s Xem/button_Bt ch  chnh sa'. Try using Self-healing.

2022-01-18 00:51:51 - [MESSAGE][WARNING] - [SELF-HEALING] The current locator of test object 'Object Repository/View course grade/Page_im s Xem/button_Bt ch  chnh sa' was broken. Propose an alternative one: '//header[@id='page-header']/div/div/div/div[2]/div[2]/div/form/button'.

2022-01-18 00:51:52 - [MESSAGE][PASSED] - Object: 'Object Repository/View course grade/Page_im s Xem/button_Bt ch  chnh sa' is clicked on

2022-01-18 00:51:52 - [TEST_STEP][PASSED] - click(findTestObject("View course grade/Page_im s Xem/input_Student Nguyen Tng kha hc grade_grade626")): Object: 'Object Repository/View course grade/Page_im s Xem/input_Student Nguyen Tng kha hc grade_grade626' is clicked on

2022-01-18 00:51:58 - [MESSAGE][INFO] - Unable to find the element located by 'By.xpath: //input[@id='grade_6_26']'. Please recheck the objects properties to make sure the desired element is located. 

2022-01-18 00:51:58 - [MESSAGE][WARNING] - [SELF-HEALING] Failed to find element with id 'Object Repository/View course grade/Page_im s Xem/input_Student Nguyen Tng kha hc grade_grade626'. Try using Self-healing.

2022-01-18 00:51:58 - [MESSAGE][WARNING] - [SELF-HEALING] The current locator of test object 'Object Repository/View course grade/Page_im s Xem/input_Student Nguyen Tng kha hc grade_grade626' was broken. Propose an alternative one: '//td[3]/input'.

2022-01-18 00:51:58 - [MESSAGE][PASSED] - Object: 'Object Repository/View course grade/Page_im s Xem/input_Student Nguyen Tng kha hc grade_grade626' is clicked on

2022-01-18 00:51:58 - [TEST_STEP][PASSED] - setText(findTestObject("View course grade/Page_im s Xem/input_Student Nguyen Tng kha hc grade_grade626"), "9,00"): Text '9,00' is set on object 'Object Repository/View course grade/Page_im s Xem/input_Student Nguyen Tng kha hc grade_grade626'

2022-01-18 00:52:05 - [MESSAGE][INFO] - Unable to find the element located by 'By.xpath: //input[@id='grade_6_26']'. Please recheck the objects properties to make sure the desired element is located. 

2022-01-18 00:52:05 - [MESSAGE][WARNING] - [SELF-HEALING] Failed to find element with id 'Object Repository/View course grade/Page_im s Xem/input_Student Nguyen Tng kha hc grade_grade626'. Try using Self-healing.

2022-01-18 00:52:05 - [MESSAGE][WARNING] - [SELF-HEALING] The current locator of test object 'Object Repository/View course grade/Page_im s Xem/input_Student Nguyen Tng kha hc grade_grade626' was broken. Propose an alternative one: '//td[3]/input'.

2022-01-18 00:52:11 - [MESSAGE][INFO] - Unable to find the element located by 'By.xpath: //input[@id='grade_6_26']'. Please recheck the objects properties to make sure the desired element is located. 

2022-01-18 00:52:11 - [MESSAGE][WARNING] - [SELF-HEALING] Failed to find element with id 'Object Repository/View course grade/Page_im s Xem/input_Student Nguyen Tng kha hc grade_grade626'. Try using Self-healing.

2022-01-18 00:52:12 - [MESSAGE][WARNING] - [SELF-HEALING] The current locator of test object 'Object Repository/View course grade/Page_im s Xem/input_Student Nguyen Tng kha hc grade_grade626' was broken. Propose an alternative one: '//td[3]/input'.

2022-01-18 00:52:12 - [MESSAGE][PASSED] - Text '9,00' is set on object 'Object Repository/View course grade/Page_im s Xem/input_Student Nguyen Tng kha hc grade_grade626'

2022-01-18 00:52:12 - [TEST_STEP][PASSED] - click(findTestObject("View course grade/Page_im s Xem/input_Trung bnh tng_gradersubmit")): Object: 'Object Repository/View course grade/Page_im s Xem/input_Trung bnh tng_gradersubmit' is clicked on

2022-01-18 00:52:13 - [MESSAGE][PASSED] - Object: 'Object Repository/View course grade/Page_im s Xem/input_Trung bnh tng_gradersubmit' is clicked on

2022-01-18 00:52:13 - [TEST_STEP][PASSED] - verifyTextPresent("Điểm được nhập đối với Tổng khóa học cho Student Nguyen nhiều hơn mức tối đa cho phép", false): Text 'Điểm được nhập đối với Tổng khóa học cho Student Nguyen nhiều hơn mức tối đa cho phép' is present on page 

2022-01-18 00:52:14 - [MESSAGE][PASSED] - Text 'Điểm được nhập đối với Tổng khóa học cho Student Nguyen nhiều hơn mức tối đa cho phép' is present on page 

2022-01-18 00:52:14 - [TEST_STEP][PASSED] - click(findTestObject("Create course/Page_CNPM Danh sch thnh vin/a_Qun tr Thnh vin")): Object: 'Object Repository/Create course/Page_CNPM Danh sch thnh vin/a_Qun tr Thnh vin' is clicked on

2022-01-18 00:52:15 - [MESSAGE][PASSED] - Object: 'Object Repository/Create course/Page_CNPM Danh sch thnh vin/a_Qun tr Thnh vin' is clicked on

2022-01-18 00:52:15 - [TEST_STEP][PASSED] - click(findTestObject("Create course/Page_CNPM Danh sch thnh vin/span_Thot")): Object: 'Object Repository/Create course/Page_CNPM Danh sch thnh vin/span_Thot' is clicked on

2022-01-18 00:52:16 - [MESSAGE][PASSED] - Object: 'Object Repository/Create course/Page_CNPM Danh sch thnh vin/span_Thot' is clicked on

2022-01-18 00:52:16 - [TEST_STEP][PASSED] - callTestCase(findTestCase("Utils/Delete course CNPM"), [:], STOP_ON_FAILURE): Call Test Case 'Test Cases/Utils/Delete course CNPM' successfully

2022-01-18 00:52:16 - [TEST_CASE][PASSED] - Test Cases/Utils/Delete course CNPM: Test Cases/Utils/Delete course CNPM

2022-01-18 00:52:16 - [TEST_STEP][PASSED] - callTestCase(findTestCase("Utils/Login as admin"), [:], STOP_ON_FAILURE): Call Test Case 'Test Cases/Utils/Login as admin' successfully

2022-01-18 00:52:16 - [TEST_CASE][PASSED] - Test Cases/Utils/Login as admin: Test Cases/Utils/Login as admin

2022-01-18 00:52:16 - [TEST_STEP][PASSED] - click(findTestObject("View course grade/Page_Local Moodle/a_Log in")): Object: 'Object Repository/View course grade/Page_Local Moodle/a_Log in' is clicked on

2022-01-18 00:52:17 - [MESSAGE][PASSED] - Object: 'Object Repository/View course grade/Page_Local Moodle/a_Log in' is clicked on

2022-01-18 00:52:17 - [TEST_STEP][PASSED] - setText(findTestObject("View course grade/Page_Local Moodle Log in to the site/input_Username_username"), "admin"): Text 'admin' is set on object 'Object Repository/View course grade/Page_Local Moodle Log in to the site/input_Username_username'

2022-01-18 00:52:18 - [MESSAGE][PASSED] - Text 'admin' is set on object 'Object Repository/View course grade/Page_Local Moodle Log in to the site/input_Username_username'

2022-01-18 00:52:18 - [TEST_STEP][PASSED] - setEncryptedText(findTestObject("View course grade/Page_Local Moodle Log in to the site/input_Password_password"), "bfAykA/oWJ09FXmiKh6lyuuLu8QhG1K5"): Text ****** has been set on object 'Object Repository/View course grade/Page_Local Moodle Log in to the site/input_Password_password'

2022-01-18 00:52:19 - [MESSAGE][PASSED] - Text ****** has been set on object 'Object Repository/View course grade/Page_Local Moodle Log in to the site/input_Password_password'

2022-01-18 00:52:19 - [TEST_STEP][PASSED] - click(findTestObject("View course grade/Page_Local Moodle Log in to the site/button_Log in")): Object: 'Object Repository/View course grade/Page_Local Moodle Log in to the site/button_Log in' is clicked on

2022-01-18 00:52:22 - [MESSAGE][PASSED] - Object: 'Object Repository/View course grade/Page_Local Moodle Log in to the site/button_Log in' is clicked on

2022-01-18 00:52:22 - [MESSAGE][INFO] - 

2022-01-18 00:52:22 - [MESSAGE][INFO] - ===================== Self-healing Report ====================

2022-01-18 00:52:22 - [MESSAGE][INFO] - One of the failed test object locators has been recovered by Self-healing. Please refer to the Self-healing Insights tab for more details.

2022-01-18 00:52:22 - [MESSAGE][INFO] - To learn more about Self-healing, please read https://docs.katalon.com/katalon-studio/docs/self-healing.html

2022-01-18 00:52:22 - [MESSAGE][INFO] - ==============================================================

2022-01-18 00:52:22 - [MESSAGE][PASSED] - Call Test Case 'Test Cases/Utils/Login as admin' successfully

2022-01-18 00:52:22 - [TEST_STEP][PASSED] - click(findTestObject("Object Repository/Create course/Page_Nh ca ti/span_Qun tr khu vc")): Object: 'Object Repository/Create course/Page_Nh ca ti/span_Qun tr khu vc' is clicked on

2022-01-18 00:52:27 - [MESSAGE][PASSED] - Object: 'Object Repository/Create course/Page_Nh ca ti/span_Qun tr khu vc' is clicked on

2022-01-18 00:52:27 - [TEST_STEP][PASSED] - click(findTestObject("Object Repository/Create course/Page_Moodle Khu vc qun tr Tm kim/a_Kho hc")): Object: 'Object Repository/Create course/Page_Moodle Khu vc qun tr Tm kim/a_Kho hc' is clicked on

2022-01-18 00:52:27 - [MESSAGE][PASSED] - Object: 'Object Repository/Create course/Page_Moodle Khu vc qun tr Tm kim/a_Kho hc' is clicked on

2022-01-18 00:52:27 - [TEST_STEP][PASSED] - click(findTestObject("Object Repository/Create course/Page_Moodle Khu vc qun tr Tm kim/a_Thmsa cc kho hc")): Object: 'Object Repository/Create course/Page_Moodle Khu vc qun tr Tm kim/a_Thmsa cc kho hc' is clicked on

2022-01-18 00:52:29 - [MESSAGE][PASSED] - Object: 'Object Repository/Create course/Page_Moodle Khu vc qun tr Tm kim/a_Thmsa cc kho hc' is clicked on

2022-01-18 00:52:29 - [TEST_STEP][PASSED] - click(findTestObject("Object Repository/Create course/Page_Qun l kha hc v danh mc kha hc/div_La chn hnh ng hng lot Nhp mn Cng ngh ph_52747d")): Object: 'Object Repository/Create course/Page_Qun l kha hc v danh mc kha hc/div_La chn hnh ng hng lot Nhp mn Cng ngh ph_52747d' is clicked on

2022-01-18 00:52:35 - [MESSAGE][INFO] - Unable to find the element located by 'By.xpath: //div[@id='yui_3_17_2_1_1641378024996_198']'. Please recheck the objects properties to make sure the desired element is located. 

2022-01-18 00:52:35 - [MESSAGE][WARNING] - [SELF-HEALING] Failed to find element with id 'Object Repository/Create course/Page_Qun l kha hc v danh mc kha hc/div_La chn hnh ng hng lot Nhp mn Cng ngh ph_52747d'. Try using Self-healing.

2022-01-18 00:52:36 - [MESSAGE][WARNING] - [SELF-HEALING] The current locator of test object 'Object Repository/Create course/Page_Qun l kha hc v danh mc kha hc/div_La chn hnh ng hng lot Nhp mn Cng ngh ph_52747d' was broken. Propose an alternative one: '(.//*[normalize-space(text()) and normalize-space(.)='Tất cả'])[1]/following::div[1]'.

2022-01-18 00:52:37 - [MESSAGE][PASSED] - Object: 'Object Repository/Create course/Page_Qun l kha hc v danh mc kha hc/div_La chn hnh ng hng lot Nhp mn Cng ngh ph_52747d' is clicked on

2022-01-18 00:52:37 - [TEST_STEP][PASSED] - click(findTestObject("Object Repository/Create course/Page_Qun l kha hc v danh mc kha hc/a_Nhp mn Cng ngh phn mm")): Object: 'Object Repository/Create course/Page_Qun l kha hc v danh mc kha hc/a_Nhp mn Cng ngh phn mm' is clicked on

2022-01-18 00:52:43 - [MESSAGE][INFO] - Unable to find the element located by 'By.xpath: //a[@id='yui_3_17_2_1_1641378024996_202']'. Please recheck the objects properties to make sure the desired element is located. 

2022-01-18 00:52:43 - [MESSAGE][WARNING] - [SELF-HEALING] Failed to find element with id 'Object Repository/Create course/Page_Qun l kha hc v danh mc kha hc/a_Nhp mn Cng ngh phn mm'. Try using Self-healing.

2022-01-18 00:52:44 - [MESSAGE][WARNING] - [SELF-HEALING] The current locator of test object 'Object Repository/Create course/Page_Qun l kha hc v danh mc kha hc/a_Nhp mn Cng ngh phn mm' was broken. Propose an alternative one: '//a[contains(text(),'Nhập môn Công nghệ phần mềm')]'.

2022-01-18 00:52:45 - [MESSAGE][PASSED] - Object: 'Object Repository/Create course/Page_Qun l kha hc v danh mc kha hc/a_Nhp mn Cng ngh phn mm' is clicked on

2022-01-18 00:52:45 - [TEST_STEP][PASSED] - click(findTestObject("Object Repository/Create course/Page_Qun l kha hc v danh mc kha hc/a_Xo")): Object: 'Object Repository/Create course/Page_Qun l kha hc v danh mc kha hc/a_Xo' is clicked on

2022-01-18 00:52:51 - [MESSAGE][INFO] - Unable to find the element located by 'By.xpath: //a[@id='action_link61d570ff7b02a61']'. Please recheck the objects properties to make sure the desired element is located. 

2022-01-18 00:52:51 - [MESSAGE][WARNING] - [SELF-HEALING] Failed to find element with id 'Object Repository/Create course/Page_Qun l kha hc v danh mc kha hc/a_Xo'. Try using Self-healing.

2022-01-18 00:52:52 - [MESSAGE][WARNING] - [SELF-HEALING] The current locator of test object 'Object Repository/Create course/Page_Qun l kha hc v danh mc kha hc/a_Xo' was broken. Propose an alternative one: '//div[@id='course-detail']/div/div[2]/div/a[4]'.

2022-01-18 00:52:53 - [MESSAGE][PASSED] - Object: 'Object Repository/Create course/Page_Qun l kha hc v danh mc kha hc/a_Xo' is clicked on

2022-01-18 00:52:53 - [TEST_STEP][PASSED] - click(findTestObject("Object Repository/Create course/Page_Moodle Xo CNPM/button_Xo")): Object: 'Object Repository/Create course/Page_Moodle Xo CNPM/button_Xo' is clicked on

2022-01-18 00:52:59 - [MESSAGE][INFO] - Unable to find the element located by 'By.xpath: //button[@id='single_button61dfb22f3a4de19']'. Please recheck the objects properties to make sure the desired element is located. 

2022-01-18 00:52:59 - [MESSAGE][WARNING] - [SELF-HEALING] Failed to find element with id 'Object Repository/Create course/Page_Moodle Xo CNPM/button_Xo'. Try using Self-healing.

2022-01-18 00:52:59 - [MESSAGE][WARNING] - [SELF-HEALING] The current locator of test object 'Object Repository/Create course/Page_Moodle Xo CNPM/button_Xo' was broken. Propose an alternative one: '//div[@id='modal-footer']/div/div/form/button'.

2022-01-18 00:53:01 - [MESSAGE][PASSED] - Object: 'Object Repository/Create course/Page_Moodle Xo CNPM/button_Xo' is clicked on

2022-01-18 00:53:01 - [TEST_STEP][PASSED] - click(findTestObject("Object Repository/Create course/Page_Moodle Xo CNPM/button_Tip tc")): Object: 'Object Repository/Create course/Page_Moodle Xo CNPM/button_Tip tc' is clicked on

2022-01-18 00:53:07 - [MESSAGE][INFO] - Unable to find the element located by 'By.xpath: //button[@id='single_button61d571098d12119']'. Please recheck the objects properties to make sure the desired element is located. 

2022-01-18 00:53:07 - [MESSAGE][WARNING] - [SELF-HEALING] Failed to find element with id 'Object Repository/Create course/Page_Moodle Xo CNPM/button_Tip tc'. Try using Self-healing.

2022-01-18 00:53:08 - [MESSAGE][WARNING] - [SELF-HEALING] The current locator of test object 'Object Repository/Create course/Page_Moodle Xo CNPM/button_Tip tc' was broken. Propose an alternative one: '(.//*[normalize-space(text()) and normalize-space(.)='CNPM đã được xoá hoàn toàn'])[1]/following::button[1]'.

2022-01-18 00:53:09 - [MESSAGE][PASSED] - Object: 'Object Repository/Create course/Page_Moodle Xo CNPM/button_Tip tc' is clicked on

2022-01-18 00:53:09 - [MESSAGE][INFO] - 

2022-01-18 00:53:09 - [MESSAGE][INFO] - ===================== Self-healing Report ====================

2022-01-18 00:53:09 - [MESSAGE][INFO] - One of the failed test object locators has been recovered by Self-healing. Please refer to the Self-healing Insights tab for more details.

2022-01-18 00:53:09 - [MESSAGE][INFO] - To learn more about Self-healing, please read https://docs.katalon.com/katalon-studio/docs/self-healing.html

2022-01-18 00:53:09 - [MESSAGE][INFO] - ==============================================================

2022-01-18 00:53:09 - [MESSAGE][PASSED] - Call Test Case 'Test Cases/Utils/Delete course CNPM' successfully

2022-01-18 00:53:09 - [TEST_STEP][PASSED] - closeBrowser(): Browser is closed

2022-01-18 00:53:11 - [MESSAGE][PASSED] - Browser is closed]]></system-out>
         <system-err><![CDATA[]]></system-err>
      </testcase>
      <testcase name="Test Cases/View course grade/View grader report site" time="174.447" classname="Test Cases/View course grade/View grader report site" status="PASSED">
         <system-out><![CDATA[2022-01-18 00:53:11 - [TEST_CASE][PASSED] - Test Cases/View course grade/View grader report site: Test Cases/View course grade/View grader report site

2022-01-18 00:53:11 - [TEST_STEP][PASSED] - openBrowser(""): Browser is opened with url: ''

2022-01-18 00:53:11 - [MESSAGE][INFO] - Starting 'Edge Chromium' driver

2022-01-18 00:53:14 - [MESSAGE][INFO] - Action delay is set to 0 milliseconds

2022-01-18 00:53:16 - [MESSAGE][PASSED] - Browser is opened with url: ''

2022-01-18 00:53:16 - [TEST_STEP][PASSED] - navigateToUrl("http://localhost/"): Navigate to 'http://localhost/' successfully

2022-01-18 00:53:18 - [MESSAGE][PASSED] - Navigate to 'http://localhost/' successfully

2022-01-18 00:53:18 - [TEST_STEP][PASSED] - callTestCase(findTestCase("Utils/Create course CNPM"), [:], STOP_ON_FAILURE): Call Test Case 'Test Cases/Utils/Create course CNPM' successfully

2022-01-18 00:53:18 - [TEST_CASE][PASSED] - Test Cases/Utils/Create course CNPM: Test Cases/Utils/Create course CNPM

2022-01-18 00:53:18 - [TEST_STEP][PASSED] - callTestCase(findTestCase("Utils/Login as admin"), [:], STOP_ON_FAILURE): Call Test Case 'Test Cases/Utils/Login as admin' successfully

2022-01-18 00:53:18 - [TEST_CASE][PASSED] - Test Cases/Utils/Login as admin: Test Cases/Utils/Login as admin

2022-01-18 00:53:18 - [TEST_STEP][PASSED] - click(findTestObject("View course grade/Page_Local Moodle/a_Log in")): Object: 'Object Repository/View course grade/Page_Local Moodle/a_Log in' is clicked on

2022-01-18 00:53:19 - [MESSAGE][PASSED] - Object: 'Object Repository/View course grade/Page_Local Moodle/a_Log in' is clicked on

2022-01-18 00:53:19 - [TEST_STEP][PASSED] - setText(findTestObject("View course grade/Page_Local Moodle Log in to the site/input_Username_username"), "admin"): Text 'admin' is set on object 'Object Repository/View course grade/Page_Local Moodle Log in to the site/input_Username_username'

2022-01-18 00:53:20 - [MESSAGE][PASSED] - Text 'admin' is set on object 'Object Repository/View course grade/Page_Local Moodle Log in to the site/input_Username_username'

2022-01-18 00:53:20 - [TEST_STEP][PASSED] - setEncryptedText(findTestObject("View course grade/Page_Local Moodle Log in to the site/input_Password_password"), "bfAykA/oWJ09FXmiKh6lyuuLu8QhG1K5"): Text ****** has been set on object 'Object Repository/View course grade/Page_Local Moodle Log in to the site/input_Password_password'

2022-01-18 00:53:21 - [MESSAGE][PASSED] - Text ****** has been set on object 'Object Repository/View course grade/Page_Local Moodle Log in to the site/input_Password_password'

2022-01-18 00:53:21 - [TEST_STEP][PASSED] - click(findTestObject("View course grade/Page_Local Moodle Log in to the site/button_Log in")): Object: 'Object Repository/View course grade/Page_Local Moodle Log in to the site/button_Log in' is clicked on

2022-01-18 00:53:25 - [MESSAGE][PASSED] - Object: 'Object Repository/View course grade/Page_Local Moodle Log in to the site/button_Log in' is clicked on

2022-01-18 00:53:25 - [MESSAGE][PASSED] - Call Test Case 'Test Cases/Utils/Login as admin' successfully

2022-01-18 00:53:25 - [TEST_STEP][PASSED] - click(findTestObject("Object Repository/Utils/Page_Nh ca ti/span_Qun tr khu vc")): Object: 'Object Repository/Utils/Page_Nh ca ti/span_Qun tr khu vc' is clicked on

2022-01-18 00:53:31 - [MESSAGE][PASSED] - Object: 'Object Repository/Utils/Page_Nh ca ti/span_Qun tr khu vc' is clicked on

2022-01-18 00:53:31 - [TEST_STEP][PASSED] - click(findTestObject("Object Repository/Utils/Page_Moodle Khu vc qun tr Tm kim/a_Kho hc")): Object: 'Object Repository/Utils/Page_Moodle Khu vc qun tr Tm kim/a_Kho hc' is clicked on

2022-01-18 00:53:31 - [MESSAGE][PASSED] - Object: 'Object Repository/Utils/Page_Moodle Khu vc qun tr Tm kim/a_Kho hc' is clicked on

2022-01-18 00:53:31 - [TEST_STEP][PASSED] - click(findTestObject("Object Repository/Utils/Page_Moodle Khu vc qun tr Tm kim/a_Thmsa cc kho hc")): Object: 'Object Repository/Utils/Page_Moodle Khu vc qun tr Tm kim/a_Thmsa cc kho hc' is clicked on

2022-01-18 00:53:34 - [MESSAGE][PASSED] - Object: 'Object Repository/Utils/Page_Moodle Khu vc qun tr Tm kim/a_Thmsa cc kho hc' is clicked on

2022-01-18 00:53:34 - [TEST_STEP][PASSED] - click(findTestObject("Object Repository/Utils/Page_Qun l kha hc v danh mc kha hc/a_To kha hc mi")): Object: 'Object Repository/Utils/Page_Qun l kha hc v danh mc kha hc/a_To kha hc mi' is clicked on

2022-01-18 00:53:40 - [MESSAGE][INFO] - Unable to find the element located by 'By.xpath: //div[@id='yui_3_17_2_1_1641906891631_57']/div/div/a'. Please recheck the objects properties to make sure the desired element is located. 

2022-01-18 00:53:40 - [MESSAGE][WARNING] - [SELF-HEALING] Failed to find element with id 'Object Repository/Utils/Page_Qun l kha hc v danh mc kha hc/a_To kha hc mi'. Try using Self-healing.

2022-01-18 00:53:41 - [MESSAGE][WARNING] - [SELF-HEALING] The current locator of test object 'Object Repository/Utils/Page_Qun l kha hc v danh mc kha hc/a_To kha hc mi' was broken. Propose an alternative one: '//a[contains(text(),'Tạo khóa học mới')]'.

2022-01-18 00:53:44 - [MESSAGE][PASSED] - Object: 'Object Repository/Utils/Page_Qun l kha hc v danh mc kha hc/a_To kha hc mi' is clicked on

2022-01-18 00:53:44 - [TEST_STEP][PASSED] - setText(findTestObject("Object Repository/Utils/Page_Moodle Thm kho hc mi/input_Tn y_fullname"), "Nhập môn Công nghệ phần mềm"): Text 'Nhập môn Công nghệ phần mềm' is set on object 'Object Repository/Utils/Page_Moodle Thm kho hc mi/input_Tn y_fullname'

2022-01-18 00:53:45 - [MESSAGE][PASSED] - Text 'Nhập môn Công nghệ phần mềm' is set on object 'Object Repository/Utils/Page_Moodle Thm kho hc mi/input_Tn y_fullname'

2022-01-18 00:53:45 - [TEST_STEP][PASSED] - setText(findTestObject("Object Repository/Utils/Page_Moodle Thm kho hc mi/input_Tn rt gn ca kho hc_shortname"), "CNPM"): Text 'CNPM' is set on object 'Object Repository/Utils/Page_Moodle Thm kho hc mi/input_Tn rt gn ca kho hc_shortname'

2022-01-18 00:53:46 - [MESSAGE][PASSED] - Text 'CNPM' is set on object 'Object Repository/Utils/Page_Moodle Thm kho hc mi/input_Tn rt gn ca kho hc_shortname'

2022-01-18 00:53:46 - [TEST_STEP][PASSED] - click(findTestObject("Object Repository/Utils/Page_Moodle Thm kho hc mi/input__saveanddisplay")): Object: 'Object Repository/Utils/Page_Moodle Thm kho hc mi/input__saveanddisplay' is clicked on

2022-01-18 00:53:49 - [MESSAGE][PASSED] - Object: 'Object Repository/Utils/Page_Moodle Thm kho hc mi/input__saveanddisplay' is clicked on

2022-01-18 00:53:49 - [TEST_STEP][PASSED] - click(findTestObject("Object Repository/Utils/Page_CNPM Danh sch thnh vin/input_Danh sch thnh vin_btn btn-secondary my-1")): Object: 'Object Repository/Utils/Page_CNPM Danh sch thnh vin/input_Danh sch thnh vin_btn btn-secondary my-1' is clicked on

2022-01-18 00:53:50 - [MESSAGE][PASSED] - Object: 'Object Repository/Utils/Page_CNPM Danh sch thnh vin/input_Danh sch thnh vin_btn btn-secondary my-1' is clicked on

2022-01-18 00:53:50 - [TEST_STEP][PASSED] - click(findTestObject("Object Repository/Utils/Page_CNPM Danh sch thnh vin/span_")): Object: 'Object Repository/Utils/Page_CNPM Danh sch thnh vin/span_' is clicked on

2022-01-18 00:53:56 - [MESSAGE][INFO] - Unable to find the element located by 'By.xpath: //span[@id='form_autocomplete_downarrow-1641965227117']'. Please recheck the objects properties to make sure the desired element is located. 

2022-01-18 00:53:56 - [MESSAGE][WARNING] - [SELF-HEALING] Failed to find element with id 'Object Repository/Utils/Page_CNPM Danh sch thnh vin/span_'. Try using Self-healing.

2022-01-18 00:53:56 - [MESSAGE][WARNING] - [SELF-HEALING] The current locator of test object 'Object Repository/Utils/Page_CNPM Danh sch thnh vin/span_' was broken. Propose an alternative one: '//div[@id='fitem_id_userlist']/div[2]/div[3]/span'.

2022-01-18 00:53:56 - [MESSAGE][PASSED] - Object: 'Object Repository/Utils/Page_CNPM Danh sch thnh vin/span_' is clicked on

2022-01-18 00:53:56 - [TEST_STEP][PASSED] - click(findTestObject("Object Repository/Utils/Page_CNPM Danh sch thnh vin/span_Student Nguyen")): Object: 'Object Repository/Utils/Page_CNPM Danh sch thnh vin/span_Student Nguyen' is clicked on

2022-01-18 00:54:03 - [MESSAGE][INFO] - Unable to find the element located by 'By.xpath: //li[@id='form_autocomplete_suggestions-1641965227117-0']/span/span'. Please recheck the objects properties to make sure the desired element is located. 

2022-01-18 00:54:03 - [MESSAGE][WARNING] - [SELF-HEALING] Failed to find element with id 'Object Repository/Utils/Page_CNPM Danh sch thnh vin/span_Student Nguyen'. Try using Self-healing.

2022-01-18 00:54:03 - [MESSAGE][WARNING] - [SELF-HEALING] The current locator of test object 'Object Repository/Utils/Page_CNPM Danh sch thnh vin/span_Student Nguyen' was broken. Propose an alternative one: '(.//*[normalize-space(text()) and normalize-space(.)='student@gmail.com'])[2]/preceding::span[1]'.

2022-01-18 00:54:03 - [MESSAGE][PASSED] - Object: 'Object Repository/Utils/Page_CNPM Danh sch thnh vin/span_Student Nguyen' is clicked on

2022-01-18 00:54:03 - [TEST_STEP][PASSED] - click(findTestObject("Object Repository/Utils/Page_CNPM Danh sch thnh vin/button_Ghi danh ngi dng")): Object: 'Object Repository/Utils/Page_CNPM Danh sch thnh vin/button_Ghi danh ngi dng' is clicked on

2022-01-18 00:54:10 - [MESSAGE][INFO] - Unable to find the element located by 'By.xpath: //button[@id='yui_3_17_2_1_1641965226678_264']'. Please recheck the objects properties to make sure the desired element is located. 

2022-01-18 00:54:10 - [MESSAGE][WARNING] - [SELF-HEALING] Failed to find element with id 'Object Repository/Utils/Page_CNPM Danh sch thnh vin/button_Ghi danh ngi dng'. Try using Self-healing.

2022-01-18 00:54:10 - [MESSAGE][WARNING] - [SELF-HEALING] The current locator of test object 'Object Repository/Utils/Page_CNPM Danh sch thnh vin/button_Ghi danh ngi dng' was broken. Propose an alternative one: '(.//*[normalize-space(text()) and normalize-space(.)='Phút'])[1]/following::button[1]'.

2022-01-18 00:54:10 - [MESSAGE][PASSED] - Object: 'Object Repository/Utils/Page_CNPM Danh sch thnh vin/button_Ghi danh ngi dng' is clicked on

2022-01-18 00:54:10 - [TEST_STEP][PASSED] - click(findTestObject("Object Repository/Utils/Page_CNPM Danh sch thnh vin/input_Danh sch thnh vin_btn btn-secondary my-1")): Object: 'Object Repository/Utils/Page_CNPM Danh sch thnh vin/input_Danh sch thnh vin_btn btn-secondary my-1' is clicked on

2022-01-18 00:54:11 - [MESSAGE][PASSED] - Object: 'Object Repository/Utils/Page_CNPM Danh sch thnh vin/input_Danh sch thnh vin_btn btn-secondary my-1' is clicked on

2022-01-18 00:54:11 - [TEST_STEP][PASSED] - selectOptionByValue(findTestObject("Object Repository/Create course/Page_CNPM Danh sch thnh vin/select_Ngi qun l            Gio vin        _4311d9"), "3", true): All options with value '3' are selected in object 'Object Repository/Create course/Page_CNPM Danh sch thnh vin/select_Ngi qun l            Gio vin        _4311d9'  using regular expression

2022-01-18 00:54:14 - [MESSAGE][PASSED] - All options with value '3' are selected in object 'Object Repository/Create course/Page_CNPM Danh sch thnh vin/select_Ngi qun l            Gio vin        _4311d9'  using regular expression

2022-01-18 00:54:14 - [TEST_STEP][PASSED] - click(findTestObject("Object Repository/Utils/Page_CNPM Danh sch thnh vin/span_")): Object: 'Object Repository/Utils/Page_CNPM Danh sch thnh vin/span_' is clicked on

2022-01-18 00:54:20 - [MESSAGE][INFO] - Unable to find the element located by 'By.xpath: //span[@id='form_autocomplete_downarrow-1641965227117']'. Please recheck the objects properties to make sure the desired element is located. 

2022-01-18 00:54:20 - [MESSAGE][WARNING] - [SELF-HEALING] Failed to find element with id 'Object Repository/Utils/Page_CNPM Danh sch thnh vin/span_'. Try using Self-healing.

2022-01-18 00:54:20 - [MESSAGE][WARNING] - [SELF-HEALING] The current locator of test object 'Object Repository/Utils/Page_CNPM Danh sch thnh vin/span_' was broken. Propose an alternative one: '//div[@id='fitem_id_userlist']/div[2]/div[3]/span'.

2022-01-18 00:54:21 - [MESSAGE][PASSED] - Object: 'Object Repository/Utils/Page_CNPM Danh sch thnh vin/span_' is clicked on

2022-01-18 00:54:21 - [TEST_STEP][PASSED] - click(findTestObject("Object Repository/Create course/Page_CNPM Danh sch thnh vin/span_Nguyen Van A")): Object: 'Object Repository/Create course/Page_CNPM Danh sch thnh vin/span_Nguyen Van A' is clicked on

2022-01-18 00:54:27 - [MESSAGE][INFO] - Unable to find the element located by 'By.xpath: //li[@id='form_autocomplete_suggestions-1642350427588-0']/span/span'. Please recheck the objects properties to make sure the desired element is located. 

2022-01-18 00:54:27 - [MESSAGE][WARNING] - [SELF-HEALING] Failed to find element with id 'Object Repository/Create course/Page_CNPM Danh sch thnh vin/span_Nguyen Van A'. Try using Self-healing.

2022-01-18 00:54:27 - [MESSAGE][WARNING] - [SELF-HEALING] The current locator of test object 'Object Repository/Create course/Page_CNPM Danh sch thnh vin/span_Nguyen Van A' was broken. Propose an alternative one: '(.//*[normalize-space(text()) and normalize-space(.)='▼'])[1]/following::span[2]'.

2022-01-18 00:54:27 - [MESSAGE][PASSED] - Object: 'Object Repository/Create course/Page_CNPM Danh sch thnh vin/span_Nguyen Van A' is clicked on

2022-01-18 00:54:27 - [TEST_STEP][PASSED] - click(findTestObject("Object Repository/Create course/Page_CNPM Danh sch thnh vin/button_Ghi danh ngi dng_1")): Object: 'Object Repository/Create course/Page_CNPM Danh sch thnh vin/button_Ghi danh ngi dng_1' is clicked on

2022-01-18 00:54:34 - [MESSAGE][INFO] - Unable to find the element located by 'By.xpath: //button[@id='yui_3_17_2_1_1642348738650_377']'. Please recheck the objects properties to make sure the desired element is located. 

2022-01-18 00:54:34 - [MESSAGE][WARNING] - [SELF-HEALING] Failed to find element with id 'Object Repository/Create course/Page_CNPM Danh sch thnh vin/button_Ghi danh ngi dng_1'. Try using Self-healing.

2022-01-18 00:54:34 - [MESSAGE][WARNING] - [SELF-HEALING] The current locator of test object 'Object Repository/Create course/Page_CNPM Danh sch thnh vin/button_Ghi danh ngi dng_1' was broken. Propose an alternative one: '(.//*[normalize-space(text()) and normalize-space(.)='Phút'])[1]/following::button[1]'.

2022-01-18 00:54:34 - [MESSAGE][PASSED] - Object: 'Object Repository/Create course/Page_CNPM Danh sch thnh vin/button_Ghi danh ngi dng_1' is clicked on

2022-01-18 00:54:34 - [TEST_STEP][PASSED] - click(findTestObject("Object Repository/Utils/Page_CNPM Danh sch thnh vin/span_CNPM")): Object: 'Object Repository/Utils/Page_CNPM Danh sch thnh vin/span_CNPM' is clicked on

2022-01-18 00:54:36 - [MESSAGE][PASSED] - Object: 'Object Repository/Utils/Page_CNPM Danh sch thnh vin/span_CNPM' is clicked on

2022-01-18 00:54:36 - [TEST_STEP][PASSED] - click(findTestObject("Create folder and quiz/Page_CNPM Danh sch thnh vin/a_Qun tr Thnh vin")): Object: 'Object Repository/Create folder and quiz/Page_CNPM Danh sch thnh vin/a_Qun tr Thnh vin' is clicked on

2022-01-18 00:54:37 - [MESSAGE][PASSED] - Object: 'Object Repository/Create folder and quiz/Page_CNPM Danh sch thnh vin/a_Qun tr Thnh vin' is clicked on

2022-01-18 00:54:37 - [TEST_STEP][PASSED] - click(findTestObject("Create folder and quiz/Page_CNPM Danh sch thnh vin/span_Thot")): Object: 'Object Repository/Create folder and quiz/Page_CNPM Danh sch thnh vin/span_Thot' is clicked on

2022-01-18 00:54:38 - [MESSAGE][PASSED] - Object: 'Object Repository/Create folder and quiz/Page_CNPM Danh sch thnh vin/span_Thot' is clicked on

2022-01-18 00:54:38 - [MESSAGE][INFO] - 

2022-01-18 00:54:38 - [MESSAGE][INFO] - ===================== Self-healing Report ====================

2022-01-18 00:54:38 - [MESSAGE][INFO] - One of the failed test object locators has been recovered by Self-healing. Please refer to the Self-healing Insights tab for more details.

2022-01-18 00:54:38 - [MESSAGE][INFO] - To learn more about Self-healing, please read https://docs.katalon.com/katalon-studio/docs/self-healing.html

2022-01-18 00:54:38 - [MESSAGE][INFO] - ==============================================================

2022-01-18 00:54:38 - [MESSAGE][PASSED] - Call Test Case 'Test Cases/Utils/Create course CNPM' successfully

2022-01-18 00:54:38 - [TEST_STEP][PASSED] - callTestCase(findTestCase("Utils/Login as admin"), [:], STOP_ON_FAILURE): Call Test Case 'Test Cases/Utils/Login as admin' successfully

2022-01-18 00:54:38 - [TEST_CASE][PASSED] - Test Cases/Utils/Login as admin: Test Cases/Utils/Login as admin

2022-01-18 00:54:38 - [TEST_STEP][PASSED] - click(findTestObject("View course grade/Page_Local Moodle/a_Log in")): Object: 'Object Repository/View course grade/Page_Local Moodle/a_Log in' is clicked on

2022-01-18 00:54:40 - [MESSAGE][PASSED] - Object: 'Object Repository/View course grade/Page_Local Moodle/a_Log in' is clicked on

2022-01-18 00:54:40 - [TEST_STEP][PASSED] - setText(findTestObject("View course grade/Page_Local Moodle Log in to the site/input_Username_username"), "admin"): Text 'admin' is set on object 'Object Repository/View course grade/Page_Local Moodle Log in to the site/input_Username_username'

2022-01-18 00:54:40 - [MESSAGE][PASSED] - Text 'admin' is set on object 'Object Repository/View course grade/Page_Local Moodle Log in to the site/input_Username_username'

2022-01-18 00:54:40 - [TEST_STEP][PASSED] - setEncryptedText(findTestObject("View course grade/Page_Local Moodle Log in to the site/input_Password_password"), "bfAykA/oWJ09FXmiKh6lyuuLu8QhG1K5"): Text ****** has been set on object 'Object Repository/View course grade/Page_Local Moodle Log in to the site/input_Password_password'

2022-01-18 00:54:41 - [MESSAGE][PASSED] - Text ****** has been set on object 'Object Repository/View course grade/Page_Local Moodle Log in to the site/input_Password_password'

2022-01-18 00:54:41 - [TEST_STEP][PASSED] - click(findTestObject("View course grade/Page_Local Moodle Log in to the site/button_Log in")): Object: 'Object Repository/View course grade/Page_Local Moodle Log in to the site/button_Log in' is clicked on

2022-01-18 00:54:45 - [MESSAGE][PASSED] - Object: 'Object Repository/View course grade/Page_Local Moodle Log in to the site/button_Log in' is clicked on

2022-01-18 00:54:45 - [MESSAGE][INFO] - 

2022-01-18 00:54:45 - [MESSAGE][INFO] - ===================== Self-healing Report ====================

2022-01-18 00:54:45 - [MESSAGE][INFO] - One of the failed test object locators has been recovered by Self-healing. Please refer to the Self-healing Insights tab for more details.

2022-01-18 00:54:45 - [MESSAGE][INFO] - To learn more about Self-healing, please read https://docs.katalon.com/katalon-studio/docs/self-healing.html

2022-01-18 00:54:45 - [MESSAGE][INFO] - ==============================================================

2022-01-18 00:54:45 - [MESSAGE][PASSED] - Call Test Case 'Test Cases/Utils/Login as admin' successfully

2022-01-18 00:54:45 - [TEST_STEP][PASSED] - click(findTestObject("View course grade/Page_Nh ca ti/span_Trang ch h thng")): Object: 'Object Repository/View course grade/Page_Nh ca ti/span_Trang ch h thng' is clicked on

2022-01-18 00:54:52 - [MESSAGE][PASSED] - Object: 'Object Repository/View course grade/Page_Nh ca ti/span_Trang ch h thng' is clicked on

2022-01-18 00:54:52 - [TEST_STEP][PASSED] - click(findTestObject("View course grade/Page_Local Moodle/a_Nhp mn Cng ngh phn mm")): Object: 'Object Repository/View course grade/Page_Local Moodle/a_Nhp mn Cng ngh phn mm' is clicked on

2022-01-18 00:54:54 - [MESSAGE][PASSED] - Object: 'Object Repository/View course grade/Page_Local Moodle/a_Nhp mn Cng ngh phn mm' is clicked on

2022-01-18 00:54:54 - [TEST_STEP][PASSED] - click(findTestObject("View course grade/Page_Kha Nhp mn Cng ngh phn mm/span_im s")): Object: 'Object Repository/View course grade/Page_Kha Nhp mn Cng ngh phn mm/span_im s' is clicked on

2022-01-18 00:54:57 - [MESSAGE][PASSED] - Object: 'Object Repository/View course grade/Page_Kha Nhp mn Cng ngh phn mm/span_im s' is clicked on

2022-01-18 00:54:57 - [TEST_STEP][PASSED] - verifyElementText(findTestObject("View course grade/Page_im s Xem/h2_Grader report"), "Grader report"): Actual text and expected text of test object 'Object Repository/View course grade/Page_im s Xem/h2_Grader report' are matched.

2022-01-18 00:54:57 - [MESSAGE][PASSED] - Actual text and expected text of test object 'Object Repository/View course grade/Page_im s Xem/h2_Grader report' are matched.

2022-01-18 00:54:57 - [TEST_STEP][PASSED] - tatCaThanhVien = getText(findTestObject("View course grade/Page_im s Xem/h3_Tt c thnh vin00")): Text of object 'Object Repository/View course grade/Page_im s Xem/h3_Tt c thnh vin00' is: 'Tất cả thành viên:1/1'

2022-01-18 00:54:58 - [MESSAGE][PASSED] - Text of object 'Object Repository/View course grade/Page_im s Xem/h3_Tt c thnh vin00' is: 'Tất cả thành viên:1/1'

2022-01-18 00:54:58 - [TEST_STEP][PASSED] - if (tatCaThanhVien != "Tất cả thành viên:0/0"): Object 'Object Repository/View course grade/Page_im s Xem/th_Trung bnh tng' is visible

2022-01-18 00:54:58 - [TEST_STEP][PASSED] - verifyElementVisible(findTestObject("View course grade/Page_im s Xem/th_Trung bnh tng"), STOP_ON_FAILURE): Object 'Object Repository/View course grade/Page_im s Xem/th_Trung bnh tng' is visible

2022-01-18 00:55:04 - [MESSAGE][INFO] - Unable to find the element located by 'By.xpath: //tr[@id='yui_3_17_2_1_1641829679588_59']/th'. Please recheck the objects properties to make sure the desired element is located. 

2022-01-18 00:55:04 - [MESSAGE][WARNING] - [SELF-HEALING] Failed to find element with id 'Object Repository/View course grade/Page_im s Xem/th_Trung bnh tng'. Try using Self-healing.

2022-01-18 00:55:04 - [MESSAGE][WARNING] - [SELF-HEALING] The current locator of test object 'Object Repository/View course grade/Page_im s Xem/th_Trung bnh tng' was broken. Propose an alternative one: '(.//*[normalize-space(text()) and normalize-space(.)='-'])[1]/following::th[1]'.

2022-01-18 00:55:04 - [MESSAGE][PASSED] - Object 'Object Repository/View course grade/Page_im s Xem/th_Trung bnh tng' is visible

2022-01-18 00:55:04 - [TEST_STEP][PASSED] - click(findTestObject("Create course/Page_CNPM Danh sch thnh vin/a_Qun tr Thnh vin")): Object: 'Object Repository/Create course/Page_CNPM Danh sch thnh vin/a_Qun tr Thnh vin' is clicked on

2022-01-18 00:55:05 - [MESSAGE][PASSED] - Object: 'Object Repository/Create course/Page_CNPM Danh sch thnh vin/a_Qun tr Thnh vin' is clicked on

2022-01-18 00:55:05 - [TEST_STEP][PASSED] - click(findTestObject("Create course/Page_CNPM Danh sch thnh vin/span_Thot")): Object: 'Object Repository/Create course/Page_CNPM Danh sch thnh vin/span_Thot' is clicked on

2022-01-18 00:55:06 - [MESSAGE][PASSED] - Object: 'Object Repository/Create course/Page_CNPM Danh sch thnh vin/span_Thot' is clicked on

2022-01-18 00:55:06 - [TEST_STEP][PASSED] - callTestCase(findTestCase("Utils/Delete course CNPM"), [:], STOP_ON_FAILURE): Call Test Case 'Test Cases/Utils/Delete course CNPM' successfully

2022-01-18 00:55:06 - [TEST_CASE][PASSED] - Test Cases/Utils/Delete course CNPM: Test Cases/Utils/Delete course CNPM

2022-01-18 00:55:07 - [TEST_STEP][PASSED] - callTestCase(findTestCase("Utils/Login as admin"), [:], STOP_ON_FAILURE): Call Test Case 'Test Cases/Utils/Login as admin' successfully

2022-01-18 00:55:07 - [TEST_CASE][PASSED] - Test Cases/Utils/Login as admin: Test Cases/Utils/Login as admin

2022-01-18 00:55:07 - [TEST_STEP][PASSED] - click(findTestObject("View course grade/Page_Local Moodle/a_Log in")): Object: 'Object Repository/View course grade/Page_Local Moodle/a_Log in' is clicked on

2022-01-18 00:55:08 - [MESSAGE][PASSED] - Object: 'Object Repository/View course grade/Page_Local Moodle/a_Log in' is clicked on

2022-01-18 00:55:08 - [TEST_STEP][PASSED] - setText(findTestObject("View course grade/Page_Local Moodle Log in to the site/input_Username_username"), "admin"): Text 'admin' is set on object 'Object Repository/View course grade/Page_Local Moodle Log in to the site/input_Username_username'

2022-01-18 00:55:09 - [MESSAGE][PASSED] - Text 'admin' is set on object 'Object Repository/View course grade/Page_Local Moodle Log in to the site/input_Username_username'

2022-01-18 00:55:09 - [TEST_STEP][PASSED] - setEncryptedText(findTestObject("View course grade/Page_Local Moodle Log in to the site/input_Password_password"), "bfAykA/oWJ09FXmiKh6lyuuLu8QhG1K5"): Text ****** has been set on object 'Object Repository/View course grade/Page_Local Moodle Log in to the site/input_Password_password'

2022-01-18 00:55:09 - [MESSAGE][PASSED] - Text ****** has been set on object 'Object Repository/View course grade/Page_Local Moodle Log in to the site/input_Password_password'

2022-01-18 00:55:09 - [TEST_STEP][PASSED] - click(findTestObject("View course grade/Page_Local Moodle Log in to the site/button_Log in")): Object: 'Object Repository/View course grade/Page_Local Moodle Log in to the site/button_Log in' is clicked on

2022-01-18 00:55:13 - [MESSAGE][PASSED] - Object: 'Object Repository/View course grade/Page_Local Moodle Log in to the site/button_Log in' is clicked on

2022-01-18 00:55:13 - [MESSAGE][INFO] - 

2022-01-18 00:55:13 - [MESSAGE][INFO] - ===================== Self-healing Report ====================

2022-01-18 00:55:13 - [MESSAGE][INFO] - One of the failed test object locators has been recovered by Self-healing. Please refer to the Self-healing Insights tab for more details.

2022-01-18 00:55:13 - [MESSAGE][INFO] - To learn more about Self-healing, please read https://docs.katalon.com/katalon-studio/docs/self-healing.html

2022-01-18 00:55:13 - [MESSAGE][INFO] - ==============================================================

2022-01-18 00:55:13 - [MESSAGE][PASSED] - Call Test Case 'Test Cases/Utils/Login as admin' successfully

2022-01-18 00:55:13 - [TEST_STEP][PASSED] - click(findTestObject("Object Repository/Create course/Page_Nh ca ti/span_Qun tr khu vc")): Object: 'Object Repository/Create course/Page_Nh ca ti/span_Qun tr khu vc' is clicked on

2022-01-18 00:55:20 - [MESSAGE][PASSED] - Object: 'Object Repository/Create course/Page_Nh ca ti/span_Qun tr khu vc' is clicked on

2022-01-18 00:55:20 - [TEST_STEP][PASSED] - click(findTestObject("Object Repository/Create course/Page_Moodle Khu vc qun tr Tm kim/a_Kho hc")): Object: 'Object Repository/Create course/Page_Moodle Khu vc qun tr Tm kim/a_Kho hc' is clicked on

2022-01-18 00:55:21 - [MESSAGE][PASSED] - Object: 'Object Repository/Create course/Page_Moodle Khu vc qun tr Tm kim/a_Kho hc' is clicked on

2022-01-18 00:55:21 - [TEST_STEP][PASSED] - click(findTestObject("Object Repository/Create course/Page_Moodle Khu vc qun tr Tm kim/a_Thmsa cc kho hc")): Object: 'Object Repository/Create course/Page_Moodle Khu vc qun tr Tm kim/a_Thmsa cc kho hc' is clicked on

2022-01-18 00:55:23 - [MESSAGE][PASSED] - Object: 'Object Repository/Create course/Page_Moodle Khu vc qun tr Tm kim/a_Thmsa cc kho hc' is clicked on

2022-01-18 00:55:23 - [TEST_STEP][PASSED] - click(findTestObject("Object Repository/Create course/Page_Qun l kha hc v danh mc kha hc/div_La chn hnh ng hng lot Nhp mn Cng ngh ph_52747d")): Object: 'Object Repository/Create course/Page_Qun l kha hc v danh mc kha hc/div_La chn hnh ng hng lot Nhp mn Cng ngh ph_52747d' is clicked on

2022-01-18 00:55:30 - [MESSAGE][INFO] - Unable to find the element located by 'By.xpath: //div[@id='yui_3_17_2_1_1641378024996_198']'. Please recheck the objects properties to make sure the desired element is located. 

2022-01-18 00:55:30 - [MESSAGE][WARNING] - [SELF-HEALING] Failed to find element with id 'Object Repository/Create course/Page_Qun l kha hc v danh mc kha hc/div_La chn hnh ng hng lot Nhp mn Cng ngh ph_52747d'. Try using Self-healing.

2022-01-18 00:55:30 - [MESSAGE][WARNING] - [SELF-HEALING] The current locator of test object 'Object Repository/Create course/Page_Qun l kha hc v danh mc kha hc/div_La chn hnh ng hng lot Nhp mn Cng ngh ph_52747d' was broken. Propose an alternative one: '(.//*[normalize-space(text()) and normalize-space(.)='Tất cả'])[1]/following::div[1]'.

2022-01-18 00:55:32 - [MESSAGE][PASSED] - Object: 'Object Repository/Create course/Page_Qun l kha hc v danh mc kha hc/div_La chn hnh ng hng lot Nhp mn Cng ngh ph_52747d' is clicked on

2022-01-18 00:55:32 - [TEST_STEP][PASSED] - click(findTestObject("Object Repository/Create course/Page_Qun l kha hc v danh mc kha hc/a_Nhp mn Cng ngh phn mm")): Object: 'Object Repository/Create course/Page_Qun l kha hc v danh mc kha hc/a_Nhp mn Cng ngh phn mm' is clicked on

2022-01-18 00:55:38 - [MESSAGE][INFO] - Unable to find the element located by 'By.xpath: //a[@id='yui_3_17_2_1_1641378024996_202']'. Please recheck the objects properties to make sure the desired element is located. 

2022-01-18 00:55:38 - [MESSAGE][WARNING] - [SELF-HEALING] Failed to find element with id 'Object Repository/Create course/Page_Qun l kha hc v danh mc kha hc/a_Nhp mn Cng ngh phn mm'. Try using Self-healing.

2022-01-18 00:55:38 - [MESSAGE][WARNING] - [SELF-HEALING] The current locator of test object 'Object Repository/Create course/Page_Qun l kha hc v danh mc kha hc/a_Nhp mn Cng ngh phn mm' was broken. Propose an alternative one: '//a[contains(text(),'Nhập môn Công nghệ phần mềm')]'.

2022-01-18 00:55:39 - [MESSAGE][PASSED] - Object: 'Object Repository/Create course/Page_Qun l kha hc v danh mc kha hc/a_Nhp mn Cng ngh phn mm' is clicked on

2022-01-18 00:55:39 - [TEST_STEP][PASSED] - click(findTestObject("Object Repository/Create course/Page_Qun l kha hc v danh mc kha hc/a_Xo")): Object: 'Object Repository/Create course/Page_Qun l kha hc v danh mc kha hc/a_Xo' is clicked on

2022-01-18 00:55:46 - [MESSAGE][INFO] - Unable to find the element located by 'By.xpath: //a[@id='action_link61d570ff7b02a61']'. Please recheck the objects properties to make sure the desired element is located. 

2022-01-18 00:55:46 - [MESSAGE][WARNING] - [SELF-HEALING] Failed to find element with id 'Object Repository/Create course/Page_Qun l kha hc v danh mc kha hc/a_Xo'. Try using Self-healing.

2022-01-18 00:55:46 - [MESSAGE][WARNING] - [SELF-HEALING] The current locator of test object 'Object Repository/Create course/Page_Qun l kha hc v danh mc kha hc/a_Xo' was broken. Propose an alternative one: '//div[@id='course-detail']/div/div[2]/div/a[4]'.

2022-01-18 00:55:47 - [MESSAGE][PASSED] - Object: 'Object Repository/Create course/Page_Qun l kha hc v danh mc kha hc/a_Xo' is clicked on

2022-01-18 00:55:47 - [TEST_STEP][PASSED] - click(findTestObject("Object Repository/Create course/Page_Moodle Xo CNPM/button_Xo")): Object: 'Object Repository/Create course/Page_Moodle Xo CNPM/button_Xo' is clicked on

2022-01-18 00:55:53 - [MESSAGE][INFO] - Unable to find the element located by 'By.xpath: //button[@id='single_button61dfb22f3a4de19']'. Please recheck the objects properties to make sure the desired element is located. 

2022-01-18 00:55:53 - [MESSAGE][WARNING] - [SELF-HEALING] Failed to find element with id 'Object Repository/Create course/Page_Moodle Xo CNPM/button_Xo'. Try using Self-healing.

2022-01-18 00:55:54 - [MESSAGE][WARNING] - [SELF-HEALING] The current locator of test object 'Object Repository/Create course/Page_Moodle Xo CNPM/button_Xo' was broken. Propose an alternative one: '//div[@id='modal-footer']/div/div/form/button'.

2022-01-18 00:55:56 - [MESSAGE][PASSED] - Object: 'Object Repository/Create course/Page_Moodle Xo CNPM/button_Xo' is clicked on

2022-01-18 00:55:56 - [TEST_STEP][PASSED] - click(findTestObject("Object Repository/Create course/Page_Moodle Xo CNPM/button_Tip tc")): Object: 'Object Repository/Create course/Page_Moodle Xo CNPM/button_Tip tc' is clicked on

2022-01-18 00:56:02 - [MESSAGE][INFO] - Unable to find the element located by 'By.xpath: //button[@id='single_button61d571098d12119']'. Please recheck the objects properties to make sure the desired element is located. 

2022-01-18 00:56:02 - [MESSAGE][WARNING] - [SELF-HEALING] Failed to find element with id 'Object Repository/Create course/Page_Moodle Xo CNPM/button_Tip tc'. Try using Self-healing.

2022-01-18 00:56:02 - [MESSAGE][WARNING] - [SELF-HEALING] The current locator of test object 'Object Repository/Create course/Page_Moodle Xo CNPM/button_Tip tc' was broken. Propose an alternative one: '(.//*[normalize-space(text()) and normalize-space(.)='CNPM đã được xoá hoàn toàn'])[1]/following::button[1]'.

2022-01-18 00:56:04 - [MESSAGE][PASSED] - Object: 'Object Repository/Create course/Page_Moodle Xo CNPM/button_Tip tc' is clicked on

2022-01-18 00:56:04 - [MESSAGE][INFO] - 

2022-01-18 00:56:04 - [MESSAGE][INFO] - ===================== Self-healing Report ====================

2022-01-18 00:56:04 - [MESSAGE][INFO] - One of the failed test object locators has been recovered by Self-healing. Please refer to the Self-healing Insights tab for more details.

2022-01-18 00:56:04 - [MESSAGE][INFO] - To learn more about Self-healing, please read https://docs.katalon.com/katalon-studio/docs/self-healing.html

2022-01-18 00:56:04 - [MESSAGE][INFO] - ==============================================================

2022-01-18 00:56:04 - [MESSAGE][PASSED] - Call Test Case 'Test Cases/Utils/Delete course CNPM' successfully

2022-01-18 00:56:04 - [TEST_STEP][PASSED] - closeBrowser(): Browser is closed

2022-01-18 00:56:05 - [MESSAGE][PASSED] - Browser is closed]]></system-out>
         <system-err><![CDATA[]]></system-err>
      </testcase>
      <system-out><![CDATA[2022-01-17 23:07:41 - [TEST_SUITE][FAILED] - Run All Test Cases: Test Cases/Texting/Receive text message from multiple users FAILED.
Reason:
com.kms.katalon.core.exception.StepFailedException: Unable to set text 'I 'm A' of object 'Object Repository/Texting/Page_Nh ca ti/textarea_Use enter to send_yui_3_17_2_1_164_5e8ada'
	at com.kms.katalon.core.webui.keyword.internal.WebUIKeywordMain.stepFailed(WebUIKeywordMain.groovy:64)
	at com.kms.katalon.core.webui.keyword.internal.WebUIKeywordMain.runKeyword(WebUIKeywordMain.groovy:26)
	at com.kms.katalon.core.webui.keyword.builtin.SetTextKeyword.setText(SetTextKeyword.groovy:66)
	at com.kms.katalon.core.webui.keyword.builtin.SetTextKeyword.execute(SetTextKeyword.groovy:37)
	at com.kms.katalon.core.keyword.internal.KeywordExecutor.executeKeywordForPlatform(KeywordExecutor.groovy:74)
	at com.kms.katalon.core.webui.keyword.WebUiBuiltInKeywords.setText(WebUiBuiltInKeywords.groovy:980)
	at com.kms.katalon.core.webui.keyword.WebUiBuiltInKeywords$setText$2.call(Unknown Source)
	at Receive text message from multiple users.run(Receive text message from multiple users:73)
	at com.kms.katalon.core.main.ScriptEngine.run(ScriptEngine.java:194)
	at com.kms.katalon.core.main.ScriptEngine.runScriptAsRawText(ScriptEngine.java:119)
	at com.kms.katalon.core.main.TestCaseExecutor.runScript(TestCaseExecutor.java:442)
	at com.kms.katalon.core.main.TestCaseExecutor.doExecute(TestCaseExecutor.java:433)
	at com.kms.katalon.core.main.TestCaseExecutor.processExecutionPhase(TestCaseExecutor.java:412)
	at com.kms.katalon.core.main.TestCaseExecutor.accessMainPhase(TestCaseExecutor.java:404)
	at com.kms.katalon.core.main.TestCaseExecutor.execute(TestCaseExecutor.java:281)
	at com.kms.katalon.core.main.TestSuiteExecutor.accessTestCaseMainPhase(TestSuiteExecutor.java:202)
	at com.kms.katalon.core.main.TestSuiteExecutor.accessTestSuiteMainPhase(TestSuiteExecutor.java:164)
	at com.kms.katalon.core.main.TestSuiteExecutor.execute(TestSuiteExecutor.java:105)
	at com.kms.katalon.core.main.TestCaseMain.startTestSuite(TestCaseMain.java:181)
	at com.kms.katalon.core.main.TestCaseMain$startTestSuite$0.call(Unknown Source)
	at TempTestSuite1642435649866.run(TempTestSuite1642435649866.groovy:36)
Caused by: org.openqa.selenium.ElementNotInteractableException: element not interactable
  (Session info: MicrosoftEdge=97.0.1072.62)
Build info: version: '3.141.59', revision: 'e82be7d358', time: '2018-11-14T08:25:53'
System info: host: 'DESKTOP-11TAGP6', ip: '192.168.56.1', os.name: 'Windows 10', os.arch: 'amd64', os.version: '10.0', java.version: '1.8.0_282'
Driver info: com.kms.katalon.selenium.driver.CEdgeDriver
Capabilities {acceptInsecureCerts: false, browserName: msedge, browserVersion: 97.0.1072.62, javascriptEnabled: true, ms:edgeOptions: {debuggerAddress: localhost:64444}, msedge: {msedgedriverVersion: 97.0.1072.55 (ce3bf33648805..., userDataDir: C:\Users\W10\AppData\Local\...}, networkConnectionEnabled: false, pageLoadStrategy: normal, platform: WINDOWS, platformName: WINDOWS, proxy: Proxy(), setWindowRect: true, strictFileInteractability: false, timeouts: {implicit: 0, pageLoad: 300000, script: 30000}, unhandledPromptBehavior: dismiss and notify, webauthn:extension:credBlob: true, webauthn:extension:largeBlob: true, webauthn:virtualAuthenticators: true}
Session ID: 26dc54065b3fdf176711ab9d7e24eb9d
	at org.openqa.selenium.remote.http.W3CHttpResponseCodec.createException(W3CHttpResponseCodec.java:187)
	at org.openqa.selenium.remote.http.W3CHttpResponseCodec.decode(W3CHttpResponseCodec.java:122)
	at org.openqa.selenium.remote.http.W3CHttpResponseCodec.decode(W3CHttpResponseCodec.java:49)
	at org.openqa.selenium.remote.HttpCommandExecutor.execute(HttpCommandExecutor.java:158)
	at org.openqa.selenium.remote.service.DriverCommandExecutor.execute(DriverCommandExecutor.java:83)
	at org.openqa.selenium.remote.RemoteWebDriver.execute(RemoteWebDriver.java:552)
	at com.kms.katalon.selenium.driver.CEdgeDriver.execute(CEdgeDriver.java:20)
	at org.openqa.selenium.remote.RemoteWebElement.execute(RemoteWebElement.java:285)
	at org.openqa.selenium.remote.RemoteWebElement.clear(RemoteWebElement.java:124)
	at org.openqa.selenium.support.events.EventFiringWebDriver$EventFiringWebElement.lambda$new$0(EventFiringWebDriver.java:404)
	at com.sun.proxy.$Proxy11.clear(Unknown Source)
	at org.openqa.selenium.support.events.EventFiringWebDriver$EventFiringWebElement.clear(EventFiringWebDriver.java:436)
	at com.kms.katalon.core.webui.keyword.builtin.SetTextKeyword$_setText_closure1.doCall(SetTextKeyword.groovy:53)
	at com.kms.katalon.core.webui.keyword.builtin.SetTextKeyword$_setText_closure1.call(SetTextKeyword.groovy)
	at com.kms.katalon.core.webui.keyword.internal.WebUIKeywordMain.runKeyword(WebUIKeywordMain.groovy:20)
	... 19 more]]></system-out>
      <system-err><![CDATA[2022-01-17 23:07:41 - [TEST_SUITE][FAILED] - Run All Test Cases: Test Cases/Texting/Receive text message from multiple users FAILED.
Reason:
com.kms.katalon.core.exception.StepFailedException: Unable to set text 'I 'm A' of object 'Object Repository/Texting/Page_Nh ca ti/textarea_Use enter to send_yui_3_17_2_1_164_5e8ada'
	at com.kms.katalon.core.webui.keyword.internal.WebUIKeywordMain.stepFailed(WebUIKeywordMain.groovy:64)
	at com.kms.katalon.core.webui.keyword.internal.WebUIKeywordMain.runKeyword(WebUIKeywordMain.groovy:26)
	at com.kms.katalon.core.webui.keyword.builtin.SetTextKeyword.setText(SetTextKeyword.groovy:66)
	at com.kms.katalon.core.webui.keyword.builtin.SetTextKeyword.execute(SetTextKeyword.groovy:37)
	at com.kms.katalon.core.keyword.internal.KeywordExecutor.executeKeywordForPlatform(KeywordExecutor.groovy:74)
	at com.kms.katalon.core.webui.keyword.WebUiBuiltInKeywords.setText(WebUiBuiltInKeywords.groovy:980)
	at com.kms.katalon.core.webui.keyword.WebUiBuiltInKeywords$setText$2.call(Unknown Source)
	at Receive text message from multiple users.run(Receive text message from multiple users:73)
	at com.kms.katalon.core.main.ScriptEngine.run(ScriptEngine.java:194)
	at com.kms.katalon.core.main.ScriptEngine.runScriptAsRawText(ScriptEngine.java:119)
	at com.kms.katalon.core.main.TestCaseExecutor.runScript(TestCaseExecutor.java:442)
	at com.kms.katalon.core.main.TestCaseExecutor.doExecute(TestCaseExecutor.java:433)
	at com.kms.katalon.core.main.TestCaseExecutor.processExecutionPhase(TestCaseExecutor.java:412)
	at com.kms.katalon.core.main.TestCaseExecutor.accessMainPhase(TestCaseExecutor.java:404)
	at com.kms.katalon.core.main.TestCaseExecutor.execute(TestCaseExecutor.java:281)
	at com.kms.katalon.core.main.TestSuiteExecutor.accessTestCaseMainPhase(TestSuiteExecutor.java:202)
	at com.kms.katalon.core.main.TestSuiteExecutor.accessTestSuiteMainPhase(TestSuiteExecutor.java:164)
	at com.kms.katalon.core.main.TestSuiteExecutor.execute(TestSuiteExecutor.java:105)
	at com.kms.katalon.core.main.TestCaseMain.startTestSuite(TestCaseMain.java:181)
	at com.kms.katalon.core.main.TestCaseMain$startTestSuite$0.call(Unknown Source)
	at TempTestSuite1642435649866.run(TempTestSuite1642435649866.groovy:36)
Caused by: org.openqa.selenium.ElementNotInteractableException: element not interactable
  (Session info: MicrosoftEdge=97.0.1072.62)
Build info: version: '3.141.59', revision: 'e82be7d358', time: '2018-11-14T08:25:53'
System info: host: 'DESKTOP-11TAGP6', ip: '192.168.56.1', os.name: 'Windows 10', os.arch: 'amd64', os.version: '10.0', java.version: '1.8.0_282'
Driver info: com.kms.katalon.selenium.driver.CEdgeDriver
Capabilities {acceptInsecureCerts: false, browserName: msedge, browserVersion: 97.0.1072.62, javascriptEnabled: true, ms:edgeOptions: {debuggerAddress: localhost:64444}, msedge: {msedgedriverVersion: 97.0.1072.55 (ce3bf33648805..., userDataDir: C:\Users\W10\AppData\Local\...}, networkConnectionEnabled: false, pageLoadStrategy: normal, platform: WINDOWS, platformName: WINDOWS, proxy: Proxy(), setWindowRect: true, strictFileInteractability: false, timeouts: {implicit: 0, pageLoad: 300000, script: 30000}, unhandledPromptBehavior: dismiss and notify, webauthn:extension:credBlob: true, webauthn:extension:largeBlob: true, webauthn:virtualAuthenticators: true}
Session ID: 26dc54065b3fdf176711ab9d7e24eb9d
	at org.openqa.selenium.remote.http.W3CHttpResponseCodec.createException(W3CHttpResponseCodec.java:187)
	at org.openqa.selenium.remote.http.W3CHttpResponseCodec.decode(W3CHttpResponseCodec.java:122)
	at org.openqa.selenium.remote.http.W3CHttpResponseCodec.decode(W3CHttpResponseCodec.java:49)
	at org.openqa.selenium.remote.HttpCommandExecutor.execute(HttpCommandExecutor.java:158)
	at org.openqa.selenium.remote.service.DriverCommandExecutor.execute(DriverCommandExecutor.java:83)
	at org.openqa.selenium.remote.RemoteWebDriver.execute(RemoteWebDriver.java:552)
	at com.kms.katalon.selenium.driver.CEdgeDriver.execute(CEdgeDriver.java:20)
	at org.openqa.selenium.remote.RemoteWebElement.execute(RemoteWebElement.java:285)
	at org.openqa.selenium.remote.RemoteWebElement.clear(RemoteWebElement.java:124)
	at org.openqa.selenium.support.events.EventFiringWebDriver$EventFiringWebElement.lambda$new$0(EventFiringWebDriver.java:404)
	at com.sun.proxy.$Proxy11.clear(Unknown Source)
	at org.openqa.selenium.support.events.EventFiringWebDriver$EventFiringWebElement.clear(EventFiringWebDriver.java:436)
	at com.kms.katalon.core.webui.keyword.builtin.SetTextKeyword$_setText_closure1.doCall(SetTextKeyword.groovy:53)
	at com.kms.katalon.core.webui.keyword.builtin.SetTextKeyword$_setText_closure1.call(SetTextKeyword.groovy)
	at com.kms.katalon.core.webui.keyword.internal.WebUIKeywordMain.runKeyword(WebUIKeywordMain.groovy:20)
	... 19 more]]></system-err>
   </testsuite>
</testsuites>
