<?xml version="1.0" encoding="UTF-8"?>
<testsuites name="Run All Test Cases" time="5914.093" tests="50" failures="17" errors="0">
   <testsuite name="Run All Test Cases" tests="50" failures="17" errors="0" time="5914.093" skipped="0" timestamp="2022-01-17 15:29:02" hostname="banh - DESKTOP-G2F0VIE" id="Test Suites/Run All Test Cases">
      <properties>
         <property name="deviceName" value=""/>
         <property name="devicePlatform" value=""/>
         <property name="logFolder" value="D:\\Cong-Binh Le\\xampp\\htdocs\\moodle\\Test Automation - SE Bonus\\Reports\\20220117_152858\\Run All Test Cases\\20220117_152858"/>
         <property name="logFiles" value="D:\\Cong-Binh Le\\xampp\\htdocs\\moodle\\Test Automation - SE Bonus\\Reports\\20220117_152858\\Run All Test Cases\\20220117_152858\\execution0.log"/>
         <property name="attachments" value="D:\\Cong-Binh Le\\xampp\\htdocs\\moodle\\Test Automation - SE Bonus\\Reports\\20220117_152858\\Run All Test Cases\\20220117_152858\\1642409981562.png, D:\\Cong-Binh Le\\xampp\\htdocs\\moodle\\Test Automation - SE Bonus\\Reports\\20220117_152858\\Run All Test Cases\\20220117_152858\\1642410439055.png, D:\\Cong-Binh Le\\xampp\\htdocs\\moodle\\Test Automation - SE Bonus\\Reports\\20220117_152858\\Run All Test Cases\\20220117_152858\\1642410578012.png, D:\\Cong-Binh Le\\xampp\\htdocs\\moodle\\Test Automation - SE Bonus\\Reports\\20220117_152858\\Run All Test Cases\\20220117_152858\\1642410674929.png, D:\\Cong-Binh Le\\xampp\\htdocs\\moodle\\Test Automation - SE Bonus\\Reports\\20220117_152858\\Run All Test Cases\\20220117_152858\\1642410772027.png, D:\\Cong-Binh Le\\xampp\\htdocs\\moodle\\Test Automation - SE Bonus\\Reports\\20220117_152858\\Run All Test Cases\\20220117_152858\\1642410819310.png, D:\\Cong-Binh Le\\xampp\\htdocs\\moodle\\Test Automation - SE Bonus\\Reports\\20220117_152858\\Run All Test Cases\\20220117_152858\\1642410866479.png, D:\\Cong-Binh Le\\xampp\\htdocs\\moodle\\Test Automation - SE Bonus\\Reports\\20220117_152858\\Run All Test Cases\\20220117_152858\\1642410913991.png, D:\\Cong-Binh Le\\xampp\\htdocs\\moodle\\Test Automation - SE Bonus\\Reports\\20220117_152858\\Run All Test Cases\\20220117_152858\\1642410961368.png, D:\\Cong-Binh Le\\xampp\\htdocs\\moodle\\Test Automation - SE Bonus\\Reports\\20220117_152858\\Run All Test Cases\\20220117_152858\\1642411052945.png, D:\\Cong-Binh Le\\xampp\\htdocs\\moodle\\Test Automation - SE Bonus\\Reports\\20220117_152858\\Run All Test Cases\\20220117_152858\\1642411053293.png, D:\\Cong-Binh Le\\xampp\\htdocs\\moodle\\Test Automation - SE Bonus\\Reports\\20220117_152858\\Run All Test Cases\\20220117_152858\\1642411143244.png, D:\\Cong-Binh Le\\xampp\\htdocs\\moodle\\Test Automation - SE Bonus\\Reports\\20220117_152858\\Run All Test Cases\\20220117_152858\\1642411143559.png, D:\\Cong-Binh Le\\xampp\\htdocs\\moodle\\Test Automation - SE Bonus\\Reports\\20220117_152858\\Run All Test Cases\\20220117_152858\\1642411235025.png, D:\\Cong-Binh Le\\xampp\\htdocs\\moodle\\Test Automation - SE Bonus\\Reports\\20220117_152858\\Run All Test Cases\\20220117_152858\\1642411235387.png, D:\\Cong-Binh Le\\xampp\\htdocs\\moodle\\Test Automation - SE Bonus\\Reports\\20220117_152858\\Run All Test Cases\\20220117_152858\\1642411326176.png, D:\\Cong-Binh Le\\xampp\\htdocs\\moodle\\Test Automation - SE Bonus\\Reports\\20220117_152858\\Run All Test Cases\\20220117_152858\\1642411326492.png, D:\\Cong-Binh Le\\xampp\\htdocs\\moodle\\Test Automation - SE Bonus\\Reports\\20220117_152858\\Run All Test Cases\\20220117_152858\\1642411484940.png, D:\\Cong-Binh Le\\xampp\\htdocs\\moodle\\Test Automation - SE Bonus\\Reports\\20220117_152858\\Run All Test Cases\\20220117_152858\\1642411485275.png, D:\\Cong-Binh Le\\xampp\\htdocs\\moodle\\Test Automation - SE Bonus\\Reports\\20220117_152858\\Run All Test Cases\\20220117_152858\\1642411567068.png, D:\\Cong-Binh Le\\xampp\\htdocs\\moodle\\Test Automation - SE Bonus\\Reports\\20220117_152858\\Run All Test Cases\\20220117_152858\\1642411567410.png, D:\\Cong-Binh Le\\xampp\\htdocs\\moodle\\Test Automation - SE Bonus\\Reports\\20220117_152858\\Run All Test Cases\\20220117_152858\\1642411648476.png, D:\\Cong-Binh Le\\xampp\\htdocs\\moodle\\Test Automation - SE Bonus\\Reports\\20220117_152858\\Run All Test Cases\\20220117_152858\\1642411648798.png, D:\\Cong-Binh Le\\xampp\\htdocs\\moodle\\Test Automation - SE Bonus\\Reports\\20220117_152858\\Run All Test Cases\\20220117_152858\\1642411729756.png, D:\\Cong-Binh Le\\xampp\\htdocs\\moodle\\Test Automation - SE Bonus\\Reports\\20220117_152858\\Run All Test Cases\\20220117_152858\\1642411730083.png, D:\\Cong-Binh Le\\xampp\\htdocs\\moodle\\Test Automation - SE Bonus\\Reports\\20220117_152858\\Run All Test Cases\\20220117_152858\\1642411818644.png, D:\\Cong-Binh Le\\xampp\\htdocs\\moodle\\Test Automation - SE Bonus\\Reports\\20220117_152858\\Run All Test Cases\\20220117_152858\\1642411905485.png, D:\\Cong-Binh Le\\xampp\\htdocs\\moodle\\Test Automation - SE Bonus\\Reports\\20220117_152858\\Run All Test Cases\\20220117_152858\\1642411992692.png, D:\\Cong-Binh Le\\xampp\\htdocs\\moodle\\Test Automation - SE Bonus\\Reports\\20220117_152858\\Run All Test Cases\\20220117_152858\\1642412080699.png, D:\\Cong-Binh Le\\xampp\\htdocs\\moodle\\Test Automation - SE Bonus\\Reports\\20220117_152858\\Run All Test Cases\\20220117_152858\\1642412104185.png, D:\\Cong-Binh Le\\xampp\\htdocs\\moodle\\Test Automation - SE Bonus\\Reports\\20220117_152858\\Run All Test Cases\\20220117_152858\\1642412127061.png, D:\\Cong-Binh Le\\xampp\\htdocs\\moodle\\Test Automation - SE Bonus\\Reports\\20220117_152858\\Run All Test Cases\\20220117_152858\\1642412149527.png, D:\\Cong-Binh Le\\xampp\\htdocs\\moodle\\Test Automation - SE Bonus\\Reports\\20220117_152858\\Run All Test Cases\\20220117_152858\\1642412172239.png, D:\\Cong-Binh Le\\xampp\\htdocs\\moodle\\Test Automation - SE Bonus\\Reports\\20220117_152858\\Run All Test Cases\\20220117_152858\\1642412253278.png, D:\\Cong-Binh Le\\xampp\\htdocs\\moodle\\Test Automation - SE Bonus\\Reports\\20220117_152858\\Run All Test Cases\\20220117_152858\\1642412253567.png, D:\\Cong-Binh Le\\xampp\\htdocs\\moodle\\Test Automation - SE Bonus\\Reports\\20220117_152858\\Run All Test Cases\\20220117_152858\\1642412334380.png, D:\\Cong-Binh Le\\xampp\\htdocs\\moodle\\Test Automation - SE Bonus\\Reports\\20220117_152858\\Run All Test Cases\\20220117_152858\\1642412334670.png, D:\\Cong-Binh Le\\xampp\\htdocs\\moodle\\Test Automation - SE Bonus\\Reports\\20220117_152858\\Run All Test Cases\\20220117_152858\\1642412414414.png, D:\\Cong-Binh Le\\xampp\\htdocs\\moodle\\Test Automation - SE Bonus\\Reports\\20220117_152858\\Run All Test Cases\\20220117_152858\\1642412414759.png, D:\\Cong-Binh Le\\xampp\\htdocs\\moodle\\Test Automation - SE Bonus\\Reports\\20220117_152858\\Run All Test Cases\\20220117_152858\\1642412494601.png, D:\\Cong-Binh Le\\xampp\\htdocs\\moodle\\Test Automation - SE Bonus\\Reports\\20220117_152858\\Run All Test Cases\\20220117_152858\\1642412494885.png, D:\\Cong-Binh Le\\xampp\\htdocs\\moodle\\Test Automation - SE Bonus\\Reports\\20220117_152858\\Run All Test Cases\\20220117_152858\\1642412526854.png, D:\\Cong-Binh Le\\xampp\\htdocs\\moodle\\Test Automation - SE Bonus\\Reports\\20220117_152858\\Run All Test Cases\\20220117_152858\\1642412558441.png, D:\\Cong-Binh Le\\xampp\\htdocs\\moodle\\Test Automation - SE Bonus\\Reports\\20220117_152858\\Run All Test Cases\\20220117_152858\\1642412589949.png, D:\\Cong-Binh Le\\xampp\\htdocs\\moodle\\Test Automation - SE Bonus\\Reports\\20220117_152858\\Run All Test Cases\\20220117_152858\\1642412621803.png, D:\\Cong-Binh Le\\xampp\\htdocs\\moodle\\Test Automation - SE Bonus\\Reports\\20220117_152858\\Run All Test Cases\\20220117_152858\\1642412692939.png, D:\\Cong-Binh Le\\xampp\\htdocs\\moodle\\Test Automation - SE Bonus\\Reports\\20220117_152858\\Run All Test Cases\\20220117_152858\\1642412760778.png, D:\\Cong-Binh Le\\xampp\\htdocs\\moodle\\Test Automation - SE Bonus\\Reports\\20220117_152858\\Run All Test Cases\\20220117_152858\\1642412829013.png, D:\\Cong-Binh Le\\xampp\\htdocs\\moodle\\Test Automation - SE Bonus\\Reports\\20220117_152858\\Run All Test Cases\\20220117_152858\\1642412897693.png, D:\\Cong-Binh Le\\xampp\\htdocs\\moodle\\Test Automation - SE Bonus\\Reports\\20220117_152858\\Run All Test Cases\\20220117_152858\\1642412931714.png, D:\\Cong-Binh Le\\xampp\\htdocs\\moodle\\Test Automation - SE Bonus\\Reports\\20220117_152858\\Run All Test Cases\\20220117_152858\\1642412965580.png, D:\\Cong-Binh Le\\xampp\\htdocs\\moodle\\Test Automation - SE Bonus\\Reports\\20220117_152858\\Run All Test Cases\\20220117_152858\\1642412998692.png, D:\\Cong-Binh Le\\xampp\\htdocs\\moodle\\Test Automation - SE Bonus\\Reports\\20220117_152858\\Run All Test Cases\\20220117_152858\\1642413032286.png, D:\\Cong-Binh Le\\xampp\\htdocs\\moodle\\Test Automation - SE Bonus\\Reports\\20220117_152858\\Run All Test Cases\\20220117_152858\\1642413144046.png, D:\\Cong-Binh Le\\xampp\\htdocs\\moodle\\Test Automation - SE Bonus\\Reports\\20220117_152858\\Run All Test Cases\\20220117_152858\\1642413178405.png, D:\\Cong-Binh Le\\xampp\\htdocs\\moodle\\Test Automation - SE Bonus\\Reports\\20220117_152858\\Run All Test Cases\\20220117_152858\\1642413212658.png, D:\\Cong-Binh Le\\xampp\\htdocs\\moodle\\Test Automation - SE Bonus\\Reports\\20220117_152858\\Run All Test Cases\\20220117_152858\\1642413246576.png, D:\\Cong-Binh Le\\xampp\\htdocs\\moodle\\Test Automation - SE Bonus\\Reports\\20220117_152858\\Run All Test Cases\\20220117_152858\\1642413280909.png, D:\\Cong-Binh Le\\xampp\\htdocs\\moodle\\Test Automation - SE Bonus\\Reports\\20220117_152858\\Run All Test Cases\\20220117_152858\\1642413315537.png, D:\\Cong-Binh Le\\xampp\\htdocs\\moodle\\Test Automation - SE Bonus\\Reports\\20220117_152858\\Run All Test Cases\\20220117_152858\\1642413349401.png, D:\\Cong-Binh Le\\xampp\\htdocs\\moodle\\Test Automation - SE Bonus\\Reports\\20220117_152858\\Run All Test Cases\\20220117_152858\\1642413381873.png, D:\\Cong-Binh Le\\xampp\\htdocs\\moodle\\Test Automation - SE Bonus\\Reports\\20220117_152858\\Run All Test Cases\\20220117_152858\\1642413416172.png, D:\\Cong-Binh Le\\xampp\\htdocs\\moodle\\Test Automation - SE Bonus\\Reports\\20220117_152858\\Run All Test Cases\\20220117_152858\\1642413450316.png, D:\\Cong-Binh Le\\xampp\\htdocs\\moodle\\Test Automation - SE Bonus\\Reports\\20220117_152858\\Run All Test Cases\\20220117_152858\\1642413483995.png, D:\\Cong-Binh Le\\xampp\\htdocs\\moodle\\Test Automation - SE Bonus\\Reports\\20220117_152858\\Run All Test Cases\\20220117_152858\\1642413518310.png, D:\\Cong-Binh Le\\xampp\\htdocs\\moodle\\Test Automation - SE Bonus\\Reports\\20220117_152858\\Run All Test Cases\\20220117_152858\\1642413552186.png, D:\\Cong-Binh Le\\xampp\\htdocs\\moodle\\Test Automation - SE Bonus\\Reports\\20220117_152858\\Run All Test Cases\\20220117_152858\\1642413585767.png, D:\\Cong-Binh Le\\xampp\\htdocs\\moodle\\Test Automation - SE Bonus\\Reports\\20220117_152858\\Run All Test Cases\\20220117_152858\\1642413618957.png, D:\\Cong-Binh Le\\xampp\\htdocs\\moodle\\Test Automation - SE Bonus\\Reports\\20220117_152858\\Run All Test Cases\\20220117_152858\\1642413652517.png, D:\\Cong-Binh Le\\xampp\\htdocs\\moodle\\Test Automation - SE Bonus\\Reports\\20220117_152858\\Run All Test Cases\\20220117_152858\\1642413686860.png, D:\\Cong-Binh Le\\xampp\\htdocs\\moodle\\Test Automation - SE Bonus\\Reports\\20220117_152858\\Run All Test Cases\\20220117_152858\\1642413720165.png, D:\\Cong-Binh Le\\xampp\\htdocs\\moodle\\Test Automation - SE Bonus\\Reports\\20220117_152858\\Run All Test Cases\\20220117_152858\\1642413753759.png, D:\\Cong-Binh Le\\xampp\\htdocs\\moodle\\Test Automation - SE Bonus\\Reports\\20220117_152858\\Run All Test Cases\\20220117_152858\\1642413787847.png, D:\\Cong-Binh Le\\xampp\\htdocs\\moodle\\Test Automation - SE Bonus\\Reports\\20220117_152858\\Run All Test Cases\\20220117_152858\\1642413822443.png, D:\\Cong-Binh Le\\xampp\\htdocs\\moodle\\Test Automation - SE Bonus\\Reports\\20220117_152858\\Run All Test Cases\\20220117_152858\\1642413855569.png, D:\\Cong-Binh Le\\xampp\\htdocs\\moodle\\Test Automation - SE Bonus\\Reports\\20220117_152858\\Run All Test Cases\\20220117_152858\\1642413888433.png, D:\\Cong-Binh Le\\xampp\\htdocs\\moodle\\Test Automation - SE Bonus\\Reports\\20220117_152858\\Run All Test Cases\\20220117_152858\\1642413921387.png, D:\\Cong-Binh Le\\xampp\\htdocs\\moodle\\Test Automation - SE Bonus\\Reports\\20220117_152858\\Run All Test Cases\\20220117_152858\\1642413955662.png, D:\\Cong-Binh Le\\xampp\\htdocs\\moodle\\Test Automation - SE Bonus\\Reports\\20220117_152858\\Run All Test Cases\\20220117_152858\\1642413989318.png, D:\\Cong-Binh Le\\xampp\\htdocs\\moodle\\Test Automation - SE Bonus\\Reports\\20220117_152858\\Run All Test Cases\\20220117_152858\\1642414022824.png, D:\\Cong-Binh Le\\xampp\\htdocs\\moodle\\Test Automation - SE Bonus\\Reports\\20220117_152858\\Run All Test Cases\\20220117_152858\\1642414056188.png"/>
         <property name="hostName" value="banh - DESKTOP-G2F0VIE"/>
         <property name="os" value="Windows 10 64bit"/>
         <property name="katalonVersion" value="8.2.0.208"/>
         <property name="browser" value="Chrome 97.0.4692.71"/>
         <property name="hostAddress" value="192.168.1.9"/>
         <property name="sessionId" value="57804278e823bffcf3f3fcdf634638ff"/>
         <property name="seleniumVersion" value="3.141.59"/>
         <property name="proxyInformation" value="ProxyInformation { proxyOption=NO_PROXY, proxyServerType=HTTP, username=, password=********, proxyServerAddress=, proxyServerPort=0, executionList=&quot;&quot;, isApplyToDesiredCapabilities=true }"/>
         <property name="platform" value="Windows 10"/>
      </properties>
      <testcase name="Test Cases/Admin Site/Login with Admin" time="54.467" classname="Test Cases/Admin Site/Login with Admin" status="PASSED">
         <system-out><![CDATA[2022-01-17 15:29:02 - [TEST_CASE][PASSED] - Test Cases/Admin Site/Login with Admin: Test Cases/Admin Site/Login with Admin

2022-01-17 15:29:03 - [TEST_STEP][PASSED] - openBrowser(""): Browser is opened with url: ''

2022-01-17 15:29:03 - [MESSAGE][INFO] - Starting 'Chrome' driver

2022-01-17 15:29:03 - [MESSAGE][INFO] - Action delay is set to 0 milliseconds

2022-01-17 15:29:06 - [MESSAGE][PASSED] - Browser is opened with url: ''

2022-01-17 15:29:06 - [TEST_STEP][PASSED] - navigateToUrl("http://localhost/"): Navigate to 'http://localhost/' successfully

2022-01-17 15:29:19 - [MESSAGE][PASSED] - Navigate to 'http://localhost/' successfully

2022-01-17 15:29:19 - [TEST_STEP][PASSED] - click(findTestObject("Object Repository/Admin Site/Page_Local Moodle/a_Log in")): Object: 'Object Repository/Admin Site/Page_Local Moodle/a_Log in' is clicked on

2022-01-17 15:29:21 - [MESSAGE][PASSED] - Object: 'Object Repository/Admin Site/Page_Local Moodle/a_Log in' is clicked on

2022-01-17 15:29:21 - [TEST_STEP][PASSED] - setText(findTestObject("Object Repository/Admin Site/Page_Local Moodle Log in to the site/input_Username_username"), "admin"): Text 'admin' is set on object 'Object Repository/Admin Site/Page_Local Moodle Log in to the site/input_Username_username'

2022-01-17 15:29:25 - [MESSAGE][PASSED] - Text 'admin' is set on object 'Object Repository/Admin Site/Page_Local Moodle Log in to the site/input_Username_username'

2022-01-17 15:29:25 - [TEST_STEP][PASSED] - setEncryptedText(findTestObject("Object Repository/Admin Site/Page_Local Moodle Log in to the site/input_Password_password"), "bfAykA/oWJ09FXmiKh6lyuuLu8QhG1K5"): Text ****** has been set on object 'Object Repository/Admin Site/Page_Local Moodle Log in to the site/input_Password_password'

2022-01-17 15:29:28 - [MESSAGE][PASSED] - Text ****** has been set on object 'Object Repository/Admin Site/Page_Local Moodle Log in to the site/input_Password_password'

2022-01-17 15:29:28 - [TEST_STEP][PASSED] - click(findTestObject("Object Repository/Admin Site/Page_Local Moodle Log in to the site/button_Log in")): Object: 'Object Repository/Admin Site/Page_Local Moodle Log in to the site/button_Log in' is clicked on

2022-01-17 15:29:39 - [MESSAGE][PASSED] - Object: 'Object Repository/Admin Site/Page_Local Moodle Log in to the site/button_Log in' is clicked on

2022-01-17 15:29:39 - [TEST_STEP][PASSED] - click(findTestObject("Object Repository/Admin Site/Page_Nh ca ti/span_Qun tr khu vc")): Object: 'Object Repository/Admin Site/Page_Nh ca ti/span_Qun tr khu vc' is clicked on

2022-01-17 15:29:54 - [MESSAGE][PASSED] - Object: 'Object Repository/Admin Site/Page_Nh ca ti/span_Qun tr khu vc' is clicked on

2022-01-17 15:29:54 - [TEST_STEP][PASSED] - verifyElementPresent(findTestObject("Object Repository/Admin Site/Page_Moodle Khu vc qun tr Tm kim/a_Qun tr khu vc"), 0): Object 'Object Repository/Admin Site/Page_Moodle Khu vc qun tr Tm kim/a_Qun tr khu vc' is present

2022-01-17 15:29:54 - [MESSAGE][WARNING] - Timeout '0' is invalid. Using default page load timeout: '5'

2022-01-17 15:29:57 - [MESSAGE][PASSED] - Object 'Object Repository/Admin Site/Page_Moodle Khu vc qun tr Tm kim/a_Qun tr khu vc' is present]]></system-out>
         <system-err><![CDATA[]]></system-err>
      </testcase>
      <testcase name="Test Cases/Admin Site/Change full site name" time="27.574" classname="Test Cases/Admin Site/Change full site name" status="PASSED">
         <system-out><![CDATA[2022-01-17 15:29:57 - [TEST_CASE][PASSED] - Test Cases/Admin Site/Change full site name: Test Cases/Admin Site/Change full site name

2022-01-17 15:29:57 - [TEST_STEP][PASSED] - callTestCase(findTestCase("Admin Site/Login with Admin"), [:], STOP_ON_FAILURE): Call Test Case 'Test Cases/Admin Site/Login with Admin' successfully

2022-01-17 15:29:57 - [TEST_CASE][PASSED] - Test Cases/Admin Site/Login with Admin: Test Cases/Admin Site/Login with Admin

2022-01-17 15:29:57 - [TEST_STEP][PASSED] - openBrowser(""): Browser is opened with url: ''

2022-01-17 15:29:57 - [MESSAGE][WARNING] - A browser is already opened. Closing browser and opening a new one

2022-01-17 15:29:58 - [MESSAGE][INFO] - Starting 'Chrome' driver

2022-01-17 15:29:58 - [MESSAGE][INFO] - Action delay is set to 0 milliseconds

2022-01-17 15:29:59 - [MESSAGE][PASSED] - Browser is opened with url: ''

2022-01-17 15:29:59 - [TEST_STEP][PASSED] - navigateToUrl("http://localhost/"): Navigate to 'http://localhost/' successfully

2022-01-17 15:30:00 - [MESSAGE][PASSED] - Navigate to 'http://localhost/' successfully

2022-01-17 15:30:00 - [TEST_STEP][PASSED] - click(findTestObject("Object Repository/Admin Site/Page_Local Moodle/a_Log in")): Object: 'Object Repository/Admin Site/Page_Local Moodle/a_Log in' is clicked on

2022-01-17 15:30:00 - [MESSAGE][PASSED] - Object: 'Object Repository/Admin Site/Page_Local Moodle/a_Log in' is clicked on

2022-01-17 15:30:00 - [TEST_STEP][PASSED] - setText(findTestObject("Object Repository/Admin Site/Page_Local Moodle Log in to the site/input_Username_username"), "admin"): Text 'admin' is set on object 'Object Repository/Admin Site/Page_Local Moodle Log in to the site/input_Username_username'

2022-01-17 15:30:01 - [MESSAGE][PASSED] - Text 'admin' is set on object 'Object Repository/Admin Site/Page_Local Moodle Log in to the site/input_Username_username'

2022-01-17 15:30:01 - [TEST_STEP][PASSED] - setEncryptedText(findTestObject("Object Repository/Admin Site/Page_Local Moodle Log in to the site/input_Password_password"), "bfAykA/oWJ09FXmiKh6lyuuLu8QhG1K5"): Text ****** has been set on object 'Object Repository/Admin Site/Page_Local Moodle Log in to the site/input_Password_password'

2022-01-17 15:30:02 - [MESSAGE][PASSED] - Text ****** has been set on object 'Object Repository/Admin Site/Page_Local Moodle Log in to the site/input_Password_password'

2022-01-17 15:30:02 - [TEST_STEP][PASSED] - click(findTestObject("Object Repository/Admin Site/Page_Local Moodle Log in to the site/button_Log in")): Object: 'Object Repository/Admin Site/Page_Local Moodle Log in to the site/button_Log in' is clicked on

2022-01-17 15:30:03 - [MESSAGE][PASSED] - Object: 'Object Repository/Admin Site/Page_Local Moodle Log in to the site/button_Log in' is clicked on

2022-01-17 15:30:03 - [TEST_STEP][PASSED] - click(findTestObject("Object Repository/Admin Site/Page_Nh ca ti/span_Qun tr khu vc")): Object: 'Object Repository/Admin Site/Page_Nh ca ti/span_Qun tr khu vc' is clicked on

2022-01-17 15:30:05 - [MESSAGE][PASSED] - Object: 'Object Repository/Admin Site/Page_Nh ca ti/span_Qun tr khu vc' is clicked on

2022-01-17 15:30:05 - [TEST_STEP][PASSED] - verifyElementPresent(findTestObject("Object Repository/Admin Site/Page_Moodle Khu vc qun tr Tm kim/a_Qun tr khu vc"), 0): Object 'Object Repository/Admin Site/Page_Moodle Khu vc qun tr Tm kim/a_Qun tr khu vc' is present

2022-01-17 15:30:05 - [MESSAGE][WARNING] - Timeout '0' is invalid. Using default page load timeout: '5'

2022-01-17 15:30:05 - [MESSAGE][PASSED] - Object 'Object Repository/Admin Site/Page_Moodle Khu vc qun tr Tm kim/a_Qun tr khu vc' is present

2022-01-17 15:30:05 - [MESSAGE][PASSED] - Call Test Case 'Test Cases/Admin Site/Login with Admin' successfully

2022-01-17 15:30:05 - [TEST_STEP][PASSED] - click(findTestObject("Object Repository/Admin Site/Page_Moodle Khu vc qun tr Tm kim/a_Thit t trang ch")): Object: 'Object Repository/Admin Site/Page_Moodle Khu vc qun tr Tm kim/a_Thit t trang ch' is clicked on

2022-01-17 15:30:07 - [MESSAGE][PASSED] - Object: 'Object Repository/Admin Site/Page_Moodle Khu vc qun tr Tm kim/a_Thit t trang ch' is clicked on

2022-01-17 15:30:07 - [TEST_STEP][PASSED] - setText(findTestObject("Object Repository/Admin Site/Page_Moodle Khu vc qun tr Trang ch Thit t trang ch/input_fullname_s__fullname"), new_site_name): Text 'New Moodle Site' is set on object 'Object Repository/Admin Site/Page_Moodle Khu vc qun tr Trang ch Thit t trang ch/input_fullname_s__fullname'

2022-01-17 15:30:08 - [MESSAGE][PASSED] - Text 'New Moodle Site' is set on object 'Object Repository/Admin Site/Page_Moodle Khu vc qun tr Trang ch Thit t trang ch/input_fullname_s__fullname'

2022-01-17 15:30:08 - [TEST_STEP][PASSED] - click(findTestObject("Object Repository/Admin Site/Page_Moodle Khu vc qun tr Trang ch Thit t trang ch/button_Lu cc thay i")): Object: 'Object Repository/Admin Site/Page_Moodle Khu vc qun tr Trang ch Thit t trang ch/button_Lu cc thay i' is clicked on

2022-01-17 15:30:14 - [MESSAGE][INFO] - Unable to find the element located by 'By.xpath: //button[@id='yui_3_17_2_1_1641267626847_379']'. Please recheck the objects properties to make sure the desired element is located. 

2022-01-17 15:30:14 - [MESSAGE][WARNING] - [SELF-HEALING] Failed to find element with id 'Object Repository/Admin Site/Page_Moodle Khu vc qun tr Trang ch Thit t trang ch/button_Lu cc thay i'. Try using Self-healing.

2022-01-17 15:30:15 - [MESSAGE][WARNING] - [SELF-HEALING] The current locator of test object 'Object Repository/Admin Site/Page_Moodle Khu vc qun tr Trang ch Thit t trang ch/button_Lu cc thay i' was broken. Propose an alternative one: '(.//*[normalize-space(text()) and normalize-space(.)='Mặc định: Người dùng đã xác thực trên trang chủ (frontpage)'])[1]/following::button[1]'.

2022-01-17 15:30:16 - [MESSAGE][PASSED] - Object: 'Object Repository/Admin Site/Page_Moodle Khu vc qun tr Trang ch Thit t trang ch/button_Lu cc thay i' is clicked on

2022-01-17 15:30:16 - [TEST_STEP][PASSED] - click(findTestObject("Object Repository/Admin Site/Page_Moodle Khu vc qun tr Trang ch Thit t trang ch/a_Qun tr Thnh vin")): Object: 'Object Repository/Admin Site/Page_Moodle Khu vc qun tr Trang ch Thit t trang ch/a_Qun tr Thnh vin' is clicked on

2022-01-17 15:30:16 - [MESSAGE][PASSED] - Object: 'Object Repository/Admin Site/Page_Moodle Khu vc qun tr Trang ch Thit t trang ch/a_Qun tr Thnh vin' is clicked on

2022-01-17 15:30:16 - [TEST_STEP][PASSED] - click(findTestObject("Object Repository/Admin Site/Page_Moodle Khu vc qun tr Trang ch Thit t trang ch/span_Thot")): Object: 'Object Repository/Admin Site/Page_Moodle Khu vc qun tr Trang ch Thit t trang ch/span_Thot' is clicked on

2022-01-17 15:30:17 - [MESSAGE][PASSED] - Object: 'Object Repository/Admin Site/Page_Moodle Khu vc qun tr Trang ch Thit t trang ch/span_Thot' is clicked on

2022-01-17 15:30:17 - [TEST_STEP][PASSED] - verifyElementText(findTestObject("Object Repository/Admin Site/Page_New Moodle/h1_New Moodle_1"), new_site_name): Actual text and expected text of test object 'Object Repository/Admin Site/Page_New Moodle/h1_New Moodle_1' are matched.

2022-01-17 15:30:23 - [MESSAGE][INFO] - Unable to find the element located by 'By.xpath: //h1[@id='yui_3_17_2_1_1641267670435_20']'. Please recheck the objects properties to make sure the desired element is located. 

2022-01-17 15:30:23 - [MESSAGE][WARNING] - [SELF-HEALING] Failed to find element with id 'Object Repository/Admin Site/Page_New Moodle/h1_New Moodle_1'. Try using Self-healing.

2022-01-17 15:30:24 - [MESSAGE][WARNING] - [SELF-HEALING] The current locator of test object 'Object Repository/Admin Site/Page_New Moodle/h1_New Moodle_1' was broken. Propose an alternative one: '(.//*[normalize-space(text()) and normalize-space(.)='Home'])[1]/following::h1[1]'.

2022-01-17 15:30:24 - [MESSAGE][PASSED] - Actual text and expected text of test object 'Object Repository/Admin Site/Page_New Moodle/h1_New Moodle_1' are matched.

2022-01-17 15:30:24 - [TEST_STEP][PASSED] - closeBrowser(): Browser is closed

2022-01-17 15:30:24 - [MESSAGE][PASSED] - Browser is closed]]></system-out>
         <system-err><![CDATA[]]></system-err>
      </testcase>
      <testcase name="Test Cases/Admin Site/Turn on Maintaince mode" time="23.969" classname="Test Cases/Admin Site/Turn on Maintaince mode" status="PASSED">
         <system-out><![CDATA[2022-01-17 15:30:24 - [TEST_CASE][PASSED] - Test Cases/Admin Site/Turn on Maintaince mode: Test Cases/Admin Site/Turn on Maintaince mode

2022-01-17 15:30:25 - [TEST_STEP][PASSED] - callTestCase(findTestCase("Admin Site/Login with Admin"), [:], STOP_ON_FAILURE): Call Test Case 'Test Cases/Admin Site/Login with Admin' successfully

2022-01-17 15:30:25 - [TEST_CASE][PASSED] - Test Cases/Admin Site/Login with Admin: Test Cases/Admin Site/Login with Admin

2022-01-17 15:30:25 - [TEST_STEP][PASSED] - openBrowser(""): Browser is opened with url: ''

2022-01-17 15:30:25 - [MESSAGE][INFO] - Starting 'Chrome' driver

2022-01-17 15:30:25 - [MESSAGE][INFO] - Action delay is set to 0 milliseconds

2022-01-17 15:30:26 - [MESSAGE][PASSED] - Browser is opened with url: ''

2022-01-17 15:30:26 - [TEST_STEP][PASSED] - navigateToUrl("http://localhost/"): Navigate to 'http://localhost/' successfully

2022-01-17 15:30:27 - [MESSAGE][PASSED] - Navigate to 'http://localhost/' successfully

2022-01-17 15:30:27 - [TEST_STEP][PASSED] - click(findTestObject("Object Repository/Admin Site/Page_Local Moodle/a_Log in")): Object: 'Object Repository/Admin Site/Page_Local Moodle/a_Log in' is clicked on

2022-01-17 15:30:27 - [MESSAGE][PASSED] - Object: 'Object Repository/Admin Site/Page_Local Moodle/a_Log in' is clicked on

2022-01-17 15:30:27 - [TEST_STEP][PASSED] - setText(findTestObject("Object Repository/Admin Site/Page_Local Moodle Log in to the site/input_Username_username"), "admin"): Text 'admin' is set on object 'Object Repository/Admin Site/Page_Local Moodle Log in to the site/input_Username_username'

2022-01-17 15:30:28 - [MESSAGE][PASSED] - Text 'admin' is set on object 'Object Repository/Admin Site/Page_Local Moodle Log in to the site/input_Username_username'

2022-01-17 15:30:28 - [TEST_STEP][PASSED] - setEncryptedText(findTestObject("Object Repository/Admin Site/Page_Local Moodle Log in to the site/input_Password_password"), "bfAykA/oWJ09FXmiKh6lyuuLu8QhG1K5"): Text ****** has been set on object 'Object Repository/Admin Site/Page_Local Moodle Log in to the site/input_Password_password'

2022-01-17 15:30:29 - [MESSAGE][PASSED] - Text ****** has been set on object 'Object Repository/Admin Site/Page_Local Moodle Log in to the site/input_Password_password'

2022-01-17 15:30:29 - [TEST_STEP][PASSED] - click(findTestObject("Object Repository/Admin Site/Page_Local Moodle Log in to the site/button_Log in")): Object: 'Object Repository/Admin Site/Page_Local Moodle Log in to the site/button_Log in' is clicked on

2022-01-17 15:30:30 - [MESSAGE][PASSED] - Object: 'Object Repository/Admin Site/Page_Local Moodle Log in to the site/button_Log in' is clicked on

2022-01-17 15:30:30 - [TEST_STEP][PASSED] - click(findTestObject("Object Repository/Admin Site/Page_Nh ca ti/span_Qun tr khu vc")): Object: 'Object Repository/Admin Site/Page_Nh ca ti/span_Qun tr khu vc' is clicked on

2022-01-17 15:30:32 - [MESSAGE][PASSED] - Object: 'Object Repository/Admin Site/Page_Nh ca ti/span_Qun tr khu vc' is clicked on

2022-01-17 15:30:32 - [TEST_STEP][PASSED] - verifyElementPresent(findTestObject("Object Repository/Admin Site/Page_Moodle Khu vc qun tr Tm kim/a_Qun tr khu vc"), 0): Object 'Object Repository/Admin Site/Page_Moodle Khu vc qun tr Tm kim/a_Qun tr khu vc' is present

2022-01-17 15:30:32 - [MESSAGE][WARNING] - Timeout '0' is invalid. Using default page load timeout: '5'

2022-01-17 15:30:32 - [MESSAGE][PASSED] - Object 'Object Repository/Admin Site/Page_Moodle Khu vc qun tr Tm kim/a_Qun tr khu vc' is present

2022-01-17 15:30:32 - [MESSAGE][PASSED] - Call Test Case 'Test Cases/Admin Site/Login with Admin' successfully

2022-01-17 15:30:32 - [TEST_STEP][PASSED] - click(findTestObject("Object Repository/Admin Site/Page_Moodle Khu vc qun tr Tm kim/a_My ch")): Object: 'Object Repository/Admin Site/Page_Moodle Khu vc qun tr Tm kim/a_My ch' is clicked on

2022-01-17 15:30:33 - [MESSAGE][PASSED] - Object: 'Object Repository/Admin Site/Page_Moodle Khu vc qun tr Tm kim/a_My ch' is clicked on

2022-01-17 15:30:33 - [TEST_STEP][PASSED] - click(findTestObject("Object Repository/Admin Site/Page_Moodle Khu vc qun tr Tm kim/a_Ch  bo tr")): Object: 'Object Repository/Admin Site/Page_Moodle Khu vc qun tr Tm kim/a_Ch  bo tr' is clicked on

2022-01-17 15:30:34 - [MESSAGE][PASSED] - Object: 'Object Repository/Admin Site/Page_Moodle Khu vc qun tr Tm kim/a_Ch  bo tr' is clicked on

2022-01-17 15:30:34 - [TEST_STEP][PASSED] - navigateToUrl("http://localhost/admin/settings.php?section=maintenancemode"): Navigate to 'http://localhost/admin/settings.php?section=maintenancemode' successfully

2022-01-17 15:30:34 - [MESSAGE][PASSED] - Navigate to 'http://localhost/admin/settings.php?section=maintenancemode' successfully

2022-01-17 15:30:34 - [TEST_STEP][PASSED] - selectOptionByValue(findTestObject("Object Repository/Admin Site/Page_Moodle Khu vc qun tr My ch Ch  bo tr/select_Tt            M"), "1", true): All options with value '1' are selected in object 'Object Repository/Admin Site/Page_Moodle Khu vc qun tr My ch Ch  bo tr/select_Tt            M'  using regular expression

2022-01-17 15:30:36 - [MESSAGE][PASSED] - All options with value '1' are selected in object 'Object Repository/Admin Site/Page_Moodle Khu vc qun tr My ch Ch  bo tr/select_Tt            M'  using regular expression

2022-01-17 15:30:36 - [TEST_STEP][PASSED] - click(findTestObject("Object Repository/Admin Site/Page_Moodle Khu vc qun tr My ch Ch  bo tr/button_Lu cc thay i")): Object: 'Object Repository/Admin Site/Page_Moodle Khu vc qun tr My ch Ch  bo tr/button_Lu cc thay i' is clicked on

2022-01-17 15:30:37 - [MESSAGE][PASSED] - Object: 'Object Repository/Admin Site/Page_Moodle Khu vc qun tr My ch Ch  bo tr/button_Lu cc thay i' is clicked on

2022-01-17 15:30:37 - [TEST_STEP][PASSED] - click(findTestObject("Object Repository/Admin Site/Page_Moodle Khu vc qun tr My ch Ch  bo tr -_346a94/a_Qun tr Thnh vin")): Object: 'Object Repository/Admin Site/Page_Moodle Khu vc qun tr My ch Ch  bo tr -_346a94/a_Qun tr Thnh vin' is clicked on

2022-01-17 15:30:38 - [MESSAGE][PASSED] - Object: 'Object Repository/Admin Site/Page_Moodle Khu vc qun tr My ch Ch  bo tr -_346a94/a_Qun tr Thnh vin' is clicked on

2022-01-17 15:30:38 - [TEST_STEP][PASSED] - click(findTestObject("Object Repository/Admin Site/Page_Moodle Khu vc qun tr My ch Ch  bo tr -_346a94/a_Thot")): Object: 'Object Repository/Admin Site/Page_Moodle Khu vc qun tr My ch Ch  bo tr -_346a94/a_Thot' is clicked on

2022-01-17 15:30:38 - [MESSAGE][PASSED] - Object: 'Object Repository/Admin Site/Page_Moodle Khu vc qun tr My ch Ch  bo tr -_346a94/a_Thot' is clicked on

2022-01-17 15:30:38 - [TEST_STEP][PASSED] - verifyElementText(findTestObject("Object Repository/Admin Site/Page_New Moodle Site - In maintenance mode/h2_The site is undergoing maintenance and i_04cd85"), "The site is undergoing maintenance and is currently not available"): Actual text and expected text of test object 'Object Repository/Admin Site/Page_New Moodle Site - In maintenance mode/h2_The site is undergoing maintenance and i_04cd85' are matched.

2022-01-17 15:30:39 - [MESSAGE][PASSED] - Actual text and expected text of test object 'Object Repository/Admin Site/Page_New Moodle Site - In maintenance mode/h2_The site is undergoing maintenance and i_04cd85' are matched.

2022-01-17 15:30:39 - [TEST_STEP][PASSED] - click(findTestObject("Object Repository/Admin Site/Page_New Moodle Site - In maintenance mode/a_Data retention summary")): Object: 'Object Repository/Admin Site/Page_New Moodle Site - In maintenance mode/a_Data retention summary' is clicked on

2022-01-17 15:30:40 - [MESSAGE][PASSED] - Object: 'Object Repository/Admin Site/Page_New Moodle Site - In maintenance mode/a_Data retention summary' is clicked on

2022-01-17 15:30:40 - [TEST_STEP][PASSED] - navigateToUrl("http://localhost/admin/tool/dataprivacy/summary.php"): Navigate to 'http://localhost/admin/tool/dataprivacy/summary.php' successfully

2022-01-17 15:30:40 - [MESSAGE][PASSED] - Navigate to 'http://localhost/admin/tool/dataprivacy/summary.php' successfully

2022-01-17 15:30:40 - [TEST_STEP][PASSED] - click(findTestObject("Object Repository/Admin Site/Page_Registry configuration summary - In ma_a4478e/a_Log in")): Object: 'Object Repository/Admin Site/Page_Registry configuration summary - In ma_a4478e/a_Log in' is clicked on

2022-01-17 15:30:40 - [MESSAGE][PASSED] - Object: 'Object Repository/Admin Site/Page_Registry configuration summary - In ma_a4478e/a_Log in' is clicked on

2022-01-17 15:30:40 - [TEST_STEP][PASSED] - setText(findTestObject("Object Repository/Admin Site/Page_New Moodle Site Log in to the site - I_a50ac0/input_Username_username"), "admin"): Text 'admin' is set on object 'Object Repository/Admin Site/Page_New Moodle Site Log in to the site - I_a50ac0/input_Username_username'

2022-01-17 15:30:41 - [MESSAGE][PASSED] - Text 'admin' is set on object 'Object Repository/Admin Site/Page_New Moodle Site Log in to the site - I_a50ac0/input_Username_username'

2022-01-17 15:30:41 - [TEST_STEP][PASSED] - setEncryptedText(findTestObject("Object Repository/Admin Site/Page_New Moodle Site Log in to the site - I_a50ac0/input_Password_password"), "bfAykA/oWJ09FXmiKh6lyuuLu8QhG1K5"): Text ****** has been set on object 'Object Repository/Admin Site/Page_New Moodle Site Log in to the site - I_a50ac0/input_Password_password'

2022-01-17 15:30:42 - [MESSAGE][PASSED] - Text ****** has been set on object 'Object Repository/Admin Site/Page_New Moodle Site Log in to the site - I_a50ac0/input_Password_password'

2022-01-17 15:30:42 - [TEST_STEP][PASSED] - click(findTestObject("Object Repository/Admin Site/Page_New Moodle Site Log in to the site - I_a50ac0/button_Log in")): Object: 'Object Repository/Admin Site/Page_New Moodle Site Log in to the site - I_a50ac0/button_Log in' is clicked on

2022-01-17 15:30:43 - [MESSAGE][PASSED] - Object: 'Object Repository/Admin Site/Page_New Moodle Site Log in to the site - I_a50ac0/button_Log in' is clicked on

2022-01-17 15:30:43 - [TEST_STEP][PASSED] - click(findTestObject("Object Repository/Admin Site/Page_Registry configuration summary - ang  _9bfae6/span_Qun tr khu vc")): Object: 'Object Repository/Admin Site/Page_Registry configuration summary - ang  _9bfae6/span_Qun tr khu vc' is clicked on

2022-01-17 15:30:43 - [MESSAGE][PASSED] - Object: 'Object Repository/Admin Site/Page_Registry configuration summary - ang  _9bfae6/span_Qun tr khu vc' is clicked on

2022-01-17 15:30:43 - [TEST_STEP][PASSED] - click(findTestObject("Object Repository/Admin Site/Page_Moodle Khu vc qun tr Tm kim - ang  ch  bo tr/a_My ch")): Object: 'Object Repository/Admin Site/Page_Moodle Khu vc qun tr Tm kim - ang  ch  bo tr/a_My ch' is clicked on

2022-01-17 15:30:44 - [MESSAGE][PASSED] - Object: 'Object Repository/Admin Site/Page_Moodle Khu vc qun tr Tm kim - ang  ch  bo tr/a_My ch' is clicked on

2022-01-17 15:30:44 - [TEST_STEP][PASSED] - click(findTestObject("Object Repository/Admin Site/Page_Moodle Khu vc qun tr Tm kim - ang  ch  bo tr/a_Ch  bo tr")): Object: 'Object Repository/Admin Site/Page_Moodle Khu vc qun tr Tm kim - ang  ch  bo tr/a_Ch  bo tr' is clicked on

2022-01-17 15:30:45 - [MESSAGE][PASSED] - Object: 'Object Repository/Admin Site/Page_Moodle Khu vc qun tr Tm kim - ang  ch  bo tr/a_Ch  bo tr' is clicked on

2022-01-17 15:30:45 - [TEST_STEP][PASSED] - selectOptionByValue(findTestObject("Object Repository/Admin Site/Page_Moodle Khu vc qun tr My ch Ch  bo tr -_346a94/select_Tt            M"), "0", true): All options with value '0' are selected in object 'Object Repository/Admin Site/Page_Moodle Khu vc qun tr My ch Ch  bo tr -_346a94/select_Tt            M'  using regular expression

2022-01-17 15:30:46 - [MESSAGE][PASSED] - All options with value '0' are selected in object 'Object Repository/Admin Site/Page_Moodle Khu vc qun tr My ch Ch  bo tr -_346a94/select_Tt            M'  using regular expression

2022-01-17 15:30:46 - [TEST_STEP][PASSED] - click(findTestObject("Object Repository/Admin Site/Page_Moodle Khu vc qun tr My ch Ch  bo tr/button_Lu cc thay i")): Object: 'Object Repository/Admin Site/Page_Moodle Khu vc qun tr My ch Ch  bo tr/button_Lu cc thay i' is clicked on

2022-01-17 15:30:48 - [MESSAGE][PASSED] - Object: 'Object Repository/Admin Site/Page_Moodle Khu vc qun tr My ch Ch  bo tr/button_Lu cc thay i' is clicked on

2022-01-17 15:30:48 - [TEST_STEP][PASSED] - closeBrowser(): Browser is closed

2022-01-17 15:30:48 - [MESSAGE][PASSED] - Browser is closed]]></system-out>
         <system-err><![CDATA[]]></system-err>
      </testcase>
      <testcase name="Test Cases/Create New User/Create Normal User" time="85.355" classname="Test Cases/Create New User/Create Normal User" status="PASSED">
         <system-out><![CDATA[2022-01-17 15:30:48 - [TEST_CASE][PASSED] - Test Cases/Create New User/Create Normal User: Test Cases/Create New User/Create Normal User

2022-01-17 15:30:49 - [TEST_STEP][PASSED] - callTestCase(findTestCase("Admin Site/Login with Admin"), [:], STOP_ON_FAILURE): Call Test Case 'Test Cases/Admin Site/Login with Admin' successfully

2022-01-17 15:30:49 - [TEST_CASE][PASSED] - Test Cases/Admin Site/Login with Admin: Test Cases/Admin Site/Login with Admin

2022-01-17 15:30:49 - [TEST_STEP][PASSED] - openBrowser(""): Browser is opened with url: ''

2022-01-17 15:30:49 - [MESSAGE][INFO] - Starting 'Chrome' driver

2022-01-17 15:30:49 - [MESSAGE][INFO] - Action delay is set to 0 milliseconds

2022-01-17 15:30:50 - [MESSAGE][PASSED] - Browser is opened with url: ''

2022-01-17 15:30:50 - [TEST_STEP][PASSED] - navigateToUrl("http://localhost/"): Navigate to 'http://localhost/' successfully

2022-01-17 15:30:50 - [MESSAGE][PASSED] - Navigate to 'http://localhost/' successfully

2022-01-17 15:30:50 - [TEST_STEP][PASSED] - click(findTestObject("Object Repository/Admin Site/Page_Local Moodle/a_Log in")): Object: 'Object Repository/Admin Site/Page_Local Moodle/a_Log in' is clicked on

2022-01-17 15:30:51 - [MESSAGE][PASSED] - Object: 'Object Repository/Admin Site/Page_Local Moodle/a_Log in' is clicked on

2022-01-17 15:30:51 - [TEST_STEP][PASSED] - setText(findTestObject("Object Repository/Admin Site/Page_Local Moodle Log in to the site/input_Username_username"), "admin"): Text 'admin' is set on object 'Object Repository/Admin Site/Page_Local Moodle Log in to the site/input_Username_username'

2022-01-17 15:30:52 - [MESSAGE][PASSED] - Text 'admin' is set on object 'Object Repository/Admin Site/Page_Local Moodle Log in to the site/input_Username_username'

2022-01-17 15:30:52 - [TEST_STEP][PASSED] - setEncryptedText(findTestObject("Object Repository/Admin Site/Page_Local Moodle Log in to the site/input_Password_password"), "bfAykA/oWJ09FXmiKh6lyuuLu8QhG1K5"): Text ****** has been set on object 'Object Repository/Admin Site/Page_Local Moodle Log in to the site/input_Password_password'

2022-01-17 15:30:52 - [MESSAGE][PASSED] - Text ****** has been set on object 'Object Repository/Admin Site/Page_Local Moodle Log in to the site/input_Password_password'

2022-01-17 15:30:52 - [TEST_STEP][PASSED] - click(findTestObject("Object Repository/Admin Site/Page_Local Moodle Log in to the site/button_Log in")): Object: 'Object Repository/Admin Site/Page_Local Moodle Log in to the site/button_Log in' is clicked on

2022-01-17 15:30:54 - [MESSAGE][PASSED] - Object: 'Object Repository/Admin Site/Page_Local Moodle Log in to the site/button_Log in' is clicked on

2022-01-17 15:30:54 - [TEST_STEP][PASSED] - click(findTestObject("Object Repository/Admin Site/Page_Nh ca ti/span_Qun tr khu vc")): Object: 'Object Repository/Admin Site/Page_Nh ca ti/span_Qun tr khu vc' is clicked on

2022-01-17 15:30:55 - [MESSAGE][PASSED] - Object: 'Object Repository/Admin Site/Page_Nh ca ti/span_Qun tr khu vc' is clicked on

2022-01-17 15:30:55 - [TEST_STEP][PASSED] - verifyElementPresent(findTestObject("Object Repository/Admin Site/Page_Moodle Khu vc qun tr Tm kim/a_Qun tr khu vc"), 0): Object 'Object Repository/Admin Site/Page_Moodle Khu vc qun tr Tm kim/a_Qun tr khu vc' is present

2022-01-17 15:30:55 - [MESSAGE][WARNING] - Timeout '0' is invalid. Using default page load timeout: '5'

2022-01-17 15:30:56 - [MESSAGE][PASSED] - Object 'Object Repository/Admin Site/Page_Moodle Khu vc qun tr Tm kim/a_Qun tr khu vc' is present

2022-01-17 15:30:56 - [MESSAGE][PASSED] - Call Test Case 'Test Cases/Admin Site/Login with Admin' successfully

2022-01-17 15:30:56 - [TEST_STEP][PASSED] - click(findTestObject("Object Repository/Create New User/Page_Moodle Khu vc qun tr My ch Ch  bo tr/span_Qun tr khu vc")): Object: 'Object Repository/Create New User/Page_Moodle Khu vc qun tr My ch Ch  bo tr/span_Qun tr khu vc' is clicked on

2022-01-17 15:31:02 - [MESSAGE][INFO] - Unable to find the element located by 'By.xpath: '. Please recheck the objects properties to make sure the desired element is located. 

2022-01-17 15:31:02 - [MESSAGE][WARNING] - [SELF-HEALING] Failed to find element with id 'Object Repository/Create New User/Page_Moodle Khu vc qun tr My ch Ch  bo tr/span_Qun tr khu vc'. Try using Self-healing.

2022-01-17 15:31:02 - [MESSAGE][WARNING] - [SELF-HEALING] The current locator of test object 'Object Repository/Create New User/Page_Moodle Khu vc qun tr My ch Ch  bo tr/span_Qun tr khu vc' was broken. Propose an alternative one: '//div[@id='nav-drawer']/nav[2]/ul/li/a/div/div/span[2]'.

2022-01-17 15:31:03 - [MESSAGE][PASSED] - Object: 'Object Repository/Create New User/Page_Moodle Khu vc qun tr My ch Ch  bo tr/span_Qun tr khu vc' is clicked on

2022-01-17 15:31:03 - [TEST_STEP][PASSED] - click(findTestObject("Object Repository/Create New User/Page_Moodle Khu vc qun tr Tm kim/a_Thnh vin")): Object: 'Object Repository/Create New User/Page_Moodle Khu vc qun tr Tm kim/a_Thnh vin' is clicked on

2022-01-17 15:31:03 - [MESSAGE][PASSED] - Object: 'Object Repository/Create New User/Page_Moodle Khu vc qun tr Tm kim/a_Thnh vin' is clicked on

2022-01-17 15:31:03 - [TEST_STEP][PASSED] - click(findTestObject("Object Repository/Create New User/Page_Moodle Khu vc qun tr Tm kim/a_Thm thnh vin mi")): Object: 'Object Repository/Create New User/Page_Moodle Khu vc qun tr Tm kim/a_Thm thnh vin mi' is clicked on

2022-01-17 15:31:05 - [MESSAGE][PASSED] - Object: 'Object Repository/Create New User/Page_Moodle Khu vc qun tr Tm kim/a_Thm thnh vin mi' is clicked on

2022-01-17 15:31:05 - [TEST_STEP][PASSED] - setText(findTestObject("Object Repository/Create New User/Page_Moodle Khu vc qun tr Thnh vin Ti khon _57274d/input_Tn ti khon_username"), "test_1"): Text 'test_1' is set on object 'Object Repository/Create New User/Page_Moodle Khu vc qun tr Thnh vin Ti khon _57274d/input_Tn ti khon_username'

2022-01-17 15:31:07 - [MESSAGE][PASSED] - Text 'test_1' is set on object 'Object Repository/Create New User/Page_Moodle Khu vc qun tr Thnh vin Ti khon _57274d/input_Tn ti khon_username'

2022-01-17 15:31:07 - [TEST_STEP][PASSED] - click(findTestObject("Object Repository/Create New User/Page_Moodle Khu vc qun tr Thnh vin Ti khon _57274d/a_Click to enter text")): Object: 'Object Repository/Create New User/Page_Moodle Khu vc qun tr Thnh vin Ti khon _57274d/a_Click to enter text' is clicked on

2022-01-17 15:31:13 - [MESSAGE][INFO] - Unable to find the element located by 'By.xpath: //a[@id='yui_3_17_2_1_1641440991320_766']'. Please recheck the objects properties to make sure the desired element is located. 

2022-01-17 15:31:13 - [MESSAGE][WARNING] - [SELF-HEALING] Failed to find element with id 'Object Repository/Create New User/Page_Moodle Khu vc qun tr Thnh vin Ti khon _57274d/a_Click to enter text'. Try using Self-healing.

2022-01-17 15:31:14 - [MESSAGE][WARNING] - [SELF-HEALING] The current locator of test object 'Object Repository/Create New User/Page_Moodle Khu vc qun tr Thnh vin Ti khon _57274d/a_Click to enter text' was broken. Propose an alternative one: '(.//*[normalize-space(text()) and normalize-space(.)='Mật khẩu mới'])[1]/following::a[2]'.

2022-01-17 15:31:14 - [MESSAGE][PASSED] - Object: 'Object Repository/Create New User/Page_Moodle Khu vc qun tr Thnh vin Ti khon _57274d/a_Click to enter text' is clicked on

2022-01-17 15:31:14 - [TEST_STEP][PASSED] - setEncryptedText(findTestObject("Object Repository/Create New User/Page_Moodle Khu vc qun tr Thnh vin Ti khon _57274d/input_Mt khu mi_newpassword"), "cvW8qx4B2o1gIDzvWT+0mQ=="): Text ****** has been set on object 'Object Repository/Create New User/Page_Moodle Khu vc qun tr Thnh vin Ti khon _57274d/input_Mt khu mi_newpassword'

2022-01-17 15:31:14 - [MESSAGE][PASSED] - Text ****** has been set on object 'Object Repository/Create New User/Page_Moodle Khu vc qun tr Thnh vin Ti khon _57274d/input_Mt khu mi_newpassword'

2022-01-17 15:31:14 - [TEST_STEP][PASSED] - setText(findTestObject("Object Repository/Create New User/Page_Moodle Khu vc qun tr Thnh vin Ti khon _57274d/input_Tn m v tn_firstname"), "A"): Text 'A' is set on object 'Object Repository/Create New User/Page_Moodle Khu vc qun tr Thnh vin Ti khon _57274d/input_Tn m v tn_firstname'

2022-01-17 15:31:15 - [MESSAGE][PASSED] - Text 'A' is set on object 'Object Repository/Create New User/Page_Moodle Khu vc qun tr Thnh vin Ti khon _57274d/input_Tn m v tn_firstname'

2022-01-17 15:31:15 - [TEST_STEP][PASSED] - setText(findTestObject("Object Repository/Create New User/Page_Moodle Khu vc qun tr Thnh vin Ti khon _57274d/input_H_lastname"), "Nguyễn"): Text 'Nguyễn' is set on object 'Object Repository/Create New User/Page_Moodle Khu vc qun tr Thnh vin Ti khon _57274d/input_H_lastname'

2022-01-17 15:31:16 - [MESSAGE][PASSED] - Text 'Nguyễn' is set on object 'Object Repository/Create New User/Page_Moodle Khu vc qun tr Thnh vin Ti khon _57274d/input_H_lastname'

2022-01-17 15:31:16 - [TEST_STEP][PASSED] - setText(findTestObject("Object Repository/Create New User/Page_Moodle Khu vc qun tr Thnh vin Ti khon _57274d/input_a ch th in t_email"), "test_1@gmail.com"): Text 'test_1@gmail.com' is set on object 'Object Repository/Create New User/Page_Moodle Khu vc qun tr Thnh vin Ti khon _57274d/input_a ch th in t_email'

2022-01-17 15:31:17 - [MESSAGE][PASSED] - Text 'test_1@gmail.com' is set on object 'Object Repository/Create New User/Page_Moodle Khu vc qun tr Thnh vin Ti khon _57274d/input_a ch th in t_email'

2022-01-17 15:31:17 - [TEST_STEP][PASSED] - selectOptionByValue(findTestObject("Object Repository/Create New User/Page_Moodle Khu vc qun tr Thnh vin Ti khon _57274d/select_Du a ch th in t ca ti            Cho_daca4a"), "0", true): All options with value '0' are selected in object 'Object Repository/Create New User/Page_Moodle Khu vc qun tr Thnh vin Ti khon _57274d/select_Du a ch th in t ca ti            Cho_daca4a'  using regular expression

2022-01-17 15:31:18 - [MESSAGE][PASSED] - All options with value '0' are selected in object 'Object Repository/Create New User/Page_Moodle Khu vc qun tr Thnh vin Ti khon _57274d/select_Du a ch th in t ca ti            Cho_daca4a'  using regular expression

2022-01-17 15:31:18 - [TEST_STEP][PASSED] - setText(findTestObject("Object Repository/Create New User/Page_Moodle Khu vc qun tr Thnh vin Ti khon _57274d/input_TnhThnh ph_city"), "Hồ Chí Minh"): Text 'Hồ Chí Minh' is set on object 'Object Repository/Create New User/Page_Moodle Khu vc qun tr Thnh vin Ti khon _57274d/input_TnhThnh ph_city'

2022-01-17 15:31:19 - [MESSAGE][PASSED] - Text 'Hồ Chí Minh' is set on object 'Object Repository/Create New User/Page_Moodle Khu vc qun tr Thnh vin Ti khon _57274d/input_TnhThnh ph_city'

2022-01-17 15:31:19 - [TEST_STEP][PASSED] - selectOptionByValue(findTestObject("Object Repository/Create New User/Page_Moodle Khu vc qun tr Thnh vin Ti khon _57274d/select_Chn quc gia.            Afghanistan _0db63d"), "VN", true): All options with value 'VN' are selected in object 'Object Repository/Create New User/Page_Moodle Khu vc qun tr Thnh vin Ti khon _57274d/select_Chn quc gia.            Afghanistan _0db63d'  using regular expression

2022-01-17 15:31:28 - [MESSAGE][PASSED] - All options with value 'VN' are selected in object 'Object Repository/Create New User/Page_Moodle Khu vc qun tr Thnh vin Ti khon _57274d/select_Chn quc gia.            Afghanistan _0db63d'  using regular expression

2022-01-17 15:31:28 - [TEST_STEP][PASSED] - click(findTestObject("Object Repository/Create New User/Page_Moodle Khu vc qun tr Thnh vin Ti khon _57274d/a_Ty bin_1")): Object: 'Object Repository/Create New User/Page_Moodle Khu vc qun tr Thnh vin Ti khon _57274d/a_Ty bin_1' is clicked on

2022-01-17 15:31:34 - [MESSAGE][INFO] - Unable to find the element located by 'By.xpath: //a[@id='yui_3_17_2_1_1641374275535_70']'. Please recheck the objects properties to make sure the desired element is located. 

2022-01-17 15:31:34 - [MESSAGE][WARNING] - [SELF-HEALING] Failed to find element with id 'Object Repository/Create New User/Page_Moodle Khu vc qun tr Thnh vin Ti khon _57274d/a_Ty bin_1'. Try using Self-healing.

2022-01-17 15:31:35 - [MESSAGE][WARNING] - [SELF-HEALING] The current locator of test object 'Object Repository/Create New User/Page_Moodle Khu vc qun tr Thnh vin Ti khon _57274d/a_Ty bin_1' was broken. Propose an alternative one: '//a[contains(text(),'Tùy biến')]'.

2022-01-17 15:31:35 - [MESSAGE][PASSED] - Object: 'Object Repository/Create New User/Page_Moodle Khu vc qun tr Thnh vin Ti khon _57274d/a_Ty bin_1' is clicked on

2022-01-17 15:31:35 - [TEST_STEP][PASSED] - setText(findTestObject("Object Repository/Create New User/Page_Moodle Khu vc qun tr Thnh vin Ti khon _57274d/input_KhoaPhngBan_department"), "Công nghệ thông tin"): Text 'Công nghệ thông tin' is set on object 'Object Repository/Create New User/Page_Moodle Khu vc qun tr Thnh vin Ti khon _57274d/input_KhoaPhngBan_department'

2022-01-17 15:31:36 - [MESSAGE][PASSED] - Text 'Công nghệ thông tin' is set on object 'Object Repository/Create New User/Page_Moodle Khu vc qun tr Thnh vin Ti khon _57274d/input_KhoaPhngBan_department'

2022-01-17 15:31:36 - [TEST_STEP][PASSED] - click(findTestObject("Object Repository/Create New User/Page_Moodle Khu vc qun tr Thnh vin Ti khon _57274d/input_a ch_submitbutton")): Object: 'Object Repository/Create New User/Page_Moodle Khu vc qun tr Thnh vin Ti khon _57274d/input_a ch_submitbutton' is clicked on

2022-01-17 15:31:39 - [MESSAGE][PASSED] - Object: 'Object Repository/Create New User/Page_Moodle Khu vc qun tr Thnh vin Ti khon _57274d/input_a ch_submitbutton' is clicked on

2022-01-17 15:31:39 - [TEST_STEP][PASSED] - navigateToUrl("http://localhost/admin/user.php"): Navigate to 'http://localhost/admin/user.php' successfully

2022-01-17 15:31:40 - [MESSAGE][PASSED] - Navigate to 'http://localhost/admin/user.php' successfully

2022-01-17 15:31:40 - [TEST_STEP][PASSED] - click(findTestObject("Object Repository/Create New User/Page_Moodle Khu vc qun tr Thnh vin Ti khon _9bfdd2/a_Qun tr Thnh vin")): Object: 'Object Repository/Create New User/Page_Moodle Khu vc qun tr Thnh vin Ti khon _9bfdd2/a_Qun tr Thnh vin' is clicked on

2022-01-17 15:31:40 - [MESSAGE][PASSED] - Object: 'Object Repository/Create New User/Page_Moodle Khu vc qun tr Thnh vin Ti khon _9bfdd2/a_Qun tr Thnh vin' is clicked on

2022-01-17 15:31:40 - [TEST_STEP][PASSED] - click(findTestObject("Object Repository/Create New User/Page_Moodle Khu vc qun tr Thnh vin Ti khon _9bfdd2/span_Thot")): Object: 'Object Repository/Create New User/Page_Moodle Khu vc qun tr Thnh vin Ti khon _9bfdd2/span_Thot' is clicked on

2022-01-17 15:31:41 - [MESSAGE][PASSED] - Object: 'Object Repository/Create New User/Page_Moodle Khu vc qun tr Thnh vin Ti khon _9bfdd2/span_Thot' is clicked on

2022-01-17 15:31:41 - [TEST_STEP][PASSED] - click(findTestObject("Object Repository/Create New User/Page_Local Moodle/a_Log in")): Object: 'Object Repository/Create New User/Page_Local Moodle/a_Log in' is clicked on

2022-01-17 15:31:42 - [MESSAGE][PASSED] - Object: 'Object Repository/Create New User/Page_Local Moodle/a_Log in' is clicked on

2022-01-17 15:31:42 - [TEST_STEP][PASSED] - setText(findTestObject("Object Repository/Create New User/Page_Local Moodle Log in to the site/input_Username_username"), "test_1"): Text 'test_1' is set on object 'Object Repository/Create New User/Page_Local Moodle Log in to the site/input_Username_username'

2022-01-17 15:31:43 - [MESSAGE][PASSED] - Text 'test_1' is set on object 'Object Repository/Create New User/Page_Local Moodle Log in to the site/input_Username_username'

2022-01-17 15:31:43 - [TEST_STEP][PASSED] - setEncryptedText(findTestObject("Object Repository/Create New User/Page_Local Moodle Log in to the site/input_Password_password"), "cvW8qx4B2o1gIDzvWT+0mQ=="): Text ****** has been set on object 'Object Repository/Create New User/Page_Local Moodle Log in to the site/input_Password_password'

2022-01-17 15:31:43 - [MESSAGE][PASSED] - Text ****** has been set on object 'Object Repository/Create New User/Page_Local Moodle Log in to the site/input_Password_password'

2022-01-17 15:31:43 - [TEST_STEP][PASSED] - click(findTestObject("Object Repository/Create New User/Page_Local Moodle Log in to the site/button_Log in")): Object: 'Object Repository/Create New User/Page_Local Moodle Log in to the site/button_Log in' is clicked on

2022-01-17 15:31:45 - [MESSAGE][PASSED] - Object: 'Object Repository/Create New User/Page_Local Moodle Log in to the site/button_Log in' is clicked on

2022-01-17 15:31:45 - [TEST_STEP][PASSED] - click(findTestObject("Object Repository/Create New User/Page_Nh ca ti/a_A Nguyn")): Object: 'Object Repository/Create New User/Page_Nh ca ti/a_A Nguyn' is clicked on

2022-01-17 15:31:47 - [MESSAGE][PASSED] - Object: 'Object Repository/Create New User/Page_Nh ca ti/a_A Nguyn' is clicked on

2022-01-17 15:31:47 - [TEST_STEP][PASSED] - click(findTestObject("Object Repository/Create New User/Page_Nh ca ti/a_H s")): Object: 'Object Repository/Create New User/Page_Nh ca ti/a_H s' is clicked on

2022-01-17 15:31:48 - [MESSAGE][PASSED] - Object: 'Object Repository/Create New User/Page_Nh ca ti/a_H s' is clicked on

2022-01-17 15:31:48 - [TEST_STEP][PASSED] - verifyElementText(findTestObject("Object Repository/Create New User/Page_A Nguyn H s cng khai/h1_A Nguyn"), "A Nguyễn"): Actual text and expected text of test object 'Object Repository/Create New User/Page_A Nguyn H s cng khai/h1_A Nguyn' are matched.

2022-01-17 15:31:48 - [MESSAGE][PASSED] - Actual text and expected text of test object 'Object Repository/Create New User/Page_A Nguyn H s cng khai/h1_A Nguyn' are matched.

2022-01-17 15:31:48 - [TEST_STEP][PASSED] - verifyElementText(findTestObject("Object Repository/Create New User/Page_A Nguyn H s cng khai/a_test_1gmail.com_1"), "test_1@gmail.com"): Actual text and expected text of test object 'Object Repository/Create New User/Page_A Nguyn H s cng khai/a_test_1gmail.com_1' are matched.

2022-01-17 15:31:49 - [MESSAGE][PASSED] - Actual text and expected text of test object 'Object Repository/Create New User/Page_A Nguyn H s cng khai/a_test_1gmail.com_1' are matched.

2022-01-17 15:31:49 - [TEST_STEP][PASSED] - verifyElementText(findTestObject("Object Repository/Create New User/Page_A Nguyn H s cng khai/dd_Vit Nam"), "Việt Nam"): Actual text and expected text of test object 'Object Repository/Create New User/Page_A Nguyn H s cng khai/dd_Vit Nam' are matched.

2022-01-17 15:31:49 - [MESSAGE][PASSED] - Actual text and expected text of test object 'Object Repository/Create New User/Page_A Nguyn H s cng khai/dd_Vit Nam' are matched.

2022-01-17 15:31:49 - [TEST_STEP][PASSED] - verifyElementText(findTestObject("Object Repository/Create New User/Page_A Nguyn H s cng khai/dd_H Ch Minh"), "Hồ Chí Minh"): Actual text and expected text of test object 'Object Repository/Create New User/Page_A Nguyn H s cng khai/dd_H Ch Minh' are matched.

2022-01-17 15:31:49 - [MESSAGE][PASSED] - Actual text and expected text of test object 'Object Repository/Create New User/Page_A Nguyn H s cng khai/dd_H Ch Minh' are matched.

2022-01-17 15:31:49 - [TEST_STEP][PASSED] - click(findTestObject("Object Repository/Create New User/Page_A Nguyn H s cng khai/a_A Nguyn")): Object: 'Object Repository/Create New User/Page_A Nguyn H s cng khai/a_A Nguyn' is clicked on

2022-01-17 15:31:50 - [MESSAGE][PASSED] - Object: 'Object Repository/Create New User/Page_A Nguyn H s cng khai/a_A Nguyn' is clicked on

2022-01-17 15:31:50 - [TEST_STEP][PASSED] - click(findTestObject("Object Repository/Create New User/Page_A Nguyn H s cng khai/a_Thot")): Object: 'Object Repository/Create New User/Page_A Nguyn H s cng khai/a_Thot' is clicked on

2022-01-17 15:31:51 - [MESSAGE][PASSED] - Object: 'Object Repository/Create New User/Page_A Nguyn H s cng khai/a_Thot' is clicked on

2022-01-17 15:31:51 - [TEST_STEP][PASSED] - click(findTestObject("Object Repository/Create New User/Page_Local Moodle/a_Log in")): Object: 'Object Repository/Create New User/Page_Local Moodle/a_Log in' is clicked on

2022-01-17 15:31:51 - [MESSAGE][PASSED] - Object: 'Object Repository/Create New User/Page_Local Moodle/a_Log in' is clicked on

2022-01-17 15:31:51 - [TEST_STEP][PASSED] - setText(findTestObject("Object Repository/Create New User/Page_Local Moodle Log in to the site/input_Username_username"), "admin"): Text 'admin' is set on object 'Object Repository/Create New User/Page_Local Moodle Log in to the site/input_Username_username'

2022-01-17 15:31:52 - [MESSAGE][PASSED] - Text 'admin' is set on object 'Object Repository/Create New User/Page_Local Moodle Log in to the site/input_Username_username'

2022-01-17 15:31:52 - [TEST_STEP][PASSED] - setEncryptedText(findTestObject("Object Repository/Create New User/Page_Local Moodle Log in to the site/input_Password_password"), "bfAykA/oWJ09FXmiKh6lyuuLu8QhG1K5"): Text ****** has been set on object 'Object Repository/Create New User/Page_Local Moodle Log in to the site/input_Password_password'

2022-01-17 15:31:53 - [MESSAGE][PASSED] - Text ****** has been set on object 'Object Repository/Create New User/Page_Local Moodle Log in to the site/input_Password_password'

2022-01-17 15:31:53 - [TEST_STEP][PASSED] - click(findTestObject("Object Repository/Create New User/Page_Local Moodle Log in to the site/button_Log in")): Object: 'Object Repository/Create New User/Page_Local Moodle Log in to the site/button_Log in' is clicked on

2022-01-17 15:31:54 - [MESSAGE][PASSED] - Object: 'Object Repository/Create New User/Page_Local Moodle Log in to the site/button_Log in' is clicked on

2022-01-17 15:31:54 - [TEST_STEP][PASSED] - click(findTestObject("Object Repository/Create New User/Page_Nh ca ti/span_Qun tr khu vc")): Object: 'Object Repository/Create New User/Page_Nh ca ti/span_Qun tr khu vc' is clicked on

2022-01-17 15:31:57 - [MESSAGE][PASSED] - Object: 'Object Repository/Create New User/Page_Nh ca ti/span_Qun tr khu vc' is clicked on

2022-01-17 15:31:57 - [TEST_STEP][PASSED] - click(findTestObject("Object Repository/Create New User/Page_Moodle Khu vc qun tr Tm kim/a_Thnh vin")): Object: 'Object Repository/Create New User/Page_Moodle Khu vc qun tr Tm kim/a_Thnh vin' is clicked on

2022-01-17 15:31:57 - [MESSAGE][PASSED] - Object: 'Object Repository/Create New User/Page_Moodle Khu vc qun tr Tm kim/a_Thnh vin' is clicked on

2022-01-17 15:31:57 - [TEST_STEP][PASSED] - click(findTestObject("Object Repository/Create New User/Page_Moodle Khu vc qun tr Tm kim/a_Xem danh sch thnh vin")): Object: 'Object Repository/Create New User/Page_Moodle Khu vc qun tr Tm kim/a_Xem danh sch thnh vin' is clicked on

2022-01-17 15:31:58 - [MESSAGE][PASSED] - Object: 'Object Repository/Create New User/Page_Moodle Khu vc qun tr Tm kim/a_Xem danh sch thnh vin' is clicked on

2022-01-17 15:31:58 - [TEST_STEP][PASSED] - click(findTestObject("Object Repository/Create New User/Page_Moodle Khu vc qun tr Thnh vin Ti khon _9bfdd2/i_Vit Nam_yui_3_17_2_1_1642096245171_45")): Object: 'Object Repository/Create New User/Page_Moodle Khu vc qun tr Thnh vin Ti khon _9bfdd2/i_Vit Nam_yui_3_17_2_1_1642096245171_45' is clicked on

2022-01-17 15:32:04 - [MESSAGE][INFO] - Unable to find the element located by 'By.xpath: //i[@id='yui_3_17_2_1_1642096245171_45']'. Please recheck the objects properties to make sure the desired element is located. 

2022-01-17 15:32:04 - [MESSAGE][WARNING] - [SELF-HEALING] Failed to find element with id 'Object Repository/Create New User/Page_Moodle Khu vc qun tr Thnh vin Ti khon _9bfdd2/i_Vit Nam_yui_3_17_2_1_1642096245171_45'. Try using Self-healing.

2022-01-17 15:32:05 - [MESSAGE][WARNING] - [SELF-HEALING] The current locator of test object 'Object Repository/Create New User/Page_Moodle Khu vc qun tr Thnh vin Ti khon _9bfdd2/i_Vit Nam_yui_3_17_2_1_1642096245171_45' was broken. Propose an alternative one: '//td[6]/a/i'.

2022-01-17 15:32:05 - [MESSAGE][PASSED] - Object: 'Object Repository/Create New User/Page_Moodle Khu vc qun tr Thnh vin Ti khon _9bfdd2/i_Vit Nam_yui_3_17_2_1_1642096245171_45' is clicked on

2022-01-17 15:32:05 - [TEST_STEP][PASSED] - click(findTestObject("Object Repository/Create New User/Page_Moodle Khu vc qun tr Thnh vin Ti khon _9bfdd2/button_Xo")): Object: 'Object Repository/Create New User/Page_Moodle Khu vc qun tr Thnh vin Ti khon _9bfdd2/button_Xo' is clicked on

2022-01-17 15:32:11 - [MESSAGE][INFO] - Unable to find the element located by 'By.xpath: //button[@id='single_button61e066810a7c320']'. Please recheck the objects properties to make sure the desired element is located. 

2022-01-17 15:32:11 - [MESSAGE][WARNING] - [SELF-HEALING] Failed to find element with id 'Object Repository/Create New User/Page_Moodle Khu vc qun tr Thnh vin Ti khon _9bfdd2/button_Xo'. Try using Self-healing.

2022-01-17 15:32:11 - [MESSAGE][WARNING] - [SELF-HEALING] The current locator of test object 'Object Repository/Create New User/Page_Moodle Khu vc qun tr Thnh vin Ti khon _9bfdd2/button_Xo' was broken. Propose an alternative one: '//div[@id='modal-footer']/div/div/form/button'.

2022-01-17 15:32:13 - [MESSAGE][PASSED] - Object: 'Object Repository/Create New User/Page_Moodle Khu vc qun tr Thnh vin Ti khon _9bfdd2/button_Xo' is clicked on

2022-01-17 15:32:13 - [TEST_STEP][PASSED] - closeBrowser(): Browser is closed

2022-01-17 15:32:14 - [MESSAGE][PASSED] - Browser is closed]]></system-out>
         <system-err><![CDATA[]]></system-err>
      </testcase>
      <testcase name="Test Cases/Create New User/Create New User Password Fail" time="24.977" classname="Test Cases/Create New User/Create New User Password Fail" status="PASSED">
         <system-out><![CDATA[2022-01-17 15:32:14 - [TEST_CASE][PASSED] - Test Cases/Create New User/Create New User Password Fail: Test Cases/Create New User/Create New User Password Fail

2022-01-17 15:32:14 - [TEST_STEP][PASSED] - callTestCase(findTestCase("Admin Site/Login with Admin"), [:], STOP_ON_FAILURE): Call Test Case 'Test Cases/Admin Site/Login with Admin' successfully

2022-01-17 15:32:14 - [TEST_CASE][PASSED] - Test Cases/Admin Site/Login with Admin: Test Cases/Admin Site/Login with Admin

2022-01-17 15:32:14 - [TEST_STEP][PASSED] - openBrowser(""): Browser is opened with url: ''

2022-01-17 15:32:14 - [MESSAGE][INFO] - Starting 'Chrome' driver

2022-01-17 15:32:14 - [MESSAGE][INFO] - Action delay is set to 0 milliseconds

2022-01-17 15:32:15 - [MESSAGE][PASSED] - Browser is opened with url: ''

2022-01-17 15:32:15 - [TEST_STEP][PASSED] - navigateToUrl("http://localhost/"): Navigate to 'http://localhost/' successfully

2022-01-17 15:32:16 - [MESSAGE][PASSED] - Navigate to 'http://localhost/' successfully

2022-01-17 15:32:16 - [TEST_STEP][PASSED] - click(findTestObject("Object Repository/Admin Site/Page_Local Moodle/a_Log in")): Object: 'Object Repository/Admin Site/Page_Local Moodle/a_Log in' is clicked on

2022-01-17 15:32:17 - [MESSAGE][PASSED] - Object: 'Object Repository/Admin Site/Page_Local Moodle/a_Log in' is clicked on

2022-01-17 15:32:17 - [TEST_STEP][PASSED] - setText(findTestObject("Object Repository/Admin Site/Page_Local Moodle Log in to the site/input_Username_username"), "admin"): Text 'admin' is set on object 'Object Repository/Admin Site/Page_Local Moodle Log in to the site/input_Username_username'

2022-01-17 15:32:18 - [MESSAGE][PASSED] - Text 'admin' is set on object 'Object Repository/Admin Site/Page_Local Moodle Log in to the site/input_Username_username'

2022-01-17 15:32:18 - [TEST_STEP][PASSED] - setEncryptedText(findTestObject("Object Repository/Admin Site/Page_Local Moodle Log in to the site/input_Password_password"), "bfAykA/oWJ09FXmiKh6lyuuLu8QhG1K5"): Text ****** has been set on object 'Object Repository/Admin Site/Page_Local Moodle Log in to the site/input_Password_password'

2022-01-17 15:32:18 - [MESSAGE][PASSED] - Text ****** has been set on object 'Object Repository/Admin Site/Page_Local Moodle Log in to the site/input_Password_password'

2022-01-17 15:32:18 - [TEST_STEP][PASSED] - click(findTestObject("Object Repository/Admin Site/Page_Local Moodle Log in to the site/button_Log in")): Object: 'Object Repository/Admin Site/Page_Local Moodle Log in to the site/button_Log in' is clicked on

2022-01-17 15:32:19 - [MESSAGE][PASSED] - Object: 'Object Repository/Admin Site/Page_Local Moodle Log in to the site/button_Log in' is clicked on

2022-01-17 15:32:19 - [TEST_STEP][PASSED] - click(findTestObject("Object Repository/Admin Site/Page_Nh ca ti/span_Qun tr khu vc")): Object: 'Object Repository/Admin Site/Page_Nh ca ti/span_Qun tr khu vc' is clicked on

2022-01-17 15:32:22 - [MESSAGE][PASSED] - Object: 'Object Repository/Admin Site/Page_Nh ca ti/span_Qun tr khu vc' is clicked on

2022-01-17 15:32:22 - [TEST_STEP][PASSED] - verifyElementPresent(findTestObject("Object Repository/Admin Site/Page_Moodle Khu vc qun tr Tm kim/a_Qun tr khu vc"), 0): Object 'Object Repository/Admin Site/Page_Moodle Khu vc qun tr Tm kim/a_Qun tr khu vc' is present

2022-01-17 15:32:22 - [MESSAGE][WARNING] - Timeout '0' is invalid. Using default page load timeout: '5'

2022-01-17 15:32:22 - [MESSAGE][PASSED] - Object 'Object Repository/Admin Site/Page_Moodle Khu vc qun tr Tm kim/a_Qun tr khu vc' is present

2022-01-17 15:32:22 - [MESSAGE][PASSED] - Call Test Case 'Test Cases/Admin Site/Login with Admin' successfully

2022-01-17 15:32:22 - [TEST_STEP][PASSED] - click(findTestObject("Object Repository/Create New User/Page_Moodle Khu vc qun tr Tm kim/a_Thnh vin")): Object: 'Object Repository/Create New User/Page_Moodle Khu vc qun tr Tm kim/a_Thnh vin' is clicked on

2022-01-17 15:32:22 - [MESSAGE][PASSED] - Object: 'Object Repository/Create New User/Page_Moodle Khu vc qun tr Tm kim/a_Thnh vin' is clicked on

2022-01-17 15:32:22 - [TEST_STEP][PASSED] - click(findTestObject("Object Repository/Create New User/Page_Moodle Khu vc qun tr Tm kim/a_Thm thnh vin mi")): Object: 'Object Repository/Create New User/Page_Moodle Khu vc qun tr Tm kim/a_Thm thnh vin mi' is clicked on

2022-01-17 15:32:24 - [MESSAGE][PASSED] - Object: 'Object Repository/Create New User/Page_Moodle Khu vc qun tr Tm kim/a_Thm thnh vin mi' is clicked on

2022-01-17 15:32:24 - [TEST_STEP][PASSED] - navigateToUrl("http://localhost/user/editadvanced.php?id=-1"): Navigate to 'http://localhost/user/editadvanced.php?id=-1' successfully

2022-01-17 15:32:24 - [MESSAGE][PASSED] - Navigate to 'http://localhost/user/editadvanced.php?id=-1' successfully

2022-01-17 15:32:24 - [TEST_STEP][PASSED] - click(findTestObject("Object Repository/Create New User/Page_Moodle Khu vc qun tr Thnh vin Ti khon _57274d/input_Tn ti khon_username")): Object: 'Object Repository/Create New User/Page_Moodle Khu vc qun tr Thnh vin Ti khon _57274d/input_Tn ti khon_username' is clicked on

2022-01-17 15:32:25 - [MESSAGE][PASSED] - Object: 'Object Repository/Create New User/Page_Moodle Khu vc qun tr Thnh vin Ti khon _57274d/input_Tn ti khon_username' is clicked on

2022-01-17 15:32:25 - [TEST_STEP][PASSED] - setText(findTestObject("Object Repository/Create New User/Page_Moodle Khu vc qun tr Thnh vin Ti khon _57274d/input_Tn ti khon_username"), "test_fail"): Text 'test_fail' is set on object 'Object Repository/Create New User/Page_Moodle Khu vc qun tr Thnh vin Ti khon _57274d/input_Tn ti khon_username'

2022-01-17 15:32:26 - [MESSAGE][PASSED] - Text 'test_fail' is set on object 'Object Repository/Create New User/Page_Moodle Khu vc qun tr Thnh vin Ti khon _57274d/input_Tn ti khon_username'

2022-01-17 15:32:26 - [TEST_STEP][PASSED] - setText(findTestObject("Object Repository/Create New User/Page_Moodle Khu vc qun tr Thnh vin Ti khon _57274d/input_Tn m v tn_firstname"), "1"): Text '1' is set on object 'Object Repository/Create New User/Page_Moodle Khu vc qun tr Thnh vin Ti khon _57274d/input_Tn m v tn_firstname'

2022-01-17 15:32:27 - [MESSAGE][PASSED] - Text '1' is set on object 'Object Repository/Create New User/Page_Moodle Khu vc qun tr Thnh vin Ti khon _57274d/input_Tn m v tn_firstname'

2022-01-17 15:32:27 - [TEST_STEP][PASSED] - setText(findTestObject("Object Repository/Create New User/Page_Moodle Khu vc qun tr Thnh vin Ti khon _57274d/input_H_lastname"), "2"): Text '2' is set on object 'Object Repository/Create New User/Page_Moodle Khu vc qun tr Thnh vin Ti khon _57274d/input_H_lastname'

2022-01-17 15:32:27 - [MESSAGE][PASSED] - Text '2' is set on object 'Object Repository/Create New User/Page_Moodle Khu vc qun tr Thnh vin Ti khon _57274d/input_H_lastname'

2022-01-17 15:32:27 - [TEST_STEP][PASSED] - setText(findTestObject("Object Repository/Create New User/Page_Moodle Khu vc qun tr Thnh vin Ti khon _57274d/input_a ch th in t_email"), "test_fail@gmail.com"): Text 'test_fail@gmail.com' is set on object 'Object Repository/Create New User/Page_Moodle Khu vc qun tr Thnh vin Ti khon _57274d/input_a ch th in t_email'

2022-01-17 15:32:28 - [MESSAGE][PASSED] - Text 'test_fail@gmail.com' is set on object 'Object Repository/Create New User/Page_Moodle Khu vc qun tr Thnh vin Ti khon _57274d/input_a ch th in t_email'

2022-01-17 15:32:28 - [TEST_STEP][PASSED] - click(findTestObject("Object Repository/Create New User/Page_Moodle Khu vc qun tr Thnh vin Ti khon _57274d/em_Click to enter text")): Object: 'Object Repository/Create New User/Page_Moodle Khu vc qun tr Thnh vin Ti khon _57274d/em_Click to enter text' is clicked on

2022-01-17 15:32:34 - [MESSAGE][INFO] - Unable to find the element located by 'By.xpath: //a[@id='yui_3_17_2_1_1642069056468_763']/span/span/em'. Please recheck the objects properties to make sure the desired element is located. 

2022-01-17 15:32:34 - [MESSAGE][WARNING] - [SELF-HEALING] Failed to find element with id 'Object Repository/Create New User/Page_Moodle Khu vc qun tr Thnh vin Ti khon _57274d/em_Click to enter text'. Try using Self-healing.

2022-01-17 15:32:35 - [MESSAGE][WARNING] - [SELF-HEALING] The current locator of test object 'Object Repository/Create New User/Page_Moodle Khu vc qun tr Thnh vin Ti khon _57274d/em_Click to enter text' was broken. Propose an alternative one: '(.//*[normalize-space(text()) and normalize-space(.)='Mật khẩu mới'])[1]/following::em[1]'.

2022-01-17 15:32:35 - [MESSAGE][PASSED] - Object: 'Object Repository/Create New User/Page_Moodle Khu vc qun tr Thnh vin Ti khon _57274d/em_Click to enter text' is clicked on

2022-01-17 15:32:35 - [TEST_STEP][PASSED] - setEncryptedText(findTestObject("Object Repository/Create New User/Page_Moodle Khu vc qun tr Thnh vin Ti khon _57274d/input_Mt khu mi_newpassword"), "RigbBhfdqOBGNlJIWM1ClA=="): Text ****** has been set on object 'Object Repository/Create New User/Page_Moodle Khu vc qun tr Thnh vin Ti khon _57274d/input_Mt khu mi_newpassword'

2022-01-17 15:32:35 - [MESSAGE][PASSED] - Text ****** has been set on object 'Object Repository/Create New User/Page_Moodle Khu vc qun tr Thnh vin Ti khon _57274d/input_Mt khu mi_newpassword'

2022-01-17 15:32:35 - [TEST_STEP][PASSED] - click(findTestObject("Object Repository/Create New User/Page_Moodle Khu vc qun tr Thnh vin Ti khon _57274d/input_a ch_submitbutton")): Object: 'Object Repository/Create New User/Page_Moodle Khu vc qun tr Thnh vin Ti khon _57274d/input_a ch_submitbutton' is clicked on

2022-01-17 15:32:37 - [MESSAGE][PASSED] - Object: 'Object Repository/Create New User/Page_Moodle Khu vc qun tr Thnh vin Ti khon _57274d/input_a ch_submitbutton' is clicked on

2022-01-17 15:32:37 - [TEST_STEP][PASSED] - verifyElementPresent(findTestObject("Object Repository/Create New User/Page_Moodle Khu vc qun tr Thnh vin Ti khon _57274d/div_Mt khu phi c t nht l 1 k t vit thng"), 0): Object 'Object Repository/Create New User/Page_Moodle Khu vc qun tr Thnh vin Ti khon _57274d/div_Mt khu phi c t nht l 1 k t vit thng' is present

2022-01-17 15:32:37 - [MESSAGE][WARNING] - Timeout '0' is invalid. Using default page load timeout: '5'

2022-01-17 15:32:37 - [MESSAGE][PASSED] - Object 'Object Repository/Create New User/Page_Moodle Khu vc qun tr Thnh vin Ti khon _57274d/div_Mt khu phi c t nht l 1 k t vit thng' is present

2022-01-17 15:32:37 - [TEST_STEP][PASSED] - verifyElementPresent(findTestObject("Object Repository/Create New User/Page_Moodle Khu vc qun tr Thnh vin Ti khon _57274d/div_Mt khu phi c t nht l 1 k t vit hoa"), 0): Object 'Object Repository/Create New User/Page_Moodle Khu vc qun tr Thnh vin Ti khon _57274d/div_Mt khu phi c t nht l 1 k t vit hoa' is present

2022-01-17 15:32:37 - [MESSAGE][WARNING] - Timeout '0' is invalid. Using default page load timeout: '5'

2022-01-17 15:32:38 - [MESSAGE][PASSED] - Object 'Object Repository/Create New User/Page_Moodle Khu vc qun tr Thnh vin Ti khon _57274d/div_Mt khu phi c t nht l 1 k t vit hoa' is present

2022-01-17 15:32:38 - [TEST_STEP][PASSED] - verifyElementPresent(findTestObject("Object Repository/Create New User/Page_Moodle Khu vc qun tr Thnh vin Ti khon _57274d/div_Mt khu phi c t nht l 1 k t dng ch"), 0): Object 'Object Repository/Create New User/Page_Moodle Khu vc qun tr Thnh vin Ti khon _57274d/div_Mt khu phi c t nht l 1 k t dng ch' is present

2022-01-17 15:32:38 - [MESSAGE][WARNING] - Timeout '0' is invalid. Using default page load timeout: '5'

2022-01-17 15:32:38 - [MESSAGE][PASSED] - Object 'Object Repository/Create New User/Page_Moodle Khu vc qun tr Thnh vin Ti khon _57274d/div_Mt khu phi c t nht l 1 k t dng ch' is present

2022-01-17 15:32:38 - [TEST_STEP][PASSED] - closeBrowser(): Browser is closed

2022-01-17 15:32:39 - [MESSAGE][PASSED] - Browser is closed]]></system-out>
         <system-err><![CDATA[]]></system-err>
      </testcase>
      <testcase name="Test Cases/Create New User/Create New User With Full Information" time="104.305" classname="Test Cases/Create New User/Create New User With Full Information" status="PASSED">
         <system-out><![CDATA[2022-01-17 15:32:39 - [TEST_CASE][PASSED] - Test Cases/Create New User/Create New User With Full Information: Test Cases/Create New User/Create New User With Full Information

2022-01-17 15:32:39 - [TEST_STEP][PASSED] - callTestCase(findTestCase("Admin Site/Login with Admin"), [:], STOP_ON_FAILURE): Call Test Case 'Test Cases/Admin Site/Login with Admin' successfully

2022-01-17 15:32:39 - [TEST_CASE][PASSED] - Test Cases/Admin Site/Login with Admin: Test Cases/Admin Site/Login with Admin

2022-01-17 15:32:39 - [TEST_STEP][PASSED] - openBrowser(""): Browser is opened with url: ''

2022-01-17 15:32:39 - [MESSAGE][INFO] - Starting 'Chrome' driver

2022-01-17 15:32:39 - [MESSAGE][INFO] - Action delay is set to 0 milliseconds

2022-01-17 15:32:40 - [MESSAGE][PASSED] - Browser is opened with url: ''

2022-01-17 15:32:40 - [TEST_STEP][PASSED] - navigateToUrl("http://localhost/"): Navigate to 'http://localhost/' successfully

2022-01-17 15:32:41 - [MESSAGE][PASSED] - Navigate to 'http://localhost/' successfully

2022-01-17 15:32:41 - [TEST_STEP][PASSED] - click(findTestObject("Object Repository/Admin Site/Page_Local Moodle/a_Log in")): Object: 'Object Repository/Admin Site/Page_Local Moodle/a_Log in' is clicked on

2022-01-17 15:32:42 - [MESSAGE][PASSED] - Object: 'Object Repository/Admin Site/Page_Local Moodle/a_Log in' is clicked on

2022-01-17 15:32:42 - [TEST_STEP][PASSED] - setText(findTestObject("Object Repository/Admin Site/Page_Local Moodle Log in to the site/input_Username_username"), "admin"): Text 'admin' is set on object 'Object Repository/Admin Site/Page_Local Moodle Log in to the site/input_Username_username'

2022-01-17 15:32:43 - [MESSAGE][PASSED] - Text 'admin' is set on object 'Object Repository/Admin Site/Page_Local Moodle Log in to the site/input_Username_username'

2022-01-17 15:32:43 - [TEST_STEP][PASSED] - setEncryptedText(findTestObject("Object Repository/Admin Site/Page_Local Moodle Log in to the site/input_Password_password"), "bfAykA/oWJ09FXmiKh6lyuuLu8QhG1K5"): Text ****** has been set on object 'Object Repository/Admin Site/Page_Local Moodle Log in to the site/input_Password_password'

2022-01-17 15:32:43 - [MESSAGE][PASSED] - Text ****** has been set on object 'Object Repository/Admin Site/Page_Local Moodle Log in to the site/input_Password_password'

2022-01-17 15:32:43 - [TEST_STEP][PASSED] - click(findTestObject("Object Repository/Admin Site/Page_Local Moodle Log in to the site/button_Log in")): Object: 'Object Repository/Admin Site/Page_Local Moodle Log in to the site/button_Log in' is clicked on

2022-01-17 15:32:44 - [MESSAGE][PASSED] - Object: 'Object Repository/Admin Site/Page_Local Moodle Log in to the site/button_Log in' is clicked on

2022-01-17 15:32:44 - [TEST_STEP][PASSED] - click(findTestObject("Object Repository/Admin Site/Page_Nh ca ti/span_Qun tr khu vc")): Object: 'Object Repository/Admin Site/Page_Nh ca ti/span_Qun tr khu vc' is clicked on

2022-01-17 15:32:46 - [MESSAGE][PASSED] - Object: 'Object Repository/Admin Site/Page_Nh ca ti/span_Qun tr khu vc' is clicked on

2022-01-17 15:32:46 - [TEST_STEP][PASSED] - verifyElementPresent(findTestObject("Object Repository/Admin Site/Page_Moodle Khu vc qun tr Tm kim/a_Qun tr khu vc"), 0): Object 'Object Repository/Admin Site/Page_Moodle Khu vc qun tr Tm kim/a_Qun tr khu vc' is present

2022-01-17 15:32:46 - [MESSAGE][WARNING] - Timeout '0' is invalid. Using default page load timeout: '5'

2022-01-17 15:32:47 - [MESSAGE][PASSED] - Object 'Object Repository/Admin Site/Page_Moodle Khu vc qun tr Tm kim/a_Qun tr khu vc' is present

2022-01-17 15:32:47 - [MESSAGE][PASSED] - Call Test Case 'Test Cases/Admin Site/Login with Admin' successfully

2022-01-17 15:32:47 - [TEST_STEP][PASSED] - click(findTestObject("Object Repository/Create New User/Page_Moodle Khu vc qun tr Tm kim/a_Thnh vin")): Object: 'Object Repository/Create New User/Page_Moodle Khu vc qun tr Tm kim/a_Thnh vin' is clicked on

2022-01-17 15:32:47 - [MESSAGE][PASSED] - Object: 'Object Repository/Create New User/Page_Moodle Khu vc qun tr Tm kim/a_Thnh vin' is clicked on

2022-01-17 15:32:47 - [TEST_STEP][PASSED] - click(findTestObject("Object Repository/Create New User/Page_Moodle Khu vc qun tr Tm kim/a_Thm thnh vin mi")): Object: 'Object Repository/Create New User/Page_Moodle Khu vc qun tr Tm kim/a_Thm thnh vin mi' is clicked on

2022-01-17 15:32:48 - [MESSAGE][PASSED] - Object: 'Object Repository/Create New User/Page_Moodle Khu vc qun tr Tm kim/a_Thm thnh vin mi' is clicked on

2022-01-17 15:32:48 - [TEST_STEP][PASSED] - navigateToUrl("http://localhost/user/editadvanced.php?id=-1"): Navigate to 'http://localhost/user/editadvanced.php?id=-1' successfully

2022-01-17 15:32:49 - [MESSAGE][PASSED] - Navigate to 'http://localhost/user/editadvanced.php?id=-1' successfully

2022-01-17 15:32:49 - [TEST_STEP][PASSED] - click(findTestObject("Object Repository/Create New User/Page_Moodle Khu vc qun tr Thnh vin Ti khon _57274d/a_M rng tt c")): Object: 'Object Repository/Create New User/Page_Moodle Khu vc qun tr Thnh vin Ti khon _57274d/a_M rng tt c' is clicked on

2022-01-17 15:32:55 - [MESSAGE][INFO] - Unable to find the element located by 'By.xpath: //*[@href = '#' and @id = 'yui_3_17_2_1_1641375718034_760' and (text() = 'Mở rộng tất cả' or . = 'Mở rộng tất cả')]'. Please recheck the objects properties to make sure the desired element is located. 

2022-01-17 15:32:55 - [MESSAGE][WARNING] - [SELF-HEALING] Failed to find element with id 'Object Repository/Create New User/Page_Moodle Khu vc qun tr Thnh vin Ti khon _57274d/a_M rng tt c'. Try using Self-healing.

2022-01-17 15:32:55 - [MESSAGE][WARNING] - [SELF-HEALING] The current locator of test object 'Object Repository/Create New User/Page_Moodle Khu vc qun tr Thnh vin Ti khon _57274d/a_M rng tt c' was broken. Propose an alternative one: '//a[contains(text(),'Mở rộng tất cả')]'.

2022-01-17 15:32:56 - [MESSAGE][PASSED] - Object: 'Object Repository/Create New User/Page_Moodle Khu vc qun tr Thnh vin Ti khon _57274d/a_M rng tt c' is clicked on

2022-01-17 15:32:56 - [TEST_STEP][PASSED] - setText(findTestObject("Object Repository/Create New User/Page_Moodle Khu vc qun tr Thnh vin Ti khon _57274d/input_Tn ti khon_username"), "test_3"): Text 'test_3' is set on object 'Object Repository/Create New User/Page_Moodle Khu vc qun tr Thnh vin Ti khon _57274d/input_Tn ti khon_username'

2022-01-17 15:32:56 - [MESSAGE][PASSED] - Text 'test_3' is set on object 'Object Repository/Create New User/Page_Moodle Khu vc qun tr Thnh vin Ti khon _57274d/input_Tn ti khon_username'

2022-01-17 15:32:56 - [TEST_STEP][PASSED] - click(findTestObject("Object Repository/Create New User/Page_Moodle Khu vc qun tr Thnh vin Ti khon _57274d/em_Click to enter text")): Object: 'Object Repository/Create New User/Page_Moodle Khu vc qun tr Thnh vin Ti khon _57274d/em_Click to enter text' is clicked on

2022-01-17 15:33:02 - [MESSAGE][INFO] - Unable to find the element located by 'By.xpath: //a[@id='yui_3_17_2_1_1642069056468_763']/span/span/em'. Please recheck the objects properties to make sure the desired element is located. 

2022-01-17 15:33:02 - [MESSAGE][WARNING] - [SELF-HEALING] Failed to find element with id 'Object Repository/Create New User/Page_Moodle Khu vc qun tr Thnh vin Ti khon _57274d/em_Click to enter text'. Try using Self-healing.

2022-01-17 15:33:03 - [MESSAGE][WARNING] - [SELF-HEALING] The current locator of test object 'Object Repository/Create New User/Page_Moodle Khu vc qun tr Thnh vin Ti khon _57274d/em_Click to enter text' was broken. Propose an alternative one: '(.//*[normalize-space(text()) and normalize-space(.)='Mật khẩu mới'])[1]/following::em[1]'.

2022-01-17 15:33:03 - [MESSAGE][PASSED] - Object: 'Object Repository/Create New User/Page_Moodle Khu vc qun tr Thnh vin Ti khon _57274d/em_Click to enter text' is clicked on

2022-01-17 15:33:03 - [TEST_STEP][PASSED] - setEncryptedText(findTestObject("Object Repository/Create New User/Page_Moodle Khu vc qun tr Thnh vin Ti khon _57274d/input_Mt khu mi_newpassword"), "cvW8qx4B2o1gIDzvWT+0mQ=="): Text ****** has been set on object 'Object Repository/Create New User/Page_Moodle Khu vc qun tr Thnh vin Ti khon _57274d/input_Mt khu mi_newpassword'

2022-01-17 15:33:03 - [MESSAGE][PASSED] - Text ****** has been set on object 'Object Repository/Create New User/Page_Moodle Khu vc qun tr Thnh vin Ti khon _57274d/input_Mt khu mi_newpassword'

2022-01-17 15:33:03 - [TEST_STEP][PASSED] - setText(findTestObject("Object Repository/Create New User/Page_Moodle Khu vc qun tr Thnh vin Ti khon _57274d/input_Tn m v tn_firstname"), "C"): Text 'C' is set on object 'Object Repository/Create New User/Page_Moodle Khu vc qun tr Thnh vin Ti khon _57274d/input_Tn m v tn_firstname'

2022-01-17 15:33:04 - [MESSAGE][PASSED] - Text 'C' is set on object 'Object Repository/Create New User/Page_Moodle Khu vc qun tr Thnh vin Ti khon _57274d/input_Tn m v tn_firstname'

2022-01-17 15:33:04 - [TEST_STEP][PASSED] - setText(findTestObject("Object Repository/Create New User/Page_Moodle Khu vc qun tr Thnh vin Ti khon _57274d/input_H_lastname"), "Nguyễn"): Text 'Nguyễn' is set on object 'Object Repository/Create New User/Page_Moodle Khu vc qun tr Thnh vin Ti khon _57274d/input_H_lastname'

2022-01-17 15:33:05 - [MESSAGE][PASSED] - Text 'Nguyễn' is set on object 'Object Repository/Create New User/Page_Moodle Khu vc qun tr Thnh vin Ti khon _57274d/input_H_lastname'

2022-01-17 15:33:05 - [TEST_STEP][PASSED] - setText(findTestObject("Object Repository/Create New User/Page_Moodle Khu vc qun tr Thnh vin Ti khon _57274d/input_a ch th in t_email"), "test_3@gmail.com"): Text 'test_3@gmail.com' is set on object 'Object Repository/Create New User/Page_Moodle Khu vc qun tr Thnh vin Ti khon _57274d/input_a ch th in t_email'

2022-01-17 15:33:06 - [MESSAGE][PASSED] - Text 'test_3@gmail.com' is set on object 'Object Repository/Create New User/Page_Moodle Khu vc qun tr Thnh vin Ti khon _57274d/input_a ch th in t_email'

2022-01-17 15:33:06 - [TEST_STEP][PASSED] - selectOptionByValue(findTestObject("Object Repository/Create New User/Page_Moodle Khu vc qun tr Thnh vin Ti khon _57274d/select_Du a ch th in t ca ti            Cho_daca4a"), "1", true): All options with value '1' are selected in object 'Object Repository/Create New User/Page_Moodle Khu vc qun tr Thnh vin Ti khon _57274d/select_Du a ch th in t ca ti            Cho_daca4a'  using regular expression

2022-01-17 15:33:07 - [MESSAGE][PASSED] - All options with value '1' are selected in object 'Object Repository/Create New User/Page_Moodle Khu vc qun tr Thnh vin Ti khon _57274d/select_Du a ch th in t ca ti            Cho_daca4a'  using regular expression

2022-01-17 15:33:07 - [TEST_STEP][PASSED] - setText(findTestObject("Object Repository/Create New User/Page_Moodle Khu vc qun tr Thnh vin Ti khon _57274d/input_TnhThnh ph_city"), "Hà Nội"): Text 'Hà Nội' is set on object 'Object Repository/Create New User/Page_Moodle Khu vc qun tr Thnh vin Ti khon _57274d/input_TnhThnh ph_city'

2022-01-17 15:33:08 - [MESSAGE][PASSED] - Text 'Hà Nội' is set on object 'Object Repository/Create New User/Page_Moodle Khu vc qun tr Thnh vin Ti khon _57274d/input_TnhThnh ph_city'

2022-01-17 15:33:08 - [TEST_STEP][PASSED] - selectOptionByValue(findTestObject("Object Repository/Create New User/Page_Moodle Khu vc qun tr Thnh vin Ti khon _57274d/select_Chn quc gia.            Afghanistan _0db63d"), "VN", true): All options with value 'VN' are selected in object 'Object Repository/Create New User/Page_Moodle Khu vc qun tr Thnh vin Ti khon _57274d/select_Chn quc gia.            Afghanistan _0db63d'  using regular expression

2022-01-17 15:33:17 - [MESSAGE][PASSED] - All options with value 'VN' are selected in object 'Object Repository/Create New User/Page_Moodle Khu vc qun tr Thnh vin Ti khon _57274d/select_Chn quc gia.            Afghanistan _0db63d'  using regular expression

2022-01-17 15:33:17 - [TEST_STEP][PASSED] - setText(findTestObject("Object Repository/Create New User/Page_Moodle Khu vc qun tr Thnh vin Ti khon _57274d/div_Simple description"), "<p dir="ltr" style="text-align: left;">Simple description</p>"): Text '<p dir="ltr" style="text-align: left;">Simple description</p>' is set on object 'Object Repository/Create New User/Page_Moodle Khu vc qun tr Thnh vin Ti khon _57274d/div_Simple description'

2022-01-17 15:33:18 - [MESSAGE][PASSED] - Text '<p dir="ltr" style="text-align: left;">Simple description</p>' is set on object 'Object Repository/Create New User/Page_Moodle Khu vc qun tr Thnh vin Ti khon _57274d/div_Simple description'

2022-01-17 15:33:18 - [TEST_STEP][PASSED] - click(findTestObject("Object Repository/Create New User/Page_Moodle Khu vc qun tr Thnh vin Ti khon _57274d/a_- Ko th khng c h tr_yui_3_17_2_1_16414382_45899b")): Object: 'Object Repository/Create New User/Page_Moodle Khu vc qun tr Thnh vin Ti khon _57274d/a_- Ko th khng c h tr_yui_3_17_2_1_16414382_45899b' is clicked on

2022-01-17 15:33:24 - [MESSAGE][INFO] - Unable to find the element located by 'By.xpath: '. Please recheck the objects properties to make sure the desired element is located. 

2022-01-17 15:33:24 - [MESSAGE][WARNING] - [SELF-HEALING] Failed to find element with id 'Object Repository/Create New User/Page_Moodle Khu vc qun tr Thnh vin Ti khon _57274d/a_- Ko th khng c h tr_yui_3_17_2_1_16414382_45899b'. Try using Self-healing.

2022-01-17 15:33:24 - [MESSAGE][WARNING] - [SELF-HEALING] The current locator of test object 'Object Repository/Create New User/Page_Moodle Khu vc qun tr Thnh vin Ti khon _57274d/a_- Ko th khng c h tr_yui_3_17_2_1_16414382_45899b' was broken. Propose an alternative one: '(.//*[normalize-space(text()) and normalize-space(.)='- Kéo thả không được hỗ trợ'])[1]/following::a[1]'.

2022-01-17 15:33:24 - [MESSAGE][PASSED] - Object: 'Object Repository/Create New User/Page_Moodle Khu vc qun tr Thnh vin Ti khon _57274d/a_- Ko th khng c h tr_yui_3_17_2_1_16414382_45899b' is clicked on

2022-01-17 15:33:24 - [TEST_STEP][PASSED] - click(findTestObject("Object Repository/Create New User/Page_Moodle Khu vc qun tr Thnh vin Ti khon _57274d/span_Tp tin ring t")): Object: 'Object Repository/Create New User/Page_Moodle Khu vc qun tr Thnh vin Ti khon _57274d/span_Tp tin ring t' is clicked on

2022-01-17 15:33:31 - [MESSAGE][INFO] - Unable to find the element located by 'By.xpath: //span[@id='yui_3_17_2_1_1641438294284_1658']'. Please recheck the objects properties to make sure the desired element is located. 

2022-01-17 15:33:31 - [MESSAGE][WARNING] - [SELF-HEALING] Failed to find element with id 'Object Repository/Create New User/Page_Moodle Khu vc qun tr Thnh vin Ti khon _57274d/span_Tp tin ring t'. Try using Self-healing.

2022-01-17 15:33:31 - [MESSAGE][WARNING] - [SELF-HEALING] The current locator of test object 'Object Repository/Create New User/Page_Moodle Khu vc qun tr Thnh vin Ti khon _57274d/span_Tp tin ring t' was broken. Propose an alternative one: '(.//*[normalize-space(text()) and normalize-space(.)='URL downloader'])[1]/following::span[1]'.

2022-01-17 15:33:31 - [MESSAGE][PASSED] - Object: 'Object Repository/Create New User/Page_Moodle Khu vc qun tr Thnh vin Ti khon _57274d/span_Tp tin ring t' is clicked on

2022-01-17 15:33:31 - [TEST_STEP][PASSED] - click(findTestObject("Object Repository/Create New User/Page_Moodle Khu vc qun tr Thnh vin Ti khon _57274d/div_Wikimedia_yui_3_17_2_1_1641438294284_1691")): Object: 'Object Repository/Create New User/Page_Moodle Khu vc qun tr Thnh vin Ti khon _57274d/div_Wikimedia_yui_3_17_2_1_1641438294284_1691' is clicked on

2022-01-17 15:33:37 - [MESSAGE][INFO] - Unable to find the element located by 'By.xpath: //div[@id='yui_3_17_2_1_1641438294284_1691']'. Please recheck the objects properties to make sure the desired element is located. 

2022-01-17 15:33:37 - [MESSAGE][WARNING] - [SELF-HEALING] Failed to find element with id 'Object Repository/Create New User/Page_Moodle Khu vc qun tr Thnh vin Ti khon _57274d/div_Wikimedia_yui_3_17_2_1_1641438294284_1691'. Try using Self-healing.

2022-01-17 15:33:37 - [MESSAGE][WARNING] - [SELF-HEALING] The current locator of test object 'Object Repository/Create New User/Page_Moodle Khu vc qun tr Thnh vin Ti khon _57274d/div_Wikimedia_yui_3_17_2_1_1641438294284_1691' was broken. Propose an alternative one: '//div[2]/div/a/div/div[3]'.

2022-01-17 15:33:38 - [MESSAGE][PASSED] - Object: 'Object Repository/Create New User/Page_Moodle Khu vc qun tr Thnh vin Ti khon _57274d/div_Wikimedia_yui_3_17_2_1_1641438294284_1691' is clicked on

2022-01-17 15:33:38 - [TEST_STEP][PASSED] - click(findTestObject("Object Repository/Create New User/Page_Moodle Khu vc qun tr Thnh vin Ti khon _57274d/button_Chn tp ny")): Object: 'Object Repository/Create New User/Page_Moodle Khu vc qun tr Thnh vin Ti khon _57274d/button_Chn tp ny' is clicked on

2022-01-17 15:33:44 - [MESSAGE][INFO] - Unable to find the element located by 'By.xpath: //button[@id='yui_3_17_2_1_1641438294284_1779']'. Please recheck the objects properties to make sure the desired element is located. 

2022-01-17 15:33:44 - [MESSAGE][WARNING] - [SELF-HEALING] Failed to find element with id 'Object Repository/Create New User/Page_Moodle Khu vc qun tr Thnh vin Ti khon _57274d/button_Chn tp ny'. Try using Self-healing.

2022-01-17 15:33:44 - [MESSAGE][WARNING] - [SELF-HEALING] The current locator of test object 'Object Repository/Create New User/Page_Moodle Khu vc qun tr Thnh vin Ti khon _57274d/button_Chn tp ny' was broken. Propose an alternative one: '(.//*[normalize-space(text()) and normalize-space(.)='Chọn giấy phép'])[2]/following::button[1]'.

2022-01-17 15:33:44 - [MESSAGE][PASSED] - Object: 'Object Repository/Create New User/Page_Moodle Khu vc qun tr Thnh vin Ti khon _57274d/button_Chn tp ny' is clicked on

2022-01-17 15:33:44 - [TEST_STEP][PASSED] - setText(findTestObject("Object Repository/Create New User/Page_Moodle Khu vc qun tr Thnh vin Ti khon _57274d/input_M s ID_idnumber"), "19120036"): Text '19120036' is set on object 'Object Repository/Create New User/Page_Moodle Khu vc qun tr Thnh vin Ti khon _57274d/input_M s ID_idnumber'

2022-01-17 15:33:45 - [MESSAGE][PASSED] - Text '19120036' is set on object 'Object Repository/Create New User/Page_Moodle Khu vc qun tr Thnh vin Ti khon _57274d/input_M s ID_idnumber'

2022-01-17 15:33:45 - [TEST_STEP][PASSED] - click(findTestObject("Object Repository/Create New User/Page_Moodle Khu vc qun tr Thnh vin Ti khon _57274d/input_C quan_institution")): Object: 'Object Repository/Create New User/Page_Moodle Khu vc qun tr Thnh vin Ti khon _57274d/input_C quan_institution' is clicked on

2022-01-17 15:33:46 - [MESSAGE][PASSED] - Object: 'Object Repository/Create New User/Page_Moodle Khu vc qun tr Thnh vin Ti khon _57274d/input_C quan_institution' is clicked on

2022-01-17 15:33:46 - [TEST_STEP][PASSED] - setText(findTestObject("Object Repository/Create New User/Page_Moodle Khu vc qun tr Thnh vin Ti khon _57274d/input_KhoaPhngBan_department"), "Công nghệ thông tin"): Text 'Công nghệ thông tin' is set on object 'Object Repository/Create New User/Page_Moodle Khu vc qun tr Thnh vin Ti khon _57274d/input_KhoaPhngBan_department'

2022-01-17 15:33:47 - [MESSAGE][PASSED] - Text 'Công nghệ thông tin' is set on object 'Object Repository/Create New User/Page_Moodle Khu vc qun tr Thnh vin Ti khon _57274d/input_KhoaPhngBan_department'

2022-01-17 15:33:47 - [TEST_STEP][PASSED] - setText(findTestObject("Object Repository/Create New User/Page_Moodle Khu vc qun tr Thnh vin Ti khon _57274d/input_in thoi_phone1"), "0123456789"): Text '0123456789' is set on object 'Object Repository/Create New User/Page_Moodle Khu vc qun tr Thnh vin Ti khon _57274d/input_in thoi_phone1'

2022-01-17 15:33:47 - [MESSAGE][PASSED] - Text '0123456789' is set on object 'Object Repository/Create New User/Page_Moodle Khu vc qun tr Thnh vin Ti khon _57274d/input_in thoi_phone1'

2022-01-17 15:33:47 - [TEST_STEP][PASSED] - setText(findTestObject("Object Repository/Create New User/Page_Moodle Khu vc qun tr Thnh vin Ti khon _57274d/input_in thoi di ng_phone2"), "0989989998"): Text '0989989998' is set on object 'Object Repository/Create New User/Page_Moodle Khu vc qun tr Thnh vin Ti khon _57274d/input_in thoi di ng_phone2'

2022-01-17 15:33:48 - [MESSAGE][PASSED] - Text '0989989998' is set on object 'Object Repository/Create New User/Page_Moodle Khu vc qun tr Thnh vin Ti khon _57274d/input_in thoi di ng_phone2'

2022-01-17 15:33:48 - [TEST_STEP][PASSED] - setText(findTestObject("Object Repository/Create New User/Page_Moodle Khu vc qun tr Thnh vin Ti khon _57274d/input_a ch_address"), "Thủ Đức"): Text 'Thủ Đức' is set on object 'Object Repository/Create New User/Page_Moodle Khu vc qun tr Thnh vin Ti khon _57274d/input_a ch_address'

2022-01-17 15:33:50 - [MESSAGE][PASSED] - Text 'Thủ Đức' is set on object 'Object Repository/Create New User/Page_Moodle Khu vc qun tr Thnh vin Ti khon _57274d/input_a ch_address'

2022-01-17 15:33:50 - [TEST_STEP][PASSED] - click(findTestObject("Object Repository/Create New User/Page_Moodle Khu vc qun tr Thnh vin Ti khon _57274d/input_a ch_submitbutton")): Object: 'Object Repository/Create New User/Page_Moodle Khu vc qun tr Thnh vin Ti khon _57274d/input_a ch_submitbutton' is clicked on

2022-01-17 15:33:52 - [MESSAGE][PASSED] - Object: 'Object Repository/Create New User/Page_Moodle Khu vc qun tr Thnh vin Ti khon _57274d/input_a ch_submitbutton' is clicked on

2022-01-17 15:33:52 - [TEST_STEP][PASSED] - click(findTestObject("Object Repository/Create New User/Page_Moodle Khu vc qun tr Thnh vin Ti khon _9bfdd2/a_Qun tr Thnh vin")): Object: 'Object Repository/Create New User/Page_Moodle Khu vc qun tr Thnh vin Ti khon _9bfdd2/a_Qun tr Thnh vin' is clicked on

2022-01-17 15:33:52 - [MESSAGE][PASSED] - Object: 'Object Repository/Create New User/Page_Moodle Khu vc qun tr Thnh vin Ti khon _9bfdd2/a_Qun tr Thnh vin' is clicked on

2022-01-17 15:33:52 - [TEST_STEP][PASSED] - click(findTestObject("Object Repository/Create New User/Page_Moodle Khu vc qun tr Thnh vin Ti khon _9bfdd2/a_Thot")): Object: 'Object Repository/Create New User/Page_Moodle Khu vc qun tr Thnh vin Ti khon _9bfdd2/a_Thot' is clicked on

2022-01-17 15:33:58 - [MESSAGE][INFO] - Unable to find the element located by 'By.xpath: //a[@id='yui_3_17_2_1_1641376127163_564']'. Please recheck the objects properties to make sure the desired element is located. 

2022-01-17 15:33:58 - [MESSAGE][WARNING] - [SELF-HEALING] Failed to find element with id 'Object Repository/Create New User/Page_Moodle Khu vc qun tr Thnh vin Ti khon _9bfdd2/a_Thot'. Try using Self-healing.

2022-01-17 15:33:59 - [MESSAGE][WARNING] - [SELF-HEALING] The current locator of test object 'Object Repository/Create New User/Page_Moodle Khu vc qun tr Thnh vin Ti khon _9bfdd2/a_Thot' was broken. Propose an alternative one: '//div[@id='action-menu-1-menu']/a[6]'.

2022-01-17 15:33:59 - [MESSAGE][PASSED] - Object: 'Object Repository/Create New User/Page_Moodle Khu vc qun tr Thnh vin Ti khon _9bfdd2/a_Thot' is clicked on

2022-01-17 15:33:59 - [TEST_STEP][PASSED] - click(findTestObject("Object Repository/Create New User/Page_Local Moodle/a_Log in")): Object: 'Object Repository/Create New User/Page_Local Moodle/a_Log in' is clicked on

2022-01-17 15:34:00 - [MESSAGE][PASSED] - Object: 'Object Repository/Create New User/Page_Local Moodle/a_Log in' is clicked on

2022-01-17 15:34:00 - [TEST_STEP][PASSED] - setText(findTestObject("Object Repository/Create New User/Page_Local Moodle Log in to the site/input_Username_username"), "test_3"): Text 'test_3' is set on object 'Object Repository/Create New User/Page_Local Moodle Log in to the site/input_Username_username'

2022-01-17 15:34:00 - [MESSAGE][PASSED] - Text 'test_3' is set on object 'Object Repository/Create New User/Page_Local Moodle Log in to the site/input_Username_username'

2022-01-17 15:34:00 - [TEST_STEP][PASSED] - setEncryptedText(findTestObject("Object Repository/Create New User/Page_Local Moodle Log in to the site/input_Password_password"), "cvW8qx4B2o1gIDzvWT+0mQ=="): Text ****** has been set on object 'Object Repository/Create New User/Page_Local Moodle Log in to the site/input_Password_password'

2022-01-17 15:34:01 - [MESSAGE][PASSED] - Text ****** has been set on object 'Object Repository/Create New User/Page_Local Moodle Log in to the site/input_Password_password'

2022-01-17 15:34:01 - [TEST_STEP][PASSED] - click(findTestObject("Object Repository/Create New User/Page_Local Moodle Log in to the site/button_Log in")): Object: 'Object Repository/Create New User/Page_Local Moodle Log in to the site/button_Log in' is clicked on

2022-01-17 15:34:02 - [MESSAGE][PASSED] - Object: 'Object Repository/Create New User/Page_Local Moodle Log in to the site/button_Log in' is clicked on

2022-01-17 15:34:02 - [TEST_STEP][PASSED] - click(findTestObject("Object Repository/Create New User/Page_Nh ca ti/a_C Nguyn")): Object: 'Object Repository/Create New User/Page_Nh ca ti/a_C Nguyn' is clicked on

2022-01-17 15:34:04 - [MESSAGE][PASSED] - Object: 'Object Repository/Create New User/Page_Nh ca ti/a_C Nguyn' is clicked on

2022-01-17 15:34:04 - [TEST_STEP][PASSED] - click(findTestObject("Object Repository/Create New User/Page_Nh ca ti/span_H s")): Object: 'Object Repository/Create New User/Page_Nh ca ti/span_H s' is clicked on

2022-01-17 15:34:04 - [MESSAGE][PASSED] - Object: 'Object Repository/Create New User/Page_Nh ca ti/span_H s' is clicked on

2022-01-17 15:34:04 - [TEST_STEP][PASSED] - verifyElementText(findTestObject("Object Repository/Create New User/Page_C Nguyn H s cng khai/h1_C Nguyn"), "C Nguyễn"): Actual text and expected text of test object 'Object Repository/Create New User/Page_C Nguyn H s cng khai/h1_C Nguyn' are matched.

2022-01-17 15:34:05 - [MESSAGE][PASSED] - Actual text and expected text of test object 'Object Repository/Create New User/Page_C Nguyn H s cng khai/h1_C Nguyn' are matched.

2022-01-17 15:34:05 - [TEST_STEP][PASSED] - verifyElementText(findTestObject("Object Repository/Create New User/Page_C Nguyn H s cng khai/a_test_3gmail.com"), "test_3@gmail.com"): Actual text and expected text of test object 'Object Repository/Create New User/Page_C Nguyn H s cng khai/a_test_3gmail.com' are matched.

2022-01-17 15:34:05 - [MESSAGE][PASSED] - Actual text and expected text of test object 'Object Repository/Create New User/Page_C Nguyn H s cng khai/a_test_3gmail.com' are matched.

2022-01-17 15:34:05 - [TEST_STEP][PASSED] - verifyElementText(findTestObject("Object Repository/Create New User/Page_C Nguyn H s cng khai/dd_Vit Nam"), "Việt Nam"): Actual text and expected text of test object 'Object Repository/Create New User/Page_C Nguyn H s cng khai/dd_Vit Nam' are matched.

2022-01-17 15:34:06 - [MESSAGE][PASSED] - Actual text and expected text of test object 'Object Repository/Create New User/Page_C Nguyn H s cng khai/dd_Vit Nam' are matched.

2022-01-17 15:34:06 - [TEST_STEP][PASSED] - verifyElementPresent(findTestObject("Object Repository/Create New User/Page_C Nguyn H s cng khai/img_Tp tin ring t_userpicture"), 0): Object 'Object Repository/Create New User/Page_C Nguyn H s cng khai/img_Tp tin ring t_userpicture' is present

2022-01-17 15:34:06 - [MESSAGE][WARNING] - Timeout '0' is invalid. Using default page load timeout: '5'

2022-01-17 15:34:06 - [MESSAGE][PASSED] - Object 'Object Repository/Create New User/Page_C Nguyn H s cng khai/img_Tp tin ring t_userpicture' is present

2022-01-17 15:34:06 - [TEST_STEP][PASSED] - click(findTestObject("Object Repository/Create New User/Page_C Nguyn H s cng khai/a_C Nguyn")): Object: 'Object Repository/Create New User/Page_C Nguyn H s cng khai/a_C Nguyn' is clicked on

2022-01-17 15:34:06 - [MESSAGE][PASSED] - Object: 'Object Repository/Create New User/Page_C Nguyn H s cng khai/a_C Nguyn' is clicked on

2022-01-17 15:34:06 - [TEST_STEP][PASSED] - click(findTestObject("Object Repository/Create New User/Page_C Nguyn H s cng khai/span_Thot")): Object: 'Object Repository/Create New User/Page_C Nguyn H s cng khai/span_Thot' is clicked on

2022-01-17 15:34:07 - [MESSAGE][PASSED] - Object: 'Object Repository/Create New User/Page_C Nguyn H s cng khai/span_Thot' is clicked on

2022-01-17 15:34:07 - [TEST_STEP][PASSED] - click(findTestObject("Object Repository/Create New User/Page_Local Moodle/a_Log in")): Object: 'Object Repository/Create New User/Page_Local Moodle/a_Log in' is clicked on

2022-01-17 15:34:08 - [MESSAGE][PASSED] - Object: 'Object Repository/Create New User/Page_Local Moodle/a_Log in' is clicked on

2022-01-17 15:34:08 - [TEST_STEP][PASSED] - setText(findTestObject("Object Repository/Create New User/Page_Local Moodle Log in to the site/input_Username_username"), "admin"): Text 'admin' is set on object 'Object Repository/Create New User/Page_Local Moodle Log in to the site/input_Username_username'

2022-01-17 15:34:09 - [MESSAGE][PASSED] - Text 'admin' is set on object 'Object Repository/Create New User/Page_Local Moodle Log in to the site/input_Username_username'

2022-01-17 15:34:09 - [TEST_STEP][PASSED] - setEncryptedText(findTestObject("Object Repository/Create New User/Page_Local Moodle Log in to the site/input_Password_password"), "bfAykA/oWJ09FXmiKh6lyuuLu8QhG1K5"): Text ****** has been set on object 'Object Repository/Create New User/Page_Local Moodle Log in to the site/input_Password_password'

2022-01-17 15:34:09 - [MESSAGE][PASSED] - Text ****** has been set on object 'Object Repository/Create New User/Page_Local Moodle Log in to the site/input_Password_password'

2022-01-17 15:34:09 - [TEST_STEP][PASSED] - click(findTestObject("Object Repository/Create New User/Page_Local Moodle Log in to the site/button_Log in")): Object: 'Object Repository/Create New User/Page_Local Moodle Log in to the site/button_Log in' is clicked on

2022-01-17 15:34:10 - [MESSAGE][PASSED] - Object: 'Object Repository/Create New User/Page_Local Moodle Log in to the site/button_Log in' is clicked on

2022-01-17 15:34:10 - [TEST_STEP][PASSED] - click(findTestObject("Create New User/Page_Nh ca ti/span_Qun tr khu vc")): Object: 'Object Repository/Create New User/Page_Nh ca ti/span_Qun tr khu vc' is clicked on

2022-01-17 15:34:12 - [MESSAGE][PASSED] - Object: 'Object Repository/Create New User/Page_Nh ca ti/span_Qun tr khu vc' is clicked on

2022-01-17 15:34:12 - [TEST_STEP][PASSED] - click(findTestObject("Object Repository/Create New User/Page_Moodle Khu vc qun tr Tm kim/a_Thnh vin")): Object: 'Object Repository/Create New User/Page_Moodle Khu vc qun tr Tm kim/a_Thnh vin' is clicked on

2022-01-17 15:34:13 - [MESSAGE][PASSED] - Object: 'Object Repository/Create New User/Page_Moodle Khu vc qun tr Tm kim/a_Thnh vin' is clicked on

2022-01-17 15:34:13 - [TEST_STEP][PASSED] - click(findTestObject("Object Repository/Create New User/Page_Moodle Khu vc qun tr Tm kim/a_Xem danh sch thnh vin")): Object: 'Object Repository/Create New User/Page_Moodle Khu vc qun tr Tm kim/a_Xem danh sch thnh vin' is clicked on

2022-01-17 15:34:14 - [MESSAGE][PASSED] - Object: 'Object Repository/Create New User/Page_Moodle Khu vc qun tr Tm kim/a_Xem danh sch thnh vin' is clicked on

2022-01-17 15:34:14 - [TEST_STEP][PASSED] - click(findTestObject("Object Repository/Create New User/Page_Moodle Khu vc qun tr Thnh vin Ti khon _9bfdd2/i_Vit Nam_icon fa fa-trash fa-fw")): Object: 'Object Repository/Create New User/Page_Moodle Khu vc qun tr Thnh vin Ti khon _9bfdd2/i_Vit Nam_icon fa fa-trash fa-fw' is clicked on

2022-01-17 15:34:15 - [MESSAGE][PASSED] - Object: 'Object Repository/Create New User/Page_Moodle Khu vc qun tr Thnh vin Ti khon _9bfdd2/i_Vit Nam_icon fa fa-trash fa-fw' is clicked on

2022-01-17 15:34:15 - [TEST_STEP][PASSED] - click(findTestObject("Object Repository/Create New User/Page_Moodle Khu vc qun tr Thnh vin Ti khon _9bfdd2/button_Xo")): Object: 'Object Repository/Create New User/Page_Moodle Khu vc qun tr Thnh vin Ti khon _9bfdd2/button_Xo' is clicked on

2022-01-17 15:34:21 - [MESSAGE][INFO] - Unable to find the element located by 'By.xpath: //button[@id='single_button61e066810a7c320']'. Please recheck the objects properties to make sure the desired element is located. 

2022-01-17 15:34:21 - [MESSAGE][WARNING] - [SELF-HEALING] Failed to find element with id 'Object Repository/Create New User/Page_Moodle Khu vc qun tr Thnh vin Ti khon _9bfdd2/button_Xo'. Try using Self-healing.

2022-01-17 15:34:21 - [MESSAGE][WARNING] - [SELF-HEALING] The current locator of test object 'Object Repository/Create New User/Page_Moodle Khu vc qun tr Thnh vin Ti khon _9bfdd2/button_Xo' was broken. Propose an alternative one: '//div[@id='modal-footer']/div/div/form/button'.

2022-01-17 15:34:22 - [MESSAGE][PASSED] - Object: 'Object Repository/Create New User/Page_Moodle Khu vc qun tr Thnh vin Ti khon _9bfdd2/button_Xo' is clicked on

2022-01-17 15:34:22 - [TEST_STEP][PASSED] - closeBrowser(): Browser is closed

2022-01-17 15:34:23 - [MESSAGE][PASSED] - Browser is closed]]></system-out>
         <system-err><![CDATA[]]></system-err>
      </testcase>
      <testcase name="Test Cases/Create New User/Create Teacher" time="78.836" classname="Test Cases/Create New User/Create Teacher" status="PASSED">
         <system-out><![CDATA[2022-01-17 15:34:23 - [TEST_CASE][PASSED] - Test Cases/Create New User/Create Teacher: Test Cases/Create New User/Create Teacher

2022-01-17 15:34:23 - [TEST_STEP][PASSED] - callTestCase(findTestCase("Admin Site/Login with Admin"), [:], STOP_ON_FAILURE): Call Test Case 'Test Cases/Admin Site/Login with Admin' successfully

2022-01-17 15:34:23 - [TEST_CASE][PASSED] - Test Cases/Admin Site/Login with Admin: Test Cases/Admin Site/Login with Admin

2022-01-17 15:34:23 - [TEST_STEP][PASSED] - openBrowser(""): Browser is opened with url: ''

2022-01-17 15:34:23 - [MESSAGE][INFO] - Starting 'Chrome' driver

2022-01-17 15:34:23 - [MESSAGE][INFO] - Action delay is set to 0 milliseconds

2022-01-17 15:34:25 - [MESSAGE][PASSED] - Browser is opened with url: ''

2022-01-17 15:34:25 - [TEST_STEP][PASSED] - navigateToUrl("http://localhost/"): Navigate to 'http://localhost/' successfully

2022-01-17 15:34:25 - [MESSAGE][PASSED] - Navigate to 'http://localhost/' successfully

2022-01-17 15:34:25 - [TEST_STEP][PASSED] - click(findTestObject("Object Repository/Admin Site/Page_Local Moodle/a_Log in")): Object: 'Object Repository/Admin Site/Page_Local Moodle/a_Log in' is clicked on

2022-01-17 15:34:26 - [MESSAGE][PASSED] - Object: 'Object Repository/Admin Site/Page_Local Moodle/a_Log in' is clicked on

2022-01-17 15:34:26 - [TEST_STEP][PASSED] - setText(findTestObject("Object Repository/Admin Site/Page_Local Moodle Log in to the site/input_Username_username"), "admin"): Text 'admin' is set on object 'Object Repository/Admin Site/Page_Local Moodle Log in to the site/input_Username_username'

2022-01-17 15:34:27 - [MESSAGE][PASSED] - Text 'admin' is set on object 'Object Repository/Admin Site/Page_Local Moodle Log in to the site/input_Username_username'

2022-01-17 15:34:27 - [TEST_STEP][PASSED] - setEncryptedText(findTestObject("Object Repository/Admin Site/Page_Local Moodle Log in to the site/input_Password_password"), "bfAykA/oWJ09FXmiKh6lyuuLu8QhG1K5"): Text ****** has been set on object 'Object Repository/Admin Site/Page_Local Moodle Log in to the site/input_Password_password'

2022-01-17 15:34:27 - [MESSAGE][PASSED] - Text ****** has been set on object 'Object Repository/Admin Site/Page_Local Moodle Log in to the site/input_Password_password'

2022-01-17 15:34:27 - [TEST_STEP][PASSED] - click(findTestObject("Object Repository/Admin Site/Page_Local Moodle Log in to the site/button_Log in")): Object: 'Object Repository/Admin Site/Page_Local Moodle Log in to the site/button_Log in' is clicked on

2022-01-17 15:34:29 - [MESSAGE][PASSED] - Object: 'Object Repository/Admin Site/Page_Local Moodle Log in to the site/button_Log in' is clicked on

2022-01-17 15:34:29 - [TEST_STEP][PASSED] - click(findTestObject("Object Repository/Admin Site/Page_Nh ca ti/span_Qun tr khu vc")): Object: 'Object Repository/Admin Site/Page_Nh ca ti/span_Qun tr khu vc' is clicked on

2022-01-17 15:34:31 - [MESSAGE][PASSED] - Object: 'Object Repository/Admin Site/Page_Nh ca ti/span_Qun tr khu vc' is clicked on

2022-01-17 15:34:31 - [TEST_STEP][PASSED] - verifyElementPresent(findTestObject("Object Repository/Admin Site/Page_Moodle Khu vc qun tr Tm kim/a_Qun tr khu vc"), 0): Object 'Object Repository/Admin Site/Page_Moodle Khu vc qun tr Tm kim/a_Qun tr khu vc' is present

2022-01-17 15:34:31 - [MESSAGE][WARNING] - Timeout '0' is invalid. Using default page load timeout: '5'

2022-01-17 15:34:32 - [MESSAGE][PASSED] - Object 'Object Repository/Admin Site/Page_Moodle Khu vc qun tr Tm kim/a_Qun tr khu vc' is present

2022-01-17 15:34:32 - [MESSAGE][PASSED] - Call Test Case 'Test Cases/Admin Site/Login with Admin' successfully

2022-01-17 15:34:32 - [TEST_STEP][PASSED] - click(findTestObject("Object Repository/Create New User/Page_Moodle Khu vc qun tr Tm kim/a_Thnh vin")): Object: 'Object Repository/Create New User/Page_Moodle Khu vc qun tr Tm kim/a_Thnh vin' is clicked on

2022-01-17 15:34:32 - [MESSAGE][PASSED] - Object: 'Object Repository/Create New User/Page_Moodle Khu vc qun tr Tm kim/a_Thnh vin' is clicked on

2022-01-17 15:34:32 - [TEST_STEP][PASSED] - click(findTestObject("Object Repository/Create New User/Page_Moodle Khu vc qun tr Tm kim/a_Thm thnh vin mi")): Object: 'Object Repository/Create New User/Page_Moodle Khu vc qun tr Tm kim/a_Thm thnh vin mi' is clicked on

2022-01-17 15:34:33 - [MESSAGE][PASSED] - Object: 'Object Repository/Create New User/Page_Moodle Khu vc qun tr Tm kim/a_Thm thnh vin mi' is clicked on

2022-01-17 15:34:33 - [TEST_STEP][PASSED] - navigateToUrl("http://localhost/user/editadvanced.php?id=-1"): Navigate to 'http://localhost/user/editadvanced.php?id=-1' successfully

2022-01-17 15:34:34 - [MESSAGE][PASSED] - Navigate to 'http://localhost/user/editadvanced.php?id=-1' successfully

2022-01-17 15:34:34 - [TEST_STEP][PASSED] - setText(findTestObject("Object Repository/Create New User/Page_Moodle Khu vc qun tr Thnh vin Ti khon _57274d/input_Tn ti khon_username"), "teacher1"): Text 'teacher1' is set on object 'Object Repository/Create New User/Page_Moodle Khu vc qun tr Thnh vin Ti khon _57274d/input_Tn ti khon_username'

2022-01-17 15:34:36 - [MESSAGE][PASSED] - Text 'teacher1' is set on object 'Object Repository/Create New User/Page_Moodle Khu vc qun tr Thnh vin Ti khon _57274d/input_Tn ti khon_username'

2022-01-17 15:34:36 - [TEST_STEP][PASSED] - click(findTestObject("Object Repository/Create New User/Page_Moodle Khu vc qun tr Thnh vin Ti khon _57274d/em_Click to enter text")): Object: 'Object Repository/Create New User/Page_Moodle Khu vc qun tr Thnh vin Ti khon _57274d/em_Click to enter text' is clicked on

2022-01-17 15:34:42 - [MESSAGE][INFO] - Unable to find the element located by 'By.xpath: //a[@id='yui_3_17_2_1_1642069056468_763']/span/span/em'. Please recheck the objects properties to make sure the desired element is located. 

2022-01-17 15:34:42 - [MESSAGE][WARNING] - [SELF-HEALING] Failed to find element with id 'Object Repository/Create New User/Page_Moodle Khu vc qun tr Thnh vin Ti khon _57274d/em_Click to enter text'. Try using Self-healing.

2022-01-17 15:34:42 - [MESSAGE][WARNING] - [SELF-HEALING] The current locator of test object 'Object Repository/Create New User/Page_Moodle Khu vc qun tr Thnh vin Ti khon _57274d/em_Click to enter text' was broken. Propose an alternative one: '(.//*[normalize-space(text()) and normalize-space(.)='Mật khẩu mới'])[1]/following::em[1]'.

2022-01-17 15:34:42 - [MESSAGE][PASSED] - Object: 'Object Repository/Create New User/Page_Moodle Khu vc qun tr Thnh vin Ti khon _57274d/em_Click to enter text' is clicked on

2022-01-17 15:34:42 - [TEST_STEP][PASSED] - setEncryptedText(findTestObject("Object Repository/Create New User/Page_Moodle Khu vc qun tr Thnh vin Ti khon _57274d/input_Mt khu mi_newpassword"), "cvW8qx4B2o1gIDzvWT+0mQ=="): Text ****** has been set on object 'Object Repository/Create New User/Page_Moodle Khu vc qun tr Thnh vin Ti khon _57274d/input_Mt khu mi_newpassword'

2022-01-17 15:34:43 - [MESSAGE][PASSED] - Text ****** has been set on object 'Object Repository/Create New User/Page_Moodle Khu vc qun tr Thnh vin Ti khon _57274d/input_Mt khu mi_newpassword'

2022-01-17 15:34:43 - [TEST_STEP][PASSED] - setText(findTestObject("Object Repository/Create New User/Page_Moodle Khu vc qun tr Thnh vin Ti khon _57274d/input_Tn m v tn_firstname"), "Giáo Viên"): Text 'Giáo Viên' is set on object 'Object Repository/Create New User/Page_Moodle Khu vc qun tr Thnh vin Ti khon _57274d/input_Tn m v tn_firstname'

2022-01-17 15:34:44 - [MESSAGE][PASSED] - Text 'Giáo Viên' is set on object 'Object Repository/Create New User/Page_Moodle Khu vc qun tr Thnh vin Ti khon _57274d/input_Tn m v tn_firstname'

2022-01-17 15:34:44 - [TEST_STEP][PASSED] - setText(findTestObject("Object Repository/Create New User/Page_Moodle Khu vc qun tr Thnh vin Ti khon _57274d/input_H_lastname"), "Nguyễn"): Text 'Nguyễn' is set on object 'Object Repository/Create New User/Page_Moodle Khu vc qun tr Thnh vin Ti khon _57274d/input_H_lastname'

2022-01-17 15:34:45 - [MESSAGE][PASSED] - Text 'Nguyễn' is set on object 'Object Repository/Create New User/Page_Moodle Khu vc qun tr Thnh vin Ti khon _57274d/input_H_lastname'

2022-01-17 15:34:45 - [TEST_STEP][PASSED] - setText(findTestObject("Object Repository/Create New User/Page_Moodle Khu vc qun tr Thnh vin Ti khon _57274d/input_a ch th in t_email"), "teacher1@gmail.com"): Text 'teacher1@gmail.com' is set on object 'Object Repository/Create New User/Page_Moodle Khu vc qun tr Thnh vin Ti khon _57274d/input_a ch th in t_email'

2022-01-17 15:34:46 - [MESSAGE][PASSED] - Text 'teacher1@gmail.com' is set on object 'Object Repository/Create New User/Page_Moodle Khu vc qun tr Thnh vin Ti khon _57274d/input_a ch th in t_email'

2022-01-17 15:34:46 - [TEST_STEP][PASSED] - selectOptionByValue(findTestObject("Object Repository/Create New User/Page_Moodle Khu vc qun tr Thnh vin Ti khon _57274d/select_Chn quc gia.            Afghanistan _0db63d"), "VN", true): All options with value 'VN' are selected in object 'Object Repository/Create New User/Page_Moodle Khu vc qun tr Thnh vin Ti khon _57274d/select_Chn quc gia.            Afghanistan _0db63d'  using regular expression

2022-01-17 15:34:55 - [MESSAGE][PASSED] - All options with value 'VN' are selected in object 'Object Repository/Create New User/Page_Moodle Khu vc qun tr Thnh vin Ti khon _57274d/select_Chn quc gia.            Afghanistan _0db63d'  using regular expression

2022-01-17 15:34:55 - [TEST_STEP][PASSED] - click(findTestObject("Object Repository/Create New User/Page_Moodle Khu vc qun tr Thnh vin Ti khon _57274d/input_a ch_submitbutton")): Object: 'Object Repository/Create New User/Page_Moodle Khu vc qun tr Thnh vin Ti khon _57274d/input_a ch_submitbutton' is clicked on

2022-01-17 15:35:00 - [MESSAGE][PASSED] - Object: 'Object Repository/Create New User/Page_Moodle Khu vc qun tr Thnh vin Ti khon _57274d/input_a ch_submitbutton' is clicked on

2022-01-17 15:35:00 - [TEST_STEP][PASSED] - click(findTestObject("Object Repository/Create New User/Page_Nh ca ti/span_Qun tr khu vc")): Object: 'Object Repository/Create New User/Page_Nh ca ti/span_Qun tr khu vc' is clicked on

2022-01-17 15:35:01 - [MESSAGE][PASSED] - Object: 'Object Repository/Create New User/Page_Nh ca ti/span_Qun tr khu vc' is clicked on

2022-01-17 15:35:01 - [TEST_STEP][PASSED] - click(findTestObject("Object Repository/Create New User/Page_Moodle Khu vc qun tr Tm kim/a_Thnh vin")): Object: 'Object Repository/Create New User/Page_Moodle Khu vc qun tr Tm kim/a_Thnh vin' is clicked on

2022-01-17 15:35:01 - [MESSAGE][PASSED] - Object: 'Object Repository/Create New User/Page_Moodle Khu vc qun tr Tm kim/a_Thnh vin' is clicked on

2022-01-17 15:35:01 - [TEST_STEP][PASSED] - click(findTestObject("Object Repository/Create New User/Page_Moodle Khu vc qun tr Tm kim/a_B nhim vai tr h thng")): Object: 'Object Repository/Create New User/Page_Moodle Khu vc qun tr Tm kim/a_B nhim vai tr h thng' is clicked on

2022-01-17 15:35:02 - [MESSAGE][PASSED] - Object: 'Object Repository/Create New User/Page_Moodle Khu vc qun tr Tm kim/a_B nhim vai tr h thng' is clicked on

2022-01-17 15:35:02 - [TEST_STEP][PASSED] - click(findTestObject("Object Repository/Create New User/Page_Moodle Khu vc qun tr Thnh vin Cc quyn _0b75ad/a_Gio vin bin son")): Object: 'Object Repository/Create New User/Page_Moodle Khu vc qun tr Thnh vin Cc quyn _0b75ad/a_Gio vin bin son' is clicked on

2022-01-17 15:35:03 - [MESSAGE][PASSED] - Object: 'Object Repository/Create New User/Page_Moodle Khu vc qun tr Thnh vin Cc quyn _0b75ad/a_Gio vin bin son' is clicked on

2022-01-17 15:35:03 - [TEST_STEP][PASSED] - setText(findTestObject("Object Repository/Create New User/Page_Moodle Khu vc qun tr Thnh vin Cc quyn _0b75ad/input_Tm kim_addselect_searchtext"), "teacher1"): Text 'teacher1' is set on object 'Object Repository/Create New User/Page_Moodle Khu vc qun tr Thnh vin Cc quyn _0b75ad/input_Tm kim_addselect_searchtext'

2022-01-17 15:35:04 - [MESSAGE][PASSED] - Text 'teacher1' is set on object 'Object Repository/Create New User/Page_Moodle Khu vc qun tr Thnh vin Cc quyn _0b75ad/input_Tm kim_addselect_searchtext'

2022-01-17 15:35:04 - [TEST_STEP][PASSED] - selectOptionByIndex(findTestObject("Object Repository/Create New User/Page_Moodle Khu vc qun tr Thnh vin Cc quyn _0b75ad/select_Gio Vin Nguyn (teacher1gmail.com)_1"), 0, STOP_ON_FAILURE): All options with index in [0] are selected on object 'Object Repository/Create New User/Page_Moodle Khu vc qun tr Thnh vin Cc quyn _0b75ad/select_Gio Vin Nguyn (teacher1gmail.com)_1'

2022-01-17 15:35:06 - [MESSAGE][PASSED] - All options with index in [0] are selected on object 'Object Repository/Create New User/Page_Moodle Khu vc qun tr Thnh vin Cc quyn _0b75ad/select_Gio Vin Nguyn (teacher1gmail.com)_1'

2022-01-17 15:35:06 - [TEST_STEP][PASSED] - click(findTestObject("Object Repository/Create New User/Page_Moodle Khu vc qun tr Thnh vin Cc quyn _0b75ad/input_Khp k t tm kim  bt c mc c hin th no_add")): Object: 'Object Repository/Create New User/Page_Moodle Khu vc qun tr Thnh vin Cc quyn _0b75ad/input_Khp k t tm kim  bt c mc c hin th no_add' is clicked on

2022-01-17 15:35:07 - [MESSAGE][PASSED] - Object: 'Object Repository/Create New User/Page_Moodle Khu vc qun tr Thnh vin Cc quyn _0b75ad/input_Khp k t tm kim  bt c mc c hin th no_add' is clicked on

2022-01-17 15:35:07 - [TEST_STEP][PASSED] - click(findTestObject("Object Repository/Create New User/Page_Moodle Khu vc qun tr Thnh vin Cc quyn _0b75ad/a_Qun tr Thnh vin")): Object: 'Object Repository/Create New User/Page_Moodle Khu vc qun tr Thnh vin Cc quyn _0b75ad/a_Qun tr Thnh vin' is clicked on

2022-01-17 15:35:07 - [MESSAGE][PASSED] - Object: 'Object Repository/Create New User/Page_Moodle Khu vc qun tr Thnh vin Cc quyn _0b75ad/a_Qun tr Thnh vin' is clicked on

2022-01-17 15:35:07 - [TEST_STEP][PASSED] - click(findTestObject("Object Repository/Create New User/Page_Moodle Khu vc qun tr Thnh vin Cc quyn _0b75ad/a_Thot")): Object: 'Object Repository/Create New User/Page_Moodle Khu vc qun tr Thnh vin Cc quyn _0b75ad/a_Thot' is clicked on

2022-01-17 15:35:08 - [MESSAGE][PASSED] - Object: 'Object Repository/Create New User/Page_Moodle Khu vc qun tr Thnh vin Cc quyn _0b75ad/a_Thot' is clicked on

2022-01-17 15:35:08 - [TEST_STEP][PASSED] - click(findTestObject("Object Repository/Create New User/Page_New Moodle Site/a_Log in")): Object: 'Object Repository/Create New User/Page_New Moodle Site/a_Log in' is clicked on

2022-01-17 15:35:09 - [MESSAGE][PASSED] - Object: 'Object Repository/Create New User/Page_New Moodle Site/a_Log in' is clicked on

2022-01-17 15:35:09 - [TEST_STEP][PASSED] - setText(findTestObject("Object Repository/Create New User/Page_New Moodle Site Log in to the site/input_Username_username"), "teacher1"): Text 'teacher1' is set on object 'Object Repository/Create New User/Page_New Moodle Site Log in to the site/input_Username_username'

2022-01-17 15:35:10 - [MESSAGE][PASSED] - Text 'teacher1' is set on object 'Object Repository/Create New User/Page_New Moodle Site Log in to the site/input_Username_username'

2022-01-17 15:35:10 - [TEST_STEP][PASSED] - setEncryptedText(findTestObject("Object Repository/Create New User/Page_New Moodle Site Log in to the site/input_Password_password"), "cvW8qx4B2o1gIDzvWT+0mQ=="): Text ****** has been set on object 'Object Repository/Create New User/Page_New Moodle Site Log in to the site/input_Password_password'

2022-01-17 15:35:10 - [MESSAGE][PASSED] - Text ****** has been set on object 'Object Repository/Create New User/Page_New Moodle Site Log in to the site/input_Password_password'

2022-01-17 15:35:10 - [TEST_STEP][PASSED] - click(findTestObject("Object Repository/Create New User/Page_New Moodle Site Log in to the site/button_Log in")): Object: 'Object Repository/Create New User/Page_New Moodle Site Log in to the site/button_Log in' is clicked on

2022-01-17 15:35:12 - [MESSAGE][PASSED] - Object: 'Object Repository/Create New User/Page_New Moodle Site Log in to the site/button_Log in' is clicked on

2022-01-17 15:35:12 - [TEST_STEP][PASSED] - click(findTestObject("Object Repository/Create New User/Page_Nh ca ti/span_Qun tr khu vc")): Object: 'Object Repository/Create New User/Page_Nh ca ti/span_Qun tr khu vc' is clicked on

2022-01-17 15:35:14 - [MESSAGE][PASSED] - Object: 'Object Repository/Create New User/Page_Nh ca ti/span_Qun tr khu vc' is clicked on

2022-01-17 15:35:14 - [TEST_STEP][PASSED] - verifyElementPresent(findTestObject("Object Repository/Create New User/Page_Moodle Khu vc qun tr Tm kim/a_Thmsa cc kho hc"), 0): Object 'Object Repository/Create New User/Page_Moodle Khu vc qun tr Tm kim/a_Thmsa cc kho hc' is present

2022-01-17 15:35:14 - [MESSAGE][WARNING] - Timeout '0' is invalid. Using default page load timeout: '5'

2022-01-17 15:35:14 - [MESSAGE][PASSED] - Object 'Object Repository/Create New User/Page_Moodle Khu vc qun tr Tm kim/a_Thmsa cc kho hc' is present

2022-01-17 15:35:14 - [TEST_STEP][PASSED] - click(findTestObject("Object Repository/Create New User/Page_Moodle Khu vc qun tr Tm kim/a_Gio Vin Nguyn")): Object: 'Object Repository/Create New User/Page_Moodle Khu vc qun tr Tm kim/a_Gio Vin Nguyn' is clicked on

2022-01-17 15:35:15 - [MESSAGE][PASSED] - Object: 'Object Repository/Create New User/Page_Moodle Khu vc qun tr Tm kim/a_Gio Vin Nguyn' is clicked on

2022-01-17 15:35:15 - [TEST_STEP][PASSED] - click(findTestObject("Object Repository/Create New User/Page_Moodle Khu vc qun tr Tm kim/span_Thot")): Object: 'Object Repository/Create New User/Page_Moodle Khu vc qun tr Tm kim/span_Thot' is clicked on

2022-01-17 15:35:15 - [MESSAGE][PASSED] - Object: 'Object Repository/Create New User/Page_Moodle Khu vc qun tr Tm kim/span_Thot' is clicked on

2022-01-17 15:35:15 - [TEST_STEP][PASSED] - click(findTestObject("Object Repository/Create New User/Page_New Moodle Site/a_Log in")): Object: 'Object Repository/Create New User/Page_New Moodle Site/a_Log in' is clicked on

2022-01-17 15:35:16 - [MESSAGE][PASSED] - Object: 'Object Repository/Create New User/Page_New Moodle Site/a_Log in' is clicked on

2022-01-17 15:35:16 - [TEST_STEP][PASSED] - setText(findTestObject("Object Repository/Create New User/Page_New Moodle Site Log in to the site/input_Username_username"), "admin"): Text 'admin' is set on object 'Object Repository/Create New User/Page_New Moodle Site Log in to the site/input_Username_username'

2022-01-17 15:35:17 - [MESSAGE][PASSED] - Text 'admin' is set on object 'Object Repository/Create New User/Page_New Moodle Site Log in to the site/input_Username_username'

2022-01-17 15:35:17 - [TEST_STEP][PASSED] - setEncryptedText(findTestObject("Object Repository/Create New User/Page_New Moodle Site Log in to the site/input_Password_password"), "bfAykA/oWJ09FXmiKh6lyuuLu8QhG1K5"): Text ****** has been set on object 'Object Repository/Create New User/Page_New Moodle Site Log in to the site/input_Password_password'

2022-01-17 15:35:17 - [MESSAGE][PASSED] - Text ****** has been set on object 'Object Repository/Create New User/Page_New Moodle Site Log in to the site/input_Password_password'

2022-01-17 15:35:17 - [TEST_STEP][PASSED] - click(findTestObject("Object Repository/Create New User/Page_New Moodle Site Log in to the site/button_Log in")): Object: 'Object Repository/Create New User/Page_New Moodle Site Log in to the site/button_Log in' is clicked on

2022-01-17 15:35:18 - [MESSAGE][PASSED] - Object: 'Object Repository/Create New User/Page_New Moodle Site Log in to the site/button_Log in' is clicked on

2022-01-17 15:35:18 - [TEST_STEP][PASSED] - click(findTestObject("Object Repository/Create New User/Page_Moodle Khu vc qun tr Thnh vin Ti khon _9bfdd2/span_Qun tr khu vc")): Object: 'Object Repository/Create New User/Page_Moodle Khu vc qun tr Thnh vin Ti khon _9bfdd2/span_Qun tr khu vc' is clicked on

2022-01-17 15:35:25 - [MESSAGE][INFO] - Unable to find the element located by 'By.xpath: //a[@id='yui_3_17_2_1_1642132322464_307']/div/div/span[2]'. Please recheck the objects properties to make sure the desired element is located. 

2022-01-17 15:35:25 - [MESSAGE][WARNING] - [SELF-HEALING] Failed to find element with id 'Object Repository/Create New User/Page_Moodle Khu vc qun tr Thnh vin Ti khon _9bfdd2/span_Qun tr khu vc'. Try using Self-healing.

2022-01-17 15:35:25 - [MESSAGE][WARNING] - [SELF-HEALING] The current locator of test object 'Object Repository/Create New User/Page_Moodle Khu vc qun tr Thnh vin Ti khon _9bfdd2/span_Qun tr khu vc' was broken. Propose an alternative one: '(.//*[normalize-space(text()) and normalize-space(.)='SE'])[1]/following::span[2]'.

2022-01-17 15:35:26 - [MESSAGE][PASSED] - Object: 'Object Repository/Create New User/Page_Moodle Khu vc qun tr Thnh vin Ti khon _9bfdd2/span_Qun tr khu vc' is clicked on

2022-01-17 15:35:26 - [TEST_STEP][PASSED] - click(findTestObject("Object Repository/Create New User/Page_Moodle Khu vc qun tr Tm kim/a_Thnh vin")): Object: 'Object Repository/Create New User/Page_Moodle Khu vc qun tr Tm kim/a_Thnh vin' is clicked on

2022-01-17 15:35:26 - [MESSAGE][PASSED] - Object: 'Object Repository/Create New User/Page_Moodle Khu vc qun tr Tm kim/a_Thnh vin' is clicked on

2022-01-17 15:35:26 - [TEST_STEP][PASSED] - click(findTestObject("Object Repository/Create New User/Page_Moodle Khu vc qun tr Tm kim/a_Xem danh sch thnh vin")): Object: 'Object Repository/Create New User/Page_Moodle Khu vc qun tr Tm kim/a_Xem danh sch thnh vin' is clicked on

2022-01-17 15:35:27 - [MESSAGE][PASSED] - Object: 'Object Repository/Create New User/Page_Moodle Khu vc qun tr Tm kim/a_Xem danh sch thnh vin' is clicked on

2022-01-17 15:35:27 - [TEST_STEP][PASSED] - click(findTestObject("Object Repository/Create New User/Page_Moodle Khu vc qun tr Thnh vin Ti khon _9bfdd2/i_Cha ln no_yui_3_17_2_1_1642132363326_560")): Object: 'Object Repository/Create New User/Page_Moodle Khu vc qun tr Thnh vin Ti khon _9bfdd2/i_Cha ln no_yui_3_17_2_1_1642132363326_560' is clicked on

2022-01-17 15:35:33 - [MESSAGE][INFO] - Unable to find the element located by 'By.xpath: //i[@id='yui_3_17_2_1_1642132363326_560']'. Please recheck the objects properties to make sure the desired element is located. 

2022-01-17 15:35:33 - [MESSAGE][WARNING] - [SELF-HEALING] Failed to find element with id 'Object Repository/Create New User/Page_Moodle Khu vc qun tr Thnh vin Ti khon _9bfdd2/i_Cha ln no_yui_3_17_2_1_1642132363326_560'. Try using Self-healing.

2022-01-17 15:35:33 - [MESSAGE][WARNING] - [SELF-HEALING] The current locator of test object 'Object Repository/Create New User/Page_Moodle Khu vc qun tr Thnh vin Ti khon _9bfdd2/i_Cha ln no_yui_3_17_2_1_1642132363326_560' was broken. Propose an alternative one: '//tr[2]/td[6]/a/i'.

2022-01-17 15:35:34 - [MESSAGE][PASSED] - Object: 'Object Repository/Create New User/Page_Moodle Khu vc qun tr Thnh vin Ti khon _9bfdd2/i_Cha ln no_yui_3_17_2_1_1642132363326_560' is clicked on

2022-01-17 15:35:34 - [TEST_STEP][PASSED] - click(findTestObject("Object Repository/Create New User/Page_Moodle Khu vc qun tr Thnh vin Ti khon _9bfdd2/button_Xo_1")): Object: 'Object Repository/Create New User/Page_Moodle Khu vc qun tr Thnh vin Ti khon _9bfdd2/button_Xo_1' is clicked on

2022-01-17 15:35:40 - [MESSAGE][INFO] - Unable to find the element located by 'By.xpath: //button[@id='single_button61e0f3a20d6e520']'. Please recheck the objects properties to make sure the desired element is located. 

2022-01-17 15:35:40 - [MESSAGE][WARNING] - [SELF-HEALING] Failed to find element with id 'Object Repository/Create New User/Page_Moodle Khu vc qun tr Thnh vin Ti khon _9bfdd2/button_Xo_1'. Try using Self-healing.

2022-01-17 15:35:40 - [MESSAGE][WARNING] - [SELF-HEALING] The current locator of test object 'Object Repository/Create New User/Page_Moodle Khu vc qun tr Thnh vin Ti khon _9bfdd2/button_Xo_1' was broken. Propose an alternative one: '//div[@id='modal-footer']/div/div/form/button'.

2022-01-17 15:35:41 - [MESSAGE][PASSED] - Object: 'Object Repository/Create New User/Page_Moodle Khu vc qun tr Thnh vin Ti khon _9bfdd2/button_Xo_1' is clicked on

2022-01-17 15:35:41 - [TEST_STEP][PASSED] - closeBrowser(): Browser is closed

2022-01-17 15:35:42 - [MESSAGE][PASSED] - Browser is closed]]></system-out>
         <system-err><![CDATA[]]></system-err>
      </testcase>
      <testcase name="Test Cases/Create New User/Spam Create User" time="130.132" classname="Test Cases/Create New User/Spam Create User" status="PASSED">
         <system-out><![CDATA[2022-01-17 15:35:42 - [TEST_CASE][PASSED] - Test Cases/Create New User/Spam Create User: Test Cases/Create New User/Spam Create User

2022-01-17 15:35:42 - [TEST_STEP][PASSED] - callTestCase(findTestCase("Admin Site/Login with Admin"), [:], STOP_ON_FAILURE): Call Test Case 'Test Cases/Admin Site/Login with Admin' successfully

2022-01-17 15:35:42 - [TEST_CASE][PASSED] - Test Cases/Admin Site/Login with Admin: Test Cases/Admin Site/Login with Admin

2022-01-17 15:35:42 - [TEST_STEP][PASSED] - openBrowser(""): Browser is opened with url: ''

2022-01-17 15:35:42 - [MESSAGE][INFO] - Starting 'Chrome' driver

2022-01-17 15:35:42 - [MESSAGE][INFO] - Action delay is set to 0 milliseconds

2022-01-17 15:35:43 - [MESSAGE][PASSED] - Browser is opened with url: ''

2022-01-17 15:35:43 - [TEST_STEP][PASSED] - navigateToUrl("http://localhost/"): Navigate to 'http://localhost/' successfully

2022-01-17 15:35:44 - [MESSAGE][PASSED] - Navigate to 'http://localhost/' successfully

2022-01-17 15:35:44 - [TEST_STEP][PASSED] - click(findTestObject("Object Repository/Admin Site/Page_Local Moodle/a_Log in")): Object: 'Object Repository/Admin Site/Page_Local Moodle/a_Log in' is clicked on

2022-01-17 15:35:45 - [MESSAGE][PASSED] - Object: 'Object Repository/Admin Site/Page_Local Moodle/a_Log in' is clicked on

2022-01-17 15:35:45 - [TEST_STEP][PASSED] - setText(findTestObject("Object Repository/Admin Site/Page_Local Moodle Log in to the site/input_Username_username"), "admin"): Text 'admin' is set on object 'Object Repository/Admin Site/Page_Local Moodle Log in to the site/input_Username_username'

2022-01-17 15:35:46 - [MESSAGE][PASSED] - Text 'admin' is set on object 'Object Repository/Admin Site/Page_Local Moodle Log in to the site/input_Username_username'

2022-01-17 15:35:46 - [TEST_STEP][PASSED] - setEncryptedText(findTestObject("Object Repository/Admin Site/Page_Local Moodle Log in to the site/input_Password_password"), "bfAykA/oWJ09FXmiKh6lyuuLu8QhG1K5"): Text ****** has been set on object 'Object Repository/Admin Site/Page_Local Moodle Log in to the site/input_Password_password'

2022-01-17 15:35:46 - [MESSAGE][PASSED] - Text ****** has been set on object 'Object Repository/Admin Site/Page_Local Moodle Log in to the site/input_Password_password'

2022-01-17 15:35:46 - [TEST_STEP][PASSED] - click(findTestObject("Object Repository/Admin Site/Page_Local Moodle Log in to the site/button_Log in")): Object: 'Object Repository/Admin Site/Page_Local Moodle Log in to the site/button_Log in' is clicked on

2022-01-17 15:35:48 - [MESSAGE][PASSED] - Object: 'Object Repository/Admin Site/Page_Local Moodle Log in to the site/button_Log in' is clicked on

2022-01-17 15:35:48 - [TEST_STEP][PASSED] - click(findTestObject("Object Repository/Admin Site/Page_Nh ca ti/span_Qun tr khu vc")): Object: 'Object Repository/Admin Site/Page_Nh ca ti/span_Qun tr khu vc' is clicked on

2022-01-17 15:35:49 - [MESSAGE][PASSED] - Object: 'Object Repository/Admin Site/Page_Nh ca ti/span_Qun tr khu vc' is clicked on

2022-01-17 15:35:49 - [TEST_STEP][PASSED] - verifyElementPresent(findTestObject("Object Repository/Admin Site/Page_Moodle Khu vc qun tr Tm kim/a_Qun tr khu vc"), 0): Object 'Object Repository/Admin Site/Page_Moodle Khu vc qun tr Tm kim/a_Qun tr khu vc' is present

2022-01-17 15:35:49 - [MESSAGE][WARNING] - Timeout '0' is invalid. Using default page load timeout: '5'

2022-01-17 15:35:50 - [MESSAGE][PASSED] - Object 'Object Repository/Admin Site/Page_Moodle Khu vc qun tr Tm kim/a_Qun tr khu vc' is present

2022-01-17 15:35:50 - [MESSAGE][PASSED] - Call Test Case 'Test Cases/Admin Site/Login with Admin' successfully

2022-01-17 15:35:50 - [TEST_STEP][PASSED] - for (def index : (1..3)): Navigate to 'http://localhost/admin/user.php' successfully

2022-01-17 15:35:50 - [TEST_STEP][PASSED] - click(findTestObject("Object Repository/Create New User/Page_Moodle Khu vc qun tr My ch Ch  bo tr/span_Qun tr khu vc")): Object: 'Object Repository/Create New User/Page_Moodle Khu vc qun tr My ch Ch  bo tr/span_Qun tr khu vc' is clicked on

2022-01-17 15:35:56 - [MESSAGE][INFO] - Unable to find the element located by 'By.xpath: '. Please recheck the objects properties to make sure the desired element is located. 

2022-01-17 15:35:56 - [MESSAGE][WARNING] - [SELF-HEALING] Failed to find element with id 'Object Repository/Create New User/Page_Moodle Khu vc qun tr My ch Ch  bo tr/span_Qun tr khu vc'. Try using Self-healing.

2022-01-17 15:35:56 - [MESSAGE][WARNING] - [SELF-HEALING] The current locator of test object 'Object Repository/Create New User/Page_Moodle Khu vc qun tr My ch Ch  bo tr/span_Qun tr khu vc' was broken. Propose an alternative one: '//div[@id='nav-drawer']/nav[2]/ul/li/a/div/div/span[2]'.

2022-01-17 15:35:57 - [MESSAGE][PASSED] - Object: 'Object Repository/Create New User/Page_Moodle Khu vc qun tr My ch Ch  bo tr/span_Qun tr khu vc' is clicked on

2022-01-17 15:35:57 - [TEST_STEP][PASSED] - click(findTestObject("Object Repository/Create New User/Page_Moodle Khu vc qun tr Tm kim/a_Thnh vin")): Object: 'Object Repository/Create New User/Page_Moodle Khu vc qun tr Tm kim/a_Thnh vin' is clicked on

2022-01-17 15:35:57 - [MESSAGE][PASSED] - Object: 'Object Repository/Create New User/Page_Moodle Khu vc qun tr Tm kim/a_Thnh vin' is clicked on

2022-01-17 15:35:57 - [TEST_STEP][PASSED] - click(findTestObject("Object Repository/Create New User/Page_Moodle Khu vc qun tr Tm kim/a_Thm thnh vin mi")): Object: 'Object Repository/Create New User/Page_Moodle Khu vc qun tr Tm kim/a_Thm thnh vin mi' is clicked on

2022-01-17 15:35:59 - [MESSAGE][PASSED] - Object: 'Object Repository/Create New User/Page_Moodle Khu vc qun tr Tm kim/a_Thm thnh vin mi' is clicked on

2022-01-17 15:35:59 - [TEST_STEP][PASSED] - setText(findTestObject("Object Repository/Create New User/Page_Moodle Khu vc qun tr Thnh vin Ti khon _57274d/input_Tn ti khon_username"), "test_" + index.toString()): Text 'test_1' is set on object 'Object Repository/Create New User/Page_Moodle Khu vc qun tr Thnh vin Ti khon _57274d/input_Tn ti khon_username'

2022-01-17 15:36:00 - [MESSAGE][PASSED] - Text 'test_1' is set on object 'Object Repository/Create New User/Page_Moodle Khu vc qun tr Thnh vin Ti khon _57274d/input_Tn ti khon_username'

2022-01-17 15:36:00 - [TEST_STEP][PASSED] - click(findTestObject("Object Repository/Create New User/Page_Moodle Khu vc qun tr Thnh vin Ti khon _57274d/a_Click to enter text")): Object: 'Object Repository/Create New User/Page_Moodle Khu vc qun tr Thnh vin Ti khon _57274d/a_Click to enter text' is clicked on

2022-01-17 15:36:06 - [MESSAGE][INFO] - Unable to find the element located by 'By.xpath: //a[@id='yui_3_17_2_1_1641440991320_766']'. Please recheck the objects properties to make sure the desired element is located. 

2022-01-17 15:36:06 - [MESSAGE][WARNING] - [SELF-HEALING] Failed to find element with id 'Object Repository/Create New User/Page_Moodle Khu vc qun tr Thnh vin Ti khon _57274d/a_Click to enter text'. Try using Self-healing.

2022-01-17 15:36:06 - [MESSAGE][WARNING] - [SELF-HEALING] The current locator of test object 'Object Repository/Create New User/Page_Moodle Khu vc qun tr Thnh vin Ti khon _57274d/a_Click to enter text' was broken. Propose an alternative one: '(.//*[normalize-space(text()) and normalize-space(.)='Mật khẩu mới'])[1]/following::a[2]'.

2022-01-17 15:36:07 - [MESSAGE][PASSED] - Object: 'Object Repository/Create New User/Page_Moodle Khu vc qun tr Thnh vin Ti khon _57274d/a_Click to enter text' is clicked on

2022-01-17 15:36:07 - [TEST_STEP][PASSED] - setEncryptedText(findTestObject("Object Repository/Create New User/Page_Moodle Khu vc qun tr Thnh vin Ti khon _57274d/input_Mt khu mi_newpassword"), "cvW8qx4B2o1gIDzvWT+0mQ=="): Text ****** has been set on object 'Object Repository/Create New User/Page_Moodle Khu vc qun tr Thnh vin Ti khon _57274d/input_Mt khu mi_newpassword'

2022-01-17 15:36:07 - [MESSAGE][PASSED] - Text ****** has been set on object 'Object Repository/Create New User/Page_Moodle Khu vc qun tr Thnh vin Ti khon _57274d/input_Mt khu mi_newpassword'

2022-01-17 15:36:07 - [TEST_STEP][PASSED] - setText(findTestObject("Object Repository/Create New User/Page_Moodle Khu vc qun tr Thnh vin Ti khon _57274d/input_Tn m v tn_firstname"), "Test " + index.toString()): Text 'Test 1' is set on object 'Object Repository/Create New User/Page_Moodle Khu vc qun tr Thnh vin Ti khon _57274d/input_Tn m v tn_firstname'

2022-01-17 15:36:08 - [MESSAGE][PASSED] - Text 'Test 1' is set on object 'Object Repository/Create New User/Page_Moodle Khu vc qun tr Thnh vin Ti khon _57274d/input_Tn m v tn_firstname'

2022-01-17 15:36:08 - [TEST_STEP][PASSED] - setText(findTestObject("Object Repository/Create New User/Page_Moodle Khu vc qun tr Thnh vin Ti khon _57274d/input_H_lastname"), "Nguyễn"): Text 'Nguyễn' is set on object 'Object Repository/Create New User/Page_Moodle Khu vc qun tr Thnh vin Ti khon _57274d/input_H_lastname'

2022-01-17 15:36:09 - [MESSAGE][PASSED] - Text 'Nguyễn' is set on object 'Object Repository/Create New User/Page_Moodle Khu vc qun tr Thnh vin Ti khon _57274d/input_H_lastname'

2022-01-17 15:36:09 - [TEST_STEP][PASSED] - setText(findTestObject("Object Repository/Create New User/Page_Moodle Khu vc qun tr Thnh vin Ti khon _57274d/input_a ch th in t_email"), "test_" + index.toString() + "@gmail.com"): Text 'test_1@gmail.com' is set on object 'Object Repository/Create New User/Page_Moodle Khu vc qun tr Thnh vin Ti khon _57274d/input_a ch th in t_email'

2022-01-17 15:36:10 - [MESSAGE][PASSED] - Text 'test_1@gmail.com' is set on object 'Object Repository/Create New User/Page_Moodle Khu vc qun tr Thnh vin Ti khon _57274d/input_a ch th in t_email'

2022-01-17 15:36:10 - [TEST_STEP][PASSED] - selectOptionByValue(findTestObject("Object Repository/Create New User/Page_Moodle Khu vc qun tr Thnh vin Ti khon _57274d/select_Du a ch th in t ca ti            Cho_daca4a"), "0", true): All options with value '0' are selected in object 'Object Repository/Create New User/Page_Moodle Khu vc qun tr Thnh vin Ti khon _57274d/select_Du a ch th in t ca ti            Cho_daca4a'  using regular expression

2022-01-17 15:36:11 - [MESSAGE][PASSED] - All options with value '0' are selected in object 'Object Repository/Create New User/Page_Moodle Khu vc qun tr Thnh vin Ti khon _57274d/select_Du a ch th in t ca ti            Cho_daca4a'  using regular expression

2022-01-17 15:36:11 - [TEST_STEP][PASSED] - setText(findTestObject("Object Repository/Create New User/Page_Moodle Khu vc qun tr Thnh vin Ti khon _57274d/input_TnhThnh ph_city"), "Hồ Chí Minh"): Text 'Hồ Chí Minh' is set on object 'Object Repository/Create New User/Page_Moodle Khu vc qun tr Thnh vin Ti khon _57274d/input_TnhThnh ph_city'

2022-01-17 15:36:12 - [MESSAGE][PASSED] - Text 'Hồ Chí Minh' is set on object 'Object Repository/Create New User/Page_Moodle Khu vc qun tr Thnh vin Ti khon _57274d/input_TnhThnh ph_city'

2022-01-17 15:36:12 - [TEST_STEP][PASSED] - selectOptionByValue(findTestObject("Object Repository/Create New User/Page_Moodle Khu vc qun tr Thnh vin Ti khon _57274d/select_Chn quc gia.            Afghanistan _0db63d"), "VN", true): All options with value 'VN' are selected in object 'Object Repository/Create New User/Page_Moodle Khu vc qun tr Thnh vin Ti khon _57274d/select_Chn quc gia.            Afghanistan _0db63d'  using regular expression

2022-01-17 15:36:21 - [MESSAGE][PASSED] - All options with value 'VN' are selected in object 'Object Repository/Create New User/Page_Moodle Khu vc qun tr Thnh vin Ti khon _57274d/select_Chn quc gia.            Afghanistan _0db63d'  using regular expression

2022-01-17 15:36:21 - [TEST_STEP][PASSED] - click(findTestObject("Object Repository/Create New User/Page_Moodle Khu vc qun tr Thnh vin Ti khon _57274d/input_a ch_submitbutton")): Object: 'Object Repository/Create New User/Page_Moodle Khu vc qun tr Thnh vin Ti khon _57274d/input_a ch_submitbutton' is clicked on

2022-01-17 15:36:22 - [MESSAGE][PASSED] - Object: 'Object Repository/Create New User/Page_Moodle Khu vc qun tr Thnh vin Ti khon _57274d/input_a ch_submitbutton' is clicked on

2022-01-17 15:36:22 - [TEST_STEP][PASSED] - navigateToUrl("http://localhost/admin/user.php"): Navigate to 'http://localhost/admin/user.php' successfully

2022-01-17 15:36:22 - [MESSAGE][PASSED] - Navigate to 'http://localhost/admin/user.php' successfully

2022-01-17 15:36:22 - [TEST_STEP][PASSED] - click(findTestObject("Object Repository/Create New User/Page_Moodle Khu vc qun tr My ch Ch  bo tr/span_Qun tr khu vc")): Object: 'Object Repository/Create New User/Page_Moodle Khu vc qun tr My ch Ch  bo tr/span_Qun tr khu vc' is clicked on

2022-01-17 15:36:28 - [MESSAGE][INFO] - Unable to find the element located by 'By.xpath: '. Please recheck the objects properties to make sure the desired element is located. 

2022-01-17 15:36:28 - [MESSAGE][WARNING] - [SELF-HEALING] Failed to find element with id 'Object Repository/Create New User/Page_Moodle Khu vc qun tr My ch Ch  bo tr/span_Qun tr khu vc'. Try using Self-healing.

2022-01-17 15:36:28 - [MESSAGE][WARNING] - [SELF-HEALING] The current locator of test object 'Object Repository/Create New User/Page_Moodle Khu vc qun tr My ch Ch  bo tr/span_Qun tr khu vc' was broken. Propose an alternative one: '//div[@id='nav-drawer']/nav[2]/ul/li/a/div/div/span[2]'.

2022-01-17 15:36:29 - [MESSAGE][PASSED] - Object: 'Object Repository/Create New User/Page_Moodle Khu vc qun tr My ch Ch  bo tr/span_Qun tr khu vc' is clicked on

2022-01-17 15:36:29 - [TEST_STEP][PASSED] - click(findTestObject("Object Repository/Create New User/Page_Moodle Khu vc qun tr Tm kim/a_Thnh vin")): Object: 'Object Repository/Create New User/Page_Moodle Khu vc qun tr Tm kim/a_Thnh vin' is clicked on

2022-01-17 15:36:29 - [MESSAGE][PASSED] - Object: 'Object Repository/Create New User/Page_Moodle Khu vc qun tr Tm kim/a_Thnh vin' is clicked on

2022-01-17 15:36:29 - [TEST_STEP][PASSED] - click(findTestObject("Object Repository/Create New User/Page_Moodle Khu vc qun tr Tm kim/a_Thm thnh vin mi")): Object: 'Object Repository/Create New User/Page_Moodle Khu vc qun tr Tm kim/a_Thm thnh vin mi' is clicked on

2022-01-17 15:36:30 - [MESSAGE][PASSED] - Object: 'Object Repository/Create New User/Page_Moodle Khu vc qun tr Tm kim/a_Thm thnh vin mi' is clicked on

2022-01-17 15:36:30 - [TEST_STEP][PASSED] - setText(findTestObject("Object Repository/Create New User/Page_Moodle Khu vc qun tr Thnh vin Ti khon _57274d/input_Tn ti khon_username"), "test_" + index.toString()): Text 'test_2' is set on object 'Object Repository/Create New User/Page_Moodle Khu vc qun tr Thnh vin Ti khon _57274d/input_Tn ti khon_username'

2022-01-17 15:36:32 - [MESSAGE][PASSED] - Text 'test_2' is set on object 'Object Repository/Create New User/Page_Moodle Khu vc qun tr Thnh vin Ti khon _57274d/input_Tn ti khon_username'

2022-01-17 15:36:32 - [TEST_STEP][PASSED] - click(findTestObject("Object Repository/Create New User/Page_Moodle Khu vc qun tr Thnh vin Ti khon _57274d/a_Click to enter text")): Object: 'Object Repository/Create New User/Page_Moodle Khu vc qun tr Thnh vin Ti khon _57274d/a_Click to enter text' is clicked on

2022-01-17 15:36:38 - [MESSAGE][INFO] - Unable to find the element located by 'By.xpath: //a[@id='yui_3_17_2_1_1641440991320_766']'. Please recheck the objects properties to make sure the desired element is located. 

2022-01-17 15:36:38 - [MESSAGE][WARNING] - [SELF-HEALING] Failed to find element with id 'Object Repository/Create New User/Page_Moodle Khu vc qun tr Thnh vin Ti khon _57274d/a_Click to enter text'. Try using Self-healing.

2022-01-17 15:36:38 - [MESSAGE][WARNING] - [SELF-HEALING] The current locator of test object 'Object Repository/Create New User/Page_Moodle Khu vc qun tr Thnh vin Ti khon _57274d/a_Click to enter text' was broken. Propose an alternative one: '(.//*[normalize-space(text()) and normalize-space(.)='Mật khẩu mới'])[1]/following::a[2]'.

2022-01-17 15:36:38 - [MESSAGE][PASSED] - Object: 'Object Repository/Create New User/Page_Moodle Khu vc qun tr Thnh vin Ti khon _57274d/a_Click to enter text' is clicked on

2022-01-17 15:36:38 - [TEST_STEP][PASSED] - setEncryptedText(findTestObject("Object Repository/Create New User/Page_Moodle Khu vc qun tr Thnh vin Ti khon _57274d/input_Mt khu mi_newpassword"), "cvW8qx4B2o1gIDzvWT+0mQ=="): Text ****** has been set on object 'Object Repository/Create New User/Page_Moodle Khu vc qun tr Thnh vin Ti khon _57274d/input_Mt khu mi_newpassword'

2022-01-17 15:36:39 - [MESSAGE][PASSED] - Text ****** has been set on object 'Object Repository/Create New User/Page_Moodle Khu vc qun tr Thnh vin Ti khon _57274d/input_Mt khu mi_newpassword'

2022-01-17 15:36:39 - [TEST_STEP][PASSED] - setText(findTestObject("Object Repository/Create New User/Page_Moodle Khu vc qun tr Thnh vin Ti khon _57274d/input_Tn m v tn_firstname"), "Test " + index.toString()): Text 'Test 2' is set on object 'Object Repository/Create New User/Page_Moodle Khu vc qun tr Thnh vin Ti khon _57274d/input_Tn m v tn_firstname'

2022-01-17 15:36:40 - [MESSAGE][PASSED] - Text 'Test 2' is set on object 'Object Repository/Create New User/Page_Moodle Khu vc qun tr Thnh vin Ti khon _57274d/input_Tn m v tn_firstname'

2022-01-17 15:36:40 - [TEST_STEP][PASSED] - setText(findTestObject("Object Repository/Create New User/Page_Moodle Khu vc qun tr Thnh vin Ti khon _57274d/input_H_lastname"), "Nguyễn"): Text 'Nguyễn' is set on object 'Object Repository/Create New User/Page_Moodle Khu vc qun tr Thnh vin Ti khon _57274d/input_H_lastname'

2022-01-17 15:36:41 - [MESSAGE][PASSED] - Text 'Nguyễn' is set on object 'Object Repository/Create New User/Page_Moodle Khu vc qun tr Thnh vin Ti khon _57274d/input_H_lastname'

2022-01-17 15:36:41 - [TEST_STEP][PASSED] - setText(findTestObject("Object Repository/Create New User/Page_Moodle Khu vc qun tr Thnh vin Ti khon _57274d/input_a ch th in t_email"), "test_" + index.toString() + "@gmail.com"): Text 'test_2@gmail.com' is set on object 'Object Repository/Create New User/Page_Moodle Khu vc qun tr Thnh vin Ti khon _57274d/input_a ch th in t_email'

2022-01-17 15:36:41 - [MESSAGE][PASSED] - Text 'test_2@gmail.com' is set on object 'Object Repository/Create New User/Page_Moodle Khu vc qun tr Thnh vin Ti khon _57274d/input_a ch th in t_email'

2022-01-17 15:36:41 - [TEST_STEP][PASSED] - selectOptionByValue(findTestObject("Object Repository/Create New User/Page_Moodle Khu vc qun tr Thnh vin Ti khon _57274d/select_Du a ch th in t ca ti            Cho_daca4a"), "0", true): All options with value '0' are selected in object 'Object Repository/Create New User/Page_Moodle Khu vc qun tr Thnh vin Ti khon _57274d/select_Du a ch th in t ca ti            Cho_daca4a'  using regular expression

2022-01-17 15:36:43 - [MESSAGE][PASSED] - All options with value '0' are selected in object 'Object Repository/Create New User/Page_Moodle Khu vc qun tr Thnh vin Ti khon _57274d/select_Du a ch th in t ca ti            Cho_daca4a'  using regular expression

2022-01-17 15:36:43 - [TEST_STEP][PASSED] - setText(findTestObject("Object Repository/Create New User/Page_Moodle Khu vc qun tr Thnh vin Ti khon _57274d/input_TnhThnh ph_city"), "Hồ Chí Minh"): Text 'Hồ Chí Minh' is set on object 'Object Repository/Create New User/Page_Moodle Khu vc qun tr Thnh vin Ti khon _57274d/input_TnhThnh ph_city'

2022-01-17 15:36:43 - [MESSAGE][PASSED] - Text 'Hồ Chí Minh' is set on object 'Object Repository/Create New User/Page_Moodle Khu vc qun tr Thnh vin Ti khon _57274d/input_TnhThnh ph_city'

2022-01-17 15:36:43 - [TEST_STEP][PASSED] - selectOptionByValue(findTestObject("Object Repository/Create New User/Page_Moodle Khu vc qun tr Thnh vin Ti khon _57274d/select_Chn quc gia.            Afghanistan _0db63d"), "VN", true): All options with value 'VN' are selected in object 'Object Repository/Create New User/Page_Moodle Khu vc qun tr Thnh vin Ti khon _57274d/select_Chn quc gia.            Afghanistan _0db63d'  using regular expression

2022-01-17 15:36:52 - [MESSAGE][PASSED] - All options with value 'VN' are selected in object 'Object Repository/Create New User/Page_Moodle Khu vc qun tr Thnh vin Ti khon _57274d/select_Chn quc gia.            Afghanistan _0db63d'  using regular expression

2022-01-17 15:36:52 - [TEST_STEP][PASSED] - click(findTestObject("Object Repository/Create New User/Page_Moodle Khu vc qun tr Thnh vin Ti khon _57274d/input_a ch_submitbutton")): Object: 'Object Repository/Create New User/Page_Moodle Khu vc qun tr Thnh vin Ti khon _57274d/input_a ch_submitbutton' is clicked on

2022-01-17 15:36:54 - [MESSAGE][PASSED] - Object: 'Object Repository/Create New User/Page_Moodle Khu vc qun tr Thnh vin Ti khon _57274d/input_a ch_submitbutton' is clicked on

2022-01-17 15:36:54 - [TEST_STEP][PASSED] - navigateToUrl("http://localhost/admin/user.php"): Navigate to 'http://localhost/admin/user.php' successfully

2022-01-17 15:36:55 - [MESSAGE][PASSED] - Navigate to 'http://localhost/admin/user.php' successfully

2022-01-17 15:36:55 - [TEST_STEP][PASSED] - click(findTestObject("Object Repository/Create New User/Page_Moodle Khu vc qun tr My ch Ch  bo tr/span_Qun tr khu vc")): Object: 'Object Repository/Create New User/Page_Moodle Khu vc qun tr My ch Ch  bo tr/span_Qun tr khu vc' is clicked on

2022-01-17 15:37:01 - [MESSAGE][INFO] - Unable to find the element located by 'By.xpath: '. Please recheck the objects properties to make sure the desired element is located. 

2022-01-17 15:37:01 - [MESSAGE][WARNING] - [SELF-HEALING] Failed to find element with id 'Object Repository/Create New User/Page_Moodle Khu vc qun tr My ch Ch  bo tr/span_Qun tr khu vc'. Try using Self-healing.

2022-01-17 15:37:01 - [MESSAGE][WARNING] - [SELF-HEALING] The current locator of test object 'Object Repository/Create New User/Page_Moodle Khu vc qun tr My ch Ch  bo tr/span_Qun tr khu vc' was broken. Propose an alternative one: '//div[@id='nav-drawer']/nav[2]/ul/li/a/div/div/span[2]'.

2022-01-17 15:37:02 - [MESSAGE][PASSED] - Object: 'Object Repository/Create New User/Page_Moodle Khu vc qun tr My ch Ch  bo tr/span_Qun tr khu vc' is clicked on

2022-01-17 15:37:02 - [TEST_STEP][PASSED] - click(findTestObject("Object Repository/Create New User/Page_Moodle Khu vc qun tr Tm kim/a_Thnh vin")): Object: 'Object Repository/Create New User/Page_Moodle Khu vc qun tr Tm kim/a_Thnh vin' is clicked on

2022-01-17 15:37:02 - [MESSAGE][PASSED] - Object: 'Object Repository/Create New User/Page_Moodle Khu vc qun tr Tm kim/a_Thnh vin' is clicked on

2022-01-17 15:37:02 - [TEST_STEP][PASSED] - click(findTestObject("Object Repository/Create New User/Page_Moodle Khu vc qun tr Tm kim/a_Thm thnh vin mi")): Object: 'Object Repository/Create New User/Page_Moodle Khu vc qun tr Tm kim/a_Thm thnh vin mi' is clicked on

2022-01-17 15:37:03 - [MESSAGE][PASSED] - Object: 'Object Repository/Create New User/Page_Moodle Khu vc qun tr Tm kim/a_Thm thnh vin mi' is clicked on

2022-01-17 15:37:03 - [TEST_STEP][PASSED] - setText(findTestObject("Object Repository/Create New User/Page_Moodle Khu vc qun tr Thnh vin Ti khon _57274d/input_Tn ti khon_username"), "test_" + index.toString()): Text 'test_3' is set on object 'Object Repository/Create New User/Page_Moodle Khu vc qun tr Thnh vin Ti khon _57274d/input_Tn ti khon_username'

2022-01-17 15:37:05 - [MESSAGE][PASSED] - Text 'test_3' is set on object 'Object Repository/Create New User/Page_Moodle Khu vc qun tr Thnh vin Ti khon _57274d/input_Tn ti khon_username'

2022-01-17 15:37:05 - [TEST_STEP][PASSED] - click(findTestObject("Object Repository/Create New User/Page_Moodle Khu vc qun tr Thnh vin Ti khon _57274d/a_Click to enter text")): Object: 'Object Repository/Create New User/Page_Moodle Khu vc qun tr Thnh vin Ti khon _57274d/a_Click to enter text' is clicked on

2022-01-17 15:37:11 - [MESSAGE][INFO] - Unable to find the element located by 'By.xpath: //a[@id='yui_3_17_2_1_1641440991320_766']'. Please recheck the objects properties to make sure the desired element is located. 

2022-01-17 15:37:11 - [MESSAGE][WARNING] - [SELF-HEALING] Failed to find element with id 'Object Repository/Create New User/Page_Moodle Khu vc qun tr Thnh vin Ti khon _57274d/a_Click to enter text'. Try using Self-healing.

2022-01-17 15:37:11 - [MESSAGE][WARNING] - [SELF-HEALING] The current locator of test object 'Object Repository/Create New User/Page_Moodle Khu vc qun tr Thnh vin Ti khon _57274d/a_Click to enter text' was broken. Propose an alternative one: '(.//*[normalize-space(text()) and normalize-space(.)='Mật khẩu mới'])[1]/following::a[2]'.

2022-01-17 15:37:11 - [MESSAGE][PASSED] - Object: 'Object Repository/Create New User/Page_Moodle Khu vc qun tr Thnh vin Ti khon _57274d/a_Click to enter text' is clicked on

2022-01-17 15:37:11 - [TEST_STEP][PASSED] - setEncryptedText(findTestObject("Object Repository/Create New User/Page_Moodle Khu vc qun tr Thnh vin Ti khon _57274d/input_Mt khu mi_newpassword"), "cvW8qx4B2o1gIDzvWT+0mQ=="): Text ****** has been set on object 'Object Repository/Create New User/Page_Moodle Khu vc qun tr Thnh vin Ti khon _57274d/input_Mt khu mi_newpassword'

2022-01-17 15:37:12 - [MESSAGE][PASSED] - Text ****** has been set on object 'Object Repository/Create New User/Page_Moodle Khu vc qun tr Thnh vin Ti khon _57274d/input_Mt khu mi_newpassword'

2022-01-17 15:37:12 - [TEST_STEP][PASSED] - setText(findTestObject("Object Repository/Create New User/Page_Moodle Khu vc qun tr Thnh vin Ti khon _57274d/input_Tn m v tn_firstname"), "Test " + index.toString()): Text 'Test 3' is set on object 'Object Repository/Create New User/Page_Moodle Khu vc qun tr Thnh vin Ti khon _57274d/input_Tn m v tn_firstname'

2022-01-17 15:37:13 - [MESSAGE][PASSED] - Text 'Test 3' is set on object 'Object Repository/Create New User/Page_Moodle Khu vc qun tr Thnh vin Ti khon _57274d/input_Tn m v tn_firstname'

2022-01-17 15:37:13 - [TEST_STEP][PASSED] - setText(findTestObject("Object Repository/Create New User/Page_Moodle Khu vc qun tr Thnh vin Ti khon _57274d/input_H_lastname"), "Nguyễn"): Text 'Nguyễn' is set on object 'Object Repository/Create New User/Page_Moodle Khu vc qun tr Thnh vin Ti khon _57274d/input_H_lastname'

2022-01-17 15:37:14 - [MESSAGE][PASSED] - Text 'Nguyễn' is set on object 'Object Repository/Create New User/Page_Moodle Khu vc qun tr Thnh vin Ti khon _57274d/input_H_lastname'

2022-01-17 15:37:14 - [TEST_STEP][PASSED] - setText(findTestObject("Object Repository/Create New User/Page_Moodle Khu vc qun tr Thnh vin Ti khon _57274d/input_a ch th in t_email"), "test_" + index.toString() + "@gmail.com"): Text 'test_3@gmail.com' is set on object 'Object Repository/Create New User/Page_Moodle Khu vc qun tr Thnh vin Ti khon _57274d/input_a ch th in t_email'

2022-01-17 15:37:15 - [MESSAGE][PASSED] - Text 'test_3@gmail.com' is set on object 'Object Repository/Create New User/Page_Moodle Khu vc qun tr Thnh vin Ti khon _57274d/input_a ch th in t_email'

2022-01-17 15:37:15 - [TEST_STEP][PASSED] - selectOptionByValue(findTestObject("Object Repository/Create New User/Page_Moodle Khu vc qun tr Thnh vin Ti khon _57274d/select_Du a ch th in t ca ti            Cho_daca4a"), "0", true): All options with value '0' are selected in object 'Object Repository/Create New User/Page_Moodle Khu vc qun tr Thnh vin Ti khon _57274d/select_Du a ch th in t ca ti            Cho_daca4a'  using regular expression

2022-01-17 15:37:16 - [MESSAGE][PASSED] - All options with value '0' are selected in object 'Object Repository/Create New User/Page_Moodle Khu vc qun tr Thnh vin Ti khon _57274d/select_Du a ch th in t ca ti            Cho_daca4a'  using regular expression

2022-01-17 15:37:16 - [TEST_STEP][PASSED] - setText(findTestObject("Object Repository/Create New User/Page_Moodle Khu vc qun tr Thnh vin Ti khon _57274d/input_TnhThnh ph_city"), "Hồ Chí Minh"): Text 'Hồ Chí Minh' is set on object 'Object Repository/Create New User/Page_Moodle Khu vc qun tr Thnh vin Ti khon _57274d/input_TnhThnh ph_city'

2022-01-17 15:37:16 - [MESSAGE][PASSED] - Text 'Hồ Chí Minh' is set on object 'Object Repository/Create New User/Page_Moodle Khu vc qun tr Thnh vin Ti khon _57274d/input_TnhThnh ph_city'

2022-01-17 15:37:16 - [TEST_STEP][PASSED] - selectOptionByValue(findTestObject("Object Repository/Create New User/Page_Moodle Khu vc qun tr Thnh vin Ti khon _57274d/select_Chn quc gia.            Afghanistan _0db63d"), "VN", true): All options with value 'VN' are selected in object 'Object Repository/Create New User/Page_Moodle Khu vc qun tr Thnh vin Ti khon _57274d/select_Chn quc gia.            Afghanistan _0db63d'  using regular expression

2022-01-17 15:37:25 - [MESSAGE][PASSED] - All options with value 'VN' are selected in object 'Object Repository/Create New User/Page_Moodle Khu vc qun tr Thnh vin Ti khon _57274d/select_Chn quc gia.            Afghanistan _0db63d'  using regular expression

2022-01-17 15:37:25 - [TEST_STEP][PASSED] - click(findTestObject("Object Repository/Create New User/Page_Moodle Khu vc qun tr Thnh vin Ti khon _57274d/input_a ch_submitbutton")): Object: 'Object Repository/Create New User/Page_Moodle Khu vc qun tr Thnh vin Ti khon _57274d/input_a ch_submitbutton' is clicked on

2022-01-17 15:37:26 - [MESSAGE][PASSED] - Object: 'Object Repository/Create New User/Page_Moodle Khu vc qun tr Thnh vin Ti khon _57274d/input_a ch_submitbutton' is clicked on

2022-01-17 15:37:26 - [TEST_STEP][PASSED] - navigateToUrl("http://localhost/admin/user.php"): Navigate to 'http://localhost/admin/user.php' successfully

2022-01-17 15:37:27 - [MESSAGE][PASSED] - Navigate to 'http://localhost/admin/user.php' successfully

2022-01-17 15:37:27 - [TEST_STEP][PASSED] - click(findTestObject("Object Repository/Create New User/Page_Moodle Khu vc qun tr Tm kim/a_Qun tr Thnh vin")): Object: 'Object Repository/Create New User/Page_Moodle Khu vc qun tr Tm kim/a_Qun tr Thnh vin' is clicked on

2022-01-17 15:37:27 - [MESSAGE][PASSED] - Object: 'Object Repository/Create New User/Page_Moodle Khu vc qun tr Tm kim/a_Qun tr Thnh vin' is clicked on

2022-01-17 15:37:27 - [TEST_STEP][PASSED] - click(findTestObject("Object Repository/Create New User/Page_Moodle Khu vc qun tr Tm kim/span_Thot")): Object: 'Object Repository/Create New User/Page_Moodle Khu vc qun tr Tm kim/span_Thot' is clicked on

2022-01-17 15:37:28 - [MESSAGE][PASSED] - Object: 'Object Repository/Create New User/Page_Moodle Khu vc qun tr Tm kim/span_Thot' is clicked on

2022-01-17 15:37:28 - [TEST_STEP][PASSED] - click(findTestObject("Object Repository/Create New User/Page_Local Moodle/a_Log in")): Object: 'Object Repository/Create New User/Page_Local Moodle/a_Log in' is clicked on

2022-01-17 15:37:29 - [MESSAGE][PASSED] - Object: 'Object Repository/Create New User/Page_Local Moodle/a_Log in' is clicked on

2022-01-17 15:37:29 - [TEST_STEP][PASSED] - setText(findTestObject("Object Repository/Create New User/Page_Local Moodle Log in to the site/input_Username_username"), "test_2"): Text 'test_2' is set on object 'Object Repository/Create New User/Page_Local Moodle Log in to the site/input_Username_username'

2022-01-17 15:37:29 - [MESSAGE][PASSED] - Text 'test_2' is set on object 'Object Repository/Create New User/Page_Local Moodle Log in to the site/input_Username_username'

2022-01-17 15:37:29 - [TEST_STEP][PASSED] - setEncryptedText(findTestObject("Object Repository/Create New User/Page_Local Moodle Log in to the site/input_Password_password"), "cvW8qx4B2o1gIDzvWT+0mQ=="): Text ****** has been set on object 'Object Repository/Create New User/Page_Local Moodle Log in to the site/input_Password_password'

2022-01-17 15:37:30 - [MESSAGE][PASSED] - Text ****** has been set on object 'Object Repository/Create New User/Page_Local Moodle Log in to the site/input_Password_password'

2022-01-17 15:37:30 - [TEST_STEP][PASSED] - click(findTestObject("Object Repository/Create New User/Page_Local Moodle Log in to the site/button_Log in")): Object: 'Object Repository/Create New User/Page_Local Moodle Log in to the site/button_Log in' is clicked on

2022-01-17 15:37:31 - [MESSAGE][PASSED] - Object: 'Object Repository/Create New User/Page_Local Moodle Log in to the site/button_Log in' is clicked on

2022-01-17 15:37:31 - [TEST_STEP][PASSED] - click(findTestObject("Object Repository/Create New User/Page_Nh ca ti/a_A2 Nguyn")): Object: 'Object Repository/Create New User/Page_Nh ca ti/a_A2 Nguyn' is clicked on

2022-01-17 15:37:32 - [MESSAGE][PASSED] - Object: 'Object Repository/Create New User/Page_Nh ca ti/a_A2 Nguyn' is clicked on

2022-01-17 15:37:32 - [TEST_STEP][PASSED] - click(findTestObject("Object Repository/Create New User/Page_Nh ca ti/span_Thot")): Object: 'Object Repository/Create New User/Page_Nh ca ti/span_Thot' is clicked on

2022-01-17 15:37:33 - [MESSAGE][PASSED] - Object: 'Object Repository/Create New User/Page_Nh ca ti/span_Thot' is clicked on

2022-01-17 15:37:33 - [TEST_STEP][PASSED] - click(findTestObject("Object Repository/Create New User/Page_Local Moodle/a_Log in")): Object: 'Object Repository/Create New User/Page_Local Moodle/a_Log in' is clicked on

2022-01-17 15:37:33 - [MESSAGE][PASSED] - Object: 'Object Repository/Create New User/Page_Local Moodle/a_Log in' is clicked on

2022-01-17 15:37:33 - [TEST_STEP][PASSED] - setText(findTestObject("Object Repository/Create New User/Page_Local Moodle Log in to the site/input_Username_username"), "admin"): Text 'admin' is set on object 'Object Repository/Create New User/Page_Local Moodle Log in to the site/input_Username_username'

2022-01-17 15:37:34 - [MESSAGE][PASSED] - Text 'admin' is set on object 'Object Repository/Create New User/Page_Local Moodle Log in to the site/input_Username_username'

2022-01-17 15:37:34 - [TEST_STEP][PASSED] - setEncryptedText(findTestObject("Object Repository/Create New User/Page_Local Moodle Log in to the site/input_Password_password"), "bfAykA/oWJ09FXmiKh6lyuuLu8QhG1K5"): Text ****** has been set on object 'Object Repository/Create New User/Page_Local Moodle Log in to the site/input_Password_password'

2022-01-17 15:37:35 - [MESSAGE][PASSED] - Text ****** has been set on object 'Object Repository/Create New User/Page_Local Moodle Log in to the site/input_Password_password'

2022-01-17 15:37:35 - [TEST_STEP][PASSED] - click(findTestObject("Object Repository/Create New User/Page_Local Moodle Log in to the site/button_Log in")): Object: 'Object Repository/Create New User/Page_Local Moodle Log in to the site/button_Log in' is clicked on

2022-01-17 15:37:36 - [MESSAGE][PASSED] - Object: 'Object Repository/Create New User/Page_Local Moodle Log in to the site/button_Log in' is clicked on

2022-01-17 15:37:36 - [TEST_STEP][PASSED] - click(findTestObject("Object Repository/Create New User/Page_Nh ca ti/span_Qun tr khu vc")): Object: 'Object Repository/Create New User/Page_Nh ca ti/span_Qun tr khu vc' is clicked on

2022-01-17 15:37:37 - [MESSAGE][PASSED] - Object: 'Object Repository/Create New User/Page_Nh ca ti/span_Qun tr khu vc' is clicked on

2022-01-17 15:37:37 - [TEST_STEP][PASSED] - click(findTestObject("Object Repository/Create New User/Page_Moodle Khu vc qun tr Tm kim/a_Thnh vin")): Object: 'Object Repository/Create New User/Page_Moodle Khu vc qun tr Tm kim/a_Thnh vin' is clicked on

2022-01-17 15:37:38 - [MESSAGE][PASSED] - Object: 'Object Repository/Create New User/Page_Moodle Khu vc qun tr Tm kim/a_Thnh vin' is clicked on

2022-01-17 15:37:38 - [TEST_STEP][PASSED] - click(findTestObject("Object Repository/Create New User/Page_Moodle Khu vc qun tr Tm kim/a_Hnh ng trn hng lot thnh vin")): Object: 'Object Repository/Create New User/Page_Moodle Khu vc qun tr Tm kim/a_Hnh ng trn hng lot thnh vin' is clicked on

2022-01-17 15:37:39 - [MESSAGE][PASSED] - Object: 'Object Repository/Create New User/Page_Moodle Khu vc qun tr Tm kim/a_Hnh ng trn hng lot thnh vin' is clicked on

2022-01-17 15:37:39 - [TEST_STEP][PASSED] - selectOptionByValue(findTestObject("Object Repository/Create New User/Page_Moodle Khu vc qun tr Thnh vin Ti khon _1ca8e5/select_c cha        khng cha        bng vi _49cfad"), "0", true): All options with value '0' are selected in object 'Object Repository/Create New User/Page_Moodle Khu vc qun tr Thnh vin Ti khon _1ca8e5/select_c cha        khng cha        bng vi _49cfad'  using regular expression

2022-01-17 15:37:40 - [MESSAGE][PASSED] - All options with value '0' are selected in object 'Object Repository/Create New User/Page_Moodle Khu vc qun tr Thnh vin Ti khon _1ca8e5/select_c cha        khng cha        bng vi _49cfad'  using regular expression

2022-01-17 15:37:40 - [TEST_STEP][PASSED] - setText(findTestObject("Object Repository/Create New User/Page_Moodle Khu vc qun tr Thnh vin Ti khon _1ca8e5/input_Tn y  value_realname"), "Test"): Text 'Test' is set on object 'Object Repository/Create New User/Page_Moodle Khu vc qun tr Thnh vin Ti khon _1ca8e5/input_Tn y  value_realname'

2022-01-17 15:37:41 - [MESSAGE][PASSED] - Text 'Test' is set on object 'Object Repository/Create New User/Page_Moodle Khu vc qun tr Thnh vin Ti khon _1ca8e5/input_Tn y  value_realname'

2022-01-17 15:37:41 - [TEST_STEP][PASSED] - click(findTestObject("Object Repository/Create New User/Page_Moodle Khu vc qun tr Thnh vin Ti khon _1ca8e5/input_a ch IP trc  value_addfilter")): Object: 'Object Repository/Create New User/Page_Moodle Khu vc qun tr Thnh vin Ti khon _1ca8e5/input_a ch IP trc  value_addfilter' is clicked on

2022-01-17 15:37:41 - [MESSAGE][PASSED] - Object: 'Object Repository/Create New User/Page_Moodle Khu vc qun tr Thnh vin Ti khon _1ca8e5/input_a ch IP trc  value_addfilter' is clicked on

2022-01-17 15:37:41 - [TEST_STEP][PASSED] - click(findTestObject("Object Repository/Create New User/Page_Moodle Khu vc qun tr Thnh vin Ti khon _1ca8e5/input_Danh sch thnh vin c chn_addall")): Object: 'Object Repository/Create New User/Page_Moodle Khu vc qun tr Thnh vin Ti khon _1ca8e5/input_Danh sch thnh vin c chn_addall' is clicked on

2022-01-17 15:37:42 - [MESSAGE][PASSED] - Object: 'Object Repository/Create New User/Page_Moodle Khu vc qun tr Thnh vin Ti khon _1ca8e5/input_Danh sch thnh vin c chn_addall' is clicked on

2022-01-17 15:37:42 - [TEST_STEP][PASSED] - selectOptionByValue(findTestObject("Object Repository/Create New User/Page_Moodle Khu vc qun tr Thnh vin Ti khon _1ca8e5/select_Chn.        Xc nhn        Gi tin nhn_4dafb0"), "delete", true): All options with value 'delete' are selected in object 'Object Repository/Create New User/Page_Moodle Khu vc qun tr Thnh vin Ti khon _1ca8e5/select_Chn.        Xc nhn        Gi tin nhn_4dafb0'  using regular expression

2022-01-17 15:37:44 - [MESSAGE][PASSED] - All options with value 'delete' are selected in object 'Object Repository/Create New User/Page_Moodle Khu vc qun tr Thnh vin Ti khon _1ca8e5/select_Chn.        Xc nhn        Gi tin nhn_4dafb0'  using regular expression

2022-01-17 15:37:44 - [TEST_STEP][PASSED] - click(findTestObject("Object Repository/Create New User/Page_Moodle Khu vc qun tr Thnh vin Ti khon _1ca8e5/input_Vi cc thnh vin c chn_doaction")): Object: 'Object Repository/Create New User/Page_Moodle Khu vc qun tr Thnh vin Ti khon _1ca8e5/input_Vi cc thnh vin c chn_doaction' is clicked on

2022-01-17 15:37:45 - [MESSAGE][PASSED] - Object: 'Object Repository/Create New User/Page_Moodle Khu vc qun tr Thnh vin Ti khon _1ca8e5/input_Vi cc thnh vin c chn_doaction' is clicked on

2022-01-17 15:37:45 - [TEST_STEP][PASSED] - click(findTestObject("Object Repository/Create New User/Page_Moodle Khu vc qun tr Thnh vin Ti khon _1ca8e5/button_C")): Object: 'Object Repository/Create New User/Page_Moodle Khu vc qun tr Thnh vin Ti khon _1ca8e5/button_C' is clicked on

2022-01-17 15:37:51 - [MESSAGE][INFO] - Unable to find the element located by 'By.xpath: //button[@id='single_button61dbffc756bbb20']'. Please recheck the objects properties to make sure the desired element is located. 

2022-01-17 15:37:51 - [MESSAGE][WARNING] - [SELF-HEALING] Failed to find element with id 'Object Repository/Create New User/Page_Moodle Khu vc qun tr Thnh vin Ti khon _1ca8e5/button_C'. Try using Self-healing.

2022-01-17 15:37:51 - [MESSAGE][WARNING] - [SELF-HEALING] The current locator of test object 'Object Repository/Create New User/Page_Moodle Khu vc qun tr Thnh vin Ti khon _1ca8e5/button_C' was broken. Propose an alternative one: '//div[@id='modal-footer']/div/div/form/button'.

2022-01-17 15:37:51 - [MESSAGE][PASSED] - Object: 'Object Repository/Create New User/Page_Moodle Khu vc qun tr Thnh vin Ti khon _1ca8e5/button_C' is clicked on

2022-01-17 15:37:51 - [TEST_STEP][PASSED] - closeBrowser(): Browser is closed

2022-01-17 15:37:52 - [MESSAGE][PASSED] - Browser is closed]]></system-out>
         <system-err><![CDATA[]]></system-err>
      </testcase>
      <testcase name="Test Cases/Create User by CSV/Create By CSV Success" time="50.862" classname="Test Cases/Create User by CSV/Create By CSV Success" status="PASSED">
         <system-out><![CDATA[2022-01-17 15:37:52 - [TEST_CASE][PASSED] - Test Cases/Create User by CSV/Create By CSV Success: Test Cases/Create User by CSV/Create By CSV Success

2022-01-17 15:37:52 - [TEST_STEP][PASSED] - callTestCase(findTestCase("Admin Site/Login with Admin"), [:], STOP_ON_FAILURE): Call Test Case 'Test Cases/Admin Site/Login with Admin' successfully

2022-01-17 15:37:52 - [TEST_CASE][PASSED] - Test Cases/Admin Site/Login with Admin: Test Cases/Admin Site/Login with Admin

2022-01-17 15:37:52 - [TEST_STEP][PASSED] - openBrowser(""): Browser is opened with url: ''

2022-01-17 15:37:52 - [MESSAGE][INFO] - Starting 'Chrome' driver

2022-01-17 15:37:52 - [MESSAGE][INFO] - Action delay is set to 0 milliseconds

2022-01-17 15:37:53 - [MESSAGE][PASSED] - Browser is opened with url: ''

2022-01-17 15:37:53 - [TEST_STEP][PASSED] - navigateToUrl("http://localhost/"): Navigate to 'http://localhost/' successfully

2022-01-17 15:37:54 - [MESSAGE][PASSED] - Navigate to 'http://localhost/' successfully

2022-01-17 15:37:54 - [TEST_STEP][PASSED] - click(findTestObject("Object Repository/Admin Site/Page_Local Moodle/a_Log in")): Object: 'Object Repository/Admin Site/Page_Local Moodle/a_Log in' is clicked on

2022-01-17 15:37:55 - [MESSAGE][PASSED] - Object: 'Object Repository/Admin Site/Page_Local Moodle/a_Log in' is clicked on

2022-01-17 15:37:55 - [TEST_STEP][PASSED] - setText(findTestObject("Object Repository/Admin Site/Page_Local Moodle Log in to the site/input_Username_username"), "admin"): Text 'admin' is set on object 'Object Repository/Admin Site/Page_Local Moodle Log in to the site/input_Username_username'

2022-01-17 15:37:55 - [MESSAGE][PASSED] - Text 'admin' is set on object 'Object Repository/Admin Site/Page_Local Moodle Log in to the site/input_Username_username'

2022-01-17 15:37:55 - [TEST_STEP][PASSED] - setEncryptedText(findTestObject("Object Repository/Admin Site/Page_Local Moodle Log in to the site/input_Password_password"), "bfAykA/oWJ09FXmiKh6lyuuLu8QhG1K5"): Text ****** has been set on object 'Object Repository/Admin Site/Page_Local Moodle Log in to the site/input_Password_password'

2022-01-17 15:37:56 - [MESSAGE][PASSED] - Text ****** has been set on object 'Object Repository/Admin Site/Page_Local Moodle Log in to the site/input_Password_password'

2022-01-17 15:37:56 - [TEST_STEP][PASSED] - click(findTestObject("Object Repository/Admin Site/Page_Local Moodle Log in to the site/button_Log in")): Object: 'Object Repository/Admin Site/Page_Local Moodle Log in to the site/button_Log in' is clicked on

2022-01-17 15:37:57 - [MESSAGE][PASSED] - Object: 'Object Repository/Admin Site/Page_Local Moodle Log in to the site/button_Log in' is clicked on

2022-01-17 15:37:57 - [TEST_STEP][PASSED] - click(findTestObject("Object Repository/Admin Site/Page_Nh ca ti/span_Qun tr khu vc")): Object: 'Object Repository/Admin Site/Page_Nh ca ti/span_Qun tr khu vc' is clicked on

2022-01-17 15:37:59 - [MESSAGE][PASSED] - Object: 'Object Repository/Admin Site/Page_Nh ca ti/span_Qun tr khu vc' is clicked on

2022-01-17 15:37:59 - [TEST_STEP][PASSED] - verifyElementPresent(findTestObject("Object Repository/Admin Site/Page_Moodle Khu vc qun tr Tm kim/a_Qun tr khu vc"), 0): Object 'Object Repository/Admin Site/Page_Moodle Khu vc qun tr Tm kim/a_Qun tr khu vc' is present

2022-01-17 15:37:59 - [MESSAGE][WARNING] - Timeout '0' is invalid. Using default page load timeout: '5'

2022-01-17 15:37:59 - [MESSAGE][PASSED] - Object 'Object Repository/Admin Site/Page_Moodle Khu vc qun tr Tm kim/a_Qun tr khu vc' is present

2022-01-17 15:37:59 - [MESSAGE][PASSED] - Call Test Case 'Test Cases/Admin Site/Login with Admin' successfully

2022-01-17 15:37:59 - [TEST_STEP][PASSED] - click(findTestObject("Object Repository/Create User by CSV/Page_Moodle Khu vc qun tr Tm kim/span_Qun tr khu vc")): Object: 'Object Repository/Create User by CSV/Page_Moodle Khu vc qun tr Tm kim/span_Qun tr khu vc' is clicked on

2022-01-17 15:38:00 - [MESSAGE][PASSED] - Object: 'Object Repository/Create User by CSV/Page_Moodle Khu vc qun tr Tm kim/span_Qun tr khu vc' is clicked on

2022-01-17 15:38:00 - [TEST_STEP][PASSED] - navigateToUrl("http://localhost/admin/search.php"): Navigate to 'http://localhost/admin/search.php' successfully

2022-01-17 15:38:00 - [MESSAGE][PASSED] - Navigate to 'http://localhost/admin/search.php' successfully

2022-01-17 15:38:00 - [TEST_STEP][PASSED] - click(findTestObject("Object Repository/Create User by CSV/Page_Moodle Khu vc qun tr Tm kim/a_Thnh vin")): Object: 'Object Repository/Create User by CSV/Page_Moodle Khu vc qun tr Tm kim/a_Thnh vin' is clicked on

2022-01-17 15:38:01 - [MESSAGE][PASSED] - Object: 'Object Repository/Create User by CSV/Page_Moodle Khu vc qun tr Tm kim/a_Thnh vin' is clicked on

2022-01-17 15:38:01 - [TEST_STEP][PASSED] - click(findTestObject("Object Repository/Create User by CSV/Page_Moodle Khu vc qun tr Tm kim/a_Nhp danh sch thnh vin")): Object: 'Object Repository/Create User by CSV/Page_Moodle Khu vc qun tr Tm kim/a_Nhp danh sch thnh vin' is clicked on

2022-01-17 15:38:01 - [MESSAGE][PASSED] - Object: 'Object Repository/Create User by CSV/Page_Moodle Khu vc qun tr Tm kim/a_Nhp danh sch thnh vin' is clicked on

2022-01-17 15:38:01 - [TEST_STEP][PASSED] - click(findTestObject("Object Repository/Create New User/Page_Moodle Khu vc qun tr Thnh vin Ti khon _cb1c9d/input_Tp tin_userfilechoose")): Object: 'Object Repository/Create New User/Page_Moodle Khu vc qun tr Thnh vin Ti khon _cb1c9d/input_Tp tin_userfilechoose' is clicked on

2022-01-17 15:38:08 - [MESSAGE][INFO] - Unable to find the element located by 'By.xpath: '. Please recheck the objects properties to make sure the desired element is located. 

2022-01-17 15:38:08 - [MESSAGE][WARNING] - [SELF-HEALING] Failed to find element with id 'Object Repository/Create New User/Page_Moodle Khu vc qun tr Thnh vin Ti khon _cb1c9d/input_Tp tin_userfilechoose'. Try using Self-healing.

2022-01-17 15:38:08 - [MESSAGE][WARNING] - [SELF-HEALING] The current locator of test object 'Object Repository/Create New User/Page_Moodle Khu vc qun tr Thnh vin Ti khon _cb1c9d/input_Tp tin_userfilechoose' was broken. Propose an alternative one: '//fieldset/div[2]/div/input'.

2022-01-17 15:38:08 - [MESSAGE][PASSED] - Object: 'Object Repository/Create New User/Page_Moodle Khu vc qun tr Thnh vin Ti khon _cb1c9d/input_Tp tin_userfilechoose' is clicked on

2022-01-17 15:38:08 - [TEST_STEP][PASSED] - click(findTestObject("Object Repository/Create New User/Page_Moodle Khu vc qun tr Thnh vin Ti khon _cb1c9d/span_Tp tin ring t")): Object: 'Object Repository/Create New User/Page_Moodle Khu vc qun tr Thnh vin Ti khon _cb1c9d/span_Tp tin ring t' is clicked on

2022-01-17 15:38:14 - [MESSAGE][INFO] - Unable to find the element located by 'By.xpath: //span[@id='yui_3_17_2_1_1642066391828_601']'. Please recheck the objects properties to make sure the desired element is located. 

2022-01-17 15:38:14 - [MESSAGE][WARNING] - [SELF-HEALING] Failed to find element with id 'Object Repository/Create New User/Page_Moodle Khu vc qun tr Thnh vin Ti khon _cb1c9d/span_Tp tin ring t'. Try using Self-healing.

2022-01-17 15:38:15 - [MESSAGE][WARNING] - [SELF-HEALING] The current locator of test object 'Object Repository/Create New User/Page_Moodle Khu vc qun tr Thnh vin Ti khon _cb1c9d/span_Tp tin ring t' was broken. Propose an alternative one: '(.//*[normalize-space(text()) and normalize-space(.)='URL downloader'])[1]/following::span[1]'.

2022-01-17 15:38:15 - [MESSAGE][PASSED] - Object: 'Object Repository/Create New User/Page_Moodle Khu vc qun tr Thnh vin Ti khon _cb1c9d/span_Tp tin ring t' is clicked on

2022-01-17 15:38:15 - [TEST_STEP][PASSED] - click(findTestObject("Create New User/Page_Moodle Khu vc qun tr Thnh vin Ti khon Nhp danh sch thnh vin/div_Wikimedia_yui_3_17_2_1_1642067879076_656")): Object: 'Object Repository/Create New User/Page_Moodle Khu vc qun tr Thnh vin Ti khon Nhp danh sch thnh vin/div_Wikimedia_yui_3_17_2_1_1642067879076_656' is clicked on

2022-01-17 15:38:21 - [MESSAGE][INFO] - Unable to find the element located by 'By.xpath: //div[@id='yui_3_17_2_1_1642067879076_656']'. Please recheck the objects properties to make sure the desired element is located. 

2022-01-17 15:38:21 - [MESSAGE][WARNING] - [SELF-HEALING] Failed to find element with id 'Object Repository/Create New User/Page_Moodle Khu vc qun tr Thnh vin Ti khon Nhp danh sch thnh vin/div_Wikimedia_yui_3_17_2_1_1642067879076_656'. Try using Self-healing.

2022-01-17 15:38:21 - [MESSAGE][WARNING] - [SELF-HEALING] The current locator of test object 'Object Repository/Create New User/Page_Moodle Khu vc qun tr Thnh vin Ti khon Nhp danh sch thnh vin/div_Wikimedia_yui_3_17_2_1_1642067879076_656' was broken. Propose an alternative one: '//a/div/div[3]'.

2022-01-17 15:38:21 - [MESSAGE][PASSED] - Object: 'Object Repository/Create New User/Page_Moodle Khu vc qun tr Thnh vin Ti khon Nhp danh sch thnh vin/div_Wikimedia_yui_3_17_2_1_1642067879076_656' is clicked on

2022-01-17 15:38:21 - [TEST_STEP][PASSED] - click(findTestObject("Object Repository/Create New User/Page_Moodle Khu vc qun tr Thnh vin Ti khon _cb1c9d/button_Chn tp ny")): Object: 'Object Repository/Create New User/Page_Moodle Khu vc qun tr Thnh vin Ti khon _cb1c9d/button_Chn tp ny' is clicked on

2022-01-17 15:38:27 - [MESSAGE][INFO] - Unable to find the element located by 'By.xpath: //button[@id='yui_3_17_2_1_1642066391828_732']'. Please recheck the objects properties to make sure the desired element is located. 

2022-01-17 15:38:27 - [MESSAGE][WARNING] - [SELF-HEALING] Failed to find element with id 'Object Repository/Create New User/Page_Moodle Khu vc qun tr Thnh vin Ti khon _cb1c9d/button_Chn tp ny'. Try using Self-healing.

2022-01-17 15:38:28 - [MESSAGE][WARNING] - [SELF-HEALING] The current locator of test object 'Object Repository/Create New User/Page_Moodle Khu vc qun tr Thnh vin Ti khon _cb1c9d/button_Chn tp ny' was broken. Propose an alternative one: '(.//*[normalize-space(text()) and normalize-space(.)='Chọn giấy phép'])[1]/following::button[1]'.

2022-01-17 15:38:28 - [MESSAGE][PASSED] - Object: 'Object Repository/Create New User/Page_Moodle Khu vc qun tr Thnh vin Ti khon _cb1c9d/button_Chn tp ny' is clicked on

2022-01-17 15:38:28 - [TEST_STEP][PASSED] - selectOptionByValue(findTestObject("Object Repository/Create User by CSV/Page_Moodle Khu vc qun tr Thnh vin Ti khon _cb1c9d/select_,                                    t"), "comma", true): All options with value 'comma' are selected in object 'Object Repository/Create User by CSV/Page_Moodle Khu vc qun tr Thnh vin Ti khon _cb1c9d/select_,                                    t'  using regular expression

2022-01-17 15:38:29 - [MESSAGE][PASSED] - All options with value 'comma' are selected in object 'Object Repository/Create User by CSV/Page_Moodle Khu vc qun tr Thnh vin Ti khon _cb1c9d/select_,                                    t'  using regular expression

2022-01-17 15:38:29 - [TEST_STEP][PASSED] - click(findTestObject("Object Repository/Create User by CSV/Page_Moodle Khu vc qun tr Thnh vin Ti khon _cb1c9d/input_Xem trc cc dng_submitbutton")): Object: 'Object Repository/Create User by CSV/Page_Moodle Khu vc qun tr Thnh vin Ti khon _cb1c9d/input_Xem trc cc dng_submitbutton' is clicked on

2022-01-17 15:38:30 - [MESSAGE][PASSED] - Object: 'Object Repository/Create User by CSV/Page_Moodle Khu vc qun tr Thnh vin Ti khon _cb1c9d/input_Xem trc cc dng_submitbutton' is clicked on

2022-01-17 15:38:30 - [TEST_STEP][PASSED] - click(findTestObject("Object Repository/Create User by CSV/Page_Moodle Khu vc qun tr Thnh vin Ti khon _cb1c9d/input_Xem trc cc dng_submitbutton")): Object: 'Object Repository/Create User by CSV/Page_Moodle Khu vc qun tr Thnh vin Ti khon _cb1c9d/input_Xem trc cc dng_submitbutton' is clicked on

2022-01-17 15:38:31 - [MESSAGE][PASSED] - Object: 'Object Repository/Create User by CSV/Page_Moodle Khu vc qun tr Thnh vin Ti khon _cb1c9d/input_Xem trc cc dng_submitbutton' is clicked on

2022-01-17 15:38:31 - [TEST_STEP][PASSED] - click(findTestObject("Object Repository/Create User by CSV/Page_Moodle Khu vc qun tr Thnh vin Ti khon _cb1c9d/button_Tip tc")): Object: 'Object Repository/Create User by CSV/Page_Moodle Khu vc qun tr Thnh vin Ti khon _cb1c9d/button_Tip tc' is clicked on

2022-01-17 15:38:37 - [MESSAGE][INFO] - Unable to find the element located by 'By.xpath: //button[@id='single_button61dc075c376d320']'. Please recheck the objects properties to make sure the desired element is located. 

2022-01-17 15:38:37 - [MESSAGE][WARNING] - [SELF-HEALING] Failed to find element with id 'Object Repository/Create User by CSV/Page_Moodle Khu vc qun tr Thnh vin Ti khon _cb1c9d/button_Tip tc'. Try using Self-healing.

2022-01-17 15:38:37 - [MESSAGE][WARNING] - [SELF-HEALING] The current locator of test object 'Object Repository/Create User by CSV/Page_Moodle Khu vc qun tr Thnh vin Ti khon _cb1c9d/button_Tip tc' was broken. Propose an alternative one: '//section[@id='region-main']/div/div[2]/form/button'.

2022-01-17 15:38:38 - [MESSAGE][PASSED] - Object: 'Object Repository/Create User by CSV/Page_Moodle Khu vc qun tr Thnh vin Ti khon _cb1c9d/button_Tip tc' is clicked on

2022-01-17 15:38:38 - [TEST_STEP][PASSED] - click(findTestObject("Object Repository/Create User by CSV/Page_Moodle Khu vc qun tr Thnh vin Ti khon _cb1c9d/a_Qun tr Thnh vin")): Object: 'Object Repository/Create User by CSV/Page_Moodle Khu vc qun tr Thnh vin Ti khon _cb1c9d/a_Qun tr Thnh vin' is clicked on

2022-01-17 15:38:38 - [MESSAGE][PASSED] - Object: 'Object Repository/Create User by CSV/Page_Moodle Khu vc qun tr Thnh vin Ti khon _cb1c9d/a_Qun tr Thnh vin' is clicked on

2022-01-17 15:38:38 - [TEST_STEP][PASSED] - click(findTestObject("Object Repository/Create User by CSV/Page_Moodle Khu vc qun tr Thnh vin Ti khon _cb1c9d/span_Thot")): Object: 'Object Repository/Create User by CSV/Page_Moodle Khu vc qun tr Thnh vin Ti khon _cb1c9d/span_Thot' is clicked on

2022-01-17 15:38:39 - [MESSAGE][PASSED] - Object: 'Object Repository/Create User by CSV/Page_Moodle Khu vc qun tr Thnh vin Ti khon _cb1c9d/span_Thot' is clicked on

2022-01-17 15:38:39 - [TEST_STEP][PASSED] - click(findTestObject("Object Repository/Create User by CSV/Page_Local Moodle/a_Log in")): Object: 'Object Repository/Create User by CSV/Page_Local Moodle/a_Log in' is clicked on

2022-01-17 15:38:40 - [MESSAGE][PASSED] - Object: 'Object Repository/Create User by CSV/Page_Local Moodle/a_Log in' is clicked on

2022-01-17 15:38:40 - [TEST_STEP][PASSED] - setText(findTestObject("Object Repository/Create User by CSV/Page_Local Moodle Log in to the site/input_Username_username"), "student2"): Text 'student2' is set on object 'Object Repository/Create User by CSV/Page_Local Moodle Log in to the site/input_Username_username'

2022-01-17 15:38:40 - [MESSAGE][PASSED] - Text 'student2' is set on object 'Object Repository/Create User by CSV/Page_Local Moodle Log in to the site/input_Username_username'

2022-01-17 15:38:40 - [TEST_STEP][PASSED] - setEncryptedText(findTestObject("Object Repository/Create User by CSV/Page_Local Moodle Log in to the site/input_Password_password"), "tzH6RvlfSTg="): Text ****** has been set on object 'Object Repository/Create User by CSV/Page_Local Moodle Log in to the site/input_Password_password'

2022-01-17 15:38:41 - [MESSAGE][PASSED] - Text ****** has been set on object 'Object Repository/Create User by CSV/Page_Local Moodle Log in to the site/input_Password_password'

2022-01-17 15:38:41 - [TEST_STEP][PASSED] - click(findTestObject("Object Repository/Create User by CSV/Page_Local Moodle Log in to the site/button_Log in")): Object: 'Object Repository/Create User by CSV/Page_Local Moodle Log in to the site/button_Log in' is clicked on

2022-01-17 15:38:42 - [MESSAGE][PASSED] - Object: 'Object Repository/Create User by CSV/Page_Local Moodle Log in to the site/button_Log in' is clicked on

2022-01-17 15:38:42 - [TEST_STEP][PASSED] - verifyElementText(findTestObject("Object Repository/Create User by CSV/Page_i mt khu/h1_Student Two"), "Student Two"): Actual text and expected text of test object 'Object Repository/Create User by CSV/Page_i mt khu/h1_Student Two' are matched.

2022-01-17 15:38:42 - [MESSAGE][PASSED] - Actual text and expected text of test object 'Object Repository/Create User by CSV/Page_i mt khu/h1_Student Two' are matched.

2022-01-17 15:38:42 - [TEST_STEP][PASSED] - closeBrowser(): Browser is closed

2022-01-17 15:38:43 - [MESSAGE][PASSED] - Browser is closed]]></system-out>
         <system-err><![CDATA[]]></system-err>
      </testcase>
      <testcase name="Test Cases/Create User by CSV/Create by CSV warning" time="47.158" classname="Test Cases/Create User by CSV/Create by CSV warning" status="PASSED">
         <system-out><![CDATA[2022-01-17 15:38:43 - [TEST_CASE][PASSED] - Test Cases/Create User by CSV/Create by CSV warning: Test Cases/Create User by CSV/Create by CSV warning

2022-01-17 15:38:43 - [TEST_STEP][PASSED] - callTestCase(findTestCase("Admin Site/Login with Admin"), [:], STOP_ON_FAILURE): Call Test Case 'Test Cases/Admin Site/Login with Admin' successfully

2022-01-17 15:38:43 - [TEST_CASE][PASSED] - Test Cases/Admin Site/Login with Admin: Test Cases/Admin Site/Login with Admin

2022-01-17 15:38:43 - [TEST_STEP][PASSED] - openBrowser(""): Browser is opened with url: ''

2022-01-17 15:38:43 - [MESSAGE][INFO] - Starting 'Chrome' driver

2022-01-17 15:38:43 - [MESSAGE][INFO] - Action delay is set to 0 milliseconds

2022-01-17 15:38:44 - [MESSAGE][PASSED] - Browser is opened with url: ''

2022-01-17 15:38:44 - [TEST_STEP][PASSED] - navigateToUrl("http://localhost/"): Navigate to 'http://localhost/' successfully

2022-01-17 15:38:45 - [MESSAGE][PASSED] - Navigate to 'http://localhost/' successfully

2022-01-17 15:38:45 - [TEST_STEP][PASSED] - click(findTestObject("Object Repository/Admin Site/Page_Local Moodle/a_Log in")): Object: 'Object Repository/Admin Site/Page_Local Moodle/a_Log in' is clicked on

2022-01-17 15:38:45 - [MESSAGE][PASSED] - Object: 'Object Repository/Admin Site/Page_Local Moodle/a_Log in' is clicked on

2022-01-17 15:38:45 - [TEST_STEP][PASSED] - setText(findTestObject("Object Repository/Admin Site/Page_Local Moodle Log in to the site/input_Username_username"), "admin"): Text 'admin' is set on object 'Object Repository/Admin Site/Page_Local Moodle Log in to the site/input_Username_username'

2022-01-17 15:38:46 - [MESSAGE][PASSED] - Text 'admin' is set on object 'Object Repository/Admin Site/Page_Local Moodle Log in to the site/input_Username_username'

2022-01-17 15:38:46 - [TEST_STEP][PASSED] - setEncryptedText(findTestObject("Object Repository/Admin Site/Page_Local Moodle Log in to the site/input_Password_password"), "bfAykA/oWJ09FXmiKh6lyuuLu8QhG1K5"): Text ****** has been set on object 'Object Repository/Admin Site/Page_Local Moodle Log in to the site/input_Password_password'

2022-01-17 15:38:46 - [MESSAGE][PASSED] - Text ****** has been set on object 'Object Repository/Admin Site/Page_Local Moodle Log in to the site/input_Password_password'

2022-01-17 15:38:46 - [TEST_STEP][PASSED] - click(findTestObject("Object Repository/Admin Site/Page_Local Moodle Log in to the site/button_Log in")): Object: 'Object Repository/Admin Site/Page_Local Moodle Log in to the site/button_Log in' is clicked on

2022-01-17 15:38:47 - [MESSAGE][PASSED] - Object: 'Object Repository/Admin Site/Page_Local Moodle Log in to the site/button_Log in' is clicked on

2022-01-17 15:38:47 - [TEST_STEP][PASSED] - click(findTestObject("Object Repository/Admin Site/Page_Nh ca ti/span_Qun tr khu vc")): Object: 'Object Repository/Admin Site/Page_Nh ca ti/span_Qun tr khu vc' is clicked on

2022-01-17 15:38:49 - [MESSAGE][PASSED] - Object: 'Object Repository/Admin Site/Page_Nh ca ti/span_Qun tr khu vc' is clicked on

2022-01-17 15:38:49 - [TEST_STEP][PASSED] - verifyElementPresent(findTestObject("Object Repository/Admin Site/Page_Moodle Khu vc qun tr Tm kim/a_Qun tr khu vc"), 0): Object 'Object Repository/Admin Site/Page_Moodle Khu vc qun tr Tm kim/a_Qun tr khu vc' is present

2022-01-17 15:38:49 - [MESSAGE][WARNING] - Timeout '0' is invalid. Using default page load timeout: '5'

2022-01-17 15:38:50 - [MESSAGE][PASSED] - Object 'Object Repository/Admin Site/Page_Moodle Khu vc qun tr Tm kim/a_Qun tr khu vc' is present

2022-01-17 15:38:50 - [MESSAGE][PASSED] - Call Test Case 'Test Cases/Admin Site/Login with Admin' successfully

2022-01-17 15:38:50 - [TEST_STEP][PASSED] - click(findTestObject("Object Repository/Create User by CSV/Page_Moodle Khu vc qun tr Tm kim/span_Qun tr khu vc")): Object: 'Object Repository/Create User by CSV/Page_Moodle Khu vc qun tr Tm kim/span_Qun tr khu vc' is clicked on

2022-01-17 15:38:50 - [MESSAGE][PASSED] - Object: 'Object Repository/Create User by CSV/Page_Moodle Khu vc qun tr Tm kim/span_Qun tr khu vc' is clicked on

2022-01-17 15:38:50 - [TEST_STEP][PASSED] - navigateToUrl("http://localhost/admin/search.php"): Navigate to 'http://localhost/admin/search.php' successfully

2022-01-17 15:38:51 - [MESSAGE][PASSED] - Navigate to 'http://localhost/admin/search.php' successfully

2022-01-17 15:38:51 - [TEST_STEP][PASSED] - click(findTestObject("Object Repository/Create User by CSV/Page_Moodle Khu vc qun tr Tm kim/a_Thnh vin")): Object: 'Object Repository/Create User by CSV/Page_Moodle Khu vc qun tr Tm kim/a_Thnh vin' is clicked on

2022-01-17 15:38:51 - [MESSAGE][PASSED] - Object: 'Object Repository/Create User by CSV/Page_Moodle Khu vc qun tr Tm kim/a_Thnh vin' is clicked on

2022-01-17 15:38:51 - [TEST_STEP][PASSED] - click(findTestObject("Object Repository/Create User by CSV/Page_Moodle Khu vc qun tr Tm kim/a_Nhp danh sch thnh vin")): Object: 'Object Repository/Create User by CSV/Page_Moodle Khu vc qun tr Tm kim/a_Nhp danh sch thnh vin' is clicked on

2022-01-17 15:38:52 - [MESSAGE][PASSED] - Object: 'Object Repository/Create User by CSV/Page_Moodle Khu vc qun tr Tm kim/a_Nhp danh sch thnh vin' is clicked on

2022-01-17 15:38:52 - [TEST_STEP][PASSED] - click(findTestObject("Object Repository/Create New User/Page_Moodle Khu vc qun tr Thnh vin Ti khon _cb1c9d/input_Tp tin_userfilechoose")): Object: 'Object Repository/Create New User/Page_Moodle Khu vc qun tr Thnh vin Ti khon _cb1c9d/input_Tp tin_userfilechoose' is clicked on

2022-01-17 15:38:58 - [MESSAGE][INFO] - Unable to find the element located by 'By.xpath: '. Please recheck the objects properties to make sure the desired element is located. 

2022-01-17 15:38:58 - [MESSAGE][WARNING] - [SELF-HEALING] Failed to find element with id 'Object Repository/Create New User/Page_Moodle Khu vc qun tr Thnh vin Ti khon _cb1c9d/input_Tp tin_userfilechoose'. Try using Self-healing.

2022-01-17 15:38:59 - [MESSAGE][WARNING] - [SELF-HEALING] The current locator of test object 'Object Repository/Create New User/Page_Moodle Khu vc qun tr Thnh vin Ti khon _cb1c9d/input_Tp tin_userfilechoose' was broken. Propose an alternative one: '//fieldset/div[2]/div/input'.

2022-01-17 15:38:59 - [MESSAGE][PASSED] - Object: 'Object Repository/Create New User/Page_Moodle Khu vc qun tr Thnh vin Ti khon _cb1c9d/input_Tp tin_userfilechoose' is clicked on

2022-01-17 15:38:59 - [TEST_STEP][PASSED] - click(findTestObject("Object Repository/Create New User/Page_Moodle Khu vc qun tr Thnh vin Ti khon _cb1c9d/span_Tp tin ring t")): Object: 'Object Repository/Create New User/Page_Moodle Khu vc qun tr Thnh vin Ti khon _cb1c9d/span_Tp tin ring t' is clicked on

2022-01-17 15:39:05 - [MESSAGE][INFO] - Unable to find the element located by 'By.xpath: //span[@id='yui_3_17_2_1_1642066391828_601']'. Please recheck the objects properties to make sure the desired element is located. 

2022-01-17 15:39:05 - [MESSAGE][WARNING] - [SELF-HEALING] Failed to find element with id 'Object Repository/Create New User/Page_Moodle Khu vc qun tr Thnh vin Ti khon _cb1c9d/span_Tp tin ring t'. Try using Self-healing.

2022-01-17 15:39:05 - [MESSAGE][WARNING] - [SELF-HEALING] The current locator of test object 'Object Repository/Create New User/Page_Moodle Khu vc qun tr Thnh vin Ti khon _cb1c9d/span_Tp tin ring t' was broken. Propose an alternative one: '(.//*[normalize-space(text()) and normalize-space(.)='URL downloader'])[1]/following::span[1]'.

2022-01-17 15:39:05 - [MESSAGE][PASSED] - Object: 'Object Repository/Create New User/Page_Moodle Khu vc qun tr Thnh vin Ti khon _cb1c9d/span_Tp tin ring t' is clicked on

2022-01-17 15:39:05 - [TEST_STEP][PASSED] - click(findTestObject("Create New User/Page_Moodle Khu vc qun tr Thnh vin Ti khon Nhp danh sch thnh vin/div_Wikimedia_yui_3_17_2_1_1642067879076_664")): Object: 'Object Repository/Create New User/Page_Moodle Khu vc qun tr Thnh vin Ti khon Nhp danh sch thnh vin/div_Wikimedia_yui_3_17_2_1_1642067879076_664' is clicked on

2022-01-17 15:39:12 - [MESSAGE][INFO] - Unable to find the element located by 'By.xpath: //div[@id='yui_3_17_2_1_1642067879076_664']'. Please recheck the objects properties to make sure the desired element is located. 

2022-01-17 15:39:12 - [MESSAGE][WARNING] - [SELF-HEALING] Failed to find element with id 'Object Repository/Create New User/Page_Moodle Khu vc qun tr Thnh vin Ti khon Nhp danh sch thnh vin/div_Wikimedia_yui_3_17_2_1_1642067879076_664'. Try using Self-healing.

2022-01-17 15:39:12 - [MESSAGE][WARNING] - [SELF-HEALING] The current locator of test object 'Object Repository/Create New User/Page_Moodle Khu vc qun tr Thnh vin Ti khon Nhp danh sch thnh vin/div_Wikimedia_yui_3_17_2_1_1642067879076_664' was broken. Propose an alternative one: '//a[2]/div/div[3]'.

2022-01-17 15:39:12 - [MESSAGE][PASSED] - Object: 'Object Repository/Create New User/Page_Moodle Khu vc qun tr Thnh vin Ti khon Nhp danh sch thnh vin/div_Wikimedia_yui_3_17_2_1_1642067879076_664' is clicked on

2022-01-17 15:39:12 - [TEST_STEP][PASSED] - click(findTestObject("Object Repository/Create New User/Page_Moodle Khu vc qun tr Thnh vin Ti khon _cb1c9d/button_Chn tp ny")): Object: 'Object Repository/Create New User/Page_Moodle Khu vc qun tr Thnh vin Ti khon _cb1c9d/button_Chn tp ny' is clicked on

2022-01-17 15:39:18 - [MESSAGE][INFO] - Unable to find the element located by 'By.xpath: //button[@id='yui_3_17_2_1_1642066391828_732']'. Please recheck the objects properties to make sure the desired element is located. 

2022-01-17 15:39:18 - [MESSAGE][WARNING] - [SELF-HEALING] Failed to find element with id 'Object Repository/Create New User/Page_Moodle Khu vc qun tr Thnh vin Ti khon _cb1c9d/button_Chn tp ny'. Try using Self-healing.

2022-01-17 15:39:18 - [MESSAGE][WARNING] - [SELF-HEALING] The current locator of test object 'Object Repository/Create New User/Page_Moodle Khu vc qun tr Thnh vin Ti khon _cb1c9d/button_Chn tp ny' was broken. Propose an alternative one: '(.//*[normalize-space(text()) and normalize-space(.)='Chọn giấy phép'])[1]/following::button[1]'.

2022-01-17 15:39:18 - [MESSAGE][PASSED] - Object: 'Object Repository/Create New User/Page_Moodle Khu vc qun tr Thnh vin Ti khon _cb1c9d/button_Chn tp ny' is clicked on

2022-01-17 15:39:18 - [TEST_STEP][PASSED] - selectOptionByValue(findTestObject("Object Repository/Create User by CSV/Page_Moodle Khu vc qun tr Thnh vin Ti khon _cb1c9d/select_,                                    t"), "comma", true): All options with value 'comma' are selected in object 'Object Repository/Create User by CSV/Page_Moodle Khu vc qun tr Thnh vin Ti khon _cb1c9d/select_,                                    t'  using regular expression

2022-01-17 15:39:20 - [MESSAGE][PASSED] - All options with value 'comma' are selected in object 'Object Repository/Create User by CSV/Page_Moodle Khu vc qun tr Thnh vin Ti khon _cb1c9d/select_,                                    t'  using regular expression

2022-01-17 15:39:20 - [TEST_STEP][PASSED] - click(findTestObject("Object Repository/Create User by CSV/Page_Moodle Khu vc qun tr Thnh vin Ti khon _cb1c9d/input_Xem trc cc dng_submitbutton")): Object: 'Object Repository/Create User by CSV/Page_Moodle Khu vc qun tr Thnh vin Ti khon _cb1c9d/input_Xem trc cc dng_submitbutton' is clicked on

2022-01-17 15:39:21 - [MESSAGE][PASSED] - Object: 'Object Repository/Create User by CSV/Page_Moodle Khu vc qun tr Thnh vin Ti khon _cb1c9d/input_Xem trc cc dng_submitbutton' is clicked on

2022-01-17 15:39:21 - [TEST_STEP][PASSED] - selectOptionByValue(findTestObject("Object Repository/Create User by CSV/Page_Moodle Khu vc qun tr Thnh vin Ti khon _cb1c9d/select_Add new only, skip existing users   _620e8d"), "2", true): All options with value '2' are selected in object 'Object Repository/Create User by CSV/Page_Moodle Khu vc qun tr Thnh vin Ti khon _cb1c9d/select_Add new only, skip existing users   _620e8d'  using regular expression

2022-01-17 15:39:22 - [MESSAGE][PASSED] - All options with value '2' are selected in object 'Object Repository/Create User by CSV/Page_Moodle Khu vc qun tr Thnh vin Ti khon _cb1c9d/select_Add new only, skip existing users   _620e8d'  using regular expression

2022-01-17 15:39:22 - [TEST_STEP][PASSED] - selectOptionByValue(findTestObject("Object Repository/Create User by CSV/Page_Moodle Khu vc qun tr Thnh vin Ti khon _cb1c9d/select_Khng c thay i            Override wi_69ddaa"), "1", true): All options with value '1' are selected in object 'Object Repository/Create User by CSV/Page_Moodle Khu vc qun tr Thnh vin Ti khon _cb1c9d/select_Khng c thay i            Override wi_69ddaa'  using regular expression

2022-01-17 15:39:24 - [MESSAGE][PASSED] - All options with value '1' are selected in object 'Object Repository/Create User by CSV/Page_Moodle Khu vc qun tr Thnh vin Ti khon _cb1c9d/select_Khng c thay i            Override wi_69ddaa'  using regular expression

2022-01-17 15:39:24 - [TEST_STEP][PASSED] - click(findTestObject("Object Repository/Create User by CSV/Page_Moodle Khu vc qun tr Thnh vin Ti khon _cb1c9d/input_Xem trc cc dng_submitbutton")): Object: 'Object Repository/Create User by CSV/Page_Moodle Khu vc qun tr Thnh vin Ti khon _cb1c9d/input_Xem trc cc dng_submitbutton' is clicked on

2022-01-17 15:39:24 - [MESSAGE][PASSED] - Object: 'Object Repository/Create User by CSV/Page_Moodle Khu vc qun tr Thnh vin Ti khon _cb1c9d/input_Xem trc cc dng_submitbutton' is clicked on

2022-01-17 15:39:24 - [TEST_STEP][PASSED] - verifyElementText(findTestObject("Object Repository/Create User by CSV/Page_Moodle Khu vc qun tr Thnh vin Ti khon _cb1c9d/span_a ch th in t khng hp l"), "Địa chỉ thư điện tử không hợp lệ"): Actual text and expected text of test object 'Object Repository/Create User by CSV/Page_Moodle Khu vc qun tr Thnh vin Ti khon _cb1c9d/span_a ch th in t khng hp l' are matched.

2022-01-17 15:39:25 - [MESSAGE][PASSED] - Actual text and expected text of test object 'Object Repository/Create User by CSV/Page_Moodle Khu vc qun tr Thnh vin Ti khon _cb1c9d/span_a ch th in t khng hp l' are matched.

2022-01-17 15:39:25 - [TEST_STEP][PASSED] - verifyElementText(findTestObject("Object Repository/Create User by CSV/Page_Moodle Khu vc qun tr Thnh vin Ti khon _cb1c9d/span_One--Replace"), "One-->Replace"): Actual text and expected text of test object 'Object Repository/Create User by CSV/Page_Moodle Khu vc qun tr Thnh vin Ti khon _cb1c9d/span_One--Replace' are matched.

2022-01-17 15:39:25 - [MESSAGE][PASSED] - Actual text and expected text of test object 'Object Repository/Create User by CSV/Page_Moodle Khu vc qun tr Thnh vin Ti khon _cb1c9d/span_One--Replace' are matched.

2022-01-17 15:39:25 - [TEST_STEP][PASSED] - click(findTestObject("Object Repository/Create User by CSV/Page_Moodle Khu vc qun tr Thnh vin Ti khon _cb1c9d/a_Qun tr Thnh vin")): Object: 'Object Repository/Create User by CSV/Page_Moodle Khu vc qun tr Thnh vin Ti khon _cb1c9d/a_Qun tr Thnh vin' is clicked on

2022-01-17 15:39:26 - [MESSAGE][PASSED] - Object: 'Object Repository/Create User by CSV/Page_Moodle Khu vc qun tr Thnh vin Ti khon _cb1c9d/a_Qun tr Thnh vin' is clicked on

2022-01-17 15:39:26 - [TEST_STEP][PASSED] - click(findTestObject("Object Repository/Create User by CSV/Page_Moodle Khu vc qun tr Thnh vin Ti khon _cb1c9d/span_Thot")): Object: 'Object Repository/Create User by CSV/Page_Moodle Khu vc qun tr Thnh vin Ti khon _cb1c9d/span_Thot' is clicked on

2022-01-17 15:39:26 - [MESSAGE][PASSED] - Object: 'Object Repository/Create User by CSV/Page_Moodle Khu vc qun tr Thnh vin Ti khon _cb1c9d/span_Thot' is clicked on

2022-01-17 15:39:26 - [TEST_STEP][PASSED] - click(findTestObject("Object Repository/Create User by CSV/Page_Local Moodle/a_Log in")): Object: 'Object Repository/Create User by CSV/Page_Local Moodle/a_Log in' is clicked on

2022-01-17 15:39:27 - [MESSAGE][PASSED] - Object: 'Object Repository/Create User by CSV/Page_Local Moodle/a_Log in' is clicked on

2022-01-17 15:39:27 - [TEST_STEP][PASSED] - setText(findTestObject("Object Repository/Create User by CSV/Page_Local Moodle Log in to the site/input_Username_username"), "123"): Text '123' is set on object 'Object Repository/Create User by CSV/Page_Local Moodle Log in to the site/input_Username_username'

2022-01-17 15:39:28 - [MESSAGE][PASSED] - Text '123' is set on object 'Object Repository/Create User by CSV/Page_Local Moodle Log in to the site/input_Username_username'

2022-01-17 15:39:28 - [TEST_STEP][PASSED] - setEncryptedText(findTestObject("Object Repository/Create User by CSV/Page_Local Moodle Log in to the site/input_Password_password"), "RigbBhfdqODKcAsiUrg+1Q=="): Text ****** has been set on object 'Object Repository/Create User by CSV/Page_Local Moodle Log in to the site/input_Password_password'

2022-01-17 15:39:28 - [MESSAGE][PASSED] - Text ****** has been set on object 'Object Repository/Create User by CSV/Page_Local Moodle Log in to the site/input_Password_password'

2022-01-17 15:39:28 - [TEST_STEP][PASSED] - click(findTestObject("Object Repository/Create User by CSV/Page_Local Moodle Log in to the site/button_Log in")): Object: 'Object Repository/Create User by CSV/Page_Local Moodle Log in to the site/button_Log in' is clicked on

2022-01-17 15:39:29 - [MESSAGE][PASSED] - Object: 'Object Repository/Create User by CSV/Page_Local Moodle Log in to the site/button_Log in' is clicked on

2022-01-17 15:39:29 - [TEST_STEP][PASSED] - verifyElementPresent(findTestObject("Object Repository/Create User by CSV/Page_Local Moodle Log in to the site/div_Invalid login, please try again"), 0): Object 'Object Repository/Create User by CSV/Page_Local Moodle Log in to the site/div_Invalid login, please try again' is present

2022-01-17 15:39:29 - [MESSAGE][WARNING] - Timeout '0' is invalid. Using default page load timeout: '5'

2022-01-17 15:39:29 - [MESSAGE][PASSED] - Object 'Object Repository/Create User by CSV/Page_Local Moodle Log in to the site/div_Invalid login, please try again' is present

2022-01-17 15:39:29 - [TEST_STEP][PASSED] - closeBrowser(): Browser is closed

2022-01-17 15:39:30 - [MESSAGE][PASSED] - Browser is closed]]></system-out>
         <system-err><![CDATA[]]></system-err>
      </testcase>
      <testcase name="Test Cases/Teacher and Grade/Grade for student" time="97.128" classname="Test Cases/Teacher and Grade/Grade for student" status="PASSED">
         <system-out><![CDATA[2022-01-17 15:39:30 - [TEST_CASE][PASSED] - Test Cases/Teacher and Grade/Grade for student: Test Cases/Teacher and Grade/Grade for student

2022-01-17 15:39:30 - [TEST_STEP][PASSED] - openBrowser(""): Browser is opened with url: ''

2022-01-17 15:39:30 - [MESSAGE][INFO] - Starting 'Chrome' driver

2022-01-17 15:39:30 - [MESSAGE][INFO] - Action delay is set to 0 milliseconds

2022-01-17 15:39:31 - [MESSAGE][PASSED] - Browser is opened with url: ''

2022-01-17 15:39:31 - [TEST_STEP][PASSED] - navigateToUrl("http://localhost/"): Navigate to 'http://localhost/' successfully

2022-01-17 15:39:32 - [MESSAGE][PASSED] - Navigate to 'http://localhost/' successfully

2022-01-17 15:39:32 - [TEST_STEP][PASSED] - click(findTestObject("Object Repository/Teacher and Grade/Page_Local Moodle/a_Log in")): Object: 'Object Repository/Teacher and Grade/Page_Local Moodle/a_Log in' is clicked on

2022-01-17 15:39:32 - [MESSAGE][PASSED] - Object: 'Object Repository/Teacher and Grade/Page_Local Moodle/a_Log in' is clicked on

2022-01-17 15:39:32 - [TEST_STEP][PASSED] - setText(findTestObject("Object Repository/Teacher and Grade/Page_Local Moodle Log in to the site/input_Username_username"), "lcbinh"): Text 'lcbinh' is set on object 'Object Repository/Teacher and Grade/Page_Local Moodle Log in to the site/input_Username_username'

2022-01-17 15:39:33 - [MESSAGE][PASSED] - Text 'lcbinh' is set on object 'Object Repository/Teacher and Grade/Page_Local Moodle Log in to the site/input_Username_username'

2022-01-17 15:39:33 - [TEST_STEP][PASSED] - setEncryptedText(findTestObject("Object Repository/Admin Site/Page_Local Moodle Log in to the site/input_Password_password"), "o5TCnEIIWq0Pz0TkrK1a2rpuWvRKVWz2"): Text ****** has been set on object 'Object Repository/Admin Site/Page_Local Moodle Log in to the site/input_Password_password'

2022-01-17 15:39:34 - [MESSAGE][PASSED] - Text ****** has been set on object 'Object Repository/Admin Site/Page_Local Moodle Log in to the site/input_Password_password'

2022-01-17 15:39:34 - [TEST_STEP][PASSED] - click(findTestObject("Object Repository/Teacher and Grade/Page_Local Moodle Log in to the site/button_Log in")): Object: 'Object Repository/Teacher and Grade/Page_Local Moodle Log in to the site/button_Log in' is clicked on

2022-01-17 15:39:35 - [MESSAGE][PASSED] - Object: 'Object Repository/Teacher and Grade/Page_Local Moodle Log in to the site/button_Log in' is clicked on

2022-01-17 15:39:35 - [TEST_STEP][PASSED] - click(findTestObject("Object Repository/Teacher and Grade/Page_Nh ca ti/span_Test View Grade")): Object: 'Object Repository/Teacher and Grade/Page_Nh ca ti/span_Test View Grade' is clicked on

2022-01-17 15:39:37 - [MESSAGE][PASSED] - Object: 'Object Repository/Teacher and Grade/Page_Nh ca ti/span_Test View Grade' is clicked on

2022-01-17 15:39:37 - [TEST_STEP][PASSED] - click(findTestObject("Object Repository/Teacher and Grade/Page_Kha Test View Grade/span_Test Bi tp")): Object: 'Object Repository/Teacher and Grade/Page_Kha Test View Grade/span_Test Bi tp' is clicked on

2022-01-17 15:39:38 - [MESSAGE][PASSED] - Object: 'Object Repository/Teacher and Grade/Page_Kha Test View Grade/span_Test Bi tp' is clicked on

2022-01-17 15:39:38 - [TEST_STEP][PASSED] - click(findTestObject("Object Repository/Teacher and Grade/Page_View Grade Test/a_im")): Object: 'Object Repository/Teacher and Grade/Page_View Grade Test/a_im' is clicked on

2022-01-17 15:39:39 - [MESSAGE][PASSED] - Object: 'Object Repository/Teacher and Grade/Page_View Grade Test/a_im' is clicked on

2022-01-17 15:39:39 - [TEST_STEP][PASSED] - navigateToUrl("http://localhost/mod/assign/view.php?id=10&action=grader"): Navigate to 'http://localhost/mod/assign/view.php?id=10&action=grader' successfully

2022-01-17 15:39:40 - [MESSAGE][PASSED] - Navigate to 'http://localhost/mod/assign/view.php?id=10&action=grader' successfully

2022-01-17 15:39:40 - [TEST_STEP][PASSED] - setText(findTestObject("Object Repository/Teacher and Grade/Page_View Grade Test - ang chm/input_Grade out of 100_grade"), "50"): Text '50' is set on object 'Object Repository/Teacher and Grade/Page_View Grade Test - ang chm/input_Grade out of 100_grade'

2022-01-17 15:39:46 - [MESSAGE][INFO] - Unable to find the element located by 'By.xpath: '. Please recheck the objects properties to make sure the desired element is located. 

2022-01-17 15:39:46 - [MESSAGE][WARNING] - [SELF-HEALING] Failed to find element with id 'Object Repository/Teacher and Grade/Page_View Grade Test - ang chm/input_Grade out of 100_grade'. Try using Self-healing.

2022-01-17 15:39:46 - [MESSAGE][WARNING] - [SELF-HEALING] The current locator of test object 'Object Repository/Teacher and Grade/Page_View Grade Test - ang chm/input_Grade out of 100_grade' was broken. Propose an alternative one: '#id_grade'.

2022-01-17 15:39:52 - [MESSAGE][INFO] - Unable to find the element located by 'By.xpath: '. Please recheck the objects properties to make sure the desired element is located. 

2022-01-17 15:39:52 - [MESSAGE][WARNING] - [SELF-HEALING] Failed to find element with id 'Object Repository/Teacher and Grade/Page_View Grade Test - ang chm/input_Grade out of 100_grade'. Try using Self-healing.

2022-01-17 15:39:53 - [MESSAGE][WARNING] - [SELF-HEALING] The current locator of test object 'Object Repository/Teacher and Grade/Page_View Grade Test - ang chm/input_Grade out of 100_grade' was broken. Propose an alternative one: '#id_grade'.

2022-01-17 15:39:53 - [MESSAGE][PASSED] - Text '50' is set on object 'Object Repository/Teacher and Grade/Page_View Grade Test - ang chm/input_Grade out of 100_grade'

2022-01-17 15:39:53 - [TEST_STEP][PASSED] - click(findTestObject("Object Repository/Teacher and Grade/Page_View Grade Test - ang chm/button_Lu v xem trang tip theo")): Object: 'Object Repository/Teacher and Grade/Page_View Grade Test - ang chm/button_Lu v xem trang tip theo' is clicked on

2022-01-17 15:39:59 - [MESSAGE][INFO] - Unable to find the element located by 'By.xpath: //button[@id='yui_3_17_2_1_1642142506882_572']'. Please recheck the objects properties to make sure the desired element is located. 

2022-01-17 15:39:59 - [MESSAGE][WARNING] - [SELF-HEALING] Failed to find element with id 'Object Repository/Teacher and Grade/Page_View Grade Test - ang chm/button_Lu v xem trang tip theo'. Try using Self-healing.

2022-01-17 15:39:59 - [MESSAGE][WARNING] - [SELF-HEALING] The current locator of test object 'Object Repository/Teacher and Grade/Page_View Grade Test - ang chm/button_Lu v xem trang tip theo' was broken. Propose an alternative one: '(.//*[normalize-space(text()) and normalize-space(.)='Lưu những thay đổi'])[1]/following::button[1]'.

2022-01-17 15:39:59 - [MESSAGE][PASSED] - Object: 'Object Repository/Teacher and Grade/Page_View Grade Test - ang chm/button_Lu v xem trang tip theo' is clicked on

2022-01-17 15:39:59 - [TEST_STEP][PASSED] - setText(findTestObject("Object Repository/Teacher and Grade/Page_View Grade Test - ang chm/input_Grade out of 100_grade"), "100"): Text '100' is set on object 'Object Repository/Teacher and Grade/Page_View Grade Test - ang chm/input_Grade out of 100_grade'

2022-01-17 15:40:06 - [MESSAGE][INFO] - Unable to find the element located by 'By.xpath: '. Please recheck the objects properties to make sure the desired element is located. 

2022-01-17 15:40:06 - [MESSAGE][WARNING] - [SELF-HEALING] Failed to find element with id 'Object Repository/Teacher and Grade/Page_View Grade Test - ang chm/input_Grade out of 100_grade'. Try using Self-healing.

2022-01-17 15:40:06 - [MESSAGE][WARNING] - [SELF-HEALING] The current locator of test object 'Object Repository/Teacher and Grade/Page_View Grade Test - ang chm/input_Grade out of 100_grade' was broken. Propose an alternative one: '#id_grade'.

2022-01-17 15:40:12 - [MESSAGE][INFO] - Unable to find the element located by 'By.xpath: '. Please recheck the objects properties to make sure the desired element is located. 

2022-01-17 15:40:12 - [MESSAGE][WARNING] - [SELF-HEALING] Failed to find element with id 'Object Repository/Teacher and Grade/Page_View Grade Test - ang chm/input_Grade out of 100_grade'. Try using Self-healing.

2022-01-17 15:40:12 - [MESSAGE][WARNING] - [SELF-HEALING] The current locator of test object 'Object Repository/Teacher and Grade/Page_View Grade Test - ang chm/input_Grade out of 100_grade' was broken. Propose an alternative one: '#id_grade'.

2022-01-17 15:40:12 - [MESSAGE][PASSED] - Text '100' is set on object 'Object Repository/Teacher and Grade/Page_View Grade Test - ang chm/input_Grade out of 100_grade'

2022-01-17 15:40:13 - [TEST_STEP][PASSED] - click(findTestObject("Object Repository/Teacher and Grade/Page_View Grade Test - ang chm/button_Lu v xem trang tip theo")): Object: 'Object Repository/Teacher and Grade/Page_View Grade Test - ang chm/button_Lu v xem trang tip theo' is clicked on

2022-01-17 15:40:19 - [MESSAGE][INFO] - Unable to find the element located by 'By.xpath: //button[@id='yui_3_17_2_1_1642142506882_572']'. Please recheck the objects properties to make sure the desired element is located. 

2022-01-17 15:40:19 - [MESSAGE][WARNING] - [SELF-HEALING] Failed to find element with id 'Object Repository/Teacher and Grade/Page_View Grade Test - ang chm/button_Lu v xem trang tip theo'. Try using Self-healing.

2022-01-17 15:40:19 - [MESSAGE][WARNING] - [SELF-HEALING] The current locator of test object 'Object Repository/Teacher and Grade/Page_View Grade Test - ang chm/button_Lu v xem trang tip theo' was broken. Propose an alternative one: '(.//*[normalize-space(text()) and normalize-space(.)='Lưu những thay đổi'])[1]/following::button[1]'.

2022-01-17 15:40:19 - [MESSAGE][PASSED] - Object: 'Object Repository/Teacher and Grade/Page_View Grade Test - ang chm/button_Lu v xem trang tip theo' is clicked on

2022-01-17 15:40:19 - [TEST_STEP][PASSED] - setText(findTestObject("Object Repository/Teacher and Grade/Page_View Grade Test - ang chm/input_Grade out of 100_grade"), "1"): Text '1' is set on object 'Object Repository/Teacher and Grade/Page_View Grade Test - ang chm/input_Grade out of 100_grade'

2022-01-17 15:40:25 - [MESSAGE][INFO] - Unable to find the element located by 'By.xpath: '. Please recheck the objects properties to make sure the desired element is located. 

2022-01-17 15:40:25 - [MESSAGE][WARNING] - [SELF-HEALING] Failed to find element with id 'Object Repository/Teacher and Grade/Page_View Grade Test - ang chm/input_Grade out of 100_grade'. Try using Self-healing.

2022-01-17 15:40:26 - [MESSAGE][WARNING] - [SELF-HEALING] The current locator of test object 'Object Repository/Teacher and Grade/Page_View Grade Test - ang chm/input_Grade out of 100_grade' was broken. Propose an alternative one: '#id_grade'.

2022-01-17 15:40:32 - [MESSAGE][INFO] - Unable to find the element located by 'By.xpath: '. Please recheck the objects properties to make sure the desired element is located. 

2022-01-17 15:40:32 - [MESSAGE][WARNING] - [SELF-HEALING] Failed to find element with id 'Object Repository/Teacher and Grade/Page_View Grade Test - ang chm/input_Grade out of 100_grade'. Try using Self-healing.

2022-01-17 15:40:32 - [MESSAGE][WARNING] - [SELF-HEALING] The current locator of test object 'Object Repository/Teacher and Grade/Page_View Grade Test - ang chm/input_Grade out of 100_grade' was broken. Propose an alternative one: '#id_grade'.

2022-01-17 15:40:32 - [MESSAGE][PASSED] - Text '1' is set on object 'Object Repository/Teacher and Grade/Page_View Grade Test - ang chm/input_Grade out of 100_grade'

2022-01-17 15:40:32 - [TEST_STEP][PASSED] - click(findTestObject("Object Repository/Teacher and Grade/Page_View Grade Test - ang chm/button_Lu v xem trang tip theo")): Object: 'Object Repository/Teacher and Grade/Page_View Grade Test - ang chm/button_Lu v xem trang tip theo' is clicked on

2022-01-17 15:40:39 - [MESSAGE][INFO] - Unable to find the element located by 'By.xpath: //button[@id='yui_3_17_2_1_1642142506882_572']'. Please recheck the objects properties to make sure the desired element is located. 

2022-01-17 15:40:39 - [MESSAGE][WARNING] - [SELF-HEALING] Failed to find element with id 'Object Repository/Teacher and Grade/Page_View Grade Test - ang chm/button_Lu v xem trang tip theo'. Try using Self-healing.

2022-01-17 15:40:39 - [MESSAGE][WARNING] - [SELF-HEALING] The current locator of test object 'Object Repository/Teacher and Grade/Page_View Grade Test - ang chm/button_Lu v xem trang tip theo' was broken. Propose an alternative one: '(.//*[normalize-space(text()) and normalize-space(.)='Lưu những thay đổi'])[1]/following::button[1]'.

2022-01-17 15:40:39 - [MESSAGE][PASSED] - Object: 'Object Repository/Teacher and Grade/Page_View Grade Test - ang chm/button_Lu v xem trang tip theo' is clicked on

2022-01-17 15:40:39 - [TEST_STEP][PASSED] - click(findTestObject("Object Repository/Teacher and Grade/Page_View Grade Test 1 - ang chm/a_Kho hc Test View Grade")): Object: 'Object Repository/Teacher and Grade/Page_View Grade Test 1 - ang chm/a_Kho hc Test View Grade' is clicked on

2022-01-17 15:40:45 - [MESSAGE][INFO] - Unable to find the element located by 'By.xpath: //a[@id='yui_3_17_2_1_1641829766477_2314']'. Please recheck the objects properties to make sure the desired element is located. 

2022-01-17 15:40:45 - [MESSAGE][WARNING] - [SELF-HEALING] Failed to find element with id 'Object Repository/Teacher and Grade/Page_View Grade Test 1 - ang chm/a_Kho hc Test View Grade'. Try using Self-healing.

2022-01-17 15:40:45 - [MESSAGE][WARNING] - [SELF-HEALING] The current locator of test object 'Object Repository/Teacher and Grade/Page_View Grade Test 1 - ang chm/a_Kho hc Test View Grade' was broken. Propose an alternative one: '//a[contains(text(),'Khoá học: Test View Grade')]'.

2022-01-17 15:40:46 - [MESSAGE][PASSED] - Object: 'Object Repository/Teacher and Grade/Page_View Grade Test 1 - ang chm/a_Kho hc Test View Grade' is clicked on

2022-01-17 15:40:46 - [TEST_STEP][PASSED] - click(findTestObject("Object Repository/Teacher and Grade/Page_Kha Test View Grade/span_im s")): Object: 'Object Repository/Teacher and Grade/Page_Kha Test View Grade/span_im s' is clicked on

2022-01-17 15:40:47 - [MESSAGE][PASSED] - Object: 'Object Repository/Teacher and Grade/Page_Kha Test View Grade/span_im s' is clicked on

2022-01-17 15:40:47 - [TEST_STEP][PASSED] - verifyElementText(findTestObject("Object Repository/Teacher and Grade/Page_im s Xem/td_50,00"), "50,00"): Actual text and expected text of test object 'Object Repository/Teacher and Grade/Page_im s Xem/td_50,00' are matched.

2022-01-17 15:40:53 - [MESSAGE][INFO] - Unable to find the element located by 'By.xpath: //td[@id='u28i2']'. Please recheck the objects properties to make sure the desired element is located. 

2022-01-17 15:40:53 - [MESSAGE][WARNING] - [SELF-HEALING] Failed to find element with id 'Object Repository/Teacher and Grade/Page_im s Xem/td_50,00'. Try using Self-healing.

2022-01-17 15:40:54 - [MESSAGE][WARNING] - [SELF-HEALING] The current locator of test object 'Object Repository/Teacher and Grade/Page_im s Xem/td_50,00' was broken. Propose an alternative one: '(.//*[normalize-space(text()) and normalize-space(.)='s1@example.com'])[1]/following::td[1]'.

2022-01-17 15:40:54 - [MESSAGE][PASSED] - Actual text and expected text of test object 'Object Repository/Teacher and Grade/Page_im s Xem/td_50,00' are matched.

2022-01-17 15:40:54 - [TEST_STEP][PASSED] - verifyElementText(findTestObject("Object Repository/Teacher and Grade/Page_im s Xem/td_1,00"), "1,00"): Actual text and expected text of test object 'Object Repository/Teacher and Grade/Page_im s Xem/td_1,00' are matched.

2022-01-17 15:41:00 - [MESSAGE][INFO] - Unable to find the element located by 'By.xpath: //td[@id='u30i2']'. Please recheck the objects properties to make sure the desired element is located. 

2022-01-17 15:41:00 - [MESSAGE][WARNING] - [SELF-HEALING] Failed to find element with id 'Object Repository/Teacher and Grade/Page_im s Xem/td_1,00'. Try using Self-healing.

2022-01-17 15:41:00 - [MESSAGE][WARNING] - [SELF-HEALING] The current locator of test object 'Object Repository/Teacher and Grade/Page_im s Xem/td_1,00' was broken. Propose an alternative one: '(.//*[normalize-space(text()) and normalize-space(.)='s3@example.com'])[1]/following::td[1]'.

2022-01-17 15:41:00 - [MESSAGE][PASSED] - Actual text and expected text of test object 'Object Repository/Teacher and Grade/Page_im s Xem/td_1,00' are matched.

2022-01-17 15:41:00 - [TEST_STEP][PASSED] - verifyElementText(findTestObject("Object Repository/Teacher and Grade/Page_im s Xem/td_100,00"), "100,00"): Actual text and expected text of test object 'Object Repository/Teacher and Grade/Page_im s Xem/td_100,00' are matched.

2022-01-17 15:41:06 - [MESSAGE][INFO] - Unable to find the element located by 'By.xpath: //td[@id='u29i2']'. Please recheck the objects properties to make sure the desired element is located. 

2022-01-17 15:41:06 - [MESSAGE][WARNING] - [SELF-HEALING] Failed to find element with id 'Object Repository/Teacher and Grade/Page_im s Xem/td_100,00'. Try using Self-healing.

2022-01-17 15:41:07 - [MESSAGE][WARNING] - [SELF-HEALING] The current locator of test object 'Object Repository/Teacher and Grade/Page_im s Xem/td_100,00' was broken. Propose an alternative one: '(.//*[normalize-space(text()) and normalize-space(.)='s2@example.com'])[1]/following::td[1]'.

2022-01-17 15:41:07 - [MESSAGE][PASSED] - Actual text and expected text of test object 'Object Repository/Teacher and Grade/Page_im s Xem/td_100,00' are matched.

2022-01-17 15:41:07 - [TEST_STEP][PASSED] - closeBrowser(): Browser is closed

2022-01-17 15:41:07 - [MESSAGE][PASSED] - Browser is closed]]></system-out>
         <system-err><![CDATA[]]></system-err>
      </testcase>
      <testcase name="Test Cases/Teacher and Grade/Grade in grade report site" time="147.679" classname="Test Cases/Teacher and Grade/Grade in grade report site" status="PASSED">
         <system-out><![CDATA[2022-01-17 15:41:07 - [TEST_CASE][PASSED] - Test Cases/Teacher and Grade/Grade in grade report site: Test Cases/Teacher and Grade/Grade in grade report site

2022-01-17 15:41:07 - [TEST_STEP][PASSED] - openBrowser(""): Browser is opened with url: ''

2022-01-17 15:41:07 - [MESSAGE][INFO] - Starting 'Chrome' driver

2022-01-17 15:41:07 - [MESSAGE][INFO] - Action delay is set to 0 milliseconds

2022-01-17 15:41:09 - [MESSAGE][PASSED] - Browser is opened with url: ''

2022-01-17 15:41:09 - [TEST_STEP][PASSED] - navigateToUrl("http://localhost/"): Navigate to 'http://localhost/' successfully

2022-01-17 15:41:09 - [MESSAGE][PASSED] - Navigate to 'http://localhost/' successfully

2022-01-17 15:41:09 - [TEST_STEP][PASSED] - click(findTestObject("Object Repository/Teacher and Grade/Page_Local Moodle/a_Log in")): Object: 'Object Repository/Teacher and Grade/Page_Local Moodle/a_Log in' is clicked on

2022-01-17 15:41:10 - [MESSAGE][PASSED] - Object: 'Object Repository/Teacher and Grade/Page_Local Moodle/a_Log in' is clicked on

2022-01-17 15:41:10 - [TEST_STEP][PASSED] - setText(findTestObject("Object Repository/Teacher and Grade/Page_Local Moodle Log in to the site/input_Username_username"), "lcbinh"): Text 'lcbinh' is set on object 'Object Repository/Teacher and Grade/Page_Local Moodle Log in to the site/input_Username_username'

2022-01-17 15:41:11 - [MESSAGE][PASSED] - Text 'lcbinh' is set on object 'Object Repository/Teacher and Grade/Page_Local Moodle Log in to the site/input_Username_username'

2022-01-17 15:41:11 - [TEST_STEP][PASSED] - setEncryptedText(findTestObject("Admin Site/Page_Local Moodle Log in to the site/input_Password_password"), "o5TCnEIIWq0Pz0TkrK1a2rpuWvRKVWz2"): Text ****** has been set on object 'Object Repository/Admin Site/Page_Local Moodle Log in to the site/input_Password_password'

2022-01-17 15:41:11 - [MESSAGE][PASSED] - Text ****** has been set on object 'Object Repository/Admin Site/Page_Local Moodle Log in to the site/input_Password_password'

2022-01-17 15:41:11 - [TEST_STEP][PASSED] - click(findTestObject("Object Repository/Teacher and Grade/Page_Local Moodle Log in to the site/button_Log in")): Object: 'Object Repository/Teacher and Grade/Page_Local Moodle Log in to the site/button_Log in' is clicked on

2022-01-17 15:41:12 - [MESSAGE][PASSED] - Object: 'Object Repository/Teacher and Grade/Page_Local Moodle Log in to the site/button_Log in' is clicked on

2022-01-17 15:41:12 - [TEST_STEP][PASSED] - click(findTestObject("Object Repository/Teacher and Grade/Page_Nh ca ti/span_View Grade")): Object: 'Object Repository/Teacher and Grade/Page_Nh ca ti/span_View Grade' is clicked on

2022-01-17 15:41:18 - [MESSAGE][INFO] - Unable to find the element located by 'By.xpath: '. Please recheck the objects properties to make sure the desired element is located. 

2022-01-17 15:41:18 - [MESSAGE][WARNING] - [SELF-HEALING] Failed to find element with id 'Object Repository/Teacher and Grade/Page_Nh ca ti/span_View Grade'. Try using Self-healing.

2022-01-17 15:41:19 - [MESSAGE][WARNING] - [SELF-HEALING] The current locator of test object 'Object Repository/Teacher and Grade/Page_Nh ca ti/span_View Grade' was broken. Propose an alternative one: '(.//*[normalize-space(text()) and normalize-space(.)='Các khoá học của tôi'])[1]/following::span[2]'.

2022-01-17 15:41:19 - [MESSAGE][PASSED] - Object: 'Object Repository/Teacher and Grade/Page_Nh ca ti/span_View Grade' is clicked on

2022-01-17 15:41:19 - [TEST_STEP][PASSED] - click(findTestObject("Object Repository/Teacher and Grade/Page_Kha Test View Grade/a_im s")): Object: 'Object Repository/Teacher and Grade/Page_Kha Test View Grade/a_im s' is clicked on

2022-01-17 15:41:20 - [MESSAGE][PASSED] - Object: 'Object Repository/Teacher and Grade/Page_Kha Test View Grade/a_im s' is clicked on

2022-01-17 15:41:20 - [TEST_STEP][PASSED] - click(findTestObject("Object Repository/Teacher and Grade/Page_im s Xem/i_Test ch  1_icon fa fa-pencil fa-fw")): Object: 'Object Repository/Teacher and Grade/Page_im s Xem/i_Test ch  1_icon fa fa-pencil fa-fw' is clicked on

2022-01-17 15:41:26 - [MESSAGE][INFO] - Unable to find the element located by 'By.xpath: //a[@id='action_link61dc593a2cdc428']/i'. Please recheck the objects properties to make sure the desired element is located. 

2022-01-17 15:41:26 - [MESSAGE][WARNING] - [SELF-HEALING] Failed to find element with id 'Object Repository/Teacher and Grade/Page_im s Xem/i_Test ch  1_icon fa fa-pencil fa-fw'. Try using Self-healing.

2022-01-17 15:41:26 - [MESSAGE][WARNING] - [SELF-HEALING] The current locator of test object 'Object Repository/Teacher and Grade/Page_im s Xem/i_Test ch  1_icon fa fa-pencil fa-fw' was broken. Propose an alternative one: '//th[4]/a[3]/i'.

2022-01-17 15:41:27 - [MESSAGE][PASSED] - Object: 'Object Repository/Teacher and Grade/Page_im s Xem/i_Test ch  1_icon fa fa-pencil fa-fw' is clicked on

2022-01-17 15:41:27 - [TEST_STEP][PASSED] - check(findTestObject("Object Repository/Teacher and Grade/Page_im s Xem/input_Override for Student Replace_override_3_28")): Object 'Object Repository/Teacher and Grade/Page_im s Xem/input_Override for Student Replace_override_3_28' is checked

2022-01-17 15:41:33 - [MESSAGE][INFO] - Unable to find the element located by 'By.xpath: //input[@id='override_3_28']'. Please recheck the objects properties to make sure the desired element is located. 

2022-01-17 15:41:33 - [MESSAGE][WARNING] - [SELF-HEALING] Failed to find element with id 'Object Repository/Teacher and Grade/Page_im s Xem/input_Override for Student Replace_override_3_28'. Try using Self-healing.

2022-01-17 15:41:33 - [MESSAGE][WARNING] - [SELF-HEALING] The current locator of test object 'Object Repository/Teacher and Grade/Page_im s Xem/input_Override for Student Replace_override_3_28' was broken. Propose an alternative one: '//section[@id='region-main']/div/div[4]/form/table/tbody/tr/td[5]/input'.

2022-01-17 15:41:33 - [MESSAGE][PASSED] - Object 'Object Repository/Teacher and Grade/Page_im s Xem/input_Override for Student Replace_override_3_28' is checked

2022-01-17 15:41:33 - [TEST_STEP][PASSED] - setText(findTestObject("Object Repository/Teacher and Grade/Page_im s Xem/input_Grade for Student Replace_finalgrade_3_28"), "100"): Text '100' is set on object 'Object Repository/Teacher and Grade/Page_im s Xem/input_Grade for Student Replace_finalgrade_3_28'

2022-01-17 15:41:40 - [MESSAGE][INFO] - Unable to find the element located by 'By.xpath: //input[@id='finalgrade_3_28']'. Please recheck the objects properties to make sure the desired element is located. 

2022-01-17 15:41:40 - [MESSAGE][WARNING] - [SELF-HEALING] Failed to find element with id 'Object Repository/Teacher and Grade/Page_im s Xem/input_Grade for Student Replace_finalgrade_3_28'. Try using Self-healing.

2022-01-17 15:41:40 - [MESSAGE][WARNING] - [SELF-HEALING] The current locator of test object 'Object Repository/Teacher and Grade/Page_im s Xem/input_Grade for Student Replace_finalgrade_3_28' was broken. Propose an alternative one: '//td[3]/input'.

2022-01-17 15:41:46 - [MESSAGE][INFO] - Unable to find the element located by 'By.xpath: //input[@id='finalgrade_3_28']'. Please recheck the objects properties to make sure the desired element is located. 

2022-01-17 15:41:46 - [MESSAGE][WARNING] - [SELF-HEALING] Failed to find element with id 'Object Repository/Teacher and Grade/Page_im s Xem/input_Grade for Student Replace_finalgrade_3_28'. Try using Self-healing.

2022-01-17 15:41:47 - [MESSAGE][WARNING] - [SELF-HEALING] The current locator of test object 'Object Repository/Teacher and Grade/Page_im s Xem/input_Grade for Student Replace_finalgrade_3_28' was broken. Propose an alternative one: '//td[3]/input'.

2022-01-17 15:41:47 - [MESSAGE][PASSED] - Text '100' is set on object 'Object Repository/Teacher and Grade/Page_im s Xem/input_Grade for Student Replace_finalgrade_3_28'

2022-01-17 15:41:47 - [TEST_STEP][PASSED] - check(findTestObject("Object Repository/Teacher and Grade/Page_im s Xem/input_Override for Student Three_override_3_30")): Object 'Object Repository/Teacher and Grade/Page_im s Xem/input_Override for Student Three_override_3_30' is checked

2022-01-17 15:41:53 - [MESSAGE][INFO] - Unable to find the element located by 'By.xpath: //input[@id='override_3_30']'. Please recheck the objects properties to make sure the desired element is located. 

2022-01-17 15:41:53 - [MESSAGE][WARNING] - [SELF-HEALING] Failed to find element with id 'Object Repository/Teacher and Grade/Page_im s Xem/input_Override for Student Three_override_3_30'. Try using Self-healing.

2022-01-17 15:41:53 - [MESSAGE][WARNING] - [SELF-HEALING] The current locator of test object 'Object Repository/Teacher and Grade/Page_im s Xem/input_Override for Student Three_override_3_30' was broken. Propose an alternative one: '//tr[2]/td[5]/input'.

2022-01-17 15:41:53 - [MESSAGE][PASSED] - Object 'Object Repository/Teacher and Grade/Page_im s Xem/input_Override for Student Three_override_3_30' is checked

2022-01-17 15:41:53 - [TEST_STEP][PASSED] - setText(findTestObject("Object Repository/Teacher and Grade/Page_im s Xem/input_Grade for Student Three_finalgrade_3_30"), "60"): Text '60' is set on object 'Object Repository/Teacher and Grade/Page_im s Xem/input_Grade for Student Three_finalgrade_3_30'

2022-01-17 15:41:59 - [MESSAGE][INFO] - Unable to find the element located by 'By.xpath: //input[@id='finalgrade_3_30']'. Please recheck the objects properties to make sure the desired element is located. 

2022-01-17 15:41:59 - [MESSAGE][WARNING] - [SELF-HEALING] Failed to find element with id 'Object Repository/Teacher and Grade/Page_im s Xem/input_Grade for Student Three_finalgrade_3_30'. Try using Self-healing.

2022-01-17 15:42:00 - [MESSAGE][WARNING] - [SELF-HEALING] The current locator of test object 'Object Repository/Teacher and Grade/Page_im s Xem/input_Grade for Student Three_finalgrade_3_30' was broken. Propose an alternative one: '//tr[2]/td[3]/input'.

2022-01-17 15:42:06 - [MESSAGE][INFO] - Unable to find the element located by 'By.xpath: //input[@id='finalgrade_3_30']'. Please recheck the objects properties to make sure the desired element is located. 

2022-01-17 15:42:06 - [MESSAGE][WARNING] - [SELF-HEALING] Failed to find element with id 'Object Repository/Teacher and Grade/Page_im s Xem/input_Grade for Student Three_finalgrade_3_30'. Try using Self-healing.

2022-01-17 15:42:06 - [MESSAGE][WARNING] - [SELF-HEALING] The current locator of test object 'Object Repository/Teacher and Grade/Page_im s Xem/input_Grade for Student Three_finalgrade_3_30' was broken. Propose an alternative one: '//tr[2]/td[3]/input'.

2022-01-17 15:42:06 - [MESSAGE][PASSED] - Text '60' is set on object 'Object Repository/Teacher and Grade/Page_im s Xem/input_Grade for Student Three_finalgrade_3_30'

2022-01-17 15:42:06 - [TEST_STEP][PASSED] - check(findTestObject("Object Repository/Teacher and Grade/Page_im s Xem/input_Override for Student Two_override_3_29")): Object 'Object Repository/Teacher and Grade/Page_im s Xem/input_Override for Student Two_override_3_29' is checked

2022-01-17 15:42:12 - [MESSAGE][INFO] - Unable to find the element located by 'By.xpath: //input[@id='override_3_29']'. Please recheck the objects properties to make sure the desired element is located. 

2022-01-17 15:42:12 - [MESSAGE][WARNING] - [SELF-HEALING] Failed to find element with id 'Object Repository/Teacher and Grade/Page_im s Xem/input_Override for Student Two_override_3_29'. Try using Self-healing.

2022-01-17 15:42:12 - [MESSAGE][WARNING] - [SELF-HEALING] The current locator of test object 'Object Repository/Teacher and Grade/Page_im s Xem/input_Override for Student Two_override_3_29' was broken. Propose an alternative one: '//tr[3]/td[5]/input'.

2022-01-17 15:42:13 - [MESSAGE][PASSED] - Object 'Object Repository/Teacher and Grade/Page_im s Xem/input_Override for Student Two_override_3_29' is checked

2022-01-17 15:42:13 - [TEST_STEP][PASSED] - setText(findTestObject("Object Repository/Teacher and Grade/Page_im s Xem/input_Grade for Student Two_finalgrade_3_29"), "25"): Text '25' is set on object 'Object Repository/Teacher and Grade/Page_im s Xem/input_Grade for Student Two_finalgrade_3_29'

2022-01-17 15:42:19 - [MESSAGE][INFO] - Unable to find the element located by 'By.xpath: //input[@id='finalgrade_3_29']'. Please recheck the objects properties to make sure the desired element is located. 

2022-01-17 15:42:19 - [MESSAGE][WARNING] - [SELF-HEALING] Failed to find element with id 'Object Repository/Teacher and Grade/Page_im s Xem/input_Grade for Student Two_finalgrade_3_29'. Try using Self-healing.

2022-01-17 15:42:19 - [MESSAGE][WARNING] - [SELF-HEALING] The current locator of test object 'Object Repository/Teacher and Grade/Page_im s Xem/input_Grade for Student Two_finalgrade_3_29' was broken. Propose an alternative one: '//tr[3]/td[3]/input'.

2022-01-17 15:42:25 - [MESSAGE][INFO] - Unable to find the element located by 'By.xpath: //input[@id='finalgrade_3_29']'. Please recheck the objects properties to make sure the desired element is located. 

2022-01-17 15:42:25 - [MESSAGE][WARNING] - [SELF-HEALING] Failed to find element with id 'Object Repository/Teacher and Grade/Page_im s Xem/input_Grade for Student Two_finalgrade_3_29'. Try using Self-healing.

2022-01-17 15:42:26 - [MESSAGE][WARNING] - [SELF-HEALING] The current locator of test object 'Object Repository/Teacher and Grade/Page_im s Xem/input_Grade for Student Two_finalgrade_3_29' was broken. Propose an alternative one: '//tr[3]/td[3]/input'.

2022-01-17 15:42:26 - [MESSAGE][PASSED] - Text '25' is set on object 'Object Repository/Teacher and Grade/Page_im s Xem/input_Grade for Student Two_finalgrade_3_29'

2022-01-17 15:42:26 - [TEST_STEP][PASSED] - click(findTestObject("Object Repository/Teacher and Grade/Page_im s Xem/input_Insert value_btn btn-secondary")): Object: 'Object Repository/Teacher and Grade/Page_im s Xem/input_Insert value_btn btn-secondary' is clicked on

2022-01-17 15:42:26 - [MESSAGE][PASSED] - Object: 'Object Repository/Teacher and Grade/Page_im s Xem/input_Insert value_btn btn-secondary' is clicked on

2022-01-17 15:42:26 - [TEST_STEP][PASSED] - click(findTestObject("Object Repository/Teacher and Grade/Page_Saving grades/button_Tip tc")): Object: 'Object Repository/Teacher and Grade/Page_Saving grades/button_Tip tc' is clicked on

2022-01-17 15:42:33 - [MESSAGE][INFO] - Unable to find the element located by 'By.xpath: //button[@id='single_button61dc5970393933']'. Please recheck the objects properties to make sure the desired element is located. 

2022-01-17 15:42:33 - [MESSAGE][WARNING] - [SELF-HEALING] Failed to find element with id 'Object Repository/Teacher and Grade/Page_Saving grades/button_Tip tc'. Try using Self-healing.

2022-01-17 15:42:33 - [MESSAGE][WARNING] - [SELF-HEALING] The current locator of test object 'Object Repository/Teacher and Grade/Page_Saving grades/button_Tip tc' was broken. Propose an alternative one: '//div[@id='page']/section/div/div[3]/form/button'.

2022-01-17 15:42:33 - [MESSAGE][PASSED] - Object: 'Object Repository/Teacher and Grade/Page_Saving grades/button_Tip tc' is clicked on

2022-01-17 15:42:33 - [TEST_STEP][PASSED] - click(findTestObject("Object Repository/Teacher and Grade/Page_im s Xem/a_Grader report")): Object: 'Object Repository/Teacher and Grade/Page_im s Xem/a_Grader report' is clicked on

2022-01-17 15:42:34 - [MESSAGE][PASSED] - Object: 'Object Repository/Teacher and Grade/Page_im s Xem/a_Grader report' is clicked on

2022-01-17 15:42:34 - [TEST_STEP][PASSED] - verifyElementText(findTestObject("Object Repository/Teacher and Grade/Page_im s Xem/span_100,00"), "100,00"): Actual text and expected text of test object 'Object Repository/Teacher and Grade/Page_im s Xem/span_100,00' are matched.

2022-01-17 15:42:40 - [MESSAGE][INFO] - Unable to find the element located by 'By.xpath: //td[@id='u28i3']/span'. Please recheck the objects properties to make sure the desired element is located. 

2022-01-17 15:42:40 - [MESSAGE][WARNING] - [SELF-HEALING] Failed to find element with id 'Object Repository/Teacher and Grade/Page_im s Xem/span_100,00'. Try using Self-healing.

2022-01-17 15:42:40 - [MESSAGE][WARNING] - [SELF-HEALING] The current locator of test object 'Object Repository/Teacher and Grade/Page_im s Xem/span_100,00' was broken. Propose an alternative one: '(.//*[normalize-space(text()) and normalize-space(.)='s1@example.com'])[1]/following::span[2]'.

2022-01-17 15:42:40 - [MESSAGE][PASSED] - Actual text and expected text of test object 'Object Repository/Teacher and Grade/Page_im s Xem/span_100,00' are matched.

2022-01-17 15:42:40 - [TEST_STEP][PASSED] - verifyElementText(findTestObject("Object Repository/Teacher and Grade/Page_im s Xem/span_60,00"), "60,00"): Actual text and expected text of test object 'Object Repository/Teacher and Grade/Page_im s Xem/span_60,00' are matched.

2022-01-17 15:42:47 - [MESSAGE][INFO] - Unable to find the element located by 'By.xpath: //td[@id='u30i3']/span'. Please recheck the objects properties to make sure the desired element is located. 

2022-01-17 15:42:47 - [MESSAGE][WARNING] - [SELF-HEALING] Failed to find element with id 'Object Repository/Teacher and Grade/Page_im s Xem/span_60,00'. Try using Self-healing.

2022-01-17 15:42:47 - [MESSAGE][WARNING] - [SELF-HEALING] The current locator of test object 'Object Repository/Teacher and Grade/Page_im s Xem/span_60,00' was broken. Propose an alternative one: '(.//*[normalize-space(text()) and normalize-space(.)='s3@example.com'])[1]/following::span[2]'.

2022-01-17 15:42:47 - [MESSAGE][PASSED] - Actual text and expected text of test object 'Object Repository/Teacher and Grade/Page_im s Xem/span_60,00' are matched.

2022-01-17 15:42:47 - [TEST_STEP][PASSED] - verifyElementText(findTestObject("Object Repository/Teacher and Grade/Page_im s Xem/span_25,00"), "25,00"): Actual text and expected text of test object 'Object Repository/Teacher and Grade/Page_im s Xem/span_25,00' are matched.

2022-01-17 15:42:53 - [MESSAGE][INFO] - Unable to find the element located by 'By.xpath: //td[@id='u29i3']/span'. Please recheck the objects properties to make sure the desired element is located. 

2022-01-17 15:42:53 - [MESSAGE][WARNING] - [SELF-HEALING] Failed to find element with id 'Object Repository/Teacher and Grade/Page_im s Xem/span_25,00'. Try using Self-healing.

2022-01-17 15:42:53 - [MESSAGE][WARNING] - [SELF-HEALING] The current locator of test object 'Object Repository/Teacher and Grade/Page_im s Xem/span_25,00' was broken. Propose an alternative one: '(.//*[normalize-space(text()) and normalize-space(.)='s2@example.com'])[1]/following::span[2]'.

2022-01-17 15:42:53 - [MESSAGE][PASSED] - Actual text and expected text of test object 'Object Repository/Teacher and Grade/Page_im s Xem/span_25,00' are matched.

2022-01-17 15:42:53 - [TEST_STEP][PASSED] - click(findTestObject("Object Repository/Teacher and Grade/Page_im s Xem/span_Ch  1")): Object: 'Object Repository/Teacher and Grade/Page_im s Xem/span_Ch  1' is clicked on

2022-01-17 15:42:54 - [MESSAGE][PASSED] - Object: 'Object Repository/Teacher and Grade/Page_im s Xem/span_Ch  1' is clicked on

2022-01-17 15:42:54 - [TEST_STEP][PASSED] - click(findTestObject("Object Repository/Teacher and Grade/Page_Kha Test View Grade/span_Test ch  1 Bi tp")): Object: 'Object Repository/Teacher and Grade/Page_Kha Test View Grade/span_Test ch  1 Bi tp' is clicked on

2022-01-17 15:43:00 - [MESSAGE][INFO] - Unable to find the element located by 'By.xpath: //li[@id='module-3']/div/div/div[2]/div/a/span'. Please recheck the objects properties to make sure the desired element is located. 

2022-01-17 15:43:00 - [MESSAGE][WARNING] - [SELF-HEALING] Failed to find element with id 'Object Repository/Teacher and Grade/Page_Kha Test View Grade/span_Test ch  1 Bi tp'. Try using Self-healing.

2022-01-17 15:43:00 - [MESSAGE][WARNING] - [SELF-HEALING] The current locator of test object 'Object Repository/Teacher and Grade/Page_Kha Test View Grade/span_Test ch  1 Bi tp' was broken. Propose an alternative one: '(.//*[normalize-space(text()) and normalize-space(.)='Chủ đề 1'])[2]/following::span[1]'.

2022-01-17 15:43:01 - [MESSAGE][PASSED] - Object: 'Object Repository/Teacher and Grade/Page_Kha Test View Grade/span_Test ch  1 Bi tp' is clicked on

2022-01-17 15:43:01 - [TEST_STEP][PASSED] - click(findTestObject("Object Repository/Teacher and Grade/Page_View Grade Test ch  1/a_im")): Object: 'Object Repository/Teacher and Grade/Page_View Grade Test ch  1/a_im' is clicked on

2022-01-17 15:43:02 - [MESSAGE][PASSED] - Object: 'Object Repository/Teacher and Grade/Page_View Grade Test ch  1/a_im' is clicked on

2022-01-17 15:43:02 - [TEST_STEP][PASSED] - verifyElementText(findTestObject("Object Repository/Teacher and Grade/Page_View Grade Test ch  1 - ang chm/a_100,00"), "100,00"): Actual text and expected text of test object 'Object Repository/Teacher and Grade/Page_View Grade Test ch  1 - ang chm/a_100,00' are matched.

2022-01-17 15:43:08 - [MESSAGE][INFO] - Unable to find the element located by 'By.xpath: //a[@id='action_link61dc59c1ddee921']'. Please recheck the objects properties to make sure the desired element is located. 

2022-01-17 15:43:08 - [MESSAGE][WARNING] - [SELF-HEALING] Failed to find element with id 'Object Repository/Teacher and Grade/Page_View Grade Test ch  1 - ang chm/a_100,00'. Try using Self-healing.

2022-01-17 15:43:08 - [MESSAGE][WARNING] - [SELF-HEALING] The current locator of test object 'Object Repository/Teacher and Grade/Page_View Grade Test ch  1 - ang chm/a_100,00' was broken. Propose an alternative one: '//a[contains(text(),'100,00')]'.

2022-01-17 15:43:08 - [MESSAGE][PASSED] - Actual text and expected text of test object 'Object Repository/Teacher and Grade/Page_View Grade Test ch  1 - ang chm/a_100,00' are matched.

2022-01-17 15:43:08 - [TEST_STEP][PASSED] - click(findTestObject("Object Repository/Teacher and Grade/Page_View Grade Test ch  1 - ang chm/a_")): Object: 'Object Repository/Teacher and Grade/Page_View Grade Test ch  1 - ang chm/a_' is clicked on

2022-01-17 15:43:14 - [MESSAGE][INFO] - Unable to find the element located by 'By.xpath: //a[@id='yui_3_17_2_1_1641830816830_543']'. Please recheck the objects properties to make sure the desired element is located. 

2022-01-17 15:43:14 - [MESSAGE][WARNING] - [SELF-HEALING] Failed to find element with id 'Object Repository/Teacher and Grade/Page_View Grade Test ch  1 - ang chm/a_'. Try using Self-healing.

2022-01-17 15:43:15 - [MESSAGE][WARNING] - [SELF-HEALING] The current locator of test object 'Object Repository/Teacher and Grade/Page_View Grade Test ch  1 - ang chm/a_' was broken. Propose an alternative one: '//a[contains(text(),'►')]'.

2022-01-17 15:43:15 - [MESSAGE][PASSED] - Object: 'Object Repository/Teacher and Grade/Page_View Grade Test ch  1 - ang chm/a_' is clicked on

2022-01-17 15:43:15 - [TEST_STEP][PASSED] - verifyElementText(findTestObject("Object Repository/Teacher and Grade/Page_View Grade Test ch  1 - ang chm/a_25,00"), "25,00"): Actual text and expected text of test object 'Object Repository/Teacher and Grade/Page_View Grade Test ch  1 - ang chm/a_25,00' are matched.

2022-01-17 15:43:21 - [MESSAGE][INFO] - Unable to find the element located by 'By.xpath: //a[@id='action_link61dc59cf9045721']'. Please recheck the objects properties to make sure the desired element is located. 

2022-01-17 15:43:21 - [MESSAGE][WARNING] - [SELF-HEALING] Failed to find element with id 'Object Repository/Teacher and Grade/Page_View Grade Test ch  1 - ang chm/a_25,00'. Try using Self-healing.

2022-01-17 15:43:21 - [MESSAGE][WARNING] - [SELF-HEALING] The current locator of test object 'Object Repository/Teacher and Grade/Page_View Grade Test ch  1 - ang chm/a_25,00' was broken. Propose an alternative one: '//a[contains(text(),'25,00')]'.

2022-01-17 15:43:21 - [MESSAGE][PASSED] - Actual text and expected text of test object 'Object Repository/Teacher and Grade/Page_View Grade Test ch  1 - ang chm/a_25,00' are matched.

2022-01-17 15:43:21 - [TEST_STEP][PASSED] - click(findTestObject("Object Repository/Teacher and Grade/Page_View Grade Test ch  1 - ang chm/a_")): Object: 'Object Repository/Teacher and Grade/Page_View Grade Test ch  1 - ang chm/a_' is clicked on

2022-01-17 15:43:27 - [MESSAGE][INFO] - Unable to find the element located by 'By.xpath: //a[@id='yui_3_17_2_1_1641830816830_543']'. Please recheck the objects properties to make sure the desired element is located. 

2022-01-17 15:43:27 - [MESSAGE][WARNING] - [SELF-HEALING] Failed to find element with id 'Object Repository/Teacher and Grade/Page_View Grade Test ch  1 - ang chm/a_'. Try using Self-healing.

2022-01-17 15:43:28 - [MESSAGE][WARNING] - [SELF-HEALING] The current locator of test object 'Object Repository/Teacher and Grade/Page_View Grade Test ch  1 - ang chm/a_' was broken. Propose an alternative one: '//a[contains(text(),'►')]'.

2022-01-17 15:43:28 - [MESSAGE][PASSED] - Object: 'Object Repository/Teacher and Grade/Page_View Grade Test ch  1 - ang chm/a_' is clicked on

2022-01-17 15:43:28 - [TEST_STEP][PASSED] - verifyElementText(findTestObject("Object Repository/Teacher and Grade/Page_View Grade Test ch  1 - ang chm/a_60,00"), "60,00"): Actual text and expected text of test object 'Object Repository/Teacher and Grade/Page_View Grade Test ch  1 - ang chm/a_60,00' are matched.

2022-01-17 15:43:34 - [MESSAGE][INFO] - Unable to find the element located by 'By.xpath: //a[@id='action_link61dc59d7f39f820']'. Please recheck the objects properties to make sure the desired element is located. 

2022-01-17 15:43:34 - [MESSAGE][WARNING] - [SELF-HEALING] Failed to find element with id 'Object Repository/Teacher and Grade/Page_View Grade Test ch  1 - ang chm/a_60,00'. Try using Self-healing.

2022-01-17 15:43:34 - [MESSAGE][WARNING] - [SELF-HEALING] The current locator of test object 'Object Repository/Teacher and Grade/Page_View Grade Test ch  1 - ang chm/a_60,00' was broken. Propose an alternative one: '//a[contains(text(),'60,00')]'.

2022-01-17 15:43:34 - [MESSAGE][PASSED] - Actual text and expected text of test object 'Object Repository/Teacher and Grade/Page_View Grade Test ch  1 - ang chm/a_60,00' are matched.

2022-01-17 15:43:34 - [TEST_STEP][PASSED] - closeBrowser(): Browser is closed

2022-01-17 15:43:35 - [MESSAGE][PASSED] - Browser is closed]]></system-out>
         <system-err><![CDATA[]]></system-err>
      </testcase>
      <testcase name="Test Cases/Teacher and Grade/Other Teacher View Grade" time="85.244" classname="Test Cases/Teacher and Grade/Other Teacher View Grade" status="PASSED">
         <system-out><![CDATA[2022-01-17 15:43:35 - [TEST_CASE][PASSED] - Test Cases/Teacher and Grade/Other Teacher View Grade: Test Cases/Teacher and Grade/Other Teacher View Grade

2022-01-17 15:43:35 - [TEST_STEP][PASSED] - openBrowser(""): Browser is opened with url: ''

2022-01-17 15:43:35 - [MESSAGE][INFO] - Starting 'Chrome' driver

2022-01-17 15:43:35 - [MESSAGE][INFO] - Action delay is set to 0 milliseconds

2022-01-17 15:43:36 - [MESSAGE][PASSED] - Browser is opened with url: ''

2022-01-17 15:43:36 - [TEST_STEP][PASSED] - navigateToUrl("http://localhost/"): Navigate to 'http://localhost/' successfully

2022-01-17 15:43:37 - [MESSAGE][PASSED] - Navigate to 'http://localhost/' successfully

2022-01-17 15:43:37 - [TEST_STEP][PASSED] - click(findTestObject("Object Repository/Teacher and Grade/Page_Local Moodle/a_Log in")): Object: 'Object Repository/Teacher and Grade/Page_Local Moodle/a_Log in' is clicked on

2022-01-17 15:43:37 - [MESSAGE][PASSED] - Object: 'Object Repository/Teacher and Grade/Page_Local Moodle/a_Log in' is clicked on

2022-01-17 15:43:37 - [TEST_STEP][PASSED] - setText(findTestObject("Object Repository/Teacher and Grade/Page_Local Moodle Log in to the site/input_Username_username"), "lcbinh"): Text 'lcbinh' is set on object 'Object Repository/Teacher and Grade/Page_Local Moodle Log in to the site/input_Username_username'

2022-01-17 15:43:38 - [MESSAGE][PASSED] - Text 'lcbinh' is set on object 'Object Repository/Teacher and Grade/Page_Local Moodle Log in to the site/input_Username_username'

2022-01-17 15:43:38 - [TEST_STEP][PASSED] - setEncryptedText(findTestObject("Admin Site/Page_Local Moodle Log in to the site/input_Password_password"), "o5TCnEIIWq0Pz0TkrK1a2rpuWvRKVWz2"): Text ****** has been set on object 'Object Repository/Admin Site/Page_Local Moodle Log in to the site/input_Password_password'

2022-01-17 15:43:39 - [MESSAGE][PASSED] - Text ****** has been set on object 'Object Repository/Admin Site/Page_Local Moodle Log in to the site/input_Password_password'

2022-01-17 15:43:39 - [TEST_STEP][PASSED] - click(findTestObject("Object Repository/Teacher and Grade/Page_Local Moodle Log in to the site/button_Log in")): Object: 'Object Repository/Teacher and Grade/Page_Local Moodle Log in to the site/button_Log in' is clicked on

2022-01-17 15:43:40 - [MESSAGE][PASSED] - Object: 'Object Repository/Teacher and Grade/Page_Local Moodle Log in to the site/button_Log in' is clicked on

2022-01-17 15:43:40 - [TEST_STEP][PASSED] - click(findTestObject("Teacher and Grade/Page_Nh ca ti/span_Test View Grade")): Object: 'Object Repository/Teacher and Grade/Page_Nh ca ti/span_Test View Grade' is clicked on

2022-01-17 15:43:41 - [MESSAGE][PASSED] - Object: 'Object Repository/Teacher and Grade/Page_Nh ca ti/span_Test View Grade' is clicked on

2022-01-17 15:43:41 - [TEST_STEP][PASSED] - click(findTestObject("Object Repository/Teacher and Grade/Page_Kha Test View Grade/span_Test ch  2 Bi tp")): Object: 'Object Repository/Teacher and Grade/Page_Kha Test View Grade/span_Test ch  2 Bi tp' is clicked on

2022-01-17 15:43:47 - [MESSAGE][INFO] - Unable to find the element located by 'By.xpath: //li[@id='module-4']/div/div/div[2]/div/a/span'. Please recheck the objects properties to make sure the desired element is located. 

2022-01-17 15:43:47 - [MESSAGE][WARNING] - [SELF-HEALING] Failed to find element with id 'Object Repository/Teacher and Grade/Page_Kha Test View Grade/span_Test ch  2 Bi tp'. Try using Self-healing.

2022-01-17 15:43:47 - [MESSAGE][WARNING] - [SELF-HEALING] The current locator of test object 'Object Repository/Teacher and Grade/Page_Kha Test View Grade/span_Test ch  2 Bi tp' was broken. Propose an alternative one: '(.//*[normalize-space(text()) and normalize-space(.)='Chủ đề 2'])[2]/following::span[1]'.

2022-01-17 15:43:48 - [MESSAGE][PASSED] - Object: 'Object Repository/Teacher and Grade/Page_Kha Test View Grade/span_Test ch  2 Bi tp' is clicked on

2022-01-17 15:43:48 - [TEST_STEP][PASSED] - click(findTestObject("Object Repository/Teacher and Grade/Page_View Grade Test ch  2/a_im")): Object: 'Object Repository/Teacher and Grade/Page_View Grade Test ch  2/a_im' is clicked on

2022-01-17 15:43:49 - [MESSAGE][PASSED] - Object: 'Object Repository/Teacher and Grade/Page_View Grade Test ch  2/a_im' is clicked on

2022-01-17 15:43:49 - [TEST_STEP][PASSED] - setText(findTestObject("Object Repository/Teacher and Grade/Page_View Grade Test ch  2 - ang chm/input_Grade out of 100_grade"), "11"): Text '11' is set on object 'Object Repository/Teacher and Grade/Page_View Grade Test ch  2 - ang chm/input_Grade out of 100_grade'

2022-01-17 15:43:51 - [MESSAGE][PASSED] - Text '11' is set on object 'Object Repository/Teacher and Grade/Page_View Grade Test ch  2 - ang chm/input_Grade out of 100_grade'

2022-01-17 15:43:51 - [TEST_STEP][PASSED] - click(findTestObject("Object Repository/Teacher and Grade/Page_View Grade Test ch  2 - ang chm/button_Lu v xem trang tip theo")): Object: 'Object Repository/Teacher and Grade/Page_View Grade Test ch  2 - ang chm/button_Lu v xem trang tip theo' is clicked on

2022-01-17 15:43:58 - [MESSAGE][INFO] - Unable to find the element located by 'By.xpath: //button[@id='yui_3_17_2_1_1641831592528_557']'. Please recheck the objects properties to make sure the desired element is located. 

2022-01-17 15:43:58 - [MESSAGE][WARNING] - [SELF-HEALING] Failed to find element with id 'Object Repository/Teacher and Grade/Page_View Grade Test ch  2 - ang chm/button_Lu v xem trang tip theo'. Try using Self-healing.

2022-01-17 15:43:58 - [MESSAGE][WARNING] - [SELF-HEALING] The current locator of test object 'Object Repository/Teacher and Grade/Page_View Grade Test ch  2 - ang chm/button_Lu v xem trang tip theo' was broken. Propose an alternative one: '(.//*[normalize-space(text()) and normalize-space(.)='Lưu những thay đổi'])[1]/following::button[1]'.

2022-01-17 15:43:58 - [MESSAGE][PASSED] - Object: 'Object Repository/Teacher and Grade/Page_View Grade Test ch  2 - ang chm/button_Lu v xem trang tip theo' is clicked on

2022-01-17 15:43:58 - [TEST_STEP][PASSED] - setText(findTestObject("Teacher and Grade/Page_View Grade Test ch  2 - ang chm/input_Grade out of 100_grade"), "56"): Text '56' is set on object 'Object Repository/Teacher and Grade/Page_View Grade Test ch  2 - ang chm/input_Grade out of 100_grade'

2022-01-17 15:44:00 - [MESSAGE][PASSED] - Text '56' is set on object 'Object Repository/Teacher and Grade/Page_View Grade Test ch  2 - ang chm/input_Grade out of 100_grade'

2022-01-17 15:44:00 - [TEST_STEP][PASSED] - click(findTestObject("Object Repository/Teacher and Grade/Page_View Grade Test ch  2 - ang chm/button_Lu v xem trang tip theo")): Object: 'Object Repository/Teacher and Grade/Page_View Grade Test ch  2 - ang chm/button_Lu v xem trang tip theo' is clicked on

2022-01-17 15:44:07 - [MESSAGE][INFO] - Unable to find the element located by 'By.xpath: //button[@id='yui_3_17_2_1_1641831592528_557']'. Please recheck the objects properties to make sure the desired element is located. 

2022-01-17 15:44:07 - [MESSAGE][WARNING] - [SELF-HEALING] Failed to find element with id 'Object Repository/Teacher and Grade/Page_View Grade Test ch  2 - ang chm/button_Lu v xem trang tip theo'. Try using Self-healing.

2022-01-17 15:44:07 - [MESSAGE][WARNING] - [SELF-HEALING] The current locator of test object 'Object Repository/Teacher and Grade/Page_View Grade Test ch  2 - ang chm/button_Lu v xem trang tip theo' was broken. Propose an alternative one: '(.//*[normalize-space(text()) and normalize-space(.)='Lưu những thay đổi'])[1]/following::button[1]'.

2022-01-17 15:44:07 - [MESSAGE][PASSED] - Object: 'Object Repository/Teacher and Grade/Page_View Grade Test ch  2 - ang chm/button_Lu v xem trang tip theo' is clicked on

2022-01-17 15:44:07 - [TEST_STEP][PASSED] - setText(findTestObject("Object Repository/Teacher and Grade/Page_View Grade Test ch  2 - ang chm/input_Grade out of 100_grade"), "89"): Text '89' is set on object 'Object Repository/Teacher and Grade/Page_View Grade Test ch  2 - ang chm/input_Grade out of 100_grade'

2022-01-17 15:44:09 - [MESSAGE][PASSED] - Text '89' is set on object 'Object Repository/Teacher and Grade/Page_View Grade Test ch  2 - ang chm/input_Grade out of 100_grade'

2022-01-17 15:44:09 - [TEST_STEP][PASSED] - click(findTestObject("Object Repository/Teacher and Grade/Page_View Grade Test ch  2 - ang chm/button_Lu v xem trang tip theo")): Object: 'Object Repository/Teacher and Grade/Page_View Grade Test ch  2 - ang chm/button_Lu v xem trang tip theo' is clicked on

2022-01-17 15:44:15 - [MESSAGE][INFO] - Unable to find the element located by 'By.xpath: //button[@id='yui_3_17_2_1_1641831592528_557']'. Please recheck the objects properties to make sure the desired element is located. 

2022-01-17 15:44:15 - [MESSAGE][WARNING] - [SELF-HEALING] Failed to find element with id 'Object Repository/Teacher and Grade/Page_View Grade Test ch  2 - ang chm/button_Lu v xem trang tip theo'. Try using Self-healing.

2022-01-17 15:44:16 - [MESSAGE][WARNING] - [SELF-HEALING] The current locator of test object 'Object Repository/Teacher and Grade/Page_View Grade Test ch  2 - ang chm/button_Lu v xem trang tip theo' was broken. Propose an alternative one: '(.//*[normalize-space(text()) and normalize-space(.)='Lưu những thay đổi'])[1]/following::button[1]'.

2022-01-17 15:44:16 - [MESSAGE][PASSED] - Object: 'Object Repository/Teacher and Grade/Page_View Grade Test ch  2 - ang chm/button_Lu v xem trang tip theo' is clicked on

2022-01-17 15:44:16 - [TEST_STEP][PASSED] - delay(5): Delayed 5 second(s)

2022-01-17 15:44:21 - [MESSAGE][PASSED] - Delayed 5 second(s)

2022-01-17 15:44:21 - [TEST_STEP][PASSED] - click(findTestObject("Object Repository/Teacher and Grade/Page_View Grade Test ch  2 - ang chm/a_Kho hc Test View Grade")): Object: 'Object Repository/Teacher and Grade/Page_View Grade Test ch  2 - ang chm/a_Kho hc Test View Grade' is clicked on

2022-01-17 15:44:27 - [MESSAGE][INFO] - Unable to find the element located by 'By.xpath: //a[@id='yui_3_17_2_1_1641831592528_2762']'. Please recheck the objects properties to make sure the desired element is located. 

2022-01-17 15:44:27 - [MESSAGE][WARNING] - [SELF-HEALING] Failed to find element with id 'Object Repository/Teacher and Grade/Page_View Grade Test ch  2 - ang chm/a_Kho hc Test View Grade'. Try using Self-healing.

2022-01-17 15:44:27 - [MESSAGE][WARNING] - [SELF-HEALING] The current locator of test object 'Object Repository/Teacher and Grade/Page_View Grade Test ch  2 - ang chm/a_Kho hc Test View Grade' was broken. Propose an alternative one: '//a[contains(text(),'Khoá học: Test View Grade')]'.

2022-01-17 15:44:28 - [MESSAGE][PASSED] - Object: 'Object Repository/Teacher and Grade/Page_View Grade Test ch  2 - ang chm/a_Kho hc Test View Grade' is clicked on

2022-01-17 15:44:28 - [TEST_STEP][PASSED] - click(findTestObject("Object Repository/Teacher and Grade/Page_Kha Test View Grade/a_Cng Bnh L")): Object: 'Object Repository/Teacher and Grade/Page_Kha Test View Grade/a_Cng Bnh L' is clicked on

2022-01-17 15:44:28 - [MESSAGE][PASSED] - Object: 'Object Repository/Teacher and Grade/Page_Kha Test View Grade/a_Cng Bnh L' is clicked on

2022-01-17 15:44:28 - [TEST_STEP][PASSED] - click(findTestObject("Object Repository/Teacher and Grade/Page_Kha Test View Grade/span_Thot")): Object: 'Object Repository/Teacher and Grade/Page_Kha Test View Grade/span_Thot' is clicked on

2022-01-17 15:44:29 - [MESSAGE][PASSED] - Object: 'Object Repository/Teacher and Grade/Page_Kha Test View Grade/span_Thot' is clicked on

2022-01-17 15:44:29 - [TEST_STEP][PASSED] - click(findTestObject("Object Repository/Teacher and Grade/Page_Local Moodle/a_Log in")): Object: 'Object Repository/Teacher and Grade/Page_Local Moodle/a_Log in' is clicked on

2022-01-17 15:44:30 - [MESSAGE][PASSED] - Object: 'Object Repository/Teacher and Grade/Page_Local Moodle/a_Log in' is clicked on

2022-01-17 15:44:30 - [TEST_STEP][PASSED] - setText(findTestObject("Object Repository/Teacher and Grade/Page_Local Moodle Log in to the site/input_Username_username"), "ndtthanh"): Text 'ndtthanh' is set on object 'Object Repository/Teacher and Grade/Page_Local Moodle Log in to the site/input_Username_username'

2022-01-17 15:44:31 - [MESSAGE][PASSED] - Text 'ndtthanh' is set on object 'Object Repository/Teacher and Grade/Page_Local Moodle Log in to the site/input_Username_username'

2022-01-17 15:44:31 - [TEST_STEP][PASSED] - setEncryptedText(findTestObject("Admin Site/Page_Local Moodle Log in to the site/input_Password_password"), "o5TCnEIIWq0Pz0TkrK1a2rpuWvRKVWz2"): Text ****** has been set on object 'Object Repository/Admin Site/Page_Local Moodle Log in to the site/input_Password_password'

2022-01-17 15:44:31 - [MESSAGE][PASSED] - Text ****** has been set on object 'Object Repository/Admin Site/Page_Local Moodle Log in to the site/input_Password_password'

2022-01-17 15:44:31 - [TEST_STEP][PASSED] - click(findTestObject("Object Repository/Teacher and Grade/Page_Local Moodle Log in to the site/button_Log in")): Object: 'Object Repository/Teacher and Grade/Page_Local Moodle Log in to the site/button_Log in' is clicked on

2022-01-17 15:44:32 - [MESSAGE][PASSED] - Object: 'Object Repository/Teacher and Grade/Page_Local Moodle Log in to the site/button_Log in' is clicked on

2022-01-17 15:44:32 - [TEST_STEP][PASSED] - click(findTestObject("Teacher and Grade/Page_Nh ca ti/span_Test View Grade")): Object: 'Object Repository/Teacher and Grade/Page_Nh ca ti/span_Test View Grade' is clicked on

2022-01-17 15:44:38 - [MESSAGE][INFO] - Unable to find the element located by 'By.xpath: //div[@id='course-info-container-6-8']/div/div/a/span[3]'. Please recheck the objects properties to make sure the desired element is located. 

2022-01-17 15:44:38 - [MESSAGE][WARNING] - [SELF-HEALING] Failed to find element with id 'Object Repository/Teacher and Grade/Page_Nh ca ti/span_Test View Grade'. Try using Self-healing.

2022-01-17 15:44:38 - [MESSAGE][WARNING] - [SELF-HEALING] The current locator of test object 'Object Repository/Teacher and Grade/Page_Nh ca ti/span_Test View Grade' was broken. Propose an alternative one: '(.//*[normalize-space(text()) and normalize-space(.)='Tên khóa học'])[2]/following::span[1]'.

2022-01-17 15:44:39 - [MESSAGE][PASSED] - Object: 'Object Repository/Teacher and Grade/Page_Nh ca ti/span_Test View Grade' is clicked on

2022-01-17 15:44:39 - [TEST_STEP][PASSED] - click(findTestObject("Object Repository/Teacher and Grade/Page_Kha Test View Grade/span_im s")): Object: 'Object Repository/Teacher and Grade/Page_Kha Test View Grade/span_im s' is clicked on

2022-01-17 15:44:40 - [MESSAGE][PASSED] - Object: 'Object Repository/Teacher and Grade/Page_Kha Test View Grade/span_im s' is clicked on

2022-01-17 15:44:40 - [TEST_STEP][PASSED] - verifyElementText(findTestObject("Object Repository/Teacher and Grade/Page_im s Xem/span_11,00"), "11,00"): Actual text and expected text of test object 'Object Repository/Teacher and Grade/Page_im s Xem/span_11,00' are matched.

2022-01-17 15:44:46 - [MESSAGE][INFO] - Unable to find the element located by 'By.xpath: //td[@id='u28i4']/span'. Please recheck the objects properties to make sure the desired element is located. 

2022-01-17 15:44:46 - [MESSAGE][WARNING] - [SELF-HEALING] Failed to find element with id 'Object Repository/Teacher and Grade/Page_im s Xem/span_11,00'. Try using Self-healing.

2022-01-17 15:44:47 - [MESSAGE][WARNING] - [SELF-HEALING] The current locator of test object 'Object Repository/Teacher and Grade/Page_im s Xem/span_11,00' was broken. Propose an alternative one: '(.//*[normalize-space(text()) and normalize-space(.)='s1@example.com'])[1]/following::span[3]'.

2022-01-17 15:44:47 - [MESSAGE][PASSED] - Actual text and expected text of test object 'Object Repository/Teacher and Grade/Page_im s Xem/span_11,00' are matched.

2022-01-17 15:44:47 - [TEST_STEP][PASSED] - verifyElementText(findTestObject("Object Repository/Teacher and Grade/Page_im s Xem/span_89,00"), "89,00"): Actual text and expected text of test object 'Object Repository/Teacher and Grade/Page_im s Xem/span_89,00' are matched.

2022-01-17 15:44:53 - [MESSAGE][INFO] - Unable to find the element located by 'By.xpath: //td[@id='u30i4']/span'. Please recheck the objects properties to make sure the desired element is located. 

2022-01-17 15:44:53 - [MESSAGE][WARNING] - [SELF-HEALING] Failed to find element with id 'Object Repository/Teacher and Grade/Page_im s Xem/span_89,00'. Try using Self-healing.

2022-01-17 15:44:53 - [MESSAGE][WARNING] - [SELF-HEALING] The current locator of test object 'Object Repository/Teacher and Grade/Page_im s Xem/span_89,00' was broken. Propose an alternative one: '(.//*[normalize-space(text()) and normalize-space(.)='s3@example.com'])[1]/following::span[3]'.

2022-01-17 15:44:53 - [MESSAGE][PASSED] - Actual text and expected text of test object 'Object Repository/Teacher and Grade/Page_im s Xem/span_89,00' are matched.

2022-01-17 15:44:53 - [TEST_STEP][PASSED] - verifyElementText(findTestObject("Object Repository/Teacher and Grade/Page_im s Xem/span_56,00"), "56,00"): Actual text and expected text of test object 'Object Repository/Teacher and Grade/Page_im s Xem/span_56,00' are matched.

2022-01-17 15:44:59 - [MESSAGE][INFO] - Unable to find the element located by 'By.xpath: //td[@id='u29i4']/span'. Please recheck the objects properties to make sure the desired element is located. 

2022-01-17 15:44:59 - [MESSAGE][WARNING] - [SELF-HEALING] Failed to find element with id 'Object Repository/Teacher and Grade/Page_im s Xem/span_56,00'. Try using Self-healing.

2022-01-17 15:44:59 - [MESSAGE][WARNING] - [SELF-HEALING] The current locator of test object 'Object Repository/Teacher and Grade/Page_im s Xem/span_56,00' was broken. Propose an alternative one: '(.//*[normalize-space(text()) and normalize-space(.)='s2@example.com'])[1]/following::span[3]'.

2022-01-17 15:44:59 - [MESSAGE][PASSED] - Actual text and expected text of test object 'Object Repository/Teacher and Grade/Page_im s Xem/span_56,00' are matched.

2022-01-17 15:44:59 - [TEST_STEP][PASSED] - closeBrowser(): Browser is closed

2022-01-17 15:45:00 - [MESSAGE][PASSED] - Browser is closed]]></system-out>
         <system-err><![CDATA[]]></system-err>
      </testcase>
      <testcase name="Test Cases/Create assignment/Create Assignment Set Availability" time="44.112" classname="Test Cases/Create assignment/Create Assignment Set Availability" status="PASSED">
         <system-out><![CDATA[2022-01-17 15:45:00 - [TEST_CASE][PASSED] - Test Cases/Create assignment/Create Assignment Set Availability: Test Cases/Create assignment/Create Assignment Set Availability

2022-01-17 15:45:00 - [TEST_STEP][PASSED] - openBrowser(""): Browser is opened with url: ''

2022-01-17 15:45:00 - [MESSAGE][INFO] - Starting 'Chrome' driver

2022-01-17 15:45:00 - [MESSAGE][INFO] - Action delay is set to 0 milliseconds

2022-01-17 15:45:02 - [MESSAGE][PASSED] - Browser is opened with url: ''

2022-01-17 15:45:02 - [TEST_STEP][PASSED] - navigateToUrl("http://localhost/"): Navigate to 'http://localhost/' successfully

2022-01-17 15:45:02 - [MESSAGE][PASSED] - Navigate to 'http://localhost/' successfully

2022-01-17 15:45:02 - [TEST_STEP][PASSED] - click(findTestObject("Object Repository/Page_Local Moodle/a_Log in (8)")): Object: 'Object Repository/Page_Local Moodle/a_Log in (8)' is clicked on

2022-01-17 15:45:03 - [MESSAGE][PASSED] - Object: 'Object Repository/Page_Local Moodle/a_Log in (8)' is clicked on

2022-01-17 15:45:03 - [TEST_STEP][PASSED] - setText(findTestObject("Object Repository/Page_Local Moodle Log in to the site/input_Username_username (8)"), "robertle"): Text 'robertle' is set on object 'Object Repository/Page_Local Moodle Log in to the site/input_Username_username (8)'

2022-01-17 15:45:04 - [MESSAGE][PASSED] - Text 'robertle' is set on object 'Object Repository/Page_Local Moodle Log in to the site/input_Username_username (8)'

2022-01-17 15:45:04 - [TEST_STEP][PASSED] - setEncryptedText(findTestObject("Object Repository/Page_Local Moodle Log in to the site/input_Password_password (8)"), "e0iuw4o+VG38P/PfCbIZUw=="): Text ****** has been set on object 'Object Repository/Page_Local Moodle Log in to the site/input_Password_password (8)'

2022-01-17 15:45:04 - [MESSAGE][PASSED] - Text ****** has been set on object 'Object Repository/Page_Local Moodle Log in to the site/input_Password_password (8)'

2022-01-17 15:45:04 - [TEST_STEP][PASSED] - click(findTestObject("Object Repository/Page_Local Moodle Log in to the site/button_Log in (8)")): Object: 'Object Repository/Page_Local Moodle Log in to the site/button_Log in (8)' is clicked on

2022-01-17 15:45:06 - [MESSAGE][PASSED] - Object: 'Object Repository/Page_Local Moodle Log in to the site/button_Log in (8)' is clicked on

2022-01-17 15:45:06 - [TEST_STEP][PASSED] - click(findTestObject("Page_Nh ca ti/span_Software Engineering")): Object: 'Object Repository/Page_Nh ca ti/span_Software Engineering' is clicked on

2022-01-17 15:45:08 - [MESSAGE][PASSED] - Object: 'Object Repository/Page_Nh ca ti/span_Software Engineering' is clicked on

2022-01-17 15:45:08 - [TEST_STEP][PASSED] - click(findTestObject("Object Repository/Page_Kha Software Engineering/button_Bt ch  chnh sa (7)")): Object: 'Object Repository/Page_Kha Software Engineering/button_Bt ch  chnh sa (7)' is clicked on

2022-01-17 15:45:14 - [MESSAGE][INFO] - Unable to find the element located by 'By.xpath: //button[@id='single_button61dd945f772791']'. Please recheck the objects properties to make sure the desired element is located. 

2022-01-17 15:45:14 - [MESSAGE][WARNING] - [SELF-HEALING] Failed to find element with id 'Object Repository/Page_Kha Software Engineering/button_Bt ch  chnh sa (7)'. Try using Self-healing.

2022-01-17 15:45:14 - [MESSAGE][WARNING] - [SELF-HEALING] The current locator of test object 'Object Repository/Page_Kha Software Engineering/button_Bt ch  chnh sa (7)' was broken. Propose an alternative one: '//header[@id='page-header']/div/div/div/div[2]/div[2]/div/form/button'.

2022-01-17 15:45:15 - [MESSAGE][PASSED] - Object: 'Object Repository/Page_Kha Software Engineering/button_Bt ch  chnh sa (7)' is clicked on

2022-01-17 15:45:15 - [TEST_STEP][PASSED] - click(findTestObject("Object Repository/Page_Kha Software Engineering/span_Thm hot ng hoc ti nguyn (4)")): Object: 'Object Repository/Page_Kha Software Engineering/span_Thm hot ng hoc ti nguyn (4)' is clicked on

2022-01-17 15:45:21 - [MESSAGE][INFO] - Unable to find the element located by 'By.xpath: //span[@id='yui_3_17_2_1_1641911395881_621']'. Please recheck the objects properties to make sure the desired element is located. 

2022-01-17 15:45:21 - [MESSAGE][WARNING] - [SELF-HEALING] Failed to find element with id 'Object Repository/Page_Kha Software Engineering/span_Thm hot ng hoc ti nguyn (4)'. Try using Self-healing.

2022-01-17 15:45:21 - [MESSAGE][WARNING] - [SELF-HEALING] The current locator of test object 'Object Repository/Page_Kha Software Engineering/span_Thm hot ng hoc ti nguyn (4)' was broken. Propose an alternative one: '(.//*[normalize-space(text()) and normalize-space(.)='Thêm tập tin ở đây'])[3]/following::span[1]'.

2022-01-17 15:45:21 - [MESSAGE][PASSED] - Object: 'Object Repository/Page_Kha Software Engineering/span_Thm hot ng hoc ti nguyn (4)' is clicked on

2022-01-17 15:45:21 - [TEST_STEP][PASSED] - click(findTestObject("Object Repository/Page_Kha Software Engineering/a_Bi tp (5)")): Object: 'Object Repository/Page_Kha Software Engineering/a_Bi tp (5)' is clicked on

2022-01-17 15:45:28 - [MESSAGE][INFO] - Unable to find the element located by 'By.xpath: //div[@id='all-4']/div/div[3]/div/a'. Please recheck the objects properties to make sure the desired element is located. 

2022-01-17 15:45:28 - [MESSAGE][WARNING] - [SELF-HEALING] Failed to find element with id 'Object Repository/Page_Kha Software Engineering/a_Bi tp (5)'. Try using Self-healing.

2022-01-17 15:45:28 - [MESSAGE][WARNING] - [SELF-HEALING] The current locator of test object 'Object Repository/Page_Kha Software Engineering/a_Bi tp (5)' was broken. Propose an alternative one: '(.//*[normalize-space(text()) and normalize-space(.)='Bài học'])[1]/following::a[1]'.

2022-01-17 15:45:29 - [MESSAGE][PASSED] - Object: 'Object Repository/Page_Kha Software Engineering/a_Bi tp (5)' is clicked on

2022-01-17 15:45:29 - [TEST_STEP][PASSED] - setText(findTestObject("Object Repository/Page_Bin son Bi tp/input_Tn bi tp_name (7)"), "Availability"): Text 'Availability' is set on object 'Object Repository/Page_Bin son Bi tp/input_Tn bi tp_name (7)'

2022-01-17 15:45:31 - [MESSAGE][PASSED] - Text 'Availability' is set on object 'Object Repository/Page_Bin son Bi tp/input_Tn bi tp_name (7)'

2022-01-17 15:45:31 - [TEST_STEP][PASSED] - selectOptionByValue(findTestObject("Object Repository/Page_Bin son Bi tp/select_1        2        3        4        _45ea30"), "12", true): All options with value '12' are selected in object 'Object Repository/Page_Bin son Bi tp/select_1        2        3        4        _45ea30'  using regular expression

2022-01-17 15:45:33 - [MESSAGE][PASSED] - All options with value '12' are selected in object 'Object Repository/Page_Bin son Bi tp/select_1        2        3        4        _45ea30'  using regular expression

2022-01-17 15:45:33 - [TEST_STEP][PASSED] - selectOptionByValue(findTestObject("Object Repository/Page_Bin son Bi tp/select_1        2        3        4        _45ea30_1"), "19", true): All options with value '19' are selected in object 'Object Repository/Page_Bin son Bi tp/select_1        2        3        4        _45ea30_1'  using regular expression

2022-01-17 15:45:34 - [MESSAGE][PASSED] - All options with value '19' are selected in object 'Object Repository/Page_Bin son Bi tp/select_1        2        3        4        _45ea30_1'  using regular expression

2022-01-17 15:45:34 - [TEST_STEP][PASSED] - selectOptionByValue(findTestObject("Object Repository/Page_Bin son Bi tp/select_1        2        3        4        _45ea30_1_2"), "20", true): All options with value '20' are selected in object 'Object Repository/Page_Bin son Bi tp/select_1        2        3        4        _45ea30_1_2'  using regular expression

2022-01-17 15:45:36 - [MESSAGE][PASSED] - All options with value '20' are selected in object 'Object Repository/Page_Bin son Bi tp/select_1        2        3        4        _45ea30_1_2'  using regular expression

2022-01-17 15:45:36 - [TEST_STEP][PASSED] - click(findTestObject("Object Repository/Page_Bin son Bi tp/input_Upon activity completion_submitbutton2 (7)")): Object: 'Object Repository/Page_Bin son Bi tp/input_Upon activity completion_submitbutton2 (7)' is clicked on

2022-01-17 15:45:37 - [MESSAGE][PASSED] - Object: 'Object Repository/Page_Bin son Bi tp/input_Upon activity completion_submitbutton2 (7)' is clicked on

2022-01-17 15:45:37 - [TEST_STEP][PASSED] - click(findTestObject("Object Repository/Page_Kha Software Engineering/a_Robert Le (7)")): Object: 'Object Repository/Page_Kha Software Engineering/a_Robert Le (7)' is clicked on

2022-01-17 15:45:38 - [MESSAGE][PASSED] - Object: 'Object Repository/Page_Kha Software Engineering/a_Robert Le (7)' is clicked on

2022-01-17 15:45:38 - [TEST_STEP][PASSED] - click(findTestObject("Object Repository/Page_Kha Software Engineering/a_Thot (6)")): Object: 'Object Repository/Page_Kha Software Engineering/a_Thot (6)' is clicked on

2022-01-17 15:45:39 - [MESSAGE][PASSED] - Object: 'Object Repository/Page_Kha Software Engineering/a_Thot (6)' is clicked on

2022-01-17 15:45:39 - [TEST_STEP][PASSED] - click(findTestObject("Object Repository/Page_Local Moodle/a_Log in (8)")): Object: 'Object Repository/Page_Local Moodle/a_Log in (8)' is clicked on

2022-01-17 15:45:39 - [MESSAGE][PASSED] - Object: 'Object Repository/Page_Local Moodle/a_Log in (8)' is clicked on

2022-01-17 15:45:39 - [TEST_STEP][PASSED] - setText(findTestObject("Object Repository/Page_Local Moodle Log in to the site/input_Username_username (8)"), "hocvien"): Text 'hocvien' is set on object 'Object Repository/Page_Local Moodle Log in to the site/input_Username_username (8)'

2022-01-17 15:45:40 - [MESSAGE][PASSED] - Text 'hocvien' is set on object 'Object Repository/Page_Local Moodle Log in to the site/input_Username_username (8)'

2022-01-17 15:45:40 - [TEST_STEP][PASSED] - setEncryptedText(findTestObject("Object Repository/Page_Local Moodle Log in to the site/input_Password_password (8)"), "e0iuw4o+VG38P/PfCbIZUw=="): Text ****** has been set on object 'Object Repository/Page_Local Moodle Log in to the site/input_Password_password (8)'

2022-01-17 15:45:41 - [MESSAGE][PASSED] - Text ****** has been set on object 'Object Repository/Page_Local Moodle Log in to the site/input_Password_password (8)'

2022-01-17 15:45:41 - [TEST_STEP][PASSED] - click(findTestObject("Object Repository/Page_Local Moodle Log in to the site/button_Log in (8)")): Object: 'Object Repository/Page_Local Moodle Log in to the site/button_Log in (8)' is clicked on

2022-01-17 15:45:42 - [MESSAGE][PASSED] - Object: 'Object Repository/Page_Local Moodle Log in to the site/button_Log in (8)' is clicked on

2022-01-17 15:45:42 - [TEST_STEP][PASSED] - click(findTestObject("Page_Nh ca ti/span_Software Engineering")): Object: 'Object Repository/Page_Nh ca ti/span_Software Engineering' is clicked on

2022-01-17 15:45:44 - [MESSAGE][PASSED] - Object: 'Object Repository/Page_Nh ca ti/span_Software Engineering' is clicked on

2022-01-17 15:45:44 - [TEST_STEP][PASSED] - closeBrowser(): Browser is closed

2022-01-17 15:45:44 - [MESSAGE][PASSED] - Browser is closed]]></system-out>
         <system-err><![CDATA[]]></system-err>
      </testcase>
      <testcase name="Test Cases/Create assignment/Create Assignment Set Full" time="77.811" classname="Test Cases/Create assignment/Create Assignment Set Full" status="PASSED">
         <system-out><![CDATA[2022-01-17 15:45:44 - [TEST_CASE][PASSED] - Test Cases/Create assignment/Create Assignment Set Full: Test Cases/Create assignment/Create Assignment Set Full

2022-01-17 15:45:45 - [TEST_STEP][PASSED] - openBrowser(""): Browser is opened with url: ''

2022-01-17 15:45:45 - [MESSAGE][INFO] - Starting 'Chrome' driver

2022-01-17 15:45:45 - [MESSAGE][INFO] - Action delay is set to 0 milliseconds

2022-01-17 15:45:46 - [MESSAGE][PASSED] - Browser is opened with url: ''

2022-01-17 15:45:46 - [TEST_STEP][PASSED] - navigateToUrl("http://localhost/"): Navigate to 'http://localhost/' successfully

2022-01-17 15:45:46 - [MESSAGE][PASSED] - Navigate to 'http://localhost/' successfully

2022-01-17 15:45:46 - [TEST_STEP][PASSED] - click(findTestObject("Object Repository/Page_Local Moodle/a_Log in (13)")): Object: 'Object Repository/Page_Local Moodle/a_Log in (13)' is clicked on

2022-01-17 15:45:47 - [MESSAGE][PASSED] - Object: 'Object Repository/Page_Local Moodle/a_Log in (13)' is clicked on

2022-01-17 15:45:47 - [TEST_STEP][PASSED] - setText(findTestObject("Object Repository/Page_Local Moodle Log in to the site/input_Username_username (13)"), "robertle"): Text 'robertle' is set on object 'Object Repository/Page_Local Moodle Log in to the site/input_Username_username (13)'

2022-01-17 15:45:48 - [MESSAGE][PASSED] - Text 'robertle' is set on object 'Object Repository/Page_Local Moodle Log in to the site/input_Username_username (13)'

2022-01-17 15:45:48 - [TEST_STEP][PASSED] - setEncryptedText(findTestObject("Object Repository/Page_Local Moodle Log in to the site/input_Password_password (13)"), "e0iuw4o+VG38P/PfCbIZUw=="): Text ****** has been set on object 'Object Repository/Page_Local Moodle Log in to the site/input_Password_password (13)'

2022-01-17 15:45:48 - [MESSAGE][PASSED] - Text ****** has been set on object 'Object Repository/Page_Local Moodle Log in to the site/input_Password_password (13)'

2022-01-17 15:45:48 - [TEST_STEP][PASSED] - click(findTestObject("Object Repository/Page_Local Moodle Log in to the site/button_Log in (13)")): Object: 'Object Repository/Page_Local Moodle Log in to the site/button_Log in (13)' is clicked on

2022-01-17 15:45:49 - [MESSAGE][PASSED] - Object: 'Object Repository/Page_Local Moodle Log in to the site/button_Log in (13)' is clicked on

2022-01-17 15:45:49 - [TEST_STEP][PASSED] - click(findTestObject("Page_Nh ca ti/span_Software Engineering")): Object: 'Object Repository/Page_Nh ca ti/span_Software Engineering' is clicked on

2022-01-17 15:45:51 - [MESSAGE][PASSED] - Object: 'Object Repository/Page_Nh ca ti/span_Software Engineering' is clicked on

2022-01-17 15:45:51 - [TEST_STEP][PASSED] - click(findTestObject("Object Repository/Page_Kha Software Engineering/button_Bt ch  chnh sa (12)")): Object: 'Object Repository/Page_Kha Software Engineering/button_Bt ch  chnh sa (12)' is clicked on

2022-01-17 15:45:57 - [MESSAGE][INFO] - Unable to find the element located by 'By.xpath: //button[@id='single_button61dda179335d11']'. Please recheck the objects properties to make sure the desired element is located. 

2022-01-17 15:45:57 - [MESSAGE][WARNING] - [SELF-HEALING] Failed to find element with id 'Object Repository/Page_Kha Software Engineering/button_Bt ch  chnh sa (12)'. Try using Self-healing.

2022-01-17 15:45:58 - [MESSAGE][WARNING] - [SELF-HEALING] The current locator of test object 'Object Repository/Page_Kha Software Engineering/button_Bt ch  chnh sa (12)' was broken. Propose an alternative one: '//header[@id='page-header']/div/div/div/div[2]/div[2]/div/form/button'.

2022-01-17 15:45:58 - [MESSAGE][PASSED] - Object: 'Object Repository/Page_Kha Software Engineering/button_Bt ch  chnh sa (12)' is clicked on

2022-01-17 15:45:58 - [TEST_STEP][PASSED] - click(findTestObject("Object Repository/Page_Kha Software Engineering/span_Thm hot ng hoc ti nguyn (6)")): Object: 'Object Repository/Page_Kha Software Engineering/span_Thm hot ng hoc ti nguyn (6)' is clicked on

2022-01-17 15:46:04 - [MESSAGE][INFO] - Unable to find the element located by 'By.xpath: //span[@id='yui_3_17_2_1_1641914748145_619']'. Please recheck the objects properties to make sure the desired element is located. 

2022-01-17 15:46:04 - [MESSAGE][WARNING] - [SELF-HEALING] Failed to find element with id 'Object Repository/Page_Kha Software Engineering/span_Thm hot ng hoc ti nguyn (6)'. Try using Self-healing.

2022-01-17 15:46:04 - [MESSAGE][WARNING] - [SELF-HEALING] The current locator of test object 'Object Repository/Page_Kha Software Engineering/span_Thm hot ng hoc ti nguyn (6)' was broken. Propose an alternative one: '(.//*[normalize-space(text()) and normalize-space(.)='Thêm tập tin ở đây'])[3]/following::span[1]'.

2022-01-17 15:46:05 - [MESSAGE][PASSED] - Object: 'Object Repository/Page_Kha Software Engineering/span_Thm hot ng hoc ti nguyn (6)' is clicked on

2022-01-17 15:46:05 - [TEST_STEP][PASSED] - click(findTestObject("Object Repository/Page_Kha Software Engineering/div_Thng tin v  Bi hc hot ng_optionicon mt-_6d37dc (3)")): Object: 'Object Repository/Page_Kha Software Engineering/div_Thng tin v  Bi hc hot ng_optionicon mt-_6d37dc (3)' is clicked on

2022-01-17 15:46:11 - [MESSAGE][INFO] - Unable to find the element located by 'By.xpath: //div[@id='all-4']/div/div[3]/div/a/div'. Please recheck the objects properties to make sure the desired element is located. 

2022-01-17 15:46:11 - [MESSAGE][WARNING] - [SELF-HEALING] Failed to find element with id 'Object Repository/Page_Kha Software Engineering/div_Thng tin v  Bi hc hot ng_optionicon mt-_6d37dc (3)'. Try using Self-healing.

2022-01-17 15:46:11 - [MESSAGE][WARNING] - [SELF-HEALING] The current locator of test object 'Object Repository/Page_Kha Software Engineering/div_Thng tin v  Bi hc hot ng_optionicon mt-_6d37dc (3)' was broken. Propose an alternative one: '(.//*[normalize-space(text()) and normalize-space(.)='Bài học'])[1]/following::div[4]'.

2022-01-17 15:46:12 - [MESSAGE][PASSED] - Object: 'Object Repository/Page_Kha Software Engineering/div_Thng tin v  Bi hc hot ng_optionicon mt-_6d37dc (3)' is clicked on

2022-01-17 15:46:12 - [TEST_STEP][PASSED] - setText(findTestObject("Object Repository/Page_Bin son Bi tp/input_Tn bi tp_name (12)"), "Assignment Full"): Text 'Assignment Full' is set on object 'Object Repository/Page_Bin son Bi tp/input_Tn bi tp_name (12)'

2022-01-17 15:46:14 - [MESSAGE][PASSED] - Text 'Assignment Full' is set on object 'Object Repository/Page_Bin son Bi tp/input_Tn bi tp_name (12)'

2022-01-17 15:46:14 - [TEST_STEP][PASSED] - setText(findTestObject("Object Repository/Page_Bin son Bi tp/div_To assignment y"), "<p dir="ltr" style="text-align: left;">Tạo assignment đầy đủ.</p>"): Text '<p dir="ltr" style="text-align: left;">Tạo assignment đầy đủ.</p>' is set on object 'Object Repository/Page_Bin son Bi tp/div_To assignment y'

2022-01-17 15:46:15 - [MESSAGE][PASSED] - Text '<p dir="ltr" style="text-align: left;">Tạo assignment đầy đủ.</p>' is set on object 'Object Repository/Page_Bin son Bi tp/div_To assignment y'

2022-01-17 15:46:15 - [TEST_STEP][PASSED] - selectOptionByValue(findTestObject("Object Repository/Page_Bin son Bi tp/select_1        2        3        4        _45ea30 (1)"), "12", true): All options with value '12' are selected in object 'Object Repository/Page_Bin son Bi tp/select_1        2        3        4        _45ea30 (1)'  using regular expression

2022-01-17 15:46:17 - [MESSAGE][PASSED] - All options with value '12' are selected in object 'Object Repository/Page_Bin son Bi tp/select_1        2        3        4        _45ea30 (1)'  using regular expression

2022-01-17 15:46:17 - [TEST_STEP][PASSED] - selectOptionByValue(findTestObject("Object Repository/Page_Bin son Bi tp/select_1        2        3        4        _45ea30_1 (1)"), "20", true): All options with value '20' are selected in object 'Object Repository/Page_Bin son Bi tp/select_1        2        3        4        _45ea30_1 (1)'  using regular expression

2022-01-17 15:46:19 - [MESSAGE][PASSED] - All options with value '20' are selected in object 'Object Repository/Page_Bin son Bi tp/select_1        2        3        4        _45ea30_1 (1)'  using regular expression

2022-01-17 15:46:19 - [TEST_STEP][PASSED] - selectOptionByValue(findTestObject("Object Repository/Page_Bin son Bi tp/select_1        2        3        4        _45ea30_1_2 (1)"), "21", true): All options with value '21' are selected in object 'Object Repository/Page_Bin son Bi tp/select_1        2        3        4        _45ea30_1_2 (1)'  using regular expression

2022-01-17 15:46:20 - [MESSAGE][PASSED] - All options with value '21' are selected in object 'Object Repository/Page_Bin son Bi tp/select_1        2        3        4        _45ea30_1_2 (1)'  using regular expression

2022-01-17 15:46:20 - [TEST_STEP][PASSED] - selectOptionByValue(findTestObject("Object Repository/Page_Bin son Bi tp/select_1            2            3         _f84cd8 (1)"), "15", true): All options with value '15' are selected in object 'Object Repository/Page_Bin son Bi tp/select_1            2            3         _f84cd8 (1)'  using regular expression

2022-01-17 15:46:22 - [MESSAGE][PASSED] - All options with value '15' are selected in object 'Object Repository/Page_Bin son Bi tp/select_1            2            3         _f84cd8 (1)'  using regular expression

2022-01-17 15:46:22 - [TEST_STEP][PASSED] - click(findTestObject("Object Repository/Page_Bin son Bi tp/input_Cc loi tp tin c chp nhn_yui_3_17_2_1__c57195")): Object: 'Object Repository/Page_Bin son Bi tp/input_Cc loi tp tin c chp nhn_yui_3_17_2_1__c57195' is clicked on

2022-01-17 15:46:28 - [MESSAGE][INFO] - Unable to find the element located by 'By.xpath: //input[@id='yui_3_17_2_1_1641914753929_1712']'. Please recheck the objects properties to make sure the desired element is located. 

2022-01-17 15:46:28 - [MESSAGE][WARNING] - [SELF-HEALING] Failed to find element with id 'Object Repository/Page_Bin son Bi tp/input_Cc loi tp tin c chp nhn_yui_3_17_2_1__c57195'. Try using Self-healing.

2022-01-17 15:46:28 - [MESSAGE][WARNING] - [SELF-HEALING] The current locator of test object 'Object Repository/Page_Bin son Bi tp/input_Cc loi tp tin c chp nhn_yui_3_17_2_1__c57195' was broken. Propose an alternative one: '//fieldset/div/span/input'.

2022-01-17 15:46:28 - [MESSAGE][PASSED] - Object: 'Object Repository/Page_Bin son Bi tp/input_Cc loi tp tin c chp nhn_yui_3_17_2_1__c57195' is clicked on

2022-01-17 15:46:28 - [TEST_STEP][PASSED] - click(findTestObject("Object Repository/Page_Bin son Bi tp/input_All file types_yui_3_17_2_1_164191475_b6e702")): Object: 'Object Repository/Page_Bin son Bi tp/input_All file types_yui_3_17_2_1_164191475_b6e702' is clicked on

2022-01-17 15:46:34 - [MESSAGE][INFO] - Unable to find the element located by 'By.xpath: //input[@id='yui_3_17_2_1_1641914753929_1743']'. Please recheck the objects properties to make sure the desired element is located. 

2022-01-17 15:46:35 - [MESSAGE][WARNING] - [SELF-HEALING] Failed to find element with id 'Object Repository/Page_Bin son Bi tp/input_All file types_yui_3_17_2_1_164191475_b6e702'. Try using Self-healing.

2022-01-17 15:46:35 - [MESSAGE][WARNING] - [SELF-HEALING] The current locator of test object 'Object Repository/Page_Bin son Bi tp/input_All file types_yui_3_17_2_1_164191475_b6e702' was broken. Propose an alternative one: '//div[2]/label/input'.

2022-01-17 15:46:35 - [MESSAGE][PASSED] - Object: 'Object Repository/Page_Bin son Bi tp/input_All file types_yui_3_17_2_1_164191475_b6e702' is clicked on

2022-01-17 15:46:35 - [TEST_STEP][PASSED] - click(findTestObject("Object Repository/Page_Bin son Bi tp/input_tgz_yui_3_17_2_1_1641914753929_1776")): Object: 'Object Repository/Page_Bin son Bi tp/input_tgz_yui_3_17_2_1_1641914753929_1776' is clicked on

2022-01-17 15:46:41 - [MESSAGE][INFO] - Unable to find the element located by 'By.xpath: //input[@id='yui_3_17_2_1_1641914753929_1776']'. Please recheck the objects properties to make sure the desired element is located. 

2022-01-17 15:46:41 - [MESSAGE][WARNING] - [SELF-HEALING] Failed to find element with id 'Object Repository/Page_Bin son Bi tp/input_tgz_yui_3_17_2_1_1641914753929_1776'. Try using Self-healing.

2022-01-17 15:46:41 - [MESSAGE][WARNING] - [SELF-HEALING] The current locator of test object 'Object Repository/Page_Bin son Bi tp/input_tgz_yui_3_17_2_1_1641914753929_1776' was broken. Propose an alternative one: '//li[13]/label/input'.

2022-01-17 15:46:41 - [MESSAGE][PASSED] - Object: 'Object Repository/Page_Bin son Bi tp/input_tgz_yui_3_17_2_1_1641914753929_1776' is clicked on

2022-01-17 15:46:41 - [TEST_STEP][PASSED] - click(findTestObject("Object Repository/Page_Bin son Bi tp/button_Lu nhng thay i (3)")): Object: 'Object Repository/Page_Bin son Bi tp/button_Lu nhng thay i (3)' is clicked on

2022-01-17 15:46:47 - [MESSAGE][INFO] - Unable to find the element located by 'By.xpath: //button[@id='yui_3_17_2_1_1641914753929_1784']'. Please recheck the objects properties to make sure the desired element is located. 

2022-01-17 15:46:47 - [MESSAGE][WARNING] - [SELF-HEALING] Failed to find element with id 'Object Repository/Page_Bin son Bi tp/button_Lu nhng thay i (3)'. Try using Self-healing.

2022-01-17 15:46:48 - [MESSAGE][WARNING] - [SELF-HEALING] The current locator of test object 'Object Repository/Page_Bin son Bi tp/button_Lu nhng thay i (3)' was broken. Propose an alternative one: '(.//*[normalize-space(text()) and normalize-space(.)='.cpp'])[1]/following::button[1]'.

2022-01-17 15:46:48 - [MESSAGE][PASSED] - Object: 'Object Repository/Page_Bin son Bi tp/button_Lu nhng thay i (3)' is clicked on

2022-01-17 15:46:48 - [TEST_STEP][PASSED] - click(findTestObject("Object Repository/Page_Bin son Bi tp/input_Upon activity completion_submitbutton2 (12)")): Object: 'Object Repository/Page_Bin son Bi tp/input_Upon activity completion_submitbutton2 (12)' is clicked on

2022-01-17 15:46:49 - [MESSAGE][PASSED] - Object: 'Object Repository/Page_Bin son Bi tp/input_Upon activity completion_submitbutton2 (12)' is clicked on

2022-01-17 15:46:49 - [TEST_STEP][PASSED] - click(findTestObject("Object Repository/Page_Kha Software Engineering/a_Robert Le (12)")): Object: 'Object Repository/Page_Kha Software Engineering/a_Robert Le (12)' is clicked on

2022-01-17 15:46:50 - [MESSAGE][PASSED] - Object: 'Object Repository/Page_Kha Software Engineering/a_Robert Le (12)' is clicked on

2022-01-17 15:46:50 - [TEST_STEP][PASSED] - click(findTestObject("Object Repository/Page_Kha Software Engineering/a_Thot (11)")): Object: 'Object Repository/Page_Kha Software Engineering/a_Thot (11)' is clicked on

2022-01-17 15:46:50 - [MESSAGE][PASSED] - Object: 'Object Repository/Page_Kha Software Engineering/a_Thot (11)' is clicked on

2022-01-17 15:46:50 - [TEST_STEP][PASSED] - click(findTestObject("Object Repository/Page_Local Moodle/a_Log in (13)")): Object: 'Object Repository/Page_Local Moodle/a_Log in (13)' is clicked on

2022-01-17 15:46:51 - [MESSAGE][PASSED] - Object: 'Object Repository/Page_Local Moodle/a_Log in (13)' is clicked on

2022-01-17 15:46:51 - [TEST_STEP][PASSED] - setText(findTestObject("Object Repository/Page_Local Moodle Log in to the site/input_Username_username (13)"), "hocvien"): Text 'hocvien' is set on object 'Object Repository/Page_Local Moodle Log in to the site/input_Username_username (13)'

2022-01-17 15:46:52 - [MESSAGE][PASSED] - Text 'hocvien' is set on object 'Object Repository/Page_Local Moodle Log in to the site/input_Username_username (13)'

2022-01-17 15:46:52 - [TEST_STEP][PASSED] - setEncryptedText(findTestObject("Object Repository/Page_Local Moodle Log in to the site/input_Password_password (13)"), "e0iuw4o+VG38P/PfCbIZUw=="): Text ****** has been set on object 'Object Repository/Page_Local Moodle Log in to the site/input_Password_password (13)'

2022-01-17 15:46:52 - [MESSAGE][PASSED] - Text ****** has been set on object 'Object Repository/Page_Local Moodle Log in to the site/input_Password_password (13)'

2022-01-17 15:46:52 - [TEST_STEP][PASSED] - click(findTestObject("Object Repository/Page_Local Moodle Log in to the site/button_Log in (13)")): Object: 'Object Repository/Page_Local Moodle Log in to the site/button_Log in (13)' is clicked on

2022-01-17 15:46:53 - [MESSAGE][PASSED] - Object: 'Object Repository/Page_Local Moodle Log in to the site/button_Log in (13)' is clicked on

2022-01-17 15:46:53 - [TEST_STEP][PASSED] - click(findTestObject("Page_Nh ca ti/span_Software Engineering")): Object: 'Object Repository/Page_Nh ca ti/span_Software Engineering' is clicked on

2022-01-17 15:46:55 - [MESSAGE][PASSED] - Object: 'Object Repository/Page_Nh ca ti/span_Software Engineering' is clicked on

2022-01-17 15:46:55 - [TEST_STEP][PASSED] - click(findTestObject("Object Repository/Page_Kha Software Engineering/span_Assignment Full Bi tp")): Object: 'Object Repository/Page_Kha Software Engineering/span_Assignment Full Bi tp' is clicked on

2022-01-17 15:47:01 - [MESSAGE][INFO] - Unable to find the element located by 'By.xpath: //li[@id='module-26']/div/div/div[2]/div/a/span'. Please recheck the objects properties to make sure the desired element is located. 

2022-01-17 15:47:01 - [MESSAGE][WARNING] - [SELF-HEALING] Failed to find element with id 'Object Repository/Page_Kha Software Engineering/span_Assignment Full Bi tp'. Try using Self-healing.

2022-01-17 15:47:01 - [MESSAGE][WARNING] - [SELF-HEALING] The current locator of test object 'Object Repository/Page_Kha Software Engineering/span_Assignment Full Bi tp' was broken. Propose an alternative one: '//*/text()[normalize-space(.)='Assignment Full']/parent::*'.

2022-01-17 15:47:01 - [MESSAGE][PASSED] - Object: 'Object Repository/Page_Kha Software Engineering/span_Assignment Full Bi tp' is clicked on

2022-01-17 15:47:01 - [TEST_STEP][PASSED] - closeBrowser(): Browser is closed

2022-01-17 15:47:02 - [MESSAGE][PASSED] - Browser is closed]]></system-out>
         <system-err><![CDATA[]]></system-err>
      </testcase>
      <testcase name="Test Cases/Create assignment/Create Assignment Set Online Text" time="46.582" classname="Test Cases/Create assignment/Create Assignment Set Online Text" status="PASSED">
         <system-out><![CDATA[2022-01-17 15:47:02 - [TEST_CASE][PASSED] - Test Cases/Create assignment/Create Assignment Set Online Text: Test Cases/Create assignment/Create Assignment Set Online Text

2022-01-17 15:47:02 - [TEST_STEP][PASSED] - openBrowser(""): Browser is opened with url: ''

2022-01-17 15:47:02 - [MESSAGE][INFO] - Starting 'Chrome' driver

2022-01-17 15:47:02 - [MESSAGE][INFO] - Action delay is set to 0 milliseconds

2022-01-17 15:47:03 - [MESSAGE][PASSED] - Browser is opened with url: ''

2022-01-17 15:47:03 - [TEST_STEP][PASSED] - navigateToUrl("http://localhost/"): Navigate to 'http://localhost/' successfully

2022-01-17 15:47:04 - [MESSAGE][PASSED] - Navigate to 'http://localhost/' successfully

2022-01-17 15:47:04 - [TEST_STEP][PASSED] - click(findTestObject("Object Repository/Page_Local Moodle/a_Log in (11)")): Object: 'Object Repository/Page_Local Moodle/a_Log in (11)' is clicked on

2022-01-17 15:47:04 - [MESSAGE][PASSED] - Object: 'Object Repository/Page_Local Moodle/a_Log in (11)' is clicked on

2022-01-17 15:47:04 - [TEST_STEP][PASSED] - setText(findTestObject("Object Repository/Page_Local Moodle Log in to the site/input_Username_username (11)"), "robertle"): Text 'robertle' is set on object 'Object Repository/Page_Local Moodle Log in to the site/input_Username_username (11)'

2022-01-17 15:47:05 - [MESSAGE][PASSED] - Text 'robertle' is set on object 'Object Repository/Page_Local Moodle Log in to the site/input_Username_username (11)'

2022-01-17 15:47:05 - [TEST_STEP][PASSED] - setEncryptedText(findTestObject("Object Repository/Page_Local Moodle Log in to the site/input_Password_password (11)"), "e0iuw4o+VG38P/PfCbIZUw=="): Text ****** has been set on object 'Object Repository/Page_Local Moodle Log in to the site/input_Password_password (11)'

2022-01-17 15:47:06 - [MESSAGE][PASSED] - Text ****** has been set on object 'Object Repository/Page_Local Moodle Log in to the site/input_Password_password (11)'

2022-01-17 15:47:06 - [TEST_STEP][PASSED] - click(findTestObject("Object Repository/Page_Local Moodle Log in to the site/button_Log in (11)")): Object: 'Object Repository/Page_Local Moodle Log in to the site/button_Log in (11)' is clicked on

2022-01-17 15:47:07 - [MESSAGE][PASSED] - Object: 'Object Repository/Page_Local Moodle Log in to the site/button_Log in (11)' is clicked on

2022-01-17 15:47:07 - [TEST_STEP][PASSED] - click(findTestObject("Page_Nh ca ti/span_Software Engineering")): Object: 'Object Repository/Page_Nh ca ti/span_Software Engineering' is clicked on

2022-01-17 15:47:08 - [MESSAGE][PASSED] - Object: 'Object Repository/Page_Nh ca ti/span_Software Engineering' is clicked on

2022-01-17 15:47:08 - [TEST_STEP][PASSED] - click(findTestObject("Object Repository/Page_Kha Software Engineering/button_Bt ch  chnh sa (10)")): Object: 'Object Repository/Page_Kha Software Engineering/button_Bt ch  chnh sa (10)' is clicked on

2022-01-17 15:47:15 - [MESSAGE][INFO] - Unable to find the element located by 'By.xpath: //button[@id='single_button61dd9879112831']'. Please recheck the objects properties to make sure the desired element is located. 

2022-01-17 15:47:15 - [MESSAGE][WARNING] - [SELF-HEALING] Failed to find element with id 'Object Repository/Page_Kha Software Engineering/button_Bt ch  chnh sa (10)'. Try using Self-healing.

2022-01-17 15:47:15 - [MESSAGE][WARNING] - [SELF-HEALING] The current locator of test object 'Object Repository/Page_Kha Software Engineering/button_Bt ch  chnh sa (10)' was broken. Propose an alternative one: '//header[@id='page-header']/div/div/div/div[2]/div[2]/div/form/button'.

2022-01-17 15:47:15 - [MESSAGE][PASSED] - Object: 'Object Repository/Page_Kha Software Engineering/button_Bt ch  chnh sa (10)' is clicked on

2022-01-17 15:47:15 - [TEST_STEP][PASSED] - click(findTestObject("Object Repository/Page_Kha Software Engineering/button_Thm hot ng hoc ti nguyn (4)")): Object: 'Object Repository/Page_Kha Software Engineering/button_Thm hot ng hoc ti nguyn (4)' is clicked on

2022-01-17 15:47:21 - [MESSAGE][INFO] - Unable to find the element located by 'By.xpath: //button[@id='yui_3_17_2_1_1641912444286_622']'. Please recheck the objects properties to make sure the desired element is located. 

2022-01-17 15:47:21 - [MESSAGE][WARNING] - [SELF-HEALING] Failed to find element with id 'Object Repository/Page_Kha Software Engineering/button_Thm hot ng hoc ti nguyn (4)'. Try using Self-healing.

2022-01-17 15:47:22 - [MESSAGE][WARNING] - [SELF-HEALING] The current locator of test object 'Object Repository/Page_Kha Software Engineering/button_Thm hot ng hoc ti nguyn (4)' was broken. Propose an alternative one: '(.//*[normalize-space(text()) and normalize-space(.)='Thêm tập tin ở đây'])[3]/following::button[1]'.

2022-01-17 15:47:22 - [MESSAGE][PASSED] - Object: 'Object Repository/Page_Kha Software Engineering/button_Thm hot ng hoc ti nguyn (4)' is clicked on

2022-01-17 15:47:22 - [TEST_STEP][PASSED] - click(findTestObject("Object Repository/Page_Kha Software Engineering/div_Thng tin v  Bi hc hot ng_optionicon mt-_6d37dc (1)")): Object: 'Object Repository/Page_Kha Software Engineering/div_Thng tin v  Bi hc hot ng_optionicon mt-_6d37dc (1)' is clicked on

2022-01-17 15:47:28 - [MESSAGE][INFO] - Unable to find the element located by 'By.xpath: //div[@id='all-4']/div/div[3]/div/a/div'. Please recheck the objects properties to make sure the desired element is located. 

2022-01-17 15:47:28 - [MESSAGE][WARNING] - [SELF-HEALING] Failed to find element with id 'Object Repository/Page_Kha Software Engineering/div_Thng tin v  Bi hc hot ng_optionicon mt-_6d37dc (1)'. Try using Self-healing.

2022-01-17 15:47:28 - [MESSAGE][WARNING] - [SELF-HEALING] The current locator of test object 'Object Repository/Page_Kha Software Engineering/div_Thng tin v  Bi hc hot ng_optionicon mt-_6d37dc (1)' was broken. Propose an alternative one: '(.//*[normalize-space(text()) and normalize-space(.)='Bài học'])[1]/following::div[4]'.

2022-01-17 15:47:29 - [MESSAGE][PASSED] - Object: 'Object Repository/Page_Kha Software Engineering/div_Thng tin v  Bi hc hot ng_optionicon mt-_6d37dc (1)' is clicked on

2022-01-17 15:47:29 - [TEST_STEP][PASSED] - setText(findTestObject("Object Repository/Page_Bin son Bi tp/input_Tn bi tp_name (10)"), "Bài tập văn bản"): Text 'Bài tập văn bản' is set on object 'Object Repository/Page_Bin son Bi tp/input_Tn bi tp_name (10)'

2022-01-17 15:47:30 - [MESSAGE][PASSED] - Text 'Bài tập văn bản' is set on object 'Object Repository/Page_Bin son Bi tp/input_Tn bi tp_name (10)'

2022-01-17 15:47:30 - [TEST_STEP][PASSED] - click(findTestObject("Object Repository/Page_Bin son Bi tp/input_Vn bn trc tuyn_assignsubmission_onlin_3ee3b4 (1)")): Object: 'Object Repository/Page_Bin son Bi tp/input_Vn bn trc tuyn_assignsubmission_onlin_3ee3b4 (1)' is clicked on

2022-01-17 15:47:31 - [MESSAGE][PASSED] - Object: 'Object Repository/Page_Bin son Bi tp/input_Vn bn trc tuyn_assignsubmission_onlin_3ee3b4 (1)' is clicked on

2022-01-17 15:47:31 - [TEST_STEP][PASSED] - click(findTestObject("Object Repository/Page_Bin son Bi tp/input_Np tp tin_assignsubmission_file_enabled (1)")): Object: 'Object Repository/Page_Bin son Bi tp/input_Np tp tin_assignsubmission_file_enabled (1)' is clicked on

2022-01-17 15:47:31 - [MESSAGE][PASSED] - Object: 'Object Repository/Page_Bin son Bi tp/input_Np tp tin_assignsubmission_file_enabled (1)' is clicked on

2022-01-17 15:47:31 - [TEST_STEP][PASSED] - click(findTestObject("Object Repository/Page_Bin son Bi tp/input_M_assignsubmission_onlinetext_wordlim_e70110 (1)")): Object: 'Object Repository/Page_Bin son Bi tp/input_M_assignsubmission_onlinetext_wordlim_e70110 (1)' is clicked on

2022-01-17 15:47:32 - [MESSAGE][PASSED] - Object: 'Object Repository/Page_Bin son Bi tp/input_M_assignsubmission_onlinetext_wordlim_e70110 (1)' is clicked on

2022-01-17 15:47:32 - [TEST_STEP][PASSED] - setText(findTestObject("Object Repository/Page_Bin son Bi tp/input_Gii hn t_assignsubmission_onlinetext__581726 (1)"), "300"): Text '300' is set on object 'Object Repository/Page_Bin son Bi tp/input_Gii hn t_assignsubmission_onlinetext__581726 (1)'

2022-01-17 15:47:33 - [MESSAGE][PASSED] - Text '300' is set on object 'Object Repository/Page_Bin son Bi tp/input_Gii hn t_assignsubmission_onlinetext__581726 (1)'

2022-01-17 15:47:33 - [TEST_STEP][PASSED] - click(findTestObject("Object Repository/Page_Bin son Bi tp/input_Upon activity completion_submitbutton2 (10)")): Object: 'Object Repository/Page_Bin son Bi tp/input_Upon activity completion_submitbutton2 (10)' is clicked on

2022-01-17 15:47:34 - [MESSAGE][PASSED] - Object: 'Object Repository/Page_Bin son Bi tp/input_Upon activity completion_submitbutton2 (10)' is clicked on

2022-01-17 15:47:34 - [TEST_STEP][PASSED] - click(findTestObject("Object Repository/Page_Kha Software Engineering/a_Robert Le (10)")): Object: 'Object Repository/Page_Kha Software Engineering/a_Robert Le (10)' is clicked on

2022-01-17 15:47:35 - [MESSAGE][PASSED] - Object: 'Object Repository/Page_Kha Software Engineering/a_Robert Le (10)' is clicked on

2022-01-17 15:47:35 - [TEST_STEP][PASSED] - click(findTestObject("Object Repository/Page_Kha Software Engineering/a_Thot (9)")): Object: 'Object Repository/Page_Kha Software Engineering/a_Thot (9)' is clicked on

2022-01-17 15:47:35 - [MESSAGE][PASSED] - Object: 'Object Repository/Page_Kha Software Engineering/a_Thot (9)' is clicked on

2022-01-17 15:47:35 - [TEST_STEP][PASSED] - click(findTestObject("Object Repository/Page_Local Moodle/a_Log in (11)")): Object: 'Object Repository/Page_Local Moodle/a_Log in (11)' is clicked on

2022-01-17 15:47:36 - [MESSAGE][PASSED] - Object: 'Object Repository/Page_Local Moodle/a_Log in (11)' is clicked on

2022-01-17 15:47:36 - [TEST_STEP][PASSED] - setText(findTestObject("Object Repository/Page_Local Moodle Log in to the site/input_Username_username (11)"), "hocvien"): Text 'hocvien' is set on object 'Object Repository/Page_Local Moodle Log in to the site/input_Username_username (11)'

2022-01-17 15:47:37 - [MESSAGE][PASSED] - Text 'hocvien' is set on object 'Object Repository/Page_Local Moodle Log in to the site/input_Username_username (11)'

2022-01-17 15:47:37 - [TEST_STEP][PASSED] - setEncryptedText(findTestObject("Object Repository/Page_Local Moodle Log in to the site/input_Password_password (11)"), "e0iuw4o+VG38P/PfCbIZUw=="): Text ****** has been set on object 'Object Repository/Page_Local Moodle Log in to the site/input_Password_password (11)'

2022-01-17 15:47:37 - [MESSAGE][PASSED] - Text ****** has been set on object 'Object Repository/Page_Local Moodle Log in to the site/input_Password_password (11)'

2022-01-17 15:47:37 - [TEST_STEP][PASSED] - click(findTestObject("Object Repository/Page_Local Moodle Log in to the site/button_Log in (11)")): Object: 'Object Repository/Page_Local Moodle Log in to the site/button_Log in (11)' is clicked on

2022-01-17 15:47:38 - [MESSAGE][PASSED] - Object: 'Object Repository/Page_Local Moodle Log in to the site/button_Log in (11)' is clicked on

2022-01-17 15:47:38 - [TEST_STEP][PASSED] - click(findTestObject("Page_Nh ca ti/span_Software Engineering")): Object: 'Object Repository/Page_Nh ca ti/span_Software Engineering' is clicked on

2022-01-17 15:47:40 - [MESSAGE][PASSED] - Object: 'Object Repository/Page_Nh ca ti/span_Software Engineering' is clicked on

2022-01-17 15:47:40 - [TEST_STEP][PASSED] - click(findTestObject("Object Repository/Page_Kha Software Engineering/span_Bi tp vn bn")): Object: 'Object Repository/Page_Kha Software Engineering/span_Bi tp vn bn' is clicked on

2022-01-17 15:47:41 - [MESSAGE][PASSED] - Object: 'Object Repository/Page_Kha Software Engineering/span_Bi tp vn bn' is clicked on

2022-01-17 15:47:41 - [TEST_STEP][PASSED] - click(findTestObject("Object Repository/Page_SE Bi tp vn bn/button_Thm bi np")): Object: 'Object Repository/Page_SE Bi tp vn bn/button_Thm bi np' is clicked on

2022-01-17 15:47:47 - [MESSAGE][INFO] - Unable to find the element located by 'By.xpath: //button[@id='single_button61dd98c7396f020']'. Please recheck the objects properties to make sure the desired element is located. 

2022-01-17 15:47:47 - [MESSAGE][WARNING] - [SELF-HEALING] Failed to find element with id 'Object Repository/Page_SE Bi tp vn bn/button_Thm bi np'. Try using Self-healing.

2022-01-17 15:47:47 - [MESSAGE][WARNING] - [SELF-HEALING] The current locator of test object 'Object Repository/Page_SE Bi tp vn bn/button_Thm bi np' was broken. Propose an alternative one: '//section[@id='region-main']/div/div[3]/div[2]/div/form/button'.

2022-01-17 15:47:48 - [MESSAGE][PASSED] - Object: 'Object Repository/Page_SE Bi tp vn bn/button_Thm bi np' is clicked on

2022-01-17 15:47:48 - [TEST_STEP][PASSED] - closeBrowser(): Browser is closed

2022-01-17 15:47:49 - [MESSAGE][PASSED] - Browser is closed]]></system-out>
         <system-err><![CDATA[]]></system-err>
      </testcase>
      <testcase name="Test Cases/Create assignment/Create Assignment Set Type File" time="72.064" classname="Test Cases/Create assignment/Create Assignment Set Type File" status="PASSED">
         <system-out><![CDATA[2022-01-17 15:47:49 - [TEST_CASE][PASSED] - Test Cases/Create assignment/Create Assignment Set Type File: Test Cases/Create assignment/Create Assignment Set Type File

2022-01-17 15:47:49 - [TEST_STEP][PASSED] - openBrowser(""): Browser is opened with url: ''

2022-01-17 15:47:49 - [MESSAGE][INFO] - Starting 'Chrome' driver

2022-01-17 15:47:49 - [MESSAGE][INFO] - Action delay is set to 0 milliseconds

2022-01-17 15:47:50 - [MESSAGE][PASSED] - Browser is opened with url: ''

2022-01-17 15:47:50 - [TEST_STEP][PASSED] - navigateToUrl("http://localhost/"): Navigate to 'http://localhost/' successfully

2022-01-17 15:47:51 - [MESSAGE][PASSED] - Navigate to 'http://localhost/' successfully

2022-01-17 15:47:51 - [TEST_STEP][PASSED] - click(findTestObject("Object Repository/Page_Local Moodle/a_Log in (12)")): Object: 'Object Repository/Page_Local Moodle/a_Log in (12)' is clicked on

2022-01-17 15:47:51 - [MESSAGE][PASSED] - Object: 'Object Repository/Page_Local Moodle/a_Log in (12)' is clicked on

2022-01-17 15:47:51 - [TEST_STEP][PASSED] - setText(findTestObject("Object Repository/Page_Local Moodle Log in to the site/input_Username_username (12)"), "robertle"): Text 'robertle' is set on object 'Object Repository/Page_Local Moodle Log in to the site/input_Username_username (12)'

2022-01-17 15:47:52 - [MESSAGE][PASSED] - Text 'robertle' is set on object 'Object Repository/Page_Local Moodle Log in to the site/input_Username_username (12)'

2022-01-17 15:47:52 - [TEST_STEP][PASSED] - setEncryptedText(findTestObject("Object Repository/Page_Local Moodle Log in to the site/input_Password_password (12)"), "e0iuw4o+VG38P/PfCbIZUw=="): Text ****** has been set on object 'Object Repository/Page_Local Moodle Log in to the site/input_Password_password (12)'

2022-01-17 15:47:53 - [MESSAGE][PASSED] - Text ****** has been set on object 'Object Repository/Page_Local Moodle Log in to the site/input_Password_password (12)'

2022-01-17 15:47:53 - [TEST_STEP][PASSED] - click(findTestObject("Object Repository/Page_Local Moodle Log in to the site/button_Log in (12)")): Object: 'Object Repository/Page_Local Moodle Log in to the site/button_Log in (12)' is clicked on

2022-01-17 15:47:54 - [MESSAGE][PASSED] - Object: 'Object Repository/Page_Local Moodle Log in to the site/button_Log in (12)' is clicked on

2022-01-17 15:47:54 - [TEST_STEP][PASSED] - click(findTestObject("Page_Nh ca ti/span_Software Engineering")): Object: 'Object Repository/Page_Nh ca ti/span_Software Engineering' is clicked on

2022-01-17 15:47:55 - [MESSAGE][PASSED] - Object: 'Object Repository/Page_Nh ca ti/span_Software Engineering' is clicked on

2022-01-17 15:47:55 - [TEST_STEP][PASSED] - click(findTestObject("Object Repository/Page_Kha Software Engineering/button_Bt ch  chnh sa (11)")): Object: 'Object Repository/Page_Kha Software Engineering/button_Bt ch  chnh sa (11)' is clicked on

2022-01-17 15:48:01 - [MESSAGE][INFO] - Unable to find the element located by 'By.xpath: //button[@id='single_button61dd9a7e8fee61']'. Please recheck the objects properties to make sure the desired element is located. 

2022-01-17 15:48:01 - [MESSAGE][WARNING] - [SELF-HEALING] Failed to find element with id 'Object Repository/Page_Kha Software Engineering/button_Bt ch  chnh sa (11)'. Try using Self-healing.

2022-01-17 15:48:02 - [MESSAGE][WARNING] - [SELF-HEALING] The current locator of test object 'Object Repository/Page_Kha Software Engineering/button_Bt ch  chnh sa (11)' was broken. Propose an alternative one: '//header[@id='page-header']/div/div/div/div[2]/div[2]/div/form/button'.

2022-01-17 15:48:02 - [MESSAGE][PASSED] - Object: 'Object Repository/Page_Kha Software Engineering/button_Bt ch  chnh sa (11)' is clicked on

2022-01-17 15:48:02 - [TEST_STEP][PASSED] - click(findTestObject("Object Repository/Page_Kha Software Engineering/button_Thm hot ng hoc ti nguyn (5)")): Object: 'Object Repository/Page_Kha Software Engineering/button_Thm hot ng hoc ti nguyn (5)' is clicked on

2022-01-17 15:48:08 - [MESSAGE][INFO] - Unable to find the element located by 'By.xpath: //button[@id='yui_3_17_2_1_1641912961590_622']'. Please recheck the objects properties to make sure the desired element is located. 

2022-01-17 15:48:08 - [MESSAGE][WARNING] - [SELF-HEALING] Failed to find element with id 'Object Repository/Page_Kha Software Engineering/button_Thm hot ng hoc ti nguyn (5)'. Try using Self-healing.

2022-01-17 15:48:09 - [MESSAGE][WARNING] - [SELF-HEALING] The current locator of test object 'Object Repository/Page_Kha Software Engineering/button_Thm hot ng hoc ti nguyn (5)' was broken. Propose an alternative one: '(.//*[normalize-space(text()) and normalize-space(.)='Thêm tập tin ở đây'])[3]/following::button[1]'.

2022-01-17 15:48:09 - [MESSAGE][PASSED] - Object: 'Object Repository/Page_Kha Software Engineering/button_Thm hot ng hoc ti nguyn (5)' is clicked on

2022-01-17 15:48:09 - [TEST_STEP][PASSED] - click(findTestObject("Object Repository/Page_Kha Software Engineering/div_Thng tin v  Bi hc hot ng_optionicon mt-_6d37dc (2)")): Object: 'Object Repository/Page_Kha Software Engineering/div_Thng tin v  Bi hc hot ng_optionicon mt-_6d37dc (2)' is clicked on

2022-01-17 15:48:15 - [MESSAGE][INFO] - Unable to find the element located by 'By.xpath: //div[@id='all-4']/div/div[3]/div/a/div'. Please recheck the objects properties to make sure the desired element is located. 

2022-01-17 15:48:15 - [MESSAGE][WARNING] - [SELF-HEALING] Failed to find element with id 'Object Repository/Page_Kha Software Engineering/div_Thng tin v  Bi hc hot ng_optionicon mt-_6d37dc (2)'. Try using Self-healing.

2022-01-17 15:48:15 - [MESSAGE][WARNING] - [SELF-HEALING] The current locator of test object 'Object Repository/Page_Kha Software Engineering/div_Thng tin v  Bi hc hot ng_optionicon mt-_6d37dc (2)' was broken. Propose an alternative one: '(.//*[normalize-space(text()) and normalize-space(.)='Bài học'])[1]/following::div[4]'.

2022-01-17 15:48:16 - [MESSAGE][PASSED] - Object: 'Object Repository/Page_Kha Software Engineering/div_Thng tin v  Bi hc hot ng_optionicon mt-_6d37dc (2)' is clicked on

2022-01-17 15:48:16 - [TEST_STEP][PASSED] - setText(findTestObject("Object Repository/Page_Bin son Bi tp/input_Tn bi tp_name (11)"), "Type File"): Text 'Type File' is set on object 'Object Repository/Page_Bin son Bi tp/input_Tn bi tp_name (11)'

2022-01-17 15:48:18 - [MESSAGE][PASSED] - Text 'Type File' is set on object 'Object Repository/Page_Bin son Bi tp/input_Tn bi tp_name (11)'

2022-01-17 15:48:18 - [TEST_STEP][PASSED] - click(findTestObject("Object Repository/Page_Bin son Bi tp/input_Cc loi tp tin c chp nhn_yui_3_17_2_1__69c1f3")): Object: 'Object Repository/Page_Bin son Bi tp/input_Cc loi tp tin c chp nhn_yui_3_17_2_1__69c1f3' is clicked on

2022-01-17 15:48:24 - [MESSAGE][INFO] - Unable to find the element located by 'By.xpath: //input[@id='yui_3_17_2_1_1641912968851_1479']'. Please recheck the objects properties to make sure the desired element is located. 

2022-01-17 15:48:24 - [MESSAGE][WARNING] - [SELF-HEALING] Failed to find element with id 'Object Repository/Page_Bin son Bi tp/input_Cc loi tp tin c chp nhn_yui_3_17_2_1__69c1f3'. Try using Self-healing.

2022-01-17 15:48:24 - [MESSAGE][WARNING] - [SELF-HEALING] The current locator of test object 'Object Repository/Page_Bin son Bi tp/input_Cc loi tp tin c chp nhn_yui_3_17_2_1__69c1f3' was broken. Propose an alternative one: '//fieldset/div/span/input'.

2022-01-17 15:48:24 - [MESSAGE][PASSED] - Object: 'Object Repository/Page_Bin son Bi tp/input_Cc loi tp tin c chp nhn_yui_3_17_2_1__69c1f3' is clicked on

2022-01-17 15:48:24 - [TEST_STEP][PASSED] - click(findTestObject("Object Repository/Page_Bin son Bi tp/input_Cc loi tp tin c chp nhn_yui_3_17_2_1__e7c937")): Object: 'Object Repository/Page_Bin son Bi tp/input_Cc loi tp tin c chp nhn_yui_3_17_2_1__e7c937' is clicked on

2022-01-17 15:48:30 - [MESSAGE][INFO] - Unable to find the element located by 'By.xpath: //input[@id='yui_3_17_2_1_1641912968851_1521']'. Please recheck the objects properties to make sure the desired element is located. 

2022-01-17 15:48:30 - [MESSAGE][WARNING] - [SELF-HEALING] Failed to find element with id 'Object Repository/Page_Bin son Bi tp/input_Cc loi tp tin c chp nhn_yui_3_17_2_1__e7c937'. Try using Self-healing.

2022-01-17 15:48:31 - [MESSAGE][WARNING] - [SELF-HEALING] The current locator of test object 'Object Repository/Page_Bin son Bi tp/input_Cc loi tp tin c chp nhn_yui_3_17_2_1__e7c937' was broken. Propose an alternative one: '//div/div/label/input'.

2022-01-17 15:48:31 - [MESSAGE][PASSED] - Object: 'Object Repository/Page_Bin son Bi tp/input_Cc loi tp tin c chp nhn_yui_3_17_2_1__e7c937' is clicked on

2022-01-17 15:48:31 - [TEST_STEP][PASSED] - click(findTestObject("Object Repository/Page_Bin son Bi tp/button_Lu nhng thay i (2)")): Object: 'Object Repository/Page_Bin son Bi tp/button_Lu nhng thay i (2)' is clicked on

2022-01-17 15:48:37 - [MESSAGE][INFO] - Unable to find the element located by 'By.xpath: //button[@id='yui_3_17_2_1_1641912968851_1533']'. Please recheck the objects properties to make sure the desired element is located. 

2022-01-17 15:48:37 - [MESSAGE][WARNING] - [SELF-HEALING] Failed to find element with id 'Object Repository/Page_Bin son Bi tp/button_Lu nhng thay i (2)'. Try using Self-healing.

2022-01-17 15:48:37 - [MESSAGE][WARNING] - [SELF-HEALING] The current locator of test object 'Object Repository/Page_Bin son Bi tp/button_Lu nhng thay i (2)' was broken. Propose an alternative one: '(.//*[normalize-space(text()) and normalize-space(.)='.cpp'])[1]/following::button[1]'.

2022-01-17 15:48:37 - [MESSAGE][PASSED] - Object: 'Object Repository/Page_Bin son Bi tp/button_Lu nhng thay i (2)' is clicked on

2022-01-17 15:48:37 - [TEST_STEP][PASSED] - click(findTestObject("Object Repository/Page_Bin son Bi tp/input_Upon activity completion_submitbutton2 (11)")): Object: 'Object Repository/Page_Bin son Bi tp/input_Upon activity completion_submitbutton2 (11)' is clicked on

2022-01-17 15:48:38 - [MESSAGE][PASSED] - Object: 'Object Repository/Page_Bin son Bi tp/input_Upon activity completion_submitbutton2 (11)' is clicked on

2022-01-17 15:48:38 - [TEST_STEP][PASSED] - click(findTestObject("Object Repository/Page_Kha Software Engineering/a_Robert Le (11)")): Object: 'Object Repository/Page_Kha Software Engineering/a_Robert Le (11)' is clicked on

2022-01-17 15:48:39 - [MESSAGE][PASSED] - Object: 'Object Repository/Page_Kha Software Engineering/a_Robert Le (11)' is clicked on

2022-01-17 15:48:39 - [TEST_STEP][PASSED] - click(findTestObject("Object Repository/Page_Kha Software Engineering/a_Thot (10)")): Object: 'Object Repository/Page_Kha Software Engineering/a_Thot (10)' is clicked on

2022-01-17 15:48:40 - [MESSAGE][PASSED] - Object: 'Object Repository/Page_Kha Software Engineering/a_Thot (10)' is clicked on

2022-01-17 15:48:40 - [TEST_STEP][PASSED] - click(findTestObject("Object Repository/Page_Local Moodle/a_Log in (12)")): Object: 'Object Repository/Page_Local Moodle/a_Log in (12)' is clicked on

2022-01-17 15:48:40 - [MESSAGE][PASSED] - Object: 'Object Repository/Page_Local Moodle/a_Log in (12)' is clicked on

2022-01-17 15:48:40 - [TEST_STEP][PASSED] - setText(findTestObject("Object Repository/Page_Local Moodle Log in to the site/input_Username_username (12)"), "hocvien"): Text 'hocvien' is set on object 'Object Repository/Page_Local Moodle Log in to the site/input_Username_username (12)'

2022-01-17 15:48:41 - [MESSAGE][PASSED] - Text 'hocvien' is set on object 'Object Repository/Page_Local Moodle Log in to the site/input_Username_username (12)'

2022-01-17 15:48:41 - [TEST_STEP][PASSED] - setEncryptedText(findTestObject("Object Repository/Page_Local Moodle Log in to the site/input_Password_password (12)"), "e0iuw4o+VG38P/PfCbIZUw=="): Text ****** has been set on object 'Object Repository/Page_Local Moodle Log in to the site/input_Password_password (12)'

2022-01-17 15:48:42 - [MESSAGE][PASSED] - Text ****** has been set on object 'Object Repository/Page_Local Moodle Log in to the site/input_Password_password (12)'

2022-01-17 15:48:42 - [TEST_STEP][PASSED] - click(findTestObject("Object Repository/Page_Local Moodle Log in to the site/button_Log in (12)")): Object: 'Object Repository/Page_Local Moodle Log in to the site/button_Log in (12)' is clicked on

2022-01-17 15:48:43 - [MESSAGE][PASSED] - Object: 'Object Repository/Page_Local Moodle Log in to the site/button_Log in (12)' is clicked on

2022-01-17 15:48:43 - [TEST_STEP][PASSED] - click(findTestObject("Page_Nh ca ti/span_Software Engineering")): Object: 'Object Repository/Page_Nh ca ti/span_Software Engineering' is clicked on

2022-01-17 15:48:44 - [MESSAGE][PASSED] - Object: 'Object Repository/Page_Nh ca ti/span_Software Engineering' is clicked on

2022-01-17 15:48:44 - [TEST_STEP][PASSED] - click(findTestObject("Object Repository/Page_Kha Software Engineering/span_Type File Bi tp")): Object: 'Object Repository/Page_Kha Software Engineering/span_Type File Bi tp' is clicked on

2022-01-17 15:48:50 - [MESSAGE][INFO] - Unable to find the element located by 'By.xpath: //li[@id='module-23']/div/div/div[2]/div/a/span'. Please recheck the objects properties to make sure the desired element is located. 

2022-01-17 15:48:50 - [MESSAGE][WARNING] - [SELF-HEALING] Failed to find element with id 'Object Repository/Page_Kha Software Engineering/span_Type File Bi tp'. Try using Self-healing.

2022-01-17 15:48:51 - [MESSAGE][WARNING] - [SELF-HEALING] The current locator of test object 'Object Repository/Page_Kha Software Engineering/span_Type File Bi tp' was broken. Propose an alternative one: '//*/text()[normalize-space(.)='Type File']/parent::*'.

2022-01-17 15:48:51 - [MESSAGE][PASSED] - Object: 'Object Repository/Page_Kha Software Engineering/span_Type File Bi tp' is clicked on

2022-01-17 15:48:51 - [TEST_STEP][PASSED] - click(findTestObject("Object Repository/Page_SE Type File/button_Thm bi np")): Object: 'Object Repository/Page_SE Type File/button_Thm bi np' is clicked on

2022-01-17 15:48:58 - [MESSAGE][INFO] - Unable to find the element located by 'By.xpath: //button[@id='single_button61dd9aceb7f6120']'. Please recheck the objects properties to make sure the desired element is located. 

2022-01-17 15:48:58 - [MESSAGE][WARNING] - [SELF-HEALING] Failed to find element with id 'Object Repository/Page_SE Type File/button_Thm bi np'. Try using Self-healing.

2022-01-17 15:49:00 - [MESSAGE][WARNING] - [SELF-HEALING] The current locator of test object 'Object Repository/Page_SE Type File/button_Thm bi np' was broken. Propose an alternative one: '//section[@id='region-main']/div/div[3]/div[2]/div/form/button'.

2022-01-17 15:49:00 - [MESSAGE][PASSED] - Object: 'Object Repository/Page_SE Type File/button_Thm bi np' is clicked on

2022-01-17 15:49:00 - [TEST_STEP][PASSED] - closeBrowser(): Browser is closed

2022-01-17 15:49:01 - [MESSAGE][PASSED] - Browser is closed]]></system-out>
         <system-err><![CDATA[]]></system-err>
      </testcase>
      <testcase name="Test Cases/Create assignment/Create Simple Assignment" time="40.718" classname="Test Cases/Create assignment/Create Simple Assignment" status="PASSED">
         <system-out><![CDATA[2022-01-17 15:49:01 - [TEST_CASE][PASSED] - Test Cases/Create assignment/Create Simple Assignment: Test Cases/Create assignment/Create Simple Assignment

2022-01-17 15:49:01 - [TEST_STEP][PASSED] - openBrowser(""): Browser is opened with url: ''

2022-01-17 15:49:01 - [MESSAGE][INFO] - Starting 'Chrome' driver

2022-01-17 15:49:01 - [MESSAGE][INFO] - Action delay is set to 0 milliseconds

2022-01-17 15:49:02 - [MESSAGE][PASSED] - Browser is opened with url: ''

2022-01-17 15:49:02 - [TEST_STEP][PASSED] - navigateToUrl("http://localhost/"): Navigate to 'http://localhost/' successfully

2022-01-17 15:49:03 - [MESSAGE][PASSED] - Navigate to 'http://localhost/' successfully

2022-01-17 15:49:03 - [TEST_STEP][PASSED] - click(findTestObject("Object Repository/Page_Local Moodle/a_Log in (7)")): Object: 'Object Repository/Page_Local Moodle/a_Log in (7)' is clicked on

2022-01-17 15:49:03 - [MESSAGE][PASSED] - Object: 'Object Repository/Page_Local Moodle/a_Log in (7)' is clicked on

2022-01-17 15:49:03 - [TEST_STEP][PASSED] - setText(findTestObject("Object Repository/Page_Local Moodle Log in to the site/input_Username_username (7)"), "robertle"): Text 'robertle' is set on object 'Object Repository/Page_Local Moodle Log in to the site/input_Username_username (7)'

2022-01-17 15:49:04 - [MESSAGE][PASSED] - Text 'robertle' is set on object 'Object Repository/Page_Local Moodle Log in to the site/input_Username_username (7)'

2022-01-17 15:49:04 - [TEST_STEP][PASSED] - setEncryptedText(findTestObject("Object Repository/Page_Local Moodle Log in to the site/input_Password_password (7)"), "e0iuw4o+VG38P/PfCbIZUw=="): Text ****** has been set on object 'Object Repository/Page_Local Moodle Log in to the site/input_Password_password (7)'

2022-01-17 15:49:04 - [MESSAGE][PASSED] - Text ****** has been set on object 'Object Repository/Page_Local Moodle Log in to the site/input_Password_password (7)'

2022-01-17 15:49:04 - [TEST_STEP][PASSED] - click(findTestObject("Object Repository/Page_Local Moodle Log in to the site/button_Log in (7)")): Object: 'Object Repository/Page_Local Moodle Log in to the site/button_Log in (7)' is clicked on

2022-01-17 15:49:05 - [MESSAGE][PASSED] - Object: 'Object Repository/Page_Local Moodle Log in to the site/button_Log in (7)' is clicked on

2022-01-17 15:49:05 - [TEST_STEP][PASSED] - click(findTestObject("Page_Nh ca ti/span_Software Engineering")): Object: 'Object Repository/Page_Nh ca ti/span_Software Engineering' is clicked on

2022-01-17 15:49:07 - [MESSAGE][PASSED] - Object: 'Object Repository/Page_Nh ca ti/span_Software Engineering' is clicked on

2022-01-17 15:49:07 - [TEST_STEP][PASSED] - click(findTestObject("Object Repository/Page_Kha Software Engineering/button_Bt ch  chnh sa (6)")): Object: 'Object Repository/Page_Kha Software Engineering/button_Bt ch  chnh sa (6)' is clicked on

2022-01-17 15:49:13 - [MESSAGE][INFO] - Unable to find the element located by 'By.xpath: //button[@id='single_button61dcf992917921']'. Please recheck the objects properties to make sure the desired element is located. 

2022-01-17 15:49:13 - [MESSAGE][WARNING] - [SELF-HEALING] Failed to find element with id 'Object Repository/Page_Kha Software Engineering/button_Bt ch  chnh sa (6)'. Try using Self-healing.

2022-01-17 15:49:13 - [MESSAGE][WARNING] - [SELF-HEALING] The current locator of test object 'Object Repository/Page_Kha Software Engineering/button_Bt ch  chnh sa (6)' was broken. Propose an alternative one: '//form/button'.

2022-01-17 15:49:14 - [MESSAGE][PASSED] - Object: 'Object Repository/Page_Kha Software Engineering/button_Bt ch  chnh sa (6)' is clicked on

2022-01-17 15:49:14 - [TEST_STEP][PASSED] - click(findTestObject("Object Repository/Page_Kha Software Engineering/button_Thm hot ng hoc ti nguyn (2)")): Object: 'Object Repository/Page_Kha Software Engineering/button_Thm hot ng hoc ti nguyn (2)' is clicked on

2022-01-17 15:49:21 - [MESSAGE][INFO] - Unable to find the element located by 'By.xpath: //button[@id='yui_3_17_2_1_1641871765372_625']'. Please recheck the objects properties to make sure the desired element is located. 

2022-01-17 15:49:21 - [MESSAGE][WARNING] - [SELF-HEALING] Failed to find element with id 'Object Repository/Page_Kha Software Engineering/button_Thm hot ng hoc ti nguyn (2)'. Try using Self-healing.

2022-01-17 15:49:21 - [MESSAGE][WARNING] - [SELF-HEALING] The current locator of test object 'Object Repository/Page_Kha Software Engineering/button_Thm hot ng hoc ti nguyn (2)' was broken. Propose an alternative one: '(.//*[normalize-space(text()) and normalize-space(.)='Thêm tập tin ở đây'])[3]/following::button[1]'.

2022-01-17 15:49:21 - [MESSAGE][PASSED] - Object: 'Object Repository/Page_Kha Software Engineering/button_Thm hot ng hoc ti nguyn (2)' is clicked on

2022-01-17 15:49:21 - [TEST_STEP][PASSED] - click(findTestObject("Object Repository/Page_Kha Software Engineering/a_Bi tp (4)")): Object: 'Object Repository/Page_Kha Software Engineering/a_Bi tp (4)' is clicked on

2022-01-17 15:49:27 - [MESSAGE][INFO] - Unable to find the element located by 'By.xpath: //div[@id='all-4']/div/div[3]/div/a'. Please recheck the objects properties to make sure the desired element is located. 

2022-01-17 15:49:27 - [MESSAGE][WARNING] - [SELF-HEALING] Failed to find element with id 'Object Repository/Page_Kha Software Engineering/a_Bi tp (4)'. Try using Self-healing.

2022-01-17 15:49:28 - [MESSAGE][WARNING] - [SELF-HEALING] The current locator of test object 'Object Repository/Page_Kha Software Engineering/a_Bi tp (4)' was broken. Propose an alternative one: '(.//*[normalize-space(text()) and normalize-space(.)='Bài học'])[1]/following::a[1]'.

2022-01-17 15:49:29 - [MESSAGE][PASSED] - Object: 'Object Repository/Page_Kha Software Engineering/a_Bi tp (4)' is clicked on

2022-01-17 15:49:29 - [TEST_STEP][PASSED] - setText(findTestObject("Object Repository/Page_Bin son Bi tp/input_Tn bi tp_name (6)"), "Assignment 1"): Text 'Assignment 1' is set on object 'Object Repository/Page_Bin son Bi tp/input_Tn bi tp_name (6)'

2022-01-17 15:49:31 - [MESSAGE][PASSED] - Text 'Assignment 1' is set on object 'Object Repository/Page_Bin son Bi tp/input_Tn bi tp_name (6)'

2022-01-17 15:49:31 - [TEST_STEP][PASSED] - click(findTestObject("Object Repository/Page_Bin son Bi tp/input_Upon activity completion_submitbutton2 (6)")): Object: 'Object Repository/Page_Bin son Bi tp/input_Upon activity completion_submitbutton2 (6)' is clicked on

2022-01-17 15:49:33 - [MESSAGE][PASSED] - Object: 'Object Repository/Page_Bin son Bi tp/input_Upon activity completion_submitbutton2 (6)' is clicked on

2022-01-17 15:49:33 - [TEST_STEP][PASSED] - click(findTestObject("Object Repository/Page_Kha Software Engineering/a_Robert Le (6)")): Object: 'Object Repository/Page_Kha Software Engineering/a_Robert Le (6)' is clicked on

2022-01-17 15:49:33 - [MESSAGE][PASSED] - Object: 'Object Repository/Page_Kha Software Engineering/a_Robert Le (6)' is clicked on

2022-01-17 15:49:33 - [TEST_STEP][PASSED] - click(findTestObject("Object Repository/Page_Kha Software Engineering/a_Thot (5)")): Object: 'Object Repository/Page_Kha Software Engineering/a_Thot (5)' is clicked on

2022-01-17 15:49:34 - [MESSAGE][PASSED] - Object: 'Object Repository/Page_Kha Software Engineering/a_Thot (5)' is clicked on

2022-01-17 15:49:34 - [TEST_STEP][PASSED] - click(findTestObject("Object Repository/Page_Local Moodle/a_Log in (7)")): Object: 'Object Repository/Page_Local Moodle/a_Log in (7)' is clicked on

2022-01-17 15:49:35 - [MESSAGE][PASSED] - Object: 'Object Repository/Page_Local Moodle/a_Log in (7)' is clicked on

2022-01-17 15:49:35 - [TEST_STEP][PASSED] - setText(findTestObject("Object Repository/Page_Local Moodle Log in to the site/input_Username_username (7)"), "hocvien"): Text 'hocvien' is set on object 'Object Repository/Page_Local Moodle Log in to the site/input_Username_username (7)'

2022-01-17 15:49:36 - [MESSAGE][PASSED] - Text 'hocvien' is set on object 'Object Repository/Page_Local Moodle Log in to the site/input_Username_username (7)'

2022-01-17 15:49:36 - [TEST_STEP][PASSED] - setEncryptedText(findTestObject("Object Repository/Page_Local Moodle Log in to the site/input_Password_password (7)"), "e0iuw4o+VG38P/PfCbIZUw=="): Text ****** has been set on object 'Object Repository/Page_Local Moodle Log in to the site/input_Password_password (7)'

2022-01-17 15:49:37 - [MESSAGE][PASSED] - Text ****** has been set on object 'Object Repository/Page_Local Moodle Log in to the site/input_Password_password (7)'

2022-01-17 15:49:37 - [TEST_STEP][PASSED] - click(findTestObject("Object Repository/Page_Local Moodle Log in to the site/button_Log in (7)")): Object: 'Object Repository/Page_Local Moodle Log in to the site/button_Log in (7)' is clicked on

2022-01-17 15:49:39 - [MESSAGE][PASSED] - Object: 'Object Repository/Page_Local Moodle Log in to the site/button_Log in (7)' is clicked on

2022-01-17 15:49:39 - [TEST_STEP][PASSED] - click(findTestObject("Page_Nh ca ti/span_Software Engineering")): Object: 'Object Repository/Page_Nh ca ti/span_Software Engineering' is clicked on

2022-01-17 15:49:41 - [MESSAGE][PASSED] - Object: 'Object Repository/Page_Nh ca ti/span_Software Engineering' is clicked on]]></system-out>
         <system-err><![CDATA[]]></system-err>
      </testcase>
      <testcase name="Test Cases/Create event on calendar/Create Simple Event" time="47.863" classname="Test Cases/Create event on calendar/Create Simple Event" status="PASSED">
         <system-out><![CDATA[2022-01-17 15:49:41 - [TEST_CASE][PASSED] - Test Cases/Create event on calendar/Create Simple Event: Test Cases/Create event on calendar/Create Simple Event

2022-01-17 15:49:42 - [TEST_STEP][PASSED] - openBrowser(""): Browser is opened with url: ''

2022-01-17 15:49:42 - [MESSAGE][WARNING] - A browser is already opened. Closing browser and opening a new one

2022-01-17 15:49:43 - [MESSAGE][INFO] - Starting 'Chrome' driver

2022-01-17 15:49:43 - [MESSAGE][INFO] - Action delay is set to 0 milliseconds

2022-01-17 15:49:45 - [MESSAGE][PASSED] - Browser is opened with url: ''

2022-01-17 15:49:45 - [TEST_STEP][PASSED] - navigateToUrl("http://localhost/"): Navigate to 'http://localhost/' successfully

2022-01-17 15:49:45 - [MESSAGE][PASSED] - Navigate to 'http://localhost/' successfully

2022-01-17 15:49:45 - [TEST_STEP][PASSED] - click(findTestObject("Object Repository/Page_Local Moodle/a_Log in (1)")): Object: 'Object Repository/Page_Local Moodle/a_Log in (1)' is clicked on

2022-01-17 15:49:46 - [MESSAGE][PASSED] - Object: 'Object Repository/Page_Local Moodle/a_Log in (1)' is clicked on

2022-01-17 15:49:46 - [TEST_STEP][PASSED] - setText(findTestObject("Object Repository/Page_Local Moodle Log in to the site/input_Username_username (1)"), "admin"): Text 'admin' is set on object 'Object Repository/Page_Local Moodle Log in to the site/input_Username_username (1)'

2022-01-17 15:49:47 - [MESSAGE][PASSED] - Text 'admin' is set on object 'Object Repository/Page_Local Moodle Log in to the site/input_Username_username (1)'

2022-01-17 15:49:47 - [TEST_STEP][PASSED] - setEncryptedText(findTestObject("Object Repository/Page_Local Moodle Log in to the site/input_Password_password (1)"), "bfAykA/oWJ09FXmiKh6lyuuLu8QhG1K5"): Text ****** has been set on object 'Object Repository/Page_Local Moodle Log in to the site/input_Password_password (1)'

2022-01-17 15:49:48 - [MESSAGE][PASSED] - Text ****** has been set on object 'Object Repository/Page_Local Moodle Log in to the site/input_Password_password (1)'

2022-01-17 15:49:48 - [TEST_STEP][PASSED] - click(findTestObject("Object Repository/Page_Local Moodle Log in to the site/button_Log in (1)")): Object: 'Object Repository/Page_Local Moodle Log in to the site/button_Log in (1)' is clicked on

2022-01-17 15:49:50 - [MESSAGE][PASSED] - Object: 'Object Repository/Page_Local Moodle Log in to the site/button_Log in (1)' is clicked on

2022-01-17 15:49:50 - [TEST_STEP][PASSED] - click(findTestObject("Object Repository/Page_Nh ca ti/a_Lch")): Object: 'Object Repository/Page_Nh ca ti/a_Lch' is clicked on

2022-01-17 15:49:54 - [MESSAGE][PASSED] - Object: 'Object Repository/Page_Nh ca ti/a_Lch' is clicked on

2022-01-17 15:49:54 - [TEST_STEP][PASSED] - click(findTestObject("Object Repository/Page_Moodle Lch Xem chi tit thng Thng Ging 2022/button_S kin mi_1")): Object: 'Object Repository/Page_Moodle Lch Xem chi tit thng Thng Ging 2022/button_S kin mi_1' is clicked on

2022-01-17 15:50:00 - [MESSAGE][INFO] - Unable to find the element located by 'By.xpath: //button[@id='yui_3_17_2_1_1642045087639_436']'. Please recheck the objects properties to make sure the desired element is located. 

2022-01-17 15:50:00 - [MESSAGE][WARNING] - [SELF-HEALING] Failed to find element with id 'Object Repository/Page_Moodle Lch Xem chi tit thng Thng Ging 2022/button_S kin mi_1'. Try using Self-healing.

2022-01-17 15:50:00 - [MESSAGE][WARNING] - [SELF-HEALING] The current locator of test object 'Object Repository/Page_Moodle Lch Xem chi tit thng Thng Ging 2022/button_S kin mi_1' was broken. Propose an alternative one: '(.//*[normalize-space(text()) and normalize-space(.)='Danh sách khóa học'])[1]/following::button[1]'.

2022-01-17 15:50:01 - [MESSAGE][PASSED] - Object: 'Object Repository/Page_Moodle Lch Xem chi tit thng Thng Ging 2022/button_S kin mi_1' is clicked on

2022-01-17 15:50:01 - [TEST_STEP][PASSED] - setText(findTestObject("Object Repository/Page_Moodle Lch Xem chi tit thng Thng Ging 2022/input_Tiu  s kin_name"), "Seminar Project 1"): Text 'Seminar Project 1' is set on object 'Object Repository/Page_Moodle Lch Xem chi tit thng Thng Ging 2022/input_Tiu  s kin_name'

2022-01-17 15:50:04 - [MESSAGE][PASSED] - Text 'Seminar Project 1' is set on object 'Object Repository/Page_Moodle Lch Xem chi tit thng Thng Ging 2022/input_Tiu  s kin_name'

2022-01-17 15:50:04 - [TEST_STEP][PASSED] - selectOptionByValue(findTestObject("Object Repository/Page_Moodle Lch Xem chi tit thng Thng Ging 2022/select_Thng Ging        Thng Hai        Thn_b248db"), "2", true): All options with value '2' are selected in object 'Object Repository/Page_Moodle Lch Xem chi tit thng Thng Ging 2022/select_Thng Ging        Thng Hai        Thn_b248db'  using regular expression

2022-01-17 15:50:05 - [MESSAGE][PASSED] - All options with value '2' are selected in object 'Object Repository/Page_Moodle Lch Xem chi tit thng Thng Ging 2022/select_Thng Ging        Thng Hai        Thn_b248db'  using regular expression

2022-01-17 15:50:05 - [TEST_STEP][PASSED] - selectOptionByValue(findTestObject("Object Repository/Page_Moodle Lch Xem chi tit thng Thng Ging 2022/select_Thnh vin            Kho hc          _5efb09"), "course", true): All options with value 'course' are selected in object 'Object Repository/Page_Moodle Lch Xem chi tit thng Thng Ging 2022/select_Thnh vin            Kho hc          _5efb09'  using regular expression

2022-01-17 15:50:07 - [MESSAGE][PASSED] - All options with value 'course' are selected in object 'Object Repository/Page_Moodle Lch Xem chi tit thng Thng Ging 2022/select_Thnh vin            Kho hc          _5efb09'  using regular expression

2022-01-17 15:50:07 - [TEST_STEP][PASSED] - click(findTestObject("Object Repository/Page_Moodle Lch Xem chi tit thng Thng Ging 2022/span__1_2_3_4")): Object: 'Object Repository/Page_Moodle Lch Xem chi tit thng Thng Ging 2022/span__1_2_3_4' is clicked on

2022-01-17 15:50:13 - [MESSAGE][INFO] - Unable to find the element located by 'By.xpath: //span[@id='form_autocomplete_downarrow-1642045252858']'. Please recheck the objects properties to make sure the desired element is located. 

2022-01-17 15:50:13 - [MESSAGE][WARNING] - [SELF-HEALING] Failed to find element with id 'Object Repository/Page_Moodle Lch Xem chi tit thng Thng Ging 2022/span__1_2_3_4'. Try using Self-healing.

2022-01-17 15:50:13 - [MESSAGE][WARNING] - [SELF-HEALING] The current locator of test object 'Object Repository/Page_Moodle Lch Xem chi tit thng Thng Ging 2022/span__1_2_3_4' was broken. Propose an alternative one: '(.//*[normalize-space(text()) and normalize-space(.)='No selection'])[1]/following::span[1]'.

2022-01-17 15:50:13 - [MESSAGE][PASSED] - Object: 'Object Repository/Page_Moodle Lch Xem chi tit thng Thng Ging 2022/span__1_2_3_4' is clicked on

2022-01-17 15:50:13 - [TEST_STEP][PASSED] - click(findTestObject("Object Repository/Page_Moodle Lch Xem chi tit thng Thng Ging 2022/li_Software Engineering_1_2_3")): Object: 'Object Repository/Page_Moodle Lch Xem chi tit thng Thng Ging 2022/li_Software Engineering_1_2_3' is clicked on

2022-01-17 15:50:20 - [MESSAGE][INFO] - Unable to find the element located by 'By.xpath: //li[@id='form_autocomplete_suggestions-1642045252858-0']'. Please recheck the objects properties to make sure the desired element is located. 

2022-01-17 15:50:20 - [MESSAGE][WARNING] - [SELF-HEALING] Failed to find element with id 'Object Repository/Page_Moodle Lch Xem chi tit thng Thng Ging 2022/li_Software Engineering_1_2_3'. Try using Self-healing.

2022-01-17 15:50:20 - [MESSAGE][WARNING] - [SELF-HEALING] The current locator of test object 'Object Repository/Page_Moodle Lch Xem chi tit thng Thng Ging 2022/li_Software Engineering_1_2_3' was broken. Propose an alternative one: '(.//*[normalize-space(text()) and normalize-space(.)='▼'])[2]/following::li[1]'.

2022-01-17 15:50:20 - [MESSAGE][PASSED] - Object: 'Object Repository/Page_Moodle Lch Xem chi tit thng Thng Ging 2022/li_Software Engineering_1_2_3' is clicked on

2022-01-17 15:50:20 - [TEST_STEP][PASSED] - selectOptionByValue(findTestObject("Object Repository/Page_Moodle Lch Xem chi tit thng Thng Ging 2022/select_Software Engineering"), "3", true): All options with value '3' are selected in object 'Object Repository/Page_Moodle Lch Xem chi tit thng Thng Ging 2022/select_Software Engineering'  using regular expression

2022-01-17 15:50:22 - [MESSAGE][PASSED] - All options with value '3' are selected in object 'Object Repository/Page_Moodle Lch Xem chi tit thng Thng Ging 2022/select_Software Engineering'  using regular expression

2022-01-17 15:50:22 - [TEST_STEP][PASSED] - click(findTestObject("Object Repository/Page_Moodle Lch Xem chi tit thng Thng Ging 2022/button_Lu_1")): Object: 'Object Repository/Page_Moodle Lch Xem chi tit thng Thng Ging 2022/button_Lu_1' is clicked on

2022-01-17 15:50:28 - [MESSAGE][INFO] - Unable to find the element located by 'By.xpath: //button[@id='yui_3_17_2_1_1642045087639_606']'. Please recheck the objects properties to make sure the desired element is located. 

2022-01-17 15:50:28 - [MESSAGE][WARNING] - [SELF-HEALING] Failed to find element with id 'Object Repository/Page_Moodle Lch Xem chi tit thng Thng Ging 2022/button_Lu_1'. Try using Self-healing.

2022-01-17 15:50:28 - [MESSAGE][WARNING] - [SELF-HEALING] The current locator of test object 'Object Repository/Page_Moodle Lch Xem chi tit thng Thng Ging 2022/button_Lu_1' was broken. Propose an alternative one: '(.//*[normalize-space(text()) and normalize-space(.)='Lặp lại hàng tuần, tạo ra tất cả'])[1]/following::button[1]'.

2022-01-17 15:50:29 - [MESSAGE][PASSED] - Object: 'Object Repository/Page_Moodle Lch Xem chi tit thng Thng Ging 2022/button_Lu_1' is clicked on

2022-01-17 15:50:29 - [TEST_STEP][PASSED] - closeBrowser(): Browser is closed

2022-01-17 15:50:29 - [MESSAGE][PASSED] - Browser is closed]]></system-out>
         <system-err><![CDATA[]]></system-err>
      </testcase>
      <testcase name="Test Cases/Create event on calendar/Create Event Set Full" time="64.607" classname="Test Cases/Create event on calendar/Create Event Set Full" status="PASSED">
         <system-out><![CDATA[2022-01-17 15:50:29 - [TEST_CASE][PASSED] - Test Cases/Create event on calendar/Create Event Set Full: Test Cases/Create event on calendar/Create Event Set Full

2022-01-17 15:50:30 - [TEST_STEP][PASSED] - openBrowser(""): Browser is opened with url: ''

2022-01-17 15:50:30 - [MESSAGE][INFO] - Starting 'Chrome' driver

2022-01-17 15:50:30 - [MESSAGE][INFO] - Action delay is set to 0 milliseconds

2022-01-17 15:50:31 - [MESSAGE][PASSED] - Browser is opened with url: ''

2022-01-17 15:50:31 - [TEST_STEP][PASSED] - navigateToUrl("http://localhost/"): Navigate to 'http://localhost/' successfully

2022-01-17 15:50:32 - [MESSAGE][PASSED] - Navigate to 'http://localhost/' successfully

2022-01-17 15:50:32 - [TEST_STEP][PASSED] - click(findTestObject("Object Repository/Page_Local Moodle/a_Log in (16)")): Object: 'Object Repository/Page_Local Moodle/a_Log in (16)' is clicked on

2022-01-17 15:50:32 - [MESSAGE][PASSED] - Object: 'Object Repository/Page_Local Moodle/a_Log in (16)' is clicked on

2022-01-17 15:50:32 - [TEST_STEP][PASSED] - setText(findTestObject("Object Repository/Page_Local Moodle Log in to the site/input_Username_username (16)"), "admin"): Text 'admin' is set on object 'Object Repository/Page_Local Moodle Log in to the site/input_Username_username (16)'

2022-01-17 15:50:33 - [MESSAGE][PASSED] - Text 'admin' is set on object 'Object Repository/Page_Local Moodle Log in to the site/input_Username_username (16)'

2022-01-17 15:50:33 - [TEST_STEP][PASSED] - setEncryptedText(findTestObject("Object Repository/Page_Local Moodle Log in to the site/input_Password_password (16)"), "bfAykA/oWJ09FXmiKh6lyuuLu8QhG1K5"): Text ****** has been set on object 'Object Repository/Page_Local Moodle Log in to the site/input_Password_password (16)'

2022-01-17 15:50:34 - [MESSAGE][PASSED] - Text ****** has been set on object 'Object Repository/Page_Local Moodle Log in to the site/input_Password_password (16)'

2022-01-17 15:50:34 - [TEST_STEP][PASSED] - click(findTestObject("Object Repository/Page_Local Moodle Log in to the site/button_Log in (16)")): Object: 'Object Repository/Page_Local Moodle Log in to the site/button_Log in (16)' is clicked on

2022-01-17 15:50:36 - [MESSAGE][PASSED] - Object: 'Object Repository/Page_Local Moodle Log in to the site/button_Log in (16)' is clicked on

2022-01-17 15:50:36 - [TEST_STEP][PASSED] - click(findTestObject("Object Repository/Page_Nh ca ti/a_Lch (3)")): Object: 'Object Repository/Page_Nh ca ti/a_Lch (3)' is clicked on

2022-01-17 15:50:39 - [MESSAGE][PASSED] - Object: 'Object Repository/Page_Nh ca ti/a_Lch (3)' is clicked on

2022-01-17 15:50:39 - [TEST_STEP][PASSED] - click(findTestObject("Object Repository/Page_Moodle Lch Xem chi tit thng Thng Ging 2022/button_S kin mi (3)")): Object: 'Object Repository/Page_Moodle Lch Xem chi tit thng Thng Ging 2022/button_S kin mi (3)' is clicked on

2022-01-17 15:50:45 - [MESSAGE][INFO] - Unable to find the element located by 'By.xpath: //div[@id='calendar-month-61ddab774c1a161ddab770fc1721']/div/button'. Please recheck the objects properties to make sure the desired element is located. 

2022-01-17 15:50:45 - [MESSAGE][WARNING] - [SELF-HEALING] Failed to find element with id 'Object Repository/Page_Moodle Lch Xem chi tit thng Thng Ging 2022/button_S kin mi (3)'. Try using Self-healing.

2022-01-17 15:50:46 - [MESSAGE][WARNING] - [SELF-HEALING] The current locator of test object 'Object Repository/Page_Moodle Lch Xem chi tit thng Thng Ging 2022/button_S kin mi (3)' was broken. Propose an alternative one: '(.//*[normalize-space(text()) and normalize-space(.)='Danh sách khóa học'])[1]/following::button[1]'.

2022-01-17 15:50:46 - [MESSAGE][PASSED] - Object: 'Object Repository/Page_Moodle Lch Xem chi tit thng Thng Ging 2022/button_S kin mi (3)' is clicked on

2022-01-17 15:50:46 - [TEST_STEP][PASSED] - setText(findTestObject("Object Repository/Page_Moodle Lch Xem chi tit thng Thng Ging 2022/input_Tiu  s kin_name (3)"), "Seminar"): Text 'Seminar' is set on object 'Object Repository/Page_Moodle Lch Xem chi tit thng Thng Ging 2022/input_Tiu  s kin_name (3)'

2022-01-17 15:50:48 - [MESSAGE][PASSED] - Text 'Seminar' is set on object 'Object Repository/Page_Moodle Lch Xem chi tit thng Thng Ging 2022/input_Tiu  s kin_name (3)'

2022-01-17 15:50:48 - [TEST_STEP][PASSED] - selectOptionByValue(findTestObject("Object Repository/Page_Moodle Lch Xem chi tit thng Thng Ging 2022/select_1        2        3        4        _45ea30 (3)"), "16", true): All options with value '16' are selected in object 'Object Repository/Page_Moodle Lch Xem chi tit thng Thng Ging 2022/select_1        2        3        4        _45ea30 (3)'  using regular expression

2022-01-17 15:50:50 - [MESSAGE][PASSED] - All options with value '16' are selected in object 'Object Repository/Page_Moodle Lch Xem chi tit thng Thng Ging 2022/select_1        2        3        4        _45ea30 (3)'  using regular expression

2022-01-17 15:50:50 - [TEST_STEP][PASSED] - selectOptionByValue(findTestObject("Object Repository/Page_Moodle Lch Xem chi tit thng Thng Ging 2022/select_00        01        02        03    _f6e37b (2)"), "8", true): All options with value '8' are selected in object 'Object Repository/Page_Moodle Lch Xem chi tit thng Thng Ging 2022/select_00        01        02        03    _f6e37b (2)'  using regular expression

2022-01-17 15:50:52 - [MESSAGE][PASSED] - All options with value '8' are selected in object 'Object Repository/Page_Moodle Lch Xem chi tit thng Thng Ging 2022/select_00        01        02        03    _f6e37b (2)'  using regular expression

2022-01-17 15:50:52 - [TEST_STEP][PASSED] - selectOptionByValue(findTestObject("Object Repository/Page_Moodle Lch Xem chi tit thng Thng Ging 2022/select_00        01        02        03    _f6e37b_1 (2)"), "15", true): All options with value '15' are selected in object 'Object Repository/Page_Moodle Lch Xem chi tit thng Thng Ging 2022/select_00        01        02        03    _f6e37b_1 (2)'  using regular expression

2022-01-17 15:50:54 - [MESSAGE][PASSED] - All options with value '15' are selected in object 'Object Repository/Page_Moodle Lch Xem chi tit thng Thng Ging 2022/select_00        01        02        03    _f6e37b_1 (2)'  using regular expression

2022-01-17 15:50:54 - [TEST_STEP][PASSED] - selectOptionByValue(findTestObject("Object Repository/Page_Moodle Lch Xem chi tit thng Thng Ging 2022/select_Thnh vin            Kho hc          _5efb09 (3)"), "course", true): All options with value 'course' are selected in object 'Object Repository/Page_Moodle Lch Xem chi tit thng Thng Ging 2022/select_Thnh vin            Kho hc          _5efb09 (3)'  using regular expression

2022-01-17 15:50:56 - [MESSAGE][PASSED] - All options with value 'course' are selected in object 'Object Repository/Page_Moodle Lch Xem chi tit thng Thng Ging 2022/select_Thnh vin            Kho hc          _5efb09 (3)'  using regular expression

2022-01-17 15:50:56 - [TEST_STEP][PASSED] - click(findTestObject("Object Repository/Page_Moodle Lch Xem chi tit thng Thng Ging 2022/span__1_2_3_4")): Object: 'Object Repository/Page_Moodle Lch Xem chi tit thng Thng Ging 2022/span__1_2_3_4' is clicked on

2022-01-17 15:51:02 - [MESSAGE][INFO] - Unable to find the element located by 'By.xpath: //span[@id='form_autocomplete_downarrow-1642045252858']'. Please recheck the objects properties to make sure the desired element is located. 

2022-01-17 15:51:02 - [MESSAGE][WARNING] - [SELF-HEALING] Failed to find element with id 'Object Repository/Page_Moodle Lch Xem chi tit thng Thng Ging 2022/span__1_2_3_4'. Try using Self-healing.

2022-01-17 15:51:02 - [MESSAGE][WARNING] - [SELF-HEALING] The current locator of test object 'Object Repository/Page_Moodle Lch Xem chi tit thng Thng Ging 2022/span__1_2_3_4' was broken. Propose an alternative one: '(.//*[normalize-space(text()) and normalize-space(.)='No selection'])[1]/following::span[1]'.

2022-01-17 15:51:02 - [MESSAGE][PASSED] - Object: 'Object Repository/Page_Moodle Lch Xem chi tit thng Thng Ging 2022/span__1_2_3_4' is clicked on

2022-01-17 15:51:02 - [TEST_STEP][PASSED] - click(findTestObject("Object Repository/Page_Moodle Lch Xem chi tit thng Thng Ging 2022/li_Software Engineering_1_2_3")): Object: 'Object Repository/Page_Moodle Lch Xem chi tit thng Thng Ging 2022/li_Software Engineering_1_2_3' is clicked on

2022-01-17 15:51:09 - [MESSAGE][INFO] - Unable to find the element located by 'By.xpath: //li[@id='form_autocomplete_suggestions-1642045252858-0']'. Please recheck the objects properties to make sure the desired element is located. 

2022-01-17 15:51:09 - [MESSAGE][WARNING] - [SELF-HEALING] Failed to find element with id 'Object Repository/Page_Moodle Lch Xem chi tit thng Thng Ging 2022/li_Software Engineering_1_2_3'. Try using Self-healing.

2022-01-17 15:51:09 - [MESSAGE][WARNING] - [SELF-HEALING] The current locator of test object 'Object Repository/Page_Moodle Lch Xem chi tit thng Thng Ging 2022/li_Software Engineering_1_2_3' was broken. Propose an alternative one: '(.//*[normalize-space(text()) and normalize-space(.)='▼'])[2]/following::li[1]'.

2022-01-17 15:51:09 - [MESSAGE][PASSED] - Object: 'Object Repository/Page_Moodle Lch Xem chi tit thng Thng Ging 2022/li_Software Engineering_1_2_3' is clicked on

2022-01-17 15:51:09 - [TEST_STEP][PASSED] - selectOptionByValue(findTestObject("Object Repository/Page_Moodle Lch Xem chi tit thng Thng Ging 2022/select_Software Engineering"), "3", true): All options with value '3' are selected in object 'Object Repository/Page_Moodle Lch Xem chi tit thng Thng Ging 2022/select_Software Engineering'  using regular expression

2022-01-17 15:51:11 - [MESSAGE][PASSED] - All options with value '3' are selected in object 'Object Repository/Page_Moodle Lch Xem chi tit thng Thng Ging 2022/select_Software Engineering'  using regular expression

2022-01-17 15:51:11 - [TEST_STEP][PASSED] - click(findTestObject("Object Repository/Page_Moodle Lch Xem chi tit thng Thng Ging 2022/a_Show more (2)")): Object: 'Object Repository/Page_Moodle Lch Xem chi tit thng Thng Ging 2022/a_Show more (2)' is clicked on

2022-01-17 15:51:17 - [MESSAGE][INFO] - Unable to find the element located by 'By.xpath: //a[@id='yui_3_17_2_1_1641917303276_609']'. Please recheck the objects properties to make sure the desired element is located. 

2022-01-17 15:51:17 - [MESSAGE][WARNING] - [SELF-HEALING] Failed to find element with id 'Object Repository/Page_Moodle Lch Xem chi tit thng Thng Ging 2022/a_Show more (2)'. Try using Self-healing.

2022-01-17 15:51:17 - [MESSAGE][WARNING] - [SELF-HEALING] The current locator of test object 'Object Repository/Page_Moodle Lch Xem chi tit thng Thng Ging 2022/a_Show more (2)' was broken. Propose an alternative one: '//a[contains(text(),'Show more...')]'.

2022-01-17 15:51:18 - [MESSAGE][PASSED] - Object: 'Object Repository/Page_Moodle Lch Xem chi tit thng Thng Ging 2022/a_Show more (2)' is clicked on

2022-01-17 15:51:18 - [TEST_STEP][PASSED] - click(findTestObject("Object Repository/Page_Moodle Lch Xem chi tit thng Thng Ging 2022/p")): Object: 'Object Repository/Page_Moodle Lch Xem chi tit thng Thng Ging 2022/p' is clicked on

2022-01-17 15:51:18 - [MESSAGE][PASSED] - Object: 'Object Repository/Page_Moodle Lch Xem chi tit thng Thng Ging 2022/p' is clicked on

2022-01-17 15:51:18 - [TEST_STEP][PASSED] - setText(findTestObject("Object Repository/Page_Moodle Lch Xem chi tit thng Thng Ging 2022/div_Gii p thc mc  n"), "Giải đáp thắc mắc đồ án"): Text 'Giải đáp thắc mắc đồ án' is set on object 'Object Repository/Page_Moodle Lch Xem chi tit thng Thng Ging 2022/div_Gii p thc mc  n'

2022-01-17 15:51:19 - [MESSAGE][PASSED] - Text 'Giải đáp thắc mắc đồ án' is set on object 'Object Repository/Page_Moodle Lch Xem chi tit thng Thng Ging 2022/div_Gii p thc mc  n'

2022-01-17 15:51:19 - [TEST_STEP][PASSED] - click(findTestObject("Object Repository/Page_Moodle Lch Xem chi tit thng Thng Ging 2022/input_Ti_duration (1)")): Object: 'Object Repository/Page_Moodle Lch Xem chi tit thng Thng Ging 2022/input_Ti_duration (1)' is clicked on

2022-01-17 15:51:20 - [MESSAGE][PASSED] - Object: 'Object Repository/Page_Moodle Lch Xem chi tit thng Thng Ging 2022/input_Ti_duration (1)' is clicked on

2022-01-17 15:51:20 - [TEST_STEP][PASSED] - selectOptionByValue(findTestObject("Object Repository/Page_Moodle Lch Xem chi tit thng Thng Ging 2022/select_1        2        3        4        _45ea30_1 (1)"), "16", true): All options with value '16' are selected in object 'Object Repository/Page_Moodle Lch Xem chi tit thng Thng Ging 2022/select_1        2        3        4        _45ea30_1 (1)'  using regular expression

2022-01-17 15:51:22 - [MESSAGE][PASSED] - All options with value '16' are selected in object 'Object Repository/Page_Moodle Lch Xem chi tit thng Thng Ging 2022/select_1        2        3        4        _45ea30_1 (1)'  using regular expression

2022-01-17 15:51:22 - [TEST_STEP][PASSED] - selectOptionByValue(findTestObject("Object Repository/Page_Moodle Lch Xem chi tit thng Thng Ging 2022/select_00        01        02        03    _f6e37b_1_2 (1)"), "11", true): All options with value '11' are selected in object 'Object Repository/Page_Moodle Lch Xem chi tit thng Thng Ging 2022/select_00        01        02        03    _f6e37b_1_2 (1)'  using regular expression

2022-01-17 15:51:24 - [MESSAGE][PASSED] - All options with value '11' are selected in object 'Object Repository/Page_Moodle Lch Xem chi tit thng Thng Ging 2022/select_00        01        02        03    _f6e37b_1_2 (1)'  using regular expression

2022-01-17 15:51:24 - [TEST_STEP][PASSED] - selectOptionByValue(findTestObject("Object Repository/Page_Moodle Lch Xem chi tit thng Thng Ging 2022/select_00        01        02        03    _f6e37b_1_2_3 (1)"), "0", true): All options with value '0' are selected in object 'Object Repository/Page_Moodle Lch Xem chi tit thng Thng Ging 2022/select_00        01        02        03    _f6e37b_1_2_3 (1)'  using regular expression

2022-01-17 15:51:26 - [MESSAGE][PASSED] - All options with value '0' are selected in object 'Object Repository/Page_Moodle Lch Xem chi tit thng Thng Ging 2022/select_00        01        02        03    _f6e37b_1_2_3 (1)'  using regular expression

2022-01-17 15:51:26 - [TEST_STEP][PASSED] - click(findTestObject("Object Repository/Page_Moodle Lch Xem chi tit thng Thng Ging 2022/button_Lu (3)")): Object: 'Object Repository/Page_Moodle Lch Xem chi tit thng Thng Ging 2022/button_Lu (3)' is clicked on

2022-01-17 15:51:32 - [MESSAGE][INFO] - Unable to find the element located by 'By.xpath: //button[@id='yui_3_17_2_1_1641917303276_1585']'. Please recheck the objects properties to make sure the desired element is located. 

2022-01-17 15:51:32 - [MESSAGE][WARNING] - [SELF-HEALING] Failed to find element with id 'Object Repository/Page_Moodle Lch Xem chi tit thng Thng Ging 2022/button_Lu (3)'. Try using Self-healing.

2022-01-17 15:51:33 - [MESSAGE][WARNING] - [SELF-HEALING] The current locator of test object 'Object Repository/Page_Moodle Lch Xem chi tit thng Thng Ging 2022/button_Lu (3)' was broken. Propose an alternative one: '(.//*[normalize-space(text()) and normalize-space(.)='Lặp lại hàng tuần, tạo ra tất cả'])[1]/following::button[1]'.

2022-01-17 15:51:33 - [MESSAGE][PASSED] - Object: 'Object Repository/Page_Moodle Lch Xem chi tit thng Thng Ging 2022/button_Lu (3)' is clicked on

2022-01-17 15:51:33 - [TEST_STEP][PASSED] - closeBrowser(): Browser is closed

2022-01-17 15:51:34 - [MESSAGE][PASSED] - Browser is closed]]></system-out>
         <system-err><![CDATA[]]></system-err>
      </testcase>
      <testcase name="Test Cases/Create event on calendar/Create Event Set Description" time="58.663" classname="Test Cases/Create event on calendar/Create Event Set Description" status="PASSED">
         <system-out><![CDATA[2022-01-17 15:51:34 - [TEST_CASE][PASSED] - Test Cases/Create event on calendar/Create Event Set Description: Test Cases/Create event on calendar/Create Event Set Description

2022-01-17 15:51:35 - [TEST_STEP][PASSED] - openBrowser(""): Browser is opened with url: ''

2022-01-17 15:51:35 - [MESSAGE][INFO] - Starting 'Chrome' driver

2022-01-17 15:51:35 - [MESSAGE][INFO] - Action delay is set to 0 milliseconds

2022-01-17 15:51:36 - [MESSAGE][PASSED] - Browser is opened with url: ''

2022-01-17 15:51:36 - [TEST_STEP][PASSED] - navigateToUrl("http://localhost/"): Navigate to 'http://localhost/' successfully

2022-01-17 15:51:37 - [MESSAGE][PASSED] - Navigate to 'http://localhost/' successfully

2022-01-17 15:51:37 - [TEST_STEP][PASSED] - click(findTestObject("Object Repository/Page_Local Moodle/a_Log in (14)")): Object: 'Object Repository/Page_Local Moodle/a_Log in (14)' is clicked on

2022-01-17 15:51:38 - [MESSAGE][PASSED] - Object: 'Object Repository/Page_Local Moodle/a_Log in (14)' is clicked on

2022-01-17 15:51:38 - [TEST_STEP][PASSED] - setText(findTestObject("Object Repository/Page_Local Moodle Log in to the site/input_Username_username (14)"), "admin"): Text 'admin' is set on object 'Object Repository/Page_Local Moodle Log in to the site/input_Username_username (14)'

2022-01-17 15:51:39 - [MESSAGE][PASSED] - Text 'admin' is set on object 'Object Repository/Page_Local Moodle Log in to the site/input_Username_username (14)'

2022-01-17 15:51:39 - [TEST_STEP][PASSED] - setEncryptedText(findTestObject("Object Repository/Page_Local Moodle Log in to the site/input_Password_password (14)"), "bfAykA/oWJ09FXmiKh6lyuuLu8QhG1K5"): Text ****** has been set on object 'Object Repository/Page_Local Moodle Log in to the site/input_Password_password (14)'

2022-01-17 15:51:39 - [MESSAGE][PASSED] - Text ****** has been set on object 'Object Repository/Page_Local Moodle Log in to the site/input_Password_password (14)'

2022-01-17 15:51:39 - [TEST_STEP][PASSED] - click(findTestObject("Object Repository/Page_Local Moodle Log in to the site/button_Log in (14)")): Object: 'Object Repository/Page_Local Moodle Log in to the site/button_Log in (14)' is clicked on

2022-01-17 15:51:41 - [MESSAGE][PASSED] - Object: 'Object Repository/Page_Local Moodle Log in to the site/button_Log in (14)' is clicked on

2022-01-17 15:51:41 - [TEST_STEP][PASSED] - click(findTestObject("Object Repository/Page_Nh ca ti/a_Lch (1)")): Object: 'Object Repository/Page_Nh ca ti/a_Lch (1)' is clicked on

2022-01-17 15:51:45 - [MESSAGE][PASSED] - Object: 'Object Repository/Page_Nh ca ti/a_Lch (1)' is clicked on

2022-01-17 15:51:45 - [TEST_STEP][PASSED] - click(findTestObject("Object Repository/Page_Moodle Lch Xem chi tit thng Thng Ging 2022/button_S kin mi (1)")): Object: 'Object Repository/Page_Moodle Lch Xem chi tit thng Thng Ging 2022/button_S kin mi (1)' is clicked on

2022-01-17 15:51:51 - [MESSAGE][INFO] - Unable to find the element located by 'By.xpath: //div[@id='calendar-month-61dda5ebf3a0b61dda5ebae16821']/div/button'. Please recheck the objects properties to make sure the desired element is located. 

2022-01-17 15:51:51 - [MESSAGE][WARNING] - [SELF-HEALING] Failed to find element with id 'Object Repository/Page_Moodle Lch Xem chi tit thng Thng Ging 2022/button_S kin mi (1)'. Try using Self-healing.

2022-01-17 15:51:51 - [MESSAGE][WARNING] - [SELF-HEALING] The current locator of test object 'Object Repository/Page_Moodle Lch Xem chi tit thng Thng Ging 2022/button_S kin mi (1)' was broken. Propose an alternative one: '(.//*[normalize-space(text()) and normalize-space(.)='Danh sách khóa học'])[1]/following::button[1]'.

2022-01-17 15:51:51 - [MESSAGE][PASSED] - Object: 'Object Repository/Page_Moodle Lch Xem chi tit thng Thng Ging 2022/button_S kin mi (1)' is clicked on

2022-01-17 15:51:51 - [TEST_STEP][PASSED] - setText(findTestObject("Object Repository/Page_Moodle Lch Xem chi tit thng Thng Ging 2022/input_Tiu  s kin_name (1)"), "Seminar Project"): Text 'Seminar Project' is set on object 'Object Repository/Page_Moodle Lch Xem chi tit thng Thng Ging 2022/input_Tiu  s kin_name (1)'

2022-01-17 15:51:53 - [MESSAGE][PASSED] - Text 'Seminar Project' is set on object 'Object Repository/Page_Moodle Lch Xem chi tit thng Thng Ging 2022/input_Tiu  s kin_name (1)'

2022-01-17 15:51:53 - [TEST_STEP][PASSED] - selectOptionByValue(findTestObject("Object Repository/Page_Moodle Lch Xem chi tit thng Thng Ging 2022/select_1        2        3        4        _45ea30 (1)"), "14", true): All options with value '14' are selected in object 'Object Repository/Page_Moodle Lch Xem chi tit thng Thng Ging 2022/select_1        2        3        4        _45ea30 (1)'  using regular expression

2022-01-17 15:51:56 - [MESSAGE][PASSED] - All options with value '14' are selected in object 'Object Repository/Page_Moodle Lch Xem chi tit thng Thng Ging 2022/select_1        2        3        4        _45ea30 (1)'  using regular expression

2022-01-17 15:51:56 - [TEST_STEP][PASSED] - selectOptionByValue(findTestObject("Object Repository/Page_Moodle Lch Xem chi tit thng Thng Ging 2022/select_00        01        02        03    _f6e37b"), "9", true): All options with value '9' are selected in object 'Object Repository/Page_Moodle Lch Xem chi tit thng Thng Ging 2022/select_00        01        02        03    _f6e37b'  using regular expression

2022-01-17 15:51:58 - [MESSAGE][PASSED] - All options with value '9' are selected in object 'Object Repository/Page_Moodle Lch Xem chi tit thng Thng Ging 2022/select_00        01        02        03    _f6e37b'  using regular expression

2022-01-17 15:51:58 - [TEST_STEP][PASSED] - selectOptionByValue(findTestObject("Object Repository/Page_Moodle Lch Xem chi tit thng Thng Ging 2022/select_00        01        02        03    _f6e37b_1"), "0", true): All options with value '0' are selected in object 'Object Repository/Page_Moodle Lch Xem chi tit thng Thng Ging 2022/select_00        01        02        03    _f6e37b_1'  using regular expression

2022-01-17 15:52:00 - [MESSAGE][PASSED] - All options with value '0' are selected in object 'Object Repository/Page_Moodle Lch Xem chi tit thng Thng Ging 2022/select_00        01        02        03    _f6e37b_1'  using regular expression

2022-01-17 15:52:00 - [TEST_STEP][PASSED] - selectOptionByValue(findTestObject("Object Repository/Page_Moodle Lch Xem chi tit thng Thng Ging 2022/select_Thnh vin            Kho hc          _5efb09 (1)"), "course", true): All options with value 'course' are selected in object 'Object Repository/Page_Moodle Lch Xem chi tit thng Thng Ging 2022/select_Thnh vin            Kho hc          _5efb09 (1)'  using regular expression

2022-01-17 15:52:02 - [MESSAGE][PASSED] - All options with value 'course' are selected in object 'Object Repository/Page_Moodle Lch Xem chi tit thng Thng Ging 2022/select_Thnh vin            Kho hc          _5efb09 (1)'  using regular expression

2022-01-17 15:52:02 - [TEST_STEP][PASSED] - click(findTestObject("Object Repository/Page_Moodle Lch Xem chi tit thng Thng Ging 2022/span__1_2_3_4")): Object: 'Object Repository/Page_Moodle Lch Xem chi tit thng Thng Ging 2022/span__1_2_3_4' is clicked on

2022-01-17 15:52:08 - [MESSAGE][INFO] - Unable to find the element located by 'By.xpath: //span[@id='form_autocomplete_downarrow-1642045252858']'. Please recheck the objects properties to make sure the desired element is located. 

2022-01-17 15:52:08 - [MESSAGE][WARNING] - [SELF-HEALING] Failed to find element with id 'Object Repository/Page_Moodle Lch Xem chi tit thng Thng Ging 2022/span__1_2_3_4'. Try using Self-healing.

2022-01-17 15:52:08 - [MESSAGE][WARNING] - [SELF-HEALING] The current locator of test object 'Object Repository/Page_Moodle Lch Xem chi tit thng Thng Ging 2022/span__1_2_3_4' was broken. Propose an alternative one: '(.//*[normalize-space(text()) and normalize-space(.)='No selection'])[1]/following::span[1]'.

2022-01-17 15:52:09 - [MESSAGE][PASSED] - Object: 'Object Repository/Page_Moodle Lch Xem chi tit thng Thng Ging 2022/span__1_2_3_4' is clicked on

2022-01-17 15:52:09 - [TEST_STEP][PASSED] - click(findTestObject("Object Repository/Page_Moodle Lch Xem chi tit thng Thng Ging 2022/li_Software Engineering_1_2_3")): Object: 'Object Repository/Page_Moodle Lch Xem chi tit thng Thng Ging 2022/li_Software Engineering_1_2_3' is clicked on

2022-01-17 15:52:15 - [MESSAGE][INFO] - Unable to find the element located by 'By.xpath: //li[@id='form_autocomplete_suggestions-1642045252858-0']'. Please recheck the objects properties to make sure the desired element is located. 

2022-01-17 15:52:15 - [MESSAGE][WARNING] - [SELF-HEALING] Failed to find element with id 'Object Repository/Page_Moodle Lch Xem chi tit thng Thng Ging 2022/li_Software Engineering_1_2_3'. Try using Self-healing.

2022-01-17 15:52:15 - [MESSAGE][WARNING] - [SELF-HEALING] The current locator of test object 'Object Repository/Page_Moodle Lch Xem chi tit thng Thng Ging 2022/li_Software Engineering_1_2_3' was broken. Propose an alternative one: '(.//*[normalize-space(text()) and normalize-space(.)='▼'])[2]/following::li[1]'.

2022-01-17 15:52:16 - [MESSAGE][PASSED] - Object: 'Object Repository/Page_Moodle Lch Xem chi tit thng Thng Ging 2022/li_Software Engineering_1_2_3' is clicked on

2022-01-17 15:52:16 - [TEST_STEP][PASSED] - selectOptionByValue(findTestObject("Object Repository/Page_Moodle Lch Xem chi tit thng Thng Ging 2022/select_Software Engineering"), "3", true): All options with value '3' are selected in object 'Object Repository/Page_Moodle Lch Xem chi tit thng Thng Ging 2022/select_Software Engineering'  using regular expression

2022-01-17 15:52:17 - [MESSAGE][PASSED] - All options with value '3' are selected in object 'Object Repository/Page_Moodle Lch Xem chi tit thng Thng Ging 2022/select_Software Engineering'  using regular expression

2022-01-17 15:52:17 - [TEST_STEP][PASSED] - click(findTestObject("Object Repository/Page_Moodle Lch Xem chi tit thng Thng Ging 2022/a_Show more")): Object: 'Object Repository/Page_Moodle Lch Xem chi tit thng Thng Ging 2022/a_Show more' is clicked on

2022-01-17 15:52:23 - [MESSAGE][INFO] - Unable to find the element located by 'By.xpath: //a[@id='yui_3_17_2_1_1641915883945_609']'. Please recheck the objects properties to make sure the desired element is located. 

2022-01-17 15:52:23 - [MESSAGE][WARNING] - [SELF-HEALING] Failed to find element with id 'Object Repository/Page_Moodle Lch Xem chi tit thng Thng Ging 2022/a_Show more'. Try using Self-healing.

2022-01-17 15:52:24 - [MESSAGE][WARNING] - [SELF-HEALING] The current locator of test object 'Object Repository/Page_Moodle Lch Xem chi tit thng Thng Ging 2022/a_Show more' was broken. Propose an alternative one: '//a[contains(text(),'Show more...')]'.

2022-01-17 15:52:24 - [MESSAGE][PASSED] - Object: 'Object Repository/Page_Moodle Lch Xem chi tit thng Thng Ging 2022/a_Show more' is clicked on

2022-01-17 15:52:24 - [TEST_STEP][PASSED] - setText(findTestObject("Object Repository/Page_Moodle Lch Xem chi tit thng Thng Ging 2022/div_Gii p thc mc v  n"), "Giải đáp thắc mắc về đồ án"): Text 'Giải đáp thắc mắc về đồ án' is set on object 'Object Repository/Page_Moodle Lch Xem chi tit thng Thng Ging 2022/div_Gii p thc mc v  n'

2022-01-17 15:52:25 - [MESSAGE][PASSED] - Text 'Giải đáp thắc mắc về đồ án' is set on object 'Object Repository/Page_Moodle Lch Xem chi tit thng Thng Ging 2022/div_Gii p thc mc v  n'

2022-01-17 15:52:25 - [TEST_STEP][PASSED] - click(findTestObject("Object Repository/Page_Moodle Lch Xem chi tit thng Thng Ging 2022/button_Lu (1)")): Object: 'Object Repository/Page_Moodle Lch Xem chi tit thng Thng Ging 2022/button_Lu (1)' is clicked on

2022-01-17 15:52:32 - [MESSAGE][INFO] - Unable to find the element located by 'By.xpath: //button[@id='yui_3_17_2_1_1641915883945_1459']'. Please recheck the objects properties to make sure the desired element is located. 

2022-01-17 15:52:32 - [MESSAGE][WARNING] - [SELF-HEALING] Failed to find element with id 'Object Repository/Page_Moodle Lch Xem chi tit thng Thng Ging 2022/button_Lu (1)'. Try using Self-healing.

2022-01-17 15:52:32 - [MESSAGE][WARNING] - [SELF-HEALING] The current locator of test object 'Object Repository/Page_Moodle Lch Xem chi tit thng Thng Ging 2022/button_Lu (1)' was broken. Propose an alternative one: '(.//*[normalize-space(text()) and normalize-space(.)='Lặp lại hàng tuần, tạo ra tất cả'])[1]/following::button[1]'.

2022-01-17 15:52:32 - [MESSAGE][PASSED] - Object: 'Object Repository/Page_Moodle Lch Xem chi tit thng Thng Ging 2022/button_Lu (1)' is clicked on

2022-01-17 15:52:32 - [TEST_STEP][PASSED] - closeBrowser(): Browser is closed

2022-01-17 15:52:33 - [MESSAGE][PASSED] - Browser is closed]]></system-out>
         <system-err><![CDATA[]]></system-err>
      </testcase>
      <testcase name="Test Cases/Create event on calendar/Create Event Set Time Minute And Repeat" time="63.339" classname="Test Cases/Create event on calendar/Create Event Set Time Minute And Repeat" status="PASSED">
         <system-out><![CDATA[2022-01-17 15:52:33 - [TEST_CASE][PASSED] - Test Cases/Create event on calendar/Create Event Set Time Minute And Repeat: Test Cases/Create event on calendar/Create Event Set Time Minute And Repeat

2022-01-17 15:52:33 - [TEST_STEP][PASSED] - openBrowser(""): Browser is opened with url: ''

2022-01-17 15:52:33 - [MESSAGE][INFO] - Starting 'Chrome' driver

2022-01-17 15:52:33 - [MESSAGE][INFO] - Action delay is set to 0 milliseconds

2022-01-17 15:52:35 - [MESSAGE][PASSED] - Browser is opened with url: ''

2022-01-17 15:52:35 - [TEST_STEP][PASSED] - navigateToUrl("http://localhost/"): Navigate to 'http://localhost/' successfully

2022-01-17 15:52:36 - [MESSAGE][PASSED] - Navigate to 'http://localhost/' successfully

2022-01-17 15:52:36 - [TEST_STEP][PASSED] - click(findTestObject("Object Repository/Page_Local Moodle/a_Log in (17)")): Object: 'Object Repository/Page_Local Moodle/a_Log in (17)' is clicked on

2022-01-17 15:52:36 - [MESSAGE][PASSED] - Object: 'Object Repository/Page_Local Moodle/a_Log in (17)' is clicked on

2022-01-17 15:52:36 - [TEST_STEP][PASSED] - setText(findTestObject("Object Repository/Page_Local Moodle Log in to the site/input_Username_username (17)"), "admin"): Text 'admin' is set on object 'Object Repository/Page_Local Moodle Log in to the site/input_Username_username (17)'

2022-01-17 15:52:37 - [MESSAGE][PASSED] - Text 'admin' is set on object 'Object Repository/Page_Local Moodle Log in to the site/input_Username_username (17)'

2022-01-17 15:52:37 - [TEST_STEP][PASSED] - setEncryptedText(findTestObject("Object Repository/Page_Local Moodle Log in to the site/input_Password_password (17)"), "bfAykA/oWJ09FXmiKh6lyuuLu8QhG1K5"): Text ****** has been set on object 'Object Repository/Page_Local Moodle Log in to the site/input_Password_password (17)'

2022-01-17 15:52:38 - [MESSAGE][PASSED] - Text ****** has been set on object 'Object Repository/Page_Local Moodle Log in to the site/input_Password_password (17)'

2022-01-17 15:52:38 - [TEST_STEP][PASSED] - click(findTestObject("Object Repository/Page_Local Moodle Log in to the site/button_Log in (17)")): Object: 'Object Repository/Page_Local Moodle Log in to the site/button_Log in (17)' is clicked on

2022-01-17 15:52:41 - [MESSAGE][PASSED] - Object: 'Object Repository/Page_Local Moodle Log in to the site/button_Log in (17)' is clicked on

2022-01-17 15:52:41 - [TEST_STEP][PASSED] - click(findTestObject("Object Repository/Page_Nh ca ti/a_Lch (4)")): Object: 'Object Repository/Page_Nh ca ti/a_Lch (4)' is clicked on

2022-01-17 15:52:44 - [MESSAGE][PASSED] - Object: 'Object Repository/Page_Nh ca ti/a_Lch (4)' is clicked on

2022-01-17 15:52:44 - [TEST_STEP][PASSED] - click(findTestObject("Object Repository/Page_Moodle Lch Xem chi tit thng Thng Ging 2022/button_S kin mi (4)")): Object: 'Object Repository/Page_Moodle Lch Xem chi tit thng Thng Ging 2022/button_S kin mi (4)' is clicked on

2022-01-17 15:52:50 - [MESSAGE][INFO] - Unable to find the element located by 'By.xpath: id("calendar-month-61ddaeeb7273d61ddaeeb3132c21")/div[@class="header d-flex flex-wrap p-1"]/button[@class="btn btn-secondary float-sm-right float-right"][count(. | //button[@class = 'btn btn-secondary float-sm-right float-right' and @data-context-id = '2' and @data-action = 'new-event-button' and (text() = '
            Sự kiện mới
        ' or . = '
            Sự kiện mới
        ')]) = count(//button[@class = 'btn btn-secondary float-sm-right float-right' and @data-context-id = '2' and @data-action = 'new-event-button' and (text() = '
            Sự kiện mới
        ' or . = '
            Sự kiện mới
        ')])]'. Please recheck the objects properties to make sure the desired element is located. 

2022-01-17 15:52:50 - [MESSAGE][WARNING] - [SELF-HEALING] Failed to find element with id 'Object Repository/Page_Moodle Lch Xem chi tit thng Thng Ging 2022/button_S kin mi (4)'. Try using Self-healing.

2022-01-17 15:52:51 - [MESSAGE][WARNING] - [SELF-HEALING] The current locator of test object 'Object Repository/Page_Moodle Lch Xem chi tit thng Thng Ging 2022/button_S kin mi (4)' was broken. Propose an alternative one: '(.//*[normalize-space(text()) and normalize-space(.)='Danh sách khóa học'])[1]/following::button[1]'.

2022-01-17 15:52:51 - [MESSAGE][PASSED] - Object: 'Object Repository/Page_Moodle Lch Xem chi tit thng Thng Ging 2022/button_S kin mi (4)' is clicked on

2022-01-17 15:52:51 - [TEST_STEP][PASSED] - setText(findTestObject("Object Repository/Page_Moodle Lch Xem chi tit thng Thng Ging 2022/input_Tiu  s kin_name (4)"), "Seminar"): Text 'Seminar' is set on object 'Object Repository/Page_Moodle Lch Xem chi tit thng Thng Ging 2022/input_Tiu  s kin_name (4)'

2022-01-17 15:52:53 - [MESSAGE][PASSED] - Text 'Seminar' is set on object 'Object Repository/Page_Moodle Lch Xem chi tit thng Thng Ging 2022/input_Tiu  s kin_name (4)'

2022-01-17 15:52:53 - [TEST_STEP][PASSED] - selectOptionByValue(findTestObject("Object Repository/Page_Moodle Lch Xem chi tit thng Thng Ging 2022/select_1        2        3        4        _45ea30 (4)"), "14", true): All options with value '14' are selected in object 'Object Repository/Page_Moodle Lch Xem chi tit thng Thng Ging 2022/select_1        2        3        4        _45ea30 (4)'  using regular expression

2022-01-17 15:52:55 - [MESSAGE][PASSED] - All options with value '14' are selected in object 'Object Repository/Page_Moodle Lch Xem chi tit thng Thng Ging 2022/select_1        2        3        4        _45ea30 (4)'  using regular expression

2022-01-17 15:52:55 - [TEST_STEP][PASSED] - selectOptionByValue(findTestObject("Object Repository/Page_Moodle Lch Xem chi tit thng Thng Ging 2022/select_00        01        02        03    _f6e37b (3)"), "7", true): All options with value '7' are selected in object 'Object Repository/Page_Moodle Lch Xem chi tit thng Thng Ging 2022/select_00        01        02        03    _f6e37b (3)'  using regular expression

2022-01-17 15:52:58 - [MESSAGE][PASSED] - All options with value '7' are selected in object 'Object Repository/Page_Moodle Lch Xem chi tit thng Thng Ging 2022/select_00        01        02        03    _f6e37b (3)'  using regular expression

2022-01-17 15:52:58 - [TEST_STEP][PASSED] - selectOptionByValue(findTestObject("Object Repository/Page_Moodle Lch Xem chi tit thng Thng Ging 2022/select_00        01        02        03    _f6e37b_1 (3)"), "30", true): All options with value '30' are selected in object 'Object Repository/Page_Moodle Lch Xem chi tit thng Thng Ging 2022/select_00        01        02        03    _f6e37b_1 (3)'  using regular expression

2022-01-17 15:53:01 - [MESSAGE][PASSED] - All options with value '30' are selected in object 'Object Repository/Page_Moodle Lch Xem chi tit thng Thng Ging 2022/select_00        01        02        03    _f6e37b_1 (3)'  using regular expression

2022-01-17 15:53:01 - [TEST_STEP][PASSED] - selectOptionByValue(findTestObject("Object Repository/Page_Moodle Lch Xem chi tit thng Thng Ging 2022/select_Thnh vin            Kho hc          _5efb09 (4)"), "course", true): All options with value 'course' are selected in object 'Object Repository/Page_Moodle Lch Xem chi tit thng Thng Ging 2022/select_Thnh vin            Kho hc          _5efb09 (4)'  using regular expression

2022-01-17 15:53:03 - [MESSAGE][PASSED] - All options with value 'course' are selected in object 'Object Repository/Page_Moodle Lch Xem chi tit thng Thng Ging 2022/select_Thnh vin            Kho hc          _5efb09 (4)'  using regular expression

2022-01-17 15:53:03 - [TEST_STEP][PASSED] - click(findTestObject("Object Repository/Page_Moodle Lch Xem chi tit thng Thng Ging 2022/span__1_2_3_4")): Object: 'Object Repository/Page_Moodle Lch Xem chi tit thng Thng Ging 2022/span__1_2_3_4' is clicked on

2022-01-17 15:53:09 - [MESSAGE][INFO] - Unable to find the element located by 'By.xpath: //span[@id='form_autocomplete_downarrow-1642045252858']'. Please recheck the objects properties to make sure the desired element is located. 

2022-01-17 15:53:09 - [MESSAGE][WARNING] - [SELF-HEALING] Failed to find element with id 'Object Repository/Page_Moodle Lch Xem chi tit thng Thng Ging 2022/span__1_2_3_4'. Try using Self-healing.

2022-01-17 15:53:09 - [MESSAGE][WARNING] - [SELF-HEALING] The current locator of test object 'Object Repository/Page_Moodle Lch Xem chi tit thng Thng Ging 2022/span__1_2_3_4' was broken. Propose an alternative one: '(.//*[normalize-space(text()) and normalize-space(.)='No selection'])[1]/following::span[1]'.

2022-01-17 15:53:09 - [MESSAGE][PASSED] - Object: 'Object Repository/Page_Moodle Lch Xem chi tit thng Thng Ging 2022/span__1_2_3_4' is clicked on

2022-01-17 15:53:09 - [TEST_STEP][PASSED] - click(findTestObject("Object Repository/Page_Moodle Lch Xem chi tit thng Thng Ging 2022/li_Software Engineering_1_2_3")): Object: 'Object Repository/Page_Moodle Lch Xem chi tit thng Thng Ging 2022/li_Software Engineering_1_2_3' is clicked on

2022-01-17 15:53:16 - [MESSAGE][INFO] - Unable to find the element located by 'By.xpath: //li[@id='form_autocomplete_suggestions-1642045252858-0']'. Please recheck the objects properties to make sure the desired element is located. 

2022-01-17 15:53:16 - [MESSAGE][WARNING] - [SELF-HEALING] Failed to find element with id 'Object Repository/Page_Moodle Lch Xem chi tit thng Thng Ging 2022/li_Software Engineering_1_2_3'. Try using Self-healing.

2022-01-17 15:53:16 - [MESSAGE][WARNING] - [SELF-HEALING] The current locator of test object 'Object Repository/Page_Moodle Lch Xem chi tit thng Thng Ging 2022/li_Software Engineering_1_2_3' was broken. Propose an alternative one: '(.//*[normalize-space(text()) and normalize-space(.)='▼'])[2]/following::li[1]'.

2022-01-17 15:53:16 - [MESSAGE][PASSED] - Object: 'Object Repository/Page_Moodle Lch Xem chi tit thng Thng Ging 2022/li_Software Engineering_1_2_3' is clicked on

2022-01-17 15:53:16 - [TEST_STEP][PASSED] - selectOptionByValue(findTestObject("Object Repository/Page_Moodle Lch Xem chi tit thng Thng Ging 2022/select_Software Engineering"), "3", true): All options with value '3' are selected in object 'Object Repository/Page_Moodle Lch Xem chi tit thng Thng Ging 2022/select_Software Engineering'  using regular expression

2022-01-17 15:53:18 - [MESSAGE][PASSED] - All options with value '3' are selected in object 'Object Repository/Page_Moodle Lch Xem chi tit thng Thng Ging 2022/select_Software Engineering'  using regular expression

2022-01-17 15:53:18 - [TEST_STEP][PASSED] - click(findTestObject("Object Repository/Page_Moodle Lch Xem chi tit thng Thng Ging 2022/a_Show more (3)")): Object: 'Object Repository/Page_Moodle Lch Xem chi tit thng Thng Ging 2022/a_Show more (3)' is clicked on

2022-01-17 15:53:24 - [MESSAGE][INFO] - Unable to find the element located by 'By.xpath: id("yui_3_17_2_1_1641918187444_609")[count(. | //a[@href = '#' and @class = 'moreless-toggler' and @aria-expanded = 'false' and @role = 'button' and @aria-controls = 'form-advanced-div' and @id = 'yui_3_17_2_1_1641918187444_609' and (text() = 'Show more...' or . = 'Show more...')]) = count(//a[@href = '#' and @class = 'moreless-toggler' and @aria-expanded = 'false' and @role = 'button' and @aria-controls = 'form-advanced-div' and @id = 'yui_3_17_2_1_1641918187444_609' and (text() = 'Show more...' or . = 'Show more...')])]'. Please recheck the objects properties to make sure the desired element is located. 

2022-01-17 15:53:24 - [MESSAGE][WARNING] - [SELF-HEALING] Failed to find element with id 'Object Repository/Page_Moodle Lch Xem chi tit thng Thng Ging 2022/a_Show more (3)'. Try using Self-healing.

2022-01-17 15:53:25 - [MESSAGE][WARNING] - [SELF-HEALING] The current locator of test object 'Object Repository/Page_Moodle Lch Xem chi tit thng Thng Ging 2022/a_Show more (3)' was broken. Propose an alternative one: '//a[contains(text(),'Show more...')]'.

2022-01-17 15:53:25 - [MESSAGE][PASSED] - Object: 'Object Repository/Page_Moodle Lch Xem chi tit thng Thng Ging 2022/a_Show more (3)' is clicked on

2022-01-17 15:53:25 - [TEST_STEP][PASSED] - click(findTestObject("Object Repository/Page_Moodle Lch Xem chi tit thng Thng Ging 2022/input_Ti_duration (2)")): Object: 'Object Repository/Page_Moodle Lch Xem chi tit thng Thng Ging 2022/input_Ti_duration (2)' is clicked on

2022-01-17 15:53:25 - [MESSAGE][PASSED] - Object: 'Object Repository/Page_Moodle Lch Xem chi tit thng Thng Ging 2022/input_Ti_duration (2)' is clicked on

2022-01-17 15:53:25 - [TEST_STEP][PASSED] - click(findTestObject("Object Repository/Page_Moodle Lch Xem chi tit thng Thng Ging 2022/input_Thi lng tnh bng pht_duration (1)")): Object: 'Object Repository/Page_Moodle Lch Xem chi tit thng Thng Ging 2022/input_Thi lng tnh bng pht_duration (1)' is clicked on

2022-01-17 15:53:26 - [MESSAGE][PASSED] - Object: 'Object Repository/Page_Moodle Lch Xem chi tit thng Thng Ging 2022/input_Thi lng tnh bng pht_duration (1)' is clicked on

2022-01-17 15:53:26 - [TEST_STEP][PASSED] - setText(findTestObject("Object Repository/Page_Moodle Lch Xem chi tit thng Thng Ging 2022/input_Thi lng tnh bng pht_timedurationminutes"), "120"): Text '120' is set on object 'Object Repository/Page_Moodle Lch Xem chi tit thng Thng Ging 2022/input_Thi lng tnh bng pht_timedurationminutes'

2022-01-17 15:53:27 - [MESSAGE][PASSED] - Text '120' is set on object 'Object Repository/Page_Moodle Lch Xem chi tit thng Thng Ging 2022/input_Thi lng tnh bng pht_timedurationminutes'

2022-01-17 15:53:27 - [TEST_STEP][PASSED] - click(findTestObject("Object Repository/Page_Moodle Lch Xem chi tit thng Thng Ging 2022/input_Thi lng tnh bng pht_repeat")): Object: 'Object Repository/Page_Moodle Lch Xem chi tit thng Thng Ging 2022/input_Thi lng tnh bng pht_repeat' is clicked on

2022-01-17 15:53:28 - [MESSAGE][PASSED] - Object: 'Object Repository/Page_Moodle Lch Xem chi tit thng Thng Ging 2022/input_Thi lng tnh bng pht_repeat' is clicked on

2022-01-17 15:53:28 - [TEST_STEP][PASSED] - setText(findTestObject("Object Repository/Page_Moodle Lch Xem chi tit thng Thng Ging 2022/input_Lp li hng tun, to ra tt c_repeats"), "2"): Text '2' is set on object 'Object Repository/Page_Moodle Lch Xem chi tit thng Thng Ging 2022/input_Lp li hng tun, to ra tt c_repeats'

2022-01-17 15:53:29 - [MESSAGE][PASSED] - Text '2' is set on object 'Object Repository/Page_Moodle Lch Xem chi tit thng Thng Ging 2022/input_Lp li hng tun, to ra tt c_repeats'

2022-01-17 15:53:29 - [TEST_STEP][PASSED] - click(findTestObject("Object Repository/Page_Moodle Lch Xem chi tit thng Thng Ging 2022/button_Lu (4)")): Object: 'Object Repository/Page_Moodle Lch Xem chi tit thng Thng Ging 2022/button_Lu (4)' is clicked on

2022-01-17 15:53:35 - [MESSAGE][INFO] - Unable to find the element located by 'By.xpath: //button[@id='yui_3_17_2_1_1641918187444_1345']'. Please recheck the objects properties to make sure the desired element is located. 

2022-01-17 15:53:35 - [MESSAGE][WARNING] - [SELF-HEALING] Failed to find element with id 'Object Repository/Page_Moodle Lch Xem chi tit thng Thng Ging 2022/button_Lu (4)'. Try using Self-healing.

2022-01-17 15:53:35 - [MESSAGE][WARNING] - [SELF-HEALING] The current locator of test object 'Object Repository/Page_Moodle Lch Xem chi tit thng Thng Ging 2022/button_Lu (4)' was broken. Propose an alternative one: '(.//*[normalize-space(text()) and normalize-space(.)='Lặp lại hàng tuần, tạo ra tất cả'])[1]/following::button[1]'.

2022-01-17 15:53:35 - [MESSAGE][PASSED] - Object: 'Object Repository/Page_Moodle Lch Xem chi tit thng Thng Ging 2022/button_Lu (4)' is clicked on

2022-01-17 15:53:35 - [TEST_STEP][PASSED] - closeBrowser(): Browser is closed

2022-01-17 15:53:36 - [MESSAGE][PASSED] - Browser is closed]]></system-out>
         <system-err><![CDATA[]]></system-err>
      </testcase>
      <testcase name="Test Cases/Create event on calendar/Create Event Set Time" time="68.052" classname="Test Cases/Create event on calendar/Create Event Set Time" status="PASSED">
         <system-out><![CDATA[2022-01-17 15:53:36 - [TEST_CASE][PASSED] - Test Cases/Create event on calendar/Create Event Set Time: Test Cases/Create event on calendar/Create Event Set Time

2022-01-17 15:53:37 - [TEST_STEP][PASSED] - openBrowser(""): Browser is opened with url: ''

2022-01-17 15:53:37 - [MESSAGE][INFO] - Starting 'Chrome' driver

2022-01-17 15:53:37 - [MESSAGE][INFO] - Action delay is set to 0 milliseconds

2022-01-17 15:53:38 - [MESSAGE][PASSED] - Browser is opened with url: ''

2022-01-17 15:53:38 - [TEST_STEP][PASSED] - navigateToUrl("http://localhost/"): Navigate to 'http://localhost/' successfully

2022-01-17 15:53:39 - [MESSAGE][PASSED] - Navigate to 'http://localhost/' successfully

2022-01-17 15:53:39 - [TEST_STEP][PASSED] - click(findTestObject("Object Repository/Page_Local Moodle/a_Log in (15)")): Object: 'Object Repository/Page_Local Moodle/a_Log in (15)' is clicked on

2022-01-17 15:53:40 - [MESSAGE][PASSED] - Object: 'Object Repository/Page_Local Moodle/a_Log in (15)' is clicked on

2022-01-17 15:53:40 - [TEST_STEP][PASSED] - setText(findTestObject("Object Repository/Page_Local Moodle Log in to the site/input_Username_username (15)"), "admin"): Text 'admin' is set on object 'Object Repository/Page_Local Moodle Log in to the site/input_Username_username (15)'

2022-01-17 15:53:41 - [MESSAGE][PASSED] - Text 'admin' is set on object 'Object Repository/Page_Local Moodle Log in to the site/input_Username_username (15)'

2022-01-17 15:53:41 - [TEST_STEP][PASSED] - setEncryptedText(findTestObject("Object Repository/Page_Local Moodle Log in to the site/input_Password_password (15)"), "bfAykA/oWJ09FXmiKh6lyuuLu8QhG1K5"): Text ****** has been set on object 'Object Repository/Page_Local Moodle Log in to the site/input_Password_password (15)'

2022-01-17 15:53:41 - [MESSAGE][PASSED] - Text ****** has been set on object 'Object Repository/Page_Local Moodle Log in to the site/input_Password_password (15)'

2022-01-17 15:53:41 - [TEST_STEP][PASSED] - click(findTestObject("Object Repository/Page_Local Moodle Log in to the site/button_Log in (15)")): Object: 'Object Repository/Page_Local Moodle Log in to the site/button_Log in (15)' is clicked on

2022-01-17 15:53:44 - [MESSAGE][PASSED] - Object: 'Object Repository/Page_Local Moodle Log in to the site/button_Log in (15)' is clicked on

2022-01-17 15:53:44 - [TEST_STEP][PASSED] - click(findTestObject("Object Repository/Page_Nh ca ti/a_Lch (2)")): Object: 'Object Repository/Page_Nh ca ti/a_Lch (2)' is clicked on

2022-01-17 15:53:47 - [MESSAGE][PASSED] - Object: 'Object Repository/Page_Nh ca ti/a_Lch (2)' is clicked on

2022-01-17 15:53:47 - [TEST_STEP][PASSED] - click(findTestObject("Object Repository/Page_Moodle Lch Xem chi tit thng Thng Ging 2022/button_S kin mi (2)")): Object: 'Object Repository/Page_Moodle Lch Xem chi tit thng Thng Ging 2022/button_S kin mi (2)' is clicked on

2022-01-17 15:53:53 - [MESSAGE][INFO] - Unable to find the element located by 'By.xpath: //div[@id='calendar-month-61dda95a6fccb61dda95a2d01921']/div/button'. Please recheck the objects properties to make sure the desired element is located. 

2022-01-17 15:53:53 - [MESSAGE][WARNING] - [SELF-HEALING] Failed to find element with id 'Object Repository/Page_Moodle Lch Xem chi tit thng Thng Ging 2022/button_S kin mi (2)'. Try using Self-healing.

2022-01-17 15:53:54 - [MESSAGE][WARNING] - [SELF-HEALING] The current locator of test object 'Object Repository/Page_Moodle Lch Xem chi tit thng Thng Ging 2022/button_S kin mi (2)' was broken. Propose an alternative one: '(.//*[normalize-space(text()) and normalize-space(.)='Danh sách khóa học'])[1]/following::button[1]'.

2022-01-17 15:53:54 - [MESSAGE][PASSED] - Object: 'Object Repository/Page_Moodle Lch Xem chi tit thng Thng Ging 2022/button_S kin mi (2)' is clicked on

2022-01-17 15:53:54 - [TEST_STEP][PASSED] - setText(findTestObject("Object Repository/Page_Moodle Lch Xem chi tit thng Thng Ging 2022/input_Tiu  s kin_name (2)"), "Seminar"): Text 'Seminar' is set on object 'Object Repository/Page_Moodle Lch Xem chi tit thng Thng Ging 2022/input_Tiu  s kin_name (2)'

2022-01-17 15:53:56 - [MESSAGE][PASSED] - Text 'Seminar' is set on object 'Object Repository/Page_Moodle Lch Xem chi tit thng Thng Ging 2022/input_Tiu  s kin_name (2)'

2022-01-17 15:53:56 - [TEST_STEP][PASSED] - selectOptionByValue(findTestObject("Object Repository/Page_Moodle Lch Xem chi tit thng Thng Ging 2022/select_1        2        3        4        _45ea30 (2)"), "15", true): All options with value '15' are selected in object 'Object Repository/Page_Moodle Lch Xem chi tit thng Thng Ging 2022/select_1        2        3        4        _45ea30 (2)'  using regular expression

2022-01-17 15:53:59 - [MESSAGE][PASSED] - All options with value '15' are selected in object 'Object Repository/Page_Moodle Lch Xem chi tit thng Thng Ging 2022/select_1        2        3        4        _45ea30 (2)'  using regular expression

2022-01-17 15:53:59 - [TEST_STEP][PASSED] - selectOptionByValue(findTestObject("Object Repository/Page_Moodle Lch Xem chi tit thng Thng Ging 2022/select_00        01        02        03    _f6e37b (1)"), "14", true): All options with value '14' are selected in object 'Object Repository/Page_Moodle Lch Xem chi tit thng Thng Ging 2022/select_00        01        02        03    _f6e37b (1)'  using regular expression

2022-01-17 15:54:01 - [MESSAGE][PASSED] - All options with value '14' are selected in object 'Object Repository/Page_Moodle Lch Xem chi tit thng Thng Ging 2022/select_00        01        02        03    _f6e37b (1)'  using regular expression

2022-01-17 15:54:01 - [TEST_STEP][PASSED] - selectOptionByValue(findTestObject("Object Repository/Page_Moodle Lch Xem chi tit thng Thng Ging 2022/select_00        01        02        03    _f6e37b_1 (1)"), "30", true): All options with value '30' are selected in object 'Object Repository/Page_Moodle Lch Xem chi tit thng Thng Ging 2022/select_00        01        02        03    _f6e37b_1 (1)'  using regular expression

2022-01-17 15:54:05 - [MESSAGE][PASSED] - All options with value '30' are selected in object 'Object Repository/Page_Moodle Lch Xem chi tit thng Thng Ging 2022/select_00        01        02        03    _f6e37b_1 (1)'  using regular expression

2022-01-17 15:54:05 - [TEST_STEP][PASSED] - selectOptionByValue(findTestObject("Object Repository/Page_Moodle Lch Xem chi tit thng Thng Ging 2022/select_Thnh vin            Kho hc          _5efb09 (2)"), "course", true): All options with value 'course' are selected in object 'Object Repository/Page_Moodle Lch Xem chi tit thng Thng Ging 2022/select_Thnh vin            Kho hc          _5efb09 (2)'  using regular expression

2022-01-17 15:54:06 - [MESSAGE][PASSED] - All options with value 'course' are selected in object 'Object Repository/Page_Moodle Lch Xem chi tit thng Thng Ging 2022/select_Thnh vin            Kho hc          _5efb09 (2)'  using regular expression

2022-01-17 15:54:06 - [TEST_STEP][PASSED] - click(findTestObject("Object Repository/Page_Moodle Lch Xem chi tit thng Thng Ging 2022/span__1_2_3_4")): Object: 'Object Repository/Page_Moodle Lch Xem chi tit thng Thng Ging 2022/span__1_2_3_4' is clicked on

2022-01-17 15:54:12 - [MESSAGE][INFO] - Unable to find the element located by 'By.xpath: //span[@id='form_autocomplete_downarrow-1642045252858']'. Please recheck the objects properties to make sure the desired element is located. 

2022-01-17 15:54:12 - [MESSAGE][WARNING] - [SELF-HEALING] Failed to find element with id 'Object Repository/Page_Moodle Lch Xem chi tit thng Thng Ging 2022/span__1_2_3_4'. Try using Self-healing.

2022-01-17 15:54:13 - [MESSAGE][WARNING] - [SELF-HEALING] The current locator of test object 'Object Repository/Page_Moodle Lch Xem chi tit thng Thng Ging 2022/span__1_2_3_4' was broken. Propose an alternative one: '(.//*[normalize-space(text()) and normalize-space(.)='No selection'])[1]/following::span[1]'.

2022-01-17 15:54:13 - [MESSAGE][PASSED] - Object: 'Object Repository/Page_Moodle Lch Xem chi tit thng Thng Ging 2022/span__1_2_3_4' is clicked on

2022-01-17 15:54:13 - [TEST_STEP][PASSED] - click(findTestObject("Object Repository/Page_Moodle Lch Xem chi tit thng Thng Ging 2022/li_Software Engineering_1_2_3")): Object: 'Object Repository/Page_Moodle Lch Xem chi tit thng Thng Ging 2022/li_Software Engineering_1_2_3' is clicked on

2022-01-17 15:54:19 - [MESSAGE][INFO] - Unable to find the element located by 'By.xpath: //li[@id='form_autocomplete_suggestions-1642045252858-0']'. Please recheck the objects properties to make sure the desired element is located. 

2022-01-17 15:54:19 - [MESSAGE][WARNING] - [SELF-HEALING] Failed to find element with id 'Object Repository/Page_Moodle Lch Xem chi tit thng Thng Ging 2022/li_Software Engineering_1_2_3'. Try using Self-healing.

2022-01-17 15:54:20 - [MESSAGE][WARNING] - [SELF-HEALING] The current locator of test object 'Object Repository/Page_Moodle Lch Xem chi tit thng Thng Ging 2022/li_Software Engineering_1_2_3' was broken. Propose an alternative one: '(.//*[normalize-space(text()) and normalize-space(.)='▼'])[2]/following::li[1]'.

2022-01-17 15:54:20 - [MESSAGE][PASSED] - Object: 'Object Repository/Page_Moodle Lch Xem chi tit thng Thng Ging 2022/li_Software Engineering_1_2_3' is clicked on

2022-01-17 15:54:20 - [TEST_STEP][PASSED] - selectOptionByValue(findTestObject("Object Repository/Page_Moodle Lch Xem chi tit thng Thng Ging 2022/select_Software Engineering"), "3", true): All options with value '3' are selected in object 'Object Repository/Page_Moodle Lch Xem chi tit thng Thng Ging 2022/select_Software Engineering'  using regular expression

2022-01-17 15:54:21 - [MESSAGE][PASSED] - All options with value '3' are selected in object 'Object Repository/Page_Moodle Lch Xem chi tit thng Thng Ging 2022/select_Software Engineering'  using regular expression

2022-01-17 15:54:21 - [TEST_STEP][PASSED] - click(findTestObject("Object Repository/Page_Moodle Lch Xem chi tit thng Thng Ging 2022/a_Show more (1)")): Object: 'Object Repository/Page_Moodle Lch Xem chi tit thng Thng Ging 2022/a_Show more (1)' is clicked on

2022-01-17 15:54:28 - [MESSAGE][INFO] - Unable to find the element located by 'By.xpath: //a[@id='yui_3_17_2_1_1641916762423_1318']'. Please recheck the objects properties to make sure the desired element is located. 

2022-01-17 15:54:28 - [MESSAGE][WARNING] - [SELF-HEALING] Failed to find element with id 'Object Repository/Page_Moodle Lch Xem chi tit thng Thng Ging 2022/a_Show more (1)'. Try using Self-healing.

2022-01-17 15:54:28 - [MESSAGE][WARNING] - [SELF-HEALING] The current locator of test object 'Object Repository/Page_Moodle Lch Xem chi tit thng Thng Ging 2022/a_Show more (1)' was broken. Propose an alternative one: '//a[contains(text(),'Show more...')]'.

2022-01-17 15:54:28 - [MESSAGE][PASSED] - Object: 'Object Repository/Page_Moodle Lch Xem chi tit thng Thng Ging 2022/a_Show more (1)' is clicked on

2022-01-17 15:54:28 - [TEST_STEP][PASSED] - click(findTestObject("Object Repository/Page_Moodle Lch Xem chi tit thng Thng Ging 2022/input_Ti_duration")): Object: 'Object Repository/Page_Moodle Lch Xem chi tit thng Thng Ging 2022/input_Ti_duration' is clicked on

2022-01-17 15:54:29 - [MESSAGE][PASSED] - Object: 'Object Repository/Page_Moodle Lch Xem chi tit thng Thng Ging 2022/input_Ti_duration' is clicked on

2022-01-17 15:54:29 - [TEST_STEP][PASSED] - selectOptionByValue(findTestObject("Object Repository/Page_Moodle Lch Xem chi tit thng Thng Ging 2022/select_1        2        3        4        _45ea30_1"), "15", true): All options with value '15' are selected in object 'Object Repository/Page_Moodle Lch Xem chi tit thng Thng Ging 2022/select_1        2        3        4        _45ea30_1'  using regular expression

2022-01-17 15:54:31 - [MESSAGE][PASSED] - All options with value '15' are selected in object 'Object Repository/Page_Moodle Lch Xem chi tit thng Thng Ging 2022/select_1        2        3        4        _45ea30_1'  using regular expression

2022-01-17 15:54:31 - [TEST_STEP][PASSED] - selectOptionByValue(findTestObject("Object Repository/Page_Moodle Lch Xem chi tit thng Thng Ging 2022/select_00        01        02        03    _f6e37b_1_2"), "16", true): All options with value '16' are selected in object 'Object Repository/Page_Moodle Lch Xem chi tit thng Thng Ging 2022/select_00        01        02        03    _f6e37b_1_2'  using regular expression

2022-01-17 15:54:33 - [MESSAGE][PASSED] - All options with value '16' are selected in object 'Object Repository/Page_Moodle Lch Xem chi tit thng Thng Ging 2022/select_00        01        02        03    _f6e37b_1_2'  using regular expression

2022-01-17 15:54:33 - [TEST_STEP][PASSED] - selectOptionByValue(findTestObject("Object Repository/Page_Moodle Lch Xem chi tit thng Thng Ging 2022/select_00        01        02        03    _f6e37b_1_2_3"), "30", true): All options with value '30' are selected in object 'Object Repository/Page_Moodle Lch Xem chi tit thng Thng Ging 2022/select_00        01        02        03    _f6e37b_1_2_3'  using regular expression

2022-01-17 15:54:37 - [MESSAGE][PASSED] - All options with value '30' are selected in object 'Object Repository/Page_Moodle Lch Xem chi tit thng Thng Ging 2022/select_00        01        02        03    _f6e37b_1_2_3'  using regular expression

2022-01-17 15:54:37 - [TEST_STEP][PASSED] - click(findTestObject("Object Repository/Page_Moodle Lch Xem chi tit thng Thng Ging 2022/button_Lu (2)")): Object: 'Object Repository/Page_Moodle Lch Xem chi tit thng Thng Ging 2022/button_Lu (2)' is clicked on

2022-01-17 15:54:43 - [MESSAGE][INFO] - Unable to find the element located by 'By.xpath: //button[@id='yui_3_17_2_1_1641916762423_604']'. Please recheck the objects properties to make sure the desired element is located. 

2022-01-17 15:54:43 - [MESSAGE][WARNING] - [SELF-HEALING] Failed to find element with id 'Object Repository/Page_Moodle Lch Xem chi tit thng Thng Ging 2022/button_Lu (2)'. Try using Self-healing.

2022-01-17 15:54:43 - [MESSAGE][WARNING] - [SELF-HEALING] The current locator of test object 'Object Repository/Page_Moodle Lch Xem chi tit thng Thng Ging 2022/button_Lu (2)' was broken. Propose an alternative one: '(.//*[normalize-space(text()) and normalize-space(.)='Lặp lại hàng tuần, tạo ra tất cả'])[1]/following::button[1]'.

2022-01-17 15:54:43 - [MESSAGE][PASSED] - Object: 'Object Repository/Page_Moodle Lch Xem chi tit thng Thng Ging 2022/button_Lu (2)' is clicked on

2022-01-17 15:54:43 - [TEST_STEP][PASSED] - closeBrowser(): Browser is closed

2022-01-17 15:54:44 - [MESSAGE][PASSED] - Browser is closed]]></system-out>
         <system-err><![CDATA[]]></system-err>
      </testcase>
      <testcase name="Test Cases/Student enroll course/Enroll Course" time="32.372" classname="Test Cases/Student enroll course/Enroll Course" status="PASSED">
         <system-out><![CDATA[2022-01-17 15:54:44 - [TEST_CASE][PASSED] - Test Cases/Student enroll course/Enroll Course: Test Cases/Student enroll course/Enroll Course

2022-01-17 15:54:45 - [TEST_STEP][PASSED] - openBrowser(""): Browser is opened with url: ''

2022-01-17 15:54:45 - [MESSAGE][INFO] - Starting 'Chrome' driver

2022-01-17 15:54:45 - [MESSAGE][INFO] - Action delay is set to 0 milliseconds

2022-01-17 15:54:46 - [MESSAGE][PASSED] - Browser is opened with url: ''

2022-01-17 15:54:46 - [TEST_STEP][PASSED] - navigateToUrl("http://localhost/"): Navigate to 'http://localhost/' successfully

2022-01-17 15:54:47 - [MESSAGE][PASSED] - Navigate to 'http://localhost/' successfully

2022-01-17 15:54:47 - [TEST_STEP][PASSED] - click(findTestObject("Object Repository/Page_Local Moodle/a_Log in (23)")): Object: 'Object Repository/Page_Local Moodle/a_Log in (23)' is clicked on

2022-01-17 15:54:48 - [MESSAGE][PASSED] - Object: 'Object Repository/Page_Local Moodle/a_Log in (23)' is clicked on

2022-01-17 15:54:48 - [TEST_STEP][PASSED] - setText(findTestObject("Object Repository/Page_Local Moodle Log in to the site/input_Username_username (23)"), "hocvien"): Text 'hocvien' is set on object 'Object Repository/Page_Local Moodle Log in to the site/input_Username_username (23)'

2022-01-17 15:54:49 - [MESSAGE][PASSED] - Text 'hocvien' is set on object 'Object Repository/Page_Local Moodle Log in to the site/input_Username_username (23)'

2022-01-17 15:54:49 - [TEST_STEP][PASSED] - setEncryptedText(findTestObject("Object Repository/Page_Local Moodle Log in to the site/input_Password_password (23)"), "e0iuw4o+VG38P/PfCbIZUw=="): Text ****** has been set on object 'Object Repository/Page_Local Moodle Log in to the site/input_Password_password (23)'

2022-01-17 15:54:49 - [MESSAGE][PASSED] - Text ****** has been set on object 'Object Repository/Page_Local Moodle Log in to the site/input_Password_password (23)'

2022-01-17 15:54:49 - [TEST_STEP][PASSED] - click(findTestObject("Object Repository/Page_Local Moodle Log in to the site/button_Log in (23)")): Object: 'Object Repository/Page_Local Moodle Log in to the site/button_Log in (23)' is clicked on

2022-01-17 15:54:51 - [MESSAGE][PASSED] - Object: 'Object Repository/Page_Local Moodle Log in to the site/button_Log in (23)' is clicked on

2022-01-17 15:54:51 - [TEST_STEP][PASSED] - click(findTestObject("Object Repository/Page_Nh ca ti/span_Trang ch h thng (2)")): Object: 'Object Repository/Page_Nh ca ti/span_Trang ch h thng (2)' is clicked on

2022-01-17 15:54:54 - [MESSAGE][PASSED] - Object: 'Object Repository/Page_Nh ca ti/span_Trang ch h thng (2)' is clicked on

2022-01-17 15:54:54 - [TEST_STEP][PASSED] - click(findTestObject("Object Repository/Page_Local Moodle/a_Software Engineering 2")): Object: 'Object Repository/Page_Local Moodle/a_Software Engineering 2' is clicked on

2022-01-17 15:54:55 - [MESSAGE][PASSED] - Object: 'Object Repository/Page_Local Moodle/a_Software Engineering 2' is clicked on

2022-01-17 15:54:55 - [TEST_STEP][PASSED] - click(findTestObject("Object Repository/Page_SE2/input_Khng yu cu mt khu ng k_submitbutton (1)")): Object: 'Object Repository/Page_SE2/input_Khng yu cu mt khu ng k_submitbutton (1)' is clicked on

2022-01-17 15:54:59 - [MESSAGE][PASSED] - Object: 'Object Repository/Page_SE2/input_Khng yu cu mt khu ng k_submitbutton (1)' is clicked on

2022-01-17 15:54:59 - [TEST_STEP][PASSED] - click(findTestObject("Object Repository/Page_Kha Software Engineering 2/a_Software Engineering 2_action-menu-toggle-2")): Object: 'Object Repository/Page_Kha Software Engineering 2/a_Software Engineering 2_action-menu-toggle-2' is clicked on

2022-01-17 15:54:59 - [MESSAGE][PASSED] - Object: 'Object Repository/Page_Kha Software Engineering 2/a_Software Engineering 2_action-menu-toggle-2' is clicked on

2022-01-17 15:54:59 - [TEST_STEP][PASSED] - click(findTestObject("Object Repository/Page_Kha Software Engineering 2/a_Rt tn ti khi kho hc SE2_1")): Object: 'Object Repository/Page_Kha Software Engineering 2/a_Rt tn ti khi kho hc SE2_1' is clicked on

2022-01-17 15:55:06 - [MESSAGE][INFO] - Unable to find the element located by 'By.xpath: //a[@id='action_link61df942481b0b15']'. Please recheck the objects properties to make sure the desired element is located. 

2022-01-17 15:55:06 - [MESSAGE][WARNING] - [SELF-HEALING] Failed to find element with id 'Object Repository/Page_Kha Software Engineering 2/a_Rt tn ti khi kho hc SE2_1'. Try using Self-healing.

2022-01-17 15:55:06 - [MESSAGE][WARNING] - [SELF-HEALING] The current locator of test object 'Object Repository/Page_Kha Software Engineering 2/a_Rt tn ti khi kho hc SE2_1' was broken. Propose an alternative one: '//div[@id='action-menu-2-menu']/div/a'.

2022-01-17 15:55:07 - [MESSAGE][PASSED] - Object: 'Object Repository/Page_Kha Software Engineering 2/a_Rt tn ti khi kho hc SE2_1' is clicked on

2022-01-17 15:55:07 - [TEST_STEP][PASSED] - navigateToUrl("http://localhost/enrol/self/unenrolself.php?enrolid=9"): Navigate to 'http://localhost/enrol/self/unenrolself.php?enrolid=9' successfully

2022-01-17 15:55:07 - [MESSAGE][PASSED] - Navigate to 'http://localhost/enrol/self/unenrolself.php?enrolid=9' successfully

2022-01-17 15:55:07 - [TEST_STEP][PASSED] - click(findTestObject("Object Repository/Page_T ng k (Hc vin)/button_Tip tc_1")): Object: 'Object Repository/Page_T ng k (Hc vin)/button_Tip tc_1' is clicked on

2022-01-17 15:55:14 - [MESSAGE][INFO] - Unable to find the element located by 'By.xpath: //button[@id='single_button61df944a48d8118']'. Please recheck the objects properties to make sure the desired element is located. 

2022-01-17 15:55:14 - [MESSAGE][WARNING] - [SELF-HEALING] Failed to find element with id 'Object Repository/Page_T ng k (Hc vin)/button_Tip tc_1'. Try using Self-healing.

2022-01-17 15:55:14 - [MESSAGE][WARNING] - [SELF-HEALING] The current locator of test object 'Object Repository/Page_T ng k (Hc vin)/button_Tip tc_1' was broken. Propose an alternative one: '//div[@id='modal-footer']/div/div/form/button'.

2022-01-17 15:55:16 - [MESSAGE][PASSED] - Object: 'Object Repository/Page_T ng k (Hc vin)/button_Tip tc_1' is clicked on

2022-01-17 15:55:16 - [TEST_STEP][PASSED] - closeBrowser(): Browser is closed

2022-01-17 15:55:17 - [MESSAGE][PASSED] - Browser is closed]]></system-out>
         <system-err><![CDATA[]]></system-err>
      </testcase>
      <testcase name="Test Cases/Student enroll course/Enroll Course With Password" time="39.673" classname="Test Cases/Student enroll course/Enroll Course With Password" status="PASSED">
         <system-out><![CDATA[2022-01-17 15:55:17 - [TEST_CASE][PASSED] - Test Cases/Student enroll course/Enroll Course With Password: Test Cases/Student enroll course/Enroll Course With Password

2022-01-17 15:55:17 - [TEST_STEP][PASSED] - openBrowser(""): Browser is opened with url: ''

2022-01-17 15:55:17 - [MESSAGE][INFO] - Starting 'Chrome' driver

2022-01-17 15:55:17 - [MESSAGE][INFO] - Action delay is set to 0 milliseconds

2022-01-17 15:55:19 - [MESSAGE][PASSED] - Browser is opened with url: ''

2022-01-17 15:55:19 - [TEST_STEP][PASSED] - navigateToUrl("http://localhost/"): Navigate to 'http://localhost/' successfully

2022-01-17 15:55:20 - [MESSAGE][PASSED] - Navigate to 'http://localhost/' successfully

2022-01-17 15:55:20 - [TEST_STEP][PASSED] - click(findTestObject("Object Repository/Page_Local Moodle/a_Log in (22)")): Object: 'Object Repository/Page_Local Moodle/a_Log in (22)' is clicked on

2022-01-17 15:55:20 - [MESSAGE][PASSED] - Object: 'Object Repository/Page_Local Moodle/a_Log in (22)' is clicked on

2022-01-17 15:55:20 - [TEST_STEP][PASSED] - setText(findTestObject("Object Repository/Page_Local Moodle Log in to the site/input_Username_username (22)"), "hocvien"): Text 'hocvien' is set on object 'Object Repository/Page_Local Moodle Log in to the site/input_Username_username (22)'

2022-01-17 15:55:21 - [MESSAGE][PASSED] - Text 'hocvien' is set on object 'Object Repository/Page_Local Moodle Log in to the site/input_Username_username (22)'

2022-01-17 15:55:21 - [TEST_STEP][PASSED] - setEncryptedText(findTestObject("Object Repository/Page_Local Moodle Log in to the site/input_Password_password (22)"), "e0iuw4o+VG38P/PfCbIZUw=="): Text ****** has been set on object 'Object Repository/Page_Local Moodle Log in to the site/input_Password_password (22)'

2022-01-17 15:55:22 - [MESSAGE][PASSED] - Text ****** has been set on object 'Object Repository/Page_Local Moodle Log in to the site/input_Password_password (22)'

2022-01-17 15:55:22 - [TEST_STEP][PASSED] - click(findTestObject("Object Repository/Page_Local Moodle Log in to the site/button_Log in (22)")): Object: 'Object Repository/Page_Local Moodle Log in to the site/button_Log in (22)' is clicked on

2022-01-17 15:55:24 - [MESSAGE][PASSED] - Object: 'Object Repository/Page_Local Moodle Log in to the site/button_Log in (22)' is clicked on

2022-01-17 15:55:24 - [TEST_STEP][PASSED] - click(findTestObject("Object Repository/Page_Nh ca ti/span_Trang ch h thng (1)")): Object: 'Object Repository/Page_Nh ca ti/span_Trang ch h thng (1)' is clicked on

2022-01-17 15:55:27 - [MESSAGE][PASSED] - Object: 'Object Repository/Page_Nh ca ti/span_Trang ch h thng (1)' is clicked on

2022-01-17 15:55:27 - [TEST_STEP][PASSED] - click(findTestObject("Object Repository/Page_Local Moodle/a_Software Engineering 3")): Object: 'Object Repository/Page_Local Moodle/a_Software Engineering 3' is clicked on

2022-01-17 15:55:28 - [MESSAGE][PASSED] - Object: 'Object Repository/Page_Local Moodle/a_Software Engineering 3' is clicked on

2022-01-17 15:55:28 - [TEST_STEP][PASSED] - setEncryptedText(findTestObject("Object Repository/Page_SE3/input_Mt khu ng k_enrolpassword"), "tzH6RvlfSTg="): Text ****** has been set on object 'Object Repository/Page_SE3/input_Mt khu ng k_enrolpassword'

2022-01-17 15:55:35 - [MESSAGE][INFO] - Unable to find the element located by 'By.xpath: //input[@id='enrolpassword_10']'. Please recheck the objects properties to make sure the desired element is located. 

2022-01-17 15:55:35 - [MESSAGE][WARNING] - [SELF-HEALING] Failed to find element with id 'Object Repository/Page_SE3/input_Mt khu ng k_enrolpassword'. Try using Self-healing.

2022-01-17 15:55:35 - [MESSAGE][WARNING] - [SELF-HEALING] The current locator of test object 'Object Repository/Page_SE3/input_Mt khu ng k_enrolpassword' was broken. Propose an alternative one: '//div[2]/input'.

2022-01-17 15:55:35 - [MESSAGE][PASSED] - Text ****** has been set on object 'Object Repository/Page_SE3/input_Mt khu ng k_enrolpassword'

2022-01-17 15:55:35 - [TEST_STEP][PASSED] - click(findTestObject("Object Repository/Page_SE3/input_Mt khu ng k_submitbutton")): Object: 'Object Repository/Page_SE3/input_Mt khu ng k_submitbutton' is clicked on

2022-01-17 15:55:39 - [MESSAGE][PASSED] - Object: 'Object Repository/Page_SE3/input_Mt khu ng k_submitbutton' is clicked on

2022-01-17 15:55:39 - [TEST_STEP][PASSED] - click(findTestObject("Object Repository/Page_Kha Software Engineering 3/a_Software Engineering 3_action-menu-toggle-2")): Object: 'Object Repository/Page_Kha Software Engineering 3/a_Software Engineering 3_action-menu-toggle-2' is clicked on

2022-01-17 15:55:40 - [MESSAGE][PASSED] - Object: 'Object Repository/Page_Kha Software Engineering 3/a_Software Engineering 3_action-menu-toggle-2' is clicked on

2022-01-17 15:55:40 - [TEST_STEP][PASSED] - click(findTestObject("Object Repository/Page_Kha Software Engineering 3/a_Rt tn ti khi kho hc SE3")): Object: 'Object Repository/Page_Kha Software Engineering 3/a_Rt tn ti khi kho hc SE3' is clicked on

2022-01-17 15:55:46 - [MESSAGE][INFO] - Unable to find the element located by 'By.xpath: //a[@id='action_link61df954ab14a415']'. Please recheck the objects properties to make sure the desired element is located. 

2022-01-17 15:55:46 - [MESSAGE][WARNING] - [SELF-HEALING] Failed to find element with id 'Object Repository/Page_Kha Software Engineering 3/a_Rt tn ti khi kho hc SE3'. Try using Self-healing.

2022-01-17 15:55:46 - [MESSAGE][WARNING] - [SELF-HEALING] The current locator of test object 'Object Repository/Page_Kha Software Engineering 3/a_Rt tn ti khi kho hc SE3' was broken. Propose an alternative one: '//div[@id='action-menu-2-menu']/div/a'.

2022-01-17 15:55:47 - [MESSAGE][PASSED] - Object: 'Object Repository/Page_Kha Software Engineering 3/a_Rt tn ti khi kho hc SE3' is clicked on

2022-01-17 15:55:47 - [TEST_STEP][PASSED] - navigateToUrl("http://localhost/enrol/self/unenrolself.php?enrolid=12"): Navigate to 'http://localhost/enrol/self/unenrolself.php?enrolid=12' successfully

2022-01-17 15:55:47 - [MESSAGE][PASSED] - Navigate to 'http://localhost/enrol/self/unenrolself.php?enrolid=12' successfully

2022-01-17 15:55:47 - [TEST_STEP][PASSED] - click(findTestObject("Object Repository/Page_T ng k (Hc vin)/button_Tip tc")): Object: 'Object Repository/Page_T ng k (Hc vin)/button_Tip tc' is clicked on

2022-01-17 15:55:54 - [MESSAGE][INFO] - Unable to find the element located by 'By.xpath: //button[@id='single_button61df955b6a6e218']'. Please recheck the objects properties to make sure the desired element is located. 

2022-01-17 15:55:54 - [MESSAGE][WARNING] - [SELF-HEALING] Failed to find element with id 'Object Repository/Page_T ng k (Hc vin)/button_Tip tc'. Try using Self-healing.

2022-01-17 15:55:54 - [MESSAGE][WARNING] - [SELF-HEALING] The current locator of test object 'Object Repository/Page_T ng k (Hc vin)/button_Tip tc' was broken. Propose an alternative one: '//div[@id='modal-footer']/div/div/form/button'.

2022-01-17 15:55:56 - [MESSAGE][PASSED] - Object: 'Object Repository/Page_T ng k (Hc vin)/button_Tip tc' is clicked on

2022-01-17 15:55:56 - [TEST_STEP][PASSED] - closeBrowser(): Browser is closed

2022-01-17 15:55:56 - [MESSAGE][PASSED] - Browser is closed]]></system-out>
         <system-err><![CDATA[]]></system-err>
      </testcase>
      <testcase name="Test Cases/Students check events on calendar/Asignment event" time="126.57" classname="Test Cases/Students check events on calendar/Asignment event" status="PASSED">
         <system-out><![CDATA[2022-01-17 15:55:56 - [TEST_CASE][PASSED] - Test Cases/Students check events on calendar/Asignment event: Test Cases/Students check events on calendar/Asignment event

2022-01-17 15:55:57 - [TEST_STEP][PASSED] - openBrowser(""): Browser is opened with url: ''

2022-01-17 15:55:57 - [MESSAGE][INFO] - Starting 'Chrome' driver

2022-01-17 15:55:57 - [MESSAGE][INFO] - Action delay is set to 0 milliseconds

2022-01-17 15:55:58 - [MESSAGE][PASSED] - Browser is opened with url: ''

2022-01-17 15:55:58 - [TEST_STEP][PASSED] - navigateToUrl("http://localhost/"): Navigate to 'http://localhost/' successfully

2022-01-17 15:55:59 - [MESSAGE][PASSED] - Navigate to 'http://localhost/' successfully

2022-01-17 15:55:59 - [TEST_STEP][PASSED] - click(findTestObject("Object Repository/Students check events on calendar/Page_Local Moodle/a_Log in")): Object: 'Object Repository/Students check events on calendar/Page_Local Moodle/a_Log in' is clicked on

2022-01-17 15:56:00 - [MESSAGE][PASSED] - Object: 'Object Repository/Students check events on calendar/Page_Local Moodle/a_Log in' is clicked on

2022-01-17 15:56:00 - [TEST_STEP][PASSED] - setText(findTestObject("Object Repository/Students check events on calendar/Page_Local Moodle Log in to the site/input_Username_username"), "gv01"): Text 'gv01' is set on object 'Object Repository/Students check events on calendar/Page_Local Moodle Log in to the site/input_Username_username'

2022-01-17 15:56:01 - [MESSAGE][PASSED] - Text 'gv01' is set on object 'Object Repository/Students check events on calendar/Page_Local Moodle Log in to the site/input_Username_username'

2022-01-17 15:56:01 - [TEST_STEP][PASSED] - setEncryptedText(findTestObject("Object Repository/Students check events on calendar/Page_Local Moodle Log in to the site/input_Password_password"), "RigbBhfdqOAWw2eOk0+aVg=="): Text ****** has been set on object 'Object Repository/Students check events on calendar/Page_Local Moodle Log in to the site/input_Password_password'

2022-01-17 15:56:01 - [MESSAGE][PASSED] - Text ****** has been set on object 'Object Repository/Students check events on calendar/Page_Local Moodle Log in to the site/input_Password_password'

2022-01-17 15:56:01 - [TEST_STEP][PASSED] - click(findTestObject("Object Repository/Students check events on calendar/Page_Local Moodle Log in to the site/button_Log in")): Object: 'Object Repository/Students check events on calendar/Page_Local Moodle Log in to the site/button_Log in' is clicked on

2022-01-17 15:56:03 - [MESSAGE][PASSED] - Object: 'Object Repository/Students check events on calendar/Page_Local Moodle Log in to the site/button_Log in' is clicked on

2022-01-17 15:56:03 - [TEST_STEP][PASSED] - verifyElementClickable(findTestObject("Object Repository/Students check events on calendar/Page_Nh ca ti/span_Nhp mn cng ngh phn mm")): Object 'Object Repository/Students check events on calendar/Page_Nh ca ti/span_Nhp mn cng ngh phn mm' is clickable

2022-01-17 15:56:09 - [MESSAGE][INFO] - Unable to find the element located by 'By.xpath: //div[@id='course-info-container-20-8']/div/div/a/span[3]'. Please recheck the objects properties to make sure the desired element is located. 

2022-01-17 15:56:09 - [MESSAGE][WARNING] - [SELF-HEALING] Failed to find element with id 'Object Repository/Students check events on calendar/Page_Nh ca ti/span_Nhp mn cng ngh phn mm'. Try using Self-healing.

2022-01-17 15:56:10 - [MESSAGE][WARNING] - [SELF-HEALING] The current locator of test object 'Object Repository/Students check events on calendar/Page_Nh ca ti/span_Nhp mn cng ngh phn mm' was broken. Propose an alternative one: '(.//*[normalize-space(text()) and normalize-space(.)='Tên khóa học'])[1]/following::span[1]'.

2022-01-17 15:56:10 - [MESSAGE][PASSED] - Object 'Object Repository/Students check events on calendar/Page_Nh ca ti/span_Nhp mn cng ngh phn mm' is clickable

2022-01-17 15:56:10 - [TEST_STEP][PASSED] - click(findTestObject("Object Repository/Students check events on calendar/Page_Nh ca ti/span_Nhp mn cng ngh phn mm")): Object: 'Object Repository/Students check events on calendar/Page_Nh ca ti/span_Nhp mn cng ngh phn mm' is clicked on

2022-01-17 15:56:16 - [MESSAGE][INFO] - Unable to find the element located by 'By.xpath: //div[@id='course-info-container-20-8']/div/div/a/span[3]'. Please recheck the objects properties to make sure the desired element is located. 

2022-01-17 15:56:16 - [MESSAGE][WARNING] - [SELF-HEALING] Failed to find element with id 'Object Repository/Students check events on calendar/Page_Nh ca ti/span_Nhp mn cng ngh phn mm'. Try using Self-healing.

2022-01-17 15:56:16 - [MESSAGE][WARNING] - [SELF-HEALING] The current locator of test object 'Object Repository/Students check events on calendar/Page_Nh ca ti/span_Nhp mn cng ngh phn mm' was broken. Propose an alternative one: '(.//*[normalize-space(text()) and normalize-space(.)='Tên khóa học'])[1]/following::span[1]'.

2022-01-17 15:56:17 - [MESSAGE][PASSED] - Object: 'Object Repository/Students check events on calendar/Page_Nh ca ti/span_Nhp mn cng ngh phn mm' is clicked on

2022-01-17 15:56:17 - [TEST_STEP][PASSED] - verifyElementClickable(findTestObject("Object Repository/Students check events on calendar/Page_Kha Nhp mn cng ngh phn mm/button_Bt ch  chnh sa")): Object 'Object Repository/Students check events on calendar/Page_Kha Nhp mn cng ngh phn mm/button_Bt ch  chnh sa' is clickable

2022-01-17 15:56:23 - [MESSAGE][INFO] - Unable to find the element located by 'By.xpath: //button[@id='single_button61e174d8acd921']'. Please recheck the objects properties to make sure the desired element is located. 

2022-01-17 15:56:23 - [MESSAGE][WARNING] - [SELF-HEALING] Failed to find element with id 'Object Repository/Students check events on calendar/Page_Kha Nhp mn cng ngh phn mm/button_Bt ch  chnh sa'. Try using Self-healing.

2022-01-17 15:56:23 - [MESSAGE][WARNING] - [SELF-HEALING] The current locator of test object 'Object Repository/Students check events on calendar/Page_Kha Nhp mn cng ngh phn mm/button_Bt ch  chnh sa' was broken. Propose an alternative one: '//header[@id='page-header']/div/div/div/div[2]/div[2]/div/form/button'.

2022-01-17 15:56:23 - [MESSAGE][PASSED] - Object 'Object Repository/Students check events on calendar/Page_Kha Nhp mn cng ngh phn mm/button_Bt ch  chnh sa' is clickable

2022-01-17 15:56:23 - [TEST_STEP][PASSED] - verifyElementText(findTestObject("Object Repository/Students check events on calendar/Page_Kha Nhp mn cng ngh phn mm/button_Bt ch  chnh sa"), "Bật chế độ chỉnh sửa"): Actual text and expected text of test object 'Object Repository/Students check events on calendar/Page_Kha Nhp mn cng ngh phn mm/button_Bt ch  chnh sa' are matched.

2022-01-17 15:56:30 - [MESSAGE][INFO] - Unable to find the element located by 'By.xpath: //button[@id='single_button61e174d8acd921']'. Please recheck the objects properties to make sure the desired element is located. 

2022-01-17 15:56:30 - [MESSAGE][WARNING] - [SELF-HEALING] Failed to find element with id 'Object Repository/Students check events on calendar/Page_Kha Nhp mn cng ngh phn mm/button_Bt ch  chnh sa'. Try using Self-healing.

2022-01-17 15:56:30 - [MESSAGE][WARNING] - [SELF-HEALING] The current locator of test object 'Object Repository/Students check events on calendar/Page_Kha Nhp mn cng ngh phn mm/button_Bt ch  chnh sa' was broken. Propose an alternative one: '//header[@id='page-header']/div/div/div/div[2]/div[2]/div/form/button'.

2022-01-17 15:56:30 - [MESSAGE][PASSED] - Actual text and expected text of test object 'Object Repository/Students check events on calendar/Page_Kha Nhp mn cng ngh phn mm/button_Bt ch  chnh sa' are matched.

2022-01-17 15:56:30 - [TEST_STEP][PASSED] - click(findTestObject("Object Repository/Students check events on calendar/Page_Kha Nhp mn cng ngh phn mm/button_Bt ch  chnh sa")): Object: 'Object Repository/Students check events on calendar/Page_Kha Nhp mn cng ngh phn mm/button_Bt ch  chnh sa' is clicked on

2022-01-17 15:56:36 - [MESSAGE][INFO] - Unable to find the element located by 'By.xpath: //button[@id='single_button61e174d8acd921']'. Please recheck the objects properties to make sure the desired element is located. 

2022-01-17 15:56:36 - [MESSAGE][WARNING] - [SELF-HEALING] Failed to find element with id 'Object Repository/Students check events on calendar/Page_Kha Nhp mn cng ngh phn mm/button_Bt ch  chnh sa'. Try using Self-healing.

2022-01-17 15:56:37 - [MESSAGE][WARNING] - [SELF-HEALING] The current locator of test object 'Object Repository/Students check events on calendar/Page_Kha Nhp mn cng ngh phn mm/button_Bt ch  chnh sa' was broken. Propose an alternative one: '//header[@id='page-header']/div/div/div/div[2]/div[2]/div/form/button'.

2022-01-17 15:56:38 - [MESSAGE][PASSED] - Object: 'Object Repository/Students check events on calendar/Page_Kha Nhp mn cng ngh phn mm/button_Bt ch  chnh sa' is clicked on

2022-01-17 15:56:38 - [TEST_STEP][PASSED] - verifyElementText(findTestObject("Object Repository/Students check events on calendar/Page_Kha Nhp mn cng ngh phn mm/span_Thm hot ng hoc ti nguyn"), "Thêm hoạt động hoặc tài nguyên"): Actual text and expected text of test object 'Object Repository/Students check events on calendar/Page_Kha Nhp mn cng ngh phn mm/span_Thm hot ng hoc ti nguyn' are matched.

2022-01-17 15:56:44 - [MESSAGE][INFO] - Unable to find the element located by 'By.xpath: //span[@id='yui_3_17_2_1_1642165488702_701']'. Please recheck the objects properties to make sure the desired element is located. 

2022-01-17 15:56:44 - [MESSAGE][WARNING] - [SELF-HEALING] Failed to find element with id 'Object Repository/Students check events on calendar/Page_Kha Nhp mn cng ngh phn mm/span_Thm hot ng hoc ti nguyn'. Try using Self-healing.

2022-01-17 15:56:44 - [MESSAGE][WARNING] - [SELF-HEALING] The current locator of test object 'Object Repository/Students check events on calendar/Page_Kha Nhp mn cng ngh phn mm/span_Thm hot ng hoc ti nguyn' was broken. Propose an alternative one: '(.//*[normalize-space(text()) and normalize-space(.)='Thêm tập tin ở đây'])[1]/following::span[1]'.

2022-01-17 15:56:44 - [MESSAGE][PASSED] - Actual text and expected text of test object 'Object Repository/Students check events on calendar/Page_Kha Nhp mn cng ngh phn mm/span_Thm hot ng hoc ti nguyn' are matched.

2022-01-17 15:56:44 - [TEST_STEP][PASSED] - click(findTestObject("Object Repository/Students check events on calendar/Page_Kha Nhp mn cng ngh phn mm/span_Thm hot ng hoc ti nguyn")): Object: 'Object Repository/Students check events on calendar/Page_Kha Nhp mn cng ngh phn mm/span_Thm hot ng hoc ti nguyn' is clicked on

2022-01-17 15:56:51 - [MESSAGE][INFO] - Unable to find the element located by 'By.xpath: //span[@id='yui_3_17_2_1_1642165488702_701']'. Please recheck the objects properties to make sure the desired element is located. 

2022-01-17 15:56:51 - [MESSAGE][WARNING] - [SELF-HEALING] Failed to find element with id 'Object Repository/Students check events on calendar/Page_Kha Nhp mn cng ngh phn mm/span_Thm hot ng hoc ti nguyn'. Try using Self-healing.

2022-01-17 15:56:51 - [MESSAGE][WARNING] - [SELF-HEALING] The current locator of test object 'Object Repository/Students check events on calendar/Page_Kha Nhp mn cng ngh phn mm/span_Thm hot ng hoc ti nguyn' was broken. Propose an alternative one: '(.//*[normalize-space(text()) and normalize-space(.)='Thêm tập tin ở đây'])[1]/following::span[1]'.

2022-01-17 15:56:51 - [MESSAGE][PASSED] - Object: 'Object Repository/Students check events on calendar/Page_Kha Nhp mn cng ngh phn mm/span_Thm hot ng hoc ti nguyn' is clicked on

2022-01-17 15:56:51 - [TEST_STEP][PASSED] - verifyElementClickable(findTestObject("Object Repository/Students check events on calendar/Page_Kha Nhp mn cng ngh phn mm/div_Bi tp")): Object 'Object Repository/Students check events on calendar/Page_Kha Nhp mn cng ngh phn mm/div_Bi tp' is clickable

2022-01-17 15:56:58 - [MESSAGE][INFO] - Unable to find the element located by 'By.xpath: //div[@id='all-4']/div/div[3]/div/a/div[2]'. Please recheck the objects properties to make sure the desired element is located. 

2022-01-17 15:56:58 - [MESSAGE][WARNING] - [SELF-HEALING] Failed to find element with id 'Object Repository/Students check events on calendar/Page_Kha Nhp mn cng ngh phn mm/div_Bi tp'. Try using Self-healing.

2022-01-17 15:56:58 - [MESSAGE][WARNING] - [SELF-HEALING] The current locator of test object 'Object Repository/Students check events on calendar/Page_Kha Nhp mn cng ngh phn mm/div_Bi tp' was broken. Propose an alternative one: '(.//*[normalize-space(text()) and normalize-space(.)='Bài học'])[1]/following::div[5]'.

2022-01-17 15:56:58 - [MESSAGE][PASSED] - Object 'Object Repository/Students check events on calendar/Page_Kha Nhp mn cng ngh phn mm/div_Bi tp' is clickable

2022-01-17 15:56:58 - [TEST_STEP][PASSED] - verifyElementText(findTestObject("Object Repository/Students check events on calendar/Page_Kha Nhp mn cng ngh phn mm/div_Bi tp"), "Bài tập"): Actual text and expected text of test object 'Object Repository/Students check events on calendar/Page_Kha Nhp mn cng ngh phn mm/div_Bi tp' are matched.

2022-01-17 15:57:04 - [MESSAGE][INFO] - Unable to find the element located by 'By.xpath: //div[@id='all-4']/div/div[3]/div/a/div[2]'. Please recheck the objects properties to make sure the desired element is located. 

2022-01-17 15:57:04 - [MESSAGE][WARNING] - [SELF-HEALING] Failed to find element with id 'Object Repository/Students check events on calendar/Page_Kha Nhp mn cng ngh phn mm/div_Bi tp'. Try using Self-healing.

2022-01-17 15:57:04 - [MESSAGE][WARNING] - [SELF-HEALING] The current locator of test object 'Object Repository/Students check events on calendar/Page_Kha Nhp mn cng ngh phn mm/div_Bi tp' was broken. Propose an alternative one: '(.//*[normalize-space(text()) and normalize-space(.)='Bài học'])[1]/following::div[5]'.

2022-01-17 15:57:04 - [MESSAGE][PASSED] - Actual text and expected text of test object 'Object Repository/Students check events on calendar/Page_Kha Nhp mn cng ngh phn mm/div_Bi tp' are matched.

2022-01-17 15:57:04 - [TEST_STEP][PASSED] - click(findTestObject("Object Repository/Students check events on calendar/Page_Kha Nhp mn cng ngh phn mm/div_Bi tp")): Object: 'Object Repository/Students check events on calendar/Page_Kha Nhp mn cng ngh phn mm/div_Bi tp' is clicked on

2022-01-17 15:57:11 - [MESSAGE][INFO] - Unable to find the element located by 'By.xpath: //div[@id='all-4']/div/div[3]/div/a/div[2]'. Please recheck the objects properties to make sure the desired element is located. 

2022-01-17 15:57:11 - [MESSAGE][WARNING] - [SELF-HEALING] Failed to find element with id 'Object Repository/Students check events on calendar/Page_Kha Nhp mn cng ngh phn mm/div_Bi tp'. Try using Self-healing.

2022-01-17 15:57:11 - [MESSAGE][WARNING] - [SELF-HEALING] The current locator of test object 'Object Repository/Students check events on calendar/Page_Kha Nhp mn cng ngh phn mm/div_Bi tp' was broken. Propose an alternative one: '(.//*[normalize-space(text()) and normalize-space(.)='Bài học'])[1]/following::div[5]'.

2022-01-17 15:57:14 - [MESSAGE][PASSED] - Object: 'Object Repository/Students check events on calendar/Page_Kha Nhp mn cng ngh phn mm/div_Bi tp' is clicked on

2022-01-17 15:57:14 - [TEST_STEP][PASSED] - setText(findTestObject("Object Repository/Students check events on calendar/Page_Bin son Bi tp/input_Tn bi tp_name"), "Bài tập quiz"): Text 'Bài tập quiz' is set on object 'Object Repository/Students check events on calendar/Page_Bin son Bi tp/input_Tn bi tp_name'

2022-01-17 15:57:16 - [MESSAGE][PASSED] - Text 'Bài tập quiz' is set on object 'Object Repository/Students check events on calendar/Page_Bin son Bi tp/input_Tn bi tp_name'

2022-01-17 15:57:16 - [TEST_STEP][PASSED] - click(findTestObject("Object Repository/Students check events on calendar/Page_Bin son Bi tp/p_Kim tra tnh nng")): Object: 'Object Repository/Students check events on calendar/Page_Bin son Bi tp/p_Kim tra tnh nng' is clicked on

2022-01-17 15:57:16 - [MESSAGE][PASSED] - Object: 'Object Repository/Students check events on calendar/Page_Bin son Bi tp/p_Kim tra tnh nng' is clicked on

2022-01-17 15:57:16 - [TEST_STEP][PASSED] - setText(findTestObject("Object Repository/Students check events on calendar/Page_Bin son Bi tp/div_Kim tra tnh nng"), "Kiểm tra tính năng"): Text 'Kiểm tra tính năng' is set on object 'Object Repository/Students check events on calendar/Page_Bin son Bi tp/div_Kim tra tnh nng'

2022-01-17 15:57:18 - [MESSAGE][PASSED] - Text 'Kiểm tra tính năng' is set on object 'Object Repository/Students check events on calendar/Page_Bin son Bi tp/div_Kim tra tnh nng'

2022-01-17 15:57:18 - [TEST_STEP][PASSED] - selectOptionByValue(findTestObject("Object Repository/Students check events on calendar/Page_Bin son Bi tp/select_1        2        3        4        _45ea30"), "28", true): All options with value '28' are selected in object 'Object Repository/Students check events on calendar/Page_Bin son Bi tp/select_1        2        3        4        _45ea30'  using regular expression

2022-01-17 15:57:24 - [MESSAGE][INFO] - Unable to find the element located by 'By.xpath: '. Please recheck the objects properties to make sure the desired element is located. 

2022-01-17 15:57:24 - [MESSAGE][WARNING] - [SELF-HEALING] Failed to find element with id 'Object Repository/Students check events on calendar/Page_Bin son Bi tp/select_1        2        3        4        _45ea30'. Try using Self-healing.

2022-01-17 15:57:24 - [MESSAGE][WARNING] - [SELF-HEALING] The current locator of test object 'Object Repository/Students check events on calendar/Page_Bin son Bi tp/select_1        2        3        4        _45ea30' was broken. Propose an alternative one: '//select[@id='id_duedate_day']'.

2022-01-17 15:57:26 - [MESSAGE][PASSED] - All options with value '28' are selected in object 'Object Repository/Students check events on calendar/Page_Bin son Bi tp/select_1        2        3        4        _45ea30'  using regular expression

2022-01-17 15:57:26 - [TEST_STEP][PASSED] - verifyElementText(findTestObject("Object Repository/Students check events on calendar/Page_Bin son Bi tp/input_Upon activity completion_submitbutton"), ""): Actual text and expected text of test object 'Object Repository/Students check events on calendar/Page_Bin son Bi tp/input_Upon activity completion_submitbutton' are matched.

2022-01-17 15:57:27 - [MESSAGE][PASSED] - Actual text and expected text of test object 'Object Repository/Students check events on calendar/Page_Bin son Bi tp/input_Upon activity completion_submitbutton' are matched.

2022-01-17 15:57:27 - [TEST_STEP][PASSED] - verifyElementClickable(findTestObject("Object Repository/Students check events on calendar/Page_Bin son Bi tp/input_Upon activity completion_submitbutton")): Object 'Object Repository/Students check events on calendar/Page_Bin son Bi tp/input_Upon activity completion_submitbutton' is clickable

2022-01-17 15:57:27 - [MESSAGE][PASSED] - Object 'Object Repository/Students check events on calendar/Page_Bin son Bi tp/input_Upon activity completion_submitbutton' is clickable

2022-01-17 15:57:27 - [TEST_STEP][PASSED] - click(findTestObject("Object Repository/Students check events on calendar/Page_Bin son Bi tp/input_Upon activity completion_submitbutton")): Object: 'Object Repository/Students check events on calendar/Page_Bin son Bi tp/input_Upon activity completion_submitbutton' is clicked on

2022-01-17 15:57:29 - [MESSAGE][PASSED] - Object: 'Object Repository/Students check events on calendar/Page_Bin son Bi tp/input_Upon activity completion_submitbutton' is clicked on

2022-01-17 15:57:29 - [TEST_STEP][PASSED] - verifyElementText(findTestObject("Object Repository/Students check events on calendar/Page_NM CNPM Bi tp quiz/div_Kim tra tnh nng"), "Kiểm tra tính năng"): Actual text and expected text of test object 'Object Repository/Students check events on calendar/Page_NM CNPM Bi tp quiz/div_Kim tra tnh nng' are matched.

2022-01-17 15:57:30 - [MESSAGE][PASSED] - Actual text and expected text of test object 'Object Repository/Students check events on calendar/Page_NM CNPM Bi tp quiz/div_Kim tra tnh nng' are matched.

2022-01-17 15:57:30 - [TEST_STEP][PASSED] - click(findTestObject("Object Repository/Students check events on calendar/Page_NM CNPM Bi tp quiz/a_Van Luyen Le")): Object: 'Object Repository/Students check events on calendar/Page_NM CNPM Bi tp quiz/a_Van Luyen Le' is clicked on

2022-01-17 15:57:31 - [MESSAGE][PASSED] - Object: 'Object Repository/Students check events on calendar/Page_NM CNPM Bi tp quiz/a_Van Luyen Le' is clicked on

2022-01-17 15:57:31 - [TEST_STEP][PASSED] - click(findTestObject("Object Repository/Students check events on calendar/Page_NM CNPM Bi tp quiz/span_Thot")): Object: 'Object Repository/Students check events on calendar/Page_NM CNPM Bi tp quiz/span_Thot' is clicked on

2022-01-17 15:57:32 - [MESSAGE][PASSED] - Object: 'Object Repository/Students check events on calendar/Page_NM CNPM Bi tp quiz/span_Thot' is clicked on

2022-01-17 15:57:32 - [TEST_STEP][PASSED] - click(findTestObject("Object Repository/Students check events on calendar/Page_Local Moodle/a_Log in")): Object: 'Object Repository/Students check events on calendar/Page_Local Moodle/a_Log in' is clicked on

2022-01-17 15:57:33 - [MESSAGE][PASSED] - Object: 'Object Repository/Students check events on calendar/Page_Local Moodle/a_Log in' is clicked on

2022-01-17 15:57:33 - [TEST_STEP][PASSED] - setText(findTestObject("Object Repository/Students check events on calendar/Page_Local Moodle Log in to the site/input_Username_username"), "hs01"): Text 'hs01' is set on object 'Object Repository/Students check events on calendar/Page_Local Moodle Log in to the site/input_Username_username'

2022-01-17 15:57:34 - [MESSAGE][PASSED] - Text 'hs01' is set on object 'Object Repository/Students check events on calendar/Page_Local Moodle Log in to the site/input_Username_username'

2022-01-17 15:57:34 - [TEST_STEP][PASSED] - setEncryptedText(findTestObject("Object Repository/Students check events on calendar/Page_Local Moodle Log in to the site/input_Password_password"), "o5TCnEIIWq2SeGQhIMNXLQ=="): Text ****** has been set on object 'Object Repository/Students check events on calendar/Page_Local Moodle Log in to the site/input_Password_password'

2022-01-17 15:57:34 - [MESSAGE][PASSED] - Text ****** has been set on object 'Object Repository/Students check events on calendar/Page_Local Moodle Log in to the site/input_Password_password'

2022-01-17 15:57:34 - [TEST_STEP][PASSED] - click(findTestObject("Object Repository/Students check events on calendar/Page_Local Moodle Log in to the site/button_Log in")): Object: 'Object Repository/Students check events on calendar/Page_Local Moodle Log in to the site/button_Log in' is clicked on

2022-01-17 15:57:37 - [MESSAGE][PASSED] - Object: 'Object Repository/Students check events on calendar/Page_Local Moodle Log in to the site/button_Log in' is clicked on

2022-01-17 15:57:37 - [TEST_STEP][PASSED] - verifyElementClickable(findTestObject("Object Repository/Students check events on calendar/Page_Nh ca ti/a_28")): Object 'Object Repository/Students check events on calendar/Page_Nh ca ti/a_28' is clickable

2022-01-17 15:57:38 - [MESSAGE][PASSED] - Object 'Object Repository/Students check events on calendar/Page_Nh ca ti/a_28' is clickable

2022-01-17 15:57:38 - [TEST_STEP][PASSED] - click(findTestObject("Object Repository/Students check events on calendar/Page_Nh ca ti/a_28")): Object: 'Object Repository/Students check events on calendar/Page_Nh ca ti/a_28' is clicked on

2022-01-17 15:57:40 - [MESSAGE][PASSED] - Object: 'Object Repository/Students check events on calendar/Page_Nh ca ti/a_28' is clicked on

2022-01-17 15:57:40 - [TEST_STEP][PASSED] - verifyElementText(findTestObject("Object Repository/Students check events on calendar/Page_Moodle Lch Xem ngy Th Su, 14 Thng Ging 2022/a_Thm bi np"), "Thêm bài nộp"): Actual text and expected text of test object 'Object Repository/Students check events on calendar/Page_Moodle Lch Xem ngy Th Su, 14 Thng Ging 2022/a_Thm bi np' are matched.

2022-01-17 15:57:46 - [MESSAGE][INFO] - Unable to find the element located by 'By.xpath: //div[@id='calendar-day-61d730798b7de61d730796c43320']/div[2]/div[2]/div/div/div[3]/a'. Please recheck the objects properties to make sure the desired element is located. 

2022-01-17 15:57:46 - [MESSAGE][WARNING] - [SELF-HEALING] Failed to find element with id 'Object Repository/Students check events on calendar/Page_Moodle Lch Xem ngy Th Su, 14 Thng Ging 2022/a_Thm bi np'. Try using Self-healing.

2022-01-17 15:57:46 - [MESSAGE][WARNING] - [SELF-HEALING] The current locator of test object 'Object Repository/Students check events on calendar/Page_Moodle Lch Xem ngy Th Su, 14 Thng Ging 2022/a_Thm bi np' was broken. Propose an alternative one: '(.//*[normalize-space(text()) and normalize-space(.)='Xuất lịch biểu'])[1]/preceding::a[1]'.

2022-01-17 15:57:46 - [MESSAGE][PASSED] - Actual text and expected text of test object 'Object Repository/Students check events on calendar/Page_Moodle Lch Xem ngy Th Su, 14 Thng Ging 2022/a_Thm bi np' are matched.

2022-01-17 15:57:46 - [TEST_STEP][PASSED] - verifyElementClickable(findTestObject("Object Repository/Students check events on calendar/Page_Moodle Lch Xem ngy Th Su, 14 Thng Ging 2022/a_Thm bi np")): Object 'Object Repository/Students check events on calendar/Page_Moodle Lch Xem ngy Th Su, 14 Thng Ging 2022/a_Thm bi np' is clickable

2022-01-17 15:57:53 - [MESSAGE][INFO] - Unable to find the element located by 'By.xpath: //div[@id='calendar-day-61d730798b7de61d730796c43320']/div[2]/div[2]/div/div/div[3]/a'. Please recheck the objects properties to make sure the desired element is located. 

2022-01-17 15:57:53 - [MESSAGE][WARNING] - [SELF-HEALING] Failed to find element with id 'Object Repository/Students check events on calendar/Page_Moodle Lch Xem ngy Th Su, 14 Thng Ging 2022/a_Thm bi np'. Try using Self-healing.

2022-01-17 15:57:53 - [MESSAGE][WARNING] - [SELF-HEALING] The current locator of test object 'Object Repository/Students check events on calendar/Page_Moodle Lch Xem ngy Th Su, 14 Thng Ging 2022/a_Thm bi np' was broken. Propose an alternative one: '(.//*[normalize-space(text()) and normalize-space(.)='Xuất lịch biểu'])[1]/preceding::a[1]'.

2022-01-17 15:57:53 - [MESSAGE][PASSED] - Object 'Object Repository/Students check events on calendar/Page_Moodle Lch Xem ngy Th Su, 14 Thng Ging 2022/a_Thm bi np' is clickable

2022-01-17 15:57:53 - [TEST_STEP][PASSED] - click(findTestObject("Object Repository/Students check events on calendar/Page_Moodle Lch Xem ngy Th Su, 14 Thng Ging 2022/a_Thm bi np")): Object: 'Object Repository/Students check events on calendar/Page_Moodle Lch Xem ngy Th Su, 14 Thng Ging 2022/a_Thm bi np' is clicked on

2022-01-17 15:57:59 - [MESSAGE][INFO] - Unable to find the element located by 'By.xpath: //div[@id='calendar-day-61d730798b7de61d730796c43320']/div[2]/div[2]/div/div/div[3]/a'. Please recheck the objects properties to make sure the desired element is located. 

2022-01-17 15:57:59 - [MESSAGE][WARNING] - [SELF-HEALING] Failed to find element with id 'Object Repository/Students check events on calendar/Page_Moodle Lch Xem ngy Th Su, 14 Thng Ging 2022/a_Thm bi np'. Try using Self-healing.

2022-01-17 15:58:00 - [MESSAGE][WARNING] - [SELF-HEALING] The current locator of test object 'Object Repository/Students check events on calendar/Page_Moodle Lch Xem ngy Th Su, 14 Thng Ging 2022/a_Thm bi np' was broken. Propose an alternative one: '(.//*[normalize-space(text()) and normalize-space(.)='Xuất lịch biểu'])[1]/preceding::a[1]'.

2022-01-17 15:58:01 - [MESSAGE][PASSED] - Object: 'Object Repository/Students check events on calendar/Page_Moodle Lch Xem ngy Th Su, 14 Thng Ging 2022/a_Thm bi np' is clicked on

2022-01-17 15:58:01 - [TEST_STEP][PASSED] - verifyElementText(findTestObject("Object Repository/Students check events on calendar/Page_NM CNPM Bi tp quiz - Sa bi lm/h2_Bi tp quiz"), "Bài tập quiz"): Actual text and expected text of test object 'Object Repository/Students check events on calendar/Page_NM CNPM Bi tp quiz - Sa bi lm/h2_Bi tp quiz' are matched.

2022-01-17 15:58:02 - [MESSAGE][PASSED] - Actual text and expected text of test object 'Object Repository/Students check events on calendar/Page_NM CNPM Bi tp quiz - Sa bi lm/h2_Bi tp quiz' are matched.

2022-01-17 15:58:02 - [TEST_STEP][PASSED] - verifyElementText(findTestObject("Object Repository/Students check events on calendar/Page_NM CNPM Bi tp quiz - Sa bi lm/div_Kim tra tnh nng"), "Kiểm tra tính năng"): Actual text and expected text of test object 'Object Repository/Students check events on calendar/Page_NM CNPM Bi tp quiz - Sa bi lm/div_Kim tra tnh nng' are matched.

2022-01-17 15:58:02 - [MESSAGE][PASSED] - Actual text and expected text of test object 'Object Repository/Students check events on calendar/Page_NM CNPM Bi tp quiz - Sa bi lm/div_Kim tra tnh nng' are matched.

2022-01-17 15:58:02 - [TEST_STEP][PASSED] - closeBrowser(): Browser is closed

2022-01-17 15:58:03 - [MESSAGE][PASSED] - Browser is closed]]></system-out>
         <system-err><![CDATA[]]></system-err>
      </testcase>
      <testcase name="Test Cases/Students check events on calendar/Forum event" time="87.978" classname="Test Cases/Students check events on calendar/Forum event" status="PASSED">
         <system-out><![CDATA[2022-01-17 15:59:41 - [TEST_CASE][PASSED] - Test Cases/Students check events on calendar/Forum event: Test Cases/Students check events on calendar/Forum event

2022-01-17 15:59:41 - [TEST_STEP][PASSED] - openBrowser(""): Browser is opened with url: ''

2022-01-17 15:59:41 - [MESSAGE][WARNING] - A browser is already opened. Closing browser and opening a new one

2022-01-17 15:59:42 - [MESSAGE][INFO] - Starting 'Chrome' driver

2022-01-17 15:59:42 - [MESSAGE][INFO] - Action delay is set to 0 milliseconds

2022-01-17 15:59:44 - [MESSAGE][PASSED] - Browser is opened with url: ''

2022-01-17 15:59:44 - [TEST_STEP][PASSED] - navigateToUrl("http://localhost/"): Navigate to 'http://localhost/' successfully

2022-01-17 15:59:44 - [MESSAGE][PASSED] - Navigate to 'http://localhost/' successfully

2022-01-17 15:59:44 - [TEST_STEP][PASSED] - click(findTestObject("Object Repository/Students check events on calendar/Page_Local Moodle/a_Log in")): Object: 'Object Repository/Students check events on calendar/Page_Local Moodle/a_Log in' is clicked on

2022-01-17 15:59:45 - [MESSAGE][PASSED] - Object: 'Object Repository/Students check events on calendar/Page_Local Moodle/a_Log in' is clicked on

2022-01-17 15:59:45 - [TEST_STEP][PASSED] - setText(findTestObject("Object Repository/Students check events on calendar/Page_Local Moodle Log in to the site/input_Username_username"), "gv01"): Text 'gv01' is set on object 'Object Repository/Students check events on calendar/Page_Local Moodle Log in to the site/input_Username_username'

2022-01-17 15:59:46 - [MESSAGE][PASSED] - Text 'gv01' is set on object 'Object Repository/Students check events on calendar/Page_Local Moodle Log in to the site/input_Username_username'

2022-01-17 15:59:46 - [TEST_STEP][PASSED] - setEncryptedText(findTestObject("Object Repository/Students check events on calendar/Page_Local Moodle Log in to the site/input_Password_password"), "RigbBhfdqOBGP4y92+oMSw=="): Text ****** has been set on object 'Object Repository/Students check events on calendar/Page_Local Moodle Log in to the site/input_Password_password'

2022-01-17 15:59:47 - [MESSAGE][PASSED] - Text ****** has been set on object 'Object Repository/Students check events on calendar/Page_Local Moodle Log in to the site/input_Password_password'

2022-01-17 15:59:47 - [TEST_STEP][PASSED] - click(findTestObject("Object Repository/Students check events on calendar/Page_Local Moodle Log in to the site/button_Log in")): Object: 'Object Repository/Students check events on calendar/Page_Local Moodle Log in to the site/button_Log in' is clicked on

2022-01-17 15:59:48 - [MESSAGE][PASSED] - Object: 'Object Repository/Students check events on calendar/Page_Local Moodle Log in to the site/button_Log in' is clicked on

2022-01-17 15:59:48 - [TEST_STEP][PASSED] - setText(findTestObject("Object Repository/Students check events on calendar/Page_Local Moodle Log in to the site/input_Username_username"), "gv01"): Text 'gv01' is set on object 'Object Repository/Students check events on calendar/Page_Local Moodle Log in to the site/input_Username_username'

2022-01-17 15:59:49 - [MESSAGE][PASSED] - Text 'gv01' is set on object 'Object Repository/Students check events on calendar/Page_Local Moodle Log in to the site/input_Username_username'

2022-01-17 15:59:49 - [TEST_STEP][PASSED] - setEncryptedText(findTestObject("Object Repository/Students check events on calendar/Page_Local Moodle Log in to the site/input_Password_password"), "RigbBhfdqOAWw2eOk0+aVg=="): Text ****** has been set on object 'Object Repository/Students check events on calendar/Page_Local Moodle Log in to the site/input_Password_password'

2022-01-17 15:59:49 - [MESSAGE][PASSED] - Text ****** has been set on object 'Object Repository/Students check events on calendar/Page_Local Moodle Log in to the site/input_Password_password'

2022-01-17 15:59:49 - [TEST_STEP][PASSED] - click(findTestObject("Object Repository/Students check events on calendar/Page_Local Moodle Log in to the site/button_Log in")): Object: 'Object Repository/Students check events on calendar/Page_Local Moodle Log in to the site/button_Log in' is clicked on

2022-01-17 15:59:51 - [MESSAGE][PASSED] - Object: 'Object Repository/Students check events on calendar/Page_Local Moodle Log in to the site/button_Log in' is clicked on

2022-01-17 15:59:51 - [TEST_STEP][PASSED] - click(findTestObject("Object Repository/Students check events on calendar/Page_Nh ca ti/span_Nhp mn cng ngh phn mm")): Object: 'Object Repository/Students check events on calendar/Page_Nh ca ti/span_Nhp mn cng ngh phn mm' is clicked on

2022-01-17 15:59:53 - [MESSAGE][PASSED] - Object: 'Object Repository/Students check events on calendar/Page_Nh ca ti/span_Nhp mn cng ngh phn mm' is clicked on

2022-01-17 15:59:53 - [TEST_STEP][PASSED] - verifyElementClickable(findTestObject("Object Repository/Students check events on calendar/Page_Kha Nhp mn cng ngh phn mm/button_Bt ch  chnh sa")): Object 'Object Repository/Students check events on calendar/Page_Kha Nhp mn cng ngh phn mm/button_Bt ch  chnh sa' is clickable

2022-01-17 15:59:59 - [MESSAGE][INFO] - Unable to find the element located by 'By.xpath: //button[@id='single_button61e174d8acd921']'. Please recheck the objects properties to make sure the desired element is located. 

2022-01-17 15:59:59 - [MESSAGE][WARNING] - [SELF-HEALING] Failed to find element with id 'Object Repository/Students check events on calendar/Page_Kha Nhp mn cng ngh phn mm/button_Bt ch  chnh sa'. Try using Self-healing.

2022-01-17 15:59:59 - [MESSAGE][WARNING] - [SELF-HEALING] The current locator of test object 'Object Repository/Students check events on calendar/Page_Kha Nhp mn cng ngh phn mm/button_Bt ch  chnh sa' was broken. Propose an alternative one: '//header[@id='page-header']/div/div/div/div[2]/div[2]/div/form/button'.

2022-01-17 16:00:00 - [MESSAGE][PASSED] - Object 'Object Repository/Students check events on calendar/Page_Kha Nhp mn cng ngh phn mm/button_Bt ch  chnh sa' is clickable

2022-01-17 16:00:00 - [TEST_STEP][PASSED] - click(findTestObject("Object Repository/Students check events on calendar/Page_Kha Nhp mn cng ngh phn mm/button_Bt ch  chnh sa")): Object: 'Object Repository/Students check events on calendar/Page_Kha Nhp mn cng ngh phn mm/button_Bt ch  chnh sa' is clicked on

2022-01-17 16:00:06 - [MESSAGE][INFO] - Unable to find the element located by 'By.xpath: //button[@id='single_button61e174d8acd921']'. Please recheck the objects properties to make sure the desired element is located. 

2022-01-17 16:00:06 - [MESSAGE][WARNING] - [SELF-HEALING] Failed to find element with id 'Object Repository/Students check events on calendar/Page_Kha Nhp mn cng ngh phn mm/button_Bt ch  chnh sa'. Try using Self-healing.

2022-01-17 16:00:06 - [MESSAGE][WARNING] - [SELF-HEALING] The current locator of test object 'Object Repository/Students check events on calendar/Page_Kha Nhp mn cng ngh phn mm/button_Bt ch  chnh sa' was broken. Propose an alternative one: '//header[@id='page-header']/div/div/div/div[2]/div[2]/div/form/button'.

2022-01-17 16:00:07 - [MESSAGE][PASSED] - Object: 'Object Repository/Students check events on calendar/Page_Kha Nhp mn cng ngh phn mm/button_Bt ch  chnh sa' is clicked on

2022-01-17 16:00:07 - [TEST_STEP][PASSED] - click(findTestObject("Object Repository/Students check events on calendar/Page_Kha Nhp mn cng ngh phn mm/span_Thm hot ng hoc ti nguyn")): Object: 'Object Repository/Students check events on calendar/Page_Kha Nhp mn cng ngh phn mm/span_Thm hot ng hoc ti nguyn' is clicked on

2022-01-17 16:00:13 - [MESSAGE][INFO] - Unable to find the element located by 'By.xpath: //span[@id='yui_3_17_2_1_1642165488702_701']'. Please recheck the objects properties to make sure the desired element is located. 

2022-01-17 16:00:13 - [MESSAGE][WARNING] - [SELF-HEALING] Failed to find element with id 'Object Repository/Students check events on calendar/Page_Kha Nhp mn cng ngh phn mm/span_Thm hot ng hoc ti nguyn'. Try using Self-healing.

2022-01-17 16:00:14 - [MESSAGE][WARNING] - [SELF-HEALING] The current locator of test object 'Object Repository/Students check events on calendar/Page_Kha Nhp mn cng ngh phn mm/span_Thm hot ng hoc ti nguyn' was broken. Propose an alternative one: '(.//*[normalize-space(text()) and normalize-space(.)='Thêm tập tin ở đây'])[1]/following::span[1]'.

2022-01-17 16:00:14 - [MESSAGE][PASSED] - Object: 'Object Repository/Students check events on calendar/Page_Kha Nhp mn cng ngh phn mm/span_Thm hot ng hoc ti nguyn' is clicked on

2022-01-17 16:00:14 - [TEST_STEP][PASSED] - verifyElementText(findTestObject("Object Repository/Students check events on calendar/Page_Kha Nhp mn cng ngh phn mm/div_Din n"), "Diễn đàn"): Actual text and expected text of test object 'Object Repository/Students check events on calendar/Page_Kha Nhp mn cng ngh phn mm/div_Din n' are matched.

2022-01-17 16:00:15 - [MESSAGE][PASSED] - Actual text and expected text of test object 'Object Repository/Students check events on calendar/Page_Kha Nhp mn cng ngh phn mm/div_Din n' are matched.

2022-01-17 16:00:15 - [TEST_STEP][PASSED] - click(findTestObject("Object Repository/Students check events on calendar/Page_Kha Nhp mn cng ngh phn mm/div_Din n")): Object: 'Object Repository/Students check events on calendar/Page_Kha Nhp mn cng ngh phn mm/div_Din n' is clicked on

2022-01-17 16:00:17 - [MESSAGE][PASSED] - Object: 'Object Repository/Students check events on calendar/Page_Kha Nhp mn cng ngh phn mm/div_Din n' is clicked on

2022-01-17 16:00:17 - [TEST_STEP][PASSED] - setText(findTestObject("Object Repository/Students check events on calendar/Page_Bin son Din n/input_Tn  din n_name"), "Bàn bạc chủ đề"): Text 'Bàn bạc chủ đề' is set on object 'Object Repository/Students check events on calendar/Page_Bin son Din n/input_Tn  din n_name'

2022-01-17 16:00:19 - [MESSAGE][PASSED] - Text 'Bàn bạc chủ đề' is set on object 'Object Repository/Students check events on calendar/Page_Bin son Din n/input_Tn  din n_name'

2022-01-17 16:00:19 - [TEST_STEP][PASSED] - setText(findTestObject("Object Repository/Students check events on calendar/Page_Bin son Din n/div_Bn bc ch"), "Bàn bạc chủ đề<br><br>"): Text 'Bàn bạc chủ đề<br><br>' is set on object 'Object Repository/Students check events on calendar/Page_Bin son Din n/div_Bn bc ch'

2022-01-17 16:00:20 - [MESSAGE][PASSED] - Text 'Bàn bạc chủ đề<br><br>' is set on object 'Object Repository/Students check events on calendar/Page_Bin son Din n/div_Bn bc ch'

2022-01-17 16:00:20 - [TEST_STEP][PASSED] - verifyElementClickable(findTestObject("Object Repository/Students check events on calendar/Page_Bin son Din n/input_Upon activity completion_submitbutton")): Object 'Object Repository/Students check events on calendar/Page_Bin son Din n/input_Upon activity completion_submitbutton' is clickable

2022-01-17 16:00:21 - [MESSAGE][PASSED] - Object 'Object Repository/Students check events on calendar/Page_Bin son Din n/input_Upon activity completion_submitbutton' is clickable

2022-01-17 16:00:21 - [TEST_STEP][PASSED] - click(findTestObject("Object Repository/Students check events on calendar/Page_Bin son Din n/input_Upon activity completion_submitbutton")): Object: 'Object Repository/Students check events on calendar/Page_Bin son Din n/input_Upon activity completion_submitbutton' is clicked on

2022-01-17 16:00:23 - [MESSAGE][PASSED] - Object: 'Object Repository/Students check events on calendar/Page_Bin son Din n/input_Upon activity completion_submitbutton' is clicked on

2022-01-17 16:00:23 - [TEST_STEP][PASSED] - click(findTestObject("Object Repository/Students check events on calendar/Page_Bn bc ch/a_Van Luyen Le")): Object: 'Object Repository/Students check events on calendar/Page_Bn bc ch/a_Van Luyen Le' is clicked on

2022-01-17 16:00:23 - [MESSAGE][PASSED] - Object: 'Object Repository/Students check events on calendar/Page_Bn bc ch/a_Van Luyen Le' is clicked on

2022-01-17 16:00:23 - [TEST_STEP][PASSED] - click(findTestObject("Object Repository/Students check events on calendar/Page_Bn bc ch/a_Thot")): Object: 'Object Repository/Students check events on calendar/Page_Bn bc ch/a_Thot' is clicked on

2022-01-17 16:00:30 - [MESSAGE][INFO] - Unable to find the element located by 'By.xpath: //a[@id='yui_3_17_2_1_1641494152938_655']'. Please recheck the objects properties to make sure the desired element is located. 

2022-01-17 16:00:30 - [MESSAGE][WARNING] - [SELF-HEALING] Failed to find element with id 'Object Repository/Students check events on calendar/Page_Bn bc ch/a_Thot'. Try using Self-healing.

2022-01-17 16:00:30 - [MESSAGE][WARNING] - [SELF-HEALING] The current locator of test object 'Object Repository/Students check events on calendar/Page_Bn bc ch/a_Thot' was broken. Propose an alternative one: '//div[@id='action-menu-1-menu']/a[6]'.

2022-01-17 16:00:30 - [MESSAGE][PASSED] - Object: 'Object Repository/Students check events on calendar/Page_Bn bc ch/a_Thot' is clicked on

2022-01-17 16:00:30 - [TEST_STEP][PASSED] - click(findTestObject("Object Repository/Students check events on calendar/Page_Local Moodle/a_Log in")): Object: 'Object Repository/Students check events on calendar/Page_Local Moodle/a_Log in' is clicked on

2022-01-17 16:00:31 - [MESSAGE][PASSED] - Object: 'Object Repository/Students check events on calendar/Page_Local Moodle/a_Log in' is clicked on

2022-01-17 16:00:31 - [TEST_STEP][PASSED] - setText(findTestObject("Object Repository/Students check events on calendar/Page_Local Moodle Log in to the site/input_Username_username"), "hs02"): Text 'hs02' is set on object 'Object Repository/Students check events on calendar/Page_Local Moodle Log in to the site/input_Username_username'

2022-01-17 16:00:32 - [MESSAGE][PASSED] - Text 'hs02' is set on object 'Object Repository/Students check events on calendar/Page_Local Moodle Log in to the site/input_Username_username'

2022-01-17 16:00:32 - [TEST_STEP][PASSED] - setEncryptedText(findTestObject("Object Repository/Students check events on calendar/Page_Local Moodle Log in to the site/input_Password_password"), "RigbBhfdqOBGP4y92+oMSw=="): Text ****** has been set on object 'Object Repository/Students check events on calendar/Page_Local Moodle Log in to the site/input_Password_password'

2022-01-17 16:00:33 - [MESSAGE][PASSED] - Text ****** has been set on object 'Object Repository/Students check events on calendar/Page_Local Moodle Log in to the site/input_Password_password'

2022-01-17 16:00:33 - [TEST_STEP][PASSED] - click(findTestObject("Object Repository/Students check events on calendar/Page_Local Moodle Log in to the site/button_Log in")): Object: 'Object Repository/Students check events on calendar/Page_Local Moodle Log in to the site/button_Log in' is clicked on

2022-01-17 16:00:35 - [MESSAGE][PASSED] - Object: 'Object Repository/Students check events on calendar/Page_Local Moodle Log in to the site/button_Log in' is clicked on

2022-01-17 16:00:35 - [TEST_STEP][PASSED] - click(findTestObject("Students check events on calendar/Page_Nh ca ti/span_Nhp mn cng ngh phn mm")): Object: 'Object Repository/Students check events on calendar/Page_Nh ca ti/span_Nhp mn cng ngh phn mm' is clicked on

2022-01-17 16:00:41 - [MESSAGE][INFO] - Unable to find the element located by 'By.xpath: //div[@id='course-info-container-20-8']/div/div/a/span[3]'. Please recheck the objects properties to make sure the desired element is located. 

2022-01-17 16:00:41 - [MESSAGE][WARNING] - [SELF-HEALING] Failed to find element with id 'Object Repository/Students check events on calendar/Page_Nh ca ti/span_Nhp mn cng ngh phn mm'. Try using Self-healing.

2022-01-17 16:00:42 - [MESSAGE][WARNING] - [SELF-HEALING] The current locator of test object 'Object Repository/Students check events on calendar/Page_Nh ca ti/span_Nhp mn cng ngh phn mm' was broken. Propose an alternative one: '(.//*[normalize-space(text()) and normalize-space(.)='Tên khóa học'])[1]/following::span[1]'.

2022-01-17 16:00:42 - [MESSAGE][PASSED] - Object: 'Object Repository/Students check events on calendar/Page_Nh ca ti/span_Nhp mn cng ngh phn mm' is clicked on

2022-01-17 16:00:42 - [TEST_STEP][PASSED] - click(findTestObject("Object Repository/Students check events on calendar/Page_Kha Nhp mn cng ngh phn mm/span_Bn bc ch  Din n")): Object: 'Object Repository/Students check events on calendar/Page_Kha Nhp mn cng ngh phn mm/span_Bn bc ch  Din n' is clicked on

2022-01-17 16:00:49 - [MESSAGE][INFO] - Unable to find the element located by 'By.xpath: //li[@id='module-6']/div/div/div[2]/div/a/span'. Please recheck the objects properties to make sure the desired element is located. 

2022-01-17 16:00:49 - [MESSAGE][WARNING] - [SELF-HEALING] Failed to find element with id 'Object Repository/Students check events on calendar/Page_Kha Nhp mn cng ngh phn mm/span_Bn bc ch  Din n'. Try using Self-healing.

2022-01-17 16:00:49 - [MESSAGE][WARNING] - [SELF-HEALING] The current locator of test object 'Object Repository/Students check events on calendar/Page_Kha Nhp mn cng ngh phn mm/span_Bn bc ch  Din n' was broken. Propose an alternative one: '(.//*[normalize-space(text()) and normalize-space(.)='Mark as done'])[2]/following::span[1]'.

2022-01-17 16:00:50 - [MESSAGE][PASSED] - Object: 'Object Repository/Students check events on calendar/Page_Kha Nhp mn cng ngh phn mm/span_Bn bc ch  Din n' is clicked on

2022-01-17 16:00:50 - [TEST_STEP][PASSED] - verifyElementClickable(findTestObject("Object Repository/Students check events on calendar/Page_Bn bc ch/a_Thm mt ch  tho lun mi")): Object 'Object Repository/Students check events on calendar/Page_Bn bc ch/a_Thm mt ch  tho lun mi' is clickable

2022-01-17 16:00:56 - [MESSAGE][INFO] - Unable to find the element located by 'By.xpath: //a[@id='yui_3_17_2_1_1641494373033_489']'. Please recheck the objects properties to make sure the desired element is located. 

2022-01-17 16:00:56 - [MESSAGE][WARNING] - [SELF-HEALING] Failed to find element with id 'Object Repository/Students check events on calendar/Page_Bn bc ch/a_Thm mt ch  tho lun mi'. Try using Self-healing.

2022-01-17 16:00:57 - [MESSAGE][WARNING] - [SELF-HEALING] The current locator of test object 'Object Repository/Students check events on calendar/Page_Bn bc ch/a_Thm mt ch  tho lun mi' was broken. Propose an alternative one: '//a[contains(text(),'Thêm một chủ đề thảo luận mới')]'.

2022-01-17 16:00:57 - [MESSAGE][PASSED] - Object 'Object Repository/Students check events on calendar/Page_Bn bc ch/a_Thm mt ch  tho lun mi' is clickable

2022-01-17 16:00:57 - [TEST_STEP][PASSED] - click(findTestObject("Object Repository/Students check events on calendar/Page_Bn bc ch/a_Thm mt ch  tho lun mi")): Object: 'Object Repository/Students check events on calendar/Page_Bn bc ch/a_Thm mt ch  tho lun mi' is clicked on

2022-01-17 16:01:03 - [MESSAGE][INFO] - Unable to find the element located by 'By.xpath: //a[@id='yui_3_17_2_1_1641494373033_489']'. Please recheck the objects properties to make sure the desired element is located. 

2022-01-17 16:01:03 - [MESSAGE][WARNING] - [SELF-HEALING] Failed to find element with id 'Object Repository/Students check events on calendar/Page_Bn bc ch/a_Thm mt ch  tho lun mi'. Try using Self-healing.

2022-01-17 16:01:03 - [MESSAGE][WARNING] - [SELF-HEALING] The current locator of test object 'Object Repository/Students check events on calendar/Page_Bn bc ch/a_Thm mt ch  tho lun mi' was broken. Propose an alternative one: '//a[contains(text(),'Thêm một chủ đề thảo luận mới')]'.

2022-01-17 16:01:04 - [MESSAGE][PASSED] - Object: 'Object Repository/Students check events on calendar/Page_Bn bc ch/a_Thm mt ch  tho lun mi' is clicked on

2022-01-17 16:01:04 - [TEST_STEP][PASSED] - setText(findTestObject("Object Repository/Students check events on calendar/Page_Bn bc ch/input_Tiu_subject"), "hello world"): Text 'hello world' is set on object 'Object Repository/Students check events on calendar/Page_Bn bc ch/input_Tiu_subject'

2022-01-17 16:01:05 - [MESSAGE][PASSED] - Text 'hello world' is set on object 'Object Repository/Students check events on calendar/Page_Bn bc ch/input_Tiu_subject'

2022-01-17 16:01:05 - [TEST_STEP][PASSED] - setText(findTestObject("Object Repository/Students check events on calendar/Page_Bn bc ch/div_Hello world"), "<p dir="ltr" style="text-align: left;">Hello world</p>"): Text '<p dir="ltr" style="text-align: left;">Hello world</p>' is set on object 'Object Repository/Students check events on calendar/Page_Bn bc ch/div_Hello world'

2022-01-17 16:01:06 - [MESSAGE][PASSED] - Text '<p dir="ltr" style="text-align: left;">Hello world</p>' is set on object 'Object Repository/Students check events on calendar/Page_Bn bc ch/div_Hello world'

2022-01-17 16:01:06 - [TEST_STEP][PASSED] - click(findTestObject("Object Repository/Students check events on calendar/Page_Bn bc ch/input_Ni dung_submitbutton")): Object: 'Object Repository/Students check events on calendar/Page_Bn bc ch/input_Ni dung_submitbutton' is clicked on

2022-01-17 16:01:09 - [MESSAGE][PASSED] - Object: 'Object Repository/Students check events on calendar/Page_Bn bc ch/input_Ni dung_submitbutton' is clicked on

2022-01-17 16:01:09 - [TEST_STEP][PASSED] - closeBrowser(): Browser is closed

2022-01-17 16:01:09 - [MESSAGE][PASSED] - Browser is closed]]></system-out>
         <system-err><![CDATA[]]></system-err>
      </testcase>
      <testcase name="Test Cases/Students check events on calendar/Quiz event" time="103.706" classname="Test Cases/Students check events on calendar/Quiz event" status="PASSED">
         <system-out><![CDATA[2022-01-17 16:01:10 - [TEST_CASE][PASSED] - Test Cases/Students check events on calendar/Quiz event: Test Cases/Students check events on calendar/Quiz event

2022-01-17 16:01:10 - [TEST_STEP][PASSED] - openBrowser(""): Browser is opened with url: ''

2022-01-17 16:01:10 - [MESSAGE][INFO] - Starting 'Chrome' driver

2022-01-17 16:01:10 - [MESSAGE][INFO] - Action delay is set to 0 milliseconds

2022-01-17 16:01:11 - [MESSAGE][PASSED] - Browser is opened with url: ''

2022-01-17 16:01:11 - [TEST_STEP][PASSED] - navigateToUrl("http://localhost/"): Navigate to 'http://localhost/' successfully

2022-01-17 16:01:12 - [MESSAGE][PASSED] - Navigate to 'http://localhost/' successfully

2022-01-17 16:01:12 - [TEST_STEP][PASSED] - click(findTestObject("Object Repository/Students check events on calendar/Page_Local Moodle/a_Log in")): Object: 'Object Repository/Students check events on calendar/Page_Local Moodle/a_Log in' is clicked on

2022-01-17 16:01:13 - [MESSAGE][PASSED] - Object: 'Object Repository/Students check events on calendar/Page_Local Moodle/a_Log in' is clicked on

2022-01-17 16:01:13 - [TEST_STEP][PASSED] - setText(findTestObject("Object Repository/Students check events on calendar/Page_Local Moodle Log in to the site/input_Username_username"), "gv01"): Text 'gv01' is set on object 'Object Repository/Students check events on calendar/Page_Local Moodle Log in to the site/input_Username_username'

2022-01-17 16:01:14 - [MESSAGE][PASSED] - Text 'gv01' is set on object 'Object Repository/Students check events on calendar/Page_Local Moodle Log in to the site/input_Username_username'

2022-01-17 16:01:14 - [TEST_STEP][PASSED] - setEncryptedText(findTestObject("Object Repository/Students check events on calendar/Page_Local Moodle Log in to the site/input_Password_password"), "RigbBhfdqOAWw2eOk0+aVg=="): Text ****** has been set on object 'Object Repository/Students check events on calendar/Page_Local Moodle Log in to the site/input_Password_password'

2022-01-17 16:01:15 - [MESSAGE][PASSED] - Text ****** has been set on object 'Object Repository/Students check events on calendar/Page_Local Moodle Log in to the site/input_Password_password'

2022-01-17 16:01:15 - [TEST_STEP][PASSED] - click(findTestObject("Object Repository/Students check events on calendar/Page_Local Moodle Log in to the site/button_Log in")): Object: 'Object Repository/Students check events on calendar/Page_Local Moodle Log in to the site/button_Log in' is clicked on

2022-01-17 16:01:17 - [MESSAGE][PASSED] - Object: 'Object Repository/Students check events on calendar/Page_Local Moodle Log in to the site/button_Log in' is clicked on

2022-01-17 16:01:17 - [TEST_STEP][PASSED] - verifyElementClickable(findTestObject("Object Repository/Students check events on calendar/Page_Nh ca ti/span_Nhp mn cng ngh phn mm")): Object 'Object Repository/Students check events on calendar/Page_Nh ca ti/span_Nhp mn cng ngh phn mm' is clickable

2022-01-17 16:01:23 - [MESSAGE][INFO] - Unable to find the element located by 'By.xpath: //div[@id='course-info-container-20-8']/div/div/a/span[3]'. Please recheck the objects properties to make sure the desired element is located. 

2022-01-17 16:01:23 - [MESSAGE][WARNING] - [SELF-HEALING] Failed to find element with id 'Object Repository/Students check events on calendar/Page_Nh ca ti/span_Nhp mn cng ngh phn mm'. Try using Self-healing.

2022-01-17 16:01:23 - [MESSAGE][WARNING] - [SELF-HEALING] The current locator of test object 'Object Repository/Students check events on calendar/Page_Nh ca ti/span_Nhp mn cng ngh phn mm' was broken. Propose an alternative one: '(.//*[normalize-space(text()) and normalize-space(.)='Tên khóa học'])[1]/following::span[1]'.

2022-01-17 16:01:23 - [MESSAGE][PASSED] - Object 'Object Repository/Students check events on calendar/Page_Nh ca ti/span_Nhp mn cng ngh phn mm' is clickable

2022-01-17 16:01:23 - [TEST_STEP][PASSED] - click(findTestObject("Object Repository/Students check events on calendar/Page_Nh ca ti/span_Nhp mn cng ngh phn mm")): Object: 'Object Repository/Students check events on calendar/Page_Nh ca ti/span_Nhp mn cng ngh phn mm' is clicked on

2022-01-17 16:01:30 - [MESSAGE][INFO] - Unable to find the element located by 'By.xpath: //div[@id='course-info-container-20-8']/div/div/a/span[3]'. Please recheck the objects properties to make sure the desired element is located. 

2022-01-17 16:01:30 - [MESSAGE][WARNING] - [SELF-HEALING] Failed to find element with id 'Object Repository/Students check events on calendar/Page_Nh ca ti/span_Nhp mn cng ngh phn mm'. Try using Self-healing.

2022-01-17 16:01:30 - [MESSAGE][WARNING] - [SELF-HEALING] The current locator of test object 'Object Repository/Students check events on calendar/Page_Nh ca ti/span_Nhp mn cng ngh phn mm' was broken. Propose an alternative one: '(.//*[normalize-space(text()) and normalize-space(.)='Tên khóa học'])[1]/following::span[1]'.

2022-01-17 16:01:31 - [MESSAGE][PASSED] - Object: 'Object Repository/Students check events on calendar/Page_Nh ca ti/span_Nhp mn cng ngh phn mm' is clicked on

2022-01-17 16:01:31 - [TEST_STEP][PASSED] - click(findTestObject("Object Repository/Students check events on calendar/Page_Kha Nhp mn cng ngh phn mm/button_Bt ch  chnh sa")): Object: 'Object Repository/Students check events on calendar/Page_Kha Nhp mn cng ngh phn mm/button_Bt ch  chnh sa' is clicked on

2022-01-17 16:01:37 - [MESSAGE][INFO] - Unable to find the element located by 'By.xpath: //button[@id='single_button61e174d8acd921']'. Please recheck the objects properties to make sure the desired element is located. 

2022-01-17 16:01:37 - [MESSAGE][WARNING] - [SELF-HEALING] Failed to find element with id 'Object Repository/Students check events on calendar/Page_Kha Nhp mn cng ngh phn mm/button_Bt ch  chnh sa'. Try using Self-healing.

2022-01-17 16:01:37 - [MESSAGE][WARNING] - [SELF-HEALING] The current locator of test object 'Object Repository/Students check events on calendar/Page_Kha Nhp mn cng ngh phn mm/button_Bt ch  chnh sa' was broken. Propose an alternative one: '//header[@id='page-header']/div/div/div/div[2]/div[2]/div/form/button'.

2022-01-17 16:01:38 - [MESSAGE][PASSED] - Object: 'Object Repository/Students check events on calendar/Page_Kha Nhp mn cng ngh phn mm/button_Bt ch  chnh sa' is clicked on

2022-01-17 16:01:38 - [TEST_STEP][PASSED] - click(findTestObject("Object Repository/Students check events on calendar/Page_Kha Nhp mn cng ngh phn mm/span_Thm hot ng hoc ti nguyn")): Object: 'Object Repository/Students check events on calendar/Page_Kha Nhp mn cng ngh phn mm/span_Thm hot ng hoc ti nguyn' is clicked on

2022-01-17 16:01:44 - [MESSAGE][INFO] - Unable to find the element located by 'By.xpath: //span[@id='yui_3_17_2_1_1642165488702_701']'. Please recheck the objects properties to make sure the desired element is located. 

2022-01-17 16:01:44 - [MESSAGE][WARNING] - [SELF-HEALING] Failed to find element with id 'Object Repository/Students check events on calendar/Page_Kha Nhp mn cng ngh phn mm/span_Thm hot ng hoc ti nguyn'. Try using Self-healing.

2022-01-17 16:01:44 - [MESSAGE][WARNING] - [SELF-HEALING] The current locator of test object 'Object Repository/Students check events on calendar/Page_Kha Nhp mn cng ngh phn mm/span_Thm hot ng hoc ti nguyn' was broken. Propose an alternative one: '(.//*[normalize-space(text()) and normalize-space(.)='Thêm tập tin ở đây'])[1]/following::span[1]'.

2022-01-17 16:01:45 - [MESSAGE][PASSED] - Object: 'Object Repository/Students check events on calendar/Page_Kha Nhp mn cng ngh phn mm/span_Thm hot ng hoc ti nguyn' is clicked on

2022-01-17 16:01:45 - [TEST_STEP][PASSED] - click(findTestObject("Object Repository/Students check events on calendar/Page_Kha Nhp mn cng ngh phn mm/a_Cc hot ng")): Object: 'Object Repository/Students check events on calendar/Page_Kha Nhp mn cng ngh phn mm/a_Cc hot ng' is clicked on

2022-01-17 16:01:46 - [MESSAGE][PASSED] - Object: 'Object Repository/Students check events on calendar/Page_Kha Nhp mn cng ngh phn mm/a_Cc hot ng' is clicked on

2022-01-17 16:01:46 - [TEST_STEP][PASSED] - click(findTestObject("Object Repository/Students check events on calendar/Page_Kha Nhp mn cng ngh phn mm/a_Ti nguyn")): Object: 'Object Repository/Students check events on calendar/Page_Kha Nhp mn cng ngh phn mm/a_Ti nguyn' is clicked on

2022-01-17 16:01:47 - [MESSAGE][PASSED] - Object: 'Object Repository/Students check events on calendar/Page_Kha Nhp mn cng ngh phn mm/a_Ti nguyn' is clicked on

2022-01-17 16:01:47 - [TEST_STEP][PASSED] - click(findTestObject("Object Repository/Students check events on calendar/Page_Kha Nhp mn cng ngh phn mm/a_Cc hot ng")): Object: 'Object Repository/Students check events on calendar/Page_Kha Nhp mn cng ngh phn mm/a_Cc hot ng' is clicked on

2022-01-17 16:01:48 - [MESSAGE][PASSED] - Object: 'Object Repository/Students check events on calendar/Page_Kha Nhp mn cng ngh phn mm/a_Cc hot ng' is clicked on

2022-01-17 16:01:48 - [TEST_STEP][PASSED] - click(findTestObject("Object Repository/Students check events on calendar/Page_Kha Nhp mn cng ngh phn mm/div_Cu hi thm d")): Object: 'Object Repository/Students check events on calendar/Page_Kha Nhp mn cng ngh phn mm/div_Cu hi thm d' is clicked on

2022-01-17 16:01:50 - [MESSAGE][PASSED] - Object: 'Object Repository/Students check events on calendar/Page_Kha Nhp mn cng ngh phn mm/div_Cu hi thm d' is clicked on

2022-01-17 16:01:50 - [TEST_STEP][PASSED] - setText(findTestObject("Object Repository/Students check events on calendar/Page_Bin son Cu hi thm d/input_Tn cu hi_name"), "Câu hỏi thăm dò"): Text 'Câu hỏi thăm dò' is set on object 'Object Repository/Students check events on calendar/Page_Bin son Cu hi thm d/input_Tn cu hi_name'

2022-01-17 16:01:51 - [MESSAGE][PASSED] - Text 'Câu hỏi thăm dò' is set on object 'Object Repository/Students check events on calendar/Page_Bin son Cu hi thm d/input_Tn cu hi_name'

2022-01-17 16:01:51 - [TEST_STEP][PASSED] - setText(findTestObject("Object Repository/Students check events on calendar/Page_Bin son Cu hi thm d/div_Ni dung cu hi"), "<p dir="ltr" style="text-align: left;">Nội dung câu hỏi</p>"): Text '<p dir="ltr" style="text-align: left;">Nội dung câu hỏi</p>' is set on object 'Object Repository/Students check events on calendar/Page_Bin son Cu hi thm d/div_Ni dung cu hi'

2022-01-17 16:01:53 - [MESSAGE][PASSED] - Text '<p dir="ltr" style="text-align: left;">Nội dung câu hỏi</p>' is set on object 'Object Repository/Students check events on calendar/Page_Bin son Cu hi thm d/div_Ni dung cu hi'

2022-01-17 16:01:53 - [TEST_STEP][PASSED] - setText(findTestObject("Object Repository/Students check events on calendar/Page_Bin son Cu hi thm d/input_Phng n khng_option0"), "1"): Text '1' is set on object 'Object Repository/Students check events on calendar/Page_Bin son Cu hi thm d/input_Phng n khng_option0'

2022-01-17 16:01:54 - [MESSAGE][PASSED] - Text '1' is set on object 'Object Repository/Students check events on calendar/Page_Bin son Cu hi thm d/input_Phng n khng_option0'

2022-01-17 16:01:54 - [TEST_STEP][PASSED] - setText(findTestObject("Object Repository/Students check events on calendar/Page_Bin son Cu hi thm d/input_Phng n khng_option1"), "2"): Text '2' is set on object 'Object Repository/Students check events on calendar/Page_Bin son Cu hi thm d/input_Phng n khng_option1'

2022-01-17 16:01:55 - [MESSAGE][PASSED] - Text '2' is set on object 'Object Repository/Students check events on calendar/Page_Bin son Cu hi thm d/input_Phng n khng_option1'

2022-01-17 16:01:55 - [TEST_STEP][PASSED] - setText(findTestObject("Object Repository/Students check events on calendar/Page_Bin son Cu hi thm d/input_Phng n khng_option2"), "3"): Text '3' is set on object 'Object Repository/Students check events on calendar/Page_Bin son Cu hi thm d/input_Phng n khng_option2'

2022-01-17 16:01:56 - [MESSAGE][PASSED] - Text '3' is set on object 'Object Repository/Students check events on calendar/Page_Bin son Cu hi thm d/input_Phng n khng_option2'

2022-01-17 16:01:56 - [TEST_STEP][PASSED] - setText(findTestObject("Object Repository/Students check events on calendar/Page_Bin son Cu hi thm d/input_Phng n khng_option3"), "4"): Text '4' is set on object 'Object Repository/Students check events on calendar/Page_Bin son Cu hi thm d/input_Phng n khng_option3'

2022-01-17 16:01:57 - [MESSAGE][PASSED] - Text '4' is set on object 'Object Repository/Students check events on calendar/Page_Bin son Cu hi thm d/input_Phng n khng_option3'

2022-01-17 16:01:57 - [TEST_STEP][PASSED] - setText(findTestObject("Object Repository/Students check events on calendar/Page_Bin son Cu hi thm d/input_Phng n khng_option4"), "5"): Text '5' is set on object 'Object Repository/Students check events on calendar/Page_Bin son Cu hi thm d/input_Phng n khng_option4'

2022-01-17 16:01:58 - [MESSAGE][PASSED] - Text '5' is set on object 'Object Repository/Students check events on calendar/Page_Bin son Cu hi thm d/input_Phng n khng_option4'

2022-01-17 16:01:58 - [TEST_STEP][PASSED] - selectOptionByValue(findTestObject("Object Repository/Students check events on calendar/Page_Bin son Cu hi thm d/select_Khng            C"), "1", true): All options with value '1' are selected in object 'Object Repository/Students check events on calendar/Page_Bin son Cu hi thm d/select_Khng            C'  using regular expression

2022-01-17 16:01:59 - [MESSAGE][PASSED] - All options with value '1' are selected in object 'Object Repository/Students check events on calendar/Page_Bin son Cu hi thm d/select_Khng            C'  using regular expression

2022-01-17 16:01:59 - [TEST_STEP][PASSED] - selectOptionByValue(findTestObject("Object Repository/Students check events on calendar/Page_Bin son Cu hi thm d/select_Khng            C"), "0", true): All options with value '0' are selected in object 'Object Repository/Students check events on calendar/Page_Bin son Cu hi thm d/select_Khng            C'  using regular expression

2022-01-17 16:02:00 - [MESSAGE][PASSED] - All options with value '0' are selected in object 'Object Repository/Students check events on calendar/Page_Bin son Cu hi thm d/select_Khng            C'  using regular expression

2022-01-17 16:02:00 - [TEST_STEP][PASSED] - click(findTestObject("Object Repository/Students check events on calendar/Page_Bin son Cu hi thm d/a_Hiu lc")): Object: 'Object Repository/Students check events on calendar/Page_Bin son Cu hi thm d/a_Hiu lc' is clicked on

2022-01-17 16:02:07 - [MESSAGE][INFO] - Unable to find the element located by 'By.xpath: //a[@id='yui_3_17_2_1_1641504907712_62']'. Please recheck the objects properties to make sure the desired element is located. 

2022-01-17 16:02:07 - [MESSAGE][WARNING] - [SELF-HEALING] Failed to find element with id 'Object Repository/Students check events on calendar/Page_Bin son Cu hi thm d/a_Hiu lc'. Try using Self-healing.

2022-01-17 16:02:07 - [MESSAGE][WARNING] - [SELF-HEALING] The current locator of test object 'Object Repository/Students check events on calendar/Page_Bin son Cu hi thm d/a_Hiu lc' was broken. Propose an alternative one: '//a[contains(text(),'Hiệu lực')]'.

2022-01-17 16:02:07 - [MESSAGE][PASSED] - Object: 'Object Repository/Students check events on calendar/Page_Bin son Cu hi thm d/a_Hiu lc' is clicked on

2022-01-17 16:02:07 - [TEST_STEP][PASSED] - click(findTestObject("Object Repository/Students check events on calendar/Page_Bin son Cu hi thm d/input_M_timecloseenabled")): Object: 'Object Repository/Students check events on calendar/Page_Bin son Cu hi thm d/input_M_timecloseenabled' is clicked on

2022-01-17 16:02:08 - [MESSAGE][PASSED] - Object: 'Object Repository/Students check events on calendar/Page_Bin son Cu hi thm d/input_M_timecloseenabled' is clicked on

2022-01-17 16:02:08 - [TEST_STEP][PASSED] - selectOptionByValue(findTestObject("Object Repository/Students check events on calendar/Page_Bin son Cu hi thm d/select_1        2        3        4        _45ea30"), "8", true): All options with value '8' are selected in object 'Object Repository/Students check events on calendar/Page_Bin son Cu hi thm d/select_1        2        3        4        _45ea30'  using regular expression

2022-01-17 16:02:10 - [MESSAGE][PASSED] - All options with value '8' are selected in object 'Object Repository/Students check events on calendar/Page_Bin son Cu hi thm d/select_1        2        3        4        _45ea30'  using regular expression

2022-01-17 16:02:10 - [TEST_STEP][PASSED] - click(findTestObject("Object Repository/Students check events on calendar/Page_Bin son Cu hi thm d/input_M_timeopenenabled")): Object: 'Object Repository/Students check events on calendar/Page_Bin son Cu hi thm d/input_M_timeopenenabled' is clicked on

2022-01-17 16:02:10 - [MESSAGE][PASSED] - Object: 'Object Repository/Students check events on calendar/Page_Bin son Cu hi thm d/input_M_timeopenenabled' is clicked on

2022-01-17 16:02:10 - [TEST_STEP][PASSED] - selectOptionByValue(findTestObject("Object Repository/Students check events on calendar/Page_Bin son Cu hi thm d/select_1        2        3        4        _45ea30_1"), "8", true): All options with value '8' are selected in object 'Object Repository/Students check events on calendar/Page_Bin son Cu hi thm d/select_1        2        3        4        _45ea30_1'  using regular expression

2022-01-17 16:02:12 - [MESSAGE][PASSED] - All options with value '8' are selected in object 'Object Repository/Students check events on calendar/Page_Bin son Cu hi thm d/select_1        2        3        4        _45ea30_1'  using regular expression

2022-01-17 16:02:12 - [TEST_STEP][PASSED] - click(findTestObject("Object Repository/Students check events on calendar/Page_Bin son Cu hi thm d/input_Upon activity completion_submitbutton")): Object: 'Object Repository/Students check events on calendar/Page_Bin son Cu hi thm d/input_Upon activity completion_submitbutton' is clicked on

2022-01-17 16:02:14 - [MESSAGE][PASSED] - Object: 'Object Repository/Students check events on calendar/Page_Bin son Cu hi thm d/input_Upon activity completion_submitbutton' is clicked on

2022-01-17 16:02:14 - [TEST_STEP][PASSED] - verifyElementText(findTestObject("Object Repository/Students check events on calendar/Page_Cu hi thm d/h2_Cu hi thm d"), "Câu hỏi thăm dò"): Actual text and expected text of test object 'Object Repository/Students check events on calendar/Page_Cu hi thm d/h2_Cu hi thm d' are matched.

2022-01-17 16:02:15 - [MESSAGE][PASSED] - Actual text and expected text of test object 'Object Repository/Students check events on calendar/Page_Cu hi thm d/h2_Cu hi thm d' are matched.

2022-01-17 16:02:15 - [TEST_STEP][PASSED] - click(findTestObject("Object Repository/Students check events on calendar/Page_Cu hi thm d/a_Van Luyen Le")): Object: 'Object Repository/Students check events on calendar/Page_Cu hi thm d/a_Van Luyen Le' is clicked on

2022-01-17 16:02:16 - [MESSAGE][PASSED] - Object: 'Object Repository/Students check events on calendar/Page_Cu hi thm d/a_Van Luyen Le' is clicked on

2022-01-17 16:02:16 - [TEST_STEP][PASSED] - click(findTestObject("Object Repository/Students check events on calendar/Page_Cu hi thm d/a_Thot")): Object: 'Object Repository/Students check events on calendar/Page_Cu hi thm d/a_Thot' is clicked on

2022-01-17 16:02:17 - [MESSAGE][PASSED] - Object: 'Object Repository/Students check events on calendar/Page_Cu hi thm d/a_Thot' is clicked on

2022-01-17 16:02:17 - [TEST_STEP][PASSED] - click(findTestObject("Object Repository/Students check events on calendar/Page_Local Moodle/a_Log in")): Object: 'Object Repository/Students check events on calendar/Page_Local Moodle/a_Log in' is clicked on

2022-01-17 16:02:17 - [MESSAGE][PASSED] - Object: 'Object Repository/Students check events on calendar/Page_Local Moodle/a_Log in' is clicked on

2022-01-17 16:02:17 - [TEST_STEP][PASSED] - setText(findTestObject("Object Repository/Students check events on calendar/Page_Local Moodle Log in to the site/input_Username_username"), "hs01"): Text 'hs01' is set on object 'Object Repository/Students check events on calendar/Page_Local Moodle Log in to the site/input_Username_username'

2022-01-17 16:02:18 - [MESSAGE][PASSED] - Text 'hs01' is set on object 'Object Repository/Students check events on calendar/Page_Local Moodle Log in to the site/input_Username_username'

2022-01-17 16:02:18 - [TEST_STEP][PASSED] - setEncryptedText(findTestObject("Object Repository/Students check events on calendar/Page_Local Moodle Log in to the site/input_Password_password"), "o5TCnEIIWq2SeGQhIMNXLQ=="): Text ****** has been set on object 'Object Repository/Students check events on calendar/Page_Local Moodle Log in to the site/input_Password_password'

2022-01-17 16:02:19 - [MESSAGE][PASSED] - Text ****** has been set on object 'Object Repository/Students check events on calendar/Page_Local Moodle Log in to the site/input_Password_password'

2022-01-17 16:02:19 - [TEST_STEP][PASSED] - click(findTestObject("Object Repository/Students check events on calendar/Page_Local Moodle Log in to the site/button_Log in")): Object: 'Object Repository/Students check events on calendar/Page_Local Moodle Log in to the site/button_Log in' is clicked on

2022-01-17 16:02:21 - [MESSAGE][PASSED] - Object: 'Object Repository/Students check events on calendar/Page_Local Moodle Log in to the site/button_Log in' is clicked on

2022-01-17 16:02:21 - [TEST_STEP][PASSED] - click(findTestObject("Object Repository/Students check events on calendar/Page_Nh ca ti/a_8")): Object: 'Object Repository/Students check events on calendar/Page_Nh ca ti/a_8' is clicked on

2022-01-17 16:02:27 - [MESSAGE][INFO] - Unable to find the element located by 'By.xpath: //a[@id='calendar-day-popover-link-1-2022-7-3']'. Please recheck the objects properties to make sure the desired element is located. 

2022-01-17 16:02:27 - [MESSAGE][WARNING] - [SELF-HEALING] Failed to find element with id 'Object Repository/Students check events on calendar/Page_Nh ca ti/a_8'. Try using Self-healing.

2022-01-17 16:02:28 - [MESSAGE][WARNING] - [SELF-HEALING] The current locator of test object 'Object Repository/Students check events on calendar/Page_Nh ca ti/a_8' was broken. Propose an alternative one: '//a[contains(text(),'8')]'.

2022-01-17 16:02:29 - [MESSAGE][PASSED] - Object: 'Object Repository/Students check events on calendar/Page_Nh ca ti/a_8' is clicked on

2022-01-17 16:02:29 - [TEST_STEP][PASSED] - verifyElementClickable(findTestObject("Object Repository/Students check events on calendar/Page_Moodle Lch Xem ngy Th By, 8 Thng Ging 2022/a_i ti hot ng")): Object 'Object Repository/Students check events on calendar/Page_Moodle Lch Xem ngy Th By, 8 Thng Ging 2022/a_i ti hot ng' is clickable

2022-01-17 16:02:35 - [MESSAGE][INFO] - Unable to find the element located by 'By.xpath: //div[@id='calendar-day-61e176fb1c54c61e176fa289e520']/div[2]/div[2]/div[3]/div/div[3]/a'. Please recheck the objects properties to make sure the desired element is located. 

2022-01-17 16:02:35 - [MESSAGE][WARNING] - [SELF-HEALING] Failed to find element with id 'Object Repository/Students check events on calendar/Page_Moodle Lch Xem ngy Th By, 8 Thng Ging 2022/a_i ti hot ng'. Try using Self-healing.

2022-01-17 16:02:36 - [MESSAGE][INFO] - Unable to find the element located by 'By.xpath: (//a[contains(text(),'Đi tới hoạt động')])[3]'. Please recheck the objects properties to make sure the desired element is located. 

2022-01-17 16:02:36 - [MESSAGE][INFO] - [SELF-HEALING] Failed Locator: '//div[@id='calendar-day-61e176fb1c54c61e176fa289e520']/div[2]/div[2]/div[3]/div/div[3]/a'.

2022-01-17 16:02:37 - [MESSAGE][INFO] - [SELF-HEALING] Failed Locator: '(//a[contains(text(),'Đi tới hoạt động')])[3]'.

2022-01-17 16:02:37 - [MESSAGE][INFO] - [SELF-HEALING] Failed Locator: '(.//*[normalize-space(text()) and normalize-space(.)='Nhập môn Công nghệ phần mềm'])[3]/following::a[1]'.

2022-01-17 16:02:37 - [MESSAGE][INFO] - [SELF-HEALING] Failed Locator: '(.//*[normalize-space(text()) and normalize-space(.)='Sự kiện khoá học'])[3]/following::a[2]'.

2022-01-17 16:02:38 - [MESSAGE][INFO] - [SELF-HEALING] Working Locator: '(.//*[normalize-space(text()) and normalize-space(.)='Câu hỏi thăm dò đóng'])[1]/preceding::a[1]'.

2022-01-17 16:02:38 - [MESSAGE][INFO] - [SELF-HEALING] Screenshot: D:/Cong-Binh Le/xampp/htdocs/moodle/Test Automation - SE Bonus/Reports/Self-healing/Object Repository/Students check events on calendar/Page_Moodle Lch Xem ngy Th By, 8 Thng Ging 2022/a_i ti hot ng_neighbor.png

2022-01-17 16:02:38 - [MESSAGE][WARNING] - [SELF-HEALING] The current locator of test object 'Object Repository/Students check events on calendar/Page_Moodle Lch Xem ngy Th By, 8 Thng Ging 2022/a_i ti hot ng' was broken. Propose an alternative one: '(.//*[normalize-space(text()) and normalize-space(.)='Câu hỏi thăm dò đóng'])[1]/preceding::a[1]'.

2022-01-17 16:02:38 - [MESSAGE][PASSED] - Object 'Object Repository/Students check events on calendar/Page_Moodle Lch Xem ngy Th By, 8 Thng Ging 2022/a_i ti hot ng' is clickable

2022-01-17 16:02:38 - [TEST_STEP][PASSED] - click(findTestObject("Object Repository/Students check events on calendar/Page_Moodle Lch Xem ngy Th By, 8 Thng Ging 2022/a_i ti hot ng")): Object: 'Object Repository/Students check events on calendar/Page_Moodle Lch Xem ngy Th By, 8 Thng Ging 2022/a_i ti hot ng' is clicked on

2022-01-17 16:02:45 - [MESSAGE][INFO] - Unable to find the element located by 'By.xpath: //div[@id='calendar-day-61e176fb1c54c61e176fa289e520']/div[2]/div[2]/div[3]/div/div[3]/a'. Please recheck the objects properties to make sure the desired element is located. 

2022-01-17 16:02:45 - [MESSAGE][WARNING] - [SELF-HEALING] Failed to find element with id 'Object Repository/Students check events on calendar/Page_Moodle Lch Xem ngy Th By, 8 Thng Ging 2022/a_i ti hot ng'. Try using Self-healing.

2022-01-17 16:02:45 - [MESSAGE][WARNING] - [SELF-HEALING] The current locator of test object 'Object Repository/Students check events on calendar/Page_Moodle Lch Xem ngy Th By, 8 Thng Ging 2022/a_i ti hot ng' was broken. Propose an alternative one: '(.//*[normalize-space(text()) and normalize-space(.)='Câu hỏi thăm dò đóng'])[1]/preceding::a[1]'.

2022-01-17 16:02:46 - [MESSAGE][PASSED] - Object: 'Object Repository/Students check events on calendar/Page_Moodle Lch Xem ngy Th By, 8 Thng Ging 2022/a_i ti hot ng' is clicked on

2022-01-17 16:02:46 - [TEST_STEP][PASSED] - verifyElementText(findTestObject("Object Repository/Students check events on calendar/Page_Cu hi thm d/h2_Cu hi thm d"), "Câu hỏi thăm dò"): Actual text and expected text of test object 'Object Repository/Students check events on calendar/Page_Cu hi thm d/h2_Cu hi thm d' are matched.

2022-01-17 16:02:52 - [MESSAGE][INFO] - Unable to find the element located by 'By.xpath: //section[@id='region-main']/div[2]/h2'. Please recheck the objects properties to make sure the desired element is located. 

2022-01-17 16:02:52 - [MESSAGE][WARNING] - [SELF-HEALING] Failed to find element with id 'Object Repository/Students check events on calendar/Page_Cu hi thm d/h2_Cu hi thm d'. Try using Self-healing.

2022-01-17 16:02:52 - [MESSAGE][WARNING] - [SELF-HEALING] The current locator of test object 'Object Repository/Students check events on calendar/Page_Cu hi thm d/h2_Cu hi thm d' was broken. Propose an alternative one: '//h2'.

2022-01-17 16:02:52 - [MESSAGE][PASSED] - Actual text and expected text of test object 'Object Repository/Students check events on calendar/Page_Cu hi thm d/h2_Cu hi thm d' are matched.

2022-01-17 16:02:52 - [TEST_STEP][PASSED] - closeBrowser(): Browser is closed

2022-01-17 16:02:53 - [MESSAGE][PASSED] - Browser is closed]]></system-out>
         <system-err><![CDATA[]]></system-err>
      </testcase>
      <testcase name="Test Cases/Texting/Multiple messages" time="141.311" classname="Test Cases/Texting/Multiple messages" status="PASSED">
         <system-out><![CDATA[2022-01-17 16:02:53 - [TEST_CASE][PASSED] - Test Cases/Texting/Multiple messages: Test Cases/Texting/Multiple messages

2022-01-17 16:02:54 - [TEST_STEP][PASSED] - openBrowser(""): Browser is opened with url: ''

2022-01-17 16:02:54 - [MESSAGE][INFO] - Starting 'Chrome' driver

2022-01-17 16:02:54 - [MESSAGE][INFO] - Action delay is set to 0 milliseconds

2022-01-17 16:02:55 - [MESSAGE][PASSED] - Browser is opened with url: ''

2022-01-17 16:02:55 - [TEST_STEP][PASSED] - navigateToUrl("http://localhost/"): Navigate to 'http://localhost/' successfully

2022-01-17 16:02:56 - [MESSAGE][PASSED] - Navigate to 'http://localhost/' successfully

2022-01-17 16:02:56 - [TEST_STEP][PASSED] - click(findTestObject("Object Repository/Texting/Page_Local Moodle/a_Log in")): Object: 'Object Repository/Texting/Page_Local Moodle/a_Log in' is clicked on

2022-01-17 16:02:57 - [MESSAGE][PASSED] - Object: 'Object Repository/Texting/Page_Local Moodle/a_Log in' is clicked on

2022-01-17 16:02:57 - [TEST_STEP][PASSED] - setText(findTestObject("Object Repository/Texting/Page_Local Moodle Log in to the site/input_Username_username"), "lcbinh"): Text 'lcbinh' is set on object 'Object Repository/Texting/Page_Local Moodle Log in to the site/input_Username_username'

2022-01-17 16:02:58 - [MESSAGE][PASSED] - Text 'lcbinh' is set on object 'Object Repository/Texting/Page_Local Moodle Log in to the site/input_Username_username'

2022-01-17 16:02:58 - [TEST_STEP][PASSED] - setEncryptedText(findTestObject("Object Repository/Texting/Page_Local Moodle Log in to the site/input_Password_password"), "o5TCnEIIWq0Pz0TkrK1a2rpuWvRKVWz2"): Text ****** has been set on object 'Object Repository/Texting/Page_Local Moodle Log in to the site/input_Password_password'

2022-01-17 16:02:58 - [MESSAGE][PASSED] - Text ****** has been set on object 'Object Repository/Texting/Page_Local Moodle Log in to the site/input_Password_password'

2022-01-17 16:02:58 - [TEST_STEP][PASSED] - click(findTestObject("Object Repository/Texting/Page_Local Moodle Log in to the site/button_Log in")): Object: 'Object Repository/Texting/Page_Local Moodle Log in to the site/button_Log in' is clicked on

2022-01-17 16:03:00 - [MESSAGE][PASSED] - Object: 'Object Repository/Texting/Page_Local Moodle Log in to the site/button_Log in' is clicked on

2022-01-17 16:03:00 - [TEST_STEP][PASSED] - click(findTestObject("Object Repository/Texting/Page_Nh ca ti/i_See all_icon fa fa-comment fa-fw")): Object: 'Object Repository/Texting/Page_Nh ca ti/i_See all_icon fa fa-comment fa-fw' is clicked on

2022-01-17 16:03:07 - [MESSAGE][INFO] - Unable to find the element located by 'By.xpath: //a[@id='message-drawer-toggle-61d5836ab0e7961d5836a98d4612']/i'. Please recheck the objects properties to make sure the desired element is located. 

2022-01-17 16:03:07 - [MESSAGE][WARNING] - [SELF-HEALING] Failed to find element with id 'Object Repository/Texting/Page_Nh ca ti/i_See all_icon fa fa-comment fa-fw'. Try using Self-healing.

2022-01-17 16:03:07 - [MESSAGE][WARNING] - [SELF-HEALING] The current locator of test object 'Object Repository/Texting/Page_Nh ca ti/i_See all_icon fa fa-comment fa-fw' was broken. Propose an alternative one: '//div[2]/a/i'.

2022-01-17 16:03:07 - [MESSAGE][PASSED] - Object: 'Object Repository/Texting/Page_Nh ca ti/i_See all_icon fa fa-comment fa-fw' is clicked on

2022-01-17 16:03:07 - [TEST_STEP][PASSED] - setText(findTestObject("Object Repository/Texting/Page_Nh ca ti/input_Messages selected_form-control"), "Thanh"): Text 'Thanh' is set on object 'Object Repository/Texting/Page_Nh ca ti/input_Messages selected_form-control'

2022-01-17 16:03:09 - [MESSAGE][PASSED] - Text 'Thanh' is set on object 'Object Repository/Texting/Page_Nh ca ti/input_Messages selected_form-control'

2022-01-17 16:03:09 - [TEST_STEP][PASSED] - verifyElementClickable(findTestObject("Object Repository/Texting/Page_Nh ca ti/i_Messages selected_icon fa fa-search fa-fw_1")): Object 'Object Repository/Texting/Page_Nh ca ti/i_Messages selected_icon fa fa-search fa-fw_1' is clickable

2022-01-17 16:03:15 - [MESSAGE][INFO] - Unable to find the element located by 'By.xpath: //div[@id='yui_3_17_2_1_1641380790278_202']/div[4]/div/div/div/button/span/i'. Please recheck the objects properties to make sure the desired element is located. 

2022-01-17 16:03:15 - [MESSAGE][WARNING] - [SELF-HEALING] Failed to find element with id 'Object Repository/Texting/Page_Nh ca ti/i_Messages selected_icon fa fa-search fa-fw_1'. Try using Self-healing.

2022-01-17 16:03:15 - [MESSAGE][WARNING] - [SELF-HEALING] The current locator of test object 'Object Repository/Texting/Page_Nh ca ti/i_Messages selected_icon fa fa-search fa-fw_1' was broken. Propose an alternative one: '//button/span/i'.

2022-01-17 16:03:15 - [MESSAGE][PASSED] - Object 'Object Repository/Texting/Page_Nh ca ti/i_Messages selected_icon fa fa-search fa-fw_1' is clickable

2022-01-17 16:03:15 - [TEST_STEP][PASSED] - click(findTestObject("Object Repository/Texting/Page_Nh ca ti/i_Messages selected_icon fa fa-search fa-fw_1")): Object: 'Object Repository/Texting/Page_Nh ca ti/i_Messages selected_icon fa fa-search fa-fw_1' is clicked on

2022-01-17 16:03:22 - [MESSAGE][INFO] - Unable to find the element located by 'By.xpath: //div[@id='yui_3_17_2_1_1641380790278_202']/div[4]/div/div/div/button/span/i'. Please recheck the objects properties to make sure the desired element is located. 

2022-01-17 16:03:22 - [MESSAGE][WARNING] - [SELF-HEALING] Failed to find element with id 'Object Repository/Texting/Page_Nh ca ti/i_Messages selected_icon fa fa-search fa-fw_1'. Try using Self-healing.

2022-01-17 16:03:22 - [MESSAGE][WARNING] - [SELF-HEALING] The current locator of test object 'Object Repository/Texting/Page_Nh ca ti/i_Messages selected_icon fa fa-search fa-fw_1' was broken. Propose an alternative one: '//button/span/i'.

2022-01-17 16:03:22 - [MESSAGE][PASSED] - Object: 'Object Repository/Texting/Page_Nh ca ti/i_Messages selected_icon fa fa-search fa-fw_1' is clicked on

2022-01-17 16:03:22 - [TEST_STEP][PASSED] - verifyElementClickable(findTestObject("Object Repository/Texting/Page_Nh ca ti/h6_Cng Bnh L")): Object 'Object Repository/Texting/Page_Nh ca ti/h6_Cng Bnh L' is clickable

2022-01-17 16:03:28 - [MESSAGE][INFO] - Unable to find the element located by 'By.xpath: //div[@id='yui_3_17_2_1_1641380790278_197']/div[6]/div/div/div/div[2]/div/a/h6'. Please recheck the objects properties to make sure the desired element is located. 

2022-01-17 16:03:28 - [MESSAGE][WARNING] - [SELF-HEALING] Failed to find element with id 'Object Repository/Texting/Page_Nh ca ti/h6_Cng Bnh L'. Try using Self-healing.

2022-01-17 16:03:29 - [MESSAGE][WARNING] - [SELF-HEALING] The current locator of test object 'Object Repository/Texting/Page_Nh ca ti/h6_Cng Bnh L' was broken. Propose an alternative one: '(.//*[normalize-space(text()) and normalize-space(.)='Non-contacts'])[1]/following::h6[1]'.

2022-01-17 16:03:29 - [MESSAGE][PASSED] - Object 'Object Repository/Texting/Page_Nh ca ti/h6_Cng Bnh L' is clickable

2022-01-17 16:03:29 - [TEST_STEP][PASSED] - click(findTestObject("Object Repository/Texting/Page_Nh ca ti/h6_Cng Bnh L")): Object: 'Object Repository/Texting/Page_Nh ca ti/h6_Cng Bnh L' is clicked on

2022-01-17 16:03:35 - [MESSAGE][INFO] - Unable to find the element located by 'By.xpath: //div[@id='yui_3_17_2_1_1641380790278_197']/div[6]/div/div/div/div[2]/div/a/h6'. Please recheck the objects properties to make sure the desired element is located. 

2022-01-17 16:03:35 - [MESSAGE][WARNING] - [SELF-HEALING] Failed to find element with id 'Object Repository/Texting/Page_Nh ca ti/h6_Cng Bnh L'. Try using Self-healing.

2022-01-17 16:03:35 - [MESSAGE][WARNING] - [SELF-HEALING] The current locator of test object 'Object Repository/Texting/Page_Nh ca ti/h6_Cng Bnh L' was broken. Propose an alternative one: '(.//*[normalize-space(text()) and normalize-space(.)='Non-contacts'])[1]/following::h6[1]'.

2022-01-17 16:03:36 - [MESSAGE][PASSED] - Object: 'Object Repository/Texting/Page_Nh ca ti/h6_Cng Bnh L' is clicked on

2022-01-17 16:03:36 - [TEST_STEP][PASSED] - setText(findTestObject("Object Repository/Texting/Page_Nh ca ti/textarea_Use enter to send_yui_3_17_2_1_164_3e2d02"), "Hi there"): Text 'Hi there' is set on object 'Object Repository/Texting/Page_Nh ca ti/textarea_Use enter to send_yui_3_17_2_1_164_3e2d02'

2022-01-17 16:03:42 - [MESSAGE][INFO] - Unable to find the element located by 'By.xpath: //textarea[@id='yui_3_17_2_1_1641382762786_207']'. Please recheck the objects properties to make sure the desired element is located. 

2022-01-17 16:03:42 - [MESSAGE][WARNING] - [SELF-HEALING] Failed to find element with id 'Object Repository/Texting/Page_Nh ca ti/textarea_Use enter to send_yui_3_17_2_1_164_3e2d02'. Try using Self-healing.

2022-01-17 16:03:42 - [MESSAGE][WARNING] - [SELF-HEALING] The current locator of test object 'Object Repository/Texting/Page_Nh ca ti/textarea_Use enter to send_yui_3_17_2_1_164_3e2d02' was broken. Propose an alternative one: '//textarea'.

2022-01-17 16:03:49 - [MESSAGE][INFO] - Unable to find the element located by 'By.xpath: //textarea[@id='yui_3_17_2_1_1641382762786_207']'. Please recheck the objects properties to make sure the desired element is located. 

2022-01-17 16:03:49 - [MESSAGE][WARNING] - [SELF-HEALING] Failed to find element with id 'Object Repository/Texting/Page_Nh ca ti/textarea_Use enter to send_yui_3_17_2_1_164_3e2d02'. Try using Self-healing.

2022-01-17 16:03:49 - [MESSAGE][WARNING] - [SELF-HEALING] The current locator of test object 'Object Repository/Texting/Page_Nh ca ti/textarea_Use enter to send_yui_3_17_2_1_164_3e2d02' was broken. Propose an alternative one: '//textarea'.

2022-01-17 16:03:49 - [MESSAGE][PASSED] - Text 'Hi there' is set on object 'Object Repository/Texting/Page_Nh ca ti/textarea_Use enter to send_yui_3_17_2_1_164_3e2d02'

2022-01-17 16:03:49 - [TEST_STEP][PASSED] - click(findTestObject("Object Repository/Texting/Page_Nh ca ti/i__icon fa fa-paper-plane fa-fw")): Object: 'Object Repository/Texting/Page_Nh ca ti/i__icon fa fa-paper-plane fa-fw' is clicked on

2022-01-17 16:03:55 - [MESSAGE][INFO] - Unable to find the element located by 'By.xpath: //div[@id='yui_3_17_2_1_1641382762786_208']/div/button[2]/span/i'. Please recheck the objects properties to make sure the desired element is located. 

2022-01-17 16:03:55 - [MESSAGE][WARNING] - [SELF-HEALING] Failed to find element with id 'Object Repository/Texting/Page_Nh ca ti/i__icon fa fa-paper-plane fa-fw'. Try using Self-healing.

2022-01-17 16:03:56 - [MESSAGE][WARNING] - [SELF-HEALING] The current locator of test object 'Object Repository/Texting/Page_Nh ca ti/i__icon fa fa-paper-plane fa-fw' was broken. Propose an alternative one: '//button[2]/span/i'.

2022-01-17 16:03:56 - [MESSAGE][PASSED] - Object: 'Object Repository/Texting/Page_Nh ca ti/i__icon fa fa-paper-plane fa-fw' is clicked on

2022-01-17 16:03:56 - [TEST_STEP][PASSED] - setText(findTestObject("Object Repository/Texting/Page_Nh ca ti/textarea_Use enter to send_yui_3_17_2_1_164_3e2d02"), "How can I help you"): Text 'How can I help you' is set on object 'Object Repository/Texting/Page_Nh ca ti/textarea_Use enter to send_yui_3_17_2_1_164_3e2d02'

2022-01-17 16:04:02 - [MESSAGE][INFO] - Unable to find the element located by 'By.xpath: //textarea[@id='yui_3_17_2_1_1641382762786_207']'. Please recheck the objects properties to make sure the desired element is located. 

2022-01-17 16:04:02 - [MESSAGE][WARNING] - [SELF-HEALING] Failed to find element with id 'Object Repository/Texting/Page_Nh ca ti/textarea_Use enter to send_yui_3_17_2_1_164_3e2d02'. Try using Self-healing.

2022-01-17 16:04:02 - [MESSAGE][WARNING] - [SELF-HEALING] The current locator of test object 'Object Repository/Texting/Page_Nh ca ti/textarea_Use enter to send_yui_3_17_2_1_164_3e2d02' was broken. Propose an alternative one: '//textarea'.

2022-01-17 16:04:09 - [MESSAGE][INFO] - Unable to find the element located by 'By.xpath: //textarea[@id='yui_3_17_2_1_1641382762786_207']'. Please recheck the objects properties to make sure the desired element is located. 

2022-01-17 16:04:09 - [MESSAGE][WARNING] - [SELF-HEALING] Failed to find element with id 'Object Repository/Texting/Page_Nh ca ti/textarea_Use enter to send_yui_3_17_2_1_164_3e2d02'. Try using Self-healing.

2022-01-17 16:04:09 - [MESSAGE][WARNING] - [SELF-HEALING] The current locator of test object 'Object Repository/Texting/Page_Nh ca ti/textarea_Use enter to send_yui_3_17_2_1_164_3e2d02' was broken. Propose an alternative one: '//textarea'.

2022-01-17 16:04:09 - [MESSAGE][PASSED] - Text 'How can I help you' is set on object 'Object Repository/Texting/Page_Nh ca ti/textarea_Use enter to send_yui_3_17_2_1_164_3e2d02'

2022-01-17 16:04:09 - [TEST_STEP][PASSED] - click(findTestObject("Object Repository/Texting/Page_Nh ca ti/i__yui_3_17_2_1_1641382762786_212")): Object: 'Object Repository/Texting/Page_Nh ca ti/i__yui_3_17_2_1_1641382762786_212' is clicked on

2022-01-17 16:04:15 - [MESSAGE][INFO] - Unable to find the element located by 'By.xpath: //i[@id='yui_3_17_2_1_1641382762786_212']'. Please recheck the objects properties to make sure the desired element is located. 

2022-01-17 16:04:15 - [MESSAGE][WARNING] - [SELF-HEALING] Failed to find element with id 'Object Repository/Texting/Page_Nh ca ti/i__yui_3_17_2_1_1641382762786_212'. Try using Self-healing.

2022-01-17 16:04:16 - [MESSAGE][WARNING] - [SELF-HEALING] The current locator of test object 'Object Repository/Texting/Page_Nh ca ti/i__yui_3_17_2_1_1641382762786_212' was broken. Propose an alternative one: '//button[2]/span/i'.

2022-01-17 16:04:16 - [MESSAGE][PASSED] - Object: 'Object Repository/Texting/Page_Nh ca ti/i__yui_3_17_2_1_1641382762786_212' is clicked on

2022-01-17 16:04:16 - [TEST_STEP][PASSED] - setText(findTestObject("Object Repository/Texting/Page_Nh ca ti/textarea_Use enter to send_yui_3_17_2_1_164_3e2d02"), "Are you ok?"): Text 'Are you ok?' is set on object 'Object Repository/Texting/Page_Nh ca ti/textarea_Use enter to send_yui_3_17_2_1_164_3e2d02'

2022-01-17 16:04:22 - [MESSAGE][INFO] - Unable to find the element located by 'By.xpath: //textarea[@id='yui_3_17_2_1_1641382762786_207']'. Please recheck the objects properties to make sure the desired element is located. 

2022-01-17 16:04:22 - [MESSAGE][WARNING] - [SELF-HEALING] Failed to find element with id 'Object Repository/Texting/Page_Nh ca ti/textarea_Use enter to send_yui_3_17_2_1_164_3e2d02'. Try using Self-healing.

2022-01-17 16:04:23 - [MESSAGE][WARNING] - [SELF-HEALING] The current locator of test object 'Object Repository/Texting/Page_Nh ca ti/textarea_Use enter to send_yui_3_17_2_1_164_3e2d02' was broken. Propose an alternative one: '//textarea'.

2022-01-17 16:04:29 - [MESSAGE][INFO] - Unable to find the element located by 'By.xpath: //textarea[@id='yui_3_17_2_1_1641382762786_207']'. Please recheck the objects properties to make sure the desired element is located. 

2022-01-17 16:04:29 - [MESSAGE][WARNING] - [SELF-HEALING] Failed to find element with id 'Object Repository/Texting/Page_Nh ca ti/textarea_Use enter to send_yui_3_17_2_1_164_3e2d02'. Try using Self-healing.

2022-01-17 16:04:29 - [MESSAGE][WARNING] - [SELF-HEALING] The current locator of test object 'Object Repository/Texting/Page_Nh ca ti/textarea_Use enter to send_yui_3_17_2_1_164_3e2d02' was broken. Propose an alternative one: '//textarea'.

2022-01-17 16:04:30 - [MESSAGE][PASSED] - Text 'Are you ok?' is set on object 'Object Repository/Texting/Page_Nh ca ti/textarea_Use enter to send_yui_3_17_2_1_164_3e2d02'

2022-01-17 16:04:30 - [TEST_STEP][PASSED] - click(findTestObject("Object Repository/Texting/Page_Nh ca ti/i__yui_3_17_2_1_1641382762786_212")): Object: 'Object Repository/Texting/Page_Nh ca ti/i__yui_3_17_2_1_1641382762786_212' is clicked on

2022-01-17 16:04:36 - [MESSAGE][INFO] - Unable to find the element located by 'By.xpath: //i[@id='yui_3_17_2_1_1641382762786_212']'. Please recheck the objects properties to make sure the desired element is located. 

2022-01-17 16:04:36 - [MESSAGE][WARNING] - [SELF-HEALING] Failed to find element with id 'Object Repository/Texting/Page_Nh ca ti/i__yui_3_17_2_1_1641382762786_212'. Try using Self-healing.

2022-01-17 16:04:36 - [MESSAGE][WARNING] - [SELF-HEALING] The current locator of test object 'Object Repository/Texting/Page_Nh ca ti/i__yui_3_17_2_1_1641382762786_212' was broken. Propose an alternative one: '//button[2]/span/i'.

2022-01-17 16:04:36 - [MESSAGE][PASSED] - Object: 'Object Repository/Texting/Page_Nh ca ti/i__yui_3_17_2_1_1641382762786_212' is clicked on

2022-01-17 16:04:36 - [TEST_STEP][PASSED] - click(findTestObject("Object Repository/Texting/Page_Nh ca ti/a_Cng Bnh L")): Object: 'Object Repository/Texting/Page_Nh ca ti/a_Cng Bnh L' is clicked on

2022-01-17 16:04:39 - [MESSAGE][PASSED] - Object: 'Object Repository/Texting/Page_Nh ca ti/a_Cng Bnh L' is clicked on

2022-01-17 16:04:39 - [TEST_STEP][PASSED] - click(findTestObject("Object Repository/Texting/Page_Nh ca ti/span_Thot")): Object: 'Object Repository/Texting/Page_Nh ca ti/span_Thot' is clicked on

2022-01-17 16:04:40 - [MESSAGE][PASSED] - Object: 'Object Repository/Texting/Page_Nh ca ti/span_Thot' is clicked on

2022-01-17 16:04:40 - [TEST_STEP][PASSED] - click(findTestObject("Object Repository/Texting/Page_Local Moodle/a_Log in")): Object: 'Object Repository/Texting/Page_Local Moodle/a_Log in' is clicked on

2022-01-17 16:04:41 - [MESSAGE][PASSED] - Object: 'Object Repository/Texting/Page_Local Moodle/a_Log in' is clicked on

2022-01-17 16:04:41 - [TEST_STEP][PASSED] - setText(findTestObject("Object Repository/Texting/Page_Local Moodle Log in to the site/input_Username_username"), "ndtthanh"): Text 'ndtthanh' is set on object 'Object Repository/Texting/Page_Local Moodle Log in to the site/input_Username_username'

2022-01-17 16:04:42 - [MESSAGE][PASSED] - Text 'ndtthanh' is set on object 'Object Repository/Texting/Page_Local Moodle Log in to the site/input_Username_username'

2022-01-17 16:04:42 - [TEST_STEP][PASSED] - setEncryptedText(findTestObject("Object Repository/Texting/Page_Local Moodle Log in to the site/input_Password_password"), "o5TCnEIIWq0Pz0TkrK1a2rpuWvRKVWz2"): Text ****** has been set on object 'Object Repository/Texting/Page_Local Moodle Log in to the site/input_Password_password'

2022-01-17 16:04:43 - [MESSAGE][PASSED] - Text ****** has been set on object 'Object Repository/Texting/Page_Local Moodle Log in to the site/input_Password_password'

2022-01-17 16:04:43 - [TEST_STEP][PASSED] - click(findTestObject("Object Repository/Texting/Page_Local Moodle Log in to the site/button_Log in")): Object: 'Object Repository/Texting/Page_Local Moodle Log in to the site/button_Log in' is clicked on

2022-01-17 16:04:45 - [MESSAGE][PASSED] - Object: 'Object Repository/Texting/Page_Local Moodle Log in to the site/button_Log in' is clicked on

2022-01-17 16:04:45 - [TEST_STEP][PASSED] - click(findTestObject("Object Repository/Texting/Page_Nh ca ti/i_See all_icon fa fa-comment fa-fw")): Object: 'Object Repository/Texting/Page_Nh ca ti/i_See all_icon fa fa-comment fa-fw' is clicked on

2022-01-17 16:04:51 - [MESSAGE][INFO] - Unable to find the element located by 'By.xpath: //a[@id='message-drawer-toggle-61d5836ab0e7961d5836a98d4612']/i'. Please recheck the objects properties to make sure the desired element is located. 

2022-01-17 16:04:51 - [MESSAGE][WARNING] - [SELF-HEALING] Failed to find element with id 'Object Repository/Texting/Page_Nh ca ti/i_See all_icon fa fa-comment fa-fw'. Try using Self-healing.

2022-01-17 16:04:51 - [MESSAGE][WARNING] - [SELF-HEALING] The current locator of test object 'Object Repository/Texting/Page_Nh ca ti/i_See all_icon fa fa-comment fa-fw' was broken. Propose an alternative one: '//div[2]/a/i'.

2022-01-17 16:04:51 - [MESSAGE][PASSED] - Object: 'Object Repository/Texting/Page_Nh ca ti/i_See all_icon fa fa-comment fa-fw' is clicked on

2022-01-17 16:04:51 - [TEST_STEP][PASSED] - verifyElementClickable(findTestObject("Object Repository/Texting/Page_Nh ca ti/i_See all_yui_3_17_2_1_1641382882296_189")): Object 'Object Repository/Texting/Page_Nh ca ti/i_See all_yui_3_17_2_1_1641382882296_189' is clickable

2022-01-17 16:04:58 - [MESSAGE][INFO] - Unable to find the element located by 'By.xpath: //i[@id='yui_3_17_2_1_1641382882296_189']'. Please recheck the objects properties to make sure the desired element is located. 

2022-01-17 16:04:58 - [MESSAGE][WARNING] - [SELF-HEALING] Failed to find element with id 'Object Repository/Texting/Page_Nh ca ti/i_See all_yui_3_17_2_1_1641382882296_189'. Try using Self-healing.

2022-01-17 16:04:58 - [MESSAGE][WARNING] - [SELF-HEALING] The current locator of test object 'Object Repository/Texting/Page_Nh ca ti/i_See all_yui_3_17_2_1_1641382882296_189' was broken. Propose an alternative one: '//div[2]/a/i'.

2022-01-17 16:04:58 - [MESSAGE][PASSED] - Object 'Object Repository/Texting/Page_Nh ca ti/i_See all_yui_3_17_2_1_1641382882296_189' is clickable

2022-01-17 16:04:58 - [TEST_STEP][PASSED] - verifyElementClickable(findTestObject("Object Repository/Texting/Page_Nh ca ti/strong_Cng Bnh L")): Object 'Object Repository/Texting/Page_Nh ca ti/strong_Cng Bnh L' is clickable

2022-01-17 16:05:04 - [MESSAGE][INFO] - Unable to find the element located by 'By.xpath: //div[@id='view-overview-messages-target-61d583e23d87f61d583e22613e21']/div[2]/a/div/div/strong'. Please recheck the objects properties to make sure the desired element is located. 

2022-01-17 16:05:04 - [MESSAGE][WARNING] - [SELF-HEALING] Failed to find element with id 'Object Repository/Texting/Page_Nh ca ti/strong_Cng Bnh L'. Try using Self-healing.

2022-01-17 16:05:05 - [MESSAGE][WARNING] - [SELF-HEALING] The current locator of test object 'Object Repository/Texting/Page_Nh ca ti/strong_Cng Bnh L' was broken. Propose an alternative one: '(.//*[normalize-space(text()) and normalize-space(.)='Private'])[1]/following::strong[1]'.

2022-01-17 16:05:05 - [MESSAGE][PASSED] - Object 'Object Repository/Texting/Page_Nh ca ti/strong_Cng Bnh L' is clickable

2022-01-17 16:05:05 - [TEST_STEP][PASSED] - click(findTestObject("Object Repository/Texting/Page_Nh ca ti/strong_Cng Bnh L")): Object: 'Object Repository/Texting/Page_Nh ca ti/strong_Cng Bnh L' is clicked on

2022-01-17 16:05:11 - [MESSAGE][INFO] - Unable to find the element located by 'By.xpath: //div[@id='view-overview-messages-target-61d583e23d87f61d583e22613e21']/div[2]/a/div/div/strong'. Please recheck the objects properties to make sure the desired element is located. 

2022-01-17 16:05:11 - [MESSAGE][WARNING] - [SELF-HEALING] Failed to find element with id 'Object Repository/Texting/Page_Nh ca ti/strong_Cng Bnh L'. Try using Self-healing.

2022-01-17 16:05:11 - [MESSAGE][WARNING] - [SELF-HEALING] The current locator of test object 'Object Repository/Texting/Page_Nh ca ti/strong_Cng Bnh L' was broken. Propose an alternative one: '(.//*[normalize-space(text()) and normalize-space(.)='Private'])[1]/following::strong[1]'.

2022-01-17 16:05:11 - [MESSAGE][PASSED] - Object: 'Object Repository/Texting/Page_Nh ca ti/strong_Cng Bnh L' is clicked on

2022-01-17 16:05:11 - [TEST_STEP][PASSED] - verifyElementText(findTestObject("Object Repository/Texting/Page_Nh ca ti/p_Hi there"), "Hi there"): Actual text and expected text of test object 'Object Repository/Texting/Page_Nh ca ti/p_Hi there' are matched.

2022-01-17 16:05:13 - [MESSAGE][PASSED] - Actual text and expected text of test object 'Object Repository/Texting/Page_Nh ca ti/p_Hi there' are matched.

2022-01-17 16:05:13 - [TEST_STEP][PASSED] - verifyElementText(findTestObject("Object Repository/Texting/Page_Nh ca ti/p_How can I help you"), "How can I help you"): Actual text and expected text of test object 'Object Repository/Texting/Page_Nh ca ti/p_How can I help you' are matched.

2022-01-17 16:05:13 - [MESSAGE][PASSED] - Actual text and expected text of test object 'Object Repository/Texting/Page_Nh ca ti/p_How can I help you' are matched.

2022-01-17 16:05:13 - [TEST_STEP][PASSED] - verifyElementText(findTestObject("Object Repository/Texting/Page_Nh ca ti/p_Are you ok"), "Are you ok?"): Actual text and expected text of test object 'Object Repository/Texting/Page_Nh ca ti/p_Are you ok' are matched.

2022-01-17 16:05:14 - [MESSAGE][PASSED] - Actual text and expected text of test object 'Object Repository/Texting/Page_Nh ca ti/p_Are you ok' are matched.

2022-01-17 16:05:14 - [TEST_STEP][PASSED] - closeBrowser(): Browser is closed

2022-01-17 16:05:15 - [MESSAGE][PASSED] - Browser is closed]]></system-out>
         <system-err><![CDATA[]]></system-err>
      </testcase>
      <testcase name="Test Cases/Texting/Receive text message from multiple users" time="97.084" classname="Test Cases/Texting/Receive text message from multiple users" status="FAILED">
         <failure type="FAILED" message="Test Cases/Texting/Receive text message from multiple users FAILED.
Reason:
com.kms.katalon.core.exception.StepFailedException: Unable to click on object 'Object Repository/Texting/Page_Nh ca ti/h6_Cng Bnh L'
	at com.kms.katalon.core.webui.keyword.internal.WebUIKeywordMain.stepFailed(WebUIKeywordMain.groovy:64)
	at com.kms.katalon.core.webui.keyword.internal.WebUIKeywordMain.runKeyword(WebUIKeywordMain.groovy:26)
	at com.kms.katalon.core.webui.keyword.builtin.ClickKeyword.click(ClickKeyword.groovy:74)
	at com.kms.katalon.core.webui.keyword.builtin.ClickKeyword.execute(ClickKeyword.groovy:40)
	at com.kms.katalon.core.keyword.internal.KeywordExecutor.executeKeywordForPlatform(KeywordExecutor.groovy:74)
	at com.kms.katalon.core.webui.keyword.WebUiBuiltInKeywords.click(WebUiBuiltInKeywords.groovy:620)
	at com.kms.katalon.core.webui.keyword.WebUiBuiltInKeywords$click$1.call(Unknown Source)
	at Receive text message from multiple users.run(Receive text message from multiple users:71)
	at com.kms.katalon.core.main.ScriptEngine.run(ScriptEngine.java:194)
	at com.kms.katalon.core.main.ScriptEngine.runScriptAsRawText(ScriptEngine.java:119)
	at com.kms.katalon.core.main.TestCaseExecutor.runScript(TestCaseExecutor.java:442)
	at com.kms.katalon.core.main.TestCaseExecutor.doExecute(TestCaseExecutor.java:433)
	at com.kms.katalon.core.main.TestCaseExecutor.processExecutionPhase(TestCaseExecutor.java:412)
	at com.kms.katalon.core.main.TestCaseExecutor.accessMainPhase(TestCaseExecutor.java:404)
	at com.kms.katalon.core.main.TestCaseExecutor.execute(TestCaseExecutor.java:281)
	at com.kms.katalon.core.main.TestCaseExecutor.execute(TestCaseExecutor.java:363)
	at com.kms.katalon.core.main.TestCaseExecutor.execute(TestCaseExecutor.java:363)
	at com.kms.katalon.core.main.TestCaseExecutor.execute(TestCaseExecutor.java:363)
	at com.kms.katalon.core.main.TestSuiteExecutor.accessTestCaseMainPhase(TestSuiteExecutor.java:202)
	at com.kms.katalon.core.main.TestSuiteExecutor.accessTestSuiteMainPhase(TestSuiteExecutor.java:164)
	at com.kms.katalon.core.main.TestSuiteExecutor.execute(TestSuiteExecutor.java:105)
	at com.kms.katalon.core.main.TestCaseMain.startTestSuite(TestCaseMain.java:181)
	at com.kms.katalon.core.main.TestCaseMain$startTestSuite$0.call(Unknown Source)
	at TempTestSuite1642408138931.run(TempTestSuite1642408138931.groovy:36)
Caused by: com.kms.katalon.core.webui.exception.WebElementNotFoundException: Web element with id: 'Object Repository/Texting/Page_Nh ca ti/h6_Cng Bnh L' located by '//div[@id='yui_3_17_2_1_1641380790278_197']/div[6]/div/div/div/div[2]/div/a/h6' not found
	at com.kms.katalon.core.webui.common.WebUiCommonHelper.findWebElement(WebUiCommonHelper.java:1368)
	at com.kms.katalon.core.webui.keyword.internal.WebUIAbstractKeyword.findWebElement(WebUIAbstractKeyword.groovy:27)
	at com.kms.katalon.core.webui.keyword.builtin.ClickKeyword$_click_closure1.doCall(ClickKeyword.groovy:65)
	at com.kms.katalon.core.webui.keyword.builtin.ClickKeyword$_click_closure1.call(ClickKeyword.groovy)
	at com.kms.katalon.core.webui.keyword.internal.WebUIKeywordMain.runKeyword(WebUIKeywordMain.groovy:20)
	... 22 more
"/>
         <system-out><![CDATA[2022-01-17 16:11:15 - [TEST_CASE][FAILED] - Test Cases/Texting/Receive text message from multiple users: Test Cases/Texting/Receive text message from multiple users FAILED.
Reason:
com.kms.katalon.core.exception.StepFailedException: Unable to click on object 'Object Repository/Texting/Page_Nh ca ti/h6_Cng Bnh L'
	at com.kms.katalon.core.webui.keyword.internal.WebUIKeywordMain.stepFailed(WebUIKeywordMain.groovy:64)
	at com.kms.katalon.core.webui.keyword.internal.WebUIKeywordMain.runKeyword(WebUIKeywordMain.groovy:26)
	at com.kms.katalon.core.webui.keyword.builtin.ClickKeyword.click(ClickKeyword.groovy:74)
	at com.kms.katalon.core.webui.keyword.builtin.ClickKeyword.execute(ClickKeyword.groovy:40)
	at com.kms.katalon.core.keyword.internal.KeywordExecutor.executeKeywordForPlatform(KeywordExecutor.groovy:74)
	at com.kms.katalon.core.webui.keyword.WebUiBuiltInKeywords.click(WebUiBuiltInKeywords.groovy:620)
	at com.kms.katalon.core.webui.keyword.WebUiBuiltInKeywords$click$1.call(Unknown Source)
	at Receive text message from multiple users.run(Receive text message from multiple users:71)
	at com.kms.katalon.core.main.ScriptEngine.run(ScriptEngine.java:194)
	at com.kms.katalon.core.main.ScriptEngine.runScriptAsRawText(ScriptEngine.java:119)
	at com.kms.katalon.core.main.TestCaseExecutor.runScript(TestCaseExecutor.java:442)
	at com.kms.katalon.core.main.TestCaseExecutor.doExecute(TestCaseExecutor.java:433)
	at com.kms.katalon.core.main.TestCaseExecutor.processExecutionPhase(TestCaseExecutor.java:412)
	at com.kms.katalon.core.main.TestCaseExecutor.accessMainPhase(TestCaseExecutor.java:404)
	at com.kms.katalon.core.main.TestCaseExecutor.execute(TestCaseExecutor.java:281)
	at com.kms.katalon.core.main.TestCaseExecutor.execute(TestCaseExecutor.java:363)
	at com.kms.katalon.core.main.TestCaseExecutor.execute(TestCaseExecutor.java:363)
	at com.kms.katalon.core.main.TestCaseExecutor.execute(TestCaseExecutor.java:363)
	at com.kms.katalon.core.main.TestSuiteExecutor.accessTestCaseMainPhase(TestSuiteExecutor.java:202)
	at com.kms.katalon.core.main.TestSuiteExecutor.accessTestSuiteMainPhase(TestSuiteExecutor.java:164)
	at com.kms.katalon.core.main.TestSuiteExecutor.execute(TestSuiteExecutor.java:105)
	at com.kms.katalon.core.main.TestCaseMain.startTestSuite(TestCaseMain.java:181)
	at com.kms.katalon.core.main.TestCaseMain$startTestSuite$0.call(Unknown Source)
	at TempTestSuite1642408138931.run(TempTestSuite1642408138931.groovy:36)
Caused by: com.kms.katalon.core.webui.exception.WebElementNotFoundException: Web element with id: 'Object Repository/Texting/Page_Nh ca ti/h6_Cng Bnh L' located by '//div[@id='yui_3_17_2_1_1641380790278_197']/div[6]/div/div/div/div[2]/div/a/h6' not found
	at com.kms.katalon.core.webui.common.WebUiCommonHelper.findWebElement(WebUiCommonHelper.java:1368)
	at com.kms.katalon.core.webui.keyword.internal.WebUIAbstractKeyword.findWebElement(WebUIAbstractKeyword.groovy:27)
	at com.kms.katalon.core.webui.keyword.builtin.ClickKeyword$_click_closure1.doCall(ClickKeyword.groovy:65)
	at com.kms.katalon.core.webui.keyword.builtin.ClickKeyword$_click_closure1.call(ClickKeyword.groovy)
	at com.kms.katalon.core.webui.keyword.internal.WebUIKeywordMain.runKeyword(WebUIKeywordMain.groovy:20)
	... 22 more


2022-01-17 16:11:15 - [TEST_STEP][PASSED] - openBrowser(""): Browser is opened with url: ''

2022-01-17 16:11:15 - [MESSAGE][WARNING] - A browser is already opened. Closing browser and opening a new one

2022-01-17 16:11:16 - [MESSAGE][INFO] - Starting 'Chrome' driver

2022-01-17 16:11:16 - [MESSAGE][INFO] - Action delay is set to 0 milliseconds

2022-01-17 16:11:17 - [MESSAGE][PASSED] - Browser is opened with url: ''

2022-01-17 16:11:17 - [TEST_STEP][PASSED] - navigateToUrl("http://localhost/"): Navigate to 'http://localhost/' successfully

2022-01-17 16:11:18 - [MESSAGE][PASSED] - Navigate to 'http://localhost/' successfully

2022-01-17 16:11:18 - [TEST_STEP][PASSED] - click(findTestObject("Object Repository/Texting/Page_Local Moodle/a_Log in")): Object: 'Object Repository/Texting/Page_Local Moodle/a_Log in' is clicked on

2022-01-17 16:11:19 - [MESSAGE][PASSED] - Object: 'Object Repository/Texting/Page_Local Moodle/a_Log in' is clicked on

2022-01-17 16:11:19 - [TEST_STEP][PASSED] - setText(findTestObject("Object Repository/Texting/Page_Local Moodle Log in to the site/input_Username_username"), "ndtthanh"): Text 'ndtthanh' is set on object 'Object Repository/Texting/Page_Local Moodle Log in to the site/input_Username_username'

2022-01-17 16:11:20 - [MESSAGE][PASSED] - Text 'ndtthanh' is set on object 'Object Repository/Texting/Page_Local Moodle Log in to the site/input_Username_username'

2022-01-17 16:11:20 - [TEST_STEP][PASSED] - setEncryptedText(findTestObject("Object Repository/Texting/Page_Local Moodle Log in to the site/input_Password_password"), "o5TCnEIIWq0Pz0TkrK1a2rpuWvRKVWz2"): Text ****** has been set on object 'Object Repository/Texting/Page_Local Moodle Log in to the site/input_Password_password'

2022-01-17 16:11:20 - [MESSAGE][PASSED] - Text ****** has been set on object 'Object Repository/Texting/Page_Local Moodle Log in to the site/input_Password_password'

2022-01-17 16:11:20 - [TEST_STEP][PASSED] - click(findTestObject("Object Repository/Texting/Page_Local Moodle Log in to the site/button_Log in")): Object: 'Object Repository/Texting/Page_Local Moodle Log in to the site/button_Log in' is clicked on

2022-01-17 16:11:23 - [MESSAGE][PASSED] - Object: 'Object Repository/Texting/Page_Local Moodle Log in to the site/button_Log in' is clicked on

2022-01-17 16:11:23 - [TEST_STEP][PASSED] - click(findTestObject("Object Repository/Texting/Page_Nh ca ti/i_See all_icon fa fa-comment fa-fw")): Object: 'Object Repository/Texting/Page_Nh ca ti/i_See all_icon fa fa-comment fa-fw' is clicked on

2022-01-17 16:11:29 - [MESSAGE][INFO] - Unable to find the element located by 'By.xpath: //a[@id='message-drawer-toggle-61d5836ab0e7961d5836a98d4612']/i'. Please recheck the objects properties to make sure the desired element is located. 

2022-01-17 16:11:29 - [MESSAGE][WARNING] - [SELF-HEALING] Failed to find element with id 'Object Repository/Texting/Page_Nh ca ti/i_See all_icon fa fa-comment fa-fw'. Try using Self-healing.

2022-01-17 16:11:29 - [MESSAGE][WARNING] - [SELF-HEALING] The current locator of test object 'Object Repository/Texting/Page_Nh ca ti/i_See all_icon fa fa-comment fa-fw' was broken. Propose an alternative one: '//div[2]/a/i'.

2022-01-17 16:11:29 - [MESSAGE][PASSED] - Object: 'Object Repository/Texting/Page_Nh ca ti/i_See all_icon fa fa-comment fa-fw' is clicked on

2022-01-17 16:11:29 - [TEST_STEP][PASSED] - setText(findTestObject("Object Repository/Texting/Page_Nh ca ti/input_Messages selected_form-control"), "Lê"): Text 'Lê' is set on object 'Object Repository/Texting/Page_Nh ca ti/input_Messages selected_form-control'

2022-01-17 16:11:30 - [MESSAGE][PASSED] - Text 'Lê' is set on object 'Object Repository/Texting/Page_Nh ca ti/input_Messages selected_form-control'

2022-01-17 16:11:30 - [TEST_STEP][PASSED] - verifyElementClickable(findTestObject("Object Repository/Texting/Page_Nh ca ti/i_Messages selected_icon fa fa-search fa-fw_1")): Object 'Object Repository/Texting/Page_Nh ca ti/i_Messages selected_icon fa fa-search fa-fw_1' is clickable

2022-01-17 16:11:37 - [MESSAGE][INFO] - Unable to find the element located by 'By.xpath: //div[@id='yui_3_17_2_1_1641380790278_202']/div[4]/div/div/div/button/span/i'. Please recheck the objects properties to make sure the desired element is located. 

2022-01-17 16:11:37 - [MESSAGE][WARNING] - [SELF-HEALING] Failed to find element with id 'Object Repository/Texting/Page_Nh ca ti/i_Messages selected_icon fa fa-search fa-fw_1'. Try using Self-healing.

2022-01-17 16:11:37 - [MESSAGE][WARNING] - [SELF-HEALING] The current locator of test object 'Object Repository/Texting/Page_Nh ca ti/i_Messages selected_icon fa fa-search fa-fw_1' was broken. Propose an alternative one: '//button/span/i'.

2022-01-17 16:11:37 - [MESSAGE][PASSED] - Object 'Object Repository/Texting/Page_Nh ca ti/i_Messages selected_icon fa fa-search fa-fw_1' is clickable

2022-01-17 16:11:37 - [TEST_STEP][PASSED] - click(findTestObject("Object Repository/Texting/Page_Nh ca ti/i_Messages selected_icon fa fa-search fa-fw_1")): Object: 'Object Repository/Texting/Page_Nh ca ti/i_Messages selected_icon fa fa-search fa-fw_1' is clicked on

2022-01-17 16:11:43 - [MESSAGE][INFO] - Unable to find the element located by 'By.xpath: //div[@id='yui_3_17_2_1_1641380790278_202']/div[4]/div/div/div/button/span/i'. Please recheck the objects properties to make sure the desired element is located. 

2022-01-17 16:11:43 - [MESSAGE][WARNING] - [SELF-HEALING] Failed to find element with id 'Object Repository/Texting/Page_Nh ca ti/i_Messages selected_icon fa fa-search fa-fw_1'. Try using Self-healing.

2022-01-17 16:11:44 - [MESSAGE][WARNING] - [SELF-HEALING] The current locator of test object 'Object Repository/Texting/Page_Nh ca ti/i_Messages selected_icon fa fa-search fa-fw_1' was broken. Propose an alternative one: '//button/span/i'.

2022-01-17 16:11:44 - [MESSAGE][PASSED] - Object: 'Object Repository/Texting/Page_Nh ca ti/i_Messages selected_icon fa fa-search fa-fw_1' is clicked on

2022-01-17 16:11:44 - [TEST_STEP][PASSED] - verifyElementClickable(findTestObject("Object Repository/Texting/Page_Nh ca ti/h6_Cng Bnh L")): Object 'Object Repository/Texting/Page_Nh ca ti/h6_Cng Bnh L' is clickable

2022-01-17 16:11:50 - [MESSAGE][INFO] - Unable to find the element located by 'By.xpath: //div[@id='yui_3_17_2_1_1641380790278_197']/div[6]/div/div/div/div[2]/div/a/h6'. Please recheck the objects properties to make sure the desired element is located. 

2022-01-17 16:11:50 - [MESSAGE][WARNING] - [SELF-HEALING] Failed to find element with id 'Object Repository/Texting/Page_Nh ca ti/h6_Cng Bnh L'. Try using Self-healing.

2022-01-17 16:11:50 - [MESSAGE][WARNING] - [SELF-HEALING] The current locator of test object 'Object Repository/Texting/Page_Nh ca ti/h6_Cng Bnh L' was broken. Propose an alternative one: '(.//*[normalize-space(text()) and normalize-space(.)='Non-contacts'])[1]/following::h6[1]'.

2022-01-17 16:11:51 - [MESSAGE][PASSED] - Object 'Object Repository/Texting/Page_Nh ca ti/h6_Cng Bnh L' is clickable

2022-01-17 16:11:51 - [TEST_STEP][PASSED] - click(findTestObject("Object Repository/Texting/Page_Nh ca ti/h6_Cng Bnh L")): Object: 'Object Repository/Texting/Page_Nh ca ti/h6_Cng Bnh L' is clicked on

2022-01-17 16:11:57 - [MESSAGE][INFO] - Unable to find the element located by 'By.xpath: //div[@id='yui_3_17_2_1_1641380790278_197']/div[6]/div/div/div/div[2]/div/a/h6'. Please recheck the objects properties to make sure the desired element is located. 

2022-01-17 16:11:57 - [MESSAGE][WARNING] - [SELF-HEALING] Failed to find element with id 'Object Repository/Texting/Page_Nh ca ti/h6_Cng Bnh L'. Try using Self-healing.

2022-01-17 16:11:57 - [MESSAGE][WARNING] - [SELF-HEALING] The current locator of test object 'Object Repository/Texting/Page_Nh ca ti/h6_Cng Bnh L' was broken. Propose an alternative one: '(.//*[normalize-space(text()) and normalize-space(.)='Non-contacts'])[1]/following::h6[1]'.

2022-01-17 16:11:57 - [MESSAGE][PASSED] - Object: 'Object Repository/Texting/Page_Nh ca ti/h6_Cng Bnh L' is clicked on

2022-01-17 16:11:57 - [TEST_STEP][PASSED] - setText(findTestObject("Object Repository/Texting/Page_Nh ca ti/textarea_Use enter to send_yui_3_17_2_1_164_cec9a1"), "I 'm Thanh"): Text 'I 'm Thanh' is set on object 'Object Repository/Texting/Page_Nh ca ti/textarea_Use enter to send_yui_3_17_2_1_164_cec9a1'

2022-01-17 16:12:03 - [MESSAGE][INFO] - Unable to find the element located by 'By.xpath: //textarea[@id='yui_3_17_2_1_1641380790278_222']'. Please recheck the objects properties to make sure the desired element is located. 

2022-01-17 16:12:03 - [MESSAGE][WARNING] - [SELF-HEALING] Failed to find element with id 'Object Repository/Texting/Page_Nh ca ti/textarea_Use enter to send_yui_3_17_2_1_164_cec9a1'. Try using Self-healing.

2022-01-17 16:12:04 - [MESSAGE][WARNING] - [SELF-HEALING] The current locator of test object 'Object Repository/Texting/Page_Nh ca ti/textarea_Use enter to send_yui_3_17_2_1_164_cec9a1' was broken. Propose an alternative one: '//textarea'.

2022-01-17 16:12:10 - [MESSAGE][INFO] - Unable to find the element located by 'By.xpath: //textarea[@id='yui_3_17_2_1_1641380790278_222']'. Please recheck the objects properties to make sure the desired element is located. 

2022-01-17 16:12:10 - [MESSAGE][WARNING] - [SELF-HEALING] Failed to find element with id 'Object Repository/Texting/Page_Nh ca ti/textarea_Use enter to send_yui_3_17_2_1_164_cec9a1'. Try using Self-healing.

2022-01-17 16:12:10 - [MESSAGE][WARNING] - [SELF-HEALING] The current locator of test object 'Object Repository/Texting/Page_Nh ca ti/textarea_Use enter to send_yui_3_17_2_1_164_cec9a1' was broken. Propose an alternative one: '//textarea'.

2022-01-17 16:12:10 - [MESSAGE][PASSED] - Text 'I 'm Thanh' is set on object 'Object Repository/Texting/Page_Nh ca ti/textarea_Use enter to send_yui_3_17_2_1_164_cec9a1'

2022-01-17 16:12:10 - [TEST_STEP][PASSED] - click(findTestObject("Object Repository/Texting/Page_Nh ca ti/i__icon fa fa-paper-plane fa-fw")): Object: 'Object Repository/Texting/Page_Nh ca ti/i__icon fa fa-paper-plane fa-fw' is clicked on

2022-01-17 16:12:16 - [MESSAGE][INFO] - Unable to find the element located by 'By.xpath: //div[@id='yui_3_17_2_1_1641382762786_208']/div/button[2]/span/i'. Please recheck the objects properties to make sure the desired element is located. 

2022-01-17 16:12:16 - [MESSAGE][WARNING] - [SELF-HEALING] Failed to find element with id 'Object Repository/Texting/Page_Nh ca ti/i__icon fa fa-paper-plane fa-fw'. Try using Self-healing.

2022-01-17 16:12:17 - [MESSAGE][WARNING] - [SELF-HEALING] The current locator of test object 'Object Repository/Texting/Page_Nh ca ti/i__icon fa fa-paper-plane fa-fw' was broken. Propose an alternative one: '//button[2]/span/i'.

2022-01-17 16:12:17 - [MESSAGE][PASSED] - Object: 'Object Repository/Texting/Page_Nh ca ti/i__icon fa fa-paper-plane fa-fw' is clicked on

2022-01-17 16:12:17 - [TEST_STEP][PASSED] - click(findTestObject("Object Repository/Texting/Page_Nh ca ti/a_Tin Thnh Nguyn ng")): Object: 'Object Repository/Texting/Page_Nh ca ti/a_Tin Thnh Nguyn ng' is clicked on

2022-01-17 16:12:20 - [MESSAGE][PASSED] - Object: 'Object Repository/Texting/Page_Nh ca ti/a_Tin Thnh Nguyn ng' is clicked on

2022-01-17 16:12:20 - [TEST_STEP][PASSED] - click(findTestObject("Object Repository/Texting/Page_Nh ca ti/a_Thot")): Object: 'Object Repository/Texting/Page_Nh ca ti/a_Thot' is clicked on

2022-01-17 16:12:21 - [MESSAGE][PASSED] - Object: 'Object Repository/Texting/Page_Nh ca ti/a_Thot' is clicked on

2022-01-17 16:12:21 - [TEST_STEP][PASSED] - click(findTestObject("Object Repository/Texting/Page_Local Moodle/a_Log in")): Object: 'Object Repository/Texting/Page_Local Moodle/a_Log in' is clicked on

2022-01-17 16:12:22 - [MESSAGE][PASSED] - Object: 'Object Repository/Texting/Page_Local Moodle/a_Log in' is clicked on

2022-01-17 16:12:22 - [TEST_STEP][PASSED] - setText(findTestObject("Object Repository/Texting/Page_Local Moodle Log in to the site/input_Username_username"), "hs01"): Text 'hs01' is set on object 'Object Repository/Texting/Page_Local Moodle Log in to the site/input_Username_username'

2022-01-17 16:12:23 - [MESSAGE][PASSED] - Text 'hs01' is set on object 'Object Repository/Texting/Page_Local Moodle Log in to the site/input_Username_username'

2022-01-17 16:12:23 - [TEST_STEP][PASSED] - setEncryptedText(findTestObject("Object Repository/Texting/Page_Local Moodle Log in to the site/input_Password_password"), "o5TCnEIIWq2SeGQhIMNXLQ=="): Text ****** has been set on object 'Object Repository/Texting/Page_Local Moodle Log in to the site/input_Password_password'

2022-01-17 16:12:23 - [MESSAGE][PASSED] - Text ****** has been set on object 'Object Repository/Texting/Page_Local Moodle Log in to the site/input_Password_password'

2022-01-17 16:12:23 - [TEST_STEP][PASSED] - click(findTestObject("Object Repository/Texting/Page_Local Moodle Log in to the site/button_Log in")): Object: 'Object Repository/Texting/Page_Local Moodle Log in to the site/button_Log in' is clicked on

2022-01-17 16:12:25 - [MESSAGE][PASSED] - Object: 'Object Repository/Texting/Page_Local Moodle Log in to the site/button_Log in' is clicked on

2022-01-17 16:12:25 - [TEST_STEP][PASSED] - click(findTestObject("Object Repository/Texting/Page_Nh ca ti/i_See all_icon fa fa-comment fa-fw")): Object: 'Object Repository/Texting/Page_Nh ca ti/i_See all_icon fa fa-comment fa-fw' is clicked on

2022-01-17 16:12:32 - [MESSAGE][INFO] - Unable to find the element located by 'By.xpath: //a[@id='message-drawer-toggle-61d5836ab0e7961d5836a98d4612']/i'. Please recheck the objects properties to make sure the desired element is located. 

2022-01-17 16:12:32 - [MESSAGE][WARNING] - [SELF-HEALING] Failed to find element with id 'Object Repository/Texting/Page_Nh ca ti/i_See all_icon fa fa-comment fa-fw'. Try using Self-healing.

2022-01-17 16:12:32 - [MESSAGE][WARNING] - [SELF-HEALING] The current locator of test object 'Object Repository/Texting/Page_Nh ca ti/i_See all_icon fa fa-comment fa-fw' was broken. Propose an alternative one: '//div[2]/a/i'.

2022-01-17 16:12:32 - [MESSAGE][PASSED] - Object: 'Object Repository/Texting/Page_Nh ca ti/i_See all_icon fa fa-comment fa-fw' is clicked on

2022-01-17 16:12:32 - [TEST_STEP][PASSED] - setText(findTestObject("Object Repository/Texting/Page_Nh ca ti/input_Messages selected_form-control"), "Lê"): Text 'Lê' is set on object 'Object Repository/Texting/Page_Nh ca ti/input_Messages selected_form-control'

2022-01-17 16:12:33 - [MESSAGE][PASSED] - Text 'Lê' is set on object 'Object Repository/Texting/Page_Nh ca ti/input_Messages selected_form-control'

2022-01-17 16:12:33 - [TEST_STEP][PASSED] - click(findTestObject("Object Repository/Texting/Page_Nh ca ti/i_Messages selected_icon fa fa-search fa-fw_1_2")): Object: 'Object Repository/Texting/Page_Nh ca ti/i_Messages selected_icon fa fa-search fa-fw_1_2' is clicked on

2022-01-17 16:12:40 - [MESSAGE][INFO] - Unable to find the element located by 'By.xpath: //div[@id='yui_3_17_2_1_1641380882152_209']/div[4]/div/div/div/button/span/i'. Please recheck the objects properties to make sure the desired element is located. 

2022-01-17 16:12:40 - [MESSAGE][WARNING] - [SELF-HEALING] Failed to find element with id 'Object Repository/Texting/Page_Nh ca ti/i_Messages selected_icon fa fa-search fa-fw_1_2'. Try using Self-healing.

2022-01-17 16:12:40 - [MESSAGE][WARNING] - [SELF-HEALING] The current locator of test object 'Object Repository/Texting/Page_Nh ca ti/i_Messages selected_icon fa fa-search fa-fw_1_2' was broken. Propose an alternative one: '//button/span/i'.

2022-01-17 16:12:40 - [MESSAGE][PASSED] - Object: 'Object Repository/Texting/Page_Nh ca ti/i_Messages selected_icon fa fa-search fa-fw_1_2' is clicked on

2022-01-17 16:12:40 - [TEST_STEP][FAILED] - click(findTestObject("Object Repository/Texting/Page_Nh ca ti/h6_Cng Bnh L")): Unable to click on object 'Object Repository/Texting/Page_Nh ca ti/h6_Cng Bnh L' (Root cause: com.kms.katalon.core.exception.StepFailedException: Unable to click on object 'Object Repository/Texting/Page_Nh ca ti/h6_Cng Bnh L'
	at com.kms.katalon.core.webui.keyword.internal.WebUIKeywordMain.stepFailed(WebUIKeywordMain.groovy:64)
	at com.kms.katalon.core.webui.keyword.internal.WebUIKeywordMain.runKeyword(WebUIKeywordMain.groovy:26)
	at com.kms.katalon.core.webui.keyword.builtin.ClickKeyword.click(ClickKeyword.groovy:74)
	at com.kms.katalon.core.webui.keyword.builtin.ClickKeyword.execute(ClickKeyword.groovy:40)
	at com.kms.katalon.core.keyword.internal.KeywordExecutor.executeKeywordForPlatform(KeywordExecutor.groovy:74)
	at com.kms.katalon.core.webui.keyword.WebUiBuiltInKeywords.click(WebUiBuiltInKeywords.groovy:620)
	at com.kms.katalon.core.webui.keyword.WebUiBuiltInKeywords$click$1.call(Unknown Source)
	at Receive text message from multiple users.run(Receive text message from multiple users:71)
	at com.kms.katalon.core.main.ScriptEngine.run(ScriptEngine.java:194)
	at com.kms.katalon.core.main.ScriptEngine.runScriptAsRawText(ScriptEngine.java:119)
	at com.kms.katalon.core.main.TestCaseExecutor.runScript(TestCaseExecutor.java:442)
	at com.kms.katalon.core.main.TestCaseExecutor.doExecute(TestCaseExecutor.java:433)
	at com.kms.katalon.core.main.TestCaseExecutor.processExecutionPhase(TestCaseExecutor.java:412)
	at com.kms.katalon.core.main.TestCaseExecutor.accessMainPhase(TestCaseExecutor.java:404)
	at com.kms.katalon.core.main.TestCaseExecutor.execute(TestCaseExecutor.java:281)
	at com.kms.katalon.core.main.TestCaseExecutor.execute(TestCaseExecutor.java:363)
	at com.kms.katalon.core.main.TestCaseExecutor.execute(TestCaseExecutor.java:363)
	at com.kms.katalon.core.main.TestCaseExecutor.execute(TestCaseExecutor.java:363)
	at com.kms.katalon.core.main.TestSuiteExecutor.accessTestCaseMainPhase(TestSuiteExecutor.java:202)
	at com.kms.katalon.core.main.TestSuiteExecutor.accessTestSuiteMainPhase(TestSuiteExecutor.java:164)
	at com.kms.katalon.core.main.TestSuiteExecutor.execute(TestSuiteExecutor.java:105)
	at com.kms.katalon.core.main.TestCaseMain.startTestSuite(TestCaseMain.java:181)
	at com.kms.katalon.core.main.TestCaseMain$startTestSuite$0.call(Unknown Source)
	at TempTestSuite1642408138931.run(TempTestSuite1642408138931.groovy:36)
Caused by: com.kms.katalon.core.webui.exception.WebElementNotFoundException: Web element with id: 'Object Repository/Texting/Page_Nh ca ti/h6_Cng Bnh L' located by '//div[@id='yui_3_17_2_1_1641380790278_197']/div[6]/div/div/div/div[2]/div/a/h6' not found
	at com.kms.katalon.core.webui.common.WebUiCommonHelper.findWebElement(WebUiCommonHelper.java:1368)
	at com.kms.katalon.core.webui.keyword.internal.WebUIAbstractKeyword.findWebElement(WebUIAbstractKeyword.groovy:27)
	at com.kms.katalon.core.webui.keyword.builtin.ClickKeyword$_click_closure1.doCall(ClickKeyword.groovy:65)
	at com.kms.katalon.core.webui.keyword.builtin.ClickKeyword$_click_closure1.call(ClickKeyword.groovy)
	at com.kms.katalon.core.webui.keyword.internal.WebUIKeywordMain.runKeyword(WebUIKeywordMain.groovy:20)
	at com.kms.katalon.core.webui.keyword.builtin.ClickKeyword.click(ClickKeyword.groovy:74)
	at com.kms.katalon.core.webui.keyword.builtin.ClickKeyword.execute(ClickKeyword.groovy:40)
	at com.kms.katalon.core.keyword.internal.KeywordExecutor.executeKeywordForPlatform(KeywordExecutor.groovy:74)
	at com.kms.katalon.core.webui.keyword.WebUiBuiltInKeywords.click(WebUiBuiltInKeywords.groovy:620)
	at com.kms.katalon.core.webui.keyword.WebUiBuiltInKeywords$click$1.call(Unknown Source)
	at Script1641380393371.run(Script1641380393371.groovy:71)
	... 16 more
)

2022-01-17 16:12:46 - [MESSAGE][INFO] - Unable to find the element located by 'By.xpath: //div[@id='yui_3_17_2_1_1641380790278_197']/div[6]/div/div/div/div[2]/div/a/h6'. Please recheck the objects properties to make sure the desired element is located. 

2022-01-17 16:12:46 - [MESSAGE][WARNING] - [SELF-HEALING] Failed to find element with id 'Object Repository/Texting/Page_Nh ca ti/h6_Cng Bnh L'. Try using Self-healing.

2022-01-17 16:12:48 - [MESSAGE][INFO] - Unable to find the element located by 'By.xpath: (.//*[normalize-space(text()) and normalize-space(.)='Non-contacts'])[1]/following::h6[1]'. Please recheck the objects properties to make sure the desired element is located. 

2022-01-17 16:12:48 - [MESSAGE][INFO] - [SELF-HEALING] Failed Locator: '//div[@id='yui_3_17_2_1_1641380790278_197']/div[6]/div/div/div/div[2]/div/a/h6'.

2022-01-17 16:12:48 - [MESSAGE][INFO] - [SELF-HEALING] Failed Locator: '(.//*[normalize-space(text()) and normalize-space(.)='Non-contacts'])[1]/following::h6[1]'.

2022-01-17 16:12:49 - [MESSAGE][INFO] - [SELF-HEALING] Failed Locator: '(.//*[normalize-space(text()) and normalize-space(.)='Liên lạc'])[3]/following::h6[1]'.

2022-01-17 16:12:49 - [MESSAGE][INFO] - [SELF-HEALING] Working Locator: '(.//*[normalize-space(text()) and normalize-space(.)='Load more'])[1]/preceding::h6[1]'.

2022-01-17 16:12:49 - [MESSAGE][ERROR] - [SELF-HEALING] Cannot save screenshot to: D:\Cong-Binh Le\xampp\htdocs\moodle\Test Automation - SE Bonus\Reports\Self-healing, reason: unknown error: unhandled inspector error: {"code":-32000,"message":"Cannot take screenshot with 0 width."}
  (Session info: chrome=97.0.4692.71)
Build info: version: '3.141.59', revision: 'e82be7d358', time: '2018-11-14T08:25:53'
System info: host: 'DESKTOP-G2F0VIE', ip: '192.168.1.9', os.name: 'Windows 10', os.arch: 'amd64', os.version: '10.0', java.version: '1.8.0_282'
Driver info: com.kms.katalon.selenium.driver.CChromeDriver
Capabilities {acceptInsecureCerts: false, browserName: chrome, browserVersion: 97.0.4692.71, chrome: {chromedriverVersion: 97.0.4692.71 (adefa7837d02a..., userDataDir: C:\Users\banh\AppData\Local...}, goog:chromeOptions: {debuggerAddress: localhost:59975}, javascriptEnabled: true, networkConnectionEnabled: false, pageLoadStrategy: normal, platform: WINDOWS, platformName: WINDOWS, proxy: Proxy(), setWindowRect: true, strictFileInteractability: false, timeouts: {implicit: 0, pageLoad: 300000, script: 30000}, unhandledPromptBehavior: dismiss and notify, webauthn:extension:credBlob: true, webauthn:extension:largeBlob: true, webauthn:virtualAuthenticators: true}
Session ID: 025f2c2a6f5fb09c766ec457a1f65ab6.

2022-01-17 16:12:49 - [MESSAGE][ERROR] - [SELF-HEALING] Cannot save screenshot to: D:\Cong-Binh Le\xampp\htdocs\moodle\Test Automation - SE Bonus\Reports\Self-healing, reason: unknown error: unhandled inspector error: {"code":-32000,"message":"Cannot take screenshot with 0 width."}
  (Session info: chrome=97.0.4692.71)
Build info: version: '3.141.59', revision: 'e82be7d358', time: '2018-11-14T08:25:53'
System info: host: 'DESKTOP-G2F0VIE', ip: '192.168.1.9', os.name: 'Windows 10', os.arch: 'amd64', os.version: '10.0', java.version: '1.8.0_282'
Driver info: com.kms.katalon.selenium.driver.CChromeDriver
Capabilities {acceptInsecureCerts: false, browserName: chrome, browserVersion: 97.0.4692.71, chrome: {chromedriverVersion: 97.0.4692.71 (adefa7837d02a..., userDataDir: C:\Users\banh\AppData\Local...}, goog:chromeOptions: {debuggerAddress: localhost:59975}, javascriptEnabled: true, networkConnectionEnabled: false, pageLoadStrategy: normal, platform: WINDOWS, platformName: WINDOWS, proxy: Proxy(), setWindowRect: true, strictFileInteractability: false, timeouts: {implicit: 0, pageLoad: 300000, script: 30000}, unhandledPromptBehavior: dismiss and notify, webauthn:extension:credBlob: true, webauthn:extension:largeBlob: true, webauthn:virtualAuthenticators: true}
Session ID: 025f2c2a6f5fb09c766ec457a1f65ab6.

2022-01-17 16:12:49 - [MESSAGE][WARNING] - [SELF-HEALING] 'other' is different type of Path

2022-01-17 16:12:50 - [MESSAGE][INFO] - Unable to find the element located by 'By.xpath: //*[(text() = 'Công Bình Lê' or . = 'Công Bình Lê')]'. Please recheck the objects properties to make sure the desired element is located. 

2022-01-17 16:12:52 - [MESSAGE][INFO] - Unable to find the element located by 'By.cssSelector: h6.ml-2.font-weight-bold'. Please recheck the objects properties to make sure the desired element is located. 

2022-01-17 16:12:52 - [MESSAGE][FAILED] - Unable to click on object 'Object Repository/Texting/Page_Nh ca ti/h6_Cng Bnh L' (Root cause: com.kms.katalon.core.exception.StepFailedException: Unable to click on object 'Object Repository/Texting/Page_Nh ca ti/h6_Cng Bnh L'
	at com.kms.katalon.core.webui.keyword.internal.WebUIKeywordMain.stepFailed(WebUIKeywordMain.groovy:64)
	at com.kms.katalon.core.webui.keyword.internal.WebUIKeywordMain.runKeyword(WebUIKeywordMain.groovy:26)
	at com.kms.katalon.core.webui.keyword.builtin.ClickKeyword.click(ClickKeyword.groovy:74)
	at com.kms.katalon.core.webui.keyword.builtin.ClickKeyword.execute(ClickKeyword.groovy:40)
	at com.kms.katalon.core.keyword.internal.KeywordExecutor.executeKeywordForPlatform(KeywordExecutor.groovy:74)
	at com.kms.katalon.core.webui.keyword.WebUiBuiltInKeywords.click(WebUiBuiltInKeywords.groovy:620)
	at com.kms.katalon.core.webui.keyword.WebUiBuiltInKeywords$click$1.call(Unknown Source)
	at Receive text message from multiple users.run(Receive text message from multiple users:71)
	at com.kms.katalon.core.main.ScriptEngine.run(ScriptEngine.java:194)
	at com.kms.katalon.core.main.ScriptEngine.runScriptAsRawText(ScriptEngine.java:119)
	at com.kms.katalon.core.main.TestCaseExecutor.runScript(TestCaseExecutor.java:442)
	at com.kms.katalon.core.main.TestCaseExecutor.doExecute(TestCaseExecutor.java:433)
	at com.kms.katalon.core.main.TestCaseExecutor.processExecutionPhase(TestCaseExecutor.java:412)
	at com.kms.katalon.core.main.TestCaseExecutor.accessMainPhase(TestCaseExecutor.java:404)
	at com.kms.katalon.core.main.TestCaseExecutor.execute(TestCaseExecutor.java:281)
	at com.kms.katalon.core.main.TestCaseExecutor.execute(TestCaseExecutor.java:363)
	at com.kms.katalon.core.main.TestCaseExecutor.execute(TestCaseExecutor.java:363)
	at com.kms.katalon.core.main.TestCaseExecutor.execute(TestCaseExecutor.java:363)
	at com.kms.katalon.core.main.TestSuiteExecutor.accessTestCaseMainPhase(TestSuiteExecutor.java:202)
	at com.kms.katalon.core.main.TestSuiteExecutor.accessTestSuiteMainPhase(TestSuiteExecutor.java:164)
	at com.kms.katalon.core.main.TestSuiteExecutor.execute(TestSuiteExecutor.java:105)
	at com.kms.katalon.core.main.TestCaseMain.startTestSuite(TestCaseMain.java:181)
	at com.kms.katalon.core.main.TestCaseMain$startTestSuite$0.call(Unknown Source)
	at TempTestSuite1642408138931.run(TempTestSuite1642408138931.groovy:36)
Caused by: com.kms.katalon.core.webui.exception.WebElementNotFoundException: Web element with id: 'Object Repository/Texting/Page_Nh ca ti/h6_Cng Bnh L' located by '//div[@id='yui_3_17_2_1_1641380790278_197']/div[6]/div/div/div/div[2]/div/a/h6' not found
	at com.kms.katalon.core.webui.common.WebUiCommonHelper.findWebElement(WebUiCommonHelper.java:1368)
	at com.kms.katalon.core.webui.keyword.internal.WebUIAbstractKeyword.findWebElement(WebUIAbstractKeyword.groovy:27)
	at com.kms.katalon.core.webui.keyword.builtin.ClickKeyword$_click_closure1.doCall(ClickKeyword.groovy:65)
	at com.kms.katalon.core.webui.keyword.builtin.ClickKeyword$_click_closure1.call(ClickKeyword.groovy)
	at com.kms.katalon.core.webui.keyword.internal.WebUIKeywordMain.runKeyword(WebUIKeywordMain.groovy:20)
	at com.kms.katalon.core.webui.keyword.builtin.ClickKeyword.click(ClickKeyword.groovy:74)
	at com.kms.katalon.core.webui.keyword.builtin.ClickKeyword.execute(ClickKeyword.groovy:40)
	at com.kms.katalon.core.keyword.internal.KeywordExecutor.executeKeywordForPlatform(KeywordExecutor.groovy:74)
	at com.kms.katalon.core.webui.keyword.WebUiBuiltInKeywords.click(WebUiBuiltInKeywords.groovy:620)
	at com.kms.katalon.core.webui.keyword.WebUiBuiltInKeywords$click$1.call(Unknown Source)
	at Script1641380393371.run(Script1641380393371.groovy:71)
	... 16 more
)
[[ATTACHMENT|D:\\Cong-Binh Le\\xampp\\htdocs\\moodle\\Test Automation - SE Bonus\\Reports\\20220117_152858\\Run All Test Cases\\20220117_152858\\1642410772027.png]]]]></system-out>
         <system-err><![CDATA[2022-01-17 16:11:15 - [TEST_CASE][FAILED] - Test Cases/Texting/Receive text message from multiple users: Test Cases/Texting/Receive text message from multiple users FAILED.
Reason:
com.kms.katalon.core.exception.StepFailedException: Unable to click on object 'Object Repository/Texting/Page_Nh ca ti/h6_Cng Bnh L'
	at com.kms.katalon.core.webui.keyword.internal.WebUIKeywordMain.stepFailed(WebUIKeywordMain.groovy:64)
	at com.kms.katalon.core.webui.keyword.internal.WebUIKeywordMain.runKeyword(WebUIKeywordMain.groovy:26)
	at com.kms.katalon.core.webui.keyword.builtin.ClickKeyword.click(ClickKeyword.groovy:74)
	at com.kms.katalon.core.webui.keyword.builtin.ClickKeyword.execute(ClickKeyword.groovy:40)
	at com.kms.katalon.core.keyword.internal.KeywordExecutor.executeKeywordForPlatform(KeywordExecutor.groovy:74)
	at com.kms.katalon.core.webui.keyword.WebUiBuiltInKeywords.click(WebUiBuiltInKeywords.groovy:620)
	at com.kms.katalon.core.webui.keyword.WebUiBuiltInKeywords$click$1.call(Unknown Source)
	at Receive text message from multiple users.run(Receive text message from multiple users:71)
	at com.kms.katalon.core.main.ScriptEngine.run(ScriptEngine.java:194)
	at com.kms.katalon.core.main.ScriptEngine.runScriptAsRawText(ScriptEngine.java:119)
	at com.kms.katalon.core.main.TestCaseExecutor.runScript(TestCaseExecutor.java:442)
	at com.kms.katalon.core.main.TestCaseExecutor.doExecute(TestCaseExecutor.java:433)
	at com.kms.katalon.core.main.TestCaseExecutor.processExecutionPhase(TestCaseExecutor.java:412)
	at com.kms.katalon.core.main.TestCaseExecutor.accessMainPhase(TestCaseExecutor.java:404)
	at com.kms.katalon.core.main.TestCaseExecutor.execute(TestCaseExecutor.java:281)
	at com.kms.katalon.core.main.TestCaseExecutor.execute(TestCaseExecutor.java:363)
	at com.kms.katalon.core.main.TestCaseExecutor.execute(TestCaseExecutor.java:363)
	at com.kms.katalon.core.main.TestCaseExecutor.execute(TestCaseExecutor.java:363)
	at com.kms.katalon.core.main.TestSuiteExecutor.accessTestCaseMainPhase(TestSuiteExecutor.java:202)
	at com.kms.katalon.core.main.TestSuiteExecutor.accessTestSuiteMainPhase(TestSuiteExecutor.java:164)
	at com.kms.katalon.core.main.TestSuiteExecutor.execute(TestSuiteExecutor.java:105)
	at com.kms.katalon.core.main.TestCaseMain.startTestSuite(TestCaseMain.java:181)
	at com.kms.katalon.core.main.TestCaseMain$startTestSuite$0.call(Unknown Source)
	at TempTestSuite1642408138931.run(TempTestSuite1642408138931.groovy:36)
Caused by: com.kms.katalon.core.webui.exception.WebElementNotFoundException: Web element with id: 'Object Repository/Texting/Page_Nh ca ti/h6_Cng Bnh L' located by '//div[@id='yui_3_17_2_1_1641380790278_197']/div[6]/div/div/div/div[2]/div/a/h6' not found
	at com.kms.katalon.core.webui.common.WebUiCommonHelper.findWebElement(WebUiCommonHelper.java:1368)
	at com.kms.katalon.core.webui.keyword.internal.WebUIAbstractKeyword.findWebElement(WebUIAbstractKeyword.groovy:27)
	at com.kms.katalon.core.webui.keyword.builtin.ClickKeyword$_click_closure1.doCall(ClickKeyword.groovy:65)
	at com.kms.katalon.core.webui.keyword.builtin.ClickKeyword$_click_closure1.call(ClickKeyword.groovy)
	at com.kms.katalon.core.webui.keyword.internal.WebUIKeywordMain.runKeyword(WebUIKeywordMain.groovy:20)
	... 22 more]]></system-err>
      </testcase>
      <testcase name="Test Cases/Texting/Student texts teacher" time="47.33" classname="Test Cases/Texting/Student texts teacher" status="FAILED">
         <failure type="FAILED" message="Test Cases/Texting/Student texts teacher FAILED.
Reason:
com.kms.katalon.core.exception.StepFailedException: Unable to click on object 'Object Repository/Texting/Page_Nh ca ti/h6_Cng Bnh L'
	at com.kms.katalon.core.webui.keyword.internal.WebUIKeywordMain.stepFailed(WebUIKeywordMain.groovy:64)
	at com.kms.katalon.core.webui.keyword.internal.WebUIKeywordMain.runKeyword(WebUIKeywordMain.groovy:26)
	at com.kms.katalon.core.webui.keyword.builtin.ClickKeyword.click(ClickKeyword.groovy:74)
	at com.kms.katalon.core.webui.keyword.builtin.ClickKeyword.execute(ClickKeyword.groovy:40)
	at com.kms.katalon.core.keyword.internal.KeywordExecutor.executeKeywordForPlatform(KeywordExecutor.groovy:74)
	at com.kms.katalon.core.webui.keyword.WebUiBuiltInKeywords.click(WebUiBuiltInKeywords.groovy:620)
	at com.kms.katalon.core.webui.keyword.WebUiBuiltInKeywords$click$1.call(Unknown Source)
	at Student texts teacher.run(Student texts teacher:44)
	at com.kms.katalon.core.main.ScriptEngine.run(ScriptEngine.java:194)
	at com.kms.katalon.core.main.ScriptEngine.runScriptAsRawText(ScriptEngine.java:119)
	at com.kms.katalon.core.main.TestCaseExecutor.runScript(TestCaseExecutor.java:442)
	at com.kms.katalon.core.main.TestCaseExecutor.doExecute(TestCaseExecutor.java:433)
	at com.kms.katalon.core.main.TestCaseExecutor.processExecutionPhase(TestCaseExecutor.java:412)
	at com.kms.katalon.core.main.TestCaseExecutor.accessMainPhase(TestCaseExecutor.java:404)
	at com.kms.katalon.core.main.TestCaseExecutor.execute(TestCaseExecutor.java:281)
	at com.kms.katalon.core.main.TestCaseExecutor.execute(TestCaseExecutor.java:363)
	at com.kms.katalon.core.main.TestCaseExecutor.execute(TestCaseExecutor.java:363)
	at com.kms.katalon.core.main.TestCaseExecutor.execute(TestCaseExecutor.java:363)
	at com.kms.katalon.core.main.TestSuiteExecutor.accessTestCaseMainPhase(TestSuiteExecutor.java:202)
	at com.kms.katalon.core.main.TestSuiteExecutor.accessTestSuiteMainPhase(TestSuiteExecutor.java:164)
	at com.kms.katalon.core.main.TestSuiteExecutor.execute(TestSuiteExecutor.java:105)
	at com.kms.katalon.core.main.TestCaseMain.startTestSuite(TestCaseMain.java:181)
	at com.kms.katalon.core.main.TestCaseMain$startTestSuite$0.call(Unknown Source)
	at TempTestSuite1642408138931.run(TempTestSuite1642408138931.groovy:36)
Caused by: com.kms.katalon.core.webui.exception.WebElementNotFoundException: Web element with id: 'Object Repository/Texting/Page_Nh ca ti/h6_Cng Bnh L' located by '//div[@id='yui_3_17_2_1_1641380790278_197']/div[6]/div/div/div/div[2]/div/a/h6' not found
	at com.kms.katalon.core.webui.common.WebUiCommonHelper.findWebElement(WebUiCommonHelper.java:1368)
	at com.kms.katalon.core.webui.keyword.internal.WebUIAbstractKeyword.findWebElement(WebUIAbstractKeyword.groovy:27)
	at com.kms.katalon.core.webui.keyword.builtin.ClickKeyword$_click_closure1.doCall(ClickKeyword.groovy:65)
	at com.kms.katalon.core.webui.keyword.builtin.ClickKeyword$_click_closure1.call(ClickKeyword.groovy)
	at com.kms.katalon.core.webui.keyword.internal.WebUIKeywordMain.runKeyword(WebUIKeywordMain.groovy:20)
	... 22 more
"/>
         <system-out><![CDATA[2022-01-17 16:15:14 - [TEST_CASE][FAILED] - Test Cases/Texting/Student texts teacher: Test Cases/Texting/Student texts teacher FAILED.
Reason:
com.kms.katalon.core.exception.StepFailedException: Unable to click on object 'Object Repository/Texting/Page_Nh ca ti/h6_Cng Bnh L'
	at com.kms.katalon.core.webui.keyword.internal.WebUIKeywordMain.stepFailed(WebUIKeywordMain.groovy:64)
	at com.kms.katalon.core.webui.keyword.internal.WebUIKeywordMain.runKeyword(WebUIKeywordMain.groovy:26)
	at com.kms.katalon.core.webui.keyword.builtin.ClickKeyword.click(ClickKeyword.groovy:74)
	at com.kms.katalon.core.webui.keyword.builtin.ClickKeyword.execute(ClickKeyword.groovy:40)
	at com.kms.katalon.core.keyword.internal.KeywordExecutor.executeKeywordForPlatform(KeywordExecutor.groovy:74)
	at com.kms.katalon.core.webui.keyword.WebUiBuiltInKeywords.click(WebUiBuiltInKeywords.groovy:620)
	at com.kms.katalon.core.webui.keyword.WebUiBuiltInKeywords$click$1.call(Unknown Source)
	at Student texts teacher.run(Student texts teacher:44)
	at com.kms.katalon.core.main.ScriptEngine.run(ScriptEngine.java:194)
	at com.kms.katalon.core.main.ScriptEngine.runScriptAsRawText(ScriptEngine.java:119)
	at com.kms.katalon.core.main.TestCaseExecutor.runScript(TestCaseExecutor.java:442)
	at com.kms.katalon.core.main.TestCaseExecutor.doExecute(TestCaseExecutor.java:433)
	at com.kms.katalon.core.main.TestCaseExecutor.processExecutionPhase(TestCaseExecutor.java:412)
	at com.kms.katalon.core.main.TestCaseExecutor.accessMainPhase(TestCaseExecutor.java:404)
	at com.kms.katalon.core.main.TestCaseExecutor.execute(TestCaseExecutor.java:281)
	at com.kms.katalon.core.main.TestCaseExecutor.execute(TestCaseExecutor.java:363)
	at com.kms.katalon.core.main.TestCaseExecutor.execute(TestCaseExecutor.java:363)
	at com.kms.katalon.core.main.TestCaseExecutor.execute(TestCaseExecutor.java:363)
	at com.kms.katalon.core.main.TestSuiteExecutor.accessTestCaseMainPhase(TestSuiteExecutor.java:202)
	at com.kms.katalon.core.main.TestSuiteExecutor.accessTestSuiteMainPhase(TestSuiteExecutor.java:164)
	at com.kms.katalon.core.main.TestSuiteExecutor.execute(TestSuiteExecutor.java:105)
	at com.kms.katalon.core.main.TestCaseMain.startTestSuite(TestCaseMain.java:181)
	at com.kms.katalon.core.main.TestCaseMain$startTestSuite$0.call(Unknown Source)
	at TempTestSuite1642408138931.run(TempTestSuite1642408138931.groovy:36)
Caused by: com.kms.katalon.core.webui.exception.WebElementNotFoundException: Web element with id: 'Object Repository/Texting/Page_Nh ca ti/h6_Cng Bnh L' located by '//div[@id='yui_3_17_2_1_1641380790278_197']/div[6]/div/div/div/div[2]/div/a/h6' not found
	at com.kms.katalon.core.webui.common.WebUiCommonHelper.findWebElement(WebUiCommonHelper.java:1368)
	at com.kms.katalon.core.webui.keyword.internal.WebUIAbstractKeyword.findWebElement(WebUIAbstractKeyword.groovy:27)
	at com.kms.katalon.core.webui.keyword.builtin.ClickKeyword$_click_closure1.doCall(ClickKeyword.groovy:65)
	at com.kms.katalon.core.webui.keyword.builtin.ClickKeyword$_click_closure1.call(ClickKeyword.groovy)
	at com.kms.katalon.core.webui.keyword.internal.WebUIKeywordMain.runKeyword(WebUIKeywordMain.groovy:20)
	... 22 more


2022-01-17 16:15:14 - [TEST_STEP][PASSED] - openBrowser(""): Browser is opened with url: ''

2022-01-17 16:15:14 - [MESSAGE][WARNING] - A browser is already opened. Closing browser and opening a new one

2022-01-17 16:15:15 - [MESSAGE][INFO] - Starting 'Chrome' driver

2022-01-17 16:15:15 - [MESSAGE][INFO] - Action delay is set to 0 milliseconds

2022-01-17 16:15:16 - [MESSAGE][PASSED] - Browser is opened with url: ''

2022-01-17 16:15:16 - [TEST_STEP][PASSED] - navigateToUrl("http://localhost/"): Navigate to 'http://localhost/' successfully

2022-01-17 16:15:17 - [MESSAGE][PASSED] - Navigate to 'http://localhost/' successfully

2022-01-17 16:15:17 - [TEST_STEP][PASSED] - click(findTestObject("Object Repository/Texting/Page_Local Moodle/a_Log in")): Object: 'Object Repository/Texting/Page_Local Moodle/a_Log in' is clicked on

2022-01-17 16:15:17 - [MESSAGE][PASSED] - Object: 'Object Repository/Texting/Page_Local Moodle/a_Log in' is clicked on

2022-01-17 16:15:17 - [TEST_STEP][PASSED] - setText(findTestObject("Object Repository/Texting/Page_Local Moodle Log in to the site/input_Username_username"), "hs01"): Text 'hs01' is set on object 'Object Repository/Texting/Page_Local Moodle Log in to the site/input_Username_username'

2022-01-17 16:15:18 - [MESSAGE][PASSED] - Text 'hs01' is set on object 'Object Repository/Texting/Page_Local Moodle Log in to the site/input_Username_username'

2022-01-17 16:15:18 - [TEST_STEP][PASSED] - setEncryptedText(findTestObject("Object Repository/Texting/Page_Local Moodle Log in to the site/input_Password_password"), "o5TCnEIIWq2SeGQhIMNXLQ=="): Text ****** has been set on object 'Object Repository/Texting/Page_Local Moodle Log in to the site/input_Password_password'

2022-01-17 16:15:19 - [MESSAGE][PASSED] - Text ****** has been set on object 'Object Repository/Texting/Page_Local Moodle Log in to the site/input_Password_password'

2022-01-17 16:15:19 - [TEST_STEP][PASSED] - click(findTestObject("Object Repository/Texting/Page_Local Moodle Log in to the site/button_Log in")): Object: 'Object Repository/Texting/Page_Local Moodle Log in to the site/button_Log in' is clicked on

2022-01-17 16:15:21 - [MESSAGE][PASSED] - Object: 'Object Repository/Texting/Page_Local Moodle Log in to the site/button_Log in' is clicked on

2022-01-17 16:15:21 - [TEST_STEP][PASSED] - verifyElementClickable(findTestObject("Object Repository/Texting/Page_Nh ca ti/i_See all_icon fa fa-comment fa-fw")): Object 'Object Repository/Texting/Page_Nh ca ti/i_See all_icon fa fa-comment fa-fw' is clickable

2022-01-17 16:15:28 - [MESSAGE][INFO] - Unable to find the element located by 'By.xpath: //a[@id='message-drawer-toggle-61d5836ab0e7961d5836a98d4612']/i'. Please recheck the objects properties to make sure the desired element is located. 

2022-01-17 16:15:28 - [MESSAGE][WARNING] - [SELF-HEALING] Failed to find element with id 'Object Repository/Texting/Page_Nh ca ti/i_See all_icon fa fa-comment fa-fw'. Try using Self-healing.

2022-01-17 16:15:28 - [MESSAGE][WARNING] - [SELF-HEALING] The current locator of test object 'Object Repository/Texting/Page_Nh ca ti/i_See all_icon fa fa-comment fa-fw' was broken. Propose an alternative one: '//div[2]/a/i'.

2022-01-17 16:15:28 - [MESSAGE][PASSED] - Object 'Object Repository/Texting/Page_Nh ca ti/i_See all_icon fa fa-comment fa-fw' is clickable

2022-01-17 16:15:28 - [TEST_STEP][PASSED] - click(findTestObject("Object Repository/Texting/Page_Nh ca ti/i_See all_icon fa fa-comment fa-fw")): Object: 'Object Repository/Texting/Page_Nh ca ti/i_See all_icon fa fa-comment fa-fw' is clicked on

2022-01-17 16:15:34 - [MESSAGE][INFO] - Unable to find the element located by 'By.xpath: //a[@id='message-drawer-toggle-61d5836ab0e7961d5836a98d4612']/i'. Please recheck the objects properties to make sure the desired element is located. 

2022-01-17 16:15:34 - [MESSAGE][WARNING] - [SELF-HEALING] Failed to find element with id 'Object Repository/Texting/Page_Nh ca ti/i_See all_icon fa fa-comment fa-fw'. Try using Self-healing.

2022-01-17 16:15:35 - [MESSAGE][WARNING] - [SELF-HEALING] The current locator of test object 'Object Repository/Texting/Page_Nh ca ti/i_See all_icon fa fa-comment fa-fw' was broken. Propose an alternative one: '//div[2]/a/i'.

2022-01-17 16:15:35 - [MESSAGE][PASSED] - Object: 'Object Repository/Texting/Page_Nh ca ti/i_See all_icon fa fa-comment fa-fw' is clicked on

2022-01-17 16:15:35 - [TEST_STEP][PASSED] - setText(findTestObject("Object Repository/Texting/Page_Nh ca ti/input_Messages selected_form-control"), "Lê"): Text 'Lê' is set on object 'Object Repository/Texting/Page_Nh ca ti/input_Messages selected_form-control'

2022-01-17 16:15:36 - [MESSAGE][PASSED] - Text 'Lê' is set on object 'Object Repository/Texting/Page_Nh ca ti/input_Messages selected_form-control'

2022-01-17 16:15:36 - [TEST_STEP][PASSED] - verifyElementClickable(findTestObject("Object Repository/Texting/Page_Nh ca ti/i_Messages selected_icon fa fa-search fa-fw")): Object 'Object Repository/Texting/Page_Nh ca ti/i_Messages selected_icon fa fa-search fa-fw' is clickable

2022-01-17 16:15:42 - [MESSAGE][INFO] - Unable to find the element located by 'By.xpath: //div[@id='yui_3_17_2_1_1641380622208_201']/div[4]/div/div/div/button/span/i'. Please recheck the objects properties to make sure the desired element is located. 

2022-01-17 16:15:42 - [MESSAGE][WARNING] - [SELF-HEALING] Failed to find element with id 'Object Repository/Texting/Page_Nh ca ti/i_Messages selected_icon fa fa-search fa-fw'. Try using Self-healing.

2022-01-17 16:15:43 - [MESSAGE][WARNING] - [SELF-HEALING] The current locator of test object 'Object Repository/Texting/Page_Nh ca ti/i_Messages selected_icon fa fa-search fa-fw' was broken. Propose an alternative one: '//button/span/i'.

2022-01-17 16:15:43 - [MESSAGE][PASSED] - Object 'Object Repository/Texting/Page_Nh ca ti/i_Messages selected_icon fa fa-search fa-fw' is clickable

2022-01-17 16:15:43 - [TEST_STEP][PASSED] - click(findTestObject("Object Repository/Texting/Page_Nh ca ti/i_Messages selected_icon fa fa-search fa-fw")): Object: 'Object Repository/Texting/Page_Nh ca ti/i_Messages selected_icon fa fa-search fa-fw' is clicked on

2022-01-17 16:15:49 - [MESSAGE][INFO] - Unable to find the element located by 'By.xpath: //div[@id='yui_3_17_2_1_1641380622208_201']/div[4]/div/div/div/button/span/i'. Please recheck the objects properties to make sure the desired element is located. 

2022-01-17 16:15:49 - [MESSAGE][WARNING] - [SELF-HEALING] Failed to find element with id 'Object Repository/Texting/Page_Nh ca ti/i_Messages selected_icon fa fa-search fa-fw'. Try using Self-healing.

2022-01-17 16:15:49 - [MESSAGE][WARNING] - [SELF-HEALING] The current locator of test object 'Object Repository/Texting/Page_Nh ca ti/i_Messages selected_icon fa fa-search fa-fw' was broken. Propose an alternative one: '//button/span/i'.

2022-01-17 16:15:49 - [MESSAGE][PASSED] - Object: 'Object Repository/Texting/Page_Nh ca ti/i_Messages selected_icon fa fa-search fa-fw' is clicked on

2022-01-17 16:15:49 - [TEST_STEP][FAILED] - click(findTestObject("Object Repository/Texting/Page_Nh ca ti/h6_Cng Bnh L")): Unable to click on object 'Object Repository/Texting/Page_Nh ca ti/h6_Cng Bnh L' (Root cause: com.kms.katalon.core.exception.StepFailedException: Unable to click on object 'Object Repository/Texting/Page_Nh ca ti/h6_Cng Bnh L'
	at com.kms.katalon.core.webui.keyword.internal.WebUIKeywordMain.stepFailed(WebUIKeywordMain.groovy:64)
	at com.kms.katalon.core.webui.keyword.internal.WebUIKeywordMain.runKeyword(WebUIKeywordMain.groovy:26)
	at com.kms.katalon.core.webui.keyword.builtin.ClickKeyword.click(ClickKeyword.groovy:74)
	at com.kms.katalon.core.webui.keyword.builtin.ClickKeyword.execute(ClickKeyword.groovy:40)
	at com.kms.katalon.core.keyword.internal.KeywordExecutor.executeKeywordForPlatform(KeywordExecutor.groovy:74)
	at com.kms.katalon.core.webui.keyword.WebUiBuiltInKeywords.click(WebUiBuiltInKeywords.groovy:620)
	at com.kms.katalon.core.webui.keyword.WebUiBuiltInKeywords$click$1.call(Unknown Source)
	at Student texts teacher.run(Student texts teacher:44)
	at com.kms.katalon.core.main.ScriptEngine.run(ScriptEngine.java:194)
	at com.kms.katalon.core.main.ScriptEngine.runScriptAsRawText(ScriptEngine.java:119)
	at com.kms.katalon.core.main.TestCaseExecutor.runScript(TestCaseExecutor.java:442)
	at com.kms.katalon.core.main.TestCaseExecutor.doExecute(TestCaseExecutor.java:433)
	at com.kms.katalon.core.main.TestCaseExecutor.processExecutionPhase(TestCaseExecutor.java:412)
	at com.kms.katalon.core.main.TestCaseExecutor.accessMainPhase(TestCaseExecutor.java:404)
	at com.kms.katalon.core.main.TestCaseExecutor.execute(TestCaseExecutor.java:281)
	at com.kms.katalon.core.main.TestCaseExecutor.execute(TestCaseExecutor.java:363)
	at com.kms.katalon.core.main.TestCaseExecutor.execute(TestCaseExecutor.java:363)
	at com.kms.katalon.core.main.TestCaseExecutor.execute(TestCaseExecutor.java:363)
	at com.kms.katalon.core.main.TestSuiteExecutor.accessTestCaseMainPhase(TestSuiteExecutor.java:202)
	at com.kms.katalon.core.main.TestSuiteExecutor.accessTestSuiteMainPhase(TestSuiteExecutor.java:164)
	at com.kms.katalon.core.main.TestSuiteExecutor.execute(TestSuiteExecutor.java:105)
	at com.kms.katalon.core.main.TestCaseMain.startTestSuite(TestCaseMain.java:181)
	at com.kms.katalon.core.main.TestCaseMain$startTestSuite$0.call(Unknown Source)
	at TempTestSuite1642408138931.run(TempTestSuite1642408138931.groovy:36)
Caused by: com.kms.katalon.core.webui.exception.WebElementNotFoundException: Web element with id: 'Object Repository/Texting/Page_Nh ca ti/h6_Cng Bnh L' located by '//div[@id='yui_3_17_2_1_1641380790278_197']/div[6]/div/div/div/div[2]/div/a/h6' not found
	at com.kms.katalon.core.webui.common.WebUiCommonHelper.findWebElement(WebUiCommonHelper.java:1368)
	at com.kms.katalon.core.webui.keyword.internal.WebUIAbstractKeyword.findWebElement(WebUIAbstractKeyword.groovy:27)
	at com.kms.katalon.core.webui.keyword.builtin.ClickKeyword$_click_closure1.doCall(ClickKeyword.groovy:65)
	at com.kms.katalon.core.webui.keyword.builtin.ClickKeyword$_click_closure1.call(ClickKeyword.groovy)
	at com.kms.katalon.core.webui.keyword.internal.WebUIKeywordMain.runKeyword(WebUIKeywordMain.groovy:20)
	at com.kms.katalon.core.webui.keyword.builtin.ClickKeyword.click(ClickKeyword.groovy:74)
	at com.kms.katalon.core.webui.keyword.builtin.ClickKeyword.execute(ClickKeyword.groovy:40)
	at com.kms.katalon.core.keyword.internal.KeywordExecutor.executeKeywordForPlatform(KeywordExecutor.groovy:74)
	at com.kms.katalon.core.webui.keyword.WebUiBuiltInKeywords.click(WebUiBuiltInKeywords.groovy:620)
	at com.kms.katalon.core.webui.keyword.WebUiBuiltInKeywords$click$1.call(Unknown Source)
	at Script1641370756448.run(Script1641370756448.groovy:44)
	... 16 more
)

2022-01-17 16:15:56 - [MESSAGE][INFO] - Unable to find the element located by 'By.xpath: //div[@id='yui_3_17_2_1_1641380790278_197']/div[6]/div/div/div/div[2]/div/a/h6'. Please recheck the objects properties to make sure the desired element is located. 

2022-01-17 16:15:56 - [MESSAGE][WARNING] - [SELF-HEALING] Failed to find element with id 'Object Repository/Texting/Page_Nh ca ti/h6_Cng Bnh L'. Try using Self-healing.

2022-01-17 16:15:57 - [MESSAGE][INFO] - Unable to find the element located by 'By.xpath: (.//*[normalize-space(text()) and normalize-space(.)='Non-contacts'])[1]/following::h6[1]'. Please recheck the objects properties to make sure the desired element is located. 

2022-01-17 16:15:57 - [MESSAGE][INFO] - [SELF-HEALING] Failed Locator: '//div[@id='yui_3_17_2_1_1641380790278_197']/div[6]/div/div/div/div[2]/div/a/h6'.

2022-01-17 16:15:58 - [MESSAGE][INFO] - [SELF-HEALING] Failed Locator: '(.//*[normalize-space(text()) and normalize-space(.)='Non-contacts'])[1]/following::h6[1]'.

2022-01-17 16:15:58 - [MESSAGE][INFO] - [SELF-HEALING] Failed Locator: '(.//*[normalize-space(text()) and normalize-space(.)='Liên lạc'])[3]/following::h6[1]'.

2022-01-17 16:15:58 - [MESSAGE][INFO] - [SELF-HEALING] Working Locator: '(.//*[normalize-space(text()) and normalize-space(.)='Load more'])[1]/preceding::h6[1]'.

2022-01-17 16:15:58 - [MESSAGE][ERROR] - [SELF-HEALING] Cannot save screenshot to: D:\Cong-Binh Le\xampp\htdocs\moodle\Test Automation - SE Bonus\Reports\Self-healing, reason: unknown error: unhandled inspector error: {"code":-32000,"message":"Cannot take screenshot with 0 width."}
  (Session info: chrome=97.0.4692.71)
Build info: version: '3.141.59', revision: 'e82be7d358', time: '2018-11-14T08:25:53'
System info: host: 'DESKTOP-G2F0VIE', ip: '192.168.1.9', os.name: 'Windows 10', os.arch: 'amd64', os.version: '10.0', java.version: '1.8.0_282'
Driver info: com.kms.katalon.selenium.driver.CChromeDriver
Capabilities {acceptInsecureCerts: false, browserName: chrome, browserVersion: 97.0.4692.71, chrome: {chromedriverVersion: 97.0.4692.71 (adefa7837d02a..., userDataDir: C:\Users\banh\AppData\Local...}, goog:chromeOptions: {debuggerAddress: localhost:60347}, javascriptEnabled: true, networkConnectionEnabled: false, pageLoadStrategy: normal, platform: WINDOWS, platformName: WINDOWS, proxy: Proxy(), setWindowRect: true, strictFileInteractability: false, timeouts: {implicit: 0, pageLoad: 300000, script: 30000}, unhandledPromptBehavior: dismiss and notify, webauthn:extension:credBlob: true, webauthn:extension:largeBlob: true, webauthn:virtualAuthenticators: true}
Session ID: efcd2b5b30ad637b5446bedf13c224c6.

2022-01-17 16:15:58 - [MESSAGE][ERROR] - [SELF-HEALING] Cannot save screenshot to: D:\Cong-Binh Le\xampp\htdocs\moodle\Test Automation - SE Bonus\Reports\Self-healing, reason: unknown error: unhandled inspector error: {"code":-32000,"message":"Cannot take screenshot with 0 width."}
  (Session info: chrome=97.0.4692.71)
Build info: version: '3.141.59', revision: 'e82be7d358', time: '2018-11-14T08:25:53'
System info: host: 'DESKTOP-G2F0VIE', ip: '192.168.1.9', os.name: 'Windows 10', os.arch: 'amd64', os.version: '10.0', java.version: '1.8.0_282'
Driver info: com.kms.katalon.selenium.driver.CChromeDriver
Capabilities {acceptInsecureCerts: false, browserName: chrome, browserVersion: 97.0.4692.71, chrome: {chromedriverVersion: 97.0.4692.71 (adefa7837d02a..., userDataDir: C:\Users\banh\AppData\Local...}, goog:chromeOptions: {debuggerAddress: localhost:60347}, javascriptEnabled: true, networkConnectionEnabled: false, pageLoadStrategy: normal, platform: WINDOWS, platformName: WINDOWS, proxy: Proxy(), setWindowRect: true, strictFileInteractability: false, timeouts: {implicit: 0, pageLoad: 300000, script: 30000}, unhandledPromptBehavior: dismiss and notify, webauthn:extension:credBlob: true, webauthn:extension:largeBlob: true, webauthn:virtualAuthenticators: true}
Session ID: efcd2b5b30ad637b5446bedf13c224c6.

2022-01-17 16:15:58 - [MESSAGE][WARNING] - [SELF-HEALING] 'other' is different type of Path

2022-01-17 16:16:00 - [MESSAGE][INFO] - Unable to find the element located by 'By.xpath: //*[(text() = 'Công Bình Lê' or . = 'Công Bình Lê')]'. Please recheck the objects properties to make sure the desired element is located. 

2022-01-17 16:16:01 - [MESSAGE][INFO] - Unable to find the element located by 'By.cssSelector: h6.ml-2.font-weight-bold'. Please recheck the objects properties to make sure the desired element is located. 

2022-01-17 16:16:01 - [MESSAGE][FAILED] - Unable to click on object 'Object Repository/Texting/Page_Nh ca ti/h6_Cng Bnh L' (Root cause: com.kms.katalon.core.exception.StepFailedException: Unable to click on object 'Object Repository/Texting/Page_Nh ca ti/h6_Cng Bnh L'
	at com.kms.katalon.core.webui.keyword.internal.WebUIKeywordMain.stepFailed(WebUIKeywordMain.groovy:64)
	at com.kms.katalon.core.webui.keyword.internal.WebUIKeywordMain.runKeyword(WebUIKeywordMain.groovy:26)
	at com.kms.katalon.core.webui.keyword.builtin.ClickKeyword.click(ClickKeyword.groovy:74)
	at com.kms.katalon.core.webui.keyword.builtin.ClickKeyword.execute(ClickKeyword.groovy:40)
	at com.kms.katalon.core.keyword.internal.KeywordExecutor.executeKeywordForPlatform(KeywordExecutor.groovy:74)
	at com.kms.katalon.core.webui.keyword.WebUiBuiltInKeywords.click(WebUiBuiltInKeywords.groovy:620)
	at com.kms.katalon.core.webui.keyword.WebUiBuiltInKeywords$click$1.call(Unknown Source)
	at Student texts teacher.run(Student texts teacher:44)
	at com.kms.katalon.core.main.ScriptEngine.run(ScriptEngine.java:194)
	at com.kms.katalon.core.main.ScriptEngine.runScriptAsRawText(ScriptEngine.java:119)
	at com.kms.katalon.core.main.TestCaseExecutor.runScript(TestCaseExecutor.java:442)
	at com.kms.katalon.core.main.TestCaseExecutor.doExecute(TestCaseExecutor.java:433)
	at com.kms.katalon.core.main.TestCaseExecutor.processExecutionPhase(TestCaseExecutor.java:412)
	at com.kms.katalon.core.main.TestCaseExecutor.accessMainPhase(TestCaseExecutor.java:404)
	at com.kms.katalon.core.main.TestCaseExecutor.execute(TestCaseExecutor.java:281)
	at com.kms.katalon.core.main.TestCaseExecutor.execute(TestCaseExecutor.java:363)
	at com.kms.katalon.core.main.TestCaseExecutor.execute(TestCaseExecutor.java:363)
	at com.kms.katalon.core.main.TestCaseExecutor.execute(TestCaseExecutor.java:363)
	at com.kms.katalon.core.main.TestSuiteExecutor.accessTestCaseMainPhase(TestSuiteExecutor.java:202)
	at com.kms.katalon.core.main.TestSuiteExecutor.accessTestSuiteMainPhase(TestSuiteExecutor.java:164)
	at com.kms.katalon.core.main.TestSuiteExecutor.execute(TestSuiteExecutor.java:105)
	at com.kms.katalon.core.main.TestCaseMain.startTestSuite(TestCaseMain.java:181)
	at com.kms.katalon.core.main.TestCaseMain$startTestSuite$0.call(Unknown Source)
	at TempTestSuite1642408138931.run(TempTestSuite1642408138931.groovy:36)
Caused by: com.kms.katalon.core.webui.exception.WebElementNotFoundException: Web element with id: 'Object Repository/Texting/Page_Nh ca ti/h6_Cng Bnh L' located by '//div[@id='yui_3_17_2_1_1641380790278_197']/div[6]/div/div/div/div[2]/div/a/h6' not found
	at com.kms.katalon.core.webui.common.WebUiCommonHelper.findWebElement(WebUiCommonHelper.java:1368)
	at com.kms.katalon.core.webui.keyword.internal.WebUIAbstractKeyword.findWebElement(WebUIAbstractKeyword.groovy:27)
	at com.kms.katalon.core.webui.keyword.builtin.ClickKeyword$_click_closure1.doCall(ClickKeyword.groovy:65)
	at com.kms.katalon.core.webui.keyword.builtin.ClickKeyword$_click_closure1.call(ClickKeyword.groovy)
	at com.kms.katalon.core.webui.keyword.internal.WebUIKeywordMain.runKeyword(WebUIKeywordMain.groovy:20)
	at com.kms.katalon.core.webui.keyword.builtin.ClickKeyword.click(ClickKeyword.groovy:74)
	at com.kms.katalon.core.webui.keyword.builtin.ClickKeyword.execute(ClickKeyword.groovy:40)
	at com.kms.katalon.core.keyword.internal.KeywordExecutor.executeKeywordForPlatform(KeywordExecutor.groovy:74)
	at com.kms.katalon.core.webui.keyword.WebUiBuiltInKeywords.click(WebUiBuiltInKeywords.groovy:620)
	at com.kms.katalon.core.webui.keyword.WebUiBuiltInKeywords$click$1.call(Unknown Source)
	at Script1641370756448.run(Script1641370756448.groovy:44)
	... 16 more
)
[[ATTACHMENT|D:\\Cong-Binh Le\\xampp\\htdocs\\moodle\\Test Automation - SE Bonus\\Reports\\20220117_152858\\Run All Test Cases\\20220117_152858\\1642410961368.png]]]]></system-out>
         <system-err><![CDATA[2022-01-17 16:15:14 - [TEST_CASE][FAILED] - Test Cases/Texting/Student texts teacher: Test Cases/Texting/Student texts teacher FAILED.
Reason:
com.kms.katalon.core.exception.StepFailedException: Unable to click on object 'Object Repository/Texting/Page_Nh ca ti/h6_Cng Bnh L'
	at com.kms.katalon.core.webui.keyword.internal.WebUIKeywordMain.stepFailed(WebUIKeywordMain.groovy:64)
	at com.kms.katalon.core.webui.keyword.internal.WebUIKeywordMain.runKeyword(WebUIKeywordMain.groovy:26)
	at com.kms.katalon.core.webui.keyword.builtin.ClickKeyword.click(ClickKeyword.groovy:74)
	at com.kms.katalon.core.webui.keyword.builtin.ClickKeyword.execute(ClickKeyword.groovy:40)
	at com.kms.katalon.core.keyword.internal.KeywordExecutor.executeKeywordForPlatform(KeywordExecutor.groovy:74)
	at com.kms.katalon.core.webui.keyword.WebUiBuiltInKeywords.click(WebUiBuiltInKeywords.groovy:620)
	at com.kms.katalon.core.webui.keyword.WebUiBuiltInKeywords$click$1.call(Unknown Source)
	at Student texts teacher.run(Student texts teacher:44)
	at com.kms.katalon.core.main.ScriptEngine.run(ScriptEngine.java:194)
	at com.kms.katalon.core.main.ScriptEngine.runScriptAsRawText(ScriptEngine.java:119)
	at com.kms.katalon.core.main.TestCaseExecutor.runScript(TestCaseExecutor.java:442)
	at com.kms.katalon.core.main.TestCaseExecutor.doExecute(TestCaseExecutor.java:433)
	at com.kms.katalon.core.main.TestCaseExecutor.processExecutionPhase(TestCaseExecutor.java:412)
	at com.kms.katalon.core.main.TestCaseExecutor.accessMainPhase(TestCaseExecutor.java:404)
	at com.kms.katalon.core.main.TestCaseExecutor.execute(TestCaseExecutor.java:281)
	at com.kms.katalon.core.main.TestCaseExecutor.execute(TestCaseExecutor.java:363)
	at com.kms.katalon.core.main.TestCaseExecutor.execute(TestCaseExecutor.java:363)
	at com.kms.katalon.core.main.TestCaseExecutor.execute(TestCaseExecutor.java:363)
	at com.kms.katalon.core.main.TestSuiteExecutor.accessTestCaseMainPhase(TestSuiteExecutor.java:202)
	at com.kms.katalon.core.main.TestSuiteExecutor.accessTestSuiteMainPhase(TestSuiteExecutor.java:164)
	at com.kms.katalon.core.main.TestSuiteExecutor.execute(TestSuiteExecutor.java:105)
	at com.kms.katalon.core.main.TestCaseMain.startTestSuite(TestCaseMain.java:181)
	at com.kms.katalon.core.main.TestCaseMain$startTestSuite$0.call(Unknown Source)
	at TempTestSuite1642408138931.run(TempTestSuite1642408138931.groovy:36)
Caused by: com.kms.katalon.core.webui.exception.WebElementNotFoundException: Web element with id: 'Object Repository/Texting/Page_Nh ca ti/h6_Cng Bnh L' located by '//div[@id='yui_3_17_2_1_1641380790278_197']/div[6]/div/div/div/div[2]/div/a/h6' not found
	at com.kms.katalon.core.webui.common.WebUiCommonHelper.findWebElement(WebUiCommonHelper.java:1368)
	at com.kms.katalon.core.webui.keyword.internal.WebUIAbstractKeyword.findWebElement(WebUIAbstractKeyword.groovy:27)
	at com.kms.katalon.core.webui.keyword.builtin.ClickKeyword$_click_closure1.doCall(ClickKeyword.groovy:65)
	at com.kms.katalon.core.webui.keyword.builtin.ClickKeyword$_click_closure1.call(ClickKeyword.groovy)
	at com.kms.katalon.core.webui.keyword.internal.WebUIKeywordMain.runKeyword(WebUIKeywordMain.groovy:20)
	... 22 more]]></system-err>
      </testcase>
      <testcase name="Test Cases/Teacher creates announcements/Teacher create a list announcement" time="91.162" classname="Test Cases/Teacher creates announcements/Teacher create a list announcement" status="FAILED">
         <failure type="FAILED" message="Test Cases/Teacher creates announcements/Teacher create a list announcement FAILED.
Reason:
com.kms.katalon.core.exception.StepFailedException: Unable to verify object 'Object Repository/Teacher creates announcements/Page_Cc thng bo/a_Thng bo dng bullet' to be clickable
	at com.kms.katalon.core.webui.keyword.internal.WebUIKeywordMain.stepFailed(WebUIKeywordMain.groovy:64)
	at com.kms.katalon.core.webui.keyword.internal.WebUIKeywordMain.runKeyword(WebUIKeywordMain.groovy:26)
	at com.kms.katalon.core.webui.keyword.builtin.VerifyElementClickableKeyword.verifyElementClickable(VerifyElementClickableKeyword.groovy:96)
	at com.kms.katalon.core.webui.keyword.builtin.VerifyElementClickableKeyword.execute(VerifyElementClickableKeyword.groovy:67)
	at com.kms.katalon.core.keyword.internal.KeywordExecutor.executeKeywordForPlatform(KeywordExecutor.groovy:74)
	at com.kms.katalon.core.webui.keyword.WebUiBuiltInKeywords.verifyElementClickable(WebUiBuiltInKeywords.groovy:566)
	at com.kms.katalon.core.webui.keyword.WebUiBuiltInKeywords$verifyElementClickable$10.call(Unknown Source)
	at Teacher create a list announcement.run(Teacher create a list announcement:75)
	at com.kms.katalon.core.main.ScriptEngine.run(ScriptEngine.java:194)
	at com.kms.katalon.core.main.ScriptEngine.runScriptAsRawText(ScriptEngine.java:119)
	at com.kms.katalon.core.main.TestCaseExecutor.runScript(TestCaseExecutor.java:442)
	at com.kms.katalon.core.main.TestCaseExecutor.doExecute(TestCaseExecutor.java:433)
	at com.kms.katalon.core.main.TestCaseExecutor.processExecutionPhase(TestCaseExecutor.java:412)
	at com.kms.katalon.core.main.TestCaseExecutor.accessMainPhase(TestCaseExecutor.java:404)
	at com.kms.katalon.core.main.TestCaseExecutor.execute(TestCaseExecutor.java:281)
	at com.kms.katalon.core.main.TestCaseExecutor.execute(TestCaseExecutor.java:363)
	at com.kms.katalon.core.main.TestCaseExecutor.execute(TestCaseExecutor.java:363)
	at com.kms.katalon.core.main.TestCaseExecutor.execute(TestCaseExecutor.java:363)
	at com.kms.katalon.core.main.TestSuiteExecutor.accessTestCaseMainPhase(TestSuiteExecutor.java:202)
	at com.kms.katalon.core.main.TestSuiteExecutor.accessTestSuiteMainPhase(TestSuiteExecutor.java:164)
	at com.kms.katalon.core.main.TestSuiteExecutor.execute(TestSuiteExecutor.java:105)
	at com.kms.katalon.core.main.TestCaseMain.startTestSuite(TestCaseMain.java:181)
	at com.kms.katalon.core.main.TestCaseMain$startTestSuite$0.call(Unknown Source)
	at TempTestSuite1642408138931.run(TempTestSuite1642408138931.groovy:36)
Caused by: com.kms.katalon.core.exception.StepFailedException: Web element with id: 'Object Repository/Teacher creates announcements/Page_Cc thng bo/a_Thng bo dng bullet' located by '//div[@id='discussion-list-61d445810a3f561d44580e891d21']/table/tbody/tr/th/div/a' not found
	at com.kms.katalon.core.webui.keyword.internal.WebUIKeywordMain.stepFailed(WebUIKeywordMain.groovy:64)
	at com.kms.katalon.core.webui.keyword.builtin.VerifyElementClickableKeyword$_verifyElementClickable_closure1.doCall(VerifyElementClickableKeyword.groovy:88)
	at com.kms.katalon.core.webui.keyword.builtin.VerifyElementClickableKeyword$_verifyElementClickable_closure1.call(VerifyElementClickableKeyword.groovy)
	at com.kms.katalon.core.webui.keyword.internal.WebUIKeywordMain.runKeyword(WebUIKeywordMain.groovy:20)
	... 22 more
"/>
         <system-out><![CDATA[2022-01-17 16:20:35 - [TEST_CASE][FAILED] - Test Cases/Teacher creates announcements/Teacher create a list announcement: Test Cases/Teacher creates announcements/Teacher create a list announcement FAILED.
Reason:
com.kms.katalon.core.exception.StepFailedException: Unable to verify object 'Object Repository/Teacher creates announcements/Page_Cc thng bo/a_Thng bo dng bullet' to be clickable
	at com.kms.katalon.core.webui.keyword.internal.WebUIKeywordMain.stepFailed(WebUIKeywordMain.groovy:64)
	at com.kms.katalon.core.webui.keyword.internal.WebUIKeywordMain.runKeyword(WebUIKeywordMain.groovy:26)
	at com.kms.katalon.core.webui.keyword.builtin.VerifyElementClickableKeyword.verifyElementClickable(VerifyElementClickableKeyword.groovy:96)
	at com.kms.katalon.core.webui.keyword.builtin.VerifyElementClickableKeyword.execute(VerifyElementClickableKeyword.groovy:67)
	at com.kms.katalon.core.keyword.internal.KeywordExecutor.executeKeywordForPlatform(KeywordExecutor.groovy:74)
	at com.kms.katalon.core.webui.keyword.WebUiBuiltInKeywords.verifyElementClickable(WebUiBuiltInKeywords.groovy:566)
	at com.kms.katalon.core.webui.keyword.WebUiBuiltInKeywords$verifyElementClickable$10.call(Unknown Source)
	at Teacher create a list announcement.run(Teacher create a list announcement:75)
	at com.kms.katalon.core.main.ScriptEngine.run(ScriptEngine.java:194)
	at com.kms.katalon.core.main.ScriptEngine.runScriptAsRawText(ScriptEngine.java:119)
	at com.kms.katalon.core.main.TestCaseExecutor.runScript(TestCaseExecutor.java:442)
	at com.kms.katalon.core.main.TestCaseExecutor.doExecute(TestCaseExecutor.java:433)
	at com.kms.katalon.core.main.TestCaseExecutor.processExecutionPhase(TestCaseExecutor.java:412)
	at com.kms.katalon.core.main.TestCaseExecutor.accessMainPhase(TestCaseExecutor.java:404)
	at com.kms.katalon.core.main.TestCaseExecutor.execute(TestCaseExecutor.java:281)
	at com.kms.katalon.core.main.TestCaseExecutor.execute(TestCaseExecutor.java:363)
	at com.kms.katalon.core.main.TestCaseExecutor.execute(TestCaseExecutor.java:363)
	at com.kms.katalon.core.main.TestCaseExecutor.execute(TestCaseExecutor.java:363)
	at com.kms.katalon.core.main.TestSuiteExecutor.accessTestCaseMainPhase(TestSuiteExecutor.java:202)
	at com.kms.katalon.core.main.TestSuiteExecutor.accessTestSuiteMainPhase(TestSuiteExecutor.java:164)
	at com.kms.katalon.core.main.TestSuiteExecutor.execute(TestSuiteExecutor.java:105)
	at com.kms.katalon.core.main.TestCaseMain.startTestSuite(TestCaseMain.java:181)
	at com.kms.katalon.core.main.TestCaseMain$startTestSuite$0.call(Unknown Source)
	at TempTestSuite1642408138931.run(TempTestSuite1642408138931.groovy:36)
Caused by: com.kms.katalon.core.exception.StepFailedException: Web element with id: 'Object Repository/Teacher creates announcements/Page_Cc thng bo/a_Thng bo dng bullet' located by '//div[@id='discussion-list-61d445810a3f561d44580e891d21']/table/tbody/tr/th/div/a' not found
	at com.kms.katalon.core.webui.keyword.internal.WebUIKeywordMain.stepFailed(WebUIKeywordMain.groovy:64)
	at com.kms.katalon.core.webui.keyword.builtin.VerifyElementClickableKeyword$_verifyElementClickable_closure1.doCall(VerifyElementClickableKeyword.groovy:88)
	at com.kms.katalon.core.webui.keyword.builtin.VerifyElementClickableKeyword$_verifyElementClickable_closure1.call(VerifyElementClickableKeyword.groovy)
	at com.kms.katalon.core.webui.keyword.internal.WebUIKeywordMain.runKeyword(WebUIKeywordMain.groovy:20)
	... 22 more


2022-01-17 16:20:35 - [TEST_STEP][PASSED] - openBrowser(""): Browser is opened with url: ''

2022-01-17 16:20:35 - [MESSAGE][WARNING] - A browser is already opened. Closing browser and opening a new one

2022-01-17 16:20:36 - [MESSAGE][INFO] - Starting 'Chrome' driver

2022-01-17 16:20:36 - [MESSAGE][INFO] - Action delay is set to 0 milliseconds

2022-01-17 16:20:37 - [MESSAGE][PASSED] - Browser is opened with url: ''

2022-01-17 16:20:37 - [TEST_STEP][PASSED] - navigateToUrl("http://localhost/"): Navigate to 'http://localhost/' successfully

2022-01-17 16:20:38 - [MESSAGE][PASSED] - Navigate to 'http://localhost/' successfully

2022-01-17 16:20:38 - [TEST_STEP][PASSED] - click(findTestObject("Object Repository/Teacher creates announcements/Page_Local Moodle/a_Log in")): Object: 'Object Repository/Teacher creates announcements/Page_Local Moodle/a_Log in' is clicked on

2022-01-17 16:20:39 - [MESSAGE][PASSED] - Object: 'Object Repository/Teacher creates announcements/Page_Local Moodle/a_Log in' is clicked on

2022-01-17 16:20:39 - [TEST_STEP][PASSED] - setText(findTestObject("Object Repository/Teacher creates announcements/Page_Local Moodle Log in to the site/input_Username_username"), "lcbinh"): Text 'lcbinh' is set on object 'Object Repository/Teacher creates announcements/Page_Local Moodle Log in to the site/input_Username_username'

2022-01-17 16:20:40 - [MESSAGE][PASSED] - Text 'lcbinh' is set on object 'Object Repository/Teacher creates announcements/Page_Local Moodle Log in to the site/input_Username_username'

2022-01-17 16:20:40 - [TEST_STEP][PASSED] - setEncryptedText(findTestObject("Object Repository/Teacher creates announcements/Page_Local Moodle Log in to the site/input_Password_password"), "o5TCnEIIWq0Pz0TkrK1a2rpuWvRKVWz2"): Text ****** has been set on object 'Object Repository/Teacher creates announcements/Page_Local Moodle Log in to the site/input_Password_password'

2022-01-17 16:20:40 - [MESSAGE][PASSED] - Text ****** has been set on object 'Object Repository/Teacher creates announcements/Page_Local Moodle Log in to the site/input_Password_password'

2022-01-17 16:20:40 - [TEST_STEP][PASSED] - click(findTestObject("Object Repository/Teacher creates announcements/Page_Local Moodle Log in to the site/button_Log in")): Object: 'Object Repository/Teacher creates announcements/Page_Local Moodle Log in to the site/button_Log in' is clicked on

2022-01-17 16:20:43 - [MESSAGE][PASSED] - Object: 'Object Repository/Teacher creates announcements/Page_Local Moodle Log in to the site/button_Log in' is clicked on

2022-01-17 16:20:43 - [TEST_STEP][PASSED] - click(findTestObject("Object Repository/Teacher creates announcements/Page_Nh ca ti/span_Nhp mn Cng ngh phn mm")): Object: 'Object Repository/Teacher creates announcements/Page_Nh ca ti/span_Nhp mn Cng ngh phn mm' is clicked on

2022-01-17 16:20:49 - [MESSAGE][INFO] - Unable to find the element located by 'By.xpath: //div[@id='course-info-container-2-4']/div/div/a/span[3]'. Please recheck the objects properties to make sure the desired element is located. 

2022-01-17 16:20:49 - [MESSAGE][WARNING] - [SELF-HEALING] Failed to find element with id 'Object Repository/Teacher creates announcements/Page_Nh ca ti/span_Nhp mn Cng ngh phn mm'. Try using Self-healing.

2022-01-17 16:20:49 - [MESSAGE][WARNING] - [SELF-HEALING] The current locator of test object 'Object Repository/Teacher creates announcements/Page_Nh ca ti/span_Nhp mn Cng ngh phn mm' was broken. Propose an alternative one: '//span[3]'.

2022-01-17 16:20:50 - [MESSAGE][PASSED] - Object: 'Object Repository/Teacher creates announcements/Page_Nh ca ti/span_Nhp mn Cng ngh phn mm' is clicked on

2022-01-17 16:20:50 - [TEST_STEP][PASSED] - click(findTestObject("Object Repository/Teacher creates announcements/Page_Kha Nhp mn Cng ngh phn mm/span_Cc thng bo Din n")): Object: 'Object Repository/Teacher creates announcements/Page_Kha Nhp mn Cng ngh phn mm/span_Cc thng bo Din n' is clicked on

2022-01-17 16:20:56 - [MESSAGE][INFO] - Unable to find the element located by 'By.xpath: //li[@id='module-1']/div/div/div[2]/div/a/span'. Please recheck the objects properties to make sure the desired element is located. 

2022-01-17 16:20:56 - [MESSAGE][WARNING] - [SELF-HEALING] Failed to find element with id 'Object Repository/Teacher creates announcements/Page_Kha Nhp mn Cng ngh phn mm/span_Cc thng bo Din n'. Try using Self-healing.

2022-01-17 16:20:57 - [MESSAGE][WARNING] - [SELF-HEALING] The current locator of test object 'Object Repository/Teacher creates announcements/Page_Kha Nhp mn Cng ngh phn mm/span_Cc thng bo Din n' was broken. Propose an alternative one: '(.//*[normalize-space(text()) and normalize-space(.)='Chung'])[2]/following::span[1]'.

2022-01-17 16:20:58 - [MESSAGE][PASSED] - Object: 'Object Repository/Teacher creates announcements/Page_Kha Nhp mn Cng ngh phn mm/span_Cc thng bo Din n' is clicked on

2022-01-17 16:20:58 - [TEST_STEP][PASSED] - click(findTestObject("Object Repository/Teacher creates announcements/Page_Cc thng bo/a_Thm mt ch  mi")): Object: 'Object Repository/Teacher creates announcements/Page_Cc thng bo/a_Thm mt ch  mi' is clicked on

2022-01-17 16:21:04 - [MESSAGE][INFO] - Unable to find the element located by 'By.xpath: //a[@id='yui_3_17_2_1_1641377104026_492']'. Please recheck the objects properties to make sure the desired element is located. 

2022-01-17 16:21:04 - [MESSAGE][WARNING] - [SELF-HEALING] Failed to find element with id 'Object Repository/Teacher creates announcements/Page_Cc thng bo/a_Thm mt ch  mi'. Try using Self-healing.

2022-01-17 16:21:04 - [MESSAGE][WARNING] - [SELF-HEALING] The current locator of test object 'Object Repository/Teacher creates announcements/Page_Cc thng bo/a_Thm mt ch  mi' was broken. Propose an alternative one: '//a[contains(text(),'Thêm một chủ đề mới')]'.

2022-01-17 16:21:05 - [MESSAGE][PASSED] - Object: 'Object Repository/Teacher creates announcements/Page_Cc thng bo/a_Thm mt ch  mi' is clicked on

2022-01-17 16:21:05 - [TEST_STEP][PASSED] - setText(findTestObject("Object Repository/Teacher creates announcements/Page_Cc thng bo/input_Tiu_subject"), "Thông báo "): Text 'Thông báo ' is set on object 'Object Repository/Teacher creates announcements/Page_Cc thng bo/input_Tiu_subject'

2022-01-17 16:21:05 - [MESSAGE][PASSED] - Text 'Thông báo ' is set on object 'Object Repository/Teacher creates announcements/Page_Cc thng bo/input_Tiu_subject'

2022-01-17 16:21:05 - [TEST_STEP][PASSED] - click(findTestObject("Object Repository/Teacher creates announcements/Page_Cc thng bo/input_Hu b_advancedadddiscussion")): Object: 'Object Repository/Teacher creates announcements/Page_Cc thng bo/input_Hu b_advancedadddiscussion' is clicked on

2022-01-17 16:21:07 - [MESSAGE][PASSED] - Object: 'Object Repository/Teacher creates announcements/Page_Cc thng bo/input_Hu b_advancedadddiscussion' is clicked on

2022-01-17 16:21:07 - [TEST_STEP][PASSED] - setText(findTestObject("Object Repository/Teacher creates announcements/Page_NM CNPM Thm mt ch  mi/input_Tiu_subject"), "Thông báo dạng bullet"): Text 'Thông báo dạng bullet' is set on object 'Object Repository/Teacher creates announcements/Page_NM CNPM Thm mt ch  mi/input_Tiu_subject'

2022-01-17 16:21:09 - [MESSAGE][PASSED] - Text 'Thông báo dạng bullet' is set on object 'Object Repository/Teacher creates announcements/Page_NM CNPM Thm mt ch  mi/input_Tiu_subject'

2022-01-17 16:21:09 - [TEST_STEP][PASSED] - click(findTestObject("Object Repository/Teacher creates announcements/Page_NM CNPM Thm mt ch  mi/button_Ni dung_yui_3_17_2_1_1641301275320_977")): Object: 'Object Repository/Teacher creates announcements/Page_NM CNPM Thm mt ch  mi/button_Ni dung_yui_3_17_2_1_1641301275320_977' is clicked on

2022-01-17 16:21:15 - [MESSAGE][INFO] - Unable to find the element located by 'By.xpath: //button[@id='yui_3_17_2_1_1641301275320_977']'. Please recheck the objects properties to make sure the desired element is located. 

2022-01-17 16:21:15 - [MESSAGE][WARNING] - [SELF-HEALING] Failed to find element with id 'Object Repository/Teacher creates announcements/Page_NM CNPM Thm mt ch  mi/button_Ni dung_yui_3_17_2_1_1641301275320_977'. Try using Self-healing.

2022-01-17 16:21:16 - [MESSAGE][WARNING] - [SELF-HEALING] The current locator of test object 'Object Repository/Teacher creates announcements/Page_NM CNPM Thm mt ch  mi/button_Ni dung_yui_3_17_2_1_1641301275320_977' was broken. Propose an alternative one: '(.//*[normalize-space(text()) and normalize-space(.)='Nội dung'])[1]/following::button[5]'.

2022-01-17 16:21:16 - [MESSAGE][PASSED] - Object: 'Object Repository/Teacher creates announcements/Page_NM CNPM Thm mt ch  mi/button_Ni dung_yui_3_17_2_1_1641301275320_977' is clicked on

2022-01-17 16:21:16 - [TEST_STEP][PASSED] - setText(findTestObject("Object Repository/Teacher creates announcements/Page_NM CNPM Thm mt ch  mi/div_Thng bo 1Thng bo 2Thng bo 3"), "<p dir="ltr" style="text-align: left;" id="yui_3_17_2_1_1641301275320_1445"><ul id="yui_3_17_2_1_1641301275320_988"><li id="yui_3_17_2_1_1641301275320_987" style="">Thông báo 1</li><li id="yui_3_17_2_1_1641301275320_987" style="">Thông báo 2</li><li id="yui_3_17_2_1_1641301275320_987" style="">Thông báo 3</li></ul></p>"): Text '<p dir="ltr" style="text-align: left;" id="yui_3_17_2_1_1641301275320_1445"><ul id="yui_3_17_2_1_1641301275320_988"><li id="yui_3_17_2_1_1641301275320_987" style="">Thông báo 1</li><li id="yui_3_17_2_1_1641301275320_987" style="">Thông báo 2</li><li id="yui_3_17_2_1_1641301275320_987" style="">Thông báo 3</li></ul></p>' is set on object 'Object Repository/Teacher creates announcements/Page_NM CNPM Thm mt ch  mi/div_Thng bo 1Thng bo 2Thng bo 3'

2022-01-17 16:21:20 - [MESSAGE][PASSED] - Text '<p dir="ltr" style="text-align: left;" id="yui_3_17_2_1_1641301275320_1445"><ul id="yui_3_17_2_1_1641301275320_988"><li id="yui_3_17_2_1_1641301275320_987" style="">Thông báo 1</li><li id="yui_3_17_2_1_1641301275320_987" style="">Thông báo 2</li><li id="yui_3_17_2_1_1641301275320_987" style="">Thông báo 3</li></ul></p>' is set on object 'Object Repository/Teacher creates announcements/Page_NM CNPM Thm mt ch  mi/div_Thng bo 1Thng bo 2Thng bo 3'

2022-01-17 16:21:20 - [TEST_STEP][PASSED] - setText(findTestObject("Object Repository/Teacher creates announcements/Page_NM CNPM Thm mt ch  mi/div_Thng bo 1Thng bo 2Thng bo 3"), "<p dir="ltr" style="text-align: left;" id="yui_3_17_2_1_1641301275320_1445"><ul id="yui_3_17_2_1_1641301275320_988"><li id="yui_3_17_2_1_1641301275320_987" style="">Thông báo 1</li><li id="yui_3_17_2_1_1641301275320_987" style="">Thông báo 2</li><li id="yui_3_17_2_1_1641301275320_987" style="">Thông báo 3</li></ul></p>"): Text '<p dir="ltr" style="text-align: left;" id="yui_3_17_2_1_1641301275320_1445"><ul id="yui_3_17_2_1_1641301275320_988"><li id="yui_3_17_2_1_1641301275320_987" style="">Thông báo 1</li><li id="yui_3_17_2_1_1641301275320_987" style="">Thông báo 2</li><li id="yui_3_17_2_1_1641301275320_987" style="">Thông báo 3</li></ul></p>' is set on object 'Object Repository/Teacher creates announcements/Page_NM CNPM Thm mt ch  mi/div_Thng bo 1Thng bo 2Thng bo 3'

2022-01-17 16:21:24 - [MESSAGE][PASSED] - Text '<p dir="ltr" style="text-align: left;" id="yui_3_17_2_1_1641301275320_1445"><ul id="yui_3_17_2_1_1641301275320_988"><li id="yui_3_17_2_1_1641301275320_987" style="">Thông báo 1</li><li id="yui_3_17_2_1_1641301275320_987" style="">Thông báo 2</li><li id="yui_3_17_2_1_1641301275320_987" style="">Thông báo 3</li></ul></p>' is set on object 'Object Repository/Teacher creates announcements/Page_NM CNPM Thm mt ch  mi/div_Thng bo 1Thng bo 2Thng bo 3'

2022-01-17 16:21:24 - [TEST_STEP][PASSED] - click(findTestObject("Object Repository/Teacher creates announcements/Page_NM CNPM Thm mt ch  mi/input__submitbutton")): Object: 'Object Repository/Teacher creates announcements/Page_NM CNPM Thm mt ch  mi/input__submitbutton' is clicked on

2022-01-17 16:21:26 - [MESSAGE][PASSED] - Object: 'Object Repository/Teacher creates announcements/Page_NM CNPM Thm mt ch  mi/input__submitbutton' is clicked on

2022-01-17 16:21:26 - [TEST_STEP][PASSED] - click(findTestObject("Object Repository/Teacher creates announcements/Page_Cc thng bo/a_Cng Bnh L")): Object: 'Object Repository/Teacher creates announcements/Page_Cc thng bo/a_Cng Bnh L' is clicked on

2022-01-17 16:21:27 - [MESSAGE][PASSED] - Object: 'Object Repository/Teacher creates announcements/Page_Cc thng bo/a_Cng Bnh L' is clicked on

2022-01-17 16:21:27 - [TEST_STEP][PASSED] - click(findTestObject("Object Repository/Teacher creates announcements/Page_Cc thng bo/a_Thot")): Object: 'Object Repository/Teacher creates announcements/Page_Cc thng bo/a_Thot' is clicked on

2022-01-17 16:21:33 - [MESSAGE][INFO] - Unable to find the element located by 'By.xpath: //a[@id='yui_3_17_2_1_1641301350257_507']'. Please recheck the objects properties to make sure the desired element is located. 

2022-01-17 16:21:33 - [MESSAGE][WARNING] - [SELF-HEALING] Failed to find element with id 'Object Repository/Teacher creates announcements/Page_Cc thng bo/a_Thot'. Try using Self-healing.

2022-01-17 16:21:34 - [MESSAGE][WARNING] - [SELF-HEALING] The current locator of test object 'Object Repository/Teacher creates announcements/Page_Cc thng bo/a_Thot' was broken. Propose an alternative one: '//div[@id='action-menu-1-menu']/a[6]'.

2022-01-17 16:21:34 - [MESSAGE][PASSED] - Object: 'Object Repository/Teacher creates announcements/Page_Cc thng bo/a_Thot' is clicked on

2022-01-17 16:21:34 - [TEST_STEP][PASSED] - click(findTestObject("Object Repository/Teacher creates announcements/Page_Local Moodle/a_Log in")): Object: 'Object Repository/Teacher creates announcements/Page_Local Moodle/a_Log in' is clicked on

2022-01-17 16:21:35 - [MESSAGE][PASSED] - Object: 'Object Repository/Teacher creates announcements/Page_Local Moodle/a_Log in' is clicked on

2022-01-17 16:21:35 - [TEST_STEP][PASSED] - setText(findTestObject("Object Repository/Teacher creates announcements/Page_Local Moodle Log in to the site/input_Username_username"), "hs01"): Text 'hs01' is set on object 'Object Repository/Teacher creates announcements/Page_Local Moodle Log in to the site/input_Username_username'

2022-01-17 16:21:36 - [MESSAGE][PASSED] - Text 'hs01' is set on object 'Object Repository/Teacher creates announcements/Page_Local Moodle Log in to the site/input_Username_username'

2022-01-17 16:21:36 - [TEST_STEP][PASSED] - setEncryptedText(findTestObject("Object Repository/Teacher creates announcements/Page_Local Moodle Log in to the site/input_Password_password"), "o5TCnEIIWq2SeGQhIMNXLQ=="): Text ****** has been set on object 'Object Repository/Teacher creates announcements/Page_Local Moodle Log in to the site/input_Password_password'

2022-01-17 16:21:36 - [MESSAGE][PASSED] - Text ****** has been set on object 'Object Repository/Teacher creates announcements/Page_Local Moodle Log in to the site/input_Password_password'

2022-01-17 16:21:36 - [TEST_STEP][PASSED] - click(findTestObject("Object Repository/Teacher creates announcements/Page_Local Moodle Log in to the site/button_Log in")): Object: 'Object Repository/Teacher creates announcements/Page_Local Moodle Log in to the site/button_Log in' is clicked on

2022-01-17 16:21:38 - [MESSAGE][PASSED] - Object: 'Object Repository/Teacher creates announcements/Page_Local Moodle Log in to the site/button_Log in' is clicked on

2022-01-17 16:21:38 - [TEST_STEP][PASSED] - click(findTestObject("Object Repository/Teacher creates announcements/Page_Nh ca ti/span_Nhp mn Cng ngh phn mm")): Object: 'Object Repository/Teacher creates announcements/Page_Nh ca ti/span_Nhp mn Cng ngh phn mm' is clicked on

2022-01-17 16:21:45 - [MESSAGE][INFO] - Unable to find the element located by 'By.xpath: //div[@id='course-info-container-2-4']/div/div/a/span[3]'. Please recheck the objects properties to make sure the desired element is located. 

2022-01-17 16:21:45 - [MESSAGE][WARNING] - [SELF-HEALING] Failed to find element with id 'Object Repository/Teacher creates announcements/Page_Nh ca ti/span_Nhp mn Cng ngh phn mm'. Try using Self-healing.

2022-01-17 16:21:45 - [MESSAGE][WARNING] - [SELF-HEALING] The current locator of test object 'Object Repository/Teacher creates announcements/Page_Nh ca ti/span_Nhp mn Cng ngh phn mm' was broken. Propose an alternative one: '//span[3]'.

2022-01-17 16:21:46 - [MESSAGE][PASSED] - Object: 'Object Repository/Teacher creates announcements/Page_Nh ca ti/span_Nhp mn Cng ngh phn mm' is clicked on

2022-01-17 16:21:46 - [TEST_STEP][PASSED] - click(findTestObject("Object Repository/Teacher creates announcements/Page_Kha Nhp mn Cng ngh phn mm/span_Cc thng bo Din n")): Object: 'Object Repository/Teacher creates announcements/Page_Kha Nhp mn Cng ngh phn mm/span_Cc thng bo Din n' is clicked on

2022-01-17 16:21:52 - [MESSAGE][INFO] - Unable to find the element located by 'By.xpath: //li[@id='module-1']/div/div/div[2]/div/a/span'. Please recheck the objects properties to make sure the desired element is located. 

2022-01-17 16:21:52 - [MESSAGE][WARNING] - [SELF-HEALING] Failed to find element with id 'Object Repository/Teacher creates announcements/Page_Kha Nhp mn Cng ngh phn mm/span_Cc thng bo Din n'. Try using Self-healing.

2022-01-17 16:21:52 - [MESSAGE][WARNING] - [SELF-HEALING] The current locator of test object 'Object Repository/Teacher creates announcements/Page_Kha Nhp mn Cng ngh phn mm/span_Cc thng bo Din n' was broken. Propose an alternative one: '(.//*[normalize-space(text()) and normalize-space(.)='Chung'])[2]/following::span[1]'.

2022-01-17 16:21:53 - [MESSAGE][PASSED] - Object: 'Object Repository/Teacher creates announcements/Page_Kha Nhp mn Cng ngh phn mm/span_Cc thng bo Din n' is clicked on

2022-01-17 16:21:53 - [TEST_STEP][FAILED] - verifyElementClickable(findTestObject("Object Repository/Teacher creates announcements/Page_Cc thng bo/a_Thng bo dng bullet")): Unable to verify object 'Object Repository/Teacher creates announcements/Page_Cc thng bo/a_Thng bo dng bullet' to be clickable (Root cause: com.kms.katalon.core.exception.StepFailedException: Unable to verify object 'Object Repository/Teacher creates announcements/Page_Cc thng bo/a_Thng bo dng bullet' to be clickable
	at com.kms.katalon.core.webui.keyword.internal.WebUIKeywordMain.stepFailed(WebUIKeywordMain.groovy:64)
	at com.kms.katalon.core.webui.keyword.internal.WebUIKeywordMain.runKeyword(WebUIKeywordMain.groovy:26)
	at com.kms.katalon.core.webui.keyword.builtin.VerifyElementClickableKeyword.verifyElementClickable(VerifyElementClickableKeyword.groovy:96)
	at com.kms.katalon.core.webui.keyword.builtin.VerifyElementClickableKeyword.execute(VerifyElementClickableKeyword.groovy:67)
	at com.kms.katalon.core.keyword.internal.KeywordExecutor.executeKeywordForPlatform(KeywordExecutor.groovy:74)
	at com.kms.katalon.core.webui.keyword.WebUiBuiltInKeywords.verifyElementClickable(WebUiBuiltInKeywords.groovy:566)
	at com.kms.katalon.core.webui.keyword.WebUiBuiltInKeywords$verifyElementClickable$10.call(Unknown Source)
	at Teacher create a list announcement.run(Teacher create a list announcement:75)
	at com.kms.katalon.core.main.ScriptEngine.run(ScriptEngine.java:194)
	at com.kms.katalon.core.main.ScriptEngine.runScriptAsRawText(ScriptEngine.java:119)
	at com.kms.katalon.core.main.TestCaseExecutor.runScript(TestCaseExecutor.java:442)
	at com.kms.katalon.core.main.TestCaseExecutor.doExecute(TestCaseExecutor.java:433)
	at com.kms.katalon.core.main.TestCaseExecutor.processExecutionPhase(TestCaseExecutor.java:412)
	at com.kms.katalon.core.main.TestCaseExecutor.accessMainPhase(TestCaseExecutor.java:404)
	at com.kms.katalon.core.main.TestCaseExecutor.execute(TestCaseExecutor.java:281)
	at com.kms.katalon.core.main.TestCaseExecutor.execute(TestCaseExecutor.java:363)
	at com.kms.katalon.core.main.TestCaseExecutor.execute(TestCaseExecutor.java:363)
	at com.kms.katalon.core.main.TestCaseExecutor.execute(TestCaseExecutor.java:363)
	at com.kms.katalon.core.main.TestSuiteExecutor.accessTestCaseMainPhase(TestSuiteExecutor.java:202)
	at com.kms.katalon.core.main.TestSuiteExecutor.accessTestSuiteMainPhase(TestSuiteExecutor.java:164)
	at com.kms.katalon.core.main.TestSuiteExecutor.execute(TestSuiteExecutor.java:105)
	at com.kms.katalon.core.main.TestCaseMain.startTestSuite(TestCaseMain.java:181)
	at com.kms.katalon.core.main.TestCaseMain$startTestSuite$0.call(Unknown Source)
	at TempTestSuite1642408138931.run(TempTestSuite1642408138931.groovy:36)
Caused by: com.kms.katalon.core.exception.StepFailedException: Web element with id: 'Object Repository/Teacher creates announcements/Page_Cc thng bo/a_Thng bo dng bullet' located by '//div[@id='discussion-list-61d445810a3f561d44580e891d21']/table/tbody/tr/th/div/a' not found
	at com.kms.katalon.core.webui.keyword.internal.WebUIKeywordMain.stepFailed(WebUIKeywordMain.groovy:64)
	at com.kms.katalon.core.webui.keyword.builtin.VerifyElementClickableKeyword$_verifyElementClickable_closure1.doCall(VerifyElementClickableKeyword.groovy:88)
	at com.kms.katalon.core.webui.keyword.builtin.VerifyElementClickableKeyword$_verifyElementClickable_closure1.call(VerifyElementClickableKeyword.groovy)
	at com.kms.katalon.core.webui.keyword.internal.WebUIKeywordMain.runKeyword(WebUIKeywordMain.groovy:20)
	... 22 more
)

2022-01-17 16:21:59 - [MESSAGE][INFO] - Unable to find the element located by 'By.xpath: //div[@id='discussion-list-61d445810a3f561d44580e891d21']/table/tbody/tr/th/div/a'. Please recheck the objects properties to make sure the desired element is located. 

2022-01-17 16:21:59 - [MESSAGE][WARNING] - [SELF-HEALING] Failed to find element with id 'Object Repository/Teacher creates announcements/Page_Cc thng bo/a_Thng bo dng bullet'. Try using Self-healing.

2022-01-17 16:22:00 - [MESSAGE][INFO] - Unable to find the element located by 'By.xpath: //a[contains(text(),'Thông báo dạng bullet')]'. Please recheck the objects properties to make sure the desired element is located. 

2022-01-17 16:22:01 - [MESSAGE][INFO] - [SELF-HEALING] Failed Locator: '//div[@id='discussion-list-61d445810a3f561d44580e891d21']/table/tbody/tr/th/div/a'.

2022-01-17 16:22:01 - [MESSAGE][INFO] - [SELF-HEALING] Failed Locator: '//a[contains(text(),'Thông báo dạng bullet')]'.

2022-01-17 16:22:01 - [MESSAGE][INFO] - [SELF-HEALING] Failed Locator: '(.//*[normalize-space(text()) and normalize-space(.)='Các thao tác'])[1]/following::a[2]'.

2022-01-17 16:22:02 - [MESSAGE][INFO] - [SELF-HEALING] Failed Locator: '(.//*[normalize-space(text()) and normalize-space(.)='Phúc đáp'])[1]/following::a[2]'.

2022-01-17 16:22:02 - [MESSAGE][INFO] - [SELF-HEALING] Failed Locator: '(.//*[normalize-space(text()) and normalize-space(.)='Đã khóa'])[1]/preceding::a[1]'.

2022-01-17 16:22:02 - [MESSAGE][INFO] - [SELF-HEALING] Failed Locator: '(.//*[normalize-space(text()) and normalize-space(.)='Công Bình Lê'])[1]/preceding::a[1]'.

2022-01-17 16:22:03 - [MESSAGE][INFO] - [SELF-HEALING] Failed Locator: '//*/text()[normalize-space(.)='Thông báo dạng bullet']/parent::*'.

2022-01-17 16:22:03 - [MESSAGE][INFO] - [SELF-HEALING] Failed Locator: '//a[@href='http://localhost/mod/forum/discuss.php?d=11']'.

2022-01-17 16:22:03 - [MESSAGE][INFO] - [SELF-HEALING] Failed Locator: '//th/div/a'.

2022-01-17 16:22:04 - [MESSAGE][INFO] - Unable to find the element located by 'By.xpath: //*[@href = 'http://localhost/mod/forum/discuss.php?d=11' and @title = 'Thông báo dạng bullet' and (text() = '
                                        Thông báo dạng bullet
                                    ' or . = '
                                        Thông báo dạng bullet
                                    ')]'. Please recheck the objects properties to make sure the desired element is located. 

2022-01-17 16:22:06 - [MESSAGE][INFO] - Unable to find the element located by 'By.cssSelector: a.w-100.h-100.d-block'. Please recheck the objects properties to make sure the desired element is located. 

2022-01-17 16:22:06 - [MESSAGE][FAILED] - Web element with id: 'Object Repository/Teacher creates announcements/Page_Cc thng bo/a_Thng bo dng bullet' located by '//div[@id='discussion-list-61d445810a3f561d44580e891d21']/table/tbody/tr/th/div/a' not found (Root cause: com.kms.katalon.core.exception.StepFailedException: Web element with id: 'Object Repository/Teacher creates announcements/Page_Cc thng bo/a_Thng bo dng bullet' located by '//div[@id='discussion-list-61d445810a3f561d44580e891d21']/table/tbody/tr/th/div/a' not found
	at com.kms.katalon.core.webui.keyword.internal.WebUIKeywordMain.stepFailed(WebUIKeywordMain.groovy:64)
	at com.kms.katalon.core.webui.keyword.builtin.VerifyElementClickableKeyword$_verifyElementClickable_closure1.doCall(VerifyElementClickableKeyword.groovy:88)
	at com.kms.katalon.core.webui.keyword.builtin.VerifyElementClickableKeyword$_verifyElementClickable_closure1.call(VerifyElementClickableKeyword.groovy)
	at com.kms.katalon.core.webui.keyword.internal.WebUIKeywordMain.runKeyword(WebUIKeywordMain.groovy:20)
	at com.kms.katalon.core.webui.keyword.builtin.VerifyElementClickableKeyword.verifyElementClickable(VerifyElementClickableKeyword.groovy:96)
	at com.kms.katalon.core.webui.keyword.builtin.VerifyElementClickableKeyword.execute(VerifyElementClickableKeyword.groovy:67)
	at com.kms.katalon.core.keyword.internal.KeywordExecutor.executeKeywordForPlatform(KeywordExecutor.groovy:74)
	at com.kms.katalon.core.webui.keyword.WebUiBuiltInKeywords.verifyElementClickable(WebUiBuiltInKeywords.groovy:566)
	at com.kms.katalon.core.webui.keyword.WebUiBuiltInKeywords$verifyElementClickable$10.call(Unknown Source)
	at Teacher create a list announcement.run(Teacher create a list announcement:75)
	at com.kms.katalon.core.main.ScriptEngine.run(ScriptEngine.java:194)
	at com.kms.katalon.core.main.ScriptEngine.runScriptAsRawText(ScriptEngine.java:119)
	at com.kms.katalon.core.main.TestCaseExecutor.runScript(TestCaseExecutor.java:442)
	at com.kms.katalon.core.main.TestCaseExecutor.doExecute(TestCaseExecutor.java:433)
	at com.kms.katalon.core.main.TestCaseExecutor.processExecutionPhase(TestCaseExecutor.java:412)
	at com.kms.katalon.core.main.TestCaseExecutor.accessMainPhase(TestCaseExecutor.java:404)
	at com.kms.katalon.core.main.TestCaseExecutor.execute(TestCaseExecutor.java:281)
	at com.kms.katalon.core.main.TestCaseExecutor.execute(TestCaseExecutor.java:363)
	at com.kms.katalon.core.main.TestCaseExecutor.execute(TestCaseExecutor.java:363)
	at com.kms.katalon.core.main.TestCaseExecutor.execute(TestCaseExecutor.java:363)
	at com.kms.katalon.core.main.TestSuiteExecutor.accessTestCaseMainPhase(TestSuiteExecutor.java:202)
	at com.kms.katalon.core.main.TestSuiteExecutor.accessTestSuiteMainPhase(TestSuiteExecutor.java:164)
	at com.kms.katalon.core.main.TestSuiteExecutor.execute(TestSuiteExecutor.java:105)
	at com.kms.katalon.core.main.TestCaseMain.startTestSuite(TestCaseMain.java:181)
	at com.kms.katalon.core.main.TestCaseMain$startTestSuite$0.call(Unknown Source)
	at TempTestSuite1642408138931.run(TempTestSuite1642408138931.groovy:36)
)
[[ATTACHMENT|D:\\Cong-Binh Le\\xampp\\htdocs\\moodle\\Test Automation - SE Bonus\\Reports\\20220117_152858\\Run All Test Cases\\20220117_152858\\1642411326176.png]]

2022-01-17 16:22:06 - [MESSAGE][FAILED] - Unable to verify object 'Object Repository/Teacher creates announcements/Page_Cc thng bo/a_Thng bo dng bullet' to be clickable (Root cause: com.kms.katalon.core.exception.StepFailedException: Unable to verify object 'Object Repository/Teacher creates announcements/Page_Cc thng bo/a_Thng bo dng bullet' to be clickable
	at com.kms.katalon.core.webui.keyword.internal.WebUIKeywordMain.stepFailed(WebUIKeywordMain.groovy:64)
	at com.kms.katalon.core.webui.keyword.internal.WebUIKeywordMain.runKeyword(WebUIKeywordMain.groovy:26)
	at com.kms.katalon.core.webui.keyword.builtin.VerifyElementClickableKeyword.verifyElementClickable(VerifyElementClickableKeyword.groovy:96)
	at com.kms.katalon.core.webui.keyword.builtin.VerifyElementClickableKeyword.execute(VerifyElementClickableKeyword.groovy:67)
	at com.kms.katalon.core.keyword.internal.KeywordExecutor.executeKeywordForPlatform(KeywordExecutor.groovy:74)
	at com.kms.katalon.core.webui.keyword.WebUiBuiltInKeywords.verifyElementClickable(WebUiBuiltInKeywords.groovy:566)
	at com.kms.katalon.core.webui.keyword.WebUiBuiltInKeywords$verifyElementClickable$10.call(Unknown Source)
	at Teacher create a list announcement.run(Teacher create a list announcement:75)
	at com.kms.katalon.core.main.ScriptEngine.run(ScriptEngine.java:194)
	at com.kms.katalon.core.main.ScriptEngine.runScriptAsRawText(ScriptEngine.java:119)
	at com.kms.katalon.core.main.TestCaseExecutor.runScript(TestCaseExecutor.java:442)
	at com.kms.katalon.core.main.TestCaseExecutor.doExecute(TestCaseExecutor.java:433)
	at com.kms.katalon.core.main.TestCaseExecutor.processExecutionPhase(TestCaseExecutor.java:412)
	at com.kms.katalon.core.main.TestCaseExecutor.accessMainPhase(TestCaseExecutor.java:404)
	at com.kms.katalon.core.main.TestCaseExecutor.execute(TestCaseExecutor.java:281)
	at com.kms.katalon.core.main.TestCaseExecutor.execute(TestCaseExecutor.java:363)
	at com.kms.katalon.core.main.TestCaseExecutor.execute(TestCaseExecutor.java:363)
	at com.kms.katalon.core.main.TestCaseExecutor.execute(TestCaseExecutor.java:363)
	at com.kms.katalon.core.main.TestSuiteExecutor.accessTestCaseMainPhase(TestSuiteExecutor.java:202)
	at com.kms.katalon.core.main.TestSuiteExecutor.accessTestSuiteMainPhase(TestSuiteExecutor.java:164)
	at com.kms.katalon.core.main.TestSuiteExecutor.execute(TestSuiteExecutor.java:105)
	at com.kms.katalon.core.main.TestCaseMain.startTestSuite(TestCaseMain.java:181)
	at com.kms.katalon.core.main.TestCaseMain$startTestSuite$0.call(Unknown Source)
	at TempTestSuite1642408138931.run(TempTestSuite1642408138931.groovy:36)
Caused by: com.kms.katalon.core.exception.StepFailedException: Web element with id: 'Object Repository/Teacher creates announcements/Page_Cc thng bo/a_Thng bo dng bullet' located by '//div[@id='discussion-list-61d445810a3f561d44580e891d21']/table/tbody/tr/th/div/a' not found
	at com.kms.katalon.core.webui.keyword.internal.WebUIKeywordMain.stepFailed(WebUIKeywordMain.groovy:64)
	at com.kms.katalon.core.webui.keyword.builtin.VerifyElementClickableKeyword$_verifyElementClickable_closure1.doCall(VerifyElementClickableKeyword.groovy:88)
	at com.kms.katalon.core.webui.keyword.builtin.VerifyElementClickableKeyword$_verifyElementClickable_closure1.call(VerifyElementClickableKeyword.groovy)
	at com.kms.katalon.core.webui.keyword.internal.WebUIKeywordMain.runKeyword(WebUIKeywordMain.groovy:20)
	... 22 more
)
[[ATTACHMENT|D:\\Cong-Binh Le\\xampp\\htdocs\\moodle\\Test Automation - SE Bonus\\Reports\\20220117_152858\\Run All Test Cases\\20220117_152858\\1642411326492.png]]]]></system-out>
         <system-err><![CDATA[2022-01-17 16:20:35 - [TEST_CASE][FAILED] - Test Cases/Teacher creates announcements/Teacher create a list announcement: Test Cases/Teacher creates announcements/Teacher create a list announcement FAILED.
Reason:
com.kms.katalon.core.exception.StepFailedException: Unable to verify object 'Object Repository/Teacher creates announcements/Page_Cc thng bo/a_Thng bo dng bullet' to be clickable
	at com.kms.katalon.core.webui.keyword.internal.WebUIKeywordMain.stepFailed(WebUIKeywordMain.groovy:64)
	at com.kms.katalon.core.webui.keyword.internal.WebUIKeywordMain.runKeyword(WebUIKeywordMain.groovy:26)
	at com.kms.katalon.core.webui.keyword.builtin.VerifyElementClickableKeyword.verifyElementClickable(VerifyElementClickableKeyword.groovy:96)
	at com.kms.katalon.core.webui.keyword.builtin.VerifyElementClickableKeyword.execute(VerifyElementClickableKeyword.groovy:67)
	at com.kms.katalon.core.keyword.internal.KeywordExecutor.executeKeywordForPlatform(KeywordExecutor.groovy:74)
	at com.kms.katalon.core.webui.keyword.WebUiBuiltInKeywords.verifyElementClickable(WebUiBuiltInKeywords.groovy:566)
	at com.kms.katalon.core.webui.keyword.WebUiBuiltInKeywords$verifyElementClickable$10.call(Unknown Source)
	at Teacher create a list announcement.run(Teacher create a list announcement:75)
	at com.kms.katalon.core.main.ScriptEngine.run(ScriptEngine.java:194)
	at com.kms.katalon.core.main.ScriptEngine.runScriptAsRawText(ScriptEngine.java:119)
	at com.kms.katalon.core.main.TestCaseExecutor.runScript(TestCaseExecutor.java:442)
	at com.kms.katalon.core.main.TestCaseExecutor.doExecute(TestCaseExecutor.java:433)
	at com.kms.katalon.core.main.TestCaseExecutor.processExecutionPhase(TestCaseExecutor.java:412)
	at com.kms.katalon.core.main.TestCaseExecutor.accessMainPhase(TestCaseExecutor.java:404)
	at com.kms.katalon.core.main.TestCaseExecutor.execute(TestCaseExecutor.java:281)
	at com.kms.katalon.core.main.TestCaseExecutor.execute(TestCaseExecutor.java:363)
	at com.kms.katalon.core.main.TestCaseExecutor.execute(TestCaseExecutor.java:363)
	at com.kms.katalon.core.main.TestCaseExecutor.execute(TestCaseExecutor.java:363)
	at com.kms.katalon.core.main.TestSuiteExecutor.accessTestCaseMainPhase(TestSuiteExecutor.java:202)
	at com.kms.katalon.core.main.TestSuiteExecutor.accessTestSuiteMainPhase(TestSuiteExecutor.java:164)
	at com.kms.katalon.core.main.TestSuiteExecutor.execute(TestSuiteExecutor.java:105)
	at com.kms.katalon.core.main.TestCaseMain.startTestSuite(TestCaseMain.java:181)
	at com.kms.katalon.core.main.TestCaseMain$startTestSuite$0.call(Unknown Source)
	at TempTestSuite1642408138931.run(TempTestSuite1642408138931.groovy:36)
Caused by: com.kms.katalon.core.exception.StepFailedException: Web element with id: 'Object Repository/Teacher creates announcements/Page_Cc thng bo/a_Thng bo dng bullet' located by '//div[@id='discussion-list-61d445810a3f561d44580e891d21']/table/tbody/tr/th/div/a' not found
	at com.kms.katalon.core.webui.keyword.internal.WebUIKeywordMain.stepFailed(WebUIKeywordMain.groovy:64)
	at com.kms.katalon.core.webui.keyword.builtin.VerifyElementClickableKeyword$_verifyElementClickable_closure1.doCall(VerifyElementClickableKeyword.groovy:88)
	at com.kms.katalon.core.webui.keyword.builtin.VerifyElementClickableKeyword$_verifyElementClickable_closure1.call(VerifyElementClickableKeyword.groovy)
	at com.kms.katalon.core.webui.keyword.internal.WebUIKeywordMain.runKeyword(WebUIKeywordMain.groovy:20)
	... 22 more]]></system-err>
      </testcase>
      <testcase name="Test Cases/Teacher creates announcements/Teacher create a new announcement" time="76.9" classname="Test Cases/Teacher creates announcements/Teacher create a new announcement" status="PASSED">
         <system-out><![CDATA[2022-01-17 16:22:06 - [TEST_CASE][PASSED] - Test Cases/Teacher creates announcements/Teacher create a new announcement: Test Cases/Teacher creates announcements/Teacher create a new announcement

2022-01-17 16:22:07 - [TEST_STEP][PASSED] - openBrowser(""): Browser is opened with url: ''

2022-01-17 16:22:07 - [MESSAGE][WARNING] - A browser is already opened. Closing browser and opening a new one

2022-01-17 16:22:07 - [MESSAGE][INFO] - Starting 'Chrome' driver

2022-01-17 16:22:07 - [MESSAGE][INFO] - Action delay is set to 0 milliseconds

2022-01-17 16:22:09 - [MESSAGE][PASSED] - Browser is opened with url: ''

2022-01-17 16:22:09 - [TEST_STEP][PASSED] - navigateToUrl("http://localhost/"): Navigate to 'http://localhost/' successfully

2022-01-17 16:22:09 - [MESSAGE][PASSED] - Navigate to 'http://localhost/' successfully

2022-01-17 16:22:09 - [TEST_STEP][PASSED] - click(findTestObject("Object Repository/Teacher creates announcements/Page_Local Moodle/a_Log in")): Object: 'Object Repository/Teacher creates announcements/Page_Local Moodle/a_Log in' is clicked on

2022-01-17 16:22:10 - [MESSAGE][PASSED] - Object: 'Object Repository/Teacher creates announcements/Page_Local Moodle/a_Log in' is clicked on

2022-01-17 16:22:10 - [TEST_STEP][PASSED] - click(findTestObject("Object Repository/Teacher creates announcements/Page_Local Moodle Log in to the site/form_document.getElementById(anchor).value _70e5d4")): Object: 'Object Repository/Teacher creates announcements/Page_Local Moodle Log in to the site/form_document.getElementById(anchor).value _70e5d4' is clicked on

2022-01-17 16:22:11 - [MESSAGE][PASSED] - Object: 'Object Repository/Teacher creates announcements/Page_Local Moodle Log in to the site/form_document.getElementById(anchor).value _70e5d4' is clicked on

2022-01-17 16:22:11 - [TEST_STEP][PASSED] - setText(findTestObject("Object Repository/Teacher creates announcements/Page_Local Moodle Log in to the site/input_Username_username"), "lcbinh"): Text 'lcbinh' is set on object 'Object Repository/Teacher creates announcements/Page_Local Moodle Log in to the site/input_Username_username'

2022-01-17 16:22:12 - [MESSAGE][PASSED] - Text 'lcbinh' is set on object 'Object Repository/Teacher creates announcements/Page_Local Moodle Log in to the site/input_Username_username'

2022-01-17 16:22:12 - [TEST_STEP][PASSED] - setEncryptedText(findTestObject("Object Repository/Teacher creates announcements/Page_Local Moodle Log in to the site/input_Password_password"), "o5TCnEIIWq0Pz0TkrK1a2rpuWvRKVWz2"): Text ****** has been set on object 'Object Repository/Teacher creates announcements/Page_Local Moodle Log in to the site/input_Password_password'

2022-01-17 16:22:12 - [MESSAGE][PASSED] - Text ****** has been set on object 'Object Repository/Teacher creates announcements/Page_Local Moodle Log in to the site/input_Password_password'

2022-01-17 16:22:12 - [TEST_STEP][PASSED] - click(findTestObject("Object Repository/Teacher creates announcements/Page_Local Moodle Log in to the site/button_Log in")): Object: 'Object Repository/Teacher creates announcements/Page_Local Moodle Log in to the site/button_Log in' is clicked on

2022-01-17 16:22:14 - [MESSAGE][PASSED] - Object: 'Object Repository/Teacher creates announcements/Page_Local Moodle Log in to the site/button_Log in' is clicked on

2022-01-17 16:22:14 - [TEST_STEP][PASSED] - verifyElementClickable(findTestObject("Object Repository/Teacher creates announcements/Page_Nh ca ti/span_Nhp mn Cng ngh phn mm")): Object 'Object Repository/Teacher creates announcements/Page_Nh ca ti/span_Nhp mn Cng ngh phn mm' is clickable

2022-01-17 16:22:20 - [MESSAGE][INFO] - Unable to find the element located by 'By.xpath: //div[@id='course-info-container-2-4']/div/div/a/span[3]'. Please recheck the objects properties to make sure the desired element is located. 

2022-01-17 16:22:20 - [MESSAGE][WARNING] - [SELF-HEALING] Failed to find element with id 'Object Repository/Teacher creates announcements/Page_Nh ca ti/span_Nhp mn Cng ngh phn mm'. Try using Self-healing.

2022-01-17 16:22:21 - [MESSAGE][WARNING] - [SELF-HEALING] The current locator of test object 'Object Repository/Teacher creates announcements/Page_Nh ca ti/span_Nhp mn Cng ngh phn mm' was broken. Propose an alternative one: '//span[3]'.

2022-01-17 16:22:21 - [MESSAGE][PASSED] - Object 'Object Repository/Teacher creates announcements/Page_Nh ca ti/span_Nhp mn Cng ngh phn mm' is clickable

2022-01-17 16:22:21 - [TEST_STEP][PASSED] - click(findTestObject("Object Repository/Teacher creates announcements/Page_Nh ca ti/span_Nhp mn Cng ngh phn mm")): Object: 'Object Repository/Teacher creates announcements/Page_Nh ca ti/span_Nhp mn Cng ngh phn mm' is clicked on

2022-01-17 16:22:27 - [MESSAGE][INFO] - Unable to find the element located by 'By.xpath: //div[@id='course-info-container-2-4']/div/div/a/span[3]'. Please recheck the objects properties to make sure the desired element is located. 

2022-01-17 16:22:27 - [MESSAGE][WARNING] - [SELF-HEALING] Failed to find element with id 'Object Repository/Teacher creates announcements/Page_Nh ca ti/span_Nhp mn Cng ngh phn mm'. Try using Self-healing.

2022-01-17 16:22:27 - [MESSAGE][WARNING] - [SELF-HEALING] The current locator of test object 'Object Repository/Teacher creates announcements/Page_Nh ca ti/span_Nhp mn Cng ngh phn mm' was broken. Propose an alternative one: '//span[3]'.

2022-01-17 16:22:28 - [MESSAGE][PASSED] - Object: 'Object Repository/Teacher creates announcements/Page_Nh ca ti/span_Nhp mn Cng ngh phn mm' is clicked on

2022-01-17 16:22:28 - [TEST_STEP][PASSED] - verifyElementClickable(findTestObject("Object Repository/Teacher creates announcements/Page_Kha Nhp mn Cng ngh phn mm/span_Cc thng bo Din n")): Object 'Object Repository/Teacher creates announcements/Page_Kha Nhp mn Cng ngh phn mm/span_Cc thng bo Din n' is clickable

2022-01-17 16:22:34 - [MESSAGE][INFO] - Unable to find the element located by 'By.xpath: //li[@id='module-1']/div/div/div[2]/div/a/span'. Please recheck the objects properties to make sure the desired element is located. 

2022-01-17 16:22:34 - [MESSAGE][WARNING] - [SELF-HEALING] Failed to find element with id 'Object Repository/Teacher creates announcements/Page_Kha Nhp mn Cng ngh phn mm/span_Cc thng bo Din n'. Try using Self-healing.

2022-01-17 16:22:35 - [MESSAGE][WARNING] - [SELF-HEALING] The current locator of test object 'Object Repository/Teacher creates announcements/Page_Kha Nhp mn Cng ngh phn mm/span_Cc thng bo Din n' was broken. Propose an alternative one: '(.//*[normalize-space(text()) and normalize-space(.)='Chung'])[2]/following::span[1]'.

2022-01-17 16:22:35 - [MESSAGE][PASSED] - Object 'Object Repository/Teacher creates announcements/Page_Kha Nhp mn Cng ngh phn mm/span_Cc thng bo Din n' is clickable

2022-01-17 16:22:35 - [TEST_STEP][PASSED] - click(findTestObject("Object Repository/Teacher creates announcements/Page_Kha Nhp mn Cng ngh phn mm/span_Cc thng bo Din n")): Object: 'Object Repository/Teacher creates announcements/Page_Kha Nhp mn Cng ngh phn mm/span_Cc thng bo Din n' is clicked on

2022-01-17 16:22:41 - [MESSAGE][INFO] - Unable to find the element located by 'By.xpath: //li[@id='module-1']/div/div/div[2]/div/a/span'. Please recheck the objects properties to make sure the desired element is located. 

2022-01-17 16:22:41 - [MESSAGE][WARNING] - [SELF-HEALING] Failed to find element with id 'Object Repository/Teacher creates announcements/Page_Kha Nhp mn Cng ngh phn mm/span_Cc thng bo Din n'. Try using Self-healing.

2022-01-17 16:22:41 - [MESSAGE][WARNING] - [SELF-HEALING] The current locator of test object 'Object Repository/Teacher creates announcements/Page_Kha Nhp mn Cng ngh phn mm/span_Cc thng bo Din n' was broken. Propose an alternative one: '(.//*[normalize-space(text()) and normalize-space(.)='Chung'])[2]/following::span[1]'.

2022-01-17 16:22:43 - [MESSAGE][PASSED] - Object: 'Object Repository/Teacher creates announcements/Page_Kha Nhp mn Cng ngh phn mm/span_Cc thng bo Din n' is clicked on

2022-01-17 16:22:43 - [TEST_STEP][PASSED] - verifyElementClickable(findTestObject("Object Repository/Teacher creates announcements/Page_Cc thng bo/a_Thm mt ch  mi")): Object 'Object Repository/Teacher creates announcements/Page_Cc thng bo/a_Thm mt ch  mi' is clickable

2022-01-17 16:22:49 - [MESSAGE][INFO] - Unable to find the element located by 'By.xpath: //a[@id='yui_3_17_2_1_1641377104026_492']'. Please recheck the objects properties to make sure the desired element is located. 

2022-01-17 16:22:49 - [MESSAGE][WARNING] - [SELF-HEALING] Failed to find element with id 'Object Repository/Teacher creates announcements/Page_Cc thng bo/a_Thm mt ch  mi'. Try using Self-healing.

2022-01-17 16:22:49 - [MESSAGE][WARNING] - [SELF-HEALING] The current locator of test object 'Object Repository/Teacher creates announcements/Page_Cc thng bo/a_Thm mt ch  mi' was broken. Propose an alternative one: '//a[contains(text(),'Thêm một chủ đề mới')]'.

2022-01-17 16:22:49 - [MESSAGE][PASSED] - Object 'Object Repository/Teacher creates announcements/Page_Cc thng bo/a_Thm mt ch  mi' is clickable

2022-01-17 16:22:49 - [TEST_STEP][PASSED] - click(findTestObject("Object Repository/Teacher creates announcements/Page_Cc thng bo/a_Thm mt ch  mi")): Object: 'Object Repository/Teacher creates announcements/Page_Cc thng bo/a_Thm mt ch  mi' is clicked on

2022-01-17 16:22:56 - [MESSAGE][INFO] - Unable to find the element located by 'By.xpath: //a[@id='yui_3_17_2_1_1641377104026_492']'. Please recheck the objects properties to make sure the desired element is located. 

2022-01-17 16:22:56 - [MESSAGE][WARNING] - [SELF-HEALING] Failed to find element with id 'Object Repository/Teacher creates announcements/Page_Cc thng bo/a_Thm mt ch  mi'. Try using Self-healing.

2022-01-17 16:22:56 - [MESSAGE][WARNING] - [SELF-HEALING] The current locator of test object 'Object Repository/Teacher creates announcements/Page_Cc thng bo/a_Thm mt ch  mi' was broken. Propose an alternative one: '//a[contains(text(),'Thêm một chủ đề mới')]'.

2022-01-17 16:22:56 - [MESSAGE][PASSED] - Object: 'Object Repository/Teacher creates announcements/Page_Cc thng bo/a_Thm mt ch  mi' is clicked on

2022-01-17 16:22:56 - [TEST_STEP][PASSED] - setText(findTestObject("Object Repository/Teacher creates announcements/Page_Cc thng bo/input_Tiu_subject"), "Thông báo mới"): Text 'Thông báo mới' is set on object 'Object Repository/Teacher creates announcements/Page_Cc thng bo/input_Tiu_subject'

2022-01-17 16:22:57 - [MESSAGE][PASSED] - Text 'Thông báo mới' is set on object 'Object Repository/Teacher creates announcements/Page_Cc thng bo/input_Tiu_subject'

2022-01-17 16:22:57 - [TEST_STEP][PASSED] - setText(findTestObject("Object Repository/Teacher creates announcements/Page_Cc thng bo/div_Hello world"), "<p dir="ltr" style="text-align: left;">Hello world</p>"): Text '<p dir="ltr" style="text-align: left;">Hello world</p>' is set on object 'Object Repository/Teacher creates announcements/Page_Cc thng bo/div_Hello world'

2022-01-17 16:22:58 - [MESSAGE][PASSED] - Text '<p dir="ltr" style="text-align: left;">Hello world</p>' is set on object 'Object Repository/Teacher creates announcements/Page_Cc thng bo/div_Hello world'

2022-01-17 16:22:58 - [TEST_STEP][PASSED] - verifyElementClickable(findTestObject("Object Repository/Teacher creates announcements/Page_Cc thng bo/input_Ni dung_submitbutton")): Object 'Object Repository/Teacher creates announcements/Page_Cc thng bo/input_Ni dung_submitbutton' is clickable

2022-01-17 16:22:59 - [MESSAGE][PASSED] - Object 'Object Repository/Teacher creates announcements/Page_Cc thng bo/input_Ni dung_submitbutton' is clickable

2022-01-17 16:22:59 - [TEST_STEP][PASSED] - click(findTestObject("Object Repository/Teacher creates announcements/Page_Cc thng bo/input_Ni dung_submitbutton")): Object: 'Object Repository/Teacher creates announcements/Page_Cc thng bo/input_Ni dung_submitbutton' is clicked on

2022-01-17 16:23:01 - [MESSAGE][PASSED] - Object: 'Object Repository/Teacher creates announcements/Page_Cc thng bo/input_Ni dung_submitbutton' is clicked on

2022-01-17 16:23:01 - [TEST_STEP][PASSED] - verifyElementText(findTestObject("Object Repository/Teacher creates announcements/Page_Cc thng bo/a_Thng bo mi"), "Thông báo mới"): Actual text and expected text of test object 'Object Repository/Teacher creates announcements/Page_Cc thng bo/a_Thng bo mi' are matched.

2022-01-17 16:23:07 - [MESSAGE][INFO] - Unable to find the element located by 'By.xpath: //a[@id='yui_3_17_2_1_1641377142667_495']'. Please recheck the objects properties to make sure the desired element is located. 

2022-01-17 16:23:07 - [MESSAGE][WARNING] - [SELF-HEALING] Failed to find element with id 'Object Repository/Teacher creates announcements/Page_Cc thng bo/a_Thng bo mi'. Try using Self-healing.

2022-01-17 16:23:07 - [MESSAGE][WARNING] - [SELF-HEALING] The current locator of test object 'Object Repository/Teacher creates announcements/Page_Cc thng bo/a_Thng bo mi' was broken. Propose an alternative one: '//a[contains(text(),'Thông báo mới')]'.

2022-01-17 16:23:07 - [MESSAGE][PASSED] - Actual text and expected text of test object 'Object Repository/Teacher creates announcements/Page_Cc thng bo/a_Thng bo mi' are matched.

2022-01-17 16:23:07 - [TEST_STEP][PASSED] - verifyElementClickable(findTestObject("Object Repository/Teacher creates announcements/Page_Cc thng bo/a_Thng bo mi")): Object 'Object Repository/Teacher creates announcements/Page_Cc thng bo/a_Thng bo mi' is clickable

2022-01-17 16:23:14 - [MESSAGE][INFO] - Unable to find the element located by 'By.xpath: //a[@id='yui_3_17_2_1_1641377142667_495']'. Please recheck the objects properties to make sure the desired element is located. 

2022-01-17 16:23:14 - [MESSAGE][WARNING] - [SELF-HEALING] Failed to find element with id 'Object Repository/Teacher creates announcements/Page_Cc thng bo/a_Thng bo mi'. Try using Self-healing.

2022-01-17 16:23:14 - [MESSAGE][WARNING] - [SELF-HEALING] The current locator of test object 'Object Repository/Teacher creates announcements/Page_Cc thng bo/a_Thng bo mi' was broken. Propose an alternative one: '//a[contains(text(),'Thông báo mới')]'.

2022-01-17 16:23:14 - [MESSAGE][PASSED] - Object 'Object Repository/Teacher creates announcements/Page_Cc thng bo/a_Thng bo mi' is clickable

2022-01-17 16:23:14 - [TEST_STEP][PASSED] - click(findTestObject("Object Repository/Teacher creates announcements/Page_Cc thng bo/a_Thng bo mi")): Object: 'Object Repository/Teacher creates announcements/Page_Cc thng bo/a_Thng bo mi' is clicked on

2022-01-17 16:23:20 - [MESSAGE][INFO] - Unable to find the element located by 'By.xpath: //a[@id='yui_3_17_2_1_1641377142667_495']'. Please recheck the objects properties to make sure the desired element is located. 

2022-01-17 16:23:20 - [MESSAGE][WARNING] - [SELF-HEALING] Failed to find element with id 'Object Repository/Teacher creates announcements/Page_Cc thng bo/a_Thng bo mi'. Try using Self-healing.

2022-01-17 16:23:21 - [MESSAGE][WARNING] - [SELF-HEALING] The current locator of test object 'Object Repository/Teacher creates announcements/Page_Cc thng bo/a_Thng bo mi' was broken. Propose an alternative one: '//a[contains(text(),'Thông báo mới')]'.

2022-01-17 16:23:22 - [MESSAGE][PASSED] - Object: 'Object Repository/Teacher creates announcements/Page_Cc thng bo/a_Thng bo mi' is clicked on

2022-01-17 16:23:22 - [TEST_STEP][PASSED] - verifyElementText(findTestObject("Object Repository/Teacher creates announcements/Page_NM CNPM Thng bo mi/h3_Thng bo mi"), "Thông báo mới"): Actual text and expected text of test object 'Object Repository/Teacher creates announcements/Page_NM CNPM Thng bo mi/h3_Thng bo mi' are matched.

2022-01-17 16:23:22 - [MESSAGE][PASSED] - Actual text and expected text of test object 'Object Repository/Teacher creates announcements/Page_NM CNPM Thng bo mi/h3_Thng bo mi' are matched.

2022-01-17 16:23:22 - [TEST_STEP][PASSED] - closeBrowser(): Browser is closed

2022-01-17 16:23:23 - [MESSAGE][PASSED] - Browser is closed]]></system-out>
         <system-err><![CDATA[]]></system-err>
      </testcase>
      <testcase name="Test Cases/Teacher creates announcements/Teacher edit announcement" time="81.294" classname="Test Cases/Teacher creates announcements/Teacher edit announcement" status="FAILED">
         <failure type="FAILED" message="Test Cases/Teacher creates announcements/Teacher edit announcement FAILED.
Reason:
com.kms.katalon.core.exception.StepFailedException: Verify element text of test object 'Object Repository/Teacher creates announcements/Page_Cc thng bo/a_Thng bo  c chnh sa' FAILED.
	at com.kms.katalon.core.webui.keyword.internal.WebUIKeywordMain.stepFailed(WebUIKeywordMain.groovy:64)
	at com.kms.katalon.core.webui.keyword.internal.WebUIKeywordMain.runKeyword(WebUIKeywordMain.groovy:26)
	at com.kms.katalon.core.webui.keyword.builtin.VerifyElementTextKeyword.verifyElementText(VerifyElementTextKeyword.groovy:72)
	at com.kms.katalon.core.webui.keyword.builtin.VerifyElementTextKeyword.execute(VerifyElementTextKeyword.groovy:40)
	at com.kms.katalon.core.keyword.internal.KeywordExecutor.executeKeywordForPlatform(KeywordExecutor.groovy:74)
	at com.kms.katalon.core.webui.keyword.WebUiBuiltInKeywords.verifyElementText(WebUiBuiltInKeywords.groovy:4749)
	at com.kms.katalon.core.webui.keyword.WebUiBuiltInKeywords$verifyElementText$5.call(Unknown Source)
	at Teacher edit announcement.run(Teacher edit announcement:69)
	at com.kms.katalon.core.main.ScriptEngine.run(ScriptEngine.java:194)
	at com.kms.katalon.core.main.ScriptEngine.runScriptAsRawText(ScriptEngine.java:119)
	at com.kms.katalon.core.main.TestCaseExecutor.runScript(TestCaseExecutor.java:442)
	at com.kms.katalon.core.main.TestCaseExecutor.doExecute(TestCaseExecutor.java:433)
	at com.kms.katalon.core.main.TestCaseExecutor.processExecutionPhase(TestCaseExecutor.java:412)
	at com.kms.katalon.core.main.TestCaseExecutor.accessMainPhase(TestCaseExecutor.java:404)
	at com.kms.katalon.core.main.TestCaseExecutor.execute(TestCaseExecutor.java:281)
	at com.kms.katalon.core.main.TestCaseExecutor.execute(TestCaseExecutor.java:363)
	at com.kms.katalon.core.main.TestCaseExecutor.execute(TestCaseExecutor.java:363)
	at com.kms.katalon.core.main.TestCaseExecutor.execute(TestCaseExecutor.java:363)
	at com.kms.katalon.core.main.TestSuiteExecutor.accessTestCaseMainPhase(TestSuiteExecutor.java:202)
	at com.kms.katalon.core.main.TestSuiteExecutor.accessTestSuiteMainPhase(TestSuiteExecutor.java:164)
	at com.kms.katalon.core.main.TestSuiteExecutor.execute(TestSuiteExecutor.java:105)
	at com.kms.katalon.core.main.TestCaseMain.startTestSuite(TestCaseMain.java:181)
	at com.kms.katalon.core.main.TestCaseMain$startTestSuite$0.call(Unknown Source)
	at TempTestSuite1642408138931.run(TempTestSuite1642408138931.groovy:36)
Caused by: com.kms.katalon.core.exception.StepFailedException: com.kms.katalon.core.webui.exception.WebElementNotFoundException: Web element with id: 'Object Repository/Teacher creates announcements/Page_Cc thng bo/a_Thng bo  c chnh sa' located by '//div[@id='discussion-list-61d441f130fca61d441f11bd8321']/table/tbody/tr/th/div/a' not found
	at com.kms.katalon.core.webui.keyword.internal.WebUIKeywordMain.stepFailed(WebUIKeywordMain.groovy:64)
	at com.kms.katalon.core.webui.keyword.builtin.VerifyElementTextKeyword$_verifyElementText_closure1.doCall(VerifyElementTextKeyword.groovy:64)
	at com.kms.katalon.core.webui.keyword.builtin.VerifyElementTextKeyword$_verifyElementText_closure1.call(VerifyElementTextKeyword.groovy)
	at com.kms.katalon.core.webui.keyword.internal.WebUIKeywordMain.runKeyword(WebUIKeywordMain.groovy:20)
	... 22 more
"/>
         <system-out><![CDATA[2022-01-17 16:27:29 - [TEST_CASE][FAILED] - Test Cases/Teacher creates announcements/Teacher edit announcement: Test Cases/Teacher creates announcements/Teacher edit announcement FAILED.
Reason:
com.kms.katalon.core.exception.StepFailedException: Verify element text of test object 'Object Repository/Teacher creates announcements/Page_Cc thng bo/a_Thng bo  c chnh sa' FAILED.
	at com.kms.katalon.core.webui.keyword.internal.WebUIKeywordMain.stepFailed(WebUIKeywordMain.groovy:64)
	at com.kms.katalon.core.webui.keyword.internal.WebUIKeywordMain.runKeyword(WebUIKeywordMain.groovy:26)
	at com.kms.katalon.core.webui.keyword.builtin.VerifyElementTextKeyword.verifyElementText(VerifyElementTextKeyword.groovy:72)
	at com.kms.katalon.core.webui.keyword.builtin.VerifyElementTextKeyword.execute(VerifyElementTextKeyword.groovy:40)
	at com.kms.katalon.core.keyword.internal.KeywordExecutor.executeKeywordForPlatform(KeywordExecutor.groovy:74)
	at com.kms.katalon.core.webui.keyword.WebUiBuiltInKeywords.verifyElementText(WebUiBuiltInKeywords.groovy:4749)
	at com.kms.katalon.core.webui.keyword.WebUiBuiltInKeywords$verifyElementText$5.call(Unknown Source)
	at Teacher edit announcement.run(Teacher edit announcement:69)
	at com.kms.katalon.core.main.ScriptEngine.run(ScriptEngine.java:194)
	at com.kms.katalon.core.main.ScriptEngine.runScriptAsRawText(ScriptEngine.java:119)
	at com.kms.katalon.core.main.TestCaseExecutor.runScript(TestCaseExecutor.java:442)
	at com.kms.katalon.core.main.TestCaseExecutor.doExecute(TestCaseExecutor.java:433)
	at com.kms.katalon.core.main.TestCaseExecutor.processExecutionPhase(TestCaseExecutor.java:412)
	at com.kms.katalon.core.main.TestCaseExecutor.accessMainPhase(TestCaseExecutor.java:404)
	at com.kms.katalon.core.main.TestCaseExecutor.execute(TestCaseExecutor.java:281)
	at com.kms.katalon.core.main.TestCaseExecutor.execute(TestCaseExecutor.java:363)
	at com.kms.katalon.core.main.TestCaseExecutor.execute(TestCaseExecutor.java:363)
	at com.kms.katalon.core.main.TestCaseExecutor.execute(TestCaseExecutor.java:363)
	at com.kms.katalon.core.main.TestSuiteExecutor.accessTestCaseMainPhase(TestSuiteExecutor.java:202)
	at com.kms.katalon.core.main.TestSuiteExecutor.accessTestSuiteMainPhase(TestSuiteExecutor.java:164)
	at com.kms.katalon.core.main.TestSuiteExecutor.execute(TestSuiteExecutor.java:105)
	at com.kms.katalon.core.main.TestCaseMain.startTestSuite(TestCaseMain.java:181)
	at com.kms.katalon.core.main.TestCaseMain$startTestSuite$0.call(Unknown Source)
	at TempTestSuite1642408138931.run(TempTestSuite1642408138931.groovy:36)
Caused by: com.kms.katalon.core.exception.StepFailedException: com.kms.katalon.core.webui.exception.WebElementNotFoundException: Web element with id: 'Object Repository/Teacher creates announcements/Page_Cc thng bo/a_Thng bo  c chnh sa' located by '//div[@id='discussion-list-61d441f130fca61d441f11bd8321']/table/tbody/tr/th/div/a' not found
	at com.kms.katalon.core.webui.keyword.internal.WebUIKeywordMain.stepFailed(WebUIKeywordMain.groovy:64)
	at com.kms.katalon.core.webui.keyword.builtin.VerifyElementTextKeyword$_verifyElementText_closure1.doCall(VerifyElementTextKeyword.groovy:64)
	at com.kms.katalon.core.webui.keyword.builtin.VerifyElementTextKeyword$_verifyElementText_closure1.call(VerifyElementTextKeyword.groovy)
	at com.kms.katalon.core.webui.keyword.internal.WebUIKeywordMain.runKeyword(WebUIKeywordMain.groovy:20)
	... 22 more


2022-01-17 16:27:29 - [TEST_STEP][PASSED] - openBrowser(""): Browser is opened with url: ''

2022-01-17 16:27:29 - [MESSAGE][WARNING] - A browser is already opened. Closing browser and opening a new one

2022-01-17 16:27:29 - [MESSAGE][INFO] - Starting 'Chrome' driver

2022-01-17 16:27:29 - [MESSAGE][INFO] - Action delay is set to 0 milliseconds

2022-01-17 16:27:31 - [MESSAGE][PASSED] - Browser is opened with url: ''

2022-01-17 16:27:31 - [TEST_STEP][PASSED] - navigateToUrl("http://localhost/"): Navigate to 'http://localhost/' successfully

2022-01-17 16:27:31 - [MESSAGE][PASSED] - Navigate to 'http://localhost/' successfully

2022-01-17 16:27:31 - [TEST_STEP][PASSED] - click(findTestObject("Object Repository/Teacher creates announcements/Page_Local Moodle/a_Log in")): Object: 'Object Repository/Teacher creates announcements/Page_Local Moodle/a_Log in' is clicked on

2022-01-17 16:27:32 - [MESSAGE][PASSED] - Object: 'Object Repository/Teacher creates announcements/Page_Local Moodle/a_Log in' is clicked on

2022-01-17 16:27:32 - [TEST_STEP][PASSED] - setText(findTestObject("Object Repository/Teacher creates announcements/Page_Local Moodle Log in to the site/input_Username_username"), "lcbinh"): Text 'lcbinh' is set on object 'Object Repository/Teacher creates announcements/Page_Local Moodle Log in to the site/input_Username_username'

2022-01-17 16:27:33 - [MESSAGE][PASSED] - Text 'lcbinh' is set on object 'Object Repository/Teacher creates announcements/Page_Local Moodle Log in to the site/input_Username_username'

2022-01-17 16:27:33 - [TEST_STEP][PASSED] - setEncryptedText(findTestObject("Object Repository/Teacher creates announcements/Page_Local Moodle Log in to the site/input_Password_password"), "o5TCnEIIWq0Pz0TkrK1a2rpuWvRKVWz2"): Text ****** has been set on object 'Object Repository/Teacher creates announcements/Page_Local Moodle Log in to the site/input_Password_password'

2022-01-17 16:27:34 - [MESSAGE][PASSED] - Text ****** has been set on object 'Object Repository/Teacher creates announcements/Page_Local Moodle Log in to the site/input_Password_password'

2022-01-17 16:27:34 - [TEST_STEP][PASSED] - click(findTestObject("Object Repository/Teacher creates announcements/Page_Local Moodle Log in to the site/button_Log in")): Object: 'Object Repository/Teacher creates announcements/Page_Local Moodle Log in to the site/button_Log in' is clicked on

2022-01-17 16:27:36 - [MESSAGE][PASSED] - Object: 'Object Repository/Teacher creates announcements/Page_Local Moodle Log in to the site/button_Log in' is clicked on

2022-01-17 16:27:36 - [TEST_STEP][PASSED] - click(findTestObject("Object Repository/Teacher creates announcements/Page_Nh ca ti/span_Nhp mn Cng ngh phn mm")): Object: 'Object Repository/Teacher creates announcements/Page_Nh ca ti/span_Nhp mn Cng ngh phn mm' is clicked on

2022-01-17 16:27:42 - [MESSAGE][INFO] - Unable to find the element located by 'By.xpath: //div[@id='course-info-container-2-4']/div/div/a/span[3]'. Please recheck the objects properties to make sure the desired element is located. 

2022-01-17 16:27:42 - [MESSAGE][WARNING] - [SELF-HEALING] Failed to find element with id 'Object Repository/Teacher creates announcements/Page_Nh ca ti/span_Nhp mn Cng ngh phn mm'. Try using Self-healing.

2022-01-17 16:27:42 - [MESSAGE][WARNING] - [SELF-HEALING] The current locator of test object 'Object Repository/Teacher creates announcements/Page_Nh ca ti/span_Nhp mn Cng ngh phn mm' was broken. Propose an alternative one: '//span[3]'.

2022-01-17 16:27:43 - [MESSAGE][PASSED] - Object: 'Object Repository/Teacher creates announcements/Page_Nh ca ti/span_Nhp mn Cng ngh phn mm' is clicked on

2022-01-17 16:27:43 - [TEST_STEP][PASSED] - click(findTestObject("Object Repository/Teacher creates announcements/Page_Kha Nhp mn Cng ngh phn mm/span_Cc thng bo Din n")): Object: 'Object Repository/Teacher creates announcements/Page_Kha Nhp mn Cng ngh phn mm/span_Cc thng bo Din n' is clicked on

2022-01-17 16:27:49 - [MESSAGE][INFO] - Unable to find the element located by 'By.xpath: //li[@id='module-1']/div/div/div[2]/div/a/span'. Please recheck the objects properties to make sure the desired element is located. 

2022-01-17 16:27:49 - [MESSAGE][WARNING] - [SELF-HEALING] Failed to find element with id 'Object Repository/Teacher creates announcements/Page_Kha Nhp mn Cng ngh phn mm/span_Cc thng bo Din n'. Try using Self-healing.

2022-01-17 16:27:49 - [MESSAGE][WARNING] - [SELF-HEALING] The current locator of test object 'Object Repository/Teacher creates announcements/Page_Kha Nhp mn Cng ngh phn mm/span_Cc thng bo Din n' was broken. Propose an alternative one: '(.//*[normalize-space(text()) and normalize-space(.)='Chung'])[2]/following::span[1]'.

2022-01-17 16:27:51 - [MESSAGE][PASSED] - Object: 'Object Repository/Teacher creates announcements/Page_Kha Nhp mn Cng ngh phn mm/span_Cc thng bo Din n' is clicked on

2022-01-17 16:27:51 - [TEST_STEP][PASSED] - click(findTestObject("Object Repository/Teacher creates announcements/Page_Cc thng bo/a_Thng bo  c cp nht")): Object: 'Object Repository/Teacher creates announcements/Page_Cc thng bo/a_Thng bo  c cp nht' is clicked on

2022-01-17 16:27:57 - [MESSAGE][INFO] - Unable to find the element located by 'By.xpath: //a[@id='yui_3_17_2_1_1641300376051_496']'. Please recheck the objects properties to make sure the desired element is located. 

2022-01-17 16:27:57 - [MESSAGE][WARNING] - [SELF-HEALING] Failed to find element with id 'Object Repository/Teacher creates announcements/Page_Cc thng bo/a_Thng bo  c cp nht'. Try using Self-healing.

2022-01-17 16:27:57 - [MESSAGE][WARNING] - [SELF-HEALING] The current locator of test object 'Object Repository/Teacher creates announcements/Page_Cc thng bo/a_Thng bo  c cp nht' was broken. Propose an alternative one: '(.//*[normalize-space(text()) and normalize-space(.)='Công Bình Lê'])[2]/preceding::a[1]'.

2022-01-17 16:27:58 - [MESSAGE][PASSED] - Object: 'Object Repository/Teacher creates announcements/Page_Cc thng bo/a_Thng bo  c cp nht' is clicked on

2022-01-17 16:27:58 - [TEST_STEP][PASSED] - verifyElementClickable(findTestObject("Object Repository/Teacher creates announcements/Page_NM CNPM Thng bo  c cp nht/a_Chnh sa")): Object 'Object Repository/Teacher creates announcements/Page_NM CNPM Thng bo  c cp nht/a_Chnh sa' is clickable

2022-01-17 16:28:04 - [MESSAGE][INFO] - Unable to find the element located by 'By.xpath: //article[@id='p10']/div/div/div/div[2]/div[2]/div/a[2]'. Please recheck the objects properties to make sure the desired element is located. 

2022-01-17 16:28:04 - [MESSAGE][WARNING] - [SELF-HEALING] Failed to find element with id 'Object Repository/Teacher creates announcements/Page_NM CNPM Thng bo  c cp nht/a_Chnh sa'. Try using Self-healing.

2022-01-17 16:28:05 - [MESSAGE][WARNING] - [SELF-HEALING] The current locator of test object 'Object Repository/Teacher creates announcements/Page_NM CNPM Thng bo  c cp nht/a_Chnh sa' was broken. Propose an alternative one: '//div[2]/div/a[2]'.

2022-01-17 16:28:05 - [MESSAGE][PASSED] - Object 'Object Repository/Teacher creates announcements/Page_NM CNPM Thng bo  c cp nht/a_Chnh sa' is clickable

2022-01-17 16:28:05 - [TEST_STEP][PASSED] - click(findTestObject("Object Repository/Teacher creates announcements/Page_NM CNPM Thng bo  c cp nht/a_Chnh sa")): Object: 'Object Repository/Teacher creates announcements/Page_NM CNPM Thng bo  c cp nht/a_Chnh sa' is clicked on

2022-01-17 16:28:11 - [MESSAGE][INFO] - Unable to find the element located by 'By.xpath: //article[@id='p10']/div/div/div/div[2]/div[2]/div/a[2]'. Please recheck the objects properties to make sure the desired element is located. 

2022-01-17 16:28:11 - [MESSAGE][WARNING] - [SELF-HEALING] Failed to find element with id 'Object Repository/Teacher creates announcements/Page_NM CNPM Thng bo  c cp nht/a_Chnh sa'. Try using Self-healing.

2022-01-17 16:28:11 - [MESSAGE][WARNING] - [SELF-HEALING] The current locator of test object 'Object Repository/Teacher creates announcements/Page_NM CNPM Thng bo  c cp nht/a_Chnh sa' was broken. Propose an alternative one: '//div[2]/div/a[2]'.

2022-01-17 16:28:12 - [MESSAGE][PASSED] - Object: 'Object Repository/Teacher creates announcements/Page_NM CNPM Thng bo  c cp nht/a_Chnh sa' is clicked on

2022-01-17 16:28:12 - [TEST_STEP][PASSED] - setText(findTestObject("Object Repository/Teacher creates announcements/Page_NM CNPM Thng bo  c cp nht Thng bo  c cp nht/input_Tiu_subject"), "Thông báo đã được chỉnh sửa"): Text 'Thông báo đã được chỉnh sửa' is set on object 'Object Repository/Teacher creates announcements/Page_NM CNPM Thng bo  c cp nht Thng bo  c cp nht/input_Tiu_subject'

2022-01-17 16:28:14 - [MESSAGE][PASSED] - Text 'Thông báo đã được chỉnh sửa' is set on object 'Object Repository/Teacher creates announcements/Page_NM CNPM Thng bo  c cp nht Thng bo  c cp nht/input_Tiu_subject'

2022-01-17 16:28:14 - [TEST_STEP][PASSED] - verifyElementClickable(findTestObject("Object Repository/Teacher creates announcements/Page_NM CNPM Thng bo  c cp nht Thng bo  c cp nht/input__submitbutton")): Object 'Object Repository/Teacher creates announcements/Page_NM CNPM Thng bo  c cp nht Thng bo  c cp nht/input__submitbutton' is clickable

2022-01-17 16:28:15 - [MESSAGE][PASSED] - Object 'Object Repository/Teacher creates announcements/Page_NM CNPM Thng bo  c cp nht Thng bo  c cp nht/input__submitbutton' is clickable

2022-01-17 16:28:15 - [TEST_STEP][PASSED] - click(findTestObject("Object Repository/Teacher creates announcements/Page_NM CNPM Thng bo  c cp nht Thng bo  c cp nht/input__submitbutton")): Object: 'Object Repository/Teacher creates announcements/Page_NM CNPM Thng bo  c cp nht Thng bo  c cp nht/input__submitbutton' is clicked on

2022-01-17 16:28:16 - [MESSAGE][PASSED] - Object: 'Object Repository/Teacher creates announcements/Page_NM CNPM Thng bo  c cp nht Thng bo  c cp nht/input__submitbutton' is clicked on

2022-01-17 16:28:16 - [TEST_STEP][PASSED] - click(findTestObject("Object Repository/Teacher creates announcements/Page_NM CNPM Thng bo  c chnh sa/a_Cng Bnh L")): Object: 'Object Repository/Teacher creates announcements/Page_NM CNPM Thng bo  c chnh sa/a_Cng Bnh L' is clicked on

2022-01-17 16:28:17 - [MESSAGE][PASSED] - Object: 'Object Repository/Teacher creates announcements/Page_NM CNPM Thng bo  c chnh sa/a_Cng Bnh L' is clicked on

2022-01-17 16:28:17 - [TEST_STEP][PASSED] - click(findTestObject("Object Repository/Teacher creates announcements/Page_NM CNPM Thng bo  c chnh sa/a_Thot")): Object: 'Object Repository/Teacher creates announcements/Page_NM CNPM Thng bo  c chnh sa/a_Thot' is clicked on

2022-01-17 16:28:18 - [MESSAGE][PASSED] - Object: 'Object Repository/Teacher creates announcements/Page_NM CNPM Thng bo  c chnh sa/a_Thot' is clicked on

2022-01-17 16:28:18 - [TEST_STEP][PASSED] - click(findTestObject("Object Repository/Teacher creates announcements/Page_Local Moodle/a_Log in")): Object: 'Object Repository/Teacher creates announcements/Page_Local Moodle/a_Log in' is clicked on

2022-01-17 16:28:18 - [MESSAGE][PASSED] - Object: 'Object Repository/Teacher creates announcements/Page_Local Moodle/a_Log in' is clicked on

2022-01-17 16:28:18 - [TEST_STEP][PASSED] - setText(findTestObject("Object Repository/Teacher creates announcements/Page_Local Moodle Log in to the site/input_Username_username"), "hs01"): Text 'hs01' is set on object 'Object Repository/Teacher creates announcements/Page_Local Moodle Log in to the site/input_Username_username'

2022-01-17 16:28:19 - [MESSAGE][PASSED] - Text 'hs01' is set on object 'Object Repository/Teacher creates announcements/Page_Local Moodle Log in to the site/input_Username_username'

2022-01-17 16:28:19 - [TEST_STEP][PASSED] - setEncryptedText(findTestObject("Object Repository/Teacher creates announcements/Page_Local Moodle Log in to the site/input_Password_password"), "o5TCnEIIWq2SeGQhIMNXLQ=="): Text ****** has been set on object 'Object Repository/Teacher creates announcements/Page_Local Moodle Log in to the site/input_Password_password'

2022-01-17 16:28:20 - [MESSAGE][PASSED] - Text ****** has been set on object 'Object Repository/Teacher creates announcements/Page_Local Moodle Log in to the site/input_Password_password'

2022-01-17 16:28:20 - [TEST_STEP][PASSED] - click(findTestObject("Object Repository/Teacher creates announcements/Page_Local Moodle Log in to the site/button_Log in")): Object: 'Object Repository/Teacher creates announcements/Page_Local Moodle Log in to the site/button_Log in' is clicked on

2022-01-17 16:28:22 - [MESSAGE][PASSED] - Object: 'Object Repository/Teacher creates announcements/Page_Local Moodle Log in to the site/button_Log in' is clicked on

2022-01-17 16:28:22 - [TEST_STEP][PASSED] - click(findTestObject("Object Repository/Teacher creates announcements/Page_Nh ca ti/span_Nhp mn Cng ngh phn mm")): Object: 'Object Repository/Teacher creates announcements/Page_Nh ca ti/span_Nhp mn Cng ngh phn mm' is clicked on

2022-01-17 16:28:28 - [MESSAGE][INFO] - Unable to find the element located by 'By.xpath: //div[@id='course-info-container-2-4']/div/div/a/span[3]'. Please recheck the objects properties to make sure the desired element is located. 

2022-01-17 16:28:28 - [MESSAGE][WARNING] - [SELF-HEALING] Failed to find element with id 'Object Repository/Teacher creates announcements/Page_Nh ca ti/span_Nhp mn Cng ngh phn mm'. Try using Self-healing.

2022-01-17 16:28:29 - [MESSAGE][WARNING] - [SELF-HEALING] The current locator of test object 'Object Repository/Teacher creates announcements/Page_Nh ca ti/span_Nhp mn Cng ngh phn mm' was broken. Propose an alternative one: '//span[3]'.

2022-01-17 16:28:29 - [MESSAGE][PASSED] - Object: 'Object Repository/Teacher creates announcements/Page_Nh ca ti/span_Nhp mn Cng ngh phn mm' is clicked on

2022-01-17 16:28:29 - [TEST_STEP][PASSED] - click(findTestObject("Object Repository/Teacher creates announcements/Page_Kha Nhp mn Cng ngh phn mm/span_Cc thng bo Din n")): Object: 'Object Repository/Teacher creates announcements/Page_Kha Nhp mn Cng ngh phn mm/span_Cc thng bo Din n' is clicked on

2022-01-17 16:28:36 - [MESSAGE][INFO] - Unable to find the element located by 'By.xpath: //li[@id='module-1']/div/div/div[2]/div/a/span'. Please recheck the objects properties to make sure the desired element is located. 

2022-01-17 16:28:36 - [MESSAGE][WARNING] - [SELF-HEALING] Failed to find element with id 'Object Repository/Teacher creates announcements/Page_Kha Nhp mn Cng ngh phn mm/span_Cc thng bo Din n'. Try using Self-healing.

2022-01-17 16:28:36 - [MESSAGE][WARNING] - [SELF-HEALING] The current locator of test object 'Object Repository/Teacher creates announcements/Page_Kha Nhp mn Cng ngh phn mm/span_Cc thng bo Din n' was broken. Propose an alternative one: '(.//*[normalize-space(text()) and normalize-space(.)='Chung'])[2]/following::span[1]'.

2022-01-17 16:28:37 - [MESSAGE][PASSED] - Object: 'Object Repository/Teacher creates announcements/Page_Kha Nhp mn Cng ngh phn mm/span_Cc thng bo Din n' is clicked on

2022-01-17 16:28:37 - [TEST_STEP][FAILED] - verifyElementText(findTestObject("Object Repository/Teacher creates announcements/Page_Cc thng bo/a_Thng bo  c chnh sa"), "Thông báo đã được chỉnh sửa"): Verify element text of test object 'Object Repository/Teacher creates announcements/Page_Cc thng bo/a_Thng bo  c chnh sa' FAILED. (Root cause: com.kms.katalon.core.exception.StepFailedException: Verify element text of test object 'Object Repository/Teacher creates announcements/Page_Cc thng bo/a_Thng bo  c chnh sa' FAILED.
	at com.kms.katalon.core.webui.keyword.internal.WebUIKeywordMain.stepFailed(WebUIKeywordMain.groovy:64)
	at com.kms.katalon.core.webui.keyword.internal.WebUIKeywordMain.runKeyword(WebUIKeywordMain.groovy:26)
	at com.kms.katalon.core.webui.keyword.builtin.VerifyElementTextKeyword.verifyElementText(VerifyElementTextKeyword.groovy:72)
	at com.kms.katalon.core.webui.keyword.builtin.VerifyElementTextKeyword.execute(VerifyElementTextKeyword.groovy:40)
	at com.kms.katalon.core.keyword.internal.KeywordExecutor.executeKeywordForPlatform(KeywordExecutor.groovy:74)
	at com.kms.katalon.core.webui.keyword.WebUiBuiltInKeywords.verifyElementText(WebUiBuiltInKeywords.groovy:4749)
	at com.kms.katalon.core.webui.keyword.WebUiBuiltInKeywords$verifyElementText$5.call(Unknown Source)
	at Teacher edit announcement.run(Teacher edit announcement:69)
	at com.kms.katalon.core.main.ScriptEngine.run(ScriptEngine.java:194)
	at com.kms.katalon.core.main.ScriptEngine.runScriptAsRawText(ScriptEngine.java:119)
	at com.kms.katalon.core.main.TestCaseExecutor.runScript(TestCaseExecutor.java:442)
	at com.kms.katalon.core.main.TestCaseExecutor.doExecute(TestCaseExecutor.java:433)
	at com.kms.katalon.core.main.TestCaseExecutor.processExecutionPhase(TestCaseExecutor.java:412)
	at com.kms.katalon.core.main.TestCaseExecutor.accessMainPhase(TestCaseExecutor.java:404)
	at com.kms.katalon.core.main.TestCaseExecutor.execute(TestCaseExecutor.java:281)
	at com.kms.katalon.core.main.TestCaseExecutor.execute(TestCaseExecutor.java:363)
	at com.kms.katalon.core.main.TestCaseExecutor.execute(TestCaseExecutor.java:363)
	at com.kms.katalon.core.main.TestCaseExecutor.execute(TestCaseExecutor.java:363)
	at com.kms.katalon.core.main.TestSuiteExecutor.accessTestCaseMainPhase(TestSuiteExecutor.java:202)
	at com.kms.katalon.core.main.TestSuiteExecutor.accessTestSuiteMainPhase(TestSuiteExecutor.java:164)
	at com.kms.katalon.core.main.TestSuiteExecutor.execute(TestSuiteExecutor.java:105)
	at com.kms.katalon.core.main.TestCaseMain.startTestSuite(TestCaseMain.java:181)
	at com.kms.katalon.core.main.TestCaseMain$startTestSuite$0.call(Unknown Source)
	at TempTestSuite1642408138931.run(TempTestSuite1642408138931.groovy:36)
Caused by: com.kms.katalon.core.exception.StepFailedException: com.kms.katalon.core.webui.exception.WebElementNotFoundException: Web element with id: 'Object Repository/Teacher creates announcements/Page_Cc thng bo/a_Thng bo  c chnh sa' located by '//div[@id='discussion-list-61d441f130fca61d441f11bd8321']/table/tbody/tr/th/div/a' not found
	at com.kms.katalon.core.webui.keyword.internal.WebUIKeywordMain.stepFailed(WebUIKeywordMain.groovy:64)
	at com.kms.katalon.core.webui.keyword.builtin.VerifyElementTextKeyword$_verifyElementText_closure1.doCall(VerifyElementTextKeyword.groovy:64)
	at com.kms.katalon.core.webui.keyword.builtin.VerifyElementTextKeyword$_verifyElementText_closure1.call(VerifyElementTextKeyword.groovy)
	at com.kms.katalon.core.webui.keyword.internal.WebUIKeywordMain.runKeyword(WebUIKeywordMain.groovy:20)
	... 22 more
)

2022-01-17 16:28:43 - [MESSAGE][INFO] - Unable to find the element located by 'By.xpath: //div[@id='discussion-list-61d441f130fca61d441f11bd8321']/table/tbody/tr/th/div/a'. Please recheck the objects properties to make sure the desired element is located. 

2022-01-17 16:28:43 - [MESSAGE][WARNING] - [SELF-HEALING] Failed to find element with id 'Object Repository/Teacher creates announcements/Page_Cc thng bo/a_Thng bo  c chnh sa'. Try using Self-healing.

2022-01-17 16:28:44 - [MESSAGE][INFO] - Unable to find the element located by 'By.xpath: //a[contains(text(),'Thông báo đã được chỉnh sửa')]'. Please recheck the objects properties to make sure the desired element is located. 

2022-01-17 16:28:44 - [MESSAGE][INFO] - [SELF-HEALING] Failed Locator: '//div[@id='discussion-list-61d441f130fca61d441f11bd8321']/table/tbody/tr/th/div/a'.

2022-01-17 16:28:45 - [MESSAGE][INFO] - [SELF-HEALING] Failed Locator: '//a[contains(text(),'Thông báo đã được chỉnh sửa')]'.

2022-01-17 16:28:45 - [MESSAGE][INFO] - [SELF-HEALING] Failed Locator: '(.//*[normalize-space(text()) and normalize-space(.)='Các thao tác'])[1]/following::a[2]'.

2022-01-17 16:28:45 - [MESSAGE][INFO] - [SELF-HEALING] Failed Locator: '(.//*[normalize-space(text()) and normalize-space(.)='Phúc đáp'])[1]/following::a[2]'.

2022-01-17 16:28:46 - [MESSAGE][INFO] - [SELF-HEALING] Failed Locator: '(.//*[normalize-space(text()) and normalize-space(.)='Đã khóa'])[1]/preceding::a[1]'.

2022-01-17 16:28:46 - [MESSAGE][INFO] - [SELF-HEALING] Failed Locator: '(.//*[normalize-space(text()) and normalize-space(.)='Công Bình Lê'])[1]/preceding::a[1]'.

2022-01-17 16:28:46 - [MESSAGE][INFO] - [SELF-HEALING] Failed Locator: '//*/text()[normalize-space(.)='Thông báo đã được chỉnh sửa']/parent::*'.

2022-01-17 16:28:46 - [MESSAGE][INFO] - [SELF-HEALING] Failed Locator: '//a[@href='http://localhost/mod/forum/discuss.php?d=10']'.

2022-01-17 16:28:47 - [MESSAGE][INFO] - [SELF-HEALING] Failed Locator: '//th/div/a'.

2022-01-17 16:28:48 - [MESSAGE][INFO] - Unable to find the element located by 'By.xpath: //*[@href = 'http://localhost/mod/forum/discuss.php?d=10' and @title = 'Thông báo đã được chỉnh sửa' and (text() = '
                                        Thông báo đã được chỉnh sửa
                                    ' or . = '
                                        Thông báo đã được chỉnh sửa
                                    ')]'. Please recheck the objects properties to make sure the desired element is located. 

2022-01-17 16:28:49 - [MESSAGE][INFO] - Unable to find the element located by 'By.cssSelector: a.w-100.h-100.d-block'. Please recheck the objects properties to make sure the desired element is located. 

2022-01-17 16:28:50 - [MESSAGE][FAILED] - com.kms.katalon.core.webui.exception.WebElementNotFoundException: Web element with id: 'Object Repository/Teacher creates announcements/Page_Cc thng bo/a_Thng bo  c chnh sa' located by '//div[@id='discussion-list-61d441f130fca61d441f11bd8321']/table/tbody/tr/th/div/a' not found (Root cause: com.kms.katalon.core.exception.StepFailedException: com.kms.katalon.core.webui.exception.WebElementNotFoundException: Web element with id: 'Object Repository/Teacher creates announcements/Page_Cc thng bo/a_Thng bo  c chnh sa' located by '//div[@id='discussion-list-61d441f130fca61d441f11bd8321']/table/tbody/tr/th/div/a' not found
	at com.kms.katalon.core.webui.keyword.internal.WebUIKeywordMain.stepFailed(WebUIKeywordMain.groovy:64)
	at com.kms.katalon.core.webui.keyword.builtin.VerifyElementTextKeyword$_verifyElementText_closure1.doCall(VerifyElementTextKeyword.groovy:64)
	at com.kms.katalon.core.webui.keyword.builtin.VerifyElementTextKeyword$_verifyElementText_closure1.call(VerifyElementTextKeyword.groovy)
	at com.kms.katalon.core.webui.keyword.internal.WebUIKeywordMain.runKeyword(WebUIKeywordMain.groovy:20)
	at com.kms.katalon.core.webui.keyword.builtin.VerifyElementTextKeyword.verifyElementText(VerifyElementTextKeyword.groovy:72)
	at com.kms.katalon.core.webui.keyword.builtin.VerifyElementTextKeyword.execute(VerifyElementTextKeyword.groovy:40)
	at com.kms.katalon.core.keyword.internal.KeywordExecutor.executeKeywordForPlatform(KeywordExecutor.groovy:74)
	at com.kms.katalon.core.webui.keyword.WebUiBuiltInKeywords.verifyElementText(WebUiBuiltInKeywords.groovy:4749)
	at com.kms.katalon.core.webui.keyword.WebUiBuiltInKeywords$verifyElementText$5.call(Unknown Source)
	at Teacher edit announcement.run(Teacher edit announcement:69)
	at com.kms.katalon.core.main.ScriptEngine.run(ScriptEngine.java:194)
	at com.kms.katalon.core.main.ScriptEngine.runScriptAsRawText(ScriptEngine.java:119)
	at com.kms.katalon.core.main.TestCaseExecutor.runScript(TestCaseExecutor.java:442)
	at com.kms.katalon.core.main.TestCaseExecutor.doExecute(TestCaseExecutor.java:433)
	at com.kms.katalon.core.main.TestCaseExecutor.processExecutionPhase(TestCaseExecutor.java:412)
	at com.kms.katalon.core.main.TestCaseExecutor.accessMainPhase(TestCaseExecutor.java:404)
	at com.kms.katalon.core.main.TestCaseExecutor.execute(TestCaseExecutor.java:281)
	at com.kms.katalon.core.main.TestCaseExecutor.execute(TestCaseExecutor.java:363)
	at com.kms.katalon.core.main.TestCaseExecutor.execute(TestCaseExecutor.java:363)
	at com.kms.katalon.core.main.TestCaseExecutor.execute(TestCaseExecutor.java:363)
	at com.kms.katalon.core.main.TestSuiteExecutor.accessTestCaseMainPhase(TestSuiteExecutor.java:202)
	at com.kms.katalon.core.main.TestSuiteExecutor.accessTestSuiteMainPhase(TestSuiteExecutor.java:164)
	at com.kms.katalon.core.main.TestSuiteExecutor.execute(TestSuiteExecutor.java:105)
	at com.kms.katalon.core.main.TestCaseMain.startTestSuite(TestCaseMain.java:181)
	at com.kms.katalon.core.main.TestCaseMain$startTestSuite$0.call(Unknown Source)
	at TempTestSuite1642408138931.run(TempTestSuite1642408138931.groovy:36)
)
[[ATTACHMENT|D:\\Cong-Binh Le\\xampp\\htdocs\\moodle\\Test Automation - SE Bonus\\Reports\\20220117_152858\\Run All Test Cases\\20220117_152858\\1642411729756.png]]

2022-01-17 16:28:50 - [MESSAGE][FAILED] - Verify element text of test object 'Object Repository/Teacher creates announcements/Page_Cc thng bo/a_Thng bo  c chnh sa' FAILED. (Root cause: com.kms.katalon.core.exception.StepFailedException: Verify element text of test object 'Object Repository/Teacher creates announcements/Page_Cc thng bo/a_Thng bo  c chnh sa' FAILED.
	at com.kms.katalon.core.webui.keyword.internal.WebUIKeywordMain.stepFailed(WebUIKeywordMain.groovy:64)
	at com.kms.katalon.core.webui.keyword.internal.WebUIKeywordMain.runKeyword(WebUIKeywordMain.groovy:26)
	at com.kms.katalon.core.webui.keyword.builtin.VerifyElementTextKeyword.verifyElementText(VerifyElementTextKeyword.groovy:72)
	at com.kms.katalon.core.webui.keyword.builtin.VerifyElementTextKeyword.execute(VerifyElementTextKeyword.groovy:40)
	at com.kms.katalon.core.keyword.internal.KeywordExecutor.executeKeywordForPlatform(KeywordExecutor.groovy:74)
	at com.kms.katalon.core.webui.keyword.WebUiBuiltInKeywords.verifyElementText(WebUiBuiltInKeywords.groovy:4749)
	at com.kms.katalon.core.webui.keyword.WebUiBuiltInKeywords$verifyElementText$5.call(Unknown Source)
	at Teacher edit announcement.run(Teacher edit announcement:69)
	at com.kms.katalon.core.main.ScriptEngine.run(ScriptEngine.java:194)
	at com.kms.katalon.core.main.ScriptEngine.runScriptAsRawText(ScriptEngine.java:119)
	at com.kms.katalon.core.main.TestCaseExecutor.runScript(TestCaseExecutor.java:442)
	at com.kms.katalon.core.main.TestCaseExecutor.doExecute(TestCaseExecutor.java:433)
	at com.kms.katalon.core.main.TestCaseExecutor.processExecutionPhase(TestCaseExecutor.java:412)
	at com.kms.katalon.core.main.TestCaseExecutor.accessMainPhase(TestCaseExecutor.java:404)
	at com.kms.katalon.core.main.TestCaseExecutor.execute(TestCaseExecutor.java:281)
	at com.kms.katalon.core.main.TestCaseExecutor.execute(TestCaseExecutor.java:363)
	at com.kms.katalon.core.main.TestCaseExecutor.execute(TestCaseExecutor.java:363)
	at com.kms.katalon.core.main.TestCaseExecutor.execute(TestCaseExecutor.java:363)
	at com.kms.katalon.core.main.TestSuiteExecutor.accessTestCaseMainPhase(TestSuiteExecutor.java:202)
	at com.kms.katalon.core.main.TestSuiteExecutor.accessTestSuiteMainPhase(TestSuiteExecutor.java:164)
	at com.kms.katalon.core.main.TestSuiteExecutor.execute(TestSuiteExecutor.java:105)
	at com.kms.katalon.core.main.TestCaseMain.startTestSuite(TestCaseMain.java:181)
	at com.kms.katalon.core.main.TestCaseMain$startTestSuite$0.call(Unknown Source)
	at TempTestSuite1642408138931.run(TempTestSuite1642408138931.groovy:36)
Caused by: com.kms.katalon.core.exception.StepFailedException: com.kms.katalon.core.webui.exception.WebElementNotFoundException: Web element with id: 'Object Repository/Teacher creates announcements/Page_Cc thng bo/a_Thng bo  c chnh sa' located by '//div[@id='discussion-list-61d441f130fca61d441f11bd8321']/table/tbody/tr/th/div/a' not found
	at com.kms.katalon.core.webui.keyword.internal.WebUIKeywordMain.stepFailed(WebUIKeywordMain.groovy:64)
	at com.kms.katalon.core.webui.keyword.builtin.VerifyElementTextKeyword$_verifyElementText_closure1.doCall(VerifyElementTextKeyword.groovy:64)
	at com.kms.katalon.core.webui.keyword.builtin.VerifyElementTextKeyword$_verifyElementText_closure1.call(VerifyElementTextKeyword.groovy)
	at com.kms.katalon.core.webui.keyword.internal.WebUIKeywordMain.runKeyword(WebUIKeywordMain.groovy:20)
	... 22 more
)
[[ATTACHMENT|D:\\Cong-Binh Le\\xampp\\htdocs\\moodle\\Test Automation - SE Bonus\\Reports\\20220117_152858\\Run All Test Cases\\20220117_152858\\1642411730083.png]]]]></system-out>
         <system-err><![CDATA[2022-01-17 16:27:29 - [TEST_CASE][FAILED] - Test Cases/Teacher creates announcements/Teacher edit announcement: Test Cases/Teacher creates announcements/Teacher edit announcement FAILED.
Reason:
com.kms.katalon.core.exception.StepFailedException: Verify element text of test object 'Object Repository/Teacher creates announcements/Page_Cc thng bo/a_Thng bo  c chnh sa' FAILED.
	at com.kms.katalon.core.webui.keyword.internal.WebUIKeywordMain.stepFailed(WebUIKeywordMain.groovy:64)
	at com.kms.katalon.core.webui.keyword.internal.WebUIKeywordMain.runKeyword(WebUIKeywordMain.groovy:26)
	at com.kms.katalon.core.webui.keyword.builtin.VerifyElementTextKeyword.verifyElementText(VerifyElementTextKeyword.groovy:72)
	at com.kms.katalon.core.webui.keyword.builtin.VerifyElementTextKeyword.execute(VerifyElementTextKeyword.groovy:40)
	at com.kms.katalon.core.keyword.internal.KeywordExecutor.executeKeywordForPlatform(KeywordExecutor.groovy:74)
	at com.kms.katalon.core.webui.keyword.WebUiBuiltInKeywords.verifyElementText(WebUiBuiltInKeywords.groovy:4749)
	at com.kms.katalon.core.webui.keyword.WebUiBuiltInKeywords$verifyElementText$5.call(Unknown Source)
	at Teacher edit announcement.run(Teacher edit announcement:69)
	at com.kms.katalon.core.main.ScriptEngine.run(ScriptEngine.java:194)
	at com.kms.katalon.core.main.ScriptEngine.runScriptAsRawText(ScriptEngine.java:119)
	at com.kms.katalon.core.main.TestCaseExecutor.runScript(TestCaseExecutor.java:442)
	at com.kms.katalon.core.main.TestCaseExecutor.doExecute(TestCaseExecutor.java:433)
	at com.kms.katalon.core.main.TestCaseExecutor.processExecutionPhase(TestCaseExecutor.java:412)
	at com.kms.katalon.core.main.TestCaseExecutor.accessMainPhase(TestCaseExecutor.java:404)
	at com.kms.katalon.core.main.TestCaseExecutor.execute(TestCaseExecutor.java:281)
	at com.kms.katalon.core.main.TestCaseExecutor.execute(TestCaseExecutor.java:363)
	at com.kms.katalon.core.main.TestCaseExecutor.execute(TestCaseExecutor.java:363)
	at com.kms.katalon.core.main.TestCaseExecutor.execute(TestCaseExecutor.java:363)
	at com.kms.katalon.core.main.TestSuiteExecutor.accessTestCaseMainPhase(TestSuiteExecutor.java:202)
	at com.kms.katalon.core.main.TestSuiteExecutor.accessTestSuiteMainPhase(TestSuiteExecutor.java:164)
	at com.kms.katalon.core.main.TestSuiteExecutor.execute(TestSuiteExecutor.java:105)
	at com.kms.katalon.core.main.TestCaseMain.startTestSuite(TestCaseMain.java:181)
	at com.kms.katalon.core.main.TestCaseMain$startTestSuite$0.call(Unknown Source)
	at TempTestSuite1642408138931.run(TempTestSuite1642408138931.groovy:36)
Caused by: com.kms.katalon.core.exception.StepFailedException: com.kms.katalon.core.webui.exception.WebElementNotFoundException: Web element with id: 'Object Repository/Teacher creates announcements/Page_Cc thng bo/a_Thng bo  c chnh sa' located by '//div[@id='discussion-list-61d441f130fca61d441f11bd8321']/table/tbody/tr/th/div/a' not found
	at com.kms.katalon.core.webui.keyword.internal.WebUIKeywordMain.stepFailed(WebUIKeywordMain.groovy:64)
	at com.kms.katalon.core.webui.keyword.builtin.VerifyElementTextKeyword$_verifyElementText_closure1.doCall(VerifyElementTextKeyword.groovy:64)
	at com.kms.katalon.core.webui.keyword.builtin.VerifyElementTextKeyword$_verifyElementText_closure1.call(VerifyElementTextKeyword.groovy)
	at com.kms.katalon.core.webui.keyword.internal.WebUIKeywordMain.runKeyword(WebUIKeywordMain.groovy:20)
	... 22 more]]></system-err>
      </testcase>
      <testcase name="Test Cases/Students answering question being overdue or on time/Answer choice question on time" time="87.953" classname="Test Cases/Students answering question being overdue or on time/Answer choice question on time" status="FAILED">
         <failure type="FAILED" message="Test Cases/Students answering question being overdue or on time/Answer choice question on time FAILED.
Reason:
com.kms.katalon.core.exception.StepFailedException: Unable to click on object 'Object Repository/Student answering question being overdue or on time/Page_Cu hi trc nghim/input__answer'
	at com.kms.katalon.core.webui.keyword.internal.WebUIKeywordMain.stepFailed(WebUIKeywordMain.groovy:64)
	at com.kms.katalon.core.webui.keyword.internal.WebUIKeywordMain.runKeyword(WebUIKeywordMain.groovy:26)
	at com.kms.katalon.core.webui.keyword.builtin.ClickKeyword.click(ClickKeyword.groovy:74)
	at com.kms.katalon.core.webui.keyword.builtin.ClickKeyword.execute(ClickKeyword.groovy:40)
	at com.kms.katalon.core.keyword.internal.KeywordExecutor.executeKeywordForPlatform(KeywordExecutor.groovy:74)
	at com.kms.katalon.core.webui.keyword.WebUiBuiltInKeywords.click(WebUiBuiltInKeywords.groovy:620)
	at com.kms.katalon.core.webui.keyword.WebUiBuiltInKeywords$click$1.call(Unknown Source)
	at Answer choice question on time.run(Answer choice question on time:90)
	at com.kms.katalon.core.main.ScriptEngine.run(ScriptEngine.java:194)
	at com.kms.katalon.core.main.ScriptEngine.runScriptAsRawText(ScriptEngine.java:119)
	at com.kms.katalon.core.main.TestCaseExecutor.runScript(TestCaseExecutor.java:442)
	at com.kms.katalon.core.main.TestCaseExecutor.doExecute(TestCaseExecutor.java:433)
	at com.kms.katalon.core.main.TestCaseExecutor.processExecutionPhase(TestCaseExecutor.java:412)
	at com.kms.katalon.core.main.TestCaseExecutor.accessMainPhase(TestCaseExecutor.java:404)
	at com.kms.katalon.core.main.TestCaseExecutor.execute(TestCaseExecutor.java:281)
	at com.kms.katalon.core.main.TestCaseExecutor.execute(TestCaseExecutor.java:363)
	at com.kms.katalon.core.main.TestCaseExecutor.execute(TestCaseExecutor.java:363)
	at com.kms.katalon.core.main.TestCaseExecutor.execute(TestCaseExecutor.java:363)
	at com.kms.katalon.core.main.TestSuiteExecutor.accessTestCaseMainPhase(TestSuiteExecutor.java:202)
	at com.kms.katalon.core.main.TestSuiteExecutor.accessTestSuiteMainPhase(TestSuiteExecutor.java:164)
	at com.kms.katalon.core.main.TestSuiteExecutor.execute(TestSuiteExecutor.java:105)
	at com.kms.katalon.core.main.TestCaseMain.startTestSuite(TestCaseMain.java:181)
	at com.kms.katalon.core.main.TestCaseMain$startTestSuite$0.call(Unknown Source)
	at TempTestSuite1642408138931.run(TempTestSuite1642408138931.groovy:36)
Caused by: com.kms.katalon.core.webui.exception.WebElementNotFoundException: Web element with id: 'Object Repository/Student answering question being overdue or on time/Page_Cu hi trc nghim/input__answer' located by '//input[@id='choice_1']' not found
	at com.kms.katalon.core.webui.common.WebUiCommonHelper.findWebElement(WebUiCommonHelper.java:1368)
	at com.kms.katalon.core.webui.keyword.internal.WebUIAbstractKeyword.findWebElement(WebUIAbstractKeyword.groovy:27)
	at com.kms.katalon.core.webui.keyword.builtin.ClickKeyword$_click_closure1.doCall(ClickKeyword.groovy:65)
	at com.kms.katalon.core.webui.keyword.builtin.ClickKeyword$_click_closure1.call(ClickKeyword.groovy)
	at com.kms.katalon.core.webui.keyword.internal.WebUIKeywordMain.runKeyword(WebUIKeywordMain.groovy:20)
	... 22 more
"/>
         <system-out><![CDATA[2022-01-17 16:33:13 - [TEST_CASE][FAILED] - Test Cases/Students answering question being overdue or on time/Answer choice question on time: Test Cases/Students answering question being overdue or on time/Answer choice question on time FAILED.
Reason:
com.kms.katalon.core.exception.StepFailedException: Unable to click on object 'Object Repository/Student answering question being overdue or on time/Page_Cu hi trc nghim/input__answer'
	at com.kms.katalon.core.webui.keyword.internal.WebUIKeywordMain.stepFailed(WebUIKeywordMain.groovy:64)
	at com.kms.katalon.core.webui.keyword.internal.WebUIKeywordMain.runKeyword(WebUIKeywordMain.groovy:26)
	at com.kms.katalon.core.webui.keyword.builtin.ClickKeyword.click(ClickKeyword.groovy:74)
	at com.kms.katalon.core.webui.keyword.builtin.ClickKeyword.execute(ClickKeyword.groovy:40)
	at com.kms.katalon.core.keyword.internal.KeywordExecutor.executeKeywordForPlatform(KeywordExecutor.groovy:74)
	at com.kms.katalon.core.webui.keyword.WebUiBuiltInKeywords.click(WebUiBuiltInKeywords.groovy:620)
	at com.kms.katalon.core.webui.keyword.WebUiBuiltInKeywords$click$1.call(Unknown Source)
	at Answer choice question on time.run(Answer choice question on time:90)
	at com.kms.katalon.core.main.ScriptEngine.run(ScriptEngine.java:194)
	at com.kms.katalon.core.main.ScriptEngine.runScriptAsRawText(ScriptEngine.java:119)
	at com.kms.katalon.core.main.TestCaseExecutor.runScript(TestCaseExecutor.java:442)
	at com.kms.katalon.core.main.TestCaseExecutor.doExecute(TestCaseExecutor.java:433)
	at com.kms.katalon.core.main.TestCaseExecutor.processExecutionPhase(TestCaseExecutor.java:412)
	at com.kms.katalon.core.main.TestCaseExecutor.accessMainPhase(TestCaseExecutor.java:404)
	at com.kms.katalon.core.main.TestCaseExecutor.execute(TestCaseExecutor.java:281)
	at com.kms.katalon.core.main.TestCaseExecutor.execute(TestCaseExecutor.java:363)
	at com.kms.katalon.core.main.TestCaseExecutor.execute(TestCaseExecutor.java:363)
	at com.kms.katalon.core.main.TestCaseExecutor.execute(TestCaseExecutor.java:363)
	at com.kms.katalon.core.main.TestSuiteExecutor.accessTestCaseMainPhase(TestSuiteExecutor.java:202)
	at com.kms.katalon.core.main.TestSuiteExecutor.accessTestSuiteMainPhase(TestSuiteExecutor.java:164)
	at com.kms.katalon.core.main.TestSuiteExecutor.execute(TestSuiteExecutor.java:105)
	at com.kms.katalon.core.main.TestCaseMain.startTestSuite(TestCaseMain.java:181)
	at com.kms.katalon.core.main.TestCaseMain$startTestSuite$0.call(Unknown Source)
	at TempTestSuite1642408138931.run(TempTestSuite1642408138931.groovy:36)
Caused by: com.kms.katalon.core.webui.exception.WebElementNotFoundException: Web element with id: 'Object Repository/Student answering question being overdue or on time/Page_Cu hi trc nghim/input__answer' located by '//input[@id='choice_1']' not found
	at com.kms.katalon.core.webui.common.WebUiCommonHelper.findWebElement(WebUiCommonHelper.java:1368)
	at com.kms.katalon.core.webui.keyword.internal.WebUIAbstractKeyword.findWebElement(WebUIAbstractKeyword.groovy:27)
	at com.kms.katalon.core.webui.keyword.builtin.ClickKeyword$_click_closure1.doCall(ClickKeyword.groovy:65)
	at com.kms.katalon.core.webui.keyword.builtin.ClickKeyword$_click_closure1.call(ClickKeyword.groovy)
	at com.kms.katalon.core.webui.keyword.internal.WebUIKeywordMain.runKeyword(WebUIKeywordMain.groovy:20)
	... 22 more


2022-01-17 16:33:13 - [TEST_STEP][PASSED] - openBrowser(""): Browser is opened with url: ''

2022-01-17 16:33:13 - [MESSAGE][WARNING] - A browser is already opened. Closing browser and opening a new one

2022-01-17 16:33:13 - [MESSAGE][INFO] - Starting 'Chrome' driver

2022-01-17 16:33:13 - [MESSAGE][INFO] - Action delay is set to 0 milliseconds

2022-01-17 16:33:15 - [MESSAGE][PASSED] - Browser is opened with url: ''

2022-01-17 16:33:15 - [TEST_STEP][PASSED] - navigateToUrl("http://localhost/"): Navigate to 'http://localhost/' successfully

2022-01-17 16:33:16 - [MESSAGE][PASSED] - Navigate to 'http://localhost/' successfully

2022-01-17 16:33:16 - [TEST_STEP][PASSED] - click(findTestObject("Object Repository/Student answering question being overdue or on time/Page_Local Moodle/a_Log in")): Object: 'Object Repository/Student answering question being overdue or on time/Page_Local Moodle/a_Log in' is clicked on

2022-01-17 16:33:16 - [MESSAGE][PASSED] - Object: 'Object Repository/Student answering question being overdue or on time/Page_Local Moodle/a_Log in' is clicked on

2022-01-17 16:33:16 - [TEST_STEP][PASSED] - setText(findTestObject("Object Repository/Student answering question being overdue or on time/Page_Local Moodle Log in to the site/input_Username_username"), "gv01"): Text 'gv01' is set on object 'Object Repository/Student answering question being overdue or on time/Page_Local Moodle Log in to the site/input_Username_username'

2022-01-17 16:33:17 - [MESSAGE][PASSED] - Text 'gv01' is set on object 'Object Repository/Student answering question being overdue or on time/Page_Local Moodle Log in to the site/input_Username_username'

2022-01-17 16:33:17 - [TEST_STEP][PASSED] - setEncryptedText(findTestObject("Object Repository/Student answering question being overdue or on time/Page_Local Moodle Log in to the site/input_Password_password"), "RigbBhfdqOAWw2eOk0+aVg=="): Text ****** has been set on object 'Object Repository/Student answering question being overdue or on time/Page_Local Moodle Log in to the site/input_Password_password'

2022-01-17 16:33:18 - [MESSAGE][PASSED] - Text ****** has been set on object 'Object Repository/Student answering question being overdue or on time/Page_Local Moodle Log in to the site/input_Password_password'

2022-01-17 16:33:18 - [TEST_STEP][PASSED] - click(findTestObject("Object Repository/Student answering question being overdue or on time/Page_Local Moodle Log in to the site/button_Log in")): Object: 'Object Repository/Student answering question being overdue or on time/Page_Local Moodle Log in to the site/button_Log in' is clicked on

2022-01-17 16:33:20 - [MESSAGE][PASSED] - Object: 'Object Repository/Student answering question being overdue or on time/Page_Local Moodle Log in to the site/button_Log in' is clicked on

2022-01-17 16:33:20 - [TEST_STEP][PASSED] - verifyElementClickable(findTestObject("Object Repository/Student answering question being overdue or on time/Page_Nh ca ti/span_Nhp mn cng ngh phn mm")): Object 'Object Repository/Student answering question being overdue or on time/Page_Nh ca ti/span_Nhp mn cng ngh phn mm' is clickable

2022-01-17 16:33:26 - [MESSAGE][INFO] - Unable to find the element located by 'By.xpath: //div[@id='course-info-container-2-4']/div/div/a/span[3]'. Please recheck the objects properties to make sure the desired element is located. 

2022-01-17 16:33:26 - [MESSAGE][WARNING] - [SELF-HEALING] Failed to find element with id 'Object Repository/Student answering question being overdue or on time/Page_Nh ca ti/span_Nhp mn cng ngh phn mm'. Try using Self-healing.

2022-01-17 16:33:26 - [MESSAGE][WARNING] - [SELF-HEALING] The current locator of test object 'Object Repository/Student answering question being overdue or on time/Page_Nh ca ti/span_Nhp mn cng ngh phn mm' was broken. Propose an alternative one: '//span[3]'.

2022-01-17 16:33:27 - [MESSAGE][PASSED] - Object 'Object Repository/Student answering question being overdue or on time/Page_Nh ca ti/span_Nhp mn cng ngh phn mm' is clickable

2022-01-17 16:33:27 - [TEST_STEP][PASSED] - click(findTestObject("Object Repository/Student answering question being overdue or on time/Page_Nh ca ti/span_Nhp mn cng ngh phn mm")): Object: 'Object Repository/Student answering question being overdue or on time/Page_Nh ca ti/span_Nhp mn cng ngh phn mm' is clicked on

2022-01-17 16:33:33 - [MESSAGE][INFO] - Unable to find the element located by 'By.xpath: //div[@id='course-info-container-2-4']/div/div/a/span[3]'. Please recheck the objects properties to make sure the desired element is located. 

2022-01-17 16:33:33 - [MESSAGE][WARNING] - [SELF-HEALING] Failed to find element with id 'Object Repository/Student answering question being overdue or on time/Page_Nh ca ti/span_Nhp mn cng ngh phn mm'. Try using Self-healing.

2022-01-17 16:33:33 - [MESSAGE][WARNING] - [SELF-HEALING] The current locator of test object 'Object Repository/Student answering question being overdue or on time/Page_Nh ca ti/span_Nhp mn cng ngh phn mm' was broken. Propose an alternative one: '//span[3]'.

2022-01-17 16:33:34 - [MESSAGE][PASSED] - Object: 'Object Repository/Student answering question being overdue or on time/Page_Nh ca ti/span_Nhp mn cng ngh phn mm' is clicked on

2022-01-17 16:33:34 - [TEST_STEP][PASSED] - verifyElementClickable(findTestObject("Object Repository/Student answering question being overdue or on time/Page_Kha Nhp mn cng ngh phn mm/button_Bt ch  chnh sa")): Object 'Object Repository/Student answering question being overdue or on time/Page_Kha Nhp mn cng ngh phn mm/button_Bt ch  chnh sa' is clickable

2022-01-17 16:33:40 - [MESSAGE][INFO] - Unable to find the element located by 'By.xpath: //button[@id='single_button61e025a09a5401']'. Please recheck the objects properties to make sure the desired element is located. 

2022-01-17 16:33:40 - [MESSAGE][WARNING] - [SELF-HEALING] Failed to find element with id 'Object Repository/Student answering question being overdue or on time/Page_Kha Nhp mn cng ngh phn mm/button_Bt ch  chnh sa'. Try using Self-healing.

2022-01-17 16:33:40 - [MESSAGE][WARNING] - [SELF-HEALING] The current locator of test object 'Object Repository/Student answering question being overdue or on time/Page_Kha Nhp mn cng ngh phn mm/button_Bt ch  chnh sa' was broken. Propose an alternative one: '//header[@id='page-header']/div/div/div/div[2]/div[2]/div/form/button'.

2022-01-17 16:33:40 - [MESSAGE][PASSED] - Object 'Object Repository/Student answering question being overdue or on time/Page_Kha Nhp mn cng ngh phn mm/button_Bt ch  chnh sa' is clickable

2022-01-17 16:33:40 - [TEST_STEP][PASSED] - click(findTestObject("Object Repository/Student answering question being overdue or on time/Page_Kha Nhp mn cng ngh phn mm/button_Bt ch  chnh sa")): Object: 'Object Repository/Student answering question being overdue or on time/Page_Kha Nhp mn cng ngh phn mm/button_Bt ch  chnh sa' is clicked on

2022-01-17 16:33:47 - [MESSAGE][INFO] - Unable to find the element located by 'By.xpath: //button[@id='single_button61e025a09a5401']'. Please recheck the objects properties to make sure the desired element is located. 

2022-01-17 16:33:47 - [MESSAGE][WARNING] - [SELF-HEALING] Failed to find element with id 'Object Repository/Student answering question being overdue or on time/Page_Kha Nhp mn cng ngh phn mm/button_Bt ch  chnh sa'. Try using Self-healing.

2022-01-17 16:33:47 - [MESSAGE][WARNING] - [SELF-HEALING] The current locator of test object 'Object Repository/Student answering question being overdue or on time/Page_Kha Nhp mn cng ngh phn mm/button_Bt ch  chnh sa' was broken. Propose an alternative one: '//header[@id='page-header']/div/div/div/div[2]/div[2]/div/form/button'.

2022-01-17 16:33:48 - [MESSAGE][PASSED] - Object: 'Object Repository/Student answering question being overdue or on time/Page_Kha Nhp mn cng ngh phn mm/button_Bt ch  chnh sa' is clicked on

2022-01-17 16:33:48 - [TEST_STEP][PASSED] - click(findTestObject("Object Repository/Student answering question being overdue or on time/Page_Kha Nhp mn cng ngh phn mm/span_Thm hot ng hoc ti nguyn")): Object: 'Object Repository/Student answering question being overdue or on time/Page_Kha Nhp mn cng ngh phn mm/span_Thm hot ng hoc ti nguyn' is clicked on

2022-01-17 16:33:55 - [MESSAGE][INFO] - Unable to find the element located by 'By.xpath: //span[@id='yui_3_17_2_1_1642078463952_611']'. Please recheck the objects properties to make sure the desired element is located. 

2022-01-17 16:33:55 - [MESSAGE][WARNING] - [SELF-HEALING] Failed to find element with id 'Object Repository/Student answering question being overdue or on time/Page_Kha Nhp mn cng ngh phn mm/span_Thm hot ng hoc ti nguyn'. Try using Self-healing.

2022-01-17 16:33:55 - [MESSAGE][WARNING] - [SELF-HEALING] The current locator of test object 'Object Repository/Student answering question being overdue or on time/Page_Kha Nhp mn cng ngh phn mm/span_Thm hot ng hoc ti nguyn' was broken. Propose an alternative one: '(.//*[normalize-space(text()) and normalize-space(.)='Thêm tập tin ở đây'])[2]/following::span[1]'.

2022-01-17 16:33:55 - [MESSAGE][PASSED] - Object: 'Object Repository/Student answering question being overdue or on time/Page_Kha Nhp mn cng ngh phn mm/span_Thm hot ng hoc ti nguyn' is clicked on

2022-01-17 16:33:55 - [TEST_STEP][PASSED] - verifyElementText(findTestObject("Object Repository/Student answering question being overdue or on time/Page_Kha Nhp mn cng ngh phn mm/div_Cu hi thm d"), "Câu hỏi thăm dò"): Actual text and expected text of test object 'Object Repository/Student answering question being overdue or on time/Page_Kha Nhp mn cng ngh phn mm/div_Cu hi thm d' are matched.

2022-01-17 16:33:56 - [MESSAGE][PASSED] - Actual text and expected text of test object 'Object Repository/Student answering question being overdue or on time/Page_Kha Nhp mn cng ngh phn mm/div_Cu hi thm d' are matched.

2022-01-17 16:33:56 - [TEST_STEP][PASSED] - click(findTestObject("Object Repository/Student answering question being overdue or on time/Page_Kha Nhp mn cng ngh phn mm/div_Cu hi thm d")): Object: 'Object Repository/Student answering question being overdue or on time/Page_Kha Nhp mn cng ngh phn mm/div_Cu hi thm d' is clicked on

2022-01-17 16:33:58 - [MESSAGE][PASSED] - Object: 'Object Repository/Student answering question being overdue or on time/Page_Kha Nhp mn cng ngh phn mm/div_Cu hi thm d' is clicked on

2022-01-17 16:33:58 - [TEST_STEP][PASSED] - setText(findTestObject("Object Repository/Student answering question being overdue or on time/Page_Bin son Cu hi thm d/input_Tn cu hi_name"), "Câu hỏi trắc nghiệm"): Text 'Câu hỏi trắc nghiệm' is set on object 'Object Repository/Student answering question being overdue or on time/Page_Bin son Cu hi thm d/input_Tn cu hi_name'

2022-01-17 16:34:00 - [MESSAGE][PASSED] - Text 'Câu hỏi trắc nghiệm' is set on object 'Object Repository/Student answering question being overdue or on time/Page_Bin son Cu hi thm d/input_Tn cu hi_name'

2022-01-17 16:34:00 - [TEST_STEP][PASSED] - setText(findTestObject("Object Repository/Student answering question being overdue or on time/Page_Bin son Cu hi thm d/input_Phng n khng_option0"), "a"): Text 'a' is set on object 'Object Repository/Student answering question being overdue or on time/Page_Bin son Cu hi thm d/input_Phng n khng_option0'

2022-01-17 16:34:01 - [MESSAGE][PASSED] - Text 'a' is set on object 'Object Repository/Student answering question being overdue or on time/Page_Bin son Cu hi thm d/input_Phng n khng_option0'

2022-01-17 16:34:01 - [TEST_STEP][PASSED] - setText(findTestObject("Object Repository/Student answering question being overdue or on time/Page_Bin son Cu hi thm d/input_Phng n khng_option1"), "b"): Text 'b' is set on object 'Object Repository/Student answering question being overdue or on time/Page_Bin son Cu hi thm d/input_Phng n khng_option1'

2022-01-17 16:34:02 - [MESSAGE][PASSED] - Text 'b' is set on object 'Object Repository/Student answering question being overdue or on time/Page_Bin son Cu hi thm d/input_Phng n khng_option1'

2022-01-17 16:34:02 - [TEST_STEP][PASSED] - setText(findTestObject("Object Repository/Student answering question being overdue or on time/Page_Bin son Cu hi thm d/input_Phng n khng_option2"), "c"): Text 'c' is set on object 'Object Repository/Student answering question being overdue or on time/Page_Bin son Cu hi thm d/input_Phng n khng_option2'

2022-01-17 16:34:03 - [MESSAGE][PASSED] - Text 'c' is set on object 'Object Repository/Student answering question being overdue or on time/Page_Bin son Cu hi thm d/input_Phng n khng_option2'

2022-01-17 16:34:03 - [TEST_STEP][PASSED] - setText(findTestObject("Object Repository/Student answering question being overdue or on time/Page_Bin son Cu hi thm d/input_Phng n khng_option3"), "d"): Text 'd' is set on object 'Object Repository/Student answering question being overdue or on time/Page_Bin son Cu hi thm d/input_Phng n khng_option3'

2022-01-17 16:34:04 - [MESSAGE][PASSED] - Text 'd' is set on object 'Object Repository/Student answering question being overdue or on time/Page_Bin son Cu hi thm d/input_Phng n khng_option3'

2022-01-17 16:34:04 - [TEST_STEP][PASSED] - verifyElementClickable(findTestObject("Object Repository/Student answering question being overdue or on time/Page_Bin son Cu hi thm d/input_Gii hn khng_option_add_fields")): Object 'Object Repository/Student answering question being overdue or on time/Page_Bin son Cu hi thm d/input_Gii hn khng_option_add_fields' is clickable

2022-01-17 16:34:04 - [MESSAGE][PASSED] - Object 'Object Repository/Student answering question being overdue or on time/Page_Bin son Cu hi thm d/input_Gii hn khng_option_add_fields' is clickable

2022-01-17 16:34:04 - [TEST_STEP][PASSED] - click(findTestObject("Object Repository/Student answering question being overdue or on time/Page_Bin son Cu hi thm d/input_Gii hn khng_option_add_fields")): Object: 'Object Repository/Student answering question being overdue or on time/Page_Bin son Cu hi thm d/input_Gii hn khng_option_add_fields' is clicked on

2022-01-17 16:34:06 - [MESSAGE][PASSED] - Object: 'Object Repository/Student answering question being overdue or on time/Page_Bin son Cu hi thm d/input_Gii hn khng_option_add_fields' is clicked on

2022-01-17 16:34:06 - [TEST_STEP][PASSED] - click(findTestObject("Object Repository/Student answering question being overdue or on time/Page_Bin son Cu hi thm d/input_Upon activity completion_submitbutton2")): Object: 'Object Repository/Student answering question being overdue or on time/Page_Bin son Cu hi thm d/input_Upon activity completion_submitbutton2' is clicked on

2022-01-17 16:34:08 - [MESSAGE][PASSED] - Object: 'Object Repository/Student answering question being overdue or on time/Page_Bin son Cu hi thm d/input_Upon activity completion_submitbutton2' is clicked on

2022-01-17 16:34:08 - [TEST_STEP][PASSED] - verifyElementClickable(findTestObject("Object Repository/Student answering question being overdue or on time/Page_Kha Nhp mn cng ngh phn mm/span_Cu hi trc nghim Cu hi thm d")): Object 'Object Repository/Student answering question being overdue or on time/Page_Kha Nhp mn cng ngh phn mm/span_Cu hi trc nghim Cu hi thm d' is clickable

2022-01-17 16:34:09 - [MESSAGE][PASSED] - Object 'Object Repository/Student answering question being overdue or on time/Page_Kha Nhp mn cng ngh phn mm/span_Cu hi trc nghim Cu hi thm d' is clickable

2022-01-17 16:34:09 - [TEST_STEP][PASSED] - click(findTestObject("Object Repository/Student answering question being overdue or on time/Page_Kha Nhp mn cng ngh phn mm/a_Van A Nguyen")): Object: 'Object Repository/Student answering question being overdue or on time/Page_Kha Nhp mn cng ngh phn mm/a_Van A Nguyen' is clicked on

2022-01-17 16:34:10 - [MESSAGE][PASSED] - Object: 'Object Repository/Student answering question being overdue or on time/Page_Kha Nhp mn cng ngh phn mm/a_Van A Nguyen' is clicked on

2022-01-17 16:34:10 - [TEST_STEP][PASSED] - click(findTestObject("Object Repository/Student answering question being overdue or on time/Page_Kha Nhp mn cng ngh phn mm/a_Thot")): Object: 'Object Repository/Student answering question being overdue or on time/Page_Kha Nhp mn cng ngh phn mm/a_Thot' is clicked on

2022-01-17 16:34:11 - [MESSAGE][PASSED] - Object: 'Object Repository/Student answering question being overdue or on time/Page_Kha Nhp mn cng ngh phn mm/a_Thot' is clicked on

2022-01-17 16:34:11 - [TEST_STEP][PASSED] - click(findTestObject("Object Repository/Student answering question being overdue or on time/Page_Local Moodle/a_Log in")): Object: 'Object Repository/Student answering question being overdue or on time/Page_Local Moodle/a_Log in' is clicked on

2022-01-17 16:34:12 - [MESSAGE][PASSED] - Object: 'Object Repository/Student answering question being overdue or on time/Page_Local Moodle/a_Log in' is clicked on

2022-01-17 16:34:12 - [TEST_STEP][PASSED] - setText(findTestObject("Object Repository/Student answering question being overdue or on time/Page_Local Moodle Log in to the site/input_Username_username"), "hs02"): Text 'hs02' is set on object 'Object Repository/Student answering question being overdue or on time/Page_Local Moodle Log in to the site/input_Username_username'

2022-01-17 16:34:13 - [MESSAGE][PASSED] - Text 'hs02' is set on object 'Object Repository/Student answering question being overdue or on time/Page_Local Moodle Log in to the site/input_Username_username'

2022-01-17 16:34:13 - [TEST_STEP][PASSED] - setEncryptedText(findTestObject("Object Repository/Student answering question being overdue or on time/Page_Local Moodle Log in to the site/input_Password_password"), "RigbBhfdqOBGP4y92+oMSw=="): Text ****** has been set on object 'Object Repository/Student answering question being overdue or on time/Page_Local Moodle Log in to the site/input_Password_password'

2022-01-17 16:34:13 - [MESSAGE][PASSED] - Text ****** has been set on object 'Object Repository/Student answering question being overdue or on time/Page_Local Moodle Log in to the site/input_Password_password'

2022-01-17 16:34:13 - [TEST_STEP][PASSED] - click(findTestObject("Object Repository/Student answering question being overdue or on time/Page_Local Moodle Log in to the site/button_Log in")): Object: 'Object Repository/Student answering question being overdue or on time/Page_Local Moodle Log in to the site/button_Log in' is clicked on

2022-01-17 16:34:15 - [MESSAGE][PASSED] - Object: 'Object Repository/Student answering question being overdue or on time/Page_Local Moodle Log in to the site/button_Log in' is clicked on

2022-01-17 16:34:15 - [TEST_STEP][PASSED] - click(findTestObject("Object Repository/Student answering question being overdue or on time/Page_Nh ca ti/span_Nhp mn cng ngh phn mm_1")): Object: 'Object Repository/Student answering question being overdue or on time/Page_Nh ca ti/span_Nhp mn cng ngh phn mm_1' is clicked on

2022-01-17 16:34:22 - [MESSAGE][INFO] - Unable to find the element located by 'By.xpath: //div[@id='course-info-container-2-7']/div/div/a/span[3]'. Please recheck the objects properties to make sure the desired element is located. 

2022-01-17 16:34:22 - [MESSAGE][WARNING] - [SELF-HEALING] Failed to find element with id 'Object Repository/Student answering question being overdue or on time/Page_Nh ca ti/span_Nhp mn cng ngh phn mm_1'. Try using Self-healing.

2022-01-17 16:34:22 - [MESSAGE][WARNING] - [SELF-HEALING] The current locator of test object 'Object Repository/Student answering question being overdue or on time/Page_Nh ca ti/span_Nhp mn cng ngh phn mm_1' was broken. Propose an alternative one: '(.//*[normalize-space(text()) and normalize-space(.)='Tên khóa học'])[1]/following::span[1]'.

2022-01-17 16:34:23 - [MESSAGE][PASSED] - Object: 'Object Repository/Student answering question being overdue or on time/Page_Nh ca ti/span_Nhp mn cng ngh phn mm_1' is clicked on

2022-01-17 16:34:23 - [TEST_STEP][PASSED] - click(findTestObject("Object Repository/Student answering question being overdue or on time/Page_Kha Nhp mn cng ngh phn mm/span_Cu hi trc nghim Cu hi thm d_1")): Object: 'Object Repository/Student answering question being overdue or on time/Page_Kha Nhp mn cng ngh phn mm/span_Cu hi trc nghim Cu hi thm d_1' is clicked on

2022-01-17 16:34:29 - [MESSAGE][INFO] - Unable to find the element located by 'By.xpath: //li[@id='module-10']/div/div/div[2]/div/a/span'. Please recheck the objects properties to make sure the desired element is located. 

2022-01-17 16:34:29 - [MESSAGE][WARNING] - [SELF-HEALING] Failed to find element with id 'Object Repository/Student answering question being overdue or on time/Page_Kha Nhp mn cng ngh phn mm/span_Cu hi trc nghim Cu hi thm d_1'. Try using Self-healing.

2022-01-17 16:34:29 - [MESSAGE][WARNING] - [SELF-HEALING] The current locator of test object 'Object Repository/Student answering question being overdue or on time/Page_Kha Nhp mn cng ngh phn mm/span_Cu hi trc nghim Cu hi thm d_1' was broken. Propose an alternative one: '(.//*[normalize-space(text()) and normalize-space(.)='Mark as done'])[1]/following::span[1]'.

2022-01-17 16:34:30 - [MESSAGE][PASSED] - Object: 'Object Repository/Student answering question being overdue or on time/Page_Kha Nhp mn cng ngh phn mm/span_Cu hi trc nghim Cu hi thm d_1' is clicked on

2022-01-17 16:34:30 - [TEST_STEP][FAILED] - click(findTestObject("Object Repository/Student answering question being overdue or on time/Page_Cu hi trc nghim/input__answer")): Unable to click on object 'Object Repository/Student answering question being overdue or on time/Page_Cu hi trc nghim/input__answer' (Root cause: com.kms.katalon.core.exception.StepFailedException: Unable to click on object 'Object Repository/Student answering question being overdue or on time/Page_Cu hi trc nghim/input__answer'
	at com.kms.katalon.core.webui.keyword.internal.WebUIKeywordMain.stepFailed(WebUIKeywordMain.groovy:64)
	at com.kms.katalon.core.webui.keyword.internal.WebUIKeywordMain.runKeyword(WebUIKeywordMain.groovy:26)
	at com.kms.katalon.core.webui.keyword.builtin.ClickKeyword.click(ClickKeyword.groovy:74)
	at com.kms.katalon.core.webui.keyword.builtin.ClickKeyword.execute(ClickKeyword.groovy:40)
	at com.kms.katalon.core.keyword.internal.KeywordExecutor.executeKeywordForPlatform(KeywordExecutor.groovy:74)
	at com.kms.katalon.core.webui.keyword.WebUiBuiltInKeywords.click(WebUiBuiltInKeywords.groovy:620)
	at com.kms.katalon.core.webui.keyword.WebUiBuiltInKeywords$click$1.call(Unknown Source)
	at Answer choice question on time.run(Answer choice question on time:90)
	at com.kms.katalon.core.main.ScriptEngine.run(ScriptEngine.java:194)
	at com.kms.katalon.core.main.ScriptEngine.runScriptAsRawText(ScriptEngine.java:119)
	at com.kms.katalon.core.main.TestCaseExecutor.runScript(TestCaseExecutor.java:442)
	at com.kms.katalon.core.main.TestCaseExecutor.doExecute(TestCaseExecutor.java:433)
	at com.kms.katalon.core.main.TestCaseExecutor.processExecutionPhase(TestCaseExecutor.java:412)
	at com.kms.katalon.core.main.TestCaseExecutor.accessMainPhase(TestCaseExecutor.java:404)
	at com.kms.katalon.core.main.TestCaseExecutor.execute(TestCaseExecutor.java:281)
	at com.kms.katalon.core.main.TestCaseExecutor.execute(TestCaseExecutor.java:363)
	at com.kms.katalon.core.main.TestCaseExecutor.execute(TestCaseExecutor.java:363)
	at com.kms.katalon.core.main.TestCaseExecutor.execute(TestCaseExecutor.java:363)
	at com.kms.katalon.core.main.TestSuiteExecutor.accessTestCaseMainPhase(TestSuiteExecutor.java:202)
	at com.kms.katalon.core.main.TestSuiteExecutor.accessTestSuiteMainPhase(TestSuiteExecutor.java:164)
	at com.kms.katalon.core.main.TestSuiteExecutor.execute(TestSuiteExecutor.java:105)
	at com.kms.katalon.core.main.TestCaseMain.startTestSuite(TestCaseMain.java:181)
	at com.kms.katalon.core.main.TestCaseMain$startTestSuite$0.call(Unknown Source)
	at TempTestSuite1642408138931.run(TempTestSuite1642408138931.groovy:36)
Caused by: com.kms.katalon.core.webui.exception.WebElementNotFoundException: Web element with id: 'Object Repository/Student answering question being overdue or on time/Page_Cu hi trc nghim/input__answer' located by '//input[@id='choice_1']' not found
	at com.kms.katalon.core.webui.common.WebUiCommonHelper.findWebElement(WebUiCommonHelper.java:1368)
	at com.kms.katalon.core.webui.keyword.internal.WebUIAbstractKeyword.findWebElement(WebUIAbstractKeyword.groovy:27)
	at com.kms.katalon.core.webui.keyword.builtin.ClickKeyword$_click_closure1.doCall(ClickKeyword.groovy:65)
	at com.kms.katalon.core.webui.keyword.builtin.ClickKeyword$_click_closure1.call(ClickKeyword.groovy)
	at com.kms.katalon.core.webui.keyword.internal.WebUIKeywordMain.runKeyword(WebUIKeywordMain.groovy:20)
	at com.kms.katalon.core.webui.keyword.builtin.ClickKeyword.click(ClickKeyword.groovy:74)
	at com.kms.katalon.core.webui.keyword.builtin.ClickKeyword.execute(ClickKeyword.groovy:40)
	at com.kms.katalon.core.keyword.internal.KeywordExecutor.executeKeywordForPlatform(KeywordExecutor.groovy:74)
	at com.kms.katalon.core.webui.keyword.WebUiBuiltInKeywords.click(WebUiBuiltInKeywords.groovy:620)
	at com.kms.katalon.core.webui.keyword.WebUiBuiltInKeywords$click$1.call(Unknown Source)
	at Script1641837519929.run(Script1641837519929.groovy:90)
	... 16 more
)

2022-01-17 16:34:37 - [MESSAGE][INFO] - Unable to find the element located by 'By.xpath: //input[@id='choice_1']'. Please recheck the objects properties to make sure the desired element is located. 

2022-01-17 16:34:37 - [MESSAGE][WARNING] - [SELF-HEALING] Failed to find element with id 'Object Repository/Student answering question being overdue or on time/Page_Cu hi trc nghim/input__answer'. Try using Self-healing.

2022-01-17 16:34:37 - [MESSAGE][INFO] - [SELF-HEALING] Failed Locator: '//input[@id='choice_1']'.

2022-01-17 16:34:37 - [MESSAGE][INFO] - [SELF-HEALING] Failed Locator: '//section[@id='region-main']/div/form/ul/li/input'.

2022-01-17 16:34:38 - [MESSAGE][INFO] - [SELF-HEALING] Working Locator: '//input'.

2022-01-17 16:34:38 - [MESSAGE][ERROR] - [SELF-HEALING] Cannot save screenshot to: D:\Cong-Binh Le\xampp\htdocs\moodle\Test Automation - SE Bonus\Reports\Self-healing, reason: unknown error: unhandled inspector error: {"code":-32000,"message":"Cannot take screenshot with 0 width."}
  (Session info: chrome=97.0.4692.71)
Build info: version: '3.141.59', revision: 'e82be7d358', time: '2018-11-14T08:25:53'
System info: host: 'DESKTOP-G2F0VIE', ip: '192.168.1.9', os.name: 'Windows 10', os.arch: 'amd64', os.version: '10.0', java.version: '1.8.0_282'
Driver info: com.kms.katalon.selenium.driver.CChromeDriver
Capabilities {acceptInsecureCerts: false, browserName: chrome, browserVersion: 97.0.4692.71, chrome: {chromedriverVersion: 97.0.4692.71 (adefa7837d02a..., userDataDir: C:\Users\banh\AppData\Local...}, goog:chromeOptions: {debuggerAddress: localhost:61936}, javascriptEnabled: true, networkConnectionEnabled: false, pageLoadStrategy: normal, platform: WINDOWS, platformName: WINDOWS, proxy: Proxy(), setWindowRect: true, strictFileInteractability: false, timeouts: {implicit: 0, pageLoad: 300000, script: 30000}, unhandledPromptBehavior: dismiss and notify, webauthn:extension:credBlob: true, webauthn:extension:largeBlob: true, webauthn:virtualAuthenticators: true}
Session ID: 11da08ee90c1727097d2afca759841af.

2022-01-17 16:34:38 - [MESSAGE][ERROR] - [SELF-HEALING] Cannot save screenshot to: D:\Cong-Binh Le\xampp\htdocs\moodle\Test Automation - SE Bonus\Reports\Self-healing, reason: unknown error: unhandled inspector error: {"code":-32000,"message":"Cannot take screenshot with 0 width."}
  (Session info: chrome=97.0.4692.71)
Build info: version: '3.141.59', revision: 'e82be7d358', time: '2018-11-14T08:25:53'
System info: host: 'DESKTOP-G2F0VIE', ip: '192.168.1.9', os.name: 'Windows 10', os.arch: 'amd64', os.version: '10.0', java.version: '1.8.0_282'
Driver info: com.kms.katalon.selenium.driver.CChromeDriver
Capabilities {acceptInsecureCerts: false, browserName: chrome, browserVersion: 97.0.4692.71, chrome: {chromedriverVersion: 97.0.4692.71 (adefa7837d02a..., userDataDir: C:\Users\banh\AppData\Local...}, goog:chromeOptions: {debuggerAddress: localhost:61936}, javascriptEnabled: true, networkConnectionEnabled: false, pageLoadStrategy: normal, platform: WINDOWS, platformName: WINDOWS, proxy: Proxy(), setWindowRect: true, strictFileInteractability: false, timeouts: {implicit: 0, pageLoad: 300000, script: 30000}, unhandledPromptBehavior: dismiss and notify, webauthn:extension:credBlob: true, webauthn:extension:largeBlob: true, webauthn:virtualAuthenticators: true}
Session ID: 11da08ee90c1727097d2afca759841af.

2022-01-17 16:34:38 - [MESSAGE][WARNING] - [SELF-HEALING] 'other' is different type of Path

2022-01-17 16:34:39 - [MESSAGE][INFO] - Unable to find the element located by 'By.xpath: //*[@name = 'answer' and @type = 'radio' and @id = 'choice_1']'. Please recheck the objects properties to make sure the desired element is located. 

2022-01-17 16:34:40 - [MESSAGE][INFO] - Unable to find the element located by 'By.cssSelector: #choice_1'. Please recheck the objects properties to make sure the desired element is located. 

2022-01-17 16:34:41 - [MESSAGE][FAILED] - Unable to click on object 'Object Repository/Student answering question being overdue or on time/Page_Cu hi trc nghim/input__answer' (Root cause: com.kms.katalon.core.exception.StepFailedException: Unable to click on object 'Object Repository/Student answering question being overdue or on time/Page_Cu hi trc nghim/input__answer'
	at com.kms.katalon.core.webui.keyword.internal.WebUIKeywordMain.stepFailed(WebUIKeywordMain.groovy:64)
	at com.kms.katalon.core.webui.keyword.internal.WebUIKeywordMain.runKeyword(WebUIKeywordMain.groovy:26)
	at com.kms.katalon.core.webui.keyword.builtin.ClickKeyword.click(ClickKeyword.groovy:74)
	at com.kms.katalon.core.webui.keyword.builtin.ClickKeyword.execute(ClickKeyword.groovy:40)
	at com.kms.katalon.core.keyword.internal.KeywordExecutor.executeKeywordForPlatform(KeywordExecutor.groovy:74)
	at com.kms.katalon.core.webui.keyword.WebUiBuiltInKeywords.click(WebUiBuiltInKeywords.groovy:620)
	at com.kms.katalon.core.webui.keyword.WebUiBuiltInKeywords$click$1.call(Unknown Source)
	at Answer choice question on time.run(Answer choice question on time:90)
	at com.kms.katalon.core.main.ScriptEngine.run(ScriptEngine.java:194)
	at com.kms.katalon.core.main.ScriptEngine.runScriptAsRawText(ScriptEngine.java:119)
	at com.kms.katalon.core.main.TestCaseExecutor.runScript(TestCaseExecutor.java:442)
	at com.kms.katalon.core.main.TestCaseExecutor.doExecute(TestCaseExecutor.java:433)
	at com.kms.katalon.core.main.TestCaseExecutor.processExecutionPhase(TestCaseExecutor.java:412)
	at com.kms.katalon.core.main.TestCaseExecutor.accessMainPhase(TestCaseExecutor.java:404)
	at com.kms.katalon.core.main.TestCaseExecutor.execute(TestCaseExecutor.java:281)
	at com.kms.katalon.core.main.TestCaseExecutor.execute(TestCaseExecutor.java:363)
	at com.kms.katalon.core.main.TestCaseExecutor.execute(TestCaseExecutor.java:363)
	at com.kms.katalon.core.main.TestCaseExecutor.execute(TestCaseExecutor.java:363)
	at com.kms.katalon.core.main.TestSuiteExecutor.accessTestCaseMainPhase(TestSuiteExecutor.java:202)
	at com.kms.katalon.core.main.TestSuiteExecutor.accessTestSuiteMainPhase(TestSuiteExecutor.java:164)
	at com.kms.katalon.core.main.TestSuiteExecutor.execute(TestSuiteExecutor.java:105)
	at com.kms.katalon.core.main.TestCaseMain.startTestSuite(TestCaseMain.java:181)
	at com.kms.katalon.core.main.TestCaseMain$startTestSuite$0.call(Unknown Source)
	at TempTestSuite1642408138931.run(TempTestSuite1642408138931.groovy:36)
Caused by: com.kms.katalon.core.webui.exception.WebElementNotFoundException: Web element with id: 'Object Repository/Student answering question being overdue or on time/Page_Cu hi trc nghim/input__answer' located by '//input[@id='choice_1']' not found
	at com.kms.katalon.core.webui.common.WebUiCommonHelper.findWebElement(WebUiCommonHelper.java:1368)
	at com.kms.katalon.core.webui.keyword.internal.WebUIAbstractKeyword.findWebElement(WebUIAbstractKeyword.groovy:27)
	at com.kms.katalon.core.webui.keyword.builtin.ClickKeyword$_click_closure1.doCall(ClickKeyword.groovy:65)
	at com.kms.katalon.core.webui.keyword.builtin.ClickKeyword$_click_closure1.call(ClickKeyword.groovy)
	at com.kms.katalon.core.webui.keyword.internal.WebUIKeywordMain.runKeyword(WebUIKeywordMain.groovy:20)
	at com.kms.katalon.core.webui.keyword.builtin.ClickKeyword.click(ClickKeyword.groovy:74)
	at com.kms.katalon.core.webui.keyword.builtin.ClickKeyword.execute(ClickKeyword.groovy:40)
	at com.kms.katalon.core.keyword.internal.KeywordExecutor.executeKeywordForPlatform(KeywordExecutor.groovy:74)
	at com.kms.katalon.core.webui.keyword.WebUiBuiltInKeywords.click(WebUiBuiltInKeywords.groovy:620)
	at com.kms.katalon.core.webui.keyword.WebUiBuiltInKeywords$click$1.call(Unknown Source)
	at Script1641837519929.run(Script1641837519929.groovy:90)
	... 16 more
)
[[ATTACHMENT|D:\\Cong-Binh Le\\xampp\\htdocs\\moodle\\Test Automation - SE Bonus\\Reports\\20220117_152858\\Run All Test Cases\\20220117_152858\\1642412080699.png]]]]></system-out>
         <system-err><![CDATA[2022-01-17 16:33:13 - [TEST_CASE][FAILED] - Test Cases/Students answering question being overdue or on time/Answer choice question on time: Test Cases/Students answering question being overdue or on time/Answer choice question on time FAILED.
Reason:
com.kms.katalon.core.exception.StepFailedException: Unable to click on object 'Object Repository/Student answering question being overdue or on time/Page_Cu hi trc nghim/input__answer'
	at com.kms.katalon.core.webui.keyword.internal.WebUIKeywordMain.stepFailed(WebUIKeywordMain.groovy:64)
	at com.kms.katalon.core.webui.keyword.internal.WebUIKeywordMain.runKeyword(WebUIKeywordMain.groovy:26)
	at com.kms.katalon.core.webui.keyword.builtin.ClickKeyword.click(ClickKeyword.groovy:74)
	at com.kms.katalon.core.webui.keyword.builtin.ClickKeyword.execute(ClickKeyword.groovy:40)
	at com.kms.katalon.core.keyword.internal.KeywordExecutor.executeKeywordForPlatform(KeywordExecutor.groovy:74)
	at com.kms.katalon.core.webui.keyword.WebUiBuiltInKeywords.click(WebUiBuiltInKeywords.groovy:620)
	at com.kms.katalon.core.webui.keyword.WebUiBuiltInKeywords$click$1.call(Unknown Source)
	at Answer choice question on time.run(Answer choice question on time:90)
	at com.kms.katalon.core.main.ScriptEngine.run(ScriptEngine.java:194)
	at com.kms.katalon.core.main.ScriptEngine.runScriptAsRawText(ScriptEngine.java:119)
	at com.kms.katalon.core.main.TestCaseExecutor.runScript(TestCaseExecutor.java:442)
	at com.kms.katalon.core.main.TestCaseExecutor.doExecute(TestCaseExecutor.java:433)
	at com.kms.katalon.core.main.TestCaseExecutor.processExecutionPhase(TestCaseExecutor.java:412)
	at com.kms.katalon.core.main.TestCaseExecutor.accessMainPhase(TestCaseExecutor.java:404)
	at com.kms.katalon.core.main.TestCaseExecutor.execute(TestCaseExecutor.java:281)
	at com.kms.katalon.core.main.TestCaseExecutor.execute(TestCaseExecutor.java:363)
	at com.kms.katalon.core.main.TestCaseExecutor.execute(TestCaseExecutor.java:363)
	at com.kms.katalon.core.main.TestCaseExecutor.execute(TestCaseExecutor.java:363)
	at com.kms.katalon.core.main.TestSuiteExecutor.accessTestCaseMainPhase(TestSuiteExecutor.java:202)
	at com.kms.katalon.core.main.TestSuiteExecutor.accessTestSuiteMainPhase(TestSuiteExecutor.java:164)
	at com.kms.katalon.core.main.TestSuiteExecutor.execute(TestSuiteExecutor.java:105)
	at com.kms.katalon.core.main.TestCaseMain.startTestSuite(TestCaseMain.java:181)
	at com.kms.katalon.core.main.TestCaseMain$startTestSuite$0.call(Unknown Source)
	at TempTestSuite1642408138931.run(TempTestSuite1642408138931.groovy:36)
Caused by: com.kms.katalon.core.webui.exception.WebElementNotFoundException: Web element with id: 'Object Repository/Student answering question being overdue or on time/Page_Cu hi trc nghim/input__answer' located by '//input[@id='choice_1']' not found
	at com.kms.katalon.core.webui.common.WebUiCommonHelper.findWebElement(WebUiCommonHelper.java:1368)
	at com.kms.katalon.core.webui.keyword.internal.WebUIAbstractKeyword.findWebElement(WebUIAbstractKeyword.groovy:27)
	at com.kms.katalon.core.webui.keyword.builtin.ClickKeyword$_click_closure1.doCall(ClickKeyword.groovy:65)
	at com.kms.katalon.core.webui.keyword.builtin.ClickKeyword$_click_closure1.call(ClickKeyword.groovy)
	at com.kms.katalon.core.webui.keyword.internal.WebUIKeywordMain.runKeyword(WebUIKeywordMain.groovy:20)
	... 22 more]]></system-err>
      </testcase>
      <testcase name="Test Cases/Students answering question being overdue or on time/Answer choice question overdue" time="22.686" classname="Test Cases/Students answering question being overdue or on time/Answer choice question overdue" status="FAILED">
         <failure type="FAILED" message="Test Cases/Students answering question being overdue or on time/Answer choice question overdue FAILED.
Reason:
com.kms.katalon.core.exception.StepFailedException: Unable to click on object 'Object Repository/Student answering question being overdue or on time/Page_Kha Nhp mn cng ngh phn mm/span_Cu hi trc nghim Cu hi thm d'
	at com.kms.katalon.core.webui.keyword.internal.WebUIKeywordMain.stepFailed(WebUIKeywordMain.groovy:64)
	at com.kms.katalon.core.webui.keyword.internal.WebUIKeywordMain.runKeyword(WebUIKeywordMain.groovy:26)
	at com.kms.katalon.core.webui.keyword.builtin.ClickKeyword.click(ClickKeyword.groovy:74)
	at com.kms.katalon.core.webui.keyword.builtin.ClickKeyword.execute(ClickKeyword.groovy:40)
	at com.kms.katalon.core.keyword.internal.KeywordExecutor.executeKeywordForPlatform(KeywordExecutor.groovy:74)
	at com.kms.katalon.core.webui.keyword.WebUiBuiltInKeywords.click(WebUiBuiltInKeywords.groovy:620)
	at com.kms.katalon.core.webui.keyword.WebUiBuiltInKeywords$click$1.call(Unknown Source)
	at Answer choice question overdue.run(Answer choice question overdue:38)
	at com.kms.katalon.core.main.ScriptEngine.run(ScriptEngine.java:194)
	at com.kms.katalon.core.main.ScriptEngine.runScriptAsRawText(ScriptEngine.java:119)
	at com.kms.katalon.core.main.TestCaseExecutor.runScript(TestCaseExecutor.java:442)
	at com.kms.katalon.core.main.TestCaseExecutor.doExecute(TestCaseExecutor.java:433)
	at com.kms.katalon.core.main.TestCaseExecutor.processExecutionPhase(TestCaseExecutor.java:412)
	at com.kms.katalon.core.main.TestCaseExecutor.accessMainPhase(TestCaseExecutor.java:404)
	at com.kms.katalon.core.main.TestCaseExecutor.execute(TestCaseExecutor.java:281)
	at com.kms.katalon.core.main.TestCaseExecutor.execute(TestCaseExecutor.java:363)
	at com.kms.katalon.core.main.TestCaseExecutor.execute(TestCaseExecutor.java:363)
	at com.kms.katalon.core.main.TestCaseExecutor.execute(TestCaseExecutor.java:363)
	at com.kms.katalon.core.main.TestSuiteExecutor.accessTestCaseMainPhase(TestSuiteExecutor.java:202)
	at com.kms.katalon.core.main.TestSuiteExecutor.accessTestSuiteMainPhase(TestSuiteExecutor.java:164)
	at com.kms.katalon.core.main.TestSuiteExecutor.execute(TestSuiteExecutor.java:105)
	at com.kms.katalon.core.main.TestCaseMain.startTestSuite(TestCaseMain.java:181)
	at com.kms.katalon.core.main.TestCaseMain$startTestSuite$0.call(Unknown Source)
	at TempTestSuite1642408138931.run(TempTestSuite1642408138931.groovy:36)
Caused by: com.kms.katalon.core.webui.exception.WebElementNotFoundException: Web element with id: 'Object Repository/Student answering question being overdue or on time/Page_Kha Nhp mn cng ngh phn mm/span_Cu hi trc nghim Cu hi thm d' located by '//*[(text() = 'Câu hỏi trắc nghiệm Câu hỏi thăm dò' or . = 'Câu hỏi trắc nghiệm Câu hỏi thăm dò')]' not found
	at com.kms.katalon.core.webui.common.WebUiCommonHelper.findWebElement(WebUiCommonHelper.java:1368)
	at com.kms.katalon.core.webui.keyword.internal.WebUIAbstractKeyword.findWebElement(WebUIAbstractKeyword.groovy:27)
	at com.kms.katalon.core.webui.keyword.builtin.ClickKeyword$_click_closure1.doCall(ClickKeyword.groovy:65)
	at com.kms.katalon.core.webui.keyword.builtin.ClickKeyword$_click_closure1.call(ClickKeyword.groovy)
	at com.kms.katalon.core.webui.keyword.internal.WebUIKeywordMain.runKeyword(WebUIKeywordMain.groovy:20)
	... 22 more
"/>
         <system-out><![CDATA[2022-01-17 16:35:49 - [TEST_CASE][FAILED] - Test Cases/Students answering question being overdue or on time/Answer choice question overdue: Test Cases/Students answering question being overdue or on time/Answer choice question overdue FAILED.
Reason:
com.kms.katalon.core.exception.StepFailedException: Unable to click on object 'Object Repository/Student answering question being overdue or on time/Page_Kha Nhp mn cng ngh phn mm/span_Cu hi trc nghim Cu hi thm d'
	at com.kms.katalon.core.webui.keyword.internal.WebUIKeywordMain.stepFailed(WebUIKeywordMain.groovy:64)
	at com.kms.katalon.core.webui.keyword.internal.WebUIKeywordMain.runKeyword(WebUIKeywordMain.groovy:26)
	at com.kms.katalon.core.webui.keyword.builtin.ClickKeyword.click(ClickKeyword.groovy:74)
	at com.kms.katalon.core.webui.keyword.builtin.ClickKeyword.execute(ClickKeyword.groovy:40)
	at com.kms.katalon.core.keyword.internal.KeywordExecutor.executeKeywordForPlatform(KeywordExecutor.groovy:74)
	at com.kms.katalon.core.webui.keyword.WebUiBuiltInKeywords.click(WebUiBuiltInKeywords.groovy:620)
	at com.kms.katalon.core.webui.keyword.WebUiBuiltInKeywords$click$1.call(Unknown Source)
	at Answer choice question overdue.run(Answer choice question overdue:38)
	at com.kms.katalon.core.main.ScriptEngine.run(ScriptEngine.java:194)
	at com.kms.katalon.core.main.ScriptEngine.runScriptAsRawText(ScriptEngine.java:119)
	at com.kms.katalon.core.main.TestCaseExecutor.runScript(TestCaseExecutor.java:442)
	at com.kms.katalon.core.main.TestCaseExecutor.doExecute(TestCaseExecutor.java:433)
	at com.kms.katalon.core.main.TestCaseExecutor.processExecutionPhase(TestCaseExecutor.java:412)
	at com.kms.katalon.core.main.TestCaseExecutor.accessMainPhase(TestCaseExecutor.java:404)
	at com.kms.katalon.core.main.TestCaseExecutor.execute(TestCaseExecutor.java:281)
	at com.kms.katalon.core.main.TestCaseExecutor.execute(TestCaseExecutor.java:363)
	at com.kms.katalon.core.main.TestCaseExecutor.execute(TestCaseExecutor.java:363)
	at com.kms.katalon.core.main.TestCaseExecutor.execute(TestCaseExecutor.java:363)
	at com.kms.katalon.core.main.TestSuiteExecutor.accessTestCaseMainPhase(TestSuiteExecutor.java:202)
	at com.kms.katalon.core.main.TestSuiteExecutor.accessTestSuiteMainPhase(TestSuiteExecutor.java:164)
	at com.kms.katalon.core.main.TestSuiteExecutor.execute(TestSuiteExecutor.java:105)
	at com.kms.katalon.core.main.TestCaseMain.startTestSuite(TestCaseMain.java:181)
	at com.kms.katalon.core.main.TestCaseMain$startTestSuite$0.call(Unknown Source)
	at TempTestSuite1642408138931.run(TempTestSuite1642408138931.groovy:36)
Caused by: com.kms.katalon.core.webui.exception.WebElementNotFoundException: Web element with id: 'Object Repository/Student answering question being overdue or on time/Page_Kha Nhp mn cng ngh phn mm/span_Cu hi trc nghim Cu hi thm d' located by '//*[(text() = 'Câu hỏi trắc nghiệm Câu hỏi thăm dò' or . = 'Câu hỏi trắc nghiệm Câu hỏi thăm dò')]' not found
	at com.kms.katalon.core.webui.common.WebUiCommonHelper.findWebElement(WebUiCommonHelper.java:1368)
	at com.kms.katalon.core.webui.keyword.internal.WebUIAbstractKeyword.findWebElement(WebUIAbstractKeyword.groovy:27)
	at com.kms.katalon.core.webui.keyword.builtin.ClickKeyword$_click_closure1.doCall(ClickKeyword.groovy:65)
	at com.kms.katalon.core.webui.keyword.builtin.ClickKeyword$_click_closure1.call(ClickKeyword.groovy)
	at com.kms.katalon.core.webui.keyword.internal.WebUIKeywordMain.runKeyword(WebUIKeywordMain.groovy:20)
	... 22 more


2022-01-17 16:35:49 - [TEST_STEP][PASSED] - openBrowser(""): Browser is opened with url: ''

2022-01-17 16:35:49 - [MESSAGE][WARNING] - A browser is already opened. Closing browser and opening a new one

2022-01-17 16:35:50 - [MESSAGE][INFO] - Starting 'Chrome' driver

2022-01-17 16:35:50 - [MESSAGE][INFO] - Action delay is set to 0 milliseconds

2022-01-17 16:35:51 - [MESSAGE][PASSED] - Browser is opened with url: ''

2022-01-17 16:35:51 - [TEST_STEP][PASSED] - navigateToUrl("http://localhost/"): Navigate to 'http://localhost/' successfully

2022-01-17 16:35:52 - [MESSAGE][PASSED] - Navigate to 'http://localhost/' successfully

2022-01-17 16:35:52 - [TEST_STEP][PASSED] - click(findTestObject("Object Repository/Student answering question being overdue or on time/Page_Local Moodle/a_Log in")): Object: 'Object Repository/Student answering question being overdue or on time/Page_Local Moodle/a_Log in' is clicked on

2022-01-17 16:35:53 - [MESSAGE][PASSED] - Object: 'Object Repository/Student answering question being overdue or on time/Page_Local Moodle/a_Log in' is clicked on

2022-01-17 16:35:53 - [TEST_STEP][PASSED] - setText(findTestObject("Object Repository/Student answering question being overdue or on time/Page_Local Moodle Log in to the site/input_Username_username"), "hs02"): Text 'hs02' is set on object 'Object Repository/Student answering question being overdue or on time/Page_Local Moodle Log in to the site/input_Username_username'

2022-01-17 16:35:54 - [MESSAGE][PASSED] - Text 'hs02' is set on object 'Object Repository/Student answering question being overdue or on time/Page_Local Moodle Log in to the site/input_Username_username'

2022-01-17 16:35:54 - [TEST_STEP][PASSED] - setEncryptedText(findTestObject("Object Repository/Student answering question being overdue or on time/Page_Local Moodle Log in to the site/input_Password_password"), "RigbBhfdqOBGP4y92+oMSw=="): Text ****** has been set on object 'Object Repository/Student answering question being overdue or on time/Page_Local Moodle Log in to the site/input_Password_password'

2022-01-17 16:35:54 - [MESSAGE][PASSED] - Text ****** has been set on object 'Object Repository/Student answering question being overdue or on time/Page_Local Moodle Log in to the site/input_Password_password'

2022-01-17 16:35:54 - [TEST_STEP][PASSED] - click(findTestObject("Object Repository/Student answering question being overdue or on time/Page_Local Moodle Log in to the site/button_Log in")): Object: 'Object Repository/Student answering question being overdue or on time/Page_Local Moodle Log in to the site/button_Log in' is clicked on

2022-01-17 16:35:56 - [MESSAGE][PASSED] - Object: 'Object Repository/Student answering question being overdue or on time/Page_Local Moodle Log in to the site/button_Log in' is clicked on

2022-01-17 16:35:56 - [TEST_STEP][PASSED] - click(findTestObject("Object Repository/Student answering question being overdue or on time/Page_Nh ca ti/span_Trang ch h thng")): Object: 'Object Repository/Student answering question being overdue or on time/Page_Nh ca ti/span_Trang ch h thng' is clicked on

2022-01-17 16:35:58 - [MESSAGE][PASSED] - Object: 'Object Repository/Student answering question being overdue or on time/Page_Nh ca ti/span_Trang ch h thng' is clicked on

2022-01-17 16:35:58 - [TEST_STEP][PASSED] - click(findTestObject("Object Repository/Student answering question being overdue or on time/Page_Local Moodle/a_Nhp mn cng ngh phn mm")): Object: 'Object Repository/Student answering question being overdue or on time/Page_Local Moodle/a_Nhp mn cng ngh phn mm' is clicked on

2022-01-17 16:36:00 - [MESSAGE][PASSED] - Object: 'Object Repository/Student answering question being overdue or on time/Page_Local Moodle/a_Nhp mn cng ngh phn mm' is clicked on

2022-01-17 16:36:00 - [TEST_STEP][FAILED] - click(findTestObject("Object Repository/Student answering question being overdue or on time/Page_Kha Nhp mn cng ngh phn mm/span_Cu hi trc nghim Cu hi thm d")): Unable to click on object 'Object Repository/Student answering question being overdue or on time/Page_Kha Nhp mn cng ngh phn mm/span_Cu hi trc nghim Cu hi thm d' (Root cause: com.kms.katalon.core.exception.StepFailedException: Unable to click on object 'Object Repository/Student answering question being overdue or on time/Page_Kha Nhp mn cng ngh phn mm/span_Cu hi trc nghim Cu hi thm d'
	at com.kms.katalon.core.webui.keyword.internal.WebUIKeywordMain.stepFailed(WebUIKeywordMain.groovy:64)
	at com.kms.katalon.core.webui.keyword.internal.WebUIKeywordMain.runKeyword(WebUIKeywordMain.groovy:26)
	at com.kms.katalon.core.webui.keyword.builtin.ClickKeyword.click(ClickKeyword.groovy:74)
	at com.kms.katalon.core.webui.keyword.builtin.ClickKeyword.execute(ClickKeyword.groovy:40)
	at com.kms.katalon.core.keyword.internal.KeywordExecutor.executeKeywordForPlatform(KeywordExecutor.groovy:74)
	at com.kms.katalon.core.webui.keyword.WebUiBuiltInKeywords.click(WebUiBuiltInKeywords.groovy:620)
	at com.kms.katalon.core.webui.keyword.WebUiBuiltInKeywords$click$1.call(Unknown Source)
	at Answer choice question overdue.run(Answer choice question overdue:38)
	at com.kms.katalon.core.main.ScriptEngine.run(ScriptEngine.java:194)
	at com.kms.katalon.core.main.ScriptEngine.runScriptAsRawText(ScriptEngine.java:119)
	at com.kms.katalon.core.main.TestCaseExecutor.runScript(TestCaseExecutor.java:442)
	at com.kms.katalon.core.main.TestCaseExecutor.doExecute(TestCaseExecutor.java:433)
	at com.kms.katalon.core.main.TestCaseExecutor.processExecutionPhase(TestCaseExecutor.java:412)
	at com.kms.katalon.core.main.TestCaseExecutor.accessMainPhase(TestCaseExecutor.java:404)
	at com.kms.katalon.core.main.TestCaseExecutor.execute(TestCaseExecutor.java:281)
	at com.kms.katalon.core.main.TestCaseExecutor.execute(TestCaseExecutor.java:363)
	at com.kms.katalon.core.main.TestCaseExecutor.execute(TestCaseExecutor.java:363)
	at com.kms.katalon.core.main.TestCaseExecutor.execute(TestCaseExecutor.java:363)
	at com.kms.katalon.core.main.TestSuiteExecutor.accessTestCaseMainPhase(TestSuiteExecutor.java:202)
	at com.kms.katalon.core.main.TestSuiteExecutor.accessTestSuiteMainPhase(TestSuiteExecutor.java:164)
	at com.kms.katalon.core.main.TestSuiteExecutor.execute(TestSuiteExecutor.java:105)
	at com.kms.katalon.core.main.TestCaseMain.startTestSuite(TestCaseMain.java:181)
	at com.kms.katalon.core.main.TestCaseMain$startTestSuite$0.call(Unknown Source)
	at TempTestSuite1642408138931.run(TempTestSuite1642408138931.groovy:36)
Caused by: com.kms.katalon.core.webui.exception.WebElementNotFoundException: Web element with id: 'Object Repository/Student answering question being overdue or on time/Page_Kha Nhp mn cng ngh phn mm/span_Cu hi trc nghim Cu hi thm d' located by '//*[(text() = 'Câu hỏi trắc nghiệm Câu hỏi thăm dò' or . = 'Câu hỏi trắc nghiệm Câu hỏi thăm dò')]' not found
	at com.kms.katalon.core.webui.common.WebUiCommonHelper.findWebElement(WebUiCommonHelper.java:1368)
	at com.kms.katalon.core.webui.keyword.internal.WebUIAbstractKeyword.findWebElement(WebUIAbstractKeyword.groovy:27)
	at com.kms.katalon.core.webui.keyword.builtin.ClickKeyword$_click_closure1.doCall(ClickKeyword.groovy:65)
	at com.kms.katalon.core.webui.keyword.builtin.ClickKeyword$_click_closure1.call(ClickKeyword.groovy)
	at com.kms.katalon.core.webui.keyword.internal.WebUIKeywordMain.runKeyword(WebUIKeywordMain.groovy:20)
	at com.kms.katalon.core.webui.keyword.builtin.ClickKeyword.click(ClickKeyword.groovy:74)
	at com.kms.katalon.core.webui.keyword.builtin.ClickKeyword.execute(ClickKeyword.groovy:40)
	at com.kms.katalon.core.keyword.internal.KeywordExecutor.executeKeywordForPlatform(KeywordExecutor.groovy:74)
	at com.kms.katalon.core.webui.keyword.WebUiBuiltInKeywords.click(WebUiBuiltInKeywords.groovy:620)
	at com.kms.katalon.core.webui.keyword.WebUiBuiltInKeywords$click$1.call(Unknown Source)
	at Script1642078243999.run(Script1642078243999.groovy:38)
	... 16 more
)

2022-01-17 16:36:06 - [MESSAGE][INFO] - Unable to find the element located by 'By.xpath: //*[(text() = 'Câu hỏi trắc nghiệm Câu hỏi thăm dò' or . = 'Câu hỏi trắc nghiệm Câu hỏi thăm dò')]'. Please recheck the objects properties to make sure the desired element is located. 

2022-01-17 16:36:06 - [MESSAGE][WARNING] - [SELF-HEALING] Failed to find element with id 'Object Repository/Student answering question being overdue or on time/Page_Kha Nhp mn cng ngh phn mm/span_Cu hi trc nghim Cu hi thm d'. Try using Self-healing.

2022-01-17 16:36:07 - [MESSAGE][INFO] - Unable to find the element located by 'By.xpath: //div[@id='yui_3_17_2_1_1642078581211_29']/div/a/span'. Please recheck the objects properties to make sure the desired element is located. 

2022-01-17 16:36:07 - [MESSAGE][INFO] - [SELF-HEALING] Failed Locator: '//div[@id='yui_3_17_2_1_1642078581211_29']/div/a/span'.

2022-01-17 16:36:08 - [MESSAGE][INFO] - [SELF-HEALING] Failed Locator: '(.//*[normalize-space(text()) and normalize-space(.)='Chủ đề 1'])[2]/following::span[1]'.

2022-01-17 16:36:08 - [MESSAGE][INFO] - [SELF-HEALING] Failed Locator: '(.//*[normalize-space(text()) and normalize-space(.)='Diễn đàn'])[1]/following::span[2]'.

2022-01-17 16:36:08 - [MESSAGE][INFO] - [SELF-HEALING] Failed Locator: '//*/text()[normalize-space(.)='Câu hỏi trắc nghiệm']/parent::*'.

2022-01-17 16:36:09 - [MESSAGE][INFO] - [SELF-HEALING] Failed Locator: '//li[2]/div[3]/ul/li/div/div/div[2]/div/a/span'.

2022-01-17 16:36:09 - [MESSAGE][INFO] - [SELF-HEALING] Failed Locator: '//span[@id='yui_3_17_2_1_1641837658503_671']'.

2022-01-17 16:36:09 - [MESSAGE][INFO] - [SELF-HEALING] Failed Locator: '//a[@id='yui_3_17_2_1_1641837658503_672']/span'.

2022-01-17 16:36:10 - [MESSAGE][INFO] - [SELF-HEALING] Failed Locator: '(.//*[normalize-space(text()) and normalize-space(.)='Mark as done'])[1]/following::span[3]'.

2022-01-17 16:36:10 - [MESSAGE][INFO] - [SELF-HEALING] Failed Locator: '(.//*[normalize-space(text()) and normalize-space(.)='Due:'])[1]/following::span[3]'.

2022-01-17 16:36:10 - [MESSAGE][INFO] - [SELF-HEALING] Failed Locator: '(.//*[normalize-space(text()) and normalize-space(.)='Chỉnh sửa các cài đặt'])[4]/preceding::span[3]'.

2022-01-17 16:36:10 - [MESSAGE][INFO] - [SELF-HEALING] Failed Locator: '//li[3]/div/div/div[2]/div/span/a/span'.

2022-01-17 16:36:12 - [MESSAGE][INFO] - Unable to find the element located by 'By.cssSelector: #yui_3_17_2_1_1642078581211_29 > div.activityinstance > a.aalink > span.instancename'. Please recheck the objects properties to make sure the desired element is located. 

2022-01-17 16:36:12 - [MESSAGE][FAILED] - Unable to click on object 'Object Repository/Student answering question being overdue or on time/Page_Kha Nhp mn cng ngh phn mm/span_Cu hi trc nghim Cu hi thm d' (Root cause: com.kms.katalon.core.exception.StepFailedException: Unable to click on object 'Object Repository/Student answering question being overdue or on time/Page_Kha Nhp mn cng ngh phn mm/span_Cu hi trc nghim Cu hi thm d'
	at com.kms.katalon.core.webui.keyword.internal.WebUIKeywordMain.stepFailed(WebUIKeywordMain.groovy:64)
	at com.kms.katalon.core.webui.keyword.internal.WebUIKeywordMain.runKeyword(WebUIKeywordMain.groovy:26)
	at com.kms.katalon.core.webui.keyword.builtin.ClickKeyword.click(ClickKeyword.groovy:74)
	at com.kms.katalon.core.webui.keyword.builtin.ClickKeyword.execute(ClickKeyword.groovy:40)
	at com.kms.katalon.core.keyword.internal.KeywordExecutor.executeKeywordForPlatform(KeywordExecutor.groovy:74)
	at com.kms.katalon.core.webui.keyword.WebUiBuiltInKeywords.click(WebUiBuiltInKeywords.groovy:620)
	at com.kms.katalon.core.webui.keyword.WebUiBuiltInKeywords$click$1.call(Unknown Source)
	at Answer choice question overdue.run(Answer choice question overdue:38)
	at com.kms.katalon.core.main.ScriptEngine.run(ScriptEngine.java:194)
	at com.kms.katalon.core.main.ScriptEngine.runScriptAsRawText(ScriptEngine.java:119)
	at com.kms.katalon.core.main.TestCaseExecutor.runScript(TestCaseExecutor.java:442)
	at com.kms.katalon.core.main.TestCaseExecutor.doExecute(TestCaseExecutor.java:433)
	at com.kms.katalon.core.main.TestCaseExecutor.processExecutionPhase(TestCaseExecutor.java:412)
	at com.kms.katalon.core.main.TestCaseExecutor.accessMainPhase(TestCaseExecutor.java:404)
	at com.kms.katalon.core.main.TestCaseExecutor.execute(TestCaseExecutor.java:281)
	at com.kms.katalon.core.main.TestCaseExecutor.execute(TestCaseExecutor.java:363)
	at com.kms.katalon.core.main.TestCaseExecutor.execute(TestCaseExecutor.java:363)
	at com.kms.katalon.core.main.TestCaseExecutor.execute(TestCaseExecutor.java:363)
	at com.kms.katalon.core.main.TestSuiteExecutor.accessTestCaseMainPhase(TestSuiteExecutor.java:202)
	at com.kms.katalon.core.main.TestSuiteExecutor.accessTestSuiteMainPhase(TestSuiteExecutor.java:164)
	at com.kms.katalon.core.main.TestSuiteExecutor.execute(TestSuiteExecutor.java:105)
	at com.kms.katalon.core.main.TestCaseMain.startTestSuite(TestCaseMain.java:181)
	at com.kms.katalon.core.main.TestCaseMain$startTestSuite$0.call(Unknown Source)
	at TempTestSuite1642408138931.run(TempTestSuite1642408138931.groovy:36)
Caused by: com.kms.katalon.core.webui.exception.WebElementNotFoundException: Web element with id: 'Object Repository/Student answering question being overdue or on time/Page_Kha Nhp mn cng ngh phn mm/span_Cu hi trc nghim Cu hi thm d' located by '//*[(text() = 'Câu hỏi trắc nghiệm Câu hỏi thăm dò' or . = 'Câu hỏi trắc nghiệm Câu hỏi thăm dò')]' not found
	at com.kms.katalon.core.webui.common.WebUiCommonHelper.findWebElement(WebUiCommonHelper.java:1368)
	at com.kms.katalon.core.webui.keyword.internal.WebUIAbstractKeyword.findWebElement(WebUIAbstractKeyword.groovy:27)
	at com.kms.katalon.core.webui.keyword.builtin.ClickKeyword$_click_closure1.doCall(ClickKeyword.groovy:65)
	at com.kms.katalon.core.webui.keyword.builtin.ClickKeyword$_click_closure1.call(ClickKeyword.groovy)
	at com.kms.katalon.core.webui.keyword.internal.WebUIKeywordMain.runKeyword(WebUIKeywordMain.groovy:20)
	at com.kms.katalon.core.webui.keyword.builtin.ClickKeyword.click(ClickKeyword.groovy:74)
	at com.kms.katalon.core.webui.keyword.builtin.ClickKeyword.execute(ClickKeyword.groovy:40)
	at com.kms.katalon.core.keyword.internal.KeywordExecutor.executeKeywordForPlatform(KeywordExecutor.groovy:74)
	at com.kms.katalon.core.webui.keyword.WebUiBuiltInKeywords.click(WebUiBuiltInKeywords.groovy:620)
	at com.kms.katalon.core.webui.keyword.WebUiBuiltInKeywords$click$1.call(Unknown Source)
	at Script1642078243999.run(Script1642078243999.groovy:38)
	... 16 more
)
[[ATTACHMENT|D:\\Cong-Binh Le\\xampp\\htdocs\\moodle\\Test Automation - SE Bonus\\Reports\\20220117_152858\\Run All Test Cases\\20220117_152858\\1642412172239.png]]]]></system-out>
         <system-err><![CDATA[2022-01-17 16:35:49 - [TEST_CASE][FAILED] - Test Cases/Students answering question being overdue or on time/Answer choice question overdue: Test Cases/Students answering question being overdue or on time/Answer choice question overdue FAILED.
Reason:
com.kms.katalon.core.exception.StepFailedException: Unable to click on object 'Object Repository/Student answering question being overdue or on time/Page_Kha Nhp mn cng ngh phn mm/span_Cu hi trc nghim Cu hi thm d'
	at com.kms.katalon.core.webui.keyword.internal.WebUIKeywordMain.stepFailed(WebUIKeywordMain.groovy:64)
	at com.kms.katalon.core.webui.keyword.internal.WebUIKeywordMain.runKeyword(WebUIKeywordMain.groovy:26)
	at com.kms.katalon.core.webui.keyword.builtin.ClickKeyword.click(ClickKeyword.groovy:74)
	at com.kms.katalon.core.webui.keyword.builtin.ClickKeyword.execute(ClickKeyword.groovy:40)
	at com.kms.katalon.core.keyword.internal.KeywordExecutor.executeKeywordForPlatform(KeywordExecutor.groovy:74)
	at com.kms.katalon.core.webui.keyword.WebUiBuiltInKeywords.click(WebUiBuiltInKeywords.groovy:620)
	at com.kms.katalon.core.webui.keyword.WebUiBuiltInKeywords$click$1.call(Unknown Source)
	at Answer choice question overdue.run(Answer choice question overdue:38)
	at com.kms.katalon.core.main.ScriptEngine.run(ScriptEngine.java:194)
	at com.kms.katalon.core.main.ScriptEngine.runScriptAsRawText(ScriptEngine.java:119)
	at com.kms.katalon.core.main.TestCaseExecutor.runScript(TestCaseExecutor.java:442)
	at com.kms.katalon.core.main.TestCaseExecutor.doExecute(TestCaseExecutor.java:433)
	at com.kms.katalon.core.main.TestCaseExecutor.processExecutionPhase(TestCaseExecutor.java:412)
	at com.kms.katalon.core.main.TestCaseExecutor.accessMainPhase(TestCaseExecutor.java:404)
	at com.kms.katalon.core.main.TestCaseExecutor.execute(TestCaseExecutor.java:281)
	at com.kms.katalon.core.main.TestCaseExecutor.execute(TestCaseExecutor.java:363)
	at com.kms.katalon.core.main.TestCaseExecutor.execute(TestCaseExecutor.java:363)
	at com.kms.katalon.core.main.TestCaseExecutor.execute(TestCaseExecutor.java:363)
	at com.kms.katalon.core.main.TestSuiteExecutor.accessTestCaseMainPhase(TestSuiteExecutor.java:202)
	at com.kms.katalon.core.main.TestSuiteExecutor.accessTestSuiteMainPhase(TestSuiteExecutor.java:164)
	at com.kms.katalon.core.main.TestSuiteExecutor.execute(TestSuiteExecutor.java:105)
	at com.kms.katalon.core.main.TestCaseMain.startTestSuite(TestCaseMain.java:181)
	at com.kms.katalon.core.main.TestCaseMain$startTestSuite$0.call(Unknown Source)
	at TempTestSuite1642408138931.run(TempTestSuite1642408138931.groovy:36)
Caused by: com.kms.katalon.core.webui.exception.WebElementNotFoundException: Web element with id: 'Object Repository/Student answering question being overdue or on time/Page_Kha Nhp mn cng ngh phn mm/span_Cu hi trc nghim Cu hi thm d' located by '//*[(text() = 'Câu hỏi trắc nghiệm Câu hỏi thăm dò' or . = 'Câu hỏi trắc nghiệm Câu hỏi thăm dò')]' not found
	at com.kms.katalon.core.webui.common.WebUiCommonHelper.findWebElement(WebUiCommonHelper.java:1368)
	at com.kms.katalon.core.webui.keyword.internal.WebUIAbstractKeyword.findWebElement(WebUIAbstractKeyword.groovy:27)
	at com.kms.katalon.core.webui.keyword.builtin.ClickKeyword$_click_closure1.doCall(ClickKeyword.groovy:65)
	at com.kms.katalon.core.webui.keyword.builtin.ClickKeyword$_click_closure1.call(ClickKeyword.groovy)
	at com.kms.katalon.core.webui.keyword.internal.WebUIKeywordMain.runKeyword(WebUIKeywordMain.groovy:20)
	... 22 more]]></system-err>
      </testcase>
      <testcase name="Test Cases/Students answering question being overdue or on time/Answer text question on time" time="80.088" classname="Test Cases/Students answering question being overdue or on time/Answer text question on time" status="FAILED">
         <failure type="FAILED" message="Test Cases/Students answering question being overdue or on time/Answer text question on time FAILED.
Reason:
com.kms.katalon.core.exception.StepFailedException: Unable to verify object 'Object Repository/Student answering question being overdue or on time/Page_Nh ca ti/span_Nhp mn cng ngh phn mm' to be clickable
	at com.kms.katalon.core.webui.keyword.internal.WebUIKeywordMain.stepFailed(WebUIKeywordMain.groovy:64)
	at com.kms.katalon.core.webui.keyword.internal.WebUIKeywordMain.runKeyword(WebUIKeywordMain.groovy:26)
	at com.kms.katalon.core.webui.keyword.builtin.VerifyElementClickableKeyword.verifyElementClickable(VerifyElementClickableKeyword.groovy:96)
	at com.kms.katalon.core.webui.keyword.builtin.VerifyElementClickableKeyword.execute(VerifyElementClickableKeyword.groovy:67)
	at com.kms.katalon.core.keyword.internal.KeywordExecutor.executeKeywordForPlatform(KeywordExecutor.groovy:74)
	at com.kms.katalon.core.webui.keyword.WebUiBuiltInKeywords.verifyElementClickable(WebUiBuiltInKeywords.groovy:566)
	at com.kms.katalon.core.webui.keyword.WebUiBuiltInKeywords$verifyElementClickable$10.call(Unknown Source)
	at Answer text question on time.run(Answer text question on time:72)
	at com.kms.katalon.core.main.ScriptEngine.run(ScriptEngine.java:194)
	at com.kms.katalon.core.main.ScriptEngine.runScriptAsRawText(ScriptEngine.java:119)
	at com.kms.katalon.core.main.TestCaseExecutor.runScript(TestCaseExecutor.java:442)
	at com.kms.katalon.core.main.TestCaseExecutor.doExecute(TestCaseExecutor.java:433)
	at com.kms.katalon.core.main.TestCaseExecutor.processExecutionPhase(TestCaseExecutor.java:412)
	at com.kms.katalon.core.main.TestCaseExecutor.accessMainPhase(TestCaseExecutor.java:404)
	at com.kms.katalon.core.main.TestCaseExecutor.execute(TestCaseExecutor.java:281)
	at com.kms.katalon.core.main.TestCaseExecutor.execute(TestCaseExecutor.java:363)
	at com.kms.katalon.core.main.TestCaseExecutor.execute(TestCaseExecutor.java:363)
	at com.kms.katalon.core.main.TestCaseExecutor.execute(TestCaseExecutor.java:363)
	at com.kms.katalon.core.main.TestSuiteExecutor.accessTestCaseMainPhase(TestSuiteExecutor.java:202)
	at com.kms.katalon.core.main.TestSuiteExecutor.accessTestSuiteMainPhase(TestSuiteExecutor.java:164)
	at com.kms.katalon.core.main.TestSuiteExecutor.execute(TestSuiteExecutor.java:105)
	at com.kms.katalon.core.main.TestCaseMain.startTestSuite(TestCaseMain.java:181)
	at com.kms.katalon.core.main.TestCaseMain$startTestSuite$0.call(Unknown Source)
	at TempTestSuite1642408138931.run(TempTestSuite1642408138931.groovy:36)
Caused by: com.kms.katalon.core.exception.StepFailedException: Web element with id: 'Object Repository/Student answering question being overdue or on time/Page_Nh ca ti/span_Nhp mn cng ngh phn mm' located by '//div[@id='course-info-container-2-4']/div/div/a/span[3]' not found
	at com.kms.katalon.core.webui.keyword.internal.WebUIKeywordMain.stepFailed(WebUIKeywordMain.groovy:64)
	at com.kms.katalon.core.webui.keyword.builtin.VerifyElementClickableKeyword$_verifyElementClickable_closure1.doCall(VerifyElementClickableKeyword.groovy:88)
	at com.kms.katalon.core.webui.keyword.builtin.VerifyElementClickableKeyword$_verifyElementClickable_closure1.call(VerifyElementClickableKeyword.groovy)
	at com.kms.katalon.core.webui.keyword.internal.WebUIKeywordMain.runKeyword(WebUIKeywordMain.groovy:20)
	... 22 more
"/>
         <system-out><![CDATA[2022-01-17 16:40:15 - [TEST_CASE][FAILED] - Test Cases/Students answering question being overdue or on time/Answer text question on time: Test Cases/Students answering question being overdue or on time/Answer text question on time FAILED.
Reason:
com.kms.katalon.core.exception.StepFailedException: Unable to verify object 'Object Repository/Student answering question being overdue or on time/Page_Nh ca ti/span_Nhp mn cng ngh phn mm' to be clickable
	at com.kms.katalon.core.webui.keyword.internal.WebUIKeywordMain.stepFailed(WebUIKeywordMain.groovy:64)
	at com.kms.katalon.core.webui.keyword.internal.WebUIKeywordMain.runKeyword(WebUIKeywordMain.groovy:26)
	at com.kms.katalon.core.webui.keyword.builtin.VerifyElementClickableKeyword.verifyElementClickable(VerifyElementClickableKeyword.groovy:96)
	at com.kms.katalon.core.webui.keyword.builtin.VerifyElementClickableKeyword.execute(VerifyElementClickableKeyword.groovy:67)
	at com.kms.katalon.core.keyword.internal.KeywordExecutor.executeKeywordForPlatform(KeywordExecutor.groovy:74)
	at com.kms.katalon.core.webui.keyword.WebUiBuiltInKeywords.verifyElementClickable(WebUiBuiltInKeywords.groovy:566)
	at com.kms.katalon.core.webui.keyword.WebUiBuiltInKeywords$verifyElementClickable$10.call(Unknown Source)
	at Answer text question on time.run(Answer text question on time:72)
	at com.kms.katalon.core.main.ScriptEngine.run(ScriptEngine.java:194)
	at com.kms.katalon.core.main.ScriptEngine.runScriptAsRawText(ScriptEngine.java:119)
	at com.kms.katalon.core.main.TestCaseExecutor.runScript(TestCaseExecutor.java:442)
	at com.kms.katalon.core.main.TestCaseExecutor.doExecute(TestCaseExecutor.java:433)
	at com.kms.katalon.core.main.TestCaseExecutor.processExecutionPhase(TestCaseExecutor.java:412)
	at com.kms.katalon.core.main.TestCaseExecutor.accessMainPhase(TestCaseExecutor.java:404)
	at com.kms.katalon.core.main.TestCaseExecutor.execute(TestCaseExecutor.java:281)
	at com.kms.katalon.core.main.TestCaseExecutor.execute(TestCaseExecutor.java:363)
	at com.kms.katalon.core.main.TestCaseExecutor.execute(TestCaseExecutor.java:363)
	at com.kms.katalon.core.main.TestCaseExecutor.execute(TestCaseExecutor.java:363)
	at com.kms.katalon.core.main.TestSuiteExecutor.accessTestCaseMainPhase(TestSuiteExecutor.java:202)
	at com.kms.katalon.core.main.TestSuiteExecutor.accessTestSuiteMainPhase(TestSuiteExecutor.java:164)
	at com.kms.katalon.core.main.TestSuiteExecutor.execute(TestSuiteExecutor.java:105)
	at com.kms.katalon.core.main.TestCaseMain.startTestSuite(TestCaseMain.java:181)
	at com.kms.katalon.core.main.TestCaseMain$startTestSuite$0.call(Unknown Source)
	at TempTestSuite1642408138931.run(TempTestSuite1642408138931.groovy:36)
Caused by: com.kms.katalon.core.exception.StepFailedException: Web element with id: 'Object Repository/Student answering question being overdue or on time/Page_Nh ca ti/span_Nhp mn cng ngh phn mm' located by '//div[@id='course-info-container-2-4']/div/div/a/span[3]' not found
	at com.kms.katalon.core.webui.keyword.internal.WebUIKeywordMain.stepFailed(WebUIKeywordMain.groovy:64)
	at com.kms.katalon.core.webui.keyword.builtin.VerifyElementClickableKeyword$_verifyElementClickable_closure1.doCall(VerifyElementClickableKeyword.groovy:88)
	at com.kms.katalon.core.webui.keyword.builtin.VerifyElementClickableKeyword$_verifyElementClickable_closure1.call(VerifyElementClickableKeyword.groovy)
	at com.kms.katalon.core.webui.keyword.internal.WebUIKeywordMain.runKeyword(WebUIKeywordMain.groovy:20)
	... 22 more


2022-01-17 16:40:15 - [TEST_STEP][PASSED] - openBrowser(""): Browser is opened with url: ''

2022-01-17 16:40:15 - [MESSAGE][WARNING] - A browser is already opened. Closing browser and opening a new one

2022-01-17 16:40:15 - [MESSAGE][INFO] - Starting 'Chrome' driver

2022-01-17 16:40:15 - [MESSAGE][INFO] - Action delay is set to 0 milliseconds

2022-01-17 16:40:17 - [MESSAGE][PASSED] - Browser is opened with url: ''

2022-01-17 16:40:17 - [TEST_STEP][PASSED] - navigateToUrl("http://localhost/"): Navigate to 'http://localhost/' successfully

2022-01-17 16:40:17 - [MESSAGE][PASSED] - Navigate to 'http://localhost/' successfully

2022-01-17 16:40:17 - [TEST_STEP][PASSED] - click(findTestObject("Object Repository/Student answering question being overdue or on time/Page_Local Moodle/a_Log in")): Object: 'Object Repository/Student answering question being overdue or on time/Page_Local Moodle/a_Log in' is clicked on

2022-01-17 16:40:18 - [MESSAGE][PASSED] - Object: 'Object Repository/Student answering question being overdue or on time/Page_Local Moodle/a_Log in' is clicked on

2022-01-17 16:40:18 - [TEST_STEP][PASSED] - setText(findTestObject("Object Repository/Student answering question being overdue or on time/Page_Local Moodle Log in to the site/input_Username_username"), "gv01"): Text 'gv01' is set on object 'Object Repository/Student answering question being overdue or on time/Page_Local Moodle Log in to the site/input_Username_username'

2022-01-17 16:40:19 - [MESSAGE][PASSED] - Text 'gv01' is set on object 'Object Repository/Student answering question being overdue or on time/Page_Local Moodle Log in to the site/input_Username_username'

2022-01-17 16:40:19 - [TEST_STEP][PASSED] - setEncryptedText(findTestObject("Object Repository/Student answering question being overdue or on time/Page_Local Moodle Log in to the site/input_Password_password"), "RigbBhfdqOAWw2eOk0+aVg=="): Text ****** has been set on object 'Object Repository/Student answering question being overdue or on time/Page_Local Moodle Log in to the site/input_Password_password'

2022-01-17 16:40:20 - [MESSAGE][PASSED] - Text ****** has been set on object 'Object Repository/Student answering question being overdue or on time/Page_Local Moodle Log in to the site/input_Password_password'

2022-01-17 16:40:20 - [TEST_STEP][PASSED] - click(findTestObject("Object Repository/Student answering question being overdue or on time/Page_Local Moodle Log in to the site/button_Log in")): Object: 'Object Repository/Student answering question being overdue or on time/Page_Local Moodle Log in to the site/button_Log in' is clicked on

2022-01-17 16:40:21 - [MESSAGE][PASSED] - Object: 'Object Repository/Student answering question being overdue or on time/Page_Local Moodle Log in to the site/button_Log in' is clicked on

2022-01-17 16:40:21 - [TEST_STEP][PASSED] - verifyElementClickable(findTestObject("Object Repository/Student answering question being overdue or on time/Page_Nh ca ti/span_Nhp mn cng ngh phn mm")): Object 'Object Repository/Student answering question being overdue or on time/Page_Nh ca ti/span_Nhp mn cng ngh phn mm' is clickable

2022-01-17 16:40:28 - [MESSAGE][INFO] - Unable to find the element located by 'By.xpath: //div[@id='course-info-container-2-4']/div/div/a/span[3]'. Please recheck the objects properties to make sure the desired element is located. 

2022-01-17 16:40:28 - [MESSAGE][WARNING] - [SELF-HEALING] Failed to find element with id 'Object Repository/Student answering question being overdue or on time/Page_Nh ca ti/span_Nhp mn cng ngh phn mm'. Try using Self-healing.

2022-01-17 16:40:28 - [MESSAGE][WARNING] - [SELF-HEALING] The current locator of test object 'Object Repository/Student answering question being overdue or on time/Page_Nh ca ti/span_Nhp mn cng ngh phn mm' was broken. Propose an alternative one: '//span[3]'.

2022-01-17 16:40:28 - [MESSAGE][PASSED] - Object 'Object Repository/Student answering question being overdue or on time/Page_Nh ca ti/span_Nhp mn cng ngh phn mm' is clickable

2022-01-17 16:40:28 - [TEST_STEP][PASSED] - click(findTestObject("Object Repository/Student answering question being overdue or on time/Page_Nh ca ti/span_Nhp mn cng ngh phn mm")): Object: 'Object Repository/Student answering question being overdue or on time/Page_Nh ca ti/span_Nhp mn cng ngh phn mm' is clicked on

2022-01-17 16:40:34 - [MESSAGE][INFO] - Unable to find the element located by 'By.xpath: //div[@id='course-info-container-2-4']/div/div/a/span[3]'. Please recheck the objects properties to make sure the desired element is located. 

2022-01-17 16:40:34 - [MESSAGE][WARNING] - [SELF-HEALING] Failed to find element with id 'Object Repository/Student answering question being overdue or on time/Page_Nh ca ti/span_Nhp mn cng ngh phn mm'. Try using Self-healing.

2022-01-17 16:40:35 - [MESSAGE][WARNING] - [SELF-HEALING] The current locator of test object 'Object Repository/Student answering question being overdue or on time/Page_Nh ca ti/span_Nhp mn cng ngh phn mm' was broken. Propose an alternative one: '//span[3]'.

2022-01-17 16:40:35 - [MESSAGE][PASSED] - Object: 'Object Repository/Student answering question being overdue or on time/Page_Nh ca ti/span_Nhp mn cng ngh phn mm' is clicked on

2022-01-17 16:40:35 - [TEST_STEP][PASSED] - click(findTestObject("Object Repository/Student answering question being overdue or on time/Page_Kha Nhp mn cng ngh phn mm/button_Bt ch  chnh sa")): Object: 'Object Repository/Student answering question being overdue or on time/Page_Kha Nhp mn cng ngh phn mm/button_Bt ch  chnh sa' is clicked on

2022-01-17 16:40:42 - [MESSAGE][INFO] - Unable to find the element located by 'By.xpath: //button[@id='single_button61e025a09a5401']'. Please recheck the objects properties to make sure the desired element is located. 

2022-01-17 16:40:42 - [MESSAGE][WARNING] - [SELF-HEALING] Failed to find element with id 'Object Repository/Student answering question being overdue or on time/Page_Kha Nhp mn cng ngh phn mm/button_Bt ch  chnh sa'. Try using Self-healing.

2022-01-17 16:40:42 - [MESSAGE][WARNING] - [SELF-HEALING] The current locator of test object 'Object Repository/Student answering question being overdue or on time/Page_Kha Nhp mn cng ngh phn mm/button_Bt ch  chnh sa' was broken. Propose an alternative one: '//header[@id='page-header']/div/div/div/div[2]/div[2]/div/form/button'.

2022-01-17 16:40:43 - [MESSAGE][PASSED] - Object: 'Object Repository/Student answering question being overdue or on time/Page_Kha Nhp mn cng ngh phn mm/button_Bt ch  chnh sa' is clicked on

2022-01-17 16:40:43 - [TEST_STEP][PASSED] - verifyElementClickable(findTestObject("Object Repository/Student answering question being overdue or on time/Page_Kha Nhp mn cng ngh phn mm/span_Thm hot ng hoc ti nguyn")): Object 'Object Repository/Student answering question being overdue or on time/Page_Kha Nhp mn cng ngh phn mm/span_Thm hot ng hoc ti nguyn' is clickable

2022-01-17 16:40:49 - [MESSAGE][INFO] - Unable to find the element located by 'By.xpath: //span[@id='yui_3_17_2_1_1642078463952_611']'. Please recheck the objects properties to make sure the desired element is located. 

2022-01-17 16:40:49 - [MESSAGE][WARNING] - [SELF-HEALING] Failed to find element with id 'Object Repository/Student answering question being overdue or on time/Page_Kha Nhp mn cng ngh phn mm/span_Thm hot ng hoc ti nguyn'. Try using Self-healing.

2022-01-17 16:40:49 - [MESSAGE][WARNING] - [SELF-HEALING] The current locator of test object 'Object Repository/Student answering question being overdue or on time/Page_Kha Nhp mn cng ngh phn mm/span_Thm hot ng hoc ti nguyn' was broken. Propose an alternative one: '(.//*[normalize-space(text()) and normalize-space(.)='Thêm tập tin ở đây'])[2]/following::span[1]'.

2022-01-17 16:40:49 - [MESSAGE][PASSED] - Object 'Object Repository/Student answering question being overdue or on time/Page_Kha Nhp mn cng ngh phn mm/span_Thm hot ng hoc ti nguyn' is clickable

2022-01-17 16:40:49 - [TEST_STEP][PASSED] - click(findTestObject("Object Repository/Student answering question being overdue or on time/Page_Kha Nhp mn cng ngh phn mm/span_Thm hot ng hoc ti nguyn")): Object: 'Object Repository/Student answering question being overdue or on time/Page_Kha Nhp mn cng ngh phn mm/span_Thm hot ng hoc ti nguyn' is clicked on

2022-01-17 16:40:56 - [MESSAGE][INFO] - Unable to find the element located by 'By.xpath: //span[@id='yui_3_17_2_1_1642078463952_611']'. Please recheck the objects properties to make sure the desired element is located. 

2022-01-17 16:40:56 - [MESSAGE][WARNING] - [SELF-HEALING] Failed to find element with id 'Object Repository/Student answering question being overdue or on time/Page_Kha Nhp mn cng ngh phn mm/span_Thm hot ng hoc ti nguyn'. Try using Self-healing.

2022-01-17 16:40:56 - [MESSAGE][WARNING] - [SELF-HEALING] The current locator of test object 'Object Repository/Student answering question being overdue or on time/Page_Kha Nhp mn cng ngh phn mm/span_Thm hot ng hoc ti nguyn' was broken. Propose an alternative one: '(.//*[normalize-space(text()) and normalize-space(.)='Thêm tập tin ở đây'])[2]/following::span[1]'.

2022-01-17 16:40:56 - [MESSAGE][PASSED] - Object: 'Object Repository/Student answering question being overdue or on time/Page_Kha Nhp mn cng ngh phn mm/span_Thm hot ng hoc ti nguyn' is clicked on

2022-01-17 16:40:56 - [TEST_STEP][PASSED] - verifyElementClickable(findTestObject("Object Repository/Student answering question being overdue or on time/Page_Kha Nhp mn cng ngh phn mm/div_Bi tp")): Object 'Object Repository/Student answering question being overdue or on time/Page_Kha Nhp mn cng ngh phn mm/div_Bi tp' is clickable

2022-01-17 16:41:02 - [MESSAGE][INFO] - Unable to find the element located by 'By.xpath: //div[@id='all-4']/div/div[3]/div/a/div[2]'. Please recheck the objects properties to make sure the desired element is located. 

2022-01-17 16:41:02 - [MESSAGE][WARNING] - [SELF-HEALING] Failed to find element with id 'Object Repository/Student answering question being overdue or on time/Page_Kha Nhp mn cng ngh phn mm/div_Bi tp'. Try using Self-healing.

2022-01-17 16:41:03 - [MESSAGE][WARNING] - [SELF-HEALING] The current locator of test object 'Object Repository/Student answering question being overdue or on time/Page_Kha Nhp mn cng ngh phn mm/div_Bi tp' was broken. Propose an alternative one: '(.//*[normalize-space(text()) and normalize-space(.)='Bài học'])[1]/following::div[5]'.

2022-01-17 16:41:03 - [MESSAGE][PASSED] - Object 'Object Repository/Student answering question being overdue or on time/Page_Kha Nhp mn cng ngh phn mm/div_Bi tp' is clickable

2022-01-17 16:41:03 - [TEST_STEP][PASSED] - click(findTestObject("Object Repository/Student answering question being overdue or on time/Page_Kha Nhp mn cng ngh phn mm/div_Bi tp")): Object: 'Object Repository/Student answering question being overdue or on time/Page_Kha Nhp mn cng ngh phn mm/div_Bi tp' is clicked on

2022-01-17 16:41:09 - [MESSAGE][INFO] - Unable to find the element located by 'By.xpath: //div[@id='all-4']/div/div[3]/div/a/div[2]'. Please recheck the objects properties to make sure the desired element is located. 

2022-01-17 16:41:09 - [MESSAGE][WARNING] - [SELF-HEALING] Failed to find element with id 'Object Repository/Student answering question being overdue or on time/Page_Kha Nhp mn cng ngh phn mm/div_Bi tp'. Try using Self-healing.

2022-01-17 16:41:09 - [MESSAGE][WARNING] - [SELF-HEALING] The current locator of test object 'Object Repository/Student answering question being overdue or on time/Page_Kha Nhp mn cng ngh phn mm/div_Bi tp' was broken. Propose an alternative one: '(.//*[normalize-space(text()) and normalize-space(.)='Bài học'])[1]/following::div[5]'.

2022-01-17 16:41:11 - [MESSAGE][PASSED] - Object: 'Object Repository/Student answering question being overdue or on time/Page_Kha Nhp mn cng ngh phn mm/div_Bi tp' is clicked on

2022-01-17 16:41:11 - [TEST_STEP][PASSED] - setText(findTestObject("Object Repository/Student answering question being overdue or on time/Page_Bin son Bi tp/input_Tn bi tp_name"), "Trả lời câu hỏi trực tiếp"): Text 'Trả lời câu hỏi trực tiếp' is set on object 'Object Repository/Student answering question being overdue or on time/Page_Bin son Bi tp/input_Tn bi tp_name'

2022-01-17 16:41:12 - [MESSAGE][PASSED] - Text 'Trả lời câu hỏi trực tiếp' is set on object 'Object Repository/Student answering question being overdue or on time/Page_Bin son Bi tp/input_Tn bi tp_name'

2022-01-17 16:41:12 - [TEST_STEP][PASSED] - setText(findTestObject("Object Repository/Student answering question being overdue or on time/Page_Bin son Bi tp/div_Tr li cu hi sau"), "<p dir="ltr" style="text-align: left;">Trả lời câu hỏi sau</p>"): Text '<p dir="ltr" style="text-align: left;">Trả lời câu hỏi sau</p>' is set on object 'Object Repository/Student answering question being overdue or on time/Page_Bin son Bi tp/div_Tr li cu hi sau'

2022-01-17 16:41:14 - [MESSAGE][PASSED] - Text '<p dir="ltr" style="text-align: left;">Trả lời câu hỏi sau</p>' is set on object 'Object Repository/Student answering question being overdue or on time/Page_Bin son Bi tp/div_Tr li cu hi sau'

2022-01-17 16:41:14 - [TEST_STEP][PASSED] - click(findTestObject("Object Repository/Student answering question being overdue or on time/Page_Bin son Bi tp/input_Vn bn trc tuyn_assignsubmission_onlin_3ee3b4")): Object: 'Object Repository/Student answering question being overdue or on time/Page_Bin son Bi tp/input_Vn bn trc tuyn_assignsubmission_onlin_3ee3b4' is clicked on

2022-01-17 16:41:15 - [MESSAGE][PASSED] - Object: 'Object Repository/Student answering question being overdue or on time/Page_Bin son Bi tp/input_Vn bn trc tuyn_assignsubmission_onlin_3ee3b4' is clicked on

2022-01-17 16:41:15 - [TEST_STEP][PASSED] - click(findTestObject("Object Repository/Student answering question being overdue or on time/Page_Bin son Bi tp/input_Upon activity completion_submitbutton")): Object: 'Object Repository/Student answering question being overdue or on time/Page_Bin son Bi tp/input_Upon activity completion_submitbutton' is clicked on

2022-01-17 16:41:17 - [MESSAGE][PASSED] - Object: 'Object Repository/Student answering question being overdue or on time/Page_Bin son Bi tp/input_Upon activity completion_submitbutton' is clicked on

2022-01-17 16:41:17 - [TEST_STEP][PASSED] - click(findTestObject("Object Repository/Student answering question being overdue or on time/Page_NM CNPM Tr li cu hi trc tip/a_Van A Nguyen")): Object: 'Object Repository/Student answering question being overdue or on time/Page_NM CNPM Tr li cu hi trc tip/a_Van A Nguyen' is clicked on

2022-01-17 16:41:18 - [MESSAGE][PASSED] - Object: 'Object Repository/Student answering question being overdue or on time/Page_NM CNPM Tr li cu hi trc tip/a_Van A Nguyen' is clicked on

2022-01-17 16:41:18 - [TEST_STEP][PASSED] - click(findTestObject("Object Repository/Student answering question being overdue or on time/Page_NM CNPM Tr li cu hi trc tip/a_Thot")): Object: 'Object Repository/Student answering question being overdue or on time/Page_NM CNPM Tr li cu hi trc tip/a_Thot' is clicked on

2022-01-17 16:41:19 - [MESSAGE][PASSED] - Object: 'Object Repository/Student answering question being overdue or on time/Page_NM CNPM Tr li cu hi trc tip/a_Thot' is clicked on

2022-01-17 16:41:19 - [TEST_STEP][PASSED] - click(findTestObject("Object Repository/Student answering question being overdue or on time/Page_Local Moodle/a_Log in")): Object: 'Object Repository/Student answering question being overdue or on time/Page_Local Moodle/a_Log in' is clicked on

2022-01-17 16:41:20 - [MESSAGE][PASSED] - Object: 'Object Repository/Student answering question being overdue or on time/Page_Local Moodle/a_Log in' is clicked on

2022-01-17 16:41:20 - [TEST_STEP][PASSED] - setText(findTestObject("Object Repository/Student answering question being overdue or on time/Page_Local Moodle Log in to the site/input_Username_username"), "hs01"): Text 'hs01' is set on object 'Object Repository/Student answering question being overdue or on time/Page_Local Moodle Log in to the site/input_Username_username'

2022-01-17 16:41:20 - [MESSAGE][PASSED] - Text 'hs01' is set on object 'Object Repository/Student answering question being overdue or on time/Page_Local Moodle Log in to the site/input_Username_username'

2022-01-17 16:41:21 - [TEST_STEP][PASSED] - setEncryptedText(findTestObject("Object Repository/Student answering question being overdue or on time/Page_Local Moodle Log in to the site/input_Password_password"), "RigbBhfdqOBGP4y92+oMSw=="): Text ****** has been set on object 'Object Repository/Student answering question being overdue or on time/Page_Local Moodle Log in to the site/input_Password_password'

2022-01-17 16:41:21 - [MESSAGE][PASSED] - Text ****** has been set on object 'Object Repository/Student answering question being overdue or on time/Page_Local Moodle Log in to the site/input_Password_password'

2022-01-17 16:41:21 - [TEST_STEP][PASSED] - click(findTestObject("Object Repository/Student answering question being overdue or on time/Page_Local Moodle Log in to the site/button_Log in")): Object: 'Object Repository/Student answering question being overdue or on time/Page_Local Moodle Log in to the site/button_Log in' is clicked on

2022-01-17 16:41:22 - [MESSAGE][PASSED] - Object: 'Object Repository/Student answering question being overdue or on time/Page_Local Moodle Log in to the site/button_Log in' is clicked on

2022-01-17 16:41:22 - [TEST_STEP][FAILED] - verifyElementClickable(findTestObject("Object Repository/Student answering question being overdue or on time/Page_Nh ca ti/span_Nhp mn cng ngh phn mm")): Unable to verify object 'Object Repository/Student answering question being overdue or on time/Page_Nh ca ti/span_Nhp mn cng ngh phn mm' to be clickable (Root cause: com.kms.katalon.core.exception.StepFailedException: Unable to verify object 'Object Repository/Student answering question being overdue or on time/Page_Nh ca ti/span_Nhp mn cng ngh phn mm' to be clickable
	at com.kms.katalon.core.webui.keyword.internal.WebUIKeywordMain.stepFailed(WebUIKeywordMain.groovy:64)
	at com.kms.katalon.core.webui.keyword.internal.WebUIKeywordMain.runKeyword(WebUIKeywordMain.groovy:26)
	at com.kms.katalon.core.webui.keyword.builtin.VerifyElementClickableKeyword.verifyElementClickable(VerifyElementClickableKeyword.groovy:96)
	at com.kms.katalon.core.webui.keyword.builtin.VerifyElementClickableKeyword.execute(VerifyElementClickableKeyword.groovy:67)
	at com.kms.katalon.core.keyword.internal.KeywordExecutor.executeKeywordForPlatform(KeywordExecutor.groovy:74)
	at com.kms.katalon.core.webui.keyword.WebUiBuiltInKeywords.verifyElementClickable(WebUiBuiltInKeywords.groovy:566)
	at com.kms.katalon.core.webui.keyword.WebUiBuiltInKeywords$verifyElementClickable$10.call(Unknown Source)
	at Answer text question on time.run(Answer text question on time:72)
	at com.kms.katalon.core.main.ScriptEngine.run(ScriptEngine.java:194)
	at com.kms.katalon.core.main.ScriptEngine.runScriptAsRawText(ScriptEngine.java:119)
	at com.kms.katalon.core.main.TestCaseExecutor.runScript(TestCaseExecutor.java:442)
	at com.kms.katalon.core.main.TestCaseExecutor.doExecute(TestCaseExecutor.java:433)
	at com.kms.katalon.core.main.TestCaseExecutor.processExecutionPhase(TestCaseExecutor.java:412)
	at com.kms.katalon.core.main.TestCaseExecutor.accessMainPhase(TestCaseExecutor.java:404)
	at com.kms.katalon.core.main.TestCaseExecutor.execute(TestCaseExecutor.java:281)
	at com.kms.katalon.core.main.TestCaseExecutor.execute(TestCaseExecutor.java:363)
	at com.kms.katalon.core.main.TestCaseExecutor.execute(TestCaseExecutor.java:363)
	at com.kms.katalon.core.main.TestCaseExecutor.execute(TestCaseExecutor.java:363)
	at com.kms.katalon.core.main.TestSuiteExecutor.accessTestCaseMainPhase(TestSuiteExecutor.java:202)
	at com.kms.katalon.core.main.TestSuiteExecutor.accessTestSuiteMainPhase(TestSuiteExecutor.java:164)
	at com.kms.katalon.core.main.TestSuiteExecutor.execute(TestSuiteExecutor.java:105)
	at com.kms.katalon.core.main.TestCaseMain.startTestSuite(TestCaseMain.java:181)
	at com.kms.katalon.core.main.TestCaseMain$startTestSuite$0.call(Unknown Source)
	at TempTestSuite1642408138931.run(TempTestSuite1642408138931.groovy:36)
Caused by: com.kms.katalon.core.exception.StepFailedException: Web element with id: 'Object Repository/Student answering question being overdue or on time/Page_Nh ca ti/span_Nhp mn cng ngh phn mm' located by '//div[@id='course-info-container-2-4']/div/div/a/span[3]' not found
	at com.kms.katalon.core.webui.keyword.internal.WebUIKeywordMain.stepFailed(WebUIKeywordMain.groovy:64)
	at com.kms.katalon.core.webui.keyword.builtin.VerifyElementClickableKeyword$_verifyElementClickable_closure1.doCall(VerifyElementClickableKeyword.groovy:88)
	at com.kms.katalon.core.webui.keyword.builtin.VerifyElementClickableKeyword$_verifyElementClickable_closure1.call(VerifyElementClickableKeyword.groovy)
	at com.kms.katalon.core.webui.keyword.internal.WebUIKeywordMain.runKeyword(WebUIKeywordMain.groovy:20)
	... 22 more
)

2022-01-17 16:41:28 - [MESSAGE][INFO] - Unable to find the element located by 'By.xpath: //div[@id='course-info-container-2-4']/div/div/a/span[3]'. Please recheck the objects properties to make sure the desired element is located. 

2022-01-17 16:41:28 - [MESSAGE][WARNING] - [SELF-HEALING] Failed to find element with id 'Object Repository/Student answering question being overdue or on time/Page_Nh ca ti/span_Nhp mn cng ngh phn mm'. Try using Self-healing.

2022-01-17 16:41:30 - [MESSAGE][INFO] - Unable to find the element located by 'By.xpath: //span[3]'. Please recheck the objects properties to make sure the desired element is located. 

2022-01-17 16:41:30 - [MESSAGE][INFO] - [SELF-HEALING] Failed Locator: '//div[@id='course-info-container-2-4']/div/div/a/span[3]'.

2022-01-17 16:41:30 - [MESSAGE][INFO] - [SELF-HEALING] Failed Locator: '(.//*[normalize-space(text()) and normalize-space(.)='Tên khóa học'])[1]/following::span[1]'.

2022-01-17 16:41:30 - [MESSAGE][INFO] - [SELF-HEALING] Failed Locator: '(.//*[normalize-space(text()) and normalize-space(.)='Khóa học được đánh dấu sao'])[1]/following::span[2]'.

2022-01-17 16:41:31 - [MESSAGE][INFO] - [SELF-HEALING] Failed Locator: '(.//*[normalize-space(text()) and normalize-space(.)='Bỏ qua Course overview'])[1]/preceding::span[2]'.

2022-01-17 16:41:31 - [MESSAGE][INFO] - [SELF-HEALING] Failed Locator: '(.//*[normalize-space(text()) and normalize-space(.)='Course overview'])[1]/preceding::span[2]'.

2022-01-17 16:41:31 - [MESSAGE][INFO] - [SELF-HEALING] Failed Locator: '//*/text()[normalize-space(.)='Nhập môn công nghệ phần mềm']/parent::*'.

2022-01-17 16:41:32 - [MESSAGE][INFO] - [SELF-HEALING] Failed Locator: '//span[3]'.

2022-01-17 16:41:33 - [MESSAGE][INFO] - Unable to find the element located by 'By.xpath: //*[(text() = 'Nhập môn công nghệ phần mềm' or . = 'Nhập môn công nghệ phần mềm')]'. Please recheck the objects properties to make sure the desired element is located. 

2022-01-17 16:41:34 - [MESSAGE][INFO] - Unable to find the element located by 'By.cssSelector: a.aalink.coursename.mr-2 > span.text-truncate'. Please recheck the objects properties to make sure the desired element is located. 

2022-01-17 16:41:34 - [MESSAGE][FAILED] - Web element with id: 'Object Repository/Student answering question being overdue or on time/Page_Nh ca ti/span_Nhp mn cng ngh phn mm' located by '//div[@id='course-info-container-2-4']/div/div/a/span[3]' not found (Root cause: com.kms.katalon.core.exception.StepFailedException: Web element with id: 'Object Repository/Student answering question being overdue or on time/Page_Nh ca ti/span_Nhp mn cng ngh phn mm' located by '//div[@id='course-info-container-2-4']/div/div/a/span[3]' not found
	at com.kms.katalon.core.webui.keyword.internal.WebUIKeywordMain.stepFailed(WebUIKeywordMain.groovy:64)
	at com.kms.katalon.core.webui.keyword.builtin.VerifyElementClickableKeyword$_verifyElementClickable_closure1.doCall(VerifyElementClickableKeyword.groovy:88)
	at com.kms.katalon.core.webui.keyword.builtin.VerifyElementClickableKeyword$_verifyElementClickable_closure1.call(VerifyElementClickableKeyword.groovy)
	at com.kms.katalon.core.webui.keyword.internal.WebUIKeywordMain.runKeyword(WebUIKeywordMain.groovy:20)
	at com.kms.katalon.core.webui.keyword.builtin.VerifyElementClickableKeyword.verifyElementClickable(VerifyElementClickableKeyword.groovy:96)
	at com.kms.katalon.core.webui.keyword.builtin.VerifyElementClickableKeyword.execute(VerifyElementClickableKeyword.groovy:67)
	at com.kms.katalon.core.keyword.internal.KeywordExecutor.executeKeywordForPlatform(KeywordExecutor.groovy:74)
	at com.kms.katalon.core.webui.keyword.WebUiBuiltInKeywords.verifyElementClickable(WebUiBuiltInKeywords.groovy:566)
	at com.kms.katalon.core.webui.keyword.WebUiBuiltInKeywords$verifyElementClickable$10.call(Unknown Source)
	at Answer text question on time.run(Answer text question on time:72)
	at com.kms.katalon.core.main.ScriptEngine.run(ScriptEngine.java:194)
	at com.kms.katalon.core.main.ScriptEngine.runScriptAsRawText(ScriptEngine.java:119)
	at com.kms.katalon.core.main.TestCaseExecutor.runScript(TestCaseExecutor.java:442)
	at com.kms.katalon.core.main.TestCaseExecutor.doExecute(TestCaseExecutor.java:433)
	at com.kms.katalon.core.main.TestCaseExecutor.processExecutionPhase(TestCaseExecutor.java:412)
	at com.kms.katalon.core.main.TestCaseExecutor.accessMainPhase(TestCaseExecutor.java:404)
	at com.kms.katalon.core.main.TestCaseExecutor.execute(TestCaseExecutor.java:281)
	at com.kms.katalon.core.main.TestCaseExecutor.execute(TestCaseExecutor.java:363)
	at com.kms.katalon.core.main.TestCaseExecutor.execute(TestCaseExecutor.java:363)
	at com.kms.katalon.core.main.TestCaseExecutor.execute(TestCaseExecutor.java:363)
	at com.kms.katalon.core.main.TestSuiteExecutor.accessTestCaseMainPhase(TestSuiteExecutor.java:202)
	at com.kms.katalon.core.main.TestSuiteExecutor.accessTestSuiteMainPhase(TestSuiteExecutor.java:164)
	at com.kms.katalon.core.main.TestSuiteExecutor.execute(TestSuiteExecutor.java:105)
	at com.kms.katalon.core.main.TestCaseMain.startTestSuite(TestCaseMain.java:181)
	at com.kms.katalon.core.main.TestCaseMain$startTestSuite$0.call(Unknown Source)
	at TempTestSuite1642408138931.run(TempTestSuite1642408138931.groovy:36)
)
[[ATTACHMENT|D:\\Cong-Binh Le\\xampp\\htdocs\\moodle\\Test Automation - SE Bonus\\Reports\\20220117_152858\\Run All Test Cases\\20220117_152858\\1642412494601.png]]

2022-01-17 16:41:35 - [MESSAGE][FAILED] - Unable to verify object 'Object Repository/Student answering question being overdue or on time/Page_Nh ca ti/span_Nhp mn cng ngh phn mm' to be clickable (Root cause: com.kms.katalon.core.exception.StepFailedException: Unable to verify object 'Object Repository/Student answering question being overdue or on time/Page_Nh ca ti/span_Nhp mn cng ngh phn mm' to be clickable
	at com.kms.katalon.core.webui.keyword.internal.WebUIKeywordMain.stepFailed(WebUIKeywordMain.groovy:64)
	at com.kms.katalon.core.webui.keyword.internal.WebUIKeywordMain.runKeyword(WebUIKeywordMain.groovy:26)
	at com.kms.katalon.core.webui.keyword.builtin.VerifyElementClickableKeyword.verifyElementClickable(VerifyElementClickableKeyword.groovy:96)
	at com.kms.katalon.core.webui.keyword.builtin.VerifyElementClickableKeyword.execute(VerifyElementClickableKeyword.groovy:67)
	at com.kms.katalon.core.keyword.internal.KeywordExecutor.executeKeywordForPlatform(KeywordExecutor.groovy:74)
	at com.kms.katalon.core.webui.keyword.WebUiBuiltInKeywords.verifyElementClickable(WebUiBuiltInKeywords.groovy:566)
	at com.kms.katalon.core.webui.keyword.WebUiBuiltInKeywords$verifyElementClickable$10.call(Unknown Source)
	at Answer text question on time.run(Answer text question on time:72)
	at com.kms.katalon.core.main.ScriptEngine.run(ScriptEngine.java:194)
	at com.kms.katalon.core.main.ScriptEngine.runScriptAsRawText(ScriptEngine.java:119)
	at com.kms.katalon.core.main.TestCaseExecutor.runScript(TestCaseExecutor.java:442)
	at com.kms.katalon.core.main.TestCaseExecutor.doExecute(TestCaseExecutor.java:433)
	at com.kms.katalon.core.main.TestCaseExecutor.processExecutionPhase(TestCaseExecutor.java:412)
	at com.kms.katalon.core.main.TestCaseExecutor.accessMainPhase(TestCaseExecutor.java:404)
	at com.kms.katalon.core.main.TestCaseExecutor.execute(TestCaseExecutor.java:281)
	at com.kms.katalon.core.main.TestCaseExecutor.execute(TestCaseExecutor.java:363)
	at com.kms.katalon.core.main.TestCaseExecutor.execute(TestCaseExecutor.java:363)
	at com.kms.katalon.core.main.TestCaseExecutor.execute(TestCaseExecutor.java:363)
	at com.kms.katalon.core.main.TestSuiteExecutor.accessTestCaseMainPhase(TestSuiteExecutor.java:202)
	at com.kms.katalon.core.main.TestSuiteExecutor.accessTestSuiteMainPhase(TestSuiteExecutor.java:164)
	at com.kms.katalon.core.main.TestSuiteExecutor.execute(TestSuiteExecutor.java:105)
	at com.kms.katalon.core.main.TestCaseMain.startTestSuite(TestCaseMain.java:181)
	at com.kms.katalon.core.main.TestCaseMain$startTestSuite$0.call(Unknown Source)
	at TempTestSuite1642408138931.run(TempTestSuite1642408138931.groovy:36)
Caused by: com.kms.katalon.core.exception.StepFailedException: Web element with id: 'Object Repository/Student answering question being overdue or on time/Page_Nh ca ti/span_Nhp mn cng ngh phn mm' located by '//div[@id='course-info-container-2-4']/div/div/a/span[3]' not found
	at com.kms.katalon.core.webui.keyword.internal.WebUIKeywordMain.stepFailed(WebUIKeywordMain.groovy:64)
	at com.kms.katalon.core.webui.keyword.builtin.VerifyElementClickableKeyword$_verifyElementClickable_closure1.doCall(VerifyElementClickableKeyword.groovy:88)
	at com.kms.katalon.core.webui.keyword.builtin.VerifyElementClickableKeyword$_verifyElementClickable_closure1.call(VerifyElementClickableKeyword.groovy)
	at com.kms.katalon.core.webui.keyword.internal.WebUIKeywordMain.runKeyword(WebUIKeywordMain.groovy:20)
	... 22 more
)
[[ATTACHMENT|D:\\Cong-Binh Le\\xampp\\htdocs\\moodle\\Test Automation - SE Bonus\\Reports\\20220117_152858\\Run All Test Cases\\20220117_152858\\1642412494885.png]]]]></system-out>
         <system-err><![CDATA[2022-01-17 16:40:15 - [TEST_CASE][FAILED] - Test Cases/Students answering question being overdue or on time/Answer text question on time: Test Cases/Students answering question being overdue or on time/Answer text question on time FAILED.
Reason:
com.kms.katalon.core.exception.StepFailedException: Unable to verify object 'Object Repository/Student answering question being overdue or on time/Page_Nh ca ti/span_Nhp mn cng ngh phn mm' to be clickable
	at com.kms.katalon.core.webui.keyword.internal.WebUIKeywordMain.stepFailed(WebUIKeywordMain.groovy:64)
	at com.kms.katalon.core.webui.keyword.internal.WebUIKeywordMain.runKeyword(WebUIKeywordMain.groovy:26)
	at com.kms.katalon.core.webui.keyword.builtin.VerifyElementClickableKeyword.verifyElementClickable(VerifyElementClickableKeyword.groovy:96)
	at com.kms.katalon.core.webui.keyword.builtin.VerifyElementClickableKeyword.execute(VerifyElementClickableKeyword.groovy:67)
	at com.kms.katalon.core.keyword.internal.KeywordExecutor.executeKeywordForPlatform(KeywordExecutor.groovy:74)
	at com.kms.katalon.core.webui.keyword.WebUiBuiltInKeywords.verifyElementClickable(WebUiBuiltInKeywords.groovy:566)
	at com.kms.katalon.core.webui.keyword.WebUiBuiltInKeywords$verifyElementClickable$10.call(Unknown Source)
	at Answer text question on time.run(Answer text question on time:72)
	at com.kms.katalon.core.main.ScriptEngine.run(ScriptEngine.java:194)
	at com.kms.katalon.core.main.ScriptEngine.runScriptAsRawText(ScriptEngine.java:119)
	at com.kms.katalon.core.main.TestCaseExecutor.runScript(TestCaseExecutor.java:442)
	at com.kms.katalon.core.main.TestCaseExecutor.doExecute(TestCaseExecutor.java:433)
	at com.kms.katalon.core.main.TestCaseExecutor.processExecutionPhase(TestCaseExecutor.java:412)
	at com.kms.katalon.core.main.TestCaseExecutor.accessMainPhase(TestCaseExecutor.java:404)
	at com.kms.katalon.core.main.TestCaseExecutor.execute(TestCaseExecutor.java:281)
	at com.kms.katalon.core.main.TestCaseExecutor.execute(TestCaseExecutor.java:363)
	at com.kms.katalon.core.main.TestCaseExecutor.execute(TestCaseExecutor.java:363)
	at com.kms.katalon.core.main.TestCaseExecutor.execute(TestCaseExecutor.java:363)
	at com.kms.katalon.core.main.TestSuiteExecutor.accessTestCaseMainPhase(TestSuiteExecutor.java:202)
	at com.kms.katalon.core.main.TestSuiteExecutor.accessTestSuiteMainPhase(TestSuiteExecutor.java:164)
	at com.kms.katalon.core.main.TestSuiteExecutor.execute(TestSuiteExecutor.java:105)
	at com.kms.katalon.core.main.TestCaseMain.startTestSuite(TestCaseMain.java:181)
	at com.kms.katalon.core.main.TestCaseMain$startTestSuite$0.call(Unknown Source)
	at TempTestSuite1642408138931.run(TempTestSuite1642408138931.groovy:36)
Caused by: com.kms.katalon.core.exception.StepFailedException: Web element with id: 'Object Repository/Student answering question being overdue or on time/Page_Nh ca ti/span_Nhp mn cng ngh phn mm' located by '//div[@id='course-info-container-2-4']/div/div/a/span[3]' not found
	at com.kms.katalon.core.webui.keyword.internal.WebUIKeywordMain.stepFailed(WebUIKeywordMain.groovy:64)
	at com.kms.katalon.core.webui.keyword.builtin.VerifyElementClickableKeyword$_verifyElementClickable_closure1.doCall(VerifyElementClickableKeyword.groovy:88)
	at com.kms.katalon.core.webui.keyword.builtin.VerifyElementClickableKeyword$_verifyElementClickable_closure1.call(VerifyElementClickableKeyword.groovy)
	at com.kms.katalon.core.webui.keyword.internal.WebUIKeywordMain.runKeyword(WebUIKeywordMain.groovy:20)
	... 22 more]]></system-err>
      </testcase>
      <testcase name="Test Cases/Students answering question being overdue or on time/Answer text question overdue" time="31.844" classname="Test Cases/Students answering question being overdue or on time/Answer text question overdue" status="FAILED">
         <failure type="FAILED" message="Test Cases/Students answering question being overdue or on time/Answer text question overdue FAILED.
Reason:
com.kms.katalon.core.exception.StepFailedException: Unable to click on object 'Object Repository/Page_Kha Software Engineering/span_Thm hot ng hoc ti nguyn (7) (1)'
	at com.kms.katalon.core.webui.keyword.internal.WebUIKeywordMain.stepFailed(WebUIKeywordMain.groovy:64)
	at com.kms.katalon.core.webui.keyword.internal.WebUIKeywordMain.runKeyword(WebUIKeywordMain.groovy:26)
	at com.kms.katalon.core.webui.keyword.builtin.ClickKeyword.click(ClickKeyword.groovy:74)
	at com.kms.katalon.core.webui.keyword.builtin.ClickKeyword.execute(ClickKeyword.groovy:40)
	at com.kms.katalon.core.keyword.internal.KeywordExecutor.executeKeywordForPlatform(KeywordExecutor.groovy:74)
	at com.kms.katalon.core.webui.keyword.WebUiBuiltInKeywords.click(WebUiBuiltInKeywords.groovy:620)
	at com.kms.katalon.core.webui.keyword.WebUiBuiltInKeywords$click$1.call(Unknown Source)
	at Answer text question overdue.run(Answer text question overdue:40)
	at com.kms.katalon.core.main.ScriptEngine.run(ScriptEngine.java:194)
	at com.kms.katalon.core.main.ScriptEngine.runScriptAsRawText(ScriptEngine.java:119)
	at com.kms.katalon.core.main.TestCaseExecutor.runScript(TestCaseExecutor.java:442)
	at com.kms.katalon.core.main.TestCaseExecutor.doExecute(TestCaseExecutor.java:433)
	at com.kms.katalon.core.main.TestCaseExecutor.processExecutionPhase(TestCaseExecutor.java:412)
	at com.kms.katalon.core.main.TestCaseExecutor.accessMainPhase(TestCaseExecutor.java:404)
	at com.kms.katalon.core.main.TestCaseExecutor.execute(TestCaseExecutor.java:281)
	at com.kms.katalon.core.main.TestCaseExecutor.execute(TestCaseExecutor.java:363)
	at com.kms.katalon.core.main.TestCaseExecutor.execute(TestCaseExecutor.java:363)
	at com.kms.katalon.core.main.TestCaseExecutor.execute(TestCaseExecutor.java:363)
	at com.kms.katalon.core.main.TestSuiteExecutor.accessTestCaseMainPhase(TestSuiteExecutor.java:202)
	at com.kms.katalon.core.main.TestSuiteExecutor.accessTestSuiteMainPhase(TestSuiteExecutor.java:164)
	at com.kms.katalon.core.main.TestSuiteExecutor.execute(TestSuiteExecutor.java:105)
	at com.kms.katalon.core.main.TestCaseMain.startTestSuite(TestCaseMain.java:181)
	at com.kms.katalon.core.main.TestCaseMain$startTestSuite$0.call(Unknown Source)
	at TempTestSuite1642408138931.run(TempTestSuite1642408138931.groovy:36)
Caused by: com.kms.katalon.core.webui.exception.WebElementNotFoundException: Web element with id: 'Object Repository/Page_Kha Software Engineering/span_Thm hot ng hoc ti nguyn (7) (1)' located by '//span[@id='yui_3_17_2_1_1642087881011_619']' not found
	at com.kms.katalon.core.webui.common.WebUiCommonHelper.findWebElement(WebUiCommonHelper.java:1368)
	at com.kms.katalon.core.webui.keyword.internal.WebUIAbstractKeyword.findWebElement(WebUIAbstractKeyword.groovy:27)
	at com.kms.katalon.core.webui.keyword.builtin.ClickKeyword$_click_closure1.doCall(ClickKeyword.groovy:65)
	at com.kms.katalon.core.webui.keyword.builtin.ClickKeyword$_click_closure1.call(ClickKeyword.groovy)
	at com.kms.katalon.core.webui.keyword.internal.WebUIKeywordMain.runKeyword(WebUIKeywordMain.groovy:20)
	... 22 more
"/>
         <system-out><![CDATA[2022-01-17 16:43:10 - [TEST_CASE][FAILED] - Test Cases/Students answering question being overdue or on time/Answer text question overdue: Test Cases/Students answering question being overdue or on time/Answer text question overdue FAILED.
Reason:
com.kms.katalon.core.exception.StepFailedException: Unable to click on object 'Object Repository/Page_Kha Software Engineering/span_Thm hot ng hoc ti nguyn (7) (1)'
	at com.kms.katalon.core.webui.keyword.internal.WebUIKeywordMain.stepFailed(WebUIKeywordMain.groovy:64)
	at com.kms.katalon.core.webui.keyword.internal.WebUIKeywordMain.runKeyword(WebUIKeywordMain.groovy:26)
	at com.kms.katalon.core.webui.keyword.builtin.ClickKeyword.click(ClickKeyword.groovy:74)
	at com.kms.katalon.core.webui.keyword.builtin.ClickKeyword.execute(ClickKeyword.groovy:40)
	at com.kms.katalon.core.keyword.internal.KeywordExecutor.executeKeywordForPlatform(KeywordExecutor.groovy:74)
	at com.kms.katalon.core.webui.keyword.WebUiBuiltInKeywords.click(WebUiBuiltInKeywords.groovy:620)
	at com.kms.katalon.core.webui.keyword.WebUiBuiltInKeywords$click$1.call(Unknown Source)
	at Answer text question overdue.run(Answer text question overdue:40)
	at com.kms.katalon.core.main.ScriptEngine.run(ScriptEngine.java:194)
	at com.kms.katalon.core.main.ScriptEngine.runScriptAsRawText(ScriptEngine.java:119)
	at com.kms.katalon.core.main.TestCaseExecutor.runScript(TestCaseExecutor.java:442)
	at com.kms.katalon.core.main.TestCaseExecutor.doExecute(TestCaseExecutor.java:433)
	at com.kms.katalon.core.main.TestCaseExecutor.processExecutionPhase(TestCaseExecutor.java:412)
	at com.kms.katalon.core.main.TestCaseExecutor.accessMainPhase(TestCaseExecutor.java:404)
	at com.kms.katalon.core.main.TestCaseExecutor.execute(TestCaseExecutor.java:281)
	at com.kms.katalon.core.main.TestCaseExecutor.execute(TestCaseExecutor.java:363)
	at com.kms.katalon.core.main.TestCaseExecutor.execute(TestCaseExecutor.java:363)
	at com.kms.katalon.core.main.TestCaseExecutor.execute(TestCaseExecutor.java:363)
	at com.kms.katalon.core.main.TestSuiteExecutor.accessTestCaseMainPhase(TestSuiteExecutor.java:202)
	at com.kms.katalon.core.main.TestSuiteExecutor.accessTestSuiteMainPhase(TestSuiteExecutor.java:164)
	at com.kms.katalon.core.main.TestSuiteExecutor.execute(TestSuiteExecutor.java:105)
	at com.kms.katalon.core.main.TestCaseMain.startTestSuite(TestCaseMain.java:181)
	at com.kms.katalon.core.main.TestCaseMain$startTestSuite$0.call(Unknown Source)
	at TempTestSuite1642408138931.run(TempTestSuite1642408138931.groovy:36)
Caused by: com.kms.katalon.core.webui.exception.WebElementNotFoundException: Web element with id: 'Object Repository/Page_Kha Software Engineering/span_Thm hot ng hoc ti nguyn (7) (1)' located by '//span[@id='yui_3_17_2_1_1642087881011_619']' not found
	at com.kms.katalon.core.webui.common.WebUiCommonHelper.findWebElement(WebUiCommonHelper.java:1368)
	at com.kms.katalon.core.webui.keyword.internal.WebUIAbstractKeyword.findWebElement(WebUIAbstractKeyword.groovy:27)
	at com.kms.katalon.core.webui.keyword.builtin.ClickKeyword$_click_closure1.doCall(ClickKeyword.groovy:65)
	at com.kms.katalon.core.webui.keyword.builtin.ClickKeyword$_click_closure1.call(ClickKeyword.groovy)
	at com.kms.katalon.core.webui.keyword.internal.WebUIKeywordMain.runKeyword(WebUIKeywordMain.groovy:20)
	... 22 more


2022-01-17 16:43:10 - [TEST_STEP][PASSED] - openBrowser(""): Browser is opened with url: ''

2022-01-17 16:43:10 - [MESSAGE][WARNING] - A browser is already opened. Closing browser and opening a new one

2022-01-17 16:43:11 - [MESSAGE][INFO] - Starting 'Chrome' driver

2022-01-17 16:43:11 - [MESSAGE][INFO] - Action delay is set to 0 milliseconds

2022-01-17 16:43:12 - [MESSAGE][PASSED] - Browser is opened with url: ''

2022-01-17 16:43:12 - [TEST_STEP][PASSED] - navigateToUrl("http://localhost/"): Navigate to 'http://localhost/' successfully

2022-01-17 16:43:13 - [MESSAGE][PASSED] - Navigate to 'http://localhost/' successfully

2022-01-17 16:43:13 - [TEST_STEP][PASSED] - click(findTestObject("Object Repository/Page_Local Moodle/a_Log in (24) (1)")): Object: 'Object Repository/Page_Local Moodle/a_Log in (24) (1)' is clicked on

2022-01-17 16:43:14 - [MESSAGE][PASSED] - Object: 'Object Repository/Page_Local Moodle/a_Log in (24) (1)' is clicked on

2022-01-17 16:43:14 - [TEST_STEP][PASSED] - setText(findTestObject("Object Repository/Page_Local Moodle Log in to the site/input_Username_username (24) (1)"), "robertle"): Text 'robertle' is set on object 'Object Repository/Page_Local Moodle Log in to the site/input_Username_username (24) (1)'

2022-01-17 16:43:15 - [MESSAGE][PASSED] - Text 'robertle' is set on object 'Object Repository/Page_Local Moodle Log in to the site/input_Username_username (24) (1)'

2022-01-17 16:43:15 - [TEST_STEP][PASSED] - setEncryptedText(findTestObject("Object Repository/Page_Local Moodle Log in to the site/input_Password_password (24) (1)"), "e0iuw4o+VG38P/PfCbIZUw=="): Text ****** has been set on object 'Object Repository/Page_Local Moodle Log in to the site/input_Password_password (24) (1)'

2022-01-17 16:43:16 - [MESSAGE][PASSED] - Text ****** has been set on object 'Object Repository/Page_Local Moodle Log in to the site/input_Password_password (24) (1)'

2022-01-17 16:43:16 - [TEST_STEP][PASSED] - click(findTestObject("Object Repository/Page_Local Moodle Log in to the site/button_Log in (24) (1)")): Object: 'Object Repository/Page_Local Moodle Log in to the site/button_Log in (24) (1)' is clicked on

2022-01-17 16:43:18 - [MESSAGE][PASSED] - Object: 'Object Repository/Page_Local Moodle Log in to the site/button_Log in (24) (1)' is clicked on

2022-01-17 16:43:18 - [TEST_STEP][PASSED] - click(findTestObject("Object Repository/Page_Nh ca ti/span_Trang ch h thng (3) (1)")): Object: 'Object Repository/Page_Nh ca ti/span_Trang ch h thng (3) (1)' is clicked on

2022-01-17 16:43:20 - [MESSAGE][PASSED] - Object: 'Object Repository/Page_Nh ca ti/span_Trang ch h thng (3) (1)' is clicked on

2022-01-17 16:43:20 - [TEST_STEP][PASSED] - click(findTestObject("Page_Local Moodle/a_Software Engineering")): Object: 'Object Repository/Page_Local Moodle/a_Software Engineering' is clicked on

2022-01-17 16:43:21 - [MESSAGE][PASSED] - Object: 'Object Repository/Page_Local Moodle/a_Software Engineering' is clicked on

2022-01-17 16:43:21 - [TEST_STEP][PASSED] - click(findTestObject("Object Repository/Page_Kha Software Engineering/button_Bt ch  chnh sa (13) (1)")): Object: 'Object Repository/Page_Kha Software Engineering/button_Bt ch  chnh sa (13) (1)' is clicked on

2022-01-17 16:43:27 - [MESSAGE][INFO] - Unable to find the element located by 'By.xpath: //button[@id='single_button61e045c6a5d771']'. Please recheck the objects properties to make sure the desired element is located. 

2022-01-17 16:43:27 - [MESSAGE][WARNING] - [SELF-HEALING] Failed to find element with id 'Object Repository/Page_Kha Software Engineering/button_Bt ch  chnh sa (13) (1)'. Try using Self-healing.

2022-01-17 16:43:28 - [MESSAGE][INFO] - Unable to find the element located by 'By.xpath: //header[@id='page-header']/div/div/div/div[2]/div[2]/div/form/button'. Please recheck the objects properties to make sure the desired element is located. 

2022-01-17 16:43:28 - [MESSAGE][WARNING] - [SELF-HEALING] The current locator of test object 'Object Repository/Page_Kha Software Engineering/button_Bt ch  chnh sa (13) (1)' was broken. Propose an alternative one: '//form/button'.

2022-01-17 16:43:29 - [MESSAGE][PASSED] - Object: 'Object Repository/Page_Kha Software Engineering/button_Bt ch  chnh sa (13) (1)' is clicked on

2022-01-17 16:43:29 - [TEST_STEP][FAILED] - click(findTestObject("Object Repository/Page_Kha Software Engineering/span_Thm hot ng hoc ti nguyn (7) (1)")): Unable to click on object 'Object Repository/Page_Kha Software Engineering/span_Thm hot ng hoc ti nguyn (7) (1)' (Root cause: com.kms.katalon.core.exception.StepFailedException: Unable to click on object 'Object Repository/Page_Kha Software Engineering/span_Thm hot ng hoc ti nguyn (7) (1)'
	at com.kms.katalon.core.webui.keyword.internal.WebUIKeywordMain.stepFailed(WebUIKeywordMain.groovy:64)
	at com.kms.katalon.core.webui.keyword.internal.WebUIKeywordMain.runKeyword(WebUIKeywordMain.groovy:26)
	at com.kms.katalon.core.webui.keyword.builtin.ClickKeyword.click(ClickKeyword.groovy:74)
	at com.kms.katalon.core.webui.keyword.builtin.ClickKeyword.execute(ClickKeyword.groovy:40)
	at com.kms.katalon.core.keyword.internal.KeywordExecutor.executeKeywordForPlatform(KeywordExecutor.groovy:74)
	at com.kms.katalon.core.webui.keyword.WebUiBuiltInKeywords.click(WebUiBuiltInKeywords.groovy:620)
	at com.kms.katalon.core.webui.keyword.WebUiBuiltInKeywords$click$1.call(Unknown Source)
	at Answer text question overdue.run(Answer text question overdue:40)
	at com.kms.katalon.core.main.ScriptEngine.run(ScriptEngine.java:194)
	at com.kms.katalon.core.main.ScriptEngine.runScriptAsRawText(ScriptEngine.java:119)
	at com.kms.katalon.core.main.TestCaseExecutor.runScript(TestCaseExecutor.java:442)
	at com.kms.katalon.core.main.TestCaseExecutor.doExecute(TestCaseExecutor.java:433)
	at com.kms.katalon.core.main.TestCaseExecutor.processExecutionPhase(TestCaseExecutor.java:412)
	at com.kms.katalon.core.main.TestCaseExecutor.accessMainPhase(TestCaseExecutor.java:404)
	at com.kms.katalon.core.main.TestCaseExecutor.execute(TestCaseExecutor.java:281)
	at com.kms.katalon.core.main.TestCaseExecutor.execute(TestCaseExecutor.java:363)
	at com.kms.katalon.core.main.TestCaseExecutor.execute(TestCaseExecutor.java:363)
	at com.kms.katalon.core.main.TestCaseExecutor.execute(TestCaseExecutor.java:363)
	at com.kms.katalon.core.main.TestSuiteExecutor.accessTestCaseMainPhase(TestSuiteExecutor.java:202)
	at com.kms.katalon.core.main.TestSuiteExecutor.accessTestSuiteMainPhase(TestSuiteExecutor.java:164)
	at com.kms.katalon.core.main.TestSuiteExecutor.execute(TestSuiteExecutor.java:105)
	at com.kms.katalon.core.main.TestCaseMain.startTestSuite(TestCaseMain.java:181)
	at com.kms.katalon.core.main.TestCaseMain$startTestSuite$0.call(Unknown Source)
	at TempTestSuite1642408138931.run(TempTestSuite1642408138931.groovy:36)
Caused by: com.kms.katalon.core.webui.exception.WebElementNotFoundException: Web element with id: 'Object Repository/Page_Kha Software Engineering/span_Thm hot ng hoc ti nguyn (7) (1)' located by '//span[@id='yui_3_17_2_1_1642087881011_619']' not found
	at com.kms.katalon.core.webui.common.WebUiCommonHelper.findWebElement(WebUiCommonHelper.java:1368)
	at com.kms.katalon.core.webui.keyword.internal.WebUIAbstractKeyword.findWebElement(WebUIAbstractKeyword.groovy:27)
	at com.kms.katalon.core.webui.keyword.builtin.ClickKeyword$_click_closure1.doCall(ClickKeyword.groovy:65)
	at com.kms.katalon.core.webui.keyword.builtin.ClickKeyword$_click_closure1.call(ClickKeyword.groovy)
	at com.kms.katalon.core.webui.keyword.internal.WebUIKeywordMain.runKeyword(WebUIKeywordMain.groovy:20)
	at com.kms.katalon.core.webui.keyword.builtin.ClickKeyword.click(ClickKeyword.groovy:74)
	at com.kms.katalon.core.webui.keyword.builtin.ClickKeyword.execute(ClickKeyword.groovy:40)
	at com.kms.katalon.core.keyword.internal.KeywordExecutor.executeKeywordForPlatform(KeywordExecutor.groovy:74)
	at com.kms.katalon.core.webui.keyword.WebUiBuiltInKeywords.click(WebUiBuiltInKeywords.groovy:620)
	at com.kms.katalon.core.webui.keyword.WebUiBuiltInKeywords$click$1.call(Unknown Source)
	at Script1642087808835.run(Script1642087808835.groovy:40)
	... 16 more
)

2022-01-17 16:43:35 - [MESSAGE][INFO] - Unable to find the element located by 'By.xpath: //span[@id='yui_3_17_2_1_1642087881011_619']'. Please recheck the objects properties to make sure the desired element is located. 

2022-01-17 16:43:35 - [MESSAGE][WARNING] - [SELF-HEALING] Failed to find element with id 'Object Repository/Page_Kha Software Engineering/span_Thm hot ng hoc ti nguyn (7) (1)'. Try using Self-healing.

2022-01-17 16:43:37 - [MESSAGE][INFO] - Unable to find the element located by 'By.xpath: (.//*[normalize-space(text()) and normalize-space(.)='Thêm tập tin ở đây'])[2]/following::span[1]'. Please recheck the objects properties to make sure the desired element is located. 

2022-01-17 16:43:37 - [MESSAGE][INFO] - [SELF-HEALING] Failed Locator: '//span[@id='yui_3_17_2_1_1642087881011_619']'.

2022-01-17 16:43:37 - [MESSAGE][INFO] - [SELF-HEALING] Failed Locator: '//button[@id='yui_3_17_2_1_1642087881011_620']/span'.

2022-01-17 16:43:38 - [MESSAGE][INFO] - [SELF-HEALING] Failed Locator: '(.//*[normalize-space(text()) and normalize-space(.)='Thêm tập tin ở đây'])[2]/following::span[1]'.

2022-01-17 16:43:38 - [MESSAGE][INFO] - [SELF-HEALING] Failed Locator: '(.//*[normalize-space(text()) and normalize-space(.)='Chủ đề 1'])[2]/following::span[3]'.

2022-01-17 16:43:38 - [MESSAGE][INFO] - [SELF-HEALING] Failed Locator: '(.//*[normalize-space(text()) and normalize-space(.)='Sửa chủ đề'])[2]/preceding::span[2]'.

2022-01-17 16:43:38 - [MESSAGE][INFO] - [SELF-HEALING] Failed Locator: '(.//*[normalize-space(text()) and normalize-space(.)='Nổi bật'])[2]/preceding::span[3]'.

2022-01-17 16:43:39 - [MESSAGE][INFO] - [SELF-HEALING] Failed Locator: '//li[2]/div[3]/div[3]/div/button/span'.

2022-01-17 16:43:40 - [MESSAGE][INFO] - Unable to find the element located by 'By.xpath: //*[@id = 'yui_3_17_2_1_1642087881011_619' and (text() = 'Thêm hoạt động hoặc tài nguyên' or . = 'Thêm hoạt động hoặc tài nguyên')]'. Please recheck the objects properties to make sure the desired element is located. 

2022-01-17 16:43:41 - [MESSAGE][INFO] - Unable to find the element located by 'By.cssSelector: #yui_3_17_2_1_1642087881011_619'. Please recheck the objects properties to make sure the desired element is located. 

2022-01-17 16:43:42 - [MESSAGE][FAILED] - Unable to click on object 'Object Repository/Page_Kha Software Engineering/span_Thm hot ng hoc ti nguyn (7) (1)' (Root cause: com.kms.katalon.core.exception.StepFailedException: Unable to click on object 'Object Repository/Page_Kha Software Engineering/span_Thm hot ng hoc ti nguyn (7) (1)'
	at com.kms.katalon.core.webui.keyword.internal.WebUIKeywordMain.stepFailed(WebUIKeywordMain.groovy:64)
	at com.kms.katalon.core.webui.keyword.internal.WebUIKeywordMain.runKeyword(WebUIKeywordMain.groovy:26)
	at com.kms.katalon.core.webui.keyword.builtin.ClickKeyword.click(ClickKeyword.groovy:74)
	at com.kms.katalon.core.webui.keyword.builtin.ClickKeyword.execute(ClickKeyword.groovy:40)
	at com.kms.katalon.core.keyword.internal.KeywordExecutor.executeKeywordForPlatform(KeywordExecutor.groovy:74)
	at com.kms.katalon.core.webui.keyword.WebUiBuiltInKeywords.click(WebUiBuiltInKeywords.groovy:620)
	at com.kms.katalon.core.webui.keyword.WebUiBuiltInKeywords$click$1.call(Unknown Source)
	at Answer text question overdue.run(Answer text question overdue:40)
	at com.kms.katalon.core.main.ScriptEngine.run(ScriptEngine.java:194)
	at com.kms.katalon.core.main.ScriptEngine.runScriptAsRawText(ScriptEngine.java:119)
	at com.kms.katalon.core.main.TestCaseExecutor.runScript(TestCaseExecutor.java:442)
	at com.kms.katalon.core.main.TestCaseExecutor.doExecute(TestCaseExecutor.java:433)
	at com.kms.katalon.core.main.TestCaseExecutor.processExecutionPhase(TestCaseExecutor.java:412)
	at com.kms.katalon.core.main.TestCaseExecutor.accessMainPhase(TestCaseExecutor.java:404)
	at com.kms.katalon.core.main.TestCaseExecutor.execute(TestCaseExecutor.java:281)
	at com.kms.katalon.core.main.TestCaseExecutor.execute(TestCaseExecutor.java:363)
	at com.kms.katalon.core.main.TestCaseExecutor.execute(TestCaseExecutor.java:363)
	at com.kms.katalon.core.main.TestCaseExecutor.execute(TestCaseExecutor.java:363)
	at com.kms.katalon.core.main.TestSuiteExecutor.accessTestCaseMainPhase(TestSuiteExecutor.java:202)
	at com.kms.katalon.core.main.TestSuiteExecutor.accessTestSuiteMainPhase(TestSuiteExecutor.java:164)
	at com.kms.katalon.core.main.TestSuiteExecutor.execute(TestSuiteExecutor.java:105)
	at com.kms.katalon.core.main.TestCaseMain.startTestSuite(TestCaseMain.java:181)
	at com.kms.katalon.core.main.TestCaseMain$startTestSuite$0.call(Unknown Source)
	at TempTestSuite1642408138931.run(TempTestSuite1642408138931.groovy:36)
Caused by: com.kms.katalon.core.webui.exception.WebElementNotFoundException: Web element with id: 'Object Repository/Page_Kha Software Engineering/span_Thm hot ng hoc ti nguyn (7) (1)' located by '//span[@id='yui_3_17_2_1_1642087881011_619']' not found
	at com.kms.katalon.core.webui.common.WebUiCommonHelper.findWebElement(WebUiCommonHelper.java:1368)
	at com.kms.katalon.core.webui.keyword.internal.WebUIAbstractKeyword.findWebElement(WebUIAbstractKeyword.groovy:27)
	at com.kms.katalon.core.webui.keyword.builtin.ClickKeyword$_click_closure1.doCall(ClickKeyword.groovy:65)
	at com.kms.katalon.core.webui.keyword.builtin.ClickKeyword$_click_closure1.call(ClickKeyword.groovy)
	at com.kms.katalon.core.webui.keyword.internal.WebUIKeywordMain.runKeyword(WebUIKeywordMain.groovy:20)
	at com.kms.katalon.core.webui.keyword.builtin.ClickKeyword.click(ClickKeyword.groovy:74)
	at com.kms.katalon.core.webui.keyword.builtin.ClickKeyword.execute(ClickKeyword.groovy:40)
	at com.kms.katalon.core.keyword.internal.KeywordExecutor.executeKeywordForPlatform(KeywordExecutor.groovy:74)
	at com.kms.katalon.core.webui.keyword.WebUiBuiltInKeywords.click(WebUiBuiltInKeywords.groovy:620)
	at com.kms.katalon.core.webui.keyword.WebUiBuiltInKeywords$click$1.call(Unknown Source)
	at Script1642087808835.run(Script1642087808835.groovy:40)
	... 16 more
)
[[ATTACHMENT|D:\\Cong-Binh Le\\xampp\\htdocs\\moodle\\Test Automation - SE Bonus\\Reports\\20220117_152858\\Run All Test Cases\\20220117_152858\\1642412621803.png]]]]></system-out>
         <system-err><![CDATA[2022-01-17 16:43:10 - [TEST_CASE][FAILED] - Test Cases/Students answering question being overdue or on time/Answer text question overdue: Test Cases/Students answering question being overdue or on time/Answer text question overdue FAILED.
Reason:
com.kms.katalon.core.exception.StepFailedException: Unable to click on object 'Object Repository/Page_Kha Software Engineering/span_Thm hot ng hoc ti nguyn (7) (1)'
	at com.kms.katalon.core.webui.keyword.internal.WebUIKeywordMain.stepFailed(WebUIKeywordMain.groovy:64)
	at com.kms.katalon.core.webui.keyword.internal.WebUIKeywordMain.runKeyword(WebUIKeywordMain.groovy:26)
	at com.kms.katalon.core.webui.keyword.builtin.ClickKeyword.click(ClickKeyword.groovy:74)
	at com.kms.katalon.core.webui.keyword.builtin.ClickKeyword.execute(ClickKeyword.groovy:40)
	at com.kms.katalon.core.keyword.internal.KeywordExecutor.executeKeywordForPlatform(KeywordExecutor.groovy:74)
	at com.kms.katalon.core.webui.keyword.WebUiBuiltInKeywords.click(WebUiBuiltInKeywords.groovy:620)
	at com.kms.katalon.core.webui.keyword.WebUiBuiltInKeywords$click$1.call(Unknown Source)
	at Answer text question overdue.run(Answer text question overdue:40)
	at com.kms.katalon.core.main.ScriptEngine.run(ScriptEngine.java:194)
	at com.kms.katalon.core.main.ScriptEngine.runScriptAsRawText(ScriptEngine.java:119)
	at com.kms.katalon.core.main.TestCaseExecutor.runScript(TestCaseExecutor.java:442)
	at com.kms.katalon.core.main.TestCaseExecutor.doExecute(TestCaseExecutor.java:433)
	at com.kms.katalon.core.main.TestCaseExecutor.processExecutionPhase(TestCaseExecutor.java:412)
	at com.kms.katalon.core.main.TestCaseExecutor.accessMainPhase(TestCaseExecutor.java:404)
	at com.kms.katalon.core.main.TestCaseExecutor.execute(TestCaseExecutor.java:281)
	at com.kms.katalon.core.main.TestCaseExecutor.execute(TestCaseExecutor.java:363)
	at com.kms.katalon.core.main.TestCaseExecutor.execute(TestCaseExecutor.java:363)
	at com.kms.katalon.core.main.TestCaseExecutor.execute(TestCaseExecutor.java:363)
	at com.kms.katalon.core.main.TestSuiteExecutor.accessTestCaseMainPhase(TestSuiteExecutor.java:202)
	at com.kms.katalon.core.main.TestSuiteExecutor.accessTestSuiteMainPhase(TestSuiteExecutor.java:164)
	at com.kms.katalon.core.main.TestSuiteExecutor.execute(TestSuiteExecutor.java:105)
	at com.kms.katalon.core.main.TestCaseMain.startTestSuite(TestCaseMain.java:181)
	at com.kms.katalon.core.main.TestCaseMain$startTestSuite$0.call(Unknown Source)
	at TempTestSuite1642408138931.run(TempTestSuite1642408138931.groovy:36)
Caused by: com.kms.katalon.core.webui.exception.WebElementNotFoundException: Web element with id: 'Object Repository/Page_Kha Software Engineering/span_Thm hot ng hoc ti nguyn (7) (1)' located by '//span[@id='yui_3_17_2_1_1642087881011_619']' not found
	at com.kms.katalon.core.webui.common.WebUiCommonHelper.findWebElement(WebUiCommonHelper.java:1368)
	at com.kms.katalon.core.webui.keyword.internal.WebUIAbstractKeyword.findWebElement(WebUIAbstractKeyword.groovy:27)
	at com.kms.katalon.core.webui.keyword.builtin.ClickKeyword$_click_closure1.doCall(ClickKeyword.groovy:65)
	at com.kms.katalon.core.webui.keyword.builtin.ClickKeyword$_click_closure1.call(ClickKeyword.groovy)
	at com.kms.katalon.core.webui.keyword.internal.WebUIKeywordMain.runKeyword(WebUIKeywordMain.groovy:20)
	... 22 more]]></system-err>
      </testcase>
      <testcase name="Test Cases/Create course/Create course successfully" time="68.676" classname="Test Cases/Create course/Create course successfully" status="FAILED">
         <failure type="FAILED" message="Test Cases/Create course/Create course successfully FAILED.
Reason:
com.kms.katalon.core.exception.StepFailedException: Unable to click on object 'Object Repository/Utils/Page_CNPM Danh sch thnh vin/input_Danh sch thnh vin_btn btn-secondary my-1'
	at com.kms.katalon.core.webui.keyword.internal.WebUIKeywordMain.stepFailed(WebUIKeywordMain.groovy:64)
	at com.kms.katalon.core.webui.keyword.internal.WebUIKeywordMain.runKeyword(WebUIKeywordMain.groovy:26)
	at com.kms.katalon.core.webui.keyword.builtin.ClickKeyword.click(ClickKeyword.groovy:74)
	at com.kms.katalon.core.webui.keyword.builtin.ClickKeyword.execute(ClickKeyword.groovy:40)
	at com.kms.katalon.core.keyword.internal.KeywordExecutor.executeKeywordForPlatform(KeywordExecutor.groovy:74)
	at com.kms.katalon.core.webui.keyword.WebUiBuiltInKeywords.click(WebUiBuiltInKeywords.groovy:620)
	at com.kms.katalon.core.webui.keyword.WebUiBuiltInKeywords$click$1.call(Unknown Source)
	at Create course successfully.run(Create course successfully:66)
	at com.kms.katalon.core.main.ScriptEngine.run(ScriptEngine.java:194)
	at com.kms.katalon.core.main.ScriptEngine.runScriptAsRawText(ScriptEngine.java:119)
	at com.kms.katalon.core.main.TestCaseExecutor.runScript(TestCaseExecutor.java:442)
	at com.kms.katalon.core.main.TestCaseExecutor.doExecute(TestCaseExecutor.java:433)
	at com.kms.katalon.core.main.TestCaseExecutor.processExecutionPhase(TestCaseExecutor.java:412)
	at com.kms.katalon.core.main.TestCaseExecutor.accessMainPhase(TestCaseExecutor.java:404)
	at com.kms.katalon.core.main.TestCaseExecutor.execute(TestCaseExecutor.java:281)
	at com.kms.katalon.core.main.TestCaseExecutor.execute(TestCaseExecutor.java:363)
	at com.kms.katalon.core.main.TestCaseExecutor.execute(TestCaseExecutor.java:363)
	at com.kms.katalon.core.main.TestCaseExecutor.execute(TestCaseExecutor.java:363)
	at com.kms.katalon.core.main.TestSuiteExecutor.accessTestCaseMainPhase(TestSuiteExecutor.java:202)
	at com.kms.katalon.core.main.TestSuiteExecutor.accessTestSuiteMainPhase(TestSuiteExecutor.java:164)
	at com.kms.katalon.core.main.TestSuiteExecutor.execute(TestSuiteExecutor.java:105)
	at com.kms.katalon.core.main.TestCaseMain.startTestSuite(TestCaseMain.java:181)
	at com.kms.katalon.core.main.TestCaseMain$startTestSuite$0.call(Unknown Source)
	at TempTestSuite1642408138931.run(TempTestSuite1642408138931.groovy:36)
Caused by: com.kms.katalon.core.webui.exception.WebElementNotFoundException: Web element with id: 'Object Repository/Utils/Page_CNPM Danh sch thnh vin/input_Danh sch thnh vin_btn btn-secondary my-1' located by '//input[@value='Ghi danh người dùng']' not found
	at com.kms.katalon.core.webui.common.WebUiCommonHelper.findWebElement(WebUiCommonHelper.java:1368)
	at com.kms.katalon.core.webui.keyword.internal.WebUIAbstractKeyword.findWebElement(WebUIAbstractKeyword.groovy:27)
	at com.kms.katalon.core.webui.keyword.builtin.ClickKeyword$_click_closure1.doCall(ClickKeyword.groovy:65)
	at com.kms.katalon.core.webui.keyword.builtin.ClickKeyword$_click_closure1.call(ClickKeyword.groovy)
	at com.kms.katalon.core.webui.keyword.internal.WebUIKeywordMain.runKeyword(WebUIKeywordMain.groovy:20)
	... 22 more
"/>
         <system-out><![CDATA[2022-01-17 16:47:09 - [TEST_CASE][FAILED] - Test Cases/Create course/Create course successfully: Test Cases/Create course/Create course successfully FAILED.
Reason:
com.kms.katalon.core.exception.StepFailedException: Unable to click on object 'Object Repository/Utils/Page_CNPM Danh sch thnh vin/input_Danh sch thnh vin_btn btn-secondary my-1'
	at com.kms.katalon.core.webui.keyword.internal.WebUIKeywordMain.stepFailed(WebUIKeywordMain.groovy:64)
	at com.kms.katalon.core.webui.keyword.internal.WebUIKeywordMain.runKeyword(WebUIKeywordMain.groovy:26)
	at com.kms.katalon.core.webui.keyword.builtin.ClickKeyword.click(ClickKeyword.groovy:74)
	at com.kms.katalon.core.webui.keyword.builtin.ClickKeyword.execute(ClickKeyword.groovy:40)
	at com.kms.katalon.core.keyword.internal.KeywordExecutor.executeKeywordForPlatform(KeywordExecutor.groovy:74)
	at com.kms.katalon.core.webui.keyword.WebUiBuiltInKeywords.click(WebUiBuiltInKeywords.groovy:620)
	at com.kms.katalon.core.webui.keyword.WebUiBuiltInKeywords$click$1.call(Unknown Source)
	at Create course successfully.run(Create course successfully:66)
	at com.kms.katalon.core.main.ScriptEngine.run(ScriptEngine.java:194)
	at com.kms.katalon.core.main.ScriptEngine.runScriptAsRawText(ScriptEngine.java:119)
	at com.kms.katalon.core.main.TestCaseExecutor.runScript(TestCaseExecutor.java:442)
	at com.kms.katalon.core.main.TestCaseExecutor.doExecute(TestCaseExecutor.java:433)
	at com.kms.katalon.core.main.TestCaseExecutor.processExecutionPhase(TestCaseExecutor.java:412)
	at com.kms.katalon.core.main.TestCaseExecutor.accessMainPhase(TestCaseExecutor.java:404)
	at com.kms.katalon.core.main.TestCaseExecutor.execute(TestCaseExecutor.java:281)
	at com.kms.katalon.core.main.TestCaseExecutor.execute(TestCaseExecutor.java:363)
	at com.kms.katalon.core.main.TestCaseExecutor.execute(TestCaseExecutor.java:363)
	at com.kms.katalon.core.main.TestCaseExecutor.execute(TestCaseExecutor.java:363)
	at com.kms.katalon.core.main.TestSuiteExecutor.accessTestCaseMainPhase(TestSuiteExecutor.java:202)
	at com.kms.katalon.core.main.TestSuiteExecutor.accessTestSuiteMainPhase(TestSuiteExecutor.java:164)
	at com.kms.katalon.core.main.TestSuiteExecutor.execute(TestSuiteExecutor.java:105)
	at com.kms.katalon.core.main.TestCaseMain.startTestSuite(TestCaseMain.java:181)
	at com.kms.katalon.core.main.TestCaseMain$startTestSuite$0.call(Unknown Source)
	at TempTestSuite1642408138931.run(TempTestSuite1642408138931.groovy:36)
Caused by: com.kms.katalon.core.webui.exception.WebElementNotFoundException: Web element with id: 'Object Repository/Utils/Page_CNPM Danh sch thnh vin/input_Danh sch thnh vin_btn btn-secondary my-1' located by '//input[@value='Ghi danh người dùng']' not found
	at com.kms.katalon.core.webui.common.WebUiCommonHelper.findWebElement(WebUiCommonHelper.java:1368)
	at com.kms.katalon.core.webui.keyword.internal.WebUIAbstractKeyword.findWebElement(WebUIAbstractKeyword.groovy:27)
	at com.kms.katalon.core.webui.keyword.builtin.ClickKeyword$_click_closure1.doCall(ClickKeyword.groovy:65)
	at com.kms.katalon.core.webui.keyword.builtin.ClickKeyword$_click_closure1.call(ClickKeyword.groovy)
	at com.kms.katalon.core.webui.keyword.internal.WebUIKeywordMain.runKeyword(WebUIKeywordMain.groovy:20)
	... 22 more


2022-01-17 16:47:09 - [TEST_STEP][PASSED] - openBrowser(""): Browser is opened with url: ''

2022-01-17 16:47:09 - [MESSAGE][WARNING] - A browser is already opened. Closing browser and opening a new one

2022-01-17 16:47:10 - [MESSAGE][INFO] - Starting 'Chrome' driver

2022-01-17 16:47:10 - [MESSAGE][INFO] - Action delay is set to 0 milliseconds

2022-01-17 16:47:11 - [MESSAGE][PASSED] - Browser is opened with url: ''

2022-01-17 16:47:11 - [TEST_STEP][PASSED] - navigateToUrl("http://localhost/"): Navigate to 'http://localhost/' successfully

2022-01-17 16:47:12 - [MESSAGE][PASSED] - Navigate to 'http://localhost/' successfully

2022-01-17 16:47:12 - [TEST_STEP][PASSED] - callTestCase(findTestCase("Utils/Login as admin"), [:], STOP_ON_FAILURE): Call Test Case 'Test Cases/Utils/Login as admin' successfully

2022-01-17 16:47:12 - [TEST_CASE][PASSED] - Test Cases/Utils/Login as admin: Test Cases/Utils/Login as admin

2022-01-17 16:47:12 - [TEST_STEP][PASSED] - click(findTestObject("View course grade/Page_Local Moodle/a_Log in")): Object: 'Object Repository/View course grade/Page_Local Moodle/a_Log in' is clicked on

2022-01-17 16:47:13 - [MESSAGE][PASSED] - Object: 'Object Repository/View course grade/Page_Local Moodle/a_Log in' is clicked on

2022-01-17 16:47:13 - [TEST_STEP][PASSED] - setText(findTestObject("View course grade/Page_Local Moodle Log in to the site/input_Username_username"), "admin"): Text 'admin' is set on object 'Object Repository/View course grade/Page_Local Moodle Log in to the site/input_Username_username'

2022-01-17 16:47:13 - [MESSAGE][PASSED] - Text 'admin' is set on object 'Object Repository/View course grade/Page_Local Moodle Log in to the site/input_Username_username'

2022-01-17 16:47:13 - [TEST_STEP][PASSED] - setEncryptedText(findTestObject("View course grade/Page_Local Moodle Log in to the site/input_Password_password"), "bfAykA/oWJ09FXmiKh6lyuuLu8QhG1K5"): Text ****** has been set on object 'Object Repository/View course grade/Page_Local Moodle Log in to the site/input_Password_password'

2022-01-17 16:47:14 - [MESSAGE][PASSED] - Text ****** has been set on object 'Object Repository/View course grade/Page_Local Moodle Log in to the site/input_Password_password'

2022-01-17 16:47:14 - [TEST_STEP][PASSED] - click(findTestObject("View course grade/Page_Local Moodle Log in to the site/button_Log in")): Object: 'Object Repository/View course grade/Page_Local Moodle Log in to the site/button_Log in' is clicked on

2022-01-17 16:47:16 - [MESSAGE][PASSED] - Object: 'Object Repository/View course grade/Page_Local Moodle Log in to the site/button_Log in' is clicked on

2022-01-17 16:47:16 - [MESSAGE][PASSED] - Call Test Case 'Test Cases/Utils/Login as admin' successfully

2022-01-17 16:47:16 - [TEST_STEP][PASSED] - click(findTestObject("Utils/Page_Nh ca ti (1)/span_Qun tr khu vc")): Object: 'Object Repository/Utils/Page_Nh ca ti (1)/span_Qun tr khu vc' is clicked on

2022-01-17 16:47:20 - [MESSAGE][PASSED] - Object: 'Object Repository/Utils/Page_Nh ca ti (1)/span_Qun tr khu vc' is clicked on

2022-01-17 16:47:20 - [TEST_STEP][PASSED] - click(findTestObject("Create course/Page_Moodle Khu vc qun tr Tm kim/a_Kho hc")): Object: 'Object Repository/Create course/Page_Moodle Khu vc qun tr Tm kim/a_Kho hc' is clicked on

2022-01-17 16:47:20 - [MESSAGE][PASSED] - Object: 'Object Repository/Create course/Page_Moodle Khu vc qun tr Tm kim/a_Kho hc' is clicked on

2022-01-17 16:47:20 - [TEST_STEP][PASSED] - click(findTestObject("Create course/Page_Moodle Khu vc qun tr Tm kim/a_Thmsa cc kho hc")): Object: 'Object Repository/Create course/Page_Moodle Khu vc qun tr Tm kim/a_Thmsa cc kho hc' is clicked on

2022-01-17 16:47:22 - [MESSAGE][PASSED] - Object: 'Object Repository/Create course/Page_Moodle Khu vc qun tr Tm kim/a_Thmsa cc kho hc' is clicked on

2022-01-17 16:47:22 - [TEST_STEP][PASSED] - click(findTestObject("Create course/Page_Qun l kha hc v danh mc kha hc/a_TaoKhoaHocMoi")): Object: 'Object Repository/Create course/Page_Qun l kha hc v danh mc kha hc/a_TaoKhoaHocMoi' is clicked on

2022-01-17 16:47:28 - [MESSAGE][INFO] - Unable to find the element located by 'By.xpath: //div[@id='yui_3_17_2_1_1641271251047_65']/div/div/a'. Please recheck the objects properties to make sure the desired element is located. 

2022-01-17 16:47:28 - [MESSAGE][WARNING] - [SELF-HEALING] Failed to find element with id 'Object Repository/Create course/Page_Qun l kha hc v danh mc kha hc/a_TaoKhoaHocMoi'. Try using Self-healing.

2022-01-17 16:47:28 - [MESSAGE][WARNING] - [SELF-HEALING] The current locator of test object 'Object Repository/Create course/Page_Qun l kha hc v danh mc kha hc/a_TaoKhoaHocMoi' was broken. Propose an alternative one: '//a[contains(text(),'Tạo khóa học mới')]'.

2022-01-17 16:47:29 - [MESSAGE][PASSED] - Object: 'Object Repository/Create course/Page_Qun l kha hc v danh mc kha hc/a_TaoKhoaHocMoi' is clicked on

2022-01-17 16:47:29 - [TEST_STEP][PASSED] - setText(findTestObject("Create course/Page_Moodle Thm kho hc mi/input_Tn y_fullname"), "Nhập môn Công nghệ phần mềm"): Text 'Nhập môn Công nghệ phần mềm' is set on object 'Object Repository/Create course/Page_Moodle Thm kho hc mi/input_Tn y_fullname'

2022-01-17 16:47:31 - [MESSAGE][PASSED] - Text 'Nhập môn Công nghệ phần mềm' is set on object 'Object Repository/Create course/Page_Moodle Thm kho hc mi/input_Tn y_fullname'

2022-01-17 16:47:31 - [TEST_STEP][PASSED] - setText(findTestObject("Create course/Page_Moodle Thm kho hc mi/input_Tn rt gn ca kho hc_shortname"), "CNPM"): Text 'CNPM' is set on object 'Object Repository/Create course/Page_Moodle Thm kho hc mi/input_Tn rt gn ca kho hc_shortname'

2022-01-17 16:47:32 - [MESSAGE][PASSED] - Text 'CNPM' is set on object 'Object Repository/Create course/Page_Moodle Thm kho hc mi/input_Tn rt gn ca kho hc_shortname'

2022-01-17 16:47:32 - [TEST_STEP][PASSED] - selectOptionByValue(findTestObject("Create course/Page_Moodle Thm kho hc mi/select_1        2        3        4        _45ea30"), "10", true): All options with value '10' are selected in object 'Object Repository/Create course/Page_Moodle Thm kho hc mi/select_1        2        3        4        _45ea30'  using regular expression

2022-01-17 16:47:34 - [MESSAGE][PASSED] - All options with value '10' are selected in object 'Object Repository/Create course/Page_Moodle Thm kho hc mi/select_1        2        3        4        _45ea30'  using regular expression

2022-01-17 16:47:34 - [TEST_STEP][PASSED] - selectOptionByValue(findTestObject("Create course/Page_Moodle Thm kho hc mi/select_Thng Ging        Thng Hai        Thn_b248db"), "9", true): All options with value '9' are selected in object 'Object Repository/Create course/Page_Moodle Thm kho hc mi/select_Thng Ging        Thng Hai        Thn_b248db'  using regular expression

2022-01-17 16:47:35 - [MESSAGE][PASSED] - All options with value '9' are selected in object 'Object Repository/Create course/Page_Moodle Thm kho hc mi/select_Thng Ging        Thng Hai        Thn_b248db'  using regular expression

2022-01-17 16:47:35 - [TEST_STEP][PASSED] - selectOptionByValue(findTestObject("Create course/Page_Moodle Thm kho hc mi/select_1900        1901        1902        _6405c9"), "2021", true): All options with value '2021' are selected in object 'Object Repository/Create course/Page_Moodle Thm kho hc mi/select_1900        1901        1902        _6405c9'  using regular expression

2022-01-17 16:47:44 - [MESSAGE][PASSED] - All options with value '2021' are selected in object 'Object Repository/Create course/Page_Moodle Thm kho hc mi/select_1900        1901        1902        _6405c9'  using regular expression

2022-01-17 16:47:44 - [TEST_STEP][PASSED] - selectOptionByValue(findTestObject("Create course/Page_Moodle Thm kho hc mi/select_00        01        02        03    _f6e37b"), "7", true): All options with value '7' are selected in object 'Object Repository/Create course/Page_Moodle Thm kho hc mi/select_00        01        02        03    _f6e37b'  using regular expression

2022-01-17 16:47:47 - [MESSAGE][PASSED] - All options with value '7' are selected in object 'Object Repository/Create course/Page_Moodle Thm kho hc mi/select_00        01        02        03    _f6e37b'  using regular expression

2022-01-17 16:47:47 - [TEST_STEP][PASSED] - selectOptionByValue(findTestObject("Create course/Page_Moodle Thm kho hc mi/select_00        01        02        03    _f6e37b_1"), "15", true): All options with value '15' are selected in object 'Object Repository/Create course/Page_Moodle Thm kho hc mi/select_00        01        02        03    _f6e37b_1'  using regular expression

2022-01-17 16:47:50 - [MESSAGE][PASSED] - All options with value '15' are selected in object 'Object Repository/Create course/Page_Moodle Thm kho hc mi/select_00        01        02        03    _f6e37b_1'  using regular expression

2022-01-17 16:47:50 - [TEST_STEP][PASSED] - selectOptionByValue(findTestObject("Create course/Page_Moodle Thm kho hc mi/select_1        2        3        4        _45ea30_1"), "15", true): All options with value '15' are selected in object 'Object Repository/Create course/Page_Moodle Thm kho hc mi/select_1        2        3        4        _45ea30_1'  using regular expression

2022-01-17 16:47:53 - [MESSAGE][PASSED] - All options with value '15' are selected in object 'Object Repository/Create course/Page_Moodle Thm kho hc mi/select_1        2        3        4        _45ea30_1'  using regular expression

2022-01-17 16:47:53 - [TEST_STEP][PASSED] - selectOptionByValue(findTestObject("Create course/Page_Moodle Thm kho hc mi/select_1900        1901        1902        _6405c9_1"), "2022", true): All options with value '2022' are selected in object 'Object Repository/Create course/Page_Moodle Thm kho hc mi/select_1900        1901        1902        _6405c9_1'  using regular expression

2022-01-17 16:48:02 - [MESSAGE][PASSED] - All options with value '2022' are selected in object 'Object Repository/Create course/Page_Moodle Thm kho hc mi/select_1900        1901        1902        _6405c9_1'  using regular expression

2022-01-17 16:48:02 - [TEST_STEP][PASSED] - selectOptionByValue(findTestObject("Create course/Page_Moodle Thm kho hc mi/select_00        01        02        03    _f6e37b_1_2"), "10", true): All options with value '10' are selected in object 'Object Repository/Create course/Page_Moodle Thm kho hc mi/select_00        01        02        03    _f6e37b_1_2'  using regular expression

2022-01-17 16:48:04 - [MESSAGE][PASSED] - All options with value '10' are selected in object 'Object Repository/Create course/Page_Moodle Thm kho hc mi/select_00        01        02        03    _f6e37b_1_2'  using regular expression

2022-01-17 16:48:04 - [TEST_STEP][PASSED] - setText(findTestObject("Create course/Page_Moodle Thm kho hc mi/input_M s ID kho hc_idnumber"), "1234"): Text '1234' is set on object 'Object Repository/Create course/Page_Moodle Thm kho hc mi/input_M s ID kho hc_idnumber'

2022-01-17 16:48:05 - [MESSAGE][PASSED] - Text '1234' is set on object 'Object Repository/Create course/Page_Moodle Thm kho hc mi/input_M s ID kho hc_idnumber'

2022-01-17 16:48:05 - [TEST_STEP][PASSED] - click(findTestObject("Object Repository/Utils/Page_Moodle Thm kho hc mi/input__saveanddisplay")): Object: 'Object Repository/Utils/Page_Moodle Thm kho hc mi/input__saveanddisplay' is clicked on

2022-01-17 16:48:08 - [MESSAGE][PASSED] - Object: 'Object Repository/Utils/Page_Moodle Thm kho hc mi/input__saveanddisplay' is clicked on

2022-01-17 16:48:08 - [TEST_STEP][FAILED] - click(findTestObject("Object Repository/Utils/Page_CNPM Danh sch thnh vin/input_Danh sch thnh vin_btn btn-secondary my-1")): Unable to click on object 'Object Repository/Utils/Page_CNPM Danh sch thnh vin/input_Danh sch thnh vin_btn btn-secondary my-1' (Root cause: com.kms.katalon.core.exception.StepFailedException: Unable to click on object 'Object Repository/Utils/Page_CNPM Danh sch thnh vin/input_Danh sch thnh vin_btn btn-secondary my-1'
	at com.kms.katalon.core.webui.keyword.internal.WebUIKeywordMain.stepFailed(WebUIKeywordMain.groovy:64)
	at com.kms.katalon.core.webui.keyword.internal.WebUIKeywordMain.runKeyword(WebUIKeywordMain.groovy:26)
	at com.kms.katalon.core.webui.keyword.builtin.ClickKeyword.click(ClickKeyword.groovy:74)
	at com.kms.katalon.core.webui.keyword.builtin.ClickKeyword.execute(ClickKeyword.groovy:40)
	at com.kms.katalon.core.keyword.internal.KeywordExecutor.executeKeywordForPlatform(KeywordExecutor.groovy:74)
	at com.kms.katalon.core.webui.keyword.WebUiBuiltInKeywords.click(WebUiBuiltInKeywords.groovy:620)
	at com.kms.katalon.core.webui.keyword.WebUiBuiltInKeywords$click$1.call(Unknown Source)
	at Create course successfully.run(Create course successfully:66)
	at com.kms.katalon.core.main.ScriptEngine.run(ScriptEngine.java:194)
	at com.kms.katalon.core.main.ScriptEngine.runScriptAsRawText(ScriptEngine.java:119)
	at com.kms.katalon.core.main.TestCaseExecutor.runScript(TestCaseExecutor.java:442)
	at com.kms.katalon.core.main.TestCaseExecutor.doExecute(TestCaseExecutor.java:433)
	at com.kms.katalon.core.main.TestCaseExecutor.processExecutionPhase(TestCaseExecutor.java:412)
	at com.kms.katalon.core.main.TestCaseExecutor.accessMainPhase(TestCaseExecutor.java:404)
	at com.kms.katalon.core.main.TestCaseExecutor.execute(TestCaseExecutor.java:281)
	at com.kms.katalon.core.main.TestCaseExecutor.execute(TestCaseExecutor.java:363)
	at com.kms.katalon.core.main.TestCaseExecutor.execute(TestCaseExecutor.java:363)
	at com.kms.katalon.core.main.TestCaseExecutor.execute(TestCaseExecutor.java:363)
	at com.kms.katalon.core.main.TestSuiteExecutor.accessTestCaseMainPhase(TestSuiteExecutor.java:202)
	at com.kms.katalon.core.main.TestSuiteExecutor.accessTestSuiteMainPhase(TestSuiteExecutor.java:164)
	at com.kms.katalon.core.main.TestSuiteExecutor.execute(TestSuiteExecutor.java:105)
	at com.kms.katalon.core.main.TestCaseMain.startTestSuite(TestCaseMain.java:181)
	at com.kms.katalon.core.main.TestCaseMain$startTestSuite$0.call(Unknown Source)
	at TempTestSuite1642408138931.run(TempTestSuite1642408138931.groovy:36)
Caused by: com.kms.katalon.core.webui.exception.WebElementNotFoundException: Web element with id: 'Object Repository/Utils/Page_CNPM Danh sch thnh vin/input_Danh sch thnh vin_btn btn-secondary my-1' located by '//input[@value='Ghi danh người dùng']' not found
	at com.kms.katalon.core.webui.common.WebUiCommonHelper.findWebElement(WebUiCommonHelper.java:1368)
	at com.kms.katalon.core.webui.keyword.internal.WebUIAbstractKeyword.findWebElement(WebUIAbstractKeyword.groovy:27)
	at com.kms.katalon.core.webui.keyword.builtin.ClickKeyword$_click_closure1.doCall(ClickKeyword.groovy:65)
	at com.kms.katalon.core.webui.keyword.builtin.ClickKeyword$_click_closure1.call(ClickKeyword.groovy)
	at com.kms.katalon.core.webui.keyword.internal.WebUIKeywordMain.runKeyword(WebUIKeywordMain.groovy:20)
	at com.kms.katalon.core.webui.keyword.builtin.ClickKeyword.click(ClickKeyword.groovy:74)
	at com.kms.katalon.core.webui.keyword.builtin.ClickKeyword.execute(ClickKeyword.groovy:40)
	at com.kms.katalon.core.keyword.internal.KeywordExecutor.executeKeywordForPlatform(KeywordExecutor.groovy:74)
	at com.kms.katalon.core.webui.keyword.WebUiBuiltInKeywords.click(WebUiBuiltInKeywords.groovy:620)
	at com.kms.katalon.core.webui.keyword.WebUiBuiltInKeywords$click$1.call(Unknown Source)
	at Script1641912480734.run(Script1641912480734.groovy:66)
	... 16 more
)

2022-01-17 16:48:15 - [MESSAGE][INFO] - Unable to find the element located by 'By.xpath: //input[@value='Ghi danh người dùng']'. Please recheck the objects properties to make sure the desired element is located. 

2022-01-17 16:48:15 - [MESSAGE][WARNING] - [SELF-HEALING] Failed to find element with id 'Object Repository/Utils/Page_CNPM Danh sch thnh vin/input_Danh sch thnh vin_btn btn-secondary my-1'. Try using Self-healing.

2022-01-17 16:48:15 - [MESSAGE][INFO] - [SELF-HEALING] Failed Locator: '//input[@value='Ghi danh người dùng']'.

2022-01-17 16:48:15 - [MESSAGE][INFO] - [SELF-HEALING] Failed Locator: '//form[@id='enrolusersbutton-1']/div/input'.

2022-01-17 16:48:15 - [MESSAGE][INFO] - [SELF-HEALING] Working Locator: '//input'.

2022-01-17 16:48:16 - [MESSAGE][ERROR] - [SELF-HEALING] Cannot save screenshot to: D:\Cong-Binh Le\xampp\htdocs\moodle\Test Automation - SE Bonus\Reports\Self-healing, reason: unknown error: unhandled inspector error: {"code":-32000,"message":"Cannot take screenshot with 0 width."}
  (Session info: chrome=97.0.4692.71)
Build info: version: '3.141.59', revision: 'e82be7d358', time: '2018-11-14T08:25:53'
System info: host: 'DESKTOP-G2F0VIE', ip: '192.168.1.9', os.name: 'Windows 10', os.arch: 'amd64', os.version: '10.0', java.version: '1.8.0_282'
Driver info: com.kms.katalon.selenium.driver.CChromeDriver
Capabilities {acceptInsecureCerts: false, browserName: chrome, browserVersion: 97.0.4692.71, chrome: {chromedriverVersion: 97.0.4692.71 (adefa7837d02a..., userDataDir: C:\Users\banh\AppData\Local...}, goog:chromeOptions: {debuggerAddress: localhost:63395}, javascriptEnabled: true, networkConnectionEnabled: false, pageLoadStrategy: normal, platform: WINDOWS, platformName: WINDOWS, proxy: Proxy(), setWindowRect: true, strictFileInteractability: false, timeouts: {implicit: 0, pageLoad: 300000, script: 30000}, unhandledPromptBehavior: dismiss and notify, webauthn:extension:credBlob: true, webauthn:extension:largeBlob: true, webauthn:virtualAuthenticators: true}
Session ID: 97d7667b4b7efb9507de899c1411d372.

2022-01-17 16:48:16 - [MESSAGE][ERROR] - [SELF-HEALING] Cannot save screenshot to: D:\Cong-Binh Le\xampp\htdocs\moodle\Test Automation - SE Bonus\Reports\Self-healing, reason: unknown error: unhandled inspector error: {"code":-32000,"message":"Cannot take screenshot with 0 width."}
  (Session info: chrome=97.0.4692.71)
Build info: version: '3.141.59', revision: 'e82be7d358', time: '2018-11-14T08:25:53'
System info: host: 'DESKTOP-G2F0VIE', ip: '192.168.1.9', os.name: 'Windows 10', os.arch: 'amd64', os.version: '10.0', java.version: '1.8.0_282'
Driver info: com.kms.katalon.selenium.driver.CChromeDriver
Capabilities {acceptInsecureCerts: false, browserName: chrome, browserVersion: 97.0.4692.71, chrome: {chromedriverVersion: 97.0.4692.71 (adefa7837d02a..., userDataDir: C:\Users\banh\AppData\Local...}, goog:chromeOptions: {debuggerAddress: localhost:63395}, javascriptEnabled: true, networkConnectionEnabled: false, pageLoadStrategy: normal, platform: WINDOWS, platformName: WINDOWS, proxy: Proxy(), setWindowRect: true, strictFileInteractability: false, timeouts: {implicit: 0, pageLoad: 300000, script: 30000}, unhandledPromptBehavior: dismiss and notify, webauthn:extension:credBlob: true, webauthn:extension:largeBlob: true, webauthn:virtualAuthenticators: true}
Session ID: 97d7667b4b7efb9507de899c1411d372.

2022-01-17 16:48:16 - [MESSAGE][WARNING] - [SELF-HEALING] 'other' is different type of Path

2022-01-17 16:48:16 - [MESSAGE][ERROR] - [SELF-HEALING] Cannot save screenshot to: D:\Cong-Binh Le\xampp\htdocs\moodle\Test Automation - SE Bonus\Reports\Self-healing, reason: unknown error: unhandled inspector error: {"code":-32000,"message":"Cannot take screenshot with 0 width."}
  (Session info: chrome=97.0.4692.71)
Build info: version: '3.141.59', revision: 'e82be7d358', time: '2018-11-14T08:25:53'
System info: host: 'DESKTOP-G2F0VIE', ip: '192.168.1.9', os.name: 'Windows 10', os.arch: 'amd64', os.version: '10.0', java.version: '1.8.0_282'
Driver info: com.kms.katalon.selenium.driver.CChromeDriver
Capabilities {acceptInsecureCerts: false, browserName: chrome, browserVersion: 97.0.4692.71, chrome: {chromedriverVersion: 97.0.4692.71 (adefa7837d02a..., userDataDir: C:\Users\banh\AppData\Local...}, goog:chromeOptions: {debuggerAddress: localhost:63395}, javascriptEnabled: true, networkConnectionEnabled: false, pageLoadStrategy: normal, platform: WINDOWS, platformName: WINDOWS, proxy: Proxy(), setWindowRect: true, strictFileInteractability: false, timeouts: {implicit: 0, pageLoad: 300000, script: 30000}, unhandledPromptBehavior: dismiss and notify, webauthn:extension:credBlob: true, webauthn:extension:largeBlob: true, webauthn:virtualAuthenticators: true}
Session ID: 97d7667b4b7efb9507de899c1411d372.

2022-01-17 16:48:16 - [MESSAGE][WARNING] - [SELF-HEALING] 'other' is different type of Path

2022-01-17 16:48:17 - [MESSAGE][INFO] - Unable to find the element located by 'By.cssSelector: input.btn.btn-secondary.my-1'. Please recheck the objects properties to make sure the desired element is located. 

2022-01-17 16:48:18 - [MESSAGE][FAILED] - Unable to click on object 'Object Repository/Utils/Page_CNPM Danh sch thnh vin/input_Danh sch thnh vin_btn btn-secondary my-1' (Root cause: com.kms.katalon.core.exception.StepFailedException: Unable to click on object 'Object Repository/Utils/Page_CNPM Danh sch thnh vin/input_Danh sch thnh vin_btn btn-secondary my-1'
	at com.kms.katalon.core.webui.keyword.internal.WebUIKeywordMain.stepFailed(WebUIKeywordMain.groovy:64)
	at com.kms.katalon.core.webui.keyword.internal.WebUIKeywordMain.runKeyword(WebUIKeywordMain.groovy:26)
	at com.kms.katalon.core.webui.keyword.builtin.ClickKeyword.click(ClickKeyword.groovy:74)
	at com.kms.katalon.core.webui.keyword.builtin.ClickKeyword.execute(ClickKeyword.groovy:40)
	at com.kms.katalon.core.keyword.internal.KeywordExecutor.executeKeywordForPlatform(KeywordExecutor.groovy:74)
	at com.kms.katalon.core.webui.keyword.WebUiBuiltInKeywords.click(WebUiBuiltInKeywords.groovy:620)
	at com.kms.katalon.core.webui.keyword.WebUiBuiltInKeywords$click$1.call(Unknown Source)
	at Create course successfully.run(Create course successfully:66)
	at com.kms.katalon.core.main.ScriptEngine.run(ScriptEngine.java:194)
	at com.kms.katalon.core.main.ScriptEngine.runScriptAsRawText(ScriptEngine.java:119)
	at com.kms.katalon.core.main.TestCaseExecutor.runScript(TestCaseExecutor.java:442)
	at com.kms.katalon.core.main.TestCaseExecutor.doExecute(TestCaseExecutor.java:433)
	at com.kms.katalon.core.main.TestCaseExecutor.processExecutionPhase(TestCaseExecutor.java:412)
	at com.kms.katalon.core.main.TestCaseExecutor.accessMainPhase(TestCaseExecutor.java:404)
	at com.kms.katalon.core.main.TestCaseExecutor.execute(TestCaseExecutor.java:281)
	at com.kms.katalon.core.main.TestCaseExecutor.execute(TestCaseExecutor.java:363)
	at com.kms.katalon.core.main.TestCaseExecutor.execute(TestCaseExecutor.java:363)
	at com.kms.katalon.core.main.TestCaseExecutor.execute(TestCaseExecutor.java:363)
	at com.kms.katalon.core.main.TestSuiteExecutor.accessTestCaseMainPhase(TestSuiteExecutor.java:202)
	at com.kms.katalon.core.main.TestSuiteExecutor.accessTestSuiteMainPhase(TestSuiteExecutor.java:164)
	at com.kms.katalon.core.main.TestSuiteExecutor.execute(TestSuiteExecutor.java:105)
	at com.kms.katalon.core.main.TestCaseMain.startTestSuite(TestCaseMain.java:181)
	at com.kms.katalon.core.main.TestCaseMain$startTestSuite$0.call(Unknown Source)
	at TempTestSuite1642408138931.run(TempTestSuite1642408138931.groovy:36)
Caused by: com.kms.katalon.core.webui.exception.WebElementNotFoundException: Web element with id: 'Object Repository/Utils/Page_CNPM Danh sch thnh vin/input_Danh sch thnh vin_btn btn-secondary my-1' located by '//input[@value='Ghi danh người dùng']' not found
	at com.kms.katalon.core.webui.common.WebUiCommonHelper.findWebElement(WebUiCommonHelper.java:1368)
	at com.kms.katalon.core.webui.keyword.internal.WebUIAbstractKeyword.findWebElement(WebUIAbstractKeyword.groovy:27)
	at com.kms.katalon.core.webui.keyword.builtin.ClickKeyword$_click_closure1.doCall(ClickKeyword.groovy:65)
	at com.kms.katalon.core.webui.keyword.builtin.ClickKeyword$_click_closure1.call(ClickKeyword.groovy)
	at com.kms.katalon.core.webui.keyword.internal.WebUIKeywordMain.runKeyword(WebUIKeywordMain.groovy:20)
	at com.kms.katalon.core.webui.keyword.builtin.ClickKeyword.click(ClickKeyword.groovy:74)
	at com.kms.katalon.core.webui.keyword.builtin.ClickKeyword.execute(ClickKeyword.groovy:40)
	at com.kms.katalon.core.keyword.internal.KeywordExecutor.executeKeywordForPlatform(KeywordExecutor.groovy:74)
	at com.kms.katalon.core.webui.keyword.WebUiBuiltInKeywords.click(WebUiBuiltInKeywords.groovy:620)
	at com.kms.katalon.core.webui.keyword.WebUiBuiltInKeywords$click$1.call(Unknown Source)
	at Script1641912480734.run(Script1641912480734.groovy:66)
	... 16 more
)
[[ATTACHMENT|D:\\Cong-Binh Le\\xampp\\htdocs\\moodle\\Test Automation - SE Bonus\\Reports\\20220117_152858\\Run All Test Cases\\20220117_152858\\1642412897693.png]]]]></system-out>
         <system-err><![CDATA[2022-01-17 16:47:09 - [TEST_CASE][FAILED] - Test Cases/Create course/Create course successfully: Test Cases/Create course/Create course successfully FAILED.
Reason:
com.kms.katalon.core.exception.StepFailedException: Unable to click on object 'Object Repository/Utils/Page_CNPM Danh sch thnh vin/input_Danh sch thnh vin_btn btn-secondary my-1'
	at com.kms.katalon.core.webui.keyword.internal.WebUIKeywordMain.stepFailed(WebUIKeywordMain.groovy:64)
	at com.kms.katalon.core.webui.keyword.internal.WebUIKeywordMain.runKeyword(WebUIKeywordMain.groovy:26)
	at com.kms.katalon.core.webui.keyword.builtin.ClickKeyword.click(ClickKeyword.groovy:74)
	at com.kms.katalon.core.webui.keyword.builtin.ClickKeyword.execute(ClickKeyword.groovy:40)
	at com.kms.katalon.core.keyword.internal.KeywordExecutor.executeKeywordForPlatform(KeywordExecutor.groovy:74)
	at com.kms.katalon.core.webui.keyword.WebUiBuiltInKeywords.click(WebUiBuiltInKeywords.groovy:620)
	at com.kms.katalon.core.webui.keyword.WebUiBuiltInKeywords$click$1.call(Unknown Source)
	at Create course successfully.run(Create course successfully:66)
	at com.kms.katalon.core.main.ScriptEngine.run(ScriptEngine.java:194)
	at com.kms.katalon.core.main.ScriptEngine.runScriptAsRawText(ScriptEngine.java:119)
	at com.kms.katalon.core.main.TestCaseExecutor.runScript(TestCaseExecutor.java:442)
	at com.kms.katalon.core.main.TestCaseExecutor.doExecute(TestCaseExecutor.java:433)
	at com.kms.katalon.core.main.TestCaseExecutor.processExecutionPhase(TestCaseExecutor.java:412)
	at com.kms.katalon.core.main.TestCaseExecutor.accessMainPhase(TestCaseExecutor.java:404)
	at com.kms.katalon.core.main.TestCaseExecutor.execute(TestCaseExecutor.java:281)
	at com.kms.katalon.core.main.TestCaseExecutor.execute(TestCaseExecutor.java:363)
	at com.kms.katalon.core.main.TestCaseExecutor.execute(TestCaseExecutor.java:363)
	at com.kms.katalon.core.main.TestCaseExecutor.execute(TestCaseExecutor.java:363)
	at com.kms.katalon.core.main.TestSuiteExecutor.accessTestCaseMainPhase(TestSuiteExecutor.java:202)
	at com.kms.katalon.core.main.TestSuiteExecutor.accessTestSuiteMainPhase(TestSuiteExecutor.java:164)
	at com.kms.katalon.core.main.TestSuiteExecutor.execute(TestSuiteExecutor.java:105)
	at com.kms.katalon.core.main.TestCaseMain.startTestSuite(TestCaseMain.java:181)
	at com.kms.katalon.core.main.TestCaseMain$startTestSuite$0.call(Unknown Source)
	at TempTestSuite1642408138931.run(TempTestSuite1642408138931.groovy:36)
Caused by: com.kms.katalon.core.webui.exception.WebElementNotFoundException: Web element with id: 'Object Repository/Utils/Page_CNPM Danh sch thnh vin/input_Danh sch thnh vin_btn btn-secondary my-1' located by '//input[@value='Ghi danh người dùng']' not found
	at com.kms.katalon.core.webui.common.WebUiCommonHelper.findWebElement(WebUiCommonHelper.java:1368)
	at com.kms.katalon.core.webui.keyword.internal.WebUIAbstractKeyword.findWebElement(WebUIAbstractKeyword.groovy:27)
	at com.kms.katalon.core.webui.keyword.builtin.ClickKeyword$_click_closure1.doCall(ClickKeyword.groovy:65)
	at com.kms.katalon.core.webui.keyword.builtin.ClickKeyword$_click_closure1.call(ClickKeyword.groovy)
	at com.kms.katalon.core.webui.keyword.internal.WebUIKeywordMain.runKeyword(WebUIKeywordMain.groovy:20)
	... 22 more]]></system-err>
      </testcase>
      <testcase name="Test Cases/Create course/Create course with existed shortname" time="33.56" classname="Test Cases/Create course/Create course with existed shortname" status="FAILED">
         <failure type="FAILED" message="Test Cases/Create course/Create course with existed shortname FAILED.
Reason:
com.kms.katalon.core.exception.StepFailedException: Unable to set text 'Nhập môn lập trình' of object 'Object Repository/Create course/Page_Moodle Thm kho hc mi/input_Tn y_fullname'
	at com.kms.katalon.core.webui.keyword.internal.WebUIKeywordMain.stepFailed(WebUIKeywordMain.groovy:64)
	at com.kms.katalon.core.webui.keyword.internal.WebUIKeywordMain.runKeyword(WebUIKeywordMain.groovy:26)
	at com.kms.katalon.core.webui.keyword.builtin.SetTextKeyword.setText(SetTextKeyword.groovy:66)
	at com.kms.katalon.core.webui.keyword.builtin.SetTextKeyword.execute(SetTextKeyword.groovy:37)
	at com.kms.katalon.core.keyword.internal.KeywordExecutor.executeKeywordForPlatform(KeywordExecutor.groovy:74)
	at com.kms.katalon.core.webui.keyword.WebUiBuiltInKeywords.setText(WebUiBuiltInKeywords.groovy:980)
	at com.kms.katalon.core.webui.keyword.WebUiBuiltInKeywords$setText$2.call(Unknown Source)
	at Create course with existed shortname.run(Create course with existed shortname:43)
	at com.kms.katalon.core.main.ScriptEngine.run(ScriptEngine.java:194)
	at com.kms.katalon.core.main.ScriptEngine.runScriptAsRawText(ScriptEngine.java:119)
	at com.kms.katalon.core.main.TestCaseExecutor.runScript(TestCaseExecutor.java:442)
	at com.kms.katalon.core.main.TestCaseExecutor.doExecute(TestCaseExecutor.java:433)
	at com.kms.katalon.core.main.TestCaseExecutor.processExecutionPhase(TestCaseExecutor.java:412)
	at com.kms.katalon.core.main.TestCaseExecutor.accessMainPhase(TestCaseExecutor.java:404)
	at com.kms.katalon.core.main.TestCaseExecutor.execute(TestCaseExecutor.java:281)
	at com.kms.katalon.core.main.TestCaseExecutor.execute(TestCaseExecutor.java:363)
	at com.kms.katalon.core.main.TestCaseExecutor.execute(TestCaseExecutor.java:363)
	at com.kms.katalon.core.main.TestCaseExecutor.execute(TestCaseExecutor.java:363)
	at com.kms.katalon.core.main.TestSuiteExecutor.accessTestCaseMainPhase(TestSuiteExecutor.java:202)
	at com.kms.katalon.core.main.TestSuiteExecutor.accessTestSuiteMainPhase(TestSuiteExecutor.java:164)
	at com.kms.katalon.core.main.TestSuiteExecutor.execute(TestSuiteExecutor.java:105)
	at com.kms.katalon.core.main.TestCaseMain.startTestSuite(TestCaseMain.java:181)
	at com.kms.katalon.core.main.TestCaseMain$startTestSuite$0.call(Unknown Source)
	at TempTestSuite1642408138931.run(TempTestSuite1642408138931.groovy:36)
Caused by: org.openqa.selenium.ElementNotInteractableException: element not interactable
  (Session info: chrome=97.0.4692.71)
Build info: version: '3.141.59', revision: 'e82be7d358', time: '2018-11-14T08:25:53'
System info: host: 'DESKTOP-G2F0VIE', ip: '192.168.1.9', os.name: 'Windows 10', os.arch: 'amd64', os.version: '10.0', java.version: '1.8.0_282'
Driver info: com.kms.katalon.selenium.driver.CChromeDriver
Capabilities {acceptInsecureCerts: false, browserName: chrome, browserVersion: 97.0.4692.71, chrome: {chromedriverVersion: 97.0.4692.71 (adefa7837d02a..., userDataDir: C:\Users\banh\AppData\Local...}, goog:chromeOptions: {debuggerAddress: localhost:63780}, javascriptEnabled: true, networkConnectionEnabled: false, pageLoadStrategy: normal, platform: WINDOWS, platformName: WINDOWS, proxy: Proxy(), setWindowRect: true, strictFileInteractability: false, timeouts: {implicit: 0, pageLoad: 300000, script: 30000}, unhandledPromptBehavior: dismiss and notify, webauthn:extension:credBlob: true, webauthn:extension:largeBlob: true, webauthn:virtualAuthenticators: true}
Session ID: e918ca889a87a7df62ea6de3cd242fcc
	at org.openqa.selenium.remote.http.W3CHttpResponseCodec.createException(W3CHttpResponseCodec.java:187)
	at org.openqa.selenium.remote.http.W3CHttpResponseCodec.decode(W3CHttpResponseCodec.java:122)
	at org.openqa.selenium.remote.http.W3CHttpResponseCodec.decode(W3CHttpResponseCodec.java:49)
	at org.openqa.selenium.remote.HttpCommandExecutor.execute(HttpCommandExecutor.java:158)
	at org.openqa.selenium.remote.service.DriverCommandExecutor.execute(DriverCommandExecutor.java:83)
	at org.openqa.selenium.remote.RemoteWebDriver.execute(RemoteWebDriver.java:552)
	at com.kms.katalon.selenium.driver.CChromeDriver.execute(CChromeDriver.java:19)
	at org.openqa.selenium.remote.RemoteWebElement.execute(RemoteWebElement.java:285)
	at org.openqa.selenium.remote.RemoteWebElement.clear(RemoteWebElement.java:124)
	at org.openqa.selenium.support.events.EventFiringWebDriver$EventFiringWebElement.lambda$new$0(EventFiringWebDriver.java:404)
	at com.sun.proxy.$Proxy11.clear(Unknown Source)
	at org.openqa.selenium.support.events.EventFiringWebDriver$EventFiringWebElement.clear(EventFiringWebDriver.java:436)
	at com.kms.katalon.core.webui.keyword.builtin.SetTextKeyword$_setText_closure1.doCall(SetTextKeyword.groovy:53)
	at com.kms.katalon.core.webui.keyword.builtin.SetTextKeyword$_setText_closure1.call(SetTextKeyword.groovy)
	at com.kms.katalon.core.webui.keyword.internal.WebUIKeywordMain.runKeyword(WebUIKeywordMain.groovy:20)
	... 22 more
"/>
         <system-out><![CDATA[2022-01-17 16:49:58 - [TEST_CASE][FAILED] - Test Cases/Create course/Create course with existed shortname: Test Cases/Create course/Create course with existed shortname FAILED.
Reason:
com.kms.katalon.core.exception.StepFailedException: Unable to set text 'Nhập môn lập trình' of object 'Object Repository/Create course/Page_Moodle Thm kho hc mi/input_Tn y_fullname'
	at com.kms.katalon.core.webui.keyword.internal.WebUIKeywordMain.stepFailed(WebUIKeywordMain.groovy:64)
	at com.kms.katalon.core.webui.keyword.internal.WebUIKeywordMain.runKeyword(WebUIKeywordMain.groovy:26)
	at com.kms.katalon.core.webui.keyword.builtin.SetTextKeyword.setText(SetTextKeyword.groovy:66)
	at com.kms.katalon.core.webui.keyword.builtin.SetTextKeyword.execute(SetTextKeyword.groovy:37)
	at com.kms.katalon.core.keyword.internal.KeywordExecutor.executeKeywordForPlatform(KeywordExecutor.groovy:74)
	at com.kms.katalon.core.webui.keyword.WebUiBuiltInKeywords.setText(WebUiBuiltInKeywords.groovy:980)
	at com.kms.katalon.core.webui.keyword.WebUiBuiltInKeywords$setText$2.call(Unknown Source)
	at Create course with existed shortname.run(Create course with existed shortname:43)
	at com.kms.katalon.core.main.ScriptEngine.run(ScriptEngine.java:194)
	at com.kms.katalon.core.main.ScriptEngine.runScriptAsRawText(ScriptEngine.java:119)
	at com.kms.katalon.core.main.TestCaseExecutor.runScript(TestCaseExecutor.java:442)
	at com.kms.katalon.core.main.TestCaseExecutor.doExecute(TestCaseExecutor.java:433)
	at com.kms.katalon.core.main.TestCaseExecutor.processExecutionPhase(TestCaseExecutor.java:412)
	at com.kms.katalon.core.main.TestCaseExecutor.accessMainPhase(TestCaseExecutor.java:404)
	at com.kms.katalon.core.main.TestCaseExecutor.execute(TestCaseExecutor.java:281)
	at com.kms.katalon.core.main.TestCaseExecutor.execute(TestCaseExecutor.java:363)
	at com.kms.katalon.core.main.TestCaseExecutor.execute(TestCaseExecutor.java:363)
	at com.kms.katalon.core.main.TestCaseExecutor.execute(TestCaseExecutor.java:363)
	at com.kms.katalon.core.main.TestSuiteExecutor.accessTestCaseMainPhase(TestSuiteExecutor.java:202)
	at com.kms.katalon.core.main.TestSuiteExecutor.accessTestSuiteMainPhase(TestSuiteExecutor.java:164)
	at com.kms.katalon.core.main.TestSuiteExecutor.execute(TestSuiteExecutor.java:105)
	at com.kms.katalon.core.main.TestCaseMain.startTestSuite(TestCaseMain.java:181)
	at com.kms.katalon.core.main.TestCaseMain$startTestSuite$0.call(Unknown Source)
	at TempTestSuite1642408138931.run(TempTestSuite1642408138931.groovy:36)
Caused by: org.openqa.selenium.ElementNotInteractableException: element not interactable
  (Session info: chrome=97.0.4692.71)
Build info: version: '3.141.59', revision: 'e82be7d358', time: '2018-11-14T08:25:53'
System info: host: 'DESKTOP-G2F0VIE', ip: '192.168.1.9', os.name: 'Windows 10', os.arch: 'amd64', os.version: '10.0', java.version: '1.8.0_282'
Driver info: com.kms.katalon.selenium.driver.CChromeDriver
Capabilities {acceptInsecureCerts: false, browserName: chrome, browserVersion: 97.0.4692.71, chrome: {chromedriverVersion: 97.0.4692.71 (adefa7837d02a..., userDataDir: C:\Users\banh\AppData\Local...}, goog:chromeOptions: {debuggerAddress: localhost:63780}, javascriptEnabled: true, networkConnectionEnabled: false, pageLoadStrategy: normal, platform: WINDOWS, platformName: WINDOWS, proxy: Proxy(), setWindowRect: true, strictFileInteractability: false, timeouts: {implicit: 0, pageLoad: 300000, script: 30000}, unhandledPromptBehavior: dismiss and notify, webauthn:extension:credBlob: true, webauthn:extension:largeBlob: true, webauthn:virtualAuthenticators: true}
Session ID: e918ca889a87a7df62ea6de3cd242fcc
	at org.openqa.selenium.remote.http.W3CHttpResponseCodec.createException(W3CHttpResponseCodec.java:187)
	at org.openqa.selenium.remote.http.W3CHttpResponseCodec.decode(W3CHttpResponseCodec.java:122)
	at org.openqa.selenium.remote.http.W3CHttpResponseCodec.decode(W3CHttpResponseCodec.java:49)
	at org.openqa.selenium.remote.HttpCommandExecutor.execute(HttpCommandExecutor.java:158)
	at org.openqa.selenium.remote.service.DriverCommandExecutor.execute(DriverCommandExecutor.java:83)
	at org.openqa.selenium.remote.RemoteWebDriver.execute(RemoteWebDriver.java:552)
	at com.kms.katalon.selenium.driver.CChromeDriver.execute(CChromeDriver.java:19)
	at org.openqa.selenium.remote.RemoteWebElement.execute(RemoteWebElement.java:285)
	at org.openqa.selenium.remote.RemoteWebElement.clear(RemoteWebElement.java:124)
	at org.openqa.selenium.support.events.EventFiringWebDriver$EventFiringWebElement.lambda$new$0(EventFiringWebDriver.java:404)
	at com.sun.proxy.$Proxy11.clear(Unknown Source)
	at org.openqa.selenium.support.events.EventFiringWebDriver$EventFiringWebElement.clear(EventFiringWebDriver.java:436)
	at com.kms.katalon.core.webui.keyword.builtin.SetTextKeyword$_setText_closure1.doCall(SetTextKeyword.groovy:53)
	at com.kms.katalon.core.webui.keyword.builtin.SetTextKeyword$_setText_closure1.call(SetTextKeyword.groovy)
	at com.kms.katalon.core.webui.keyword.internal.WebUIKeywordMain.runKeyword(WebUIKeywordMain.groovy:20)
	... 22 more


2022-01-17 16:49:58 - [TEST_STEP][PASSED] - openBrowser(""): Browser is opened with url: ''

2022-01-17 16:49:58 - [MESSAGE][WARNING] - A browser is already opened. Closing browser and opening a new one

2022-01-17 16:49:59 - [MESSAGE][INFO] - Starting 'Chrome' driver

2022-01-17 16:49:59 - [MESSAGE][INFO] - Action delay is set to 0 milliseconds

2022-01-17 16:50:01 - [MESSAGE][PASSED] - Browser is opened with url: ''

2022-01-17 16:50:01 - [TEST_STEP][PASSED] - navigateToUrl("http://localhost/"): Navigate to 'http://localhost/' successfully

2022-01-17 16:50:01 - [MESSAGE][PASSED] - Navigate to 'http://localhost/' successfully

2022-01-17 16:50:01 - [TEST_STEP][PASSED] - callTestCase(findTestCase("Utils/Login as admin"), [:], STOP_ON_FAILURE): Call Test Case 'Test Cases/Utils/Login as admin' successfully

2022-01-17 16:50:01 - [TEST_CASE][PASSED] - Test Cases/Utils/Login as admin: Test Cases/Utils/Login as admin

2022-01-17 16:50:01 - [TEST_STEP][PASSED] - click(findTestObject("View course grade/Page_Local Moodle/a_Log in")): Object: 'Object Repository/View course grade/Page_Local Moodle/a_Log in' is clicked on

2022-01-17 16:50:02 - [MESSAGE][PASSED] - Object: 'Object Repository/View course grade/Page_Local Moodle/a_Log in' is clicked on

2022-01-17 16:50:02 - [TEST_STEP][PASSED] - setText(findTestObject("View course grade/Page_Local Moodle Log in to the site/input_Username_username"), "admin"): Text 'admin' is set on object 'Object Repository/View course grade/Page_Local Moodle Log in to the site/input_Username_username'

2022-01-17 16:50:03 - [MESSAGE][PASSED] - Text 'admin' is set on object 'Object Repository/View course grade/Page_Local Moodle Log in to the site/input_Username_username'

2022-01-17 16:50:03 - [TEST_STEP][PASSED] - setEncryptedText(findTestObject("View course grade/Page_Local Moodle Log in to the site/input_Password_password"), "bfAykA/oWJ09FXmiKh6lyuuLu8QhG1K5"): Text ****** has been set on object 'Object Repository/View course grade/Page_Local Moodle Log in to the site/input_Password_password'

2022-01-17 16:50:03 - [MESSAGE][PASSED] - Text ****** has been set on object 'Object Repository/View course grade/Page_Local Moodle Log in to the site/input_Password_password'

2022-01-17 16:50:03 - [TEST_STEP][PASSED] - click(findTestObject("View course grade/Page_Local Moodle Log in to the site/button_Log in")): Object: 'Object Repository/View course grade/Page_Local Moodle Log in to the site/button_Log in' is clicked on

2022-01-17 16:50:06 - [MESSAGE][PASSED] - Object: 'Object Repository/View course grade/Page_Local Moodle Log in to the site/button_Log in' is clicked on

2022-01-17 16:50:06 - [MESSAGE][PASSED] - Call Test Case 'Test Cases/Utils/Login as admin' successfully

2022-01-17 16:50:06 - [TEST_STEP][PASSED] - click(findTestObject("Object Repository/Create course/Page_Nh ca ti/span_Qun tr khu vc")): Object: 'Object Repository/Create course/Page_Nh ca ti/span_Qun tr khu vc' is clicked on

2022-01-17 16:50:09 - [MESSAGE][PASSED] - Object: 'Object Repository/Create course/Page_Nh ca ti/span_Qun tr khu vc' is clicked on

2022-01-17 16:50:09 - [TEST_STEP][PASSED] - click(findTestObject("Object Repository/Create course/Page_Moodle Khu vc qun tr Tm kim/a_Kho hc")): Object: 'Object Repository/Create course/Page_Moodle Khu vc qun tr Tm kim/a_Kho hc' is clicked on

2022-01-17 16:50:10 - [MESSAGE][PASSED] - Object: 'Object Repository/Create course/Page_Moodle Khu vc qun tr Tm kim/a_Kho hc' is clicked on

2022-01-17 16:50:10 - [TEST_STEP][PASSED] - click(findTestObject("Object Repository/Create course/Page_Moodle Khu vc qun tr Tm kim/a_Thmsa cc kho hc")): Object: 'Object Repository/Create course/Page_Moodle Khu vc qun tr Tm kim/a_Thmsa cc kho hc' is clicked on

2022-01-17 16:50:11 - [MESSAGE][PASSED] - Object: 'Object Repository/Create course/Page_Moodle Khu vc qun tr Tm kim/a_Thmsa cc kho hc' is clicked on

2022-01-17 16:50:11 - [TEST_STEP][PASSED] - click(findTestObject("Object Repository/Create course/Page_Qun l kha hc v danh mc kha hc/a_To kha hc mi")): Object: 'Object Repository/Create course/Page_Qun l kha hc v danh mc kha hc/a_To kha hc mi' is clicked on

2022-01-17 16:50:17 - [MESSAGE][INFO] - Unable to find the element located by 'By.xpath: //div[@id='yui_3_17_2_1_1641387355327_57']/div/div/a'. Please recheck the objects properties to make sure the desired element is located. 

2022-01-17 16:50:17 - [MESSAGE][WARNING] - [SELF-HEALING] Failed to find element with id 'Object Repository/Create course/Page_Qun l kha hc v danh mc kha hc/a_To kha hc mi'. Try using Self-healing.

2022-01-17 16:50:17 - [MESSAGE][WARNING] - [SELF-HEALING] The current locator of test object 'Object Repository/Create course/Page_Qun l kha hc v danh mc kha hc/a_To kha hc mi' was broken. Propose an alternative one: '//a[contains(text(),'Tạo khóa học mới')]'.

2022-01-17 16:50:18 - [MESSAGE][PASSED] - Object: 'Object Repository/Create course/Page_Qun l kha hc v danh mc kha hc/a_To kha hc mi' is clicked on

2022-01-17 16:50:18 - [TEST_STEP][PASSED] - setText(findTestObject("Object Repository/Create course/Page_Moodle Thm kho hc mi/input_Tn y_fullname"), "Nhập môn lập trình"): Text 'Nhập môn lập trình' is set on object 'Object Repository/Create course/Page_Moodle Thm kho hc mi/input_Tn y_fullname'

2022-01-17 16:50:20 - [MESSAGE][PASSED] - Text 'Nhập môn lập trình' is set on object 'Object Repository/Create course/Page_Moodle Thm kho hc mi/input_Tn y_fullname'

2022-01-17 16:50:20 - [TEST_STEP][PASSED] - setText(findTestObject("Object Repository/Create course/Page_Moodle Thm kho hc mi/input_Tn rt gn ca kho hc_shortname"), "NMLT"): Text 'NMLT' is set on object 'Object Repository/Create course/Page_Moodle Thm kho hc mi/input_Tn rt gn ca kho hc_shortname'

2022-01-17 16:50:21 - [MESSAGE][PASSED] - Text 'NMLT' is set on object 'Object Repository/Create course/Page_Moodle Thm kho hc mi/input_Tn rt gn ca kho hc_shortname'

2022-01-17 16:50:21 - [TEST_STEP][PASSED] - click(findTestObject("Object Repository/Create course/Page_Moodle Thm kho hc mi/input__saveandreturn")): Object: 'Object Repository/Create course/Page_Moodle Thm kho hc mi/input__saveandreturn' is clicked on

2022-01-17 16:50:23 - [MESSAGE][PASSED] - Object: 'Object Repository/Create course/Page_Moodle Thm kho hc mi/input__saveandreturn' is clicked on

2022-01-17 16:50:23 - [TEST_STEP][PASSED] - click(findTestObject("Object Repository/Create course/Page_Qun l kha hc v danh mc kha hc/a_To kha hc mi")): Object: 'Object Repository/Create course/Page_Qun l kha hc v danh mc kha hc/a_To kha hc mi' is clicked on

2022-01-17 16:50:29 - [MESSAGE][INFO] - Unable to find the element located by 'By.xpath: //div[@id='yui_3_17_2_1_1641387355327_57']/div/div/a'. Please recheck the objects properties to make sure the desired element is located. 

2022-01-17 16:50:29 - [MESSAGE][WARNING] - [SELF-HEALING] Failed to find element with id 'Object Repository/Create course/Page_Qun l kha hc v danh mc kha hc/a_To kha hc mi'. Try using Self-healing.

2022-01-17 16:50:30 - [MESSAGE][INFO] - Unable to find the element located by 'By.xpath: //a[contains(text(),'Tạo khóa học mới')]'. Please recheck the objects properties to make sure the desired element is located. 

2022-01-17 16:50:31 - [MESSAGE][WARNING] - [SELF-HEALING] The current locator of test object 'Object Repository/Create course/Page_Qun l kha hc v danh mc kha hc/a_To kha hc mi' was broken. Propose an alternative one: '//div[2]/div/div/div/a'.

2022-01-17 16:50:31 - [MESSAGE][PASSED] - Object: 'Object Repository/Create course/Page_Qun l kha hc v danh mc kha hc/a_To kha hc mi' is clicked on

2022-01-17 16:50:31 - [TEST_STEP][FAILED] - setText(findTestObject("Object Repository/Create course/Page_Moodle Thm kho hc mi/input_Tn y_fullname"), "Nhập môn lập trình"): Unable to set text 'Nhập môn lập trình' of object 'Object Repository/Create course/Page_Moodle Thm kho hc mi/input_Tn y_fullname' (Root cause: com.kms.katalon.core.exception.StepFailedException: Unable to set text 'Nhập môn lập trình' of object 'Object Repository/Create course/Page_Moodle Thm kho hc mi/input_Tn y_fullname'
	at com.kms.katalon.core.webui.keyword.internal.WebUIKeywordMain.stepFailed(WebUIKeywordMain.groovy:64)
	at com.kms.katalon.core.webui.keyword.internal.WebUIKeywordMain.runKeyword(WebUIKeywordMain.groovy:26)
	at com.kms.katalon.core.webui.keyword.builtin.SetTextKeyword.setText(SetTextKeyword.groovy:66)
	at com.kms.katalon.core.webui.keyword.builtin.SetTextKeyword.execute(SetTextKeyword.groovy:37)
	at com.kms.katalon.core.keyword.internal.KeywordExecutor.executeKeywordForPlatform(KeywordExecutor.groovy:74)
	at com.kms.katalon.core.webui.keyword.WebUiBuiltInKeywords.setText(WebUiBuiltInKeywords.groovy:980)
	at com.kms.katalon.core.webui.keyword.WebUiBuiltInKeywords$setText$2.call(Unknown Source)
	at Create course with existed shortname.run(Create course with existed shortname:43)
	at com.kms.katalon.core.main.ScriptEngine.run(ScriptEngine.java:194)
	at com.kms.katalon.core.main.ScriptEngine.runScriptAsRawText(ScriptEngine.java:119)
	at com.kms.katalon.core.main.TestCaseExecutor.runScript(TestCaseExecutor.java:442)
	at com.kms.katalon.core.main.TestCaseExecutor.doExecute(TestCaseExecutor.java:433)
	at com.kms.katalon.core.main.TestCaseExecutor.processExecutionPhase(TestCaseExecutor.java:412)
	at com.kms.katalon.core.main.TestCaseExecutor.accessMainPhase(TestCaseExecutor.java:404)
	at com.kms.katalon.core.main.TestCaseExecutor.execute(TestCaseExecutor.java:281)
	at com.kms.katalon.core.main.TestCaseExecutor.execute(TestCaseExecutor.java:363)
	at com.kms.katalon.core.main.TestCaseExecutor.execute(TestCaseExecutor.java:363)
	at com.kms.katalon.core.main.TestCaseExecutor.execute(TestCaseExecutor.java:363)
	at com.kms.katalon.core.main.TestSuiteExecutor.accessTestCaseMainPhase(TestSuiteExecutor.java:202)
	at com.kms.katalon.core.main.TestSuiteExecutor.accessTestSuiteMainPhase(TestSuiteExecutor.java:164)
	at com.kms.katalon.core.main.TestSuiteExecutor.execute(TestSuiteExecutor.java:105)
	at com.kms.katalon.core.main.TestCaseMain.startTestSuite(TestCaseMain.java:181)
	at com.kms.katalon.core.main.TestCaseMain$startTestSuite$0.call(Unknown Source)
	at TempTestSuite1642408138931.run(TempTestSuite1642408138931.groovy:36)
Caused by: org.openqa.selenium.ElementNotInteractableException: element not interactable
  (Session info: chrome=97.0.4692.71)
Build info: version: '3.141.59', revision: 'e82be7d358', time: '2018-11-14T08:25:53'
System info: host: 'DESKTOP-G2F0VIE', ip: '192.168.1.9', os.name: 'Windows 10', os.arch: 'amd64', os.version: '10.0', java.version: '1.8.0_282'
Driver info: com.kms.katalon.selenium.driver.CChromeDriver
Capabilities {acceptInsecureCerts: false, browserName: chrome, browserVersion: 97.0.4692.71, chrome: {chromedriverVersion: 97.0.4692.71 (adefa7837d02a..., userDataDir: C:\Users\banh\AppData\Local...}, goog:chromeOptions: {debuggerAddress: localhost:63780}, javascriptEnabled: true, networkConnectionEnabled: false, pageLoadStrategy: normal, platform: WINDOWS, platformName: WINDOWS, proxy: Proxy(), setWindowRect: true, strictFileInteractability: false, timeouts: {implicit: 0, pageLoad: 300000, script: 30000}, unhandledPromptBehavior: dismiss and notify, webauthn:extension:credBlob: true, webauthn:extension:largeBlob: true, webauthn:virtualAuthenticators: true}
Session ID: e918ca889a87a7df62ea6de3cd242fcc
	at org.openqa.selenium.remote.http.W3CHttpResponseCodec.createException(W3CHttpResponseCodec.java:187)
	at org.openqa.selenium.remote.http.W3CHttpResponseCodec.decode(W3CHttpResponseCodec.java:122)
	at org.openqa.selenium.remote.http.W3CHttpResponseCodec.decode(W3CHttpResponseCodec.java:49)
	at org.openqa.selenium.remote.HttpCommandExecutor.execute(HttpCommandExecutor.java:158)
	at org.openqa.selenium.remote.service.DriverCommandExecutor.execute(DriverCommandExecutor.java:83)
	at org.openqa.selenium.remote.RemoteWebDriver.execute(RemoteWebDriver.java:552)
	at com.kms.katalon.selenium.driver.CChromeDriver.execute(CChromeDriver.java:19)
	at org.openqa.selenium.remote.RemoteWebElement.execute(RemoteWebElement.java:285)
	at org.openqa.selenium.remote.RemoteWebElement.clear(RemoteWebElement.java:124)
	at org.openqa.selenium.support.events.EventFiringWebDriver$EventFiringWebElement.lambda$new$0(EventFiringWebDriver.java:404)
	at com.sun.proxy.$Proxy11.clear(Unknown Source)
	at org.openqa.selenium.support.events.EventFiringWebDriver$EventFiringWebElement.clear(EventFiringWebDriver.java:436)
	at com.kms.katalon.core.webui.keyword.builtin.SetTextKeyword$_setText_closure1.doCall(SetTextKeyword.groovy:53)
	at com.kms.katalon.core.webui.keyword.builtin.SetTextKeyword$_setText_closure1.call(SetTextKeyword.groovy)
	at com.kms.katalon.core.webui.keyword.internal.WebUIKeywordMain.runKeyword(WebUIKeywordMain.groovy:20)
	at com.kms.katalon.core.webui.keyword.builtin.SetTextKeyword.setText(SetTextKeyword.groovy:66)
	at com.kms.katalon.core.webui.keyword.builtin.SetTextKeyword.execute(SetTextKeyword.groovy:37)
	at com.kms.katalon.core.keyword.internal.KeywordExecutor.executeKeywordForPlatform(KeywordExecutor.groovy:74)
	at com.kms.katalon.core.webui.keyword.WebUiBuiltInKeywords.setText(WebUiBuiltInKeywords.groovy:980)
	at com.kms.katalon.core.webui.keyword.WebUiBuiltInKeywords$setText$2.call(Unknown Source)
	at Script1641912513955.run(Script1641912513955.groovy:43)
	... 16 more
)

2022-01-17 16:50:32 - [MESSAGE][FAILED] - Unable to set text 'Nhập môn lập trình' of object 'Object Repository/Create course/Page_Moodle Thm kho hc mi/input_Tn y_fullname' (Root cause: com.kms.katalon.core.exception.StepFailedException: Unable to set text 'Nhập môn lập trình' of object 'Object Repository/Create course/Page_Moodle Thm kho hc mi/input_Tn y_fullname'
	at com.kms.katalon.core.webui.keyword.internal.WebUIKeywordMain.stepFailed(WebUIKeywordMain.groovy:64)
	at com.kms.katalon.core.webui.keyword.internal.WebUIKeywordMain.runKeyword(WebUIKeywordMain.groovy:26)
	at com.kms.katalon.core.webui.keyword.builtin.SetTextKeyword.setText(SetTextKeyword.groovy:66)
	at com.kms.katalon.core.webui.keyword.builtin.SetTextKeyword.execute(SetTextKeyword.groovy:37)
	at com.kms.katalon.core.keyword.internal.KeywordExecutor.executeKeywordForPlatform(KeywordExecutor.groovy:74)
	at com.kms.katalon.core.webui.keyword.WebUiBuiltInKeywords.setText(WebUiBuiltInKeywords.groovy:980)
	at com.kms.katalon.core.webui.keyword.WebUiBuiltInKeywords$setText$2.call(Unknown Source)
	at Create course with existed shortname.run(Create course with existed shortname:43)
	at com.kms.katalon.core.main.ScriptEngine.run(ScriptEngine.java:194)
	at com.kms.katalon.core.main.ScriptEngine.runScriptAsRawText(ScriptEngine.java:119)
	at com.kms.katalon.core.main.TestCaseExecutor.runScript(TestCaseExecutor.java:442)
	at com.kms.katalon.core.main.TestCaseExecutor.doExecute(TestCaseExecutor.java:433)
	at com.kms.katalon.core.main.TestCaseExecutor.processExecutionPhase(TestCaseExecutor.java:412)
	at com.kms.katalon.core.main.TestCaseExecutor.accessMainPhase(TestCaseExecutor.java:404)
	at com.kms.katalon.core.main.TestCaseExecutor.execute(TestCaseExecutor.java:281)
	at com.kms.katalon.core.main.TestCaseExecutor.execute(TestCaseExecutor.java:363)
	at com.kms.katalon.core.main.TestCaseExecutor.execute(TestCaseExecutor.java:363)
	at com.kms.katalon.core.main.TestCaseExecutor.execute(TestCaseExecutor.java:363)
	at com.kms.katalon.core.main.TestSuiteExecutor.accessTestCaseMainPhase(TestSuiteExecutor.java:202)
	at com.kms.katalon.core.main.TestSuiteExecutor.accessTestSuiteMainPhase(TestSuiteExecutor.java:164)
	at com.kms.katalon.core.main.TestSuiteExecutor.execute(TestSuiteExecutor.java:105)
	at com.kms.katalon.core.main.TestCaseMain.startTestSuite(TestCaseMain.java:181)
	at com.kms.katalon.core.main.TestCaseMain$startTestSuite$0.call(Unknown Source)
	at TempTestSuite1642408138931.run(TempTestSuite1642408138931.groovy:36)
Caused by: org.openqa.selenium.ElementNotInteractableException: element not interactable
  (Session info: chrome=97.0.4692.71)
Build info: version: '3.141.59', revision: 'e82be7d358', time: '2018-11-14T08:25:53'
System info: host: 'DESKTOP-G2F0VIE', ip: '192.168.1.9', os.name: 'Windows 10', os.arch: 'amd64', os.version: '10.0', java.version: '1.8.0_282'
Driver info: com.kms.katalon.selenium.driver.CChromeDriver
Capabilities {acceptInsecureCerts: false, browserName: chrome, browserVersion: 97.0.4692.71, chrome: {chromedriverVersion: 97.0.4692.71 (adefa7837d02a..., userDataDir: C:\Users\banh\AppData\Local...}, goog:chromeOptions: {debuggerAddress: localhost:63780}, javascriptEnabled: true, networkConnectionEnabled: false, pageLoadStrategy: normal, platform: WINDOWS, platformName: WINDOWS, proxy: Proxy(), setWindowRect: true, strictFileInteractability: false, timeouts: {implicit: 0, pageLoad: 300000, script: 30000}, unhandledPromptBehavior: dismiss and notify, webauthn:extension:credBlob: true, webauthn:extension:largeBlob: true, webauthn:virtualAuthenticators: true}
Session ID: e918ca889a87a7df62ea6de3cd242fcc
	at org.openqa.selenium.remote.http.W3CHttpResponseCodec.createException(W3CHttpResponseCodec.java:187)
	at org.openqa.selenium.remote.http.W3CHttpResponseCodec.decode(W3CHttpResponseCodec.java:122)
	at org.openqa.selenium.remote.http.W3CHttpResponseCodec.decode(W3CHttpResponseCodec.java:49)
	at org.openqa.selenium.remote.HttpCommandExecutor.execute(HttpCommandExecutor.java:158)
	at org.openqa.selenium.remote.service.DriverCommandExecutor.execute(DriverCommandExecutor.java:83)
	at org.openqa.selenium.remote.RemoteWebDriver.execute(RemoteWebDriver.java:552)
	at com.kms.katalon.selenium.driver.CChromeDriver.execute(CChromeDriver.java:19)
	at org.openqa.selenium.remote.RemoteWebElement.execute(RemoteWebElement.java:285)
	at org.openqa.selenium.remote.RemoteWebElement.clear(RemoteWebElement.java:124)
	at org.openqa.selenium.support.events.EventFiringWebDriver$EventFiringWebElement.lambda$new$0(EventFiringWebDriver.java:404)
	at com.sun.proxy.$Proxy11.clear(Unknown Source)
	at org.openqa.selenium.support.events.EventFiringWebDriver$EventFiringWebElement.clear(EventFiringWebDriver.java:436)
	at com.kms.katalon.core.webui.keyword.builtin.SetTextKeyword$_setText_closure1.doCall(SetTextKeyword.groovy:53)
	at com.kms.katalon.core.webui.keyword.builtin.SetTextKeyword$_setText_closure1.call(SetTextKeyword.groovy)
	at com.kms.katalon.core.webui.keyword.internal.WebUIKeywordMain.runKeyword(WebUIKeywordMain.groovy:20)
	at com.kms.katalon.core.webui.keyword.builtin.SetTextKeyword.setText(SetTextKeyword.groovy:66)
	at com.kms.katalon.core.webui.keyword.builtin.SetTextKeyword.execute(SetTextKeyword.groovy:37)
	at com.kms.katalon.core.keyword.internal.KeywordExecutor.executeKeywordForPlatform(KeywordExecutor.groovy:74)
	at com.kms.katalon.core.webui.keyword.WebUiBuiltInKeywords.setText(WebUiBuiltInKeywords.groovy:980)
	at com.kms.katalon.core.webui.keyword.WebUiBuiltInKeywords$setText$2.call(Unknown Source)
	at Script1641912513955.run(Script1641912513955.groovy:43)
	... 16 more
)
[[ATTACHMENT|D:\\Cong-Binh Le\\xampp\\htdocs\\moodle\\Test Automation - SE Bonus\\Reports\\20220117_152858\\Run All Test Cases\\20220117_152858\\1642413032286.png]]]]></system-out>
         <system-err><![CDATA[2022-01-17 16:49:58 - [TEST_CASE][FAILED] - Test Cases/Create course/Create course with existed shortname: Test Cases/Create course/Create course with existed shortname FAILED.
Reason:
com.kms.katalon.core.exception.StepFailedException: Unable to set text 'Nhập môn lập trình' of object 'Object Repository/Create course/Page_Moodle Thm kho hc mi/input_Tn y_fullname'
	at com.kms.katalon.core.webui.keyword.internal.WebUIKeywordMain.stepFailed(WebUIKeywordMain.groovy:64)
	at com.kms.katalon.core.webui.keyword.internal.WebUIKeywordMain.runKeyword(WebUIKeywordMain.groovy:26)
	at com.kms.katalon.core.webui.keyword.builtin.SetTextKeyword.setText(SetTextKeyword.groovy:66)
	at com.kms.katalon.core.webui.keyword.builtin.SetTextKeyword.execute(SetTextKeyword.groovy:37)
	at com.kms.katalon.core.keyword.internal.KeywordExecutor.executeKeywordForPlatform(KeywordExecutor.groovy:74)
	at com.kms.katalon.core.webui.keyword.WebUiBuiltInKeywords.setText(WebUiBuiltInKeywords.groovy:980)
	at com.kms.katalon.core.webui.keyword.WebUiBuiltInKeywords$setText$2.call(Unknown Source)
	at Create course with existed shortname.run(Create course with existed shortname:43)
	at com.kms.katalon.core.main.ScriptEngine.run(ScriptEngine.java:194)
	at com.kms.katalon.core.main.ScriptEngine.runScriptAsRawText(ScriptEngine.java:119)
	at com.kms.katalon.core.main.TestCaseExecutor.runScript(TestCaseExecutor.java:442)
	at com.kms.katalon.core.main.TestCaseExecutor.doExecute(TestCaseExecutor.java:433)
	at com.kms.katalon.core.main.TestCaseExecutor.processExecutionPhase(TestCaseExecutor.java:412)
	at com.kms.katalon.core.main.TestCaseExecutor.accessMainPhase(TestCaseExecutor.java:404)
	at com.kms.katalon.core.main.TestCaseExecutor.execute(TestCaseExecutor.java:281)
	at com.kms.katalon.core.main.TestCaseExecutor.execute(TestCaseExecutor.java:363)
	at com.kms.katalon.core.main.TestCaseExecutor.execute(TestCaseExecutor.java:363)
	at com.kms.katalon.core.main.TestCaseExecutor.execute(TestCaseExecutor.java:363)
	at com.kms.katalon.core.main.TestSuiteExecutor.accessTestCaseMainPhase(TestSuiteExecutor.java:202)
	at com.kms.katalon.core.main.TestSuiteExecutor.accessTestSuiteMainPhase(TestSuiteExecutor.java:164)
	at com.kms.katalon.core.main.TestSuiteExecutor.execute(TestSuiteExecutor.java:105)
	at com.kms.katalon.core.main.TestCaseMain.startTestSuite(TestCaseMain.java:181)
	at com.kms.katalon.core.main.TestCaseMain$startTestSuite$0.call(Unknown Source)
	at TempTestSuite1642408138931.run(TempTestSuite1642408138931.groovy:36)
Caused by: org.openqa.selenium.ElementNotInteractableException: element not interactable
  (Session info: chrome=97.0.4692.71)
Build info: version: '3.141.59', revision: 'e82be7d358', time: '2018-11-14T08:25:53'
System info: host: 'DESKTOP-G2F0VIE', ip: '192.168.1.9', os.name: 'Windows 10', os.arch: 'amd64', os.version: '10.0', java.version: '1.8.0_282'
Driver info: com.kms.katalon.selenium.driver.CChromeDriver
Capabilities {acceptInsecureCerts: false, browserName: chrome, browserVersion: 97.0.4692.71, chrome: {chromedriverVersion: 97.0.4692.71 (adefa7837d02a..., userDataDir: C:\Users\banh\AppData\Local...}, goog:chromeOptions: {debuggerAddress: localhost:63780}, javascriptEnabled: true, networkConnectionEnabled: false, pageLoadStrategy: normal, platform: WINDOWS, platformName: WINDOWS, proxy: Proxy(), setWindowRect: true, strictFileInteractability: false, timeouts: {implicit: 0, pageLoad: 300000, script: 30000}, unhandledPromptBehavior: dismiss and notify, webauthn:extension:credBlob: true, webauthn:extension:largeBlob: true, webauthn:virtualAuthenticators: true}
Session ID: e918ca889a87a7df62ea6de3cd242fcc
	at org.openqa.selenium.remote.http.W3CHttpResponseCodec.createException(W3CHttpResponseCodec.java:187)
	at org.openqa.selenium.remote.http.W3CHttpResponseCodec.decode(W3CHttpResponseCodec.java:122)
	at org.openqa.selenium.remote.http.W3CHttpResponseCodec.decode(W3CHttpResponseCodec.java:49)
	at org.openqa.selenium.remote.HttpCommandExecutor.execute(HttpCommandExecutor.java:158)
	at org.openqa.selenium.remote.service.DriverCommandExecutor.execute(DriverCommandExecutor.java:83)
	at org.openqa.selenium.remote.RemoteWebDriver.execute(RemoteWebDriver.java:552)
	at com.kms.katalon.selenium.driver.CChromeDriver.execute(CChromeDriver.java:19)
	at org.openqa.selenium.remote.RemoteWebElement.execute(RemoteWebElement.java:285)
	at org.openqa.selenium.remote.RemoteWebElement.clear(RemoteWebElement.java:124)
	at org.openqa.selenium.support.events.EventFiringWebDriver$EventFiringWebElement.lambda$new$0(EventFiringWebDriver.java:404)
	at com.sun.proxy.$Proxy11.clear(Unknown Source)
	at org.openqa.selenium.support.events.EventFiringWebDriver$EventFiringWebElement.clear(EventFiringWebDriver.java:436)
	at com.kms.katalon.core.webui.keyword.builtin.SetTextKeyword$_setText_closure1.doCall(SetTextKeyword.groovy:53)
	at com.kms.katalon.core.webui.keyword.builtin.SetTextKeyword$_setText_closure1.call(SetTextKeyword.groovy)
	at com.kms.katalon.core.webui.keyword.internal.WebUIKeywordMain.runKeyword(WebUIKeywordMain.groovy:20)
	... 22 more]]></system-err>
      </testcase>
      <testcase name="Test Cases/Create course/Create course without fullname" time="24.349" classname="Test Cases/Create course/Create course without fullname" status="PASSED">
         <system-out><![CDATA[2022-01-17 16:50:32 - [TEST_CASE][PASSED] - Test Cases/Create course/Create course without fullname: Test Cases/Create course/Create course without fullname

2022-01-17 16:50:33 - [TEST_STEP][PASSED] - openBrowser(""): Browser is opened with url: ''

2022-01-17 16:50:33 - [MESSAGE][WARNING] - A browser is already opened. Closing browser and opening a new one

2022-01-17 16:50:33 - [MESSAGE][INFO] - Starting 'Chrome' driver

2022-01-17 16:50:33 - [MESSAGE][INFO] - Action delay is set to 0 milliseconds

2022-01-17 16:50:35 - [MESSAGE][PASSED] - Browser is opened with url: ''

2022-01-17 16:50:35 - [TEST_STEP][PASSED] - navigateToUrl("http://localhost/"): Navigate to 'http://localhost/' successfully

2022-01-17 16:50:35 - [MESSAGE][PASSED] - Navigate to 'http://localhost/' successfully

2022-01-17 16:50:35 - [TEST_STEP][PASSED] - callTestCase(findTestCase("Utils/Login as admin"), [:], STOP_ON_FAILURE): Call Test Case 'Test Cases/Utils/Login as admin' successfully

2022-01-17 16:50:35 - [TEST_CASE][PASSED] - Test Cases/Utils/Login as admin: Test Cases/Utils/Login as admin

2022-01-17 16:50:35 - [TEST_STEP][PASSED] - click(findTestObject("View course grade/Page_Local Moodle/a_Log in")): Object: 'Object Repository/View course grade/Page_Local Moodle/a_Log in' is clicked on

2022-01-17 16:50:36 - [MESSAGE][PASSED] - Object: 'Object Repository/View course grade/Page_Local Moodle/a_Log in' is clicked on

2022-01-17 16:50:36 - [TEST_STEP][PASSED] - setText(findTestObject("View course grade/Page_Local Moodle Log in to the site/input_Username_username"), "admin"): Text 'admin' is set on object 'Object Repository/View course grade/Page_Local Moodle Log in to the site/input_Username_username'

2022-01-17 16:50:37 - [MESSAGE][PASSED] - Text 'admin' is set on object 'Object Repository/View course grade/Page_Local Moodle Log in to the site/input_Username_username'

2022-01-17 16:50:37 - [TEST_STEP][PASSED] - setEncryptedText(findTestObject("View course grade/Page_Local Moodle Log in to the site/input_Password_password"), "bfAykA/oWJ09FXmiKh6lyuuLu8QhG1K5"): Text ****** has been set on object 'Object Repository/View course grade/Page_Local Moodle Log in to the site/input_Password_password'

2022-01-17 16:50:38 - [MESSAGE][PASSED] - Text ****** has been set on object 'Object Repository/View course grade/Page_Local Moodle Log in to the site/input_Password_password'

2022-01-17 16:50:38 - [TEST_STEP][PASSED] - click(findTestObject("View course grade/Page_Local Moodle Log in to the site/button_Log in")): Object: 'Object Repository/View course grade/Page_Local Moodle Log in to the site/button_Log in' is clicked on

2022-01-17 16:50:40 - [MESSAGE][PASSED] - Object: 'Object Repository/View course grade/Page_Local Moodle Log in to the site/button_Log in' is clicked on

2022-01-17 16:50:40 - [MESSAGE][PASSED] - Call Test Case 'Test Cases/Utils/Login as admin' successfully

2022-01-17 16:50:40 - [TEST_STEP][PASSED] - click(findTestObject("Utils/Page_Nh ca ti (1)/a_QuanTriKhuVuc")): Object: 'Object Repository/Utils/Page_Nh ca ti (1)/a_QuanTriKhuVuc' is clicked on

2022-01-17 16:50:43 - [MESSAGE][PASSED] - Object: 'Object Repository/Utils/Page_Nh ca ti (1)/a_QuanTriKhuVuc' is clicked on

2022-01-17 16:50:43 - [TEST_STEP][PASSED] - click(findTestObject("Create course/Page_Moodle Khu vc qun tr Tm kim/a_KhoaHoc")): Object: 'Object Repository/Create course/Page_Moodle Khu vc qun tr Tm kim/a_KhoaHoc' is clicked on

2022-01-17 16:50:44 - [MESSAGE][PASSED] - Object: 'Object Repository/Create course/Page_Moodle Khu vc qun tr Tm kim/a_KhoaHoc' is clicked on

2022-01-17 16:50:44 - [TEST_STEP][PASSED] - click(findTestObject("Create course/Page_Moodle Khu vc qun tr Tm kim/a_ThemSuaKhoaHoc")): Object: 'Object Repository/Create course/Page_Moodle Khu vc qun tr Tm kim/a_ThemSuaKhoaHoc' is clicked on

2022-01-17 16:50:45 - [MESSAGE][PASSED] - Object: 'Object Repository/Create course/Page_Moodle Khu vc qun tr Tm kim/a_ThemSuaKhoaHoc' is clicked on

2022-01-17 16:50:45 - [TEST_STEP][PASSED] - click(findTestObject("Create course/Page_Qun l kha hc v danh mc kha hc/a_TaoKhoaHocMoi")): Object: 'Object Repository/Create course/Page_Qun l kha hc v danh mc kha hc/a_TaoKhoaHocMoi' is clicked on

2022-01-17 16:50:51 - [MESSAGE][INFO] - Unable to find the element located by 'By.xpath: //div[@id='yui_3_17_2_1_1641271251047_65']/div/div/a'. Please recheck the objects properties to make sure the desired element is located. 

2022-01-17 16:50:51 - [MESSAGE][WARNING] - [SELF-HEALING] Failed to find element with id 'Object Repository/Create course/Page_Qun l kha hc v danh mc kha hc/a_TaoKhoaHocMoi'. Try using Self-healing.

2022-01-17 16:50:52 - [MESSAGE][WARNING] - [SELF-HEALING] The current locator of test object 'Object Repository/Create course/Page_Qun l kha hc v danh mc kha hc/a_TaoKhoaHocMoi' was broken. Propose an alternative one: '//a[contains(text(),'Tạo khóa học mới')]'.

2022-01-17 16:50:53 - [MESSAGE][PASSED] - Object: 'Object Repository/Create course/Page_Qun l kha hc v danh mc kha hc/a_TaoKhoaHocMoi' is clicked on

2022-01-17 16:50:53 - [TEST_STEP][PASSED] - setText(findTestObject("Create course/Page_Moodle Thm kho hc mi/input_TenRutGon"), "NMLT"): Text 'NMLT' is set on object 'Object Repository/Create course/Page_Moodle Thm kho hc mi/input_TenRutGon'

2022-01-17 16:50:55 - [MESSAGE][PASSED] - Text 'NMLT' is set on object 'Object Repository/Create course/Page_Moodle Thm kho hc mi/input_TenRutGon'

2022-01-17 16:50:55 - [TEST_STEP][PASSED] - click(findTestObject("Create course/Page_Moodle Thm kho hc mi/input__LuuVaQuayLai")): Object: 'Object Repository/Create course/Page_Moodle Thm kho hc mi/input__LuuVaQuayLai' is clicked on

2022-01-17 16:50:55 - [MESSAGE][PASSED] - Object: 'Object Repository/Create course/Page_Moodle Thm kho hc mi/input__LuuVaQuayLai' is clicked on

2022-01-17 16:50:55 - [TEST_STEP][PASSED] - verifyElementText(findTestObject("Create course/Page_Moodle Thm kho hc mi/div_- ConThieuHoTenDayDu"), "- Còn thiếu họ tên đầy đủ"): Actual text and expected text of test object 'Object Repository/Create course/Page_Moodle Thm kho hc mi/div_- ConThieuHoTenDayDu' are matched.

2022-01-17 16:50:56 - [MESSAGE][PASSED] - Actual text and expected text of test object 'Object Repository/Create course/Page_Moodle Thm kho hc mi/div_- ConThieuHoTenDayDu' are matched.

2022-01-17 16:50:56 - [TEST_STEP][PASSED] - closeBrowser(): Browser is closed

2022-01-17 16:50:56 - [MESSAGE][PASSED] - Browser is closed]]></system-out>
         <system-err><![CDATA[]]></system-err>
      </testcase>
      <testcase name="Test Cases/Create course/Create course without shortname" time="23.25" classname="Test Cases/Create course/Create course without shortname" status="PASSED">
         <system-out><![CDATA[2022-01-17 16:50:56 - [TEST_CASE][PASSED] - Test Cases/Create course/Create course without shortname: Test Cases/Create course/Create course without shortname

2022-01-17 16:50:57 - [TEST_STEP][PASSED] - openBrowser(""): Browser is opened with url: ''

2022-01-17 16:50:57 - [MESSAGE][INFO] - Starting 'Chrome' driver

2022-01-17 16:50:57 - [MESSAGE][INFO] - Action delay is set to 0 milliseconds

2022-01-17 16:50:58 - [MESSAGE][PASSED] - Browser is opened with url: ''

2022-01-17 16:50:58 - [TEST_STEP][PASSED] - navigateToUrl("http://localhost/"): Navigate to 'http://localhost/' successfully

2022-01-17 16:50:59 - [MESSAGE][PASSED] - Navigate to 'http://localhost/' successfully

2022-01-17 16:50:59 - [TEST_STEP][PASSED] - callTestCase(findTestCase("Utils/Login as admin"), [:], STOP_ON_FAILURE): Call Test Case 'Test Cases/Utils/Login as admin' successfully

2022-01-17 16:50:59 - [TEST_CASE][PASSED] - Test Cases/Utils/Login as admin: Test Cases/Utils/Login as admin

2022-01-17 16:50:59 - [TEST_STEP][PASSED] - click(findTestObject("View course grade/Page_Local Moodle/a_Log in")): Object: 'Object Repository/View course grade/Page_Local Moodle/a_Log in' is clicked on

2022-01-17 16:51:00 - [MESSAGE][PASSED] - Object: 'Object Repository/View course grade/Page_Local Moodle/a_Log in' is clicked on

2022-01-17 16:51:00 - [TEST_STEP][PASSED] - setText(findTestObject("View course grade/Page_Local Moodle Log in to the site/input_Username_username"), "admin"): Text 'admin' is set on object 'Object Repository/View course grade/Page_Local Moodle Log in to the site/input_Username_username'

2022-01-17 16:51:01 - [MESSAGE][PASSED] - Text 'admin' is set on object 'Object Repository/View course grade/Page_Local Moodle Log in to the site/input_Username_username'

2022-01-17 16:51:01 - [TEST_STEP][PASSED] - setEncryptedText(findTestObject("View course grade/Page_Local Moodle Log in to the site/input_Password_password"), "bfAykA/oWJ09FXmiKh6lyuuLu8QhG1K5"): Text ****** has been set on object 'Object Repository/View course grade/Page_Local Moodle Log in to the site/input_Password_password'

2022-01-17 16:51:01 - [MESSAGE][PASSED] - Text ****** has been set on object 'Object Repository/View course grade/Page_Local Moodle Log in to the site/input_Password_password'

2022-01-17 16:51:01 - [TEST_STEP][PASSED] - click(findTestObject("View course grade/Page_Local Moodle Log in to the site/button_Log in")): Object: 'Object Repository/View course grade/Page_Local Moodle Log in to the site/button_Log in' is clicked on

2022-01-17 16:51:04 - [MESSAGE][PASSED] - Object: 'Object Repository/View course grade/Page_Local Moodle Log in to the site/button_Log in' is clicked on

2022-01-17 16:51:04 - [MESSAGE][PASSED] - Call Test Case 'Test Cases/Utils/Login as admin' successfully

2022-01-17 16:51:04 - [TEST_STEP][PASSED] - click(findTestObject("Utils/Page_Nh ca ti (1)/a_QuanTriKhuVuc")): Object: 'Object Repository/Utils/Page_Nh ca ti (1)/a_QuanTriKhuVuc' is clicked on

2022-01-17 16:51:07 - [MESSAGE][PASSED] - Object: 'Object Repository/Utils/Page_Nh ca ti (1)/a_QuanTriKhuVuc' is clicked on

2022-01-17 16:51:07 - [TEST_STEP][PASSED] - click(findTestObject("Create course/Page_Moodle Khu vc qun tr Tm kim/a_KhoaHoc")): Object: 'Object Repository/Create course/Page_Moodle Khu vc qun tr Tm kim/a_KhoaHoc' is clicked on

2022-01-17 16:51:07 - [MESSAGE][PASSED] - Object: 'Object Repository/Create course/Page_Moodle Khu vc qun tr Tm kim/a_KhoaHoc' is clicked on

2022-01-17 16:51:07 - [TEST_STEP][PASSED] - click(findTestObject("Create course/Page_Moodle Khu vc qun tr Tm kim/a_ThemSuaKhoaHoc")): Object: 'Object Repository/Create course/Page_Moodle Khu vc qun tr Tm kim/a_ThemSuaKhoaHoc' is clicked on

2022-01-17 16:51:09 - [MESSAGE][PASSED] - Object: 'Object Repository/Create course/Page_Moodle Khu vc qun tr Tm kim/a_ThemSuaKhoaHoc' is clicked on

2022-01-17 16:51:09 - [TEST_STEP][PASSED] - click(findTestObject("Create course/Page_Qun l kha hc v danh mc kha hc/a_TaoKhoaHocMoi")): Object: 'Object Repository/Create course/Page_Qun l kha hc v danh mc kha hc/a_TaoKhoaHocMoi' is clicked on

2022-01-17 16:51:15 - [MESSAGE][INFO] - Unable to find the element located by 'By.xpath: //div[@id='yui_3_17_2_1_1641271251047_65']/div/div/a'. Please recheck the objects properties to make sure the desired element is located. 

2022-01-17 16:51:15 - [MESSAGE][WARNING] - [SELF-HEALING] Failed to find element with id 'Object Repository/Create course/Page_Qun l kha hc v danh mc kha hc/a_TaoKhoaHocMoi'. Try using Self-healing.

2022-01-17 16:51:15 - [MESSAGE][WARNING] - [SELF-HEALING] The current locator of test object 'Object Repository/Create course/Page_Qun l kha hc v danh mc kha hc/a_TaoKhoaHocMoi' was broken. Propose an alternative one: '//a[contains(text(),'Tạo khóa học mới')]'.

2022-01-17 16:51:16 - [MESSAGE][PASSED] - Object: 'Object Repository/Create course/Page_Qun l kha hc v danh mc kha hc/a_TaoKhoaHocMoi' is clicked on

2022-01-17 16:51:16 - [TEST_STEP][PASSED] - setText(findTestObject("Create course/Page_Moodle Thm kho hc mi/input_TenDayDu"), "Nhập môn Lập trình"): Text 'Nhập môn Lập trình' is set on object 'Object Repository/Create course/Page_Moodle Thm kho hc mi/input_TenDayDu'

2022-01-17 16:51:18 - [MESSAGE][PASSED] - Text 'Nhập môn Lập trình' is set on object 'Object Repository/Create course/Page_Moodle Thm kho hc mi/input_TenDayDu'

2022-01-17 16:51:18 - [TEST_STEP][PASSED] - click(findTestObject("Create course/Page_Moodle Thm kho hc mi/input__LuuVaQuayLai")): Object: 'Object Repository/Create course/Page_Moodle Thm kho hc mi/input__LuuVaQuayLai' is clicked on

2022-01-17 16:51:18 - [MESSAGE][PASSED] - Object: 'Object Repository/Create course/Page_Moodle Thm kho hc mi/input__LuuVaQuayLai' is clicked on

2022-01-17 16:51:18 - [TEST_STEP][PASSED] - verifyElementText(findTestObject("Create course/Page_Moodle Thm kho hc mi/div_- ThieuTenTat"), "- Thiếu tên tắt"): Actual text and expected text of test object 'Object Repository/Create course/Page_Moodle Thm kho hc mi/div_- ThieuTenTat' are matched.

2022-01-17 16:51:19 - [MESSAGE][PASSED] - Actual text and expected text of test object 'Object Repository/Create course/Page_Moodle Thm kho hc mi/div_- ThieuTenTat' are matched.

2022-01-17 16:51:19 - [TEST_STEP][PASSED] - closeBrowser(): Browser is closed

2022-01-17 16:51:20 - [MESSAGE][PASSED] - Browser is closed]]></system-out>
         <system-err><![CDATA[]]></system-err>
      </testcase>
      <testcase name="Test Cases/Create course/Create course without type" time="30.249" classname="Test Cases/Create course/Create course without type" status="PASSED">
         <system-out><![CDATA[2022-01-17 16:51:20 - [TEST_CASE][PASSED] - Test Cases/Create course/Create course without type: Test Cases/Create course/Create course without type

2022-01-17 16:51:20 - [TEST_STEP][PASSED] - openBrowser(""): Browser is opened with url: ''

2022-01-17 16:51:20 - [MESSAGE][INFO] - Starting 'Chrome' driver

2022-01-17 16:51:20 - [MESSAGE][INFO] - Action delay is set to 0 milliseconds

2022-01-17 16:51:22 - [MESSAGE][PASSED] - Browser is opened with url: ''

2022-01-17 16:51:22 - [TEST_STEP][PASSED] - navigateToUrl("http://localhost/"): Navigate to 'http://localhost/' successfully

2022-01-17 16:51:22 - [MESSAGE][PASSED] - Navigate to 'http://localhost/' successfully

2022-01-17 16:51:22 - [TEST_STEP][PASSED] - callTestCase(findTestCase("Utils/Login as admin"), [:], STOP_ON_FAILURE): Call Test Case 'Test Cases/Utils/Login as admin' successfully

2022-01-17 16:51:22 - [TEST_CASE][PASSED] - Test Cases/Utils/Login as admin: Test Cases/Utils/Login as admin

2022-01-17 16:51:22 - [TEST_STEP][PASSED] - click(findTestObject("View course grade/Page_Local Moodle/a_Log in")): Object: 'Object Repository/View course grade/Page_Local Moodle/a_Log in' is clicked on

2022-01-17 16:51:23 - [MESSAGE][PASSED] - Object: 'Object Repository/View course grade/Page_Local Moodle/a_Log in' is clicked on

2022-01-17 16:51:23 - [TEST_STEP][PASSED] - setText(findTestObject("View course grade/Page_Local Moodle Log in to the site/input_Username_username"), "admin"): Text 'admin' is set on object 'Object Repository/View course grade/Page_Local Moodle Log in to the site/input_Username_username'

2022-01-17 16:51:24 - [MESSAGE][PASSED] - Text 'admin' is set on object 'Object Repository/View course grade/Page_Local Moodle Log in to the site/input_Username_username'

2022-01-17 16:51:24 - [TEST_STEP][PASSED] - setEncryptedText(findTestObject("View course grade/Page_Local Moodle Log in to the site/input_Password_password"), "bfAykA/oWJ09FXmiKh6lyuuLu8QhG1K5"): Text ****** has been set on object 'Object Repository/View course grade/Page_Local Moodle Log in to the site/input_Password_password'

2022-01-17 16:51:25 - [MESSAGE][PASSED] - Text ****** has been set on object 'Object Repository/View course grade/Page_Local Moodle Log in to the site/input_Password_password'

2022-01-17 16:51:25 - [TEST_STEP][PASSED] - click(findTestObject("View course grade/Page_Local Moodle Log in to the site/button_Log in")): Object: 'Object Repository/View course grade/Page_Local Moodle Log in to the site/button_Log in' is clicked on

2022-01-17 16:51:26 - [MESSAGE][PASSED] - Object: 'Object Repository/View course grade/Page_Local Moodle Log in to the site/button_Log in' is clicked on

2022-01-17 16:51:26 - [MESSAGE][PASSED] - Call Test Case 'Test Cases/Utils/Login as admin' successfully

2022-01-17 16:51:26 - [TEST_STEP][PASSED] - click(findTestObject("Utils/Page_Nh ca ti (1)/a_QuanTriKhuVuc")): Object: 'Object Repository/Utils/Page_Nh ca ti (1)/a_QuanTriKhuVuc' is clicked on

2022-01-17 16:51:29 - [MESSAGE][PASSED] - Object: 'Object Repository/Utils/Page_Nh ca ti (1)/a_QuanTriKhuVuc' is clicked on

2022-01-17 16:51:29 - [TEST_STEP][PASSED] - click(findTestObject("Create course/Page_Moodle Khu vc qun tr Tm kim/a_KhoaHoc")): Object: 'Object Repository/Create course/Page_Moodle Khu vc qun tr Tm kim/a_KhoaHoc' is clicked on

2022-01-17 16:51:29 - [MESSAGE][PASSED] - Object: 'Object Repository/Create course/Page_Moodle Khu vc qun tr Tm kim/a_KhoaHoc' is clicked on

2022-01-17 16:51:29 - [TEST_STEP][PASSED] - click(findTestObject("Create course/Page_Moodle Khu vc qun tr Tm kim/a_ThemSuaKhoaHoc")): Object: 'Object Repository/Create course/Page_Moodle Khu vc qun tr Tm kim/a_ThemSuaKhoaHoc' is clicked on

2022-01-17 16:51:31 - [MESSAGE][PASSED] - Object: 'Object Repository/Create course/Page_Moodle Khu vc qun tr Tm kim/a_ThemSuaKhoaHoc' is clicked on

2022-01-17 16:51:31 - [TEST_STEP][PASSED] - click(findTestObject("Create course/Page_Qun l kha hc v danh mc kha hc/a_TaoKhoaHocMoi")): Object: 'Object Repository/Create course/Page_Qun l kha hc v danh mc kha hc/a_TaoKhoaHocMoi' is clicked on

2022-01-17 16:51:37 - [MESSAGE][INFO] - Unable to find the element located by 'By.xpath: //div[@id='yui_3_17_2_1_1641271251047_65']/div/div/a'. Please recheck the objects properties to make sure the desired element is located. 

2022-01-17 16:51:37 - [MESSAGE][WARNING] - [SELF-HEALING] Failed to find element with id 'Object Repository/Create course/Page_Qun l kha hc v danh mc kha hc/a_TaoKhoaHocMoi'. Try using Self-healing.

2022-01-17 16:51:37 - [MESSAGE][WARNING] - [SELF-HEALING] The current locator of test object 'Object Repository/Create course/Page_Qun l kha hc v danh mc kha hc/a_TaoKhoaHocMoi' was broken. Propose an alternative one: '//a[contains(text(),'Tạo khóa học mới')]'.

2022-01-17 16:51:39 - [MESSAGE][PASSED] - Object: 'Object Repository/Create course/Page_Qun l kha hc v danh mc kha hc/a_TaoKhoaHocMoi' is clicked on

2022-01-17 16:51:39 - [TEST_STEP][PASSED] - setText(findTestObject("Create course/Page_Moodle Thm kho hc mi/input_TenDayDu"), "Nhập môn lập trình"): Text 'Nhập môn lập trình' is set on object 'Object Repository/Create course/Page_Moodle Thm kho hc mi/input_TenDayDu'

2022-01-17 16:51:40 - [MESSAGE][PASSED] - Text 'Nhập môn lập trình' is set on object 'Object Repository/Create course/Page_Moodle Thm kho hc mi/input_TenDayDu'

2022-01-17 16:51:40 - [TEST_STEP][PASSED] - setText(findTestObject("Create course/Page_Moodle Thm kho hc mi/input_TenRutGon"), "NMLT"): Text 'NMLT' is set on object 'Object Repository/Create course/Page_Moodle Thm kho hc mi/input_TenRutGon'

2022-01-17 16:51:41 - [MESSAGE][PASSED] - Text 'NMLT' is set on object 'Object Repository/Create course/Page_Moodle Thm kho hc mi/input_TenRutGon'

2022-01-17 16:51:41 - [TEST_STEP][PASSED] - click(findTestObject("Create course/Page_Moodle Thm kho hc mi/span_X")): Object: 'Object Repository/Create course/Page_Moodle Thm kho hc mi/span_X' is clicked on

2022-01-17 16:51:47 - [MESSAGE][INFO] - Unable to find the element located by 'By.xpath: //span[@id='form_autocomplete_selection-1641276567420-0']/span'. Please recheck the objects properties to make sure the desired element is located. 

2022-01-17 16:51:47 - [MESSAGE][WARNING] - [SELF-HEALING] Failed to find element with id 'Object Repository/Create course/Page_Moodle Thm kho hc mi/span_X'. Try using Self-healing.

2022-01-17 16:51:48 - [MESSAGE][WARNING] - [SELF-HEALING] The current locator of test object 'Object Repository/Create course/Page_Moodle Thm kho hc mi/span_X' was broken. Propose an alternative one: '(.//*[normalize-space(text()) and normalize-space(.)='Selected items:'])[1]/following::span[2]'.

2022-01-17 16:51:48 - [MESSAGE][PASSED] - Object: 'Object Repository/Create course/Page_Moodle Thm kho hc mi/span_X' is clicked on

2022-01-17 16:51:48 - [TEST_STEP][PASSED] - click(findTestObject("Create course/Page_Moodle Thm kho hc mi/input__LuuVaQuayLai")): Object: 'Object Repository/Create course/Page_Moodle Thm kho hc mi/input__LuuVaQuayLai' is clicked on

2022-01-17 16:51:49 - [MESSAGE][PASSED] - Object: 'Object Repository/Create course/Page_Moodle Thm kho hc mi/input__LuuVaQuayLai' is clicked on

2022-01-17 16:51:49 - [TEST_STEP][PASSED] - verifyElementText(findTestObject("Create course/Page_Moodle Thm kho hc mi/div_- PhaiChonLoaiKhoaHoc"), "- You must supply a value here."): Actual text and expected text of test object 'Object Repository/Create course/Page_Moodle Thm kho hc mi/div_- PhaiChonLoaiKhoaHoc' are matched.

2022-01-17 16:51:49 - [MESSAGE][PASSED] - Actual text and expected text of test object 'Object Repository/Create course/Page_Moodle Thm kho hc mi/div_- PhaiChonLoaiKhoaHoc' are matched.

2022-01-17 16:51:49 - [TEST_STEP][PASSED] - closeBrowser(): Browser is closed

2022-01-17 16:51:50 - [MESSAGE][PASSED] - Browser is closed]]></system-out>
         <system-err><![CDATA[]]></system-err>
      </testcase>
      <testcase name="Test Cases/Create folder and quiz/Create folder without title" time="33.928" classname="Test Cases/Create folder and quiz/Create folder without title" status="FAILED">
         <failure type="FAILED" message="Test Cases/Create folder and quiz/Create folder without title FAILED.
Reason:
com.kms.katalon.core.exception.StepFailedException: Call Test Case 'Test Cases/Utils/Create course CNPM' failed
	at com.kms.katalon.core.keyword.builtin.CallTestCaseKeyword$_callTestCase_closure1.doCall(CallTestCaseKeyword.groovy:63)
	at com.kms.katalon.core.keyword.builtin.CallTestCaseKeyword$_callTestCase_closure1.call(CallTestCaseKeyword.groovy)
	at com.kms.katalon.core.keyword.internal.KeywordMain.runKeyword(KeywordMain.groovy:74)
	at com.kms.katalon.core.keyword.builtin.CallTestCaseKeyword.callTestCase(CallTestCaseKeyword.groovy:81)
	at com.kms.katalon.core.keyword.builtin.CallTestCaseKeyword.execute(CallTestCaseKeyword.groovy:44)
	at com.kms.katalon.core.keyword.internal.KeywordExecutor.executeKeywordForPlatform(KeywordExecutor.groovy:74)
	at com.kms.katalon.core.keyword.BuiltinKeywords.callTestCase(BuiltinKeywords.groovy:334)
	at Create folder without title.run(Create folder without title:24)
	at com.kms.katalon.core.main.ScriptEngine.run(ScriptEngine.java:194)
	at com.kms.katalon.core.main.ScriptEngine.runScriptAsRawText(ScriptEngine.java:119)
	at com.kms.katalon.core.main.TestCaseExecutor.runScript(TestCaseExecutor.java:442)
	at com.kms.katalon.core.main.TestCaseExecutor.doExecute(TestCaseExecutor.java:433)
	at com.kms.katalon.core.main.TestCaseExecutor.processExecutionPhase(TestCaseExecutor.java:412)
	at com.kms.katalon.core.main.TestCaseExecutor.accessMainPhase(TestCaseExecutor.java:404)
	at com.kms.katalon.core.main.TestCaseExecutor.execute(TestCaseExecutor.java:281)
	at com.kms.katalon.core.main.TestCaseExecutor.execute(TestCaseExecutor.java:363)
	at com.kms.katalon.core.main.TestCaseExecutor.execute(TestCaseExecutor.java:363)
	at com.kms.katalon.core.main.TestCaseExecutor.execute(TestCaseExecutor.java:363)
	at com.kms.katalon.core.main.TestSuiteExecutor.accessTestCaseMainPhase(TestSuiteExecutor.java:202)
	at com.kms.katalon.core.main.TestSuiteExecutor.accessTestSuiteMainPhase(TestSuiteExecutor.java:164)
	at com.kms.katalon.core.main.TestSuiteExecutor.execute(TestSuiteExecutor.java:105)
	at com.kms.katalon.core.main.TestCaseMain.startTestSuite(TestCaseMain.java:181)
	at com.kms.katalon.core.main.TestCaseMain$startTestSuite$0.call(Unknown Source)
	at TempTestSuite1642408138931.run(TempTestSuite1642408138931.groovy:36)
Caused by: com.kms.katalon.core.exception.StepFailedException: Unable to click on object 'Object Repository/Utils/Page_CNPM Danh sch thnh vin/input_Danh sch thnh vin_btn btn-secondary my-1'
	at com.kms.katalon.core.webui.keyword.internal.WebUIKeywordMain.stepFailed(WebUIKeywordMain.groovy:64)
	at com.kms.katalon.core.webui.keyword.internal.WebUIKeywordMain.runKeyword(WebUIKeywordMain.groovy:26)
	at com.kms.katalon.core.webui.keyword.builtin.ClickKeyword.click(ClickKeyword.groovy:74)
	at com.kms.katalon.core.webui.keyword.builtin.ClickKeyword.execute(ClickKeyword.groovy:40)
	at com.kms.katalon.core.keyword.internal.KeywordExecutor.executeKeywordForPlatform(KeywordExecutor.groovy:74)
	at com.kms.katalon.core.webui.keyword.WebUiBuiltInKeywords.click(WebUiBuiltInKeywords.groovy:620)
	at com.kms.katalon.core.webui.keyword.WebUiBuiltInKeywords$click$1.call(Unknown Source)
	at Create course CNPM.run(Create course CNPM:36)
	at com.kms.katalon.core.main.ScriptEngine.run(ScriptEngine.java:194)
	at com.kms.katalon.core.main.ScriptEngine.runScriptAsRawText(ScriptEngine.java:119)
	at com.kms.katalon.core.main.TestCaseExecutor.runScript(TestCaseExecutor.java:442)
	at com.kms.katalon.core.main.TestCaseExecutor.doExecute(TestCaseExecutor.java:433)
	at com.kms.katalon.core.main.TestCaseExecutor.processExecutionPhase(TestCaseExecutor.java:412)
	at com.kms.katalon.core.main.TestCaseExecutor.accessMainPhase(TestCaseExecutor.java:404)
	at com.kms.katalon.core.main.TestCaseExecutor.execute(TestCaseExecutor.java:281)
	at com.kms.katalon.core.main.TestCaseMain.runTestCase(TestCaseMain.java:138)
	at com.kms.katalon.core.keyword.builtin.CallTestCaseKeyword$_callTestCase_closure1.doCall(CallTestCaseKeyword.groovy:59)
	... 23 more
Caused by: com.kms.katalon.core.webui.exception.WebElementNotFoundException: Web element with id: 'Object Repository/Utils/Page_CNPM Danh sch thnh vin/input_Danh sch thnh vin_btn btn-secondary my-1' located by '//input[@value='Ghi danh người dùng']' not found
	at com.kms.katalon.core.webui.common.WebUiCommonHelper.findWebElement(WebUiCommonHelper.java:1368)
	at com.kms.katalon.core.webui.keyword.internal.WebUIAbstractKeyword.findWebElement(WebUIAbstractKeyword.groovy:27)
	at com.kms.katalon.core.webui.keyword.builtin.ClickKeyword$_click_closure1.doCall(ClickKeyword.groovy:65)
	at com.kms.katalon.core.webui.keyword.builtin.ClickKeyword$_click_closure1.call(ClickKeyword.groovy)
	at com.kms.katalon.core.webui.keyword.internal.WebUIKeywordMain.runKeyword(WebUIKeywordMain.groovy:20)
	... 38 more
"/>
         <system-out><![CDATA[2022-01-17 16:53:33 - [TEST_CASE][FAILED] - Test Cases/Create folder and quiz/Create folder without title: Test Cases/Create folder and quiz/Create folder without title FAILED.
Reason:
com.kms.katalon.core.exception.StepFailedException: Call Test Case 'Test Cases/Utils/Create course CNPM' failed
	at com.kms.katalon.core.keyword.builtin.CallTestCaseKeyword$_callTestCase_closure1.doCall(CallTestCaseKeyword.groovy:63)
	at com.kms.katalon.core.keyword.builtin.CallTestCaseKeyword$_callTestCase_closure1.call(CallTestCaseKeyword.groovy)
	at com.kms.katalon.core.keyword.internal.KeywordMain.runKeyword(KeywordMain.groovy:74)
	at com.kms.katalon.core.keyword.builtin.CallTestCaseKeyword.callTestCase(CallTestCaseKeyword.groovy:81)
	at com.kms.katalon.core.keyword.builtin.CallTestCaseKeyword.execute(CallTestCaseKeyword.groovy:44)
	at com.kms.katalon.core.keyword.internal.KeywordExecutor.executeKeywordForPlatform(KeywordExecutor.groovy:74)
	at com.kms.katalon.core.keyword.BuiltinKeywords.callTestCase(BuiltinKeywords.groovy:334)
	at Create folder without title.run(Create folder without title:24)
	at com.kms.katalon.core.main.ScriptEngine.run(ScriptEngine.java:194)
	at com.kms.katalon.core.main.ScriptEngine.runScriptAsRawText(ScriptEngine.java:119)
	at com.kms.katalon.core.main.TestCaseExecutor.runScript(TestCaseExecutor.java:442)
	at com.kms.katalon.core.main.TestCaseExecutor.doExecute(TestCaseExecutor.java:433)
	at com.kms.katalon.core.main.TestCaseExecutor.processExecutionPhase(TestCaseExecutor.java:412)
	at com.kms.katalon.core.main.TestCaseExecutor.accessMainPhase(TestCaseExecutor.java:404)
	at com.kms.katalon.core.main.TestCaseExecutor.execute(TestCaseExecutor.java:281)
	at com.kms.katalon.core.main.TestCaseExecutor.execute(TestCaseExecutor.java:363)
	at com.kms.katalon.core.main.TestCaseExecutor.execute(TestCaseExecutor.java:363)
	at com.kms.katalon.core.main.TestCaseExecutor.execute(TestCaseExecutor.java:363)
	at com.kms.katalon.core.main.TestSuiteExecutor.accessTestCaseMainPhase(TestSuiteExecutor.java:202)
	at com.kms.katalon.core.main.TestSuiteExecutor.accessTestSuiteMainPhase(TestSuiteExecutor.java:164)
	at com.kms.katalon.core.main.TestSuiteExecutor.execute(TestSuiteExecutor.java:105)
	at com.kms.katalon.core.main.TestCaseMain.startTestSuite(TestCaseMain.java:181)
	at com.kms.katalon.core.main.TestCaseMain$startTestSuite$0.call(Unknown Source)
	at TempTestSuite1642408138931.run(TempTestSuite1642408138931.groovy:36)
Caused by: com.kms.katalon.core.exception.StepFailedException: Unable to click on object 'Object Repository/Utils/Page_CNPM Danh sch thnh vin/input_Danh sch thnh vin_btn btn-secondary my-1'
	at com.kms.katalon.core.webui.keyword.internal.WebUIKeywordMain.stepFailed(WebUIKeywordMain.groovy:64)
	at com.kms.katalon.core.webui.keyword.internal.WebUIKeywordMain.runKeyword(WebUIKeywordMain.groovy:26)
	at com.kms.katalon.core.webui.keyword.builtin.ClickKeyword.click(ClickKeyword.groovy:74)
	at com.kms.katalon.core.webui.keyword.builtin.ClickKeyword.execute(ClickKeyword.groovy:40)
	at com.kms.katalon.core.keyword.internal.KeywordExecutor.executeKeywordForPlatform(KeywordExecutor.groovy:74)
	at com.kms.katalon.core.webui.keyword.WebUiBuiltInKeywords.click(WebUiBuiltInKeywords.groovy:620)
	at com.kms.katalon.core.webui.keyword.WebUiBuiltInKeywords$click$1.call(Unknown Source)
	at Create course CNPM.run(Create course CNPM:36)
	at com.kms.katalon.core.main.ScriptEngine.run(ScriptEngine.java:194)
	at com.kms.katalon.core.main.ScriptEngine.runScriptAsRawText(ScriptEngine.java:119)
	at com.kms.katalon.core.main.TestCaseExecutor.runScript(TestCaseExecutor.java:442)
	at com.kms.katalon.core.main.TestCaseExecutor.doExecute(TestCaseExecutor.java:433)
	at com.kms.katalon.core.main.TestCaseExecutor.processExecutionPhase(TestCaseExecutor.java:412)
	at com.kms.katalon.core.main.TestCaseExecutor.accessMainPhase(TestCaseExecutor.java:404)
	at com.kms.katalon.core.main.TestCaseExecutor.execute(TestCaseExecutor.java:281)
	at com.kms.katalon.core.main.TestCaseMain.runTestCase(TestCaseMain.java:138)
	at com.kms.katalon.core.keyword.builtin.CallTestCaseKeyword$_callTestCase_closure1.doCall(CallTestCaseKeyword.groovy:59)
	... 23 more
Caused by: com.kms.katalon.core.webui.exception.WebElementNotFoundException: Web element with id: 'Object Repository/Utils/Page_CNPM Danh sch thnh vin/input_Danh sch thnh vin_btn btn-secondary my-1' located by '//input[@value='Ghi danh người dùng']' not found
	at com.kms.katalon.core.webui.common.WebUiCommonHelper.findWebElement(WebUiCommonHelper.java:1368)
	at com.kms.katalon.core.webui.keyword.internal.WebUIAbstractKeyword.findWebElement(WebUIAbstractKeyword.groovy:27)
	at com.kms.katalon.core.webui.keyword.builtin.ClickKeyword$_click_closure1.doCall(ClickKeyword.groovy:65)
	at com.kms.katalon.core.webui.keyword.builtin.ClickKeyword$_click_closure1.call(ClickKeyword.groovy)
	at com.kms.katalon.core.webui.keyword.internal.WebUIKeywordMain.runKeyword(WebUIKeywordMain.groovy:20)
	... 38 more


2022-01-17 16:53:33 - [TEST_STEP][PASSED] - openBrowser(""): Browser is opened with url: ''

2022-01-17 16:53:33 - [MESSAGE][WARNING] - A browser is already opened. Closing browser and opening a new one

2022-01-17 16:53:33 - [MESSAGE][INFO] - Starting 'Chrome' driver

2022-01-17 16:53:33 - [MESSAGE][INFO] - Action delay is set to 0 milliseconds

2022-01-17 16:53:35 - [MESSAGE][PASSED] - Browser is opened with url: ''

2022-01-17 16:53:35 - [TEST_STEP][PASSED] - navigateToUrl("http://localhost/"): Navigate to 'http://localhost/' successfully

2022-01-17 16:53:35 - [MESSAGE][PASSED] - Navigate to 'http://localhost/' successfully

2022-01-17 16:53:35 - [TEST_STEP][FAILED] - callTestCase(findTestCase("Utils/Create course CNPM"), [:], STOP_ON_FAILURE): Unable to call Test Case 'Test Cases/Utils/Create course CNPM' (Root cause: com.kms.katalon.core.exception.StepFailedException: Call Test Case 'Test Cases/Utils/Create course CNPM' failed
	at com.kms.katalon.core.keyword.builtin.CallTestCaseKeyword$_callTestCase_closure1.doCall(CallTestCaseKeyword.groovy:63)
	at com.kms.katalon.core.keyword.builtin.CallTestCaseKeyword$_callTestCase_closure1.call(CallTestCaseKeyword.groovy)
	at com.kms.katalon.core.keyword.internal.KeywordMain.runKeyword(KeywordMain.groovy:74)
	at com.kms.katalon.core.keyword.builtin.CallTestCaseKeyword.callTestCase(CallTestCaseKeyword.groovy:81)
	at com.kms.katalon.core.keyword.builtin.CallTestCaseKeyword.execute(CallTestCaseKeyword.groovy:44)
	at com.kms.katalon.core.keyword.internal.KeywordExecutor.executeKeywordForPlatform(KeywordExecutor.groovy:74)
	at com.kms.katalon.core.keyword.BuiltinKeywords.callTestCase(BuiltinKeywords.groovy:334)
	at Create folder without title.run(Create folder without title:24)
	at com.kms.katalon.core.main.ScriptEngine.run(ScriptEngine.java:194)
	at com.kms.katalon.core.main.ScriptEngine.runScriptAsRawText(ScriptEngine.java:119)
	at com.kms.katalon.core.main.TestCaseExecutor.runScript(TestCaseExecutor.java:442)
	at com.kms.katalon.core.main.TestCaseExecutor.doExecute(TestCaseExecutor.java:433)
	at com.kms.katalon.core.main.TestCaseExecutor.processExecutionPhase(TestCaseExecutor.java:412)
	at com.kms.katalon.core.main.TestCaseExecutor.accessMainPhase(TestCaseExecutor.java:404)
	at com.kms.katalon.core.main.TestCaseExecutor.execute(TestCaseExecutor.java:281)
	at com.kms.katalon.core.main.TestCaseExecutor.execute(TestCaseExecutor.java:363)
	at com.kms.katalon.core.main.TestCaseExecutor.execute(TestCaseExecutor.java:363)
	at com.kms.katalon.core.main.TestCaseExecutor.execute(TestCaseExecutor.java:363)
	at com.kms.katalon.core.main.TestSuiteExecutor.accessTestCaseMainPhase(TestSuiteExecutor.java:202)
	at com.kms.katalon.core.main.TestSuiteExecutor.accessTestSuiteMainPhase(TestSuiteExecutor.java:164)
	at com.kms.katalon.core.main.TestSuiteExecutor.execute(TestSuiteExecutor.java:105)
	at com.kms.katalon.core.main.TestCaseMain.startTestSuite(TestCaseMain.java:181)
	at com.kms.katalon.core.main.TestCaseMain$startTestSuite$0.call(Unknown Source)
	at TempTestSuite1642408138931.run(TempTestSuite1642408138931.groovy:36)
Caused by: com.kms.katalon.core.exception.StepFailedException: Unable to click on object 'Object Repository/Utils/Page_CNPM Danh sch thnh vin/input_Danh sch thnh vin_btn btn-secondary my-1'
	at com.kms.katalon.core.webui.keyword.internal.WebUIKeywordMain.stepFailed(WebUIKeywordMain.groovy:64)
	at com.kms.katalon.core.webui.keyword.internal.WebUIKeywordMain.runKeyword(WebUIKeywordMain.groovy:26)
	at com.kms.katalon.core.webui.keyword.builtin.ClickKeyword.click(ClickKeyword.groovy:74)
	at com.kms.katalon.core.webui.keyword.builtin.ClickKeyword.execute(ClickKeyword.groovy:40)
	at com.kms.katalon.core.keyword.internal.KeywordExecutor.executeKeywordForPlatform(KeywordExecutor.groovy:74)
	at com.kms.katalon.core.webui.keyword.WebUiBuiltInKeywords.click(WebUiBuiltInKeywords.groovy:620)
	at com.kms.katalon.core.webui.keyword.WebUiBuiltInKeywords$click$1.call(Unknown Source)
	at Create course CNPM.run(Create course CNPM:36)
	at com.kms.katalon.core.main.ScriptEngine.run(ScriptEngine.java:194)
	at com.kms.katalon.core.main.ScriptEngine.runScriptAsRawText(ScriptEngine.java:119)
	at com.kms.katalon.core.main.TestCaseExecutor.runScript(TestCaseExecutor.java:442)
	at com.kms.katalon.core.main.TestCaseExecutor.doExecute(TestCaseExecutor.java:433)
	at com.kms.katalon.core.main.TestCaseExecutor.processExecutionPhase(TestCaseExecutor.java:412)
	at com.kms.katalon.core.main.TestCaseExecutor.accessMainPhase(TestCaseExecutor.java:404)
	at com.kms.katalon.core.main.TestCaseExecutor.execute(TestCaseExecutor.java:281)
	at com.kms.katalon.core.main.TestCaseMain.runTestCase(TestCaseMain.java:138)
	at com.kms.katalon.core.keyword.builtin.CallTestCaseKeyword$_callTestCase_closure1.doCall(CallTestCaseKeyword.groovy:59)
	... 23 more
Caused by: com.kms.katalon.core.webui.exception.WebElementNotFoundException: Web element with id: 'Object Repository/Utils/Page_CNPM Danh sch thnh vin/input_Danh sch thnh vin_btn btn-secondary my-1' located by '//input[@value='Ghi danh người dùng']' not found
	at com.kms.katalon.core.webui.common.WebUiCommonHelper.findWebElement(WebUiCommonHelper.java:1368)
	at com.kms.katalon.core.webui.keyword.internal.WebUIAbstractKeyword.findWebElement(WebUIAbstractKeyword.groovy:27)
	at com.kms.katalon.core.webui.keyword.builtin.ClickKeyword$_click_closure1.doCall(ClickKeyword.groovy:65)
	at com.kms.katalon.core.webui.keyword.builtin.ClickKeyword$_click_closure1.call(ClickKeyword.groovy)
	at com.kms.katalon.core.webui.keyword.internal.WebUIKeywordMain.runKeyword(WebUIKeywordMain.groovy:20)
	... 38 more
)

2022-01-17 16:53:35 - [TEST_CASE][FAILED] - Test Cases/Utils/Create course CNPM: Test Cases/Utils/Create course CNPM FAILED.
Reason:
com.kms.katalon.core.exception.StepFailedException: Unable to click on object 'Object Repository/Utils/Page_CNPM Danh sch thnh vin/input_Danh sch thnh vin_btn btn-secondary my-1'
	at com.kms.katalon.core.webui.keyword.internal.WebUIKeywordMain.stepFailed(WebUIKeywordMain.groovy:64)
	at com.kms.katalon.core.webui.keyword.internal.WebUIKeywordMain.runKeyword(WebUIKeywordMain.groovy:26)
	at com.kms.katalon.core.webui.keyword.builtin.ClickKeyword.click(ClickKeyword.groovy:74)
	at com.kms.katalon.core.webui.keyword.builtin.ClickKeyword.execute(ClickKeyword.groovy:40)
	at com.kms.katalon.core.keyword.internal.KeywordExecutor.executeKeywordForPlatform(KeywordExecutor.groovy:74)
	at com.kms.katalon.core.webui.keyword.WebUiBuiltInKeywords.click(WebUiBuiltInKeywords.groovy:620)
	at com.kms.katalon.core.webui.keyword.WebUiBuiltInKeywords$click$1.call(Unknown Source)
	at Create course CNPM.run(Create course CNPM:36)
	at com.kms.katalon.core.main.ScriptEngine.run(ScriptEngine.java:194)
	at com.kms.katalon.core.main.ScriptEngine.runScriptAsRawText(ScriptEngine.java:119)
	at com.kms.katalon.core.main.TestCaseExecutor.runScript(TestCaseExecutor.java:442)
	at com.kms.katalon.core.main.TestCaseExecutor.doExecute(TestCaseExecutor.java:433)
	at com.kms.katalon.core.main.TestCaseExecutor.processExecutionPhase(TestCaseExecutor.java:412)
	at com.kms.katalon.core.main.TestCaseExecutor.accessMainPhase(TestCaseExecutor.java:404)
	at com.kms.katalon.core.main.TestCaseExecutor.execute(TestCaseExecutor.java:281)
	at com.kms.katalon.core.main.TestCaseMain.runTestCase(TestCaseMain.java:138)
	at com.kms.katalon.core.keyword.builtin.CallTestCaseKeyword$_callTestCase_closure1.doCall(CallTestCaseKeyword.groovy:59)
	at com.kms.katalon.core.keyword.builtin.CallTestCaseKeyword$_callTestCase_closure1.call(CallTestCaseKeyword.groovy)
	at com.kms.katalon.core.keyword.internal.KeywordMain.runKeyword(KeywordMain.groovy:74)
	at com.kms.katalon.core.keyword.builtin.CallTestCaseKeyword.callTestCase(CallTestCaseKeyword.groovy:81)
	at com.kms.katalon.core.keyword.builtin.CallTestCaseKeyword.execute(CallTestCaseKeyword.groovy:44)
	at com.kms.katalon.core.keyword.internal.KeywordExecutor.executeKeywordForPlatform(KeywordExecutor.groovy:74)
	at com.kms.katalon.core.keyword.BuiltinKeywords.callTestCase(BuiltinKeywords.groovy:334)
	at Create folder without title.run(Create folder without title:24)
	at com.kms.katalon.core.main.ScriptEngine.run(ScriptEngine.java:194)
	at com.kms.katalon.core.main.ScriptEngine.runScriptAsRawText(ScriptEngine.java:119)
	at com.kms.katalon.core.main.TestCaseExecutor.runScript(TestCaseExecutor.java:442)
	at com.kms.katalon.core.main.TestCaseExecutor.doExecute(TestCaseExecutor.java:433)
	at com.kms.katalon.core.main.TestCaseExecutor.processExecutionPhase(TestCaseExecutor.java:412)
	at com.kms.katalon.core.main.TestCaseExecutor.accessMainPhase(TestCaseExecutor.java:404)
	at com.kms.katalon.core.main.TestCaseExecutor.execute(TestCaseExecutor.java:281)
	at com.kms.katalon.core.main.TestCaseExecutor.execute(TestCaseExecutor.java:363)
	at com.kms.katalon.core.main.TestCaseExecutor.execute(TestCaseExecutor.java:363)
	at com.kms.katalon.core.main.TestCaseExecutor.execute(TestCaseExecutor.java:363)
	at com.kms.katalon.core.main.TestSuiteExecutor.accessTestCaseMainPhase(TestSuiteExecutor.java:202)
	at com.kms.katalon.core.main.TestSuiteExecutor.accessTestSuiteMainPhase(TestSuiteExecutor.java:164)
	at com.kms.katalon.core.main.TestSuiteExecutor.execute(TestSuiteExecutor.java:105)
	at com.kms.katalon.core.main.TestCaseMain.startTestSuite(TestCaseMain.java:181)
	at com.kms.katalon.core.main.TestCaseMain$startTestSuite$0.call(Unknown Source)
	at TempTestSuite1642408138931.run(TempTestSuite1642408138931.groovy:36)
Caused by: com.kms.katalon.core.webui.exception.WebElementNotFoundException: Web element with id: 'Object Repository/Utils/Page_CNPM Danh sch thnh vin/input_Danh sch thnh vin_btn btn-secondary my-1' located by '//input[@value='Ghi danh người dùng']' not found
	at com.kms.katalon.core.webui.common.WebUiCommonHelper.findWebElement(WebUiCommonHelper.java:1368)
	at com.kms.katalon.core.webui.keyword.internal.WebUIAbstractKeyword.findWebElement(WebUIAbstractKeyword.groovy:27)
	at com.kms.katalon.core.webui.keyword.builtin.ClickKeyword$_click_closure1.doCall(ClickKeyword.groovy:65)
	at com.kms.katalon.core.webui.keyword.builtin.ClickKeyword$_click_closure1.call(ClickKeyword.groovy)
	at com.kms.katalon.core.webui.keyword.internal.WebUIKeywordMain.runKeyword(WebUIKeywordMain.groovy:20)
	... 38 more


2022-01-17 16:53:35 - [TEST_STEP][PASSED] - callTestCase(findTestCase("Utils/Login as admin"), [:], STOP_ON_FAILURE): Call Test Case 'Test Cases/Utils/Login as admin' successfully

2022-01-17 16:53:35 - [TEST_CASE][PASSED] - Test Cases/Utils/Login as admin: Test Cases/Utils/Login as admin

2022-01-17 16:53:35 - [TEST_STEP][PASSED] - click(findTestObject("View course grade/Page_Local Moodle/a_Log in")): Object: 'Object Repository/View course grade/Page_Local Moodle/a_Log in' is clicked on

2022-01-17 16:53:36 - [MESSAGE][PASSED] - Object: 'Object Repository/View course grade/Page_Local Moodle/a_Log in' is clicked on

2022-01-17 16:53:36 - [TEST_STEP][PASSED] - setText(findTestObject("View course grade/Page_Local Moodle Log in to the site/input_Username_username"), "admin"): Text 'admin' is set on object 'Object Repository/View course grade/Page_Local Moodle Log in to the site/input_Username_username'

2022-01-17 16:53:37 - [MESSAGE][PASSED] - Text 'admin' is set on object 'Object Repository/View course grade/Page_Local Moodle Log in to the site/input_Username_username'

2022-01-17 16:53:37 - [TEST_STEP][PASSED] - setEncryptedText(findTestObject("View course grade/Page_Local Moodle Log in to the site/input_Password_password"), "bfAykA/oWJ09FXmiKh6lyuuLu8QhG1K5"): Text ****** has been set on object 'Object Repository/View course grade/Page_Local Moodle Log in to the site/input_Password_password'

2022-01-17 16:53:38 - [MESSAGE][PASSED] - Text ****** has been set on object 'Object Repository/View course grade/Page_Local Moodle Log in to the site/input_Password_password'

2022-01-17 16:53:38 - [TEST_STEP][PASSED] - click(findTestObject("View course grade/Page_Local Moodle Log in to the site/button_Log in")): Object: 'Object Repository/View course grade/Page_Local Moodle Log in to the site/button_Log in' is clicked on

2022-01-17 16:53:40 - [MESSAGE][PASSED] - Object: 'Object Repository/View course grade/Page_Local Moodle Log in to the site/button_Log in' is clicked on

2022-01-17 16:53:40 - [MESSAGE][PASSED] - Call Test Case 'Test Cases/Utils/Login as admin' successfully

2022-01-17 16:53:40 - [TEST_STEP][PASSED] - click(findTestObject("Object Repository/Utils/Page_Nh ca ti/span_Qun tr khu vc")): Object: 'Object Repository/Utils/Page_Nh ca ti/span_Qun tr khu vc' is clicked on

2022-01-17 16:53:43 - [MESSAGE][PASSED] - Object: 'Object Repository/Utils/Page_Nh ca ti/span_Qun tr khu vc' is clicked on

2022-01-17 16:53:43 - [TEST_STEP][PASSED] - click(findTestObject("Object Repository/Utils/Page_Moodle Khu vc qun tr Tm kim/a_Kho hc")): Object: 'Object Repository/Utils/Page_Moodle Khu vc qun tr Tm kim/a_Kho hc' is clicked on

2022-01-17 16:53:44 - [MESSAGE][PASSED] - Object: 'Object Repository/Utils/Page_Moodle Khu vc qun tr Tm kim/a_Kho hc' is clicked on

2022-01-17 16:53:44 - [TEST_STEP][PASSED] - click(findTestObject("Object Repository/Utils/Page_Moodle Khu vc qun tr Tm kim/a_Thmsa cc kho hc")): Object: 'Object Repository/Utils/Page_Moodle Khu vc qun tr Tm kim/a_Thmsa cc kho hc' is clicked on

2022-01-17 16:53:45 - [MESSAGE][PASSED] - Object: 'Object Repository/Utils/Page_Moodle Khu vc qun tr Tm kim/a_Thmsa cc kho hc' is clicked on

2022-01-17 16:53:45 - [TEST_STEP][PASSED] - click(findTestObject("Object Repository/Utils/Page_Qun l kha hc v danh mc kha hc/a_To kha hc mi")): Object: 'Object Repository/Utils/Page_Qun l kha hc v danh mc kha hc/a_To kha hc mi' is clicked on

2022-01-17 16:53:51 - [MESSAGE][INFO] - Unable to find the element located by 'By.xpath: //div[@id='yui_3_17_2_1_1641906891631_57']/div/div/a'. Please recheck the objects properties to make sure the desired element is located. 

2022-01-17 16:53:51 - [MESSAGE][WARNING] - [SELF-HEALING] Failed to find element with id 'Object Repository/Utils/Page_Qun l kha hc v danh mc kha hc/a_To kha hc mi'. Try using Self-healing.

2022-01-17 16:53:52 - [MESSAGE][WARNING] - [SELF-HEALING] The current locator of test object 'Object Repository/Utils/Page_Qun l kha hc v danh mc kha hc/a_To kha hc mi' was broken. Propose an alternative one: '//a[contains(text(),'Tạo khóa học mới')]'.

2022-01-17 16:53:53 - [MESSAGE][PASSED] - Object: 'Object Repository/Utils/Page_Qun l kha hc v danh mc kha hc/a_To kha hc mi' is clicked on

2022-01-17 16:53:53 - [TEST_STEP][PASSED] - setText(findTestObject("Object Repository/Utils/Page_Moodle Thm kho hc mi/input_Tn y_fullname"), "Nhập môn Công nghệ phần mềm"): Text 'Nhập môn Công nghệ phần mềm' is set on object 'Object Repository/Utils/Page_Moodle Thm kho hc mi/input_Tn y_fullname'

2022-01-17 16:53:54 - [MESSAGE][PASSED] - Text 'Nhập môn Công nghệ phần mềm' is set on object 'Object Repository/Utils/Page_Moodle Thm kho hc mi/input_Tn y_fullname'

2022-01-17 16:53:54 - [TEST_STEP][PASSED] - setText(findTestObject("Object Repository/Utils/Page_Moodle Thm kho hc mi/input_Tn rt gn ca kho hc_shortname"), "CNPM"): Text 'CNPM' is set on object 'Object Repository/Utils/Page_Moodle Thm kho hc mi/input_Tn rt gn ca kho hc_shortname'

2022-01-17 16:53:55 - [MESSAGE][PASSED] - Text 'CNPM' is set on object 'Object Repository/Utils/Page_Moodle Thm kho hc mi/input_Tn rt gn ca kho hc_shortname'

2022-01-17 16:53:55 - [TEST_STEP][PASSED] - click(findTestObject("Object Repository/Utils/Page_Moodle Thm kho hc mi/input__saveanddisplay")): Object: 'Object Repository/Utils/Page_Moodle Thm kho hc mi/input__saveanddisplay' is clicked on

2022-01-17 16:53:57 - [MESSAGE][PASSED] - Object: 'Object Repository/Utils/Page_Moodle Thm kho hc mi/input__saveanddisplay' is clicked on

2022-01-17 16:53:57 - [TEST_STEP][FAILED] - click(findTestObject("Object Repository/Utils/Page_CNPM Danh sch thnh vin/input_Danh sch thnh vin_btn btn-secondary my-1")): Unable to click on object 'Object Repository/Utils/Page_CNPM Danh sch thnh vin/input_Danh sch thnh vin_btn btn-secondary my-1' (Root cause: com.kms.katalon.core.exception.StepFailedException: Unable to click on object 'Object Repository/Utils/Page_CNPM Danh sch thnh vin/input_Danh sch thnh vin_btn btn-secondary my-1'
	at com.kms.katalon.core.webui.keyword.internal.WebUIKeywordMain.stepFailed(WebUIKeywordMain.groovy:64)
	at com.kms.katalon.core.webui.keyword.internal.WebUIKeywordMain.runKeyword(WebUIKeywordMain.groovy:26)
	at com.kms.katalon.core.webui.keyword.builtin.ClickKeyword.click(ClickKeyword.groovy:74)
	at com.kms.katalon.core.webui.keyword.builtin.ClickKeyword.execute(ClickKeyword.groovy:40)
	at com.kms.katalon.core.keyword.internal.KeywordExecutor.executeKeywordForPlatform(KeywordExecutor.groovy:74)
	at com.kms.katalon.core.webui.keyword.WebUiBuiltInKeywords.click(WebUiBuiltInKeywords.groovy:620)
	at com.kms.katalon.core.webui.keyword.WebUiBuiltInKeywords$click$1.call(Unknown Source)
	at Create course CNPM.run(Create course CNPM:36)
	at com.kms.katalon.core.main.ScriptEngine.run(ScriptEngine.java:194)
	at com.kms.katalon.core.main.ScriptEngine.runScriptAsRawText(ScriptEngine.java:119)
	at com.kms.katalon.core.main.TestCaseExecutor.runScript(TestCaseExecutor.java:442)
	at com.kms.katalon.core.main.TestCaseExecutor.doExecute(TestCaseExecutor.java:433)
	at com.kms.katalon.core.main.TestCaseExecutor.processExecutionPhase(TestCaseExecutor.java:412)
	at com.kms.katalon.core.main.TestCaseExecutor.accessMainPhase(TestCaseExecutor.java:404)
	at com.kms.katalon.core.main.TestCaseExecutor.execute(TestCaseExecutor.java:281)
	at com.kms.katalon.core.main.TestCaseMain.runTestCase(TestCaseMain.java:138)
	at com.kms.katalon.core.keyword.builtin.CallTestCaseKeyword$_callTestCase_closure1.doCall(CallTestCaseKeyword.groovy:59)
	at com.kms.katalon.core.keyword.builtin.CallTestCaseKeyword$_callTestCase_closure1.call(CallTestCaseKeyword.groovy)
	at com.kms.katalon.core.keyword.internal.KeywordMain.runKeyword(KeywordMain.groovy:74)
	at com.kms.katalon.core.keyword.builtin.CallTestCaseKeyword.callTestCase(CallTestCaseKeyword.groovy:81)
	at com.kms.katalon.core.keyword.builtin.CallTestCaseKeyword.execute(CallTestCaseKeyword.groovy:44)
	at com.kms.katalon.core.keyword.internal.KeywordExecutor.executeKeywordForPlatform(KeywordExecutor.groovy:74)
	at com.kms.katalon.core.keyword.BuiltinKeywords.callTestCase(BuiltinKeywords.groovy:334)
	at Create folder without title.run(Create folder without title:24)
	at com.kms.katalon.core.main.ScriptEngine.run(ScriptEngine.java:194)
	at com.kms.katalon.core.main.ScriptEngine.runScriptAsRawText(ScriptEngine.java:119)
	at com.kms.katalon.core.main.TestCaseExecutor.runScript(TestCaseExecutor.java:442)
	at com.kms.katalon.core.main.TestCaseExecutor.doExecute(TestCaseExecutor.java:433)
	at com.kms.katalon.core.main.TestCaseExecutor.processExecutionPhase(TestCaseExecutor.java:412)
	at com.kms.katalon.core.main.TestCaseExecutor.accessMainPhase(TestCaseExecutor.java:404)
	at com.kms.katalon.core.main.TestCaseExecutor.execute(TestCaseExecutor.java:281)
	at com.kms.katalon.core.main.TestCaseExecutor.execute(TestCaseExecutor.java:363)
	at com.kms.katalon.core.main.TestCaseExecutor.execute(TestCaseExecutor.java:363)
	at com.kms.katalon.core.main.TestCaseExecutor.execute(TestCaseExecutor.java:363)
	at com.kms.katalon.core.main.TestSuiteExecutor.accessTestCaseMainPhase(TestSuiteExecutor.java:202)
	at com.kms.katalon.core.main.TestSuiteExecutor.accessTestSuiteMainPhase(TestSuiteExecutor.java:164)
	at com.kms.katalon.core.main.TestSuiteExecutor.execute(TestSuiteExecutor.java:105)
	at com.kms.katalon.core.main.TestCaseMain.startTestSuite(TestCaseMain.java:181)
	at com.kms.katalon.core.main.TestCaseMain$startTestSuite$0.call(Unknown Source)
	at TempTestSuite1642408138931.run(TempTestSuite1642408138931.groovy:36)
Caused by: com.kms.katalon.core.webui.exception.WebElementNotFoundException: Web element with id: 'Object Repository/Utils/Page_CNPM Danh sch thnh vin/input_Danh sch thnh vin_btn btn-secondary my-1' located by '//input[@value='Ghi danh người dùng']' not found
	at com.kms.katalon.core.webui.common.WebUiCommonHelper.findWebElement(WebUiCommonHelper.java:1368)
	at com.kms.katalon.core.webui.keyword.internal.WebUIAbstractKeyword.findWebElement(WebUIAbstractKeyword.groovy:27)
	at com.kms.katalon.core.webui.keyword.builtin.ClickKeyword$_click_closure1.doCall(ClickKeyword.groovy:65)
	at com.kms.katalon.core.webui.keyword.builtin.ClickKeyword$_click_closure1.call(ClickKeyword.groovy)
	at com.kms.katalon.core.webui.keyword.internal.WebUIKeywordMain.runKeyword(WebUIKeywordMain.groovy:20)
	at com.kms.katalon.core.webui.keyword.builtin.ClickKeyword.click(ClickKeyword.groovy:74)
	at com.kms.katalon.core.webui.keyword.builtin.ClickKeyword.execute(ClickKeyword.groovy:40)
	at com.kms.katalon.core.keyword.internal.KeywordExecutor.executeKeywordForPlatform(KeywordExecutor.groovy:74)
	at com.kms.katalon.core.webui.keyword.WebUiBuiltInKeywords.click(WebUiBuiltInKeywords.groovy:620)
	at com.kms.katalon.core.webui.keyword.WebUiBuiltInKeywords$click$1.call(Unknown Source)
	at Script1641906761787.run(Script1641906761787.groovy:36)
	at com.kms.katalon.core.main.ScriptEngine.run(ScriptEngine.java:194)
	at com.kms.katalon.core.main.ScriptEngine.runScriptAsRawText(ScriptEngine.java:119)
	at com.kms.katalon.core.main.TestCaseExecutor.runScript(TestCaseExecutor.java:442)
	at com.kms.katalon.core.main.TestCaseExecutor.doExecute(TestCaseExecutor.java:433)
	at com.kms.katalon.core.main.TestCaseExecutor.processExecutionPhase(TestCaseExecutor.java:412)
	at com.kms.katalon.core.main.TestCaseExecutor.accessMainPhase(TestCaseExecutor.java:404)
	at com.kms.katalon.core.main.TestCaseExecutor.execute(TestCaseExecutor.java:281)
	at com.kms.katalon.core.main.TestCaseMain.runTestCase(TestCaseMain.java:138)
	at com.kms.katalon.core.keyword.builtin.CallTestCaseKeyword$_callTestCase_closure1.doCall(CallTestCaseKeyword.groovy:59)
	at com.kms.katalon.core.keyword.builtin.CallTestCaseKeyword$_callTestCase_closure1.call(CallTestCaseKeyword.groovy)
	at com.kms.katalon.core.keyword.internal.KeywordMain.runKeyword(KeywordMain.groovy:74)
	at com.kms.katalon.core.keyword.builtin.CallTestCaseKeyword.callTestCase(CallTestCaseKeyword.groovy:81)
	at com.kms.katalon.core.keyword.builtin.CallTestCaseKeyword.execute(CallTestCaseKeyword.groovy:44)
	at com.kms.katalon.core.keyword.internal.KeywordExecutor.executeKeywordForPlatform(KeywordExecutor.groovy:74)
	at com.kms.katalon.core.keyword.BuiltinKeywords.callTestCase(BuiltinKeywords.groovy:334)
	at Script1641906223487.run(Script1641906223487.groovy:24)
	... 16 more
)

2022-01-17 16:54:03 - [MESSAGE][INFO] - Unable to find the element located by 'By.xpath: //input[@value='Ghi danh người dùng']'. Please recheck the objects properties to make sure the desired element is located. 

2022-01-17 16:54:03 - [MESSAGE][WARNING] - [SELF-HEALING] Failed to find element with id 'Object Repository/Utils/Page_CNPM Danh sch thnh vin/input_Danh sch thnh vin_btn btn-secondary my-1'. Try using Self-healing.

2022-01-17 16:54:04 - [MESSAGE][INFO] - [SELF-HEALING] Failed Locator: '//input[@value='Ghi danh người dùng']'.

2022-01-17 16:54:04 - [MESSAGE][INFO] - [SELF-HEALING] Failed Locator: '//form[@id='enrolusersbutton-1']/div/input'.

2022-01-17 16:54:04 - [MESSAGE][INFO] - [SELF-HEALING] Working Locator: '//input'.

2022-01-17 16:54:04 - [MESSAGE][ERROR] - [SELF-HEALING] Cannot save screenshot to: D:\Cong-Binh Le\xampp\htdocs\moodle\Test Automation - SE Bonus\Reports\Self-healing, reason: unknown error: unhandled inspector error: {"code":-32000,"message":"Cannot take screenshot with 0 width."}
  (Session info: chrome=97.0.4692.71)
Build info: version: '3.141.59', revision: 'e82be7d358', time: '2018-11-14T08:25:53'
System info: host: 'DESKTOP-G2F0VIE', ip: '192.168.1.9', os.name: 'Windows 10', os.arch: 'amd64', os.version: '10.0', java.version: '1.8.0_282'
Driver info: com.kms.katalon.selenium.driver.CChromeDriver
Capabilities {acceptInsecureCerts: false, browserName: chrome, browserVersion: 97.0.4692.71, chrome: {chromedriverVersion: 97.0.4692.71 (adefa7837d02a..., userDataDir: C:\Users\banh\AppData\Local...}, goog:chromeOptions: {debuggerAddress: localhost:64352}, javascriptEnabled: true, networkConnectionEnabled: false, pageLoadStrategy: normal, platform: WINDOWS, platformName: WINDOWS, proxy: Proxy(), setWindowRect: true, strictFileInteractability: false, timeouts: {implicit: 0, pageLoad: 300000, script: 30000}, unhandledPromptBehavior: dismiss and notify, webauthn:extension:credBlob: true, webauthn:extension:largeBlob: true, webauthn:virtualAuthenticators: true}
Session ID: 4d020e93428961c31a31f0f162621fae.

2022-01-17 16:54:04 - [MESSAGE][ERROR] - [SELF-HEALING] Cannot save screenshot to: D:\Cong-Binh Le\xampp\htdocs\moodle\Test Automation - SE Bonus\Reports\Self-healing, reason: unknown error: unhandled inspector error: {"code":-32000,"message":"Cannot take screenshot with 0 width."}
  (Session info: chrome=97.0.4692.71)
Build info: version: '3.141.59', revision: 'e82be7d358', time: '2018-11-14T08:25:53'
System info: host: 'DESKTOP-G2F0VIE', ip: '192.168.1.9', os.name: 'Windows 10', os.arch: 'amd64', os.version: '10.0', java.version: '1.8.0_282'
Driver info: com.kms.katalon.selenium.driver.CChromeDriver
Capabilities {acceptInsecureCerts: false, browserName: chrome, browserVersion: 97.0.4692.71, chrome: {chromedriverVersion: 97.0.4692.71 (adefa7837d02a..., userDataDir: C:\Users\banh\AppData\Local...}, goog:chromeOptions: {debuggerAddress: localhost:64352}, javascriptEnabled: true, networkConnectionEnabled: false, pageLoadStrategy: normal, platform: WINDOWS, platformName: WINDOWS, proxy: Proxy(), setWindowRect: true, strictFileInteractability: false, timeouts: {implicit: 0, pageLoad: 300000, script: 30000}, unhandledPromptBehavior: dismiss and notify, webauthn:extension:credBlob: true, webauthn:extension:largeBlob: true, webauthn:virtualAuthenticators: true}
Session ID: 4d020e93428961c31a31f0f162621fae.

2022-01-17 16:54:04 - [MESSAGE][WARNING] - [SELF-HEALING] 'other' is different type of Path

2022-01-17 16:54:05 - [MESSAGE][ERROR] - [SELF-HEALING] Cannot save screenshot to: D:\Cong-Binh Le\xampp\htdocs\moodle\Test Automation - SE Bonus\Reports\Self-healing, reason: unknown error: unhandled inspector error: {"code":-32000,"message":"Cannot take screenshot with 0 width."}
  (Session info: chrome=97.0.4692.71)
Build info: version: '3.141.59', revision: 'e82be7d358', time: '2018-11-14T08:25:53'
System info: host: 'DESKTOP-G2F0VIE', ip: '192.168.1.9', os.name: 'Windows 10', os.arch: 'amd64', os.version: '10.0', java.version: '1.8.0_282'
Driver info: com.kms.katalon.selenium.driver.CChromeDriver
Capabilities {acceptInsecureCerts: false, browserName: chrome, browserVersion: 97.0.4692.71, chrome: {chromedriverVersion: 97.0.4692.71 (adefa7837d02a..., userDataDir: C:\Users\banh\AppData\Local...}, goog:chromeOptions: {debuggerAddress: localhost:64352}, javascriptEnabled: true, networkConnectionEnabled: false, pageLoadStrategy: normal, platform: WINDOWS, platformName: WINDOWS, proxy: Proxy(), setWindowRect: true, strictFileInteractability: false, timeouts: {implicit: 0, pageLoad: 300000, script: 30000}, unhandledPromptBehavior: dismiss and notify, webauthn:extension:credBlob: true, webauthn:extension:largeBlob: true, webauthn:virtualAuthenticators: true}
Session ID: 4d020e93428961c31a31f0f162621fae.

2022-01-17 16:54:05 - [MESSAGE][WARNING] - [SELF-HEALING] 'other' is different type of Path

2022-01-17 16:54:06 - [MESSAGE][INFO] - Unable to find the element located by 'By.cssSelector: input.btn.btn-secondary.my-1'. Please recheck the objects properties to make sure the desired element is located. 

2022-01-17 16:54:06 - [MESSAGE][FAILED] - Unable to click on object 'Object Repository/Utils/Page_CNPM Danh sch thnh vin/input_Danh sch thnh vin_btn btn-secondary my-1' (Root cause: com.kms.katalon.core.exception.StepFailedException: Unable to click on object 'Object Repository/Utils/Page_CNPM Danh sch thnh vin/input_Danh sch thnh vin_btn btn-secondary my-1'
	at com.kms.katalon.core.webui.keyword.internal.WebUIKeywordMain.stepFailed(WebUIKeywordMain.groovy:64)
	at com.kms.katalon.core.webui.keyword.internal.WebUIKeywordMain.runKeyword(WebUIKeywordMain.groovy:26)
	at com.kms.katalon.core.webui.keyword.builtin.ClickKeyword.click(ClickKeyword.groovy:74)
	at com.kms.katalon.core.webui.keyword.builtin.ClickKeyword.execute(ClickKeyword.groovy:40)
	at com.kms.katalon.core.keyword.internal.KeywordExecutor.executeKeywordForPlatform(KeywordExecutor.groovy:74)
	at com.kms.katalon.core.webui.keyword.WebUiBuiltInKeywords.click(WebUiBuiltInKeywords.groovy:620)
	at com.kms.katalon.core.webui.keyword.WebUiBuiltInKeywords$click$1.call(Unknown Source)
	at Create course CNPM.run(Create course CNPM:36)
	at com.kms.katalon.core.main.ScriptEngine.run(ScriptEngine.java:194)
	at com.kms.katalon.core.main.ScriptEngine.runScriptAsRawText(ScriptEngine.java:119)
	at com.kms.katalon.core.main.TestCaseExecutor.runScript(TestCaseExecutor.java:442)
	at com.kms.katalon.core.main.TestCaseExecutor.doExecute(TestCaseExecutor.java:433)
	at com.kms.katalon.core.main.TestCaseExecutor.processExecutionPhase(TestCaseExecutor.java:412)
	at com.kms.katalon.core.main.TestCaseExecutor.accessMainPhase(TestCaseExecutor.java:404)
	at com.kms.katalon.core.main.TestCaseExecutor.execute(TestCaseExecutor.java:281)
	at com.kms.katalon.core.main.TestCaseMain.runTestCase(TestCaseMain.java:138)
	at com.kms.katalon.core.keyword.builtin.CallTestCaseKeyword$_callTestCase_closure1.doCall(CallTestCaseKeyword.groovy:59)
	at com.kms.katalon.core.keyword.builtin.CallTestCaseKeyword$_callTestCase_closure1.call(CallTestCaseKeyword.groovy)
	at com.kms.katalon.core.keyword.internal.KeywordMain.runKeyword(KeywordMain.groovy:74)
	at com.kms.katalon.core.keyword.builtin.CallTestCaseKeyword.callTestCase(CallTestCaseKeyword.groovy:81)
	at com.kms.katalon.core.keyword.builtin.CallTestCaseKeyword.execute(CallTestCaseKeyword.groovy:44)
	at com.kms.katalon.core.keyword.internal.KeywordExecutor.executeKeywordForPlatform(KeywordExecutor.groovy:74)
	at com.kms.katalon.core.keyword.BuiltinKeywords.callTestCase(BuiltinKeywords.groovy:334)
	at Create folder without title.run(Create folder without title:24)
	at com.kms.katalon.core.main.ScriptEngine.run(ScriptEngine.java:194)
	at com.kms.katalon.core.main.ScriptEngine.runScriptAsRawText(ScriptEngine.java:119)
	at com.kms.katalon.core.main.TestCaseExecutor.runScript(TestCaseExecutor.java:442)
	at com.kms.katalon.core.main.TestCaseExecutor.doExecute(TestCaseExecutor.java:433)
	at com.kms.katalon.core.main.TestCaseExecutor.processExecutionPhase(TestCaseExecutor.java:412)
	at com.kms.katalon.core.main.TestCaseExecutor.accessMainPhase(TestCaseExecutor.java:404)
	at com.kms.katalon.core.main.TestCaseExecutor.execute(TestCaseExecutor.java:281)
	at com.kms.katalon.core.main.TestCaseExecutor.execute(TestCaseExecutor.java:363)
	at com.kms.katalon.core.main.TestCaseExecutor.execute(TestCaseExecutor.java:363)
	at com.kms.katalon.core.main.TestCaseExecutor.execute(TestCaseExecutor.java:363)
	at com.kms.katalon.core.main.TestSuiteExecutor.accessTestCaseMainPhase(TestSuiteExecutor.java:202)
	at com.kms.katalon.core.main.TestSuiteExecutor.accessTestSuiteMainPhase(TestSuiteExecutor.java:164)
	at com.kms.katalon.core.main.TestSuiteExecutor.execute(TestSuiteExecutor.java:105)
	at com.kms.katalon.core.main.TestCaseMain.startTestSuite(TestCaseMain.java:181)
	at com.kms.katalon.core.main.TestCaseMain$startTestSuite$0.call(Unknown Source)
	at TempTestSuite1642408138931.run(TempTestSuite1642408138931.groovy:36)
Caused by: com.kms.katalon.core.webui.exception.WebElementNotFoundException: Web element with id: 'Object Repository/Utils/Page_CNPM Danh sch thnh vin/input_Danh sch thnh vin_btn btn-secondary my-1' located by '//input[@value='Ghi danh người dùng']' not found
	at com.kms.katalon.core.webui.common.WebUiCommonHelper.findWebElement(WebUiCommonHelper.java:1368)
	at com.kms.katalon.core.webui.keyword.internal.WebUIAbstractKeyword.findWebElement(WebUIAbstractKeyword.groovy:27)
	at com.kms.katalon.core.webui.keyword.builtin.ClickKeyword$_click_closure1.doCall(ClickKeyword.groovy:65)
	at com.kms.katalon.core.webui.keyword.builtin.ClickKeyword$_click_closure1.call(ClickKeyword.groovy)
	at com.kms.katalon.core.webui.keyword.internal.WebUIKeywordMain.runKeyword(WebUIKeywordMain.groovy:20)
	at com.kms.katalon.core.webui.keyword.builtin.ClickKeyword.click(ClickKeyword.groovy:74)
	at com.kms.katalon.core.webui.keyword.builtin.ClickKeyword.execute(ClickKeyword.groovy:40)
	at com.kms.katalon.core.keyword.internal.KeywordExecutor.executeKeywordForPlatform(KeywordExecutor.groovy:74)
	at com.kms.katalon.core.webui.keyword.WebUiBuiltInKeywords.click(WebUiBuiltInKeywords.groovy:620)
	at com.kms.katalon.core.webui.keyword.WebUiBuiltInKeywords$click$1.call(Unknown Source)
	at Script1641906761787.run(Script1641906761787.groovy:36)
	at com.kms.katalon.core.main.ScriptEngine.run(ScriptEngine.java:194)
	at com.kms.katalon.core.main.ScriptEngine.runScriptAsRawText(ScriptEngine.java:119)
	at com.kms.katalon.core.main.TestCaseExecutor.runScript(TestCaseExecutor.java:442)
	at com.kms.katalon.core.main.TestCaseExecutor.doExecute(TestCaseExecutor.java:433)
	at com.kms.katalon.core.main.TestCaseExecutor.processExecutionPhase(TestCaseExecutor.java:412)
	at com.kms.katalon.core.main.TestCaseExecutor.accessMainPhase(TestCaseExecutor.java:404)
	at com.kms.katalon.core.main.TestCaseExecutor.execute(TestCaseExecutor.java:281)
	at com.kms.katalon.core.main.TestCaseMain.runTestCase(TestCaseMain.java:138)
	at com.kms.katalon.core.keyword.builtin.CallTestCaseKeyword$_callTestCase_closure1.doCall(CallTestCaseKeyword.groovy:59)
	at com.kms.katalon.core.keyword.builtin.CallTestCaseKeyword$_callTestCase_closure1.call(CallTestCaseKeyword.groovy)
	at com.kms.katalon.core.keyword.internal.KeywordMain.runKeyword(KeywordMain.groovy:74)
	at com.kms.katalon.core.keyword.builtin.CallTestCaseKeyword.callTestCase(CallTestCaseKeyword.groovy:81)
	at com.kms.katalon.core.keyword.builtin.CallTestCaseKeyword.execute(CallTestCaseKeyword.groovy:44)
	at com.kms.katalon.core.keyword.internal.KeywordExecutor.executeKeywordForPlatform(KeywordExecutor.groovy:74)
	at com.kms.katalon.core.keyword.BuiltinKeywords.callTestCase(BuiltinKeywords.groovy:334)
	at Script1641906223487.run(Script1641906223487.groovy:24)
	... 16 more
)
[[ATTACHMENT|D:\\Cong-Binh Le\\xampp\\htdocs\\moodle\\Test Automation - SE Bonus\\Reports\\20220117_152858\\Run All Test Cases\\20220117_152858\\1642413246576.png]]

2022-01-17 16:54:06 - [MESSAGE][INFO] - 

2022-01-17 16:54:06 - [MESSAGE][INFO] - ===================== Self-healing Report ====================

2022-01-17 16:54:06 - [MESSAGE][INFO] - One of the failed test object locators has been recovered by Self-healing. Please refer to the Self-healing Insights tab for more details.

2022-01-17 16:54:06 - [MESSAGE][INFO] - To learn more about Self-healing, please read https://docs.katalon.com/katalon-studio/docs/self-healing.html

2022-01-17 16:54:06 - [MESSAGE][INFO] - ==============================================================

2022-01-17 16:54:06 - [MESSAGE][FAILED] - Unable to call Test Case 'Test Cases/Utils/Create course CNPM' (Root cause: com.kms.katalon.core.exception.StepFailedException: Call Test Case 'Test Cases/Utils/Create course CNPM' failed
	at com.kms.katalon.core.keyword.builtin.CallTestCaseKeyword$_callTestCase_closure1.doCall(CallTestCaseKeyword.groovy:63)
	at com.kms.katalon.core.keyword.builtin.CallTestCaseKeyword$_callTestCase_closure1.call(CallTestCaseKeyword.groovy)
	at com.kms.katalon.core.keyword.internal.KeywordMain.runKeyword(KeywordMain.groovy:74)
	at com.kms.katalon.core.keyword.builtin.CallTestCaseKeyword.callTestCase(CallTestCaseKeyword.groovy:81)
	at com.kms.katalon.core.keyword.builtin.CallTestCaseKeyword.execute(CallTestCaseKeyword.groovy:44)
	at com.kms.katalon.core.keyword.internal.KeywordExecutor.executeKeywordForPlatform(KeywordExecutor.groovy:74)
	at com.kms.katalon.core.keyword.BuiltinKeywords.callTestCase(BuiltinKeywords.groovy:334)
	at Create folder without title.run(Create folder without title:24)
	at com.kms.katalon.core.main.ScriptEngine.run(ScriptEngine.java:194)
	at com.kms.katalon.core.main.ScriptEngine.runScriptAsRawText(ScriptEngine.java:119)
	at com.kms.katalon.core.main.TestCaseExecutor.runScript(TestCaseExecutor.java:442)
	at com.kms.katalon.core.main.TestCaseExecutor.doExecute(TestCaseExecutor.java:433)
	at com.kms.katalon.core.main.TestCaseExecutor.processExecutionPhase(TestCaseExecutor.java:412)
	at com.kms.katalon.core.main.TestCaseExecutor.accessMainPhase(TestCaseExecutor.java:404)
	at com.kms.katalon.core.main.TestCaseExecutor.execute(TestCaseExecutor.java:281)
	at com.kms.katalon.core.main.TestCaseExecutor.execute(TestCaseExecutor.java:363)
	at com.kms.katalon.core.main.TestCaseExecutor.execute(TestCaseExecutor.java:363)
	at com.kms.katalon.core.main.TestCaseExecutor.execute(TestCaseExecutor.java:363)
	at com.kms.katalon.core.main.TestSuiteExecutor.accessTestCaseMainPhase(TestSuiteExecutor.java:202)
	at com.kms.katalon.core.main.TestSuiteExecutor.accessTestSuiteMainPhase(TestSuiteExecutor.java:164)
	at com.kms.katalon.core.main.TestSuiteExecutor.execute(TestSuiteExecutor.java:105)
	at com.kms.katalon.core.main.TestCaseMain.startTestSuite(TestCaseMain.java:181)
	at com.kms.katalon.core.main.TestCaseMain$startTestSuite$0.call(Unknown Source)
	at TempTestSuite1642408138931.run(TempTestSuite1642408138931.groovy:36)
Caused by: com.kms.katalon.core.exception.StepFailedException: Unable to click on object 'Object Repository/Utils/Page_CNPM Danh sch thnh vin/input_Danh sch thnh vin_btn btn-secondary my-1'
	at com.kms.katalon.core.webui.keyword.internal.WebUIKeywordMain.stepFailed(WebUIKeywordMain.groovy:64)
	at com.kms.katalon.core.webui.keyword.internal.WebUIKeywordMain.runKeyword(WebUIKeywordMain.groovy:26)
	at com.kms.katalon.core.webui.keyword.builtin.ClickKeyword.click(ClickKeyword.groovy:74)
	at com.kms.katalon.core.webui.keyword.builtin.ClickKeyword.execute(ClickKeyword.groovy:40)
	at com.kms.katalon.core.keyword.internal.KeywordExecutor.executeKeywordForPlatform(KeywordExecutor.groovy:74)
	at com.kms.katalon.core.webui.keyword.WebUiBuiltInKeywords.click(WebUiBuiltInKeywords.groovy:620)
	at com.kms.katalon.core.webui.keyword.WebUiBuiltInKeywords$click$1.call(Unknown Source)
	at Create course CNPM.run(Create course CNPM:36)
	at com.kms.katalon.core.main.ScriptEngine.run(ScriptEngine.java:194)
	at com.kms.katalon.core.main.ScriptEngine.runScriptAsRawText(ScriptEngine.java:119)
	at com.kms.katalon.core.main.TestCaseExecutor.runScript(TestCaseExecutor.java:442)
	at com.kms.katalon.core.main.TestCaseExecutor.doExecute(TestCaseExecutor.java:433)
	at com.kms.katalon.core.main.TestCaseExecutor.processExecutionPhase(TestCaseExecutor.java:412)
	at com.kms.katalon.core.main.TestCaseExecutor.accessMainPhase(TestCaseExecutor.java:404)
	at com.kms.katalon.core.main.TestCaseExecutor.execute(TestCaseExecutor.java:281)
	at com.kms.katalon.core.main.TestCaseMain.runTestCase(TestCaseMain.java:138)
	at com.kms.katalon.core.keyword.builtin.CallTestCaseKeyword$_callTestCase_closure1.doCall(CallTestCaseKeyword.groovy:59)
	... 23 more
Caused by: com.kms.katalon.core.webui.exception.WebElementNotFoundException: Web element with id: 'Object Repository/Utils/Page_CNPM Danh sch thnh vin/input_Danh sch thnh vin_btn btn-secondary my-1' located by '//input[@value='Ghi danh người dùng']' not found
	at com.kms.katalon.core.webui.common.WebUiCommonHelper.findWebElement(WebUiCommonHelper.java:1368)
	at com.kms.katalon.core.webui.keyword.internal.WebUIAbstractKeyword.findWebElement(WebUIAbstractKeyword.groovy:27)
	at com.kms.katalon.core.webui.keyword.builtin.ClickKeyword$_click_closure1.doCall(ClickKeyword.groovy:65)
	at com.kms.katalon.core.webui.keyword.builtin.ClickKeyword$_click_closure1.call(ClickKeyword.groovy)
	at com.kms.katalon.core.webui.keyword.internal.WebUIKeywordMain.runKeyword(WebUIKeywordMain.groovy:20)
	... 38 more
)]]></system-out>
         <system-err><![CDATA[2022-01-17 16:53:33 - [TEST_CASE][FAILED] - Test Cases/Create folder and quiz/Create folder without title: Test Cases/Create folder and quiz/Create folder without title FAILED.
Reason:
com.kms.katalon.core.exception.StepFailedException: Call Test Case 'Test Cases/Utils/Create course CNPM' failed
	at com.kms.katalon.core.keyword.builtin.CallTestCaseKeyword$_callTestCase_closure1.doCall(CallTestCaseKeyword.groovy:63)
	at com.kms.katalon.core.keyword.builtin.CallTestCaseKeyword$_callTestCase_closure1.call(CallTestCaseKeyword.groovy)
	at com.kms.katalon.core.keyword.internal.KeywordMain.runKeyword(KeywordMain.groovy:74)
	at com.kms.katalon.core.keyword.builtin.CallTestCaseKeyword.callTestCase(CallTestCaseKeyword.groovy:81)
	at com.kms.katalon.core.keyword.builtin.CallTestCaseKeyword.execute(CallTestCaseKeyword.groovy:44)
	at com.kms.katalon.core.keyword.internal.KeywordExecutor.executeKeywordForPlatform(KeywordExecutor.groovy:74)
	at com.kms.katalon.core.keyword.BuiltinKeywords.callTestCase(BuiltinKeywords.groovy:334)
	at Create folder without title.run(Create folder without title:24)
	at com.kms.katalon.core.main.ScriptEngine.run(ScriptEngine.java:194)
	at com.kms.katalon.core.main.ScriptEngine.runScriptAsRawText(ScriptEngine.java:119)
	at com.kms.katalon.core.main.TestCaseExecutor.runScript(TestCaseExecutor.java:442)
	at com.kms.katalon.core.main.TestCaseExecutor.doExecute(TestCaseExecutor.java:433)
	at com.kms.katalon.core.main.TestCaseExecutor.processExecutionPhase(TestCaseExecutor.java:412)
	at com.kms.katalon.core.main.TestCaseExecutor.accessMainPhase(TestCaseExecutor.java:404)
	at com.kms.katalon.core.main.TestCaseExecutor.execute(TestCaseExecutor.java:281)
	at com.kms.katalon.core.main.TestCaseExecutor.execute(TestCaseExecutor.java:363)
	at com.kms.katalon.core.main.TestCaseExecutor.execute(TestCaseExecutor.java:363)
	at com.kms.katalon.core.main.TestCaseExecutor.execute(TestCaseExecutor.java:363)
	at com.kms.katalon.core.main.TestSuiteExecutor.accessTestCaseMainPhase(TestSuiteExecutor.java:202)
	at com.kms.katalon.core.main.TestSuiteExecutor.accessTestSuiteMainPhase(TestSuiteExecutor.java:164)
	at com.kms.katalon.core.main.TestSuiteExecutor.execute(TestSuiteExecutor.java:105)
	at com.kms.katalon.core.main.TestCaseMain.startTestSuite(TestCaseMain.java:181)
	at com.kms.katalon.core.main.TestCaseMain$startTestSuite$0.call(Unknown Source)
	at TempTestSuite1642408138931.run(TempTestSuite1642408138931.groovy:36)
Caused by: com.kms.katalon.core.exception.StepFailedException: Unable to click on object 'Object Repository/Utils/Page_CNPM Danh sch thnh vin/input_Danh sch thnh vin_btn btn-secondary my-1'
	at com.kms.katalon.core.webui.keyword.internal.WebUIKeywordMain.stepFailed(WebUIKeywordMain.groovy:64)
	at com.kms.katalon.core.webui.keyword.internal.WebUIKeywordMain.runKeyword(WebUIKeywordMain.groovy:26)
	at com.kms.katalon.core.webui.keyword.builtin.ClickKeyword.click(ClickKeyword.groovy:74)
	at com.kms.katalon.core.webui.keyword.builtin.ClickKeyword.execute(ClickKeyword.groovy:40)
	at com.kms.katalon.core.keyword.internal.KeywordExecutor.executeKeywordForPlatform(KeywordExecutor.groovy:74)
	at com.kms.katalon.core.webui.keyword.WebUiBuiltInKeywords.click(WebUiBuiltInKeywords.groovy:620)
	at com.kms.katalon.core.webui.keyword.WebUiBuiltInKeywords$click$1.call(Unknown Source)
	at Create course CNPM.run(Create course CNPM:36)
	at com.kms.katalon.core.main.ScriptEngine.run(ScriptEngine.java:194)
	at com.kms.katalon.core.main.ScriptEngine.runScriptAsRawText(ScriptEngine.java:119)
	at com.kms.katalon.core.main.TestCaseExecutor.runScript(TestCaseExecutor.java:442)
	at com.kms.katalon.core.main.TestCaseExecutor.doExecute(TestCaseExecutor.java:433)
	at com.kms.katalon.core.main.TestCaseExecutor.processExecutionPhase(TestCaseExecutor.java:412)
	at com.kms.katalon.core.main.TestCaseExecutor.accessMainPhase(TestCaseExecutor.java:404)
	at com.kms.katalon.core.main.TestCaseExecutor.execute(TestCaseExecutor.java:281)
	at com.kms.katalon.core.main.TestCaseMain.runTestCase(TestCaseMain.java:138)
	at com.kms.katalon.core.keyword.builtin.CallTestCaseKeyword$_callTestCase_closure1.doCall(CallTestCaseKeyword.groovy:59)
	... 23 more
Caused by: com.kms.katalon.core.webui.exception.WebElementNotFoundException: Web element with id: 'Object Repository/Utils/Page_CNPM Danh sch thnh vin/input_Danh sch thnh vin_btn btn-secondary my-1' located by '//input[@value='Ghi danh người dùng']' not found
	at com.kms.katalon.core.webui.common.WebUiCommonHelper.findWebElement(WebUiCommonHelper.java:1368)
	at com.kms.katalon.core.webui.keyword.internal.WebUIAbstractKeyword.findWebElement(WebUIAbstractKeyword.groovy:27)
	at com.kms.katalon.core.webui.keyword.builtin.ClickKeyword$_click_closure1.doCall(ClickKeyword.groovy:65)
	at com.kms.katalon.core.webui.keyword.builtin.ClickKeyword$_click_closure1.call(ClickKeyword.groovy)
	at com.kms.katalon.core.webui.keyword.internal.WebUIKeywordMain.runKeyword(WebUIKeywordMain.groovy:20)
	... 38 more]]></system-err>
      </testcase>
      <testcase name="Test Cases/Create folder and quiz/Create folder" time="32.456" classname="Test Cases/Create folder and quiz/Create folder" status="FAILED">
         <failure type="FAILED" message="Test Cases/Create folder and quiz/Create folder FAILED.
Reason:
com.kms.katalon.core.exception.StepFailedException: Call Test Case 'Test Cases/Utils/Create course CNPM' failed
	at com.kms.katalon.core.keyword.builtin.CallTestCaseKeyword$_callTestCase_closure1.doCall(CallTestCaseKeyword.groovy:63)
	at com.kms.katalon.core.keyword.builtin.CallTestCaseKeyword$_callTestCase_closure1.call(CallTestCaseKeyword.groovy)
	at com.kms.katalon.core.keyword.internal.KeywordMain.runKeyword(KeywordMain.groovy:74)
	at com.kms.katalon.core.keyword.builtin.CallTestCaseKeyword.callTestCase(CallTestCaseKeyword.groovy:81)
	at com.kms.katalon.core.keyword.builtin.CallTestCaseKeyword.execute(CallTestCaseKeyword.groovy:44)
	at com.kms.katalon.core.keyword.internal.KeywordExecutor.executeKeywordForPlatform(KeywordExecutor.groovy:74)
	at com.kms.katalon.core.keyword.BuiltinKeywords.callTestCase(BuiltinKeywords.groovy:334)
	at Create folder.run(Create folder:24)
	at com.kms.katalon.core.main.ScriptEngine.run(ScriptEngine.java:194)
	at com.kms.katalon.core.main.ScriptEngine.runScriptAsRawText(ScriptEngine.java:119)
	at com.kms.katalon.core.main.TestCaseExecutor.runScript(TestCaseExecutor.java:442)
	at com.kms.katalon.core.main.TestCaseExecutor.doExecute(TestCaseExecutor.java:433)
	at com.kms.katalon.core.main.TestCaseExecutor.processExecutionPhase(TestCaseExecutor.java:412)
	at com.kms.katalon.core.main.TestCaseExecutor.accessMainPhase(TestCaseExecutor.java:404)
	at com.kms.katalon.core.main.TestCaseExecutor.execute(TestCaseExecutor.java:281)
	at com.kms.katalon.core.main.TestCaseExecutor.execute(TestCaseExecutor.java:363)
	at com.kms.katalon.core.main.TestCaseExecutor.execute(TestCaseExecutor.java:363)
	at com.kms.katalon.core.main.TestCaseExecutor.execute(TestCaseExecutor.java:363)
	at com.kms.katalon.core.main.TestSuiteExecutor.accessTestCaseMainPhase(TestSuiteExecutor.java:202)
	at com.kms.katalon.core.main.TestSuiteExecutor.accessTestSuiteMainPhase(TestSuiteExecutor.java:164)
	at com.kms.katalon.core.main.TestSuiteExecutor.execute(TestSuiteExecutor.java:105)
	at com.kms.katalon.core.main.TestCaseMain.startTestSuite(TestCaseMain.java:181)
	at com.kms.katalon.core.main.TestCaseMain$startTestSuite$0.call(Unknown Source)
	at TempTestSuite1642408138931.run(TempTestSuite1642408138931.groovy:36)
Caused by: com.kms.katalon.core.exception.StepFailedException: Unable to click on object 'Object Repository/Utils/Page_CNPM Danh sch thnh vin/input_Danh sch thnh vin_btn btn-secondary my-1'
	at com.kms.katalon.core.webui.keyword.internal.WebUIKeywordMain.stepFailed(WebUIKeywordMain.groovy:64)
	at com.kms.katalon.core.webui.keyword.internal.WebUIKeywordMain.runKeyword(WebUIKeywordMain.groovy:26)
	at com.kms.katalon.core.webui.keyword.builtin.ClickKeyword.click(ClickKeyword.groovy:74)
	at com.kms.katalon.core.webui.keyword.builtin.ClickKeyword.execute(ClickKeyword.groovy:40)
	at com.kms.katalon.core.keyword.internal.KeywordExecutor.executeKeywordForPlatform(KeywordExecutor.groovy:74)
	at com.kms.katalon.core.webui.keyword.WebUiBuiltInKeywords.click(WebUiBuiltInKeywords.groovy:620)
	at com.kms.katalon.core.webui.keyword.WebUiBuiltInKeywords$click$1.call(Unknown Source)
	at Create course CNPM.run(Create course CNPM:36)
	at com.kms.katalon.core.main.ScriptEngine.run(ScriptEngine.java:194)
	at com.kms.katalon.core.main.ScriptEngine.runScriptAsRawText(ScriptEngine.java:119)
	at com.kms.katalon.core.main.TestCaseExecutor.runScript(TestCaseExecutor.java:442)
	at com.kms.katalon.core.main.TestCaseExecutor.doExecute(TestCaseExecutor.java:433)
	at com.kms.katalon.core.main.TestCaseExecutor.processExecutionPhase(TestCaseExecutor.java:412)
	at com.kms.katalon.core.main.TestCaseExecutor.accessMainPhase(TestCaseExecutor.java:404)
	at com.kms.katalon.core.main.TestCaseExecutor.execute(TestCaseExecutor.java:281)
	at com.kms.katalon.core.main.TestCaseMain.runTestCase(TestCaseMain.java:138)
	at com.kms.katalon.core.keyword.builtin.CallTestCaseKeyword$_callTestCase_closure1.doCall(CallTestCaseKeyword.groovy:59)
	... 23 more
Caused by: com.kms.katalon.core.webui.exception.WebElementNotFoundException: Web element with id: 'Object Repository/Utils/Page_CNPM Danh sch thnh vin/input_Danh sch thnh vin_btn btn-secondary my-1' located by '//input[@value='Ghi danh người dùng']' not found
	at com.kms.katalon.core.webui.common.WebUiCommonHelper.findWebElement(WebUiCommonHelper.java:1368)
	at com.kms.katalon.core.webui.keyword.internal.WebUIAbstractKeyword.findWebElement(WebUIAbstractKeyword.groovy:27)
	at com.kms.katalon.core.webui.keyword.builtin.ClickKeyword$_click_closure1.doCall(ClickKeyword.groovy:65)
	at com.kms.katalon.core.webui.keyword.builtin.ClickKeyword$_click_closure1.call(ClickKeyword.groovy)
	at com.kms.katalon.core.webui.keyword.internal.WebUIKeywordMain.runKeyword(WebUIKeywordMain.groovy:20)
	... 38 more
"/>
         <system-out><![CDATA[2022-01-17 16:55:49 - [TEST_CASE][FAILED] - Test Cases/Create folder and quiz/Create folder: Test Cases/Create folder and quiz/Create folder FAILED.
Reason:
com.kms.katalon.core.exception.StepFailedException: Call Test Case 'Test Cases/Utils/Create course CNPM' failed
	at com.kms.katalon.core.keyword.builtin.CallTestCaseKeyword$_callTestCase_closure1.doCall(CallTestCaseKeyword.groovy:63)
	at com.kms.katalon.core.keyword.builtin.CallTestCaseKeyword$_callTestCase_closure1.call(CallTestCaseKeyword.groovy)
	at com.kms.katalon.core.keyword.internal.KeywordMain.runKeyword(KeywordMain.groovy:74)
	at com.kms.katalon.core.keyword.builtin.CallTestCaseKeyword.callTestCase(CallTestCaseKeyword.groovy:81)
	at com.kms.katalon.core.keyword.builtin.CallTestCaseKeyword.execute(CallTestCaseKeyword.groovy:44)
	at com.kms.katalon.core.keyword.internal.KeywordExecutor.executeKeywordForPlatform(KeywordExecutor.groovy:74)
	at com.kms.katalon.core.keyword.BuiltinKeywords.callTestCase(BuiltinKeywords.groovy:334)
	at Create folder.run(Create folder:24)
	at com.kms.katalon.core.main.ScriptEngine.run(ScriptEngine.java:194)
	at com.kms.katalon.core.main.ScriptEngine.runScriptAsRawText(ScriptEngine.java:119)
	at com.kms.katalon.core.main.TestCaseExecutor.runScript(TestCaseExecutor.java:442)
	at com.kms.katalon.core.main.TestCaseExecutor.doExecute(TestCaseExecutor.java:433)
	at com.kms.katalon.core.main.TestCaseExecutor.processExecutionPhase(TestCaseExecutor.java:412)
	at com.kms.katalon.core.main.TestCaseExecutor.accessMainPhase(TestCaseExecutor.java:404)
	at com.kms.katalon.core.main.TestCaseExecutor.execute(TestCaseExecutor.java:281)
	at com.kms.katalon.core.main.TestCaseExecutor.execute(TestCaseExecutor.java:363)
	at com.kms.katalon.core.main.TestCaseExecutor.execute(TestCaseExecutor.java:363)
	at com.kms.katalon.core.main.TestCaseExecutor.execute(TestCaseExecutor.java:363)
	at com.kms.katalon.core.main.TestSuiteExecutor.accessTestCaseMainPhase(TestSuiteExecutor.java:202)
	at com.kms.katalon.core.main.TestSuiteExecutor.accessTestSuiteMainPhase(TestSuiteExecutor.java:164)
	at com.kms.katalon.core.main.TestSuiteExecutor.execute(TestSuiteExecutor.java:105)
	at com.kms.katalon.core.main.TestCaseMain.startTestSuite(TestCaseMain.java:181)
	at com.kms.katalon.core.main.TestCaseMain$startTestSuite$0.call(Unknown Source)
	at TempTestSuite1642408138931.run(TempTestSuite1642408138931.groovy:36)
Caused by: com.kms.katalon.core.exception.StepFailedException: Unable to click on object 'Object Repository/Utils/Page_CNPM Danh sch thnh vin/input_Danh sch thnh vin_btn btn-secondary my-1'
	at com.kms.katalon.core.webui.keyword.internal.WebUIKeywordMain.stepFailed(WebUIKeywordMain.groovy:64)
	at com.kms.katalon.core.webui.keyword.internal.WebUIKeywordMain.runKeyword(WebUIKeywordMain.groovy:26)
	at com.kms.katalon.core.webui.keyword.builtin.ClickKeyword.click(ClickKeyword.groovy:74)
	at com.kms.katalon.core.webui.keyword.builtin.ClickKeyword.execute(ClickKeyword.groovy:40)
	at com.kms.katalon.core.keyword.internal.KeywordExecutor.executeKeywordForPlatform(KeywordExecutor.groovy:74)
	at com.kms.katalon.core.webui.keyword.WebUiBuiltInKeywords.click(WebUiBuiltInKeywords.groovy:620)
	at com.kms.katalon.core.webui.keyword.WebUiBuiltInKeywords$click$1.call(Unknown Source)
	at Create course CNPM.run(Create course CNPM:36)
	at com.kms.katalon.core.main.ScriptEngine.run(ScriptEngine.java:194)
	at com.kms.katalon.core.main.ScriptEngine.runScriptAsRawText(ScriptEngine.java:119)
	at com.kms.katalon.core.main.TestCaseExecutor.runScript(TestCaseExecutor.java:442)
	at com.kms.katalon.core.main.TestCaseExecutor.doExecute(TestCaseExecutor.java:433)
	at com.kms.katalon.core.main.TestCaseExecutor.processExecutionPhase(TestCaseExecutor.java:412)
	at com.kms.katalon.core.main.TestCaseExecutor.accessMainPhase(TestCaseExecutor.java:404)
	at com.kms.katalon.core.main.TestCaseExecutor.execute(TestCaseExecutor.java:281)
	at com.kms.katalon.core.main.TestCaseMain.runTestCase(TestCaseMain.java:138)
	at com.kms.katalon.core.keyword.builtin.CallTestCaseKeyword$_callTestCase_closure1.doCall(CallTestCaseKeyword.groovy:59)
	... 23 more
Caused by: com.kms.katalon.core.webui.exception.WebElementNotFoundException: Web element with id: 'Object Repository/Utils/Page_CNPM Danh sch thnh vin/input_Danh sch thnh vin_btn btn-secondary my-1' located by '//input[@value='Ghi danh người dùng']' not found
	at com.kms.katalon.core.webui.common.WebUiCommonHelper.findWebElement(WebUiCommonHelper.java:1368)
	at com.kms.katalon.core.webui.keyword.internal.WebUIAbstractKeyword.findWebElement(WebUIAbstractKeyword.groovy:27)
	at com.kms.katalon.core.webui.keyword.builtin.ClickKeyword$_click_closure1.doCall(ClickKeyword.groovy:65)
	at com.kms.katalon.core.webui.keyword.builtin.ClickKeyword$_click_closure1.call(ClickKeyword.groovy)
	at com.kms.katalon.core.webui.keyword.internal.WebUIKeywordMain.runKeyword(WebUIKeywordMain.groovy:20)
	... 38 more


2022-01-17 16:55:49 - [TEST_STEP][PASSED] - openBrowser(""): Browser is opened with url: ''

2022-01-17 16:55:49 - [MESSAGE][WARNING] - A browser is already opened. Closing browser and opening a new one

2022-01-17 16:55:50 - [MESSAGE][INFO] - Starting 'Chrome' driver

2022-01-17 16:55:50 - [MESSAGE][INFO] - Action delay is set to 0 milliseconds

2022-01-17 16:55:51 - [MESSAGE][PASSED] - Browser is opened with url: ''

2022-01-17 16:55:51 - [TEST_STEP][PASSED] - navigateToUrl("http://localhost/"): Navigate to 'http://localhost/' successfully

2022-01-17 16:55:52 - [MESSAGE][PASSED] - Navigate to 'http://localhost/' successfully

2022-01-17 16:55:52 - [TEST_STEP][FAILED] - callTestCase(findTestCase("Utils/Create course CNPM"), [:], STOP_ON_FAILURE): Unable to call Test Case 'Test Cases/Utils/Create course CNPM' (Root cause: com.kms.katalon.core.exception.StepFailedException: Call Test Case 'Test Cases/Utils/Create course CNPM' failed
	at com.kms.katalon.core.keyword.builtin.CallTestCaseKeyword$_callTestCase_closure1.doCall(CallTestCaseKeyword.groovy:63)
	at com.kms.katalon.core.keyword.builtin.CallTestCaseKeyword$_callTestCase_closure1.call(CallTestCaseKeyword.groovy)
	at com.kms.katalon.core.keyword.internal.KeywordMain.runKeyword(KeywordMain.groovy:74)
	at com.kms.katalon.core.keyword.builtin.CallTestCaseKeyword.callTestCase(CallTestCaseKeyword.groovy:81)
	at com.kms.katalon.core.keyword.builtin.CallTestCaseKeyword.execute(CallTestCaseKeyword.groovy:44)
	at com.kms.katalon.core.keyword.internal.KeywordExecutor.executeKeywordForPlatform(KeywordExecutor.groovy:74)
	at com.kms.katalon.core.keyword.BuiltinKeywords.callTestCase(BuiltinKeywords.groovy:334)
	at Create folder.run(Create folder:24)
	at com.kms.katalon.core.main.ScriptEngine.run(ScriptEngine.java:194)
	at com.kms.katalon.core.main.ScriptEngine.runScriptAsRawText(ScriptEngine.java:119)
	at com.kms.katalon.core.main.TestCaseExecutor.runScript(TestCaseExecutor.java:442)
	at com.kms.katalon.core.main.TestCaseExecutor.doExecute(TestCaseExecutor.java:433)
	at com.kms.katalon.core.main.TestCaseExecutor.processExecutionPhase(TestCaseExecutor.java:412)
	at com.kms.katalon.core.main.TestCaseExecutor.accessMainPhase(TestCaseExecutor.java:404)
	at com.kms.katalon.core.main.TestCaseExecutor.execute(TestCaseExecutor.java:281)
	at com.kms.katalon.core.main.TestCaseExecutor.execute(TestCaseExecutor.java:363)
	at com.kms.katalon.core.main.TestCaseExecutor.execute(TestCaseExecutor.java:363)
	at com.kms.katalon.core.main.TestCaseExecutor.execute(TestCaseExecutor.java:363)
	at com.kms.katalon.core.main.TestSuiteExecutor.accessTestCaseMainPhase(TestSuiteExecutor.java:202)
	at com.kms.katalon.core.main.TestSuiteExecutor.accessTestSuiteMainPhase(TestSuiteExecutor.java:164)
	at com.kms.katalon.core.main.TestSuiteExecutor.execute(TestSuiteExecutor.java:105)
	at com.kms.katalon.core.main.TestCaseMain.startTestSuite(TestCaseMain.java:181)
	at com.kms.katalon.core.main.TestCaseMain$startTestSuite$0.call(Unknown Source)
	at TempTestSuite1642408138931.run(TempTestSuite1642408138931.groovy:36)
Caused by: com.kms.katalon.core.exception.StepFailedException: Unable to click on object 'Object Repository/Utils/Page_CNPM Danh sch thnh vin/input_Danh sch thnh vin_btn btn-secondary my-1'
	at com.kms.katalon.core.webui.keyword.internal.WebUIKeywordMain.stepFailed(WebUIKeywordMain.groovy:64)
	at com.kms.katalon.core.webui.keyword.internal.WebUIKeywordMain.runKeyword(WebUIKeywordMain.groovy:26)
	at com.kms.katalon.core.webui.keyword.builtin.ClickKeyword.click(ClickKeyword.groovy:74)
	at com.kms.katalon.core.webui.keyword.builtin.ClickKeyword.execute(ClickKeyword.groovy:40)
	at com.kms.katalon.core.keyword.internal.KeywordExecutor.executeKeywordForPlatform(KeywordExecutor.groovy:74)
	at com.kms.katalon.core.webui.keyword.WebUiBuiltInKeywords.click(WebUiBuiltInKeywords.groovy:620)
	at com.kms.katalon.core.webui.keyword.WebUiBuiltInKeywords$click$1.call(Unknown Source)
	at Create course CNPM.run(Create course CNPM:36)
	at com.kms.katalon.core.main.ScriptEngine.run(ScriptEngine.java:194)
	at com.kms.katalon.core.main.ScriptEngine.runScriptAsRawText(ScriptEngine.java:119)
	at com.kms.katalon.core.main.TestCaseExecutor.runScript(TestCaseExecutor.java:442)
	at com.kms.katalon.core.main.TestCaseExecutor.doExecute(TestCaseExecutor.java:433)
	at com.kms.katalon.core.main.TestCaseExecutor.processExecutionPhase(TestCaseExecutor.java:412)
	at com.kms.katalon.core.main.TestCaseExecutor.accessMainPhase(TestCaseExecutor.java:404)
	at com.kms.katalon.core.main.TestCaseExecutor.execute(TestCaseExecutor.java:281)
	at com.kms.katalon.core.main.TestCaseMain.runTestCase(TestCaseMain.java:138)
	at com.kms.katalon.core.keyword.builtin.CallTestCaseKeyword$_callTestCase_closure1.doCall(CallTestCaseKeyword.groovy:59)
	... 23 more
Caused by: com.kms.katalon.core.webui.exception.WebElementNotFoundException: Web element with id: 'Object Repository/Utils/Page_CNPM Danh sch thnh vin/input_Danh sch thnh vin_btn btn-secondary my-1' located by '//input[@value='Ghi danh người dùng']' not found
	at com.kms.katalon.core.webui.common.WebUiCommonHelper.findWebElement(WebUiCommonHelper.java:1368)
	at com.kms.katalon.core.webui.keyword.internal.WebUIAbstractKeyword.findWebElement(WebUIAbstractKeyword.groovy:27)
	at com.kms.katalon.core.webui.keyword.builtin.ClickKeyword$_click_closure1.doCall(ClickKeyword.groovy:65)
	at com.kms.katalon.core.webui.keyword.builtin.ClickKeyword$_click_closure1.call(ClickKeyword.groovy)
	at com.kms.katalon.core.webui.keyword.internal.WebUIKeywordMain.runKeyword(WebUIKeywordMain.groovy:20)
	... 38 more
)

2022-01-17 16:55:52 - [TEST_CASE][FAILED] - Test Cases/Utils/Create course CNPM: Test Cases/Utils/Create course CNPM FAILED.
Reason:
com.kms.katalon.core.exception.StepFailedException: Unable to click on object 'Object Repository/Utils/Page_CNPM Danh sch thnh vin/input_Danh sch thnh vin_btn btn-secondary my-1'
	at com.kms.katalon.core.webui.keyword.internal.WebUIKeywordMain.stepFailed(WebUIKeywordMain.groovy:64)
	at com.kms.katalon.core.webui.keyword.internal.WebUIKeywordMain.runKeyword(WebUIKeywordMain.groovy:26)
	at com.kms.katalon.core.webui.keyword.builtin.ClickKeyword.click(ClickKeyword.groovy:74)
	at com.kms.katalon.core.webui.keyword.builtin.ClickKeyword.execute(ClickKeyword.groovy:40)
	at com.kms.katalon.core.keyword.internal.KeywordExecutor.executeKeywordForPlatform(KeywordExecutor.groovy:74)
	at com.kms.katalon.core.webui.keyword.WebUiBuiltInKeywords.click(WebUiBuiltInKeywords.groovy:620)
	at com.kms.katalon.core.webui.keyword.WebUiBuiltInKeywords$click$1.call(Unknown Source)
	at Create course CNPM.run(Create course CNPM:36)
	at com.kms.katalon.core.main.ScriptEngine.run(ScriptEngine.java:194)
	at com.kms.katalon.core.main.ScriptEngine.runScriptAsRawText(ScriptEngine.java:119)
	at com.kms.katalon.core.main.TestCaseExecutor.runScript(TestCaseExecutor.java:442)
	at com.kms.katalon.core.main.TestCaseExecutor.doExecute(TestCaseExecutor.java:433)
	at com.kms.katalon.core.main.TestCaseExecutor.processExecutionPhase(TestCaseExecutor.java:412)
	at com.kms.katalon.core.main.TestCaseExecutor.accessMainPhase(TestCaseExecutor.java:404)
	at com.kms.katalon.core.main.TestCaseExecutor.execute(TestCaseExecutor.java:281)
	at com.kms.katalon.core.main.TestCaseMain.runTestCase(TestCaseMain.java:138)
	at com.kms.katalon.core.keyword.builtin.CallTestCaseKeyword$_callTestCase_closure1.doCall(CallTestCaseKeyword.groovy:59)
	at com.kms.katalon.core.keyword.builtin.CallTestCaseKeyword$_callTestCase_closure1.call(CallTestCaseKeyword.groovy)
	at com.kms.katalon.core.keyword.internal.KeywordMain.runKeyword(KeywordMain.groovy:74)
	at com.kms.katalon.core.keyword.builtin.CallTestCaseKeyword.callTestCase(CallTestCaseKeyword.groovy:81)
	at com.kms.katalon.core.keyword.builtin.CallTestCaseKeyword.execute(CallTestCaseKeyword.groovy:44)
	at com.kms.katalon.core.keyword.internal.KeywordExecutor.executeKeywordForPlatform(KeywordExecutor.groovy:74)
	at com.kms.katalon.core.keyword.BuiltinKeywords.callTestCase(BuiltinKeywords.groovy:334)
	at Create folder.run(Create folder:24)
	at com.kms.katalon.core.main.ScriptEngine.run(ScriptEngine.java:194)
	at com.kms.katalon.core.main.ScriptEngine.runScriptAsRawText(ScriptEngine.java:119)
	at com.kms.katalon.core.main.TestCaseExecutor.runScript(TestCaseExecutor.java:442)
	at com.kms.katalon.core.main.TestCaseExecutor.doExecute(TestCaseExecutor.java:433)
	at com.kms.katalon.core.main.TestCaseExecutor.processExecutionPhase(TestCaseExecutor.java:412)
	at com.kms.katalon.core.main.TestCaseExecutor.accessMainPhase(TestCaseExecutor.java:404)
	at com.kms.katalon.core.main.TestCaseExecutor.execute(TestCaseExecutor.java:281)
	at com.kms.katalon.core.main.TestCaseExecutor.execute(TestCaseExecutor.java:363)
	at com.kms.katalon.core.main.TestCaseExecutor.execute(TestCaseExecutor.java:363)
	at com.kms.katalon.core.main.TestCaseExecutor.execute(TestCaseExecutor.java:363)
	at com.kms.katalon.core.main.TestSuiteExecutor.accessTestCaseMainPhase(TestSuiteExecutor.java:202)
	at com.kms.katalon.core.main.TestSuiteExecutor.accessTestSuiteMainPhase(TestSuiteExecutor.java:164)
	at com.kms.katalon.core.main.TestSuiteExecutor.execute(TestSuiteExecutor.java:105)
	at com.kms.katalon.core.main.TestCaseMain.startTestSuite(TestCaseMain.java:181)
	at com.kms.katalon.core.main.TestCaseMain$startTestSuite$0.call(Unknown Source)
	at TempTestSuite1642408138931.run(TempTestSuite1642408138931.groovy:36)
Caused by: com.kms.katalon.core.webui.exception.WebElementNotFoundException: Web element with id: 'Object Repository/Utils/Page_CNPM Danh sch thnh vin/input_Danh sch thnh vin_btn btn-secondary my-1' located by '//input[@value='Ghi danh người dùng']' not found
	at com.kms.katalon.core.webui.common.WebUiCommonHelper.findWebElement(WebUiCommonHelper.java:1368)
	at com.kms.katalon.core.webui.keyword.internal.WebUIAbstractKeyword.findWebElement(WebUIAbstractKeyword.groovy:27)
	at com.kms.katalon.core.webui.keyword.builtin.ClickKeyword$_click_closure1.doCall(ClickKeyword.groovy:65)
	at com.kms.katalon.core.webui.keyword.builtin.ClickKeyword$_click_closure1.call(ClickKeyword.groovy)
	at com.kms.katalon.core.webui.keyword.internal.WebUIKeywordMain.runKeyword(WebUIKeywordMain.groovy:20)
	... 38 more


2022-01-17 16:55:52 - [TEST_STEP][PASSED] - callTestCase(findTestCase("Utils/Login as admin"), [:], STOP_ON_FAILURE): Call Test Case 'Test Cases/Utils/Login as admin' successfully

2022-01-17 16:55:52 - [TEST_CASE][PASSED] - Test Cases/Utils/Login as admin: Test Cases/Utils/Login as admin

2022-01-17 16:55:52 - [TEST_STEP][PASSED] - click(findTestObject("View course grade/Page_Local Moodle/a_Log in")): Object: 'Object Repository/View course grade/Page_Local Moodle/a_Log in' is clicked on

2022-01-17 16:55:53 - [MESSAGE][PASSED] - Object: 'Object Repository/View course grade/Page_Local Moodle/a_Log in' is clicked on

2022-01-17 16:55:53 - [TEST_STEP][PASSED] - setText(findTestObject("View course grade/Page_Local Moodle Log in to the site/input_Username_username"), "admin"): Text 'admin' is set on object 'Object Repository/View course grade/Page_Local Moodle Log in to the site/input_Username_username'

2022-01-17 16:55:54 - [MESSAGE][PASSED] - Text 'admin' is set on object 'Object Repository/View course grade/Page_Local Moodle Log in to the site/input_Username_username'

2022-01-17 16:55:54 - [TEST_STEP][PASSED] - setEncryptedText(findTestObject("View course grade/Page_Local Moodle Log in to the site/input_Password_password"), "bfAykA/oWJ09FXmiKh6lyuuLu8QhG1K5"): Text ****** has been set on object 'Object Repository/View course grade/Page_Local Moodle Log in to the site/input_Password_password'

2022-01-17 16:55:54 - [MESSAGE][PASSED] - Text ****** has been set on object 'Object Repository/View course grade/Page_Local Moodle Log in to the site/input_Password_password'

2022-01-17 16:55:54 - [TEST_STEP][PASSED] - click(findTestObject("View course grade/Page_Local Moodle Log in to the site/button_Log in")): Object: 'Object Repository/View course grade/Page_Local Moodle Log in to the site/button_Log in' is clicked on

2022-01-17 16:55:56 - [MESSAGE][PASSED] - Object: 'Object Repository/View course grade/Page_Local Moodle Log in to the site/button_Log in' is clicked on

2022-01-17 16:55:56 - [MESSAGE][PASSED] - Call Test Case 'Test Cases/Utils/Login as admin' successfully

2022-01-17 16:55:56 - [TEST_STEP][PASSED] - click(findTestObject("Object Repository/Utils/Page_Nh ca ti/span_Qun tr khu vc")): Object: 'Object Repository/Utils/Page_Nh ca ti/span_Qun tr khu vc' is clicked on

2022-01-17 16:55:59 - [MESSAGE][PASSED] - Object: 'Object Repository/Utils/Page_Nh ca ti/span_Qun tr khu vc' is clicked on

2022-01-17 16:55:59 - [TEST_STEP][PASSED] - click(findTestObject("Object Repository/Utils/Page_Moodle Khu vc qun tr Tm kim/a_Kho hc")): Object: 'Object Repository/Utils/Page_Moodle Khu vc qun tr Tm kim/a_Kho hc' is clicked on

2022-01-17 16:55:59 - [MESSAGE][PASSED] - Object: 'Object Repository/Utils/Page_Moodle Khu vc qun tr Tm kim/a_Kho hc' is clicked on

2022-01-17 16:55:59 - [TEST_STEP][PASSED] - click(findTestObject("Object Repository/Utils/Page_Moodle Khu vc qun tr Tm kim/a_Thmsa cc kho hc")): Object: 'Object Repository/Utils/Page_Moodle Khu vc qun tr Tm kim/a_Thmsa cc kho hc' is clicked on

2022-01-17 16:56:00 - [MESSAGE][PASSED] - Object: 'Object Repository/Utils/Page_Moodle Khu vc qun tr Tm kim/a_Thmsa cc kho hc' is clicked on

2022-01-17 16:56:00 - [TEST_STEP][PASSED] - click(findTestObject("Object Repository/Utils/Page_Qun l kha hc v danh mc kha hc/a_To kha hc mi")): Object: 'Object Repository/Utils/Page_Qun l kha hc v danh mc kha hc/a_To kha hc mi' is clicked on

2022-01-17 16:56:07 - [MESSAGE][INFO] - Unable to find the element located by 'By.xpath: //div[@id='yui_3_17_2_1_1641906891631_57']/div/div/a'. Please recheck the objects properties to make sure the desired element is located. 

2022-01-17 16:56:07 - [MESSAGE][WARNING] - [SELF-HEALING] Failed to find element with id 'Object Repository/Utils/Page_Qun l kha hc v danh mc kha hc/a_To kha hc mi'. Try using Self-healing.

2022-01-17 16:56:07 - [MESSAGE][WARNING] - [SELF-HEALING] The current locator of test object 'Object Repository/Utils/Page_Qun l kha hc v danh mc kha hc/a_To kha hc mi' was broken. Propose an alternative one: '//a[contains(text(),'Tạo khóa học mới')]'.

2022-01-17 16:56:08 - [MESSAGE][PASSED] - Object: 'Object Repository/Utils/Page_Qun l kha hc v danh mc kha hc/a_To kha hc mi' is clicked on

2022-01-17 16:56:08 - [TEST_STEP][PASSED] - setText(findTestObject("Object Repository/Utils/Page_Moodle Thm kho hc mi/input_Tn y_fullname"), "Nhập môn Công nghệ phần mềm"): Text 'Nhập môn Công nghệ phần mềm' is set on object 'Object Repository/Utils/Page_Moodle Thm kho hc mi/input_Tn y_fullname'

2022-01-17 16:56:10 - [MESSAGE][PASSED] - Text 'Nhập môn Công nghệ phần mềm' is set on object 'Object Repository/Utils/Page_Moodle Thm kho hc mi/input_Tn y_fullname'

2022-01-17 16:56:10 - [TEST_STEP][PASSED] - setText(findTestObject("Object Repository/Utils/Page_Moodle Thm kho hc mi/input_Tn rt gn ca kho hc_shortname"), "CNPM"): Text 'CNPM' is set on object 'Object Repository/Utils/Page_Moodle Thm kho hc mi/input_Tn rt gn ca kho hc_shortname'

2022-01-17 16:56:11 - [MESSAGE][PASSED] - Text 'CNPM' is set on object 'Object Repository/Utils/Page_Moodle Thm kho hc mi/input_Tn rt gn ca kho hc_shortname'

2022-01-17 16:56:11 - [TEST_STEP][PASSED] - click(findTestObject("Object Repository/Utils/Page_Moodle Thm kho hc mi/input__saveanddisplay")): Object: 'Object Repository/Utils/Page_Moodle Thm kho hc mi/input__saveanddisplay' is clicked on

2022-01-17 16:56:13 - [MESSAGE][PASSED] - Object: 'Object Repository/Utils/Page_Moodle Thm kho hc mi/input__saveanddisplay' is clicked on

2022-01-17 16:56:13 - [TEST_STEP][FAILED] - click(findTestObject("Object Repository/Utils/Page_CNPM Danh sch thnh vin/input_Danh sch thnh vin_btn btn-secondary my-1")): Unable to click on object 'Object Repository/Utils/Page_CNPM Danh sch thnh vin/input_Danh sch thnh vin_btn btn-secondary my-1' (Root cause: com.kms.katalon.core.exception.StepFailedException: Unable to click on object 'Object Repository/Utils/Page_CNPM Danh sch thnh vin/input_Danh sch thnh vin_btn btn-secondary my-1'
	at com.kms.katalon.core.webui.keyword.internal.WebUIKeywordMain.stepFailed(WebUIKeywordMain.groovy:64)
	at com.kms.katalon.core.webui.keyword.internal.WebUIKeywordMain.runKeyword(WebUIKeywordMain.groovy:26)
	at com.kms.katalon.core.webui.keyword.builtin.ClickKeyword.click(ClickKeyword.groovy:74)
	at com.kms.katalon.core.webui.keyword.builtin.ClickKeyword.execute(ClickKeyword.groovy:40)
	at com.kms.katalon.core.keyword.internal.KeywordExecutor.executeKeywordForPlatform(KeywordExecutor.groovy:74)
	at com.kms.katalon.core.webui.keyword.WebUiBuiltInKeywords.click(WebUiBuiltInKeywords.groovy:620)
	at com.kms.katalon.core.webui.keyword.WebUiBuiltInKeywords$click$1.call(Unknown Source)
	at Create course CNPM.run(Create course CNPM:36)
	at com.kms.katalon.core.main.ScriptEngine.run(ScriptEngine.java:194)
	at com.kms.katalon.core.main.ScriptEngine.runScriptAsRawText(ScriptEngine.java:119)
	at com.kms.katalon.core.main.TestCaseExecutor.runScript(TestCaseExecutor.java:442)
	at com.kms.katalon.core.main.TestCaseExecutor.doExecute(TestCaseExecutor.java:433)
	at com.kms.katalon.core.main.TestCaseExecutor.processExecutionPhase(TestCaseExecutor.java:412)
	at com.kms.katalon.core.main.TestCaseExecutor.accessMainPhase(TestCaseExecutor.java:404)
	at com.kms.katalon.core.main.TestCaseExecutor.execute(TestCaseExecutor.java:281)
	at com.kms.katalon.core.main.TestCaseMain.runTestCase(TestCaseMain.java:138)
	at com.kms.katalon.core.keyword.builtin.CallTestCaseKeyword$_callTestCase_closure1.doCall(CallTestCaseKeyword.groovy:59)
	at com.kms.katalon.core.keyword.builtin.CallTestCaseKeyword$_callTestCase_closure1.call(CallTestCaseKeyword.groovy)
	at com.kms.katalon.core.keyword.internal.KeywordMain.runKeyword(KeywordMain.groovy:74)
	at com.kms.katalon.core.keyword.builtin.CallTestCaseKeyword.callTestCase(CallTestCaseKeyword.groovy:81)
	at com.kms.katalon.core.keyword.builtin.CallTestCaseKeyword.execute(CallTestCaseKeyword.groovy:44)
	at com.kms.katalon.core.keyword.internal.KeywordExecutor.executeKeywordForPlatform(KeywordExecutor.groovy:74)
	at com.kms.katalon.core.keyword.BuiltinKeywords.callTestCase(BuiltinKeywords.groovy:334)
	at Create folder.run(Create folder:24)
	at com.kms.katalon.core.main.ScriptEngine.run(ScriptEngine.java:194)
	at com.kms.katalon.core.main.ScriptEngine.runScriptAsRawText(ScriptEngine.java:119)
	at com.kms.katalon.core.main.TestCaseExecutor.runScript(TestCaseExecutor.java:442)
	at com.kms.katalon.core.main.TestCaseExecutor.doExecute(TestCaseExecutor.java:433)
	at com.kms.katalon.core.main.TestCaseExecutor.processExecutionPhase(TestCaseExecutor.java:412)
	at com.kms.katalon.core.main.TestCaseExecutor.accessMainPhase(TestCaseExecutor.java:404)
	at com.kms.katalon.core.main.TestCaseExecutor.execute(TestCaseExecutor.java:281)
	at com.kms.katalon.core.main.TestCaseExecutor.execute(TestCaseExecutor.java:363)
	at com.kms.katalon.core.main.TestCaseExecutor.execute(TestCaseExecutor.java:363)
	at com.kms.katalon.core.main.TestCaseExecutor.execute(TestCaseExecutor.java:363)
	at com.kms.katalon.core.main.TestSuiteExecutor.accessTestCaseMainPhase(TestSuiteExecutor.java:202)
	at com.kms.katalon.core.main.TestSuiteExecutor.accessTestSuiteMainPhase(TestSuiteExecutor.java:164)
	at com.kms.katalon.core.main.TestSuiteExecutor.execute(TestSuiteExecutor.java:105)
	at com.kms.katalon.core.main.TestCaseMain.startTestSuite(TestCaseMain.java:181)
	at com.kms.katalon.core.main.TestCaseMain$startTestSuite$0.call(Unknown Source)
	at TempTestSuite1642408138931.run(TempTestSuite1642408138931.groovy:36)
Caused by: com.kms.katalon.core.webui.exception.WebElementNotFoundException: Web element with id: 'Object Repository/Utils/Page_CNPM Danh sch thnh vin/input_Danh sch thnh vin_btn btn-secondary my-1' located by '//input[@value='Ghi danh người dùng']' not found
	at com.kms.katalon.core.webui.common.WebUiCommonHelper.findWebElement(WebUiCommonHelper.java:1368)
	at com.kms.katalon.core.webui.keyword.internal.WebUIAbstractKeyword.findWebElement(WebUIAbstractKeyword.groovy:27)
	at com.kms.katalon.core.webui.keyword.builtin.ClickKeyword$_click_closure1.doCall(ClickKeyword.groovy:65)
	at com.kms.katalon.core.webui.keyword.builtin.ClickKeyword$_click_closure1.call(ClickKeyword.groovy)
	at com.kms.katalon.core.webui.keyword.internal.WebUIKeywordMain.runKeyword(WebUIKeywordMain.groovy:20)
	at com.kms.katalon.core.webui.keyword.builtin.ClickKeyword.click(ClickKeyword.groovy:74)
	at com.kms.katalon.core.webui.keyword.builtin.ClickKeyword.execute(ClickKeyword.groovy:40)
	at com.kms.katalon.core.keyword.internal.KeywordExecutor.executeKeywordForPlatform(KeywordExecutor.groovy:74)
	at com.kms.katalon.core.webui.keyword.WebUiBuiltInKeywords.click(WebUiBuiltInKeywords.groovy:620)
	at com.kms.katalon.core.webui.keyword.WebUiBuiltInKeywords$click$1.call(Unknown Source)
	at Script1641906761787.run(Script1641906761787.groovy:36)
	at com.kms.katalon.core.main.ScriptEngine.run(ScriptEngine.java:194)
	at com.kms.katalon.core.main.ScriptEngine.runScriptAsRawText(ScriptEngine.java:119)
	at com.kms.katalon.core.main.TestCaseExecutor.runScript(TestCaseExecutor.java:442)
	at com.kms.katalon.core.main.TestCaseExecutor.doExecute(TestCaseExecutor.java:433)
	at com.kms.katalon.core.main.TestCaseExecutor.processExecutionPhase(TestCaseExecutor.java:412)
	at com.kms.katalon.core.main.TestCaseExecutor.accessMainPhase(TestCaseExecutor.java:404)
	at com.kms.katalon.core.main.TestCaseExecutor.execute(TestCaseExecutor.java:281)
	at com.kms.katalon.core.main.TestCaseMain.runTestCase(TestCaseMain.java:138)
	at com.kms.katalon.core.keyword.builtin.CallTestCaseKeyword$_callTestCase_closure1.doCall(CallTestCaseKeyword.groovy:59)
	at com.kms.katalon.core.keyword.builtin.CallTestCaseKeyword$_callTestCase_closure1.call(CallTestCaseKeyword.groovy)
	at com.kms.katalon.core.keyword.internal.KeywordMain.runKeyword(KeywordMain.groovy:74)
	at com.kms.katalon.core.keyword.builtin.CallTestCaseKeyword.callTestCase(CallTestCaseKeyword.groovy:81)
	at com.kms.katalon.core.keyword.builtin.CallTestCaseKeyword.execute(CallTestCaseKeyword.groovy:44)
	at com.kms.katalon.core.keyword.internal.KeywordExecutor.executeKeywordForPlatform(KeywordExecutor.groovy:74)
	at com.kms.katalon.core.keyword.BuiltinKeywords.callTestCase(BuiltinKeywords.groovy:334)
	at Script1641906223502.run(Script1641906223502.groovy:24)
	... 16 more
)

2022-01-17 16:56:19 - [MESSAGE][INFO] - Unable to find the element located by 'By.xpath: //input[@value='Ghi danh người dùng']'. Please recheck the objects properties to make sure the desired element is located. 

2022-01-17 16:56:19 - [MESSAGE][WARNING] - [SELF-HEALING] Failed to find element with id 'Object Repository/Utils/Page_CNPM Danh sch thnh vin/input_Danh sch thnh vin_btn btn-secondary my-1'. Try using Self-healing.

2022-01-17 16:56:19 - [MESSAGE][INFO] - [SELF-HEALING] Failed Locator: '//input[@value='Ghi danh người dùng']'.

2022-01-17 16:56:19 - [MESSAGE][INFO] - [SELF-HEALING] Failed Locator: '//form[@id='enrolusersbutton-1']/div/input'.

2022-01-17 16:56:20 - [MESSAGE][INFO] - [SELF-HEALING] Working Locator: '//input'.

2022-01-17 16:56:20 - [MESSAGE][ERROR] - [SELF-HEALING] Cannot save screenshot to: D:\Cong-Binh Le\xampp\htdocs\moodle\Test Automation - SE Bonus\Reports\Self-healing, reason: unknown error: unhandled inspector error: {"code":-32000,"message":"Cannot take screenshot with 0 width."}
  (Session info: chrome=97.0.4692.71)
Build info: version: '3.141.59', revision: 'e82be7d358', time: '2018-11-14T08:25:53'
System info: host: 'DESKTOP-G2F0VIE', ip: '192.168.1.9', os.name: 'Windows 10', os.arch: 'amd64', os.version: '10.0', java.version: '1.8.0_282'
Driver info: com.kms.katalon.selenium.driver.CChromeDriver
Capabilities {acceptInsecureCerts: false, browserName: chrome, browserVersion: 97.0.4692.71, chrome: {chromedriverVersion: 97.0.4692.71 (adefa7837d02a..., userDataDir: C:\Users\banh\AppData\Local...}, goog:chromeOptions: {debuggerAddress: localhost:64691}, javascriptEnabled: true, networkConnectionEnabled: false, pageLoadStrategy: normal, platform: WINDOWS, platformName: WINDOWS, proxy: Proxy(), setWindowRect: true, strictFileInteractability: false, timeouts: {implicit: 0, pageLoad: 300000, script: 30000}, unhandledPromptBehavior: dismiss and notify, webauthn:extension:credBlob: true, webauthn:extension:largeBlob: true, webauthn:virtualAuthenticators: true}
Session ID: 41e6b17ba0262547c6f51876dab03aac.

2022-01-17 16:56:20 - [MESSAGE][ERROR] - [SELF-HEALING] Cannot save screenshot to: D:\Cong-Binh Le\xampp\htdocs\moodle\Test Automation - SE Bonus\Reports\Self-healing, reason: unknown error: unhandled inspector error: {"code":-32000,"message":"Cannot take screenshot with 0 width."}
  (Session info: chrome=97.0.4692.71)
Build info: version: '3.141.59', revision: 'e82be7d358', time: '2018-11-14T08:25:53'
System info: host: 'DESKTOP-G2F0VIE', ip: '192.168.1.9', os.name: 'Windows 10', os.arch: 'amd64', os.version: '10.0', java.version: '1.8.0_282'
Driver info: com.kms.katalon.selenium.driver.CChromeDriver
Capabilities {acceptInsecureCerts: false, browserName: chrome, browserVersion: 97.0.4692.71, chrome: {chromedriverVersion: 97.0.4692.71 (adefa7837d02a..., userDataDir: C:\Users\banh\AppData\Local...}, goog:chromeOptions: {debuggerAddress: localhost:64691}, javascriptEnabled: true, networkConnectionEnabled: false, pageLoadStrategy: normal, platform: WINDOWS, platformName: WINDOWS, proxy: Proxy(), setWindowRect: true, strictFileInteractability: false, timeouts: {implicit: 0, pageLoad: 300000, script: 30000}, unhandledPromptBehavior: dismiss and notify, webauthn:extension:credBlob: true, webauthn:extension:largeBlob: true, webauthn:virtualAuthenticators: true}
Session ID: 41e6b17ba0262547c6f51876dab03aac.

2022-01-17 16:56:20 - [MESSAGE][WARNING] - [SELF-HEALING] 'other' is different type of Path

2022-01-17 16:56:20 - [MESSAGE][ERROR] - [SELF-HEALING] Cannot save screenshot to: D:\Cong-Binh Le\xampp\htdocs\moodle\Test Automation - SE Bonus\Reports\Self-healing, reason: unknown error: unhandled inspector error: {"code":-32000,"message":"Cannot take screenshot with 0 width."}
  (Session info: chrome=97.0.4692.71)
Build info: version: '3.141.59', revision: 'e82be7d358', time: '2018-11-14T08:25:53'
System info: host: 'DESKTOP-G2F0VIE', ip: '192.168.1.9', os.name: 'Windows 10', os.arch: 'amd64', os.version: '10.0', java.version: '1.8.0_282'
Driver info: com.kms.katalon.selenium.driver.CChromeDriver
Capabilities {acceptInsecureCerts: false, browserName: chrome, browserVersion: 97.0.4692.71, chrome: {chromedriverVersion: 97.0.4692.71 (adefa7837d02a..., userDataDir: C:\Users\banh\AppData\Local...}, goog:chromeOptions: {debuggerAddress: localhost:64691}, javascriptEnabled: true, networkConnectionEnabled: false, pageLoadStrategy: normal, platform: WINDOWS, platformName: WINDOWS, proxy: Proxy(), setWindowRect: true, strictFileInteractability: false, timeouts: {implicit: 0, pageLoad: 300000, script: 30000}, unhandledPromptBehavior: dismiss and notify, webauthn:extension:credBlob: true, webauthn:extension:largeBlob: true, webauthn:virtualAuthenticators: true}
Session ID: 41e6b17ba0262547c6f51876dab03aac.

2022-01-17 16:56:20 - [MESSAGE][WARNING] - [SELF-HEALING] 'other' is different type of Path

2022-01-17 16:56:21 - [MESSAGE][INFO] - Unable to find the element located by 'By.cssSelector: input.btn.btn-secondary.my-1'. Please recheck the objects properties to make sure the desired element is located. 

2022-01-17 16:56:22 - [MESSAGE][FAILED] - Unable to click on object 'Object Repository/Utils/Page_CNPM Danh sch thnh vin/input_Danh sch thnh vin_btn btn-secondary my-1' (Root cause: com.kms.katalon.core.exception.StepFailedException: Unable to click on object 'Object Repository/Utils/Page_CNPM Danh sch thnh vin/input_Danh sch thnh vin_btn btn-secondary my-1'
	at com.kms.katalon.core.webui.keyword.internal.WebUIKeywordMain.stepFailed(WebUIKeywordMain.groovy:64)
	at com.kms.katalon.core.webui.keyword.internal.WebUIKeywordMain.runKeyword(WebUIKeywordMain.groovy:26)
	at com.kms.katalon.core.webui.keyword.builtin.ClickKeyword.click(ClickKeyword.groovy:74)
	at com.kms.katalon.core.webui.keyword.builtin.ClickKeyword.execute(ClickKeyword.groovy:40)
	at com.kms.katalon.core.keyword.internal.KeywordExecutor.executeKeywordForPlatform(KeywordExecutor.groovy:74)
	at com.kms.katalon.core.webui.keyword.WebUiBuiltInKeywords.click(WebUiBuiltInKeywords.groovy:620)
	at com.kms.katalon.core.webui.keyword.WebUiBuiltInKeywords$click$1.call(Unknown Source)
	at Create course CNPM.run(Create course CNPM:36)
	at com.kms.katalon.core.main.ScriptEngine.run(ScriptEngine.java:194)
	at com.kms.katalon.core.main.ScriptEngine.runScriptAsRawText(ScriptEngine.java:119)
	at com.kms.katalon.core.main.TestCaseExecutor.runScript(TestCaseExecutor.java:442)
	at com.kms.katalon.core.main.TestCaseExecutor.doExecute(TestCaseExecutor.java:433)
	at com.kms.katalon.core.main.TestCaseExecutor.processExecutionPhase(TestCaseExecutor.java:412)
	at com.kms.katalon.core.main.TestCaseExecutor.accessMainPhase(TestCaseExecutor.java:404)
	at com.kms.katalon.core.main.TestCaseExecutor.execute(TestCaseExecutor.java:281)
	at com.kms.katalon.core.main.TestCaseMain.runTestCase(TestCaseMain.java:138)
	at com.kms.katalon.core.keyword.builtin.CallTestCaseKeyword$_callTestCase_closure1.doCall(CallTestCaseKeyword.groovy:59)
	at com.kms.katalon.core.keyword.builtin.CallTestCaseKeyword$_callTestCase_closure1.call(CallTestCaseKeyword.groovy)
	at com.kms.katalon.core.keyword.internal.KeywordMain.runKeyword(KeywordMain.groovy:74)
	at com.kms.katalon.core.keyword.builtin.CallTestCaseKeyword.callTestCase(CallTestCaseKeyword.groovy:81)
	at com.kms.katalon.core.keyword.builtin.CallTestCaseKeyword.execute(CallTestCaseKeyword.groovy:44)
	at com.kms.katalon.core.keyword.internal.KeywordExecutor.executeKeywordForPlatform(KeywordExecutor.groovy:74)
	at com.kms.katalon.core.keyword.BuiltinKeywords.callTestCase(BuiltinKeywords.groovy:334)
	at Create folder.run(Create folder:24)
	at com.kms.katalon.core.main.ScriptEngine.run(ScriptEngine.java:194)
	at com.kms.katalon.core.main.ScriptEngine.runScriptAsRawText(ScriptEngine.java:119)
	at com.kms.katalon.core.main.TestCaseExecutor.runScript(TestCaseExecutor.java:442)
	at com.kms.katalon.core.main.TestCaseExecutor.doExecute(TestCaseExecutor.java:433)
	at com.kms.katalon.core.main.TestCaseExecutor.processExecutionPhase(TestCaseExecutor.java:412)
	at com.kms.katalon.core.main.TestCaseExecutor.accessMainPhase(TestCaseExecutor.java:404)
	at com.kms.katalon.core.main.TestCaseExecutor.execute(TestCaseExecutor.java:281)
	at com.kms.katalon.core.main.TestCaseExecutor.execute(TestCaseExecutor.java:363)
	at com.kms.katalon.core.main.TestCaseExecutor.execute(TestCaseExecutor.java:363)
	at com.kms.katalon.core.main.TestCaseExecutor.execute(TestCaseExecutor.java:363)
	at com.kms.katalon.core.main.TestSuiteExecutor.accessTestCaseMainPhase(TestSuiteExecutor.java:202)
	at com.kms.katalon.core.main.TestSuiteExecutor.accessTestSuiteMainPhase(TestSuiteExecutor.java:164)
	at com.kms.katalon.core.main.TestSuiteExecutor.execute(TestSuiteExecutor.java:105)
	at com.kms.katalon.core.main.TestCaseMain.startTestSuite(TestCaseMain.java:181)
	at com.kms.katalon.core.main.TestCaseMain$startTestSuite$0.call(Unknown Source)
	at TempTestSuite1642408138931.run(TempTestSuite1642408138931.groovy:36)
Caused by: com.kms.katalon.core.webui.exception.WebElementNotFoundException: Web element with id: 'Object Repository/Utils/Page_CNPM Danh sch thnh vin/input_Danh sch thnh vin_btn btn-secondary my-1' located by '//input[@value='Ghi danh người dùng']' not found
	at com.kms.katalon.core.webui.common.WebUiCommonHelper.findWebElement(WebUiCommonHelper.java:1368)
	at com.kms.katalon.core.webui.keyword.internal.WebUIAbstractKeyword.findWebElement(WebUIAbstractKeyword.groovy:27)
	at com.kms.katalon.core.webui.keyword.builtin.ClickKeyword$_click_closure1.doCall(ClickKeyword.groovy:65)
	at com.kms.katalon.core.webui.keyword.builtin.ClickKeyword$_click_closure1.call(ClickKeyword.groovy)
	at com.kms.katalon.core.webui.keyword.internal.WebUIKeywordMain.runKeyword(WebUIKeywordMain.groovy:20)
	at com.kms.katalon.core.webui.keyword.builtin.ClickKeyword.click(ClickKeyword.groovy:74)
	at com.kms.katalon.core.webui.keyword.builtin.ClickKeyword.execute(ClickKeyword.groovy:40)
	at com.kms.katalon.core.keyword.internal.KeywordExecutor.executeKeywordForPlatform(KeywordExecutor.groovy:74)
	at com.kms.katalon.core.webui.keyword.WebUiBuiltInKeywords.click(WebUiBuiltInKeywords.groovy:620)
	at com.kms.katalon.core.webui.keyword.WebUiBuiltInKeywords$click$1.call(Unknown Source)
	at Script1641906761787.run(Script1641906761787.groovy:36)
	at com.kms.katalon.core.main.ScriptEngine.run(ScriptEngine.java:194)
	at com.kms.katalon.core.main.ScriptEngine.runScriptAsRawText(ScriptEngine.java:119)
	at com.kms.katalon.core.main.TestCaseExecutor.runScript(TestCaseExecutor.java:442)
	at com.kms.katalon.core.main.TestCaseExecutor.doExecute(TestCaseExecutor.java:433)
	at com.kms.katalon.core.main.TestCaseExecutor.processExecutionPhase(TestCaseExecutor.java:412)
	at com.kms.katalon.core.main.TestCaseExecutor.accessMainPhase(TestCaseExecutor.java:404)
	at com.kms.katalon.core.main.TestCaseExecutor.execute(TestCaseExecutor.java:281)
	at com.kms.katalon.core.main.TestCaseMain.runTestCase(TestCaseMain.java:138)
	at com.kms.katalon.core.keyword.builtin.CallTestCaseKeyword$_callTestCase_closure1.doCall(CallTestCaseKeyword.groovy:59)
	at com.kms.katalon.core.keyword.builtin.CallTestCaseKeyword$_callTestCase_closure1.call(CallTestCaseKeyword.groovy)
	at com.kms.katalon.core.keyword.internal.KeywordMain.runKeyword(KeywordMain.groovy:74)
	at com.kms.katalon.core.keyword.builtin.CallTestCaseKeyword.callTestCase(CallTestCaseKeyword.groovy:81)
	at com.kms.katalon.core.keyword.builtin.CallTestCaseKeyword.execute(CallTestCaseKeyword.groovy:44)
	at com.kms.katalon.core.keyword.internal.KeywordExecutor.executeKeywordForPlatform(KeywordExecutor.groovy:74)
	at com.kms.katalon.core.keyword.BuiltinKeywords.callTestCase(BuiltinKeywords.groovy:334)
	at Script1641906223502.run(Script1641906223502.groovy:24)
	... 16 more
)
[[ATTACHMENT|D:\\Cong-Binh Le\\xampp\\htdocs\\moodle\\Test Automation - SE Bonus\\Reports\\20220117_152858\\Run All Test Cases\\20220117_152858\\1642413381873.png]]

2022-01-17 16:56:22 - [MESSAGE][INFO] - 

2022-01-17 16:56:22 - [MESSAGE][INFO] - ===================== Self-healing Report ====================

2022-01-17 16:56:22 - [MESSAGE][INFO] - One of the failed test object locators has been recovered by Self-healing. Please refer to the Self-healing Insights tab for more details.

2022-01-17 16:56:22 - [MESSAGE][INFO] - To learn more about Self-healing, please read https://docs.katalon.com/katalon-studio/docs/self-healing.html

2022-01-17 16:56:22 - [MESSAGE][INFO] - ==============================================================

2022-01-17 16:56:22 - [MESSAGE][FAILED] - Unable to call Test Case 'Test Cases/Utils/Create course CNPM' (Root cause: com.kms.katalon.core.exception.StepFailedException: Call Test Case 'Test Cases/Utils/Create course CNPM' failed
	at com.kms.katalon.core.keyword.builtin.CallTestCaseKeyword$_callTestCase_closure1.doCall(CallTestCaseKeyword.groovy:63)
	at com.kms.katalon.core.keyword.builtin.CallTestCaseKeyword$_callTestCase_closure1.call(CallTestCaseKeyword.groovy)
	at com.kms.katalon.core.keyword.internal.KeywordMain.runKeyword(KeywordMain.groovy:74)
	at com.kms.katalon.core.keyword.builtin.CallTestCaseKeyword.callTestCase(CallTestCaseKeyword.groovy:81)
	at com.kms.katalon.core.keyword.builtin.CallTestCaseKeyword.execute(CallTestCaseKeyword.groovy:44)
	at com.kms.katalon.core.keyword.internal.KeywordExecutor.executeKeywordForPlatform(KeywordExecutor.groovy:74)
	at com.kms.katalon.core.keyword.BuiltinKeywords.callTestCase(BuiltinKeywords.groovy:334)
	at Create folder.run(Create folder:24)
	at com.kms.katalon.core.main.ScriptEngine.run(ScriptEngine.java:194)
	at com.kms.katalon.core.main.ScriptEngine.runScriptAsRawText(ScriptEngine.java:119)
	at com.kms.katalon.core.main.TestCaseExecutor.runScript(TestCaseExecutor.java:442)
	at com.kms.katalon.core.main.TestCaseExecutor.doExecute(TestCaseExecutor.java:433)
	at com.kms.katalon.core.main.TestCaseExecutor.processExecutionPhase(TestCaseExecutor.java:412)
	at com.kms.katalon.core.main.TestCaseExecutor.accessMainPhase(TestCaseExecutor.java:404)
	at com.kms.katalon.core.main.TestCaseExecutor.execute(TestCaseExecutor.java:281)
	at com.kms.katalon.core.main.TestCaseExecutor.execute(TestCaseExecutor.java:363)
	at com.kms.katalon.core.main.TestCaseExecutor.execute(TestCaseExecutor.java:363)
	at com.kms.katalon.core.main.TestCaseExecutor.execute(TestCaseExecutor.java:363)
	at com.kms.katalon.core.main.TestSuiteExecutor.accessTestCaseMainPhase(TestSuiteExecutor.java:202)
	at com.kms.katalon.core.main.TestSuiteExecutor.accessTestSuiteMainPhase(TestSuiteExecutor.java:164)
	at com.kms.katalon.core.main.TestSuiteExecutor.execute(TestSuiteExecutor.java:105)
	at com.kms.katalon.core.main.TestCaseMain.startTestSuite(TestCaseMain.java:181)
	at com.kms.katalon.core.main.TestCaseMain$startTestSuite$0.call(Unknown Source)
	at TempTestSuite1642408138931.run(TempTestSuite1642408138931.groovy:36)
Caused by: com.kms.katalon.core.exception.StepFailedException: Unable to click on object 'Object Repository/Utils/Page_CNPM Danh sch thnh vin/input_Danh sch thnh vin_btn btn-secondary my-1'
	at com.kms.katalon.core.webui.keyword.internal.WebUIKeywordMain.stepFailed(WebUIKeywordMain.groovy:64)
	at com.kms.katalon.core.webui.keyword.internal.WebUIKeywordMain.runKeyword(WebUIKeywordMain.groovy:26)
	at com.kms.katalon.core.webui.keyword.builtin.ClickKeyword.click(ClickKeyword.groovy:74)
	at com.kms.katalon.core.webui.keyword.builtin.ClickKeyword.execute(ClickKeyword.groovy:40)
	at com.kms.katalon.core.keyword.internal.KeywordExecutor.executeKeywordForPlatform(KeywordExecutor.groovy:74)
	at com.kms.katalon.core.webui.keyword.WebUiBuiltInKeywords.click(WebUiBuiltInKeywords.groovy:620)
	at com.kms.katalon.core.webui.keyword.WebUiBuiltInKeywords$click$1.call(Unknown Source)
	at Create course CNPM.run(Create course CNPM:36)
	at com.kms.katalon.core.main.ScriptEngine.run(ScriptEngine.java:194)
	at com.kms.katalon.core.main.ScriptEngine.runScriptAsRawText(ScriptEngine.java:119)
	at com.kms.katalon.core.main.TestCaseExecutor.runScript(TestCaseExecutor.java:442)
	at com.kms.katalon.core.main.TestCaseExecutor.doExecute(TestCaseExecutor.java:433)
	at com.kms.katalon.core.main.TestCaseExecutor.processExecutionPhase(TestCaseExecutor.java:412)
	at com.kms.katalon.core.main.TestCaseExecutor.accessMainPhase(TestCaseExecutor.java:404)
	at com.kms.katalon.core.main.TestCaseExecutor.execute(TestCaseExecutor.java:281)
	at com.kms.katalon.core.main.TestCaseMain.runTestCase(TestCaseMain.java:138)
	at com.kms.katalon.core.keyword.builtin.CallTestCaseKeyword$_callTestCase_closure1.doCall(CallTestCaseKeyword.groovy:59)
	... 23 more
Caused by: com.kms.katalon.core.webui.exception.WebElementNotFoundException: Web element with id: 'Object Repository/Utils/Page_CNPM Danh sch thnh vin/input_Danh sch thnh vin_btn btn-secondary my-1' located by '//input[@value='Ghi danh người dùng']' not found
	at com.kms.katalon.core.webui.common.WebUiCommonHelper.findWebElement(WebUiCommonHelper.java:1368)
	at com.kms.katalon.core.webui.keyword.internal.WebUIAbstractKeyword.findWebElement(WebUIAbstractKeyword.groovy:27)
	at com.kms.katalon.core.webui.keyword.builtin.ClickKeyword$_click_closure1.doCall(ClickKeyword.groovy:65)
	at com.kms.katalon.core.webui.keyword.builtin.ClickKeyword$_click_closure1.call(ClickKeyword.groovy)
	at com.kms.katalon.core.webui.keyword.internal.WebUIKeywordMain.runKeyword(WebUIKeywordMain.groovy:20)
	... 38 more
)]]></system-out>
         <system-err><![CDATA[2022-01-17 16:55:49 - [TEST_CASE][FAILED] - Test Cases/Create folder and quiz/Create folder: Test Cases/Create folder and quiz/Create folder FAILED.
Reason:
com.kms.katalon.core.exception.StepFailedException: Call Test Case 'Test Cases/Utils/Create course CNPM' failed
	at com.kms.katalon.core.keyword.builtin.CallTestCaseKeyword$_callTestCase_closure1.doCall(CallTestCaseKeyword.groovy:63)
	at com.kms.katalon.core.keyword.builtin.CallTestCaseKeyword$_callTestCase_closure1.call(CallTestCaseKeyword.groovy)
	at com.kms.katalon.core.keyword.internal.KeywordMain.runKeyword(KeywordMain.groovy:74)
	at com.kms.katalon.core.keyword.builtin.CallTestCaseKeyword.callTestCase(CallTestCaseKeyword.groovy:81)
	at com.kms.katalon.core.keyword.builtin.CallTestCaseKeyword.execute(CallTestCaseKeyword.groovy:44)
	at com.kms.katalon.core.keyword.internal.KeywordExecutor.executeKeywordForPlatform(KeywordExecutor.groovy:74)
	at com.kms.katalon.core.keyword.BuiltinKeywords.callTestCase(BuiltinKeywords.groovy:334)
	at Create folder.run(Create folder:24)
	at com.kms.katalon.core.main.ScriptEngine.run(ScriptEngine.java:194)
	at com.kms.katalon.core.main.ScriptEngine.runScriptAsRawText(ScriptEngine.java:119)
	at com.kms.katalon.core.main.TestCaseExecutor.runScript(TestCaseExecutor.java:442)
	at com.kms.katalon.core.main.TestCaseExecutor.doExecute(TestCaseExecutor.java:433)
	at com.kms.katalon.core.main.TestCaseExecutor.processExecutionPhase(TestCaseExecutor.java:412)
	at com.kms.katalon.core.main.TestCaseExecutor.accessMainPhase(TestCaseExecutor.java:404)
	at com.kms.katalon.core.main.TestCaseExecutor.execute(TestCaseExecutor.java:281)
	at com.kms.katalon.core.main.TestCaseExecutor.execute(TestCaseExecutor.java:363)
	at com.kms.katalon.core.main.TestCaseExecutor.execute(TestCaseExecutor.java:363)
	at com.kms.katalon.core.main.TestCaseExecutor.execute(TestCaseExecutor.java:363)
	at com.kms.katalon.core.main.TestSuiteExecutor.accessTestCaseMainPhase(TestSuiteExecutor.java:202)
	at com.kms.katalon.core.main.TestSuiteExecutor.accessTestSuiteMainPhase(TestSuiteExecutor.java:164)
	at com.kms.katalon.core.main.TestSuiteExecutor.execute(TestSuiteExecutor.java:105)
	at com.kms.katalon.core.main.TestCaseMain.startTestSuite(TestCaseMain.java:181)
	at com.kms.katalon.core.main.TestCaseMain$startTestSuite$0.call(Unknown Source)
	at TempTestSuite1642408138931.run(TempTestSuite1642408138931.groovy:36)
Caused by: com.kms.katalon.core.exception.StepFailedException: Unable to click on object 'Object Repository/Utils/Page_CNPM Danh sch thnh vin/input_Danh sch thnh vin_btn btn-secondary my-1'
	at com.kms.katalon.core.webui.keyword.internal.WebUIKeywordMain.stepFailed(WebUIKeywordMain.groovy:64)
	at com.kms.katalon.core.webui.keyword.internal.WebUIKeywordMain.runKeyword(WebUIKeywordMain.groovy:26)
	at com.kms.katalon.core.webui.keyword.builtin.ClickKeyword.click(ClickKeyword.groovy:74)
	at com.kms.katalon.core.webui.keyword.builtin.ClickKeyword.execute(ClickKeyword.groovy:40)
	at com.kms.katalon.core.keyword.internal.KeywordExecutor.executeKeywordForPlatform(KeywordExecutor.groovy:74)
	at com.kms.katalon.core.webui.keyword.WebUiBuiltInKeywords.click(WebUiBuiltInKeywords.groovy:620)
	at com.kms.katalon.core.webui.keyword.WebUiBuiltInKeywords$click$1.call(Unknown Source)
	at Create course CNPM.run(Create course CNPM:36)
	at com.kms.katalon.core.main.ScriptEngine.run(ScriptEngine.java:194)
	at com.kms.katalon.core.main.ScriptEngine.runScriptAsRawText(ScriptEngine.java:119)
	at com.kms.katalon.core.main.TestCaseExecutor.runScript(TestCaseExecutor.java:442)
	at com.kms.katalon.core.main.TestCaseExecutor.doExecute(TestCaseExecutor.java:433)
	at com.kms.katalon.core.main.TestCaseExecutor.processExecutionPhase(TestCaseExecutor.java:412)
	at com.kms.katalon.core.main.TestCaseExecutor.accessMainPhase(TestCaseExecutor.java:404)
	at com.kms.katalon.core.main.TestCaseExecutor.execute(TestCaseExecutor.java:281)
	at com.kms.katalon.core.main.TestCaseMain.runTestCase(TestCaseMain.java:138)
	at com.kms.katalon.core.keyword.builtin.CallTestCaseKeyword$_callTestCase_closure1.doCall(CallTestCaseKeyword.groovy:59)
	... 23 more
Caused by: com.kms.katalon.core.webui.exception.WebElementNotFoundException: Web element with id: 'Object Repository/Utils/Page_CNPM Danh sch thnh vin/input_Danh sch thnh vin_btn btn-secondary my-1' located by '//input[@value='Ghi danh người dùng']' not found
	at com.kms.katalon.core.webui.common.WebUiCommonHelper.findWebElement(WebUiCommonHelper.java:1368)
	at com.kms.katalon.core.webui.keyword.internal.WebUIAbstractKeyword.findWebElement(WebUIAbstractKeyword.groovy:27)
	at com.kms.katalon.core.webui.keyword.builtin.ClickKeyword$_click_closure1.doCall(ClickKeyword.groovy:65)
	at com.kms.katalon.core.webui.keyword.builtin.ClickKeyword$_click_closure1.call(ClickKeyword.groovy)
	at com.kms.katalon.core.webui.keyword.internal.WebUIKeywordMain.runKeyword(WebUIKeywordMain.groovy:20)
	... 38 more]]></system-err>
      </testcase>
      <testcase name="Test Cases/Create folder and quiz/Create quiz without title" time="34.297" classname="Test Cases/Create folder and quiz/Create quiz without title" status="FAILED">
         <failure type="FAILED" message="Test Cases/Create folder and quiz/Create quiz without title FAILED.
Reason:
com.kms.katalon.core.exception.StepFailedException: Call Test Case 'Test Cases/Utils/Create course CNPM' failed
	at com.kms.katalon.core.keyword.builtin.CallTestCaseKeyword$_callTestCase_closure1.doCall(CallTestCaseKeyword.groovy:63)
	at com.kms.katalon.core.keyword.builtin.CallTestCaseKeyword$_callTestCase_closure1.call(CallTestCaseKeyword.groovy)
	at com.kms.katalon.core.keyword.internal.KeywordMain.runKeyword(KeywordMain.groovy:74)
	at com.kms.katalon.core.keyword.builtin.CallTestCaseKeyword.callTestCase(CallTestCaseKeyword.groovy:81)
	at com.kms.katalon.core.keyword.builtin.CallTestCaseKeyword.execute(CallTestCaseKeyword.groovy:44)
	at com.kms.katalon.core.keyword.internal.KeywordExecutor.executeKeywordForPlatform(KeywordExecutor.groovy:74)
	at com.kms.katalon.core.keyword.BuiltinKeywords.callTestCase(BuiltinKeywords.groovy:334)
	at Create quiz without title.run(Create quiz without title:24)
	at com.kms.katalon.core.main.ScriptEngine.run(ScriptEngine.java:194)
	at com.kms.katalon.core.main.ScriptEngine.runScriptAsRawText(ScriptEngine.java:119)
	at com.kms.katalon.core.main.TestCaseExecutor.runScript(TestCaseExecutor.java:442)
	at com.kms.katalon.core.main.TestCaseExecutor.doExecute(TestCaseExecutor.java:433)
	at com.kms.katalon.core.main.TestCaseExecutor.processExecutionPhase(TestCaseExecutor.java:412)
	at com.kms.katalon.core.main.TestCaseExecutor.accessMainPhase(TestCaseExecutor.java:404)
	at com.kms.katalon.core.main.TestCaseExecutor.execute(TestCaseExecutor.java:281)
	at com.kms.katalon.core.main.TestCaseExecutor.execute(TestCaseExecutor.java:363)
	at com.kms.katalon.core.main.TestCaseExecutor.execute(TestCaseExecutor.java:363)
	at com.kms.katalon.core.main.TestCaseExecutor.execute(TestCaseExecutor.java:363)
	at com.kms.katalon.core.main.TestSuiteExecutor.accessTestCaseMainPhase(TestSuiteExecutor.java:202)
	at com.kms.katalon.core.main.TestSuiteExecutor.accessTestSuiteMainPhase(TestSuiteExecutor.java:164)
	at com.kms.katalon.core.main.TestSuiteExecutor.execute(TestSuiteExecutor.java:105)
	at com.kms.katalon.core.main.TestCaseMain.startTestSuite(TestCaseMain.java:181)
	at com.kms.katalon.core.main.TestCaseMain$startTestSuite$0.call(Unknown Source)
	at TempTestSuite1642408138931.run(TempTestSuite1642408138931.groovy:36)
Caused by: com.kms.katalon.core.exception.StepFailedException: Unable to click on object 'Object Repository/Utils/Page_CNPM Danh sch thnh vin/input_Danh sch thnh vin_btn btn-secondary my-1'
	at com.kms.katalon.core.webui.keyword.internal.WebUIKeywordMain.stepFailed(WebUIKeywordMain.groovy:64)
	at com.kms.katalon.core.webui.keyword.internal.WebUIKeywordMain.runKeyword(WebUIKeywordMain.groovy:26)
	at com.kms.katalon.core.webui.keyword.builtin.ClickKeyword.click(ClickKeyword.groovy:74)
	at com.kms.katalon.core.webui.keyword.builtin.ClickKeyword.execute(ClickKeyword.groovy:40)
	at com.kms.katalon.core.keyword.internal.KeywordExecutor.executeKeywordForPlatform(KeywordExecutor.groovy:74)
	at com.kms.katalon.core.webui.keyword.WebUiBuiltInKeywords.click(WebUiBuiltInKeywords.groovy:620)
	at com.kms.katalon.core.webui.keyword.WebUiBuiltInKeywords$click$1.call(Unknown Source)
	at Create course CNPM.run(Create course CNPM:36)
	at com.kms.katalon.core.main.ScriptEngine.run(ScriptEngine.java:194)
	at com.kms.katalon.core.main.ScriptEngine.runScriptAsRawText(ScriptEngine.java:119)
	at com.kms.katalon.core.main.TestCaseExecutor.runScript(TestCaseExecutor.java:442)
	at com.kms.katalon.core.main.TestCaseExecutor.doExecute(TestCaseExecutor.java:433)
	at com.kms.katalon.core.main.TestCaseExecutor.processExecutionPhase(TestCaseExecutor.java:412)
	at com.kms.katalon.core.main.TestCaseExecutor.accessMainPhase(TestCaseExecutor.java:404)
	at com.kms.katalon.core.main.TestCaseExecutor.execute(TestCaseExecutor.java:281)
	at com.kms.katalon.core.main.TestCaseMain.runTestCase(TestCaseMain.java:138)
	at com.kms.katalon.core.keyword.builtin.CallTestCaseKeyword$_callTestCase_closure1.doCall(CallTestCaseKeyword.groovy:59)
	... 23 more
Caused by: com.kms.katalon.core.webui.exception.WebElementNotFoundException: Web element with id: 'Object Repository/Utils/Page_CNPM Danh sch thnh vin/input_Danh sch thnh vin_btn btn-secondary my-1' located by '//input[@value='Ghi danh người dùng']' not found
	at com.kms.katalon.core.webui.common.WebUiCommonHelper.findWebElement(WebUiCommonHelper.java:1368)
	at com.kms.katalon.core.webui.keyword.internal.WebUIAbstractKeyword.findWebElement(WebUIAbstractKeyword.groovy:27)
	at com.kms.katalon.core.webui.keyword.builtin.ClickKeyword$_click_closure1.doCall(ClickKeyword.groovy:65)
	at com.kms.katalon.core.webui.keyword.builtin.ClickKeyword$_click_closure1.call(ClickKeyword.groovy)
	at com.kms.katalon.core.webui.keyword.internal.WebUIKeywordMain.runKeyword(WebUIKeywordMain.groovy:20)
	... 38 more
"/>
         <system-out><![CDATA[2022-01-17 16:58:04 - [TEST_CASE][FAILED] - Test Cases/Create folder and quiz/Create quiz without title: Test Cases/Create folder and quiz/Create quiz without title FAILED.
Reason:
com.kms.katalon.core.exception.StepFailedException: Call Test Case 'Test Cases/Utils/Create course CNPM' failed
	at com.kms.katalon.core.keyword.builtin.CallTestCaseKeyword$_callTestCase_closure1.doCall(CallTestCaseKeyword.groovy:63)
	at com.kms.katalon.core.keyword.builtin.CallTestCaseKeyword$_callTestCase_closure1.call(CallTestCaseKeyword.groovy)
	at com.kms.katalon.core.keyword.internal.KeywordMain.runKeyword(KeywordMain.groovy:74)
	at com.kms.katalon.core.keyword.builtin.CallTestCaseKeyword.callTestCase(CallTestCaseKeyword.groovy:81)
	at com.kms.katalon.core.keyword.builtin.CallTestCaseKeyword.execute(CallTestCaseKeyword.groovy:44)
	at com.kms.katalon.core.keyword.internal.KeywordExecutor.executeKeywordForPlatform(KeywordExecutor.groovy:74)
	at com.kms.katalon.core.keyword.BuiltinKeywords.callTestCase(BuiltinKeywords.groovy:334)
	at Create quiz without title.run(Create quiz without title:24)
	at com.kms.katalon.core.main.ScriptEngine.run(ScriptEngine.java:194)
	at com.kms.katalon.core.main.ScriptEngine.runScriptAsRawText(ScriptEngine.java:119)
	at com.kms.katalon.core.main.TestCaseExecutor.runScript(TestCaseExecutor.java:442)
	at com.kms.katalon.core.main.TestCaseExecutor.doExecute(TestCaseExecutor.java:433)
	at com.kms.katalon.core.main.TestCaseExecutor.processExecutionPhase(TestCaseExecutor.java:412)
	at com.kms.katalon.core.main.TestCaseExecutor.accessMainPhase(TestCaseExecutor.java:404)
	at com.kms.katalon.core.main.TestCaseExecutor.execute(TestCaseExecutor.java:281)
	at com.kms.katalon.core.main.TestCaseExecutor.execute(TestCaseExecutor.java:363)
	at com.kms.katalon.core.main.TestCaseExecutor.execute(TestCaseExecutor.java:363)
	at com.kms.katalon.core.main.TestCaseExecutor.execute(TestCaseExecutor.java:363)
	at com.kms.katalon.core.main.TestSuiteExecutor.accessTestCaseMainPhase(TestSuiteExecutor.java:202)
	at com.kms.katalon.core.main.TestSuiteExecutor.accessTestSuiteMainPhase(TestSuiteExecutor.java:164)
	at com.kms.katalon.core.main.TestSuiteExecutor.execute(TestSuiteExecutor.java:105)
	at com.kms.katalon.core.main.TestCaseMain.startTestSuite(TestCaseMain.java:181)
	at com.kms.katalon.core.main.TestCaseMain$startTestSuite$0.call(Unknown Source)
	at TempTestSuite1642408138931.run(TempTestSuite1642408138931.groovy:36)
Caused by: com.kms.katalon.core.exception.StepFailedException: Unable to click on object 'Object Repository/Utils/Page_CNPM Danh sch thnh vin/input_Danh sch thnh vin_btn btn-secondary my-1'
	at com.kms.katalon.core.webui.keyword.internal.WebUIKeywordMain.stepFailed(WebUIKeywordMain.groovy:64)
	at com.kms.katalon.core.webui.keyword.internal.WebUIKeywordMain.runKeyword(WebUIKeywordMain.groovy:26)
	at com.kms.katalon.core.webui.keyword.builtin.ClickKeyword.click(ClickKeyword.groovy:74)
	at com.kms.katalon.core.webui.keyword.builtin.ClickKeyword.execute(ClickKeyword.groovy:40)
	at com.kms.katalon.core.keyword.internal.KeywordExecutor.executeKeywordForPlatform(KeywordExecutor.groovy:74)
	at com.kms.katalon.core.webui.keyword.WebUiBuiltInKeywords.click(WebUiBuiltInKeywords.groovy:620)
	at com.kms.katalon.core.webui.keyword.WebUiBuiltInKeywords$click$1.call(Unknown Source)
	at Create course CNPM.run(Create course CNPM:36)
	at com.kms.katalon.core.main.ScriptEngine.run(ScriptEngine.java:194)
	at com.kms.katalon.core.main.ScriptEngine.runScriptAsRawText(ScriptEngine.java:119)
	at com.kms.katalon.core.main.TestCaseExecutor.runScript(TestCaseExecutor.java:442)
	at com.kms.katalon.core.main.TestCaseExecutor.doExecute(TestCaseExecutor.java:433)
	at com.kms.katalon.core.main.TestCaseExecutor.processExecutionPhase(TestCaseExecutor.java:412)
	at com.kms.katalon.core.main.TestCaseExecutor.accessMainPhase(TestCaseExecutor.java:404)
	at com.kms.katalon.core.main.TestCaseExecutor.execute(TestCaseExecutor.java:281)
	at com.kms.katalon.core.main.TestCaseMain.runTestCase(TestCaseMain.java:138)
	at com.kms.katalon.core.keyword.builtin.CallTestCaseKeyword$_callTestCase_closure1.doCall(CallTestCaseKeyword.groovy:59)
	... 23 more
Caused by: com.kms.katalon.core.webui.exception.WebElementNotFoundException: Web element with id: 'Object Repository/Utils/Page_CNPM Danh sch thnh vin/input_Danh sch thnh vin_btn btn-secondary my-1' located by '//input[@value='Ghi danh người dùng']' not found
	at com.kms.katalon.core.webui.common.WebUiCommonHelper.findWebElement(WebUiCommonHelper.java:1368)
	at com.kms.katalon.core.webui.keyword.internal.WebUIAbstractKeyword.findWebElement(WebUIAbstractKeyword.groovy:27)
	at com.kms.katalon.core.webui.keyword.builtin.ClickKeyword$_click_closure1.doCall(ClickKeyword.groovy:65)
	at com.kms.katalon.core.webui.keyword.builtin.ClickKeyword$_click_closure1.call(ClickKeyword.groovy)
	at com.kms.katalon.core.webui.keyword.internal.WebUIKeywordMain.runKeyword(WebUIKeywordMain.groovy:20)
	... 38 more


2022-01-17 16:58:04 - [TEST_STEP][PASSED] - openBrowser(""): Browser is opened with url: ''

2022-01-17 16:58:04 - [MESSAGE][WARNING] - A browser is already opened. Closing browser and opening a new one

2022-01-17 16:58:05 - [MESSAGE][INFO] - Starting 'Chrome' driver

2022-01-17 16:58:05 - [MESSAGE][INFO] - Action delay is set to 0 milliseconds

2022-01-17 16:58:06 - [MESSAGE][PASSED] - Browser is opened with url: ''

2022-01-17 16:58:06 - [TEST_STEP][PASSED] - navigateToUrl("http://localhost/"): Navigate to 'http://localhost/' successfully

2022-01-17 16:58:07 - [MESSAGE][PASSED] - Navigate to 'http://localhost/' successfully

2022-01-17 16:58:07 - [TEST_STEP][FAILED] - callTestCase(findTestCase("Utils/Create course CNPM"), [:], STOP_ON_FAILURE): Unable to call Test Case 'Test Cases/Utils/Create course CNPM' (Root cause: com.kms.katalon.core.exception.StepFailedException: Call Test Case 'Test Cases/Utils/Create course CNPM' failed
	at com.kms.katalon.core.keyword.builtin.CallTestCaseKeyword$_callTestCase_closure1.doCall(CallTestCaseKeyword.groovy:63)
	at com.kms.katalon.core.keyword.builtin.CallTestCaseKeyword$_callTestCase_closure1.call(CallTestCaseKeyword.groovy)
	at com.kms.katalon.core.keyword.internal.KeywordMain.runKeyword(KeywordMain.groovy:74)
	at com.kms.katalon.core.keyword.builtin.CallTestCaseKeyword.callTestCase(CallTestCaseKeyword.groovy:81)
	at com.kms.katalon.core.keyword.builtin.CallTestCaseKeyword.execute(CallTestCaseKeyword.groovy:44)
	at com.kms.katalon.core.keyword.internal.KeywordExecutor.executeKeywordForPlatform(KeywordExecutor.groovy:74)
	at com.kms.katalon.core.keyword.BuiltinKeywords.callTestCase(BuiltinKeywords.groovy:334)
	at Create quiz without title.run(Create quiz without title:24)
	at com.kms.katalon.core.main.ScriptEngine.run(ScriptEngine.java:194)
	at com.kms.katalon.core.main.ScriptEngine.runScriptAsRawText(ScriptEngine.java:119)
	at com.kms.katalon.core.main.TestCaseExecutor.runScript(TestCaseExecutor.java:442)
	at com.kms.katalon.core.main.TestCaseExecutor.doExecute(TestCaseExecutor.java:433)
	at com.kms.katalon.core.main.TestCaseExecutor.processExecutionPhase(TestCaseExecutor.java:412)
	at com.kms.katalon.core.main.TestCaseExecutor.accessMainPhase(TestCaseExecutor.java:404)
	at com.kms.katalon.core.main.TestCaseExecutor.execute(TestCaseExecutor.java:281)
	at com.kms.katalon.core.main.TestCaseExecutor.execute(TestCaseExecutor.java:363)
	at com.kms.katalon.core.main.TestCaseExecutor.execute(TestCaseExecutor.java:363)
	at com.kms.katalon.core.main.TestCaseExecutor.execute(TestCaseExecutor.java:363)
	at com.kms.katalon.core.main.TestSuiteExecutor.accessTestCaseMainPhase(TestSuiteExecutor.java:202)
	at com.kms.katalon.core.main.TestSuiteExecutor.accessTestSuiteMainPhase(TestSuiteExecutor.java:164)
	at com.kms.katalon.core.main.TestSuiteExecutor.execute(TestSuiteExecutor.java:105)
	at com.kms.katalon.core.main.TestCaseMain.startTestSuite(TestCaseMain.java:181)
	at com.kms.katalon.core.main.TestCaseMain$startTestSuite$0.call(Unknown Source)
	at TempTestSuite1642408138931.run(TempTestSuite1642408138931.groovy:36)
Caused by: com.kms.katalon.core.exception.StepFailedException: Unable to click on object 'Object Repository/Utils/Page_CNPM Danh sch thnh vin/input_Danh sch thnh vin_btn btn-secondary my-1'
	at com.kms.katalon.core.webui.keyword.internal.WebUIKeywordMain.stepFailed(WebUIKeywordMain.groovy:64)
	at com.kms.katalon.core.webui.keyword.internal.WebUIKeywordMain.runKeyword(WebUIKeywordMain.groovy:26)
	at com.kms.katalon.core.webui.keyword.builtin.ClickKeyword.click(ClickKeyword.groovy:74)
	at com.kms.katalon.core.webui.keyword.builtin.ClickKeyword.execute(ClickKeyword.groovy:40)
	at com.kms.katalon.core.keyword.internal.KeywordExecutor.executeKeywordForPlatform(KeywordExecutor.groovy:74)
	at com.kms.katalon.core.webui.keyword.WebUiBuiltInKeywords.click(WebUiBuiltInKeywords.groovy:620)
	at com.kms.katalon.core.webui.keyword.WebUiBuiltInKeywords$click$1.call(Unknown Source)
	at Create course CNPM.run(Create course CNPM:36)
	at com.kms.katalon.core.main.ScriptEngine.run(ScriptEngine.java:194)
	at com.kms.katalon.core.main.ScriptEngine.runScriptAsRawText(ScriptEngine.java:119)
	at com.kms.katalon.core.main.TestCaseExecutor.runScript(TestCaseExecutor.java:442)
	at com.kms.katalon.core.main.TestCaseExecutor.doExecute(TestCaseExecutor.java:433)
	at com.kms.katalon.core.main.TestCaseExecutor.processExecutionPhase(TestCaseExecutor.java:412)
	at com.kms.katalon.core.main.TestCaseExecutor.accessMainPhase(TestCaseExecutor.java:404)
	at com.kms.katalon.core.main.TestCaseExecutor.execute(TestCaseExecutor.java:281)
	at com.kms.katalon.core.main.TestCaseMain.runTestCase(TestCaseMain.java:138)
	at com.kms.katalon.core.keyword.builtin.CallTestCaseKeyword$_callTestCase_closure1.doCall(CallTestCaseKeyword.groovy:59)
	... 23 more
Caused by: com.kms.katalon.core.webui.exception.WebElementNotFoundException: Web element with id: 'Object Repository/Utils/Page_CNPM Danh sch thnh vin/input_Danh sch thnh vin_btn btn-secondary my-1' located by '//input[@value='Ghi danh người dùng']' not found
	at com.kms.katalon.core.webui.common.WebUiCommonHelper.findWebElement(WebUiCommonHelper.java:1368)
	at com.kms.katalon.core.webui.keyword.internal.WebUIAbstractKeyword.findWebElement(WebUIAbstractKeyword.groovy:27)
	at com.kms.katalon.core.webui.keyword.builtin.ClickKeyword$_click_closure1.doCall(ClickKeyword.groovy:65)
	at com.kms.katalon.core.webui.keyword.builtin.ClickKeyword$_click_closure1.call(ClickKeyword.groovy)
	at com.kms.katalon.core.webui.keyword.internal.WebUIKeywordMain.runKeyword(WebUIKeywordMain.groovy:20)
	... 38 more
)

2022-01-17 16:58:07 - [TEST_CASE][FAILED] - Test Cases/Utils/Create course CNPM: Test Cases/Utils/Create course CNPM FAILED.
Reason:
com.kms.katalon.core.exception.StepFailedException: Unable to click on object 'Object Repository/Utils/Page_CNPM Danh sch thnh vin/input_Danh sch thnh vin_btn btn-secondary my-1'
	at com.kms.katalon.core.webui.keyword.internal.WebUIKeywordMain.stepFailed(WebUIKeywordMain.groovy:64)
	at com.kms.katalon.core.webui.keyword.internal.WebUIKeywordMain.runKeyword(WebUIKeywordMain.groovy:26)
	at com.kms.katalon.core.webui.keyword.builtin.ClickKeyword.click(ClickKeyword.groovy:74)
	at com.kms.katalon.core.webui.keyword.builtin.ClickKeyword.execute(ClickKeyword.groovy:40)
	at com.kms.katalon.core.keyword.internal.KeywordExecutor.executeKeywordForPlatform(KeywordExecutor.groovy:74)
	at com.kms.katalon.core.webui.keyword.WebUiBuiltInKeywords.click(WebUiBuiltInKeywords.groovy:620)
	at com.kms.katalon.core.webui.keyword.WebUiBuiltInKeywords$click$1.call(Unknown Source)
	at Create course CNPM.run(Create course CNPM:36)
	at com.kms.katalon.core.main.ScriptEngine.run(ScriptEngine.java:194)
	at com.kms.katalon.core.main.ScriptEngine.runScriptAsRawText(ScriptEngine.java:119)
	at com.kms.katalon.core.main.TestCaseExecutor.runScript(TestCaseExecutor.java:442)
	at com.kms.katalon.core.main.TestCaseExecutor.doExecute(TestCaseExecutor.java:433)
	at com.kms.katalon.core.main.TestCaseExecutor.processExecutionPhase(TestCaseExecutor.java:412)
	at com.kms.katalon.core.main.TestCaseExecutor.accessMainPhase(TestCaseExecutor.java:404)
	at com.kms.katalon.core.main.TestCaseExecutor.execute(TestCaseExecutor.java:281)
	at com.kms.katalon.core.main.TestCaseMain.runTestCase(TestCaseMain.java:138)
	at com.kms.katalon.core.keyword.builtin.CallTestCaseKeyword$_callTestCase_closure1.doCall(CallTestCaseKeyword.groovy:59)
	at com.kms.katalon.core.keyword.builtin.CallTestCaseKeyword$_callTestCase_closure1.call(CallTestCaseKeyword.groovy)
	at com.kms.katalon.core.keyword.internal.KeywordMain.runKeyword(KeywordMain.groovy:74)
	at com.kms.katalon.core.keyword.builtin.CallTestCaseKeyword.callTestCase(CallTestCaseKeyword.groovy:81)
	at com.kms.katalon.core.keyword.builtin.CallTestCaseKeyword.execute(CallTestCaseKeyword.groovy:44)
	at com.kms.katalon.core.keyword.internal.KeywordExecutor.executeKeywordForPlatform(KeywordExecutor.groovy:74)
	at com.kms.katalon.core.keyword.BuiltinKeywords.callTestCase(BuiltinKeywords.groovy:334)
	at Create quiz without title.run(Create quiz without title:24)
	at com.kms.katalon.core.main.ScriptEngine.run(ScriptEngine.java:194)
	at com.kms.katalon.core.main.ScriptEngine.runScriptAsRawText(ScriptEngine.java:119)
	at com.kms.katalon.core.main.TestCaseExecutor.runScript(TestCaseExecutor.java:442)
	at com.kms.katalon.core.main.TestCaseExecutor.doExecute(TestCaseExecutor.java:433)
	at com.kms.katalon.core.main.TestCaseExecutor.processExecutionPhase(TestCaseExecutor.java:412)
	at com.kms.katalon.core.main.TestCaseExecutor.accessMainPhase(TestCaseExecutor.java:404)
	at com.kms.katalon.core.main.TestCaseExecutor.execute(TestCaseExecutor.java:281)
	at com.kms.katalon.core.main.TestCaseExecutor.execute(TestCaseExecutor.java:363)
	at com.kms.katalon.core.main.TestCaseExecutor.execute(TestCaseExecutor.java:363)
	at com.kms.katalon.core.main.TestCaseExecutor.execute(TestCaseExecutor.java:363)
	at com.kms.katalon.core.main.TestSuiteExecutor.accessTestCaseMainPhase(TestSuiteExecutor.java:202)
	at com.kms.katalon.core.main.TestSuiteExecutor.accessTestSuiteMainPhase(TestSuiteExecutor.java:164)
	at com.kms.katalon.core.main.TestSuiteExecutor.execute(TestSuiteExecutor.java:105)
	at com.kms.katalon.core.main.TestCaseMain.startTestSuite(TestCaseMain.java:181)
	at com.kms.katalon.core.main.TestCaseMain$startTestSuite$0.call(Unknown Source)
	at TempTestSuite1642408138931.run(TempTestSuite1642408138931.groovy:36)
Caused by: com.kms.katalon.core.webui.exception.WebElementNotFoundException: Web element with id: 'Object Repository/Utils/Page_CNPM Danh sch thnh vin/input_Danh sch thnh vin_btn btn-secondary my-1' located by '//input[@value='Ghi danh người dùng']' not found
	at com.kms.katalon.core.webui.common.WebUiCommonHelper.findWebElement(WebUiCommonHelper.java:1368)
	at com.kms.katalon.core.webui.keyword.internal.WebUIAbstractKeyword.findWebElement(WebUIAbstractKeyword.groovy:27)
	at com.kms.katalon.core.webui.keyword.builtin.ClickKeyword$_click_closure1.doCall(ClickKeyword.groovy:65)
	at com.kms.katalon.core.webui.keyword.builtin.ClickKeyword$_click_closure1.call(ClickKeyword.groovy)
	at com.kms.katalon.core.webui.keyword.internal.WebUIKeywordMain.runKeyword(WebUIKeywordMain.groovy:20)
	... 38 more


2022-01-17 16:58:07 - [TEST_STEP][PASSED] - callTestCase(findTestCase("Utils/Login as admin"), [:], STOP_ON_FAILURE): Call Test Case 'Test Cases/Utils/Login as admin' successfully

2022-01-17 16:58:07 - [TEST_CASE][PASSED] - Test Cases/Utils/Login as admin: Test Cases/Utils/Login as admin

2022-01-17 16:58:07 - [TEST_STEP][PASSED] - click(findTestObject("View course grade/Page_Local Moodle/a_Log in")): Object: 'Object Repository/View course grade/Page_Local Moodle/a_Log in' is clicked on

2022-01-17 16:58:08 - [MESSAGE][PASSED] - Object: 'Object Repository/View course grade/Page_Local Moodle/a_Log in' is clicked on

2022-01-17 16:58:08 - [TEST_STEP][PASSED] - setText(findTestObject("View course grade/Page_Local Moodle Log in to the site/input_Username_username"), "admin"): Text 'admin' is set on object 'Object Repository/View course grade/Page_Local Moodle Log in to the site/input_Username_username'

2022-01-17 16:58:09 - [MESSAGE][PASSED] - Text 'admin' is set on object 'Object Repository/View course grade/Page_Local Moodle Log in to the site/input_Username_username'

2022-01-17 16:58:09 - [TEST_STEP][PASSED] - setEncryptedText(findTestObject("View course grade/Page_Local Moodle Log in to the site/input_Password_password"), "bfAykA/oWJ09FXmiKh6lyuuLu8QhG1K5"): Text ****** has been set on object 'Object Repository/View course grade/Page_Local Moodle Log in to the site/input_Password_password'

2022-01-17 16:58:09 - [MESSAGE][PASSED] - Text ****** has been set on object 'Object Repository/View course grade/Page_Local Moodle Log in to the site/input_Password_password'

2022-01-17 16:58:09 - [TEST_STEP][PASSED] - click(findTestObject("View course grade/Page_Local Moodle Log in to the site/button_Log in")): Object: 'Object Repository/View course grade/Page_Local Moodle Log in to the site/button_Log in' is clicked on

2022-01-17 16:58:11 - [MESSAGE][PASSED] - Object: 'Object Repository/View course grade/Page_Local Moodle Log in to the site/button_Log in' is clicked on

2022-01-17 16:58:11 - [MESSAGE][PASSED] - Call Test Case 'Test Cases/Utils/Login as admin' successfully

2022-01-17 16:58:11 - [TEST_STEP][PASSED] - click(findTestObject("Object Repository/Utils/Page_Nh ca ti/span_Qun tr khu vc")): Object: 'Object Repository/Utils/Page_Nh ca ti/span_Qun tr khu vc' is clicked on

2022-01-17 16:58:15 - [MESSAGE][PASSED] - Object: 'Object Repository/Utils/Page_Nh ca ti/span_Qun tr khu vc' is clicked on

2022-01-17 16:58:15 - [TEST_STEP][PASSED] - click(findTestObject("Object Repository/Utils/Page_Moodle Khu vc qun tr Tm kim/a_Kho hc")): Object: 'Object Repository/Utils/Page_Moodle Khu vc qun tr Tm kim/a_Kho hc' is clicked on

2022-01-17 16:58:15 - [MESSAGE][PASSED] - Object: 'Object Repository/Utils/Page_Moodle Khu vc qun tr Tm kim/a_Kho hc' is clicked on

2022-01-17 16:58:15 - [TEST_STEP][PASSED] - click(findTestObject("Object Repository/Utils/Page_Moodle Khu vc qun tr Tm kim/a_Thmsa cc kho hc")): Object: 'Object Repository/Utils/Page_Moodle Khu vc qun tr Tm kim/a_Thmsa cc kho hc' is clicked on

2022-01-17 16:58:17 - [MESSAGE][PASSED] - Object: 'Object Repository/Utils/Page_Moodle Khu vc qun tr Tm kim/a_Thmsa cc kho hc' is clicked on

2022-01-17 16:58:17 - [TEST_STEP][PASSED] - click(findTestObject("Object Repository/Utils/Page_Qun l kha hc v danh mc kha hc/a_To kha hc mi")): Object: 'Object Repository/Utils/Page_Qun l kha hc v danh mc kha hc/a_To kha hc mi' is clicked on

2022-01-17 16:58:23 - [MESSAGE][INFO] - Unable to find the element located by 'By.xpath: //div[@id='yui_3_17_2_1_1641906891631_57']/div/div/a'. Please recheck the objects properties to make sure the desired element is located. 

2022-01-17 16:58:23 - [MESSAGE][WARNING] - [SELF-HEALING] Failed to find element with id 'Object Repository/Utils/Page_Qun l kha hc v danh mc kha hc/a_To kha hc mi'. Try using Self-healing.

2022-01-17 16:58:23 - [MESSAGE][WARNING] - [SELF-HEALING] The current locator of test object 'Object Repository/Utils/Page_Qun l kha hc v danh mc kha hc/a_To kha hc mi' was broken. Propose an alternative one: '//a[contains(text(),'Tạo khóa học mới')]'.

2022-01-17 16:58:24 - [MESSAGE][PASSED] - Object: 'Object Repository/Utils/Page_Qun l kha hc v danh mc kha hc/a_To kha hc mi' is clicked on

2022-01-17 16:58:24 - [TEST_STEP][PASSED] - setText(findTestObject("Object Repository/Utils/Page_Moodle Thm kho hc mi/input_Tn y_fullname"), "Nhập môn Công nghệ phần mềm"): Text 'Nhập môn Công nghệ phần mềm' is set on object 'Object Repository/Utils/Page_Moodle Thm kho hc mi/input_Tn y_fullname'

2022-01-17 16:58:26 - [MESSAGE][PASSED] - Text 'Nhập môn Công nghệ phần mềm' is set on object 'Object Repository/Utils/Page_Moodle Thm kho hc mi/input_Tn y_fullname'

2022-01-17 16:58:26 - [TEST_STEP][PASSED] - setText(findTestObject("Object Repository/Utils/Page_Moodle Thm kho hc mi/input_Tn rt gn ca kho hc_shortname"), "CNPM"): Text 'CNPM' is set on object 'Object Repository/Utils/Page_Moodle Thm kho hc mi/input_Tn rt gn ca kho hc_shortname'

2022-01-17 16:58:27 - [MESSAGE][PASSED] - Text 'CNPM' is set on object 'Object Repository/Utils/Page_Moodle Thm kho hc mi/input_Tn rt gn ca kho hc_shortname'

2022-01-17 16:58:27 - [TEST_STEP][PASSED] - click(findTestObject("Object Repository/Utils/Page_Moodle Thm kho hc mi/input__saveanddisplay")): Object: 'Object Repository/Utils/Page_Moodle Thm kho hc mi/input__saveanddisplay' is clicked on

2022-01-17 16:58:29 - [MESSAGE][PASSED] - Object: 'Object Repository/Utils/Page_Moodle Thm kho hc mi/input__saveanddisplay' is clicked on

2022-01-17 16:58:29 - [TEST_STEP][FAILED] - click(findTestObject("Object Repository/Utils/Page_CNPM Danh sch thnh vin/input_Danh sch thnh vin_btn btn-secondary my-1")): Unable to click on object 'Object Repository/Utils/Page_CNPM Danh sch thnh vin/input_Danh sch thnh vin_btn btn-secondary my-1' (Root cause: com.kms.katalon.core.exception.StepFailedException: Unable to click on object 'Object Repository/Utils/Page_CNPM Danh sch thnh vin/input_Danh sch thnh vin_btn btn-secondary my-1'
	at com.kms.katalon.core.webui.keyword.internal.WebUIKeywordMain.stepFailed(WebUIKeywordMain.groovy:64)
	at com.kms.katalon.core.webui.keyword.internal.WebUIKeywordMain.runKeyword(WebUIKeywordMain.groovy:26)
	at com.kms.katalon.core.webui.keyword.builtin.ClickKeyword.click(ClickKeyword.groovy:74)
	at com.kms.katalon.core.webui.keyword.builtin.ClickKeyword.execute(ClickKeyword.groovy:40)
	at com.kms.katalon.core.keyword.internal.KeywordExecutor.executeKeywordForPlatform(KeywordExecutor.groovy:74)
	at com.kms.katalon.core.webui.keyword.WebUiBuiltInKeywords.click(WebUiBuiltInKeywords.groovy:620)
	at com.kms.katalon.core.webui.keyword.WebUiBuiltInKeywords$click$1.call(Unknown Source)
	at Create course CNPM.run(Create course CNPM:36)
	at com.kms.katalon.core.main.ScriptEngine.run(ScriptEngine.java:194)
	at com.kms.katalon.core.main.ScriptEngine.runScriptAsRawText(ScriptEngine.java:119)
	at com.kms.katalon.core.main.TestCaseExecutor.runScript(TestCaseExecutor.java:442)
	at com.kms.katalon.core.main.TestCaseExecutor.doExecute(TestCaseExecutor.java:433)
	at com.kms.katalon.core.main.TestCaseExecutor.processExecutionPhase(TestCaseExecutor.java:412)
	at com.kms.katalon.core.main.TestCaseExecutor.accessMainPhase(TestCaseExecutor.java:404)
	at com.kms.katalon.core.main.TestCaseExecutor.execute(TestCaseExecutor.java:281)
	at com.kms.katalon.core.main.TestCaseMain.runTestCase(TestCaseMain.java:138)
	at com.kms.katalon.core.keyword.builtin.CallTestCaseKeyword$_callTestCase_closure1.doCall(CallTestCaseKeyword.groovy:59)
	at com.kms.katalon.core.keyword.builtin.CallTestCaseKeyword$_callTestCase_closure1.call(CallTestCaseKeyword.groovy)
	at com.kms.katalon.core.keyword.internal.KeywordMain.runKeyword(KeywordMain.groovy:74)
	at com.kms.katalon.core.keyword.builtin.CallTestCaseKeyword.callTestCase(CallTestCaseKeyword.groovy:81)
	at com.kms.katalon.core.keyword.builtin.CallTestCaseKeyword.execute(CallTestCaseKeyword.groovy:44)
	at com.kms.katalon.core.keyword.internal.KeywordExecutor.executeKeywordForPlatform(KeywordExecutor.groovy:74)
	at com.kms.katalon.core.keyword.BuiltinKeywords.callTestCase(BuiltinKeywords.groovy:334)
	at Create quiz without title.run(Create quiz without title:24)
	at com.kms.katalon.core.main.ScriptEngine.run(ScriptEngine.java:194)
	at com.kms.katalon.core.main.ScriptEngine.runScriptAsRawText(ScriptEngine.java:119)
	at com.kms.katalon.core.main.TestCaseExecutor.runScript(TestCaseExecutor.java:442)
	at com.kms.katalon.core.main.TestCaseExecutor.doExecute(TestCaseExecutor.java:433)
	at com.kms.katalon.core.main.TestCaseExecutor.processExecutionPhase(TestCaseExecutor.java:412)
	at com.kms.katalon.core.main.TestCaseExecutor.accessMainPhase(TestCaseExecutor.java:404)
	at com.kms.katalon.core.main.TestCaseExecutor.execute(TestCaseExecutor.java:281)
	at com.kms.katalon.core.main.TestCaseExecutor.execute(TestCaseExecutor.java:363)
	at com.kms.katalon.core.main.TestCaseExecutor.execute(TestCaseExecutor.java:363)
	at com.kms.katalon.core.main.TestCaseExecutor.execute(TestCaseExecutor.java:363)
	at com.kms.katalon.core.main.TestSuiteExecutor.accessTestCaseMainPhase(TestSuiteExecutor.java:202)
	at com.kms.katalon.core.main.TestSuiteExecutor.accessTestSuiteMainPhase(TestSuiteExecutor.java:164)
	at com.kms.katalon.core.main.TestSuiteExecutor.execute(TestSuiteExecutor.java:105)
	at com.kms.katalon.core.main.TestCaseMain.startTestSuite(TestCaseMain.java:181)
	at com.kms.katalon.core.main.TestCaseMain$startTestSuite$0.call(Unknown Source)
	at TempTestSuite1642408138931.run(TempTestSuite1642408138931.groovy:36)
Caused by: com.kms.katalon.core.webui.exception.WebElementNotFoundException: Web element with id: 'Object Repository/Utils/Page_CNPM Danh sch thnh vin/input_Danh sch thnh vin_btn btn-secondary my-1' located by '//input[@value='Ghi danh người dùng']' not found
	at com.kms.katalon.core.webui.common.WebUiCommonHelper.findWebElement(WebUiCommonHelper.java:1368)
	at com.kms.katalon.core.webui.keyword.internal.WebUIAbstractKeyword.findWebElement(WebUIAbstractKeyword.groovy:27)
	at com.kms.katalon.core.webui.keyword.builtin.ClickKeyword$_click_closure1.doCall(ClickKeyword.groovy:65)
	at com.kms.katalon.core.webui.keyword.builtin.ClickKeyword$_click_closure1.call(ClickKeyword.groovy)
	at com.kms.katalon.core.webui.keyword.internal.WebUIKeywordMain.runKeyword(WebUIKeywordMain.groovy:20)
	at com.kms.katalon.core.webui.keyword.builtin.ClickKeyword.click(ClickKeyword.groovy:74)
	at com.kms.katalon.core.webui.keyword.builtin.ClickKeyword.execute(ClickKeyword.groovy:40)
	at com.kms.katalon.core.keyword.internal.KeywordExecutor.executeKeywordForPlatform(KeywordExecutor.groovy:74)
	at com.kms.katalon.core.webui.keyword.WebUiBuiltInKeywords.click(WebUiBuiltInKeywords.groovy:620)
	at com.kms.katalon.core.webui.keyword.WebUiBuiltInKeywords$click$1.call(Unknown Source)
	at Script1641906761787.run(Script1641906761787.groovy:36)
	at com.kms.katalon.core.main.ScriptEngine.run(ScriptEngine.java:194)
	at com.kms.katalon.core.main.ScriptEngine.runScriptAsRawText(ScriptEngine.java:119)
	at com.kms.katalon.core.main.TestCaseExecutor.runScript(TestCaseExecutor.java:442)
	at com.kms.katalon.core.main.TestCaseExecutor.doExecute(TestCaseExecutor.java:433)
	at com.kms.katalon.core.main.TestCaseExecutor.processExecutionPhase(TestCaseExecutor.java:412)
	at com.kms.katalon.core.main.TestCaseExecutor.accessMainPhase(TestCaseExecutor.java:404)
	at com.kms.katalon.core.main.TestCaseExecutor.execute(TestCaseExecutor.java:281)
	at com.kms.katalon.core.main.TestCaseMain.runTestCase(TestCaseMain.java:138)
	at com.kms.katalon.core.keyword.builtin.CallTestCaseKeyword$_callTestCase_closure1.doCall(CallTestCaseKeyword.groovy:59)
	at com.kms.katalon.core.keyword.builtin.CallTestCaseKeyword$_callTestCase_closure1.call(CallTestCaseKeyword.groovy)
	at com.kms.katalon.core.keyword.internal.KeywordMain.runKeyword(KeywordMain.groovy:74)
	at com.kms.katalon.core.keyword.builtin.CallTestCaseKeyword.callTestCase(CallTestCaseKeyword.groovy:81)
	at com.kms.katalon.core.keyword.builtin.CallTestCaseKeyword.execute(CallTestCaseKeyword.groovy:44)
	at com.kms.katalon.core.keyword.internal.KeywordExecutor.executeKeywordForPlatform(KeywordExecutor.groovy:74)
	at com.kms.katalon.core.keyword.BuiltinKeywords.callTestCase(BuiltinKeywords.groovy:334)
	at Script1641906223516.run(Script1641906223516.groovy:24)
	... 16 more
)

2022-01-17 16:58:35 - [MESSAGE][INFO] - Unable to find the element located by 'By.xpath: //input[@value='Ghi danh người dùng']'. Please recheck the objects properties to make sure the desired element is located. 

2022-01-17 16:58:35 - [MESSAGE][WARNING] - [SELF-HEALING] Failed to find element with id 'Object Repository/Utils/Page_CNPM Danh sch thnh vin/input_Danh sch thnh vin_btn btn-secondary my-1'. Try using Self-healing.

2022-01-17 16:58:35 - [MESSAGE][INFO] - [SELF-HEALING] Failed Locator: '//input[@value='Ghi danh người dùng']'.

2022-01-17 16:58:36 - [MESSAGE][INFO] - [SELF-HEALING] Failed Locator: '//form[@id='enrolusersbutton-1']/div/input'.

2022-01-17 16:58:36 - [MESSAGE][INFO] - [SELF-HEALING] Working Locator: '//input'.

2022-01-17 16:58:36 - [MESSAGE][ERROR] - [SELF-HEALING] Cannot save screenshot to: D:\Cong-Binh Le\xampp\htdocs\moodle\Test Automation - SE Bonus\Reports\Self-healing, reason: unknown error: unhandled inspector error: {"code":-32000,"message":"Cannot take screenshot with 0 width."}
  (Session info: chrome=97.0.4692.71)
Build info: version: '3.141.59', revision: 'e82be7d358', time: '2018-11-14T08:25:53'
System info: host: 'DESKTOP-G2F0VIE', ip: '192.168.1.9', os.name: 'Windows 10', os.arch: 'amd64', os.version: '10.0', java.version: '1.8.0_282'
Driver info: com.kms.katalon.selenium.driver.CChromeDriver
Capabilities {acceptInsecureCerts: false, browserName: chrome, browserVersion: 97.0.4692.71, chrome: {chromedriverVersion: 97.0.4692.71 (adefa7837d02a..., userDataDir: C:\Users\banh\AppData\Local...}, goog:chromeOptions: {debuggerAddress: localhost:65024}, javascriptEnabled: true, networkConnectionEnabled: false, pageLoadStrategy: normal, platform: WINDOWS, platformName: WINDOWS, proxy: Proxy(), setWindowRect: true, strictFileInteractability: false, timeouts: {implicit: 0, pageLoad: 300000, script: 30000}, unhandledPromptBehavior: dismiss and notify, webauthn:extension:credBlob: true, webauthn:extension:largeBlob: true, webauthn:virtualAuthenticators: true}
Session ID: 30a10cda484a60f4508107e017181844.

2022-01-17 16:58:36 - [MESSAGE][ERROR] - [SELF-HEALING] Cannot save screenshot to: D:\Cong-Binh Le\xampp\htdocs\moodle\Test Automation - SE Bonus\Reports\Self-healing, reason: unknown error: unhandled inspector error: {"code":-32000,"message":"Cannot take screenshot with 0 width."}
  (Session info: chrome=97.0.4692.71)
Build info: version: '3.141.59', revision: 'e82be7d358', time: '2018-11-14T08:25:53'
System info: host: 'DESKTOP-G2F0VIE', ip: '192.168.1.9', os.name: 'Windows 10', os.arch: 'amd64', os.version: '10.0', java.version: '1.8.0_282'
Driver info: com.kms.katalon.selenium.driver.CChromeDriver
Capabilities {acceptInsecureCerts: false, browserName: chrome, browserVersion: 97.0.4692.71, chrome: {chromedriverVersion: 97.0.4692.71 (adefa7837d02a..., userDataDir: C:\Users\banh\AppData\Local...}, goog:chromeOptions: {debuggerAddress: localhost:65024}, javascriptEnabled: true, networkConnectionEnabled: false, pageLoadStrategy: normal, platform: WINDOWS, platformName: WINDOWS, proxy: Proxy(), setWindowRect: true, strictFileInteractability: false, timeouts: {implicit: 0, pageLoad: 300000, script: 30000}, unhandledPromptBehavior: dismiss and notify, webauthn:extension:credBlob: true, webauthn:extension:largeBlob: true, webauthn:virtualAuthenticators: true}
Session ID: 30a10cda484a60f4508107e017181844.

2022-01-17 16:58:36 - [MESSAGE][WARNING] - [SELF-HEALING] 'other' is different type of Path

2022-01-17 16:58:37 - [MESSAGE][ERROR] - [SELF-HEALING] Cannot save screenshot to: D:\Cong-Binh Le\xampp\htdocs\moodle\Test Automation - SE Bonus\Reports\Self-healing, reason: unknown error: unhandled inspector error: {"code":-32000,"message":"Cannot take screenshot with 0 width."}
  (Session info: chrome=97.0.4692.71)
Build info: version: '3.141.59', revision: 'e82be7d358', time: '2018-11-14T08:25:53'
System info: host: 'DESKTOP-G2F0VIE', ip: '192.168.1.9', os.name: 'Windows 10', os.arch: 'amd64', os.version: '10.0', java.version: '1.8.0_282'
Driver info: com.kms.katalon.selenium.driver.CChromeDriver
Capabilities {acceptInsecureCerts: false, browserName: chrome, browserVersion: 97.0.4692.71, chrome: {chromedriverVersion: 97.0.4692.71 (adefa7837d02a..., userDataDir: C:\Users\banh\AppData\Local...}, goog:chromeOptions: {debuggerAddress: localhost:65024}, javascriptEnabled: true, networkConnectionEnabled: false, pageLoadStrategy: normal, platform: WINDOWS, platformName: WINDOWS, proxy: Proxy(), setWindowRect: true, strictFileInteractability: false, timeouts: {implicit: 0, pageLoad: 300000, script: 30000}, unhandledPromptBehavior: dismiss and notify, webauthn:extension:credBlob: true, webauthn:extension:largeBlob: true, webauthn:virtualAuthenticators: true}
Session ID: 30a10cda484a60f4508107e017181844.

2022-01-17 16:58:37 - [MESSAGE][WARNING] - [SELF-HEALING] 'other' is different type of Path

2022-01-17 16:58:38 - [MESSAGE][INFO] - Unable to find the element located by 'By.cssSelector: input.btn.btn-secondary.my-1'. Please recheck the objects properties to make sure the desired element is located. 

2022-01-17 16:58:38 - [MESSAGE][FAILED] - Unable to click on object 'Object Repository/Utils/Page_CNPM Danh sch thnh vin/input_Danh sch thnh vin_btn btn-secondary my-1' (Root cause: com.kms.katalon.core.exception.StepFailedException: Unable to click on object 'Object Repository/Utils/Page_CNPM Danh sch thnh vin/input_Danh sch thnh vin_btn btn-secondary my-1'
	at com.kms.katalon.core.webui.keyword.internal.WebUIKeywordMain.stepFailed(WebUIKeywordMain.groovy:64)
	at com.kms.katalon.core.webui.keyword.internal.WebUIKeywordMain.runKeyword(WebUIKeywordMain.groovy:26)
	at com.kms.katalon.core.webui.keyword.builtin.ClickKeyword.click(ClickKeyword.groovy:74)
	at com.kms.katalon.core.webui.keyword.builtin.ClickKeyword.execute(ClickKeyword.groovy:40)
	at com.kms.katalon.core.keyword.internal.KeywordExecutor.executeKeywordForPlatform(KeywordExecutor.groovy:74)
	at com.kms.katalon.core.webui.keyword.WebUiBuiltInKeywords.click(WebUiBuiltInKeywords.groovy:620)
	at com.kms.katalon.core.webui.keyword.WebUiBuiltInKeywords$click$1.call(Unknown Source)
	at Create course CNPM.run(Create course CNPM:36)
	at com.kms.katalon.core.main.ScriptEngine.run(ScriptEngine.java:194)
	at com.kms.katalon.core.main.ScriptEngine.runScriptAsRawText(ScriptEngine.java:119)
	at com.kms.katalon.core.main.TestCaseExecutor.runScript(TestCaseExecutor.java:442)
	at com.kms.katalon.core.main.TestCaseExecutor.doExecute(TestCaseExecutor.java:433)
	at com.kms.katalon.core.main.TestCaseExecutor.processExecutionPhase(TestCaseExecutor.java:412)
	at com.kms.katalon.core.main.TestCaseExecutor.accessMainPhase(TestCaseExecutor.java:404)
	at com.kms.katalon.core.main.TestCaseExecutor.execute(TestCaseExecutor.java:281)
	at com.kms.katalon.core.main.TestCaseMain.runTestCase(TestCaseMain.java:138)
	at com.kms.katalon.core.keyword.builtin.CallTestCaseKeyword$_callTestCase_closure1.doCall(CallTestCaseKeyword.groovy:59)
	at com.kms.katalon.core.keyword.builtin.CallTestCaseKeyword$_callTestCase_closure1.call(CallTestCaseKeyword.groovy)
	at com.kms.katalon.core.keyword.internal.KeywordMain.runKeyword(KeywordMain.groovy:74)
	at com.kms.katalon.core.keyword.builtin.CallTestCaseKeyword.callTestCase(CallTestCaseKeyword.groovy:81)
	at com.kms.katalon.core.keyword.builtin.CallTestCaseKeyword.execute(CallTestCaseKeyword.groovy:44)
	at com.kms.katalon.core.keyword.internal.KeywordExecutor.executeKeywordForPlatform(KeywordExecutor.groovy:74)
	at com.kms.katalon.core.keyword.BuiltinKeywords.callTestCase(BuiltinKeywords.groovy:334)
	at Create quiz without title.run(Create quiz without title:24)
	at com.kms.katalon.core.main.ScriptEngine.run(ScriptEngine.java:194)
	at com.kms.katalon.core.main.ScriptEngine.runScriptAsRawText(ScriptEngine.java:119)
	at com.kms.katalon.core.main.TestCaseExecutor.runScript(TestCaseExecutor.java:442)
	at com.kms.katalon.core.main.TestCaseExecutor.doExecute(TestCaseExecutor.java:433)
	at com.kms.katalon.core.main.TestCaseExecutor.processExecutionPhase(TestCaseExecutor.java:412)
	at com.kms.katalon.core.main.TestCaseExecutor.accessMainPhase(TestCaseExecutor.java:404)
	at com.kms.katalon.core.main.TestCaseExecutor.execute(TestCaseExecutor.java:281)
	at com.kms.katalon.core.main.TestCaseExecutor.execute(TestCaseExecutor.java:363)
	at com.kms.katalon.core.main.TestCaseExecutor.execute(TestCaseExecutor.java:363)
	at com.kms.katalon.core.main.TestCaseExecutor.execute(TestCaseExecutor.java:363)
	at com.kms.katalon.core.main.TestSuiteExecutor.accessTestCaseMainPhase(TestSuiteExecutor.java:202)
	at com.kms.katalon.core.main.TestSuiteExecutor.accessTestSuiteMainPhase(TestSuiteExecutor.java:164)
	at com.kms.katalon.core.main.TestSuiteExecutor.execute(TestSuiteExecutor.java:105)
	at com.kms.katalon.core.main.TestCaseMain.startTestSuite(TestCaseMain.java:181)
	at com.kms.katalon.core.main.TestCaseMain$startTestSuite$0.call(Unknown Source)
	at TempTestSuite1642408138931.run(TempTestSuite1642408138931.groovy:36)
Caused by: com.kms.katalon.core.webui.exception.WebElementNotFoundException: Web element with id: 'Object Repository/Utils/Page_CNPM Danh sch thnh vin/input_Danh sch thnh vin_btn btn-secondary my-1' located by '//input[@value='Ghi danh người dùng']' not found
	at com.kms.katalon.core.webui.common.WebUiCommonHelper.findWebElement(WebUiCommonHelper.java:1368)
	at com.kms.katalon.core.webui.keyword.internal.WebUIAbstractKeyword.findWebElement(WebUIAbstractKeyword.groovy:27)
	at com.kms.katalon.core.webui.keyword.builtin.ClickKeyword$_click_closure1.doCall(ClickKeyword.groovy:65)
	at com.kms.katalon.core.webui.keyword.builtin.ClickKeyword$_click_closure1.call(ClickKeyword.groovy)
	at com.kms.katalon.core.webui.keyword.internal.WebUIKeywordMain.runKeyword(WebUIKeywordMain.groovy:20)
	at com.kms.katalon.core.webui.keyword.builtin.ClickKeyword.click(ClickKeyword.groovy:74)
	at com.kms.katalon.core.webui.keyword.builtin.ClickKeyword.execute(ClickKeyword.groovy:40)
	at com.kms.katalon.core.keyword.internal.KeywordExecutor.executeKeywordForPlatform(KeywordExecutor.groovy:74)
	at com.kms.katalon.core.webui.keyword.WebUiBuiltInKeywords.click(WebUiBuiltInKeywords.groovy:620)
	at com.kms.katalon.core.webui.keyword.WebUiBuiltInKeywords$click$1.call(Unknown Source)
	at Script1641906761787.run(Script1641906761787.groovy:36)
	at com.kms.katalon.core.main.ScriptEngine.run(ScriptEngine.java:194)
	at com.kms.katalon.core.main.ScriptEngine.runScriptAsRawText(ScriptEngine.java:119)
	at com.kms.katalon.core.main.TestCaseExecutor.runScript(TestCaseExecutor.java:442)
	at com.kms.katalon.core.main.TestCaseExecutor.doExecute(TestCaseExecutor.java:433)
	at com.kms.katalon.core.main.TestCaseExecutor.processExecutionPhase(TestCaseExecutor.java:412)
	at com.kms.katalon.core.main.TestCaseExecutor.accessMainPhase(TestCaseExecutor.java:404)
	at com.kms.katalon.core.main.TestCaseExecutor.execute(TestCaseExecutor.java:281)
	at com.kms.katalon.core.main.TestCaseMain.runTestCase(TestCaseMain.java:138)
	at com.kms.katalon.core.keyword.builtin.CallTestCaseKeyword$_callTestCase_closure1.doCall(CallTestCaseKeyword.groovy:59)
	at com.kms.katalon.core.keyword.builtin.CallTestCaseKeyword$_callTestCase_closure1.call(CallTestCaseKeyword.groovy)
	at com.kms.katalon.core.keyword.internal.KeywordMain.runKeyword(KeywordMain.groovy:74)
	at com.kms.katalon.core.keyword.builtin.CallTestCaseKeyword.callTestCase(CallTestCaseKeyword.groovy:81)
	at com.kms.katalon.core.keyword.builtin.CallTestCaseKeyword.execute(CallTestCaseKeyword.groovy:44)
	at com.kms.katalon.core.keyword.internal.KeywordExecutor.executeKeywordForPlatform(KeywordExecutor.groovy:74)
	at com.kms.katalon.core.keyword.BuiltinKeywords.callTestCase(BuiltinKeywords.groovy:334)
	at Script1641906223516.run(Script1641906223516.groovy:24)
	... 16 more
)
[[ATTACHMENT|D:\\Cong-Binh Le\\xampp\\htdocs\\moodle\\Test Automation - SE Bonus\\Reports\\20220117_152858\\Run All Test Cases\\20220117_152858\\1642413518310.png]]

2022-01-17 16:58:38 - [MESSAGE][INFO] - 

2022-01-17 16:58:38 - [MESSAGE][INFO] - ===================== Self-healing Report ====================

2022-01-17 16:58:38 - [MESSAGE][INFO] - One of the failed test object locators has been recovered by Self-healing. Please refer to the Self-healing Insights tab for more details.

2022-01-17 16:58:38 - [MESSAGE][INFO] - To learn more about Self-healing, please read https://docs.katalon.com/katalon-studio/docs/self-healing.html

2022-01-17 16:58:38 - [MESSAGE][INFO] - ==============================================================

2022-01-17 16:58:38 - [MESSAGE][FAILED] - Unable to call Test Case 'Test Cases/Utils/Create course CNPM' (Root cause: com.kms.katalon.core.exception.StepFailedException: Call Test Case 'Test Cases/Utils/Create course CNPM' failed
	at com.kms.katalon.core.keyword.builtin.CallTestCaseKeyword$_callTestCase_closure1.doCall(CallTestCaseKeyword.groovy:63)
	at com.kms.katalon.core.keyword.builtin.CallTestCaseKeyword$_callTestCase_closure1.call(CallTestCaseKeyword.groovy)
	at com.kms.katalon.core.keyword.internal.KeywordMain.runKeyword(KeywordMain.groovy:74)
	at com.kms.katalon.core.keyword.builtin.CallTestCaseKeyword.callTestCase(CallTestCaseKeyword.groovy:81)
	at com.kms.katalon.core.keyword.builtin.CallTestCaseKeyword.execute(CallTestCaseKeyword.groovy:44)
	at com.kms.katalon.core.keyword.internal.KeywordExecutor.executeKeywordForPlatform(KeywordExecutor.groovy:74)
	at com.kms.katalon.core.keyword.BuiltinKeywords.callTestCase(BuiltinKeywords.groovy:334)
	at Create quiz without title.run(Create quiz without title:24)
	at com.kms.katalon.core.main.ScriptEngine.run(ScriptEngine.java:194)
	at com.kms.katalon.core.main.ScriptEngine.runScriptAsRawText(ScriptEngine.java:119)
	at com.kms.katalon.core.main.TestCaseExecutor.runScript(TestCaseExecutor.java:442)
	at com.kms.katalon.core.main.TestCaseExecutor.doExecute(TestCaseExecutor.java:433)
	at com.kms.katalon.core.main.TestCaseExecutor.processExecutionPhase(TestCaseExecutor.java:412)
	at com.kms.katalon.core.main.TestCaseExecutor.accessMainPhase(TestCaseExecutor.java:404)
	at com.kms.katalon.core.main.TestCaseExecutor.execute(TestCaseExecutor.java:281)
	at com.kms.katalon.core.main.TestCaseExecutor.execute(TestCaseExecutor.java:363)
	at com.kms.katalon.core.main.TestCaseExecutor.execute(TestCaseExecutor.java:363)
	at com.kms.katalon.core.main.TestCaseExecutor.execute(TestCaseExecutor.java:363)
	at com.kms.katalon.core.main.TestSuiteExecutor.accessTestCaseMainPhase(TestSuiteExecutor.java:202)
	at com.kms.katalon.core.main.TestSuiteExecutor.accessTestSuiteMainPhase(TestSuiteExecutor.java:164)
	at com.kms.katalon.core.main.TestSuiteExecutor.execute(TestSuiteExecutor.java:105)
	at com.kms.katalon.core.main.TestCaseMain.startTestSuite(TestCaseMain.java:181)
	at com.kms.katalon.core.main.TestCaseMain$startTestSuite$0.call(Unknown Source)
	at TempTestSuite1642408138931.run(TempTestSuite1642408138931.groovy:36)
Caused by: com.kms.katalon.core.exception.StepFailedException: Unable to click on object 'Object Repository/Utils/Page_CNPM Danh sch thnh vin/input_Danh sch thnh vin_btn btn-secondary my-1'
	at com.kms.katalon.core.webui.keyword.internal.WebUIKeywordMain.stepFailed(WebUIKeywordMain.groovy:64)
	at com.kms.katalon.core.webui.keyword.internal.WebUIKeywordMain.runKeyword(WebUIKeywordMain.groovy:26)
	at com.kms.katalon.core.webui.keyword.builtin.ClickKeyword.click(ClickKeyword.groovy:74)
	at com.kms.katalon.core.webui.keyword.builtin.ClickKeyword.execute(ClickKeyword.groovy:40)
	at com.kms.katalon.core.keyword.internal.KeywordExecutor.executeKeywordForPlatform(KeywordExecutor.groovy:74)
	at com.kms.katalon.core.webui.keyword.WebUiBuiltInKeywords.click(WebUiBuiltInKeywords.groovy:620)
	at com.kms.katalon.core.webui.keyword.WebUiBuiltInKeywords$click$1.call(Unknown Source)
	at Create course CNPM.run(Create course CNPM:36)
	at com.kms.katalon.core.main.ScriptEngine.run(ScriptEngine.java:194)
	at com.kms.katalon.core.main.ScriptEngine.runScriptAsRawText(ScriptEngine.java:119)
	at com.kms.katalon.core.main.TestCaseExecutor.runScript(TestCaseExecutor.java:442)
	at com.kms.katalon.core.main.TestCaseExecutor.doExecute(TestCaseExecutor.java:433)
	at com.kms.katalon.core.main.TestCaseExecutor.processExecutionPhase(TestCaseExecutor.java:412)
	at com.kms.katalon.core.main.TestCaseExecutor.accessMainPhase(TestCaseExecutor.java:404)
	at com.kms.katalon.core.main.TestCaseExecutor.execute(TestCaseExecutor.java:281)
	at com.kms.katalon.core.main.TestCaseMain.runTestCase(TestCaseMain.java:138)
	at com.kms.katalon.core.keyword.builtin.CallTestCaseKeyword$_callTestCase_closure1.doCall(CallTestCaseKeyword.groovy:59)
	... 23 more
Caused by: com.kms.katalon.core.webui.exception.WebElementNotFoundException: Web element with id: 'Object Repository/Utils/Page_CNPM Danh sch thnh vin/input_Danh sch thnh vin_btn btn-secondary my-1' located by '//input[@value='Ghi danh người dùng']' not found
	at com.kms.katalon.core.webui.common.WebUiCommonHelper.findWebElement(WebUiCommonHelper.java:1368)
	at com.kms.katalon.core.webui.keyword.internal.WebUIAbstractKeyword.findWebElement(WebUIAbstractKeyword.groovy:27)
	at com.kms.katalon.core.webui.keyword.builtin.ClickKeyword$_click_closure1.doCall(ClickKeyword.groovy:65)
	at com.kms.katalon.core.webui.keyword.builtin.ClickKeyword$_click_closure1.call(ClickKeyword.groovy)
	at com.kms.katalon.core.webui.keyword.internal.WebUIKeywordMain.runKeyword(WebUIKeywordMain.groovy:20)
	... 38 more
)]]></system-out>
         <system-err><![CDATA[2022-01-17 16:58:04 - [TEST_CASE][FAILED] - Test Cases/Create folder and quiz/Create quiz without title: Test Cases/Create folder and quiz/Create quiz without title FAILED.
Reason:
com.kms.katalon.core.exception.StepFailedException: Call Test Case 'Test Cases/Utils/Create course CNPM' failed
	at com.kms.katalon.core.keyword.builtin.CallTestCaseKeyword$_callTestCase_closure1.doCall(CallTestCaseKeyword.groovy:63)
	at com.kms.katalon.core.keyword.builtin.CallTestCaseKeyword$_callTestCase_closure1.call(CallTestCaseKeyword.groovy)
	at com.kms.katalon.core.keyword.internal.KeywordMain.runKeyword(KeywordMain.groovy:74)
	at com.kms.katalon.core.keyword.builtin.CallTestCaseKeyword.callTestCase(CallTestCaseKeyword.groovy:81)
	at com.kms.katalon.core.keyword.builtin.CallTestCaseKeyword.execute(CallTestCaseKeyword.groovy:44)
	at com.kms.katalon.core.keyword.internal.KeywordExecutor.executeKeywordForPlatform(KeywordExecutor.groovy:74)
	at com.kms.katalon.core.keyword.BuiltinKeywords.callTestCase(BuiltinKeywords.groovy:334)
	at Create quiz without title.run(Create quiz without title:24)
	at com.kms.katalon.core.main.ScriptEngine.run(ScriptEngine.java:194)
	at com.kms.katalon.core.main.ScriptEngine.runScriptAsRawText(ScriptEngine.java:119)
	at com.kms.katalon.core.main.TestCaseExecutor.runScript(TestCaseExecutor.java:442)
	at com.kms.katalon.core.main.TestCaseExecutor.doExecute(TestCaseExecutor.java:433)
	at com.kms.katalon.core.main.TestCaseExecutor.processExecutionPhase(TestCaseExecutor.java:412)
	at com.kms.katalon.core.main.TestCaseExecutor.accessMainPhase(TestCaseExecutor.java:404)
	at com.kms.katalon.core.main.TestCaseExecutor.execute(TestCaseExecutor.java:281)
	at com.kms.katalon.core.main.TestCaseExecutor.execute(TestCaseExecutor.java:363)
	at com.kms.katalon.core.main.TestCaseExecutor.execute(TestCaseExecutor.java:363)
	at com.kms.katalon.core.main.TestCaseExecutor.execute(TestCaseExecutor.java:363)
	at com.kms.katalon.core.main.TestSuiteExecutor.accessTestCaseMainPhase(TestSuiteExecutor.java:202)
	at com.kms.katalon.core.main.TestSuiteExecutor.accessTestSuiteMainPhase(TestSuiteExecutor.java:164)
	at com.kms.katalon.core.main.TestSuiteExecutor.execute(TestSuiteExecutor.java:105)
	at com.kms.katalon.core.main.TestCaseMain.startTestSuite(TestCaseMain.java:181)
	at com.kms.katalon.core.main.TestCaseMain$startTestSuite$0.call(Unknown Source)
	at TempTestSuite1642408138931.run(TempTestSuite1642408138931.groovy:36)
Caused by: com.kms.katalon.core.exception.StepFailedException: Unable to click on object 'Object Repository/Utils/Page_CNPM Danh sch thnh vin/input_Danh sch thnh vin_btn btn-secondary my-1'
	at com.kms.katalon.core.webui.keyword.internal.WebUIKeywordMain.stepFailed(WebUIKeywordMain.groovy:64)
	at com.kms.katalon.core.webui.keyword.internal.WebUIKeywordMain.runKeyword(WebUIKeywordMain.groovy:26)
	at com.kms.katalon.core.webui.keyword.builtin.ClickKeyword.click(ClickKeyword.groovy:74)
	at com.kms.katalon.core.webui.keyword.builtin.ClickKeyword.execute(ClickKeyword.groovy:40)
	at com.kms.katalon.core.keyword.internal.KeywordExecutor.executeKeywordForPlatform(KeywordExecutor.groovy:74)
	at com.kms.katalon.core.webui.keyword.WebUiBuiltInKeywords.click(WebUiBuiltInKeywords.groovy:620)
	at com.kms.katalon.core.webui.keyword.WebUiBuiltInKeywords$click$1.call(Unknown Source)
	at Create course CNPM.run(Create course CNPM:36)
	at com.kms.katalon.core.main.ScriptEngine.run(ScriptEngine.java:194)
	at com.kms.katalon.core.main.ScriptEngine.runScriptAsRawText(ScriptEngine.java:119)
	at com.kms.katalon.core.main.TestCaseExecutor.runScript(TestCaseExecutor.java:442)
	at com.kms.katalon.core.main.TestCaseExecutor.doExecute(TestCaseExecutor.java:433)
	at com.kms.katalon.core.main.TestCaseExecutor.processExecutionPhase(TestCaseExecutor.java:412)
	at com.kms.katalon.core.main.TestCaseExecutor.accessMainPhase(TestCaseExecutor.java:404)
	at com.kms.katalon.core.main.TestCaseExecutor.execute(TestCaseExecutor.java:281)
	at com.kms.katalon.core.main.TestCaseMain.runTestCase(TestCaseMain.java:138)
	at com.kms.katalon.core.keyword.builtin.CallTestCaseKeyword$_callTestCase_closure1.doCall(CallTestCaseKeyword.groovy:59)
	... 23 more
Caused by: com.kms.katalon.core.webui.exception.WebElementNotFoundException: Web element with id: 'Object Repository/Utils/Page_CNPM Danh sch thnh vin/input_Danh sch thnh vin_btn btn-secondary my-1' located by '//input[@value='Ghi danh người dùng']' not found
	at com.kms.katalon.core.webui.common.WebUiCommonHelper.findWebElement(WebUiCommonHelper.java:1368)
	at com.kms.katalon.core.webui.keyword.internal.WebUIAbstractKeyword.findWebElement(WebUIAbstractKeyword.groovy:27)
	at com.kms.katalon.core.webui.keyword.builtin.ClickKeyword$_click_closure1.doCall(ClickKeyword.groovy:65)
	at com.kms.katalon.core.webui.keyword.builtin.ClickKeyword$_click_closure1.call(ClickKeyword.groovy)
	at com.kms.katalon.core.webui.keyword.internal.WebUIKeywordMain.runKeyword(WebUIKeywordMain.groovy:20)
	... 38 more]]></system-err>
      </testcase>
      <testcase name="Test Cases/Create folder and quiz/Create quiz" time="33.554" classname="Test Cases/Create folder and quiz/Create quiz" status="FAILED">
         <failure type="FAILED" message="Test Cases/Create folder and quiz/Create quiz FAILED.
Reason:
com.kms.katalon.core.exception.StepFailedException: Call Test Case 'Test Cases/Utils/Create course CNPM' failed
	at com.kms.katalon.core.keyword.builtin.CallTestCaseKeyword$_callTestCase_closure1.doCall(CallTestCaseKeyword.groovy:63)
	at com.kms.katalon.core.keyword.builtin.CallTestCaseKeyword$_callTestCase_closure1.call(CallTestCaseKeyword.groovy)
	at com.kms.katalon.core.keyword.internal.KeywordMain.runKeyword(KeywordMain.groovy:74)
	at com.kms.katalon.core.keyword.builtin.CallTestCaseKeyword.callTestCase(CallTestCaseKeyword.groovy:81)
	at com.kms.katalon.core.keyword.builtin.CallTestCaseKeyword.execute(CallTestCaseKeyword.groovy:44)
	at com.kms.katalon.core.keyword.internal.KeywordExecutor.executeKeywordForPlatform(KeywordExecutor.groovy:74)
	at com.kms.katalon.core.keyword.BuiltinKeywords.callTestCase(BuiltinKeywords.groovy:334)
	at Create quiz.run(Create quiz:24)
	at com.kms.katalon.core.main.ScriptEngine.run(ScriptEngine.java:194)
	at com.kms.katalon.core.main.ScriptEngine.runScriptAsRawText(ScriptEngine.java:119)
	at com.kms.katalon.core.main.TestCaseExecutor.runScript(TestCaseExecutor.java:442)
	at com.kms.katalon.core.main.TestCaseExecutor.doExecute(TestCaseExecutor.java:433)
	at com.kms.katalon.core.main.TestCaseExecutor.processExecutionPhase(TestCaseExecutor.java:412)
	at com.kms.katalon.core.main.TestCaseExecutor.accessMainPhase(TestCaseExecutor.java:404)
	at com.kms.katalon.core.main.TestCaseExecutor.execute(TestCaseExecutor.java:281)
	at com.kms.katalon.core.main.TestCaseExecutor.execute(TestCaseExecutor.java:363)
	at com.kms.katalon.core.main.TestCaseExecutor.execute(TestCaseExecutor.java:363)
	at com.kms.katalon.core.main.TestCaseExecutor.execute(TestCaseExecutor.java:363)
	at com.kms.katalon.core.main.TestSuiteExecutor.accessTestCaseMainPhase(TestSuiteExecutor.java:202)
	at com.kms.katalon.core.main.TestSuiteExecutor.accessTestSuiteMainPhase(TestSuiteExecutor.java:164)
	at com.kms.katalon.core.main.TestSuiteExecutor.execute(TestSuiteExecutor.java:105)
	at com.kms.katalon.core.main.TestCaseMain.startTestSuite(TestCaseMain.java:181)
	at com.kms.katalon.core.main.TestCaseMain$startTestSuite$0.call(Unknown Source)
	at TempTestSuite1642408138931.run(TempTestSuite1642408138931.groovy:36)
Caused by: com.kms.katalon.core.exception.StepFailedException: Unable to click on object 'Object Repository/Utils/Page_CNPM Danh sch thnh vin/input_Danh sch thnh vin_btn btn-secondary my-1'
	at com.kms.katalon.core.webui.keyword.internal.WebUIKeywordMain.stepFailed(WebUIKeywordMain.groovy:64)
	at com.kms.katalon.core.webui.keyword.internal.WebUIKeywordMain.runKeyword(WebUIKeywordMain.groovy:26)
	at com.kms.katalon.core.webui.keyword.builtin.ClickKeyword.click(ClickKeyword.groovy:74)
	at com.kms.katalon.core.webui.keyword.builtin.ClickKeyword.execute(ClickKeyword.groovy:40)
	at com.kms.katalon.core.keyword.internal.KeywordExecutor.executeKeywordForPlatform(KeywordExecutor.groovy:74)
	at com.kms.katalon.core.webui.keyword.WebUiBuiltInKeywords.click(WebUiBuiltInKeywords.groovy:620)
	at com.kms.katalon.core.webui.keyword.WebUiBuiltInKeywords$click$1.call(Unknown Source)
	at Create course CNPM.run(Create course CNPM:36)
	at com.kms.katalon.core.main.ScriptEngine.run(ScriptEngine.java:194)
	at com.kms.katalon.core.main.ScriptEngine.runScriptAsRawText(ScriptEngine.java:119)
	at com.kms.katalon.core.main.TestCaseExecutor.runScript(TestCaseExecutor.java:442)
	at com.kms.katalon.core.main.TestCaseExecutor.doExecute(TestCaseExecutor.java:433)
	at com.kms.katalon.core.main.TestCaseExecutor.processExecutionPhase(TestCaseExecutor.java:412)
	at com.kms.katalon.core.main.TestCaseExecutor.accessMainPhase(TestCaseExecutor.java:404)
	at com.kms.katalon.core.main.TestCaseExecutor.execute(TestCaseExecutor.java:281)
	at com.kms.katalon.core.main.TestCaseMain.runTestCase(TestCaseMain.java:138)
	at com.kms.katalon.core.keyword.builtin.CallTestCaseKeyword$_callTestCase_closure1.doCall(CallTestCaseKeyword.groovy:59)
	... 23 more
Caused by: com.kms.katalon.core.webui.exception.WebElementNotFoundException: Web element with id: 'Object Repository/Utils/Page_CNPM Danh sch thnh vin/input_Danh sch thnh vin_btn btn-secondary my-1' located by '//input[@value='Ghi danh người dùng']' not found
	at com.kms.katalon.core.webui.common.WebUiCommonHelper.findWebElement(WebUiCommonHelper.java:1368)
	at com.kms.katalon.core.webui.keyword.internal.WebUIAbstractKeyword.findWebElement(WebUIAbstractKeyword.groovy:27)
	at com.kms.katalon.core.webui.keyword.builtin.ClickKeyword$_click_closure1.doCall(ClickKeyword.groovy:65)
	at com.kms.katalon.core.webui.keyword.builtin.ClickKeyword$_click_closure1.call(ClickKeyword.groovy)
	at com.kms.katalon.core.webui.keyword.internal.WebUIKeywordMain.runKeyword(WebUIKeywordMain.groovy:20)
	... 38 more
"/>
         <system-out><![CDATA[2022-01-17 17:00:19 - [TEST_CASE][FAILED] - Test Cases/Create folder and quiz/Create quiz: Test Cases/Create folder and quiz/Create quiz FAILED.
Reason:
com.kms.katalon.core.exception.StepFailedException: Call Test Case 'Test Cases/Utils/Create course CNPM' failed
	at com.kms.katalon.core.keyword.builtin.CallTestCaseKeyword$_callTestCase_closure1.doCall(CallTestCaseKeyword.groovy:63)
	at com.kms.katalon.core.keyword.builtin.CallTestCaseKeyword$_callTestCase_closure1.call(CallTestCaseKeyword.groovy)
	at com.kms.katalon.core.keyword.internal.KeywordMain.runKeyword(KeywordMain.groovy:74)
	at com.kms.katalon.core.keyword.builtin.CallTestCaseKeyword.callTestCase(CallTestCaseKeyword.groovy:81)
	at com.kms.katalon.core.keyword.builtin.CallTestCaseKeyword.execute(CallTestCaseKeyword.groovy:44)
	at com.kms.katalon.core.keyword.internal.KeywordExecutor.executeKeywordForPlatform(KeywordExecutor.groovy:74)
	at com.kms.katalon.core.keyword.BuiltinKeywords.callTestCase(BuiltinKeywords.groovy:334)
	at Create quiz.run(Create quiz:24)
	at com.kms.katalon.core.main.ScriptEngine.run(ScriptEngine.java:194)
	at com.kms.katalon.core.main.ScriptEngine.runScriptAsRawText(ScriptEngine.java:119)
	at com.kms.katalon.core.main.TestCaseExecutor.runScript(TestCaseExecutor.java:442)
	at com.kms.katalon.core.main.TestCaseExecutor.doExecute(TestCaseExecutor.java:433)
	at com.kms.katalon.core.main.TestCaseExecutor.processExecutionPhase(TestCaseExecutor.java:412)
	at com.kms.katalon.core.main.TestCaseExecutor.accessMainPhase(TestCaseExecutor.java:404)
	at com.kms.katalon.core.main.TestCaseExecutor.execute(TestCaseExecutor.java:281)
	at com.kms.katalon.core.main.TestCaseExecutor.execute(TestCaseExecutor.java:363)
	at com.kms.katalon.core.main.TestCaseExecutor.execute(TestCaseExecutor.java:363)
	at com.kms.katalon.core.main.TestCaseExecutor.execute(TestCaseExecutor.java:363)
	at com.kms.katalon.core.main.TestSuiteExecutor.accessTestCaseMainPhase(TestSuiteExecutor.java:202)
	at com.kms.katalon.core.main.TestSuiteExecutor.accessTestSuiteMainPhase(TestSuiteExecutor.java:164)
	at com.kms.katalon.core.main.TestSuiteExecutor.execute(TestSuiteExecutor.java:105)
	at com.kms.katalon.core.main.TestCaseMain.startTestSuite(TestCaseMain.java:181)
	at com.kms.katalon.core.main.TestCaseMain$startTestSuite$0.call(Unknown Source)
	at TempTestSuite1642408138931.run(TempTestSuite1642408138931.groovy:36)
Caused by: com.kms.katalon.core.exception.StepFailedException: Unable to click on object 'Object Repository/Utils/Page_CNPM Danh sch thnh vin/input_Danh sch thnh vin_btn btn-secondary my-1'
	at com.kms.katalon.core.webui.keyword.internal.WebUIKeywordMain.stepFailed(WebUIKeywordMain.groovy:64)
	at com.kms.katalon.core.webui.keyword.internal.WebUIKeywordMain.runKeyword(WebUIKeywordMain.groovy:26)
	at com.kms.katalon.core.webui.keyword.builtin.ClickKeyword.click(ClickKeyword.groovy:74)
	at com.kms.katalon.core.webui.keyword.builtin.ClickKeyword.execute(ClickKeyword.groovy:40)
	at com.kms.katalon.core.keyword.internal.KeywordExecutor.executeKeywordForPlatform(KeywordExecutor.groovy:74)
	at com.kms.katalon.core.webui.keyword.WebUiBuiltInKeywords.click(WebUiBuiltInKeywords.groovy:620)
	at com.kms.katalon.core.webui.keyword.WebUiBuiltInKeywords$click$1.call(Unknown Source)
	at Create course CNPM.run(Create course CNPM:36)
	at com.kms.katalon.core.main.ScriptEngine.run(ScriptEngine.java:194)
	at com.kms.katalon.core.main.ScriptEngine.runScriptAsRawText(ScriptEngine.java:119)
	at com.kms.katalon.core.main.TestCaseExecutor.runScript(TestCaseExecutor.java:442)
	at com.kms.katalon.core.main.TestCaseExecutor.doExecute(TestCaseExecutor.java:433)
	at com.kms.katalon.core.main.TestCaseExecutor.processExecutionPhase(TestCaseExecutor.java:412)
	at com.kms.katalon.core.main.TestCaseExecutor.accessMainPhase(TestCaseExecutor.java:404)
	at com.kms.katalon.core.main.TestCaseExecutor.execute(TestCaseExecutor.java:281)
	at com.kms.katalon.core.main.TestCaseMain.runTestCase(TestCaseMain.java:138)
	at com.kms.katalon.core.keyword.builtin.CallTestCaseKeyword$_callTestCase_closure1.doCall(CallTestCaseKeyword.groovy:59)
	... 23 more
Caused by: com.kms.katalon.core.webui.exception.WebElementNotFoundException: Web element with id: 'Object Repository/Utils/Page_CNPM Danh sch thnh vin/input_Danh sch thnh vin_btn btn-secondary my-1' located by '//input[@value='Ghi danh người dùng']' not found
	at com.kms.katalon.core.webui.common.WebUiCommonHelper.findWebElement(WebUiCommonHelper.java:1368)
	at com.kms.katalon.core.webui.keyword.internal.WebUIAbstractKeyword.findWebElement(WebUIAbstractKeyword.groovy:27)
	at com.kms.katalon.core.webui.keyword.builtin.ClickKeyword$_click_closure1.doCall(ClickKeyword.groovy:65)
	at com.kms.katalon.core.webui.keyword.builtin.ClickKeyword$_click_closure1.call(ClickKeyword.groovy)
	at com.kms.katalon.core.webui.keyword.internal.WebUIKeywordMain.runKeyword(WebUIKeywordMain.groovy:20)
	... 38 more


2022-01-17 17:00:19 - [TEST_STEP][PASSED] - openBrowser(""): Browser is opened with url: ''

2022-01-17 17:00:19 - [MESSAGE][WARNING] - A browser is already opened. Closing browser and opening a new one

2022-01-17 17:00:20 - [MESSAGE][INFO] - Starting 'Chrome' driver

2022-01-17 17:00:20 - [MESSAGE][INFO] - Action delay is set to 0 milliseconds

2022-01-17 17:00:21 - [MESSAGE][PASSED] - Browser is opened with url: ''

2022-01-17 17:00:21 - [TEST_STEP][PASSED] - navigateToUrl("http://localhost/"): Navigate to 'http://localhost/' successfully

2022-01-17 17:00:22 - [MESSAGE][PASSED] - Navigate to 'http://localhost/' successfully

2022-01-17 17:00:22 - [TEST_STEP][FAILED] - callTestCase(findTestCase("Utils/Create course CNPM"), [:], STOP_ON_FAILURE): Unable to call Test Case 'Test Cases/Utils/Create course CNPM' (Root cause: com.kms.katalon.core.exception.StepFailedException: Call Test Case 'Test Cases/Utils/Create course CNPM' failed
	at com.kms.katalon.core.keyword.builtin.CallTestCaseKeyword$_callTestCase_closure1.doCall(CallTestCaseKeyword.groovy:63)
	at com.kms.katalon.core.keyword.builtin.CallTestCaseKeyword$_callTestCase_closure1.call(CallTestCaseKeyword.groovy)
	at com.kms.katalon.core.keyword.internal.KeywordMain.runKeyword(KeywordMain.groovy:74)
	at com.kms.katalon.core.keyword.builtin.CallTestCaseKeyword.callTestCase(CallTestCaseKeyword.groovy:81)
	at com.kms.katalon.core.keyword.builtin.CallTestCaseKeyword.execute(CallTestCaseKeyword.groovy:44)
	at com.kms.katalon.core.keyword.internal.KeywordExecutor.executeKeywordForPlatform(KeywordExecutor.groovy:74)
	at com.kms.katalon.core.keyword.BuiltinKeywords.callTestCase(BuiltinKeywords.groovy:334)
	at Create quiz.run(Create quiz:24)
	at com.kms.katalon.core.main.ScriptEngine.run(ScriptEngine.java:194)
	at com.kms.katalon.core.main.ScriptEngine.runScriptAsRawText(ScriptEngine.java:119)
	at com.kms.katalon.core.main.TestCaseExecutor.runScript(TestCaseExecutor.java:442)
	at com.kms.katalon.core.main.TestCaseExecutor.doExecute(TestCaseExecutor.java:433)
	at com.kms.katalon.core.main.TestCaseExecutor.processExecutionPhase(TestCaseExecutor.java:412)
	at com.kms.katalon.core.main.TestCaseExecutor.accessMainPhase(TestCaseExecutor.java:404)
	at com.kms.katalon.core.main.TestCaseExecutor.execute(TestCaseExecutor.java:281)
	at com.kms.katalon.core.main.TestCaseExecutor.execute(TestCaseExecutor.java:363)
	at com.kms.katalon.core.main.TestCaseExecutor.execute(TestCaseExecutor.java:363)
	at com.kms.katalon.core.main.TestCaseExecutor.execute(TestCaseExecutor.java:363)
	at com.kms.katalon.core.main.TestSuiteExecutor.accessTestCaseMainPhase(TestSuiteExecutor.java:202)
	at com.kms.katalon.core.main.TestSuiteExecutor.accessTestSuiteMainPhase(TestSuiteExecutor.java:164)
	at com.kms.katalon.core.main.TestSuiteExecutor.execute(TestSuiteExecutor.java:105)
	at com.kms.katalon.core.main.TestCaseMain.startTestSuite(TestCaseMain.java:181)
	at com.kms.katalon.core.main.TestCaseMain$startTestSuite$0.call(Unknown Source)
	at TempTestSuite1642408138931.run(TempTestSuite1642408138931.groovy:36)
Caused by: com.kms.katalon.core.exception.StepFailedException: Unable to click on object 'Object Repository/Utils/Page_CNPM Danh sch thnh vin/input_Danh sch thnh vin_btn btn-secondary my-1'
	at com.kms.katalon.core.webui.keyword.internal.WebUIKeywordMain.stepFailed(WebUIKeywordMain.groovy:64)
	at com.kms.katalon.core.webui.keyword.internal.WebUIKeywordMain.runKeyword(WebUIKeywordMain.groovy:26)
	at com.kms.katalon.core.webui.keyword.builtin.ClickKeyword.click(ClickKeyword.groovy:74)
	at com.kms.katalon.core.webui.keyword.builtin.ClickKeyword.execute(ClickKeyword.groovy:40)
	at com.kms.katalon.core.keyword.internal.KeywordExecutor.executeKeywordForPlatform(KeywordExecutor.groovy:74)
	at com.kms.katalon.core.webui.keyword.WebUiBuiltInKeywords.click(WebUiBuiltInKeywords.groovy:620)
	at com.kms.katalon.core.webui.keyword.WebUiBuiltInKeywords$click$1.call(Unknown Source)
	at Create course CNPM.run(Create course CNPM:36)
	at com.kms.katalon.core.main.ScriptEngine.run(ScriptEngine.java:194)
	at com.kms.katalon.core.main.ScriptEngine.runScriptAsRawText(ScriptEngine.java:119)
	at com.kms.katalon.core.main.TestCaseExecutor.runScript(TestCaseExecutor.java:442)
	at com.kms.katalon.core.main.TestCaseExecutor.doExecute(TestCaseExecutor.java:433)
	at com.kms.katalon.core.main.TestCaseExecutor.processExecutionPhase(TestCaseExecutor.java:412)
	at com.kms.katalon.core.main.TestCaseExecutor.accessMainPhase(TestCaseExecutor.java:404)
	at com.kms.katalon.core.main.TestCaseExecutor.execute(TestCaseExecutor.java:281)
	at com.kms.katalon.core.main.TestCaseMain.runTestCase(TestCaseMain.java:138)
	at com.kms.katalon.core.keyword.builtin.CallTestCaseKeyword$_callTestCase_closure1.doCall(CallTestCaseKeyword.groovy:59)
	... 23 more
Caused by: com.kms.katalon.core.webui.exception.WebElementNotFoundException: Web element with id: 'Object Repository/Utils/Page_CNPM Danh sch thnh vin/input_Danh sch thnh vin_btn btn-secondary my-1' located by '//input[@value='Ghi danh người dùng']' not found
	at com.kms.katalon.core.webui.common.WebUiCommonHelper.findWebElement(WebUiCommonHelper.java:1368)
	at com.kms.katalon.core.webui.keyword.internal.WebUIAbstractKeyword.findWebElement(WebUIAbstractKeyword.groovy:27)
	at com.kms.katalon.core.webui.keyword.builtin.ClickKeyword$_click_closure1.doCall(ClickKeyword.groovy:65)
	at com.kms.katalon.core.webui.keyword.builtin.ClickKeyword$_click_closure1.call(ClickKeyword.groovy)
	at com.kms.katalon.core.webui.keyword.internal.WebUIKeywordMain.runKeyword(WebUIKeywordMain.groovy:20)
	... 38 more
)

2022-01-17 17:00:22 - [TEST_CASE][FAILED] - Test Cases/Utils/Create course CNPM: Test Cases/Utils/Create course CNPM FAILED.
Reason:
com.kms.katalon.core.exception.StepFailedException: Unable to click on object 'Object Repository/Utils/Page_CNPM Danh sch thnh vin/input_Danh sch thnh vin_btn btn-secondary my-1'
	at com.kms.katalon.core.webui.keyword.internal.WebUIKeywordMain.stepFailed(WebUIKeywordMain.groovy:64)
	at com.kms.katalon.core.webui.keyword.internal.WebUIKeywordMain.runKeyword(WebUIKeywordMain.groovy:26)
	at com.kms.katalon.core.webui.keyword.builtin.ClickKeyword.click(ClickKeyword.groovy:74)
	at com.kms.katalon.core.webui.keyword.builtin.ClickKeyword.execute(ClickKeyword.groovy:40)
	at com.kms.katalon.core.keyword.internal.KeywordExecutor.executeKeywordForPlatform(KeywordExecutor.groovy:74)
	at com.kms.katalon.core.webui.keyword.WebUiBuiltInKeywords.click(WebUiBuiltInKeywords.groovy:620)
	at com.kms.katalon.core.webui.keyword.WebUiBuiltInKeywords$click$1.call(Unknown Source)
	at Create course CNPM.run(Create course CNPM:36)
	at com.kms.katalon.core.main.ScriptEngine.run(ScriptEngine.java:194)
	at com.kms.katalon.core.main.ScriptEngine.runScriptAsRawText(ScriptEngine.java:119)
	at com.kms.katalon.core.main.TestCaseExecutor.runScript(TestCaseExecutor.java:442)
	at com.kms.katalon.core.main.TestCaseExecutor.doExecute(TestCaseExecutor.java:433)
	at com.kms.katalon.core.main.TestCaseExecutor.processExecutionPhase(TestCaseExecutor.java:412)
	at com.kms.katalon.core.main.TestCaseExecutor.accessMainPhase(TestCaseExecutor.java:404)
	at com.kms.katalon.core.main.TestCaseExecutor.execute(TestCaseExecutor.java:281)
	at com.kms.katalon.core.main.TestCaseMain.runTestCase(TestCaseMain.java:138)
	at com.kms.katalon.core.keyword.builtin.CallTestCaseKeyword$_callTestCase_closure1.doCall(CallTestCaseKeyword.groovy:59)
	at com.kms.katalon.core.keyword.builtin.CallTestCaseKeyword$_callTestCase_closure1.call(CallTestCaseKeyword.groovy)
	at com.kms.katalon.core.keyword.internal.KeywordMain.runKeyword(KeywordMain.groovy:74)
	at com.kms.katalon.core.keyword.builtin.CallTestCaseKeyword.callTestCase(CallTestCaseKeyword.groovy:81)
	at com.kms.katalon.core.keyword.builtin.CallTestCaseKeyword.execute(CallTestCaseKeyword.groovy:44)
	at com.kms.katalon.core.keyword.internal.KeywordExecutor.executeKeywordForPlatform(KeywordExecutor.groovy:74)
	at com.kms.katalon.core.keyword.BuiltinKeywords.callTestCase(BuiltinKeywords.groovy:334)
	at Create quiz.run(Create quiz:24)
	at com.kms.katalon.core.main.ScriptEngine.run(ScriptEngine.java:194)
	at com.kms.katalon.core.main.ScriptEngine.runScriptAsRawText(ScriptEngine.java:119)
	at com.kms.katalon.core.main.TestCaseExecutor.runScript(TestCaseExecutor.java:442)
	at com.kms.katalon.core.main.TestCaseExecutor.doExecute(TestCaseExecutor.java:433)
	at com.kms.katalon.core.main.TestCaseExecutor.processExecutionPhase(TestCaseExecutor.java:412)
	at com.kms.katalon.core.main.TestCaseExecutor.accessMainPhase(TestCaseExecutor.java:404)
	at com.kms.katalon.core.main.TestCaseExecutor.execute(TestCaseExecutor.java:281)
	at com.kms.katalon.core.main.TestCaseExecutor.execute(TestCaseExecutor.java:363)
	at com.kms.katalon.core.main.TestCaseExecutor.execute(TestCaseExecutor.java:363)
	at com.kms.katalon.core.main.TestCaseExecutor.execute(TestCaseExecutor.java:363)
	at com.kms.katalon.core.main.TestSuiteExecutor.accessTestCaseMainPhase(TestSuiteExecutor.java:202)
	at com.kms.katalon.core.main.TestSuiteExecutor.accessTestSuiteMainPhase(TestSuiteExecutor.java:164)
	at com.kms.katalon.core.main.TestSuiteExecutor.execute(TestSuiteExecutor.java:105)
	at com.kms.katalon.core.main.TestCaseMain.startTestSuite(TestCaseMain.java:181)
	at com.kms.katalon.core.main.TestCaseMain$startTestSuite$0.call(Unknown Source)
	at TempTestSuite1642408138931.run(TempTestSuite1642408138931.groovy:36)
Caused by: com.kms.katalon.core.webui.exception.WebElementNotFoundException: Web element with id: 'Object Repository/Utils/Page_CNPM Danh sch thnh vin/input_Danh sch thnh vin_btn btn-secondary my-1' located by '//input[@value='Ghi danh người dùng']' not found
	at com.kms.katalon.core.webui.common.WebUiCommonHelper.findWebElement(WebUiCommonHelper.java:1368)
	at com.kms.katalon.core.webui.keyword.internal.WebUIAbstractKeyword.findWebElement(WebUIAbstractKeyword.groovy:27)
	at com.kms.katalon.core.webui.keyword.builtin.ClickKeyword$_click_closure1.doCall(ClickKeyword.groovy:65)
	at com.kms.katalon.core.webui.keyword.builtin.ClickKeyword$_click_closure1.call(ClickKeyword.groovy)
	at com.kms.katalon.core.webui.keyword.internal.WebUIKeywordMain.runKeyword(WebUIKeywordMain.groovy:20)
	... 38 more


2022-01-17 17:00:22 - [TEST_STEP][PASSED] - callTestCase(findTestCase("Utils/Login as admin"), [:], STOP_ON_FAILURE): Call Test Case 'Test Cases/Utils/Login as admin' successfully

2022-01-17 17:00:22 - [TEST_CASE][PASSED] - Test Cases/Utils/Login as admin: Test Cases/Utils/Login as admin

2022-01-17 17:00:22 - [TEST_STEP][PASSED] - click(findTestObject("View course grade/Page_Local Moodle/a_Log in")): Object: 'Object Repository/View course grade/Page_Local Moodle/a_Log in' is clicked on

2022-01-17 17:00:23 - [MESSAGE][PASSED] - Object: 'Object Repository/View course grade/Page_Local Moodle/a_Log in' is clicked on

2022-01-17 17:00:23 - [TEST_STEP][PASSED] - setText(findTestObject("View course grade/Page_Local Moodle Log in to the site/input_Username_username"), "admin"): Text 'admin' is set on object 'Object Repository/View course grade/Page_Local Moodle Log in to the site/input_Username_username'

2022-01-17 17:00:24 - [MESSAGE][PASSED] - Text 'admin' is set on object 'Object Repository/View course grade/Page_Local Moodle Log in to the site/input_Username_username'

2022-01-17 17:00:24 - [TEST_STEP][PASSED] - setEncryptedText(findTestObject("View course grade/Page_Local Moodle Log in to the site/input_Password_password"), "bfAykA/oWJ09FXmiKh6lyuuLu8QhG1K5"): Text ****** has been set on object 'Object Repository/View course grade/Page_Local Moodle Log in to the site/input_Password_password'

2022-01-17 17:00:24 - [MESSAGE][PASSED] - Text ****** has been set on object 'Object Repository/View course grade/Page_Local Moodle Log in to the site/input_Password_password'

2022-01-17 17:00:24 - [TEST_STEP][PASSED] - click(findTestObject("View course grade/Page_Local Moodle Log in to the site/button_Log in")): Object: 'Object Repository/View course grade/Page_Local Moodle Log in to the site/button_Log in' is clicked on

2022-01-17 17:00:26 - [MESSAGE][PASSED] - Object: 'Object Repository/View course grade/Page_Local Moodle Log in to the site/button_Log in' is clicked on

2022-01-17 17:00:26 - [MESSAGE][PASSED] - Call Test Case 'Test Cases/Utils/Login as admin' successfully

2022-01-17 17:00:26 - [TEST_STEP][PASSED] - click(findTestObject("Object Repository/Utils/Page_Nh ca ti/span_Qun tr khu vc")): Object: 'Object Repository/Utils/Page_Nh ca ti/span_Qun tr khu vc' is clicked on

2022-01-17 17:00:29 - [MESSAGE][PASSED] - Object: 'Object Repository/Utils/Page_Nh ca ti/span_Qun tr khu vc' is clicked on

2022-01-17 17:00:29 - [TEST_STEP][PASSED] - click(findTestObject("Object Repository/Utils/Page_Moodle Khu vc qun tr Tm kim/a_Kho hc")): Object: 'Object Repository/Utils/Page_Moodle Khu vc qun tr Tm kim/a_Kho hc' is clicked on

2022-01-17 17:00:30 - [MESSAGE][PASSED] - Object: 'Object Repository/Utils/Page_Moodle Khu vc qun tr Tm kim/a_Kho hc' is clicked on

2022-01-17 17:00:30 - [TEST_STEP][PASSED] - click(findTestObject("Object Repository/Utils/Page_Moodle Khu vc qun tr Tm kim/a_Thmsa cc kho hc")): Object: 'Object Repository/Utils/Page_Moodle Khu vc qun tr Tm kim/a_Thmsa cc kho hc' is clicked on

2022-01-17 17:00:31 - [MESSAGE][PASSED] - Object: 'Object Repository/Utils/Page_Moodle Khu vc qun tr Tm kim/a_Thmsa cc kho hc' is clicked on

2022-01-17 17:00:31 - [TEST_STEP][PASSED] - click(findTestObject("Object Repository/Utils/Page_Qun l kha hc v danh mc kha hc/a_To kha hc mi")): Object: 'Object Repository/Utils/Page_Qun l kha hc v danh mc kha hc/a_To kha hc mi' is clicked on

2022-01-17 17:00:37 - [MESSAGE][INFO] - Unable to find the element located by 'By.xpath: //div[@id='yui_3_17_2_1_1641906891631_57']/div/div/a'. Please recheck the objects properties to make sure the desired element is located. 

2022-01-17 17:00:37 - [MESSAGE][WARNING] - [SELF-HEALING] Failed to find element with id 'Object Repository/Utils/Page_Qun l kha hc v danh mc kha hc/a_To kha hc mi'. Try using Self-healing.

2022-01-17 17:00:38 - [MESSAGE][WARNING] - [SELF-HEALING] The current locator of test object 'Object Repository/Utils/Page_Qun l kha hc v danh mc kha hc/a_To kha hc mi' was broken. Propose an alternative one: '//a[contains(text(),'Tạo khóa học mới')]'.

2022-01-17 17:00:39 - [MESSAGE][PASSED] - Object: 'Object Repository/Utils/Page_Qun l kha hc v danh mc kha hc/a_To kha hc mi' is clicked on

2022-01-17 17:00:39 - [TEST_STEP][PASSED] - setText(findTestObject("Object Repository/Utils/Page_Moodle Thm kho hc mi/input_Tn y_fullname"), "Nhập môn Công nghệ phần mềm"): Text 'Nhập môn Công nghệ phần mềm' is set on object 'Object Repository/Utils/Page_Moodle Thm kho hc mi/input_Tn y_fullname'

2022-01-17 17:00:40 - [MESSAGE][PASSED] - Text 'Nhập môn Công nghệ phần mềm' is set on object 'Object Repository/Utils/Page_Moodle Thm kho hc mi/input_Tn y_fullname'

2022-01-17 17:00:40 - [TEST_STEP][PASSED] - setText(findTestObject("Object Repository/Utils/Page_Moodle Thm kho hc mi/input_Tn rt gn ca kho hc_shortname"), "CNPM"): Text 'CNPM' is set on object 'Object Repository/Utils/Page_Moodle Thm kho hc mi/input_Tn rt gn ca kho hc_shortname'

2022-01-17 17:00:41 - [MESSAGE][PASSED] - Text 'CNPM' is set on object 'Object Repository/Utils/Page_Moodle Thm kho hc mi/input_Tn rt gn ca kho hc_shortname'

2022-01-17 17:00:41 - [TEST_STEP][PASSED] - click(findTestObject("Object Repository/Utils/Page_Moodle Thm kho hc mi/input__saveanddisplay")): Object: 'Object Repository/Utils/Page_Moodle Thm kho hc mi/input__saveanddisplay' is clicked on

2022-01-17 17:00:43 - [MESSAGE][PASSED] - Object: 'Object Repository/Utils/Page_Moodle Thm kho hc mi/input__saveanddisplay' is clicked on

2022-01-17 17:00:43 - [TEST_STEP][FAILED] - click(findTestObject("Object Repository/Utils/Page_CNPM Danh sch thnh vin/input_Danh sch thnh vin_btn btn-secondary my-1")): Unable to click on object 'Object Repository/Utils/Page_CNPM Danh sch thnh vin/input_Danh sch thnh vin_btn btn-secondary my-1' (Root cause: com.kms.katalon.core.exception.StepFailedException: Unable to click on object 'Object Repository/Utils/Page_CNPM Danh sch thnh vin/input_Danh sch thnh vin_btn btn-secondary my-1'
	at com.kms.katalon.core.webui.keyword.internal.WebUIKeywordMain.stepFailed(WebUIKeywordMain.groovy:64)
	at com.kms.katalon.core.webui.keyword.internal.WebUIKeywordMain.runKeyword(WebUIKeywordMain.groovy:26)
	at com.kms.katalon.core.webui.keyword.builtin.ClickKeyword.click(ClickKeyword.groovy:74)
	at com.kms.katalon.core.webui.keyword.builtin.ClickKeyword.execute(ClickKeyword.groovy:40)
	at com.kms.katalon.core.keyword.internal.KeywordExecutor.executeKeywordForPlatform(KeywordExecutor.groovy:74)
	at com.kms.katalon.core.webui.keyword.WebUiBuiltInKeywords.click(WebUiBuiltInKeywords.groovy:620)
	at com.kms.katalon.core.webui.keyword.WebUiBuiltInKeywords$click$1.call(Unknown Source)
	at Create course CNPM.run(Create course CNPM:36)
	at com.kms.katalon.core.main.ScriptEngine.run(ScriptEngine.java:194)
	at com.kms.katalon.core.main.ScriptEngine.runScriptAsRawText(ScriptEngine.java:119)
	at com.kms.katalon.core.main.TestCaseExecutor.runScript(TestCaseExecutor.java:442)
	at com.kms.katalon.core.main.TestCaseExecutor.doExecute(TestCaseExecutor.java:433)
	at com.kms.katalon.core.main.TestCaseExecutor.processExecutionPhase(TestCaseExecutor.java:412)
	at com.kms.katalon.core.main.TestCaseExecutor.accessMainPhase(TestCaseExecutor.java:404)
	at com.kms.katalon.core.main.TestCaseExecutor.execute(TestCaseExecutor.java:281)
	at com.kms.katalon.core.main.TestCaseMain.runTestCase(TestCaseMain.java:138)
	at com.kms.katalon.core.keyword.builtin.CallTestCaseKeyword$_callTestCase_closure1.doCall(CallTestCaseKeyword.groovy:59)
	at com.kms.katalon.core.keyword.builtin.CallTestCaseKeyword$_callTestCase_closure1.call(CallTestCaseKeyword.groovy)
	at com.kms.katalon.core.keyword.internal.KeywordMain.runKeyword(KeywordMain.groovy:74)
	at com.kms.katalon.core.keyword.builtin.CallTestCaseKeyword.callTestCase(CallTestCaseKeyword.groovy:81)
	at com.kms.katalon.core.keyword.builtin.CallTestCaseKeyword.execute(CallTestCaseKeyword.groovy:44)
	at com.kms.katalon.core.keyword.internal.KeywordExecutor.executeKeywordForPlatform(KeywordExecutor.groovy:74)
	at com.kms.katalon.core.keyword.BuiltinKeywords.callTestCase(BuiltinKeywords.groovy:334)
	at Create quiz.run(Create quiz:24)
	at com.kms.katalon.core.main.ScriptEngine.run(ScriptEngine.java:194)
	at com.kms.katalon.core.main.ScriptEngine.runScriptAsRawText(ScriptEngine.java:119)
	at com.kms.katalon.core.main.TestCaseExecutor.runScript(TestCaseExecutor.java:442)
	at com.kms.katalon.core.main.TestCaseExecutor.doExecute(TestCaseExecutor.java:433)
	at com.kms.katalon.core.main.TestCaseExecutor.processExecutionPhase(TestCaseExecutor.java:412)
	at com.kms.katalon.core.main.TestCaseExecutor.accessMainPhase(TestCaseExecutor.java:404)
	at com.kms.katalon.core.main.TestCaseExecutor.execute(TestCaseExecutor.java:281)
	at com.kms.katalon.core.main.TestCaseExecutor.execute(TestCaseExecutor.java:363)
	at com.kms.katalon.core.main.TestCaseExecutor.execute(TestCaseExecutor.java:363)
	at com.kms.katalon.core.main.TestCaseExecutor.execute(TestCaseExecutor.java:363)
	at com.kms.katalon.core.main.TestSuiteExecutor.accessTestCaseMainPhase(TestSuiteExecutor.java:202)
	at com.kms.katalon.core.main.TestSuiteExecutor.accessTestSuiteMainPhase(TestSuiteExecutor.java:164)
	at com.kms.katalon.core.main.TestSuiteExecutor.execute(TestSuiteExecutor.java:105)
	at com.kms.katalon.core.main.TestCaseMain.startTestSuite(TestCaseMain.java:181)
	at com.kms.katalon.core.main.TestCaseMain$startTestSuite$0.call(Unknown Source)
	at TempTestSuite1642408138931.run(TempTestSuite1642408138931.groovy:36)
Caused by: com.kms.katalon.core.webui.exception.WebElementNotFoundException: Web element with id: 'Object Repository/Utils/Page_CNPM Danh sch thnh vin/input_Danh sch thnh vin_btn btn-secondary my-1' located by '//input[@value='Ghi danh người dùng']' not found
	at com.kms.katalon.core.webui.common.WebUiCommonHelper.findWebElement(WebUiCommonHelper.java:1368)
	at com.kms.katalon.core.webui.keyword.internal.WebUIAbstractKeyword.findWebElement(WebUIAbstractKeyword.groovy:27)
	at com.kms.katalon.core.webui.keyword.builtin.ClickKeyword$_click_closure1.doCall(ClickKeyword.groovy:65)
	at com.kms.katalon.core.webui.keyword.builtin.ClickKeyword$_click_closure1.call(ClickKeyword.groovy)
	at com.kms.katalon.core.webui.keyword.internal.WebUIKeywordMain.runKeyword(WebUIKeywordMain.groovy:20)
	at com.kms.katalon.core.webui.keyword.builtin.ClickKeyword.click(ClickKeyword.groovy:74)
	at com.kms.katalon.core.webui.keyword.builtin.ClickKeyword.execute(ClickKeyword.groovy:40)
	at com.kms.katalon.core.keyword.internal.KeywordExecutor.executeKeywordForPlatform(KeywordExecutor.groovy:74)
	at com.kms.katalon.core.webui.keyword.WebUiBuiltInKeywords.click(WebUiBuiltInKeywords.groovy:620)
	at com.kms.katalon.core.webui.keyword.WebUiBuiltInKeywords$click$1.call(Unknown Source)
	at Script1641906761787.run(Script1641906761787.groovy:36)
	at com.kms.katalon.core.main.ScriptEngine.run(ScriptEngine.java:194)
	at com.kms.katalon.core.main.ScriptEngine.runScriptAsRawText(ScriptEngine.java:119)
	at com.kms.katalon.core.main.TestCaseExecutor.runScript(TestCaseExecutor.java:442)
	at com.kms.katalon.core.main.TestCaseExecutor.doExecute(TestCaseExecutor.java:433)
	at com.kms.katalon.core.main.TestCaseExecutor.processExecutionPhase(TestCaseExecutor.java:412)
	at com.kms.katalon.core.main.TestCaseExecutor.accessMainPhase(TestCaseExecutor.java:404)
	at com.kms.katalon.core.main.TestCaseExecutor.execute(TestCaseExecutor.java:281)
	at com.kms.katalon.core.main.TestCaseMain.runTestCase(TestCaseMain.java:138)
	at com.kms.katalon.core.keyword.builtin.CallTestCaseKeyword$_callTestCase_closure1.doCall(CallTestCaseKeyword.groovy:59)
	at com.kms.katalon.core.keyword.builtin.CallTestCaseKeyword$_callTestCase_closure1.call(CallTestCaseKeyword.groovy)
	at com.kms.katalon.core.keyword.internal.KeywordMain.runKeyword(KeywordMain.groovy:74)
	at com.kms.katalon.core.keyword.builtin.CallTestCaseKeyword.callTestCase(CallTestCaseKeyword.groovy:81)
	at com.kms.katalon.core.keyword.builtin.CallTestCaseKeyword.execute(CallTestCaseKeyword.groovy:44)
	at com.kms.katalon.core.keyword.internal.KeywordExecutor.executeKeywordForPlatform(KeywordExecutor.groovy:74)
	at com.kms.katalon.core.keyword.BuiltinKeywords.callTestCase(BuiltinKeywords.groovy:334)
	at Script1641913605315.run(Script1641913605315.groovy:24)
	... 16 more
)

2022-01-17 17:00:49 - [MESSAGE][INFO] - Unable to find the element located by 'By.xpath: //input[@value='Ghi danh người dùng']'. Please recheck the objects properties to make sure the desired element is located. 

2022-01-17 17:00:49 - [MESSAGE][WARNING] - [SELF-HEALING] Failed to find element with id 'Object Repository/Utils/Page_CNPM Danh sch thnh vin/input_Danh sch thnh vin_btn btn-secondary my-1'. Try using Self-healing.

2022-01-17 17:00:50 - [MESSAGE][INFO] - [SELF-HEALING] Failed Locator: '//input[@value='Ghi danh người dùng']'.

2022-01-17 17:00:50 - [MESSAGE][INFO] - [SELF-HEALING] Failed Locator: '//form[@id='enrolusersbutton-1']/div/input'.

2022-01-17 17:00:50 - [MESSAGE][INFO] - [SELF-HEALING] Working Locator: '//input'.

2022-01-17 17:00:50 - [MESSAGE][ERROR] - [SELF-HEALING] Cannot save screenshot to: D:\Cong-Binh Le\xampp\htdocs\moodle\Test Automation - SE Bonus\Reports\Self-healing, reason: unknown error: unhandled inspector error: {"code":-32000,"message":"Cannot take screenshot with 0 width."}
  (Session info: chrome=97.0.4692.71)
Build info: version: '3.141.59', revision: 'e82be7d358', time: '2018-11-14T08:25:53'
System info: host: 'DESKTOP-G2F0VIE', ip: '192.168.1.9', os.name: 'Windows 10', os.arch: 'amd64', os.version: '10.0', java.version: '1.8.0_282'
Driver info: com.kms.katalon.selenium.driver.CChromeDriver
Capabilities {acceptInsecureCerts: false, browserName: chrome, browserVersion: 97.0.4692.71, chrome: {chromedriverVersion: 97.0.4692.71 (adefa7837d02a..., userDataDir: C:\Users\banh\AppData\Local...}, goog:chromeOptions: {debuggerAddress: localhost:65364}, javascriptEnabled: true, networkConnectionEnabled: false, pageLoadStrategy: normal, platform: WINDOWS, platformName: WINDOWS, proxy: Proxy(), setWindowRect: true, strictFileInteractability: false, timeouts: {implicit: 0, pageLoad: 300000, script: 30000}, unhandledPromptBehavior: dismiss and notify, webauthn:extension:credBlob: true, webauthn:extension:largeBlob: true, webauthn:virtualAuthenticators: true}
Session ID: 355fcca3455b9e8d35daeb2caa9a1d05.

2022-01-17 17:00:50 - [MESSAGE][ERROR] - [SELF-HEALING] Cannot save screenshot to: D:\Cong-Binh Le\xampp\htdocs\moodle\Test Automation - SE Bonus\Reports\Self-healing, reason: unknown error: unhandled inspector error: {"code":-32000,"message":"Cannot take screenshot with 0 width."}
  (Session info: chrome=97.0.4692.71)
Build info: version: '3.141.59', revision: 'e82be7d358', time: '2018-11-14T08:25:53'
System info: host: 'DESKTOP-G2F0VIE', ip: '192.168.1.9', os.name: 'Windows 10', os.arch: 'amd64', os.version: '10.0', java.version: '1.8.0_282'
Driver info: com.kms.katalon.selenium.driver.CChromeDriver
Capabilities {acceptInsecureCerts: false, browserName: chrome, browserVersion: 97.0.4692.71, chrome: {chromedriverVersion: 97.0.4692.71 (adefa7837d02a..., userDataDir: C:\Users\banh\AppData\Local...}, goog:chromeOptions: {debuggerAddress: localhost:65364}, javascriptEnabled: true, networkConnectionEnabled: false, pageLoadStrategy: normal, platform: WINDOWS, platformName: WINDOWS, proxy: Proxy(), setWindowRect: true, strictFileInteractability: false, timeouts: {implicit: 0, pageLoad: 300000, script: 30000}, unhandledPromptBehavior: dismiss and notify, webauthn:extension:credBlob: true, webauthn:extension:largeBlob: true, webauthn:virtualAuthenticators: true}
Session ID: 355fcca3455b9e8d35daeb2caa9a1d05.

2022-01-17 17:00:50 - [MESSAGE][WARNING] - [SELF-HEALING] 'other' is different type of Path

2022-01-17 17:00:51 - [MESSAGE][ERROR] - [SELF-HEALING] Cannot save screenshot to: D:\Cong-Binh Le\xampp\htdocs\moodle\Test Automation - SE Bonus\Reports\Self-healing, reason: unknown error: unhandled inspector error: {"code":-32000,"message":"Cannot take screenshot with 0 width."}
  (Session info: chrome=97.0.4692.71)
Build info: version: '3.141.59', revision: 'e82be7d358', time: '2018-11-14T08:25:53'
System info: host: 'DESKTOP-G2F0VIE', ip: '192.168.1.9', os.name: 'Windows 10', os.arch: 'amd64', os.version: '10.0', java.version: '1.8.0_282'
Driver info: com.kms.katalon.selenium.driver.CChromeDriver
Capabilities {acceptInsecureCerts: false, browserName: chrome, browserVersion: 97.0.4692.71, chrome: {chromedriverVersion: 97.0.4692.71 (adefa7837d02a..., userDataDir: C:\Users\banh\AppData\Local...}, goog:chromeOptions: {debuggerAddress: localhost:65364}, javascriptEnabled: true, networkConnectionEnabled: false, pageLoadStrategy: normal, platform: WINDOWS, platformName: WINDOWS, proxy: Proxy(), setWindowRect: true, strictFileInteractability: false, timeouts: {implicit: 0, pageLoad: 300000, script: 30000}, unhandledPromptBehavior: dismiss and notify, webauthn:extension:credBlob: true, webauthn:extension:largeBlob: true, webauthn:virtualAuthenticators: true}
Session ID: 355fcca3455b9e8d35daeb2caa9a1d05.

2022-01-17 17:00:51 - [MESSAGE][WARNING] - [SELF-HEALING] 'other' is different type of Path

2022-01-17 17:00:52 - [MESSAGE][INFO] - Unable to find the element located by 'By.cssSelector: input.btn.btn-secondary.my-1'. Please recheck the objects properties to make sure the desired element is located. 

2022-01-17 17:00:52 - [MESSAGE][FAILED] - Unable to click on object 'Object Repository/Utils/Page_CNPM Danh sch thnh vin/input_Danh sch thnh vin_btn btn-secondary my-1' (Root cause: com.kms.katalon.core.exception.StepFailedException: Unable to click on object 'Object Repository/Utils/Page_CNPM Danh sch thnh vin/input_Danh sch thnh vin_btn btn-secondary my-1'
	at com.kms.katalon.core.webui.keyword.internal.WebUIKeywordMain.stepFailed(WebUIKeywordMain.groovy:64)
	at com.kms.katalon.core.webui.keyword.internal.WebUIKeywordMain.runKeyword(WebUIKeywordMain.groovy:26)
	at com.kms.katalon.core.webui.keyword.builtin.ClickKeyword.click(ClickKeyword.groovy:74)
	at com.kms.katalon.core.webui.keyword.builtin.ClickKeyword.execute(ClickKeyword.groovy:40)
	at com.kms.katalon.core.keyword.internal.KeywordExecutor.executeKeywordForPlatform(KeywordExecutor.groovy:74)
	at com.kms.katalon.core.webui.keyword.WebUiBuiltInKeywords.click(WebUiBuiltInKeywords.groovy:620)
	at com.kms.katalon.core.webui.keyword.WebUiBuiltInKeywords$click$1.call(Unknown Source)
	at Create course CNPM.run(Create course CNPM:36)
	at com.kms.katalon.core.main.ScriptEngine.run(ScriptEngine.java:194)
	at com.kms.katalon.core.main.ScriptEngine.runScriptAsRawText(ScriptEngine.java:119)
	at com.kms.katalon.core.main.TestCaseExecutor.runScript(TestCaseExecutor.java:442)
	at com.kms.katalon.core.main.TestCaseExecutor.doExecute(TestCaseExecutor.java:433)
	at com.kms.katalon.core.main.TestCaseExecutor.processExecutionPhase(TestCaseExecutor.java:412)
	at com.kms.katalon.core.main.TestCaseExecutor.accessMainPhase(TestCaseExecutor.java:404)
	at com.kms.katalon.core.main.TestCaseExecutor.execute(TestCaseExecutor.java:281)
	at com.kms.katalon.core.main.TestCaseMain.runTestCase(TestCaseMain.java:138)
	at com.kms.katalon.core.keyword.builtin.CallTestCaseKeyword$_callTestCase_closure1.doCall(CallTestCaseKeyword.groovy:59)
	at com.kms.katalon.core.keyword.builtin.CallTestCaseKeyword$_callTestCase_closure1.call(CallTestCaseKeyword.groovy)
	at com.kms.katalon.core.keyword.internal.KeywordMain.runKeyword(KeywordMain.groovy:74)
	at com.kms.katalon.core.keyword.builtin.CallTestCaseKeyword.callTestCase(CallTestCaseKeyword.groovy:81)
	at com.kms.katalon.core.keyword.builtin.CallTestCaseKeyword.execute(CallTestCaseKeyword.groovy:44)
	at com.kms.katalon.core.keyword.internal.KeywordExecutor.executeKeywordForPlatform(KeywordExecutor.groovy:74)
	at com.kms.katalon.core.keyword.BuiltinKeywords.callTestCase(BuiltinKeywords.groovy:334)
	at Create quiz.run(Create quiz:24)
	at com.kms.katalon.core.main.ScriptEngine.run(ScriptEngine.java:194)
	at com.kms.katalon.core.main.ScriptEngine.runScriptAsRawText(ScriptEngine.java:119)
	at com.kms.katalon.core.main.TestCaseExecutor.runScript(TestCaseExecutor.java:442)
	at com.kms.katalon.core.main.TestCaseExecutor.doExecute(TestCaseExecutor.java:433)
	at com.kms.katalon.core.main.TestCaseExecutor.processExecutionPhase(TestCaseExecutor.java:412)
	at com.kms.katalon.core.main.TestCaseExecutor.accessMainPhase(TestCaseExecutor.java:404)
	at com.kms.katalon.core.main.TestCaseExecutor.execute(TestCaseExecutor.java:281)
	at com.kms.katalon.core.main.TestCaseExecutor.execute(TestCaseExecutor.java:363)
	at com.kms.katalon.core.main.TestCaseExecutor.execute(TestCaseExecutor.java:363)
	at com.kms.katalon.core.main.TestCaseExecutor.execute(TestCaseExecutor.java:363)
	at com.kms.katalon.core.main.TestSuiteExecutor.accessTestCaseMainPhase(TestSuiteExecutor.java:202)
	at com.kms.katalon.core.main.TestSuiteExecutor.accessTestSuiteMainPhase(TestSuiteExecutor.java:164)
	at com.kms.katalon.core.main.TestSuiteExecutor.execute(TestSuiteExecutor.java:105)
	at com.kms.katalon.core.main.TestCaseMain.startTestSuite(TestCaseMain.java:181)
	at com.kms.katalon.core.main.TestCaseMain$startTestSuite$0.call(Unknown Source)
	at TempTestSuite1642408138931.run(TempTestSuite1642408138931.groovy:36)
Caused by: com.kms.katalon.core.webui.exception.WebElementNotFoundException: Web element with id: 'Object Repository/Utils/Page_CNPM Danh sch thnh vin/input_Danh sch thnh vin_btn btn-secondary my-1' located by '//input[@value='Ghi danh người dùng']' not found
	at com.kms.katalon.core.webui.common.WebUiCommonHelper.findWebElement(WebUiCommonHelper.java:1368)
	at com.kms.katalon.core.webui.keyword.internal.WebUIAbstractKeyword.findWebElement(WebUIAbstractKeyword.groovy:27)
	at com.kms.katalon.core.webui.keyword.builtin.ClickKeyword$_click_closure1.doCall(ClickKeyword.groovy:65)
	at com.kms.katalon.core.webui.keyword.builtin.ClickKeyword$_click_closure1.call(ClickKeyword.groovy)
	at com.kms.katalon.core.webui.keyword.internal.WebUIKeywordMain.runKeyword(WebUIKeywordMain.groovy:20)
	at com.kms.katalon.core.webui.keyword.builtin.ClickKeyword.click(ClickKeyword.groovy:74)
	at com.kms.katalon.core.webui.keyword.builtin.ClickKeyword.execute(ClickKeyword.groovy:40)
	at com.kms.katalon.core.keyword.internal.KeywordExecutor.executeKeywordForPlatform(KeywordExecutor.groovy:74)
	at com.kms.katalon.core.webui.keyword.WebUiBuiltInKeywords.click(WebUiBuiltInKeywords.groovy:620)
	at com.kms.katalon.core.webui.keyword.WebUiBuiltInKeywords$click$1.call(Unknown Source)
	at Script1641906761787.run(Script1641906761787.groovy:36)
	at com.kms.katalon.core.main.ScriptEngine.run(ScriptEngine.java:194)
	at com.kms.katalon.core.main.ScriptEngine.runScriptAsRawText(ScriptEngine.java:119)
	at com.kms.katalon.core.main.TestCaseExecutor.runScript(TestCaseExecutor.java:442)
	at com.kms.katalon.core.main.TestCaseExecutor.doExecute(TestCaseExecutor.java:433)
	at com.kms.katalon.core.main.TestCaseExecutor.processExecutionPhase(TestCaseExecutor.java:412)
	at com.kms.katalon.core.main.TestCaseExecutor.accessMainPhase(TestCaseExecutor.java:404)
	at com.kms.katalon.core.main.TestCaseExecutor.execute(TestCaseExecutor.java:281)
	at com.kms.katalon.core.main.TestCaseMain.runTestCase(TestCaseMain.java:138)
	at com.kms.katalon.core.keyword.builtin.CallTestCaseKeyword$_callTestCase_closure1.doCall(CallTestCaseKeyword.groovy:59)
	at com.kms.katalon.core.keyword.builtin.CallTestCaseKeyword$_callTestCase_closure1.call(CallTestCaseKeyword.groovy)
	at com.kms.katalon.core.keyword.internal.KeywordMain.runKeyword(KeywordMain.groovy:74)
	at com.kms.katalon.core.keyword.builtin.CallTestCaseKeyword.callTestCase(CallTestCaseKeyword.groovy:81)
	at com.kms.katalon.core.keyword.builtin.CallTestCaseKeyword.execute(CallTestCaseKeyword.groovy:44)
	at com.kms.katalon.core.keyword.internal.KeywordExecutor.executeKeywordForPlatform(KeywordExecutor.groovy:74)
	at com.kms.katalon.core.keyword.BuiltinKeywords.callTestCase(BuiltinKeywords.groovy:334)
	at Script1641913605315.run(Script1641913605315.groovy:24)
	... 16 more
)
[[ATTACHMENT|D:\\Cong-Binh Le\\xampp\\htdocs\\moodle\\Test Automation - SE Bonus\\Reports\\20220117_152858\\Run All Test Cases\\20220117_152858\\1642413652517.png]]

2022-01-17 17:00:52 - [MESSAGE][INFO] - 

2022-01-17 17:00:52 - [MESSAGE][INFO] - ===================== Self-healing Report ====================

2022-01-17 17:00:52 - [MESSAGE][INFO] - One of the failed test object locators has been recovered by Self-healing. Please refer to the Self-healing Insights tab for more details.

2022-01-17 17:00:52 - [MESSAGE][INFO] - To learn more about Self-healing, please read https://docs.katalon.com/katalon-studio/docs/self-healing.html

2022-01-17 17:00:52 - [MESSAGE][INFO] - ==============================================================

2022-01-17 17:00:52 - [MESSAGE][FAILED] - Unable to call Test Case 'Test Cases/Utils/Create course CNPM' (Root cause: com.kms.katalon.core.exception.StepFailedException: Call Test Case 'Test Cases/Utils/Create course CNPM' failed
	at com.kms.katalon.core.keyword.builtin.CallTestCaseKeyword$_callTestCase_closure1.doCall(CallTestCaseKeyword.groovy:63)
	at com.kms.katalon.core.keyword.builtin.CallTestCaseKeyword$_callTestCase_closure1.call(CallTestCaseKeyword.groovy)
	at com.kms.katalon.core.keyword.internal.KeywordMain.runKeyword(KeywordMain.groovy:74)
	at com.kms.katalon.core.keyword.builtin.CallTestCaseKeyword.callTestCase(CallTestCaseKeyword.groovy:81)
	at com.kms.katalon.core.keyword.builtin.CallTestCaseKeyword.execute(CallTestCaseKeyword.groovy:44)
	at com.kms.katalon.core.keyword.internal.KeywordExecutor.executeKeywordForPlatform(KeywordExecutor.groovy:74)
	at com.kms.katalon.core.keyword.BuiltinKeywords.callTestCase(BuiltinKeywords.groovy:334)
	at Create quiz.run(Create quiz:24)
	at com.kms.katalon.core.main.ScriptEngine.run(ScriptEngine.java:194)
	at com.kms.katalon.core.main.ScriptEngine.runScriptAsRawText(ScriptEngine.java:119)
	at com.kms.katalon.core.main.TestCaseExecutor.runScript(TestCaseExecutor.java:442)
	at com.kms.katalon.core.main.TestCaseExecutor.doExecute(TestCaseExecutor.java:433)
	at com.kms.katalon.core.main.TestCaseExecutor.processExecutionPhase(TestCaseExecutor.java:412)
	at com.kms.katalon.core.main.TestCaseExecutor.accessMainPhase(TestCaseExecutor.java:404)
	at com.kms.katalon.core.main.TestCaseExecutor.execute(TestCaseExecutor.java:281)
	at com.kms.katalon.core.main.TestCaseExecutor.execute(TestCaseExecutor.java:363)
	at com.kms.katalon.core.main.TestCaseExecutor.execute(TestCaseExecutor.java:363)
	at com.kms.katalon.core.main.TestCaseExecutor.execute(TestCaseExecutor.java:363)
	at com.kms.katalon.core.main.TestSuiteExecutor.accessTestCaseMainPhase(TestSuiteExecutor.java:202)
	at com.kms.katalon.core.main.TestSuiteExecutor.accessTestSuiteMainPhase(TestSuiteExecutor.java:164)
	at com.kms.katalon.core.main.TestSuiteExecutor.execute(TestSuiteExecutor.java:105)
	at com.kms.katalon.core.main.TestCaseMain.startTestSuite(TestCaseMain.java:181)
	at com.kms.katalon.core.main.TestCaseMain$startTestSuite$0.call(Unknown Source)
	at TempTestSuite1642408138931.run(TempTestSuite1642408138931.groovy:36)
Caused by: com.kms.katalon.core.exception.StepFailedException: Unable to click on object 'Object Repository/Utils/Page_CNPM Danh sch thnh vin/input_Danh sch thnh vin_btn btn-secondary my-1'
	at com.kms.katalon.core.webui.keyword.internal.WebUIKeywordMain.stepFailed(WebUIKeywordMain.groovy:64)
	at com.kms.katalon.core.webui.keyword.internal.WebUIKeywordMain.runKeyword(WebUIKeywordMain.groovy:26)
	at com.kms.katalon.core.webui.keyword.builtin.ClickKeyword.click(ClickKeyword.groovy:74)
	at com.kms.katalon.core.webui.keyword.builtin.ClickKeyword.execute(ClickKeyword.groovy:40)
	at com.kms.katalon.core.keyword.internal.KeywordExecutor.executeKeywordForPlatform(KeywordExecutor.groovy:74)
	at com.kms.katalon.core.webui.keyword.WebUiBuiltInKeywords.click(WebUiBuiltInKeywords.groovy:620)
	at com.kms.katalon.core.webui.keyword.WebUiBuiltInKeywords$click$1.call(Unknown Source)
	at Create course CNPM.run(Create course CNPM:36)
	at com.kms.katalon.core.main.ScriptEngine.run(ScriptEngine.java:194)
	at com.kms.katalon.core.main.ScriptEngine.runScriptAsRawText(ScriptEngine.java:119)
	at com.kms.katalon.core.main.TestCaseExecutor.runScript(TestCaseExecutor.java:442)
	at com.kms.katalon.core.main.TestCaseExecutor.doExecute(TestCaseExecutor.java:433)
	at com.kms.katalon.core.main.TestCaseExecutor.processExecutionPhase(TestCaseExecutor.java:412)
	at com.kms.katalon.core.main.TestCaseExecutor.accessMainPhase(TestCaseExecutor.java:404)
	at com.kms.katalon.core.main.TestCaseExecutor.execute(TestCaseExecutor.java:281)
	at com.kms.katalon.core.main.TestCaseMain.runTestCase(TestCaseMain.java:138)
	at com.kms.katalon.core.keyword.builtin.CallTestCaseKeyword$_callTestCase_closure1.doCall(CallTestCaseKeyword.groovy:59)
	... 23 more
Caused by: com.kms.katalon.core.webui.exception.WebElementNotFoundException: Web element with id: 'Object Repository/Utils/Page_CNPM Danh sch thnh vin/input_Danh sch thnh vin_btn btn-secondary my-1' located by '//input[@value='Ghi danh người dùng']' not found
	at com.kms.katalon.core.webui.common.WebUiCommonHelper.findWebElement(WebUiCommonHelper.java:1368)
	at com.kms.katalon.core.webui.keyword.internal.WebUIAbstractKeyword.findWebElement(WebUIAbstractKeyword.groovy:27)
	at com.kms.katalon.core.webui.keyword.builtin.ClickKeyword$_click_closure1.doCall(ClickKeyword.groovy:65)
	at com.kms.katalon.core.webui.keyword.builtin.ClickKeyword$_click_closure1.call(ClickKeyword.groovy)
	at com.kms.katalon.core.webui.keyword.internal.WebUIKeywordMain.runKeyword(WebUIKeywordMain.groovy:20)
	... 38 more
)]]></system-out>
         <system-err><![CDATA[2022-01-17 17:00:19 - [TEST_CASE][FAILED] - Test Cases/Create folder and quiz/Create quiz: Test Cases/Create folder and quiz/Create quiz FAILED.
Reason:
com.kms.katalon.core.exception.StepFailedException: Call Test Case 'Test Cases/Utils/Create course CNPM' failed
	at com.kms.katalon.core.keyword.builtin.CallTestCaseKeyword$_callTestCase_closure1.doCall(CallTestCaseKeyword.groovy:63)
	at com.kms.katalon.core.keyword.builtin.CallTestCaseKeyword$_callTestCase_closure1.call(CallTestCaseKeyword.groovy)
	at com.kms.katalon.core.keyword.internal.KeywordMain.runKeyword(KeywordMain.groovy:74)
	at com.kms.katalon.core.keyword.builtin.CallTestCaseKeyword.callTestCase(CallTestCaseKeyword.groovy:81)
	at com.kms.katalon.core.keyword.builtin.CallTestCaseKeyword.execute(CallTestCaseKeyword.groovy:44)
	at com.kms.katalon.core.keyword.internal.KeywordExecutor.executeKeywordForPlatform(KeywordExecutor.groovy:74)
	at com.kms.katalon.core.keyword.BuiltinKeywords.callTestCase(BuiltinKeywords.groovy:334)
	at Create quiz.run(Create quiz:24)
	at com.kms.katalon.core.main.ScriptEngine.run(ScriptEngine.java:194)
	at com.kms.katalon.core.main.ScriptEngine.runScriptAsRawText(ScriptEngine.java:119)
	at com.kms.katalon.core.main.TestCaseExecutor.runScript(TestCaseExecutor.java:442)
	at com.kms.katalon.core.main.TestCaseExecutor.doExecute(TestCaseExecutor.java:433)
	at com.kms.katalon.core.main.TestCaseExecutor.processExecutionPhase(TestCaseExecutor.java:412)
	at com.kms.katalon.core.main.TestCaseExecutor.accessMainPhase(TestCaseExecutor.java:404)
	at com.kms.katalon.core.main.TestCaseExecutor.execute(TestCaseExecutor.java:281)
	at com.kms.katalon.core.main.TestCaseExecutor.execute(TestCaseExecutor.java:363)
	at com.kms.katalon.core.main.TestCaseExecutor.execute(TestCaseExecutor.java:363)
	at com.kms.katalon.core.main.TestCaseExecutor.execute(TestCaseExecutor.java:363)
	at com.kms.katalon.core.main.TestSuiteExecutor.accessTestCaseMainPhase(TestSuiteExecutor.java:202)
	at com.kms.katalon.core.main.TestSuiteExecutor.accessTestSuiteMainPhase(TestSuiteExecutor.java:164)
	at com.kms.katalon.core.main.TestSuiteExecutor.execute(TestSuiteExecutor.java:105)
	at com.kms.katalon.core.main.TestCaseMain.startTestSuite(TestCaseMain.java:181)
	at com.kms.katalon.core.main.TestCaseMain$startTestSuite$0.call(Unknown Source)
	at TempTestSuite1642408138931.run(TempTestSuite1642408138931.groovy:36)
Caused by: com.kms.katalon.core.exception.StepFailedException: Unable to click on object 'Object Repository/Utils/Page_CNPM Danh sch thnh vin/input_Danh sch thnh vin_btn btn-secondary my-1'
	at com.kms.katalon.core.webui.keyword.internal.WebUIKeywordMain.stepFailed(WebUIKeywordMain.groovy:64)
	at com.kms.katalon.core.webui.keyword.internal.WebUIKeywordMain.runKeyword(WebUIKeywordMain.groovy:26)
	at com.kms.katalon.core.webui.keyword.builtin.ClickKeyword.click(ClickKeyword.groovy:74)
	at com.kms.katalon.core.webui.keyword.builtin.ClickKeyword.execute(ClickKeyword.groovy:40)
	at com.kms.katalon.core.keyword.internal.KeywordExecutor.executeKeywordForPlatform(KeywordExecutor.groovy:74)
	at com.kms.katalon.core.webui.keyword.WebUiBuiltInKeywords.click(WebUiBuiltInKeywords.groovy:620)
	at com.kms.katalon.core.webui.keyword.WebUiBuiltInKeywords$click$1.call(Unknown Source)
	at Create course CNPM.run(Create course CNPM:36)
	at com.kms.katalon.core.main.ScriptEngine.run(ScriptEngine.java:194)
	at com.kms.katalon.core.main.ScriptEngine.runScriptAsRawText(ScriptEngine.java:119)
	at com.kms.katalon.core.main.TestCaseExecutor.runScript(TestCaseExecutor.java:442)
	at com.kms.katalon.core.main.TestCaseExecutor.doExecute(TestCaseExecutor.java:433)
	at com.kms.katalon.core.main.TestCaseExecutor.processExecutionPhase(TestCaseExecutor.java:412)
	at com.kms.katalon.core.main.TestCaseExecutor.accessMainPhase(TestCaseExecutor.java:404)
	at com.kms.katalon.core.main.TestCaseExecutor.execute(TestCaseExecutor.java:281)
	at com.kms.katalon.core.main.TestCaseMain.runTestCase(TestCaseMain.java:138)
	at com.kms.katalon.core.keyword.builtin.CallTestCaseKeyword$_callTestCase_closure1.doCall(CallTestCaseKeyword.groovy:59)
	... 23 more
Caused by: com.kms.katalon.core.webui.exception.WebElementNotFoundException: Web element with id: 'Object Repository/Utils/Page_CNPM Danh sch thnh vin/input_Danh sch thnh vin_btn btn-secondary my-1' located by '//input[@value='Ghi danh người dùng']' not found
	at com.kms.katalon.core.webui.common.WebUiCommonHelper.findWebElement(WebUiCommonHelper.java:1368)
	at com.kms.katalon.core.webui.keyword.internal.WebUIAbstractKeyword.findWebElement(WebUIAbstractKeyword.groovy:27)
	at com.kms.katalon.core.webui.keyword.builtin.ClickKeyword$_click_closure1.doCall(ClickKeyword.groovy:65)
	at com.kms.katalon.core.webui.keyword.builtin.ClickKeyword$_click_closure1.call(ClickKeyword.groovy)
	at com.kms.katalon.core.webui.keyword.internal.WebUIKeywordMain.runKeyword(WebUIKeywordMain.groovy:20)
	... 38 more]]></system-err>
      </testcase>
      <testcase name="Test Cases/View course grade/Update grade with assignment" time="34.024" classname="Test Cases/View course grade/Update grade with assignment" status="FAILED">
         <failure type="FAILED" message="Test Cases/View course grade/Update grade with assignment FAILED.
Reason:
com.kms.katalon.core.exception.StepFailedException: Call Test Case 'Test Cases/Utils/Create course CNPM' failed
	at com.kms.katalon.core.keyword.builtin.CallTestCaseKeyword$_callTestCase_closure1.doCall(CallTestCaseKeyword.groovy:63)
	at com.kms.katalon.core.keyword.builtin.CallTestCaseKeyword$_callTestCase_closure1.call(CallTestCaseKeyword.groovy)
	at com.kms.katalon.core.keyword.internal.KeywordMain.runKeyword(KeywordMain.groovy:74)
	at com.kms.katalon.core.keyword.builtin.CallTestCaseKeyword.callTestCase(CallTestCaseKeyword.groovy:81)
	at com.kms.katalon.core.keyword.builtin.CallTestCaseKeyword.execute(CallTestCaseKeyword.groovy:44)
	at com.kms.katalon.core.keyword.internal.KeywordExecutor.executeKeywordForPlatform(KeywordExecutor.groovy:74)
	at com.kms.katalon.core.keyword.BuiltinKeywords.callTestCase(BuiltinKeywords.groovy:334)
	at Update grade with assignment.run(Update grade with assignment:24)
	at com.kms.katalon.core.main.ScriptEngine.run(ScriptEngine.java:194)
	at com.kms.katalon.core.main.ScriptEngine.runScriptAsRawText(ScriptEngine.java:119)
	at com.kms.katalon.core.main.TestCaseExecutor.runScript(TestCaseExecutor.java:442)
	at com.kms.katalon.core.main.TestCaseExecutor.doExecute(TestCaseExecutor.java:433)
	at com.kms.katalon.core.main.TestCaseExecutor.processExecutionPhase(TestCaseExecutor.java:412)
	at com.kms.katalon.core.main.TestCaseExecutor.accessMainPhase(TestCaseExecutor.java:404)
	at com.kms.katalon.core.main.TestCaseExecutor.execute(TestCaseExecutor.java:281)
	at com.kms.katalon.core.main.TestCaseExecutor.execute(TestCaseExecutor.java:363)
	at com.kms.katalon.core.main.TestCaseExecutor.execute(TestCaseExecutor.java:363)
	at com.kms.katalon.core.main.TestCaseExecutor.execute(TestCaseExecutor.java:363)
	at com.kms.katalon.core.main.TestSuiteExecutor.accessTestCaseMainPhase(TestSuiteExecutor.java:202)
	at com.kms.katalon.core.main.TestSuiteExecutor.accessTestSuiteMainPhase(TestSuiteExecutor.java:164)
	at com.kms.katalon.core.main.TestSuiteExecutor.execute(TestSuiteExecutor.java:105)
	at com.kms.katalon.core.main.TestCaseMain.startTestSuite(TestCaseMain.java:181)
	at com.kms.katalon.core.main.TestCaseMain$startTestSuite$0.call(Unknown Source)
	at TempTestSuite1642408138931.run(TempTestSuite1642408138931.groovy:36)
Caused by: com.kms.katalon.core.exception.StepFailedException: Unable to click on object 'Object Repository/Utils/Page_CNPM Danh sch thnh vin/input_Danh sch thnh vin_btn btn-secondary my-1'
	at com.kms.katalon.core.webui.keyword.internal.WebUIKeywordMain.stepFailed(WebUIKeywordMain.groovy:64)
	at com.kms.katalon.core.webui.keyword.internal.WebUIKeywordMain.runKeyword(WebUIKeywordMain.groovy:26)
	at com.kms.katalon.core.webui.keyword.builtin.ClickKeyword.click(ClickKeyword.groovy:74)
	at com.kms.katalon.core.webui.keyword.builtin.ClickKeyword.execute(ClickKeyword.groovy:40)
	at com.kms.katalon.core.keyword.internal.KeywordExecutor.executeKeywordForPlatform(KeywordExecutor.groovy:74)
	at com.kms.katalon.core.webui.keyword.WebUiBuiltInKeywords.click(WebUiBuiltInKeywords.groovy:620)
	at com.kms.katalon.core.webui.keyword.WebUiBuiltInKeywords$click$1.call(Unknown Source)
	at Create course CNPM.run(Create course CNPM:36)
	at com.kms.katalon.core.main.ScriptEngine.run(ScriptEngine.java:194)
	at com.kms.katalon.core.main.ScriptEngine.runScriptAsRawText(ScriptEngine.java:119)
	at com.kms.katalon.core.main.TestCaseExecutor.runScript(TestCaseExecutor.java:442)
	at com.kms.katalon.core.main.TestCaseExecutor.doExecute(TestCaseExecutor.java:433)
	at com.kms.katalon.core.main.TestCaseExecutor.processExecutionPhase(TestCaseExecutor.java:412)
	at com.kms.katalon.core.main.TestCaseExecutor.accessMainPhase(TestCaseExecutor.java:404)
	at com.kms.katalon.core.main.TestCaseExecutor.execute(TestCaseExecutor.java:281)
	at com.kms.katalon.core.main.TestCaseMain.runTestCase(TestCaseMain.java:138)
	at com.kms.katalon.core.keyword.builtin.CallTestCaseKeyword$_callTestCase_closure1.doCall(CallTestCaseKeyword.groovy:59)
	... 23 more
Caused by: com.kms.katalon.core.webui.exception.WebElementNotFoundException: Web element with id: 'Object Repository/Utils/Page_CNPM Danh sch thnh vin/input_Danh sch thnh vin_btn btn-secondary my-1' located by '//input[@value='Ghi danh người dùng']' not found
	at com.kms.katalon.core.webui.common.WebUiCommonHelper.findWebElement(WebUiCommonHelper.java:1368)
	at com.kms.katalon.core.webui.keyword.internal.WebUIAbstractKeyword.findWebElement(WebUIAbstractKeyword.groovy:27)
	at com.kms.katalon.core.webui.keyword.builtin.ClickKeyword$_click_closure1.doCall(ClickKeyword.groovy:65)
	at com.kms.katalon.core.webui.keyword.builtin.ClickKeyword$_click_closure1.call(ClickKeyword.groovy)
	at com.kms.katalon.core.webui.keyword.internal.WebUIKeywordMain.runKeyword(WebUIKeywordMain.groovy:20)
	... 38 more
"/>
         <system-out><![CDATA[2022-01-17 17:02:34 - [TEST_CASE][FAILED] - Test Cases/View course grade/Update grade with assignment: Test Cases/View course grade/Update grade with assignment FAILED.
Reason:
com.kms.katalon.core.exception.StepFailedException: Call Test Case 'Test Cases/Utils/Create course CNPM' failed
	at com.kms.katalon.core.keyword.builtin.CallTestCaseKeyword$_callTestCase_closure1.doCall(CallTestCaseKeyword.groovy:63)
	at com.kms.katalon.core.keyword.builtin.CallTestCaseKeyword$_callTestCase_closure1.call(CallTestCaseKeyword.groovy)
	at com.kms.katalon.core.keyword.internal.KeywordMain.runKeyword(KeywordMain.groovy:74)
	at com.kms.katalon.core.keyword.builtin.CallTestCaseKeyword.callTestCase(CallTestCaseKeyword.groovy:81)
	at com.kms.katalon.core.keyword.builtin.CallTestCaseKeyword.execute(CallTestCaseKeyword.groovy:44)
	at com.kms.katalon.core.keyword.internal.KeywordExecutor.executeKeywordForPlatform(KeywordExecutor.groovy:74)
	at com.kms.katalon.core.keyword.BuiltinKeywords.callTestCase(BuiltinKeywords.groovy:334)
	at Update grade with assignment.run(Update grade with assignment:24)
	at com.kms.katalon.core.main.ScriptEngine.run(ScriptEngine.java:194)
	at com.kms.katalon.core.main.ScriptEngine.runScriptAsRawText(ScriptEngine.java:119)
	at com.kms.katalon.core.main.TestCaseExecutor.runScript(TestCaseExecutor.java:442)
	at com.kms.katalon.core.main.TestCaseExecutor.doExecute(TestCaseExecutor.java:433)
	at com.kms.katalon.core.main.TestCaseExecutor.processExecutionPhase(TestCaseExecutor.java:412)
	at com.kms.katalon.core.main.TestCaseExecutor.accessMainPhase(TestCaseExecutor.java:404)
	at com.kms.katalon.core.main.TestCaseExecutor.execute(TestCaseExecutor.java:281)
	at com.kms.katalon.core.main.TestCaseExecutor.execute(TestCaseExecutor.java:363)
	at com.kms.katalon.core.main.TestCaseExecutor.execute(TestCaseExecutor.java:363)
	at com.kms.katalon.core.main.TestCaseExecutor.execute(TestCaseExecutor.java:363)
	at com.kms.katalon.core.main.TestSuiteExecutor.accessTestCaseMainPhase(TestSuiteExecutor.java:202)
	at com.kms.katalon.core.main.TestSuiteExecutor.accessTestSuiteMainPhase(TestSuiteExecutor.java:164)
	at com.kms.katalon.core.main.TestSuiteExecutor.execute(TestSuiteExecutor.java:105)
	at com.kms.katalon.core.main.TestCaseMain.startTestSuite(TestCaseMain.java:181)
	at com.kms.katalon.core.main.TestCaseMain$startTestSuite$0.call(Unknown Source)
	at TempTestSuite1642408138931.run(TempTestSuite1642408138931.groovy:36)
Caused by: com.kms.katalon.core.exception.StepFailedException: Unable to click on object 'Object Repository/Utils/Page_CNPM Danh sch thnh vin/input_Danh sch thnh vin_btn btn-secondary my-1'
	at com.kms.katalon.core.webui.keyword.internal.WebUIKeywordMain.stepFailed(WebUIKeywordMain.groovy:64)
	at com.kms.katalon.core.webui.keyword.internal.WebUIKeywordMain.runKeyword(WebUIKeywordMain.groovy:26)
	at com.kms.katalon.core.webui.keyword.builtin.ClickKeyword.click(ClickKeyword.groovy:74)
	at com.kms.katalon.core.webui.keyword.builtin.ClickKeyword.execute(ClickKeyword.groovy:40)
	at com.kms.katalon.core.keyword.internal.KeywordExecutor.executeKeywordForPlatform(KeywordExecutor.groovy:74)
	at com.kms.katalon.core.webui.keyword.WebUiBuiltInKeywords.click(WebUiBuiltInKeywords.groovy:620)
	at com.kms.katalon.core.webui.keyword.WebUiBuiltInKeywords$click$1.call(Unknown Source)
	at Create course CNPM.run(Create course CNPM:36)
	at com.kms.katalon.core.main.ScriptEngine.run(ScriptEngine.java:194)
	at com.kms.katalon.core.main.ScriptEngine.runScriptAsRawText(ScriptEngine.java:119)
	at com.kms.katalon.core.main.TestCaseExecutor.runScript(TestCaseExecutor.java:442)
	at com.kms.katalon.core.main.TestCaseExecutor.doExecute(TestCaseExecutor.java:433)
	at com.kms.katalon.core.main.TestCaseExecutor.processExecutionPhase(TestCaseExecutor.java:412)
	at com.kms.katalon.core.main.TestCaseExecutor.accessMainPhase(TestCaseExecutor.java:404)
	at com.kms.katalon.core.main.TestCaseExecutor.execute(TestCaseExecutor.java:281)
	at com.kms.katalon.core.main.TestCaseMain.runTestCase(TestCaseMain.java:138)
	at com.kms.katalon.core.keyword.builtin.CallTestCaseKeyword$_callTestCase_closure1.doCall(CallTestCaseKeyword.groovy:59)
	... 23 more
Caused by: com.kms.katalon.core.webui.exception.WebElementNotFoundException: Web element with id: 'Object Repository/Utils/Page_CNPM Danh sch thnh vin/input_Danh sch thnh vin_btn btn-secondary my-1' located by '//input[@value='Ghi danh người dùng']' not found
	at com.kms.katalon.core.webui.common.WebUiCommonHelper.findWebElement(WebUiCommonHelper.java:1368)
	at com.kms.katalon.core.webui.keyword.internal.WebUIAbstractKeyword.findWebElement(WebUIAbstractKeyword.groovy:27)
	at com.kms.katalon.core.webui.keyword.builtin.ClickKeyword$_click_closure1.doCall(ClickKeyword.groovy:65)
	at com.kms.katalon.core.webui.keyword.builtin.ClickKeyword$_click_closure1.call(ClickKeyword.groovy)
	at com.kms.katalon.core.webui.keyword.internal.WebUIKeywordMain.runKeyword(WebUIKeywordMain.groovy:20)
	... 38 more


2022-01-17 17:02:34 - [TEST_STEP][PASSED] - openBrowser(""): Browser is opened with url: ''

2022-01-17 17:02:34 - [MESSAGE][WARNING] - A browser is already opened. Closing browser and opening a new one

2022-01-17 17:02:34 - [MESSAGE][INFO] - Starting 'Chrome' driver

2022-01-17 17:02:34 - [MESSAGE][INFO] - Action delay is set to 0 milliseconds

2022-01-17 17:02:36 - [MESSAGE][PASSED] - Browser is opened with url: ''

2022-01-17 17:02:36 - [TEST_STEP][PASSED] - navigateToUrl("http://localhost/"): Navigate to 'http://localhost/' successfully

2022-01-17 17:02:36 - [MESSAGE][PASSED] - Navigate to 'http://localhost/' successfully

2022-01-17 17:02:36 - [TEST_STEP][FAILED] - callTestCase(findTestCase("Utils/Create course CNPM"), [:], STOP_ON_FAILURE): Unable to call Test Case 'Test Cases/Utils/Create course CNPM' (Root cause: com.kms.katalon.core.exception.StepFailedException: Call Test Case 'Test Cases/Utils/Create course CNPM' failed
	at com.kms.katalon.core.keyword.builtin.CallTestCaseKeyword$_callTestCase_closure1.doCall(CallTestCaseKeyword.groovy:63)
	at com.kms.katalon.core.keyword.builtin.CallTestCaseKeyword$_callTestCase_closure1.call(CallTestCaseKeyword.groovy)
	at com.kms.katalon.core.keyword.internal.KeywordMain.runKeyword(KeywordMain.groovy:74)
	at com.kms.katalon.core.keyword.builtin.CallTestCaseKeyword.callTestCase(CallTestCaseKeyword.groovy:81)
	at com.kms.katalon.core.keyword.builtin.CallTestCaseKeyword.execute(CallTestCaseKeyword.groovy:44)
	at com.kms.katalon.core.keyword.internal.KeywordExecutor.executeKeywordForPlatform(KeywordExecutor.groovy:74)
	at com.kms.katalon.core.keyword.BuiltinKeywords.callTestCase(BuiltinKeywords.groovy:334)
	at Update grade with assignment.run(Update grade with assignment:24)
	at com.kms.katalon.core.main.ScriptEngine.run(ScriptEngine.java:194)
	at com.kms.katalon.core.main.ScriptEngine.runScriptAsRawText(ScriptEngine.java:119)
	at com.kms.katalon.core.main.TestCaseExecutor.runScript(TestCaseExecutor.java:442)
	at com.kms.katalon.core.main.TestCaseExecutor.doExecute(TestCaseExecutor.java:433)
	at com.kms.katalon.core.main.TestCaseExecutor.processExecutionPhase(TestCaseExecutor.java:412)
	at com.kms.katalon.core.main.TestCaseExecutor.accessMainPhase(TestCaseExecutor.java:404)
	at com.kms.katalon.core.main.TestCaseExecutor.execute(TestCaseExecutor.java:281)
	at com.kms.katalon.core.main.TestCaseExecutor.execute(TestCaseExecutor.java:363)
	at com.kms.katalon.core.main.TestCaseExecutor.execute(TestCaseExecutor.java:363)
	at com.kms.katalon.core.main.TestCaseExecutor.execute(TestCaseExecutor.java:363)
	at com.kms.katalon.core.main.TestSuiteExecutor.accessTestCaseMainPhase(TestSuiteExecutor.java:202)
	at com.kms.katalon.core.main.TestSuiteExecutor.accessTestSuiteMainPhase(TestSuiteExecutor.java:164)
	at com.kms.katalon.core.main.TestSuiteExecutor.execute(TestSuiteExecutor.java:105)
	at com.kms.katalon.core.main.TestCaseMain.startTestSuite(TestCaseMain.java:181)
	at com.kms.katalon.core.main.TestCaseMain$startTestSuite$0.call(Unknown Source)
	at TempTestSuite1642408138931.run(TempTestSuite1642408138931.groovy:36)
Caused by: com.kms.katalon.core.exception.StepFailedException: Unable to click on object 'Object Repository/Utils/Page_CNPM Danh sch thnh vin/input_Danh sch thnh vin_btn btn-secondary my-1'
	at com.kms.katalon.core.webui.keyword.internal.WebUIKeywordMain.stepFailed(WebUIKeywordMain.groovy:64)
	at com.kms.katalon.core.webui.keyword.internal.WebUIKeywordMain.runKeyword(WebUIKeywordMain.groovy:26)
	at com.kms.katalon.core.webui.keyword.builtin.ClickKeyword.click(ClickKeyword.groovy:74)
	at com.kms.katalon.core.webui.keyword.builtin.ClickKeyword.execute(ClickKeyword.groovy:40)
	at com.kms.katalon.core.keyword.internal.KeywordExecutor.executeKeywordForPlatform(KeywordExecutor.groovy:74)
	at com.kms.katalon.core.webui.keyword.WebUiBuiltInKeywords.click(WebUiBuiltInKeywords.groovy:620)
	at com.kms.katalon.core.webui.keyword.WebUiBuiltInKeywords$click$1.call(Unknown Source)
	at Create course CNPM.run(Create course CNPM:36)
	at com.kms.katalon.core.main.ScriptEngine.run(ScriptEngine.java:194)
	at com.kms.katalon.core.main.ScriptEngine.runScriptAsRawText(ScriptEngine.java:119)
	at com.kms.katalon.core.main.TestCaseExecutor.runScript(TestCaseExecutor.java:442)
	at com.kms.katalon.core.main.TestCaseExecutor.doExecute(TestCaseExecutor.java:433)
	at com.kms.katalon.core.main.TestCaseExecutor.processExecutionPhase(TestCaseExecutor.java:412)
	at com.kms.katalon.core.main.TestCaseExecutor.accessMainPhase(TestCaseExecutor.java:404)
	at com.kms.katalon.core.main.TestCaseExecutor.execute(TestCaseExecutor.java:281)
	at com.kms.katalon.core.main.TestCaseMain.runTestCase(TestCaseMain.java:138)
	at com.kms.katalon.core.keyword.builtin.CallTestCaseKeyword$_callTestCase_closure1.doCall(CallTestCaseKeyword.groovy:59)
	... 23 more
Caused by: com.kms.katalon.core.webui.exception.WebElementNotFoundException: Web element with id: 'Object Repository/Utils/Page_CNPM Danh sch thnh vin/input_Danh sch thnh vin_btn btn-secondary my-1' located by '//input[@value='Ghi danh người dùng']' not found
	at com.kms.katalon.core.webui.common.WebUiCommonHelper.findWebElement(WebUiCommonHelper.java:1368)
	at com.kms.katalon.core.webui.keyword.internal.WebUIAbstractKeyword.findWebElement(WebUIAbstractKeyword.groovy:27)
	at com.kms.katalon.core.webui.keyword.builtin.ClickKeyword$_click_closure1.doCall(ClickKeyword.groovy:65)
	at com.kms.katalon.core.webui.keyword.builtin.ClickKeyword$_click_closure1.call(ClickKeyword.groovy)
	at com.kms.katalon.core.webui.keyword.internal.WebUIKeywordMain.runKeyword(WebUIKeywordMain.groovy:20)
	... 38 more
)

2022-01-17 17:02:36 - [TEST_CASE][FAILED] - Test Cases/Utils/Create course CNPM: Test Cases/Utils/Create course CNPM FAILED.
Reason:
com.kms.katalon.core.exception.StepFailedException: Unable to click on object 'Object Repository/Utils/Page_CNPM Danh sch thnh vin/input_Danh sch thnh vin_btn btn-secondary my-1'
	at com.kms.katalon.core.webui.keyword.internal.WebUIKeywordMain.stepFailed(WebUIKeywordMain.groovy:64)
	at com.kms.katalon.core.webui.keyword.internal.WebUIKeywordMain.runKeyword(WebUIKeywordMain.groovy:26)
	at com.kms.katalon.core.webui.keyword.builtin.ClickKeyword.click(ClickKeyword.groovy:74)
	at com.kms.katalon.core.webui.keyword.builtin.ClickKeyword.execute(ClickKeyword.groovy:40)
	at com.kms.katalon.core.keyword.internal.KeywordExecutor.executeKeywordForPlatform(KeywordExecutor.groovy:74)
	at com.kms.katalon.core.webui.keyword.WebUiBuiltInKeywords.click(WebUiBuiltInKeywords.groovy:620)
	at com.kms.katalon.core.webui.keyword.WebUiBuiltInKeywords$click$1.call(Unknown Source)
	at Create course CNPM.run(Create course CNPM:36)
	at com.kms.katalon.core.main.ScriptEngine.run(ScriptEngine.java:194)
	at com.kms.katalon.core.main.ScriptEngine.runScriptAsRawText(ScriptEngine.java:119)
	at com.kms.katalon.core.main.TestCaseExecutor.runScript(TestCaseExecutor.java:442)
	at com.kms.katalon.core.main.TestCaseExecutor.doExecute(TestCaseExecutor.java:433)
	at com.kms.katalon.core.main.TestCaseExecutor.processExecutionPhase(TestCaseExecutor.java:412)
	at com.kms.katalon.core.main.TestCaseExecutor.accessMainPhase(TestCaseExecutor.java:404)
	at com.kms.katalon.core.main.TestCaseExecutor.execute(TestCaseExecutor.java:281)
	at com.kms.katalon.core.main.TestCaseMain.runTestCase(TestCaseMain.java:138)
	at com.kms.katalon.core.keyword.builtin.CallTestCaseKeyword$_callTestCase_closure1.doCall(CallTestCaseKeyword.groovy:59)
	at com.kms.katalon.core.keyword.builtin.CallTestCaseKeyword$_callTestCase_closure1.call(CallTestCaseKeyword.groovy)
	at com.kms.katalon.core.keyword.internal.KeywordMain.runKeyword(KeywordMain.groovy:74)
	at com.kms.katalon.core.keyword.builtin.CallTestCaseKeyword.callTestCase(CallTestCaseKeyword.groovy:81)
	at com.kms.katalon.core.keyword.builtin.CallTestCaseKeyword.execute(CallTestCaseKeyword.groovy:44)
	at com.kms.katalon.core.keyword.internal.KeywordExecutor.executeKeywordForPlatform(KeywordExecutor.groovy:74)
	at com.kms.katalon.core.keyword.BuiltinKeywords.callTestCase(BuiltinKeywords.groovy:334)
	at Update grade with assignment.run(Update grade with assignment:24)
	at com.kms.katalon.core.main.ScriptEngine.run(ScriptEngine.java:194)
	at com.kms.katalon.core.main.ScriptEngine.runScriptAsRawText(ScriptEngine.java:119)
	at com.kms.katalon.core.main.TestCaseExecutor.runScript(TestCaseExecutor.java:442)
	at com.kms.katalon.core.main.TestCaseExecutor.doExecute(TestCaseExecutor.java:433)
	at com.kms.katalon.core.main.TestCaseExecutor.processExecutionPhase(TestCaseExecutor.java:412)
	at com.kms.katalon.core.main.TestCaseExecutor.accessMainPhase(TestCaseExecutor.java:404)
	at com.kms.katalon.core.main.TestCaseExecutor.execute(TestCaseExecutor.java:281)
	at com.kms.katalon.core.main.TestCaseExecutor.execute(TestCaseExecutor.java:363)
	at com.kms.katalon.core.main.TestCaseExecutor.execute(TestCaseExecutor.java:363)
	at com.kms.katalon.core.main.TestCaseExecutor.execute(TestCaseExecutor.java:363)
	at com.kms.katalon.core.main.TestSuiteExecutor.accessTestCaseMainPhase(TestSuiteExecutor.java:202)
	at com.kms.katalon.core.main.TestSuiteExecutor.accessTestSuiteMainPhase(TestSuiteExecutor.java:164)
	at com.kms.katalon.core.main.TestSuiteExecutor.execute(TestSuiteExecutor.java:105)
	at com.kms.katalon.core.main.TestCaseMain.startTestSuite(TestCaseMain.java:181)
	at com.kms.katalon.core.main.TestCaseMain$startTestSuite$0.call(Unknown Source)
	at TempTestSuite1642408138931.run(TempTestSuite1642408138931.groovy:36)
Caused by: com.kms.katalon.core.webui.exception.WebElementNotFoundException: Web element with id: 'Object Repository/Utils/Page_CNPM Danh sch thnh vin/input_Danh sch thnh vin_btn btn-secondary my-1' located by '//input[@value='Ghi danh người dùng']' not found
	at com.kms.katalon.core.webui.common.WebUiCommonHelper.findWebElement(WebUiCommonHelper.java:1368)
	at com.kms.katalon.core.webui.keyword.internal.WebUIAbstractKeyword.findWebElement(WebUIAbstractKeyword.groovy:27)
	at com.kms.katalon.core.webui.keyword.builtin.ClickKeyword$_click_closure1.doCall(ClickKeyword.groovy:65)
	at com.kms.katalon.core.webui.keyword.builtin.ClickKeyword$_click_closure1.call(ClickKeyword.groovy)
	at com.kms.katalon.core.webui.keyword.internal.WebUIKeywordMain.runKeyword(WebUIKeywordMain.groovy:20)
	... 38 more


2022-01-17 17:02:36 - [TEST_STEP][PASSED] - callTestCase(findTestCase("Utils/Login as admin"), [:], STOP_ON_FAILURE): Call Test Case 'Test Cases/Utils/Login as admin' successfully

2022-01-17 17:02:36 - [TEST_CASE][PASSED] - Test Cases/Utils/Login as admin: Test Cases/Utils/Login as admin

2022-01-17 17:02:36 - [TEST_STEP][PASSED] - click(findTestObject("View course grade/Page_Local Moodle/a_Log in")): Object: 'Object Repository/View course grade/Page_Local Moodle/a_Log in' is clicked on

2022-01-17 17:02:37 - [MESSAGE][PASSED] - Object: 'Object Repository/View course grade/Page_Local Moodle/a_Log in' is clicked on

2022-01-17 17:02:37 - [TEST_STEP][PASSED] - setText(findTestObject("View course grade/Page_Local Moodle Log in to the site/input_Username_username"), "admin"): Text 'admin' is set on object 'Object Repository/View course grade/Page_Local Moodle Log in to the site/input_Username_username'

2022-01-17 17:02:38 - [MESSAGE][PASSED] - Text 'admin' is set on object 'Object Repository/View course grade/Page_Local Moodle Log in to the site/input_Username_username'

2022-01-17 17:02:38 - [TEST_STEP][PASSED] - setEncryptedText(findTestObject("View course grade/Page_Local Moodle Log in to the site/input_Password_password"), "bfAykA/oWJ09FXmiKh6lyuuLu8QhG1K5"): Text ****** has been set on object 'Object Repository/View course grade/Page_Local Moodle Log in to the site/input_Password_password'

2022-01-17 17:02:39 - [MESSAGE][PASSED] - Text ****** has been set on object 'Object Repository/View course grade/Page_Local Moodle Log in to the site/input_Password_password'

2022-01-17 17:02:39 - [TEST_STEP][PASSED] - click(findTestObject("View course grade/Page_Local Moodle Log in to the site/button_Log in")): Object: 'Object Repository/View course grade/Page_Local Moodle Log in to the site/button_Log in' is clicked on

2022-01-17 17:02:41 - [MESSAGE][PASSED] - Object: 'Object Repository/View course grade/Page_Local Moodle Log in to the site/button_Log in' is clicked on

2022-01-17 17:02:41 - [MESSAGE][PASSED] - Call Test Case 'Test Cases/Utils/Login as admin' successfully

2022-01-17 17:02:41 - [TEST_STEP][PASSED] - click(findTestObject("Object Repository/Utils/Page_Nh ca ti/span_Qun tr khu vc")): Object: 'Object Repository/Utils/Page_Nh ca ti/span_Qun tr khu vc' is clicked on

2022-01-17 17:02:45 - [MESSAGE][PASSED] - Object: 'Object Repository/Utils/Page_Nh ca ti/span_Qun tr khu vc' is clicked on

2022-01-17 17:02:45 - [TEST_STEP][PASSED] - click(findTestObject("Object Repository/Utils/Page_Moodle Khu vc qun tr Tm kim/a_Kho hc")): Object: 'Object Repository/Utils/Page_Moodle Khu vc qun tr Tm kim/a_Kho hc' is clicked on

2022-01-17 17:02:45 - [MESSAGE][PASSED] - Object: 'Object Repository/Utils/Page_Moodle Khu vc qun tr Tm kim/a_Kho hc' is clicked on

2022-01-17 17:02:45 - [TEST_STEP][PASSED] - click(findTestObject("Object Repository/Utils/Page_Moodle Khu vc qun tr Tm kim/a_Thmsa cc kho hc")): Object: 'Object Repository/Utils/Page_Moodle Khu vc qun tr Tm kim/a_Thmsa cc kho hc' is clicked on

2022-01-17 17:02:46 - [MESSAGE][PASSED] - Object: 'Object Repository/Utils/Page_Moodle Khu vc qun tr Tm kim/a_Thmsa cc kho hc' is clicked on

2022-01-17 17:02:46 - [TEST_STEP][PASSED] - click(findTestObject("Object Repository/Utils/Page_Qun l kha hc v danh mc kha hc/a_To kha hc mi")): Object: 'Object Repository/Utils/Page_Qun l kha hc v danh mc kha hc/a_To kha hc mi' is clicked on

2022-01-17 17:02:53 - [MESSAGE][INFO] - Unable to find the element located by 'By.xpath: //div[@id='yui_3_17_2_1_1641906891631_57']/div/div/a'. Please recheck the objects properties to make sure the desired element is located. 

2022-01-17 17:02:53 - [MESSAGE][WARNING] - [SELF-HEALING] Failed to find element with id 'Object Repository/Utils/Page_Qun l kha hc v danh mc kha hc/a_To kha hc mi'. Try using Self-healing.

2022-01-17 17:02:53 - [MESSAGE][WARNING] - [SELF-HEALING] The current locator of test object 'Object Repository/Utils/Page_Qun l kha hc v danh mc kha hc/a_To kha hc mi' was broken. Propose an alternative one: '//a[contains(text(),'Tạo khóa học mới')]'.

2022-01-17 17:02:54 - [MESSAGE][PASSED] - Object: 'Object Repository/Utils/Page_Qun l kha hc v danh mc kha hc/a_To kha hc mi' is clicked on

2022-01-17 17:02:54 - [TEST_STEP][PASSED] - setText(findTestObject("Object Repository/Utils/Page_Moodle Thm kho hc mi/input_Tn y_fullname"), "Nhập môn Công nghệ phần mềm"): Text 'Nhập môn Công nghệ phần mềm' is set on object 'Object Repository/Utils/Page_Moodle Thm kho hc mi/input_Tn y_fullname'

2022-01-17 17:02:56 - [MESSAGE][PASSED] - Text 'Nhập môn Công nghệ phần mềm' is set on object 'Object Repository/Utils/Page_Moodle Thm kho hc mi/input_Tn y_fullname'

2022-01-17 17:02:56 - [TEST_STEP][PASSED] - setText(findTestObject("Object Repository/Utils/Page_Moodle Thm kho hc mi/input_Tn rt gn ca kho hc_shortname"), "CNPM"): Text 'CNPM' is set on object 'Object Repository/Utils/Page_Moodle Thm kho hc mi/input_Tn rt gn ca kho hc_shortname'

2022-01-17 17:02:57 - [MESSAGE][PASSED] - Text 'CNPM' is set on object 'Object Repository/Utils/Page_Moodle Thm kho hc mi/input_Tn rt gn ca kho hc_shortname'

2022-01-17 17:02:57 - [TEST_STEP][PASSED] - click(findTestObject("Object Repository/Utils/Page_Moodle Thm kho hc mi/input__saveanddisplay")): Object: 'Object Repository/Utils/Page_Moodle Thm kho hc mi/input__saveanddisplay' is clicked on

2022-01-17 17:02:58 - [MESSAGE][PASSED] - Object: 'Object Repository/Utils/Page_Moodle Thm kho hc mi/input__saveanddisplay' is clicked on

2022-01-17 17:02:58 - [TEST_STEP][FAILED] - click(findTestObject("Object Repository/Utils/Page_CNPM Danh sch thnh vin/input_Danh sch thnh vin_btn btn-secondary my-1")): Unable to click on object 'Object Repository/Utils/Page_CNPM Danh sch thnh vin/input_Danh sch thnh vin_btn btn-secondary my-1' (Root cause: com.kms.katalon.core.exception.StepFailedException: Unable to click on object 'Object Repository/Utils/Page_CNPM Danh sch thnh vin/input_Danh sch thnh vin_btn btn-secondary my-1'
	at com.kms.katalon.core.webui.keyword.internal.WebUIKeywordMain.stepFailed(WebUIKeywordMain.groovy:64)
	at com.kms.katalon.core.webui.keyword.internal.WebUIKeywordMain.runKeyword(WebUIKeywordMain.groovy:26)
	at com.kms.katalon.core.webui.keyword.builtin.ClickKeyword.click(ClickKeyword.groovy:74)
	at com.kms.katalon.core.webui.keyword.builtin.ClickKeyword.execute(ClickKeyword.groovy:40)
	at com.kms.katalon.core.keyword.internal.KeywordExecutor.executeKeywordForPlatform(KeywordExecutor.groovy:74)
	at com.kms.katalon.core.webui.keyword.WebUiBuiltInKeywords.click(WebUiBuiltInKeywords.groovy:620)
	at com.kms.katalon.core.webui.keyword.WebUiBuiltInKeywords$click$1.call(Unknown Source)
	at Create course CNPM.run(Create course CNPM:36)
	at com.kms.katalon.core.main.ScriptEngine.run(ScriptEngine.java:194)
	at com.kms.katalon.core.main.ScriptEngine.runScriptAsRawText(ScriptEngine.java:119)
	at com.kms.katalon.core.main.TestCaseExecutor.runScript(TestCaseExecutor.java:442)
	at com.kms.katalon.core.main.TestCaseExecutor.doExecute(TestCaseExecutor.java:433)
	at com.kms.katalon.core.main.TestCaseExecutor.processExecutionPhase(TestCaseExecutor.java:412)
	at com.kms.katalon.core.main.TestCaseExecutor.accessMainPhase(TestCaseExecutor.java:404)
	at com.kms.katalon.core.main.TestCaseExecutor.execute(TestCaseExecutor.java:281)
	at com.kms.katalon.core.main.TestCaseMain.runTestCase(TestCaseMain.java:138)
	at com.kms.katalon.core.keyword.builtin.CallTestCaseKeyword$_callTestCase_closure1.doCall(CallTestCaseKeyword.groovy:59)
	at com.kms.katalon.core.keyword.builtin.CallTestCaseKeyword$_callTestCase_closure1.call(CallTestCaseKeyword.groovy)
	at com.kms.katalon.core.keyword.internal.KeywordMain.runKeyword(KeywordMain.groovy:74)
	at com.kms.katalon.core.keyword.builtin.CallTestCaseKeyword.callTestCase(CallTestCaseKeyword.groovy:81)
	at com.kms.katalon.core.keyword.builtin.CallTestCaseKeyword.execute(CallTestCaseKeyword.groovy:44)
	at com.kms.katalon.core.keyword.internal.KeywordExecutor.executeKeywordForPlatform(KeywordExecutor.groovy:74)
	at com.kms.katalon.core.keyword.BuiltinKeywords.callTestCase(BuiltinKeywords.groovy:334)
	at Update grade with assignment.run(Update grade with assignment:24)
	at com.kms.katalon.core.main.ScriptEngine.run(ScriptEngine.java:194)
	at com.kms.katalon.core.main.ScriptEngine.runScriptAsRawText(ScriptEngine.java:119)
	at com.kms.katalon.core.main.TestCaseExecutor.runScript(TestCaseExecutor.java:442)
	at com.kms.katalon.core.main.TestCaseExecutor.doExecute(TestCaseExecutor.java:433)
	at com.kms.katalon.core.main.TestCaseExecutor.processExecutionPhase(TestCaseExecutor.java:412)
	at com.kms.katalon.core.main.TestCaseExecutor.accessMainPhase(TestCaseExecutor.java:404)
	at com.kms.katalon.core.main.TestCaseExecutor.execute(TestCaseExecutor.java:281)
	at com.kms.katalon.core.main.TestCaseExecutor.execute(TestCaseExecutor.java:363)
	at com.kms.katalon.core.main.TestCaseExecutor.execute(TestCaseExecutor.java:363)
	at com.kms.katalon.core.main.TestCaseExecutor.execute(TestCaseExecutor.java:363)
	at com.kms.katalon.core.main.TestSuiteExecutor.accessTestCaseMainPhase(TestSuiteExecutor.java:202)
	at com.kms.katalon.core.main.TestSuiteExecutor.accessTestSuiteMainPhase(TestSuiteExecutor.java:164)
	at com.kms.katalon.core.main.TestSuiteExecutor.execute(TestSuiteExecutor.java:105)
	at com.kms.katalon.core.main.TestCaseMain.startTestSuite(TestCaseMain.java:181)
	at com.kms.katalon.core.main.TestCaseMain$startTestSuite$0.call(Unknown Source)
	at TempTestSuite1642408138931.run(TempTestSuite1642408138931.groovy:36)
Caused by: com.kms.katalon.core.webui.exception.WebElementNotFoundException: Web element with id: 'Object Repository/Utils/Page_CNPM Danh sch thnh vin/input_Danh sch thnh vin_btn btn-secondary my-1' located by '//input[@value='Ghi danh người dùng']' not found
	at com.kms.katalon.core.webui.common.WebUiCommonHelper.findWebElement(WebUiCommonHelper.java:1368)
	at com.kms.katalon.core.webui.keyword.internal.WebUIAbstractKeyword.findWebElement(WebUIAbstractKeyword.groovy:27)
	at com.kms.katalon.core.webui.keyword.builtin.ClickKeyword$_click_closure1.doCall(ClickKeyword.groovy:65)
	at com.kms.katalon.core.webui.keyword.builtin.ClickKeyword$_click_closure1.call(ClickKeyword.groovy)
	at com.kms.katalon.core.webui.keyword.internal.WebUIKeywordMain.runKeyword(WebUIKeywordMain.groovy:20)
	at com.kms.katalon.core.webui.keyword.builtin.ClickKeyword.click(ClickKeyword.groovy:74)
	at com.kms.katalon.core.webui.keyword.builtin.ClickKeyword.execute(ClickKeyword.groovy:40)
	at com.kms.katalon.core.keyword.internal.KeywordExecutor.executeKeywordForPlatform(KeywordExecutor.groovy:74)
	at com.kms.katalon.core.webui.keyword.WebUiBuiltInKeywords.click(WebUiBuiltInKeywords.groovy:620)
	at com.kms.katalon.core.webui.keyword.WebUiBuiltInKeywords$click$1.call(Unknown Source)
	at Script1641906761787.run(Script1641906761787.groovy:36)
	at com.kms.katalon.core.main.ScriptEngine.run(ScriptEngine.java:194)
	at com.kms.katalon.core.main.ScriptEngine.runScriptAsRawText(ScriptEngine.java:119)
	at com.kms.katalon.core.main.TestCaseExecutor.runScript(TestCaseExecutor.java:442)
	at com.kms.katalon.core.main.TestCaseExecutor.doExecute(TestCaseExecutor.java:433)
	at com.kms.katalon.core.main.TestCaseExecutor.processExecutionPhase(TestCaseExecutor.java:412)
	at com.kms.katalon.core.main.TestCaseExecutor.accessMainPhase(TestCaseExecutor.java:404)
	at com.kms.katalon.core.main.TestCaseExecutor.execute(TestCaseExecutor.java:281)
	at com.kms.katalon.core.main.TestCaseMain.runTestCase(TestCaseMain.java:138)
	at com.kms.katalon.core.keyword.builtin.CallTestCaseKeyword$_callTestCase_closure1.doCall(CallTestCaseKeyword.groovy:59)
	at com.kms.katalon.core.keyword.builtin.CallTestCaseKeyword$_callTestCase_closure1.call(CallTestCaseKeyword.groovy)
	at com.kms.katalon.core.keyword.internal.KeywordMain.runKeyword(KeywordMain.groovy:74)
	at com.kms.katalon.core.keyword.builtin.CallTestCaseKeyword.callTestCase(CallTestCaseKeyword.groovy:81)
	at com.kms.katalon.core.keyword.builtin.CallTestCaseKeyword.execute(CallTestCaseKeyword.groovy:44)
	at com.kms.katalon.core.keyword.internal.KeywordExecutor.executeKeywordForPlatform(KeywordExecutor.groovy:74)
	at com.kms.katalon.core.keyword.BuiltinKeywords.callTestCase(BuiltinKeywords.groovy:334)
	at Script1641912770837.run(Script1641912770837.groovy:24)
	... 16 more
)

2022-01-17 17:03:05 - [MESSAGE][INFO] - Unable to find the element located by 'By.xpath: //input[@value='Ghi danh người dùng']'. Please recheck the objects properties to make sure the desired element is located. 

2022-01-17 17:03:05 - [MESSAGE][WARNING] - [SELF-HEALING] Failed to find element with id 'Object Repository/Utils/Page_CNPM Danh sch thnh vin/input_Danh sch thnh vin_btn btn-secondary my-1'. Try using Self-healing.

2022-01-17 17:03:05 - [MESSAGE][INFO] - [SELF-HEALING] Failed Locator: '//input[@value='Ghi danh người dùng']'.

2022-01-17 17:03:05 - [MESSAGE][INFO] - [SELF-HEALING] Failed Locator: '//form[@id='enrolusersbutton-1']/div/input'.

2022-01-17 17:03:06 - [MESSAGE][INFO] - [SELF-HEALING] Working Locator: '//input'.

2022-01-17 17:03:06 - [MESSAGE][ERROR] - [SELF-HEALING] Cannot save screenshot to: D:\Cong-Binh Le\xampp\htdocs\moodle\Test Automation - SE Bonus\Reports\Self-healing, reason: unknown error: unhandled inspector error: {"code":-32000,"message":"Cannot take screenshot with 0 width."}
  (Session info: chrome=97.0.4692.71)
Build info: version: '3.141.59', revision: 'e82be7d358', time: '2018-11-14T08:25:53'
System info: host: 'DESKTOP-G2F0VIE', ip: '192.168.1.9', os.name: 'Windows 10', os.arch: 'amd64', os.version: '10.0', java.version: '1.8.0_282'
Driver info: com.kms.katalon.selenium.driver.CChromeDriver
Capabilities {acceptInsecureCerts: false, browserName: chrome, browserVersion: 97.0.4692.71, chrome: {chromedriverVersion: 97.0.4692.71 (adefa7837d02a..., userDataDir: C:\Users\banh\AppData\Local...}, goog:chromeOptions: {debuggerAddress: localhost:49316}, javascriptEnabled: true, networkConnectionEnabled: false, pageLoadStrategy: normal, platform: WINDOWS, platformName: WINDOWS, proxy: Proxy(), setWindowRect: true, strictFileInteractability: false, timeouts: {implicit: 0, pageLoad: 300000, script: 30000}, unhandledPromptBehavior: dismiss and notify, webauthn:extension:credBlob: true, webauthn:extension:largeBlob: true, webauthn:virtualAuthenticators: true}
Session ID: 06fe09b1de8a8b8f43e5eee1d7f01866.

2022-01-17 17:03:06 - [MESSAGE][ERROR] - [SELF-HEALING] Cannot save screenshot to: D:\Cong-Binh Le\xampp\htdocs\moodle\Test Automation - SE Bonus\Reports\Self-healing, reason: unknown error: unhandled inspector error: {"code":-32000,"message":"Cannot take screenshot with 0 width."}
  (Session info: chrome=97.0.4692.71)
Build info: version: '3.141.59', revision: 'e82be7d358', time: '2018-11-14T08:25:53'
System info: host: 'DESKTOP-G2F0VIE', ip: '192.168.1.9', os.name: 'Windows 10', os.arch: 'amd64', os.version: '10.0', java.version: '1.8.0_282'
Driver info: com.kms.katalon.selenium.driver.CChromeDriver
Capabilities {acceptInsecureCerts: false, browserName: chrome, browserVersion: 97.0.4692.71, chrome: {chromedriverVersion: 97.0.4692.71 (adefa7837d02a..., userDataDir: C:\Users\banh\AppData\Local...}, goog:chromeOptions: {debuggerAddress: localhost:49316}, javascriptEnabled: true, networkConnectionEnabled: false, pageLoadStrategy: normal, platform: WINDOWS, platformName: WINDOWS, proxy: Proxy(), setWindowRect: true, strictFileInteractability: false, timeouts: {implicit: 0, pageLoad: 300000, script: 30000}, unhandledPromptBehavior: dismiss and notify, webauthn:extension:credBlob: true, webauthn:extension:largeBlob: true, webauthn:virtualAuthenticators: true}
Session ID: 06fe09b1de8a8b8f43e5eee1d7f01866.

2022-01-17 17:03:06 - [MESSAGE][WARNING] - [SELF-HEALING] 'other' is different type of Path

2022-01-17 17:03:06 - [MESSAGE][ERROR] - [SELF-HEALING] Cannot save screenshot to: D:\Cong-Binh Le\xampp\htdocs\moodle\Test Automation - SE Bonus\Reports\Self-healing, reason: unknown error: unhandled inspector error: {"code":-32000,"message":"Cannot take screenshot with 0 width."}
  (Session info: chrome=97.0.4692.71)
Build info: version: '3.141.59', revision: 'e82be7d358', time: '2018-11-14T08:25:53'
System info: host: 'DESKTOP-G2F0VIE', ip: '192.168.1.9', os.name: 'Windows 10', os.arch: 'amd64', os.version: '10.0', java.version: '1.8.0_282'
Driver info: com.kms.katalon.selenium.driver.CChromeDriver
Capabilities {acceptInsecureCerts: false, browserName: chrome, browserVersion: 97.0.4692.71, chrome: {chromedriverVersion: 97.0.4692.71 (adefa7837d02a..., userDataDir: C:\Users\banh\AppData\Local...}, goog:chromeOptions: {debuggerAddress: localhost:49316}, javascriptEnabled: true, networkConnectionEnabled: false, pageLoadStrategy: normal, platform: WINDOWS, platformName: WINDOWS, proxy: Proxy(), setWindowRect: true, strictFileInteractability: false, timeouts: {implicit: 0, pageLoad: 300000, script: 30000}, unhandledPromptBehavior: dismiss and notify, webauthn:extension:credBlob: true, webauthn:extension:largeBlob: true, webauthn:virtualAuthenticators: true}
Session ID: 06fe09b1de8a8b8f43e5eee1d7f01866.

2022-01-17 17:03:06 - [MESSAGE][WARNING] - [SELF-HEALING] 'other' is different type of Path

2022-01-17 17:03:07 - [MESSAGE][INFO] - Unable to find the element located by 'By.cssSelector: input.btn.btn-secondary.my-1'. Please recheck the objects properties to make sure the desired element is located. 

2022-01-17 17:03:08 - [MESSAGE][FAILED] - Unable to click on object 'Object Repository/Utils/Page_CNPM Danh sch thnh vin/input_Danh sch thnh vin_btn btn-secondary my-1' (Root cause: com.kms.katalon.core.exception.StepFailedException: Unable to click on object 'Object Repository/Utils/Page_CNPM Danh sch thnh vin/input_Danh sch thnh vin_btn btn-secondary my-1'
	at com.kms.katalon.core.webui.keyword.internal.WebUIKeywordMain.stepFailed(WebUIKeywordMain.groovy:64)
	at com.kms.katalon.core.webui.keyword.internal.WebUIKeywordMain.runKeyword(WebUIKeywordMain.groovy:26)
	at com.kms.katalon.core.webui.keyword.builtin.ClickKeyword.click(ClickKeyword.groovy:74)
	at com.kms.katalon.core.webui.keyword.builtin.ClickKeyword.execute(ClickKeyword.groovy:40)
	at com.kms.katalon.core.keyword.internal.KeywordExecutor.executeKeywordForPlatform(KeywordExecutor.groovy:74)
	at com.kms.katalon.core.webui.keyword.WebUiBuiltInKeywords.click(WebUiBuiltInKeywords.groovy:620)
	at com.kms.katalon.core.webui.keyword.WebUiBuiltInKeywords$click$1.call(Unknown Source)
	at Create course CNPM.run(Create course CNPM:36)
	at com.kms.katalon.core.main.ScriptEngine.run(ScriptEngine.java:194)
	at com.kms.katalon.core.main.ScriptEngine.runScriptAsRawText(ScriptEngine.java:119)
	at com.kms.katalon.core.main.TestCaseExecutor.runScript(TestCaseExecutor.java:442)
	at com.kms.katalon.core.main.TestCaseExecutor.doExecute(TestCaseExecutor.java:433)
	at com.kms.katalon.core.main.TestCaseExecutor.processExecutionPhase(TestCaseExecutor.java:412)
	at com.kms.katalon.core.main.TestCaseExecutor.accessMainPhase(TestCaseExecutor.java:404)
	at com.kms.katalon.core.main.TestCaseExecutor.execute(TestCaseExecutor.java:281)
	at com.kms.katalon.core.main.TestCaseMain.runTestCase(TestCaseMain.java:138)
	at com.kms.katalon.core.keyword.builtin.CallTestCaseKeyword$_callTestCase_closure1.doCall(CallTestCaseKeyword.groovy:59)
	at com.kms.katalon.core.keyword.builtin.CallTestCaseKeyword$_callTestCase_closure1.call(CallTestCaseKeyword.groovy)
	at com.kms.katalon.core.keyword.internal.KeywordMain.runKeyword(KeywordMain.groovy:74)
	at com.kms.katalon.core.keyword.builtin.CallTestCaseKeyword.callTestCase(CallTestCaseKeyword.groovy:81)
	at com.kms.katalon.core.keyword.builtin.CallTestCaseKeyword.execute(CallTestCaseKeyword.groovy:44)
	at com.kms.katalon.core.keyword.internal.KeywordExecutor.executeKeywordForPlatform(KeywordExecutor.groovy:74)
	at com.kms.katalon.core.keyword.BuiltinKeywords.callTestCase(BuiltinKeywords.groovy:334)
	at Update grade with assignment.run(Update grade with assignment:24)
	at com.kms.katalon.core.main.ScriptEngine.run(ScriptEngine.java:194)
	at com.kms.katalon.core.main.ScriptEngine.runScriptAsRawText(ScriptEngine.java:119)
	at com.kms.katalon.core.main.TestCaseExecutor.runScript(TestCaseExecutor.java:442)
	at com.kms.katalon.core.main.TestCaseExecutor.doExecute(TestCaseExecutor.java:433)
	at com.kms.katalon.core.main.TestCaseExecutor.processExecutionPhase(TestCaseExecutor.java:412)
	at com.kms.katalon.core.main.TestCaseExecutor.accessMainPhase(TestCaseExecutor.java:404)
	at com.kms.katalon.core.main.TestCaseExecutor.execute(TestCaseExecutor.java:281)
	at com.kms.katalon.core.main.TestCaseExecutor.execute(TestCaseExecutor.java:363)
	at com.kms.katalon.core.main.TestCaseExecutor.execute(TestCaseExecutor.java:363)
	at com.kms.katalon.core.main.TestCaseExecutor.execute(TestCaseExecutor.java:363)
	at com.kms.katalon.core.main.TestSuiteExecutor.accessTestCaseMainPhase(TestSuiteExecutor.java:202)
	at com.kms.katalon.core.main.TestSuiteExecutor.accessTestSuiteMainPhase(TestSuiteExecutor.java:164)
	at com.kms.katalon.core.main.TestSuiteExecutor.execute(TestSuiteExecutor.java:105)
	at com.kms.katalon.core.main.TestCaseMain.startTestSuite(TestCaseMain.java:181)
	at com.kms.katalon.core.main.TestCaseMain$startTestSuite$0.call(Unknown Source)
	at TempTestSuite1642408138931.run(TempTestSuite1642408138931.groovy:36)
Caused by: com.kms.katalon.core.webui.exception.WebElementNotFoundException: Web element with id: 'Object Repository/Utils/Page_CNPM Danh sch thnh vin/input_Danh sch thnh vin_btn btn-secondary my-1' located by '//input[@value='Ghi danh người dùng']' not found
	at com.kms.katalon.core.webui.common.WebUiCommonHelper.findWebElement(WebUiCommonHelper.java:1368)
	at com.kms.katalon.core.webui.keyword.internal.WebUIAbstractKeyword.findWebElement(WebUIAbstractKeyword.groovy:27)
	at com.kms.katalon.core.webui.keyword.builtin.ClickKeyword$_click_closure1.doCall(ClickKeyword.groovy:65)
	at com.kms.katalon.core.webui.keyword.builtin.ClickKeyword$_click_closure1.call(ClickKeyword.groovy)
	at com.kms.katalon.core.webui.keyword.internal.WebUIKeywordMain.runKeyword(WebUIKeywordMain.groovy:20)
	at com.kms.katalon.core.webui.keyword.builtin.ClickKeyword.click(ClickKeyword.groovy:74)
	at com.kms.katalon.core.webui.keyword.builtin.ClickKeyword.execute(ClickKeyword.groovy:40)
	at com.kms.katalon.core.keyword.internal.KeywordExecutor.executeKeywordForPlatform(KeywordExecutor.groovy:74)
	at com.kms.katalon.core.webui.keyword.WebUiBuiltInKeywords.click(WebUiBuiltInKeywords.groovy:620)
	at com.kms.katalon.core.webui.keyword.WebUiBuiltInKeywords$click$1.call(Unknown Source)
	at Script1641906761787.run(Script1641906761787.groovy:36)
	at com.kms.katalon.core.main.ScriptEngine.run(ScriptEngine.java:194)
	at com.kms.katalon.core.main.ScriptEngine.runScriptAsRawText(ScriptEngine.java:119)
	at com.kms.katalon.core.main.TestCaseExecutor.runScript(TestCaseExecutor.java:442)
	at com.kms.katalon.core.main.TestCaseExecutor.doExecute(TestCaseExecutor.java:433)
	at com.kms.katalon.core.main.TestCaseExecutor.processExecutionPhase(TestCaseExecutor.java:412)
	at com.kms.katalon.core.main.TestCaseExecutor.accessMainPhase(TestCaseExecutor.java:404)
	at com.kms.katalon.core.main.TestCaseExecutor.execute(TestCaseExecutor.java:281)
	at com.kms.katalon.core.main.TestCaseMain.runTestCase(TestCaseMain.java:138)
	at com.kms.katalon.core.keyword.builtin.CallTestCaseKeyword$_callTestCase_closure1.doCall(CallTestCaseKeyword.groovy:59)
	at com.kms.katalon.core.keyword.builtin.CallTestCaseKeyword$_callTestCase_closure1.call(CallTestCaseKeyword.groovy)
	at com.kms.katalon.core.keyword.internal.KeywordMain.runKeyword(KeywordMain.groovy:74)
	at com.kms.katalon.core.keyword.builtin.CallTestCaseKeyword.callTestCase(CallTestCaseKeyword.groovy:81)
	at com.kms.katalon.core.keyword.builtin.CallTestCaseKeyword.execute(CallTestCaseKeyword.groovy:44)
	at com.kms.katalon.core.keyword.internal.KeywordExecutor.executeKeywordForPlatform(KeywordExecutor.groovy:74)
	at com.kms.katalon.core.keyword.BuiltinKeywords.callTestCase(BuiltinKeywords.groovy:334)
	at Script1641912770837.run(Script1641912770837.groovy:24)
	... 16 more
)
[[ATTACHMENT|D:\\Cong-Binh Le\\xampp\\htdocs\\moodle\\Test Automation - SE Bonus\\Reports\\20220117_152858\\Run All Test Cases\\20220117_152858\\1642413787847.png]]

2022-01-17 17:03:08 - [MESSAGE][INFO] - 

2022-01-17 17:03:08 - [MESSAGE][INFO] - ===================== Self-healing Report ====================

2022-01-17 17:03:08 - [MESSAGE][INFO] - One of the failed test object locators has been recovered by Self-healing. Please refer to the Self-healing Insights tab for more details.

2022-01-17 17:03:08 - [MESSAGE][INFO] - To learn more about Self-healing, please read https://docs.katalon.com/katalon-studio/docs/self-healing.html

2022-01-17 17:03:08 - [MESSAGE][INFO] - ==============================================================

2022-01-17 17:03:08 - [MESSAGE][FAILED] - Unable to call Test Case 'Test Cases/Utils/Create course CNPM' (Root cause: com.kms.katalon.core.exception.StepFailedException: Call Test Case 'Test Cases/Utils/Create course CNPM' failed
	at com.kms.katalon.core.keyword.builtin.CallTestCaseKeyword$_callTestCase_closure1.doCall(CallTestCaseKeyword.groovy:63)
	at com.kms.katalon.core.keyword.builtin.CallTestCaseKeyword$_callTestCase_closure1.call(CallTestCaseKeyword.groovy)
	at com.kms.katalon.core.keyword.internal.KeywordMain.runKeyword(KeywordMain.groovy:74)
	at com.kms.katalon.core.keyword.builtin.CallTestCaseKeyword.callTestCase(CallTestCaseKeyword.groovy:81)
	at com.kms.katalon.core.keyword.builtin.CallTestCaseKeyword.execute(CallTestCaseKeyword.groovy:44)
	at com.kms.katalon.core.keyword.internal.KeywordExecutor.executeKeywordForPlatform(KeywordExecutor.groovy:74)
	at com.kms.katalon.core.keyword.BuiltinKeywords.callTestCase(BuiltinKeywords.groovy:334)
	at Update grade with assignment.run(Update grade with assignment:24)
	at com.kms.katalon.core.main.ScriptEngine.run(ScriptEngine.java:194)
	at com.kms.katalon.core.main.ScriptEngine.runScriptAsRawText(ScriptEngine.java:119)
	at com.kms.katalon.core.main.TestCaseExecutor.runScript(TestCaseExecutor.java:442)
	at com.kms.katalon.core.main.TestCaseExecutor.doExecute(TestCaseExecutor.java:433)
	at com.kms.katalon.core.main.TestCaseExecutor.processExecutionPhase(TestCaseExecutor.java:412)
	at com.kms.katalon.core.main.TestCaseExecutor.accessMainPhase(TestCaseExecutor.java:404)
	at com.kms.katalon.core.main.TestCaseExecutor.execute(TestCaseExecutor.java:281)
	at com.kms.katalon.core.main.TestCaseExecutor.execute(TestCaseExecutor.java:363)
	at com.kms.katalon.core.main.TestCaseExecutor.execute(TestCaseExecutor.java:363)
	at com.kms.katalon.core.main.TestCaseExecutor.execute(TestCaseExecutor.java:363)
	at com.kms.katalon.core.main.TestSuiteExecutor.accessTestCaseMainPhase(TestSuiteExecutor.java:202)
	at com.kms.katalon.core.main.TestSuiteExecutor.accessTestSuiteMainPhase(TestSuiteExecutor.java:164)
	at com.kms.katalon.core.main.TestSuiteExecutor.execute(TestSuiteExecutor.java:105)
	at com.kms.katalon.core.main.TestCaseMain.startTestSuite(TestCaseMain.java:181)
	at com.kms.katalon.core.main.TestCaseMain$startTestSuite$0.call(Unknown Source)
	at TempTestSuite1642408138931.run(TempTestSuite1642408138931.groovy:36)
Caused by: com.kms.katalon.core.exception.StepFailedException: Unable to click on object 'Object Repository/Utils/Page_CNPM Danh sch thnh vin/input_Danh sch thnh vin_btn btn-secondary my-1'
	at com.kms.katalon.core.webui.keyword.internal.WebUIKeywordMain.stepFailed(WebUIKeywordMain.groovy:64)
	at com.kms.katalon.core.webui.keyword.internal.WebUIKeywordMain.runKeyword(WebUIKeywordMain.groovy:26)
	at com.kms.katalon.core.webui.keyword.builtin.ClickKeyword.click(ClickKeyword.groovy:74)
	at com.kms.katalon.core.webui.keyword.builtin.ClickKeyword.execute(ClickKeyword.groovy:40)
	at com.kms.katalon.core.keyword.internal.KeywordExecutor.executeKeywordForPlatform(KeywordExecutor.groovy:74)
	at com.kms.katalon.core.webui.keyword.WebUiBuiltInKeywords.click(WebUiBuiltInKeywords.groovy:620)
	at com.kms.katalon.core.webui.keyword.WebUiBuiltInKeywords$click$1.call(Unknown Source)
	at Create course CNPM.run(Create course CNPM:36)
	at com.kms.katalon.core.main.ScriptEngine.run(ScriptEngine.java:194)
	at com.kms.katalon.core.main.ScriptEngine.runScriptAsRawText(ScriptEngine.java:119)
	at com.kms.katalon.core.main.TestCaseExecutor.runScript(TestCaseExecutor.java:442)
	at com.kms.katalon.core.main.TestCaseExecutor.doExecute(TestCaseExecutor.java:433)
	at com.kms.katalon.core.main.TestCaseExecutor.processExecutionPhase(TestCaseExecutor.java:412)
	at com.kms.katalon.core.main.TestCaseExecutor.accessMainPhase(TestCaseExecutor.java:404)
	at com.kms.katalon.core.main.TestCaseExecutor.execute(TestCaseExecutor.java:281)
	at com.kms.katalon.core.main.TestCaseMain.runTestCase(TestCaseMain.java:138)
	at com.kms.katalon.core.keyword.builtin.CallTestCaseKeyword$_callTestCase_closure1.doCall(CallTestCaseKeyword.groovy:59)
	... 23 more
Caused by: com.kms.katalon.core.webui.exception.WebElementNotFoundException: Web element with id: 'Object Repository/Utils/Page_CNPM Danh sch thnh vin/input_Danh sch thnh vin_btn btn-secondary my-1' located by '//input[@value='Ghi danh người dùng']' not found
	at com.kms.katalon.core.webui.common.WebUiCommonHelper.findWebElement(WebUiCommonHelper.java:1368)
	at com.kms.katalon.core.webui.keyword.internal.WebUIAbstractKeyword.findWebElement(WebUIAbstractKeyword.groovy:27)
	at com.kms.katalon.core.webui.keyword.builtin.ClickKeyword$_click_closure1.doCall(ClickKeyword.groovy:65)
	at com.kms.katalon.core.webui.keyword.builtin.ClickKeyword$_click_closure1.call(ClickKeyword.groovy)
	at com.kms.katalon.core.webui.keyword.internal.WebUIKeywordMain.runKeyword(WebUIKeywordMain.groovy:20)
	... 38 more
)]]></system-out>
         <system-err><![CDATA[2022-01-17 17:02:34 - [TEST_CASE][FAILED] - Test Cases/View course grade/Update grade with assignment: Test Cases/View course grade/Update grade with assignment FAILED.
Reason:
com.kms.katalon.core.exception.StepFailedException: Call Test Case 'Test Cases/Utils/Create course CNPM' failed
	at com.kms.katalon.core.keyword.builtin.CallTestCaseKeyword$_callTestCase_closure1.doCall(CallTestCaseKeyword.groovy:63)
	at com.kms.katalon.core.keyword.builtin.CallTestCaseKeyword$_callTestCase_closure1.call(CallTestCaseKeyword.groovy)
	at com.kms.katalon.core.keyword.internal.KeywordMain.runKeyword(KeywordMain.groovy:74)
	at com.kms.katalon.core.keyword.builtin.CallTestCaseKeyword.callTestCase(CallTestCaseKeyword.groovy:81)
	at com.kms.katalon.core.keyword.builtin.CallTestCaseKeyword.execute(CallTestCaseKeyword.groovy:44)
	at com.kms.katalon.core.keyword.internal.KeywordExecutor.executeKeywordForPlatform(KeywordExecutor.groovy:74)
	at com.kms.katalon.core.keyword.BuiltinKeywords.callTestCase(BuiltinKeywords.groovy:334)
	at Update grade with assignment.run(Update grade with assignment:24)
	at com.kms.katalon.core.main.ScriptEngine.run(ScriptEngine.java:194)
	at com.kms.katalon.core.main.ScriptEngine.runScriptAsRawText(ScriptEngine.java:119)
	at com.kms.katalon.core.main.TestCaseExecutor.runScript(TestCaseExecutor.java:442)
	at com.kms.katalon.core.main.TestCaseExecutor.doExecute(TestCaseExecutor.java:433)
	at com.kms.katalon.core.main.TestCaseExecutor.processExecutionPhase(TestCaseExecutor.java:412)
	at com.kms.katalon.core.main.TestCaseExecutor.accessMainPhase(TestCaseExecutor.java:404)
	at com.kms.katalon.core.main.TestCaseExecutor.execute(TestCaseExecutor.java:281)
	at com.kms.katalon.core.main.TestCaseExecutor.execute(TestCaseExecutor.java:363)
	at com.kms.katalon.core.main.TestCaseExecutor.execute(TestCaseExecutor.java:363)
	at com.kms.katalon.core.main.TestCaseExecutor.execute(TestCaseExecutor.java:363)
	at com.kms.katalon.core.main.TestSuiteExecutor.accessTestCaseMainPhase(TestSuiteExecutor.java:202)
	at com.kms.katalon.core.main.TestSuiteExecutor.accessTestSuiteMainPhase(TestSuiteExecutor.java:164)
	at com.kms.katalon.core.main.TestSuiteExecutor.execute(TestSuiteExecutor.java:105)
	at com.kms.katalon.core.main.TestCaseMain.startTestSuite(TestCaseMain.java:181)
	at com.kms.katalon.core.main.TestCaseMain$startTestSuite$0.call(Unknown Source)
	at TempTestSuite1642408138931.run(TempTestSuite1642408138931.groovy:36)
Caused by: com.kms.katalon.core.exception.StepFailedException: Unable to click on object 'Object Repository/Utils/Page_CNPM Danh sch thnh vin/input_Danh sch thnh vin_btn btn-secondary my-1'
	at com.kms.katalon.core.webui.keyword.internal.WebUIKeywordMain.stepFailed(WebUIKeywordMain.groovy:64)
	at com.kms.katalon.core.webui.keyword.internal.WebUIKeywordMain.runKeyword(WebUIKeywordMain.groovy:26)
	at com.kms.katalon.core.webui.keyword.builtin.ClickKeyword.click(ClickKeyword.groovy:74)
	at com.kms.katalon.core.webui.keyword.builtin.ClickKeyword.execute(ClickKeyword.groovy:40)
	at com.kms.katalon.core.keyword.internal.KeywordExecutor.executeKeywordForPlatform(KeywordExecutor.groovy:74)
	at com.kms.katalon.core.webui.keyword.WebUiBuiltInKeywords.click(WebUiBuiltInKeywords.groovy:620)
	at com.kms.katalon.core.webui.keyword.WebUiBuiltInKeywords$click$1.call(Unknown Source)
	at Create course CNPM.run(Create course CNPM:36)
	at com.kms.katalon.core.main.ScriptEngine.run(ScriptEngine.java:194)
	at com.kms.katalon.core.main.ScriptEngine.runScriptAsRawText(ScriptEngine.java:119)
	at com.kms.katalon.core.main.TestCaseExecutor.runScript(TestCaseExecutor.java:442)
	at com.kms.katalon.core.main.TestCaseExecutor.doExecute(TestCaseExecutor.java:433)
	at com.kms.katalon.core.main.TestCaseExecutor.processExecutionPhase(TestCaseExecutor.java:412)
	at com.kms.katalon.core.main.TestCaseExecutor.accessMainPhase(TestCaseExecutor.java:404)
	at com.kms.katalon.core.main.TestCaseExecutor.execute(TestCaseExecutor.java:281)
	at com.kms.katalon.core.main.TestCaseMain.runTestCase(TestCaseMain.java:138)
	at com.kms.katalon.core.keyword.builtin.CallTestCaseKeyword$_callTestCase_closure1.doCall(CallTestCaseKeyword.groovy:59)
	... 23 more
Caused by: com.kms.katalon.core.webui.exception.WebElementNotFoundException: Web element with id: 'Object Repository/Utils/Page_CNPM Danh sch thnh vin/input_Danh sch thnh vin_btn btn-secondary my-1' located by '//input[@value='Ghi danh người dùng']' not found
	at com.kms.katalon.core.webui.common.WebUiCommonHelper.findWebElement(WebUiCommonHelper.java:1368)
	at com.kms.katalon.core.webui.keyword.internal.WebUIAbstractKeyword.findWebElement(WebUIAbstractKeyword.groovy:27)
	at com.kms.katalon.core.webui.keyword.builtin.ClickKeyword$_click_closure1.doCall(ClickKeyword.groovy:65)
	at com.kms.katalon.core.webui.keyword.builtin.ClickKeyword$_click_closure1.call(ClickKeyword.groovy)
	at com.kms.katalon.core.webui.keyword.internal.WebUIKeywordMain.runKeyword(WebUIKeywordMain.groovy:20)
	... 38 more]]></system-err>
      </testcase>
      <testcase name="Test Cases/View course grade/Update grade without assignment" time="32.915" classname="Test Cases/View course grade/Update grade without assignment" status="FAILED">
         <failure type="FAILED" message="Test Cases/View course grade/Update grade without assignment FAILED.
Reason:
com.kms.katalon.core.exception.StepFailedException: Call Test Case 'Test Cases/Utils/Create course CNPM' failed
	at com.kms.katalon.core.keyword.builtin.CallTestCaseKeyword$_callTestCase_closure1.doCall(CallTestCaseKeyword.groovy:63)
	at com.kms.katalon.core.keyword.builtin.CallTestCaseKeyword$_callTestCase_closure1.call(CallTestCaseKeyword.groovy)
	at com.kms.katalon.core.keyword.internal.KeywordMain.runKeyword(KeywordMain.groovy:74)
	at com.kms.katalon.core.keyword.builtin.CallTestCaseKeyword.callTestCase(CallTestCaseKeyword.groovy:81)
	at com.kms.katalon.core.keyword.builtin.CallTestCaseKeyword.execute(CallTestCaseKeyword.groovy:44)
	at com.kms.katalon.core.keyword.internal.KeywordExecutor.executeKeywordForPlatform(KeywordExecutor.groovy:74)
	at com.kms.katalon.core.keyword.BuiltinKeywords.callTestCase(BuiltinKeywords.groovy:334)
	at Update grade without assignment.run(Update grade without assignment:24)
	at com.kms.katalon.core.main.ScriptEngine.run(ScriptEngine.java:194)
	at com.kms.katalon.core.main.ScriptEngine.runScriptAsRawText(ScriptEngine.java:119)
	at com.kms.katalon.core.main.TestCaseExecutor.runScript(TestCaseExecutor.java:442)
	at com.kms.katalon.core.main.TestCaseExecutor.doExecute(TestCaseExecutor.java:433)
	at com.kms.katalon.core.main.TestCaseExecutor.processExecutionPhase(TestCaseExecutor.java:412)
	at com.kms.katalon.core.main.TestCaseExecutor.accessMainPhase(TestCaseExecutor.java:404)
	at com.kms.katalon.core.main.TestCaseExecutor.execute(TestCaseExecutor.java:281)
	at com.kms.katalon.core.main.TestCaseExecutor.execute(TestCaseExecutor.java:363)
	at com.kms.katalon.core.main.TestCaseExecutor.execute(TestCaseExecutor.java:363)
	at com.kms.katalon.core.main.TestCaseExecutor.execute(TestCaseExecutor.java:363)
	at com.kms.katalon.core.main.TestSuiteExecutor.accessTestCaseMainPhase(TestSuiteExecutor.java:202)
	at com.kms.katalon.core.main.TestSuiteExecutor.accessTestSuiteMainPhase(TestSuiteExecutor.java:164)
	at com.kms.katalon.core.main.TestSuiteExecutor.execute(TestSuiteExecutor.java:105)
	at com.kms.katalon.core.main.TestCaseMain.startTestSuite(TestCaseMain.java:181)
	at com.kms.katalon.core.main.TestCaseMain$startTestSuite$0.call(Unknown Source)
	at TempTestSuite1642408138931.run(TempTestSuite1642408138931.groovy:36)
Caused by: com.kms.katalon.core.exception.StepFailedException: Unable to click on object 'Object Repository/Utils/Page_CNPM Danh sch thnh vin/input_Danh sch thnh vin_btn btn-secondary my-1'
	at com.kms.katalon.core.webui.keyword.internal.WebUIKeywordMain.stepFailed(WebUIKeywordMain.groovy:64)
	at com.kms.katalon.core.webui.keyword.internal.WebUIKeywordMain.runKeyword(WebUIKeywordMain.groovy:26)
	at com.kms.katalon.core.webui.keyword.builtin.ClickKeyword.click(ClickKeyword.groovy:74)
	at com.kms.katalon.core.webui.keyword.builtin.ClickKeyword.execute(ClickKeyword.groovy:40)
	at com.kms.katalon.core.keyword.internal.KeywordExecutor.executeKeywordForPlatform(KeywordExecutor.groovy:74)
	at com.kms.katalon.core.webui.keyword.WebUiBuiltInKeywords.click(WebUiBuiltInKeywords.groovy:620)
	at com.kms.katalon.core.webui.keyword.WebUiBuiltInKeywords$click$1.call(Unknown Source)
	at Create course CNPM.run(Create course CNPM:36)
	at com.kms.katalon.core.main.ScriptEngine.run(ScriptEngine.java:194)
	at com.kms.katalon.core.main.ScriptEngine.runScriptAsRawText(ScriptEngine.java:119)
	at com.kms.katalon.core.main.TestCaseExecutor.runScript(TestCaseExecutor.java:442)
	at com.kms.katalon.core.main.TestCaseExecutor.doExecute(TestCaseExecutor.java:433)
	at com.kms.katalon.core.main.TestCaseExecutor.processExecutionPhase(TestCaseExecutor.java:412)
	at com.kms.katalon.core.main.TestCaseExecutor.accessMainPhase(TestCaseExecutor.java:404)
	at com.kms.katalon.core.main.TestCaseExecutor.execute(TestCaseExecutor.java:281)
	at com.kms.katalon.core.main.TestCaseMain.runTestCase(TestCaseMain.java:138)
	at com.kms.katalon.core.keyword.builtin.CallTestCaseKeyword$_callTestCase_closure1.doCall(CallTestCaseKeyword.groovy:59)
	... 23 more
Caused by: com.kms.katalon.core.webui.exception.WebElementNotFoundException: Web element with id: 'Object Repository/Utils/Page_CNPM Danh sch thnh vin/input_Danh sch thnh vin_btn btn-secondary my-1' located by '//input[@value='Ghi danh người dùng']' not found
	at com.kms.katalon.core.webui.common.WebUiCommonHelper.findWebElement(WebUiCommonHelper.java:1368)
	at com.kms.katalon.core.webui.keyword.internal.WebUIAbstractKeyword.findWebElement(WebUIAbstractKeyword.groovy:27)
	at com.kms.katalon.core.webui.keyword.builtin.ClickKeyword$_click_closure1.doCall(ClickKeyword.groovy:65)
	at com.kms.katalon.core.webui.keyword.builtin.ClickKeyword$_click_closure1.call(ClickKeyword.groovy)
	at com.kms.katalon.core.webui.keyword.internal.WebUIKeywordMain.runKeyword(WebUIKeywordMain.groovy:20)
	... 38 more
"/>
         <system-out><![CDATA[2022-01-17 17:04:48 - [TEST_CASE][FAILED] - Test Cases/View course grade/Update grade without assignment: Test Cases/View course grade/Update grade without assignment FAILED.
Reason:
com.kms.katalon.core.exception.StepFailedException: Call Test Case 'Test Cases/Utils/Create course CNPM' failed
	at com.kms.katalon.core.keyword.builtin.CallTestCaseKeyword$_callTestCase_closure1.doCall(CallTestCaseKeyword.groovy:63)
	at com.kms.katalon.core.keyword.builtin.CallTestCaseKeyword$_callTestCase_closure1.call(CallTestCaseKeyword.groovy)
	at com.kms.katalon.core.keyword.internal.KeywordMain.runKeyword(KeywordMain.groovy:74)
	at com.kms.katalon.core.keyword.builtin.CallTestCaseKeyword.callTestCase(CallTestCaseKeyword.groovy:81)
	at com.kms.katalon.core.keyword.builtin.CallTestCaseKeyword.execute(CallTestCaseKeyword.groovy:44)
	at com.kms.katalon.core.keyword.internal.KeywordExecutor.executeKeywordForPlatform(KeywordExecutor.groovy:74)
	at com.kms.katalon.core.keyword.BuiltinKeywords.callTestCase(BuiltinKeywords.groovy:334)
	at Update grade without assignment.run(Update grade without assignment:24)
	at com.kms.katalon.core.main.ScriptEngine.run(ScriptEngine.java:194)
	at com.kms.katalon.core.main.ScriptEngine.runScriptAsRawText(ScriptEngine.java:119)
	at com.kms.katalon.core.main.TestCaseExecutor.runScript(TestCaseExecutor.java:442)
	at com.kms.katalon.core.main.TestCaseExecutor.doExecute(TestCaseExecutor.java:433)
	at com.kms.katalon.core.main.TestCaseExecutor.processExecutionPhase(TestCaseExecutor.java:412)
	at com.kms.katalon.core.main.TestCaseExecutor.accessMainPhase(TestCaseExecutor.java:404)
	at com.kms.katalon.core.main.TestCaseExecutor.execute(TestCaseExecutor.java:281)
	at com.kms.katalon.core.main.TestCaseExecutor.execute(TestCaseExecutor.java:363)
	at com.kms.katalon.core.main.TestCaseExecutor.execute(TestCaseExecutor.java:363)
	at com.kms.katalon.core.main.TestCaseExecutor.execute(TestCaseExecutor.java:363)
	at com.kms.katalon.core.main.TestSuiteExecutor.accessTestCaseMainPhase(TestSuiteExecutor.java:202)
	at com.kms.katalon.core.main.TestSuiteExecutor.accessTestSuiteMainPhase(TestSuiteExecutor.java:164)
	at com.kms.katalon.core.main.TestSuiteExecutor.execute(TestSuiteExecutor.java:105)
	at com.kms.katalon.core.main.TestCaseMain.startTestSuite(TestCaseMain.java:181)
	at com.kms.katalon.core.main.TestCaseMain$startTestSuite$0.call(Unknown Source)
	at TempTestSuite1642408138931.run(TempTestSuite1642408138931.groovy:36)
Caused by: com.kms.katalon.core.exception.StepFailedException: Unable to click on object 'Object Repository/Utils/Page_CNPM Danh sch thnh vin/input_Danh sch thnh vin_btn btn-secondary my-1'
	at com.kms.katalon.core.webui.keyword.internal.WebUIKeywordMain.stepFailed(WebUIKeywordMain.groovy:64)
	at com.kms.katalon.core.webui.keyword.internal.WebUIKeywordMain.runKeyword(WebUIKeywordMain.groovy:26)
	at com.kms.katalon.core.webui.keyword.builtin.ClickKeyword.click(ClickKeyword.groovy:74)
	at com.kms.katalon.core.webui.keyword.builtin.ClickKeyword.execute(ClickKeyword.groovy:40)
	at com.kms.katalon.core.keyword.internal.KeywordExecutor.executeKeywordForPlatform(KeywordExecutor.groovy:74)
	at com.kms.katalon.core.webui.keyword.WebUiBuiltInKeywords.click(WebUiBuiltInKeywords.groovy:620)
	at com.kms.katalon.core.webui.keyword.WebUiBuiltInKeywords$click$1.call(Unknown Source)
	at Create course CNPM.run(Create course CNPM:36)
	at com.kms.katalon.core.main.ScriptEngine.run(ScriptEngine.java:194)
	at com.kms.katalon.core.main.ScriptEngine.runScriptAsRawText(ScriptEngine.java:119)
	at com.kms.katalon.core.main.TestCaseExecutor.runScript(TestCaseExecutor.java:442)
	at com.kms.katalon.core.main.TestCaseExecutor.doExecute(TestCaseExecutor.java:433)
	at com.kms.katalon.core.main.TestCaseExecutor.processExecutionPhase(TestCaseExecutor.java:412)
	at com.kms.katalon.core.main.TestCaseExecutor.accessMainPhase(TestCaseExecutor.java:404)
	at com.kms.katalon.core.main.TestCaseExecutor.execute(TestCaseExecutor.java:281)
	at com.kms.katalon.core.main.TestCaseMain.runTestCase(TestCaseMain.java:138)
	at com.kms.katalon.core.keyword.builtin.CallTestCaseKeyword$_callTestCase_closure1.doCall(CallTestCaseKeyword.groovy:59)
	... 23 more
Caused by: com.kms.katalon.core.webui.exception.WebElementNotFoundException: Web element with id: 'Object Repository/Utils/Page_CNPM Danh sch thnh vin/input_Danh sch thnh vin_btn btn-secondary my-1' located by '//input[@value='Ghi danh người dùng']' not found
	at com.kms.katalon.core.webui.common.WebUiCommonHelper.findWebElement(WebUiCommonHelper.java:1368)
	at com.kms.katalon.core.webui.keyword.internal.WebUIAbstractKeyword.findWebElement(WebUIAbstractKeyword.groovy:27)
	at com.kms.katalon.core.webui.keyword.builtin.ClickKeyword$_click_closure1.doCall(ClickKeyword.groovy:65)
	at com.kms.katalon.core.webui.keyword.builtin.ClickKeyword$_click_closure1.call(ClickKeyword.groovy)
	at com.kms.katalon.core.webui.keyword.internal.WebUIKeywordMain.runKeyword(WebUIKeywordMain.groovy:20)
	... 38 more


2022-01-17 17:04:48 - [TEST_STEP][PASSED] - openBrowser(""): Browser is opened with url: ''

2022-01-17 17:04:48 - [MESSAGE][WARNING] - A browser is already opened. Closing browser and opening a new one

2022-01-17 17:04:49 - [MESSAGE][INFO] - Starting 'Chrome' driver

2022-01-17 17:04:49 - [MESSAGE][INFO] - Action delay is set to 0 milliseconds

2022-01-17 17:04:50 - [MESSAGE][PASSED] - Browser is opened with url: ''

2022-01-17 17:04:50 - [TEST_STEP][PASSED] - navigateToUrl("http://localhost/"): Navigate to 'http://localhost/' successfully

2022-01-17 17:04:51 - [MESSAGE][PASSED] - Navigate to 'http://localhost/' successfully

2022-01-17 17:04:51 - [TEST_STEP][FAILED] - callTestCase(findTestCase("Utils/Create course CNPM"), [:], STOP_ON_FAILURE): Unable to call Test Case 'Test Cases/Utils/Create course CNPM' (Root cause: com.kms.katalon.core.exception.StepFailedException: Call Test Case 'Test Cases/Utils/Create course CNPM' failed
	at com.kms.katalon.core.keyword.builtin.CallTestCaseKeyword$_callTestCase_closure1.doCall(CallTestCaseKeyword.groovy:63)
	at com.kms.katalon.core.keyword.builtin.CallTestCaseKeyword$_callTestCase_closure1.call(CallTestCaseKeyword.groovy)
	at com.kms.katalon.core.keyword.internal.KeywordMain.runKeyword(KeywordMain.groovy:74)
	at com.kms.katalon.core.keyword.builtin.CallTestCaseKeyword.callTestCase(CallTestCaseKeyword.groovy:81)
	at com.kms.katalon.core.keyword.builtin.CallTestCaseKeyword.execute(CallTestCaseKeyword.groovy:44)
	at com.kms.katalon.core.keyword.internal.KeywordExecutor.executeKeywordForPlatform(KeywordExecutor.groovy:74)
	at com.kms.katalon.core.keyword.BuiltinKeywords.callTestCase(BuiltinKeywords.groovy:334)
	at Update grade without assignment.run(Update grade without assignment:24)
	at com.kms.katalon.core.main.ScriptEngine.run(ScriptEngine.java:194)
	at com.kms.katalon.core.main.ScriptEngine.runScriptAsRawText(ScriptEngine.java:119)
	at com.kms.katalon.core.main.TestCaseExecutor.runScript(TestCaseExecutor.java:442)
	at com.kms.katalon.core.main.TestCaseExecutor.doExecute(TestCaseExecutor.java:433)
	at com.kms.katalon.core.main.TestCaseExecutor.processExecutionPhase(TestCaseExecutor.java:412)
	at com.kms.katalon.core.main.TestCaseExecutor.accessMainPhase(TestCaseExecutor.java:404)
	at com.kms.katalon.core.main.TestCaseExecutor.execute(TestCaseExecutor.java:281)
	at com.kms.katalon.core.main.TestCaseExecutor.execute(TestCaseExecutor.java:363)
	at com.kms.katalon.core.main.TestCaseExecutor.execute(TestCaseExecutor.java:363)
	at com.kms.katalon.core.main.TestCaseExecutor.execute(TestCaseExecutor.java:363)
	at com.kms.katalon.core.main.TestSuiteExecutor.accessTestCaseMainPhase(TestSuiteExecutor.java:202)
	at com.kms.katalon.core.main.TestSuiteExecutor.accessTestSuiteMainPhase(TestSuiteExecutor.java:164)
	at com.kms.katalon.core.main.TestSuiteExecutor.execute(TestSuiteExecutor.java:105)
	at com.kms.katalon.core.main.TestCaseMain.startTestSuite(TestCaseMain.java:181)
	at com.kms.katalon.core.main.TestCaseMain$startTestSuite$0.call(Unknown Source)
	at TempTestSuite1642408138931.run(TempTestSuite1642408138931.groovy:36)
Caused by: com.kms.katalon.core.exception.StepFailedException: Unable to click on object 'Object Repository/Utils/Page_CNPM Danh sch thnh vin/input_Danh sch thnh vin_btn btn-secondary my-1'
	at com.kms.katalon.core.webui.keyword.internal.WebUIKeywordMain.stepFailed(WebUIKeywordMain.groovy:64)
	at com.kms.katalon.core.webui.keyword.internal.WebUIKeywordMain.runKeyword(WebUIKeywordMain.groovy:26)
	at com.kms.katalon.core.webui.keyword.builtin.ClickKeyword.click(ClickKeyword.groovy:74)
	at com.kms.katalon.core.webui.keyword.builtin.ClickKeyword.execute(ClickKeyword.groovy:40)
	at com.kms.katalon.core.keyword.internal.KeywordExecutor.executeKeywordForPlatform(KeywordExecutor.groovy:74)
	at com.kms.katalon.core.webui.keyword.WebUiBuiltInKeywords.click(WebUiBuiltInKeywords.groovy:620)
	at com.kms.katalon.core.webui.keyword.WebUiBuiltInKeywords$click$1.call(Unknown Source)
	at Create course CNPM.run(Create course CNPM:36)
	at com.kms.katalon.core.main.ScriptEngine.run(ScriptEngine.java:194)
	at com.kms.katalon.core.main.ScriptEngine.runScriptAsRawText(ScriptEngine.java:119)
	at com.kms.katalon.core.main.TestCaseExecutor.runScript(TestCaseExecutor.java:442)
	at com.kms.katalon.core.main.TestCaseExecutor.doExecute(TestCaseExecutor.java:433)
	at com.kms.katalon.core.main.TestCaseExecutor.processExecutionPhase(TestCaseExecutor.java:412)
	at com.kms.katalon.core.main.TestCaseExecutor.accessMainPhase(TestCaseExecutor.java:404)
	at com.kms.katalon.core.main.TestCaseExecutor.execute(TestCaseExecutor.java:281)
	at com.kms.katalon.core.main.TestCaseMain.runTestCase(TestCaseMain.java:138)
	at com.kms.katalon.core.keyword.builtin.CallTestCaseKeyword$_callTestCase_closure1.doCall(CallTestCaseKeyword.groovy:59)
	... 23 more
Caused by: com.kms.katalon.core.webui.exception.WebElementNotFoundException: Web element with id: 'Object Repository/Utils/Page_CNPM Danh sch thnh vin/input_Danh sch thnh vin_btn btn-secondary my-1' located by '//input[@value='Ghi danh người dùng']' not found
	at com.kms.katalon.core.webui.common.WebUiCommonHelper.findWebElement(WebUiCommonHelper.java:1368)
	at com.kms.katalon.core.webui.keyword.internal.WebUIAbstractKeyword.findWebElement(WebUIAbstractKeyword.groovy:27)
	at com.kms.katalon.core.webui.keyword.builtin.ClickKeyword$_click_closure1.doCall(ClickKeyword.groovy:65)
	at com.kms.katalon.core.webui.keyword.builtin.ClickKeyword$_click_closure1.call(ClickKeyword.groovy)
	at com.kms.katalon.core.webui.keyword.internal.WebUIKeywordMain.runKeyword(WebUIKeywordMain.groovy:20)
	... 38 more
)

2022-01-17 17:04:51 - [TEST_CASE][FAILED] - Test Cases/Utils/Create course CNPM: Test Cases/Utils/Create course CNPM FAILED.
Reason:
com.kms.katalon.core.exception.StepFailedException: Unable to click on object 'Object Repository/Utils/Page_CNPM Danh sch thnh vin/input_Danh sch thnh vin_btn btn-secondary my-1'
	at com.kms.katalon.core.webui.keyword.internal.WebUIKeywordMain.stepFailed(WebUIKeywordMain.groovy:64)
	at com.kms.katalon.core.webui.keyword.internal.WebUIKeywordMain.runKeyword(WebUIKeywordMain.groovy:26)
	at com.kms.katalon.core.webui.keyword.builtin.ClickKeyword.click(ClickKeyword.groovy:74)
	at com.kms.katalon.core.webui.keyword.builtin.ClickKeyword.execute(ClickKeyword.groovy:40)
	at com.kms.katalon.core.keyword.internal.KeywordExecutor.executeKeywordForPlatform(KeywordExecutor.groovy:74)
	at com.kms.katalon.core.webui.keyword.WebUiBuiltInKeywords.click(WebUiBuiltInKeywords.groovy:620)
	at com.kms.katalon.core.webui.keyword.WebUiBuiltInKeywords$click$1.call(Unknown Source)
	at Create course CNPM.run(Create course CNPM:36)
	at com.kms.katalon.core.main.ScriptEngine.run(ScriptEngine.java:194)
	at com.kms.katalon.core.main.ScriptEngine.runScriptAsRawText(ScriptEngine.java:119)
	at com.kms.katalon.core.main.TestCaseExecutor.runScript(TestCaseExecutor.java:442)
	at com.kms.katalon.core.main.TestCaseExecutor.doExecute(TestCaseExecutor.java:433)
	at com.kms.katalon.core.main.TestCaseExecutor.processExecutionPhase(TestCaseExecutor.java:412)
	at com.kms.katalon.core.main.TestCaseExecutor.accessMainPhase(TestCaseExecutor.java:404)
	at com.kms.katalon.core.main.TestCaseExecutor.execute(TestCaseExecutor.java:281)
	at com.kms.katalon.core.main.TestCaseMain.runTestCase(TestCaseMain.java:138)
	at com.kms.katalon.core.keyword.builtin.CallTestCaseKeyword$_callTestCase_closure1.doCall(CallTestCaseKeyword.groovy:59)
	at com.kms.katalon.core.keyword.builtin.CallTestCaseKeyword$_callTestCase_closure1.call(CallTestCaseKeyword.groovy)
	at com.kms.katalon.core.keyword.internal.KeywordMain.runKeyword(KeywordMain.groovy:74)
	at com.kms.katalon.core.keyword.builtin.CallTestCaseKeyword.callTestCase(CallTestCaseKeyword.groovy:81)
	at com.kms.katalon.core.keyword.builtin.CallTestCaseKeyword.execute(CallTestCaseKeyword.groovy:44)
	at com.kms.katalon.core.keyword.internal.KeywordExecutor.executeKeywordForPlatform(KeywordExecutor.groovy:74)
	at com.kms.katalon.core.keyword.BuiltinKeywords.callTestCase(BuiltinKeywords.groovy:334)
	at Update grade without assignment.run(Update grade without assignment:24)
	at com.kms.katalon.core.main.ScriptEngine.run(ScriptEngine.java:194)
	at com.kms.katalon.core.main.ScriptEngine.runScriptAsRawText(ScriptEngine.java:119)
	at com.kms.katalon.core.main.TestCaseExecutor.runScript(TestCaseExecutor.java:442)
	at com.kms.katalon.core.main.TestCaseExecutor.doExecute(TestCaseExecutor.java:433)
	at com.kms.katalon.core.main.TestCaseExecutor.processExecutionPhase(TestCaseExecutor.java:412)
	at com.kms.katalon.core.main.TestCaseExecutor.accessMainPhase(TestCaseExecutor.java:404)
	at com.kms.katalon.core.main.TestCaseExecutor.execute(TestCaseExecutor.java:281)
	at com.kms.katalon.core.main.TestCaseExecutor.execute(TestCaseExecutor.java:363)
	at com.kms.katalon.core.main.TestCaseExecutor.execute(TestCaseExecutor.java:363)
	at com.kms.katalon.core.main.TestCaseExecutor.execute(TestCaseExecutor.java:363)
	at com.kms.katalon.core.main.TestSuiteExecutor.accessTestCaseMainPhase(TestSuiteExecutor.java:202)
	at com.kms.katalon.core.main.TestSuiteExecutor.accessTestSuiteMainPhase(TestSuiteExecutor.java:164)
	at com.kms.katalon.core.main.TestSuiteExecutor.execute(TestSuiteExecutor.java:105)
	at com.kms.katalon.core.main.TestCaseMain.startTestSuite(TestCaseMain.java:181)
	at com.kms.katalon.core.main.TestCaseMain$startTestSuite$0.call(Unknown Source)
	at TempTestSuite1642408138931.run(TempTestSuite1642408138931.groovy:36)
Caused by: com.kms.katalon.core.webui.exception.WebElementNotFoundException: Web element with id: 'Object Repository/Utils/Page_CNPM Danh sch thnh vin/input_Danh sch thnh vin_btn btn-secondary my-1' located by '//input[@value='Ghi danh người dùng']' not found
	at com.kms.katalon.core.webui.common.WebUiCommonHelper.findWebElement(WebUiCommonHelper.java:1368)
	at com.kms.katalon.core.webui.keyword.internal.WebUIAbstractKeyword.findWebElement(WebUIAbstractKeyword.groovy:27)
	at com.kms.katalon.core.webui.keyword.builtin.ClickKeyword$_click_closure1.doCall(ClickKeyword.groovy:65)
	at com.kms.katalon.core.webui.keyword.builtin.ClickKeyword$_click_closure1.call(ClickKeyword.groovy)
	at com.kms.katalon.core.webui.keyword.internal.WebUIKeywordMain.runKeyword(WebUIKeywordMain.groovy:20)
	... 38 more


2022-01-17 17:04:51 - [TEST_STEP][PASSED] - callTestCase(findTestCase("Utils/Login as admin"), [:], STOP_ON_FAILURE): Call Test Case 'Test Cases/Utils/Login as admin' successfully

2022-01-17 17:04:51 - [TEST_CASE][PASSED] - Test Cases/Utils/Login as admin: Test Cases/Utils/Login as admin

2022-01-17 17:04:51 - [TEST_STEP][PASSED] - click(findTestObject("View course grade/Page_Local Moodle/a_Log in")): Object: 'Object Repository/View course grade/Page_Local Moodle/a_Log in' is clicked on

2022-01-17 17:04:52 - [MESSAGE][PASSED] - Object: 'Object Repository/View course grade/Page_Local Moodle/a_Log in' is clicked on

2022-01-17 17:04:52 - [TEST_STEP][PASSED] - setText(findTestObject("View course grade/Page_Local Moodle Log in to the site/input_Username_username"), "admin"): Text 'admin' is set on object 'Object Repository/View course grade/Page_Local Moodle Log in to the site/input_Username_username'

2022-01-17 17:04:53 - [MESSAGE][PASSED] - Text 'admin' is set on object 'Object Repository/View course grade/Page_Local Moodle Log in to the site/input_Username_username'

2022-01-17 17:04:53 - [TEST_STEP][PASSED] - setEncryptedText(findTestObject("View course grade/Page_Local Moodle Log in to the site/input_Password_password"), "bfAykA/oWJ09FXmiKh6lyuuLu8QhG1K5"): Text ****** has been set on object 'Object Repository/View course grade/Page_Local Moodle Log in to the site/input_Password_password'

2022-01-17 17:04:53 - [MESSAGE][PASSED] - Text ****** has been set on object 'Object Repository/View course grade/Page_Local Moodle Log in to the site/input_Password_password'

2022-01-17 17:04:53 - [TEST_STEP][PASSED] - click(findTestObject("View course grade/Page_Local Moodle Log in to the site/button_Log in")): Object: 'Object Repository/View course grade/Page_Local Moodle Log in to the site/button_Log in' is clicked on

2022-01-17 17:04:55 - [MESSAGE][PASSED] - Object: 'Object Repository/View course grade/Page_Local Moodle Log in to the site/button_Log in' is clicked on

2022-01-17 17:04:55 - [MESSAGE][PASSED] - Call Test Case 'Test Cases/Utils/Login as admin' successfully

2022-01-17 17:04:55 - [TEST_STEP][PASSED] - click(findTestObject("Object Repository/Utils/Page_Nh ca ti/span_Qun tr khu vc")): Object: 'Object Repository/Utils/Page_Nh ca ti/span_Qun tr khu vc' is clicked on

2022-01-17 17:04:59 - [MESSAGE][PASSED] - Object: 'Object Repository/Utils/Page_Nh ca ti/span_Qun tr khu vc' is clicked on

2022-01-17 17:04:59 - [TEST_STEP][PASSED] - click(findTestObject("Object Repository/Utils/Page_Moodle Khu vc qun tr Tm kim/a_Kho hc")): Object: 'Object Repository/Utils/Page_Moodle Khu vc qun tr Tm kim/a_Kho hc' is clicked on

2022-01-17 17:04:59 - [MESSAGE][PASSED] - Object: 'Object Repository/Utils/Page_Moodle Khu vc qun tr Tm kim/a_Kho hc' is clicked on

2022-01-17 17:04:59 - [TEST_STEP][PASSED] - click(findTestObject("Object Repository/Utils/Page_Moodle Khu vc qun tr Tm kim/a_Thmsa cc kho hc")): Object: 'Object Repository/Utils/Page_Moodle Khu vc qun tr Tm kim/a_Thmsa cc kho hc' is clicked on

2022-01-17 17:05:00 - [MESSAGE][PASSED] - Object: 'Object Repository/Utils/Page_Moodle Khu vc qun tr Tm kim/a_Thmsa cc kho hc' is clicked on

2022-01-17 17:05:00 - [TEST_STEP][PASSED] - click(findTestObject("Object Repository/Utils/Page_Qun l kha hc v danh mc kha hc/a_To kha hc mi")): Object: 'Object Repository/Utils/Page_Qun l kha hc v danh mc kha hc/a_To kha hc mi' is clicked on

2022-01-17 17:05:06 - [MESSAGE][INFO] - Unable to find the element located by 'By.xpath: //div[@id='yui_3_17_2_1_1641906891631_57']/div/div/a'. Please recheck the objects properties to make sure the desired element is located. 

2022-01-17 17:05:06 - [MESSAGE][WARNING] - [SELF-HEALING] Failed to find element with id 'Object Repository/Utils/Page_Qun l kha hc v danh mc kha hc/a_To kha hc mi'. Try using Self-healing.

2022-01-17 17:05:07 - [MESSAGE][WARNING] - [SELF-HEALING] The current locator of test object 'Object Repository/Utils/Page_Qun l kha hc v danh mc kha hc/a_To kha hc mi' was broken. Propose an alternative one: '//a[contains(text(),'Tạo khóa học mới')]'.

2022-01-17 17:05:08 - [MESSAGE][PASSED] - Object: 'Object Repository/Utils/Page_Qun l kha hc v danh mc kha hc/a_To kha hc mi' is clicked on

2022-01-17 17:05:08 - [TEST_STEP][PASSED] - setText(findTestObject("Object Repository/Utils/Page_Moodle Thm kho hc mi/input_Tn y_fullname"), "Nhập môn Công nghệ phần mềm"): Text 'Nhập môn Công nghệ phần mềm' is set on object 'Object Repository/Utils/Page_Moodle Thm kho hc mi/input_Tn y_fullname'

2022-01-17 17:05:09 - [MESSAGE][PASSED] - Text 'Nhập môn Công nghệ phần mềm' is set on object 'Object Repository/Utils/Page_Moodle Thm kho hc mi/input_Tn y_fullname'

2022-01-17 17:05:09 - [TEST_STEP][PASSED] - setText(findTestObject("Object Repository/Utils/Page_Moodle Thm kho hc mi/input_Tn rt gn ca kho hc_shortname"), "CNPM"): Text 'CNPM' is set on object 'Object Repository/Utils/Page_Moodle Thm kho hc mi/input_Tn rt gn ca kho hc_shortname'

2022-01-17 17:05:10 - [MESSAGE][PASSED] - Text 'CNPM' is set on object 'Object Repository/Utils/Page_Moodle Thm kho hc mi/input_Tn rt gn ca kho hc_shortname'

2022-01-17 17:05:10 - [TEST_STEP][PASSED] - click(findTestObject("Object Repository/Utils/Page_Moodle Thm kho hc mi/input__saveanddisplay")): Object: 'Object Repository/Utils/Page_Moodle Thm kho hc mi/input__saveanddisplay' is clicked on

2022-01-17 17:05:12 - [MESSAGE][PASSED] - Object: 'Object Repository/Utils/Page_Moodle Thm kho hc mi/input__saveanddisplay' is clicked on

2022-01-17 17:05:12 - [TEST_STEP][FAILED] - click(findTestObject("Object Repository/Utils/Page_CNPM Danh sch thnh vin/input_Danh sch thnh vin_btn btn-secondary my-1")): Unable to click on object 'Object Repository/Utils/Page_CNPM Danh sch thnh vin/input_Danh sch thnh vin_btn btn-secondary my-1' (Root cause: com.kms.katalon.core.exception.StepFailedException: Unable to click on object 'Object Repository/Utils/Page_CNPM Danh sch thnh vin/input_Danh sch thnh vin_btn btn-secondary my-1'
	at com.kms.katalon.core.webui.keyword.internal.WebUIKeywordMain.stepFailed(WebUIKeywordMain.groovy:64)
	at com.kms.katalon.core.webui.keyword.internal.WebUIKeywordMain.runKeyword(WebUIKeywordMain.groovy:26)
	at com.kms.katalon.core.webui.keyword.builtin.ClickKeyword.click(ClickKeyword.groovy:74)
	at com.kms.katalon.core.webui.keyword.builtin.ClickKeyword.execute(ClickKeyword.groovy:40)
	at com.kms.katalon.core.keyword.internal.KeywordExecutor.executeKeywordForPlatform(KeywordExecutor.groovy:74)
	at com.kms.katalon.core.webui.keyword.WebUiBuiltInKeywords.click(WebUiBuiltInKeywords.groovy:620)
	at com.kms.katalon.core.webui.keyword.WebUiBuiltInKeywords$click$1.call(Unknown Source)
	at Create course CNPM.run(Create course CNPM:36)
	at com.kms.katalon.core.main.ScriptEngine.run(ScriptEngine.java:194)
	at com.kms.katalon.core.main.ScriptEngine.runScriptAsRawText(ScriptEngine.java:119)
	at com.kms.katalon.core.main.TestCaseExecutor.runScript(TestCaseExecutor.java:442)
	at com.kms.katalon.core.main.TestCaseExecutor.doExecute(TestCaseExecutor.java:433)
	at com.kms.katalon.core.main.TestCaseExecutor.processExecutionPhase(TestCaseExecutor.java:412)
	at com.kms.katalon.core.main.TestCaseExecutor.accessMainPhase(TestCaseExecutor.java:404)
	at com.kms.katalon.core.main.TestCaseExecutor.execute(TestCaseExecutor.java:281)
	at com.kms.katalon.core.main.TestCaseMain.runTestCase(TestCaseMain.java:138)
	at com.kms.katalon.core.keyword.builtin.CallTestCaseKeyword$_callTestCase_closure1.doCall(CallTestCaseKeyword.groovy:59)
	at com.kms.katalon.core.keyword.builtin.CallTestCaseKeyword$_callTestCase_closure1.call(CallTestCaseKeyword.groovy)
	at com.kms.katalon.core.keyword.internal.KeywordMain.runKeyword(KeywordMain.groovy:74)
	at com.kms.katalon.core.keyword.builtin.CallTestCaseKeyword.callTestCase(CallTestCaseKeyword.groovy:81)
	at com.kms.katalon.core.keyword.builtin.CallTestCaseKeyword.execute(CallTestCaseKeyword.groovy:44)
	at com.kms.katalon.core.keyword.internal.KeywordExecutor.executeKeywordForPlatform(KeywordExecutor.groovy:74)
	at com.kms.katalon.core.keyword.BuiltinKeywords.callTestCase(BuiltinKeywords.groovy:334)
	at Update grade without assignment.run(Update grade without assignment:24)
	at com.kms.katalon.core.main.ScriptEngine.run(ScriptEngine.java:194)
	at com.kms.katalon.core.main.ScriptEngine.runScriptAsRawText(ScriptEngine.java:119)
	at com.kms.katalon.core.main.TestCaseExecutor.runScript(TestCaseExecutor.java:442)
	at com.kms.katalon.core.main.TestCaseExecutor.doExecute(TestCaseExecutor.java:433)
	at com.kms.katalon.core.main.TestCaseExecutor.processExecutionPhase(TestCaseExecutor.java:412)
	at com.kms.katalon.core.main.TestCaseExecutor.accessMainPhase(TestCaseExecutor.java:404)
	at com.kms.katalon.core.main.TestCaseExecutor.execute(TestCaseExecutor.java:281)
	at com.kms.katalon.core.main.TestCaseExecutor.execute(TestCaseExecutor.java:363)
	at com.kms.katalon.core.main.TestCaseExecutor.execute(TestCaseExecutor.java:363)
	at com.kms.katalon.core.main.TestCaseExecutor.execute(TestCaseExecutor.java:363)
	at com.kms.katalon.core.main.TestSuiteExecutor.accessTestCaseMainPhase(TestSuiteExecutor.java:202)
	at com.kms.katalon.core.main.TestSuiteExecutor.accessTestSuiteMainPhase(TestSuiteExecutor.java:164)
	at com.kms.katalon.core.main.TestSuiteExecutor.execute(TestSuiteExecutor.java:105)
	at com.kms.katalon.core.main.TestCaseMain.startTestSuite(TestCaseMain.java:181)
	at com.kms.katalon.core.main.TestCaseMain$startTestSuite$0.call(Unknown Source)
	at TempTestSuite1642408138931.run(TempTestSuite1642408138931.groovy:36)
Caused by: com.kms.katalon.core.webui.exception.WebElementNotFoundException: Web element with id: 'Object Repository/Utils/Page_CNPM Danh sch thnh vin/input_Danh sch thnh vin_btn btn-secondary my-1' located by '//input[@value='Ghi danh người dùng']' not found
	at com.kms.katalon.core.webui.common.WebUiCommonHelper.findWebElement(WebUiCommonHelper.java:1368)
	at com.kms.katalon.core.webui.keyword.internal.WebUIAbstractKeyword.findWebElement(WebUIAbstractKeyword.groovy:27)
	at com.kms.katalon.core.webui.keyword.builtin.ClickKeyword$_click_closure1.doCall(ClickKeyword.groovy:65)
	at com.kms.katalon.core.webui.keyword.builtin.ClickKeyword$_click_closure1.call(ClickKeyword.groovy)
	at com.kms.katalon.core.webui.keyword.internal.WebUIKeywordMain.runKeyword(WebUIKeywordMain.groovy:20)
	at com.kms.katalon.core.webui.keyword.builtin.ClickKeyword.click(ClickKeyword.groovy:74)
	at com.kms.katalon.core.webui.keyword.builtin.ClickKeyword.execute(ClickKeyword.groovy:40)
	at com.kms.katalon.core.keyword.internal.KeywordExecutor.executeKeywordForPlatform(KeywordExecutor.groovy:74)
	at com.kms.katalon.core.webui.keyword.WebUiBuiltInKeywords.click(WebUiBuiltInKeywords.groovy:620)
	at com.kms.katalon.core.webui.keyword.WebUiBuiltInKeywords$click$1.call(Unknown Source)
	at Script1641906761787.run(Script1641906761787.groovy:36)
	at com.kms.katalon.core.main.ScriptEngine.run(ScriptEngine.java:194)
	at com.kms.katalon.core.main.ScriptEngine.runScriptAsRawText(ScriptEngine.java:119)
	at com.kms.katalon.core.main.TestCaseExecutor.runScript(TestCaseExecutor.java:442)
	at com.kms.katalon.core.main.TestCaseExecutor.doExecute(TestCaseExecutor.java:433)
	at com.kms.katalon.core.main.TestCaseExecutor.processExecutionPhase(TestCaseExecutor.java:412)
	at com.kms.katalon.core.main.TestCaseExecutor.accessMainPhase(TestCaseExecutor.java:404)
	at com.kms.katalon.core.main.TestCaseExecutor.execute(TestCaseExecutor.java:281)
	at com.kms.katalon.core.main.TestCaseMain.runTestCase(TestCaseMain.java:138)
	at com.kms.katalon.core.keyword.builtin.CallTestCaseKeyword$_callTestCase_closure1.doCall(CallTestCaseKeyword.groovy:59)
	at com.kms.katalon.core.keyword.builtin.CallTestCaseKeyword$_callTestCase_closure1.call(CallTestCaseKeyword.groovy)
	at com.kms.katalon.core.keyword.internal.KeywordMain.runKeyword(KeywordMain.groovy:74)
	at com.kms.katalon.core.keyword.builtin.CallTestCaseKeyword.callTestCase(CallTestCaseKeyword.groovy:81)
	at com.kms.katalon.core.keyword.builtin.CallTestCaseKeyword.execute(CallTestCaseKeyword.groovy:44)
	at com.kms.katalon.core.keyword.internal.KeywordExecutor.executeKeywordForPlatform(KeywordExecutor.groovy:74)
	at com.kms.katalon.core.keyword.BuiltinKeywords.callTestCase(BuiltinKeywords.groovy:334)
	at Script1641912734340.run(Script1641912734340.groovy:24)
	... 16 more
)

2022-01-17 17:05:18 - [MESSAGE][INFO] - Unable to find the element located by 'By.xpath: //input[@value='Ghi danh người dùng']'. Please recheck the objects properties to make sure the desired element is located. 

2022-01-17 17:05:18 - [MESSAGE][WARNING] - [SELF-HEALING] Failed to find element with id 'Object Repository/Utils/Page_CNPM Danh sch thnh vin/input_Danh sch thnh vin_btn btn-secondary my-1'. Try using Self-healing.

2022-01-17 17:05:19 - [MESSAGE][INFO] - [SELF-HEALING] Failed Locator: '//input[@value='Ghi danh người dùng']'.

2022-01-17 17:05:19 - [MESSAGE][INFO] - [SELF-HEALING] Failed Locator: '//form[@id='enrolusersbutton-1']/div/input'.

2022-01-17 17:05:19 - [MESSAGE][INFO] - [SELF-HEALING] Working Locator: '//input'.

2022-01-17 17:05:19 - [MESSAGE][ERROR] - [SELF-HEALING] Cannot save screenshot to: D:\Cong-Binh Le\xampp\htdocs\moodle\Test Automation - SE Bonus\Reports\Self-healing, reason: unknown error: unhandled inspector error: {"code":-32000,"message":"Cannot take screenshot with 0 width."}
  (Session info: chrome=97.0.4692.71)
Build info: version: '3.141.59', revision: 'e82be7d358', time: '2018-11-14T08:25:53'
System info: host: 'DESKTOP-G2F0VIE', ip: '192.168.1.9', os.name: 'Windows 10', os.arch: 'amd64', os.version: '10.0', java.version: '1.8.0_282'
Driver info: com.kms.katalon.selenium.driver.CChromeDriver
Capabilities {acceptInsecureCerts: false, browserName: chrome, browserVersion: 97.0.4692.71, chrome: {chromedriverVersion: 97.0.4692.71 (adefa7837d02a..., userDataDir: C:\Users\banh\AppData\Local...}, goog:chromeOptions: {debuggerAddress: localhost:49922}, javascriptEnabled: true, networkConnectionEnabled: false, pageLoadStrategy: normal, platform: WINDOWS, platformName: WINDOWS, proxy: Proxy(), setWindowRect: true, strictFileInteractability: false, timeouts: {implicit: 0, pageLoad: 300000, script: 30000}, unhandledPromptBehavior: dismiss and notify, webauthn:extension:credBlob: true, webauthn:extension:largeBlob: true, webauthn:virtualAuthenticators: true}
Session ID: 6e62e12b071da155ef6266789f670533.

2022-01-17 17:05:19 - [MESSAGE][ERROR] - [SELF-HEALING] Cannot save screenshot to: D:\Cong-Binh Le\xampp\htdocs\moodle\Test Automation - SE Bonus\Reports\Self-healing, reason: unknown error: unhandled inspector error: {"code":-32000,"message":"Cannot take screenshot with 0 width."}
  (Session info: chrome=97.0.4692.71)
Build info: version: '3.141.59', revision: 'e82be7d358', time: '2018-11-14T08:25:53'
System info: host: 'DESKTOP-G2F0VIE', ip: '192.168.1.9', os.name: 'Windows 10', os.arch: 'amd64', os.version: '10.0', java.version: '1.8.0_282'
Driver info: com.kms.katalon.selenium.driver.CChromeDriver
Capabilities {acceptInsecureCerts: false, browserName: chrome, browserVersion: 97.0.4692.71, chrome: {chromedriverVersion: 97.0.4692.71 (adefa7837d02a..., userDataDir: C:\Users\banh\AppData\Local...}, goog:chromeOptions: {debuggerAddress: localhost:49922}, javascriptEnabled: true, networkConnectionEnabled: false, pageLoadStrategy: normal, platform: WINDOWS, platformName: WINDOWS, proxy: Proxy(), setWindowRect: true, strictFileInteractability: false, timeouts: {implicit: 0, pageLoad: 300000, script: 30000}, unhandledPromptBehavior: dismiss and notify, webauthn:extension:credBlob: true, webauthn:extension:largeBlob: true, webauthn:virtualAuthenticators: true}
Session ID: 6e62e12b071da155ef6266789f670533.

2022-01-17 17:05:19 - [MESSAGE][WARNING] - [SELF-HEALING] 'other' is different type of Path

2022-01-17 17:05:20 - [MESSAGE][ERROR] - [SELF-HEALING] Cannot save screenshot to: D:\Cong-Binh Le\xampp\htdocs\moodle\Test Automation - SE Bonus\Reports\Self-healing, reason: unknown error: unhandled inspector error: {"code":-32000,"message":"Cannot take screenshot with 0 width."}
  (Session info: chrome=97.0.4692.71)
Build info: version: '3.141.59', revision: 'e82be7d358', time: '2018-11-14T08:25:53'
System info: host: 'DESKTOP-G2F0VIE', ip: '192.168.1.9', os.name: 'Windows 10', os.arch: 'amd64', os.version: '10.0', java.version: '1.8.0_282'
Driver info: com.kms.katalon.selenium.driver.CChromeDriver
Capabilities {acceptInsecureCerts: false, browserName: chrome, browserVersion: 97.0.4692.71, chrome: {chromedriverVersion: 97.0.4692.71 (adefa7837d02a..., userDataDir: C:\Users\banh\AppData\Local...}, goog:chromeOptions: {debuggerAddress: localhost:49922}, javascriptEnabled: true, networkConnectionEnabled: false, pageLoadStrategy: normal, platform: WINDOWS, platformName: WINDOWS, proxy: Proxy(), setWindowRect: true, strictFileInteractability: false, timeouts: {implicit: 0, pageLoad: 300000, script: 30000}, unhandledPromptBehavior: dismiss and notify, webauthn:extension:credBlob: true, webauthn:extension:largeBlob: true, webauthn:virtualAuthenticators: true}
Session ID: 6e62e12b071da155ef6266789f670533.

2022-01-17 17:05:20 - [MESSAGE][WARNING] - [SELF-HEALING] 'other' is different type of Path

2022-01-17 17:05:21 - [MESSAGE][INFO] - Unable to find the element located by 'By.cssSelector: input.btn.btn-secondary.my-1'. Please recheck the objects properties to make sure the desired element is located. 

2022-01-17 17:05:21 - [MESSAGE][FAILED] - Unable to click on object 'Object Repository/Utils/Page_CNPM Danh sch thnh vin/input_Danh sch thnh vin_btn btn-secondary my-1' (Root cause: com.kms.katalon.core.exception.StepFailedException: Unable to click on object 'Object Repository/Utils/Page_CNPM Danh sch thnh vin/input_Danh sch thnh vin_btn btn-secondary my-1'
	at com.kms.katalon.core.webui.keyword.internal.WebUIKeywordMain.stepFailed(WebUIKeywordMain.groovy:64)
	at com.kms.katalon.core.webui.keyword.internal.WebUIKeywordMain.runKeyword(WebUIKeywordMain.groovy:26)
	at com.kms.katalon.core.webui.keyword.builtin.ClickKeyword.click(ClickKeyword.groovy:74)
	at com.kms.katalon.core.webui.keyword.builtin.ClickKeyword.execute(ClickKeyword.groovy:40)
	at com.kms.katalon.core.keyword.internal.KeywordExecutor.executeKeywordForPlatform(KeywordExecutor.groovy:74)
	at com.kms.katalon.core.webui.keyword.WebUiBuiltInKeywords.click(WebUiBuiltInKeywords.groovy:620)
	at com.kms.katalon.core.webui.keyword.WebUiBuiltInKeywords$click$1.call(Unknown Source)
	at Create course CNPM.run(Create course CNPM:36)
	at com.kms.katalon.core.main.ScriptEngine.run(ScriptEngine.java:194)
	at com.kms.katalon.core.main.ScriptEngine.runScriptAsRawText(ScriptEngine.java:119)
	at com.kms.katalon.core.main.TestCaseExecutor.runScript(TestCaseExecutor.java:442)
	at com.kms.katalon.core.main.TestCaseExecutor.doExecute(TestCaseExecutor.java:433)
	at com.kms.katalon.core.main.TestCaseExecutor.processExecutionPhase(TestCaseExecutor.java:412)
	at com.kms.katalon.core.main.TestCaseExecutor.accessMainPhase(TestCaseExecutor.java:404)
	at com.kms.katalon.core.main.TestCaseExecutor.execute(TestCaseExecutor.java:281)
	at com.kms.katalon.core.main.TestCaseMain.runTestCase(TestCaseMain.java:138)
	at com.kms.katalon.core.keyword.builtin.CallTestCaseKeyword$_callTestCase_closure1.doCall(CallTestCaseKeyword.groovy:59)
	at com.kms.katalon.core.keyword.builtin.CallTestCaseKeyword$_callTestCase_closure1.call(CallTestCaseKeyword.groovy)
	at com.kms.katalon.core.keyword.internal.KeywordMain.runKeyword(KeywordMain.groovy:74)
	at com.kms.katalon.core.keyword.builtin.CallTestCaseKeyword.callTestCase(CallTestCaseKeyword.groovy:81)
	at com.kms.katalon.core.keyword.builtin.CallTestCaseKeyword.execute(CallTestCaseKeyword.groovy:44)
	at com.kms.katalon.core.keyword.internal.KeywordExecutor.executeKeywordForPlatform(KeywordExecutor.groovy:74)
	at com.kms.katalon.core.keyword.BuiltinKeywords.callTestCase(BuiltinKeywords.groovy:334)
	at Update grade without assignment.run(Update grade without assignment:24)
	at com.kms.katalon.core.main.ScriptEngine.run(ScriptEngine.java:194)
	at com.kms.katalon.core.main.ScriptEngine.runScriptAsRawText(ScriptEngine.java:119)
	at com.kms.katalon.core.main.TestCaseExecutor.runScript(TestCaseExecutor.java:442)
	at com.kms.katalon.core.main.TestCaseExecutor.doExecute(TestCaseExecutor.java:433)
	at com.kms.katalon.core.main.TestCaseExecutor.processExecutionPhase(TestCaseExecutor.java:412)
	at com.kms.katalon.core.main.TestCaseExecutor.accessMainPhase(TestCaseExecutor.java:404)
	at com.kms.katalon.core.main.TestCaseExecutor.execute(TestCaseExecutor.java:281)
	at com.kms.katalon.core.main.TestCaseExecutor.execute(TestCaseExecutor.java:363)
	at com.kms.katalon.core.main.TestCaseExecutor.execute(TestCaseExecutor.java:363)
	at com.kms.katalon.core.main.TestCaseExecutor.execute(TestCaseExecutor.java:363)
	at com.kms.katalon.core.main.TestSuiteExecutor.accessTestCaseMainPhase(TestSuiteExecutor.java:202)
	at com.kms.katalon.core.main.TestSuiteExecutor.accessTestSuiteMainPhase(TestSuiteExecutor.java:164)
	at com.kms.katalon.core.main.TestSuiteExecutor.execute(TestSuiteExecutor.java:105)
	at com.kms.katalon.core.main.TestCaseMain.startTestSuite(TestCaseMain.java:181)
	at com.kms.katalon.core.main.TestCaseMain$startTestSuite$0.call(Unknown Source)
	at TempTestSuite1642408138931.run(TempTestSuite1642408138931.groovy:36)
Caused by: com.kms.katalon.core.webui.exception.WebElementNotFoundException: Web element with id: 'Object Repository/Utils/Page_CNPM Danh sch thnh vin/input_Danh sch thnh vin_btn btn-secondary my-1' located by '//input[@value='Ghi danh người dùng']' not found
	at com.kms.katalon.core.webui.common.WebUiCommonHelper.findWebElement(WebUiCommonHelper.java:1368)
	at com.kms.katalon.core.webui.keyword.internal.WebUIAbstractKeyword.findWebElement(WebUIAbstractKeyword.groovy:27)
	at com.kms.katalon.core.webui.keyword.builtin.ClickKeyword$_click_closure1.doCall(ClickKeyword.groovy:65)
	at com.kms.katalon.core.webui.keyword.builtin.ClickKeyword$_click_closure1.call(ClickKeyword.groovy)
	at com.kms.katalon.core.webui.keyword.internal.WebUIKeywordMain.runKeyword(WebUIKeywordMain.groovy:20)
	at com.kms.katalon.core.webui.keyword.builtin.ClickKeyword.click(ClickKeyword.groovy:74)
	at com.kms.katalon.core.webui.keyword.builtin.ClickKeyword.execute(ClickKeyword.groovy:40)
	at com.kms.katalon.core.keyword.internal.KeywordExecutor.executeKeywordForPlatform(KeywordExecutor.groovy:74)
	at com.kms.katalon.core.webui.keyword.WebUiBuiltInKeywords.click(WebUiBuiltInKeywords.groovy:620)
	at com.kms.katalon.core.webui.keyword.WebUiBuiltInKeywords$click$1.call(Unknown Source)
	at Script1641906761787.run(Script1641906761787.groovy:36)
	at com.kms.katalon.core.main.ScriptEngine.run(ScriptEngine.java:194)
	at com.kms.katalon.core.main.ScriptEngine.runScriptAsRawText(ScriptEngine.java:119)
	at com.kms.katalon.core.main.TestCaseExecutor.runScript(TestCaseExecutor.java:442)
	at com.kms.katalon.core.main.TestCaseExecutor.doExecute(TestCaseExecutor.java:433)
	at com.kms.katalon.core.main.TestCaseExecutor.processExecutionPhase(TestCaseExecutor.java:412)
	at com.kms.katalon.core.main.TestCaseExecutor.accessMainPhase(TestCaseExecutor.java:404)
	at com.kms.katalon.core.main.TestCaseExecutor.execute(TestCaseExecutor.java:281)
	at com.kms.katalon.core.main.TestCaseMain.runTestCase(TestCaseMain.java:138)
	at com.kms.katalon.core.keyword.builtin.CallTestCaseKeyword$_callTestCase_closure1.doCall(CallTestCaseKeyword.groovy:59)
	at com.kms.katalon.core.keyword.builtin.CallTestCaseKeyword$_callTestCase_closure1.call(CallTestCaseKeyword.groovy)
	at com.kms.katalon.core.keyword.internal.KeywordMain.runKeyword(KeywordMain.groovy:74)
	at com.kms.katalon.core.keyword.builtin.CallTestCaseKeyword.callTestCase(CallTestCaseKeyword.groovy:81)
	at com.kms.katalon.core.keyword.builtin.CallTestCaseKeyword.execute(CallTestCaseKeyword.groovy:44)
	at com.kms.katalon.core.keyword.internal.KeywordExecutor.executeKeywordForPlatform(KeywordExecutor.groovy:74)
	at com.kms.katalon.core.keyword.BuiltinKeywords.callTestCase(BuiltinKeywords.groovy:334)
	at Script1641912734340.run(Script1641912734340.groovy:24)
	... 16 more
)
[[ATTACHMENT|D:\\Cong-Binh Le\\xampp\\htdocs\\moodle\\Test Automation - SE Bonus\\Reports\\20220117_152858\\Run All Test Cases\\20220117_152858\\1642413921387.png]]

2022-01-17 17:05:21 - [MESSAGE][INFO] - 

2022-01-17 17:05:21 - [MESSAGE][INFO] - ===================== Self-healing Report ====================

2022-01-17 17:05:21 - [MESSAGE][INFO] - One of the failed test object locators has been recovered by Self-healing. Please refer to the Self-healing Insights tab for more details.

2022-01-17 17:05:21 - [MESSAGE][INFO] - To learn more about Self-healing, please read https://docs.katalon.com/katalon-studio/docs/self-healing.html

2022-01-17 17:05:21 - [MESSAGE][INFO] - ==============================================================

2022-01-17 17:05:21 - [MESSAGE][FAILED] - Unable to call Test Case 'Test Cases/Utils/Create course CNPM' (Root cause: com.kms.katalon.core.exception.StepFailedException: Call Test Case 'Test Cases/Utils/Create course CNPM' failed
	at com.kms.katalon.core.keyword.builtin.CallTestCaseKeyword$_callTestCase_closure1.doCall(CallTestCaseKeyword.groovy:63)
	at com.kms.katalon.core.keyword.builtin.CallTestCaseKeyword$_callTestCase_closure1.call(CallTestCaseKeyword.groovy)
	at com.kms.katalon.core.keyword.internal.KeywordMain.runKeyword(KeywordMain.groovy:74)
	at com.kms.katalon.core.keyword.builtin.CallTestCaseKeyword.callTestCase(CallTestCaseKeyword.groovy:81)
	at com.kms.katalon.core.keyword.builtin.CallTestCaseKeyword.execute(CallTestCaseKeyword.groovy:44)
	at com.kms.katalon.core.keyword.internal.KeywordExecutor.executeKeywordForPlatform(KeywordExecutor.groovy:74)
	at com.kms.katalon.core.keyword.BuiltinKeywords.callTestCase(BuiltinKeywords.groovy:334)
	at Update grade without assignment.run(Update grade without assignment:24)
	at com.kms.katalon.core.main.ScriptEngine.run(ScriptEngine.java:194)
	at com.kms.katalon.core.main.ScriptEngine.runScriptAsRawText(ScriptEngine.java:119)
	at com.kms.katalon.core.main.TestCaseExecutor.runScript(TestCaseExecutor.java:442)
	at com.kms.katalon.core.main.TestCaseExecutor.doExecute(TestCaseExecutor.java:433)
	at com.kms.katalon.core.main.TestCaseExecutor.processExecutionPhase(TestCaseExecutor.java:412)
	at com.kms.katalon.core.main.TestCaseExecutor.accessMainPhase(TestCaseExecutor.java:404)
	at com.kms.katalon.core.main.TestCaseExecutor.execute(TestCaseExecutor.java:281)
	at com.kms.katalon.core.main.TestCaseExecutor.execute(TestCaseExecutor.java:363)
	at com.kms.katalon.core.main.TestCaseExecutor.execute(TestCaseExecutor.java:363)
	at com.kms.katalon.core.main.TestCaseExecutor.execute(TestCaseExecutor.java:363)
	at com.kms.katalon.core.main.TestSuiteExecutor.accessTestCaseMainPhase(TestSuiteExecutor.java:202)
	at com.kms.katalon.core.main.TestSuiteExecutor.accessTestSuiteMainPhase(TestSuiteExecutor.java:164)
	at com.kms.katalon.core.main.TestSuiteExecutor.execute(TestSuiteExecutor.java:105)
	at com.kms.katalon.core.main.TestCaseMain.startTestSuite(TestCaseMain.java:181)
	at com.kms.katalon.core.main.TestCaseMain$startTestSuite$0.call(Unknown Source)
	at TempTestSuite1642408138931.run(TempTestSuite1642408138931.groovy:36)
Caused by: com.kms.katalon.core.exception.StepFailedException: Unable to click on object 'Object Repository/Utils/Page_CNPM Danh sch thnh vin/input_Danh sch thnh vin_btn btn-secondary my-1'
	at com.kms.katalon.core.webui.keyword.internal.WebUIKeywordMain.stepFailed(WebUIKeywordMain.groovy:64)
	at com.kms.katalon.core.webui.keyword.internal.WebUIKeywordMain.runKeyword(WebUIKeywordMain.groovy:26)
	at com.kms.katalon.core.webui.keyword.builtin.ClickKeyword.click(ClickKeyword.groovy:74)
	at com.kms.katalon.core.webui.keyword.builtin.ClickKeyword.execute(ClickKeyword.groovy:40)
	at com.kms.katalon.core.keyword.internal.KeywordExecutor.executeKeywordForPlatform(KeywordExecutor.groovy:74)
	at com.kms.katalon.core.webui.keyword.WebUiBuiltInKeywords.click(WebUiBuiltInKeywords.groovy:620)
	at com.kms.katalon.core.webui.keyword.WebUiBuiltInKeywords$click$1.call(Unknown Source)
	at Create course CNPM.run(Create course CNPM:36)
	at com.kms.katalon.core.main.ScriptEngine.run(ScriptEngine.java:194)
	at com.kms.katalon.core.main.ScriptEngine.runScriptAsRawText(ScriptEngine.java:119)
	at com.kms.katalon.core.main.TestCaseExecutor.runScript(TestCaseExecutor.java:442)
	at com.kms.katalon.core.main.TestCaseExecutor.doExecute(TestCaseExecutor.java:433)
	at com.kms.katalon.core.main.TestCaseExecutor.processExecutionPhase(TestCaseExecutor.java:412)
	at com.kms.katalon.core.main.TestCaseExecutor.accessMainPhase(TestCaseExecutor.java:404)
	at com.kms.katalon.core.main.TestCaseExecutor.execute(TestCaseExecutor.java:281)
	at com.kms.katalon.core.main.TestCaseMain.runTestCase(TestCaseMain.java:138)
	at com.kms.katalon.core.keyword.builtin.CallTestCaseKeyword$_callTestCase_closure1.doCall(CallTestCaseKeyword.groovy:59)
	... 23 more
Caused by: com.kms.katalon.core.webui.exception.WebElementNotFoundException: Web element with id: 'Object Repository/Utils/Page_CNPM Danh sch thnh vin/input_Danh sch thnh vin_btn btn-secondary my-1' located by '//input[@value='Ghi danh người dùng']' not found
	at com.kms.katalon.core.webui.common.WebUiCommonHelper.findWebElement(WebUiCommonHelper.java:1368)
	at com.kms.katalon.core.webui.keyword.internal.WebUIAbstractKeyword.findWebElement(WebUIAbstractKeyword.groovy:27)
	at com.kms.katalon.core.webui.keyword.builtin.ClickKeyword$_click_closure1.doCall(ClickKeyword.groovy:65)
	at com.kms.katalon.core.webui.keyword.builtin.ClickKeyword$_click_closure1.call(ClickKeyword.groovy)
	at com.kms.katalon.core.webui.keyword.internal.WebUIKeywordMain.runKeyword(WebUIKeywordMain.groovy:20)
	... 38 more
)]]></system-out>
         <system-err><![CDATA[2022-01-17 17:04:48 - [TEST_CASE][FAILED] - Test Cases/View course grade/Update grade without assignment: Test Cases/View course grade/Update grade without assignment FAILED.
Reason:
com.kms.katalon.core.exception.StepFailedException: Call Test Case 'Test Cases/Utils/Create course CNPM' failed
	at com.kms.katalon.core.keyword.builtin.CallTestCaseKeyword$_callTestCase_closure1.doCall(CallTestCaseKeyword.groovy:63)
	at com.kms.katalon.core.keyword.builtin.CallTestCaseKeyword$_callTestCase_closure1.call(CallTestCaseKeyword.groovy)
	at com.kms.katalon.core.keyword.internal.KeywordMain.runKeyword(KeywordMain.groovy:74)
	at com.kms.katalon.core.keyword.builtin.CallTestCaseKeyword.callTestCase(CallTestCaseKeyword.groovy:81)
	at com.kms.katalon.core.keyword.builtin.CallTestCaseKeyword.execute(CallTestCaseKeyword.groovy:44)
	at com.kms.katalon.core.keyword.internal.KeywordExecutor.executeKeywordForPlatform(KeywordExecutor.groovy:74)
	at com.kms.katalon.core.keyword.BuiltinKeywords.callTestCase(BuiltinKeywords.groovy:334)
	at Update grade without assignment.run(Update grade without assignment:24)
	at com.kms.katalon.core.main.ScriptEngine.run(ScriptEngine.java:194)
	at com.kms.katalon.core.main.ScriptEngine.runScriptAsRawText(ScriptEngine.java:119)
	at com.kms.katalon.core.main.TestCaseExecutor.runScript(TestCaseExecutor.java:442)
	at com.kms.katalon.core.main.TestCaseExecutor.doExecute(TestCaseExecutor.java:433)
	at com.kms.katalon.core.main.TestCaseExecutor.processExecutionPhase(TestCaseExecutor.java:412)
	at com.kms.katalon.core.main.TestCaseExecutor.accessMainPhase(TestCaseExecutor.java:404)
	at com.kms.katalon.core.main.TestCaseExecutor.execute(TestCaseExecutor.java:281)
	at com.kms.katalon.core.main.TestCaseExecutor.execute(TestCaseExecutor.java:363)
	at com.kms.katalon.core.main.TestCaseExecutor.execute(TestCaseExecutor.java:363)
	at com.kms.katalon.core.main.TestCaseExecutor.execute(TestCaseExecutor.java:363)
	at com.kms.katalon.core.main.TestSuiteExecutor.accessTestCaseMainPhase(TestSuiteExecutor.java:202)
	at com.kms.katalon.core.main.TestSuiteExecutor.accessTestSuiteMainPhase(TestSuiteExecutor.java:164)
	at com.kms.katalon.core.main.TestSuiteExecutor.execute(TestSuiteExecutor.java:105)
	at com.kms.katalon.core.main.TestCaseMain.startTestSuite(TestCaseMain.java:181)
	at com.kms.katalon.core.main.TestCaseMain$startTestSuite$0.call(Unknown Source)
	at TempTestSuite1642408138931.run(TempTestSuite1642408138931.groovy:36)
Caused by: com.kms.katalon.core.exception.StepFailedException: Unable to click on object 'Object Repository/Utils/Page_CNPM Danh sch thnh vin/input_Danh sch thnh vin_btn btn-secondary my-1'
	at com.kms.katalon.core.webui.keyword.internal.WebUIKeywordMain.stepFailed(WebUIKeywordMain.groovy:64)
	at com.kms.katalon.core.webui.keyword.internal.WebUIKeywordMain.runKeyword(WebUIKeywordMain.groovy:26)
	at com.kms.katalon.core.webui.keyword.builtin.ClickKeyword.click(ClickKeyword.groovy:74)
	at com.kms.katalon.core.webui.keyword.builtin.ClickKeyword.execute(ClickKeyword.groovy:40)
	at com.kms.katalon.core.keyword.internal.KeywordExecutor.executeKeywordForPlatform(KeywordExecutor.groovy:74)
	at com.kms.katalon.core.webui.keyword.WebUiBuiltInKeywords.click(WebUiBuiltInKeywords.groovy:620)
	at com.kms.katalon.core.webui.keyword.WebUiBuiltInKeywords$click$1.call(Unknown Source)
	at Create course CNPM.run(Create course CNPM:36)
	at com.kms.katalon.core.main.ScriptEngine.run(ScriptEngine.java:194)
	at com.kms.katalon.core.main.ScriptEngine.runScriptAsRawText(ScriptEngine.java:119)
	at com.kms.katalon.core.main.TestCaseExecutor.runScript(TestCaseExecutor.java:442)
	at com.kms.katalon.core.main.TestCaseExecutor.doExecute(TestCaseExecutor.java:433)
	at com.kms.katalon.core.main.TestCaseExecutor.processExecutionPhase(TestCaseExecutor.java:412)
	at com.kms.katalon.core.main.TestCaseExecutor.accessMainPhase(TestCaseExecutor.java:404)
	at com.kms.katalon.core.main.TestCaseExecutor.execute(TestCaseExecutor.java:281)
	at com.kms.katalon.core.main.TestCaseMain.runTestCase(TestCaseMain.java:138)
	at com.kms.katalon.core.keyword.builtin.CallTestCaseKeyword$_callTestCase_closure1.doCall(CallTestCaseKeyword.groovy:59)
	... 23 more
Caused by: com.kms.katalon.core.webui.exception.WebElementNotFoundException: Web element with id: 'Object Repository/Utils/Page_CNPM Danh sch thnh vin/input_Danh sch thnh vin_btn btn-secondary my-1' located by '//input[@value='Ghi danh người dùng']' not found
	at com.kms.katalon.core.webui.common.WebUiCommonHelper.findWebElement(WebUiCommonHelper.java:1368)
	at com.kms.katalon.core.webui.keyword.internal.WebUIAbstractKeyword.findWebElement(WebUIAbstractKeyword.groovy:27)
	at com.kms.katalon.core.webui.keyword.builtin.ClickKeyword$_click_closure1.doCall(ClickKeyword.groovy:65)
	at com.kms.katalon.core.webui.keyword.builtin.ClickKeyword$_click_closure1.call(ClickKeyword.groovy)
	at com.kms.katalon.core.webui.keyword.internal.WebUIKeywordMain.runKeyword(WebUIKeywordMain.groovy:20)
	... 38 more]]></system-err>
      </testcase>
      <testcase name="Test Cases/View course grade/View grader report site" time="33.362" classname="Test Cases/View course grade/View grader report site" status="FAILED">
         <failure type="FAILED" message="Test Cases/View course grade/View grader report site FAILED.
Reason:
com.kms.katalon.core.exception.StepFailedException: Call Test Case 'Test Cases/Utils/Create course CNPM' failed
	at com.kms.katalon.core.keyword.builtin.CallTestCaseKeyword$_callTestCase_closure1.doCall(CallTestCaseKeyword.groovy:63)
	at com.kms.katalon.core.keyword.builtin.CallTestCaseKeyword$_callTestCase_closure1.call(CallTestCaseKeyword.groovy)
	at com.kms.katalon.core.keyword.internal.KeywordMain.runKeyword(KeywordMain.groovy:74)
	at com.kms.katalon.core.keyword.builtin.CallTestCaseKeyword.callTestCase(CallTestCaseKeyword.groovy:81)
	at com.kms.katalon.core.keyword.builtin.CallTestCaseKeyword.execute(CallTestCaseKeyword.groovy:44)
	at com.kms.katalon.core.keyword.internal.KeywordExecutor.executeKeywordForPlatform(KeywordExecutor.groovy:74)
	at com.kms.katalon.core.keyword.BuiltinKeywords.callTestCase(BuiltinKeywords.groovy:334)
	at View grader report site.run(View grader report site:24)
	at com.kms.katalon.core.main.ScriptEngine.run(ScriptEngine.java:194)
	at com.kms.katalon.core.main.ScriptEngine.runScriptAsRawText(ScriptEngine.java:119)
	at com.kms.katalon.core.main.TestCaseExecutor.runScript(TestCaseExecutor.java:442)
	at com.kms.katalon.core.main.TestCaseExecutor.doExecute(TestCaseExecutor.java:433)
	at com.kms.katalon.core.main.TestCaseExecutor.processExecutionPhase(TestCaseExecutor.java:412)
	at com.kms.katalon.core.main.TestCaseExecutor.accessMainPhase(TestCaseExecutor.java:404)
	at com.kms.katalon.core.main.TestCaseExecutor.execute(TestCaseExecutor.java:281)
	at com.kms.katalon.core.main.TestCaseExecutor.execute(TestCaseExecutor.java:363)
	at com.kms.katalon.core.main.TestCaseExecutor.execute(TestCaseExecutor.java:363)
	at com.kms.katalon.core.main.TestCaseExecutor.execute(TestCaseExecutor.java:363)
	at com.kms.katalon.core.main.TestSuiteExecutor.accessTestCaseMainPhase(TestSuiteExecutor.java:202)
	at com.kms.katalon.core.main.TestSuiteExecutor.accessTestSuiteMainPhase(TestSuiteExecutor.java:164)
	at com.kms.katalon.core.main.TestSuiteExecutor.execute(TestSuiteExecutor.java:105)
	at com.kms.katalon.core.main.TestCaseMain.startTestSuite(TestCaseMain.java:181)
	at com.kms.katalon.core.main.TestCaseMain$startTestSuite$0.call(Unknown Source)
	at TempTestSuite1642408138931.run(TempTestSuite1642408138931.groovy:36)
Caused by: com.kms.katalon.core.exception.StepFailedException: Unable to click on object 'Object Repository/Utils/Page_CNPM Danh sch thnh vin/input_Danh sch thnh vin_btn btn-secondary my-1'
	at com.kms.katalon.core.webui.keyword.internal.WebUIKeywordMain.stepFailed(WebUIKeywordMain.groovy:64)
	at com.kms.katalon.core.webui.keyword.internal.WebUIKeywordMain.runKeyword(WebUIKeywordMain.groovy:26)
	at com.kms.katalon.core.webui.keyword.builtin.ClickKeyword.click(ClickKeyword.groovy:74)
	at com.kms.katalon.core.webui.keyword.builtin.ClickKeyword.execute(ClickKeyword.groovy:40)
	at com.kms.katalon.core.keyword.internal.KeywordExecutor.executeKeywordForPlatform(KeywordExecutor.groovy:74)
	at com.kms.katalon.core.webui.keyword.WebUiBuiltInKeywords.click(WebUiBuiltInKeywords.groovy:620)
	at com.kms.katalon.core.webui.keyword.WebUiBuiltInKeywords$click$1.call(Unknown Source)
	at Create course CNPM.run(Create course CNPM:36)
	at com.kms.katalon.core.main.ScriptEngine.run(ScriptEngine.java:194)
	at com.kms.katalon.core.main.ScriptEngine.runScriptAsRawText(ScriptEngine.java:119)
	at com.kms.katalon.core.main.TestCaseExecutor.runScript(TestCaseExecutor.java:442)
	at com.kms.katalon.core.main.TestCaseExecutor.doExecute(TestCaseExecutor.java:433)
	at com.kms.katalon.core.main.TestCaseExecutor.processExecutionPhase(TestCaseExecutor.java:412)
	at com.kms.katalon.core.main.TestCaseExecutor.accessMainPhase(TestCaseExecutor.java:404)
	at com.kms.katalon.core.main.TestCaseExecutor.execute(TestCaseExecutor.java:281)
	at com.kms.katalon.core.main.TestCaseMain.runTestCase(TestCaseMain.java:138)
	at com.kms.katalon.core.keyword.builtin.CallTestCaseKeyword$_callTestCase_closure1.doCall(CallTestCaseKeyword.groovy:59)
	... 23 more
Caused by: com.kms.katalon.core.webui.exception.WebElementNotFoundException: Web element with id: 'Object Repository/Utils/Page_CNPM Danh sch thnh vin/input_Danh sch thnh vin_btn btn-secondary my-1' located by '//input[@value='Ghi danh người dùng']' not found
	at com.kms.katalon.core.webui.common.WebUiCommonHelper.findWebElement(WebUiCommonHelper.java:1368)
	at com.kms.katalon.core.webui.keyword.internal.WebUIAbstractKeyword.findWebElement(WebUIAbstractKeyword.groovy:27)
	at com.kms.katalon.core.webui.keyword.builtin.ClickKeyword$_click_closure1.doCall(ClickKeyword.groovy:65)
	at com.kms.katalon.core.webui.keyword.builtin.ClickKeyword$_click_closure1.call(ClickKeyword.groovy)
	at com.kms.katalon.core.webui.keyword.internal.WebUIKeywordMain.runKeyword(WebUIKeywordMain.groovy:20)
	... 38 more
"/>
         <system-out><![CDATA[2022-01-17 17:07:03 - [TEST_CASE][FAILED] - Test Cases/View course grade/View grader report site: Test Cases/View course grade/View grader report site FAILED.
Reason:
com.kms.katalon.core.exception.StepFailedException: Call Test Case 'Test Cases/Utils/Create course CNPM' failed
	at com.kms.katalon.core.keyword.builtin.CallTestCaseKeyword$_callTestCase_closure1.doCall(CallTestCaseKeyword.groovy:63)
	at com.kms.katalon.core.keyword.builtin.CallTestCaseKeyword$_callTestCase_closure1.call(CallTestCaseKeyword.groovy)
	at com.kms.katalon.core.keyword.internal.KeywordMain.runKeyword(KeywordMain.groovy:74)
	at com.kms.katalon.core.keyword.builtin.CallTestCaseKeyword.callTestCase(CallTestCaseKeyword.groovy:81)
	at com.kms.katalon.core.keyword.builtin.CallTestCaseKeyword.execute(CallTestCaseKeyword.groovy:44)
	at com.kms.katalon.core.keyword.internal.KeywordExecutor.executeKeywordForPlatform(KeywordExecutor.groovy:74)
	at com.kms.katalon.core.keyword.BuiltinKeywords.callTestCase(BuiltinKeywords.groovy:334)
	at View grader report site.run(View grader report site:24)
	at com.kms.katalon.core.main.ScriptEngine.run(ScriptEngine.java:194)
	at com.kms.katalon.core.main.ScriptEngine.runScriptAsRawText(ScriptEngine.java:119)
	at com.kms.katalon.core.main.TestCaseExecutor.runScript(TestCaseExecutor.java:442)
	at com.kms.katalon.core.main.TestCaseExecutor.doExecute(TestCaseExecutor.java:433)
	at com.kms.katalon.core.main.TestCaseExecutor.processExecutionPhase(TestCaseExecutor.java:412)
	at com.kms.katalon.core.main.TestCaseExecutor.accessMainPhase(TestCaseExecutor.java:404)
	at com.kms.katalon.core.main.TestCaseExecutor.execute(TestCaseExecutor.java:281)
	at com.kms.katalon.core.main.TestCaseExecutor.execute(TestCaseExecutor.java:363)
	at com.kms.katalon.core.main.TestCaseExecutor.execute(TestCaseExecutor.java:363)
	at com.kms.katalon.core.main.TestCaseExecutor.execute(TestCaseExecutor.java:363)
	at com.kms.katalon.core.main.TestSuiteExecutor.accessTestCaseMainPhase(TestSuiteExecutor.java:202)
	at com.kms.katalon.core.main.TestSuiteExecutor.accessTestSuiteMainPhase(TestSuiteExecutor.java:164)
	at com.kms.katalon.core.main.TestSuiteExecutor.execute(TestSuiteExecutor.java:105)
	at com.kms.katalon.core.main.TestCaseMain.startTestSuite(TestCaseMain.java:181)
	at com.kms.katalon.core.main.TestCaseMain$startTestSuite$0.call(Unknown Source)
	at TempTestSuite1642408138931.run(TempTestSuite1642408138931.groovy:36)
Caused by: com.kms.katalon.core.exception.StepFailedException: Unable to click on object 'Object Repository/Utils/Page_CNPM Danh sch thnh vin/input_Danh sch thnh vin_btn btn-secondary my-1'
	at com.kms.katalon.core.webui.keyword.internal.WebUIKeywordMain.stepFailed(WebUIKeywordMain.groovy:64)
	at com.kms.katalon.core.webui.keyword.internal.WebUIKeywordMain.runKeyword(WebUIKeywordMain.groovy:26)
	at com.kms.katalon.core.webui.keyword.builtin.ClickKeyword.click(ClickKeyword.groovy:74)
	at com.kms.katalon.core.webui.keyword.builtin.ClickKeyword.execute(ClickKeyword.groovy:40)
	at com.kms.katalon.core.keyword.internal.KeywordExecutor.executeKeywordForPlatform(KeywordExecutor.groovy:74)
	at com.kms.katalon.core.webui.keyword.WebUiBuiltInKeywords.click(WebUiBuiltInKeywords.groovy:620)
	at com.kms.katalon.core.webui.keyword.WebUiBuiltInKeywords$click$1.call(Unknown Source)
	at Create course CNPM.run(Create course CNPM:36)
	at com.kms.katalon.core.main.ScriptEngine.run(ScriptEngine.java:194)
	at com.kms.katalon.core.main.ScriptEngine.runScriptAsRawText(ScriptEngine.java:119)
	at com.kms.katalon.core.main.TestCaseExecutor.runScript(TestCaseExecutor.java:442)
	at com.kms.katalon.core.main.TestCaseExecutor.doExecute(TestCaseExecutor.java:433)
	at com.kms.katalon.core.main.TestCaseExecutor.processExecutionPhase(TestCaseExecutor.java:412)
	at com.kms.katalon.core.main.TestCaseExecutor.accessMainPhase(TestCaseExecutor.java:404)
	at com.kms.katalon.core.main.TestCaseExecutor.execute(TestCaseExecutor.java:281)
	at com.kms.katalon.core.main.TestCaseMain.runTestCase(TestCaseMain.java:138)
	at com.kms.katalon.core.keyword.builtin.CallTestCaseKeyword$_callTestCase_closure1.doCall(CallTestCaseKeyword.groovy:59)
	... 23 more
Caused by: com.kms.katalon.core.webui.exception.WebElementNotFoundException: Web element with id: 'Object Repository/Utils/Page_CNPM Danh sch thnh vin/input_Danh sch thnh vin_btn btn-secondary my-1' located by '//input[@value='Ghi danh người dùng']' not found
	at com.kms.katalon.core.webui.common.WebUiCommonHelper.findWebElement(WebUiCommonHelper.java:1368)
	at com.kms.katalon.core.webui.keyword.internal.WebUIAbstractKeyword.findWebElement(WebUIAbstractKeyword.groovy:27)
	at com.kms.katalon.core.webui.keyword.builtin.ClickKeyword$_click_closure1.doCall(ClickKeyword.groovy:65)
	at com.kms.katalon.core.webui.keyword.builtin.ClickKeyword$_click_closure1.call(ClickKeyword.groovy)
	at com.kms.katalon.core.webui.keyword.internal.WebUIKeywordMain.runKeyword(WebUIKeywordMain.groovy:20)
	... 38 more


2022-01-17 17:07:03 - [TEST_STEP][PASSED] - openBrowser(""): Browser is opened with url: ''

2022-01-17 17:07:03 - [MESSAGE][WARNING] - A browser is already opened. Closing browser and opening a new one

2022-01-17 17:07:03 - [MESSAGE][INFO] - Starting 'Chrome' driver

2022-01-17 17:07:03 - [MESSAGE][INFO] - Action delay is set to 0 milliseconds

2022-01-17 17:07:05 - [MESSAGE][PASSED] - Browser is opened with url: ''

2022-01-17 17:07:05 - [TEST_STEP][PASSED] - navigateToUrl("http://localhost/"): Navigate to 'http://localhost/' successfully

2022-01-17 17:07:05 - [MESSAGE][PASSED] - Navigate to 'http://localhost/' successfully

2022-01-17 17:07:05 - [TEST_STEP][FAILED] - callTestCase(findTestCase("Utils/Create course CNPM"), [:], STOP_ON_FAILURE): Unable to call Test Case 'Test Cases/Utils/Create course CNPM' (Root cause: com.kms.katalon.core.exception.StepFailedException: Call Test Case 'Test Cases/Utils/Create course CNPM' failed
	at com.kms.katalon.core.keyword.builtin.CallTestCaseKeyword$_callTestCase_closure1.doCall(CallTestCaseKeyword.groovy:63)
	at com.kms.katalon.core.keyword.builtin.CallTestCaseKeyword$_callTestCase_closure1.call(CallTestCaseKeyword.groovy)
	at com.kms.katalon.core.keyword.internal.KeywordMain.runKeyword(KeywordMain.groovy:74)
	at com.kms.katalon.core.keyword.builtin.CallTestCaseKeyword.callTestCase(CallTestCaseKeyword.groovy:81)
	at com.kms.katalon.core.keyword.builtin.CallTestCaseKeyword.execute(CallTestCaseKeyword.groovy:44)
	at com.kms.katalon.core.keyword.internal.KeywordExecutor.executeKeywordForPlatform(KeywordExecutor.groovy:74)
	at com.kms.katalon.core.keyword.BuiltinKeywords.callTestCase(BuiltinKeywords.groovy:334)
	at View grader report site.run(View grader report site:24)
	at com.kms.katalon.core.main.ScriptEngine.run(ScriptEngine.java:194)
	at com.kms.katalon.core.main.ScriptEngine.runScriptAsRawText(ScriptEngine.java:119)
	at com.kms.katalon.core.main.TestCaseExecutor.runScript(TestCaseExecutor.java:442)
	at com.kms.katalon.core.main.TestCaseExecutor.doExecute(TestCaseExecutor.java:433)
	at com.kms.katalon.core.main.TestCaseExecutor.processExecutionPhase(TestCaseExecutor.java:412)
	at com.kms.katalon.core.main.TestCaseExecutor.accessMainPhase(TestCaseExecutor.java:404)
	at com.kms.katalon.core.main.TestCaseExecutor.execute(TestCaseExecutor.java:281)
	at com.kms.katalon.core.main.TestCaseExecutor.execute(TestCaseExecutor.java:363)
	at com.kms.katalon.core.main.TestCaseExecutor.execute(TestCaseExecutor.java:363)
	at com.kms.katalon.core.main.TestCaseExecutor.execute(TestCaseExecutor.java:363)
	at com.kms.katalon.core.main.TestSuiteExecutor.accessTestCaseMainPhase(TestSuiteExecutor.java:202)
	at com.kms.katalon.core.main.TestSuiteExecutor.accessTestSuiteMainPhase(TestSuiteExecutor.java:164)
	at com.kms.katalon.core.main.TestSuiteExecutor.execute(TestSuiteExecutor.java:105)
	at com.kms.katalon.core.main.TestCaseMain.startTestSuite(TestCaseMain.java:181)
	at com.kms.katalon.core.main.TestCaseMain$startTestSuite$0.call(Unknown Source)
	at TempTestSuite1642408138931.run(TempTestSuite1642408138931.groovy:36)
Caused by: com.kms.katalon.core.exception.StepFailedException: Unable to click on object 'Object Repository/Utils/Page_CNPM Danh sch thnh vin/input_Danh sch thnh vin_btn btn-secondary my-1'
	at com.kms.katalon.core.webui.keyword.internal.WebUIKeywordMain.stepFailed(WebUIKeywordMain.groovy:64)
	at com.kms.katalon.core.webui.keyword.internal.WebUIKeywordMain.runKeyword(WebUIKeywordMain.groovy:26)
	at com.kms.katalon.core.webui.keyword.builtin.ClickKeyword.click(ClickKeyword.groovy:74)
	at com.kms.katalon.core.webui.keyword.builtin.ClickKeyword.execute(ClickKeyword.groovy:40)
	at com.kms.katalon.core.keyword.internal.KeywordExecutor.executeKeywordForPlatform(KeywordExecutor.groovy:74)
	at com.kms.katalon.core.webui.keyword.WebUiBuiltInKeywords.click(WebUiBuiltInKeywords.groovy:620)
	at com.kms.katalon.core.webui.keyword.WebUiBuiltInKeywords$click$1.call(Unknown Source)
	at Create course CNPM.run(Create course CNPM:36)
	at com.kms.katalon.core.main.ScriptEngine.run(ScriptEngine.java:194)
	at com.kms.katalon.core.main.ScriptEngine.runScriptAsRawText(ScriptEngine.java:119)
	at com.kms.katalon.core.main.TestCaseExecutor.runScript(TestCaseExecutor.java:442)
	at com.kms.katalon.core.main.TestCaseExecutor.doExecute(TestCaseExecutor.java:433)
	at com.kms.katalon.core.main.TestCaseExecutor.processExecutionPhase(TestCaseExecutor.java:412)
	at com.kms.katalon.core.main.TestCaseExecutor.accessMainPhase(TestCaseExecutor.java:404)
	at com.kms.katalon.core.main.TestCaseExecutor.execute(TestCaseExecutor.java:281)
	at com.kms.katalon.core.main.TestCaseMain.runTestCase(TestCaseMain.java:138)
	at com.kms.katalon.core.keyword.builtin.CallTestCaseKeyword$_callTestCase_closure1.doCall(CallTestCaseKeyword.groovy:59)
	... 23 more
Caused by: com.kms.katalon.core.webui.exception.WebElementNotFoundException: Web element with id: 'Object Repository/Utils/Page_CNPM Danh sch thnh vin/input_Danh sch thnh vin_btn btn-secondary my-1' located by '//input[@value='Ghi danh người dùng']' not found
	at com.kms.katalon.core.webui.common.WebUiCommonHelper.findWebElement(WebUiCommonHelper.java:1368)
	at com.kms.katalon.core.webui.keyword.internal.WebUIAbstractKeyword.findWebElement(WebUIAbstractKeyword.groovy:27)
	at com.kms.katalon.core.webui.keyword.builtin.ClickKeyword$_click_closure1.doCall(ClickKeyword.groovy:65)
	at com.kms.katalon.core.webui.keyword.builtin.ClickKeyword$_click_closure1.call(ClickKeyword.groovy)
	at com.kms.katalon.core.webui.keyword.internal.WebUIKeywordMain.runKeyword(WebUIKeywordMain.groovy:20)
	... 38 more
)

2022-01-17 17:07:05 - [TEST_CASE][FAILED] - Test Cases/Utils/Create course CNPM: Test Cases/Utils/Create course CNPM FAILED.
Reason:
com.kms.katalon.core.exception.StepFailedException: Unable to click on object 'Object Repository/Utils/Page_CNPM Danh sch thnh vin/input_Danh sch thnh vin_btn btn-secondary my-1'
	at com.kms.katalon.core.webui.keyword.internal.WebUIKeywordMain.stepFailed(WebUIKeywordMain.groovy:64)
	at com.kms.katalon.core.webui.keyword.internal.WebUIKeywordMain.runKeyword(WebUIKeywordMain.groovy:26)
	at com.kms.katalon.core.webui.keyword.builtin.ClickKeyword.click(ClickKeyword.groovy:74)
	at com.kms.katalon.core.webui.keyword.builtin.ClickKeyword.execute(ClickKeyword.groovy:40)
	at com.kms.katalon.core.keyword.internal.KeywordExecutor.executeKeywordForPlatform(KeywordExecutor.groovy:74)
	at com.kms.katalon.core.webui.keyword.WebUiBuiltInKeywords.click(WebUiBuiltInKeywords.groovy:620)
	at com.kms.katalon.core.webui.keyword.WebUiBuiltInKeywords$click$1.call(Unknown Source)
	at Create course CNPM.run(Create course CNPM:36)
	at com.kms.katalon.core.main.ScriptEngine.run(ScriptEngine.java:194)
	at com.kms.katalon.core.main.ScriptEngine.runScriptAsRawText(ScriptEngine.java:119)
	at com.kms.katalon.core.main.TestCaseExecutor.runScript(TestCaseExecutor.java:442)
	at com.kms.katalon.core.main.TestCaseExecutor.doExecute(TestCaseExecutor.java:433)
	at com.kms.katalon.core.main.TestCaseExecutor.processExecutionPhase(TestCaseExecutor.java:412)
	at com.kms.katalon.core.main.TestCaseExecutor.accessMainPhase(TestCaseExecutor.java:404)
	at com.kms.katalon.core.main.TestCaseExecutor.execute(TestCaseExecutor.java:281)
	at com.kms.katalon.core.main.TestCaseMain.runTestCase(TestCaseMain.java:138)
	at com.kms.katalon.core.keyword.builtin.CallTestCaseKeyword$_callTestCase_closure1.doCall(CallTestCaseKeyword.groovy:59)
	at com.kms.katalon.core.keyword.builtin.CallTestCaseKeyword$_callTestCase_closure1.call(CallTestCaseKeyword.groovy)
	at com.kms.katalon.core.keyword.internal.KeywordMain.runKeyword(KeywordMain.groovy:74)
	at com.kms.katalon.core.keyword.builtin.CallTestCaseKeyword.callTestCase(CallTestCaseKeyword.groovy:81)
	at com.kms.katalon.core.keyword.builtin.CallTestCaseKeyword.execute(CallTestCaseKeyword.groovy:44)
	at com.kms.katalon.core.keyword.internal.KeywordExecutor.executeKeywordForPlatform(KeywordExecutor.groovy:74)
	at com.kms.katalon.core.keyword.BuiltinKeywords.callTestCase(BuiltinKeywords.groovy:334)
	at View grader report site.run(View grader report site:24)
	at com.kms.katalon.core.main.ScriptEngine.run(ScriptEngine.java:194)
	at com.kms.katalon.core.main.ScriptEngine.runScriptAsRawText(ScriptEngine.java:119)
	at com.kms.katalon.core.main.TestCaseExecutor.runScript(TestCaseExecutor.java:442)
	at com.kms.katalon.core.main.TestCaseExecutor.doExecute(TestCaseExecutor.java:433)
	at com.kms.katalon.core.main.TestCaseExecutor.processExecutionPhase(TestCaseExecutor.java:412)
	at com.kms.katalon.core.main.TestCaseExecutor.accessMainPhase(TestCaseExecutor.java:404)
	at com.kms.katalon.core.main.TestCaseExecutor.execute(TestCaseExecutor.java:281)
	at com.kms.katalon.core.main.TestCaseExecutor.execute(TestCaseExecutor.java:363)
	at com.kms.katalon.core.main.TestCaseExecutor.execute(TestCaseExecutor.java:363)
	at com.kms.katalon.core.main.TestCaseExecutor.execute(TestCaseExecutor.java:363)
	at com.kms.katalon.core.main.TestSuiteExecutor.accessTestCaseMainPhase(TestSuiteExecutor.java:202)
	at com.kms.katalon.core.main.TestSuiteExecutor.accessTestSuiteMainPhase(TestSuiteExecutor.java:164)
	at com.kms.katalon.core.main.TestSuiteExecutor.execute(TestSuiteExecutor.java:105)
	at com.kms.katalon.core.main.TestCaseMain.startTestSuite(TestCaseMain.java:181)
	at com.kms.katalon.core.main.TestCaseMain$startTestSuite$0.call(Unknown Source)
	at TempTestSuite1642408138931.run(TempTestSuite1642408138931.groovy:36)
Caused by: com.kms.katalon.core.webui.exception.WebElementNotFoundException: Web element with id: 'Object Repository/Utils/Page_CNPM Danh sch thnh vin/input_Danh sch thnh vin_btn btn-secondary my-1' located by '//input[@value='Ghi danh người dùng']' not found
	at com.kms.katalon.core.webui.common.WebUiCommonHelper.findWebElement(WebUiCommonHelper.java:1368)
	at com.kms.katalon.core.webui.keyword.internal.WebUIAbstractKeyword.findWebElement(WebUIAbstractKeyword.groovy:27)
	at com.kms.katalon.core.webui.keyword.builtin.ClickKeyword$_click_closure1.doCall(ClickKeyword.groovy:65)
	at com.kms.katalon.core.webui.keyword.builtin.ClickKeyword$_click_closure1.call(ClickKeyword.groovy)
	at com.kms.katalon.core.webui.keyword.internal.WebUIKeywordMain.runKeyword(WebUIKeywordMain.groovy:20)
	... 38 more


2022-01-17 17:07:05 - [TEST_STEP][PASSED] - callTestCase(findTestCase("Utils/Login as admin"), [:], STOP_ON_FAILURE): Call Test Case 'Test Cases/Utils/Login as admin' successfully

2022-01-17 17:07:06 - [TEST_CASE][PASSED] - Test Cases/Utils/Login as admin: Test Cases/Utils/Login as admin

2022-01-17 17:07:06 - [TEST_STEP][PASSED] - click(findTestObject("View course grade/Page_Local Moodle/a_Log in")): Object: 'Object Repository/View course grade/Page_Local Moodle/a_Log in' is clicked on

2022-01-17 17:07:06 - [MESSAGE][PASSED] - Object: 'Object Repository/View course grade/Page_Local Moodle/a_Log in' is clicked on

2022-01-17 17:07:06 - [TEST_STEP][PASSED] - setText(findTestObject("View course grade/Page_Local Moodle Log in to the site/input_Username_username"), "admin"): Text 'admin' is set on object 'Object Repository/View course grade/Page_Local Moodle Log in to the site/input_Username_username'

2022-01-17 17:07:07 - [MESSAGE][PASSED] - Text 'admin' is set on object 'Object Repository/View course grade/Page_Local Moodle Log in to the site/input_Username_username'

2022-01-17 17:07:07 - [TEST_STEP][PASSED] - setEncryptedText(findTestObject("View course grade/Page_Local Moodle Log in to the site/input_Password_password"), "bfAykA/oWJ09FXmiKh6lyuuLu8QhG1K5"): Text ****** has been set on object 'Object Repository/View course grade/Page_Local Moodle Log in to the site/input_Password_password'

2022-01-17 17:07:08 - [MESSAGE][PASSED] - Text ****** has been set on object 'Object Repository/View course grade/Page_Local Moodle Log in to the site/input_Password_password'

2022-01-17 17:07:08 - [TEST_STEP][PASSED] - click(findTestObject("View course grade/Page_Local Moodle Log in to the site/button_Log in")): Object: 'Object Repository/View course grade/Page_Local Moodle Log in to the site/button_Log in' is clicked on

2022-01-17 17:07:10 - [MESSAGE][PASSED] - Object: 'Object Repository/View course grade/Page_Local Moodle Log in to the site/button_Log in' is clicked on

2022-01-17 17:07:10 - [MESSAGE][PASSED] - Call Test Case 'Test Cases/Utils/Login as admin' successfully

2022-01-17 17:07:10 - [TEST_STEP][PASSED] - click(findTestObject("Object Repository/Utils/Page_Nh ca ti/span_Qun tr khu vc")): Object: 'Object Repository/Utils/Page_Nh ca ti/span_Qun tr khu vc' is clicked on

2022-01-17 17:07:14 - [MESSAGE][PASSED] - Object: 'Object Repository/Utils/Page_Nh ca ti/span_Qun tr khu vc' is clicked on

2022-01-17 17:07:14 - [TEST_STEP][PASSED] - click(findTestObject("Object Repository/Utils/Page_Moodle Khu vc qun tr Tm kim/a_Kho hc")): Object: 'Object Repository/Utils/Page_Moodle Khu vc qun tr Tm kim/a_Kho hc' is clicked on

2022-01-17 17:07:14 - [MESSAGE][PASSED] - Object: 'Object Repository/Utils/Page_Moodle Khu vc qun tr Tm kim/a_Kho hc' is clicked on

2022-01-17 17:07:14 - [TEST_STEP][PASSED] - click(findTestObject("Object Repository/Utils/Page_Moodle Khu vc qun tr Tm kim/a_Thmsa cc kho hc")): Object: 'Object Repository/Utils/Page_Moodle Khu vc qun tr Tm kim/a_Thmsa cc kho hc' is clicked on

2022-01-17 17:07:15 - [MESSAGE][PASSED] - Object: 'Object Repository/Utils/Page_Moodle Khu vc qun tr Tm kim/a_Thmsa cc kho hc' is clicked on

2022-01-17 17:07:15 - [TEST_STEP][PASSED] - click(findTestObject("Object Repository/Utils/Page_Qun l kha hc v danh mc kha hc/a_To kha hc mi")): Object: 'Object Repository/Utils/Page_Qun l kha hc v danh mc kha hc/a_To kha hc mi' is clicked on

2022-01-17 17:07:21 - [MESSAGE][INFO] - Unable to find the element located by 'By.xpath: //div[@id='yui_3_17_2_1_1641906891631_57']/div/div/a'. Please recheck the objects properties to make sure the desired element is located. 

2022-01-17 17:07:21 - [MESSAGE][WARNING] - [SELF-HEALING] Failed to find element with id 'Object Repository/Utils/Page_Qun l kha hc v danh mc kha hc/a_To kha hc mi'. Try using Self-healing.

2022-01-17 17:07:22 - [MESSAGE][WARNING] - [SELF-HEALING] The current locator of test object 'Object Repository/Utils/Page_Qun l kha hc v danh mc kha hc/a_To kha hc mi' was broken. Propose an alternative one: '//a[contains(text(),'Tạo khóa học mới')]'.

2022-01-17 17:07:23 - [MESSAGE][PASSED] - Object: 'Object Repository/Utils/Page_Qun l kha hc v danh mc kha hc/a_To kha hc mi' is clicked on

2022-01-17 17:07:23 - [TEST_STEP][PASSED] - setText(findTestObject("Object Repository/Utils/Page_Moodle Thm kho hc mi/input_Tn y_fullname"), "Nhập môn Công nghệ phần mềm"): Text 'Nhập môn Công nghệ phần mềm' is set on object 'Object Repository/Utils/Page_Moodle Thm kho hc mi/input_Tn y_fullname'

2022-01-17 17:07:24 - [MESSAGE][PASSED] - Text 'Nhập môn Công nghệ phần mềm' is set on object 'Object Repository/Utils/Page_Moodle Thm kho hc mi/input_Tn y_fullname'

2022-01-17 17:07:24 - [TEST_STEP][PASSED] - setText(findTestObject("Object Repository/Utils/Page_Moodle Thm kho hc mi/input_Tn rt gn ca kho hc_shortname"), "CNPM"): Text 'CNPM' is set on object 'Object Repository/Utils/Page_Moodle Thm kho hc mi/input_Tn rt gn ca kho hc_shortname'

2022-01-17 17:07:25 - [MESSAGE][PASSED] - Text 'CNPM' is set on object 'Object Repository/Utils/Page_Moodle Thm kho hc mi/input_Tn rt gn ca kho hc_shortname'

2022-01-17 17:07:25 - [TEST_STEP][PASSED] - click(findTestObject("Object Repository/Utils/Page_Moodle Thm kho hc mi/input__saveanddisplay")): Object: 'Object Repository/Utils/Page_Moodle Thm kho hc mi/input__saveanddisplay' is clicked on

2022-01-17 17:07:27 - [MESSAGE][PASSED] - Object: 'Object Repository/Utils/Page_Moodle Thm kho hc mi/input__saveanddisplay' is clicked on

2022-01-17 17:07:27 - [TEST_STEP][FAILED] - click(findTestObject("Object Repository/Utils/Page_CNPM Danh sch thnh vin/input_Danh sch thnh vin_btn btn-secondary my-1")): Unable to click on object 'Object Repository/Utils/Page_CNPM Danh sch thnh vin/input_Danh sch thnh vin_btn btn-secondary my-1' (Root cause: com.kms.katalon.core.exception.StepFailedException: Unable to click on object 'Object Repository/Utils/Page_CNPM Danh sch thnh vin/input_Danh sch thnh vin_btn btn-secondary my-1'
	at com.kms.katalon.core.webui.keyword.internal.WebUIKeywordMain.stepFailed(WebUIKeywordMain.groovy:64)
	at com.kms.katalon.core.webui.keyword.internal.WebUIKeywordMain.runKeyword(WebUIKeywordMain.groovy:26)
	at com.kms.katalon.core.webui.keyword.builtin.ClickKeyword.click(ClickKeyword.groovy:74)
	at com.kms.katalon.core.webui.keyword.builtin.ClickKeyword.execute(ClickKeyword.groovy:40)
	at com.kms.katalon.core.keyword.internal.KeywordExecutor.executeKeywordForPlatform(KeywordExecutor.groovy:74)
	at com.kms.katalon.core.webui.keyword.WebUiBuiltInKeywords.click(WebUiBuiltInKeywords.groovy:620)
	at com.kms.katalon.core.webui.keyword.WebUiBuiltInKeywords$click$1.call(Unknown Source)
	at Create course CNPM.run(Create course CNPM:36)
	at com.kms.katalon.core.main.ScriptEngine.run(ScriptEngine.java:194)
	at com.kms.katalon.core.main.ScriptEngine.runScriptAsRawText(ScriptEngine.java:119)
	at com.kms.katalon.core.main.TestCaseExecutor.runScript(TestCaseExecutor.java:442)
	at com.kms.katalon.core.main.TestCaseExecutor.doExecute(TestCaseExecutor.java:433)
	at com.kms.katalon.core.main.TestCaseExecutor.processExecutionPhase(TestCaseExecutor.java:412)
	at com.kms.katalon.core.main.TestCaseExecutor.accessMainPhase(TestCaseExecutor.java:404)
	at com.kms.katalon.core.main.TestCaseExecutor.execute(TestCaseExecutor.java:281)
	at com.kms.katalon.core.main.TestCaseMain.runTestCase(TestCaseMain.java:138)
	at com.kms.katalon.core.keyword.builtin.CallTestCaseKeyword$_callTestCase_closure1.doCall(CallTestCaseKeyword.groovy:59)
	at com.kms.katalon.core.keyword.builtin.CallTestCaseKeyword$_callTestCase_closure1.call(CallTestCaseKeyword.groovy)
	at com.kms.katalon.core.keyword.internal.KeywordMain.runKeyword(KeywordMain.groovy:74)
	at com.kms.katalon.core.keyword.builtin.CallTestCaseKeyword.callTestCase(CallTestCaseKeyword.groovy:81)
	at com.kms.katalon.core.keyword.builtin.CallTestCaseKeyword.execute(CallTestCaseKeyword.groovy:44)
	at com.kms.katalon.core.keyword.internal.KeywordExecutor.executeKeywordForPlatform(KeywordExecutor.groovy:74)
	at com.kms.katalon.core.keyword.BuiltinKeywords.callTestCase(BuiltinKeywords.groovy:334)
	at View grader report site.run(View grader report site:24)
	at com.kms.katalon.core.main.ScriptEngine.run(ScriptEngine.java:194)
	at com.kms.katalon.core.main.ScriptEngine.runScriptAsRawText(ScriptEngine.java:119)
	at com.kms.katalon.core.main.TestCaseExecutor.runScript(TestCaseExecutor.java:442)
	at com.kms.katalon.core.main.TestCaseExecutor.doExecute(TestCaseExecutor.java:433)
	at com.kms.katalon.core.main.TestCaseExecutor.processExecutionPhase(TestCaseExecutor.java:412)
	at com.kms.katalon.core.main.TestCaseExecutor.accessMainPhase(TestCaseExecutor.java:404)
	at com.kms.katalon.core.main.TestCaseExecutor.execute(TestCaseExecutor.java:281)
	at com.kms.katalon.core.main.TestCaseExecutor.execute(TestCaseExecutor.java:363)
	at com.kms.katalon.core.main.TestCaseExecutor.execute(TestCaseExecutor.java:363)
	at com.kms.katalon.core.main.TestCaseExecutor.execute(TestCaseExecutor.java:363)
	at com.kms.katalon.core.main.TestSuiteExecutor.accessTestCaseMainPhase(TestSuiteExecutor.java:202)
	at com.kms.katalon.core.main.TestSuiteExecutor.accessTestSuiteMainPhase(TestSuiteExecutor.java:164)
	at com.kms.katalon.core.main.TestSuiteExecutor.execute(TestSuiteExecutor.java:105)
	at com.kms.katalon.core.main.TestCaseMain.startTestSuite(TestCaseMain.java:181)
	at com.kms.katalon.core.main.TestCaseMain$startTestSuite$0.call(Unknown Source)
	at TempTestSuite1642408138931.run(TempTestSuite1642408138931.groovy:36)
Caused by: com.kms.katalon.core.webui.exception.WebElementNotFoundException: Web element with id: 'Object Repository/Utils/Page_CNPM Danh sch thnh vin/input_Danh sch thnh vin_btn btn-secondary my-1' located by '//input[@value='Ghi danh người dùng']' not found
	at com.kms.katalon.core.webui.common.WebUiCommonHelper.findWebElement(WebUiCommonHelper.java:1368)
	at com.kms.katalon.core.webui.keyword.internal.WebUIAbstractKeyword.findWebElement(WebUIAbstractKeyword.groovy:27)
	at com.kms.katalon.core.webui.keyword.builtin.ClickKeyword$_click_closure1.doCall(ClickKeyword.groovy:65)
	at com.kms.katalon.core.webui.keyword.builtin.ClickKeyword$_click_closure1.call(ClickKeyword.groovy)
	at com.kms.katalon.core.webui.keyword.internal.WebUIKeywordMain.runKeyword(WebUIKeywordMain.groovy:20)
	at com.kms.katalon.core.webui.keyword.builtin.ClickKeyword.click(ClickKeyword.groovy:74)
	at com.kms.katalon.core.webui.keyword.builtin.ClickKeyword.execute(ClickKeyword.groovy:40)
	at com.kms.katalon.core.keyword.internal.KeywordExecutor.executeKeywordForPlatform(KeywordExecutor.groovy:74)
	at com.kms.katalon.core.webui.keyword.WebUiBuiltInKeywords.click(WebUiBuiltInKeywords.groovy:620)
	at com.kms.katalon.core.webui.keyword.WebUiBuiltInKeywords$click$1.call(Unknown Source)
	at Script1641906761787.run(Script1641906761787.groovy:36)
	at com.kms.katalon.core.main.ScriptEngine.run(ScriptEngine.java:194)
	at com.kms.katalon.core.main.ScriptEngine.runScriptAsRawText(ScriptEngine.java:119)
	at com.kms.katalon.core.main.TestCaseExecutor.runScript(TestCaseExecutor.java:442)
	at com.kms.katalon.core.main.TestCaseExecutor.doExecute(TestCaseExecutor.java:433)
	at com.kms.katalon.core.main.TestCaseExecutor.processExecutionPhase(TestCaseExecutor.java:412)
	at com.kms.katalon.core.main.TestCaseExecutor.accessMainPhase(TestCaseExecutor.java:404)
	at com.kms.katalon.core.main.TestCaseExecutor.execute(TestCaseExecutor.java:281)
	at com.kms.katalon.core.main.TestCaseMain.runTestCase(TestCaseMain.java:138)
	at com.kms.katalon.core.keyword.builtin.CallTestCaseKeyword$_callTestCase_closure1.doCall(CallTestCaseKeyword.groovy:59)
	at com.kms.katalon.core.keyword.builtin.CallTestCaseKeyword$_callTestCase_closure1.call(CallTestCaseKeyword.groovy)
	at com.kms.katalon.core.keyword.internal.KeywordMain.runKeyword(KeywordMain.groovy:74)
	at com.kms.katalon.core.keyword.builtin.CallTestCaseKeyword.callTestCase(CallTestCaseKeyword.groovy:81)
	at com.kms.katalon.core.keyword.builtin.CallTestCaseKeyword.execute(CallTestCaseKeyword.groovy:44)
	at com.kms.katalon.core.keyword.internal.KeywordExecutor.executeKeywordForPlatform(KeywordExecutor.groovy:74)
	at com.kms.katalon.core.keyword.BuiltinKeywords.callTestCase(BuiltinKeywords.groovy:334)
	at Script1641912734358.run(Script1641912734358.groovy:24)
	... 16 more
)

2022-01-17 17:07:33 - [MESSAGE][INFO] - Unable to find the element located by 'By.xpath: //input[@value='Ghi danh người dùng']'. Please recheck the objects properties to make sure the desired element is located. 

2022-01-17 17:07:33 - [MESSAGE][WARNING] - [SELF-HEALING] Failed to find element with id 'Object Repository/Utils/Page_CNPM Danh sch thnh vin/input_Danh sch thnh vin_btn btn-secondary my-1'. Try using Self-healing.

2022-01-17 17:07:33 - [MESSAGE][INFO] - [SELF-HEALING] Failed Locator: '//input[@value='Ghi danh người dùng']'.

2022-01-17 17:07:34 - [MESSAGE][INFO] - [SELF-HEALING] Failed Locator: '//form[@id='enrolusersbutton-1']/div/input'.

2022-01-17 17:07:34 - [MESSAGE][INFO] - [SELF-HEALING] Working Locator: '//input'.

2022-01-17 17:07:34 - [MESSAGE][ERROR] - [SELF-HEALING] Cannot save screenshot to: D:\Cong-Binh Le\xampp\htdocs\moodle\Test Automation - SE Bonus\Reports\Self-healing, reason: unknown error: unhandled inspector error: {"code":-32000,"message":"Cannot take screenshot with 0 width."}
  (Session info: chrome=97.0.4692.71)
Build info: version: '3.141.59', revision: 'e82be7d358', time: '2018-11-14T08:25:53'
System info: host: 'DESKTOP-G2F0VIE', ip: '192.168.1.9', os.name: 'Windows 10', os.arch: 'amd64', os.version: '10.0', java.version: '1.8.0_282'
Driver info: com.kms.katalon.selenium.driver.CChromeDriver
Capabilities {acceptInsecureCerts: false, browserName: chrome, browserVersion: 97.0.4692.71, chrome: {chromedriverVersion: 97.0.4692.71 (adefa7837d02a..., userDataDir: C:\Users\banh\AppData\Local...}, goog:chromeOptions: {debuggerAddress: localhost:50259}, javascriptEnabled: true, networkConnectionEnabled: false, pageLoadStrategy: normal, platform: WINDOWS, platformName: WINDOWS, proxy: Proxy(), setWindowRect: true, strictFileInteractability: false, timeouts: {implicit: 0, pageLoad: 300000, script: 30000}, unhandledPromptBehavior: dismiss and notify, webauthn:extension:credBlob: true, webauthn:extension:largeBlob: true, webauthn:virtualAuthenticators: true}
Session ID: 57804278e823bffcf3f3fcdf634638ff.

2022-01-17 17:07:34 - [MESSAGE][ERROR] - [SELF-HEALING] Cannot save screenshot to: D:\Cong-Binh Le\xampp\htdocs\moodle\Test Automation - SE Bonus\Reports\Self-healing, reason: unknown error: unhandled inspector error: {"code":-32000,"message":"Cannot take screenshot with 0 width."}
  (Session info: chrome=97.0.4692.71)
Build info: version: '3.141.59', revision: 'e82be7d358', time: '2018-11-14T08:25:53'
System info: host: 'DESKTOP-G2F0VIE', ip: '192.168.1.9', os.name: 'Windows 10', os.arch: 'amd64', os.version: '10.0', java.version: '1.8.0_282'
Driver info: com.kms.katalon.selenium.driver.CChromeDriver
Capabilities {acceptInsecureCerts: false, browserName: chrome, browserVersion: 97.0.4692.71, chrome: {chromedriverVersion: 97.0.4692.71 (adefa7837d02a..., userDataDir: C:\Users\banh\AppData\Local...}, goog:chromeOptions: {debuggerAddress: localhost:50259}, javascriptEnabled: true, networkConnectionEnabled: false, pageLoadStrategy: normal, platform: WINDOWS, platformName: WINDOWS, proxy: Proxy(), setWindowRect: true, strictFileInteractability: false, timeouts: {implicit: 0, pageLoad: 300000, script: 30000}, unhandledPromptBehavior: dismiss and notify, webauthn:extension:credBlob: true, webauthn:extension:largeBlob: true, webauthn:virtualAuthenticators: true}
Session ID: 57804278e823bffcf3f3fcdf634638ff.

2022-01-17 17:07:34 - [MESSAGE][WARNING] - [SELF-HEALING] 'other' is different type of Path

2022-01-17 17:07:34 - [MESSAGE][ERROR] - [SELF-HEALING] Cannot save screenshot to: D:\Cong-Binh Le\xampp\htdocs\moodle\Test Automation - SE Bonus\Reports\Self-healing, reason: unknown error: unhandled inspector error: {"code":-32000,"message":"Cannot take screenshot with 0 width."}
  (Session info: chrome=97.0.4692.71)
Build info: version: '3.141.59', revision: 'e82be7d358', time: '2018-11-14T08:25:53'
System info: host: 'DESKTOP-G2F0VIE', ip: '192.168.1.9', os.name: 'Windows 10', os.arch: 'amd64', os.version: '10.0', java.version: '1.8.0_282'
Driver info: com.kms.katalon.selenium.driver.CChromeDriver
Capabilities {acceptInsecureCerts: false, browserName: chrome, browserVersion: 97.0.4692.71, chrome: {chromedriverVersion: 97.0.4692.71 (adefa7837d02a..., userDataDir: C:\Users\banh\AppData\Local...}, goog:chromeOptions: {debuggerAddress: localhost:50259}, javascriptEnabled: true, networkConnectionEnabled: false, pageLoadStrategy: normal, platform: WINDOWS, platformName: WINDOWS, proxy: Proxy(), setWindowRect: true, strictFileInteractability: false, timeouts: {implicit: 0, pageLoad: 300000, script: 30000}, unhandledPromptBehavior: dismiss and notify, webauthn:extension:credBlob: true, webauthn:extension:largeBlob: true, webauthn:virtualAuthenticators: true}
Session ID: 57804278e823bffcf3f3fcdf634638ff.

2022-01-17 17:07:34 - [MESSAGE][WARNING] - [SELF-HEALING] 'other' is different type of Path

2022-01-17 17:07:36 - [MESSAGE][INFO] - Unable to find the element located by 'By.cssSelector: input.btn.btn-secondary.my-1'. Please recheck the objects properties to make sure the desired element is located. 

2022-01-17 17:07:36 - [MESSAGE][FAILED] - Unable to click on object 'Object Repository/Utils/Page_CNPM Danh sch thnh vin/input_Danh sch thnh vin_btn btn-secondary my-1' (Root cause: com.kms.katalon.core.exception.StepFailedException: Unable to click on object 'Object Repository/Utils/Page_CNPM Danh sch thnh vin/input_Danh sch thnh vin_btn btn-secondary my-1'
	at com.kms.katalon.core.webui.keyword.internal.WebUIKeywordMain.stepFailed(WebUIKeywordMain.groovy:64)
	at com.kms.katalon.core.webui.keyword.internal.WebUIKeywordMain.runKeyword(WebUIKeywordMain.groovy:26)
	at com.kms.katalon.core.webui.keyword.builtin.ClickKeyword.click(ClickKeyword.groovy:74)
	at com.kms.katalon.core.webui.keyword.builtin.ClickKeyword.execute(ClickKeyword.groovy:40)
	at com.kms.katalon.core.keyword.internal.KeywordExecutor.executeKeywordForPlatform(KeywordExecutor.groovy:74)
	at com.kms.katalon.core.webui.keyword.WebUiBuiltInKeywords.click(WebUiBuiltInKeywords.groovy:620)
	at com.kms.katalon.core.webui.keyword.WebUiBuiltInKeywords$click$1.call(Unknown Source)
	at Create course CNPM.run(Create course CNPM:36)
	at com.kms.katalon.core.main.ScriptEngine.run(ScriptEngine.java:194)
	at com.kms.katalon.core.main.ScriptEngine.runScriptAsRawText(ScriptEngine.java:119)
	at com.kms.katalon.core.main.TestCaseExecutor.runScript(TestCaseExecutor.java:442)
	at com.kms.katalon.core.main.TestCaseExecutor.doExecute(TestCaseExecutor.java:433)
	at com.kms.katalon.core.main.TestCaseExecutor.processExecutionPhase(TestCaseExecutor.java:412)
	at com.kms.katalon.core.main.TestCaseExecutor.accessMainPhase(TestCaseExecutor.java:404)
	at com.kms.katalon.core.main.TestCaseExecutor.execute(TestCaseExecutor.java:281)
	at com.kms.katalon.core.main.TestCaseMain.runTestCase(TestCaseMain.java:138)
	at com.kms.katalon.core.keyword.builtin.CallTestCaseKeyword$_callTestCase_closure1.doCall(CallTestCaseKeyword.groovy:59)
	at com.kms.katalon.core.keyword.builtin.CallTestCaseKeyword$_callTestCase_closure1.call(CallTestCaseKeyword.groovy)
	at com.kms.katalon.core.keyword.internal.KeywordMain.runKeyword(KeywordMain.groovy:74)
	at com.kms.katalon.core.keyword.builtin.CallTestCaseKeyword.callTestCase(CallTestCaseKeyword.groovy:81)
	at com.kms.katalon.core.keyword.builtin.CallTestCaseKeyword.execute(CallTestCaseKeyword.groovy:44)
	at com.kms.katalon.core.keyword.internal.KeywordExecutor.executeKeywordForPlatform(KeywordExecutor.groovy:74)
	at com.kms.katalon.core.keyword.BuiltinKeywords.callTestCase(BuiltinKeywords.groovy:334)
	at View grader report site.run(View grader report site:24)
	at com.kms.katalon.core.main.ScriptEngine.run(ScriptEngine.java:194)
	at com.kms.katalon.core.main.ScriptEngine.runScriptAsRawText(ScriptEngine.java:119)
	at com.kms.katalon.core.main.TestCaseExecutor.runScript(TestCaseExecutor.java:442)
	at com.kms.katalon.core.main.TestCaseExecutor.doExecute(TestCaseExecutor.java:433)
	at com.kms.katalon.core.main.TestCaseExecutor.processExecutionPhase(TestCaseExecutor.java:412)
	at com.kms.katalon.core.main.TestCaseExecutor.accessMainPhase(TestCaseExecutor.java:404)
	at com.kms.katalon.core.main.TestCaseExecutor.execute(TestCaseExecutor.java:281)
	at com.kms.katalon.core.main.TestCaseExecutor.execute(TestCaseExecutor.java:363)
	at com.kms.katalon.core.main.TestCaseExecutor.execute(TestCaseExecutor.java:363)
	at com.kms.katalon.core.main.TestCaseExecutor.execute(TestCaseExecutor.java:363)
	at com.kms.katalon.core.main.TestSuiteExecutor.accessTestCaseMainPhase(TestSuiteExecutor.java:202)
	at com.kms.katalon.core.main.TestSuiteExecutor.accessTestSuiteMainPhase(TestSuiteExecutor.java:164)
	at com.kms.katalon.core.main.TestSuiteExecutor.execute(TestSuiteExecutor.java:105)
	at com.kms.katalon.core.main.TestCaseMain.startTestSuite(TestCaseMain.java:181)
	at com.kms.katalon.core.main.TestCaseMain$startTestSuite$0.call(Unknown Source)
	at TempTestSuite1642408138931.run(TempTestSuite1642408138931.groovy:36)
Caused by: com.kms.katalon.core.webui.exception.WebElementNotFoundException: Web element with id: 'Object Repository/Utils/Page_CNPM Danh sch thnh vin/input_Danh sch thnh vin_btn btn-secondary my-1' located by '//input[@value='Ghi danh người dùng']' not found
	at com.kms.katalon.core.webui.common.WebUiCommonHelper.findWebElement(WebUiCommonHelper.java:1368)
	at com.kms.katalon.core.webui.keyword.internal.WebUIAbstractKeyword.findWebElement(WebUIAbstractKeyword.groovy:27)
	at com.kms.katalon.core.webui.keyword.builtin.ClickKeyword$_click_closure1.doCall(ClickKeyword.groovy:65)
	at com.kms.katalon.core.webui.keyword.builtin.ClickKeyword$_click_closure1.call(ClickKeyword.groovy)
	at com.kms.katalon.core.webui.keyword.internal.WebUIKeywordMain.runKeyword(WebUIKeywordMain.groovy:20)
	at com.kms.katalon.core.webui.keyword.builtin.ClickKeyword.click(ClickKeyword.groovy:74)
	at com.kms.katalon.core.webui.keyword.builtin.ClickKeyword.execute(ClickKeyword.groovy:40)
	at com.kms.katalon.core.keyword.internal.KeywordExecutor.executeKeywordForPlatform(KeywordExecutor.groovy:74)
	at com.kms.katalon.core.webui.keyword.WebUiBuiltInKeywords.click(WebUiBuiltInKeywords.groovy:620)
	at com.kms.katalon.core.webui.keyword.WebUiBuiltInKeywords$click$1.call(Unknown Source)
	at Script1641906761787.run(Script1641906761787.groovy:36)
	at com.kms.katalon.core.main.ScriptEngine.run(ScriptEngine.java:194)
	at com.kms.katalon.core.main.ScriptEngine.runScriptAsRawText(ScriptEngine.java:119)
	at com.kms.katalon.core.main.TestCaseExecutor.runScript(TestCaseExecutor.java:442)
	at com.kms.katalon.core.main.TestCaseExecutor.doExecute(TestCaseExecutor.java:433)
	at com.kms.katalon.core.main.TestCaseExecutor.processExecutionPhase(TestCaseExecutor.java:412)
	at com.kms.katalon.core.main.TestCaseExecutor.accessMainPhase(TestCaseExecutor.java:404)
	at com.kms.katalon.core.main.TestCaseExecutor.execute(TestCaseExecutor.java:281)
	at com.kms.katalon.core.main.TestCaseMain.runTestCase(TestCaseMain.java:138)
	at com.kms.katalon.core.keyword.builtin.CallTestCaseKeyword$_callTestCase_closure1.doCall(CallTestCaseKeyword.groovy:59)
	at com.kms.katalon.core.keyword.builtin.CallTestCaseKeyword$_callTestCase_closure1.call(CallTestCaseKeyword.groovy)
	at com.kms.katalon.core.keyword.internal.KeywordMain.runKeyword(KeywordMain.groovy:74)
	at com.kms.katalon.core.keyword.builtin.CallTestCaseKeyword.callTestCase(CallTestCaseKeyword.groovy:81)
	at com.kms.katalon.core.keyword.builtin.CallTestCaseKeyword.execute(CallTestCaseKeyword.groovy:44)
	at com.kms.katalon.core.keyword.internal.KeywordExecutor.executeKeywordForPlatform(KeywordExecutor.groovy:74)
	at com.kms.katalon.core.keyword.BuiltinKeywords.callTestCase(BuiltinKeywords.groovy:334)
	at Script1641912734358.run(Script1641912734358.groovy:24)
	... 16 more
)
[[ATTACHMENT|D:\\Cong-Binh Le\\xampp\\htdocs\\moodle\\Test Automation - SE Bonus\\Reports\\20220117_152858\\Run All Test Cases\\20220117_152858\\1642414056188.png]]

2022-01-17 17:07:36 - [MESSAGE][INFO] - 

2022-01-17 17:07:36 - [MESSAGE][INFO] - ===================== Self-healing Report ====================

2022-01-17 17:07:36 - [MESSAGE][INFO] - One of the failed test object locators has been recovered by Self-healing. Please refer to the Self-healing Insights tab for more details.

2022-01-17 17:07:36 - [MESSAGE][INFO] - To learn more about Self-healing, please read https://docs.katalon.com/katalon-studio/docs/self-healing.html

2022-01-17 17:07:36 - [MESSAGE][INFO] - ==============================================================

2022-01-17 17:07:36 - [MESSAGE][FAILED] - Unable to call Test Case 'Test Cases/Utils/Create course CNPM' (Root cause: com.kms.katalon.core.exception.StepFailedException: Call Test Case 'Test Cases/Utils/Create course CNPM' failed
	at com.kms.katalon.core.keyword.builtin.CallTestCaseKeyword$_callTestCase_closure1.doCall(CallTestCaseKeyword.groovy:63)
	at com.kms.katalon.core.keyword.builtin.CallTestCaseKeyword$_callTestCase_closure1.call(CallTestCaseKeyword.groovy)
	at com.kms.katalon.core.keyword.internal.KeywordMain.runKeyword(KeywordMain.groovy:74)
	at com.kms.katalon.core.keyword.builtin.CallTestCaseKeyword.callTestCase(CallTestCaseKeyword.groovy:81)
	at com.kms.katalon.core.keyword.builtin.CallTestCaseKeyword.execute(CallTestCaseKeyword.groovy:44)
	at com.kms.katalon.core.keyword.internal.KeywordExecutor.executeKeywordForPlatform(KeywordExecutor.groovy:74)
	at com.kms.katalon.core.keyword.BuiltinKeywords.callTestCase(BuiltinKeywords.groovy:334)
	at View grader report site.run(View grader report site:24)
	at com.kms.katalon.core.main.ScriptEngine.run(ScriptEngine.java:194)
	at com.kms.katalon.core.main.ScriptEngine.runScriptAsRawText(ScriptEngine.java:119)
	at com.kms.katalon.core.main.TestCaseExecutor.runScript(TestCaseExecutor.java:442)
	at com.kms.katalon.core.main.TestCaseExecutor.doExecute(TestCaseExecutor.java:433)
	at com.kms.katalon.core.main.TestCaseExecutor.processExecutionPhase(TestCaseExecutor.java:412)
	at com.kms.katalon.core.main.TestCaseExecutor.accessMainPhase(TestCaseExecutor.java:404)
	at com.kms.katalon.core.main.TestCaseExecutor.execute(TestCaseExecutor.java:281)
	at com.kms.katalon.core.main.TestCaseExecutor.execute(TestCaseExecutor.java:363)
	at com.kms.katalon.core.main.TestCaseExecutor.execute(TestCaseExecutor.java:363)
	at com.kms.katalon.core.main.TestCaseExecutor.execute(TestCaseExecutor.java:363)
	at com.kms.katalon.core.main.TestSuiteExecutor.accessTestCaseMainPhase(TestSuiteExecutor.java:202)
	at com.kms.katalon.core.main.TestSuiteExecutor.accessTestSuiteMainPhase(TestSuiteExecutor.java:164)
	at com.kms.katalon.core.main.TestSuiteExecutor.execute(TestSuiteExecutor.java:105)
	at com.kms.katalon.core.main.TestCaseMain.startTestSuite(TestCaseMain.java:181)
	at com.kms.katalon.core.main.TestCaseMain$startTestSuite$0.call(Unknown Source)
	at TempTestSuite1642408138931.run(TempTestSuite1642408138931.groovy:36)
Caused by: com.kms.katalon.core.exception.StepFailedException: Unable to click on object 'Object Repository/Utils/Page_CNPM Danh sch thnh vin/input_Danh sch thnh vin_btn btn-secondary my-1'
	at com.kms.katalon.core.webui.keyword.internal.WebUIKeywordMain.stepFailed(WebUIKeywordMain.groovy:64)
	at com.kms.katalon.core.webui.keyword.internal.WebUIKeywordMain.runKeyword(WebUIKeywordMain.groovy:26)
	at com.kms.katalon.core.webui.keyword.builtin.ClickKeyword.click(ClickKeyword.groovy:74)
	at com.kms.katalon.core.webui.keyword.builtin.ClickKeyword.execute(ClickKeyword.groovy:40)
	at com.kms.katalon.core.keyword.internal.KeywordExecutor.executeKeywordForPlatform(KeywordExecutor.groovy:74)
	at com.kms.katalon.core.webui.keyword.WebUiBuiltInKeywords.click(WebUiBuiltInKeywords.groovy:620)
	at com.kms.katalon.core.webui.keyword.WebUiBuiltInKeywords$click$1.call(Unknown Source)
	at Create course CNPM.run(Create course CNPM:36)
	at com.kms.katalon.core.main.ScriptEngine.run(ScriptEngine.java:194)
	at com.kms.katalon.core.main.ScriptEngine.runScriptAsRawText(ScriptEngine.java:119)
	at com.kms.katalon.core.main.TestCaseExecutor.runScript(TestCaseExecutor.java:442)
	at com.kms.katalon.core.main.TestCaseExecutor.doExecute(TestCaseExecutor.java:433)
	at com.kms.katalon.core.main.TestCaseExecutor.processExecutionPhase(TestCaseExecutor.java:412)
	at com.kms.katalon.core.main.TestCaseExecutor.accessMainPhase(TestCaseExecutor.java:404)
	at com.kms.katalon.core.main.TestCaseExecutor.execute(TestCaseExecutor.java:281)
	at com.kms.katalon.core.main.TestCaseMain.runTestCase(TestCaseMain.java:138)
	at com.kms.katalon.core.keyword.builtin.CallTestCaseKeyword$_callTestCase_closure1.doCall(CallTestCaseKeyword.groovy:59)
	... 23 more
Caused by: com.kms.katalon.core.webui.exception.WebElementNotFoundException: Web element with id: 'Object Repository/Utils/Page_CNPM Danh sch thnh vin/input_Danh sch thnh vin_btn btn-secondary my-1' located by '//input[@value='Ghi danh người dùng']' not found
	at com.kms.katalon.core.webui.common.WebUiCommonHelper.findWebElement(WebUiCommonHelper.java:1368)
	at com.kms.katalon.core.webui.keyword.internal.WebUIAbstractKeyword.findWebElement(WebUIAbstractKeyword.groovy:27)
	at com.kms.katalon.core.webui.keyword.builtin.ClickKeyword$_click_closure1.doCall(ClickKeyword.groovy:65)
	at com.kms.katalon.core.webui.keyword.builtin.ClickKeyword$_click_closure1.call(ClickKeyword.groovy)
	at com.kms.katalon.core.webui.keyword.internal.WebUIKeywordMain.runKeyword(WebUIKeywordMain.groovy:20)
	... 38 more
)]]></system-out>
         <system-err><![CDATA[2022-01-17 17:07:03 - [TEST_CASE][FAILED] - Test Cases/View course grade/View grader report site: Test Cases/View course grade/View grader report site FAILED.
Reason:
com.kms.katalon.core.exception.StepFailedException: Call Test Case 'Test Cases/Utils/Create course CNPM' failed
	at com.kms.katalon.core.keyword.builtin.CallTestCaseKeyword$_callTestCase_closure1.doCall(CallTestCaseKeyword.groovy:63)
	at com.kms.katalon.core.keyword.builtin.CallTestCaseKeyword$_callTestCase_closure1.call(CallTestCaseKeyword.groovy)
	at com.kms.katalon.core.keyword.internal.KeywordMain.runKeyword(KeywordMain.groovy:74)
	at com.kms.katalon.core.keyword.builtin.CallTestCaseKeyword.callTestCase(CallTestCaseKeyword.groovy:81)
	at com.kms.katalon.core.keyword.builtin.CallTestCaseKeyword.execute(CallTestCaseKeyword.groovy:44)
	at com.kms.katalon.core.keyword.internal.KeywordExecutor.executeKeywordForPlatform(KeywordExecutor.groovy:74)
	at com.kms.katalon.core.keyword.BuiltinKeywords.callTestCase(BuiltinKeywords.groovy:334)
	at View grader report site.run(View grader report site:24)
	at com.kms.katalon.core.main.ScriptEngine.run(ScriptEngine.java:194)
	at com.kms.katalon.core.main.ScriptEngine.runScriptAsRawText(ScriptEngine.java:119)
	at com.kms.katalon.core.main.TestCaseExecutor.runScript(TestCaseExecutor.java:442)
	at com.kms.katalon.core.main.TestCaseExecutor.doExecute(TestCaseExecutor.java:433)
	at com.kms.katalon.core.main.TestCaseExecutor.processExecutionPhase(TestCaseExecutor.java:412)
	at com.kms.katalon.core.main.TestCaseExecutor.accessMainPhase(TestCaseExecutor.java:404)
	at com.kms.katalon.core.main.TestCaseExecutor.execute(TestCaseExecutor.java:281)
	at com.kms.katalon.core.main.TestCaseExecutor.execute(TestCaseExecutor.java:363)
	at com.kms.katalon.core.main.TestCaseExecutor.execute(TestCaseExecutor.java:363)
	at com.kms.katalon.core.main.TestCaseExecutor.execute(TestCaseExecutor.java:363)
	at com.kms.katalon.core.main.TestSuiteExecutor.accessTestCaseMainPhase(TestSuiteExecutor.java:202)
	at com.kms.katalon.core.main.TestSuiteExecutor.accessTestSuiteMainPhase(TestSuiteExecutor.java:164)
	at com.kms.katalon.core.main.TestSuiteExecutor.execute(TestSuiteExecutor.java:105)
	at com.kms.katalon.core.main.TestCaseMain.startTestSuite(TestCaseMain.java:181)
	at com.kms.katalon.core.main.TestCaseMain$startTestSuite$0.call(Unknown Source)
	at TempTestSuite1642408138931.run(TempTestSuite1642408138931.groovy:36)
Caused by: com.kms.katalon.core.exception.StepFailedException: Unable to click on object 'Object Repository/Utils/Page_CNPM Danh sch thnh vin/input_Danh sch thnh vin_btn btn-secondary my-1'
	at com.kms.katalon.core.webui.keyword.internal.WebUIKeywordMain.stepFailed(WebUIKeywordMain.groovy:64)
	at com.kms.katalon.core.webui.keyword.internal.WebUIKeywordMain.runKeyword(WebUIKeywordMain.groovy:26)
	at com.kms.katalon.core.webui.keyword.builtin.ClickKeyword.click(ClickKeyword.groovy:74)
	at com.kms.katalon.core.webui.keyword.builtin.ClickKeyword.execute(ClickKeyword.groovy:40)
	at com.kms.katalon.core.keyword.internal.KeywordExecutor.executeKeywordForPlatform(KeywordExecutor.groovy:74)
	at com.kms.katalon.core.webui.keyword.WebUiBuiltInKeywords.click(WebUiBuiltInKeywords.groovy:620)
	at com.kms.katalon.core.webui.keyword.WebUiBuiltInKeywords$click$1.call(Unknown Source)
	at Create course CNPM.run(Create course CNPM:36)
	at com.kms.katalon.core.main.ScriptEngine.run(ScriptEngine.java:194)
	at com.kms.katalon.core.main.ScriptEngine.runScriptAsRawText(ScriptEngine.java:119)
	at com.kms.katalon.core.main.TestCaseExecutor.runScript(TestCaseExecutor.java:442)
	at com.kms.katalon.core.main.TestCaseExecutor.doExecute(TestCaseExecutor.java:433)
	at com.kms.katalon.core.main.TestCaseExecutor.processExecutionPhase(TestCaseExecutor.java:412)
	at com.kms.katalon.core.main.TestCaseExecutor.accessMainPhase(TestCaseExecutor.java:404)
	at com.kms.katalon.core.main.TestCaseExecutor.execute(TestCaseExecutor.java:281)
	at com.kms.katalon.core.main.TestCaseMain.runTestCase(TestCaseMain.java:138)
	at com.kms.katalon.core.keyword.builtin.CallTestCaseKeyword$_callTestCase_closure1.doCall(CallTestCaseKeyword.groovy:59)
	... 23 more
Caused by: com.kms.katalon.core.webui.exception.WebElementNotFoundException: Web element with id: 'Object Repository/Utils/Page_CNPM Danh sch thnh vin/input_Danh sch thnh vin_btn btn-secondary my-1' located by '//input[@value='Ghi danh người dùng']' not found
	at com.kms.katalon.core.webui.common.WebUiCommonHelper.findWebElement(WebUiCommonHelper.java:1368)
	at com.kms.katalon.core.webui.keyword.internal.WebUIAbstractKeyword.findWebElement(WebUIAbstractKeyword.groovy:27)
	at com.kms.katalon.core.webui.keyword.builtin.ClickKeyword$_click_closure1.doCall(ClickKeyword.groovy:65)
	at com.kms.katalon.core.webui.keyword.builtin.ClickKeyword$_click_closure1.call(ClickKeyword.groovy)
	at com.kms.katalon.core.webui.keyword.internal.WebUIKeywordMain.runKeyword(WebUIKeywordMain.groovy:20)
	... 38 more]]></system-err>
      </testcase>
      <system-out><![CDATA[2022-01-17 15:29:02 - [TEST_SUITE][FAILED] - Run All Test Cases: Test Cases/Students check events on calendar/Forum event FAILED.
Reason:
com.kms.katalon.core.exception.StepFailedException: Unable to click on object 'Object Repository/Students check events on calendar/Page_Bn bc ch/a_Thm mt ch  tho lun mi'
	at com.kms.katalon.core.webui.keyword.internal.WebUIKeywordMain.stepFailed(WebUIKeywordMain.groovy:64)
	at com.kms.katalon.core.webui.keyword.internal.WebUIKeywordMain.runKeyword(WebUIKeywordMain.groovy:26)
	at com.kms.katalon.core.webui.keyword.builtin.ClickKeyword.click(ClickKeyword.groovy:74)
	at com.kms.katalon.core.webui.keyword.builtin.ClickKeyword.execute(ClickKeyword.groovy:40)
	at com.kms.katalon.core.keyword.internal.KeywordExecutor.executeKeywordForPlatform(KeywordExecutor.groovy:74)
	at com.kms.katalon.core.webui.keyword.WebUiBuiltInKeywords.click(WebUiBuiltInKeywords.groovy:620)
	at com.kms.katalon.core.webui.keyword.WebUiBuiltInKeywords$click$1.call(Unknown Source)
	at Forum event.run(Forum event:84)
	at com.kms.katalon.core.main.ScriptEngine.run(ScriptEngine.java:194)
	at com.kms.katalon.core.main.ScriptEngine.runScriptAsRawText(ScriptEngine.java:119)
	at com.kms.katalon.core.main.TestCaseExecutor.runScript(TestCaseExecutor.java:442)
	at com.kms.katalon.core.main.TestCaseExecutor.doExecute(TestCaseExecutor.java:433)
	at com.kms.katalon.core.main.TestCaseExecutor.processExecutionPhase(TestCaseExecutor.java:412)
	at com.kms.katalon.core.main.TestCaseExecutor.accessMainPhase(TestCaseExecutor.java:404)
	at com.kms.katalon.core.main.TestCaseExecutor.execute(TestCaseExecutor.java:281)
	at com.kms.katalon.core.main.TestSuiteExecutor.accessTestCaseMainPhase(TestSuiteExecutor.java:202)
	at com.kms.katalon.core.main.TestSuiteExecutor.accessTestSuiteMainPhase(TestSuiteExecutor.java:164)
	at com.kms.katalon.core.main.TestSuiteExecutor.execute(TestSuiteExecutor.java:105)
	at com.kms.katalon.core.main.TestCaseMain.startTestSuite(TestCaseMain.java:181)
	at com.kms.katalon.core.main.TestCaseMain$startTestSuite$0.call(Unknown Source)
	at TempTestSuite1642408138931.run(TempTestSuite1642408138931.groovy:36)
Caused by: org.openqa.selenium.ElementClickInterceptedException: element click intercepted: Element <a class="aalink" onclick="" href="http://localhost/mod/forum/view.php?id=68">...</a> is not clickable at point (421, 8). Other element would receive the click: <nav class="fixed-top navbar navbar-light bg-white navbar-expand moodle-has-zindex" aria-label="Định hướng trang">...</nav>
  (Session info: chrome=97.0.4692.71)
Build info: version: '3.141.59', revision: 'e82be7d358', time: '2018-11-14T08:25:53'
System info: host: 'DESKTOP-G2F0VIE', ip: '192.168.1.9', os.name: 'Windows 10', os.arch: 'amd64', os.version: '10.0', java.version: '1.8.0_282'
Driver info: com.kms.katalon.selenium.driver.CChromeDriver
Capabilities {acceptInsecureCerts: false, browserName: chrome, browserVersion: 97.0.4692.71, chrome: {chromedriverVersion: 97.0.4692.71 (adefa7837d02a..., userDataDir: C:\Users\banh\AppData\Local...}, goog:chromeOptions: {debuggerAddress: localhost:58936}, javascriptEnabled: true, networkConnectionEnabled: false, pageLoadStrategy: normal, platform: WINDOWS, platformName: WINDOWS, proxy: Proxy(), setWindowRect: true, strictFileInteractability: false, timeouts: {implicit: 0, pageLoad: 300000, script: 30000}, unhandledPromptBehavior: dismiss and notify, webauthn:extension:credBlob: true, webauthn:extension:largeBlob: true, webauthn:virtualAuthenticators: true}
Session ID: 084bb7dece3c0a2cbcd9d485172d61ab
	at org.openqa.selenium.remote.http.W3CHttpResponseCodec.createException(W3CHttpResponseCodec.java:187)
	at org.openqa.selenium.remote.http.W3CHttpResponseCodec.decode(W3CHttpResponseCodec.java:122)
	at org.openqa.selenium.remote.http.W3CHttpResponseCodec.decode(W3CHttpResponseCodec.java:49)
	at org.openqa.selenium.remote.HttpCommandExecutor.execute(HttpCommandExecutor.java:158)
	at org.openqa.selenium.remote.service.DriverCommandExecutor.execute(DriverCommandExecutor.java:83)
	at org.openqa.selenium.remote.RemoteWebDriver.execute(RemoteWebDriver.java:552)
	at com.kms.katalon.selenium.driver.CChromeDriver.execute(CChromeDriver.java:19)
	at org.openqa.selenium.remote.RemoteWebElement.execute(RemoteWebElement.java:285)
	at org.openqa.selenium.remote.RemoteWebElement.click(RemoteWebElement.java:84)
	at org.openqa.selenium.support.events.EventFiringWebDriver$EventFiringWebElement.lambda$new$0(EventFiringWebDriver.java:404)
	at com.sun.proxy.$Proxy11.click(Unknown Source)
	at org.openqa.selenium.support.events.EventFiringWebDriver$EventFiringWebElement.click(EventFiringWebDriver.java:417)
	at org.openqa.selenium.WebElement$click.call(Unknown Source)
	at com.kms.katalon.core.webui.keyword.builtin.ClickKeyword.clickUntilSuccessWithTimeout(ClickKeyword.groovy:81)
	at com.kms.katalon.core.webui.keyword.builtin.ClickKeyword.clickUntilSuccessWithTimeout(ClickKeyword.groovy)
	at com.kms.katalon.core.webui.keyword.builtin.ClickKeyword$_click_closure1.doCall(ClickKeyword.groovy:67)
	at com.kms.katalon.core.webui.keyword.builtin.ClickKeyword$_click_closure1.call(ClickKeyword.groovy)
	at com.kms.katalon.core.webui.keyword.internal.WebUIKeywordMain.runKeyword(WebUIKeywordMain.groovy:20)
	... 19 more]]></system-out>
      <system-err><![CDATA[2022-01-17 15:29:02 - [TEST_SUITE][FAILED] - Run All Test Cases: Test Cases/Students check events on calendar/Forum event FAILED.
Reason:
com.kms.katalon.core.exception.StepFailedException: Unable to click on object 'Object Repository/Students check events on calendar/Page_Bn bc ch/a_Thm mt ch  tho lun mi'
	at com.kms.katalon.core.webui.keyword.internal.WebUIKeywordMain.stepFailed(WebUIKeywordMain.groovy:64)
	at com.kms.katalon.core.webui.keyword.internal.WebUIKeywordMain.runKeyword(WebUIKeywordMain.groovy:26)
	at com.kms.katalon.core.webui.keyword.builtin.ClickKeyword.click(ClickKeyword.groovy:74)
	at com.kms.katalon.core.webui.keyword.builtin.ClickKeyword.execute(ClickKeyword.groovy:40)
	at com.kms.katalon.core.keyword.internal.KeywordExecutor.executeKeywordForPlatform(KeywordExecutor.groovy:74)
	at com.kms.katalon.core.webui.keyword.WebUiBuiltInKeywords.click(WebUiBuiltInKeywords.groovy:620)
	at com.kms.katalon.core.webui.keyword.WebUiBuiltInKeywords$click$1.call(Unknown Source)
	at Forum event.run(Forum event:84)
	at com.kms.katalon.core.main.ScriptEngine.run(ScriptEngine.java:194)
	at com.kms.katalon.core.main.ScriptEngine.runScriptAsRawText(ScriptEngine.java:119)
	at com.kms.katalon.core.main.TestCaseExecutor.runScript(TestCaseExecutor.java:442)
	at com.kms.katalon.core.main.TestCaseExecutor.doExecute(TestCaseExecutor.java:433)
	at com.kms.katalon.core.main.TestCaseExecutor.processExecutionPhase(TestCaseExecutor.java:412)
	at com.kms.katalon.core.main.TestCaseExecutor.accessMainPhase(TestCaseExecutor.java:404)
	at com.kms.katalon.core.main.TestCaseExecutor.execute(TestCaseExecutor.java:281)
	at com.kms.katalon.core.main.TestSuiteExecutor.accessTestCaseMainPhase(TestSuiteExecutor.java:202)
	at com.kms.katalon.core.main.TestSuiteExecutor.accessTestSuiteMainPhase(TestSuiteExecutor.java:164)
	at com.kms.katalon.core.main.TestSuiteExecutor.execute(TestSuiteExecutor.java:105)
	at com.kms.katalon.core.main.TestCaseMain.startTestSuite(TestCaseMain.java:181)
	at com.kms.katalon.core.main.TestCaseMain$startTestSuite$0.call(Unknown Source)
	at TempTestSuite1642408138931.run(TempTestSuite1642408138931.groovy:36)
Caused by: org.openqa.selenium.ElementClickInterceptedException: element click intercepted: Element <a class="aalink" onclick="" href="http://localhost/mod/forum/view.php?id=68">...</a> is not clickable at point (421, 8). Other element would receive the click: <nav class="fixed-top navbar navbar-light bg-white navbar-expand moodle-has-zindex" aria-label="Định hướng trang">...</nav>
  (Session info: chrome=97.0.4692.71)
Build info: version: '3.141.59', revision: 'e82be7d358', time: '2018-11-14T08:25:53'
System info: host: 'DESKTOP-G2F0VIE', ip: '192.168.1.9', os.name: 'Windows 10', os.arch: 'amd64', os.version: '10.0', java.version: '1.8.0_282'
Driver info: com.kms.katalon.selenium.driver.CChromeDriver
Capabilities {acceptInsecureCerts: false, browserName: chrome, browserVersion: 97.0.4692.71, chrome: {chromedriverVersion: 97.0.4692.71 (adefa7837d02a..., userDataDir: C:\Users\banh\AppData\Local...}, goog:chromeOptions: {debuggerAddress: localhost:58936}, javascriptEnabled: true, networkConnectionEnabled: false, pageLoadStrategy: normal, platform: WINDOWS, platformName: WINDOWS, proxy: Proxy(), setWindowRect: true, strictFileInteractability: false, timeouts: {implicit: 0, pageLoad: 300000, script: 30000}, unhandledPromptBehavior: dismiss and notify, webauthn:extension:credBlob: true, webauthn:extension:largeBlob: true, webauthn:virtualAuthenticators: true}
Session ID: 084bb7dece3c0a2cbcd9d485172d61ab
	at org.openqa.selenium.remote.http.W3CHttpResponseCodec.createException(W3CHttpResponseCodec.java:187)
	at org.openqa.selenium.remote.http.W3CHttpResponseCodec.decode(W3CHttpResponseCodec.java:122)
	at org.openqa.selenium.remote.http.W3CHttpResponseCodec.decode(W3CHttpResponseCodec.java:49)
	at org.openqa.selenium.remote.HttpCommandExecutor.execute(HttpCommandExecutor.java:158)
	at org.openqa.selenium.remote.service.DriverCommandExecutor.execute(DriverCommandExecutor.java:83)
	at org.openqa.selenium.remote.RemoteWebDriver.execute(RemoteWebDriver.java:552)
	at com.kms.katalon.selenium.driver.CChromeDriver.execute(CChromeDriver.java:19)
	at org.openqa.selenium.remote.RemoteWebElement.execute(RemoteWebElement.java:285)
	at org.openqa.selenium.remote.RemoteWebElement.click(RemoteWebElement.java:84)
	at org.openqa.selenium.support.events.EventFiringWebDriver$EventFiringWebElement.lambda$new$0(EventFiringWebDriver.java:404)
	at com.sun.proxy.$Proxy11.click(Unknown Source)
	at org.openqa.selenium.support.events.EventFiringWebDriver$EventFiringWebElement.click(EventFiringWebDriver.java:417)
	at org.openqa.selenium.WebElement$click.call(Unknown Source)
	at com.kms.katalon.core.webui.keyword.builtin.ClickKeyword.clickUntilSuccessWithTimeout(ClickKeyword.groovy:81)
	at com.kms.katalon.core.webui.keyword.builtin.ClickKeyword.clickUntilSuccessWithTimeout(ClickKeyword.groovy)
	at com.kms.katalon.core.webui.keyword.builtin.ClickKeyword$_click_closure1.doCall(ClickKeyword.groovy:67)
	at com.kms.katalon.core.webui.keyword.builtin.ClickKeyword$_click_closure1.call(ClickKeyword.groovy)
	at com.kms.katalon.core.webui.keyword.internal.WebUIKeywordMain.runKeyword(WebUIKeywordMain.groovy:20)
	... 19 more]]></system-err>
   </testsuite>
</testsuites>
