<?xml version="1.0" encoding="UTF-8"?>
<testsuites name="Run All Test Cases" time="14593.849" tests="50" failures="18" errors="0">
   <testsuite name="Run All Test Cases" tests="50" failures="18" errors="0" time="14593.849" skipped="0" timestamp="2022-01-16 08:59:31" hostname="Jug - 192.168.1.5" id="Test Suites/Run All Test Cases">
      <properties>
         <property name="deviceName" value=""/>
         <property name="devicePlatform" value=""/>
         <property name="logFolder" value="E:\\xampp\\htdocs\\moodle\\Test Automation - SE Bonus\\Reports\\20220116_085916\\Run All Test Cases\\20220116_085916"/>
         <property name="logFiles" value="E:\\xampp\\htdocs\\moodle\\Test Automation - SE Bonus\\Reports\\20220116_085916\\Run All Test Cases\\20220116_085916\\execution0.log"/>
         <property name="attachments" value="E:\\xampp\\htdocs\\moodle\\Test Automation - SE Bonus\\Reports\\20220116_085916\\Run All Test Cases\\20220116_085916\\1642299802703.png, E:\\xampp\\htdocs\\moodle\\Test Automation - SE Bonus\\Reports\\20220116_085916\\Run All Test Cases\\20220116_085916\\1642299803232.png, E:\\xampp\\htdocs\\moodle\\Test Automation - SE Bonus\\Reports\\20220116_085916\\Run All Test Cases\\20220116_085916\\1642299945886.png, E:\\xampp\\htdocs\\moodle\\Test Automation - SE Bonus\\Reports\\20220116_085916\\Run All Test Cases\\20220116_085916\\1642299945989.png, E:\\xampp\\htdocs\\moodle\\Test Automation - SE Bonus\\Reports\\20220116_085916\\Run All Test Cases\\20220116_085916\\1642300371619.png, E:\\xampp\\htdocs\\moodle\\Test Automation - SE Bonus\\Reports\\20220116_085916\\Run All Test Cases\\20220116_085916\\1642300457182.png, E:\\xampp\\htdocs\\moodle\\Test Automation - SE Bonus\\Reports\\20220116_085916\\Run All Test Cases\\20220116_085916\\1642300915609.png, E:\\xampp\\htdocs\\moodle\\Test Automation - SE Bonus\\Reports\\20220116_085916\\Run All Test Cases\\20220116_085916\\1642301770209.png, E:\\xampp\\htdocs\\moodle\\Test Automation - SE Bonus\\Reports\\20220116_085916\\Run All Test Cases\\20220116_085916\\1642303274377.png, E:\\xampp\\htdocs\\moodle\\Test Automation - SE Bonus\\Reports\\20220116_085916\\Run All Test Cases\\20220116_085916\\1642303974279.png, E:\\xampp\\htdocs\\moodle\\Test Automation - SE Bonus\\Reports\\20220116_085916\\Run All Test Cases\\20220116_085916\\1642304436873.png, E:\\xampp\\htdocs\\moodle\\Test Automation - SE Bonus\\Reports\\20220116_085916\\Run All Test Cases\\20220116_085916\\1642305521208.png, E:\\xampp\\htdocs\\moodle\\Test Automation - SE Bonus\\Reports\\20220116_085916\\Run All Test Cases\\20220116_085916\\1642306154031.png, E:\\xampp\\htdocs\\moodle\\Test Automation - SE Bonus\\Reports\\20220116_085916\\Run All Test Cases\\20220116_085916\\1642306423576.png, E:\\xampp\\htdocs\\moodle\\Test Automation - SE Bonus\\Reports\\20220116_085916\\Run All Test Cases\\20220116_085916\\1642306532548.png, E:\\xampp\\htdocs\\moodle\\Test Automation - SE Bonus\\Reports\\20220116_085916\\Run All Test Cases\\20220116_085916\\1642306835500.png, E:\\xampp\\htdocs\\moodle\\Test Automation - SE Bonus\\Reports\\20220116_085916\\Run All Test Cases\\20220116_085916\\1642307247446.png, E:\\xampp\\htdocs\\moodle\\Test Automation - SE Bonus\\Reports\\20220116_085916\\Run All Test Cases\\20220116_085916\\1642307298351.png, E:\\xampp\\htdocs\\moodle\\Test Automation - SE Bonus\\Reports\\20220116_085916\\Run All Test Cases\\20220116_085916\\1642307350263.png, E:\\xampp\\htdocs\\moodle\\Test Automation - SE Bonus\\Reports\\20220116_085916\\Run All Test Cases\\20220116_085916\\1642307484792.png, E:\\xampp\\htdocs\\moodle\\Test Automation - SE Bonus\\Reports\\20220116_085916\\Run All Test Cases\\20220116_085916\\1642307487061.png, E:\\xampp\\htdocs\\moodle\\Test Automation - SE Bonus\\Reports\\20220116_085916\\Run All Test Cases\\20220116_085916\\1642307656242.png, E:\\xampp\\htdocs\\moodle\\Test Automation - SE Bonus\\Reports\\20220116_085916\\Run All Test Cases\\20220116_085916\\1642307656373.png, E:\\xampp\\htdocs\\moodle\\Test Automation - SE Bonus\\Reports\\20220116_085916\\Run All Test Cases\\20220116_085916\\1642307770834.png, E:\\xampp\\htdocs\\moodle\\Test Automation - SE Bonus\\Reports\\20220116_085916\\Run All Test Cases\\20220116_085916\\1642307770962.png, E:\\xampp\\htdocs\\moodle\\Test Automation - SE Bonus\\Reports\\20220116_085916\\Run All Test Cases\\20220116_085916\\1642307929952.png, E:\\xampp\\htdocs\\moodle\\Test Automation - SE Bonus\\Reports\\20220116_085916\\Run All Test Cases\\20220116_085916\\1642307930054.png, E:\\xampp\\htdocs\\moodle\\Test Automation - SE Bonus\\Reports\\20220116_085916\\Run All Test Cases\\20220116_085916\\1642308141633.png, E:\\xampp\\htdocs\\moodle\\Test Automation - SE Bonus\\Reports\\20220116_085916\\Run All Test Cases\\20220116_085916\\1642308142004.png, E:\\xampp\\htdocs\\moodle\\Test Automation - SE Bonus\\Reports\\20220116_085916\\Run All Test Cases\\20220116_085916\\1642308292258.png, E:\\xampp\\htdocs\\moodle\\Test Automation - SE Bonus\\Reports\\20220116_085916\\Run All Test Cases\\20220116_085916\\1642308292396.png, E:\\xampp\\htdocs\\moodle\\Test Automation - SE Bonus\\Reports\\20220116_085916\\Run All Test Cases\\20220116_085916\\1642308406888.png, E:\\xampp\\htdocs\\moodle\\Test Automation - SE Bonus\\Reports\\20220116_085916\\Run All Test Cases\\20220116_085916\\1642308407013.png, E:\\xampp\\htdocs\\moodle\\Test Automation - SE Bonus\\Reports\\20220116_085916\\Run All Test Cases\\20220116_085916\\1642308547375.png, E:\\xampp\\htdocs\\moodle\\Test Automation - SE Bonus\\Reports\\20220116_085916\\Run All Test Cases\\20220116_085916\\1642308547535.png, E:\\xampp\\htdocs\\moodle\\Test Automation - SE Bonus\\Reports\\20220116_085916\\Run All Test Cases\\20220116_085916\\1642308681392.png, E:\\xampp\\htdocs\\moodle\\Test Automation - SE Bonus\\Reports\\20220116_085916\\Run All Test Cases\\20220116_085916\\1642308840697.png, E:\\xampp\\htdocs\\moodle\\Test Automation - SE Bonus\\Reports\\20220116_085916\\Run All Test Cases\\20220116_085916\\1642308949899.png, E:\\xampp\\htdocs\\moodle\\Test Automation - SE Bonus\\Reports\\20220116_085916\\Run All Test Cases\\20220116_085916\\1642309097710.png, E:\\xampp\\htdocs\\moodle\\Test Automation - SE Bonus\\Reports\\20220116_085916\\Run All Test Cases\\20220116_085916\\1642309129616.png, E:\\xampp\\htdocs\\moodle\\Test Automation - SE Bonus\\Reports\\20220116_085916\\Run All Test Cases\\20220116_085916\\1642309245344.png, E:\\xampp\\htdocs\\moodle\\Test Automation - SE Bonus\\Reports\\20220116_085916\\Run All Test Cases\\20220116_085916\\1642309275232.png, E:\\xampp\\htdocs\\moodle\\Test Automation - SE Bonus\\Reports\\20220116_085916\\Run All Test Cases\\20220116_085916\\1642309335819.png, E:\\xampp\\htdocs\\moodle\\Test Automation - SE Bonus\\Reports\\20220116_085916\\Run All Test Cases\\20220116_085916\\1642309495132.png, E:\\xampp\\htdocs\\moodle\\Test Automation - SE Bonus\\Reports\\20220116_085916\\Run All Test Cases\\20220116_085916\\1642309495240.png, E:\\xampp\\htdocs\\moodle\\Test Automation - SE Bonus\\Reports\\20220116_085916\\Run All Test Cases\\20220116_085916\\1642309639865.png, E:\\xampp\\htdocs\\moodle\\Test Automation - SE Bonus\\Reports\\20220116_085916\\Run All Test Cases\\20220116_085916\\1642309639983.png, E:\\xampp\\htdocs\\moodle\\Test Automation - SE Bonus\\Reports\\20220116_085916\\Run All Test Cases\\20220116_085916\\1642309752758.png, E:\\xampp\\htdocs\\moodle\\Test Automation - SE Bonus\\Reports\\20220116_085916\\Run All Test Cases\\20220116_085916\\1642309752871.png, E:\\xampp\\htdocs\\moodle\\Test Automation - SE Bonus\\Reports\\20220116_085916\\Run All Test Cases\\20220116_085916\\1642309842791.png, E:\\xampp\\htdocs\\moodle\\Test Automation - SE Bonus\\Reports\\20220116_085916\\Run All Test Cases\\20220116_085916\\1642309842898.png, E:\\xampp\\htdocs\\moodle\\Test Automation - SE Bonus\\Reports\\20220116_085916\\Run All Test Cases\\20220116_085916\\1642309913999.png, E:\\xampp\\htdocs\\moodle\\Test Automation - SE Bonus\\Reports\\20220116_085916\\Run All Test Cases\\20220116_085916\\1642309977315.png, E:\\xampp\\htdocs\\moodle\\Test Automation - SE Bonus\\Reports\\20220116_085916\\Run All Test Cases\\20220116_085916\\1642310057821.png, E:\\xampp\\htdocs\\moodle\\Test Automation - SE Bonus\\Reports\\20220116_085916\\Run All Test Cases\\20220116_085916\\1642310138635.png, E:\\xampp\\htdocs\\moodle\\Test Automation - SE Bonus\\Reports\\20220116_085916\\Run All Test Cases\\20220116_085916\\1642310405367.png, E:\\xampp\\htdocs\\moodle\\Test Automation - SE Bonus\\Reports\\20220116_085916\\Run All Test Cases\\20220116_085916\\1642310480287.png, E:\\xampp\\htdocs\\moodle\\Test Automation - SE Bonus\\Reports\\20220116_085916\\Run All Test Cases\\20220116_085916\\1642310596426.png, E:\\xampp\\htdocs\\moodle\\Test Automation - SE Bonus\\Reports\\20220116_085916\\Run All Test Cases\\20220116_085916\\1642310673843.png, E:\\xampp\\htdocs\\moodle\\Test Automation - SE Bonus\\Reports\\20220116_085916\\Run All Test Cases\\20220116_085916\\1642310723288.png, E:\\xampp\\htdocs\\moodle\\Test Automation - SE Bonus\\Reports\\20220116_085916\\Run All Test Cases\\20220116_085916\\1642310752684.png, E:\\xampp\\htdocs\\moodle\\Test Automation - SE Bonus\\Reports\\20220116_085916\\Run All Test Cases\\20220116_085916\\1642310798613.png, E:\\xampp\\htdocs\\moodle\\Test Automation - SE Bonus\\Reports\\20220116_085916\\Run All Test Cases\\20220116_085916\\1642310866864.png, E:\\xampp\\htdocs\\moodle\\Test Automation - SE Bonus\\Reports\\20220116_085916\\Run All Test Cases\\20220116_085916\\1642311341329.png, E:\\xampp\\htdocs\\moodle\\Test Automation - SE Bonus\\Reports\\20220116_085916\\Run All Test Cases\\20220116_085916\\1642311425775.png, E:\\xampp\\htdocs\\moodle\\Test Automation - SE Bonus\\Reports\\20220116_085916\\Run All Test Cases\\20220116_085916\\1642311485659.png, E:\\xampp\\htdocs\\moodle\\Test Automation - SE Bonus\\Reports\\20220116_085916\\Run All Test Cases\\20220116_085916\\1642311532633.png, E:\\xampp\\htdocs\\moodle\\Test Automation - SE Bonus\\Reports\\20220116_085916\\Run All Test Cases\\20220116_085916\\1642311680169.png, E:\\xampp\\htdocs\\moodle\\Test Automation - SE Bonus\\Reports\\20220116_085916\\Run All Test Cases\\20220116_085916\\1642311735847.png, E:\\xampp\\htdocs\\moodle\\Test Automation - SE Bonus\\Reports\\20220116_085916\\Run All Test Cases\\20220116_085916\\1642311812902.png, E:\\xampp\\htdocs\\moodle\\Test Automation - SE Bonus\\Reports\\20220116_085916\\Run All Test Cases\\20220116_085916\\1642311909562.png, E:\\xampp\\htdocs\\moodle\\Test Automation - SE Bonus\\Reports\\20220116_085916\\Run All Test Cases\\20220116_085916\\1642311946513.png, E:\\xampp\\htdocs\\moodle\\Test Automation - SE Bonus\\Reports\\20220116_085916\\Run All Test Cases\\20220116_085916\\1642311989312.png, E:\\xampp\\htdocs\\moodle\\Test Automation - SE Bonus\\Reports\\20220116_085916\\Run All Test Cases\\20220116_085916\\1642312030357.png, E:\\xampp\\htdocs\\moodle\\Test Automation - SE Bonus\\Reports\\20220116_085916\\Run All Test Cases\\20220116_085916\\1642312072870.png, E:\\xampp\\htdocs\\moodle\\Test Automation - SE Bonus\\Reports\\20220116_085916\\Run All Test Cases\\20220116_085916\\1642312244794.png, E:\\xampp\\htdocs\\moodle\\Test Automation - SE Bonus\\Reports\\20220116_085916\\Run All Test Cases\\20220116_085916\\1642312281654.png, E:\\xampp\\htdocs\\moodle\\Test Automation - SE Bonus\\Reports\\20220116_085916\\Run All Test Cases\\20220116_085916\\1642312326989.png, E:\\xampp\\htdocs\\moodle\\Test Automation - SE Bonus\\Reports\\20220116_085916\\Run All Test Cases\\20220116_085916\\1642312390913.png, E:\\xampp\\htdocs\\moodle\\Test Automation - SE Bonus\\Reports\\20220116_085916\\Run All Test Cases\\20220116_085916\\1642312457193.png, E:\\xampp\\htdocs\\moodle\\Test Automation - SE Bonus\\Reports\\20220116_085916\\Run All Test Cases\\20220116_085916\\1642312511956.png, E:\\xampp\\htdocs\\moodle\\Test Automation - SE Bonus\\Reports\\20220116_085916\\Run All Test Cases\\20220116_085916\\1642312569933.png, E:\\xampp\\htdocs\\moodle\\Test Automation - SE Bonus\\Reports\\20220116_085916\\Run All Test Cases\\20220116_085916\\1642312673398.png, E:\\xampp\\htdocs\\moodle\\Test Automation - SE Bonus\\Reports\\20220116_085916\\Run All Test Cases\\20220116_085916\\1642312711904.png, E:\\xampp\\htdocs\\moodle\\Test Automation - SE Bonus\\Reports\\20220116_085916\\Run All Test Cases\\20220116_085916\\1642312760861.png, E:\\xampp\\htdocs\\moodle\\Test Automation - SE Bonus\\Reports\\20220116_085916\\Run All Test Cases\\20220116_085916\\1642312826532.png, E:\\xampp\\htdocs\\moodle\\Test Automation - SE Bonus\\Reports\\20220116_085916\\Run All Test Cases\\20220116_085916\\1642312901845.png, E:\\xampp\\htdocs\\moodle\\Test Automation - SE Bonus\\Reports\\20220116_085916\\Run All Test Cases\\20220116_085916\\1642312964936.png"/>
         <property name="hostName" value="Jug - 192.168.1.5"/>
         <property name="os" value="Windows 10 64bit"/>
         <property name="katalonVersion" value="8.2.0.208"/>
         <property name="browser" value="Edge Chromium 97"/>
         <property name="hostAddress" value="192.168.1.5"/>
         <property name="sessionId" value="504bc9707247f799beaca6959fd1882c"/>
         <property name="seleniumVersion" value="3.141.59"/>
         <property name="proxyInformation" value="ProxyInformation { proxyOption=NO_PROXY, proxyServerType=HTTP, username=, password=********, proxyServerAddress=, proxyServerPort=0, executionList=&quot;&quot;, isApplyToDesiredCapabilities=true }"/>
         <property name="platform" value="Windows 10"/>
      </properties>
      <testcase name="Test Cases/Admin Site/Login with Admin" time="234.764" classname="Test Cases/Admin Site/Login with Admin" status="PASSED">
         <system-out><![CDATA[2022-01-16 08:59:31 - [TEST_CASE][PASSED] - Test Cases/Admin Site/Login with Admin: Test Cases/Admin Site/Login with Admin

2022-01-16 08:59:31 - [TEST_STEP][PASSED] - openBrowser(""): Browser is opened with url: ''

2022-01-16 08:59:32 - [MESSAGE][INFO] - Starting 'Edge Chromium' driver

2022-01-16 08:59:41 - [MESSAGE][INFO] - Action delay is set to 0 milliseconds

2022-01-16 08:59:52 - [MESSAGE][PASSED] - Browser is opened with url: ''

2022-01-16 08:59:52 - [TEST_STEP][PASSED] - navigateToUrl("http://localhost/"): Navigate to 'http://localhost/' successfully

2022-01-16 09:01:09 - [MESSAGE][PASSED] - Navigate to 'http://localhost/' successfully

2022-01-16 09:01:09 - [TEST_STEP][PASSED] - click(findTestObject("Object Repository/Admin Site/Page_Local Moodle/a_Log in")): Object: 'Object Repository/Admin Site/Page_Local Moodle/a_Log in' is clicked on

2022-01-16 09:01:13 - [MESSAGE][PASSED] - Object: 'Object Repository/Admin Site/Page_Local Moodle/a_Log in' is clicked on

2022-01-16 09:01:13 - [TEST_STEP][PASSED] - setText(findTestObject("Object Repository/Admin Site/Page_Local Moodle Log in to the site/input_Username_username"), "admin"): Text 'admin' is set on object 'Object Repository/Admin Site/Page_Local Moodle Log in to the site/input_Username_username'

2022-01-16 09:01:14 - [MESSAGE][PASSED] - Text 'admin' is set on object 'Object Repository/Admin Site/Page_Local Moodle Log in to the site/input_Username_username'

2022-01-16 09:01:14 - [TEST_STEP][PASSED] - setEncryptedText(findTestObject("Object Repository/Admin Site/Page_Local Moodle Log in to the site/input_Password_password"), "bfAykA/oWJ09FXmiKh6lyuuLu8QhG1K5"): Text ****** has been set on object 'Object Repository/Admin Site/Page_Local Moodle Log in to the site/input_Password_password'

2022-01-16 09:01:16 - [MESSAGE][PASSED] - Text ****** has been set on object 'Object Repository/Admin Site/Page_Local Moodle Log in to the site/input_Password_password'

2022-01-16 09:01:16 - [TEST_STEP][PASSED] - click(findTestObject("Object Repository/Admin Site/Page_Local Moodle Log in to the site/button_Log in")): Object: 'Object Repository/Admin Site/Page_Local Moodle Log in to the site/button_Log in' is clicked on

2022-01-16 09:02:30 - [MESSAGE][PASSED] - Object: 'Object Repository/Admin Site/Page_Local Moodle Log in to the site/button_Log in' is clicked on

2022-01-16 09:02:30 - [TEST_STEP][PASSED] - click(findTestObject("Object Repository/Admin Site/Page_Nh ca ti/span_Qun tr khu vc")): Object: 'Object Repository/Admin Site/Page_Nh ca ti/span_Qun tr khu vc' is clicked on

2022-01-16 09:03:25 - [MESSAGE][PASSED] - Object: 'Object Repository/Admin Site/Page_Nh ca ti/span_Qun tr khu vc' is clicked on

2022-01-16 09:03:25 - [TEST_STEP][PASSED] - verifyElementPresent(findTestObject("Object Repository/Admin Site/Page_Moodle Khu vc qun tr Tm kim/a_Qun tr khu vc"), 0): Object 'Object Repository/Admin Site/Page_Moodle Khu vc qun tr Tm kim/a_Qun tr khu vc' is present

2022-01-16 09:03:25 - [MESSAGE][WARNING] - Timeout '0' is invalid. Using default page load timeout: '5'

2022-01-16 09:03:26 - [MESSAGE][PASSED] - Object 'Object Repository/Admin Site/Page_Moodle Khu vc qun tr Tm kim/a_Qun tr khu vc' is present]]></system-out>
         <system-err><![CDATA[]]></system-err>
      </testcase>
      <testcase name="Test Cases/Admin Site/Change full site name" time="65.908" classname="Test Cases/Admin Site/Change full site name" status="PASSED">
         <system-out><![CDATA[2022-01-16 09:03:26 - [TEST_CASE][PASSED] - Test Cases/Admin Site/Change full site name: Test Cases/Admin Site/Change full site name

2022-01-16 09:03:26 - [TEST_STEP][PASSED] - callTestCase(findTestCase("Admin Site/Login with Admin"), [:], STOP_ON_FAILURE): Call Test Case 'Test Cases/Admin Site/Login with Admin' successfully

2022-01-16 09:03:26 - [TEST_CASE][PASSED] - Test Cases/Admin Site/Login with Admin: Test Cases/Admin Site/Login with Admin

2022-01-16 09:03:26 - [TEST_STEP][PASSED] - openBrowser(""): Browser is opened with url: ''

2022-01-16 09:03:26 - [MESSAGE][WARNING] - A browser is already opened. Closing browser and opening a new one

2022-01-16 09:03:28 - [MESSAGE][INFO] - Starting 'Edge Chromium' driver

2022-01-16 09:03:29 - [MESSAGE][INFO] - Action delay is set to 0 milliseconds

2022-01-16 09:03:32 - [MESSAGE][PASSED] - Browser is opened with url: ''

2022-01-16 09:03:32 - [TEST_STEP][PASSED] - navigateToUrl("http://localhost/"): Navigate to 'http://localhost/' successfully

2022-01-16 09:03:36 - [MESSAGE][PASSED] - Navigate to 'http://localhost/' successfully

2022-01-16 09:03:36 - [TEST_STEP][PASSED] - click(findTestObject("Object Repository/Admin Site/Page_Local Moodle/a_Log in")): Object: 'Object Repository/Admin Site/Page_Local Moodle/a_Log in' is clicked on

2022-01-16 09:03:38 - [MESSAGE][PASSED] - Object: 'Object Repository/Admin Site/Page_Local Moodle/a_Log in' is clicked on

2022-01-16 09:03:38 - [TEST_STEP][PASSED] - setText(findTestObject("Object Repository/Admin Site/Page_Local Moodle Log in to the site/input_Username_username"), "admin"): Text 'admin' is set on object 'Object Repository/Admin Site/Page_Local Moodle Log in to the site/input_Username_username'

2022-01-16 09:03:39 - [MESSAGE][PASSED] - Text 'admin' is set on object 'Object Repository/Admin Site/Page_Local Moodle Log in to the site/input_Username_username'

2022-01-16 09:03:39 - [TEST_STEP][PASSED] - setEncryptedText(findTestObject("Object Repository/Admin Site/Page_Local Moodle Log in to the site/input_Password_password"), "bfAykA/oWJ09FXmiKh6lyuuLu8QhG1K5"): Text ****** has been set on object 'Object Repository/Admin Site/Page_Local Moodle Log in to the site/input_Password_password'

2022-01-16 09:03:39 - [MESSAGE][PASSED] - Text ****** has been set on object 'Object Repository/Admin Site/Page_Local Moodle Log in to the site/input_Password_password'

2022-01-16 09:03:39 - [TEST_STEP][PASSED] - click(findTestObject("Object Repository/Admin Site/Page_Local Moodle Log in to the site/button_Log in")): Object: 'Object Repository/Admin Site/Page_Local Moodle Log in to the site/button_Log in' is clicked on

2022-01-16 09:03:41 - [MESSAGE][PASSED] - Object: 'Object Repository/Admin Site/Page_Local Moodle Log in to the site/button_Log in' is clicked on

2022-01-16 09:03:41 - [TEST_STEP][PASSED] - click(findTestObject("Object Repository/Admin Site/Page_Nh ca ti/span_Qun tr khu vc")): Object: 'Object Repository/Admin Site/Page_Nh ca ti/span_Qun tr khu vc' is clicked on

2022-01-16 09:03:43 - [MESSAGE][PASSED] - Object: 'Object Repository/Admin Site/Page_Nh ca ti/span_Qun tr khu vc' is clicked on

2022-01-16 09:03:43 - [TEST_STEP][PASSED] - verifyElementPresent(findTestObject("Object Repository/Admin Site/Page_Moodle Khu vc qun tr Tm kim/a_Qun tr khu vc"), 0): Object 'Object Repository/Admin Site/Page_Moodle Khu vc qun tr Tm kim/a_Qun tr khu vc' is present

2022-01-16 09:03:43 - [MESSAGE][WARNING] - Timeout '0' is invalid. Using default page load timeout: '5'

2022-01-16 09:03:44 - [MESSAGE][PASSED] - Object 'Object Repository/Admin Site/Page_Moodle Khu vc qun tr Tm kim/a_Qun tr khu vc' is present

2022-01-16 09:03:44 - [MESSAGE][PASSED] - Call Test Case 'Test Cases/Admin Site/Login with Admin' successfully

2022-01-16 09:03:44 - [TEST_STEP][PASSED] - click(findTestObject("Object Repository/Admin Site/Page_Moodle Khu vc qun tr Tm kim/a_Thit t trang ch")): Object: 'Object Repository/Admin Site/Page_Moodle Khu vc qun tr Tm kim/a_Thit t trang ch' is clicked on

2022-01-16 09:03:55 - [MESSAGE][PASSED] - Object: 'Object Repository/Admin Site/Page_Moodle Khu vc qun tr Tm kim/a_Thit t trang ch' is clicked on

2022-01-16 09:03:55 - [TEST_STEP][PASSED] - setText(findTestObject("Object Repository/Admin Site/Page_Moodle Khu vc qun tr Trang ch Thit t trang ch/input_fullname_s__fullname"), new_site_name): Text 'New Moodle Site' is set on object 'Object Repository/Admin Site/Page_Moodle Khu vc qun tr Trang ch Thit t trang ch/input_fullname_s__fullname'

2022-01-16 09:03:56 - [MESSAGE][PASSED] - Text 'New Moodle Site' is set on object 'Object Repository/Admin Site/Page_Moodle Khu vc qun tr Trang ch Thit t trang ch/input_fullname_s__fullname'

2022-01-16 09:03:56 - [TEST_STEP][PASSED] - click(findTestObject("Object Repository/Admin Site/Page_Moodle Khu vc qun tr Trang ch Thit t trang ch/button_Lu cc thay i")): Object: 'Object Repository/Admin Site/Page_Moodle Khu vc qun tr Trang ch Thit t trang ch/button_Lu cc thay i' is clicked on

2022-01-16 09:04:02 - [MESSAGE][INFO] - Unable to find the element located by 'By.xpath: //button[@id='yui_3_17_2_1_1641267626847_379']'. Please recheck the objects properties to make sure the desired element is located. 

2022-01-16 09:04:02 - [MESSAGE][WARNING] - [SELF-HEALING] Failed to find element with id 'Object Repository/Admin Site/Page_Moodle Khu vc qun tr Trang ch Thit t trang ch/button_Lu cc thay i'. Try using Self-healing.

2022-01-16 09:04:03 - [MESSAGE][WARNING] - [SELF-HEALING] The current locator of test object 'Object Repository/Admin Site/Page_Moodle Khu vc qun tr Trang ch Thit t trang ch/button_Lu cc thay i' was broken. Propose an alternative one: '(.//*[normalize-space(text()) and normalize-space(.)='Mặc định: Người dùng đã xác thực trên trang chủ (frontpage)'])[1]/following::button[1]'.

2022-01-16 09:04:18 - [MESSAGE][PASSED] - Object: 'Object Repository/Admin Site/Page_Moodle Khu vc qun tr Trang ch Thit t trang ch/button_Lu cc thay i' is clicked on

2022-01-16 09:04:18 - [TEST_STEP][PASSED] - click(findTestObject("Object Repository/Admin Site/Page_Moodle Khu vc qun tr Trang ch Thit t trang ch/a_Qun tr Thnh vin")): Object: 'Object Repository/Admin Site/Page_Moodle Khu vc qun tr Trang ch Thit t trang ch/a_Qun tr Thnh vin' is clicked on

2022-01-16 09:04:19 - [MESSAGE][PASSED] - Object: 'Object Repository/Admin Site/Page_Moodle Khu vc qun tr Trang ch Thit t trang ch/a_Qun tr Thnh vin' is clicked on

2022-01-16 09:04:19 - [TEST_STEP][PASSED] - click(findTestObject("Object Repository/Admin Site/Page_Moodle Khu vc qun tr Trang ch Thit t trang ch/span_Thot")): Object: 'Object Repository/Admin Site/Page_Moodle Khu vc qun tr Trang ch Thit t trang ch/span_Thot' is clicked on

2022-01-16 09:04:21 - [MESSAGE][PASSED] - Object: 'Object Repository/Admin Site/Page_Moodle Khu vc qun tr Trang ch Thit t trang ch/span_Thot' is clicked on

2022-01-16 09:04:21 - [TEST_STEP][PASSED] - verifyElementText(findTestObject("Object Repository/Admin Site/Page_New Moodle/h1_New Moodle_1"), new_site_name): Actual text and expected text of test object 'Object Repository/Admin Site/Page_New Moodle/h1_New Moodle_1' are matched.

2022-01-16 09:04:27 - [MESSAGE][INFO] - Unable to find the element located by 'By.xpath: //h1[@id='yui_3_17_2_1_1641267670435_20']'. Please recheck the objects properties to make sure the desired element is located. 

2022-01-16 09:04:27 - [MESSAGE][WARNING] - [SELF-HEALING] Failed to find element with id 'Object Repository/Admin Site/Page_New Moodle/h1_New Moodle_1'. Try using Self-healing.

2022-01-16 09:04:28 - [MESSAGE][WARNING] - [SELF-HEALING] The current locator of test object 'Object Repository/Admin Site/Page_New Moodle/h1_New Moodle_1' was broken. Propose an alternative one: '(.//*[normalize-space(text()) and normalize-space(.)='Home'])[1]/following::h1[1]'.

2022-01-16 09:04:29 - [MESSAGE][PASSED] - Actual text and expected text of test object 'Object Repository/Admin Site/Page_New Moodle/h1_New Moodle_1' are matched.

2022-01-16 09:04:29 - [TEST_STEP][PASSED] - closeBrowser(): Browser is closed

2022-01-16 09:04:32 - [MESSAGE][PASSED] - Browser is closed]]></system-out>
         <system-err><![CDATA[]]></system-err>
      </testcase>
      <testcase name="Test Cases/Admin Site/Turn on Maintaince mode" time="69.795" classname="Test Cases/Admin Site/Turn on Maintaince mode" status="PASSED">
         <system-out><![CDATA[2022-01-16 09:04:32 - [TEST_CASE][PASSED] - Test Cases/Admin Site/Turn on Maintaince mode: Test Cases/Admin Site/Turn on Maintaince mode

2022-01-16 09:04:32 - [TEST_STEP][PASSED] - callTestCase(findTestCase("Admin Site/Login with Admin"), [:], STOP_ON_FAILURE): Call Test Case 'Test Cases/Admin Site/Login with Admin' successfully

2022-01-16 09:04:32 - [TEST_CASE][PASSED] - Test Cases/Admin Site/Login with Admin: Test Cases/Admin Site/Login with Admin

2022-01-16 09:04:32 - [TEST_STEP][PASSED] - openBrowser(""): Browser is opened with url: ''

2022-01-16 09:04:32 - [MESSAGE][INFO] - Starting 'Edge Chromium' driver

2022-01-16 09:04:35 - [MESSAGE][INFO] - Action delay is set to 0 milliseconds

2022-01-16 09:04:41 - [MESSAGE][PASSED] - Browser is opened with url: ''

2022-01-16 09:04:41 - [TEST_STEP][PASSED] - navigateToUrl("http://localhost/"): Navigate to 'http://localhost/' successfully

2022-01-16 09:04:52 - [MESSAGE][PASSED] - Navigate to 'http://localhost/' successfully

2022-01-16 09:04:52 - [TEST_STEP][PASSED] - click(findTestObject("Object Repository/Admin Site/Page_Local Moodle/a_Log in")): Object: 'Object Repository/Admin Site/Page_Local Moodle/a_Log in' is clicked on

2022-01-16 09:04:54 - [MESSAGE][PASSED] - Object: 'Object Repository/Admin Site/Page_Local Moodle/a_Log in' is clicked on

2022-01-16 09:04:54 - [TEST_STEP][PASSED] - setText(findTestObject("Object Repository/Admin Site/Page_Local Moodle Log in to the site/input_Username_username"), "admin"): Text 'admin' is set on object 'Object Repository/Admin Site/Page_Local Moodle Log in to the site/input_Username_username'

2022-01-16 09:04:55 - [MESSAGE][PASSED] - Text 'admin' is set on object 'Object Repository/Admin Site/Page_Local Moodle Log in to the site/input_Username_username'

2022-01-16 09:04:55 - [TEST_STEP][PASSED] - setEncryptedText(findTestObject("Object Repository/Admin Site/Page_Local Moodle Log in to the site/input_Password_password"), "bfAykA/oWJ09FXmiKh6lyuuLu8QhG1K5"): Text ****** has been set on object 'Object Repository/Admin Site/Page_Local Moodle Log in to the site/input_Password_password'

2022-01-16 09:04:56 - [MESSAGE][PASSED] - Text ****** has been set on object 'Object Repository/Admin Site/Page_Local Moodle Log in to the site/input_Password_password'

2022-01-16 09:04:56 - [TEST_STEP][PASSED] - click(findTestObject("Object Repository/Admin Site/Page_Local Moodle Log in to the site/button_Log in")): Object: 'Object Repository/Admin Site/Page_Local Moodle Log in to the site/button_Log in' is clicked on

2022-01-16 09:05:00 - [MESSAGE][PASSED] - Object: 'Object Repository/Admin Site/Page_Local Moodle Log in to the site/button_Log in' is clicked on

2022-01-16 09:05:00 - [TEST_STEP][PASSED] - click(findTestObject("Object Repository/Admin Site/Page_Nh ca ti/span_Qun tr khu vc")): Object: 'Object Repository/Admin Site/Page_Nh ca ti/span_Qun tr khu vc' is clicked on

2022-01-16 09:05:05 - [MESSAGE][PASSED] - Object: 'Object Repository/Admin Site/Page_Nh ca ti/span_Qun tr khu vc' is clicked on

2022-01-16 09:05:05 - [TEST_STEP][PASSED] - verifyElementPresent(findTestObject("Object Repository/Admin Site/Page_Moodle Khu vc qun tr Tm kim/a_Qun tr khu vc"), 0): Object 'Object Repository/Admin Site/Page_Moodle Khu vc qun tr Tm kim/a_Qun tr khu vc' is present

2022-01-16 09:05:05 - [MESSAGE][WARNING] - Timeout '0' is invalid. Using default page load timeout: '5'

2022-01-16 09:05:06 - [MESSAGE][PASSED] - Object 'Object Repository/Admin Site/Page_Moodle Khu vc qun tr Tm kim/a_Qun tr khu vc' is present

2022-01-16 09:05:06 - [MESSAGE][PASSED] - Call Test Case 'Test Cases/Admin Site/Login with Admin' successfully

2022-01-16 09:05:06 - [TEST_STEP][PASSED] - click(findTestObject("Object Repository/Admin Site/Page_Moodle Khu vc qun tr Tm kim/a_My ch")): Object: 'Object Repository/Admin Site/Page_Moodle Khu vc qun tr Tm kim/a_My ch' is clicked on

2022-01-16 09:05:06 - [MESSAGE][PASSED] - Object: 'Object Repository/Admin Site/Page_Moodle Khu vc qun tr Tm kim/a_My ch' is clicked on

2022-01-16 09:05:06 - [TEST_STEP][PASSED] - click(findTestObject("Object Repository/Admin Site/Page_Moodle Khu vc qun tr Tm kim/a_Ch  bo tr")): Object: 'Object Repository/Admin Site/Page_Moodle Khu vc qun tr Tm kim/a_Ch  bo tr' is clicked on

2022-01-16 09:05:12 - [MESSAGE][PASSED] - Object: 'Object Repository/Admin Site/Page_Moodle Khu vc qun tr Tm kim/a_Ch  bo tr' is clicked on

2022-01-16 09:05:12 - [TEST_STEP][PASSED] - navigateToUrl("http://localhost/admin/settings.php?section=maintenancemode"): Navigate to 'http://localhost/admin/settings.php?section=maintenancemode' successfully

2022-01-16 09:05:14 - [MESSAGE][PASSED] - Navigate to 'http://localhost/admin/settings.php?section=maintenancemode' successfully

2022-01-16 09:05:14 - [TEST_STEP][PASSED] - selectOptionByValue(findTestObject("Object Repository/Admin Site/Page_Moodle Khu vc qun tr My ch Ch  bo tr/select_Tt            M"), "1", true): All options with value '1' are selected in object 'Object Repository/Admin Site/Page_Moodle Khu vc qun tr My ch Ch  bo tr/select_Tt            M'  using regular expression

2022-01-16 09:05:18 - [MESSAGE][PASSED] - All options with value '1' are selected in object 'Object Repository/Admin Site/Page_Moodle Khu vc qun tr My ch Ch  bo tr/select_Tt            M'  using regular expression

2022-01-16 09:05:18 - [TEST_STEP][PASSED] - click(findTestObject("Object Repository/Admin Site/Page_Moodle Khu vc qun tr My ch Ch  bo tr/button_Lu cc thay i")): Object: 'Object Repository/Admin Site/Page_Moodle Khu vc qun tr My ch Ch  bo tr/button_Lu cc thay i' is clicked on

2022-01-16 09:05:23 - [MESSAGE][PASSED] - Object: 'Object Repository/Admin Site/Page_Moodle Khu vc qun tr My ch Ch  bo tr/button_Lu cc thay i' is clicked on

2022-01-16 09:05:23 - [TEST_STEP][PASSED] - click(findTestObject("Object Repository/Admin Site/Page_Moodle Khu vc qun tr My ch Ch  bo tr -_346a94/a_Qun tr Thnh vin")): Object: 'Object Repository/Admin Site/Page_Moodle Khu vc qun tr My ch Ch  bo tr -_346a94/a_Qun tr Thnh vin' is clicked on

2022-01-16 09:05:24 - [MESSAGE][PASSED] - Object: 'Object Repository/Admin Site/Page_Moodle Khu vc qun tr My ch Ch  bo tr -_346a94/a_Qun tr Thnh vin' is clicked on

2022-01-16 09:05:24 - [TEST_STEP][PASSED] - click(findTestObject("Object Repository/Admin Site/Page_Moodle Khu vc qun tr My ch Ch  bo tr -_346a94/a_Thot")): Object: 'Object Repository/Admin Site/Page_Moodle Khu vc qun tr My ch Ch  bo tr -_346a94/a_Thot' is clicked on

2022-01-16 09:05:25 - [MESSAGE][PASSED] - Object: 'Object Repository/Admin Site/Page_Moodle Khu vc qun tr My ch Ch  bo tr -_346a94/a_Thot' is clicked on

2022-01-16 09:05:25 - [TEST_STEP][PASSED] - verifyElementText(findTestObject("Object Repository/Admin Site/Page_New Moodle Site - In maintenance mode/h2_The site is undergoing maintenance and i_04cd85"), "The site is undergoing maintenance and is currently not available"): Actual text and expected text of test object 'Object Repository/Admin Site/Page_New Moodle Site - In maintenance mode/h2_The site is undergoing maintenance and i_04cd85' are matched.

2022-01-16 09:05:26 - [MESSAGE][PASSED] - Actual text and expected text of test object 'Object Repository/Admin Site/Page_New Moodle Site - In maintenance mode/h2_The site is undergoing maintenance and i_04cd85' are matched.

2022-01-16 09:05:26 - [TEST_STEP][PASSED] - click(findTestObject("Object Repository/Admin Site/Page_New Moodle Site - In maintenance mode/a_Data retention summary")): Object: 'Object Repository/Admin Site/Page_New Moodle Site - In maintenance mode/a_Data retention summary' is clicked on

2022-01-16 09:05:30 - [MESSAGE][PASSED] - Object: 'Object Repository/Admin Site/Page_New Moodle Site - In maintenance mode/a_Data retention summary' is clicked on

2022-01-16 09:05:30 - [TEST_STEP][PASSED] - navigateToUrl("http://localhost/admin/tool/dataprivacy/summary.php"): Navigate to 'http://localhost/admin/tool/dataprivacy/summary.php' successfully

2022-01-16 09:05:31 - [MESSAGE][PASSED] - Navigate to 'http://localhost/admin/tool/dataprivacy/summary.php' successfully

2022-01-16 09:05:31 - [TEST_STEP][PASSED] - click(findTestObject("Object Repository/Admin Site/Page_Registry configuration summary - In ma_a4478e/a_Log in")): Object: 'Object Repository/Admin Site/Page_Registry configuration summary - In ma_a4478e/a_Log in' is clicked on

2022-01-16 09:05:31 - [MESSAGE][PASSED] - Object: 'Object Repository/Admin Site/Page_Registry configuration summary - In ma_a4478e/a_Log in' is clicked on

2022-01-16 09:05:31 - [TEST_STEP][PASSED] - setText(findTestObject("Object Repository/Admin Site/Page_New Moodle Site Log in to the site - I_a50ac0/input_Username_username"), "admin"): Text 'admin' is set on object 'Object Repository/Admin Site/Page_New Moodle Site Log in to the site - I_a50ac0/input_Username_username'

2022-01-16 09:05:32 - [MESSAGE][PASSED] - Text 'admin' is set on object 'Object Repository/Admin Site/Page_New Moodle Site Log in to the site - I_a50ac0/input_Username_username'

2022-01-16 09:05:32 - [TEST_STEP][PASSED] - setEncryptedText(findTestObject("Object Repository/Admin Site/Page_New Moodle Site Log in to the site - I_a50ac0/input_Password_password"), "bfAykA/oWJ09FXmiKh6lyuuLu8QhG1K5"): Text ****** has been set on object 'Object Repository/Admin Site/Page_New Moodle Site Log in to the site - I_a50ac0/input_Password_password'

2022-01-16 09:05:33 - [MESSAGE][PASSED] - Text ****** has been set on object 'Object Repository/Admin Site/Page_New Moodle Site Log in to the site - I_a50ac0/input_Password_password'

2022-01-16 09:05:33 - [TEST_STEP][PASSED] - click(findTestObject("Object Repository/Admin Site/Page_New Moodle Site Log in to the site - I_a50ac0/button_Log in")): Object: 'Object Repository/Admin Site/Page_New Moodle Site Log in to the site - I_a50ac0/button_Log in' is clicked on

2022-01-16 09:05:34 - [MESSAGE][PASSED] - Object: 'Object Repository/Admin Site/Page_New Moodle Site Log in to the site - I_a50ac0/button_Log in' is clicked on

2022-01-16 09:05:34 - [TEST_STEP][PASSED] - click(findTestObject("Object Repository/Admin Site/Page_Registry configuration summary - ang  _9bfae6/span_Qun tr khu vc")): Object: 'Object Repository/Admin Site/Page_Registry configuration summary - ang  _9bfae6/span_Qun tr khu vc' is clicked on

2022-01-16 09:05:35 - [MESSAGE][PASSED] - Object: 'Object Repository/Admin Site/Page_Registry configuration summary - ang  _9bfae6/span_Qun tr khu vc' is clicked on

2022-01-16 09:05:35 - [TEST_STEP][PASSED] - click(findTestObject("Object Repository/Admin Site/Page_Moodle Khu vc qun tr Tm kim - ang  ch  bo tr/a_My ch")): Object: 'Object Repository/Admin Site/Page_Moodle Khu vc qun tr Tm kim - ang  ch  bo tr/a_My ch' is clicked on

2022-01-16 09:05:36 - [MESSAGE][PASSED] - Object: 'Object Repository/Admin Site/Page_Moodle Khu vc qun tr Tm kim - ang  ch  bo tr/a_My ch' is clicked on

2022-01-16 09:05:36 - [TEST_STEP][PASSED] - click(findTestObject("Object Repository/Admin Site/Page_Moodle Khu vc qun tr Tm kim - ang  ch  bo tr/a_Ch  bo tr")): Object: 'Object Repository/Admin Site/Page_Moodle Khu vc qun tr Tm kim - ang  ch  bo tr/a_Ch  bo tr' is clicked on

2022-01-16 09:05:37 - [MESSAGE][PASSED] - Object: 'Object Repository/Admin Site/Page_Moodle Khu vc qun tr Tm kim - ang  ch  bo tr/a_Ch  bo tr' is clicked on

2022-01-16 09:05:37 - [TEST_STEP][PASSED] - selectOptionByValue(findTestObject("Object Repository/Admin Site/Page_Moodle Khu vc qun tr My ch Ch  bo tr -_346a94/select_Tt            M"), "0", true): All options with value '0' are selected in object 'Object Repository/Admin Site/Page_Moodle Khu vc qun tr My ch Ch  bo tr -_346a94/select_Tt            M'  using regular expression

2022-01-16 09:05:39 - [MESSAGE][PASSED] - All options with value '0' are selected in object 'Object Repository/Admin Site/Page_Moodle Khu vc qun tr My ch Ch  bo tr -_346a94/select_Tt            M'  using regular expression

2022-01-16 09:05:39 - [TEST_STEP][PASSED] - click(findTestObject("Object Repository/Admin Site/Page_Moodle Khu vc qun tr My ch Ch  bo tr/button_Lu cc thay i")): Object: 'Object Repository/Admin Site/Page_Moodle Khu vc qun tr My ch Ch  bo tr/button_Lu cc thay i' is clicked on

2022-01-16 09:05:40 - [MESSAGE][PASSED] - Object: 'Object Repository/Admin Site/Page_Moodle Khu vc qun tr My ch Ch  bo tr/button_Lu cc thay i' is clicked on

2022-01-16 09:05:40 - [TEST_STEP][PASSED] - closeBrowser(): Browser is closed

2022-01-16 09:05:41 - [MESSAGE][PASSED] - Browser is closed]]></system-out>
         <system-err><![CDATA[]]></system-err>
      </testcase>
      <testcase name="Test Cases/Create New User/Create Normal User" time="146.256" classname="Test Cases/Create New User/Create Normal User" status="PASSED">
         <system-out><![CDATA[2022-01-16 09:05:41 - [TEST_CASE][PASSED] - Test Cases/Create New User/Create Normal User: Test Cases/Create New User/Create Normal User

2022-01-16 09:05:42 - [TEST_STEP][PASSED] - callTestCase(findTestCase("Admin Site/Login with Admin"), [:], STOP_ON_FAILURE): Call Test Case 'Test Cases/Admin Site/Login with Admin' successfully

2022-01-16 09:05:42 - [TEST_CASE][PASSED] - Test Cases/Admin Site/Login with Admin: Test Cases/Admin Site/Login with Admin

2022-01-16 09:05:42 - [TEST_STEP][PASSED] - openBrowser(""): Browser is opened with url: ''

2022-01-16 09:05:42 - [MESSAGE][INFO] - Starting 'Edge Chromium' driver

2022-01-16 09:05:42 - [MESSAGE][INFO] - Action delay is set to 0 milliseconds

2022-01-16 09:05:44 - [MESSAGE][PASSED] - Browser is opened with url: ''

2022-01-16 09:05:44 - [TEST_STEP][PASSED] - navigateToUrl("http://localhost/"): Navigate to 'http://localhost/' successfully

2022-01-16 09:05:48 - [MESSAGE][PASSED] - Navigate to 'http://localhost/' successfully

2022-01-16 09:05:48 - [TEST_STEP][PASSED] - click(findTestObject("Object Repository/Admin Site/Page_Local Moodle/a_Log in")): Object: 'Object Repository/Admin Site/Page_Local Moodle/a_Log in' is clicked on

2022-01-16 09:05:49 - [MESSAGE][PASSED] - Object: 'Object Repository/Admin Site/Page_Local Moodle/a_Log in' is clicked on

2022-01-16 09:05:49 - [TEST_STEP][PASSED] - setText(findTestObject("Object Repository/Admin Site/Page_Local Moodle Log in to the site/input_Username_username"), "admin"): Text 'admin' is set on object 'Object Repository/Admin Site/Page_Local Moodle Log in to the site/input_Username_username'

2022-01-16 09:05:51 - [MESSAGE][PASSED] - Text 'admin' is set on object 'Object Repository/Admin Site/Page_Local Moodle Log in to the site/input_Username_username'

2022-01-16 09:05:51 - [TEST_STEP][PASSED] - setEncryptedText(findTestObject("Object Repository/Admin Site/Page_Local Moodle Log in to the site/input_Password_password"), "bfAykA/oWJ09FXmiKh6lyuuLu8QhG1K5"): Text ****** has been set on object 'Object Repository/Admin Site/Page_Local Moodle Log in to the site/input_Password_password'

2022-01-16 09:05:52 - [MESSAGE][PASSED] - Text ****** has been set on object 'Object Repository/Admin Site/Page_Local Moodle Log in to the site/input_Password_password'

2022-01-16 09:05:52 - [TEST_STEP][PASSED] - click(findTestObject("Object Repository/Admin Site/Page_Local Moodle Log in to the site/button_Log in")): Object: 'Object Repository/Admin Site/Page_Local Moodle Log in to the site/button_Log in' is clicked on

2022-01-16 09:05:53 - [MESSAGE][PASSED] - Object: 'Object Repository/Admin Site/Page_Local Moodle Log in to the site/button_Log in' is clicked on

2022-01-16 09:05:53 - [TEST_STEP][PASSED] - click(findTestObject("Object Repository/Admin Site/Page_Nh ca ti/span_Qun tr khu vc")): Object: 'Object Repository/Admin Site/Page_Nh ca ti/span_Qun tr khu vc' is clicked on

2022-01-16 09:05:57 - [MESSAGE][PASSED] - Object: 'Object Repository/Admin Site/Page_Nh ca ti/span_Qun tr khu vc' is clicked on

2022-01-16 09:05:57 - [TEST_STEP][PASSED] - verifyElementPresent(findTestObject("Object Repository/Admin Site/Page_Moodle Khu vc qun tr Tm kim/a_Qun tr khu vc"), 0): Object 'Object Repository/Admin Site/Page_Moodle Khu vc qun tr Tm kim/a_Qun tr khu vc' is present

2022-01-16 09:05:57 - [MESSAGE][WARNING] - Timeout '0' is invalid. Using default page load timeout: '5'

2022-01-16 09:05:58 - [MESSAGE][PASSED] - Object 'Object Repository/Admin Site/Page_Moodle Khu vc qun tr Tm kim/a_Qun tr khu vc' is present

2022-01-16 09:05:58 - [MESSAGE][PASSED] - Call Test Case 'Test Cases/Admin Site/Login with Admin' successfully

2022-01-16 09:05:58 - [TEST_STEP][PASSED] - click(findTestObject("Object Repository/Create New User/Page_Moodle Khu vc qun tr My ch Ch  bo tr/span_Qun tr khu vc")): Object: 'Object Repository/Create New User/Page_Moodle Khu vc qun tr My ch Ch  bo tr/span_Qun tr khu vc' is clicked on

2022-01-16 09:06:05 - [MESSAGE][INFO] - Unable to find the element located by 'By.xpath: '. Please recheck the objects properties to make sure the desired element is located. 

2022-01-16 09:06:05 - [MESSAGE][WARNING] - [SELF-HEALING] Failed to find element with id 'Object Repository/Create New User/Page_Moodle Khu vc qun tr My ch Ch  bo tr/span_Qun tr khu vc'. Try using Self-healing.

2022-01-16 09:06:05 - [MESSAGE][WARNING] - [SELF-HEALING] The current locator of test object 'Object Repository/Create New User/Page_Moodle Khu vc qun tr My ch Ch  bo tr/span_Qun tr khu vc' was broken. Propose an alternative one: '//div[@id='nav-drawer']/nav[2]/ul/li/a/div/div/span[2]'.

2022-01-16 09:06:06 - [MESSAGE][PASSED] - Object: 'Object Repository/Create New User/Page_Moodle Khu vc qun tr My ch Ch  bo tr/span_Qun tr khu vc' is clicked on

2022-01-16 09:06:06 - [TEST_STEP][PASSED] - click(findTestObject("Object Repository/Create New User/Page_Moodle Khu vc qun tr Tm kim/a_Thnh vin")): Object: 'Object Repository/Create New User/Page_Moodle Khu vc qun tr Tm kim/a_Thnh vin' is clicked on

2022-01-16 09:06:06 - [MESSAGE][PASSED] - Object: 'Object Repository/Create New User/Page_Moodle Khu vc qun tr Tm kim/a_Thnh vin' is clicked on

2022-01-16 09:06:06 - [TEST_STEP][PASSED] - click(findTestObject("Object Repository/Create New User/Page_Moodle Khu vc qun tr Tm kim/a_Thm thnh vin mi")): Object: 'Object Repository/Create New User/Page_Moodle Khu vc qun tr Tm kim/a_Thm thnh vin mi' is clicked on

2022-01-16 09:06:19 - [MESSAGE][PASSED] - Object: 'Object Repository/Create New User/Page_Moodle Khu vc qun tr Tm kim/a_Thm thnh vin mi' is clicked on

2022-01-16 09:06:19 - [TEST_STEP][PASSED] - setText(findTestObject("Object Repository/Create New User/Page_Moodle Khu vc qun tr Thnh vin Ti khon _57274d/input_Tn ti khon_username"), "test_1"): Text 'test_1' is set on object 'Object Repository/Create New User/Page_Moodle Khu vc qun tr Thnh vin Ti khon _57274d/input_Tn ti khon_username'

2022-01-16 09:06:20 - [MESSAGE][PASSED] - Text 'test_1' is set on object 'Object Repository/Create New User/Page_Moodle Khu vc qun tr Thnh vin Ti khon _57274d/input_Tn ti khon_username'

2022-01-16 09:06:20 - [TEST_STEP][PASSED] - click(findTestObject("Object Repository/Create New User/Page_Moodle Khu vc qun tr Thnh vin Ti khon _57274d/a_Click to enter text")): Object: 'Object Repository/Create New User/Page_Moodle Khu vc qun tr Thnh vin Ti khon _57274d/a_Click to enter text' is clicked on

2022-01-16 09:06:27 - [MESSAGE][INFO] - Unable to find the element located by 'By.xpath: //a[@id='yui_3_17_2_1_1641440991320_766']'. Please recheck the objects properties to make sure the desired element is located. 

2022-01-16 09:06:27 - [MESSAGE][WARNING] - [SELF-HEALING] Failed to find element with id 'Object Repository/Create New User/Page_Moodle Khu vc qun tr Thnh vin Ti khon _57274d/a_Click to enter text'. Try using Self-healing.

2022-01-16 09:06:28 - [MESSAGE][WARNING] - [SELF-HEALING] The current locator of test object 'Object Repository/Create New User/Page_Moodle Khu vc qun tr Thnh vin Ti khon _57274d/a_Click to enter text' was broken. Propose an alternative one: '(.//*[normalize-space(text()) and normalize-space(.)='Mật khẩu mới'])[1]/following::a[2]'.

2022-01-16 09:06:28 - [MESSAGE][PASSED] - Object: 'Object Repository/Create New User/Page_Moodle Khu vc qun tr Thnh vin Ti khon _57274d/a_Click to enter text' is clicked on

2022-01-16 09:06:28 - [TEST_STEP][PASSED] - setEncryptedText(findTestObject("Object Repository/Create New User/Page_Moodle Khu vc qun tr Thnh vin Ti khon _57274d/input_Mt khu mi_newpassword"), "cvW8qx4B2o1gIDzvWT+0mQ=="): Text ****** has been set on object 'Object Repository/Create New User/Page_Moodle Khu vc qun tr Thnh vin Ti khon _57274d/input_Mt khu mi_newpassword'

2022-01-16 09:06:30 - [MESSAGE][PASSED] - Text ****** has been set on object 'Object Repository/Create New User/Page_Moodle Khu vc qun tr Thnh vin Ti khon _57274d/input_Mt khu mi_newpassword'

2022-01-16 09:06:30 - [TEST_STEP][PASSED] - setText(findTestObject("Object Repository/Create New User/Page_Moodle Khu vc qun tr Thnh vin Ti khon _57274d/input_Tn m v tn_firstname"), "A"): Text 'A' is set on object 'Object Repository/Create New User/Page_Moodle Khu vc qun tr Thnh vin Ti khon _57274d/input_Tn m v tn_firstname'

2022-01-16 09:06:31 - [MESSAGE][PASSED] - Text 'A' is set on object 'Object Repository/Create New User/Page_Moodle Khu vc qun tr Thnh vin Ti khon _57274d/input_Tn m v tn_firstname'

2022-01-16 09:06:31 - [TEST_STEP][PASSED] - setText(findTestObject("Object Repository/Create New User/Page_Moodle Khu vc qun tr Thnh vin Ti khon _57274d/input_H_lastname"), "Nguyễn"): Text 'Nguyễn' is set on object 'Object Repository/Create New User/Page_Moodle Khu vc qun tr Thnh vin Ti khon _57274d/input_H_lastname'

2022-01-16 09:06:32 - [MESSAGE][PASSED] - Text 'Nguyễn' is set on object 'Object Repository/Create New User/Page_Moodle Khu vc qun tr Thnh vin Ti khon _57274d/input_H_lastname'

2022-01-16 09:06:32 - [TEST_STEP][PASSED] - setText(findTestObject("Object Repository/Create New User/Page_Moodle Khu vc qun tr Thnh vin Ti khon _57274d/input_a ch th in t_email"), "test_1@gmail.com"): Text 'test_1@gmail.com' is set on object 'Object Repository/Create New User/Page_Moodle Khu vc qun tr Thnh vin Ti khon _57274d/input_a ch th in t_email'

2022-01-16 09:06:33 - [MESSAGE][PASSED] - Text 'test_1@gmail.com' is set on object 'Object Repository/Create New User/Page_Moodle Khu vc qun tr Thnh vin Ti khon _57274d/input_a ch th in t_email'

2022-01-16 09:06:33 - [TEST_STEP][PASSED] - selectOptionByValue(findTestObject("Object Repository/Create New User/Page_Moodle Khu vc qun tr Thnh vin Ti khon _57274d/select_Du a ch th in t ca ti            Cho_daca4a"), "0", true): All options with value '0' are selected in object 'Object Repository/Create New User/Page_Moodle Khu vc qun tr Thnh vin Ti khon _57274d/select_Du a ch th in t ca ti            Cho_daca4a'  using regular expression

2022-01-16 09:06:34 - [MESSAGE][PASSED] - All options with value '0' are selected in object 'Object Repository/Create New User/Page_Moodle Khu vc qun tr Thnh vin Ti khon _57274d/select_Du a ch th in t ca ti            Cho_daca4a'  using regular expression

2022-01-16 09:06:34 - [TEST_STEP][PASSED] - setText(findTestObject("Object Repository/Create New User/Page_Moodle Khu vc qun tr Thnh vin Ti khon _57274d/input_TnhThnh ph_city"), "Hồ Chí Minh"): Text 'Hồ Chí Minh' is set on object 'Object Repository/Create New User/Page_Moodle Khu vc qun tr Thnh vin Ti khon _57274d/input_TnhThnh ph_city'

2022-01-16 09:06:35 - [MESSAGE][PASSED] - Text 'Hồ Chí Minh' is set on object 'Object Repository/Create New User/Page_Moodle Khu vc qun tr Thnh vin Ti khon _57274d/input_TnhThnh ph_city'

2022-01-16 09:06:35 - [TEST_STEP][PASSED] - selectOptionByValue(findTestObject("Object Repository/Create New User/Page_Moodle Khu vc qun tr Thnh vin Ti khon _57274d/select_Chn quc gia.            Afghanistan _0db63d"), "VN", true): All options with value 'VN' are selected in object 'Object Repository/Create New User/Page_Moodle Khu vc qun tr Thnh vin Ti khon _57274d/select_Chn quc gia.            Afghanistan _0db63d'  using regular expression

2022-01-16 09:06:44 - [MESSAGE][PASSED] - All options with value 'VN' are selected in object 'Object Repository/Create New User/Page_Moodle Khu vc qun tr Thnh vin Ti khon _57274d/select_Chn quc gia.            Afghanistan _0db63d'  using regular expression

2022-01-16 09:06:44 - [TEST_STEP][PASSED] - click(findTestObject("Object Repository/Create New User/Page_Moodle Khu vc qun tr Thnh vin Ti khon _57274d/a_Ty bin_1")): Object: 'Object Repository/Create New User/Page_Moodle Khu vc qun tr Thnh vin Ti khon _57274d/a_Ty bin_1' is clicked on

2022-01-16 09:06:51 - [MESSAGE][INFO] - Unable to find the element located by 'By.xpath: //a[@id='yui_3_17_2_1_1641374275535_70']'. Please recheck the objects properties to make sure the desired element is located. 

2022-01-16 09:06:51 - [MESSAGE][WARNING] - [SELF-HEALING] Failed to find element with id 'Object Repository/Create New User/Page_Moodle Khu vc qun tr Thnh vin Ti khon _57274d/a_Ty bin_1'. Try using Self-healing.

2022-01-16 09:06:51 - [MESSAGE][WARNING] - [SELF-HEALING] The current locator of test object 'Object Repository/Create New User/Page_Moodle Khu vc qun tr Thnh vin Ti khon _57274d/a_Ty bin_1' was broken. Propose an alternative one: '//a[contains(text(),'Tùy biến')]'.

2022-01-16 09:06:51 - [MESSAGE][PASSED] - Object: 'Object Repository/Create New User/Page_Moodle Khu vc qun tr Thnh vin Ti khon _57274d/a_Ty bin_1' is clicked on

2022-01-16 09:06:51 - [TEST_STEP][PASSED] - setText(findTestObject("Object Repository/Create New User/Page_Moodle Khu vc qun tr Thnh vin Ti khon _57274d/input_KhoaPhngBan_department"), "Công nghệ thông tin"): Text 'Công nghệ thông tin' is set on object 'Object Repository/Create New User/Page_Moodle Khu vc qun tr Thnh vin Ti khon _57274d/input_KhoaPhngBan_department'

2022-01-16 09:06:52 - [MESSAGE][PASSED] - Text 'Công nghệ thông tin' is set on object 'Object Repository/Create New User/Page_Moodle Khu vc qun tr Thnh vin Ti khon _57274d/input_KhoaPhngBan_department'

2022-01-16 09:06:52 - [TEST_STEP][PASSED] - click(findTestObject("Object Repository/Create New User/Page_Moodle Khu vc qun tr Thnh vin Ti khon _57274d/input_a ch_submitbutton")): Object: 'Object Repository/Create New User/Page_Moodle Khu vc qun tr Thnh vin Ti khon _57274d/input_a ch_submitbutton' is clicked on

2022-01-16 09:07:05 - [MESSAGE][PASSED] - Object: 'Object Repository/Create New User/Page_Moodle Khu vc qun tr Thnh vin Ti khon _57274d/input_a ch_submitbutton' is clicked on

2022-01-16 09:07:05 - [TEST_STEP][PASSED] - navigateToUrl("http://localhost/admin/user.php"): Navigate to 'http://localhost/admin/user.php' successfully

2022-01-16 09:07:05 - [MESSAGE][PASSED] - Navigate to 'http://localhost/admin/user.php' successfully

2022-01-16 09:07:05 - [TEST_STEP][PASSED] - click(findTestObject("Object Repository/Create New User/Page_Moodle Khu vc qun tr Thnh vin Ti khon _9bfdd2/a_Qun tr Thnh vin")): Object: 'Object Repository/Create New User/Page_Moodle Khu vc qun tr Thnh vin Ti khon _9bfdd2/a_Qun tr Thnh vin' is clicked on

2022-01-16 09:07:06 - [MESSAGE][PASSED] - Object: 'Object Repository/Create New User/Page_Moodle Khu vc qun tr Thnh vin Ti khon _9bfdd2/a_Qun tr Thnh vin' is clicked on

2022-01-16 09:07:06 - [TEST_STEP][PASSED] - click(findTestObject("Object Repository/Create New User/Page_Moodle Khu vc qun tr Thnh vin Ti khon _9bfdd2/span_Thot")): Object: 'Object Repository/Create New User/Page_Moodle Khu vc qun tr Thnh vin Ti khon _9bfdd2/span_Thot' is clicked on

2022-01-16 09:07:07 - [MESSAGE][PASSED] - Object: 'Object Repository/Create New User/Page_Moodle Khu vc qun tr Thnh vin Ti khon _9bfdd2/span_Thot' is clicked on

2022-01-16 09:07:07 - [TEST_STEP][PASSED] - click(findTestObject("Object Repository/Create New User/Page_Local Moodle/a_Log in")): Object: 'Object Repository/Create New User/Page_Local Moodle/a_Log in' is clicked on

2022-01-16 09:07:08 - [MESSAGE][PASSED] - Object: 'Object Repository/Create New User/Page_Local Moodle/a_Log in' is clicked on

2022-01-16 09:07:08 - [TEST_STEP][PASSED] - setText(findTestObject("Object Repository/Create New User/Page_Local Moodle Log in to the site/input_Username_username"), "test_1"): Text 'test_1' is set on object 'Object Repository/Create New User/Page_Local Moodle Log in to the site/input_Username_username'

2022-01-16 09:07:09 - [MESSAGE][PASSED] - Text 'test_1' is set on object 'Object Repository/Create New User/Page_Local Moodle Log in to the site/input_Username_username'

2022-01-16 09:07:09 - [TEST_STEP][PASSED] - setEncryptedText(findTestObject("Object Repository/Create New User/Page_Local Moodle Log in to the site/input_Password_password"), "cvW8qx4B2o1gIDzvWT+0mQ=="): Text ****** has been set on object 'Object Repository/Create New User/Page_Local Moodle Log in to the site/input_Password_password'

2022-01-16 09:07:09 - [MESSAGE][PASSED] - Text ****** has been set on object 'Object Repository/Create New User/Page_Local Moodle Log in to the site/input_Password_password'

2022-01-16 09:07:09 - [TEST_STEP][PASSED] - click(findTestObject("Object Repository/Create New User/Page_Local Moodle Log in to the site/button_Log in")): Object: 'Object Repository/Create New User/Page_Local Moodle Log in to the site/button_Log in' is clicked on

2022-01-16 09:07:12 - [MESSAGE][PASSED] - Object: 'Object Repository/Create New User/Page_Local Moodle Log in to the site/button_Log in' is clicked on

2022-01-16 09:07:12 - [TEST_STEP][PASSED] - click(findTestObject("Object Repository/Create New User/Page_Nh ca ti/a_A Nguyn")): Object: 'Object Repository/Create New User/Page_Nh ca ti/a_A Nguyn' is clicked on

2022-01-16 09:07:13 - [MESSAGE][PASSED] - Object: 'Object Repository/Create New User/Page_Nh ca ti/a_A Nguyn' is clicked on

2022-01-16 09:07:13 - [TEST_STEP][PASSED] - click(findTestObject("Object Repository/Create New User/Page_Nh ca ti/a_H s")): Object: 'Object Repository/Create New User/Page_Nh ca ti/a_H s' is clicked on

2022-01-16 09:07:20 - [MESSAGE][PASSED] - Object: 'Object Repository/Create New User/Page_Nh ca ti/a_H s' is clicked on

2022-01-16 09:07:20 - [TEST_STEP][PASSED] - verifyElementText(findTestObject("Object Repository/Create New User/Page_A Nguyn H s cng khai/h1_A Nguyn"), "A Nguyễn"): Actual text and expected text of test object 'Object Repository/Create New User/Page_A Nguyn H s cng khai/h1_A Nguyn' are matched.

2022-01-16 09:07:20 - [MESSAGE][PASSED] - Actual text and expected text of test object 'Object Repository/Create New User/Page_A Nguyn H s cng khai/h1_A Nguyn' are matched.

2022-01-16 09:07:20 - [TEST_STEP][PASSED] - verifyElementText(findTestObject("Object Repository/Create New User/Page_A Nguyn H s cng khai/a_test_1gmail.com_1"), "test_1@gmail.com"): Actual text and expected text of test object 'Object Repository/Create New User/Page_A Nguyn H s cng khai/a_test_1gmail.com_1' are matched.

2022-01-16 09:07:21 - [MESSAGE][PASSED] - Actual text and expected text of test object 'Object Repository/Create New User/Page_A Nguyn H s cng khai/a_test_1gmail.com_1' are matched.

2022-01-16 09:07:21 - [TEST_STEP][PASSED] - verifyElementText(findTestObject("Object Repository/Create New User/Page_A Nguyn H s cng khai/dd_Vit Nam"), "Việt Nam"): Actual text and expected text of test object 'Object Repository/Create New User/Page_A Nguyn H s cng khai/dd_Vit Nam' are matched.

2022-01-16 09:07:21 - [MESSAGE][PASSED] - Actual text and expected text of test object 'Object Repository/Create New User/Page_A Nguyn H s cng khai/dd_Vit Nam' are matched.

2022-01-16 09:07:21 - [TEST_STEP][PASSED] - verifyElementText(findTestObject("Object Repository/Create New User/Page_A Nguyn H s cng khai/dd_H Ch Minh"), "Hồ Chí Minh"): Actual text and expected text of test object 'Object Repository/Create New User/Page_A Nguyn H s cng khai/dd_H Ch Minh' are matched.

2022-01-16 09:07:22 - [MESSAGE][PASSED] - Actual text and expected text of test object 'Object Repository/Create New User/Page_A Nguyn H s cng khai/dd_H Ch Minh' are matched.

2022-01-16 09:07:22 - [TEST_STEP][PASSED] - click(findTestObject("Object Repository/Create New User/Page_A Nguyn H s cng khai/a_A Nguyn")): Object: 'Object Repository/Create New User/Page_A Nguyn H s cng khai/a_A Nguyn' is clicked on

2022-01-16 09:07:22 - [MESSAGE][PASSED] - Object: 'Object Repository/Create New User/Page_A Nguyn H s cng khai/a_A Nguyn' is clicked on

2022-01-16 09:07:22 - [TEST_STEP][PASSED] - click(findTestObject("Object Repository/Create New User/Page_A Nguyn H s cng khai/a_Thot")): Object: 'Object Repository/Create New User/Page_A Nguyn H s cng khai/a_Thot' is clicked on

2022-01-16 09:07:24 - [MESSAGE][PASSED] - Object: 'Object Repository/Create New User/Page_A Nguyn H s cng khai/a_Thot' is clicked on

2022-01-16 09:07:24 - [TEST_STEP][PASSED] - click(findTestObject("Object Repository/Create New User/Page_Local Moodle/a_Log in")): Object: 'Object Repository/Create New User/Page_Local Moodle/a_Log in' is clicked on

2022-01-16 09:07:25 - [MESSAGE][PASSED] - Object: 'Object Repository/Create New User/Page_Local Moodle/a_Log in' is clicked on

2022-01-16 09:07:25 - [TEST_STEP][PASSED] - setText(findTestObject("Object Repository/Create New User/Page_Local Moodle Log in to the site/input_Username_username"), "admin"): Text 'admin' is set on object 'Object Repository/Create New User/Page_Local Moodle Log in to the site/input_Username_username'

2022-01-16 09:07:26 - [MESSAGE][PASSED] - Text 'admin' is set on object 'Object Repository/Create New User/Page_Local Moodle Log in to the site/input_Username_username'

2022-01-16 09:07:26 - [TEST_STEP][PASSED] - setEncryptedText(findTestObject("Object Repository/Create New User/Page_Local Moodle Log in to the site/input_Password_password"), "bfAykA/oWJ09FXmiKh6lyuuLu8QhG1K5"): Text ****** has been set on object 'Object Repository/Create New User/Page_Local Moodle Log in to the site/input_Password_password'

2022-01-16 09:07:26 - [MESSAGE][PASSED] - Text ****** has been set on object 'Object Repository/Create New User/Page_Local Moodle Log in to the site/input_Password_password'

2022-01-16 09:07:26 - [TEST_STEP][PASSED] - click(findTestObject("Object Repository/Create New User/Page_Local Moodle Log in to the site/button_Log in")): Object: 'Object Repository/Create New User/Page_Local Moodle Log in to the site/button_Log in' is clicked on

2022-01-16 09:07:27 - [MESSAGE][PASSED] - Object: 'Object Repository/Create New User/Page_Local Moodle Log in to the site/button_Log in' is clicked on

2022-01-16 09:07:27 - [TEST_STEP][PASSED] - click(findTestObject("Object Repository/Create New User/Page_Nh ca ti/span_Qun tr khu vc")): Object: 'Object Repository/Create New User/Page_Nh ca ti/span_Qun tr khu vc' is clicked on

2022-01-16 09:07:31 - [MESSAGE][PASSED] - Object: 'Object Repository/Create New User/Page_Nh ca ti/span_Qun tr khu vc' is clicked on

2022-01-16 09:07:31 - [TEST_STEP][PASSED] - click(findTestObject("Object Repository/Create New User/Page_Moodle Khu vc qun tr Tm kim/a_Thnh vin")): Object: 'Object Repository/Create New User/Page_Moodle Khu vc qun tr Tm kim/a_Thnh vin' is clicked on

2022-01-16 09:07:31 - [MESSAGE][PASSED] - Object: 'Object Repository/Create New User/Page_Moodle Khu vc qun tr Tm kim/a_Thnh vin' is clicked on

2022-01-16 09:07:31 - [TEST_STEP][PASSED] - click(findTestObject("Object Repository/Create New User/Page_Moodle Khu vc qun tr Tm kim/a_Xem danh sch thnh vin")): Object: 'Object Repository/Create New User/Page_Moodle Khu vc qun tr Tm kim/a_Xem danh sch thnh vin' is clicked on

2022-01-16 09:07:33 - [MESSAGE][PASSED] - Object: 'Object Repository/Create New User/Page_Moodle Khu vc qun tr Tm kim/a_Xem danh sch thnh vin' is clicked on

2022-01-16 09:07:33 - [TEST_STEP][PASSED] - click(findTestObject("Object Repository/Create New User/Page_Moodle Khu vc qun tr Thnh vin Ti khon _9bfdd2/i_Vit Nam_yui_3_17_2_1_1642096245171_45")): Object: 'Object Repository/Create New User/Page_Moodle Khu vc qun tr Thnh vin Ti khon _9bfdd2/i_Vit Nam_yui_3_17_2_1_1642096245171_45' is clicked on

2022-01-16 09:07:39 - [MESSAGE][INFO] - Unable to find the element located by 'By.xpath: //i[@id='yui_3_17_2_1_1642096245171_45']'. Please recheck the objects properties to make sure the desired element is located. 

2022-01-16 09:07:39 - [MESSAGE][WARNING] - [SELF-HEALING] Failed to find element with id 'Object Repository/Create New User/Page_Moodle Khu vc qun tr Thnh vin Ti khon _9bfdd2/i_Vit Nam_yui_3_17_2_1_1642096245171_45'. Try using Self-healing.

2022-01-16 09:07:39 - [MESSAGE][WARNING] - [SELF-HEALING] The current locator of test object 'Object Repository/Create New User/Page_Moodle Khu vc qun tr Thnh vin Ti khon _9bfdd2/i_Vit Nam_yui_3_17_2_1_1642096245171_45' was broken. Propose an alternative one: '//td[6]/a/i'.

2022-01-16 09:07:39 - [MESSAGE][PASSED] - Object: 'Object Repository/Create New User/Page_Moodle Khu vc qun tr Thnh vin Ti khon _9bfdd2/i_Vit Nam_yui_3_17_2_1_1642096245171_45' is clicked on

2022-01-16 09:07:39 - [TEST_STEP][PASSED] - click(findTestObject("Object Repository/Create New User/Page_Moodle Khu vc qun tr Thnh vin Ti khon _9bfdd2/button_Xo")): Object: 'Object Repository/Create New User/Page_Moodle Khu vc qun tr Thnh vin Ti khon _9bfdd2/button_Xo' is clicked on

2022-01-16 09:07:46 - [MESSAGE][INFO] - Unable to find the element located by 'By.xpath: //button[@id='single_button61e066810a7c320']'. Please recheck the objects properties to make sure the desired element is located. 

2022-01-16 09:07:46 - [MESSAGE][WARNING] - [SELF-HEALING] Failed to find element with id 'Object Repository/Create New User/Page_Moodle Khu vc qun tr Thnh vin Ti khon _9bfdd2/button_Xo'. Try using Self-healing.

2022-01-16 09:07:46 - [MESSAGE][WARNING] - [SELF-HEALING] The current locator of test object 'Object Repository/Create New User/Page_Moodle Khu vc qun tr Thnh vin Ti khon _9bfdd2/button_Xo' was broken. Propose an alternative one: '//div[@id='modal-footer']/div/div/form/button'.

2022-01-16 09:08:06 - [MESSAGE][PASSED] - Object: 'Object Repository/Create New User/Page_Moodle Khu vc qun tr Thnh vin Ti khon _9bfdd2/button_Xo' is clicked on

2022-01-16 09:08:06 - [TEST_STEP][PASSED] - closeBrowser(): Browser is closed

2022-01-16 09:08:08 - [MESSAGE][PASSED] - Browser is closed]]></system-out>
         <system-err><![CDATA[]]></system-err>
      </testcase>
      <testcase name="Test Cases/Create New User/Create New User Password Fail" time="42.026" classname="Test Cases/Create New User/Create New User Password Fail" status="PASSED">
         <system-out><![CDATA[2022-01-16 09:08:08 - [TEST_CASE][PASSED] - Test Cases/Create New User/Create New User Password Fail: Test Cases/Create New User/Create New User Password Fail

2022-01-16 09:08:08 - [TEST_STEP][PASSED] - callTestCase(findTestCase("Admin Site/Login with Admin"), [:], STOP_ON_FAILURE): Call Test Case 'Test Cases/Admin Site/Login with Admin' successfully

2022-01-16 09:08:08 - [TEST_CASE][PASSED] - Test Cases/Admin Site/Login with Admin: Test Cases/Admin Site/Login with Admin

2022-01-16 09:08:08 - [TEST_STEP][PASSED] - openBrowser(""): Browser is opened with url: ''

2022-01-16 09:08:08 - [MESSAGE][INFO] - Starting 'Edge Chromium' driver

2022-01-16 09:08:10 - [MESSAGE][INFO] - Action delay is set to 0 milliseconds

2022-01-16 09:08:14 - [MESSAGE][PASSED] - Browser is opened with url: ''

2022-01-16 09:08:14 - [TEST_STEP][PASSED] - navigateToUrl("http://localhost/"): Navigate to 'http://localhost/' successfully

2022-01-16 09:08:19 - [MESSAGE][PASSED] - Navigate to 'http://localhost/' successfully

2022-01-16 09:08:19 - [TEST_STEP][PASSED] - click(findTestObject("Object Repository/Admin Site/Page_Local Moodle/a_Log in")): Object: 'Object Repository/Admin Site/Page_Local Moodle/a_Log in' is clicked on

2022-01-16 09:08:20 - [MESSAGE][PASSED] - Object: 'Object Repository/Admin Site/Page_Local Moodle/a_Log in' is clicked on

2022-01-16 09:08:20 - [TEST_STEP][PASSED] - setText(findTestObject("Object Repository/Admin Site/Page_Local Moodle Log in to the site/input_Username_username"), "admin"): Text 'admin' is set on object 'Object Repository/Admin Site/Page_Local Moodle Log in to the site/input_Username_username'

2022-01-16 09:08:21 - [MESSAGE][PASSED] - Text 'admin' is set on object 'Object Repository/Admin Site/Page_Local Moodle Log in to the site/input_Username_username'

2022-01-16 09:08:21 - [TEST_STEP][PASSED] - setEncryptedText(findTestObject("Object Repository/Admin Site/Page_Local Moodle Log in to the site/input_Password_password"), "bfAykA/oWJ09FXmiKh6lyuuLu8QhG1K5"): Text ****** has been set on object 'Object Repository/Admin Site/Page_Local Moodle Log in to the site/input_Password_password'

2022-01-16 09:08:21 - [MESSAGE][PASSED] - Text ****** has been set on object 'Object Repository/Admin Site/Page_Local Moodle Log in to the site/input_Password_password'

2022-01-16 09:08:21 - [TEST_STEP][PASSED] - click(findTestObject("Object Repository/Admin Site/Page_Local Moodle Log in to the site/button_Log in")): Object: 'Object Repository/Admin Site/Page_Local Moodle Log in to the site/button_Log in' is clicked on

2022-01-16 09:08:24 - [MESSAGE][PASSED] - Object: 'Object Repository/Admin Site/Page_Local Moodle Log in to the site/button_Log in' is clicked on

2022-01-16 09:08:24 - [TEST_STEP][PASSED] - click(findTestObject("Object Repository/Admin Site/Page_Nh ca ti/span_Qun tr khu vc")): Object: 'Object Repository/Admin Site/Page_Nh ca ti/span_Qun tr khu vc' is clicked on

2022-01-16 09:08:27 - [MESSAGE][PASSED] - Object: 'Object Repository/Admin Site/Page_Nh ca ti/span_Qun tr khu vc' is clicked on

2022-01-16 09:08:27 - [TEST_STEP][PASSED] - verifyElementPresent(findTestObject("Object Repository/Admin Site/Page_Moodle Khu vc qun tr Tm kim/a_Qun tr khu vc"), 0): Object 'Object Repository/Admin Site/Page_Moodle Khu vc qun tr Tm kim/a_Qun tr khu vc' is present

2022-01-16 09:08:27 - [MESSAGE][WARNING] - Timeout '0' is invalid. Using default page load timeout: '5'

2022-01-16 09:08:28 - [MESSAGE][PASSED] - Object 'Object Repository/Admin Site/Page_Moodle Khu vc qun tr Tm kim/a_Qun tr khu vc' is present

2022-01-16 09:08:28 - [MESSAGE][PASSED] - Call Test Case 'Test Cases/Admin Site/Login with Admin' successfully

2022-01-16 09:08:28 - [TEST_STEP][PASSED] - click(findTestObject("Object Repository/Create New User/Page_Moodle Khu vc qun tr Tm kim/a_Thnh vin")): Object: 'Object Repository/Create New User/Page_Moodle Khu vc qun tr Tm kim/a_Thnh vin' is clicked on

2022-01-16 09:08:28 - [MESSAGE][PASSED] - Object: 'Object Repository/Create New User/Page_Moodle Khu vc qun tr Tm kim/a_Thnh vin' is clicked on

2022-01-16 09:08:28 - [TEST_STEP][PASSED] - click(findTestObject("Object Repository/Create New User/Page_Moodle Khu vc qun tr Tm kim/a_Thm thnh vin mi")): Object: 'Object Repository/Create New User/Page_Moodle Khu vc qun tr Tm kim/a_Thm thnh vin mi' is clicked on

2022-01-16 09:08:29 - [MESSAGE][PASSED] - Object: 'Object Repository/Create New User/Page_Moodle Khu vc qun tr Tm kim/a_Thm thnh vin mi' is clicked on

2022-01-16 09:08:29 - [TEST_STEP][PASSED] - navigateToUrl("http://localhost/user/editadvanced.php?id=-1"): Navigate to 'http://localhost/user/editadvanced.php?id=-1' successfully

2022-01-16 09:08:30 - [MESSAGE][PASSED] - Navigate to 'http://localhost/user/editadvanced.php?id=-1' successfully

2022-01-16 09:08:30 - [TEST_STEP][PASSED] - click(findTestObject("Object Repository/Create New User/Page_Moodle Khu vc qun tr Thnh vin Ti khon _57274d/input_Tn ti khon_username")): Object: 'Object Repository/Create New User/Page_Moodle Khu vc qun tr Thnh vin Ti khon _57274d/input_Tn ti khon_username' is clicked on

2022-01-16 09:08:31 - [MESSAGE][PASSED] - Object: 'Object Repository/Create New User/Page_Moodle Khu vc qun tr Thnh vin Ti khon _57274d/input_Tn ti khon_username' is clicked on

2022-01-16 09:08:31 - [TEST_STEP][PASSED] - setText(findTestObject("Object Repository/Create New User/Page_Moodle Khu vc qun tr Thnh vin Ti khon _57274d/input_Tn ti khon_username"), "test_fail"): Text 'test_fail' is set on object 'Object Repository/Create New User/Page_Moodle Khu vc qun tr Thnh vin Ti khon _57274d/input_Tn ti khon_username'

2022-01-16 09:08:32 - [MESSAGE][PASSED] - Text 'test_fail' is set on object 'Object Repository/Create New User/Page_Moodle Khu vc qun tr Thnh vin Ti khon _57274d/input_Tn ti khon_username'

2022-01-16 09:08:32 - [TEST_STEP][PASSED] - setText(findTestObject("Object Repository/Create New User/Page_Moodle Khu vc qun tr Thnh vin Ti khon _57274d/input_Tn m v tn_firstname"), "1"): Text '1' is set on object 'Object Repository/Create New User/Page_Moodle Khu vc qun tr Thnh vin Ti khon _57274d/input_Tn m v tn_firstname'

2022-01-16 09:08:33 - [MESSAGE][PASSED] - Text '1' is set on object 'Object Repository/Create New User/Page_Moodle Khu vc qun tr Thnh vin Ti khon _57274d/input_Tn m v tn_firstname'

2022-01-16 09:08:33 - [TEST_STEP][PASSED] - setText(findTestObject("Object Repository/Create New User/Page_Moodle Khu vc qun tr Thnh vin Ti khon _57274d/input_H_lastname"), "2"): Text '2' is set on object 'Object Repository/Create New User/Page_Moodle Khu vc qun tr Thnh vin Ti khon _57274d/input_H_lastname'

2022-01-16 09:08:34 - [MESSAGE][PASSED] - Text '2' is set on object 'Object Repository/Create New User/Page_Moodle Khu vc qun tr Thnh vin Ti khon _57274d/input_H_lastname'

2022-01-16 09:08:34 - [TEST_STEP][PASSED] - setText(findTestObject("Object Repository/Create New User/Page_Moodle Khu vc qun tr Thnh vin Ti khon _57274d/input_a ch th in t_email"), "test_fail@gmail.com"): Text 'test_fail@gmail.com' is set on object 'Object Repository/Create New User/Page_Moodle Khu vc qun tr Thnh vin Ti khon _57274d/input_a ch th in t_email'

2022-01-16 09:08:35 - [MESSAGE][PASSED] - Text 'test_fail@gmail.com' is set on object 'Object Repository/Create New User/Page_Moodle Khu vc qun tr Thnh vin Ti khon _57274d/input_a ch th in t_email'

2022-01-16 09:08:35 - [TEST_STEP][PASSED] - click(findTestObject("Object Repository/Create New User/Page_Moodle Khu vc qun tr Thnh vin Ti khon _57274d/em_Click to enter text")): Object: 'Object Repository/Create New User/Page_Moodle Khu vc qun tr Thnh vin Ti khon _57274d/em_Click to enter text' is clicked on

2022-01-16 09:08:41 - [MESSAGE][INFO] - Unable to find the element located by 'By.xpath: //a[@id='yui_3_17_2_1_1642069056468_763']/span/span/em'. Please recheck the objects properties to make sure the desired element is located. 

2022-01-16 09:08:41 - [MESSAGE][WARNING] - [SELF-HEALING] Failed to find element with id 'Object Repository/Create New User/Page_Moodle Khu vc qun tr Thnh vin Ti khon _57274d/em_Click to enter text'. Try using Self-healing.

2022-01-16 09:08:41 - [MESSAGE][WARNING] - [SELF-HEALING] The current locator of test object 'Object Repository/Create New User/Page_Moodle Khu vc qun tr Thnh vin Ti khon _57274d/em_Click to enter text' was broken. Propose an alternative one: '(.//*[normalize-space(text()) and normalize-space(.)='Mật khẩu mới'])[1]/following::em[1]'.

2022-01-16 09:08:41 - [MESSAGE][PASSED] - Object: 'Object Repository/Create New User/Page_Moodle Khu vc qun tr Thnh vin Ti khon _57274d/em_Click to enter text' is clicked on

2022-01-16 09:08:41 - [TEST_STEP][PASSED] - setEncryptedText(findTestObject("Object Repository/Create New User/Page_Moodle Khu vc qun tr Thnh vin Ti khon _57274d/input_Mt khu mi_newpassword"), "RigbBhfdqOBGNlJIWM1ClA=="): Text ****** has been set on object 'Object Repository/Create New User/Page_Moodle Khu vc qun tr Thnh vin Ti khon _57274d/input_Mt khu mi_newpassword'

2022-01-16 09:08:42 - [MESSAGE][PASSED] - Text ****** has been set on object 'Object Repository/Create New User/Page_Moodle Khu vc qun tr Thnh vin Ti khon _57274d/input_Mt khu mi_newpassword'

2022-01-16 09:08:42 - [TEST_STEP][PASSED] - click(findTestObject("Object Repository/Create New User/Page_Moodle Khu vc qun tr Thnh vin Ti khon _57274d/input_a ch_submitbutton")): Object: 'Object Repository/Create New User/Page_Moodle Khu vc qun tr Thnh vin Ti khon _57274d/input_a ch_submitbutton' is clicked on

2022-01-16 09:08:47 - [MESSAGE][PASSED] - Object: 'Object Repository/Create New User/Page_Moodle Khu vc qun tr Thnh vin Ti khon _57274d/input_a ch_submitbutton' is clicked on

2022-01-16 09:08:47 - [TEST_STEP][PASSED] - verifyElementPresent(findTestObject("Object Repository/Create New User/Page_Moodle Khu vc qun tr Thnh vin Ti khon _57274d/div_Mt khu phi c t nht l 1 k t vit thng"), 0): Object 'Object Repository/Create New User/Page_Moodle Khu vc qun tr Thnh vin Ti khon _57274d/div_Mt khu phi c t nht l 1 k t vit thng' is present

2022-01-16 09:08:47 - [MESSAGE][WARNING] - Timeout '0' is invalid. Using default page load timeout: '5'

2022-01-16 09:08:48 - [MESSAGE][PASSED] - Object 'Object Repository/Create New User/Page_Moodle Khu vc qun tr Thnh vin Ti khon _57274d/div_Mt khu phi c t nht l 1 k t vit thng' is present

2022-01-16 09:08:48 - [TEST_STEP][PASSED] - verifyElementPresent(findTestObject("Object Repository/Create New User/Page_Moodle Khu vc qun tr Thnh vin Ti khon _57274d/div_Mt khu phi c t nht l 1 k t vit hoa"), 0): Object 'Object Repository/Create New User/Page_Moodle Khu vc qun tr Thnh vin Ti khon _57274d/div_Mt khu phi c t nht l 1 k t vit hoa' is present

2022-01-16 09:08:48 - [MESSAGE][WARNING] - Timeout '0' is invalid. Using default page load timeout: '5'

2022-01-16 09:08:48 - [MESSAGE][PASSED] - Object 'Object Repository/Create New User/Page_Moodle Khu vc qun tr Thnh vin Ti khon _57274d/div_Mt khu phi c t nht l 1 k t vit hoa' is present

2022-01-16 09:08:48 - [TEST_STEP][PASSED] - verifyElementPresent(findTestObject("Object Repository/Create New User/Page_Moodle Khu vc qun tr Thnh vin Ti khon _57274d/div_Mt khu phi c t nht l 1 k t dng ch"), 0): Object 'Object Repository/Create New User/Page_Moodle Khu vc qun tr Thnh vin Ti khon _57274d/div_Mt khu phi c t nht l 1 k t dng ch' is present

2022-01-16 09:08:48 - [MESSAGE][WARNING] - Timeout '0' is invalid. Using default page load timeout: '5'

2022-01-16 09:08:49 - [MESSAGE][PASSED] - Object 'Object Repository/Create New User/Page_Moodle Khu vc qun tr Thnh vin Ti khon _57274d/div_Mt khu phi c t nht l 1 k t dng ch' is present

2022-01-16 09:08:49 - [TEST_STEP][PASSED] - closeBrowser(): Browser is closed

2022-01-16 09:08:50 - [MESSAGE][PASSED] - Browser is closed]]></system-out>
         <system-err><![CDATA[]]></system-err>
      </testcase>
      <testcase name="Test Cases/Create New User/Create New User With Full Information" time="138.449" classname="Test Cases/Create New User/Create New User With Full Information" status="PASSED">
         <system-out><![CDATA[2022-01-16 09:08:50 - [TEST_CASE][PASSED] - Test Cases/Create New User/Create New User With Full Information: Test Cases/Create New User/Create New User With Full Information

2022-01-16 09:08:50 - [TEST_STEP][PASSED] - callTestCase(findTestCase("Admin Site/Login with Admin"), [:], STOP_ON_FAILURE): Call Test Case 'Test Cases/Admin Site/Login with Admin' successfully

2022-01-16 09:08:50 - [TEST_CASE][PASSED] - Test Cases/Admin Site/Login with Admin: Test Cases/Admin Site/Login with Admin

2022-01-16 09:08:50 - [TEST_STEP][PASSED] - openBrowser(""): Browser is opened with url: ''

2022-01-16 09:08:50 - [MESSAGE][INFO] - Starting 'Edge Chromium' driver

2022-01-16 09:08:52 - [MESSAGE][INFO] - Action delay is set to 0 milliseconds

2022-01-16 09:08:56 - [MESSAGE][PASSED] - Browser is opened with url: ''

2022-01-16 09:08:56 - [TEST_STEP][PASSED] - navigateToUrl("http://localhost/"): Navigate to 'http://localhost/' successfully

2022-01-16 09:09:01 - [MESSAGE][PASSED] - Navigate to 'http://localhost/' successfully

2022-01-16 09:09:01 - [TEST_STEP][PASSED] - click(findTestObject("Object Repository/Admin Site/Page_Local Moodle/a_Log in")): Object: 'Object Repository/Admin Site/Page_Local Moodle/a_Log in' is clicked on

2022-01-16 09:09:02 - [MESSAGE][PASSED] - Object: 'Object Repository/Admin Site/Page_Local Moodle/a_Log in' is clicked on

2022-01-16 09:09:02 - [TEST_STEP][PASSED] - setText(findTestObject("Object Repository/Admin Site/Page_Local Moodle Log in to the site/input_Username_username"), "admin"): Text 'admin' is set on object 'Object Repository/Admin Site/Page_Local Moodle Log in to the site/input_Username_username'

2022-01-16 09:09:03 - [MESSAGE][PASSED] - Text 'admin' is set on object 'Object Repository/Admin Site/Page_Local Moodle Log in to the site/input_Username_username'

2022-01-16 09:09:03 - [TEST_STEP][PASSED] - setEncryptedText(findTestObject("Object Repository/Admin Site/Page_Local Moodle Log in to the site/input_Password_password"), "bfAykA/oWJ09FXmiKh6lyuuLu8QhG1K5"): Text ****** has been set on object 'Object Repository/Admin Site/Page_Local Moodle Log in to the site/input_Password_password'

2022-01-16 09:09:03 - [MESSAGE][PASSED] - Text ****** has been set on object 'Object Repository/Admin Site/Page_Local Moodle Log in to the site/input_Password_password'

2022-01-16 09:09:03 - [TEST_STEP][PASSED] - click(findTestObject("Object Repository/Admin Site/Page_Local Moodle Log in to the site/button_Log in")): Object: 'Object Repository/Admin Site/Page_Local Moodle Log in to the site/button_Log in' is clicked on

2022-01-16 09:09:05 - [MESSAGE][PASSED] - Object: 'Object Repository/Admin Site/Page_Local Moodle Log in to the site/button_Log in' is clicked on

2022-01-16 09:09:05 - [TEST_STEP][PASSED] - click(findTestObject("Object Repository/Admin Site/Page_Nh ca ti/span_Qun tr khu vc")): Object: 'Object Repository/Admin Site/Page_Nh ca ti/span_Qun tr khu vc' is clicked on

2022-01-16 09:09:09 - [MESSAGE][PASSED] - Object: 'Object Repository/Admin Site/Page_Nh ca ti/span_Qun tr khu vc' is clicked on

2022-01-16 09:09:09 - [TEST_STEP][PASSED] - verifyElementPresent(findTestObject("Object Repository/Admin Site/Page_Moodle Khu vc qun tr Tm kim/a_Qun tr khu vc"), 0): Object 'Object Repository/Admin Site/Page_Moodle Khu vc qun tr Tm kim/a_Qun tr khu vc' is present

2022-01-16 09:09:09 - [MESSAGE][WARNING] - Timeout '0' is invalid. Using default page load timeout: '5'

2022-01-16 09:09:09 - [MESSAGE][PASSED] - Object 'Object Repository/Admin Site/Page_Moodle Khu vc qun tr Tm kim/a_Qun tr khu vc' is present

2022-01-16 09:09:09 - [MESSAGE][PASSED] - Call Test Case 'Test Cases/Admin Site/Login with Admin' successfully

2022-01-16 09:09:09 - [TEST_STEP][PASSED] - click(findTestObject("Object Repository/Create New User/Page_Moodle Khu vc qun tr Tm kim/a_Thnh vin")): Object: 'Object Repository/Create New User/Page_Moodle Khu vc qun tr Tm kim/a_Thnh vin' is clicked on

2022-01-16 09:09:10 - [MESSAGE][PASSED] - Object: 'Object Repository/Create New User/Page_Moodle Khu vc qun tr Tm kim/a_Thnh vin' is clicked on

2022-01-16 09:09:10 - [TEST_STEP][PASSED] - click(findTestObject("Object Repository/Create New User/Page_Moodle Khu vc qun tr Tm kim/a_Thm thnh vin mi")): Object: 'Object Repository/Create New User/Page_Moodle Khu vc qun tr Tm kim/a_Thm thnh vin mi' is clicked on

2022-01-16 09:09:15 - [MESSAGE][PASSED] - Object: 'Object Repository/Create New User/Page_Moodle Khu vc qun tr Tm kim/a_Thm thnh vin mi' is clicked on

2022-01-16 09:09:15 - [TEST_STEP][PASSED] - navigateToUrl("http://localhost/user/editadvanced.php?id=-1"): Navigate to 'http://localhost/user/editadvanced.php?id=-1' successfully

2022-01-16 09:09:18 - [MESSAGE][PASSED] - Navigate to 'http://localhost/user/editadvanced.php?id=-1' successfully

2022-01-16 09:09:18 - [TEST_STEP][PASSED] - click(findTestObject("Object Repository/Create New User/Page_Moodle Khu vc qun tr Thnh vin Ti khon _57274d/a_M rng tt c")): Object: 'Object Repository/Create New User/Page_Moodle Khu vc qun tr Thnh vin Ti khon _57274d/a_M rng tt c' is clicked on

2022-01-16 09:09:25 - [MESSAGE][INFO] - Unable to find the element located by 'By.xpath: //*[@href = '#' and @id = 'yui_3_17_2_1_1641375718034_760' and (text() = 'Mở rộng tất cả' or . = 'Mở rộng tất cả')]'. Please recheck the objects properties to make sure the desired element is located. 

2022-01-16 09:09:25 - [MESSAGE][WARNING] - [SELF-HEALING] Failed to find element with id 'Object Repository/Create New User/Page_Moodle Khu vc qun tr Thnh vin Ti khon _57274d/a_M rng tt c'. Try using Self-healing.

2022-01-16 09:09:25 - [MESSAGE][WARNING] - [SELF-HEALING] The current locator of test object 'Object Repository/Create New User/Page_Moodle Khu vc qun tr Thnh vin Ti khon _57274d/a_M rng tt c' was broken. Propose an alternative one: '//a[contains(text(),'Mở rộng tất cả')]'.

2022-01-16 09:09:25 - [MESSAGE][PASSED] - Object: 'Object Repository/Create New User/Page_Moodle Khu vc qun tr Thnh vin Ti khon _57274d/a_M rng tt c' is clicked on

2022-01-16 09:09:25 - [TEST_STEP][PASSED] - setText(findTestObject("Object Repository/Create New User/Page_Moodle Khu vc qun tr Thnh vin Ti khon _57274d/input_Tn ti khon_username"), "test_3"): Text 'test_3' is set on object 'Object Repository/Create New User/Page_Moodle Khu vc qun tr Thnh vin Ti khon _57274d/input_Tn ti khon_username'

2022-01-16 09:09:26 - [MESSAGE][PASSED] - Text 'test_3' is set on object 'Object Repository/Create New User/Page_Moodle Khu vc qun tr Thnh vin Ti khon _57274d/input_Tn ti khon_username'

2022-01-16 09:09:26 - [TEST_STEP][PASSED] - click(findTestObject("Object Repository/Create New User/Page_Moodle Khu vc qun tr Thnh vin Ti khon _57274d/em_Click to enter text")): Object: 'Object Repository/Create New User/Page_Moodle Khu vc qun tr Thnh vin Ti khon _57274d/em_Click to enter text' is clicked on

2022-01-16 09:09:32 - [MESSAGE][INFO] - Unable to find the element located by 'By.xpath: //a[@id='yui_3_17_2_1_1642069056468_763']/span/span/em'. Please recheck the objects properties to make sure the desired element is located. 

2022-01-16 09:09:32 - [MESSAGE][WARNING] - [SELF-HEALING] Failed to find element with id 'Object Repository/Create New User/Page_Moodle Khu vc qun tr Thnh vin Ti khon _57274d/em_Click to enter text'. Try using Self-healing.

2022-01-16 09:09:33 - [MESSAGE][WARNING] - [SELF-HEALING] The current locator of test object 'Object Repository/Create New User/Page_Moodle Khu vc qun tr Thnh vin Ti khon _57274d/em_Click to enter text' was broken. Propose an alternative one: '(.//*[normalize-space(text()) and normalize-space(.)='Mật khẩu mới'])[1]/following::em[1]'.

2022-01-16 09:09:33 - [MESSAGE][PASSED] - Object: 'Object Repository/Create New User/Page_Moodle Khu vc qun tr Thnh vin Ti khon _57274d/em_Click to enter text' is clicked on

2022-01-16 09:09:33 - [TEST_STEP][PASSED] - setEncryptedText(findTestObject("Object Repository/Create New User/Page_Moodle Khu vc qun tr Thnh vin Ti khon _57274d/input_Mt khu mi_newpassword"), "cvW8qx4B2o1gIDzvWT+0mQ=="): Text ****** has been set on object 'Object Repository/Create New User/Page_Moodle Khu vc qun tr Thnh vin Ti khon _57274d/input_Mt khu mi_newpassword'

2022-01-16 09:09:33 - [MESSAGE][PASSED] - Text ****** has been set on object 'Object Repository/Create New User/Page_Moodle Khu vc qun tr Thnh vin Ti khon _57274d/input_Mt khu mi_newpassword'

2022-01-16 09:09:33 - [TEST_STEP][PASSED] - setText(findTestObject("Object Repository/Create New User/Page_Moodle Khu vc qun tr Thnh vin Ti khon _57274d/input_Tn m v tn_firstname"), "C"): Text 'C' is set on object 'Object Repository/Create New User/Page_Moodle Khu vc qun tr Thnh vin Ti khon _57274d/input_Tn m v tn_firstname'

2022-01-16 09:09:34 - [MESSAGE][PASSED] - Text 'C' is set on object 'Object Repository/Create New User/Page_Moodle Khu vc qun tr Thnh vin Ti khon _57274d/input_Tn m v tn_firstname'

2022-01-16 09:09:34 - [TEST_STEP][PASSED] - setText(findTestObject("Object Repository/Create New User/Page_Moodle Khu vc qun tr Thnh vin Ti khon _57274d/input_H_lastname"), "Nguyễn"): Text 'Nguyễn' is set on object 'Object Repository/Create New User/Page_Moodle Khu vc qun tr Thnh vin Ti khon _57274d/input_H_lastname'

2022-01-16 09:09:35 - [MESSAGE][PASSED] - Text 'Nguyễn' is set on object 'Object Repository/Create New User/Page_Moodle Khu vc qun tr Thnh vin Ti khon _57274d/input_H_lastname'

2022-01-16 09:09:35 - [TEST_STEP][PASSED] - setText(findTestObject("Object Repository/Create New User/Page_Moodle Khu vc qun tr Thnh vin Ti khon _57274d/input_a ch th in t_email"), "test_3@gmail.com"): Text 'test_3@gmail.com' is set on object 'Object Repository/Create New User/Page_Moodle Khu vc qun tr Thnh vin Ti khon _57274d/input_a ch th in t_email'

2022-01-16 09:09:36 - [MESSAGE][PASSED] - Text 'test_3@gmail.com' is set on object 'Object Repository/Create New User/Page_Moodle Khu vc qun tr Thnh vin Ti khon _57274d/input_a ch th in t_email'

2022-01-16 09:09:36 - [TEST_STEP][PASSED] - selectOptionByValue(findTestObject("Object Repository/Create New User/Page_Moodle Khu vc qun tr Thnh vin Ti khon _57274d/select_Du a ch th in t ca ti            Cho_daca4a"), "1", true): All options with value '1' are selected in object 'Object Repository/Create New User/Page_Moodle Khu vc qun tr Thnh vin Ti khon _57274d/select_Du a ch th in t ca ti            Cho_daca4a'  using regular expression

2022-01-16 09:09:38 - [MESSAGE][PASSED] - All options with value '1' are selected in object 'Object Repository/Create New User/Page_Moodle Khu vc qun tr Thnh vin Ti khon _57274d/select_Du a ch th in t ca ti            Cho_daca4a'  using regular expression

2022-01-16 09:09:38 - [TEST_STEP][PASSED] - setText(findTestObject("Object Repository/Create New User/Page_Moodle Khu vc qun tr Thnh vin Ti khon _57274d/input_TnhThnh ph_city"), "Hà Nội"): Text 'Hà Nội' is set on object 'Object Repository/Create New User/Page_Moodle Khu vc qun tr Thnh vin Ti khon _57274d/input_TnhThnh ph_city'

2022-01-16 09:09:39 - [MESSAGE][PASSED] - Text 'Hà Nội' is set on object 'Object Repository/Create New User/Page_Moodle Khu vc qun tr Thnh vin Ti khon _57274d/input_TnhThnh ph_city'

2022-01-16 09:09:39 - [TEST_STEP][PASSED] - selectOptionByValue(findTestObject("Object Repository/Create New User/Page_Moodle Khu vc qun tr Thnh vin Ti khon _57274d/select_Chn quc gia.            Afghanistan _0db63d"), "VN", true): All options with value 'VN' are selected in object 'Object Repository/Create New User/Page_Moodle Khu vc qun tr Thnh vin Ti khon _57274d/select_Chn quc gia.            Afghanistan _0db63d'  using regular expression

2022-01-16 09:09:48 - [MESSAGE][PASSED] - All options with value 'VN' are selected in object 'Object Repository/Create New User/Page_Moodle Khu vc qun tr Thnh vin Ti khon _57274d/select_Chn quc gia.            Afghanistan _0db63d'  using regular expression

2022-01-16 09:09:48 - [TEST_STEP][PASSED] - setText(findTestObject("Object Repository/Create New User/Page_Moodle Khu vc qun tr Thnh vin Ti khon _57274d/div_Simple description"), "<p dir="ltr" style="text-align: left;">Simple description</p>"): Text '<p dir="ltr" style="text-align: left;">Simple description</p>' is set on object 'Object Repository/Create New User/Page_Moodle Khu vc qun tr Thnh vin Ti khon _57274d/div_Simple description'

2022-01-16 09:09:49 - [MESSAGE][PASSED] - Text '<p dir="ltr" style="text-align: left;">Simple description</p>' is set on object 'Object Repository/Create New User/Page_Moodle Khu vc qun tr Thnh vin Ti khon _57274d/div_Simple description'

2022-01-16 09:09:49 - [TEST_STEP][PASSED] - click(findTestObject("Object Repository/Create New User/Page_Moodle Khu vc qun tr Thnh vin Ti khon _57274d/a_- Ko th khng c h tr_yui_3_17_2_1_16414382_45899b")): Object: 'Object Repository/Create New User/Page_Moodle Khu vc qun tr Thnh vin Ti khon _57274d/a_- Ko th khng c h tr_yui_3_17_2_1_16414382_45899b' is clicked on

2022-01-16 09:09:55 - [MESSAGE][INFO] - Unable to find the element located by 'By.xpath: '. Please recheck the objects properties to make sure the desired element is located. 

2022-01-16 09:09:55 - [MESSAGE][WARNING] - [SELF-HEALING] Failed to find element with id 'Object Repository/Create New User/Page_Moodle Khu vc qun tr Thnh vin Ti khon _57274d/a_- Ko th khng c h tr_yui_3_17_2_1_16414382_45899b'. Try using Self-healing.

2022-01-16 09:09:55 - [MESSAGE][WARNING] - [SELF-HEALING] The current locator of test object 'Object Repository/Create New User/Page_Moodle Khu vc qun tr Thnh vin Ti khon _57274d/a_- Ko th khng c h tr_yui_3_17_2_1_16414382_45899b' was broken. Propose an alternative one: '(.//*[normalize-space(text()) and normalize-space(.)='- Kéo thả không được hỗ trợ'])[1]/following::a[1]'.

2022-01-16 09:09:56 - [MESSAGE][PASSED] - Object: 'Object Repository/Create New User/Page_Moodle Khu vc qun tr Thnh vin Ti khon _57274d/a_- Ko th khng c h tr_yui_3_17_2_1_16414382_45899b' is clicked on

2022-01-16 09:09:56 - [TEST_STEP][PASSED] - click(findTestObject("Object Repository/Create New User/Page_Moodle Khu vc qun tr Thnh vin Ti khon _57274d/span_Tp tin ring t")): Object: 'Object Repository/Create New User/Page_Moodle Khu vc qun tr Thnh vin Ti khon _57274d/span_Tp tin ring t' is clicked on

2022-01-16 09:10:02 - [MESSAGE][INFO] - Unable to find the element located by 'By.xpath: //span[@id='yui_3_17_2_1_1641438294284_1658']'. Please recheck the objects properties to make sure the desired element is located. 

2022-01-16 09:10:02 - [MESSAGE][WARNING] - [SELF-HEALING] Failed to find element with id 'Object Repository/Create New User/Page_Moodle Khu vc qun tr Thnh vin Ti khon _57274d/span_Tp tin ring t'. Try using Self-healing.

2022-01-16 09:10:02 - [MESSAGE][WARNING] - [SELF-HEALING] The current locator of test object 'Object Repository/Create New User/Page_Moodle Khu vc qun tr Thnh vin Ti khon _57274d/span_Tp tin ring t' was broken. Propose an alternative one: '(.//*[normalize-space(text()) and normalize-space(.)='URL downloader'])[1]/following::span[1]'.

2022-01-16 09:10:02 - [MESSAGE][PASSED] - Object: 'Object Repository/Create New User/Page_Moodle Khu vc qun tr Thnh vin Ti khon _57274d/span_Tp tin ring t' is clicked on

2022-01-16 09:10:02 - [TEST_STEP][PASSED] - click(findTestObject("Object Repository/Create New User/Page_Moodle Khu vc qun tr Thnh vin Ti khon _57274d/div_Wikimedia_yui_3_17_2_1_1641438294284_1691")): Object: 'Object Repository/Create New User/Page_Moodle Khu vc qun tr Thnh vin Ti khon _57274d/div_Wikimedia_yui_3_17_2_1_1641438294284_1691' is clicked on

2022-01-16 09:10:09 - [MESSAGE][INFO] - Unable to find the element located by 'By.xpath: //div[@id='yui_3_17_2_1_1641438294284_1691']'. Please recheck the objects properties to make sure the desired element is located. 

2022-01-16 09:10:09 - [MESSAGE][WARNING] - [SELF-HEALING] Failed to find element with id 'Object Repository/Create New User/Page_Moodle Khu vc qun tr Thnh vin Ti khon _57274d/div_Wikimedia_yui_3_17_2_1_1641438294284_1691'. Try using Self-healing.

2022-01-16 09:10:09 - [MESSAGE][WARNING] - [SELF-HEALING] The current locator of test object 'Object Repository/Create New User/Page_Moodle Khu vc qun tr Thnh vin Ti khon _57274d/div_Wikimedia_yui_3_17_2_1_1641438294284_1691' was broken. Propose an alternative one: '//div[2]/div/a/div/div[3]'.

2022-01-16 09:10:10 - [MESSAGE][PASSED] - Object: 'Object Repository/Create New User/Page_Moodle Khu vc qun tr Thnh vin Ti khon _57274d/div_Wikimedia_yui_3_17_2_1_1641438294284_1691' is clicked on

2022-01-16 09:10:10 - [TEST_STEP][PASSED] - click(findTestObject("Object Repository/Create New User/Page_Moodle Khu vc qun tr Thnh vin Ti khon _57274d/button_Chn tp ny")): Object: 'Object Repository/Create New User/Page_Moodle Khu vc qun tr Thnh vin Ti khon _57274d/button_Chn tp ny' is clicked on

2022-01-16 09:10:16 - [MESSAGE][INFO] - Unable to find the element located by 'By.xpath: //button[@id='yui_3_17_2_1_1641438294284_1779']'. Please recheck the objects properties to make sure the desired element is located. 

2022-01-16 09:10:16 - [MESSAGE][WARNING] - [SELF-HEALING] Failed to find element with id 'Object Repository/Create New User/Page_Moodle Khu vc qun tr Thnh vin Ti khon _57274d/button_Chn tp ny'. Try using Self-healing.

2022-01-16 09:10:16 - [MESSAGE][WARNING] - [SELF-HEALING] The current locator of test object 'Object Repository/Create New User/Page_Moodle Khu vc qun tr Thnh vin Ti khon _57274d/button_Chn tp ny' was broken. Propose an alternative one: '(.//*[normalize-space(text()) and normalize-space(.)='Chọn giấy phép'])[2]/following::button[1]'.

2022-01-16 09:10:17 - [MESSAGE][PASSED] - Object: 'Object Repository/Create New User/Page_Moodle Khu vc qun tr Thnh vin Ti khon _57274d/button_Chn tp ny' is clicked on

2022-01-16 09:10:17 - [TEST_STEP][PASSED] - setText(findTestObject("Object Repository/Create New User/Page_Moodle Khu vc qun tr Thnh vin Ti khon _57274d/input_M s ID_idnumber"), "19120036"): Text '19120036' is set on object 'Object Repository/Create New User/Page_Moodle Khu vc qun tr Thnh vin Ti khon _57274d/input_M s ID_idnumber'

2022-01-16 09:10:18 - [MESSAGE][PASSED] - Text '19120036' is set on object 'Object Repository/Create New User/Page_Moodle Khu vc qun tr Thnh vin Ti khon _57274d/input_M s ID_idnumber'

2022-01-16 09:10:18 - [TEST_STEP][PASSED] - click(findTestObject("Object Repository/Create New User/Page_Moodle Khu vc qun tr Thnh vin Ti khon _57274d/input_C quan_institution")): Object: 'Object Repository/Create New User/Page_Moodle Khu vc qun tr Thnh vin Ti khon _57274d/input_C quan_institution' is clicked on

2022-01-16 09:10:18 - [MESSAGE][PASSED] - Object: 'Object Repository/Create New User/Page_Moodle Khu vc qun tr Thnh vin Ti khon _57274d/input_C quan_institution' is clicked on

2022-01-16 09:10:18 - [TEST_STEP][PASSED] - setText(findTestObject("Object Repository/Create New User/Page_Moodle Khu vc qun tr Thnh vin Ti khon _57274d/input_KhoaPhngBan_department"), "Công nghệ thông tin"): Text 'Công nghệ thông tin' is set on object 'Object Repository/Create New User/Page_Moodle Khu vc qun tr Thnh vin Ti khon _57274d/input_KhoaPhngBan_department'

2022-01-16 09:10:19 - [MESSAGE][PASSED] - Text 'Công nghệ thông tin' is set on object 'Object Repository/Create New User/Page_Moodle Khu vc qun tr Thnh vin Ti khon _57274d/input_KhoaPhngBan_department'

2022-01-16 09:10:19 - [TEST_STEP][PASSED] - setText(findTestObject("Object Repository/Create New User/Page_Moodle Khu vc qun tr Thnh vin Ti khon _57274d/input_in thoi_phone1"), "0123456789"): Text '0123456789' is set on object 'Object Repository/Create New User/Page_Moodle Khu vc qun tr Thnh vin Ti khon _57274d/input_in thoi_phone1'

2022-01-16 09:10:21 - [MESSAGE][PASSED] - Text '0123456789' is set on object 'Object Repository/Create New User/Page_Moodle Khu vc qun tr Thnh vin Ti khon _57274d/input_in thoi_phone1'

2022-01-16 09:10:21 - [TEST_STEP][PASSED] - setText(findTestObject("Object Repository/Create New User/Page_Moodle Khu vc qun tr Thnh vin Ti khon _57274d/input_in thoi di ng_phone2"), "0989989998"): Text '0989989998' is set on object 'Object Repository/Create New User/Page_Moodle Khu vc qun tr Thnh vin Ti khon _57274d/input_in thoi di ng_phone2'

2022-01-16 09:10:22 - [MESSAGE][PASSED] - Text '0989989998' is set on object 'Object Repository/Create New User/Page_Moodle Khu vc qun tr Thnh vin Ti khon _57274d/input_in thoi di ng_phone2'

2022-01-16 09:10:22 - [TEST_STEP][PASSED] - setText(findTestObject("Object Repository/Create New User/Page_Moodle Khu vc qun tr Thnh vin Ti khon _57274d/input_a ch_address"), "Thủ Đức"): Text 'Thủ Đức' is set on object 'Object Repository/Create New User/Page_Moodle Khu vc qun tr Thnh vin Ti khon _57274d/input_a ch_address'

2022-01-16 09:10:22 - [MESSAGE][PASSED] - Text 'Thủ Đức' is set on object 'Object Repository/Create New User/Page_Moodle Khu vc qun tr Thnh vin Ti khon _57274d/input_a ch_address'

2022-01-16 09:10:22 - [TEST_STEP][PASSED] - click(findTestObject("Object Repository/Create New User/Page_Moodle Khu vc qun tr Thnh vin Ti khon _57274d/input_a ch_submitbutton")): Object: 'Object Repository/Create New User/Page_Moodle Khu vc qun tr Thnh vin Ti khon _57274d/input_a ch_submitbutton' is clicked on

2022-01-16 09:10:26 - [MESSAGE][PASSED] - Object: 'Object Repository/Create New User/Page_Moodle Khu vc qun tr Thnh vin Ti khon _57274d/input_a ch_submitbutton' is clicked on

2022-01-16 09:10:26 - [TEST_STEP][PASSED] - click(findTestObject("Object Repository/Create New User/Page_Moodle Khu vc qun tr Thnh vin Ti khon _9bfdd2/a_Qun tr Thnh vin")): Object: 'Object Repository/Create New User/Page_Moodle Khu vc qun tr Thnh vin Ti khon _9bfdd2/a_Qun tr Thnh vin' is clicked on

2022-01-16 09:10:26 - [MESSAGE][PASSED] - Object: 'Object Repository/Create New User/Page_Moodle Khu vc qun tr Thnh vin Ti khon _9bfdd2/a_Qun tr Thnh vin' is clicked on

2022-01-16 09:10:26 - [TEST_STEP][PASSED] - click(findTestObject("Object Repository/Create New User/Page_Moodle Khu vc qun tr Thnh vin Ti khon _9bfdd2/a_Thot")): Object: 'Object Repository/Create New User/Page_Moodle Khu vc qun tr Thnh vin Ti khon _9bfdd2/a_Thot' is clicked on

2022-01-16 09:10:33 - [MESSAGE][INFO] - Unable to find the element located by 'By.xpath: //a[@id='yui_3_17_2_1_1641376127163_564']'. Please recheck the objects properties to make sure the desired element is located. 

2022-01-16 09:10:33 - [MESSAGE][WARNING] - [SELF-HEALING] Failed to find element with id 'Object Repository/Create New User/Page_Moodle Khu vc qun tr Thnh vin Ti khon _9bfdd2/a_Thot'. Try using Self-healing.

2022-01-16 09:10:33 - [MESSAGE][WARNING] - [SELF-HEALING] The current locator of test object 'Object Repository/Create New User/Page_Moodle Khu vc qun tr Thnh vin Ti khon _9bfdd2/a_Thot' was broken. Propose an alternative one: '//div[@id='action-menu-1-menu']/a[6]'.

2022-01-16 09:10:33 - [MESSAGE][PASSED] - Object: 'Object Repository/Create New User/Page_Moodle Khu vc qun tr Thnh vin Ti khon _9bfdd2/a_Thot' is clicked on

2022-01-16 09:10:33 - [TEST_STEP][PASSED] - click(findTestObject("Object Repository/Create New User/Page_Local Moodle/a_Log in")): Object: 'Object Repository/Create New User/Page_Local Moodle/a_Log in' is clicked on

2022-01-16 09:10:34 - [MESSAGE][PASSED] - Object: 'Object Repository/Create New User/Page_Local Moodle/a_Log in' is clicked on

2022-01-16 09:10:34 - [TEST_STEP][PASSED] - setText(findTestObject("Object Repository/Create New User/Page_Local Moodle Log in to the site/input_Username_username"), "test_3"): Text 'test_3' is set on object 'Object Repository/Create New User/Page_Local Moodle Log in to the site/input_Username_username'

2022-01-16 09:10:35 - [MESSAGE][PASSED] - Text 'test_3' is set on object 'Object Repository/Create New User/Page_Local Moodle Log in to the site/input_Username_username'

2022-01-16 09:10:35 - [TEST_STEP][PASSED] - setEncryptedText(findTestObject("Object Repository/Create New User/Page_Local Moodle Log in to the site/input_Password_password"), "cvW8qx4B2o1gIDzvWT+0mQ=="): Text ****** has been set on object 'Object Repository/Create New User/Page_Local Moodle Log in to the site/input_Password_password'

2022-01-16 09:10:35 - [MESSAGE][PASSED] - Text ****** has been set on object 'Object Repository/Create New User/Page_Local Moodle Log in to the site/input_Password_password'

2022-01-16 09:10:35 - [TEST_STEP][PASSED] - click(findTestObject("Object Repository/Create New User/Page_Local Moodle Log in to the site/button_Log in")): Object: 'Object Repository/Create New User/Page_Local Moodle Log in to the site/button_Log in' is clicked on

2022-01-16 09:10:39 - [MESSAGE][PASSED] - Object: 'Object Repository/Create New User/Page_Local Moodle Log in to the site/button_Log in' is clicked on

2022-01-16 09:10:39 - [TEST_STEP][PASSED] - click(findTestObject("Object Repository/Create New User/Page_Nh ca ti/a_C Nguyn")): Object: 'Object Repository/Create New User/Page_Nh ca ti/a_C Nguyn' is clicked on

2022-01-16 09:10:40 - [MESSAGE][PASSED] - Object: 'Object Repository/Create New User/Page_Nh ca ti/a_C Nguyn' is clicked on

2022-01-16 09:10:40 - [TEST_STEP][PASSED] - click(findTestObject("Object Repository/Create New User/Page_Nh ca ti/span_H s")): Object: 'Object Repository/Create New User/Page_Nh ca ti/span_H s' is clicked on

2022-01-16 09:10:42 - [MESSAGE][PASSED] - Object: 'Object Repository/Create New User/Page_Nh ca ti/span_H s' is clicked on

2022-01-16 09:10:42 - [TEST_STEP][PASSED] - verifyElementText(findTestObject("Object Repository/Create New User/Page_C Nguyn H s cng khai/h1_C Nguyn"), "C Nguyễn"): Actual text and expected text of test object 'Object Repository/Create New User/Page_C Nguyn H s cng khai/h1_C Nguyn' are matched.

2022-01-16 09:10:42 - [MESSAGE][PASSED] - Actual text and expected text of test object 'Object Repository/Create New User/Page_C Nguyn H s cng khai/h1_C Nguyn' are matched.

2022-01-16 09:10:42 - [TEST_STEP][PASSED] - verifyElementText(findTestObject("Object Repository/Create New User/Page_C Nguyn H s cng khai/a_test_3gmail.com"), "test_3@gmail.com"): Actual text and expected text of test object 'Object Repository/Create New User/Page_C Nguyn H s cng khai/a_test_3gmail.com' are matched.

2022-01-16 09:10:43 - [MESSAGE][PASSED] - Actual text and expected text of test object 'Object Repository/Create New User/Page_C Nguyn H s cng khai/a_test_3gmail.com' are matched.

2022-01-16 09:10:43 - [TEST_STEP][PASSED] - verifyElementText(findTestObject("Object Repository/Create New User/Page_C Nguyn H s cng khai/dd_Vit Nam"), "Việt Nam"): Actual text and expected text of test object 'Object Repository/Create New User/Page_C Nguyn H s cng khai/dd_Vit Nam' are matched.

2022-01-16 09:10:44 - [MESSAGE][PASSED] - Actual text and expected text of test object 'Object Repository/Create New User/Page_C Nguyn H s cng khai/dd_Vit Nam' are matched.

2022-01-16 09:10:44 - [TEST_STEP][PASSED] - verifyElementPresent(findTestObject("Object Repository/Create New User/Page_C Nguyn H s cng khai/img_Tp tin ring t_userpicture"), 0): Object 'Object Repository/Create New User/Page_C Nguyn H s cng khai/img_Tp tin ring t_userpicture' is present

2022-01-16 09:10:44 - [MESSAGE][WARNING] - Timeout '0' is invalid. Using default page load timeout: '5'

2022-01-16 09:10:44 - [MESSAGE][PASSED] - Object 'Object Repository/Create New User/Page_C Nguyn H s cng khai/img_Tp tin ring t_userpicture' is present

2022-01-16 09:10:44 - [TEST_STEP][PASSED] - click(findTestObject("Object Repository/Create New User/Page_C Nguyn H s cng khai/a_C Nguyn")): Object: 'Object Repository/Create New User/Page_C Nguyn H s cng khai/a_C Nguyn' is clicked on

2022-01-16 09:10:46 - [MESSAGE][PASSED] - Object: 'Object Repository/Create New User/Page_C Nguyn H s cng khai/a_C Nguyn' is clicked on

2022-01-16 09:10:46 - [TEST_STEP][PASSED] - click(findTestObject("Object Repository/Create New User/Page_C Nguyn H s cng khai/span_Thot")): Object: 'Object Repository/Create New User/Page_C Nguyn H s cng khai/span_Thot' is clicked on

2022-01-16 09:10:47 - [MESSAGE][PASSED] - Object: 'Object Repository/Create New User/Page_C Nguyn H s cng khai/span_Thot' is clicked on

2022-01-16 09:10:47 - [TEST_STEP][PASSED] - click(findTestObject("Object Repository/Create New User/Page_Local Moodle/a_Log in")): Object: 'Object Repository/Create New User/Page_Local Moodle/a_Log in' is clicked on

2022-01-16 09:10:48 - [MESSAGE][PASSED] - Object: 'Object Repository/Create New User/Page_Local Moodle/a_Log in' is clicked on

2022-01-16 09:10:48 - [TEST_STEP][PASSED] - setText(findTestObject("Object Repository/Create New User/Page_Local Moodle Log in to the site/input_Username_username"), "admin"): Text 'admin' is set on object 'Object Repository/Create New User/Page_Local Moodle Log in to the site/input_Username_username'

2022-01-16 09:10:48 - [MESSAGE][PASSED] - Text 'admin' is set on object 'Object Repository/Create New User/Page_Local Moodle Log in to the site/input_Username_username'

2022-01-16 09:10:48 - [TEST_STEP][PASSED] - setEncryptedText(findTestObject("Object Repository/Create New User/Page_Local Moodle Log in to the site/input_Password_password"), "bfAykA/oWJ09FXmiKh6lyuuLu8QhG1K5"): Text ****** has been set on object 'Object Repository/Create New User/Page_Local Moodle Log in to the site/input_Password_password'

2022-01-16 09:10:49 - [MESSAGE][PASSED] - Text ****** has been set on object 'Object Repository/Create New User/Page_Local Moodle Log in to the site/input_Password_password'

2022-01-16 09:10:49 - [TEST_STEP][PASSED] - click(findTestObject("Object Repository/Create New User/Page_Local Moodle Log in to the site/button_Log in")): Object: 'Object Repository/Create New User/Page_Local Moodle Log in to the site/button_Log in' is clicked on

2022-01-16 09:10:50 - [MESSAGE][PASSED] - Object: 'Object Repository/Create New User/Page_Local Moodle Log in to the site/button_Log in' is clicked on

2022-01-16 09:10:50 - [TEST_STEP][PASSED] - click(findTestObject("Create New User/Page_Nh ca ti/span_Qun tr khu vc")): Object: 'Object Repository/Create New User/Page_Nh ca ti/span_Qun tr khu vc' is clicked on

2022-01-16 09:10:56 - [MESSAGE][PASSED] - Object: 'Object Repository/Create New User/Page_Nh ca ti/span_Qun tr khu vc' is clicked on

2022-01-16 09:10:56 - [TEST_STEP][PASSED] - click(findTestObject("Object Repository/Create New User/Page_Moodle Khu vc qun tr Tm kim/a_Thnh vin")): Object: 'Object Repository/Create New User/Page_Moodle Khu vc qun tr Tm kim/a_Thnh vin' is clicked on

2022-01-16 09:10:56 - [MESSAGE][PASSED] - Object: 'Object Repository/Create New User/Page_Moodle Khu vc qun tr Tm kim/a_Thnh vin' is clicked on

2022-01-16 09:10:56 - [TEST_STEP][PASSED] - click(findTestObject("Object Repository/Create New User/Page_Moodle Khu vc qun tr Tm kim/a_Xem danh sch thnh vin")): Object: 'Object Repository/Create New User/Page_Moodle Khu vc qun tr Tm kim/a_Xem danh sch thnh vin' is clicked on

2022-01-16 09:10:58 - [MESSAGE][PASSED] - Object: 'Object Repository/Create New User/Page_Moodle Khu vc qun tr Tm kim/a_Xem danh sch thnh vin' is clicked on

2022-01-16 09:10:58 - [TEST_STEP][PASSED] - click(findTestObject("Object Repository/Create New User/Page_Moodle Khu vc qun tr Thnh vin Ti khon _9bfdd2/i_Vit Nam_icon fa fa-trash fa-fw")): Object: 'Object Repository/Create New User/Page_Moodle Khu vc qun tr Thnh vin Ti khon _9bfdd2/i_Vit Nam_icon fa fa-trash fa-fw' is clicked on

2022-01-16 09:10:59 - [MESSAGE][PASSED] - Object: 'Object Repository/Create New User/Page_Moodle Khu vc qun tr Thnh vin Ti khon _9bfdd2/i_Vit Nam_icon fa fa-trash fa-fw' is clicked on

2022-01-16 09:10:59 - [TEST_STEP][PASSED] - click(findTestObject("Object Repository/Create New User/Page_Moodle Khu vc qun tr Thnh vin Ti khon _9bfdd2/button_Xo")): Object: 'Object Repository/Create New User/Page_Moodle Khu vc qun tr Thnh vin Ti khon _9bfdd2/button_Xo' is clicked on

2022-01-16 09:11:05 - [MESSAGE][INFO] - Unable to find the element located by 'By.xpath: //button[@id='single_button61e066810a7c320']'. Please recheck the objects properties to make sure the desired element is located. 

2022-01-16 09:11:05 - [MESSAGE][WARNING] - [SELF-HEALING] Failed to find element with id 'Object Repository/Create New User/Page_Moodle Khu vc qun tr Thnh vin Ti khon _9bfdd2/button_Xo'. Try using Self-healing.

2022-01-16 09:11:05 - [MESSAGE][WARNING] - [SELF-HEALING] The current locator of test object 'Object Repository/Create New User/Page_Moodle Khu vc qun tr Thnh vin Ti khon _9bfdd2/button_Xo' was broken. Propose an alternative one: '//div[@id='modal-footer']/div/div/form/button'.

2022-01-16 09:11:07 - [MESSAGE][PASSED] - Object: 'Object Repository/Create New User/Page_Moodle Khu vc qun tr Thnh vin Ti khon _9bfdd2/button_Xo' is clicked on

2022-01-16 09:11:07 - [TEST_STEP][PASSED] - closeBrowser(): Browser is closed

2022-01-16 09:11:08 - [MESSAGE][PASSED] - Browser is closed]]></system-out>
         <system-err><![CDATA[]]></system-err>
      </testcase>
      <testcase name="Test Cases/Create New User/Create Teacher" time="139.977" classname="Test Cases/Create New User/Create Teacher" status="PASSED">
         <system-out><![CDATA[2022-01-16 09:11:08 - [TEST_CASE][PASSED] - Test Cases/Create New User/Create Teacher: Test Cases/Create New User/Create Teacher

2022-01-16 09:11:09 - [TEST_STEP][PASSED] - callTestCase(findTestCase("Admin Site/Login with Admin"), [:], STOP_ON_FAILURE): Call Test Case 'Test Cases/Admin Site/Login with Admin' successfully

2022-01-16 09:11:09 - [TEST_CASE][PASSED] - Test Cases/Admin Site/Login with Admin: Test Cases/Admin Site/Login with Admin

2022-01-16 09:11:09 - [TEST_STEP][PASSED] - openBrowser(""): Browser is opened with url: ''

2022-01-16 09:11:09 - [MESSAGE][INFO] - Starting 'Edge Chromium' driver

2022-01-16 09:11:12 - [MESSAGE][INFO] - Action delay is set to 0 milliseconds

2022-01-16 09:11:16 - [MESSAGE][PASSED] - Browser is opened with url: ''

2022-01-16 09:11:16 - [TEST_STEP][PASSED] - navigateToUrl("http://localhost/"): Navigate to 'http://localhost/' successfully

2022-01-16 09:11:22 - [MESSAGE][PASSED] - Navigate to 'http://localhost/' successfully

2022-01-16 09:11:22 - [TEST_STEP][PASSED] - click(findTestObject("Object Repository/Admin Site/Page_Local Moodle/a_Log in")): Object: 'Object Repository/Admin Site/Page_Local Moodle/a_Log in' is clicked on

2022-01-16 09:11:23 - [MESSAGE][PASSED] - Object: 'Object Repository/Admin Site/Page_Local Moodle/a_Log in' is clicked on

2022-01-16 09:11:23 - [TEST_STEP][PASSED] - setText(findTestObject("Object Repository/Admin Site/Page_Local Moodle Log in to the site/input_Username_username"), "admin"): Text 'admin' is set on object 'Object Repository/Admin Site/Page_Local Moodle Log in to the site/input_Username_username'

2022-01-16 09:11:24 - [MESSAGE][PASSED] - Text 'admin' is set on object 'Object Repository/Admin Site/Page_Local Moodle Log in to the site/input_Username_username'

2022-01-16 09:11:24 - [TEST_STEP][PASSED] - setEncryptedText(findTestObject("Object Repository/Admin Site/Page_Local Moodle Log in to the site/input_Password_password"), "bfAykA/oWJ09FXmiKh6lyuuLu8QhG1K5"): Text ****** has been set on object 'Object Repository/Admin Site/Page_Local Moodle Log in to the site/input_Password_password'

2022-01-16 09:11:24 - [MESSAGE][PASSED] - Text ****** has been set on object 'Object Repository/Admin Site/Page_Local Moodle Log in to the site/input_Password_password'

2022-01-16 09:11:24 - [TEST_STEP][PASSED] - click(findTestObject("Object Repository/Admin Site/Page_Local Moodle Log in to the site/button_Log in")): Object: 'Object Repository/Admin Site/Page_Local Moodle Log in to the site/button_Log in' is clicked on

2022-01-16 09:11:28 - [MESSAGE][PASSED] - Object: 'Object Repository/Admin Site/Page_Local Moodle Log in to the site/button_Log in' is clicked on

2022-01-16 09:11:28 - [TEST_STEP][PASSED] - click(findTestObject("Object Repository/Admin Site/Page_Nh ca ti/span_Qun tr khu vc")): Object: 'Object Repository/Admin Site/Page_Nh ca ti/span_Qun tr khu vc' is clicked on

2022-01-16 09:11:31 - [MESSAGE][PASSED] - Object: 'Object Repository/Admin Site/Page_Nh ca ti/span_Qun tr khu vc' is clicked on

2022-01-16 09:11:31 - [TEST_STEP][PASSED] - verifyElementPresent(findTestObject("Object Repository/Admin Site/Page_Moodle Khu vc qun tr Tm kim/a_Qun tr khu vc"), 0): Object 'Object Repository/Admin Site/Page_Moodle Khu vc qun tr Tm kim/a_Qun tr khu vc' is present

2022-01-16 09:11:31 - [MESSAGE][WARNING] - Timeout '0' is invalid. Using default page load timeout: '5'

2022-01-16 09:11:31 - [MESSAGE][PASSED] - Object 'Object Repository/Admin Site/Page_Moodle Khu vc qun tr Tm kim/a_Qun tr khu vc' is present

2022-01-16 09:11:31 - [MESSAGE][PASSED] - Call Test Case 'Test Cases/Admin Site/Login with Admin' successfully

2022-01-16 09:11:31 - [TEST_STEP][PASSED] - click(findTestObject("Object Repository/Create New User/Page_Moodle Khu vc qun tr Tm kim/a_Thnh vin")): Object: 'Object Repository/Create New User/Page_Moodle Khu vc qun tr Tm kim/a_Thnh vin' is clicked on

2022-01-16 09:11:32 - [MESSAGE][PASSED] - Object: 'Object Repository/Create New User/Page_Moodle Khu vc qun tr Tm kim/a_Thnh vin' is clicked on

2022-01-16 09:11:32 - [TEST_STEP][PASSED] - click(findTestObject("Object Repository/Create New User/Page_Moodle Khu vc qun tr Tm kim/a_Thm thnh vin mi")): Object: 'Object Repository/Create New User/Page_Moodle Khu vc qun tr Tm kim/a_Thm thnh vin mi' is clicked on

2022-01-16 09:11:34 - [MESSAGE][PASSED] - Object: 'Object Repository/Create New User/Page_Moodle Khu vc qun tr Tm kim/a_Thm thnh vin mi' is clicked on

2022-01-16 09:11:34 - [TEST_STEP][PASSED] - navigateToUrl("http://localhost/user/editadvanced.php?id=-1"): Navigate to 'http://localhost/user/editadvanced.php?id=-1' successfully

2022-01-16 09:11:35 - [MESSAGE][PASSED] - Navigate to 'http://localhost/user/editadvanced.php?id=-1' successfully

2022-01-16 09:11:35 - [TEST_STEP][PASSED] - setText(findTestObject("Object Repository/Create New User/Page_Moodle Khu vc qun tr Thnh vin Ti khon _57274d/input_Tn ti khon_username"), "teacher1"): Text 'teacher1' is set on object 'Object Repository/Create New User/Page_Moodle Khu vc qun tr Thnh vin Ti khon _57274d/input_Tn ti khon_username'

2022-01-16 09:11:36 - [MESSAGE][PASSED] - Text 'teacher1' is set on object 'Object Repository/Create New User/Page_Moodle Khu vc qun tr Thnh vin Ti khon _57274d/input_Tn ti khon_username'

2022-01-16 09:11:36 - [TEST_STEP][PASSED] - click(findTestObject("Object Repository/Create New User/Page_Moodle Khu vc qun tr Thnh vin Ti khon _57274d/em_Click to enter text")): Object: 'Object Repository/Create New User/Page_Moodle Khu vc qun tr Thnh vin Ti khon _57274d/em_Click to enter text' is clicked on

2022-01-16 09:11:42 - [MESSAGE][INFO] - Unable to find the element located by 'By.xpath: //a[@id='yui_3_17_2_1_1642069056468_763']/span/span/em'. Please recheck the objects properties to make sure the desired element is located. 

2022-01-16 09:11:42 - [MESSAGE][WARNING] - [SELF-HEALING] Failed to find element with id 'Object Repository/Create New User/Page_Moodle Khu vc qun tr Thnh vin Ti khon _57274d/em_Click to enter text'. Try using Self-healing.

2022-01-16 09:11:43 - [MESSAGE][WARNING] - [SELF-HEALING] The current locator of test object 'Object Repository/Create New User/Page_Moodle Khu vc qun tr Thnh vin Ti khon _57274d/em_Click to enter text' was broken. Propose an alternative one: '(.//*[normalize-space(text()) and normalize-space(.)='Mật khẩu mới'])[1]/following::em[1]'.

2022-01-16 09:11:43 - [MESSAGE][PASSED] - Object: 'Object Repository/Create New User/Page_Moodle Khu vc qun tr Thnh vin Ti khon _57274d/em_Click to enter text' is clicked on

2022-01-16 09:11:43 - [TEST_STEP][PASSED] - setEncryptedText(findTestObject("Object Repository/Create New User/Page_Moodle Khu vc qun tr Thnh vin Ti khon _57274d/input_Mt khu mi_newpassword"), "cvW8qx4B2o1gIDzvWT+0mQ=="): Text ****** has been set on object 'Object Repository/Create New User/Page_Moodle Khu vc qun tr Thnh vin Ti khon _57274d/input_Mt khu mi_newpassword'

2022-01-16 09:11:43 - [MESSAGE][PASSED] - Text ****** has been set on object 'Object Repository/Create New User/Page_Moodle Khu vc qun tr Thnh vin Ti khon _57274d/input_Mt khu mi_newpassword'

2022-01-16 09:11:43 - [TEST_STEP][PASSED] - setText(findTestObject("Object Repository/Create New User/Page_Moodle Khu vc qun tr Thnh vin Ti khon _57274d/input_Tn m v tn_firstname"), "Giáo Viên"): Text 'Giáo Viên' is set on object 'Object Repository/Create New User/Page_Moodle Khu vc qun tr Thnh vin Ti khon _57274d/input_Tn m v tn_firstname'

2022-01-16 09:11:44 - [MESSAGE][PASSED] - Text 'Giáo Viên' is set on object 'Object Repository/Create New User/Page_Moodle Khu vc qun tr Thnh vin Ti khon _57274d/input_Tn m v tn_firstname'

2022-01-16 09:11:44 - [TEST_STEP][PASSED] - setText(findTestObject("Object Repository/Create New User/Page_Moodle Khu vc qun tr Thnh vin Ti khon _57274d/input_H_lastname"), "Nguyễn"): Text 'Nguyễn' is set on object 'Object Repository/Create New User/Page_Moodle Khu vc qun tr Thnh vin Ti khon _57274d/input_H_lastname'

2022-01-16 09:11:45 - [MESSAGE][PASSED] - Text 'Nguyễn' is set on object 'Object Repository/Create New User/Page_Moodle Khu vc qun tr Thnh vin Ti khon _57274d/input_H_lastname'

2022-01-16 09:11:45 - [TEST_STEP][PASSED] - setText(findTestObject("Object Repository/Create New User/Page_Moodle Khu vc qun tr Thnh vin Ti khon _57274d/input_a ch th in t_email"), "teacher1@gmail.com"): Text 'teacher1@gmail.com' is set on object 'Object Repository/Create New User/Page_Moodle Khu vc qun tr Thnh vin Ti khon _57274d/input_a ch th in t_email'

2022-01-16 09:11:46 - [MESSAGE][PASSED] - Text 'teacher1@gmail.com' is set on object 'Object Repository/Create New User/Page_Moodle Khu vc qun tr Thnh vin Ti khon _57274d/input_a ch th in t_email'

2022-01-16 09:11:46 - [TEST_STEP][PASSED] - selectOptionByValue(findTestObject("Object Repository/Create New User/Page_Moodle Khu vc qun tr Thnh vin Ti khon _57274d/select_Chn quc gia.            Afghanistan _0db63d"), "VN", true): All options with value 'VN' are selected in object 'Object Repository/Create New User/Page_Moodle Khu vc qun tr Thnh vin Ti khon _57274d/select_Chn quc gia.            Afghanistan _0db63d'  using regular expression

2022-01-16 09:11:55 - [MESSAGE][PASSED] - All options with value 'VN' are selected in object 'Object Repository/Create New User/Page_Moodle Khu vc qun tr Thnh vin Ti khon _57274d/select_Chn quc gia.            Afghanistan _0db63d'  using regular expression

2022-01-16 09:11:55 - [TEST_STEP][PASSED] - click(findTestObject("Object Repository/Create New User/Page_Moodle Khu vc qun tr Thnh vin Ti khon _57274d/input_a ch_submitbutton")): Object: 'Object Repository/Create New User/Page_Moodle Khu vc qun tr Thnh vin Ti khon _57274d/input_a ch_submitbutton' is clicked on

2022-01-16 09:12:03 - [MESSAGE][PASSED] - Object: 'Object Repository/Create New User/Page_Moodle Khu vc qun tr Thnh vin Ti khon _57274d/input_a ch_submitbutton' is clicked on

2022-01-16 09:12:03 - [TEST_STEP][PASSED] - click(findTestObject("Object Repository/Create New User/Page_Nh ca ti/span_Qun tr khu vc")): Object: 'Object Repository/Create New User/Page_Nh ca ti/span_Qun tr khu vc' is clicked on

2022-01-16 09:12:06 - [MESSAGE][PASSED] - Object: 'Object Repository/Create New User/Page_Nh ca ti/span_Qun tr khu vc' is clicked on

2022-01-16 09:12:06 - [TEST_STEP][PASSED] - click(findTestObject("Object Repository/Create New User/Page_Moodle Khu vc qun tr Tm kim/a_Thnh vin")): Object: 'Object Repository/Create New User/Page_Moodle Khu vc qun tr Tm kim/a_Thnh vin' is clicked on

2022-01-16 09:12:06 - [MESSAGE][PASSED] - Object: 'Object Repository/Create New User/Page_Moodle Khu vc qun tr Tm kim/a_Thnh vin' is clicked on

2022-01-16 09:12:06 - [TEST_STEP][PASSED] - click(findTestObject("Object Repository/Create New User/Page_Moodle Khu vc qun tr Tm kim/a_B nhim vai tr h thng")): Object: 'Object Repository/Create New User/Page_Moodle Khu vc qun tr Tm kim/a_B nhim vai tr h thng' is clicked on

2022-01-16 09:12:13 - [MESSAGE][PASSED] - Object: 'Object Repository/Create New User/Page_Moodle Khu vc qun tr Tm kim/a_B nhim vai tr h thng' is clicked on

2022-01-16 09:12:13 - [TEST_STEP][PASSED] - click(findTestObject("Object Repository/Create New User/Page_Moodle Khu vc qun tr Thnh vin Cc quyn _0b75ad/a_Gio vin bin son")): Object: 'Object Repository/Create New User/Page_Moodle Khu vc qun tr Thnh vin Cc quyn _0b75ad/a_Gio vin bin son' is clicked on

2022-01-16 09:12:38 - [MESSAGE][PASSED] - Object: 'Object Repository/Create New User/Page_Moodle Khu vc qun tr Thnh vin Cc quyn _0b75ad/a_Gio vin bin son' is clicked on

2022-01-16 09:12:38 - [TEST_STEP][PASSED] - setText(findTestObject("Object Repository/Create New User/Page_Moodle Khu vc qun tr Thnh vin Cc quyn _0b75ad/input_Tm kim_addselect_searchtext"), "teacher1"): Text 'teacher1' is set on object 'Object Repository/Create New User/Page_Moodle Khu vc qun tr Thnh vin Cc quyn _0b75ad/input_Tm kim_addselect_searchtext'

2022-01-16 09:12:39 - [MESSAGE][PASSED] - Text 'teacher1' is set on object 'Object Repository/Create New User/Page_Moodle Khu vc qun tr Thnh vin Cc quyn _0b75ad/input_Tm kim_addselect_searchtext'

2022-01-16 09:12:39 - [TEST_STEP][PASSED] - selectOptionByIndex(findTestObject("Object Repository/Create New User/Page_Moodle Khu vc qun tr Thnh vin Cc quyn _0b75ad/select_Gio Vin Nguyn (teacher1gmail.com)_1"), 0, STOP_ON_FAILURE): All options with index in [0] are selected on object 'Object Repository/Create New User/Page_Moodle Khu vc qun tr Thnh vin Cc quyn _0b75ad/select_Gio Vin Nguyn (teacher1gmail.com)_1'

2022-01-16 09:12:42 - [MESSAGE][PASSED] - All options with index in [0] are selected on object 'Object Repository/Create New User/Page_Moodle Khu vc qun tr Thnh vin Cc quyn _0b75ad/select_Gio Vin Nguyn (teacher1gmail.com)_1'

2022-01-16 09:12:42 - [TEST_STEP][PASSED] - click(findTestObject("Object Repository/Create New User/Page_Moodle Khu vc qun tr Thnh vin Cc quyn _0b75ad/input_Khp k t tm kim  bt c mc c hin th no_add")): Object: 'Object Repository/Create New User/Page_Moodle Khu vc qun tr Thnh vin Cc quyn _0b75ad/input_Khp k t tm kim  bt c mc c hin th no_add' is clicked on

2022-01-16 09:12:44 - [MESSAGE][PASSED] - Object: 'Object Repository/Create New User/Page_Moodle Khu vc qun tr Thnh vin Cc quyn _0b75ad/input_Khp k t tm kim  bt c mc c hin th no_add' is clicked on

2022-01-16 09:12:44 - [TEST_STEP][PASSED] - click(findTestObject("Object Repository/Create New User/Page_Moodle Khu vc qun tr Thnh vin Cc quyn _0b75ad/a_Qun tr Thnh vin")): Object: 'Object Repository/Create New User/Page_Moodle Khu vc qun tr Thnh vin Cc quyn _0b75ad/a_Qun tr Thnh vin' is clicked on

2022-01-16 09:12:44 - [MESSAGE][PASSED] - Object: 'Object Repository/Create New User/Page_Moodle Khu vc qun tr Thnh vin Cc quyn _0b75ad/a_Qun tr Thnh vin' is clicked on

2022-01-16 09:12:44 - [TEST_STEP][PASSED] - click(findTestObject("Object Repository/Create New User/Page_Moodle Khu vc qun tr Thnh vin Cc quyn _0b75ad/a_Thot")): Object: 'Object Repository/Create New User/Page_Moodle Khu vc qun tr Thnh vin Cc quyn _0b75ad/a_Thot' is clicked on

2022-01-16 09:12:45 - [MESSAGE][PASSED] - Object: 'Object Repository/Create New User/Page_Moodle Khu vc qun tr Thnh vin Cc quyn _0b75ad/a_Thot' is clicked on

2022-01-16 09:12:45 - [TEST_STEP][PASSED] - click(findTestObject("Object Repository/Create New User/Page_New Moodle Site/a_Log in")): Object: 'Object Repository/Create New User/Page_New Moodle Site/a_Log in' is clicked on

2022-01-16 09:12:46 - [MESSAGE][PASSED] - Object: 'Object Repository/Create New User/Page_New Moodle Site/a_Log in' is clicked on

2022-01-16 09:12:46 - [TEST_STEP][PASSED] - setText(findTestObject("Object Repository/Create New User/Page_New Moodle Site Log in to the site/input_Username_username"), "teacher1"): Text 'teacher1' is set on object 'Object Repository/Create New User/Page_New Moodle Site Log in to the site/input_Username_username'

2022-01-16 09:12:47 - [MESSAGE][PASSED] - Text 'teacher1' is set on object 'Object Repository/Create New User/Page_New Moodle Site Log in to the site/input_Username_username'

2022-01-16 09:12:47 - [TEST_STEP][PASSED] - setEncryptedText(findTestObject("Object Repository/Create New User/Page_New Moodle Site Log in to the site/input_Password_password"), "cvW8qx4B2o1gIDzvWT+0mQ=="): Text ****** has been set on object 'Object Repository/Create New User/Page_New Moodle Site Log in to the site/input_Password_password'

2022-01-16 09:12:47 - [MESSAGE][PASSED] - Text ****** has been set on object 'Object Repository/Create New User/Page_New Moodle Site Log in to the site/input_Password_password'

2022-01-16 09:12:47 - [TEST_STEP][PASSED] - click(findTestObject("Object Repository/Create New User/Page_New Moodle Site Log in to the site/button_Log in")): Object: 'Object Repository/Create New User/Page_New Moodle Site Log in to the site/button_Log in' is clicked on

2022-01-16 09:12:49 - [MESSAGE][PASSED] - Object: 'Object Repository/Create New User/Page_New Moodle Site Log in to the site/button_Log in' is clicked on

2022-01-16 09:12:49 - [TEST_STEP][PASSED] - click(findTestObject("Object Repository/Create New User/Page_Nh ca ti/span_Qun tr khu vc")): Object: 'Object Repository/Create New User/Page_Nh ca ti/span_Qun tr khu vc' is clicked on

2022-01-16 09:12:51 - [MESSAGE][PASSED] - Object: 'Object Repository/Create New User/Page_Nh ca ti/span_Qun tr khu vc' is clicked on

2022-01-16 09:12:51 - [TEST_STEP][PASSED] - verifyElementPresent(findTestObject("Object Repository/Create New User/Page_Moodle Khu vc qun tr Tm kim/a_Thmsa cc kho hc"), 0): Object 'Object Repository/Create New User/Page_Moodle Khu vc qun tr Tm kim/a_Thmsa cc kho hc' is present

2022-01-16 09:12:51 - [MESSAGE][WARNING] - Timeout '0' is invalid. Using default page load timeout: '5'

2022-01-16 09:12:51 - [MESSAGE][PASSED] - Object 'Object Repository/Create New User/Page_Moodle Khu vc qun tr Tm kim/a_Thmsa cc kho hc' is present

2022-01-16 09:12:51 - [TEST_STEP][PASSED] - click(findTestObject("Object Repository/Create New User/Page_Moodle Khu vc qun tr Tm kim/a_Gio Vin Nguyn")): Object: 'Object Repository/Create New User/Page_Moodle Khu vc qun tr Tm kim/a_Gio Vin Nguyn' is clicked on

2022-01-16 09:12:53 - [MESSAGE][PASSED] - Object: 'Object Repository/Create New User/Page_Moodle Khu vc qun tr Tm kim/a_Gio Vin Nguyn' is clicked on

2022-01-16 09:12:53 - [TEST_STEP][PASSED] - click(findTestObject("Object Repository/Create New User/Page_Moodle Khu vc qun tr Tm kim/span_Thot")): Object: 'Object Repository/Create New User/Page_Moodle Khu vc qun tr Tm kim/span_Thot' is clicked on

2022-01-16 09:12:54 - [MESSAGE][PASSED] - Object: 'Object Repository/Create New User/Page_Moodle Khu vc qun tr Tm kim/span_Thot' is clicked on

2022-01-16 09:12:54 - [TEST_STEP][PASSED] - click(findTestObject("Object Repository/Create New User/Page_New Moodle Site/a_Log in")): Object: 'Object Repository/Create New User/Page_New Moodle Site/a_Log in' is clicked on

2022-01-16 09:12:55 - [MESSAGE][PASSED] - Object: 'Object Repository/Create New User/Page_New Moodle Site/a_Log in' is clicked on

2022-01-16 09:12:55 - [TEST_STEP][PASSED] - setText(findTestObject("Object Repository/Create New User/Page_New Moodle Site Log in to the site/input_Username_username"), "admin"): Text 'admin' is set on object 'Object Repository/Create New User/Page_New Moodle Site Log in to the site/input_Username_username'

2022-01-16 09:12:56 - [MESSAGE][PASSED] - Text 'admin' is set on object 'Object Repository/Create New User/Page_New Moodle Site Log in to the site/input_Username_username'

2022-01-16 09:12:56 - [TEST_STEP][PASSED] - setEncryptedText(findTestObject("Object Repository/Create New User/Page_New Moodle Site Log in to the site/input_Password_password"), "bfAykA/oWJ09FXmiKh6lyuuLu8QhG1K5"): Text ****** has been set on object 'Object Repository/Create New User/Page_New Moodle Site Log in to the site/input_Password_password'

2022-01-16 09:12:56 - [MESSAGE][PASSED] - Text ****** has been set on object 'Object Repository/Create New User/Page_New Moodle Site Log in to the site/input_Password_password'

2022-01-16 09:12:56 - [TEST_STEP][PASSED] - click(findTestObject("Object Repository/Create New User/Page_New Moodle Site Log in to the site/button_Log in")): Object: 'Object Repository/Create New User/Page_New Moodle Site Log in to the site/button_Log in' is clicked on

2022-01-16 09:12:58 - [MESSAGE][PASSED] - Object: 'Object Repository/Create New User/Page_New Moodle Site Log in to the site/button_Log in' is clicked on

2022-01-16 09:12:58 - [TEST_STEP][PASSED] - click(findTestObject("Object Repository/Create New User/Page_Moodle Khu vc qun tr Thnh vin Ti khon _9bfdd2/span_Qun tr khu vc")): Object: 'Object Repository/Create New User/Page_Moodle Khu vc qun tr Thnh vin Ti khon _9bfdd2/span_Qun tr khu vc' is clicked on

2022-01-16 09:13:04 - [MESSAGE][INFO] - Unable to find the element located by 'By.xpath: //a[@id='yui_3_17_2_1_1642132322464_307']/div/div/span[2]'. Please recheck the objects properties to make sure the desired element is located. 

2022-01-16 09:13:04 - [MESSAGE][WARNING] - [SELF-HEALING] Failed to find element with id 'Object Repository/Create New User/Page_Moodle Khu vc qun tr Thnh vin Ti khon _9bfdd2/span_Qun tr khu vc'. Try using Self-healing.

2022-01-16 09:13:04 - [MESSAGE][WARNING] - [SELF-HEALING] The current locator of test object 'Object Repository/Create New User/Page_Moodle Khu vc qun tr Thnh vin Ti khon _9bfdd2/span_Qun tr khu vc' was broken. Propose an alternative one: '(.//*[normalize-space(text()) and normalize-space(.)='SE'])[1]/following::span[2]'.

2022-01-16 09:13:05 - [MESSAGE][PASSED] - Object: 'Object Repository/Create New User/Page_Moodle Khu vc qun tr Thnh vin Ti khon _9bfdd2/span_Qun tr khu vc' is clicked on

2022-01-16 09:13:05 - [TEST_STEP][PASSED] - click(findTestObject("Object Repository/Create New User/Page_Moodle Khu vc qun tr Tm kim/a_Thnh vin")): Object: 'Object Repository/Create New User/Page_Moodle Khu vc qun tr Tm kim/a_Thnh vin' is clicked on

2022-01-16 09:13:05 - [MESSAGE][PASSED] - Object: 'Object Repository/Create New User/Page_Moodle Khu vc qun tr Tm kim/a_Thnh vin' is clicked on

2022-01-16 09:13:05 - [TEST_STEP][PASSED] - click(findTestObject("Object Repository/Create New User/Page_Moodle Khu vc qun tr Tm kim/a_Xem danh sch thnh vin")): Object: 'Object Repository/Create New User/Page_Moodle Khu vc qun tr Tm kim/a_Xem danh sch thnh vin' is clicked on

2022-01-16 09:13:07 - [MESSAGE][PASSED] - Object: 'Object Repository/Create New User/Page_Moodle Khu vc qun tr Tm kim/a_Xem danh sch thnh vin' is clicked on

2022-01-16 09:13:07 - [TEST_STEP][PASSED] - click(findTestObject("Object Repository/Create New User/Page_Moodle Khu vc qun tr Thnh vin Ti khon _9bfdd2/i_Cha ln no_yui_3_17_2_1_1642132363326_560")): Object: 'Object Repository/Create New User/Page_Moodle Khu vc qun tr Thnh vin Ti khon _9bfdd2/i_Cha ln no_yui_3_17_2_1_1642132363326_560' is clicked on

2022-01-16 09:13:14 - [MESSAGE][INFO] - Unable to find the element located by 'By.xpath: //i[@id='yui_3_17_2_1_1642132363326_560']'. Please recheck the objects properties to make sure the desired element is located. 

2022-01-16 09:13:14 - [MESSAGE][WARNING] - [SELF-HEALING] Failed to find element with id 'Object Repository/Create New User/Page_Moodle Khu vc qun tr Thnh vin Ti khon _9bfdd2/i_Cha ln no_yui_3_17_2_1_1642132363326_560'. Try using Self-healing.

2022-01-16 09:13:14 - [MESSAGE][WARNING] - [SELF-HEALING] The current locator of test object 'Object Repository/Create New User/Page_Moodle Khu vc qun tr Thnh vin Ti khon _9bfdd2/i_Cha ln no_yui_3_17_2_1_1642132363326_560' was broken. Propose an alternative one: '//tr[2]/td[6]/a/i'.

2022-01-16 09:13:15 - [MESSAGE][PASSED] - Object: 'Object Repository/Create New User/Page_Moodle Khu vc qun tr Thnh vin Ti khon _9bfdd2/i_Cha ln no_yui_3_17_2_1_1642132363326_560' is clicked on

2022-01-16 09:13:15 - [TEST_STEP][PASSED] - click(findTestObject("Object Repository/Create New User/Page_Moodle Khu vc qun tr Thnh vin Ti khon _9bfdd2/button_Xo_1")): Object: 'Object Repository/Create New User/Page_Moodle Khu vc qun tr Thnh vin Ti khon _9bfdd2/button_Xo_1' is clicked on

2022-01-16 09:13:21 - [MESSAGE][INFO] - Unable to find the element located by 'By.xpath: //button[@id='single_button61e0f3a20d6e520']'. Please recheck the objects properties to make sure the desired element is located. 

2022-01-16 09:13:21 - [MESSAGE][WARNING] - [SELF-HEALING] Failed to find element with id 'Object Repository/Create New User/Page_Moodle Khu vc qun tr Thnh vin Ti khon _9bfdd2/button_Xo_1'. Try using Self-healing.

2022-01-16 09:13:22 - [MESSAGE][WARNING] - [SELF-HEALING] The current locator of test object 'Object Repository/Create New User/Page_Moodle Khu vc qun tr Thnh vin Ti khon _9bfdd2/button_Xo_1' was broken. Propose an alternative one: '//div[@id='modal-footer']/div/div/form/button'.

2022-01-16 09:13:26 - [MESSAGE][PASSED] - Object: 'Object Repository/Create New User/Page_Moodle Khu vc qun tr Thnh vin Ti khon _9bfdd2/button_Xo_1' is clicked on

2022-01-16 09:13:26 - [TEST_STEP][PASSED] - closeBrowser(): Browser is closed

2022-01-16 09:13:28 - [MESSAGE][PASSED] - Browser is closed]]></system-out>
         <system-err><![CDATA[]]></system-err>
      </testcase>
      <testcase name="Test Cases/Create New User/Spam Create User" time="212.971" classname="Test Cases/Create New User/Spam Create User" status="PASSED">
         <system-out><![CDATA[2022-01-16 09:13:28 - [TEST_CASE][PASSED] - Test Cases/Create New User/Spam Create User: Test Cases/Create New User/Spam Create User

2022-01-16 09:13:29 - [TEST_STEP][PASSED] - callTestCase(findTestCase("Admin Site/Login with Admin"), [:], STOP_ON_FAILURE): Call Test Case 'Test Cases/Admin Site/Login with Admin' successfully

2022-01-16 09:13:29 - [TEST_CASE][PASSED] - Test Cases/Admin Site/Login with Admin: Test Cases/Admin Site/Login with Admin

2022-01-16 09:13:29 - [TEST_STEP][PASSED] - openBrowser(""): Browser is opened with url: ''

2022-01-16 09:13:29 - [MESSAGE][INFO] - Starting 'Edge Chromium' driver

2022-01-16 09:13:35 - [MESSAGE][INFO] - Action delay is set to 0 milliseconds

2022-01-16 09:13:39 - [MESSAGE][PASSED] - Browser is opened with url: ''

2022-01-16 09:13:39 - [TEST_STEP][PASSED] - navigateToUrl("http://localhost/"): Navigate to 'http://localhost/' successfully

2022-01-16 09:13:47 - [MESSAGE][PASSED] - Navigate to 'http://localhost/' successfully

2022-01-16 09:13:47 - [TEST_STEP][PASSED] - click(findTestObject("Object Repository/Admin Site/Page_Local Moodle/a_Log in")): Object: 'Object Repository/Admin Site/Page_Local Moodle/a_Log in' is clicked on

2022-01-16 09:13:48 - [MESSAGE][PASSED] - Object: 'Object Repository/Admin Site/Page_Local Moodle/a_Log in' is clicked on

2022-01-16 09:13:48 - [TEST_STEP][PASSED] - setText(findTestObject("Object Repository/Admin Site/Page_Local Moodle Log in to the site/input_Username_username"), "admin"): Text 'admin' is set on object 'Object Repository/Admin Site/Page_Local Moodle Log in to the site/input_Username_username'

2022-01-16 09:13:49 - [MESSAGE][PASSED] - Text 'admin' is set on object 'Object Repository/Admin Site/Page_Local Moodle Log in to the site/input_Username_username'

2022-01-16 09:13:49 - [TEST_STEP][PASSED] - setEncryptedText(findTestObject("Object Repository/Admin Site/Page_Local Moodle Log in to the site/input_Password_password"), "bfAykA/oWJ09FXmiKh6lyuuLu8QhG1K5"): Text ****** has been set on object 'Object Repository/Admin Site/Page_Local Moodle Log in to the site/input_Password_password'

2022-01-16 09:13:49 - [MESSAGE][PASSED] - Text ****** has been set on object 'Object Repository/Admin Site/Page_Local Moodle Log in to the site/input_Password_password'

2022-01-16 09:13:49 - [TEST_STEP][PASSED] - click(findTestObject("Object Repository/Admin Site/Page_Local Moodle Log in to the site/button_Log in")): Object: 'Object Repository/Admin Site/Page_Local Moodle Log in to the site/button_Log in' is clicked on

2022-01-16 09:13:57 - [MESSAGE][PASSED] - Object: 'Object Repository/Admin Site/Page_Local Moodle Log in to the site/button_Log in' is clicked on

2022-01-16 09:13:57 - [TEST_STEP][PASSED] - click(findTestObject("Object Repository/Admin Site/Page_Nh ca ti/span_Qun tr khu vc")): Object: 'Object Repository/Admin Site/Page_Nh ca ti/span_Qun tr khu vc' is clicked on

2022-01-16 09:14:06 - [MESSAGE][PASSED] - Object: 'Object Repository/Admin Site/Page_Nh ca ti/span_Qun tr khu vc' is clicked on

2022-01-16 09:14:06 - [TEST_STEP][PASSED] - verifyElementPresent(findTestObject("Object Repository/Admin Site/Page_Moodle Khu vc qun tr Tm kim/a_Qun tr khu vc"), 0): Object 'Object Repository/Admin Site/Page_Moodle Khu vc qun tr Tm kim/a_Qun tr khu vc' is present

2022-01-16 09:14:06 - [MESSAGE][WARNING] - Timeout '0' is invalid. Using default page load timeout: '5'

2022-01-16 09:14:06 - [MESSAGE][PASSED] - Object 'Object Repository/Admin Site/Page_Moodle Khu vc qun tr Tm kim/a_Qun tr khu vc' is present

2022-01-16 09:14:06 - [MESSAGE][PASSED] - Call Test Case 'Test Cases/Admin Site/Login with Admin' successfully

2022-01-16 09:14:06 - [TEST_STEP][PASSED] - for (def index : (1..3)): Navigate to 'http://localhost/admin/user.php' successfully

2022-01-16 09:14:06 - [TEST_STEP][PASSED] - click(findTestObject("Object Repository/Create New User/Page_Moodle Khu vc qun tr My ch Ch  bo tr/span_Qun tr khu vc")): Object: 'Object Repository/Create New User/Page_Moodle Khu vc qun tr My ch Ch  bo tr/span_Qun tr khu vc' is clicked on

2022-01-16 09:14:13 - [MESSAGE][INFO] - Unable to find the element located by 'By.xpath: '. Please recheck the objects properties to make sure the desired element is located. 

2022-01-16 09:14:13 - [MESSAGE][WARNING] - [SELF-HEALING] Failed to find element with id 'Object Repository/Create New User/Page_Moodle Khu vc qun tr My ch Ch  bo tr/span_Qun tr khu vc'. Try using Self-healing.

2022-01-16 09:14:13 - [MESSAGE][WARNING] - [SELF-HEALING] The current locator of test object 'Object Repository/Create New User/Page_Moodle Khu vc qun tr My ch Ch  bo tr/span_Qun tr khu vc' was broken. Propose an alternative one: '//div[@id='nav-drawer']/nav[2]/ul/li/a/div/div/span[2]'.

2022-01-16 09:14:17 - [MESSAGE][PASSED] - Object: 'Object Repository/Create New User/Page_Moodle Khu vc qun tr My ch Ch  bo tr/span_Qun tr khu vc' is clicked on

2022-01-16 09:14:17 - [TEST_STEP][PASSED] - click(findTestObject("Object Repository/Create New User/Page_Moodle Khu vc qun tr Tm kim/a_Thnh vin")): Object: 'Object Repository/Create New User/Page_Moodle Khu vc qun tr Tm kim/a_Thnh vin' is clicked on

2022-01-16 09:14:18 - [MESSAGE][PASSED] - Object: 'Object Repository/Create New User/Page_Moodle Khu vc qun tr Tm kim/a_Thnh vin' is clicked on

2022-01-16 09:14:18 - [TEST_STEP][PASSED] - click(findTestObject("Object Repository/Create New User/Page_Moodle Khu vc qun tr Tm kim/a_Thm thnh vin mi")): Object: 'Object Repository/Create New User/Page_Moodle Khu vc qun tr Tm kim/a_Thm thnh vin mi' is clicked on

2022-01-16 09:14:52 - [MESSAGE][PASSED] - Object: 'Object Repository/Create New User/Page_Moodle Khu vc qun tr Tm kim/a_Thm thnh vin mi' is clicked on

2022-01-16 09:14:52 - [TEST_STEP][PASSED] - setText(findTestObject("Object Repository/Create New User/Page_Moodle Khu vc qun tr Thnh vin Ti khon _57274d/input_Tn ti khon_username"), "test_" + index.toString()): Text 'test_1' is set on object 'Object Repository/Create New User/Page_Moodle Khu vc qun tr Thnh vin Ti khon _57274d/input_Tn ti khon_username'

2022-01-16 09:14:53 - [MESSAGE][PASSED] - Text 'test_1' is set on object 'Object Repository/Create New User/Page_Moodle Khu vc qun tr Thnh vin Ti khon _57274d/input_Tn ti khon_username'

2022-01-16 09:14:53 - [TEST_STEP][PASSED] - click(findTestObject("Object Repository/Create New User/Page_Moodle Khu vc qun tr Thnh vin Ti khon _57274d/a_Click to enter text")): Object: 'Object Repository/Create New User/Page_Moodle Khu vc qun tr Thnh vin Ti khon _57274d/a_Click to enter text' is clicked on

2022-01-16 09:14:59 - [MESSAGE][INFO] - Unable to find the element located by 'By.xpath: //a[@id='yui_3_17_2_1_1641440991320_766']'. Please recheck the objects properties to make sure the desired element is located. 

2022-01-16 09:14:59 - [MESSAGE][WARNING] - [SELF-HEALING] Failed to find element with id 'Object Repository/Create New User/Page_Moodle Khu vc qun tr Thnh vin Ti khon _57274d/a_Click to enter text'. Try using Self-healing.

2022-01-16 09:15:00 - [MESSAGE][WARNING] - [SELF-HEALING] The current locator of test object 'Object Repository/Create New User/Page_Moodle Khu vc qun tr Thnh vin Ti khon _57274d/a_Click to enter text' was broken. Propose an alternative one: '(.//*[normalize-space(text()) and normalize-space(.)='Mật khẩu mới'])[1]/following::a[2]'.

2022-01-16 09:15:00 - [MESSAGE][PASSED] - Object: 'Object Repository/Create New User/Page_Moodle Khu vc qun tr Thnh vin Ti khon _57274d/a_Click to enter text' is clicked on

2022-01-16 09:15:00 - [TEST_STEP][PASSED] - setEncryptedText(findTestObject("Object Repository/Create New User/Page_Moodle Khu vc qun tr Thnh vin Ti khon _57274d/input_Mt khu mi_newpassword"), "cvW8qx4B2o1gIDzvWT+0mQ=="): Text ****** has been set on object 'Object Repository/Create New User/Page_Moodle Khu vc qun tr Thnh vin Ti khon _57274d/input_Mt khu mi_newpassword'

2022-01-16 09:15:01 - [MESSAGE][PASSED] - Text ****** has been set on object 'Object Repository/Create New User/Page_Moodle Khu vc qun tr Thnh vin Ti khon _57274d/input_Mt khu mi_newpassword'

2022-01-16 09:15:01 - [TEST_STEP][PASSED] - setText(findTestObject("Object Repository/Create New User/Page_Moodle Khu vc qun tr Thnh vin Ti khon _57274d/input_Tn m v tn_firstname"), "Test " + index.toString()): Text 'Test 1' is set on object 'Object Repository/Create New User/Page_Moodle Khu vc qun tr Thnh vin Ti khon _57274d/input_Tn m v tn_firstname'

2022-01-16 09:15:02 - [MESSAGE][PASSED] - Text 'Test 1' is set on object 'Object Repository/Create New User/Page_Moodle Khu vc qun tr Thnh vin Ti khon _57274d/input_Tn m v tn_firstname'

2022-01-16 09:15:02 - [TEST_STEP][PASSED] - setText(findTestObject("Object Repository/Create New User/Page_Moodle Khu vc qun tr Thnh vin Ti khon _57274d/input_H_lastname"), "Nguyễn"): Text 'Nguyễn' is set on object 'Object Repository/Create New User/Page_Moodle Khu vc qun tr Thnh vin Ti khon _57274d/input_H_lastname'

2022-01-16 09:15:03 - [MESSAGE][PASSED] - Text 'Nguyễn' is set on object 'Object Repository/Create New User/Page_Moodle Khu vc qun tr Thnh vin Ti khon _57274d/input_H_lastname'

2022-01-16 09:15:03 - [TEST_STEP][PASSED] - setText(findTestObject("Object Repository/Create New User/Page_Moodle Khu vc qun tr Thnh vin Ti khon _57274d/input_a ch th in t_email"), "test_" + index.toString() + "@gmail.com"): Text 'test_1@gmail.com' is set on object 'Object Repository/Create New User/Page_Moodle Khu vc qun tr Thnh vin Ti khon _57274d/input_a ch th in t_email'

2022-01-16 09:15:03 - [MESSAGE][PASSED] - Text 'test_1@gmail.com' is set on object 'Object Repository/Create New User/Page_Moodle Khu vc qun tr Thnh vin Ti khon _57274d/input_a ch th in t_email'

2022-01-16 09:15:03 - [TEST_STEP][PASSED] - selectOptionByValue(findTestObject("Object Repository/Create New User/Page_Moodle Khu vc qun tr Thnh vin Ti khon _57274d/select_Du a ch th in t ca ti            Cho_daca4a"), "0", true): All options with value '0' are selected in object 'Object Repository/Create New User/Page_Moodle Khu vc qun tr Thnh vin Ti khon _57274d/select_Du a ch th in t ca ti            Cho_daca4a'  using regular expression

2022-01-16 09:15:05 - [MESSAGE][PASSED] - All options with value '0' are selected in object 'Object Repository/Create New User/Page_Moodle Khu vc qun tr Thnh vin Ti khon _57274d/select_Du a ch th in t ca ti            Cho_daca4a'  using regular expression

2022-01-16 09:15:05 - [TEST_STEP][PASSED] - setText(findTestObject("Object Repository/Create New User/Page_Moodle Khu vc qun tr Thnh vin Ti khon _57274d/input_TnhThnh ph_city"), "Hồ Chí Minh"): Text 'Hồ Chí Minh' is set on object 'Object Repository/Create New User/Page_Moodle Khu vc qun tr Thnh vin Ti khon _57274d/input_TnhThnh ph_city'

2022-01-16 09:15:06 - [MESSAGE][PASSED] - Text 'Hồ Chí Minh' is set on object 'Object Repository/Create New User/Page_Moodle Khu vc qun tr Thnh vin Ti khon _57274d/input_TnhThnh ph_city'

2022-01-16 09:15:06 - [TEST_STEP][PASSED] - selectOptionByValue(findTestObject("Object Repository/Create New User/Page_Moodle Khu vc qun tr Thnh vin Ti khon _57274d/select_Chn quc gia.            Afghanistan _0db63d"), "VN", true): All options with value 'VN' are selected in object 'Object Repository/Create New User/Page_Moodle Khu vc qun tr Thnh vin Ti khon _57274d/select_Chn quc gia.            Afghanistan _0db63d'  using regular expression

2022-01-16 09:15:16 - [MESSAGE][PASSED] - All options with value 'VN' are selected in object 'Object Repository/Create New User/Page_Moodle Khu vc qun tr Thnh vin Ti khon _57274d/select_Chn quc gia.            Afghanistan _0db63d'  using regular expression

2022-01-16 09:15:16 - [TEST_STEP][PASSED] - click(findTestObject("Object Repository/Create New User/Page_Moodle Khu vc qun tr Thnh vin Ti khon _57274d/input_a ch_submitbutton")): Object: 'Object Repository/Create New User/Page_Moodle Khu vc qun tr Thnh vin Ti khon _57274d/input_a ch_submitbutton' is clicked on

2022-01-16 09:15:18 - [MESSAGE][PASSED] - Object: 'Object Repository/Create New User/Page_Moodle Khu vc qun tr Thnh vin Ti khon _57274d/input_a ch_submitbutton' is clicked on

2022-01-16 09:15:18 - [TEST_STEP][PASSED] - navigateToUrl("http://localhost/admin/user.php"): Navigate to 'http://localhost/admin/user.php' successfully

2022-01-16 09:15:19 - [MESSAGE][PASSED] - Navigate to 'http://localhost/admin/user.php' successfully

2022-01-16 09:15:19 - [TEST_STEP][PASSED] - click(findTestObject("Object Repository/Create New User/Page_Moodle Khu vc qun tr My ch Ch  bo tr/span_Qun tr khu vc")): Object: 'Object Repository/Create New User/Page_Moodle Khu vc qun tr My ch Ch  bo tr/span_Qun tr khu vc' is clicked on

2022-01-16 09:15:26 - [MESSAGE][INFO] - Unable to find the element located by 'By.xpath: '. Please recheck the objects properties to make sure the desired element is located. 

2022-01-16 09:15:26 - [MESSAGE][WARNING] - [SELF-HEALING] Failed to find element with id 'Object Repository/Create New User/Page_Moodle Khu vc qun tr My ch Ch  bo tr/span_Qun tr khu vc'. Try using Self-healing.

2022-01-16 09:15:26 - [MESSAGE][WARNING] - [SELF-HEALING] The current locator of test object 'Object Repository/Create New User/Page_Moodle Khu vc qun tr My ch Ch  bo tr/span_Qun tr khu vc' was broken. Propose an alternative one: '//div[@id='nav-drawer']/nav[2]/ul/li/a/div/div/span[2]'.

2022-01-16 09:15:27 - [MESSAGE][PASSED] - Object: 'Object Repository/Create New User/Page_Moodle Khu vc qun tr My ch Ch  bo tr/span_Qun tr khu vc' is clicked on

2022-01-16 09:15:27 - [TEST_STEP][PASSED] - click(findTestObject("Object Repository/Create New User/Page_Moodle Khu vc qun tr Tm kim/a_Thnh vin")): Object: 'Object Repository/Create New User/Page_Moodle Khu vc qun tr Tm kim/a_Thnh vin' is clicked on

2022-01-16 09:15:28 - [MESSAGE][PASSED] - Object: 'Object Repository/Create New User/Page_Moodle Khu vc qun tr Tm kim/a_Thnh vin' is clicked on

2022-01-16 09:15:28 - [TEST_STEP][PASSED] - click(findTestObject("Object Repository/Create New User/Page_Moodle Khu vc qun tr Tm kim/a_Thm thnh vin mi")): Object: 'Object Repository/Create New User/Page_Moodle Khu vc qun tr Tm kim/a_Thm thnh vin mi' is clicked on

2022-01-16 09:15:29 - [MESSAGE][PASSED] - Object: 'Object Repository/Create New User/Page_Moodle Khu vc qun tr Tm kim/a_Thm thnh vin mi' is clicked on

2022-01-16 09:15:29 - [TEST_STEP][PASSED] - setText(findTestObject("Object Repository/Create New User/Page_Moodle Khu vc qun tr Thnh vin Ti khon _57274d/input_Tn ti khon_username"), "test_" + index.toString()): Text 'test_2' is set on object 'Object Repository/Create New User/Page_Moodle Khu vc qun tr Thnh vin Ti khon _57274d/input_Tn ti khon_username'

2022-01-16 09:15:30 - [MESSAGE][PASSED] - Text 'test_2' is set on object 'Object Repository/Create New User/Page_Moodle Khu vc qun tr Thnh vin Ti khon _57274d/input_Tn ti khon_username'

2022-01-16 09:15:30 - [TEST_STEP][PASSED] - click(findTestObject("Object Repository/Create New User/Page_Moodle Khu vc qun tr Thnh vin Ti khon _57274d/a_Click to enter text")): Object: 'Object Repository/Create New User/Page_Moodle Khu vc qun tr Thnh vin Ti khon _57274d/a_Click to enter text' is clicked on

2022-01-16 09:15:36 - [MESSAGE][INFO] - Unable to find the element located by 'By.xpath: //a[@id='yui_3_17_2_1_1641440991320_766']'. Please recheck the objects properties to make sure the desired element is located. 

2022-01-16 09:15:36 - [MESSAGE][WARNING] - [SELF-HEALING] Failed to find element with id 'Object Repository/Create New User/Page_Moodle Khu vc qun tr Thnh vin Ti khon _57274d/a_Click to enter text'. Try using Self-healing.

2022-01-16 09:15:37 - [MESSAGE][WARNING] - [SELF-HEALING] The current locator of test object 'Object Repository/Create New User/Page_Moodle Khu vc qun tr Thnh vin Ti khon _57274d/a_Click to enter text' was broken. Propose an alternative one: '(.//*[normalize-space(text()) and normalize-space(.)='Mật khẩu mới'])[1]/following::a[2]'.

2022-01-16 09:15:37 - [MESSAGE][PASSED] - Object: 'Object Repository/Create New User/Page_Moodle Khu vc qun tr Thnh vin Ti khon _57274d/a_Click to enter text' is clicked on

2022-01-16 09:15:37 - [TEST_STEP][PASSED] - setEncryptedText(findTestObject("Object Repository/Create New User/Page_Moodle Khu vc qun tr Thnh vin Ti khon _57274d/input_Mt khu mi_newpassword"), "cvW8qx4B2o1gIDzvWT+0mQ=="): Text ****** has been set on object 'Object Repository/Create New User/Page_Moodle Khu vc qun tr Thnh vin Ti khon _57274d/input_Mt khu mi_newpassword'

2022-01-16 09:15:37 - [MESSAGE][PASSED] - Text ****** has been set on object 'Object Repository/Create New User/Page_Moodle Khu vc qun tr Thnh vin Ti khon _57274d/input_Mt khu mi_newpassword'

2022-01-16 09:15:37 - [TEST_STEP][PASSED] - setText(findTestObject("Object Repository/Create New User/Page_Moodle Khu vc qun tr Thnh vin Ti khon _57274d/input_Tn m v tn_firstname"), "Test " + index.toString()): Text 'Test 2' is set on object 'Object Repository/Create New User/Page_Moodle Khu vc qun tr Thnh vin Ti khon _57274d/input_Tn m v tn_firstname'

2022-01-16 09:15:38 - [MESSAGE][PASSED] - Text 'Test 2' is set on object 'Object Repository/Create New User/Page_Moodle Khu vc qun tr Thnh vin Ti khon _57274d/input_Tn m v tn_firstname'

2022-01-16 09:15:38 - [TEST_STEP][PASSED] - setText(findTestObject("Object Repository/Create New User/Page_Moodle Khu vc qun tr Thnh vin Ti khon _57274d/input_H_lastname"), "Nguyễn"): Text 'Nguyễn' is set on object 'Object Repository/Create New User/Page_Moodle Khu vc qun tr Thnh vin Ti khon _57274d/input_H_lastname'

2022-01-16 09:15:39 - [MESSAGE][PASSED] - Text 'Nguyễn' is set on object 'Object Repository/Create New User/Page_Moodle Khu vc qun tr Thnh vin Ti khon _57274d/input_H_lastname'

2022-01-16 09:15:39 - [TEST_STEP][PASSED] - setText(findTestObject("Object Repository/Create New User/Page_Moodle Khu vc qun tr Thnh vin Ti khon _57274d/input_a ch th in t_email"), "test_" + index.toString() + "@gmail.com"): Text 'test_2@gmail.com' is set on object 'Object Repository/Create New User/Page_Moodle Khu vc qun tr Thnh vin Ti khon _57274d/input_a ch th in t_email'

2022-01-16 09:15:40 - [MESSAGE][PASSED] - Text 'test_2@gmail.com' is set on object 'Object Repository/Create New User/Page_Moodle Khu vc qun tr Thnh vin Ti khon _57274d/input_a ch th in t_email'

2022-01-16 09:15:40 - [TEST_STEP][PASSED] - selectOptionByValue(findTestObject("Object Repository/Create New User/Page_Moodle Khu vc qun tr Thnh vin Ti khon _57274d/select_Du a ch th in t ca ti            Cho_daca4a"), "0", true): All options with value '0' are selected in object 'Object Repository/Create New User/Page_Moodle Khu vc qun tr Thnh vin Ti khon _57274d/select_Du a ch th in t ca ti            Cho_daca4a'  using regular expression

2022-01-16 09:15:41 - [MESSAGE][PASSED] - All options with value '0' are selected in object 'Object Repository/Create New User/Page_Moodle Khu vc qun tr Thnh vin Ti khon _57274d/select_Du a ch th in t ca ti            Cho_daca4a'  using regular expression

2022-01-16 09:15:41 - [TEST_STEP][PASSED] - setText(findTestObject("Object Repository/Create New User/Page_Moodle Khu vc qun tr Thnh vin Ti khon _57274d/input_TnhThnh ph_city"), "Hồ Chí Minh"): Text 'Hồ Chí Minh' is set on object 'Object Repository/Create New User/Page_Moodle Khu vc qun tr Thnh vin Ti khon _57274d/input_TnhThnh ph_city'

2022-01-16 09:15:42 - [MESSAGE][PASSED] - Text 'Hồ Chí Minh' is set on object 'Object Repository/Create New User/Page_Moodle Khu vc qun tr Thnh vin Ti khon _57274d/input_TnhThnh ph_city'

2022-01-16 09:15:42 - [TEST_STEP][PASSED] - selectOptionByValue(findTestObject("Object Repository/Create New User/Page_Moodle Khu vc qun tr Thnh vin Ti khon _57274d/select_Chn quc gia.            Afghanistan _0db63d"), "VN", true): All options with value 'VN' are selected in object 'Object Repository/Create New User/Page_Moodle Khu vc qun tr Thnh vin Ti khon _57274d/select_Chn quc gia.            Afghanistan _0db63d'  using regular expression

2022-01-16 09:15:51 - [MESSAGE][PASSED] - All options with value 'VN' are selected in object 'Object Repository/Create New User/Page_Moodle Khu vc qun tr Thnh vin Ti khon _57274d/select_Chn quc gia.            Afghanistan _0db63d'  using regular expression

2022-01-16 09:15:51 - [TEST_STEP][PASSED] - click(findTestObject("Object Repository/Create New User/Page_Moodle Khu vc qun tr Thnh vin Ti khon _57274d/input_a ch_submitbutton")): Object: 'Object Repository/Create New User/Page_Moodle Khu vc qun tr Thnh vin Ti khon _57274d/input_a ch_submitbutton' is clicked on

2022-01-16 09:15:53 - [MESSAGE][PASSED] - Object: 'Object Repository/Create New User/Page_Moodle Khu vc qun tr Thnh vin Ti khon _57274d/input_a ch_submitbutton' is clicked on

2022-01-16 09:15:53 - [TEST_STEP][PASSED] - navigateToUrl("http://localhost/admin/user.php"): Navigate to 'http://localhost/admin/user.php' successfully

2022-01-16 09:15:53 - [MESSAGE][PASSED] - Navigate to 'http://localhost/admin/user.php' successfully

2022-01-16 09:15:53 - [TEST_STEP][PASSED] - click(findTestObject("Object Repository/Create New User/Page_Moodle Khu vc qun tr My ch Ch  bo tr/span_Qun tr khu vc")): Object: 'Object Repository/Create New User/Page_Moodle Khu vc qun tr My ch Ch  bo tr/span_Qun tr khu vc' is clicked on

2022-01-16 09:15:59 - [MESSAGE][INFO] - Unable to find the element located by 'By.xpath: '. Please recheck the objects properties to make sure the desired element is located. 

2022-01-16 09:15:59 - [MESSAGE][WARNING] - [SELF-HEALING] Failed to find element with id 'Object Repository/Create New User/Page_Moodle Khu vc qun tr My ch Ch  bo tr/span_Qun tr khu vc'. Try using Self-healing.

2022-01-16 09:16:00 - [MESSAGE][WARNING] - [SELF-HEALING] The current locator of test object 'Object Repository/Create New User/Page_Moodle Khu vc qun tr My ch Ch  bo tr/span_Qun tr khu vc' was broken. Propose an alternative one: '//div[@id='nav-drawer']/nav[2]/ul/li/a/div/div/span[2]'.

2022-01-16 09:16:00 - [MESSAGE][PASSED] - Object: 'Object Repository/Create New User/Page_Moodle Khu vc qun tr My ch Ch  bo tr/span_Qun tr khu vc' is clicked on

2022-01-16 09:16:00 - [TEST_STEP][PASSED] - click(findTestObject("Object Repository/Create New User/Page_Moodle Khu vc qun tr Tm kim/a_Thnh vin")): Object: 'Object Repository/Create New User/Page_Moodle Khu vc qun tr Tm kim/a_Thnh vin' is clicked on

2022-01-16 09:16:01 - [MESSAGE][PASSED] - Object: 'Object Repository/Create New User/Page_Moodle Khu vc qun tr Tm kim/a_Thnh vin' is clicked on

2022-01-16 09:16:01 - [TEST_STEP][PASSED] - click(findTestObject("Object Repository/Create New User/Page_Moodle Khu vc qun tr Tm kim/a_Thm thnh vin mi")): Object: 'Object Repository/Create New User/Page_Moodle Khu vc qun tr Tm kim/a_Thm thnh vin mi' is clicked on

2022-01-16 09:16:02 - [MESSAGE][PASSED] - Object: 'Object Repository/Create New User/Page_Moodle Khu vc qun tr Tm kim/a_Thm thnh vin mi' is clicked on

2022-01-16 09:16:02 - [TEST_STEP][PASSED] - setText(findTestObject("Object Repository/Create New User/Page_Moodle Khu vc qun tr Thnh vin Ti khon _57274d/input_Tn ti khon_username"), "test_" + index.toString()): Text 'test_3' is set on object 'Object Repository/Create New User/Page_Moodle Khu vc qun tr Thnh vin Ti khon _57274d/input_Tn ti khon_username'

2022-01-16 09:16:04 - [MESSAGE][PASSED] - Text 'test_3' is set on object 'Object Repository/Create New User/Page_Moodle Khu vc qun tr Thnh vin Ti khon _57274d/input_Tn ti khon_username'

2022-01-16 09:16:04 - [TEST_STEP][PASSED] - click(findTestObject("Object Repository/Create New User/Page_Moodle Khu vc qun tr Thnh vin Ti khon _57274d/a_Click to enter text")): Object: 'Object Repository/Create New User/Page_Moodle Khu vc qun tr Thnh vin Ti khon _57274d/a_Click to enter text' is clicked on

2022-01-16 09:16:10 - [MESSAGE][INFO] - Unable to find the element located by 'By.xpath: //a[@id='yui_3_17_2_1_1641440991320_766']'. Please recheck the objects properties to make sure the desired element is located. 

2022-01-16 09:16:10 - [MESSAGE][WARNING] - [SELF-HEALING] Failed to find element with id 'Object Repository/Create New User/Page_Moodle Khu vc qun tr Thnh vin Ti khon _57274d/a_Click to enter text'. Try using Self-healing.

2022-01-16 09:16:10 - [MESSAGE][WARNING] - [SELF-HEALING] The current locator of test object 'Object Repository/Create New User/Page_Moodle Khu vc qun tr Thnh vin Ti khon _57274d/a_Click to enter text' was broken. Propose an alternative one: '(.//*[normalize-space(text()) and normalize-space(.)='Mật khẩu mới'])[1]/following::a[2]'.

2022-01-16 09:16:10 - [MESSAGE][PASSED] - Object: 'Object Repository/Create New User/Page_Moodle Khu vc qun tr Thnh vin Ti khon _57274d/a_Click to enter text' is clicked on

2022-01-16 09:16:10 - [TEST_STEP][PASSED] - setEncryptedText(findTestObject("Object Repository/Create New User/Page_Moodle Khu vc qun tr Thnh vin Ti khon _57274d/input_Mt khu mi_newpassword"), "cvW8qx4B2o1gIDzvWT+0mQ=="): Text ****** has been set on object 'Object Repository/Create New User/Page_Moodle Khu vc qun tr Thnh vin Ti khon _57274d/input_Mt khu mi_newpassword'

2022-01-16 09:16:11 - [MESSAGE][PASSED] - Text ****** has been set on object 'Object Repository/Create New User/Page_Moodle Khu vc qun tr Thnh vin Ti khon _57274d/input_Mt khu mi_newpassword'

2022-01-16 09:16:11 - [TEST_STEP][PASSED] - setText(findTestObject("Object Repository/Create New User/Page_Moodle Khu vc qun tr Thnh vin Ti khon _57274d/input_Tn m v tn_firstname"), "Test " + index.toString()): Text 'Test 3' is set on object 'Object Repository/Create New User/Page_Moodle Khu vc qun tr Thnh vin Ti khon _57274d/input_Tn m v tn_firstname'

2022-01-16 09:16:11 - [MESSAGE][PASSED] - Text 'Test 3' is set on object 'Object Repository/Create New User/Page_Moodle Khu vc qun tr Thnh vin Ti khon _57274d/input_Tn m v tn_firstname'

2022-01-16 09:16:11 - [TEST_STEP][PASSED] - setText(findTestObject("Object Repository/Create New User/Page_Moodle Khu vc qun tr Thnh vin Ti khon _57274d/input_H_lastname"), "Nguyễn"): Text 'Nguyễn' is set on object 'Object Repository/Create New User/Page_Moodle Khu vc qun tr Thnh vin Ti khon _57274d/input_H_lastname'

2022-01-16 09:16:12 - [MESSAGE][PASSED] - Text 'Nguyễn' is set on object 'Object Repository/Create New User/Page_Moodle Khu vc qun tr Thnh vin Ti khon _57274d/input_H_lastname'

2022-01-16 09:16:12 - [TEST_STEP][PASSED] - setText(findTestObject("Object Repository/Create New User/Page_Moodle Khu vc qun tr Thnh vin Ti khon _57274d/input_a ch th in t_email"), "test_" + index.toString() + "@gmail.com"): Text 'test_3@gmail.com' is set on object 'Object Repository/Create New User/Page_Moodle Khu vc qun tr Thnh vin Ti khon _57274d/input_a ch th in t_email'

2022-01-16 09:16:13 - [MESSAGE][PASSED] - Text 'test_3@gmail.com' is set on object 'Object Repository/Create New User/Page_Moodle Khu vc qun tr Thnh vin Ti khon _57274d/input_a ch th in t_email'

2022-01-16 09:16:13 - [TEST_STEP][PASSED] - selectOptionByValue(findTestObject("Object Repository/Create New User/Page_Moodle Khu vc qun tr Thnh vin Ti khon _57274d/select_Du a ch th in t ca ti            Cho_daca4a"), "0", true): All options with value '0' are selected in object 'Object Repository/Create New User/Page_Moodle Khu vc qun tr Thnh vin Ti khon _57274d/select_Du a ch th in t ca ti            Cho_daca4a'  using regular expression

2022-01-16 09:16:15 - [MESSAGE][PASSED] - All options with value '0' are selected in object 'Object Repository/Create New User/Page_Moodle Khu vc qun tr Thnh vin Ti khon _57274d/select_Du a ch th in t ca ti            Cho_daca4a'  using regular expression

2022-01-16 09:16:15 - [TEST_STEP][PASSED] - setText(findTestObject("Object Repository/Create New User/Page_Moodle Khu vc qun tr Thnh vin Ti khon _57274d/input_TnhThnh ph_city"), "Hồ Chí Minh"): Text 'Hồ Chí Minh' is set on object 'Object Repository/Create New User/Page_Moodle Khu vc qun tr Thnh vin Ti khon _57274d/input_TnhThnh ph_city'

2022-01-16 09:16:15 - [MESSAGE][PASSED] - Text 'Hồ Chí Minh' is set on object 'Object Repository/Create New User/Page_Moodle Khu vc qun tr Thnh vin Ti khon _57274d/input_TnhThnh ph_city'

2022-01-16 09:16:15 - [TEST_STEP][PASSED] - selectOptionByValue(findTestObject("Object Repository/Create New User/Page_Moodle Khu vc qun tr Thnh vin Ti khon _57274d/select_Chn quc gia.            Afghanistan _0db63d"), "VN", true): All options with value 'VN' are selected in object 'Object Repository/Create New User/Page_Moodle Khu vc qun tr Thnh vin Ti khon _57274d/select_Chn quc gia.            Afghanistan _0db63d'  using regular expression

2022-01-16 09:16:24 - [MESSAGE][PASSED] - All options with value 'VN' are selected in object 'Object Repository/Create New User/Page_Moodle Khu vc qun tr Thnh vin Ti khon _57274d/select_Chn quc gia.            Afghanistan _0db63d'  using regular expression

2022-01-16 09:16:24 - [TEST_STEP][PASSED] - click(findTestObject("Object Repository/Create New User/Page_Moodle Khu vc qun tr Thnh vin Ti khon _57274d/input_a ch_submitbutton")): Object: 'Object Repository/Create New User/Page_Moodle Khu vc qun tr Thnh vin Ti khon _57274d/input_a ch_submitbutton' is clicked on

2022-01-16 09:16:26 - [MESSAGE][PASSED] - Object: 'Object Repository/Create New User/Page_Moodle Khu vc qun tr Thnh vin Ti khon _57274d/input_a ch_submitbutton' is clicked on

2022-01-16 09:16:26 - [TEST_STEP][PASSED] - navigateToUrl("http://localhost/admin/user.php"): Navigate to 'http://localhost/admin/user.php' successfully

2022-01-16 09:16:26 - [MESSAGE][PASSED] - Navigate to 'http://localhost/admin/user.php' successfully

2022-01-16 09:16:26 - [TEST_STEP][PASSED] - click(findTestObject("Object Repository/Create New User/Page_Moodle Khu vc qun tr Tm kim/a_Qun tr Thnh vin")): Object: 'Object Repository/Create New User/Page_Moodle Khu vc qun tr Tm kim/a_Qun tr Thnh vin' is clicked on

2022-01-16 09:16:27 - [MESSAGE][PASSED] - Object: 'Object Repository/Create New User/Page_Moodle Khu vc qun tr Tm kim/a_Qun tr Thnh vin' is clicked on

2022-01-16 09:16:27 - [TEST_STEP][PASSED] - click(findTestObject("Object Repository/Create New User/Page_Moodle Khu vc qun tr Tm kim/span_Thot")): Object: 'Object Repository/Create New User/Page_Moodle Khu vc qun tr Tm kim/span_Thot' is clicked on

2022-01-16 09:16:28 - [MESSAGE][PASSED] - Object: 'Object Repository/Create New User/Page_Moodle Khu vc qun tr Tm kim/span_Thot' is clicked on

2022-01-16 09:16:28 - [TEST_STEP][PASSED] - click(findTestObject("Object Repository/Create New User/Page_Local Moodle/a_Log in")): Object: 'Object Repository/Create New User/Page_Local Moodle/a_Log in' is clicked on

2022-01-16 09:16:28 - [MESSAGE][PASSED] - Object: 'Object Repository/Create New User/Page_Local Moodle/a_Log in' is clicked on

2022-01-16 09:16:28 - [TEST_STEP][PASSED] - setText(findTestObject("Object Repository/Create New User/Page_Local Moodle Log in to the site/input_Username_username"), "test_2"): Text 'test_2' is set on object 'Object Repository/Create New User/Page_Local Moodle Log in to the site/input_Username_username'

2022-01-16 09:16:29 - [MESSAGE][PASSED] - Text 'test_2' is set on object 'Object Repository/Create New User/Page_Local Moodle Log in to the site/input_Username_username'

2022-01-16 09:16:29 - [TEST_STEP][PASSED] - setEncryptedText(findTestObject("Object Repository/Create New User/Page_Local Moodle Log in to the site/input_Password_password"), "cvW8qx4B2o1gIDzvWT+0mQ=="): Text ****** has been set on object 'Object Repository/Create New User/Page_Local Moodle Log in to the site/input_Password_password'

2022-01-16 09:16:30 - [MESSAGE][PASSED] - Text ****** has been set on object 'Object Repository/Create New User/Page_Local Moodle Log in to the site/input_Password_password'

2022-01-16 09:16:30 - [TEST_STEP][PASSED] - click(findTestObject("Object Repository/Create New User/Page_Local Moodle Log in to the site/button_Log in")): Object: 'Object Repository/Create New User/Page_Local Moodle Log in to the site/button_Log in' is clicked on

2022-01-16 09:16:31 - [MESSAGE][PASSED] - Object: 'Object Repository/Create New User/Page_Local Moodle Log in to the site/button_Log in' is clicked on

2022-01-16 09:16:31 - [TEST_STEP][PASSED] - click(findTestObject("Object Repository/Create New User/Page_Nh ca ti/a_A2 Nguyn")): Object: 'Object Repository/Create New User/Page_Nh ca ti/a_A2 Nguyn' is clicked on

2022-01-16 09:16:33 - [MESSAGE][PASSED] - Object: 'Object Repository/Create New User/Page_Nh ca ti/a_A2 Nguyn' is clicked on

2022-01-16 09:16:33 - [TEST_STEP][PASSED] - click(findTestObject("Object Repository/Create New User/Page_Nh ca ti/span_Thot")): Object: 'Object Repository/Create New User/Page_Nh ca ti/span_Thot' is clicked on

2022-01-16 09:16:35 - [MESSAGE][PASSED] - Object: 'Object Repository/Create New User/Page_Nh ca ti/span_Thot' is clicked on

2022-01-16 09:16:35 - [TEST_STEP][PASSED] - click(findTestObject("Object Repository/Create New User/Page_Local Moodle/a_Log in")): Object: 'Object Repository/Create New User/Page_Local Moodle/a_Log in' is clicked on

2022-01-16 09:16:35 - [MESSAGE][PASSED] - Object: 'Object Repository/Create New User/Page_Local Moodle/a_Log in' is clicked on

2022-01-16 09:16:35 - [TEST_STEP][PASSED] - setText(findTestObject("Object Repository/Create New User/Page_Local Moodle Log in to the site/input_Username_username"), "admin"): Text 'admin' is set on object 'Object Repository/Create New User/Page_Local Moodle Log in to the site/input_Username_username'

2022-01-16 09:16:36 - [MESSAGE][PASSED] - Text 'admin' is set on object 'Object Repository/Create New User/Page_Local Moodle Log in to the site/input_Username_username'

2022-01-16 09:16:36 - [TEST_STEP][PASSED] - setEncryptedText(findTestObject("Object Repository/Create New User/Page_Local Moodle Log in to the site/input_Password_password"), "bfAykA/oWJ09FXmiKh6lyuuLu8QhG1K5"): Text ****** has been set on object 'Object Repository/Create New User/Page_Local Moodle Log in to the site/input_Password_password'

2022-01-16 09:16:37 - [MESSAGE][PASSED] - Text ****** has been set on object 'Object Repository/Create New User/Page_Local Moodle Log in to the site/input_Password_password'

2022-01-16 09:16:37 - [TEST_STEP][PASSED] - click(findTestObject("Object Repository/Create New User/Page_Local Moodle Log in to the site/button_Log in")): Object: 'Object Repository/Create New User/Page_Local Moodle Log in to the site/button_Log in' is clicked on

2022-01-16 09:16:38 - [MESSAGE][PASSED] - Object: 'Object Repository/Create New User/Page_Local Moodle Log in to the site/button_Log in' is clicked on

2022-01-16 09:16:38 - [TEST_STEP][PASSED] - click(findTestObject("Object Repository/Create New User/Page_Nh ca ti/span_Qun tr khu vc")): Object: 'Object Repository/Create New User/Page_Nh ca ti/span_Qun tr khu vc' is clicked on

2022-01-16 09:16:40 - [MESSAGE][PASSED] - Object: 'Object Repository/Create New User/Page_Nh ca ti/span_Qun tr khu vc' is clicked on

2022-01-16 09:16:40 - [TEST_STEP][PASSED] - click(findTestObject("Object Repository/Create New User/Page_Moodle Khu vc qun tr Tm kim/a_Thnh vin")): Object: 'Object Repository/Create New User/Page_Moodle Khu vc qun tr Tm kim/a_Thnh vin' is clicked on

2022-01-16 09:16:41 - [MESSAGE][PASSED] - Object: 'Object Repository/Create New User/Page_Moodle Khu vc qun tr Tm kim/a_Thnh vin' is clicked on

2022-01-16 09:16:41 - [TEST_STEP][PASSED] - click(findTestObject("Object Repository/Create New User/Page_Moodle Khu vc qun tr Tm kim/a_Hnh ng trn hng lot thnh vin")): Object: 'Object Repository/Create New User/Page_Moodle Khu vc qun tr Tm kim/a_Hnh ng trn hng lot thnh vin' is clicked on

2022-01-16 09:16:43 - [MESSAGE][PASSED] - Object: 'Object Repository/Create New User/Page_Moodle Khu vc qun tr Tm kim/a_Hnh ng trn hng lot thnh vin' is clicked on

2022-01-16 09:16:43 - [TEST_STEP][PASSED] - selectOptionByValue(findTestObject("Object Repository/Create New User/Page_Moodle Khu vc qun tr Thnh vin Ti khon _1ca8e5/select_c cha        khng cha        bng vi _49cfad"), "0", true): All options with value '0' are selected in object 'Object Repository/Create New User/Page_Moodle Khu vc qun tr Thnh vin Ti khon _1ca8e5/select_c cha        khng cha        bng vi _49cfad'  using regular expression

2022-01-16 09:16:44 - [MESSAGE][PASSED] - All options with value '0' are selected in object 'Object Repository/Create New User/Page_Moodle Khu vc qun tr Thnh vin Ti khon _1ca8e5/select_c cha        khng cha        bng vi _49cfad'  using regular expression

2022-01-16 09:16:44 - [TEST_STEP][PASSED] - setText(findTestObject("Object Repository/Create New User/Page_Moodle Khu vc qun tr Thnh vin Ti khon _1ca8e5/input_Tn y  value_realname"), "Test"): Text 'Test' is set on object 'Object Repository/Create New User/Page_Moodle Khu vc qun tr Thnh vin Ti khon _1ca8e5/input_Tn y  value_realname'

2022-01-16 09:16:45 - [MESSAGE][PASSED] - Text 'Test' is set on object 'Object Repository/Create New User/Page_Moodle Khu vc qun tr Thnh vin Ti khon _1ca8e5/input_Tn y  value_realname'

2022-01-16 09:16:45 - [TEST_STEP][PASSED] - click(findTestObject("Object Repository/Create New User/Page_Moodle Khu vc qun tr Thnh vin Ti khon _1ca8e5/input_a ch IP trc  value_addfilter")): Object: 'Object Repository/Create New User/Page_Moodle Khu vc qun tr Thnh vin Ti khon _1ca8e5/input_a ch IP trc  value_addfilter' is clicked on

2022-01-16 09:16:46 - [MESSAGE][PASSED] - Object: 'Object Repository/Create New User/Page_Moodle Khu vc qun tr Thnh vin Ti khon _1ca8e5/input_a ch IP trc  value_addfilter' is clicked on

2022-01-16 09:16:46 - [TEST_STEP][PASSED] - click(findTestObject("Object Repository/Create New User/Page_Moodle Khu vc qun tr Thnh vin Ti khon _1ca8e5/input_Danh sch thnh vin c chn_addall")): Object: 'Object Repository/Create New User/Page_Moodle Khu vc qun tr Thnh vin Ti khon _1ca8e5/input_Danh sch thnh vin c chn_addall' is clicked on

2022-01-16 09:16:48 - [MESSAGE][PASSED] - Object: 'Object Repository/Create New User/Page_Moodle Khu vc qun tr Thnh vin Ti khon _1ca8e5/input_Danh sch thnh vin c chn_addall' is clicked on

2022-01-16 09:16:48 - [TEST_STEP][PASSED] - selectOptionByValue(findTestObject("Object Repository/Create New User/Page_Moodle Khu vc qun tr Thnh vin Ti khon _1ca8e5/select_Chn.        Xc nhn        Gi tin nhn_4dafb0"), "delete", true): All options with value 'delete' are selected in object 'Object Repository/Create New User/Page_Moodle Khu vc qun tr Thnh vin Ti khon _1ca8e5/select_Chn.        Xc nhn        Gi tin nhn_4dafb0'  using regular expression

2022-01-16 09:16:50 - [MESSAGE][PASSED] - All options with value 'delete' are selected in object 'Object Repository/Create New User/Page_Moodle Khu vc qun tr Thnh vin Ti khon _1ca8e5/select_Chn.        Xc nhn        Gi tin nhn_4dafb0'  using regular expression

2022-01-16 09:16:50 - [TEST_STEP][PASSED] - click(findTestObject("Object Repository/Create New User/Page_Moodle Khu vc qun tr Thnh vin Ti khon _1ca8e5/input_Vi cc thnh vin c chn_doaction")): Object: 'Object Repository/Create New User/Page_Moodle Khu vc qun tr Thnh vin Ti khon _1ca8e5/input_Vi cc thnh vin c chn_doaction' is clicked on

2022-01-16 09:16:51 - [MESSAGE][PASSED] - Object: 'Object Repository/Create New User/Page_Moodle Khu vc qun tr Thnh vin Ti khon _1ca8e5/input_Vi cc thnh vin c chn_doaction' is clicked on

2022-01-16 09:16:51 - [TEST_STEP][PASSED] - click(findTestObject("Object Repository/Create New User/Page_Moodle Khu vc qun tr Thnh vin Ti khon _1ca8e5/button_C")): Object: 'Object Repository/Create New User/Page_Moodle Khu vc qun tr Thnh vin Ti khon _1ca8e5/button_C' is clicked on

2022-01-16 09:16:57 - [MESSAGE][INFO] - Unable to find the element located by 'By.xpath: //button[@id='single_button61dbffc756bbb20']'. Please recheck the objects properties to make sure the desired element is located. 

2022-01-16 09:16:57 - [MESSAGE][WARNING] - [SELF-HEALING] Failed to find element with id 'Object Repository/Create New User/Page_Moodle Khu vc qun tr Thnh vin Ti khon _1ca8e5/button_C'. Try using Self-healing.

2022-01-16 09:16:58 - [MESSAGE][WARNING] - [SELF-HEALING] The current locator of test object 'Object Repository/Create New User/Page_Moodle Khu vc qun tr Thnh vin Ti khon _1ca8e5/button_C' was broken. Propose an alternative one: '//div[@id='modal-footer']/div/div/form/button'.

2022-01-16 09:16:58 - [MESSAGE][PASSED] - Object: 'Object Repository/Create New User/Page_Moodle Khu vc qun tr Thnh vin Ti khon _1ca8e5/button_C' is clicked on

2022-01-16 09:16:58 - [TEST_STEP][PASSED] - closeBrowser(): Browser is closed

2022-01-16 09:17:01 - [MESSAGE][PASSED] - Browser is closed]]></system-out>
         <system-err><![CDATA[]]></system-err>
      </testcase>
      <testcase name="Test Cases/Create User by CSV/Create By CSV Success" time="101.287" classname="Test Cases/Create User by CSV/Create By CSV Success" status="PASSED">
         <system-out><![CDATA[2022-01-16 09:17:01 - [TEST_CASE][PASSED] - Test Cases/Create User by CSV/Create By CSV Success: Test Cases/Create User by CSV/Create By CSV Success

2022-01-16 09:17:02 - [TEST_STEP][PASSED] - callTestCase(findTestCase("Admin Site/Login with Admin"), [:], STOP_ON_FAILURE): Call Test Case 'Test Cases/Admin Site/Login with Admin' successfully

2022-01-16 09:17:02 - [TEST_CASE][PASSED] - Test Cases/Admin Site/Login with Admin: Test Cases/Admin Site/Login with Admin

2022-01-16 09:17:02 - [TEST_STEP][PASSED] - openBrowser(""): Browser is opened with url: ''

2022-01-16 09:17:02 - [MESSAGE][INFO] - Starting 'Edge Chromium' driver

2022-01-16 09:17:04 - [MESSAGE][INFO] - Action delay is set to 0 milliseconds

2022-01-16 09:17:12 - [MESSAGE][PASSED] - Browser is opened with url: ''

2022-01-16 09:17:12 - [TEST_STEP][PASSED] - navigateToUrl("http://localhost/"): Navigate to 'http://localhost/' successfully

2022-01-16 09:17:23 - [MESSAGE][PASSED] - Navigate to 'http://localhost/' successfully

2022-01-16 09:17:23 - [TEST_STEP][PASSED] - click(findTestObject("Object Repository/Admin Site/Page_Local Moodle/a_Log in")): Object: 'Object Repository/Admin Site/Page_Local Moodle/a_Log in' is clicked on

2022-01-16 09:17:24 - [MESSAGE][PASSED] - Object: 'Object Repository/Admin Site/Page_Local Moodle/a_Log in' is clicked on

2022-01-16 09:17:24 - [TEST_STEP][PASSED] - setText(findTestObject("Object Repository/Admin Site/Page_Local Moodle Log in to the site/input_Username_username"), "admin"): Text 'admin' is set on object 'Object Repository/Admin Site/Page_Local Moodle Log in to the site/input_Username_username'

2022-01-16 09:17:25 - [MESSAGE][PASSED] - Text 'admin' is set on object 'Object Repository/Admin Site/Page_Local Moodle Log in to the site/input_Username_username'

2022-01-16 09:17:25 - [TEST_STEP][PASSED] - setEncryptedText(findTestObject("Object Repository/Admin Site/Page_Local Moodle Log in to the site/input_Password_password"), "bfAykA/oWJ09FXmiKh6lyuuLu8QhG1K5"): Text ****** has been set on object 'Object Repository/Admin Site/Page_Local Moodle Log in to the site/input_Password_password'

2022-01-16 09:17:25 - [MESSAGE][PASSED] - Text ****** has been set on object 'Object Repository/Admin Site/Page_Local Moodle Log in to the site/input_Password_password'

2022-01-16 09:17:25 - [TEST_STEP][PASSED] - click(findTestObject("Object Repository/Admin Site/Page_Local Moodle Log in to the site/button_Log in")): Object: 'Object Repository/Admin Site/Page_Local Moodle Log in to the site/button_Log in' is clicked on

2022-01-16 09:17:38 - [MESSAGE][PASSED] - Object: 'Object Repository/Admin Site/Page_Local Moodle Log in to the site/button_Log in' is clicked on

2022-01-16 09:17:38 - [TEST_STEP][PASSED] - click(findTestObject("Object Repository/Admin Site/Page_Nh ca ti/span_Qun tr khu vc")): Object: 'Object Repository/Admin Site/Page_Nh ca ti/span_Qun tr khu vc' is clicked on

2022-01-16 09:17:41 - [MESSAGE][PASSED] - Object: 'Object Repository/Admin Site/Page_Nh ca ti/span_Qun tr khu vc' is clicked on

2022-01-16 09:17:41 - [TEST_STEP][PASSED] - verifyElementPresent(findTestObject("Object Repository/Admin Site/Page_Moodle Khu vc qun tr Tm kim/a_Qun tr khu vc"), 0): Object 'Object Repository/Admin Site/Page_Moodle Khu vc qun tr Tm kim/a_Qun tr khu vc' is present

2022-01-16 09:17:41 - [MESSAGE][WARNING] - Timeout '0' is invalid. Using default page load timeout: '5'

2022-01-16 09:17:41 - [MESSAGE][PASSED] - Object 'Object Repository/Admin Site/Page_Moodle Khu vc qun tr Tm kim/a_Qun tr khu vc' is present

2022-01-16 09:17:41 - [MESSAGE][PASSED] - Call Test Case 'Test Cases/Admin Site/Login with Admin' successfully

2022-01-16 09:17:41 - [TEST_STEP][PASSED] - click(findTestObject("Object Repository/Create User by CSV/Page_Moodle Khu vc qun tr Tm kim/span_Qun tr khu vc")): Object: 'Object Repository/Create User by CSV/Page_Moodle Khu vc qun tr Tm kim/span_Qun tr khu vc' is clicked on

2022-01-16 09:17:43 - [MESSAGE][PASSED] - Object: 'Object Repository/Create User by CSV/Page_Moodle Khu vc qun tr Tm kim/span_Qun tr khu vc' is clicked on

2022-01-16 09:17:43 - [TEST_STEP][PASSED] - navigateToUrl("http://localhost/admin/search.php"): Navigate to 'http://localhost/admin/search.php' successfully

2022-01-16 09:17:44 - [MESSAGE][PASSED] - Navigate to 'http://localhost/admin/search.php' successfully

2022-01-16 09:17:44 - [TEST_STEP][PASSED] - click(findTestObject("Object Repository/Create User by CSV/Page_Moodle Khu vc qun tr Tm kim/a_Thnh vin")): Object: 'Object Repository/Create User by CSV/Page_Moodle Khu vc qun tr Tm kim/a_Thnh vin' is clicked on

2022-01-16 09:17:44 - [MESSAGE][PASSED] - Object: 'Object Repository/Create User by CSV/Page_Moodle Khu vc qun tr Tm kim/a_Thnh vin' is clicked on

2022-01-16 09:17:44 - [TEST_STEP][PASSED] - click(findTestObject("Object Repository/Create User by CSV/Page_Moodle Khu vc qun tr Tm kim/a_Nhp danh sch thnh vin")): Object: 'Object Repository/Create User by CSV/Page_Moodle Khu vc qun tr Tm kim/a_Nhp danh sch thnh vin' is clicked on

2022-01-16 09:17:47 - [MESSAGE][PASSED] - Object: 'Object Repository/Create User by CSV/Page_Moodle Khu vc qun tr Tm kim/a_Nhp danh sch thnh vin' is clicked on

2022-01-16 09:17:47 - [TEST_STEP][PASSED] - click(findTestObject("Object Repository/Create New User/Page_Moodle Khu vc qun tr Thnh vin Ti khon _cb1c9d/input_Tp tin_userfilechoose")): Object: 'Object Repository/Create New User/Page_Moodle Khu vc qun tr Thnh vin Ti khon _cb1c9d/input_Tp tin_userfilechoose' is clicked on

2022-01-16 09:17:54 - [MESSAGE][INFO] - Unable to find the element located by 'By.xpath: '. Please recheck the objects properties to make sure the desired element is located. 

2022-01-16 09:17:54 - [MESSAGE][WARNING] - [SELF-HEALING] Failed to find element with id 'Object Repository/Create New User/Page_Moodle Khu vc qun tr Thnh vin Ti khon _cb1c9d/input_Tp tin_userfilechoose'. Try using Self-healing.

2022-01-16 09:17:54 - [MESSAGE][WARNING] - [SELF-HEALING] The current locator of test object 'Object Repository/Create New User/Page_Moodle Khu vc qun tr Thnh vin Ti khon _cb1c9d/input_Tp tin_userfilechoose' was broken. Propose an alternative one: '//fieldset/div[2]/div/input'.

2022-01-16 09:17:54 - [MESSAGE][PASSED] - Object: 'Object Repository/Create New User/Page_Moodle Khu vc qun tr Thnh vin Ti khon _cb1c9d/input_Tp tin_userfilechoose' is clicked on

2022-01-16 09:17:54 - [TEST_STEP][PASSED] - click(findTestObject("Object Repository/Create New User/Page_Moodle Khu vc qun tr Thnh vin Ti khon _cb1c9d/span_Tp tin ring t")): Object: 'Object Repository/Create New User/Page_Moodle Khu vc qun tr Thnh vin Ti khon _cb1c9d/span_Tp tin ring t' is clicked on

2022-01-16 09:18:03 - [MESSAGE][INFO] - Unable to find the element located by 'By.xpath: //span[@id='yui_3_17_2_1_1642066391828_601']'. Please recheck the objects properties to make sure the desired element is located. 

2022-01-16 09:18:03 - [MESSAGE][WARNING] - [SELF-HEALING] Failed to find element with id 'Object Repository/Create New User/Page_Moodle Khu vc qun tr Thnh vin Ti khon _cb1c9d/span_Tp tin ring t'. Try using Self-healing.

2022-01-16 09:18:04 - [MESSAGE][WARNING] - [SELF-HEALING] The current locator of test object 'Object Repository/Create New User/Page_Moodle Khu vc qun tr Thnh vin Ti khon _cb1c9d/span_Tp tin ring t' was broken. Propose an alternative one: '(.//*[normalize-space(text()) and normalize-space(.)='URL downloader'])[1]/following::span[1]'.

2022-01-16 09:18:04 - [MESSAGE][PASSED] - Object: 'Object Repository/Create New User/Page_Moodle Khu vc qun tr Thnh vin Ti khon _cb1c9d/span_Tp tin ring t' is clicked on

2022-01-16 09:18:04 - [TEST_STEP][PASSED] - click(findTestObject("Create New User/Page_Moodle Khu vc qun tr Thnh vin Ti khon Nhp danh sch thnh vin/div_Wikimedia_yui_3_17_2_1_1642067879076_656")): Object: 'Object Repository/Create New User/Page_Moodle Khu vc qun tr Thnh vin Ti khon Nhp danh sch thnh vin/div_Wikimedia_yui_3_17_2_1_1642067879076_656' is clicked on

2022-01-16 09:18:11 - [MESSAGE][INFO] - Unable to find the element located by 'By.xpath: //div[@id='yui_3_17_2_1_1642067879076_656']'. Please recheck the objects properties to make sure the desired element is located. 

2022-01-16 09:18:11 - [MESSAGE][WARNING] - [SELF-HEALING] Failed to find element with id 'Object Repository/Create New User/Page_Moodle Khu vc qun tr Thnh vin Ti khon Nhp danh sch thnh vin/div_Wikimedia_yui_3_17_2_1_1642067879076_656'. Try using Self-healing.

2022-01-16 09:18:11 - [MESSAGE][WARNING] - [SELF-HEALING] The current locator of test object 'Object Repository/Create New User/Page_Moodle Khu vc qun tr Thnh vin Ti khon Nhp danh sch thnh vin/div_Wikimedia_yui_3_17_2_1_1642067879076_656' was broken. Propose an alternative one: '//a/div/div[3]'.

2022-01-16 09:18:11 - [MESSAGE][PASSED] - Object: 'Object Repository/Create New User/Page_Moodle Khu vc qun tr Thnh vin Ti khon Nhp danh sch thnh vin/div_Wikimedia_yui_3_17_2_1_1642067879076_656' is clicked on

2022-01-16 09:18:11 - [TEST_STEP][PASSED] - click(findTestObject("Object Repository/Create New User/Page_Moodle Khu vc qun tr Thnh vin Ti khon _cb1c9d/button_Chn tp ny")): Object: 'Object Repository/Create New User/Page_Moodle Khu vc qun tr Thnh vin Ti khon _cb1c9d/button_Chn tp ny' is clicked on

2022-01-16 09:18:18 - [MESSAGE][INFO] - Unable to find the element located by 'By.xpath: //button[@id='yui_3_17_2_1_1642066391828_732']'. Please recheck the objects properties to make sure the desired element is located. 

2022-01-16 09:18:18 - [MESSAGE][WARNING] - [SELF-HEALING] Failed to find element with id 'Object Repository/Create New User/Page_Moodle Khu vc qun tr Thnh vin Ti khon _cb1c9d/button_Chn tp ny'. Try using Self-healing.

2022-01-16 09:18:18 - [MESSAGE][WARNING] - [SELF-HEALING] The current locator of test object 'Object Repository/Create New User/Page_Moodle Khu vc qun tr Thnh vin Ti khon _cb1c9d/button_Chn tp ny' was broken. Propose an alternative one: '(.//*[normalize-space(text()) and normalize-space(.)='Chọn giấy phép'])[1]/following::button[1]'.

2022-01-16 09:18:18 - [MESSAGE][PASSED] - Object: 'Object Repository/Create New User/Page_Moodle Khu vc qun tr Thnh vin Ti khon _cb1c9d/button_Chn tp ny' is clicked on

2022-01-16 09:18:18 - [TEST_STEP][PASSED] - selectOptionByValue(findTestObject("Object Repository/Create User by CSV/Page_Moodle Khu vc qun tr Thnh vin Ti khon _cb1c9d/select_,                                    t"), "comma", true): All options with value 'comma' are selected in object 'Object Repository/Create User by CSV/Page_Moodle Khu vc qun tr Thnh vin Ti khon _cb1c9d/select_,                                    t'  using regular expression

2022-01-16 09:18:19 - [MESSAGE][PASSED] - All options with value 'comma' are selected in object 'Object Repository/Create User by CSV/Page_Moodle Khu vc qun tr Thnh vin Ti khon _cb1c9d/select_,                                    t'  using regular expression

2022-01-16 09:18:19 - [TEST_STEP][PASSED] - click(findTestObject("Object Repository/Create User by CSV/Page_Moodle Khu vc qun tr Thnh vin Ti khon _cb1c9d/input_Xem trc cc dng_submitbutton")): Object: 'Object Repository/Create User by CSV/Page_Moodle Khu vc qun tr Thnh vin Ti khon _cb1c9d/input_Xem trc cc dng_submitbutton' is clicked on

2022-01-16 09:18:21 - [MESSAGE][PASSED] - Object: 'Object Repository/Create User by CSV/Page_Moodle Khu vc qun tr Thnh vin Ti khon _cb1c9d/input_Xem trc cc dng_submitbutton' is clicked on

2022-01-16 09:18:21 - [TEST_STEP][PASSED] - click(findTestObject("Object Repository/Create User by CSV/Page_Moodle Khu vc qun tr Thnh vin Ti khon _cb1c9d/input_Xem trc cc dng_submitbutton")): Object: 'Object Repository/Create User by CSV/Page_Moodle Khu vc qun tr Thnh vin Ti khon _cb1c9d/input_Xem trc cc dng_submitbutton' is clicked on

2022-01-16 09:18:22 - [MESSAGE][PASSED] - Object: 'Object Repository/Create User by CSV/Page_Moodle Khu vc qun tr Thnh vin Ti khon _cb1c9d/input_Xem trc cc dng_submitbutton' is clicked on

2022-01-16 09:18:22 - [TEST_STEP][PASSED] - click(findTestObject("Object Repository/Create User by CSV/Page_Moodle Khu vc qun tr Thnh vin Ti khon _cb1c9d/button_Tip tc")): Object: 'Object Repository/Create User by CSV/Page_Moodle Khu vc qun tr Thnh vin Ti khon _cb1c9d/button_Tip tc' is clicked on

2022-01-16 09:18:29 - [MESSAGE][INFO] - Unable to find the element located by 'By.xpath: //button[@id='single_button61dc075c376d320']'. Please recheck the objects properties to make sure the desired element is located. 

2022-01-16 09:18:29 - [MESSAGE][WARNING] - [SELF-HEALING] Failed to find element with id 'Object Repository/Create User by CSV/Page_Moodle Khu vc qun tr Thnh vin Ti khon _cb1c9d/button_Tip tc'. Try using Self-healing.

2022-01-16 09:18:29 - [MESSAGE][WARNING] - [SELF-HEALING] The current locator of test object 'Object Repository/Create User by CSV/Page_Moodle Khu vc qun tr Thnh vin Ti khon _cb1c9d/button_Tip tc' was broken. Propose an alternative one: '//section[@id='region-main']/div/div[2]/form/button'.

2022-01-16 09:18:33 - [MESSAGE][PASSED] - Object: 'Object Repository/Create User by CSV/Page_Moodle Khu vc qun tr Thnh vin Ti khon _cb1c9d/button_Tip tc' is clicked on

2022-01-16 09:18:33 - [TEST_STEP][PASSED] - click(findTestObject("Object Repository/Create User by CSV/Page_Moodle Khu vc qun tr Thnh vin Ti khon _cb1c9d/a_Qun tr Thnh vin")): Object: 'Object Repository/Create User by CSV/Page_Moodle Khu vc qun tr Thnh vin Ti khon _cb1c9d/a_Qun tr Thnh vin' is clicked on

2022-01-16 09:18:34 - [MESSAGE][PASSED] - Object: 'Object Repository/Create User by CSV/Page_Moodle Khu vc qun tr Thnh vin Ti khon _cb1c9d/a_Qun tr Thnh vin' is clicked on

2022-01-16 09:18:34 - [TEST_STEP][PASSED] - click(findTestObject("Object Repository/Create User by CSV/Page_Moodle Khu vc qun tr Thnh vin Ti khon _cb1c9d/span_Thot")): Object: 'Object Repository/Create User by CSV/Page_Moodle Khu vc qun tr Thnh vin Ti khon _cb1c9d/span_Thot' is clicked on

2022-01-16 09:18:36 - [MESSAGE][PASSED] - Object: 'Object Repository/Create User by CSV/Page_Moodle Khu vc qun tr Thnh vin Ti khon _cb1c9d/span_Thot' is clicked on

2022-01-16 09:18:36 - [TEST_STEP][PASSED] - click(findTestObject("Object Repository/Create User by CSV/Page_Local Moodle/a_Log in")): Object: 'Object Repository/Create User by CSV/Page_Local Moodle/a_Log in' is clicked on

2022-01-16 09:18:36 - [MESSAGE][PASSED] - Object: 'Object Repository/Create User by CSV/Page_Local Moodle/a_Log in' is clicked on

2022-01-16 09:18:36 - [TEST_STEP][PASSED] - setText(findTestObject("Object Repository/Create User by CSV/Page_Local Moodle Log in to the site/input_Username_username"), "student2"): Text 'student2' is set on object 'Object Repository/Create User by CSV/Page_Local Moodle Log in to the site/input_Username_username'

2022-01-16 09:18:37 - [MESSAGE][PASSED] - Text 'student2' is set on object 'Object Repository/Create User by CSV/Page_Local Moodle Log in to the site/input_Username_username'

2022-01-16 09:18:37 - [TEST_STEP][PASSED] - setEncryptedText(findTestObject("Object Repository/Create User by CSV/Page_Local Moodle Log in to the site/input_Password_password"), "tzH6RvlfSTg="): Text ****** has been set on object 'Object Repository/Create User by CSV/Page_Local Moodle Log in to the site/input_Password_password'

2022-01-16 09:18:38 - [MESSAGE][PASSED] - Text ****** has been set on object 'Object Repository/Create User by CSV/Page_Local Moodle Log in to the site/input_Password_password'

2022-01-16 09:18:38 - [TEST_STEP][PASSED] - click(findTestObject("Object Repository/Create User by CSV/Page_Local Moodle Log in to the site/button_Log in")): Object: 'Object Repository/Create User by CSV/Page_Local Moodle Log in to the site/button_Log in' is clicked on

2022-01-16 09:18:40 - [MESSAGE][PASSED] - Object: 'Object Repository/Create User by CSV/Page_Local Moodle Log in to the site/button_Log in' is clicked on

2022-01-16 09:18:40 - [TEST_STEP][PASSED] - verifyElementText(findTestObject("Object Repository/Create User by CSV/Page_i mt khu/h1_Student Two"), "Student Two"): Actual text and expected text of test object 'Object Repository/Create User by CSV/Page_i mt khu/h1_Student Two' are matched.

2022-01-16 09:18:40 - [MESSAGE][PASSED] - Actual text and expected text of test object 'Object Repository/Create User by CSV/Page_i mt khu/h1_Student Two' are matched.

2022-01-16 09:18:40 - [TEST_STEP][PASSED] - closeBrowser(): Browser is closed

2022-01-16 09:18:42 - [MESSAGE][PASSED] - Browser is closed]]></system-out>
         <system-err><![CDATA[]]></system-err>
      </testcase>
      <testcase name="Test Cases/Create User by CSV/Create by CSV warning" time="129.813" classname="Test Cases/Create User by CSV/Create by CSV warning" status="PASSED">
         <system-out><![CDATA[2022-01-16 09:18:42 - [TEST_CASE][PASSED] - Test Cases/Create User by CSV/Create by CSV warning: Test Cases/Create User by CSV/Create by CSV warning

2022-01-16 09:18:43 - [TEST_STEP][PASSED] - callTestCase(findTestCase("Admin Site/Login with Admin"), [:], STOP_ON_FAILURE): Call Test Case 'Test Cases/Admin Site/Login with Admin' successfully

2022-01-16 09:18:43 - [TEST_CASE][PASSED] - Test Cases/Admin Site/Login with Admin: Test Cases/Admin Site/Login with Admin

2022-01-16 09:18:43 - [TEST_STEP][PASSED] - openBrowser(""): Browser is opened with url: ''

2022-01-16 09:18:43 - [MESSAGE][INFO] - Starting 'Edge Chromium' driver

2022-01-16 09:18:45 - [MESSAGE][INFO] - Action delay is set to 0 milliseconds

2022-01-16 09:18:51 - [MESSAGE][PASSED] - Browser is opened with url: ''

2022-01-16 09:18:51 - [TEST_STEP][PASSED] - navigateToUrl("http://localhost/"): Navigate to 'http://localhost/' successfully

2022-01-16 09:19:08 - [MESSAGE][PASSED] - Navigate to 'http://localhost/' successfully

2022-01-16 09:19:08 - [TEST_STEP][PASSED] - click(findTestObject("Object Repository/Admin Site/Page_Local Moodle/a_Log in")): Object: 'Object Repository/Admin Site/Page_Local Moodle/a_Log in' is clicked on

2022-01-16 09:19:09 - [MESSAGE][PASSED] - Object: 'Object Repository/Admin Site/Page_Local Moodle/a_Log in' is clicked on

2022-01-16 09:19:09 - [TEST_STEP][PASSED] - setText(findTestObject("Object Repository/Admin Site/Page_Local Moodle Log in to the site/input_Username_username"), "admin"): Text 'admin' is set on object 'Object Repository/Admin Site/Page_Local Moodle Log in to the site/input_Username_username'

2022-01-16 09:19:10 - [MESSAGE][PASSED] - Text 'admin' is set on object 'Object Repository/Admin Site/Page_Local Moodle Log in to the site/input_Username_username'

2022-01-16 09:19:10 - [TEST_STEP][PASSED] - setEncryptedText(findTestObject("Object Repository/Admin Site/Page_Local Moodle Log in to the site/input_Password_password"), "bfAykA/oWJ09FXmiKh6lyuuLu8QhG1K5"): Text ****** has been set on object 'Object Repository/Admin Site/Page_Local Moodle Log in to the site/input_Password_password'

2022-01-16 09:19:11 - [MESSAGE][PASSED] - Text ****** has been set on object 'Object Repository/Admin Site/Page_Local Moodle Log in to the site/input_Password_password'

2022-01-16 09:19:11 - [TEST_STEP][PASSED] - click(findTestObject("Object Repository/Admin Site/Page_Local Moodle Log in to the site/button_Log in")): Object: 'Object Repository/Admin Site/Page_Local Moodle Log in to the site/button_Log in' is clicked on

2022-01-16 09:19:55 - [MESSAGE][PASSED] - Object: 'Object Repository/Admin Site/Page_Local Moodle Log in to the site/button_Log in' is clicked on

2022-01-16 09:19:55 - [TEST_STEP][PASSED] - click(findTestObject("Object Repository/Admin Site/Page_Nh ca ti/span_Qun tr khu vc")): Object: 'Object Repository/Admin Site/Page_Nh ca ti/span_Qun tr khu vc' is clicked on

2022-01-16 09:19:58 - [MESSAGE][PASSED] - Object: 'Object Repository/Admin Site/Page_Nh ca ti/span_Qun tr khu vc' is clicked on

2022-01-16 09:19:58 - [TEST_STEP][PASSED] - verifyElementPresent(findTestObject("Object Repository/Admin Site/Page_Moodle Khu vc qun tr Tm kim/a_Qun tr khu vc"), 0): Object 'Object Repository/Admin Site/Page_Moodle Khu vc qun tr Tm kim/a_Qun tr khu vc' is present

2022-01-16 09:19:58 - [MESSAGE][WARNING] - Timeout '0' is invalid. Using default page load timeout: '5'

2022-01-16 09:19:58 - [MESSAGE][PASSED] - Object 'Object Repository/Admin Site/Page_Moodle Khu vc qun tr Tm kim/a_Qun tr khu vc' is present

2022-01-16 09:19:58 - [MESSAGE][PASSED] - Call Test Case 'Test Cases/Admin Site/Login with Admin' successfully

2022-01-16 09:19:58 - [TEST_STEP][PASSED] - click(findTestObject("Object Repository/Create User by CSV/Page_Moodle Khu vc qun tr Tm kim/span_Qun tr khu vc")): Object: 'Object Repository/Create User by CSV/Page_Moodle Khu vc qun tr Tm kim/span_Qun tr khu vc' is clicked on

2022-01-16 09:19:59 - [MESSAGE][PASSED] - Object: 'Object Repository/Create User by CSV/Page_Moodle Khu vc qun tr Tm kim/span_Qun tr khu vc' is clicked on

2022-01-16 09:19:59 - [TEST_STEP][PASSED] - navigateToUrl("http://localhost/admin/search.php"): Navigate to 'http://localhost/admin/search.php' successfully

2022-01-16 09:19:59 - [MESSAGE][PASSED] - Navigate to 'http://localhost/admin/search.php' successfully

2022-01-16 09:19:59 - [TEST_STEP][PASSED] - click(findTestObject("Object Repository/Create User by CSV/Page_Moodle Khu vc qun tr Tm kim/a_Thnh vin")): Object: 'Object Repository/Create User by CSV/Page_Moodle Khu vc qun tr Tm kim/a_Thnh vin' is clicked on

2022-01-16 09:20:00 - [MESSAGE][PASSED] - Object: 'Object Repository/Create User by CSV/Page_Moodle Khu vc qun tr Tm kim/a_Thnh vin' is clicked on

2022-01-16 09:20:00 - [TEST_STEP][PASSED] - click(findTestObject("Object Repository/Create User by CSV/Page_Moodle Khu vc qun tr Tm kim/a_Nhp danh sch thnh vin")): Object: 'Object Repository/Create User by CSV/Page_Moodle Khu vc qun tr Tm kim/a_Nhp danh sch thnh vin' is clicked on

2022-01-16 09:20:01 - [MESSAGE][PASSED] - Object: 'Object Repository/Create User by CSV/Page_Moodle Khu vc qun tr Tm kim/a_Nhp danh sch thnh vin' is clicked on

2022-01-16 09:20:01 - [TEST_STEP][PASSED] - click(findTestObject("Object Repository/Create New User/Page_Moodle Khu vc qun tr Thnh vin Ti khon _cb1c9d/input_Tp tin_userfilechoose")): Object: 'Object Repository/Create New User/Page_Moodle Khu vc qun tr Thnh vin Ti khon _cb1c9d/input_Tp tin_userfilechoose' is clicked on

2022-01-16 09:20:07 - [MESSAGE][INFO] - Unable to find the element located by 'By.xpath: '. Please recheck the objects properties to make sure the desired element is located. 

2022-01-16 09:20:07 - [MESSAGE][WARNING] - [SELF-HEALING] Failed to find element with id 'Object Repository/Create New User/Page_Moodle Khu vc qun tr Thnh vin Ti khon _cb1c9d/input_Tp tin_userfilechoose'. Try using Self-healing.

2022-01-16 09:20:07 - [MESSAGE][WARNING] - [SELF-HEALING] The current locator of test object 'Object Repository/Create New User/Page_Moodle Khu vc qun tr Thnh vin Ti khon _cb1c9d/input_Tp tin_userfilechoose' was broken. Propose an alternative one: '//fieldset/div[2]/div/input'.

2022-01-16 09:20:08 - [MESSAGE][PASSED] - Object: 'Object Repository/Create New User/Page_Moodle Khu vc qun tr Thnh vin Ti khon _cb1c9d/input_Tp tin_userfilechoose' is clicked on

2022-01-16 09:20:08 - [TEST_STEP][PASSED] - click(findTestObject("Object Repository/Create New User/Page_Moodle Khu vc qun tr Thnh vin Ti khon _cb1c9d/span_Tp tin ring t")): Object: 'Object Repository/Create New User/Page_Moodle Khu vc qun tr Thnh vin Ti khon _cb1c9d/span_Tp tin ring t' is clicked on

2022-01-16 09:20:17 - [MESSAGE][INFO] - Unable to find the element located by 'By.xpath: //span[@id='yui_3_17_2_1_1642066391828_601']'. Please recheck the objects properties to make sure the desired element is located. 

2022-01-16 09:20:17 - [MESSAGE][WARNING] - [SELF-HEALING] Failed to find element with id 'Object Repository/Create New User/Page_Moodle Khu vc qun tr Thnh vin Ti khon _cb1c9d/span_Tp tin ring t'. Try using Self-healing.

2022-01-16 09:20:17 - [MESSAGE][WARNING] - [SELF-HEALING] The current locator of test object 'Object Repository/Create New User/Page_Moodle Khu vc qun tr Thnh vin Ti khon _cb1c9d/span_Tp tin ring t' was broken. Propose an alternative one: '(.//*[normalize-space(text()) and normalize-space(.)='URL downloader'])[1]/following::span[1]'.

2022-01-16 09:20:17 - [MESSAGE][PASSED] - Object: 'Object Repository/Create New User/Page_Moodle Khu vc qun tr Thnh vin Ti khon _cb1c9d/span_Tp tin ring t' is clicked on

2022-01-16 09:20:17 - [TEST_STEP][PASSED] - click(findTestObject("Create New User/Page_Moodle Khu vc qun tr Thnh vin Ti khon Nhp danh sch thnh vin/div_Wikimedia_yui_3_17_2_1_1642067879076_664")): Object: 'Object Repository/Create New User/Page_Moodle Khu vc qun tr Thnh vin Ti khon Nhp danh sch thnh vin/div_Wikimedia_yui_3_17_2_1_1642067879076_664' is clicked on

2022-01-16 09:20:23 - [MESSAGE][INFO] - Unable to find the element located by 'By.xpath: //div[@id='yui_3_17_2_1_1642067879076_664']'. Please recheck the objects properties to make sure the desired element is located. 

2022-01-16 09:20:23 - [MESSAGE][WARNING] - [SELF-HEALING] Failed to find element with id 'Object Repository/Create New User/Page_Moodle Khu vc qun tr Thnh vin Ti khon Nhp danh sch thnh vin/div_Wikimedia_yui_3_17_2_1_1642067879076_664'. Try using Self-healing.

2022-01-16 09:20:24 - [MESSAGE][WARNING] - [SELF-HEALING] The current locator of test object 'Object Repository/Create New User/Page_Moodle Khu vc qun tr Thnh vin Ti khon Nhp danh sch thnh vin/div_Wikimedia_yui_3_17_2_1_1642067879076_664' was broken. Propose an alternative one: '//a[2]/div/div[3]'.

2022-01-16 09:20:24 - [MESSAGE][PASSED] - Object: 'Object Repository/Create New User/Page_Moodle Khu vc qun tr Thnh vin Ti khon Nhp danh sch thnh vin/div_Wikimedia_yui_3_17_2_1_1642067879076_664' is clicked on

2022-01-16 09:20:24 - [TEST_STEP][PASSED] - click(findTestObject("Object Repository/Create New User/Page_Moodle Khu vc qun tr Thnh vin Ti khon _cb1c9d/button_Chn tp ny")): Object: 'Object Repository/Create New User/Page_Moodle Khu vc qun tr Thnh vin Ti khon _cb1c9d/button_Chn tp ny' is clicked on

2022-01-16 09:20:30 - [MESSAGE][INFO] - Unable to find the element located by 'By.xpath: //button[@id='yui_3_17_2_1_1642066391828_732']'. Please recheck the objects properties to make sure the desired element is located. 

2022-01-16 09:20:30 - [MESSAGE][WARNING] - [SELF-HEALING] Failed to find element with id 'Object Repository/Create New User/Page_Moodle Khu vc qun tr Thnh vin Ti khon _cb1c9d/button_Chn tp ny'. Try using Self-healing.

2022-01-16 09:20:30 - [MESSAGE][WARNING] - [SELF-HEALING] The current locator of test object 'Object Repository/Create New User/Page_Moodle Khu vc qun tr Thnh vin Ti khon _cb1c9d/button_Chn tp ny' was broken. Propose an alternative one: '(.//*[normalize-space(text()) and normalize-space(.)='Chọn giấy phép'])[1]/following::button[1]'.

2022-01-16 09:20:30 - [MESSAGE][PASSED] - Object: 'Object Repository/Create New User/Page_Moodle Khu vc qun tr Thnh vin Ti khon _cb1c9d/button_Chn tp ny' is clicked on

2022-01-16 09:20:30 - [TEST_STEP][PASSED] - selectOptionByValue(findTestObject("Object Repository/Create User by CSV/Page_Moodle Khu vc qun tr Thnh vin Ti khon _cb1c9d/select_,                                    t"), "comma", true): All options with value 'comma' are selected in object 'Object Repository/Create User by CSV/Page_Moodle Khu vc qun tr Thnh vin Ti khon _cb1c9d/select_,                                    t'  using regular expression

2022-01-16 09:20:32 - [MESSAGE][PASSED] - All options with value 'comma' are selected in object 'Object Repository/Create User by CSV/Page_Moodle Khu vc qun tr Thnh vin Ti khon _cb1c9d/select_,                                    t'  using regular expression

2022-01-16 09:20:32 - [TEST_STEP][PASSED] - click(findTestObject("Object Repository/Create User by CSV/Page_Moodle Khu vc qun tr Thnh vin Ti khon _cb1c9d/input_Xem trc cc dng_submitbutton")): Object: 'Object Repository/Create User by CSV/Page_Moodle Khu vc qun tr Thnh vin Ti khon _cb1c9d/input_Xem trc cc dng_submitbutton' is clicked on

2022-01-16 09:20:38 - [MESSAGE][PASSED] - Object: 'Object Repository/Create User by CSV/Page_Moodle Khu vc qun tr Thnh vin Ti khon _cb1c9d/input_Xem trc cc dng_submitbutton' is clicked on

2022-01-16 09:20:38 - [TEST_STEP][PASSED] - selectOptionByValue(findTestObject("Object Repository/Create User by CSV/Page_Moodle Khu vc qun tr Thnh vin Ti khon _cb1c9d/select_Add new only, skip existing users   _620e8d"), "2", true): All options with value '2' are selected in object 'Object Repository/Create User by CSV/Page_Moodle Khu vc qun tr Thnh vin Ti khon _cb1c9d/select_Add new only, skip existing users   _620e8d'  using regular expression

2022-01-16 09:20:41 - [MESSAGE][PASSED] - All options with value '2' are selected in object 'Object Repository/Create User by CSV/Page_Moodle Khu vc qun tr Thnh vin Ti khon _cb1c9d/select_Add new only, skip existing users   _620e8d'  using regular expression

2022-01-16 09:20:41 - [TEST_STEP][PASSED] - selectOptionByValue(findTestObject("Object Repository/Create User by CSV/Page_Moodle Khu vc qun tr Thnh vin Ti khon _cb1c9d/select_Khng c thay i            Override wi_69ddaa"), "1", true): All options with value '1' are selected in object 'Object Repository/Create User by CSV/Page_Moodle Khu vc qun tr Thnh vin Ti khon _cb1c9d/select_Khng c thay i            Override wi_69ddaa'  using regular expression

2022-01-16 09:20:42 - [MESSAGE][PASSED] - All options with value '1' are selected in object 'Object Repository/Create User by CSV/Page_Moodle Khu vc qun tr Thnh vin Ti khon _cb1c9d/select_Khng c thay i            Override wi_69ddaa'  using regular expression

2022-01-16 09:20:42 - [TEST_STEP][PASSED] - click(findTestObject("Object Repository/Create User by CSV/Page_Moodle Khu vc qun tr Thnh vin Ti khon _cb1c9d/input_Xem trc cc dng_submitbutton")): Object: 'Object Repository/Create User by CSV/Page_Moodle Khu vc qun tr Thnh vin Ti khon _cb1c9d/input_Xem trc cc dng_submitbutton' is clicked on

2022-01-16 09:20:45 - [MESSAGE][PASSED] - Object: 'Object Repository/Create User by CSV/Page_Moodle Khu vc qun tr Thnh vin Ti khon _cb1c9d/input_Xem trc cc dng_submitbutton' is clicked on

2022-01-16 09:20:45 - [TEST_STEP][PASSED] - verifyElementText(findTestObject("Object Repository/Create User by CSV/Page_Moodle Khu vc qun tr Thnh vin Ti khon _cb1c9d/span_a ch th in t khng hp l"), "Địa chỉ thư điện tử không hợp lệ"): Actual text and expected text of test object 'Object Repository/Create User by CSV/Page_Moodle Khu vc qun tr Thnh vin Ti khon _cb1c9d/span_a ch th in t khng hp l' are matched.

2022-01-16 09:20:46 - [MESSAGE][PASSED] - Actual text and expected text of test object 'Object Repository/Create User by CSV/Page_Moodle Khu vc qun tr Thnh vin Ti khon _cb1c9d/span_a ch th in t khng hp l' are matched.

2022-01-16 09:20:46 - [TEST_STEP][PASSED] - verifyElementText(findTestObject("Object Repository/Create User by CSV/Page_Moodle Khu vc qun tr Thnh vin Ti khon _cb1c9d/span_One--Replace"), "One-->Replace"): Actual text and expected text of test object 'Object Repository/Create User by CSV/Page_Moodle Khu vc qun tr Thnh vin Ti khon _cb1c9d/span_One--Replace' are matched.

2022-01-16 09:20:46 - [MESSAGE][PASSED] - Actual text and expected text of test object 'Object Repository/Create User by CSV/Page_Moodle Khu vc qun tr Thnh vin Ti khon _cb1c9d/span_One--Replace' are matched.

2022-01-16 09:20:46 - [TEST_STEP][PASSED] - click(findTestObject("Object Repository/Create User by CSV/Page_Moodle Khu vc qun tr Thnh vin Ti khon _cb1c9d/a_Qun tr Thnh vin")): Object: 'Object Repository/Create User by CSV/Page_Moodle Khu vc qun tr Thnh vin Ti khon _cb1c9d/a_Qun tr Thnh vin' is clicked on

2022-01-16 09:20:47 - [MESSAGE][PASSED] - Object: 'Object Repository/Create User by CSV/Page_Moodle Khu vc qun tr Thnh vin Ti khon _cb1c9d/a_Qun tr Thnh vin' is clicked on

2022-01-16 09:20:47 - [TEST_STEP][PASSED] - click(findTestObject("Object Repository/Create User by CSV/Page_Moodle Khu vc qun tr Thnh vin Ti khon _cb1c9d/span_Thot")): Object: 'Object Repository/Create User by CSV/Page_Moodle Khu vc qun tr Thnh vin Ti khon _cb1c9d/span_Thot' is clicked on

2022-01-16 09:20:48 - [MESSAGE][PASSED] - Object: 'Object Repository/Create User by CSV/Page_Moodle Khu vc qun tr Thnh vin Ti khon _cb1c9d/span_Thot' is clicked on

2022-01-16 09:20:48 - [TEST_STEP][PASSED] - click(findTestObject("Object Repository/Create User by CSV/Page_Local Moodle/a_Log in")): Object: 'Object Repository/Create User by CSV/Page_Local Moodle/a_Log in' is clicked on

2022-01-16 09:20:48 - [MESSAGE][PASSED] - Object: 'Object Repository/Create User by CSV/Page_Local Moodle/a_Log in' is clicked on

2022-01-16 09:20:48 - [TEST_STEP][PASSED] - setText(findTestObject("Object Repository/Create User by CSV/Page_Local Moodle Log in to the site/input_Username_username"), "123"): Text '123' is set on object 'Object Repository/Create User by CSV/Page_Local Moodle Log in to the site/input_Username_username'

2022-01-16 09:20:49 - [MESSAGE][PASSED] - Text '123' is set on object 'Object Repository/Create User by CSV/Page_Local Moodle Log in to the site/input_Username_username'

2022-01-16 09:20:49 - [TEST_STEP][PASSED] - setEncryptedText(findTestObject("Object Repository/Create User by CSV/Page_Local Moodle Log in to the site/input_Password_password"), "RigbBhfdqODKcAsiUrg+1Q=="): Text ****** has been set on object 'Object Repository/Create User by CSV/Page_Local Moodle Log in to the site/input_Password_password'

2022-01-16 09:20:50 - [MESSAGE][PASSED] - Text ****** has been set on object 'Object Repository/Create User by CSV/Page_Local Moodle Log in to the site/input_Password_password'

2022-01-16 09:20:50 - [TEST_STEP][PASSED] - click(findTestObject("Object Repository/Create User by CSV/Page_Local Moodle Log in to the site/button_Log in")): Object: 'Object Repository/Create User by CSV/Page_Local Moodle Log in to the site/button_Log in' is clicked on

2022-01-16 09:20:50 - [MESSAGE][PASSED] - Object: 'Object Repository/Create User by CSV/Page_Local Moodle Log in to the site/button_Log in' is clicked on

2022-01-16 09:20:50 - [TEST_STEP][PASSED] - verifyElementPresent(findTestObject("Object Repository/Create User by CSV/Page_Local Moodle Log in to the site/div_Invalid login, please try again"), 0): Object 'Object Repository/Create User by CSV/Page_Local Moodle Log in to the site/div_Invalid login, please try again' is present

2022-01-16 09:20:51 - [MESSAGE][WARNING] - Timeout '0' is invalid. Using default page load timeout: '5'

2022-01-16 09:20:51 - [MESSAGE][PASSED] - Object 'Object Repository/Create User by CSV/Page_Local Moodle Log in to the site/div_Invalid login, please try again' is present

2022-01-16 09:20:51 - [TEST_STEP][PASSED] - closeBrowser(): Browser is closed

2022-01-16 09:20:52 - [MESSAGE][PASSED] - Browser is closed]]></system-out>
         <system-err><![CDATA[]]></system-err>
      </testcase>
      <testcase name="Test Cases/Teacher and Grade/Grade for student" time="158.456" classname="Test Cases/Teacher and Grade/Grade for student" status="PASSED">
         <system-out><![CDATA[2022-01-16 09:25:46 - [TEST_CASE][PASSED] - Test Cases/Teacher and Grade/Grade for student: Test Cases/Teacher and Grade/Grade for student

2022-01-16 09:25:46 - [TEST_STEP][PASSED] - openBrowser(""): Browser is opened with url: ''

2022-01-16 09:25:46 - [MESSAGE][WARNING] - A browser is already opened. Closing browser and opening a new one

2022-01-16 09:25:47 - [MESSAGE][INFO] - Starting 'Edge Chromium' driver

2022-01-16 09:25:48 - [MESSAGE][INFO] - Action delay is set to 0 milliseconds

2022-01-16 09:25:51 - [MESSAGE][PASSED] - Browser is opened with url: ''

2022-01-16 09:25:51 - [TEST_STEP][PASSED] - navigateToUrl("http://localhost/"): Navigate to 'http://localhost/' successfully

2022-01-16 09:25:56 - [MESSAGE][PASSED] - Navigate to 'http://localhost/' successfully

2022-01-16 09:25:56 - [TEST_STEP][PASSED] - click(findTestObject("Object Repository/Teacher and Grade/Page_Local Moodle/a_Log in")): Object: 'Object Repository/Teacher and Grade/Page_Local Moodle/a_Log in' is clicked on

2022-01-16 09:25:57 - [MESSAGE][PASSED] - Object: 'Object Repository/Teacher and Grade/Page_Local Moodle/a_Log in' is clicked on

2022-01-16 09:25:57 - [TEST_STEP][PASSED] - setText(findTestObject("Object Repository/Teacher and Grade/Page_Local Moodle Log in to the site/input_Username_username"), "lcbinh"): Text 'lcbinh' is set on object 'Object Repository/Teacher and Grade/Page_Local Moodle Log in to the site/input_Username_username'

2022-01-16 09:25:58 - [MESSAGE][PASSED] - Text 'lcbinh' is set on object 'Object Repository/Teacher and Grade/Page_Local Moodle Log in to the site/input_Username_username'

2022-01-16 09:25:58 - [TEST_STEP][PASSED] - setEncryptedText(findTestObject("Object Repository/Admin Site/Page_Local Moodle Log in to the site/input_Password_password"), "o5TCnEIIWq0Pz0TkrK1a2rpuWvRKVWz2"): Text ****** has been set on object 'Object Repository/Admin Site/Page_Local Moodle Log in to the site/input_Password_password'

2022-01-16 09:25:58 - [MESSAGE][PASSED] - Text ****** has been set on object 'Object Repository/Admin Site/Page_Local Moodle Log in to the site/input_Password_password'

2022-01-16 09:25:58 - [TEST_STEP][PASSED] - click(findTestObject("Object Repository/Teacher and Grade/Page_Local Moodle Log in to the site/button_Log in")): Object: 'Object Repository/Teacher and Grade/Page_Local Moodle Log in to the site/button_Log in' is clicked on

2022-01-16 09:26:01 - [MESSAGE][PASSED] - Object: 'Object Repository/Teacher and Grade/Page_Local Moodle Log in to the site/button_Log in' is clicked on

2022-01-16 09:26:01 - [TEST_STEP][PASSED] - click(findTestObject("Object Repository/Teacher and Grade/Page_Nh ca ti/span_Test View Grade")): Object: 'Object Repository/Teacher and Grade/Page_Nh ca ti/span_Test View Grade' is clicked on

2022-01-16 09:26:05 - [MESSAGE][PASSED] - Object: 'Object Repository/Teacher and Grade/Page_Nh ca ti/span_Test View Grade' is clicked on

2022-01-16 09:26:05 - [TEST_STEP][PASSED] - click(findTestObject("Object Repository/Teacher and Grade/Page_Kha Test View Grade/span_Test Bi tp")): Object: 'Object Repository/Teacher and Grade/Page_Kha Test View Grade/span_Test Bi tp' is clicked on

2022-01-16 09:26:08 - [MESSAGE][PASSED] - Object: 'Object Repository/Teacher and Grade/Page_Kha Test View Grade/span_Test Bi tp' is clicked on

2022-01-16 09:26:08 - [TEST_STEP][PASSED] - click(findTestObject("Object Repository/Teacher and Grade/Page_View Grade Test/a_im")): Object: 'Object Repository/Teacher and Grade/Page_View Grade Test/a_im' is clicked on

2022-01-16 09:26:09 - [MESSAGE][PASSED] - Object: 'Object Repository/Teacher and Grade/Page_View Grade Test/a_im' is clicked on

2022-01-16 09:26:09 - [TEST_STEP][PASSED] - navigateToUrl("http://localhost/mod/assign/view.php?id=10&action=grader"): Navigate to 'http://localhost/mod/assign/view.php?id=10&action=grader' successfully

2022-01-16 09:26:10 - [MESSAGE][PASSED] - Navigate to 'http://localhost/mod/assign/view.php?id=10&action=grader' successfully

2022-01-16 09:26:10 - [TEST_STEP][PASSED] - setText(findTestObject("Object Repository/Teacher and Grade/Page_View Grade Test - ang chm/input_Grade out of 100_grade"), "50"): Text '50' is set on object 'Object Repository/Teacher and Grade/Page_View Grade Test - ang chm/input_Grade out of 100_grade'

2022-01-16 09:26:17 - [MESSAGE][INFO] - Unable to find the element located by 'By.xpath: '. Please recheck the objects properties to make sure the desired element is located. 

2022-01-16 09:26:17 - [MESSAGE][WARNING] - [SELF-HEALING] Failed to find element with id 'Object Repository/Teacher and Grade/Page_View Grade Test - ang chm/input_Grade out of 100_grade'. Try using Self-healing.

2022-01-16 09:26:18 - [MESSAGE][WARNING] - [SELF-HEALING] The current locator of test object 'Object Repository/Teacher and Grade/Page_View Grade Test - ang chm/input_Grade out of 100_grade' was broken. Propose an alternative one: '//input[@id='id_grade']'.

2022-01-16 09:26:24 - [MESSAGE][INFO] - Unable to find the element located by 'By.xpath: '. Please recheck the objects properties to make sure the desired element is located. 

2022-01-16 09:26:24 - [MESSAGE][WARNING] - [SELF-HEALING] Failed to find element with id 'Object Repository/Teacher and Grade/Page_View Grade Test - ang chm/input_Grade out of 100_grade'. Try using Self-healing.

2022-01-16 09:26:25 - [MESSAGE][WARNING] - [SELF-HEALING] The current locator of test object 'Object Repository/Teacher and Grade/Page_View Grade Test - ang chm/input_Grade out of 100_grade' was broken. Propose an alternative one: '//input[@id='id_grade']'.

2022-01-16 09:26:25 - [MESSAGE][PASSED] - Text '50' is set on object 'Object Repository/Teacher and Grade/Page_View Grade Test - ang chm/input_Grade out of 100_grade'

2022-01-16 09:26:25 - [TEST_STEP][PASSED] - click(findTestObject("Object Repository/Teacher and Grade/Page_View Grade Test - ang chm/button_Lu v xem trang tip theo")): Object: 'Object Repository/Teacher and Grade/Page_View Grade Test - ang chm/button_Lu v xem trang tip theo' is clicked on

2022-01-16 09:26:31 - [MESSAGE][INFO] - Unable to find the element located by 'By.xpath: //button[@id='yui_3_17_2_1_1642142506882_572']'. Please recheck the objects properties to make sure the desired element is located. 

2022-01-16 09:26:31 - [MESSAGE][WARNING] - [SELF-HEALING] Failed to find element with id 'Object Repository/Teacher and Grade/Page_View Grade Test - ang chm/button_Lu v xem trang tip theo'. Try using Self-healing.

2022-01-16 09:26:31 - [MESSAGE][WARNING] - [SELF-HEALING] The current locator of test object 'Object Repository/Teacher and Grade/Page_View Grade Test - ang chm/button_Lu v xem trang tip theo' was broken. Propose an alternative one: '(.//*[normalize-space(text()) and normalize-space(.)='Lưu những thay đổi'])[1]/following::button[1]'.

2022-01-16 09:26:31 - [MESSAGE][PASSED] - Object: 'Object Repository/Teacher and Grade/Page_View Grade Test - ang chm/button_Lu v xem trang tip theo' is clicked on

2022-01-16 09:26:31 - [TEST_STEP][PASSED] - setText(findTestObject("Object Repository/Teacher and Grade/Page_View Grade Test - ang chm/input_Grade out of 100_grade"), "100"): Text '100' is set on object 'Object Repository/Teacher and Grade/Page_View Grade Test - ang chm/input_Grade out of 100_grade'

2022-01-16 09:26:37 - [MESSAGE][INFO] - Unable to find the element located by 'By.xpath: '. Please recheck the objects properties to make sure the desired element is located. 

2022-01-16 09:26:37 - [MESSAGE][WARNING] - [SELF-HEALING] Failed to find element with id 'Object Repository/Teacher and Grade/Page_View Grade Test - ang chm/input_Grade out of 100_grade'. Try using Self-healing.

2022-01-16 09:26:39 - [MESSAGE][INFO] - Unable to find the element located by 'By.xpath: //input[@id='id_grade']'. Please recheck the objects properties to make sure the desired element is located. 

2022-01-16 09:26:40 - [MESSAGE][INFO] - Unable to find the element located by 'By.cssSelector: #id_grade'. Please recheck the objects properties to make sure the desired element is located. 

2022-01-16 09:26:40 - [MESSAGE][INFO] - [SELF-HEALING] Failed Locator: '//input[@id='id_grade']'.

2022-01-16 09:26:40 - [MESSAGE][INFO] - [SELF-HEALING] Failed Locator: '//div[@id='yui_3_17_2_1_1642142010676_559']/input'.

2022-01-16 09:26:41 - [MESSAGE][INFO] - [SELF-HEALING] Failed Locator: '//div/div[2]/input'.

2022-01-16 09:26:43 - [MESSAGE][INFO] - [SELF-HEALING] Failed Locator: '//div[@id='yui_3_17_2_1_1642140850377_559']/input'.

2022-01-16 09:26:50 - [MESSAGE][INFO] - [SELF-HEALING] Screenshot: E:/xampp/htdocs/moodle/Test Automation - SE Bonus/Reports/Self-healing/Object Repository/Teacher and Grade/Page_View Grade Test - ang chm/input_Grade out of 100_grade_BASIC.png

2022-01-16 09:26:50 - [MESSAGE][WARNING] - [SELF-HEALING] The current locator of test object 'Object Repository/Teacher and Grade/Page_View Grade Test - ang chm/input_Grade out of 100_grade' was broken. Propose an alternative one: '//*[@type = 'text' and @name = 'grade' and @id = 'id_grade']'.

2022-01-16 09:26:58 - [MESSAGE][INFO] - Unable to find the element located by 'By.xpath: '. Please recheck the objects properties to make sure the desired element is located. 

2022-01-16 09:26:58 - [MESSAGE][WARNING] - [SELF-HEALING] Failed to find element with id 'Object Repository/Teacher and Grade/Page_View Grade Test - ang chm/input_Grade out of 100_grade'. Try using Self-healing.

2022-01-16 09:27:00 - [MESSAGE][WARNING] - [SELF-HEALING] The current locator of test object 'Object Repository/Teacher and Grade/Page_View Grade Test - ang chm/input_Grade out of 100_grade' was broken. Propose an alternative one: '//input[@id='id_grade']'.

2022-01-16 09:27:00 - [MESSAGE][PASSED] - Text '100' is set on object 'Object Repository/Teacher and Grade/Page_View Grade Test - ang chm/input_Grade out of 100_grade'

2022-01-16 09:27:00 - [TEST_STEP][PASSED] - click(findTestObject("Object Repository/Teacher and Grade/Page_View Grade Test - ang chm/button_Lu v xem trang tip theo")): Object: 'Object Repository/Teacher and Grade/Page_View Grade Test - ang chm/button_Lu v xem trang tip theo' is clicked on

2022-01-16 09:27:08 - [MESSAGE][INFO] - Unable to find the element located by 'By.xpath: //button[@id='yui_3_17_2_1_1642142506882_572']'. Please recheck the objects properties to make sure the desired element is located. 

2022-01-16 09:27:08 - [MESSAGE][WARNING] - [SELF-HEALING] Failed to find element with id 'Object Repository/Teacher and Grade/Page_View Grade Test - ang chm/button_Lu v xem trang tip theo'. Try using Self-healing.

2022-01-16 09:27:10 - [MESSAGE][WARNING] - [SELF-HEALING] The current locator of test object 'Object Repository/Teacher and Grade/Page_View Grade Test - ang chm/button_Lu v xem trang tip theo' was broken. Propose an alternative one: '(.//*[normalize-space(text()) and normalize-space(.)='Lưu những thay đổi'])[1]/following::button[1]'.

2022-01-16 09:27:10 - [MESSAGE][PASSED] - Object: 'Object Repository/Teacher and Grade/Page_View Grade Test - ang chm/button_Lu v xem trang tip theo' is clicked on

2022-01-16 09:27:10 - [TEST_STEP][PASSED] - setText(findTestObject("Object Repository/Teacher and Grade/Page_View Grade Test - ang chm/input_Grade out of 100_grade"), "1"): Text '1' is set on object 'Object Repository/Teacher and Grade/Page_View Grade Test - ang chm/input_Grade out of 100_grade'

2022-01-16 09:27:18 - [MESSAGE][INFO] - Unable to find the element located by 'By.xpath: '. Please recheck the objects properties to make sure the desired element is located. 

2022-01-16 09:27:18 - [MESSAGE][WARNING] - [SELF-HEALING] Failed to find element with id 'Object Repository/Teacher and Grade/Page_View Grade Test - ang chm/input_Grade out of 100_grade'. Try using Self-healing.

2022-01-16 09:27:20 - [MESSAGE][WARNING] - [SELF-HEALING] The current locator of test object 'Object Repository/Teacher and Grade/Page_View Grade Test - ang chm/input_Grade out of 100_grade' was broken. Propose an alternative one: '//input[@id='id_grade']'.

2022-01-16 09:27:27 - [MESSAGE][INFO] - Unable to find the element located by 'By.xpath: '. Please recheck the objects properties to make sure the desired element is located. 

2022-01-16 09:27:27 - [MESSAGE][WARNING] - [SELF-HEALING] Failed to find element with id 'Object Repository/Teacher and Grade/Page_View Grade Test - ang chm/input_Grade out of 100_grade'. Try using Self-healing.

2022-01-16 09:27:30 - [MESSAGE][WARNING] - [SELF-HEALING] The current locator of test object 'Object Repository/Teacher and Grade/Page_View Grade Test - ang chm/input_Grade out of 100_grade' was broken. Propose an alternative one: '//input[@id='id_grade']'.

2022-01-16 09:27:30 - [MESSAGE][PASSED] - Text '1' is set on object 'Object Repository/Teacher and Grade/Page_View Grade Test - ang chm/input_Grade out of 100_grade'

2022-01-16 09:27:30 - [TEST_STEP][PASSED] - click(findTestObject("Object Repository/Teacher and Grade/Page_View Grade Test - ang chm/button_Lu v xem trang tip theo")): Object: 'Object Repository/Teacher and Grade/Page_View Grade Test - ang chm/button_Lu v xem trang tip theo' is clicked on

2022-01-16 09:27:37 - [MESSAGE][INFO] - Unable to find the element located by 'By.xpath: //button[@id='yui_3_17_2_1_1642142506882_572']'. Please recheck the objects properties to make sure the desired element is located. 

2022-01-16 09:27:37 - [MESSAGE][WARNING] - [SELF-HEALING] Failed to find element with id 'Object Repository/Teacher and Grade/Page_View Grade Test - ang chm/button_Lu v xem trang tip theo'. Try using Self-healing.

2022-01-16 09:27:39 - [MESSAGE][WARNING] - [SELF-HEALING] The current locator of test object 'Object Repository/Teacher and Grade/Page_View Grade Test - ang chm/button_Lu v xem trang tip theo' was broken. Propose an alternative one: '(.//*[normalize-space(text()) and normalize-space(.)='Lưu những thay đổi'])[1]/following::button[1]'.

2022-01-16 09:27:39 - [MESSAGE][PASSED] - Object: 'Object Repository/Teacher and Grade/Page_View Grade Test - ang chm/button_Lu v xem trang tip theo' is clicked on

2022-01-16 09:27:39 - [TEST_STEP][PASSED] - click(findTestObject("Object Repository/Teacher and Grade/Page_View Grade Test 1 - ang chm/a_Kho hc Test View Grade")): Object: 'Object Repository/Teacher and Grade/Page_View Grade Test 1 - ang chm/a_Kho hc Test View Grade' is clicked on

2022-01-16 09:27:48 - [MESSAGE][INFO] - Unable to find the element located by 'By.xpath: //a[@id='yui_3_17_2_1_1641829766477_2314']'. Please recheck the objects properties to make sure the desired element is located. 

2022-01-16 09:27:48 - [MESSAGE][WARNING] - [SELF-HEALING] Failed to find element with id 'Object Repository/Teacher and Grade/Page_View Grade Test 1 - ang chm/a_Kho hc Test View Grade'. Try using Self-healing.

2022-01-16 09:27:50 - [MESSAGE][WARNING] - [SELF-HEALING] The current locator of test object 'Object Repository/Teacher and Grade/Page_View Grade Test 1 - ang chm/a_Kho hc Test View Grade' was broken. Propose an alternative one: '//a[contains(text(),'Khoá học: Test View Grade')]'.

2022-01-16 09:27:50 - [MESSAGE][PASSED] - Object: 'Object Repository/Teacher and Grade/Page_View Grade Test 1 - ang chm/a_Kho hc Test View Grade' is clicked on

2022-01-16 09:27:50 - [TEST_STEP][PASSED] - click(findTestObject("Object Repository/Teacher and Grade/Page_Kha Test View Grade/span_im s")): Object: 'Object Repository/Teacher and Grade/Page_Kha Test View Grade/span_im s' is clicked on

2022-01-16 09:27:53 - [MESSAGE][PASSED] - Object: 'Object Repository/Teacher and Grade/Page_Kha Test View Grade/span_im s' is clicked on

2022-01-16 09:27:53 - [TEST_STEP][PASSED] - verifyElementText(findTestObject("Object Repository/Teacher and Grade/Page_im s Xem/td_50,00"), "50,00"): Actual text and expected text of test object 'Object Repository/Teacher and Grade/Page_im s Xem/td_50,00' are matched.

2022-01-16 09:28:01 - [MESSAGE][INFO] - Unable to find the element located by 'By.xpath: //td[@id='u28i2']'. Please recheck the objects properties to make sure the desired element is located. 

2022-01-16 09:28:01 - [MESSAGE][WARNING] - [SELF-HEALING] Failed to find element with id 'Object Repository/Teacher and Grade/Page_im s Xem/td_50,00'. Try using Self-healing.

2022-01-16 09:28:03 - [MESSAGE][WARNING] - [SELF-HEALING] The current locator of test object 'Object Repository/Teacher and Grade/Page_im s Xem/td_50,00' was broken. Propose an alternative one: '(.//*[normalize-space(text()) and normalize-space(.)='s1@example.com'])[1]/following::td[1]'.

2022-01-16 09:28:03 - [MESSAGE][PASSED] - Actual text and expected text of test object 'Object Repository/Teacher and Grade/Page_im s Xem/td_50,00' are matched.

2022-01-16 09:28:03 - [TEST_STEP][PASSED] - verifyElementText(findTestObject("Object Repository/Teacher and Grade/Page_im s Xem/td_1,00"), "1,00"): Actual text and expected text of test object 'Object Repository/Teacher and Grade/Page_im s Xem/td_1,00' are matched.

2022-01-16 09:28:11 - [MESSAGE][INFO] - Unable to find the element located by 'By.xpath: //td[@id='u30i2']'. Please recheck the objects properties to make sure the desired element is located. 

2022-01-16 09:28:11 - [MESSAGE][WARNING] - [SELF-HEALING] Failed to find element with id 'Object Repository/Teacher and Grade/Page_im s Xem/td_1,00'. Try using Self-healing.

2022-01-16 09:28:13 - [MESSAGE][WARNING] - [SELF-HEALING] The current locator of test object 'Object Repository/Teacher and Grade/Page_im s Xem/td_1,00' was broken. Propose an alternative one: '(.//*[normalize-space(text()) and normalize-space(.)='s3@example.com'])[1]/following::td[1]'.

2022-01-16 09:28:13 - [MESSAGE][PASSED] - Actual text and expected text of test object 'Object Repository/Teacher and Grade/Page_im s Xem/td_1,00' are matched.

2022-01-16 09:28:13 - [TEST_STEP][PASSED] - verifyElementText(findTestObject("Object Repository/Teacher and Grade/Page_im s Xem/td_100,00"), "100,00"): Actual text and expected text of test object 'Object Repository/Teacher and Grade/Page_im s Xem/td_100,00' are matched.

2022-01-16 09:28:21 - [MESSAGE][INFO] - Unable to find the element located by 'By.xpath: //td[@id='u29i2']'. Please recheck the objects properties to make sure the desired element is located. 

2022-01-16 09:28:21 - [MESSAGE][WARNING] - [SELF-HEALING] Failed to find element with id 'Object Repository/Teacher and Grade/Page_im s Xem/td_100,00'. Try using Self-healing.

2022-01-16 09:28:23 - [MESSAGE][WARNING] - [SELF-HEALING] The current locator of test object 'Object Repository/Teacher and Grade/Page_im s Xem/td_100,00' was broken. Propose an alternative one: '(.//*[normalize-space(text()) and normalize-space(.)='s2@example.com'])[1]/following::td[1]'.

2022-01-16 09:28:23 - [MESSAGE][PASSED] - Actual text and expected text of test object 'Object Repository/Teacher and Grade/Page_im s Xem/td_100,00' are matched.

2022-01-16 09:28:23 - [TEST_STEP][PASSED] - closeBrowser(): Browser is closed

2022-01-16 09:28:24 - [MESSAGE][PASSED] - Browser is closed]]></system-out>
         <system-err><![CDATA[]]></system-err>
      </testcase>
      <testcase name="Test Cases/Teacher and Grade/Grade in grade report site" time="175.653" classname="Test Cases/Teacher and Grade/Grade in grade report site" status="PASSED">
         <system-out><![CDATA[2022-01-16 09:28:24 - [TEST_CASE][PASSED] - Test Cases/Teacher and Grade/Grade in grade report site: Test Cases/Teacher and Grade/Grade in grade report site

2022-01-16 09:28:24 - [TEST_STEP][PASSED] - openBrowser(""): Browser is opened with url: ''

2022-01-16 09:28:24 - [MESSAGE][INFO] - Starting 'Edge Chromium' driver

2022-01-16 09:28:25 - [MESSAGE][INFO] - Action delay is set to 0 milliseconds

2022-01-16 09:28:28 - [MESSAGE][PASSED] - Browser is opened with url: ''

2022-01-16 09:28:28 - [TEST_STEP][PASSED] - navigateToUrl("http://localhost/"): Navigate to 'http://localhost/' successfully

2022-01-16 09:28:32 - [MESSAGE][PASSED] - Navigate to 'http://localhost/' successfully

2022-01-16 09:28:32 - [TEST_STEP][PASSED] - click(findTestObject("Object Repository/Teacher and Grade/Page_Local Moodle/a_Log in")): Object: 'Object Repository/Teacher and Grade/Page_Local Moodle/a_Log in' is clicked on

2022-01-16 09:28:34 - [MESSAGE][PASSED] - Object: 'Object Repository/Teacher and Grade/Page_Local Moodle/a_Log in' is clicked on

2022-01-16 09:28:34 - [TEST_STEP][PASSED] - setText(findTestObject("Object Repository/Teacher and Grade/Page_Local Moodle Log in to the site/input_Username_username"), "lcbinh"): Text 'lcbinh' is set on object 'Object Repository/Teacher and Grade/Page_Local Moodle Log in to the site/input_Username_username'

2022-01-16 09:28:34 - [MESSAGE][PASSED] - Text 'lcbinh' is set on object 'Object Repository/Teacher and Grade/Page_Local Moodle Log in to the site/input_Username_username'

2022-01-16 09:28:34 - [TEST_STEP][PASSED] - setEncryptedText(findTestObject("Admin Site/Page_Local Moodle Log in to the site/input_Password_password"), "o5TCnEIIWq0Pz0TkrK1a2rpuWvRKVWz2"): Text ****** has been set on object 'Object Repository/Admin Site/Page_Local Moodle Log in to the site/input_Password_password'

2022-01-16 09:28:35 - [MESSAGE][PASSED] - Text ****** has been set on object 'Object Repository/Admin Site/Page_Local Moodle Log in to the site/input_Password_password'

2022-01-16 09:28:35 - [TEST_STEP][PASSED] - click(findTestObject("Object Repository/Teacher and Grade/Page_Local Moodle Log in to the site/button_Log in")): Object: 'Object Repository/Teacher and Grade/Page_Local Moodle Log in to the site/button_Log in' is clicked on

2022-01-16 09:28:36 - [MESSAGE][PASSED] - Object: 'Object Repository/Teacher and Grade/Page_Local Moodle Log in to the site/button_Log in' is clicked on

2022-01-16 09:28:36 - [TEST_STEP][PASSED] - click(findTestObject("Object Repository/Teacher and Grade/Page_Nh ca ti/span_View Grade")): Object: 'Object Repository/Teacher and Grade/Page_Nh ca ti/span_View Grade' is clicked on

2022-01-16 09:28:43 - [MESSAGE][INFO] - Unable to find the element located by 'By.xpath: '. Please recheck the objects properties to make sure the desired element is located. 

2022-01-16 09:28:43 - [MESSAGE][WARNING] - [SELF-HEALING] Failed to find element with id 'Object Repository/Teacher and Grade/Page_Nh ca ti/span_View Grade'. Try using Self-healing.

2022-01-16 09:28:43 - [MESSAGE][WARNING] - [SELF-HEALING] The current locator of test object 'Object Repository/Teacher and Grade/Page_Nh ca ti/span_View Grade' was broken. Propose an alternative one: '(.//*[normalize-space(text()) and normalize-space(.)='Các khoá học của tôi'])[1]/following::span[2]'.

2022-01-16 09:28:43 - [MESSAGE][PASSED] - Object: 'Object Repository/Teacher and Grade/Page_Nh ca ti/span_View Grade' is clicked on

2022-01-16 09:28:43 - [TEST_STEP][PASSED] - click(findTestObject("Object Repository/Teacher and Grade/Page_Kha Test View Grade/a_im s")): Object: 'Object Repository/Teacher and Grade/Page_Kha Test View Grade/a_im s' is clicked on

2022-01-16 09:28:47 - [MESSAGE][PASSED] - Object: 'Object Repository/Teacher and Grade/Page_Kha Test View Grade/a_im s' is clicked on

2022-01-16 09:28:47 - [TEST_STEP][PASSED] - click(findTestObject("Object Repository/Teacher and Grade/Page_im s Xem/i_Test ch  1_icon fa fa-pencil fa-fw")): Object: 'Object Repository/Teacher and Grade/Page_im s Xem/i_Test ch  1_icon fa fa-pencil fa-fw' is clicked on

2022-01-16 09:28:53 - [MESSAGE][INFO] - Unable to find the element located by 'By.xpath: //a[@id='action_link61dc593a2cdc428']/i'. Please recheck the objects properties to make sure the desired element is located. 

2022-01-16 09:28:53 - [MESSAGE][WARNING] - [SELF-HEALING] Failed to find element with id 'Object Repository/Teacher and Grade/Page_im s Xem/i_Test ch  1_icon fa fa-pencil fa-fw'. Try using Self-healing.

2022-01-16 09:28:54 - [MESSAGE][WARNING] - [SELF-HEALING] The current locator of test object 'Object Repository/Teacher and Grade/Page_im s Xem/i_Test ch  1_icon fa fa-pencil fa-fw' was broken. Propose an alternative one: '//th[4]/a[3]/i'.

2022-01-16 09:28:58 - [MESSAGE][PASSED] - Object: 'Object Repository/Teacher and Grade/Page_im s Xem/i_Test ch  1_icon fa fa-pencil fa-fw' is clicked on

2022-01-16 09:28:58 - [TEST_STEP][PASSED] - check(findTestObject("Object Repository/Teacher and Grade/Page_im s Xem/input_Override for Student Replace_override_3_28")): Object 'Object Repository/Teacher and Grade/Page_im s Xem/input_Override for Student Replace_override_3_28' is checked

2022-01-16 09:29:04 - [MESSAGE][INFO] - Unable to find the element located by 'By.xpath: //input[@id='override_3_28']'. Please recheck the objects properties to make sure the desired element is located. 

2022-01-16 09:29:04 - [MESSAGE][WARNING] - [SELF-HEALING] Failed to find element with id 'Object Repository/Teacher and Grade/Page_im s Xem/input_Override for Student Replace_override_3_28'. Try using Self-healing.

2022-01-16 09:29:04 - [MESSAGE][WARNING] - [SELF-HEALING] The current locator of test object 'Object Repository/Teacher and Grade/Page_im s Xem/input_Override for Student Replace_override_3_28' was broken. Propose an alternative one: '//section[@id='region-main']/div/div[4]/form/table/tbody/tr/td[5]/input'.

2022-01-16 09:29:04 - [MESSAGE][PASSED] - Object 'Object Repository/Teacher and Grade/Page_im s Xem/input_Override for Student Replace_override_3_28' is checked

2022-01-16 09:29:04 - [TEST_STEP][PASSED] - setText(findTestObject("Object Repository/Teacher and Grade/Page_im s Xem/input_Grade for Student Replace_finalgrade_3_28"), "100"): Text '100' is set on object 'Object Repository/Teacher and Grade/Page_im s Xem/input_Grade for Student Replace_finalgrade_3_28'

2022-01-16 09:29:10 - [MESSAGE][INFO] - Unable to find the element located by 'By.xpath: //input[@id='finalgrade_3_28']'. Please recheck the objects properties to make sure the desired element is located. 

2022-01-16 09:29:10 - [MESSAGE][WARNING] - [SELF-HEALING] Failed to find element with id 'Object Repository/Teacher and Grade/Page_im s Xem/input_Grade for Student Replace_finalgrade_3_28'. Try using Self-healing.

2022-01-16 09:29:11 - [MESSAGE][WARNING] - [SELF-HEALING] The current locator of test object 'Object Repository/Teacher and Grade/Page_im s Xem/input_Grade for Student Replace_finalgrade_3_28' was broken. Propose an alternative one: '//td[3]/input'.

2022-01-16 09:29:17 - [MESSAGE][INFO] - Unable to find the element located by 'By.xpath: //input[@id='finalgrade_3_28']'. Please recheck the objects properties to make sure the desired element is located. 

2022-01-16 09:29:17 - [MESSAGE][WARNING] - [SELF-HEALING] Failed to find element with id 'Object Repository/Teacher and Grade/Page_im s Xem/input_Grade for Student Replace_finalgrade_3_28'. Try using Self-healing.

2022-01-16 09:29:17 - [MESSAGE][WARNING] - [SELF-HEALING] The current locator of test object 'Object Repository/Teacher and Grade/Page_im s Xem/input_Grade for Student Replace_finalgrade_3_28' was broken. Propose an alternative one: '//td[3]/input'.

2022-01-16 09:29:17 - [MESSAGE][PASSED] - Text '100' is set on object 'Object Repository/Teacher and Grade/Page_im s Xem/input_Grade for Student Replace_finalgrade_3_28'

2022-01-16 09:29:17 - [TEST_STEP][PASSED] - check(findTestObject("Object Repository/Teacher and Grade/Page_im s Xem/input_Override for Student Three_override_3_30")): Object 'Object Repository/Teacher and Grade/Page_im s Xem/input_Override for Student Three_override_3_30' is checked

2022-01-16 09:29:24 - [MESSAGE][INFO] - Unable to find the element located by 'By.xpath: //input[@id='override_3_30']'. Please recheck the objects properties to make sure the desired element is located. 

2022-01-16 09:29:24 - [MESSAGE][WARNING] - [SELF-HEALING] Failed to find element with id 'Object Repository/Teacher and Grade/Page_im s Xem/input_Override for Student Three_override_3_30'. Try using Self-healing.

2022-01-16 09:29:24 - [MESSAGE][WARNING] - [SELF-HEALING] The current locator of test object 'Object Repository/Teacher and Grade/Page_im s Xem/input_Override for Student Three_override_3_30' was broken. Propose an alternative one: '//tr[2]/td[5]/input'.

2022-01-16 09:29:24 - [MESSAGE][PASSED] - Object 'Object Repository/Teacher and Grade/Page_im s Xem/input_Override for Student Three_override_3_30' is checked

2022-01-16 09:29:24 - [TEST_STEP][PASSED] - setText(findTestObject("Object Repository/Teacher and Grade/Page_im s Xem/input_Grade for Student Three_finalgrade_3_30"), "60"): Text '60' is set on object 'Object Repository/Teacher and Grade/Page_im s Xem/input_Grade for Student Three_finalgrade_3_30'

2022-01-16 09:29:30 - [MESSAGE][INFO] - Unable to find the element located by 'By.xpath: //input[@id='finalgrade_3_30']'. Please recheck the objects properties to make sure the desired element is located. 

2022-01-16 09:29:30 - [MESSAGE][WARNING] - [SELF-HEALING] Failed to find element with id 'Object Repository/Teacher and Grade/Page_im s Xem/input_Grade for Student Three_finalgrade_3_30'. Try using Self-healing.

2022-01-16 09:29:30 - [MESSAGE][WARNING] - [SELF-HEALING] The current locator of test object 'Object Repository/Teacher and Grade/Page_im s Xem/input_Grade for Student Three_finalgrade_3_30' was broken. Propose an alternative one: '//tr[2]/td[3]/input'.

2022-01-16 09:29:36 - [MESSAGE][INFO] - Unable to find the element located by 'By.xpath: //input[@id='finalgrade_3_30']'. Please recheck the objects properties to make sure the desired element is located. 

2022-01-16 09:29:36 - [MESSAGE][WARNING] - [SELF-HEALING] Failed to find element with id 'Object Repository/Teacher and Grade/Page_im s Xem/input_Grade for Student Three_finalgrade_3_30'. Try using Self-healing.

2022-01-16 09:29:37 - [MESSAGE][WARNING] - [SELF-HEALING] The current locator of test object 'Object Repository/Teacher and Grade/Page_im s Xem/input_Grade for Student Three_finalgrade_3_30' was broken. Propose an alternative one: '//tr[2]/td[3]/input'.

2022-01-16 09:29:37 - [MESSAGE][PASSED] - Text '60' is set on object 'Object Repository/Teacher and Grade/Page_im s Xem/input_Grade for Student Three_finalgrade_3_30'

2022-01-16 09:29:37 - [TEST_STEP][PASSED] - check(findTestObject("Object Repository/Teacher and Grade/Page_im s Xem/input_Override for Student Two_override_3_29")): Object 'Object Repository/Teacher and Grade/Page_im s Xem/input_Override for Student Two_override_3_29' is checked

2022-01-16 09:29:43 - [MESSAGE][INFO] - Unable to find the element located by 'By.xpath: //input[@id='override_3_29']'. Please recheck the objects properties to make sure the desired element is located. 

2022-01-16 09:29:43 - [MESSAGE][WARNING] - [SELF-HEALING] Failed to find element with id 'Object Repository/Teacher and Grade/Page_im s Xem/input_Override for Student Two_override_3_29'. Try using Self-healing.

2022-01-16 09:29:43 - [MESSAGE][WARNING] - [SELF-HEALING] The current locator of test object 'Object Repository/Teacher and Grade/Page_im s Xem/input_Override for Student Two_override_3_29' was broken. Propose an alternative one: '//tr[3]/td[5]/input'.

2022-01-16 09:29:43 - [MESSAGE][PASSED] - Object 'Object Repository/Teacher and Grade/Page_im s Xem/input_Override for Student Two_override_3_29' is checked

2022-01-16 09:29:43 - [TEST_STEP][PASSED] - setText(findTestObject("Object Repository/Teacher and Grade/Page_im s Xem/input_Grade for Student Two_finalgrade_3_29"), "25"): Text '25' is set on object 'Object Repository/Teacher and Grade/Page_im s Xem/input_Grade for Student Two_finalgrade_3_29'

2022-01-16 09:29:50 - [MESSAGE][INFO] - Unable to find the element located by 'By.xpath: //input[@id='finalgrade_3_29']'. Please recheck the objects properties to make sure the desired element is located. 

2022-01-16 09:29:50 - [MESSAGE][WARNING] - [SELF-HEALING] Failed to find element with id 'Object Repository/Teacher and Grade/Page_im s Xem/input_Grade for Student Two_finalgrade_3_29'. Try using Self-healing.

2022-01-16 09:29:51 - [MESSAGE][WARNING] - [SELF-HEALING] The current locator of test object 'Object Repository/Teacher and Grade/Page_im s Xem/input_Grade for Student Two_finalgrade_3_29' was broken. Propose an alternative one: '//tr[3]/td[3]/input'.

2022-01-16 09:29:57 - [MESSAGE][INFO] - Unable to find the element located by 'By.xpath: //input[@id='finalgrade_3_29']'. Please recheck the objects properties to make sure the desired element is located. 

2022-01-16 09:29:57 - [MESSAGE][WARNING] - [SELF-HEALING] Failed to find element with id 'Object Repository/Teacher and Grade/Page_im s Xem/input_Grade for Student Two_finalgrade_3_29'. Try using Self-healing.

2022-01-16 09:29:57 - [MESSAGE][WARNING] - [SELF-HEALING] The current locator of test object 'Object Repository/Teacher and Grade/Page_im s Xem/input_Grade for Student Two_finalgrade_3_29' was broken. Propose an alternative one: '//tr[3]/td[3]/input'.

2022-01-16 09:29:57 - [MESSAGE][PASSED] - Text '25' is set on object 'Object Repository/Teacher and Grade/Page_im s Xem/input_Grade for Student Two_finalgrade_3_29'

2022-01-16 09:29:57 - [TEST_STEP][PASSED] - click(findTestObject("Object Repository/Teacher and Grade/Page_im s Xem/input_Insert value_btn btn-secondary")): Object: 'Object Repository/Teacher and Grade/Page_im s Xem/input_Insert value_btn btn-secondary' is clicked on

2022-01-16 09:30:02 - [MESSAGE][PASSED] - Object: 'Object Repository/Teacher and Grade/Page_im s Xem/input_Insert value_btn btn-secondary' is clicked on

2022-01-16 09:30:02 - [TEST_STEP][PASSED] - click(findTestObject("Object Repository/Teacher and Grade/Page_Saving grades/button_Tip tc")): Object: 'Object Repository/Teacher and Grade/Page_Saving grades/button_Tip tc' is clicked on

2022-01-16 09:30:08 - [MESSAGE][INFO] - Unable to find the element located by 'By.xpath: //button[@id='single_button61dc5970393933']'. Please recheck the objects properties to make sure the desired element is located. 

2022-01-16 09:30:08 - [MESSAGE][WARNING] - [SELF-HEALING] Failed to find element with id 'Object Repository/Teacher and Grade/Page_Saving grades/button_Tip tc'. Try using Self-healing.

2022-01-16 09:30:08 - [MESSAGE][WARNING] - [SELF-HEALING] The current locator of test object 'Object Repository/Teacher and Grade/Page_Saving grades/button_Tip tc' was broken. Propose an alternative one: '//div[@id='page']/section/div/div[3]/form/button'.

2022-01-16 09:30:10 - [MESSAGE][PASSED] - Object: 'Object Repository/Teacher and Grade/Page_Saving grades/button_Tip tc' is clicked on

2022-01-16 09:30:10 - [TEST_STEP][PASSED] - click(findTestObject("Object Repository/Teacher and Grade/Page_im s Xem/a_Grader report")): Object: 'Object Repository/Teacher and Grade/Page_im s Xem/a_Grader report' is clicked on

2022-01-16 09:30:11 - [MESSAGE][PASSED] - Object: 'Object Repository/Teacher and Grade/Page_im s Xem/a_Grader report' is clicked on

2022-01-16 09:30:11 - [TEST_STEP][PASSED] - verifyElementText(findTestObject("Object Repository/Teacher and Grade/Page_im s Xem/span_100,00"), "100,00"): Actual text and expected text of test object 'Object Repository/Teacher and Grade/Page_im s Xem/span_100,00' are matched.

2022-01-16 09:30:18 - [MESSAGE][INFO] - Unable to find the element located by 'By.xpath: //td[@id='u28i3']/span'. Please recheck the objects properties to make sure the desired element is located. 

2022-01-16 09:30:18 - [MESSAGE][WARNING] - [SELF-HEALING] Failed to find element with id 'Object Repository/Teacher and Grade/Page_im s Xem/span_100,00'. Try using Self-healing.

2022-01-16 09:30:18 - [MESSAGE][WARNING] - [SELF-HEALING] The current locator of test object 'Object Repository/Teacher and Grade/Page_im s Xem/span_100,00' was broken. Propose an alternative one: '(.//*[normalize-space(text()) and normalize-space(.)='s1@example.com'])[1]/following::span[2]'.

2022-01-16 09:30:18 - [MESSAGE][PASSED] - Actual text and expected text of test object 'Object Repository/Teacher and Grade/Page_im s Xem/span_100,00' are matched.

2022-01-16 09:30:18 - [TEST_STEP][PASSED] - verifyElementText(findTestObject("Object Repository/Teacher and Grade/Page_im s Xem/span_60,00"), "60,00"): Actual text and expected text of test object 'Object Repository/Teacher and Grade/Page_im s Xem/span_60,00' are matched.

2022-01-16 09:30:25 - [MESSAGE][INFO] - Unable to find the element located by 'By.xpath: //td[@id='u30i3']/span'. Please recheck the objects properties to make sure the desired element is located. 

2022-01-16 09:30:25 - [MESSAGE][WARNING] - [SELF-HEALING] Failed to find element with id 'Object Repository/Teacher and Grade/Page_im s Xem/span_60,00'. Try using Self-healing.

2022-01-16 09:30:26 - [MESSAGE][WARNING] - [SELF-HEALING] The current locator of test object 'Object Repository/Teacher and Grade/Page_im s Xem/span_60,00' was broken. Propose an alternative one: '(.//*[normalize-space(text()) and normalize-space(.)='s3@example.com'])[1]/following::span[2]'.

2022-01-16 09:30:26 - [MESSAGE][PASSED] - Actual text and expected text of test object 'Object Repository/Teacher and Grade/Page_im s Xem/span_60,00' are matched.

2022-01-16 09:30:26 - [TEST_STEP][PASSED] - verifyElementText(findTestObject("Object Repository/Teacher and Grade/Page_im s Xem/span_25,00"), "25,00"): Actual text and expected text of test object 'Object Repository/Teacher and Grade/Page_im s Xem/span_25,00' are matched.

2022-01-16 09:30:32 - [MESSAGE][INFO] - Unable to find the element located by 'By.xpath: //td[@id='u29i3']/span'. Please recheck the objects properties to make sure the desired element is located. 

2022-01-16 09:30:32 - [MESSAGE][WARNING] - [SELF-HEALING] Failed to find element with id 'Object Repository/Teacher and Grade/Page_im s Xem/span_25,00'. Try using Self-healing.

2022-01-16 09:30:33 - [MESSAGE][WARNING] - [SELF-HEALING] The current locator of test object 'Object Repository/Teacher and Grade/Page_im s Xem/span_25,00' was broken. Propose an alternative one: '(.//*[normalize-space(text()) and normalize-space(.)='s2@example.com'])[1]/following::span[2]'.

2022-01-16 09:30:33 - [MESSAGE][PASSED] - Actual text and expected text of test object 'Object Repository/Teacher and Grade/Page_im s Xem/span_25,00' are matched.

2022-01-16 09:30:33 - [TEST_STEP][PASSED] - click(findTestObject("Object Repository/Teacher and Grade/Page_im s Xem/span_Ch  1")): Object: 'Object Repository/Teacher and Grade/Page_im s Xem/span_Ch  1' is clicked on

2022-01-16 09:30:35 - [MESSAGE][PASSED] - Object: 'Object Repository/Teacher and Grade/Page_im s Xem/span_Ch  1' is clicked on

2022-01-16 09:30:35 - [TEST_STEP][PASSED] - click(findTestObject("Object Repository/Teacher and Grade/Page_Kha Test View Grade/span_Test ch  1 Bi tp")): Object: 'Object Repository/Teacher and Grade/Page_Kha Test View Grade/span_Test ch  1 Bi tp' is clicked on

2022-01-16 09:30:41 - [MESSAGE][INFO] - Unable to find the element located by 'By.xpath: //li[@id='module-3']/div/div/div[2]/div/a/span'. Please recheck the objects properties to make sure the desired element is located. 

2022-01-16 09:30:41 - [MESSAGE][WARNING] - [SELF-HEALING] Failed to find element with id 'Object Repository/Teacher and Grade/Page_Kha Test View Grade/span_Test ch  1 Bi tp'. Try using Self-healing.

2022-01-16 09:30:42 - [MESSAGE][WARNING] - [SELF-HEALING] The current locator of test object 'Object Repository/Teacher and Grade/Page_Kha Test View Grade/span_Test ch  1 Bi tp' was broken. Propose an alternative one: '(.//*[normalize-space(text()) and normalize-space(.)='Chủ đề 1'])[2]/following::span[1]'.

2022-01-16 09:30:42 - [MESSAGE][PASSED] - Object: 'Object Repository/Teacher and Grade/Page_Kha Test View Grade/span_Test ch  1 Bi tp' is clicked on

2022-01-16 09:30:42 - [TEST_STEP][PASSED] - click(findTestObject("Object Repository/Teacher and Grade/Page_View Grade Test ch  1/a_im")): Object: 'Object Repository/Teacher and Grade/Page_View Grade Test ch  1/a_im' is clicked on

2022-01-16 09:30:44 - [MESSAGE][PASSED] - Object: 'Object Repository/Teacher and Grade/Page_View Grade Test ch  1/a_im' is clicked on

2022-01-16 09:30:44 - [TEST_STEP][PASSED] - verifyElementText(findTestObject("Object Repository/Teacher and Grade/Page_View Grade Test ch  1 - ang chm/a_100,00"), "100,00"): Actual text and expected text of test object 'Object Repository/Teacher and Grade/Page_View Grade Test ch  1 - ang chm/a_100,00' are matched.

2022-01-16 09:30:50 - [MESSAGE][INFO] - Unable to find the element located by 'By.xpath: //a[@id='action_link61dc59c1ddee921']'. Please recheck the objects properties to make sure the desired element is located. 

2022-01-16 09:30:50 - [MESSAGE][WARNING] - [SELF-HEALING] Failed to find element with id 'Object Repository/Teacher and Grade/Page_View Grade Test ch  1 - ang chm/a_100,00'. Try using Self-healing.

2022-01-16 09:30:50 - [MESSAGE][WARNING] - [SELF-HEALING] The current locator of test object 'Object Repository/Teacher and Grade/Page_View Grade Test ch  1 - ang chm/a_100,00' was broken. Propose an alternative one: '//a[contains(text(),'100,00')]'.

2022-01-16 09:30:50 - [MESSAGE][PASSED] - Actual text and expected text of test object 'Object Repository/Teacher and Grade/Page_View Grade Test ch  1 - ang chm/a_100,00' are matched.

2022-01-16 09:30:50 - [TEST_STEP][PASSED] - click(findTestObject("Object Repository/Teacher and Grade/Page_View Grade Test ch  1 - ang chm/a_")): Object: 'Object Repository/Teacher and Grade/Page_View Grade Test ch  1 - ang chm/a_' is clicked on

2022-01-16 09:30:57 - [MESSAGE][INFO] - Unable to find the element located by 'By.xpath: //a[@id='yui_3_17_2_1_1641830816830_543']'. Please recheck the objects properties to make sure the desired element is located. 

2022-01-16 09:30:57 - [MESSAGE][WARNING] - [SELF-HEALING] Failed to find element with id 'Object Repository/Teacher and Grade/Page_View Grade Test ch  1 - ang chm/a_'. Try using Self-healing.

2022-01-16 09:30:57 - [MESSAGE][WARNING] - [SELF-HEALING] The current locator of test object 'Object Repository/Teacher and Grade/Page_View Grade Test ch  1 - ang chm/a_' was broken. Propose an alternative one: '//a[contains(text(),'►')]'.

2022-01-16 09:30:57 - [MESSAGE][PASSED] - Object: 'Object Repository/Teacher and Grade/Page_View Grade Test ch  1 - ang chm/a_' is clicked on

2022-01-16 09:30:57 - [TEST_STEP][PASSED] - verifyElementText(findTestObject("Object Repository/Teacher and Grade/Page_View Grade Test ch  1 - ang chm/a_25,00"), "25,00"): Actual text and expected text of test object 'Object Repository/Teacher and Grade/Page_View Grade Test ch  1 - ang chm/a_25,00' are matched.

2022-01-16 09:31:04 - [MESSAGE][INFO] - Unable to find the element located by 'By.xpath: //a[@id='action_link61dc59cf9045721']'. Please recheck the objects properties to make sure the desired element is located. 

2022-01-16 09:31:04 - [MESSAGE][WARNING] - [SELF-HEALING] Failed to find element with id 'Object Repository/Teacher and Grade/Page_View Grade Test ch  1 - ang chm/a_25,00'. Try using Self-healing.

2022-01-16 09:31:04 - [MESSAGE][WARNING] - [SELF-HEALING] The current locator of test object 'Object Repository/Teacher and Grade/Page_View Grade Test ch  1 - ang chm/a_25,00' was broken. Propose an alternative one: '//a[contains(text(),'25,00')]'.

2022-01-16 09:31:04 - [MESSAGE][PASSED] - Actual text and expected text of test object 'Object Repository/Teacher and Grade/Page_View Grade Test ch  1 - ang chm/a_25,00' are matched.

2022-01-16 09:31:04 - [TEST_STEP][PASSED] - click(findTestObject("Object Repository/Teacher and Grade/Page_View Grade Test ch  1 - ang chm/a_")): Object: 'Object Repository/Teacher and Grade/Page_View Grade Test ch  1 - ang chm/a_' is clicked on

2022-01-16 09:31:10 - [MESSAGE][INFO] - Unable to find the element located by 'By.xpath: //a[@id='yui_3_17_2_1_1641830816830_543']'. Please recheck the objects properties to make sure the desired element is located. 

2022-01-16 09:31:10 - [MESSAGE][WARNING] - [SELF-HEALING] Failed to find element with id 'Object Repository/Teacher and Grade/Page_View Grade Test ch  1 - ang chm/a_'. Try using Self-healing.

2022-01-16 09:31:10 - [MESSAGE][WARNING] - [SELF-HEALING] The current locator of test object 'Object Repository/Teacher and Grade/Page_View Grade Test ch  1 - ang chm/a_' was broken. Propose an alternative one: '//a[contains(text(),'►')]'.

2022-01-16 09:31:11 - [MESSAGE][PASSED] - Object: 'Object Repository/Teacher and Grade/Page_View Grade Test ch  1 - ang chm/a_' is clicked on

2022-01-16 09:31:11 - [TEST_STEP][PASSED] - verifyElementText(findTestObject("Object Repository/Teacher and Grade/Page_View Grade Test ch  1 - ang chm/a_60,00"), "60,00"): Actual text and expected text of test object 'Object Repository/Teacher and Grade/Page_View Grade Test ch  1 - ang chm/a_60,00' are matched.

2022-01-16 09:31:18 - [MESSAGE][INFO] - Unable to find the element located by 'By.xpath: //a[@id='action_link61dc59d7f39f820']'. Please recheck the objects properties to make sure the desired element is located. 

2022-01-16 09:31:18 - [MESSAGE][WARNING] - [SELF-HEALING] Failed to find element with id 'Object Repository/Teacher and Grade/Page_View Grade Test ch  1 - ang chm/a_60,00'. Try using Self-healing.

2022-01-16 09:31:18 - [MESSAGE][WARNING] - [SELF-HEALING] The current locator of test object 'Object Repository/Teacher and Grade/Page_View Grade Test ch  1 - ang chm/a_60,00' was broken. Propose an alternative one: '//a[contains(text(),'60,00')]'.

2022-01-16 09:31:18 - [MESSAGE][PASSED] - Actual text and expected text of test object 'Object Repository/Teacher and Grade/Page_View Grade Test ch  1 - ang chm/a_60,00' are matched.

2022-01-16 09:31:18 - [TEST_STEP][PASSED] - closeBrowser(): Browser is closed

2022-01-16 09:31:20 - [MESSAGE][PASSED] - Browser is closed]]></system-out>
         <system-err><![CDATA[]]></system-err>
      </testcase>
      <testcase name="Test Cases/Teacher and Grade/Other Teacher View Grade" time="138.266" classname="Test Cases/Teacher and Grade/Other Teacher View Grade" status="PASSED">
         <system-out><![CDATA[2022-01-16 09:34:18 - [TEST_CASE][PASSED] - Test Cases/Teacher and Grade/Other Teacher View Grade: Test Cases/Teacher and Grade/Other Teacher View Grade

2022-01-16 09:34:18 - [TEST_STEP][PASSED] - openBrowser(""): Browser is opened with url: ''

2022-01-16 09:34:18 - [MESSAGE][WARNING] - A browser is already opened. Closing browser and opening a new one

2022-01-16 09:34:19 - [MESSAGE][INFO] - Starting 'Edge Chromium' driver

2022-01-16 09:34:21 - [MESSAGE][INFO] - Action delay is set to 0 milliseconds

2022-01-16 09:34:24 - [MESSAGE][PASSED] - Browser is opened with url: ''

2022-01-16 09:34:24 - [TEST_STEP][PASSED] - navigateToUrl("http://localhost/"): Navigate to 'http://localhost/' successfully

2022-01-16 09:34:39 - [MESSAGE][PASSED] - Navigate to 'http://localhost/' successfully

2022-01-16 09:34:39 - [TEST_STEP][PASSED] - click(findTestObject("Object Repository/Teacher and Grade/Page_Local Moodle/a_Log in")): Object: 'Object Repository/Teacher and Grade/Page_Local Moodle/a_Log in' is clicked on

2022-01-16 09:34:40 - [MESSAGE][PASSED] - Object: 'Object Repository/Teacher and Grade/Page_Local Moodle/a_Log in' is clicked on

2022-01-16 09:34:40 - [TEST_STEP][PASSED] - setText(findTestObject("Object Repository/Teacher and Grade/Page_Local Moodle Log in to the site/input_Username_username"), "lcbinh"): Text 'lcbinh' is set on object 'Object Repository/Teacher and Grade/Page_Local Moodle Log in to the site/input_Username_username'

2022-01-16 09:34:41 - [MESSAGE][PASSED] - Text 'lcbinh' is set on object 'Object Repository/Teacher and Grade/Page_Local Moodle Log in to the site/input_Username_username'

2022-01-16 09:34:41 - [TEST_STEP][PASSED] - setEncryptedText(findTestObject("Admin Site/Page_Local Moodle Log in to the site/input_Password_password"), "o5TCnEIIWq0Pz0TkrK1a2rpuWvRKVWz2"): Text ****** has been set on object 'Object Repository/Admin Site/Page_Local Moodle Log in to the site/input_Password_password'

2022-01-16 09:34:41 - [MESSAGE][PASSED] - Text ****** has been set on object 'Object Repository/Admin Site/Page_Local Moodle Log in to the site/input_Password_password'

2022-01-16 09:34:41 - [TEST_STEP][PASSED] - click(findTestObject("Object Repository/Teacher and Grade/Page_Local Moodle Log in to the site/button_Log in")): Object: 'Object Repository/Teacher and Grade/Page_Local Moodle Log in to the site/button_Log in' is clicked on

2022-01-16 09:34:45 - [MESSAGE][PASSED] - Object: 'Object Repository/Teacher and Grade/Page_Local Moodle Log in to the site/button_Log in' is clicked on

2022-01-16 09:34:45 - [TEST_STEP][PASSED] - click(findTestObject("Teacher and Grade/Page_Nh ca ti/span_Test View Grade")): Object: 'Object Repository/Teacher and Grade/Page_Nh ca ti/span_Test View Grade' is clicked on

2022-01-16 09:34:51 - [MESSAGE][INFO] - Unable to find the element located by 'By.xpath: //div[@id='course-info-container-6-8']/div/div/a/span[3]'. Please recheck the objects properties to make sure the desired element is located. 

2022-01-16 09:34:51 - [MESSAGE][WARNING] - [SELF-HEALING] Failed to find element with id 'Object Repository/Teacher and Grade/Page_Nh ca ti/span_Test View Grade'. Try using Self-healing.

2022-01-16 09:34:51 - [MESSAGE][WARNING] - [SELF-HEALING] The current locator of test object 'Object Repository/Teacher and Grade/Page_Nh ca ti/span_Test View Grade' was broken. Propose an alternative one: '(.//*[normalize-space(text()) and normalize-space(.)='Tên khóa học'])[2]/following::span[1]'.

2022-01-16 09:34:53 - [MESSAGE][PASSED] - Object: 'Object Repository/Teacher and Grade/Page_Nh ca ti/span_Test View Grade' is clicked on

2022-01-16 09:34:53 - [TEST_STEP][PASSED] - click(findTestObject("Object Repository/Teacher and Grade/Page_Kha Test View Grade/span_Test ch  2 Bi tp")): Object: 'Object Repository/Teacher and Grade/Page_Kha Test View Grade/span_Test ch  2 Bi tp' is clicked on

2022-01-16 09:34:59 - [MESSAGE][INFO] - Unable to find the element located by 'By.xpath: //li[@id='module-4']/div/div/div[2]/div/a/span'. Please recheck the objects properties to make sure the desired element is located. 

2022-01-16 09:34:59 - [MESSAGE][WARNING] - [SELF-HEALING] Failed to find element with id 'Object Repository/Teacher and Grade/Page_Kha Test View Grade/span_Test ch  2 Bi tp'. Try using Self-healing.

2022-01-16 09:35:00 - [MESSAGE][WARNING] - [SELF-HEALING] The current locator of test object 'Object Repository/Teacher and Grade/Page_Kha Test View Grade/span_Test ch  2 Bi tp' was broken. Propose an alternative one: '(.//*[normalize-space(text()) and normalize-space(.)='Chủ đề 2'])[2]/following::span[1]'.

2022-01-16 09:35:01 - [MESSAGE][PASSED] - Object: 'Object Repository/Teacher and Grade/Page_Kha Test View Grade/span_Test ch  2 Bi tp' is clicked on

2022-01-16 09:35:01 - [TEST_STEP][PASSED] - click(findTestObject("Object Repository/Teacher and Grade/Page_View Grade Test ch  2/a_im")): Object: 'Object Repository/Teacher and Grade/Page_View Grade Test ch  2/a_im' is clicked on

2022-01-16 09:35:02 - [MESSAGE][PASSED] - Object: 'Object Repository/Teacher and Grade/Page_View Grade Test ch  2/a_im' is clicked on

2022-01-16 09:35:02 - [TEST_STEP][PASSED] - setText(findTestObject("Object Repository/Teacher and Grade/Page_View Grade Test ch  2 - ang chm/input_Grade out of 100_grade"), "11"): Text '11' is set on object 'Object Repository/Teacher and Grade/Page_View Grade Test ch  2 - ang chm/input_Grade out of 100_grade'

2022-01-16 09:35:05 - [MESSAGE][PASSED] - Text '11' is set on object 'Object Repository/Teacher and Grade/Page_View Grade Test ch  2 - ang chm/input_Grade out of 100_grade'

2022-01-16 09:35:05 - [TEST_STEP][PASSED] - click(findTestObject("Object Repository/Teacher and Grade/Page_View Grade Test ch  2 - ang chm/button_Lu v xem trang tip theo")): Object: 'Object Repository/Teacher and Grade/Page_View Grade Test ch  2 - ang chm/button_Lu v xem trang tip theo' is clicked on

2022-01-16 09:35:14 - [MESSAGE][INFO] - Unable to find the element located by 'By.xpath: //button[@id='yui_3_17_2_1_1641831592528_557']'. Please recheck the objects properties to make sure the desired element is located. 

2022-01-16 09:35:14 - [MESSAGE][WARNING] - [SELF-HEALING] Failed to find element with id 'Object Repository/Teacher and Grade/Page_View Grade Test ch  2 - ang chm/button_Lu v xem trang tip theo'. Try using Self-healing.

2022-01-16 09:35:15 - [MESSAGE][WARNING] - [SELF-HEALING] The current locator of test object 'Object Repository/Teacher and Grade/Page_View Grade Test ch  2 - ang chm/button_Lu v xem trang tip theo' was broken. Propose an alternative one: '(.//*[normalize-space(text()) and normalize-space(.)='Lưu những thay đổi'])[1]/following::button[1]'.

2022-01-16 09:35:15 - [MESSAGE][PASSED] - Object: 'Object Repository/Teacher and Grade/Page_View Grade Test ch  2 - ang chm/button_Lu v xem trang tip theo' is clicked on

2022-01-16 09:35:15 - [TEST_STEP][PASSED] - setText(findTestObject("Teacher and Grade/Page_View Grade Test ch  2 - ang chm/input_Grade out of 100_grade"), "56"): Text '56' is set on object 'Object Repository/Teacher and Grade/Page_View Grade Test ch  2 - ang chm/input_Grade out of 100_grade'

2022-01-16 09:35:21 - [MESSAGE][INFO] - Unable to find the element located by 'By.xpath: //input[@id='id_grade']'. Please recheck the objects properties to make sure the desired element is located. 

2022-01-16 09:35:21 - [MESSAGE][WARNING] - [SELF-HEALING] Failed to find element with id 'Object Repository/Teacher and Grade/Page_View Grade Test ch  2 - ang chm/input_Grade out of 100_grade'. Try using Self-healing.

2022-01-16 09:35:22 - [MESSAGE][INFO] - Unable to find the element located by 'By.cssSelector: #id_grade'. Please recheck the objects properties to make sure the desired element is located. 

2022-01-16 09:35:23 - [MESSAGE][INFO] - [SELF-HEALING] Failed Locator: '//input[@id='id_grade']'.

2022-01-16 09:35:23 - [MESSAGE][INFO] - [SELF-HEALING] Failed Locator: '//div[@id='yui_3_17_2_1_1641831592528_544']/input'.

2022-01-16 09:35:23 - [MESSAGE][INFO] - [SELF-HEALING] Failed Locator: '//div/div[2]/input'.

2022-01-16 09:35:23 - [MESSAGE][INFO] - [SELF-HEALING] Failed Locator: '//input[@id='id_grade']'.

2022-01-16 09:35:24 - [MESSAGE][INFO] - [SELF-HEALING] Failed Locator: '//div[@id='yui_3_17_2_1_1641831592528_544']/input'.

2022-01-16 09:35:24 - [MESSAGE][INFO] - [SELF-HEALING] Failed Locator: '//div/div[2]/input'.

2022-01-16 09:35:27 - [MESSAGE][INFO] - [SELF-HEALING] Screenshot: E:/xampp/htdocs/moodle/Test Automation - SE Bonus/Reports/Self-healing/Object Repository/Teacher and Grade/Page_View Grade Test ch  2 - ang chm/input_Grade out of 100_grade_BASIC.png

2022-01-16 09:35:27 - [MESSAGE][WARNING] - [SELF-HEALING] The current locator of test object 'Object Repository/Teacher and Grade/Page_View Grade Test ch  2 - ang chm/input_Grade out of 100_grade' was broken. Propose an alternative one: '//*[@type = 'text' and @name = 'grade' and @id = 'id_grade']'.

2022-01-16 09:35:28 - [MESSAGE][PASSED] - Text '56' is set on object 'Object Repository/Teacher and Grade/Page_View Grade Test ch  2 - ang chm/input_Grade out of 100_grade'

2022-01-16 09:35:28 - [TEST_STEP][PASSED] - click(findTestObject("Object Repository/Teacher and Grade/Page_View Grade Test ch  2 - ang chm/button_Lu v xem trang tip theo")): Object: 'Object Repository/Teacher and Grade/Page_View Grade Test ch  2 - ang chm/button_Lu v xem trang tip theo' is clicked on

2022-01-16 09:35:34 - [MESSAGE][INFO] - Unable to find the element located by 'By.xpath: //button[@id='yui_3_17_2_1_1641831592528_557']'. Please recheck the objects properties to make sure the desired element is located. 

2022-01-16 09:35:34 - [MESSAGE][WARNING] - [SELF-HEALING] Failed to find element with id 'Object Repository/Teacher and Grade/Page_View Grade Test ch  2 - ang chm/button_Lu v xem trang tip theo'. Try using Self-healing.

2022-01-16 09:35:34 - [MESSAGE][WARNING] - [SELF-HEALING] The current locator of test object 'Object Repository/Teacher and Grade/Page_View Grade Test ch  2 - ang chm/button_Lu v xem trang tip theo' was broken. Propose an alternative one: '(.//*[normalize-space(text()) and normalize-space(.)='Lưu những thay đổi'])[1]/following::button[1]'.

2022-01-16 09:35:34 - [MESSAGE][PASSED] - Object: 'Object Repository/Teacher and Grade/Page_View Grade Test ch  2 - ang chm/button_Lu v xem trang tip theo' is clicked on

2022-01-16 09:35:34 - [TEST_STEP][PASSED] - setText(findTestObject("Object Repository/Teacher and Grade/Page_View Grade Test ch  2 - ang chm/input_Grade out of 100_grade"), "89"): Text '89' is set on object 'Object Repository/Teacher and Grade/Page_View Grade Test ch  2 - ang chm/input_Grade out of 100_grade'

2022-01-16 09:35:37 - [MESSAGE][PASSED] - Text '89' is set on object 'Object Repository/Teacher and Grade/Page_View Grade Test ch  2 - ang chm/input_Grade out of 100_grade'

2022-01-16 09:35:37 - [TEST_STEP][PASSED] - click(findTestObject("Object Repository/Teacher and Grade/Page_View Grade Test ch  2 - ang chm/button_Lu v xem trang tip theo")): Object: 'Object Repository/Teacher and Grade/Page_View Grade Test ch  2 - ang chm/button_Lu v xem trang tip theo' is clicked on

2022-01-16 09:35:43 - [MESSAGE][INFO] - Unable to find the element located by 'By.xpath: //button[@id='yui_3_17_2_1_1641831592528_557']'. Please recheck the objects properties to make sure the desired element is located. 

2022-01-16 09:35:43 - [MESSAGE][WARNING] - [SELF-HEALING] Failed to find element with id 'Object Repository/Teacher and Grade/Page_View Grade Test ch  2 - ang chm/button_Lu v xem trang tip theo'. Try using Self-healing.

2022-01-16 09:35:44 - [MESSAGE][WARNING] - [SELF-HEALING] The current locator of test object 'Object Repository/Teacher and Grade/Page_View Grade Test ch  2 - ang chm/button_Lu v xem trang tip theo' was broken. Propose an alternative one: '(.//*[normalize-space(text()) and normalize-space(.)='Lưu những thay đổi'])[1]/following::button[1]'.

2022-01-16 09:35:44 - [MESSAGE][PASSED] - Object: 'Object Repository/Teacher and Grade/Page_View Grade Test ch  2 - ang chm/button_Lu v xem trang tip theo' is clicked on

2022-01-16 09:35:44 - [TEST_STEP][PASSED] - delay(5): Delayed 5 second(s)

2022-01-16 09:35:49 - [MESSAGE][PASSED] - Delayed 5 second(s)

2022-01-16 09:35:49 - [TEST_STEP][PASSED] - click(findTestObject("Object Repository/Teacher and Grade/Page_View Grade Test ch  2 - ang chm/a_Kho hc Test View Grade")): Object: 'Object Repository/Teacher and Grade/Page_View Grade Test ch  2 - ang chm/a_Kho hc Test View Grade' is clicked on

2022-01-16 09:35:55 - [MESSAGE][INFO] - Unable to find the element located by 'By.xpath: //a[@id='yui_3_17_2_1_1641831592528_2762']'. Please recheck the objects properties to make sure the desired element is located. 

2022-01-16 09:35:55 - [MESSAGE][WARNING] - [SELF-HEALING] Failed to find element with id 'Object Repository/Teacher and Grade/Page_View Grade Test ch  2 - ang chm/a_Kho hc Test View Grade'. Try using Self-healing.

2022-01-16 09:35:55 - [MESSAGE][WARNING] - [SELF-HEALING] The current locator of test object 'Object Repository/Teacher and Grade/Page_View Grade Test ch  2 - ang chm/a_Kho hc Test View Grade' was broken. Propose an alternative one: '//a[contains(text(),'Khoá học: Test View Grade')]'.

2022-01-16 09:35:57 - [MESSAGE][PASSED] - Object: 'Object Repository/Teacher and Grade/Page_View Grade Test ch  2 - ang chm/a_Kho hc Test View Grade' is clicked on

2022-01-16 09:35:57 - [TEST_STEP][PASSED] - click(findTestObject("Object Repository/Teacher and Grade/Page_Kha Test View Grade/a_Cng Bnh L")): Object: 'Object Repository/Teacher and Grade/Page_Kha Test View Grade/a_Cng Bnh L' is clicked on

2022-01-16 09:35:57 - [MESSAGE][PASSED] - Object: 'Object Repository/Teacher and Grade/Page_Kha Test View Grade/a_Cng Bnh L' is clicked on

2022-01-16 09:35:57 - [TEST_STEP][PASSED] - click(findTestObject("Object Repository/Teacher and Grade/Page_Kha Test View Grade/span_Thot")): Object: 'Object Repository/Teacher and Grade/Page_Kha Test View Grade/span_Thot' is clicked on

2022-01-16 09:35:59 - [MESSAGE][PASSED] - Object: 'Object Repository/Teacher and Grade/Page_Kha Test View Grade/span_Thot' is clicked on

2022-01-16 09:35:59 - [TEST_STEP][PASSED] - click(findTestObject("Object Repository/Teacher and Grade/Page_Local Moodle/a_Log in")): Object: 'Object Repository/Teacher and Grade/Page_Local Moodle/a_Log in' is clicked on

2022-01-16 09:36:00 - [MESSAGE][PASSED] - Object: 'Object Repository/Teacher and Grade/Page_Local Moodle/a_Log in' is clicked on

2022-01-16 09:36:00 - [TEST_STEP][PASSED] - setText(findTestObject("Object Repository/Teacher and Grade/Page_Local Moodle Log in to the site/input_Username_username"), "ndtthanh"): Text 'ndtthanh' is set on object 'Object Repository/Teacher and Grade/Page_Local Moodle Log in to the site/input_Username_username'

2022-01-16 09:36:01 - [MESSAGE][PASSED] - Text 'ndtthanh' is set on object 'Object Repository/Teacher and Grade/Page_Local Moodle Log in to the site/input_Username_username'

2022-01-16 09:36:01 - [TEST_STEP][PASSED] - setEncryptedText(findTestObject("Admin Site/Page_Local Moodle Log in to the site/input_Password_password"), "o5TCnEIIWq0Pz0TkrK1a2rpuWvRKVWz2"): Text ****** has been set on object 'Object Repository/Admin Site/Page_Local Moodle Log in to the site/input_Password_password'

2022-01-16 09:36:01 - [MESSAGE][PASSED] - Text ****** has been set on object 'Object Repository/Admin Site/Page_Local Moodle Log in to the site/input_Password_password'

2022-01-16 09:36:01 - [TEST_STEP][PASSED] - click(findTestObject("Object Repository/Teacher and Grade/Page_Local Moodle Log in to the site/button_Log in")): Object: 'Object Repository/Teacher and Grade/Page_Local Moodle Log in to the site/button_Log in' is clicked on

2022-01-16 09:36:03 - [MESSAGE][PASSED] - Object: 'Object Repository/Teacher and Grade/Page_Local Moodle Log in to the site/button_Log in' is clicked on

2022-01-16 09:36:03 - [TEST_STEP][PASSED] - click(findTestObject("Teacher and Grade/Page_Nh ca ti/span_Test View Grade")): Object: 'Object Repository/Teacher and Grade/Page_Nh ca ti/span_Test View Grade' is clicked on

2022-01-16 09:36:10 - [MESSAGE][INFO] - Unable to find the element located by 'By.xpath: //div[@id='course-info-container-6-8']/div/div/a/span[3]'. Please recheck the objects properties to make sure the desired element is located. 

2022-01-16 09:36:10 - [MESSAGE][WARNING] - [SELF-HEALING] Failed to find element with id 'Object Repository/Teacher and Grade/Page_Nh ca ti/span_Test View Grade'. Try using Self-healing.

2022-01-16 09:36:10 - [MESSAGE][WARNING] - [SELF-HEALING] The current locator of test object 'Object Repository/Teacher and Grade/Page_Nh ca ti/span_Test View Grade' was broken. Propose an alternative one: '(.//*[normalize-space(text()) and normalize-space(.)='Tên khóa học'])[2]/following::span[1]'.

2022-01-16 09:36:12 - [MESSAGE][PASSED] - Object: 'Object Repository/Teacher and Grade/Page_Nh ca ti/span_Test View Grade' is clicked on

2022-01-16 09:36:12 - [TEST_STEP][PASSED] - click(findTestObject("Object Repository/Teacher and Grade/Page_Kha Test View Grade/span_im s")): Object: 'Object Repository/Teacher and Grade/Page_Kha Test View Grade/span_im s' is clicked on

2022-01-16 09:36:14 - [MESSAGE][PASSED] - Object: 'Object Repository/Teacher and Grade/Page_Kha Test View Grade/span_im s' is clicked on

2022-01-16 09:36:14 - [TEST_STEP][PASSED] - verifyElementText(findTestObject("Object Repository/Teacher and Grade/Page_im s Xem/span_11,00"), "11,00"): Actual text and expected text of test object 'Object Repository/Teacher and Grade/Page_im s Xem/span_11,00' are matched.

2022-01-16 09:36:20 - [MESSAGE][INFO] - Unable to find the element located by 'By.xpath: //td[@id='u28i4']/span'. Please recheck the objects properties to make sure the desired element is located. 

2022-01-16 09:36:20 - [MESSAGE][WARNING] - [SELF-HEALING] Failed to find element with id 'Object Repository/Teacher and Grade/Page_im s Xem/span_11,00'. Try using Self-healing.

2022-01-16 09:36:20 - [MESSAGE][WARNING] - [SELF-HEALING] The current locator of test object 'Object Repository/Teacher and Grade/Page_im s Xem/span_11,00' was broken. Propose an alternative one: '(.//*[normalize-space(text()) and normalize-space(.)='s1@example.com'])[1]/following::span[3]'.

2022-01-16 09:36:20 - [MESSAGE][PASSED] - Actual text and expected text of test object 'Object Repository/Teacher and Grade/Page_im s Xem/span_11,00' are matched.

2022-01-16 09:36:20 - [TEST_STEP][PASSED] - verifyElementText(findTestObject("Object Repository/Teacher and Grade/Page_im s Xem/span_89,00"), "89,00"): Actual text and expected text of test object 'Object Repository/Teacher and Grade/Page_im s Xem/span_89,00' are matched.

2022-01-16 09:36:28 - [MESSAGE][INFO] - Unable to find the element located by 'By.xpath: //td[@id='u30i4']/span'. Please recheck the objects properties to make sure the desired element is located. 

2022-01-16 09:36:28 - [MESSAGE][WARNING] - [SELF-HEALING] Failed to find element with id 'Object Repository/Teacher and Grade/Page_im s Xem/span_89,00'. Try using Self-healing.

2022-01-16 09:36:28 - [MESSAGE][WARNING] - [SELF-HEALING] The current locator of test object 'Object Repository/Teacher and Grade/Page_im s Xem/span_89,00' was broken. Propose an alternative one: '(.//*[normalize-space(text()) and normalize-space(.)='s3@example.com'])[1]/following::span[3]'.

2022-01-16 09:36:28 - [MESSAGE][PASSED] - Actual text and expected text of test object 'Object Repository/Teacher and Grade/Page_im s Xem/span_89,00' are matched.

2022-01-16 09:36:28 - [TEST_STEP][PASSED] - verifyElementText(findTestObject("Object Repository/Teacher and Grade/Page_im s Xem/span_56,00"), "56,00"): Actual text and expected text of test object 'Object Repository/Teacher and Grade/Page_im s Xem/span_56,00' are matched.

2022-01-16 09:36:34 - [MESSAGE][INFO] - Unable to find the element located by 'By.xpath: //td[@id='u29i4']/span'. Please recheck the objects properties to make sure the desired element is located. 

2022-01-16 09:36:34 - [MESSAGE][WARNING] - [SELF-HEALING] Failed to find element with id 'Object Repository/Teacher and Grade/Page_im s Xem/span_56,00'. Try using Self-healing.

2022-01-16 09:36:35 - [MESSAGE][WARNING] - [SELF-HEALING] The current locator of test object 'Object Repository/Teacher and Grade/Page_im s Xem/span_56,00' was broken. Propose an alternative one: '(.//*[normalize-space(text()) and normalize-space(.)='s2@example.com'])[1]/following::span[3]'.

2022-01-16 09:36:35 - [MESSAGE][PASSED] - Actual text and expected text of test object 'Object Repository/Teacher and Grade/Page_im s Xem/span_56,00' are matched.

2022-01-16 09:36:35 - [TEST_STEP][PASSED] - closeBrowser(): Browser is closed

2022-01-16 09:36:36 - [MESSAGE][PASSED] - Browser is closed]]></system-out>
         <system-err><![CDATA[]]></system-err>
      </testcase>
      <testcase name="Test Cases/Create assignment/Create Assignment Set Availability" time="87.8" classname="Test Cases/Create assignment/Create Assignment Set Availability" status="PASSED">
         <system-out><![CDATA[2022-01-16 09:36:36 - [TEST_CASE][PASSED] - Test Cases/Create assignment/Create Assignment Set Availability: Test Cases/Create assignment/Create Assignment Set Availability

2022-01-16 09:36:36 - [TEST_STEP][PASSED] - openBrowser(""): Browser is opened with url: ''

2022-01-16 09:36:36 - [MESSAGE][INFO] - Starting 'Edge Chromium' driver

2022-01-16 09:36:37 - [MESSAGE][INFO] - Action delay is set to 0 milliseconds

2022-01-16 09:36:38 - [MESSAGE][PASSED] - Browser is opened with url: ''

2022-01-16 09:36:38 - [TEST_STEP][PASSED] - navigateToUrl("http://localhost/"): Navigate to 'http://localhost/' successfully

2022-01-16 09:36:42 - [MESSAGE][PASSED] - Navigate to 'http://localhost/' successfully

2022-01-16 09:36:42 - [TEST_STEP][PASSED] - click(findTestObject("Object Repository/Page_Local Moodle/a_Log in (8)")): Object: 'Object Repository/Page_Local Moodle/a_Log in (8)' is clicked on

2022-01-16 09:36:43 - [MESSAGE][PASSED] - Object: 'Object Repository/Page_Local Moodle/a_Log in (8)' is clicked on

2022-01-16 09:36:43 - [TEST_STEP][PASSED] - setText(findTestObject("Object Repository/Page_Local Moodle Log in to the site/input_Username_username (8)"), "robertle"): Text 'robertle' is set on object 'Object Repository/Page_Local Moodle Log in to the site/input_Username_username (8)'

2022-01-16 09:36:44 - [MESSAGE][PASSED] - Text 'robertle' is set on object 'Object Repository/Page_Local Moodle Log in to the site/input_Username_username (8)'

2022-01-16 09:36:44 - [TEST_STEP][PASSED] - setEncryptedText(findTestObject("Object Repository/Page_Local Moodle Log in to the site/input_Password_password (8)"), "e0iuw4o+VG38P/PfCbIZUw=="): Text ****** has been set on object 'Object Repository/Page_Local Moodle Log in to the site/input_Password_password (8)'

2022-01-16 09:36:44 - [MESSAGE][PASSED] - Text ****** has been set on object 'Object Repository/Page_Local Moodle Log in to the site/input_Password_password (8)'

2022-01-16 09:36:44 - [TEST_STEP][PASSED] - click(findTestObject("Object Repository/Page_Local Moodle Log in to the site/button_Log in (8)")): Object: 'Object Repository/Page_Local Moodle Log in to the site/button_Log in (8)' is clicked on

2022-01-16 09:36:48 - [MESSAGE][PASSED] - Object: 'Object Repository/Page_Local Moodle Log in to the site/button_Log in (8)' is clicked on

2022-01-16 09:36:48 - [TEST_STEP][PASSED] - click(findTestObject("Page_Nh ca ti/span_Software Engineering")): Object: 'Object Repository/Page_Nh ca ti/span_Software Engineering' is clicked on

2022-01-16 09:36:53 - [MESSAGE][PASSED] - Object: 'Object Repository/Page_Nh ca ti/span_Software Engineering' is clicked on

2022-01-16 09:36:53 - [TEST_STEP][PASSED] - click(findTestObject("Object Repository/Page_Kha Software Engineering/button_Bt ch  chnh sa (7)")): Object: 'Object Repository/Page_Kha Software Engineering/button_Bt ch  chnh sa (7)' is clicked on

2022-01-16 09:36:59 - [MESSAGE][INFO] - Unable to find the element located by 'By.xpath: //button[@id='single_button61dd945f772791']'. Please recheck the objects properties to make sure the desired element is located. 

2022-01-16 09:36:59 - [MESSAGE][WARNING] - [SELF-HEALING] Failed to find element with id 'Object Repository/Page_Kha Software Engineering/button_Bt ch  chnh sa (7)'. Try using Self-healing.

2022-01-16 09:36:59 - [MESSAGE][WARNING] - [SELF-HEALING] The current locator of test object 'Object Repository/Page_Kha Software Engineering/button_Bt ch  chnh sa (7)' was broken. Propose an alternative one: '//header[@id='page-header']/div/div/div/div[2]/div[2]/div/form/button'.

2022-01-16 09:37:01 - [MESSAGE][PASSED] - Object: 'Object Repository/Page_Kha Software Engineering/button_Bt ch  chnh sa (7)' is clicked on

2022-01-16 09:37:01 - [TEST_STEP][PASSED] - click(findTestObject("Object Repository/Page_Kha Software Engineering/span_Thm hot ng hoc ti nguyn (4)")): Object: 'Object Repository/Page_Kha Software Engineering/span_Thm hot ng hoc ti nguyn (4)' is clicked on

2022-01-16 09:37:08 - [MESSAGE][INFO] - Unable to find the element located by 'By.xpath: //span[@id='yui_3_17_2_1_1641911395881_621']'. Please recheck the objects properties to make sure the desired element is located. 

2022-01-16 09:37:08 - [MESSAGE][WARNING] - [SELF-HEALING] Failed to find element with id 'Object Repository/Page_Kha Software Engineering/span_Thm hot ng hoc ti nguyn (4)'. Try using Self-healing.

2022-01-16 09:37:08 - [MESSAGE][WARNING] - [SELF-HEALING] The current locator of test object 'Object Repository/Page_Kha Software Engineering/span_Thm hot ng hoc ti nguyn (4)' was broken. Propose an alternative one: '(.//*[normalize-space(text()) and normalize-space(.)='Thêm tập tin ở đây'])[3]/following::span[1]'.

2022-01-16 09:37:08 - [MESSAGE][PASSED] - Object: 'Object Repository/Page_Kha Software Engineering/span_Thm hot ng hoc ti nguyn (4)' is clicked on

2022-01-16 09:37:08 - [TEST_STEP][PASSED] - click(findTestObject("Object Repository/Page_Kha Software Engineering/a_Bi tp (5)")): Object: 'Object Repository/Page_Kha Software Engineering/a_Bi tp (5)' is clicked on

2022-01-16 09:37:26 - [MESSAGE][INFO] - Unable to find the element located by 'By.xpath: //div[@id='all-4']/div/div[3]/div/a'. Please recheck the objects properties to make sure the desired element is located. 

2022-01-16 09:37:26 - [MESSAGE][WARNING] - [SELF-HEALING] Failed to find element with id 'Object Repository/Page_Kha Software Engineering/a_Bi tp (5)'. Try using Self-healing.

2022-01-16 09:37:27 - [MESSAGE][WARNING] - [SELF-HEALING] The current locator of test object 'Object Repository/Page_Kha Software Engineering/a_Bi tp (5)' was broken. Propose an alternative one: '(.//*[normalize-space(text()) and normalize-space(.)='Bài học'])[1]/following::a[1]'.

2022-01-16 09:37:42 - [MESSAGE][PASSED] - Object: 'Object Repository/Page_Kha Software Engineering/a_Bi tp (5)' is clicked on

2022-01-16 09:37:42 - [TEST_STEP][PASSED] - setText(findTestObject("Object Repository/Page_Bin son Bi tp/input_Tn bi tp_name (7)"), "Availability"): Text 'Availability' is set on object 'Object Repository/Page_Bin son Bi tp/input_Tn bi tp_name (7)'

2022-01-16 09:37:44 - [MESSAGE][PASSED] - Text 'Availability' is set on object 'Object Repository/Page_Bin son Bi tp/input_Tn bi tp_name (7)'

2022-01-16 09:37:44 - [TEST_STEP][PASSED] - selectOptionByValue(findTestObject("Object Repository/Page_Bin son Bi tp/select_1        2        3        4        _45ea30"), "12", true): All options with value '12' are selected in object 'Object Repository/Page_Bin son Bi tp/select_1        2        3        4        _45ea30'  using regular expression

2022-01-16 09:37:46 - [MESSAGE][PASSED] - All options with value '12' are selected in object 'Object Repository/Page_Bin son Bi tp/select_1        2        3        4        _45ea30'  using regular expression

2022-01-16 09:37:46 - [TEST_STEP][PASSED] - selectOptionByValue(findTestObject("Object Repository/Page_Bin son Bi tp/select_1        2        3        4        _45ea30_1"), "19", true): All options with value '19' are selected in object 'Object Repository/Page_Bin son Bi tp/select_1        2        3        4        _45ea30_1'  using regular expression

2022-01-16 09:37:48 - [MESSAGE][PASSED] - All options with value '19' are selected in object 'Object Repository/Page_Bin son Bi tp/select_1        2        3        4        _45ea30_1'  using regular expression

2022-01-16 09:37:48 - [TEST_STEP][PASSED] - selectOptionByValue(findTestObject("Object Repository/Page_Bin son Bi tp/select_1        2        3        4        _45ea30_1_2"), "20", true): All options with value '20' are selected in object 'Object Repository/Page_Bin son Bi tp/select_1        2        3        4        _45ea30_1_2'  using regular expression

2022-01-16 09:37:50 - [MESSAGE][PASSED] - All options with value '20' are selected in object 'Object Repository/Page_Bin son Bi tp/select_1        2        3        4        _45ea30_1_2'  using regular expression

2022-01-16 09:37:50 - [TEST_STEP][PASSED] - click(findTestObject("Object Repository/Page_Bin son Bi tp/input_Upon activity completion_submitbutton2 (7)")): Object: 'Object Repository/Page_Bin son Bi tp/input_Upon activity completion_submitbutton2 (7)' is clicked on

2022-01-16 09:37:56 - [MESSAGE][PASSED] - Object: 'Object Repository/Page_Bin son Bi tp/input_Upon activity completion_submitbutton2 (7)' is clicked on

2022-01-16 09:37:56 - [TEST_STEP][PASSED] - click(findTestObject("Object Repository/Page_Kha Software Engineering/a_Robert Le (7)")): Object: 'Object Repository/Page_Kha Software Engineering/a_Robert Le (7)' is clicked on

2022-01-16 09:37:56 - [MESSAGE][PASSED] - Object: 'Object Repository/Page_Kha Software Engineering/a_Robert Le (7)' is clicked on

2022-01-16 09:37:56 - [TEST_STEP][PASSED] - click(findTestObject("Object Repository/Page_Kha Software Engineering/a_Thot (6)")): Object: 'Object Repository/Page_Kha Software Engineering/a_Thot (6)' is clicked on

2022-01-16 09:37:57 - [MESSAGE][PASSED] - Object: 'Object Repository/Page_Kha Software Engineering/a_Thot (6)' is clicked on

2022-01-16 09:37:57 - [TEST_STEP][PASSED] - click(findTestObject("Object Repository/Page_Local Moodle/a_Log in (8)")): Object: 'Object Repository/Page_Local Moodle/a_Log in (8)' is clicked on

2022-01-16 09:37:58 - [MESSAGE][PASSED] - Object: 'Object Repository/Page_Local Moodle/a_Log in (8)' is clicked on

2022-01-16 09:37:58 - [TEST_STEP][PASSED] - setText(findTestObject("Object Repository/Page_Local Moodle Log in to the site/input_Username_username (8)"), "hocvien"): Text 'hocvien' is set on object 'Object Repository/Page_Local Moodle Log in to the site/input_Username_username (8)'

2022-01-16 09:37:59 - [MESSAGE][PASSED] - Text 'hocvien' is set on object 'Object Repository/Page_Local Moodle Log in to the site/input_Username_username (8)'

2022-01-16 09:37:59 - [TEST_STEP][PASSED] - setEncryptedText(findTestObject("Object Repository/Page_Local Moodle Log in to the site/input_Password_password (8)"), "e0iuw4o+VG38P/PfCbIZUw=="): Text ****** has been set on object 'Object Repository/Page_Local Moodle Log in to the site/input_Password_password (8)'

2022-01-16 09:37:59 - [MESSAGE][PASSED] - Text ****** has been set on object 'Object Repository/Page_Local Moodle Log in to the site/input_Password_password (8)'

2022-01-16 09:37:59 - [TEST_STEP][PASSED] - click(findTestObject("Object Repository/Page_Local Moodle Log in to the site/button_Log in (8)")): Object: 'Object Repository/Page_Local Moodle Log in to the site/button_Log in (8)' is clicked on

2022-01-16 09:38:01 - [MESSAGE][PASSED] - Object: 'Object Repository/Page_Local Moodle Log in to the site/button_Log in (8)' is clicked on

2022-01-16 09:38:01 - [TEST_STEP][PASSED] - click(findTestObject("Page_Nh ca ti/span_Software Engineering")): Object: 'Object Repository/Page_Nh ca ti/span_Software Engineering' is clicked on

2022-01-16 09:38:03 - [MESSAGE][PASSED] - Object: 'Object Repository/Page_Nh ca ti/span_Software Engineering' is clicked on

2022-01-16 09:38:03 - [TEST_STEP][PASSED] - closeBrowser(): Browser is closed

2022-01-16 09:38:04 - [MESSAGE][PASSED] - Browser is closed]]></system-out>
         <system-err><![CDATA[]]></system-err>
      </testcase>
      <testcase name="Test Cases/Create assignment/Create Assignment Set Full" time="165.966" classname="Test Cases/Create assignment/Create Assignment Set Full" status="PASSED">
         <system-out><![CDATA[2022-01-16 09:38:04 - [TEST_CASE][PASSED] - Test Cases/Create assignment/Create Assignment Set Full: Test Cases/Create assignment/Create Assignment Set Full

2022-01-16 09:38:04 - [TEST_STEP][PASSED] - openBrowser(""): Browser is opened with url: ''

2022-01-16 09:38:04 - [MESSAGE][INFO] - Starting 'Edge Chromium' driver

2022-01-16 09:38:06 - [MESSAGE][INFO] - Action delay is set to 0 milliseconds

2022-01-16 09:38:13 - [MESSAGE][PASSED] - Browser is opened with url: ''

2022-01-16 09:38:13 - [TEST_STEP][PASSED] - navigateToUrl("http://localhost/"): Navigate to 'http://localhost/' successfully

2022-01-16 09:38:27 - [MESSAGE][PASSED] - Navigate to 'http://localhost/' successfully

2022-01-16 09:38:27 - [TEST_STEP][PASSED] - click(findTestObject("Object Repository/Page_Local Moodle/a_Log in (13)")): Object: 'Object Repository/Page_Local Moodle/a_Log in (13)' is clicked on

2022-01-16 09:38:28 - [MESSAGE][PASSED] - Object: 'Object Repository/Page_Local Moodle/a_Log in (13)' is clicked on

2022-01-16 09:38:28 - [TEST_STEP][PASSED] - setText(findTestObject("Object Repository/Page_Local Moodle Log in to the site/input_Username_username (13)"), "robertle"): Text 'robertle' is set on object 'Object Repository/Page_Local Moodle Log in to the site/input_Username_username (13)'

2022-01-16 09:38:29 - [MESSAGE][PASSED] - Text 'robertle' is set on object 'Object Repository/Page_Local Moodle Log in to the site/input_Username_username (13)'

2022-01-16 09:38:29 - [TEST_STEP][PASSED] - setEncryptedText(findTestObject("Object Repository/Page_Local Moodle Log in to the site/input_Password_password (13)"), "e0iuw4o+VG38P/PfCbIZUw=="): Text ****** has been set on object 'Object Repository/Page_Local Moodle Log in to the site/input_Password_password (13)'

2022-01-16 09:38:30 - [MESSAGE][PASSED] - Text ****** has been set on object 'Object Repository/Page_Local Moodle Log in to the site/input_Password_password (13)'

2022-01-16 09:38:30 - [TEST_STEP][PASSED] - click(findTestObject("Object Repository/Page_Local Moodle Log in to the site/button_Log in (13)")): Object: 'Object Repository/Page_Local Moodle Log in to the site/button_Log in (13)' is clicked on

2022-01-16 09:38:34 - [MESSAGE][PASSED] - Object: 'Object Repository/Page_Local Moodle Log in to the site/button_Log in (13)' is clicked on

2022-01-16 09:38:34 - [TEST_STEP][PASSED] - click(findTestObject("Page_Nh ca ti/span_Software Engineering")): Object: 'Object Repository/Page_Nh ca ti/span_Software Engineering' is clicked on

2022-01-16 09:38:40 - [MESSAGE][PASSED] - Object: 'Object Repository/Page_Nh ca ti/span_Software Engineering' is clicked on

2022-01-16 09:38:40 - [TEST_STEP][PASSED] - click(findTestObject("Object Repository/Page_Kha Software Engineering/button_Bt ch  chnh sa (12)")): Object: 'Object Repository/Page_Kha Software Engineering/button_Bt ch  chnh sa (12)' is clicked on

2022-01-16 09:38:47 - [MESSAGE][INFO] - Unable to find the element located by 'By.xpath: //button[@id='single_button61dda179335d11']'. Please recheck the objects properties to make sure the desired element is located. 

2022-01-16 09:38:47 - [MESSAGE][WARNING] - [SELF-HEALING] Failed to find element with id 'Object Repository/Page_Kha Software Engineering/button_Bt ch  chnh sa (12)'. Try using Self-healing.

2022-01-16 09:38:47 - [MESSAGE][WARNING] - [SELF-HEALING] The current locator of test object 'Object Repository/Page_Kha Software Engineering/button_Bt ch  chnh sa (12)' was broken. Propose an alternative one: '//header[@id='page-header']/div/div/div/div[2]/div[2]/div/form/button'.

2022-01-16 09:39:11 - [MESSAGE][PASSED] - Object: 'Object Repository/Page_Kha Software Engineering/button_Bt ch  chnh sa (12)' is clicked on

2022-01-16 09:39:11 - [TEST_STEP][PASSED] - click(findTestObject("Object Repository/Page_Kha Software Engineering/span_Thm hot ng hoc ti nguyn (6)")): Object: 'Object Repository/Page_Kha Software Engineering/span_Thm hot ng hoc ti nguyn (6)' is clicked on

2022-01-16 09:39:18 - [MESSAGE][INFO] - Unable to find the element located by 'By.xpath: //span[@id='yui_3_17_2_1_1641914748145_619']'. Please recheck the objects properties to make sure the desired element is located. 

2022-01-16 09:39:18 - [MESSAGE][WARNING] - [SELF-HEALING] Failed to find element with id 'Object Repository/Page_Kha Software Engineering/span_Thm hot ng hoc ti nguyn (6)'. Try using Self-healing.

2022-01-16 09:39:18 - [MESSAGE][WARNING] - [SELF-HEALING] The current locator of test object 'Object Repository/Page_Kha Software Engineering/span_Thm hot ng hoc ti nguyn (6)' was broken. Propose an alternative one: '(.//*[normalize-space(text()) and normalize-space(.)='Thêm tập tin ở đây'])[3]/following::span[1]'.

2022-01-16 09:39:19 - [MESSAGE][PASSED] - Object: 'Object Repository/Page_Kha Software Engineering/span_Thm hot ng hoc ti nguyn (6)' is clicked on

2022-01-16 09:39:19 - [TEST_STEP][PASSED] - click(findTestObject("Object Repository/Page_Kha Software Engineering/div_Thng tin v  Bi hc hot ng_optionicon mt-_6d37dc (3)")): Object: 'Object Repository/Page_Kha Software Engineering/div_Thng tin v  Bi hc hot ng_optionicon mt-_6d37dc (3)' is clicked on

2022-01-16 09:39:25 - [MESSAGE][INFO] - Unable to find the element located by 'By.xpath: //div[@id='all-4']/div/div[3]/div/a/div'. Please recheck the objects properties to make sure the desired element is located. 

2022-01-16 09:39:25 - [MESSAGE][WARNING] - [SELF-HEALING] Failed to find element with id 'Object Repository/Page_Kha Software Engineering/div_Thng tin v  Bi hc hot ng_optionicon mt-_6d37dc (3)'. Try using Self-healing.

2022-01-16 09:39:25 - [MESSAGE][WARNING] - [SELF-HEALING] The current locator of test object 'Object Repository/Page_Kha Software Engineering/div_Thng tin v  Bi hc hot ng_optionicon mt-_6d37dc (3)' was broken. Propose an alternative one: '(.//*[normalize-space(text()) and normalize-space(.)='Bài học'])[1]/following::div[4]'.

2022-01-16 09:39:48 - [MESSAGE][PASSED] - Object: 'Object Repository/Page_Kha Software Engineering/div_Thng tin v  Bi hc hot ng_optionicon mt-_6d37dc (3)' is clicked on

2022-01-16 09:39:48 - [TEST_STEP][PASSED] - setText(findTestObject("Object Repository/Page_Bin son Bi tp/input_Tn bi tp_name (12)"), "Assignment Full"): Text 'Assignment Full' is set on object 'Object Repository/Page_Bin son Bi tp/input_Tn bi tp_name (12)'

2022-01-16 09:39:49 - [MESSAGE][PASSED] - Text 'Assignment Full' is set on object 'Object Repository/Page_Bin son Bi tp/input_Tn bi tp_name (12)'

2022-01-16 09:39:49 - [TEST_STEP][PASSED] - setText(findTestObject("Object Repository/Page_Bin son Bi tp/div_To assignment y"), "<p dir="ltr" style="text-align: left;">Tạo assignment đầy đủ.</p>"): Text '<p dir="ltr" style="text-align: left;">Tạo assignment đầy đủ.</p>' is set on object 'Object Repository/Page_Bin son Bi tp/div_To assignment y'

2022-01-16 09:39:51 - [MESSAGE][PASSED] - Text '<p dir="ltr" style="text-align: left;">Tạo assignment đầy đủ.</p>' is set on object 'Object Repository/Page_Bin son Bi tp/div_To assignment y'

2022-01-16 09:39:51 - [TEST_STEP][PASSED] - selectOptionByValue(findTestObject("Object Repository/Page_Bin son Bi tp/select_1        2        3        4        _45ea30 (1)"), "12", true): All options with value '12' are selected in object 'Object Repository/Page_Bin son Bi tp/select_1        2        3        4        _45ea30 (1)'  using regular expression

2022-01-16 09:39:53 - [MESSAGE][PASSED] - All options with value '12' are selected in object 'Object Repository/Page_Bin son Bi tp/select_1        2        3        4        _45ea30 (1)'  using regular expression

2022-01-16 09:39:53 - [TEST_STEP][PASSED] - selectOptionByValue(findTestObject("Object Repository/Page_Bin son Bi tp/select_1        2        3        4        _45ea30_1 (1)"), "20", true): All options with value '20' are selected in object 'Object Repository/Page_Bin son Bi tp/select_1        2        3        4        _45ea30_1 (1)'  using regular expression

2022-01-16 09:39:55 - [MESSAGE][PASSED] - All options with value '20' are selected in object 'Object Repository/Page_Bin son Bi tp/select_1        2        3        4        _45ea30_1 (1)'  using regular expression

2022-01-16 09:39:55 - [TEST_STEP][PASSED] - selectOptionByValue(findTestObject("Object Repository/Page_Bin son Bi tp/select_1        2        3        4        _45ea30_1_2 (1)"), "21", true): All options with value '21' are selected in object 'Object Repository/Page_Bin son Bi tp/select_1        2        3        4        _45ea30_1_2 (1)'  using regular expression

2022-01-16 09:39:57 - [MESSAGE][PASSED] - All options with value '21' are selected in object 'Object Repository/Page_Bin son Bi tp/select_1        2        3        4        _45ea30_1_2 (1)'  using regular expression

2022-01-16 09:39:57 - [TEST_STEP][PASSED] - selectOptionByValue(findTestObject("Object Repository/Page_Bin son Bi tp/select_1            2            3         _f84cd8 (1)"), "15", true): All options with value '15' are selected in object 'Object Repository/Page_Bin son Bi tp/select_1            2            3         _f84cd8 (1)'  using regular expression

2022-01-16 09:40:03 - [MESSAGE][PASSED] - All options with value '15' are selected in object 'Object Repository/Page_Bin son Bi tp/select_1            2            3         _f84cd8 (1)'  using regular expression

2022-01-16 09:40:03 - [TEST_STEP][PASSED] - click(findTestObject("Object Repository/Page_Bin son Bi tp/input_Cc loi tp tin c chp nhn_yui_3_17_2_1__c57195")): Object: 'Object Repository/Page_Bin son Bi tp/input_Cc loi tp tin c chp nhn_yui_3_17_2_1__c57195' is clicked on

2022-01-16 09:40:09 - [MESSAGE][INFO] - Unable to find the element located by 'By.xpath: //input[@id='yui_3_17_2_1_1641914753929_1712']'. Please recheck the objects properties to make sure the desired element is located. 

2022-01-16 09:40:09 - [MESSAGE][WARNING] - [SELF-HEALING] Failed to find element with id 'Object Repository/Page_Bin son Bi tp/input_Cc loi tp tin c chp nhn_yui_3_17_2_1__c57195'. Try using Self-healing.

2022-01-16 09:40:10 - [MESSAGE][WARNING] - [SELF-HEALING] The current locator of test object 'Object Repository/Page_Bin son Bi tp/input_Cc loi tp tin c chp nhn_yui_3_17_2_1__c57195' was broken. Propose an alternative one: '//fieldset/div/span/input'.

2022-01-16 09:40:10 - [MESSAGE][PASSED] - Object: 'Object Repository/Page_Bin son Bi tp/input_Cc loi tp tin c chp nhn_yui_3_17_2_1__c57195' is clicked on

2022-01-16 09:40:10 - [TEST_STEP][PASSED] - click(findTestObject("Object Repository/Page_Bin son Bi tp/input_All file types_yui_3_17_2_1_164191475_b6e702")): Object: 'Object Repository/Page_Bin son Bi tp/input_All file types_yui_3_17_2_1_164191475_b6e702' is clicked on

2022-01-16 09:40:16 - [MESSAGE][INFO] - Unable to find the element located by 'By.xpath: //input[@id='yui_3_17_2_1_1641914753929_1743']'. Please recheck the objects properties to make sure the desired element is located. 

2022-01-16 09:40:16 - [MESSAGE][WARNING] - [SELF-HEALING] Failed to find element with id 'Object Repository/Page_Bin son Bi tp/input_All file types_yui_3_17_2_1_164191475_b6e702'. Try using Self-healing.

2022-01-16 09:40:16 - [MESSAGE][WARNING] - [SELF-HEALING] The current locator of test object 'Object Repository/Page_Bin son Bi tp/input_All file types_yui_3_17_2_1_164191475_b6e702' was broken. Propose an alternative one: '//div[2]/label/input'.

2022-01-16 09:40:17 - [MESSAGE][PASSED] - Object: 'Object Repository/Page_Bin son Bi tp/input_All file types_yui_3_17_2_1_164191475_b6e702' is clicked on

2022-01-16 09:40:17 - [TEST_STEP][PASSED] - click(findTestObject("Object Repository/Page_Bin son Bi tp/input_tgz_yui_3_17_2_1_1641914753929_1776")): Object: 'Object Repository/Page_Bin son Bi tp/input_tgz_yui_3_17_2_1_1641914753929_1776' is clicked on

2022-01-16 09:40:24 - [MESSAGE][INFO] - Unable to find the element located by 'By.xpath: //input[@id='yui_3_17_2_1_1641914753929_1776']'. Please recheck the objects properties to make sure the desired element is located. 

2022-01-16 09:40:24 - [MESSAGE][WARNING] - [SELF-HEALING] Failed to find element with id 'Object Repository/Page_Bin son Bi tp/input_tgz_yui_3_17_2_1_1641914753929_1776'. Try using Self-healing.

2022-01-16 09:40:24 - [MESSAGE][WARNING] - [SELF-HEALING] The current locator of test object 'Object Repository/Page_Bin son Bi tp/input_tgz_yui_3_17_2_1_1641914753929_1776' was broken. Propose an alternative one: '//li[13]/label/input'.

2022-01-16 09:40:24 - [MESSAGE][PASSED] - Object: 'Object Repository/Page_Bin son Bi tp/input_tgz_yui_3_17_2_1_1641914753929_1776' is clicked on

2022-01-16 09:40:24 - [TEST_STEP][PASSED] - click(findTestObject("Object Repository/Page_Bin son Bi tp/button_Lu nhng thay i (3)")): Object: 'Object Repository/Page_Bin son Bi tp/button_Lu nhng thay i (3)' is clicked on

2022-01-16 09:40:30 - [MESSAGE][INFO] - Unable to find the element located by 'By.xpath: //button[@id='yui_3_17_2_1_1641914753929_1784']'. Please recheck the objects properties to make sure the desired element is located. 

2022-01-16 09:40:30 - [MESSAGE][WARNING] - [SELF-HEALING] Failed to find element with id 'Object Repository/Page_Bin son Bi tp/button_Lu nhng thay i (3)'. Try using Self-healing.

2022-01-16 09:40:30 - [MESSAGE][WARNING] - [SELF-HEALING] The current locator of test object 'Object Repository/Page_Bin son Bi tp/button_Lu nhng thay i (3)' was broken. Propose an alternative one: '(.//*[normalize-space(text()) and normalize-space(.)='.cpp'])[1]/following::button[1]'.

2022-01-16 09:40:31 - [MESSAGE][PASSED] - Object: 'Object Repository/Page_Bin son Bi tp/button_Lu nhng thay i (3)' is clicked on

2022-01-16 09:40:31 - [TEST_STEP][PASSED] - click(findTestObject("Object Repository/Page_Bin son Bi tp/input_Upon activity completion_submitbutton2 (12)")): Object: 'Object Repository/Page_Bin son Bi tp/input_Upon activity completion_submitbutton2 (12)' is clicked on

2022-01-16 09:40:32 - [MESSAGE][PASSED] - Object: 'Object Repository/Page_Bin son Bi tp/input_Upon activity completion_submitbutton2 (12)' is clicked on

2022-01-16 09:40:32 - [TEST_STEP][PASSED] - click(findTestObject("Object Repository/Page_Kha Software Engineering/a_Robert Le (12)")): Object: 'Object Repository/Page_Kha Software Engineering/a_Robert Le (12)' is clicked on

2022-01-16 09:40:33 - [MESSAGE][PASSED] - Object: 'Object Repository/Page_Kha Software Engineering/a_Robert Le (12)' is clicked on

2022-01-16 09:40:33 - [TEST_STEP][PASSED] - click(findTestObject("Object Repository/Page_Kha Software Engineering/a_Thot (11)")): Object: 'Object Repository/Page_Kha Software Engineering/a_Thot (11)' is clicked on

2022-01-16 09:40:35 - [MESSAGE][PASSED] - Object: 'Object Repository/Page_Kha Software Engineering/a_Thot (11)' is clicked on

2022-01-16 09:40:35 - [TEST_STEP][PASSED] - click(findTestObject("Object Repository/Page_Local Moodle/a_Log in (13)")): Object: 'Object Repository/Page_Local Moodle/a_Log in (13)' is clicked on

2022-01-16 09:40:35 - [MESSAGE][PASSED] - Object: 'Object Repository/Page_Local Moodle/a_Log in (13)' is clicked on

2022-01-16 09:40:35 - [TEST_STEP][PASSED] - setText(findTestObject("Object Repository/Page_Local Moodle Log in to the site/input_Username_username (13)"), "hocvien"): Text 'hocvien' is set on object 'Object Repository/Page_Local Moodle Log in to the site/input_Username_username (13)'

2022-01-16 09:40:36 - [MESSAGE][PASSED] - Text 'hocvien' is set on object 'Object Repository/Page_Local Moodle Log in to the site/input_Username_username (13)'

2022-01-16 09:40:36 - [TEST_STEP][PASSED] - setEncryptedText(findTestObject("Object Repository/Page_Local Moodle Log in to the site/input_Password_password (13)"), "e0iuw4o+VG38P/PfCbIZUw=="): Text ****** has been set on object 'Object Repository/Page_Local Moodle Log in to the site/input_Password_password (13)'

2022-01-16 09:40:37 - [MESSAGE][PASSED] - Text ****** has been set on object 'Object Repository/Page_Local Moodle Log in to the site/input_Password_password (13)'

2022-01-16 09:40:37 - [TEST_STEP][PASSED] - click(findTestObject("Object Repository/Page_Local Moodle Log in to the site/button_Log in (13)")): Object: 'Object Repository/Page_Local Moodle Log in to the site/button_Log in (13)' is clicked on

2022-01-16 09:40:38 - [MESSAGE][PASSED] - Object: 'Object Repository/Page_Local Moodle Log in to the site/button_Log in (13)' is clicked on

2022-01-16 09:40:38 - [TEST_STEP][PASSED] - click(findTestObject("Page_Nh ca ti/span_Software Engineering")): Object: 'Object Repository/Page_Nh ca ti/span_Software Engineering' is clicked on

2022-01-16 09:40:40 - [MESSAGE][PASSED] - Object: 'Object Repository/Page_Nh ca ti/span_Software Engineering' is clicked on

2022-01-16 09:40:40 - [TEST_STEP][PASSED] - click(findTestObject("Object Repository/Page_Kha Software Engineering/span_Assignment Full Bi tp")): Object: 'Object Repository/Page_Kha Software Engineering/span_Assignment Full Bi tp' is clicked on

2022-01-16 09:40:46 - [MESSAGE][INFO] - Unable to find the element located by 'By.xpath: //li[@id='module-26']/div/div/div[2]/div/a/span'. Please recheck the objects properties to make sure the desired element is located. 

2022-01-16 09:40:46 - [MESSAGE][WARNING] - [SELF-HEALING] Failed to find element with id 'Object Repository/Page_Kha Software Engineering/span_Assignment Full Bi tp'. Try using Self-healing.

2022-01-16 09:40:47 - [MESSAGE][WARNING] - [SELF-HEALING] The current locator of test object 'Object Repository/Page_Kha Software Engineering/span_Assignment Full Bi tp' was broken. Propose an alternative one: '//*/text()[normalize-space(.)='Assignment Full']/parent::*'.

2022-01-16 09:40:48 - [MESSAGE][PASSED] - Object: 'Object Repository/Page_Kha Software Engineering/span_Assignment Full Bi tp' is clicked on

2022-01-16 09:40:48 - [TEST_STEP][PASSED] - closeBrowser(): Browser is closed

2022-01-16 09:40:50 - [MESSAGE][PASSED] - Browser is closed]]></system-out>
         <system-err><![CDATA[]]></system-err>
      </testcase>
      <testcase name="Test Cases/Create assignment/Create Assignment Set Online Text" time="97.206" classname="Test Cases/Create assignment/Create Assignment Set Online Text" status="PASSED">
         <system-out><![CDATA[2022-01-16 09:41:58 - [TEST_CASE][PASSED] - Test Cases/Create assignment/Create Assignment Set Online Text: Test Cases/Create assignment/Create Assignment Set Online Text

2022-01-16 09:41:58 - [TEST_STEP][PASSED] - openBrowser(""): Browser is opened with url: ''

2022-01-16 09:41:58 - [MESSAGE][WARNING] - A browser is already opened. Closing browser and opening a new one

2022-01-16 09:41:59 - [MESSAGE][INFO] - Starting 'Edge Chromium' driver

2022-01-16 09:42:00 - [MESSAGE][INFO] - Action delay is set to 0 milliseconds

2022-01-16 09:42:03 - [MESSAGE][PASSED] - Browser is opened with url: ''

2022-01-16 09:42:03 - [TEST_STEP][PASSED] - navigateToUrl("http://localhost/"): Navigate to 'http://localhost/' successfully

2022-01-16 09:42:12 - [MESSAGE][PASSED] - Navigate to 'http://localhost/' successfully

2022-01-16 09:42:12 - [TEST_STEP][PASSED] - click(findTestObject("Object Repository/Page_Local Moodle/a_Log in (11)")): Object: 'Object Repository/Page_Local Moodle/a_Log in (11)' is clicked on

2022-01-16 09:42:14 - [MESSAGE][PASSED] - Object: 'Object Repository/Page_Local Moodle/a_Log in (11)' is clicked on

2022-01-16 09:42:14 - [TEST_STEP][PASSED] - setText(findTestObject("Object Repository/Page_Local Moodle Log in to the site/input_Username_username (11)"), "robertle"): Text 'robertle' is set on object 'Object Repository/Page_Local Moodle Log in to the site/input_Username_username (11)'

2022-01-16 09:42:15 - [MESSAGE][PASSED] - Text 'robertle' is set on object 'Object Repository/Page_Local Moodle Log in to the site/input_Username_username (11)'

2022-01-16 09:42:15 - [TEST_STEP][PASSED] - setEncryptedText(findTestObject("Object Repository/Page_Local Moodle Log in to the site/input_Password_password (11)"), "e0iuw4o+VG38P/PfCbIZUw=="): Text ****** has been set on object 'Object Repository/Page_Local Moodle Log in to the site/input_Password_password (11)'

2022-01-16 09:42:15 - [MESSAGE][PASSED] - Text ****** has been set on object 'Object Repository/Page_Local Moodle Log in to the site/input_Password_password (11)'

2022-01-16 09:42:15 - [TEST_STEP][PASSED] - click(findTestObject("Object Repository/Page_Local Moodle Log in to the site/button_Log in (11)")): Object: 'Object Repository/Page_Local Moodle Log in to the site/button_Log in (11)' is clicked on

2022-01-16 09:42:18 - [MESSAGE][PASSED] - Object: 'Object Repository/Page_Local Moodle Log in to the site/button_Log in (11)' is clicked on

2022-01-16 09:42:18 - [TEST_STEP][PASSED] - click(findTestObject("Page_Nh ca ti/span_Software Engineering")): Object: 'Object Repository/Page_Nh ca ti/span_Software Engineering' is clicked on

2022-01-16 09:42:24 - [MESSAGE][PASSED] - Object: 'Object Repository/Page_Nh ca ti/span_Software Engineering' is clicked on

2022-01-16 09:42:24 - [TEST_STEP][PASSED] - click(findTestObject("Object Repository/Page_Kha Software Engineering/button_Bt ch  chnh sa (10)")): Object: 'Object Repository/Page_Kha Software Engineering/button_Bt ch  chnh sa (10)' is clicked on

2022-01-16 09:42:30 - [MESSAGE][INFO] - Unable to find the element located by 'By.xpath: //button[@id='single_button61dd9879112831']'. Please recheck the objects properties to make sure the desired element is located. 

2022-01-16 09:42:30 - [MESSAGE][WARNING] - [SELF-HEALING] Failed to find element with id 'Object Repository/Page_Kha Software Engineering/button_Bt ch  chnh sa (10)'. Try using Self-healing.

2022-01-16 09:42:30 - [MESSAGE][WARNING] - [SELF-HEALING] The current locator of test object 'Object Repository/Page_Kha Software Engineering/button_Bt ch  chnh sa (10)' was broken. Propose an alternative one: '//header[@id='page-header']/div/div/div/div[2]/div[2]/div/form/button'.

2022-01-16 09:42:37 - [MESSAGE][PASSED] - Object: 'Object Repository/Page_Kha Software Engineering/button_Bt ch  chnh sa (10)' is clicked on

2022-01-16 09:42:37 - [TEST_STEP][PASSED] - click(findTestObject("Object Repository/Page_Kha Software Engineering/button_Thm hot ng hoc ti nguyn (4)")): Object: 'Object Repository/Page_Kha Software Engineering/button_Thm hot ng hoc ti nguyn (4)' is clicked on

2022-01-16 09:42:43 - [MESSAGE][INFO] - Unable to find the element located by 'By.xpath: //button[@id='yui_3_17_2_1_1641912444286_622']'. Please recheck the objects properties to make sure the desired element is located. 

2022-01-16 09:42:43 - [MESSAGE][WARNING] - [SELF-HEALING] Failed to find element with id 'Object Repository/Page_Kha Software Engineering/button_Thm hot ng hoc ti nguyn (4)'. Try using Self-healing.

2022-01-16 09:42:44 - [MESSAGE][WARNING] - [SELF-HEALING] The current locator of test object 'Object Repository/Page_Kha Software Engineering/button_Thm hot ng hoc ti nguyn (4)' was broken. Propose an alternative one: '(.//*[normalize-space(text()) and normalize-space(.)='Thêm tập tin ở đây'])[3]/following::button[1]'.

2022-01-16 09:42:44 - [MESSAGE][PASSED] - Object: 'Object Repository/Page_Kha Software Engineering/button_Thm hot ng hoc ti nguyn (4)' is clicked on

2022-01-16 09:42:44 - [TEST_STEP][PASSED] - click(findTestObject("Object Repository/Page_Kha Software Engineering/div_Thng tin v  Bi hc hot ng_optionicon mt-_6d37dc (1)")): Object: 'Object Repository/Page_Kha Software Engineering/div_Thng tin v  Bi hc hot ng_optionicon mt-_6d37dc (1)' is clicked on

2022-01-16 09:42:54 - [MESSAGE][INFO] - Unable to find the element located by 'By.xpath: //div[@id='all-4']/div/div[3]/div/a/div'. Please recheck the objects properties to make sure the desired element is located. 

2022-01-16 09:42:54 - [MESSAGE][WARNING] - [SELF-HEALING] Failed to find element with id 'Object Repository/Page_Kha Software Engineering/div_Thng tin v  Bi hc hot ng_optionicon mt-_6d37dc (1)'. Try using Self-healing.

2022-01-16 09:42:54 - [MESSAGE][WARNING] - [SELF-HEALING] The current locator of test object 'Object Repository/Page_Kha Software Engineering/div_Thng tin v  Bi hc hot ng_optionicon mt-_6d37dc (1)' was broken. Propose an alternative one: '(.//*[normalize-space(text()) and normalize-space(.)='Bài học'])[1]/following::div[4]'.

2022-01-16 09:43:02 - [MESSAGE][PASSED] - Object: 'Object Repository/Page_Kha Software Engineering/div_Thng tin v  Bi hc hot ng_optionicon mt-_6d37dc (1)' is clicked on

2022-01-16 09:43:02 - [TEST_STEP][PASSED] - setText(findTestObject("Object Repository/Page_Bin son Bi tp/input_Tn bi tp_name (10)"), "Bài tập văn bản"): Text 'Bài tập văn bản' is set on object 'Object Repository/Page_Bin son Bi tp/input_Tn bi tp_name (10)'

2022-01-16 09:43:04 - [MESSAGE][PASSED] - Text 'Bài tập văn bản' is set on object 'Object Repository/Page_Bin son Bi tp/input_Tn bi tp_name (10)'

2022-01-16 09:43:04 - [TEST_STEP][PASSED] - click(findTestObject("Object Repository/Page_Bin son Bi tp/input_Vn bn trc tuyn_assignsubmission_onlin_3ee3b4 (1)")): Object: 'Object Repository/Page_Bin son Bi tp/input_Vn bn trc tuyn_assignsubmission_onlin_3ee3b4 (1)' is clicked on

2022-01-16 09:43:04 - [MESSAGE][PASSED] - Object: 'Object Repository/Page_Bin son Bi tp/input_Vn bn trc tuyn_assignsubmission_onlin_3ee3b4 (1)' is clicked on

2022-01-16 09:43:04 - [TEST_STEP][PASSED] - click(findTestObject("Object Repository/Page_Bin son Bi tp/input_Np tp tin_assignsubmission_file_enabled (1)")): Object: 'Object Repository/Page_Bin son Bi tp/input_Np tp tin_assignsubmission_file_enabled (1)' is clicked on

2022-01-16 09:43:05 - [MESSAGE][PASSED] - Object: 'Object Repository/Page_Bin son Bi tp/input_Np tp tin_assignsubmission_file_enabled (1)' is clicked on

2022-01-16 09:43:05 - [TEST_STEP][PASSED] - click(findTestObject("Object Repository/Page_Bin son Bi tp/input_M_assignsubmission_onlinetext_wordlim_e70110 (1)")): Object: 'Object Repository/Page_Bin son Bi tp/input_M_assignsubmission_onlinetext_wordlim_e70110 (1)' is clicked on

2022-01-16 09:43:06 - [MESSAGE][PASSED] - Object: 'Object Repository/Page_Bin son Bi tp/input_M_assignsubmission_onlinetext_wordlim_e70110 (1)' is clicked on

2022-01-16 09:43:06 - [TEST_STEP][PASSED] - setText(findTestObject("Object Repository/Page_Bin son Bi tp/input_Gii hn t_assignsubmission_onlinetext__581726 (1)"), "300"): Text '300' is set on object 'Object Repository/Page_Bin son Bi tp/input_Gii hn t_assignsubmission_onlinetext__581726 (1)'

2022-01-16 09:43:06 - [MESSAGE][PASSED] - Text '300' is set on object 'Object Repository/Page_Bin son Bi tp/input_Gii hn t_assignsubmission_onlinetext__581726 (1)'

2022-01-16 09:43:06 - [TEST_STEP][PASSED] - click(findTestObject("Object Repository/Page_Bin son Bi tp/input_Upon activity completion_submitbutton2 (10)")): Object: 'Object Repository/Page_Bin son Bi tp/input_Upon activity completion_submitbutton2 (10)' is clicked on

2022-01-16 09:43:08 - [MESSAGE][PASSED] - Object: 'Object Repository/Page_Bin son Bi tp/input_Upon activity completion_submitbutton2 (10)' is clicked on

2022-01-16 09:43:08 - [TEST_STEP][PASSED] - click(findTestObject("Object Repository/Page_Kha Software Engineering/a_Robert Le (10)")): Object: 'Object Repository/Page_Kha Software Engineering/a_Robert Le (10)' is clicked on

2022-01-16 09:43:09 - [MESSAGE][PASSED] - Object: 'Object Repository/Page_Kha Software Engineering/a_Robert Le (10)' is clicked on

2022-01-16 09:43:09 - [TEST_STEP][PASSED] - click(findTestObject("Object Repository/Page_Kha Software Engineering/a_Thot (9)")): Object: 'Object Repository/Page_Kha Software Engineering/a_Thot (9)' is clicked on

2022-01-16 09:43:13 - [MESSAGE][PASSED] - Object: 'Object Repository/Page_Kha Software Engineering/a_Thot (9)' is clicked on

2022-01-16 09:43:13 - [TEST_STEP][PASSED] - click(findTestObject("Object Repository/Page_Local Moodle/a_Log in (11)")): Object: 'Object Repository/Page_Local Moodle/a_Log in (11)' is clicked on

2022-01-16 09:43:14 - [MESSAGE][PASSED] - Object: 'Object Repository/Page_Local Moodle/a_Log in (11)' is clicked on

2022-01-16 09:43:14 - [TEST_STEP][PASSED] - setText(findTestObject("Object Repository/Page_Local Moodle Log in to the site/input_Username_username (11)"), "hocvien"): Text 'hocvien' is set on object 'Object Repository/Page_Local Moodle Log in to the site/input_Username_username (11)'

2022-01-16 09:43:15 - [MESSAGE][PASSED] - Text 'hocvien' is set on object 'Object Repository/Page_Local Moodle Log in to the site/input_Username_username (11)'

2022-01-16 09:43:15 - [TEST_STEP][PASSED] - setEncryptedText(findTestObject("Object Repository/Page_Local Moodle Log in to the site/input_Password_password (11)"), "e0iuw4o+VG38P/PfCbIZUw=="): Text ****** has been set on object 'Object Repository/Page_Local Moodle Log in to the site/input_Password_password (11)'

2022-01-16 09:43:15 - [MESSAGE][PASSED] - Text ****** has been set on object 'Object Repository/Page_Local Moodle Log in to the site/input_Password_password (11)'

2022-01-16 09:43:15 - [TEST_STEP][PASSED] - click(findTestObject("Object Repository/Page_Local Moodle Log in to the site/button_Log in (11)")): Object: 'Object Repository/Page_Local Moodle Log in to the site/button_Log in (11)' is clicked on

2022-01-16 09:43:21 - [MESSAGE][PASSED] - Object: 'Object Repository/Page_Local Moodle Log in to the site/button_Log in (11)' is clicked on

2022-01-16 09:43:21 - [TEST_STEP][PASSED] - click(findTestObject("Page_Nh ca ti/span_Software Engineering")): Object: 'Object Repository/Page_Nh ca ti/span_Software Engineering' is clicked on

2022-01-16 09:43:24 - [MESSAGE][PASSED] - Object: 'Object Repository/Page_Nh ca ti/span_Software Engineering' is clicked on

2022-01-16 09:43:24 - [TEST_STEP][PASSED] - click(findTestObject("Object Repository/Page_Kha Software Engineering/span_Bi tp vn bn")): Object: 'Object Repository/Page_Kha Software Engineering/span_Bi tp vn bn' is clicked on

2022-01-16 09:43:27 - [MESSAGE][PASSED] - Object: 'Object Repository/Page_Kha Software Engineering/span_Bi tp vn bn' is clicked on

2022-01-16 09:43:27 - [TEST_STEP][PASSED] - click(findTestObject("Object Repository/Page_SE Bi tp vn bn/button_Thm bi np")): Object: 'Object Repository/Page_SE Bi tp vn bn/button_Thm bi np' is clicked on

2022-01-16 09:43:33 - [MESSAGE][INFO] - Unable to find the element located by 'By.xpath: //button[@id='single_button61dd98c7396f020']'. Please recheck the objects properties to make sure the desired element is located. 

2022-01-16 09:43:33 - [MESSAGE][WARNING] - [SELF-HEALING] Failed to find element with id 'Object Repository/Page_SE Bi tp vn bn/button_Thm bi np'. Try using Self-healing.

2022-01-16 09:43:33 - [MESSAGE][WARNING] - [SELF-HEALING] The current locator of test object 'Object Repository/Page_SE Bi tp vn bn/button_Thm bi np' was broken. Propose an alternative one: '//section[@id='region-main']/div/div[3]/div[2]/div/form/button'.

2022-01-16 09:43:34 - [MESSAGE][PASSED] - Object: 'Object Repository/Page_SE Bi tp vn bn/button_Thm bi np' is clicked on

2022-01-16 09:43:34 - [TEST_STEP][PASSED] - closeBrowser(): Browser is closed

2022-01-16 09:43:35 - [MESSAGE][PASSED] - Browser is closed]]></system-out>
         <system-err><![CDATA[]]></system-err>
      </testcase>
      <testcase name="Test Cases/Create assignment/Create Assignment Set Type File" time="105.551" classname="Test Cases/Create assignment/Create Assignment Set Type File" status="PASSED">
         <system-out><![CDATA[2022-01-16 09:43:35 - [TEST_CASE][PASSED] - Test Cases/Create assignment/Create Assignment Set Type File: Test Cases/Create assignment/Create Assignment Set Type File

2022-01-16 09:43:37 - [TEST_STEP][PASSED] - openBrowser(""): Browser is opened with url: ''

2022-01-16 09:43:37 - [MESSAGE][INFO] - Starting 'Edge Chromium' driver

2022-01-16 09:43:38 - [MESSAGE][INFO] - Action delay is set to 0 milliseconds

2022-01-16 09:43:42 - [MESSAGE][PASSED] - Browser is opened with url: ''

2022-01-16 09:43:42 - [TEST_STEP][PASSED] - navigateToUrl("http://localhost/"): Navigate to 'http://localhost/' successfully

2022-01-16 09:43:46 - [MESSAGE][PASSED] - Navigate to 'http://localhost/' successfully

2022-01-16 09:43:46 - [TEST_STEP][PASSED] - click(findTestObject("Object Repository/Page_Local Moodle/a_Log in (12)")): Object: 'Object Repository/Page_Local Moodle/a_Log in (12)' is clicked on

2022-01-16 09:43:47 - [MESSAGE][PASSED] - Object: 'Object Repository/Page_Local Moodle/a_Log in (12)' is clicked on

2022-01-16 09:43:47 - [TEST_STEP][PASSED] - setText(findTestObject("Object Repository/Page_Local Moodle Log in to the site/input_Username_username (12)"), "robertle"): Text 'robertle' is set on object 'Object Repository/Page_Local Moodle Log in to the site/input_Username_username (12)'

2022-01-16 09:43:48 - [MESSAGE][PASSED] - Text 'robertle' is set on object 'Object Repository/Page_Local Moodle Log in to the site/input_Username_username (12)'

2022-01-16 09:43:48 - [TEST_STEP][PASSED] - setEncryptedText(findTestObject("Object Repository/Page_Local Moodle Log in to the site/input_Password_password (12)"), "e0iuw4o+VG38P/PfCbIZUw=="): Text ****** has been set on object 'Object Repository/Page_Local Moodle Log in to the site/input_Password_password (12)'

2022-01-16 09:43:49 - [MESSAGE][PASSED] - Text ****** has been set on object 'Object Repository/Page_Local Moodle Log in to the site/input_Password_password (12)'

2022-01-16 09:43:49 - [TEST_STEP][PASSED] - click(findTestObject("Object Repository/Page_Local Moodle Log in to the site/button_Log in (12)")): Object: 'Object Repository/Page_Local Moodle Log in to the site/button_Log in (12)' is clicked on

2022-01-16 09:43:51 - [MESSAGE][PASSED] - Object: 'Object Repository/Page_Local Moodle Log in to the site/button_Log in (12)' is clicked on

2022-01-16 09:43:51 - [TEST_STEP][PASSED] - click(findTestObject("Page_Nh ca ti/span_Software Engineering")): Object: 'Object Repository/Page_Nh ca ti/span_Software Engineering' is clicked on

2022-01-16 09:43:56 - [MESSAGE][PASSED] - Object: 'Object Repository/Page_Nh ca ti/span_Software Engineering' is clicked on

2022-01-16 09:43:56 - [TEST_STEP][PASSED] - click(findTestObject("Object Repository/Page_Kha Software Engineering/button_Bt ch  chnh sa (11)")): Object: 'Object Repository/Page_Kha Software Engineering/button_Bt ch  chnh sa (11)' is clicked on

2022-01-16 09:44:02 - [MESSAGE][INFO] - Unable to find the element located by 'By.xpath: //button[@id='single_button61dd9a7e8fee61']'. Please recheck the objects properties to make sure the desired element is located. 

2022-01-16 09:44:02 - [MESSAGE][WARNING] - [SELF-HEALING] Failed to find element with id 'Object Repository/Page_Kha Software Engineering/button_Bt ch  chnh sa (11)'. Try using Self-healing.

2022-01-16 09:44:02 - [MESSAGE][WARNING] - [SELF-HEALING] The current locator of test object 'Object Repository/Page_Kha Software Engineering/button_Bt ch  chnh sa (11)' was broken. Propose an alternative one: '//header[@id='page-header']/div/div/div/div[2]/div[2]/div/form/button'.

2022-01-16 09:44:05 - [MESSAGE][PASSED] - Object: 'Object Repository/Page_Kha Software Engineering/button_Bt ch  chnh sa (11)' is clicked on

2022-01-16 09:44:05 - [TEST_STEP][PASSED] - click(findTestObject("Object Repository/Page_Kha Software Engineering/button_Thm hot ng hoc ti nguyn (5)")): Object: 'Object Repository/Page_Kha Software Engineering/button_Thm hot ng hoc ti nguyn (5)' is clicked on

2022-01-16 09:44:12 - [MESSAGE][INFO] - Unable to find the element located by 'By.xpath: //button[@id='yui_3_17_2_1_1641912961590_622']'. Please recheck the objects properties to make sure the desired element is located. 

2022-01-16 09:44:12 - [MESSAGE][WARNING] - [SELF-HEALING] Failed to find element with id 'Object Repository/Page_Kha Software Engineering/button_Thm hot ng hoc ti nguyn (5)'. Try using Self-healing.

2022-01-16 09:44:12 - [MESSAGE][WARNING] - [SELF-HEALING] The current locator of test object 'Object Repository/Page_Kha Software Engineering/button_Thm hot ng hoc ti nguyn (5)' was broken. Propose an alternative one: '(.//*[normalize-space(text()) and normalize-space(.)='Thêm tập tin ở đây'])[3]/following::button[1]'.

2022-01-16 09:44:12 - [MESSAGE][PASSED] - Object: 'Object Repository/Page_Kha Software Engineering/button_Thm hot ng hoc ti nguyn (5)' is clicked on

2022-01-16 09:44:12 - [TEST_STEP][PASSED] - click(findTestObject("Object Repository/Page_Kha Software Engineering/div_Thng tin v  Bi hc hot ng_optionicon mt-_6d37dc (2)")): Object: 'Object Repository/Page_Kha Software Engineering/div_Thng tin v  Bi hc hot ng_optionicon mt-_6d37dc (2)' is clicked on

2022-01-16 09:44:22 - [MESSAGE][INFO] - Unable to find the element located by 'By.xpath: //div[@id='all-4']/div/div[3]/div/a/div'. Please recheck the objects properties to make sure the desired element is located. 

2022-01-16 09:44:22 - [MESSAGE][WARNING] - [SELF-HEALING] Failed to find element with id 'Object Repository/Page_Kha Software Engineering/div_Thng tin v  Bi hc hot ng_optionicon mt-_6d37dc (2)'. Try using Self-healing.

2022-01-16 09:44:22 - [MESSAGE][WARNING] - [SELF-HEALING] The current locator of test object 'Object Repository/Page_Kha Software Engineering/div_Thng tin v  Bi hc hot ng_optionicon mt-_6d37dc (2)' was broken. Propose an alternative one: '(.//*[normalize-space(text()) and normalize-space(.)='Bài học'])[1]/following::div[4]'.

2022-01-16 09:44:23 - [MESSAGE][PASSED] - Object: 'Object Repository/Page_Kha Software Engineering/div_Thng tin v  Bi hc hot ng_optionicon mt-_6d37dc (2)' is clicked on

2022-01-16 09:44:23 - [TEST_STEP][PASSED] - setText(findTestObject("Object Repository/Page_Bin son Bi tp/input_Tn bi tp_name (11)"), "Type File"): Text 'Type File' is set on object 'Object Repository/Page_Bin son Bi tp/input_Tn bi tp_name (11)'

2022-01-16 09:44:25 - [MESSAGE][PASSED] - Text 'Type File' is set on object 'Object Repository/Page_Bin son Bi tp/input_Tn bi tp_name (11)'

2022-01-16 09:44:25 - [TEST_STEP][PASSED] - click(findTestObject("Object Repository/Page_Bin son Bi tp/input_Cc loi tp tin c chp nhn_yui_3_17_2_1__69c1f3")): Object: 'Object Repository/Page_Bin son Bi tp/input_Cc loi tp tin c chp nhn_yui_3_17_2_1__69c1f3' is clicked on

2022-01-16 09:44:32 - [MESSAGE][INFO] - Unable to find the element located by 'By.xpath: //input[@id='yui_3_17_2_1_1641912968851_1479']'. Please recheck the objects properties to make sure the desired element is located. 

2022-01-16 09:44:32 - [MESSAGE][WARNING] - [SELF-HEALING] Failed to find element with id 'Object Repository/Page_Bin son Bi tp/input_Cc loi tp tin c chp nhn_yui_3_17_2_1__69c1f3'. Try using Self-healing.

2022-01-16 09:44:32 - [MESSAGE][WARNING] - [SELF-HEALING] The current locator of test object 'Object Repository/Page_Bin son Bi tp/input_Cc loi tp tin c chp nhn_yui_3_17_2_1__69c1f3' was broken. Propose an alternative one: '//fieldset/div/span/input'.

2022-01-16 09:44:32 - [MESSAGE][PASSED] - Object: 'Object Repository/Page_Bin son Bi tp/input_Cc loi tp tin c chp nhn_yui_3_17_2_1__69c1f3' is clicked on

2022-01-16 09:44:32 - [TEST_STEP][PASSED] - click(findTestObject("Object Repository/Page_Bin son Bi tp/input_Cc loi tp tin c chp nhn_yui_3_17_2_1__e7c937")): Object: 'Object Repository/Page_Bin son Bi tp/input_Cc loi tp tin c chp nhn_yui_3_17_2_1__e7c937' is clicked on

2022-01-16 09:44:41 - [MESSAGE][INFO] - Unable to find the element located by 'By.xpath: //input[@id='yui_3_17_2_1_1641912968851_1521']'. Please recheck the objects properties to make sure the desired element is located. 

2022-01-16 09:44:41 - [MESSAGE][WARNING] - [SELF-HEALING] Failed to find element with id 'Object Repository/Page_Bin son Bi tp/input_Cc loi tp tin c chp nhn_yui_3_17_2_1__e7c937'. Try using Self-healing.

2022-01-16 09:44:42 - [MESSAGE][WARNING] - [SELF-HEALING] The current locator of test object 'Object Repository/Page_Bin son Bi tp/input_Cc loi tp tin c chp nhn_yui_3_17_2_1__e7c937' was broken. Propose an alternative one: '//div/div/label/input'.

2022-01-16 09:44:42 - [MESSAGE][PASSED] - Object: 'Object Repository/Page_Bin son Bi tp/input_Cc loi tp tin c chp nhn_yui_3_17_2_1__e7c937' is clicked on

2022-01-16 09:44:42 - [TEST_STEP][PASSED] - click(findTestObject("Object Repository/Page_Bin son Bi tp/button_Lu nhng thay i (2)")): Object: 'Object Repository/Page_Bin son Bi tp/button_Lu nhng thay i (2)' is clicked on

2022-01-16 09:44:48 - [MESSAGE][INFO] - Unable to find the element located by 'By.xpath: //button[@id='yui_3_17_2_1_1641912968851_1533']'. Please recheck the objects properties to make sure the desired element is located. 

2022-01-16 09:44:48 - [MESSAGE][WARNING] - [SELF-HEALING] Failed to find element with id 'Object Repository/Page_Bin son Bi tp/button_Lu nhng thay i (2)'. Try using Self-healing.

2022-01-16 09:44:48 - [MESSAGE][WARNING] - [SELF-HEALING] The current locator of test object 'Object Repository/Page_Bin son Bi tp/button_Lu nhng thay i (2)' was broken. Propose an alternative one: '(.//*[normalize-space(text()) and normalize-space(.)='.cpp'])[1]/following::button[1]'.

2022-01-16 09:44:48 - [MESSAGE][PASSED] - Object: 'Object Repository/Page_Bin son Bi tp/button_Lu nhng thay i (2)' is clicked on

2022-01-16 09:44:48 - [TEST_STEP][PASSED] - click(findTestObject("Object Repository/Page_Bin son Bi tp/input_Upon activity completion_submitbutton2 (11)")): Object: 'Object Repository/Page_Bin son Bi tp/input_Upon activity completion_submitbutton2 (11)' is clicked on

2022-01-16 09:44:52 - [MESSAGE][PASSED] - Object: 'Object Repository/Page_Bin son Bi tp/input_Upon activity completion_submitbutton2 (11)' is clicked on

2022-01-16 09:44:52 - [TEST_STEP][PASSED] - click(findTestObject("Object Repository/Page_Kha Software Engineering/a_Robert Le (11)")): Object: 'Object Repository/Page_Kha Software Engineering/a_Robert Le (11)' is clicked on

2022-01-16 09:44:52 - [MESSAGE][PASSED] - Object: 'Object Repository/Page_Kha Software Engineering/a_Robert Le (11)' is clicked on

2022-01-16 09:44:52 - [TEST_STEP][PASSED] - click(findTestObject("Object Repository/Page_Kha Software Engineering/a_Thot (10)")): Object: 'Object Repository/Page_Kha Software Engineering/a_Thot (10)' is clicked on

2022-01-16 09:44:54 - [MESSAGE][PASSED] - Object: 'Object Repository/Page_Kha Software Engineering/a_Thot (10)' is clicked on

2022-01-16 09:44:54 - [TEST_STEP][PASSED] - click(findTestObject("Object Repository/Page_Local Moodle/a_Log in (12)")): Object: 'Object Repository/Page_Local Moodle/a_Log in (12)' is clicked on

2022-01-16 09:44:55 - [MESSAGE][PASSED] - Object: 'Object Repository/Page_Local Moodle/a_Log in (12)' is clicked on

2022-01-16 09:44:55 - [TEST_STEP][PASSED] - setText(findTestObject("Object Repository/Page_Local Moodle Log in to the site/input_Username_username (12)"), "hocvien"): Text 'hocvien' is set on object 'Object Repository/Page_Local Moodle Log in to the site/input_Username_username (12)'

2022-01-16 09:44:56 - [MESSAGE][PASSED] - Text 'hocvien' is set on object 'Object Repository/Page_Local Moodle Log in to the site/input_Username_username (12)'

2022-01-16 09:44:56 - [TEST_STEP][PASSED] - setEncryptedText(findTestObject("Object Repository/Page_Local Moodle Log in to the site/input_Password_password (12)"), "e0iuw4o+VG38P/PfCbIZUw=="): Text ****** has been set on object 'Object Repository/Page_Local Moodle Log in to the site/input_Password_password (12)'

2022-01-16 09:44:56 - [MESSAGE][PASSED] - Text ****** has been set on object 'Object Repository/Page_Local Moodle Log in to the site/input_Password_password (12)'

2022-01-16 09:44:56 - [TEST_STEP][PASSED] - click(findTestObject("Object Repository/Page_Local Moodle Log in to the site/button_Log in (12)")): Object: 'Object Repository/Page_Local Moodle Log in to the site/button_Log in (12)' is clicked on

2022-01-16 09:45:00 - [MESSAGE][PASSED] - Object: 'Object Repository/Page_Local Moodle Log in to the site/button_Log in (12)' is clicked on

2022-01-16 09:45:00 - [TEST_STEP][PASSED] - click(findTestObject("Page_Nh ca ti/span_Software Engineering")): Object: 'Object Repository/Page_Nh ca ti/span_Software Engineering' is clicked on

2022-01-16 09:45:03 - [MESSAGE][PASSED] - Object: 'Object Repository/Page_Nh ca ti/span_Software Engineering' is clicked on

2022-01-16 09:45:03 - [TEST_STEP][PASSED] - click(findTestObject("Object Repository/Page_Kha Software Engineering/span_Type File Bi tp")): Object: 'Object Repository/Page_Kha Software Engineering/span_Type File Bi tp' is clicked on

2022-01-16 09:45:09 - [MESSAGE][INFO] - Unable to find the element located by 'By.xpath: //li[@id='module-23']/div/div/div[2]/div/a/span'. Please recheck the objects properties to make sure the desired element is located. 

2022-01-16 09:45:09 - [MESSAGE][WARNING] - [SELF-HEALING] Failed to find element with id 'Object Repository/Page_Kha Software Engineering/span_Type File Bi tp'. Try using Self-healing.

2022-01-16 09:45:10 - [MESSAGE][WARNING] - [SELF-HEALING] The current locator of test object 'Object Repository/Page_Kha Software Engineering/span_Type File Bi tp' was broken. Propose an alternative one: '//*/text()[normalize-space(.)='Type File']/parent::*'.

2022-01-16 09:45:11 - [MESSAGE][PASSED] - Object: 'Object Repository/Page_Kha Software Engineering/span_Type File Bi tp' is clicked on

2022-01-16 09:45:11 - [TEST_STEP][PASSED] - click(findTestObject("Object Repository/Page_SE Type File/button_Thm bi np")): Object: 'Object Repository/Page_SE Type File/button_Thm bi np' is clicked on

2022-01-16 09:45:18 - [MESSAGE][INFO] - Unable to find the element located by 'By.xpath: //button[@id='single_button61dd9aceb7f6120']'. Please recheck the objects properties to make sure the desired element is located. 

2022-01-16 09:45:18 - [MESSAGE][WARNING] - [SELF-HEALING] Failed to find element with id 'Object Repository/Page_SE Type File/button_Thm bi np'. Try using Self-healing.

2022-01-16 09:45:18 - [MESSAGE][WARNING] - [SELF-HEALING] The current locator of test object 'Object Repository/Page_SE Type File/button_Thm bi np' was broken. Propose an alternative one: '//section[@id='region-main']/div/div[3]/div[2]/div/form/button'.

2022-01-16 09:45:19 - [MESSAGE][PASSED] - Object: 'Object Repository/Page_SE Type File/button_Thm bi np' is clicked on

2022-01-16 09:45:19 - [TEST_STEP][PASSED] - closeBrowser(): Browser is closed

2022-01-16 09:45:21 - [MESSAGE][PASSED] - Browser is closed]]></system-out>
         <system-err><![CDATA[]]></system-err>
      </testcase>
      <testcase name="Test Cases/Create assignment/Create Simple Assignment" time="176.057" classname="Test Cases/Create assignment/Create Simple Assignment" status="PASSED">
         <system-out><![CDATA[2022-01-16 09:45:21 - [TEST_CASE][PASSED] - Test Cases/Create assignment/Create Simple Assignment: Test Cases/Create assignment/Create Simple Assignment

2022-01-16 09:45:21 - [TEST_STEP][PASSED] - openBrowser(""): Browser is opened with url: ''

2022-01-16 09:45:21 - [MESSAGE][INFO] - Starting 'Edge Chromium' driver

2022-01-16 09:45:22 - [MESSAGE][INFO] - Action delay is set to 0 milliseconds

2022-01-16 09:45:25 - [MESSAGE][PASSED] - Browser is opened with url: ''

2022-01-16 09:45:25 - [TEST_STEP][PASSED] - navigateToUrl("http://localhost/"): Navigate to 'http://localhost/' successfully

2022-01-16 09:45:31 - [MESSAGE][PASSED] - Navigate to 'http://localhost/' successfully

2022-01-16 09:45:31 - [TEST_STEP][PASSED] - click(findTestObject("Object Repository/Page_Local Moodle/a_Log in (7)")): Object: 'Object Repository/Page_Local Moodle/a_Log in (7)' is clicked on

2022-01-16 09:45:32 - [MESSAGE][PASSED] - Object: 'Object Repository/Page_Local Moodle/a_Log in (7)' is clicked on

2022-01-16 09:45:32 - [TEST_STEP][PASSED] - setText(findTestObject("Object Repository/Page_Local Moodle Log in to the site/input_Username_username (7)"), "robertle"): Text 'robertle' is set on object 'Object Repository/Page_Local Moodle Log in to the site/input_Username_username (7)'

2022-01-16 09:45:33 - [MESSAGE][PASSED] - Text 'robertle' is set on object 'Object Repository/Page_Local Moodle Log in to the site/input_Username_username (7)'

2022-01-16 09:45:33 - [TEST_STEP][PASSED] - setEncryptedText(findTestObject("Object Repository/Page_Local Moodle Log in to the site/input_Password_password (7)"), "e0iuw4o+VG38P/PfCbIZUw=="): Text ****** has been set on object 'Object Repository/Page_Local Moodle Log in to the site/input_Password_password (7)'

2022-01-16 09:45:34 - [MESSAGE][PASSED] - Text ****** has been set on object 'Object Repository/Page_Local Moodle Log in to the site/input_Password_password (7)'

2022-01-16 09:45:34 - [TEST_STEP][PASSED] - click(findTestObject("Object Repository/Page_Local Moodle Log in to the site/button_Log in (7)")): Object: 'Object Repository/Page_Local Moodle Log in to the site/button_Log in (7)' is clicked on

2022-01-16 09:45:38 - [MESSAGE][PASSED] - Object: 'Object Repository/Page_Local Moodle Log in to the site/button_Log in (7)' is clicked on

2022-01-16 09:45:38 - [TEST_STEP][PASSED] - click(findTestObject("Page_Nh ca ti/span_Software Engineering")): Object: 'Object Repository/Page_Nh ca ti/span_Software Engineering' is clicked on

2022-01-16 09:45:42 - [MESSAGE][PASSED] - Object: 'Object Repository/Page_Nh ca ti/span_Software Engineering' is clicked on

2022-01-16 09:45:42 - [TEST_STEP][PASSED] - click(findTestObject("Object Repository/Page_Kha Software Engineering/button_Bt ch  chnh sa (6)")): Object: 'Object Repository/Page_Kha Software Engineering/button_Bt ch  chnh sa (6)' is clicked on

2022-01-16 09:45:48 - [MESSAGE][INFO] - Unable to find the element located by 'By.xpath: //button[@id='single_button61dcf992917921']'. Please recheck the objects properties to make sure the desired element is located. 

2022-01-16 09:45:48 - [MESSAGE][WARNING] - [SELF-HEALING] Failed to find element with id 'Object Repository/Page_Kha Software Engineering/button_Bt ch  chnh sa (6)'. Try using Self-healing.

2022-01-16 09:45:48 - [MESSAGE][WARNING] - [SELF-HEALING] The current locator of test object 'Object Repository/Page_Kha Software Engineering/button_Bt ch  chnh sa (6)' was broken. Propose an alternative one: '//form/button'.

2022-01-16 09:45:49 - [MESSAGE][PASSED] - Object: 'Object Repository/Page_Kha Software Engineering/button_Bt ch  chnh sa (6)' is clicked on

2022-01-16 09:45:49 - [TEST_STEP][PASSED] - click(findTestObject("Object Repository/Page_Kha Software Engineering/button_Thm hot ng hoc ti nguyn (2)")): Object: 'Object Repository/Page_Kha Software Engineering/button_Thm hot ng hoc ti nguyn (2)' is clicked on

2022-01-16 09:45:56 - [MESSAGE][INFO] - Unable to find the element located by 'By.xpath: //button[@id='yui_3_17_2_1_1641871765372_625']'. Please recheck the objects properties to make sure the desired element is located. 

2022-01-16 09:45:56 - [MESSAGE][WARNING] - [SELF-HEALING] Failed to find element with id 'Object Repository/Page_Kha Software Engineering/button_Thm hot ng hoc ti nguyn (2)'. Try using Self-healing.

2022-01-16 09:45:56 - [MESSAGE][WARNING] - [SELF-HEALING] The current locator of test object 'Object Repository/Page_Kha Software Engineering/button_Thm hot ng hoc ti nguyn (2)' was broken. Propose an alternative one: '(.//*[normalize-space(text()) and normalize-space(.)='Thêm tập tin ở đây'])[3]/following::button[1]'.

2022-01-16 09:45:56 - [MESSAGE][PASSED] - Object: 'Object Repository/Page_Kha Software Engineering/button_Thm hot ng hoc ti nguyn (2)' is clicked on

2022-01-16 09:45:56 - [TEST_STEP][PASSED] - click(findTestObject("Object Repository/Page_Kha Software Engineering/a_Bi tp (4)")): Object: 'Object Repository/Page_Kha Software Engineering/a_Bi tp (4)' is clicked on

2022-01-16 09:46:09 - [MESSAGE][INFO] - Unable to find the element located by 'By.xpath: //div[@id='all-4']/div/div[3]/div/a'. Please recheck the objects properties to make sure the desired element is located. 

2022-01-16 09:46:09 - [MESSAGE][WARNING] - [SELF-HEALING] Failed to find element with id 'Object Repository/Page_Kha Software Engineering/a_Bi tp (4)'. Try using Self-healing.

2022-01-16 09:46:09 - [MESSAGE][WARNING] - [SELF-HEALING] The current locator of test object 'Object Repository/Page_Kha Software Engineering/a_Bi tp (4)' was broken. Propose an alternative one: '(.//*[normalize-space(text()) and normalize-space(.)='Bài học'])[1]/following::a[1]'.

2022-01-16 09:46:12 - [MESSAGE][PASSED] - Object: 'Object Repository/Page_Kha Software Engineering/a_Bi tp (4)' is clicked on

2022-01-16 09:46:12 - [TEST_STEP][PASSED] - setText(findTestObject("Object Repository/Page_Bin son Bi tp/input_Tn bi tp_name (6)"), "Assignment 1"): Text 'Assignment 1' is set on object 'Object Repository/Page_Bin son Bi tp/input_Tn bi tp_name (6)'

2022-01-16 09:46:13 - [MESSAGE][PASSED] - Text 'Assignment 1' is set on object 'Object Repository/Page_Bin son Bi tp/input_Tn bi tp_name (6)'

2022-01-16 09:46:13 - [TEST_STEP][PASSED] - click(findTestObject("Object Repository/Page_Bin son Bi tp/input_Upon activity completion_submitbutton2 (6)")): Object: 'Object Repository/Page_Bin son Bi tp/input_Upon activity completion_submitbutton2 (6)' is clicked on

2022-01-16 09:46:28 - [MESSAGE][PASSED] - Object: 'Object Repository/Page_Bin son Bi tp/input_Upon activity completion_submitbutton2 (6)' is clicked on

2022-01-16 09:46:28 - [TEST_STEP][PASSED] - click(findTestObject("Object Repository/Page_Kha Software Engineering/a_Robert Le (6)")): Object: 'Object Repository/Page_Kha Software Engineering/a_Robert Le (6)' is clicked on

2022-01-16 09:46:30 - [MESSAGE][PASSED] - Object: 'Object Repository/Page_Kha Software Engineering/a_Robert Le (6)' is clicked on

2022-01-16 09:46:30 - [TEST_STEP][PASSED] - click(findTestObject("Object Repository/Page_Kha Software Engineering/a_Thot (5)")): Object: 'Object Repository/Page_Kha Software Engineering/a_Thot (5)' is clicked on

2022-01-16 09:46:44 - [MESSAGE][PASSED] - Object: 'Object Repository/Page_Kha Software Engineering/a_Thot (5)' is clicked on

2022-01-16 09:46:44 - [TEST_STEP][PASSED] - click(findTestObject("Object Repository/Page_Local Moodle/a_Log in (7)")): Object: 'Object Repository/Page_Local Moodle/a_Log in (7)' is clicked on

2022-01-16 09:46:45 - [MESSAGE][PASSED] - Object: 'Object Repository/Page_Local Moodle/a_Log in (7)' is clicked on

2022-01-16 09:46:45 - [TEST_STEP][PASSED] - setText(findTestObject("Object Repository/Page_Local Moodle Log in to the site/input_Username_username (7)"), "hocvien"): Text 'hocvien' is set on object 'Object Repository/Page_Local Moodle Log in to the site/input_Username_username (7)'

2022-01-16 09:46:45 - [MESSAGE][PASSED] - Text 'hocvien' is set on object 'Object Repository/Page_Local Moodle Log in to the site/input_Username_username (7)'

2022-01-16 09:46:45 - [TEST_STEP][PASSED] - setEncryptedText(findTestObject("Object Repository/Page_Local Moodle Log in to the site/input_Password_password (7)"), "e0iuw4o+VG38P/PfCbIZUw=="): Text ****** has been set on object 'Object Repository/Page_Local Moodle Log in to the site/input_Password_password (7)'

2022-01-16 09:46:46 - [MESSAGE][PASSED] - Text ****** has been set on object 'Object Repository/Page_Local Moodle Log in to the site/input_Password_password (7)'

2022-01-16 09:46:46 - [TEST_STEP][PASSED] - click(findTestObject("Object Repository/Page_Local Moodle Log in to the site/button_Log in (7)")): Object: 'Object Repository/Page_Local Moodle Log in to the site/button_Log in (7)' is clicked on

2022-01-16 09:47:58 - [MESSAGE][PASSED] - Object: 'Object Repository/Page_Local Moodle Log in to the site/button_Log in (7)' is clicked on

2022-01-16 09:47:58 - [TEST_STEP][PASSED] - click(findTestObject("Page_Nh ca ti/span_Software Engineering")): Object: 'Object Repository/Page_Nh ca ti/span_Software Engineering' is clicked on

2022-01-16 09:48:17 - [MESSAGE][PASSED] - Object: 'Object Repository/Page_Nh ca ti/span_Software Engineering' is clicked on]]></system-out>
         <system-err><![CDATA[]]></system-err>
      </testcase>
      <testcase name="Test Cases/Create event on calendar/Create Simple Event" time="141.984" classname="Test Cases/Create event on calendar/Create Simple Event" status="PASSED">
         <system-out><![CDATA[2022-01-16 09:48:46 - [TEST_CASE][PASSED] - Test Cases/Create event on calendar/Create Simple Event: Test Cases/Create event on calendar/Create Simple Event

2022-01-16 09:48:46 - [TEST_STEP][PASSED] - openBrowser(""): Browser is opened with url: ''

2022-01-16 09:48:46 - [MESSAGE][INFO] - Starting 'Edge Chromium' driver

2022-01-16 09:48:46 - [MESSAGE][INFO] - Action delay is set to 0 milliseconds

2022-01-16 09:49:11 - [MESSAGE][PASSED] - Browser is opened with url: ''

2022-01-16 09:49:11 - [TEST_STEP][PASSED] - navigateToUrl("http://localhost/"): Navigate to 'http://localhost/' successfully

2022-01-16 09:50:06 - [MESSAGE][PASSED] - Navigate to 'http://localhost/' successfully

2022-01-16 09:50:06 - [TEST_STEP][PASSED] - click(findTestObject("Object Repository/Page_Local Moodle/a_Log in (1)")): Object: 'Object Repository/Page_Local Moodle/a_Log in (1)' is clicked on

2022-01-16 09:50:07 - [MESSAGE][PASSED] - Object: 'Object Repository/Page_Local Moodle/a_Log in (1)' is clicked on

2022-01-16 09:50:07 - [TEST_STEP][PASSED] - setText(findTestObject("Object Repository/Page_Local Moodle Log in to the site/input_Username_username (1)"), "admin"): Text 'admin' is set on object 'Object Repository/Page_Local Moodle Log in to the site/input_Username_username (1)'

2022-01-16 09:50:08 - [MESSAGE][PASSED] - Text 'admin' is set on object 'Object Repository/Page_Local Moodle Log in to the site/input_Username_username (1)'

2022-01-16 09:50:08 - [TEST_STEP][PASSED] - setEncryptedText(findTestObject("Object Repository/Page_Local Moodle Log in to the site/input_Password_password (1)"), "bfAykA/oWJ09FXmiKh6lyuuLu8QhG1K5"): Text ****** has been set on object 'Object Repository/Page_Local Moodle Log in to the site/input_Password_password (1)'

2022-01-16 09:50:08 - [MESSAGE][PASSED] - Text ****** has been set on object 'Object Repository/Page_Local Moodle Log in to the site/input_Password_password (1)'

2022-01-16 09:50:08 - [TEST_STEP][PASSED] - click(findTestObject("Object Repository/Page_Local Moodle Log in to the site/button_Log in (1)")): Object: 'Object Repository/Page_Local Moodle Log in to the site/button_Log in (1)' is clicked on

2022-01-16 09:50:10 - [MESSAGE][PASSED] - Object: 'Object Repository/Page_Local Moodle Log in to the site/button_Log in (1)' is clicked on

2022-01-16 09:50:10 - [TEST_STEP][PASSED] - click(findTestObject("Object Repository/Page_Nh ca ti/a_Lch")): Object: 'Object Repository/Page_Nh ca ti/a_Lch' is clicked on

2022-01-16 09:50:19 - [MESSAGE][PASSED] - Object: 'Object Repository/Page_Nh ca ti/a_Lch' is clicked on

2022-01-16 09:50:19 - [TEST_STEP][PASSED] - click(findTestObject("Object Repository/Page_Moodle Lch Xem chi tit thng Thng Ging 2022/button_S kin mi_1")): Object: 'Object Repository/Page_Moodle Lch Xem chi tit thng Thng Ging 2022/button_S kin mi_1' is clicked on

2022-01-16 09:50:25 - [MESSAGE][INFO] - Unable to find the element located by 'By.xpath: //button[@id='yui_3_17_2_1_1642045087639_436']'. Please recheck the objects properties to make sure the desired element is located. 

2022-01-16 09:50:25 - [MESSAGE][WARNING] - [SELF-HEALING] Failed to find element with id 'Object Repository/Page_Moodle Lch Xem chi tit thng Thng Ging 2022/button_S kin mi_1'. Try using Self-healing.

2022-01-16 09:50:25 - [MESSAGE][WARNING] - [SELF-HEALING] The current locator of test object 'Object Repository/Page_Moodle Lch Xem chi tit thng Thng Ging 2022/button_S kin mi_1' was broken. Propose an alternative one: '(.//*[normalize-space(text()) and normalize-space(.)='Danh sách khóa học'])[1]/following::button[1]'.

2022-01-16 09:50:25 - [MESSAGE][PASSED] - Object: 'Object Repository/Page_Moodle Lch Xem chi tit thng Thng Ging 2022/button_S kin mi_1' is clicked on

2022-01-16 09:50:25 - [TEST_STEP][PASSED] - setText(findTestObject("Object Repository/Page_Moodle Lch Xem chi tit thng Thng Ging 2022/input_Tiu  s kin_name"), "Seminar Project 1"): Text 'Seminar Project 1' is set on object 'Object Repository/Page_Moodle Lch Xem chi tit thng Thng Ging 2022/input_Tiu  s kin_name'

2022-01-16 09:50:29 - [MESSAGE][PASSED] - Text 'Seminar Project 1' is set on object 'Object Repository/Page_Moodle Lch Xem chi tit thng Thng Ging 2022/input_Tiu  s kin_name'

2022-01-16 09:50:29 - [TEST_STEP][PASSED] - selectOptionByValue(findTestObject("Object Repository/Page_Moodle Lch Xem chi tit thng Thng Ging 2022/select_Thng Ging        Thng Hai        Thn_b248db"), "2", true): All options with value '2' are selected in object 'Object Repository/Page_Moodle Lch Xem chi tit thng Thng Ging 2022/select_Thng Ging        Thng Hai        Thn_b248db'  using regular expression

2022-01-16 09:50:32 - [MESSAGE][PASSED] - All options with value '2' are selected in object 'Object Repository/Page_Moodle Lch Xem chi tit thng Thng Ging 2022/select_Thng Ging        Thng Hai        Thn_b248db'  using regular expression

2022-01-16 09:50:32 - [TEST_STEP][PASSED] - selectOptionByValue(findTestObject("Object Repository/Page_Moodle Lch Xem chi tit thng Thng Ging 2022/select_Thnh vin            Kho hc          _5efb09"), "course", true): All options with value 'course' are selected in object 'Object Repository/Page_Moodle Lch Xem chi tit thng Thng Ging 2022/select_Thnh vin            Kho hc          _5efb09'  using regular expression

2022-01-16 09:50:33 - [MESSAGE][PASSED] - All options with value 'course' are selected in object 'Object Repository/Page_Moodle Lch Xem chi tit thng Thng Ging 2022/select_Thnh vin            Kho hc          _5efb09'  using regular expression

2022-01-16 09:50:33 - [TEST_STEP][PASSED] - click(findTestObject("Object Repository/Page_Moodle Lch Xem chi tit thng Thng Ging 2022/span__1_2_3_4")): Object: 'Object Repository/Page_Moodle Lch Xem chi tit thng Thng Ging 2022/span__1_2_3_4' is clicked on

2022-01-16 09:50:39 - [MESSAGE][INFO] - Unable to find the element located by 'By.xpath: //span[@id='form_autocomplete_downarrow-1642045252858']'. Please recheck the objects properties to make sure the desired element is located. 

2022-01-16 09:50:39 - [MESSAGE][WARNING] - [SELF-HEALING] Failed to find element with id 'Object Repository/Page_Moodle Lch Xem chi tit thng Thng Ging 2022/span__1_2_3_4'. Try using Self-healing.

2022-01-16 09:50:40 - [MESSAGE][WARNING] - [SELF-HEALING] The current locator of test object 'Object Repository/Page_Moodle Lch Xem chi tit thng Thng Ging 2022/span__1_2_3_4' was broken. Propose an alternative one: '(.//*[normalize-space(text()) and normalize-space(.)='No selection'])[1]/following::span[1]'.

2022-01-16 09:50:40 - [MESSAGE][PASSED] - Object: 'Object Repository/Page_Moodle Lch Xem chi tit thng Thng Ging 2022/span__1_2_3_4' is clicked on

2022-01-16 09:50:40 - [TEST_STEP][PASSED] - click(findTestObject("Object Repository/Page_Moodle Lch Xem chi tit thng Thng Ging 2022/li_Software Engineering_1_2_3")): Object: 'Object Repository/Page_Moodle Lch Xem chi tit thng Thng Ging 2022/li_Software Engineering_1_2_3' is clicked on

2022-01-16 09:50:48 - [MESSAGE][INFO] - Unable to find the element located by 'By.xpath: //li[@id='form_autocomplete_suggestions-1642045252858-0']'. Please recheck the objects properties to make sure the desired element is located. 

2022-01-16 09:50:48 - [MESSAGE][WARNING] - [SELF-HEALING] Failed to find element with id 'Object Repository/Page_Moodle Lch Xem chi tit thng Thng Ging 2022/li_Software Engineering_1_2_3'. Try using Self-healing.

2022-01-16 09:50:48 - [MESSAGE][WARNING] - [SELF-HEALING] The current locator of test object 'Object Repository/Page_Moodle Lch Xem chi tit thng Thng Ging 2022/li_Software Engineering_1_2_3' was broken. Propose an alternative one: '(.//*[normalize-space(text()) and normalize-space(.)='▼'])[2]/following::li[1]'.

2022-01-16 09:50:50 - [MESSAGE][PASSED] - Object: 'Object Repository/Page_Moodle Lch Xem chi tit thng Thng Ging 2022/li_Software Engineering_1_2_3' is clicked on

2022-01-16 09:50:50 - [TEST_STEP][PASSED] - selectOptionByValue(findTestObject("Object Repository/Page_Moodle Lch Xem chi tit thng Thng Ging 2022/select_Software Engineering"), "3", true): All options with value '3' are selected in object 'Object Repository/Page_Moodle Lch Xem chi tit thng Thng Ging 2022/select_Software Engineering'  using regular expression

2022-01-16 09:50:55 - [MESSAGE][PASSED] - All options with value '3' are selected in object 'Object Repository/Page_Moodle Lch Xem chi tit thng Thng Ging 2022/select_Software Engineering'  using regular expression

2022-01-16 09:50:55 - [TEST_STEP][PASSED] - click(findTestObject("Object Repository/Page_Moodle Lch Xem chi tit thng Thng Ging 2022/button_Lu_1")): Object: 'Object Repository/Page_Moodle Lch Xem chi tit thng Thng Ging 2022/button_Lu_1' is clicked on

2022-01-16 09:51:02 - [MESSAGE][INFO] - Unable to find the element located by 'By.xpath: //button[@id='yui_3_17_2_1_1642045087639_606']'. Please recheck the objects properties to make sure the desired element is located. 

2022-01-16 09:51:02 - [MESSAGE][WARNING] - [SELF-HEALING] Failed to find element with id 'Object Repository/Page_Moodle Lch Xem chi tit thng Thng Ging 2022/button_Lu_1'. Try using Self-healing.

2022-01-16 09:51:02 - [MESSAGE][WARNING] - [SELF-HEALING] The current locator of test object 'Object Repository/Page_Moodle Lch Xem chi tit thng Thng Ging 2022/button_Lu_1' was broken. Propose an alternative one: '(.//*[normalize-space(text()) and normalize-space(.)='Lặp lại hàng tuần, tạo ra tất cả'])[1]/following::button[1]'.

2022-01-16 09:51:03 - [MESSAGE][PASSED] - Object: 'Object Repository/Page_Moodle Lch Xem chi tit thng Thng Ging 2022/button_Lu_1' is clicked on

2022-01-16 09:51:03 - [TEST_STEP][PASSED] - closeBrowser(): Browser is closed

2022-01-16 09:51:08 - [MESSAGE][PASSED] - Browser is closed]]></system-out>
         <system-err><![CDATA[]]></system-err>
      </testcase>
      <testcase name="Test Cases/Create event on calendar/Create Event Set Full" time="202.744" classname="Test Cases/Create event on calendar/Create Event Set Full" status="PASSED">
         <system-out><![CDATA[2022-01-16 09:51:08 - [TEST_CASE][PASSED] - Test Cases/Create event on calendar/Create Event Set Full: Test Cases/Create event on calendar/Create Event Set Full

2022-01-16 09:51:08 - [TEST_STEP][PASSED] - openBrowser(""): Browser is opened with url: ''

2022-01-16 09:51:08 - [MESSAGE][INFO] - Starting 'Edge Chromium' driver

2022-01-16 09:51:12 - [MESSAGE][INFO] - Action delay is set to 0 milliseconds

2022-01-16 09:51:16 - [MESSAGE][PASSED] - Browser is opened with url: ''

2022-01-16 09:51:16 - [TEST_STEP][PASSED] - navigateToUrl("http://localhost/"): Navigate to 'http://localhost/' successfully

2022-01-16 09:51:52 - [MESSAGE][PASSED] - Navigate to 'http://localhost/' successfully

2022-01-16 09:51:52 - [TEST_STEP][PASSED] - click(findTestObject("Object Repository/Page_Local Moodle/a_Log in (16)")): Object: 'Object Repository/Page_Local Moodle/a_Log in (16)' is clicked on

2022-01-16 09:51:57 - [MESSAGE][PASSED] - Object: 'Object Repository/Page_Local Moodle/a_Log in (16)' is clicked on

2022-01-16 09:51:57 - [TEST_STEP][PASSED] - setText(findTestObject("Object Repository/Page_Local Moodle Log in to the site/input_Username_username (16)"), "admin"): Text 'admin' is set on object 'Object Repository/Page_Local Moodle Log in to the site/input_Username_username (16)'

2022-01-16 09:52:21 - [MESSAGE][PASSED] - Text 'admin' is set on object 'Object Repository/Page_Local Moodle Log in to the site/input_Username_username (16)'

2022-01-16 09:52:21 - [TEST_STEP][PASSED] - setEncryptedText(findTestObject("Object Repository/Page_Local Moodle Log in to the site/input_Password_password (16)"), "bfAykA/oWJ09FXmiKh6lyuuLu8QhG1K5"): Text ****** has been set on object 'Object Repository/Page_Local Moodle Log in to the site/input_Password_password (16)'

2022-01-16 09:52:23 - [MESSAGE][PASSED] - Text ****** has been set on object 'Object Repository/Page_Local Moodle Log in to the site/input_Password_password (16)'

2022-01-16 09:52:23 - [TEST_STEP][PASSED] - click(findTestObject("Object Repository/Page_Local Moodle Log in to the site/button_Log in (16)")): Object: 'Object Repository/Page_Local Moodle Log in to the site/button_Log in (16)' is clicked on

2022-01-16 09:52:51 - [MESSAGE][PASSED] - Object: 'Object Repository/Page_Local Moodle Log in to the site/button_Log in (16)' is clicked on

2022-01-16 09:52:51 - [TEST_STEP][PASSED] - click(findTestObject("Object Repository/Page_Nh ca ti/a_Lch (3)")): Object: 'Object Repository/Page_Nh ca ti/a_Lch (3)' is clicked on

2022-01-16 09:53:14 - [MESSAGE][PASSED] - Object: 'Object Repository/Page_Nh ca ti/a_Lch (3)' is clicked on

2022-01-16 09:53:14 - [TEST_STEP][PASSED] - click(findTestObject("Object Repository/Page_Moodle Lch Xem chi tit thng Thng Ging 2022/button_S kin mi (3)")): Object: 'Object Repository/Page_Moodle Lch Xem chi tit thng Thng Ging 2022/button_S kin mi (3)' is clicked on

2022-01-16 09:53:21 - [MESSAGE][INFO] - Unable to find the element located by 'By.xpath: //div[@id='calendar-month-61ddab774c1a161ddab770fc1721']/div/button'. Please recheck the objects properties to make sure the desired element is located. 

2022-01-16 09:53:21 - [MESSAGE][WARNING] - [SELF-HEALING] Failed to find element with id 'Object Repository/Page_Moodle Lch Xem chi tit thng Thng Ging 2022/button_S kin mi (3)'. Try using Self-healing.

2022-01-16 09:53:22 - [MESSAGE][WARNING] - [SELF-HEALING] The current locator of test object 'Object Repository/Page_Moodle Lch Xem chi tit thng Thng Ging 2022/button_S kin mi (3)' was broken. Propose an alternative one: '(.//*[normalize-space(text()) and normalize-space(.)='Danh sách khóa học'])[1]/following::button[1]'.

2022-01-16 09:53:23 - [MESSAGE][PASSED] - Object: 'Object Repository/Page_Moodle Lch Xem chi tit thng Thng Ging 2022/button_S kin mi (3)' is clicked on

2022-01-16 09:53:23 - [TEST_STEP][PASSED] - setText(findTestObject("Object Repository/Page_Moodle Lch Xem chi tit thng Thng Ging 2022/input_Tiu  s kin_name (3)"), "Seminar"): Text 'Seminar' is set on object 'Object Repository/Page_Moodle Lch Xem chi tit thng Thng Ging 2022/input_Tiu  s kin_name (3)'

2022-01-16 09:53:35 - [MESSAGE][PASSED] - Text 'Seminar' is set on object 'Object Repository/Page_Moodle Lch Xem chi tit thng Thng Ging 2022/input_Tiu  s kin_name (3)'

2022-01-16 09:53:35 - [TEST_STEP][PASSED] - selectOptionByValue(findTestObject("Object Repository/Page_Moodle Lch Xem chi tit thng Thng Ging 2022/select_1        2        3        4        _45ea30 (3)"), "16", true): All options with value '16' are selected in object 'Object Repository/Page_Moodle Lch Xem chi tit thng Thng Ging 2022/select_1        2        3        4        _45ea30 (3)'  using regular expression

2022-01-16 09:53:38 - [MESSAGE][PASSED] - All options with value '16' are selected in object 'Object Repository/Page_Moodle Lch Xem chi tit thng Thng Ging 2022/select_1        2        3        4        _45ea30 (3)'  using regular expression

2022-01-16 09:53:38 - [TEST_STEP][PASSED] - selectOptionByValue(findTestObject("Object Repository/Page_Moodle Lch Xem chi tit thng Thng Ging 2022/select_00        01        02        03    _f6e37b (2)"), "8", true): All options with value '8' are selected in object 'Object Repository/Page_Moodle Lch Xem chi tit thng Thng Ging 2022/select_00        01        02        03    _f6e37b (2)'  using regular expression

2022-01-16 09:53:44 - [MESSAGE][PASSED] - All options with value '8' are selected in object 'Object Repository/Page_Moodle Lch Xem chi tit thng Thng Ging 2022/select_00        01        02        03    _f6e37b (2)'  using regular expression

2022-01-16 09:53:44 - [TEST_STEP][PASSED] - selectOptionByValue(findTestObject("Object Repository/Page_Moodle Lch Xem chi tit thng Thng Ging 2022/select_00        01        02        03    _f6e37b_1 (2)"), "15", true): All options with value '15' are selected in object 'Object Repository/Page_Moodle Lch Xem chi tit thng Thng Ging 2022/select_00        01        02        03    _f6e37b_1 (2)'  using regular expression

2022-01-16 09:53:48 - [MESSAGE][PASSED] - All options with value '15' are selected in object 'Object Repository/Page_Moodle Lch Xem chi tit thng Thng Ging 2022/select_00        01        02        03    _f6e37b_1 (2)'  using regular expression

2022-01-16 09:53:48 - [TEST_STEP][PASSED] - selectOptionByValue(findTestObject("Object Repository/Page_Moodle Lch Xem chi tit thng Thng Ging 2022/select_Thnh vin            Kho hc          _5efb09 (3)"), "course", true): All options with value 'course' are selected in object 'Object Repository/Page_Moodle Lch Xem chi tit thng Thng Ging 2022/select_Thnh vin            Kho hc          _5efb09 (3)'  using regular expression

2022-01-16 09:53:51 - [MESSAGE][PASSED] - All options with value 'course' are selected in object 'Object Repository/Page_Moodle Lch Xem chi tit thng Thng Ging 2022/select_Thnh vin            Kho hc          _5efb09 (3)'  using regular expression

2022-01-16 09:53:51 - [TEST_STEP][PASSED] - click(findTestObject("Object Repository/Page_Moodle Lch Xem chi tit thng Thng Ging 2022/span__1_2_3_4")): Object: 'Object Repository/Page_Moodle Lch Xem chi tit thng Thng Ging 2022/span__1_2_3_4' is clicked on

2022-01-16 09:53:57 - [MESSAGE][INFO] - Unable to find the element located by 'By.xpath: //span[@id='form_autocomplete_downarrow-1642045252858']'. Please recheck the objects properties to make sure the desired element is located. 

2022-01-16 09:53:57 - [MESSAGE][WARNING] - [SELF-HEALING] Failed to find element with id 'Object Repository/Page_Moodle Lch Xem chi tit thng Thng Ging 2022/span__1_2_3_4'. Try using Self-healing.

2022-01-16 09:53:58 - [MESSAGE][WARNING] - [SELF-HEALING] The current locator of test object 'Object Repository/Page_Moodle Lch Xem chi tit thng Thng Ging 2022/span__1_2_3_4' was broken. Propose an alternative one: '(.//*[normalize-space(text()) and normalize-space(.)='No selection'])[1]/following::span[1]'.

2022-01-16 09:53:58 - [MESSAGE][PASSED] - Object: 'Object Repository/Page_Moodle Lch Xem chi tit thng Thng Ging 2022/span__1_2_3_4' is clicked on

2022-01-16 09:53:58 - [TEST_STEP][PASSED] - click(findTestObject("Object Repository/Page_Moodle Lch Xem chi tit thng Thng Ging 2022/li_Software Engineering_1_2_3")): Object: 'Object Repository/Page_Moodle Lch Xem chi tit thng Thng Ging 2022/li_Software Engineering_1_2_3' is clicked on

2022-01-16 09:54:04 - [MESSAGE][INFO] - Unable to find the element located by 'By.xpath: //li[@id='form_autocomplete_suggestions-1642045252858-0']'. Please recheck the objects properties to make sure the desired element is located. 

2022-01-16 09:54:04 - [MESSAGE][WARNING] - [SELF-HEALING] Failed to find element with id 'Object Repository/Page_Moodle Lch Xem chi tit thng Thng Ging 2022/li_Software Engineering_1_2_3'. Try using Self-healing.

2022-01-16 09:54:04 - [MESSAGE][WARNING] - [SELF-HEALING] The current locator of test object 'Object Repository/Page_Moodle Lch Xem chi tit thng Thng Ging 2022/li_Software Engineering_1_2_3' was broken. Propose an alternative one: '(.//*[normalize-space(text()) and normalize-space(.)='▼'])[2]/following::li[1]'.

2022-01-16 09:54:04 - [MESSAGE][PASSED] - Object: 'Object Repository/Page_Moodle Lch Xem chi tit thng Thng Ging 2022/li_Software Engineering_1_2_3' is clicked on

2022-01-16 09:54:04 - [TEST_STEP][PASSED] - selectOptionByValue(findTestObject("Object Repository/Page_Moodle Lch Xem chi tit thng Thng Ging 2022/select_Software Engineering"), "3", true): All options with value '3' are selected in object 'Object Repository/Page_Moodle Lch Xem chi tit thng Thng Ging 2022/select_Software Engineering'  using regular expression

2022-01-16 09:54:06 - [MESSAGE][PASSED] - All options with value '3' are selected in object 'Object Repository/Page_Moodle Lch Xem chi tit thng Thng Ging 2022/select_Software Engineering'  using regular expression

2022-01-16 09:54:06 - [TEST_STEP][PASSED] - click(findTestObject("Object Repository/Page_Moodle Lch Xem chi tit thng Thng Ging 2022/a_Show more (2)")): Object: 'Object Repository/Page_Moodle Lch Xem chi tit thng Thng Ging 2022/a_Show more (2)' is clicked on

2022-01-16 09:54:12 - [MESSAGE][INFO] - Unable to find the element located by 'By.xpath: //a[@id='yui_3_17_2_1_1641917303276_609']'. Please recheck the objects properties to make sure the desired element is located. 

2022-01-16 09:54:12 - [MESSAGE][WARNING] - [SELF-HEALING] Failed to find element with id 'Object Repository/Page_Moodle Lch Xem chi tit thng Thng Ging 2022/a_Show more (2)'. Try using Self-healing.

2022-01-16 09:54:12 - [MESSAGE][WARNING] - [SELF-HEALING] The current locator of test object 'Object Repository/Page_Moodle Lch Xem chi tit thng Thng Ging 2022/a_Show more (2)' was broken. Propose an alternative one: '//a[contains(text(),'Show more...')]'.

2022-01-16 09:54:12 - [MESSAGE][PASSED] - Object: 'Object Repository/Page_Moodle Lch Xem chi tit thng Thng Ging 2022/a_Show more (2)' is clicked on

2022-01-16 09:54:12 - [TEST_STEP][PASSED] - click(findTestObject("Object Repository/Page_Moodle Lch Xem chi tit thng Thng Ging 2022/p")): Object: 'Object Repository/Page_Moodle Lch Xem chi tit thng Thng Ging 2022/p' is clicked on

2022-01-16 09:54:13 - [MESSAGE][PASSED] - Object: 'Object Repository/Page_Moodle Lch Xem chi tit thng Thng Ging 2022/p' is clicked on

2022-01-16 09:54:13 - [TEST_STEP][PASSED] - setText(findTestObject("Object Repository/Page_Moodle Lch Xem chi tit thng Thng Ging 2022/div_Gii p thc mc  n"), "Giải đáp thắc mắc đồ án"): Text 'Giải đáp thắc mắc đồ án' is set on object 'Object Repository/Page_Moodle Lch Xem chi tit thng Thng Ging 2022/div_Gii p thc mc  n'

2022-01-16 09:54:14 - [MESSAGE][PASSED] - Text 'Giải đáp thắc mắc đồ án' is set on object 'Object Repository/Page_Moodle Lch Xem chi tit thng Thng Ging 2022/div_Gii p thc mc  n'

2022-01-16 09:54:14 - [TEST_STEP][PASSED] - click(findTestObject("Object Repository/Page_Moodle Lch Xem chi tit thng Thng Ging 2022/input_Ti_duration (1)")): Object: 'Object Repository/Page_Moodle Lch Xem chi tit thng Thng Ging 2022/input_Ti_duration (1)' is clicked on

2022-01-16 09:54:15 - [MESSAGE][PASSED] - Object: 'Object Repository/Page_Moodle Lch Xem chi tit thng Thng Ging 2022/input_Ti_duration (1)' is clicked on

2022-01-16 09:54:15 - [TEST_STEP][PASSED] - selectOptionByValue(findTestObject("Object Repository/Page_Moodle Lch Xem chi tit thng Thng Ging 2022/select_1        2        3        4        _45ea30_1 (1)"), "16", true): All options with value '16' are selected in object 'Object Repository/Page_Moodle Lch Xem chi tit thng Thng Ging 2022/select_1        2        3        4        _45ea30_1 (1)'  using regular expression

2022-01-16 09:54:17 - [MESSAGE][PASSED] - All options with value '16' are selected in object 'Object Repository/Page_Moodle Lch Xem chi tit thng Thng Ging 2022/select_1        2        3        4        _45ea30_1 (1)'  using regular expression

2022-01-16 09:54:17 - [TEST_STEP][PASSED] - selectOptionByValue(findTestObject("Object Repository/Page_Moodle Lch Xem chi tit thng Thng Ging 2022/select_00        01        02        03    _f6e37b_1_2 (1)"), "11", true): All options with value '11' are selected in object 'Object Repository/Page_Moodle Lch Xem chi tit thng Thng Ging 2022/select_00        01        02        03    _f6e37b_1_2 (1)'  using regular expression

2022-01-16 09:54:19 - [MESSAGE][PASSED] - All options with value '11' are selected in object 'Object Repository/Page_Moodle Lch Xem chi tit thng Thng Ging 2022/select_00        01        02        03    _f6e37b_1_2 (1)'  using regular expression

2022-01-16 09:54:19 - [TEST_STEP][PASSED] - selectOptionByValue(findTestObject("Object Repository/Page_Moodle Lch Xem chi tit thng Thng Ging 2022/select_00        01        02        03    _f6e37b_1_2_3 (1)"), "0", true): All options with value '0' are selected in object 'Object Repository/Page_Moodle Lch Xem chi tit thng Thng Ging 2022/select_00        01        02        03    _f6e37b_1_2_3 (1)'  using regular expression

2022-01-16 09:54:21 - [MESSAGE][PASSED] - All options with value '0' are selected in object 'Object Repository/Page_Moodle Lch Xem chi tit thng Thng Ging 2022/select_00        01        02        03    _f6e37b_1_2_3 (1)'  using regular expression

2022-01-16 09:54:21 - [TEST_STEP][PASSED] - click(findTestObject("Object Repository/Page_Moodle Lch Xem chi tit thng Thng Ging 2022/button_Lu (3)")): Object: 'Object Repository/Page_Moodle Lch Xem chi tit thng Thng Ging 2022/button_Lu (3)' is clicked on

2022-01-16 09:54:27 - [MESSAGE][INFO] - Unable to find the element located by 'By.xpath: //button[@id='yui_3_17_2_1_1641917303276_1585']'. Please recheck the objects properties to make sure the desired element is located. 

2022-01-16 09:54:27 - [MESSAGE][WARNING] - [SELF-HEALING] Failed to find element with id 'Object Repository/Page_Moodle Lch Xem chi tit thng Thng Ging 2022/button_Lu (3)'. Try using Self-healing.

2022-01-16 09:54:28 - [MESSAGE][WARNING] - [SELF-HEALING] The current locator of test object 'Object Repository/Page_Moodle Lch Xem chi tit thng Thng Ging 2022/button_Lu (3)' was broken. Propose an alternative one: '(.//*[normalize-space(text()) and normalize-space(.)='Lặp lại hàng tuần, tạo ra tất cả'])[1]/following::button[1]'.

2022-01-16 09:54:29 - [MESSAGE][PASSED] - Object: 'Object Repository/Page_Moodle Lch Xem chi tit thng Thng Ging 2022/button_Lu (3)' is clicked on

2022-01-16 09:54:29 - [TEST_STEP][PASSED] - closeBrowser(): Browser is closed

2022-01-16 09:54:31 - [MESSAGE][PASSED] - Browser is closed]]></system-out>
         <system-err><![CDATA[]]></system-err>
      </testcase>
      <testcase name="Test Cases/Create event on calendar/Create Event Set Description" time="110.928" classname="Test Cases/Create event on calendar/Create Event Set Description" status="PASSED">
         <system-out><![CDATA[2022-01-16 09:56:13 - [TEST_CASE][PASSED] - Test Cases/Create event on calendar/Create Event Set Description: Test Cases/Create event on calendar/Create Event Set Description

2022-01-16 09:56:13 - [TEST_STEP][PASSED] - openBrowser(""): Browser is opened with url: ''

2022-01-16 09:56:13 - [MESSAGE][WARNING] - A browser is already opened. Closing browser and opening a new one

2022-01-16 09:56:16 - [MESSAGE][INFO] - Starting 'Edge Chromium' driver

2022-01-16 09:56:18 - [MESSAGE][INFO] - Action delay is set to 0 milliseconds

2022-01-16 09:56:21 - [MESSAGE][PASSED] - Browser is opened with url: ''

2022-01-16 09:56:21 - [TEST_STEP][PASSED] - navigateToUrl("http://localhost/"): Navigate to 'http://localhost/' successfully

2022-01-16 09:56:31 - [MESSAGE][PASSED] - Navigate to 'http://localhost/' successfully

2022-01-16 09:56:31 - [TEST_STEP][PASSED] - click(findTestObject("Object Repository/Page_Local Moodle/a_Log in (14)")): Object: 'Object Repository/Page_Local Moodle/a_Log in (14)' is clicked on

2022-01-16 09:56:32 - [MESSAGE][PASSED] - Object: 'Object Repository/Page_Local Moodle/a_Log in (14)' is clicked on

2022-01-16 09:56:32 - [TEST_STEP][PASSED] - setText(findTestObject("Object Repository/Page_Local Moodle Log in to the site/input_Username_username (14)"), "admin"): Text 'admin' is set on object 'Object Repository/Page_Local Moodle Log in to the site/input_Username_username (14)'

2022-01-16 09:56:33 - [MESSAGE][PASSED] - Text 'admin' is set on object 'Object Repository/Page_Local Moodle Log in to the site/input_Username_username (14)'

2022-01-16 09:56:33 - [TEST_STEP][PASSED] - setEncryptedText(findTestObject("Object Repository/Page_Local Moodle Log in to the site/input_Password_password (14)"), "bfAykA/oWJ09FXmiKh6lyuuLu8QhG1K5"): Text ****** has been set on object 'Object Repository/Page_Local Moodle Log in to the site/input_Password_password (14)'

2022-01-16 09:56:33 - [MESSAGE][PASSED] - Text ****** has been set on object 'Object Repository/Page_Local Moodle Log in to the site/input_Password_password (14)'

2022-01-16 09:56:33 - [TEST_STEP][PASSED] - click(findTestObject("Object Repository/Page_Local Moodle Log in to the site/button_Log in (14)")): Object: 'Object Repository/Page_Local Moodle Log in to the site/button_Log in (14)' is clicked on

2022-01-16 09:56:47 - [MESSAGE][PASSED] - Object: 'Object Repository/Page_Local Moodle Log in to the site/button_Log in (14)' is clicked on

2022-01-16 09:56:47 - [TEST_STEP][PASSED] - click(findTestObject("Object Repository/Page_Nh ca ti/a_Lch (1)")): Object: 'Object Repository/Page_Nh ca ti/a_Lch (1)' is clicked on

2022-01-16 09:57:03 - [MESSAGE][PASSED] - Object: 'Object Repository/Page_Nh ca ti/a_Lch (1)' is clicked on

2022-01-16 09:57:03 - [TEST_STEP][PASSED] - click(findTestObject("Object Repository/Page_Moodle Lch Xem chi tit thng Thng Ging 2022/button_S kin mi (1)")): Object: 'Object Repository/Page_Moodle Lch Xem chi tit thng Thng Ging 2022/button_S kin mi (1)' is clicked on

2022-01-16 09:57:09 - [MESSAGE][INFO] - Unable to find the element located by 'By.xpath: //div[@id='calendar-month-61dda5ebf3a0b61dda5ebae16821']/div/button'. Please recheck the objects properties to make sure the desired element is located. 

2022-01-16 09:57:09 - [MESSAGE][WARNING] - [SELF-HEALING] Failed to find element with id 'Object Repository/Page_Moodle Lch Xem chi tit thng Thng Ging 2022/button_S kin mi (1)'. Try using Self-healing.

2022-01-16 09:57:10 - [MESSAGE][WARNING] - [SELF-HEALING] The current locator of test object 'Object Repository/Page_Moodle Lch Xem chi tit thng Thng Ging 2022/button_S kin mi (1)' was broken. Propose an alternative one: '(.//*[normalize-space(text()) and normalize-space(.)='Danh sách khóa học'])[1]/following::button[1]'.

2022-01-16 09:57:10 - [MESSAGE][PASSED] - Object: 'Object Repository/Page_Moodle Lch Xem chi tit thng Thng Ging 2022/button_S kin mi (1)' is clicked on

2022-01-16 09:57:10 - [TEST_STEP][PASSED] - setText(findTestObject("Object Repository/Page_Moodle Lch Xem chi tit thng Thng Ging 2022/input_Tiu  s kin_name (1)"), "Seminar Project"): Text 'Seminar Project' is set on object 'Object Repository/Page_Moodle Lch Xem chi tit thng Thng Ging 2022/input_Tiu  s kin_name (1)'

2022-01-16 09:57:15 - [MESSAGE][PASSED] - Text 'Seminar Project' is set on object 'Object Repository/Page_Moodle Lch Xem chi tit thng Thng Ging 2022/input_Tiu  s kin_name (1)'

2022-01-16 09:57:15 - [TEST_STEP][PASSED] - selectOptionByValue(findTestObject("Object Repository/Page_Moodle Lch Xem chi tit thng Thng Ging 2022/select_1        2        3        4        _45ea30 (1)"), "14", true): All options with value '14' are selected in object 'Object Repository/Page_Moodle Lch Xem chi tit thng Thng Ging 2022/select_1        2        3        4        _45ea30 (1)'  using regular expression

2022-01-16 09:57:16 - [MESSAGE][PASSED] - All options with value '14' are selected in object 'Object Repository/Page_Moodle Lch Xem chi tit thng Thng Ging 2022/select_1        2        3        4        _45ea30 (1)'  using regular expression

2022-01-16 09:57:16 - [TEST_STEP][PASSED] - selectOptionByValue(findTestObject("Object Repository/Page_Moodle Lch Xem chi tit thng Thng Ging 2022/select_00        01        02        03    _f6e37b"), "9", true): All options with value '9' are selected in object 'Object Repository/Page_Moodle Lch Xem chi tit thng Thng Ging 2022/select_00        01        02        03    _f6e37b'  using regular expression

2022-01-16 09:57:18 - [MESSAGE][PASSED] - All options with value '9' are selected in object 'Object Repository/Page_Moodle Lch Xem chi tit thng Thng Ging 2022/select_00        01        02        03    _f6e37b'  using regular expression

2022-01-16 09:57:18 - [TEST_STEP][PASSED] - selectOptionByValue(findTestObject("Object Repository/Page_Moodle Lch Xem chi tit thng Thng Ging 2022/select_00        01        02        03    _f6e37b_1"), "0", true): All options with value '0' are selected in object 'Object Repository/Page_Moodle Lch Xem chi tit thng Thng Ging 2022/select_00        01        02        03    _f6e37b_1'  using regular expression

2022-01-16 09:57:20 - [MESSAGE][PASSED] - All options with value '0' are selected in object 'Object Repository/Page_Moodle Lch Xem chi tit thng Thng Ging 2022/select_00        01        02        03    _f6e37b_1'  using regular expression

2022-01-16 09:57:20 - [TEST_STEP][PASSED] - selectOptionByValue(findTestObject("Object Repository/Page_Moodle Lch Xem chi tit thng Thng Ging 2022/select_Thnh vin            Kho hc          _5efb09 (1)"), "course", true): All options with value 'course' are selected in object 'Object Repository/Page_Moodle Lch Xem chi tit thng Thng Ging 2022/select_Thnh vin            Kho hc          _5efb09 (1)'  using regular expression

2022-01-16 09:57:21 - [MESSAGE][PASSED] - All options with value 'course' are selected in object 'Object Repository/Page_Moodle Lch Xem chi tit thng Thng Ging 2022/select_Thnh vin            Kho hc          _5efb09 (1)'  using regular expression

2022-01-16 09:57:21 - [TEST_STEP][PASSED] - click(findTestObject("Object Repository/Page_Moodle Lch Xem chi tit thng Thng Ging 2022/span__1_2_3_4")): Object: 'Object Repository/Page_Moodle Lch Xem chi tit thng Thng Ging 2022/span__1_2_3_4' is clicked on

2022-01-16 09:57:28 - [MESSAGE][INFO] - Unable to find the element located by 'By.xpath: //span[@id='form_autocomplete_downarrow-1642045252858']'. Please recheck the objects properties to make sure the desired element is located. 

2022-01-16 09:57:28 - [MESSAGE][WARNING] - [SELF-HEALING] Failed to find element with id 'Object Repository/Page_Moodle Lch Xem chi tit thng Thng Ging 2022/span__1_2_3_4'. Try using Self-healing.

2022-01-16 09:57:28 - [MESSAGE][WARNING] - [SELF-HEALING] The current locator of test object 'Object Repository/Page_Moodle Lch Xem chi tit thng Thng Ging 2022/span__1_2_3_4' was broken. Propose an alternative one: '(.//*[normalize-space(text()) and normalize-space(.)='No selection'])[1]/following::span[1]'.

2022-01-16 09:57:28 - [MESSAGE][PASSED] - Object: 'Object Repository/Page_Moodle Lch Xem chi tit thng Thng Ging 2022/span__1_2_3_4' is clicked on

2022-01-16 09:57:28 - [TEST_STEP][PASSED] - click(findTestObject("Object Repository/Page_Moodle Lch Xem chi tit thng Thng Ging 2022/li_Software Engineering_1_2_3")): Object: 'Object Repository/Page_Moodle Lch Xem chi tit thng Thng Ging 2022/li_Software Engineering_1_2_3' is clicked on

2022-01-16 09:57:34 - [MESSAGE][INFO] - Unable to find the element located by 'By.xpath: //li[@id='form_autocomplete_suggestions-1642045252858-0']'. Please recheck the objects properties to make sure the desired element is located. 

2022-01-16 09:57:34 - [MESSAGE][WARNING] - [SELF-HEALING] Failed to find element with id 'Object Repository/Page_Moodle Lch Xem chi tit thng Thng Ging 2022/li_Software Engineering_1_2_3'. Try using Self-healing.

2022-01-16 09:57:34 - [MESSAGE][WARNING] - [SELF-HEALING] The current locator of test object 'Object Repository/Page_Moodle Lch Xem chi tit thng Thng Ging 2022/li_Software Engineering_1_2_3' was broken. Propose an alternative one: '(.//*[normalize-space(text()) and normalize-space(.)='▼'])[2]/following::li[1]'.

2022-01-16 09:57:34 - [MESSAGE][PASSED] - Object: 'Object Repository/Page_Moodle Lch Xem chi tit thng Thng Ging 2022/li_Software Engineering_1_2_3' is clicked on

2022-01-16 09:57:34 - [TEST_STEP][PASSED] - selectOptionByValue(findTestObject("Object Repository/Page_Moodle Lch Xem chi tit thng Thng Ging 2022/select_Software Engineering"), "3", true): All options with value '3' are selected in object 'Object Repository/Page_Moodle Lch Xem chi tit thng Thng Ging 2022/select_Software Engineering'  using regular expression

2022-01-16 09:57:36 - [MESSAGE][PASSED] - All options with value '3' are selected in object 'Object Repository/Page_Moodle Lch Xem chi tit thng Thng Ging 2022/select_Software Engineering'  using regular expression

2022-01-16 09:57:37 - [TEST_STEP][PASSED] - click(findTestObject("Object Repository/Page_Moodle Lch Xem chi tit thng Thng Ging 2022/a_Show more")): Object: 'Object Repository/Page_Moodle Lch Xem chi tit thng Thng Ging 2022/a_Show more' is clicked on

2022-01-16 09:57:45 - [MESSAGE][INFO] - Unable to find the element located by 'By.xpath: //a[@id='yui_3_17_2_1_1641915883945_609']'. Please recheck the objects properties to make sure the desired element is located. 

2022-01-16 09:57:45 - [MESSAGE][WARNING] - [SELF-HEALING] Failed to find element with id 'Object Repository/Page_Moodle Lch Xem chi tit thng Thng Ging 2022/a_Show more'. Try using Self-healing.

2022-01-16 09:57:46 - [MESSAGE][WARNING] - [SELF-HEALING] The current locator of test object 'Object Repository/Page_Moodle Lch Xem chi tit thng Thng Ging 2022/a_Show more' was broken. Propose an alternative one: '//a[contains(text(),'Show more...')]'.

2022-01-16 09:57:52 - [MESSAGE][PASSED] - Object: 'Object Repository/Page_Moodle Lch Xem chi tit thng Thng Ging 2022/a_Show more' is clicked on

2022-01-16 09:57:52 - [TEST_STEP][PASSED] - setText(findTestObject("Object Repository/Page_Moodle Lch Xem chi tit thng Thng Ging 2022/div_Gii p thc mc v  n"), "Giải đáp thắc mắc về đồ án"): Text 'Giải đáp thắc mắc về đồ án' is set on object 'Object Repository/Page_Moodle Lch Xem chi tit thng Thng Ging 2022/div_Gii p thc mc v  n'

2022-01-16 09:57:54 - [MESSAGE][PASSED] - Text 'Giải đáp thắc mắc về đồ án' is set on object 'Object Repository/Page_Moodle Lch Xem chi tit thng Thng Ging 2022/div_Gii p thc mc v  n'

2022-01-16 09:57:54 - [TEST_STEP][PASSED] - click(findTestObject("Object Repository/Page_Moodle Lch Xem chi tit thng Thng Ging 2022/button_Lu (1)")): Object: 'Object Repository/Page_Moodle Lch Xem chi tit thng Thng Ging 2022/button_Lu (1)' is clicked on

2022-01-16 09:58:00 - [MESSAGE][INFO] - Unable to find the element located by 'By.xpath: //button[@id='yui_3_17_2_1_1641915883945_1459']'. Please recheck the objects properties to make sure the desired element is located. 

2022-01-16 09:58:00 - [MESSAGE][WARNING] - [SELF-HEALING] Failed to find element with id 'Object Repository/Page_Moodle Lch Xem chi tit thng Thng Ging 2022/button_Lu (1)'. Try using Self-healing.

2022-01-16 09:58:01 - [MESSAGE][WARNING] - [SELF-HEALING] The current locator of test object 'Object Repository/Page_Moodle Lch Xem chi tit thng Thng Ging 2022/button_Lu (1)' was broken. Propose an alternative one: '(.//*[normalize-space(text()) and normalize-space(.)='Lặp lại hàng tuần, tạo ra tất cả'])[1]/following::button[1]'.

2022-01-16 09:58:01 - [MESSAGE][PASSED] - Object: 'Object Repository/Page_Moodle Lch Xem chi tit thng Thng Ging 2022/button_Lu (1)' is clicked on

2022-01-16 09:58:02 - [TEST_STEP][PASSED] - closeBrowser(): Browser is closed

2022-01-16 09:58:04 - [MESSAGE][PASSED] - Browser is closed]]></system-out>
         <system-err><![CDATA[]]></system-err>
      </testcase>
      <testcase name="Test Cases/Create event on calendar/Create Event Set Time Minute And Repeat" time="260.971" classname="Test Cases/Create event on calendar/Create Event Set Time Minute And Repeat" status="PASSED">
         <system-out><![CDATA[2022-01-16 09:58:04 - [TEST_CASE][PASSED] - Test Cases/Create event on calendar/Create Event Set Time Minute And Repeat: Test Cases/Create event on calendar/Create Event Set Time Minute And Repeat

2022-01-16 09:58:04 - [TEST_STEP][PASSED] - openBrowser(""): Browser is opened with url: ''

2022-01-16 09:58:04 - [MESSAGE][INFO] - Starting 'Edge Chromium' driver

2022-01-16 09:58:23 - [MESSAGE][INFO] - Action delay is set to 0 milliseconds

2022-01-16 09:58:25 - [MESSAGE][PASSED] - Browser is opened with url: ''

2022-01-16 09:58:25 - [TEST_STEP][PASSED] - navigateToUrl("http://localhost/"): Navigate to 'http://localhost/' successfully

2022-01-16 09:59:38 - [MESSAGE][PASSED] - Navigate to 'http://localhost/' successfully

2022-01-16 09:59:38 - [TEST_STEP][PASSED] - click(findTestObject("Object Repository/Page_Local Moodle/a_Log in (17)")): Object: 'Object Repository/Page_Local Moodle/a_Log in (17)' is clicked on

2022-01-16 10:00:36 - [MESSAGE][PASSED] - Object: 'Object Repository/Page_Local Moodle/a_Log in (17)' is clicked on

2022-01-16 10:00:36 - [TEST_STEP][PASSED] - setText(findTestObject("Object Repository/Page_Local Moodle Log in to the site/input_Username_username (17)"), "admin"): Text 'admin' is set on object 'Object Repository/Page_Local Moodle Log in to the site/input_Username_username (17)'

2022-01-16 10:00:38 - [MESSAGE][PASSED] - Text 'admin' is set on object 'Object Repository/Page_Local Moodle Log in to the site/input_Username_username (17)'

2022-01-16 10:00:38 - [TEST_STEP][PASSED] - setEncryptedText(findTestObject("Object Repository/Page_Local Moodle Log in to the site/input_Password_password (17)"), "bfAykA/oWJ09FXmiKh6lyuuLu8QhG1K5"): Text ****** has been set on object 'Object Repository/Page_Local Moodle Log in to the site/input_Password_password (17)'

2022-01-16 10:00:39 - [MESSAGE][PASSED] - Text ****** has been set on object 'Object Repository/Page_Local Moodle Log in to the site/input_Password_password (17)'

2022-01-16 10:00:39 - [TEST_STEP][PASSED] - click(findTestObject("Object Repository/Page_Local Moodle Log in to the site/button_Log in (17)")): Object: 'Object Repository/Page_Local Moodle Log in to the site/button_Log in (17)' is clicked on

2022-01-16 10:01:08 - [MESSAGE][PASSED] - Object: 'Object Repository/Page_Local Moodle Log in to the site/button_Log in (17)' is clicked on

2022-01-16 10:01:08 - [TEST_STEP][PASSED] - click(findTestObject("Object Repository/Page_Nh ca ti/a_Lch (4)")): Object: 'Object Repository/Page_Nh ca ti/a_Lch (4)' is clicked on

2022-01-16 10:01:28 - [MESSAGE][PASSED] - Object: 'Object Repository/Page_Nh ca ti/a_Lch (4)' is clicked on

2022-01-16 10:01:28 - [TEST_STEP][PASSED] - click(findTestObject("Object Repository/Page_Moodle Lch Xem chi tit thng Thng Ging 2022/button_S kin mi (4)")): Object: 'Object Repository/Page_Moodle Lch Xem chi tit thng Thng Ging 2022/button_S kin mi (4)' is clicked on

2022-01-16 10:01:35 - [MESSAGE][INFO] - Unable to find the element located by 'By.xpath: id("calendar-month-61ddaeeb7273d61ddaeeb3132c21")/div[@class="header d-flex flex-wrap p-1"]/button[@class="btn btn-secondary float-sm-right float-right"][count(. | //button[@class = 'btn btn-secondary float-sm-right float-right' and @data-context-id = '2' and @data-action = 'new-event-button' and (text() = '
            Sự kiện mới
        ' or . = '
            Sự kiện mới
        ')]) = count(//button[@class = 'btn btn-secondary float-sm-right float-right' and @data-context-id = '2' and @data-action = 'new-event-button' and (text() = '
            Sự kiện mới
        ' or . = '
            Sự kiện mới
        ')])]'. Please recheck the objects properties to make sure the desired element is located. 

2022-01-16 10:01:35 - [MESSAGE][WARNING] - [SELF-HEALING] Failed to find element with id 'Object Repository/Page_Moodle Lch Xem chi tit thng Thng Ging 2022/button_S kin mi (4)'. Try using Self-healing.

2022-01-16 10:01:35 - [MESSAGE][WARNING] - [SELF-HEALING] The current locator of test object 'Object Repository/Page_Moodle Lch Xem chi tit thng Thng Ging 2022/button_S kin mi (4)' was broken. Propose an alternative one: '(.//*[normalize-space(text()) and normalize-space(.)='Danh sách khóa học'])[1]/following::button[1]'.

2022-01-16 10:01:35 - [MESSAGE][PASSED] - Object: 'Object Repository/Page_Moodle Lch Xem chi tit thng Thng Ging 2022/button_S kin mi (4)' is clicked on

2022-01-16 10:01:35 - [TEST_STEP][PASSED] - setText(findTestObject("Object Repository/Page_Moodle Lch Xem chi tit thng Thng Ging 2022/input_Tiu  s kin_name (4)"), "Seminar"): Text 'Seminar' is set on object 'Object Repository/Page_Moodle Lch Xem chi tit thng Thng Ging 2022/input_Tiu  s kin_name (4)'

2022-01-16 10:01:42 - [MESSAGE][PASSED] - Text 'Seminar' is set on object 'Object Repository/Page_Moodle Lch Xem chi tit thng Thng Ging 2022/input_Tiu  s kin_name (4)'

2022-01-16 10:01:42 - [TEST_STEP][PASSED] - selectOptionByValue(findTestObject("Object Repository/Page_Moodle Lch Xem chi tit thng Thng Ging 2022/select_1        2        3        4        _45ea30 (4)"), "14", true): All options with value '14' are selected in object 'Object Repository/Page_Moodle Lch Xem chi tit thng Thng Ging 2022/select_1        2        3        4        _45ea30 (4)'  using regular expression

2022-01-16 10:01:44 - [MESSAGE][PASSED] - All options with value '14' are selected in object 'Object Repository/Page_Moodle Lch Xem chi tit thng Thng Ging 2022/select_1        2        3        4        _45ea30 (4)'  using regular expression

2022-01-16 10:01:44 - [TEST_STEP][PASSED] - selectOptionByValue(findTestObject("Object Repository/Page_Moodle Lch Xem chi tit thng Thng Ging 2022/select_00        01        02        03    _f6e37b (3)"), "7", true): All options with value '7' are selected in object 'Object Repository/Page_Moodle Lch Xem chi tit thng Thng Ging 2022/select_00        01        02        03    _f6e37b (3)'  using regular expression

2022-01-16 10:01:46 - [MESSAGE][PASSED] - All options with value '7' are selected in object 'Object Repository/Page_Moodle Lch Xem chi tit thng Thng Ging 2022/select_00        01        02        03    _f6e37b (3)'  using regular expression

2022-01-16 10:01:46 - [TEST_STEP][PASSED] - selectOptionByValue(findTestObject("Object Repository/Page_Moodle Lch Xem chi tit thng Thng Ging 2022/select_00        01        02        03    _f6e37b_1 (3)"), "30", true): All options with value '30' are selected in object 'Object Repository/Page_Moodle Lch Xem chi tit thng Thng Ging 2022/select_00        01        02        03    _f6e37b_1 (3)'  using regular expression

2022-01-16 10:01:49 - [MESSAGE][PASSED] - All options with value '30' are selected in object 'Object Repository/Page_Moodle Lch Xem chi tit thng Thng Ging 2022/select_00        01        02        03    _f6e37b_1 (3)'  using regular expression

2022-01-16 10:01:49 - [TEST_STEP][PASSED] - selectOptionByValue(findTestObject("Object Repository/Page_Moodle Lch Xem chi tit thng Thng Ging 2022/select_Thnh vin            Kho hc          _5efb09 (4)"), "course", true): All options with value 'course' are selected in object 'Object Repository/Page_Moodle Lch Xem chi tit thng Thng Ging 2022/select_Thnh vin            Kho hc          _5efb09 (4)'  using regular expression

2022-01-16 10:01:51 - [MESSAGE][PASSED] - All options with value 'course' are selected in object 'Object Repository/Page_Moodle Lch Xem chi tit thng Thng Ging 2022/select_Thnh vin            Kho hc          _5efb09 (4)'  using regular expression

2022-01-16 10:01:51 - [TEST_STEP][PASSED] - click(findTestObject("Object Repository/Page_Moodle Lch Xem chi tit thng Thng Ging 2022/span__1_2_3_4")): Object: 'Object Repository/Page_Moodle Lch Xem chi tit thng Thng Ging 2022/span__1_2_3_4' is clicked on

2022-01-16 10:01:57 - [MESSAGE][INFO] - Unable to find the element located by 'By.xpath: //span[@id='form_autocomplete_downarrow-1642045252858']'. Please recheck the objects properties to make sure the desired element is located. 

2022-01-16 10:01:57 - [MESSAGE][WARNING] - [SELF-HEALING] Failed to find element with id 'Object Repository/Page_Moodle Lch Xem chi tit thng Thng Ging 2022/span__1_2_3_4'. Try using Self-healing.

2022-01-16 10:01:57 - [MESSAGE][WARNING] - [SELF-HEALING] The current locator of test object 'Object Repository/Page_Moodle Lch Xem chi tit thng Thng Ging 2022/span__1_2_3_4' was broken. Propose an alternative one: '(.//*[normalize-space(text()) and normalize-space(.)='No selection'])[1]/following::span[1]'.

2022-01-16 10:01:57 - [MESSAGE][PASSED] - Object: 'Object Repository/Page_Moodle Lch Xem chi tit thng Thng Ging 2022/span__1_2_3_4' is clicked on

2022-01-16 10:01:57 - [TEST_STEP][PASSED] - click(findTestObject("Object Repository/Page_Moodle Lch Xem chi tit thng Thng Ging 2022/li_Software Engineering_1_2_3")): Object: 'Object Repository/Page_Moodle Lch Xem chi tit thng Thng Ging 2022/li_Software Engineering_1_2_3' is clicked on

2022-01-16 10:02:03 - [MESSAGE][INFO] - Unable to find the element located by 'By.xpath: //li[@id='form_autocomplete_suggestions-1642045252858-0']'. Please recheck the objects properties to make sure the desired element is located. 

2022-01-16 10:02:03 - [MESSAGE][WARNING] - [SELF-HEALING] Failed to find element with id 'Object Repository/Page_Moodle Lch Xem chi tit thng Thng Ging 2022/li_Software Engineering_1_2_3'. Try using Self-healing.

2022-01-16 10:02:04 - [MESSAGE][WARNING] - [SELF-HEALING] The current locator of test object 'Object Repository/Page_Moodle Lch Xem chi tit thng Thng Ging 2022/li_Software Engineering_1_2_3' was broken. Propose an alternative one: '(.//*[normalize-space(text()) and normalize-space(.)='▼'])[2]/following::li[1]'.

2022-01-16 10:02:04 - [MESSAGE][PASSED] - Object: 'Object Repository/Page_Moodle Lch Xem chi tit thng Thng Ging 2022/li_Software Engineering_1_2_3' is clicked on

2022-01-16 10:02:04 - [TEST_STEP][PASSED] - selectOptionByValue(findTestObject("Object Repository/Page_Moodle Lch Xem chi tit thng Thng Ging 2022/select_Software Engineering"), "3", true): All options with value '3' are selected in object 'Object Repository/Page_Moodle Lch Xem chi tit thng Thng Ging 2022/select_Software Engineering'  using regular expression

2022-01-16 10:02:05 - [MESSAGE][PASSED] - All options with value '3' are selected in object 'Object Repository/Page_Moodle Lch Xem chi tit thng Thng Ging 2022/select_Software Engineering'  using regular expression

2022-01-16 10:02:05 - [TEST_STEP][PASSED] - click(findTestObject("Object Repository/Page_Moodle Lch Xem chi tit thng Thng Ging 2022/a_Show more (3)")): Object: 'Object Repository/Page_Moodle Lch Xem chi tit thng Thng Ging 2022/a_Show more (3)' is clicked on

2022-01-16 10:02:13 - [MESSAGE][INFO] - Unable to find the element located by 'By.xpath: id("yui_3_17_2_1_1641918187444_609")[count(. | //a[@href = '#' and @class = 'moreless-toggler' and @aria-expanded = 'false' and @role = 'button' and @aria-controls = 'form-advanced-div' and @id = 'yui_3_17_2_1_1641918187444_609' and (text() = 'Show more...' or . = 'Show more...')]) = count(//a[@href = '#' and @class = 'moreless-toggler' and @aria-expanded = 'false' and @role = 'button' and @aria-controls = 'form-advanced-div' and @id = 'yui_3_17_2_1_1641918187444_609' and (text() = 'Show more...' or . = 'Show more...')])]'. Please recheck the objects properties to make sure the desired element is located. 

2022-01-16 10:02:13 - [MESSAGE][WARNING] - [SELF-HEALING] Failed to find element with id 'Object Repository/Page_Moodle Lch Xem chi tit thng Thng Ging 2022/a_Show more (3)'. Try using Self-healing.

2022-01-16 10:02:13 - [MESSAGE][WARNING] - [SELF-HEALING] The current locator of test object 'Object Repository/Page_Moodle Lch Xem chi tit thng Thng Ging 2022/a_Show more (3)' was broken. Propose an alternative one: '//a[contains(text(),'Show more...')]'.

2022-01-16 10:02:13 - [MESSAGE][PASSED] - Object: 'Object Repository/Page_Moodle Lch Xem chi tit thng Thng Ging 2022/a_Show more (3)' is clicked on

2022-01-16 10:02:13 - [TEST_STEP][PASSED] - click(findTestObject("Object Repository/Page_Moodle Lch Xem chi tit thng Thng Ging 2022/input_Ti_duration (2)")): Object: 'Object Repository/Page_Moodle Lch Xem chi tit thng Thng Ging 2022/input_Ti_duration (2)' is clicked on

2022-01-16 10:02:14 - [MESSAGE][PASSED] - Object: 'Object Repository/Page_Moodle Lch Xem chi tit thng Thng Ging 2022/input_Ti_duration (2)' is clicked on

2022-01-16 10:02:14 - [TEST_STEP][PASSED] - click(findTestObject("Object Repository/Page_Moodle Lch Xem chi tit thng Thng Ging 2022/input_Thi lng tnh bng pht_duration (1)")): Object: 'Object Repository/Page_Moodle Lch Xem chi tit thng Thng Ging 2022/input_Thi lng tnh bng pht_duration (1)' is clicked on

2022-01-16 10:02:15 - [MESSAGE][PASSED] - Object: 'Object Repository/Page_Moodle Lch Xem chi tit thng Thng Ging 2022/input_Thi lng tnh bng pht_duration (1)' is clicked on

2022-01-16 10:02:15 - [TEST_STEP][PASSED] - setText(findTestObject("Object Repository/Page_Moodle Lch Xem chi tit thng Thng Ging 2022/input_Thi lng tnh bng pht_timedurationminutes"), "120"): Text '120' is set on object 'Object Repository/Page_Moodle Lch Xem chi tit thng Thng Ging 2022/input_Thi lng tnh bng pht_timedurationminutes'

2022-01-16 10:02:15 - [MESSAGE][PASSED] - Text '120' is set on object 'Object Repository/Page_Moodle Lch Xem chi tit thng Thng Ging 2022/input_Thi lng tnh bng pht_timedurationminutes'

2022-01-16 10:02:15 - [TEST_STEP][PASSED] - click(findTestObject("Object Repository/Page_Moodle Lch Xem chi tit thng Thng Ging 2022/input_Thi lng tnh bng pht_repeat")): Object: 'Object Repository/Page_Moodle Lch Xem chi tit thng Thng Ging 2022/input_Thi lng tnh bng pht_repeat' is clicked on

2022-01-16 10:02:16 - [MESSAGE][PASSED] - Object: 'Object Repository/Page_Moodle Lch Xem chi tit thng Thng Ging 2022/input_Thi lng tnh bng pht_repeat' is clicked on

2022-01-16 10:02:16 - [TEST_STEP][PASSED] - setText(findTestObject("Object Repository/Page_Moodle Lch Xem chi tit thng Thng Ging 2022/input_Lp li hng tun, to ra tt c_repeats"), "2"): Text '2' is set on object 'Object Repository/Page_Moodle Lch Xem chi tit thng Thng Ging 2022/input_Lp li hng tun, to ra tt c_repeats'

2022-01-16 10:02:17 - [MESSAGE][PASSED] - Text '2' is set on object 'Object Repository/Page_Moodle Lch Xem chi tit thng Thng Ging 2022/input_Lp li hng tun, to ra tt c_repeats'

2022-01-16 10:02:17 - [TEST_STEP][PASSED] - click(findTestObject("Object Repository/Page_Moodle Lch Xem chi tit thng Thng Ging 2022/button_Lu (4)")): Object: 'Object Repository/Page_Moodle Lch Xem chi tit thng Thng Ging 2022/button_Lu (4)' is clicked on

2022-01-16 10:02:23 - [MESSAGE][INFO] - Unable to find the element located by 'By.xpath: //button[@id='yui_3_17_2_1_1641918187444_1345']'. Please recheck the objects properties to make sure the desired element is located. 

2022-01-16 10:02:23 - [MESSAGE][WARNING] - [SELF-HEALING] Failed to find element with id 'Object Repository/Page_Moodle Lch Xem chi tit thng Thng Ging 2022/button_Lu (4)'. Try using Self-healing.

2022-01-16 10:02:24 - [MESSAGE][WARNING] - [SELF-HEALING] The current locator of test object 'Object Repository/Page_Moodle Lch Xem chi tit thng Thng Ging 2022/button_Lu (4)' was broken. Propose an alternative one: '(.//*[normalize-space(text()) and normalize-space(.)='Lặp lại hàng tuần, tạo ra tất cả'])[1]/following::button[1]'.

2022-01-16 10:02:24 - [MESSAGE][PASSED] - Object: 'Object Repository/Page_Moodle Lch Xem chi tit thng Thng Ging 2022/button_Lu (4)' is clicked on

2022-01-16 10:02:24 - [TEST_STEP][PASSED] - closeBrowser(): Browser is closed

2022-01-16 10:02:25 - [MESSAGE][PASSED] - Browser is closed]]></system-out>
         <system-err><![CDATA[]]></system-err>
      </testcase>
      <testcase name="Test Cases/Create event on calendar/Create Event Set Time" time="250.016" classname="Test Cases/Create event on calendar/Create Event Set Time" status="PASSED">
         <system-out><![CDATA[2022-01-16 10:02:25 - [TEST_CASE][PASSED] - Test Cases/Create event on calendar/Create Event Set Time: Test Cases/Create event on calendar/Create Event Set Time

2022-01-16 10:02:25 - [TEST_STEP][PASSED] - openBrowser(""): Browser is opened with url: ''

2022-01-16 10:02:25 - [MESSAGE][INFO] - Starting 'Edge Chromium' driver

2022-01-16 10:02:27 - [MESSAGE][INFO] - Action delay is set to 0 milliseconds

2022-01-16 10:02:42 - [MESSAGE][PASSED] - Browser is opened with url: ''

2022-01-16 10:02:42 - [TEST_STEP][PASSED] - navigateToUrl("http://localhost/"): Navigate to 'http://localhost/' successfully

2022-01-16 10:02:51 - [MESSAGE][PASSED] - Navigate to 'http://localhost/' successfully

2022-01-16 10:02:51 - [TEST_STEP][PASSED] - click(findTestObject("Object Repository/Page_Local Moodle/a_Log in (15)")): Object: 'Object Repository/Page_Local Moodle/a_Log in (15)' is clicked on

2022-01-16 10:02:53 - [MESSAGE][PASSED] - Object: 'Object Repository/Page_Local Moodle/a_Log in (15)' is clicked on

2022-01-16 10:02:53 - [TEST_STEP][PASSED] - setText(findTestObject("Object Repository/Page_Local Moodle Log in to the site/input_Username_username (15)"), "admin"): Text 'admin' is set on object 'Object Repository/Page_Local Moodle Log in to the site/input_Username_username (15)'

2022-01-16 10:02:59 - [MESSAGE][PASSED] - Text 'admin' is set on object 'Object Repository/Page_Local Moodle Log in to the site/input_Username_username (15)'

2022-01-16 10:02:59 - [TEST_STEP][PASSED] - setEncryptedText(findTestObject("Object Repository/Page_Local Moodle Log in to the site/input_Password_password (15)"), "bfAykA/oWJ09FXmiKh6lyuuLu8QhG1K5"): Text ****** has been set on object 'Object Repository/Page_Local Moodle Log in to the site/input_Password_password (15)'

2022-01-16 10:03:00 - [MESSAGE][PASSED] - Text ****** has been set on object 'Object Repository/Page_Local Moodle Log in to the site/input_Password_password (15)'

2022-01-16 10:03:00 - [TEST_STEP][PASSED] - click(findTestObject("Object Repository/Page_Local Moodle Log in to the site/button_Log in (15)")): Object: 'Object Repository/Page_Local Moodle Log in to the site/button_Log in (15)' is clicked on

2022-01-16 10:03:37 - [MESSAGE][PASSED] - Object: 'Object Repository/Page_Local Moodle Log in to the site/button_Log in (15)' is clicked on

2022-01-16 10:03:37 - [TEST_STEP][PASSED] - click(findTestObject("Object Repository/Page_Nh ca ti/a_Lch (2)")): Object: 'Object Repository/Page_Nh ca ti/a_Lch (2)' is clicked on

2022-01-16 10:04:47 - [MESSAGE][PASSED] - Object: 'Object Repository/Page_Nh ca ti/a_Lch (2)' is clicked on

2022-01-16 10:04:47 - [TEST_STEP][PASSED] - click(findTestObject("Object Repository/Page_Moodle Lch Xem chi tit thng Thng Ging 2022/button_S kin mi (2)")): Object: 'Object Repository/Page_Moodle Lch Xem chi tit thng Thng Ging 2022/button_S kin mi (2)' is clicked on

2022-01-16 10:04:58 - [MESSAGE][INFO] - Unable to find the element located by 'By.xpath: //div[@id='calendar-month-61dda95a6fccb61dda95a2d01921']/div/button'. Please recheck the objects properties to make sure the desired element is located. 

2022-01-16 10:04:58 - [MESSAGE][WARNING] - [SELF-HEALING] Failed to find element with id 'Object Repository/Page_Moodle Lch Xem chi tit thng Thng Ging 2022/button_S kin mi (2)'. Try using Self-healing.

2022-01-16 10:04:58 - [MESSAGE][WARNING] - [SELF-HEALING] The current locator of test object 'Object Repository/Page_Moodle Lch Xem chi tit thng Thng Ging 2022/button_S kin mi (2)' was broken. Propose an alternative one: '(.//*[normalize-space(text()) and normalize-space(.)='Danh sách khóa học'])[1]/following::button[1]'.

2022-01-16 10:05:30 - [MESSAGE][PASSED] - Object: 'Object Repository/Page_Moodle Lch Xem chi tit thng Thng Ging 2022/button_S kin mi (2)' is clicked on

2022-01-16 10:05:30 - [TEST_STEP][PASSED] - setText(findTestObject("Object Repository/Page_Moodle Lch Xem chi tit thng Thng Ging 2022/input_Tiu  s kin_name (2)"), "Seminar"): Text 'Seminar' is set on object 'Object Repository/Page_Moodle Lch Xem chi tit thng Thng Ging 2022/input_Tiu  s kin_name (2)'

2022-01-16 10:05:39 - [MESSAGE][PASSED] - Text 'Seminar' is set on object 'Object Repository/Page_Moodle Lch Xem chi tit thng Thng Ging 2022/input_Tiu  s kin_name (2)'

2022-01-16 10:05:39 - [TEST_STEP][PASSED] - selectOptionByValue(findTestObject("Object Repository/Page_Moodle Lch Xem chi tit thng Thng Ging 2022/select_1        2        3        4        _45ea30 (2)"), "15", true): All options with value '15' are selected in object 'Object Repository/Page_Moodle Lch Xem chi tit thng Thng Ging 2022/select_1        2        3        4        _45ea30 (2)'  using regular expression

2022-01-16 10:05:41 - [MESSAGE][PASSED] - All options with value '15' are selected in object 'Object Repository/Page_Moodle Lch Xem chi tit thng Thng Ging 2022/select_1        2        3        4        _45ea30 (2)'  using regular expression

2022-01-16 10:05:41 - [TEST_STEP][PASSED] - selectOptionByValue(findTestObject("Object Repository/Page_Moodle Lch Xem chi tit thng Thng Ging 2022/select_00        01        02        03    _f6e37b (1)"), "14", true): All options with value '14' are selected in object 'Object Repository/Page_Moodle Lch Xem chi tit thng Thng Ging 2022/select_00        01        02        03    _f6e37b (1)'  using regular expression

2022-01-16 10:05:44 - [MESSAGE][PASSED] - All options with value '14' are selected in object 'Object Repository/Page_Moodle Lch Xem chi tit thng Thng Ging 2022/select_00        01        02        03    _f6e37b (1)'  using regular expression

2022-01-16 10:05:44 - [TEST_STEP][PASSED] - selectOptionByValue(findTestObject("Object Repository/Page_Moodle Lch Xem chi tit thng Thng Ging 2022/select_00        01        02        03    _f6e37b_1 (1)"), "30", true): All options with value '30' are selected in object 'Object Repository/Page_Moodle Lch Xem chi tit thng Thng Ging 2022/select_00        01        02        03    _f6e37b_1 (1)'  using regular expression

2022-01-16 10:05:47 - [MESSAGE][PASSED] - All options with value '30' are selected in object 'Object Repository/Page_Moodle Lch Xem chi tit thng Thng Ging 2022/select_00        01        02        03    _f6e37b_1 (1)'  using regular expression

2022-01-16 10:05:47 - [TEST_STEP][PASSED] - selectOptionByValue(findTestObject("Object Repository/Page_Moodle Lch Xem chi tit thng Thng Ging 2022/select_Thnh vin            Kho hc          _5efb09 (2)"), "course", true): All options with value 'course' are selected in object 'Object Repository/Page_Moodle Lch Xem chi tit thng Thng Ging 2022/select_Thnh vin            Kho hc          _5efb09 (2)'  using regular expression

2022-01-16 10:05:49 - [MESSAGE][PASSED] - All options with value 'course' are selected in object 'Object Repository/Page_Moodle Lch Xem chi tit thng Thng Ging 2022/select_Thnh vin            Kho hc          _5efb09 (2)'  using regular expression

2022-01-16 10:05:49 - [TEST_STEP][PASSED] - click(findTestObject("Object Repository/Page_Moodle Lch Xem chi tit thng Thng Ging 2022/span__1_2_3_4")): Object: 'Object Repository/Page_Moodle Lch Xem chi tit thng Thng Ging 2022/span__1_2_3_4' is clicked on

2022-01-16 10:05:55 - [MESSAGE][INFO] - Unable to find the element located by 'By.xpath: //span[@id='form_autocomplete_downarrow-1642045252858']'. Please recheck the objects properties to make sure the desired element is located. 

2022-01-16 10:05:55 - [MESSAGE][WARNING] - [SELF-HEALING] Failed to find element with id 'Object Repository/Page_Moodle Lch Xem chi tit thng Thng Ging 2022/span__1_2_3_4'. Try using Self-healing.

2022-01-16 10:05:55 - [MESSAGE][WARNING] - [SELF-HEALING] The current locator of test object 'Object Repository/Page_Moodle Lch Xem chi tit thng Thng Ging 2022/span__1_2_3_4' was broken. Propose an alternative one: '(.//*[normalize-space(text()) and normalize-space(.)='No selection'])[1]/following::span[1]'.

2022-01-16 10:05:55 - [MESSAGE][PASSED] - Object: 'Object Repository/Page_Moodle Lch Xem chi tit thng Thng Ging 2022/span__1_2_3_4' is clicked on

2022-01-16 10:05:55 - [TEST_STEP][PASSED] - click(findTestObject("Object Repository/Page_Moodle Lch Xem chi tit thng Thng Ging 2022/li_Software Engineering_1_2_3")): Object: 'Object Repository/Page_Moodle Lch Xem chi tit thng Thng Ging 2022/li_Software Engineering_1_2_3' is clicked on

2022-01-16 10:06:02 - [MESSAGE][INFO] - Unable to find the element located by 'By.xpath: //li[@id='form_autocomplete_suggestions-1642045252858-0']'. Please recheck the objects properties to make sure the desired element is located. 

2022-01-16 10:06:02 - [MESSAGE][WARNING] - [SELF-HEALING] Failed to find element with id 'Object Repository/Page_Moodle Lch Xem chi tit thng Thng Ging 2022/li_Software Engineering_1_2_3'. Try using Self-healing.

2022-01-16 10:06:02 - [MESSAGE][WARNING] - [SELF-HEALING] The current locator of test object 'Object Repository/Page_Moodle Lch Xem chi tit thng Thng Ging 2022/li_Software Engineering_1_2_3' was broken. Propose an alternative one: '(.//*[normalize-space(text()) and normalize-space(.)='▼'])[2]/following::li[1]'.

2022-01-16 10:06:02 - [MESSAGE][PASSED] - Object: 'Object Repository/Page_Moodle Lch Xem chi tit thng Thng Ging 2022/li_Software Engineering_1_2_3' is clicked on

2022-01-16 10:06:02 - [TEST_STEP][PASSED] - selectOptionByValue(findTestObject("Object Repository/Page_Moodle Lch Xem chi tit thng Thng Ging 2022/select_Software Engineering"), "3", true): All options with value '3' are selected in object 'Object Repository/Page_Moodle Lch Xem chi tit thng Thng Ging 2022/select_Software Engineering'  using regular expression

2022-01-16 10:06:03 - [MESSAGE][PASSED] - All options with value '3' are selected in object 'Object Repository/Page_Moodle Lch Xem chi tit thng Thng Ging 2022/select_Software Engineering'  using regular expression

2022-01-16 10:06:03 - [TEST_STEP][PASSED] - click(findTestObject("Object Repository/Page_Moodle Lch Xem chi tit thng Thng Ging 2022/a_Show more (1)")): Object: 'Object Repository/Page_Moodle Lch Xem chi tit thng Thng Ging 2022/a_Show more (1)' is clicked on

2022-01-16 10:06:10 - [MESSAGE][INFO] - Unable to find the element located by 'By.xpath: //a[@id='yui_3_17_2_1_1641916762423_1318']'. Please recheck the objects properties to make sure the desired element is located. 

2022-01-16 10:06:10 - [MESSAGE][WARNING] - [SELF-HEALING] Failed to find element with id 'Object Repository/Page_Moodle Lch Xem chi tit thng Thng Ging 2022/a_Show more (1)'. Try using Self-healing.

2022-01-16 10:06:11 - [MESSAGE][WARNING] - [SELF-HEALING] The current locator of test object 'Object Repository/Page_Moodle Lch Xem chi tit thng Thng Ging 2022/a_Show more (1)' was broken. Propose an alternative one: '//a[contains(text(),'Show more...')]'.

2022-01-16 10:06:11 - [MESSAGE][PASSED] - Object: 'Object Repository/Page_Moodle Lch Xem chi tit thng Thng Ging 2022/a_Show more (1)' is clicked on

2022-01-16 10:06:11 - [TEST_STEP][PASSED] - click(findTestObject("Object Repository/Page_Moodle Lch Xem chi tit thng Thng Ging 2022/input_Ti_duration")): Object: 'Object Repository/Page_Moodle Lch Xem chi tit thng Thng Ging 2022/input_Ti_duration' is clicked on

2022-01-16 10:06:11 - [MESSAGE][PASSED] - Object: 'Object Repository/Page_Moodle Lch Xem chi tit thng Thng Ging 2022/input_Ti_duration' is clicked on

2022-01-16 10:06:11 - [TEST_STEP][PASSED] - selectOptionByValue(findTestObject("Object Repository/Page_Moodle Lch Xem chi tit thng Thng Ging 2022/select_1        2        3        4        _45ea30_1"), "15", true): All options with value '15' are selected in object 'Object Repository/Page_Moodle Lch Xem chi tit thng Thng Ging 2022/select_1        2        3        4        _45ea30_1'  using regular expression

2022-01-16 10:06:13 - [MESSAGE][PASSED] - All options with value '15' are selected in object 'Object Repository/Page_Moodle Lch Xem chi tit thng Thng Ging 2022/select_1        2        3        4        _45ea30_1'  using regular expression

2022-01-16 10:06:13 - [TEST_STEP][PASSED] - selectOptionByValue(findTestObject("Object Repository/Page_Moodle Lch Xem chi tit thng Thng Ging 2022/select_00        01        02        03    _f6e37b_1_2"), "16", true): All options with value '16' are selected in object 'Object Repository/Page_Moodle Lch Xem chi tit thng Thng Ging 2022/select_00        01        02        03    _f6e37b_1_2'  using regular expression

2022-01-16 10:06:16 - [MESSAGE][PASSED] - All options with value '16' are selected in object 'Object Repository/Page_Moodle Lch Xem chi tit thng Thng Ging 2022/select_00        01        02        03    _f6e37b_1_2'  using regular expression

2022-01-16 10:06:16 - [TEST_STEP][PASSED] - selectOptionByValue(findTestObject("Object Repository/Page_Moodle Lch Xem chi tit thng Thng Ging 2022/select_00        01        02        03    _f6e37b_1_2_3"), "30", true): All options with value '30' are selected in object 'Object Repository/Page_Moodle Lch Xem chi tit thng Thng Ging 2022/select_00        01        02        03    _f6e37b_1_2_3'  using regular expression

2022-01-16 10:06:20 - [MESSAGE][PASSED] - All options with value '30' are selected in object 'Object Repository/Page_Moodle Lch Xem chi tit thng Thng Ging 2022/select_00        01        02        03    _f6e37b_1_2_3'  using regular expression

2022-01-16 10:06:20 - [TEST_STEP][PASSED] - click(findTestObject("Object Repository/Page_Moodle Lch Xem chi tit thng Thng Ging 2022/button_Lu (2)")): Object: 'Object Repository/Page_Moodle Lch Xem chi tit thng Thng Ging 2022/button_Lu (2)' is clicked on

2022-01-16 10:06:30 - [MESSAGE][INFO] - Unable to find the element located by 'By.xpath: //button[@id='yui_3_17_2_1_1641916762423_604']'. Please recheck the objects properties to make sure the desired element is located. 

2022-01-16 10:06:30 - [MESSAGE][WARNING] - [SELF-HEALING] Failed to find element with id 'Object Repository/Page_Moodle Lch Xem chi tit thng Thng Ging 2022/button_Lu (2)'. Try using Self-healing.

2022-01-16 10:06:30 - [MESSAGE][WARNING] - [SELF-HEALING] The current locator of test object 'Object Repository/Page_Moodle Lch Xem chi tit thng Thng Ging 2022/button_Lu (2)' was broken. Propose an alternative one: '(.//*[normalize-space(text()) and normalize-space(.)='Lặp lại hàng tuần, tạo ra tất cả'])[1]/following::button[1]'.

2022-01-16 10:06:30 - [MESSAGE][PASSED] - Object: 'Object Repository/Page_Moodle Lch Xem chi tit thng Thng Ging 2022/button_Lu (2)' is clicked on

2022-01-16 10:06:30 - [TEST_STEP][PASSED] - closeBrowser(): Browser is closed

2022-01-16 10:06:35 - [MESSAGE][PASSED] - Browser is closed]]></system-out>
         <system-err><![CDATA[]]></system-err>
      </testcase>
      <testcase name="Test Cases/Student enroll course/Enroll Course" time="158.553" classname="Test Cases/Student enroll course/Enroll Course" status="PASSED">
         <system-out><![CDATA[2022-01-16 10:06:35 - [TEST_CASE][PASSED] - Test Cases/Student enroll course/Enroll Course: Test Cases/Student enroll course/Enroll Course

2022-01-16 10:06:35 - [TEST_STEP][PASSED] - openBrowser(""): Browser is opened with url: ''

2022-01-16 10:06:35 - [MESSAGE][INFO] - Starting 'Edge Chromium' driver

2022-01-16 10:06:39 - [MESSAGE][INFO] - Action delay is set to 0 milliseconds

2022-01-16 10:06:44 - [MESSAGE][PASSED] - Browser is opened with url: ''

2022-01-16 10:06:44 - [TEST_STEP][PASSED] - navigateToUrl("http://localhost/"): Navigate to 'http://localhost/' successfully

2022-01-16 10:06:49 - [MESSAGE][PASSED] - Navigate to 'http://localhost/' successfully

2022-01-16 10:06:49 - [TEST_STEP][PASSED] - click(findTestObject("Object Repository/Page_Local Moodle/a_Log in (23)")): Object: 'Object Repository/Page_Local Moodle/a_Log in (23)' is clicked on

2022-01-16 10:06:50 - [MESSAGE][PASSED] - Object: 'Object Repository/Page_Local Moodle/a_Log in (23)' is clicked on

2022-01-16 10:06:50 - [TEST_STEP][PASSED] - setText(findTestObject("Object Repository/Page_Local Moodle Log in to the site/input_Username_username (23)"), "hocvien"): Text 'hocvien' is set on object 'Object Repository/Page_Local Moodle Log in to the site/input_Username_username (23)'

2022-01-16 10:06:51 - [MESSAGE][PASSED] - Text 'hocvien' is set on object 'Object Repository/Page_Local Moodle Log in to the site/input_Username_username (23)'

2022-01-16 10:06:51 - [TEST_STEP][PASSED] - setEncryptedText(findTestObject("Object Repository/Page_Local Moodle Log in to the site/input_Password_password (23)"), "e0iuw4o+VG38P/PfCbIZUw=="): Text ****** has been set on object 'Object Repository/Page_Local Moodle Log in to the site/input_Password_password (23)'

2022-01-16 10:06:53 - [MESSAGE][PASSED] - Text ****** has been set on object 'Object Repository/Page_Local Moodle Log in to the site/input_Password_password (23)'

2022-01-16 10:06:53 - [TEST_STEP][PASSED] - click(findTestObject("Object Repository/Page_Local Moodle Log in to the site/button_Log in (23)")): Object: 'Object Repository/Page_Local Moodle Log in to the site/button_Log in (23)' is clicked on

2022-01-16 10:07:00 - [MESSAGE][PASSED] - Object: 'Object Repository/Page_Local Moodle Log in to the site/button_Log in (23)' is clicked on

2022-01-16 10:07:00 - [TEST_STEP][PASSED] - click(findTestObject("Object Repository/Page_Nh ca ti/span_Trang ch h thng (2)")): Object: 'Object Repository/Page_Nh ca ti/span_Trang ch h thng (2)' is clicked on

2022-01-16 10:07:20 - [MESSAGE][PASSED] - Object: 'Object Repository/Page_Nh ca ti/span_Trang ch h thng (2)' is clicked on

2022-01-16 10:07:20 - [TEST_STEP][PASSED] - click(findTestObject("Object Repository/Page_Local Moodle/a_Software Engineering 2")): Object: 'Object Repository/Page_Local Moodle/a_Software Engineering 2' is clicked on

2022-01-16 10:07:34 - [MESSAGE][PASSED] - Object: 'Object Repository/Page_Local Moodle/a_Software Engineering 2' is clicked on

2022-01-16 10:07:34 - [TEST_STEP][PASSED] - click(findTestObject("Object Repository/Page_SE2/input_Khng yu cu mt khu ng k_submitbutton (1)")): Object: 'Object Repository/Page_SE2/input_Khng yu cu mt khu ng k_submitbutton (1)' is clicked on

2022-01-16 10:08:28 - [MESSAGE][PASSED] - Object: 'Object Repository/Page_SE2/input_Khng yu cu mt khu ng k_submitbutton (1)' is clicked on

2022-01-16 10:08:28 - [TEST_STEP][PASSED] - click(findTestObject("Object Repository/Page_Kha Software Engineering 2/a_Software Engineering 2_action-menu-toggle-2")): Object: 'Object Repository/Page_Kha Software Engineering 2/a_Software Engineering 2_action-menu-toggle-2' is clicked on

2022-01-16 10:08:30 - [MESSAGE][PASSED] - Object: 'Object Repository/Page_Kha Software Engineering 2/a_Software Engineering 2_action-menu-toggle-2' is clicked on

2022-01-16 10:08:30 - [TEST_STEP][PASSED] - click(findTestObject("Object Repository/Page_Kha Software Engineering 2/a_Rt tn ti khi kho hc SE2_1")): Object: 'Object Repository/Page_Kha Software Engineering 2/a_Rt tn ti khi kho hc SE2_1' is clicked on

2022-01-16 10:08:39 - [MESSAGE][INFO] - Unable to find the element located by 'By.xpath: //a[@id='action_link61df942481b0b15']'. Please recheck the objects properties to make sure the desired element is located. 

2022-01-16 10:08:39 - [MESSAGE][WARNING] - [SELF-HEALING] Failed to find element with id 'Object Repository/Page_Kha Software Engineering 2/a_Rt tn ti khi kho hc SE2_1'. Try using Self-healing.

2022-01-16 10:08:39 - [MESSAGE][WARNING] - [SELF-HEALING] The current locator of test object 'Object Repository/Page_Kha Software Engineering 2/a_Rt tn ti khi kho hc SE2_1' was broken. Propose an alternative one: '//div[@id='action-menu-2-menu']/div/a'.

2022-01-16 10:08:56 - [MESSAGE][PASSED] - Object: 'Object Repository/Page_Kha Software Engineering 2/a_Rt tn ti khi kho hc SE2_1' is clicked on

2022-01-16 10:08:56 - [TEST_STEP][PASSED] - navigateToUrl("http://localhost/enrol/self/unenrolself.php?enrolid=9"): Navigate to 'http://localhost/enrol/self/unenrolself.php?enrolid=9' successfully

2022-01-16 10:08:56 - [MESSAGE][PASSED] - Navigate to 'http://localhost/enrol/self/unenrolself.php?enrolid=9' successfully

2022-01-16 10:08:56 - [TEST_STEP][PASSED] - click(findTestObject("Object Repository/Page_T ng k (Hc vin)/button_Tip tc_1")): Object: 'Object Repository/Page_T ng k (Hc vin)/button_Tip tc_1' is clicked on

2022-01-16 10:09:03 - [MESSAGE][INFO] - Unable to find the element located by 'By.xpath: //button[@id='single_button61df944a48d8118']'. Please recheck the objects properties to make sure the desired element is located. 

2022-01-16 10:09:03 - [MESSAGE][WARNING] - [SELF-HEALING] Failed to find element with id 'Object Repository/Page_T ng k (Hc vin)/button_Tip tc_1'. Try using Self-healing.

2022-01-16 10:09:04 - [MESSAGE][WARNING] - [SELF-HEALING] The current locator of test object 'Object Repository/Page_T ng k (Hc vin)/button_Tip tc_1' was broken. Propose an alternative one: '//div[@id='modal-footer']/div/div/form/button'.

2022-01-16 10:09:09 - [MESSAGE][PASSED] - Object: 'Object Repository/Page_T ng k (Hc vin)/button_Tip tc_1' is clicked on

2022-01-16 10:09:09 - [TEST_STEP][PASSED] - closeBrowser(): Browser is closed

2022-01-16 10:09:13 - [MESSAGE][PASSED] - Browser is closed]]></system-out>
         <system-err><![CDATA[]]></system-err>
      </testcase>
      <testcase name="Test Cases/Student enroll course/Enroll Course With Password" time="331.492" classname="Test Cases/Student enroll course/Enroll Course With Password" status="PASSED">
         <system-out><![CDATA[2022-01-16 10:09:13 - [TEST_CASE][PASSED] - Test Cases/Student enroll course/Enroll Course With Password: Test Cases/Student enroll course/Enroll Course With Password

2022-01-16 10:09:14 - [TEST_STEP][PASSED] - openBrowser(""): Browser is opened with url: ''

2022-01-16 10:09:14 - [MESSAGE][INFO] - Starting 'Edge Chromium' driver

2022-01-16 10:09:15 - [MESSAGE][INFO] - Action delay is set to 0 milliseconds

2022-01-16 10:09:18 - [MESSAGE][PASSED] - Browser is opened with url: ''

2022-01-16 10:09:18 - [TEST_STEP][PASSED] - navigateToUrl("http://localhost/"): Navigate to 'http://localhost/' successfully

2022-01-16 10:09:25 - [MESSAGE][PASSED] - Navigate to 'http://localhost/' successfully

2022-01-16 10:09:25 - [TEST_STEP][PASSED] - click(findTestObject("Object Repository/Page_Local Moodle/a_Log in (22)")): Object: 'Object Repository/Page_Local Moodle/a_Log in (22)' is clicked on

2022-01-16 10:09:26 - [MESSAGE][PASSED] - Object: 'Object Repository/Page_Local Moodle/a_Log in (22)' is clicked on

2022-01-16 10:09:26 - [TEST_STEP][PASSED] - setText(findTestObject("Object Repository/Page_Local Moodle Log in to the site/input_Username_username (22)"), "hocvien"): Text 'hocvien' is set on object 'Object Repository/Page_Local Moodle Log in to the site/input_Username_username (22)'

2022-01-16 10:09:27 - [MESSAGE][PASSED] - Text 'hocvien' is set on object 'Object Repository/Page_Local Moodle Log in to the site/input_Username_username (22)'

2022-01-16 10:09:27 - [TEST_STEP][PASSED] - setEncryptedText(findTestObject("Object Repository/Page_Local Moodle Log in to the site/input_Password_password (22)"), "e0iuw4o+VG38P/PfCbIZUw=="): Text ****** has been set on object 'Object Repository/Page_Local Moodle Log in to the site/input_Password_password (22)'

2022-01-16 10:09:27 - [MESSAGE][PASSED] - Text ****** has been set on object 'Object Repository/Page_Local Moodle Log in to the site/input_Password_password (22)'

2022-01-16 10:09:27 - [TEST_STEP][PASSED] - click(findTestObject("Object Repository/Page_Local Moodle Log in to the site/button_Log in (22)")): Object: 'Object Repository/Page_Local Moodle Log in to the site/button_Log in (22)' is clicked on

2022-01-16 10:10:16 - [MESSAGE][PASSED] - Object: 'Object Repository/Page_Local Moodle Log in to the site/button_Log in (22)' is clicked on

2022-01-16 10:10:16 - [TEST_STEP][PASSED] - click(findTestObject("Object Repository/Page_Nh ca ti/span_Trang ch h thng (1)")): Object: 'Object Repository/Page_Nh ca ti/span_Trang ch h thng (1)' is clicked on

2022-01-16 10:12:18 - [MESSAGE][PASSED] - Object: 'Object Repository/Page_Nh ca ti/span_Trang ch h thng (1)' is clicked on

2022-01-16 10:12:18 - [TEST_STEP][PASSED] - click(findTestObject("Object Repository/Page_Local Moodle/a_Software Engineering 3")): Object: 'Object Repository/Page_Local Moodle/a_Software Engineering 3' is clicked on

2022-01-16 10:13:02 - [MESSAGE][PASSED] - Object: 'Object Repository/Page_Local Moodle/a_Software Engineering 3' is clicked on

2022-01-16 10:13:02 - [TEST_STEP][PASSED] - setEncryptedText(findTestObject("Object Repository/Page_SE3/input_Mt khu ng k_enrolpassword"), "tzH6RvlfSTg="): Text ****** has been set on object 'Object Repository/Page_SE3/input_Mt khu ng k_enrolpassword'

2022-01-16 10:13:10 - [MESSAGE][INFO] - Unable to find the element located by 'By.xpath: //input[@id='enrolpassword_10']'. Please recheck the objects properties to make sure the desired element is located. 

2022-01-16 10:13:10 - [MESSAGE][WARNING] - [SELF-HEALING] Failed to find element with id 'Object Repository/Page_SE3/input_Mt khu ng k_enrolpassword'. Try using Self-healing.

2022-01-16 10:13:12 - [MESSAGE][WARNING] - [SELF-HEALING] The current locator of test object 'Object Repository/Page_SE3/input_Mt khu ng k_enrolpassword' was broken. Propose an alternative one: '//div[2]/input'.

2022-01-16 10:13:12 - [MESSAGE][PASSED] - Text ****** has been set on object 'Object Repository/Page_SE3/input_Mt khu ng k_enrolpassword'

2022-01-16 10:13:12 - [TEST_STEP][PASSED] - click(findTestObject("Object Repository/Page_SE3/input_Mt khu ng k_submitbutton")): Object: 'Object Repository/Page_SE3/input_Mt khu ng k_submitbutton' is clicked on

2022-01-16 10:13:22 - [MESSAGE][PASSED] - Object: 'Object Repository/Page_SE3/input_Mt khu ng k_submitbutton' is clicked on

2022-01-16 10:13:22 - [TEST_STEP][PASSED] - click(findTestObject("Object Repository/Page_Kha Software Engineering 3/a_Software Engineering 3_action-menu-toggle-2")): Object: 'Object Repository/Page_Kha Software Engineering 3/a_Software Engineering 3_action-menu-toggle-2' is clicked on

2022-01-16 10:13:25 - [MESSAGE][PASSED] - Object: 'Object Repository/Page_Kha Software Engineering 3/a_Software Engineering 3_action-menu-toggle-2' is clicked on

2022-01-16 10:13:25 - [TEST_STEP][PASSED] - click(findTestObject("Object Repository/Page_Kha Software Engineering 3/a_Rt tn ti khi kho hc SE3")): Object: 'Object Repository/Page_Kha Software Engineering 3/a_Rt tn ti khi kho hc SE3' is clicked on

2022-01-16 10:13:33 - [MESSAGE][INFO] - Unable to find the element located by 'By.xpath: //a[@id='action_link61df954ab14a415']'. Please recheck the objects properties to make sure the desired element is located. 

2022-01-16 10:13:33 - [MESSAGE][WARNING] - [SELF-HEALING] Failed to find element with id 'Object Repository/Page_Kha Software Engineering 3/a_Rt tn ti khi kho hc SE3'. Try using Self-healing.

2022-01-16 10:13:35 - [MESSAGE][WARNING] - [SELF-HEALING] The current locator of test object 'Object Repository/Page_Kha Software Engineering 3/a_Rt tn ti khi kho hc SE3' was broken. Propose an alternative one: '//div[@id='action-menu-2-menu']/div/a'.

2022-01-16 10:13:43 - [MESSAGE][PASSED] - Object: 'Object Repository/Page_Kha Software Engineering 3/a_Rt tn ti khi kho hc SE3' is clicked on

2022-01-16 10:13:43 - [TEST_STEP][PASSED] - navigateToUrl("http://localhost/enrol/self/unenrolself.php?enrolid=12"): Navigate to 'http://localhost/enrol/self/unenrolself.php?enrolid=12' successfully

2022-01-16 10:13:59 - [MESSAGE][PASSED] - Navigate to 'http://localhost/enrol/self/unenrolself.php?enrolid=12' successfully

2022-01-16 10:13:59 - [TEST_STEP][PASSED] - click(findTestObject("Object Repository/Page_T ng k (Hc vin)/button_Tip tc")): Object: 'Object Repository/Page_T ng k (Hc vin)/button_Tip tc' is clicked on

2022-01-16 10:14:08 - [MESSAGE][INFO] - Unable to find the element located by 'By.xpath: //button[@id='single_button61df955b6a6e218']'. Please recheck the objects properties to make sure the desired element is located. 

2022-01-16 10:14:08 - [MESSAGE][WARNING] - [SELF-HEALING] Failed to find element with id 'Object Repository/Page_T ng k (Hc vin)/button_Tip tc'. Try using Self-healing.

2022-01-16 10:14:10 - [MESSAGE][WARNING] - [SELF-HEALING] The current locator of test object 'Object Repository/Page_T ng k (Hc vin)/button_Tip tc' was broken. Propose an alternative one: '//div[@id='modal-footer']/div/div/form/button'.

2022-01-16 10:14:38 - [MESSAGE][PASSED] - Object: 'Object Repository/Page_T ng k (Hc vin)/button_Tip tc' is clicked on

2022-01-16 10:14:38 - [TEST_STEP][PASSED] - closeBrowser(): Browser is closed

2022-01-16 10:14:45 - [MESSAGE][PASSED] - Browser is closed]]></system-out>
         <system-err><![CDATA[]]></system-err>
      </testcase>
      <testcase name="Test Cases/Students check events on calendar/Asignment event" time="230.782" classname="Test Cases/Students check events on calendar/Asignment event" status="PASSED">
         <system-out><![CDATA[2022-01-16 10:15:13 - [TEST_CASE][PASSED] - Test Cases/Students check events on calendar/Asignment event: Test Cases/Students check events on calendar/Asignment event

2022-01-16 10:15:13 - [TEST_STEP][PASSED] - openBrowser(""): Browser is opened with url: ''

2022-01-16 10:15:13 - [MESSAGE][INFO] - Starting 'Edge Chromium' driver

2022-01-16 10:15:13 - [MESSAGE][INFO] - Action delay is set to 0 milliseconds

2022-01-16 10:15:22 - [MESSAGE][PASSED] - Browser is opened with url: ''

2022-01-16 10:15:22 - [TEST_STEP][PASSED] - navigateToUrl("http://localhost/"): Navigate to 'http://localhost/' successfully

2022-01-16 10:15:33 - [MESSAGE][PASSED] - Navigate to 'http://localhost/' successfully

2022-01-16 10:15:33 - [TEST_STEP][PASSED] - click(findTestObject("Object Repository/Students check events on calendar/Page_Local Moodle/a_Log in")): Object: 'Object Repository/Students check events on calendar/Page_Local Moodle/a_Log in' is clicked on

2022-01-16 10:15:34 - [MESSAGE][PASSED] - Object: 'Object Repository/Students check events on calendar/Page_Local Moodle/a_Log in' is clicked on

2022-01-16 10:15:34 - [TEST_STEP][PASSED] - setText(findTestObject("Object Repository/Students check events on calendar/Page_Local Moodle Log in to the site/input_Username_username"), "gv01"): Text 'gv01' is set on object 'Object Repository/Students check events on calendar/Page_Local Moodle Log in to the site/input_Username_username'

2022-01-16 10:15:35 - [MESSAGE][PASSED] - Text 'gv01' is set on object 'Object Repository/Students check events on calendar/Page_Local Moodle Log in to the site/input_Username_username'

2022-01-16 10:15:35 - [TEST_STEP][PASSED] - setEncryptedText(findTestObject("Object Repository/Students check events on calendar/Page_Local Moodle Log in to the site/input_Password_password"), "RigbBhfdqOAWw2eOk0+aVg=="): Text ****** has been set on object 'Object Repository/Students check events on calendar/Page_Local Moodle Log in to the site/input_Password_password'

2022-01-16 10:15:37 - [MESSAGE][PASSED] - Text ****** has been set on object 'Object Repository/Students check events on calendar/Page_Local Moodle Log in to the site/input_Password_password'

2022-01-16 10:15:37 - [TEST_STEP][PASSED] - click(findTestObject("Object Repository/Students check events on calendar/Page_Local Moodle Log in to the site/button_Log in")): Object: 'Object Repository/Students check events on calendar/Page_Local Moodle Log in to the site/button_Log in' is clicked on

2022-01-16 10:15:39 - [MESSAGE][PASSED] - Object: 'Object Repository/Students check events on calendar/Page_Local Moodle Log in to the site/button_Log in' is clicked on

2022-01-16 10:15:39 - [TEST_STEP][PASSED] - verifyElementClickable(findTestObject("Object Repository/Students check events on calendar/Page_Nh ca ti/span_Nhp mn cng ngh phn mm")): Object 'Object Repository/Students check events on calendar/Page_Nh ca ti/span_Nhp mn cng ngh phn mm' is clickable

2022-01-16 10:15:41 - [MESSAGE][PASSED] - Object 'Object Repository/Students check events on calendar/Page_Nh ca ti/span_Nhp mn cng ngh phn mm' is clickable

2022-01-16 10:15:41 - [TEST_STEP][PASSED] - click(findTestObject("Object Repository/Students check events on calendar/Page_Nh ca ti/span_Nhp mn cng ngh phn mm")): Object: 'Object Repository/Students check events on calendar/Page_Nh ca ti/span_Nhp mn cng ngh phn mm' is clicked on

2022-01-16 10:15:53 - [MESSAGE][PASSED] - Object: 'Object Repository/Students check events on calendar/Page_Nh ca ti/span_Nhp mn cng ngh phn mm' is clicked on

2022-01-16 10:15:53 - [TEST_STEP][PASSED] - verifyElementClickable(findTestObject("Object Repository/Students check events on calendar/Page_Kha Nhp mn cng ngh phn mm/button_Bt ch  chnh sa")): Object 'Object Repository/Students check events on calendar/Page_Kha Nhp mn cng ngh phn mm/button_Bt ch  chnh sa' is clickable

2022-01-16 10:16:00 - [MESSAGE][INFO] - Unable to find the element located by 'By.xpath: //button[@id='single_button61e174d8acd921']'. Please recheck the objects properties to make sure the desired element is located. 

2022-01-16 10:16:00 - [MESSAGE][WARNING] - [SELF-HEALING] Failed to find element with id 'Object Repository/Students check events on calendar/Page_Kha Nhp mn cng ngh phn mm/button_Bt ch  chnh sa'. Try using Self-healing.

2022-01-16 10:16:00 - [MESSAGE][WARNING] - [SELF-HEALING] The current locator of test object 'Object Repository/Students check events on calendar/Page_Kha Nhp mn cng ngh phn mm/button_Bt ch  chnh sa' was broken. Propose an alternative one: '//header[@id='page-header']/div/div/div/div[2]/div[2]/div/form/button'.

2022-01-16 10:16:00 - [MESSAGE][PASSED] - Object 'Object Repository/Students check events on calendar/Page_Kha Nhp mn cng ngh phn mm/button_Bt ch  chnh sa' is clickable

2022-01-16 10:16:00 - [TEST_STEP][PASSED] - verifyElementText(findTestObject("Object Repository/Students check events on calendar/Page_Kha Nhp mn cng ngh phn mm/button_Bt ch  chnh sa"), "Bật chế độ chỉnh sửa"): Actual text and expected text of test object 'Object Repository/Students check events on calendar/Page_Kha Nhp mn cng ngh phn mm/button_Bt ch  chnh sa' are matched.

2022-01-16 10:16:06 - [MESSAGE][INFO] - Unable to find the element located by 'By.xpath: //button[@id='single_button61e174d8acd921']'. Please recheck the objects properties to make sure the desired element is located. 

2022-01-16 10:16:06 - [MESSAGE][WARNING] - [SELF-HEALING] Failed to find element with id 'Object Repository/Students check events on calendar/Page_Kha Nhp mn cng ngh phn mm/button_Bt ch  chnh sa'. Try using Self-healing.

2022-01-16 10:16:07 - [MESSAGE][WARNING] - [SELF-HEALING] The current locator of test object 'Object Repository/Students check events on calendar/Page_Kha Nhp mn cng ngh phn mm/button_Bt ch  chnh sa' was broken. Propose an alternative one: '//header[@id='page-header']/div/div/div/div[2]/div[2]/div/form/button'.

2022-01-16 10:16:07 - [MESSAGE][PASSED] - Actual text and expected text of test object 'Object Repository/Students check events on calendar/Page_Kha Nhp mn cng ngh phn mm/button_Bt ch  chnh sa' are matched.

2022-01-16 10:16:07 - [TEST_STEP][PASSED] - click(findTestObject("Object Repository/Students check events on calendar/Page_Kha Nhp mn cng ngh phn mm/button_Bt ch  chnh sa")): Object: 'Object Repository/Students check events on calendar/Page_Kha Nhp mn cng ngh phn mm/button_Bt ch  chnh sa' is clicked on

2022-01-16 10:16:13 - [MESSAGE][INFO] - Unable to find the element located by 'By.xpath: //button[@id='single_button61e174d8acd921']'. Please recheck the objects properties to make sure the desired element is located. 

2022-01-16 10:16:13 - [MESSAGE][WARNING] - [SELF-HEALING] Failed to find element with id 'Object Repository/Students check events on calendar/Page_Kha Nhp mn cng ngh phn mm/button_Bt ch  chnh sa'. Try using Self-healing.

2022-01-16 10:16:13 - [MESSAGE][WARNING] - [SELF-HEALING] The current locator of test object 'Object Repository/Students check events on calendar/Page_Kha Nhp mn cng ngh phn mm/button_Bt ch  chnh sa' was broken. Propose an alternative one: '//header[@id='page-header']/div/div/div/div[2]/div[2]/div/form/button'.

2022-01-16 10:16:24 - [MESSAGE][PASSED] - Object: 'Object Repository/Students check events on calendar/Page_Kha Nhp mn cng ngh phn mm/button_Bt ch  chnh sa' is clicked on

2022-01-16 10:16:24 - [TEST_STEP][PASSED] - verifyElementText(findTestObject("Object Repository/Students check events on calendar/Page_Kha Nhp mn cng ngh phn mm/span_Thm hot ng hoc ti nguyn"), "Thêm hoạt động hoặc tài nguyên"): Actual text and expected text of test object 'Object Repository/Students check events on calendar/Page_Kha Nhp mn cng ngh phn mm/span_Thm hot ng hoc ti nguyn' are matched.

2022-01-16 10:16:31 - [MESSAGE][INFO] - Unable to find the element located by 'By.xpath: //span[@id='yui_3_17_2_1_1642165488702_701']'. Please recheck the objects properties to make sure the desired element is located. 

2022-01-16 10:16:31 - [MESSAGE][WARNING] - [SELF-HEALING] Failed to find element with id 'Object Repository/Students check events on calendar/Page_Kha Nhp mn cng ngh phn mm/span_Thm hot ng hoc ti nguyn'. Try using Self-healing.

2022-01-16 10:16:31 - [MESSAGE][WARNING] - [SELF-HEALING] The current locator of test object 'Object Repository/Students check events on calendar/Page_Kha Nhp mn cng ngh phn mm/span_Thm hot ng hoc ti nguyn' was broken. Propose an alternative one: '(.//*[normalize-space(text()) and normalize-space(.)='Thêm tập tin ở đây'])[1]/following::span[1]'.

2022-01-16 10:16:33 - [MESSAGE][PASSED] - Actual text and expected text of test object 'Object Repository/Students check events on calendar/Page_Kha Nhp mn cng ngh phn mm/span_Thm hot ng hoc ti nguyn' are matched.

2022-01-16 10:16:33 - [TEST_STEP][PASSED] - click(findTestObject("Object Repository/Students check events on calendar/Page_Kha Nhp mn cng ngh phn mm/span_Thm hot ng hoc ti nguyn")): Object: 'Object Repository/Students check events on calendar/Page_Kha Nhp mn cng ngh phn mm/span_Thm hot ng hoc ti nguyn' is clicked on

2022-01-16 10:16:43 - [MESSAGE][INFO] - Unable to find the element located by 'By.xpath: //span[@id='yui_3_17_2_1_1642165488702_701']'. Please recheck the objects properties to make sure the desired element is located. 

2022-01-16 10:16:43 - [MESSAGE][WARNING] - [SELF-HEALING] Failed to find element with id 'Object Repository/Students check events on calendar/Page_Kha Nhp mn cng ngh phn mm/span_Thm hot ng hoc ti nguyn'. Try using Self-healing.

2022-01-16 10:16:43 - [MESSAGE][WARNING] - [SELF-HEALING] The current locator of test object 'Object Repository/Students check events on calendar/Page_Kha Nhp mn cng ngh phn mm/span_Thm hot ng hoc ti nguyn' was broken. Propose an alternative one: '(.//*[normalize-space(text()) and normalize-space(.)='Thêm tập tin ở đây'])[1]/following::span[1]'.

2022-01-16 10:16:43 - [MESSAGE][PASSED] - Object: 'Object Repository/Students check events on calendar/Page_Kha Nhp mn cng ngh phn mm/span_Thm hot ng hoc ti nguyn' is clicked on

2022-01-16 10:16:43 - [TEST_STEP][PASSED] - verifyElementClickable(findTestObject("Object Repository/Students check events on calendar/Page_Kha Nhp mn cng ngh phn mm/div_Bi tp")): Object 'Object Repository/Students check events on calendar/Page_Kha Nhp mn cng ngh phn mm/div_Bi tp' is clickable

2022-01-16 10:16:56 - [MESSAGE][INFO] - Unable to find the element located by 'By.xpath: //div[@id='all-4']/div/div[3]/div/a/div[2]'. Please recheck the objects properties to make sure the desired element is located. 

2022-01-16 10:16:56 - [MESSAGE][WARNING] - [SELF-HEALING] Failed to find element with id 'Object Repository/Students check events on calendar/Page_Kha Nhp mn cng ngh phn mm/div_Bi tp'. Try using Self-healing.

2022-01-16 10:16:56 - [MESSAGE][WARNING] - [SELF-HEALING] The current locator of test object 'Object Repository/Students check events on calendar/Page_Kha Nhp mn cng ngh phn mm/div_Bi tp' was broken. Propose an alternative one: '(.//*[normalize-space(text()) and normalize-space(.)='Bài học'])[1]/following::div[5]'.

2022-01-16 10:16:56 - [MESSAGE][PASSED] - Object 'Object Repository/Students check events on calendar/Page_Kha Nhp mn cng ngh phn mm/div_Bi tp' is clickable

2022-01-16 10:16:56 - [TEST_STEP][PASSED] - verifyElementText(findTestObject("Object Repository/Students check events on calendar/Page_Kha Nhp mn cng ngh phn mm/div_Bi tp"), "Bài tập"): Actual text and expected text of test object 'Object Repository/Students check events on calendar/Page_Kha Nhp mn cng ngh phn mm/div_Bi tp' are matched.

2022-01-16 10:17:03 - [MESSAGE][INFO] - Unable to find the element located by 'By.xpath: //div[@id='all-4']/div/div[3]/div/a/div[2]'. Please recheck the objects properties to make sure the desired element is located. 

2022-01-16 10:17:03 - [MESSAGE][WARNING] - [SELF-HEALING] Failed to find element with id 'Object Repository/Students check events on calendar/Page_Kha Nhp mn cng ngh phn mm/div_Bi tp'. Try using Self-healing.

2022-01-16 10:17:03 - [MESSAGE][WARNING] - [SELF-HEALING] The current locator of test object 'Object Repository/Students check events on calendar/Page_Kha Nhp mn cng ngh phn mm/div_Bi tp' was broken. Propose an alternative one: '(.//*[normalize-space(text()) and normalize-space(.)='Bài học'])[1]/following::div[5]'.

2022-01-16 10:17:03 - [MESSAGE][PASSED] - Actual text and expected text of test object 'Object Repository/Students check events on calendar/Page_Kha Nhp mn cng ngh phn mm/div_Bi tp' are matched.

2022-01-16 10:17:03 - [TEST_STEP][PASSED] - click(findTestObject("Object Repository/Students check events on calendar/Page_Kha Nhp mn cng ngh phn mm/div_Bi tp")): Object: 'Object Repository/Students check events on calendar/Page_Kha Nhp mn cng ngh phn mm/div_Bi tp' is clicked on

2022-01-16 10:17:11 - [MESSAGE][INFO] - Unable to find the element located by 'By.xpath: //div[@id='all-4']/div/div[3]/div/a/div[2]'. Please recheck the objects properties to make sure the desired element is located. 

2022-01-16 10:17:11 - [MESSAGE][WARNING] - [SELF-HEALING] Failed to find element with id 'Object Repository/Students check events on calendar/Page_Kha Nhp mn cng ngh phn mm/div_Bi tp'. Try using Self-healing.

2022-01-16 10:17:13 - [MESSAGE][WARNING] - [SELF-HEALING] The current locator of test object 'Object Repository/Students check events on calendar/Page_Kha Nhp mn cng ngh phn mm/div_Bi tp' was broken. Propose an alternative one: '(.//*[normalize-space(text()) and normalize-space(.)='Bài học'])[1]/following::div[5]'.

2022-01-16 10:17:34 - [MESSAGE][PASSED] - Object: 'Object Repository/Students check events on calendar/Page_Kha Nhp mn cng ngh phn mm/div_Bi tp' is clicked on

2022-01-16 10:17:34 - [TEST_STEP][PASSED] - setText(findTestObject("Object Repository/Students check events on calendar/Page_Bin son Bi tp/input_Tn bi tp_name"), "Bài tập quiz"): Text 'Bài tập quiz' is set on object 'Object Repository/Students check events on calendar/Page_Bin son Bi tp/input_Tn bi tp_name'

2022-01-16 10:17:40 - [MESSAGE][PASSED] - Text 'Bài tập quiz' is set on object 'Object Repository/Students check events on calendar/Page_Bin son Bi tp/input_Tn bi tp_name'

2022-01-16 10:17:40 - [TEST_STEP][PASSED] - click(findTestObject("Object Repository/Students check events on calendar/Page_Bin son Bi tp/p_Kim tra tnh nng")): Object: 'Object Repository/Students check events on calendar/Page_Bin son Bi tp/p_Kim tra tnh nng' is clicked on

2022-01-16 10:17:42 - [MESSAGE][PASSED] - Object: 'Object Repository/Students check events on calendar/Page_Bin son Bi tp/p_Kim tra tnh nng' is clicked on

2022-01-16 10:17:42 - [TEST_STEP][PASSED] - setText(findTestObject("Object Repository/Students check events on calendar/Page_Bin son Bi tp/div_Kim tra tnh nng"), "Kiểm tra tính năng"): Text 'Kiểm tra tính năng' is set on object 'Object Repository/Students check events on calendar/Page_Bin son Bi tp/div_Kim tra tnh nng'

2022-01-16 10:17:47 - [MESSAGE][PASSED] - Text 'Kiểm tra tính năng' is set on object 'Object Repository/Students check events on calendar/Page_Bin son Bi tp/div_Kim tra tnh nng'

2022-01-16 10:17:47 - [TEST_STEP][PASSED] - selectOptionByValue(findTestObject("Object Repository/Students check events on calendar/Page_Bin son Bi tp/select_1        2        3        4        _45ea30"), "28", true): All options with value '28' are selected in object 'Object Repository/Students check events on calendar/Page_Bin son Bi tp/select_1        2        3        4        _45ea30'  using regular expression

2022-01-16 10:17:55 - [MESSAGE][INFO] - Unable to find the element located by 'By.xpath: '. Please recheck the objects properties to make sure the desired element is located. 

2022-01-16 10:17:55 - [MESSAGE][WARNING] - [SELF-HEALING] Failed to find element with id 'Object Repository/Students check events on calendar/Page_Bin son Bi tp/select_1        2        3        4        _45ea30'. Try using Self-healing.

2022-01-16 10:17:57 - [MESSAGE][INFO] - [SELF-HEALING] Working Locator: '//select[@id='id_duedate_day']'.

2022-01-16 10:18:07 - [MESSAGE][INFO] - [SELF-HEALING] Screenshot: E:/xampp/htdocs/moodle/Test Automation - SE Bonus/Reports/Self-healing/Object Repository/Students check events on calendar/Page_Bin son Bi tp/select_1        2        3        4        _45ea30_attributes.png

2022-01-16 10:18:07 - [MESSAGE][WARNING] - [SELF-HEALING] The current locator of test object 'Object Repository/Students check events on calendar/Page_Bin son Bi tp/select_1        2        3        4        _45ea30' was broken. Propose an alternative one: '//select[@id='id_duedate_day']'.

2022-01-16 10:18:10 - [MESSAGE][PASSED] - All options with value '28' are selected in object 'Object Repository/Students check events on calendar/Page_Bin son Bi tp/select_1        2        3        4        _45ea30'  using regular expression

2022-01-16 10:18:10 - [TEST_STEP][PASSED] - verifyElementText(findTestObject("Object Repository/Students check events on calendar/Page_Bin son Bi tp/input_Upon activity completion_submitbutton"), ""): Actual text and expected text of test object 'Object Repository/Students check events on calendar/Page_Bin son Bi tp/input_Upon activity completion_submitbutton' are matched.

2022-01-16 10:18:11 - [MESSAGE][PASSED] - Actual text and expected text of test object 'Object Repository/Students check events on calendar/Page_Bin son Bi tp/input_Upon activity completion_submitbutton' are matched.

2022-01-16 10:18:11 - [TEST_STEP][PASSED] - verifyElementClickable(findTestObject("Object Repository/Students check events on calendar/Page_Bin son Bi tp/input_Upon activity completion_submitbutton")): Object 'Object Repository/Students check events on calendar/Page_Bin son Bi tp/input_Upon activity completion_submitbutton' is clickable

2022-01-16 10:18:11 - [MESSAGE][PASSED] - Object 'Object Repository/Students check events on calendar/Page_Bin son Bi tp/input_Upon activity completion_submitbutton' is clickable

2022-01-16 10:18:11 - [TEST_STEP][PASSED] - click(findTestObject("Object Repository/Students check events on calendar/Page_Bin son Bi tp/input_Upon activity completion_submitbutton")): Object: 'Object Repository/Students check events on calendar/Page_Bin son Bi tp/input_Upon activity completion_submitbutton' is clicked on

2022-01-16 10:18:13 - [MESSAGE][PASSED] - Object: 'Object Repository/Students check events on calendar/Page_Bin son Bi tp/input_Upon activity completion_submitbutton' is clicked on

2022-01-16 10:18:13 - [TEST_STEP][PASSED] - verifyElementText(findTestObject("Object Repository/Students check events on calendar/Page_NM CNPM Bi tp quiz/div_Kim tra tnh nng"), "Kiểm tra tính năng"): Actual text and expected text of test object 'Object Repository/Students check events on calendar/Page_NM CNPM Bi tp quiz/div_Kim tra tnh nng' are matched.

2022-01-16 10:18:14 - [MESSAGE][PASSED] - Actual text and expected text of test object 'Object Repository/Students check events on calendar/Page_NM CNPM Bi tp quiz/div_Kim tra tnh nng' are matched.

2022-01-16 10:18:14 - [TEST_STEP][PASSED] - click(findTestObject("Object Repository/Students check events on calendar/Page_NM CNPM Bi tp quiz/a_Van Luyen Le")): Object: 'Object Repository/Students check events on calendar/Page_NM CNPM Bi tp quiz/a_Van Luyen Le' is clicked on

2022-01-16 10:18:15 - [MESSAGE][PASSED] - Object: 'Object Repository/Students check events on calendar/Page_NM CNPM Bi tp quiz/a_Van Luyen Le' is clicked on

2022-01-16 10:18:15 - [TEST_STEP][PASSED] - click(findTestObject("Object Repository/Students check events on calendar/Page_NM CNPM Bi tp quiz/span_Thot")): Object: 'Object Repository/Students check events on calendar/Page_NM CNPM Bi tp quiz/span_Thot' is clicked on

2022-01-16 10:18:16 - [MESSAGE][PASSED] - Object: 'Object Repository/Students check events on calendar/Page_NM CNPM Bi tp quiz/span_Thot' is clicked on

2022-01-16 10:18:16 - [TEST_STEP][PASSED] - click(findTestObject("Object Repository/Students check events on calendar/Page_Local Moodle/a_Log in")): Object: 'Object Repository/Students check events on calendar/Page_Local Moodle/a_Log in' is clicked on

2022-01-16 10:18:17 - [MESSAGE][PASSED] - Object: 'Object Repository/Students check events on calendar/Page_Local Moodle/a_Log in' is clicked on

2022-01-16 10:18:17 - [TEST_STEP][PASSED] - setText(findTestObject("Object Repository/Students check events on calendar/Page_Local Moodle Log in to the site/input_Username_username"), "hs01"): Text 'hs01' is set on object 'Object Repository/Students check events on calendar/Page_Local Moodle Log in to the site/input_Username_username'

2022-01-16 10:18:18 - [MESSAGE][PASSED] - Text 'hs01' is set on object 'Object Repository/Students check events on calendar/Page_Local Moodle Log in to the site/input_Username_username'

2022-01-16 10:18:18 - [TEST_STEP][PASSED] - setEncryptedText(findTestObject("Object Repository/Students check events on calendar/Page_Local Moodle Log in to the site/input_Password_password"), "o5TCnEIIWq2SeGQhIMNXLQ=="): Text ****** has been set on object 'Object Repository/Students check events on calendar/Page_Local Moodle Log in to the site/input_Password_password'

2022-01-16 10:18:18 - [MESSAGE][PASSED] - Text ****** has been set on object 'Object Repository/Students check events on calendar/Page_Local Moodle Log in to the site/input_Password_password'

2022-01-16 10:18:18 - [TEST_STEP][PASSED] - click(findTestObject("Object Repository/Students check events on calendar/Page_Local Moodle Log in to the site/button_Log in")): Object: 'Object Repository/Students check events on calendar/Page_Local Moodle Log in to the site/button_Log in' is clicked on

2022-01-16 10:18:20 - [MESSAGE][PASSED] - Object: 'Object Repository/Students check events on calendar/Page_Local Moodle Log in to the site/button_Log in' is clicked on

2022-01-16 10:18:20 - [TEST_STEP][PASSED] - verifyElementClickable(findTestObject("Object Repository/Students check events on calendar/Page_Nh ca ti/a_28")): Object 'Object Repository/Students check events on calendar/Page_Nh ca ti/a_28' is clickable

2022-01-16 10:18:26 - [MESSAGE][INFO] - Unable to find the element located by 'By.xpath: //a[@id='calendar-day-popover-link-1-2022-27-3']'. Please recheck the objects properties to make sure the desired element is located. 

2022-01-16 10:18:26 - [MESSAGE][WARNING] - [SELF-HEALING] Failed to find element with id 'Object Repository/Students check events on calendar/Page_Nh ca ti/a_28'. Try using Self-healing.

2022-01-16 10:18:27 - [MESSAGE][INFO] - [SELF-HEALING] Failed Locator: '//a[@id='calendar-day-popover-link-1-2022-27-3']'.

2022-01-16 10:18:27 - [MESSAGE][INFO] - [SELF-HEALING] Failed Locator: '//td[@id='yui_3_17_2_1_1642165182668_540']/a'.

2022-01-16 10:18:27 - [MESSAGE][INFO] - [SELF-HEALING] Working Locator: '//a[contains(text(),'28')]'.

2022-01-16 10:18:28 - [MESSAGE][INFO] - [SELF-HEALING] Screenshot: E:/xampp/htdocs/moodle/Test Automation - SE Bonus/Reports/Self-healing/Object Repository/Students check events on calendar/Page_Nh ca ti/a_28_link.png

2022-01-16 10:18:28 - [MESSAGE][WARNING] - [SELF-HEALING] The current locator of test object 'Object Repository/Students check events on calendar/Page_Nh ca ti/a_28' was broken. Propose an alternative one: '//a[contains(text(),'28')]'.

2022-01-16 10:18:28 - [MESSAGE][PASSED] - Object 'Object Repository/Students check events on calendar/Page_Nh ca ti/a_28' is clickable

2022-01-16 10:18:28 - [TEST_STEP][PASSED] - click(findTestObject("Object Repository/Students check events on calendar/Page_Nh ca ti/a_28")): Object: 'Object Repository/Students check events on calendar/Page_Nh ca ti/a_28' is clicked on

2022-01-16 10:18:35 - [MESSAGE][INFO] - Unable to find the element located by 'By.xpath: //a[@id='calendar-day-popover-link-1-2022-27-3']'. Please recheck the objects properties to make sure the desired element is located. 

2022-01-16 10:18:35 - [MESSAGE][WARNING] - [SELF-HEALING] Failed to find element with id 'Object Repository/Students check events on calendar/Page_Nh ca ti/a_28'. Try using Self-healing.

2022-01-16 10:18:35 - [MESSAGE][WARNING] - [SELF-HEALING] The current locator of test object 'Object Repository/Students check events on calendar/Page_Nh ca ti/a_28' was broken. Propose an alternative one: '//a[contains(text(),'28')]'.

2022-01-16 10:18:37 - [MESSAGE][PASSED] - Object: 'Object Repository/Students check events on calendar/Page_Nh ca ti/a_28' is clicked on

2022-01-16 10:18:37 - [TEST_STEP][PASSED] - verifyElementText(findTestObject("Object Repository/Students check events on calendar/Page_Moodle Lch Xem ngy Th Su, 14 Thng Ging 2022/a_Thm bi np"), "Thêm bài nộp"): Actual text and expected text of test object 'Object Repository/Students check events on calendar/Page_Moodle Lch Xem ngy Th Su, 14 Thng Ging 2022/a_Thm bi np' are matched.

2022-01-16 10:18:43 - [MESSAGE][INFO] - Unable to find the element located by 'By.xpath: //div[@id='calendar-day-61d730798b7de61d730796c43320']/div[2]/div[2]/div/div/div[3]/a'. Please recheck the objects properties to make sure the desired element is located. 

2022-01-16 10:18:43 - [MESSAGE][WARNING] - [SELF-HEALING] Failed to find element with id 'Object Repository/Students check events on calendar/Page_Moodle Lch Xem ngy Th Su, 14 Thng Ging 2022/a_Thm bi np'. Try using Self-healing.

2022-01-16 10:18:44 - [MESSAGE][WARNING] - [SELF-HEALING] The current locator of test object 'Object Repository/Students check events on calendar/Page_Moodle Lch Xem ngy Th Su, 14 Thng Ging 2022/a_Thm bi np' was broken. Propose an alternative one: '(.//*[normalize-space(text()) and normalize-space(.)='Xuất lịch biểu'])[1]/preceding::a[1]'.

2022-01-16 10:18:44 - [MESSAGE][PASSED] - Actual text and expected text of test object 'Object Repository/Students check events on calendar/Page_Moodle Lch Xem ngy Th Su, 14 Thng Ging 2022/a_Thm bi np' are matched.

2022-01-16 10:18:44 - [TEST_STEP][PASSED] - verifyElementClickable(findTestObject("Object Repository/Students check events on calendar/Page_Moodle Lch Xem ngy Th Su, 14 Thng Ging 2022/a_Thm bi np")): Object 'Object Repository/Students check events on calendar/Page_Moodle Lch Xem ngy Th Su, 14 Thng Ging 2022/a_Thm bi np' is clickable

2022-01-16 10:18:50 - [MESSAGE][INFO] - Unable to find the element located by 'By.xpath: //div[@id='calendar-day-61d730798b7de61d730796c43320']/div[2]/div[2]/div/div/div[3]/a'. Please recheck the objects properties to make sure the desired element is located. 

2022-01-16 10:18:50 - [MESSAGE][WARNING] - [SELF-HEALING] Failed to find element with id 'Object Repository/Students check events on calendar/Page_Moodle Lch Xem ngy Th Su, 14 Thng Ging 2022/a_Thm bi np'. Try using Self-healing.

2022-01-16 10:18:50 - [MESSAGE][WARNING] - [SELF-HEALING] The current locator of test object 'Object Repository/Students check events on calendar/Page_Moodle Lch Xem ngy Th Su, 14 Thng Ging 2022/a_Thm bi np' was broken. Propose an alternative one: '(.//*[normalize-space(text()) and normalize-space(.)='Xuất lịch biểu'])[1]/preceding::a[1]'.

2022-01-16 10:18:50 - [MESSAGE][PASSED] - Object 'Object Repository/Students check events on calendar/Page_Moodle Lch Xem ngy Th Su, 14 Thng Ging 2022/a_Thm bi np' is clickable

2022-01-16 10:18:50 - [TEST_STEP][PASSED] - click(findTestObject("Object Repository/Students check events on calendar/Page_Moodle Lch Xem ngy Th Su, 14 Thng Ging 2022/a_Thm bi np")): Object: 'Object Repository/Students check events on calendar/Page_Moodle Lch Xem ngy Th Su, 14 Thng Ging 2022/a_Thm bi np' is clicked on

2022-01-16 10:18:56 - [MESSAGE][INFO] - Unable to find the element located by 'By.xpath: //div[@id='calendar-day-61d730798b7de61d730796c43320']/div[2]/div[2]/div/div/div[3]/a'. Please recheck the objects properties to make sure the desired element is located. 

2022-01-16 10:18:56 - [MESSAGE][WARNING] - [SELF-HEALING] Failed to find element with id 'Object Repository/Students check events on calendar/Page_Moodle Lch Xem ngy Th Su, 14 Thng Ging 2022/a_Thm bi np'. Try using Self-healing.

2022-01-16 10:18:57 - [MESSAGE][WARNING] - [SELF-HEALING] The current locator of test object 'Object Repository/Students check events on calendar/Page_Moodle Lch Xem ngy Th Su, 14 Thng Ging 2022/a_Thm bi np' was broken. Propose an alternative one: '(.//*[normalize-space(text()) and normalize-space(.)='Xuất lịch biểu'])[1]/preceding::a[1]'.

2022-01-16 10:19:01 - [MESSAGE][PASSED] - Object: 'Object Repository/Students check events on calendar/Page_Moodle Lch Xem ngy Th Su, 14 Thng Ging 2022/a_Thm bi np' is clicked on

2022-01-16 10:19:01 - [TEST_STEP][PASSED] - verifyElementText(findTestObject("Object Repository/Students check events on calendar/Page_NM CNPM Bi tp quiz - Sa bi lm/h2_Bi tp quiz"), "Bài tập quiz"): Actual text and expected text of test object 'Object Repository/Students check events on calendar/Page_NM CNPM Bi tp quiz - Sa bi lm/h2_Bi tp quiz' are matched.

2022-01-16 10:19:03 - [MESSAGE][PASSED] - Actual text and expected text of test object 'Object Repository/Students check events on calendar/Page_NM CNPM Bi tp quiz - Sa bi lm/h2_Bi tp quiz' are matched.

2022-01-16 10:19:03 - [TEST_STEP][PASSED] - verifyElementText(findTestObject("Object Repository/Students check events on calendar/Page_NM CNPM Bi tp quiz - Sa bi lm/div_Kim tra tnh nng"), "Kiểm tra tính năng"): Actual text and expected text of test object 'Object Repository/Students check events on calendar/Page_NM CNPM Bi tp quiz - Sa bi lm/div_Kim tra tnh nng' are matched.

2022-01-16 10:19:03 - [MESSAGE][PASSED] - Actual text and expected text of test object 'Object Repository/Students check events on calendar/Page_NM CNPM Bi tp quiz - Sa bi lm/div_Kim tra tnh nng' are matched.

2022-01-16 10:19:03 - [TEST_STEP][PASSED] - closeBrowser(): Browser is closed

2022-01-16 10:19:04 - [MESSAGE][PASSED] - Browser is closed]]></system-out>
         <system-err><![CDATA[]]></system-err>
      </testcase>
      <testcase name="Test Cases/Students check events on calendar/Forum event" time="422.544" classname="Test Cases/Students check events on calendar/Forum event" status="PASSED">
         <system-out><![CDATA[2022-01-16 10:21:14 - [TEST_CASE][PASSED] - Test Cases/Students check events on calendar/Forum event: Test Cases/Students check events on calendar/Forum event

2022-01-16 10:21:14 - [TEST_STEP][PASSED] - openBrowser(""): Browser is opened with url: ''

2022-01-16 10:21:14 - [MESSAGE][WARNING] - A browser is already opened. Closing browser and opening a new one

2022-01-16 10:21:18 - [MESSAGE][INFO] - Starting 'Edge Chromium' driver

2022-01-16 10:21:20 - [MESSAGE][INFO] - Action delay is set to 0 milliseconds

2022-01-16 10:21:23 - [MESSAGE][PASSED] - Browser is opened with url: ''

2022-01-16 10:21:23 - [TEST_STEP][PASSED] - navigateToUrl("http://localhost/"): Navigate to 'http://localhost/' successfully

2022-01-16 10:21:39 - [MESSAGE][PASSED] - Navigate to 'http://localhost/' successfully

2022-01-16 10:21:39 - [TEST_STEP][PASSED] - click(findTestObject("Object Repository/Students check events on calendar/Page_Local Moodle/a_Log in")): Object: 'Object Repository/Students check events on calendar/Page_Local Moodle/a_Log in' is clicked on

2022-01-16 10:21:40 - [MESSAGE][PASSED] - Object: 'Object Repository/Students check events on calendar/Page_Local Moodle/a_Log in' is clicked on

2022-01-16 10:21:40 - [TEST_STEP][PASSED] - setText(findTestObject("Object Repository/Students check events on calendar/Page_Local Moodle Log in to the site/input_Username_username"), "gv01"): Text 'gv01' is set on object 'Object Repository/Students check events on calendar/Page_Local Moodle Log in to the site/input_Username_username'

2022-01-16 10:21:41 - [MESSAGE][PASSED] - Text 'gv01' is set on object 'Object Repository/Students check events on calendar/Page_Local Moodle Log in to the site/input_Username_username'

2022-01-16 10:21:41 - [TEST_STEP][PASSED] - setEncryptedText(findTestObject("Object Repository/Students check events on calendar/Page_Local Moodle Log in to the site/input_Password_password"), "RigbBhfdqOBGP4y92+oMSw=="): Text ****** has been set on object 'Object Repository/Students check events on calendar/Page_Local Moodle Log in to the site/input_Password_password'

2022-01-16 10:21:41 - [MESSAGE][PASSED] - Text ****** has been set on object 'Object Repository/Students check events on calendar/Page_Local Moodle Log in to the site/input_Password_password'

2022-01-16 10:21:41 - [TEST_STEP][PASSED] - click(findTestObject("Object Repository/Students check events on calendar/Page_Local Moodle Log in to the site/button_Log in")): Object: 'Object Repository/Students check events on calendar/Page_Local Moodle Log in to the site/button_Log in' is clicked on

2022-01-16 10:22:01 - [MESSAGE][PASSED] - Object: 'Object Repository/Students check events on calendar/Page_Local Moodle Log in to the site/button_Log in' is clicked on

2022-01-16 10:22:01 - [TEST_STEP][PASSED] - setText(findTestObject("Object Repository/Students check events on calendar/Page_Local Moodle Log in to the site/input_Username_username"), "gv01"): Text 'gv01' is set on object 'Object Repository/Students check events on calendar/Page_Local Moodle Log in to the site/input_Username_username'

2022-01-16 10:22:02 - [MESSAGE][PASSED] - Text 'gv01' is set on object 'Object Repository/Students check events on calendar/Page_Local Moodle Log in to the site/input_Username_username'

2022-01-16 10:22:02 - [TEST_STEP][PASSED] - setEncryptedText(findTestObject("Object Repository/Students check events on calendar/Page_Local Moodle Log in to the site/input_Password_password"), "RigbBhfdqOAWw2eOk0+aVg=="): Text ****** has been set on object 'Object Repository/Students check events on calendar/Page_Local Moodle Log in to the site/input_Password_password'

2022-01-16 10:22:03 - [MESSAGE][PASSED] - Text ****** has been set on object 'Object Repository/Students check events on calendar/Page_Local Moodle Log in to the site/input_Password_password'

2022-01-16 10:22:03 - [TEST_STEP][PASSED] - click(findTestObject("Object Repository/Students check events on calendar/Page_Local Moodle Log in to the site/button_Log in")): Object: 'Object Repository/Students check events on calendar/Page_Local Moodle Log in to the site/button_Log in' is clicked on

2022-01-16 10:22:27 - [MESSAGE][PASSED] - Object: 'Object Repository/Students check events on calendar/Page_Local Moodle Log in to the site/button_Log in' is clicked on

2022-01-16 10:22:27 - [TEST_STEP][PASSED] - click(findTestObject("Object Repository/Students check events on calendar/Page_Nh ca ti/span_Nhp mn cng ngh phn mm")): Object: 'Object Repository/Students check events on calendar/Page_Nh ca ti/span_Nhp mn cng ngh phn mm' is clicked on

2022-01-16 10:22:45 - [MESSAGE][PASSED] - Object: 'Object Repository/Students check events on calendar/Page_Nh ca ti/span_Nhp mn cng ngh phn mm' is clicked on

2022-01-16 10:22:45 - [TEST_STEP][PASSED] - verifyElementClickable(findTestObject("Object Repository/Students check events on calendar/Page_Kha Nhp mn cng ngh phn mm/button_Bt ch  chnh sa")): Object 'Object Repository/Students check events on calendar/Page_Kha Nhp mn cng ngh phn mm/button_Bt ch  chnh sa' is clickable

2022-01-16 10:22:51 - [MESSAGE][INFO] - Unable to find the element located by 'By.xpath: //button[@id='single_button61e174d8acd921']'. Please recheck the objects properties to make sure the desired element is located. 

2022-01-16 10:22:51 - [MESSAGE][WARNING] - [SELF-HEALING] Failed to find element with id 'Object Repository/Students check events on calendar/Page_Kha Nhp mn cng ngh phn mm/button_Bt ch  chnh sa'. Try using Self-healing.

2022-01-16 10:22:51 - [MESSAGE][WARNING] - [SELF-HEALING] The current locator of test object 'Object Repository/Students check events on calendar/Page_Kha Nhp mn cng ngh phn mm/button_Bt ch  chnh sa' was broken. Propose an alternative one: '//header[@id='page-header']/div/div/div/div[2]/div[2]/div/form/button'.

2022-01-16 10:22:51 - [MESSAGE][PASSED] - Object 'Object Repository/Students check events on calendar/Page_Kha Nhp mn cng ngh phn mm/button_Bt ch  chnh sa' is clickable

2022-01-16 10:22:51 - [TEST_STEP][PASSED] - click(findTestObject("Object Repository/Students check events on calendar/Page_Kha Nhp mn cng ngh phn mm/button_Bt ch  chnh sa")): Object: 'Object Repository/Students check events on calendar/Page_Kha Nhp mn cng ngh phn mm/button_Bt ch  chnh sa' is clicked on

2022-01-16 10:22:58 - [MESSAGE][INFO] - Unable to find the element located by 'By.xpath: //button[@id='single_button61e174d8acd921']'. Please recheck the objects properties to make sure the desired element is located. 

2022-01-16 10:22:58 - [MESSAGE][WARNING] - [SELF-HEALING] Failed to find element with id 'Object Repository/Students check events on calendar/Page_Kha Nhp mn cng ngh phn mm/button_Bt ch  chnh sa'. Try using Self-healing.

2022-01-16 10:22:58 - [MESSAGE][WARNING] - [SELF-HEALING] The current locator of test object 'Object Repository/Students check events on calendar/Page_Kha Nhp mn cng ngh phn mm/button_Bt ch  chnh sa' was broken. Propose an alternative one: '//header[@id='page-header']/div/div/div/div[2]/div[2]/div/form/button'.

2022-01-16 10:23:01 - [MESSAGE][PASSED] - Object: 'Object Repository/Students check events on calendar/Page_Kha Nhp mn cng ngh phn mm/button_Bt ch  chnh sa' is clicked on

2022-01-16 10:23:01 - [TEST_STEP][PASSED] - click(findTestObject("Object Repository/Students check events on calendar/Page_Kha Nhp mn cng ngh phn mm/span_Thm hot ng hoc ti nguyn")): Object: 'Object Repository/Students check events on calendar/Page_Kha Nhp mn cng ngh phn mm/span_Thm hot ng hoc ti nguyn' is clicked on

2022-01-16 10:23:07 - [MESSAGE][INFO] - Unable to find the element located by 'By.xpath: //span[@id='yui_3_17_2_1_1642165488702_701']'. Please recheck the objects properties to make sure the desired element is located. 

2022-01-16 10:23:07 - [MESSAGE][WARNING] - [SELF-HEALING] Failed to find element with id 'Object Repository/Students check events on calendar/Page_Kha Nhp mn cng ngh phn mm/span_Thm hot ng hoc ti nguyn'. Try using Self-healing.

2022-01-16 10:23:07 - [MESSAGE][WARNING] - [SELF-HEALING] The current locator of test object 'Object Repository/Students check events on calendar/Page_Kha Nhp mn cng ngh phn mm/span_Thm hot ng hoc ti nguyn' was broken. Propose an alternative one: '(.//*[normalize-space(text()) and normalize-space(.)='Thêm tập tin ở đây'])[1]/following::span[1]'.

2022-01-16 10:23:07 - [MESSAGE][PASSED] - Object: 'Object Repository/Students check events on calendar/Page_Kha Nhp mn cng ngh phn mm/span_Thm hot ng hoc ti nguyn' is clicked on

2022-01-16 10:23:07 - [TEST_STEP][PASSED] - verifyElementText(findTestObject("Object Repository/Students check events on calendar/Page_Kha Nhp mn cng ngh phn mm/div_Din n"), "Diễn đàn"): Actual text and expected text of test object 'Object Repository/Students check events on calendar/Page_Kha Nhp mn cng ngh phn mm/div_Din n' are matched.

2022-01-16 10:23:13 - [MESSAGE][PASSED] - Actual text and expected text of test object 'Object Repository/Students check events on calendar/Page_Kha Nhp mn cng ngh phn mm/div_Din n' are matched.

2022-01-16 10:23:13 - [TEST_STEP][PASSED] - click(findTestObject("Object Repository/Students check events on calendar/Page_Kha Nhp mn cng ngh phn mm/div_Din n")): Object: 'Object Repository/Students check events on calendar/Page_Kha Nhp mn cng ngh phn mm/div_Din n' is clicked on

2022-01-16 10:24:29 - [MESSAGE][PASSED] - Object: 'Object Repository/Students check events on calendar/Page_Kha Nhp mn cng ngh phn mm/div_Din n' is clicked on

2022-01-16 10:24:29 - [TEST_STEP][PASSED] - setText(findTestObject("Object Repository/Students check events on calendar/Page_Bin son Din n/input_Tn  din n_name"), "Bàn bạc chủ đề"): Text 'Bàn bạc chủ đề' is set on object 'Object Repository/Students check events on calendar/Page_Bin son Din n/input_Tn  din n_name'

2022-01-16 10:24:31 - [MESSAGE][PASSED] - Text 'Bàn bạc chủ đề' is set on object 'Object Repository/Students check events on calendar/Page_Bin son Din n/input_Tn  din n_name'

2022-01-16 10:24:31 - [TEST_STEP][PASSED] - setText(findTestObject("Object Repository/Students check events on calendar/Page_Bin son Din n/div_Bn bc ch"), "Bàn bạc chủ đề<br><br>"): Text 'Bàn bạc chủ đề<br><br>' is set on object 'Object Repository/Students check events on calendar/Page_Bin son Din n/div_Bn bc ch'

2022-01-16 10:24:32 - [MESSAGE][PASSED] - Text 'Bàn bạc chủ đề<br><br>' is set on object 'Object Repository/Students check events on calendar/Page_Bin son Din n/div_Bn bc ch'

2022-01-16 10:24:32 - [TEST_STEP][PASSED] - verifyElementClickable(findTestObject("Object Repository/Students check events on calendar/Page_Bin son Din n/input_Upon activity completion_submitbutton")): Object 'Object Repository/Students check events on calendar/Page_Bin son Din n/input_Upon activity completion_submitbutton' is clickable

2022-01-16 10:24:33 - [MESSAGE][PASSED] - Object 'Object Repository/Students check events on calendar/Page_Bin son Din n/input_Upon activity completion_submitbutton' is clickable

2022-01-16 10:24:33 - [TEST_STEP][PASSED] - click(findTestObject("Object Repository/Students check events on calendar/Page_Bin son Din n/input_Upon activity completion_submitbutton")): Object: 'Object Repository/Students check events on calendar/Page_Bin son Din n/input_Upon activity completion_submitbutton' is clicked on

2022-01-16 10:26:30 - [MESSAGE][PASSED] - Object: 'Object Repository/Students check events on calendar/Page_Bin son Din n/input_Upon activity completion_submitbutton' is clicked on

2022-01-16 10:26:30 - [TEST_STEP][PASSED] - click(findTestObject("Object Repository/Students check events on calendar/Page_Bn bc ch/a_Van Luyen Le")): Object: 'Object Repository/Students check events on calendar/Page_Bn bc ch/a_Van Luyen Le' is clicked on

2022-01-16 10:26:31 - [MESSAGE][PASSED] - Object: 'Object Repository/Students check events on calendar/Page_Bn bc ch/a_Van Luyen Le' is clicked on

2022-01-16 10:26:31 - [TEST_STEP][PASSED] - click(findTestObject("Object Repository/Students check events on calendar/Page_Bn bc ch/a_Thot")): Object: 'Object Repository/Students check events on calendar/Page_Bn bc ch/a_Thot' is clicked on

2022-01-16 10:26:39 - [MESSAGE][INFO] - Unable to find the element located by 'By.xpath: //a[@id='yui_3_17_2_1_1641494152938_655']'. Please recheck the objects properties to make sure the desired element is located. 

2022-01-16 10:26:39 - [MESSAGE][WARNING] - [SELF-HEALING] Failed to find element with id 'Object Repository/Students check events on calendar/Page_Bn bc ch/a_Thot'. Try using Self-healing.

2022-01-16 10:26:39 - [MESSAGE][WARNING] - [SELF-HEALING] The current locator of test object 'Object Repository/Students check events on calendar/Page_Bn bc ch/a_Thot' was broken. Propose an alternative one: '//div[@id='action-menu-1-menu']/a[6]'.

2022-01-16 10:27:03 - [MESSAGE][PASSED] - Object: 'Object Repository/Students check events on calendar/Page_Bn bc ch/a_Thot' is clicked on

2022-01-16 10:27:03 - [TEST_STEP][PASSED] - click(findTestObject("Object Repository/Students check events on calendar/Page_Local Moodle/a_Log in")): Object: 'Object Repository/Students check events on calendar/Page_Local Moodle/a_Log in' is clicked on

2022-01-16 10:27:04 - [MESSAGE][PASSED] - Object: 'Object Repository/Students check events on calendar/Page_Local Moodle/a_Log in' is clicked on

2022-01-16 10:27:04 - [TEST_STEP][PASSED] - setText(findTestObject("Object Repository/Students check events on calendar/Page_Local Moodle Log in to the site/input_Username_username"), "hs02"): Text 'hs02' is set on object 'Object Repository/Students check events on calendar/Page_Local Moodle Log in to the site/input_Username_username'

2022-01-16 10:27:05 - [MESSAGE][PASSED] - Text 'hs02' is set on object 'Object Repository/Students check events on calendar/Page_Local Moodle Log in to the site/input_Username_username'

2022-01-16 10:27:05 - [TEST_STEP][PASSED] - setEncryptedText(findTestObject("Object Repository/Students check events on calendar/Page_Local Moodle Log in to the site/input_Password_password"), "RigbBhfdqOBGP4y92+oMSw=="): Text ****** has been set on object 'Object Repository/Students check events on calendar/Page_Local Moodle Log in to the site/input_Password_password'

2022-01-16 10:27:06 - [MESSAGE][PASSED] - Text ****** has been set on object 'Object Repository/Students check events on calendar/Page_Local Moodle Log in to the site/input_Password_password'

2022-01-16 10:27:06 - [TEST_STEP][PASSED] - click(findTestObject("Object Repository/Students check events on calendar/Page_Local Moodle Log in to the site/button_Log in")): Object: 'Object Repository/Students check events on calendar/Page_Local Moodle Log in to the site/button_Log in' is clicked on

2022-01-16 10:27:08 - [MESSAGE][PASSED] - Object: 'Object Repository/Students check events on calendar/Page_Local Moodle Log in to the site/button_Log in' is clicked on

2022-01-16 10:27:08 - [TEST_STEP][PASSED] - click(findTestObject("Students check events on calendar/Page_Nh ca ti/span_Nhp mn cng ngh phn mm")): Object: 'Object Repository/Students check events on calendar/Page_Nh ca ti/span_Nhp mn cng ngh phn mm' is clicked on

2022-01-16 10:27:21 - [MESSAGE][PASSED] - Object: 'Object Repository/Students check events on calendar/Page_Nh ca ti/span_Nhp mn cng ngh phn mm' is clicked on

2022-01-16 10:27:21 - [TEST_STEP][PASSED] - click(findTestObject("Object Repository/Students check events on calendar/Page_Kha Nhp mn cng ngh phn mm/span_Bn bc ch  Din n")): Object: 'Object Repository/Students check events on calendar/Page_Kha Nhp mn cng ngh phn mm/span_Bn bc ch  Din n' is clicked on

2022-01-16 10:27:27 - [MESSAGE][INFO] - Unable to find the element located by 'By.xpath: //li[@id='module-6']/div/div/div[2]/div/a/span'. Please recheck the objects properties to make sure the desired element is located. 

2022-01-16 10:27:27 - [MESSAGE][WARNING] - [SELF-HEALING] Failed to find element with id 'Object Repository/Students check events on calendar/Page_Kha Nhp mn cng ngh phn mm/span_Bn bc ch  Din n'. Try using Self-healing.

2022-01-16 10:27:27 - [MESSAGE][WARNING] - [SELF-HEALING] The current locator of test object 'Object Repository/Students check events on calendar/Page_Kha Nhp mn cng ngh phn mm/span_Bn bc ch  Din n' was broken. Propose an alternative one: '(.//*[normalize-space(text()) and normalize-space(.)='Mark as done'])[2]/following::span[1]'.

2022-01-16 10:27:30 - [MESSAGE][PASSED] - Object: 'Object Repository/Students check events on calendar/Page_Kha Nhp mn cng ngh phn mm/span_Bn bc ch  Din n' is clicked on

2022-01-16 10:27:30 - [TEST_STEP][PASSED] - verifyElementClickable(findTestObject("Object Repository/Students check events on calendar/Page_Bn bc ch/a_Thm mt ch  tho lun mi")): Object 'Object Repository/Students check events on calendar/Page_Bn bc ch/a_Thm mt ch  tho lun mi' is clickable

2022-01-16 10:27:37 - [MESSAGE][INFO] - Unable to find the element located by 'By.xpath: //a[@id='yui_3_17_2_1_1641494373033_489']'. Please recheck the objects properties to make sure the desired element is located. 

2022-01-16 10:27:37 - [MESSAGE][WARNING] - [SELF-HEALING] Failed to find element with id 'Object Repository/Students check events on calendar/Page_Bn bc ch/a_Thm mt ch  tho lun mi'. Try using Self-healing.

2022-01-16 10:27:37 - [MESSAGE][WARNING] - [SELF-HEALING] The current locator of test object 'Object Repository/Students check events on calendar/Page_Bn bc ch/a_Thm mt ch  tho lun mi' was broken. Propose an alternative one: '//a[contains(text(),'Thêm một chủ đề thảo luận mới')]'.

2022-01-16 10:27:39 - [MESSAGE][PASSED] - Object 'Object Repository/Students check events on calendar/Page_Bn bc ch/a_Thm mt ch  tho lun mi' is clickable

2022-01-16 10:27:39 - [TEST_STEP][PASSED] - click(findTestObject("Object Repository/Students check events on calendar/Page_Bn bc ch/a_Thm mt ch  tho lun mi")): Object: 'Object Repository/Students check events on calendar/Page_Bn bc ch/a_Thm mt ch  tho lun mi' is clicked on

2022-01-16 10:27:45 - [MESSAGE][INFO] - Unable to find the element located by 'By.xpath: //a[@id='yui_3_17_2_1_1641494373033_489']'. Please recheck the objects properties to make sure the desired element is located. 

2022-01-16 10:27:45 - [MESSAGE][WARNING] - [SELF-HEALING] Failed to find element with id 'Object Repository/Students check events on calendar/Page_Bn bc ch/a_Thm mt ch  tho lun mi'. Try using Self-healing.

2022-01-16 10:27:45 - [MESSAGE][WARNING] - [SELF-HEALING] The current locator of test object 'Object Repository/Students check events on calendar/Page_Bn bc ch/a_Thm mt ch  tho lun mi' was broken. Propose an alternative one: '//a[contains(text(),'Thêm một chủ đề thảo luận mới')]'.

2022-01-16 10:27:46 - [MESSAGE][PASSED] - Object: 'Object Repository/Students check events on calendar/Page_Bn bc ch/a_Thm mt ch  tho lun mi' is clicked on

2022-01-16 10:27:46 - [TEST_STEP][PASSED] - setText(findTestObject("Object Repository/Students check events on calendar/Page_Bn bc ch/input_Tiu_subject"), "hello world"): Text 'hello world' is set on object 'Object Repository/Students check events on calendar/Page_Bn bc ch/input_Tiu_subject'

2022-01-16 10:27:46 - [MESSAGE][PASSED] - Text 'hello world' is set on object 'Object Repository/Students check events on calendar/Page_Bn bc ch/input_Tiu_subject'

2022-01-16 10:27:46 - [TEST_STEP][PASSED] - setText(findTestObject("Object Repository/Students check events on calendar/Page_Bn bc ch/div_Hello world"), "<p dir="ltr" style="text-align: left;">Hello world</p>"): Text '<p dir="ltr" style="text-align: left;">Hello world</p>' is set on object 'Object Repository/Students check events on calendar/Page_Bn bc ch/div_Hello world'

2022-01-16 10:27:48 - [MESSAGE][PASSED] - Text '<p dir="ltr" style="text-align: left;">Hello world</p>' is set on object 'Object Repository/Students check events on calendar/Page_Bn bc ch/div_Hello world'

2022-01-16 10:27:48 - [TEST_STEP][PASSED] - click(findTestObject("Object Repository/Students check events on calendar/Page_Bn bc ch/input_Ni dung_submitbutton")): Object: 'Object Repository/Students check events on calendar/Page_Bn bc ch/input_Ni dung_submitbutton' is clicked on

2022-01-16 10:28:11 - [MESSAGE][PASSED] - Object: 'Object Repository/Students check events on calendar/Page_Bn bc ch/input_Ni dung_submitbutton' is clicked on

2022-01-16 10:28:11 - [TEST_STEP][PASSED] - closeBrowser(): Browser is closed

2022-01-16 10:28:17 - [MESSAGE][PASSED] - Browser is closed]]></system-out>
         <system-err><![CDATA[]]></system-err>
      </testcase>
      <testcase name="Test Cases/Students check events on calendar/Quiz event" time="34.997" classname="Test Cases/Students check events on calendar/Quiz event" status="FAILED">
         <failure type="FAILED" message="Test Cases/Students check events on calendar/Quiz event FAILED.
Reason:
com.kms.katalon.core.exception.StepFailedException: Unable to open browser with url: ''
	at com.kms.katalon.core.webui.keyword.internal.WebUIKeywordMain.stepFailed(WebUIKeywordMain.groovy:64)
	at com.kms.katalon.core.webui.keyword.internal.WebUIKeywordMain.runKeyword(WebUIKeywordMain.groovy:26)
	at com.kms.katalon.core.webui.keyword.builtin.OpenBrowserKeyword.openBrowser(OpenBrowserKeyword.groovy:81)
	at com.kms.katalon.core.webui.keyword.builtin.OpenBrowserKeyword.execute(OpenBrowserKeyword.groovy:67)
	at com.kms.katalon.core.keyword.internal.KeywordExecutor.executeKeywordForPlatform(KeywordExecutor.groovy:74)
	at com.kms.katalon.core.webui.keyword.WebUiBuiltInKeywords.openBrowser(WebUiBuiltInKeywords.groovy:64)
	at com.kms.katalon.core.webui.keyword.WebUiBuiltInKeywords$openBrowser.call(Unknown Source)
	at Quiz event.run(Quiz event:20)
	at com.kms.katalon.core.main.ScriptEngine.run(ScriptEngine.java:194)
	at com.kms.katalon.core.main.ScriptEngine.runScriptAsRawText(ScriptEngine.java:119)
	at com.kms.katalon.core.main.TestCaseExecutor.runScript(TestCaseExecutor.java:442)
	at com.kms.katalon.core.main.TestCaseExecutor.doExecute(TestCaseExecutor.java:433)
	at com.kms.katalon.core.main.TestCaseExecutor.processExecutionPhase(TestCaseExecutor.java:412)
	at com.kms.katalon.core.main.TestCaseExecutor.accessMainPhase(TestCaseExecutor.java:404)
	at com.kms.katalon.core.main.TestCaseExecutor.execute(TestCaseExecutor.java:281)
	at com.kms.katalon.core.main.TestCaseExecutor.execute(TestCaseExecutor.java:363)
	at com.kms.katalon.core.main.TestCaseExecutor.execute(TestCaseExecutor.java:363)
	at com.kms.katalon.core.main.TestCaseExecutor.execute(TestCaseExecutor.java:363)
	at com.kms.katalon.core.main.TestSuiteExecutor.accessTestCaseMainPhase(TestSuiteExecutor.java:202)
	at com.kms.katalon.core.main.TestSuiteExecutor.accessTestSuiteMainPhase(TestSuiteExecutor.java:164)
	at com.kms.katalon.core.main.TestSuiteExecutor.execute(TestSuiteExecutor.java:105)
	at com.kms.katalon.core.main.TestCaseMain.startTestSuite(TestCaseMain.java:181)
	at com.kms.katalon.core.main.TestCaseMain$startTestSuite$0.call(Unknown Source)
	at TempTestSuite1642298356151.run(TempTestSuite1642298356151.groovy:36)
Caused by: org.openqa.selenium.WebDriverException: Timed out waiting for driver server to start.
Build info: version: '3.141.59', revision: 'e82be7d358', time: '2018-11-14T08:25:53'
System info: host: 'LAPTOP-DKU7IQF9', ip: '192.168.1.5', os.name: 'Windows 10', os.arch: 'amd64', os.version: '10.0', java.version: '1.8.0_282'
Driver info: driver.version: unknown
	at org.openqa.selenium.remote.service.DriverService.waitUntilAvailable(DriverService.java:202)
	at org.openqa.selenium.remote.service.DriverService.start(DriverService.java:188)
	at com.kms.katalon.core.webui.driver.DriverFactory.createNewEdgeChromiumDriver(DriverFactory.java:655)
	at com.kms.katalon.core.webui.driver.DriverFactory.startNewBrowser(DriverFactory.java:377)
	at com.kms.katalon.core.webui.driver.DriverFactory.openWebDriver(DriverFactory.java:250)
	at com.kms.katalon.core.webui.keyword.builtin.OpenBrowserKeyword$_openBrowser_closure1.doCall(OpenBrowserKeyword.groovy:74)
	at com.kms.katalon.core.webui.keyword.builtin.OpenBrowserKeyword$_openBrowser_closure1.call(OpenBrowserKeyword.groovy)
	at com.kms.katalon.core.webui.keyword.internal.WebUIKeywordMain.runKeyword(WebUIKeywordMain.groovy:20)
	at com.kms.katalon.core.webui.keyword.builtin.OpenBrowserKeyword.openBrowser(OpenBrowserKeyword.groovy:81)
	at com.kms.katalon.core.webui.keyword.builtin.OpenBrowserKeyword.execute(OpenBrowserKeyword.groovy:67)
	at com.kms.katalon.core.keyword.internal.KeywordExecutor.executeKeywordForPlatform(KeywordExecutor.groovy:74)
	at com.kms.katalon.core.webui.keyword.WebUiBuiltInKeywords.openBrowser(WebUiBuiltInKeywords.groovy:64)
	at com.kms.katalon.core.webui.keyword.WebUiBuiltInKeywords$openBrowser.call(Unknown Source)
	at Script1641505161054.run(Script1641505161054.groovy:20)
	... 16 more
Caused by: org.openqa.selenium.net.UrlChecker$TimeoutException: Timed out waiting for [http://localhost:39147/status] to be available after 22171 ms
	at org.openqa.selenium.net.UrlChecker.waitUntilAvailable(UrlChecker.java:100)
	at org.openqa.selenium.remote.service.DriverService.waitUntilAvailable(DriverService.java:197)
	... 29 more
Caused by: java.util.concurrent.TimeoutException
	at com.google.common.util.concurrent.SimpleTimeLimiter.callWithTimeout(SimpleTimeLimiter.java:156)
	at org.openqa.selenium.net.UrlChecker.waitUntilAvailable(UrlChecker.java:75)
	at org.openqa.selenium.remote.service.DriverService.waitUntilAvailable(DriverService.java:197)
	at org.openqa.selenium.remote.service.DriverService.start(DriverService.java:188)
	at com.kms.katalon.core.webui.driver.DriverFactory.createNewEdgeChromiumDriver(DriverFactory.java:655)
	at com.kms.katalon.core.webui.driver.DriverFactory.startNewBrowser(DriverFactory.java:377)
	at com.kms.katalon.core.webui.driver.DriverFactory.openWebDriver(DriverFactory.java:250)
	at com.kms.katalon.core.webui.keyword.builtin.OpenBrowserKeyword$_openBrowser_closure1.doCall(OpenBrowserKeyword.groovy:74)
	at com.kms.katalon.core.webui.keyword.builtin.OpenBrowserKeyword$_openBrowser_closure1.call(OpenBrowserKeyword.groovy)
	at com.kms.katalon.core.webui.keyword.internal.WebUIKeywordMain.runKeyword(WebUIKeywordMain.groovy:20)
	at com.kms.katalon.core.webui.keyword.builtin.OpenBrowserKeyword.openBrowser(OpenBrowserKeyword.groovy:81)
	at com.kms.katalon.core.webui.keyword.builtin.OpenBrowserKeyword.execute(OpenBrowserKeyword.groovy:67)
	at com.kms.katalon.core.keyword.internal.KeywordExecutor.executeKeywordForPlatform(KeywordExecutor.groovy:74)
	at com.kms.katalon.core.webui.keyword.WebUiBuiltInKeywords.openBrowser(WebUiBuiltInKeywords.groovy:64)
	at com.kms.katalon.core.webui.keyword.WebUiBuiltInKeywords$openBrowser.call(Unknown Source)
	at Quiz event.run(Quiz event:20)
	... 16 more
"/>
         <system-out><![CDATA[2022-01-16 10:58:41 - [TEST_CASE][FAILED] - Test Cases/Students check events on calendar/Quiz event: Test Cases/Students check events on calendar/Quiz event FAILED.
Reason:
com.kms.katalon.core.exception.StepFailedException: Unable to open browser with url: ''
	at com.kms.katalon.core.webui.keyword.internal.WebUIKeywordMain.stepFailed(WebUIKeywordMain.groovy:64)
	at com.kms.katalon.core.webui.keyword.internal.WebUIKeywordMain.runKeyword(WebUIKeywordMain.groovy:26)
	at com.kms.katalon.core.webui.keyword.builtin.OpenBrowserKeyword.openBrowser(OpenBrowserKeyword.groovy:81)
	at com.kms.katalon.core.webui.keyword.builtin.OpenBrowserKeyword.execute(OpenBrowserKeyword.groovy:67)
	at com.kms.katalon.core.keyword.internal.KeywordExecutor.executeKeywordForPlatform(KeywordExecutor.groovy:74)
	at com.kms.katalon.core.webui.keyword.WebUiBuiltInKeywords.openBrowser(WebUiBuiltInKeywords.groovy:64)
	at com.kms.katalon.core.webui.keyword.WebUiBuiltInKeywords$openBrowser.call(Unknown Source)
	at Quiz event.run(Quiz event:20)
	at com.kms.katalon.core.main.ScriptEngine.run(ScriptEngine.java:194)
	at com.kms.katalon.core.main.ScriptEngine.runScriptAsRawText(ScriptEngine.java:119)
	at com.kms.katalon.core.main.TestCaseExecutor.runScript(TestCaseExecutor.java:442)
	at com.kms.katalon.core.main.TestCaseExecutor.doExecute(TestCaseExecutor.java:433)
	at com.kms.katalon.core.main.TestCaseExecutor.processExecutionPhase(TestCaseExecutor.java:412)
	at com.kms.katalon.core.main.TestCaseExecutor.accessMainPhase(TestCaseExecutor.java:404)
	at com.kms.katalon.core.main.TestCaseExecutor.execute(TestCaseExecutor.java:281)
	at com.kms.katalon.core.main.TestCaseExecutor.execute(TestCaseExecutor.java:363)
	at com.kms.katalon.core.main.TestCaseExecutor.execute(TestCaseExecutor.java:363)
	at com.kms.katalon.core.main.TestCaseExecutor.execute(TestCaseExecutor.java:363)
	at com.kms.katalon.core.main.TestSuiteExecutor.accessTestCaseMainPhase(TestSuiteExecutor.java:202)
	at com.kms.katalon.core.main.TestSuiteExecutor.accessTestSuiteMainPhase(TestSuiteExecutor.java:164)
	at com.kms.katalon.core.main.TestSuiteExecutor.execute(TestSuiteExecutor.java:105)
	at com.kms.katalon.core.main.TestCaseMain.startTestSuite(TestCaseMain.java:181)
	at com.kms.katalon.core.main.TestCaseMain$startTestSuite$0.call(Unknown Source)
	at TempTestSuite1642298356151.run(TempTestSuite1642298356151.groovy:36)
Caused by: org.openqa.selenium.WebDriverException: Timed out waiting for driver server to start.
Build info: version: '3.141.59', revision: 'e82be7d358', time: '2018-11-14T08:25:53'
System info: host: 'LAPTOP-DKU7IQF9', ip: '192.168.1.5', os.name: 'Windows 10', os.arch: 'amd64', os.version: '10.0', java.version: '1.8.0_282'
Driver info: driver.version: unknown
	at org.openqa.selenium.remote.service.DriverService.waitUntilAvailable(DriverService.java:202)
	at org.openqa.selenium.remote.service.DriverService.start(DriverService.java:188)
	at com.kms.katalon.core.webui.driver.DriverFactory.createNewEdgeChromiumDriver(DriverFactory.java:655)
	at com.kms.katalon.core.webui.driver.DriverFactory.startNewBrowser(DriverFactory.java:377)
	at com.kms.katalon.core.webui.driver.DriverFactory.openWebDriver(DriverFactory.java:250)
	at com.kms.katalon.core.webui.keyword.builtin.OpenBrowserKeyword$_openBrowser_closure1.doCall(OpenBrowserKeyword.groovy:74)
	at com.kms.katalon.core.webui.keyword.builtin.OpenBrowserKeyword$_openBrowser_closure1.call(OpenBrowserKeyword.groovy)
	at com.kms.katalon.core.webui.keyword.internal.WebUIKeywordMain.runKeyword(WebUIKeywordMain.groovy:20)
	at com.kms.katalon.core.webui.keyword.builtin.OpenBrowserKeyword.openBrowser(OpenBrowserKeyword.groovy:81)
	at com.kms.katalon.core.webui.keyword.builtin.OpenBrowserKeyword.execute(OpenBrowserKeyword.groovy:67)
	at com.kms.katalon.core.keyword.internal.KeywordExecutor.executeKeywordForPlatform(KeywordExecutor.groovy:74)
	at com.kms.katalon.core.webui.keyword.WebUiBuiltInKeywords.openBrowser(WebUiBuiltInKeywords.groovy:64)
	at com.kms.katalon.core.webui.keyword.WebUiBuiltInKeywords$openBrowser.call(Unknown Source)
	at Script1641505161054.run(Script1641505161054.groovy:20)
	... 16 more
Caused by: org.openqa.selenium.net.UrlChecker$TimeoutException: Timed out waiting for [http://localhost:39147/status] to be available after 22171 ms
	at org.openqa.selenium.net.UrlChecker.waitUntilAvailable(UrlChecker.java:100)
	at org.openqa.selenium.remote.service.DriverService.waitUntilAvailable(DriverService.java:197)
	... 29 more
Caused by: java.util.concurrent.TimeoutException
	at com.google.common.util.concurrent.SimpleTimeLimiter.callWithTimeout(SimpleTimeLimiter.java:156)
	at org.openqa.selenium.net.UrlChecker.waitUntilAvailable(UrlChecker.java:75)
	at org.openqa.selenium.remote.service.DriverService.waitUntilAvailable(DriverService.java:197)
	at org.openqa.selenium.remote.service.DriverService.start(DriverService.java:188)
	at com.kms.katalon.core.webui.driver.DriverFactory.createNewEdgeChromiumDriver(DriverFactory.java:655)
	at com.kms.katalon.core.webui.driver.DriverFactory.startNewBrowser(DriverFactory.java:377)
	at com.kms.katalon.core.webui.driver.DriverFactory.openWebDriver(DriverFactory.java:250)
	at com.kms.katalon.core.webui.keyword.builtin.OpenBrowserKeyword$_openBrowser_closure1.doCall(OpenBrowserKeyword.groovy:74)
	at com.kms.katalon.core.webui.keyword.builtin.OpenBrowserKeyword$_openBrowser_closure1.call(OpenBrowserKeyword.groovy)
	at com.kms.katalon.core.webui.keyword.internal.WebUIKeywordMain.runKeyword(WebUIKeywordMain.groovy:20)
	at com.kms.katalon.core.webui.keyword.builtin.OpenBrowserKeyword.openBrowser(OpenBrowserKeyword.groovy:81)
	at com.kms.katalon.core.webui.keyword.builtin.OpenBrowserKeyword.execute(OpenBrowserKeyword.groovy:67)
	at com.kms.katalon.core.keyword.internal.KeywordExecutor.executeKeywordForPlatform(KeywordExecutor.groovy:74)
	at com.kms.katalon.core.webui.keyword.WebUiBuiltInKeywords.openBrowser(WebUiBuiltInKeywords.groovy:64)
	at com.kms.katalon.core.webui.keyword.WebUiBuiltInKeywords$openBrowser.call(Unknown Source)
	at Quiz event.run(Quiz event:20)
	... 16 more


2022-01-16 10:58:41 - [TEST_STEP][FAILED] - openBrowser(""): Unable to open browser with url: '' (Root cause: com.kms.katalon.core.exception.StepFailedException: Unable to open browser with url: ''
	at com.kms.katalon.core.webui.keyword.internal.WebUIKeywordMain.stepFailed(WebUIKeywordMain.groovy:64)
	at com.kms.katalon.core.webui.keyword.internal.WebUIKeywordMain.runKeyword(WebUIKeywordMain.groovy:26)
	at com.kms.katalon.core.webui.keyword.builtin.OpenBrowserKeyword.openBrowser(OpenBrowserKeyword.groovy:81)
	at com.kms.katalon.core.webui.keyword.builtin.OpenBrowserKeyword.execute(OpenBrowserKeyword.groovy:67)
	at com.kms.katalon.core.keyword.internal.KeywordExecutor.executeKeywordForPlatform(KeywordExecutor.groovy:74)
	at com.kms.katalon.core.webui.keyword.WebUiBuiltInKeywords.openBrowser(WebUiBuiltInKeywords.groovy:64)
	at com.kms.katalon.core.webui.keyword.WebUiBuiltInKeywords$openBrowser.call(Unknown Source)
	at Quiz event.run(Quiz event:20)
	at com.kms.katalon.core.main.ScriptEngine.run(ScriptEngine.java:194)
	at com.kms.katalon.core.main.ScriptEngine.runScriptAsRawText(ScriptEngine.java:119)
	at com.kms.katalon.core.main.TestCaseExecutor.runScript(TestCaseExecutor.java:442)
	at com.kms.katalon.core.main.TestCaseExecutor.doExecute(TestCaseExecutor.java:433)
	at com.kms.katalon.core.main.TestCaseExecutor.processExecutionPhase(TestCaseExecutor.java:412)
	at com.kms.katalon.core.main.TestCaseExecutor.accessMainPhase(TestCaseExecutor.java:404)
	at com.kms.katalon.core.main.TestCaseExecutor.execute(TestCaseExecutor.java:281)
	at com.kms.katalon.core.main.TestCaseExecutor.execute(TestCaseExecutor.java:363)
	at com.kms.katalon.core.main.TestCaseExecutor.execute(TestCaseExecutor.java:363)
	at com.kms.katalon.core.main.TestCaseExecutor.execute(TestCaseExecutor.java:363)
	at com.kms.katalon.core.main.TestSuiteExecutor.accessTestCaseMainPhase(TestSuiteExecutor.java:202)
	at com.kms.katalon.core.main.TestSuiteExecutor.accessTestSuiteMainPhase(TestSuiteExecutor.java:164)
	at com.kms.katalon.core.main.TestSuiteExecutor.execute(TestSuiteExecutor.java:105)
	at com.kms.katalon.core.main.TestCaseMain.startTestSuite(TestCaseMain.java:181)
	at com.kms.katalon.core.main.TestCaseMain$startTestSuite$0.call(Unknown Source)
	at TempTestSuite1642298356151.run(TempTestSuite1642298356151.groovy:36)
Caused by: org.openqa.selenium.WebDriverException: Timed out waiting for driver server to start.
Build info: version: '3.141.59', revision: 'e82be7d358', time: '2018-11-14T08:25:53'
System info: host: 'LAPTOP-DKU7IQF9', ip: '192.168.1.5', os.name: 'Windows 10', os.arch: 'amd64', os.version: '10.0', java.version: '1.8.0_282'
Driver info: driver.version: unknown
	at org.openqa.selenium.remote.service.DriverService.waitUntilAvailable(DriverService.java:202)
	at org.openqa.selenium.remote.service.DriverService.start(DriverService.java:188)
	at com.kms.katalon.core.webui.driver.DriverFactory.createNewEdgeChromiumDriver(DriverFactory.java:655)
	at com.kms.katalon.core.webui.driver.DriverFactory.startNewBrowser(DriverFactory.java:377)
	at com.kms.katalon.core.webui.driver.DriverFactory.openWebDriver(DriverFactory.java:250)
	at com.kms.katalon.core.webui.keyword.builtin.OpenBrowserKeyword$_openBrowser_closure1.doCall(OpenBrowserKeyword.groovy:74)
	at com.kms.katalon.core.webui.keyword.builtin.OpenBrowserKeyword$_openBrowser_closure1.call(OpenBrowserKeyword.groovy)
	at com.kms.katalon.core.webui.keyword.internal.WebUIKeywordMain.runKeyword(WebUIKeywordMain.groovy:20)
	at com.kms.katalon.core.webui.keyword.builtin.OpenBrowserKeyword.openBrowser(OpenBrowserKeyword.groovy:81)
	at com.kms.katalon.core.webui.keyword.builtin.OpenBrowserKeyword.execute(OpenBrowserKeyword.groovy:67)
	at com.kms.katalon.core.keyword.internal.KeywordExecutor.executeKeywordForPlatform(KeywordExecutor.groovy:74)
	at com.kms.katalon.core.webui.keyword.WebUiBuiltInKeywords.openBrowser(WebUiBuiltInKeywords.groovy:64)
	at com.kms.katalon.core.webui.keyword.WebUiBuiltInKeywords$openBrowser.call(Unknown Source)
	at Script1641505161054.run(Script1641505161054.groovy:20)
	... 16 more
Caused by: org.openqa.selenium.net.UrlChecker$TimeoutException: Timed out waiting for [http://localhost:39147/status] to be available after 22171 ms
	at org.openqa.selenium.net.UrlChecker.waitUntilAvailable(UrlChecker.java:100)
	at org.openqa.selenium.remote.service.DriverService.waitUntilAvailable(DriverService.java:197)
	... 29 more
Caused by: java.util.concurrent.TimeoutException
	at com.google.common.util.concurrent.SimpleTimeLimiter.callWithTimeout(SimpleTimeLimiter.java:156)
	at org.openqa.selenium.net.UrlChecker.waitUntilAvailable(UrlChecker.java:75)
	... 30 more
)

2022-01-16 10:58:41 - [MESSAGE][WARNING] - A browser is already opened. Closing browser and opening a new one

2022-01-16 10:58:54 - [MESSAGE][INFO] - Starting 'Edge Chromium' driver

2022-01-16 10:59:16 - [MESSAGE][FAILED] - Unable to open browser with url: '' (Root cause: com.kms.katalon.core.exception.StepFailedException: Unable to open browser with url: ''
	at com.kms.katalon.core.webui.keyword.internal.WebUIKeywordMain.stepFailed(WebUIKeywordMain.groovy:64)
	at com.kms.katalon.core.webui.keyword.internal.WebUIKeywordMain.runKeyword(WebUIKeywordMain.groovy:26)
	at com.kms.katalon.core.webui.keyword.builtin.OpenBrowserKeyword.openBrowser(OpenBrowserKeyword.groovy:81)
	at com.kms.katalon.core.webui.keyword.builtin.OpenBrowserKeyword.execute(OpenBrowserKeyword.groovy:67)
	at com.kms.katalon.core.keyword.internal.KeywordExecutor.executeKeywordForPlatform(KeywordExecutor.groovy:74)
	at com.kms.katalon.core.webui.keyword.WebUiBuiltInKeywords.openBrowser(WebUiBuiltInKeywords.groovy:64)
	at com.kms.katalon.core.webui.keyword.WebUiBuiltInKeywords$openBrowser.call(Unknown Source)
	at Quiz event.run(Quiz event:20)
	at com.kms.katalon.core.main.ScriptEngine.run(ScriptEngine.java:194)
	at com.kms.katalon.core.main.ScriptEngine.runScriptAsRawText(ScriptEngine.java:119)
	at com.kms.katalon.core.main.TestCaseExecutor.runScript(TestCaseExecutor.java:442)
	at com.kms.katalon.core.main.TestCaseExecutor.doExecute(TestCaseExecutor.java:433)
	at com.kms.katalon.core.main.TestCaseExecutor.processExecutionPhase(TestCaseExecutor.java:412)
	at com.kms.katalon.core.main.TestCaseExecutor.accessMainPhase(TestCaseExecutor.java:404)
	at com.kms.katalon.core.main.TestCaseExecutor.execute(TestCaseExecutor.java:281)
	at com.kms.katalon.core.main.TestCaseExecutor.execute(TestCaseExecutor.java:363)
	at com.kms.katalon.core.main.TestCaseExecutor.execute(TestCaseExecutor.java:363)
	at com.kms.katalon.core.main.TestCaseExecutor.execute(TestCaseExecutor.java:363)
	at com.kms.katalon.core.main.TestSuiteExecutor.accessTestCaseMainPhase(TestSuiteExecutor.java:202)
	at com.kms.katalon.core.main.TestSuiteExecutor.accessTestSuiteMainPhase(TestSuiteExecutor.java:164)
	at com.kms.katalon.core.main.TestSuiteExecutor.execute(TestSuiteExecutor.java:105)
	at com.kms.katalon.core.main.TestCaseMain.startTestSuite(TestCaseMain.java:181)
	at com.kms.katalon.core.main.TestCaseMain$startTestSuite$0.call(Unknown Source)
	at TempTestSuite1642298356151.run(TempTestSuite1642298356151.groovy:36)
Caused by: org.openqa.selenium.WebDriverException: Timed out waiting for driver server to start.
Build info: version: '3.141.59', revision: 'e82be7d358', time: '2018-11-14T08:25:53'
System info: host: 'LAPTOP-DKU7IQF9', ip: '192.168.1.5', os.name: 'Windows 10', os.arch: 'amd64', os.version: '10.0', java.version: '1.8.0_282'
Driver info: driver.version: unknown
	at org.openqa.selenium.remote.service.DriverService.waitUntilAvailable(DriverService.java:202)
	at org.openqa.selenium.remote.service.DriverService.start(DriverService.java:188)
	at com.kms.katalon.core.webui.driver.DriverFactory.createNewEdgeChromiumDriver(DriverFactory.java:655)
	at com.kms.katalon.core.webui.driver.DriverFactory.startNewBrowser(DriverFactory.java:377)
	at com.kms.katalon.core.webui.driver.DriverFactory.openWebDriver(DriverFactory.java:250)
	at com.kms.katalon.core.webui.keyword.builtin.OpenBrowserKeyword$_openBrowser_closure1.doCall(OpenBrowserKeyword.groovy:74)
	at com.kms.katalon.core.webui.keyword.builtin.OpenBrowserKeyword$_openBrowser_closure1.call(OpenBrowserKeyword.groovy)
	at com.kms.katalon.core.webui.keyword.internal.WebUIKeywordMain.runKeyword(WebUIKeywordMain.groovy:20)
	at com.kms.katalon.core.webui.keyword.builtin.OpenBrowserKeyword.openBrowser(OpenBrowserKeyword.groovy:81)
	at com.kms.katalon.core.webui.keyword.builtin.OpenBrowserKeyword.execute(OpenBrowserKeyword.groovy:67)
	at com.kms.katalon.core.keyword.internal.KeywordExecutor.executeKeywordForPlatform(KeywordExecutor.groovy:74)
	at com.kms.katalon.core.webui.keyword.WebUiBuiltInKeywords.openBrowser(WebUiBuiltInKeywords.groovy:64)
	at com.kms.katalon.core.webui.keyword.WebUiBuiltInKeywords$openBrowser.call(Unknown Source)
	at Script1641505161054.run(Script1641505161054.groovy:20)
	... 16 more
Caused by: org.openqa.selenium.net.UrlChecker$TimeoutException: Timed out waiting for [http://localhost:39147/status] to be available after 22171 ms
	at org.openqa.selenium.net.UrlChecker.waitUntilAvailable(UrlChecker.java:100)
	at org.openqa.selenium.remote.service.DriverService.waitUntilAvailable(DriverService.java:197)
	... 29 more
Caused by: java.util.concurrent.TimeoutException
	at com.google.common.util.concurrent.SimpleTimeLimiter.callWithTimeout(SimpleTimeLimiter.java:156)
	at org.openqa.selenium.net.UrlChecker.waitUntilAvailable(UrlChecker.java:75)
	... 30 more
)]]></system-out>
         <system-err><![CDATA[2022-01-16 10:58:41 - [TEST_CASE][FAILED] - Test Cases/Students check events on calendar/Quiz event: Test Cases/Students check events on calendar/Quiz event FAILED.
Reason:
com.kms.katalon.core.exception.StepFailedException: Unable to open browser with url: ''
	at com.kms.katalon.core.webui.keyword.internal.WebUIKeywordMain.stepFailed(WebUIKeywordMain.groovy:64)
	at com.kms.katalon.core.webui.keyword.internal.WebUIKeywordMain.runKeyword(WebUIKeywordMain.groovy:26)
	at com.kms.katalon.core.webui.keyword.builtin.OpenBrowserKeyword.openBrowser(OpenBrowserKeyword.groovy:81)
	at com.kms.katalon.core.webui.keyword.builtin.OpenBrowserKeyword.execute(OpenBrowserKeyword.groovy:67)
	at com.kms.katalon.core.keyword.internal.KeywordExecutor.executeKeywordForPlatform(KeywordExecutor.groovy:74)
	at com.kms.katalon.core.webui.keyword.WebUiBuiltInKeywords.openBrowser(WebUiBuiltInKeywords.groovy:64)
	at com.kms.katalon.core.webui.keyword.WebUiBuiltInKeywords$openBrowser.call(Unknown Source)
	at Quiz event.run(Quiz event:20)
	at com.kms.katalon.core.main.ScriptEngine.run(ScriptEngine.java:194)
	at com.kms.katalon.core.main.ScriptEngine.runScriptAsRawText(ScriptEngine.java:119)
	at com.kms.katalon.core.main.TestCaseExecutor.runScript(TestCaseExecutor.java:442)
	at com.kms.katalon.core.main.TestCaseExecutor.doExecute(TestCaseExecutor.java:433)
	at com.kms.katalon.core.main.TestCaseExecutor.processExecutionPhase(TestCaseExecutor.java:412)
	at com.kms.katalon.core.main.TestCaseExecutor.accessMainPhase(TestCaseExecutor.java:404)
	at com.kms.katalon.core.main.TestCaseExecutor.execute(TestCaseExecutor.java:281)
	at com.kms.katalon.core.main.TestCaseExecutor.execute(TestCaseExecutor.java:363)
	at com.kms.katalon.core.main.TestCaseExecutor.execute(TestCaseExecutor.java:363)
	at com.kms.katalon.core.main.TestCaseExecutor.execute(TestCaseExecutor.java:363)
	at com.kms.katalon.core.main.TestSuiteExecutor.accessTestCaseMainPhase(TestSuiteExecutor.java:202)
	at com.kms.katalon.core.main.TestSuiteExecutor.accessTestSuiteMainPhase(TestSuiteExecutor.java:164)
	at com.kms.katalon.core.main.TestSuiteExecutor.execute(TestSuiteExecutor.java:105)
	at com.kms.katalon.core.main.TestCaseMain.startTestSuite(TestCaseMain.java:181)
	at com.kms.katalon.core.main.TestCaseMain$startTestSuite$0.call(Unknown Source)
	at TempTestSuite1642298356151.run(TempTestSuite1642298356151.groovy:36)
Caused by: org.openqa.selenium.WebDriverException: Timed out waiting for driver server to start.
Build info: version: '3.141.59', revision: 'e82be7d358', time: '2018-11-14T08:25:53'
System info: host: 'LAPTOP-DKU7IQF9', ip: '192.168.1.5', os.name: 'Windows 10', os.arch: 'amd64', os.version: '10.0', java.version: '1.8.0_282'
Driver info: driver.version: unknown
	at org.openqa.selenium.remote.service.DriverService.waitUntilAvailable(DriverService.java:202)
	at org.openqa.selenium.remote.service.DriverService.start(DriverService.java:188)
	at com.kms.katalon.core.webui.driver.DriverFactory.createNewEdgeChromiumDriver(DriverFactory.java:655)
	at com.kms.katalon.core.webui.driver.DriverFactory.startNewBrowser(DriverFactory.java:377)
	at com.kms.katalon.core.webui.driver.DriverFactory.openWebDriver(DriverFactory.java:250)
	at com.kms.katalon.core.webui.keyword.builtin.OpenBrowserKeyword$_openBrowser_closure1.doCall(OpenBrowserKeyword.groovy:74)
	at com.kms.katalon.core.webui.keyword.builtin.OpenBrowserKeyword$_openBrowser_closure1.call(OpenBrowserKeyword.groovy)
	at com.kms.katalon.core.webui.keyword.internal.WebUIKeywordMain.runKeyword(WebUIKeywordMain.groovy:20)
	at com.kms.katalon.core.webui.keyword.builtin.OpenBrowserKeyword.openBrowser(OpenBrowserKeyword.groovy:81)
	at com.kms.katalon.core.webui.keyword.builtin.OpenBrowserKeyword.execute(OpenBrowserKeyword.groovy:67)
	at com.kms.katalon.core.keyword.internal.KeywordExecutor.executeKeywordForPlatform(KeywordExecutor.groovy:74)
	at com.kms.katalon.core.webui.keyword.WebUiBuiltInKeywords.openBrowser(WebUiBuiltInKeywords.groovy:64)
	at com.kms.katalon.core.webui.keyword.WebUiBuiltInKeywords$openBrowser.call(Unknown Source)
	at Script1641505161054.run(Script1641505161054.groovy:20)
	... 16 more
Caused by: org.openqa.selenium.net.UrlChecker$TimeoutException: Timed out waiting for [http://localhost:39147/status] to be available after 22171 ms
	at org.openqa.selenium.net.UrlChecker.waitUntilAvailable(UrlChecker.java:100)
	at org.openqa.selenium.remote.service.DriverService.waitUntilAvailable(DriverService.java:197)
	... 29 more
Caused by: java.util.concurrent.TimeoutException
	at com.google.common.util.concurrent.SimpleTimeLimiter.callWithTimeout(SimpleTimeLimiter.java:156)
	at org.openqa.selenium.net.UrlChecker.waitUntilAvailable(UrlChecker.java:75)
	at org.openqa.selenium.remote.service.DriverService.waitUntilAvailable(DriverService.java:197)
	at org.openqa.selenium.remote.service.DriverService.start(DriverService.java:188)
	at com.kms.katalon.core.webui.driver.DriverFactory.createNewEdgeChromiumDriver(DriverFactory.java:655)
	at com.kms.katalon.core.webui.driver.DriverFactory.startNewBrowser(DriverFactory.java:377)
	at com.kms.katalon.core.webui.driver.DriverFactory.openWebDriver(DriverFactory.java:250)
	at com.kms.katalon.core.webui.keyword.builtin.OpenBrowserKeyword$_openBrowser_closure1.doCall(OpenBrowserKeyword.groovy:74)
	at com.kms.katalon.core.webui.keyword.builtin.OpenBrowserKeyword$_openBrowser_closure1.call(OpenBrowserKeyword.groovy)
	at com.kms.katalon.core.webui.keyword.internal.WebUIKeywordMain.runKeyword(WebUIKeywordMain.groovy:20)
	at com.kms.katalon.core.webui.keyword.builtin.OpenBrowserKeyword.openBrowser(OpenBrowserKeyword.groovy:81)
	at com.kms.katalon.core.webui.keyword.builtin.OpenBrowserKeyword.execute(OpenBrowserKeyword.groovy:67)
	at com.kms.katalon.core.keyword.internal.KeywordExecutor.executeKeywordForPlatform(KeywordExecutor.groovy:74)
	at com.kms.katalon.core.webui.keyword.WebUiBuiltInKeywords.openBrowser(WebUiBuiltInKeywords.groovy:64)
	at com.kms.katalon.core.webui.keyword.WebUiBuiltInKeywords$openBrowser.call(Unknown Source)
	at Quiz event.run(Quiz event:20)
	... 16 more]]></system-err>
      </testcase>
      <testcase name="Test Cases/Texting/Multiple messages" time="458.713" classname="Test Cases/Texting/Multiple messages" status="PASSED">
         <system-out><![CDATA[2022-01-16 10:59:43 - [TEST_CASE][PASSED] - Test Cases/Texting/Multiple messages: Test Cases/Texting/Multiple messages

2022-01-16 10:59:43 - [TEST_STEP][PASSED] - openBrowser(""): Browser is opened with url: ''

2022-01-16 10:59:43 - [MESSAGE][INFO] - Starting 'Edge Chromium' driver

2022-01-16 10:59:43 - [MESSAGE][INFO] - Action delay is set to 0 milliseconds

2022-01-16 11:01:28 - [MESSAGE][PASSED] - Browser is opened with url: ''

2022-01-16 11:01:28 - [TEST_STEP][PASSED] - navigateToUrl("http://localhost/"): Navigate to 'http://localhost/' successfully

2022-01-16 11:01:55 - [MESSAGE][PASSED] - Navigate to 'http://localhost/' successfully

2022-01-16 11:01:55 - [TEST_STEP][PASSED] - click(findTestObject("Object Repository/Texting/Page_Local Moodle/a_Log in")): Object: 'Object Repository/Texting/Page_Local Moodle/a_Log in' is clicked on

2022-01-16 11:02:21 - [MESSAGE][PASSED] - Object: 'Object Repository/Texting/Page_Local Moodle/a_Log in' is clicked on

2022-01-16 11:02:21 - [TEST_STEP][PASSED] - setText(findTestObject("Object Repository/Texting/Page_Local Moodle Log in to the site/input_Username_username"), "lcbinh"): Text 'lcbinh' is set on object 'Object Repository/Texting/Page_Local Moodle Log in to the site/input_Username_username'

2022-01-16 11:02:55 - [MESSAGE][PASSED] - Text 'lcbinh' is set on object 'Object Repository/Texting/Page_Local Moodle Log in to the site/input_Username_username'

2022-01-16 11:02:55 - [TEST_STEP][PASSED] - setEncryptedText(findTestObject("Object Repository/Texting/Page_Local Moodle Log in to the site/input_Password_password"), "o5TCnEIIWq0Pz0TkrK1a2rpuWvRKVWz2"): Text ****** has been set on object 'Object Repository/Texting/Page_Local Moodle Log in to the site/input_Password_password'

2022-01-16 11:02:57 - [MESSAGE][PASSED] - Text ****** has been set on object 'Object Repository/Texting/Page_Local Moodle Log in to the site/input_Password_password'

2022-01-16 11:02:57 - [TEST_STEP][PASSED] - click(findTestObject("Object Repository/Texting/Page_Local Moodle Log in to the site/button_Log in")): Object: 'Object Repository/Texting/Page_Local Moodle Log in to the site/button_Log in' is clicked on

2022-01-16 11:03:54 - [MESSAGE][PASSED] - Object: 'Object Repository/Texting/Page_Local Moodle Log in to the site/button_Log in' is clicked on

2022-01-16 11:03:54 - [TEST_STEP][PASSED] - click(findTestObject("Object Repository/Texting/Page_Nh ca ti/i_See all_icon fa fa-comment fa-fw")): Object: 'Object Repository/Texting/Page_Nh ca ti/i_See all_icon fa fa-comment fa-fw' is clicked on

2022-01-16 11:04:06 - [MESSAGE][INFO] - Unable to find the element located by 'By.xpath: //a[@id='message-drawer-toggle-61d5836ab0e7961d5836a98d4612']/i'. Please recheck the objects properties to make sure the desired element is located. 

2022-01-16 11:04:06 - [MESSAGE][WARNING] - [SELF-HEALING] Failed to find element with id 'Object Repository/Texting/Page_Nh ca ti/i_See all_icon fa fa-comment fa-fw'. Try using Self-healing.

2022-01-16 11:04:06 - [MESSAGE][WARNING] - [SELF-HEALING] The current locator of test object 'Object Repository/Texting/Page_Nh ca ti/i_See all_icon fa fa-comment fa-fw' was broken. Propose an alternative one: '//div[2]/a/i'.

2022-01-16 11:04:09 - [MESSAGE][PASSED] - Object: 'Object Repository/Texting/Page_Nh ca ti/i_See all_icon fa fa-comment fa-fw' is clicked on

2022-01-16 11:04:09 - [TEST_STEP][PASSED] - setText(findTestObject("Object Repository/Texting/Page_Nh ca ti/input_Messages selected_form-control"), "Thanh"): Text 'Thanh' is set on object 'Object Repository/Texting/Page_Nh ca ti/input_Messages selected_form-control'

2022-01-16 11:04:38 - [MESSAGE][PASSED] - Text 'Thanh' is set on object 'Object Repository/Texting/Page_Nh ca ti/input_Messages selected_form-control'

2022-01-16 11:04:38 - [TEST_STEP][PASSED] - verifyElementClickable(findTestObject("Object Repository/Texting/Page_Nh ca ti/i_Messages selected_icon fa fa-search fa-fw_1")): Object 'Object Repository/Texting/Page_Nh ca ti/i_Messages selected_icon fa fa-search fa-fw_1' is clickable

2022-01-16 11:04:44 - [MESSAGE][INFO] - Unable to find the element located by 'By.xpath: //div[@id='yui_3_17_2_1_1641380790278_202']/div[4]/div/div/div/button/span/i'. Please recheck the objects properties to make sure the desired element is located. 

2022-01-16 11:04:44 - [MESSAGE][WARNING] - [SELF-HEALING] Failed to find element with id 'Object Repository/Texting/Page_Nh ca ti/i_Messages selected_icon fa fa-search fa-fw_1'. Try using Self-healing.

2022-01-16 11:04:44 - [MESSAGE][WARNING] - [SELF-HEALING] The current locator of test object 'Object Repository/Texting/Page_Nh ca ti/i_Messages selected_icon fa fa-search fa-fw_1' was broken. Propose an alternative one: '//button/span/i'.

2022-01-16 11:04:44 - [MESSAGE][PASSED] - Object 'Object Repository/Texting/Page_Nh ca ti/i_Messages selected_icon fa fa-search fa-fw_1' is clickable

2022-01-16 11:04:44 - [TEST_STEP][PASSED] - click(findTestObject("Object Repository/Texting/Page_Nh ca ti/i_Messages selected_icon fa fa-search fa-fw_1")): Object: 'Object Repository/Texting/Page_Nh ca ti/i_Messages selected_icon fa fa-search fa-fw_1' is clicked on

2022-01-16 11:04:50 - [MESSAGE][INFO] - Unable to find the element located by 'By.xpath: //div[@id='yui_3_17_2_1_1641380790278_202']/div[4]/div/div/div/button/span/i'. Please recheck the objects properties to make sure the desired element is located. 

2022-01-16 11:04:50 - [MESSAGE][WARNING] - [SELF-HEALING] Failed to find element with id 'Object Repository/Texting/Page_Nh ca ti/i_Messages selected_icon fa fa-search fa-fw_1'. Try using Self-healing.

2022-01-16 11:04:51 - [MESSAGE][WARNING] - [SELF-HEALING] The current locator of test object 'Object Repository/Texting/Page_Nh ca ti/i_Messages selected_icon fa fa-search fa-fw_1' was broken. Propose an alternative one: '//button/span/i'.

2022-01-16 11:04:53 - [MESSAGE][PASSED] - Object: 'Object Repository/Texting/Page_Nh ca ti/i_Messages selected_icon fa fa-search fa-fw_1' is clicked on

2022-01-16 11:04:53 - [TEST_STEP][PASSED] - verifyElementClickable(findTestObject("Object Repository/Texting/Page_Nh ca ti/h6_Cng Bnh L")): Object 'Object Repository/Texting/Page_Nh ca ti/h6_Cng Bnh L' is clickable

2022-01-16 11:05:12 - [MESSAGE][INFO] - Unable to find the element located by 'By.xpath: //div[@id='yui_3_17_2_1_1641380790278_197']/div[6]/div/div/div/div[2]/div/a/h6'. Please recheck the objects properties to make sure the desired element is located. 

2022-01-16 11:05:12 - [MESSAGE][WARNING] - [SELF-HEALING] Failed to find element with id 'Object Repository/Texting/Page_Nh ca ti/h6_Cng Bnh L'. Try using Self-healing.

2022-01-16 11:05:12 - [MESSAGE][WARNING] - [SELF-HEALING] The current locator of test object 'Object Repository/Texting/Page_Nh ca ti/h6_Cng Bnh L' was broken. Propose an alternative one: '(.//*[normalize-space(text()) and normalize-space(.)='Non-contacts'])[1]/following::h6[1]'.

2022-01-16 11:05:17 - [MESSAGE][PASSED] - Object 'Object Repository/Texting/Page_Nh ca ti/h6_Cng Bnh L' is clickable

2022-01-16 11:05:17 - [TEST_STEP][PASSED] - click(findTestObject("Object Repository/Texting/Page_Nh ca ti/h6_Cng Bnh L")): Object: 'Object Repository/Texting/Page_Nh ca ti/h6_Cng Bnh L' is clicked on

2022-01-16 11:05:25 - [MESSAGE][INFO] - Unable to find the element located by 'By.xpath: //div[@id='yui_3_17_2_1_1641380790278_197']/div[6]/div/div/div/div[2]/div/a/h6'. Please recheck the objects properties to make sure the desired element is located. 

2022-01-16 11:05:25 - [MESSAGE][WARNING] - [SELF-HEALING] Failed to find element with id 'Object Repository/Texting/Page_Nh ca ti/h6_Cng Bnh L'. Try using Self-healing.

2022-01-16 11:05:25 - [MESSAGE][WARNING] - [SELF-HEALING] The current locator of test object 'Object Repository/Texting/Page_Nh ca ti/h6_Cng Bnh L' was broken. Propose an alternative one: '(.//*[normalize-space(text()) and normalize-space(.)='Non-contacts'])[1]/following::h6[1]'.

2022-01-16 11:05:25 - [MESSAGE][PASSED] - Object: 'Object Repository/Texting/Page_Nh ca ti/h6_Cng Bnh L' is clicked on

2022-01-16 11:05:25 - [TEST_STEP][PASSED] - setText(findTestObject("Object Repository/Texting/Page_Nh ca ti/textarea_Use enter to send_yui_3_17_2_1_164_3e2d02"), "Hi there"): Text 'Hi there' is set on object 'Object Repository/Texting/Page_Nh ca ti/textarea_Use enter to send_yui_3_17_2_1_164_3e2d02'

2022-01-16 11:05:37 - [MESSAGE][INFO] - Unable to find the element located by 'By.xpath: //textarea[@id='yui_3_17_2_1_1641382762786_207']'. Please recheck the objects properties to make sure the desired element is located. 

2022-01-16 11:05:37 - [MESSAGE][WARNING] - [SELF-HEALING] Failed to find element with id 'Object Repository/Texting/Page_Nh ca ti/textarea_Use enter to send_yui_3_17_2_1_164_3e2d02'. Try using Self-healing.

2022-01-16 11:05:38 - [MESSAGE][WARNING] - [SELF-HEALING] The current locator of test object 'Object Repository/Texting/Page_Nh ca ti/textarea_Use enter to send_yui_3_17_2_1_164_3e2d02' was broken. Propose an alternative one: '//textarea'.

2022-01-16 11:05:54 - [MESSAGE][INFO] - Unable to find the element located by 'By.xpath: //textarea[@id='yui_3_17_2_1_1641382762786_207']'. Please recheck the objects properties to make sure the desired element is located. 

2022-01-16 11:05:54 - [MESSAGE][WARNING] - [SELF-HEALING] Failed to find element with id 'Object Repository/Texting/Page_Nh ca ti/textarea_Use enter to send_yui_3_17_2_1_164_3e2d02'. Try using Self-healing.

2022-01-16 11:05:55 - [MESSAGE][WARNING] - [SELF-HEALING] The current locator of test object 'Object Repository/Texting/Page_Nh ca ti/textarea_Use enter to send_yui_3_17_2_1_164_3e2d02' was broken. Propose an alternative one: '//textarea'.

2022-01-16 11:05:55 - [MESSAGE][PASSED] - Text 'Hi there' is set on object 'Object Repository/Texting/Page_Nh ca ti/textarea_Use enter to send_yui_3_17_2_1_164_3e2d02'

2022-01-16 11:05:55 - [TEST_STEP][PASSED] - click(findTestObject("Object Repository/Texting/Page_Nh ca ti/i__icon fa fa-paper-plane fa-fw")): Object: 'Object Repository/Texting/Page_Nh ca ti/i__icon fa fa-paper-plane fa-fw' is clicked on

2022-01-16 11:06:01 - [MESSAGE][INFO] - Unable to find the element located by 'By.xpath: //div[@id='yui_3_17_2_1_1641382762786_208']/div/button[2]/span/i'. Please recheck the objects properties to make sure the desired element is located. 

2022-01-16 11:06:01 - [MESSAGE][WARNING] - [SELF-HEALING] Failed to find element with id 'Object Repository/Texting/Page_Nh ca ti/i__icon fa fa-paper-plane fa-fw'. Try using Self-healing.

2022-01-16 11:06:02 - [MESSAGE][WARNING] - [SELF-HEALING] The current locator of test object 'Object Repository/Texting/Page_Nh ca ti/i__icon fa fa-paper-plane fa-fw' was broken. Propose an alternative one: '//button[2]/span/i'.

2022-01-16 11:06:02 - [MESSAGE][PASSED] - Object: 'Object Repository/Texting/Page_Nh ca ti/i__icon fa fa-paper-plane fa-fw' is clicked on

2022-01-16 11:06:02 - [TEST_STEP][PASSED] - setText(findTestObject("Object Repository/Texting/Page_Nh ca ti/textarea_Use enter to send_yui_3_17_2_1_164_3e2d02"), "How can I help you"): Text 'How can I help you' is set on object 'Object Repository/Texting/Page_Nh ca ti/textarea_Use enter to send_yui_3_17_2_1_164_3e2d02'

2022-01-16 11:06:08 - [MESSAGE][INFO] - Unable to find the element located by 'By.xpath: //textarea[@id='yui_3_17_2_1_1641382762786_207']'. Please recheck the objects properties to make sure the desired element is located. 

2022-01-16 11:06:08 - [MESSAGE][WARNING] - [SELF-HEALING] Failed to find element with id 'Object Repository/Texting/Page_Nh ca ti/textarea_Use enter to send_yui_3_17_2_1_164_3e2d02'. Try using Self-healing.

2022-01-16 11:06:08 - [MESSAGE][WARNING] - [SELF-HEALING] The current locator of test object 'Object Repository/Texting/Page_Nh ca ti/textarea_Use enter to send_yui_3_17_2_1_164_3e2d02' was broken. Propose an alternative one: '//textarea'.

2022-01-16 11:06:14 - [MESSAGE][INFO] - Unable to find the element located by 'By.xpath: //textarea[@id='yui_3_17_2_1_1641382762786_207']'. Please recheck the objects properties to make sure the desired element is located. 

2022-01-16 11:06:14 - [MESSAGE][WARNING] - [SELF-HEALING] Failed to find element with id 'Object Repository/Texting/Page_Nh ca ti/textarea_Use enter to send_yui_3_17_2_1_164_3e2d02'. Try using Self-healing.

2022-01-16 11:06:15 - [MESSAGE][WARNING] - [SELF-HEALING] The current locator of test object 'Object Repository/Texting/Page_Nh ca ti/textarea_Use enter to send_yui_3_17_2_1_164_3e2d02' was broken. Propose an alternative one: '//textarea'.

2022-01-16 11:06:15 - [MESSAGE][PASSED] - Text 'How can I help you' is set on object 'Object Repository/Texting/Page_Nh ca ti/textarea_Use enter to send_yui_3_17_2_1_164_3e2d02'

2022-01-16 11:06:15 - [TEST_STEP][PASSED] - click(findTestObject("Object Repository/Texting/Page_Nh ca ti/i__yui_3_17_2_1_1641382762786_212")): Object: 'Object Repository/Texting/Page_Nh ca ti/i__yui_3_17_2_1_1641382762786_212' is clicked on

2022-01-16 11:06:22 - [MESSAGE][INFO] - Unable to find the element located by 'By.xpath: //i[@id='yui_3_17_2_1_1641382762786_212']'. Please recheck the objects properties to make sure the desired element is located. 

2022-01-16 11:06:22 - [MESSAGE][WARNING] - [SELF-HEALING] Failed to find element with id 'Object Repository/Texting/Page_Nh ca ti/i__yui_3_17_2_1_1641382762786_212'. Try using Self-healing.

2022-01-16 11:06:22 - [MESSAGE][WARNING] - [SELF-HEALING] The current locator of test object 'Object Repository/Texting/Page_Nh ca ti/i__yui_3_17_2_1_1641382762786_212' was broken. Propose an alternative one: '//button[2]/span/i'.

2022-01-16 11:06:22 - [MESSAGE][PASSED] - Object: 'Object Repository/Texting/Page_Nh ca ti/i__yui_3_17_2_1_1641382762786_212' is clicked on

2022-01-16 11:06:22 - [TEST_STEP][PASSED] - setText(findTestObject("Object Repository/Texting/Page_Nh ca ti/textarea_Use enter to send_yui_3_17_2_1_164_3e2d02"), "Are you ok?"): Text 'Are you ok?' is set on object 'Object Repository/Texting/Page_Nh ca ti/textarea_Use enter to send_yui_3_17_2_1_164_3e2d02'

2022-01-16 11:06:28 - [MESSAGE][INFO] - Unable to find the element located by 'By.xpath: //textarea[@id='yui_3_17_2_1_1641382762786_207']'. Please recheck the objects properties to make sure the desired element is located. 

2022-01-16 11:06:28 - [MESSAGE][WARNING] - [SELF-HEALING] Failed to find element with id 'Object Repository/Texting/Page_Nh ca ti/textarea_Use enter to send_yui_3_17_2_1_164_3e2d02'. Try using Self-healing.

2022-01-16 11:06:29 - [MESSAGE][WARNING] - [SELF-HEALING] The current locator of test object 'Object Repository/Texting/Page_Nh ca ti/textarea_Use enter to send_yui_3_17_2_1_164_3e2d02' was broken. Propose an alternative one: '//textarea'.

2022-01-16 11:06:35 - [MESSAGE][INFO] - Unable to find the element located by 'By.xpath: //textarea[@id='yui_3_17_2_1_1641382762786_207']'. Please recheck the objects properties to make sure the desired element is located. 

2022-01-16 11:06:35 - [MESSAGE][WARNING] - [SELF-HEALING] Failed to find element with id 'Object Repository/Texting/Page_Nh ca ti/textarea_Use enter to send_yui_3_17_2_1_164_3e2d02'. Try using Self-healing.

2022-01-16 11:06:35 - [MESSAGE][WARNING] - [SELF-HEALING] The current locator of test object 'Object Repository/Texting/Page_Nh ca ti/textarea_Use enter to send_yui_3_17_2_1_164_3e2d02' was broken. Propose an alternative one: '//textarea'.

2022-01-16 11:06:35 - [MESSAGE][PASSED] - Text 'Are you ok?' is set on object 'Object Repository/Texting/Page_Nh ca ti/textarea_Use enter to send_yui_3_17_2_1_164_3e2d02'

2022-01-16 11:06:35 - [TEST_STEP][PASSED] - click(findTestObject("Object Repository/Texting/Page_Nh ca ti/i__yui_3_17_2_1_1641382762786_212")): Object: 'Object Repository/Texting/Page_Nh ca ti/i__yui_3_17_2_1_1641382762786_212' is clicked on

2022-01-16 11:06:41 - [MESSAGE][INFO] - Unable to find the element located by 'By.xpath: //i[@id='yui_3_17_2_1_1641382762786_212']'. Please recheck the objects properties to make sure the desired element is located. 

2022-01-16 11:06:41 - [MESSAGE][WARNING] - [SELF-HEALING] Failed to find element with id 'Object Repository/Texting/Page_Nh ca ti/i__yui_3_17_2_1_1641382762786_212'. Try using Self-healing.

2022-01-16 11:06:42 - [MESSAGE][WARNING] - [SELF-HEALING] The current locator of test object 'Object Repository/Texting/Page_Nh ca ti/i__yui_3_17_2_1_1641382762786_212' was broken. Propose an alternative one: '//button[2]/span/i'.

2022-01-16 11:06:42 - [MESSAGE][PASSED] - Object: 'Object Repository/Texting/Page_Nh ca ti/i__yui_3_17_2_1_1641382762786_212' is clicked on

2022-01-16 11:06:42 - [TEST_STEP][PASSED] - click(findTestObject("Object Repository/Texting/Page_Nh ca ti/a_Cng Bnh L")): Object: 'Object Repository/Texting/Page_Nh ca ti/a_Cng Bnh L' is clicked on

2022-01-16 11:06:45 - [MESSAGE][PASSED] - Object: 'Object Repository/Texting/Page_Nh ca ti/a_Cng Bnh L' is clicked on

2022-01-16 11:06:45 - [TEST_STEP][PASSED] - click(findTestObject("Object Repository/Texting/Page_Nh ca ti/span_Thot")): Object: 'Object Repository/Texting/Page_Nh ca ti/span_Thot' is clicked on

2022-01-16 11:06:46 - [MESSAGE][PASSED] - Object: 'Object Repository/Texting/Page_Nh ca ti/span_Thot' is clicked on

2022-01-16 11:06:46 - [TEST_STEP][PASSED] - click(findTestObject("Object Repository/Texting/Page_Local Moodle/a_Log in")): Object: 'Object Repository/Texting/Page_Local Moodle/a_Log in' is clicked on

2022-01-16 11:06:47 - [MESSAGE][PASSED] - Object: 'Object Repository/Texting/Page_Local Moodle/a_Log in' is clicked on

2022-01-16 11:06:47 - [TEST_STEP][PASSED] - setText(findTestObject("Object Repository/Texting/Page_Local Moodle Log in to the site/input_Username_username"), "ndtthanh"): Text 'ndtthanh' is set on object 'Object Repository/Texting/Page_Local Moodle Log in to the site/input_Username_username'

2022-01-16 11:06:48 - [MESSAGE][PASSED] - Text 'ndtthanh' is set on object 'Object Repository/Texting/Page_Local Moodle Log in to the site/input_Username_username'

2022-01-16 11:06:48 - [TEST_STEP][PASSED] - setEncryptedText(findTestObject("Object Repository/Texting/Page_Local Moodle Log in to the site/input_Password_password"), "o5TCnEIIWq0Pz0TkrK1a2rpuWvRKVWz2"): Text ****** has been set on object 'Object Repository/Texting/Page_Local Moodle Log in to the site/input_Password_password'

2022-01-16 11:06:49 - [MESSAGE][PASSED] - Text ****** has been set on object 'Object Repository/Texting/Page_Local Moodle Log in to the site/input_Password_password'

2022-01-16 11:06:49 - [TEST_STEP][PASSED] - click(findTestObject("Object Repository/Texting/Page_Local Moodle Log in to the site/button_Log in")): Object: 'Object Repository/Texting/Page_Local Moodle Log in to the site/button_Log in' is clicked on

2022-01-16 11:06:51 - [MESSAGE][PASSED] - Object: 'Object Repository/Texting/Page_Local Moodle Log in to the site/button_Log in' is clicked on

2022-01-16 11:06:51 - [TEST_STEP][PASSED] - click(findTestObject("Object Repository/Texting/Page_Nh ca ti/i_See all_icon fa fa-comment fa-fw")): Object: 'Object Repository/Texting/Page_Nh ca ti/i_See all_icon fa fa-comment fa-fw' is clicked on

2022-01-16 11:06:57 - [MESSAGE][INFO] - Unable to find the element located by 'By.xpath: //a[@id='message-drawer-toggle-61d5836ab0e7961d5836a98d4612']/i'. Please recheck the objects properties to make sure the desired element is located. 

2022-01-16 11:06:57 - [MESSAGE][WARNING] - [SELF-HEALING] Failed to find element with id 'Object Repository/Texting/Page_Nh ca ti/i_See all_icon fa fa-comment fa-fw'. Try using Self-healing.

2022-01-16 11:06:57 - [MESSAGE][WARNING] - [SELF-HEALING] The current locator of test object 'Object Repository/Texting/Page_Nh ca ti/i_See all_icon fa fa-comment fa-fw' was broken. Propose an alternative one: '//div[2]/a/i'.

2022-01-16 11:06:57 - [MESSAGE][PASSED] - Object: 'Object Repository/Texting/Page_Nh ca ti/i_See all_icon fa fa-comment fa-fw' is clicked on

2022-01-16 11:06:57 - [TEST_STEP][PASSED] - verifyElementClickable(findTestObject("Object Repository/Texting/Page_Nh ca ti/i_See all_yui_3_17_2_1_1641382882296_189")): Object 'Object Repository/Texting/Page_Nh ca ti/i_See all_yui_3_17_2_1_1641382882296_189' is clickable

2022-01-16 11:07:03 - [MESSAGE][INFO] - Unable to find the element located by 'By.xpath: //i[@id='yui_3_17_2_1_1641382882296_189']'. Please recheck the objects properties to make sure the desired element is located. 

2022-01-16 11:07:03 - [MESSAGE][WARNING] - [SELF-HEALING] Failed to find element with id 'Object Repository/Texting/Page_Nh ca ti/i_See all_yui_3_17_2_1_1641382882296_189'. Try using Self-healing.

2022-01-16 11:07:04 - [MESSAGE][WARNING] - [SELF-HEALING] The current locator of test object 'Object Repository/Texting/Page_Nh ca ti/i_See all_yui_3_17_2_1_1641382882296_189' was broken. Propose an alternative one: '//div[2]/a/i'.

2022-01-16 11:07:04 - [MESSAGE][PASSED] - Object 'Object Repository/Texting/Page_Nh ca ti/i_See all_yui_3_17_2_1_1641382882296_189' is clickable

2022-01-16 11:07:04 - [TEST_STEP][PASSED] - verifyElementClickable(findTestObject("Object Repository/Texting/Page_Nh ca ti/strong_Cng Bnh L")): Object 'Object Repository/Texting/Page_Nh ca ti/strong_Cng Bnh L' is clickable

2022-01-16 11:07:10 - [MESSAGE][INFO] - Unable to find the element located by 'By.xpath: //div[@id='view-overview-messages-target-61d583e23d87f61d583e22613e21']/div[2]/a/div/div/strong'. Please recheck the objects properties to make sure the desired element is located. 

2022-01-16 11:07:10 - [MESSAGE][WARNING] - [SELF-HEALING] Failed to find element with id 'Object Repository/Texting/Page_Nh ca ti/strong_Cng Bnh L'. Try using Self-healing.

2022-01-16 11:07:11 - [MESSAGE][WARNING] - [SELF-HEALING] The current locator of test object 'Object Repository/Texting/Page_Nh ca ti/strong_Cng Bnh L' was broken. Propose an alternative one: '(.//*[normalize-space(text()) and normalize-space(.)='Private'])[1]/following::strong[1]'.

2022-01-16 11:07:11 - [MESSAGE][PASSED] - Object 'Object Repository/Texting/Page_Nh ca ti/strong_Cng Bnh L' is clickable

2022-01-16 11:07:11 - [TEST_STEP][PASSED] - click(findTestObject("Object Repository/Texting/Page_Nh ca ti/strong_Cng Bnh L")): Object: 'Object Repository/Texting/Page_Nh ca ti/strong_Cng Bnh L' is clicked on

2022-01-16 11:07:17 - [MESSAGE][INFO] - Unable to find the element located by 'By.xpath: //div[@id='view-overview-messages-target-61d583e23d87f61d583e22613e21']/div[2]/a/div/div/strong'. Please recheck the objects properties to make sure the desired element is located. 

2022-01-16 11:07:17 - [MESSAGE][WARNING] - [SELF-HEALING] Failed to find element with id 'Object Repository/Texting/Page_Nh ca ti/strong_Cng Bnh L'. Try using Self-healing.

2022-01-16 11:07:17 - [MESSAGE][WARNING] - [SELF-HEALING] The current locator of test object 'Object Repository/Texting/Page_Nh ca ti/strong_Cng Bnh L' was broken. Propose an alternative one: '(.//*[normalize-space(text()) and normalize-space(.)='Private'])[1]/following::strong[1]'.

2022-01-16 11:07:17 - [MESSAGE][PASSED] - Object: 'Object Repository/Texting/Page_Nh ca ti/strong_Cng Bnh L' is clicked on

2022-01-16 11:07:17 - [TEST_STEP][PASSED] - verifyElementText(findTestObject("Object Repository/Texting/Page_Nh ca ti/p_Hi there"), "Hi there"): Actual text and expected text of test object 'Object Repository/Texting/Page_Nh ca ti/p_Hi there' are matched.

2022-01-16 11:07:19 - [MESSAGE][PASSED] - Actual text and expected text of test object 'Object Repository/Texting/Page_Nh ca ti/p_Hi there' are matched.

2022-01-16 11:07:19 - [TEST_STEP][PASSED] - verifyElementText(findTestObject("Object Repository/Texting/Page_Nh ca ti/p_How can I help you"), "How can I help you"): Actual text and expected text of test object 'Object Repository/Texting/Page_Nh ca ti/p_How can I help you' are matched.

2022-01-16 11:07:20 - [MESSAGE][PASSED] - Actual text and expected text of test object 'Object Repository/Texting/Page_Nh ca ti/p_How can I help you' are matched.

2022-01-16 11:07:20 - [TEST_STEP][PASSED] - verifyElementText(findTestObject("Object Repository/Texting/Page_Nh ca ti/p_Are you ok"), "Are you ok?"): Actual text and expected text of test object 'Object Repository/Texting/Page_Nh ca ti/p_Are you ok' are matched.

2022-01-16 11:07:20 - [MESSAGE][PASSED] - Actual text and expected text of test object 'Object Repository/Texting/Page_Nh ca ti/p_Are you ok' are matched.

2022-01-16 11:07:20 - [TEST_STEP][PASSED] - closeBrowser(): Browser is closed

2022-01-16 11:07:22 - [MESSAGE][PASSED] - Browser is closed]]></system-out>
         <system-err><![CDATA[]]></system-err>
      </testcase>
      <testcase name="Test Cases/Texting/Receive text message from multiple users" time="303.642" classname="Test Cases/Texting/Receive text message from multiple users" status="FAILED">
         <failure type="FAILED" message="Test Cases/Texting/Receive text message from multiple users FAILED.
Reason:
com.kms.katalon.core.exception.StepFailedException: Unable to click on object 'Object Repository/Texting/Page_Nh ca ti/h6_Cng Bnh L'
	at com.kms.katalon.core.webui.keyword.internal.WebUIKeywordMain.stepFailed(WebUIKeywordMain.groovy:64)
	at com.kms.katalon.core.webui.keyword.internal.WebUIKeywordMain.runKeyword(WebUIKeywordMain.groovy:26)
	at com.kms.katalon.core.webui.keyword.builtin.ClickKeyword.click(ClickKeyword.groovy:74)
	at com.kms.katalon.core.webui.keyword.builtin.ClickKeyword.execute(ClickKeyword.groovy:40)
	at com.kms.katalon.core.keyword.internal.KeywordExecutor.executeKeywordForPlatform(KeywordExecutor.groovy:74)
	at com.kms.katalon.core.webui.keyword.WebUiBuiltInKeywords.click(WebUiBuiltInKeywords.groovy:620)
	at com.kms.katalon.core.webui.keyword.WebUiBuiltInKeywords$click$1.call(Unknown Source)
	at Receive text message from multiple users.run(Receive text message from multiple users:71)
	at com.kms.katalon.core.main.ScriptEngine.run(ScriptEngine.java:194)
	at com.kms.katalon.core.main.ScriptEngine.runScriptAsRawText(ScriptEngine.java:119)
	at com.kms.katalon.core.main.TestCaseExecutor.runScript(TestCaseExecutor.java:442)
	at com.kms.katalon.core.main.TestCaseExecutor.doExecute(TestCaseExecutor.java:433)
	at com.kms.katalon.core.main.TestCaseExecutor.processExecutionPhase(TestCaseExecutor.java:412)
	at com.kms.katalon.core.main.TestCaseExecutor.accessMainPhase(TestCaseExecutor.java:404)
	at com.kms.katalon.core.main.TestCaseExecutor.execute(TestCaseExecutor.java:281)
	at com.kms.katalon.core.main.TestCaseExecutor.execute(TestCaseExecutor.java:363)
	at com.kms.katalon.core.main.TestCaseExecutor.execute(TestCaseExecutor.java:363)
	at com.kms.katalon.core.main.TestCaseExecutor.execute(TestCaseExecutor.java:363)
	at com.kms.katalon.core.main.TestSuiteExecutor.accessTestCaseMainPhase(TestSuiteExecutor.java:202)
	at com.kms.katalon.core.main.TestSuiteExecutor.accessTestSuiteMainPhase(TestSuiteExecutor.java:164)
	at com.kms.katalon.core.main.TestSuiteExecutor.execute(TestSuiteExecutor.java:105)
	at com.kms.katalon.core.main.TestCaseMain.startTestSuite(TestCaseMain.java:181)
	at com.kms.katalon.core.main.TestCaseMain$startTestSuite$0.call(Unknown Source)
	at TempTestSuite1642298356151.run(TempTestSuite1642298356151.groovy:36)
Caused by: com.kms.katalon.core.webui.exception.WebElementNotFoundException: Web element with id: 'Object Repository/Texting/Page_Nh ca ti/h6_Cng Bnh L' located by '//div[@id='yui_3_17_2_1_1641380790278_197']/div[6]/div/div/div/div[2]/div/a/h6' not found
	at com.kms.katalon.core.webui.common.WebUiCommonHelper.findWebElement(WebUiCommonHelper.java:1368)
	at com.kms.katalon.core.webui.keyword.internal.WebUIAbstractKeyword.findWebElement(WebUIAbstractKeyword.groovy:27)
	at com.kms.katalon.core.webui.keyword.builtin.ClickKeyword$_click_closure1.doCall(ClickKeyword.groovy:65)
	at com.kms.katalon.core.webui.keyword.builtin.ClickKeyword$_click_closure1.call(ClickKeyword.groovy)
	at com.kms.katalon.core.webui.keyword.internal.WebUIKeywordMain.runKeyword(WebUIKeywordMain.groovy:20)
	... 22 more
"/>
         <system-out><![CDATA[2022-01-16 11:15:32 - [TEST_CASE][FAILED] - Test Cases/Texting/Receive text message from multiple users: Test Cases/Texting/Receive text message from multiple users FAILED.
Reason:
com.kms.katalon.core.exception.StepFailedException: Unable to click on object 'Object Repository/Texting/Page_Nh ca ti/h6_Cng Bnh L'
	at com.kms.katalon.core.webui.keyword.internal.WebUIKeywordMain.stepFailed(WebUIKeywordMain.groovy:64)
	at com.kms.katalon.core.webui.keyword.internal.WebUIKeywordMain.runKeyword(WebUIKeywordMain.groovy:26)
	at com.kms.katalon.core.webui.keyword.builtin.ClickKeyword.click(ClickKeyword.groovy:74)
	at com.kms.katalon.core.webui.keyword.builtin.ClickKeyword.execute(ClickKeyword.groovy:40)
	at com.kms.katalon.core.keyword.internal.KeywordExecutor.executeKeywordForPlatform(KeywordExecutor.groovy:74)
	at com.kms.katalon.core.webui.keyword.WebUiBuiltInKeywords.click(WebUiBuiltInKeywords.groovy:620)
	at com.kms.katalon.core.webui.keyword.WebUiBuiltInKeywords$click$1.call(Unknown Source)
	at Receive text message from multiple users.run(Receive text message from multiple users:71)
	at com.kms.katalon.core.main.ScriptEngine.run(ScriptEngine.java:194)
	at com.kms.katalon.core.main.ScriptEngine.runScriptAsRawText(ScriptEngine.java:119)
	at com.kms.katalon.core.main.TestCaseExecutor.runScript(TestCaseExecutor.java:442)
	at com.kms.katalon.core.main.TestCaseExecutor.doExecute(TestCaseExecutor.java:433)
	at com.kms.katalon.core.main.TestCaseExecutor.processExecutionPhase(TestCaseExecutor.java:412)
	at com.kms.katalon.core.main.TestCaseExecutor.accessMainPhase(TestCaseExecutor.java:404)
	at com.kms.katalon.core.main.TestCaseExecutor.execute(TestCaseExecutor.java:281)
	at com.kms.katalon.core.main.TestCaseExecutor.execute(TestCaseExecutor.java:363)
	at com.kms.katalon.core.main.TestCaseExecutor.execute(TestCaseExecutor.java:363)
	at com.kms.katalon.core.main.TestCaseExecutor.execute(TestCaseExecutor.java:363)
	at com.kms.katalon.core.main.TestSuiteExecutor.accessTestCaseMainPhase(TestSuiteExecutor.java:202)
	at com.kms.katalon.core.main.TestSuiteExecutor.accessTestSuiteMainPhase(TestSuiteExecutor.java:164)
	at com.kms.katalon.core.main.TestSuiteExecutor.execute(TestSuiteExecutor.java:105)
	at com.kms.katalon.core.main.TestCaseMain.startTestSuite(TestCaseMain.java:181)
	at com.kms.katalon.core.main.TestCaseMain$startTestSuite$0.call(Unknown Source)
	at TempTestSuite1642298356151.run(TempTestSuite1642298356151.groovy:36)
Caused by: com.kms.katalon.core.webui.exception.WebElementNotFoundException: Web element with id: 'Object Repository/Texting/Page_Nh ca ti/h6_Cng Bnh L' located by '//div[@id='yui_3_17_2_1_1641380790278_197']/div[6]/div/div/div/div[2]/div/a/h6' not found
	at com.kms.katalon.core.webui.common.WebUiCommonHelper.findWebElement(WebUiCommonHelper.java:1368)
	at com.kms.katalon.core.webui.keyword.internal.WebUIAbstractKeyword.findWebElement(WebUIAbstractKeyword.groovy:27)
	at com.kms.katalon.core.webui.keyword.builtin.ClickKeyword$_click_closure1.doCall(ClickKeyword.groovy:65)
	at com.kms.katalon.core.webui.keyword.builtin.ClickKeyword$_click_closure1.call(ClickKeyword.groovy)
	at com.kms.katalon.core.webui.keyword.internal.WebUIKeywordMain.runKeyword(WebUIKeywordMain.groovy:20)
	... 22 more


2022-01-16 11:15:32 - [TEST_STEP][PASSED] - openBrowser(""): Browser is opened with url: ''

2022-01-16 11:15:32 - [MESSAGE][WARNING] - A browser is already opened. Closing browser and opening a new one

2022-01-16 11:15:34 - [MESSAGE][INFO] - Starting 'Edge Chromium' driver

2022-01-16 11:15:35 - [MESSAGE][INFO] - Action delay is set to 0 milliseconds

2022-01-16 11:15:37 - [MESSAGE][PASSED] - Browser is opened with url: ''

2022-01-16 11:15:37 - [TEST_STEP][PASSED] - navigateToUrl("http://localhost/"): Navigate to 'http://localhost/' successfully

2022-01-16 11:15:43 - [MESSAGE][PASSED] - Navigate to 'http://localhost/' successfully

2022-01-16 11:15:43 - [TEST_STEP][PASSED] - click(findTestObject("Object Repository/Texting/Page_Local Moodle/a_Log in")): Object: 'Object Repository/Texting/Page_Local Moodle/a_Log in' is clicked on

2022-01-16 11:15:44 - [MESSAGE][PASSED] - Object: 'Object Repository/Texting/Page_Local Moodle/a_Log in' is clicked on

2022-01-16 11:15:44 - [TEST_STEP][PASSED] - setText(findTestObject("Object Repository/Texting/Page_Local Moodle Log in to the site/input_Username_username"), "ndtthanh"): Text 'ndtthanh' is set on object 'Object Repository/Texting/Page_Local Moodle Log in to the site/input_Username_username'

2022-01-16 11:15:50 - [MESSAGE][PASSED] - Text 'ndtthanh' is set on object 'Object Repository/Texting/Page_Local Moodle Log in to the site/input_Username_username'

2022-01-16 11:15:50 - [TEST_STEP][PASSED] - setEncryptedText(findTestObject("Object Repository/Texting/Page_Local Moodle Log in to the site/input_Password_password"), "o5TCnEIIWq0Pz0TkrK1a2rpuWvRKVWz2"): Text ****** has been set on object 'Object Repository/Texting/Page_Local Moodle Log in to the site/input_Password_password'

2022-01-16 11:15:51 - [MESSAGE][PASSED] - Text ****** has been set on object 'Object Repository/Texting/Page_Local Moodle Log in to the site/input_Password_password'

2022-01-16 11:15:51 - [TEST_STEP][PASSED] - click(findTestObject("Object Repository/Texting/Page_Local Moodle Log in to the site/button_Log in")): Object: 'Object Repository/Texting/Page_Local Moodle Log in to the site/button_Log in' is clicked on

2022-01-16 11:15:52 - [MESSAGE][PASSED] - Object: 'Object Repository/Texting/Page_Local Moodle Log in to the site/button_Log in' is clicked on

2022-01-16 11:15:52 - [TEST_STEP][PASSED] - click(findTestObject("Object Repository/Texting/Page_Nh ca ti/i_See all_icon fa fa-comment fa-fw")): Object: 'Object Repository/Texting/Page_Nh ca ti/i_See all_icon fa fa-comment fa-fw' is clicked on

2022-01-16 11:15:59 - [MESSAGE][INFO] - Unable to find the element located by 'By.xpath: //a[@id='message-drawer-toggle-61d5836ab0e7961d5836a98d4612']/i'. Please recheck the objects properties to make sure the desired element is located. 

2022-01-16 11:15:59 - [MESSAGE][WARNING] - [SELF-HEALING] Failed to find element with id 'Object Repository/Texting/Page_Nh ca ti/i_See all_icon fa fa-comment fa-fw'. Try using Self-healing.

2022-01-16 11:15:59 - [MESSAGE][WARNING] - [SELF-HEALING] The current locator of test object 'Object Repository/Texting/Page_Nh ca ti/i_See all_icon fa fa-comment fa-fw' was broken. Propose an alternative one: '//div[2]/a/i'.

2022-01-16 11:15:59 - [MESSAGE][PASSED] - Object: 'Object Repository/Texting/Page_Nh ca ti/i_See all_icon fa fa-comment fa-fw' is clicked on

2022-01-16 11:15:59 - [TEST_STEP][PASSED] - setText(findTestObject("Object Repository/Texting/Page_Nh ca ti/input_Messages selected_form-control"), "Lê"): Text 'Lê' is set on object 'Object Repository/Texting/Page_Nh ca ti/input_Messages selected_form-control'

2022-01-16 11:16:07 - [MESSAGE][PASSED] - Text 'Lê' is set on object 'Object Repository/Texting/Page_Nh ca ti/input_Messages selected_form-control'

2022-01-16 11:16:07 - [TEST_STEP][PASSED] - verifyElementClickable(findTestObject("Object Repository/Texting/Page_Nh ca ti/i_Messages selected_icon fa fa-search fa-fw_1")): Object 'Object Repository/Texting/Page_Nh ca ti/i_Messages selected_icon fa fa-search fa-fw_1' is clickable

2022-01-16 11:16:14 - [MESSAGE][INFO] - Unable to find the element located by 'By.xpath: //div[@id='yui_3_17_2_1_1641380790278_202']/div[4]/div/div/div/button/span/i'. Please recheck the objects properties to make sure the desired element is located. 

2022-01-16 11:16:14 - [MESSAGE][WARNING] - [SELF-HEALING] Failed to find element with id 'Object Repository/Texting/Page_Nh ca ti/i_Messages selected_icon fa fa-search fa-fw_1'. Try using Self-healing.

2022-01-16 11:16:14 - [MESSAGE][WARNING] - [SELF-HEALING] The current locator of test object 'Object Repository/Texting/Page_Nh ca ti/i_Messages selected_icon fa fa-search fa-fw_1' was broken. Propose an alternative one: '//button/span/i'.

2022-01-16 11:16:14 - [MESSAGE][PASSED] - Object 'Object Repository/Texting/Page_Nh ca ti/i_Messages selected_icon fa fa-search fa-fw_1' is clickable

2022-01-16 11:16:14 - [TEST_STEP][PASSED] - click(findTestObject("Object Repository/Texting/Page_Nh ca ti/i_Messages selected_icon fa fa-search fa-fw_1")): Object: 'Object Repository/Texting/Page_Nh ca ti/i_Messages selected_icon fa fa-search fa-fw_1' is clicked on

2022-01-16 11:16:20 - [MESSAGE][INFO] - Unable to find the element located by 'By.xpath: //div[@id='yui_3_17_2_1_1641380790278_202']/div[4]/div/div/div/button/span/i'. Please recheck the objects properties to make sure the desired element is located. 

2022-01-16 11:16:20 - [MESSAGE][WARNING] - [SELF-HEALING] Failed to find element with id 'Object Repository/Texting/Page_Nh ca ti/i_Messages selected_icon fa fa-search fa-fw_1'. Try using Self-healing.

2022-01-16 11:16:20 - [MESSAGE][WARNING] - [SELF-HEALING] The current locator of test object 'Object Repository/Texting/Page_Nh ca ti/i_Messages selected_icon fa fa-search fa-fw_1' was broken. Propose an alternative one: '//button/span/i'.

2022-01-16 11:16:20 - [MESSAGE][PASSED] - Object: 'Object Repository/Texting/Page_Nh ca ti/i_Messages selected_icon fa fa-search fa-fw_1' is clicked on

2022-01-16 11:16:20 - [TEST_STEP][PASSED] - verifyElementClickable(findTestObject("Object Repository/Texting/Page_Nh ca ti/h6_Cng Bnh L")): Object 'Object Repository/Texting/Page_Nh ca ti/h6_Cng Bnh L' is clickable

2022-01-16 11:16:30 - [MESSAGE][INFO] - Unable to find the element located by 'By.xpath: //div[@id='yui_3_17_2_1_1641380790278_197']/div[6]/div/div/div/div[2]/div/a/h6'. Please recheck the objects properties to make sure the desired element is located. 

2022-01-16 11:16:30 - [MESSAGE][WARNING] - [SELF-HEALING] Failed to find element with id 'Object Repository/Texting/Page_Nh ca ti/h6_Cng Bnh L'. Try using Self-healing.

2022-01-16 11:16:30 - [MESSAGE][WARNING] - [SELF-HEALING] The current locator of test object 'Object Repository/Texting/Page_Nh ca ti/h6_Cng Bnh L' was broken. Propose an alternative one: '(.//*[normalize-space(text()) and normalize-space(.)='Non-contacts'])[1]/following::h6[1]'.

2022-01-16 11:16:30 - [MESSAGE][PASSED] - Object 'Object Repository/Texting/Page_Nh ca ti/h6_Cng Bnh L' is clickable

2022-01-16 11:16:30 - [TEST_STEP][PASSED] - click(findTestObject("Object Repository/Texting/Page_Nh ca ti/h6_Cng Bnh L")): Object: 'Object Repository/Texting/Page_Nh ca ti/h6_Cng Bnh L' is clicked on

2022-01-16 11:16:36 - [MESSAGE][INFO] - Unable to find the element located by 'By.xpath: //div[@id='yui_3_17_2_1_1641380790278_197']/div[6]/div/div/div/div[2]/div/a/h6'. Please recheck the objects properties to make sure the desired element is located. 

2022-01-16 11:16:36 - [MESSAGE][WARNING] - [SELF-HEALING] Failed to find element with id 'Object Repository/Texting/Page_Nh ca ti/h6_Cng Bnh L'. Try using Self-healing.

2022-01-16 11:16:37 - [MESSAGE][WARNING] - [SELF-HEALING] The current locator of test object 'Object Repository/Texting/Page_Nh ca ti/h6_Cng Bnh L' was broken. Propose an alternative one: '(.//*[normalize-space(text()) and normalize-space(.)='Non-contacts'])[1]/following::h6[1]'.

2022-01-16 11:16:37 - [MESSAGE][PASSED] - Object: 'Object Repository/Texting/Page_Nh ca ti/h6_Cng Bnh L' is clicked on

2022-01-16 11:16:37 - [TEST_STEP][PASSED] - setText(findTestObject("Object Repository/Texting/Page_Nh ca ti/textarea_Use enter to send_yui_3_17_2_1_164_cec9a1"), "I 'm Thanh"): Text 'I 'm Thanh' is set on object 'Object Repository/Texting/Page_Nh ca ti/textarea_Use enter to send_yui_3_17_2_1_164_cec9a1'

2022-01-16 11:16:46 - [MESSAGE][INFO] - Unable to find the element located by 'By.xpath: //textarea[@id='yui_3_17_2_1_1641380790278_222']'. Please recheck the objects properties to make sure the desired element is located. 

2022-01-16 11:16:46 - [MESSAGE][WARNING] - [SELF-HEALING] Failed to find element with id 'Object Repository/Texting/Page_Nh ca ti/textarea_Use enter to send_yui_3_17_2_1_164_cec9a1'. Try using Self-healing.

2022-01-16 11:16:53 - [MESSAGE][WARNING] - [SELF-HEALING] The current locator of test object 'Object Repository/Texting/Page_Nh ca ti/textarea_Use enter to send_yui_3_17_2_1_164_cec9a1' was broken. Propose an alternative one: '//textarea'.

2022-01-16 11:17:00 - [MESSAGE][INFO] - Unable to find the element located by 'By.xpath: //textarea[@id='yui_3_17_2_1_1641380790278_222']'. Please recheck the objects properties to make sure the desired element is located. 

2022-01-16 11:17:00 - [MESSAGE][WARNING] - [SELF-HEALING] Failed to find element with id 'Object Repository/Texting/Page_Nh ca ti/textarea_Use enter to send_yui_3_17_2_1_164_cec9a1'. Try using Self-healing.

2022-01-16 11:17:00 - [MESSAGE][WARNING] - [SELF-HEALING] The current locator of test object 'Object Repository/Texting/Page_Nh ca ti/textarea_Use enter to send_yui_3_17_2_1_164_cec9a1' was broken. Propose an alternative one: '//textarea'.

2022-01-16 11:17:00 - [MESSAGE][PASSED] - Text 'I 'm Thanh' is set on object 'Object Repository/Texting/Page_Nh ca ti/textarea_Use enter to send_yui_3_17_2_1_164_cec9a1'

2022-01-16 11:17:00 - [TEST_STEP][PASSED] - click(findTestObject("Object Repository/Texting/Page_Nh ca ti/i__icon fa fa-paper-plane fa-fw")): Object: 'Object Repository/Texting/Page_Nh ca ti/i__icon fa fa-paper-plane fa-fw' is clicked on

2022-01-16 11:17:07 - [MESSAGE][INFO] - Unable to find the element located by 'By.xpath: //div[@id='yui_3_17_2_1_1641382762786_208']/div/button[2]/span/i'. Please recheck the objects properties to make sure the desired element is located. 

2022-01-16 11:17:07 - [MESSAGE][WARNING] - [SELF-HEALING] Failed to find element with id 'Object Repository/Texting/Page_Nh ca ti/i__icon fa fa-paper-plane fa-fw'. Try using Self-healing.

2022-01-16 11:17:07 - [MESSAGE][WARNING] - [SELF-HEALING] The current locator of test object 'Object Repository/Texting/Page_Nh ca ti/i__icon fa fa-paper-plane fa-fw' was broken. Propose an alternative one: '//button[2]/span/i'.

2022-01-16 11:17:08 - [MESSAGE][PASSED] - Object: 'Object Repository/Texting/Page_Nh ca ti/i__icon fa fa-paper-plane fa-fw' is clicked on

2022-01-16 11:17:08 - [TEST_STEP][PASSED] - click(findTestObject("Object Repository/Texting/Page_Nh ca ti/a_Tin Thnh Nguyn ng")): Object: 'Object Repository/Texting/Page_Nh ca ti/a_Tin Thnh Nguyn ng' is clicked on

2022-01-16 11:17:15 - [MESSAGE][PASSED] - Object: 'Object Repository/Texting/Page_Nh ca ti/a_Tin Thnh Nguyn ng' is clicked on

2022-01-16 11:17:15 - [TEST_STEP][PASSED] - click(findTestObject("Object Repository/Texting/Page_Nh ca ti/a_Thot")): Object: 'Object Repository/Texting/Page_Nh ca ti/a_Thot' is clicked on

2022-01-16 11:19:26 - [MESSAGE][PASSED] - Object: 'Object Repository/Texting/Page_Nh ca ti/a_Thot' is clicked on

2022-01-16 11:19:26 - [TEST_STEP][PASSED] - click(findTestObject("Object Repository/Texting/Page_Local Moodle/a_Log in")): Object: 'Object Repository/Texting/Page_Local Moodle/a_Log in' is clicked on

2022-01-16 11:19:32 - [MESSAGE][INFO] - Unable to find the element located by 'By.xpath: //div[@id='page-wrapper']/nav/ul[2]/li[2]/div/span/a'. Please recheck the objects properties to make sure the desired element is located. 

2022-01-16 11:19:32 - [MESSAGE][WARNING] - [SELF-HEALING] Failed to find element with id 'Object Repository/Texting/Page_Local Moodle/a_Log in'. Try using Self-healing.

2022-01-16 11:19:33 - [MESSAGE][WARNING] - [SELF-HEALING] The current locator of test object 'Object Repository/Texting/Page_Local Moodle/a_Log in' was broken. Propose an alternative one: '(.//*[normalize-space(text()) and normalize-space(.)='Home'])[1]/preceding::a[1]'.

2022-01-16 11:19:33 - [MESSAGE][PASSED] - Object: 'Object Repository/Texting/Page_Local Moodle/a_Log in' is clicked on

2022-01-16 11:19:33 - [TEST_STEP][PASSED] - setText(findTestObject("Object Repository/Texting/Page_Local Moodle Log in to the site/input_Username_username"), "hs01"): Text 'hs01' is set on object 'Object Repository/Texting/Page_Local Moodle Log in to the site/input_Username_username'

2022-01-16 11:19:35 - [MESSAGE][PASSED] - Text 'hs01' is set on object 'Object Repository/Texting/Page_Local Moodle Log in to the site/input_Username_username'

2022-01-16 11:19:35 - [TEST_STEP][PASSED] - setEncryptedText(findTestObject("Object Repository/Texting/Page_Local Moodle Log in to the site/input_Password_password"), "o5TCnEIIWq2SeGQhIMNXLQ=="): Text ****** has been set on object 'Object Repository/Texting/Page_Local Moodle Log in to the site/input_Password_password'

2022-01-16 11:19:36 - [MESSAGE][PASSED] - Text ****** has been set on object 'Object Repository/Texting/Page_Local Moodle Log in to the site/input_Password_password'

2022-01-16 11:19:36 - [TEST_STEP][PASSED] - click(findTestObject("Object Repository/Texting/Page_Local Moodle Log in to the site/button_Log in")): Object: 'Object Repository/Texting/Page_Local Moodle Log in to the site/button_Log in' is clicked on

2022-01-16 11:20:09 - [MESSAGE][PASSED] - Object: 'Object Repository/Texting/Page_Local Moodle Log in to the site/button_Log in' is clicked on

2022-01-16 11:20:09 - [TEST_STEP][PASSED] - click(findTestObject("Object Repository/Texting/Page_Nh ca ti/i_See all_icon fa fa-comment fa-fw")): Object: 'Object Repository/Texting/Page_Nh ca ti/i_See all_icon fa fa-comment fa-fw' is clicked on

2022-01-16 11:20:16 - [MESSAGE][INFO] - Unable to find the element located by 'By.xpath: //a[@id='message-drawer-toggle-61d5836ab0e7961d5836a98d4612']/i'. Please recheck the objects properties to make sure the desired element is located. 

2022-01-16 11:20:16 - [MESSAGE][WARNING] - [SELF-HEALING] Failed to find element with id 'Object Repository/Texting/Page_Nh ca ti/i_See all_icon fa fa-comment fa-fw'. Try using Self-healing.

2022-01-16 11:20:16 - [MESSAGE][WARNING] - [SELF-HEALING] The current locator of test object 'Object Repository/Texting/Page_Nh ca ti/i_See all_icon fa fa-comment fa-fw' was broken. Propose an alternative one: '//div[2]/a/i'.

2022-01-16 11:20:16 - [MESSAGE][PASSED] - Object: 'Object Repository/Texting/Page_Nh ca ti/i_See all_icon fa fa-comment fa-fw' is clicked on

2022-01-16 11:20:16 - [TEST_STEP][PASSED] - setText(findTestObject("Object Repository/Texting/Page_Nh ca ti/input_Messages selected_form-control"), "Lê"): Text 'Lê' is set on object 'Object Repository/Texting/Page_Nh ca ti/input_Messages selected_form-control'

2022-01-16 11:20:17 - [MESSAGE][PASSED] - Text 'Lê' is set on object 'Object Repository/Texting/Page_Nh ca ti/input_Messages selected_form-control'

2022-01-16 11:20:17 - [TEST_STEP][PASSED] - click(findTestObject("Object Repository/Texting/Page_Nh ca ti/i_Messages selected_icon fa fa-search fa-fw_1_2")): Object: 'Object Repository/Texting/Page_Nh ca ti/i_Messages selected_icon fa fa-search fa-fw_1_2' is clicked on

2022-01-16 11:20:23 - [MESSAGE][INFO] - Unable to find the element located by 'By.xpath: //div[@id='yui_3_17_2_1_1641380882152_209']/div[4]/div/div/div/button/span/i'. Please recheck the objects properties to make sure the desired element is located. 

2022-01-16 11:20:23 - [MESSAGE][WARNING] - [SELF-HEALING] Failed to find element with id 'Object Repository/Texting/Page_Nh ca ti/i_Messages selected_icon fa fa-search fa-fw_1_2'. Try using Self-healing.

2022-01-16 11:20:24 - [MESSAGE][WARNING] - [SELF-HEALING] The current locator of test object 'Object Repository/Texting/Page_Nh ca ti/i_Messages selected_icon fa fa-search fa-fw_1_2' was broken. Propose an alternative one: '//button/span/i'.

2022-01-16 11:20:24 - [MESSAGE][PASSED] - Object: 'Object Repository/Texting/Page_Nh ca ti/i_Messages selected_icon fa fa-search fa-fw_1_2' is clicked on

2022-01-16 11:20:24 - [TEST_STEP][FAILED] - click(findTestObject("Object Repository/Texting/Page_Nh ca ti/h6_Cng Bnh L")): Unable to click on object 'Object Repository/Texting/Page_Nh ca ti/h6_Cng Bnh L' (Root cause: com.kms.katalon.core.exception.StepFailedException: Unable to click on object 'Object Repository/Texting/Page_Nh ca ti/h6_Cng Bnh L'
	at com.kms.katalon.core.webui.keyword.internal.WebUIKeywordMain.stepFailed(WebUIKeywordMain.groovy:64)
	at com.kms.katalon.core.webui.keyword.internal.WebUIKeywordMain.runKeyword(WebUIKeywordMain.groovy:26)
	at com.kms.katalon.core.webui.keyword.builtin.ClickKeyword.click(ClickKeyword.groovy:74)
	at com.kms.katalon.core.webui.keyword.builtin.ClickKeyword.execute(ClickKeyword.groovy:40)
	at com.kms.katalon.core.keyword.internal.KeywordExecutor.executeKeywordForPlatform(KeywordExecutor.groovy:74)
	at com.kms.katalon.core.webui.keyword.WebUiBuiltInKeywords.click(WebUiBuiltInKeywords.groovy:620)
	at com.kms.katalon.core.webui.keyword.WebUiBuiltInKeywords$click$1.call(Unknown Source)
	at Receive text message from multiple users.run(Receive text message from multiple users:71)
	at com.kms.katalon.core.main.ScriptEngine.run(ScriptEngine.java:194)
	at com.kms.katalon.core.main.ScriptEngine.runScriptAsRawText(ScriptEngine.java:119)
	at com.kms.katalon.core.main.TestCaseExecutor.runScript(TestCaseExecutor.java:442)
	at com.kms.katalon.core.main.TestCaseExecutor.doExecute(TestCaseExecutor.java:433)
	at com.kms.katalon.core.main.TestCaseExecutor.processExecutionPhase(TestCaseExecutor.java:412)
	at com.kms.katalon.core.main.TestCaseExecutor.accessMainPhase(TestCaseExecutor.java:404)
	at com.kms.katalon.core.main.TestCaseExecutor.execute(TestCaseExecutor.java:281)
	at com.kms.katalon.core.main.TestCaseExecutor.execute(TestCaseExecutor.java:363)
	at com.kms.katalon.core.main.TestCaseExecutor.execute(TestCaseExecutor.java:363)
	at com.kms.katalon.core.main.TestCaseExecutor.execute(TestCaseExecutor.java:363)
	at com.kms.katalon.core.main.TestSuiteExecutor.accessTestCaseMainPhase(TestSuiteExecutor.java:202)
	at com.kms.katalon.core.main.TestSuiteExecutor.accessTestSuiteMainPhase(TestSuiteExecutor.java:164)
	at com.kms.katalon.core.main.TestSuiteExecutor.execute(TestSuiteExecutor.java:105)
	at com.kms.katalon.core.main.TestCaseMain.startTestSuite(TestCaseMain.java:181)
	at com.kms.katalon.core.main.TestCaseMain$startTestSuite$0.call(Unknown Source)
	at TempTestSuite1642298356151.run(TempTestSuite1642298356151.groovy:36)
Caused by: com.kms.katalon.core.webui.exception.WebElementNotFoundException: Web element with id: 'Object Repository/Texting/Page_Nh ca ti/h6_Cng Bnh L' located by '//div[@id='yui_3_17_2_1_1641380790278_197']/div[6]/div/div/div/div[2]/div/a/h6' not found
	at com.kms.katalon.core.webui.common.WebUiCommonHelper.findWebElement(WebUiCommonHelper.java:1368)
	at com.kms.katalon.core.webui.keyword.internal.WebUIAbstractKeyword.findWebElement(WebUIAbstractKeyword.groovy:27)
	at com.kms.katalon.core.webui.keyword.builtin.ClickKeyword$_click_closure1.doCall(ClickKeyword.groovy:65)
	at com.kms.katalon.core.webui.keyword.builtin.ClickKeyword$_click_closure1.call(ClickKeyword.groovy)
	at com.kms.katalon.core.webui.keyword.internal.WebUIKeywordMain.runKeyword(WebUIKeywordMain.groovy:20)
	at com.kms.katalon.core.webui.keyword.builtin.ClickKeyword.click(ClickKeyword.groovy:74)
	at com.kms.katalon.core.webui.keyword.builtin.ClickKeyword.execute(ClickKeyword.groovy:40)
	at com.kms.katalon.core.keyword.internal.KeywordExecutor.executeKeywordForPlatform(KeywordExecutor.groovy:74)
	at com.kms.katalon.core.webui.keyword.WebUiBuiltInKeywords.click(WebUiBuiltInKeywords.groovy:620)
	at com.kms.katalon.core.webui.keyword.WebUiBuiltInKeywords$click$1.call(Unknown Source)
	at Script1641380393371.run(Script1641380393371.groovy:71)
	... 16 more
)

2022-01-16 11:20:30 - [MESSAGE][INFO] - Unable to find the element located by 'By.xpath: //div[@id='yui_3_17_2_1_1641380790278_197']/div[6]/div/div/div/div[2]/div/a/h6'. Please recheck the objects properties to make sure the desired element is located. 

2022-01-16 11:20:30 - [MESSAGE][WARNING] - [SELF-HEALING] Failed to find element with id 'Object Repository/Texting/Page_Nh ca ti/h6_Cng Bnh L'. Try using Self-healing.

2022-01-16 11:20:31 - [MESSAGE][INFO] - Unable to find the element located by 'By.xpath: (.//*[normalize-space(text()) and normalize-space(.)='Non-contacts'])[1]/following::h6[1]'. Please recheck the objects properties to make sure the desired element is located. 

2022-01-16 11:20:31 - [MESSAGE][INFO] - [SELF-HEALING] Failed Locator: '//div[@id='yui_3_17_2_1_1641380790278_197']/div[6]/div/div/div/div[2]/div/a/h6'.

2022-01-16 11:20:32 - [MESSAGE][INFO] - [SELF-HEALING] Failed Locator: '(.//*[normalize-space(text()) and normalize-space(.)='Non-contacts'])[1]/following::h6[1]'.

2022-01-16 11:20:32 - [MESSAGE][INFO] - [SELF-HEALING] Failed Locator: '(.//*[normalize-space(text()) and normalize-space(.)='Liên lạc'])[3]/following::h6[1]'.

2022-01-16 11:20:32 - [MESSAGE][INFO] - [SELF-HEALING] Working Locator: '(.//*[normalize-space(text()) and normalize-space(.)='Load more'])[1]/preceding::h6[1]'.

2022-01-16 11:20:32 - [MESSAGE][ERROR] - [SELF-HEALING] Cannot save screenshot to: E:\xampp\htdocs\moodle\Test Automation - SE Bonus\Reports\Self-healing, reason: unknown error: unhandled inspector error: {"code":-32000,"message":"Cannot take screenshot with 0 width."}
  (Session info: MicrosoftEdge=97.0.1072.62)
Build info: version: '3.141.59', revision: 'e82be7d358', time: '2018-11-14T08:25:53'
System info: host: 'LAPTOP-DKU7IQF9', ip: '192.168.1.5', os.name: 'Windows 10', os.arch: 'amd64', os.version: '10.0', java.version: '1.8.0_282'
Driver info: com.kms.katalon.selenium.driver.CEdgeDriver
Capabilities {acceptInsecureCerts: false, browserName: msedge, browserVersion: 97.0.1072.62, javascriptEnabled: true, ms:edgeOptions: {debuggerAddress: localhost:49187}, msedge: {msedgedriverVersion: 97.0.1072.55 (ce3bf33648805..., userDataDir: C:\Users\ninhh\AppData\Loca...}, networkConnectionEnabled: false, pageLoadStrategy: normal, platform: WINDOWS, platformName: WINDOWS, proxy: Proxy(), setWindowRect: true, strictFileInteractability: false, timeouts: {implicit: 0, pageLoad: 300000, script: 30000}, unhandledPromptBehavior: dismiss and notify, webauthn:extension:credBlob: true, webauthn:extension:largeBlob: true, webauthn:virtualAuthenticators: true}
Session ID: 40765cb9cc0fa7bd237e1ae2dcccb81a.

2022-01-16 11:20:32 - [MESSAGE][ERROR] - [SELF-HEALING] Cannot save screenshot to: E:\xampp\htdocs\moodle\Test Automation - SE Bonus\Reports\Self-healing, reason: unknown error: unhandled inspector error: {"code":-32000,"message":"Cannot take screenshot with 0 width."}
  (Session info: MicrosoftEdge=97.0.1072.62)
Build info: version: '3.141.59', revision: 'e82be7d358', time: '2018-11-14T08:25:53'
System info: host: 'LAPTOP-DKU7IQF9', ip: '192.168.1.5', os.name: 'Windows 10', os.arch: 'amd64', os.version: '10.0', java.version: '1.8.0_282'
Driver info: com.kms.katalon.selenium.driver.CEdgeDriver
Capabilities {acceptInsecureCerts: false, browserName: msedge, browserVersion: 97.0.1072.62, javascriptEnabled: true, ms:edgeOptions: {debuggerAddress: localhost:49187}, msedge: {msedgedriverVersion: 97.0.1072.55 (ce3bf33648805..., userDataDir: C:\Users\ninhh\AppData\Loca...}, networkConnectionEnabled: false, pageLoadStrategy: normal, platform: WINDOWS, platformName: WINDOWS, proxy: Proxy(), setWindowRect: true, strictFileInteractability: false, timeouts: {implicit: 0, pageLoad: 300000, script: 30000}, unhandledPromptBehavior: dismiss and notify, webauthn:extension:credBlob: true, webauthn:extension:largeBlob: true, webauthn:virtualAuthenticators: true}
Session ID: 40765cb9cc0fa7bd237e1ae2dcccb81a.

2022-01-16 11:20:32 - [MESSAGE][WARNING] - [SELF-HEALING] 'other' is different type of Path

2022-01-16 11:20:34 - [MESSAGE][INFO] - Unable to find the element located by 'By.xpath: //*[(text() = 'Công Bình Lê' or . = 'Công Bình Lê')]'. Please recheck the objects properties to make sure the desired element is located. 

2022-01-16 11:20:35 - [MESSAGE][INFO] - Unable to find the element located by 'By.cssSelector: h6.ml-2.font-weight-bold'. Please recheck the objects properties to make sure the desired element is located. 

2022-01-16 11:20:36 - [MESSAGE][FAILED] - Unable to click on object 'Object Repository/Texting/Page_Nh ca ti/h6_Cng Bnh L' (Root cause: com.kms.katalon.core.exception.StepFailedException: Unable to click on object 'Object Repository/Texting/Page_Nh ca ti/h6_Cng Bnh L'
	at com.kms.katalon.core.webui.keyword.internal.WebUIKeywordMain.stepFailed(WebUIKeywordMain.groovy:64)
	at com.kms.katalon.core.webui.keyword.internal.WebUIKeywordMain.runKeyword(WebUIKeywordMain.groovy:26)
	at com.kms.katalon.core.webui.keyword.builtin.ClickKeyword.click(ClickKeyword.groovy:74)
	at com.kms.katalon.core.webui.keyword.builtin.ClickKeyword.execute(ClickKeyword.groovy:40)
	at com.kms.katalon.core.keyword.internal.KeywordExecutor.executeKeywordForPlatform(KeywordExecutor.groovy:74)
	at com.kms.katalon.core.webui.keyword.WebUiBuiltInKeywords.click(WebUiBuiltInKeywords.groovy:620)
	at com.kms.katalon.core.webui.keyword.WebUiBuiltInKeywords$click$1.call(Unknown Source)
	at Receive text message from multiple users.run(Receive text message from multiple users:71)
	at com.kms.katalon.core.main.ScriptEngine.run(ScriptEngine.java:194)
	at com.kms.katalon.core.main.ScriptEngine.runScriptAsRawText(ScriptEngine.java:119)
	at com.kms.katalon.core.main.TestCaseExecutor.runScript(TestCaseExecutor.java:442)
	at com.kms.katalon.core.main.TestCaseExecutor.doExecute(TestCaseExecutor.java:433)
	at com.kms.katalon.core.main.TestCaseExecutor.processExecutionPhase(TestCaseExecutor.java:412)
	at com.kms.katalon.core.main.TestCaseExecutor.accessMainPhase(TestCaseExecutor.java:404)
	at com.kms.katalon.core.main.TestCaseExecutor.execute(TestCaseExecutor.java:281)
	at com.kms.katalon.core.main.TestCaseExecutor.execute(TestCaseExecutor.java:363)
	at com.kms.katalon.core.main.TestCaseExecutor.execute(TestCaseExecutor.java:363)
	at com.kms.katalon.core.main.TestCaseExecutor.execute(TestCaseExecutor.java:363)
	at com.kms.katalon.core.main.TestSuiteExecutor.accessTestCaseMainPhase(TestSuiteExecutor.java:202)
	at com.kms.katalon.core.main.TestSuiteExecutor.accessTestSuiteMainPhase(TestSuiteExecutor.java:164)
	at com.kms.katalon.core.main.TestSuiteExecutor.execute(TestSuiteExecutor.java:105)
	at com.kms.katalon.core.main.TestCaseMain.startTestSuite(TestCaseMain.java:181)
	at com.kms.katalon.core.main.TestCaseMain$startTestSuite$0.call(Unknown Source)
	at TempTestSuite1642298356151.run(TempTestSuite1642298356151.groovy:36)
Caused by: com.kms.katalon.core.webui.exception.WebElementNotFoundException: Web element with id: 'Object Repository/Texting/Page_Nh ca ti/h6_Cng Bnh L' located by '//div[@id='yui_3_17_2_1_1641380790278_197']/div[6]/div/div/div/div[2]/div/a/h6' not found
	at com.kms.katalon.core.webui.common.WebUiCommonHelper.findWebElement(WebUiCommonHelper.java:1368)
	at com.kms.katalon.core.webui.keyword.internal.WebUIAbstractKeyword.findWebElement(WebUIAbstractKeyword.groovy:27)
	at com.kms.katalon.core.webui.keyword.builtin.ClickKeyword$_click_closure1.doCall(ClickKeyword.groovy:65)
	at com.kms.katalon.core.webui.keyword.builtin.ClickKeyword$_click_closure1.call(ClickKeyword.groovy)
	at com.kms.katalon.core.webui.keyword.internal.WebUIKeywordMain.runKeyword(WebUIKeywordMain.groovy:20)
	at com.kms.katalon.core.webui.keyword.builtin.ClickKeyword.click(ClickKeyword.groovy:74)
	at com.kms.katalon.core.webui.keyword.builtin.ClickKeyword.execute(ClickKeyword.groovy:40)
	at com.kms.katalon.core.keyword.internal.KeywordExecutor.executeKeywordForPlatform(KeywordExecutor.groovy:74)
	at com.kms.katalon.core.webui.keyword.WebUiBuiltInKeywords.click(WebUiBuiltInKeywords.groovy:620)
	at com.kms.katalon.core.webui.keyword.WebUiBuiltInKeywords$click$1.call(Unknown Source)
	at Script1641380393371.run(Script1641380393371.groovy:71)
	... 16 more
)
[[ATTACHMENT|E:\\xampp\\htdocs\\moodle\\Test Automation - SE Bonus\\Reports\\20220116_085916\\Run All Test Cases\\20220116_085916\\1642306835500.png]]]]></system-out>
         <system-err><![CDATA[2022-01-16 11:15:32 - [TEST_CASE][FAILED] - Test Cases/Texting/Receive text message from multiple users: Test Cases/Texting/Receive text message from multiple users FAILED.
Reason:
com.kms.katalon.core.exception.StepFailedException: Unable to click on object 'Object Repository/Texting/Page_Nh ca ti/h6_Cng Bnh L'
	at com.kms.katalon.core.webui.keyword.internal.WebUIKeywordMain.stepFailed(WebUIKeywordMain.groovy:64)
	at com.kms.katalon.core.webui.keyword.internal.WebUIKeywordMain.runKeyword(WebUIKeywordMain.groovy:26)
	at com.kms.katalon.core.webui.keyword.builtin.ClickKeyword.click(ClickKeyword.groovy:74)
	at com.kms.katalon.core.webui.keyword.builtin.ClickKeyword.execute(ClickKeyword.groovy:40)
	at com.kms.katalon.core.keyword.internal.KeywordExecutor.executeKeywordForPlatform(KeywordExecutor.groovy:74)
	at com.kms.katalon.core.webui.keyword.WebUiBuiltInKeywords.click(WebUiBuiltInKeywords.groovy:620)
	at com.kms.katalon.core.webui.keyword.WebUiBuiltInKeywords$click$1.call(Unknown Source)
	at Receive text message from multiple users.run(Receive text message from multiple users:71)
	at com.kms.katalon.core.main.ScriptEngine.run(ScriptEngine.java:194)
	at com.kms.katalon.core.main.ScriptEngine.runScriptAsRawText(ScriptEngine.java:119)
	at com.kms.katalon.core.main.TestCaseExecutor.runScript(TestCaseExecutor.java:442)
	at com.kms.katalon.core.main.TestCaseExecutor.doExecute(TestCaseExecutor.java:433)
	at com.kms.katalon.core.main.TestCaseExecutor.processExecutionPhase(TestCaseExecutor.java:412)
	at com.kms.katalon.core.main.TestCaseExecutor.accessMainPhase(TestCaseExecutor.java:404)
	at com.kms.katalon.core.main.TestCaseExecutor.execute(TestCaseExecutor.java:281)
	at com.kms.katalon.core.main.TestCaseExecutor.execute(TestCaseExecutor.java:363)
	at com.kms.katalon.core.main.TestCaseExecutor.execute(TestCaseExecutor.java:363)
	at com.kms.katalon.core.main.TestCaseExecutor.execute(TestCaseExecutor.java:363)
	at com.kms.katalon.core.main.TestSuiteExecutor.accessTestCaseMainPhase(TestSuiteExecutor.java:202)
	at com.kms.katalon.core.main.TestSuiteExecutor.accessTestSuiteMainPhase(TestSuiteExecutor.java:164)
	at com.kms.katalon.core.main.TestSuiteExecutor.execute(TestSuiteExecutor.java:105)
	at com.kms.katalon.core.main.TestCaseMain.startTestSuite(TestCaseMain.java:181)
	at com.kms.katalon.core.main.TestCaseMain$startTestSuite$0.call(Unknown Source)
	at TempTestSuite1642298356151.run(TempTestSuite1642298356151.groovy:36)
Caused by: com.kms.katalon.core.webui.exception.WebElementNotFoundException: Web element with id: 'Object Repository/Texting/Page_Nh ca ti/h6_Cng Bnh L' located by '//div[@id='yui_3_17_2_1_1641380790278_197']/div[6]/div/div/div/div[2]/div/a/h6' not found
	at com.kms.katalon.core.webui.common.WebUiCommonHelper.findWebElement(WebUiCommonHelper.java:1368)
	at com.kms.katalon.core.webui.keyword.internal.WebUIAbstractKeyword.findWebElement(WebUIAbstractKeyword.groovy:27)
	at com.kms.katalon.core.webui.keyword.builtin.ClickKeyword$_click_closure1.doCall(ClickKeyword.groovy:65)
	at com.kms.katalon.core.webui.keyword.builtin.ClickKeyword$_click_closure1.call(ClickKeyword.groovy)
	at com.kms.katalon.core.webui.keyword.internal.WebUIKeywordMain.runKeyword(WebUIKeywordMain.groovy:20)
	... 22 more]]></system-err>
      </testcase>
      <testcase name="Test Cases/Texting/Student texts teacher" time="51.859" classname="Test Cases/Texting/Student texts teacher" status="FAILED">
         <failure type="FAILED" message="Test Cases/Texting/Student texts teacher FAILED.
Reason:
com.kms.katalon.core.exception.StepFailedException: Unable to click on object 'Object Repository/Texting/Page_Nh ca ti/h6_Cng Bnh L'
	at com.kms.katalon.core.webui.keyword.internal.WebUIKeywordMain.stepFailed(WebUIKeywordMain.groovy:64)
	at com.kms.katalon.core.webui.keyword.internal.WebUIKeywordMain.runKeyword(WebUIKeywordMain.groovy:26)
	at com.kms.katalon.core.webui.keyword.builtin.ClickKeyword.click(ClickKeyword.groovy:74)
	at com.kms.katalon.core.webui.keyword.builtin.ClickKeyword.execute(ClickKeyword.groovy:40)
	at com.kms.katalon.core.keyword.internal.KeywordExecutor.executeKeywordForPlatform(KeywordExecutor.groovy:74)
	at com.kms.katalon.core.webui.keyword.WebUiBuiltInKeywords.click(WebUiBuiltInKeywords.groovy:620)
	at com.kms.katalon.core.webui.keyword.WebUiBuiltInKeywords$click$1.call(Unknown Source)
	at Student texts teacher.run(Student texts teacher:44)
	at com.kms.katalon.core.main.ScriptEngine.run(ScriptEngine.java:194)
	at com.kms.katalon.core.main.ScriptEngine.runScriptAsRawText(ScriptEngine.java:119)
	at com.kms.katalon.core.main.TestCaseExecutor.runScript(TestCaseExecutor.java:442)
	at com.kms.katalon.core.main.TestCaseExecutor.doExecute(TestCaseExecutor.java:433)
	at com.kms.katalon.core.main.TestCaseExecutor.processExecutionPhase(TestCaseExecutor.java:412)
	at com.kms.katalon.core.main.TestCaseExecutor.accessMainPhase(TestCaseExecutor.java:404)
	at com.kms.katalon.core.main.TestCaseExecutor.execute(TestCaseExecutor.java:281)
	at com.kms.katalon.core.main.TestCaseExecutor.execute(TestCaseExecutor.java:363)
	at com.kms.katalon.core.main.TestCaseExecutor.execute(TestCaseExecutor.java:363)
	at com.kms.katalon.core.main.TestCaseExecutor.execute(TestCaseExecutor.java:363)
	at com.kms.katalon.core.main.TestSuiteExecutor.accessTestCaseMainPhase(TestSuiteExecutor.java:202)
	at com.kms.katalon.core.main.TestSuiteExecutor.accessTestSuiteMainPhase(TestSuiteExecutor.java:164)
	at com.kms.katalon.core.main.TestSuiteExecutor.execute(TestSuiteExecutor.java:105)
	at com.kms.katalon.core.main.TestCaseMain.startTestSuite(TestCaseMain.java:181)
	at com.kms.katalon.core.main.TestCaseMain$startTestSuite$0.call(Unknown Source)
	at TempTestSuite1642298356151.run(TempTestSuite1642298356151.groovy:36)
Caused by: com.kms.katalon.core.webui.exception.WebElementNotFoundException: Web element with id: 'Object Repository/Texting/Page_Nh ca ti/h6_Cng Bnh L' located by '//div[@id='yui_3_17_2_1_1641380790278_197']/div[6]/div/div/div/div[2]/div/a/h6' not found
	at com.kms.katalon.core.webui.common.WebUiCommonHelper.findWebElement(WebUiCommonHelper.java:1368)
	at com.kms.katalon.core.webui.keyword.internal.WebUIAbstractKeyword.findWebElement(WebUIAbstractKeyword.groovy:27)
	at com.kms.katalon.core.webui.keyword.builtin.ClickKeyword$_click_closure1.doCall(ClickKeyword.groovy:65)
	at com.kms.katalon.core.webui.keyword.builtin.ClickKeyword$_click_closure1.call(ClickKeyword.groovy)
	at com.kms.katalon.core.webui.keyword.internal.WebUIKeywordMain.runKeyword(WebUIKeywordMain.groovy:20)
	... 22 more
"/>
         <system-out><![CDATA[2022-01-16 11:28:18 - [TEST_CASE][FAILED] - Test Cases/Texting/Student texts teacher: Test Cases/Texting/Student texts teacher FAILED.
Reason:
com.kms.katalon.core.exception.StepFailedException: Unable to click on object 'Object Repository/Texting/Page_Nh ca ti/h6_Cng Bnh L'
	at com.kms.katalon.core.webui.keyword.internal.WebUIKeywordMain.stepFailed(WebUIKeywordMain.groovy:64)
	at com.kms.katalon.core.webui.keyword.internal.WebUIKeywordMain.runKeyword(WebUIKeywordMain.groovy:26)
	at com.kms.katalon.core.webui.keyword.builtin.ClickKeyword.click(ClickKeyword.groovy:74)
	at com.kms.katalon.core.webui.keyword.builtin.ClickKeyword.execute(ClickKeyword.groovy:40)
	at com.kms.katalon.core.keyword.internal.KeywordExecutor.executeKeywordForPlatform(KeywordExecutor.groovy:74)
	at com.kms.katalon.core.webui.keyword.WebUiBuiltInKeywords.click(WebUiBuiltInKeywords.groovy:620)
	at com.kms.katalon.core.webui.keyword.WebUiBuiltInKeywords$click$1.call(Unknown Source)
	at Student texts teacher.run(Student texts teacher:44)
	at com.kms.katalon.core.main.ScriptEngine.run(ScriptEngine.java:194)
	at com.kms.katalon.core.main.ScriptEngine.runScriptAsRawText(ScriptEngine.java:119)
	at com.kms.katalon.core.main.TestCaseExecutor.runScript(TestCaseExecutor.java:442)
	at com.kms.katalon.core.main.TestCaseExecutor.doExecute(TestCaseExecutor.java:433)
	at com.kms.katalon.core.main.TestCaseExecutor.processExecutionPhase(TestCaseExecutor.java:412)
	at com.kms.katalon.core.main.TestCaseExecutor.accessMainPhase(TestCaseExecutor.java:404)
	at com.kms.katalon.core.main.TestCaseExecutor.execute(TestCaseExecutor.java:281)
	at com.kms.katalon.core.main.TestCaseExecutor.execute(TestCaseExecutor.java:363)
	at com.kms.katalon.core.main.TestCaseExecutor.execute(TestCaseExecutor.java:363)
	at com.kms.katalon.core.main.TestCaseExecutor.execute(TestCaseExecutor.java:363)
	at com.kms.katalon.core.main.TestSuiteExecutor.accessTestCaseMainPhase(TestSuiteExecutor.java:202)
	at com.kms.katalon.core.main.TestSuiteExecutor.accessTestSuiteMainPhase(TestSuiteExecutor.java:164)
	at com.kms.katalon.core.main.TestSuiteExecutor.execute(TestSuiteExecutor.java:105)
	at com.kms.katalon.core.main.TestCaseMain.startTestSuite(TestCaseMain.java:181)
	at com.kms.katalon.core.main.TestCaseMain$startTestSuite$0.call(Unknown Source)
	at TempTestSuite1642298356151.run(TempTestSuite1642298356151.groovy:36)
Caused by: com.kms.katalon.core.webui.exception.WebElementNotFoundException: Web element with id: 'Object Repository/Texting/Page_Nh ca ti/h6_Cng Bnh L' located by '//div[@id='yui_3_17_2_1_1641380790278_197']/div[6]/div/div/div/div[2]/div/a/h6' not found
	at com.kms.katalon.core.webui.common.WebUiCommonHelper.findWebElement(WebUiCommonHelper.java:1368)
	at com.kms.katalon.core.webui.keyword.internal.WebUIAbstractKeyword.findWebElement(WebUIAbstractKeyword.groovy:27)
	at com.kms.katalon.core.webui.keyword.builtin.ClickKeyword$_click_closure1.doCall(ClickKeyword.groovy:65)
	at com.kms.katalon.core.webui.keyword.builtin.ClickKeyword$_click_closure1.call(ClickKeyword.groovy)
	at com.kms.katalon.core.webui.keyword.internal.WebUIKeywordMain.runKeyword(WebUIKeywordMain.groovy:20)
	... 22 more


2022-01-16 11:28:18 - [TEST_STEP][PASSED] - openBrowser(""): Browser is opened with url: ''

2022-01-16 11:28:18 - [MESSAGE][WARNING] - A browser is already opened. Closing browser and opening a new one

2022-01-16 11:28:19 - [MESSAGE][INFO] - Starting 'Edge Chromium' driver

2022-01-16 11:28:19 - [MESSAGE][INFO] - Action delay is set to 0 milliseconds

2022-01-16 11:28:23 - [MESSAGE][PASSED] - Browser is opened with url: ''

2022-01-16 11:28:23 - [TEST_STEP][PASSED] - navigateToUrl("http://localhost/"): Navigate to 'http://localhost/' successfully

2022-01-16 11:28:27 - [MESSAGE][PASSED] - Navigate to 'http://localhost/' successfully

2022-01-16 11:28:27 - [TEST_STEP][PASSED] - click(findTestObject("Object Repository/Texting/Page_Local Moodle/a_Log in")): Object: 'Object Repository/Texting/Page_Local Moodle/a_Log in' is clicked on

2022-01-16 11:28:28 - [MESSAGE][PASSED] - Object: 'Object Repository/Texting/Page_Local Moodle/a_Log in' is clicked on

2022-01-16 11:28:28 - [TEST_STEP][PASSED] - setText(findTestObject("Object Repository/Texting/Page_Local Moodle Log in to the site/input_Username_username"), "hs01"): Text 'hs01' is set on object 'Object Repository/Texting/Page_Local Moodle Log in to the site/input_Username_username'

2022-01-16 11:28:29 - [MESSAGE][PASSED] - Text 'hs01' is set on object 'Object Repository/Texting/Page_Local Moodle Log in to the site/input_Username_username'

2022-01-16 11:28:29 - [TEST_STEP][PASSED] - setEncryptedText(findTestObject("Object Repository/Texting/Page_Local Moodle Log in to the site/input_Password_password"), "o5TCnEIIWq2SeGQhIMNXLQ=="): Text ****** has been set on object 'Object Repository/Texting/Page_Local Moodle Log in to the site/input_Password_password'

2022-01-16 11:28:30 - [MESSAGE][PASSED] - Text ****** has been set on object 'Object Repository/Texting/Page_Local Moodle Log in to the site/input_Password_password'

2022-01-16 11:28:30 - [TEST_STEP][PASSED] - click(findTestObject("Object Repository/Texting/Page_Local Moodle Log in to the site/button_Log in")): Object: 'Object Repository/Texting/Page_Local Moodle Log in to the site/button_Log in' is clicked on

2022-01-16 11:28:31 - [MESSAGE][PASSED] - Object: 'Object Repository/Texting/Page_Local Moodle Log in to the site/button_Log in' is clicked on

2022-01-16 11:28:31 - [TEST_STEP][PASSED] - verifyElementClickable(findTestObject("Object Repository/Texting/Page_Nh ca ti/i_See all_icon fa fa-comment fa-fw")): Object 'Object Repository/Texting/Page_Nh ca ti/i_See all_icon fa fa-comment fa-fw' is clickable

2022-01-16 11:28:37 - [MESSAGE][INFO] - Unable to find the element located by 'By.xpath: //a[@id='message-drawer-toggle-61d5836ab0e7961d5836a98d4612']/i'. Please recheck the objects properties to make sure the desired element is located. 

2022-01-16 11:28:37 - [MESSAGE][WARNING] - [SELF-HEALING] Failed to find element with id 'Object Repository/Texting/Page_Nh ca ti/i_See all_icon fa fa-comment fa-fw'. Try using Self-healing.

2022-01-16 11:28:38 - [MESSAGE][WARNING] - [SELF-HEALING] The current locator of test object 'Object Repository/Texting/Page_Nh ca ti/i_See all_icon fa fa-comment fa-fw' was broken. Propose an alternative one: '//div[2]/a/i'.

2022-01-16 11:28:38 - [MESSAGE][PASSED] - Object 'Object Repository/Texting/Page_Nh ca ti/i_See all_icon fa fa-comment fa-fw' is clickable

2022-01-16 11:28:38 - [TEST_STEP][PASSED] - click(findTestObject("Object Repository/Texting/Page_Nh ca ti/i_See all_icon fa fa-comment fa-fw")): Object: 'Object Repository/Texting/Page_Nh ca ti/i_See all_icon fa fa-comment fa-fw' is clicked on

2022-01-16 11:28:44 - [MESSAGE][INFO] - Unable to find the element located by 'By.xpath: //a[@id='message-drawer-toggle-61d5836ab0e7961d5836a98d4612']/i'. Please recheck the objects properties to make sure the desired element is located. 

2022-01-16 11:28:44 - [MESSAGE][WARNING] - [SELF-HEALING] Failed to find element with id 'Object Repository/Texting/Page_Nh ca ti/i_See all_icon fa fa-comment fa-fw'. Try using Self-healing.

2022-01-16 11:28:44 - [MESSAGE][WARNING] - [SELF-HEALING] The current locator of test object 'Object Repository/Texting/Page_Nh ca ti/i_See all_icon fa fa-comment fa-fw' was broken. Propose an alternative one: '//div[2]/a/i'.

2022-01-16 11:28:44 - [MESSAGE][PASSED] - Object: 'Object Repository/Texting/Page_Nh ca ti/i_See all_icon fa fa-comment fa-fw' is clicked on

2022-01-16 11:28:44 - [TEST_STEP][PASSED] - setText(findTestObject("Object Repository/Texting/Page_Nh ca ti/input_Messages selected_form-control"), "Lê"): Text 'Lê' is set on object 'Object Repository/Texting/Page_Nh ca ti/input_Messages selected_form-control'

2022-01-16 11:28:46 - [MESSAGE][PASSED] - Text 'Lê' is set on object 'Object Repository/Texting/Page_Nh ca ti/input_Messages selected_form-control'

2022-01-16 11:28:46 - [TEST_STEP][PASSED] - verifyElementClickable(findTestObject("Object Repository/Texting/Page_Nh ca ti/i_Messages selected_icon fa fa-search fa-fw")): Object 'Object Repository/Texting/Page_Nh ca ti/i_Messages selected_icon fa fa-search fa-fw' is clickable

2022-01-16 11:28:52 - [MESSAGE][INFO] - Unable to find the element located by 'By.xpath: //div[@id='yui_3_17_2_1_1641380622208_201']/div[4]/div/div/div/button/span/i'. Please recheck the objects properties to make sure the desired element is located. 

2022-01-16 11:28:52 - [MESSAGE][WARNING] - [SELF-HEALING] Failed to find element with id 'Object Repository/Texting/Page_Nh ca ti/i_Messages selected_icon fa fa-search fa-fw'. Try using Self-healing.

2022-01-16 11:28:52 - [MESSAGE][WARNING] - [SELF-HEALING] The current locator of test object 'Object Repository/Texting/Page_Nh ca ti/i_Messages selected_icon fa fa-search fa-fw' was broken. Propose an alternative one: '//button/span/i'.

2022-01-16 11:28:52 - [MESSAGE][PASSED] - Object 'Object Repository/Texting/Page_Nh ca ti/i_Messages selected_icon fa fa-search fa-fw' is clickable

2022-01-16 11:28:52 - [TEST_STEP][PASSED] - click(findTestObject("Object Repository/Texting/Page_Nh ca ti/i_Messages selected_icon fa fa-search fa-fw")): Object: 'Object Repository/Texting/Page_Nh ca ti/i_Messages selected_icon fa fa-search fa-fw' is clicked on

2022-01-16 11:28:59 - [MESSAGE][INFO] - Unable to find the element located by 'By.xpath: //div[@id='yui_3_17_2_1_1641380622208_201']/div[4]/div/div/div/button/span/i'. Please recheck the objects properties to make sure the desired element is located. 

2022-01-16 11:28:59 - [MESSAGE][WARNING] - [SELF-HEALING] Failed to find element with id 'Object Repository/Texting/Page_Nh ca ti/i_Messages selected_icon fa fa-search fa-fw'. Try using Self-healing.

2022-01-16 11:28:59 - [MESSAGE][WARNING] - [SELF-HEALING] The current locator of test object 'Object Repository/Texting/Page_Nh ca ti/i_Messages selected_icon fa fa-search fa-fw' was broken. Propose an alternative one: '//button/span/i'.

2022-01-16 11:28:59 - [MESSAGE][PASSED] - Object: 'Object Repository/Texting/Page_Nh ca ti/i_Messages selected_icon fa fa-search fa-fw' is clicked on

2022-01-16 11:28:59 - [TEST_STEP][FAILED] - click(findTestObject("Object Repository/Texting/Page_Nh ca ti/h6_Cng Bnh L")): Unable to click on object 'Object Repository/Texting/Page_Nh ca ti/h6_Cng Bnh L' (Root cause: com.kms.katalon.core.exception.StepFailedException: Unable to click on object 'Object Repository/Texting/Page_Nh ca ti/h6_Cng Bnh L'
	at com.kms.katalon.core.webui.keyword.internal.WebUIKeywordMain.stepFailed(WebUIKeywordMain.groovy:64)
	at com.kms.katalon.core.webui.keyword.internal.WebUIKeywordMain.runKeyword(WebUIKeywordMain.groovy:26)
	at com.kms.katalon.core.webui.keyword.builtin.ClickKeyword.click(ClickKeyword.groovy:74)
	at com.kms.katalon.core.webui.keyword.builtin.ClickKeyword.execute(ClickKeyword.groovy:40)
	at com.kms.katalon.core.keyword.internal.KeywordExecutor.executeKeywordForPlatform(KeywordExecutor.groovy:74)
	at com.kms.katalon.core.webui.keyword.WebUiBuiltInKeywords.click(WebUiBuiltInKeywords.groovy:620)
	at com.kms.katalon.core.webui.keyword.WebUiBuiltInKeywords$click$1.call(Unknown Source)
	at Student texts teacher.run(Student texts teacher:44)
	at com.kms.katalon.core.main.ScriptEngine.run(ScriptEngine.java:194)
	at com.kms.katalon.core.main.ScriptEngine.runScriptAsRawText(ScriptEngine.java:119)
	at com.kms.katalon.core.main.TestCaseExecutor.runScript(TestCaseExecutor.java:442)
	at com.kms.katalon.core.main.TestCaseExecutor.doExecute(TestCaseExecutor.java:433)
	at com.kms.katalon.core.main.TestCaseExecutor.processExecutionPhase(TestCaseExecutor.java:412)
	at com.kms.katalon.core.main.TestCaseExecutor.accessMainPhase(TestCaseExecutor.java:404)
	at com.kms.katalon.core.main.TestCaseExecutor.execute(TestCaseExecutor.java:281)
	at com.kms.katalon.core.main.TestCaseExecutor.execute(TestCaseExecutor.java:363)
	at com.kms.katalon.core.main.TestCaseExecutor.execute(TestCaseExecutor.java:363)
	at com.kms.katalon.core.main.TestCaseExecutor.execute(TestCaseExecutor.java:363)
	at com.kms.katalon.core.main.TestSuiteExecutor.accessTestCaseMainPhase(TestSuiteExecutor.java:202)
	at com.kms.katalon.core.main.TestSuiteExecutor.accessTestSuiteMainPhase(TestSuiteExecutor.java:164)
	at com.kms.katalon.core.main.TestSuiteExecutor.execute(TestSuiteExecutor.java:105)
	at com.kms.katalon.core.main.TestCaseMain.startTestSuite(TestCaseMain.java:181)
	at com.kms.katalon.core.main.TestCaseMain$startTestSuite$0.call(Unknown Source)
	at TempTestSuite1642298356151.run(TempTestSuite1642298356151.groovy:36)
Caused by: com.kms.katalon.core.webui.exception.WebElementNotFoundException: Web element with id: 'Object Repository/Texting/Page_Nh ca ti/h6_Cng Bnh L' located by '//div[@id='yui_3_17_2_1_1641380790278_197']/div[6]/div/div/div/div[2]/div/a/h6' not found
	at com.kms.katalon.core.webui.common.WebUiCommonHelper.findWebElement(WebUiCommonHelper.java:1368)
	at com.kms.katalon.core.webui.keyword.internal.WebUIAbstractKeyword.findWebElement(WebUIAbstractKeyword.groovy:27)
	at com.kms.katalon.core.webui.keyword.builtin.ClickKeyword$_click_closure1.doCall(ClickKeyword.groovy:65)
	at com.kms.katalon.core.webui.keyword.builtin.ClickKeyword$_click_closure1.call(ClickKeyword.groovy)
	at com.kms.katalon.core.webui.keyword.internal.WebUIKeywordMain.runKeyword(WebUIKeywordMain.groovy:20)
	at com.kms.katalon.core.webui.keyword.builtin.ClickKeyword.click(ClickKeyword.groovy:74)
	at com.kms.katalon.core.webui.keyword.builtin.ClickKeyword.execute(ClickKeyword.groovy:40)
	at com.kms.katalon.core.keyword.internal.KeywordExecutor.executeKeywordForPlatform(KeywordExecutor.groovy:74)
	at com.kms.katalon.core.webui.keyword.WebUiBuiltInKeywords.click(WebUiBuiltInKeywords.groovy:620)
	at com.kms.katalon.core.webui.keyword.WebUiBuiltInKeywords$click$1.call(Unknown Source)
	at Script1641370756448.run(Script1641370756448.groovy:44)
	... 16 more
)

2022-01-16 11:29:05 - [MESSAGE][INFO] - Unable to find the element located by 'By.xpath: //div[@id='yui_3_17_2_1_1641380790278_197']/div[6]/div/div/div/div[2]/div/a/h6'. Please recheck the objects properties to make sure the desired element is located. 

2022-01-16 11:29:05 - [MESSAGE][WARNING] - [SELF-HEALING] Failed to find element with id 'Object Repository/Texting/Page_Nh ca ti/h6_Cng Bnh L'. Try using Self-healing.

2022-01-16 11:29:06 - [MESSAGE][INFO] - Unable to find the element located by 'By.xpath: (.//*[normalize-space(text()) and normalize-space(.)='Non-contacts'])[1]/following::h6[1]'. Please recheck the objects properties to make sure the desired element is located. 

2022-01-16 11:29:06 - [MESSAGE][INFO] - [SELF-HEALING] Failed Locator: '//div[@id='yui_3_17_2_1_1641380790278_197']/div[6]/div/div/div/div[2]/div/a/h6'.

2022-01-16 11:29:07 - [MESSAGE][INFO] - [SELF-HEALING] Failed Locator: '(.//*[normalize-space(text()) and normalize-space(.)='Non-contacts'])[1]/following::h6[1]'.

2022-01-16 11:29:07 - [MESSAGE][INFO] - [SELF-HEALING] Failed Locator: '(.//*[normalize-space(text()) and normalize-space(.)='Liên lạc'])[3]/following::h6[1]'.

2022-01-16 11:29:07 - [MESSAGE][INFO] - [SELF-HEALING] Working Locator: '(.//*[normalize-space(text()) and normalize-space(.)='Load more'])[1]/preceding::h6[1]'.

2022-01-16 11:29:08 - [MESSAGE][ERROR] - [SELF-HEALING] Cannot save screenshot to: E:\xampp\htdocs\moodle\Test Automation - SE Bonus\Reports\Self-healing, reason: unknown error: unhandled inspector error: {"code":-32000,"message":"Cannot take screenshot with 0 width."}
  (Session info: MicrosoftEdge=97.0.1072.62)
Build info: version: '3.141.59', revision: 'e82be7d358', time: '2018-11-14T08:25:53'
System info: host: 'LAPTOP-DKU7IQF9', ip: '192.168.1.5', os.name: 'Windows 10', os.arch: 'amd64', os.version: '10.0', java.version: '1.8.0_282'
Driver info: com.kms.katalon.selenium.driver.CEdgeDriver
Capabilities {acceptInsecureCerts: false, browserName: msedge, browserVersion: 97.0.1072.62, javascriptEnabled: true, ms:edgeOptions: {debuggerAddress: localhost:57568}, msedge: {msedgedriverVersion: 97.0.1072.55 (ce3bf33648805..., userDataDir: C:\Users\ninhh\AppData\Loca...}, networkConnectionEnabled: false, pageLoadStrategy: normal, platform: WINDOWS, platformName: WINDOWS, proxy: Proxy(), setWindowRect: true, strictFileInteractability: false, timeouts: {implicit: 0, pageLoad: 300000, script: 30000}, unhandledPromptBehavior: dismiss and notify, webauthn:extension:credBlob: true, webauthn:extension:largeBlob: true, webauthn:virtualAuthenticators: true}
Session ID: 1b00c6aef198c6dcb968bf219e95b2fd.

2022-01-16 11:29:08 - [MESSAGE][ERROR] - [SELF-HEALING] Cannot save screenshot to: E:\xampp\htdocs\moodle\Test Automation - SE Bonus\Reports\Self-healing, reason: unknown error: unhandled inspector error: {"code":-32000,"message":"Cannot take screenshot with 0 width."}
  (Session info: MicrosoftEdge=97.0.1072.62)
Build info: version: '3.141.59', revision: 'e82be7d358', time: '2018-11-14T08:25:53'
System info: host: 'LAPTOP-DKU7IQF9', ip: '192.168.1.5', os.name: 'Windows 10', os.arch: 'amd64', os.version: '10.0', java.version: '1.8.0_282'
Driver info: com.kms.katalon.selenium.driver.CEdgeDriver
Capabilities {acceptInsecureCerts: false, browserName: msedge, browserVersion: 97.0.1072.62, javascriptEnabled: true, ms:edgeOptions: {debuggerAddress: localhost:57568}, msedge: {msedgedriverVersion: 97.0.1072.55 (ce3bf33648805..., userDataDir: C:\Users\ninhh\AppData\Loca...}, networkConnectionEnabled: false, pageLoadStrategy: normal, platform: WINDOWS, platformName: WINDOWS, proxy: Proxy(), setWindowRect: true, strictFileInteractability: false, timeouts: {implicit: 0, pageLoad: 300000, script: 30000}, unhandledPromptBehavior: dismiss and notify, webauthn:extension:credBlob: true, webauthn:extension:largeBlob: true, webauthn:virtualAuthenticators: true}
Session ID: 1b00c6aef198c6dcb968bf219e95b2fd.

2022-01-16 11:29:08 - [MESSAGE][WARNING] - [SELF-HEALING] 'other' is different type of Path

2022-01-16 11:29:09 - [MESSAGE][INFO] - Unable to find the element located by 'By.xpath: //*[(text() = 'Công Bình Lê' or . = 'Công Bình Lê')]'. Please recheck the objects properties to make sure the desired element is located. 

2022-01-16 11:29:10 - [MESSAGE][INFO] - Unable to find the element located by 'By.cssSelector: h6.ml-2.font-weight-bold'. Please recheck the objects properties to make sure the desired element is located. 

2022-01-16 11:29:10 - [MESSAGE][FAILED] - Unable to click on object 'Object Repository/Texting/Page_Nh ca ti/h6_Cng Bnh L' (Root cause: com.kms.katalon.core.exception.StepFailedException: Unable to click on object 'Object Repository/Texting/Page_Nh ca ti/h6_Cng Bnh L'
	at com.kms.katalon.core.webui.keyword.internal.WebUIKeywordMain.stepFailed(WebUIKeywordMain.groovy:64)
	at com.kms.katalon.core.webui.keyword.internal.WebUIKeywordMain.runKeyword(WebUIKeywordMain.groovy:26)
	at com.kms.katalon.core.webui.keyword.builtin.ClickKeyword.click(ClickKeyword.groovy:74)
	at com.kms.katalon.core.webui.keyword.builtin.ClickKeyword.execute(ClickKeyword.groovy:40)
	at com.kms.katalon.core.keyword.internal.KeywordExecutor.executeKeywordForPlatform(KeywordExecutor.groovy:74)
	at com.kms.katalon.core.webui.keyword.WebUiBuiltInKeywords.click(WebUiBuiltInKeywords.groovy:620)
	at com.kms.katalon.core.webui.keyword.WebUiBuiltInKeywords$click$1.call(Unknown Source)
	at Student texts teacher.run(Student texts teacher:44)
	at com.kms.katalon.core.main.ScriptEngine.run(ScriptEngine.java:194)
	at com.kms.katalon.core.main.ScriptEngine.runScriptAsRawText(ScriptEngine.java:119)
	at com.kms.katalon.core.main.TestCaseExecutor.runScript(TestCaseExecutor.java:442)
	at com.kms.katalon.core.main.TestCaseExecutor.doExecute(TestCaseExecutor.java:433)
	at com.kms.katalon.core.main.TestCaseExecutor.processExecutionPhase(TestCaseExecutor.java:412)
	at com.kms.katalon.core.main.TestCaseExecutor.accessMainPhase(TestCaseExecutor.java:404)
	at com.kms.katalon.core.main.TestCaseExecutor.execute(TestCaseExecutor.java:281)
	at com.kms.katalon.core.main.TestCaseExecutor.execute(TestCaseExecutor.java:363)
	at com.kms.katalon.core.main.TestCaseExecutor.execute(TestCaseExecutor.java:363)
	at com.kms.katalon.core.main.TestCaseExecutor.execute(TestCaseExecutor.java:363)
	at com.kms.katalon.core.main.TestSuiteExecutor.accessTestCaseMainPhase(TestSuiteExecutor.java:202)
	at com.kms.katalon.core.main.TestSuiteExecutor.accessTestSuiteMainPhase(TestSuiteExecutor.java:164)
	at com.kms.katalon.core.main.TestSuiteExecutor.execute(TestSuiteExecutor.java:105)
	at com.kms.katalon.core.main.TestCaseMain.startTestSuite(TestCaseMain.java:181)
	at com.kms.katalon.core.main.TestCaseMain$startTestSuite$0.call(Unknown Source)
	at TempTestSuite1642298356151.run(TempTestSuite1642298356151.groovy:36)
Caused by: com.kms.katalon.core.webui.exception.WebElementNotFoundException: Web element with id: 'Object Repository/Texting/Page_Nh ca ti/h6_Cng Bnh L' located by '//div[@id='yui_3_17_2_1_1641380790278_197']/div[6]/div/div/div/div[2]/div/a/h6' not found
	at com.kms.katalon.core.webui.common.WebUiCommonHelper.findWebElement(WebUiCommonHelper.java:1368)
	at com.kms.katalon.core.webui.keyword.internal.WebUIAbstractKeyword.findWebElement(WebUIAbstractKeyword.groovy:27)
	at com.kms.katalon.core.webui.keyword.builtin.ClickKeyword$_click_closure1.doCall(ClickKeyword.groovy:65)
	at com.kms.katalon.core.webui.keyword.builtin.ClickKeyword$_click_closure1.call(ClickKeyword.groovy)
	at com.kms.katalon.core.webui.keyword.internal.WebUIKeywordMain.runKeyword(WebUIKeywordMain.groovy:20)
	at com.kms.katalon.core.webui.keyword.builtin.ClickKeyword.click(ClickKeyword.groovy:74)
	at com.kms.katalon.core.webui.keyword.builtin.ClickKeyword.execute(ClickKeyword.groovy:40)
	at com.kms.katalon.core.keyword.internal.KeywordExecutor.executeKeywordForPlatform(KeywordExecutor.groovy:74)
	at com.kms.katalon.core.webui.keyword.WebUiBuiltInKeywords.click(WebUiBuiltInKeywords.groovy:620)
	at com.kms.katalon.core.webui.keyword.WebUiBuiltInKeywords$click$1.call(Unknown Source)
	at Script1641370756448.run(Script1641370756448.groovy:44)
	... 16 more
)
[[ATTACHMENT|E:\\xampp\\htdocs\\moodle\\Test Automation - SE Bonus\\Reports\\20220116_085916\\Run All Test Cases\\20220116_085916\\1642307350263.png]]]]></system-out>
         <system-err><![CDATA[2022-01-16 11:28:18 - [TEST_CASE][FAILED] - Test Cases/Texting/Student texts teacher: Test Cases/Texting/Student texts teacher FAILED.
Reason:
com.kms.katalon.core.exception.StepFailedException: Unable to click on object 'Object Repository/Texting/Page_Nh ca ti/h6_Cng Bnh L'
	at com.kms.katalon.core.webui.keyword.internal.WebUIKeywordMain.stepFailed(WebUIKeywordMain.groovy:64)
	at com.kms.katalon.core.webui.keyword.internal.WebUIKeywordMain.runKeyword(WebUIKeywordMain.groovy:26)
	at com.kms.katalon.core.webui.keyword.builtin.ClickKeyword.click(ClickKeyword.groovy:74)
	at com.kms.katalon.core.webui.keyword.builtin.ClickKeyword.execute(ClickKeyword.groovy:40)
	at com.kms.katalon.core.keyword.internal.KeywordExecutor.executeKeywordForPlatform(KeywordExecutor.groovy:74)
	at com.kms.katalon.core.webui.keyword.WebUiBuiltInKeywords.click(WebUiBuiltInKeywords.groovy:620)
	at com.kms.katalon.core.webui.keyword.WebUiBuiltInKeywords$click$1.call(Unknown Source)
	at Student texts teacher.run(Student texts teacher:44)
	at com.kms.katalon.core.main.ScriptEngine.run(ScriptEngine.java:194)
	at com.kms.katalon.core.main.ScriptEngine.runScriptAsRawText(ScriptEngine.java:119)
	at com.kms.katalon.core.main.TestCaseExecutor.runScript(TestCaseExecutor.java:442)
	at com.kms.katalon.core.main.TestCaseExecutor.doExecute(TestCaseExecutor.java:433)
	at com.kms.katalon.core.main.TestCaseExecutor.processExecutionPhase(TestCaseExecutor.java:412)
	at com.kms.katalon.core.main.TestCaseExecutor.accessMainPhase(TestCaseExecutor.java:404)
	at com.kms.katalon.core.main.TestCaseExecutor.execute(TestCaseExecutor.java:281)
	at com.kms.katalon.core.main.TestCaseExecutor.execute(TestCaseExecutor.java:363)
	at com.kms.katalon.core.main.TestCaseExecutor.execute(TestCaseExecutor.java:363)
	at com.kms.katalon.core.main.TestCaseExecutor.execute(TestCaseExecutor.java:363)
	at com.kms.katalon.core.main.TestSuiteExecutor.accessTestCaseMainPhase(TestSuiteExecutor.java:202)
	at com.kms.katalon.core.main.TestSuiteExecutor.accessTestSuiteMainPhase(TestSuiteExecutor.java:164)
	at com.kms.katalon.core.main.TestSuiteExecutor.execute(TestSuiteExecutor.java:105)
	at com.kms.katalon.core.main.TestCaseMain.startTestSuite(TestCaseMain.java:181)
	at com.kms.katalon.core.main.TestCaseMain$startTestSuite$0.call(Unknown Source)
	at TempTestSuite1642298356151.run(TempTestSuite1642298356151.groovy:36)
Caused by: com.kms.katalon.core.webui.exception.WebElementNotFoundException: Web element with id: 'Object Repository/Texting/Page_Nh ca ti/h6_Cng Bnh L' located by '//div[@id='yui_3_17_2_1_1641380790278_197']/div[6]/div/div/div/div[2]/div/a/h6' not found
	at com.kms.katalon.core.webui.common.WebUiCommonHelper.findWebElement(WebUiCommonHelper.java:1368)
	at com.kms.katalon.core.webui.keyword.internal.WebUIAbstractKeyword.findWebElement(WebUIAbstractKeyword.groovy:27)
	at com.kms.katalon.core.webui.keyword.builtin.ClickKeyword$_click_closure1.doCall(ClickKeyword.groovy:65)
	at com.kms.katalon.core.webui.keyword.builtin.ClickKeyword$_click_closure1.call(ClickKeyword.groovy)
	at com.kms.katalon.core.webui.keyword.internal.WebUIKeywordMain.runKeyword(WebUIKeywordMain.groovy:20)
	... 22 more]]></system-err>
      </testcase>
      <testcase name="Test Cases/Teacher creates announcements/Teacher create a list announcement" time="159.089" classname="Test Cases/Teacher creates announcements/Teacher create a list announcement" status="FAILED">
         <failure type="FAILED" message="Test Cases/Teacher creates announcements/Teacher create a list announcement FAILED.
Reason:
com.kms.katalon.core.exception.StepFailedException: Unable to verify object 'Object Repository/Teacher creates announcements/Page_Cc thng bo/a_Thng bo dng bullet' to be clickable
	at com.kms.katalon.core.webui.keyword.internal.WebUIKeywordMain.stepFailed(WebUIKeywordMain.groovy:64)
	at com.kms.katalon.core.webui.keyword.internal.WebUIKeywordMain.runKeyword(WebUIKeywordMain.groovy:26)
	at com.kms.katalon.core.webui.keyword.builtin.VerifyElementClickableKeyword.verifyElementClickable(VerifyElementClickableKeyword.groovy:96)
	at com.kms.katalon.core.webui.keyword.builtin.VerifyElementClickableKeyword.execute(VerifyElementClickableKeyword.groovy:67)
	at com.kms.katalon.core.keyword.internal.KeywordExecutor.executeKeywordForPlatform(KeywordExecutor.groovy:74)
	at com.kms.katalon.core.webui.keyword.WebUiBuiltInKeywords.verifyElementClickable(WebUiBuiltInKeywords.groovy:566)
	at com.kms.katalon.core.webui.keyword.WebUiBuiltInKeywords$verifyElementClickable$10.call(Unknown Source)
	at Teacher create a list announcement.run(Teacher create a list announcement:75)
	at com.kms.katalon.core.main.ScriptEngine.run(ScriptEngine.java:194)
	at com.kms.katalon.core.main.ScriptEngine.runScriptAsRawText(ScriptEngine.java:119)
	at com.kms.katalon.core.main.TestCaseExecutor.runScript(TestCaseExecutor.java:442)
	at com.kms.katalon.core.main.TestCaseExecutor.doExecute(TestCaseExecutor.java:433)
	at com.kms.katalon.core.main.TestCaseExecutor.processExecutionPhase(TestCaseExecutor.java:412)
	at com.kms.katalon.core.main.TestCaseExecutor.accessMainPhase(TestCaseExecutor.java:404)
	at com.kms.katalon.core.main.TestCaseExecutor.execute(TestCaseExecutor.java:281)
	at com.kms.katalon.core.main.TestCaseExecutor.execute(TestCaseExecutor.java:363)
	at com.kms.katalon.core.main.TestCaseExecutor.execute(TestCaseExecutor.java:363)
	at com.kms.katalon.core.main.TestCaseExecutor.execute(TestCaseExecutor.java:363)
	at com.kms.katalon.core.main.TestSuiteExecutor.accessTestCaseMainPhase(TestSuiteExecutor.java:202)
	at com.kms.katalon.core.main.TestSuiteExecutor.accessTestSuiteMainPhase(TestSuiteExecutor.java:164)
	at com.kms.katalon.core.main.TestSuiteExecutor.execute(TestSuiteExecutor.java:105)
	at com.kms.katalon.core.main.TestCaseMain.startTestSuite(TestCaseMain.java:181)
	at com.kms.katalon.core.main.TestCaseMain$startTestSuite$0.call(Unknown Source)
	at TempTestSuite1642298356151.run(TempTestSuite1642298356151.groovy:36)
Caused by: com.kms.katalon.core.exception.StepFailedException: Web element with id: 'Object Repository/Teacher creates announcements/Page_Cc thng bo/a_Thng bo dng bullet' located by '//div[@id='discussion-list-61d445810a3f561d44580e891d21']/table/tbody/tr/th/div/a' not found
	at com.kms.katalon.core.webui.keyword.internal.WebUIKeywordMain.stepFailed(WebUIKeywordMain.groovy:64)
	at com.kms.katalon.core.webui.keyword.builtin.VerifyElementClickableKeyword$_verifyElementClickable_closure1.doCall(VerifyElementClickableKeyword.groovy:88)
	at com.kms.katalon.core.webui.keyword.builtin.VerifyElementClickableKeyword$_verifyElementClickable_closure1.call(VerifyElementClickableKeyword.groovy)
	at com.kms.katalon.core.webui.keyword.internal.WebUIKeywordMain.runKeyword(WebUIKeywordMain.groovy:20)
	... 22 more
"/>
         <system-out><![CDATA[2022-01-16 11:36:11 - [TEST_CASE][FAILED] - Test Cases/Teacher creates announcements/Teacher create a list announcement: Test Cases/Teacher creates announcements/Teacher create a list announcement FAILED.
Reason:
com.kms.katalon.core.exception.StepFailedException: Unable to verify object 'Object Repository/Teacher creates announcements/Page_Cc thng bo/a_Thng bo dng bullet' to be clickable
	at com.kms.katalon.core.webui.keyword.internal.WebUIKeywordMain.stepFailed(WebUIKeywordMain.groovy:64)
	at com.kms.katalon.core.webui.keyword.internal.WebUIKeywordMain.runKeyword(WebUIKeywordMain.groovy:26)
	at com.kms.katalon.core.webui.keyword.builtin.VerifyElementClickableKeyword.verifyElementClickable(VerifyElementClickableKeyword.groovy:96)
	at com.kms.katalon.core.webui.keyword.builtin.VerifyElementClickableKeyword.execute(VerifyElementClickableKeyword.groovy:67)
	at com.kms.katalon.core.keyword.internal.KeywordExecutor.executeKeywordForPlatform(KeywordExecutor.groovy:74)
	at com.kms.katalon.core.webui.keyword.WebUiBuiltInKeywords.verifyElementClickable(WebUiBuiltInKeywords.groovy:566)
	at com.kms.katalon.core.webui.keyword.WebUiBuiltInKeywords$verifyElementClickable$10.call(Unknown Source)
	at Teacher create a list announcement.run(Teacher create a list announcement:75)
	at com.kms.katalon.core.main.ScriptEngine.run(ScriptEngine.java:194)
	at com.kms.katalon.core.main.ScriptEngine.runScriptAsRawText(ScriptEngine.java:119)
	at com.kms.katalon.core.main.TestCaseExecutor.runScript(TestCaseExecutor.java:442)
	at com.kms.katalon.core.main.TestCaseExecutor.doExecute(TestCaseExecutor.java:433)
	at com.kms.katalon.core.main.TestCaseExecutor.processExecutionPhase(TestCaseExecutor.java:412)
	at com.kms.katalon.core.main.TestCaseExecutor.accessMainPhase(TestCaseExecutor.java:404)
	at com.kms.katalon.core.main.TestCaseExecutor.execute(TestCaseExecutor.java:281)
	at com.kms.katalon.core.main.TestCaseExecutor.execute(TestCaseExecutor.java:363)
	at com.kms.katalon.core.main.TestCaseExecutor.execute(TestCaseExecutor.java:363)
	at com.kms.katalon.core.main.TestCaseExecutor.execute(TestCaseExecutor.java:363)
	at com.kms.katalon.core.main.TestSuiteExecutor.accessTestCaseMainPhase(TestSuiteExecutor.java:202)
	at com.kms.katalon.core.main.TestSuiteExecutor.accessTestSuiteMainPhase(TestSuiteExecutor.java:164)
	at com.kms.katalon.core.main.TestSuiteExecutor.execute(TestSuiteExecutor.java:105)
	at com.kms.katalon.core.main.TestCaseMain.startTestSuite(TestCaseMain.java:181)
	at com.kms.katalon.core.main.TestCaseMain$startTestSuite$0.call(Unknown Source)
	at TempTestSuite1642298356151.run(TempTestSuite1642298356151.groovy:36)
Caused by: com.kms.katalon.core.exception.StepFailedException: Web element with id: 'Object Repository/Teacher creates announcements/Page_Cc thng bo/a_Thng bo dng bullet' located by '//div[@id='discussion-list-61d445810a3f561d44580e891d21']/table/tbody/tr/th/div/a' not found
	at com.kms.katalon.core.webui.keyword.internal.WebUIKeywordMain.stepFailed(WebUIKeywordMain.groovy:64)
	at com.kms.katalon.core.webui.keyword.builtin.VerifyElementClickableKeyword$_verifyElementClickable_closure1.doCall(VerifyElementClickableKeyword.groovy:88)
	at com.kms.katalon.core.webui.keyword.builtin.VerifyElementClickableKeyword$_verifyElementClickable_closure1.call(VerifyElementClickableKeyword.groovy)
	at com.kms.katalon.core.webui.keyword.internal.WebUIKeywordMain.runKeyword(WebUIKeywordMain.groovy:20)
	... 22 more


2022-01-16 11:36:11 - [TEST_STEP][PASSED] - openBrowser(""): Browser is opened with url: ''

2022-01-16 11:36:11 - [MESSAGE][WARNING] - A browser is already opened. Closing browser and opening a new one

2022-01-16 11:36:17 - [MESSAGE][INFO] - Starting 'Edge Chromium' driver

2022-01-16 11:36:24 - [MESSAGE][INFO] - Action delay is set to 0 milliseconds

2022-01-16 11:36:33 - [MESSAGE][PASSED] - Browser is opened with url: ''

2022-01-16 11:36:33 - [TEST_STEP][PASSED] - navigateToUrl("http://localhost/"): Navigate to 'http://localhost/' successfully

2022-01-16 11:37:11 - [MESSAGE][PASSED] - Navigate to 'http://localhost/' successfully

2022-01-16 11:37:11 - [TEST_STEP][PASSED] - click(findTestObject("Object Repository/Teacher creates announcements/Page_Local Moodle/a_Log in")): Object: 'Object Repository/Teacher creates announcements/Page_Local Moodle/a_Log in' is clicked on

2022-01-16 11:37:13 - [MESSAGE][PASSED] - Object: 'Object Repository/Teacher creates announcements/Page_Local Moodle/a_Log in' is clicked on

2022-01-16 11:37:13 - [TEST_STEP][PASSED] - setText(findTestObject("Object Repository/Teacher creates announcements/Page_Local Moodle Log in to the site/input_Username_username"), "lcbinh"): Text 'lcbinh' is set on object 'Object Repository/Teacher creates announcements/Page_Local Moodle Log in to the site/input_Username_username'

2022-01-16 11:37:14 - [MESSAGE][PASSED] - Text 'lcbinh' is set on object 'Object Repository/Teacher creates announcements/Page_Local Moodle Log in to the site/input_Username_username'

2022-01-16 11:37:14 - [TEST_STEP][PASSED] - setEncryptedText(findTestObject("Object Repository/Teacher creates announcements/Page_Local Moodle Log in to the site/input_Password_password"), "o5TCnEIIWq0Pz0TkrK1a2rpuWvRKVWz2"): Text ****** has been set on object 'Object Repository/Teacher creates announcements/Page_Local Moodle Log in to the site/input_Password_password'

2022-01-16 11:37:14 - [MESSAGE][PASSED] - Text ****** has been set on object 'Object Repository/Teacher creates announcements/Page_Local Moodle Log in to the site/input_Password_password'

2022-01-16 11:37:14 - [TEST_STEP][PASSED] - click(findTestObject("Object Repository/Teacher creates announcements/Page_Local Moodle Log in to the site/button_Log in")): Object: 'Object Repository/Teacher creates announcements/Page_Local Moodle Log in to the site/button_Log in' is clicked on

2022-01-16 11:37:19 - [MESSAGE][PASSED] - Object: 'Object Repository/Teacher creates announcements/Page_Local Moodle Log in to the site/button_Log in' is clicked on

2022-01-16 11:37:19 - [TEST_STEP][PASSED] - click(findTestObject("Object Repository/Teacher creates announcements/Page_Nh ca ti/span_Nhp mn Cng ngh phn mm")): Object: 'Object Repository/Teacher creates announcements/Page_Nh ca ti/span_Nhp mn Cng ngh phn mm' is clicked on

2022-01-16 11:37:26 - [MESSAGE][INFO] - Unable to find the element located by 'By.xpath: //div[@id='course-info-container-2-4']/div/div/a/span[3]'. Please recheck the objects properties to make sure the desired element is located. 

2022-01-16 11:37:26 - [MESSAGE][WARNING] - [SELF-HEALING] Failed to find element with id 'Object Repository/Teacher creates announcements/Page_Nh ca ti/span_Nhp mn Cng ngh phn mm'. Try using Self-healing.

2022-01-16 11:37:27 - [MESSAGE][WARNING] - [SELF-HEALING] The current locator of test object 'Object Repository/Teacher creates announcements/Page_Nh ca ti/span_Nhp mn Cng ngh phn mm' was broken. Propose an alternative one: '(.//*[normalize-space(text()) and normalize-space(.)='Tên khóa học'])[1]/following::span[1]'.

2022-01-16 11:37:28 - [MESSAGE][PASSED] - Object: 'Object Repository/Teacher creates announcements/Page_Nh ca ti/span_Nhp mn Cng ngh phn mm' is clicked on

2022-01-16 11:37:28 - [TEST_STEP][PASSED] - click(findTestObject("Object Repository/Teacher creates announcements/Page_Kha Nhp mn Cng ngh phn mm/span_Cc thng bo Din n")): Object: 'Object Repository/Teacher creates announcements/Page_Kha Nhp mn Cng ngh phn mm/span_Cc thng bo Din n' is clicked on

2022-01-16 11:37:34 - [MESSAGE][INFO] - Unable to find the element located by 'By.xpath: //li[@id='module-1']/div/div/div[2]/div/a/span'. Please recheck the objects properties to make sure the desired element is located. 

2022-01-16 11:37:34 - [MESSAGE][WARNING] - [SELF-HEALING] Failed to find element with id 'Object Repository/Teacher creates announcements/Page_Kha Nhp mn Cng ngh phn mm/span_Cc thng bo Din n'. Try using Self-healing.

2022-01-16 11:37:34 - [MESSAGE][WARNING] - [SELF-HEALING] The current locator of test object 'Object Repository/Teacher creates announcements/Page_Kha Nhp mn Cng ngh phn mm/span_Cc thng bo Din n' was broken. Propose an alternative one: '(.//*[normalize-space(text()) and normalize-space(.)='Chung'])[2]/following::span[1]'.

2022-01-16 11:37:40 - [MESSAGE][PASSED] - Object: 'Object Repository/Teacher creates announcements/Page_Kha Nhp mn Cng ngh phn mm/span_Cc thng bo Din n' is clicked on

2022-01-16 11:37:40 - [TEST_STEP][PASSED] - click(findTestObject("Object Repository/Teacher creates announcements/Page_Cc thng bo/a_Thm mt ch  mi")): Object: 'Object Repository/Teacher creates announcements/Page_Cc thng bo/a_Thm mt ch  mi' is clicked on

2022-01-16 11:37:46 - [MESSAGE][INFO] - Unable to find the element located by 'By.xpath: //a[@id='yui_3_17_2_1_1641377104026_492']'. Please recheck the objects properties to make sure the desired element is located. 

2022-01-16 11:37:46 - [MESSAGE][WARNING] - [SELF-HEALING] Failed to find element with id 'Object Repository/Teacher creates announcements/Page_Cc thng bo/a_Thm mt ch  mi'. Try using Self-healing.

2022-01-16 11:37:46 - [MESSAGE][WARNING] - [SELF-HEALING] The current locator of test object 'Object Repository/Teacher creates announcements/Page_Cc thng bo/a_Thm mt ch  mi' was broken. Propose an alternative one: '//a[contains(text(),'Thêm một chủ đề mới')]'.

2022-01-16 11:37:47 - [MESSAGE][PASSED] - Object: 'Object Repository/Teacher creates announcements/Page_Cc thng bo/a_Thm mt ch  mi' is clicked on

2022-01-16 11:37:47 - [TEST_STEP][PASSED] - setText(findTestObject("Object Repository/Teacher creates announcements/Page_Cc thng bo/input_Tiu_subject"), "Thông báo "): Text 'Thông báo ' is set on object 'Object Repository/Teacher creates announcements/Page_Cc thng bo/input_Tiu_subject'

2022-01-16 11:37:47 - [MESSAGE][PASSED] - Text 'Thông báo ' is set on object 'Object Repository/Teacher creates announcements/Page_Cc thng bo/input_Tiu_subject'

2022-01-16 11:37:47 - [TEST_STEP][PASSED] - click(findTestObject("Object Repository/Teacher creates announcements/Page_Cc thng bo/input_Hu b_advancedadddiscussion")): Object: 'Object Repository/Teacher creates announcements/Page_Cc thng bo/input_Hu b_advancedadddiscussion' is clicked on

2022-01-16 11:37:55 - [MESSAGE][PASSED] - Object: 'Object Repository/Teacher creates announcements/Page_Cc thng bo/input_Hu b_advancedadddiscussion' is clicked on

2022-01-16 11:37:55 - [TEST_STEP][PASSED] - setText(findTestObject("Object Repository/Teacher creates announcements/Page_NM CNPM Thm mt ch  mi/input_Tiu_subject"), "Thông báo dạng bullet"): Text 'Thông báo dạng bullet' is set on object 'Object Repository/Teacher creates announcements/Page_NM CNPM Thm mt ch  mi/input_Tiu_subject'

2022-01-16 11:37:57 - [MESSAGE][PASSED] - Text 'Thông báo dạng bullet' is set on object 'Object Repository/Teacher creates announcements/Page_NM CNPM Thm mt ch  mi/input_Tiu_subject'

2022-01-16 11:37:57 - [TEST_STEP][PASSED] - click(findTestObject("Object Repository/Teacher creates announcements/Page_NM CNPM Thm mt ch  mi/button_Ni dung_yui_3_17_2_1_1641301275320_977")): Object: 'Object Repository/Teacher creates announcements/Page_NM CNPM Thm mt ch  mi/button_Ni dung_yui_3_17_2_1_1641301275320_977' is clicked on

2022-01-16 11:38:03 - [MESSAGE][INFO] - Unable to find the element located by 'By.xpath: //button[@id='yui_3_17_2_1_1641301275320_977']'. Please recheck the objects properties to make sure the desired element is located. 

2022-01-16 11:38:03 - [MESSAGE][WARNING] - [SELF-HEALING] Failed to find element with id 'Object Repository/Teacher creates announcements/Page_NM CNPM Thm mt ch  mi/button_Ni dung_yui_3_17_2_1_1641301275320_977'. Try using Self-healing.

2022-01-16 11:38:03 - [MESSAGE][WARNING] - [SELF-HEALING] The current locator of test object 'Object Repository/Teacher creates announcements/Page_NM CNPM Thm mt ch  mi/button_Ni dung_yui_3_17_2_1_1641301275320_977' was broken. Propose an alternative one: '(.//*[normalize-space(text()) and normalize-space(.)='Nội dung'])[1]/following::button[5]'.

2022-01-16 11:38:04 - [MESSAGE][PASSED] - Object: 'Object Repository/Teacher creates announcements/Page_NM CNPM Thm mt ch  mi/button_Ni dung_yui_3_17_2_1_1641301275320_977' is clicked on

2022-01-16 11:38:04 - [TEST_STEP][PASSED] - setText(findTestObject("Object Repository/Teacher creates announcements/Page_NM CNPM Thm mt ch  mi/div_Thng bo 1Thng bo 2Thng bo 3"), "<p dir="ltr" style="text-align: left;" id="yui_3_17_2_1_1641301275320_1445"><ul id="yui_3_17_2_1_1641301275320_988"><li id="yui_3_17_2_1_1641301275320_987" style="">Thông báo 1</li><li id="yui_3_17_2_1_1641301275320_987" style="">Thông báo 2</li><li id="yui_3_17_2_1_1641301275320_987" style="">Thông báo 3</li></ul></p>"): Text '<p dir="ltr" style="text-align: left;" id="yui_3_17_2_1_1641301275320_1445"><ul id="yui_3_17_2_1_1641301275320_988"><li id="yui_3_17_2_1_1641301275320_987" style="">Thông báo 1</li><li id="yui_3_17_2_1_1641301275320_987" style="">Thông báo 2</li><li id="yui_3_17_2_1_1641301275320_987" style="">Thông báo 3</li></ul></p>' is set on object 'Object Repository/Teacher creates announcements/Page_NM CNPM Thm mt ch  mi/div_Thng bo 1Thng bo 2Thng bo 3'

2022-01-16 11:38:07 - [MESSAGE][PASSED] - Text '<p dir="ltr" style="text-align: left;" id="yui_3_17_2_1_1641301275320_1445"><ul id="yui_3_17_2_1_1641301275320_988"><li id="yui_3_17_2_1_1641301275320_987" style="">Thông báo 1</li><li id="yui_3_17_2_1_1641301275320_987" style="">Thông báo 2</li><li id="yui_3_17_2_1_1641301275320_987" style="">Thông báo 3</li></ul></p>' is set on object 'Object Repository/Teacher creates announcements/Page_NM CNPM Thm mt ch  mi/div_Thng bo 1Thng bo 2Thng bo 3'

2022-01-16 11:38:07 - [TEST_STEP][PASSED] - setText(findTestObject("Object Repository/Teacher creates announcements/Page_NM CNPM Thm mt ch  mi/div_Thng bo 1Thng bo 2Thng bo 3"), "<p dir="ltr" style="text-align: left;" id="yui_3_17_2_1_1641301275320_1445"><ul id="yui_3_17_2_1_1641301275320_988"><li id="yui_3_17_2_1_1641301275320_987" style="">Thông báo 1</li><li id="yui_3_17_2_1_1641301275320_987" style="">Thông báo 2</li><li id="yui_3_17_2_1_1641301275320_987" style="">Thông báo 3</li></ul></p>"): Text '<p dir="ltr" style="text-align: left;" id="yui_3_17_2_1_1641301275320_1445"><ul id="yui_3_17_2_1_1641301275320_988"><li id="yui_3_17_2_1_1641301275320_987" style="">Thông báo 1</li><li id="yui_3_17_2_1_1641301275320_987" style="">Thông báo 2</li><li id="yui_3_17_2_1_1641301275320_987" style="">Thông báo 3</li></ul></p>' is set on object 'Object Repository/Teacher creates announcements/Page_NM CNPM Thm mt ch  mi/div_Thng bo 1Thng bo 2Thng bo 3'

2022-01-16 11:38:09 - [MESSAGE][PASSED] - Text '<p dir="ltr" style="text-align: left;" id="yui_3_17_2_1_1641301275320_1445"><ul id="yui_3_17_2_1_1641301275320_988"><li id="yui_3_17_2_1_1641301275320_987" style="">Thông báo 1</li><li id="yui_3_17_2_1_1641301275320_987" style="">Thông báo 2</li><li id="yui_3_17_2_1_1641301275320_987" style="">Thông báo 3</li></ul></p>' is set on object 'Object Repository/Teacher creates announcements/Page_NM CNPM Thm mt ch  mi/div_Thng bo 1Thng bo 2Thng bo 3'

2022-01-16 11:38:09 - [TEST_STEP][PASSED] - click(findTestObject("Object Repository/Teacher creates announcements/Page_NM CNPM Thm mt ch  mi/input__submitbutton")): Object: 'Object Repository/Teacher creates announcements/Page_NM CNPM Thm mt ch  mi/input__submitbutton' is clicked on

2022-01-16 11:38:10 - [MESSAGE][PASSED] - Object: 'Object Repository/Teacher creates announcements/Page_NM CNPM Thm mt ch  mi/input__submitbutton' is clicked on

2022-01-16 11:38:10 - [TEST_STEP][PASSED] - click(findTestObject("Object Repository/Teacher creates announcements/Page_Cc thng bo/a_Cng Bnh L")): Object: 'Object Repository/Teacher creates announcements/Page_Cc thng bo/a_Cng Bnh L' is clicked on

2022-01-16 11:38:11 - [MESSAGE][PASSED] - Object: 'Object Repository/Teacher creates announcements/Page_Cc thng bo/a_Cng Bnh L' is clicked on

2022-01-16 11:38:11 - [TEST_STEP][PASSED] - click(findTestObject("Object Repository/Teacher creates announcements/Page_Cc thng bo/a_Thot")): Object: 'Object Repository/Teacher creates announcements/Page_Cc thng bo/a_Thot' is clicked on

2022-01-16 11:38:17 - [MESSAGE][INFO] - Unable to find the element located by 'By.xpath: //a[@id='yui_3_17_2_1_1641301350257_507']'. Please recheck the objects properties to make sure the desired element is located. 

2022-01-16 11:38:17 - [MESSAGE][WARNING] - [SELF-HEALING] Failed to find element with id 'Object Repository/Teacher creates announcements/Page_Cc thng bo/a_Thot'. Try using Self-healing.

2022-01-16 11:38:17 - [MESSAGE][WARNING] - [SELF-HEALING] The current locator of test object 'Object Repository/Teacher creates announcements/Page_Cc thng bo/a_Thot' was broken. Propose an alternative one: '//div[@id='action-menu-1-menu']/a[6]'.

2022-01-16 11:38:18 - [MESSAGE][PASSED] - Object: 'Object Repository/Teacher creates announcements/Page_Cc thng bo/a_Thot' is clicked on

2022-01-16 11:38:18 - [TEST_STEP][PASSED] - click(findTestObject("Object Repository/Teacher creates announcements/Page_Local Moodle/a_Log in")): Object: 'Object Repository/Teacher creates announcements/Page_Local Moodle/a_Log in' is clicked on

2022-01-16 11:38:18 - [MESSAGE][PASSED] - Object: 'Object Repository/Teacher creates announcements/Page_Local Moodle/a_Log in' is clicked on

2022-01-16 11:38:18 - [TEST_STEP][PASSED] - setText(findTestObject("Object Repository/Teacher creates announcements/Page_Local Moodle Log in to the site/input_Username_username"), "hs01"): Text 'hs01' is set on object 'Object Repository/Teacher creates announcements/Page_Local Moodle Log in to the site/input_Username_username'

2022-01-16 11:38:19 - [MESSAGE][PASSED] - Text 'hs01' is set on object 'Object Repository/Teacher creates announcements/Page_Local Moodle Log in to the site/input_Username_username'

2022-01-16 11:38:19 - [TEST_STEP][PASSED] - setEncryptedText(findTestObject("Object Repository/Teacher creates announcements/Page_Local Moodle Log in to the site/input_Password_password"), "o5TCnEIIWq2SeGQhIMNXLQ=="): Text ****** has been set on object 'Object Repository/Teacher creates announcements/Page_Local Moodle Log in to the site/input_Password_password'

2022-01-16 11:38:20 - [MESSAGE][PASSED] - Text ****** has been set on object 'Object Repository/Teacher creates announcements/Page_Local Moodle Log in to the site/input_Password_password'

2022-01-16 11:38:20 - [TEST_STEP][PASSED] - click(findTestObject("Object Repository/Teacher creates announcements/Page_Local Moodle Log in to the site/button_Log in")): Object: 'Object Repository/Teacher creates announcements/Page_Local Moodle Log in to the site/button_Log in' is clicked on

2022-01-16 11:38:22 - [MESSAGE][PASSED] - Object: 'Object Repository/Teacher creates announcements/Page_Local Moodle Log in to the site/button_Log in' is clicked on

2022-01-16 11:38:22 - [TEST_STEP][PASSED] - click(findTestObject("Object Repository/Teacher creates announcements/Page_Nh ca ti/span_Nhp mn Cng ngh phn mm")): Object: 'Object Repository/Teacher creates announcements/Page_Nh ca ti/span_Nhp mn Cng ngh phn mm' is clicked on

2022-01-16 11:38:28 - [MESSAGE][INFO] - Unable to find the element located by 'By.xpath: //div[@id='course-info-container-2-4']/div/div/a/span[3]'. Please recheck the objects properties to make sure the desired element is located. 

2022-01-16 11:38:28 - [MESSAGE][WARNING] - [SELF-HEALING] Failed to find element with id 'Object Repository/Teacher creates announcements/Page_Nh ca ti/span_Nhp mn Cng ngh phn mm'. Try using Self-healing.

2022-01-16 11:38:28 - [MESSAGE][WARNING] - [SELF-HEALING] The current locator of test object 'Object Repository/Teacher creates announcements/Page_Nh ca ti/span_Nhp mn Cng ngh phn mm' was broken. Propose an alternative one: '(.//*[normalize-space(text()) and normalize-space(.)='Tên khóa học'])[1]/following::span[1]'.

2022-01-16 11:38:29 - [MESSAGE][PASSED] - Object: 'Object Repository/Teacher creates announcements/Page_Nh ca ti/span_Nhp mn Cng ngh phn mm' is clicked on

2022-01-16 11:38:29 - [TEST_STEP][PASSED] - click(findTestObject("Object Repository/Teacher creates announcements/Page_Kha Nhp mn Cng ngh phn mm/span_Cc thng bo Din n")): Object: 'Object Repository/Teacher creates announcements/Page_Kha Nhp mn Cng ngh phn mm/span_Cc thng bo Din n' is clicked on

2022-01-16 11:38:35 - [MESSAGE][INFO] - Unable to find the element located by 'By.xpath: //li[@id='module-1']/div/div/div[2]/div/a/span'. Please recheck the objects properties to make sure the desired element is located. 

2022-01-16 11:38:35 - [MESSAGE][WARNING] - [SELF-HEALING] Failed to find element with id 'Object Repository/Teacher creates announcements/Page_Kha Nhp mn Cng ngh phn mm/span_Cc thng bo Din n'. Try using Self-healing.

2022-01-16 11:38:35 - [MESSAGE][WARNING] - [SELF-HEALING] The current locator of test object 'Object Repository/Teacher creates announcements/Page_Kha Nhp mn Cng ngh phn mm/span_Cc thng bo Din n' was broken. Propose an alternative one: '(.//*[normalize-space(text()) and normalize-space(.)='Chung'])[2]/following::span[1]'.

2022-01-16 11:38:36 - [MESSAGE][PASSED] - Object: 'Object Repository/Teacher creates announcements/Page_Kha Nhp mn Cng ngh phn mm/span_Cc thng bo Din n' is clicked on

2022-01-16 11:38:36 - [TEST_STEP][FAILED] - verifyElementClickable(findTestObject("Object Repository/Teacher creates announcements/Page_Cc thng bo/a_Thng bo dng bullet")): Unable to verify object 'Object Repository/Teacher creates announcements/Page_Cc thng bo/a_Thng bo dng bullet' to be clickable (Root cause: com.kms.katalon.core.exception.StepFailedException: Unable to verify object 'Object Repository/Teacher creates announcements/Page_Cc thng bo/a_Thng bo dng bullet' to be clickable
	at com.kms.katalon.core.webui.keyword.internal.WebUIKeywordMain.stepFailed(WebUIKeywordMain.groovy:64)
	at com.kms.katalon.core.webui.keyword.internal.WebUIKeywordMain.runKeyword(WebUIKeywordMain.groovy:26)
	at com.kms.katalon.core.webui.keyword.builtin.VerifyElementClickableKeyword.verifyElementClickable(VerifyElementClickableKeyword.groovy:96)
	at com.kms.katalon.core.webui.keyword.builtin.VerifyElementClickableKeyword.execute(VerifyElementClickableKeyword.groovy:67)
	at com.kms.katalon.core.keyword.internal.KeywordExecutor.executeKeywordForPlatform(KeywordExecutor.groovy:74)
	at com.kms.katalon.core.webui.keyword.WebUiBuiltInKeywords.verifyElementClickable(WebUiBuiltInKeywords.groovy:566)
	at com.kms.katalon.core.webui.keyword.WebUiBuiltInKeywords$verifyElementClickable$10.call(Unknown Source)
	at Teacher create a list announcement.run(Teacher create a list announcement:75)
	at com.kms.katalon.core.main.ScriptEngine.run(ScriptEngine.java:194)
	at com.kms.katalon.core.main.ScriptEngine.runScriptAsRawText(ScriptEngine.java:119)
	at com.kms.katalon.core.main.TestCaseExecutor.runScript(TestCaseExecutor.java:442)
	at com.kms.katalon.core.main.TestCaseExecutor.doExecute(TestCaseExecutor.java:433)
	at com.kms.katalon.core.main.TestCaseExecutor.processExecutionPhase(TestCaseExecutor.java:412)
	at com.kms.katalon.core.main.TestCaseExecutor.accessMainPhase(TestCaseExecutor.java:404)
	at com.kms.katalon.core.main.TestCaseExecutor.execute(TestCaseExecutor.java:281)
	at com.kms.katalon.core.main.TestCaseExecutor.execute(TestCaseExecutor.java:363)
	at com.kms.katalon.core.main.TestCaseExecutor.execute(TestCaseExecutor.java:363)
	at com.kms.katalon.core.main.TestCaseExecutor.execute(TestCaseExecutor.java:363)
	at com.kms.katalon.core.main.TestSuiteExecutor.accessTestCaseMainPhase(TestSuiteExecutor.java:202)
	at com.kms.katalon.core.main.TestSuiteExecutor.accessTestSuiteMainPhase(TestSuiteExecutor.java:164)
	at com.kms.katalon.core.main.TestSuiteExecutor.execute(TestSuiteExecutor.java:105)
	at com.kms.katalon.core.main.TestCaseMain.startTestSuite(TestCaseMain.java:181)
	at com.kms.katalon.core.main.TestCaseMain$startTestSuite$0.call(Unknown Source)
	at TempTestSuite1642298356151.run(TempTestSuite1642298356151.groovy:36)
Caused by: com.kms.katalon.core.exception.StepFailedException: Web element with id: 'Object Repository/Teacher creates announcements/Page_Cc thng bo/a_Thng bo dng bullet' located by '//div[@id='discussion-list-61d445810a3f561d44580e891d21']/table/tbody/tr/th/div/a' not found
	at com.kms.katalon.core.webui.keyword.internal.WebUIKeywordMain.stepFailed(WebUIKeywordMain.groovy:64)
	at com.kms.katalon.core.webui.keyword.builtin.VerifyElementClickableKeyword$_verifyElementClickable_closure1.doCall(VerifyElementClickableKeyword.groovy:88)
	at com.kms.katalon.core.webui.keyword.builtin.VerifyElementClickableKeyword$_verifyElementClickable_closure1.call(VerifyElementClickableKeyword.groovy)
	at com.kms.katalon.core.webui.keyword.internal.WebUIKeywordMain.runKeyword(WebUIKeywordMain.groovy:20)
	... 22 more
)

2022-01-16 11:38:42 - [MESSAGE][INFO] - Unable to find the element located by 'By.xpath: //div[@id='discussion-list-61d445810a3f561d44580e891d21']/table/tbody/tr/th/div/a'. Please recheck the objects properties to make sure the desired element is located. 

2022-01-16 11:38:42 - [MESSAGE][WARNING] - [SELF-HEALING] Failed to find element with id 'Object Repository/Teacher creates announcements/Page_Cc thng bo/a_Thng bo dng bullet'. Try using Self-healing.

2022-01-16 11:38:43 - [MESSAGE][INFO] - Unable to find the element located by 'By.xpath: //a[contains(text(),'Thông báo dạng bullet')]'. Please recheck the objects properties to make sure the desired element is located. 

2022-01-16 11:38:44 - [MESSAGE][INFO] - [SELF-HEALING] Failed Locator: '//div[@id='discussion-list-61d445810a3f561d44580e891d21']/table/tbody/tr/th/div/a'.

2022-01-16 11:38:44 - [MESSAGE][INFO] - [SELF-HEALING] Failed Locator: '//a[contains(text(),'Thông báo dạng bullet')]'.

2022-01-16 11:38:44 - [MESSAGE][INFO] - [SELF-HEALING] Failed Locator: '(.//*[normalize-space(text()) and normalize-space(.)='Các thao tác'])[1]/following::a[2]'.

2022-01-16 11:38:45 - [MESSAGE][INFO] - [SELF-HEALING] Failed Locator: '(.//*[normalize-space(text()) and normalize-space(.)='Phúc đáp'])[1]/following::a[2]'.

2022-01-16 11:38:45 - [MESSAGE][INFO] - [SELF-HEALING] Failed Locator: '(.//*[normalize-space(text()) and normalize-space(.)='Đã khóa'])[1]/preceding::a[1]'.

2022-01-16 11:38:45 - [MESSAGE][INFO] - [SELF-HEALING] Failed Locator: '(.//*[normalize-space(text()) and normalize-space(.)='Công Bình Lê'])[1]/preceding::a[1]'.

2022-01-16 11:38:46 - [MESSAGE][INFO] - [SELF-HEALING] Failed Locator: '//*/text()[normalize-space(.)='Thông báo dạng bullet']/parent::*'.

2022-01-16 11:38:47 - [MESSAGE][INFO] - [SELF-HEALING] Failed Locator: '//a[@href='http://localhost/mod/forum/discuss.php?d=11']'.

2022-01-16 11:38:47 - [MESSAGE][INFO] - [SELF-HEALING] Failed Locator: '//th/div/a'.

2022-01-16 11:38:48 - [MESSAGE][INFO] - Unable to find the element located by 'By.xpath: //*[@href = 'http://localhost/mod/forum/discuss.php?d=11' and @title = 'Thông báo dạng bullet' and (text() = '
                                        Thông báo dạng bullet
                                    ' or . = '
                                        Thông báo dạng bullet
                                    ')]'. Please recheck the objects properties to make sure the desired element is located. 

2022-01-16 11:38:49 - [MESSAGE][INFO] - Unable to find the element located by 'By.cssSelector: a.w-100.h-100.d-block'. Please recheck the objects properties to make sure the desired element is located. 

2022-01-16 11:38:50 - [MESSAGE][FAILED] - Web element with id: 'Object Repository/Teacher creates announcements/Page_Cc thng bo/a_Thng bo dng bullet' located by '//div[@id='discussion-list-61d445810a3f561d44580e891d21']/table/tbody/tr/th/div/a' not found (Root cause: com.kms.katalon.core.exception.StepFailedException: Web element with id: 'Object Repository/Teacher creates announcements/Page_Cc thng bo/a_Thng bo dng bullet' located by '//div[@id='discussion-list-61d445810a3f561d44580e891d21']/table/tbody/tr/th/div/a' not found
	at com.kms.katalon.core.webui.keyword.internal.WebUIKeywordMain.stepFailed(WebUIKeywordMain.groovy:64)
	at com.kms.katalon.core.webui.keyword.builtin.VerifyElementClickableKeyword$_verifyElementClickable_closure1.doCall(VerifyElementClickableKeyword.groovy:88)
	at com.kms.katalon.core.webui.keyword.builtin.VerifyElementClickableKeyword$_verifyElementClickable_closure1.call(VerifyElementClickableKeyword.groovy)
	at com.kms.katalon.core.webui.keyword.internal.WebUIKeywordMain.runKeyword(WebUIKeywordMain.groovy:20)
	at com.kms.katalon.core.webui.keyword.builtin.VerifyElementClickableKeyword.verifyElementClickable(VerifyElementClickableKeyword.groovy:96)
	at com.kms.katalon.core.webui.keyword.builtin.VerifyElementClickableKeyword.execute(VerifyElementClickableKeyword.groovy:67)
	at com.kms.katalon.core.keyword.internal.KeywordExecutor.executeKeywordForPlatform(KeywordExecutor.groovy:74)
	at com.kms.katalon.core.webui.keyword.WebUiBuiltInKeywords.verifyElementClickable(WebUiBuiltInKeywords.groovy:566)
	at com.kms.katalon.core.webui.keyword.WebUiBuiltInKeywords$verifyElementClickable$10.call(Unknown Source)
	at Teacher create a list announcement.run(Teacher create a list announcement:75)
	at com.kms.katalon.core.main.ScriptEngine.run(ScriptEngine.java:194)
	at com.kms.katalon.core.main.ScriptEngine.runScriptAsRawText(ScriptEngine.java:119)
	at com.kms.katalon.core.main.TestCaseExecutor.runScript(TestCaseExecutor.java:442)
	at com.kms.katalon.core.main.TestCaseExecutor.doExecute(TestCaseExecutor.java:433)
	at com.kms.katalon.core.main.TestCaseExecutor.processExecutionPhase(TestCaseExecutor.java:412)
	at com.kms.katalon.core.main.TestCaseExecutor.accessMainPhase(TestCaseExecutor.java:404)
	at com.kms.katalon.core.main.TestCaseExecutor.execute(TestCaseExecutor.java:281)
	at com.kms.katalon.core.main.TestCaseExecutor.execute(TestCaseExecutor.java:363)
	at com.kms.katalon.core.main.TestCaseExecutor.execute(TestCaseExecutor.java:363)
	at com.kms.katalon.core.main.TestCaseExecutor.execute(TestCaseExecutor.java:363)
	at com.kms.katalon.core.main.TestSuiteExecutor.accessTestCaseMainPhase(TestSuiteExecutor.java:202)
	at com.kms.katalon.core.main.TestSuiteExecutor.accessTestSuiteMainPhase(TestSuiteExecutor.java:164)
	at com.kms.katalon.core.main.TestSuiteExecutor.execute(TestSuiteExecutor.java:105)
	at com.kms.katalon.core.main.TestCaseMain.startTestSuite(TestCaseMain.java:181)
	at com.kms.katalon.core.main.TestCaseMain$startTestSuite$0.call(Unknown Source)
	at TempTestSuite1642298356151.run(TempTestSuite1642298356151.groovy:36)
)
[[ATTACHMENT|E:\\xampp\\htdocs\\moodle\\Test Automation - SE Bonus\\Reports\\20220116_085916\\Run All Test Cases\\20220116_085916\\1642307929952.png]]

2022-01-16 11:38:50 - [MESSAGE][FAILED] - Unable to verify object 'Object Repository/Teacher creates announcements/Page_Cc thng bo/a_Thng bo dng bullet' to be clickable (Root cause: com.kms.katalon.core.exception.StepFailedException: Unable to verify object 'Object Repository/Teacher creates announcements/Page_Cc thng bo/a_Thng bo dng bullet' to be clickable
	at com.kms.katalon.core.webui.keyword.internal.WebUIKeywordMain.stepFailed(WebUIKeywordMain.groovy:64)
	at com.kms.katalon.core.webui.keyword.internal.WebUIKeywordMain.runKeyword(WebUIKeywordMain.groovy:26)
	at com.kms.katalon.core.webui.keyword.builtin.VerifyElementClickableKeyword.verifyElementClickable(VerifyElementClickableKeyword.groovy:96)
	at com.kms.katalon.core.webui.keyword.builtin.VerifyElementClickableKeyword.execute(VerifyElementClickableKeyword.groovy:67)
	at com.kms.katalon.core.keyword.internal.KeywordExecutor.executeKeywordForPlatform(KeywordExecutor.groovy:74)
	at com.kms.katalon.core.webui.keyword.WebUiBuiltInKeywords.verifyElementClickable(WebUiBuiltInKeywords.groovy:566)
	at com.kms.katalon.core.webui.keyword.WebUiBuiltInKeywords$verifyElementClickable$10.call(Unknown Source)
	at Teacher create a list announcement.run(Teacher create a list announcement:75)
	at com.kms.katalon.core.main.ScriptEngine.run(ScriptEngine.java:194)
	at com.kms.katalon.core.main.ScriptEngine.runScriptAsRawText(ScriptEngine.java:119)
	at com.kms.katalon.core.main.TestCaseExecutor.runScript(TestCaseExecutor.java:442)
	at com.kms.katalon.core.main.TestCaseExecutor.doExecute(TestCaseExecutor.java:433)
	at com.kms.katalon.core.main.TestCaseExecutor.processExecutionPhase(TestCaseExecutor.java:412)
	at com.kms.katalon.core.main.TestCaseExecutor.accessMainPhase(TestCaseExecutor.java:404)
	at com.kms.katalon.core.main.TestCaseExecutor.execute(TestCaseExecutor.java:281)
	at com.kms.katalon.core.main.TestCaseExecutor.execute(TestCaseExecutor.java:363)
	at com.kms.katalon.core.main.TestCaseExecutor.execute(TestCaseExecutor.java:363)
	at com.kms.katalon.core.main.TestCaseExecutor.execute(TestCaseExecutor.java:363)
	at com.kms.katalon.core.main.TestSuiteExecutor.accessTestCaseMainPhase(TestSuiteExecutor.java:202)
	at com.kms.katalon.core.main.TestSuiteExecutor.accessTestSuiteMainPhase(TestSuiteExecutor.java:164)
	at com.kms.katalon.core.main.TestSuiteExecutor.execute(TestSuiteExecutor.java:105)
	at com.kms.katalon.core.main.TestCaseMain.startTestSuite(TestCaseMain.java:181)
	at com.kms.katalon.core.main.TestCaseMain$startTestSuite$0.call(Unknown Source)
	at TempTestSuite1642298356151.run(TempTestSuite1642298356151.groovy:36)
Caused by: com.kms.katalon.core.exception.StepFailedException: Web element with id: 'Object Repository/Teacher creates announcements/Page_Cc thng bo/a_Thng bo dng bullet' located by '//div[@id='discussion-list-61d445810a3f561d44580e891d21']/table/tbody/tr/th/div/a' not found
	at com.kms.katalon.core.webui.keyword.internal.WebUIKeywordMain.stepFailed(WebUIKeywordMain.groovy:64)
	at com.kms.katalon.core.webui.keyword.builtin.VerifyElementClickableKeyword$_verifyElementClickable_closure1.doCall(VerifyElementClickableKeyword.groovy:88)
	at com.kms.katalon.core.webui.keyword.builtin.VerifyElementClickableKeyword$_verifyElementClickable_closure1.call(VerifyElementClickableKeyword.groovy)
	at com.kms.katalon.core.webui.keyword.internal.WebUIKeywordMain.runKeyword(WebUIKeywordMain.groovy:20)
	... 22 more
)
[[ATTACHMENT|E:\\xampp\\htdocs\\moodle\\Test Automation - SE Bonus\\Reports\\20220116_085916\\Run All Test Cases\\20220116_085916\\1642307930054.png]]]]></system-out>
         <system-err><![CDATA[2022-01-16 11:36:11 - [TEST_CASE][FAILED] - Test Cases/Teacher creates announcements/Teacher create a list announcement: Test Cases/Teacher creates announcements/Teacher create a list announcement FAILED.
Reason:
com.kms.katalon.core.exception.StepFailedException: Unable to verify object 'Object Repository/Teacher creates announcements/Page_Cc thng bo/a_Thng bo dng bullet' to be clickable
	at com.kms.katalon.core.webui.keyword.internal.WebUIKeywordMain.stepFailed(WebUIKeywordMain.groovy:64)
	at com.kms.katalon.core.webui.keyword.internal.WebUIKeywordMain.runKeyword(WebUIKeywordMain.groovy:26)
	at com.kms.katalon.core.webui.keyword.builtin.VerifyElementClickableKeyword.verifyElementClickable(VerifyElementClickableKeyword.groovy:96)
	at com.kms.katalon.core.webui.keyword.builtin.VerifyElementClickableKeyword.execute(VerifyElementClickableKeyword.groovy:67)
	at com.kms.katalon.core.keyword.internal.KeywordExecutor.executeKeywordForPlatform(KeywordExecutor.groovy:74)
	at com.kms.katalon.core.webui.keyword.WebUiBuiltInKeywords.verifyElementClickable(WebUiBuiltInKeywords.groovy:566)
	at com.kms.katalon.core.webui.keyword.WebUiBuiltInKeywords$verifyElementClickable$10.call(Unknown Source)
	at Teacher create a list announcement.run(Teacher create a list announcement:75)
	at com.kms.katalon.core.main.ScriptEngine.run(ScriptEngine.java:194)
	at com.kms.katalon.core.main.ScriptEngine.runScriptAsRawText(ScriptEngine.java:119)
	at com.kms.katalon.core.main.TestCaseExecutor.runScript(TestCaseExecutor.java:442)
	at com.kms.katalon.core.main.TestCaseExecutor.doExecute(TestCaseExecutor.java:433)
	at com.kms.katalon.core.main.TestCaseExecutor.processExecutionPhase(TestCaseExecutor.java:412)
	at com.kms.katalon.core.main.TestCaseExecutor.accessMainPhase(TestCaseExecutor.java:404)
	at com.kms.katalon.core.main.TestCaseExecutor.execute(TestCaseExecutor.java:281)
	at com.kms.katalon.core.main.TestCaseExecutor.execute(TestCaseExecutor.java:363)
	at com.kms.katalon.core.main.TestCaseExecutor.execute(TestCaseExecutor.java:363)
	at com.kms.katalon.core.main.TestCaseExecutor.execute(TestCaseExecutor.java:363)
	at com.kms.katalon.core.main.TestSuiteExecutor.accessTestCaseMainPhase(TestSuiteExecutor.java:202)
	at com.kms.katalon.core.main.TestSuiteExecutor.accessTestSuiteMainPhase(TestSuiteExecutor.java:164)
	at com.kms.katalon.core.main.TestSuiteExecutor.execute(TestSuiteExecutor.java:105)
	at com.kms.katalon.core.main.TestCaseMain.startTestSuite(TestCaseMain.java:181)
	at com.kms.katalon.core.main.TestCaseMain$startTestSuite$0.call(Unknown Source)
	at TempTestSuite1642298356151.run(TempTestSuite1642298356151.groovy:36)
Caused by: com.kms.katalon.core.exception.StepFailedException: Web element with id: 'Object Repository/Teacher creates announcements/Page_Cc thng bo/a_Thng bo dng bullet' located by '//div[@id='discussion-list-61d445810a3f561d44580e891d21']/table/tbody/tr/th/div/a' not found
	at com.kms.katalon.core.webui.keyword.internal.WebUIKeywordMain.stepFailed(WebUIKeywordMain.groovy:64)
	at com.kms.katalon.core.webui.keyword.builtin.VerifyElementClickableKeyword$_verifyElementClickable_closure1.doCall(VerifyElementClickableKeyword.groovy:88)
	at com.kms.katalon.core.webui.keyword.builtin.VerifyElementClickableKeyword$_verifyElementClickable_closure1.call(VerifyElementClickableKeyword.groovy)
	at com.kms.katalon.core.webui.keyword.internal.WebUIKeywordMain.runKeyword(WebUIKeywordMain.groovy:20)
	... 22 more]]></system-err>
      </testcase>
      <testcase name="Test Cases/Teacher creates announcements/Teacher create a new announcement" time="93.581" classname="Test Cases/Teacher creates announcements/Teacher create a new announcement" status="PASSED">
         <system-out><![CDATA[2022-01-16 11:38:50 - [TEST_CASE][PASSED] - Test Cases/Teacher creates announcements/Teacher create a new announcement: Test Cases/Teacher creates announcements/Teacher create a new announcement

2022-01-16 11:38:50 - [TEST_STEP][PASSED] - openBrowser(""): Browser is opened with url: ''

2022-01-16 11:38:50 - [MESSAGE][WARNING] - A browser is already opened. Closing browser and opening a new one

2022-01-16 11:38:51 - [MESSAGE][INFO] - Starting 'Edge Chromium' driver

2022-01-16 11:38:51 - [MESSAGE][INFO] - Action delay is set to 0 milliseconds

2022-01-16 11:38:54 - [MESSAGE][PASSED] - Browser is opened with url: ''

2022-01-16 11:38:54 - [TEST_STEP][PASSED] - navigateToUrl("http://localhost/"): Navigate to 'http://localhost/' successfully

2022-01-16 11:38:58 - [MESSAGE][PASSED] - Navigate to 'http://localhost/' successfully

2022-01-16 11:38:58 - [TEST_STEP][PASSED] - click(findTestObject("Object Repository/Teacher creates announcements/Page_Local Moodle/a_Log in")): Object: 'Object Repository/Teacher creates announcements/Page_Local Moodle/a_Log in' is clicked on

2022-01-16 11:38:59 - [MESSAGE][PASSED] - Object: 'Object Repository/Teacher creates announcements/Page_Local Moodle/a_Log in' is clicked on

2022-01-16 11:38:59 - [TEST_STEP][PASSED] - click(findTestObject("Object Repository/Teacher creates announcements/Page_Local Moodle Log in to the site/form_document.getElementById(anchor).value _70e5d4")): Object: 'Object Repository/Teacher creates announcements/Page_Local Moodle Log in to the site/form_document.getElementById(anchor).value _70e5d4' is clicked on

2022-01-16 11:39:00 - [MESSAGE][PASSED] - Object: 'Object Repository/Teacher creates announcements/Page_Local Moodle Log in to the site/form_document.getElementById(anchor).value _70e5d4' is clicked on

2022-01-16 11:39:00 - [TEST_STEP][PASSED] - setText(findTestObject("Object Repository/Teacher creates announcements/Page_Local Moodle Log in to the site/input_Username_username"), "lcbinh"): Text 'lcbinh' is set on object 'Object Repository/Teacher creates announcements/Page_Local Moodle Log in to the site/input_Username_username'

2022-01-16 11:39:00 - [MESSAGE][PASSED] - Text 'lcbinh' is set on object 'Object Repository/Teacher creates announcements/Page_Local Moodle Log in to the site/input_Username_username'

2022-01-16 11:39:00 - [TEST_STEP][PASSED] - setEncryptedText(findTestObject("Object Repository/Teacher creates announcements/Page_Local Moodle Log in to the site/input_Password_password"), "o5TCnEIIWq0Pz0TkrK1a2rpuWvRKVWz2"): Text ****** has been set on object 'Object Repository/Teacher creates announcements/Page_Local Moodle Log in to the site/input_Password_password'

2022-01-16 11:39:01 - [MESSAGE][PASSED] - Text ****** has been set on object 'Object Repository/Teacher creates announcements/Page_Local Moodle Log in to the site/input_Password_password'

2022-01-16 11:39:01 - [TEST_STEP][PASSED] - click(findTestObject("Object Repository/Teacher creates announcements/Page_Local Moodle Log in to the site/button_Log in")): Object: 'Object Repository/Teacher creates announcements/Page_Local Moodle Log in to the site/button_Log in' is clicked on

2022-01-16 11:39:05 - [MESSAGE][PASSED] - Object: 'Object Repository/Teacher creates announcements/Page_Local Moodle Log in to the site/button_Log in' is clicked on

2022-01-16 11:39:05 - [TEST_STEP][PASSED] - verifyElementClickable(findTestObject("Object Repository/Teacher creates announcements/Page_Nh ca ti/span_Nhp mn Cng ngh phn mm")): Object 'Object Repository/Teacher creates announcements/Page_Nh ca ti/span_Nhp mn Cng ngh phn mm' is clickable

2022-01-16 11:39:11 - [MESSAGE][INFO] - Unable to find the element located by 'By.xpath: //div[@id='course-info-container-2-4']/div/div/a/span[3]'. Please recheck the objects properties to make sure the desired element is located. 

2022-01-16 11:39:11 - [MESSAGE][WARNING] - [SELF-HEALING] Failed to find element with id 'Object Repository/Teacher creates announcements/Page_Nh ca ti/span_Nhp mn Cng ngh phn mm'. Try using Self-healing.

2022-01-16 11:39:11 - [MESSAGE][WARNING] - [SELF-HEALING] The current locator of test object 'Object Repository/Teacher creates announcements/Page_Nh ca ti/span_Nhp mn Cng ngh phn mm' was broken. Propose an alternative one: '(.//*[normalize-space(text()) and normalize-space(.)='Tên khóa học'])[1]/following::span[1]'.

2022-01-16 11:39:12 - [MESSAGE][PASSED] - Object 'Object Repository/Teacher creates announcements/Page_Nh ca ti/span_Nhp mn Cng ngh phn mm' is clickable

2022-01-16 11:39:12 - [TEST_STEP][PASSED] - click(findTestObject("Object Repository/Teacher creates announcements/Page_Nh ca ti/span_Nhp mn Cng ngh phn mm")): Object: 'Object Repository/Teacher creates announcements/Page_Nh ca ti/span_Nhp mn Cng ngh phn mm' is clicked on

2022-01-16 11:39:18 - [MESSAGE][INFO] - Unable to find the element located by 'By.xpath: //div[@id='course-info-container-2-4']/div/div/a/span[3]'. Please recheck the objects properties to make sure the desired element is located. 

2022-01-16 11:39:18 - [MESSAGE][WARNING] - [SELF-HEALING] Failed to find element with id 'Object Repository/Teacher creates announcements/Page_Nh ca ti/span_Nhp mn Cng ngh phn mm'. Try using Self-healing.

2022-01-16 11:39:18 - [MESSAGE][WARNING] - [SELF-HEALING] The current locator of test object 'Object Repository/Teacher creates announcements/Page_Nh ca ti/span_Nhp mn Cng ngh phn mm' was broken. Propose an alternative one: '(.//*[normalize-space(text()) and normalize-space(.)='Tên khóa học'])[1]/following::span[1]'.

2022-01-16 11:39:20 - [MESSAGE][PASSED] - Object: 'Object Repository/Teacher creates announcements/Page_Nh ca ti/span_Nhp mn Cng ngh phn mm' is clicked on

2022-01-16 11:39:20 - [TEST_STEP][PASSED] - verifyElementClickable(findTestObject("Object Repository/Teacher creates announcements/Page_Kha Nhp mn Cng ngh phn mm/span_Cc thng bo Din n")): Object 'Object Repository/Teacher creates announcements/Page_Kha Nhp mn Cng ngh phn mm/span_Cc thng bo Din n' is clickable

2022-01-16 11:39:26 - [MESSAGE][INFO] - Unable to find the element located by 'By.xpath: //li[@id='module-1']/div/div/div[2]/div/a/span'. Please recheck the objects properties to make sure the desired element is located. 

2022-01-16 11:39:26 - [MESSAGE][WARNING] - [SELF-HEALING] Failed to find element with id 'Object Repository/Teacher creates announcements/Page_Kha Nhp mn Cng ngh phn mm/span_Cc thng bo Din n'. Try using Self-healing.

2022-01-16 11:39:26 - [MESSAGE][WARNING] - [SELF-HEALING] The current locator of test object 'Object Repository/Teacher creates announcements/Page_Kha Nhp mn Cng ngh phn mm/span_Cc thng bo Din n' was broken. Propose an alternative one: '(.//*[normalize-space(text()) and normalize-space(.)='Chung'])[2]/following::span[1]'.

2022-01-16 11:39:26 - [MESSAGE][PASSED] - Object 'Object Repository/Teacher creates announcements/Page_Kha Nhp mn Cng ngh phn mm/span_Cc thng bo Din n' is clickable

2022-01-16 11:39:26 - [TEST_STEP][PASSED] - click(findTestObject("Object Repository/Teacher creates announcements/Page_Kha Nhp mn Cng ngh phn mm/span_Cc thng bo Din n")): Object: 'Object Repository/Teacher creates announcements/Page_Kha Nhp mn Cng ngh phn mm/span_Cc thng bo Din n' is clicked on

2022-01-16 11:39:32 - [MESSAGE][INFO] - Unable to find the element located by 'By.xpath: //li[@id='module-1']/div/div/div[2]/div/a/span'. Please recheck the objects properties to make sure the desired element is located. 

2022-01-16 11:39:32 - [MESSAGE][WARNING] - [SELF-HEALING] Failed to find element with id 'Object Repository/Teacher creates announcements/Page_Kha Nhp mn Cng ngh phn mm/span_Cc thng bo Din n'. Try using Self-healing.

2022-01-16 11:39:33 - [MESSAGE][WARNING] - [SELF-HEALING] The current locator of test object 'Object Repository/Teacher creates announcements/Page_Kha Nhp mn Cng ngh phn mm/span_Cc thng bo Din n' was broken. Propose an alternative one: '(.//*[normalize-space(text()) and normalize-space(.)='Chung'])[2]/following::span[1]'.

2022-01-16 11:39:39 - [MESSAGE][PASSED] - Object: 'Object Repository/Teacher creates announcements/Page_Kha Nhp mn Cng ngh phn mm/span_Cc thng bo Din n' is clicked on

2022-01-16 11:39:39 - [TEST_STEP][PASSED] - verifyElementClickable(findTestObject("Object Repository/Teacher creates announcements/Page_Cc thng bo/a_Thm mt ch  mi")): Object 'Object Repository/Teacher creates announcements/Page_Cc thng bo/a_Thm mt ch  mi' is clickable

2022-01-16 11:39:45 - [MESSAGE][INFO] - Unable to find the element located by 'By.xpath: //a[@id='yui_3_17_2_1_1641377104026_492']'. Please recheck the objects properties to make sure the desired element is located. 

2022-01-16 11:39:45 - [MESSAGE][WARNING] - [SELF-HEALING] Failed to find element with id 'Object Repository/Teacher creates announcements/Page_Cc thng bo/a_Thm mt ch  mi'. Try using Self-healing.

2022-01-16 11:39:46 - [MESSAGE][WARNING] - [SELF-HEALING] The current locator of test object 'Object Repository/Teacher creates announcements/Page_Cc thng bo/a_Thm mt ch  mi' was broken. Propose an alternative one: '//a[contains(text(),'Thêm một chủ đề mới')]'.

2022-01-16 11:39:46 - [MESSAGE][PASSED] - Object 'Object Repository/Teacher creates announcements/Page_Cc thng bo/a_Thm mt ch  mi' is clickable

2022-01-16 11:39:46 - [TEST_STEP][PASSED] - click(findTestObject("Object Repository/Teacher creates announcements/Page_Cc thng bo/a_Thm mt ch  mi")): Object: 'Object Repository/Teacher creates announcements/Page_Cc thng bo/a_Thm mt ch  mi' is clicked on

2022-01-16 11:39:54 - [MESSAGE][INFO] - Unable to find the element located by 'By.xpath: //a[@id='yui_3_17_2_1_1641377104026_492']'. Please recheck the objects properties to make sure the desired element is located. 

2022-01-16 11:39:54 - [MESSAGE][WARNING] - [SELF-HEALING] Failed to find element with id 'Object Repository/Teacher creates announcements/Page_Cc thng bo/a_Thm mt ch  mi'. Try using Self-healing.

2022-01-16 11:39:55 - [MESSAGE][WARNING] - [SELF-HEALING] The current locator of test object 'Object Repository/Teacher creates announcements/Page_Cc thng bo/a_Thm mt ch  mi' was broken. Propose an alternative one: '//a[contains(text(),'Thêm một chủ đề mới')]'.

2022-01-16 11:39:55 - [MESSAGE][PASSED] - Object: 'Object Repository/Teacher creates announcements/Page_Cc thng bo/a_Thm mt ch  mi' is clicked on

2022-01-16 11:39:55 - [TEST_STEP][PASSED] - setText(findTestObject("Object Repository/Teacher creates announcements/Page_Cc thng bo/input_Tiu_subject"), "Thông báo mới"): Text 'Thông báo mới' is set on object 'Object Repository/Teacher creates announcements/Page_Cc thng bo/input_Tiu_subject'

2022-01-16 11:39:56 - [MESSAGE][PASSED] - Text 'Thông báo mới' is set on object 'Object Repository/Teacher creates announcements/Page_Cc thng bo/input_Tiu_subject'

2022-01-16 11:39:56 - [TEST_STEP][PASSED] - setText(findTestObject("Object Repository/Teacher creates announcements/Page_Cc thng bo/div_Hello world"), "<p dir="ltr" style="text-align: left;">Hello world</p>"): Text '<p dir="ltr" style="text-align: left;">Hello world</p>' is set on object 'Object Repository/Teacher creates announcements/Page_Cc thng bo/div_Hello world'

2022-01-16 11:39:57 - [MESSAGE][PASSED] - Text '<p dir="ltr" style="text-align: left;">Hello world</p>' is set on object 'Object Repository/Teacher creates announcements/Page_Cc thng bo/div_Hello world'

2022-01-16 11:39:57 - [TEST_STEP][PASSED] - verifyElementClickable(findTestObject("Object Repository/Teacher creates announcements/Page_Cc thng bo/input_Ni dung_submitbutton")): Object 'Object Repository/Teacher creates announcements/Page_Cc thng bo/input_Ni dung_submitbutton' is clickable

2022-01-16 11:39:57 - [MESSAGE][PASSED] - Object 'Object Repository/Teacher creates announcements/Page_Cc thng bo/input_Ni dung_submitbutton' is clickable

2022-01-16 11:39:57 - [TEST_STEP][PASSED] - click(findTestObject("Object Repository/Teacher creates announcements/Page_Cc thng bo/input_Ni dung_submitbutton")): Object: 'Object Repository/Teacher creates announcements/Page_Cc thng bo/input_Ni dung_submitbutton' is clicked on

2022-01-16 11:39:59 - [MESSAGE][PASSED] - Object: 'Object Repository/Teacher creates announcements/Page_Cc thng bo/input_Ni dung_submitbutton' is clicked on

2022-01-16 11:39:59 - [TEST_STEP][PASSED] - verifyElementText(findTestObject("Object Repository/Teacher creates announcements/Page_Cc thng bo/a_Thng bo mi"), "Thông báo mới"): Actual text and expected text of test object 'Object Repository/Teacher creates announcements/Page_Cc thng bo/a_Thng bo mi' are matched.

2022-01-16 11:40:05 - [MESSAGE][INFO] - Unable to find the element located by 'By.xpath: //a[@id='yui_3_17_2_1_1641377142667_495']'. Please recheck the objects properties to make sure the desired element is located. 

2022-01-16 11:40:05 - [MESSAGE][WARNING] - [SELF-HEALING] Failed to find element with id 'Object Repository/Teacher creates announcements/Page_Cc thng bo/a_Thng bo mi'. Try using Self-healing.

2022-01-16 11:40:05 - [MESSAGE][INFO] - [SELF-HEALING] Failed Locator: '//a[@id='yui_3_17_2_1_1641377142667_495']'.

2022-01-16 11:40:05 - [MESSAGE][INFO] - [SELF-HEALING] Failed Locator: '//div[@id='yui_3_17_2_1_1641377142667_496']/a'.

2022-01-16 11:40:06 - [MESSAGE][INFO] - [SELF-HEALING] Working Locator: '//a[contains(text(),'Thông báo mới')]'.

2022-01-16 11:40:06 - [MESSAGE][INFO] - [SELF-HEALING] Screenshot: E:/xampp/htdocs/moodle/Test Automation - SE Bonus/Reports/Self-healing/Object Repository/Teacher creates announcements/Page_Cc thng bo/a_Thng bo mi_link.png

2022-01-16 11:40:06 - [MESSAGE][WARNING] - [SELF-HEALING] The current locator of test object 'Object Repository/Teacher creates announcements/Page_Cc thng bo/a_Thng bo mi' was broken. Propose an alternative one: '//a[contains(text(),'Thông báo mới')]'.

2022-01-16 11:40:06 - [MESSAGE][PASSED] - Actual text and expected text of test object 'Object Repository/Teacher creates announcements/Page_Cc thng bo/a_Thng bo mi' are matched.

2022-01-16 11:40:06 - [TEST_STEP][PASSED] - verifyElementClickable(findTestObject("Object Repository/Teacher creates announcements/Page_Cc thng bo/a_Thng bo mi")): Object 'Object Repository/Teacher creates announcements/Page_Cc thng bo/a_Thng bo mi' is clickable

2022-01-16 11:40:12 - [MESSAGE][INFO] - Unable to find the element located by 'By.xpath: //a[@id='yui_3_17_2_1_1641377142667_495']'. Please recheck the objects properties to make sure the desired element is located. 

2022-01-16 11:40:12 - [MESSAGE][WARNING] - [SELF-HEALING] Failed to find element with id 'Object Repository/Teacher creates announcements/Page_Cc thng bo/a_Thng bo mi'. Try using Self-healing.

2022-01-16 11:40:13 - [MESSAGE][WARNING] - [SELF-HEALING] The current locator of test object 'Object Repository/Teacher creates announcements/Page_Cc thng bo/a_Thng bo mi' was broken. Propose an alternative one: '//a[contains(text(),'Thông báo mới')]'.

2022-01-16 11:40:13 - [MESSAGE][PASSED] - Object 'Object Repository/Teacher creates announcements/Page_Cc thng bo/a_Thng bo mi' is clickable

2022-01-16 11:40:13 - [TEST_STEP][PASSED] - click(findTestObject("Object Repository/Teacher creates announcements/Page_Cc thng bo/a_Thng bo mi")): Object: 'Object Repository/Teacher creates announcements/Page_Cc thng bo/a_Thng bo mi' is clicked on

2022-01-16 11:40:19 - [MESSAGE][INFO] - Unable to find the element located by 'By.xpath: //a[@id='yui_3_17_2_1_1641377142667_495']'. Please recheck the objects properties to make sure the desired element is located. 

2022-01-16 11:40:19 - [MESSAGE][WARNING] - [SELF-HEALING] Failed to find element with id 'Object Repository/Teacher creates announcements/Page_Cc thng bo/a_Thng bo mi'. Try using Self-healing.

2022-01-16 11:40:19 - [MESSAGE][WARNING] - [SELF-HEALING] The current locator of test object 'Object Repository/Teacher creates announcements/Page_Cc thng bo/a_Thng bo mi' was broken. Propose an alternative one: '//a[contains(text(),'Thông báo mới')]'.

2022-01-16 11:40:22 - [MESSAGE][PASSED] - Object: 'Object Repository/Teacher creates announcements/Page_Cc thng bo/a_Thng bo mi' is clicked on

2022-01-16 11:40:22 - [TEST_STEP][PASSED] - verifyElementText(findTestObject("Object Repository/Teacher creates announcements/Page_NM CNPM Thng bo mi/h3_Thng bo mi"), "Thông báo mới"): Actual text and expected text of test object 'Object Repository/Teacher creates announcements/Page_NM CNPM Thng bo mi/h3_Thng bo mi' are matched.

2022-01-16 11:40:22 - [MESSAGE][PASSED] - Actual text and expected text of test object 'Object Repository/Teacher creates announcements/Page_NM CNPM Thng bo mi/h3_Thng bo mi' are matched.

2022-01-16 11:40:22 - [TEST_STEP][PASSED] - closeBrowser(): Browser is closed

2022-01-16 11:40:23 - [MESSAGE][PASSED] - Browser is closed]]></system-out>
         <system-err><![CDATA[]]></system-err>
      </testcase>
      <testcase name="Test Cases/Teacher creates announcements/Teacher edit announcement" time="140.524" classname="Test Cases/Teacher creates announcements/Teacher edit announcement" status="FAILED">
         <failure type="FAILED" message="Test Cases/Teacher creates announcements/Teacher edit announcement FAILED.
Reason:
com.kms.katalon.core.exception.StepFailedException: Verify element text of test object 'Object Repository/Teacher creates announcements/Page_Cc thng bo/a_Thng bo  c chnh sa' FAILED.
	at com.kms.katalon.core.webui.keyword.internal.WebUIKeywordMain.stepFailed(WebUIKeywordMain.groovy:64)
	at com.kms.katalon.core.webui.keyword.internal.WebUIKeywordMain.runKeyword(WebUIKeywordMain.groovy:26)
	at com.kms.katalon.core.webui.keyword.builtin.VerifyElementTextKeyword.verifyElementText(VerifyElementTextKeyword.groovy:72)
	at com.kms.katalon.core.webui.keyword.builtin.VerifyElementTextKeyword.execute(VerifyElementTextKeyword.groovy:40)
	at com.kms.katalon.core.keyword.internal.KeywordExecutor.executeKeywordForPlatform(KeywordExecutor.groovy:74)
	at com.kms.katalon.core.webui.keyword.WebUiBuiltInKeywords.verifyElementText(WebUiBuiltInKeywords.groovy:4749)
	at com.kms.katalon.core.webui.keyword.WebUiBuiltInKeywords$verifyElementText$5.call(Unknown Source)
	at Teacher edit announcement.run(Teacher edit announcement:69)
	at com.kms.katalon.core.main.ScriptEngine.run(ScriptEngine.java:194)
	at com.kms.katalon.core.main.ScriptEngine.runScriptAsRawText(ScriptEngine.java:119)
	at com.kms.katalon.core.main.TestCaseExecutor.runScript(TestCaseExecutor.java:442)
	at com.kms.katalon.core.main.TestCaseExecutor.doExecute(TestCaseExecutor.java:433)
	at com.kms.katalon.core.main.TestCaseExecutor.processExecutionPhase(TestCaseExecutor.java:412)
	at com.kms.katalon.core.main.TestCaseExecutor.accessMainPhase(TestCaseExecutor.java:404)
	at com.kms.katalon.core.main.TestCaseExecutor.execute(TestCaseExecutor.java:281)
	at com.kms.katalon.core.main.TestCaseExecutor.execute(TestCaseExecutor.java:363)
	at com.kms.katalon.core.main.TestCaseExecutor.execute(TestCaseExecutor.java:363)
	at com.kms.katalon.core.main.TestCaseExecutor.execute(TestCaseExecutor.java:363)
	at com.kms.katalon.core.main.TestSuiteExecutor.accessTestCaseMainPhase(TestSuiteExecutor.java:202)
	at com.kms.katalon.core.main.TestSuiteExecutor.accessTestSuiteMainPhase(TestSuiteExecutor.java:164)
	at com.kms.katalon.core.main.TestSuiteExecutor.execute(TestSuiteExecutor.java:105)
	at com.kms.katalon.core.main.TestCaseMain.startTestSuite(TestCaseMain.java:181)
	at com.kms.katalon.core.main.TestCaseMain$startTestSuite$0.call(Unknown Source)
	at TempTestSuite1642298356151.run(TempTestSuite1642298356151.groovy:36)
Caused by: com.kms.katalon.core.exception.StepFailedException: com.kms.katalon.core.webui.exception.WebElementNotFoundException: Web element with id: 'Object Repository/Teacher creates announcements/Page_Cc thng bo/a_Thng bo  c chnh sa' located by '//div[@id='discussion-list-61d441f130fca61d441f11bd8321']/table/tbody/tr/th/div/a' not found
	at com.kms.katalon.core.webui.keyword.internal.WebUIKeywordMain.stepFailed(WebUIKeywordMain.groovy:64)
	at com.kms.katalon.core.webui.keyword.builtin.VerifyElementTextKeyword$_verifyElementText_closure1.doCall(VerifyElementTextKeyword.groovy:64)
	at com.kms.katalon.core.webui.keyword.builtin.VerifyElementTextKeyword$_verifyElementText_closure1.call(VerifyElementTextKeyword.groovy)
	at com.kms.katalon.core.webui.keyword.internal.WebUIKeywordMain.runKeyword(WebUIKeywordMain.groovy:20)
	... 22 more
"/>
         <system-out><![CDATA[2022-01-16 11:46:47 - [TEST_CASE][FAILED] - Test Cases/Teacher creates announcements/Teacher edit announcement: Test Cases/Teacher creates announcements/Teacher edit announcement FAILED.
Reason:
com.kms.katalon.core.exception.StepFailedException: Verify element text of test object 'Object Repository/Teacher creates announcements/Page_Cc thng bo/a_Thng bo  c chnh sa' FAILED.
	at com.kms.katalon.core.webui.keyword.internal.WebUIKeywordMain.stepFailed(WebUIKeywordMain.groovy:64)
	at com.kms.katalon.core.webui.keyword.internal.WebUIKeywordMain.runKeyword(WebUIKeywordMain.groovy:26)
	at com.kms.katalon.core.webui.keyword.builtin.VerifyElementTextKeyword.verifyElementText(VerifyElementTextKeyword.groovy:72)
	at com.kms.katalon.core.webui.keyword.builtin.VerifyElementTextKeyword.execute(VerifyElementTextKeyword.groovy:40)
	at com.kms.katalon.core.keyword.internal.KeywordExecutor.executeKeywordForPlatform(KeywordExecutor.groovy:74)
	at com.kms.katalon.core.webui.keyword.WebUiBuiltInKeywords.verifyElementText(WebUiBuiltInKeywords.groovy:4749)
	at com.kms.katalon.core.webui.keyword.WebUiBuiltInKeywords$verifyElementText$5.call(Unknown Source)
	at Teacher edit announcement.run(Teacher edit announcement:69)
	at com.kms.katalon.core.main.ScriptEngine.run(ScriptEngine.java:194)
	at com.kms.katalon.core.main.ScriptEngine.runScriptAsRawText(ScriptEngine.java:119)
	at com.kms.katalon.core.main.TestCaseExecutor.runScript(TestCaseExecutor.java:442)
	at com.kms.katalon.core.main.TestCaseExecutor.doExecute(TestCaseExecutor.java:433)
	at com.kms.katalon.core.main.TestCaseExecutor.processExecutionPhase(TestCaseExecutor.java:412)
	at com.kms.katalon.core.main.TestCaseExecutor.accessMainPhase(TestCaseExecutor.java:404)
	at com.kms.katalon.core.main.TestCaseExecutor.execute(TestCaseExecutor.java:281)
	at com.kms.katalon.core.main.TestCaseExecutor.execute(TestCaseExecutor.java:363)
	at com.kms.katalon.core.main.TestCaseExecutor.execute(TestCaseExecutor.java:363)
	at com.kms.katalon.core.main.TestCaseExecutor.execute(TestCaseExecutor.java:363)
	at com.kms.katalon.core.main.TestSuiteExecutor.accessTestCaseMainPhase(TestSuiteExecutor.java:202)
	at com.kms.katalon.core.main.TestSuiteExecutor.accessTestSuiteMainPhase(TestSuiteExecutor.java:164)
	at com.kms.katalon.core.main.TestSuiteExecutor.execute(TestSuiteExecutor.java:105)
	at com.kms.katalon.core.main.TestCaseMain.startTestSuite(TestCaseMain.java:181)
	at com.kms.katalon.core.main.TestCaseMain$startTestSuite$0.call(Unknown Source)
	at TempTestSuite1642298356151.run(TempTestSuite1642298356151.groovy:36)
Caused by: com.kms.katalon.core.exception.StepFailedException: com.kms.katalon.core.webui.exception.WebElementNotFoundException: Web element with id: 'Object Repository/Teacher creates announcements/Page_Cc thng bo/a_Thng bo  c chnh sa' located by '//div[@id='discussion-list-61d441f130fca61d441f11bd8321']/table/tbody/tr/th/div/a' not found
	at com.kms.katalon.core.webui.keyword.internal.WebUIKeywordMain.stepFailed(WebUIKeywordMain.groovy:64)
	at com.kms.katalon.core.webui.keyword.builtin.VerifyElementTextKeyword$_verifyElementText_closure1.doCall(VerifyElementTextKeyword.groovy:64)
	at com.kms.katalon.core.webui.keyword.builtin.VerifyElementTextKeyword$_verifyElementText_closure1.call(VerifyElementTextKeyword.groovy)
	at com.kms.katalon.core.webui.keyword.internal.WebUIKeywordMain.runKeyword(WebUIKeywordMain.groovy:20)
	... 22 more


2022-01-16 11:46:47 - [TEST_STEP][PASSED] - openBrowser(""): Browser is opened with url: ''

2022-01-16 11:46:47 - [MESSAGE][WARNING] - A browser is already opened. Closing browser and opening a new one

2022-01-16 11:46:48 - [MESSAGE][INFO] - Starting 'Edge Chromium' driver

2022-01-16 11:46:48 - [MESSAGE][INFO] - Action delay is set to 0 milliseconds

2022-01-16 11:46:50 - [MESSAGE][PASSED] - Browser is opened with url: ''

2022-01-16 11:46:50 - [TEST_STEP][PASSED] - navigateToUrl("http://localhost/"): Navigate to 'http://localhost/' successfully

2022-01-16 11:46:54 - [MESSAGE][PASSED] - Navigate to 'http://localhost/' successfully

2022-01-16 11:46:54 - [TEST_STEP][PASSED] - click(findTestObject("Object Repository/Teacher creates announcements/Page_Local Moodle/a_Log in")): Object: 'Object Repository/Teacher creates announcements/Page_Local Moodle/a_Log in' is clicked on

2022-01-16 11:46:55 - [MESSAGE][PASSED] - Object: 'Object Repository/Teacher creates announcements/Page_Local Moodle/a_Log in' is clicked on

2022-01-16 11:46:55 - [TEST_STEP][PASSED] - setText(findTestObject("Object Repository/Teacher creates announcements/Page_Local Moodle Log in to the site/input_Username_username"), "lcbinh"): Text 'lcbinh' is set on object 'Object Repository/Teacher creates announcements/Page_Local Moodle Log in to the site/input_Username_username'

2022-01-16 11:46:56 - [MESSAGE][PASSED] - Text 'lcbinh' is set on object 'Object Repository/Teacher creates announcements/Page_Local Moodle Log in to the site/input_Username_username'

2022-01-16 11:46:56 - [TEST_STEP][PASSED] - setEncryptedText(findTestObject("Object Repository/Teacher creates announcements/Page_Local Moodle Log in to the site/input_Password_password"), "o5TCnEIIWq0Pz0TkrK1a2rpuWvRKVWz2"): Text ****** has been set on object 'Object Repository/Teacher creates announcements/Page_Local Moodle Log in to the site/input_Password_password'

2022-01-16 11:46:56 - [MESSAGE][PASSED] - Text ****** has been set on object 'Object Repository/Teacher creates announcements/Page_Local Moodle Log in to the site/input_Password_password'

2022-01-16 11:46:56 - [TEST_STEP][PASSED] - click(findTestObject("Object Repository/Teacher creates announcements/Page_Local Moodle Log in to the site/button_Log in")): Object: 'Object Repository/Teacher creates announcements/Page_Local Moodle Log in to the site/button_Log in' is clicked on

2022-01-16 11:46:58 - [MESSAGE][PASSED] - Object: 'Object Repository/Teacher creates announcements/Page_Local Moodle Log in to the site/button_Log in' is clicked on

2022-01-16 11:46:58 - [TEST_STEP][PASSED] - click(findTestObject("Object Repository/Teacher creates announcements/Page_Nh ca ti/span_Nhp mn Cng ngh phn mm")): Object: 'Object Repository/Teacher creates announcements/Page_Nh ca ti/span_Nhp mn Cng ngh phn mm' is clicked on

2022-01-16 11:47:04 - [MESSAGE][INFO] - Unable to find the element located by 'By.xpath: //div[@id='course-info-container-2-4']/div/div/a/span[3]'. Please recheck the objects properties to make sure the desired element is located. 

2022-01-16 11:47:04 - [MESSAGE][WARNING] - [SELF-HEALING] Failed to find element with id 'Object Repository/Teacher creates announcements/Page_Nh ca ti/span_Nhp mn Cng ngh phn mm'. Try using Self-healing.

2022-01-16 11:47:04 - [MESSAGE][WARNING] - [SELF-HEALING] The current locator of test object 'Object Repository/Teacher creates announcements/Page_Nh ca ti/span_Nhp mn Cng ngh phn mm' was broken. Propose an alternative one: '(.//*[normalize-space(text()) and normalize-space(.)='Tên khóa học'])[1]/following::span[1]'.

2022-01-16 11:47:05 - [MESSAGE][PASSED] - Object: 'Object Repository/Teacher creates announcements/Page_Nh ca ti/span_Nhp mn Cng ngh phn mm' is clicked on

2022-01-16 11:47:05 - [TEST_STEP][PASSED] - click(findTestObject("Object Repository/Teacher creates announcements/Page_Kha Nhp mn Cng ngh phn mm/span_Cc thng bo Din n")): Object: 'Object Repository/Teacher creates announcements/Page_Kha Nhp mn Cng ngh phn mm/span_Cc thng bo Din n' is clicked on

2022-01-16 11:47:12 - [MESSAGE][INFO] - Unable to find the element located by 'By.xpath: //li[@id='module-1']/div/div/div[2]/div/a/span'. Please recheck the objects properties to make sure the desired element is located. 

2022-01-16 11:47:12 - [MESSAGE][WARNING] - [SELF-HEALING] Failed to find element with id 'Object Repository/Teacher creates announcements/Page_Kha Nhp mn Cng ngh phn mm/span_Cc thng bo Din n'. Try using Self-healing.

2022-01-16 11:47:12 - [MESSAGE][WARNING] - [SELF-HEALING] The current locator of test object 'Object Repository/Teacher creates announcements/Page_Kha Nhp mn Cng ngh phn mm/span_Cc thng bo Din n' was broken. Propose an alternative one: '(.//*[normalize-space(text()) and normalize-space(.)='Chung'])[2]/following::span[1]'.

2022-01-16 11:47:15 - [MESSAGE][PASSED] - Object: 'Object Repository/Teacher creates announcements/Page_Kha Nhp mn Cng ngh phn mm/span_Cc thng bo Din n' is clicked on

2022-01-16 11:47:15 - [TEST_STEP][PASSED] - click(findTestObject("Object Repository/Teacher creates announcements/Page_Cc thng bo/a_Thng bo  c cp nht")): Object: 'Object Repository/Teacher creates announcements/Page_Cc thng bo/a_Thng bo  c cp nht' is clicked on

2022-01-16 11:47:22 - [MESSAGE][INFO] - Unable to find the element located by 'By.xpath: //a[@id='yui_3_17_2_1_1641300376051_496']'. Please recheck the objects properties to make sure the desired element is located. 

2022-01-16 11:47:22 - [MESSAGE][WARNING] - [SELF-HEALING] Failed to find element with id 'Object Repository/Teacher creates announcements/Page_Cc thng bo/a_Thng bo  c cp nht'. Try using Self-healing.

2022-01-16 11:47:22 - [MESSAGE][WARNING] - [SELF-HEALING] The current locator of test object 'Object Repository/Teacher creates announcements/Page_Cc thng bo/a_Thng bo  c cp nht' was broken. Propose an alternative one: '(.//*[normalize-space(text()) and normalize-space(.)='Các thao tác'])[1]/following::a[2]'.

2022-01-16 11:47:22 - [MESSAGE][PASSED] - Object: 'Object Repository/Teacher creates announcements/Page_Cc thng bo/a_Thng bo  c cp nht' is clicked on

2022-01-16 11:47:22 - [TEST_STEP][PASSED] - verifyElementClickable(findTestObject("Object Repository/Teacher creates announcements/Page_NM CNPM Thng bo  c cp nht/a_Chnh sa")): Object 'Object Repository/Teacher creates announcements/Page_NM CNPM Thng bo  c cp nht/a_Chnh sa' is clickable

2022-01-16 11:47:28 - [MESSAGE][INFO] - Unable to find the element located by 'By.xpath: //article[@id='p10']/div/div/div/div[2]/div[2]/div/a[2]'. Please recheck the objects properties to make sure the desired element is located. 

2022-01-16 11:47:28 - [MESSAGE][WARNING] - [SELF-HEALING] Failed to find element with id 'Object Repository/Teacher creates announcements/Page_NM CNPM Thng bo  c cp nht/a_Chnh sa'. Try using Self-healing.

2022-01-16 11:47:29 - [MESSAGE][WARNING] - [SELF-HEALING] The current locator of test object 'Object Repository/Teacher creates announcements/Page_NM CNPM Thng bo  c cp nht/a_Chnh sa' was broken. Propose an alternative one: '//div[2]/div/a[2]'.

2022-01-16 11:47:29 - [MESSAGE][PASSED] - Object 'Object Repository/Teacher creates announcements/Page_NM CNPM Thng bo  c cp nht/a_Chnh sa' is clickable

2022-01-16 11:47:29 - [TEST_STEP][PASSED] - click(findTestObject("Object Repository/Teacher creates announcements/Page_NM CNPM Thng bo  c cp nht/a_Chnh sa")): Object: 'Object Repository/Teacher creates announcements/Page_NM CNPM Thng bo  c cp nht/a_Chnh sa' is clicked on

2022-01-16 11:47:35 - [MESSAGE][INFO] - Unable to find the element located by 'By.xpath: //article[@id='p10']/div/div/div/div[2]/div[2]/div/a[2]'. Please recheck the objects properties to make sure the desired element is located. 

2022-01-16 11:47:35 - [MESSAGE][WARNING] - [SELF-HEALING] Failed to find element with id 'Object Repository/Teacher creates announcements/Page_NM CNPM Thng bo  c cp nht/a_Chnh sa'. Try using Self-healing.

2022-01-16 11:47:35 - [MESSAGE][WARNING] - [SELF-HEALING] The current locator of test object 'Object Repository/Teacher creates announcements/Page_NM CNPM Thng bo  c cp nht/a_Chnh sa' was broken. Propose an alternative one: '//div[2]/div/a[2]'.

2022-01-16 11:47:39 - [MESSAGE][PASSED] - Object: 'Object Repository/Teacher creates announcements/Page_NM CNPM Thng bo  c cp nht/a_Chnh sa' is clicked on

2022-01-16 11:47:39 - [TEST_STEP][PASSED] - setText(findTestObject("Object Repository/Teacher creates announcements/Page_NM CNPM Thng bo  c cp nht Thng bo  c cp nht/input_Tiu_subject"), "Thông báo đã được chỉnh sửa"): Text 'Thông báo đã được chỉnh sửa' is set on object 'Object Repository/Teacher creates announcements/Page_NM CNPM Thng bo  c cp nht Thng bo  c cp nht/input_Tiu_subject'

2022-01-16 11:47:41 - [MESSAGE][PASSED] - Text 'Thông báo đã được chỉnh sửa' is set on object 'Object Repository/Teacher creates announcements/Page_NM CNPM Thng bo  c cp nht Thng bo  c cp nht/input_Tiu_subject'

2022-01-16 11:47:41 - [TEST_STEP][PASSED] - verifyElementClickable(findTestObject("Object Repository/Teacher creates announcements/Page_NM CNPM Thng bo  c cp nht Thng bo  c cp nht/input__submitbutton")): Object 'Object Repository/Teacher creates announcements/Page_NM CNPM Thng bo  c cp nht Thng bo  c cp nht/input__submitbutton' is clickable

2022-01-16 11:47:41 - [MESSAGE][PASSED] - Object 'Object Repository/Teacher creates announcements/Page_NM CNPM Thng bo  c cp nht Thng bo  c cp nht/input__submitbutton' is clickable

2022-01-16 11:47:41 - [TEST_STEP][PASSED] - click(findTestObject("Object Repository/Teacher creates announcements/Page_NM CNPM Thng bo  c cp nht Thng bo  c cp nht/input__submitbutton")): Object: 'Object Repository/Teacher creates announcements/Page_NM CNPM Thng bo  c cp nht Thng bo  c cp nht/input__submitbutton' is clicked on

2022-01-16 11:48:06 - [MESSAGE][PASSED] - Object: 'Object Repository/Teacher creates announcements/Page_NM CNPM Thng bo  c cp nht Thng bo  c cp nht/input__submitbutton' is clicked on

2022-01-16 11:48:06 - [TEST_STEP][PASSED] - click(findTestObject("Object Repository/Teacher creates announcements/Page_NM CNPM Thng bo  c chnh sa/a_Cng Bnh L")): Object: 'Object Repository/Teacher creates announcements/Page_NM CNPM Thng bo  c chnh sa/a_Cng Bnh L' is clicked on

2022-01-16 11:48:07 - [MESSAGE][PASSED] - Object: 'Object Repository/Teacher creates announcements/Page_NM CNPM Thng bo  c chnh sa/a_Cng Bnh L' is clicked on

2022-01-16 11:48:07 - [TEST_STEP][PASSED] - click(findTestObject("Object Repository/Teacher creates announcements/Page_NM CNPM Thng bo  c chnh sa/a_Thot")): Object: 'Object Repository/Teacher creates announcements/Page_NM CNPM Thng bo  c chnh sa/a_Thot' is clicked on

2022-01-16 11:48:23 - [MESSAGE][PASSED] - Object: 'Object Repository/Teacher creates announcements/Page_NM CNPM Thng bo  c chnh sa/a_Thot' is clicked on

2022-01-16 11:48:23 - [TEST_STEP][PASSED] - click(findTestObject("Object Repository/Teacher creates announcements/Page_Local Moodle/a_Log in")): Object: 'Object Repository/Teacher creates announcements/Page_Local Moodle/a_Log in' is clicked on

2022-01-16 11:48:23 - [MESSAGE][PASSED] - Object: 'Object Repository/Teacher creates announcements/Page_Local Moodle/a_Log in' is clicked on

2022-01-16 11:48:23 - [TEST_STEP][PASSED] - setText(findTestObject("Object Repository/Teacher creates announcements/Page_Local Moodle Log in to the site/input_Username_username"), "hs01"): Text 'hs01' is set on object 'Object Repository/Teacher creates announcements/Page_Local Moodle Log in to the site/input_Username_username'

2022-01-16 11:48:24 - [MESSAGE][PASSED] - Text 'hs01' is set on object 'Object Repository/Teacher creates announcements/Page_Local Moodle Log in to the site/input_Username_username'

2022-01-16 11:48:24 - [TEST_STEP][PASSED] - setEncryptedText(findTestObject("Object Repository/Teacher creates announcements/Page_Local Moodle Log in to the site/input_Password_password"), "o5TCnEIIWq2SeGQhIMNXLQ=="): Text ****** has been set on object 'Object Repository/Teacher creates announcements/Page_Local Moodle Log in to the site/input_Password_password'

2022-01-16 11:48:25 - [MESSAGE][PASSED] - Text ****** has been set on object 'Object Repository/Teacher creates announcements/Page_Local Moodle Log in to the site/input_Password_password'

2022-01-16 11:48:26 - [TEST_STEP][PASSED] - click(findTestObject("Object Repository/Teacher creates announcements/Page_Local Moodle Log in to the site/button_Log in")): Object: 'Object Repository/Teacher creates announcements/Page_Local Moodle Log in to the site/button_Log in' is clicked on

2022-01-16 11:48:28 - [MESSAGE][PASSED] - Object: 'Object Repository/Teacher creates announcements/Page_Local Moodle Log in to the site/button_Log in' is clicked on

2022-01-16 11:48:28 - [TEST_STEP][PASSED] - click(findTestObject("Object Repository/Teacher creates announcements/Page_Nh ca ti/span_Nhp mn Cng ngh phn mm")): Object: 'Object Repository/Teacher creates announcements/Page_Nh ca ti/span_Nhp mn Cng ngh phn mm' is clicked on

2022-01-16 11:48:35 - [MESSAGE][INFO] - Unable to find the element located by 'By.xpath: //div[@id='course-info-container-2-4']/div/div/a/span[3]'. Please recheck the objects properties to make sure the desired element is located. 

2022-01-16 11:48:35 - [MESSAGE][WARNING] - [SELF-HEALING] Failed to find element with id 'Object Repository/Teacher creates announcements/Page_Nh ca ti/span_Nhp mn Cng ngh phn mm'. Try using Self-healing.

2022-01-16 11:48:35 - [MESSAGE][WARNING] - [SELF-HEALING] The current locator of test object 'Object Repository/Teacher creates announcements/Page_Nh ca ti/span_Nhp mn Cng ngh phn mm' was broken. Propose an alternative one: '(.//*[normalize-space(text()) and normalize-space(.)='Tên khóa học'])[1]/following::span[1]'.

2022-01-16 11:48:41 - [MESSAGE][PASSED] - Object: 'Object Repository/Teacher creates announcements/Page_Nh ca ti/span_Nhp mn Cng ngh phn mm' is clicked on

2022-01-16 11:48:41 - [TEST_STEP][PASSED] - click(findTestObject("Object Repository/Teacher creates announcements/Page_Kha Nhp mn Cng ngh phn mm/span_Cc thng bo Din n")): Object: 'Object Repository/Teacher creates announcements/Page_Kha Nhp mn Cng ngh phn mm/span_Cc thng bo Din n' is clicked on

2022-01-16 11:48:47 - [MESSAGE][INFO] - Unable to find the element located by 'By.xpath: //li[@id='module-1']/div/div/div[2]/div/a/span'. Please recheck the objects properties to make sure the desired element is located. 

2022-01-16 11:48:47 - [MESSAGE][WARNING] - [SELF-HEALING] Failed to find element with id 'Object Repository/Teacher creates announcements/Page_Kha Nhp mn Cng ngh phn mm/span_Cc thng bo Din n'. Try using Self-healing.

2022-01-16 11:48:48 - [MESSAGE][WARNING] - [SELF-HEALING] The current locator of test object 'Object Repository/Teacher creates announcements/Page_Kha Nhp mn Cng ngh phn mm/span_Cc thng bo Din n' was broken. Propose an alternative one: '(.//*[normalize-space(text()) and normalize-space(.)='Chung'])[2]/following::span[1]'.

2022-01-16 11:48:54 - [MESSAGE][PASSED] - Object: 'Object Repository/Teacher creates announcements/Page_Kha Nhp mn Cng ngh phn mm/span_Cc thng bo Din n' is clicked on

2022-01-16 11:48:54 - [TEST_STEP][FAILED] - verifyElementText(findTestObject("Object Repository/Teacher creates announcements/Page_Cc thng bo/a_Thng bo  c chnh sa"), "Thông báo đã được chỉnh sửa"): Verify element text of test object 'Object Repository/Teacher creates announcements/Page_Cc thng bo/a_Thng bo  c chnh sa' FAILED. (Root cause: com.kms.katalon.core.exception.StepFailedException: Verify element text of test object 'Object Repository/Teacher creates announcements/Page_Cc thng bo/a_Thng bo  c chnh sa' FAILED.
	at com.kms.katalon.core.webui.keyword.internal.WebUIKeywordMain.stepFailed(WebUIKeywordMain.groovy:64)
	at com.kms.katalon.core.webui.keyword.internal.WebUIKeywordMain.runKeyword(WebUIKeywordMain.groovy:26)
	at com.kms.katalon.core.webui.keyword.builtin.VerifyElementTextKeyword.verifyElementText(VerifyElementTextKeyword.groovy:72)
	at com.kms.katalon.core.webui.keyword.builtin.VerifyElementTextKeyword.execute(VerifyElementTextKeyword.groovy:40)
	at com.kms.katalon.core.keyword.internal.KeywordExecutor.executeKeywordForPlatform(KeywordExecutor.groovy:74)
	at com.kms.katalon.core.webui.keyword.WebUiBuiltInKeywords.verifyElementText(WebUiBuiltInKeywords.groovy:4749)
	at com.kms.katalon.core.webui.keyword.WebUiBuiltInKeywords$verifyElementText$5.call(Unknown Source)
	at Teacher edit announcement.run(Teacher edit announcement:69)
	at com.kms.katalon.core.main.ScriptEngine.run(ScriptEngine.java:194)
	at com.kms.katalon.core.main.ScriptEngine.runScriptAsRawText(ScriptEngine.java:119)
	at com.kms.katalon.core.main.TestCaseExecutor.runScript(TestCaseExecutor.java:442)
	at com.kms.katalon.core.main.TestCaseExecutor.doExecute(TestCaseExecutor.java:433)
	at com.kms.katalon.core.main.TestCaseExecutor.processExecutionPhase(TestCaseExecutor.java:412)
	at com.kms.katalon.core.main.TestCaseExecutor.accessMainPhase(TestCaseExecutor.java:404)
	at com.kms.katalon.core.main.TestCaseExecutor.execute(TestCaseExecutor.java:281)
	at com.kms.katalon.core.main.TestCaseExecutor.execute(TestCaseExecutor.java:363)
	at com.kms.katalon.core.main.TestCaseExecutor.execute(TestCaseExecutor.java:363)
	at com.kms.katalon.core.main.TestCaseExecutor.execute(TestCaseExecutor.java:363)
	at com.kms.katalon.core.main.TestSuiteExecutor.accessTestCaseMainPhase(TestSuiteExecutor.java:202)
	at com.kms.katalon.core.main.TestSuiteExecutor.accessTestSuiteMainPhase(TestSuiteExecutor.java:164)
	at com.kms.katalon.core.main.TestSuiteExecutor.execute(TestSuiteExecutor.java:105)
	at com.kms.katalon.core.main.TestCaseMain.startTestSuite(TestCaseMain.java:181)
	at com.kms.katalon.core.main.TestCaseMain$startTestSuite$0.call(Unknown Source)
	at TempTestSuite1642298356151.run(TempTestSuite1642298356151.groovy:36)
Caused by: com.kms.katalon.core.exception.StepFailedException: com.kms.katalon.core.webui.exception.WebElementNotFoundException: Web element with id: 'Object Repository/Teacher creates announcements/Page_Cc thng bo/a_Thng bo  c chnh sa' located by '//div[@id='discussion-list-61d441f130fca61d441f11bd8321']/table/tbody/tr/th/div/a' not found
	at com.kms.katalon.core.webui.keyword.internal.WebUIKeywordMain.stepFailed(WebUIKeywordMain.groovy:64)
	at com.kms.katalon.core.webui.keyword.builtin.VerifyElementTextKeyword$_verifyElementText_closure1.doCall(VerifyElementTextKeyword.groovy:64)
	at com.kms.katalon.core.webui.keyword.builtin.VerifyElementTextKeyword$_verifyElementText_closure1.call(VerifyElementTextKeyword.groovy)
	at com.kms.katalon.core.webui.keyword.internal.WebUIKeywordMain.runKeyword(WebUIKeywordMain.groovy:20)
	... 22 more
)

2022-01-16 11:49:00 - [MESSAGE][INFO] - Unable to find the element located by 'By.xpath: //div[@id='discussion-list-61d441f130fca61d441f11bd8321']/table/tbody/tr/th/div/a'. Please recheck the objects properties to make sure the desired element is located. 

2022-01-16 11:49:00 - [MESSAGE][WARNING] - [SELF-HEALING] Failed to find element with id 'Object Repository/Teacher creates announcements/Page_Cc thng bo/a_Thng bo  c chnh sa'. Try using Self-healing.

2022-01-16 11:49:02 - [MESSAGE][INFO] - Unable to find the element located by 'By.xpath: //a[contains(text(),'Thông báo đã được chỉnh sửa')]'. Please recheck the objects properties to make sure the desired element is located. 

2022-01-16 11:49:02 - [MESSAGE][INFO] - [SELF-HEALING] Failed Locator: '//div[@id='discussion-list-61d441f130fca61d441f11bd8321']/table/tbody/tr/th/div/a'.

2022-01-16 11:49:02 - [MESSAGE][INFO] - [SELF-HEALING] Failed Locator: '//a[contains(text(),'Thông báo đã được chỉnh sửa')]'.

2022-01-16 11:49:03 - [MESSAGE][INFO] - [SELF-HEALING] Failed Locator: '(.//*[normalize-space(text()) and normalize-space(.)='Các thao tác'])[1]/following::a[2]'.

2022-01-16 11:49:03 - [MESSAGE][INFO] - [SELF-HEALING] Failed Locator: '(.//*[normalize-space(text()) and normalize-space(.)='Phúc đáp'])[1]/following::a[2]'.

2022-01-16 11:49:03 - [MESSAGE][INFO] - [SELF-HEALING] Failed Locator: '(.//*[normalize-space(text()) and normalize-space(.)='Đã khóa'])[1]/preceding::a[1]'.

2022-01-16 11:49:04 - [MESSAGE][INFO] - [SELF-HEALING] Failed Locator: '(.//*[normalize-space(text()) and normalize-space(.)='Công Bình Lê'])[1]/preceding::a[1]'.

2022-01-16 11:49:04 - [MESSAGE][INFO] - [SELF-HEALING] Failed Locator: '//*/text()[normalize-space(.)='Thông báo đã được chỉnh sửa']/parent::*'.

2022-01-16 11:49:04 - [MESSAGE][INFO] - [SELF-HEALING] Failed Locator: '//a[@href='http://localhost/mod/forum/discuss.php?d=10']'.

2022-01-16 11:49:04 - [MESSAGE][INFO] - [SELF-HEALING] Failed Locator: '//th/div/a'.

2022-01-16 11:49:06 - [MESSAGE][INFO] - Unable to find the element located by 'By.xpath: //*[@href = 'http://localhost/mod/forum/discuss.php?d=10' and @title = 'Thông báo đã được chỉnh sửa' and (text() = '
                                        Thông báo đã được chỉnh sửa
                                    ' or . = '
                                        Thông báo đã được chỉnh sửa
                                    ')]'. Please recheck the objects properties to make sure the desired element is located. 

2022-01-16 11:49:07 - [MESSAGE][INFO] - Unable to find the element located by 'By.cssSelector: a.w-100.h-100.d-block'. Please recheck the objects properties to make sure the desired element is located. 

2022-01-16 11:49:07 - [MESSAGE][FAILED] - com.kms.katalon.core.webui.exception.WebElementNotFoundException: Web element with id: 'Object Repository/Teacher creates announcements/Page_Cc thng bo/a_Thng bo  c chnh sa' located by '//div[@id='discussion-list-61d441f130fca61d441f11bd8321']/table/tbody/tr/th/div/a' not found (Root cause: com.kms.katalon.core.exception.StepFailedException: com.kms.katalon.core.webui.exception.WebElementNotFoundException: Web element with id: 'Object Repository/Teacher creates announcements/Page_Cc thng bo/a_Thng bo  c chnh sa' located by '//div[@id='discussion-list-61d441f130fca61d441f11bd8321']/table/tbody/tr/th/div/a' not found
	at com.kms.katalon.core.webui.keyword.internal.WebUIKeywordMain.stepFailed(WebUIKeywordMain.groovy:64)
	at com.kms.katalon.core.webui.keyword.builtin.VerifyElementTextKeyword$_verifyElementText_closure1.doCall(VerifyElementTextKeyword.groovy:64)
	at com.kms.katalon.core.webui.keyword.builtin.VerifyElementTextKeyword$_verifyElementText_closure1.call(VerifyElementTextKeyword.groovy)
	at com.kms.katalon.core.webui.keyword.internal.WebUIKeywordMain.runKeyword(WebUIKeywordMain.groovy:20)
	at com.kms.katalon.core.webui.keyword.builtin.VerifyElementTextKeyword.verifyElementText(VerifyElementTextKeyword.groovy:72)
	at com.kms.katalon.core.webui.keyword.builtin.VerifyElementTextKeyword.execute(VerifyElementTextKeyword.groovy:40)
	at com.kms.katalon.core.keyword.internal.KeywordExecutor.executeKeywordForPlatform(KeywordExecutor.groovy:74)
	at com.kms.katalon.core.webui.keyword.WebUiBuiltInKeywords.verifyElementText(WebUiBuiltInKeywords.groovy:4749)
	at com.kms.katalon.core.webui.keyword.WebUiBuiltInKeywords$verifyElementText$5.call(Unknown Source)
	at Teacher edit announcement.run(Teacher edit announcement:69)
	at com.kms.katalon.core.main.ScriptEngine.run(ScriptEngine.java:194)
	at com.kms.katalon.core.main.ScriptEngine.runScriptAsRawText(ScriptEngine.java:119)
	at com.kms.katalon.core.main.TestCaseExecutor.runScript(TestCaseExecutor.java:442)
	at com.kms.katalon.core.main.TestCaseExecutor.doExecute(TestCaseExecutor.java:433)
	at com.kms.katalon.core.main.TestCaseExecutor.processExecutionPhase(TestCaseExecutor.java:412)
	at com.kms.katalon.core.main.TestCaseExecutor.accessMainPhase(TestCaseExecutor.java:404)
	at com.kms.katalon.core.main.TestCaseExecutor.execute(TestCaseExecutor.java:281)
	at com.kms.katalon.core.main.TestCaseExecutor.execute(TestCaseExecutor.java:363)
	at com.kms.katalon.core.main.TestCaseExecutor.execute(TestCaseExecutor.java:363)
	at com.kms.katalon.core.main.TestCaseExecutor.execute(TestCaseExecutor.java:363)
	at com.kms.katalon.core.main.TestSuiteExecutor.accessTestCaseMainPhase(TestSuiteExecutor.java:202)
	at com.kms.katalon.core.main.TestSuiteExecutor.accessTestSuiteMainPhase(TestSuiteExecutor.java:164)
	at com.kms.katalon.core.main.TestSuiteExecutor.execute(TestSuiteExecutor.java:105)
	at com.kms.katalon.core.main.TestCaseMain.startTestSuite(TestCaseMain.java:181)
	at com.kms.katalon.core.main.TestCaseMain$startTestSuite$0.call(Unknown Source)
	at TempTestSuite1642298356151.run(TempTestSuite1642298356151.groovy:36)
)
[[ATTACHMENT|E:\\xampp\\htdocs\\moodle\\Test Automation - SE Bonus\\Reports\\20220116_085916\\Run All Test Cases\\20220116_085916\\1642308547375.png]]

2022-01-16 11:49:07 - [MESSAGE][FAILED] - Verify element text of test object 'Object Repository/Teacher creates announcements/Page_Cc thng bo/a_Thng bo  c chnh sa' FAILED. (Root cause: com.kms.katalon.core.exception.StepFailedException: Verify element text of test object 'Object Repository/Teacher creates announcements/Page_Cc thng bo/a_Thng bo  c chnh sa' FAILED.
	at com.kms.katalon.core.webui.keyword.internal.WebUIKeywordMain.stepFailed(WebUIKeywordMain.groovy:64)
	at com.kms.katalon.core.webui.keyword.internal.WebUIKeywordMain.runKeyword(WebUIKeywordMain.groovy:26)
	at com.kms.katalon.core.webui.keyword.builtin.VerifyElementTextKeyword.verifyElementText(VerifyElementTextKeyword.groovy:72)
	at com.kms.katalon.core.webui.keyword.builtin.VerifyElementTextKeyword.execute(VerifyElementTextKeyword.groovy:40)
	at com.kms.katalon.core.keyword.internal.KeywordExecutor.executeKeywordForPlatform(KeywordExecutor.groovy:74)
	at com.kms.katalon.core.webui.keyword.WebUiBuiltInKeywords.verifyElementText(WebUiBuiltInKeywords.groovy:4749)
	at com.kms.katalon.core.webui.keyword.WebUiBuiltInKeywords$verifyElementText$5.call(Unknown Source)
	at Teacher edit announcement.run(Teacher edit announcement:69)
	at com.kms.katalon.core.main.ScriptEngine.run(ScriptEngine.java:194)
	at com.kms.katalon.core.main.ScriptEngine.runScriptAsRawText(ScriptEngine.java:119)
	at com.kms.katalon.core.main.TestCaseExecutor.runScript(TestCaseExecutor.java:442)
	at com.kms.katalon.core.main.TestCaseExecutor.doExecute(TestCaseExecutor.java:433)
	at com.kms.katalon.core.main.TestCaseExecutor.processExecutionPhase(TestCaseExecutor.java:412)
	at com.kms.katalon.core.main.TestCaseExecutor.accessMainPhase(TestCaseExecutor.java:404)
	at com.kms.katalon.core.main.TestCaseExecutor.execute(TestCaseExecutor.java:281)
	at com.kms.katalon.core.main.TestCaseExecutor.execute(TestCaseExecutor.java:363)
	at com.kms.katalon.core.main.TestCaseExecutor.execute(TestCaseExecutor.java:363)
	at com.kms.katalon.core.main.TestCaseExecutor.execute(TestCaseExecutor.java:363)
	at com.kms.katalon.core.main.TestSuiteExecutor.accessTestCaseMainPhase(TestSuiteExecutor.java:202)
	at com.kms.katalon.core.main.TestSuiteExecutor.accessTestSuiteMainPhase(TestSuiteExecutor.java:164)
	at com.kms.katalon.core.main.TestSuiteExecutor.execute(TestSuiteExecutor.java:105)
	at com.kms.katalon.core.main.TestCaseMain.startTestSuite(TestCaseMain.java:181)
	at com.kms.katalon.core.main.TestCaseMain$startTestSuite$0.call(Unknown Source)
	at TempTestSuite1642298356151.run(TempTestSuite1642298356151.groovy:36)
Caused by: com.kms.katalon.core.exception.StepFailedException: com.kms.katalon.core.webui.exception.WebElementNotFoundException: Web element with id: 'Object Repository/Teacher creates announcements/Page_Cc thng bo/a_Thng bo  c chnh sa' located by '//div[@id='discussion-list-61d441f130fca61d441f11bd8321']/table/tbody/tr/th/div/a' not found
	at com.kms.katalon.core.webui.keyword.internal.WebUIKeywordMain.stepFailed(WebUIKeywordMain.groovy:64)
	at com.kms.katalon.core.webui.keyword.builtin.VerifyElementTextKeyword$_verifyElementText_closure1.doCall(VerifyElementTextKeyword.groovy:64)
	at com.kms.katalon.core.webui.keyword.builtin.VerifyElementTextKeyword$_verifyElementText_closure1.call(VerifyElementTextKeyword.groovy)
	at com.kms.katalon.core.webui.keyword.internal.WebUIKeywordMain.runKeyword(WebUIKeywordMain.groovy:20)
	... 22 more
)
[[ATTACHMENT|E:\\xampp\\htdocs\\moodle\\Test Automation - SE Bonus\\Reports\\20220116_085916\\Run All Test Cases\\20220116_085916\\1642308547535.png]]]]></system-out>
         <system-err><![CDATA[2022-01-16 11:46:47 - [TEST_CASE][FAILED] - Test Cases/Teacher creates announcements/Teacher edit announcement: Test Cases/Teacher creates announcements/Teacher edit announcement FAILED.
Reason:
com.kms.katalon.core.exception.StepFailedException: Verify element text of test object 'Object Repository/Teacher creates announcements/Page_Cc thng bo/a_Thng bo  c chnh sa' FAILED.
	at com.kms.katalon.core.webui.keyword.internal.WebUIKeywordMain.stepFailed(WebUIKeywordMain.groovy:64)
	at com.kms.katalon.core.webui.keyword.internal.WebUIKeywordMain.runKeyword(WebUIKeywordMain.groovy:26)
	at com.kms.katalon.core.webui.keyword.builtin.VerifyElementTextKeyword.verifyElementText(VerifyElementTextKeyword.groovy:72)
	at com.kms.katalon.core.webui.keyword.builtin.VerifyElementTextKeyword.execute(VerifyElementTextKeyword.groovy:40)
	at com.kms.katalon.core.keyword.internal.KeywordExecutor.executeKeywordForPlatform(KeywordExecutor.groovy:74)
	at com.kms.katalon.core.webui.keyword.WebUiBuiltInKeywords.verifyElementText(WebUiBuiltInKeywords.groovy:4749)
	at com.kms.katalon.core.webui.keyword.WebUiBuiltInKeywords$verifyElementText$5.call(Unknown Source)
	at Teacher edit announcement.run(Teacher edit announcement:69)
	at com.kms.katalon.core.main.ScriptEngine.run(ScriptEngine.java:194)
	at com.kms.katalon.core.main.ScriptEngine.runScriptAsRawText(ScriptEngine.java:119)
	at com.kms.katalon.core.main.TestCaseExecutor.runScript(TestCaseExecutor.java:442)
	at com.kms.katalon.core.main.TestCaseExecutor.doExecute(TestCaseExecutor.java:433)
	at com.kms.katalon.core.main.TestCaseExecutor.processExecutionPhase(TestCaseExecutor.java:412)
	at com.kms.katalon.core.main.TestCaseExecutor.accessMainPhase(TestCaseExecutor.java:404)
	at com.kms.katalon.core.main.TestCaseExecutor.execute(TestCaseExecutor.java:281)
	at com.kms.katalon.core.main.TestCaseExecutor.execute(TestCaseExecutor.java:363)
	at com.kms.katalon.core.main.TestCaseExecutor.execute(TestCaseExecutor.java:363)
	at com.kms.katalon.core.main.TestCaseExecutor.execute(TestCaseExecutor.java:363)
	at com.kms.katalon.core.main.TestSuiteExecutor.accessTestCaseMainPhase(TestSuiteExecutor.java:202)
	at com.kms.katalon.core.main.TestSuiteExecutor.accessTestSuiteMainPhase(TestSuiteExecutor.java:164)
	at com.kms.katalon.core.main.TestSuiteExecutor.execute(TestSuiteExecutor.java:105)
	at com.kms.katalon.core.main.TestCaseMain.startTestSuite(TestCaseMain.java:181)
	at com.kms.katalon.core.main.TestCaseMain$startTestSuite$0.call(Unknown Source)
	at TempTestSuite1642298356151.run(TempTestSuite1642298356151.groovy:36)
Caused by: com.kms.katalon.core.exception.StepFailedException: com.kms.katalon.core.webui.exception.WebElementNotFoundException: Web element with id: 'Object Repository/Teacher creates announcements/Page_Cc thng bo/a_Thng bo  c chnh sa' located by '//div[@id='discussion-list-61d441f130fca61d441f11bd8321']/table/tbody/tr/th/div/a' not found
	at com.kms.katalon.core.webui.keyword.internal.WebUIKeywordMain.stepFailed(WebUIKeywordMain.groovy:64)
	at com.kms.katalon.core.webui.keyword.builtin.VerifyElementTextKeyword$_verifyElementText_closure1.doCall(VerifyElementTextKeyword.groovy:64)
	at com.kms.katalon.core.webui.keyword.builtin.VerifyElementTextKeyword$_verifyElementText_closure1.call(VerifyElementTextKeyword.groovy)
	at com.kms.katalon.core.webui.keyword.internal.WebUIKeywordMain.runKeyword(WebUIKeywordMain.groovy:20)
	... 22 more]]></system-err>
      </testcase>
      <testcase name="Test Cases/Students answering question being overdue or on time/Answer choice question on time" time="147.933" classname="Test Cases/Students answering question being overdue or on time/Answer choice question on time" status="FAILED">
         <failure type="FAILED" message="Test Cases/Students answering question being overdue or on time/Answer choice question on time FAILED.
Reason:
com.kms.katalon.core.exception.StepFailedException: Unable to click on object 'Object Repository/Student answering question being overdue or on time/Page_Cu hi trc nghim/input__answer'
	at com.kms.katalon.core.webui.keyword.internal.WebUIKeywordMain.stepFailed(WebUIKeywordMain.groovy:64)
	at com.kms.katalon.core.webui.keyword.internal.WebUIKeywordMain.runKeyword(WebUIKeywordMain.groovy:26)
	at com.kms.katalon.core.webui.keyword.builtin.ClickKeyword.click(ClickKeyword.groovy:74)
	at com.kms.katalon.core.webui.keyword.builtin.ClickKeyword.execute(ClickKeyword.groovy:40)
	at com.kms.katalon.core.keyword.internal.KeywordExecutor.executeKeywordForPlatform(KeywordExecutor.groovy:74)
	at com.kms.katalon.core.webui.keyword.WebUiBuiltInKeywords.click(WebUiBuiltInKeywords.groovy:620)
	at com.kms.katalon.core.webui.keyword.WebUiBuiltInKeywords$click$1.call(Unknown Source)
	at Answer choice question on time.run(Answer choice question on time:90)
	at com.kms.katalon.core.main.ScriptEngine.run(ScriptEngine.java:194)
	at com.kms.katalon.core.main.ScriptEngine.runScriptAsRawText(ScriptEngine.java:119)
	at com.kms.katalon.core.main.TestCaseExecutor.runScript(TestCaseExecutor.java:442)
	at com.kms.katalon.core.main.TestCaseExecutor.doExecute(TestCaseExecutor.java:433)
	at com.kms.katalon.core.main.TestCaseExecutor.processExecutionPhase(TestCaseExecutor.java:412)
	at com.kms.katalon.core.main.TestCaseExecutor.accessMainPhase(TestCaseExecutor.java:404)
	at com.kms.katalon.core.main.TestCaseExecutor.execute(TestCaseExecutor.java:281)
	at com.kms.katalon.core.main.TestCaseExecutor.execute(TestCaseExecutor.java:363)
	at com.kms.katalon.core.main.TestCaseExecutor.execute(TestCaseExecutor.java:363)
	at com.kms.katalon.core.main.TestCaseExecutor.execute(TestCaseExecutor.java:363)
	at com.kms.katalon.core.main.TestSuiteExecutor.accessTestCaseMainPhase(TestSuiteExecutor.java:202)
	at com.kms.katalon.core.main.TestSuiteExecutor.accessTestSuiteMainPhase(TestSuiteExecutor.java:164)
	at com.kms.katalon.core.main.TestSuiteExecutor.execute(TestSuiteExecutor.java:105)
	at com.kms.katalon.core.main.TestCaseMain.startTestSuite(TestCaseMain.java:181)
	at com.kms.katalon.core.main.TestCaseMain$startTestSuite$0.call(Unknown Source)
	at TempTestSuite1642298356151.run(TempTestSuite1642298356151.groovy:36)
Caused by: com.kms.katalon.core.webui.exception.WebElementNotFoundException: Web element with id: 'Object Repository/Student answering question being overdue or on time/Page_Cu hi trc nghim/input__answer' located by '//input[@id='choice_1']' not found
	at com.kms.katalon.core.webui.common.WebUiCommonHelper.findWebElement(WebUiCommonHelper.java:1368)
	at com.kms.katalon.core.webui.keyword.internal.WebUIAbstractKeyword.findWebElement(WebUIAbstractKeyword.groovy:27)
	at com.kms.katalon.core.webui.keyword.builtin.ClickKeyword$_click_closure1.doCall(ClickKeyword.groovy:65)
	at com.kms.katalon.core.webui.keyword.builtin.ClickKeyword$_click_closure1.call(ClickKeyword.groovy)
	at com.kms.katalon.core.webui.keyword.internal.WebUIKeywordMain.runKeyword(WebUIKeywordMain.groovy:20)
	... 22 more
"/>
         <system-out><![CDATA[2022-01-16 11:55:50 - [TEST_CASE][FAILED] - Test Cases/Students answering question being overdue or on time/Answer choice question on time: Test Cases/Students answering question being overdue or on time/Answer choice question on time FAILED.
Reason:
com.kms.katalon.core.exception.StepFailedException: Unable to click on object 'Object Repository/Student answering question being overdue or on time/Page_Cu hi trc nghim/input__answer'
	at com.kms.katalon.core.webui.keyword.internal.WebUIKeywordMain.stepFailed(WebUIKeywordMain.groovy:64)
	at com.kms.katalon.core.webui.keyword.internal.WebUIKeywordMain.runKeyword(WebUIKeywordMain.groovy:26)
	at com.kms.katalon.core.webui.keyword.builtin.ClickKeyword.click(ClickKeyword.groovy:74)
	at com.kms.katalon.core.webui.keyword.builtin.ClickKeyword.execute(ClickKeyword.groovy:40)
	at com.kms.katalon.core.keyword.internal.KeywordExecutor.executeKeywordForPlatform(KeywordExecutor.groovy:74)
	at com.kms.katalon.core.webui.keyword.WebUiBuiltInKeywords.click(WebUiBuiltInKeywords.groovy:620)
	at com.kms.katalon.core.webui.keyword.WebUiBuiltInKeywords$click$1.call(Unknown Source)
	at Answer choice question on time.run(Answer choice question on time:90)
	at com.kms.katalon.core.main.ScriptEngine.run(ScriptEngine.java:194)
	at com.kms.katalon.core.main.ScriptEngine.runScriptAsRawText(ScriptEngine.java:119)
	at com.kms.katalon.core.main.TestCaseExecutor.runScript(TestCaseExecutor.java:442)
	at com.kms.katalon.core.main.TestCaseExecutor.doExecute(TestCaseExecutor.java:433)
	at com.kms.katalon.core.main.TestCaseExecutor.processExecutionPhase(TestCaseExecutor.java:412)
	at com.kms.katalon.core.main.TestCaseExecutor.accessMainPhase(TestCaseExecutor.java:404)
	at com.kms.katalon.core.main.TestCaseExecutor.execute(TestCaseExecutor.java:281)
	at com.kms.katalon.core.main.TestCaseExecutor.execute(TestCaseExecutor.java:363)
	at com.kms.katalon.core.main.TestCaseExecutor.execute(TestCaseExecutor.java:363)
	at com.kms.katalon.core.main.TestCaseExecutor.execute(TestCaseExecutor.java:363)
	at com.kms.katalon.core.main.TestSuiteExecutor.accessTestCaseMainPhase(TestSuiteExecutor.java:202)
	at com.kms.katalon.core.main.TestSuiteExecutor.accessTestSuiteMainPhase(TestSuiteExecutor.java:164)
	at com.kms.katalon.core.main.TestSuiteExecutor.execute(TestSuiteExecutor.java:105)
	at com.kms.katalon.core.main.TestCaseMain.startTestSuite(TestCaseMain.java:181)
	at com.kms.katalon.core.main.TestCaseMain$startTestSuite$0.call(Unknown Source)
	at TempTestSuite1642298356151.run(TempTestSuite1642298356151.groovy:36)
Caused by: com.kms.katalon.core.webui.exception.WebElementNotFoundException: Web element with id: 'Object Repository/Student answering question being overdue or on time/Page_Cu hi trc nghim/input__answer' located by '//input[@id='choice_1']' not found
	at com.kms.katalon.core.webui.common.WebUiCommonHelper.findWebElement(WebUiCommonHelper.java:1368)
	at com.kms.katalon.core.webui.keyword.internal.WebUIAbstractKeyword.findWebElement(WebUIAbstractKeyword.groovy:27)
	at com.kms.katalon.core.webui.keyword.builtin.ClickKeyword$_click_closure1.doCall(ClickKeyword.groovy:65)
	at com.kms.katalon.core.webui.keyword.builtin.ClickKeyword$_click_closure1.call(ClickKeyword.groovy)
	at com.kms.katalon.core.webui.keyword.internal.WebUIKeywordMain.runKeyword(WebUIKeywordMain.groovy:20)
	... 22 more


2022-01-16 11:55:50 - [TEST_STEP][PASSED] - openBrowser(""): Browser is opened with url: ''

2022-01-16 11:55:50 - [MESSAGE][WARNING] - A browser is already opened. Closing browser and opening a new one

2022-01-16 11:55:51 - [MESSAGE][INFO] - Starting 'Edge Chromium' driver

2022-01-16 11:55:52 - [MESSAGE][INFO] - Action delay is set to 0 milliseconds

2022-01-16 11:55:57 - [MESSAGE][PASSED] - Browser is opened with url: ''

2022-01-16 11:55:57 - [TEST_STEP][PASSED] - navigateToUrl("http://localhost/"): Navigate to 'http://localhost/' successfully

2022-01-16 11:56:04 - [MESSAGE][PASSED] - Navigate to 'http://localhost/' successfully

2022-01-16 11:56:04 - [TEST_STEP][PASSED] - click(findTestObject("Object Repository/Student answering question being overdue or on time/Page_Local Moodle/a_Log in")): Object: 'Object Repository/Student answering question being overdue or on time/Page_Local Moodle/a_Log in' is clicked on

2022-01-16 11:56:05 - [MESSAGE][PASSED] - Object: 'Object Repository/Student answering question being overdue or on time/Page_Local Moodle/a_Log in' is clicked on

2022-01-16 11:56:05 - [TEST_STEP][PASSED] - setText(findTestObject("Object Repository/Student answering question being overdue or on time/Page_Local Moodle Log in to the site/input_Username_username"), "gv01"): Text 'gv01' is set on object 'Object Repository/Student answering question being overdue or on time/Page_Local Moodle Log in to the site/input_Username_username'

2022-01-16 11:56:06 - [MESSAGE][PASSED] - Text 'gv01' is set on object 'Object Repository/Student answering question being overdue or on time/Page_Local Moodle Log in to the site/input_Username_username'

2022-01-16 11:56:06 - [TEST_STEP][PASSED] - setEncryptedText(findTestObject("Object Repository/Student answering question being overdue or on time/Page_Local Moodle Log in to the site/input_Password_password"), "RigbBhfdqOAWw2eOk0+aVg=="): Text ****** has been set on object 'Object Repository/Student answering question being overdue or on time/Page_Local Moodle Log in to the site/input_Password_password'

2022-01-16 11:56:07 - [MESSAGE][PASSED] - Text ****** has been set on object 'Object Repository/Student answering question being overdue or on time/Page_Local Moodle Log in to the site/input_Password_password'

2022-01-16 11:56:07 - [TEST_STEP][PASSED] - click(findTestObject("Object Repository/Student answering question being overdue or on time/Page_Local Moodle Log in to the site/button_Log in")): Object: 'Object Repository/Student answering question being overdue or on time/Page_Local Moodle Log in to the site/button_Log in' is clicked on

2022-01-16 11:56:09 - [MESSAGE][PASSED] - Object: 'Object Repository/Student answering question being overdue or on time/Page_Local Moodle Log in to the site/button_Log in' is clicked on

2022-01-16 11:56:09 - [TEST_STEP][PASSED] - verifyElementClickable(findTestObject("Object Repository/Student answering question being overdue or on time/Page_Nh ca ti/span_Nhp mn cng ngh phn mm")): Object 'Object Repository/Student answering question being overdue or on time/Page_Nh ca ti/span_Nhp mn cng ngh phn mm' is clickable

2022-01-16 11:56:15 - [MESSAGE][INFO] - Unable to find the element located by 'By.xpath: //div[@id='course-info-container-2-4']/div/div/a/span[3]'. Please recheck the objects properties to make sure the desired element is located. 

2022-01-16 11:56:15 - [MESSAGE][WARNING] - [SELF-HEALING] Failed to find element with id 'Object Repository/Student answering question being overdue or on time/Page_Nh ca ti/span_Nhp mn cng ngh phn mm'. Try using Self-healing.

2022-01-16 11:56:15 - [MESSAGE][WARNING] - [SELF-HEALING] The current locator of test object 'Object Repository/Student answering question being overdue or on time/Page_Nh ca ti/span_Nhp mn cng ngh phn mm' was broken. Propose an alternative one: '//span[3]'.

2022-01-16 11:56:15 - [MESSAGE][PASSED] - Object 'Object Repository/Student answering question being overdue or on time/Page_Nh ca ti/span_Nhp mn cng ngh phn mm' is clickable

2022-01-16 11:56:15 - [TEST_STEP][PASSED] - click(findTestObject("Object Repository/Student answering question being overdue or on time/Page_Nh ca ti/span_Nhp mn cng ngh phn mm")): Object: 'Object Repository/Student answering question being overdue or on time/Page_Nh ca ti/span_Nhp mn cng ngh phn mm' is clicked on

2022-01-16 11:56:22 - [MESSAGE][INFO] - Unable to find the element located by 'By.xpath: //div[@id='course-info-container-2-4']/div/div/a/span[3]'. Please recheck the objects properties to make sure the desired element is located. 

2022-01-16 11:56:22 - [MESSAGE][WARNING] - [SELF-HEALING] Failed to find element with id 'Object Repository/Student answering question being overdue or on time/Page_Nh ca ti/span_Nhp mn cng ngh phn mm'. Try using Self-healing.

2022-01-16 11:56:22 - [MESSAGE][WARNING] - [SELF-HEALING] The current locator of test object 'Object Repository/Student answering question being overdue or on time/Page_Nh ca ti/span_Nhp mn cng ngh phn mm' was broken. Propose an alternative one: '//span[3]'.

2022-01-16 11:56:37 - [MESSAGE][PASSED] - Object: 'Object Repository/Student answering question being overdue or on time/Page_Nh ca ti/span_Nhp mn cng ngh phn mm' is clicked on

2022-01-16 11:56:37 - [TEST_STEP][PASSED] - verifyElementClickable(findTestObject("Object Repository/Student answering question being overdue or on time/Page_Kha Nhp mn cng ngh phn mm/button_Bt ch  chnh sa")): Object 'Object Repository/Student answering question being overdue or on time/Page_Kha Nhp mn cng ngh phn mm/button_Bt ch  chnh sa' is clickable

2022-01-16 11:56:43 - [MESSAGE][INFO] - Unable to find the element located by 'By.xpath: //button[@id='single_button61e025a09a5401']'. Please recheck the objects properties to make sure the desired element is located. 

2022-01-16 11:56:43 - [MESSAGE][WARNING] - [SELF-HEALING] Failed to find element with id 'Object Repository/Student answering question being overdue or on time/Page_Kha Nhp mn cng ngh phn mm/button_Bt ch  chnh sa'. Try using Self-healing.

2022-01-16 11:56:43 - [MESSAGE][WARNING] - [SELF-HEALING] The current locator of test object 'Object Repository/Student answering question being overdue or on time/Page_Kha Nhp mn cng ngh phn mm/button_Bt ch  chnh sa' was broken. Propose an alternative one: '//header[@id='page-header']/div/div/div/div[2]/div[2]/div/form/button'.

2022-01-16 11:56:43 - [MESSAGE][PASSED] - Object 'Object Repository/Student answering question being overdue or on time/Page_Kha Nhp mn cng ngh phn mm/button_Bt ch  chnh sa' is clickable

2022-01-16 11:56:43 - [TEST_STEP][PASSED] - click(findTestObject("Object Repository/Student answering question being overdue or on time/Page_Kha Nhp mn cng ngh phn mm/button_Bt ch  chnh sa")): Object: 'Object Repository/Student answering question being overdue or on time/Page_Kha Nhp mn cng ngh phn mm/button_Bt ch  chnh sa' is clicked on

2022-01-16 11:56:50 - [MESSAGE][INFO] - Unable to find the element located by 'By.xpath: //button[@id='single_button61e025a09a5401']'. Please recheck the objects properties to make sure the desired element is located. 

2022-01-16 11:56:50 - [MESSAGE][WARNING] - [SELF-HEALING] Failed to find element with id 'Object Repository/Student answering question being overdue or on time/Page_Kha Nhp mn cng ngh phn mm/button_Bt ch  chnh sa'. Try using Self-healing.

2022-01-16 11:56:50 - [MESSAGE][WARNING] - [SELF-HEALING] The current locator of test object 'Object Repository/Student answering question being overdue or on time/Page_Kha Nhp mn cng ngh phn mm/button_Bt ch  chnh sa' was broken. Propose an alternative one: '//header[@id='page-header']/div/div/div/div[2]/div[2]/div/form/button'.

2022-01-16 11:57:03 - [MESSAGE][PASSED] - Object: 'Object Repository/Student answering question being overdue or on time/Page_Kha Nhp mn cng ngh phn mm/button_Bt ch  chnh sa' is clicked on

2022-01-16 11:57:03 - [TEST_STEP][PASSED] - click(findTestObject("Object Repository/Student answering question being overdue or on time/Page_Kha Nhp mn cng ngh phn mm/span_Thm hot ng hoc ti nguyn")): Object: 'Object Repository/Student answering question being overdue or on time/Page_Kha Nhp mn cng ngh phn mm/span_Thm hot ng hoc ti nguyn' is clicked on

2022-01-16 11:57:09 - [MESSAGE][INFO] - Unable to find the element located by 'By.xpath: //span[@id='yui_3_17_2_1_1642078463952_611']'. Please recheck the objects properties to make sure the desired element is located. 

2022-01-16 11:57:09 - [MESSAGE][WARNING] - [SELF-HEALING] Failed to find element with id 'Object Repository/Student answering question being overdue or on time/Page_Kha Nhp mn cng ngh phn mm/span_Thm hot ng hoc ti nguyn'. Try using Self-healing.

2022-01-16 11:57:10 - [MESSAGE][WARNING] - [SELF-HEALING] The current locator of test object 'Object Repository/Student answering question being overdue or on time/Page_Kha Nhp mn cng ngh phn mm/span_Thm hot ng hoc ti nguyn' was broken. Propose an alternative one: '(.//*[normalize-space(text()) and normalize-space(.)='Thêm tập tin ở đây'])[2]/following::span[1]'.

2022-01-16 11:57:10 - [MESSAGE][PASSED] - Object: 'Object Repository/Student answering question being overdue or on time/Page_Kha Nhp mn cng ngh phn mm/span_Thm hot ng hoc ti nguyn' is clicked on

2022-01-16 11:57:10 - [TEST_STEP][PASSED] - verifyElementText(findTestObject("Object Repository/Student answering question being overdue or on time/Page_Kha Nhp mn cng ngh phn mm/div_Cu hi thm d"), "Câu hỏi thăm dò"): Actual text and expected text of test object 'Object Repository/Student answering question being overdue or on time/Page_Kha Nhp mn cng ngh phn mm/div_Cu hi thm d' are matched.

2022-01-16 11:57:29 - [MESSAGE][PASSED] - Actual text and expected text of test object 'Object Repository/Student answering question being overdue or on time/Page_Kha Nhp mn cng ngh phn mm/div_Cu hi thm d' are matched.

2022-01-16 11:57:29 - [TEST_STEP][PASSED] - click(findTestObject("Object Repository/Student answering question being overdue or on time/Page_Kha Nhp mn cng ngh phn mm/div_Cu hi thm d")): Object: 'Object Repository/Student answering question being overdue or on time/Page_Kha Nhp mn cng ngh phn mm/div_Cu hi thm d' is clicked on

2022-01-16 11:57:33 - [MESSAGE][PASSED] - Object: 'Object Repository/Student answering question being overdue or on time/Page_Kha Nhp mn cng ngh phn mm/div_Cu hi thm d' is clicked on

2022-01-16 11:57:33 - [TEST_STEP][PASSED] - setText(findTestObject("Object Repository/Student answering question being overdue or on time/Page_Bin son Cu hi thm d/input_Tn cu hi_name"), "Câu hỏi trắc nghiệm"): Text 'Câu hỏi trắc nghiệm' is set on object 'Object Repository/Student answering question being overdue or on time/Page_Bin son Cu hi thm d/input_Tn cu hi_name'

2022-01-16 11:57:35 - [MESSAGE][PASSED] - Text 'Câu hỏi trắc nghiệm' is set on object 'Object Repository/Student answering question being overdue or on time/Page_Bin son Cu hi thm d/input_Tn cu hi_name'

2022-01-16 11:57:35 - [TEST_STEP][PASSED] - setText(findTestObject("Object Repository/Student answering question being overdue or on time/Page_Bin son Cu hi thm d/input_Phng n khng_option0"), "a"): Text 'a' is set on object 'Object Repository/Student answering question being overdue or on time/Page_Bin son Cu hi thm d/input_Phng n khng_option0'

2022-01-16 11:57:36 - [MESSAGE][PASSED] - Text 'a' is set on object 'Object Repository/Student answering question being overdue or on time/Page_Bin son Cu hi thm d/input_Phng n khng_option0'

2022-01-16 11:57:36 - [TEST_STEP][PASSED] - setText(findTestObject("Object Repository/Student answering question being overdue or on time/Page_Bin son Cu hi thm d/input_Phng n khng_option1"), "b"): Text 'b' is set on object 'Object Repository/Student answering question being overdue or on time/Page_Bin son Cu hi thm d/input_Phng n khng_option1'

2022-01-16 11:57:37 - [MESSAGE][PASSED] - Text 'b' is set on object 'Object Repository/Student answering question being overdue or on time/Page_Bin son Cu hi thm d/input_Phng n khng_option1'

2022-01-16 11:57:37 - [TEST_STEP][PASSED] - setText(findTestObject("Object Repository/Student answering question being overdue or on time/Page_Bin son Cu hi thm d/input_Phng n khng_option2"), "c"): Text 'c' is set on object 'Object Repository/Student answering question being overdue or on time/Page_Bin son Cu hi thm d/input_Phng n khng_option2'

2022-01-16 11:57:37 - [MESSAGE][PASSED] - Text 'c' is set on object 'Object Repository/Student answering question being overdue or on time/Page_Bin son Cu hi thm d/input_Phng n khng_option2'

2022-01-16 11:57:37 - [TEST_STEP][PASSED] - setText(findTestObject("Object Repository/Student answering question being overdue or on time/Page_Bin son Cu hi thm d/input_Phng n khng_option3"), "d"): Text 'd' is set on object 'Object Repository/Student answering question being overdue or on time/Page_Bin son Cu hi thm d/input_Phng n khng_option3'

2022-01-16 11:57:38 - [MESSAGE][PASSED] - Text 'd' is set on object 'Object Repository/Student answering question being overdue or on time/Page_Bin son Cu hi thm d/input_Phng n khng_option3'

2022-01-16 11:57:38 - [TEST_STEP][PASSED] - verifyElementClickable(findTestObject("Object Repository/Student answering question being overdue or on time/Page_Bin son Cu hi thm d/input_Gii hn khng_option_add_fields")): Object 'Object Repository/Student answering question being overdue or on time/Page_Bin son Cu hi thm d/input_Gii hn khng_option_add_fields' is clickable

2022-01-16 11:57:39 - [MESSAGE][PASSED] - Object 'Object Repository/Student answering question being overdue or on time/Page_Bin son Cu hi thm d/input_Gii hn khng_option_add_fields' is clickable

2022-01-16 11:57:39 - [TEST_STEP][PASSED] - click(findTestObject("Object Repository/Student answering question being overdue or on time/Page_Bin son Cu hi thm d/input_Gii hn khng_option_add_fields")): Object: 'Object Repository/Student answering question being overdue or on time/Page_Bin son Cu hi thm d/input_Gii hn khng_option_add_fields' is clicked on

2022-01-16 11:57:42 - [MESSAGE][PASSED] - Object: 'Object Repository/Student answering question being overdue or on time/Page_Bin son Cu hi thm d/input_Gii hn khng_option_add_fields' is clicked on

2022-01-16 11:57:42 - [TEST_STEP][PASSED] - click(findTestObject("Object Repository/Student answering question being overdue or on time/Page_Bin son Cu hi thm d/input_Upon activity completion_submitbutton2")): Object: 'Object Repository/Student answering question being overdue or on time/Page_Bin son Cu hi thm d/input_Upon activity completion_submitbutton2' is clicked on

2022-01-16 11:57:44 - [MESSAGE][PASSED] - Object: 'Object Repository/Student answering question being overdue or on time/Page_Bin son Cu hi thm d/input_Upon activity completion_submitbutton2' is clicked on

2022-01-16 11:57:44 - [TEST_STEP][PASSED] - verifyElementClickable(findTestObject("Object Repository/Student answering question being overdue or on time/Page_Kha Nhp mn cng ngh phn mm/span_Cu hi trc nghim Cu hi thm d")): Object 'Object Repository/Student answering question being overdue or on time/Page_Kha Nhp mn cng ngh phn mm/span_Cu hi trc nghim Cu hi thm d' is clickable

2022-01-16 11:57:45 - [MESSAGE][PASSED] - Object 'Object Repository/Student answering question being overdue or on time/Page_Kha Nhp mn cng ngh phn mm/span_Cu hi trc nghim Cu hi thm d' is clickable

2022-01-16 11:57:45 - [TEST_STEP][PASSED] - click(findTestObject("Object Repository/Student answering question being overdue or on time/Page_Kha Nhp mn cng ngh phn mm/a_Van A Nguyen")): Object: 'Object Repository/Student answering question being overdue or on time/Page_Kha Nhp mn cng ngh phn mm/a_Van A Nguyen' is clicked on

2022-01-16 11:57:45 - [MESSAGE][PASSED] - Object: 'Object Repository/Student answering question being overdue or on time/Page_Kha Nhp mn cng ngh phn mm/a_Van A Nguyen' is clicked on

2022-01-16 11:57:45 - [TEST_STEP][PASSED] - click(findTestObject("Object Repository/Student answering question being overdue or on time/Page_Kha Nhp mn cng ngh phn mm/a_Thot")): Object: 'Object Repository/Student answering question being overdue or on time/Page_Kha Nhp mn cng ngh phn mm/a_Thot' is clicked on

2022-01-16 11:57:46 - [MESSAGE][PASSED] - Object: 'Object Repository/Student answering question being overdue or on time/Page_Kha Nhp mn cng ngh phn mm/a_Thot' is clicked on

2022-01-16 11:57:46 - [TEST_STEP][PASSED] - click(findTestObject("Object Repository/Student answering question being overdue or on time/Page_Local Moodle/a_Log in")): Object: 'Object Repository/Student answering question being overdue or on time/Page_Local Moodle/a_Log in' is clicked on

2022-01-16 11:57:47 - [MESSAGE][PASSED] - Object: 'Object Repository/Student answering question being overdue or on time/Page_Local Moodle/a_Log in' is clicked on

2022-01-16 11:57:47 - [TEST_STEP][PASSED] - setText(findTestObject("Object Repository/Student answering question being overdue or on time/Page_Local Moodle Log in to the site/input_Username_username"), "hs02"): Text 'hs02' is set on object 'Object Repository/Student answering question being overdue or on time/Page_Local Moodle Log in to the site/input_Username_username'

2022-01-16 11:57:48 - [MESSAGE][PASSED] - Text 'hs02' is set on object 'Object Repository/Student answering question being overdue or on time/Page_Local Moodle Log in to the site/input_Username_username'

2022-01-16 11:57:48 - [TEST_STEP][PASSED] - setEncryptedText(findTestObject("Object Repository/Student answering question being overdue or on time/Page_Local Moodle Log in to the site/input_Password_password"), "RigbBhfdqOBGP4y92+oMSw=="): Text ****** has been set on object 'Object Repository/Student answering question being overdue or on time/Page_Local Moodle Log in to the site/input_Password_password'

2022-01-16 11:57:52 - [MESSAGE][PASSED] - Text ****** has been set on object 'Object Repository/Student answering question being overdue or on time/Page_Local Moodle Log in to the site/input_Password_password'

2022-01-16 11:57:52 - [TEST_STEP][PASSED] - click(findTestObject("Object Repository/Student answering question being overdue or on time/Page_Local Moodle Log in to the site/button_Log in")): Object: 'Object Repository/Student answering question being overdue or on time/Page_Local Moodle Log in to the site/button_Log in' is clicked on

2022-01-16 11:57:53 - [MESSAGE][PASSED] - Object: 'Object Repository/Student answering question being overdue or on time/Page_Local Moodle Log in to the site/button_Log in' is clicked on

2022-01-16 11:57:53 - [TEST_STEP][PASSED] - click(findTestObject("Object Repository/Student answering question being overdue or on time/Page_Nh ca ti/span_Nhp mn cng ngh phn mm_1")): Object: 'Object Repository/Student answering question being overdue or on time/Page_Nh ca ti/span_Nhp mn cng ngh phn mm_1' is clicked on

2022-01-16 11:57:59 - [MESSAGE][INFO] - Unable to find the element located by 'By.xpath: //div[@id='course-info-container-2-7']/div/div/a/span[3]'. Please recheck the objects properties to make sure the desired element is located. 

2022-01-16 11:57:59 - [MESSAGE][WARNING] - [SELF-HEALING] Failed to find element with id 'Object Repository/Student answering question being overdue or on time/Page_Nh ca ti/span_Nhp mn cng ngh phn mm_1'. Try using Self-healing.

2022-01-16 11:58:00 - [MESSAGE][WARNING] - [SELF-HEALING] The current locator of test object 'Object Repository/Student answering question being overdue or on time/Page_Nh ca ti/span_Nhp mn cng ngh phn mm_1' was broken. Propose an alternative one: '(.//*[normalize-space(text()) and normalize-space(.)='Tên khóa học'])[1]/following::span[1]'.

2022-01-16 11:58:00 - [MESSAGE][PASSED] - Object: 'Object Repository/Student answering question being overdue or on time/Page_Nh ca ti/span_Nhp mn cng ngh phn mm_1' is clicked on

2022-01-16 11:58:00 - [TEST_STEP][PASSED] - click(findTestObject("Object Repository/Student answering question being overdue or on time/Page_Kha Nhp mn cng ngh phn mm/span_Cu hi trc nghim Cu hi thm d_1")): Object: 'Object Repository/Student answering question being overdue or on time/Page_Kha Nhp mn cng ngh phn mm/span_Cu hi trc nghim Cu hi thm d_1' is clicked on

2022-01-16 11:58:06 - [MESSAGE][INFO] - Unable to find the element located by 'By.xpath: //li[@id='module-10']/div/div/div[2]/div/a/span'. Please recheck the objects properties to make sure the desired element is located. 

2022-01-16 11:58:06 - [MESSAGE][WARNING] - [SELF-HEALING] Failed to find element with id 'Object Repository/Student answering question being overdue or on time/Page_Kha Nhp mn cng ngh phn mm/span_Cu hi trc nghim Cu hi thm d_1'. Try using Self-healing.

2022-01-16 11:58:07 - [MESSAGE][WARNING] - [SELF-HEALING] The current locator of test object 'Object Repository/Student answering question being overdue or on time/Page_Kha Nhp mn cng ngh phn mm/span_Cu hi trc nghim Cu hi thm d_1' was broken. Propose an alternative one: '(.//*[normalize-space(text()) and normalize-space(.)='Mark as done'])[1]/following::span[1]'.

2022-01-16 11:58:08 - [MESSAGE][PASSED] - Object: 'Object Repository/Student answering question being overdue or on time/Page_Kha Nhp mn cng ngh phn mm/span_Cu hi trc nghim Cu hi thm d_1' is clicked on

2022-01-16 11:58:08 - [TEST_STEP][FAILED] - click(findTestObject("Object Repository/Student answering question being overdue or on time/Page_Cu hi trc nghim/input__answer")): Unable to click on object 'Object Repository/Student answering question being overdue or on time/Page_Cu hi trc nghim/input__answer' (Root cause: com.kms.katalon.core.exception.StepFailedException: Unable to click on object 'Object Repository/Student answering question being overdue or on time/Page_Cu hi trc nghim/input__answer'
	at com.kms.katalon.core.webui.keyword.internal.WebUIKeywordMain.stepFailed(WebUIKeywordMain.groovy:64)
	at com.kms.katalon.core.webui.keyword.internal.WebUIKeywordMain.runKeyword(WebUIKeywordMain.groovy:26)
	at com.kms.katalon.core.webui.keyword.builtin.ClickKeyword.click(ClickKeyword.groovy:74)
	at com.kms.katalon.core.webui.keyword.builtin.ClickKeyword.execute(ClickKeyword.groovy:40)
	at com.kms.katalon.core.keyword.internal.KeywordExecutor.executeKeywordForPlatform(KeywordExecutor.groovy:74)
	at com.kms.katalon.core.webui.keyword.WebUiBuiltInKeywords.click(WebUiBuiltInKeywords.groovy:620)
	at com.kms.katalon.core.webui.keyword.WebUiBuiltInKeywords$click$1.call(Unknown Source)
	at Answer choice question on time.run(Answer choice question on time:90)
	at com.kms.katalon.core.main.ScriptEngine.run(ScriptEngine.java:194)
	at com.kms.katalon.core.main.ScriptEngine.runScriptAsRawText(ScriptEngine.java:119)
	at com.kms.katalon.core.main.TestCaseExecutor.runScript(TestCaseExecutor.java:442)
	at com.kms.katalon.core.main.TestCaseExecutor.doExecute(TestCaseExecutor.java:433)
	at com.kms.katalon.core.main.TestCaseExecutor.processExecutionPhase(TestCaseExecutor.java:412)
	at com.kms.katalon.core.main.TestCaseExecutor.accessMainPhase(TestCaseExecutor.java:404)
	at com.kms.katalon.core.main.TestCaseExecutor.execute(TestCaseExecutor.java:281)
	at com.kms.katalon.core.main.TestCaseExecutor.execute(TestCaseExecutor.java:363)
	at com.kms.katalon.core.main.TestCaseExecutor.execute(TestCaseExecutor.java:363)
	at com.kms.katalon.core.main.TestCaseExecutor.execute(TestCaseExecutor.java:363)
	at com.kms.katalon.core.main.TestSuiteExecutor.accessTestCaseMainPhase(TestSuiteExecutor.java:202)
	at com.kms.katalon.core.main.TestSuiteExecutor.accessTestSuiteMainPhase(TestSuiteExecutor.java:164)
	at com.kms.katalon.core.main.TestSuiteExecutor.execute(TestSuiteExecutor.java:105)
	at com.kms.katalon.core.main.TestCaseMain.startTestSuite(TestCaseMain.java:181)
	at com.kms.katalon.core.main.TestCaseMain$startTestSuite$0.call(Unknown Source)
	at TempTestSuite1642298356151.run(TempTestSuite1642298356151.groovy:36)
Caused by: com.kms.katalon.core.webui.exception.WebElementNotFoundException: Web element with id: 'Object Repository/Student answering question being overdue or on time/Page_Cu hi trc nghim/input__answer' located by '//input[@id='choice_1']' not found
	at com.kms.katalon.core.webui.common.WebUiCommonHelper.findWebElement(WebUiCommonHelper.java:1368)
	at com.kms.katalon.core.webui.keyword.internal.WebUIAbstractKeyword.findWebElement(WebUIAbstractKeyword.groovy:27)
	at com.kms.katalon.core.webui.keyword.builtin.ClickKeyword$_click_closure1.doCall(ClickKeyword.groovy:65)
	at com.kms.katalon.core.webui.keyword.builtin.ClickKeyword$_click_closure1.call(ClickKeyword.groovy)
	at com.kms.katalon.core.webui.keyword.internal.WebUIKeywordMain.runKeyword(WebUIKeywordMain.groovy:20)
	at com.kms.katalon.core.webui.keyword.builtin.ClickKeyword.click(ClickKeyword.groovy:74)
	at com.kms.katalon.core.webui.keyword.builtin.ClickKeyword.execute(ClickKeyword.groovy:40)
	at com.kms.katalon.core.keyword.internal.KeywordExecutor.executeKeywordForPlatform(KeywordExecutor.groovy:74)
	at com.kms.katalon.core.webui.keyword.WebUiBuiltInKeywords.click(WebUiBuiltInKeywords.groovy:620)
	at com.kms.katalon.core.webui.keyword.WebUiBuiltInKeywords$click$1.call(Unknown Source)
	at Script1641837519929.run(Script1641837519929.groovy:90)
	... 16 more
)

2022-01-16 11:58:14 - [MESSAGE][INFO] - Unable to find the element located by 'By.xpath: //input[@id='choice_1']'. Please recheck the objects properties to make sure the desired element is located. 

2022-01-16 11:58:14 - [MESSAGE][WARNING] - [SELF-HEALING] Failed to find element with id 'Object Repository/Student answering question being overdue or on time/Page_Cu hi trc nghim/input__answer'. Try using Self-healing.

2022-01-16 11:58:14 - [MESSAGE][INFO] - [SELF-HEALING] Failed Locator: '//input[@id='choice_1']'.

2022-01-16 11:58:15 - [MESSAGE][INFO] - [SELF-HEALING] Failed Locator: '//section[@id='region-main']/div/form/ul/li/input'.

2022-01-16 11:58:15 - [MESSAGE][INFO] - [SELF-HEALING] Working Locator: '//input'.

2022-01-16 11:58:15 - [MESSAGE][ERROR] - [SELF-HEALING] Cannot save screenshot to: E:\xampp\htdocs\moodle\Test Automation - SE Bonus\Reports\Self-healing, reason: unknown error: unhandled inspector error: {"code":-32000,"message":"Cannot take screenshot with 0 width."}
  (Session info: MicrosoftEdge=97.0.1072.62)
Build info: version: '3.141.59', revision: 'e82be7d358', time: '2018-11-14T08:25:53'
System info: host: 'LAPTOP-DKU7IQF9', ip: '192.168.1.5', os.name: 'Windows 10', os.arch: 'amd64', os.version: '10.0', java.version: '1.8.0_282'
Driver info: com.kms.katalon.selenium.driver.CEdgeDriver
Capabilities {acceptInsecureCerts: false, browserName: msedge, browserVersion: 97.0.1072.62, javascriptEnabled: true, ms:edgeOptions: {debuggerAddress: localhost:59427}, msedge: {msedgedriverVersion: 97.0.1072.55 (ce3bf33648805..., userDataDir: C:\Users\ninhh\AppData\Loca...}, networkConnectionEnabled: false, pageLoadStrategy: normal, platform: WINDOWS, platformName: WINDOWS, proxy: Proxy(), setWindowRect: true, strictFileInteractability: false, timeouts: {implicit: 0, pageLoad: 300000, script: 30000}, unhandledPromptBehavior: dismiss and notify, webauthn:extension:credBlob: true, webauthn:extension:largeBlob: true, webauthn:virtualAuthenticators: true}
Session ID: 8dd38c79f0c8ce9db12359f584ab598e.

2022-01-16 11:58:15 - [MESSAGE][ERROR] - [SELF-HEALING] Cannot save screenshot to: E:\xampp\htdocs\moodle\Test Automation - SE Bonus\Reports\Self-healing, reason: unknown error: unhandled inspector error: {"code":-32000,"message":"Cannot take screenshot with 0 width."}
  (Session info: MicrosoftEdge=97.0.1072.62)
Build info: version: '3.141.59', revision: 'e82be7d358', time: '2018-11-14T08:25:53'
System info: host: 'LAPTOP-DKU7IQF9', ip: '192.168.1.5', os.name: 'Windows 10', os.arch: 'amd64', os.version: '10.0', java.version: '1.8.0_282'
Driver info: com.kms.katalon.selenium.driver.CEdgeDriver
Capabilities {acceptInsecureCerts: false, browserName: msedge, browserVersion: 97.0.1072.62, javascriptEnabled: true, ms:edgeOptions: {debuggerAddress: localhost:59427}, msedge: {msedgedriverVersion: 97.0.1072.55 (ce3bf33648805..., userDataDir: C:\Users\ninhh\AppData\Loca...}, networkConnectionEnabled: false, pageLoadStrategy: normal, platform: WINDOWS, platformName: WINDOWS, proxy: Proxy(), setWindowRect: true, strictFileInteractability: false, timeouts: {implicit: 0, pageLoad: 300000, script: 30000}, unhandledPromptBehavior: dismiss and notify, webauthn:extension:credBlob: true, webauthn:extension:largeBlob: true, webauthn:virtualAuthenticators: true}
Session ID: 8dd38c79f0c8ce9db12359f584ab598e.

2022-01-16 11:58:15 - [MESSAGE][WARNING] - [SELF-HEALING] 'other' is different type of Path

2022-01-16 11:58:16 - [MESSAGE][INFO] - Unable to find the element located by 'By.xpath: //*[@name = 'answer' and @type = 'radio' and @id = 'choice_1']'. Please recheck the objects properties to make sure the desired element is located. 

2022-01-16 11:58:17 - [MESSAGE][INFO] - Unable to find the element located by 'By.cssSelector: #choice_1'. Please recheck the objects properties to make sure the desired element is located. 

2022-01-16 11:58:17 - [MESSAGE][FAILED] - Unable to click on object 'Object Repository/Student answering question being overdue or on time/Page_Cu hi trc nghim/input__answer' (Root cause: com.kms.katalon.core.exception.StepFailedException: Unable to click on object 'Object Repository/Student answering question being overdue or on time/Page_Cu hi trc nghim/input__answer'
	at com.kms.katalon.core.webui.keyword.internal.WebUIKeywordMain.stepFailed(WebUIKeywordMain.groovy:64)
	at com.kms.katalon.core.webui.keyword.internal.WebUIKeywordMain.runKeyword(WebUIKeywordMain.groovy:26)
	at com.kms.katalon.core.webui.keyword.builtin.ClickKeyword.click(ClickKeyword.groovy:74)
	at com.kms.katalon.core.webui.keyword.builtin.ClickKeyword.execute(ClickKeyword.groovy:40)
	at com.kms.katalon.core.keyword.internal.KeywordExecutor.executeKeywordForPlatform(KeywordExecutor.groovy:74)
	at com.kms.katalon.core.webui.keyword.WebUiBuiltInKeywords.click(WebUiBuiltInKeywords.groovy:620)
	at com.kms.katalon.core.webui.keyword.WebUiBuiltInKeywords$click$1.call(Unknown Source)
	at Answer choice question on time.run(Answer choice question on time:90)
	at com.kms.katalon.core.main.ScriptEngine.run(ScriptEngine.java:194)
	at com.kms.katalon.core.main.ScriptEngine.runScriptAsRawText(ScriptEngine.java:119)
	at com.kms.katalon.core.main.TestCaseExecutor.runScript(TestCaseExecutor.java:442)
	at com.kms.katalon.core.main.TestCaseExecutor.doExecute(TestCaseExecutor.java:433)
	at com.kms.katalon.core.main.TestCaseExecutor.processExecutionPhase(TestCaseExecutor.java:412)
	at com.kms.katalon.core.main.TestCaseExecutor.accessMainPhase(TestCaseExecutor.java:404)
	at com.kms.katalon.core.main.TestCaseExecutor.execute(TestCaseExecutor.java:281)
	at com.kms.katalon.core.main.TestCaseExecutor.execute(TestCaseExecutor.java:363)
	at com.kms.katalon.core.main.TestCaseExecutor.execute(TestCaseExecutor.java:363)
	at com.kms.katalon.core.main.TestCaseExecutor.execute(TestCaseExecutor.java:363)
	at com.kms.katalon.core.main.TestSuiteExecutor.accessTestCaseMainPhase(TestSuiteExecutor.java:202)
	at com.kms.katalon.core.main.TestSuiteExecutor.accessTestSuiteMainPhase(TestSuiteExecutor.java:164)
	at com.kms.katalon.core.main.TestSuiteExecutor.execute(TestSuiteExecutor.java:105)
	at com.kms.katalon.core.main.TestCaseMain.startTestSuite(TestCaseMain.java:181)
	at com.kms.katalon.core.main.TestCaseMain$startTestSuite$0.call(Unknown Source)
	at TempTestSuite1642298356151.run(TempTestSuite1642298356151.groovy:36)
Caused by: com.kms.katalon.core.webui.exception.WebElementNotFoundException: Web element with id: 'Object Repository/Student answering question being overdue or on time/Page_Cu hi trc nghim/input__answer' located by '//input[@id='choice_1']' not found
	at com.kms.katalon.core.webui.common.WebUiCommonHelper.findWebElement(WebUiCommonHelper.java:1368)
	at com.kms.katalon.core.webui.keyword.internal.WebUIAbstractKeyword.findWebElement(WebUIAbstractKeyword.groovy:27)
	at com.kms.katalon.core.webui.keyword.builtin.ClickKeyword$_click_closure1.doCall(ClickKeyword.groovy:65)
	at com.kms.katalon.core.webui.keyword.builtin.ClickKeyword$_click_closure1.call(ClickKeyword.groovy)
	at com.kms.katalon.core.webui.keyword.internal.WebUIKeywordMain.runKeyword(WebUIKeywordMain.groovy:20)
	at com.kms.katalon.core.webui.keyword.builtin.ClickKeyword.click(ClickKeyword.groovy:74)
	at com.kms.katalon.core.webui.keyword.builtin.ClickKeyword.execute(ClickKeyword.groovy:40)
	at com.kms.katalon.core.keyword.internal.KeywordExecutor.executeKeywordForPlatform(KeywordExecutor.groovy:74)
	at com.kms.katalon.core.webui.keyword.WebUiBuiltInKeywords.click(WebUiBuiltInKeywords.groovy:620)
	at com.kms.katalon.core.webui.keyword.WebUiBuiltInKeywords$click$1.call(Unknown Source)
	at Script1641837519929.run(Script1641837519929.groovy:90)
	... 16 more
)
[[ATTACHMENT|E:\\xampp\\htdocs\\moodle\\Test Automation - SE Bonus\\Reports\\20220116_085916\\Run All Test Cases\\20220116_085916\\1642309097710.png]]]]></system-out>
         <system-err><![CDATA[2022-01-16 11:55:50 - [TEST_CASE][FAILED] - Test Cases/Students answering question being overdue or on time/Answer choice question on time: Test Cases/Students answering question being overdue or on time/Answer choice question on time FAILED.
Reason:
com.kms.katalon.core.exception.StepFailedException: Unable to click on object 'Object Repository/Student answering question being overdue or on time/Page_Cu hi trc nghim/input__answer'
	at com.kms.katalon.core.webui.keyword.internal.WebUIKeywordMain.stepFailed(WebUIKeywordMain.groovy:64)
	at com.kms.katalon.core.webui.keyword.internal.WebUIKeywordMain.runKeyword(WebUIKeywordMain.groovy:26)
	at com.kms.katalon.core.webui.keyword.builtin.ClickKeyword.click(ClickKeyword.groovy:74)
	at com.kms.katalon.core.webui.keyword.builtin.ClickKeyword.execute(ClickKeyword.groovy:40)
	at com.kms.katalon.core.keyword.internal.KeywordExecutor.executeKeywordForPlatform(KeywordExecutor.groovy:74)
	at com.kms.katalon.core.webui.keyword.WebUiBuiltInKeywords.click(WebUiBuiltInKeywords.groovy:620)
	at com.kms.katalon.core.webui.keyword.WebUiBuiltInKeywords$click$1.call(Unknown Source)
	at Answer choice question on time.run(Answer choice question on time:90)
	at com.kms.katalon.core.main.ScriptEngine.run(ScriptEngine.java:194)
	at com.kms.katalon.core.main.ScriptEngine.runScriptAsRawText(ScriptEngine.java:119)
	at com.kms.katalon.core.main.TestCaseExecutor.runScript(TestCaseExecutor.java:442)
	at com.kms.katalon.core.main.TestCaseExecutor.doExecute(TestCaseExecutor.java:433)
	at com.kms.katalon.core.main.TestCaseExecutor.processExecutionPhase(TestCaseExecutor.java:412)
	at com.kms.katalon.core.main.TestCaseExecutor.accessMainPhase(TestCaseExecutor.java:404)
	at com.kms.katalon.core.main.TestCaseExecutor.execute(TestCaseExecutor.java:281)
	at com.kms.katalon.core.main.TestCaseExecutor.execute(TestCaseExecutor.java:363)
	at com.kms.katalon.core.main.TestCaseExecutor.execute(TestCaseExecutor.java:363)
	at com.kms.katalon.core.main.TestCaseExecutor.execute(TestCaseExecutor.java:363)
	at com.kms.katalon.core.main.TestSuiteExecutor.accessTestCaseMainPhase(TestSuiteExecutor.java:202)
	at com.kms.katalon.core.main.TestSuiteExecutor.accessTestSuiteMainPhase(TestSuiteExecutor.java:164)
	at com.kms.katalon.core.main.TestSuiteExecutor.execute(TestSuiteExecutor.java:105)
	at com.kms.katalon.core.main.TestCaseMain.startTestSuite(TestCaseMain.java:181)
	at com.kms.katalon.core.main.TestCaseMain$startTestSuite$0.call(Unknown Source)
	at TempTestSuite1642298356151.run(TempTestSuite1642298356151.groovy:36)
Caused by: com.kms.katalon.core.webui.exception.WebElementNotFoundException: Web element with id: 'Object Repository/Student answering question being overdue or on time/Page_Cu hi trc nghim/input__answer' located by '//input[@id='choice_1']' not found
	at com.kms.katalon.core.webui.common.WebUiCommonHelper.findWebElement(WebUiCommonHelper.java:1368)
	at com.kms.katalon.core.webui.keyword.internal.WebUIAbstractKeyword.findWebElement(WebUIAbstractKeyword.groovy:27)
	at com.kms.katalon.core.webui.keyword.builtin.ClickKeyword$_click_closure1.doCall(ClickKeyword.groovy:65)
	at com.kms.katalon.core.webui.keyword.builtin.ClickKeyword$_click_closure1.call(ClickKeyword.groovy)
	at com.kms.katalon.core.webui.keyword.internal.WebUIKeywordMain.runKeyword(WebUIKeywordMain.groovy:20)
	... 22 more]]></system-err>
      </testcase>
      <testcase name="Test Cases/Students answering question being overdue or on time/Answer choice question overdue" time="60.558" classname="Test Cases/Students answering question being overdue or on time/Answer choice question overdue" status="FAILED">
         <failure type="FAILED" message="Test Cases/Students answering question being overdue or on time/Answer choice question overdue FAILED.
Reason:
com.kms.katalon.core.exception.StepFailedException: Unable to click on object 'Object Repository/Student answering question being overdue or on time/Page_Kha Nhp mn cng ngh phn mm/span_Cu hi trc nghim Cu hi thm d'
	at com.kms.katalon.core.webui.keyword.internal.WebUIKeywordMain.stepFailed(WebUIKeywordMain.groovy:64)
	at com.kms.katalon.core.webui.keyword.internal.WebUIKeywordMain.runKeyword(WebUIKeywordMain.groovy:26)
	at com.kms.katalon.core.webui.keyword.builtin.ClickKeyword.click(ClickKeyword.groovy:74)
	at com.kms.katalon.core.webui.keyword.builtin.ClickKeyword.execute(ClickKeyword.groovy:40)
	at com.kms.katalon.core.keyword.internal.KeywordExecutor.executeKeywordForPlatform(KeywordExecutor.groovy:74)
	at com.kms.katalon.core.webui.keyword.WebUiBuiltInKeywords.click(WebUiBuiltInKeywords.groovy:620)
	at com.kms.katalon.core.webui.keyword.WebUiBuiltInKeywords$click$1.call(Unknown Source)
	at Answer choice question overdue.run(Answer choice question overdue:38)
	at com.kms.katalon.core.main.ScriptEngine.run(ScriptEngine.java:194)
	at com.kms.katalon.core.main.ScriptEngine.runScriptAsRawText(ScriptEngine.java:119)
	at com.kms.katalon.core.main.TestCaseExecutor.runScript(TestCaseExecutor.java:442)
	at com.kms.katalon.core.main.TestCaseExecutor.doExecute(TestCaseExecutor.java:433)
	at com.kms.katalon.core.main.TestCaseExecutor.processExecutionPhase(TestCaseExecutor.java:412)
	at com.kms.katalon.core.main.TestCaseExecutor.accessMainPhase(TestCaseExecutor.java:404)
	at com.kms.katalon.core.main.TestCaseExecutor.execute(TestCaseExecutor.java:281)
	at com.kms.katalon.core.main.TestCaseExecutor.execute(TestCaseExecutor.java:363)
	at com.kms.katalon.core.main.TestCaseExecutor.execute(TestCaseExecutor.java:363)
	at com.kms.katalon.core.main.TestCaseExecutor.execute(TestCaseExecutor.java:363)
	at com.kms.katalon.core.main.TestSuiteExecutor.accessTestCaseMainPhase(TestSuiteExecutor.java:202)
	at com.kms.katalon.core.main.TestSuiteExecutor.accessTestSuiteMainPhase(TestSuiteExecutor.java:164)
	at com.kms.katalon.core.main.TestSuiteExecutor.execute(TestSuiteExecutor.java:105)
	at com.kms.katalon.core.main.TestCaseMain.startTestSuite(TestCaseMain.java:181)
	at com.kms.katalon.core.main.TestCaseMain$startTestSuite$0.call(Unknown Source)
	at TempTestSuite1642298356151.run(TempTestSuite1642298356151.groovy:36)
Caused by: com.kms.katalon.core.webui.exception.WebElementNotFoundException: Web element with id: 'Object Repository/Student answering question being overdue or on time/Page_Kha Nhp mn cng ngh phn mm/span_Cu hi trc nghim Cu hi thm d' located by '//*[(text() = 'Câu hỏi trắc nghiệm Câu hỏi thăm dò' or . = 'Câu hỏi trắc nghiệm Câu hỏi thăm dò')]' not found
	at com.kms.katalon.core.webui.common.WebUiCommonHelper.findWebElement(WebUiCommonHelper.java:1368)
	at com.kms.katalon.core.webui.keyword.internal.WebUIAbstractKeyword.findWebElement(WebUIAbstractKeyword.groovy:27)
	at com.kms.katalon.core.webui.keyword.builtin.ClickKeyword$_click_closure1.doCall(ClickKeyword.groovy:65)
	at com.kms.katalon.core.webui.keyword.builtin.ClickKeyword$_click_closure1.call(ClickKeyword.groovy)
	at com.kms.katalon.core.webui.keyword.internal.WebUIKeywordMain.runKeyword(WebUIKeywordMain.groovy:20)
	... 22 more
"/>
         <system-out><![CDATA[2022-01-16 12:01:15 - [TEST_CASE][FAILED] - Test Cases/Students answering question being overdue or on time/Answer choice question overdue: Test Cases/Students answering question being overdue or on time/Answer choice question overdue FAILED.
Reason:
com.kms.katalon.core.exception.StepFailedException: Unable to click on object 'Object Repository/Student answering question being overdue or on time/Page_Kha Nhp mn cng ngh phn mm/span_Cu hi trc nghim Cu hi thm d'
	at com.kms.katalon.core.webui.keyword.internal.WebUIKeywordMain.stepFailed(WebUIKeywordMain.groovy:64)
	at com.kms.katalon.core.webui.keyword.internal.WebUIKeywordMain.runKeyword(WebUIKeywordMain.groovy:26)
	at com.kms.katalon.core.webui.keyword.builtin.ClickKeyword.click(ClickKeyword.groovy:74)
	at com.kms.katalon.core.webui.keyword.builtin.ClickKeyword.execute(ClickKeyword.groovy:40)
	at com.kms.katalon.core.keyword.internal.KeywordExecutor.executeKeywordForPlatform(KeywordExecutor.groovy:74)
	at com.kms.katalon.core.webui.keyword.WebUiBuiltInKeywords.click(WebUiBuiltInKeywords.groovy:620)
	at com.kms.katalon.core.webui.keyword.WebUiBuiltInKeywords$click$1.call(Unknown Source)
	at Answer choice question overdue.run(Answer choice question overdue:38)
	at com.kms.katalon.core.main.ScriptEngine.run(ScriptEngine.java:194)
	at com.kms.katalon.core.main.ScriptEngine.runScriptAsRawText(ScriptEngine.java:119)
	at com.kms.katalon.core.main.TestCaseExecutor.runScript(TestCaseExecutor.java:442)
	at com.kms.katalon.core.main.TestCaseExecutor.doExecute(TestCaseExecutor.java:433)
	at com.kms.katalon.core.main.TestCaseExecutor.processExecutionPhase(TestCaseExecutor.java:412)
	at com.kms.katalon.core.main.TestCaseExecutor.accessMainPhase(TestCaseExecutor.java:404)
	at com.kms.katalon.core.main.TestCaseExecutor.execute(TestCaseExecutor.java:281)
	at com.kms.katalon.core.main.TestCaseExecutor.execute(TestCaseExecutor.java:363)
	at com.kms.katalon.core.main.TestCaseExecutor.execute(TestCaseExecutor.java:363)
	at com.kms.katalon.core.main.TestCaseExecutor.execute(TestCaseExecutor.java:363)
	at com.kms.katalon.core.main.TestSuiteExecutor.accessTestCaseMainPhase(TestSuiteExecutor.java:202)
	at com.kms.katalon.core.main.TestSuiteExecutor.accessTestSuiteMainPhase(TestSuiteExecutor.java:164)
	at com.kms.katalon.core.main.TestSuiteExecutor.execute(TestSuiteExecutor.java:105)
	at com.kms.katalon.core.main.TestCaseMain.startTestSuite(TestCaseMain.java:181)
	at com.kms.katalon.core.main.TestCaseMain$startTestSuite$0.call(Unknown Source)
	at TempTestSuite1642298356151.run(TempTestSuite1642298356151.groovy:36)
Caused by: com.kms.katalon.core.webui.exception.WebElementNotFoundException: Web element with id: 'Object Repository/Student answering question being overdue or on time/Page_Kha Nhp mn cng ngh phn mm/span_Cu hi trc nghim Cu hi thm d' located by '//*[(text() = 'Câu hỏi trắc nghiệm Câu hỏi thăm dò' or . = 'Câu hỏi trắc nghiệm Câu hỏi thăm dò')]' not found
	at com.kms.katalon.core.webui.common.WebUiCommonHelper.findWebElement(WebUiCommonHelper.java:1368)
	at com.kms.katalon.core.webui.keyword.internal.WebUIAbstractKeyword.findWebElement(WebUIAbstractKeyword.groovy:27)
	at com.kms.katalon.core.webui.keyword.builtin.ClickKeyword$_click_closure1.doCall(ClickKeyword.groovy:65)
	at com.kms.katalon.core.webui.keyword.builtin.ClickKeyword$_click_closure1.call(ClickKeyword.groovy)
	at com.kms.katalon.core.webui.keyword.internal.WebUIKeywordMain.runKeyword(WebUIKeywordMain.groovy:20)
	... 22 more


2022-01-16 12:01:15 - [TEST_STEP][PASSED] - openBrowser(""): Browser is opened with url: ''

2022-01-16 12:01:15 - [MESSAGE][WARNING] - A browser is already opened. Closing browser and opening a new one

2022-01-16 12:01:16 - [MESSAGE][INFO] - Starting 'Edge Chromium' driver

2022-01-16 12:01:17 - [MESSAGE][INFO] - Action delay is set to 0 milliseconds

2022-01-16 12:01:22 - [MESSAGE][PASSED] - Browser is opened with url: ''

2022-01-16 12:01:22 - [TEST_STEP][PASSED] - navigateToUrl("http://localhost/"): Navigate to 'http://localhost/' successfully

2022-01-16 12:01:46 - [MESSAGE][PASSED] - Navigate to 'http://localhost/' successfully

2022-01-16 12:01:46 - [TEST_STEP][PASSED] - click(findTestObject("Object Repository/Student answering question being overdue or on time/Page_Local Moodle/a_Log in")): Object: 'Object Repository/Student answering question being overdue or on time/Page_Local Moodle/a_Log in' is clicked on

2022-01-16 12:01:47 - [MESSAGE][PASSED] - Object: 'Object Repository/Student answering question being overdue or on time/Page_Local Moodle/a_Log in' is clicked on

2022-01-16 12:01:47 - [TEST_STEP][PASSED] - setText(findTestObject("Object Repository/Student answering question being overdue or on time/Page_Local Moodle Log in to the site/input_Username_username"), "hs02"): Text 'hs02' is set on object 'Object Repository/Student answering question being overdue or on time/Page_Local Moodle Log in to the site/input_Username_username'

2022-01-16 12:01:48 - [MESSAGE][PASSED] - Text 'hs02' is set on object 'Object Repository/Student answering question being overdue or on time/Page_Local Moodle Log in to the site/input_Username_username'

2022-01-16 12:01:48 - [TEST_STEP][PASSED] - setEncryptedText(findTestObject("Object Repository/Student answering question being overdue or on time/Page_Local Moodle Log in to the site/input_Password_password"), "RigbBhfdqOBGP4y92+oMSw=="): Text ****** has been set on object 'Object Repository/Student answering question being overdue or on time/Page_Local Moodle Log in to the site/input_Password_password'

2022-01-16 12:01:48 - [MESSAGE][PASSED] - Text ****** has been set on object 'Object Repository/Student answering question being overdue or on time/Page_Local Moodle Log in to the site/input_Password_password'

2022-01-16 12:01:48 - [TEST_STEP][PASSED] - click(findTestObject("Object Repository/Student answering question being overdue or on time/Page_Local Moodle Log in to the site/button_Log in")): Object: 'Object Repository/Student answering question being overdue or on time/Page_Local Moodle Log in to the site/button_Log in' is clicked on

2022-01-16 12:01:50 - [MESSAGE][PASSED] - Object: 'Object Repository/Student answering question being overdue or on time/Page_Local Moodle Log in to the site/button_Log in' is clicked on

2022-01-16 12:01:50 - [TEST_STEP][PASSED] - click(findTestObject("Object Repository/Student answering question being overdue or on time/Page_Nh ca ti/span_Trang ch h thng")): Object: 'Object Repository/Student answering question being overdue or on time/Page_Nh ca ti/span_Trang ch h thng' is clicked on

2022-01-16 12:02:02 - [MESSAGE][PASSED] - Object: 'Object Repository/Student answering question being overdue or on time/Page_Nh ca ti/span_Trang ch h thng' is clicked on

2022-01-16 12:02:02 - [TEST_STEP][PASSED] - click(findTestObject("Object Repository/Student answering question being overdue or on time/Page_Local Moodle/a_Nhp mn cng ngh phn mm")): Object: 'Object Repository/Student answering question being overdue or on time/Page_Local Moodle/a_Nhp mn cng ngh phn mm' is clicked on

2022-01-16 12:02:03 - [MESSAGE][PASSED] - Object: 'Object Repository/Student answering question being overdue or on time/Page_Local Moodle/a_Nhp mn cng ngh phn mm' is clicked on

2022-01-16 12:02:04 - [TEST_STEP][FAILED] - click(findTestObject("Object Repository/Student answering question being overdue or on time/Page_Kha Nhp mn cng ngh phn mm/span_Cu hi trc nghim Cu hi thm d")): Unable to click on object 'Object Repository/Student answering question being overdue or on time/Page_Kha Nhp mn cng ngh phn mm/span_Cu hi trc nghim Cu hi thm d' (Root cause: com.kms.katalon.core.exception.StepFailedException: Unable to click on object 'Object Repository/Student answering question being overdue or on time/Page_Kha Nhp mn cng ngh phn mm/span_Cu hi trc nghim Cu hi thm d'
	at com.kms.katalon.core.webui.keyword.internal.WebUIKeywordMain.stepFailed(WebUIKeywordMain.groovy:64)
	at com.kms.katalon.core.webui.keyword.internal.WebUIKeywordMain.runKeyword(WebUIKeywordMain.groovy:26)
	at com.kms.katalon.core.webui.keyword.builtin.ClickKeyword.click(ClickKeyword.groovy:74)
	at com.kms.katalon.core.webui.keyword.builtin.ClickKeyword.execute(ClickKeyword.groovy:40)
	at com.kms.katalon.core.keyword.internal.KeywordExecutor.executeKeywordForPlatform(KeywordExecutor.groovy:74)
	at com.kms.katalon.core.webui.keyword.WebUiBuiltInKeywords.click(WebUiBuiltInKeywords.groovy:620)
	at com.kms.katalon.core.webui.keyword.WebUiBuiltInKeywords$click$1.call(Unknown Source)
	at Answer choice question overdue.run(Answer choice question overdue:38)
	at com.kms.katalon.core.main.ScriptEngine.run(ScriptEngine.java:194)
	at com.kms.katalon.core.main.ScriptEngine.runScriptAsRawText(ScriptEngine.java:119)
	at com.kms.katalon.core.main.TestCaseExecutor.runScript(TestCaseExecutor.java:442)
	at com.kms.katalon.core.main.TestCaseExecutor.doExecute(TestCaseExecutor.java:433)
	at com.kms.katalon.core.main.TestCaseExecutor.processExecutionPhase(TestCaseExecutor.java:412)
	at com.kms.katalon.core.main.TestCaseExecutor.accessMainPhase(TestCaseExecutor.java:404)
	at com.kms.katalon.core.main.TestCaseExecutor.execute(TestCaseExecutor.java:281)
	at com.kms.katalon.core.main.TestCaseExecutor.execute(TestCaseExecutor.java:363)
	at com.kms.katalon.core.main.TestCaseExecutor.execute(TestCaseExecutor.java:363)
	at com.kms.katalon.core.main.TestCaseExecutor.execute(TestCaseExecutor.java:363)
	at com.kms.katalon.core.main.TestSuiteExecutor.accessTestCaseMainPhase(TestSuiteExecutor.java:202)
	at com.kms.katalon.core.main.TestSuiteExecutor.accessTestSuiteMainPhase(TestSuiteExecutor.java:164)
	at com.kms.katalon.core.main.TestSuiteExecutor.execute(TestSuiteExecutor.java:105)
	at com.kms.katalon.core.main.TestCaseMain.startTestSuite(TestCaseMain.java:181)
	at com.kms.katalon.core.main.TestCaseMain$startTestSuite$0.call(Unknown Source)
	at TempTestSuite1642298356151.run(TempTestSuite1642298356151.groovy:36)
Caused by: com.kms.katalon.core.webui.exception.WebElementNotFoundException: Web element with id: 'Object Repository/Student answering question being overdue or on time/Page_Kha Nhp mn cng ngh phn mm/span_Cu hi trc nghim Cu hi thm d' located by '//*[(text() = 'Câu hỏi trắc nghiệm Câu hỏi thăm dò' or . = 'Câu hỏi trắc nghiệm Câu hỏi thăm dò')]' not found
	at com.kms.katalon.core.webui.common.WebUiCommonHelper.findWebElement(WebUiCommonHelper.java:1368)
	at com.kms.katalon.core.webui.keyword.internal.WebUIAbstractKeyword.findWebElement(WebUIAbstractKeyword.groovy:27)
	at com.kms.katalon.core.webui.keyword.builtin.ClickKeyword$_click_closure1.doCall(ClickKeyword.groovy:65)
	at com.kms.katalon.core.webui.keyword.builtin.ClickKeyword$_click_closure1.call(ClickKeyword.groovy)
	at com.kms.katalon.core.webui.keyword.internal.WebUIKeywordMain.runKeyword(WebUIKeywordMain.groovy:20)
	at com.kms.katalon.core.webui.keyword.builtin.ClickKeyword.click(ClickKeyword.groovy:74)
	at com.kms.katalon.core.webui.keyword.builtin.ClickKeyword.execute(ClickKeyword.groovy:40)
	at com.kms.katalon.core.keyword.internal.KeywordExecutor.executeKeywordForPlatform(KeywordExecutor.groovy:74)
	at com.kms.katalon.core.webui.keyword.WebUiBuiltInKeywords.click(WebUiBuiltInKeywords.groovy:620)
	at com.kms.katalon.core.webui.keyword.WebUiBuiltInKeywords$click$1.call(Unknown Source)
	at Script1642078243999.run(Script1642078243999.groovy:38)
	... 16 more
)

2022-01-16 12:02:10 - [MESSAGE][INFO] - Unable to find the element located by 'By.xpath: //*[(text() = 'Câu hỏi trắc nghiệm Câu hỏi thăm dò' or . = 'Câu hỏi trắc nghiệm Câu hỏi thăm dò')]'. Please recheck the objects properties to make sure the desired element is located. 

2022-01-16 12:02:10 - [MESSAGE][WARNING] - [SELF-HEALING] Failed to find element with id 'Object Repository/Student answering question being overdue or on time/Page_Kha Nhp mn cng ngh phn mm/span_Cu hi trc nghim Cu hi thm d'. Try using Self-healing.

2022-01-16 12:02:11 - [MESSAGE][INFO] - Unable to find the element located by 'By.xpath: //div[@id='yui_3_17_2_1_1642078581211_29']/div/a/span'. Please recheck the objects properties to make sure the desired element is located. 

2022-01-16 12:02:11 - [MESSAGE][INFO] - [SELF-HEALING] Failed Locator: '//div[@id='yui_3_17_2_1_1642078581211_29']/div/a/span'.

2022-01-16 12:02:11 - [MESSAGE][INFO] - [SELF-HEALING] Failed Locator: '(.//*[normalize-space(text()) and normalize-space(.)='Chủ đề 1'])[2]/following::span[1]'.

2022-01-16 12:02:12 - [MESSAGE][INFO] - [SELF-HEALING] Failed Locator: '(.//*[normalize-space(text()) and normalize-space(.)='Diễn đàn'])[1]/following::span[2]'.

2022-01-16 12:02:12 - [MESSAGE][INFO] - [SELF-HEALING] Failed Locator: '//*/text()[normalize-space(.)='Câu hỏi trắc nghiệm']/parent::*'.

2022-01-16 12:02:12 - [MESSAGE][INFO] - [SELF-HEALING] Failed Locator: '//li[2]/div[3]/ul/li/div/div/div[2]/div/a/span'.

2022-01-16 12:02:13 - [MESSAGE][INFO] - [SELF-HEALING] Failed Locator: '//span[@id='yui_3_17_2_1_1641837658503_671']'.

2022-01-16 12:02:13 - [MESSAGE][INFO] - [SELF-HEALING] Failed Locator: '//a[@id='yui_3_17_2_1_1641837658503_672']/span'.

2022-01-16 12:02:13 - [MESSAGE][INFO] - [SELF-HEALING] Failed Locator: '(.//*[normalize-space(text()) and normalize-space(.)='Mark as done'])[1]/following::span[3]'.

2022-01-16 12:02:14 - [MESSAGE][INFO] - [SELF-HEALING] Failed Locator: '(.//*[normalize-space(text()) and normalize-space(.)='Due:'])[1]/following::span[3]'.

2022-01-16 12:02:14 - [MESSAGE][INFO] - [SELF-HEALING] Failed Locator: '(.//*[normalize-space(text()) and normalize-space(.)='Chỉnh sửa các cài đặt'])[4]/preceding::span[3]'.

2022-01-16 12:02:14 - [MESSAGE][INFO] - [SELF-HEALING] Failed Locator: '//li[3]/div/div/div[2]/div/span/a/span'.

2022-01-16 12:02:15 - [MESSAGE][INFO] - Unable to find the element located by 'By.cssSelector: #yui_3_17_2_1_1642078581211_29 > div.activityinstance > a.aalink > span.instancename'. Please recheck the objects properties to make sure the desired element is located. 

2022-01-16 12:02:15 - [MESSAGE][FAILED] - Unable to click on object 'Object Repository/Student answering question being overdue or on time/Page_Kha Nhp mn cng ngh phn mm/span_Cu hi trc nghim Cu hi thm d' (Root cause: com.kms.katalon.core.exception.StepFailedException: Unable to click on object 'Object Repository/Student answering question being overdue or on time/Page_Kha Nhp mn cng ngh phn mm/span_Cu hi trc nghim Cu hi thm d'
	at com.kms.katalon.core.webui.keyword.internal.WebUIKeywordMain.stepFailed(WebUIKeywordMain.groovy:64)
	at com.kms.katalon.core.webui.keyword.internal.WebUIKeywordMain.runKeyword(WebUIKeywordMain.groovy:26)
	at com.kms.katalon.core.webui.keyword.builtin.ClickKeyword.click(ClickKeyword.groovy:74)
	at com.kms.katalon.core.webui.keyword.builtin.ClickKeyword.execute(ClickKeyword.groovy:40)
	at com.kms.katalon.core.keyword.internal.KeywordExecutor.executeKeywordForPlatform(KeywordExecutor.groovy:74)
	at com.kms.katalon.core.webui.keyword.WebUiBuiltInKeywords.click(WebUiBuiltInKeywords.groovy:620)
	at com.kms.katalon.core.webui.keyword.WebUiBuiltInKeywords$click$1.call(Unknown Source)
	at Answer choice question overdue.run(Answer choice question overdue:38)
	at com.kms.katalon.core.main.ScriptEngine.run(ScriptEngine.java:194)
	at com.kms.katalon.core.main.ScriptEngine.runScriptAsRawText(ScriptEngine.java:119)
	at com.kms.katalon.core.main.TestCaseExecutor.runScript(TestCaseExecutor.java:442)
	at com.kms.katalon.core.main.TestCaseExecutor.doExecute(TestCaseExecutor.java:433)
	at com.kms.katalon.core.main.TestCaseExecutor.processExecutionPhase(TestCaseExecutor.java:412)
	at com.kms.katalon.core.main.TestCaseExecutor.accessMainPhase(TestCaseExecutor.java:404)
	at com.kms.katalon.core.main.TestCaseExecutor.execute(TestCaseExecutor.java:281)
	at com.kms.katalon.core.main.TestCaseExecutor.execute(TestCaseExecutor.java:363)
	at com.kms.katalon.core.main.TestCaseExecutor.execute(TestCaseExecutor.java:363)
	at com.kms.katalon.core.main.TestCaseExecutor.execute(TestCaseExecutor.java:363)
	at com.kms.katalon.core.main.TestSuiteExecutor.accessTestCaseMainPhase(TestSuiteExecutor.java:202)
	at com.kms.katalon.core.main.TestSuiteExecutor.accessTestSuiteMainPhase(TestSuiteExecutor.java:164)
	at com.kms.katalon.core.main.TestSuiteExecutor.execute(TestSuiteExecutor.java:105)
	at com.kms.katalon.core.main.TestCaseMain.startTestSuite(TestCaseMain.java:181)
	at com.kms.katalon.core.main.TestCaseMain$startTestSuite$0.call(Unknown Source)
	at TempTestSuite1642298356151.run(TempTestSuite1642298356151.groovy:36)
Caused by: com.kms.katalon.core.webui.exception.WebElementNotFoundException: Web element with id: 'Object Repository/Student answering question being overdue or on time/Page_Kha Nhp mn cng ngh phn mm/span_Cu hi trc nghim Cu hi thm d' located by '//*[(text() = 'Câu hỏi trắc nghiệm Câu hỏi thăm dò' or . = 'Câu hỏi trắc nghiệm Câu hỏi thăm dò')]' not found
	at com.kms.katalon.core.webui.common.WebUiCommonHelper.findWebElement(WebUiCommonHelper.java:1368)
	at com.kms.katalon.core.webui.keyword.internal.WebUIAbstractKeyword.findWebElement(WebUIAbstractKeyword.groovy:27)
	at com.kms.katalon.core.webui.keyword.builtin.ClickKeyword$_click_closure1.doCall(ClickKeyword.groovy:65)
	at com.kms.katalon.core.webui.keyword.builtin.ClickKeyword$_click_closure1.call(ClickKeyword.groovy)
	at com.kms.katalon.core.webui.keyword.internal.WebUIKeywordMain.runKeyword(WebUIKeywordMain.groovy:20)
	at com.kms.katalon.core.webui.keyword.builtin.ClickKeyword.click(ClickKeyword.groovy:74)
	at com.kms.katalon.core.webui.keyword.builtin.ClickKeyword.execute(ClickKeyword.groovy:40)
	at com.kms.katalon.core.keyword.internal.KeywordExecutor.executeKeywordForPlatform(KeywordExecutor.groovy:74)
	at com.kms.katalon.core.webui.keyword.WebUiBuiltInKeywords.click(WebUiBuiltInKeywords.groovy:620)
	at com.kms.katalon.core.webui.keyword.WebUiBuiltInKeywords$click$1.call(Unknown Source)
	at Script1642078243999.run(Script1642078243999.groovy:38)
	... 16 more
)
[[ATTACHMENT|E:\\xampp\\htdocs\\moodle\\Test Automation - SE Bonus\\Reports\\20220116_085916\\Run All Test Cases\\20220116_085916\\1642309335819.png]]]]></system-out>
         <system-err><![CDATA[2022-01-16 12:01:15 - [TEST_CASE][FAILED] - Test Cases/Students answering question being overdue or on time/Answer choice question overdue: Test Cases/Students answering question being overdue or on time/Answer choice question overdue FAILED.
Reason:
com.kms.katalon.core.exception.StepFailedException: Unable to click on object 'Object Repository/Student answering question being overdue or on time/Page_Kha Nhp mn cng ngh phn mm/span_Cu hi trc nghim Cu hi thm d'
	at com.kms.katalon.core.webui.keyword.internal.WebUIKeywordMain.stepFailed(WebUIKeywordMain.groovy:64)
	at com.kms.katalon.core.webui.keyword.internal.WebUIKeywordMain.runKeyword(WebUIKeywordMain.groovy:26)
	at com.kms.katalon.core.webui.keyword.builtin.ClickKeyword.click(ClickKeyword.groovy:74)
	at com.kms.katalon.core.webui.keyword.builtin.ClickKeyword.execute(ClickKeyword.groovy:40)
	at com.kms.katalon.core.keyword.internal.KeywordExecutor.executeKeywordForPlatform(KeywordExecutor.groovy:74)
	at com.kms.katalon.core.webui.keyword.WebUiBuiltInKeywords.click(WebUiBuiltInKeywords.groovy:620)
	at com.kms.katalon.core.webui.keyword.WebUiBuiltInKeywords$click$1.call(Unknown Source)
	at Answer choice question overdue.run(Answer choice question overdue:38)
	at com.kms.katalon.core.main.ScriptEngine.run(ScriptEngine.java:194)
	at com.kms.katalon.core.main.ScriptEngine.runScriptAsRawText(ScriptEngine.java:119)
	at com.kms.katalon.core.main.TestCaseExecutor.runScript(TestCaseExecutor.java:442)
	at com.kms.katalon.core.main.TestCaseExecutor.doExecute(TestCaseExecutor.java:433)
	at com.kms.katalon.core.main.TestCaseExecutor.processExecutionPhase(TestCaseExecutor.java:412)
	at com.kms.katalon.core.main.TestCaseExecutor.accessMainPhase(TestCaseExecutor.java:404)
	at com.kms.katalon.core.main.TestCaseExecutor.execute(TestCaseExecutor.java:281)
	at com.kms.katalon.core.main.TestCaseExecutor.execute(TestCaseExecutor.java:363)
	at com.kms.katalon.core.main.TestCaseExecutor.execute(TestCaseExecutor.java:363)
	at com.kms.katalon.core.main.TestCaseExecutor.execute(TestCaseExecutor.java:363)
	at com.kms.katalon.core.main.TestSuiteExecutor.accessTestCaseMainPhase(TestSuiteExecutor.java:202)
	at com.kms.katalon.core.main.TestSuiteExecutor.accessTestSuiteMainPhase(TestSuiteExecutor.java:164)
	at com.kms.katalon.core.main.TestSuiteExecutor.execute(TestSuiteExecutor.java:105)
	at com.kms.katalon.core.main.TestCaseMain.startTestSuite(TestCaseMain.java:181)
	at com.kms.katalon.core.main.TestCaseMain$startTestSuite$0.call(Unknown Source)
	at TempTestSuite1642298356151.run(TempTestSuite1642298356151.groovy:36)
Caused by: com.kms.katalon.core.webui.exception.WebElementNotFoundException: Web element with id: 'Object Repository/Student answering question being overdue or on time/Page_Kha Nhp mn cng ngh phn mm/span_Cu hi trc nghim Cu hi thm d' located by '//*[(text() = 'Câu hỏi trắc nghiệm Câu hỏi thăm dò' or . = 'Câu hỏi trắc nghiệm Câu hỏi thăm dò')]' not found
	at com.kms.katalon.core.webui.common.WebUiCommonHelper.findWebElement(WebUiCommonHelper.java:1368)
	at com.kms.katalon.core.webui.keyword.internal.WebUIAbstractKeyword.findWebElement(WebUIAbstractKeyword.groovy:27)
	at com.kms.katalon.core.webui.keyword.builtin.ClickKeyword$_click_closure1.doCall(ClickKeyword.groovy:65)
	at com.kms.katalon.core.webui.keyword.builtin.ClickKeyword$_click_closure1.call(ClickKeyword.groovy)
	at com.kms.katalon.core.webui.keyword.internal.WebUIKeywordMain.runKeyword(WebUIKeywordMain.groovy:20)
	... 22 more]]></system-err>
      </testcase>
      <testcase name="Test Cases/Students answering question being overdue or on time/Answer text question on time" time="91.308" classname="Test Cases/Students answering question being overdue or on time/Answer text question on time" status="FAILED">
         <failure type="FAILED" message="Test Cases/Students answering question being overdue or on time/Answer text question on time FAILED.
Reason:
com.kms.katalon.core.exception.StepFailedException: Unable to verify object 'Object Repository/Student answering question being overdue or on time/Page_Nh ca ti/span_Nhp mn cng ngh phn mm' to be clickable
	at com.kms.katalon.core.webui.keyword.internal.WebUIKeywordMain.stepFailed(WebUIKeywordMain.groovy:64)
	at com.kms.katalon.core.webui.keyword.internal.WebUIKeywordMain.runKeyword(WebUIKeywordMain.groovy:26)
	at com.kms.katalon.core.webui.keyword.builtin.VerifyElementClickableKeyword.verifyElementClickable(VerifyElementClickableKeyword.groovy:96)
	at com.kms.katalon.core.webui.keyword.builtin.VerifyElementClickableKeyword.execute(VerifyElementClickableKeyword.groovy:67)
	at com.kms.katalon.core.keyword.internal.KeywordExecutor.executeKeywordForPlatform(KeywordExecutor.groovy:74)
	at com.kms.katalon.core.webui.keyword.WebUiBuiltInKeywords.verifyElementClickable(WebUiBuiltInKeywords.groovy:566)
	at com.kms.katalon.core.webui.keyword.WebUiBuiltInKeywords$verifyElementClickable$10.call(Unknown Source)
	at Answer text question on time.run(Answer text question on time:72)
	at com.kms.katalon.core.main.ScriptEngine.run(ScriptEngine.java:194)
	at com.kms.katalon.core.main.ScriptEngine.runScriptAsRawText(ScriptEngine.java:119)
	at com.kms.katalon.core.main.TestCaseExecutor.runScript(TestCaseExecutor.java:442)
	at com.kms.katalon.core.main.TestCaseExecutor.doExecute(TestCaseExecutor.java:433)
	at com.kms.katalon.core.main.TestCaseExecutor.processExecutionPhase(TestCaseExecutor.java:412)
	at com.kms.katalon.core.main.TestCaseExecutor.accessMainPhase(TestCaseExecutor.java:404)
	at com.kms.katalon.core.main.TestCaseExecutor.execute(TestCaseExecutor.java:281)
	at com.kms.katalon.core.main.TestCaseExecutor.execute(TestCaseExecutor.java:363)
	at com.kms.katalon.core.main.TestCaseExecutor.execute(TestCaseExecutor.java:363)
	at com.kms.katalon.core.main.TestCaseExecutor.execute(TestCaseExecutor.java:363)
	at com.kms.katalon.core.main.TestSuiteExecutor.accessTestCaseMainPhase(TestSuiteExecutor.java:202)
	at com.kms.katalon.core.main.TestSuiteExecutor.accessTestSuiteMainPhase(TestSuiteExecutor.java:164)
	at com.kms.katalon.core.main.TestSuiteExecutor.execute(TestSuiteExecutor.java:105)
	at com.kms.katalon.core.main.TestCaseMain.startTestSuite(TestCaseMain.java:181)
	at com.kms.katalon.core.main.TestCaseMain$startTestSuite$0.call(Unknown Source)
	at TempTestSuite1642298356151.run(TempTestSuite1642298356151.groovy:36)
Caused by: com.kms.katalon.core.exception.StepFailedException: Web element with id: 'Object Repository/Student answering question being overdue or on time/Page_Nh ca ti/span_Nhp mn cng ngh phn mm' located by '//div[@id='course-info-container-2-4']/div/div/a/span[3]' not found
	at com.kms.katalon.core.webui.keyword.internal.WebUIKeywordMain.stepFailed(WebUIKeywordMain.groovy:64)
	at com.kms.katalon.core.webui.keyword.builtin.VerifyElementClickableKeyword$_verifyElementClickable_closure1.doCall(VerifyElementClickableKeyword.groovy:88)
	at com.kms.katalon.core.webui.keyword.builtin.VerifyElementClickableKeyword$_verifyElementClickable_closure1.call(VerifyElementClickableKeyword.groovy)
	at com.kms.katalon.core.webui.keyword.internal.WebUIKeywordMain.runKeyword(WebUIKeywordMain.groovy:20)
	... 22 more
"/>
         <system-out><![CDATA[2022-01-16 12:09:12 - [TEST_CASE][FAILED] - Test Cases/Students answering question being overdue or on time/Answer text question on time: Test Cases/Students answering question being overdue or on time/Answer text question on time FAILED.
Reason:
com.kms.katalon.core.exception.StepFailedException: Unable to verify object 'Object Repository/Student answering question being overdue or on time/Page_Nh ca ti/span_Nhp mn cng ngh phn mm' to be clickable
	at com.kms.katalon.core.webui.keyword.internal.WebUIKeywordMain.stepFailed(WebUIKeywordMain.groovy:64)
	at com.kms.katalon.core.webui.keyword.internal.WebUIKeywordMain.runKeyword(WebUIKeywordMain.groovy:26)
	at com.kms.katalon.core.webui.keyword.builtin.VerifyElementClickableKeyword.verifyElementClickable(VerifyElementClickableKeyword.groovy:96)
	at com.kms.katalon.core.webui.keyword.builtin.VerifyElementClickableKeyword.execute(VerifyElementClickableKeyword.groovy:67)
	at com.kms.katalon.core.keyword.internal.KeywordExecutor.executeKeywordForPlatform(KeywordExecutor.groovy:74)
	at com.kms.katalon.core.webui.keyword.WebUiBuiltInKeywords.verifyElementClickable(WebUiBuiltInKeywords.groovy:566)
	at com.kms.katalon.core.webui.keyword.WebUiBuiltInKeywords$verifyElementClickable$10.call(Unknown Source)
	at Answer text question on time.run(Answer text question on time:72)
	at com.kms.katalon.core.main.ScriptEngine.run(ScriptEngine.java:194)
	at com.kms.katalon.core.main.ScriptEngine.runScriptAsRawText(ScriptEngine.java:119)
	at com.kms.katalon.core.main.TestCaseExecutor.runScript(TestCaseExecutor.java:442)
	at com.kms.katalon.core.main.TestCaseExecutor.doExecute(TestCaseExecutor.java:433)
	at com.kms.katalon.core.main.TestCaseExecutor.processExecutionPhase(TestCaseExecutor.java:412)
	at com.kms.katalon.core.main.TestCaseExecutor.accessMainPhase(TestCaseExecutor.java:404)
	at com.kms.katalon.core.main.TestCaseExecutor.execute(TestCaseExecutor.java:281)
	at com.kms.katalon.core.main.TestCaseExecutor.execute(TestCaseExecutor.java:363)
	at com.kms.katalon.core.main.TestCaseExecutor.execute(TestCaseExecutor.java:363)
	at com.kms.katalon.core.main.TestCaseExecutor.execute(TestCaseExecutor.java:363)
	at com.kms.katalon.core.main.TestSuiteExecutor.accessTestCaseMainPhase(TestSuiteExecutor.java:202)
	at com.kms.katalon.core.main.TestSuiteExecutor.accessTestSuiteMainPhase(TestSuiteExecutor.java:164)
	at com.kms.katalon.core.main.TestSuiteExecutor.execute(TestSuiteExecutor.java:105)
	at com.kms.katalon.core.main.TestCaseMain.startTestSuite(TestCaseMain.java:181)
	at com.kms.katalon.core.main.TestCaseMain$startTestSuite$0.call(Unknown Source)
	at TempTestSuite1642298356151.run(TempTestSuite1642298356151.groovy:36)
Caused by: com.kms.katalon.core.exception.StepFailedException: Web element with id: 'Object Repository/Student answering question being overdue or on time/Page_Nh ca ti/span_Nhp mn cng ngh phn mm' located by '//div[@id='course-info-container-2-4']/div/div/a/span[3]' not found
	at com.kms.katalon.core.webui.keyword.internal.WebUIKeywordMain.stepFailed(WebUIKeywordMain.groovy:64)
	at com.kms.katalon.core.webui.keyword.builtin.VerifyElementClickableKeyword$_verifyElementClickable_closure1.doCall(VerifyElementClickableKeyword.groovy:88)
	at com.kms.katalon.core.webui.keyword.builtin.VerifyElementClickableKeyword$_verifyElementClickable_closure1.call(VerifyElementClickableKeyword.groovy)
	at com.kms.katalon.core.webui.keyword.internal.WebUIKeywordMain.runKeyword(WebUIKeywordMain.groovy:20)
	... 22 more


2022-01-16 12:09:12 - [TEST_STEP][PASSED] - openBrowser(""): Browser is opened with url: ''

2022-01-16 12:09:12 - [MESSAGE][WARNING] - A browser is already opened. Closing browser and opening a new one

2022-01-16 12:09:14 - [MESSAGE][INFO] - Starting 'Edge Chromium' driver

2022-01-16 12:09:14 - [MESSAGE][INFO] - Action delay is set to 0 milliseconds

2022-01-16 12:09:16 - [MESSAGE][PASSED] - Browser is opened with url: ''

2022-01-16 12:09:16 - [TEST_STEP][PASSED] - navigateToUrl("http://localhost/"): Navigate to 'http://localhost/' successfully

2022-01-16 12:09:21 - [MESSAGE][PASSED] - Navigate to 'http://localhost/' successfully

2022-01-16 12:09:21 - [TEST_STEP][PASSED] - click(findTestObject("Object Repository/Student answering question being overdue or on time/Page_Local Moodle/a_Log in")): Object: 'Object Repository/Student answering question being overdue or on time/Page_Local Moodle/a_Log in' is clicked on

2022-01-16 12:09:22 - [MESSAGE][PASSED] - Object: 'Object Repository/Student answering question being overdue or on time/Page_Local Moodle/a_Log in' is clicked on

2022-01-16 12:09:22 - [TEST_STEP][PASSED] - setText(findTestObject("Object Repository/Student answering question being overdue or on time/Page_Local Moodle Log in to the site/input_Username_username"), "gv01"): Text 'gv01' is set on object 'Object Repository/Student answering question being overdue or on time/Page_Local Moodle Log in to the site/input_Username_username'

2022-01-16 12:09:23 - [MESSAGE][PASSED] - Text 'gv01' is set on object 'Object Repository/Student answering question being overdue or on time/Page_Local Moodle Log in to the site/input_Username_username'

2022-01-16 12:09:23 - [TEST_STEP][PASSED] - setEncryptedText(findTestObject("Object Repository/Student answering question being overdue or on time/Page_Local Moodle Log in to the site/input_Password_password"), "RigbBhfdqOAWw2eOk0+aVg=="): Text ****** has been set on object 'Object Repository/Student answering question being overdue or on time/Page_Local Moodle Log in to the site/input_Password_password'

2022-01-16 12:09:24 - [MESSAGE][PASSED] - Text ****** has been set on object 'Object Repository/Student answering question being overdue or on time/Page_Local Moodle Log in to the site/input_Password_password'

2022-01-16 12:09:24 - [TEST_STEP][PASSED] - click(findTestObject("Object Repository/Student answering question being overdue or on time/Page_Local Moodle Log in to the site/button_Log in")): Object: 'Object Repository/Student answering question being overdue or on time/Page_Local Moodle Log in to the site/button_Log in' is clicked on

2022-01-16 12:09:28 - [MESSAGE][PASSED] - Object: 'Object Repository/Student answering question being overdue or on time/Page_Local Moodle Log in to the site/button_Log in' is clicked on

2022-01-16 12:09:28 - [TEST_STEP][PASSED] - verifyElementClickable(findTestObject("Object Repository/Student answering question being overdue or on time/Page_Nh ca ti/span_Nhp mn cng ngh phn mm")): Object 'Object Repository/Student answering question being overdue or on time/Page_Nh ca ti/span_Nhp mn cng ngh phn mm' is clickable

2022-01-16 12:09:34 - [MESSAGE][INFO] - Unable to find the element located by 'By.xpath: //div[@id='course-info-container-2-4']/div/div/a/span[3]'. Please recheck the objects properties to make sure the desired element is located. 

2022-01-16 12:09:34 - [MESSAGE][WARNING] - [SELF-HEALING] Failed to find element with id 'Object Repository/Student answering question being overdue or on time/Page_Nh ca ti/span_Nhp mn cng ngh phn mm'. Try using Self-healing.

2022-01-16 12:09:35 - [MESSAGE][WARNING] - [SELF-HEALING] The current locator of test object 'Object Repository/Student answering question being overdue or on time/Page_Nh ca ti/span_Nhp mn cng ngh phn mm' was broken. Propose an alternative one: '//span[3]'.

2022-01-16 12:09:35 - [MESSAGE][PASSED] - Object 'Object Repository/Student answering question being overdue or on time/Page_Nh ca ti/span_Nhp mn cng ngh phn mm' is clickable

2022-01-16 12:09:35 - [TEST_STEP][PASSED] - click(findTestObject("Object Repository/Student answering question being overdue or on time/Page_Nh ca ti/span_Nhp mn cng ngh phn mm")): Object: 'Object Repository/Student answering question being overdue or on time/Page_Nh ca ti/span_Nhp mn cng ngh phn mm' is clicked on

2022-01-16 12:09:41 - [MESSAGE][INFO] - Unable to find the element located by 'By.xpath: //div[@id='course-info-container-2-4']/div/div/a/span[3]'. Please recheck the objects properties to make sure the desired element is located. 

2022-01-16 12:09:41 - [MESSAGE][WARNING] - [SELF-HEALING] Failed to find element with id 'Object Repository/Student answering question being overdue or on time/Page_Nh ca ti/span_Nhp mn cng ngh phn mm'. Try using Self-healing.

2022-01-16 12:09:41 - [MESSAGE][WARNING] - [SELF-HEALING] The current locator of test object 'Object Repository/Student answering question being overdue or on time/Page_Nh ca ti/span_Nhp mn cng ngh phn mm' was broken. Propose an alternative one: '//span[3]'.

2022-01-16 12:09:42 - [MESSAGE][PASSED] - Object: 'Object Repository/Student answering question being overdue or on time/Page_Nh ca ti/span_Nhp mn cng ngh phn mm' is clicked on

2022-01-16 12:09:42 - [TEST_STEP][PASSED] - click(findTestObject("Object Repository/Student answering question being overdue or on time/Page_Kha Nhp mn cng ngh phn mm/button_Bt ch  chnh sa")): Object: 'Object Repository/Student answering question being overdue or on time/Page_Kha Nhp mn cng ngh phn mm/button_Bt ch  chnh sa' is clicked on

2022-01-16 12:09:49 - [MESSAGE][INFO] - Unable to find the element located by 'By.xpath: //button[@id='single_button61e025a09a5401']'. Please recheck the objects properties to make sure the desired element is located. 

2022-01-16 12:09:49 - [MESSAGE][WARNING] - [SELF-HEALING] Failed to find element with id 'Object Repository/Student answering question being overdue or on time/Page_Kha Nhp mn cng ngh phn mm/button_Bt ch  chnh sa'. Try using Self-healing.

2022-01-16 12:09:49 - [MESSAGE][WARNING] - [SELF-HEALING] The current locator of test object 'Object Repository/Student answering question being overdue or on time/Page_Kha Nhp mn cng ngh phn mm/button_Bt ch  chnh sa' was broken. Propose an alternative one: '//header[@id='page-header']/div/div/div/div[2]/div[2]/div/form/button'.

2022-01-16 12:09:52 - [MESSAGE][PASSED] - Object: 'Object Repository/Student answering question being overdue or on time/Page_Kha Nhp mn cng ngh phn mm/button_Bt ch  chnh sa' is clicked on

2022-01-16 12:09:52 - [TEST_STEP][PASSED] - verifyElementClickable(findTestObject("Object Repository/Student answering question being overdue or on time/Page_Kha Nhp mn cng ngh phn mm/span_Thm hot ng hoc ti nguyn")): Object 'Object Repository/Student answering question being overdue or on time/Page_Kha Nhp mn cng ngh phn mm/span_Thm hot ng hoc ti nguyn' is clickable

2022-01-16 12:09:58 - [MESSAGE][INFO] - Unable to find the element located by 'By.xpath: //span[@id='yui_3_17_2_1_1642078463952_611']'. Please recheck the objects properties to make sure the desired element is located. 

2022-01-16 12:09:58 - [MESSAGE][WARNING] - [SELF-HEALING] Failed to find element with id 'Object Repository/Student answering question being overdue or on time/Page_Kha Nhp mn cng ngh phn mm/span_Thm hot ng hoc ti nguyn'. Try using Self-healing.

2022-01-16 12:09:58 - [MESSAGE][WARNING] - [SELF-HEALING] The current locator of test object 'Object Repository/Student answering question being overdue or on time/Page_Kha Nhp mn cng ngh phn mm/span_Thm hot ng hoc ti nguyn' was broken. Propose an alternative one: '(.//*[normalize-space(text()) and normalize-space(.)='Thêm tập tin ở đây'])[2]/following::span[1]'.

2022-01-16 12:09:58 - [MESSAGE][PASSED] - Object 'Object Repository/Student answering question being overdue or on time/Page_Kha Nhp mn cng ngh phn mm/span_Thm hot ng hoc ti nguyn' is clickable

2022-01-16 12:09:58 - [TEST_STEP][PASSED] - click(findTestObject("Object Repository/Student answering question being overdue or on time/Page_Kha Nhp mn cng ngh phn mm/span_Thm hot ng hoc ti nguyn")): Object: 'Object Repository/Student answering question being overdue or on time/Page_Kha Nhp mn cng ngh phn mm/span_Thm hot ng hoc ti nguyn' is clicked on

2022-01-16 12:10:04 - [MESSAGE][INFO] - Unable to find the element located by 'By.xpath: //span[@id='yui_3_17_2_1_1642078463952_611']'. Please recheck the objects properties to make sure the desired element is located. 

2022-01-16 12:10:04 - [MESSAGE][WARNING] - [SELF-HEALING] Failed to find element with id 'Object Repository/Student answering question being overdue or on time/Page_Kha Nhp mn cng ngh phn mm/span_Thm hot ng hoc ti nguyn'. Try using Self-healing.

2022-01-16 12:10:05 - [MESSAGE][WARNING] - [SELF-HEALING] The current locator of test object 'Object Repository/Student answering question being overdue or on time/Page_Kha Nhp mn cng ngh phn mm/span_Thm hot ng hoc ti nguyn' was broken. Propose an alternative one: '(.//*[normalize-space(text()) and normalize-space(.)='Thêm tập tin ở đây'])[2]/following::span[1]'.

2022-01-16 12:10:05 - [MESSAGE][PASSED] - Object: 'Object Repository/Student answering question being overdue or on time/Page_Kha Nhp mn cng ngh phn mm/span_Thm hot ng hoc ti nguyn' is clicked on

2022-01-16 12:10:05 - [TEST_STEP][PASSED] - verifyElementClickable(findTestObject("Object Repository/Student answering question being overdue or on time/Page_Kha Nhp mn cng ngh phn mm/div_Bi tp")): Object 'Object Repository/Student answering question being overdue or on time/Page_Kha Nhp mn cng ngh phn mm/div_Bi tp' is clickable

2022-01-16 12:10:11 - [MESSAGE][INFO] - Unable to find the element located by 'By.xpath: //div[@id='all-4']/div/div[3]/div/a/div[2]'. Please recheck the objects properties to make sure the desired element is located. 

2022-01-16 12:10:11 - [MESSAGE][WARNING] - [SELF-HEALING] Failed to find element with id 'Object Repository/Student answering question being overdue or on time/Page_Kha Nhp mn cng ngh phn mm/div_Bi tp'. Try using Self-healing.

2022-01-16 12:10:11 - [MESSAGE][WARNING] - [SELF-HEALING] The current locator of test object 'Object Repository/Student answering question being overdue or on time/Page_Kha Nhp mn cng ngh phn mm/div_Bi tp' was broken. Propose an alternative one: '(.//*[normalize-space(text()) and normalize-space(.)='Bài học'])[1]/following::div[5]'.

2022-01-16 12:10:11 - [MESSAGE][PASSED] - Object 'Object Repository/Student answering question being overdue or on time/Page_Kha Nhp mn cng ngh phn mm/div_Bi tp' is clickable

2022-01-16 12:10:11 - [TEST_STEP][PASSED] - click(findTestObject("Object Repository/Student answering question being overdue or on time/Page_Kha Nhp mn cng ngh phn mm/div_Bi tp")): Object: 'Object Repository/Student answering question being overdue or on time/Page_Kha Nhp mn cng ngh phn mm/div_Bi tp' is clicked on

2022-01-16 12:10:17 - [MESSAGE][INFO] - Unable to find the element located by 'By.xpath: //div[@id='all-4']/div/div[3]/div/a/div[2]'. Please recheck the objects properties to make sure the desired element is located. 

2022-01-16 12:10:17 - [MESSAGE][WARNING] - [SELF-HEALING] Failed to find element with id 'Object Repository/Student answering question being overdue or on time/Page_Kha Nhp mn cng ngh phn mm/div_Bi tp'. Try using Self-healing.

2022-01-16 12:10:18 - [MESSAGE][WARNING] - [SELF-HEALING] The current locator of test object 'Object Repository/Student answering question being overdue or on time/Page_Kha Nhp mn cng ngh phn mm/div_Bi tp' was broken. Propose an alternative one: '(.//*[normalize-space(text()) and normalize-space(.)='Bài học'])[1]/following::div[5]'.

2022-01-16 12:10:19 - [MESSAGE][PASSED] - Object: 'Object Repository/Student answering question being overdue or on time/Page_Kha Nhp mn cng ngh phn mm/div_Bi tp' is clicked on

2022-01-16 12:10:19 - [TEST_STEP][PASSED] - setText(findTestObject("Object Repository/Student answering question being overdue or on time/Page_Bin son Bi tp/input_Tn bi tp_name"), "Trả lời câu hỏi trực tiếp"): Text 'Trả lời câu hỏi trực tiếp' is set on object 'Object Repository/Student answering question being overdue or on time/Page_Bin son Bi tp/input_Tn bi tp_name'

2022-01-16 12:10:21 - [MESSAGE][PASSED] - Text 'Trả lời câu hỏi trực tiếp' is set on object 'Object Repository/Student answering question being overdue or on time/Page_Bin son Bi tp/input_Tn bi tp_name'

2022-01-16 12:10:21 - [TEST_STEP][PASSED] - setText(findTestObject("Object Repository/Student answering question being overdue or on time/Page_Bin son Bi tp/div_Tr li cu hi sau"), "<p dir="ltr" style="text-align: left;">Trả lời câu hỏi sau</p>"): Text '<p dir="ltr" style="text-align: left;">Trả lời câu hỏi sau</p>' is set on object 'Object Repository/Student answering question being overdue or on time/Page_Bin son Bi tp/div_Tr li cu hi sau'

2022-01-16 12:10:22 - [MESSAGE][PASSED] - Text '<p dir="ltr" style="text-align: left;">Trả lời câu hỏi sau</p>' is set on object 'Object Repository/Student answering question being overdue or on time/Page_Bin son Bi tp/div_Tr li cu hi sau'

2022-01-16 12:10:22 - [TEST_STEP][PASSED] - click(findTestObject("Object Repository/Student answering question being overdue or on time/Page_Bin son Bi tp/input_Vn bn trc tuyn_assignsubmission_onlin_3ee3b4")): Object: 'Object Repository/Student answering question being overdue or on time/Page_Bin son Bi tp/input_Vn bn trc tuyn_assignsubmission_onlin_3ee3b4' is clicked on

2022-01-16 12:10:23 - [MESSAGE][PASSED] - Object: 'Object Repository/Student answering question being overdue or on time/Page_Bin son Bi tp/input_Vn bn trc tuyn_assignsubmission_onlin_3ee3b4' is clicked on

2022-01-16 12:10:23 - [TEST_STEP][PASSED] - click(findTestObject("Object Repository/Student answering question being overdue or on time/Page_Bin son Bi tp/input_Upon activity completion_submitbutton")): Object: 'Object Repository/Student answering question being overdue or on time/Page_Bin son Bi tp/input_Upon activity completion_submitbutton' is clicked on

2022-01-16 12:10:24 - [MESSAGE][PASSED] - Object: 'Object Repository/Student answering question being overdue or on time/Page_Bin son Bi tp/input_Upon activity completion_submitbutton' is clicked on

2022-01-16 12:10:24 - [TEST_STEP][PASSED] - click(findTestObject("Object Repository/Student answering question being overdue or on time/Page_NM CNPM Tr li cu hi trc tip/a_Van A Nguyen")): Object: 'Object Repository/Student answering question being overdue or on time/Page_NM CNPM Tr li cu hi trc tip/a_Van A Nguyen' is clicked on

2022-01-16 12:10:25 - [MESSAGE][PASSED] - Object: 'Object Repository/Student answering question being overdue or on time/Page_NM CNPM Tr li cu hi trc tip/a_Van A Nguyen' is clicked on

2022-01-16 12:10:25 - [TEST_STEP][PASSED] - click(findTestObject("Object Repository/Student answering question being overdue or on time/Page_NM CNPM Tr li cu hi trc tip/a_Thot")): Object: 'Object Repository/Student answering question being overdue or on time/Page_NM CNPM Tr li cu hi trc tip/a_Thot' is clicked on

2022-01-16 12:10:27 - [MESSAGE][PASSED] - Object: 'Object Repository/Student answering question being overdue or on time/Page_NM CNPM Tr li cu hi trc tip/a_Thot' is clicked on

2022-01-16 12:10:27 - [TEST_STEP][PASSED] - click(findTestObject("Object Repository/Student answering question being overdue or on time/Page_Local Moodle/a_Log in")): Object: 'Object Repository/Student answering question being overdue or on time/Page_Local Moodle/a_Log in' is clicked on

2022-01-16 12:10:27 - [MESSAGE][PASSED] - Object: 'Object Repository/Student answering question being overdue or on time/Page_Local Moodle/a_Log in' is clicked on

2022-01-16 12:10:27 - [TEST_STEP][PASSED] - setText(findTestObject("Object Repository/Student answering question being overdue or on time/Page_Local Moodle Log in to the site/input_Username_username"), "hs01"): Text 'hs01' is set on object 'Object Repository/Student answering question being overdue or on time/Page_Local Moodle Log in to the site/input_Username_username'

2022-01-16 12:10:28 - [MESSAGE][PASSED] - Text 'hs01' is set on object 'Object Repository/Student answering question being overdue or on time/Page_Local Moodle Log in to the site/input_Username_username'

2022-01-16 12:10:28 - [TEST_STEP][PASSED] - setEncryptedText(findTestObject("Object Repository/Student answering question being overdue or on time/Page_Local Moodle Log in to the site/input_Password_password"), "RigbBhfdqOBGP4y92+oMSw=="): Text ****** has been set on object 'Object Repository/Student answering question being overdue or on time/Page_Local Moodle Log in to the site/input_Password_password'

2022-01-16 12:10:29 - [MESSAGE][PASSED] - Text ****** has been set on object 'Object Repository/Student answering question being overdue or on time/Page_Local Moodle Log in to the site/input_Password_password'

2022-01-16 12:10:29 - [TEST_STEP][PASSED] - click(findTestObject("Object Repository/Student answering question being overdue or on time/Page_Local Moodle Log in to the site/button_Log in")): Object: 'Object Repository/Student answering question being overdue or on time/Page_Local Moodle Log in to the site/button_Log in' is clicked on

2022-01-16 12:10:30 - [MESSAGE][PASSED] - Object: 'Object Repository/Student answering question being overdue or on time/Page_Local Moodle Log in to the site/button_Log in' is clicked on

2022-01-16 12:10:30 - [TEST_STEP][FAILED] - verifyElementClickable(findTestObject("Object Repository/Student answering question being overdue or on time/Page_Nh ca ti/span_Nhp mn cng ngh phn mm")): Unable to verify object 'Object Repository/Student answering question being overdue or on time/Page_Nh ca ti/span_Nhp mn cng ngh phn mm' to be clickable (Root cause: com.kms.katalon.core.exception.StepFailedException: Unable to verify object 'Object Repository/Student answering question being overdue or on time/Page_Nh ca ti/span_Nhp mn cng ngh phn mm' to be clickable
	at com.kms.katalon.core.webui.keyword.internal.WebUIKeywordMain.stepFailed(WebUIKeywordMain.groovy:64)
	at com.kms.katalon.core.webui.keyword.internal.WebUIKeywordMain.runKeyword(WebUIKeywordMain.groovy:26)
	at com.kms.katalon.core.webui.keyword.builtin.VerifyElementClickableKeyword.verifyElementClickable(VerifyElementClickableKeyword.groovy:96)
	at com.kms.katalon.core.webui.keyword.builtin.VerifyElementClickableKeyword.execute(VerifyElementClickableKeyword.groovy:67)
	at com.kms.katalon.core.keyword.internal.KeywordExecutor.executeKeywordForPlatform(KeywordExecutor.groovy:74)
	at com.kms.katalon.core.webui.keyword.WebUiBuiltInKeywords.verifyElementClickable(WebUiBuiltInKeywords.groovy:566)
	at com.kms.katalon.core.webui.keyword.WebUiBuiltInKeywords$verifyElementClickable$10.call(Unknown Source)
	at Answer text question on time.run(Answer text question on time:72)
	at com.kms.katalon.core.main.ScriptEngine.run(ScriptEngine.java:194)
	at com.kms.katalon.core.main.ScriptEngine.runScriptAsRawText(ScriptEngine.java:119)
	at com.kms.katalon.core.main.TestCaseExecutor.runScript(TestCaseExecutor.java:442)
	at com.kms.katalon.core.main.TestCaseExecutor.doExecute(TestCaseExecutor.java:433)
	at com.kms.katalon.core.main.TestCaseExecutor.processExecutionPhase(TestCaseExecutor.java:412)
	at com.kms.katalon.core.main.TestCaseExecutor.accessMainPhase(TestCaseExecutor.java:404)
	at com.kms.katalon.core.main.TestCaseExecutor.execute(TestCaseExecutor.java:281)
	at com.kms.katalon.core.main.TestCaseExecutor.execute(TestCaseExecutor.java:363)
	at com.kms.katalon.core.main.TestCaseExecutor.execute(TestCaseExecutor.java:363)
	at com.kms.katalon.core.main.TestCaseExecutor.execute(TestCaseExecutor.java:363)
	at com.kms.katalon.core.main.TestSuiteExecutor.accessTestCaseMainPhase(TestSuiteExecutor.java:202)
	at com.kms.katalon.core.main.TestSuiteExecutor.accessTestSuiteMainPhase(TestSuiteExecutor.java:164)
	at com.kms.katalon.core.main.TestSuiteExecutor.execute(TestSuiteExecutor.java:105)
	at com.kms.katalon.core.main.TestCaseMain.startTestSuite(TestCaseMain.java:181)
	at com.kms.katalon.core.main.TestCaseMain$startTestSuite$0.call(Unknown Source)
	at TempTestSuite1642298356151.run(TempTestSuite1642298356151.groovy:36)
Caused by: com.kms.katalon.core.exception.StepFailedException: Web element with id: 'Object Repository/Student answering question being overdue or on time/Page_Nh ca ti/span_Nhp mn cng ngh phn mm' located by '//div[@id='course-info-container-2-4']/div/div/a/span[3]' not found
	at com.kms.katalon.core.webui.keyword.internal.WebUIKeywordMain.stepFailed(WebUIKeywordMain.groovy:64)
	at com.kms.katalon.core.webui.keyword.builtin.VerifyElementClickableKeyword$_verifyElementClickable_closure1.doCall(VerifyElementClickableKeyword.groovy:88)
	at com.kms.katalon.core.webui.keyword.builtin.VerifyElementClickableKeyword$_verifyElementClickable_closure1.call(VerifyElementClickableKeyword.groovy)
	at com.kms.katalon.core.webui.keyword.internal.WebUIKeywordMain.runKeyword(WebUIKeywordMain.groovy:20)
	... 22 more
)

2022-01-16 12:10:37 - [MESSAGE][INFO] - Unable to find the element located by 'By.xpath: //div[@id='course-info-container-2-4']/div/div/a/span[3]'. Please recheck the objects properties to make sure the desired element is located. 

2022-01-16 12:10:37 - [MESSAGE][WARNING] - [SELF-HEALING] Failed to find element with id 'Object Repository/Student answering question being overdue or on time/Page_Nh ca ti/span_Nhp mn cng ngh phn mm'. Try using Self-healing.

2022-01-16 12:10:38 - [MESSAGE][INFO] - Unable to find the element located by 'By.xpath: //span[3]'. Please recheck the objects properties to make sure the desired element is located. 

2022-01-16 12:10:38 - [MESSAGE][INFO] - [SELF-HEALING] Failed Locator: '//div[@id='course-info-container-2-4']/div/div/a/span[3]'.

2022-01-16 12:10:38 - [MESSAGE][INFO] - [SELF-HEALING] Failed Locator: '(.//*[normalize-space(text()) and normalize-space(.)='Tên khóa học'])[1]/following::span[1]'.

2022-01-16 12:10:39 - [MESSAGE][INFO] - [SELF-HEALING] Failed Locator: '(.//*[normalize-space(text()) and normalize-space(.)='Khóa học được đánh dấu sao'])[1]/following::span[2]'.

2022-01-16 12:10:39 - [MESSAGE][INFO] - [SELF-HEALING] Failed Locator: '(.//*[normalize-space(text()) and normalize-space(.)='Bỏ qua Course overview'])[1]/preceding::span[2]'.

2022-01-16 12:10:39 - [MESSAGE][INFO] - [SELF-HEALING] Failed Locator: '(.//*[normalize-space(text()) and normalize-space(.)='Course overview'])[1]/preceding::span[2]'.

2022-01-16 12:10:40 - [MESSAGE][INFO] - [SELF-HEALING] Failed Locator: '//*/text()[normalize-space(.)='Nhập môn công nghệ phần mềm']/parent::*'.

2022-01-16 12:10:40 - [MESSAGE][INFO] - [SELF-HEALING] Failed Locator: '//span[3]'.

2022-01-16 12:10:41 - [MESSAGE][INFO] - Unable to find the element located by 'By.xpath: //*[(text() = 'Nhập môn công nghệ phần mềm' or . = 'Nhập môn công nghệ phần mềm')]'. Please recheck the objects properties to make sure the desired element is located. 

2022-01-16 12:10:42 - [MESSAGE][INFO] - Unable to find the element located by 'By.cssSelector: a.aalink.coursename.mr-2 > span.text-truncate'. Please recheck the objects properties to make sure the desired element is located. 

2022-01-16 12:10:42 - [MESSAGE][FAILED] - Web element with id: 'Object Repository/Student answering question being overdue or on time/Page_Nh ca ti/span_Nhp mn cng ngh phn mm' located by '//div[@id='course-info-container-2-4']/div/div/a/span[3]' not found (Root cause: com.kms.katalon.core.exception.StepFailedException: Web element with id: 'Object Repository/Student answering question being overdue or on time/Page_Nh ca ti/span_Nhp mn cng ngh phn mm' located by '//div[@id='course-info-container-2-4']/div/div/a/span[3]' not found
	at com.kms.katalon.core.webui.keyword.internal.WebUIKeywordMain.stepFailed(WebUIKeywordMain.groovy:64)
	at com.kms.katalon.core.webui.keyword.builtin.VerifyElementClickableKeyword$_verifyElementClickable_closure1.doCall(VerifyElementClickableKeyword.groovy:88)
	at com.kms.katalon.core.webui.keyword.builtin.VerifyElementClickableKeyword$_verifyElementClickable_closure1.call(VerifyElementClickableKeyword.groovy)
	at com.kms.katalon.core.webui.keyword.internal.WebUIKeywordMain.runKeyword(WebUIKeywordMain.groovy:20)
	at com.kms.katalon.core.webui.keyword.builtin.VerifyElementClickableKeyword.verifyElementClickable(VerifyElementClickableKeyword.groovy:96)
	at com.kms.katalon.core.webui.keyword.builtin.VerifyElementClickableKeyword.execute(VerifyElementClickableKeyword.groovy:67)
	at com.kms.katalon.core.keyword.internal.KeywordExecutor.executeKeywordForPlatform(KeywordExecutor.groovy:74)
	at com.kms.katalon.core.webui.keyword.WebUiBuiltInKeywords.verifyElementClickable(WebUiBuiltInKeywords.groovy:566)
	at com.kms.katalon.core.webui.keyword.WebUiBuiltInKeywords$verifyElementClickable$10.call(Unknown Source)
	at Answer text question on time.run(Answer text question on time:72)
	at com.kms.katalon.core.main.ScriptEngine.run(ScriptEngine.java:194)
	at com.kms.katalon.core.main.ScriptEngine.runScriptAsRawText(ScriptEngine.java:119)
	at com.kms.katalon.core.main.TestCaseExecutor.runScript(TestCaseExecutor.java:442)
	at com.kms.katalon.core.main.TestCaseExecutor.doExecute(TestCaseExecutor.java:433)
	at com.kms.katalon.core.main.TestCaseExecutor.processExecutionPhase(TestCaseExecutor.java:412)
	at com.kms.katalon.core.main.TestCaseExecutor.accessMainPhase(TestCaseExecutor.java:404)
	at com.kms.katalon.core.main.TestCaseExecutor.execute(TestCaseExecutor.java:281)
	at com.kms.katalon.core.main.TestCaseExecutor.execute(TestCaseExecutor.java:363)
	at com.kms.katalon.core.main.TestCaseExecutor.execute(TestCaseExecutor.java:363)
	at com.kms.katalon.core.main.TestCaseExecutor.execute(TestCaseExecutor.java:363)
	at com.kms.katalon.core.main.TestSuiteExecutor.accessTestCaseMainPhase(TestSuiteExecutor.java:202)
	at com.kms.katalon.core.main.TestSuiteExecutor.accessTestSuiteMainPhase(TestSuiteExecutor.java:164)
	at com.kms.katalon.core.main.TestSuiteExecutor.execute(TestSuiteExecutor.java:105)
	at com.kms.katalon.core.main.TestCaseMain.startTestSuite(TestCaseMain.java:181)
	at com.kms.katalon.core.main.TestCaseMain$startTestSuite$0.call(Unknown Source)
	at TempTestSuite1642298356151.run(TempTestSuite1642298356151.groovy:36)
)
[[ATTACHMENT|E:\\xampp\\htdocs\\moodle\\Test Automation - SE Bonus\\Reports\\20220116_085916\\Run All Test Cases\\20220116_085916\\1642309842791.png]]

2022-01-16 12:10:44 - [MESSAGE][FAILED] - Unable to verify object 'Object Repository/Student answering question being overdue or on time/Page_Nh ca ti/span_Nhp mn cng ngh phn mm' to be clickable (Root cause: com.kms.katalon.core.exception.StepFailedException: Unable to verify object 'Object Repository/Student answering question being overdue or on time/Page_Nh ca ti/span_Nhp mn cng ngh phn mm' to be clickable
	at com.kms.katalon.core.webui.keyword.internal.WebUIKeywordMain.stepFailed(WebUIKeywordMain.groovy:64)
	at com.kms.katalon.core.webui.keyword.internal.WebUIKeywordMain.runKeyword(WebUIKeywordMain.groovy:26)
	at com.kms.katalon.core.webui.keyword.builtin.VerifyElementClickableKeyword.verifyElementClickable(VerifyElementClickableKeyword.groovy:96)
	at com.kms.katalon.core.webui.keyword.builtin.VerifyElementClickableKeyword.execute(VerifyElementClickableKeyword.groovy:67)
	at com.kms.katalon.core.keyword.internal.KeywordExecutor.executeKeywordForPlatform(KeywordExecutor.groovy:74)
	at com.kms.katalon.core.webui.keyword.WebUiBuiltInKeywords.verifyElementClickable(WebUiBuiltInKeywords.groovy:566)
	at com.kms.katalon.core.webui.keyword.WebUiBuiltInKeywords$verifyElementClickable$10.call(Unknown Source)
	at Answer text question on time.run(Answer text question on time:72)
	at com.kms.katalon.core.main.ScriptEngine.run(ScriptEngine.java:194)
	at com.kms.katalon.core.main.ScriptEngine.runScriptAsRawText(ScriptEngine.java:119)
	at com.kms.katalon.core.main.TestCaseExecutor.runScript(TestCaseExecutor.java:442)
	at com.kms.katalon.core.main.TestCaseExecutor.doExecute(TestCaseExecutor.java:433)
	at com.kms.katalon.core.main.TestCaseExecutor.processExecutionPhase(TestCaseExecutor.java:412)
	at com.kms.katalon.core.main.TestCaseExecutor.accessMainPhase(TestCaseExecutor.java:404)
	at com.kms.katalon.core.main.TestCaseExecutor.execute(TestCaseExecutor.java:281)
	at com.kms.katalon.core.main.TestCaseExecutor.execute(TestCaseExecutor.java:363)
	at com.kms.katalon.core.main.TestCaseExecutor.execute(TestCaseExecutor.java:363)
	at com.kms.katalon.core.main.TestCaseExecutor.execute(TestCaseExecutor.java:363)
	at com.kms.katalon.core.main.TestSuiteExecutor.accessTestCaseMainPhase(TestSuiteExecutor.java:202)
	at com.kms.katalon.core.main.TestSuiteExecutor.accessTestSuiteMainPhase(TestSuiteExecutor.java:164)
	at com.kms.katalon.core.main.TestSuiteExecutor.execute(TestSuiteExecutor.java:105)
	at com.kms.katalon.core.main.TestCaseMain.startTestSuite(TestCaseMain.java:181)
	at com.kms.katalon.core.main.TestCaseMain$startTestSuite$0.call(Unknown Source)
	at TempTestSuite1642298356151.run(TempTestSuite1642298356151.groovy:36)
Caused by: com.kms.katalon.core.exception.StepFailedException: Web element with id: 'Object Repository/Student answering question being overdue or on time/Page_Nh ca ti/span_Nhp mn cng ngh phn mm' located by '//div[@id='course-info-container-2-4']/div/div/a/span[3]' not found
	at com.kms.katalon.core.webui.keyword.internal.WebUIKeywordMain.stepFailed(WebUIKeywordMain.groovy:64)
	at com.kms.katalon.core.webui.keyword.builtin.VerifyElementClickableKeyword$_verifyElementClickable_closure1.doCall(VerifyElementClickableKeyword.groovy:88)
	at com.kms.katalon.core.webui.keyword.builtin.VerifyElementClickableKeyword$_verifyElementClickable_closure1.call(VerifyElementClickableKeyword.groovy)
	at com.kms.katalon.core.webui.keyword.internal.WebUIKeywordMain.runKeyword(WebUIKeywordMain.groovy:20)
	... 22 more
)
[[ATTACHMENT|E:\\xampp\\htdocs\\moodle\\Test Automation - SE Bonus\\Reports\\20220116_085916\\Run All Test Cases\\20220116_085916\\1642309842898.png]]]]></system-out>
         <system-err><![CDATA[2022-01-16 12:09:12 - [TEST_CASE][FAILED] - Test Cases/Students answering question being overdue or on time/Answer text question on time: Test Cases/Students answering question being overdue or on time/Answer text question on time FAILED.
Reason:
com.kms.katalon.core.exception.StepFailedException: Unable to verify object 'Object Repository/Student answering question being overdue or on time/Page_Nh ca ti/span_Nhp mn cng ngh phn mm' to be clickable
	at com.kms.katalon.core.webui.keyword.internal.WebUIKeywordMain.stepFailed(WebUIKeywordMain.groovy:64)
	at com.kms.katalon.core.webui.keyword.internal.WebUIKeywordMain.runKeyword(WebUIKeywordMain.groovy:26)
	at com.kms.katalon.core.webui.keyword.builtin.VerifyElementClickableKeyword.verifyElementClickable(VerifyElementClickableKeyword.groovy:96)
	at com.kms.katalon.core.webui.keyword.builtin.VerifyElementClickableKeyword.execute(VerifyElementClickableKeyword.groovy:67)
	at com.kms.katalon.core.keyword.internal.KeywordExecutor.executeKeywordForPlatform(KeywordExecutor.groovy:74)
	at com.kms.katalon.core.webui.keyword.WebUiBuiltInKeywords.verifyElementClickable(WebUiBuiltInKeywords.groovy:566)
	at com.kms.katalon.core.webui.keyword.WebUiBuiltInKeywords$verifyElementClickable$10.call(Unknown Source)
	at Answer text question on time.run(Answer text question on time:72)
	at com.kms.katalon.core.main.ScriptEngine.run(ScriptEngine.java:194)
	at com.kms.katalon.core.main.ScriptEngine.runScriptAsRawText(ScriptEngine.java:119)
	at com.kms.katalon.core.main.TestCaseExecutor.runScript(TestCaseExecutor.java:442)
	at com.kms.katalon.core.main.TestCaseExecutor.doExecute(TestCaseExecutor.java:433)
	at com.kms.katalon.core.main.TestCaseExecutor.processExecutionPhase(TestCaseExecutor.java:412)
	at com.kms.katalon.core.main.TestCaseExecutor.accessMainPhase(TestCaseExecutor.java:404)
	at com.kms.katalon.core.main.TestCaseExecutor.execute(TestCaseExecutor.java:281)
	at com.kms.katalon.core.main.TestCaseExecutor.execute(TestCaseExecutor.java:363)
	at com.kms.katalon.core.main.TestCaseExecutor.execute(TestCaseExecutor.java:363)
	at com.kms.katalon.core.main.TestCaseExecutor.execute(TestCaseExecutor.java:363)
	at com.kms.katalon.core.main.TestSuiteExecutor.accessTestCaseMainPhase(TestSuiteExecutor.java:202)
	at com.kms.katalon.core.main.TestSuiteExecutor.accessTestSuiteMainPhase(TestSuiteExecutor.java:164)
	at com.kms.katalon.core.main.TestSuiteExecutor.execute(TestSuiteExecutor.java:105)
	at com.kms.katalon.core.main.TestCaseMain.startTestSuite(TestCaseMain.java:181)
	at com.kms.katalon.core.main.TestCaseMain$startTestSuite$0.call(Unknown Source)
	at TempTestSuite1642298356151.run(TempTestSuite1642298356151.groovy:36)
Caused by: com.kms.katalon.core.exception.StepFailedException: Web element with id: 'Object Repository/Student answering question being overdue or on time/Page_Nh ca ti/span_Nhp mn cng ngh phn mm' located by '//div[@id='course-info-container-2-4']/div/div/a/span[3]' not found
	at com.kms.katalon.core.webui.keyword.internal.WebUIKeywordMain.stepFailed(WebUIKeywordMain.groovy:64)
	at com.kms.katalon.core.webui.keyword.builtin.VerifyElementClickableKeyword$_verifyElementClickable_closure1.doCall(VerifyElementClickableKeyword.groovy:88)
	at com.kms.katalon.core.webui.keyword.builtin.VerifyElementClickableKeyword$_verifyElementClickable_closure1.call(VerifyElementClickableKeyword.groovy)
	at com.kms.katalon.core.webui.keyword.internal.WebUIKeywordMain.runKeyword(WebUIKeywordMain.groovy:20)
	... 22 more]]></system-err>
      </testcase>
      <testcase name="Test Cases/Students answering question being overdue or on time/Answer text question overdue" time="103.129" classname="Test Cases/Students answering question being overdue or on time/Answer text question overdue" status="FAILED">
         <failure type="FAILED" message="Test Cases/Students answering question being overdue or on time/Answer text question overdue FAILED.
Reason:
com.kms.katalon.core.exception.StepFailedException: Unable to click on object 'Object Repository/Page_Kha Software Engineering/span_Thm hot ng hoc ti nguyn (7) (1)'
	at com.kms.katalon.core.webui.keyword.internal.WebUIKeywordMain.stepFailed(WebUIKeywordMain.groovy:64)
	at com.kms.katalon.core.webui.keyword.internal.WebUIKeywordMain.runKeyword(WebUIKeywordMain.groovy:26)
	at com.kms.katalon.core.webui.keyword.builtin.ClickKeyword.click(ClickKeyword.groovy:74)
	at com.kms.katalon.core.webui.keyword.builtin.ClickKeyword.execute(ClickKeyword.groovy:40)
	at com.kms.katalon.core.keyword.internal.KeywordExecutor.executeKeywordForPlatform(KeywordExecutor.groovy:74)
	at com.kms.katalon.core.webui.keyword.WebUiBuiltInKeywords.click(WebUiBuiltInKeywords.groovy:620)
	at com.kms.katalon.core.webui.keyword.WebUiBuiltInKeywords$click$1.call(Unknown Source)
	at Answer text question overdue.run(Answer text question overdue:40)
	at com.kms.katalon.core.main.ScriptEngine.run(ScriptEngine.java:194)
	at com.kms.katalon.core.main.ScriptEngine.runScriptAsRawText(ScriptEngine.java:119)
	at com.kms.katalon.core.main.TestCaseExecutor.runScript(TestCaseExecutor.java:442)
	at com.kms.katalon.core.main.TestCaseExecutor.doExecute(TestCaseExecutor.java:433)
	at com.kms.katalon.core.main.TestCaseExecutor.processExecutionPhase(TestCaseExecutor.java:412)
	at com.kms.katalon.core.main.TestCaseExecutor.accessMainPhase(TestCaseExecutor.java:404)
	at com.kms.katalon.core.main.TestCaseExecutor.execute(TestCaseExecutor.java:281)
	at com.kms.katalon.core.main.TestCaseExecutor.execute(TestCaseExecutor.java:363)
	at com.kms.katalon.core.main.TestCaseExecutor.execute(TestCaseExecutor.java:363)
	at com.kms.katalon.core.main.TestCaseExecutor.execute(TestCaseExecutor.java:363)
	at com.kms.katalon.core.main.TestSuiteExecutor.accessTestCaseMainPhase(TestSuiteExecutor.java:202)
	at com.kms.katalon.core.main.TestSuiteExecutor.accessTestSuiteMainPhase(TestSuiteExecutor.java:164)
	at com.kms.katalon.core.main.TestSuiteExecutor.execute(TestSuiteExecutor.java:105)
	at com.kms.katalon.core.main.TestCaseMain.startTestSuite(TestCaseMain.java:181)
	at com.kms.katalon.core.main.TestCaseMain$startTestSuite$0.call(Unknown Source)
	at TempTestSuite1642298356151.run(TempTestSuite1642298356151.groovy:36)
Caused by: com.kms.katalon.core.webui.exception.WebElementNotFoundException: Web element with id: 'Object Repository/Page_Kha Software Engineering/span_Thm hot ng hoc ti nguyn (7) (1)' located by '//span[@id='yui_3_17_2_1_1642087881011_619']' not found
	at com.kms.katalon.core.webui.common.WebUiCommonHelper.findWebElement(WebUiCommonHelper.java:1368)
	at com.kms.katalon.core.webui.keyword.internal.WebUIAbstractKeyword.findWebElement(WebUIAbstractKeyword.groovy:27)
	at com.kms.katalon.core.webui.keyword.builtin.ClickKeyword$_click_closure1.doCall(ClickKeyword.groovy:65)
	at com.kms.katalon.core.webui.keyword.builtin.ClickKeyword$_click_closure1.call(ClickKeyword.groovy)
	at com.kms.katalon.core.webui.keyword.internal.WebUIKeywordMain.runKeyword(WebUIKeywordMain.groovy:20)
	... 22 more
"/>
         <system-out><![CDATA[2022-01-16 12:14:17 - [TEST_CASE][FAILED] - Test Cases/Students answering question being overdue or on time/Answer text question overdue: Test Cases/Students answering question being overdue or on time/Answer text question overdue FAILED.
Reason:
com.kms.katalon.core.exception.StepFailedException: Unable to click on object 'Object Repository/Page_Kha Software Engineering/span_Thm hot ng hoc ti nguyn (7) (1)'
	at com.kms.katalon.core.webui.keyword.internal.WebUIKeywordMain.stepFailed(WebUIKeywordMain.groovy:64)
	at com.kms.katalon.core.webui.keyword.internal.WebUIKeywordMain.runKeyword(WebUIKeywordMain.groovy:26)
	at com.kms.katalon.core.webui.keyword.builtin.ClickKeyword.click(ClickKeyword.groovy:74)
	at com.kms.katalon.core.webui.keyword.builtin.ClickKeyword.execute(ClickKeyword.groovy:40)
	at com.kms.katalon.core.keyword.internal.KeywordExecutor.executeKeywordForPlatform(KeywordExecutor.groovy:74)
	at com.kms.katalon.core.webui.keyword.WebUiBuiltInKeywords.click(WebUiBuiltInKeywords.groovy:620)
	at com.kms.katalon.core.webui.keyword.WebUiBuiltInKeywords$click$1.call(Unknown Source)
	at Answer text question overdue.run(Answer text question overdue:40)
	at com.kms.katalon.core.main.ScriptEngine.run(ScriptEngine.java:194)
	at com.kms.katalon.core.main.ScriptEngine.runScriptAsRawText(ScriptEngine.java:119)
	at com.kms.katalon.core.main.TestCaseExecutor.runScript(TestCaseExecutor.java:442)
	at com.kms.katalon.core.main.TestCaseExecutor.doExecute(TestCaseExecutor.java:433)
	at com.kms.katalon.core.main.TestCaseExecutor.processExecutionPhase(TestCaseExecutor.java:412)
	at com.kms.katalon.core.main.TestCaseExecutor.accessMainPhase(TestCaseExecutor.java:404)
	at com.kms.katalon.core.main.TestCaseExecutor.execute(TestCaseExecutor.java:281)
	at com.kms.katalon.core.main.TestCaseExecutor.execute(TestCaseExecutor.java:363)
	at com.kms.katalon.core.main.TestCaseExecutor.execute(TestCaseExecutor.java:363)
	at com.kms.katalon.core.main.TestCaseExecutor.execute(TestCaseExecutor.java:363)
	at com.kms.katalon.core.main.TestSuiteExecutor.accessTestCaseMainPhase(TestSuiteExecutor.java:202)
	at com.kms.katalon.core.main.TestSuiteExecutor.accessTestSuiteMainPhase(TestSuiteExecutor.java:164)
	at com.kms.katalon.core.main.TestSuiteExecutor.execute(TestSuiteExecutor.java:105)
	at com.kms.katalon.core.main.TestCaseMain.startTestSuite(TestCaseMain.java:181)
	at com.kms.katalon.core.main.TestCaseMain$startTestSuite$0.call(Unknown Source)
	at TempTestSuite1642298356151.run(TempTestSuite1642298356151.groovy:36)
Caused by: com.kms.katalon.core.webui.exception.WebElementNotFoundException: Web element with id: 'Object Repository/Page_Kha Software Engineering/span_Thm hot ng hoc ti nguyn (7) (1)' located by '//span[@id='yui_3_17_2_1_1642087881011_619']' not found
	at com.kms.katalon.core.webui.common.WebUiCommonHelper.findWebElement(WebUiCommonHelper.java:1368)
	at com.kms.katalon.core.webui.keyword.internal.WebUIAbstractKeyword.findWebElement(WebUIAbstractKeyword.groovy:27)
	at com.kms.katalon.core.webui.keyword.builtin.ClickKeyword$_click_closure1.doCall(ClickKeyword.groovy:65)
	at com.kms.katalon.core.webui.keyword.builtin.ClickKeyword$_click_closure1.call(ClickKeyword.groovy)
	at com.kms.katalon.core.webui.keyword.internal.WebUIKeywordMain.runKeyword(WebUIKeywordMain.groovy:20)
	... 22 more


2022-01-16 12:14:17 - [TEST_STEP][PASSED] - openBrowser(""): Browser is opened with url: ''

2022-01-16 12:14:17 - [MESSAGE][WARNING] - A browser is already opened. Closing browser and opening a new one

2022-01-16 12:14:19 - [MESSAGE][INFO] - Starting 'Edge Chromium' driver

2022-01-16 12:14:19 - [MESSAGE][INFO] - Action delay is set to 0 milliseconds

2022-01-16 12:14:21 - [MESSAGE][PASSED] - Browser is opened with url: ''

2022-01-16 12:14:21 - [TEST_STEP][PASSED] - navigateToUrl("http://localhost/"): Navigate to 'http://localhost/' successfully

2022-01-16 12:14:30 - [MESSAGE][PASSED] - Navigate to 'http://localhost/' successfully

2022-01-16 12:14:30 - [TEST_STEP][PASSED] - click(findTestObject("Object Repository/Page_Local Moodle/a_Log in (24) (1)")): Object: 'Object Repository/Page_Local Moodle/a_Log in (24) (1)' is clicked on

2022-01-16 12:14:31 - [MESSAGE][PASSED] - Object: 'Object Repository/Page_Local Moodle/a_Log in (24) (1)' is clicked on

2022-01-16 12:14:31 - [TEST_STEP][PASSED] - setText(findTestObject("Object Repository/Page_Local Moodle Log in to the site/input_Username_username (24) (1)"), "robertle"): Text 'robertle' is set on object 'Object Repository/Page_Local Moodle Log in to the site/input_Username_username (24) (1)'

2022-01-16 12:14:33 - [MESSAGE][PASSED] - Text 'robertle' is set on object 'Object Repository/Page_Local Moodle Log in to the site/input_Username_username (24) (1)'

2022-01-16 12:14:33 - [TEST_STEP][PASSED] - setEncryptedText(findTestObject("Object Repository/Page_Local Moodle Log in to the site/input_Password_password (24) (1)"), "e0iuw4o+VG38P/PfCbIZUw=="): Text ****** has been set on object 'Object Repository/Page_Local Moodle Log in to the site/input_Password_password (24) (1)'

2022-01-16 12:14:33 - [MESSAGE][PASSED] - Text ****** has been set on object 'Object Repository/Page_Local Moodle Log in to the site/input_Password_password (24) (1)'

2022-01-16 12:14:33 - [TEST_STEP][PASSED] - click(findTestObject("Object Repository/Page_Local Moodle Log in to the site/button_Log in (24) (1)")): Object: 'Object Repository/Page_Local Moodle Log in to the site/button_Log in (24) (1)' is clicked on

2022-01-16 12:14:42 - [MESSAGE][PASSED] - Object: 'Object Repository/Page_Local Moodle Log in to the site/button_Log in (24) (1)' is clicked on

2022-01-16 12:14:42 - [TEST_STEP][PASSED] - click(findTestObject("Object Repository/Page_Nh ca ti/span_Trang ch h thng (3) (1)")): Object: 'Object Repository/Page_Nh ca ti/span_Trang ch h thng (3) (1)' is clicked on

2022-01-16 12:14:59 - [MESSAGE][PASSED] - Object: 'Object Repository/Page_Nh ca ti/span_Trang ch h thng (3) (1)' is clicked on

2022-01-16 12:14:59 - [TEST_STEP][PASSED] - click(findTestObject("Page_Local Moodle/a_Software Engineering")): Object: 'Object Repository/Page_Local Moodle/a_Software Engineering' is clicked on

2022-01-16 12:15:11 - [MESSAGE][PASSED] - Object: 'Object Repository/Page_Local Moodle/a_Software Engineering' is clicked on

2022-01-16 12:15:11 - [TEST_STEP][PASSED] - click(findTestObject("Object Repository/Page_Kha Software Engineering/button_Bt ch  chnh sa (13) (1)")): Object: 'Object Repository/Page_Kha Software Engineering/button_Bt ch  chnh sa (13) (1)' is clicked on

2022-01-16 12:15:17 - [MESSAGE][INFO] - Unable to find the element located by 'By.xpath: //button[@id='single_button61e045c6a5d771']'. Please recheck the objects properties to make sure the desired element is located. 

2022-01-16 12:15:17 - [MESSAGE][WARNING] - [SELF-HEALING] Failed to find element with id 'Object Repository/Page_Kha Software Engineering/button_Bt ch  chnh sa (13) (1)'. Try using Self-healing.

2022-01-16 12:15:18 - [MESSAGE][INFO] - Unable to find the element located by 'By.xpath: //header[@id='page-header']/div/div/div/div[2]/div[2]/div/form/button'. Please recheck the objects properties to make sure the desired element is located. 

2022-01-16 12:15:18 - [MESSAGE][WARNING] - [SELF-HEALING] The current locator of test object 'Object Repository/Page_Kha Software Engineering/button_Bt ch  chnh sa (13) (1)' was broken. Propose an alternative one: '//form/button'.

2022-01-16 12:15:26 - [MESSAGE][PASSED] - Object: 'Object Repository/Page_Kha Software Engineering/button_Bt ch  chnh sa (13) (1)' is clicked on

2022-01-16 12:15:26 - [TEST_STEP][FAILED] - click(findTestObject("Object Repository/Page_Kha Software Engineering/span_Thm hot ng hoc ti nguyn (7) (1)")): Unable to click on object 'Object Repository/Page_Kha Software Engineering/span_Thm hot ng hoc ti nguyn (7) (1)' (Root cause: com.kms.katalon.core.exception.StepFailedException: Unable to click on object 'Object Repository/Page_Kha Software Engineering/span_Thm hot ng hoc ti nguyn (7) (1)'
	at com.kms.katalon.core.webui.keyword.internal.WebUIKeywordMain.stepFailed(WebUIKeywordMain.groovy:64)
	at com.kms.katalon.core.webui.keyword.internal.WebUIKeywordMain.runKeyword(WebUIKeywordMain.groovy:26)
	at com.kms.katalon.core.webui.keyword.builtin.ClickKeyword.click(ClickKeyword.groovy:74)
	at com.kms.katalon.core.webui.keyword.builtin.ClickKeyword.execute(ClickKeyword.groovy:40)
	at com.kms.katalon.core.keyword.internal.KeywordExecutor.executeKeywordForPlatform(KeywordExecutor.groovy:74)
	at com.kms.katalon.core.webui.keyword.WebUiBuiltInKeywords.click(WebUiBuiltInKeywords.groovy:620)
	at com.kms.katalon.core.webui.keyword.WebUiBuiltInKeywords$click$1.call(Unknown Source)
	at Answer text question overdue.run(Answer text question overdue:40)
	at com.kms.katalon.core.main.ScriptEngine.run(ScriptEngine.java:194)
	at com.kms.katalon.core.main.ScriptEngine.runScriptAsRawText(ScriptEngine.java:119)
	at com.kms.katalon.core.main.TestCaseExecutor.runScript(TestCaseExecutor.java:442)
	at com.kms.katalon.core.main.TestCaseExecutor.doExecute(TestCaseExecutor.java:433)
	at com.kms.katalon.core.main.TestCaseExecutor.processExecutionPhase(TestCaseExecutor.java:412)
	at com.kms.katalon.core.main.TestCaseExecutor.accessMainPhase(TestCaseExecutor.java:404)
	at com.kms.katalon.core.main.TestCaseExecutor.execute(TestCaseExecutor.java:281)
	at com.kms.katalon.core.main.TestCaseExecutor.execute(TestCaseExecutor.java:363)
	at com.kms.katalon.core.main.TestCaseExecutor.execute(TestCaseExecutor.java:363)
	at com.kms.katalon.core.main.TestCaseExecutor.execute(TestCaseExecutor.java:363)
	at com.kms.katalon.core.main.TestSuiteExecutor.accessTestCaseMainPhase(TestSuiteExecutor.java:202)
	at com.kms.katalon.core.main.TestSuiteExecutor.accessTestSuiteMainPhase(TestSuiteExecutor.java:164)
	at com.kms.katalon.core.main.TestSuiteExecutor.execute(TestSuiteExecutor.java:105)
	at com.kms.katalon.core.main.TestCaseMain.startTestSuite(TestCaseMain.java:181)
	at com.kms.katalon.core.main.TestCaseMain$startTestSuite$0.call(Unknown Source)
	at TempTestSuite1642298356151.run(TempTestSuite1642298356151.groovy:36)
Caused by: com.kms.katalon.core.webui.exception.WebElementNotFoundException: Web element with id: 'Object Repository/Page_Kha Software Engineering/span_Thm hot ng hoc ti nguyn (7) (1)' located by '//span[@id='yui_3_17_2_1_1642087881011_619']' not found
	at com.kms.katalon.core.webui.common.WebUiCommonHelper.findWebElement(WebUiCommonHelper.java:1368)
	at com.kms.katalon.core.webui.keyword.internal.WebUIAbstractKeyword.findWebElement(WebUIAbstractKeyword.groovy:27)
	at com.kms.katalon.core.webui.keyword.builtin.ClickKeyword$_click_closure1.doCall(ClickKeyword.groovy:65)
	at com.kms.katalon.core.webui.keyword.builtin.ClickKeyword$_click_closure1.call(ClickKeyword.groovy)
	at com.kms.katalon.core.webui.keyword.internal.WebUIKeywordMain.runKeyword(WebUIKeywordMain.groovy:20)
	at com.kms.katalon.core.webui.keyword.builtin.ClickKeyword.click(ClickKeyword.groovy:74)
	at com.kms.katalon.core.webui.keyword.builtin.ClickKeyword.execute(ClickKeyword.groovy:40)
	at com.kms.katalon.core.keyword.internal.KeywordExecutor.executeKeywordForPlatform(KeywordExecutor.groovy:74)
	at com.kms.katalon.core.webui.keyword.WebUiBuiltInKeywords.click(WebUiBuiltInKeywords.groovy:620)
	at com.kms.katalon.core.webui.keyword.WebUiBuiltInKeywords$click$1.call(Unknown Source)
	at Script1642087808835.run(Script1642087808835.groovy:40)
	... 16 more
)

2022-01-16 12:15:33 - [MESSAGE][INFO] - Unable to find the element located by 'By.xpath: //span[@id='yui_3_17_2_1_1642087881011_619']'. Please recheck the objects properties to make sure the desired element is located. 

2022-01-16 12:15:33 - [MESSAGE][WARNING] - [SELF-HEALING] Failed to find element with id 'Object Repository/Page_Kha Software Engineering/span_Thm hot ng hoc ti nguyn (7) (1)'. Try using Self-healing.

2022-01-16 12:15:34 - [MESSAGE][INFO] - Unable to find the element located by 'By.xpath: (.//*[normalize-space(text()) and normalize-space(.)='Thêm tập tin ở đây'])[2]/following::span[1]'. Please recheck the objects properties to make sure the desired element is located. 

2022-01-16 12:15:34 - [MESSAGE][INFO] - [SELF-HEALING] Failed Locator: '//span[@id='yui_3_17_2_1_1642087881011_619']'.

2022-01-16 12:15:34 - [MESSAGE][INFO] - [SELF-HEALING] Failed Locator: '//button[@id='yui_3_17_2_1_1642087881011_620']/span'.

2022-01-16 12:15:35 - [MESSAGE][INFO] - [SELF-HEALING] Failed Locator: '(.//*[normalize-space(text()) and normalize-space(.)='Thêm tập tin ở đây'])[2]/following::span[1]'.

2022-01-16 12:15:35 - [MESSAGE][INFO] - [SELF-HEALING] Failed Locator: '(.//*[normalize-space(text()) and normalize-space(.)='Chủ đề 1'])[2]/following::span[3]'.

2022-01-16 12:15:35 - [MESSAGE][INFO] - [SELF-HEALING] Failed Locator: '(.//*[normalize-space(text()) and normalize-space(.)='Sửa chủ đề'])[2]/preceding::span[2]'.

2022-01-16 12:15:36 - [MESSAGE][INFO] - [SELF-HEALING] Failed Locator: '(.//*[normalize-space(text()) and normalize-space(.)='Nổi bật'])[2]/preceding::span[3]'.

2022-01-16 12:15:36 - [MESSAGE][INFO] - [SELF-HEALING] Failed Locator: '//li[2]/div[3]/div[3]/div/button/span'.

2022-01-16 12:15:37 - [MESSAGE][INFO] - Unable to find the element located by 'By.xpath: //*[@id = 'yui_3_17_2_1_1642087881011_619' and (text() = 'Thêm hoạt động hoặc tài nguyên' or . = 'Thêm hoạt động hoặc tài nguyên')]'. Please recheck the objects properties to make sure the desired element is located. 

2022-01-16 12:15:38 - [MESSAGE][INFO] - Unable to find the element located by 'By.cssSelector: #yui_3_17_2_1_1642087881011_619'. Please recheck the objects properties to make sure the desired element is located. 

2022-01-16 12:16:01 - [MESSAGE][FAILED] - Unable to click on object 'Object Repository/Page_Kha Software Engineering/span_Thm hot ng hoc ti nguyn (7) (1)' (Root cause: com.kms.katalon.core.exception.StepFailedException: Unable to click on object 'Object Repository/Page_Kha Software Engineering/span_Thm hot ng hoc ti nguyn (7) (1)'
	at com.kms.katalon.core.webui.keyword.internal.WebUIKeywordMain.stepFailed(WebUIKeywordMain.groovy:64)
	at com.kms.katalon.core.webui.keyword.internal.WebUIKeywordMain.runKeyword(WebUIKeywordMain.groovy:26)
	at com.kms.katalon.core.webui.keyword.builtin.ClickKeyword.click(ClickKeyword.groovy:74)
	at com.kms.katalon.core.webui.keyword.builtin.ClickKeyword.execute(ClickKeyword.groovy:40)
	at com.kms.katalon.core.keyword.internal.KeywordExecutor.executeKeywordForPlatform(KeywordExecutor.groovy:74)
	at com.kms.katalon.core.webui.keyword.WebUiBuiltInKeywords.click(WebUiBuiltInKeywords.groovy:620)
	at com.kms.katalon.core.webui.keyword.WebUiBuiltInKeywords$click$1.call(Unknown Source)
	at Answer text question overdue.run(Answer text question overdue:40)
	at com.kms.katalon.core.main.ScriptEngine.run(ScriptEngine.java:194)
	at com.kms.katalon.core.main.ScriptEngine.runScriptAsRawText(ScriptEngine.java:119)
	at com.kms.katalon.core.main.TestCaseExecutor.runScript(TestCaseExecutor.java:442)
	at com.kms.katalon.core.main.TestCaseExecutor.doExecute(TestCaseExecutor.java:433)
	at com.kms.katalon.core.main.TestCaseExecutor.processExecutionPhase(TestCaseExecutor.java:412)
	at com.kms.katalon.core.main.TestCaseExecutor.accessMainPhase(TestCaseExecutor.java:404)
	at com.kms.katalon.core.main.TestCaseExecutor.execute(TestCaseExecutor.java:281)
	at com.kms.katalon.core.main.TestCaseExecutor.execute(TestCaseExecutor.java:363)
	at com.kms.katalon.core.main.TestCaseExecutor.execute(TestCaseExecutor.java:363)
	at com.kms.katalon.core.main.TestCaseExecutor.execute(TestCaseExecutor.java:363)
	at com.kms.katalon.core.main.TestSuiteExecutor.accessTestCaseMainPhase(TestSuiteExecutor.java:202)
	at com.kms.katalon.core.main.TestSuiteExecutor.accessTestSuiteMainPhase(TestSuiteExecutor.java:164)
	at com.kms.katalon.core.main.TestSuiteExecutor.execute(TestSuiteExecutor.java:105)
	at com.kms.katalon.core.main.TestCaseMain.startTestSuite(TestCaseMain.java:181)
	at com.kms.katalon.core.main.TestCaseMain$startTestSuite$0.call(Unknown Source)
	at TempTestSuite1642298356151.run(TempTestSuite1642298356151.groovy:36)
Caused by: com.kms.katalon.core.webui.exception.WebElementNotFoundException: Web element with id: 'Object Repository/Page_Kha Software Engineering/span_Thm hot ng hoc ti nguyn (7) (1)' located by '//span[@id='yui_3_17_2_1_1642087881011_619']' not found
	at com.kms.katalon.core.webui.common.WebUiCommonHelper.findWebElement(WebUiCommonHelper.java:1368)
	at com.kms.katalon.core.webui.keyword.internal.WebUIAbstractKeyword.findWebElement(WebUIAbstractKeyword.groovy:27)
	at com.kms.katalon.core.webui.keyword.builtin.ClickKeyword$_click_closure1.doCall(ClickKeyword.groovy:65)
	at com.kms.katalon.core.webui.keyword.builtin.ClickKeyword$_click_closure1.call(ClickKeyword.groovy)
	at com.kms.katalon.core.webui.keyword.internal.WebUIKeywordMain.runKeyword(WebUIKeywordMain.groovy:20)
	at com.kms.katalon.core.webui.keyword.builtin.ClickKeyword.click(ClickKeyword.groovy:74)
	at com.kms.katalon.core.webui.keyword.builtin.ClickKeyword.execute(ClickKeyword.groovy:40)
	at com.kms.katalon.core.keyword.internal.KeywordExecutor.executeKeywordForPlatform(KeywordExecutor.groovy:74)
	at com.kms.katalon.core.webui.keyword.WebUiBuiltInKeywords.click(WebUiBuiltInKeywords.groovy:620)
	at com.kms.katalon.core.webui.keyword.WebUiBuiltInKeywords$click$1.call(Unknown Source)
	at Script1642087808835.run(Script1642087808835.groovy:40)
	... 16 more
)
[[ATTACHMENT|E:\\xampp\\htdocs\\moodle\\Test Automation - SE Bonus\\Reports\\20220116_085916\\Run All Test Cases\\20220116_085916\\1642310138635.png]]]]></system-out>
         <system-err><![CDATA[2022-01-16 12:14:17 - [TEST_CASE][FAILED] - Test Cases/Students answering question being overdue or on time/Answer text question overdue: Test Cases/Students answering question being overdue or on time/Answer text question overdue FAILED.
Reason:
com.kms.katalon.core.exception.StepFailedException: Unable to click on object 'Object Repository/Page_Kha Software Engineering/span_Thm hot ng hoc ti nguyn (7) (1)'
	at com.kms.katalon.core.webui.keyword.internal.WebUIKeywordMain.stepFailed(WebUIKeywordMain.groovy:64)
	at com.kms.katalon.core.webui.keyword.internal.WebUIKeywordMain.runKeyword(WebUIKeywordMain.groovy:26)
	at com.kms.katalon.core.webui.keyword.builtin.ClickKeyword.click(ClickKeyword.groovy:74)
	at com.kms.katalon.core.webui.keyword.builtin.ClickKeyword.execute(ClickKeyword.groovy:40)
	at com.kms.katalon.core.keyword.internal.KeywordExecutor.executeKeywordForPlatform(KeywordExecutor.groovy:74)
	at com.kms.katalon.core.webui.keyword.WebUiBuiltInKeywords.click(WebUiBuiltInKeywords.groovy:620)
	at com.kms.katalon.core.webui.keyword.WebUiBuiltInKeywords$click$1.call(Unknown Source)
	at Answer text question overdue.run(Answer text question overdue:40)
	at com.kms.katalon.core.main.ScriptEngine.run(ScriptEngine.java:194)
	at com.kms.katalon.core.main.ScriptEngine.runScriptAsRawText(ScriptEngine.java:119)
	at com.kms.katalon.core.main.TestCaseExecutor.runScript(TestCaseExecutor.java:442)
	at com.kms.katalon.core.main.TestCaseExecutor.doExecute(TestCaseExecutor.java:433)
	at com.kms.katalon.core.main.TestCaseExecutor.processExecutionPhase(TestCaseExecutor.java:412)
	at com.kms.katalon.core.main.TestCaseExecutor.accessMainPhase(TestCaseExecutor.java:404)
	at com.kms.katalon.core.main.TestCaseExecutor.execute(TestCaseExecutor.java:281)
	at com.kms.katalon.core.main.TestCaseExecutor.execute(TestCaseExecutor.java:363)
	at com.kms.katalon.core.main.TestCaseExecutor.execute(TestCaseExecutor.java:363)
	at com.kms.katalon.core.main.TestCaseExecutor.execute(TestCaseExecutor.java:363)
	at com.kms.katalon.core.main.TestSuiteExecutor.accessTestCaseMainPhase(TestSuiteExecutor.java:202)
	at com.kms.katalon.core.main.TestSuiteExecutor.accessTestSuiteMainPhase(TestSuiteExecutor.java:164)
	at com.kms.katalon.core.main.TestSuiteExecutor.execute(TestSuiteExecutor.java:105)
	at com.kms.katalon.core.main.TestCaseMain.startTestSuite(TestCaseMain.java:181)
	at com.kms.katalon.core.main.TestCaseMain$startTestSuite$0.call(Unknown Source)
	at TempTestSuite1642298356151.run(TempTestSuite1642298356151.groovy:36)
Caused by: com.kms.katalon.core.webui.exception.WebElementNotFoundException: Web element with id: 'Object Repository/Page_Kha Software Engineering/span_Thm hot ng hoc ti nguyn (7) (1)' located by '//span[@id='yui_3_17_2_1_1642087881011_619']' not found
	at com.kms.katalon.core.webui.common.WebUiCommonHelper.findWebElement(WebUiCommonHelper.java:1368)
	at com.kms.katalon.core.webui.keyword.internal.WebUIAbstractKeyword.findWebElement(WebUIAbstractKeyword.groovy:27)
	at com.kms.katalon.core.webui.keyword.builtin.ClickKeyword$_click_closure1.doCall(ClickKeyword.groovy:65)
	at com.kms.katalon.core.webui.keyword.builtin.ClickKeyword$_click_closure1.call(ClickKeyword.groovy)
	at com.kms.katalon.core.webui.keyword.internal.WebUIKeywordMain.runKeyword(WebUIKeywordMain.groovy:20)
	... 22 more]]></system-err>
      </testcase>
      <testcase name="Test Cases/Create course/Create course successfully" time="77.41" classname="Test Cases/Create course/Create course successfully" status="FAILED">
         <failure type="FAILED" message="Test Cases/Create course/Create course successfully FAILED.
Reason:
com.kms.katalon.core.exception.StepFailedException: Unable to click on object 'Object Repository/Utils/Page_CNPM Danh sch thnh vin/input_Danh sch thnh vin_btn btn-secondary my-1'
	at com.kms.katalon.core.webui.keyword.internal.WebUIKeywordMain.stepFailed(WebUIKeywordMain.groovy:64)
	at com.kms.katalon.core.webui.keyword.internal.WebUIKeywordMain.runKeyword(WebUIKeywordMain.groovy:26)
	at com.kms.katalon.core.webui.keyword.builtin.ClickKeyword.click(ClickKeyword.groovy:74)
	at com.kms.katalon.core.webui.keyword.builtin.ClickKeyword.execute(ClickKeyword.groovy:40)
	at com.kms.katalon.core.keyword.internal.KeywordExecutor.executeKeywordForPlatform(KeywordExecutor.groovy:74)
	at com.kms.katalon.core.webui.keyword.WebUiBuiltInKeywords.click(WebUiBuiltInKeywords.groovy:620)
	at com.kms.katalon.core.webui.keyword.WebUiBuiltInKeywords$click$1.call(Unknown Source)
	at Create course successfully.run(Create course successfully:66)
	at com.kms.katalon.core.main.ScriptEngine.run(ScriptEngine.java:194)
	at com.kms.katalon.core.main.ScriptEngine.runScriptAsRawText(ScriptEngine.java:119)
	at com.kms.katalon.core.main.TestCaseExecutor.runScript(TestCaseExecutor.java:442)
	at com.kms.katalon.core.main.TestCaseExecutor.doExecute(TestCaseExecutor.java:433)
	at com.kms.katalon.core.main.TestCaseExecutor.processExecutionPhase(TestCaseExecutor.java:412)
	at com.kms.katalon.core.main.TestCaseExecutor.accessMainPhase(TestCaseExecutor.java:404)
	at com.kms.katalon.core.main.TestCaseExecutor.execute(TestCaseExecutor.java:281)
	at com.kms.katalon.core.main.TestCaseExecutor.execute(TestCaseExecutor.java:363)
	at com.kms.katalon.core.main.TestCaseExecutor.execute(TestCaseExecutor.java:363)
	at com.kms.katalon.core.main.TestCaseExecutor.execute(TestCaseExecutor.java:363)
	at com.kms.katalon.core.main.TestSuiteExecutor.accessTestCaseMainPhase(TestSuiteExecutor.java:202)
	at com.kms.katalon.core.main.TestSuiteExecutor.accessTestSuiteMainPhase(TestSuiteExecutor.java:164)
	at com.kms.katalon.core.main.TestSuiteExecutor.execute(TestSuiteExecutor.java:105)
	at com.kms.katalon.core.main.TestCaseMain.startTestSuite(TestCaseMain.java:181)
	at com.kms.katalon.core.main.TestCaseMain$startTestSuite$0.call(Unknown Source)
	at TempTestSuite1642298356151.run(TempTestSuite1642298356151.groovy:36)
Caused by: com.kms.katalon.core.webui.exception.WebElementNotFoundException: Web element with id: 'Object Repository/Utils/Page_CNPM Danh sch thnh vin/input_Danh sch thnh vin_btn btn-secondary my-1' located by '//input[@value='Ghi danh người dùng']' not found
	at com.kms.katalon.core.webui.common.WebUiCommonHelper.findWebElement(WebUiCommonHelper.java:1368)
	at com.kms.katalon.core.webui.keyword.internal.WebUIAbstractKeyword.findWebElement(WebUIAbstractKeyword.groovy:27)
	at com.kms.katalon.core.webui.keyword.builtin.ClickKeyword$_click_closure1.doCall(ClickKeyword.groovy:65)
	at com.kms.katalon.core.webui.keyword.builtin.ClickKeyword$_click_closure1.call(ClickKeyword.groovy)
	at com.kms.katalon.core.webui.keyword.internal.WebUIKeywordMain.runKeyword(WebUIKeywordMain.groovy:20)
	... 22 more
"/>
         <system-out><![CDATA[2022-01-16 12:23:16 - [TEST_CASE][FAILED] - Test Cases/Create course/Create course successfully: Test Cases/Create course/Create course successfully FAILED.
Reason:
com.kms.katalon.core.exception.StepFailedException: Unable to click on object 'Object Repository/Utils/Page_CNPM Danh sch thnh vin/input_Danh sch thnh vin_btn btn-secondary my-1'
	at com.kms.katalon.core.webui.keyword.internal.WebUIKeywordMain.stepFailed(WebUIKeywordMain.groovy:64)
	at com.kms.katalon.core.webui.keyword.internal.WebUIKeywordMain.runKeyword(WebUIKeywordMain.groovy:26)
	at com.kms.katalon.core.webui.keyword.builtin.ClickKeyword.click(ClickKeyword.groovy:74)
	at com.kms.katalon.core.webui.keyword.builtin.ClickKeyword.execute(ClickKeyword.groovy:40)
	at com.kms.katalon.core.keyword.internal.KeywordExecutor.executeKeywordForPlatform(KeywordExecutor.groovy:74)
	at com.kms.katalon.core.webui.keyword.WebUiBuiltInKeywords.click(WebUiBuiltInKeywords.groovy:620)
	at com.kms.katalon.core.webui.keyword.WebUiBuiltInKeywords$click$1.call(Unknown Source)
	at Create course successfully.run(Create course successfully:66)
	at com.kms.katalon.core.main.ScriptEngine.run(ScriptEngine.java:194)
	at com.kms.katalon.core.main.ScriptEngine.runScriptAsRawText(ScriptEngine.java:119)
	at com.kms.katalon.core.main.TestCaseExecutor.runScript(TestCaseExecutor.java:442)
	at com.kms.katalon.core.main.TestCaseExecutor.doExecute(TestCaseExecutor.java:433)
	at com.kms.katalon.core.main.TestCaseExecutor.processExecutionPhase(TestCaseExecutor.java:412)
	at com.kms.katalon.core.main.TestCaseExecutor.accessMainPhase(TestCaseExecutor.java:404)
	at com.kms.katalon.core.main.TestCaseExecutor.execute(TestCaseExecutor.java:281)
	at com.kms.katalon.core.main.TestCaseExecutor.execute(TestCaseExecutor.java:363)
	at com.kms.katalon.core.main.TestCaseExecutor.execute(TestCaseExecutor.java:363)
	at com.kms.katalon.core.main.TestCaseExecutor.execute(TestCaseExecutor.java:363)
	at com.kms.katalon.core.main.TestSuiteExecutor.accessTestCaseMainPhase(TestSuiteExecutor.java:202)
	at com.kms.katalon.core.main.TestSuiteExecutor.accessTestSuiteMainPhase(TestSuiteExecutor.java:164)
	at com.kms.katalon.core.main.TestSuiteExecutor.execute(TestSuiteExecutor.java:105)
	at com.kms.katalon.core.main.TestCaseMain.startTestSuite(TestCaseMain.java:181)
	at com.kms.katalon.core.main.TestCaseMain$startTestSuite$0.call(Unknown Source)
	at TempTestSuite1642298356151.run(TempTestSuite1642298356151.groovy:36)
Caused by: com.kms.katalon.core.webui.exception.WebElementNotFoundException: Web element with id: 'Object Repository/Utils/Page_CNPM Danh sch thnh vin/input_Danh sch thnh vin_btn btn-secondary my-1' located by '//input[@value='Ghi danh người dùng']' not found
	at com.kms.katalon.core.webui.common.WebUiCommonHelper.findWebElement(WebUiCommonHelper.java:1368)
	at com.kms.katalon.core.webui.keyword.internal.WebUIAbstractKeyword.findWebElement(WebUIAbstractKeyword.groovy:27)
	at com.kms.katalon.core.webui.keyword.builtin.ClickKeyword$_click_closure1.doCall(ClickKeyword.groovy:65)
	at com.kms.katalon.core.webui.keyword.builtin.ClickKeyword$_click_closure1.call(ClickKeyword.groovy)
	at com.kms.katalon.core.webui.keyword.internal.WebUIKeywordMain.runKeyword(WebUIKeywordMain.groovy:20)
	... 22 more


2022-01-16 12:23:16 - [TEST_STEP][PASSED] - openBrowser(""): Browser is opened with url: ''

2022-01-16 12:23:16 - [MESSAGE][WARNING] - A browser is already opened. Closing browser and opening a new one

2022-01-16 12:23:18 - [MESSAGE][INFO] - Starting 'Edge Chromium' driver

2022-01-16 12:23:19 - [MESSAGE][INFO] - Action delay is set to 0 milliseconds

2022-01-16 12:23:23 - [MESSAGE][PASSED] - Browser is opened with url: ''

2022-01-16 12:23:23 - [TEST_STEP][PASSED] - navigateToUrl("http://localhost/"): Navigate to 'http://localhost/' successfully

2022-01-16 12:23:26 - [MESSAGE][PASSED] - Navigate to 'http://localhost/' successfully

2022-01-16 12:23:26 - [TEST_STEP][PASSED] - callTestCase(findTestCase("Utils/Login as admin"), [:], STOP_ON_FAILURE): Call Test Case 'Test Cases/Utils/Login as admin' successfully

2022-01-16 12:23:26 - [TEST_CASE][PASSED] - Test Cases/Utils/Login as admin: Test Cases/Utils/Login as admin

2022-01-16 12:23:26 - [TEST_STEP][PASSED] - click(findTestObject("View course grade/Page_Local Moodle/a_Log in")): Object: 'Object Repository/View course grade/Page_Local Moodle/a_Log in' is clicked on

2022-01-16 12:23:27 - [MESSAGE][PASSED] - Object: 'Object Repository/View course grade/Page_Local Moodle/a_Log in' is clicked on

2022-01-16 12:23:27 - [TEST_STEP][PASSED] - setText(findTestObject("View course grade/Page_Local Moodle Log in to the site/input_Username_username"), "admin"): Text 'admin' is set on object 'Object Repository/View course grade/Page_Local Moodle Log in to the site/input_Username_username'

2022-01-16 12:23:28 - [MESSAGE][PASSED] - Text 'admin' is set on object 'Object Repository/View course grade/Page_Local Moodle Log in to the site/input_Username_username'

2022-01-16 12:23:28 - [TEST_STEP][PASSED] - setEncryptedText(findTestObject("View course grade/Page_Local Moodle Log in to the site/input_Password_password"), "bfAykA/oWJ09FXmiKh6lyuuLu8QhG1K5"): Text ****** has been set on object 'Object Repository/View course grade/Page_Local Moodle Log in to the site/input_Password_password'

2022-01-16 12:23:28 - [MESSAGE][PASSED] - Text ****** has been set on object 'Object Repository/View course grade/Page_Local Moodle Log in to the site/input_Password_password'

2022-01-16 12:23:28 - [TEST_STEP][PASSED] - click(findTestObject("View course grade/Page_Local Moodle Log in to the site/button_Log in")): Object: 'Object Repository/View course grade/Page_Local Moodle Log in to the site/button_Log in' is clicked on

2022-01-16 12:23:31 - [MESSAGE][PASSED] - Object: 'Object Repository/View course grade/Page_Local Moodle Log in to the site/button_Log in' is clicked on

2022-01-16 12:23:31 - [MESSAGE][PASSED] - Call Test Case 'Test Cases/Utils/Login as admin' successfully

2022-01-16 12:23:31 - [TEST_STEP][PASSED] - click(findTestObject("Utils/Page_Nh ca ti (1)/span_Qun tr khu vc")): Object: 'Object Repository/Utils/Page_Nh ca ti (1)/span_Qun tr khu vc' is clicked on

2022-01-16 12:23:35 - [MESSAGE][PASSED] - Object: 'Object Repository/Utils/Page_Nh ca ti (1)/span_Qun tr khu vc' is clicked on

2022-01-16 12:23:35 - [TEST_STEP][PASSED] - click(findTestObject("Create course/Page_Moodle Khu vc qun tr Tm kim/a_Kho hc")): Object: 'Object Repository/Create course/Page_Moodle Khu vc qun tr Tm kim/a_Kho hc' is clicked on

2022-01-16 12:23:35 - [MESSAGE][PASSED] - Object: 'Object Repository/Create course/Page_Moodle Khu vc qun tr Tm kim/a_Kho hc' is clicked on

2022-01-16 12:23:35 - [TEST_STEP][PASSED] - click(findTestObject("Create course/Page_Moodle Khu vc qun tr Tm kim/a_Thmsa cc kho hc")): Object: 'Object Repository/Create course/Page_Moodle Khu vc qun tr Tm kim/a_Thmsa cc kho hc' is clicked on

2022-01-16 12:23:37 - [MESSAGE][PASSED] - Object: 'Object Repository/Create course/Page_Moodle Khu vc qun tr Tm kim/a_Thmsa cc kho hc' is clicked on

2022-01-16 12:23:37 - [TEST_STEP][PASSED] - click(findTestObject("Create course/Page_Qun l kha hc v danh mc kha hc/a_TaoKhoaHocMoi")): Object: 'Object Repository/Create course/Page_Qun l kha hc v danh mc kha hc/a_TaoKhoaHocMoi' is clicked on

2022-01-16 12:23:44 - [MESSAGE][INFO] - Unable to find the element located by 'By.xpath: //div[@id='yui_3_17_2_1_1641271251047_65']/div/div/a'. Please recheck the objects properties to make sure the desired element is located. 

2022-01-16 12:23:44 - [MESSAGE][WARNING] - [SELF-HEALING] Failed to find element with id 'Object Repository/Create course/Page_Qun l kha hc v danh mc kha hc/a_TaoKhoaHocMoi'. Try using Self-healing.

2022-01-16 12:23:44 - [MESSAGE][WARNING] - [SELF-HEALING] The current locator of test object 'Object Repository/Create course/Page_Qun l kha hc v danh mc kha hc/a_TaoKhoaHocMoi' was broken. Propose an alternative one: '//a[contains(text(),'Tạo khóa học mới')]'.

2022-01-16 12:23:46 - [MESSAGE][PASSED] - Object: 'Object Repository/Create course/Page_Qun l kha hc v danh mc kha hc/a_TaoKhoaHocMoi' is clicked on

2022-01-16 12:23:46 - [TEST_STEP][PASSED] - setText(findTestObject("Create course/Page_Moodle Thm kho hc mi/input_Tn y_fullname"), "Nhập môn Công nghệ phần mềm"): Text 'Nhập môn Công nghệ phần mềm' is set on object 'Object Repository/Create course/Page_Moodle Thm kho hc mi/input_Tn y_fullname'

2022-01-16 12:23:47 - [MESSAGE][PASSED] - Text 'Nhập môn Công nghệ phần mềm' is set on object 'Object Repository/Create course/Page_Moodle Thm kho hc mi/input_Tn y_fullname'

2022-01-16 12:23:47 - [TEST_STEP][PASSED] - setText(findTestObject("Create course/Page_Moodle Thm kho hc mi/input_Tn rt gn ca kho hc_shortname"), "CNPM"): Text 'CNPM' is set on object 'Object Repository/Create course/Page_Moodle Thm kho hc mi/input_Tn rt gn ca kho hc_shortname'

2022-01-16 12:23:48 - [MESSAGE][PASSED] - Text 'CNPM' is set on object 'Object Repository/Create course/Page_Moodle Thm kho hc mi/input_Tn rt gn ca kho hc_shortname'

2022-01-16 12:23:48 - [TEST_STEP][PASSED] - selectOptionByValue(findTestObject("Create course/Page_Moodle Thm kho hc mi/select_1        2        3        4        _45ea30"), "10", true): All options with value '10' are selected in object 'Object Repository/Create course/Page_Moodle Thm kho hc mi/select_1        2        3        4        _45ea30'  using regular expression

2022-01-16 12:23:50 - [MESSAGE][PASSED] - All options with value '10' are selected in object 'Object Repository/Create course/Page_Moodle Thm kho hc mi/select_1        2        3        4        _45ea30'  using regular expression

2022-01-16 12:23:50 - [TEST_STEP][PASSED] - selectOptionByValue(findTestObject("Create course/Page_Moodle Thm kho hc mi/select_Thng Ging        Thng Hai        Thn_b248db"), "9", true): All options with value '9' are selected in object 'Object Repository/Create course/Page_Moodle Thm kho hc mi/select_Thng Ging        Thng Hai        Thn_b248db'  using regular expression

2022-01-16 12:23:51 - [MESSAGE][PASSED] - All options with value '9' are selected in object 'Object Repository/Create course/Page_Moodle Thm kho hc mi/select_Thng Ging        Thng Hai        Thn_b248db'  using regular expression

2022-01-16 12:23:51 - [TEST_STEP][PASSED] - selectOptionByValue(findTestObject("Create course/Page_Moodle Thm kho hc mi/select_1900        1901        1902        _6405c9"), "2021", true): All options with value '2021' are selected in object 'Object Repository/Create course/Page_Moodle Thm kho hc mi/select_1900        1901        1902        _6405c9'  using regular expression

2022-01-16 12:23:57 - [MESSAGE][PASSED] - All options with value '2021' are selected in object 'Object Repository/Create course/Page_Moodle Thm kho hc mi/select_1900        1901        1902        _6405c9'  using regular expression

2022-01-16 12:23:57 - [TEST_STEP][PASSED] - selectOptionByValue(findTestObject("Create course/Page_Moodle Thm kho hc mi/select_00        01        02        03    _f6e37b"), "7", true): All options with value '7' are selected in object 'Object Repository/Create course/Page_Moodle Thm kho hc mi/select_00        01        02        03    _f6e37b'  using regular expression

2022-01-16 12:23:58 - [MESSAGE][PASSED] - All options with value '7' are selected in object 'Object Repository/Create course/Page_Moodle Thm kho hc mi/select_00        01        02        03    _f6e37b'  using regular expression

2022-01-16 12:23:58 - [TEST_STEP][PASSED] - selectOptionByValue(findTestObject("Create course/Page_Moodle Thm kho hc mi/select_00        01        02        03    _f6e37b_1"), "15", true): All options with value '15' are selected in object 'Object Repository/Create course/Page_Moodle Thm kho hc mi/select_00        01        02        03    _f6e37b_1'  using regular expression

2022-01-16 12:24:02 - [MESSAGE][PASSED] - All options with value '15' are selected in object 'Object Repository/Create course/Page_Moodle Thm kho hc mi/select_00        01        02        03    _f6e37b_1'  using regular expression

2022-01-16 12:24:02 - [TEST_STEP][PASSED] - selectOptionByValue(findTestObject("Create course/Page_Moodle Thm kho hc mi/select_1        2        3        4        _45ea30_1"), "15", true): All options with value '15' are selected in object 'Object Repository/Create course/Page_Moodle Thm kho hc mi/select_1        2        3        4        _45ea30_1'  using regular expression

2022-01-16 12:24:04 - [MESSAGE][PASSED] - All options with value '15' are selected in object 'Object Repository/Create course/Page_Moodle Thm kho hc mi/select_1        2        3        4        _45ea30_1'  using regular expression

2022-01-16 12:24:04 - [TEST_STEP][PASSED] - selectOptionByValue(findTestObject("Create course/Page_Moodle Thm kho hc mi/select_1900        1901        1902        _6405c9_1"), "2022", true): All options with value '2022' are selected in object 'Object Repository/Create course/Page_Moodle Thm kho hc mi/select_1900        1901        1902        _6405c9_1'  using regular expression

2022-01-16 12:24:09 - [MESSAGE][PASSED] - All options with value '2022' are selected in object 'Object Repository/Create course/Page_Moodle Thm kho hc mi/select_1900        1901        1902        _6405c9_1'  using regular expression

2022-01-16 12:24:09 - [TEST_STEP][PASSED] - selectOptionByValue(findTestObject("Create course/Page_Moodle Thm kho hc mi/select_00        01        02        03    _f6e37b_1_2"), "10", true): All options with value '10' are selected in object 'Object Repository/Create course/Page_Moodle Thm kho hc mi/select_00        01        02        03    _f6e37b_1_2'  using regular expression

2022-01-16 12:24:11 - [MESSAGE][PASSED] - All options with value '10' are selected in object 'Object Repository/Create course/Page_Moodle Thm kho hc mi/select_00        01        02        03    _f6e37b_1_2'  using regular expression

2022-01-16 12:24:11 - [TEST_STEP][PASSED] - setText(findTestObject("Create course/Page_Moodle Thm kho hc mi/input_M s ID kho hc_idnumber"), "1234"): Text '1234' is set on object 'Object Repository/Create course/Page_Moodle Thm kho hc mi/input_M s ID kho hc_idnumber'

2022-01-16 12:24:11 - [MESSAGE][PASSED] - Text '1234' is set on object 'Object Repository/Create course/Page_Moodle Thm kho hc mi/input_M s ID kho hc_idnumber'

2022-01-16 12:24:11 - [TEST_STEP][PASSED] - click(findTestObject("Object Repository/Utils/Page_Moodle Thm kho hc mi/input__saveanddisplay")): Object: 'Object Repository/Utils/Page_Moodle Thm kho hc mi/input__saveanddisplay' is clicked on

2022-01-16 12:24:25 - [MESSAGE][PASSED] - Object: 'Object Repository/Utils/Page_Moodle Thm kho hc mi/input__saveanddisplay' is clicked on

2022-01-16 12:24:25 - [TEST_STEP][FAILED] - click(findTestObject("Object Repository/Utils/Page_CNPM Danh sch thnh vin/input_Danh sch thnh vin_btn btn-secondary my-1")): Unable to click on object 'Object Repository/Utils/Page_CNPM Danh sch thnh vin/input_Danh sch thnh vin_btn btn-secondary my-1' (Root cause: com.kms.katalon.core.exception.StepFailedException: Unable to click on object 'Object Repository/Utils/Page_CNPM Danh sch thnh vin/input_Danh sch thnh vin_btn btn-secondary my-1'
	at com.kms.katalon.core.webui.keyword.internal.WebUIKeywordMain.stepFailed(WebUIKeywordMain.groovy:64)
	at com.kms.katalon.core.webui.keyword.internal.WebUIKeywordMain.runKeyword(WebUIKeywordMain.groovy:26)
	at com.kms.katalon.core.webui.keyword.builtin.ClickKeyword.click(ClickKeyword.groovy:74)
	at com.kms.katalon.core.webui.keyword.builtin.ClickKeyword.execute(ClickKeyword.groovy:40)
	at com.kms.katalon.core.keyword.internal.KeywordExecutor.executeKeywordForPlatform(KeywordExecutor.groovy:74)
	at com.kms.katalon.core.webui.keyword.WebUiBuiltInKeywords.click(WebUiBuiltInKeywords.groovy:620)
	at com.kms.katalon.core.webui.keyword.WebUiBuiltInKeywords$click$1.call(Unknown Source)
	at Create course successfully.run(Create course successfully:66)
	at com.kms.katalon.core.main.ScriptEngine.run(ScriptEngine.java:194)
	at com.kms.katalon.core.main.ScriptEngine.runScriptAsRawText(ScriptEngine.java:119)
	at com.kms.katalon.core.main.TestCaseExecutor.runScript(TestCaseExecutor.java:442)
	at com.kms.katalon.core.main.TestCaseExecutor.doExecute(TestCaseExecutor.java:433)
	at com.kms.katalon.core.main.TestCaseExecutor.processExecutionPhase(TestCaseExecutor.java:412)
	at com.kms.katalon.core.main.TestCaseExecutor.accessMainPhase(TestCaseExecutor.java:404)
	at com.kms.katalon.core.main.TestCaseExecutor.execute(TestCaseExecutor.java:281)
	at com.kms.katalon.core.main.TestCaseExecutor.execute(TestCaseExecutor.java:363)
	at com.kms.katalon.core.main.TestCaseExecutor.execute(TestCaseExecutor.java:363)
	at com.kms.katalon.core.main.TestCaseExecutor.execute(TestCaseExecutor.java:363)
	at com.kms.katalon.core.main.TestSuiteExecutor.accessTestCaseMainPhase(TestSuiteExecutor.java:202)
	at com.kms.katalon.core.main.TestSuiteExecutor.accessTestSuiteMainPhase(TestSuiteExecutor.java:164)
	at com.kms.katalon.core.main.TestSuiteExecutor.execute(TestSuiteExecutor.java:105)
	at com.kms.katalon.core.main.TestCaseMain.startTestSuite(TestCaseMain.java:181)
	at com.kms.katalon.core.main.TestCaseMain$startTestSuite$0.call(Unknown Source)
	at TempTestSuite1642298356151.run(TempTestSuite1642298356151.groovy:36)
Caused by: com.kms.katalon.core.webui.exception.WebElementNotFoundException: Web element with id: 'Object Repository/Utils/Page_CNPM Danh sch thnh vin/input_Danh sch thnh vin_btn btn-secondary my-1' located by '//input[@value='Ghi danh người dùng']' not found
	at com.kms.katalon.core.webui.common.WebUiCommonHelper.findWebElement(WebUiCommonHelper.java:1368)
	at com.kms.katalon.core.webui.keyword.internal.WebUIAbstractKeyword.findWebElement(WebUIAbstractKeyword.groovy:27)
	at com.kms.katalon.core.webui.keyword.builtin.ClickKeyword$_click_closure1.doCall(ClickKeyword.groovy:65)
	at com.kms.katalon.core.webui.keyword.builtin.ClickKeyword$_click_closure1.call(ClickKeyword.groovy)
	at com.kms.katalon.core.webui.keyword.internal.WebUIKeywordMain.runKeyword(WebUIKeywordMain.groovy:20)
	at com.kms.katalon.core.webui.keyword.builtin.ClickKeyword.click(ClickKeyword.groovy:74)
	at com.kms.katalon.core.webui.keyword.builtin.ClickKeyword.execute(ClickKeyword.groovy:40)
	at com.kms.katalon.core.keyword.internal.KeywordExecutor.executeKeywordForPlatform(KeywordExecutor.groovy:74)
	at com.kms.katalon.core.webui.keyword.WebUiBuiltInKeywords.click(WebUiBuiltInKeywords.groovy:620)
	at com.kms.katalon.core.webui.keyword.WebUiBuiltInKeywords$click$1.call(Unknown Source)
	at Script1641912480734.run(Script1641912480734.groovy:66)
	... 16 more
)

2022-01-16 12:24:31 - [MESSAGE][INFO] - Unable to find the element located by 'By.xpath: //input[@value='Ghi danh người dùng']'. Please recheck the objects properties to make sure the desired element is located. 

2022-01-16 12:24:31 - [MESSAGE][WARNING] - [SELF-HEALING] Failed to find element with id 'Object Repository/Utils/Page_CNPM Danh sch thnh vin/input_Danh sch thnh vin_btn btn-secondary my-1'. Try using Self-healing.

2022-01-16 12:24:31 - [MESSAGE][INFO] - [SELF-HEALING] Failed Locator: '//input[@value='Ghi danh người dùng']'.

2022-01-16 12:24:32 - [MESSAGE][INFO] - [SELF-HEALING] Failed Locator: '//form[@id='enrolusersbutton-1']/div/input'.

2022-01-16 12:24:32 - [MESSAGE][INFO] - [SELF-HEALING] Working Locator: '//input'.

2022-01-16 12:24:32 - [MESSAGE][ERROR] - [SELF-HEALING] Cannot save screenshot to: E:\xampp\htdocs\moodle\Test Automation - SE Bonus\Reports\Self-healing, reason: unknown error: unhandled inspector error: {"code":-32000,"message":"Cannot take screenshot with 0 width."}
  (Session info: MicrosoftEdge=97.0.1072.62)
Build info: version: '3.141.59', revision: 'e82be7d358', time: '2018-11-14T08:25:53'
System info: host: 'LAPTOP-DKU7IQF9', ip: '192.168.1.5', os.name: 'Windows 10', os.arch: 'amd64', os.version: '10.0', java.version: '1.8.0_282'
Driver info: com.kms.katalon.selenium.driver.CEdgeDriver
Capabilities {acceptInsecureCerts: false, browserName: msedge, browserVersion: 97.0.1072.62, javascriptEnabled: true, ms:edgeOptions: {debuggerAddress: localhost:58483}, msedge: {msedgedriverVersion: 97.0.1072.55 (ce3bf33648805..., userDataDir: C:\Users\ninhh\AppData\Loca...}, networkConnectionEnabled: false, pageLoadStrategy: normal, platform: WINDOWS, platformName: WINDOWS, proxy: Proxy(), setWindowRect: true, strictFileInteractability: false, timeouts: {implicit: 0, pageLoad: 300000, script: 30000}, unhandledPromptBehavior: dismiss and notify, webauthn:extension:credBlob: true, webauthn:extension:largeBlob: true, webauthn:virtualAuthenticators: true}
Session ID: 725f3ce62e09afc6dc6f0bfc70c2527a.

2022-01-16 12:24:32 - [MESSAGE][ERROR] - [SELF-HEALING] Cannot save screenshot to: E:\xampp\htdocs\moodle\Test Automation - SE Bonus\Reports\Self-healing, reason: unknown error: unhandled inspector error: {"code":-32000,"message":"Cannot take screenshot with 0 width."}
  (Session info: MicrosoftEdge=97.0.1072.62)
Build info: version: '3.141.59', revision: 'e82be7d358', time: '2018-11-14T08:25:53'
System info: host: 'LAPTOP-DKU7IQF9', ip: '192.168.1.5', os.name: 'Windows 10', os.arch: 'amd64', os.version: '10.0', java.version: '1.8.0_282'
Driver info: com.kms.katalon.selenium.driver.CEdgeDriver
Capabilities {acceptInsecureCerts: false, browserName: msedge, browserVersion: 97.0.1072.62, javascriptEnabled: true, ms:edgeOptions: {debuggerAddress: localhost:58483}, msedge: {msedgedriverVersion: 97.0.1072.55 (ce3bf33648805..., userDataDir: C:\Users\ninhh\AppData\Loca...}, networkConnectionEnabled: false, pageLoadStrategy: normal, platform: WINDOWS, platformName: WINDOWS, proxy: Proxy(), setWindowRect: true, strictFileInteractability: false, timeouts: {implicit: 0, pageLoad: 300000, script: 30000}, unhandledPromptBehavior: dismiss and notify, webauthn:extension:credBlob: true, webauthn:extension:largeBlob: true, webauthn:virtualAuthenticators: true}
Session ID: 725f3ce62e09afc6dc6f0bfc70c2527a.

2022-01-16 12:24:32 - [MESSAGE][WARNING] - [SELF-HEALING] 'other' is different type of Path

2022-01-16 12:24:32 - [MESSAGE][ERROR] - [SELF-HEALING] Cannot save screenshot to: E:\xampp\htdocs\moodle\Test Automation - SE Bonus\Reports\Self-healing, reason: unknown error: unhandled inspector error: {"code":-32000,"message":"Cannot take screenshot with 0 width."}
  (Session info: MicrosoftEdge=97.0.1072.62)
Build info: version: '3.141.59', revision: 'e82be7d358', time: '2018-11-14T08:25:53'
System info: host: 'LAPTOP-DKU7IQF9', ip: '192.168.1.5', os.name: 'Windows 10', os.arch: 'amd64', os.version: '10.0', java.version: '1.8.0_282'
Driver info: com.kms.katalon.selenium.driver.CEdgeDriver
Capabilities {acceptInsecureCerts: false, browserName: msedge, browserVersion: 97.0.1072.62, javascriptEnabled: true, ms:edgeOptions: {debuggerAddress: localhost:58483}, msedge: {msedgedriverVersion: 97.0.1072.55 (ce3bf33648805..., userDataDir: C:\Users\ninhh\AppData\Loca...}, networkConnectionEnabled: false, pageLoadStrategy: normal, platform: WINDOWS, platformName: WINDOWS, proxy: Proxy(), setWindowRect: true, strictFileInteractability: false, timeouts: {implicit: 0, pageLoad: 300000, script: 30000}, unhandledPromptBehavior: dismiss and notify, webauthn:extension:credBlob: true, webauthn:extension:largeBlob: true, webauthn:virtualAuthenticators: true}
Session ID: 725f3ce62e09afc6dc6f0bfc70c2527a.

2022-01-16 12:24:32 - [MESSAGE][WARNING] - [SELF-HEALING] 'other' is different type of Path

2022-01-16 12:24:33 - [MESSAGE][INFO] - Unable to find the element located by 'By.cssSelector: input.btn.btn-secondary.my-1'. Please recheck the objects properties to make sure the desired element is located. 

2022-01-16 12:24:33 - [MESSAGE][FAILED] - Unable to click on object 'Object Repository/Utils/Page_CNPM Danh sch thnh vin/input_Danh sch thnh vin_btn btn-secondary my-1' (Root cause: com.kms.katalon.core.exception.StepFailedException: Unable to click on object 'Object Repository/Utils/Page_CNPM Danh sch thnh vin/input_Danh sch thnh vin_btn btn-secondary my-1'
	at com.kms.katalon.core.webui.keyword.internal.WebUIKeywordMain.stepFailed(WebUIKeywordMain.groovy:64)
	at com.kms.katalon.core.webui.keyword.internal.WebUIKeywordMain.runKeyword(WebUIKeywordMain.groovy:26)
	at com.kms.katalon.core.webui.keyword.builtin.ClickKeyword.click(ClickKeyword.groovy:74)
	at com.kms.katalon.core.webui.keyword.builtin.ClickKeyword.execute(ClickKeyword.groovy:40)
	at com.kms.katalon.core.keyword.internal.KeywordExecutor.executeKeywordForPlatform(KeywordExecutor.groovy:74)
	at com.kms.katalon.core.webui.keyword.WebUiBuiltInKeywords.click(WebUiBuiltInKeywords.groovy:620)
	at com.kms.katalon.core.webui.keyword.WebUiBuiltInKeywords$click$1.call(Unknown Source)
	at Create course successfully.run(Create course successfully:66)
	at com.kms.katalon.core.main.ScriptEngine.run(ScriptEngine.java:194)
	at com.kms.katalon.core.main.ScriptEngine.runScriptAsRawText(ScriptEngine.java:119)
	at com.kms.katalon.core.main.TestCaseExecutor.runScript(TestCaseExecutor.java:442)
	at com.kms.katalon.core.main.TestCaseExecutor.doExecute(TestCaseExecutor.java:433)
	at com.kms.katalon.core.main.TestCaseExecutor.processExecutionPhase(TestCaseExecutor.java:412)
	at com.kms.katalon.core.main.TestCaseExecutor.accessMainPhase(TestCaseExecutor.java:404)
	at com.kms.katalon.core.main.TestCaseExecutor.execute(TestCaseExecutor.java:281)
	at com.kms.katalon.core.main.TestCaseExecutor.execute(TestCaseExecutor.java:363)
	at com.kms.katalon.core.main.TestCaseExecutor.execute(TestCaseExecutor.java:363)
	at com.kms.katalon.core.main.TestCaseExecutor.execute(TestCaseExecutor.java:363)
	at com.kms.katalon.core.main.TestSuiteExecutor.accessTestCaseMainPhase(TestSuiteExecutor.java:202)
	at com.kms.katalon.core.main.TestSuiteExecutor.accessTestSuiteMainPhase(TestSuiteExecutor.java:164)
	at com.kms.katalon.core.main.TestSuiteExecutor.execute(TestSuiteExecutor.java:105)
	at com.kms.katalon.core.main.TestCaseMain.startTestSuite(TestCaseMain.java:181)
	at com.kms.katalon.core.main.TestCaseMain$startTestSuite$0.call(Unknown Source)
	at TempTestSuite1642298356151.run(TempTestSuite1642298356151.groovy:36)
Caused by: com.kms.katalon.core.webui.exception.WebElementNotFoundException: Web element with id: 'Object Repository/Utils/Page_CNPM Danh sch thnh vin/input_Danh sch thnh vin_btn btn-secondary my-1' located by '//input[@value='Ghi danh người dùng']' not found
	at com.kms.katalon.core.webui.common.WebUiCommonHelper.findWebElement(WebUiCommonHelper.java:1368)
	at com.kms.katalon.core.webui.keyword.internal.WebUIAbstractKeyword.findWebElement(WebUIAbstractKeyword.groovy:27)
	at com.kms.katalon.core.webui.keyword.builtin.ClickKeyword$_click_closure1.doCall(ClickKeyword.groovy:65)
	at com.kms.katalon.core.webui.keyword.builtin.ClickKeyword$_click_closure1.call(ClickKeyword.groovy)
	at com.kms.katalon.core.webui.keyword.internal.WebUIKeywordMain.runKeyword(WebUIKeywordMain.groovy:20)
	at com.kms.katalon.core.webui.keyword.builtin.ClickKeyword.click(ClickKeyword.groovy:74)
	at com.kms.katalon.core.webui.keyword.builtin.ClickKeyword.execute(ClickKeyword.groovy:40)
	at com.kms.katalon.core.keyword.internal.KeywordExecutor.executeKeywordForPlatform(KeywordExecutor.groovy:74)
	at com.kms.katalon.core.webui.keyword.WebUiBuiltInKeywords.click(WebUiBuiltInKeywords.groovy:620)
	at com.kms.katalon.core.webui.keyword.WebUiBuiltInKeywords$click$1.call(Unknown Source)
	at Script1641912480734.run(Script1641912480734.groovy:66)
	... 16 more
)
[[ATTACHMENT|E:\\xampp\\htdocs\\moodle\\Test Automation - SE Bonus\\Reports\\20220116_085916\\Run All Test Cases\\20220116_085916\\1642310673843.png]]]]></system-out>
         <system-err><![CDATA[2022-01-16 12:23:16 - [TEST_CASE][FAILED] - Test Cases/Create course/Create course successfully: Test Cases/Create course/Create course successfully FAILED.
Reason:
com.kms.katalon.core.exception.StepFailedException: Unable to click on object 'Object Repository/Utils/Page_CNPM Danh sch thnh vin/input_Danh sch thnh vin_btn btn-secondary my-1'
	at com.kms.katalon.core.webui.keyword.internal.WebUIKeywordMain.stepFailed(WebUIKeywordMain.groovy:64)
	at com.kms.katalon.core.webui.keyword.internal.WebUIKeywordMain.runKeyword(WebUIKeywordMain.groovy:26)
	at com.kms.katalon.core.webui.keyword.builtin.ClickKeyword.click(ClickKeyword.groovy:74)
	at com.kms.katalon.core.webui.keyword.builtin.ClickKeyword.execute(ClickKeyword.groovy:40)
	at com.kms.katalon.core.keyword.internal.KeywordExecutor.executeKeywordForPlatform(KeywordExecutor.groovy:74)
	at com.kms.katalon.core.webui.keyword.WebUiBuiltInKeywords.click(WebUiBuiltInKeywords.groovy:620)
	at com.kms.katalon.core.webui.keyword.WebUiBuiltInKeywords$click$1.call(Unknown Source)
	at Create course successfully.run(Create course successfully:66)
	at com.kms.katalon.core.main.ScriptEngine.run(ScriptEngine.java:194)
	at com.kms.katalon.core.main.ScriptEngine.runScriptAsRawText(ScriptEngine.java:119)
	at com.kms.katalon.core.main.TestCaseExecutor.runScript(TestCaseExecutor.java:442)
	at com.kms.katalon.core.main.TestCaseExecutor.doExecute(TestCaseExecutor.java:433)
	at com.kms.katalon.core.main.TestCaseExecutor.processExecutionPhase(TestCaseExecutor.java:412)
	at com.kms.katalon.core.main.TestCaseExecutor.accessMainPhase(TestCaseExecutor.java:404)
	at com.kms.katalon.core.main.TestCaseExecutor.execute(TestCaseExecutor.java:281)
	at com.kms.katalon.core.main.TestCaseExecutor.execute(TestCaseExecutor.java:363)
	at com.kms.katalon.core.main.TestCaseExecutor.execute(TestCaseExecutor.java:363)
	at com.kms.katalon.core.main.TestCaseExecutor.execute(TestCaseExecutor.java:363)
	at com.kms.katalon.core.main.TestSuiteExecutor.accessTestCaseMainPhase(TestSuiteExecutor.java:202)
	at com.kms.katalon.core.main.TestSuiteExecutor.accessTestSuiteMainPhase(TestSuiteExecutor.java:164)
	at com.kms.katalon.core.main.TestSuiteExecutor.execute(TestSuiteExecutor.java:105)
	at com.kms.katalon.core.main.TestCaseMain.startTestSuite(TestCaseMain.java:181)
	at com.kms.katalon.core.main.TestCaseMain$startTestSuite$0.call(Unknown Source)
	at TempTestSuite1642298356151.run(TempTestSuite1642298356151.groovy:36)
Caused by: com.kms.katalon.core.webui.exception.WebElementNotFoundException: Web element with id: 'Object Repository/Utils/Page_CNPM Danh sch thnh vin/input_Danh sch thnh vin_btn btn-secondary my-1' located by '//input[@value='Ghi danh người dùng']' not found
	at com.kms.katalon.core.webui.common.WebUiCommonHelper.findWebElement(WebUiCommonHelper.java:1368)
	at com.kms.katalon.core.webui.keyword.internal.WebUIAbstractKeyword.findWebElement(WebUIAbstractKeyword.groovy:27)
	at com.kms.katalon.core.webui.keyword.builtin.ClickKeyword$_click_closure1.doCall(ClickKeyword.groovy:65)
	at com.kms.katalon.core.webui.keyword.builtin.ClickKeyword$_click_closure1.call(ClickKeyword.groovy)
	at com.kms.katalon.core.webui.keyword.internal.WebUIKeywordMain.runKeyword(WebUIKeywordMain.groovy:20)
	... 22 more]]></system-err>
      </testcase>
      <testcase name="Test Cases/Create course/Create course with existed shortname" time="68.229" classname="Test Cases/Create course/Create course with existed shortname" status="FAILED">
         <failure type="FAILED" message="Test Cases/Create course/Create course with existed shortname FAILED.
Reason:
com.kms.katalon.core.exception.StepFailedException: Unable to click on object 'Object Repository/Create course/Page_Qun l kha hc v danh mc kha hc/a_To kha hc mi'
	at com.kms.katalon.core.webui.keyword.internal.WebUIKeywordMain.stepFailed(WebUIKeywordMain.groovy:64)
	at com.kms.katalon.core.webui.keyword.internal.WebUIKeywordMain.runKeyword(WebUIKeywordMain.groovy:26)
	at com.kms.katalon.core.webui.keyword.builtin.ClickKeyword.click(ClickKeyword.groovy:74)
	at com.kms.katalon.core.webui.keyword.builtin.ClickKeyword.execute(ClickKeyword.groovy:40)
	at com.kms.katalon.core.keyword.internal.KeywordExecutor.executeKeywordForPlatform(KeywordExecutor.groovy:74)
	at com.kms.katalon.core.webui.keyword.WebUiBuiltInKeywords.click(WebUiBuiltInKeywords.groovy:620)
	at com.kms.katalon.core.webui.keyword.WebUiBuiltInKeywords$click$1.call(Unknown Source)
	at Create course with existed shortname.run(Create course with existed shortname:32)
	at com.kms.katalon.core.main.ScriptEngine.run(ScriptEngine.java:194)
	at com.kms.katalon.core.main.ScriptEngine.runScriptAsRawText(ScriptEngine.java:119)
	at com.kms.katalon.core.main.TestCaseExecutor.runScript(TestCaseExecutor.java:442)
	at com.kms.katalon.core.main.TestCaseExecutor.doExecute(TestCaseExecutor.java:433)
	at com.kms.katalon.core.main.TestCaseExecutor.processExecutionPhase(TestCaseExecutor.java:412)
	at com.kms.katalon.core.main.TestCaseExecutor.accessMainPhase(TestCaseExecutor.java:404)
	at com.kms.katalon.core.main.TestCaseExecutor.execute(TestCaseExecutor.java:281)
	at com.kms.katalon.core.main.TestCaseExecutor.execute(TestCaseExecutor.java:363)
	at com.kms.katalon.core.main.TestCaseExecutor.execute(TestCaseExecutor.java:363)
	at com.kms.katalon.core.main.TestCaseExecutor.execute(TestCaseExecutor.java:363)
	at com.kms.katalon.core.main.TestSuiteExecutor.accessTestCaseMainPhase(TestSuiteExecutor.java:202)
	at com.kms.katalon.core.main.TestSuiteExecutor.accessTestSuiteMainPhase(TestSuiteExecutor.java:164)
	at com.kms.katalon.core.main.TestSuiteExecutor.execute(TestSuiteExecutor.java:105)
	at com.kms.katalon.core.main.TestCaseMain.startTestSuite(TestCaseMain.java:181)
	at com.kms.katalon.core.main.TestCaseMain$startTestSuite$0.call(Unknown Source)
	at TempTestSuite1642298356151.run(TempTestSuite1642298356151.groovy:36)
Caused by: org.openqa.selenium.ElementNotInteractableException: element not interactable
  (Session info: MicrosoftEdge=97.0.1072.62)
Build info: version: '3.141.59', revision: 'e82be7d358', time: '2018-11-14T08:25:53'
System info: host: 'LAPTOP-DKU7IQF9', ip: '192.168.1.5', os.name: 'Windows 10', os.arch: 'amd64', os.version: '10.0', java.version: '1.8.0_282'
Driver info: com.kms.katalon.selenium.driver.CEdgeDriver
Capabilities {acceptInsecureCerts: false, browserName: msedge, browserVersion: 97.0.1072.62, javascriptEnabled: true, ms:edgeOptions: {debuggerAddress: localhost:59021}, msedge: {msedgedriverVersion: 97.0.1072.55 (ce3bf33648805..., userDataDir: C:\Users\ninhh\AppData\Loca...}, networkConnectionEnabled: false, pageLoadStrategy: normal, platform: WINDOWS, platformName: WINDOWS, proxy: Proxy(), setWindowRect: true, strictFileInteractability: false, timeouts: {implicit: 0, pageLoad: 300000, script: 30000}, unhandledPromptBehavior: dismiss and notify, webauthn:extension:credBlob: true, webauthn:extension:largeBlob: true, webauthn:virtualAuthenticators: true}
Session ID: cd7f8a5aee98ba45bcf4fe0f45c2f7c3
	at org.openqa.selenium.remote.http.W3CHttpResponseCodec.createException(W3CHttpResponseCodec.java:187)
	at org.openqa.selenium.remote.http.W3CHttpResponseCodec.decode(W3CHttpResponseCodec.java:122)
	at org.openqa.selenium.remote.http.W3CHttpResponseCodec.decode(W3CHttpResponseCodec.java:49)
	at org.openqa.selenium.remote.HttpCommandExecutor.execute(HttpCommandExecutor.java:158)
	at org.openqa.selenium.remote.service.DriverCommandExecutor.execute(DriverCommandExecutor.java:83)
	at org.openqa.selenium.remote.RemoteWebDriver.execute(RemoteWebDriver.java:552)
	at com.kms.katalon.selenium.driver.CEdgeDriver.execute(CEdgeDriver.java:20)
	at org.openqa.selenium.remote.RemoteWebElement.execute(RemoteWebElement.java:285)
	at org.openqa.selenium.remote.RemoteWebElement.click(RemoteWebElement.java:84)
	at org.openqa.selenium.support.events.EventFiringWebDriver$EventFiringWebElement.lambda$new$0(EventFiringWebDriver.java:404)
	at com.sun.proxy.$Proxy11.click(Unknown Source)
	at org.openqa.selenium.support.events.EventFiringWebDriver$EventFiringWebElement.click(EventFiringWebDriver.java:417)
	at org.openqa.selenium.WebElement$click.call(Unknown Source)
	at com.kms.katalon.core.webui.keyword.builtin.ClickKeyword.clickUntilSuccessWithTimeout(ClickKeyword.groovy:81)
	at com.kms.katalon.core.webui.keyword.builtin.ClickKeyword.clickUntilSuccessWithTimeout(ClickKeyword.groovy)
	at com.kms.katalon.core.webui.keyword.builtin.ClickKeyword$_click_closure1.doCall(ClickKeyword.groovy:67)
	at com.kms.katalon.core.webui.keyword.builtin.ClickKeyword$_click_closure1.call(ClickKeyword.groovy)
	at com.kms.katalon.core.webui.keyword.internal.WebUIKeywordMain.runKeyword(WebUIKeywordMain.groovy:20)
	... 22 more
"/>
         <system-out><![CDATA[2022-01-16 12:26:38 - [TEST_CASE][FAILED] - Test Cases/Create course/Create course with existed shortname: Test Cases/Create course/Create course with existed shortname FAILED.
Reason:
com.kms.katalon.core.exception.StepFailedException: Unable to click on object 'Object Repository/Create course/Page_Qun l kha hc v danh mc kha hc/a_To kha hc mi'
	at com.kms.katalon.core.webui.keyword.internal.WebUIKeywordMain.stepFailed(WebUIKeywordMain.groovy:64)
	at com.kms.katalon.core.webui.keyword.internal.WebUIKeywordMain.runKeyword(WebUIKeywordMain.groovy:26)
	at com.kms.katalon.core.webui.keyword.builtin.ClickKeyword.click(ClickKeyword.groovy:74)
	at com.kms.katalon.core.webui.keyword.builtin.ClickKeyword.execute(ClickKeyword.groovy:40)
	at com.kms.katalon.core.keyword.internal.KeywordExecutor.executeKeywordForPlatform(KeywordExecutor.groovy:74)
	at com.kms.katalon.core.webui.keyword.WebUiBuiltInKeywords.click(WebUiBuiltInKeywords.groovy:620)
	at com.kms.katalon.core.webui.keyword.WebUiBuiltInKeywords$click$1.call(Unknown Source)
	at Create course with existed shortname.run(Create course with existed shortname:32)
	at com.kms.katalon.core.main.ScriptEngine.run(ScriptEngine.java:194)
	at com.kms.katalon.core.main.ScriptEngine.runScriptAsRawText(ScriptEngine.java:119)
	at com.kms.katalon.core.main.TestCaseExecutor.runScript(TestCaseExecutor.java:442)
	at com.kms.katalon.core.main.TestCaseExecutor.doExecute(TestCaseExecutor.java:433)
	at com.kms.katalon.core.main.TestCaseExecutor.processExecutionPhase(TestCaseExecutor.java:412)
	at com.kms.katalon.core.main.TestCaseExecutor.accessMainPhase(TestCaseExecutor.java:404)
	at com.kms.katalon.core.main.TestCaseExecutor.execute(TestCaseExecutor.java:281)
	at com.kms.katalon.core.main.TestCaseExecutor.execute(TestCaseExecutor.java:363)
	at com.kms.katalon.core.main.TestCaseExecutor.execute(TestCaseExecutor.java:363)
	at com.kms.katalon.core.main.TestCaseExecutor.execute(TestCaseExecutor.java:363)
	at com.kms.katalon.core.main.TestSuiteExecutor.accessTestCaseMainPhase(TestSuiteExecutor.java:202)
	at com.kms.katalon.core.main.TestSuiteExecutor.accessTestSuiteMainPhase(TestSuiteExecutor.java:164)
	at com.kms.katalon.core.main.TestSuiteExecutor.execute(TestSuiteExecutor.java:105)
	at com.kms.katalon.core.main.TestCaseMain.startTestSuite(TestCaseMain.java:181)
	at com.kms.katalon.core.main.TestCaseMain$startTestSuite$0.call(Unknown Source)
	at TempTestSuite1642298356151.run(TempTestSuite1642298356151.groovy:36)
Caused by: org.openqa.selenium.ElementNotInteractableException: element not interactable
  (Session info: MicrosoftEdge=97.0.1072.62)
Build info: version: '3.141.59', revision: 'e82be7d358', time: '2018-11-14T08:25:53'
System info: host: 'LAPTOP-DKU7IQF9', ip: '192.168.1.5', os.name: 'Windows 10', os.arch: 'amd64', os.version: '10.0', java.version: '1.8.0_282'
Driver info: com.kms.katalon.selenium.driver.CEdgeDriver
Capabilities {acceptInsecureCerts: false, browserName: msedge, browserVersion: 97.0.1072.62, javascriptEnabled: true, ms:edgeOptions: {debuggerAddress: localhost:59021}, msedge: {msedgedriverVersion: 97.0.1072.55 (ce3bf33648805..., userDataDir: C:\Users\ninhh\AppData\Loca...}, networkConnectionEnabled: false, pageLoadStrategy: normal, platform: WINDOWS, platformName: WINDOWS, proxy: Proxy(), setWindowRect: true, strictFileInteractability: false, timeouts: {implicit: 0, pageLoad: 300000, script: 30000}, unhandledPromptBehavior: dismiss and notify, webauthn:extension:credBlob: true, webauthn:extension:largeBlob: true, webauthn:virtualAuthenticators: true}
Session ID: cd7f8a5aee98ba45bcf4fe0f45c2f7c3
	at org.openqa.selenium.remote.http.W3CHttpResponseCodec.createException(W3CHttpResponseCodec.java:187)
	at org.openqa.selenium.remote.http.W3CHttpResponseCodec.decode(W3CHttpResponseCodec.java:122)
	at org.openqa.selenium.remote.http.W3CHttpResponseCodec.decode(W3CHttpResponseCodec.java:49)
	at org.openqa.selenium.remote.HttpCommandExecutor.execute(HttpCommandExecutor.java:158)
	at org.openqa.selenium.remote.service.DriverCommandExecutor.execute(DriverCommandExecutor.java:83)
	at org.openqa.selenium.remote.RemoteWebDriver.execute(RemoteWebDriver.java:552)
	at com.kms.katalon.selenium.driver.CEdgeDriver.execute(CEdgeDriver.java:20)
	at org.openqa.selenium.remote.RemoteWebElement.execute(RemoteWebElement.java:285)
	at org.openqa.selenium.remote.RemoteWebElement.click(RemoteWebElement.java:84)
	at org.openqa.selenium.support.events.EventFiringWebDriver$EventFiringWebElement.lambda$new$0(EventFiringWebDriver.java:404)
	at com.sun.proxy.$Proxy11.click(Unknown Source)
	at org.openqa.selenium.support.events.EventFiringWebDriver$EventFiringWebElement.click(EventFiringWebDriver.java:417)
	at org.openqa.selenium.WebElement$click.call(Unknown Source)
	at com.kms.katalon.core.webui.keyword.builtin.ClickKeyword.clickUntilSuccessWithTimeout(ClickKeyword.groovy:81)
	at com.kms.katalon.core.webui.keyword.builtin.ClickKeyword.clickUntilSuccessWithTimeout(ClickKeyword.groovy)
	at com.kms.katalon.core.webui.keyword.builtin.ClickKeyword$_click_closure1.doCall(ClickKeyword.groovy:67)
	at com.kms.katalon.core.webui.keyword.builtin.ClickKeyword$_click_closure1.call(ClickKeyword.groovy)
	at com.kms.katalon.core.webui.keyword.internal.WebUIKeywordMain.runKeyword(WebUIKeywordMain.groovy:20)
	... 22 more


2022-01-16 12:26:38 - [TEST_STEP][PASSED] - openBrowser(""): Browser is opened with url: ''

2022-01-16 12:26:38 - [MESSAGE][WARNING] - A browser is already opened. Closing browser and opening a new one

2022-01-16 12:26:39 - [MESSAGE][INFO] - Starting 'Edge Chromium' driver

2022-01-16 12:26:40 - [MESSAGE][INFO] - Action delay is set to 0 milliseconds

2022-01-16 12:26:43 - [MESSAGE][PASSED] - Browser is opened with url: ''

2022-01-16 12:26:43 - [TEST_STEP][PASSED] - navigateToUrl("http://localhost/"): Navigate to 'http://localhost/' successfully

2022-01-16 12:26:49 - [MESSAGE][PASSED] - Navigate to 'http://localhost/' successfully

2022-01-16 12:26:49 - [TEST_STEP][PASSED] - callTestCase(findTestCase("Utils/Login as admin"), [:], STOP_ON_FAILURE): Call Test Case 'Test Cases/Utils/Login as admin' successfully

2022-01-16 12:26:49 - [TEST_CASE][PASSED] - Test Cases/Utils/Login as admin: Test Cases/Utils/Login as admin

2022-01-16 12:26:49 - [TEST_STEP][PASSED] - click(findTestObject("View course grade/Page_Local Moodle/a_Log in")): Object: 'Object Repository/View course grade/Page_Local Moodle/a_Log in' is clicked on

2022-01-16 12:27:01 - [MESSAGE][PASSED] - Object: 'Object Repository/View course grade/Page_Local Moodle/a_Log in' is clicked on

2022-01-16 12:27:01 - [TEST_STEP][PASSED] - setText(findTestObject("View course grade/Page_Local Moodle Log in to the site/input_Username_username"), "admin"): Text 'admin' is set on object 'Object Repository/View course grade/Page_Local Moodle Log in to the site/input_Username_username'

2022-01-16 12:27:02 - [MESSAGE][PASSED] - Text 'admin' is set on object 'Object Repository/View course grade/Page_Local Moodle Log in to the site/input_Username_username'

2022-01-16 12:27:02 - [TEST_STEP][PASSED] - setEncryptedText(findTestObject("View course grade/Page_Local Moodle Log in to the site/input_Password_password"), "bfAykA/oWJ09FXmiKh6lyuuLu8QhG1K5"): Text ****** has been set on object 'Object Repository/View course grade/Page_Local Moodle Log in to the site/input_Password_password'

2022-01-16 12:27:02 - [MESSAGE][PASSED] - Text ****** has been set on object 'Object Repository/View course grade/Page_Local Moodle Log in to the site/input_Password_password'

2022-01-16 12:27:02 - [TEST_STEP][PASSED] - click(findTestObject("View course grade/Page_Local Moodle Log in to the site/button_Log in")): Object: 'Object Repository/View course grade/Page_Local Moodle Log in to the site/button_Log in' is clicked on

2022-01-16 12:27:28 - [MESSAGE][PASSED] - Object: 'Object Repository/View course grade/Page_Local Moodle Log in to the site/button_Log in' is clicked on

2022-01-16 12:27:28 - [MESSAGE][PASSED] - Call Test Case 'Test Cases/Utils/Login as admin' successfully

2022-01-16 12:27:28 - [TEST_STEP][PASSED] - click(findTestObject("Object Repository/Create course/Page_Nh ca ti/span_Qun tr khu vc")): Object: 'Object Repository/Create course/Page_Nh ca ti/span_Qun tr khu vc' is clicked on

2022-01-16 12:27:38 - [MESSAGE][PASSED] - Object: 'Object Repository/Create course/Page_Nh ca ti/span_Qun tr khu vc' is clicked on

2022-01-16 12:27:38 - [TEST_STEP][PASSED] - click(findTestObject("Object Repository/Create course/Page_Moodle Khu vc qun tr Tm kim/a_Kho hc")): Object: 'Object Repository/Create course/Page_Moodle Khu vc qun tr Tm kim/a_Kho hc' is clicked on

2022-01-16 12:27:38 - [MESSAGE][PASSED] - Object: 'Object Repository/Create course/Page_Moodle Khu vc qun tr Tm kim/a_Kho hc' is clicked on

2022-01-16 12:27:38 - [TEST_STEP][PASSED] - click(findTestObject("Object Repository/Create course/Page_Moodle Khu vc qun tr Tm kim/a_Thmsa cc kho hc")): Object: 'Object Repository/Create course/Page_Moodle Khu vc qun tr Tm kim/a_Thmsa cc kho hc' is clicked on

2022-01-16 12:27:40 - [MESSAGE][PASSED] - Object: 'Object Repository/Create course/Page_Moodle Khu vc qun tr Tm kim/a_Thmsa cc kho hc' is clicked on

2022-01-16 12:27:40 - [TEST_STEP][FAILED] - click(findTestObject("Object Repository/Create course/Page_Qun l kha hc v danh mc kha hc/a_To kha hc mi")): Unable to click on object 'Object Repository/Create course/Page_Qun l kha hc v danh mc kha hc/a_To kha hc mi' (Root cause: com.kms.katalon.core.exception.StepFailedException: Unable to click on object 'Object Repository/Create course/Page_Qun l kha hc v danh mc kha hc/a_To kha hc mi'
	at com.kms.katalon.core.webui.keyword.internal.WebUIKeywordMain.stepFailed(WebUIKeywordMain.groovy:64)
	at com.kms.katalon.core.webui.keyword.internal.WebUIKeywordMain.runKeyword(WebUIKeywordMain.groovy:26)
	at com.kms.katalon.core.webui.keyword.builtin.ClickKeyword.click(ClickKeyword.groovy:74)
	at com.kms.katalon.core.webui.keyword.builtin.ClickKeyword.execute(ClickKeyword.groovy:40)
	at com.kms.katalon.core.keyword.internal.KeywordExecutor.executeKeywordForPlatform(KeywordExecutor.groovy:74)
	at com.kms.katalon.core.webui.keyword.WebUiBuiltInKeywords.click(WebUiBuiltInKeywords.groovy:620)
	at com.kms.katalon.core.webui.keyword.WebUiBuiltInKeywords$click$1.call(Unknown Source)
	at Create course with existed shortname.run(Create course with existed shortname:32)
	at com.kms.katalon.core.main.ScriptEngine.run(ScriptEngine.java:194)
	at com.kms.katalon.core.main.ScriptEngine.runScriptAsRawText(ScriptEngine.java:119)
	at com.kms.katalon.core.main.TestCaseExecutor.runScript(TestCaseExecutor.java:442)
	at com.kms.katalon.core.main.TestCaseExecutor.doExecute(TestCaseExecutor.java:433)
	at com.kms.katalon.core.main.TestCaseExecutor.processExecutionPhase(TestCaseExecutor.java:412)
	at com.kms.katalon.core.main.TestCaseExecutor.accessMainPhase(TestCaseExecutor.java:404)
	at com.kms.katalon.core.main.TestCaseExecutor.execute(TestCaseExecutor.java:281)
	at com.kms.katalon.core.main.TestCaseExecutor.execute(TestCaseExecutor.java:363)
	at com.kms.katalon.core.main.TestCaseExecutor.execute(TestCaseExecutor.java:363)
	at com.kms.katalon.core.main.TestCaseExecutor.execute(TestCaseExecutor.java:363)
	at com.kms.katalon.core.main.TestSuiteExecutor.accessTestCaseMainPhase(TestSuiteExecutor.java:202)
	at com.kms.katalon.core.main.TestSuiteExecutor.accessTestSuiteMainPhase(TestSuiteExecutor.java:164)
	at com.kms.katalon.core.main.TestSuiteExecutor.execute(TestSuiteExecutor.java:105)
	at com.kms.katalon.core.main.TestCaseMain.startTestSuite(TestCaseMain.java:181)
	at com.kms.katalon.core.main.TestCaseMain$startTestSuite$0.call(Unknown Source)
	at TempTestSuite1642298356151.run(TempTestSuite1642298356151.groovy:36)
Caused by: org.openqa.selenium.ElementNotInteractableException: element not interactable
  (Session info: MicrosoftEdge=97.0.1072.62)
Build info: version: '3.141.59', revision: 'e82be7d358', time: '2018-11-14T08:25:53'
System info: host: 'LAPTOP-DKU7IQF9', ip: '192.168.1.5', os.name: 'Windows 10', os.arch: 'amd64', os.version: '10.0', java.version: '1.8.0_282'
Driver info: com.kms.katalon.selenium.driver.CEdgeDriver
Capabilities {acceptInsecureCerts: false, browserName: msedge, browserVersion: 97.0.1072.62, javascriptEnabled: true, ms:edgeOptions: {debuggerAddress: localhost:59021}, msedge: {msedgedriverVersion: 97.0.1072.55 (ce3bf33648805..., userDataDir: C:\Users\ninhh\AppData\Loca...}, networkConnectionEnabled: false, pageLoadStrategy: normal, platform: WINDOWS, platformName: WINDOWS, proxy: Proxy(), setWindowRect: true, strictFileInteractability: false, timeouts: {implicit: 0, pageLoad: 300000, script: 30000}, unhandledPromptBehavior: dismiss and notify, webauthn:extension:credBlob: true, webauthn:extension:largeBlob: true, webauthn:virtualAuthenticators: true}
Session ID: cd7f8a5aee98ba45bcf4fe0f45c2f7c3
	at org.openqa.selenium.remote.http.W3CHttpResponseCodec.createException(W3CHttpResponseCodec.java:187)
	at org.openqa.selenium.remote.http.W3CHttpResponseCodec.decode(W3CHttpResponseCodec.java:122)
	at org.openqa.selenium.remote.http.W3CHttpResponseCodec.decode(W3CHttpResponseCodec.java:49)
	at org.openqa.selenium.remote.HttpCommandExecutor.execute(HttpCommandExecutor.java:158)
	at org.openqa.selenium.remote.service.DriverCommandExecutor.execute(DriverCommandExecutor.java:83)
	at org.openqa.selenium.remote.RemoteWebDriver.execute(RemoteWebDriver.java:552)
	at com.kms.katalon.selenium.driver.CEdgeDriver.execute(CEdgeDriver.java:20)
	at org.openqa.selenium.remote.RemoteWebElement.execute(RemoteWebElement.java:285)
	at org.openqa.selenium.remote.RemoteWebElement.click(RemoteWebElement.java:84)
	at org.openqa.selenium.support.events.EventFiringWebDriver$EventFiringWebElement.lambda$new$0(EventFiringWebDriver.java:404)
	at com.sun.proxy.$Proxy11.click(Unknown Source)
	at org.openqa.selenium.support.events.EventFiringWebDriver$EventFiringWebElement.click(EventFiringWebDriver.java:417)
	at org.openqa.selenium.WebElement$click.call(Unknown Source)
	at com.kms.katalon.core.webui.keyword.builtin.ClickKeyword.clickUntilSuccessWithTimeout(ClickKeyword.groovy:81)
	at com.kms.katalon.core.webui.keyword.builtin.ClickKeyword.clickUntilSuccessWithTimeout(ClickKeyword.groovy)
	at com.kms.katalon.core.webui.keyword.builtin.ClickKeyword$_click_closure1.doCall(ClickKeyword.groovy:67)
	at com.kms.katalon.core.webui.keyword.builtin.ClickKeyword$_click_closure1.call(ClickKeyword.groovy)
	at com.kms.katalon.core.webui.keyword.internal.WebUIKeywordMain.runKeyword(WebUIKeywordMain.groovy:20)
	at com.kms.katalon.core.webui.keyword.builtin.ClickKeyword.click(ClickKeyword.groovy:74)
	at com.kms.katalon.core.webui.keyword.builtin.ClickKeyword.execute(ClickKeyword.groovy:40)
	at com.kms.katalon.core.keyword.internal.KeywordExecutor.executeKeywordForPlatform(KeywordExecutor.groovy:74)
	at com.kms.katalon.core.webui.keyword.WebUiBuiltInKeywords.click(WebUiBuiltInKeywords.groovy:620)
	at com.kms.katalon.core.webui.keyword.WebUiBuiltInKeywords$click$1.call(Unknown Source)
	at Script1641912513955.run(Script1641912513955.groovy:32)
	... 16 more
)

2022-01-16 12:27:46 - [MESSAGE][INFO] - Unable to find the element located by 'By.xpath: //div[@id='yui_3_17_2_1_1641387355327_57']/div/div/a'. Please recheck the objects properties to make sure the desired element is located. 

2022-01-16 12:27:46 - [MESSAGE][WARNING] - [SELF-HEALING] Failed to find element with id 'Object Repository/Create course/Page_Qun l kha hc v danh mc kha hc/a_To kha hc mi'. Try using Self-healing.

2022-01-16 12:27:46 - [MESSAGE][WARNING] - [SELF-HEALING] The current locator of test object 'Object Repository/Create course/Page_Qun l kha hc v danh mc kha hc/a_To kha hc mi' was broken. Propose an alternative one: '//div[2]/div/div/div/a'.

2022-01-16 12:27:46 - [MESSAGE][FAILED] - Unable to click on object 'Object Repository/Create course/Page_Qun l kha hc v danh mc kha hc/a_To kha hc mi' (Root cause: com.kms.katalon.core.exception.StepFailedException: Unable to click on object 'Object Repository/Create course/Page_Qun l kha hc v danh mc kha hc/a_To kha hc mi'
	at com.kms.katalon.core.webui.keyword.internal.WebUIKeywordMain.stepFailed(WebUIKeywordMain.groovy:64)
	at com.kms.katalon.core.webui.keyword.internal.WebUIKeywordMain.runKeyword(WebUIKeywordMain.groovy:26)
	at com.kms.katalon.core.webui.keyword.builtin.ClickKeyword.click(ClickKeyword.groovy:74)
	at com.kms.katalon.core.webui.keyword.builtin.ClickKeyword.execute(ClickKeyword.groovy:40)
	at com.kms.katalon.core.keyword.internal.KeywordExecutor.executeKeywordForPlatform(KeywordExecutor.groovy:74)
	at com.kms.katalon.core.webui.keyword.WebUiBuiltInKeywords.click(WebUiBuiltInKeywords.groovy:620)
	at com.kms.katalon.core.webui.keyword.WebUiBuiltInKeywords$click$1.call(Unknown Source)
	at Create course with existed shortname.run(Create course with existed shortname:32)
	at com.kms.katalon.core.main.ScriptEngine.run(ScriptEngine.java:194)
	at com.kms.katalon.core.main.ScriptEngine.runScriptAsRawText(ScriptEngine.java:119)
	at com.kms.katalon.core.main.TestCaseExecutor.runScript(TestCaseExecutor.java:442)
	at com.kms.katalon.core.main.TestCaseExecutor.doExecute(TestCaseExecutor.java:433)
	at com.kms.katalon.core.main.TestCaseExecutor.processExecutionPhase(TestCaseExecutor.java:412)
	at com.kms.katalon.core.main.TestCaseExecutor.accessMainPhase(TestCaseExecutor.java:404)
	at com.kms.katalon.core.main.TestCaseExecutor.execute(TestCaseExecutor.java:281)
	at com.kms.katalon.core.main.TestCaseExecutor.execute(TestCaseExecutor.java:363)
	at com.kms.katalon.core.main.TestCaseExecutor.execute(TestCaseExecutor.java:363)
	at com.kms.katalon.core.main.TestCaseExecutor.execute(TestCaseExecutor.java:363)
	at com.kms.katalon.core.main.TestSuiteExecutor.accessTestCaseMainPhase(TestSuiteExecutor.java:202)
	at com.kms.katalon.core.main.TestSuiteExecutor.accessTestSuiteMainPhase(TestSuiteExecutor.java:164)
	at com.kms.katalon.core.main.TestSuiteExecutor.execute(TestSuiteExecutor.java:105)
	at com.kms.katalon.core.main.TestCaseMain.startTestSuite(TestCaseMain.java:181)
	at com.kms.katalon.core.main.TestCaseMain$startTestSuite$0.call(Unknown Source)
	at TempTestSuite1642298356151.run(TempTestSuite1642298356151.groovy:36)
Caused by: org.openqa.selenium.ElementNotInteractableException: element not interactable
  (Session info: MicrosoftEdge=97.0.1072.62)
Build info: version: '3.141.59', revision: 'e82be7d358', time: '2018-11-14T08:25:53'
System info: host: 'LAPTOP-DKU7IQF9', ip: '192.168.1.5', os.name: 'Windows 10', os.arch: 'amd64', os.version: '10.0', java.version: '1.8.0_282'
Driver info: com.kms.katalon.selenium.driver.CEdgeDriver
Capabilities {acceptInsecureCerts: false, browserName: msedge, browserVersion: 97.0.1072.62, javascriptEnabled: true, ms:edgeOptions: {debuggerAddress: localhost:59021}, msedge: {msedgedriverVersion: 97.0.1072.55 (ce3bf33648805..., userDataDir: C:\Users\ninhh\AppData\Loca...}, networkConnectionEnabled: false, pageLoadStrategy: normal, platform: WINDOWS, platformName: WINDOWS, proxy: Proxy(), setWindowRect: true, strictFileInteractability: false, timeouts: {implicit: 0, pageLoad: 300000, script: 30000}, unhandledPromptBehavior: dismiss and notify, webauthn:extension:credBlob: true, webauthn:extension:largeBlob: true, webauthn:virtualAuthenticators: true}
Session ID: cd7f8a5aee98ba45bcf4fe0f45c2f7c3
	at org.openqa.selenium.remote.http.W3CHttpResponseCodec.createException(W3CHttpResponseCodec.java:187)
	at org.openqa.selenium.remote.http.W3CHttpResponseCodec.decode(W3CHttpResponseCodec.java:122)
	at org.openqa.selenium.remote.http.W3CHttpResponseCodec.decode(W3CHttpResponseCodec.java:49)
	at org.openqa.selenium.remote.HttpCommandExecutor.execute(HttpCommandExecutor.java:158)
	at org.openqa.selenium.remote.service.DriverCommandExecutor.execute(DriverCommandExecutor.java:83)
	at org.openqa.selenium.remote.RemoteWebDriver.execute(RemoteWebDriver.java:552)
	at com.kms.katalon.selenium.driver.CEdgeDriver.execute(CEdgeDriver.java:20)
	at org.openqa.selenium.remote.RemoteWebElement.execute(RemoteWebElement.java:285)
	at org.openqa.selenium.remote.RemoteWebElement.click(RemoteWebElement.java:84)
	at org.openqa.selenium.support.events.EventFiringWebDriver$EventFiringWebElement.lambda$new$0(EventFiringWebDriver.java:404)
	at com.sun.proxy.$Proxy11.click(Unknown Source)
	at org.openqa.selenium.support.events.EventFiringWebDriver$EventFiringWebElement.click(EventFiringWebDriver.java:417)
	at org.openqa.selenium.WebElement$click.call(Unknown Source)
	at com.kms.katalon.core.webui.keyword.builtin.ClickKeyword.clickUntilSuccessWithTimeout(ClickKeyword.groovy:81)
	at com.kms.katalon.core.webui.keyword.builtin.ClickKeyword.clickUntilSuccessWithTimeout(ClickKeyword.groovy)
	at com.kms.katalon.core.webui.keyword.builtin.ClickKeyword$_click_closure1.doCall(ClickKeyword.groovy:67)
	at com.kms.katalon.core.webui.keyword.builtin.ClickKeyword$_click_closure1.call(ClickKeyword.groovy)
	at com.kms.katalon.core.webui.keyword.internal.WebUIKeywordMain.runKeyword(WebUIKeywordMain.groovy:20)
	at com.kms.katalon.core.webui.keyword.builtin.ClickKeyword.click(ClickKeyword.groovy:74)
	at com.kms.katalon.core.webui.keyword.builtin.ClickKeyword.execute(ClickKeyword.groovy:40)
	at com.kms.katalon.core.keyword.internal.KeywordExecutor.executeKeywordForPlatform(KeywordExecutor.groovy:74)
	at com.kms.katalon.core.webui.keyword.WebUiBuiltInKeywords.click(WebUiBuiltInKeywords.groovy:620)
	at com.kms.katalon.core.webui.keyword.WebUiBuiltInKeywords$click$1.call(Unknown Source)
	at Script1641912513955.run(Script1641912513955.groovy:32)
	... 16 more
)
[[ATTACHMENT|E:\\xampp\\htdocs\\moodle\\Test Automation - SE Bonus\\Reports\\20220116_085916\\Run All Test Cases\\20220116_085916\\1642310866864.png]]]]></system-out>
         <system-err><![CDATA[2022-01-16 12:26:38 - [TEST_CASE][FAILED] - Test Cases/Create course/Create course with existed shortname: Test Cases/Create course/Create course with existed shortname FAILED.
Reason:
com.kms.katalon.core.exception.StepFailedException: Unable to click on object 'Object Repository/Create course/Page_Qun l kha hc v danh mc kha hc/a_To kha hc mi'
	at com.kms.katalon.core.webui.keyword.internal.WebUIKeywordMain.stepFailed(WebUIKeywordMain.groovy:64)
	at com.kms.katalon.core.webui.keyword.internal.WebUIKeywordMain.runKeyword(WebUIKeywordMain.groovy:26)
	at com.kms.katalon.core.webui.keyword.builtin.ClickKeyword.click(ClickKeyword.groovy:74)
	at com.kms.katalon.core.webui.keyword.builtin.ClickKeyword.execute(ClickKeyword.groovy:40)
	at com.kms.katalon.core.keyword.internal.KeywordExecutor.executeKeywordForPlatform(KeywordExecutor.groovy:74)
	at com.kms.katalon.core.webui.keyword.WebUiBuiltInKeywords.click(WebUiBuiltInKeywords.groovy:620)
	at com.kms.katalon.core.webui.keyword.WebUiBuiltInKeywords$click$1.call(Unknown Source)
	at Create course with existed shortname.run(Create course with existed shortname:32)
	at com.kms.katalon.core.main.ScriptEngine.run(ScriptEngine.java:194)
	at com.kms.katalon.core.main.ScriptEngine.runScriptAsRawText(ScriptEngine.java:119)
	at com.kms.katalon.core.main.TestCaseExecutor.runScript(TestCaseExecutor.java:442)
	at com.kms.katalon.core.main.TestCaseExecutor.doExecute(TestCaseExecutor.java:433)
	at com.kms.katalon.core.main.TestCaseExecutor.processExecutionPhase(TestCaseExecutor.java:412)
	at com.kms.katalon.core.main.TestCaseExecutor.accessMainPhase(TestCaseExecutor.java:404)
	at com.kms.katalon.core.main.TestCaseExecutor.execute(TestCaseExecutor.java:281)
	at com.kms.katalon.core.main.TestCaseExecutor.execute(TestCaseExecutor.java:363)
	at com.kms.katalon.core.main.TestCaseExecutor.execute(TestCaseExecutor.java:363)
	at com.kms.katalon.core.main.TestCaseExecutor.execute(TestCaseExecutor.java:363)
	at com.kms.katalon.core.main.TestSuiteExecutor.accessTestCaseMainPhase(TestSuiteExecutor.java:202)
	at com.kms.katalon.core.main.TestSuiteExecutor.accessTestSuiteMainPhase(TestSuiteExecutor.java:164)
	at com.kms.katalon.core.main.TestSuiteExecutor.execute(TestSuiteExecutor.java:105)
	at com.kms.katalon.core.main.TestCaseMain.startTestSuite(TestCaseMain.java:181)
	at com.kms.katalon.core.main.TestCaseMain$startTestSuite$0.call(Unknown Source)
	at TempTestSuite1642298356151.run(TempTestSuite1642298356151.groovy:36)
Caused by: org.openqa.selenium.ElementNotInteractableException: element not interactable
  (Session info: MicrosoftEdge=97.0.1072.62)
Build info: version: '3.141.59', revision: 'e82be7d358', time: '2018-11-14T08:25:53'
System info: host: 'LAPTOP-DKU7IQF9', ip: '192.168.1.5', os.name: 'Windows 10', os.arch: 'amd64', os.version: '10.0', java.version: '1.8.0_282'
Driver info: com.kms.katalon.selenium.driver.CEdgeDriver
Capabilities {acceptInsecureCerts: false, browserName: msedge, browserVersion: 97.0.1072.62, javascriptEnabled: true, ms:edgeOptions: {debuggerAddress: localhost:59021}, msedge: {msedgedriverVersion: 97.0.1072.55 (ce3bf33648805..., userDataDir: C:\Users\ninhh\AppData\Loca...}, networkConnectionEnabled: false, pageLoadStrategy: normal, platform: WINDOWS, platformName: WINDOWS, proxy: Proxy(), setWindowRect: true, strictFileInteractability: false, timeouts: {implicit: 0, pageLoad: 300000, script: 30000}, unhandledPromptBehavior: dismiss and notify, webauthn:extension:credBlob: true, webauthn:extension:largeBlob: true, webauthn:virtualAuthenticators: true}
Session ID: cd7f8a5aee98ba45bcf4fe0f45c2f7c3
	at org.openqa.selenium.remote.http.W3CHttpResponseCodec.createException(W3CHttpResponseCodec.java:187)
	at org.openqa.selenium.remote.http.W3CHttpResponseCodec.decode(W3CHttpResponseCodec.java:122)
	at org.openqa.selenium.remote.http.W3CHttpResponseCodec.decode(W3CHttpResponseCodec.java:49)
	at org.openqa.selenium.remote.HttpCommandExecutor.execute(HttpCommandExecutor.java:158)
	at org.openqa.selenium.remote.service.DriverCommandExecutor.execute(DriverCommandExecutor.java:83)
	at org.openqa.selenium.remote.RemoteWebDriver.execute(RemoteWebDriver.java:552)
	at com.kms.katalon.selenium.driver.CEdgeDriver.execute(CEdgeDriver.java:20)
	at org.openqa.selenium.remote.RemoteWebElement.execute(RemoteWebElement.java:285)
	at org.openqa.selenium.remote.RemoteWebElement.click(RemoteWebElement.java:84)
	at org.openqa.selenium.support.events.EventFiringWebDriver$EventFiringWebElement.lambda$new$0(EventFiringWebDriver.java:404)
	at com.sun.proxy.$Proxy11.click(Unknown Source)
	at org.openqa.selenium.support.events.EventFiringWebDriver$EventFiringWebElement.click(EventFiringWebDriver.java:417)
	at org.openqa.selenium.WebElement$click.call(Unknown Source)
	at com.kms.katalon.core.webui.keyword.builtin.ClickKeyword.clickUntilSuccessWithTimeout(ClickKeyword.groovy:81)
	at com.kms.katalon.core.webui.keyword.builtin.ClickKeyword.clickUntilSuccessWithTimeout(ClickKeyword.groovy)
	at com.kms.katalon.core.webui.keyword.builtin.ClickKeyword$_click_closure1.doCall(ClickKeyword.groovy:67)
	at com.kms.katalon.core.webui.keyword.builtin.ClickKeyword$_click_closure1.call(ClickKeyword.groovy)
	at com.kms.katalon.core.webui.keyword.internal.WebUIKeywordMain.runKeyword(WebUIKeywordMain.groovy:20)
	... 22 more]]></system-err>
      </testcase>
      <testcase name="Test Cases/Create course/Create course without fullname" time="76.848" classname="Test Cases/Create course/Create course without fullname" status="PASSED">
         <system-out><![CDATA[2022-01-16 12:27:46 - [TEST_CASE][PASSED] - Test Cases/Create course/Create course without fullname: Test Cases/Create course/Create course without fullname

2022-01-16 12:27:47 - [TEST_STEP][PASSED] - openBrowser(""): Browser is opened with url: ''

2022-01-16 12:27:47 - [MESSAGE][WARNING] - A browser is already opened. Closing browser and opening a new one

2022-01-16 12:27:49 - [MESSAGE][INFO] - Starting 'Edge Chromium' driver

2022-01-16 12:27:54 - [MESSAGE][INFO] - Action delay is set to 0 milliseconds

2022-01-16 12:28:09 - [MESSAGE][PASSED] - Browser is opened with url: ''

2022-01-16 12:28:09 - [TEST_STEP][PASSED] - navigateToUrl("http://localhost/"): Navigate to 'http://localhost/' successfully

2022-01-16 12:28:16 - [MESSAGE][PASSED] - Navigate to 'http://localhost/' successfully

2022-01-16 12:28:16 - [TEST_STEP][PASSED] - callTestCase(findTestCase("Utils/Login as admin"), [:], STOP_ON_FAILURE): Call Test Case 'Test Cases/Utils/Login as admin' successfully

2022-01-16 12:28:16 - [TEST_CASE][PASSED] - Test Cases/Utils/Login as admin: Test Cases/Utils/Login as admin

2022-01-16 12:28:16 - [TEST_STEP][PASSED] - click(findTestObject("View course grade/Page_Local Moodle/a_Log in")): Object: 'Object Repository/View course grade/Page_Local Moodle/a_Log in' is clicked on

2022-01-16 12:28:17 - [MESSAGE][PASSED] - Object: 'Object Repository/View course grade/Page_Local Moodle/a_Log in' is clicked on

2022-01-16 12:28:17 - [TEST_STEP][PASSED] - setText(findTestObject("View course grade/Page_Local Moodle Log in to the site/input_Username_username"), "admin"): Text 'admin' is set on object 'Object Repository/View course grade/Page_Local Moodle Log in to the site/input_Username_username'

2022-01-16 12:28:18 - [MESSAGE][PASSED] - Text 'admin' is set on object 'Object Repository/View course grade/Page_Local Moodle Log in to the site/input_Username_username'

2022-01-16 12:28:18 - [TEST_STEP][PASSED] - setEncryptedText(findTestObject("View course grade/Page_Local Moodle Log in to the site/input_Password_password"), "bfAykA/oWJ09FXmiKh6lyuuLu8QhG1K5"): Text ****** has been set on object 'Object Repository/View course grade/Page_Local Moodle Log in to the site/input_Password_password'

2022-01-16 12:28:19 - [MESSAGE][PASSED] - Text ****** has been set on object 'Object Repository/View course grade/Page_Local Moodle Log in to the site/input_Password_password'

2022-01-16 12:28:19 - [TEST_STEP][PASSED] - click(findTestObject("View course grade/Page_Local Moodle Log in to the site/button_Log in")): Object: 'Object Repository/View course grade/Page_Local Moodle Log in to the site/button_Log in' is clicked on

2022-01-16 12:28:21 - [MESSAGE][PASSED] - Object: 'Object Repository/View course grade/Page_Local Moodle Log in to the site/button_Log in' is clicked on

2022-01-16 12:28:21 - [MESSAGE][PASSED] - Call Test Case 'Test Cases/Utils/Login as admin' successfully

2022-01-16 12:28:21 - [TEST_STEP][PASSED] - click(findTestObject("Utils/Page_Nh ca ti (1)/a_QuanTriKhuVuc")): Object: 'Object Repository/Utils/Page_Nh ca ti (1)/a_QuanTriKhuVuc' is clicked on

2022-01-16 12:28:24 - [MESSAGE][PASSED] - Object: 'Object Repository/Utils/Page_Nh ca ti (1)/a_QuanTriKhuVuc' is clicked on

2022-01-16 12:28:24 - [TEST_STEP][PASSED] - click(findTestObject("Create course/Page_Moodle Khu vc qun tr Tm kim/a_KhoaHoc")): Object: 'Object Repository/Create course/Page_Moodle Khu vc qun tr Tm kim/a_KhoaHoc' is clicked on

2022-01-16 12:28:24 - [MESSAGE][PASSED] - Object: 'Object Repository/Create course/Page_Moodle Khu vc qun tr Tm kim/a_KhoaHoc' is clicked on

2022-01-16 12:28:24 - [TEST_STEP][PASSED] - click(findTestObject("Create course/Page_Moodle Khu vc qun tr Tm kim/a_ThemSuaKhoaHoc")): Object: 'Object Repository/Create course/Page_Moodle Khu vc qun tr Tm kim/a_ThemSuaKhoaHoc' is clicked on

2022-01-16 12:28:29 - [MESSAGE][PASSED] - Object: 'Object Repository/Create course/Page_Moodle Khu vc qun tr Tm kim/a_ThemSuaKhoaHoc' is clicked on

2022-01-16 12:28:29 - [TEST_STEP][PASSED] - click(findTestObject("Create course/Page_Qun l kha hc v danh mc kha hc/a_TaoKhoaHocMoi")): Object: 'Object Repository/Create course/Page_Qun l kha hc v danh mc kha hc/a_TaoKhoaHocMoi' is clicked on

2022-01-16 12:28:35 - [MESSAGE][INFO] - Unable to find the element located by 'By.xpath: //div[@id='yui_3_17_2_1_1641271251047_65']/div/div/a'. Please recheck the objects properties to make sure the desired element is located. 

2022-01-16 12:28:35 - [MESSAGE][WARNING] - [SELF-HEALING] Failed to find element with id 'Object Repository/Create course/Page_Qun l kha hc v danh mc kha hc/a_TaoKhoaHocMoi'. Try using Self-healing.

2022-01-16 12:28:35 - [MESSAGE][WARNING] - [SELF-HEALING] The current locator of test object 'Object Repository/Create course/Page_Qun l kha hc v danh mc kha hc/a_TaoKhoaHocMoi' was broken. Propose an alternative one: '//a[contains(text(),'Tạo khóa học mới')]'.

2022-01-16 12:28:49 - [MESSAGE][PASSED] - Object: 'Object Repository/Create course/Page_Qun l kha hc v danh mc kha hc/a_TaoKhoaHocMoi' is clicked on

2022-01-16 12:28:49 - [TEST_STEP][PASSED] - setText(findTestObject("Create course/Page_Moodle Thm kho hc mi/input_TenRutGon"), "NMLT"): Text 'NMLT' is set on object 'Object Repository/Create course/Page_Moodle Thm kho hc mi/input_TenRutGon'

2022-01-16 12:28:51 - [MESSAGE][PASSED] - Text 'NMLT' is set on object 'Object Repository/Create course/Page_Moodle Thm kho hc mi/input_TenRutGon'

2022-01-16 12:28:51 - [TEST_STEP][PASSED] - click(findTestObject("Create course/Page_Moodle Thm kho hc mi/input__LuuVaQuayLai")): Object: 'Object Repository/Create course/Page_Moodle Thm kho hc mi/input__LuuVaQuayLai' is clicked on

2022-01-16 12:28:53 - [MESSAGE][PASSED] - Object: 'Object Repository/Create course/Page_Moodle Thm kho hc mi/input__LuuVaQuayLai' is clicked on

2022-01-16 12:28:53 - [TEST_STEP][PASSED] - verifyElementText(findTestObject("Create course/Page_Moodle Thm kho hc mi/div_- ConThieuHoTenDayDu"), "- Còn thiếu họ tên đầy đủ"): Actual text and expected text of test object 'Object Repository/Create course/Page_Moodle Thm kho hc mi/div_- ConThieuHoTenDayDu' are matched.

2022-01-16 12:28:59 - [MESSAGE][PASSED] - Actual text and expected text of test object 'Object Repository/Create course/Page_Moodle Thm kho hc mi/div_- ConThieuHoTenDayDu' are matched.

2022-01-16 12:28:59 - [TEST_STEP][PASSED] - closeBrowser(): Browser is closed

2022-01-16 12:29:03 - [MESSAGE][PASSED] - Browser is closed]]></system-out>
         <system-err><![CDATA[]]></system-err>
      </testcase>
      <testcase name="Test Cases/Create course/Create course without shortname" time="152.549" classname="Test Cases/Create course/Create course without shortname" status="PASSED">
         <system-out><![CDATA[2022-01-16 12:29:03 - [TEST_CASE][PASSED] - Test Cases/Create course/Create course without shortname: Test Cases/Create course/Create course without shortname

2022-01-16 12:29:04 - [TEST_STEP][PASSED] - openBrowser(""): Browser is opened with url: ''

2022-01-16 12:29:04 - [MESSAGE][INFO] - Starting 'Edge Chromium' driver

2022-01-16 12:29:06 - [MESSAGE][INFO] - Action delay is set to 0 milliseconds

2022-01-16 12:29:09 - [MESSAGE][PASSED] - Browser is opened with url: ''

2022-01-16 12:29:09 - [TEST_STEP][PASSED] - navigateToUrl("http://localhost/"): Navigate to 'http://localhost/' successfully

2022-01-16 12:29:46 - [MESSAGE][PASSED] - Navigate to 'http://localhost/' successfully

2022-01-16 12:29:46 - [TEST_STEP][PASSED] - callTestCase(findTestCase("Utils/Login as admin"), [:], STOP_ON_FAILURE): Call Test Case 'Test Cases/Utils/Login as admin' successfully

2022-01-16 12:29:46 - [TEST_CASE][PASSED] - Test Cases/Utils/Login as admin: Test Cases/Utils/Login as admin

2022-01-16 12:29:46 - [TEST_STEP][PASSED] - click(findTestObject("View course grade/Page_Local Moodle/a_Log in")): Object: 'Object Repository/View course grade/Page_Local Moodle/a_Log in' is clicked on

2022-01-16 12:29:47 - [MESSAGE][PASSED] - Object: 'Object Repository/View course grade/Page_Local Moodle/a_Log in' is clicked on

2022-01-16 12:29:47 - [TEST_STEP][PASSED] - setText(findTestObject("View course grade/Page_Local Moodle Log in to the site/input_Username_username"), "admin"): Text 'admin' is set on object 'Object Repository/View course grade/Page_Local Moodle Log in to the site/input_Username_username'

2022-01-16 12:29:48 - [MESSAGE][PASSED] - Text 'admin' is set on object 'Object Repository/View course grade/Page_Local Moodle Log in to the site/input_Username_username'

2022-01-16 12:29:48 - [TEST_STEP][PASSED] - setEncryptedText(findTestObject("View course grade/Page_Local Moodle Log in to the site/input_Password_password"), "bfAykA/oWJ09FXmiKh6lyuuLu8QhG1K5"): Text ****** has been set on object 'Object Repository/View course grade/Page_Local Moodle Log in to the site/input_Password_password'

2022-01-16 12:29:49 - [MESSAGE][PASSED] - Text ****** has been set on object 'Object Repository/View course grade/Page_Local Moodle Log in to the site/input_Password_password'

2022-01-16 12:29:49 - [TEST_STEP][PASSED] - click(findTestObject("View course grade/Page_Local Moodle Log in to the site/button_Log in")): Object: 'Object Repository/View course grade/Page_Local Moodle Log in to the site/button_Log in' is clicked on

2022-01-16 12:29:50 - [MESSAGE][PASSED] - Object: 'Object Repository/View course grade/Page_Local Moodle Log in to the site/button_Log in' is clicked on

2022-01-16 12:29:50 - [MESSAGE][PASSED] - Call Test Case 'Test Cases/Utils/Login as admin' successfully

2022-01-16 12:29:50 - [TEST_STEP][PASSED] - click(findTestObject("Utils/Page_Nh ca ti (1)/a_QuanTriKhuVuc")): Object: 'Object Repository/Utils/Page_Nh ca ti (1)/a_QuanTriKhuVuc' is clicked on

2022-01-16 12:30:13 - [MESSAGE][PASSED] - Object: 'Object Repository/Utils/Page_Nh ca ti (1)/a_QuanTriKhuVuc' is clicked on

2022-01-16 12:30:13 - [TEST_STEP][PASSED] - click(findTestObject("Create course/Page_Moodle Khu vc qun tr Tm kim/a_KhoaHoc")): Object: 'Object Repository/Create course/Page_Moodle Khu vc qun tr Tm kim/a_KhoaHoc' is clicked on

2022-01-16 12:30:13 - [MESSAGE][PASSED] - Object: 'Object Repository/Create course/Page_Moodle Khu vc qun tr Tm kim/a_KhoaHoc' is clicked on

2022-01-16 12:30:13 - [TEST_STEP][PASSED] - click(findTestObject("Create course/Page_Moodle Khu vc qun tr Tm kim/a_ThemSuaKhoaHoc")): Object: 'Object Repository/Create course/Page_Moodle Khu vc qun tr Tm kim/a_ThemSuaKhoaHoc' is clicked on

2022-01-16 12:30:55 - [MESSAGE][PASSED] - Object: 'Object Repository/Create course/Page_Moodle Khu vc qun tr Tm kim/a_ThemSuaKhoaHoc' is clicked on

2022-01-16 12:30:55 - [TEST_STEP][PASSED] - click(findTestObject("Create course/Page_Qun l kha hc v danh mc kha hc/a_TaoKhoaHocMoi")): Object: 'Object Repository/Create course/Page_Qun l kha hc v danh mc kha hc/a_TaoKhoaHocMoi' is clicked on

2022-01-16 12:31:01 - [MESSAGE][INFO] - Unable to find the element located by 'By.xpath: //div[@id='yui_3_17_2_1_1641271251047_65']/div/div/a'. Please recheck the objects properties to make sure the desired element is located. 

2022-01-16 12:31:01 - [MESSAGE][WARNING] - [SELF-HEALING] Failed to find element with id 'Object Repository/Create course/Page_Qun l kha hc v danh mc kha hc/a_TaoKhoaHocMoi'. Try using Self-healing.

2022-01-16 12:31:01 - [MESSAGE][WARNING] - [SELF-HEALING] The current locator of test object 'Object Repository/Create course/Page_Qun l kha hc v danh mc kha hc/a_TaoKhoaHocMoi' was broken. Propose an alternative one: '//a[contains(text(),'Tạo khóa học mới')]'.

2022-01-16 12:31:30 - [MESSAGE][PASSED] - Object: 'Object Repository/Create course/Page_Qun l kha hc v danh mc kha hc/a_TaoKhoaHocMoi' is clicked on

2022-01-16 12:31:30 - [TEST_STEP][PASSED] - setText(findTestObject("Create course/Page_Moodle Thm kho hc mi/input_TenDayDu"), "Nhập môn Lập trình"): Text 'Nhập môn Lập trình' is set on object 'Object Repository/Create course/Page_Moodle Thm kho hc mi/input_TenDayDu'

2022-01-16 12:31:32 - [MESSAGE][PASSED] - Text 'Nhập môn Lập trình' is set on object 'Object Repository/Create course/Page_Moodle Thm kho hc mi/input_TenDayDu'

2022-01-16 12:31:32 - [TEST_STEP][PASSED] - click(findTestObject("Create course/Page_Moodle Thm kho hc mi/input__LuuVaQuayLai")): Object: 'Object Repository/Create course/Page_Moodle Thm kho hc mi/input__LuuVaQuayLai' is clicked on

2022-01-16 12:31:33 - [MESSAGE][PASSED] - Object: 'Object Repository/Create course/Page_Moodle Thm kho hc mi/input__LuuVaQuayLai' is clicked on

2022-01-16 12:31:33 - [TEST_STEP][PASSED] - verifyElementText(findTestObject("Create course/Page_Moodle Thm kho hc mi/div_- ThieuTenTat"), "- Thiếu tên tắt"): Actual text and expected text of test object 'Object Repository/Create course/Page_Moodle Thm kho hc mi/div_- ThieuTenTat' are matched.

2022-01-16 12:31:34 - [MESSAGE][PASSED] - Actual text and expected text of test object 'Object Repository/Create course/Page_Moodle Thm kho hc mi/div_- ThieuTenTat' are matched.

2022-01-16 12:31:34 - [TEST_STEP][PASSED] - closeBrowser(): Browser is closed

2022-01-16 12:31:36 - [MESSAGE][PASSED] - Browser is closed]]></system-out>
         <system-err><![CDATA[]]></system-err>
      </testcase>
      <testcase name="Test Cases/Create course/Create course without type" time="70.531" classname="Test Cases/Create course/Create course without type" status="PASSED">
         <system-out><![CDATA[2022-01-16 12:31:36 - [TEST_CASE][PASSED] - Test Cases/Create course/Create course without type: Test Cases/Create course/Create course without type

2022-01-16 12:31:36 - [TEST_STEP][PASSED] - openBrowser(""): Browser is opened with url: ''

2022-01-16 12:31:36 - [MESSAGE][INFO] - Starting 'Edge Chromium' driver

2022-01-16 12:31:37 - [MESSAGE][INFO] - Action delay is set to 0 milliseconds

2022-01-16 12:31:41 - [MESSAGE][PASSED] - Browser is opened with url: ''

2022-01-16 12:31:41 - [TEST_STEP][PASSED] - navigateToUrl("http://localhost/"): Navigate to 'http://localhost/' successfully

2022-01-16 12:31:45 - [MESSAGE][PASSED] - Navigate to 'http://localhost/' successfully

2022-01-16 12:31:45 - [TEST_STEP][PASSED] - callTestCase(findTestCase("Utils/Login as admin"), [:], STOP_ON_FAILURE): Call Test Case 'Test Cases/Utils/Login as admin' successfully

2022-01-16 12:31:45 - [TEST_CASE][PASSED] - Test Cases/Utils/Login as admin: Test Cases/Utils/Login as admin

2022-01-16 12:31:45 - [TEST_STEP][PASSED] - click(findTestObject("View course grade/Page_Local Moodle/a_Log in")): Object: 'Object Repository/View course grade/Page_Local Moodle/a_Log in' is clicked on

2022-01-16 12:31:46 - [MESSAGE][PASSED] - Object: 'Object Repository/View course grade/Page_Local Moodle/a_Log in' is clicked on

2022-01-16 12:31:46 - [TEST_STEP][PASSED] - setText(findTestObject("View course grade/Page_Local Moodle Log in to the site/input_Username_username"), "admin"): Text 'admin' is set on object 'Object Repository/View course grade/Page_Local Moodle Log in to the site/input_Username_username'

2022-01-16 12:31:47 - [MESSAGE][PASSED] - Text 'admin' is set on object 'Object Repository/View course grade/Page_Local Moodle Log in to the site/input_Username_username'

2022-01-16 12:31:47 - [TEST_STEP][PASSED] - setEncryptedText(findTestObject("View course grade/Page_Local Moodle Log in to the site/input_Password_password"), "bfAykA/oWJ09FXmiKh6lyuuLu8QhG1K5"): Text ****** has been set on object 'Object Repository/View course grade/Page_Local Moodle Log in to the site/input_Password_password'

2022-01-16 12:31:48 - [MESSAGE][PASSED] - Text ****** has been set on object 'Object Repository/View course grade/Page_Local Moodle Log in to the site/input_Password_password'

2022-01-16 12:31:48 - [TEST_STEP][PASSED] - click(findTestObject("View course grade/Page_Local Moodle Log in to the site/button_Log in")): Object: 'Object Repository/View course grade/Page_Local Moodle Log in to the site/button_Log in' is clicked on

2022-01-16 12:31:54 - [MESSAGE][PASSED] - Object: 'Object Repository/View course grade/Page_Local Moodle Log in to the site/button_Log in' is clicked on

2022-01-16 12:31:54 - [MESSAGE][PASSED] - Call Test Case 'Test Cases/Utils/Login as admin' successfully

2022-01-16 12:31:54 - [TEST_STEP][PASSED] - click(findTestObject("Utils/Page_Nh ca ti (1)/a_QuanTriKhuVuc")): Object: 'Object Repository/Utils/Page_Nh ca ti (1)/a_QuanTriKhuVuc' is clicked on

2022-01-16 12:32:02 - [MESSAGE][PASSED] - Object: 'Object Repository/Utils/Page_Nh ca ti (1)/a_QuanTriKhuVuc' is clicked on

2022-01-16 12:32:02 - [TEST_STEP][PASSED] - click(findTestObject("Create course/Page_Moodle Khu vc qun tr Tm kim/a_KhoaHoc")): Object: 'Object Repository/Create course/Page_Moodle Khu vc qun tr Tm kim/a_KhoaHoc' is clicked on

2022-01-16 12:32:02 - [MESSAGE][PASSED] - Object: 'Object Repository/Create course/Page_Moodle Khu vc qun tr Tm kim/a_KhoaHoc' is clicked on

2022-01-16 12:32:02 - [TEST_STEP][PASSED] - click(findTestObject("Create course/Page_Moodle Khu vc qun tr Tm kim/a_ThemSuaKhoaHoc")): Object: 'Object Repository/Create course/Page_Moodle Khu vc qun tr Tm kim/a_ThemSuaKhoaHoc' is clicked on

2022-01-16 12:32:08 - [MESSAGE][PASSED] - Object: 'Object Repository/Create course/Page_Moodle Khu vc qun tr Tm kim/a_ThemSuaKhoaHoc' is clicked on

2022-01-16 12:32:08 - [TEST_STEP][PASSED] - click(findTestObject("Create course/Page_Qun l kha hc v danh mc kha hc/a_TaoKhoaHocMoi")): Object: 'Object Repository/Create course/Page_Qun l kha hc v danh mc kha hc/a_TaoKhoaHocMoi' is clicked on

2022-01-16 12:32:15 - [MESSAGE][INFO] - Unable to find the element located by 'By.xpath: //div[@id='yui_3_17_2_1_1641271251047_65']/div/div/a'. Please recheck the objects properties to make sure the desired element is located. 

2022-01-16 12:32:15 - [MESSAGE][WARNING] - [SELF-HEALING] Failed to find element with id 'Object Repository/Create course/Page_Qun l kha hc v danh mc kha hc/a_TaoKhoaHocMoi'. Try using Self-healing.

2022-01-16 12:32:15 - [MESSAGE][WARNING] - [SELF-HEALING] The current locator of test object 'Object Repository/Create course/Page_Qun l kha hc v danh mc kha hc/a_TaoKhoaHocMoi' was broken. Propose an alternative one: '//a[contains(text(),'Tạo khóa học mới')]'.

2022-01-16 12:32:22 - [MESSAGE][PASSED] - Object: 'Object Repository/Create course/Page_Qun l kha hc v danh mc kha hc/a_TaoKhoaHocMoi' is clicked on

2022-01-16 12:32:22 - [TEST_STEP][PASSED] - setText(findTestObject("Create course/Page_Moodle Thm kho hc mi/input_TenDayDu"), "Nhập môn lập trình"): Text 'Nhập môn lập trình' is set on object 'Object Repository/Create course/Page_Moodle Thm kho hc mi/input_TenDayDu'

2022-01-16 12:32:23 - [MESSAGE][PASSED] - Text 'Nhập môn lập trình' is set on object 'Object Repository/Create course/Page_Moodle Thm kho hc mi/input_TenDayDu'

2022-01-16 12:32:23 - [TEST_STEP][PASSED] - setText(findTestObject("Create course/Page_Moodle Thm kho hc mi/input_TenRutGon"), "NMLT"): Text 'NMLT' is set on object 'Object Repository/Create course/Page_Moodle Thm kho hc mi/input_TenRutGon'

2022-01-16 12:32:25 - [MESSAGE][PASSED] - Text 'NMLT' is set on object 'Object Repository/Create course/Page_Moodle Thm kho hc mi/input_TenRutGon'

2022-01-16 12:32:25 - [TEST_STEP][PASSED] - click(findTestObject("Create course/Page_Moodle Thm kho hc mi/span_X")): Object: 'Object Repository/Create course/Page_Moodle Thm kho hc mi/span_X' is clicked on

2022-01-16 12:32:31 - [MESSAGE][INFO] - Unable to find the element located by 'By.xpath: //span[@id='form_autocomplete_selection-1641276567420-0']/span'. Please recheck the objects properties to make sure the desired element is located. 

2022-01-16 12:32:31 - [MESSAGE][WARNING] - [SELF-HEALING] Failed to find element with id 'Object Repository/Create course/Page_Moodle Thm kho hc mi/span_X'. Try using Self-healing.

2022-01-16 12:32:32 - [MESSAGE][WARNING] - [SELF-HEALING] The current locator of test object 'Object Repository/Create course/Page_Moodle Thm kho hc mi/span_X' was broken. Propose an alternative one: '(.//*[normalize-space(text()) and normalize-space(.)='Selected items:'])[1]/following::span[2]'.

2022-01-16 12:32:35 - [MESSAGE][PASSED] - Object: 'Object Repository/Create course/Page_Moodle Thm kho hc mi/span_X' is clicked on

2022-01-16 12:32:35 - [TEST_STEP][PASSED] - click(findTestObject("Create course/Page_Moodle Thm kho hc mi/input__LuuVaQuayLai")): Object: 'Object Repository/Create course/Page_Moodle Thm kho hc mi/input__LuuVaQuayLai' is clicked on

2022-01-16 12:32:36 - [MESSAGE][PASSED] - Object: 'Object Repository/Create course/Page_Moodle Thm kho hc mi/input__LuuVaQuayLai' is clicked on

2022-01-16 12:32:36 - [TEST_STEP][PASSED] - verifyElementText(findTestObject("Create course/Page_Moodle Thm kho hc mi/div_- PhaiChonLoaiKhoaHoc"), "- You must supply a value here."): Actual text and expected text of test object 'Object Repository/Create course/Page_Moodle Thm kho hc mi/div_- PhaiChonLoaiKhoaHoc' are matched.

2022-01-16 12:32:40 - [MESSAGE][PASSED] - Actual text and expected text of test object 'Object Repository/Create course/Page_Moodle Thm kho hc mi/div_- PhaiChonLoaiKhoaHoc' are matched.

2022-01-16 12:32:40 - [TEST_STEP][PASSED] - closeBrowser(): Browser is closed

2022-01-16 12:32:46 - [MESSAGE][PASSED] - Browser is closed]]></system-out>
         <system-err><![CDATA[]]></system-err>
      </testcase>
      <testcase name="Test Cases/Create folder and quiz/Create folder without title" time="73.124" classname="Test Cases/Create folder and quiz/Create folder without title" status="FAILED">
         <failure type="FAILED" message="Test Cases/Create folder and quiz/Create folder without title FAILED.
Reason:
com.kms.katalon.core.exception.StepFailedException: Call Test Case 'Test Cases/Utils/Create course CNPM' failed
	at com.kms.katalon.core.keyword.builtin.CallTestCaseKeyword$_callTestCase_closure1.doCall(CallTestCaseKeyword.groovy:63)
	at com.kms.katalon.core.keyword.builtin.CallTestCaseKeyword$_callTestCase_closure1.call(CallTestCaseKeyword.groovy)
	at com.kms.katalon.core.keyword.internal.KeywordMain.runKeyword(KeywordMain.groovy:74)
	at com.kms.katalon.core.keyword.builtin.CallTestCaseKeyword.callTestCase(CallTestCaseKeyword.groovy:81)
	at com.kms.katalon.core.keyword.builtin.CallTestCaseKeyword.execute(CallTestCaseKeyword.groovy:44)
	at com.kms.katalon.core.keyword.internal.KeywordExecutor.executeKeywordForPlatform(KeywordExecutor.groovy:74)
	at com.kms.katalon.core.keyword.BuiltinKeywords.callTestCase(BuiltinKeywords.groovy:334)
	at Create folder without title.run(Create folder without title:24)
	at com.kms.katalon.core.main.ScriptEngine.run(ScriptEngine.java:194)
	at com.kms.katalon.core.main.ScriptEngine.runScriptAsRawText(ScriptEngine.java:119)
	at com.kms.katalon.core.main.TestCaseExecutor.runScript(TestCaseExecutor.java:442)
	at com.kms.katalon.core.main.TestCaseExecutor.doExecute(TestCaseExecutor.java:433)
	at com.kms.katalon.core.main.TestCaseExecutor.processExecutionPhase(TestCaseExecutor.java:412)
	at com.kms.katalon.core.main.TestCaseExecutor.accessMainPhase(TestCaseExecutor.java:404)
	at com.kms.katalon.core.main.TestCaseExecutor.execute(TestCaseExecutor.java:281)
	at com.kms.katalon.core.main.TestCaseExecutor.execute(TestCaseExecutor.java:363)
	at com.kms.katalon.core.main.TestCaseExecutor.execute(TestCaseExecutor.java:363)
	at com.kms.katalon.core.main.TestCaseExecutor.execute(TestCaseExecutor.java:363)
	at com.kms.katalon.core.main.TestSuiteExecutor.accessTestCaseMainPhase(TestSuiteExecutor.java:202)
	at com.kms.katalon.core.main.TestSuiteExecutor.accessTestSuiteMainPhase(TestSuiteExecutor.java:164)
	at com.kms.katalon.core.main.TestSuiteExecutor.execute(TestSuiteExecutor.java:105)
	at com.kms.katalon.core.main.TestCaseMain.startTestSuite(TestCaseMain.java:181)
	at com.kms.katalon.core.main.TestCaseMain$startTestSuite$0.call(Unknown Source)
	at TempTestSuite1642298356151.run(TempTestSuite1642298356151.groovy:36)
Caused by: com.kms.katalon.core.exception.StepFailedException: Unable to click on object 'Object Repository/Utils/Page_CNPM Danh sch thnh vin/input_Danh sch thnh vin_btn btn-secondary my-1'
	at com.kms.katalon.core.webui.keyword.internal.WebUIKeywordMain.stepFailed(WebUIKeywordMain.groovy:64)
	at com.kms.katalon.core.webui.keyword.internal.WebUIKeywordMain.runKeyword(WebUIKeywordMain.groovy:26)
	at com.kms.katalon.core.webui.keyword.builtin.ClickKeyword.click(ClickKeyword.groovy:74)
	at com.kms.katalon.core.webui.keyword.builtin.ClickKeyword.execute(ClickKeyword.groovy:40)
	at com.kms.katalon.core.keyword.internal.KeywordExecutor.executeKeywordForPlatform(KeywordExecutor.groovy:74)
	at com.kms.katalon.core.webui.keyword.WebUiBuiltInKeywords.click(WebUiBuiltInKeywords.groovy:620)
	at com.kms.katalon.core.webui.keyword.WebUiBuiltInKeywords$click$1.call(Unknown Source)
	at Create course CNPM.run(Create course CNPM:36)
	at com.kms.katalon.core.main.ScriptEngine.run(ScriptEngine.java:194)
	at com.kms.katalon.core.main.ScriptEngine.runScriptAsRawText(ScriptEngine.java:119)
	at com.kms.katalon.core.main.TestCaseExecutor.runScript(TestCaseExecutor.java:442)
	at com.kms.katalon.core.main.TestCaseExecutor.doExecute(TestCaseExecutor.java:433)
	at com.kms.katalon.core.main.TestCaseExecutor.processExecutionPhase(TestCaseExecutor.java:412)
	at com.kms.katalon.core.main.TestCaseExecutor.accessMainPhase(TestCaseExecutor.java:404)
	at com.kms.katalon.core.main.TestCaseExecutor.execute(TestCaseExecutor.java:281)
	at com.kms.katalon.core.main.TestCaseMain.runTestCase(TestCaseMain.java:138)
	at com.kms.katalon.core.keyword.builtin.CallTestCaseKeyword$_callTestCase_closure1.doCall(CallTestCaseKeyword.groovy:59)
	... 23 more
Caused by: com.kms.katalon.core.webui.exception.WebElementNotFoundException: Web element with id: 'Object Repository/Utils/Page_CNPM Danh sch thnh vin/input_Danh sch thnh vin_btn btn-secondary my-1' located by '//input[@value='Ghi danh người dùng']' not found
	at com.kms.katalon.core.webui.common.WebUiCommonHelper.findWebElement(WebUiCommonHelper.java:1368)
	at com.kms.katalon.core.webui.keyword.internal.WebUIAbstractKeyword.findWebElement(WebUIAbstractKeyword.groovy:27)
	at com.kms.katalon.core.webui.keyword.builtin.ClickKeyword$_click_closure1.doCall(ClickKeyword.groovy:65)
	at com.kms.katalon.core.webui.keyword.builtin.ClickKeyword$_click_closure1.call(ClickKeyword.groovy)
	at com.kms.katalon.core.webui.keyword.internal.WebUIKeywordMain.runKeyword(WebUIKeywordMain.groovy:20)
	... 38 more
"/>
         <system-out><![CDATA[2022-01-16 12:35:53 - [TEST_CASE][FAILED] - Test Cases/Create folder and quiz/Create folder without title: Test Cases/Create folder and quiz/Create folder without title FAILED.
Reason:
com.kms.katalon.core.exception.StepFailedException: Call Test Case 'Test Cases/Utils/Create course CNPM' failed
	at com.kms.katalon.core.keyword.builtin.CallTestCaseKeyword$_callTestCase_closure1.doCall(CallTestCaseKeyword.groovy:63)
	at com.kms.katalon.core.keyword.builtin.CallTestCaseKeyword$_callTestCase_closure1.call(CallTestCaseKeyword.groovy)
	at com.kms.katalon.core.keyword.internal.KeywordMain.runKeyword(KeywordMain.groovy:74)
	at com.kms.katalon.core.keyword.builtin.CallTestCaseKeyword.callTestCase(CallTestCaseKeyword.groovy:81)
	at com.kms.katalon.core.keyword.builtin.CallTestCaseKeyword.execute(CallTestCaseKeyword.groovy:44)
	at com.kms.katalon.core.keyword.internal.KeywordExecutor.executeKeywordForPlatform(KeywordExecutor.groovy:74)
	at com.kms.katalon.core.keyword.BuiltinKeywords.callTestCase(BuiltinKeywords.groovy:334)
	at Create folder without title.run(Create folder without title:24)
	at com.kms.katalon.core.main.ScriptEngine.run(ScriptEngine.java:194)
	at com.kms.katalon.core.main.ScriptEngine.runScriptAsRawText(ScriptEngine.java:119)
	at com.kms.katalon.core.main.TestCaseExecutor.runScript(TestCaseExecutor.java:442)
	at com.kms.katalon.core.main.TestCaseExecutor.doExecute(TestCaseExecutor.java:433)
	at com.kms.katalon.core.main.TestCaseExecutor.processExecutionPhase(TestCaseExecutor.java:412)
	at com.kms.katalon.core.main.TestCaseExecutor.accessMainPhase(TestCaseExecutor.java:404)
	at com.kms.katalon.core.main.TestCaseExecutor.execute(TestCaseExecutor.java:281)
	at com.kms.katalon.core.main.TestCaseExecutor.execute(TestCaseExecutor.java:363)
	at com.kms.katalon.core.main.TestCaseExecutor.execute(TestCaseExecutor.java:363)
	at com.kms.katalon.core.main.TestCaseExecutor.execute(TestCaseExecutor.java:363)
	at com.kms.katalon.core.main.TestSuiteExecutor.accessTestCaseMainPhase(TestSuiteExecutor.java:202)
	at com.kms.katalon.core.main.TestSuiteExecutor.accessTestSuiteMainPhase(TestSuiteExecutor.java:164)
	at com.kms.katalon.core.main.TestSuiteExecutor.execute(TestSuiteExecutor.java:105)
	at com.kms.katalon.core.main.TestCaseMain.startTestSuite(TestCaseMain.java:181)
	at com.kms.katalon.core.main.TestCaseMain$startTestSuite$0.call(Unknown Source)
	at TempTestSuite1642298356151.run(TempTestSuite1642298356151.groovy:36)
Caused by: com.kms.katalon.core.exception.StepFailedException: Unable to click on object 'Object Repository/Utils/Page_CNPM Danh sch thnh vin/input_Danh sch thnh vin_btn btn-secondary my-1'
	at com.kms.katalon.core.webui.keyword.internal.WebUIKeywordMain.stepFailed(WebUIKeywordMain.groovy:64)
	at com.kms.katalon.core.webui.keyword.internal.WebUIKeywordMain.runKeyword(WebUIKeywordMain.groovy:26)
	at com.kms.katalon.core.webui.keyword.builtin.ClickKeyword.click(ClickKeyword.groovy:74)
	at com.kms.katalon.core.webui.keyword.builtin.ClickKeyword.execute(ClickKeyword.groovy:40)
	at com.kms.katalon.core.keyword.internal.KeywordExecutor.executeKeywordForPlatform(KeywordExecutor.groovy:74)
	at com.kms.katalon.core.webui.keyword.WebUiBuiltInKeywords.click(WebUiBuiltInKeywords.groovy:620)
	at com.kms.katalon.core.webui.keyword.WebUiBuiltInKeywords$click$1.call(Unknown Source)
	at Create course CNPM.run(Create course CNPM:36)
	at com.kms.katalon.core.main.ScriptEngine.run(ScriptEngine.java:194)
	at com.kms.katalon.core.main.ScriptEngine.runScriptAsRawText(ScriptEngine.java:119)
	at com.kms.katalon.core.main.TestCaseExecutor.runScript(TestCaseExecutor.java:442)
	at com.kms.katalon.core.main.TestCaseExecutor.doExecute(TestCaseExecutor.java:433)
	at com.kms.katalon.core.main.TestCaseExecutor.processExecutionPhase(TestCaseExecutor.java:412)
	at com.kms.katalon.core.main.TestCaseExecutor.accessMainPhase(TestCaseExecutor.java:404)
	at com.kms.katalon.core.main.TestCaseExecutor.execute(TestCaseExecutor.java:281)
	at com.kms.katalon.core.main.TestCaseMain.runTestCase(TestCaseMain.java:138)
	at com.kms.katalon.core.keyword.builtin.CallTestCaseKeyword$_callTestCase_closure1.doCall(CallTestCaseKeyword.groovy:59)
	... 23 more
Caused by: com.kms.katalon.core.webui.exception.WebElementNotFoundException: Web element with id: 'Object Repository/Utils/Page_CNPM Danh sch thnh vin/input_Danh sch thnh vin_btn btn-secondary my-1' located by '//input[@value='Ghi danh người dùng']' not found
	at com.kms.katalon.core.webui.common.WebUiCommonHelper.findWebElement(WebUiCommonHelper.java:1368)
	at com.kms.katalon.core.webui.keyword.internal.WebUIAbstractKeyword.findWebElement(WebUIAbstractKeyword.groovy:27)
	at com.kms.katalon.core.webui.keyword.builtin.ClickKeyword$_click_closure1.doCall(ClickKeyword.groovy:65)
	at com.kms.katalon.core.webui.keyword.builtin.ClickKeyword$_click_closure1.call(ClickKeyword.groovy)
	at com.kms.katalon.core.webui.keyword.internal.WebUIKeywordMain.runKeyword(WebUIKeywordMain.groovy:20)
	... 38 more


2022-01-16 12:35:53 - [TEST_STEP][PASSED] - openBrowser(""): Browser is opened with url: ''

2022-01-16 12:35:53 - [MESSAGE][WARNING] - A browser is already opened. Closing browser and opening a new one

2022-01-16 12:35:54 - [MESSAGE][INFO] - Starting 'Edge Chromium' driver

2022-01-16 12:35:54 - [MESSAGE][INFO] - Action delay is set to 0 milliseconds

2022-01-16 12:36:00 - [MESSAGE][PASSED] - Browser is opened with url: ''

2022-01-16 12:36:00 - [TEST_STEP][PASSED] - navigateToUrl("http://localhost/"): Navigate to 'http://localhost/' successfully

2022-01-16 12:36:10 - [MESSAGE][PASSED] - Navigate to 'http://localhost/' successfully

2022-01-16 12:36:10 - [TEST_STEP][FAILED] - callTestCase(findTestCase("Utils/Create course CNPM"), [:], STOP_ON_FAILURE): Unable to call Test Case 'Test Cases/Utils/Create course CNPM' (Root cause: com.kms.katalon.core.exception.StepFailedException: Call Test Case 'Test Cases/Utils/Create course CNPM' failed
	at com.kms.katalon.core.keyword.builtin.CallTestCaseKeyword$_callTestCase_closure1.doCall(CallTestCaseKeyword.groovy:63)
	at com.kms.katalon.core.keyword.builtin.CallTestCaseKeyword$_callTestCase_closure1.call(CallTestCaseKeyword.groovy)
	at com.kms.katalon.core.keyword.internal.KeywordMain.runKeyword(KeywordMain.groovy:74)
	at com.kms.katalon.core.keyword.builtin.CallTestCaseKeyword.callTestCase(CallTestCaseKeyword.groovy:81)
	at com.kms.katalon.core.keyword.builtin.CallTestCaseKeyword.execute(CallTestCaseKeyword.groovy:44)
	at com.kms.katalon.core.keyword.internal.KeywordExecutor.executeKeywordForPlatform(KeywordExecutor.groovy:74)
	at com.kms.katalon.core.keyword.BuiltinKeywords.callTestCase(BuiltinKeywords.groovy:334)
	at Create folder without title.run(Create folder without title:24)
	at com.kms.katalon.core.main.ScriptEngine.run(ScriptEngine.java:194)
	at com.kms.katalon.core.main.ScriptEngine.runScriptAsRawText(ScriptEngine.java:119)
	at com.kms.katalon.core.main.TestCaseExecutor.runScript(TestCaseExecutor.java:442)
	at com.kms.katalon.core.main.TestCaseExecutor.doExecute(TestCaseExecutor.java:433)
	at com.kms.katalon.core.main.TestCaseExecutor.processExecutionPhase(TestCaseExecutor.java:412)
	at com.kms.katalon.core.main.TestCaseExecutor.accessMainPhase(TestCaseExecutor.java:404)
	at com.kms.katalon.core.main.TestCaseExecutor.execute(TestCaseExecutor.java:281)
	at com.kms.katalon.core.main.TestCaseExecutor.execute(TestCaseExecutor.java:363)
	at com.kms.katalon.core.main.TestCaseExecutor.execute(TestCaseExecutor.java:363)
	at com.kms.katalon.core.main.TestCaseExecutor.execute(TestCaseExecutor.java:363)
	at com.kms.katalon.core.main.TestSuiteExecutor.accessTestCaseMainPhase(TestSuiteExecutor.java:202)
	at com.kms.katalon.core.main.TestSuiteExecutor.accessTestSuiteMainPhase(TestSuiteExecutor.java:164)
	at com.kms.katalon.core.main.TestSuiteExecutor.execute(TestSuiteExecutor.java:105)
	at com.kms.katalon.core.main.TestCaseMain.startTestSuite(TestCaseMain.java:181)
	at com.kms.katalon.core.main.TestCaseMain$startTestSuite$0.call(Unknown Source)
	at TempTestSuite1642298356151.run(TempTestSuite1642298356151.groovy:36)
Caused by: com.kms.katalon.core.exception.StepFailedException: Unable to click on object 'Object Repository/Utils/Page_CNPM Danh sch thnh vin/input_Danh sch thnh vin_btn btn-secondary my-1'
	at com.kms.katalon.core.webui.keyword.internal.WebUIKeywordMain.stepFailed(WebUIKeywordMain.groovy:64)
	at com.kms.katalon.core.webui.keyword.internal.WebUIKeywordMain.runKeyword(WebUIKeywordMain.groovy:26)
	at com.kms.katalon.core.webui.keyword.builtin.ClickKeyword.click(ClickKeyword.groovy:74)
	at com.kms.katalon.core.webui.keyword.builtin.ClickKeyword.execute(ClickKeyword.groovy:40)
	at com.kms.katalon.core.keyword.internal.KeywordExecutor.executeKeywordForPlatform(KeywordExecutor.groovy:74)
	at com.kms.katalon.core.webui.keyword.WebUiBuiltInKeywords.click(WebUiBuiltInKeywords.groovy:620)
	at com.kms.katalon.core.webui.keyword.WebUiBuiltInKeywords$click$1.call(Unknown Source)
	at Create course CNPM.run(Create course CNPM:36)
	at com.kms.katalon.core.main.ScriptEngine.run(ScriptEngine.java:194)
	at com.kms.katalon.core.main.ScriptEngine.runScriptAsRawText(ScriptEngine.java:119)
	at com.kms.katalon.core.main.TestCaseExecutor.runScript(TestCaseExecutor.java:442)
	at com.kms.katalon.core.main.TestCaseExecutor.doExecute(TestCaseExecutor.java:433)
	at com.kms.katalon.core.main.TestCaseExecutor.processExecutionPhase(TestCaseExecutor.java:412)
	at com.kms.katalon.core.main.TestCaseExecutor.accessMainPhase(TestCaseExecutor.java:404)
	at com.kms.katalon.core.main.TestCaseExecutor.execute(TestCaseExecutor.java:281)
	at com.kms.katalon.core.main.TestCaseMain.runTestCase(TestCaseMain.java:138)
	at com.kms.katalon.core.keyword.builtin.CallTestCaseKeyword$_callTestCase_closure1.doCall(CallTestCaseKeyword.groovy:59)
	... 23 more
Caused by: com.kms.katalon.core.webui.exception.WebElementNotFoundException: Web element with id: 'Object Repository/Utils/Page_CNPM Danh sch thnh vin/input_Danh sch thnh vin_btn btn-secondary my-1' located by '//input[@value='Ghi danh người dùng']' not found
	at com.kms.katalon.core.webui.common.WebUiCommonHelper.findWebElement(WebUiCommonHelper.java:1368)
	at com.kms.katalon.core.webui.keyword.internal.WebUIAbstractKeyword.findWebElement(WebUIAbstractKeyword.groovy:27)
	at com.kms.katalon.core.webui.keyword.builtin.ClickKeyword$_click_closure1.doCall(ClickKeyword.groovy:65)
	at com.kms.katalon.core.webui.keyword.builtin.ClickKeyword$_click_closure1.call(ClickKeyword.groovy)
	at com.kms.katalon.core.webui.keyword.internal.WebUIKeywordMain.runKeyword(WebUIKeywordMain.groovy:20)
	... 38 more
)

2022-01-16 12:36:10 - [TEST_CASE][FAILED] - Test Cases/Utils/Create course CNPM: Test Cases/Utils/Create course CNPM FAILED.
Reason:
com.kms.katalon.core.exception.StepFailedException: Unable to click on object 'Object Repository/Utils/Page_CNPM Danh sch thnh vin/input_Danh sch thnh vin_btn btn-secondary my-1'
	at com.kms.katalon.core.webui.keyword.internal.WebUIKeywordMain.stepFailed(WebUIKeywordMain.groovy:64)
	at com.kms.katalon.core.webui.keyword.internal.WebUIKeywordMain.runKeyword(WebUIKeywordMain.groovy:26)
	at com.kms.katalon.core.webui.keyword.builtin.ClickKeyword.click(ClickKeyword.groovy:74)
	at com.kms.katalon.core.webui.keyword.builtin.ClickKeyword.execute(ClickKeyword.groovy:40)
	at com.kms.katalon.core.keyword.internal.KeywordExecutor.executeKeywordForPlatform(KeywordExecutor.groovy:74)
	at com.kms.katalon.core.webui.keyword.WebUiBuiltInKeywords.click(WebUiBuiltInKeywords.groovy:620)
	at com.kms.katalon.core.webui.keyword.WebUiBuiltInKeywords$click$1.call(Unknown Source)
	at Create course CNPM.run(Create course CNPM:36)
	at com.kms.katalon.core.main.ScriptEngine.run(ScriptEngine.java:194)
	at com.kms.katalon.core.main.ScriptEngine.runScriptAsRawText(ScriptEngine.java:119)
	at com.kms.katalon.core.main.TestCaseExecutor.runScript(TestCaseExecutor.java:442)
	at com.kms.katalon.core.main.TestCaseExecutor.doExecute(TestCaseExecutor.java:433)
	at com.kms.katalon.core.main.TestCaseExecutor.processExecutionPhase(TestCaseExecutor.java:412)
	at com.kms.katalon.core.main.TestCaseExecutor.accessMainPhase(TestCaseExecutor.java:404)
	at com.kms.katalon.core.main.TestCaseExecutor.execute(TestCaseExecutor.java:281)
	at com.kms.katalon.core.main.TestCaseMain.runTestCase(TestCaseMain.java:138)
	at com.kms.katalon.core.keyword.builtin.CallTestCaseKeyword$_callTestCase_closure1.doCall(CallTestCaseKeyword.groovy:59)
	at com.kms.katalon.core.keyword.builtin.CallTestCaseKeyword$_callTestCase_closure1.call(CallTestCaseKeyword.groovy)
	at com.kms.katalon.core.keyword.internal.KeywordMain.runKeyword(KeywordMain.groovy:74)
	at com.kms.katalon.core.keyword.builtin.CallTestCaseKeyword.callTestCase(CallTestCaseKeyword.groovy:81)
	at com.kms.katalon.core.keyword.builtin.CallTestCaseKeyword.execute(CallTestCaseKeyword.groovy:44)
	at com.kms.katalon.core.keyword.internal.KeywordExecutor.executeKeywordForPlatform(KeywordExecutor.groovy:74)
	at com.kms.katalon.core.keyword.BuiltinKeywords.callTestCase(BuiltinKeywords.groovy:334)
	at Create folder without title.run(Create folder without title:24)
	at com.kms.katalon.core.main.ScriptEngine.run(ScriptEngine.java:194)
	at com.kms.katalon.core.main.ScriptEngine.runScriptAsRawText(ScriptEngine.java:119)
	at com.kms.katalon.core.main.TestCaseExecutor.runScript(TestCaseExecutor.java:442)
	at com.kms.katalon.core.main.TestCaseExecutor.doExecute(TestCaseExecutor.java:433)
	at com.kms.katalon.core.main.TestCaseExecutor.processExecutionPhase(TestCaseExecutor.java:412)
	at com.kms.katalon.core.main.TestCaseExecutor.accessMainPhase(TestCaseExecutor.java:404)
	at com.kms.katalon.core.main.TestCaseExecutor.execute(TestCaseExecutor.java:281)
	at com.kms.katalon.core.main.TestCaseExecutor.execute(TestCaseExecutor.java:363)
	at com.kms.katalon.core.main.TestCaseExecutor.execute(TestCaseExecutor.java:363)
	at com.kms.katalon.core.main.TestCaseExecutor.execute(TestCaseExecutor.java:363)
	at com.kms.katalon.core.main.TestSuiteExecutor.accessTestCaseMainPhase(TestSuiteExecutor.java:202)
	at com.kms.katalon.core.main.TestSuiteExecutor.accessTestSuiteMainPhase(TestSuiteExecutor.java:164)
	at com.kms.katalon.core.main.TestSuiteExecutor.execute(TestSuiteExecutor.java:105)
	at com.kms.katalon.core.main.TestCaseMain.startTestSuite(TestCaseMain.java:181)
	at com.kms.katalon.core.main.TestCaseMain$startTestSuite$0.call(Unknown Source)
	at TempTestSuite1642298356151.run(TempTestSuite1642298356151.groovy:36)
Caused by: com.kms.katalon.core.webui.exception.WebElementNotFoundException: Web element with id: 'Object Repository/Utils/Page_CNPM Danh sch thnh vin/input_Danh sch thnh vin_btn btn-secondary my-1' located by '//input[@value='Ghi danh người dùng']' not found
	at com.kms.katalon.core.webui.common.WebUiCommonHelper.findWebElement(WebUiCommonHelper.java:1368)
	at com.kms.katalon.core.webui.keyword.internal.WebUIAbstractKeyword.findWebElement(WebUIAbstractKeyword.groovy:27)
	at com.kms.katalon.core.webui.keyword.builtin.ClickKeyword$_click_closure1.doCall(ClickKeyword.groovy:65)
	at com.kms.katalon.core.webui.keyword.builtin.ClickKeyword$_click_closure1.call(ClickKeyword.groovy)
	at com.kms.katalon.core.webui.keyword.internal.WebUIKeywordMain.runKeyword(WebUIKeywordMain.groovy:20)
	... 38 more


2022-01-16 12:36:10 - [TEST_STEP][PASSED] - callTestCase(findTestCase("Utils/Login as admin"), [:], STOP_ON_FAILURE): Call Test Case 'Test Cases/Utils/Login as admin' successfully

2022-01-16 12:36:10 - [TEST_CASE][PASSED] - Test Cases/Utils/Login as admin: Test Cases/Utils/Login as admin

2022-01-16 12:36:10 - [TEST_STEP][PASSED] - click(findTestObject("View course grade/Page_Local Moodle/a_Log in")): Object: 'Object Repository/View course grade/Page_Local Moodle/a_Log in' is clicked on

2022-01-16 12:36:11 - [MESSAGE][PASSED] - Object: 'Object Repository/View course grade/Page_Local Moodle/a_Log in' is clicked on

2022-01-16 12:36:11 - [TEST_STEP][PASSED] - setText(findTestObject("View course grade/Page_Local Moodle Log in to the site/input_Username_username"), "admin"): Text 'admin' is set on object 'Object Repository/View course grade/Page_Local Moodle Log in to the site/input_Username_username'

2022-01-16 12:36:13 - [MESSAGE][PASSED] - Text 'admin' is set on object 'Object Repository/View course grade/Page_Local Moodle Log in to the site/input_Username_username'

2022-01-16 12:36:13 - [TEST_STEP][PASSED] - setEncryptedText(findTestObject("View course grade/Page_Local Moodle Log in to the site/input_Password_password"), "bfAykA/oWJ09FXmiKh6lyuuLu8QhG1K5"): Text ****** has been set on object 'Object Repository/View course grade/Page_Local Moodle Log in to the site/input_Password_password'

2022-01-16 12:36:13 - [MESSAGE][PASSED] - Text ****** has been set on object 'Object Repository/View course grade/Page_Local Moodle Log in to the site/input_Password_password'

2022-01-16 12:36:13 - [TEST_STEP][PASSED] - click(findTestObject("View course grade/Page_Local Moodle Log in to the site/button_Log in")): Object: 'Object Repository/View course grade/Page_Local Moodle Log in to the site/button_Log in' is clicked on

2022-01-16 12:36:32 - [MESSAGE][PASSED] - Object: 'Object Repository/View course grade/Page_Local Moodle Log in to the site/button_Log in' is clicked on

2022-01-16 12:36:32 - [MESSAGE][PASSED] - Call Test Case 'Test Cases/Utils/Login as admin' successfully

2022-01-16 12:36:32 - [TEST_STEP][PASSED] - click(findTestObject("Object Repository/Utils/Page_Nh ca ti/span_Qun tr khu vc")): Object: 'Object Repository/Utils/Page_Nh ca ti/span_Qun tr khu vc' is clicked on

2022-01-16 12:36:37 - [MESSAGE][PASSED] - Object: 'Object Repository/Utils/Page_Nh ca ti/span_Qun tr khu vc' is clicked on

2022-01-16 12:36:37 - [TEST_STEP][PASSED] - click(findTestObject("Object Repository/Utils/Page_Moodle Khu vc qun tr Tm kim/a_Kho hc")): Object: 'Object Repository/Utils/Page_Moodle Khu vc qun tr Tm kim/a_Kho hc' is clicked on

2022-01-16 12:36:38 - [MESSAGE][PASSED] - Object: 'Object Repository/Utils/Page_Moodle Khu vc qun tr Tm kim/a_Kho hc' is clicked on

2022-01-16 12:36:38 - [TEST_STEP][PASSED] - click(findTestObject("Object Repository/Utils/Page_Moodle Khu vc qun tr Tm kim/a_Thmsa cc kho hc")): Object: 'Object Repository/Utils/Page_Moodle Khu vc qun tr Tm kim/a_Thmsa cc kho hc' is clicked on

2022-01-16 12:36:41 - [MESSAGE][PASSED] - Object: 'Object Repository/Utils/Page_Moodle Khu vc qun tr Tm kim/a_Thmsa cc kho hc' is clicked on

2022-01-16 12:36:41 - [TEST_STEP][PASSED] - click(findTestObject("Object Repository/Utils/Page_Qun l kha hc v danh mc kha hc/a_To kha hc mi")): Object: 'Object Repository/Utils/Page_Qun l kha hc v danh mc kha hc/a_To kha hc mi' is clicked on

2022-01-16 12:36:48 - [MESSAGE][INFO] - Unable to find the element located by 'By.xpath: //div[@id='yui_3_17_2_1_1641906891631_57']/div/div/a'. Please recheck the objects properties to make sure the desired element is located. 

2022-01-16 12:36:48 - [MESSAGE][WARNING] - [SELF-HEALING] Failed to find element with id 'Object Repository/Utils/Page_Qun l kha hc v danh mc kha hc/a_To kha hc mi'. Try using Self-healing.

2022-01-16 12:36:48 - [MESSAGE][WARNING] - [SELF-HEALING] The current locator of test object 'Object Repository/Utils/Page_Qun l kha hc v danh mc kha hc/a_To kha hc mi' was broken. Propose an alternative one: '//a[contains(text(),'Tạo khóa học mới')]'.

2022-01-16 12:36:51 - [MESSAGE][PASSED] - Object: 'Object Repository/Utils/Page_Qun l kha hc v danh mc kha hc/a_To kha hc mi' is clicked on

2022-01-16 12:36:51 - [TEST_STEP][PASSED] - setText(findTestObject("Object Repository/Utils/Page_Moodle Thm kho hc mi/input_Tn y_fullname"), "Nhập môn Công nghệ phần mềm"): Text 'Nhập môn Công nghệ phần mềm' is set on object 'Object Repository/Utils/Page_Moodle Thm kho hc mi/input_Tn y_fullname'

2022-01-16 12:36:53 - [MESSAGE][PASSED] - Text 'Nhập môn Công nghệ phần mềm' is set on object 'Object Repository/Utils/Page_Moodle Thm kho hc mi/input_Tn y_fullname'

2022-01-16 12:36:53 - [TEST_STEP][PASSED] - setText(findTestObject("Object Repository/Utils/Page_Moodle Thm kho hc mi/input_Tn rt gn ca kho hc_shortname"), "CNPM"): Text 'CNPM' is set on object 'Object Repository/Utils/Page_Moodle Thm kho hc mi/input_Tn rt gn ca kho hc_shortname'

2022-01-16 12:36:54 - [MESSAGE][PASSED] - Text 'CNPM' is set on object 'Object Repository/Utils/Page_Moodle Thm kho hc mi/input_Tn rt gn ca kho hc_shortname'

2022-01-16 12:36:54 - [TEST_STEP][PASSED] - click(findTestObject("Object Repository/Utils/Page_Moodle Thm kho hc mi/input__saveanddisplay")): Object: 'Object Repository/Utils/Page_Moodle Thm kho hc mi/input__saveanddisplay' is clicked on

2022-01-16 12:36:57 - [MESSAGE][PASSED] - Object: 'Object Repository/Utils/Page_Moodle Thm kho hc mi/input__saveanddisplay' is clicked on

2022-01-16 12:36:57 - [TEST_STEP][FAILED] - click(findTestObject("Object Repository/Utils/Page_CNPM Danh sch thnh vin/input_Danh sch thnh vin_btn btn-secondary my-1")): Unable to click on object 'Object Repository/Utils/Page_CNPM Danh sch thnh vin/input_Danh sch thnh vin_btn btn-secondary my-1' (Root cause: com.kms.katalon.core.exception.StepFailedException: Unable to click on object 'Object Repository/Utils/Page_CNPM Danh sch thnh vin/input_Danh sch thnh vin_btn btn-secondary my-1'
	at com.kms.katalon.core.webui.keyword.internal.WebUIKeywordMain.stepFailed(WebUIKeywordMain.groovy:64)
	at com.kms.katalon.core.webui.keyword.internal.WebUIKeywordMain.runKeyword(WebUIKeywordMain.groovy:26)
	at com.kms.katalon.core.webui.keyword.builtin.ClickKeyword.click(ClickKeyword.groovy:74)
	at com.kms.katalon.core.webui.keyword.builtin.ClickKeyword.execute(ClickKeyword.groovy:40)
	at com.kms.katalon.core.keyword.internal.KeywordExecutor.executeKeywordForPlatform(KeywordExecutor.groovy:74)
	at com.kms.katalon.core.webui.keyword.WebUiBuiltInKeywords.click(WebUiBuiltInKeywords.groovy:620)
	at com.kms.katalon.core.webui.keyword.WebUiBuiltInKeywords$click$1.call(Unknown Source)
	at Create course CNPM.run(Create course CNPM:36)
	at com.kms.katalon.core.main.ScriptEngine.run(ScriptEngine.java:194)
	at com.kms.katalon.core.main.ScriptEngine.runScriptAsRawText(ScriptEngine.java:119)
	at com.kms.katalon.core.main.TestCaseExecutor.runScript(TestCaseExecutor.java:442)
	at com.kms.katalon.core.main.TestCaseExecutor.doExecute(TestCaseExecutor.java:433)
	at com.kms.katalon.core.main.TestCaseExecutor.processExecutionPhase(TestCaseExecutor.java:412)
	at com.kms.katalon.core.main.TestCaseExecutor.accessMainPhase(TestCaseExecutor.java:404)
	at com.kms.katalon.core.main.TestCaseExecutor.execute(TestCaseExecutor.java:281)
	at com.kms.katalon.core.main.TestCaseMain.runTestCase(TestCaseMain.java:138)
	at com.kms.katalon.core.keyword.builtin.CallTestCaseKeyword$_callTestCase_closure1.doCall(CallTestCaseKeyword.groovy:59)
	at com.kms.katalon.core.keyword.builtin.CallTestCaseKeyword$_callTestCase_closure1.call(CallTestCaseKeyword.groovy)
	at com.kms.katalon.core.keyword.internal.KeywordMain.runKeyword(KeywordMain.groovy:74)
	at com.kms.katalon.core.keyword.builtin.CallTestCaseKeyword.callTestCase(CallTestCaseKeyword.groovy:81)
	at com.kms.katalon.core.keyword.builtin.CallTestCaseKeyword.execute(CallTestCaseKeyword.groovy:44)
	at com.kms.katalon.core.keyword.internal.KeywordExecutor.executeKeywordForPlatform(KeywordExecutor.groovy:74)
	at com.kms.katalon.core.keyword.BuiltinKeywords.callTestCase(BuiltinKeywords.groovy:334)
	at Create folder without title.run(Create folder without title:24)
	at com.kms.katalon.core.main.ScriptEngine.run(ScriptEngine.java:194)
	at com.kms.katalon.core.main.ScriptEngine.runScriptAsRawText(ScriptEngine.java:119)
	at com.kms.katalon.core.main.TestCaseExecutor.runScript(TestCaseExecutor.java:442)
	at com.kms.katalon.core.main.TestCaseExecutor.doExecute(TestCaseExecutor.java:433)
	at com.kms.katalon.core.main.TestCaseExecutor.processExecutionPhase(TestCaseExecutor.java:412)
	at com.kms.katalon.core.main.TestCaseExecutor.accessMainPhase(TestCaseExecutor.java:404)
	at com.kms.katalon.core.main.TestCaseExecutor.execute(TestCaseExecutor.java:281)
	at com.kms.katalon.core.main.TestCaseExecutor.execute(TestCaseExecutor.java:363)
	at com.kms.katalon.core.main.TestCaseExecutor.execute(TestCaseExecutor.java:363)
	at com.kms.katalon.core.main.TestCaseExecutor.execute(TestCaseExecutor.java:363)
	at com.kms.katalon.core.main.TestSuiteExecutor.accessTestCaseMainPhase(TestSuiteExecutor.java:202)
	at com.kms.katalon.core.main.TestSuiteExecutor.accessTestSuiteMainPhase(TestSuiteExecutor.java:164)
	at com.kms.katalon.core.main.TestSuiteExecutor.execute(TestSuiteExecutor.java:105)
	at com.kms.katalon.core.main.TestCaseMain.startTestSuite(TestCaseMain.java:181)
	at com.kms.katalon.core.main.TestCaseMain$startTestSuite$0.call(Unknown Source)
	at TempTestSuite1642298356151.run(TempTestSuite1642298356151.groovy:36)
Caused by: com.kms.katalon.core.webui.exception.WebElementNotFoundException: Web element with id: 'Object Repository/Utils/Page_CNPM Danh sch thnh vin/input_Danh sch thnh vin_btn btn-secondary my-1' located by '//input[@value='Ghi danh người dùng']' not found
	at com.kms.katalon.core.webui.common.WebUiCommonHelper.findWebElement(WebUiCommonHelper.java:1368)
	at com.kms.katalon.core.webui.keyword.internal.WebUIAbstractKeyword.findWebElement(WebUIAbstractKeyword.groovy:27)
	at com.kms.katalon.core.webui.keyword.builtin.ClickKeyword$_click_closure1.doCall(ClickKeyword.groovy:65)
	at com.kms.katalon.core.webui.keyword.builtin.ClickKeyword$_click_closure1.call(ClickKeyword.groovy)
	at com.kms.katalon.core.webui.keyword.internal.WebUIKeywordMain.runKeyword(WebUIKeywordMain.groovy:20)
	at com.kms.katalon.core.webui.keyword.builtin.ClickKeyword.click(ClickKeyword.groovy:74)
	at com.kms.katalon.core.webui.keyword.builtin.ClickKeyword.execute(ClickKeyword.groovy:40)
	at com.kms.katalon.core.keyword.internal.KeywordExecutor.executeKeywordForPlatform(KeywordExecutor.groovy:74)
	at com.kms.katalon.core.webui.keyword.WebUiBuiltInKeywords.click(WebUiBuiltInKeywords.groovy:620)
	at com.kms.katalon.core.webui.keyword.WebUiBuiltInKeywords$click$1.call(Unknown Source)
	at Script1641906761787.run(Script1641906761787.groovy:36)
	at com.kms.katalon.core.main.ScriptEngine.run(ScriptEngine.java:194)
	at com.kms.katalon.core.main.ScriptEngine.runScriptAsRawText(ScriptEngine.java:119)
	at com.kms.katalon.core.main.TestCaseExecutor.runScript(TestCaseExecutor.java:442)
	at com.kms.katalon.core.main.TestCaseExecutor.doExecute(TestCaseExecutor.java:433)
	at com.kms.katalon.core.main.TestCaseExecutor.processExecutionPhase(TestCaseExecutor.java:412)
	at com.kms.katalon.core.main.TestCaseExecutor.accessMainPhase(TestCaseExecutor.java:404)
	at com.kms.katalon.core.main.TestCaseExecutor.execute(TestCaseExecutor.java:281)
	at com.kms.katalon.core.main.TestCaseMain.runTestCase(TestCaseMain.java:138)
	at com.kms.katalon.core.keyword.builtin.CallTestCaseKeyword$_callTestCase_closure1.doCall(CallTestCaseKeyword.groovy:59)
	at com.kms.katalon.core.keyword.builtin.CallTestCaseKeyword$_callTestCase_closure1.call(CallTestCaseKeyword.groovy)
	at com.kms.katalon.core.keyword.internal.KeywordMain.runKeyword(KeywordMain.groovy:74)
	at com.kms.katalon.core.keyword.builtin.CallTestCaseKeyword.callTestCase(CallTestCaseKeyword.groovy:81)
	at com.kms.katalon.core.keyword.builtin.CallTestCaseKeyword.execute(CallTestCaseKeyword.groovy:44)
	at com.kms.katalon.core.keyword.internal.KeywordExecutor.executeKeywordForPlatform(KeywordExecutor.groovy:74)
	at com.kms.katalon.core.keyword.BuiltinKeywords.callTestCase(BuiltinKeywords.groovy:334)
	at Script1641906223487.run(Script1641906223487.groovy:24)
	... 16 more
)

2022-01-16 12:37:03 - [MESSAGE][INFO] - Unable to find the element located by 'By.xpath: //input[@value='Ghi danh người dùng']'. Please recheck the objects properties to make sure the desired element is located. 

2022-01-16 12:37:03 - [MESSAGE][WARNING] - [SELF-HEALING] Failed to find element with id 'Object Repository/Utils/Page_CNPM Danh sch thnh vin/input_Danh sch thnh vin_btn btn-secondary my-1'. Try using Self-healing.

2022-01-16 12:37:03 - [MESSAGE][INFO] - [SELF-HEALING] Failed Locator: '//input[@value='Ghi danh người dùng']'.

2022-01-16 12:37:03 - [MESSAGE][INFO] - [SELF-HEALING] Failed Locator: '//form[@id='enrolusersbutton-1']/div/input'.

2022-01-16 12:37:04 - [MESSAGE][INFO] - [SELF-HEALING] Working Locator: '//input'.

2022-01-16 12:37:04 - [MESSAGE][ERROR] - [SELF-HEALING] Cannot save screenshot to: E:\xampp\htdocs\moodle\Test Automation - SE Bonus\Reports\Self-healing, reason: unknown error: unhandled inspector error: {"code":-32000,"message":"Cannot take screenshot with 0 width."}
  (Session info: MicrosoftEdge=97.0.1072.62)
Build info: version: '3.141.59', revision: 'e82be7d358', time: '2018-11-14T08:25:53'
System info: host: 'LAPTOP-DKU7IQF9', ip: '192.168.1.5', os.name: 'Windows 10', os.arch: 'amd64', os.version: '10.0', java.version: '1.8.0_282'
Driver info: com.kms.katalon.selenium.driver.CEdgeDriver
Capabilities {acceptInsecureCerts: false, browserName: msedge, browserVersion: 97.0.1072.62, javascriptEnabled: true, ms:edgeOptions: {debuggerAddress: localhost:59743}, msedge: {msedgedriverVersion: 97.0.1072.55 (ce3bf33648805..., userDataDir: C:\Users\ninhh\AppData\Loca...}, networkConnectionEnabled: false, pageLoadStrategy: normal, platform: WINDOWS, platformName: WINDOWS, proxy: Proxy(), setWindowRect: true, strictFileInteractability: false, timeouts: {implicit: 0, pageLoad: 300000, script: 30000}, unhandledPromptBehavior: dismiss and notify, webauthn:extension:credBlob: true, webauthn:extension:largeBlob: true, webauthn:virtualAuthenticators: true}
Session ID: 6506a754cfc1267552002bf44ec594ca.

2022-01-16 12:37:04 - [MESSAGE][ERROR] - [SELF-HEALING] Cannot save screenshot to: E:\xampp\htdocs\moodle\Test Automation - SE Bonus\Reports\Self-healing, reason: unknown error: unhandled inspector error: {"code":-32000,"message":"Cannot take screenshot with 0 width."}
  (Session info: MicrosoftEdge=97.0.1072.62)
Build info: version: '3.141.59', revision: 'e82be7d358', time: '2018-11-14T08:25:53'
System info: host: 'LAPTOP-DKU7IQF9', ip: '192.168.1.5', os.name: 'Windows 10', os.arch: 'amd64', os.version: '10.0', java.version: '1.8.0_282'
Driver info: com.kms.katalon.selenium.driver.CEdgeDriver
Capabilities {acceptInsecureCerts: false, browserName: msedge, browserVersion: 97.0.1072.62, javascriptEnabled: true, ms:edgeOptions: {debuggerAddress: localhost:59743}, msedge: {msedgedriverVersion: 97.0.1072.55 (ce3bf33648805..., userDataDir: C:\Users\ninhh\AppData\Loca...}, networkConnectionEnabled: false, pageLoadStrategy: normal, platform: WINDOWS, platformName: WINDOWS, proxy: Proxy(), setWindowRect: true, strictFileInteractability: false, timeouts: {implicit: 0, pageLoad: 300000, script: 30000}, unhandledPromptBehavior: dismiss and notify, webauthn:extension:credBlob: true, webauthn:extension:largeBlob: true, webauthn:virtualAuthenticators: true}
Session ID: 6506a754cfc1267552002bf44ec594ca.

2022-01-16 12:37:04 - [MESSAGE][WARNING] - [SELF-HEALING] 'other' is different type of Path

2022-01-16 12:37:04 - [MESSAGE][ERROR] - [SELF-HEALING] Cannot save screenshot to: E:\xampp\htdocs\moodle\Test Automation - SE Bonus\Reports\Self-healing, reason: unknown error: unhandled inspector error: {"code":-32000,"message":"Cannot take screenshot with 0 width."}
  (Session info: MicrosoftEdge=97.0.1072.62)
Build info: version: '3.141.59', revision: 'e82be7d358', time: '2018-11-14T08:25:53'
System info: host: 'LAPTOP-DKU7IQF9', ip: '192.168.1.5', os.name: 'Windows 10', os.arch: 'amd64', os.version: '10.0', java.version: '1.8.0_282'
Driver info: com.kms.katalon.selenium.driver.CEdgeDriver
Capabilities {acceptInsecureCerts: false, browserName: msedge, browserVersion: 97.0.1072.62, javascriptEnabled: true, ms:edgeOptions: {debuggerAddress: localhost:59743}, msedge: {msedgedriverVersion: 97.0.1072.55 (ce3bf33648805..., userDataDir: C:\Users\ninhh\AppData\Loca...}, networkConnectionEnabled: false, pageLoadStrategy: normal, platform: WINDOWS, platformName: WINDOWS, proxy: Proxy(), setWindowRect: true, strictFileInteractability: false, timeouts: {implicit: 0, pageLoad: 300000, script: 30000}, unhandledPromptBehavior: dismiss and notify, webauthn:extension:credBlob: true, webauthn:extension:largeBlob: true, webauthn:virtualAuthenticators: true}
Session ID: 6506a754cfc1267552002bf44ec594ca.

2022-01-16 12:37:04 - [MESSAGE][WARNING] - [SELF-HEALING] 'other' is different type of Path

2022-01-16 12:37:05 - [MESSAGE][INFO] - Unable to find the element located by 'By.cssSelector: input.btn.btn-secondary.my-1'. Please recheck the objects properties to make sure the desired element is located. 

2022-01-16 12:37:05 - [MESSAGE][FAILED] - Unable to click on object 'Object Repository/Utils/Page_CNPM Danh sch thnh vin/input_Danh sch thnh vin_btn btn-secondary my-1' (Root cause: com.kms.katalon.core.exception.StepFailedException: Unable to click on object 'Object Repository/Utils/Page_CNPM Danh sch thnh vin/input_Danh sch thnh vin_btn btn-secondary my-1'
	at com.kms.katalon.core.webui.keyword.internal.WebUIKeywordMain.stepFailed(WebUIKeywordMain.groovy:64)
	at com.kms.katalon.core.webui.keyword.internal.WebUIKeywordMain.runKeyword(WebUIKeywordMain.groovy:26)
	at com.kms.katalon.core.webui.keyword.builtin.ClickKeyword.click(ClickKeyword.groovy:74)
	at com.kms.katalon.core.webui.keyword.builtin.ClickKeyword.execute(ClickKeyword.groovy:40)
	at com.kms.katalon.core.keyword.internal.KeywordExecutor.executeKeywordForPlatform(KeywordExecutor.groovy:74)
	at com.kms.katalon.core.webui.keyword.WebUiBuiltInKeywords.click(WebUiBuiltInKeywords.groovy:620)
	at com.kms.katalon.core.webui.keyword.WebUiBuiltInKeywords$click$1.call(Unknown Source)
	at Create course CNPM.run(Create course CNPM:36)
	at com.kms.katalon.core.main.ScriptEngine.run(ScriptEngine.java:194)
	at com.kms.katalon.core.main.ScriptEngine.runScriptAsRawText(ScriptEngine.java:119)
	at com.kms.katalon.core.main.TestCaseExecutor.runScript(TestCaseExecutor.java:442)
	at com.kms.katalon.core.main.TestCaseExecutor.doExecute(TestCaseExecutor.java:433)
	at com.kms.katalon.core.main.TestCaseExecutor.processExecutionPhase(TestCaseExecutor.java:412)
	at com.kms.katalon.core.main.TestCaseExecutor.accessMainPhase(TestCaseExecutor.java:404)
	at com.kms.katalon.core.main.TestCaseExecutor.execute(TestCaseExecutor.java:281)
	at com.kms.katalon.core.main.TestCaseMain.runTestCase(TestCaseMain.java:138)
	at com.kms.katalon.core.keyword.builtin.CallTestCaseKeyword$_callTestCase_closure1.doCall(CallTestCaseKeyword.groovy:59)
	at com.kms.katalon.core.keyword.builtin.CallTestCaseKeyword$_callTestCase_closure1.call(CallTestCaseKeyword.groovy)
	at com.kms.katalon.core.keyword.internal.KeywordMain.runKeyword(KeywordMain.groovy:74)
	at com.kms.katalon.core.keyword.builtin.CallTestCaseKeyword.callTestCase(CallTestCaseKeyword.groovy:81)
	at com.kms.katalon.core.keyword.builtin.CallTestCaseKeyword.execute(CallTestCaseKeyword.groovy:44)
	at com.kms.katalon.core.keyword.internal.KeywordExecutor.executeKeywordForPlatform(KeywordExecutor.groovy:74)
	at com.kms.katalon.core.keyword.BuiltinKeywords.callTestCase(BuiltinKeywords.groovy:334)
	at Create folder without title.run(Create folder without title:24)
	at com.kms.katalon.core.main.ScriptEngine.run(ScriptEngine.java:194)
	at com.kms.katalon.core.main.ScriptEngine.runScriptAsRawText(ScriptEngine.java:119)
	at com.kms.katalon.core.main.TestCaseExecutor.runScript(TestCaseExecutor.java:442)
	at com.kms.katalon.core.main.TestCaseExecutor.doExecute(TestCaseExecutor.java:433)
	at com.kms.katalon.core.main.TestCaseExecutor.processExecutionPhase(TestCaseExecutor.java:412)
	at com.kms.katalon.core.main.TestCaseExecutor.accessMainPhase(TestCaseExecutor.java:404)
	at com.kms.katalon.core.main.TestCaseExecutor.execute(TestCaseExecutor.java:281)
	at com.kms.katalon.core.main.TestCaseExecutor.execute(TestCaseExecutor.java:363)
	at com.kms.katalon.core.main.TestCaseExecutor.execute(TestCaseExecutor.java:363)
	at com.kms.katalon.core.main.TestCaseExecutor.execute(TestCaseExecutor.java:363)
	at com.kms.katalon.core.main.TestSuiteExecutor.accessTestCaseMainPhase(TestSuiteExecutor.java:202)
	at com.kms.katalon.core.main.TestSuiteExecutor.accessTestSuiteMainPhase(TestSuiteExecutor.java:164)
	at com.kms.katalon.core.main.TestSuiteExecutor.execute(TestSuiteExecutor.java:105)
	at com.kms.katalon.core.main.TestCaseMain.startTestSuite(TestCaseMain.java:181)
	at com.kms.katalon.core.main.TestCaseMain$startTestSuite$0.call(Unknown Source)
	at TempTestSuite1642298356151.run(TempTestSuite1642298356151.groovy:36)
Caused by: com.kms.katalon.core.webui.exception.WebElementNotFoundException: Web element with id: 'Object Repository/Utils/Page_CNPM Danh sch thnh vin/input_Danh sch thnh vin_btn btn-secondary my-1' located by '//input[@value='Ghi danh người dùng']' not found
	at com.kms.katalon.core.webui.common.WebUiCommonHelper.findWebElement(WebUiCommonHelper.java:1368)
	at com.kms.katalon.core.webui.keyword.internal.WebUIAbstractKeyword.findWebElement(WebUIAbstractKeyword.groovy:27)
	at com.kms.katalon.core.webui.keyword.builtin.ClickKeyword$_click_closure1.doCall(ClickKeyword.groovy:65)
	at com.kms.katalon.core.webui.keyword.builtin.ClickKeyword$_click_closure1.call(ClickKeyword.groovy)
	at com.kms.katalon.core.webui.keyword.internal.WebUIKeywordMain.runKeyword(WebUIKeywordMain.groovy:20)
	at com.kms.katalon.core.webui.keyword.builtin.ClickKeyword.click(ClickKeyword.groovy:74)
	at com.kms.katalon.core.webui.keyword.builtin.ClickKeyword.execute(ClickKeyword.groovy:40)
	at com.kms.katalon.core.keyword.internal.KeywordExecutor.executeKeywordForPlatform(KeywordExecutor.groovy:74)
	at com.kms.katalon.core.webui.keyword.WebUiBuiltInKeywords.click(WebUiBuiltInKeywords.groovy:620)
	at com.kms.katalon.core.webui.keyword.WebUiBuiltInKeywords$click$1.call(Unknown Source)
	at Script1641906761787.run(Script1641906761787.groovy:36)
	at com.kms.katalon.core.main.ScriptEngine.run(ScriptEngine.java:194)
	at com.kms.katalon.core.main.ScriptEngine.runScriptAsRawText(ScriptEngine.java:119)
	at com.kms.katalon.core.main.TestCaseExecutor.runScript(TestCaseExecutor.java:442)
	at com.kms.katalon.core.main.TestCaseExecutor.doExecute(TestCaseExecutor.java:433)
	at com.kms.katalon.core.main.TestCaseExecutor.processExecutionPhase(TestCaseExecutor.java:412)
	at com.kms.katalon.core.main.TestCaseExecutor.accessMainPhase(TestCaseExecutor.java:404)
	at com.kms.katalon.core.main.TestCaseExecutor.execute(TestCaseExecutor.java:281)
	at com.kms.katalon.core.main.TestCaseMain.runTestCase(TestCaseMain.java:138)
	at com.kms.katalon.core.keyword.builtin.CallTestCaseKeyword$_callTestCase_closure1.doCall(CallTestCaseKeyword.groovy:59)
	at com.kms.katalon.core.keyword.builtin.CallTestCaseKeyword$_callTestCase_closure1.call(CallTestCaseKeyword.groovy)
	at com.kms.katalon.core.keyword.internal.KeywordMain.runKeyword(KeywordMain.groovy:74)
	at com.kms.katalon.core.keyword.builtin.CallTestCaseKeyword.callTestCase(CallTestCaseKeyword.groovy:81)
	at com.kms.katalon.core.keyword.builtin.CallTestCaseKeyword.execute(CallTestCaseKeyword.groovy:44)
	at com.kms.katalon.core.keyword.internal.KeywordExecutor.executeKeywordForPlatform(KeywordExecutor.groovy:74)
	at com.kms.katalon.core.keyword.BuiltinKeywords.callTestCase(BuiltinKeywords.groovy:334)
	at Script1641906223487.run(Script1641906223487.groovy:24)
	... 16 more
)
[[ATTACHMENT|E:\\xampp\\htdocs\\moodle\\Test Automation - SE Bonus\\Reports\\20220116_085916\\Run All Test Cases\\20220116_085916\\1642311425775.png]]

2022-01-16 12:37:05 - [MESSAGE][INFO] - 

2022-01-16 12:37:05 - [MESSAGE][INFO] - ===================== Self-healing Report ====================

2022-01-16 12:37:05 - [MESSAGE][INFO] - One of the failed test object locators has been recovered by Self-healing. Please refer to the Self-healing Insights tab for more details.

2022-01-16 12:37:05 - [MESSAGE][INFO] - To learn more about Self-healing, please read https://docs.katalon.com/katalon-studio/docs/self-healing.html

2022-01-16 12:37:05 - [MESSAGE][INFO] - ==============================================================

2022-01-16 12:37:05 - [MESSAGE][FAILED] - Unable to call Test Case 'Test Cases/Utils/Create course CNPM' (Root cause: com.kms.katalon.core.exception.StepFailedException: Call Test Case 'Test Cases/Utils/Create course CNPM' failed
	at com.kms.katalon.core.keyword.builtin.CallTestCaseKeyword$_callTestCase_closure1.doCall(CallTestCaseKeyword.groovy:63)
	at com.kms.katalon.core.keyword.builtin.CallTestCaseKeyword$_callTestCase_closure1.call(CallTestCaseKeyword.groovy)
	at com.kms.katalon.core.keyword.internal.KeywordMain.runKeyword(KeywordMain.groovy:74)
	at com.kms.katalon.core.keyword.builtin.CallTestCaseKeyword.callTestCase(CallTestCaseKeyword.groovy:81)
	at com.kms.katalon.core.keyword.builtin.CallTestCaseKeyword.execute(CallTestCaseKeyword.groovy:44)
	at com.kms.katalon.core.keyword.internal.KeywordExecutor.executeKeywordForPlatform(KeywordExecutor.groovy:74)
	at com.kms.katalon.core.keyword.BuiltinKeywords.callTestCase(BuiltinKeywords.groovy:334)
	at Create folder without title.run(Create folder without title:24)
	at com.kms.katalon.core.main.ScriptEngine.run(ScriptEngine.java:194)
	at com.kms.katalon.core.main.ScriptEngine.runScriptAsRawText(ScriptEngine.java:119)
	at com.kms.katalon.core.main.TestCaseExecutor.runScript(TestCaseExecutor.java:442)
	at com.kms.katalon.core.main.TestCaseExecutor.doExecute(TestCaseExecutor.java:433)
	at com.kms.katalon.core.main.TestCaseExecutor.processExecutionPhase(TestCaseExecutor.java:412)
	at com.kms.katalon.core.main.TestCaseExecutor.accessMainPhase(TestCaseExecutor.java:404)
	at com.kms.katalon.core.main.TestCaseExecutor.execute(TestCaseExecutor.java:281)
	at com.kms.katalon.core.main.TestCaseExecutor.execute(TestCaseExecutor.java:363)
	at com.kms.katalon.core.main.TestCaseExecutor.execute(TestCaseExecutor.java:363)
	at com.kms.katalon.core.main.TestCaseExecutor.execute(TestCaseExecutor.java:363)
	at com.kms.katalon.core.main.TestSuiteExecutor.accessTestCaseMainPhase(TestSuiteExecutor.java:202)
	at com.kms.katalon.core.main.TestSuiteExecutor.accessTestSuiteMainPhase(TestSuiteExecutor.java:164)
	at com.kms.katalon.core.main.TestSuiteExecutor.execute(TestSuiteExecutor.java:105)
	at com.kms.katalon.core.main.TestCaseMain.startTestSuite(TestCaseMain.java:181)
	at com.kms.katalon.core.main.TestCaseMain$startTestSuite$0.call(Unknown Source)
	at TempTestSuite1642298356151.run(TempTestSuite1642298356151.groovy:36)
Caused by: com.kms.katalon.core.exception.StepFailedException: Unable to click on object 'Object Repository/Utils/Page_CNPM Danh sch thnh vin/input_Danh sch thnh vin_btn btn-secondary my-1'
	at com.kms.katalon.core.webui.keyword.internal.WebUIKeywordMain.stepFailed(WebUIKeywordMain.groovy:64)
	at com.kms.katalon.core.webui.keyword.internal.WebUIKeywordMain.runKeyword(WebUIKeywordMain.groovy:26)
	at com.kms.katalon.core.webui.keyword.builtin.ClickKeyword.click(ClickKeyword.groovy:74)
	at com.kms.katalon.core.webui.keyword.builtin.ClickKeyword.execute(ClickKeyword.groovy:40)
	at com.kms.katalon.core.keyword.internal.KeywordExecutor.executeKeywordForPlatform(KeywordExecutor.groovy:74)
	at com.kms.katalon.core.webui.keyword.WebUiBuiltInKeywords.click(WebUiBuiltInKeywords.groovy:620)
	at com.kms.katalon.core.webui.keyword.WebUiBuiltInKeywords$click$1.call(Unknown Source)
	at Create course CNPM.run(Create course CNPM:36)
	at com.kms.katalon.core.main.ScriptEngine.run(ScriptEngine.java:194)
	at com.kms.katalon.core.main.ScriptEngine.runScriptAsRawText(ScriptEngine.java:119)
	at com.kms.katalon.core.main.TestCaseExecutor.runScript(TestCaseExecutor.java:442)
	at com.kms.katalon.core.main.TestCaseExecutor.doExecute(TestCaseExecutor.java:433)
	at com.kms.katalon.core.main.TestCaseExecutor.processExecutionPhase(TestCaseExecutor.java:412)
	at com.kms.katalon.core.main.TestCaseExecutor.accessMainPhase(TestCaseExecutor.java:404)
	at com.kms.katalon.core.main.TestCaseExecutor.execute(TestCaseExecutor.java:281)
	at com.kms.katalon.core.main.TestCaseMain.runTestCase(TestCaseMain.java:138)
	at com.kms.katalon.core.keyword.builtin.CallTestCaseKeyword$_callTestCase_closure1.doCall(CallTestCaseKeyword.groovy:59)
	... 23 more
Caused by: com.kms.katalon.core.webui.exception.WebElementNotFoundException: Web element with id: 'Object Repository/Utils/Page_CNPM Danh sch thnh vin/input_Danh sch thnh vin_btn btn-secondary my-1' located by '//input[@value='Ghi danh người dùng']' not found
	at com.kms.katalon.core.webui.common.WebUiCommonHelper.findWebElement(WebUiCommonHelper.java:1368)
	at com.kms.katalon.core.webui.keyword.internal.WebUIAbstractKeyword.findWebElement(WebUIAbstractKeyword.groovy:27)
	at com.kms.katalon.core.webui.keyword.builtin.ClickKeyword$_click_closure1.doCall(ClickKeyword.groovy:65)
	at com.kms.katalon.core.webui.keyword.builtin.ClickKeyword$_click_closure1.call(ClickKeyword.groovy)
	at com.kms.katalon.core.webui.keyword.internal.WebUIKeywordMain.runKeyword(WebUIKeywordMain.groovy:20)
	... 38 more
)]]></system-out>
         <system-err><![CDATA[2022-01-16 12:35:53 - [TEST_CASE][FAILED] - Test Cases/Create folder and quiz/Create folder without title: Test Cases/Create folder and quiz/Create folder without title FAILED.
Reason:
com.kms.katalon.core.exception.StepFailedException: Call Test Case 'Test Cases/Utils/Create course CNPM' failed
	at com.kms.katalon.core.keyword.builtin.CallTestCaseKeyword$_callTestCase_closure1.doCall(CallTestCaseKeyword.groovy:63)
	at com.kms.katalon.core.keyword.builtin.CallTestCaseKeyword$_callTestCase_closure1.call(CallTestCaseKeyword.groovy)
	at com.kms.katalon.core.keyword.internal.KeywordMain.runKeyword(KeywordMain.groovy:74)
	at com.kms.katalon.core.keyword.builtin.CallTestCaseKeyword.callTestCase(CallTestCaseKeyword.groovy:81)
	at com.kms.katalon.core.keyword.builtin.CallTestCaseKeyword.execute(CallTestCaseKeyword.groovy:44)
	at com.kms.katalon.core.keyword.internal.KeywordExecutor.executeKeywordForPlatform(KeywordExecutor.groovy:74)
	at com.kms.katalon.core.keyword.BuiltinKeywords.callTestCase(BuiltinKeywords.groovy:334)
	at Create folder without title.run(Create folder without title:24)
	at com.kms.katalon.core.main.ScriptEngine.run(ScriptEngine.java:194)
	at com.kms.katalon.core.main.ScriptEngine.runScriptAsRawText(ScriptEngine.java:119)
	at com.kms.katalon.core.main.TestCaseExecutor.runScript(TestCaseExecutor.java:442)
	at com.kms.katalon.core.main.TestCaseExecutor.doExecute(TestCaseExecutor.java:433)
	at com.kms.katalon.core.main.TestCaseExecutor.processExecutionPhase(TestCaseExecutor.java:412)
	at com.kms.katalon.core.main.TestCaseExecutor.accessMainPhase(TestCaseExecutor.java:404)
	at com.kms.katalon.core.main.TestCaseExecutor.execute(TestCaseExecutor.java:281)
	at com.kms.katalon.core.main.TestCaseExecutor.execute(TestCaseExecutor.java:363)
	at com.kms.katalon.core.main.TestCaseExecutor.execute(TestCaseExecutor.java:363)
	at com.kms.katalon.core.main.TestCaseExecutor.execute(TestCaseExecutor.java:363)
	at com.kms.katalon.core.main.TestSuiteExecutor.accessTestCaseMainPhase(TestSuiteExecutor.java:202)
	at com.kms.katalon.core.main.TestSuiteExecutor.accessTestSuiteMainPhase(TestSuiteExecutor.java:164)
	at com.kms.katalon.core.main.TestSuiteExecutor.execute(TestSuiteExecutor.java:105)
	at com.kms.katalon.core.main.TestCaseMain.startTestSuite(TestCaseMain.java:181)
	at com.kms.katalon.core.main.TestCaseMain$startTestSuite$0.call(Unknown Source)
	at TempTestSuite1642298356151.run(TempTestSuite1642298356151.groovy:36)
Caused by: com.kms.katalon.core.exception.StepFailedException: Unable to click on object 'Object Repository/Utils/Page_CNPM Danh sch thnh vin/input_Danh sch thnh vin_btn btn-secondary my-1'
	at com.kms.katalon.core.webui.keyword.internal.WebUIKeywordMain.stepFailed(WebUIKeywordMain.groovy:64)
	at com.kms.katalon.core.webui.keyword.internal.WebUIKeywordMain.runKeyword(WebUIKeywordMain.groovy:26)
	at com.kms.katalon.core.webui.keyword.builtin.ClickKeyword.click(ClickKeyword.groovy:74)
	at com.kms.katalon.core.webui.keyword.builtin.ClickKeyword.execute(ClickKeyword.groovy:40)
	at com.kms.katalon.core.keyword.internal.KeywordExecutor.executeKeywordForPlatform(KeywordExecutor.groovy:74)
	at com.kms.katalon.core.webui.keyword.WebUiBuiltInKeywords.click(WebUiBuiltInKeywords.groovy:620)
	at com.kms.katalon.core.webui.keyword.WebUiBuiltInKeywords$click$1.call(Unknown Source)
	at Create course CNPM.run(Create course CNPM:36)
	at com.kms.katalon.core.main.ScriptEngine.run(ScriptEngine.java:194)
	at com.kms.katalon.core.main.ScriptEngine.runScriptAsRawText(ScriptEngine.java:119)
	at com.kms.katalon.core.main.TestCaseExecutor.runScript(TestCaseExecutor.java:442)
	at com.kms.katalon.core.main.TestCaseExecutor.doExecute(TestCaseExecutor.java:433)
	at com.kms.katalon.core.main.TestCaseExecutor.processExecutionPhase(TestCaseExecutor.java:412)
	at com.kms.katalon.core.main.TestCaseExecutor.accessMainPhase(TestCaseExecutor.java:404)
	at com.kms.katalon.core.main.TestCaseExecutor.execute(TestCaseExecutor.java:281)
	at com.kms.katalon.core.main.TestCaseMain.runTestCase(TestCaseMain.java:138)
	at com.kms.katalon.core.keyword.builtin.CallTestCaseKeyword$_callTestCase_closure1.doCall(CallTestCaseKeyword.groovy:59)
	... 23 more
Caused by: com.kms.katalon.core.webui.exception.WebElementNotFoundException: Web element with id: 'Object Repository/Utils/Page_CNPM Danh sch thnh vin/input_Danh sch thnh vin_btn btn-secondary my-1' located by '//input[@value='Ghi danh người dùng']' not found
	at com.kms.katalon.core.webui.common.WebUiCommonHelper.findWebElement(WebUiCommonHelper.java:1368)
	at com.kms.katalon.core.webui.keyword.internal.WebUIAbstractKeyword.findWebElement(WebUIAbstractKeyword.groovy:27)
	at com.kms.katalon.core.webui.keyword.builtin.ClickKeyword$_click_closure1.doCall(ClickKeyword.groovy:65)
	at com.kms.katalon.core.webui.keyword.builtin.ClickKeyword$_click_closure1.call(ClickKeyword.groovy)
	at com.kms.katalon.core.webui.keyword.internal.WebUIKeywordMain.runKeyword(WebUIKeywordMain.groovy:20)
	... 38 more]]></system-err>
      </testcase>
      <testcase name="Test Cases/Create folder and quiz/Create folder" time="122.254" classname="Test Cases/Create folder and quiz/Create folder" status="FAILED">
         <failure type="FAILED" message="Test Cases/Create folder and quiz/Create folder FAILED.
Reason:
com.kms.katalon.core.exception.StepFailedException: Call Test Case 'Test Cases/Utils/Create course CNPM' failed
	at com.kms.katalon.core.keyword.builtin.CallTestCaseKeyword$_callTestCase_closure1.doCall(CallTestCaseKeyword.groovy:63)
	at com.kms.katalon.core.keyword.builtin.CallTestCaseKeyword$_callTestCase_closure1.call(CallTestCaseKeyword.groovy)
	at com.kms.katalon.core.keyword.internal.KeywordMain.runKeyword(KeywordMain.groovy:74)
	at com.kms.katalon.core.keyword.builtin.CallTestCaseKeyword.callTestCase(CallTestCaseKeyword.groovy:81)
	at com.kms.katalon.core.keyword.builtin.CallTestCaseKeyword.execute(CallTestCaseKeyword.groovy:44)
	at com.kms.katalon.core.keyword.internal.KeywordExecutor.executeKeywordForPlatform(KeywordExecutor.groovy:74)
	at com.kms.katalon.core.keyword.BuiltinKeywords.callTestCase(BuiltinKeywords.groovy:334)
	at Create folder.run(Create folder:24)
	at com.kms.katalon.core.main.ScriptEngine.run(ScriptEngine.java:194)
	at com.kms.katalon.core.main.ScriptEngine.runScriptAsRawText(ScriptEngine.java:119)
	at com.kms.katalon.core.main.TestCaseExecutor.runScript(TestCaseExecutor.java:442)
	at com.kms.katalon.core.main.TestCaseExecutor.doExecute(TestCaseExecutor.java:433)
	at com.kms.katalon.core.main.TestCaseExecutor.processExecutionPhase(TestCaseExecutor.java:412)
	at com.kms.katalon.core.main.TestCaseExecutor.accessMainPhase(TestCaseExecutor.java:404)
	at com.kms.katalon.core.main.TestCaseExecutor.execute(TestCaseExecutor.java:281)
	at com.kms.katalon.core.main.TestCaseExecutor.execute(TestCaseExecutor.java:363)
	at com.kms.katalon.core.main.TestCaseExecutor.execute(TestCaseExecutor.java:363)
	at com.kms.katalon.core.main.TestCaseExecutor.execute(TestCaseExecutor.java:363)
	at com.kms.katalon.core.main.TestSuiteExecutor.accessTestCaseMainPhase(TestSuiteExecutor.java:202)
	at com.kms.katalon.core.main.TestSuiteExecutor.accessTestSuiteMainPhase(TestSuiteExecutor.java:164)
	at com.kms.katalon.core.main.TestSuiteExecutor.execute(TestSuiteExecutor.java:105)
	at com.kms.katalon.core.main.TestCaseMain.startTestSuite(TestCaseMain.java:181)
	at com.kms.katalon.core.main.TestCaseMain$startTestSuite$0.call(Unknown Source)
	at TempTestSuite1642298356151.run(TempTestSuite1642298356151.groovy:36)
Caused by: com.kms.katalon.core.exception.StepFailedException: Unable to click on object 'Object Repository/Utils/Page_CNPM Danh sch thnh vin/input_Danh sch thnh vin_btn btn-secondary my-1'
	at com.kms.katalon.core.webui.keyword.internal.WebUIKeywordMain.stepFailed(WebUIKeywordMain.groovy:64)
	at com.kms.katalon.core.webui.keyword.internal.WebUIKeywordMain.runKeyword(WebUIKeywordMain.groovy:26)
	at com.kms.katalon.core.webui.keyword.builtin.ClickKeyword.click(ClickKeyword.groovy:74)
	at com.kms.katalon.core.webui.keyword.builtin.ClickKeyword.execute(ClickKeyword.groovy:40)
	at com.kms.katalon.core.keyword.internal.KeywordExecutor.executeKeywordForPlatform(KeywordExecutor.groovy:74)
	at com.kms.katalon.core.webui.keyword.WebUiBuiltInKeywords.click(WebUiBuiltInKeywords.groovy:620)
	at com.kms.katalon.core.webui.keyword.WebUiBuiltInKeywords$click$1.call(Unknown Source)
	at Create course CNPM.run(Create course CNPM:36)
	at com.kms.katalon.core.main.ScriptEngine.run(ScriptEngine.java:194)
	at com.kms.katalon.core.main.ScriptEngine.runScriptAsRawText(ScriptEngine.java:119)
	at com.kms.katalon.core.main.TestCaseExecutor.runScript(TestCaseExecutor.java:442)
	at com.kms.katalon.core.main.TestCaseExecutor.doExecute(TestCaseExecutor.java:433)
	at com.kms.katalon.core.main.TestCaseExecutor.processExecutionPhase(TestCaseExecutor.java:412)
	at com.kms.katalon.core.main.TestCaseExecutor.accessMainPhase(TestCaseExecutor.java:404)
	at com.kms.katalon.core.main.TestCaseExecutor.execute(TestCaseExecutor.java:281)
	at com.kms.katalon.core.main.TestCaseMain.runTestCase(TestCaseMain.java:138)
	at com.kms.katalon.core.keyword.builtin.CallTestCaseKeyword$_callTestCase_closure1.doCall(CallTestCaseKeyword.groovy:59)
	... 23 more
Caused by: com.kms.katalon.core.webui.exception.WebElementNotFoundException: Web element with id: 'Object Repository/Utils/Page_CNPM Danh sch thnh vin/input_Danh sch thnh vin_btn btn-secondary my-1' located by '//input[@value='Ghi danh người dùng']' not found
	at com.kms.katalon.core.webui.common.WebUiCommonHelper.findWebElement(WebUiCommonHelper.java:1368)
	at com.kms.katalon.core.webui.keyword.internal.WebUIAbstractKeyword.findWebElement(WebUIAbstractKeyword.groovy:27)
	at com.kms.katalon.core.webui.keyword.builtin.ClickKeyword$_click_closure1.doCall(ClickKeyword.groovy:65)
	at com.kms.katalon.core.webui.keyword.builtin.ClickKeyword$_click_closure1.call(ClickKeyword.groovy)
	at com.kms.katalon.core.webui.keyword.internal.WebUIKeywordMain.runKeyword(WebUIKeywordMain.groovy:20)
	... 38 more
"/>
         <system-out><![CDATA[2022-01-16 12:39:18 - [TEST_CASE][FAILED] - Test Cases/Create folder and quiz/Create folder: Test Cases/Create folder and quiz/Create folder FAILED.
Reason:
com.kms.katalon.core.exception.StepFailedException: Call Test Case 'Test Cases/Utils/Create course CNPM' failed
	at com.kms.katalon.core.keyword.builtin.CallTestCaseKeyword$_callTestCase_closure1.doCall(CallTestCaseKeyword.groovy:63)
	at com.kms.katalon.core.keyword.builtin.CallTestCaseKeyword$_callTestCase_closure1.call(CallTestCaseKeyword.groovy)
	at com.kms.katalon.core.keyword.internal.KeywordMain.runKeyword(KeywordMain.groovy:74)
	at com.kms.katalon.core.keyword.builtin.CallTestCaseKeyword.callTestCase(CallTestCaseKeyword.groovy:81)
	at com.kms.katalon.core.keyword.builtin.CallTestCaseKeyword.execute(CallTestCaseKeyword.groovy:44)
	at com.kms.katalon.core.keyword.internal.KeywordExecutor.executeKeywordForPlatform(KeywordExecutor.groovy:74)
	at com.kms.katalon.core.keyword.BuiltinKeywords.callTestCase(BuiltinKeywords.groovy:334)
	at Create folder.run(Create folder:24)
	at com.kms.katalon.core.main.ScriptEngine.run(ScriptEngine.java:194)
	at com.kms.katalon.core.main.ScriptEngine.runScriptAsRawText(ScriptEngine.java:119)
	at com.kms.katalon.core.main.TestCaseExecutor.runScript(TestCaseExecutor.java:442)
	at com.kms.katalon.core.main.TestCaseExecutor.doExecute(TestCaseExecutor.java:433)
	at com.kms.katalon.core.main.TestCaseExecutor.processExecutionPhase(TestCaseExecutor.java:412)
	at com.kms.katalon.core.main.TestCaseExecutor.accessMainPhase(TestCaseExecutor.java:404)
	at com.kms.katalon.core.main.TestCaseExecutor.execute(TestCaseExecutor.java:281)
	at com.kms.katalon.core.main.TestCaseExecutor.execute(TestCaseExecutor.java:363)
	at com.kms.katalon.core.main.TestCaseExecutor.execute(TestCaseExecutor.java:363)
	at com.kms.katalon.core.main.TestCaseExecutor.execute(TestCaseExecutor.java:363)
	at com.kms.katalon.core.main.TestSuiteExecutor.accessTestCaseMainPhase(TestSuiteExecutor.java:202)
	at com.kms.katalon.core.main.TestSuiteExecutor.accessTestSuiteMainPhase(TestSuiteExecutor.java:164)
	at com.kms.katalon.core.main.TestSuiteExecutor.execute(TestSuiteExecutor.java:105)
	at com.kms.katalon.core.main.TestCaseMain.startTestSuite(TestCaseMain.java:181)
	at com.kms.katalon.core.main.TestCaseMain$startTestSuite$0.call(Unknown Source)
	at TempTestSuite1642298356151.run(TempTestSuite1642298356151.groovy:36)
Caused by: com.kms.katalon.core.exception.StepFailedException: Unable to click on object 'Object Repository/Utils/Page_CNPM Danh sch thnh vin/input_Danh sch thnh vin_btn btn-secondary my-1'
	at com.kms.katalon.core.webui.keyword.internal.WebUIKeywordMain.stepFailed(WebUIKeywordMain.groovy:64)
	at com.kms.katalon.core.webui.keyword.internal.WebUIKeywordMain.runKeyword(WebUIKeywordMain.groovy:26)
	at com.kms.katalon.core.webui.keyword.builtin.ClickKeyword.click(ClickKeyword.groovy:74)
	at com.kms.katalon.core.webui.keyword.builtin.ClickKeyword.execute(ClickKeyword.groovy:40)
	at com.kms.katalon.core.keyword.internal.KeywordExecutor.executeKeywordForPlatform(KeywordExecutor.groovy:74)
	at com.kms.katalon.core.webui.keyword.WebUiBuiltInKeywords.click(WebUiBuiltInKeywords.groovy:620)
	at com.kms.katalon.core.webui.keyword.WebUiBuiltInKeywords$click$1.call(Unknown Source)
	at Create course CNPM.run(Create course CNPM:36)
	at com.kms.katalon.core.main.ScriptEngine.run(ScriptEngine.java:194)
	at com.kms.katalon.core.main.ScriptEngine.runScriptAsRawText(ScriptEngine.java:119)
	at com.kms.katalon.core.main.TestCaseExecutor.runScript(TestCaseExecutor.java:442)
	at com.kms.katalon.core.main.TestCaseExecutor.doExecute(TestCaseExecutor.java:433)
	at com.kms.katalon.core.main.TestCaseExecutor.processExecutionPhase(TestCaseExecutor.java:412)
	at com.kms.katalon.core.main.TestCaseExecutor.accessMainPhase(TestCaseExecutor.java:404)
	at com.kms.katalon.core.main.TestCaseExecutor.execute(TestCaseExecutor.java:281)
	at com.kms.katalon.core.main.TestCaseMain.runTestCase(TestCaseMain.java:138)
	at com.kms.katalon.core.keyword.builtin.CallTestCaseKeyword$_callTestCase_closure1.doCall(CallTestCaseKeyword.groovy:59)
	... 23 more
Caused by: com.kms.katalon.core.webui.exception.WebElementNotFoundException: Web element with id: 'Object Repository/Utils/Page_CNPM Danh sch thnh vin/input_Danh sch thnh vin_btn btn-secondary my-1' located by '//input[@value='Ghi danh người dùng']' not found
	at com.kms.katalon.core.webui.common.WebUiCommonHelper.findWebElement(WebUiCommonHelper.java:1368)
	at com.kms.katalon.core.webui.keyword.internal.WebUIAbstractKeyword.findWebElement(WebUIAbstractKeyword.groovy:27)
	at com.kms.katalon.core.webui.keyword.builtin.ClickKeyword$_click_closure1.doCall(ClickKeyword.groovy:65)
	at com.kms.katalon.core.webui.keyword.builtin.ClickKeyword$_click_closure1.call(ClickKeyword.groovy)
	at com.kms.katalon.core.webui.keyword.internal.WebUIKeywordMain.runKeyword(WebUIKeywordMain.groovy:20)
	... 38 more


2022-01-16 12:39:18 - [TEST_STEP][PASSED] - openBrowser(""): Browser is opened with url: ''

2022-01-16 12:39:18 - [MESSAGE][INFO] - Starting 'Edge Chromium' driver

2022-01-16 12:39:18 - [MESSAGE][INFO] - Action delay is set to 0 milliseconds

2022-01-16 12:39:32 - [MESSAGE][PASSED] - Browser is opened with url: ''

2022-01-16 12:39:32 - [TEST_STEP][PASSED] - navigateToUrl("http://localhost/"): Navigate to 'http://localhost/' successfully

2022-01-16 12:40:11 - [MESSAGE][PASSED] - Navigate to 'http://localhost/' successfully

2022-01-16 12:40:11 - [TEST_STEP][FAILED] - callTestCase(findTestCase("Utils/Create course CNPM"), [:], STOP_ON_FAILURE): Unable to call Test Case 'Test Cases/Utils/Create course CNPM' (Root cause: com.kms.katalon.core.exception.StepFailedException: Call Test Case 'Test Cases/Utils/Create course CNPM' failed
	at com.kms.katalon.core.keyword.builtin.CallTestCaseKeyword$_callTestCase_closure1.doCall(CallTestCaseKeyword.groovy:63)
	at com.kms.katalon.core.keyword.builtin.CallTestCaseKeyword$_callTestCase_closure1.call(CallTestCaseKeyword.groovy)
	at com.kms.katalon.core.keyword.internal.KeywordMain.runKeyword(KeywordMain.groovy:74)
	at com.kms.katalon.core.keyword.builtin.CallTestCaseKeyword.callTestCase(CallTestCaseKeyword.groovy:81)
	at com.kms.katalon.core.keyword.builtin.CallTestCaseKeyword.execute(CallTestCaseKeyword.groovy:44)
	at com.kms.katalon.core.keyword.internal.KeywordExecutor.executeKeywordForPlatform(KeywordExecutor.groovy:74)
	at com.kms.katalon.core.keyword.BuiltinKeywords.callTestCase(BuiltinKeywords.groovy:334)
	at Create folder.run(Create folder:24)
	at com.kms.katalon.core.main.ScriptEngine.run(ScriptEngine.java:194)
	at com.kms.katalon.core.main.ScriptEngine.runScriptAsRawText(ScriptEngine.java:119)
	at com.kms.katalon.core.main.TestCaseExecutor.runScript(TestCaseExecutor.java:442)
	at com.kms.katalon.core.main.TestCaseExecutor.doExecute(TestCaseExecutor.java:433)
	at com.kms.katalon.core.main.TestCaseExecutor.processExecutionPhase(TestCaseExecutor.java:412)
	at com.kms.katalon.core.main.TestCaseExecutor.accessMainPhase(TestCaseExecutor.java:404)
	at com.kms.katalon.core.main.TestCaseExecutor.execute(TestCaseExecutor.java:281)
	at com.kms.katalon.core.main.TestCaseExecutor.execute(TestCaseExecutor.java:363)
	at com.kms.katalon.core.main.TestCaseExecutor.execute(TestCaseExecutor.java:363)
	at com.kms.katalon.core.main.TestCaseExecutor.execute(TestCaseExecutor.java:363)
	at com.kms.katalon.core.main.TestSuiteExecutor.accessTestCaseMainPhase(TestSuiteExecutor.java:202)
	at com.kms.katalon.core.main.TestSuiteExecutor.accessTestSuiteMainPhase(TestSuiteExecutor.java:164)
	at com.kms.katalon.core.main.TestSuiteExecutor.execute(TestSuiteExecutor.java:105)
	at com.kms.katalon.core.main.TestCaseMain.startTestSuite(TestCaseMain.java:181)
	at com.kms.katalon.core.main.TestCaseMain$startTestSuite$0.call(Unknown Source)
	at TempTestSuite1642298356151.run(TempTestSuite1642298356151.groovy:36)
Caused by: com.kms.katalon.core.exception.StepFailedException: Unable to click on object 'Object Repository/Utils/Page_CNPM Danh sch thnh vin/input_Danh sch thnh vin_btn btn-secondary my-1'
	at com.kms.katalon.core.webui.keyword.internal.WebUIKeywordMain.stepFailed(WebUIKeywordMain.groovy:64)
	at com.kms.katalon.core.webui.keyword.internal.WebUIKeywordMain.runKeyword(WebUIKeywordMain.groovy:26)
	at com.kms.katalon.core.webui.keyword.builtin.ClickKeyword.click(ClickKeyword.groovy:74)
	at com.kms.katalon.core.webui.keyword.builtin.ClickKeyword.execute(ClickKeyword.groovy:40)
	at com.kms.katalon.core.keyword.internal.KeywordExecutor.executeKeywordForPlatform(KeywordExecutor.groovy:74)
	at com.kms.katalon.core.webui.keyword.WebUiBuiltInKeywords.click(WebUiBuiltInKeywords.groovy:620)
	at com.kms.katalon.core.webui.keyword.WebUiBuiltInKeywords$click$1.call(Unknown Source)
	at Create course CNPM.run(Create course CNPM:36)
	at com.kms.katalon.core.main.ScriptEngine.run(ScriptEngine.java:194)
	at com.kms.katalon.core.main.ScriptEngine.runScriptAsRawText(ScriptEngine.java:119)
	at com.kms.katalon.core.main.TestCaseExecutor.runScript(TestCaseExecutor.java:442)
	at com.kms.katalon.core.main.TestCaseExecutor.doExecute(TestCaseExecutor.java:433)
	at com.kms.katalon.core.main.TestCaseExecutor.processExecutionPhase(TestCaseExecutor.java:412)
	at com.kms.katalon.core.main.TestCaseExecutor.accessMainPhase(TestCaseExecutor.java:404)
	at com.kms.katalon.core.main.TestCaseExecutor.execute(TestCaseExecutor.java:281)
	at com.kms.katalon.core.main.TestCaseMain.runTestCase(TestCaseMain.java:138)
	at com.kms.katalon.core.keyword.builtin.CallTestCaseKeyword$_callTestCase_closure1.doCall(CallTestCaseKeyword.groovy:59)
	... 23 more
Caused by: com.kms.katalon.core.webui.exception.WebElementNotFoundException: Web element with id: 'Object Repository/Utils/Page_CNPM Danh sch thnh vin/input_Danh sch thnh vin_btn btn-secondary my-1' located by '//input[@value='Ghi danh người dùng']' not found
	at com.kms.katalon.core.webui.common.WebUiCommonHelper.findWebElement(WebUiCommonHelper.java:1368)
	at com.kms.katalon.core.webui.keyword.internal.WebUIAbstractKeyword.findWebElement(WebUIAbstractKeyword.groovy:27)
	at com.kms.katalon.core.webui.keyword.builtin.ClickKeyword$_click_closure1.doCall(ClickKeyword.groovy:65)
	at com.kms.katalon.core.webui.keyword.builtin.ClickKeyword$_click_closure1.call(ClickKeyword.groovy)
	at com.kms.katalon.core.webui.keyword.internal.WebUIKeywordMain.runKeyword(WebUIKeywordMain.groovy:20)
	... 38 more
)

2022-01-16 12:40:11 - [TEST_CASE][FAILED] - Test Cases/Utils/Create course CNPM: Test Cases/Utils/Create course CNPM FAILED.
Reason:
com.kms.katalon.core.exception.StepFailedException: Unable to click on object 'Object Repository/Utils/Page_CNPM Danh sch thnh vin/input_Danh sch thnh vin_btn btn-secondary my-1'
	at com.kms.katalon.core.webui.keyword.internal.WebUIKeywordMain.stepFailed(WebUIKeywordMain.groovy:64)
	at com.kms.katalon.core.webui.keyword.internal.WebUIKeywordMain.runKeyword(WebUIKeywordMain.groovy:26)
	at com.kms.katalon.core.webui.keyword.builtin.ClickKeyword.click(ClickKeyword.groovy:74)
	at com.kms.katalon.core.webui.keyword.builtin.ClickKeyword.execute(ClickKeyword.groovy:40)
	at com.kms.katalon.core.keyword.internal.KeywordExecutor.executeKeywordForPlatform(KeywordExecutor.groovy:74)
	at com.kms.katalon.core.webui.keyword.WebUiBuiltInKeywords.click(WebUiBuiltInKeywords.groovy:620)
	at com.kms.katalon.core.webui.keyword.WebUiBuiltInKeywords$click$1.call(Unknown Source)
	at Create course CNPM.run(Create course CNPM:36)
	at com.kms.katalon.core.main.ScriptEngine.run(ScriptEngine.java:194)
	at com.kms.katalon.core.main.ScriptEngine.runScriptAsRawText(ScriptEngine.java:119)
	at com.kms.katalon.core.main.TestCaseExecutor.runScript(TestCaseExecutor.java:442)
	at com.kms.katalon.core.main.TestCaseExecutor.doExecute(TestCaseExecutor.java:433)
	at com.kms.katalon.core.main.TestCaseExecutor.processExecutionPhase(TestCaseExecutor.java:412)
	at com.kms.katalon.core.main.TestCaseExecutor.accessMainPhase(TestCaseExecutor.java:404)
	at com.kms.katalon.core.main.TestCaseExecutor.execute(TestCaseExecutor.java:281)
	at com.kms.katalon.core.main.TestCaseMain.runTestCase(TestCaseMain.java:138)
	at com.kms.katalon.core.keyword.builtin.CallTestCaseKeyword$_callTestCase_closure1.doCall(CallTestCaseKeyword.groovy:59)
	at com.kms.katalon.core.keyword.builtin.CallTestCaseKeyword$_callTestCase_closure1.call(CallTestCaseKeyword.groovy)
	at com.kms.katalon.core.keyword.internal.KeywordMain.runKeyword(KeywordMain.groovy:74)
	at com.kms.katalon.core.keyword.builtin.CallTestCaseKeyword.callTestCase(CallTestCaseKeyword.groovy:81)
	at com.kms.katalon.core.keyword.builtin.CallTestCaseKeyword.execute(CallTestCaseKeyword.groovy:44)
	at com.kms.katalon.core.keyword.internal.KeywordExecutor.executeKeywordForPlatform(KeywordExecutor.groovy:74)
	at com.kms.katalon.core.keyword.BuiltinKeywords.callTestCase(BuiltinKeywords.groovy:334)
	at Create folder.run(Create folder:24)
	at com.kms.katalon.core.main.ScriptEngine.run(ScriptEngine.java:194)
	at com.kms.katalon.core.main.ScriptEngine.runScriptAsRawText(ScriptEngine.java:119)
	at com.kms.katalon.core.main.TestCaseExecutor.runScript(TestCaseExecutor.java:442)
	at com.kms.katalon.core.main.TestCaseExecutor.doExecute(TestCaseExecutor.java:433)
	at com.kms.katalon.core.main.TestCaseExecutor.processExecutionPhase(TestCaseExecutor.java:412)
	at com.kms.katalon.core.main.TestCaseExecutor.accessMainPhase(TestCaseExecutor.java:404)
	at com.kms.katalon.core.main.TestCaseExecutor.execute(TestCaseExecutor.java:281)
	at com.kms.katalon.core.main.TestCaseExecutor.execute(TestCaseExecutor.java:363)
	at com.kms.katalon.core.main.TestCaseExecutor.execute(TestCaseExecutor.java:363)
	at com.kms.katalon.core.main.TestCaseExecutor.execute(TestCaseExecutor.java:363)
	at com.kms.katalon.core.main.TestSuiteExecutor.accessTestCaseMainPhase(TestSuiteExecutor.java:202)
	at com.kms.katalon.core.main.TestSuiteExecutor.accessTestSuiteMainPhase(TestSuiteExecutor.java:164)
	at com.kms.katalon.core.main.TestSuiteExecutor.execute(TestSuiteExecutor.java:105)
	at com.kms.katalon.core.main.TestCaseMain.startTestSuite(TestCaseMain.java:181)
	at com.kms.katalon.core.main.TestCaseMain$startTestSuite$0.call(Unknown Source)
	at TempTestSuite1642298356151.run(TempTestSuite1642298356151.groovy:36)
Caused by: com.kms.katalon.core.webui.exception.WebElementNotFoundException: Web element with id: 'Object Repository/Utils/Page_CNPM Danh sch thnh vin/input_Danh sch thnh vin_btn btn-secondary my-1' located by '//input[@value='Ghi danh người dùng']' not found
	at com.kms.katalon.core.webui.common.WebUiCommonHelper.findWebElement(WebUiCommonHelper.java:1368)
	at com.kms.katalon.core.webui.keyword.internal.WebUIAbstractKeyword.findWebElement(WebUIAbstractKeyword.groovy:27)
	at com.kms.katalon.core.webui.keyword.builtin.ClickKeyword$_click_closure1.doCall(ClickKeyword.groovy:65)
	at com.kms.katalon.core.webui.keyword.builtin.ClickKeyword$_click_closure1.call(ClickKeyword.groovy)
	at com.kms.katalon.core.webui.keyword.internal.WebUIKeywordMain.runKeyword(WebUIKeywordMain.groovy:20)
	... 38 more


2022-01-16 12:40:11 - [TEST_STEP][PASSED] - callTestCase(findTestCase("Utils/Login as admin"), [:], STOP_ON_FAILURE): Call Test Case 'Test Cases/Utils/Login as admin' successfully

2022-01-16 12:40:11 - [TEST_CASE][PASSED] - Test Cases/Utils/Login as admin: Test Cases/Utils/Login as admin

2022-01-16 12:40:11 - [TEST_STEP][PASSED] - click(findTestObject("View course grade/Page_Local Moodle/a_Log in")): Object: 'Object Repository/View course grade/Page_Local Moodle/a_Log in' is clicked on

2022-01-16 12:40:12 - [MESSAGE][PASSED] - Object: 'Object Repository/View course grade/Page_Local Moodle/a_Log in' is clicked on

2022-01-16 12:40:12 - [TEST_STEP][PASSED] - setText(findTestObject("View course grade/Page_Local Moodle Log in to the site/input_Username_username"), "admin"): Text 'admin' is set on object 'Object Repository/View course grade/Page_Local Moodle Log in to the site/input_Username_username'

2022-01-16 12:40:13 - [MESSAGE][PASSED] - Text 'admin' is set on object 'Object Repository/View course grade/Page_Local Moodle Log in to the site/input_Username_username'

2022-01-16 12:40:13 - [TEST_STEP][PASSED] - setEncryptedText(findTestObject("View course grade/Page_Local Moodle Log in to the site/input_Password_password"), "bfAykA/oWJ09FXmiKh6lyuuLu8QhG1K5"): Text ****** has been set on object 'Object Repository/View course grade/Page_Local Moodle Log in to the site/input_Password_password'

2022-01-16 12:40:13 - [MESSAGE][PASSED] - Text ****** has been set on object 'Object Repository/View course grade/Page_Local Moodle Log in to the site/input_Password_password'

2022-01-16 12:40:13 - [TEST_STEP][PASSED] - click(findTestObject("View course grade/Page_Local Moodle Log in to the site/button_Log in")): Object: 'Object Repository/View course grade/Page_Local Moodle Log in to the site/button_Log in' is clicked on

2022-01-16 12:40:15 - [MESSAGE][PASSED] - Object: 'Object Repository/View course grade/Page_Local Moodle Log in to the site/button_Log in' is clicked on

2022-01-16 12:40:15 - [MESSAGE][PASSED] - Call Test Case 'Test Cases/Utils/Login as admin' successfully

2022-01-16 12:40:15 - [TEST_STEP][PASSED] - click(findTestObject("Object Repository/Utils/Page_Nh ca ti/span_Qun tr khu vc")): Object: 'Object Repository/Utils/Page_Nh ca ti/span_Qun tr khu vc' is clicked on

2022-01-16 12:40:22 - [MESSAGE][PASSED] - Object: 'Object Repository/Utils/Page_Nh ca ti/span_Qun tr khu vc' is clicked on

2022-01-16 12:40:22 - [TEST_STEP][PASSED] - click(findTestObject("Object Repository/Utils/Page_Moodle Khu vc qun tr Tm kim/a_Kho hc")): Object: 'Object Repository/Utils/Page_Moodle Khu vc qun tr Tm kim/a_Kho hc' is clicked on

2022-01-16 12:40:23 - [MESSAGE][PASSED] - Object: 'Object Repository/Utils/Page_Moodle Khu vc qun tr Tm kim/a_Kho hc' is clicked on

2022-01-16 12:40:23 - [TEST_STEP][PASSED] - click(findTestObject("Object Repository/Utils/Page_Moodle Khu vc qun tr Tm kim/a_Thmsa cc kho hc")): Object: 'Object Repository/Utils/Page_Moodle Khu vc qun tr Tm kim/a_Thmsa cc kho hc' is clicked on

2022-01-16 12:40:45 - [MESSAGE][PASSED] - Object: 'Object Repository/Utils/Page_Moodle Khu vc qun tr Tm kim/a_Thmsa cc kho hc' is clicked on

2022-01-16 12:40:45 - [TEST_STEP][PASSED] - click(findTestObject("Object Repository/Utils/Page_Qun l kha hc v danh mc kha hc/a_To kha hc mi")): Object: 'Object Repository/Utils/Page_Qun l kha hc v danh mc kha hc/a_To kha hc mi' is clicked on

2022-01-16 12:40:51 - [MESSAGE][INFO] - Unable to find the element located by 'By.xpath: //div[@id='yui_3_17_2_1_1641906891631_57']/div/div/a'. Please recheck the objects properties to make sure the desired element is located. 

2022-01-16 12:40:51 - [MESSAGE][WARNING] - [SELF-HEALING] Failed to find element with id 'Object Repository/Utils/Page_Qun l kha hc v danh mc kha hc/a_To kha hc mi'. Try using Self-healing.

2022-01-16 12:40:51 - [MESSAGE][WARNING] - [SELF-HEALING] The current locator of test object 'Object Repository/Utils/Page_Qun l kha hc v danh mc kha hc/a_To kha hc mi' was broken. Propose an alternative one: '//a[contains(text(),'Tạo khóa học mới')]'.

2022-01-16 12:41:06 - [MESSAGE][PASSED] - Object: 'Object Repository/Utils/Page_Qun l kha hc v danh mc kha hc/a_To kha hc mi' is clicked on

2022-01-16 12:41:06 - [TEST_STEP][PASSED] - setText(findTestObject("Object Repository/Utils/Page_Moodle Thm kho hc mi/input_Tn y_fullname"), "Nhập môn Công nghệ phần mềm"): Text 'Nhập môn Công nghệ phần mềm' is set on object 'Object Repository/Utils/Page_Moodle Thm kho hc mi/input_Tn y_fullname'

2022-01-16 12:41:08 - [MESSAGE][PASSED] - Text 'Nhập môn Công nghệ phần mềm' is set on object 'Object Repository/Utils/Page_Moodle Thm kho hc mi/input_Tn y_fullname'

2022-01-16 12:41:08 - [TEST_STEP][PASSED] - setText(findTestObject("Object Repository/Utils/Page_Moodle Thm kho hc mi/input_Tn rt gn ca kho hc_shortname"), "CNPM"): Text 'CNPM' is set on object 'Object Repository/Utils/Page_Moodle Thm kho hc mi/input_Tn rt gn ca kho hc_shortname'

2022-01-16 12:41:09 - [MESSAGE][PASSED] - Text 'CNPM' is set on object 'Object Repository/Utils/Page_Moodle Thm kho hc mi/input_Tn rt gn ca kho hc_shortname'

2022-01-16 12:41:09 - [TEST_STEP][PASSED] - click(findTestObject("Object Repository/Utils/Page_Moodle Thm kho hc mi/input__saveanddisplay")): Object: 'Object Repository/Utils/Page_Moodle Thm kho hc mi/input__saveanddisplay' is clicked on

2022-01-16 12:41:11 - [MESSAGE][PASSED] - Object: 'Object Repository/Utils/Page_Moodle Thm kho hc mi/input__saveanddisplay' is clicked on

2022-01-16 12:41:11 - [TEST_STEP][FAILED] - click(findTestObject("Object Repository/Utils/Page_CNPM Danh sch thnh vin/input_Danh sch thnh vin_btn btn-secondary my-1")): Unable to click on object 'Object Repository/Utils/Page_CNPM Danh sch thnh vin/input_Danh sch thnh vin_btn btn-secondary my-1' (Root cause: com.kms.katalon.core.exception.StepFailedException: Unable to click on object 'Object Repository/Utils/Page_CNPM Danh sch thnh vin/input_Danh sch thnh vin_btn btn-secondary my-1'
	at com.kms.katalon.core.webui.keyword.internal.WebUIKeywordMain.stepFailed(WebUIKeywordMain.groovy:64)
	at com.kms.katalon.core.webui.keyword.internal.WebUIKeywordMain.runKeyword(WebUIKeywordMain.groovy:26)
	at com.kms.katalon.core.webui.keyword.builtin.ClickKeyword.click(ClickKeyword.groovy:74)
	at com.kms.katalon.core.webui.keyword.builtin.ClickKeyword.execute(ClickKeyword.groovy:40)
	at com.kms.katalon.core.keyword.internal.KeywordExecutor.executeKeywordForPlatform(KeywordExecutor.groovy:74)
	at com.kms.katalon.core.webui.keyword.WebUiBuiltInKeywords.click(WebUiBuiltInKeywords.groovy:620)
	at com.kms.katalon.core.webui.keyword.WebUiBuiltInKeywords$click$1.call(Unknown Source)
	at Create course CNPM.run(Create course CNPM:36)
	at com.kms.katalon.core.main.ScriptEngine.run(ScriptEngine.java:194)
	at com.kms.katalon.core.main.ScriptEngine.runScriptAsRawText(ScriptEngine.java:119)
	at com.kms.katalon.core.main.TestCaseExecutor.runScript(TestCaseExecutor.java:442)
	at com.kms.katalon.core.main.TestCaseExecutor.doExecute(TestCaseExecutor.java:433)
	at com.kms.katalon.core.main.TestCaseExecutor.processExecutionPhase(TestCaseExecutor.java:412)
	at com.kms.katalon.core.main.TestCaseExecutor.accessMainPhase(TestCaseExecutor.java:404)
	at com.kms.katalon.core.main.TestCaseExecutor.execute(TestCaseExecutor.java:281)
	at com.kms.katalon.core.main.TestCaseMain.runTestCase(TestCaseMain.java:138)
	at com.kms.katalon.core.keyword.builtin.CallTestCaseKeyword$_callTestCase_closure1.doCall(CallTestCaseKeyword.groovy:59)
	at com.kms.katalon.core.keyword.builtin.CallTestCaseKeyword$_callTestCase_closure1.call(CallTestCaseKeyword.groovy)
	at com.kms.katalon.core.keyword.internal.KeywordMain.runKeyword(KeywordMain.groovy:74)
	at com.kms.katalon.core.keyword.builtin.CallTestCaseKeyword.callTestCase(CallTestCaseKeyword.groovy:81)
	at com.kms.katalon.core.keyword.builtin.CallTestCaseKeyword.execute(CallTestCaseKeyword.groovy:44)
	at com.kms.katalon.core.keyword.internal.KeywordExecutor.executeKeywordForPlatform(KeywordExecutor.groovy:74)
	at com.kms.katalon.core.keyword.BuiltinKeywords.callTestCase(BuiltinKeywords.groovy:334)
	at Create folder.run(Create folder:24)
	at com.kms.katalon.core.main.ScriptEngine.run(ScriptEngine.java:194)
	at com.kms.katalon.core.main.ScriptEngine.runScriptAsRawText(ScriptEngine.java:119)
	at com.kms.katalon.core.main.TestCaseExecutor.runScript(TestCaseExecutor.java:442)
	at com.kms.katalon.core.main.TestCaseExecutor.doExecute(TestCaseExecutor.java:433)
	at com.kms.katalon.core.main.TestCaseExecutor.processExecutionPhase(TestCaseExecutor.java:412)
	at com.kms.katalon.core.main.TestCaseExecutor.accessMainPhase(TestCaseExecutor.java:404)
	at com.kms.katalon.core.main.TestCaseExecutor.execute(TestCaseExecutor.java:281)
	at com.kms.katalon.core.main.TestCaseExecutor.execute(TestCaseExecutor.java:363)
	at com.kms.katalon.core.main.TestCaseExecutor.execute(TestCaseExecutor.java:363)
	at com.kms.katalon.core.main.TestCaseExecutor.execute(TestCaseExecutor.java:363)
	at com.kms.katalon.core.main.TestSuiteExecutor.accessTestCaseMainPhase(TestSuiteExecutor.java:202)
	at com.kms.katalon.core.main.TestSuiteExecutor.accessTestSuiteMainPhase(TestSuiteExecutor.java:164)
	at com.kms.katalon.core.main.TestSuiteExecutor.execute(TestSuiteExecutor.java:105)
	at com.kms.katalon.core.main.TestCaseMain.startTestSuite(TestCaseMain.java:181)
	at com.kms.katalon.core.main.TestCaseMain$startTestSuite$0.call(Unknown Source)
	at TempTestSuite1642298356151.run(TempTestSuite1642298356151.groovy:36)
Caused by: com.kms.katalon.core.webui.exception.WebElementNotFoundException: Web element with id: 'Object Repository/Utils/Page_CNPM Danh sch thnh vin/input_Danh sch thnh vin_btn btn-secondary my-1' located by '//input[@value='Ghi danh người dùng']' not found
	at com.kms.katalon.core.webui.common.WebUiCommonHelper.findWebElement(WebUiCommonHelper.java:1368)
	at com.kms.katalon.core.webui.keyword.internal.WebUIAbstractKeyword.findWebElement(WebUIAbstractKeyword.groovy:27)
	at com.kms.katalon.core.webui.keyword.builtin.ClickKeyword$_click_closure1.doCall(ClickKeyword.groovy:65)
	at com.kms.katalon.core.webui.keyword.builtin.ClickKeyword$_click_closure1.call(ClickKeyword.groovy)
	at com.kms.katalon.core.webui.keyword.internal.WebUIKeywordMain.runKeyword(WebUIKeywordMain.groovy:20)
	at com.kms.katalon.core.webui.keyword.builtin.ClickKeyword.click(ClickKeyword.groovy:74)
	at com.kms.katalon.core.webui.keyword.builtin.ClickKeyword.execute(ClickKeyword.groovy:40)
	at com.kms.katalon.core.keyword.internal.KeywordExecutor.executeKeywordForPlatform(KeywordExecutor.groovy:74)
	at com.kms.katalon.core.webui.keyword.WebUiBuiltInKeywords.click(WebUiBuiltInKeywords.groovy:620)
	at com.kms.katalon.core.webui.keyword.WebUiBuiltInKeywords$click$1.call(Unknown Source)
	at Script1641906761787.run(Script1641906761787.groovy:36)
	at com.kms.katalon.core.main.ScriptEngine.run(ScriptEngine.java:194)
	at com.kms.katalon.core.main.ScriptEngine.runScriptAsRawText(ScriptEngine.java:119)
	at com.kms.katalon.core.main.TestCaseExecutor.runScript(TestCaseExecutor.java:442)
	at com.kms.katalon.core.main.TestCaseExecutor.doExecute(TestCaseExecutor.java:433)
	at com.kms.katalon.core.main.TestCaseExecutor.processExecutionPhase(TestCaseExecutor.java:412)
	at com.kms.katalon.core.main.TestCaseExecutor.accessMainPhase(TestCaseExecutor.java:404)
	at com.kms.katalon.core.main.TestCaseExecutor.execute(TestCaseExecutor.java:281)
	at com.kms.katalon.core.main.TestCaseMain.runTestCase(TestCaseMain.java:138)
	at com.kms.katalon.core.keyword.builtin.CallTestCaseKeyword$_callTestCase_closure1.doCall(CallTestCaseKeyword.groovy:59)
	at com.kms.katalon.core.keyword.builtin.CallTestCaseKeyword$_callTestCase_closure1.call(CallTestCaseKeyword.groovy)
	at com.kms.katalon.core.keyword.internal.KeywordMain.runKeyword(KeywordMain.groovy:74)
	at com.kms.katalon.core.keyword.builtin.CallTestCaseKeyword.callTestCase(CallTestCaseKeyword.groovy:81)
	at com.kms.katalon.core.keyword.builtin.CallTestCaseKeyword.execute(CallTestCaseKeyword.groovy:44)
	at com.kms.katalon.core.keyword.internal.KeywordExecutor.executeKeywordForPlatform(KeywordExecutor.groovy:74)
	at com.kms.katalon.core.keyword.BuiltinKeywords.callTestCase(BuiltinKeywords.groovy:334)
	at Script1641906223502.run(Script1641906223502.groovy:24)
	... 16 more
)

2022-01-16 12:41:17 - [MESSAGE][INFO] - Unable to find the element located by 'By.xpath: //input[@value='Ghi danh người dùng']'. Please recheck the objects properties to make sure the desired element is located. 

2022-01-16 12:41:17 - [MESSAGE][WARNING] - [SELF-HEALING] Failed to find element with id 'Object Repository/Utils/Page_CNPM Danh sch thnh vin/input_Danh sch thnh vin_btn btn-secondary my-1'. Try using Self-healing.

2022-01-16 12:41:17 - [MESSAGE][INFO] - [SELF-HEALING] Failed Locator: '//input[@value='Ghi danh người dùng']'.

2022-01-16 12:41:18 - [MESSAGE][INFO] - [SELF-HEALING] Failed Locator: '//form[@id='enrolusersbutton-1']/div/input'.

2022-01-16 12:41:18 - [MESSAGE][INFO] - [SELF-HEALING] Working Locator: '//input'.

2022-01-16 12:41:18 - [MESSAGE][ERROR] - [SELF-HEALING] Cannot save screenshot to: E:\xampp\htdocs\moodle\Test Automation - SE Bonus\Reports\Self-healing, reason: unknown error: unhandled inspector error: {"code":-32000,"message":"Cannot take screenshot with 0 width."}
  (Session info: MicrosoftEdge=97.0.1072.62)
Build info: version: '3.141.59', revision: 'e82be7d358', time: '2018-11-14T08:25:53'
System info: host: 'LAPTOP-DKU7IQF9', ip: '192.168.1.5', os.name: 'Windows 10', os.arch: 'amd64', os.version: '10.0', java.version: '1.8.0_282'
Driver info: com.kms.katalon.selenium.driver.CEdgeDriver
Capabilities {acceptInsecureCerts: false, browserName: msedge, browserVersion: 97.0.1072.62, javascriptEnabled: true, ms:edgeOptions: {debuggerAddress: localhost:60082}, msedge: {msedgedriverVersion: 97.0.1072.55 (ce3bf33648805..., userDataDir: C:\Users\ninhh\AppData\Loca...}, networkConnectionEnabled: false, pageLoadStrategy: normal, platform: WINDOWS, platformName: WINDOWS, proxy: Proxy(), setWindowRect: true, strictFileInteractability: false, timeouts: {implicit: 0, pageLoad: 300000, script: 30000}, unhandledPromptBehavior: dismiss and notify, webauthn:extension:credBlob: true, webauthn:extension:largeBlob: true, webauthn:virtualAuthenticators: true}
Session ID: 9c307c1a09be1b6877e2576d43682623.

2022-01-16 12:41:18 - [MESSAGE][ERROR] - [SELF-HEALING] Cannot save screenshot to: E:\xampp\htdocs\moodle\Test Automation - SE Bonus\Reports\Self-healing, reason: unknown error: unhandled inspector error: {"code":-32000,"message":"Cannot take screenshot with 0 width."}
  (Session info: MicrosoftEdge=97.0.1072.62)
Build info: version: '3.141.59', revision: 'e82be7d358', time: '2018-11-14T08:25:53'
System info: host: 'LAPTOP-DKU7IQF9', ip: '192.168.1.5', os.name: 'Windows 10', os.arch: 'amd64', os.version: '10.0', java.version: '1.8.0_282'
Driver info: com.kms.katalon.selenium.driver.CEdgeDriver
Capabilities {acceptInsecureCerts: false, browserName: msedge, browserVersion: 97.0.1072.62, javascriptEnabled: true, ms:edgeOptions: {debuggerAddress: localhost:60082}, msedge: {msedgedriverVersion: 97.0.1072.55 (ce3bf33648805..., userDataDir: C:\Users\ninhh\AppData\Loca...}, networkConnectionEnabled: false, pageLoadStrategy: normal, platform: WINDOWS, platformName: WINDOWS, proxy: Proxy(), setWindowRect: true, strictFileInteractability: false, timeouts: {implicit: 0, pageLoad: 300000, script: 30000}, unhandledPromptBehavior: dismiss and notify, webauthn:extension:credBlob: true, webauthn:extension:largeBlob: true, webauthn:virtualAuthenticators: true}
Session ID: 9c307c1a09be1b6877e2576d43682623.

2022-01-16 12:41:18 - [MESSAGE][WARNING] - [SELF-HEALING] 'other' is different type of Path

2022-01-16 12:41:18 - [MESSAGE][ERROR] - [SELF-HEALING] Cannot save screenshot to: E:\xampp\htdocs\moodle\Test Automation - SE Bonus\Reports\Self-healing, reason: unknown error: unhandled inspector error: {"code":-32000,"message":"Cannot take screenshot with 0 width."}
  (Session info: MicrosoftEdge=97.0.1072.62)
Build info: version: '3.141.59', revision: 'e82be7d358', time: '2018-11-14T08:25:53'
System info: host: 'LAPTOP-DKU7IQF9', ip: '192.168.1.5', os.name: 'Windows 10', os.arch: 'amd64', os.version: '10.0', java.version: '1.8.0_282'
Driver info: com.kms.katalon.selenium.driver.CEdgeDriver
Capabilities {acceptInsecureCerts: false, browserName: msedge, browserVersion: 97.0.1072.62, javascriptEnabled: true, ms:edgeOptions: {debuggerAddress: localhost:60082}, msedge: {msedgedriverVersion: 97.0.1072.55 (ce3bf33648805..., userDataDir: C:\Users\ninhh\AppData\Loca...}, networkConnectionEnabled: false, pageLoadStrategy: normal, platform: WINDOWS, platformName: WINDOWS, proxy: Proxy(), setWindowRect: true, strictFileInteractability: false, timeouts: {implicit: 0, pageLoad: 300000, script: 30000}, unhandledPromptBehavior: dismiss and notify, webauthn:extension:credBlob: true, webauthn:extension:largeBlob: true, webauthn:virtualAuthenticators: true}
Session ID: 9c307c1a09be1b6877e2576d43682623.

2022-01-16 12:41:18 - [MESSAGE][WARNING] - [SELF-HEALING] 'other' is different type of Path

2022-01-16 12:41:20 - [MESSAGE][INFO] - Unable to find the element located by 'By.cssSelector: input.btn.btn-secondary.my-1'. Please recheck the objects properties to make sure the desired element is located. 

2022-01-16 12:41:20 - [MESSAGE][FAILED] - Unable to click on object 'Object Repository/Utils/Page_CNPM Danh sch thnh vin/input_Danh sch thnh vin_btn btn-secondary my-1' (Root cause: com.kms.katalon.core.exception.StepFailedException: Unable to click on object 'Object Repository/Utils/Page_CNPM Danh sch thnh vin/input_Danh sch thnh vin_btn btn-secondary my-1'
	at com.kms.katalon.core.webui.keyword.internal.WebUIKeywordMain.stepFailed(WebUIKeywordMain.groovy:64)
	at com.kms.katalon.core.webui.keyword.internal.WebUIKeywordMain.runKeyword(WebUIKeywordMain.groovy:26)
	at com.kms.katalon.core.webui.keyword.builtin.ClickKeyword.click(ClickKeyword.groovy:74)
	at com.kms.katalon.core.webui.keyword.builtin.ClickKeyword.execute(ClickKeyword.groovy:40)
	at com.kms.katalon.core.keyword.internal.KeywordExecutor.executeKeywordForPlatform(KeywordExecutor.groovy:74)
	at com.kms.katalon.core.webui.keyword.WebUiBuiltInKeywords.click(WebUiBuiltInKeywords.groovy:620)
	at com.kms.katalon.core.webui.keyword.WebUiBuiltInKeywords$click$1.call(Unknown Source)
	at Create course CNPM.run(Create course CNPM:36)
	at com.kms.katalon.core.main.ScriptEngine.run(ScriptEngine.java:194)
	at com.kms.katalon.core.main.ScriptEngine.runScriptAsRawText(ScriptEngine.java:119)
	at com.kms.katalon.core.main.TestCaseExecutor.runScript(TestCaseExecutor.java:442)
	at com.kms.katalon.core.main.TestCaseExecutor.doExecute(TestCaseExecutor.java:433)
	at com.kms.katalon.core.main.TestCaseExecutor.processExecutionPhase(TestCaseExecutor.java:412)
	at com.kms.katalon.core.main.TestCaseExecutor.accessMainPhase(TestCaseExecutor.java:404)
	at com.kms.katalon.core.main.TestCaseExecutor.execute(TestCaseExecutor.java:281)
	at com.kms.katalon.core.main.TestCaseMain.runTestCase(TestCaseMain.java:138)
	at com.kms.katalon.core.keyword.builtin.CallTestCaseKeyword$_callTestCase_closure1.doCall(CallTestCaseKeyword.groovy:59)
	at com.kms.katalon.core.keyword.builtin.CallTestCaseKeyword$_callTestCase_closure1.call(CallTestCaseKeyword.groovy)
	at com.kms.katalon.core.keyword.internal.KeywordMain.runKeyword(KeywordMain.groovy:74)
	at com.kms.katalon.core.keyword.builtin.CallTestCaseKeyword.callTestCase(CallTestCaseKeyword.groovy:81)
	at com.kms.katalon.core.keyword.builtin.CallTestCaseKeyword.execute(CallTestCaseKeyword.groovy:44)
	at com.kms.katalon.core.keyword.internal.KeywordExecutor.executeKeywordForPlatform(KeywordExecutor.groovy:74)
	at com.kms.katalon.core.keyword.BuiltinKeywords.callTestCase(BuiltinKeywords.groovy:334)
	at Create folder.run(Create folder:24)
	at com.kms.katalon.core.main.ScriptEngine.run(ScriptEngine.java:194)
	at com.kms.katalon.core.main.ScriptEngine.runScriptAsRawText(ScriptEngine.java:119)
	at com.kms.katalon.core.main.TestCaseExecutor.runScript(TestCaseExecutor.java:442)
	at com.kms.katalon.core.main.TestCaseExecutor.doExecute(TestCaseExecutor.java:433)
	at com.kms.katalon.core.main.TestCaseExecutor.processExecutionPhase(TestCaseExecutor.java:412)
	at com.kms.katalon.core.main.TestCaseExecutor.accessMainPhase(TestCaseExecutor.java:404)
	at com.kms.katalon.core.main.TestCaseExecutor.execute(TestCaseExecutor.java:281)
	at com.kms.katalon.core.main.TestCaseExecutor.execute(TestCaseExecutor.java:363)
	at com.kms.katalon.core.main.TestCaseExecutor.execute(TestCaseExecutor.java:363)
	at com.kms.katalon.core.main.TestCaseExecutor.execute(TestCaseExecutor.java:363)
	at com.kms.katalon.core.main.TestSuiteExecutor.accessTestCaseMainPhase(TestSuiteExecutor.java:202)
	at com.kms.katalon.core.main.TestSuiteExecutor.accessTestSuiteMainPhase(TestSuiteExecutor.java:164)
	at com.kms.katalon.core.main.TestSuiteExecutor.execute(TestSuiteExecutor.java:105)
	at com.kms.katalon.core.main.TestCaseMain.startTestSuite(TestCaseMain.java:181)
	at com.kms.katalon.core.main.TestCaseMain$startTestSuite$0.call(Unknown Source)
	at TempTestSuite1642298356151.run(TempTestSuite1642298356151.groovy:36)
Caused by: com.kms.katalon.core.webui.exception.WebElementNotFoundException: Web element with id: 'Object Repository/Utils/Page_CNPM Danh sch thnh vin/input_Danh sch thnh vin_btn btn-secondary my-1' located by '//input[@value='Ghi danh người dùng']' not found
	at com.kms.katalon.core.webui.common.WebUiCommonHelper.findWebElement(WebUiCommonHelper.java:1368)
	at com.kms.katalon.core.webui.keyword.internal.WebUIAbstractKeyword.findWebElement(WebUIAbstractKeyword.groovy:27)
	at com.kms.katalon.core.webui.keyword.builtin.ClickKeyword$_click_closure1.doCall(ClickKeyword.groovy:65)
	at com.kms.katalon.core.webui.keyword.builtin.ClickKeyword$_click_closure1.call(ClickKeyword.groovy)
	at com.kms.katalon.core.webui.keyword.internal.WebUIKeywordMain.runKeyword(WebUIKeywordMain.groovy:20)
	at com.kms.katalon.core.webui.keyword.builtin.ClickKeyword.click(ClickKeyword.groovy:74)
	at com.kms.katalon.core.webui.keyword.builtin.ClickKeyword.execute(ClickKeyword.groovy:40)
	at com.kms.katalon.core.keyword.internal.KeywordExecutor.executeKeywordForPlatform(KeywordExecutor.groovy:74)
	at com.kms.katalon.core.webui.keyword.WebUiBuiltInKeywords.click(WebUiBuiltInKeywords.groovy:620)
	at com.kms.katalon.core.webui.keyword.WebUiBuiltInKeywords$click$1.call(Unknown Source)
	at Script1641906761787.run(Script1641906761787.groovy:36)
	at com.kms.katalon.core.main.ScriptEngine.run(ScriptEngine.java:194)
	at com.kms.katalon.core.main.ScriptEngine.runScriptAsRawText(ScriptEngine.java:119)
	at com.kms.katalon.core.main.TestCaseExecutor.runScript(TestCaseExecutor.java:442)
	at com.kms.katalon.core.main.TestCaseExecutor.doExecute(TestCaseExecutor.java:433)
	at com.kms.katalon.core.main.TestCaseExecutor.processExecutionPhase(TestCaseExecutor.java:412)
	at com.kms.katalon.core.main.TestCaseExecutor.accessMainPhase(TestCaseExecutor.java:404)
	at com.kms.katalon.core.main.TestCaseExecutor.execute(TestCaseExecutor.java:281)
	at com.kms.katalon.core.main.TestCaseMain.runTestCase(TestCaseMain.java:138)
	at com.kms.katalon.core.keyword.builtin.CallTestCaseKeyword$_callTestCase_closure1.doCall(CallTestCaseKeyword.groovy:59)
	at com.kms.katalon.core.keyword.builtin.CallTestCaseKeyword$_callTestCase_closure1.call(CallTestCaseKeyword.groovy)
	at com.kms.katalon.core.keyword.internal.KeywordMain.runKeyword(KeywordMain.groovy:74)
	at com.kms.katalon.core.keyword.builtin.CallTestCaseKeyword.callTestCase(CallTestCaseKeyword.groovy:81)
	at com.kms.katalon.core.keyword.builtin.CallTestCaseKeyword.execute(CallTestCaseKeyword.groovy:44)
	at com.kms.katalon.core.keyword.internal.KeywordExecutor.executeKeywordForPlatform(KeywordExecutor.groovy:74)
	at com.kms.katalon.core.keyword.BuiltinKeywords.callTestCase(BuiltinKeywords.groovy:334)
	at Script1641906223502.run(Script1641906223502.groovy:24)
	... 16 more
)
[[ATTACHMENT|E:\\xampp\\htdocs\\moodle\\Test Automation - SE Bonus\\Reports\\20220116_085916\\Run All Test Cases\\20220116_085916\\1642311680169.png]]

2022-01-16 12:41:20 - [MESSAGE][INFO] - 

2022-01-16 12:41:20 - [MESSAGE][INFO] - ===================== Self-healing Report ====================

2022-01-16 12:41:20 - [MESSAGE][INFO] - One of the failed test object locators has been recovered by Self-healing. Please refer to the Self-healing Insights tab for more details.

2022-01-16 12:41:20 - [MESSAGE][INFO] - To learn more about Self-healing, please read https://docs.katalon.com/katalon-studio/docs/self-healing.html

2022-01-16 12:41:20 - [MESSAGE][INFO] - ==============================================================

2022-01-16 12:41:20 - [MESSAGE][FAILED] - Unable to call Test Case 'Test Cases/Utils/Create course CNPM' (Root cause: com.kms.katalon.core.exception.StepFailedException: Call Test Case 'Test Cases/Utils/Create course CNPM' failed
	at com.kms.katalon.core.keyword.builtin.CallTestCaseKeyword$_callTestCase_closure1.doCall(CallTestCaseKeyword.groovy:63)
	at com.kms.katalon.core.keyword.builtin.CallTestCaseKeyword$_callTestCase_closure1.call(CallTestCaseKeyword.groovy)
	at com.kms.katalon.core.keyword.internal.KeywordMain.runKeyword(KeywordMain.groovy:74)
	at com.kms.katalon.core.keyword.builtin.CallTestCaseKeyword.callTestCase(CallTestCaseKeyword.groovy:81)
	at com.kms.katalon.core.keyword.builtin.CallTestCaseKeyword.execute(CallTestCaseKeyword.groovy:44)
	at com.kms.katalon.core.keyword.internal.KeywordExecutor.executeKeywordForPlatform(KeywordExecutor.groovy:74)
	at com.kms.katalon.core.keyword.BuiltinKeywords.callTestCase(BuiltinKeywords.groovy:334)
	at Create folder.run(Create folder:24)
	at com.kms.katalon.core.main.ScriptEngine.run(ScriptEngine.java:194)
	at com.kms.katalon.core.main.ScriptEngine.runScriptAsRawText(ScriptEngine.java:119)
	at com.kms.katalon.core.main.TestCaseExecutor.runScript(TestCaseExecutor.java:442)
	at com.kms.katalon.core.main.TestCaseExecutor.doExecute(TestCaseExecutor.java:433)
	at com.kms.katalon.core.main.TestCaseExecutor.processExecutionPhase(TestCaseExecutor.java:412)
	at com.kms.katalon.core.main.TestCaseExecutor.accessMainPhase(TestCaseExecutor.java:404)
	at com.kms.katalon.core.main.TestCaseExecutor.execute(TestCaseExecutor.java:281)
	at com.kms.katalon.core.main.TestCaseExecutor.execute(TestCaseExecutor.java:363)
	at com.kms.katalon.core.main.TestCaseExecutor.execute(TestCaseExecutor.java:363)
	at com.kms.katalon.core.main.TestCaseExecutor.execute(TestCaseExecutor.java:363)
	at com.kms.katalon.core.main.TestSuiteExecutor.accessTestCaseMainPhase(TestSuiteExecutor.java:202)
	at com.kms.katalon.core.main.TestSuiteExecutor.accessTestSuiteMainPhase(TestSuiteExecutor.java:164)
	at com.kms.katalon.core.main.TestSuiteExecutor.execute(TestSuiteExecutor.java:105)
	at com.kms.katalon.core.main.TestCaseMain.startTestSuite(TestCaseMain.java:181)
	at com.kms.katalon.core.main.TestCaseMain$startTestSuite$0.call(Unknown Source)
	at TempTestSuite1642298356151.run(TempTestSuite1642298356151.groovy:36)
Caused by: com.kms.katalon.core.exception.StepFailedException: Unable to click on object 'Object Repository/Utils/Page_CNPM Danh sch thnh vin/input_Danh sch thnh vin_btn btn-secondary my-1'
	at com.kms.katalon.core.webui.keyword.internal.WebUIKeywordMain.stepFailed(WebUIKeywordMain.groovy:64)
	at com.kms.katalon.core.webui.keyword.internal.WebUIKeywordMain.runKeyword(WebUIKeywordMain.groovy:26)
	at com.kms.katalon.core.webui.keyword.builtin.ClickKeyword.click(ClickKeyword.groovy:74)
	at com.kms.katalon.core.webui.keyword.builtin.ClickKeyword.execute(ClickKeyword.groovy:40)
	at com.kms.katalon.core.keyword.internal.KeywordExecutor.executeKeywordForPlatform(KeywordExecutor.groovy:74)
	at com.kms.katalon.core.webui.keyword.WebUiBuiltInKeywords.click(WebUiBuiltInKeywords.groovy:620)
	at com.kms.katalon.core.webui.keyword.WebUiBuiltInKeywords$click$1.call(Unknown Source)
	at Create course CNPM.run(Create course CNPM:36)
	at com.kms.katalon.core.main.ScriptEngine.run(ScriptEngine.java:194)
	at com.kms.katalon.core.main.ScriptEngine.runScriptAsRawText(ScriptEngine.java:119)
	at com.kms.katalon.core.main.TestCaseExecutor.runScript(TestCaseExecutor.java:442)
	at com.kms.katalon.core.main.TestCaseExecutor.doExecute(TestCaseExecutor.java:433)
	at com.kms.katalon.core.main.TestCaseExecutor.processExecutionPhase(TestCaseExecutor.java:412)
	at com.kms.katalon.core.main.TestCaseExecutor.accessMainPhase(TestCaseExecutor.java:404)
	at com.kms.katalon.core.main.TestCaseExecutor.execute(TestCaseExecutor.java:281)
	at com.kms.katalon.core.main.TestCaseMain.runTestCase(TestCaseMain.java:138)
	at com.kms.katalon.core.keyword.builtin.CallTestCaseKeyword$_callTestCase_closure1.doCall(CallTestCaseKeyword.groovy:59)
	... 23 more
Caused by: com.kms.katalon.core.webui.exception.WebElementNotFoundException: Web element with id: 'Object Repository/Utils/Page_CNPM Danh sch thnh vin/input_Danh sch thnh vin_btn btn-secondary my-1' located by '//input[@value='Ghi danh người dùng']' not found
	at com.kms.katalon.core.webui.common.WebUiCommonHelper.findWebElement(WebUiCommonHelper.java:1368)
	at com.kms.katalon.core.webui.keyword.internal.WebUIAbstractKeyword.findWebElement(WebUIAbstractKeyword.groovy:27)
	at com.kms.katalon.core.webui.keyword.builtin.ClickKeyword$_click_closure1.doCall(ClickKeyword.groovy:65)
	at com.kms.katalon.core.webui.keyword.builtin.ClickKeyword$_click_closure1.call(ClickKeyword.groovy)
	at com.kms.katalon.core.webui.keyword.internal.WebUIKeywordMain.runKeyword(WebUIKeywordMain.groovy:20)
	... 38 more
)]]></system-out>
         <system-err><![CDATA[2022-01-16 12:39:18 - [TEST_CASE][FAILED] - Test Cases/Create folder and quiz/Create folder: Test Cases/Create folder and quiz/Create folder FAILED.
Reason:
com.kms.katalon.core.exception.StepFailedException: Call Test Case 'Test Cases/Utils/Create course CNPM' failed
	at com.kms.katalon.core.keyword.builtin.CallTestCaseKeyword$_callTestCase_closure1.doCall(CallTestCaseKeyword.groovy:63)
	at com.kms.katalon.core.keyword.builtin.CallTestCaseKeyword$_callTestCase_closure1.call(CallTestCaseKeyword.groovy)
	at com.kms.katalon.core.keyword.internal.KeywordMain.runKeyword(KeywordMain.groovy:74)
	at com.kms.katalon.core.keyword.builtin.CallTestCaseKeyword.callTestCase(CallTestCaseKeyword.groovy:81)
	at com.kms.katalon.core.keyword.builtin.CallTestCaseKeyword.execute(CallTestCaseKeyword.groovy:44)
	at com.kms.katalon.core.keyword.internal.KeywordExecutor.executeKeywordForPlatform(KeywordExecutor.groovy:74)
	at com.kms.katalon.core.keyword.BuiltinKeywords.callTestCase(BuiltinKeywords.groovy:334)
	at Create folder.run(Create folder:24)
	at com.kms.katalon.core.main.ScriptEngine.run(ScriptEngine.java:194)
	at com.kms.katalon.core.main.ScriptEngine.runScriptAsRawText(ScriptEngine.java:119)
	at com.kms.katalon.core.main.TestCaseExecutor.runScript(TestCaseExecutor.java:442)
	at com.kms.katalon.core.main.TestCaseExecutor.doExecute(TestCaseExecutor.java:433)
	at com.kms.katalon.core.main.TestCaseExecutor.processExecutionPhase(TestCaseExecutor.java:412)
	at com.kms.katalon.core.main.TestCaseExecutor.accessMainPhase(TestCaseExecutor.java:404)
	at com.kms.katalon.core.main.TestCaseExecutor.execute(TestCaseExecutor.java:281)
	at com.kms.katalon.core.main.TestCaseExecutor.execute(TestCaseExecutor.java:363)
	at com.kms.katalon.core.main.TestCaseExecutor.execute(TestCaseExecutor.java:363)
	at com.kms.katalon.core.main.TestCaseExecutor.execute(TestCaseExecutor.java:363)
	at com.kms.katalon.core.main.TestSuiteExecutor.accessTestCaseMainPhase(TestSuiteExecutor.java:202)
	at com.kms.katalon.core.main.TestSuiteExecutor.accessTestSuiteMainPhase(TestSuiteExecutor.java:164)
	at com.kms.katalon.core.main.TestSuiteExecutor.execute(TestSuiteExecutor.java:105)
	at com.kms.katalon.core.main.TestCaseMain.startTestSuite(TestCaseMain.java:181)
	at com.kms.katalon.core.main.TestCaseMain$startTestSuite$0.call(Unknown Source)
	at TempTestSuite1642298356151.run(TempTestSuite1642298356151.groovy:36)
Caused by: com.kms.katalon.core.exception.StepFailedException: Unable to click on object 'Object Repository/Utils/Page_CNPM Danh sch thnh vin/input_Danh sch thnh vin_btn btn-secondary my-1'
	at com.kms.katalon.core.webui.keyword.internal.WebUIKeywordMain.stepFailed(WebUIKeywordMain.groovy:64)
	at com.kms.katalon.core.webui.keyword.internal.WebUIKeywordMain.runKeyword(WebUIKeywordMain.groovy:26)
	at com.kms.katalon.core.webui.keyword.builtin.ClickKeyword.click(ClickKeyword.groovy:74)
	at com.kms.katalon.core.webui.keyword.builtin.ClickKeyword.execute(ClickKeyword.groovy:40)
	at com.kms.katalon.core.keyword.internal.KeywordExecutor.executeKeywordForPlatform(KeywordExecutor.groovy:74)
	at com.kms.katalon.core.webui.keyword.WebUiBuiltInKeywords.click(WebUiBuiltInKeywords.groovy:620)
	at com.kms.katalon.core.webui.keyword.WebUiBuiltInKeywords$click$1.call(Unknown Source)
	at Create course CNPM.run(Create course CNPM:36)
	at com.kms.katalon.core.main.ScriptEngine.run(ScriptEngine.java:194)
	at com.kms.katalon.core.main.ScriptEngine.runScriptAsRawText(ScriptEngine.java:119)
	at com.kms.katalon.core.main.TestCaseExecutor.runScript(TestCaseExecutor.java:442)
	at com.kms.katalon.core.main.TestCaseExecutor.doExecute(TestCaseExecutor.java:433)
	at com.kms.katalon.core.main.TestCaseExecutor.processExecutionPhase(TestCaseExecutor.java:412)
	at com.kms.katalon.core.main.TestCaseExecutor.accessMainPhase(TestCaseExecutor.java:404)
	at com.kms.katalon.core.main.TestCaseExecutor.execute(TestCaseExecutor.java:281)
	at com.kms.katalon.core.main.TestCaseMain.runTestCase(TestCaseMain.java:138)
	at com.kms.katalon.core.keyword.builtin.CallTestCaseKeyword$_callTestCase_closure1.doCall(CallTestCaseKeyword.groovy:59)
	... 23 more
Caused by: com.kms.katalon.core.webui.exception.WebElementNotFoundException: Web element with id: 'Object Repository/Utils/Page_CNPM Danh sch thnh vin/input_Danh sch thnh vin_btn btn-secondary my-1' located by '//input[@value='Ghi danh người dùng']' not found
	at com.kms.katalon.core.webui.common.WebUiCommonHelper.findWebElement(WebUiCommonHelper.java:1368)
	at com.kms.katalon.core.webui.keyword.internal.WebUIAbstractKeyword.findWebElement(WebUIAbstractKeyword.groovy:27)
	at com.kms.katalon.core.webui.keyword.builtin.ClickKeyword$_click_closure1.doCall(ClickKeyword.groovy:65)
	at com.kms.katalon.core.webui.keyword.builtin.ClickKeyword$_click_closure1.call(ClickKeyword.groovy)
	at com.kms.katalon.core.webui.keyword.internal.WebUIKeywordMain.runKeyword(WebUIKeywordMain.groovy:20)
	... 38 more]]></system-err>
      </testcase>
      <testcase name="Test Cases/Create folder and quiz/Create quiz without title" time="36.936" classname="Test Cases/Create folder and quiz/Create quiz without title" status="FAILED">
         <failure type="FAILED" message="Test Cases/Create folder and quiz/Create quiz without title FAILED.
Reason:
com.kms.katalon.core.exception.StepFailedException: Call Test Case 'Test Cases/Utils/Create course CNPM' failed
	at com.kms.katalon.core.keyword.builtin.CallTestCaseKeyword$_callTestCase_closure1.doCall(CallTestCaseKeyword.groovy:63)
	at com.kms.katalon.core.keyword.builtin.CallTestCaseKeyword$_callTestCase_closure1.call(CallTestCaseKeyword.groovy)
	at com.kms.katalon.core.keyword.internal.KeywordMain.runKeyword(KeywordMain.groovy:74)
	at com.kms.katalon.core.keyword.builtin.CallTestCaseKeyword.callTestCase(CallTestCaseKeyword.groovy:81)
	at com.kms.katalon.core.keyword.builtin.CallTestCaseKeyword.execute(CallTestCaseKeyword.groovy:44)
	at com.kms.katalon.core.keyword.internal.KeywordExecutor.executeKeywordForPlatform(KeywordExecutor.groovy:74)
	at com.kms.katalon.core.keyword.BuiltinKeywords.callTestCase(BuiltinKeywords.groovy:334)
	at Create quiz without title.run(Create quiz without title:24)
	at com.kms.katalon.core.main.ScriptEngine.run(ScriptEngine.java:194)
	at com.kms.katalon.core.main.ScriptEngine.runScriptAsRawText(ScriptEngine.java:119)
	at com.kms.katalon.core.main.TestCaseExecutor.runScript(TestCaseExecutor.java:442)
	at com.kms.katalon.core.main.TestCaseExecutor.doExecute(TestCaseExecutor.java:433)
	at com.kms.katalon.core.main.TestCaseExecutor.processExecutionPhase(TestCaseExecutor.java:412)
	at com.kms.katalon.core.main.TestCaseExecutor.accessMainPhase(TestCaseExecutor.java:404)
	at com.kms.katalon.core.main.TestCaseExecutor.execute(TestCaseExecutor.java:281)
	at com.kms.katalon.core.main.TestCaseExecutor.execute(TestCaseExecutor.java:363)
	at com.kms.katalon.core.main.TestCaseExecutor.execute(TestCaseExecutor.java:363)
	at com.kms.katalon.core.main.TestCaseExecutor.execute(TestCaseExecutor.java:363)
	at com.kms.katalon.core.main.TestSuiteExecutor.accessTestCaseMainPhase(TestSuiteExecutor.java:202)
	at com.kms.katalon.core.main.TestSuiteExecutor.accessTestSuiteMainPhase(TestSuiteExecutor.java:164)
	at com.kms.katalon.core.main.TestSuiteExecutor.execute(TestSuiteExecutor.java:105)
	at com.kms.katalon.core.main.TestCaseMain.startTestSuite(TestCaseMain.java:181)
	at com.kms.katalon.core.main.TestCaseMain$startTestSuite$0.call(Unknown Source)
	at TempTestSuite1642298356151.run(TempTestSuite1642298356151.groovy:36)
Caused by: com.kms.katalon.core.exception.StepFailedException: Unable to click on object 'Object Repository/Utils/Page_CNPM Danh sch thnh vin/input_Danh sch thnh vin_btn btn-secondary my-1'
	at com.kms.katalon.core.webui.keyword.internal.WebUIKeywordMain.stepFailed(WebUIKeywordMain.groovy:64)
	at com.kms.katalon.core.webui.keyword.internal.WebUIKeywordMain.runKeyword(WebUIKeywordMain.groovy:26)
	at com.kms.katalon.core.webui.keyword.builtin.ClickKeyword.click(ClickKeyword.groovy:74)
	at com.kms.katalon.core.webui.keyword.builtin.ClickKeyword.execute(ClickKeyword.groovy:40)
	at com.kms.katalon.core.keyword.internal.KeywordExecutor.executeKeywordForPlatform(KeywordExecutor.groovy:74)
	at com.kms.katalon.core.webui.keyword.WebUiBuiltInKeywords.click(WebUiBuiltInKeywords.groovy:620)
	at com.kms.katalon.core.webui.keyword.WebUiBuiltInKeywords$click$1.call(Unknown Source)
	at Create course CNPM.run(Create course CNPM:36)
	at com.kms.katalon.core.main.ScriptEngine.run(ScriptEngine.java:194)
	at com.kms.katalon.core.main.ScriptEngine.runScriptAsRawText(ScriptEngine.java:119)
	at com.kms.katalon.core.main.TestCaseExecutor.runScript(TestCaseExecutor.java:442)
	at com.kms.katalon.core.main.TestCaseExecutor.doExecute(TestCaseExecutor.java:433)
	at com.kms.katalon.core.main.TestCaseExecutor.processExecutionPhase(TestCaseExecutor.java:412)
	at com.kms.katalon.core.main.TestCaseExecutor.accessMainPhase(TestCaseExecutor.java:404)
	at com.kms.katalon.core.main.TestCaseExecutor.execute(TestCaseExecutor.java:281)
	at com.kms.katalon.core.main.TestCaseMain.runTestCase(TestCaseMain.java:138)
	at com.kms.katalon.core.keyword.builtin.CallTestCaseKeyword$_callTestCase_closure1.doCall(CallTestCaseKeyword.groovy:59)
	... 23 more
Caused by: com.kms.katalon.core.webui.exception.WebElementNotFoundException: Web element with id: 'Object Repository/Utils/Page_CNPM Danh sch thnh vin/input_Danh sch thnh vin_btn btn-secondary my-1' located by '//input[@value='Ghi danh người dùng']' not found
	at com.kms.katalon.core.webui.common.WebUiCommonHelper.findWebElement(WebUiCommonHelper.java:1368)
	at com.kms.katalon.core.webui.keyword.internal.WebUIAbstractKeyword.findWebElement(WebUIAbstractKeyword.groovy:27)
	at com.kms.katalon.core.webui.keyword.builtin.ClickKeyword$_click_closure1.doCall(ClickKeyword.groovy:65)
	at com.kms.katalon.core.webui.keyword.builtin.ClickKeyword$_click_closure1.call(ClickKeyword.groovy)
	at com.kms.katalon.core.webui.keyword.internal.WebUIKeywordMain.runKeyword(WebUIKeywordMain.groovy:20)
	... 38 more
"/>
         <system-out><![CDATA[2022-01-16 12:45:09 - [TEST_CASE][FAILED] - Test Cases/Create folder and quiz/Create quiz without title: Test Cases/Create folder and quiz/Create quiz without title FAILED.
Reason:
com.kms.katalon.core.exception.StepFailedException: Call Test Case 'Test Cases/Utils/Create course CNPM' failed
	at com.kms.katalon.core.keyword.builtin.CallTestCaseKeyword$_callTestCase_closure1.doCall(CallTestCaseKeyword.groovy:63)
	at com.kms.katalon.core.keyword.builtin.CallTestCaseKeyword$_callTestCase_closure1.call(CallTestCaseKeyword.groovy)
	at com.kms.katalon.core.keyword.internal.KeywordMain.runKeyword(KeywordMain.groovy:74)
	at com.kms.katalon.core.keyword.builtin.CallTestCaseKeyword.callTestCase(CallTestCaseKeyword.groovy:81)
	at com.kms.katalon.core.keyword.builtin.CallTestCaseKeyword.execute(CallTestCaseKeyword.groovy:44)
	at com.kms.katalon.core.keyword.internal.KeywordExecutor.executeKeywordForPlatform(KeywordExecutor.groovy:74)
	at com.kms.katalon.core.keyword.BuiltinKeywords.callTestCase(BuiltinKeywords.groovy:334)
	at Create quiz without title.run(Create quiz without title:24)
	at com.kms.katalon.core.main.ScriptEngine.run(ScriptEngine.java:194)
	at com.kms.katalon.core.main.ScriptEngine.runScriptAsRawText(ScriptEngine.java:119)
	at com.kms.katalon.core.main.TestCaseExecutor.runScript(TestCaseExecutor.java:442)
	at com.kms.katalon.core.main.TestCaseExecutor.doExecute(TestCaseExecutor.java:433)
	at com.kms.katalon.core.main.TestCaseExecutor.processExecutionPhase(TestCaseExecutor.java:412)
	at com.kms.katalon.core.main.TestCaseExecutor.accessMainPhase(TestCaseExecutor.java:404)
	at com.kms.katalon.core.main.TestCaseExecutor.execute(TestCaseExecutor.java:281)
	at com.kms.katalon.core.main.TestCaseExecutor.execute(TestCaseExecutor.java:363)
	at com.kms.katalon.core.main.TestCaseExecutor.execute(TestCaseExecutor.java:363)
	at com.kms.katalon.core.main.TestCaseExecutor.execute(TestCaseExecutor.java:363)
	at com.kms.katalon.core.main.TestSuiteExecutor.accessTestCaseMainPhase(TestSuiteExecutor.java:202)
	at com.kms.katalon.core.main.TestSuiteExecutor.accessTestSuiteMainPhase(TestSuiteExecutor.java:164)
	at com.kms.katalon.core.main.TestSuiteExecutor.execute(TestSuiteExecutor.java:105)
	at com.kms.katalon.core.main.TestCaseMain.startTestSuite(TestCaseMain.java:181)
	at com.kms.katalon.core.main.TestCaseMain$startTestSuite$0.call(Unknown Source)
	at TempTestSuite1642298356151.run(TempTestSuite1642298356151.groovy:36)
Caused by: com.kms.katalon.core.exception.StepFailedException: Unable to click on object 'Object Repository/Utils/Page_CNPM Danh sch thnh vin/input_Danh sch thnh vin_btn btn-secondary my-1'
	at com.kms.katalon.core.webui.keyword.internal.WebUIKeywordMain.stepFailed(WebUIKeywordMain.groovy:64)
	at com.kms.katalon.core.webui.keyword.internal.WebUIKeywordMain.runKeyword(WebUIKeywordMain.groovy:26)
	at com.kms.katalon.core.webui.keyword.builtin.ClickKeyword.click(ClickKeyword.groovy:74)
	at com.kms.katalon.core.webui.keyword.builtin.ClickKeyword.execute(ClickKeyword.groovy:40)
	at com.kms.katalon.core.keyword.internal.KeywordExecutor.executeKeywordForPlatform(KeywordExecutor.groovy:74)
	at com.kms.katalon.core.webui.keyword.WebUiBuiltInKeywords.click(WebUiBuiltInKeywords.groovy:620)
	at com.kms.katalon.core.webui.keyword.WebUiBuiltInKeywords$click$1.call(Unknown Source)
	at Create course CNPM.run(Create course CNPM:36)
	at com.kms.katalon.core.main.ScriptEngine.run(ScriptEngine.java:194)
	at com.kms.katalon.core.main.ScriptEngine.runScriptAsRawText(ScriptEngine.java:119)
	at com.kms.katalon.core.main.TestCaseExecutor.runScript(TestCaseExecutor.java:442)
	at com.kms.katalon.core.main.TestCaseExecutor.doExecute(TestCaseExecutor.java:433)
	at com.kms.katalon.core.main.TestCaseExecutor.processExecutionPhase(TestCaseExecutor.java:412)
	at com.kms.katalon.core.main.TestCaseExecutor.accessMainPhase(TestCaseExecutor.java:404)
	at com.kms.katalon.core.main.TestCaseExecutor.execute(TestCaseExecutor.java:281)
	at com.kms.katalon.core.main.TestCaseMain.runTestCase(TestCaseMain.java:138)
	at com.kms.katalon.core.keyword.builtin.CallTestCaseKeyword$_callTestCase_closure1.doCall(CallTestCaseKeyword.groovy:59)
	... 23 more
Caused by: com.kms.katalon.core.webui.exception.WebElementNotFoundException: Web element with id: 'Object Repository/Utils/Page_CNPM Danh sch thnh vin/input_Danh sch thnh vin_btn btn-secondary my-1' located by '//input[@value='Ghi danh người dùng']' not found
	at com.kms.katalon.core.webui.common.WebUiCommonHelper.findWebElement(WebUiCommonHelper.java:1368)
	at com.kms.katalon.core.webui.keyword.internal.WebUIAbstractKeyword.findWebElement(WebUIAbstractKeyword.groovy:27)
	at com.kms.katalon.core.webui.keyword.builtin.ClickKeyword$_click_closure1.doCall(ClickKeyword.groovy:65)
	at com.kms.katalon.core.webui.keyword.builtin.ClickKeyword$_click_closure1.call(ClickKeyword.groovy)
	at com.kms.katalon.core.webui.keyword.internal.WebUIKeywordMain.runKeyword(WebUIKeywordMain.groovy:20)
	... 38 more


2022-01-16 12:45:09 - [TEST_STEP][PASSED] - openBrowser(""): Browser is opened with url: ''

2022-01-16 12:45:09 - [MESSAGE][WARNING] - A browser is already opened. Closing browser and opening a new one

2022-01-16 12:45:10 - [MESSAGE][INFO] - Starting 'Edge Chromium' driver

2022-01-16 12:45:11 - [MESSAGE][INFO] - Action delay is set to 0 milliseconds

2022-01-16 12:45:12 - [MESSAGE][PASSED] - Browser is opened with url: ''

2022-01-16 12:45:12 - [TEST_STEP][PASSED] - navigateToUrl("http://localhost/"): Navigate to 'http://localhost/' successfully

2022-01-16 12:45:17 - [MESSAGE][PASSED] - Navigate to 'http://localhost/' successfully

2022-01-16 12:45:17 - [TEST_STEP][FAILED] - callTestCase(findTestCase("Utils/Create course CNPM"), [:], STOP_ON_FAILURE): Unable to call Test Case 'Test Cases/Utils/Create course CNPM' (Root cause: com.kms.katalon.core.exception.StepFailedException: Call Test Case 'Test Cases/Utils/Create course CNPM' failed
	at com.kms.katalon.core.keyword.builtin.CallTestCaseKeyword$_callTestCase_closure1.doCall(CallTestCaseKeyword.groovy:63)
	at com.kms.katalon.core.keyword.builtin.CallTestCaseKeyword$_callTestCase_closure1.call(CallTestCaseKeyword.groovy)
	at com.kms.katalon.core.keyword.internal.KeywordMain.runKeyword(KeywordMain.groovy:74)
	at com.kms.katalon.core.keyword.builtin.CallTestCaseKeyword.callTestCase(CallTestCaseKeyword.groovy:81)
	at com.kms.katalon.core.keyword.builtin.CallTestCaseKeyword.execute(CallTestCaseKeyword.groovy:44)
	at com.kms.katalon.core.keyword.internal.KeywordExecutor.executeKeywordForPlatform(KeywordExecutor.groovy:74)
	at com.kms.katalon.core.keyword.BuiltinKeywords.callTestCase(BuiltinKeywords.groovy:334)
	at Create quiz without title.run(Create quiz without title:24)
	at com.kms.katalon.core.main.ScriptEngine.run(ScriptEngine.java:194)
	at com.kms.katalon.core.main.ScriptEngine.runScriptAsRawText(ScriptEngine.java:119)
	at com.kms.katalon.core.main.TestCaseExecutor.runScript(TestCaseExecutor.java:442)
	at com.kms.katalon.core.main.TestCaseExecutor.doExecute(TestCaseExecutor.java:433)
	at com.kms.katalon.core.main.TestCaseExecutor.processExecutionPhase(TestCaseExecutor.java:412)
	at com.kms.katalon.core.main.TestCaseExecutor.accessMainPhase(TestCaseExecutor.java:404)
	at com.kms.katalon.core.main.TestCaseExecutor.execute(TestCaseExecutor.java:281)
	at com.kms.katalon.core.main.TestCaseExecutor.execute(TestCaseExecutor.java:363)
	at com.kms.katalon.core.main.TestCaseExecutor.execute(TestCaseExecutor.java:363)
	at com.kms.katalon.core.main.TestCaseExecutor.execute(TestCaseExecutor.java:363)
	at com.kms.katalon.core.main.TestSuiteExecutor.accessTestCaseMainPhase(TestSuiteExecutor.java:202)
	at com.kms.katalon.core.main.TestSuiteExecutor.accessTestSuiteMainPhase(TestSuiteExecutor.java:164)
	at com.kms.katalon.core.main.TestSuiteExecutor.execute(TestSuiteExecutor.java:105)
	at com.kms.katalon.core.main.TestCaseMain.startTestSuite(TestCaseMain.java:181)
	at com.kms.katalon.core.main.TestCaseMain$startTestSuite$0.call(Unknown Source)
	at TempTestSuite1642298356151.run(TempTestSuite1642298356151.groovy:36)
Caused by: com.kms.katalon.core.exception.StepFailedException: Unable to click on object 'Object Repository/Utils/Page_CNPM Danh sch thnh vin/input_Danh sch thnh vin_btn btn-secondary my-1'
	at com.kms.katalon.core.webui.keyword.internal.WebUIKeywordMain.stepFailed(WebUIKeywordMain.groovy:64)
	at com.kms.katalon.core.webui.keyword.internal.WebUIKeywordMain.runKeyword(WebUIKeywordMain.groovy:26)
	at com.kms.katalon.core.webui.keyword.builtin.ClickKeyword.click(ClickKeyword.groovy:74)
	at com.kms.katalon.core.webui.keyword.builtin.ClickKeyword.execute(ClickKeyword.groovy:40)
	at com.kms.katalon.core.keyword.internal.KeywordExecutor.executeKeywordForPlatform(KeywordExecutor.groovy:74)
	at com.kms.katalon.core.webui.keyword.WebUiBuiltInKeywords.click(WebUiBuiltInKeywords.groovy:620)
	at com.kms.katalon.core.webui.keyword.WebUiBuiltInKeywords$click$1.call(Unknown Source)
	at Create course CNPM.run(Create course CNPM:36)
	at com.kms.katalon.core.main.ScriptEngine.run(ScriptEngine.java:194)
	at com.kms.katalon.core.main.ScriptEngine.runScriptAsRawText(ScriptEngine.java:119)
	at com.kms.katalon.core.main.TestCaseExecutor.runScript(TestCaseExecutor.java:442)
	at com.kms.katalon.core.main.TestCaseExecutor.doExecute(TestCaseExecutor.java:433)
	at com.kms.katalon.core.main.TestCaseExecutor.processExecutionPhase(TestCaseExecutor.java:412)
	at com.kms.katalon.core.main.TestCaseExecutor.accessMainPhase(TestCaseExecutor.java:404)
	at com.kms.katalon.core.main.TestCaseExecutor.execute(TestCaseExecutor.java:281)
	at com.kms.katalon.core.main.TestCaseMain.runTestCase(TestCaseMain.java:138)
	at com.kms.katalon.core.keyword.builtin.CallTestCaseKeyword$_callTestCase_closure1.doCall(CallTestCaseKeyword.groovy:59)
	... 23 more
Caused by: com.kms.katalon.core.webui.exception.WebElementNotFoundException: Web element with id: 'Object Repository/Utils/Page_CNPM Danh sch thnh vin/input_Danh sch thnh vin_btn btn-secondary my-1' located by '//input[@value='Ghi danh người dùng']' not found
	at com.kms.katalon.core.webui.common.WebUiCommonHelper.findWebElement(WebUiCommonHelper.java:1368)
	at com.kms.katalon.core.webui.keyword.internal.WebUIAbstractKeyword.findWebElement(WebUIAbstractKeyword.groovy:27)
	at com.kms.katalon.core.webui.keyword.builtin.ClickKeyword$_click_closure1.doCall(ClickKeyword.groovy:65)
	at com.kms.katalon.core.webui.keyword.builtin.ClickKeyword$_click_closure1.call(ClickKeyword.groovy)
	at com.kms.katalon.core.webui.keyword.internal.WebUIKeywordMain.runKeyword(WebUIKeywordMain.groovy:20)
	... 38 more
)

2022-01-16 12:45:17 - [TEST_CASE][FAILED] - Test Cases/Utils/Create course CNPM: Test Cases/Utils/Create course CNPM FAILED.
Reason:
com.kms.katalon.core.exception.StepFailedException: Unable to click on object 'Object Repository/Utils/Page_CNPM Danh sch thnh vin/input_Danh sch thnh vin_btn btn-secondary my-1'
	at com.kms.katalon.core.webui.keyword.internal.WebUIKeywordMain.stepFailed(WebUIKeywordMain.groovy:64)
	at com.kms.katalon.core.webui.keyword.internal.WebUIKeywordMain.runKeyword(WebUIKeywordMain.groovy:26)
	at com.kms.katalon.core.webui.keyword.builtin.ClickKeyword.click(ClickKeyword.groovy:74)
	at com.kms.katalon.core.webui.keyword.builtin.ClickKeyword.execute(ClickKeyword.groovy:40)
	at com.kms.katalon.core.keyword.internal.KeywordExecutor.executeKeywordForPlatform(KeywordExecutor.groovy:74)
	at com.kms.katalon.core.webui.keyword.WebUiBuiltInKeywords.click(WebUiBuiltInKeywords.groovy:620)
	at com.kms.katalon.core.webui.keyword.WebUiBuiltInKeywords$click$1.call(Unknown Source)
	at Create course CNPM.run(Create course CNPM:36)
	at com.kms.katalon.core.main.ScriptEngine.run(ScriptEngine.java:194)
	at com.kms.katalon.core.main.ScriptEngine.runScriptAsRawText(ScriptEngine.java:119)
	at com.kms.katalon.core.main.TestCaseExecutor.runScript(TestCaseExecutor.java:442)
	at com.kms.katalon.core.main.TestCaseExecutor.doExecute(TestCaseExecutor.java:433)
	at com.kms.katalon.core.main.TestCaseExecutor.processExecutionPhase(TestCaseExecutor.java:412)
	at com.kms.katalon.core.main.TestCaseExecutor.accessMainPhase(TestCaseExecutor.java:404)
	at com.kms.katalon.core.main.TestCaseExecutor.execute(TestCaseExecutor.java:281)
	at com.kms.katalon.core.main.TestCaseMain.runTestCase(TestCaseMain.java:138)
	at com.kms.katalon.core.keyword.builtin.CallTestCaseKeyword$_callTestCase_closure1.doCall(CallTestCaseKeyword.groovy:59)
	at com.kms.katalon.core.keyword.builtin.CallTestCaseKeyword$_callTestCase_closure1.call(CallTestCaseKeyword.groovy)
	at com.kms.katalon.core.keyword.internal.KeywordMain.runKeyword(KeywordMain.groovy:74)
	at com.kms.katalon.core.keyword.builtin.CallTestCaseKeyword.callTestCase(CallTestCaseKeyword.groovy:81)
	at com.kms.katalon.core.keyword.builtin.CallTestCaseKeyword.execute(CallTestCaseKeyword.groovy:44)
	at com.kms.katalon.core.keyword.internal.KeywordExecutor.executeKeywordForPlatform(KeywordExecutor.groovy:74)
	at com.kms.katalon.core.keyword.BuiltinKeywords.callTestCase(BuiltinKeywords.groovy:334)
	at Create quiz without title.run(Create quiz without title:24)
	at com.kms.katalon.core.main.ScriptEngine.run(ScriptEngine.java:194)
	at com.kms.katalon.core.main.ScriptEngine.runScriptAsRawText(ScriptEngine.java:119)
	at com.kms.katalon.core.main.TestCaseExecutor.runScript(TestCaseExecutor.java:442)
	at com.kms.katalon.core.main.TestCaseExecutor.doExecute(TestCaseExecutor.java:433)
	at com.kms.katalon.core.main.TestCaseExecutor.processExecutionPhase(TestCaseExecutor.java:412)
	at com.kms.katalon.core.main.TestCaseExecutor.accessMainPhase(TestCaseExecutor.java:404)
	at com.kms.katalon.core.main.TestCaseExecutor.execute(TestCaseExecutor.java:281)
	at com.kms.katalon.core.main.TestCaseExecutor.execute(TestCaseExecutor.java:363)
	at com.kms.katalon.core.main.TestCaseExecutor.execute(TestCaseExecutor.java:363)
	at com.kms.katalon.core.main.TestCaseExecutor.execute(TestCaseExecutor.java:363)
	at com.kms.katalon.core.main.TestSuiteExecutor.accessTestCaseMainPhase(TestSuiteExecutor.java:202)
	at com.kms.katalon.core.main.TestSuiteExecutor.accessTestSuiteMainPhase(TestSuiteExecutor.java:164)
	at com.kms.katalon.core.main.TestSuiteExecutor.execute(TestSuiteExecutor.java:105)
	at com.kms.katalon.core.main.TestCaseMain.startTestSuite(TestCaseMain.java:181)
	at com.kms.katalon.core.main.TestCaseMain$startTestSuite$0.call(Unknown Source)
	at TempTestSuite1642298356151.run(TempTestSuite1642298356151.groovy:36)
Caused by: com.kms.katalon.core.webui.exception.WebElementNotFoundException: Web element with id: 'Object Repository/Utils/Page_CNPM Danh sch thnh vin/input_Danh sch thnh vin_btn btn-secondary my-1' located by '//input[@value='Ghi danh người dùng']' not found
	at com.kms.katalon.core.webui.common.WebUiCommonHelper.findWebElement(WebUiCommonHelper.java:1368)
	at com.kms.katalon.core.webui.keyword.internal.WebUIAbstractKeyword.findWebElement(WebUIAbstractKeyword.groovy:27)
	at com.kms.katalon.core.webui.keyword.builtin.ClickKeyword$_click_closure1.doCall(ClickKeyword.groovy:65)
	at com.kms.katalon.core.webui.keyword.builtin.ClickKeyword$_click_closure1.call(ClickKeyword.groovy)
	at com.kms.katalon.core.webui.keyword.internal.WebUIKeywordMain.runKeyword(WebUIKeywordMain.groovy:20)
	... 38 more


2022-01-16 12:45:17 - [TEST_STEP][PASSED] - callTestCase(findTestCase("Utils/Login as admin"), [:], STOP_ON_FAILURE): Call Test Case 'Test Cases/Utils/Login as admin' successfully

2022-01-16 12:45:17 - [TEST_CASE][PASSED] - Test Cases/Utils/Login as admin: Test Cases/Utils/Login as admin

2022-01-16 12:45:17 - [TEST_STEP][PASSED] - click(findTestObject("View course grade/Page_Local Moodle/a_Log in")): Object: 'Object Repository/View course grade/Page_Local Moodle/a_Log in' is clicked on

2022-01-16 12:45:18 - [MESSAGE][PASSED] - Object: 'Object Repository/View course grade/Page_Local Moodle/a_Log in' is clicked on

2022-01-16 12:45:18 - [TEST_STEP][PASSED] - setText(findTestObject("View course grade/Page_Local Moodle Log in to the site/input_Username_username"), "admin"): Text 'admin' is set on object 'Object Repository/View course grade/Page_Local Moodle Log in to the site/input_Username_username'

2022-01-16 12:45:18 - [MESSAGE][PASSED] - Text 'admin' is set on object 'Object Repository/View course grade/Page_Local Moodle Log in to the site/input_Username_username'

2022-01-16 12:45:18 - [TEST_STEP][PASSED] - setEncryptedText(findTestObject("View course grade/Page_Local Moodle Log in to the site/input_Password_password"), "bfAykA/oWJ09FXmiKh6lyuuLu8QhG1K5"): Text ****** has been set on object 'Object Repository/View course grade/Page_Local Moodle Log in to the site/input_Password_password'

2022-01-16 12:45:19 - [MESSAGE][PASSED] - Text ****** has been set on object 'Object Repository/View course grade/Page_Local Moodle Log in to the site/input_Password_password'

2022-01-16 12:45:19 - [TEST_STEP][PASSED] - click(findTestObject("View course grade/Page_Local Moodle Log in to the site/button_Log in")): Object: 'Object Repository/View course grade/Page_Local Moodle Log in to the site/button_Log in' is clicked on

2022-01-16 12:45:22 - [MESSAGE][PASSED] - Object: 'Object Repository/View course grade/Page_Local Moodle Log in to the site/button_Log in' is clicked on

2022-01-16 12:45:22 - [MESSAGE][PASSED] - Call Test Case 'Test Cases/Utils/Login as admin' successfully

2022-01-16 12:45:22 - [TEST_STEP][PASSED] - click(findTestObject("Object Repository/Utils/Page_Nh ca ti/span_Qun tr khu vc")): Object: 'Object Repository/Utils/Page_Nh ca ti/span_Qun tr khu vc' is clicked on

2022-01-16 12:45:24 - [MESSAGE][PASSED] - Object: 'Object Repository/Utils/Page_Nh ca ti/span_Qun tr khu vc' is clicked on

2022-01-16 12:45:24 - [TEST_STEP][PASSED] - click(findTestObject("Object Repository/Utils/Page_Moodle Khu vc qun tr Tm kim/a_Kho hc")): Object: 'Object Repository/Utils/Page_Moodle Khu vc qun tr Tm kim/a_Kho hc' is clicked on

2022-01-16 12:45:25 - [MESSAGE][PASSED] - Object: 'Object Repository/Utils/Page_Moodle Khu vc qun tr Tm kim/a_Kho hc' is clicked on

2022-01-16 12:45:25 - [TEST_STEP][PASSED] - click(findTestObject("Object Repository/Utils/Page_Moodle Khu vc qun tr Tm kim/a_Thmsa cc kho hc")): Object: 'Object Repository/Utils/Page_Moodle Khu vc qun tr Tm kim/a_Thmsa cc kho hc' is clicked on

2022-01-16 12:45:26 - [MESSAGE][PASSED] - Object: 'Object Repository/Utils/Page_Moodle Khu vc qun tr Tm kim/a_Thmsa cc kho hc' is clicked on

2022-01-16 12:45:26 - [TEST_STEP][PASSED] - click(findTestObject("Object Repository/Utils/Page_Qun l kha hc v danh mc kha hc/a_To kha hc mi")): Object: 'Object Repository/Utils/Page_Qun l kha hc v danh mc kha hc/a_To kha hc mi' is clicked on

2022-01-16 12:45:32 - [MESSAGE][INFO] - Unable to find the element located by 'By.xpath: //div[@id='yui_3_17_2_1_1641906891631_57']/div/div/a'. Please recheck the objects properties to make sure the desired element is located. 

2022-01-16 12:45:32 - [MESSAGE][WARNING] - [SELF-HEALING] Failed to find element with id 'Object Repository/Utils/Page_Qun l kha hc v danh mc kha hc/a_To kha hc mi'. Try using Self-healing.

2022-01-16 12:45:32 - [MESSAGE][WARNING] - [SELF-HEALING] The current locator of test object 'Object Repository/Utils/Page_Qun l kha hc v danh mc kha hc/a_To kha hc mi' was broken. Propose an alternative one: '//a[contains(text(),'Tạo khóa học mới')]'.

2022-01-16 12:45:34 - [MESSAGE][PASSED] - Object: 'Object Repository/Utils/Page_Qun l kha hc v danh mc kha hc/a_To kha hc mi' is clicked on

2022-01-16 12:45:34 - [TEST_STEP][PASSED] - setText(findTestObject("Object Repository/Utils/Page_Moodle Thm kho hc mi/input_Tn y_fullname"), "Nhập môn Công nghệ phần mềm"): Text 'Nhập môn Công nghệ phần mềm' is set on object 'Object Repository/Utils/Page_Moodle Thm kho hc mi/input_Tn y_fullname'

2022-01-16 12:45:36 - [MESSAGE][PASSED] - Text 'Nhập môn Công nghệ phần mềm' is set on object 'Object Repository/Utils/Page_Moodle Thm kho hc mi/input_Tn y_fullname'

2022-01-16 12:45:36 - [TEST_STEP][PASSED] - setText(findTestObject("Object Repository/Utils/Page_Moodle Thm kho hc mi/input_Tn rt gn ca kho hc_shortname"), "CNPM"): Text 'CNPM' is set on object 'Object Repository/Utils/Page_Moodle Thm kho hc mi/input_Tn rt gn ca kho hc_shortname'

2022-01-16 12:45:36 - [MESSAGE][PASSED] - Text 'CNPM' is set on object 'Object Repository/Utils/Page_Moodle Thm kho hc mi/input_Tn rt gn ca kho hc_shortname'

2022-01-16 12:45:36 - [TEST_STEP][PASSED] - click(findTestObject("Object Repository/Utils/Page_Moodle Thm kho hc mi/input__saveanddisplay")): Object: 'Object Repository/Utils/Page_Moodle Thm kho hc mi/input__saveanddisplay' is clicked on

2022-01-16 12:45:38 - [MESSAGE][PASSED] - Object: 'Object Repository/Utils/Page_Moodle Thm kho hc mi/input__saveanddisplay' is clicked on

2022-01-16 12:45:38 - [TEST_STEP][FAILED] - click(findTestObject("Object Repository/Utils/Page_CNPM Danh sch thnh vin/input_Danh sch thnh vin_btn btn-secondary my-1")): Unable to click on object 'Object Repository/Utils/Page_CNPM Danh sch thnh vin/input_Danh sch thnh vin_btn btn-secondary my-1' (Root cause: com.kms.katalon.core.exception.StepFailedException: Unable to click on object 'Object Repository/Utils/Page_CNPM Danh sch thnh vin/input_Danh sch thnh vin_btn btn-secondary my-1'
	at com.kms.katalon.core.webui.keyword.internal.WebUIKeywordMain.stepFailed(WebUIKeywordMain.groovy:64)
	at com.kms.katalon.core.webui.keyword.internal.WebUIKeywordMain.runKeyword(WebUIKeywordMain.groovy:26)
	at com.kms.katalon.core.webui.keyword.builtin.ClickKeyword.click(ClickKeyword.groovy:74)
	at com.kms.katalon.core.webui.keyword.builtin.ClickKeyword.execute(ClickKeyword.groovy:40)
	at com.kms.katalon.core.keyword.internal.KeywordExecutor.executeKeywordForPlatform(KeywordExecutor.groovy:74)
	at com.kms.katalon.core.webui.keyword.WebUiBuiltInKeywords.click(WebUiBuiltInKeywords.groovy:620)
	at com.kms.katalon.core.webui.keyword.WebUiBuiltInKeywords$click$1.call(Unknown Source)
	at Create course CNPM.run(Create course CNPM:36)
	at com.kms.katalon.core.main.ScriptEngine.run(ScriptEngine.java:194)
	at com.kms.katalon.core.main.ScriptEngine.runScriptAsRawText(ScriptEngine.java:119)
	at com.kms.katalon.core.main.TestCaseExecutor.runScript(TestCaseExecutor.java:442)
	at com.kms.katalon.core.main.TestCaseExecutor.doExecute(TestCaseExecutor.java:433)
	at com.kms.katalon.core.main.TestCaseExecutor.processExecutionPhase(TestCaseExecutor.java:412)
	at com.kms.katalon.core.main.TestCaseExecutor.accessMainPhase(TestCaseExecutor.java:404)
	at com.kms.katalon.core.main.TestCaseExecutor.execute(TestCaseExecutor.java:281)
	at com.kms.katalon.core.main.TestCaseMain.runTestCase(TestCaseMain.java:138)
	at com.kms.katalon.core.keyword.builtin.CallTestCaseKeyword$_callTestCase_closure1.doCall(CallTestCaseKeyword.groovy:59)
	at com.kms.katalon.core.keyword.builtin.CallTestCaseKeyword$_callTestCase_closure1.call(CallTestCaseKeyword.groovy)
	at com.kms.katalon.core.keyword.internal.KeywordMain.runKeyword(KeywordMain.groovy:74)
	at com.kms.katalon.core.keyword.builtin.CallTestCaseKeyword.callTestCase(CallTestCaseKeyword.groovy:81)
	at com.kms.katalon.core.keyword.builtin.CallTestCaseKeyword.execute(CallTestCaseKeyword.groovy:44)
	at com.kms.katalon.core.keyword.internal.KeywordExecutor.executeKeywordForPlatform(KeywordExecutor.groovy:74)
	at com.kms.katalon.core.keyword.BuiltinKeywords.callTestCase(BuiltinKeywords.groovy:334)
	at Create quiz without title.run(Create quiz without title:24)
	at com.kms.katalon.core.main.ScriptEngine.run(ScriptEngine.java:194)
	at com.kms.katalon.core.main.ScriptEngine.runScriptAsRawText(ScriptEngine.java:119)
	at com.kms.katalon.core.main.TestCaseExecutor.runScript(TestCaseExecutor.java:442)
	at com.kms.katalon.core.main.TestCaseExecutor.doExecute(TestCaseExecutor.java:433)
	at com.kms.katalon.core.main.TestCaseExecutor.processExecutionPhase(TestCaseExecutor.java:412)
	at com.kms.katalon.core.main.TestCaseExecutor.accessMainPhase(TestCaseExecutor.java:404)
	at com.kms.katalon.core.main.TestCaseExecutor.execute(TestCaseExecutor.java:281)
	at com.kms.katalon.core.main.TestCaseExecutor.execute(TestCaseExecutor.java:363)
	at com.kms.katalon.core.main.TestCaseExecutor.execute(TestCaseExecutor.java:363)
	at com.kms.katalon.core.main.TestCaseExecutor.execute(TestCaseExecutor.java:363)
	at com.kms.katalon.core.main.TestSuiteExecutor.accessTestCaseMainPhase(TestSuiteExecutor.java:202)
	at com.kms.katalon.core.main.TestSuiteExecutor.accessTestSuiteMainPhase(TestSuiteExecutor.java:164)
	at com.kms.katalon.core.main.TestSuiteExecutor.execute(TestSuiteExecutor.java:105)
	at com.kms.katalon.core.main.TestCaseMain.startTestSuite(TestCaseMain.java:181)
	at com.kms.katalon.core.main.TestCaseMain$startTestSuite$0.call(Unknown Source)
	at TempTestSuite1642298356151.run(TempTestSuite1642298356151.groovy:36)
Caused by: com.kms.katalon.core.webui.exception.WebElementNotFoundException: Web element with id: 'Object Repository/Utils/Page_CNPM Danh sch thnh vin/input_Danh sch thnh vin_btn btn-secondary my-1' located by '//input[@value='Ghi danh người dùng']' not found
	at com.kms.katalon.core.webui.common.WebUiCommonHelper.findWebElement(WebUiCommonHelper.java:1368)
	at com.kms.katalon.core.webui.keyword.internal.WebUIAbstractKeyword.findWebElement(WebUIAbstractKeyword.groovy:27)
	at com.kms.katalon.core.webui.keyword.builtin.ClickKeyword$_click_closure1.doCall(ClickKeyword.groovy:65)
	at com.kms.katalon.core.webui.keyword.builtin.ClickKeyword$_click_closure1.call(ClickKeyword.groovy)
	at com.kms.katalon.core.webui.keyword.internal.WebUIKeywordMain.runKeyword(WebUIKeywordMain.groovy:20)
	at com.kms.katalon.core.webui.keyword.builtin.ClickKeyword.click(ClickKeyword.groovy:74)
	at com.kms.katalon.core.webui.keyword.builtin.ClickKeyword.execute(ClickKeyword.groovy:40)
	at com.kms.katalon.core.keyword.internal.KeywordExecutor.executeKeywordForPlatform(KeywordExecutor.groovy:74)
	at com.kms.katalon.core.webui.keyword.WebUiBuiltInKeywords.click(WebUiBuiltInKeywords.groovy:620)
	at com.kms.katalon.core.webui.keyword.WebUiBuiltInKeywords$click$1.call(Unknown Source)
	at Script1641906761787.run(Script1641906761787.groovy:36)
	at com.kms.katalon.core.main.ScriptEngine.run(ScriptEngine.java:194)
	at com.kms.katalon.core.main.ScriptEngine.runScriptAsRawText(ScriptEngine.java:119)
	at com.kms.katalon.core.main.TestCaseExecutor.runScript(TestCaseExecutor.java:442)
	at com.kms.katalon.core.main.TestCaseExecutor.doExecute(TestCaseExecutor.java:433)
	at com.kms.katalon.core.main.TestCaseExecutor.processExecutionPhase(TestCaseExecutor.java:412)
	at com.kms.katalon.core.main.TestCaseExecutor.accessMainPhase(TestCaseExecutor.java:404)
	at com.kms.katalon.core.main.TestCaseExecutor.execute(TestCaseExecutor.java:281)
	at com.kms.katalon.core.main.TestCaseMain.runTestCase(TestCaseMain.java:138)
	at com.kms.katalon.core.keyword.builtin.CallTestCaseKeyword$_callTestCase_closure1.doCall(CallTestCaseKeyword.groovy:59)
	at com.kms.katalon.core.keyword.builtin.CallTestCaseKeyword$_callTestCase_closure1.call(CallTestCaseKeyword.groovy)
	at com.kms.katalon.core.keyword.internal.KeywordMain.runKeyword(KeywordMain.groovy:74)
	at com.kms.katalon.core.keyword.builtin.CallTestCaseKeyword.callTestCase(CallTestCaseKeyword.groovy:81)
	at com.kms.katalon.core.keyword.builtin.CallTestCaseKeyword.execute(CallTestCaseKeyword.groovy:44)
	at com.kms.katalon.core.keyword.internal.KeywordExecutor.executeKeywordForPlatform(KeywordExecutor.groovy:74)
	at com.kms.katalon.core.keyword.BuiltinKeywords.callTestCase(BuiltinKeywords.groovy:334)
	at Script1641906223516.run(Script1641906223516.groovy:24)
	... 16 more
)

2022-01-16 12:45:44 - [MESSAGE][INFO] - Unable to find the element located by 'By.xpath: //input[@value='Ghi danh người dùng']'. Please recheck the objects properties to make sure the desired element is located. 

2022-01-16 12:45:44 - [MESSAGE][WARNING] - [SELF-HEALING] Failed to find element with id 'Object Repository/Utils/Page_CNPM Danh sch thnh vin/input_Danh sch thnh vin_btn btn-secondary my-1'. Try using Self-healing.

2022-01-16 12:45:44 - [MESSAGE][INFO] - [SELF-HEALING] Failed Locator: '//input[@value='Ghi danh người dùng']'.

2022-01-16 12:45:44 - [MESSAGE][INFO] - [SELF-HEALING] Failed Locator: '//form[@id='enrolusersbutton-1']/div/input'.

2022-01-16 12:45:44 - [MESSAGE][INFO] - [SELF-HEALING] Working Locator: '//input'.

2022-01-16 12:45:45 - [MESSAGE][ERROR] - [SELF-HEALING] Cannot save screenshot to: E:\xampp\htdocs\moodle\Test Automation - SE Bonus\Reports\Self-healing, reason: unknown error: unhandled inspector error: {"code":-32000,"message":"Cannot take screenshot with 0 width."}
  (Session info: MicrosoftEdge=97.0.1072.62)
Build info: version: '3.141.59', revision: 'e82be7d358', time: '2018-11-14T08:25:53'
System info: host: 'LAPTOP-DKU7IQF9', ip: '192.168.1.5', os.name: 'Windows 10', os.arch: 'amd64', os.version: '10.0', java.version: '1.8.0_282'
Driver info: com.kms.katalon.selenium.driver.CEdgeDriver
Capabilities {acceptInsecureCerts: false, browserName: msedge, browserVersion: 97.0.1072.62, javascriptEnabled: true, ms:edgeOptions: {debuggerAddress: localhost:60514}, msedge: {msedgedriverVersion: 97.0.1072.55 (ce3bf33648805..., userDataDir: C:\Users\ninhh\AppData\Loca...}, networkConnectionEnabled: false, pageLoadStrategy: normal, platform: WINDOWS, platformName: WINDOWS, proxy: Proxy(), setWindowRect: true, strictFileInteractability: false, timeouts: {implicit: 0, pageLoad: 300000, script: 30000}, unhandledPromptBehavior: dismiss and notify, webauthn:extension:credBlob: true, webauthn:extension:largeBlob: true, webauthn:virtualAuthenticators: true}
Session ID: a6582349a1756cf5ff739ece920a1fb5.

2022-01-16 12:45:45 - [MESSAGE][ERROR] - [SELF-HEALING] Cannot save screenshot to: E:\xampp\htdocs\moodle\Test Automation - SE Bonus\Reports\Self-healing, reason: unknown error: unhandled inspector error: {"code":-32000,"message":"Cannot take screenshot with 0 width."}
  (Session info: MicrosoftEdge=97.0.1072.62)
Build info: version: '3.141.59', revision: 'e82be7d358', time: '2018-11-14T08:25:53'
System info: host: 'LAPTOP-DKU7IQF9', ip: '192.168.1.5', os.name: 'Windows 10', os.arch: 'amd64', os.version: '10.0', java.version: '1.8.0_282'
Driver info: com.kms.katalon.selenium.driver.CEdgeDriver
Capabilities {acceptInsecureCerts: false, browserName: msedge, browserVersion: 97.0.1072.62, javascriptEnabled: true, ms:edgeOptions: {debuggerAddress: localhost:60514}, msedge: {msedgedriverVersion: 97.0.1072.55 (ce3bf33648805..., userDataDir: C:\Users\ninhh\AppData\Loca...}, networkConnectionEnabled: false, pageLoadStrategy: normal, platform: WINDOWS, platformName: WINDOWS, proxy: Proxy(), setWindowRect: true, strictFileInteractability: false, timeouts: {implicit: 0, pageLoad: 300000, script: 30000}, unhandledPromptBehavior: dismiss and notify, webauthn:extension:credBlob: true, webauthn:extension:largeBlob: true, webauthn:virtualAuthenticators: true}
Session ID: a6582349a1756cf5ff739ece920a1fb5.

2022-01-16 12:45:45 - [MESSAGE][WARNING] - [SELF-HEALING] 'other' is different type of Path

2022-01-16 12:45:45 - [MESSAGE][ERROR] - [SELF-HEALING] Cannot save screenshot to: E:\xampp\htdocs\moodle\Test Automation - SE Bonus\Reports\Self-healing, reason: unknown error: unhandled inspector error: {"code":-32000,"message":"Cannot take screenshot with 0 width."}
  (Session info: MicrosoftEdge=97.0.1072.62)
Build info: version: '3.141.59', revision: 'e82be7d358', time: '2018-11-14T08:25:53'
System info: host: 'LAPTOP-DKU7IQF9', ip: '192.168.1.5', os.name: 'Windows 10', os.arch: 'amd64', os.version: '10.0', java.version: '1.8.0_282'
Driver info: com.kms.katalon.selenium.driver.CEdgeDriver
Capabilities {acceptInsecureCerts: false, browserName: msedge, browserVersion: 97.0.1072.62, javascriptEnabled: true, ms:edgeOptions: {debuggerAddress: localhost:60514}, msedge: {msedgedriverVersion: 97.0.1072.55 (ce3bf33648805..., userDataDir: C:\Users\ninhh\AppData\Loca...}, networkConnectionEnabled: false, pageLoadStrategy: normal, platform: WINDOWS, platformName: WINDOWS, proxy: Proxy(), setWindowRect: true, strictFileInteractability: false, timeouts: {implicit: 0, pageLoad: 300000, script: 30000}, unhandledPromptBehavior: dismiss and notify, webauthn:extension:credBlob: true, webauthn:extension:largeBlob: true, webauthn:virtualAuthenticators: true}
Session ID: a6582349a1756cf5ff739ece920a1fb5.

2022-01-16 12:45:45 - [MESSAGE][WARNING] - [SELF-HEALING] 'other' is different type of Path

2022-01-16 12:45:46 - [MESSAGE][INFO] - Unable to find the element located by 'By.cssSelector: input.btn.btn-secondary.my-1'. Please recheck the objects properties to make sure the desired element is located. 

2022-01-16 12:45:46 - [MESSAGE][FAILED] - Unable to click on object 'Object Repository/Utils/Page_CNPM Danh sch thnh vin/input_Danh sch thnh vin_btn btn-secondary my-1' (Root cause: com.kms.katalon.core.exception.StepFailedException: Unable to click on object 'Object Repository/Utils/Page_CNPM Danh sch thnh vin/input_Danh sch thnh vin_btn btn-secondary my-1'
	at com.kms.katalon.core.webui.keyword.internal.WebUIKeywordMain.stepFailed(WebUIKeywordMain.groovy:64)
	at com.kms.katalon.core.webui.keyword.internal.WebUIKeywordMain.runKeyword(WebUIKeywordMain.groovy:26)
	at com.kms.katalon.core.webui.keyword.builtin.ClickKeyword.click(ClickKeyword.groovy:74)
	at com.kms.katalon.core.webui.keyword.builtin.ClickKeyword.execute(ClickKeyword.groovy:40)
	at com.kms.katalon.core.keyword.internal.KeywordExecutor.executeKeywordForPlatform(KeywordExecutor.groovy:74)
	at com.kms.katalon.core.webui.keyword.WebUiBuiltInKeywords.click(WebUiBuiltInKeywords.groovy:620)
	at com.kms.katalon.core.webui.keyword.WebUiBuiltInKeywords$click$1.call(Unknown Source)
	at Create course CNPM.run(Create course CNPM:36)
	at com.kms.katalon.core.main.ScriptEngine.run(ScriptEngine.java:194)
	at com.kms.katalon.core.main.ScriptEngine.runScriptAsRawText(ScriptEngine.java:119)
	at com.kms.katalon.core.main.TestCaseExecutor.runScript(TestCaseExecutor.java:442)
	at com.kms.katalon.core.main.TestCaseExecutor.doExecute(TestCaseExecutor.java:433)
	at com.kms.katalon.core.main.TestCaseExecutor.processExecutionPhase(TestCaseExecutor.java:412)
	at com.kms.katalon.core.main.TestCaseExecutor.accessMainPhase(TestCaseExecutor.java:404)
	at com.kms.katalon.core.main.TestCaseExecutor.execute(TestCaseExecutor.java:281)
	at com.kms.katalon.core.main.TestCaseMain.runTestCase(TestCaseMain.java:138)
	at com.kms.katalon.core.keyword.builtin.CallTestCaseKeyword$_callTestCase_closure1.doCall(CallTestCaseKeyword.groovy:59)
	at com.kms.katalon.core.keyword.builtin.CallTestCaseKeyword$_callTestCase_closure1.call(CallTestCaseKeyword.groovy)
	at com.kms.katalon.core.keyword.internal.KeywordMain.runKeyword(KeywordMain.groovy:74)
	at com.kms.katalon.core.keyword.builtin.CallTestCaseKeyword.callTestCase(CallTestCaseKeyword.groovy:81)
	at com.kms.katalon.core.keyword.builtin.CallTestCaseKeyword.execute(CallTestCaseKeyword.groovy:44)
	at com.kms.katalon.core.keyword.internal.KeywordExecutor.executeKeywordForPlatform(KeywordExecutor.groovy:74)
	at com.kms.katalon.core.keyword.BuiltinKeywords.callTestCase(BuiltinKeywords.groovy:334)
	at Create quiz without title.run(Create quiz without title:24)
	at com.kms.katalon.core.main.ScriptEngine.run(ScriptEngine.java:194)
	at com.kms.katalon.core.main.ScriptEngine.runScriptAsRawText(ScriptEngine.java:119)
	at com.kms.katalon.core.main.TestCaseExecutor.runScript(TestCaseExecutor.java:442)
	at com.kms.katalon.core.main.TestCaseExecutor.doExecute(TestCaseExecutor.java:433)
	at com.kms.katalon.core.main.TestCaseExecutor.processExecutionPhase(TestCaseExecutor.java:412)
	at com.kms.katalon.core.main.TestCaseExecutor.accessMainPhase(TestCaseExecutor.java:404)
	at com.kms.katalon.core.main.TestCaseExecutor.execute(TestCaseExecutor.java:281)
	at com.kms.katalon.core.main.TestCaseExecutor.execute(TestCaseExecutor.java:363)
	at com.kms.katalon.core.main.TestCaseExecutor.execute(TestCaseExecutor.java:363)
	at com.kms.katalon.core.main.TestCaseExecutor.execute(TestCaseExecutor.java:363)
	at com.kms.katalon.core.main.TestSuiteExecutor.accessTestCaseMainPhase(TestSuiteExecutor.java:202)
	at com.kms.katalon.core.main.TestSuiteExecutor.accessTestSuiteMainPhase(TestSuiteExecutor.java:164)
	at com.kms.katalon.core.main.TestSuiteExecutor.execute(TestSuiteExecutor.java:105)
	at com.kms.katalon.core.main.TestCaseMain.startTestSuite(TestCaseMain.java:181)
	at com.kms.katalon.core.main.TestCaseMain$startTestSuite$0.call(Unknown Source)
	at TempTestSuite1642298356151.run(TempTestSuite1642298356151.groovy:36)
Caused by: com.kms.katalon.core.webui.exception.WebElementNotFoundException: Web element with id: 'Object Repository/Utils/Page_CNPM Danh sch thnh vin/input_Danh sch thnh vin_btn btn-secondary my-1' located by '//input[@value='Ghi danh người dùng']' not found
	at com.kms.katalon.core.webui.common.WebUiCommonHelper.findWebElement(WebUiCommonHelper.java:1368)
	at com.kms.katalon.core.webui.keyword.internal.WebUIAbstractKeyword.findWebElement(WebUIAbstractKeyword.groovy:27)
	at com.kms.katalon.core.webui.keyword.builtin.ClickKeyword$_click_closure1.doCall(ClickKeyword.groovy:65)
	at com.kms.katalon.core.webui.keyword.builtin.ClickKeyword$_click_closure1.call(ClickKeyword.groovy)
	at com.kms.katalon.core.webui.keyword.internal.WebUIKeywordMain.runKeyword(WebUIKeywordMain.groovy:20)
	at com.kms.katalon.core.webui.keyword.builtin.ClickKeyword.click(ClickKeyword.groovy:74)
	at com.kms.katalon.core.webui.keyword.builtin.ClickKeyword.execute(ClickKeyword.groovy:40)
	at com.kms.katalon.core.keyword.internal.KeywordExecutor.executeKeywordForPlatform(KeywordExecutor.groovy:74)
	at com.kms.katalon.core.webui.keyword.WebUiBuiltInKeywords.click(WebUiBuiltInKeywords.groovy:620)
	at com.kms.katalon.core.webui.keyword.WebUiBuiltInKeywords$click$1.call(Unknown Source)
	at Script1641906761787.run(Script1641906761787.groovy:36)
	at com.kms.katalon.core.main.ScriptEngine.run(ScriptEngine.java:194)
	at com.kms.katalon.core.main.ScriptEngine.runScriptAsRawText(ScriptEngine.java:119)
	at com.kms.katalon.core.main.TestCaseExecutor.runScript(TestCaseExecutor.java:442)
	at com.kms.katalon.core.main.TestCaseExecutor.doExecute(TestCaseExecutor.java:433)
	at com.kms.katalon.core.main.TestCaseExecutor.processExecutionPhase(TestCaseExecutor.java:412)
	at com.kms.katalon.core.main.TestCaseExecutor.accessMainPhase(TestCaseExecutor.java:404)
	at com.kms.katalon.core.main.TestCaseExecutor.execute(TestCaseExecutor.java:281)
	at com.kms.katalon.core.main.TestCaseMain.runTestCase(TestCaseMain.java:138)
	at com.kms.katalon.core.keyword.builtin.CallTestCaseKeyword$_callTestCase_closure1.doCall(CallTestCaseKeyword.groovy:59)
	at com.kms.katalon.core.keyword.builtin.CallTestCaseKeyword$_callTestCase_closure1.call(CallTestCaseKeyword.groovy)
	at com.kms.katalon.core.keyword.internal.KeywordMain.runKeyword(KeywordMain.groovy:74)
	at com.kms.katalon.core.keyword.builtin.CallTestCaseKeyword.callTestCase(CallTestCaseKeyword.groovy:81)
	at com.kms.katalon.core.keyword.builtin.CallTestCaseKeyword.execute(CallTestCaseKeyword.groovy:44)
	at com.kms.katalon.core.keyword.internal.KeywordExecutor.executeKeywordForPlatform(KeywordExecutor.groovy:74)
	at com.kms.katalon.core.keyword.BuiltinKeywords.callTestCase(BuiltinKeywords.groovy:334)
	at Script1641906223516.run(Script1641906223516.groovy:24)
	... 16 more
)
[[ATTACHMENT|E:\\xampp\\htdocs\\moodle\\Test Automation - SE Bonus\\Reports\\20220116_085916\\Run All Test Cases\\20220116_085916\\1642311946513.png]]

2022-01-16 12:45:46 - [MESSAGE][INFO] - 

2022-01-16 12:45:46 - [MESSAGE][INFO] - ===================== Self-healing Report ====================

2022-01-16 12:45:46 - [MESSAGE][INFO] - One of the failed test object locators has been recovered by Self-healing. Please refer to the Self-healing Insights tab for more details.

2022-01-16 12:45:46 - [MESSAGE][INFO] - To learn more about Self-healing, please read https://docs.katalon.com/katalon-studio/docs/self-healing.html

2022-01-16 12:45:46 - [MESSAGE][INFO] - ==============================================================

2022-01-16 12:45:46 - [MESSAGE][FAILED] - Unable to call Test Case 'Test Cases/Utils/Create course CNPM' (Root cause: com.kms.katalon.core.exception.StepFailedException: Call Test Case 'Test Cases/Utils/Create course CNPM' failed
	at com.kms.katalon.core.keyword.builtin.CallTestCaseKeyword$_callTestCase_closure1.doCall(CallTestCaseKeyword.groovy:63)
	at com.kms.katalon.core.keyword.builtin.CallTestCaseKeyword$_callTestCase_closure1.call(CallTestCaseKeyword.groovy)
	at com.kms.katalon.core.keyword.internal.KeywordMain.runKeyword(KeywordMain.groovy:74)
	at com.kms.katalon.core.keyword.builtin.CallTestCaseKeyword.callTestCase(CallTestCaseKeyword.groovy:81)
	at com.kms.katalon.core.keyword.builtin.CallTestCaseKeyword.execute(CallTestCaseKeyword.groovy:44)
	at com.kms.katalon.core.keyword.internal.KeywordExecutor.executeKeywordForPlatform(KeywordExecutor.groovy:74)
	at com.kms.katalon.core.keyword.BuiltinKeywords.callTestCase(BuiltinKeywords.groovy:334)
	at Create quiz without title.run(Create quiz without title:24)
	at com.kms.katalon.core.main.ScriptEngine.run(ScriptEngine.java:194)
	at com.kms.katalon.core.main.ScriptEngine.runScriptAsRawText(ScriptEngine.java:119)
	at com.kms.katalon.core.main.TestCaseExecutor.runScript(TestCaseExecutor.java:442)
	at com.kms.katalon.core.main.TestCaseExecutor.doExecute(TestCaseExecutor.java:433)
	at com.kms.katalon.core.main.TestCaseExecutor.processExecutionPhase(TestCaseExecutor.java:412)
	at com.kms.katalon.core.main.TestCaseExecutor.accessMainPhase(TestCaseExecutor.java:404)
	at com.kms.katalon.core.main.TestCaseExecutor.execute(TestCaseExecutor.java:281)
	at com.kms.katalon.core.main.TestCaseExecutor.execute(TestCaseExecutor.java:363)
	at com.kms.katalon.core.main.TestCaseExecutor.execute(TestCaseExecutor.java:363)
	at com.kms.katalon.core.main.TestCaseExecutor.execute(TestCaseExecutor.java:363)
	at com.kms.katalon.core.main.TestSuiteExecutor.accessTestCaseMainPhase(TestSuiteExecutor.java:202)
	at com.kms.katalon.core.main.TestSuiteExecutor.accessTestSuiteMainPhase(TestSuiteExecutor.java:164)
	at com.kms.katalon.core.main.TestSuiteExecutor.execute(TestSuiteExecutor.java:105)
	at com.kms.katalon.core.main.TestCaseMain.startTestSuite(TestCaseMain.java:181)
	at com.kms.katalon.core.main.TestCaseMain$startTestSuite$0.call(Unknown Source)
	at TempTestSuite1642298356151.run(TempTestSuite1642298356151.groovy:36)
Caused by: com.kms.katalon.core.exception.StepFailedException: Unable to click on object 'Object Repository/Utils/Page_CNPM Danh sch thnh vin/input_Danh sch thnh vin_btn btn-secondary my-1'
	at com.kms.katalon.core.webui.keyword.internal.WebUIKeywordMain.stepFailed(WebUIKeywordMain.groovy:64)
	at com.kms.katalon.core.webui.keyword.internal.WebUIKeywordMain.runKeyword(WebUIKeywordMain.groovy:26)
	at com.kms.katalon.core.webui.keyword.builtin.ClickKeyword.click(ClickKeyword.groovy:74)
	at com.kms.katalon.core.webui.keyword.builtin.ClickKeyword.execute(ClickKeyword.groovy:40)
	at com.kms.katalon.core.keyword.internal.KeywordExecutor.executeKeywordForPlatform(KeywordExecutor.groovy:74)
	at com.kms.katalon.core.webui.keyword.WebUiBuiltInKeywords.click(WebUiBuiltInKeywords.groovy:620)
	at com.kms.katalon.core.webui.keyword.WebUiBuiltInKeywords$click$1.call(Unknown Source)
	at Create course CNPM.run(Create course CNPM:36)
	at com.kms.katalon.core.main.ScriptEngine.run(ScriptEngine.java:194)
	at com.kms.katalon.core.main.ScriptEngine.runScriptAsRawText(ScriptEngine.java:119)
	at com.kms.katalon.core.main.TestCaseExecutor.runScript(TestCaseExecutor.java:442)
	at com.kms.katalon.core.main.TestCaseExecutor.doExecute(TestCaseExecutor.java:433)
	at com.kms.katalon.core.main.TestCaseExecutor.processExecutionPhase(TestCaseExecutor.java:412)
	at com.kms.katalon.core.main.TestCaseExecutor.accessMainPhase(TestCaseExecutor.java:404)
	at com.kms.katalon.core.main.TestCaseExecutor.execute(TestCaseExecutor.java:281)
	at com.kms.katalon.core.main.TestCaseMain.runTestCase(TestCaseMain.java:138)
	at com.kms.katalon.core.keyword.builtin.CallTestCaseKeyword$_callTestCase_closure1.doCall(CallTestCaseKeyword.groovy:59)
	... 23 more
Caused by: com.kms.katalon.core.webui.exception.WebElementNotFoundException: Web element with id: 'Object Repository/Utils/Page_CNPM Danh sch thnh vin/input_Danh sch thnh vin_btn btn-secondary my-1' located by '//input[@value='Ghi danh người dùng']' not found
	at com.kms.katalon.core.webui.common.WebUiCommonHelper.findWebElement(WebUiCommonHelper.java:1368)
	at com.kms.katalon.core.webui.keyword.internal.WebUIAbstractKeyword.findWebElement(WebUIAbstractKeyword.groovy:27)
	at com.kms.katalon.core.webui.keyword.builtin.ClickKeyword$_click_closure1.doCall(ClickKeyword.groovy:65)
	at com.kms.katalon.core.webui.keyword.builtin.ClickKeyword$_click_closure1.call(ClickKeyword.groovy)
	at com.kms.katalon.core.webui.keyword.internal.WebUIKeywordMain.runKeyword(WebUIKeywordMain.groovy:20)
	... 38 more
)]]></system-out>
         <system-err><![CDATA[2022-01-16 12:45:09 - [TEST_CASE][FAILED] - Test Cases/Create folder and quiz/Create quiz without title: Test Cases/Create folder and quiz/Create quiz without title FAILED.
Reason:
com.kms.katalon.core.exception.StepFailedException: Call Test Case 'Test Cases/Utils/Create course CNPM' failed
	at com.kms.katalon.core.keyword.builtin.CallTestCaseKeyword$_callTestCase_closure1.doCall(CallTestCaseKeyword.groovy:63)
	at com.kms.katalon.core.keyword.builtin.CallTestCaseKeyword$_callTestCase_closure1.call(CallTestCaseKeyword.groovy)
	at com.kms.katalon.core.keyword.internal.KeywordMain.runKeyword(KeywordMain.groovy:74)
	at com.kms.katalon.core.keyword.builtin.CallTestCaseKeyword.callTestCase(CallTestCaseKeyword.groovy:81)
	at com.kms.katalon.core.keyword.builtin.CallTestCaseKeyword.execute(CallTestCaseKeyword.groovy:44)
	at com.kms.katalon.core.keyword.internal.KeywordExecutor.executeKeywordForPlatform(KeywordExecutor.groovy:74)
	at com.kms.katalon.core.keyword.BuiltinKeywords.callTestCase(BuiltinKeywords.groovy:334)
	at Create quiz without title.run(Create quiz without title:24)
	at com.kms.katalon.core.main.ScriptEngine.run(ScriptEngine.java:194)
	at com.kms.katalon.core.main.ScriptEngine.runScriptAsRawText(ScriptEngine.java:119)
	at com.kms.katalon.core.main.TestCaseExecutor.runScript(TestCaseExecutor.java:442)
	at com.kms.katalon.core.main.TestCaseExecutor.doExecute(TestCaseExecutor.java:433)
	at com.kms.katalon.core.main.TestCaseExecutor.processExecutionPhase(TestCaseExecutor.java:412)
	at com.kms.katalon.core.main.TestCaseExecutor.accessMainPhase(TestCaseExecutor.java:404)
	at com.kms.katalon.core.main.TestCaseExecutor.execute(TestCaseExecutor.java:281)
	at com.kms.katalon.core.main.TestCaseExecutor.execute(TestCaseExecutor.java:363)
	at com.kms.katalon.core.main.TestCaseExecutor.execute(TestCaseExecutor.java:363)
	at com.kms.katalon.core.main.TestCaseExecutor.execute(TestCaseExecutor.java:363)
	at com.kms.katalon.core.main.TestSuiteExecutor.accessTestCaseMainPhase(TestSuiteExecutor.java:202)
	at com.kms.katalon.core.main.TestSuiteExecutor.accessTestSuiteMainPhase(TestSuiteExecutor.java:164)
	at com.kms.katalon.core.main.TestSuiteExecutor.execute(TestSuiteExecutor.java:105)
	at com.kms.katalon.core.main.TestCaseMain.startTestSuite(TestCaseMain.java:181)
	at com.kms.katalon.core.main.TestCaseMain$startTestSuite$0.call(Unknown Source)
	at TempTestSuite1642298356151.run(TempTestSuite1642298356151.groovy:36)
Caused by: com.kms.katalon.core.exception.StepFailedException: Unable to click on object 'Object Repository/Utils/Page_CNPM Danh sch thnh vin/input_Danh sch thnh vin_btn btn-secondary my-1'
	at com.kms.katalon.core.webui.keyword.internal.WebUIKeywordMain.stepFailed(WebUIKeywordMain.groovy:64)
	at com.kms.katalon.core.webui.keyword.internal.WebUIKeywordMain.runKeyword(WebUIKeywordMain.groovy:26)
	at com.kms.katalon.core.webui.keyword.builtin.ClickKeyword.click(ClickKeyword.groovy:74)
	at com.kms.katalon.core.webui.keyword.builtin.ClickKeyword.execute(ClickKeyword.groovy:40)
	at com.kms.katalon.core.keyword.internal.KeywordExecutor.executeKeywordForPlatform(KeywordExecutor.groovy:74)
	at com.kms.katalon.core.webui.keyword.WebUiBuiltInKeywords.click(WebUiBuiltInKeywords.groovy:620)
	at com.kms.katalon.core.webui.keyword.WebUiBuiltInKeywords$click$1.call(Unknown Source)
	at Create course CNPM.run(Create course CNPM:36)
	at com.kms.katalon.core.main.ScriptEngine.run(ScriptEngine.java:194)
	at com.kms.katalon.core.main.ScriptEngine.runScriptAsRawText(ScriptEngine.java:119)
	at com.kms.katalon.core.main.TestCaseExecutor.runScript(TestCaseExecutor.java:442)
	at com.kms.katalon.core.main.TestCaseExecutor.doExecute(TestCaseExecutor.java:433)
	at com.kms.katalon.core.main.TestCaseExecutor.processExecutionPhase(TestCaseExecutor.java:412)
	at com.kms.katalon.core.main.TestCaseExecutor.accessMainPhase(TestCaseExecutor.java:404)
	at com.kms.katalon.core.main.TestCaseExecutor.execute(TestCaseExecutor.java:281)
	at com.kms.katalon.core.main.TestCaseMain.runTestCase(TestCaseMain.java:138)
	at com.kms.katalon.core.keyword.builtin.CallTestCaseKeyword$_callTestCase_closure1.doCall(CallTestCaseKeyword.groovy:59)
	... 23 more
Caused by: com.kms.katalon.core.webui.exception.WebElementNotFoundException: Web element with id: 'Object Repository/Utils/Page_CNPM Danh sch thnh vin/input_Danh sch thnh vin_btn btn-secondary my-1' located by '//input[@value='Ghi danh người dùng']' not found
	at com.kms.katalon.core.webui.common.WebUiCommonHelper.findWebElement(WebUiCommonHelper.java:1368)
	at com.kms.katalon.core.webui.keyword.internal.WebUIAbstractKeyword.findWebElement(WebUIAbstractKeyword.groovy:27)
	at com.kms.katalon.core.webui.keyword.builtin.ClickKeyword$_click_closure1.doCall(ClickKeyword.groovy:65)
	at com.kms.katalon.core.webui.keyword.builtin.ClickKeyword$_click_closure1.call(ClickKeyword.groovy)
	at com.kms.katalon.core.webui.keyword.internal.WebUIKeywordMain.runKeyword(WebUIKeywordMain.groovy:20)
	... 38 more]]></system-err>
      </testcase>
      <testcase name="Test Cases/Create folder and quiz/Create quiz" time="170.882" classname="Test Cases/Create folder and quiz/Create quiz" status="FAILED">
         <failure type="FAILED" message="Test Cases/Create folder and quiz/Create quiz FAILED.
Reason:
com.kms.katalon.core.exception.StepFailedException: Call Test Case 'Test Cases/Utils/Create course CNPM' failed
	at com.kms.katalon.core.keyword.builtin.CallTestCaseKeyword$_callTestCase_closure1.doCall(CallTestCaseKeyword.groovy:63)
	at com.kms.katalon.core.keyword.builtin.CallTestCaseKeyword$_callTestCase_closure1.call(CallTestCaseKeyword.groovy)
	at com.kms.katalon.core.keyword.internal.KeywordMain.runKeyword(KeywordMain.groovy:74)
	at com.kms.katalon.core.keyword.builtin.CallTestCaseKeyword.callTestCase(CallTestCaseKeyword.groovy:81)
	at com.kms.katalon.core.keyword.builtin.CallTestCaseKeyword.execute(CallTestCaseKeyword.groovy:44)
	at com.kms.katalon.core.keyword.internal.KeywordExecutor.executeKeywordForPlatform(KeywordExecutor.groovy:74)
	at com.kms.katalon.core.keyword.BuiltinKeywords.callTestCase(BuiltinKeywords.groovy:334)
	at Create quiz.run(Create quiz:24)
	at com.kms.katalon.core.main.ScriptEngine.run(ScriptEngine.java:194)
	at com.kms.katalon.core.main.ScriptEngine.runScriptAsRawText(ScriptEngine.java:119)
	at com.kms.katalon.core.main.TestCaseExecutor.runScript(TestCaseExecutor.java:442)
	at com.kms.katalon.core.main.TestCaseExecutor.doExecute(TestCaseExecutor.java:433)
	at com.kms.katalon.core.main.TestCaseExecutor.processExecutionPhase(TestCaseExecutor.java:412)
	at com.kms.katalon.core.main.TestCaseExecutor.accessMainPhase(TestCaseExecutor.java:404)
	at com.kms.katalon.core.main.TestCaseExecutor.execute(TestCaseExecutor.java:281)
	at com.kms.katalon.core.main.TestCaseExecutor.execute(TestCaseExecutor.java:363)
	at com.kms.katalon.core.main.TestCaseExecutor.execute(TestCaseExecutor.java:363)
	at com.kms.katalon.core.main.TestCaseExecutor.execute(TestCaseExecutor.java:363)
	at com.kms.katalon.core.main.TestSuiteExecutor.accessTestCaseMainPhase(TestSuiteExecutor.java:202)
	at com.kms.katalon.core.main.TestSuiteExecutor.accessTestSuiteMainPhase(TestSuiteExecutor.java:164)
	at com.kms.katalon.core.main.TestSuiteExecutor.execute(TestSuiteExecutor.java:105)
	at com.kms.katalon.core.main.TestCaseMain.startTestSuite(TestCaseMain.java:181)
	at com.kms.katalon.core.main.TestCaseMain$startTestSuite$0.call(Unknown Source)
	at TempTestSuite1642298356151.run(TempTestSuite1642298356151.groovy:36)
Caused by: com.kms.katalon.core.exception.StepFailedException: Unable to click on object 'Object Repository/Utils/Page_CNPM Danh sch thnh vin/input_Danh sch thnh vin_btn btn-secondary my-1'
	at com.kms.katalon.core.webui.keyword.internal.WebUIKeywordMain.stepFailed(WebUIKeywordMain.groovy:64)
	at com.kms.katalon.core.webui.keyword.internal.WebUIKeywordMain.runKeyword(WebUIKeywordMain.groovy:26)
	at com.kms.katalon.core.webui.keyword.builtin.ClickKeyword.click(ClickKeyword.groovy:74)
	at com.kms.katalon.core.webui.keyword.builtin.ClickKeyword.execute(ClickKeyword.groovy:40)
	at com.kms.katalon.core.keyword.internal.KeywordExecutor.executeKeywordForPlatform(KeywordExecutor.groovy:74)
	at com.kms.katalon.core.webui.keyword.WebUiBuiltInKeywords.click(WebUiBuiltInKeywords.groovy:620)
	at com.kms.katalon.core.webui.keyword.WebUiBuiltInKeywords$click$1.call(Unknown Source)
	at Create course CNPM.run(Create course CNPM:36)
	at com.kms.katalon.core.main.ScriptEngine.run(ScriptEngine.java:194)
	at com.kms.katalon.core.main.ScriptEngine.runScriptAsRawText(ScriptEngine.java:119)
	at com.kms.katalon.core.main.TestCaseExecutor.runScript(TestCaseExecutor.java:442)
	at com.kms.katalon.core.main.TestCaseExecutor.doExecute(TestCaseExecutor.java:433)
	at com.kms.katalon.core.main.TestCaseExecutor.processExecutionPhase(TestCaseExecutor.java:412)
	at com.kms.katalon.core.main.TestCaseExecutor.accessMainPhase(TestCaseExecutor.java:404)
	at com.kms.katalon.core.main.TestCaseExecutor.execute(TestCaseExecutor.java:281)
	at com.kms.katalon.core.main.TestCaseMain.runTestCase(TestCaseMain.java:138)
	at com.kms.katalon.core.keyword.builtin.CallTestCaseKeyword$_callTestCase_closure1.doCall(CallTestCaseKeyword.groovy:59)
	... 23 more
Caused by: com.kms.katalon.core.webui.exception.WebElementNotFoundException: Web element with id: 'Object Repository/Utils/Page_CNPM Danh sch thnh vin/input_Danh sch thnh vin_btn btn-secondary my-1' located by '//input[@value='Ghi danh người dùng']' not found
	at com.kms.katalon.core.webui.common.WebUiCommonHelper.findWebElement(WebUiCommonHelper.java:1368)
	at com.kms.katalon.core.webui.keyword.internal.WebUIAbstractKeyword.findWebElement(WebUIAbstractKeyword.groovy:27)
	at com.kms.katalon.core.webui.keyword.builtin.ClickKeyword$_click_closure1.doCall(ClickKeyword.groovy:65)
	at com.kms.katalon.core.webui.keyword.builtin.ClickKeyword$_click_closure1.call(ClickKeyword.groovy)
	at com.kms.katalon.core.webui.keyword.internal.WebUIKeywordMain.runKeyword(WebUIKeywordMain.groovy:20)
	... 38 more
"/>
         <system-out><![CDATA[2022-01-16 12:47:54 - [TEST_CASE][FAILED] - Test Cases/Create folder and quiz/Create quiz: Test Cases/Create folder and quiz/Create quiz FAILED.
Reason:
com.kms.katalon.core.exception.StepFailedException: Call Test Case 'Test Cases/Utils/Create course CNPM' failed
	at com.kms.katalon.core.keyword.builtin.CallTestCaseKeyword$_callTestCase_closure1.doCall(CallTestCaseKeyword.groovy:63)
	at com.kms.katalon.core.keyword.builtin.CallTestCaseKeyword$_callTestCase_closure1.call(CallTestCaseKeyword.groovy)
	at com.kms.katalon.core.keyword.internal.KeywordMain.runKeyword(KeywordMain.groovy:74)
	at com.kms.katalon.core.keyword.builtin.CallTestCaseKeyword.callTestCase(CallTestCaseKeyword.groovy:81)
	at com.kms.katalon.core.keyword.builtin.CallTestCaseKeyword.execute(CallTestCaseKeyword.groovy:44)
	at com.kms.katalon.core.keyword.internal.KeywordExecutor.executeKeywordForPlatform(KeywordExecutor.groovy:74)
	at com.kms.katalon.core.keyword.BuiltinKeywords.callTestCase(BuiltinKeywords.groovy:334)
	at Create quiz.run(Create quiz:24)
	at com.kms.katalon.core.main.ScriptEngine.run(ScriptEngine.java:194)
	at com.kms.katalon.core.main.ScriptEngine.runScriptAsRawText(ScriptEngine.java:119)
	at com.kms.katalon.core.main.TestCaseExecutor.runScript(TestCaseExecutor.java:442)
	at com.kms.katalon.core.main.TestCaseExecutor.doExecute(TestCaseExecutor.java:433)
	at com.kms.katalon.core.main.TestCaseExecutor.processExecutionPhase(TestCaseExecutor.java:412)
	at com.kms.katalon.core.main.TestCaseExecutor.accessMainPhase(TestCaseExecutor.java:404)
	at com.kms.katalon.core.main.TestCaseExecutor.execute(TestCaseExecutor.java:281)
	at com.kms.katalon.core.main.TestCaseExecutor.execute(TestCaseExecutor.java:363)
	at com.kms.katalon.core.main.TestCaseExecutor.execute(TestCaseExecutor.java:363)
	at com.kms.katalon.core.main.TestCaseExecutor.execute(TestCaseExecutor.java:363)
	at com.kms.katalon.core.main.TestSuiteExecutor.accessTestCaseMainPhase(TestSuiteExecutor.java:202)
	at com.kms.katalon.core.main.TestSuiteExecutor.accessTestSuiteMainPhase(TestSuiteExecutor.java:164)
	at com.kms.katalon.core.main.TestSuiteExecutor.execute(TestSuiteExecutor.java:105)
	at com.kms.katalon.core.main.TestCaseMain.startTestSuite(TestCaseMain.java:181)
	at com.kms.katalon.core.main.TestCaseMain$startTestSuite$0.call(Unknown Source)
	at TempTestSuite1642298356151.run(TempTestSuite1642298356151.groovy:36)
Caused by: com.kms.katalon.core.exception.StepFailedException: Unable to click on object 'Object Repository/Utils/Page_CNPM Danh sch thnh vin/input_Danh sch thnh vin_btn btn-secondary my-1'
	at com.kms.katalon.core.webui.keyword.internal.WebUIKeywordMain.stepFailed(WebUIKeywordMain.groovy:64)
	at com.kms.katalon.core.webui.keyword.internal.WebUIKeywordMain.runKeyword(WebUIKeywordMain.groovy:26)
	at com.kms.katalon.core.webui.keyword.builtin.ClickKeyword.click(ClickKeyword.groovy:74)
	at com.kms.katalon.core.webui.keyword.builtin.ClickKeyword.execute(ClickKeyword.groovy:40)
	at com.kms.katalon.core.keyword.internal.KeywordExecutor.executeKeywordForPlatform(KeywordExecutor.groovy:74)
	at com.kms.katalon.core.webui.keyword.WebUiBuiltInKeywords.click(WebUiBuiltInKeywords.groovy:620)
	at com.kms.katalon.core.webui.keyword.WebUiBuiltInKeywords$click$1.call(Unknown Source)
	at Create course CNPM.run(Create course CNPM:36)
	at com.kms.katalon.core.main.ScriptEngine.run(ScriptEngine.java:194)
	at com.kms.katalon.core.main.ScriptEngine.runScriptAsRawText(ScriptEngine.java:119)
	at com.kms.katalon.core.main.TestCaseExecutor.runScript(TestCaseExecutor.java:442)
	at com.kms.katalon.core.main.TestCaseExecutor.doExecute(TestCaseExecutor.java:433)
	at com.kms.katalon.core.main.TestCaseExecutor.processExecutionPhase(TestCaseExecutor.java:412)
	at com.kms.katalon.core.main.TestCaseExecutor.accessMainPhase(TestCaseExecutor.java:404)
	at com.kms.katalon.core.main.TestCaseExecutor.execute(TestCaseExecutor.java:281)
	at com.kms.katalon.core.main.TestCaseMain.runTestCase(TestCaseMain.java:138)
	at com.kms.katalon.core.keyword.builtin.CallTestCaseKeyword$_callTestCase_closure1.doCall(CallTestCaseKeyword.groovy:59)
	... 23 more
Caused by: com.kms.katalon.core.webui.exception.WebElementNotFoundException: Web element with id: 'Object Repository/Utils/Page_CNPM Danh sch thnh vin/input_Danh sch thnh vin_btn btn-secondary my-1' located by '//input[@value='Ghi danh người dùng']' not found
	at com.kms.katalon.core.webui.common.WebUiCommonHelper.findWebElement(WebUiCommonHelper.java:1368)
	at com.kms.katalon.core.webui.keyword.internal.WebUIAbstractKeyword.findWebElement(WebUIAbstractKeyword.groovy:27)
	at com.kms.katalon.core.webui.keyword.builtin.ClickKeyword$_click_closure1.doCall(ClickKeyword.groovy:65)
	at com.kms.katalon.core.webui.keyword.builtin.ClickKeyword$_click_closure1.call(ClickKeyword.groovy)
	at com.kms.katalon.core.webui.keyword.internal.WebUIKeywordMain.runKeyword(WebUIKeywordMain.groovy:20)
	... 38 more


2022-01-16 12:47:54 - [TEST_STEP][PASSED] - openBrowser(""): Browser is opened with url: ''

2022-01-16 12:47:54 - [MESSAGE][WARNING] - A browser is already opened. Closing browser and opening a new one

2022-01-16 12:48:03 - [MESSAGE][INFO] - Starting 'Edge Chromium' driver

2022-01-16 12:48:10 - [MESSAGE][INFO] - Action delay is set to 0 milliseconds

2022-01-16 12:48:15 - [MESSAGE][PASSED] - Browser is opened with url: ''

2022-01-16 12:48:15 - [TEST_STEP][PASSED] - navigateToUrl("http://localhost/"): Navigate to 'http://localhost/' successfully

2022-01-16 12:50:01 - [MESSAGE][PASSED] - Navigate to 'http://localhost/' successfully

2022-01-16 12:50:01 - [TEST_STEP][FAILED] - callTestCase(findTestCase("Utils/Create course CNPM"), [:], STOP_ON_FAILURE): Unable to call Test Case 'Test Cases/Utils/Create course CNPM' (Root cause: com.kms.katalon.core.exception.StepFailedException: Call Test Case 'Test Cases/Utils/Create course CNPM' failed
	at com.kms.katalon.core.keyword.builtin.CallTestCaseKeyword$_callTestCase_closure1.doCall(CallTestCaseKeyword.groovy:63)
	at com.kms.katalon.core.keyword.builtin.CallTestCaseKeyword$_callTestCase_closure1.call(CallTestCaseKeyword.groovy)
	at com.kms.katalon.core.keyword.internal.KeywordMain.runKeyword(KeywordMain.groovy:74)
	at com.kms.katalon.core.keyword.builtin.CallTestCaseKeyword.callTestCase(CallTestCaseKeyword.groovy:81)
	at com.kms.katalon.core.keyword.builtin.CallTestCaseKeyword.execute(CallTestCaseKeyword.groovy:44)
	at com.kms.katalon.core.keyword.internal.KeywordExecutor.executeKeywordForPlatform(KeywordExecutor.groovy:74)
	at com.kms.katalon.core.keyword.BuiltinKeywords.callTestCase(BuiltinKeywords.groovy:334)
	at Create quiz.run(Create quiz:24)
	at com.kms.katalon.core.main.ScriptEngine.run(ScriptEngine.java:194)
	at com.kms.katalon.core.main.ScriptEngine.runScriptAsRawText(ScriptEngine.java:119)
	at com.kms.katalon.core.main.TestCaseExecutor.runScript(TestCaseExecutor.java:442)
	at com.kms.katalon.core.main.TestCaseExecutor.doExecute(TestCaseExecutor.java:433)
	at com.kms.katalon.core.main.TestCaseExecutor.processExecutionPhase(TestCaseExecutor.java:412)
	at com.kms.katalon.core.main.TestCaseExecutor.accessMainPhase(TestCaseExecutor.java:404)
	at com.kms.katalon.core.main.TestCaseExecutor.execute(TestCaseExecutor.java:281)
	at com.kms.katalon.core.main.TestCaseExecutor.execute(TestCaseExecutor.java:363)
	at com.kms.katalon.core.main.TestCaseExecutor.execute(TestCaseExecutor.java:363)
	at com.kms.katalon.core.main.TestCaseExecutor.execute(TestCaseExecutor.java:363)
	at com.kms.katalon.core.main.TestSuiteExecutor.accessTestCaseMainPhase(TestSuiteExecutor.java:202)
	at com.kms.katalon.core.main.TestSuiteExecutor.accessTestSuiteMainPhase(TestSuiteExecutor.java:164)
	at com.kms.katalon.core.main.TestSuiteExecutor.execute(TestSuiteExecutor.java:105)
	at com.kms.katalon.core.main.TestCaseMain.startTestSuite(TestCaseMain.java:181)
	at com.kms.katalon.core.main.TestCaseMain$startTestSuite$0.call(Unknown Source)
	at TempTestSuite1642298356151.run(TempTestSuite1642298356151.groovy:36)
Caused by: com.kms.katalon.core.exception.StepFailedException: Unable to click on object 'Object Repository/Utils/Page_CNPM Danh sch thnh vin/input_Danh sch thnh vin_btn btn-secondary my-1'
	at com.kms.katalon.core.webui.keyword.internal.WebUIKeywordMain.stepFailed(WebUIKeywordMain.groovy:64)
	at com.kms.katalon.core.webui.keyword.internal.WebUIKeywordMain.runKeyword(WebUIKeywordMain.groovy:26)
	at com.kms.katalon.core.webui.keyword.builtin.ClickKeyword.click(ClickKeyword.groovy:74)
	at com.kms.katalon.core.webui.keyword.builtin.ClickKeyword.execute(ClickKeyword.groovy:40)
	at com.kms.katalon.core.keyword.internal.KeywordExecutor.executeKeywordForPlatform(KeywordExecutor.groovy:74)
	at com.kms.katalon.core.webui.keyword.WebUiBuiltInKeywords.click(WebUiBuiltInKeywords.groovy:620)
	at com.kms.katalon.core.webui.keyword.WebUiBuiltInKeywords$click$1.call(Unknown Source)
	at Create course CNPM.run(Create course CNPM:36)
	at com.kms.katalon.core.main.ScriptEngine.run(ScriptEngine.java:194)
	at com.kms.katalon.core.main.ScriptEngine.runScriptAsRawText(ScriptEngine.java:119)
	at com.kms.katalon.core.main.TestCaseExecutor.runScript(TestCaseExecutor.java:442)
	at com.kms.katalon.core.main.TestCaseExecutor.doExecute(TestCaseExecutor.java:433)
	at com.kms.katalon.core.main.TestCaseExecutor.processExecutionPhase(TestCaseExecutor.java:412)
	at com.kms.katalon.core.main.TestCaseExecutor.accessMainPhase(TestCaseExecutor.java:404)
	at com.kms.katalon.core.main.TestCaseExecutor.execute(TestCaseExecutor.java:281)
	at com.kms.katalon.core.main.TestCaseMain.runTestCase(TestCaseMain.java:138)
	at com.kms.katalon.core.keyword.builtin.CallTestCaseKeyword$_callTestCase_closure1.doCall(CallTestCaseKeyword.groovy:59)
	... 23 more
Caused by: com.kms.katalon.core.webui.exception.WebElementNotFoundException: Web element with id: 'Object Repository/Utils/Page_CNPM Danh sch thnh vin/input_Danh sch thnh vin_btn btn-secondary my-1' located by '//input[@value='Ghi danh người dùng']' not found
	at com.kms.katalon.core.webui.common.WebUiCommonHelper.findWebElement(WebUiCommonHelper.java:1368)
	at com.kms.katalon.core.webui.keyword.internal.WebUIAbstractKeyword.findWebElement(WebUIAbstractKeyword.groovy:27)
	at com.kms.katalon.core.webui.keyword.builtin.ClickKeyword$_click_closure1.doCall(ClickKeyword.groovy:65)
	at com.kms.katalon.core.webui.keyword.builtin.ClickKeyword$_click_closure1.call(ClickKeyword.groovy)
	at com.kms.katalon.core.webui.keyword.internal.WebUIKeywordMain.runKeyword(WebUIKeywordMain.groovy:20)
	... 38 more
)

2022-01-16 12:50:01 - [TEST_CASE][FAILED] - Test Cases/Utils/Create course CNPM: Test Cases/Utils/Create course CNPM FAILED.
Reason:
com.kms.katalon.core.exception.StepFailedException: Unable to click on object 'Object Repository/Utils/Page_CNPM Danh sch thnh vin/input_Danh sch thnh vin_btn btn-secondary my-1'
	at com.kms.katalon.core.webui.keyword.internal.WebUIKeywordMain.stepFailed(WebUIKeywordMain.groovy:64)
	at com.kms.katalon.core.webui.keyword.internal.WebUIKeywordMain.runKeyword(WebUIKeywordMain.groovy:26)
	at com.kms.katalon.core.webui.keyword.builtin.ClickKeyword.click(ClickKeyword.groovy:74)
	at com.kms.katalon.core.webui.keyword.builtin.ClickKeyword.execute(ClickKeyword.groovy:40)
	at com.kms.katalon.core.keyword.internal.KeywordExecutor.executeKeywordForPlatform(KeywordExecutor.groovy:74)
	at com.kms.katalon.core.webui.keyword.WebUiBuiltInKeywords.click(WebUiBuiltInKeywords.groovy:620)
	at com.kms.katalon.core.webui.keyword.WebUiBuiltInKeywords$click$1.call(Unknown Source)
	at Create course CNPM.run(Create course CNPM:36)
	at com.kms.katalon.core.main.ScriptEngine.run(ScriptEngine.java:194)
	at com.kms.katalon.core.main.ScriptEngine.runScriptAsRawText(ScriptEngine.java:119)
	at com.kms.katalon.core.main.TestCaseExecutor.runScript(TestCaseExecutor.java:442)
	at com.kms.katalon.core.main.TestCaseExecutor.doExecute(TestCaseExecutor.java:433)
	at com.kms.katalon.core.main.TestCaseExecutor.processExecutionPhase(TestCaseExecutor.java:412)
	at com.kms.katalon.core.main.TestCaseExecutor.accessMainPhase(TestCaseExecutor.java:404)
	at com.kms.katalon.core.main.TestCaseExecutor.execute(TestCaseExecutor.java:281)
	at com.kms.katalon.core.main.TestCaseMain.runTestCase(TestCaseMain.java:138)
	at com.kms.katalon.core.keyword.builtin.CallTestCaseKeyword$_callTestCase_closure1.doCall(CallTestCaseKeyword.groovy:59)
	at com.kms.katalon.core.keyword.builtin.CallTestCaseKeyword$_callTestCase_closure1.call(CallTestCaseKeyword.groovy)
	at com.kms.katalon.core.keyword.internal.KeywordMain.runKeyword(KeywordMain.groovy:74)
	at com.kms.katalon.core.keyword.builtin.CallTestCaseKeyword.callTestCase(CallTestCaseKeyword.groovy:81)
	at com.kms.katalon.core.keyword.builtin.CallTestCaseKeyword.execute(CallTestCaseKeyword.groovy:44)
	at com.kms.katalon.core.keyword.internal.KeywordExecutor.executeKeywordForPlatform(KeywordExecutor.groovy:74)
	at com.kms.katalon.core.keyword.BuiltinKeywords.callTestCase(BuiltinKeywords.groovy:334)
	at Create quiz.run(Create quiz:24)
	at com.kms.katalon.core.main.ScriptEngine.run(ScriptEngine.java:194)
	at com.kms.katalon.core.main.ScriptEngine.runScriptAsRawText(ScriptEngine.java:119)
	at com.kms.katalon.core.main.TestCaseExecutor.runScript(TestCaseExecutor.java:442)
	at com.kms.katalon.core.main.TestCaseExecutor.doExecute(TestCaseExecutor.java:433)
	at com.kms.katalon.core.main.TestCaseExecutor.processExecutionPhase(TestCaseExecutor.java:412)
	at com.kms.katalon.core.main.TestCaseExecutor.accessMainPhase(TestCaseExecutor.java:404)
	at com.kms.katalon.core.main.TestCaseExecutor.execute(TestCaseExecutor.java:281)
	at com.kms.katalon.core.main.TestCaseExecutor.execute(TestCaseExecutor.java:363)
	at com.kms.katalon.core.main.TestCaseExecutor.execute(TestCaseExecutor.java:363)
	at com.kms.katalon.core.main.TestCaseExecutor.execute(TestCaseExecutor.java:363)
	at com.kms.katalon.core.main.TestSuiteExecutor.accessTestCaseMainPhase(TestSuiteExecutor.java:202)
	at com.kms.katalon.core.main.TestSuiteExecutor.accessTestSuiteMainPhase(TestSuiteExecutor.java:164)
	at com.kms.katalon.core.main.TestSuiteExecutor.execute(TestSuiteExecutor.java:105)
	at com.kms.katalon.core.main.TestCaseMain.startTestSuite(TestCaseMain.java:181)
	at com.kms.katalon.core.main.TestCaseMain$startTestSuite$0.call(Unknown Source)
	at TempTestSuite1642298356151.run(TempTestSuite1642298356151.groovy:36)
Caused by: com.kms.katalon.core.webui.exception.WebElementNotFoundException: Web element with id: 'Object Repository/Utils/Page_CNPM Danh sch thnh vin/input_Danh sch thnh vin_btn btn-secondary my-1' located by '//input[@value='Ghi danh người dùng']' not found
	at com.kms.katalon.core.webui.common.WebUiCommonHelper.findWebElement(WebUiCommonHelper.java:1368)
	at com.kms.katalon.core.webui.keyword.internal.WebUIAbstractKeyword.findWebElement(WebUIAbstractKeyword.groovy:27)
	at com.kms.katalon.core.webui.keyword.builtin.ClickKeyword$_click_closure1.doCall(ClickKeyword.groovy:65)
	at com.kms.katalon.core.webui.keyword.builtin.ClickKeyword$_click_closure1.call(ClickKeyword.groovy)
	at com.kms.katalon.core.webui.keyword.internal.WebUIKeywordMain.runKeyword(WebUIKeywordMain.groovy:20)
	... 38 more


2022-01-16 12:50:01 - [TEST_STEP][PASSED] - callTestCase(findTestCase("Utils/Login as admin"), [:], STOP_ON_FAILURE): Call Test Case 'Test Cases/Utils/Login as admin' successfully

2022-01-16 12:50:02 - [TEST_CASE][PASSED] - Test Cases/Utils/Login as admin: Test Cases/Utils/Login as admin

2022-01-16 12:50:02 - [TEST_STEP][PASSED] - click(findTestObject("View course grade/Page_Local Moodle/a_Log in")): Object: 'Object Repository/View course grade/Page_Local Moodle/a_Log in' is clicked on

2022-01-16 12:50:09 - [MESSAGE][PASSED] - Object: 'Object Repository/View course grade/Page_Local Moodle/a_Log in' is clicked on

2022-01-16 12:50:09 - [TEST_STEP][PASSED] - setText(findTestObject("View course grade/Page_Local Moodle Log in to the site/input_Username_username"), "admin"): Text 'admin' is set on object 'Object Repository/View course grade/Page_Local Moodle Log in to the site/input_Username_username'

2022-01-16 12:50:10 - [MESSAGE][PASSED] - Text 'admin' is set on object 'Object Repository/View course grade/Page_Local Moodle Log in to the site/input_Username_username'

2022-01-16 12:50:10 - [TEST_STEP][PASSED] - setEncryptedText(findTestObject("View course grade/Page_Local Moodle Log in to the site/input_Password_password"), "bfAykA/oWJ09FXmiKh6lyuuLu8QhG1K5"): Text ****** has been set on object 'Object Repository/View course grade/Page_Local Moodle Log in to the site/input_Password_password'

2022-01-16 12:50:11 - [MESSAGE][PASSED] - Text ****** has been set on object 'Object Repository/View course grade/Page_Local Moodle Log in to the site/input_Password_password'

2022-01-16 12:50:11 - [TEST_STEP][PASSED] - click(findTestObject("View course grade/Page_Local Moodle Log in to the site/button_Log in")): Object: 'Object Repository/View course grade/Page_Local Moodle Log in to the site/button_Log in' is clicked on

2022-01-16 12:50:12 - [MESSAGE][PASSED] - Object: 'Object Repository/View course grade/Page_Local Moodle Log in to the site/button_Log in' is clicked on

2022-01-16 12:50:12 - [MESSAGE][PASSED] - Call Test Case 'Test Cases/Utils/Login as admin' successfully

2022-01-16 12:50:12 - [TEST_STEP][PASSED] - click(findTestObject("Object Repository/Utils/Page_Nh ca ti/span_Qun tr khu vc")): Object: 'Object Repository/Utils/Page_Nh ca ti/span_Qun tr khu vc' is clicked on

2022-01-16 12:50:15 - [MESSAGE][PASSED] - Object: 'Object Repository/Utils/Page_Nh ca ti/span_Qun tr khu vc' is clicked on

2022-01-16 12:50:15 - [TEST_STEP][PASSED] - click(findTestObject("Object Repository/Utils/Page_Moodle Khu vc qun tr Tm kim/a_Kho hc")): Object: 'Object Repository/Utils/Page_Moodle Khu vc qun tr Tm kim/a_Kho hc' is clicked on

2022-01-16 12:50:16 - [MESSAGE][PASSED] - Object: 'Object Repository/Utils/Page_Moodle Khu vc qun tr Tm kim/a_Kho hc' is clicked on

2022-01-16 12:50:16 - [TEST_STEP][PASSED] - click(findTestObject("Object Repository/Utils/Page_Moodle Khu vc qun tr Tm kim/a_Thmsa cc kho hc")): Object: 'Object Repository/Utils/Page_Moodle Khu vc qun tr Tm kim/a_Thmsa cc kho hc' is clicked on

2022-01-16 12:50:18 - [MESSAGE][PASSED] - Object: 'Object Repository/Utils/Page_Moodle Khu vc qun tr Tm kim/a_Thmsa cc kho hc' is clicked on

2022-01-16 12:50:18 - [TEST_STEP][PASSED] - click(findTestObject("Object Repository/Utils/Page_Qun l kha hc v danh mc kha hc/a_To kha hc mi")): Object: 'Object Repository/Utils/Page_Qun l kha hc v danh mc kha hc/a_To kha hc mi' is clicked on

2022-01-16 12:50:24 - [MESSAGE][INFO] - Unable to find the element located by 'By.xpath: //div[@id='yui_3_17_2_1_1641906891631_57']/div/div/a'. Please recheck the objects properties to make sure the desired element is located. 

2022-01-16 12:50:24 - [MESSAGE][WARNING] - [SELF-HEALING] Failed to find element with id 'Object Repository/Utils/Page_Qun l kha hc v danh mc kha hc/a_To kha hc mi'. Try using Self-healing.

2022-01-16 12:50:25 - [MESSAGE][WARNING] - [SELF-HEALING] The current locator of test object 'Object Repository/Utils/Page_Qun l kha hc v danh mc kha hc/a_To kha hc mi' was broken. Propose an alternative one: '//a[contains(text(),'Tạo khóa học mới')]'.

2022-01-16 12:50:26 - [MESSAGE][PASSED] - Object: 'Object Repository/Utils/Page_Qun l kha hc v danh mc kha hc/a_To kha hc mi' is clicked on

2022-01-16 12:50:26 - [TEST_STEP][PASSED] - setText(findTestObject("Object Repository/Utils/Page_Moodle Thm kho hc mi/input_Tn y_fullname"), "Nhập môn Công nghệ phần mềm"): Text 'Nhập môn Công nghệ phần mềm' is set on object 'Object Repository/Utils/Page_Moodle Thm kho hc mi/input_Tn y_fullname'

2022-01-16 12:50:27 - [MESSAGE][PASSED] - Text 'Nhập môn Công nghệ phần mềm' is set on object 'Object Repository/Utils/Page_Moodle Thm kho hc mi/input_Tn y_fullname'

2022-01-16 12:50:27 - [TEST_STEP][PASSED] - setText(findTestObject("Object Repository/Utils/Page_Moodle Thm kho hc mi/input_Tn rt gn ca kho hc_shortname"), "CNPM"): Text 'CNPM' is set on object 'Object Repository/Utils/Page_Moodle Thm kho hc mi/input_Tn rt gn ca kho hc_shortname'

2022-01-16 12:50:29 - [MESSAGE][PASSED] - Text 'CNPM' is set on object 'Object Repository/Utils/Page_Moodle Thm kho hc mi/input_Tn rt gn ca kho hc_shortname'

2022-01-16 12:50:29 - [TEST_STEP][PASSED] - click(findTestObject("Object Repository/Utils/Page_Moodle Thm kho hc mi/input__saveanddisplay")): Object: 'Object Repository/Utils/Page_Moodle Thm kho hc mi/input__saveanddisplay' is clicked on

2022-01-16 12:50:36 - [MESSAGE][PASSED] - Object: 'Object Repository/Utils/Page_Moodle Thm kho hc mi/input__saveanddisplay' is clicked on

2022-01-16 12:50:36 - [TEST_STEP][FAILED] - click(findTestObject("Object Repository/Utils/Page_CNPM Danh sch thnh vin/input_Danh sch thnh vin_btn btn-secondary my-1")): Unable to click on object 'Object Repository/Utils/Page_CNPM Danh sch thnh vin/input_Danh sch thnh vin_btn btn-secondary my-1' (Root cause: com.kms.katalon.core.exception.StepFailedException: Unable to click on object 'Object Repository/Utils/Page_CNPM Danh sch thnh vin/input_Danh sch thnh vin_btn btn-secondary my-1'
	at com.kms.katalon.core.webui.keyword.internal.WebUIKeywordMain.stepFailed(WebUIKeywordMain.groovy:64)
	at com.kms.katalon.core.webui.keyword.internal.WebUIKeywordMain.runKeyword(WebUIKeywordMain.groovy:26)
	at com.kms.katalon.core.webui.keyword.builtin.ClickKeyword.click(ClickKeyword.groovy:74)
	at com.kms.katalon.core.webui.keyword.builtin.ClickKeyword.execute(ClickKeyword.groovy:40)
	at com.kms.katalon.core.keyword.internal.KeywordExecutor.executeKeywordForPlatform(KeywordExecutor.groovy:74)
	at com.kms.katalon.core.webui.keyword.WebUiBuiltInKeywords.click(WebUiBuiltInKeywords.groovy:620)
	at com.kms.katalon.core.webui.keyword.WebUiBuiltInKeywords$click$1.call(Unknown Source)
	at Create course CNPM.run(Create course CNPM:36)
	at com.kms.katalon.core.main.ScriptEngine.run(ScriptEngine.java:194)
	at com.kms.katalon.core.main.ScriptEngine.runScriptAsRawText(ScriptEngine.java:119)
	at com.kms.katalon.core.main.TestCaseExecutor.runScript(TestCaseExecutor.java:442)
	at com.kms.katalon.core.main.TestCaseExecutor.doExecute(TestCaseExecutor.java:433)
	at com.kms.katalon.core.main.TestCaseExecutor.processExecutionPhase(TestCaseExecutor.java:412)
	at com.kms.katalon.core.main.TestCaseExecutor.accessMainPhase(TestCaseExecutor.java:404)
	at com.kms.katalon.core.main.TestCaseExecutor.execute(TestCaseExecutor.java:281)
	at com.kms.katalon.core.main.TestCaseMain.runTestCase(TestCaseMain.java:138)
	at com.kms.katalon.core.keyword.builtin.CallTestCaseKeyword$_callTestCase_closure1.doCall(CallTestCaseKeyword.groovy:59)
	at com.kms.katalon.core.keyword.builtin.CallTestCaseKeyword$_callTestCase_closure1.call(CallTestCaseKeyword.groovy)
	at com.kms.katalon.core.keyword.internal.KeywordMain.runKeyword(KeywordMain.groovy:74)
	at com.kms.katalon.core.keyword.builtin.CallTestCaseKeyword.callTestCase(CallTestCaseKeyword.groovy:81)
	at com.kms.katalon.core.keyword.builtin.CallTestCaseKeyword.execute(CallTestCaseKeyword.groovy:44)
	at com.kms.katalon.core.keyword.internal.KeywordExecutor.executeKeywordForPlatform(KeywordExecutor.groovy:74)
	at com.kms.katalon.core.keyword.BuiltinKeywords.callTestCase(BuiltinKeywords.groovy:334)
	at Create quiz.run(Create quiz:24)
	at com.kms.katalon.core.main.ScriptEngine.run(ScriptEngine.java:194)
	at com.kms.katalon.core.main.ScriptEngine.runScriptAsRawText(ScriptEngine.java:119)
	at com.kms.katalon.core.main.TestCaseExecutor.runScript(TestCaseExecutor.java:442)
	at com.kms.katalon.core.main.TestCaseExecutor.doExecute(TestCaseExecutor.java:433)
	at com.kms.katalon.core.main.TestCaseExecutor.processExecutionPhase(TestCaseExecutor.java:412)
	at com.kms.katalon.core.main.TestCaseExecutor.accessMainPhase(TestCaseExecutor.java:404)
	at com.kms.katalon.core.main.TestCaseExecutor.execute(TestCaseExecutor.java:281)
	at com.kms.katalon.core.main.TestCaseExecutor.execute(TestCaseExecutor.java:363)
	at com.kms.katalon.core.main.TestCaseExecutor.execute(TestCaseExecutor.java:363)
	at com.kms.katalon.core.main.TestCaseExecutor.execute(TestCaseExecutor.java:363)
	at com.kms.katalon.core.main.TestSuiteExecutor.accessTestCaseMainPhase(TestSuiteExecutor.java:202)
	at com.kms.katalon.core.main.TestSuiteExecutor.accessTestSuiteMainPhase(TestSuiteExecutor.java:164)
	at com.kms.katalon.core.main.TestSuiteExecutor.execute(TestSuiteExecutor.java:105)
	at com.kms.katalon.core.main.TestCaseMain.startTestSuite(TestCaseMain.java:181)
	at com.kms.katalon.core.main.TestCaseMain$startTestSuite$0.call(Unknown Source)
	at TempTestSuite1642298356151.run(TempTestSuite1642298356151.groovy:36)
Caused by: com.kms.katalon.core.webui.exception.WebElementNotFoundException: Web element with id: 'Object Repository/Utils/Page_CNPM Danh sch thnh vin/input_Danh sch thnh vin_btn btn-secondary my-1' located by '//input[@value='Ghi danh người dùng']' not found
	at com.kms.katalon.core.webui.common.WebUiCommonHelper.findWebElement(WebUiCommonHelper.java:1368)
	at com.kms.katalon.core.webui.keyword.internal.WebUIAbstractKeyword.findWebElement(WebUIAbstractKeyword.groovy:27)
	at com.kms.katalon.core.webui.keyword.builtin.ClickKeyword$_click_closure1.doCall(ClickKeyword.groovy:65)
	at com.kms.katalon.core.webui.keyword.builtin.ClickKeyword$_click_closure1.call(ClickKeyword.groovy)
	at com.kms.katalon.core.webui.keyword.internal.WebUIKeywordMain.runKeyword(WebUIKeywordMain.groovy:20)
	at com.kms.katalon.core.webui.keyword.builtin.ClickKeyword.click(ClickKeyword.groovy:74)
	at com.kms.katalon.core.webui.keyword.builtin.ClickKeyword.execute(ClickKeyword.groovy:40)
	at com.kms.katalon.core.keyword.internal.KeywordExecutor.executeKeywordForPlatform(KeywordExecutor.groovy:74)
	at com.kms.katalon.core.webui.keyword.WebUiBuiltInKeywords.click(WebUiBuiltInKeywords.groovy:620)
	at com.kms.katalon.core.webui.keyword.WebUiBuiltInKeywords$click$1.call(Unknown Source)
	at Script1641906761787.run(Script1641906761787.groovy:36)
	at com.kms.katalon.core.main.ScriptEngine.run(ScriptEngine.java:194)
	at com.kms.katalon.core.main.ScriptEngine.runScriptAsRawText(ScriptEngine.java:119)
	at com.kms.katalon.core.main.TestCaseExecutor.runScript(TestCaseExecutor.java:442)
	at com.kms.katalon.core.main.TestCaseExecutor.doExecute(TestCaseExecutor.java:433)
	at com.kms.katalon.core.main.TestCaseExecutor.processExecutionPhase(TestCaseExecutor.java:412)
	at com.kms.katalon.core.main.TestCaseExecutor.accessMainPhase(TestCaseExecutor.java:404)
	at com.kms.katalon.core.main.TestCaseExecutor.execute(TestCaseExecutor.java:281)
	at com.kms.katalon.core.main.TestCaseMain.runTestCase(TestCaseMain.java:138)
	at com.kms.katalon.core.keyword.builtin.CallTestCaseKeyword$_callTestCase_closure1.doCall(CallTestCaseKeyword.groovy:59)
	at com.kms.katalon.core.keyword.builtin.CallTestCaseKeyword$_callTestCase_closure1.call(CallTestCaseKeyword.groovy)
	at com.kms.katalon.core.keyword.internal.KeywordMain.runKeyword(KeywordMain.groovy:74)
	at com.kms.katalon.core.keyword.builtin.CallTestCaseKeyword.callTestCase(CallTestCaseKeyword.groovy:81)
	at com.kms.katalon.core.keyword.builtin.CallTestCaseKeyword.execute(CallTestCaseKeyword.groovy:44)
	at com.kms.katalon.core.keyword.internal.KeywordExecutor.executeKeywordForPlatform(KeywordExecutor.groovy:74)
	at com.kms.katalon.core.keyword.BuiltinKeywords.callTestCase(BuiltinKeywords.groovy:334)
	at Script1641913605315.run(Script1641913605315.groovy:24)
	... 16 more
)

2022-01-16 12:50:42 - [MESSAGE][INFO] - Unable to find the element located by 'By.xpath: //input[@value='Ghi danh người dùng']'. Please recheck the objects properties to make sure the desired element is located. 

2022-01-16 12:50:42 - [MESSAGE][WARNING] - [SELF-HEALING] Failed to find element with id 'Object Repository/Utils/Page_CNPM Danh sch thnh vin/input_Danh sch thnh vin_btn btn-secondary my-1'. Try using Self-healing.

2022-01-16 12:50:42 - [MESSAGE][INFO] - [SELF-HEALING] Failed Locator: '//input[@value='Ghi danh người dùng']'.

2022-01-16 12:50:43 - [MESSAGE][INFO] - [SELF-HEALING] Failed Locator: '//form[@id='enrolusersbutton-1']/div/input'.

2022-01-16 12:50:43 - [MESSAGE][INFO] - [SELF-HEALING] Working Locator: '//input'.

2022-01-16 12:50:43 - [MESSAGE][ERROR] - [SELF-HEALING] Cannot save screenshot to: E:\xampp\htdocs\moodle\Test Automation - SE Bonus\Reports\Self-healing, reason: unknown error: unhandled inspector error: {"code":-32000,"message":"Cannot take screenshot with 0 width."}
  (Session info: MicrosoftEdge=97.0.1072.62)
Build info: version: '3.141.59', revision: 'e82be7d358', time: '2018-11-14T08:25:53'
System info: host: 'LAPTOP-DKU7IQF9', ip: '192.168.1.5', os.name: 'Windows 10', os.arch: 'amd64', os.version: '10.0', java.version: '1.8.0_282'
Driver info: com.kms.katalon.selenium.driver.CEdgeDriver
Capabilities {acceptInsecureCerts: false, browserName: msedge, browserVersion: 97.0.1072.62, javascriptEnabled: true, ms:edgeOptions: {debuggerAddress: localhost:60956}, msedge: {msedgedriverVersion: 97.0.1072.55 (ce3bf33648805..., userDataDir: C:\Users\ninhh\AppData\Loca...}, networkConnectionEnabled: false, pageLoadStrategy: normal, platform: WINDOWS, platformName: WINDOWS, proxy: Proxy(), setWindowRect: true, strictFileInteractability: false, timeouts: {implicit: 0, pageLoad: 300000, script: 30000}, unhandledPromptBehavior: dismiss and notify, webauthn:extension:credBlob: true, webauthn:extension:largeBlob: true, webauthn:virtualAuthenticators: true}
Session ID: 2fa964755ff3e7e12302ed6bf79a9838.

2022-01-16 12:50:43 - [MESSAGE][ERROR] - [SELF-HEALING] Cannot save screenshot to: E:\xampp\htdocs\moodle\Test Automation - SE Bonus\Reports\Self-healing, reason: unknown error: unhandled inspector error: {"code":-32000,"message":"Cannot take screenshot with 0 width."}
  (Session info: MicrosoftEdge=97.0.1072.62)
Build info: version: '3.141.59', revision: 'e82be7d358', time: '2018-11-14T08:25:53'
System info: host: 'LAPTOP-DKU7IQF9', ip: '192.168.1.5', os.name: 'Windows 10', os.arch: 'amd64', os.version: '10.0', java.version: '1.8.0_282'
Driver info: com.kms.katalon.selenium.driver.CEdgeDriver
Capabilities {acceptInsecureCerts: false, browserName: msedge, browserVersion: 97.0.1072.62, javascriptEnabled: true, ms:edgeOptions: {debuggerAddress: localhost:60956}, msedge: {msedgedriverVersion: 97.0.1072.55 (ce3bf33648805..., userDataDir: C:\Users\ninhh\AppData\Loca...}, networkConnectionEnabled: false, pageLoadStrategy: normal, platform: WINDOWS, platformName: WINDOWS, proxy: Proxy(), setWindowRect: true, strictFileInteractability: false, timeouts: {implicit: 0, pageLoad: 300000, script: 30000}, unhandledPromptBehavior: dismiss and notify, webauthn:extension:credBlob: true, webauthn:extension:largeBlob: true, webauthn:virtualAuthenticators: true}
Session ID: 2fa964755ff3e7e12302ed6bf79a9838.

2022-01-16 12:50:43 - [MESSAGE][WARNING] - [SELF-HEALING] 'other' is different type of Path

2022-01-16 12:50:43 - [MESSAGE][ERROR] - [SELF-HEALING] Cannot save screenshot to: E:\xampp\htdocs\moodle\Test Automation - SE Bonus\Reports\Self-healing, reason: unknown error: unhandled inspector error: {"code":-32000,"message":"Cannot take screenshot with 0 width."}
  (Session info: MicrosoftEdge=97.0.1072.62)
Build info: version: '3.141.59', revision: 'e82be7d358', time: '2018-11-14T08:25:53'
System info: host: 'LAPTOP-DKU7IQF9', ip: '192.168.1.5', os.name: 'Windows 10', os.arch: 'amd64', os.version: '10.0', java.version: '1.8.0_282'
Driver info: com.kms.katalon.selenium.driver.CEdgeDriver
Capabilities {acceptInsecureCerts: false, browserName: msedge, browserVersion: 97.0.1072.62, javascriptEnabled: true, ms:edgeOptions: {debuggerAddress: localhost:60956}, msedge: {msedgedriverVersion: 97.0.1072.55 (ce3bf33648805..., userDataDir: C:\Users\ninhh\AppData\Loca...}, networkConnectionEnabled: false, pageLoadStrategy: normal, platform: WINDOWS, platformName: WINDOWS, proxy: Proxy(), setWindowRect: true, strictFileInteractability: false, timeouts: {implicit: 0, pageLoad: 300000, script: 30000}, unhandledPromptBehavior: dismiss and notify, webauthn:extension:credBlob: true, webauthn:extension:largeBlob: true, webauthn:virtualAuthenticators: true}
Session ID: 2fa964755ff3e7e12302ed6bf79a9838.

2022-01-16 12:50:43 - [MESSAGE][WARNING] - [SELF-HEALING] 'other' is different type of Path

2022-01-16 12:50:44 - [MESSAGE][INFO] - Unable to find the element located by 'By.cssSelector: input.btn.btn-secondary.my-1'. Please recheck the objects properties to make sure the desired element is located. 

2022-01-16 12:50:44 - [MESSAGE][FAILED] - Unable to click on object 'Object Repository/Utils/Page_CNPM Danh sch thnh vin/input_Danh sch thnh vin_btn btn-secondary my-1' (Root cause: com.kms.katalon.core.exception.StepFailedException: Unable to click on object 'Object Repository/Utils/Page_CNPM Danh sch thnh vin/input_Danh sch thnh vin_btn btn-secondary my-1'
	at com.kms.katalon.core.webui.keyword.internal.WebUIKeywordMain.stepFailed(WebUIKeywordMain.groovy:64)
	at com.kms.katalon.core.webui.keyword.internal.WebUIKeywordMain.runKeyword(WebUIKeywordMain.groovy:26)
	at com.kms.katalon.core.webui.keyword.builtin.ClickKeyword.click(ClickKeyword.groovy:74)
	at com.kms.katalon.core.webui.keyword.builtin.ClickKeyword.execute(ClickKeyword.groovy:40)
	at com.kms.katalon.core.keyword.internal.KeywordExecutor.executeKeywordForPlatform(KeywordExecutor.groovy:74)
	at com.kms.katalon.core.webui.keyword.WebUiBuiltInKeywords.click(WebUiBuiltInKeywords.groovy:620)
	at com.kms.katalon.core.webui.keyword.WebUiBuiltInKeywords$click$1.call(Unknown Source)
	at Create course CNPM.run(Create course CNPM:36)
	at com.kms.katalon.core.main.ScriptEngine.run(ScriptEngine.java:194)
	at com.kms.katalon.core.main.ScriptEngine.runScriptAsRawText(ScriptEngine.java:119)
	at com.kms.katalon.core.main.TestCaseExecutor.runScript(TestCaseExecutor.java:442)
	at com.kms.katalon.core.main.TestCaseExecutor.doExecute(TestCaseExecutor.java:433)
	at com.kms.katalon.core.main.TestCaseExecutor.processExecutionPhase(TestCaseExecutor.java:412)
	at com.kms.katalon.core.main.TestCaseExecutor.accessMainPhase(TestCaseExecutor.java:404)
	at com.kms.katalon.core.main.TestCaseExecutor.execute(TestCaseExecutor.java:281)
	at com.kms.katalon.core.main.TestCaseMain.runTestCase(TestCaseMain.java:138)
	at com.kms.katalon.core.keyword.builtin.CallTestCaseKeyword$_callTestCase_closure1.doCall(CallTestCaseKeyword.groovy:59)
	at com.kms.katalon.core.keyword.builtin.CallTestCaseKeyword$_callTestCase_closure1.call(CallTestCaseKeyword.groovy)
	at com.kms.katalon.core.keyword.internal.KeywordMain.runKeyword(KeywordMain.groovy:74)
	at com.kms.katalon.core.keyword.builtin.CallTestCaseKeyword.callTestCase(CallTestCaseKeyword.groovy:81)
	at com.kms.katalon.core.keyword.builtin.CallTestCaseKeyword.execute(CallTestCaseKeyword.groovy:44)
	at com.kms.katalon.core.keyword.internal.KeywordExecutor.executeKeywordForPlatform(KeywordExecutor.groovy:74)
	at com.kms.katalon.core.keyword.BuiltinKeywords.callTestCase(BuiltinKeywords.groovy:334)
	at Create quiz.run(Create quiz:24)
	at com.kms.katalon.core.main.ScriptEngine.run(ScriptEngine.java:194)
	at com.kms.katalon.core.main.ScriptEngine.runScriptAsRawText(ScriptEngine.java:119)
	at com.kms.katalon.core.main.TestCaseExecutor.runScript(TestCaseExecutor.java:442)
	at com.kms.katalon.core.main.TestCaseExecutor.doExecute(TestCaseExecutor.java:433)
	at com.kms.katalon.core.main.TestCaseExecutor.processExecutionPhase(TestCaseExecutor.java:412)
	at com.kms.katalon.core.main.TestCaseExecutor.accessMainPhase(TestCaseExecutor.java:404)
	at com.kms.katalon.core.main.TestCaseExecutor.execute(TestCaseExecutor.java:281)
	at com.kms.katalon.core.main.TestCaseExecutor.execute(TestCaseExecutor.java:363)
	at com.kms.katalon.core.main.TestCaseExecutor.execute(TestCaseExecutor.java:363)
	at com.kms.katalon.core.main.TestCaseExecutor.execute(TestCaseExecutor.java:363)
	at com.kms.katalon.core.main.TestSuiteExecutor.accessTestCaseMainPhase(TestSuiteExecutor.java:202)
	at com.kms.katalon.core.main.TestSuiteExecutor.accessTestSuiteMainPhase(TestSuiteExecutor.java:164)
	at com.kms.katalon.core.main.TestSuiteExecutor.execute(TestSuiteExecutor.java:105)
	at com.kms.katalon.core.main.TestCaseMain.startTestSuite(TestCaseMain.java:181)
	at com.kms.katalon.core.main.TestCaseMain$startTestSuite$0.call(Unknown Source)
	at TempTestSuite1642298356151.run(TempTestSuite1642298356151.groovy:36)
Caused by: com.kms.katalon.core.webui.exception.WebElementNotFoundException: Web element with id: 'Object Repository/Utils/Page_CNPM Danh sch thnh vin/input_Danh sch thnh vin_btn btn-secondary my-1' located by '//input[@value='Ghi danh người dùng']' not found
	at com.kms.katalon.core.webui.common.WebUiCommonHelper.findWebElement(WebUiCommonHelper.java:1368)
	at com.kms.katalon.core.webui.keyword.internal.WebUIAbstractKeyword.findWebElement(WebUIAbstractKeyword.groovy:27)
	at com.kms.katalon.core.webui.keyword.builtin.ClickKeyword$_click_closure1.doCall(ClickKeyword.groovy:65)
	at com.kms.katalon.core.webui.keyword.builtin.ClickKeyword$_click_closure1.call(ClickKeyword.groovy)
	at com.kms.katalon.core.webui.keyword.internal.WebUIKeywordMain.runKeyword(WebUIKeywordMain.groovy:20)
	at com.kms.katalon.core.webui.keyword.builtin.ClickKeyword.click(ClickKeyword.groovy:74)
	at com.kms.katalon.core.webui.keyword.builtin.ClickKeyword.execute(ClickKeyword.groovy:40)
	at com.kms.katalon.core.keyword.internal.KeywordExecutor.executeKeywordForPlatform(KeywordExecutor.groovy:74)
	at com.kms.katalon.core.webui.keyword.WebUiBuiltInKeywords.click(WebUiBuiltInKeywords.groovy:620)
	at com.kms.katalon.core.webui.keyword.WebUiBuiltInKeywords$click$1.call(Unknown Source)
	at Script1641906761787.run(Script1641906761787.groovy:36)
	at com.kms.katalon.core.main.ScriptEngine.run(ScriptEngine.java:194)
	at com.kms.katalon.core.main.ScriptEngine.runScriptAsRawText(ScriptEngine.java:119)
	at com.kms.katalon.core.main.TestCaseExecutor.runScript(TestCaseExecutor.java:442)
	at com.kms.katalon.core.main.TestCaseExecutor.doExecute(TestCaseExecutor.java:433)
	at com.kms.katalon.core.main.TestCaseExecutor.processExecutionPhase(TestCaseExecutor.java:412)
	at com.kms.katalon.core.main.TestCaseExecutor.accessMainPhase(TestCaseExecutor.java:404)
	at com.kms.katalon.core.main.TestCaseExecutor.execute(TestCaseExecutor.java:281)
	at com.kms.katalon.core.main.TestCaseMain.runTestCase(TestCaseMain.java:138)
	at com.kms.katalon.core.keyword.builtin.CallTestCaseKeyword$_callTestCase_closure1.doCall(CallTestCaseKeyword.groovy:59)
	at com.kms.katalon.core.keyword.builtin.CallTestCaseKeyword$_callTestCase_closure1.call(CallTestCaseKeyword.groovy)
	at com.kms.katalon.core.keyword.internal.KeywordMain.runKeyword(KeywordMain.groovy:74)
	at com.kms.katalon.core.keyword.builtin.CallTestCaseKeyword.callTestCase(CallTestCaseKeyword.groovy:81)
	at com.kms.katalon.core.keyword.builtin.CallTestCaseKeyword.execute(CallTestCaseKeyword.groovy:44)
	at com.kms.katalon.core.keyword.internal.KeywordExecutor.executeKeywordForPlatform(KeywordExecutor.groovy:74)
	at com.kms.katalon.core.keyword.BuiltinKeywords.callTestCase(BuiltinKeywords.groovy:334)
	at Script1641913605315.run(Script1641913605315.groovy:24)
	... 16 more
)
[[ATTACHMENT|E:\\xampp\\htdocs\\moodle\\Test Automation - SE Bonus\\Reports\\20220116_085916\\Run All Test Cases\\20220116_085916\\1642312244794.png]]

2022-01-16 12:50:44 - [MESSAGE][INFO] - 

2022-01-16 12:50:44 - [MESSAGE][INFO] - ===================== Self-healing Report ====================

2022-01-16 12:50:44 - [MESSAGE][INFO] - One of the failed test object locators has been recovered by Self-healing. Please refer to the Self-healing Insights tab for more details.

2022-01-16 12:50:44 - [MESSAGE][INFO] - To learn more about Self-healing, please read https://docs.katalon.com/katalon-studio/docs/self-healing.html

2022-01-16 12:50:44 - [MESSAGE][INFO] - ==============================================================

2022-01-16 12:50:44 - [MESSAGE][FAILED] - Unable to call Test Case 'Test Cases/Utils/Create course CNPM' (Root cause: com.kms.katalon.core.exception.StepFailedException: Call Test Case 'Test Cases/Utils/Create course CNPM' failed
	at com.kms.katalon.core.keyword.builtin.CallTestCaseKeyword$_callTestCase_closure1.doCall(CallTestCaseKeyword.groovy:63)
	at com.kms.katalon.core.keyword.builtin.CallTestCaseKeyword$_callTestCase_closure1.call(CallTestCaseKeyword.groovy)
	at com.kms.katalon.core.keyword.internal.KeywordMain.runKeyword(KeywordMain.groovy:74)
	at com.kms.katalon.core.keyword.builtin.CallTestCaseKeyword.callTestCase(CallTestCaseKeyword.groovy:81)
	at com.kms.katalon.core.keyword.builtin.CallTestCaseKeyword.execute(CallTestCaseKeyword.groovy:44)
	at com.kms.katalon.core.keyword.internal.KeywordExecutor.executeKeywordForPlatform(KeywordExecutor.groovy:74)
	at com.kms.katalon.core.keyword.BuiltinKeywords.callTestCase(BuiltinKeywords.groovy:334)
	at Create quiz.run(Create quiz:24)
	at com.kms.katalon.core.main.ScriptEngine.run(ScriptEngine.java:194)
	at com.kms.katalon.core.main.ScriptEngine.runScriptAsRawText(ScriptEngine.java:119)
	at com.kms.katalon.core.main.TestCaseExecutor.runScript(TestCaseExecutor.java:442)
	at com.kms.katalon.core.main.TestCaseExecutor.doExecute(TestCaseExecutor.java:433)
	at com.kms.katalon.core.main.TestCaseExecutor.processExecutionPhase(TestCaseExecutor.java:412)
	at com.kms.katalon.core.main.TestCaseExecutor.accessMainPhase(TestCaseExecutor.java:404)
	at com.kms.katalon.core.main.TestCaseExecutor.execute(TestCaseExecutor.java:281)
	at com.kms.katalon.core.main.TestCaseExecutor.execute(TestCaseExecutor.java:363)
	at com.kms.katalon.core.main.TestCaseExecutor.execute(TestCaseExecutor.java:363)
	at com.kms.katalon.core.main.TestCaseExecutor.execute(TestCaseExecutor.java:363)
	at com.kms.katalon.core.main.TestSuiteExecutor.accessTestCaseMainPhase(TestSuiteExecutor.java:202)
	at com.kms.katalon.core.main.TestSuiteExecutor.accessTestSuiteMainPhase(TestSuiteExecutor.java:164)
	at com.kms.katalon.core.main.TestSuiteExecutor.execute(TestSuiteExecutor.java:105)
	at com.kms.katalon.core.main.TestCaseMain.startTestSuite(TestCaseMain.java:181)
	at com.kms.katalon.core.main.TestCaseMain$startTestSuite$0.call(Unknown Source)
	at TempTestSuite1642298356151.run(TempTestSuite1642298356151.groovy:36)
Caused by: com.kms.katalon.core.exception.StepFailedException: Unable to click on object 'Object Repository/Utils/Page_CNPM Danh sch thnh vin/input_Danh sch thnh vin_btn btn-secondary my-1'
	at com.kms.katalon.core.webui.keyword.internal.WebUIKeywordMain.stepFailed(WebUIKeywordMain.groovy:64)
	at com.kms.katalon.core.webui.keyword.internal.WebUIKeywordMain.runKeyword(WebUIKeywordMain.groovy:26)
	at com.kms.katalon.core.webui.keyword.builtin.ClickKeyword.click(ClickKeyword.groovy:74)
	at com.kms.katalon.core.webui.keyword.builtin.ClickKeyword.execute(ClickKeyword.groovy:40)
	at com.kms.katalon.core.keyword.internal.KeywordExecutor.executeKeywordForPlatform(KeywordExecutor.groovy:74)
	at com.kms.katalon.core.webui.keyword.WebUiBuiltInKeywords.click(WebUiBuiltInKeywords.groovy:620)
	at com.kms.katalon.core.webui.keyword.WebUiBuiltInKeywords$click$1.call(Unknown Source)
	at Create course CNPM.run(Create course CNPM:36)
	at com.kms.katalon.core.main.ScriptEngine.run(ScriptEngine.java:194)
	at com.kms.katalon.core.main.ScriptEngine.runScriptAsRawText(ScriptEngine.java:119)
	at com.kms.katalon.core.main.TestCaseExecutor.runScript(TestCaseExecutor.java:442)
	at com.kms.katalon.core.main.TestCaseExecutor.doExecute(TestCaseExecutor.java:433)
	at com.kms.katalon.core.main.TestCaseExecutor.processExecutionPhase(TestCaseExecutor.java:412)
	at com.kms.katalon.core.main.TestCaseExecutor.accessMainPhase(TestCaseExecutor.java:404)
	at com.kms.katalon.core.main.TestCaseExecutor.execute(TestCaseExecutor.java:281)
	at com.kms.katalon.core.main.TestCaseMain.runTestCase(TestCaseMain.java:138)
	at com.kms.katalon.core.keyword.builtin.CallTestCaseKeyword$_callTestCase_closure1.doCall(CallTestCaseKeyword.groovy:59)
	... 23 more
Caused by: com.kms.katalon.core.webui.exception.WebElementNotFoundException: Web element with id: 'Object Repository/Utils/Page_CNPM Danh sch thnh vin/input_Danh sch thnh vin_btn btn-secondary my-1' located by '//input[@value='Ghi danh người dùng']' not found
	at com.kms.katalon.core.webui.common.WebUiCommonHelper.findWebElement(WebUiCommonHelper.java:1368)
	at com.kms.katalon.core.webui.keyword.internal.WebUIAbstractKeyword.findWebElement(WebUIAbstractKeyword.groovy:27)
	at com.kms.katalon.core.webui.keyword.builtin.ClickKeyword$_click_closure1.doCall(ClickKeyword.groovy:65)
	at com.kms.katalon.core.webui.keyword.builtin.ClickKeyword$_click_closure1.call(ClickKeyword.groovy)
	at com.kms.katalon.core.webui.keyword.internal.WebUIKeywordMain.runKeyword(WebUIKeywordMain.groovy:20)
	... 38 more
)]]></system-out>
         <system-err><![CDATA[2022-01-16 12:47:54 - [TEST_CASE][FAILED] - Test Cases/Create folder and quiz/Create quiz: Test Cases/Create folder and quiz/Create quiz FAILED.
Reason:
com.kms.katalon.core.exception.StepFailedException: Call Test Case 'Test Cases/Utils/Create course CNPM' failed
	at com.kms.katalon.core.keyword.builtin.CallTestCaseKeyword$_callTestCase_closure1.doCall(CallTestCaseKeyword.groovy:63)
	at com.kms.katalon.core.keyword.builtin.CallTestCaseKeyword$_callTestCase_closure1.call(CallTestCaseKeyword.groovy)
	at com.kms.katalon.core.keyword.internal.KeywordMain.runKeyword(KeywordMain.groovy:74)
	at com.kms.katalon.core.keyword.builtin.CallTestCaseKeyword.callTestCase(CallTestCaseKeyword.groovy:81)
	at com.kms.katalon.core.keyword.builtin.CallTestCaseKeyword.execute(CallTestCaseKeyword.groovy:44)
	at com.kms.katalon.core.keyword.internal.KeywordExecutor.executeKeywordForPlatform(KeywordExecutor.groovy:74)
	at com.kms.katalon.core.keyword.BuiltinKeywords.callTestCase(BuiltinKeywords.groovy:334)
	at Create quiz.run(Create quiz:24)
	at com.kms.katalon.core.main.ScriptEngine.run(ScriptEngine.java:194)
	at com.kms.katalon.core.main.ScriptEngine.runScriptAsRawText(ScriptEngine.java:119)
	at com.kms.katalon.core.main.TestCaseExecutor.runScript(TestCaseExecutor.java:442)
	at com.kms.katalon.core.main.TestCaseExecutor.doExecute(TestCaseExecutor.java:433)
	at com.kms.katalon.core.main.TestCaseExecutor.processExecutionPhase(TestCaseExecutor.java:412)
	at com.kms.katalon.core.main.TestCaseExecutor.accessMainPhase(TestCaseExecutor.java:404)
	at com.kms.katalon.core.main.TestCaseExecutor.execute(TestCaseExecutor.java:281)
	at com.kms.katalon.core.main.TestCaseExecutor.execute(TestCaseExecutor.java:363)
	at com.kms.katalon.core.main.TestCaseExecutor.execute(TestCaseExecutor.java:363)
	at com.kms.katalon.core.main.TestCaseExecutor.execute(TestCaseExecutor.java:363)
	at com.kms.katalon.core.main.TestSuiteExecutor.accessTestCaseMainPhase(TestSuiteExecutor.java:202)
	at com.kms.katalon.core.main.TestSuiteExecutor.accessTestSuiteMainPhase(TestSuiteExecutor.java:164)
	at com.kms.katalon.core.main.TestSuiteExecutor.execute(TestSuiteExecutor.java:105)
	at com.kms.katalon.core.main.TestCaseMain.startTestSuite(TestCaseMain.java:181)
	at com.kms.katalon.core.main.TestCaseMain$startTestSuite$0.call(Unknown Source)
	at TempTestSuite1642298356151.run(TempTestSuite1642298356151.groovy:36)
Caused by: com.kms.katalon.core.exception.StepFailedException: Unable to click on object 'Object Repository/Utils/Page_CNPM Danh sch thnh vin/input_Danh sch thnh vin_btn btn-secondary my-1'
	at com.kms.katalon.core.webui.keyword.internal.WebUIKeywordMain.stepFailed(WebUIKeywordMain.groovy:64)
	at com.kms.katalon.core.webui.keyword.internal.WebUIKeywordMain.runKeyword(WebUIKeywordMain.groovy:26)
	at com.kms.katalon.core.webui.keyword.builtin.ClickKeyword.click(ClickKeyword.groovy:74)
	at com.kms.katalon.core.webui.keyword.builtin.ClickKeyword.execute(ClickKeyword.groovy:40)
	at com.kms.katalon.core.keyword.internal.KeywordExecutor.executeKeywordForPlatform(KeywordExecutor.groovy:74)
	at com.kms.katalon.core.webui.keyword.WebUiBuiltInKeywords.click(WebUiBuiltInKeywords.groovy:620)
	at com.kms.katalon.core.webui.keyword.WebUiBuiltInKeywords$click$1.call(Unknown Source)
	at Create course CNPM.run(Create course CNPM:36)
	at com.kms.katalon.core.main.ScriptEngine.run(ScriptEngine.java:194)
	at com.kms.katalon.core.main.ScriptEngine.runScriptAsRawText(ScriptEngine.java:119)
	at com.kms.katalon.core.main.TestCaseExecutor.runScript(TestCaseExecutor.java:442)
	at com.kms.katalon.core.main.TestCaseExecutor.doExecute(TestCaseExecutor.java:433)
	at com.kms.katalon.core.main.TestCaseExecutor.processExecutionPhase(TestCaseExecutor.java:412)
	at com.kms.katalon.core.main.TestCaseExecutor.accessMainPhase(TestCaseExecutor.java:404)
	at com.kms.katalon.core.main.TestCaseExecutor.execute(TestCaseExecutor.java:281)
	at com.kms.katalon.core.main.TestCaseMain.runTestCase(TestCaseMain.java:138)
	at com.kms.katalon.core.keyword.builtin.CallTestCaseKeyword$_callTestCase_closure1.doCall(CallTestCaseKeyword.groovy:59)
	... 23 more
Caused by: com.kms.katalon.core.webui.exception.WebElementNotFoundException: Web element with id: 'Object Repository/Utils/Page_CNPM Danh sch thnh vin/input_Danh sch thnh vin_btn btn-secondary my-1' located by '//input[@value='Ghi danh người dùng']' not found
	at com.kms.katalon.core.webui.common.WebUiCommonHelper.findWebElement(WebUiCommonHelper.java:1368)
	at com.kms.katalon.core.webui.keyword.internal.WebUIAbstractKeyword.findWebElement(WebUIAbstractKeyword.groovy:27)
	at com.kms.katalon.core.webui.keyword.builtin.ClickKeyword$_click_closure1.doCall(ClickKeyword.groovy:65)
	at com.kms.katalon.core.webui.keyword.builtin.ClickKeyword$_click_closure1.call(ClickKeyword.groovy)
	at com.kms.katalon.core.webui.keyword.internal.WebUIKeywordMain.runKeyword(WebUIKeywordMain.groovy:20)
	... 38 more]]></system-err>
      </testcase>
      <testcase name="Test Cases/View course grade/Update grade with assignment" time="69.607" classname="Test Cases/View course grade/Update grade with assignment" status="FAILED">
         <failure type="FAILED" message="Test Cases/View course grade/Update grade with assignment FAILED.
Reason:
com.kms.katalon.core.exception.StepFailedException: Call Test Case 'Test Cases/Utils/Create course CNPM' failed
	at com.kms.katalon.core.keyword.builtin.CallTestCaseKeyword$_callTestCase_closure1.doCall(CallTestCaseKeyword.groovy:63)
	at com.kms.katalon.core.keyword.builtin.CallTestCaseKeyword$_callTestCase_closure1.call(CallTestCaseKeyword.groovy)
	at com.kms.katalon.core.keyword.internal.KeywordMain.runKeyword(KeywordMain.groovy:74)
	at com.kms.katalon.core.keyword.builtin.CallTestCaseKeyword.callTestCase(CallTestCaseKeyword.groovy:81)
	at com.kms.katalon.core.keyword.builtin.CallTestCaseKeyword.execute(CallTestCaseKeyword.groovy:44)
	at com.kms.katalon.core.keyword.internal.KeywordExecutor.executeKeywordForPlatform(KeywordExecutor.groovy:74)
	at com.kms.katalon.core.keyword.BuiltinKeywords.callTestCase(BuiltinKeywords.groovy:334)
	at Update grade with assignment.run(Update grade with assignment:24)
	at com.kms.katalon.core.main.ScriptEngine.run(ScriptEngine.java:194)
	at com.kms.katalon.core.main.ScriptEngine.runScriptAsRawText(ScriptEngine.java:119)
	at com.kms.katalon.core.main.TestCaseExecutor.runScript(TestCaseExecutor.java:442)
	at com.kms.katalon.core.main.TestCaseExecutor.doExecute(TestCaseExecutor.java:433)
	at com.kms.katalon.core.main.TestCaseExecutor.processExecutionPhase(TestCaseExecutor.java:412)
	at com.kms.katalon.core.main.TestCaseExecutor.accessMainPhase(TestCaseExecutor.java:404)
	at com.kms.katalon.core.main.TestCaseExecutor.execute(TestCaseExecutor.java:281)
	at com.kms.katalon.core.main.TestCaseExecutor.execute(TestCaseExecutor.java:363)
	at com.kms.katalon.core.main.TestCaseExecutor.execute(TestCaseExecutor.java:363)
	at com.kms.katalon.core.main.TestCaseExecutor.execute(TestCaseExecutor.java:363)
	at com.kms.katalon.core.main.TestSuiteExecutor.accessTestCaseMainPhase(TestSuiteExecutor.java:202)
	at com.kms.katalon.core.main.TestSuiteExecutor.accessTestSuiteMainPhase(TestSuiteExecutor.java:164)
	at com.kms.katalon.core.main.TestSuiteExecutor.execute(TestSuiteExecutor.java:105)
	at com.kms.katalon.core.main.TestCaseMain.startTestSuite(TestCaseMain.java:181)
	at com.kms.katalon.core.main.TestCaseMain$startTestSuite$0.call(Unknown Source)
	at TempTestSuite1642298356151.run(TempTestSuite1642298356151.groovy:36)
Caused by: com.kms.katalon.core.exception.StepFailedException: Unable to click on object 'Object Repository/Utils/Page_CNPM Danh sch thnh vin/input_Danh sch thnh vin_btn btn-secondary my-1'
	at com.kms.katalon.core.webui.keyword.internal.WebUIKeywordMain.stepFailed(WebUIKeywordMain.groovy:64)
	at com.kms.katalon.core.webui.keyword.internal.WebUIKeywordMain.runKeyword(WebUIKeywordMain.groovy:26)
	at com.kms.katalon.core.webui.keyword.builtin.ClickKeyword.click(ClickKeyword.groovy:74)
	at com.kms.katalon.core.webui.keyword.builtin.ClickKeyword.execute(ClickKeyword.groovy:40)
	at com.kms.katalon.core.keyword.internal.KeywordExecutor.executeKeywordForPlatform(KeywordExecutor.groovy:74)
	at com.kms.katalon.core.webui.keyword.WebUiBuiltInKeywords.click(WebUiBuiltInKeywords.groovy:620)
	at com.kms.katalon.core.webui.keyword.WebUiBuiltInKeywords$click$1.call(Unknown Source)
	at Create course CNPM.run(Create course CNPM:36)
	at com.kms.katalon.core.main.ScriptEngine.run(ScriptEngine.java:194)
	at com.kms.katalon.core.main.ScriptEngine.runScriptAsRawText(ScriptEngine.java:119)
	at com.kms.katalon.core.main.TestCaseExecutor.runScript(TestCaseExecutor.java:442)
	at com.kms.katalon.core.main.TestCaseExecutor.doExecute(TestCaseExecutor.java:433)
	at com.kms.katalon.core.main.TestCaseExecutor.processExecutionPhase(TestCaseExecutor.java:412)
	at com.kms.katalon.core.main.TestCaseExecutor.accessMainPhase(TestCaseExecutor.java:404)
	at com.kms.katalon.core.main.TestCaseExecutor.execute(TestCaseExecutor.java:281)
	at com.kms.katalon.core.main.TestCaseMain.runTestCase(TestCaseMain.java:138)
	at com.kms.katalon.core.keyword.builtin.CallTestCaseKeyword$_callTestCase_closure1.doCall(CallTestCaseKeyword.groovy:59)
	... 23 more
Caused by: com.kms.katalon.core.webui.exception.WebElementNotFoundException: Web element with id: 'Object Repository/Utils/Page_CNPM Danh sch thnh vin/input_Danh sch thnh vin_btn btn-secondary my-1' located by '//input[@value='Ghi danh người dùng']' not found
	at com.kms.katalon.core.webui.common.WebUiCommonHelper.findWebElement(WebUiCommonHelper.java:1368)
	at com.kms.katalon.core.webui.keyword.internal.WebUIAbstractKeyword.findWebElement(WebUIAbstractKeyword.groovy:27)
	at com.kms.katalon.core.webui.keyword.builtin.ClickKeyword$_click_closure1.doCall(ClickKeyword.groovy:65)
	at com.kms.katalon.core.webui.keyword.builtin.ClickKeyword$_click_closure1.call(ClickKeyword.groovy)
	at com.kms.katalon.core.webui.keyword.internal.WebUIKeywordMain.runKeyword(WebUIKeywordMain.groovy:20)
	... 38 more
"/>
         <system-out><![CDATA[2022-01-16 12:53:11 - [TEST_CASE][FAILED] - Test Cases/View course grade/Update grade with assignment: Test Cases/View course grade/Update grade with assignment FAILED.
Reason:
com.kms.katalon.core.exception.StepFailedException: Call Test Case 'Test Cases/Utils/Create course CNPM' failed
	at com.kms.katalon.core.keyword.builtin.CallTestCaseKeyword$_callTestCase_closure1.doCall(CallTestCaseKeyword.groovy:63)
	at com.kms.katalon.core.keyword.builtin.CallTestCaseKeyword$_callTestCase_closure1.call(CallTestCaseKeyword.groovy)
	at com.kms.katalon.core.keyword.internal.KeywordMain.runKeyword(KeywordMain.groovy:74)
	at com.kms.katalon.core.keyword.builtin.CallTestCaseKeyword.callTestCase(CallTestCaseKeyword.groovy:81)
	at com.kms.katalon.core.keyword.builtin.CallTestCaseKeyword.execute(CallTestCaseKeyword.groovy:44)
	at com.kms.katalon.core.keyword.internal.KeywordExecutor.executeKeywordForPlatform(KeywordExecutor.groovy:74)
	at com.kms.katalon.core.keyword.BuiltinKeywords.callTestCase(BuiltinKeywords.groovy:334)
	at Update grade with assignment.run(Update grade with assignment:24)
	at com.kms.katalon.core.main.ScriptEngine.run(ScriptEngine.java:194)
	at com.kms.katalon.core.main.ScriptEngine.runScriptAsRawText(ScriptEngine.java:119)
	at com.kms.katalon.core.main.TestCaseExecutor.runScript(TestCaseExecutor.java:442)
	at com.kms.katalon.core.main.TestCaseExecutor.doExecute(TestCaseExecutor.java:433)
	at com.kms.katalon.core.main.TestCaseExecutor.processExecutionPhase(TestCaseExecutor.java:412)
	at com.kms.katalon.core.main.TestCaseExecutor.accessMainPhase(TestCaseExecutor.java:404)
	at com.kms.katalon.core.main.TestCaseExecutor.execute(TestCaseExecutor.java:281)
	at com.kms.katalon.core.main.TestCaseExecutor.execute(TestCaseExecutor.java:363)
	at com.kms.katalon.core.main.TestCaseExecutor.execute(TestCaseExecutor.java:363)
	at com.kms.katalon.core.main.TestCaseExecutor.execute(TestCaseExecutor.java:363)
	at com.kms.katalon.core.main.TestSuiteExecutor.accessTestCaseMainPhase(TestSuiteExecutor.java:202)
	at com.kms.katalon.core.main.TestSuiteExecutor.accessTestSuiteMainPhase(TestSuiteExecutor.java:164)
	at com.kms.katalon.core.main.TestSuiteExecutor.execute(TestSuiteExecutor.java:105)
	at com.kms.katalon.core.main.TestCaseMain.startTestSuite(TestCaseMain.java:181)
	at com.kms.katalon.core.main.TestCaseMain$startTestSuite$0.call(Unknown Source)
	at TempTestSuite1642298356151.run(TempTestSuite1642298356151.groovy:36)
Caused by: com.kms.katalon.core.exception.StepFailedException: Unable to click on object 'Object Repository/Utils/Page_CNPM Danh sch thnh vin/input_Danh sch thnh vin_btn btn-secondary my-1'
	at com.kms.katalon.core.webui.keyword.internal.WebUIKeywordMain.stepFailed(WebUIKeywordMain.groovy:64)
	at com.kms.katalon.core.webui.keyword.internal.WebUIKeywordMain.runKeyword(WebUIKeywordMain.groovy:26)
	at com.kms.katalon.core.webui.keyword.builtin.ClickKeyword.click(ClickKeyword.groovy:74)
	at com.kms.katalon.core.webui.keyword.builtin.ClickKeyword.execute(ClickKeyword.groovy:40)
	at com.kms.katalon.core.keyword.internal.KeywordExecutor.executeKeywordForPlatform(KeywordExecutor.groovy:74)
	at com.kms.katalon.core.webui.keyword.WebUiBuiltInKeywords.click(WebUiBuiltInKeywords.groovy:620)
	at com.kms.katalon.core.webui.keyword.WebUiBuiltInKeywords$click$1.call(Unknown Source)
	at Create course CNPM.run(Create course CNPM:36)
	at com.kms.katalon.core.main.ScriptEngine.run(ScriptEngine.java:194)
	at com.kms.katalon.core.main.ScriptEngine.runScriptAsRawText(ScriptEngine.java:119)
	at com.kms.katalon.core.main.TestCaseExecutor.runScript(TestCaseExecutor.java:442)
	at com.kms.katalon.core.main.TestCaseExecutor.doExecute(TestCaseExecutor.java:433)
	at com.kms.katalon.core.main.TestCaseExecutor.processExecutionPhase(TestCaseExecutor.java:412)
	at com.kms.katalon.core.main.TestCaseExecutor.accessMainPhase(TestCaseExecutor.java:404)
	at com.kms.katalon.core.main.TestCaseExecutor.execute(TestCaseExecutor.java:281)
	at com.kms.katalon.core.main.TestCaseMain.runTestCase(TestCaseMain.java:138)
	at com.kms.katalon.core.keyword.builtin.CallTestCaseKeyword$_callTestCase_closure1.doCall(CallTestCaseKeyword.groovy:59)
	... 23 more
Caused by: com.kms.katalon.core.webui.exception.WebElementNotFoundException: Web element with id: 'Object Repository/Utils/Page_CNPM Danh sch thnh vin/input_Danh sch thnh vin_btn btn-secondary my-1' located by '//input[@value='Ghi danh người dùng']' not found
	at com.kms.katalon.core.webui.common.WebUiCommonHelper.findWebElement(WebUiCommonHelper.java:1368)
	at com.kms.katalon.core.webui.keyword.internal.WebUIAbstractKeyword.findWebElement(WebUIAbstractKeyword.groovy:27)
	at com.kms.katalon.core.webui.keyword.builtin.ClickKeyword$_click_closure1.doCall(ClickKeyword.groovy:65)
	at com.kms.katalon.core.webui.keyword.builtin.ClickKeyword$_click_closure1.call(ClickKeyword.groovy)
	at com.kms.katalon.core.webui.keyword.internal.WebUIKeywordMain.runKeyword(WebUIKeywordMain.groovy:20)
	... 38 more


2022-01-16 12:53:11 - [TEST_STEP][PASSED] - openBrowser(""): Browser is opened with url: ''

2022-01-16 12:53:11 - [MESSAGE][WARNING] - A browser is already opened. Closing browser and opening a new one

2022-01-16 12:53:11 - [MESSAGE][INFO] - Starting 'Edge Chromium' driver

2022-01-16 12:53:12 - [MESSAGE][INFO] - Action delay is set to 0 milliseconds

2022-01-16 12:53:14 - [MESSAGE][PASSED] - Browser is opened with url: ''

2022-01-16 12:53:14 - [TEST_STEP][PASSED] - navigateToUrl("http://localhost/"): Navigate to 'http://localhost/' successfully

2022-01-16 12:53:18 - [MESSAGE][PASSED] - Navigate to 'http://localhost/' successfully

2022-01-16 12:53:18 - [TEST_STEP][FAILED] - callTestCase(findTestCase("Utils/Create course CNPM"), [:], STOP_ON_FAILURE): Unable to call Test Case 'Test Cases/Utils/Create course CNPM' (Root cause: com.kms.katalon.core.exception.StepFailedException: Call Test Case 'Test Cases/Utils/Create course CNPM' failed
	at com.kms.katalon.core.keyword.builtin.CallTestCaseKeyword$_callTestCase_closure1.doCall(CallTestCaseKeyword.groovy:63)
	at com.kms.katalon.core.keyword.builtin.CallTestCaseKeyword$_callTestCase_closure1.call(CallTestCaseKeyword.groovy)
	at com.kms.katalon.core.keyword.internal.KeywordMain.runKeyword(KeywordMain.groovy:74)
	at com.kms.katalon.core.keyword.builtin.CallTestCaseKeyword.callTestCase(CallTestCaseKeyword.groovy:81)
	at com.kms.katalon.core.keyword.builtin.CallTestCaseKeyword.execute(CallTestCaseKeyword.groovy:44)
	at com.kms.katalon.core.keyword.internal.KeywordExecutor.executeKeywordForPlatform(KeywordExecutor.groovy:74)
	at com.kms.katalon.core.keyword.BuiltinKeywords.callTestCase(BuiltinKeywords.groovy:334)
	at Update grade with assignment.run(Update grade with assignment:24)
	at com.kms.katalon.core.main.ScriptEngine.run(ScriptEngine.java:194)
	at com.kms.katalon.core.main.ScriptEngine.runScriptAsRawText(ScriptEngine.java:119)
	at com.kms.katalon.core.main.TestCaseExecutor.runScript(TestCaseExecutor.java:442)
	at com.kms.katalon.core.main.TestCaseExecutor.doExecute(TestCaseExecutor.java:433)
	at com.kms.katalon.core.main.TestCaseExecutor.processExecutionPhase(TestCaseExecutor.java:412)
	at com.kms.katalon.core.main.TestCaseExecutor.accessMainPhase(TestCaseExecutor.java:404)
	at com.kms.katalon.core.main.TestCaseExecutor.execute(TestCaseExecutor.java:281)
	at com.kms.katalon.core.main.TestCaseExecutor.execute(TestCaseExecutor.java:363)
	at com.kms.katalon.core.main.TestCaseExecutor.execute(TestCaseExecutor.java:363)
	at com.kms.katalon.core.main.TestCaseExecutor.execute(TestCaseExecutor.java:363)
	at com.kms.katalon.core.main.TestSuiteExecutor.accessTestCaseMainPhase(TestSuiteExecutor.java:202)
	at com.kms.katalon.core.main.TestSuiteExecutor.accessTestSuiteMainPhase(TestSuiteExecutor.java:164)
	at com.kms.katalon.core.main.TestSuiteExecutor.execute(TestSuiteExecutor.java:105)
	at com.kms.katalon.core.main.TestCaseMain.startTestSuite(TestCaseMain.java:181)
	at com.kms.katalon.core.main.TestCaseMain$startTestSuite$0.call(Unknown Source)
	at TempTestSuite1642298356151.run(TempTestSuite1642298356151.groovy:36)
Caused by: com.kms.katalon.core.exception.StepFailedException: Unable to click on object 'Object Repository/Utils/Page_CNPM Danh sch thnh vin/input_Danh sch thnh vin_btn btn-secondary my-1'
	at com.kms.katalon.core.webui.keyword.internal.WebUIKeywordMain.stepFailed(WebUIKeywordMain.groovy:64)
	at com.kms.katalon.core.webui.keyword.internal.WebUIKeywordMain.runKeyword(WebUIKeywordMain.groovy:26)
	at com.kms.katalon.core.webui.keyword.builtin.ClickKeyword.click(ClickKeyword.groovy:74)
	at com.kms.katalon.core.webui.keyword.builtin.ClickKeyword.execute(ClickKeyword.groovy:40)
	at com.kms.katalon.core.keyword.internal.KeywordExecutor.executeKeywordForPlatform(KeywordExecutor.groovy:74)
	at com.kms.katalon.core.webui.keyword.WebUiBuiltInKeywords.click(WebUiBuiltInKeywords.groovy:620)
	at com.kms.katalon.core.webui.keyword.WebUiBuiltInKeywords$click$1.call(Unknown Source)
	at Create course CNPM.run(Create course CNPM:36)
	at com.kms.katalon.core.main.ScriptEngine.run(ScriptEngine.java:194)
	at com.kms.katalon.core.main.ScriptEngine.runScriptAsRawText(ScriptEngine.java:119)
	at com.kms.katalon.core.main.TestCaseExecutor.runScript(TestCaseExecutor.java:442)
	at com.kms.katalon.core.main.TestCaseExecutor.doExecute(TestCaseExecutor.java:433)
	at com.kms.katalon.core.main.TestCaseExecutor.processExecutionPhase(TestCaseExecutor.java:412)
	at com.kms.katalon.core.main.TestCaseExecutor.accessMainPhase(TestCaseExecutor.java:404)
	at com.kms.katalon.core.main.TestCaseExecutor.execute(TestCaseExecutor.java:281)
	at com.kms.katalon.core.main.TestCaseMain.runTestCase(TestCaseMain.java:138)
	at com.kms.katalon.core.keyword.builtin.CallTestCaseKeyword$_callTestCase_closure1.doCall(CallTestCaseKeyword.groovy:59)
	... 23 more
Caused by: com.kms.katalon.core.webui.exception.WebElementNotFoundException: Web element with id: 'Object Repository/Utils/Page_CNPM Danh sch thnh vin/input_Danh sch thnh vin_btn btn-secondary my-1' located by '//input[@value='Ghi danh người dùng']' not found
	at com.kms.katalon.core.webui.common.WebUiCommonHelper.findWebElement(WebUiCommonHelper.java:1368)
	at com.kms.katalon.core.webui.keyword.internal.WebUIAbstractKeyword.findWebElement(WebUIAbstractKeyword.groovy:27)
	at com.kms.katalon.core.webui.keyword.builtin.ClickKeyword$_click_closure1.doCall(ClickKeyword.groovy:65)
	at com.kms.katalon.core.webui.keyword.builtin.ClickKeyword$_click_closure1.call(ClickKeyword.groovy)
	at com.kms.katalon.core.webui.keyword.internal.WebUIKeywordMain.runKeyword(WebUIKeywordMain.groovy:20)
	... 38 more
)

2022-01-16 12:53:18 - [TEST_CASE][FAILED] - Test Cases/Utils/Create course CNPM: Test Cases/Utils/Create course CNPM FAILED.
Reason:
com.kms.katalon.core.exception.StepFailedException: Unable to click on object 'Object Repository/Utils/Page_CNPM Danh sch thnh vin/input_Danh sch thnh vin_btn btn-secondary my-1'
	at com.kms.katalon.core.webui.keyword.internal.WebUIKeywordMain.stepFailed(WebUIKeywordMain.groovy:64)
	at com.kms.katalon.core.webui.keyword.internal.WebUIKeywordMain.runKeyword(WebUIKeywordMain.groovy:26)
	at com.kms.katalon.core.webui.keyword.builtin.ClickKeyword.click(ClickKeyword.groovy:74)
	at com.kms.katalon.core.webui.keyword.builtin.ClickKeyword.execute(ClickKeyword.groovy:40)
	at com.kms.katalon.core.keyword.internal.KeywordExecutor.executeKeywordForPlatform(KeywordExecutor.groovy:74)
	at com.kms.katalon.core.webui.keyword.WebUiBuiltInKeywords.click(WebUiBuiltInKeywords.groovy:620)
	at com.kms.katalon.core.webui.keyword.WebUiBuiltInKeywords$click$1.call(Unknown Source)
	at Create course CNPM.run(Create course CNPM:36)
	at com.kms.katalon.core.main.ScriptEngine.run(ScriptEngine.java:194)
	at com.kms.katalon.core.main.ScriptEngine.runScriptAsRawText(ScriptEngine.java:119)
	at com.kms.katalon.core.main.TestCaseExecutor.runScript(TestCaseExecutor.java:442)
	at com.kms.katalon.core.main.TestCaseExecutor.doExecute(TestCaseExecutor.java:433)
	at com.kms.katalon.core.main.TestCaseExecutor.processExecutionPhase(TestCaseExecutor.java:412)
	at com.kms.katalon.core.main.TestCaseExecutor.accessMainPhase(TestCaseExecutor.java:404)
	at com.kms.katalon.core.main.TestCaseExecutor.execute(TestCaseExecutor.java:281)
	at com.kms.katalon.core.main.TestCaseMain.runTestCase(TestCaseMain.java:138)
	at com.kms.katalon.core.keyword.builtin.CallTestCaseKeyword$_callTestCase_closure1.doCall(CallTestCaseKeyword.groovy:59)
	at com.kms.katalon.core.keyword.builtin.CallTestCaseKeyword$_callTestCase_closure1.call(CallTestCaseKeyword.groovy)
	at com.kms.katalon.core.keyword.internal.KeywordMain.runKeyword(KeywordMain.groovy:74)
	at com.kms.katalon.core.keyword.builtin.CallTestCaseKeyword.callTestCase(CallTestCaseKeyword.groovy:81)
	at com.kms.katalon.core.keyword.builtin.CallTestCaseKeyword.execute(CallTestCaseKeyword.groovy:44)
	at com.kms.katalon.core.keyword.internal.KeywordExecutor.executeKeywordForPlatform(KeywordExecutor.groovy:74)
	at com.kms.katalon.core.keyword.BuiltinKeywords.callTestCase(BuiltinKeywords.groovy:334)
	at Update grade with assignment.run(Update grade with assignment:24)
	at com.kms.katalon.core.main.ScriptEngine.run(ScriptEngine.java:194)
	at com.kms.katalon.core.main.ScriptEngine.runScriptAsRawText(ScriptEngine.java:119)
	at com.kms.katalon.core.main.TestCaseExecutor.runScript(TestCaseExecutor.java:442)
	at com.kms.katalon.core.main.TestCaseExecutor.doExecute(TestCaseExecutor.java:433)
	at com.kms.katalon.core.main.TestCaseExecutor.processExecutionPhase(TestCaseExecutor.java:412)
	at com.kms.katalon.core.main.TestCaseExecutor.accessMainPhase(TestCaseExecutor.java:404)
	at com.kms.katalon.core.main.TestCaseExecutor.execute(TestCaseExecutor.java:281)
	at com.kms.katalon.core.main.TestCaseExecutor.execute(TestCaseExecutor.java:363)
	at com.kms.katalon.core.main.TestCaseExecutor.execute(TestCaseExecutor.java:363)
	at com.kms.katalon.core.main.TestCaseExecutor.execute(TestCaseExecutor.java:363)
	at com.kms.katalon.core.main.TestSuiteExecutor.accessTestCaseMainPhase(TestSuiteExecutor.java:202)
	at com.kms.katalon.core.main.TestSuiteExecutor.accessTestSuiteMainPhase(TestSuiteExecutor.java:164)
	at com.kms.katalon.core.main.TestSuiteExecutor.execute(TestSuiteExecutor.java:105)
	at com.kms.katalon.core.main.TestCaseMain.startTestSuite(TestCaseMain.java:181)
	at com.kms.katalon.core.main.TestCaseMain$startTestSuite$0.call(Unknown Source)
	at TempTestSuite1642298356151.run(TempTestSuite1642298356151.groovy:36)
Caused by: com.kms.katalon.core.webui.exception.WebElementNotFoundException: Web element with id: 'Object Repository/Utils/Page_CNPM Danh sch thnh vin/input_Danh sch thnh vin_btn btn-secondary my-1' located by '//input[@value='Ghi danh người dùng']' not found
	at com.kms.katalon.core.webui.common.WebUiCommonHelper.findWebElement(WebUiCommonHelper.java:1368)
	at com.kms.katalon.core.webui.keyword.internal.WebUIAbstractKeyword.findWebElement(WebUIAbstractKeyword.groovy:27)
	at com.kms.katalon.core.webui.keyword.builtin.ClickKeyword$_click_closure1.doCall(ClickKeyword.groovy:65)
	at com.kms.katalon.core.webui.keyword.builtin.ClickKeyword$_click_closure1.call(ClickKeyword.groovy)
	at com.kms.katalon.core.webui.keyword.internal.WebUIKeywordMain.runKeyword(WebUIKeywordMain.groovy:20)
	... 38 more


2022-01-16 12:53:18 - [TEST_STEP][PASSED] - callTestCase(findTestCase("Utils/Login as admin"), [:], STOP_ON_FAILURE): Call Test Case 'Test Cases/Utils/Login as admin' successfully

2022-01-16 12:53:19 - [TEST_CASE][PASSED] - Test Cases/Utils/Login as admin: Test Cases/Utils/Login as admin

2022-01-16 12:53:19 - [TEST_STEP][PASSED] - click(findTestObject("View course grade/Page_Local Moodle/a_Log in")): Object: 'Object Repository/View course grade/Page_Local Moodle/a_Log in' is clicked on

2022-01-16 12:53:19 - [MESSAGE][PASSED] - Object: 'Object Repository/View course grade/Page_Local Moodle/a_Log in' is clicked on

2022-01-16 12:53:19 - [TEST_STEP][PASSED] - setText(findTestObject("View course grade/Page_Local Moodle Log in to the site/input_Username_username"), "admin"): Text 'admin' is set on object 'Object Repository/View course grade/Page_Local Moodle Log in to the site/input_Username_username'

2022-01-16 12:53:20 - [MESSAGE][PASSED] - Text 'admin' is set on object 'Object Repository/View course grade/Page_Local Moodle Log in to the site/input_Username_username'

2022-01-16 12:53:20 - [TEST_STEP][PASSED] - setEncryptedText(findTestObject("View course grade/Page_Local Moodle Log in to the site/input_Password_password"), "bfAykA/oWJ09FXmiKh6lyuuLu8QhG1K5"): Text ****** has been set on object 'Object Repository/View course grade/Page_Local Moodle Log in to the site/input_Password_password'

2022-01-16 12:53:20 - [MESSAGE][PASSED] - Text ****** has been set on object 'Object Repository/View course grade/Page_Local Moodle Log in to the site/input_Password_password'

2022-01-16 12:53:20 - [TEST_STEP][PASSED] - click(findTestObject("View course grade/Page_Local Moodle Log in to the site/button_Log in")): Object: 'Object Repository/View course grade/Page_Local Moodle Log in to the site/button_Log in' is clicked on

2022-01-16 12:53:22 - [MESSAGE][PASSED] - Object: 'Object Repository/View course grade/Page_Local Moodle Log in to the site/button_Log in' is clicked on

2022-01-16 12:53:22 - [MESSAGE][PASSED] - Call Test Case 'Test Cases/Utils/Login as admin' successfully

2022-01-16 12:53:22 - [TEST_STEP][PASSED] - click(findTestObject("Object Repository/Utils/Page_Nh ca ti/span_Qun tr khu vc")): Object: 'Object Repository/Utils/Page_Nh ca ti/span_Qun tr khu vc' is clicked on

2022-01-16 12:53:27 - [MESSAGE][PASSED] - Object: 'Object Repository/Utils/Page_Nh ca ti/span_Qun tr khu vc' is clicked on

2022-01-16 12:53:27 - [TEST_STEP][PASSED] - click(findTestObject("Object Repository/Utils/Page_Moodle Khu vc qun tr Tm kim/a_Kho hc")): Object: 'Object Repository/Utils/Page_Moodle Khu vc qun tr Tm kim/a_Kho hc' is clicked on

2022-01-16 12:53:27 - [MESSAGE][PASSED] - Object: 'Object Repository/Utils/Page_Moodle Khu vc qun tr Tm kim/a_Kho hc' is clicked on

2022-01-16 12:53:27 - [TEST_STEP][PASSED] - click(findTestObject("Object Repository/Utils/Page_Moodle Khu vc qun tr Tm kim/a_Thmsa cc kho hc")): Object: 'Object Repository/Utils/Page_Moodle Khu vc qun tr Tm kim/a_Thmsa cc kho hc' is clicked on

2022-01-16 12:53:28 - [MESSAGE][PASSED] - Object: 'Object Repository/Utils/Page_Moodle Khu vc qun tr Tm kim/a_Thmsa cc kho hc' is clicked on

2022-01-16 12:53:28 - [TEST_STEP][PASSED] - click(findTestObject("Object Repository/Utils/Page_Qun l kha hc v danh mc kha hc/a_To kha hc mi")): Object: 'Object Repository/Utils/Page_Qun l kha hc v danh mc kha hc/a_To kha hc mi' is clicked on

2022-01-16 12:53:36 - [MESSAGE][INFO] - Unable to find the element located by 'By.xpath: //div[@id='yui_3_17_2_1_1641906891631_57']/div/div/a'. Please recheck the objects properties to make sure the desired element is located. 

2022-01-16 12:53:36 - [MESSAGE][WARNING] - [SELF-HEALING] Failed to find element with id 'Object Repository/Utils/Page_Qun l kha hc v danh mc kha hc/a_To kha hc mi'. Try using Self-healing.

2022-01-16 12:53:38 - [MESSAGE][WARNING] - [SELF-HEALING] The current locator of test object 'Object Repository/Utils/Page_Qun l kha hc v danh mc kha hc/a_To kha hc mi' was broken. Propose an alternative one: '//a[contains(text(),'Tạo khóa học mới')]'.

2022-01-16 12:53:49 - [MESSAGE][PASSED] - Object: 'Object Repository/Utils/Page_Qun l kha hc v danh mc kha hc/a_To kha hc mi' is clicked on

2022-01-16 12:53:49 - [TEST_STEP][PASSED] - setText(findTestObject("Object Repository/Utils/Page_Moodle Thm kho hc mi/input_Tn y_fullname"), "Nhập môn Công nghệ phần mềm"): Text 'Nhập môn Công nghệ phần mềm' is set on object 'Object Repository/Utils/Page_Moodle Thm kho hc mi/input_Tn y_fullname'

2022-01-16 12:53:56 - [MESSAGE][PASSED] - Text 'Nhập môn Công nghệ phần mềm' is set on object 'Object Repository/Utils/Page_Moodle Thm kho hc mi/input_Tn y_fullname'

2022-01-16 12:53:56 - [TEST_STEP][PASSED] - setText(findTestObject("Object Repository/Utils/Page_Moodle Thm kho hc mi/input_Tn rt gn ca kho hc_shortname"), "CNPM"): Text 'CNPM' is set on object 'Object Repository/Utils/Page_Moodle Thm kho hc mi/input_Tn rt gn ca kho hc_shortname'

2022-01-16 12:54:00 - [MESSAGE][PASSED] - Text 'CNPM' is set on object 'Object Repository/Utils/Page_Moodle Thm kho hc mi/input_Tn rt gn ca kho hc_shortname'

2022-01-16 12:54:00 - [TEST_STEP][PASSED] - click(findTestObject("Object Repository/Utils/Page_Moodle Thm kho hc mi/input__saveanddisplay")): Object: 'Object Repository/Utils/Page_Moodle Thm kho hc mi/input__saveanddisplay' is clicked on

2022-01-16 12:54:03 - [MESSAGE][PASSED] - Object: 'Object Repository/Utils/Page_Moodle Thm kho hc mi/input__saveanddisplay' is clicked on

2022-01-16 12:54:03 - [TEST_STEP][FAILED] - click(findTestObject("Object Repository/Utils/Page_CNPM Danh sch thnh vin/input_Danh sch thnh vin_btn btn-secondary my-1")): Unable to click on object 'Object Repository/Utils/Page_CNPM Danh sch thnh vin/input_Danh sch thnh vin_btn btn-secondary my-1' (Root cause: com.kms.katalon.core.exception.StepFailedException: Unable to click on object 'Object Repository/Utils/Page_CNPM Danh sch thnh vin/input_Danh sch thnh vin_btn btn-secondary my-1'
	at com.kms.katalon.core.webui.keyword.internal.WebUIKeywordMain.stepFailed(WebUIKeywordMain.groovy:64)
	at com.kms.katalon.core.webui.keyword.internal.WebUIKeywordMain.runKeyword(WebUIKeywordMain.groovy:26)
	at com.kms.katalon.core.webui.keyword.builtin.ClickKeyword.click(ClickKeyword.groovy:74)
	at com.kms.katalon.core.webui.keyword.builtin.ClickKeyword.execute(ClickKeyword.groovy:40)
	at com.kms.katalon.core.keyword.internal.KeywordExecutor.executeKeywordForPlatform(KeywordExecutor.groovy:74)
	at com.kms.katalon.core.webui.keyword.WebUiBuiltInKeywords.click(WebUiBuiltInKeywords.groovy:620)
	at com.kms.katalon.core.webui.keyword.WebUiBuiltInKeywords$click$1.call(Unknown Source)
	at Create course CNPM.run(Create course CNPM:36)
	at com.kms.katalon.core.main.ScriptEngine.run(ScriptEngine.java:194)
	at com.kms.katalon.core.main.ScriptEngine.runScriptAsRawText(ScriptEngine.java:119)
	at com.kms.katalon.core.main.TestCaseExecutor.runScript(TestCaseExecutor.java:442)
	at com.kms.katalon.core.main.TestCaseExecutor.doExecute(TestCaseExecutor.java:433)
	at com.kms.katalon.core.main.TestCaseExecutor.processExecutionPhase(TestCaseExecutor.java:412)
	at com.kms.katalon.core.main.TestCaseExecutor.accessMainPhase(TestCaseExecutor.java:404)
	at com.kms.katalon.core.main.TestCaseExecutor.execute(TestCaseExecutor.java:281)
	at com.kms.katalon.core.main.TestCaseMain.runTestCase(TestCaseMain.java:138)
	at com.kms.katalon.core.keyword.builtin.CallTestCaseKeyword$_callTestCase_closure1.doCall(CallTestCaseKeyword.groovy:59)
	at com.kms.katalon.core.keyword.builtin.CallTestCaseKeyword$_callTestCase_closure1.call(CallTestCaseKeyword.groovy)
	at com.kms.katalon.core.keyword.internal.KeywordMain.runKeyword(KeywordMain.groovy:74)
	at com.kms.katalon.core.keyword.builtin.CallTestCaseKeyword.callTestCase(CallTestCaseKeyword.groovy:81)
	at com.kms.katalon.core.keyword.builtin.CallTestCaseKeyword.execute(CallTestCaseKeyword.groovy:44)
	at com.kms.katalon.core.keyword.internal.KeywordExecutor.executeKeywordForPlatform(KeywordExecutor.groovy:74)
	at com.kms.katalon.core.keyword.BuiltinKeywords.callTestCase(BuiltinKeywords.groovy:334)
	at Update grade with assignment.run(Update grade with assignment:24)
	at com.kms.katalon.core.main.ScriptEngine.run(ScriptEngine.java:194)
	at com.kms.katalon.core.main.ScriptEngine.runScriptAsRawText(ScriptEngine.java:119)
	at com.kms.katalon.core.main.TestCaseExecutor.runScript(TestCaseExecutor.java:442)
	at com.kms.katalon.core.main.TestCaseExecutor.doExecute(TestCaseExecutor.java:433)
	at com.kms.katalon.core.main.TestCaseExecutor.processExecutionPhase(TestCaseExecutor.java:412)
	at com.kms.katalon.core.main.TestCaseExecutor.accessMainPhase(TestCaseExecutor.java:404)
	at com.kms.katalon.core.main.TestCaseExecutor.execute(TestCaseExecutor.java:281)
	at com.kms.katalon.core.main.TestCaseExecutor.execute(TestCaseExecutor.java:363)
	at com.kms.katalon.core.main.TestCaseExecutor.execute(TestCaseExecutor.java:363)
	at com.kms.katalon.core.main.TestCaseExecutor.execute(TestCaseExecutor.java:363)
	at com.kms.katalon.core.main.TestSuiteExecutor.accessTestCaseMainPhase(TestSuiteExecutor.java:202)
	at com.kms.katalon.core.main.TestSuiteExecutor.accessTestSuiteMainPhase(TestSuiteExecutor.java:164)
	at com.kms.katalon.core.main.TestSuiteExecutor.execute(TestSuiteExecutor.java:105)
	at com.kms.katalon.core.main.TestCaseMain.startTestSuite(TestCaseMain.java:181)
	at com.kms.katalon.core.main.TestCaseMain$startTestSuite$0.call(Unknown Source)
	at TempTestSuite1642298356151.run(TempTestSuite1642298356151.groovy:36)
Caused by: com.kms.katalon.core.webui.exception.WebElementNotFoundException: Web element with id: 'Object Repository/Utils/Page_CNPM Danh sch thnh vin/input_Danh sch thnh vin_btn btn-secondary my-1' located by '//input[@value='Ghi danh người dùng']' not found
	at com.kms.katalon.core.webui.common.WebUiCommonHelper.findWebElement(WebUiCommonHelper.java:1368)
	at com.kms.katalon.core.webui.keyword.internal.WebUIAbstractKeyword.findWebElement(WebUIAbstractKeyword.groovy:27)
	at com.kms.katalon.core.webui.keyword.builtin.ClickKeyword$_click_closure1.doCall(ClickKeyword.groovy:65)
	at com.kms.katalon.core.webui.keyword.builtin.ClickKeyword$_click_closure1.call(ClickKeyword.groovy)
	at com.kms.katalon.core.webui.keyword.internal.WebUIKeywordMain.runKeyword(WebUIKeywordMain.groovy:20)
	at com.kms.katalon.core.webui.keyword.builtin.ClickKeyword.click(ClickKeyword.groovy:74)
	at com.kms.katalon.core.webui.keyword.builtin.ClickKeyword.execute(ClickKeyword.groovy:40)
	at com.kms.katalon.core.keyword.internal.KeywordExecutor.executeKeywordForPlatform(KeywordExecutor.groovy:74)
	at com.kms.katalon.core.webui.keyword.WebUiBuiltInKeywords.click(WebUiBuiltInKeywords.groovy:620)
	at com.kms.katalon.core.webui.keyword.WebUiBuiltInKeywords$click$1.call(Unknown Source)
	at Script1641906761787.run(Script1641906761787.groovy:36)
	at com.kms.katalon.core.main.ScriptEngine.run(ScriptEngine.java:194)
	at com.kms.katalon.core.main.ScriptEngine.runScriptAsRawText(ScriptEngine.java:119)
	at com.kms.katalon.core.main.TestCaseExecutor.runScript(TestCaseExecutor.java:442)
	at com.kms.katalon.core.main.TestCaseExecutor.doExecute(TestCaseExecutor.java:433)
	at com.kms.katalon.core.main.TestCaseExecutor.processExecutionPhase(TestCaseExecutor.java:412)
	at com.kms.katalon.core.main.TestCaseExecutor.accessMainPhase(TestCaseExecutor.java:404)
	at com.kms.katalon.core.main.TestCaseExecutor.execute(TestCaseExecutor.java:281)
	at com.kms.katalon.core.main.TestCaseMain.runTestCase(TestCaseMain.java:138)
	at com.kms.katalon.core.keyword.builtin.CallTestCaseKeyword$_callTestCase_closure1.doCall(CallTestCaseKeyword.groovy:59)
	at com.kms.katalon.core.keyword.builtin.CallTestCaseKeyword$_callTestCase_closure1.call(CallTestCaseKeyword.groovy)
	at com.kms.katalon.core.keyword.internal.KeywordMain.runKeyword(KeywordMain.groovy:74)
	at com.kms.katalon.core.keyword.builtin.CallTestCaseKeyword.callTestCase(CallTestCaseKeyword.groovy:81)
	at com.kms.katalon.core.keyword.builtin.CallTestCaseKeyword.execute(CallTestCaseKeyword.groovy:44)
	at com.kms.katalon.core.keyword.internal.KeywordExecutor.executeKeywordForPlatform(KeywordExecutor.groovy:74)
	at com.kms.katalon.core.keyword.BuiltinKeywords.callTestCase(BuiltinKeywords.groovy:334)
	at Script1641912770837.run(Script1641912770837.groovy:24)
	... 16 more
)

2022-01-16 12:54:09 - [MESSAGE][INFO] - Unable to find the element located by 'By.xpath: //input[@value='Ghi danh người dùng']'. Please recheck the objects properties to make sure the desired element is located. 

2022-01-16 12:54:09 - [MESSAGE][WARNING] - [SELF-HEALING] Failed to find element with id 'Object Repository/Utils/Page_CNPM Danh sch thnh vin/input_Danh sch thnh vin_btn btn-secondary my-1'. Try using Self-healing.

2022-01-16 12:54:11 - [MESSAGE][INFO] - [SELF-HEALING] Failed Locator: '//input[@value='Ghi danh người dùng']'.

2022-01-16 12:54:13 - [MESSAGE][INFO] - [SELF-HEALING] Failed Locator: '//form[@id='enrolusersbutton-1']/div/input'.

2022-01-16 12:54:15 - [MESSAGE][INFO] - [SELF-HEALING] Working Locator: '//input'.

2022-01-16 12:54:15 - [MESSAGE][ERROR] - [SELF-HEALING] Cannot save screenshot to: E:\xampp\htdocs\moodle\Test Automation - SE Bonus\Reports\Self-healing, reason: unknown error: unhandled inspector error: {"code":-32000,"message":"Cannot take screenshot with 0 width."}
  (Session info: MicrosoftEdge=97.0.1072.62)
Build info: version: '3.141.59', revision: 'e82be7d358', time: '2018-11-14T08:25:53'
System info: host: 'LAPTOP-DKU7IQF9', ip: '192.168.1.5', os.name: 'Windows 10', os.arch: 'amd64', os.version: '10.0', java.version: '1.8.0_282'
Driver info: com.kms.katalon.selenium.driver.CEdgeDriver
Capabilities {acceptInsecureCerts: false, browserName: msedge, browserVersion: 97.0.1072.62, javascriptEnabled: true, ms:edgeOptions: {debuggerAddress: localhost:61403}, msedge: {msedgedriverVersion: 97.0.1072.55 (ce3bf33648805..., userDataDir: C:\Users\ninhh\AppData\Loca...}, networkConnectionEnabled: false, pageLoadStrategy: normal, platform: WINDOWS, platformName: WINDOWS, proxy: Proxy(), setWindowRect: true, strictFileInteractability: false, timeouts: {implicit: 0, pageLoad: 300000, script: 30000}, unhandledPromptBehavior: dismiss and notify, webauthn:extension:credBlob: true, webauthn:extension:largeBlob: true, webauthn:virtualAuthenticators: true}
Session ID: 39c4f0547a56e1ef0043d068761db568.

2022-01-16 12:54:15 - [MESSAGE][ERROR] - [SELF-HEALING] Cannot save screenshot to: E:\xampp\htdocs\moodle\Test Automation - SE Bonus\Reports\Self-healing, reason: unknown error: unhandled inspector error: {"code":-32000,"message":"Cannot take screenshot with 0 width."}
  (Session info: MicrosoftEdge=97.0.1072.62)
Build info: version: '3.141.59', revision: 'e82be7d358', time: '2018-11-14T08:25:53'
System info: host: 'LAPTOP-DKU7IQF9', ip: '192.168.1.5', os.name: 'Windows 10', os.arch: 'amd64', os.version: '10.0', java.version: '1.8.0_282'
Driver info: com.kms.katalon.selenium.driver.CEdgeDriver
Capabilities {acceptInsecureCerts: false, browserName: msedge, browserVersion: 97.0.1072.62, javascriptEnabled: true, ms:edgeOptions: {debuggerAddress: localhost:61403}, msedge: {msedgedriverVersion: 97.0.1072.55 (ce3bf33648805..., userDataDir: C:\Users\ninhh\AppData\Loca...}, networkConnectionEnabled: false, pageLoadStrategy: normal, platform: WINDOWS, platformName: WINDOWS, proxy: Proxy(), setWindowRect: true, strictFileInteractability: false, timeouts: {implicit: 0, pageLoad: 300000, script: 30000}, unhandledPromptBehavior: dismiss and notify, webauthn:extension:credBlob: true, webauthn:extension:largeBlob: true, webauthn:virtualAuthenticators: true}
Session ID: 39c4f0547a56e1ef0043d068761db568.

2022-01-16 12:54:15 - [MESSAGE][WARNING] - [SELF-HEALING] 'other' is different type of Path

2022-01-16 12:54:16 - [MESSAGE][ERROR] - [SELF-HEALING] Cannot save screenshot to: E:\xampp\htdocs\moodle\Test Automation - SE Bonus\Reports\Self-healing, reason: unknown error: unhandled inspector error: {"code":-32000,"message":"Cannot take screenshot with 0 width."}
  (Session info: MicrosoftEdge=97.0.1072.62)
Build info: version: '3.141.59', revision: 'e82be7d358', time: '2018-11-14T08:25:53'
System info: host: 'LAPTOP-DKU7IQF9', ip: '192.168.1.5', os.name: 'Windows 10', os.arch: 'amd64', os.version: '10.0', java.version: '1.8.0_282'
Driver info: com.kms.katalon.selenium.driver.CEdgeDriver
Capabilities {acceptInsecureCerts: false, browserName: msedge, browserVersion: 97.0.1072.62, javascriptEnabled: true, ms:edgeOptions: {debuggerAddress: localhost:61403}, msedge: {msedgedriverVersion: 97.0.1072.55 (ce3bf33648805..., userDataDir: C:\Users\ninhh\AppData\Loca...}, networkConnectionEnabled: false, pageLoadStrategy: normal, platform: WINDOWS, platformName: WINDOWS, proxy: Proxy(), setWindowRect: true, strictFileInteractability: false, timeouts: {implicit: 0, pageLoad: 300000, script: 30000}, unhandledPromptBehavior: dismiss and notify, webauthn:extension:credBlob: true, webauthn:extension:largeBlob: true, webauthn:virtualAuthenticators: true}
Session ID: 39c4f0547a56e1ef0043d068761db568.

2022-01-16 12:54:16 - [MESSAGE][WARNING] - [SELF-HEALING] 'other' is different type of Path

2022-01-16 12:54:17 - [MESSAGE][INFO] - Unable to find the element located by 'By.cssSelector: input.btn.btn-secondary.my-1'. Please recheck the objects properties to make sure the desired element is located. 

2022-01-16 12:54:20 - [MESSAGE][FAILED] - Unable to click on object 'Object Repository/Utils/Page_CNPM Danh sch thnh vin/input_Danh sch thnh vin_btn btn-secondary my-1' (Root cause: com.kms.katalon.core.exception.StepFailedException: Unable to click on object 'Object Repository/Utils/Page_CNPM Danh sch thnh vin/input_Danh sch thnh vin_btn btn-secondary my-1'
	at com.kms.katalon.core.webui.keyword.internal.WebUIKeywordMain.stepFailed(WebUIKeywordMain.groovy:64)
	at com.kms.katalon.core.webui.keyword.internal.WebUIKeywordMain.runKeyword(WebUIKeywordMain.groovy:26)
	at com.kms.katalon.core.webui.keyword.builtin.ClickKeyword.click(ClickKeyword.groovy:74)
	at com.kms.katalon.core.webui.keyword.builtin.ClickKeyword.execute(ClickKeyword.groovy:40)
	at com.kms.katalon.core.keyword.internal.KeywordExecutor.executeKeywordForPlatform(KeywordExecutor.groovy:74)
	at com.kms.katalon.core.webui.keyword.WebUiBuiltInKeywords.click(WebUiBuiltInKeywords.groovy:620)
	at com.kms.katalon.core.webui.keyword.WebUiBuiltInKeywords$click$1.call(Unknown Source)
	at Create course CNPM.run(Create course CNPM:36)
	at com.kms.katalon.core.main.ScriptEngine.run(ScriptEngine.java:194)
	at com.kms.katalon.core.main.ScriptEngine.runScriptAsRawText(ScriptEngine.java:119)
	at com.kms.katalon.core.main.TestCaseExecutor.runScript(TestCaseExecutor.java:442)
	at com.kms.katalon.core.main.TestCaseExecutor.doExecute(TestCaseExecutor.java:433)
	at com.kms.katalon.core.main.TestCaseExecutor.processExecutionPhase(TestCaseExecutor.java:412)
	at com.kms.katalon.core.main.TestCaseExecutor.accessMainPhase(TestCaseExecutor.java:404)
	at com.kms.katalon.core.main.TestCaseExecutor.execute(TestCaseExecutor.java:281)
	at com.kms.katalon.core.main.TestCaseMain.runTestCase(TestCaseMain.java:138)
	at com.kms.katalon.core.keyword.builtin.CallTestCaseKeyword$_callTestCase_closure1.doCall(CallTestCaseKeyword.groovy:59)
	at com.kms.katalon.core.keyword.builtin.CallTestCaseKeyword$_callTestCase_closure1.call(CallTestCaseKeyword.groovy)
	at com.kms.katalon.core.keyword.internal.KeywordMain.runKeyword(KeywordMain.groovy:74)
	at com.kms.katalon.core.keyword.builtin.CallTestCaseKeyword.callTestCase(CallTestCaseKeyword.groovy:81)
	at com.kms.katalon.core.keyword.builtin.CallTestCaseKeyword.execute(CallTestCaseKeyword.groovy:44)
	at com.kms.katalon.core.keyword.internal.KeywordExecutor.executeKeywordForPlatform(KeywordExecutor.groovy:74)
	at com.kms.katalon.core.keyword.BuiltinKeywords.callTestCase(BuiltinKeywords.groovy:334)
	at Update grade with assignment.run(Update grade with assignment:24)
	at com.kms.katalon.core.main.ScriptEngine.run(ScriptEngine.java:194)
	at com.kms.katalon.core.main.ScriptEngine.runScriptAsRawText(ScriptEngine.java:119)
	at com.kms.katalon.core.main.TestCaseExecutor.runScript(TestCaseExecutor.java:442)
	at com.kms.katalon.core.main.TestCaseExecutor.doExecute(TestCaseExecutor.java:433)
	at com.kms.katalon.core.main.TestCaseExecutor.processExecutionPhase(TestCaseExecutor.java:412)
	at com.kms.katalon.core.main.TestCaseExecutor.accessMainPhase(TestCaseExecutor.java:404)
	at com.kms.katalon.core.main.TestCaseExecutor.execute(TestCaseExecutor.java:281)
	at com.kms.katalon.core.main.TestCaseExecutor.execute(TestCaseExecutor.java:363)
	at com.kms.katalon.core.main.TestCaseExecutor.execute(TestCaseExecutor.java:363)
	at com.kms.katalon.core.main.TestCaseExecutor.execute(TestCaseExecutor.java:363)
	at com.kms.katalon.core.main.TestSuiteExecutor.accessTestCaseMainPhase(TestSuiteExecutor.java:202)
	at com.kms.katalon.core.main.TestSuiteExecutor.accessTestSuiteMainPhase(TestSuiteExecutor.java:164)
	at com.kms.katalon.core.main.TestSuiteExecutor.execute(TestSuiteExecutor.java:105)
	at com.kms.katalon.core.main.TestCaseMain.startTestSuite(TestCaseMain.java:181)
	at com.kms.katalon.core.main.TestCaseMain$startTestSuite$0.call(Unknown Source)
	at TempTestSuite1642298356151.run(TempTestSuite1642298356151.groovy:36)
Caused by: com.kms.katalon.core.webui.exception.WebElementNotFoundException: Web element with id: 'Object Repository/Utils/Page_CNPM Danh sch thnh vin/input_Danh sch thnh vin_btn btn-secondary my-1' located by '//input[@value='Ghi danh người dùng']' not found
	at com.kms.katalon.core.webui.common.WebUiCommonHelper.findWebElement(WebUiCommonHelper.java:1368)
	at com.kms.katalon.core.webui.keyword.internal.WebUIAbstractKeyword.findWebElement(WebUIAbstractKeyword.groovy:27)
	at com.kms.katalon.core.webui.keyword.builtin.ClickKeyword$_click_closure1.doCall(ClickKeyword.groovy:65)
	at com.kms.katalon.core.webui.keyword.builtin.ClickKeyword$_click_closure1.call(ClickKeyword.groovy)
	at com.kms.katalon.core.webui.keyword.internal.WebUIKeywordMain.runKeyword(WebUIKeywordMain.groovy:20)
	at com.kms.katalon.core.webui.keyword.builtin.ClickKeyword.click(ClickKeyword.groovy:74)
	at com.kms.katalon.core.webui.keyword.builtin.ClickKeyword.execute(ClickKeyword.groovy:40)
	at com.kms.katalon.core.keyword.internal.KeywordExecutor.executeKeywordForPlatform(KeywordExecutor.groovy:74)
	at com.kms.katalon.core.webui.keyword.WebUiBuiltInKeywords.click(WebUiBuiltInKeywords.groovy:620)
	at com.kms.katalon.core.webui.keyword.WebUiBuiltInKeywords$click$1.call(Unknown Source)
	at Script1641906761787.run(Script1641906761787.groovy:36)
	at com.kms.katalon.core.main.ScriptEngine.run(ScriptEngine.java:194)
	at com.kms.katalon.core.main.ScriptEngine.runScriptAsRawText(ScriptEngine.java:119)
	at com.kms.katalon.core.main.TestCaseExecutor.runScript(TestCaseExecutor.java:442)
	at com.kms.katalon.core.main.TestCaseExecutor.doExecute(TestCaseExecutor.java:433)
	at com.kms.katalon.core.main.TestCaseExecutor.processExecutionPhase(TestCaseExecutor.java:412)
	at com.kms.katalon.core.main.TestCaseExecutor.accessMainPhase(TestCaseExecutor.java:404)
	at com.kms.katalon.core.main.TestCaseExecutor.execute(TestCaseExecutor.java:281)
	at com.kms.katalon.core.main.TestCaseMain.runTestCase(TestCaseMain.java:138)
	at com.kms.katalon.core.keyword.builtin.CallTestCaseKeyword$_callTestCase_closure1.doCall(CallTestCaseKeyword.groovy:59)
	at com.kms.katalon.core.keyword.builtin.CallTestCaseKeyword$_callTestCase_closure1.call(CallTestCaseKeyword.groovy)
	at com.kms.katalon.core.keyword.internal.KeywordMain.runKeyword(KeywordMain.groovy:74)
	at com.kms.katalon.core.keyword.builtin.CallTestCaseKeyword.callTestCase(CallTestCaseKeyword.groovy:81)
	at com.kms.katalon.core.keyword.builtin.CallTestCaseKeyword.execute(CallTestCaseKeyword.groovy:44)
	at com.kms.katalon.core.keyword.internal.KeywordExecutor.executeKeywordForPlatform(KeywordExecutor.groovy:74)
	at com.kms.katalon.core.keyword.BuiltinKeywords.callTestCase(BuiltinKeywords.groovy:334)
	at Script1641912770837.run(Script1641912770837.groovy:24)
	... 16 more
)
[[ATTACHMENT|E:\\xampp\\htdocs\\moodle\\Test Automation - SE Bonus\\Reports\\20220116_085916\\Run All Test Cases\\20220116_085916\\1642312457193.png]]

2022-01-16 12:54:20 - [MESSAGE][INFO] - 

2022-01-16 12:54:20 - [MESSAGE][INFO] - ===================== Self-healing Report ====================

2022-01-16 12:54:20 - [MESSAGE][INFO] - One of the failed test object locators has been recovered by Self-healing. Please refer to the Self-healing Insights tab for more details.

2022-01-16 12:54:20 - [MESSAGE][INFO] - To learn more about Self-healing, please read https://docs.katalon.com/katalon-studio/docs/self-healing.html

2022-01-16 12:54:20 - [MESSAGE][INFO] - ==============================================================

2022-01-16 12:54:20 - [MESSAGE][FAILED] - Unable to call Test Case 'Test Cases/Utils/Create course CNPM' (Root cause: com.kms.katalon.core.exception.StepFailedException: Call Test Case 'Test Cases/Utils/Create course CNPM' failed
	at com.kms.katalon.core.keyword.builtin.CallTestCaseKeyword$_callTestCase_closure1.doCall(CallTestCaseKeyword.groovy:63)
	at com.kms.katalon.core.keyword.builtin.CallTestCaseKeyword$_callTestCase_closure1.call(CallTestCaseKeyword.groovy)
	at com.kms.katalon.core.keyword.internal.KeywordMain.runKeyword(KeywordMain.groovy:74)
	at com.kms.katalon.core.keyword.builtin.CallTestCaseKeyword.callTestCase(CallTestCaseKeyword.groovy:81)
	at com.kms.katalon.core.keyword.builtin.CallTestCaseKeyword.execute(CallTestCaseKeyword.groovy:44)
	at com.kms.katalon.core.keyword.internal.KeywordExecutor.executeKeywordForPlatform(KeywordExecutor.groovy:74)
	at com.kms.katalon.core.keyword.BuiltinKeywords.callTestCase(BuiltinKeywords.groovy:334)
	at Update grade with assignment.run(Update grade with assignment:24)
	at com.kms.katalon.core.main.ScriptEngine.run(ScriptEngine.java:194)
	at com.kms.katalon.core.main.ScriptEngine.runScriptAsRawText(ScriptEngine.java:119)
	at com.kms.katalon.core.main.TestCaseExecutor.runScript(TestCaseExecutor.java:442)
	at com.kms.katalon.core.main.TestCaseExecutor.doExecute(TestCaseExecutor.java:433)
	at com.kms.katalon.core.main.TestCaseExecutor.processExecutionPhase(TestCaseExecutor.java:412)
	at com.kms.katalon.core.main.TestCaseExecutor.accessMainPhase(TestCaseExecutor.java:404)
	at com.kms.katalon.core.main.TestCaseExecutor.execute(TestCaseExecutor.java:281)
	at com.kms.katalon.core.main.TestCaseExecutor.execute(TestCaseExecutor.java:363)
	at com.kms.katalon.core.main.TestCaseExecutor.execute(TestCaseExecutor.java:363)
	at com.kms.katalon.core.main.TestCaseExecutor.execute(TestCaseExecutor.java:363)
	at com.kms.katalon.core.main.TestSuiteExecutor.accessTestCaseMainPhase(TestSuiteExecutor.java:202)
	at com.kms.katalon.core.main.TestSuiteExecutor.accessTestSuiteMainPhase(TestSuiteExecutor.java:164)
	at com.kms.katalon.core.main.TestSuiteExecutor.execute(TestSuiteExecutor.java:105)
	at com.kms.katalon.core.main.TestCaseMain.startTestSuite(TestCaseMain.java:181)
	at com.kms.katalon.core.main.TestCaseMain$startTestSuite$0.call(Unknown Source)
	at TempTestSuite1642298356151.run(TempTestSuite1642298356151.groovy:36)
Caused by: com.kms.katalon.core.exception.StepFailedException: Unable to click on object 'Object Repository/Utils/Page_CNPM Danh sch thnh vin/input_Danh sch thnh vin_btn btn-secondary my-1'
	at com.kms.katalon.core.webui.keyword.internal.WebUIKeywordMain.stepFailed(WebUIKeywordMain.groovy:64)
	at com.kms.katalon.core.webui.keyword.internal.WebUIKeywordMain.runKeyword(WebUIKeywordMain.groovy:26)
	at com.kms.katalon.core.webui.keyword.builtin.ClickKeyword.click(ClickKeyword.groovy:74)
	at com.kms.katalon.core.webui.keyword.builtin.ClickKeyword.execute(ClickKeyword.groovy:40)
	at com.kms.katalon.core.keyword.internal.KeywordExecutor.executeKeywordForPlatform(KeywordExecutor.groovy:74)
	at com.kms.katalon.core.webui.keyword.WebUiBuiltInKeywords.click(WebUiBuiltInKeywords.groovy:620)
	at com.kms.katalon.core.webui.keyword.WebUiBuiltInKeywords$click$1.call(Unknown Source)
	at Create course CNPM.run(Create course CNPM:36)
	at com.kms.katalon.core.main.ScriptEngine.run(ScriptEngine.java:194)
	at com.kms.katalon.core.main.ScriptEngine.runScriptAsRawText(ScriptEngine.java:119)
	at com.kms.katalon.core.main.TestCaseExecutor.runScript(TestCaseExecutor.java:442)
	at com.kms.katalon.core.main.TestCaseExecutor.doExecute(TestCaseExecutor.java:433)
	at com.kms.katalon.core.main.TestCaseExecutor.processExecutionPhase(TestCaseExecutor.java:412)
	at com.kms.katalon.core.main.TestCaseExecutor.accessMainPhase(TestCaseExecutor.java:404)
	at com.kms.katalon.core.main.TestCaseExecutor.execute(TestCaseExecutor.java:281)
	at com.kms.katalon.core.main.TestCaseMain.runTestCase(TestCaseMain.java:138)
	at com.kms.katalon.core.keyword.builtin.CallTestCaseKeyword$_callTestCase_closure1.doCall(CallTestCaseKeyword.groovy:59)
	... 23 more
Caused by: com.kms.katalon.core.webui.exception.WebElementNotFoundException: Web element with id: 'Object Repository/Utils/Page_CNPM Danh sch thnh vin/input_Danh sch thnh vin_btn btn-secondary my-1' located by '//input[@value='Ghi danh người dùng']' not found
	at com.kms.katalon.core.webui.common.WebUiCommonHelper.findWebElement(WebUiCommonHelper.java:1368)
	at com.kms.katalon.core.webui.keyword.internal.WebUIAbstractKeyword.findWebElement(WebUIAbstractKeyword.groovy:27)
	at com.kms.katalon.core.webui.keyword.builtin.ClickKeyword$_click_closure1.doCall(ClickKeyword.groovy:65)
	at com.kms.katalon.core.webui.keyword.builtin.ClickKeyword$_click_closure1.call(ClickKeyword.groovy)
	at com.kms.katalon.core.webui.keyword.internal.WebUIKeywordMain.runKeyword(WebUIKeywordMain.groovy:20)
	... 38 more
)]]></system-out>
         <system-err><![CDATA[2022-01-16 12:53:11 - [TEST_CASE][FAILED] - Test Cases/View course grade/Update grade with assignment: Test Cases/View course grade/Update grade with assignment FAILED.
Reason:
com.kms.katalon.core.exception.StepFailedException: Call Test Case 'Test Cases/Utils/Create course CNPM' failed
	at com.kms.katalon.core.keyword.builtin.CallTestCaseKeyword$_callTestCase_closure1.doCall(CallTestCaseKeyword.groovy:63)
	at com.kms.katalon.core.keyword.builtin.CallTestCaseKeyword$_callTestCase_closure1.call(CallTestCaseKeyword.groovy)
	at com.kms.katalon.core.keyword.internal.KeywordMain.runKeyword(KeywordMain.groovy:74)
	at com.kms.katalon.core.keyword.builtin.CallTestCaseKeyword.callTestCase(CallTestCaseKeyword.groovy:81)
	at com.kms.katalon.core.keyword.builtin.CallTestCaseKeyword.execute(CallTestCaseKeyword.groovy:44)
	at com.kms.katalon.core.keyword.internal.KeywordExecutor.executeKeywordForPlatform(KeywordExecutor.groovy:74)
	at com.kms.katalon.core.keyword.BuiltinKeywords.callTestCase(BuiltinKeywords.groovy:334)
	at Update grade with assignment.run(Update grade with assignment:24)
	at com.kms.katalon.core.main.ScriptEngine.run(ScriptEngine.java:194)
	at com.kms.katalon.core.main.ScriptEngine.runScriptAsRawText(ScriptEngine.java:119)
	at com.kms.katalon.core.main.TestCaseExecutor.runScript(TestCaseExecutor.java:442)
	at com.kms.katalon.core.main.TestCaseExecutor.doExecute(TestCaseExecutor.java:433)
	at com.kms.katalon.core.main.TestCaseExecutor.processExecutionPhase(TestCaseExecutor.java:412)
	at com.kms.katalon.core.main.TestCaseExecutor.accessMainPhase(TestCaseExecutor.java:404)
	at com.kms.katalon.core.main.TestCaseExecutor.execute(TestCaseExecutor.java:281)
	at com.kms.katalon.core.main.TestCaseExecutor.execute(TestCaseExecutor.java:363)
	at com.kms.katalon.core.main.TestCaseExecutor.execute(TestCaseExecutor.java:363)
	at com.kms.katalon.core.main.TestCaseExecutor.execute(TestCaseExecutor.java:363)
	at com.kms.katalon.core.main.TestSuiteExecutor.accessTestCaseMainPhase(TestSuiteExecutor.java:202)
	at com.kms.katalon.core.main.TestSuiteExecutor.accessTestSuiteMainPhase(TestSuiteExecutor.java:164)
	at com.kms.katalon.core.main.TestSuiteExecutor.execute(TestSuiteExecutor.java:105)
	at com.kms.katalon.core.main.TestCaseMain.startTestSuite(TestCaseMain.java:181)
	at com.kms.katalon.core.main.TestCaseMain$startTestSuite$0.call(Unknown Source)
	at TempTestSuite1642298356151.run(TempTestSuite1642298356151.groovy:36)
Caused by: com.kms.katalon.core.exception.StepFailedException: Unable to click on object 'Object Repository/Utils/Page_CNPM Danh sch thnh vin/input_Danh sch thnh vin_btn btn-secondary my-1'
	at com.kms.katalon.core.webui.keyword.internal.WebUIKeywordMain.stepFailed(WebUIKeywordMain.groovy:64)
	at com.kms.katalon.core.webui.keyword.internal.WebUIKeywordMain.runKeyword(WebUIKeywordMain.groovy:26)
	at com.kms.katalon.core.webui.keyword.builtin.ClickKeyword.click(ClickKeyword.groovy:74)
	at com.kms.katalon.core.webui.keyword.builtin.ClickKeyword.execute(ClickKeyword.groovy:40)
	at com.kms.katalon.core.keyword.internal.KeywordExecutor.executeKeywordForPlatform(KeywordExecutor.groovy:74)
	at com.kms.katalon.core.webui.keyword.WebUiBuiltInKeywords.click(WebUiBuiltInKeywords.groovy:620)
	at com.kms.katalon.core.webui.keyword.WebUiBuiltInKeywords$click$1.call(Unknown Source)
	at Create course CNPM.run(Create course CNPM:36)
	at com.kms.katalon.core.main.ScriptEngine.run(ScriptEngine.java:194)
	at com.kms.katalon.core.main.ScriptEngine.runScriptAsRawText(ScriptEngine.java:119)
	at com.kms.katalon.core.main.TestCaseExecutor.runScript(TestCaseExecutor.java:442)
	at com.kms.katalon.core.main.TestCaseExecutor.doExecute(TestCaseExecutor.java:433)
	at com.kms.katalon.core.main.TestCaseExecutor.processExecutionPhase(TestCaseExecutor.java:412)
	at com.kms.katalon.core.main.TestCaseExecutor.accessMainPhase(TestCaseExecutor.java:404)
	at com.kms.katalon.core.main.TestCaseExecutor.execute(TestCaseExecutor.java:281)
	at com.kms.katalon.core.main.TestCaseMain.runTestCase(TestCaseMain.java:138)
	at com.kms.katalon.core.keyword.builtin.CallTestCaseKeyword$_callTestCase_closure1.doCall(CallTestCaseKeyword.groovy:59)
	... 23 more
Caused by: com.kms.katalon.core.webui.exception.WebElementNotFoundException: Web element with id: 'Object Repository/Utils/Page_CNPM Danh sch thnh vin/input_Danh sch thnh vin_btn btn-secondary my-1' located by '//input[@value='Ghi danh người dùng']' not found
	at com.kms.katalon.core.webui.common.WebUiCommonHelper.findWebElement(WebUiCommonHelper.java:1368)
	at com.kms.katalon.core.webui.keyword.internal.WebUIAbstractKeyword.findWebElement(WebUIAbstractKeyword.groovy:27)
	at com.kms.katalon.core.webui.keyword.builtin.ClickKeyword$_click_closure1.doCall(ClickKeyword.groovy:65)
	at com.kms.katalon.core.webui.keyword.builtin.ClickKeyword$_click_closure1.call(ClickKeyword.groovy)
	at com.kms.katalon.core.webui.keyword.internal.WebUIKeywordMain.runKeyword(WebUIKeywordMain.groovy:20)
	... 38 more]]></system-err>
      </testcase>
      <testcase name="Test Cases/View course grade/Update grade without assignment" time="38.529" classname="Test Cases/View course grade/Update grade without assignment" status="FAILED">
         <failure type="FAILED" message="Test Cases/View course grade/Update grade without assignment FAILED.
Reason:
com.kms.katalon.core.exception.StepFailedException: Call Test Case 'Test Cases/Utils/Create course CNPM' failed
	at com.kms.katalon.core.keyword.builtin.CallTestCaseKeyword$_callTestCase_closure1.doCall(CallTestCaseKeyword.groovy:63)
	at com.kms.katalon.core.keyword.builtin.CallTestCaseKeyword$_callTestCase_closure1.call(CallTestCaseKeyword.groovy)
	at com.kms.katalon.core.keyword.internal.KeywordMain.runKeyword(KeywordMain.groovy:74)
	at com.kms.katalon.core.keyword.builtin.CallTestCaseKeyword.callTestCase(CallTestCaseKeyword.groovy:81)
	at com.kms.katalon.core.keyword.builtin.CallTestCaseKeyword.execute(CallTestCaseKeyword.groovy:44)
	at com.kms.katalon.core.keyword.internal.KeywordExecutor.executeKeywordForPlatform(KeywordExecutor.groovy:74)
	at com.kms.katalon.core.keyword.BuiltinKeywords.callTestCase(BuiltinKeywords.groovy:334)
	at Update grade without assignment.run(Update grade without assignment:24)
	at com.kms.katalon.core.main.ScriptEngine.run(ScriptEngine.java:194)
	at com.kms.katalon.core.main.ScriptEngine.runScriptAsRawText(ScriptEngine.java:119)
	at com.kms.katalon.core.main.TestCaseExecutor.runScript(TestCaseExecutor.java:442)
	at com.kms.katalon.core.main.TestCaseExecutor.doExecute(TestCaseExecutor.java:433)
	at com.kms.katalon.core.main.TestCaseExecutor.processExecutionPhase(TestCaseExecutor.java:412)
	at com.kms.katalon.core.main.TestCaseExecutor.accessMainPhase(TestCaseExecutor.java:404)
	at com.kms.katalon.core.main.TestCaseExecutor.execute(TestCaseExecutor.java:281)
	at com.kms.katalon.core.main.TestCaseExecutor.execute(TestCaseExecutor.java:363)
	at com.kms.katalon.core.main.TestCaseExecutor.execute(TestCaseExecutor.java:363)
	at com.kms.katalon.core.main.TestCaseExecutor.execute(TestCaseExecutor.java:363)
	at com.kms.katalon.core.main.TestSuiteExecutor.accessTestCaseMainPhase(TestSuiteExecutor.java:202)
	at com.kms.katalon.core.main.TestSuiteExecutor.accessTestSuiteMainPhase(TestSuiteExecutor.java:164)
	at com.kms.katalon.core.main.TestSuiteExecutor.execute(TestSuiteExecutor.java:105)
	at com.kms.katalon.core.main.TestCaseMain.startTestSuite(TestCaseMain.java:181)
	at com.kms.katalon.core.main.TestCaseMain$startTestSuite$0.call(Unknown Source)
	at TempTestSuite1642298356151.run(TempTestSuite1642298356151.groovy:36)
Caused by: com.kms.katalon.core.exception.StepFailedException: Unable to click on object 'Object Repository/Utils/Page_CNPM Danh sch thnh vin/input_Danh sch thnh vin_btn btn-secondary my-1'
	at com.kms.katalon.core.webui.keyword.internal.WebUIKeywordMain.stepFailed(WebUIKeywordMain.groovy:64)
	at com.kms.katalon.core.webui.keyword.internal.WebUIKeywordMain.runKeyword(WebUIKeywordMain.groovy:26)
	at com.kms.katalon.core.webui.keyword.builtin.ClickKeyword.click(ClickKeyword.groovy:74)
	at com.kms.katalon.core.webui.keyword.builtin.ClickKeyword.execute(ClickKeyword.groovy:40)
	at com.kms.katalon.core.keyword.internal.KeywordExecutor.executeKeywordForPlatform(KeywordExecutor.groovy:74)
	at com.kms.katalon.core.webui.keyword.WebUiBuiltInKeywords.click(WebUiBuiltInKeywords.groovy:620)
	at com.kms.katalon.core.webui.keyword.WebUiBuiltInKeywords$click$1.call(Unknown Source)
	at Create course CNPM.run(Create course CNPM:36)
	at com.kms.katalon.core.main.ScriptEngine.run(ScriptEngine.java:194)
	at com.kms.katalon.core.main.ScriptEngine.runScriptAsRawText(ScriptEngine.java:119)
	at com.kms.katalon.core.main.TestCaseExecutor.runScript(TestCaseExecutor.java:442)
	at com.kms.katalon.core.main.TestCaseExecutor.doExecute(TestCaseExecutor.java:433)
	at com.kms.katalon.core.main.TestCaseExecutor.processExecutionPhase(TestCaseExecutor.java:412)
	at com.kms.katalon.core.main.TestCaseExecutor.accessMainPhase(TestCaseExecutor.java:404)
	at com.kms.katalon.core.main.TestCaseExecutor.execute(TestCaseExecutor.java:281)
	at com.kms.katalon.core.main.TestCaseMain.runTestCase(TestCaseMain.java:138)
	at com.kms.katalon.core.keyword.builtin.CallTestCaseKeyword$_callTestCase_closure1.doCall(CallTestCaseKeyword.groovy:59)
	... 23 more
Caused by: com.kms.katalon.core.webui.exception.WebElementNotFoundException: Web element with id: 'Object Repository/Utils/Page_CNPM Danh sch thnh vin/input_Danh sch thnh vin_btn btn-secondary my-1' located by '//input[@value='Ghi danh người dùng']' not found
	at com.kms.katalon.core.webui.common.WebUiCommonHelper.findWebElement(WebUiCommonHelper.java:1368)
	at com.kms.katalon.core.webui.keyword.internal.WebUIAbstractKeyword.findWebElement(WebUIAbstractKeyword.groovy:27)
	at com.kms.katalon.core.webui.keyword.builtin.ClickKeyword$_click_closure1.doCall(ClickKeyword.groovy:65)
	at com.kms.katalon.core.webui.keyword.builtin.ClickKeyword$_click_closure1.call(ClickKeyword.groovy)
	at com.kms.katalon.core.webui.keyword.internal.WebUIKeywordMain.runKeyword(WebUIKeywordMain.groovy:20)
	... 38 more
"/>
         <system-out><![CDATA[2022-01-16 12:57:53 - [TEST_CASE][FAILED] - Test Cases/View course grade/Update grade without assignment: Test Cases/View course grade/Update grade without assignment FAILED.
Reason:
com.kms.katalon.core.exception.StepFailedException: Call Test Case 'Test Cases/Utils/Create course CNPM' failed
	at com.kms.katalon.core.keyword.builtin.CallTestCaseKeyword$_callTestCase_closure1.doCall(CallTestCaseKeyword.groovy:63)
	at com.kms.katalon.core.keyword.builtin.CallTestCaseKeyword$_callTestCase_closure1.call(CallTestCaseKeyword.groovy)
	at com.kms.katalon.core.keyword.internal.KeywordMain.runKeyword(KeywordMain.groovy:74)
	at com.kms.katalon.core.keyword.builtin.CallTestCaseKeyword.callTestCase(CallTestCaseKeyword.groovy:81)
	at com.kms.katalon.core.keyword.builtin.CallTestCaseKeyword.execute(CallTestCaseKeyword.groovy:44)
	at com.kms.katalon.core.keyword.internal.KeywordExecutor.executeKeywordForPlatform(KeywordExecutor.groovy:74)
	at com.kms.katalon.core.keyword.BuiltinKeywords.callTestCase(BuiltinKeywords.groovy:334)
	at Update grade without assignment.run(Update grade without assignment:24)
	at com.kms.katalon.core.main.ScriptEngine.run(ScriptEngine.java:194)
	at com.kms.katalon.core.main.ScriptEngine.runScriptAsRawText(ScriptEngine.java:119)
	at com.kms.katalon.core.main.TestCaseExecutor.runScript(TestCaseExecutor.java:442)
	at com.kms.katalon.core.main.TestCaseExecutor.doExecute(TestCaseExecutor.java:433)
	at com.kms.katalon.core.main.TestCaseExecutor.processExecutionPhase(TestCaseExecutor.java:412)
	at com.kms.katalon.core.main.TestCaseExecutor.accessMainPhase(TestCaseExecutor.java:404)
	at com.kms.katalon.core.main.TestCaseExecutor.execute(TestCaseExecutor.java:281)
	at com.kms.katalon.core.main.TestCaseExecutor.execute(TestCaseExecutor.java:363)
	at com.kms.katalon.core.main.TestCaseExecutor.execute(TestCaseExecutor.java:363)
	at com.kms.katalon.core.main.TestCaseExecutor.execute(TestCaseExecutor.java:363)
	at com.kms.katalon.core.main.TestSuiteExecutor.accessTestCaseMainPhase(TestSuiteExecutor.java:202)
	at com.kms.katalon.core.main.TestSuiteExecutor.accessTestSuiteMainPhase(TestSuiteExecutor.java:164)
	at com.kms.katalon.core.main.TestSuiteExecutor.execute(TestSuiteExecutor.java:105)
	at com.kms.katalon.core.main.TestCaseMain.startTestSuite(TestCaseMain.java:181)
	at com.kms.katalon.core.main.TestCaseMain$startTestSuite$0.call(Unknown Source)
	at TempTestSuite1642298356151.run(TempTestSuite1642298356151.groovy:36)
Caused by: com.kms.katalon.core.exception.StepFailedException: Unable to click on object 'Object Repository/Utils/Page_CNPM Danh sch thnh vin/input_Danh sch thnh vin_btn btn-secondary my-1'
	at com.kms.katalon.core.webui.keyword.internal.WebUIKeywordMain.stepFailed(WebUIKeywordMain.groovy:64)
	at com.kms.katalon.core.webui.keyword.internal.WebUIKeywordMain.runKeyword(WebUIKeywordMain.groovy:26)
	at com.kms.katalon.core.webui.keyword.builtin.ClickKeyword.click(ClickKeyword.groovy:74)
	at com.kms.katalon.core.webui.keyword.builtin.ClickKeyword.execute(ClickKeyword.groovy:40)
	at com.kms.katalon.core.keyword.internal.KeywordExecutor.executeKeywordForPlatform(KeywordExecutor.groovy:74)
	at com.kms.katalon.core.webui.keyword.WebUiBuiltInKeywords.click(WebUiBuiltInKeywords.groovy:620)
	at com.kms.katalon.core.webui.keyword.WebUiBuiltInKeywords$click$1.call(Unknown Source)
	at Create course CNPM.run(Create course CNPM:36)
	at com.kms.katalon.core.main.ScriptEngine.run(ScriptEngine.java:194)
	at com.kms.katalon.core.main.ScriptEngine.runScriptAsRawText(ScriptEngine.java:119)
	at com.kms.katalon.core.main.TestCaseExecutor.runScript(TestCaseExecutor.java:442)
	at com.kms.katalon.core.main.TestCaseExecutor.doExecute(TestCaseExecutor.java:433)
	at com.kms.katalon.core.main.TestCaseExecutor.processExecutionPhase(TestCaseExecutor.java:412)
	at com.kms.katalon.core.main.TestCaseExecutor.accessMainPhase(TestCaseExecutor.java:404)
	at com.kms.katalon.core.main.TestCaseExecutor.execute(TestCaseExecutor.java:281)
	at com.kms.katalon.core.main.TestCaseMain.runTestCase(TestCaseMain.java:138)
	at com.kms.katalon.core.keyword.builtin.CallTestCaseKeyword$_callTestCase_closure1.doCall(CallTestCaseKeyword.groovy:59)
	... 23 more
Caused by: com.kms.katalon.core.webui.exception.WebElementNotFoundException: Web element with id: 'Object Repository/Utils/Page_CNPM Danh sch thnh vin/input_Danh sch thnh vin_btn btn-secondary my-1' located by '//input[@value='Ghi danh người dùng']' not found
	at com.kms.katalon.core.webui.common.WebUiCommonHelper.findWebElement(WebUiCommonHelper.java:1368)
	at com.kms.katalon.core.webui.keyword.internal.WebUIAbstractKeyword.findWebElement(WebUIAbstractKeyword.groovy:27)
	at com.kms.katalon.core.webui.keyword.builtin.ClickKeyword$_click_closure1.doCall(ClickKeyword.groovy:65)
	at com.kms.katalon.core.webui.keyword.builtin.ClickKeyword$_click_closure1.call(ClickKeyword.groovy)
	at com.kms.katalon.core.webui.keyword.internal.WebUIKeywordMain.runKeyword(WebUIKeywordMain.groovy:20)
	... 38 more


2022-01-16 12:57:53 - [TEST_STEP][PASSED] - openBrowser(""): Browser is opened with url: ''

2022-01-16 12:57:53 - [MESSAGE][WARNING] - A browser is already opened. Closing browser and opening a new one

2022-01-16 12:57:55 - [MESSAGE][INFO] - Starting 'Edge Chromium' driver

2022-01-16 12:57:56 - [MESSAGE][INFO] - Action delay is set to 0 milliseconds

2022-01-16 12:57:57 - [MESSAGE][PASSED] - Browser is opened with url: ''

2022-01-16 12:57:57 - [TEST_STEP][PASSED] - navigateToUrl("http://localhost/"): Navigate to 'http://localhost/' successfully

2022-01-16 12:58:02 - [MESSAGE][PASSED] - Navigate to 'http://localhost/' successfully

2022-01-16 12:58:02 - [TEST_STEP][FAILED] - callTestCase(findTestCase("Utils/Create course CNPM"), [:], STOP_ON_FAILURE): Unable to call Test Case 'Test Cases/Utils/Create course CNPM' (Root cause: com.kms.katalon.core.exception.StepFailedException: Call Test Case 'Test Cases/Utils/Create course CNPM' failed
	at com.kms.katalon.core.keyword.builtin.CallTestCaseKeyword$_callTestCase_closure1.doCall(CallTestCaseKeyword.groovy:63)
	at com.kms.katalon.core.keyword.builtin.CallTestCaseKeyword$_callTestCase_closure1.call(CallTestCaseKeyword.groovy)
	at com.kms.katalon.core.keyword.internal.KeywordMain.runKeyword(KeywordMain.groovy:74)
	at com.kms.katalon.core.keyword.builtin.CallTestCaseKeyword.callTestCase(CallTestCaseKeyword.groovy:81)
	at com.kms.katalon.core.keyword.builtin.CallTestCaseKeyword.execute(CallTestCaseKeyword.groovy:44)
	at com.kms.katalon.core.keyword.internal.KeywordExecutor.executeKeywordForPlatform(KeywordExecutor.groovy:74)
	at com.kms.katalon.core.keyword.BuiltinKeywords.callTestCase(BuiltinKeywords.groovy:334)
	at Update grade without assignment.run(Update grade without assignment:24)
	at com.kms.katalon.core.main.ScriptEngine.run(ScriptEngine.java:194)
	at com.kms.katalon.core.main.ScriptEngine.runScriptAsRawText(ScriptEngine.java:119)
	at com.kms.katalon.core.main.TestCaseExecutor.runScript(TestCaseExecutor.java:442)
	at com.kms.katalon.core.main.TestCaseExecutor.doExecute(TestCaseExecutor.java:433)
	at com.kms.katalon.core.main.TestCaseExecutor.processExecutionPhase(TestCaseExecutor.java:412)
	at com.kms.katalon.core.main.TestCaseExecutor.accessMainPhase(TestCaseExecutor.java:404)
	at com.kms.katalon.core.main.TestCaseExecutor.execute(TestCaseExecutor.java:281)
	at com.kms.katalon.core.main.TestCaseExecutor.execute(TestCaseExecutor.java:363)
	at com.kms.katalon.core.main.TestCaseExecutor.execute(TestCaseExecutor.java:363)
	at com.kms.katalon.core.main.TestCaseExecutor.execute(TestCaseExecutor.java:363)
	at com.kms.katalon.core.main.TestSuiteExecutor.accessTestCaseMainPhase(TestSuiteExecutor.java:202)
	at com.kms.katalon.core.main.TestSuiteExecutor.accessTestSuiteMainPhase(TestSuiteExecutor.java:164)
	at com.kms.katalon.core.main.TestSuiteExecutor.execute(TestSuiteExecutor.java:105)
	at com.kms.katalon.core.main.TestCaseMain.startTestSuite(TestCaseMain.java:181)
	at com.kms.katalon.core.main.TestCaseMain$startTestSuite$0.call(Unknown Source)
	at TempTestSuite1642298356151.run(TempTestSuite1642298356151.groovy:36)
Caused by: com.kms.katalon.core.exception.StepFailedException: Unable to click on object 'Object Repository/Utils/Page_CNPM Danh sch thnh vin/input_Danh sch thnh vin_btn btn-secondary my-1'
	at com.kms.katalon.core.webui.keyword.internal.WebUIKeywordMain.stepFailed(WebUIKeywordMain.groovy:64)
	at com.kms.katalon.core.webui.keyword.internal.WebUIKeywordMain.runKeyword(WebUIKeywordMain.groovy:26)
	at com.kms.katalon.core.webui.keyword.builtin.ClickKeyword.click(ClickKeyword.groovy:74)
	at com.kms.katalon.core.webui.keyword.builtin.ClickKeyword.execute(ClickKeyword.groovy:40)
	at com.kms.katalon.core.keyword.internal.KeywordExecutor.executeKeywordForPlatform(KeywordExecutor.groovy:74)
	at com.kms.katalon.core.webui.keyword.WebUiBuiltInKeywords.click(WebUiBuiltInKeywords.groovy:620)
	at com.kms.katalon.core.webui.keyword.WebUiBuiltInKeywords$click$1.call(Unknown Source)
	at Create course CNPM.run(Create course CNPM:36)
	at com.kms.katalon.core.main.ScriptEngine.run(ScriptEngine.java:194)
	at com.kms.katalon.core.main.ScriptEngine.runScriptAsRawText(ScriptEngine.java:119)
	at com.kms.katalon.core.main.TestCaseExecutor.runScript(TestCaseExecutor.java:442)
	at com.kms.katalon.core.main.TestCaseExecutor.doExecute(TestCaseExecutor.java:433)
	at com.kms.katalon.core.main.TestCaseExecutor.processExecutionPhase(TestCaseExecutor.java:412)
	at com.kms.katalon.core.main.TestCaseExecutor.accessMainPhase(TestCaseExecutor.java:404)
	at com.kms.katalon.core.main.TestCaseExecutor.execute(TestCaseExecutor.java:281)
	at com.kms.katalon.core.main.TestCaseMain.runTestCase(TestCaseMain.java:138)
	at com.kms.katalon.core.keyword.builtin.CallTestCaseKeyword$_callTestCase_closure1.doCall(CallTestCaseKeyword.groovy:59)
	... 23 more
Caused by: com.kms.katalon.core.webui.exception.WebElementNotFoundException: Web element with id: 'Object Repository/Utils/Page_CNPM Danh sch thnh vin/input_Danh sch thnh vin_btn btn-secondary my-1' located by '//input[@value='Ghi danh người dùng']' not found
	at com.kms.katalon.core.webui.common.WebUiCommonHelper.findWebElement(WebUiCommonHelper.java:1368)
	at com.kms.katalon.core.webui.keyword.internal.WebUIAbstractKeyword.findWebElement(WebUIAbstractKeyword.groovy:27)
	at com.kms.katalon.core.webui.keyword.builtin.ClickKeyword$_click_closure1.doCall(ClickKeyword.groovy:65)
	at com.kms.katalon.core.webui.keyword.builtin.ClickKeyword$_click_closure1.call(ClickKeyword.groovy)
	at com.kms.katalon.core.webui.keyword.internal.WebUIKeywordMain.runKeyword(WebUIKeywordMain.groovy:20)
	... 38 more
)

2022-01-16 12:58:02 - [TEST_CASE][FAILED] - Test Cases/Utils/Create course CNPM: Test Cases/Utils/Create course CNPM FAILED.
Reason:
com.kms.katalon.core.exception.StepFailedException: Unable to click on object 'Object Repository/Utils/Page_CNPM Danh sch thnh vin/input_Danh sch thnh vin_btn btn-secondary my-1'
	at com.kms.katalon.core.webui.keyword.internal.WebUIKeywordMain.stepFailed(WebUIKeywordMain.groovy:64)
	at com.kms.katalon.core.webui.keyword.internal.WebUIKeywordMain.runKeyword(WebUIKeywordMain.groovy:26)
	at com.kms.katalon.core.webui.keyword.builtin.ClickKeyword.click(ClickKeyword.groovy:74)
	at com.kms.katalon.core.webui.keyword.builtin.ClickKeyword.execute(ClickKeyword.groovy:40)
	at com.kms.katalon.core.keyword.internal.KeywordExecutor.executeKeywordForPlatform(KeywordExecutor.groovy:74)
	at com.kms.katalon.core.webui.keyword.WebUiBuiltInKeywords.click(WebUiBuiltInKeywords.groovy:620)
	at com.kms.katalon.core.webui.keyword.WebUiBuiltInKeywords$click$1.call(Unknown Source)
	at Create course CNPM.run(Create course CNPM:36)
	at com.kms.katalon.core.main.ScriptEngine.run(ScriptEngine.java:194)
	at com.kms.katalon.core.main.ScriptEngine.runScriptAsRawText(ScriptEngine.java:119)
	at com.kms.katalon.core.main.TestCaseExecutor.runScript(TestCaseExecutor.java:442)
	at com.kms.katalon.core.main.TestCaseExecutor.doExecute(TestCaseExecutor.java:433)
	at com.kms.katalon.core.main.TestCaseExecutor.processExecutionPhase(TestCaseExecutor.java:412)
	at com.kms.katalon.core.main.TestCaseExecutor.accessMainPhase(TestCaseExecutor.java:404)
	at com.kms.katalon.core.main.TestCaseExecutor.execute(TestCaseExecutor.java:281)
	at com.kms.katalon.core.main.TestCaseMain.runTestCase(TestCaseMain.java:138)
	at com.kms.katalon.core.keyword.builtin.CallTestCaseKeyword$_callTestCase_closure1.doCall(CallTestCaseKeyword.groovy:59)
	at com.kms.katalon.core.keyword.builtin.CallTestCaseKeyword$_callTestCase_closure1.call(CallTestCaseKeyword.groovy)
	at com.kms.katalon.core.keyword.internal.KeywordMain.runKeyword(KeywordMain.groovy:74)
	at com.kms.katalon.core.keyword.builtin.CallTestCaseKeyword.callTestCase(CallTestCaseKeyword.groovy:81)
	at com.kms.katalon.core.keyword.builtin.CallTestCaseKeyword.execute(CallTestCaseKeyword.groovy:44)
	at com.kms.katalon.core.keyword.internal.KeywordExecutor.executeKeywordForPlatform(KeywordExecutor.groovy:74)
	at com.kms.katalon.core.keyword.BuiltinKeywords.callTestCase(BuiltinKeywords.groovy:334)
	at Update grade without assignment.run(Update grade without assignment:24)
	at com.kms.katalon.core.main.ScriptEngine.run(ScriptEngine.java:194)
	at com.kms.katalon.core.main.ScriptEngine.runScriptAsRawText(ScriptEngine.java:119)
	at com.kms.katalon.core.main.TestCaseExecutor.runScript(TestCaseExecutor.java:442)
	at com.kms.katalon.core.main.TestCaseExecutor.doExecute(TestCaseExecutor.java:433)
	at com.kms.katalon.core.main.TestCaseExecutor.processExecutionPhase(TestCaseExecutor.java:412)
	at com.kms.katalon.core.main.TestCaseExecutor.accessMainPhase(TestCaseExecutor.java:404)
	at com.kms.katalon.core.main.TestCaseExecutor.execute(TestCaseExecutor.java:281)
	at com.kms.katalon.core.main.TestCaseExecutor.execute(TestCaseExecutor.java:363)
	at com.kms.katalon.core.main.TestCaseExecutor.execute(TestCaseExecutor.java:363)
	at com.kms.katalon.core.main.TestCaseExecutor.execute(TestCaseExecutor.java:363)
	at com.kms.katalon.core.main.TestSuiteExecutor.accessTestCaseMainPhase(TestSuiteExecutor.java:202)
	at com.kms.katalon.core.main.TestSuiteExecutor.accessTestSuiteMainPhase(TestSuiteExecutor.java:164)
	at com.kms.katalon.core.main.TestSuiteExecutor.execute(TestSuiteExecutor.java:105)
	at com.kms.katalon.core.main.TestCaseMain.startTestSuite(TestCaseMain.java:181)
	at com.kms.katalon.core.main.TestCaseMain$startTestSuite$0.call(Unknown Source)
	at TempTestSuite1642298356151.run(TempTestSuite1642298356151.groovy:36)
Caused by: com.kms.katalon.core.webui.exception.WebElementNotFoundException: Web element with id: 'Object Repository/Utils/Page_CNPM Danh sch thnh vin/input_Danh sch thnh vin_btn btn-secondary my-1' located by '//input[@value='Ghi danh người dùng']' not found
	at com.kms.katalon.core.webui.common.WebUiCommonHelper.findWebElement(WebUiCommonHelper.java:1368)
	at com.kms.katalon.core.webui.keyword.internal.WebUIAbstractKeyword.findWebElement(WebUIAbstractKeyword.groovy:27)
	at com.kms.katalon.core.webui.keyword.builtin.ClickKeyword$_click_closure1.doCall(ClickKeyword.groovy:65)
	at com.kms.katalon.core.webui.keyword.builtin.ClickKeyword$_click_closure1.call(ClickKeyword.groovy)
	at com.kms.katalon.core.webui.keyword.internal.WebUIKeywordMain.runKeyword(WebUIKeywordMain.groovy:20)
	... 38 more


2022-01-16 12:58:02 - [TEST_STEP][PASSED] - callTestCase(findTestCase("Utils/Login as admin"), [:], STOP_ON_FAILURE): Call Test Case 'Test Cases/Utils/Login as admin' successfully

2022-01-16 12:58:02 - [TEST_CASE][PASSED] - Test Cases/Utils/Login as admin: Test Cases/Utils/Login as admin

2022-01-16 12:58:02 - [TEST_STEP][PASSED] - click(findTestObject("View course grade/Page_Local Moodle/a_Log in")): Object: 'Object Repository/View course grade/Page_Local Moodle/a_Log in' is clicked on

2022-01-16 12:58:03 - [MESSAGE][PASSED] - Object: 'Object Repository/View course grade/Page_Local Moodle/a_Log in' is clicked on

2022-01-16 12:58:03 - [TEST_STEP][PASSED] - setText(findTestObject("View course grade/Page_Local Moodle Log in to the site/input_Username_username"), "admin"): Text 'admin' is set on object 'Object Repository/View course grade/Page_Local Moodle Log in to the site/input_Username_username'

2022-01-16 12:58:04 - [MESSAGE][PASSED] - Text 'admin' is set on object 'Object Repository/View course grade/Page_Local Moodle Log in to the site/input_Username_username'

2022-01-16 12:58:04 - [TEST_STEP][PASSED] - setEncryptedText(findTestObject("View course grade/Page_Local Moodle Log in to the site/input_Password_password"), "bfAykA/oWJ09FXmiKh6lyuuLu8QhG1K5"): Text ****** has been set on object 'Object Repository/View course grade/Page_Local Moodle Log in to the site/input_Password_password'

2022-01-16 12:58:04 - [MESSAGE][PASSED] - Text ****** has been set on object 'Object Repository/View course grade/Page_Local Moodle Log in to the site/input_Password_password'

2022-01-16 12:58:04 - [TEST_STEP][PASSED] - click(findTestObject("View course grade/Page_Local Moodle Log in to the site/button_Log in")): Object: 'Object Repository/View course grade/Page_Local Moodle Log in to the site/button_Log in' is clicked on

2022-01-16 12:58:05 - [MESSAGE][PASSED] - Object: 'Object Repository/View course grade/Page_Local Moodle Log in to the site/button_Log in' is clicked on

2022-01-16 12:58:05 - [MESSAGE][PASSED] - Call Test Case 'Test Cases/Utils/Login as admin' successfully

2022-01-16 12:58:05 - [TEST_STEP][PASSED] - click(findTestObject("Object Repository/Utils/Page_Nh ca ti/span_Qun tr khu vc")): Object: 'Object Repository/Utils/Page_Nh ca ti/span_Qun tr khu vc' is clicked on

2022-01-16 12:58:08 - [MESSAGE][PASSED] - Object: 'Object Repository/Utils/Page_Nh ca ti/span_Qun tr khu vc' is clicked on

2022-01-16 12:58:08 - [TEST_STEP][PASSED] - click(findTestObject("Object Repository/Utils/Page_Moodle Khu vc qun tr Tm kim/a_Kho hc")): Object: 'Object Repository/Utils/Page_Moodle Khu vc qun tr Tm kim/a_Kho hc' is clicked on

2022-01-16 12:58:09 - [MESSAGE][PASSED] - Object: 'Object Repository/Utils/Page_Moodle Khu vc qun tr Tm kim/a_Kho hc' is clicked on

2022-01-16 12:58:09 - [TEST_STEP][PASSED] - click(findTestObject("Object Repository/Utils/Page_Moodle Khu vc qun tr Tm kim/a_Thmsa cc kho hc")): Object: 'Object Repository/Utils/Page_Moodle Khu vc qun tr Tm kim/a_Thmsa cc kho hc' is clicked on

2022-01-16 12:58:10 - [MESSAGE][PASSED] - Object: 'Object Repository/Utils/Page_Moodle Khu vc qun tr Tm kim/a_Thmsa cc kho hc' is clicked on

2022-01-16 12:58:10 - [TEST_STEP][PASSED] - click(findTestObject("Object Repository/Utils/Page_Qun l kha hc v danh mc kha hc/a_To kha hc mi")): Object: 'Object Repository/Utils/Page_Qun l kha hc v danh mc kha hc/a_To kha hc mi' is clicked on

2022-01-16 12:58:16 - [MESSAGE][INFO] - Unable to find the element located by 'By.xpath: //div[@id='yui_3_17_2_1_1641906891631_57']/div/div/a'. Please recheck the objects properties to make sure the desired element is located. 

2022-01-16 12:58:16 - [MESSAGE][WARNING] - [SELF-HEALING] Failed to find element with id 'Object Repository/Utils/Page_Qun l kha hc v danh mc kha hc/a_To kha hc mi'. Try using Self-healing.

2022-01-16 12:58:17 - [MESSAGE][WARNING] - [SELF-HEALING] The current locator of test object 'Object Repository/Utils/Page_Qun l kha hc v danh mc kha hc/a_To kha hc mi' was broken. Propose an alternative one: '//a[contains(text(),'Tạo khóa học mới')]'.

2022-01-16 12:58:19 - [MESSAGE][PASSED] - Object: 'Object Repository/Utils/Page_Qun l kha hc v danh mc kha hc/a_To kha hc mi' is clicked on

2022-01-16 12:58:19 - [TEST_STEP][PASSED] - setText(findTestObject("Object Repository/Utils/Page_Moodle Thm kho hc mi/input_Tn y_fullname"), "Nhập môn Công nghệ phần mềm"): Text 'Nhập môn Công nghệ phần mềm' is set on object 'Object Repository/Utils/Page_Moodle Thm kho hc mi/input_Tn y_fullname'

2022-01-16 12:58:20 - [MESSAGE][PASSED] - Text 'Nhập môn Công nghệ phần mềm' is set on object 'Object Repository/Utils/Page_Moodle Thm kho hc mi/input_Tn y_fullname'

2022-01-16 12:58:20 - [TEST_STEP][PASSED] - setText(findTestObject("Object Repository/Utils/Page_Moodle Thm kho hc mi/input_Tn rt gn ca kho hc_shortname"), "CNPM"): Text 'CNPM' is set on object 'Object Repository/Utils/Page_Moodle Thm kho hc mi/input_Tn rt gn ca kho hc_shortname'

2022-01-16 12:58:21 - [MESSAGE][PASSED] - Text 'CNPM' is set on object 'Object Repository/Utils/Page_Moodle Thm kho hc mi/input_Tn rt gn ca kho hc_shortname'

2022-01-16 12:58:21 - [TEST_STEP][PASSED] - click(findTestObject("Object Repository/Utils/Page_Moodle Thm kho hc mi/input__saveanddisplay")): Object: 'Object Repository/Utils/Page_Moodle Thm kho hc mi/input__saveanddisplay' is clicked on

2022-01-16 12:58:23 - [MESSAGE][PASSED] - Object: 'Object Repository/Utils/Page_Moodle Thm kho hc mi/input__saveanddisplay' is clicked on

2022-01-16 12:58:23 - [TEST_STEP][FAILED] - click(findTestObject("Object Repository/Utils/Page_CNPM Danh sch thnh vin/input_Danh sch thnh vin_btn btn-secondary my-1")): Unable to click on object 'Object Repository/Utils/Page_CNPM Danh sch thnh vin/input_Danh sch thnh vin_btn btn-secondary my-1' (Root cause: com.kms.katalon.core.exception.StepFailedException: Unable to click on object 'Object Repository/Utils/Page_CNPM Danh sch thnh vin/input_Danh sch thnh vin_btn btn-secondary my-1'
	at com.kms.katalon.core.webui.keyword.internal.WebUIKeywordMain.stepFailed(WebUIKeywordMain.groovy:64)
	at com.kms.katalon.core.webui.keyword.internal.WebUIKeywordMain.runKeyword(WebUIKeywordMain.groovy:26)
	at com.kms.katalon.core.webui.keyword.builtin.ClickKeyword.click(ClickKeyword.groovy:74)
	at com.kms.katalon.core.webui.keyword.builtin.ClickKeyword.execute(ClickKeyword.groovy:40)
	at com.kms.katalon.core.keyword.internal.KeywordExecutor.executeKeywordForPlatform(KeywordExecutor.groovy:74)
	at com.kms.katalon.core.webui.keyword.WebUiBuiltInKeywords.click(WebUiBuiltInKeywords.groovy:620)
	at com.kms.katalon.core.webui.keyword.WebUiBuiltInKeywords$click$1.call(Unknown Source)
	at Create course CNPM.run(Create course CNPM:36)
	at com.kms.katalon.core.main.ScriptEngine.run(ScriptEngine.java:194)
	at com.kms.katalon.core.main.ScriptEngine.runScriptAsRawText(ScriptEngine.java:119)
	at com.kms.katalon.core.main.TestCaseExecutor.runScript(TestCaseExecutor.java:442)
	at com.kms.katalon.core.main.TestCaseExecutor.doExecute(TestCaseExecutor.java:433)
	at com.kms.katalon.core.main.TestCaseExecutor.processExecutionPhase(TestCaseExecutor.java:412)
	at com.kms.katalon.core.main.TestCaseExecutor.accessMainPhase(TestCaseExecutor.java:404)
	at com.kms.katalon.core.main.TestCaseExecutor.execute(TestCaseExecutor.java:281)
	at com.kms.katalon.core.main.TestCaseMain.runTestCase(TestCaseMain.java:138)
	at com.kms.katalon.core.keyword.builtin.CallTestCaseKeyword$_callTestCase_closure1.doCall(CallTestCaseKeyword.groovy:59)
	at com.kms.katalon.core.keyword.builtin.CallTestCaseKeyword$_callTestCase_closure1.call(CallTestCaseKeyword.groovy)
	at com.kms.katalon.core.keyword.internal.KeywordMain.runKeyword(KeywordMain.groovy:74)
	at com.kms.katalon.core.keyword.builtin.CallTestCaseKeyword.callTestCase(CallTestCaseKeyword.groovy:81)
	at com.kms.katalon.core.keyword.builtin.CallTestCaseKeyword.execute(CallTestCaseKeyword.groovy:44)
	at com.kms.katalon.core.keyword.internal.KeywordExecutor.executeKeywordForPlatform(KeywordExecutor.groovy:74)
	at com.kms.katalon.core.keyword.BuiltinKeywords.callTestCase(BuiltinKeywords.groovy:334)
	at Update grade without assignment.run(Update grade without assignment:24)
	at com.kms.katalon.core.main.ScriptEngine.run(ScriptEngine.java:194)
	at com.kms.katalon.core.main.ScriptEngine.runScriptAsRawText(ScriptEngine.java:119)
	at com.kms.katalon.core.main.TestCaseExecutor.runScript(TestCaseExecutor.java:442)
	at com.kms.katalon.core.main.TestCaseExecutor.doExecute(TestCaseExecutor.java:433)
	at com.kms.katalon.core.main.TestCaseExecutor.processExecutionPhase(TestCaseExecutor.java:412)
	at com.kms.katalon.core.main.TestCaseExecutor.accessMainPhase(TestCaseExecutor.java:404)
	at com.kms.katalon.core.main.TestCaseExecutor.execute(TestCaseExecutor.java:281)
	at com.kms.katalon.core.main.TestCaseExecutor.execute(TestCaseExecutor.java:363)
	at com.kms.katalon.core.main.TestCaseExecutor.execute(TestCaseExecutor.java:363)
	at com.kms.katalon.core.main.TestCaseExecutor.execute(TestCaseExecutor.java:363)
	at com.kms.katalon.core.main.TestSuiteExecutor.accessTestCaseMainPhase(TestSuiteExecutor.java:202)
	at com.kms.katalon.core.main.TestSuiteExecutor.accessTestSuiteMainPhase(TestSuiteExecutor.java:164)
	at com.kms.katalon.core.main.TestSuiteExecutor.execute(TestSuiteExecutor.java:105)
	at com.kms.katalon.core.main.TestCaseMain.startTestSuite(TestCaseMain.java:181)
	at com.kms.katalon.core.main.TestCaseMain$startTestSuite$0.call(Unknown Source)
	at TempTestSuite1642298356151.run(TempTestSuite1642298356151.groovy:36)
Caused by: com.kms.katalon.core.webui.exception.WebElementNotFoundException: Web element with id: 'Object Repository/Utils/Page_CNPM Danh sch thnh vin/input_Danh sch thnh vin_btn btn-secondary my-1' located by '//input[@value='Ghi danh người dùng']' not found
	at com.kms.katalon.core.webui.common.WebUiCommonHelper.findWebElement(WebUiCommonHelper.java:1368)
	at com.kms.katalon.core.webui.keyword.internal.WebUIAbstractKeyword.findWebElement(WebUIAbstractKeyword.groovy:27)
	at com.kms.katalon.core.webui.keyword.builtin.ClickKeyword$_click_closure1.doCall(ClickKeyword.groovy:65)
	at com.kms.katalon.core.webui.keyword.builtin.ClickKeyword$_click_closure1.call(ClickKeyword.groovy)
	at com.kms.katalon.core.webui.keyword.internal.WebUIKeywordMain.runKeyword(WebUIKeywordMain.groovy:20)
	at com.kms.katalon.core.webui.keyword.builtin.ClickKeyword.click(ClickKeyword.groovy:74)
	at com.kms.katalon.core.webui.keyword.builtin.ClickKeyword.execute(ClickKeyword.groovy:40)
	at com.kms.katalon.core.keyword.internal.KeywordExecutor.executeKeywordForPlatform(KeywordExecutor.groovy:74)
	at com.kms.katalon.core.webui.keyword.WebUiBuiltInKeywords.click(WebUiBuiltInKeywords.groovy:620)
	at com.kms.katalon.core.webui.keyword.WebUiBuiltInKeywords$click$1.call(Unknown Source)
	at Script1641906761787.run(Script1641906761787.groovy:36)
	at com.kms.katalon.core.main.ScriptEngine.run(ScriptEngine.java:194)
	at com.kms.katalon.core.main.ScriptEngine.runScriptAsRawText(ScriptEngine.java:119)
	at com.kms.katalon.core.main.TestCaseExecutor.runScript(TestCaseExecutor.java:442)
	at com.kms.katalon.core.main.TestCaseExecutor.doExecute(TestCaseExecutor.java:433)
	at com.kms.katalon.core.main.TestCaseExecutor.processExecutionPhase(TestCaseExecutor.java:412)
	at com.kms.katalon.core.main.TestCaseExecutor.accessMainPhase(TestCaseExecutor.java:404)
	at com.kms.katalon.core.main.TestCaseExecutor.execute(TestCaseExecutor.java:281)
	at com.kms.katalon.core.main.TestCaseMain.runTestCase(TestCaseMain.java:138)
	at com.kms.katalon.core.keyword.builtin.CallTestCaseKeyword$_callTestCase_closure1.doCall(CallTestCaseKeyword.groovy:59)
	at com.kms.katalon.core.keyword.builtin.CallTestCaseKeyword$_callTestCase_closure1.call(CallTestCaseKeyword.groovy)
	at com.kms.katalon.core.keyword.internal.KeywordMain.runKeyword(KeywordMain.groovy:74)
	at com.kms.katalon.core.keyword.builtin.CallTestCaseKeyword.callTestCase(CallTestCaseKeyword.groovy:81)
	at com.kms.katalon.core.keyword.builtin.CallTestCaseKeyword.execute(CallTestCaseKeyword.groovy:44)
	at com.kms.katalon.core.keyword.internal.KeywordExecutor.executeKeywordForPlatform(KeywordExecutor.groovy:74)
	at com.kms.katalon.core.keyword.BuiltinKeywords.callTestCase(BuiltinKeywords.groovy:334)
	at Script1641912734340.run(Script1641912734340.groovy:24)
	... 16 more
)

2022-01-16 12:58:29 - [MESSAGE][INFO] - Unable to find the element located by 'By.xpath: //input[@value='Ghi danh người dùng']'. Please recheck the objects properties to make sure the desired element is located. 

2022-01-16 12:58:29 - [MESSAGE][WARNING] - [SELF-HEALING] Failed to find element with id 'Object Repository/Utils/Page_CNPM Danh sch thnh vin/input_Danh sch thnh vin_btn btn-secondary my-1'. Try using Self-healing.

2022-01-16 12:58:29 - [MESSAGE][INFO] - [SELF-HEALING] Failed Locator: '//input[@value='Ghi danh người dùng']'.

2022-01-16 12:58:30 - [MESSAGE][INFO] - [SELF-HEALING] Failed Locator: '//form[@id='enrolusersbutton-1']/div/input'.

2022-01-16 12:58:30 - [MESSAGE][INFO] - [SELF-HEALING] Working Locator: '//input'.

2022-01-16 12:58:30 - [MESSAGE][ERROR] - [SELF-HEALING] Cannot save screenshot to: E:\xampp\htdocs\moodle\Test Automation - SE Bonus\Reports\Self-healing, reason: unknown error: unhandled inspector error: {"code":-32000,"message":"Cannot take screenshot with 0 width."}
  (Session info: MicrosoftEdge=97.0.1072.62)
Build info: version: '3.141.59', revision: 'e82be7d358', time: '2018-11-14T08:25:53'
System info: host: 'LAPTOP-DKU7IQF9', ip: '192.168.1.5', os.name: 'Windows 10', os.arch: 'amd64', os.version: '10.0', java.version: '1.8.0_282'
Driver info: com.kms.katalon.selenium.driver.CEdgeDriver
Capabilities {acceptInsecureCerts: false, browserName: msedge, browserVersion: 97.0.1072.62, javascriptEnabled: true, ms:edgeOptions: {debuggerAddress: localhost:61824}, msedge: {msedgedriverVersion: 97.0.1072.55 (ce3bf33648805..., userDataDir: C:\Users\ninhh\AppData\Loca...}, networkConnectionEnabled: false, pageLoadStrategy: normal, platform: WINDOWS, platformName: WINDOWS, proxy: Proxy(), setWindowRect: true, strictFileInteractability: false, timeouts: {implicit: 0, pageLoad: 300000, script: 30000}, unhandledPromptBehavior: dismiss and notify, webauthn:extension:credBlob: true, webauthn:extension:largeBlob: true, webauthn:virtualAuthenticators: true}
Session ID: 4db623f99524f4b8e60d33b52ecb2bef.

2022-01-16 12:58:30 - [MESSAGE][ERROR] - [SELF-HEALING] Cannot save screenshot to: E:\xampp\htdocs\moodle\Test Automation - SE Bonus\Reports\Self-healing, reason: unknown error: unhandled inspector error: {"code":-32000,"message":"Cannot take screenshot with 0 width."}
  (Session info: MicrosoftEdge=97.0.1072.62)
Build info: version: '3.141.59', revision: 'e82be7d358', time: '2018-11-14T08:25:53'
System info: host: 'LAPTOP-DKU7IQF9', ip: '192.168.1.5', os.name: 'Windows 10', os.arch: 'amd64', os.version: '10.0', java.version: '1.8.0_282'
Driver info: com.kms.katalon.selenium.driver.CEdgeDriver
Capabilities {acceptInsecureCerts: false, browserName: msedge, browserVersion: 97.0.1072.62, javascriptEnabled: true, ms:edgeOptions: {debuggerAddress: localhost:61824}, msedge: {msedgedriverVersion: 97.0.1072.55 (ce3bf33648805..., userDataDir: C:\Users\ninhh\AppData\Loca...}, networkConnectionEnabled: false, pageLoadStrategy: normal, platform: WINDOWS, platformName: WINDOWS, proxy: Proxy(), setWindowRect: true, strictFileInteractability: false, timeouts: {implicit: 0, pageLoad: 300000, script: 30000}, unhandledPromptBehavior: dismiss and notify, webauthn:extension:credBlob: true, webauthn:extension:largeBlob: true, webauthn:virtualAuthenticators: true}
Session ID: 4db623f99524f4b8e60d33b52ecb2bef.

2022-01-16 12:58:30 - [MESSAGE][WARNING] - [SELF-HEALING] 'other' is different type of Path

2022-01-16 12:58:30 - [MESSAGE][ERROR] - [SELF-HEALING] Cannot save screenshot to: E:\xampp\htdocs\moodle\Test Automation - SE Bonus\Reports\Self-healing, reason: unknown error: unhandled inspector error: {"code":-32000,"message":"Cannot take screenshot with 0 width."}
  (Session info: MicrosoftEdge=97.0.1072.62)
Build info: version: '3.141.59', revision: 'e82be7d358', time: '2018-11-14T08:25:53'
System info: host: 'LAPTOP-DKU7IQF9', ip: '192.168.1.5', os.name: 'Windows 10', os.arch: 'amd64', os.version: '10.0', java.version: '1.8.0_282'
Driver info: com.kms.katalon.selenium.driver.CEdgeDriver
Capabilities {acceptInsecureCerts: false, browserName: msedge, browserVersion: 97.0.1072.62, javascriptEnabled: true, ms:edgeOptions: {debuggerAddress: localhost:61824}, msedge: {msedgedriverVersion: 97.0.1072.55 (ce3bf33648805..., userDataDir: C:\Users\ninhh\AppData\Loca...}, networkConnectionEnabled: false, pageLoadStrategy: normal, platform: WINDOWS, platformName: WINDOWS, proxy: Proxy(), setWindowRect: true, strictFileInteractability: false, timeouts: {implicit: 0, pageLoad: 300000, script: 30000}, unhandledPromptBehavior: dismiss and notify, webauthn:extension:credBlob: true, webauthn:extension:largeBlob: true, webauthn:virtualAuthenticators: true}
Session ID: 4db623f99524f4b8e60d33b52ecb2bef.

2022-01-16 12:58:30 - [MESSAGE][WARNING] - [SELF-HEALING] 'other' is different type of Path

2022-01-16 12:58:31 - [MESSAGE][INFO] - Unable to find the element located by 'By.cssSelector: input.btn.btn-secondary.my-1'. Please recheck the objects properties to make sure the desired element is located. 

2022-01-16 12:58:32 - [MESSAGE][FAILED] - Unable to click on object 'Object Repository/Utils/Page_CNPM Danh sch thnh vin/input_Danh sch thnh vin_btn btn-secondary my-1' (Root cause: com.kms.katalon.core.exception.StepFailedException: Unable to click on object 'Object Repository/Utils/Page_CNPM Danh sch thnh vin/input_Danh sch thnh vin_btn btn-secondary my-1'
	at com.kms.katalon.core.webui.keyword.internal.WebUIKeywordMain.stepFailed(WebUIKeywordMain.groovy:64)
	at com.kms.katalon.core.webui.keyword.internal.WebUIKeywordMain.runKeyword(WebUIKeywordMain.groovy:26)
	at com.kms.katalon.core.webui.keyword.builtin.ClickKeyword.click(ClickKeyword.groovy:74)
	at com.kms.katalon.core.webui.keyword.builtin.ClickKeyword.execute(ClickKeyword.groovy:40)
	at com.kms.katalon.core.keyword.internal.KeywordExecutor.executeKeywordForPlatform(KeywordExecutor.groovy:74)
	at com.kms.katalon.core.webui.keyword.WebUiBuiltInKeywords.click(WebUiBuiltInKeywords.groovy:620)
	at com.kms.katalon.core.webui.keyword.WebUiBuiltInKeywords$click$1.call(Unknown Source)
	at Create course CNPM.run(Create course CNPM:36)
	at com.kms.katalon.core.main.ScriptEngine.run(ScriptEngine.java:194)
	at com.kms.katalon.core.main.ScriptEngine.runScriptAsRawText(ScriptEngine.java:119)
	at com.kms.katalon.core.main.TestCaseExecutor.runScript(TestCaseExecutor.java:442)
	at com.kms.katalon.core.main.TestCaseExecutor.doExecute(TestCaseExecutor.java:433)
	at com.kms.katalon.core.main.TestCaseExecutor.processExecutionPhase(TestCaseExecutor.java:412)
	at com.kms.katalon.core.main.TestCaseExecutor.accessMainPhase(TestCaseExecutor.java:404)
	at com.kms.katalon.core.main.TestCaseExecutor.execute(TestCaseExecutor.java:281)
	at com.kms.katalon.core.main.TestCaseMain.runTestCase(TestCaseMain.java:138)
	at com.kms.katalon.core.keyword.builtin.CallTestCaseKeyword$_callTestCase_closure1.doCall(CallTestCaseKeyword.groovy:59)
	at com.kms.katalon.core.keyword.builtin.CallTestCaseKeyword$_callTestCase_closure1.call(CallTestCaseKeyword.groovy)
	at com.kms.katalon.core.keyword.internal.KeywordMain.runKeyword(KeywordMain.groovy:74)
	at com.kms.katalon.core.keyword.builtin.CallTestCaseKeyword.callTestCase(CallTestCaseKeyword.groovy:81)
	at com.kms.katalon.core.keyword.builtin.CallTestCaseKeyword.execute(CallTestCaseKeyword.groovy:44)
	at com.kms.katalon.core.keyword.internal.KeywordExecutor.executeKeywordForPlatform(KeywordExecutor.groovy:74)
	at com.kms.katalon.core.keyword.BuiltinKeywords.callTestCase(BuiltinKeywords.groovy:334)
	at Update grade without assignment.run(Update grade without assignment:24)
	at com.kms.katalon.core.main.ScriptEngine.run(ScriptEngine.java:194)
	at com.kms.katalon.core.main.ScriptEngine.runScriptAsRawText(ScriptEngine.java:119)
	at com.kms.katalon.core.main.TestCaseExecutor.runScript(TestCaseExecutor.java:442)
	at com.kms.katalon.core.main.TestCaseExecutor.doExecute(TestCaseExecutor.java:433)
	at com.kms.katalon.core.main.TestCaseExecutor.processExecutionPhase(TestCaseExecutor.java:412)
	at com.kms.katalon.core.main.TestCaseExecutor.accessMainPhase(TestCaseExecutor.java:404)
	at com.kms.katalon.core.main.TestCaseExecutor.execute(TestCaseExecutor.java:281)
	at com.kms.katalon.core.main.TestCaseExecutor.execute(TestCaseExecutor.java:363)
	at com.kms.katalon.core.main.TestCaseExecutor.execute(TestCaseExecutor.java:363)
	at com.kms.katalon.core.main.TestCaseExecutor.execute(TestCaseExecutor.java:363)
	at com.kms.katalon.core.main.TestSuiteExecutor.accessTestCaseMainPhase(TestSuiteExecutor.java:202)
	at com.kms.katalon.core.main.TestSuiteExecutor.accessTestSuiteMainPhase(TestSuiteExecutor.java:164)
	at com.kms.katalon.core.main.TestSuiteExecutor.execute(TestSuiteExecutor.java:105)
	at com.kms.katalon.core.main.TestCaseMain.startTestSuite(TestCaseMain.java:181)
	at com.kms.katalon.core.main.TestCaseMain$startTestSuite$0.call(Unknown Source)
	at TempTestSuite1642298356151.run(TempTestSuite1642298356151.groovy:36)
Caused by: com.kms.katalon.core.webui.exception.WebElementNotFoundException: Web element with id: 'Object Repository/Utils/Page_CNPM Danh sch thnh vin/input_Danh sch thnh vin_btn btn-secondary my-1' located by '//input[@value='Ghi danh người dùng']' not found
	at com.kms.katalon.core.webui.common.WebUiCommonHelper.findWebElement(WebUiCommonHelper.java:1368)
	at com.kms.katalon.core.webui.keyword.internal.WebUIAbstractKeyword.findWebElement(WebUIAbstractKeyword.groovy:27)
	at com.kms.katalon.core.webui.keyword.builtin.ClickKeyword$_click_closure1.doCall(ClickKeyword.groovy:65)
	at com.kms.katalon.core.webui.keyword.builtin.ClickKeyword$_click_closure1.call(ClickKeyword.groovy)
	at com.kms.katalon.core.webui.keyword.internal.WebUIKeywordMain.runKeyword(WebUIKeywordMain.groovy:20)
	at com.kms.katalon.core.webui.keyword.builtin.ClickKeyword.click(ClickKeyword.groovy:74)
	at com.kms.katalon.core.webui.keyword.builtin.ClickKeyword.execute(ClickKeyword.groovy:40)
	at com.kms.katalon.core.keyword.internal.KeywordExecutor.executeKeywordForPlatform(KeywordExecutor.groovy:74)
	at com.kms.katalon.core.webui.keyword.WebUiBuiltInKeywords.click(WebUiBuiltInKeywords.groovy:620)
	at com.kms.katalon.core.webui.keyword.WebUiBuiltInKeywords$click$1.call(Unknown Source)
	at Script1641906761787.run(Script1641906761787.groovy:36)
	at com.kms.katalon.core.main.ScriptEngine.run(ScriptEngine.java:194)
	at com.kms.katalon.core.main.ScriptEngine.runScriptAsRawText(ScriptEngine.java:119)
	at com.kms.katalon.core.main.TestCaseExecutor.runScript(TestCaseExecutor.java:442)
	at com.kms.katalon.core.main.TestCaseExecutor.doExecute(TestCaseExecutor.java:433)
	at com.kms.katalon.core.main.TestCaseExecutor.processExecutionPhase(TestCaseExecutor.java:412)
	at com.kms.katalon.core.main.TestCaseExecutor.accessMainPhase(TestCaseExecutor.java:404)
	at com.kms.katalon.core.main.TestCaseExecutor.execute(TestCaseExecutor.java:281)
	at com.kms.katalon.core.main.TestCaseMain.runTestCase(TestCaseMain.java:138)
	at com.kms.katalon.core.keyword.builtin.CallTestCaseKeyword$_callTestCase_closure1.doCall(CallTestCaseKeyword.groovy:59)
	at com.kms.katalon.core.keyword.builtin.CallTestCaseKeyword$_callTestCase_closure1.call(CallTestCaseKeyword.groovy)
	at com.kms.katalon.core.keyword.internal.KeywordMain.runKeyword(KeywordMain.groovy:74)
	at com.kms.katalon.core.keyword.builtin.CallTestCaseKeyword.callTestCase(CallTestCaseKeyword.groovy:81)
	at com.kms.katalon.core.keyword.builtin.CallTestCaseKeyword.execute(CallTestCaseKeyword.groovy:44)
	at com.kms.katalon.core.keyword.internal.KeywordExecutor.executeKeywordForPlatform(KeywordExecutor.groovy:74)
	at com.kms.katalon.core.keyword.BuiltinKeywords.callTestCase(BuiltinKeywords.groovy:334)
	at Script1641912734340.run(Script1641912734340.groovy:24)
	... 16 more
)
[[ATTACHMENT|E:\\xampp\\htdocs\\moodle\\Test Automation - SE Bonus\\Reports\\20220116_085916\\Run All Test Cases\\20220116_085916\\1642312711904.png]]

2022-01-16 12:58:32 - [MESSAGE][INFO] - 

2022-01-16 12:58:32 - [MESSAGE][INFO] - ===================== Self-healing Report ====================

2022-01-16 12:58:32 - [MESSAGE][INFO] - One of the failed test object locators has been recovered by Self-healing. Please refer to the Self-healing Insights tab for more details.

2022-01-16 12:58:32 - [MESSAGE][INFO] - To learn more about Self-healing, please read https://docs.katalon.com/katalon-studio/docs/self-healing.html

2022-01-16 12:58:32 - [MESSAGE][INFO] - ==============================================================

2022-01-16 12:58:32 - [MESSAGE][FAILED] - Unable to call Test Case 'Test Cases/Utils/Create course CNPM' (Root cause: com.kms.katalon.core.exception.StepFailedException: Call Test Case 'Test Cases/Utils/Create course CNPM' failed
	at com.kms.katalon.core.keyword.builtin.CallTestCaseKeyword$_callTestCase_closure1.doCall(CallTestCaseKeyword.groovy:63)
	at com.kms.katalon.core.keyword.builtin.CallTestCaseKeyword$_callTestCase_closure1.call(CallTestCaseKeyword.groovy)
	at com.kms.katalon.core.keyword.internal.KeywordMain.runKeyword(KeywordMain.groovy:74)
	at com.kms.katalon.core.keyword.builtin.CallTestCaseKeyword.callTestCase(CallTestCaseKeyword.groovy:81)
	at com.kms.katalon.core.keyword.builtin.CallTestCaseKeyword.execute(CallTestCaseKeyword.groovy:44)
	at com.kms.katalon.core.keyword.internal.KeywordExecutor.executeKeywordForPlatform(KeywordExecutor.groovy:74)
	at com.kms.katalon.core.keyword.BuiltinKeywords.callTestCase(BuiltinKeywords.groovy:334)
	at Update grade without assignment.run(Update grade without assignment:24)
	at com.kms.katalon.core.main.ScriptEngine.run(ScriptEngine.java:194)
	at com.kms.katalon.core.main.ScriptEngine.runScriptAsRawText(ScriptEngine.java:119)
	at com.kms.katalon.core.main.TestCaseExecutor.runScript(TestCaseExecutor.java:442)
	at com.kms.katalon.core.main.TestCaseExecutor.doExecute(TestCaseExecutor.java:433)
	at com.kms.katalon.core.main.TestCaseExecutor.processExecutionPhase(TestCaseExecutor.java:412)
	at com.kms.katalon.core.main.TestCaseExecutor.accessMainPhase(TestCaseExecutor.java:404)
	at com.kms.katalon.core.main.TestCaseExecutor.execute(TestCaseExecutor.java:281)
	at com.kms.katalon.core.main.TestCaseExecutor.execute(TestCaseExecutor.java:363)
	at com.kms.katalon.core.main.TestCaseExecutor.execute(TestCaseExecutor.java:363)
	at com.kms.katalon.core.main.TestCaseExecutor.execute(TestCaseExecutor.java:363)
	at com.kms.katalon.core.main.TestSuiteExecutor.accessTestCaseMainPhase(TestSuiteExecutor.java:202)
	at com.kms.katalon.core.main.TestSuiteExecutor.accessTestSuiteMainPhase(TestSuiteExecutor.java:164)
	at com.kms.katalon.core.main.TestSuiteExecutor.execute(TestSuiteExecutor.java:105)
	at com.kms.katalon.core.main.TestCaseMain.startTestSuite(TestCaseMain.java:181)
	at com.kms.katalon.core.main.TestCaseMain$startTestSuite$0.call(Unknown Source)
	at TempTestSuite1642298356151.run(TempTestSuite1642298356151.groovy:36)
Caused by: com.kms.katalon.core.exception.StepFailedException: Unable to click on object 'Object Repository/Utils/Page_CNPM Danh sch thnh vin/input_Danh sch thnh vin_btn btn-secondary my-1'
	at com.kms.katalon.core.webui.keyword.internal.WebUIKeywordMain.stepFailed(WebUIKeywordMain.groovy:64)
	at com.kms.katalon.core.webui.keyword.internal.WebUIKeywordMain.runKeyword(WebUIKeywordMain.groovy:26)
	at com.kms.katalon.core.webui.keyword.builtin.ClickKeyword.click(ClickKeyword.groovy:74)
	at com.kms.katalon.core.webui.keyword.builtin.ClickKeyword.execute(ClickKeyword.groovy:40)
	at com.kms.katalon.core.keyword.internal.KeywordExecutor.executeKeywordForPlatform(KeywordExecutor.groovy:74)
	at com.kms.katalon.core.webui.keyword.WebUiBuiltInKeywords.click(WebUiBuiltInKeywords.groovy:620)
	at com.kms.katalon.core.webui.keyword.WebUiBuiltInKeywords$click$1.call(Unknown Source)
	at Create course CNPM.run(Create course CNPM:36)
	at com.kms.katalon.core.main.ScriptEngine.run(ScriptEngine.java:194)
	at com.kms.katalon.core.main.ScriptEngine.runScriptAsRawText(ScriptEngine.java:119)
	at com.kms.katalon.core.main.TestCaseExecutor.runScript(TestCaseExecutor.java:442)
	at com.kms.katalon.core.main.TestCaseExecutor.doExecute(TestCaseExecutor.java:433)
	at com.kms.katalon.core.main.TestCaseExecutor.processExecutionPhase(TestCaseExecutor.java:412)
	at com.kms.katalon.core.main.TestCaseExecutor.accessMainPhase(TestCaseExecutor.java:404)
	at com.kms.katalon.core.main.TestCaseExecutor.execute(TestCaseExecutor.java:281)
	at com.kms.katalon.core.main.TestCaseMain.runTestCase(TestCaseMain.java:138)
	at com.kms.katalon.core.keyword.builtin.CallTestCaseKeyword$_callTestCase_closure1.doCall(CallTestCaseKeyword.groovy:59)
	... 23 more
Caused by: com.kms.katalon.core.webui.exception.WebElementNotFoundException: Web element with id: 'Object Repository/Utils/Page_CNPM Danh sch thnh vin/input_Danh sch thnh vin_btn btn-secondary my-1' located by '//input[@value='Ghi danh người dùng']' not found
	at com.kms.katalon.core.webui.common.WebUiCommonHelper.findWebElement(WebUiCommonHelper.java:1368)
	at com.kms.katalon.core.webui.keyword.internal.WebUIAbstractKeyword.findWebElement(WebUIAbstractKeyword.groovy:27)
	at com.kms.katalon.core.webui.keyword.builtin.ClickKeyword$_click_closure1.doCall(ClickKeyword.groovy:65)
	at com.kms.katalon.core.webui.keyword.builtin.ClickKeyword$_click_closure1.call(ClickKeyword.groovy)
	at com.kms.katalon.core.webui.keyword.internal.WebUIKeywordMain.runKeyword(WebUIKeywordMain.groovy:20)
	... 38 more
)]]></system-out>
         <system-err><![CDATA[2022-01-16 12:57:53 - [TEST_CASE][FAILED] - Test Cases/View course grade/Update grade without assignment: Test Cases/View course grade/Update grade without assignment FAILED.
Reason:
com.kms.katalon.core.exception.StepFailedException: Call Test Case 'Test Cases/Utils/Create course CNPM' failed
	at com.kms.katalon.core.keyword.builtin.CallTestCaseKeyword$_callTestCase_closure1.doCall(CallTestCaseKeyword.groovy:63)
	at com.kms.katalon.core.keyword.builtin.CallTestCaseKeyword$_callTestCase_closure1.call(CallTestCaseKeyword.groovy)
	at com.kms.katalon.core.keyword.internal.KeywordMain.runKeyword(KeywordMain.groovy:74)
	at com.kms.katalon.core.keyword.builtin.CallTestCaseKeyword.callTestCase(CallTestCaseKeyword.groovy:81)
	at com.kms.katalon.core.keyword.builtin.CallTestCaseKeyword.execute(CallTestCaseKeyword.groovy:44)
	at com.kms.katalon.core.keyword.internal.KeywordExecutor.executeKeywordForPlatform(KeywordExecutor.groovy:74)
	at com.kms.katalon.core.keyword.BuiltinKeywords.callTestCase(BuiltinKeywords.groovy:334)
	at Update grade without assignment.run(Update grade without assignment:24)
	at com.kms.katalon.core.main.ScriptEngine.run(ScriptEngine.java:194)
	at com.kms.katalon.core.main.ScriptEngine.runScriptAsRawText(ScriptEngine.java:119)
	at com.kms.katalon.core.main.TestCaseExecutor.runScript(TestCaseExecutor.java:442)
	at com.kms.katalon.core.main.TestCaseExecutor.doExecute(TestCaseExecutor.java:433)
	at com.kms.katalon.core.main.TestCaseExecutor.processExecutionPhase(TestCaseExecutor.java:412)
	at com.kms.katalon.core.main.TestCaseExecutor.accessMainPhase(TestCaseExecutor.java:404)
	at com.kms.katalon.core.main.TestCaseExecutor.execute(TestCaseExecutor.java:281)
	at com.kms.katalon.core.main.TestCaseExecutor.execute(TestCaseExecutor.java:363)
	at com.kms.katalon.core.main.TestCaseExecutor.execute(TestCaseExecutor.java:363)
	at com.kms.katalon.core.main.TestCaseExecutor.execute(TestCaseExecutor.java:363)
	at com.kms.katalon.core.main.TestSuiteExecutor.accessTestCaseMainPhase(TestSuiteExecutor.java:202)
	at com.kms.katalon.core.main.TestSuiteExecutor.accessTestSuiteMainPhase(TestSuiteExecutor.java:164)
	at com.kms.katalon.core.main.TestSuiteExecutor.execute(TestSuiteExecutor.java:105)
	at com.kms.katalon.core.main.TestCaseMain.startTestSuite(TestCaseMain.java:181)
	at com.kms.katalon.core.main.TestCaseMain$startTestSuite$0.call(Unknown Source)
	at TempTestSuite1642298356151.run(TempTestSuite1642298356151.groovy:36)
Caused by: com.kms.katalon.core.exception.StepFailedException: Unable to click on object 'Object Repository/Utils/Page_CNPM Danh sch thnh vin/input_Danh sch thnh vin_btn btn-secondary my-1'
	at com.kms.katalon.core.webui.keyword.internal.WebUIKeywordMain.stepFailed(WebUIKeywordMain.groovy:64)
	at com.kms.katalon.core.webui.keyword.internal.WebUIKeywordMain.runKeyword(WebUIKeywordMain.groovy:26)
	at com.kms.katalon.core.webui.keyword.builtin.ClickKeyword.click(ClickKeyword.groovy:74)
	at com.kms.katalon.core.webui.keyword.builtin.ClickKeyword.execute(ClickKeyword.groovy:40)
	at com.kms.katalon.core.keyword.internal.KeywordExecutor.executeKeywordForPlatform(KeywordExecutor.groovy:74)
	at com.kms.katalon.core.webui.keyword.WebUiBuiltInKeywords.click(WebUiBuiltInKeywords.groovy:620)
	at com.kms.katalon.core.webui.keyword.WebUiBuiltInKeywords$click$1.call(Unknown Source)
	at Create course CNPM.run(Create course CNPM:36)
	at com.kms.katalon.core.main.ScriptEngine.run(ScriptEngine.java:194)
	at com.kms.katalon.core.main.ScriptEngine.runScriptAsRawText(ScriptEngine.java:119)
	at com.kms.katalon.core.main.TestCaseExecutor.runScript(TestCaseExecutor.java:442)
	at com.kms.katalon.core.main.TestCaseExecutor.doExecute(TestCaseExecutor.java:433)
	at com.kms.katalon.core.main.TestCaseExecutor.processExecutionPhase(TestCaseExecutor.java:412)
	at com.kms.katalon.core.main.TestCaseExecutor.accessMainPhase(TestCaseExecutor.java:404)
	at com.kms.katalon.core.main.TestCaseExecutor.execute(TestCaseExecutor.java:281)
	at com.kms.katalon.core.main.TestCaseMain.runTestCase(TestCaseMain.java:138)
	at com.kms.katalon.core.keyword.builtin.CallTestCaseKeyword$_callTestCase_closure1.doCall(CallTestCaseKeyword.groovy:59)
	... 23 more
Caused by: com.kms.katalon.core.webui.exception.WebElementNotFoundException: Web element with id: 'Object Repository/Utils/Page_CNPM Danh sch thnh vin/input_Danh sch thnh vin_btn btn-secondary my-1' located by '//input[@value='Ghi danh người dùng']' not found
	at com.kms.katalon.core.webui.common.WebUiCommonHelper.findWebElement(WebUiCommonHelper.java:1368)
	at com.kms.katalon.core.webui.keyword.internal.WebUIAbstractKeyword.findWebElement(WebUIAbstractKeyword.groovy:27)
	at com.kms.katalon.core.webui.keyword.builtin.ClickKeyword$_click_closure1.doCall(ClickKeyword.groovy:65)
	at com.kms.katalon.core.webui.keyword.builtin.ClickKeyword$_click_closure1.call(ClickKeyword.groovy)
	at com.kms.katalon.core.webui.keyword.internal.WebUIKeywordMain.runKeyword(WebUIKeywordMain.groovy:20)
	... 38 more]]></system-err>
      </testcase>
      <testcase name="Test Cases/View course grade/View grader report site" time="61.679" classname="Test Cases/View course grade/View grader report site" status="FAILED">
         <failure type="FAILED" message="Test Cases/View course grade/View grader report site FAILED.
Reason:
com.kms.katalon.core.exception.StepFailedException: Call Test Case 'Test Cases/Utils/Create course CNPM' failed
	at com.kms.katalon.core.keyword.builtin.CallTestCaseKeyword$_callTestCase_closure1.doCall(CallTestCaseKeyword.groovy:63)
	at com.kms.katalon.core.keyword.builtin.CallTestCaseKeyword$_callTestCase_closure1.call(CallTestCaseKeyword.groovy)
	at com.kms.katalon.core.keyword.internal.KeywordMain.runKeyword(KeywordMain.groovy:74)
	at com.kms.katalon.core.keyword.builtin.CallTestCaseKeyword.callTestCase(CallTestCaseKeyword.groovy:81)
	at com.kms.katalon.core.keyword.builtin.CallTestCaseKeyword.execute(CallTestCaseKeyword.groovy:44)
	at com.kms.katalon.core.keyword.internal.KeywordExecutor.executeKeywordForPlatform(KeywordExecutor.groovy:74)
	at com.kms.katalon.core.keyword.BuiltinKeywords.callTestCase(BuiltinKeywords.groovy:334)
	at View grader report site.run(View grader report site:24)
	at com.kms.katalon.core.main.ScriptEngine.run(ScriptEngine.java:194)
	at com.kms.katalon.core.main.ScriptEngine.runScriptAsRawText(ScriptEngine.java:119)
	at com.kms.katalon.core.main.TestCaseExecutor.runScript(TestCaseExecutor.java:442)
	at com.kms.katalon.core.main.TestCaseExecutor.doExecute(TestCaseExecutor.java:433)
	at com.kms.katalon.core.main.TestCaseExecutor.processExecutionPhase(TestCaseExecutor.java:412)
	at com.kms.katalon.core.main.TestCaseExecutor.accessMainPhase(TestCaseExecutor.java:404)
	at com.kms.katalon.core.main.TestCaseExecutor.execute(TestCaseExecutor.java:281)
	at com.kms.katalon.core.main.TestCaseExecutor.execute(TestCaseExecutor.java:363)
	at com.kms.katalon.core.main.TestCaseExecutor.execute(TestCaseExecutor.java:363)
	at com.kms.katalon.core.main.TestCaseExecutor.execute(TestCaseExecutor.java:363)
	at com.kms.katalon.core.main.TestSuiteExecutor.accessTestCaseMainPhase(TestSuiteExecutor.java:202)
	at com.kms.katalon.core.main.TestSuiteExecutor.accessTestSuiteMainPhase(TestSuiteExecutor.java:164)
	at com.kms.katalon.core.main.TestSuiteExecutor.execute(TestSuiteExecutor.java:105)
	at com.kms.katalon.core.main.TestCaseMain.startTestSuite(TestCaseMain.java:181)
	at com.kms.katalon.core.main.TestCaseMain$startTestSuite$0.call(Unknown Source)
	at TempTestSuite1642298356151.run(TempTestSuite1642298356151.groovy:36)
Caused by: com.kms.katalon.core.exception.StepFailedException: Unable to click on object 'Object Repository/Utils/Page_CNPM Danh sch thnh vin/input_Danh sch thnh vin_btn btn-secondary my-1'
	at com.kms.katalon.core.webui.keyword.internal.WebUIKeywordMain.stepFailed(WebUIKeywordMain.groovy:64)
	at com.kms.katalon.core.webui.keyword.internal.WebUIKeywordMain.runKeyword(WebUIKeywordMain.groovy:26)
	at com.kms.katalon.core.webui.keyword.builtin.ClickKeyword.click(ClickKeyword.groovy:74)
	at com.kms.katalon.core.webui.keyword.builtin.ClickKeyword.execute(ClickKeyword.groovy:40)
	at com.kms.katalon.core.keyword.internal.KeywordExecutor.executeKeywordForPlatform(KeywordExecutor.groovy:74)
	at com.kms.katalon.core.webui.keyword.WebUiBuiltInKeywords.click(WebUiBuiltInKeywords.groovy:620)
	at com.kms.katalon.core.webui.keyword.WebUiBuiltInKeywords$click$1.call(Unknown Source)
	at Create course CNPM.run(Create course CNPM:36)
	at com.kms.katalon.core.main.ScriptEngine.run(ScriptEngine.java:194)
	at com.kms.katalon.core.main.ScriptEngine.runScriptAsRawText(ScriptEngine.java:119)
	at com.kms.katalon.core.main.TestCaseExecutor.runScript(TestCaseExecutor.java:442)
	at com.kms.katalon.core.main.TestCaseExecutor.doExecute(TestCaseExecutor.java:433)
	at com.kms.katalon.core.main.TestCaseExecutor.processExecutionPhase(TestCaseExecutor.java:412)
	at com.kms.katalon.core.main.TestCaseExecutor.accessMainPhase(TestCaseExecutor.java:404)
	at com.kms.katalon.core.main.TestCaseExecutor.execute(TestCaseExecutor.java:281)
	at com.kms.katalon.core.main.TestCaseMain.runTestCase(TestCaseMain.java:138)
	at com.kms.katalon.core.keyword.builtin.CallTestCaseKeyword$_callTestCase_closure1.doCall(CallTestCaseKeyword.groovy:59)
	... 23 more
Caused by: com.kms.katalon.core.webui.exception.WebElementNotFoundException: Web element with id: 'Object Repository/Utils/Page_CNPM Danh sch thnh vin/input_Danh sch thnh vin_btn btn-secondary my-1' located by '//input[@value='Ghi danh người dùng']' not found
	at com.kms.katalon.core.webui.common.WebUiCommonHelper.findWebElement(WebUiCommonHelper.java:1368)
	at com.kms.katalon.core.webui.keyword.internal.WebUIAbstractKeyword.findWebElement(WebUIAbstractKeyword.groovy:27)
	at com.kms.katalon.core.webui.keyword.builtin.ClickKeyword$_click_closure1.doCall(ClickKeyword.groovy:65)
	at com.kms.katalon.core.webui.keyword.builtin.ClickKeyword$_click_closure1.call(ClickKeyword.groovy)
	at com.kms.katalon.core.webui.keyword.internal.WebUIKeywordMain.runKeyword(WebUIKeywordMain.groovy:20)
	... 38 more
"/>
         <system-out><![CDATA[2022-01-16 13:01:43 - [TEST_CASE][FAILED] - Test Cases/View course grade/View grader report site: Test Cases/View course grade/View grader report site FAILED.
Reason:
com.kms.katalon.core.exception.StepFailedException: Call Test Case 'Test Cases/Utils/Create course CNPM' failed
	at com.kms.katalon.core.keyword.builtin.CallTestCaseKeyword$_callTestCase_closure1.doCall(CallTestCaseKeyword.groovy:63)
	at com.kms.katalon.core.keyword.builtin.CallTestCaseKeyword$_callTestCase_closure1.call(CallTestCaseKeyword.groovy)
	at com.kms.katalon.core.keyword.internal.KeywordMain.runKeyword(KeywordMain.groovy:74)
	at com.kms.katalon.core.keyword.builtin.CallTestCaseKeyword.callTestCase(CallTestCaseKeyword.groovy:81)
	at com.kms.katalon.core.keyword.builtin.CallTestCaseKeyword.execute(CallTestCaseKeyword.groovy:44)
	at com.kms.katalon.core.keyword.internal.KeywordExecutor.executeKeywordForPlatform(KeywordExecutor.groovy:74)
	at com.kms.katalon.core.keyword.BuiltinKeywords.callTestCase(BuiltinKeywords.groovy:334)
	at View grader report site.run(View grader report site:24)
	at com.kms.katalon.core.main.ScriptEngine.run(ScriptEngine.java:194)
	at com.kms.katalon.core.main.ScriptEngine.runScriptAsRawText(ScriptEngine.java:119)
	at com.kms.katalon.core.main.TestCaseExecutor.runScript(TestCaseExecutor.java:442)
	at com.kms.katalon.core.main.TestCaseExecutor.doExecute(TestCaseExecutor.java:433)
	at com.kms.katalon.core.main.TestCaseExecutor.processExecutionPhase(TestCaseExecutor.java:412)
	at com.kms.katalon.core.main.TestCaseExecutor.accessMainPhase(TestCaseExecutor.java:404)
	at com.kms.katalon.core.main.TestCaseExecutor.execute(TestCaseExecutor.java:281)
	at com.kms.katalon.core.main.TestCaseExecutor.execute(TestCaseExecutor.java:363)
	at com.kms.katalon.core.main.TestCaseExecutor.execute(TestCaseExecutor.java:363)
	at com.kms.katalon.core.main.TestCaseExecutor.execute(TestCaseExecutor.java:363)
	at com.kms.katalon.core.main.TestSuiteExecutor.accessTestCaseMainPhase(TestSuiteExecutor.java:202)
	at com.kms.katalon.core.main.TestSuiteExecutor.accessTestSuiteMainPhase(TestSuiteExecutor.java:164)
	at com.kms.katalon.core.main.TestSuiteExecutor.execute(TestSuiteExecutor.java:105)
	at com.kms.katalon.core.main.TestCaseMain.startTestSuite(TestCaseMain.java:181)
	at com.kms.katalon.core.main.TestCaseMain$startTestSuite$0.call(Unknown Source)
	at TempTestSuite1642298356151.run(TempTestSuite1642298356151.groovy:36)
Caused by: com.kms.katalon.core.exception.StepFailedException: Unable to click on object 'Object Repository/Utils/Page_CNPM Danh sch thnh vin/input_Danh sch thnh vin_btn btn-secondary my-1'
	at com.kms.katalon.core.webui.keyword.internal.WebUIKeywordMain.stepFailed(WebUIKeywordMain.groovy:64)
	at com.kms.katalon.core.webui.keyword.internal.WebUIKeywordMain.runKeyword(WebUIKeywordMain.groovy:26)
	at com.kms.katalon.core.webui.keyword.builtin.ClickKeyword.click(ClickKeyword.groovy:74)
	at com.kms.katalon.core.webui.keyword.builtin.ClickKeyword.execute(ClickKeyword.groovy:40)
	at com.kms.katalon.core.keyword.internal.KeywordExecutor.executeKeywordForPlatform(KeywordExecutor.groovy:74)
	at com.kms.katalon.core.webui.keyword.WebUiBuiltInKeywords.click(WebUiBuiltInKeywords.groovy:620)
	at com.kms.katalon.core.webui.keyword.WebUiBuiltInKeywords$click$1.call(Unknown Source)
	at Create course CNPM.run(Create course CNPM:36)
	at com.kms.katalon.core.main.ScriptEngine.run(ScriptEngine.java:194)
	at com.kms.katalon.core.main.ScriptEngine.runScriptAsRawText(ScriptEngine.java:119)
	at com.kms.katalon.core.main.TestCaseExecutor.runScript(TestCaseExecutor.java:442)
	at com.kms.katalon.core.main.TestCaseExecutor.doExecute(TestCaseExecutor.java:433)
	at com.kms.katalon.core.main.TestCaseExecutor.processExecutionPhase(TestCaseExecutor.java:412)
	at com.kms.katalon.core.main.TestCaseExecutor.accessMainPhase(TestCaseExecutor.java:404)
	at com.kms.katalon.core.main.TestCaseExecutor.execute(TestCaseExecutor.java:281)
	at com.kms.katalon.core.main.TestCaseMain.runTestCase(TestCaseMain.java:138)
	at com.kms.katalon.core.keyword.builtin.CallTestCaseKeyword$_callTestCase_closure1.doCall(CallTestCaseKeyword.groovy:59)
	... 23 more
Caused by: com.kms.katalon.core.webui.exception.WebElementNotFoundException: Web element with id: 'Object Repository/Utils/Page_CNPM Danh sch thnh vin/input_Danh sch thnh vin_btn btn-secondary my-1' located by '//input[@value='Ghi danh người dùng']' not found
	at com.kms.katalon.core.webui.common.WebUiCommonHelper.findWebElement(WebUiCommonHelper.java:1368)
	at com.kms.katalon.core.webui.keyword.internal.WebUIAbstractKeyword.findWebElement(WebUIAbstractKeyword.groovy:27)
	at com.kms.katalon.core.webui.keyword.builtin.ClickKeyword$_click_closure1.doCall(ClickKeyword.groovy:65)
	at com.kms.katalon.core.webui.keyword.builtin.ClickKeyword$_click_closure1.call(ClickKeyword.groovy)
	at com.kms.katalon.core.webui.keyword.internal.WebUIKeywordMain.runKeyword(WebUIKeywordMain.groovy:20)
	... 38 more


2022-01-16 13:01:43 - [TEST_STEP][PASSED] - openBrowser(""): Browser is opened with url: ''

2022-01-16 13:01:43 - [MESSAGE][WARNING] - A browser is already opened. Closing browser and opening a new one

2022-01-16 13:01:46 - [MESSAGE][INFO] - Starting 'Edge Chromium' driver

2022-01-16 13:01:47 - [MESSAGE][INFO] - Action delay is set to 0 milliseconds

2022-01-16 13:01:52 - [MESSAGE][PASSED] - Browser is opened with url: ''

2022-01-16 13:01:52 - [TEST_STEP][PASSED] - navigateToUrl("http://localhost/"): Navigate to 'http://localhost/' successfully

2022-01-16 13:02:07 - [MESSAGE][PASSED] - Navigate to 'http://localhost/' successfully

2022-01-16 13:02:07 - [TEST_STEP][FAILED] - callTestCase(findTestCase("Utils/Create course CNPM"), [:], STOP_ON_FAILURE): Unable to call Test Case 'Test Cases/Utils/Create course CNPM' (Root cause: com.kms.katalon.core.exception.StepFailedException: Call Test Case 'Test Cases/Utils/Create course CNPM' failed
	at com.kms.katalon.core.keyword.builtin.CallTestCaseKeyword$_callTestCase_closure1.doCall(CallTestCaseKeyword.groovy:63)
	at com.kms.katalon.core.keyword.builtin.CallTestCaseKeyword$_callTestCase_closure1.call(CallTestCaseKeyword.groovy)
	at com.kms.katalon.core.keyword.internal.KeywordMain.runKeyword(KeywordMain.groovy:74)
	at com.kms.katalon.core.keyword.builtin.CallTestCaseKeyword.callTestCase(CallTestCaseKeyword.groovy:81)
	at com.kms.katalon.core.keyword.builtin.CallTestCaseKeyword.execute(CallTestCaseKeyword.groovy:44)
	at com.kms.katalon.core.keyword.internal.KeywordExecutor.executeKeywordForPlatform(KeywordExecutor.groovy:74)
	at com.kms.katalon.core.keyword.BuiltinKeywords.callTestCase(BuiltinKeywords.groovy:334)
	at View grader report site.run(View grader report site:24)
	at com.kms.katalon.core.main.ScriptEngine.run(ScriptEngine.java:194)
	at com.kms.katalon.core.main.ScriptEngine.runScriptAsRawText(ScriptEngine.java:119)
	at com.kms.katalon.core.main.TestCaseExecutor.runScript(TestCaseExecutor.java:442)
	at com.kms.katalon.core.main.TestCaseExecutor.doExecute(TestCaseExecutor.java:433)
	at com.kms.katalon.core.main.TestCaseExecutor.processExecutionPhase(TestCaseExecutor.java:412)
	at com.kms.katalon.core.main.TestCaseExecutor.accessMainPhase(TestCaseExecutor.java:404)
	at com.kms.katalon.core.main.TestCaseExecutor.execute(TestCaseExecutor.java:281)
	at com.kms.katalon.core.main.TestCaseExecutor.execute(TestCaseExecutor.java:363)
	at com.kms.katalon.core.main.TestCaseExecutor.execute(TestCaseExecutor.java:363)
	at com.kms.katalon.core.main.TestCaseExecutor.execute(TestCaseExecutor.java:363)
	at com.kms.katalon.core.main.TestSuiteExecutor.accessTestCaseMainPhase(TestSuiteExecutor.java:202)
	at com.kms.katalon.core.main.TestSuiteExecutor.accessTestSuiteMainPhase(TestSuiteExecutor.java:164)
	at com.kms.katalon.core.main.TestSuiteExecutor.execute(TestSuiteExecutor.java:105)
	at com.kms.katalon.core.main.TestCaseMain.startTestSuite(TestCaseMain.java:181)
	at com.kms.katalon.core.main.TestCaseMain$startTestSuite$0.call(Unknown Source)
	at TempTestSuite1642298356151.run(TempTestSuite1642298356151.groovy:36)
Caused by: com.kms.katalon.core.exception.StepFailedException: Unable to click on object 'Object Repository/Utils/Page_CNPM Danh sch thnh vin/input_Danh sch thnh vin_btn btn-secondary my-1'
	at com.kms.katalon.core.webui.keyword.internal.WebUIKeywordMain.stepFailed(WebUIKeywordMain.groovy:64)
	at com.kms.katalon.core.webui.keyword.internal.WebUIKeywordMain.runKeyword(WebUIKeywordMain.groovy:26)
	at com.kms.katalon.core.webui.keyword.builtin.ClickKeyword.click(ClickKeyword.groovy:74)
	at com.kms.katalon.core.webui.keyword.builtin.ClickKeyword.execute(ClickKeyword.groovy:40)
	at com.kms.katalon.core.keyword.internal.KeywordExecutor.executeKeywordForPlatform(KeywordExecutor.groovy:74)
	at com.kms.katalon.core.webui.keyword.WebUiBuiltInKeywords.click(WebUiBuiltInKeywords.groovy:620)
	at com.kms.katalon.core.webui.keyword.WebUiBuiltInKeywords$click$1.call(Unknown Source)
	at Create course CNPM.run(Create course CNPM:36)
	at com.kms.katalon.core.main.ScriptEngine.run(ScriptEngine.java:194)
	at com.kms.katalon.core.main.ScriptEngine.runScriptAsRawText(ScriptEngine.java:119)
	at com.kms.katalon.core.main.TestCaseExecutor.runScript(TestCaseExecutor.java:442)
	at com.kms.katalon.core.main.TestCaseExecutor.doExecute(TestCaseExecutor.java:433)
	at com.kms.katalon.core.main.TestCaseExecutor.processExecutionPhase(TestCaseExecutor.java:412)
	at com.kms.katalon.core.main.TestCaseExecutor.accessMainPhase(TestCaseExecutor.java:404)
	at com.kms.katalon.core.main.TestCaseExecutor.execute(TestCaseExecutor.java:281)
	at com.kms.katalon.core.main.TestCaseMain.runTestCase(TestCaseMain.java:138)
	at com.kms.katalon.core.keyword.builtin.CallTestCaseKeyword$_callTestCase_closure1.doCall(CallTestCaseKeyword.groovy:59)
	... 23 more
Caused by: com.kms.katalon.core.webui.exception.WebElementNotFoundException: Web element with id: 'Object Repository/Utils/Page_CNPM Danh sch thnh vin/input_Danh sch thnh vin_btn btn-secondary my-1' located by '//input[@value='Ghi danh người dùng']' not found
	at com.kms.katalon.core.webui.common.WebUiCommonHelper.findWebElement(WebUiCommonHelper.java:1368)
	at com.kms.katalon.core.webui.keyword.internal.WebUIAbstractKeyword.findWebElement(WebUIAbstractKeyword.groovy:27)
	at com.kms.katalon.core.webui.keyword.builtin.ClickKeyword$_click_closure1.doCall(ClickKeyword.groovy:65)
	at com.kms.katalon.core.webui.keyword.builtin.ClickKeyword$_click_closure1.call(ClickKeyword.groovy)
	at com.kms.katalon.core.webui.keyword.internal.WebUIKeywordMain.runKeyword(WebUIKeywordMain.groovy:20)
	... 38 more
)

2022-01-16 13:02:07 - [TEST_CASE][FAILED] - Test Cases/Utils/Create course CNPM: Test Cases/Utils/Create course CNPM FAILED.
Reason:
com.kms.katalon.core.exception.StepFailedException: Unable to click on object 'Object Repository/Utils/Page_CNPM Danh sch thnh vin/input_Danh sch thnh vin_btn btn-secondary my-1'
	at com.kms.katalon.core.webui.keyword.internal.WebUIKeywordMain.stepFailed(WebUIKeywordMain.groovy:64)
	at com.kms.katalon.core.webui.keyword.internal.WebUIKeywordMain.runKeyword(WebUIKeywordMain.groovy:26)
	at com.kms.katalon.core.webui.keyword.builtin.ClickKeyword.click(ClickKeyword.groovy:74)
	at com.kms.katalon.core.webui.keyword.builtin.ClickKeyword.execute(ClickKeyword.groovy:40)
	at com.kms.katalon.core.keyword.internal.KeywordExecutor.executeKeywordForPlatform(KeywordExecutor.groovy:74)
	at com.kms.katalon.core.webui.keyword.WebUiBuiltInKeywords.click(WebUiBuiltInKeywords.groovy:620)
	at com.kms.katalon.core.webui.keyword.WebUiBuiltInKeywords$click$1.call(Unknown Source)
	at Create course CNPM.run(Create course CNPM:36)
	at com.kms.katalon.core.main.ScriptEngine.run(ScriptEngine.java:194)
	at com.kms.katalon.core.main.ScriptEngine.runScriptAsRawText(ScriptEngine.java:119)
	at com.kms.katalon.core.main.TestCaseExecutor.runScript(TestCaseExecutor.java:442)
	at com.kms.katalon.core.main.TestCaseExecutor.doExecute(TestCaseExecutor.java:433)
	at com.kms.katalon.core.main.TestCaseExecutor.processExecutionPhase(TestCaseExecutor.java:412)
	at com.kms.katalon.core.main.TestCaseExecutor.accessMainPhase(TestCaseExecutor.java:404)
	at com.kms.katalon.core.main.TestCaseExecutor.execute(TestCaseExecutor.java:281)
	at com.kms.katalon.core.main.TestCaseMain.runTestCase(TestCaseMain.java:138)
	at com.kms.katalon.core.keyword.builtin.CallTestCaseKeyword$_callTestCase_closure1.doCall(CallTestCaseKeyword.groovy:59)
	at com.kms.katalon.core.keyword.builtin.CallTestCaseKeyword$_callTestCase_closure1.call(CallTestCaseKeyword.groovy)
	at com.kms.katalon.core.keyword.internal.KeywordMain.runKeyword(KeywordMain.groovy:74)
	at com.kms.katalon.core.keyword.builtin.CallTestCaseKeyword.callTestCase(CallTestCaseKeyword.groovy:81)
	at com.kms.katalon.core.keyword.builtin.CallTestCaseKeyword.execute(CallTestCaseKeyword.groovy:44)
	at com.kms.katalon.core.keyword.internal.KeywordExecutor.executeKeywordForPlatform(KeywordExecutor.groovy:74)
	at com.kms.katalon.core.keyword.BuiltinKeywords.callTestCase(BuiltinKeywords.groovy:334)
	at View grader report site.run(View grader report site:24)
	at com.kms.katalon.core.main.ScriptEngine.run(ScriptEngine.java:194)
	at com.kms.katalon.core.main.ScriptEngine.runScriptAsRawText(ScriptEngine.java:119)
	at com.kms.katalon.core.main.TestCaseExecutor.runScript(TestCaseExecutor.java:442)
	at com.kms.katalon.core.main.TestCaseExecutor.doExecute(TestCaseExecutor.java:433)
	at com.kms.katalon.core.main.TestCaseExecutor.processExecutionPhase(TestCaseExecutor.java:412)
	at com.kms.katalon.core.main.TestCaseExecutor.accessMainPhase(TestCaseExecutor.java:404)
	at com.kms.katalon.core.main.TestCaseExecutor.execute(TestCaseExecutor.java:281)
	at com.kms.katalon.core.main.TestCaseExecutor.execute(TestCaseExecutor.java:363)
	at com.kms.katalon.core.main.TestCaseExecutor.execute(TestCaseExecutor.java:363)
	at com.kms.katalon.core.main.TestCaseExecutor.execute(TestCaseExecutor.java:363)
	at com.kms.katalon.core.main.TestSuiteExecutor.accessTestCaseMainPhase(TestSuiteExecutor.java:202)
	at com.kms.katalon.core.main.TestSuiteExecutor.accessTestSuiteMainPhase(TestSuiteExecutor.java:164)
	at com.kms.katalon.core.main.TestSuiteExecutor.execute(TestSuiteExecutor.java:105)
	at com.kms.katalon.core.main.TestCaseMain.startTestSuite(TestCaseMain.java:181)
	at com.kms.katalon.core.main.TestCaseMain$startTestSuite$0.call(Unknown Source)
	at TempTestSuite1642298356151.run(TempTestSuite1642298356151.groovy:36)
Caused by: com.kms.katalon.core.webui.exception.WebElementNotFoundException: Web element with id: 'Object Repository/Utils/Page_CNPM Danh sch thnh vin/input_Danh sch thnh vin_btn btn-secondary my-1' located by '//input[@value='Ghi danh người dùng']' not found
	at com.kms.katalon.core.webui.common.WebUiCommonHelper.findWebElement(WebUiCommonHelper.java:1368)
	at com.kms.katalon.core.webui.keyword.internal.WebUIAbstractKeyword.findWebElement(WebUIAbstractKeyword.groovy:27)
	at com.kms.katalon.core.webui.keyword.builtin.ClickKeyword$_click_closure1.doCall(ClickKeyword.groovy:65)
	at com.kms.katalon.core.webui.keyword.builtin.ClickKeyword$_click_closure1.call(ClickKeyword.groovy)
	at com.kms.katalon.core.webui.keyword.internal.WebUIKeywordMain.runKeyword(WebUIKeywordMain.groovy:20)
	... 38 more


2022-01-16 13:02:07 - [TEST_STEP][PASSED] - callTestCase(findTestCase("Utils/Login as admin"), [:], STOP_ON_FAILURE): Call Test Case 'Test Cases/Utils/Login as admin' successfully

2022-01-16 13:02:07 - [TEST_CASE][PASSED] - Test Cases/Utils/Login as admin: Test Cases/Utils/Login as admin

2022-01-16 13:02:07 - [TEST_STEP][PASSED] - click(findTestObject("View course grade/Page_Local Moodle/a_Log in")): Object: 'Object Repository/View course grade/Page_Local Moodle/a_Log in' is clicked on

2022-01-16 13:02:08 - [MESSAGE][PASSED] - Object: 'Object Repository/View course grade/Page_Local Moodle/a_Log in' is clicked on

2022-01-16 13:02:08 - [TEST_STEP][PASSED] - setText(findTestObject("View course grade/Page_Local Moodle Log in to the site/input_Username_username"), "admin"): Text 'admin' is set on object 'Object Repository/View course grade/Page_Local Moodle Log in to the site/input_Username_username'

2022-01-16 13:02:08 - [MESSAGE][PASSED] - Text 'admin' is set on object 'Object Repository/View course grade/Page_Local Moodle Log in to the site/input_Username_username'

2022-01-16 13:02:08 - [TEST_STEP][PASSED] - setEncryptedText(findTestObject("View course grade/Page_Local Moodle Log in to the site/input_Password_password"), "bfAykA/oWJ09FXmiKh6lyuuLu8QhG1K5"): Text ****** has been set on object 'Object Repository/View course grade/Page_Local Moodle Log in to the site/input_Password_password'

2022-01-16 13:02:09 - [MESSAGE][PASSED] - Text ****** has been set on object 'Object Repository/View course grade/Page_Local Moodle Log in to the site/input_Password_password'

2022-01-16 13:02:09 - [TEST_STEP][PASSED] - click(findTestObject("View course grade/Page_Local Moodle Log in to the site/button_Log in")): Object: 'Object Repository/View course grade/Page_Local Moodle Log in to the site/button_Log in' is clicked on

2022-01-16 13:02:11 - [MESSAGE][PASSED] - Object: 'Object Repository/View course grade/Page_Local Moodle Log in to the site/button_Log in' is clicked on

2022-01-16 13:02:11 - [MESSAGE][PASSED] - Call Test Case 'Test Cases/Utils/Login as admin' successfully

2022-01-16 13:02:11 - [TEST_STEP][PASSED] - click(findTestObject("Object Repository/Utils/Page_Nh ca ti/span_Qun tr khu vc")): Object: 'Object Repository/Utils/Page_Nh ca ti/span_Qun tr khu vc' is clicked on

2022-01-16 13:02:20 - [MESSAGE][PASSED] - Object: 'Object Repository/Utils/Page_Nh ca ti/span_Qun tr khu vc' is clicked on

2022-01-16 13:02:20 - [TEST_STEP][PASSED] - click(findTestObject("Object Repository/Utils/Page_Moodle Khu vc qun tr Tm kim/a_Kho hc")): Object: 'Object Repository/Utils/Page_Moodle Khu vc qun tr Tm kim/a_Kho hc' is clicked on

2022-01-16 13:02:20 - [MESSAGE][PASSED] - Object: 'Object Repository/Utils/Page_Moodle Khu vc qun tr Tm kim/a_Kho hc' is clicked on

2022-01-16 13:02:20 - [TEST_STEP][PASSED] - click(findTestObject("Object Repository/Utils/Page_Moodle Khu vc qun tr Tm kim/a_Thmsa cc kho hc")): Object: 'Object Repository/Utils/Page_Moodle Khu vc qun tr Tm kim/a_Thmsa cc kho hc' is clicked on

2022-01-16 13:02:24 - [MESSAGE][PASSED] - Object: 'Object Repository/Utils/Page_Moodle Khu vc qun tr Tm kim/a_Thmsa cc kho hc' is clicked on

2022-01-16 13:02:24 - [TEST_STEP][PASSED] - click(findTestObject("Object Repository/Utils/Page_Qun l kha hc v danh mc kha hc/a_To kha hc mi")): Object: 'Object Repository/Utils/Page_Qun l kha hc v danh mc kha hc/a_To kha hc mi' is clicked on

2022-01-16 13:02:30 - [MESSAGE][INFO] - Unable to find the element located by 'By.xpath: //div[@id='yui_3_17_2_1_1641906891631_57']/div/div/a'. Please recheck the objects properties to make sure the desired element is located. 

2022-01-16 13:02:30 - [MESSAGE][WARNING] - [SELF-HEALING] Failed to find element with id 'Object Repository/Utils/Page_Qun l kha hc v danh mc kha hc/a_To kha hc mi'. Try using Self-healing.

2022-01-16 13:02:30 - [MESSAGE][WARNING] - [SELF-HEALING] The current locator of test object 'Object Repository/Utils/Page_Qun l kha hc v danh mc kha hc/a_To kha hc mi' was broken. Propose an alternative one: '//a[contains(text(),'Tạo khóa học mới')]'.

2022-01-16 13:02:31 - [MESSAGE][PASSED] - Object: 'Object Repository/Utils/Page_Qun l kha hc v danh mc kha hc/a_To kha hc mi' is clicked on

2022-01-16 13:02:31 - [TEST_STEP][PASSED] - setText(findTestObject("Object Repository/Utils/Page_Moodle Thm kho hc mi/input_Tn y_fullname"), "Nhập môn Công nghệ phần mềm"): Text 'Nhập môn Công nghệ phần mềm' is set on object 'Object Repository/Utils/Page_Moodle Thm kho hc mi/input_Tn y_fullname'

2022-01-16 13:02:33 - [MESSAGE][PASSED] - Text 'Nhập môn Công nghệ phần mềm' is set on object 'Object Repository/Utils/Page_Moodle Thm kho hc mi/input_Tn y_fullname'

2022-01-16 13:02:33 - [TEST_STEP][PASSED] - setText(findTestObject("Object Repository/Utils/Page_Moodle Thm kho hc mi/input_Tn rt gn ca kho hc_shortname"), "CNPM"): Text 'CNPM' is set on object 'Object Repository/Utils/Page_Moodle Thm kho hc mi/input_Tn rt gn ca kho hc_shortname'

2022-01-16 13:02:33 - [MESSAGE][PASSED] - Text 'CNPM' is set on object 'Object Repository/Utils/Page_Moodle Thm kho hc mi/input_Tn rt gn ca kho hc_shortname'

2022-01-16 13:02:33 - [TEST_STEP][PASSED] - click(findTestObject("Object Repository/Utils/Page_Moodle Thm kho hc mi/input__saveanddisplay")): Object: 'Object Repository/Utils/Page_Moodle Thm kho hc mi/input__saveanddisplay' is clicked on

2022-01-16 13:02:36 - [MESSAGE][PASSED] - Object: 'Object Repository/Utils/Page_Moodle Thm kho hc mi/input__saveanddisplay' is clicked on

2022-01-16 13:02:36 - [TEST_STEP][FAILED] - click(findTestObject("Object Repository/Utils/Page_CNPM Danh sch thnh vin/input_Danh sch thnh vin_btn btn-secondary my-1")): Unable to click on object 'Object Repository/Utils/Page_CNPM Danh sch thnh vin/input_Danh sch thnh vin_btn btn-secondary my-1' (Root cause: com.kms.katalon.core.exception.StepFailedException: Unable to click on object 'Object Repository/Utils/Page_CNPM Danh sch thnh vin/input_Danh sch thnh vin_btn btn-secondary my-1'
	at com.kms.katalon.core.webui.keyword.internal.WebUIKeywordMain.stepFailed(WebUIKeywordMain.groovy:64)
	at com.kms.katalon.core.webui.keyword.internal.WebUIKeywordMain.runKeyword(WebUIKeywordMain.groovy:26)
	at com.kms.katalon.core.webui.keyword.builtin.ClickKeyword.click(ClickKeyword.groovy:74)
	at com.kms.katalon.core.webui.keyword.builtin.ClickKeyword.execute(ClickKeyword.groovy:40)
	at com.kms.katalon.core.keyword.internal.KeywordExecutor.executeKeywordForPlatform(KeywordExecutor.groovy:74)
	at com.kms.katalon.core.webui.keyword.WebUiBuiltInKeywords.click(WebUiBuiltInKeywords.groovy:620)
	at com.kms.katalon.core.webui.keyword.WebUiBuiltInKeywords$click$1.call(Unknown Source)
	at Create course CNPM.run(Create course CNPM:36)
	at com.kms.katalon.core.main.ScriptEngine.run(ScriptEngine.java:194)
	at com.kms.katalon.core.main.ScriptEngine.runScriptAsRawText(ScriptEngine.java:119)
	at com.kms.katalon.core.main.TestCaseExecutor.runScript(TestCaseExecutor.java:442)
	at com.kms.katalon.core.main.TestCaseExecutor.doExecute(TestCaseExecutor.java:433)
	at com.kms.katalon.core.main.TestCaseExecutor.processExecutionPhase(TestCaseExecutor.java:412)
	at com.kms.katalon.core.main.TestCaseExecutor.accessMainPhase(TestCaseExecutor.java:404)
	at com.kms.katalon.core.main.TestCaseExecutor.execute(TestCaseExecutor.java:281)
	at com.kms.katalon.core.main.TestCaseMain.runTestCase(TestCaseMain.java:138)
	at com.kms.katalon.core.keyword.builtin.CallTestCaseKeyword$_callTestCase_closure1.doCall(CallTestCaseKeyword.groovy:59)
	at com.kms.katalon.core.keyword.builtin.CallTestCaseKeyword$_callTestCase_closure1.call(CallTestCaseKeyword.groovy)
	at com.kms.katalon.core.keyword.internal.KeywordMain.runKeyword(KeywordMain.groovy:74)
	at com.kms.katalon.core.keyword.builtin.CallTestCaseKeyword.callTestCase(CallTestCaseKeyword.groovy:81)
	at com.kms.katalon.core.keyword.builtin.CallTestCaseKeyword.execute(CallTestCaseKeyword.groovy:44)
	at com.kms.katalon.core.keyword.internal.KeywordExecutor.executeKeywordForPlatform(KeywordExecutor.groovy:74)
	at com.kms.katalon.core.keyword.BuiltinKeywords.callTestCase(BuiltinKeywords.groovy:334)
	at View grader report site.run(View grader report site:24)
	at com.kms.katalon.core.main.ScriptEngine.run(ScriptEngine.java:194)
	at com.kms.katalon.core.main.ScriptEngine.runScriptAsRawText(ScriptEngine.java:119)
	at com.kms.katalon.core.main.TestCaseExecutor.runScript(TestCaseExecutor.java:442)
	at com.kms.katalon.core.main.TestCaseExecutor.doExecute(TestCaseExecutor.java:433)
	at com.kms.katalon.core.main.TestCaseExecutor.processExecutionPhase(TestCaseExecutor.java:412)
	at com.kms.katalon.core.main.TestCaseExecutor.accessMainPhase(TestCaseExecutor.java:404)
	at com.kms.katalon.core.main.TestCaseExecutor.execute(TestCaseExecutor.java:281)
	at com.kms.katalon.core.main.TestCaseExecutor.execute(TestCaseExecutor.java:363)
	at com.kms.katalon.core.main.TestCaseExecutor.execute(TestCaseExecutor.java:363)
	at com.kms.katalon.core.main.TestCaseExecutor.execute(TestCaseExecutor.java:363)
	at com.kms.katalon.core.main.TestSuiteExecutor.accessTestCaseMainPhase(TestSuiteExecutor.java:202)
	at com.kms.katalon.core.main.TestSuiteExecutor.accessTestSuiteMainPhase(TestSuiteExecutor.java:164)
	at com.kms.katalon.core.main.TestSuiteExecutor.execute(TestSuiteExecutor.java:105)
	at com.kms.katalon.core.main.TestCaseMain.startTestSuite(TestCaseMain.java:181)
	at com.kms.katalon.core.main.TestCaseMain$startTestSuite$0.call(Unknown Source)
	at TempTestSuite1642298356151.run(TempTestSuite1642298356151.groovy:36)
Caused by: com.kms.katalon.core.webui.exception.WebElementNotFoundException: Web element with id: 'Object Repository/Utils/Page_CNPM Danh sch thnh vin/input_Danh sch thnh vin_btn btn-secondary my-1' located by '//input[@value='Ghi danh người dùng']' not found
	at com.kms.katalon.core.webui.common.WebUiCommonHelper.findWebElement(WebUiCommonHelper.java:1368)
	at com.kms.katalon.core.webui.keyword.internal.WebUIAbstractKeyword.findWebElement(WebUIAbstractKeyword.groovy:27)
	at com.kms.katalon.core.webui.keyword.builtin.ClickKeyword$_click_closure1.doCall(ClickKeyword.groovy:65)
	at com.kms.katalon.core.webui.keyword.builtin.ClickKeyword$_click_closure1.call(ClickKeyword.groovy)
	at com.kms.katalon.core.webui.keyword.internal.WebUIKeywordMain.runKeyword(WebUIKeywordMain.groovy:20)
	at com.kms.katalon.core.webui.keyword.builtin.ClickKeyword.click(ClickKeyword.groovy:74)
	at com.kms.katalon.core.webui.keyword.builtin.ClickKeyword.execute(ClickKeyword.groovy:40)
	at com.kms.katalon.core.keyword.internal.KeywordExecutor.executeKeywordForPlatform(KeywordExecutor.groovy:74)
	at com.kms.katalon.core.webui.keyword.WebUiBuiltInKeywords.click(WebUiBuiltInKeywords.groovy:620)
	at com.kms.katalon.core.webui.keyword.WebUiBuiltInKeywords$click$1.call(Unknown Source)
	at Script1641906761787.run(Script1641906761787.groovy:36)
	at com.kms.katalon.core.main.ScriptEngine.run(ScriptEngine.java:194)
	at com.kms.katalon.core.main.ScriptEngine.runScriptAsRawText(ScriptEngine.java:119)
	at com.kms.katalon.core.main.TestCaseExecutor.runScript(TestCaseExecutor.java:442)
	at com.kms.katalon.core.main.TestCaseExecutor.doExecute(TestCaseExecutor.java:433)
	at com.kms.katalon.core.main.TestCaseExecutor.processExecutionPhase(TestCaseExecutor.java:412)
	at com.kms.katalon.core.main.TestCaseExecutor.accessMainPhase(TestCaseExecutor.java:404)
	at com.kms.katalon.core.main.TestCaseExecutor.execute(TestCaseExecutor.java:281)
	at com.kms.katalon.core.main.TestCaseMain.runTestCase(TestCaseMain.java:138)
	at com.kms.katalon.core.keyword.builtin.CallTestCaseKeyword$_callTestCase_closure1.doCall(CallTestCaseKeyword.groovy:59)
	at com.kms.katalon.core.keyword.builtin.CallTestCaseKeyword$_callTestCase_closure1.call(CallTestCaseKeyword.groovy)
	at com.kms.katalon.core.keyword.internal.KeywordMain.runKeyword(KeywordMain.groovy:74)
	at com.kms.katalon.core.keyword.builtin.CallTestCaseKeyword.callTestCase(CallTestCaseKeyword.groovy:81)
	at com.kms.katalon.core.keyword.builtin.CallTestCaseKeyword.execute(CallTestCaseKeyword.groovy:44)
	at com.kms.katalon.core.keyword.internal.KeywordExecutor.executeKeywordForPlatform(KeywordExecutor.groovy:74)
	at com.kms.katalon.core.keyword.BuiltinKeywords.callTestCase(BuiltinKeywords.groovy:334)
	at Script1641912734358.run(Script1641912734358.groovy:24)
	... 16 more
)

2022-01-16 13:02:42 - [MESSAGE][INFO] - Unable to find the element located by 'By.xpath: //input[@value='Ghi danh người dùng']'. Please recheck the objects properties to make sure the desired element is located. 

2022-01-16 13:02:42 - [MESSAGE][WARNING] - [SELF-HEALING] Failed to find element with id 'Object Repository/Utils/Page_CNPM Danh sch thnh vin/input_Danh sch thnh vin_btn btn-secondary my-1'. Try using Self-healing.

2022-01-16 13:02:42 - [MESSAGE][INFO] - [SELF-HEALING] Failed Locator: '//input[@value='Ghi danh người dùng']'.

2022-01-16 13:02:43 - [MESSAGE][INFO] - [SELF-HEALING] Failed Locator: '//form[@id='enrolusersbutton-1']/div/input'.

2022-01-16 13:02:43 - [MESSAGE][INFO] - [SELF-HEALING] Working Locator: '//input'.

2022-01-16 13:02:43 - [MESSAGE][ERROR] - [SELF-HEALING] Cannot save screenshot to: E:\xampp\htdocs\moodle\Test Automation - SE Bonus\Reports\Self-healing, reason: unknown error: unhandled inspector error: {"code":-32000,"message":"Cannot take screenshot with 0 width."}
  (Session info: MicrosoftEdge=97.0.1072.62)
Build info: version: '3.141.59', revision: 'e82be7d358', time: '2018-11-14T08:25:53'
System info: host: 'LAPTOP-DKU7IQF9', ip: '192.168.1.5', os.name: 'Windows 10', os.arch: 'amd64', os.version: '10.0', java.version: '1.8.0_282'
Driver info: com.kms.katalon.selenium.driver.CEdgeDriver
Capabilities {acceptInsecureCerts: false, browserName: msedge, browserVersion: 97.0.1072.62, javascriptEnabled: true, ms:edgeOptions: {debuggerAddress: localhost:62270}, msedge: {msedgedriverVersion: 97.0.1072.55 (ce3bf33648805..., userDataDir: C:\Users\ninhh\AppData\Loca...}, networkConnectionEnabled: false, pageLoadStrategy: normal, platform: WINDOWS, platformName: WINDOWS, proxy: Proxy(), setWindowRect: true, strictFileInteractability: false, timeouts: {implicit: 0, pageLoad: 300000, script: 30000}, unhandledPromptBehavior: dismiss and notify, webauthn:extension:credBlob: true, webauthn:extension:largeBlob: true, webauthn:virtualAuthenticators: true}
Session ID: 504bc9707247f799beaca6959fd1882c.

2022-01-16 13:02:43 - [MESSAGE][ERROR] - [SELF-HEALING] Cannot save screenshot to: E:\xampp\htdocs\moodle\Test Automation - SE Bonus\Reports\Self-healing, reason: unknown error: unhandled inspector error: {"code":-32000,"message":"Cannot take screenshot with 0 width."}
  (Session info: MicrosoftEdge=97.0.1072.62)
Build info: version: '3.141.59', revision: 'e82be7d358', time: '2018-11-14T08:25:53'
System info: host: 'LAPTOP-DKU7IQF9', ip: '192.168.1.5', os.name: 'Windows 10', os.arch: 'amd64', os.version: '10.0', java.version: '1.8.0_282'
Driver info: com.kms.katalon.selenium.driver.CEdgeDriver
Capabilities {acceptInsecureCerts: false, browserName: msedge, browserVersion: 97.0.1072.62, javascriptEnabled: true, ms:edgeOptions: {debuggerAddress: localhost:62270}, msedge: {msedgedriverVersion: 97.0.1072.55 (ce3bf33648805..., userDataDir: C:\Users\ninhh\AppData\Loca...}, networkConnectionEnabled: false, pageLoadStrategy: normal, platform: WINDOWS, platformName: WINDOWS, proxy: Proxy(), setWindowRect: true, strictFileInteractability: false, timeouts: {implicit: 0, pageLoad: 300000, script: 30000}, unhandledPromptBehavior: dismiss and notify, webauthn:extension:credBlob: true, webauthn:extension:largeBlob: true, webauthn:virtualAuthenticators: true}
Session ID: 504bc9707247f799beaca6959fd1882c.

2022-01-16 13:02:43 - [MESSAGE][WARNING] - [SELF-HEALING] 'other' is different type of Path

2022-01-16 13:02:43 - [MESSAGE][ERROR] - [SELF-HEALING] Cannot save screenshot to: E:\xampp\htdocs\moodle\Test Automation - SE Bonus\Reports\Self-healing, reason: unknown error: unhandled inspector error: {"code":-32000,"message":"Cannot take screenshot with 0 width."}
  (Session info: MicrosoftEdge=97.0.1072.62)
Build info: version: '3.141.59', revision: 'e82be7d358', time: '2018-11-14T08:25:53'
System info: host: 'LAPTOP-DKU7IQF9', ip: '192.168.1.5', os.name: 'Windows 10', os.arch: 'amd64', os.version: '10.0', java.version: '1.8.0_282'
Driver info: com.kms.katalon.selenium.driver.CEdgeDriver
Capabilities {acceptInsecureCerts: false, browserName: msedge, browserVersion: 97.0.1072.62, javascriptEnabled: true, ms:edgeOptions: {debuggerAddress: localhost:62270}, msedge: {msedgedriverVersion: 97.0.1072.55 (ce3bf33648805..., userDataDir: C:\Users\ninhh\AppData\Loca...}, networkConnectionEnabled: false, pageLoadStrategy: normal, platform: WINDOWS, platformName: WINDOWS, proxy: Proxy(), setWindowRect: true, strictFileInteractability: false, timeouts: {implicit: 0, pageLoad: 300000, script: 30000}, unhandledPromptBehavior: dismiss and notify, webauthn:extension:credBlob: true, webauthn:extension:largeBlob: true, webauthn:virtualAuthenticators: true}
Session ID: 504bc9707247f799beaca6959fd1882c.

2022-01-16 13:02:43 - [MESSAGE][WARNING] - [SELF-HEALING] 'other' is different type of Path

2022-01-16 13:02:44 - [MESSAGE][INFO] - Unable to find the element located by 'By.cssSelector: input.btn.btn-secondary.my-1'. Please recheck the objects properties to make sure the desired element is located. 

2022-01-16 13:02:45 - [MESSAGE][FAILED] - Unable to click on object 'Object Repository/Utils/Page_CNPM Danh sch thnh vin/input_Danh sch thnh vin_btn btn-secondary my-1' (Root cause: com.kms.katalon.core.exception.StepFailedException: Unable to click on object 'Object Repository/Utils/Page_CNPM Danh sch thnh vin/input_Danh sch thnh vin_btn btn-secondary my-1'
	at com.kms.katalon.core.webui.keyword.internal.WebUIKeywordMain.stepFailed(WebUIKeywordMain.groovy:64)
	at com.kms.katalon.core.webui.keyword.internal.WebUIKeywordMain.runKeyword(WebUIKeywordMain.groovy:26)
	at com.kms.katalon.core.webui.keyword.builtin.ClickKeyword.click(ClickKeyword.groovy:74)
	at com.kms.katalon.core.webui.keyword.builtin.ClickKeyword.execute(ClickKeyword.groovy:40)
	at com.kms.katalon.core.keyword.internal.KeywordExecutor.executeKeywordForPlatform(KeywordExecutor.groovy:74)
	at com.kms.katalon.core.webui.keyword.WebUiBuiltInKeywords.click(WebUiBuiltInKeywords.groovy:620)
	at com.kms.katalon.core.webui.keyword.WebUiBuiltInKeywords$click$1.call(Unknown Source)
	at Create course CNPM.run(Create course CNPM:36)
	at com.kms.katalon.core.main.ScriptEngine.run(ScriptEngine.java:194)
	at com.kms.katalon.core.main.ScriptEngine.runScriptAsRawText(ScriptEngine.java:119)
	at com.kms.katalon.core.main.TestCaseExecutor.runScript(TestCaseExecutor.java:442)
	at com.kms.katalon.core.main.TestCaseExecutor.doExecute(TestCaseExecutor.java:433)
	at com.kms.katalon.core.main.TestCaseExecutor.processExecutionPhase(TestCaseExecutor.java:412)
	at com.kms.katalon.core.main.TestCaseExecutor.accessMainPhase(TestCaseExecutor.java:404)
	at com.kms.katalon.core.main.TestCaseExecutor.execute(TestCaseExecutor.java:281)
	at com.kms.katalon.core.main.TestCaseMain.runTestCase(TestCaseMain.java:138)
	at com.kms.katalon.core.keyword.builtin.CallTestCaseKeyword$_callTestCase_closure1.doCall(CallTestCaseKeyword.groovy:59)
	at com.kms.katalon.core.keyword.builtin.CallTestCaseKeyword$_callTestCase_closure1.call(CallTestCaseKeyword.groovy)
	at com.kms.katalon.core.keyword.internal.KeywordMain.runKeyword(KeywordMain.groovy:74)
	at com.kms.katalon.core.keyword.builtin.CallTestCaseKeyword.callTestCase(CallTestCaseKeyword.groovy:81)
	at com.kms.katalon.core.keyword.builtin.CallTestCaseKeyword.execute(CallTestCaseKeyword.groovy:44)
	at com.kms.katalon.core.keyword.internal.KeywordExecutor.executeKeywordForPlatform(KeywordExecutor.groovy:74)
	at com.kms.katalon.core.keyword.BuiltinKeywords.callTestCase(BuiltinKeywords.groovy:334)
	at View grader report site.run(View grader report site:24)
	at com.kms.katalon.core.main.ScriptEngine.run(ScriptEngine.java:194)
	at com.kms.katalon.core.main.ScriptEngine.runScriptAsRawText(ScriptEngine.java:119)
	at com.kms.katalon.core.main.TestCaseExecutor.runScript(TestCaseExecutor.java:442)
	at com.kms.katalon.core.main.TestCaseExecutor.doExecute(TestCaseExecutor.java:433)
	at com.kms.katalon.core.main.TestCaseExecutor.processExecutionPhase(TestCaseExecutor.java:412)
	at com.kms.katalon.core.main.TestCaseExecutor.accessMainPhase(TestCaseExecutor.java:404)
	at com.kms.katalon.core.main.TestCaseExecutor.execute(TestCaseExecutor.java:281)
	at com.kms.katalon.core.main.TestCaseExecutor.execute(TestCaseExecutor.java:363)
	at com.kms.katalon.core.main.TestCaseExecutor.execute(TestCaseExecutor.java:363)
	at com.kms.katalon.core.main.TestCaseExecutor.execute(TestCaseExecutor.java:363)
	at com.kms.katalon.core.main.TestSuiteExecutor.accessTestCaseMainPhase(TestSuiteExecutor.java:202)
	at com.kms.katalon.core.main.TestSuiteExecutor.accessTestSuiteMainPhase(TestSuiteExecutor.java:164)
	at com.kms.katalon.core.main.TestSuiteExecutor.execute(TestSuiteExecutor.java:105)
	at com.kms.katalon.core.main.TestCaseMain.startTestSuite(TestCaseMain.java:181)
	at com.kms.katalon.core.main.TestCaseMain$startTestSuite$0.call(Unknown Source)
	at TempTestSuite1642298356151.run(TempTestSuite1642298356151.groovy:36)
Caused by: com.kms.katalon.core.webui.exception.WebElementNotFoundException: Web element with id: 'Object Repository/Utils/Page_CNPM Danh sch thnh vin/input_Danh sch thnh vin_btn btn-secondary my-1' located by '//input[@value='Ghi danh người dùng']' not found
	at com.kms.katalon.core.webui.common.WebUiCommonHelper.findWebElement(WebUiCommonHelper.java:1368)
	at com.kms.katalon.core.webui.keyword.internal.WebUIAbstractKeyword.findWebElement(WebUIAbstractKeyword.groovy:27)
	at com.kms.katalon.core.webui.keyword.builtin.ClickKeyword$_click_closure1.doCall(ClickKeyword.groovy:65)
	at com.kms.katalon.core.webui.keyword.builtin.ClickKeyword$_click_closure1.call(ClickKeyword.groovy)
	at com.kms.katalon.core.webui.keyword.internal.WebUIKeywordMain.runKeyword(WebUIKeywordMain.groovy:20)
	at com.kms.katalon.core.webui.keyword.builtin.ClickKeyword.click(ClickKeyword.groovy:74)
	at com.kms.katalon.core.webui.keyword.builtin.ClickKeyword.execute(ClickKeyword.groovy:40)
	at com.kms.katalon.core.keyword.internal.KeywordExecutor.executeKeywordForPlatform(KeywordExecutor.groovy:74)
	at com.kms.katalon.core.webui.keyword.WebUiBuiltInKeywords.click(WebUiBuiltInKeywords.groovy:620)
	at com.kms.katalon.core.webui.keyword.WebUiBuiltInKeywords$click$1.call(Unknown Source)
	at Script1641906761787.run(Script1641906761787.groovy:36)
	at com.kms.katalon.core.main.ScriptEngine.run(ScriptEngine.java:194)
	at com.kms.katalon.core.main.ScriptEngine.runScriptAsRawText(ScriptEngine.java:119)
	at com.kms.katalon.core.main.TestCaseExecutor.runScript(TestCaseExecutor.java:442)
	at com.kms.katalon.core.main.TestCaseExecutor.doExecute(TestCaseExecutor.java:433)
	at com.kms.katalon.core.main.TestCaseExecutor.processExecutionPhase(TestCaseExecutor.java:412)
	at com.kms.katalon.core.main.TestCaseExecutor.accessMainPhase(TestCaseExecutor.java:404)
	at com.kms.katalon.core.main.TestCaseExecutor.execute(TestCaseExecutor.java:281)
	at com.kms.katalon.core.main.TestCaseMain.runTestCase(TestCaseMain.java:138)
	at com.kms.katalon.core.keyword.builtin.CallTestCaseKeyword$_callTestCase_closure1.doCall(CallTestCaseKeyword.groovy:59)
	at com.kms.katalon.core.keyword.builtin.CallTestCaseKeyword$_callTestCase_closure1.call(CallTestCaseKeyword.groovy)
	at com.kms.katalon.core.keyword.internal.KeywordMain.runKeyword(KeywordMain.groovy:74)
	at com.kms.katalon.core.keyword.builtin.CallTestCaseKeyword.callTestCase(CallTestCaseKeyword.groovy:81)
	at com.kms.katalon.core.keyword.builtin.CallTestCaseKeyword.execute(CallTestCaseKeyword.groovy:44)
	at com.kms.katalon.core.keyword.internal.KeywordExecutor.executeKeywordForPlatform(KeywordExecutor.groovy:74)
	at com.kms.katalon.core.keyword.BuiltinKeywords.callTestCase(BuiltinKeywords.groovy:334)
	at Script1641912734358.run(Script1641912734358.groovy:24)
	... 16 more
)
[[ATTACHMENT|E:\\xampp\\htdocs\\moodle\\Test Automation - SE Bonus\\Reports\\20220116_085916\\Run All Test Cases\\20220116_085916\\1642312964936.png]]

2022-01-16 13:02:45 - [MESSAGE][INFO] - 

2022-01-16 13:02:45 - [MESSAGE][INFO] - ===================== Self-healing Report ====================

2022-01-16 13:02:45 - [MESSAGE][INFO] - One of the failed test object locators has been recovered by Self-healing. Please refer to the Self-healing Insights tab for more details.

2022-01-16 13:02:45 - [MESSAGE][INFO] - To learn more about Self-healing, please read https://docs.katalon.com/katalon-studio/docs/self-healing.html

2022-01-16 13:02:45 - [MESSAGE][INFO] - ==============================================================

2022-01-16 13:02:45 - [MESSAGE][FAILED] - Unable to call Test Case 'Test Cases/Utils/Create course CNPM' (Root cause: com.kms.katalon.core.exception.StepFailedException: Call Test Case 'Test Cases/Utils/Create course CNPM' failed
	at com.kms.katalon.core.keyword.builtin.CallTestCaseKeyword$_callTestCase_closure1.doCall(CallTestCaseKeyword.groovy:63)
	at com.kms.katalon.core.keyword.builtin.CallTestCaseKeyword$_callTestCase_closure1.call(CallTestCaseKeyword.groovy)
	at com.kms.katalon.core.keyword.internal.KeywordMain.runKeyword(KeywordMain.groovy:74)
	at com.kms.katalon.core.keyword.builtin.CallTestCaseKeyword.callTestCase(CallTestCaseKeyword.groovy:81)
	at com.kms.katalon.core.keyword.builtin.CallTestCaseKeyword.execute(CallTestCaseKeyword.groovy:44)
	at com.kms.katalon.core.keyword.internal.KeywordExecutor.executeKeywordForPlatform(KeywordExecutor.groovy:74)
	at com.kms.katalon.core.keyword.BuiltinKeywords.callTestCase(BuiltinKeywords.groovy:334)
	at View grader report site.run(View grader report site:24)
	at com.kms.katalon.core.main.ScriptEngine.run(ScriptEngine.java:194)
	at com.kms.katalon.core.main.ScriptEngine.runScriptAsRawText(ScriptEngine.java:119)
	at com.kms.katalon.core.main.TestCaseExecutor.runScript(TestCaseExecutor.java:442)
	at com.kms.katalon.core.main.TestCaseExecutor.doExecute(TestCaseExecutor.java:433)
	at com.kms.katalon.core.main.TestCaseExecutor.processExecutionPhase(TestCaseExecutor.java:412)
	at com.kms.katalon.core.main.TestCaseExecutor.accessMainPhase(TestCaseExecutor.java:404)
	at com.kms.katalon.core.main.TestCaseExecutor.execute(TestCaseExecutor.java:281)
	at com.kms.katalon.core.main.TestCaseExecutor.execute(TestCaseExecutor.java:363)
	at com.kms.katalon.core.main.TestCaseExecutor.execute(TestCaseExecutor.java:363)
	at com.kms.katalon.core.main.TestCaseExecutor.execute(TestCaseExecutor.java:363)
	at com.kms.katalon.core.main.TestSuiteExecutor.accessTestCaseMainPhase(TestSuiteExecutor.java:202)
	at com.kms.katalon.core.main.TestSuiteExecutor.accessTestSuiteMainPhase(TestSuiteExecutor.java:164)
	at com.kms.katalon.core.main.TestSuiteExecutor.execute(TestSuiteExecutor.java:105)
	at com.kms.katalon.core.main.TestCaseMain.startTestSuite(TestCaseMain.java:181)
	at com.kms.katalon.core.main.TestCaseMain$startTestSuite$0.call(Unknown Source)
	at TempTestSuite1642298356151.run(TempTestSuite1642298356151.groovy:36)
Caused by: com.kms.katalon.core.exception.StepFailedException: Unable to click on object 'Object Repository/Utils/Page_CNPM Danh sch thnh vin/input_Danh sch thnh vin_btn btn-secondary my-1'
	at com.kms.katalon.core.webui.keyword.internal.WebUIKeywordMain.stepFailed(WebUIKeywordMain.groovy:64)
	at com.kms.katalon.core.webui.keyword.internal.WebUIKeywordMain.runKeyword(WebUIKeywordMain.groovy:26)
	at com.kms.katalon.core.webui.keyword.builtin.ClickKeyword.click(ClickKeyword.groovy:74)
	at com.kms.katalon.core.webui.keyword.builtin.ClickKeyword.execute(ClickKeyword.groovy:40)
	at com.kms.katalon.core.keyword.internal.KeywordExecutor.executeKeywordForPlatform(KeywordExecutor.groovy:74)
	at com.kms.katalon.core.webui.keyword.WebUiBuiltInKeywords.click(WebUiBuiltInKeywords.groovy:620)
	at com.kms.katalon.core.webui.keyword.WebUiBuiltInKeywords$click$1.call(Unknown Source)
	at Create course CNPM.run(Create course CNPM:36)
	at com.kms.katalon.core.main.ScriptEngine.run(ScriptEngine.java:194)
	at com.kms.katalon.core.main.ScriptEngine.runScriptAsRawText(ScriptEngine.java:119)
	at com.kms.katalon.core.main.TestCaseExecutor.runScript(TestCaseExecutor.java:442)
	at com.kms.katalon.core.main.TestCaseExecutor.doExecute(TestCaseExecutor.java:433)
	at com.kms.katalon.core.main.TestCaseExecutor.processExecutionPhase(TestCaseExecutor.java:412)
	at com.kms.katalon.core.main.TestCaseExecutor.accessMainPhase(TestCaseExecutor.java:404)
	at com.kms.katalon.core.main.TestCaseExecutor.execute(TestCaseExecutor.java:281)
	at com.kms.katalon.core.main.TestCaseMain.runTestCase(TestCaseMain.java:138)
	at com.kms.katalon.core.keyword.builtin.CallTestCaseKeyword$_callTestCase_closure1.doCall(CallTestCaseKeyword.groovy:59)
	... 23 more
Caused by: com.kms.katalon.core.webui.exception.WebElementNotFoundException: Web element with id: 'Object Repository/Utils/Page_CNPM Danh sch thnh vin/input_Danh sch thnh vin_btn btn-secondary my-1' located by '//input[@value='Ghi danh người dùng']' not found
	at com.kms.katalon.core.webui.common.WebUiCommonHelper.findWebElement(WebUiCommonHelper.java:1368)
	at com.kms.katalon.core.webui.keyword.internal.WebUIAbstractKeyword.findWebElement(WebUIAbstractKeyword.groovy:27)
	at com.kms.katalon.core.webui.keyword.builtin.ClickKeyword$_click_closure1.doCall(ClickKeyword.groovy:65)
	at com.kms.katalon.core.webui.keyword.builtin.ClickKeyword$_click_closure1.call(ClickKeyword.groovy)
	at com.kms.katalon.core.webui.keyword.internal.WebUIKeywordMain.runKeyword(WebUIKeywordMain.groovy:20)
	... 38 more
)]]></system-out>
         <system-err><![CDATA[2022-01-16 13:01:43 - [TEST_CASE][FAILED] - Test Cases/View course grade/View grader report site: Test Cases/View course grade/View grader report site FAILED.
Reason:
com.kms.katalon.core.exception.StepFailedException: Call Test Case 'Test Cases/Utils/Create course CNPM' failed
	at com.kms.katalon.core.keyword.builtin.CallTestCaseKeyword$_callTestCase_closure1.doCall(CallTestCaseKeyword.groovy:63)
	at com.kms.katalon.core.keyword.builtin.CallTestCaseKeyword$_callTestCase_closure1.call(CallTestCaseKeyword.groovy)
	at com.kms.katalon.core.keyword.internal.KeywordMain.runKeyword(KeywordMain.groovy:74)
	at com.kms.katalon.core.keyword.builtin.CallTestCaseKeyword.callTestCase(CallTestCaseKeyword.groovy:81)
	at com.kms.katalon.core.keyword.builtin.CallTestCaseKeyword.execute(CallTestCaseKeyword.groovy:44)
	at com.kms.katalon.core.keyword.internal.KeywordExecutor.executeKeywordForPlatform(KeywordExecutor.groovy:74)
	at com.kms.katalon.core.keyword.BuiltinKeywords.callTestCase(BuiltinKeywords.groovy:334)
	at View grader report site.run(View grader report site:24)
	at com.kms.katalon.core.main.ScriptEngine.run(ScriptEngine.java:194)
	at com.kms.katalon.core.main.ScriptEngine.runScriptAsRawText(ScriptEngine.java:119)
	at com.kms.katalon.core.main.TestCaseExecutor.runScript(TestCaseExecutor.java:442)
	at com.kms.katalon.core.main.TestCaseExecutor.doExecute(TestCaseExecutor.java:433)
	at com.kms.katalon.core.main.TestCaseExecutor.processExecutionPhase(TestCaseExecutor.java:412)
	at com.kms.katalon.core.main.TestCaseExecutor.accessMainPhase(TestCaseExecutor.java:404)
	at com.kms.katalon.core.main.TestCaseExecutor.execute(TestCaseExecutor.java:281)
	at com.kms.katalon.core.main.TestCaseExecutor.execute(TestCaseExecutor.java:363)
	at com.kms.katalon.core.main.TestCaseExecutor.execute(TestCaseExecutor.java:363)
	at com.kms.katalon.core.main.TestCaseExecutor.execute(TestCaseExecutor.java:363)
	at com.kms.katalon.core.main.TestSuiteExecutor.accessTestCaseMainPhase(TestSuiteExecutor.java:202)
	at com.kms.katalon.core.main.TestSuiteExecutor.accessTestSuiteMainPhase(TestSuiteExecutor.java:164)
	at com.kms.katalon.core.main.TestSuiteExecutor.execute(TestSuiteExecutor.java:105)
	at com.kms.katalon.core.main.TestCaseMain.startTestSuite(TestCaseMain.java:181)
	at com.kms.katalon.core.main.TestCaseMain$startTestSuite$0.call(Unknown Source)
	at TempTestSuite1642298356151.run(TempTestSuite1642298356151.groovy:36)
Caused by: com.kms.katalon.core.exception.StepFailedException: Unable to click on object 'Object Repository/Utils/Page_CNPM Danh sch thnh vin/input_Danh sch thnh vin_btn btn-secondary my-1'
	at com.kms.katalon.core.webui.keyword.internal.WebUIKeywordMain.stepFailed(WebUIKeywordMain.groovy:64)
	at com.kms.katalon.core.webui.keyword.internal.WebUIKeywordMain.runKeyword(WebUIKeywordMain.groovy:26)
	at com.kms.katalon.core.webui.keyword.builtin.ClickKeyword.click(ClickKeyword.groovy:74)
	at com.kms.katalon.core.webui.keyword.builtin.ClickKeyword.execute(ClickKeyword.groovy:40)
	at com.kms.katalon.core.keyword.internal.KeywordExecutor.executeKeywordForPlatform(KeywordExecutor.groovy:74)
	at com.kms.katalon.core.webui.keyword.WebUiBuiltInKeywords.click(WebUiBuiltInKeywords.groovy:620)
	at com.kms.katalon.core.webui.keyword.WebUiBuiltInKeywords$click$1.call(Unknown Source)
	at Create course CNPM.run(Create course CNPM:36)
	at com.kms.katalon.core.main.ScriptEngine.run(ScriptEngine.java:194)
	at com.kms.katalon.core.main.ScriptEngine.runScriptAsRawText(ScriptEngine.java:119)
	at com.kms.katalon.core.main.TestCaseExecutor.runScript(TestCaseExecutor.java:442)
	at com.kms.katalon.core.main.TestCaseExecutor.doExecute(TestCaseExecutor.java:433)
	at com.kms.katalon.core.main.TestCaseExecutor.processExecutionPhase(TestCaseExecutor.java:412)
	at com.kms.katalon.core.main.TestCaseExecutor.accessMainPhase(TestCaseExecutor.java:404)
	at com.kms.katalon.core.main.TestCaseExecutor.execute(TestCaseExecutor.java:281)
	at com.kms.katalon.core.main.TestCaseMain.runTestCase(TestCaseMain.java:138)
	at com.kms.katalon.core.keyword.builtin.CallTestCaseKeyword$_callTestCase_closure1.doCall(CallTestCaseKeyword.groovy:59)
	... 23 more
Caused by: com.kms.katalon.core.webui.exception.WebElementNotFoundException: Web element with id: 'Object Repository/Utils/Page_CNPM Danh sch thnh vin/input_Danh sch thnh vin_btn btn-secondary my-1' located by '//input[@value='Ghi danh người dùng']' not found
	at com.kms.katalon.core.webui.common.WebUiCommonHelper.findWebElement(WebUiCommonHelper.java:1368)
	at com.kms.katalon.core.webui.keyword.internal.WebUIAbstractKeyword.findWebElement(WebUIAbstractKeyword.groovy:27)
	at com.kms.katalon.core.webui.keyword.builtin.ClickKeyword$_click_closure1.doCall(ClickKeyword.groovy:65)
	at com.kms.katalon.core.webui.keyword.builtin.ClickKeyword$_click_closure1.call(ClickKeyword.groovy)
	at com.kms.katalon.core.webui.keyword.internal.WebUIKeywordMain.runKeyword(WebUIKeywordMain.groovy:20)
	... 38 more]]></system-err>
      </testcase>
      <system-out><![CDATA[2022-01-16 08:59:31 - [TEST_SUITE][FAILED] - Run All Test Cases: Test Cases/Teacher and Grade/Grade for student FAILED.
Reason:
com.kms.katalon.core.exception.StepFailedException: Verify element text of test object 'Object Repository/Teacher and Grade/Page_im s Xem/td_100,00' FAILED.
	at com.kms.katalon.core.webui.keyword.internal.WebUIKeywordMain.stepFailed(WebUIKeywordMain.groovy:64)
	at com.kms.katalon.core.webui.keyword.internal.WebUIKeywordMain.runKeyword(WebUIKeywordMain.groovy:26)
	at com.kms.katalon.core.webui.keyword.builtin.VerifyElementTextKeyword.verifyElementText(VerifyElementTextKeyword.groovy:72)
	at com.kms.katalon.core.webui.keyword.builtin.VerifyElementTextKeyword.execute(VerifyElementTextKeyword.groovy:40)
	at com.kms.katalon.core.keyword.internal.KeywordExecutor.executeKeywordForPlatform(KeywordExecutor.groovy:74)
	at com.kms.katalon.core.webui.keyword.WebUiBuiltInKeywords.verifyElementText(WebUiBuiltInKeywords.groovy:4749)
	at com.kms.katalon.core.webui.keyword.WebUiBuiltInKeywords$verifyElementText$5.call(Unknown Source)
	at Grade for student.run(Grade for student:65)
	at com.kms.katalon.core.main.ScriptEngine.run(ScriptEngine.java:194)
	at com.kms.katalon.core.main.ScriptEngine.runScriptAsRawText(ScriptEngine.java:119)
	at com.kms.katalon.core.main.TestCaseExecutor.runScript(TestCaseExecutor.java:442)
	at com.kms.katalon.core.main.TestCaseExecutor.doExecute(TestCaseExecutor.java:433)
	at com.kms.katalon.core.main.TestCaseExecutor.processExecutionPhase(TestCaseExecutor.java:412)
	at com.kms.katalon.core.main.TestCaseExecutor.accessMainPhase(TestCaseExecutor.java:404)
	at com.kms.katalon.core.main.TestCaseExecutor.execute(TestCaseExecutor.java:281)
	at com.kms.katalon.core.main.TestSuiteExecutor.accessTestCaseMainPhase(TestSuiteExecutor.java:202)
	at com.kms.katalon.core.main.TestSuiteExecutor.accessTestSuiteMainPhase(TestSuiteExecutor.java:164)
	at com.kms.katalon.core.main.TestSuiteExecutor.execute(TestSuiteExecutor.java:105)
	at com.kms.katalon.core.main.TestCaseMain.startTestSuite(TestCaseMain.java:181)
	at com.kms.katalon.core.main.TestCaseMain$startTestSuite$0.call(Unknown Source)
	at TempTestSuite1642298356151.run(TempTestSuite1642298356151.groovy:36)
Caused by: com.kms.katalon.core.exception.StepFailedException: Actual text '1,00' and expected text '100,00' of test object 'Object Repository/Teacher and Grade/Page_im s Xem/td_100,00' are NOT matched.
	at com.kms.katalon.core.webui.keyword.internal.WebUIKeywordMain.stepFailed(WebUIKeywordMain.groovy:64)
	at com.kms.katalon.core.webui.keyword.builtin.VerifyElementTextKeyword$_verifyElementText_closure1.doCall(VerifyElementTextKeyword.groovy:57)
	at com.kms.katalon.core.webui.keyword.builtin.VerifyElementTextKeyword$_verifyElementText_closure1.call(VerifyElementTextKeyword.groovy)
	at com.kms.katalon.core.webui.keyword.internal.WebUIKeywordMain.runKeyword(WebUIKeywordMain.groovy:20)
	... 19 more]]></system-out>
      <system-err><![CDATA[2022-01-16 08:59:31 - [TEST_SUITE][FAILED] - Run All Test Cases: Test Cases/Teacher and Grade/Grade for student FAILED.
Reason:
com.kms.katalon.core.exception.StepFailedException: Verify element text of test object 'Object Repository/Teacher and Grade/Page_im s Xem/td_100,00' FAILED.
	at com.kms.katalon.core.webui.keyword.internal.WebUIKeywordMain.stepFailed(WebUIKeywordMain.groovy:64)
	at com.kms.katalon.core.webui.keyword.internal.WebUIKeywordMain.runKeyword(WebUIKeywordMain.groovy:26)
	at com.kms.katalon.core.webui.keyword.builtin.VerifyElementTextKeyword.verifyElementText(VerifyElementTextKeyword.groovy:72)
	at com.kms.katalon.core.webui.keyword.builtin.VerifyElementTextKeyword.execute(VerifyElementTextKeyword.groovy:40)
	at com.kms.katalon.core.keyword.internal.KeywordExecutor.executeKeywordForPlatform(KeywordExecutor.groovy:74)
	at com.kms.katalon.core.webui.keyword.WebUiBuiltInKeywords.verifyElementText(WebUiBuiltInKeywords.groovy:4749)
	at com.kms.katalon.core.webui.keyword.WebUiBuiltInKeywords$verifyElementText$5.call(Unknown Source)
	at Grade for student.run(Grade for student:65)
	at com.kms.katalon.core.main.ScriptEngine.run(ScriptEngine.java:194)
	at com.kms.katalon.core.main.ScriptEngine.runScriptAsRawText(ScriptEngine.java:119)
	at com.kms.katalon.core.main.TestCaseExecutor.runScript(TestCaseExecutor.java:442)
	at com.kms.katalon.core.main.TestCaseExecutor.doExecute(TestCaseExecutor.java:433)
	at com.kms.katalon.core.main.TestCaseExecutor.processExecutionPhase(TestCaseExecutor.java:412)
	at com.kms.katalon.core.main.TestCaseExecutor.accessMainPhase(TestCaseExecutor.java:404)
	at com.kms.katalon.core.main.TestCaseExecutor.execute(TestCaseExecutor.java:281)
	at com.kms.katalon.core.main.TestSuiteExecutor.accessTestCaseMainPhase(TestSuiteExecutor.java:202)
	at com.kms.katalon.core.main.TestSuiteExecutor.accessTestSuiteMainPhase(TestSuiteExecutor.java:164)
	at com.kms.katalon.core.main.TestSuiteExecutor.execute(TestSuiteExecutor.java:105)
	at com.kms.katalon.core.main.TestCaseMain.startTestSuite(TestCaseMain.java:181)
	at com.kms.katalon.core.main.TestCaseMain$startTestSuite$0.call(Unknown Source)
	at TempTestSuite1642298356151.run(TempTestSuite1642298356151.groovy:36)
Caused by: com.kms.katalon.core.exception.StepFailedException: Actual text '1,00' and expected text '100,00' of test object 'Object Repository/Teacher and Grade/Page_im s Xem/td_100,00' are NOT matched.
	at com.kms.katalon.core.webui.keyword.internal.WebUIKeywordMain.stepFailed(WebUIKeywordMain.groovy:64)
	at com.kms.katalon.core.webui.keyword.builtin.VerifyElementTextKeyword$_verifyElementText_closure1.doCall(VerifyElementTextKeyword.groovy:57)
	at com.kms.katalon.core.webui.keyword.builtin.VerifyElementTextKeyword$_verifyElementText_closure1.call(VerifyElementTextKeyword.groovy)
	at com.kms.katalon.core.webui.keyword.internal.WebUIKeywordMain.runKeyword(WebUIKeywordMain.groovy:20)
	... 19 more]]></system-err>
   </testsuite>
</testsuites>
